{"(1, 0)": {"explain_plan": {"Plan": {"Node Type": "Sort", "Startup Cost": 2481984.46, "Total Cost": 2481989.46, "Plan Rows": 2000, "Plan Width": 51, "Sort Key": ["supplier.s_name"], "Plans": [{"Node Type": "Nested Loop", "Parent Relationship": "Outer", "Join Type": "Semi", "Startup Cost": 2182390.78, "Total Cost": 2481874.8, "Plan Rows": 2000, "Plan Width": 51, "Inner Unique": false, "Join Filter": "(supplier.s_suppkey = lineitem.l_suppkey)", "Plans": [{"Node Type": "Nested Loop", "Parent Relationship": "Outer", "Join Type": "Inner", "Startup Cost": 0.0, "Total Cost": 4534.31, "Plan Rows": 4000, "Plan Width": 59, "Inner Unique": false, "Join Filter": "(supplier.s_nationkey = nation.n_nationkey)", "Plans": [{"Node Type": "Seq Scan", "Parent Relationship": "Outer", "Relation Name": "nation", "Alias": "nation", "Startup Cost": 0.0, "Total Cost": 1.31, "Plan Rows": 1, "Plan Width": 4, "Filter": "(n_name = 'ALGERIA'::bpchar)"}, {"Node Type": "Seq Scan", "Parent Relationship": "Inner", "Relation Name": "supplier", "Alias": "supplier", "Startup Cost": 0.0, "Total Cost": 3283.0, "Plan Rows": 100000, "Plan Width": 63}]}, {"Node Type": "Materialize", "Parent Relationship": "Inner", "Startup Cost": 2182390.78, "Total Cost": 2477220.5, "Plan Rows": 2, "Plan Width": 16, "Plans": [{"Node Type": "Hash Join", "Parent Relationship": "Outer", "Join Type": "Inner", "Startup Cost": 2182390.78, "Total Cost": 2477220.49, "Plan Rows": 2, "Plan Width": 16, "Inner Unique": false, "Hash Cond": "((lineitem.l_partkey = partsupp.ps_partkey) AND (lineitem.l_suppkey = partsupp.ps_suppkey))", "Join Filter": "((partsupp.ps_availqty)::double precision > (.5::double precision * (sum(lineitem.l_quantity))))", "Plans": [{"Node Type": "Aggregate", "Strategy": "Hashed", "Parent Relationship": "Outer", "Startup Cost": 1956349.97, "Total Cost": 2069745.97, "Plan Rows": 9071680, "Plan Width": 24, "Group By Key": ["lineitem.l_partkey", "lineitem.l_suppkey"], "Plans": [{"Node Type": "Bitmap Heap Scan", "Parent Relationship": "Outer", "Relation Name": "lineitem", "Alias": "lineitem", "Startup Cost": 314312.97, "Total Cost": 1865633.17, "Plan Rows": 9071680, "Plan Width": 24, "Recheck Cond": "((l_shipdate >= '1993-01-01 00:00:00'::timestamp(0) without time zone) AND (l_shipdate < '1994-01-01 00:00:00'::timestamp without time zone)), (LLVM Optimized)", "Plans": [{"Node Type": "Bitmap Index Scan", "Parent Relationship": "Outer", "Index Name": "idx_lineitem_shipdate", "Startup Cost": 0.0, "Total Cost": 312045.05, "Plan Rows": 9071680, "Plan Width": 0, "Index Cond": "((l_shipdate >= '1993-01-01 00:00:00'::timestamp(0) without time zone) AND (l_shipdate < '1994-01-01 00:00:00'::timestamp without time zone))"}]}]}, {"Node Type": "Hash", "Parent Relationship": "Inner", "Startup Cost": 225072.53, "Total Cost": 225072.53, "Plan Rows": 64552, "Plan Width": 32, "Plans": [{"Node Type": "Nested Loop", "Parent Relationship": "Outer", "Join Type": "Inner", "Startup Cost": 0.0, "Total Cost": 225072.53, "Plan Rows": 64552, "Plan Width": 32, "Inner Unique": false, "Plans": [{"Node Type": "Seq Scan", "Parent Relationship": "Outer", "Relation Name": "part", "Alias": "part", "Startup Cost": 0.0, "Total Cost": 66944.0, "Plan Rows": 22472, "Plan Width": 8, "Filter": "((p_name)::text ~~ 'green%'::text)"}, {"Node Type": "Index Scan", "Parent Relationship": "Inner", "Scan Direction": "Forward", "Index Name": "idx_partsupp_partkey", "Relation Name": "partsupp", "Alias": "partsupp", "Startup Cost": 0.0, "Total Cost": 7.01, "Plan Rows": 3, "Plan Width": 24, "Index Cond": "(ps_partkey = part.p_partkey)"}]}]}]}]}]}]}, "Unique SQL Id": 202076520, "Planner Runtime": 2}, "explain_analyze_plan": {"Plan": {"Node Type": "Sort", "Startup Cost": 2481984.46, "Total Cost": 2481989.46, "Plan Rows": 2000, "Plan Width": 51, "Actual Startup Time": 75123.89, "Actual Total Time": 75124.045, "Actual Rows": 1746, "Actual Loops": 1, "Sort Key": ["supplier.s_name"], "Sort Method": "quicksort", "Sort Space Used": 309, "Sort Space Type": "Memory", "Plans": [{"Node Type": "Nested Loop", "Parent Relationship": "Outer", "Join Type": "Semi", "Startup Cost": 2182390.78, "Total Cost": 2481874.8, "Plan Rows": 2000, "Plan Width": 51, "Actual Startup Time": 25195.112, "Actual Total Time": 75116.583, "Actual Rows": 1746, "Actual Loops": 1, "Inner Unique": false, "Join Filter": "(supplier.s_suppkey = lineitem.l_suppkey)", "Rows Removed by Join Filter": 174379316, "Plans": [{"Node Type": "Nested Loop", "Parent Relationship": "Outer", "Join Type": "Inner", "Startup Cost": 0.0, "Total Cost": 4534.31, "Plan Rows": 4000, "Plan Width": 59, "Actual Startup Time": 0.052, "Actual Total Time": 73.979, "Actual Rows": 3934, "Actual Loops": 1, "Inner Unique": false, "Join Filter": "(supplier.s_nationkey = nation.n_nationkey)", "Rows Removed by Join Filter": 96066, "Plans": [{"Node Type": "Seq Scan", "Parent Relationship": "Outer", "Relation Name": "nation", "Alias": "nation", "Startup Cost": 0.0, "Total Cost": 1.31, "Plan Rows": 1, "Plan Width": 4, "Actual Startup Time": 0.023, "Actual Total Time": 0.044, "Actual Rows": 1, "Actual Loops": 1, "Filter": "(n_name = 'ALGERIA'::bpchar)", "Rows Removed by Filter": 24}, {"Node Type": "Seq Scan", "Parent Relationship": "Inner", "Relation Name": "supplier", "Alias": "supplier", "Startup Cost": 0.0, "Total Cost": 3283.0, "Plan Rows": 100000, "Plan Width": 63, "Actual Startup Time": 0.011, "Actual Total Time": 42.731, "Actual Rows": 100000, "Actual Loops": 1}]}, {"Node Type": "Materialize", "Parent Relationship": "Inner", "Startup Cost": 2182390.78, "Total Cost": 2477220.5, "Plan Rows": 2, "Plan Width": 16, "Actual Startup Time": 20077.602, "Actual Total Time": 42100.808, "Actual Rows": 174381062, "Actual Loops": 3934, "Plans": [{"Node Type": "Hash Join", "Parent Relationship": "Outer", "Join Type": "Inner", "Startup Cost": 2182390.78, "Total Cost": 2477220.49, "Plan Rows": 2, "Plan Width": 16, "Actual Startup Time": 20076.906, "Actual Total Time": 25151.572, "Actual Rows": 58537, "Actual Loops": 1, "Inner Unique": false, "Hash Cond": "((lineitem.l_partkey = partsupp.ps_partkey) AND (lineitem.l_suppkey = partsupp.ps_suppkey))", "Join Filter": "((partsupp.ps_availqty)::double precision > (.5::double precision * (sum(lineitem.l_quantity))))", "Rows Removed by Join Filter": 136, "Plans": [{"Node Type": "Aggregate", "Strategy": "Hashed", "Parent Relationship": "Outer", "Startup Cost": 1956349.97, "Total Cost": 2069745.97, "Plan Rows": 9071680, "Plan Width": 24, "Actual Startup Time": 19035.615, "Actual Total Time": 22553.66, "Actual Rows": 5442751, "Actual Loops": 1, "Group By Key": ["lineitem.l_partkey", "lineitem.l_suppkey"], "Plans": [{"Node Type": "Bitmap Heap Scan", "Parent Relationship": "Outer", "Relation Name": "lineitem", "Alias": "lineitem", "Startup Cost": 314312.97, "Total Cost": 1865633.17, "Plan Rows": 9071680, "Plan Width": 24, "Actual Startup Time": 3738.7, "Actual Total Time": 11257.502, "Actual Rows": 9109641, "Actual Loops": 1, "Recheck Cond": "((l_shipdate >= '1993-01-01 00:00:00'::timestamp(0) without time zone) AND (l_shipdate < '1994-01-01 00:00:00'::timestamp without time zone)), (LLVM Optimized, Jit Execute)", "Rows Removed by Index Recheck": 0, "Exact Heap Blocks": 1252335, "Lossy Heap Blocks": 1252335, "Plans": [{"Node Type": "Bitmap Index Scan", "Parent Relationship": "Outer", "Index Name": "idx_lineitem_shipdate", "Startup Cost": 0.0, "Total Cost": 312045.05, "Plan Rows": 9071680, "Plan Width": 0, "Actual Startup Time": 3101.856, "Actual Total Time": 3101.856, "Actual Rows": 9109641, "Actual Loops": 1, "Index Cond": "((l_shipdate >= '1993-01-01 00:00:00'::timestamp(0) without time zone) AND (l_shipdate < '1994-01-01 00:00:00'::timestamp without time zone))"}]}]}, {"Node Type": "Hash", "Parent Relationship": "Inner", "Startup Cost": 225072.53, "Total Cost": 225072.53, "Plan Rows": 64552, "Plan Width": 32, "Actual Startup Time": 1040.741, "Actual Total Time": 1040.741, "Actual Rows": 86224, "Actual Loops": 1, "Hash Buckets": 65536, "Hash Batches": 1, "Original Hash Batches": 1, "Peak Memory Usage": 5389, "Plans": [{"Node Type": "Nested Loop", "Parent Relationship": "Outer", "Join Type": "Inner", "Startup Cost": 0.0, "Total Cost": 225072.53, "Plan Rows": 64552, "Plan Width": 32, "Actual Startup Time": 0.04, "Actual Total Time": 1003.816, "Actual Rows": 86224, "Actual Loops": 1, "Inner Unique": false, "Plans": [{"Node Type": "Seq Scan", "Parent Relationship": "Outer", "Relation Name": "part", "Alias": "part", "Startup Cost": 0.0, "Total Cost": 66944.0, "Plan Rows": 22472, "Plan Width": 8, "Actual Startup Time": 0.022, "Actual Total Time": 785.525, "Actual Rows": 21556, "Actual Loops": 1, "Filter": "((p_name)::text ~~ 'green%'::text)", "Rows Removed by Filter": 1978444}, {"Node Type": "Index Scan", "Parent Relationship": "Inner", "Scan Direction": "Forward", "Index Name": "idx_partsupp_partkey", "Relation Name": "partsupp", "Alias": "partsupp", "Startup Cost": 0.0, "Total Cost": 7.01, "Plan Rows": 3, "Plan Width": 24, "Actual Startup Time": 140.49, "Actual Total Time": 185.216, "Actual Rows": 86224, "Actual Loops": 21556, "Index Cond": "(ps_partkey = part.p_partkey)", "Rows Removed by Index Recheck": 0}]}]}]}]}]}]}, "Triggers": [], "Planner Runtime": 1, "Total Runtime": 75137.288, "Unique SQL Id": 202076520}}, "(1, 1)": {"explain_plan": {"Plan": {"Node Type": "Sort", "Startup Cost": 2522906.63, "Total Cost": 2522911.63, "Plan Rows": 2000, "Plan Width": 51, "Sort Key": ["supplier.s_name"], "Plans": [{"Node Type": "Nested Loop", "Parent Relationship": "Outer", "Join Type": "Semi", "Startup Cost": 2221250.03, "Total Cost": 2522796.97, "Plan Rows": 2000, "Plan Width": 51, "Inner Unique": false, "Join Filter": "(supplier.s_suppkey = lineitem.l_suppkey)", "Plans": [{"Node Type": "Nested Loop", "Parent Relationship": "Outer", "Join Type": "Inner", "Startup Cost": 0.0, "Total Cost": 6597.23, "Plan Rows": 4000, "Plan Width": 59, "Inner Unique": false, "Join Filter": "(supplier.s_nationkey = nation.n_nationkey)", "Plans": [{"Node Type": "Index Scan", "Parent Relationship": "Outer", "Scan Direction": "Forward", "Index Name": "nation_pkey", "Relation Name": "nation", "Alias": "nation", "Startup Cost": 0.0, "Total Cost": 12.69, "Plan Rows": 1, "Plan Width": 4, "Filter": "(n_name = 'ALGERIA'::bpchar)"}, {"Node Type": "Index Scan", "Parent Relationship": "Inner", "Scan Direction": "Forward", "Index Name": "supplier_pkey", "Relation Name": "supplier", "Alias": "supplier", "Startup Cost": 0.0, "Total Cost": 5334.54, "Plan Rows": 100000, "Plan Width": 63}]}, {"Node Type": "Materialize", "Parent Relationship": "Inner", "Startup Cost": 2221250.03, "Total Cost": 2516079.75, "Plan Rows": 2, "Plan Width": 16, "Plans": [{"Node Type": "Hash Join", "Parent Relationship": "Outer", "Join Type": "Inner", "Startup Cost": 2221250.03, "Total Cost": 2516079.74, "Plan Rows": 2, "Plan Width": 16, "Inner Unique": false, "Hash Cond": "((lineitem.l_partkey = partsupp.ps_partkey) AND (lineitem.l_suppkey = partsupp.ps_suppkey))", "Join Filter": "((partsupp.ps_availqty)::double precision > (.5::double precision * (sum(lineitem.l_quantity))))", "Plans": [{"Node Type": "Aggregate", "Strategy": "Hashed", "Parent Relationship": "Outer", "Startup Cost": 1956349.97, "Total Cost": 2069745.97, "Plan Rows": 9071680, "Plan Width": 24, "Group By Key": ["lineitem.l_partkey", "lineitem.l_suppkey"], "Plans": [{"Node Type": "Bitmap Heap Scan", "Parent Relationship": "Outer", "Relation Name": "lineitem", "Alias": "lineitem", "Startup Cost": 314312.97, "Total Cost": 1865633.17, "Plan Rows": 9071680, "Plan Width": 24, "Recheck Cond": "((l_shipdate >= '1993-01-01 00:00:00'::timestamp(0) without time zone) AND (l_shipdate < '1994-01-01 00:00:00'::timestamp without time zone)), (LLVM Optimized)", "Plans": [{"Node Type": "Bitmap Index Scan", "Parent Relationship": "Outer", "Index Name": "idx_lineitem_shipdate", "Startup Cost": 0.0, "Total Cost": 312045.05, "Plan Rows": 9071680, "Plan Width": 0, "Index Cond": "((l_shipdate >= '1993-01-01 00:00:00'::timestamp(0) without time zone) AND (l_shipdate < '1994-01-01 00:00:00'::timestamp without time zone))"}]}]}, {"Node Type": "Hash", "Parent Relationship": "Inner", "Startup Cost": 263931.78, "Total Cost": 263931.78, "Plan Rows": 64552, "Plan Width": 32, "Plans": [{"Node Type": "Nested Loop", "Parent Relationship": "Outer", "Join Type": "Inner", "Startup Cost": 0.0, "Total Cost": 263931.78, "Plan Rows": 64552, "Plan Width": 32, "Inner Unique": false, "Plans": [{"Node Type": "Index Scan", "Parent Relationship": "Outer", "Scan Direction": "Forward", "Index Name": "part_kpey", "Relation Name": "part", "Alias": "part", "Startup Cost": 0.0, "Total Cost": 105803.25, "Plan Rows": 22472, "Plan Width": 8, "Filter": "((p_name)::text ~~ 'green%'::text)"}, {"Node Type": "Index Scan", "Parent Relationship": "Inner", "Scan Direction": "Forward", "Index Name": "idx_partsupp_partkey", "Relation Name": "partsupp", "Alias": "partsupp", "Startup Cost": 0.0, "Total Cost": 7.01, "Plan Rows": 3, "Plan Width": 24, "Index Cond": "(ps_partkey = part.p_partkey)"}]}]}]}]}]}]}, "Unique SQL Id": 202076520, "Planner Runtime": 2}, "explain_analyze_plan": {"Plan": {"Node Type": "Sort", "Startup Cost": 2522906.63, "Total Cost": 2522911.63, "Plan Rows": 2000, "Plan Width": 51, "Actual Startup Time": 74266.132, "Actual Total Time": 74266.286, "Actual Rows": 1746, "Actual Loops": 1, "Sort Key": ["supplier.s_name"], "Sort Method": "quicksort", "Sort Space Used": 309, "Sort Space Type": "Memory", "Plans": [{"Node Type": "Nested Loop", "Parent Relationship": "Outer", "Join Type": "Semi", "Startup Cost": 2221250.03, "Total Cost": 2522796.97, "Plan Rows": 2000, "Plan Width": 51, "Actual Startup Time": 23778.191, "Actual Total Time": 74261.786, "Actual Rows": 1746, "Actual Loops": 1, "Inner Unique": false, "Join Filter": "(supplier.s_suppkey = lineitem.l_suppkey)", "Rows Removed by Join Filter": 174379316, "Plans": [{"Node Type": "Nested Loop", "Parent Relationship": "Outer", "Join Type": "Inner", "Startup Cost": 0.0, "Total Cost": 6597.23, "Plan Rows": 4000, "Plan Width": 59, "Actual Startup Time": 0.065, "Actual Total Time": 103.27, "Actual Rows": 3934, "Actual Loops": 1, "Inner Unique": false, "Join Filter": "(supplier.s_nationkey = nation.n_nationkey)", "Rows Removed by Join Filter": 96066, "Plans": [{"Node Type": "Index Scan", "Parent Relationship": "Outer", "Scan Direction": "Forward", "Index Name": "nation_pkey", "Relation Name": "nation", "Alias": "nation", "Startup Cost": 0.0, "Total Cost": 12.69, "Plan Rows": 1, "Plan Width": 4, "Actual Startup Time": 0.02, "Actual Total Time": 0.066, "Actual Rows": 1, "Actual Loops": 1, "Filter": "(n_name = 'ALGERIA'::bpchar)", "Rows Removed by Filter": 24}, {"Node Type": "Index Scan", "Parent Relationship": "Inner", "Scan Direction": "Forward", "Index Name": "supplier_pkey", "Relation Name": "supplier", "Alias": "supplier", "Startup Cost": 0.0, "Total Cost": 5334.54, "Plan Rows": 100000, "Plan Width": 63, "Actual Startup Time": 0.024, "Actual Total Time": 75.509, "Actual Rows": 100000, "Actual Loops": 1}]}, {"Node Type": "Materialize", "Parent Relationship": "Inner", "Startup Cost": 2221250.03, "Total Cost": 2516079.75, "Plan Rows": 2, "Plan Width": 16, "Actual Startup Time": 19165.879, "Actual Total Time": 41049.22, "Actual Rows": 174381062, "Actual Loops": 3934, "Plans": [{"Node Type": "Hash Join", "Parent Relationship": "Outer", "Join Type": "Inner", "Startup Cost": 2221250.03, "Total Cost": 2516079.74, "Plan Rows": 2, "Plan Width": 16, "Actual Startup Time": 19165.142, "Actual Total Time": 23734.325, "Actual Rows": 58537, "Actual Loops": 1, "Inner Unique": false, "Hash Cond": "((lineitem.l_partkey = partsupp.ps_partkey) AND (lineitem.l_suppkey = partsupp.ps_suppkey))", "Join Filter": "((partsupp.ps_availqty)::double precision > (.5::double precision * (sum(lineitem.l_quantity))))", "Rows Removed by Join Filter": 136, "Plans": [{"Node Type": "Aggregate", "Strategy": "Hashed", "Parent Relationship": "Outer", "Startup Cost": 1956349.97, "Total Cost": 2069745.97, "Plan Rows": 9071680, "Plan Width": 24, "Actual Startup Time": 17616.829, "Actual Total Time": 20630.922, "Actual Rows": 5442751, "Actual Loops": 1, "Group By Key": ["lineitem.l_partkey", "lineitem.l_suppkey"], "Plans": [{"Node Type": "Bitmap Heap Scan", "Parent Relationship": "Outer", "Relation Name": "lineitem", "Alias": "lineitem", "Startup Cost": 314312.97, "Total Cost": 1865633.17, "Plan Rows": 9071680, "Plan Width": 24, "Actual Startup Time": 3575.133, "Actual Total Time": 10409.544, "Actual Rows": 9109641, "Actual Loops": 1, "Recheck Cond": "((l_shipdate >= '1993-01-01 00:00:00'::timestamp(0) without time zone) AND (l_shipdate < '1994-01-01 00:00:00'::timestamp without time zone)), (LLVM Optimized, Jit Execute)", "Rows Removed by Index Recheck": 0, "Exact Heap Blocks": 1252335, "Lossy Heap Blocks": 1252335, "Plans": [{"Node Type": "Bitmap Index Scan", "Parent Relationship": "Outer", "Index Name": "idx_lineitem_shipdate", "Startup Cost": 0.0, "Total Cost": 312045.05, "Plan Rows": 9071680, "Plan Width": 0, "Actual Startup Time": 3017.471, "Actual Total Time": 3017.471, "Actual Rows": 9109641, "Actual Loops": 1, "Index Cond": "((l_shipdate >= '1993-01-01 00:00:00'::timestamp(0) without time zone) AND (l_shipdate < '1994-01-01 00:00:00'::timestamp without time zone))"}]}]}, {"Node Type": "Hash", "Parent Relationship": "Inner", "Startup Cost": 263931.78, "Total Cost": 263931.78, "Plan Rows": 64552, "Plan Width": 32, "Actual Startup Time": 1547.984, "Actual Total Time": 1547.984, "Actual Rows": 86224, "Actual Loops": 1, "Hash Buckets": 65536, "Hash Batches": 1, "Original Hash Batches": 1, "Peak Memory Usage": 5389, "Plans": [{"Node Type": "Nested Loop", "Parent Relationship": "Outer", "Join Type": "Inner", "Startup Cost": 0.0, "Total Cost": 263931.78, "Plan Rows": 64552, "Plan Width": 32, "Actual Startup Time": 0.053, "Actual Total Time": 1511.395, "Actual Rows": 86224, "Actual Loops": 1, "Inner Unique": false, "Plans": [{"Node Type": "Index Scan", "Parent Relationship": "Outer", "Scan Direction": "Forward", "Index Name": "part_kpey", "Relation Name": "part", "Alias": "part", "Startup Cost": 0.0, "Total Cost": 105803.25, "Plan Rows": 22472, "Plan Width": 8, "Actual Startup Time": 0.041, "Actual Total Time": 1308.491, "Actual Rows": 21556, "Actual Loops": 1, "Filter": "((p_name)::text ~~ 'green%'::text)", "Rows Removed by Filter": 1978444}, {"Node Type": "Index Scan", "Parent Relationship": "Inner", "Scan Direction": "Forward", "Index Name": "idx_partsupp_partkey", "Relation Name": "partsupp", "Alias": "partsupp", "Startup Cost": 0.0, "Total Cost": 7.01, "Plan Rows": 3, "Plan Width": 24, "Actual Startup Time": 127.172, "Actual Total Time": 169.8, "Actual Rows": 86224, "Actual Loops": 21556, "Index Cond": "(ps_partkey = part.p_partkey)", "Rows Removed by Index Recheck": 0}]}]}]}]}]}]}, "Triggers": [], "Planner Runtime": 1, "Total Runtime": 74277.716, "Unique SQL Id": 202076520}}, "(1, 2)": {"explain_plan": {"Plan": {"Node Type": "Sort", "Startup Cost": 2614774.64, "Total Cost": 2614779.64, "Plan Rows": 2000, "Plan Width": 51, "Sort Key": ["supplier.s_name"], "Plans": [{"Node Type": "Nested Loop", "Parent Relationship": "Outer", "Join Type": "Semi", "Startup Cost": 2315180.96, "Total Cost": 2614664.98, "Plan Rows": 2000, "Plan Width": 51, "Inner Unique": false, "Join Filter": "(supplier.s_suppkey = lineitem.l_suppkey)", "Plans": [{"Node Type": "Nested Loop", "Parent Relationship": "Outer", "Join Type": "Inner", "Startup Cost": 0.0, "Total Cost": 4534.31, "Plan Rows": 4000, "Plan Width": 59, "Inner Unique": false, "Join Filter": "(supplier.s_nationkey = nation.n_nationkey)", "Plans": [{"Node Type": "Seq Scan", "Parent Relationship": "Outer", "Relation Name": "nation", "Alias": "nation", "Startup Cost": 0.0, "Total Cost": 1.31, "Plan Rows": 1, "Plan Width": 4, "Filter": "(n_name = 'ALGERIA'::bpchar)"}, {"Node Type": "Seq Scan", "Parent Relationship": "Inner", "Relation Name": "supplier", "Alias": "supplier", "Startup Cost": 0.0, "Total Cost": 3283.0, "Plan Rows": 100000, "Plan Width": 63}]}, {"Node Type": "Materialize", "Parent Relationship": "Inner", "Startup Cost": 2315180.96, "Total Cost": 2610010.68, "Plan Rows": 2, "Plan Width": 16, "Plans": [{"Node Type": "Hash Join", "Parent Relationship": "Outer", "Join Type": "Inner", "Startup Cost": 2315180.96, "Total Cost": 2610010.67, "Plan Rows": 2, "Plan Width": 16, "Inner Unique": false, "Hash Cond": "((lineitem.l_partkey = partsupp.ps_partkey) AND (lineitem.l_suppkey = partsupp.ps_suppkey))", "Join Filter": "((partsupp.ps_availqty)::double precision > (.5::double precision * (sum(lineitem.l_quantity))))", "Plans": [{"Node Type": "Aggregate", "Strategy": "Hashed", "Parent Relationship": "Outer", "Startup Cost": 1956349.97, "Total Cost": 2069745.97, "Plan Rows": 9071680, "Plan Width": 24, "Group By Key": ["lineitem.l_partkey", "lineitem.l_suppkey"], "Plans": [{"Node Type": "Bitmap Heap Scan", "Parent Relationship": "Outer", "Relation Name": "lineitem", "Alias": "lineitem", "Startup Cost": 314312.97, "Total Cost": 1865633.17, "Plan Rows": 9071680, "Plan Width": 24, "Recheck Cond": "((l_shipdate >= '1993-01-01 00:00:00'::timestamp(0) without time zone) AND (l_shipdate < '1994-01-01 00:00:00'::timestamp without time zone)), (LLVM Optimized)", "Plans": [{"Node Type": "Bitmap Index Scan", "Parent Relationship": "Outer", "Index Name": "idx_lineitem_shipdate", "Startup Cost": 0.0, "Total Cost": 312045.05, "Plan Rows": 9071680, "Plan Width": 0, "Index Cond": "((l_shipdate >= '1993-01-01 00:00:00'::timestamp(0) without time zone) AND (l_shipdate < '1994-01-01 00:00:00'::timestamp without time zone))"}]}]}, {"Node Type": "Hash", "Parent Relationship": "Inner", "Startup Cost": 357862.71, "Total Cost": 357862.71, "Plan Rows": 64552, "Plan Width": 32, "Plans": [{"Node Type": "Hash Join", "Parent Relationship": "Outer", "Join Type": "Inner", "Startup Cost": 67224.9, "Total Cost": 357862.71, "Plan Rows": 64552, "Plan Width": 32, "Inner Unique": true, "Hash Cond": "(partsupp.ps_partkey = part.p_partkey)", "Plans": [{"Node Type": "Seq Scan", "Parent Relationship": "Outer", "Relation Name": "partsupp", "Alias": "partsupp", "Startup Cost": 0.0, "Total Cost": 269987.72, "Plan Rows": 8000372, "Plan Width": 24}, {"Node Type": "Hash", "Parent Relationship": "Inner", "Startup Cost": 66944.0, "Total Cost": 66944.0, "Plan Rows": 22472, "Plan Width": 8, "Plans": [{"Node Type": "Seq Scan", "Parent Relationship": "Outer", "Relation Name": "part", "Alias": "part", "Startup Cost": 0.0, "Total Cost": 66944.0, "Plan Rows": 22472, "Plan Width": 8, "Filter": "((p_name)::text ~~ 'green%'::text)"}]}]}]}]}]}]}]}, "Unique SQL Id": 202076520, "Planner Runtime": 2}, "explain_analyze_plan": {"Plan": {"Node Type": "Sort", "Startup Cost": 2614774.64, "Total Cost": 2614779.64, "Plan Rows": 2000, "Plan Width": 51, "Actual Startup Time": 78832.214, "Actual Total Time": 78832.348, "Actual Rows": 1746, "Actual Loops": 1, "Sort Key": ["supplier.s_name"], "Sort Method": "quicksort", "Sort Space Used": 309, "Sort Space Type": "Memory", "Plans": [{"Node Type": "Nested Loop", "Parent Relationship": "Outer", "Join Type": "Semi", "Startup Cost": 2315180.96, "Total Cost": 2614664.98, "Plan Rows": 2000, "Plan Width": 51, "Actual Startup Time": 28731.759, "Actual Total Time": 78824.362, "Actual Rows": 1746, "Actual Loops": 1, "Inner Unique": false, "Join Filter": "(supplier.s_suppkey = lineitem.l_suppkey)", "Rows Removed by Join Filter": 174379316, "Plans": [{"Node Type": "Nested Loop", "Parent Relationship": "Outer", "Join Type": "Inner", "Startup Cost": 0.0, "Total Cost": 4534.31, "Plan Rows": 4000, "Plan Width": 59, "Actual Startup Time": 0.063, "Actual Total Time": 73.116, "Actual Rows": 3934, "Actual Loops": 1, "Inner Unique": false, "Join Filter": "(supplier.s_nationkey = nation.n_nationkey)", "Rows Removed by Join Filter": 96066, "Plans": [{"Node Type": "Seq Scan", "Parent Relationship": "Outer", "Relation Name": "nation", "Alias": "nation", "Startup Cost": 0.0, "Total Cost": 1.31, "Plan Rows": 1, "Plan Width": 4, "Actual Startup Time": 0.025, "Actual Total Time": 0.048, "Actual Rows": 1, "Actual Loops": 1, "Filter": "(n_name = 'ALGERIA'::bpchar)", "Rows Removed by Filter": 24}, {"Node Type": "Seq Scan", "Parent Relationship": "Inner", "Relation Name": "supplier", "Alias": "supplier", "Startup Cost": 0.0, "Total Cost": 3283.0, "Plan Rows": 100000, "Plan Width": 63, "Actual Startup Time": 0.02, "Actual Total Time": 43.784, "Actual Rows": 100000, "Actual Loops": 1}]}, {"Node Type": "Materialize", "Parent Relationship": "Inner", "Startup Cost": 2315180.96, "Total Cost": 2610010.68, "Plan Rows": 2, "Plan Width": 16, "Actual Startup Time": 23287.421, "Actual Total Time": 45742.697, "Actual Rows": 174381062, "Actual Loops": 3934, "Plans": [{"Node Type": "Hash Join", "Parent Relationship": "Outer", "Join Type": "Inner", "Startup Cost": 2315180.96, "Total Cost": 2610010.67, "Plan Rows": 2, "Plan Width": 16, "Actual Startup Time": 23286.718, "Actual Total Time": 28686.889, "Actual Rows": 58537, "Actual Loops": 1, "Inner Unique": false, "Hash Cond": "((lineitem.l_partkey = partsupp.ps_partkey) AND (lineitem.l_suppkey = partsupp.ps_suppkey))", "Join Filter": "((partsupp.ps_availqty)::double precision > (.5::double precision * (sum(lineitem.l_quantity))))", "Rows Removed by Join Filter": 136, "Plans": [{"Node Type": "Aggregate", "Strategy": "Hashed", "Parent Relationship": "Outer", "Startup Cost": 1956349.97, "Total Cost": 2069745.97, "Plan Rows": 9071680, "Plan Width": 24, "Actual Startup Time": 18442.184, "Actual Total Time": 22243.826, "Actual Rows": 5442751, "Actual Loops": 1, "Group By Key": ["lineitem.l_partkey", "lineitem.l_suppkey"], "Plans": [{"Node Type": "Bitmap Heap Scan", "Parent Relationship": "Outer", "Relation Name": "lineitem", "Alias": "lineitem", "Startup Cost": 314312.97, "Total Cost": 1865633.17, "Plan Rows": 9071680, "Plan Width": 24, "Actual Startup Time": 3591.689, "Actual Total Time": 10863.535, "Actual Rows": 9109641, "Actual Loops": 1, "Recheck Cond": "((l_shipdate >= '1993-01-01 00:00:00'::timestamp(0) without time zone) AND (l_shipdate < '1994-01-01 00:00:00'::timestamp without time zone)), (LLVM Optimized, Jit Execute)", "Rows Removed by Index Recheck": 0, "Exact Heap Blocks": 1252335, "Lossy Heap Blocks": 1252335, "Plans": [{"Node Type": "Bitmap Index Scan", "Parent Relationship": "Outer", "Index Name": "idx_lineitem_shipdate", "Startup Cost": 0.0, "Total Cost": 312045.05, "Plan Rows": 9071680, "Plan Width": 0, "Actual Startup Time": 3048.467, "Actual Total Time": 3048.467, "Actual Rows": 9109641, "Actual Loops": 1, "Index Cond": "((l_shipdate >= '1993-01-01 00:00:00'::timestamp(0) without time zone) AND (l_shipdate < '1994-01-01 00:00:00'::timestamp without time zone))"}]}]}, {"Node Type": "Hash", "Parent Relationship": "Inner", "Startup Cost": 357862.71, "Total Cost": 357862.71, "Plan Rows": 64552, "Plan Width": 32, "Actual Startup Time": 4844.136, "Actual Total Time": 4844.136, "Actual Rows": 86224, "Actual Loops": 1, "Hash Buckets": 65536, "Hash Batches": 1, "Original Hash Batches": 1, "Peak Memory Usage": 5389, "Plans": [{"Node Type": "Hash Join", "Parent Relationship": "Outer", "Join Type": "Inner", "Startup Cost": 67224.9, "Total Cost": 357862.71, "Plan Rows": 64552, "Plan Width": 32, "Actual Startup Time": 769.582, "Actual Total Time": 4799.02, "Actual Rows": 86224, "Actual Loops": 1, "Inner Unique": true, "Hash Cond": "(partsupp.ps_partkey = part.p_partkey)", "Plans": [{"Node Type": "Seq Scan", "Parent Relationship": "Outer", "Relation Name": "partsupp", "Alias": "partsupp", "Startup Cost": 0.0, "Total Cost": 269987.72, "Plan Rows": 8000372, "Plan Width": 24, "Actual Startup Time": 0.01, "Actual Total Time": 2492.802, "Actual Rows": 8000000, "Actual Loops": 1}, {"Node Type": "Hash", "Parent Relationship": "Inner", "Startup Cost": 66944.0, "Total Cost": 66944.0, "Plan Rows": 22472, "Plan Width": 8, "Actual Startup Time": 769.428, "Actual Total Time": 769.428, "Actual Rows": 21556, "Actual Loops": 1, "Hash Buckets": 32768, "Hash Batches": 1, "Original Hash Batches": 1, "Peak Memory Usage": 843, "Plans": [{"Node Type": "Seq Scan", "Parent Relationship": "Outer", "Relation Name": "part", "Alias": "part", "Startup Cost": 0.0, "Total Cost": 66944.0, "Plan Rows": 22472, "Plan Width": 8, "Actual Startup Time": 0.026, "Actual Total Time": 761.329, "Actual Rows": 21556, "Actual Loops": 1, "Filter": "((p_name)::text ~~ 'green%'::text)", "Rows Removed by Filter": 1978444}]}]}]}]}]}]}]}, "Triggers": [], "Planner Runtime": 1, "Total Runtime": 78844.759, "Unique SQL Id": 202076520}}, "(1, 3)": {"explain_plan": {"Plan": {"Node Type": "Sort", "Startup Cost": 41474309.17, "Total Cost": 41474314.17, "Plan Rows": 2000, "Plan Width": 51, "Sort Key": ["supplier.s_name"], "Plans": [{"Node Type": "Nested Loop", "Parent Relationship": "Outer", "Join Type": "Inner", "Startup Cost": 41260049.96, "Total Cost": 41474199.51, "Plan Rows": 2000, "Plan Width": 51, "Inner Unique": true, "Plans": [{"Node Type": "Nested Loop", "Parent Relationship": "Outer", "Join Type": "Inner", "Startup Cost": 41260049.7, "Total Cost": 41260058.01, "Plan Rows": 50000, "Plan Width": 55, "Inner Unique": true, "Plans": [{"Node Type": "Unique", "Parent Relationship": "Outer", "Startup Cost": 41260049.44, "Total Cost": 41260049.45, "Plan Rows": 2, "Plan Width": 16, "Plans": [{"Node Type": "Sort", "Parent Relationship": "Outer", "Startup Cost": 41260049.44, "Total Cost": 41260049.45, "Plan Rows": 2, "Plan Width": 16, "Sort Key": ["partsupp.ps_suppkey"], "Plans": [{"Node Type": "Nested Loop", "Parent Relationship": "Outer", "Join Type": "Semi", "Startup Cost": 1956350.51, "Total Cost": 41260049.43, "Plan Rows": 2, "Plan Width": 16, "Inner Unique": false, "Join Filter": "(partsupp.ps_partkey = part.p_partkey)", "Plans": [{"Node Type": "Nested Loop", "Parent Relationship": "Outer", "Join Type": "Inner", "Startup Cost": 1956350.25, "Total Cost": 41259981.09, "Plan Rows": 15, "Plan Width": 32, "Inner Unique": true, "Plans": [{"Node Type": "Aggregate", "Strategy": "Hashed", "Parent Relationship": "Outer", "Startup Cost": 1956349.97, "Total Cost": 2069745.97, "Plan Rows": 9071680, "Plan Width": 24, "Group By Key": ["lineitem.l_partkey", "lineitem.l_suppkey"], "Plans": [{"Node Type": "Bitmap Heap Scan", "Parent Relationship": "Outer", "Relation Name": "lineitem", "Alias": "lineitem", "Startup Cost": 314312.97, "Total Cost": 1865633.17, "Plan Rows": 9071680, "Plan Width": 24, "Recheck Cond": "((l_shipdate >= '1993-01-01 00:00:00'::timestamp(0) without time zone) AND (l_shipdate < '1994-01-01 00:00:00'::timestamp without time zone)), (LLVM Optimized)", "Plans": [{"Node Type": "Bitmap Index Scan", "Parent Relationship": "Outer", "Index Name": "idx_lineitem_shipdate", "Startup Cost": 0.0, "Total Cost": 312045.05, "Plan Rows": 9071680, "Plan Width": 0, "Index Cond": "((l_shipdate >= '1993-01-01 00:00:00'::timestamp(0) without time zone) AND (l_shipdate < '1994-01-01 00:00:00'::timestamp without time zone))"}]}]}, {"Node Type": "Bitmap Heap Scan", "Parent Relationship": "Inner", "Relation Name": "partsupp", "Alias": "partsupp", "Startup Cost": 0.28, "Total Cost": 4.3, "Plan Rows": 1, "Plan Width": 24, "Recheck Cond": "((ps_partkey = lineitem.l_partkey) AND (ps_suppkey = lineitem.l_suppkey))", "Filter": "((ps_availqty)::double precision > (.5::double precision * (sum(lineitem.l_quantity))))", "Plans": [{"Node Type": "Bitmap Index Scan", "Parent Relationship": "Outer", "Index Name": "partsupp_pkey", "Startup Cost": 0.0, "Total Cost": 0.28, "Plan Rows": 1, "Plan Width": 0, "Index Cond": "((ps_partkey = lineitem.l_partkey) AND (ps_suppkey = lineitem.l_suppkey))"}]}]}, {"Node Type": "Bitmap Heap Scan", "Parent Relationship": "Inner", "Relation Name": "part", "Alias": "part", "Startup Cost": 0.26, "Total Cost": 4.28, "Plan Rows": 1, "Plan Width": 8, "Recheck Cond": "(p_partkey = lineitem.l_partkey)", "Filter": "((p_name)::text ~~ 'green%'::text)", "Plans": [{"Node Type": "Bitmap Index Scan", "Parent Relationship": "Outer", "Index Name": "part_kpey", "Startup Cost": 0.0, "Total Cost": 0.26, "Plan Rows": 1, "Plan Width": 0, "Index Cond": "(p_partkey = lineitem.l_partkey)"}]}]}]}]}, {"Node Type": "Bitmap Heap Scan", "Parent Relationship": "Inner", "Relation Name": "supplier", "Alias": "supplier", "Startup Cost": 0.26, "Total Cost": 4.27, "Plan Rows": 1, "Plan Width": 63, "Recheck Cond": "(s_suppkey = lineitem.l_suppkey)", "Plans": [{"Node Type": "Bitmap Index Scan", "Parent Relationship": "Outer", "Index Name": "supplier_pkey", "Startup Cost": 0.0, "Total Cost": 0.26, "Plan Rows": 1, "Plan Width": 0, "Index Cond": "(s_suppkey = lineitem.l_suppkey)"}]}]}, {"Node Type": "Bitmap Heap Scan", "Parent Relationship": "Inner", "Relation Name": "nation", "Alias": "nation", "Startup Cost": 0.26, "Total Cost": 4.27, "Plan Rows": 1, "Plan Width": 4, "Recheck Cond": "(n_nationkey = supplier.s_nationkey)", "Filter": "(n_name = 'ALGERIA'::bpchar)", "Plans": [{"Node Type": "Bitmap Index Scan", "Parent Relationship": "Outer", "Index Name": "nation_pkey", "Startup Cost": 0.0, "Total Cost": 0.26, "Plan Rows": 1, "Plan Width": 0, "Index Cond": "(n_nationkey = supplier.s_nationkey)"}]}]}]}, "Unique SQL Id": 202076520, "Planner Runtime": 2}, "explain_analyze_plan": {"Plan": {"Node Type": "Sort", "Startup Cost": 41474309.17, "Total Cost": 41474314.17, "Plan Rows": 2000, "Plan Width": 51, "Actual Startup Time": 123034.011, "Actual Total Time": 123034.172, "Actual Rows": 1746, "Actual Loops": 1, "Sort Key": ["supplier.s_name"], "Sort Method": "quicksort", "Sort Space Used": 309, "Sort Space Type": "Memory", "Plans": [{"Node Type": "Nested Loop", "Parent Relationship": "Outer", "Join Type": "Inner", "Startup Cost": 41260049.96, "Total Cost": 41474199.51, "Plan Rows": 2000, "Plan Width": 51, "Actual Startup Time": 122623.884, "Actual Total Time": 123032.253, "Actual Rows": 1746, "Actual Loops": 1, "Inner Unique": true, "Plans": [{"Node Type": "Nested Loop", "Parent Relationship": "Outer", "Join Type": "Inner", "Startup Cost": 41260049.7, "Total Cost": 41260058.01, "Plan Rows": 50000, "Plan Width": 55, "Actual Startup Time": 122623.574, "Actual Total Time": 122860.159, "Actual Rows": 44487, "Actual Loops": 1, "Inner Unique": true, "Plans": [{"Node Type": "Unique", "Parent Relationship": "Outer", "Startup Cost": 41260049.44, "Total Cost": 41260049.45, "Plan Rows": 2, "Plan Width": 16, "Actual Startup Time": 122623.524, "Actual Total Time": 122652.62, "Actual Rows": 44487, "Actual Loops": 1, "Plans": [{"Node Type": "Sort", "Parent Relationship": "Outer", "Startup Cost": 41260049.44, "Total Cost": 41260049.45, "Plan Rows": 2, "Plan Width": 16, "Actual Startup Time": 122623.52, "Actual Total Time": 122634.619, "Actual Rows": 58537, "Actual Loops": 1, "Sort Key": ["partsupp.ps_suppkey"], "Sort Method": "quicksort", "Sort Space Used": 7024, "Sort Space Type": "Memory", "Plans": [{"Node Type": "Nested Loop", "Parent Relationship": "Outer", "Join Type": "Semi", "Startup Cost": 1956350.51, "Total Cost": 41260049.43, "Plan Rows": 2, "Plan Width": 16, "Actual Startup Time": 18960.753, "Actual Total Time": 122538.632, "Actual Rows": 58537, "Actual Loops": 1, "Inner Unique": false, "Join Filter": "(partsupp.ps_partkey = part.p_partkey)", "Rows Removed by Join Filter": 0, "Plans": [{"Node Type": "Nested Loop", "Parent Relationship": "Outer", "Join Type": "Inner", "Startup Cost": 1956350.25, "Total Cost": 41259981.09, "Plan Rows": 15, "Plan Width": 32, "Actual Startup Time": 18960.35, "Actual Total Time": 76712.02, "Actual Rows": 5431247, "Actual Loops": 1, "Inner Unique": true, "Plans": [{"Node Type": "Aggregate", "Strategy": "Hashed", "Parent Relationship": "Outer", "Startup Cost": 1956349.97, "Total Cost": 2069745.97, "Plan Rows": 9071680, "Plan Width": 24, "Actual Startup Time": 18960.226, "Actual Total Time": 23912.293, "Actual Rows": 5442751, "Actual Loops": 1, "Group By Key": ["lineitem.l_partkey", "lineitem.l_suppkey"], "Plans": [{"Node Type": "Bitmap Heap Scan", "Parent Relationship": "Outer", "Relation Name": "lineitem", "Alias": "lineitem", "Startup Cost": 314312.97, "Total Cost": 1865633.17, "Plan Rows": 9071680, "Plan Width": 24, "Actual Startup Time": 4194.642, "Actual Total Time": 11458.292, "Actual Rows": 9109641, "Actual Loops": 1, "Recheck Cond": "((l_shipdate >= '1993-01-01 00:00:00'::timestamp(0) without time zone) AND (l_shipdate < '1994-01-01 00:00:00'::timestamp without time zone)), (LLVM Optimized, Jit Execute)", "Rows Removed by Index Recheck": 0, "Exact Heap Blocks": 1252335, "Lossy Heap Blocks": 1252335, "Plans": [{"Node Type": "Bitmap Index Scan", "Parent Relationship": "Outer", "Index Name": "idx_lineitem_shipdate", "Startup Cost": 0.0, "Total Cost": 312045.05, "Plan Rows": 9071680, "Plan Width": 0, "Actual Startup Time": 3470.055, "Actual Total Time": 3470.055, "Actual Rows": 9109641, "Actual Loops": 1, "Index Cond": "((l_shipdate >= '1993-01-01 00:00:00'::timestamp(0) without time zone) AND (l_shipdate < '1994-01-01 00:00:00'::timestamp without time zone))"}]}]}, {"Node Type": "Bitmap Heap Scan", "Parent Relationship": "Inner", "Relation Name": "partsupp", "Alias": "partsupp", "Startup Cost": 0.28, "Total Cost": 4.3, "Plan Rows": 1, "Plan Width": 24, "Actual Startup Time": 44899.069, "Actual Total Time": 44899.069, "Actual Rows": 5431247, "Actual Loops": 5442751, "Recheck Cond": "((ps_partkey = lineitem.l_partkey) AND (ps_suppkey = lineitem.l_suppkey))", "Rows Removed by Index Recheck": 0, "Filter": "((ps_availqty)::double precision > (.5::double precision * (sum(lineitem.l_quantity))))", "Rows Removed by Filter": 11504, "Exact Heap Blocks": 5442751, "Lossy Heap Blocks": 5442751, "Plans": [{"Node Type": "Bitmap Index Scan", "Parent Relationship": "Outer", "Index Name": "partsupp_pkey", "Startup Cost": 0.0, "Total Cost": 0.28, "Plan Rows": 1, "Plan Width": 0, "Actual Startup Time": 27584.74, "Actual Total Time": 27584.74, "Actual Rows": 5442751, "Actual Loops": 5442751, "Index Cond": "((ps_partkey = lineitem.l_partkey) AND (ps_suppkey = lineitem.l_suppkey))"}]}]}, {"Node Type": "Bitmap Heap Scan", "Parent Relationship": "Inner", "Relation Name": "part", "Alias": "part", "Startup Cost": 0.26, "Total Cost": 4.28, "Plan Rows": 1, "Plan Width": 8, "Actual Startup Time": 39579.35, "Actual Total Time": 39579.35, "Actual Rows": 58537, "Actual Loops": 5431247, "Recheck Cond": "(p_partkey = lineitem.l_partkey)", "Rows Removed by Index Recheck": 0, "Filter": "((p_name)::text ~~ 'green%'::text)", "Rows Removed by Filter": 5372710, "Exact Heap Blocks": 5431247, "Lossy Heap Blocks": 5431247, "Plans": [{"Node Type": "Bitmap Index Scan", "Parent Relationship": "Outer", "Index Name": "part_kpey", "Startup Cost": 0.0, "Total Cost": 0.26, "Plan Rows": 1, "Plan Width": 0, "Actual Startup Time": 23439.794, "Actual Total Time": 23439.794, "Actual Rows": 5431247, "Actual Loops": 5431247, "Index Cond": "(p_partkey = lineitem.l_partkey)"}]}]}]}]}, {"Node Type": "Bitmap Heap Scan", "Parent Relationship": "Inner", "Relation Name": "supplier", "Alias": "supplier", "Startup Cost": 0.26, "Total Cost": 4.27, "Plan Rows": 1, "Plan Width": 63, "Actual Startup Time": 148.575, "Actual Total Time": 148.575, "Actual Rows": 44487, "Actual Loops": 44487, "Recheck Cond": "(s_suppkey = lineitem.l_suppkey)", "Rows Removed by Index Recheck": 0, "Exact Heap Blocks": 44487, "Lossy Heap Blocks": 44487, "Plans": [{"Node Type": "Bitmap Index Scan", "Parent Relationship": "Outer", "Index Name": "supplier_pkey", "Startup Cost": 0.0, "Total Cost": 0.26, "Plan Rows": 1, "Plan Width": 0, "Actual Startup Time": 81.957, "Actual Total Time": 81.957, "Actual Rows": 44487, "Actual Loops": 44487, "Index Cond": "(s_suppkey = lineitem.l_suppkey)"}]}]}, {"Node Type": "Bitmap Heap Scan", "Parent Relationship": "Inner", "Relation Name": "nation", "Alias": "nation", "Startup Cost": 0.26, "Total Cost": 4.27, "Plan Rows": 1, "Plan Width": 4, "Actual Startup Time": 121.825, "Actual Total Time": 121.825, "Actual Rows": 1746, "Actual Loops": 44487, "Recheck Cond": "(n_nationkey = supplier.s_nationkey)", "Rows Removed by Index Recheck": 0, "Filter": "(n_name = 'ALGERIA'::bpchar)", "Rows Removed by Filter": 42741, "Exact Heap Blocks": 44487, "Lossy Heap Blocks": 44487, "Plans": [{"Node Type": "Bitmap Index Scan", "Parent Relationship": "Outer", "Index Name": "nation_pkey", "Startup Cost": 0.0, "Total Cost": 0.26, "Plan Rows": 1, "Plan Width": 0, "Actual Startup Time": 45.466, "Actual Total Time": 45.466, "Actual Rows": 44487, "Actual Loops": 44487, "Index Cond": "(n_nationkey = supplier.s_nationkey)"}]}]}]}, "Triggers": [], "Planner Runtime": 1, "Total Runtime": 123046.421, "Unique SQL Id": 202076520}}, "(1, 4)": {"explain_plan": {"Plan": {"Node Type": "Sort", "Startup Cost": 2481984.46, "Total Cost": 2481989.46, "Plan Rows": 2000, "Plan Width": 51, "Sort Key": ["supplier.s_name"], "Plans": [{"Node Type": "Nested Loop", "Parent Relationship": "Outer", "Join Type": "Semi", "Startup Cost": 2182390.78, "Total Cost": 2481874.8, "Plan Rows": 2000, "Plan Width": 51, "Inner Unique": false, "Join Filter": "(supplier.s_suppkey = lineitem.l_suppkey)", "Plans": [{"Node Type": "Nested Loop", "Parent Relationship": "Outer", "Join Type": "Inner", "Startup Cost": 0.0, "Total Cost": 4534.31, "Plan Rows": 4000, "Plan Width": 59, "Inner Unique": false, "Join Filter": "(supplier.s_nationkey = nation.n_nationkey)", "Plans": [{"Node Type": "Seq Scan", "Parent Relationship": "Outer", "Relation Name": "nation", "Alias": "nation", "Startup Cost": 0.0, "Total Cost": 1.31, "Plan Rows": 1, "Plan Width": 4, "Filter": "(n_name = 'ALGERIA'::bpchar)"}, {"Node Type": "Seq Scan", "Parent Relationship": "Inner", "Relation Name": "supplier", "Alias": "supplier", "Startup Cost": 0.0, "Total Cost": 3283.0, "Plan Rows": 100000, "Plan Width": 63}]}, {"Node Type": "Materialize", "Parent Relationship": "Inner", "Startup Cost": 2182390.78, "Total Cost": 2477220.5, "Plan Rows": 2, "Plan Width": 16, "Plans": [{"Node Type": "Hash Join", "Parent Relationship": "Outer", "Join Type": "Inner", "Startup Cost": 2182390.78, "Total Cost": 2477220.49, "Plan Rows": 2, "Plan Width": 16, "Inner Unique": false, "Hash Cond": "((lineitem.l_partkey = partsupp.ps_partkey) AND (lineitem.l_suppkey = partsupp.ps_suppkey))", "Join Filter": "((partsupp.ps_availqty)::double precision > (.5::double precision * (sum(lineitem.l_quantity))))", "Plans": [{"Node Type": "Aggregate", "Strategy": "Hashed", "Parent Relationship": "Outer", "Startup Cost": 1956349.97, "Total Cost": 2069745.97, "Plan Rows": 9071680, "Plan Width": 24, "Group By Key": ["lineitem.l_partkey", "lineitem.l_suppkey"], "Plans": [{"Node Type": "Bitmap Heap Scan", "Parent Relationship": "Outer", "Relation Name": "lineitem", "Alias": "lineitem", "Startup Cost": 314312.97, "Total Cost": 1865633.17, "Plan Rows": 9071680, "Plan Width": 24, "Recheck Cond": "((l_shipdate >= '1993-01-01 00:00:00'::timestamp(0) without time zone) AND (l_shipdate < '1994-01-01 00:00:00'::timestamp without time zone)), (LLVM Optimized)", "Plans": [{"Node Type": "Bitmap Index Scan", "Parent Relationship": "Outer", "Index Name": "idx_lineitem_shipdate", "Startup Cost": 0.0, "Total Cost": 312045.05, "Plan Rows": 9071680, "Plan Width": 0, "Index Cond": "((l_shipdate >= '1993-01-01 00:00:00'::timestamp(0) without time zone) AND (l_shipdate < '1994-01-01 00:00:00'::timestamp without time zone))"}]}]}, {"Node Type": "Hash", "Parent Relationship": "Inner", "Startup Cost": 225072.53, "Total Cost": 225072.53, "Plan Rows": 64552, "Plan Width": 32, "Plans": [{"Node Type": "Nested Loop", "Parent Relationship": "Outer", "Join Type": "Inner", "Startup Cost": 0.0, "Total Cost": 225072.53, "Plan Rows": 64552, "Plan Width": 32, "Inner Unique": false, "Plans": [{"Node Type": "Seq Scan", "Parent Relationship": "Outer", "Relation Name": "part", "Alias": "part", "Startup Cost": 0.0, "Total Cost": 66944.0, "Plan Rows": 22472, "Plan Width": 8, "Filter": "((p_name)::text ~~ 'green%'::text)"}, {"Node Type": "Index Scan", "Parent Relationship": "Inner", "Scan Direction": "Forward", "Index Name": "idx_partsupp_partkey", "Relation Name": "partsupp", "Alias": "partsupp", "Startup Cost": 0.0, "Total Cost": 7.01, "Plan Rows": 3, "Plan Width": 24, "Index Cond": "(ps_partkey = part.p_partkey)"}]}]}]}]}]}]}, "Unique SQL Id": 202076520, "Planner Runtime": 2}, "explain_analyze_plan": {"Plan": {"Node Type": "Sort", "Startup Cost": 2481984.46, "Total Cost": 2481989.46, "Plan Rows": 2000, "Plan Width": 51, "Actual Startup Time": 75123.89, "Actual Total Time": 75124.045, "Actual Rows": 1746, "Actual Loops": 1, "Sort Key": ["supplier.s_name"], "Sort Method": "quicksort", "Sort Space Used": 309, "Sort Space Type": "Memory", "Plans": [{"Node Type": "Nested Loop", "Parent Relationship": "Outer", "Join Type": "Semi", "Startup Cost": 2182390.78, "Total Cost": 2481874.8, "Plan Rows": 2000, "Plan Width": 51, "Actual Startup Time": 25195.112, "Actual Total Time": 75116.583, "Actual Rows": 1746, "Actual Loops": 1, "Inner Unique": false, "Join Filter": "(supplier.s_suppkey = lineitem.l_suppkey)", "Rows Removed by Join Filter": 174379316, "Plans": [{"Node Type": "Nested Loop", "Parent Relationship": "Outer", "Join Type": "Inner", "Startup Cost": 0.0, "Total Cost": 4534.31, "Plan Rows": 4000, "Plan Width": 59, "Actual Startup Time": 0.052, "Actual Total Time": 73.979, "Actual Rows": 3934, "Actual Loops": 1, "Inner Unique": false, "Join Filter": "(supplier.s_nationkey = nation.n_nationkey)", "Rows Removed by Join Filter": 96066, "Plans": [{"Node Type": "Seq Scan", "Parent Relationship": "Outer", "Relation Name": "nation", "Alias": "nation", "Startup Cost": 0.0, "Total Cost": 1.31, "Plan Rows": 1, "Plan Width": 4, "Actual Startup Time": 0.023, "Actual Total Time": 0.044, "Actual Rows": 1, "Actual Loops": 1, "Filter": "(n_name = 'ALGERIA'::bpchar)", "Rows Removed by Filter": 24}, {"Node Type": "Seq Scan", "Parent Relationship": "Inner", "Relation Name": "supplier", "Alias": "supplier", "Startup Cost": 0.0, "Total Cost": 3283.0, "Plan Rows": 100000, "Plan Width": 63, "Actual Startup Time": 0.011, "Actual Total Time": 42.731, "Actual Rows": 100000, "Actual Loops": 1}]}, {"Node Type": "Materialize", "Parent Relationship": "Inner", "Startup Cost": 2182390.78, "Total Cost": 2477220.5, "Plan Rows": 2, "Plan Width": 16, "Actual Startup Time": 20077.602, "Actual Total Time": 42100.808, "Actual Rows": 174381062, "Actual Loops": 3934, "Plans": [{"Node Type": "Hash Join", "Parent Relationship": "Outer", "Join Type": "Inner", "Startup Cost": 2182390.78, "Total Cost": 2477220.49, "Plan Rows": 2, "Plan Width": 16, "Actual Startup Time": 20076.906, "Actual Total Time": 25151.572, "Actual Rows": 58537, "Actual Loops": 1, "Inner Unique": false, "Hash Cond": "((lineitem.l_partkey = partsupp.ps_partkey) AND (lineitem.l_suppkey = partsupp.ps_suppkey))", "Join Filter": "((partsupp.ps_availqty)::double precision > (.5::double precision * (sum(lineitem.l_quantity))))", "Rows Removed by Join Filter": 136, "Plans": [{"Node Type": "Aggregate", "Strategy": "Hashed", "Parent Relationship": "Outer", "Startup Cost": 1956349.97, "Total Cost": 2069745.97, "Plan Rows": 9071680, "Plan Width": 24, "Actual Startup Time": 19035.615, "Actual Total Time": 22553.66, "Actual Rows": 5442751, "Actual Loops": 1, "Group By Key": ["lineitem.l_partkey", "lineitem.l_suppkey"], "Plans": [{"Node Type": "Bitmap Heap Scan", "Parent Relationship": "Outer", "Relation Name": "lineitem", "Alias": "lineitem", "Startup Cost": 314312.97, "Total Cost": 1865633.17, "Plan Rows": 9071680, "Plan Width": 24, "Actual Startup Time": 3738.7, "Actual Total Time": 11257.502, "Actual Rows": 9109641, "Actual Loops": 1, "Recheck Cond": "((l_shipdate >= '1993-01-01 00:00:00'::timestamp(0) without time zone) AND (l_shipdate < '1994-01-01 00:00:00'::timestamp without time zone)), (LLVM Optimized, Jit Execute)", "Rows Removed by Index Recheck": 0, "Exact Heap Blocks": 1252335, "Lossy Heap Blocks": 1252335, "Plans": [{"Node Type": "Bitmap Index Scan", "Parent Relationship": "Outer", "Index Name": "idx_lineitem_shipdate", "Startup Cost": 0.0, "Total Cost": 312045.05, "Plan Rows": 9071680, "Plan Width": 0, "Actual Startup Time": 3101.856, "Actual Total Time": 3101.856, "Actual Rows": 9109641, "Actual Loops": 1, "Index Cond": "((l_shipdate >= '1993-01-01 00:00:00'::timestamp(0) without time zone) AND (l_shipdate < '1994-01-01 00:00:00'::timestamp without time zone))"}]}]}, {"Node Type": "Hash", "Parent Relationship": "Inner", "Startup Cost": 225072.53, "Total Cost": 225072.53, "Plan Rows": 64552, "Plan Width": 32, "Actual Startup Time": 1040.741, "Actual Total Time": 1040.741, "Actual Rows": 86224, "Actual Loops": 1, "Hash Buckets": 65536, "Hash Batches": 1, "Original Hash Batches": 1, "Peak Memory Usage": 5389, "Plans": [{"Node Type": "Nested Loop", "Parent Relationship": "Outer", "Join Type": "Inner", "Startup Cost": 0.0, "Total Cost": 225072.53, "Plan Rows": 64552, "Plan Width": 32, "Actual Startup Time": 0.04, "Actual Total Time": 1003.816, "Actual Rows": 86224, "Actual Loops": 1, "Inner Unique": false, "Plans": [{"Node Type": "Seq Scan", "Parent Relationship": "Outer", "Relation Name": "part", "Alias": "part", "Startup Cost": 0.0, "Total Cost": 66944.0, "Plan Rows": 22472, "Plan Width": 8, "Actual Startup Time": 0.022, "Actual Total Time": 785.525, "Actual Rows": 21556, "Actual Loops": 1, "Filter": "((p_name)::text ~~ 'green%'::text)", "Rows Removed by Filter": 1978444}, {"Node Type": "Index Scan", "Parent Relationship": "Inner", "Scan Direction": "Forward", "Index Name": "idx_partsupp_partkey", "Relation Name": "partsupp", "Alias": "partsupp", "Startup Cost": 0.0, "Total Cost": 7.01, "Plan Rows": 3, "Plan Width": 24, "Actual Startup Time": 140.49, "Actual Total Time": 185.216, "Actual Rows": 86224, "Actual Loops": 21556, "Index Cond": "(ps_partkey = part.p_partkey)", "Rows Removed by Index Recheck": 0}]}]}]}]}]}]}, "Triggers": [], "Planner Runtime": 1, "Total Runtime": 75137.288, "Unique SQL Id": 202076520}}, "(1, 5)": {"explain_plan": {"Plan": {"Node Type": "Sort", "Startup Cost": 2522906.63, "Total Cost": 2522911.63, "Plan Rows": 2000, "Plan Width": 51, "Sort Key": ["supplier.s_name"], "Plans": [{"Node Type": "Nested Loop", "Parent Relationship": "Outer", "Join Type": "Semi", "Startup Cost": 2221250.03, "Total Cost": 2522796.97, "Plan Rows": 2000, "Plan Width": 51, "Inner Unique": false, "Join Filter": "(supplier.s_suppkey = lineitem.l_suppkey)", "Plans": [{"Node Type": "Nested Loop", "Parent Relationship": "Outer", "Join Type": "Inner", "Startup Cost": 0.0, "Total Cost": 6597.23, "Plan Rows": 4000, "Plan Width": 59, "Inner Unique": false, "Join Filter": "(supplier.s_nationkey = nation.n_nationkey)", "Plans": [{"Node Type": "Index Scan", "Parent Relationship": "Outer", "Scan Direction": "Forward", "Index Name": "nation_pkey", "Relation Name": "nation", "Alias": "nation", "Startup Cost": 0.0, "Total Cost": 12.69, "Plan Rows": 1, "Plan Width": 4, "Filter": "(n_name = 'ALGERIA'::bpchar)"}, {"Node Type": "Index Scan", "Parent Relationship": "Inner", "Scan Direction": "Forward", "Index Name": "supplier_pkey", "Relation Name": "supplier", "Alias": "supplier", "Startup Cost": 0.0, "Total Cost": 5334.54, "Plan Rows": 100000, "Plan Width": 63}]}, {"Node Type": "Materialize", "Parent Relationship": "Inner", "Startup Cost": 2221250.03, "Total Cost": 2516079.75, "Plan Rows": 2, "Plan Width": 16, "Plans": [{"Node Type": "Hash Join", "Parent Relationship": "Outer", "Join Type": "Inner", "Startup Cost": 2221250.03, "Total Cost": 2516079.74, "Plan Rows": 2, "Plan Width": 16, "Inner Unique": false, "Hash Cond": "((lineitem.l_partkey = partsupp.ps_partkey) AND (lineitem.l_suppkey = partsupp.ps_suppkey))", "Join Filter": "((partsupp.ps_availqty)::double precision > (.5::double precision * (sum(lineitem.l_quantity))))", "Plans": [{"Node Type": "Aggregate", "Strategy": "Hashed", "Parent Relationship": "Outer", "Startup Cost": 1956349.97, "Total Cost": 2069745.97, "Plan Rows": 9071680, "Plan Width": 24, "Group By Key": ["lineitem.l_partkey", "lineitem.l_suppkey"], "Plans": [{"Node Type": "Bitmap Heap Scan", "Parent Relationship": "Outer", "Relation Name": "lineitem", "Alias": "lineitem", "Startup Cost": 314312.97, "Total Cost": 1865633.17, "Plan Rows": 9071680, "Plan Width": 24, "Recheck Cond": "((l_shipdate >= '1993-01-01 00:00:00'::timestamp(0) without time zone) AND (l_shipdate < '1994-01-01 00:00:00'::timestamp without time zone)), (LLVM Optimized)", "Plans": [{"Node Type": "Bitmap Index Scan", "Parent Relationship": "Outer", "Index Name": "idx_lineitem_shipdate", "Startup Cost": 0.0, "Total Cost": 312045.05, "Plan Rows": 9071680, "Plan Width": 0, "Index Cond": "((l_shipdate >= '1993-01-01 00:00:00'::timestamp(0) without time zone) AND (l_shipdate < '1994-01-01 00:00:00'::timestamp without time zone))"}]}]}, {"Node Type": "Hash", "Parent Relationship": "Inner", "Startup Cost": 263931.78, "Total Cost": 263931.78, "Plan Rows": 64552, "Plan Width": 32, "Plans": [{"Node Type": "Nested Loop", "Parent Relationship": "Outer", "Join Type": "Inner", "Startup Cost": 0.0, "Total Cost": 263931.78, "Plan Rows": 64552, "Plan Width": 32, "Inner Unique": false, "Plans": [{"Node Type": "Index Scan", "Parent Relationship": "Outer", "Scan Direction": "Forward", "Index Name": "part_kpey", "Relation Name": "part", "Alias": "part", "Startup Cost": 0.0, "Total Cost": 105803.25, "Plan Rows": 22472, "Plan Width": 8, "Filter": "((p_name)::text ~~ 'green%'::text)"}, {"Node Type": "Index Scan", "Parent Relationship": "Inner", "Scan Direction": "Forward", "Index Name": "idx_partsupp_partkey", "Relation Name": "partsupp", "Alias": "partsupp", "Startup Cost": 0.0, "Total Cost": 7.01, "Plan Rows": 3, "Plan Width": 24, "Index Cond": "(ps_partkey = part.p_partkey)"}]}]}]}]}]}]}, "Unique SQL Id": 202076520, "Planner Runtime": 2}, "explain_analyze_plan": {"Plan": {"Node Type": "Sort", "Startup Cost": 2522906.63, "Total Cost": 2522911.63, "Plan Rows": 2000, "Plan Width": 51, "Actual Startup Time": 74266.132, "Actual Total Time": 74266.286, "Actual Rows": 1746, "Actual Loops": 1, "Sort Key": ["supplier.s_name"], "Sort Method": "quicksort", "Sort Space Used": 309, "Sort Space Type": "Memory", "Plans": [{"Node Type": "Nested Loop", "Parent Relationship": "Outer", "Join Type": "Semi", "Startup Cost": 2221250.03, "Total Cost": 2522796.97, "Plan Rows": 2000, "Plan Width": 51, "Actual Startup Time": 23778.191, "Actual Total Time": 74261.786, "Actual Rows": 1746, "Actual Loops": 1, "Inner Unique": false, "Join Filter": "(supplier.s_suppkey = lineitem.l_suppkey)", "Rows Removed by Join Filter": 174379316, "Plans": [{"Node Type": "Nested Loop", "Parent Relationship": "Outer", "Join Type": "Inner", "Startup Cost": 0.0, "Total Cost": 6597.23, "Plan Rows": 4000, "Plan Width": 59, "Actual Startup Time": 0.065, "Actual Total Time": 103.27, "Actual Rows": 3934, "Actual Loops": 1, "Inner Unique": false, "Join Filter": "(supplier.s_nationkey = nation.n_nationkey)", "Rows Removed by Join Filter": 96066, "Plans": [{"Node Type": "Index Scan", "Parent Relationship": "Outer", "Scan Direction": "Forward", "Index Name": "nation_pkey", "Relation Name": "nation", "Alias": "nation", "Startup Cost": 0.0, "Total Cost": 12.69, "Plan Rows": 1, "Plan Width": 4, "Actual Startup Time": 0.02, "Actual Total Time": 0.066, "Actual Rows": 1, "Actual Loops": 1, "Filter": "(n_name = 'ALGERIA'::bpchar)", "Rows Removed by Filter": 24}, {"Node Type": "Index Scan", "Parent Relationship": "Inner", "Scan Direction": "Forward", "Index Name": "supplier_pkey", "Relation Name": "supplier", "Alias": "supplier", "Startup Cost": 0.0, "Total Cost": 5334.54, "Plan Rows": 100000, "Plan Width": 63, "Actual Startup Time": 0.024, "Actual Total Time": 75.509, "Actual Rows": 100000, "Actual Loops": 1}]}, {"Node Type": "Materialize", "Parent Relationship": "Inner", "Startup Cost": 2221250.03, "Total Cost": 2516079.75, "Plan Rows": 2, "Plan Width": 16, "Actual Startup Time": 19165.879, "Actual Total Time": 41049.22, "Actual Rows": 174381062, "Actual Loops": 3934, "Plans": [{"Node Type": "Hash Join", "Parent Relationship": "Outer", "Join Type": "Inner", "Startup Cost": 2221250.03, "Total Cost": 2516079.74, "Plan Rows": 2, "Plan Width": 16, "Actual Startup Time": 19165.142, "Actual Total Time": 23734.325, "Actual Rows": 58537, "Actual Loops": 1, "Inner Unique": false, "Hash Cond": "((lineitem.l_partkey = partsupp.ps_partkey) AND (lineitem.l_suppkey = partsupp.ps_suppkey))", "Join Filter": "((partsupp.ps_availqty)::double precision > (.5::double precision * (sum(lineitem.l_quantity))))", "Rows Removed by Join Filter": 136, "Plans": [{"Node Type": "Aggregate", "Strategy": "Hashed", "Parent Relationship": "Outer", "Startup Cost": 1956349.97, "Total Cost": 2069745.97, "Plan Rows": 9071680, "Plan Width": 24, "Actual Startup Time": 17616.829, "Actual Total Time": 20630.922, "Actual Rows": 5442751, "Actual Loops": 1, "Group By Key": ["lineitem.l_partkey", "lineitem.l_suppkey"], "Plans": [{"Node Type": "Bitmap Heap Scan", "Parent Relationship": "Outer", "Relation Name": "lineitem", "Alias": "lineitem", "Startup Cost": 314312.97, "Total Cost": 1865633.17, "Plan Rows": 9071680, "Plan Width": 24, "Actual Startup Time": 3575.133, "Actual Total Time": 10409.544, "Actual Rows": 9109641, "Actual Loops": 1, "Recheck Cond": "((l_shipdate >= '1993-01-01 00:00:00'::timestamp(0) without time zone) AND (l_shipdate < '1994-01-01 00:00:00'::timestamp without time zone)), (LLVM Optimized, Jit Execute)", "Rows Removed by Index Recheck": 0, "Exact Heap Blocks": 1252335, "Lossy Heap Blocks": 1252335, "Plans": [{"Node Type": "Bitmap Index Scan", "Parent Relationship": "Outer", "Index Name": "idx_lineitem_shipdate", "Startup Cost": 0.0, "Total Cost": 312045.05, "Plan Rows": 9071680, "Plan Width": 0, "Actual Startup Time": 3017.471, "Actual Total Time": 3017.471, "Actual Rows": 9109641, "Actual Loops": 1, "Index Cond": "((l_shipdate >= '1993-01-01 00:00:00'::timestamp(0) without time zone) AND (l_shipdate < '1994-01-01 00:00:00'::timestamp without time zone))"}]}]}, {"Node Type": "Hash", "Parent Relationship": "Inner", "Startup Cost": 263931.78, "Total Cost": 263931.78, "Plan Rows": 64552, "Plan Width": 32, "Actual Startup Time": 1547.984, "Actual Total Time": 1547.984, "Actual Rows": 86224, "Actual Loops": 1, "Hash Buckets": 65536, "Hash Batches": 1, "Original Hash Batches": 1, "Peak Memory Usage": 5389, "Plans": [{"Node Type": "Nested Loop", "Parent Relationship": "Outer", "Join Type": "Inner", "Startup Cost": 0.0, "Total Cost": 263931.78, "Plan Rows": 64552, "Plan Width": 32, "Actual Startup Time": 0.053, "Actual Total Time": 1511.395, "Actual Rows": 86224, "Actual Loops": 1, "Inner Unique": false, "Plans": [{"Node Type": "Index Scan", "Parent Relationship": "Outer", "Scan Direction": "Forward", "Index Name": "part_kpey", "Relation Name": "part", "Alias": "part", "Startup Cost": 0.0, "Total Cost": 105803.25, "Plan Rows": 22472, "Plan Width": 8, "Actual Startup Time": 0.041, "Actual Total Time": 1308.491, "Actual Rows": 21556, "Actual Loops": 1, "Filter": "((p_name)::text ~~ 'green%'::text)", "Rows Removed by Filter": 1978444}, {"Node Type": "Index Scan", "Parent Relationship": "Inner", "Scan Direction": "Forward", "Index Name": "idx_partsupp_partkey", "Relation Name": "partsupp", "Alias": "partsupp", "Startup Cost": 0.0, "Total Cost": 7.01, "Plan Rows": 3, "Plan Width": 24, "Actual Startup Time": 127.172, "Actual Total Time": 169.8, "Actual Rows": 86224, "Actual Loops": 21556, "Index Cond": "(ps_partkey = part.p_partkey)", "Rows Removed by Index Recheck": 0}]}]}]}]}]}]}, "Triggers": [], "Planner Runtime": 1, "Total Runtime": 74277.716, "Unique SQL Id": 202076520}}, "(1, 6)": {"explain_plan": {"Plan": {"Node Type": "Sort", "Startup Cost": 2614774.64, "Total Cost": 2614779.64, "Plan Rows": 2000, "Plan Width": 51, "Sort Key": ["supplier.s_name"], "Plans": [{"Node Type": "Nested Loop", "Parent Relationship": "Outer", "Join Type": "Semi", "Startup Cost": 2315180.96, "Total Cost": 2614664.98, "Plan Rows": 2000, "Plan Width": 51, "Inner Unique": false, "Join Filter": "(supplier.s_suppkey = lineitem.l_suppkey)", "Plans": [{"Node Type": "Nested Loop", "Parent Relationship": "Outer", "Join Type": "Inner", "Startup Cost": 0.0, "Total Cost": 4534.31, "Plan Rows": 4000, "Plan Width": 59, "Inner Unique": false, "Join Filter": "(supplier.s_nationkey = nation.n_nationkey)", "Plans": [{"Node Type": "Seq Scan", "Parent Relationship": "Outer", "Relation Name": "nation", "Alias": "nation", "Startup Cost": 0.0, "Total Cost": 1.31, "Plan Rows": 1, "Plan Width": 4, "Filter": "(n_name = 'ALGERIA'::bpchar)"}, {"Node Type": "Seq Scan", "Parent Relationship": "Inner", "Relation Name": "supplier", "Alias": "supplier", "Startup Cost": 0.0, "Total Cost": 3283.0, "Plan Rows": 100000, "Plan Width": 63}]}, {"Node Type": "Materialize", "Parent Relationship": "Inner", "Startup Cost": 2315180.96, "Total Cost": 2610010.68, "Plan Rows": 2, "Plan Width": 16, "Plans": [{"Node Type": "Hash Join", "Parent Relationship": "Outer", "Join Type": "Inner", "Startup Cost": 2315180.96, "Total Cost": 2610010.67, "Plan Rows": 2, "Plan Width": 16, "Inner Unique": false, "Hash Cond": "((lineitem.l_partkey = partsupp.ps_partkey) AND (lineitem.l_suppkey = partsupp.ps_suppkey))", "Join Filter": "((partsupp.ps_availqty)::double precision > (.5::double precision * (sum(lineitem.l_quantity))))", "Plans": [{"Node Type": "Aggregate", "Strategy": "Hashed", "Parent Relationship": "Outer", "Startup Cost": 1956349.97, "Total Cost": 2069745.97, "Plan Rows": 9071680, "Plan Width": 24, "Group By Key": ["lineitem.l_partkey", "lineitem.l_suppkey"], "Plans": [{"Node Type": "Bitmap Heap Scan", "Parent Relationship": "Outer", "Relation Name": "lineitem", "Alias": "lineitem", "Startup Cost": 314312.97, "Total Cost": 1865633.17, "Plan Rows": 9071680, "Plan Width": 24, "Recheck Cond": "((l_shipdate >= '1993-01-01 00:00:00'::timestamp(0) without time zone) AND (l_shipdate < '1994-01-01 00:00:00'::timestamp without time zone)), (LLVM Optimized)", "Plans": [{"Node Type": "Bitmap Index Scan", "Parent Relationship": "Outer", "Index Name": "idx_lineitem_shipdate", "Startup Cost": 0.0, "Total Cost": 312045.05, "Plan Rows": 9071680, "Plan Width": 0, "Index Cond": "((l_shipdate >= '1993-01-01 00:00:00'::timestamp(0) without time zone) AND (l_shipdate < '1994-01-01 00:00:00'::timestamp without time zone))"}]}]}, {"Node Type": "Hash", "Parent Relationship": "Inner", "Startup Cost": 357862.71, "Total Cost": 357862.71, "Plan Rows": 64552, "Plan Width": 32, "Plans": [{"Node Type": "Hash Join", "Parent Relationship": "Outer", "Join Type": "Inner", "Startup Cost": 67224.9, "Total Cost": 357862.71, "Plan Rows": 64552, "Plan Width": 32, "Inner Unique": true, "Hash Cond": "(partsupp.ps_partkey = part.p_partkey)", "Plans": [{"Node Type": "Seq Scan", "Parent Relationship": "Outer", "Relation Name": "partsupp", "Alias": "partsupp", "Startup Cost": 0.0, "Total Cost": 269987.72, "Plan Rows": 8000372, "Plan Width": 24}, {"Node Type": "Hash", "Parent Relationship": "Inner", "Startup Cost": 66944.0, "Total Cost": 66944.0, "Plan Rows": 22472, "Plan Width": 8, "Plans": [{"Node Type": "Seq Scan", "Parent Relationship": "Outer", "Relation Name": "part", "Alias": "part", "Startup Cost": 0.0, "Total Cost": 66944.0, "Plan Rows": 22472, "Plan Width": 8, "Filter": "((p_name)::text ~~ 'green%'::text)"}]}]}]}]}]}]}]}, "Unique SQL Id": 202076520, "Planner Runtime": 2}, "explain_analyze_plan": {"Plan": {"Node Type": "Sort", "Startup Cost": 2614774.64, "Total Cost": 2614779.64, "Plan Rows": 2000, "Plan Width": 51, "Actual Startup Time": 78832.214, "Actual Total Time": 78832.348, "Actual Rows": 1746, "Actual Loops": 1, "Sort Key": ["supplier.s_name"], "Sort Method": "quicksort", "Sort Space Used": 309, "Sort Space Type": "Memory", "Plans": [{"Node Type": "Nested Loop", "Parent Relationship": "Outer", "Join Type": "Semi", "Startup Cost": 2315180.96, "Total Cost": 2614664.98, "Plan Rows": 2000, "Plan Width": 51, "Actual Startup Time": 28731.759, "Actual Total Time": 78824.362, "Actual Rows": 1746, "Actual Loops": 1, "Inner Unique": false, "Join Filter": "(supplier.s_suppkey = lineitem.l_suppkey)", "Rows Removed by Join Filter": 174379316, "Plans": [{"Node Type": "Nested Loop", "Parent Relationship": "Outer", "Join Type": "Inner", "Startup Cost": 0.0, "Total Cost": 4534.31, "Plan Rows": 4000, "Plan Width": 59, "Actual Startup Time": 0.063, "Actual Total Time": 73.116, "Actual Rows": 3934, "Actual Loops": 1, "Inner Unique": false, "Join Filter": "(supplier.s_nationkey = nation.n_nationkey)", "Rows Removed by Join Filter": 96066, "Plans": [{"Node Type": "Seq Scan", "Parent Relationship": "Outer", "Relation Name": "nation", "Alias": "nation", "Startup Cost": 0.0, "Total Cost": 1.31, "Plan Rows": 1, "Plan Width": 4, "Actual Startup Time": 0.025, "Actual Total Time": 0.048, "Actual Rows": 1, "Actual Loops": 1, "Filter": "(n_name = 'ALGERIA'::bpchar)", "Rows Removed by Filter": 24}, {"Node Type": "Seq Scan", "Parent Relationship": "Inner", "Relation Name": "supplier", "Alias": "supplier", "Startup Cost": 0.0, "Total Cost": 3283.0, "Plan Rows": 100000, "Plan Width": 63, "Actual Startup Time": 0.02, "Actual Total Time": 43.784, "Actual Rows": 100000, "Actual Loops": 1}]}, {"Node Type": "Materialize", "Parent Relationship": "Inner", "Startup Cost": 2315180.96, "Total Cost": 2610010.68, "Plan Rows": 2, "Plan Width": 16, "Actual Startup Time": 23287.421, "Actual Total Time": 45742.697, "Actual Rows": 174381062, "Actual Loops": 3934, "Plans": [{"Node Type": "Hash Join", "Parent Relationship": "Outer", "Join Type": "Inner", "Startup Cost": 2315180.96, "Total Cost": 2610010.67, "Plan Rows": 2, "Plan Width": 16, "Actual Startup Time": 23286.718, "Actual Total Time": 28686.889, "Actual Rows": 58537, "Actual Loops": 1, "Inner Unique": false, "Hash Cond": "((lineitem.l_partkey = partsupp.ps_partkey) AND (lineitem.l_suppkey = partsupp.ps_suppkey))", "Join Filter": "((partsupp.ps_availqty)::double precision > (.5::double precision * (sum(lineitem.l_quantity))))", "Rows Removed by Join Filter": 136, "Plans": [{"Node Type": "Aggregate", "Strategy": "Hashed", "Parent Relationship": "Outer", "Startup Cost": 1956349.97, "Total Cost": 2069745.97, "Plan Rows": 9071680, "Plan Width": 24, "Actual Startup Time": 18442.184, "Actual Total Time": 22243.826, "Actual Rows": 5442751, "Actual Loops": 1, "Group By Key": ["lineitem.l_partkey", "lineitem.l_suppkey"], "Plans": [{"Node Type": "Bitmap Heap Scan", "Parent Relationship": "Outer", "Relation Name": "lineitem", "Alias": "lineitem", "Startup Cost": 314312.97, "Total Cost": 1865633.17, "Plan Rows": 9071680, "Plan Width": 24, "Actual Startup Time": 3591.689, "Actual Total Time": 10863.535, "Actual Rows": 9109641, "Actual Loops": 1, "Recheck Cond": "((l_shipdate >= '1993-01-01 00:00:00'::timestamp(0) without time zone) AND (l_shipdate < '1994-01-01 00:00:00'::timestamp without time zone)), (LLVM Optimized, Jit Execute)", "Rows Removed by Index Recheck": 0, "Exact Heap Blocks": 1252335, "Lossy Heap Blocks": 1252335, "Plans": [{"Node Type": "Bitmap Index Scan", "Parent Relationship": "Outer", "Index Name": "idx_lineitem_shipdate", "Startup Cost": 0.0, "Total Cost": 312045.05, "Plan Rows": 9071680, "Plan Width": 0, "Actual Startup Time": 3048.467, "Actual Total Time": 3048.467, "Actual Rows": 9109641, "Actual Loops": 1, "Index Cond": "((l_shipdate >= '1993-01-01 00:00:00'::timestamp(0) without time zone) AND (l_shipdate < '1994-01-01 00:00:00'::timestamp without time zone))"}]}]}, {"Node Type": "Hash", "Parent Relationship": "Inner", "Startup Cost": 357862.71, "Total Cost": 357862.71, "Plan Rows": 64552, "Plan Width": 32, "Actual Startup Time": 4844.136, "Actual Total Time": 4844.136, "Actual Rows": 86224, "Actual Loops": 1, "Hash Buckets": 65536, "Hash Batches": 1, "Original Hash Batches": 1, "Peak Memory Usage": 5389, "Plans": [{"Node Type": "Hash Join", "Parent Relationship": "Outer", "Join Type": "Inner", "Startup Cost": 67224.9, "Total Cost": 357862.71, "Plan Rows": 64552, "Plan Width": 32, "Actual Startup Time": 769.582, "Actual Total Time": 4799.02, "Actual Rows": 86224, "Actual Loops": 1, "Inner Unique": true, "Hash Cond": "(partsupp.ps_partkey = part.p_partkey)", "Plans": [{"Node Type": "Seq Scan", "Parent Relationship": "Outer", "Relation Name": "partsupp", "Alias": "partsupp", "Startup Cost": 0.0, "Total Cost": 269987.72, "Plan Rows": 8000372, "Plan Width": 24, "Actual Startup Time": 0.01, "Actual Total Time": 2492.802, "Actual Rows": 8000000, "Actual Loops": 1}, {"Node Type": "Hash", "Parent Relationship": "Inner", "Startup Cost": 66944.0, "Total Cost": 66944.0, "Plan Rows": 22472, "Plan Width": 8, "Actual Startup Time": 769.428, "Actual Total Time": 769.428, "Actual Rows": 21556, "Actual Loops": 1, "Hash Buckets": 32768, "Hash Batches": 1, "Original Hash Batches": 1, "Peak Memory Usage": 843, "Plans": [{"Node Type": "Seq Scan", "Parent Relationship": "Outer", "Relation Name": "part", "Alias": "part", "Startup Cost": 0.0, "Total Cost": 66944.0, "Plan Rows": 22472, "Plan Width": 8, "Actual Startup Time": 0.026, "Actual Total Time": 761.329, "Actual Rows": 21556, "Actual Loops": 1, "Filter": "((p_name)::text ~~ 'green%'::text)", "Rows Removed by Filter": 1978444}]}]}]}]}]}]}]}, "Triggers": [], "Planner Runtime": 1, "Total Runtime": 78844.759, "Unique SQL Id": 202076520}}, "(1, 7)": {"explain_plan": {"Plan": {"Node Type": "Sort", "Startup Cost": 41474309.17, "Total Cost": 41474314.17, "Plan Rows": 2000, "Plan Width": 51, "Sort Key": ["supplier.s_name"], "Plans": [{"Node Type": "Nested Loop", "Parent Relationship": "Outer", "Join Type": "Inner", "Startup Cost": 41260049.96, "Total Cost": 41474199.51, "Plan Rows": 2000, "Plan Width": 51, "Inner Unique": true, "Plans": [{"Node Type": "Nested Loop", "Parent Relationship": "Outer", "Join Type": "Inner", "Startup Cost": 41260049.7, "Total Cost": 41260058.01, "Plan Rows": 50000, "Plan Width": 55, "Inner Unique": true, "Plans": [{"Node Type": "Unique", "Parent Relationship": "Outer", "Startup Cost": 41260049.44, "Total Cost": 41260049.45, "Plan Rows": 2, "Plan Width": 16, "Plans": [{"Node Type": "Sort", "Parent Relationship": "Outer", "Startup Cost": 41260049.44, "Total Cost": 41260049.45, "Plan Rows": 2, "Plan Width": 16, "Sort Key": ["partsupp.ps_suppkey"], "Plans": [{"Node Type": "Nested Loop", "Parent Relationship": "Outer", "Join Type": "Semi", "Startup Cost": 1956350.51, "Total Cost": 41260049.43, "Plan Rows": 2, "Plan Width": 16, "Inner Unique": false, "Join Filter": "(partsupp.ps_partkey = part.p_partkey)", "Plans": [{"Node Type": "Nested Loop", "Parent Relationship": "Outer", "Join Type": "Inner", "Startup Cost": 1956350.25, "Total Cost": 41259981.09, "Plan Rows": 15, "Plan Width": 32, "Inner Unique": true, "Plans": [{"Node Type": "Aggregate", "Strategy": "Hashed", "Parent Relationship": "Outer", "Startup Cost": 1956349.97, "Total Cost": 2069745.97, "Plan Rows": 9071680, "Plan Width": 24, "Group By Key": ["lineitem.l_partkey", "lineitem.l_suppkey"], "Plans": [{"Node Type": "Bitmap Heap Scan", "Parent Relationship": "Outer", "Relation Name": "lineitem", "Alias": "lineitem", "Startup Cost": 314312.97, "Total Cost": 1865633.17, "Plan Rows": 9071680, "Plan Width": 24, "Recheck Cond": "((l_shipdate >= '1993-01-01 00:00:00'::timestamp(0) without time zone) AND (l_shipdate < '1994-01-01 00:00:00'::timestamp without time zone)), (LLVM Optimized)", "Plans": [{"Node Type": "Bitmap Index Scan", "Parent Relationship": "Outer", "Index Name": "idx_lineitem_shipdate", "Startup Cost": 0.0, "Total Cost": 312045.05, "Plan Rows": 9071680, "Plan Width": 0, "Index Cond": "((l_shipdate >= '1993-01-01 00:00:00'::timestamp(0) without time zone) AND (l_shipdate < '1994-01-01 00:00:00'::timestamp without time zone))"}]}]}, {"Node Type": "Bitmap Heap Scan", "Parent Relationship": "Inner", "Relation Name": "partsupp", "Alias": "partsupp", "Startup Cost": 0.28, "Total Cost": 4.3, "Plan Rows": 1, "Plan Width": 24, "Recheck Cond": "((ps_partkey = lineitem.l_partkey) AND (ps_suppkey = lineitem.l_suppkey))", "Filter": "((ps_availqty)::double precision > (.5::double precision * (sum(lineitem.l_quantity))))", "Plans": [{"Node Type": "Bitmap Index Scan", "Parent Relationship": "Outer", "Index Name": "partsupp_pkey", "Startup Cost": 0.0, "Total Cost": 0.28, "Plan Rows": 1, "Plan Width": 0, "Index Cond": "((ps_partkey = lineitem.l_partkey) AND (ps_suppkey = lineitem.l_suppkey))"}]}]}, {"Node Type": "Bitmap Heap Scan", "Parent Relationship": "Inner", "Relation Name": "part", "Alias": "part", "Startup Cost": 0.26, "Total Cost": 4.28, "Plan Rows": 1, "Plan Width": 8, "Recheck Cond": "(p_partkey = lineitem.l_partkey)", "Filter": "((p_name)::text ~~ 'green%'::text)", "Plans": [{"Node Type": "Bitmap Index Scan", "Parent Relationship": "Outer", "Index Name": "part_kpey", "Startup Cost": 0.0, "Total Cost": 0.26, "Plan Rows": 1, "Plan Width": 0, "Index Cond": "(p_partkey = lineitem.l_partkey)"}]}]}]}]}, {"Node Type": "Bitmap Heap Scan", "Parent Relationship": "Inner", "Relation Name": "supplier", "Alias": "supplier", "Startup Cost": 0.26, "Total Cost": 4.27, "Plan Rows": 1, "Plan Width": 63, "Recheck Cond": "(s_suppkey = lineitem.l_suppkey)", "Plans": [{"Node Type": "Bitmap Index Scan", "Parent Relationship": "Outer", "Index Name": "supplier_pkey", "Startup Cost": 0.0, "Total Cost": 0.26, "Plan Rows": 1, "Plan Width": 0, "Index Cond": "(s_suppkey = lineitem.l_suppkey)"}]}]}, {"Node Type": "Bitmap Heap Scan", "Parent Relationship": "Inner", "Relation Name": "nation", "Alias": "nation", "Startup Cost": 0.26, "Total Cost": 4.27, "Plan Rows": 1, "Plan Width": 4, "Recheck Cond": "(n_nationkey = supplier.s_nationkey)", "Filter": "(n_name = 'ALGERIA'::bpchar)", "Plans": [{"Node Type": "Bitmap Index Scan", "Parent Relationship": "Outer", "Index Name": "nation_pkey", "Startup Cost": 0.0, "Total Cost": 0.26, "Plan Rows": 1, "Plan Width": 0, "Index Cond": "(n_nationkey = supplier.s_nationkey)"}]}]}]}, "Unique SQL Id": 202076520, "Planner Runtime": 2}, "explain_analyze_plan": {"Plan": {"Node Type": "Sort", "Startup Cost": 41474309.17, "Total Cost": 41474314.17, "Plan Rows": 2000, "Plan Width": 51, "Actual Startup Time": 123034.011, "Actual Total Time": 123034.172, "Actual Rows": 1746, "Actual Loops": 1, "Sort Key": ["supplier.s_name"], "Sort Method": "quicksort", "Sort Space Used": 309, "Sort Space Type": "Memory", "Plans": [{"Node Type": "Nested Loop", "Parent Relationship": "Outer", "Join Type": "Inner", "Startup Cost": 41260049.96, "Total Cost": 41474199.51, "Plan Rows": 2000, "Plan Width": 51, "Actual Startup Time": 122623.884, "Actual Total Time": 123032.253, "Actual Rows": 1746, "Actual Loops": 1, "Inner Unique": true, "Plans": [{"Node Type": "Nested Loop", "Parent Relationship": "Outer", "Join Type": "Inner", "Startup Cost": 41260049.7, "Total Cost": 41260058.01, "Plan Rows": 50000, "Plan Width": 55, "Actual Startup Time": 122623.574, "Actual Total Time": 122860.159, "Actual Rows": 44487, "Actual Loops": 1, "Inner Unique": true, "Plans": [{"Node Type": "Unique", "Parent Relationship": "Outer", "Startup Cost": 41260049.44, "Total Cost": 41260049.45, "Plan Rows": 2, "Plan Width": 16, "Actual Startup Time": 122623.524, "Actual Total Time": 122652.62, "Actual Rows": 44487, "Actual Loops": 1, "Plans": [{"Node Type": "Sort", "Parent Relationship": "Outer", "Startup Cost": 41260049.44, "Total Cost": 41260049.45, "Plan Rows": 2, "Plan Width": 16, "Actual Startup Time": 122623.52, "Actual Total Time": 122634.619, "Actual Rows": 58537, "Actual Loops": 1, "Sort Key": ["partsupp.ps_suppkey"], "Sort Method": "quicksort", "Sort Space Used": 7024, "Sort Space Type": "Memory", "Plans": [{"Node Type": "Nested Loop", "Parent Relationship": "Outer", "Join Type": "Semi", "Startup Cost": 1956350.51, "Total Cost": 41260049.43, "Plan Rows": 2, "Plan Width": 16, "Actual Startup Time": 18960.753, "Actual Total Time": 122538.632, "Actual Rows": 58537, "Actual Loops": 1, "Inner Unique": false, "Join Filter": "(partsupp.ps_partkey = part.p_partkey)", "Rows Removed by Join Filter": 0, "Plans": [{"Node Type": "Nested Loop", "Parent Relationship": "Outer", "Join Type": "Inner", "Startup Cost": 1956350.25, "Total Cost": 41259981.09, "Plan Rows": 15, "Plan Width": 32, "Actual Startup Time": 18960.35, "Actual Total Time": 76712.02, "Actual Rows": 5431247, "Actual Loops": 1, "Inner Unique": true, "Plans": [{"Node Type": "Aggregate", "Strategy": "Hashed", "Parent Relationship": "Outer", "Startup Cost": 1956349.97, "Total Cost": 2069745.97, "Plan Rows": 9071680, "Plan Width": 24, "Actual Startup Time": 18960.226, "Actual Total Time": 23912.293, "Actual Rows": 5442751, "Actual Loops": 1, "Group By Key": ["lineitem.l_partkey", "lineitem.l_suppkey"], "Plans": [{"Node Type": "Bitmap Heap Scan", "Parent Relationship": "Outer", "Relation Name": "lineitem", "Alias": "lineitem", "Startup Cost": 314312.97, "Total Cost": 1865633.17, "Plan Rows": 9071680, "Plan Width": 24, "Actual Startup Time": 4194.642, "Actual Total Time": 11458.292, "Actual Rows": 9109641, "Actual Loops": 1, "Recheck Cond": "((l_shipdate >= '1993-01-01 00:00:00'::timestamp(0) without time zone) AND (l_shipdate < '1994-01-01 00:00:00'::timestamp without time zone)), (LLVM Optimized, Jit Execute)", "Rows Removed by Index Recheck": 0, "Exact Heap Blocks": 1252335, "Lossy Heap Blocks": 1252335, "Plans": [{"Node Type": "Bitmap Index Scan", "Parent Relationship": "Outer", "Index Name": "idx_lineitem_shipdate", "Startup Cost": 0.0, "Total Cost": 312045.05, "Plan Rows": 9071680, "Plan Width": 0, "Actual Startup Time": 3470.055, "Actual Total Time": 3470.055, "Actual Rows": 9109641, "Actual Loops": 1, "Index Cond": "((l_shipdate >= '1993-01-01 00:00:00'::timestamp(0) without time zone) AND (l_shipdate < '1994-01-01 00:00:00'::timestamp without time zone))"}]}]}, {"Node Type": "Bitmap Heap Scan", "Parent Relationship": "Inner", "Relation Name": "partsupp", "Alias": "partsupp", "Startup Cost": 0.28, "Total Cost": 4.3, "Plan Rows": 1, "Plan Width": 24, "Actual Startup Time": 44899.069, "Actual Total Time": 44899.069, "Actual Rows": 5431247, "Actual Loops": 5442751, "Recheck Cond": "((ps_partkey = lineitem.l_partkey) AND (ps_suppkey = lineitem.l_suppkey))", "Rows Removed by Index Recheck": 0, "Filter": "((ps_availqty)::double precision > (.5::double precision * (sum(lineitem.l_quantity))))", "Rows Removed by Filter": 11504, "Exact Heap Blocks": 5442751, "Lossy Heap Blocks": 5442751, "Plans": [{"Node Type": "Bitmap Index Scan", "Parent Relationship": "Outer", "Index Name": "partsupp_pkey", "Startup Cost": 0.0, "Total Cost": 0.28, "Plan Rows": 1, "Plan Width": 0, "Actual Startup Time": 27584.74, "Actual Total Time": 27584.74, "Actual Rows": 5442751, "Actual Loops": 5442751, "Index Cond": "((ps_partkey = lineitem.l_partkey) AND (ps_suppkey = lineitem.l_suppkey))"}]}]}, {"Node Type": "Bitmap Heap Scan", "Parent Relationship": "Inner", "Relation Name": "part", "Alias": "part", "Startup Cost": 0.26, "Total Cost": 4.28, "Plan Rows": 1, "Plan Width": 8, "Actual Startup Time": 39579.35, "Actual Total Time": 39579.35, "Actual Rows": 58537, "Actual Loops": 5431247, "Recheck Cond": "(p_partkey = lineitem.l_partkey)", "Rows Removed by Index Recheck": 0, "Filter": "((p_name)::text ~~ 'green%'::text)", "Rows Removed by Filter": 5372710, "Exact Heap Blocks": 5431247, "Lossy Heap Blocks": 5431247, "Plans": [{"Node Type": "Bitmap Index Scan", "Parent Relationship": "Outer", "Index Name": "part_kpey", "Startup Cost": 0.0, "Total Cost": 0.26, "Plan Rows": 1, "Plan Width": 0, "Actual Startup Time": 23439.794, "Actual Total Time": 23439.794, "Actual Rows": 5431247, "Actual Loops": 5431247, "Index Cond": "(p_partkey = lineitem.l_partkey)"}]}]}]}]}, {"Node Type": "Bitmap Heap Scan", "Parent Relationship": "Inner", "Relation Name": "supplier", "Alias": "supplier", "Startup Cost": 0.26, "Total Cost": 4.27, "Plan Rows": 1, "Plan Width": 63, "Actual Startup Time": 148.575, "Actual Total Time": 148.575, "Actual Rows": 44487, "Actual Loops": 44487, "Recheck Cond": "(s_suppkey = lineitem.l_suppkey)", "Rows Removed by Index Recheck": 0, "Exact Heap Blocks": 44487, "Lossy Heap Blocks": 44487, "Plans": [{"Node Type": "Bitmap Index Scan", "Parent Relationship": "Outer", "Index Name": "supplier_pkey", "Startup Cost": 0.0, "Total Cost": 0.26, "Plan Rows": 1, "Plan Width": 0, "Actual Startup Time": 81.957, "Actual Total Time": 81.957, "Actual Rows": 44487, "Actual Loops": 44487, "Index Cond": "(s_suppkey = lineitem.l_suppkey)"}]}]}, {"Node Type": "Bitmap Heap Scan", "Parent Relationship": "Inner", "Relation Name": "nation", "Alias": "nation", "Startup Cost": 0.26, "Total Cost": 4.27, "Plan Rows": 1, "Plan Width": 4, "Actual Startup Time": 121.825, "Actual Total Time": 121.825, "Actual Rows": 1746, "Actual Loops": 44487, "Recheck Cond": "(n_nationkey = supplier.s_nationkey)", "Rows Removed by Index Recheck": 0, "Filter": "(n_name = 'ALGERIA'::bpchar)", "Rows Removed by Filter": 42741, "Exact Heap Blocks": 44487, "Lossy Heap Blocks": 44487, "Plans": [{"Node Type": "Bitmap Index Scan", "Parent Relationship": "Outer", "Index Name": "nation_pkey", "Startup Cost": 0.0, "Total Cost": 0.26, "Plan Rows": 1, "Plan Width": 0, "Actual Startup Time": 45.466, "Actual Total Time": 45.466, "Actual Rows": 44487, "Actual Loops": 44487, "Index Cond": "(n_nationkey = supplier.s_nationkey)"}]}]}]}, "Triggers": [], "Planner Runtime": 1, "Total Runtime": 123046.421, "Unique SQL Id": 202076520}}, "(1, 8)": {"explain_plan": {"Plan": {"Node Type": "Sort", "Startup Cost": 2931401.79, "Total Cost": 2931406.79, "Plan Rows": 2000, "Plan Width": 51, "Sort Key": ["supplier.s_name"], "Plans": [{"Node Type": "Nested Loop", "Parent Relationship": "Outer", "Join Type": "Semi", "Startup Cost": 2631808.11, "Total Cost": 2931292.13, "Plan Rows": 2000, "Plan Width": 51, "Inner Unique": false, "Join Filter": "(supplier.s_suppkey = lineitem.l_suppkey)", "Plans": [{"Node Type": "Nested Loop", "Parent Relationship": "Outer", "Join Type": "Inner", "Startup Cost": 0.0, "Total Cost": 4534.31, "Plan Rows": 4000, "Plan Width": 59, "Inner Unique": false, "Join Filter": "(supplier.s_nationkey = nation.n_nationkey)", "Plans": [{"Node Type": "Seq Scan", "Parent Relationship": "Outer", "Relation Name": "nation", "Alias": "nation", "Startup Cost": 0.0, "Total Cost": 1.31, "Plan Rows": 1, "Plan Width": 4, "Filter": "(n_name = 'ALGERIA'::bpchar)"}, {"Node Type": "Seq Scan", "Parent Relationship": "Inner", "Relation Name": "supplier", "Alias": "supplier", "Startup Cost": 0.0, "Total Cost": 3283.0, "Plan Rows": 100000, "Plan Width": 63}]}, {"Node Type": "Materialize", "Parent Relationship": "Inner", "Startup Cost": 2631808.11, "Total Cost": 2926637.82, "Plan Rows": 2, "Plan Width": 16, "Plans": [{"Node Type": "Hash Join", "Parent Relationship": "Outer", "Join Type": "Inner", "Startup Cost": 2631808.11, "Total Cost": 2926637.81, "Plan Rows": 2, "Plan Width": 16, "Inner Unique": false, "Hash Cond": "((lineitem.l_partkey = partsupp.ps_partkey) AND (lineitem.l_suppkey = partsupp.ps_suppkey))", "Join Filter": "((partsupp.ps_availqty)::double precision > (.5::double precision * (sum(lineitem.l_quantity))))", "Plans": [{"Node Type": "Aggregate", "Strategy": "Hashed", "Parent Relationship": "Outer", "Startup Cost": 2405767.29, "Total Cost": 2519163.29, "Plan Rows": 9071680, "Plan Width": 24, "Group By Key": ["lineitem.l_partkey", "lineitem.l_suppkey"], "Plans": [{"Node Type": "Seq Scan", "Parent Relationship": "Outer", "Relation Name": "lineitem", "Alias": "lineitem", "Startup Cost": 119.67, "Total Cost": 2315050.5, "Plan Rows": 9071680, "Plan Width": 24, "Filter": "((l_shipdate >= '1993-01-01 00:00:00'::timestamp(0) without time zone) AND (l_shipdate < '1994-01-01 00:00:00'::timestamp without time zone)), (LLVM Optimized)"}]}, {"Node Type": "Hash", "Parent Relationship": "Inner", "Startup Cost": 225072.53, "Total Cost": 225072.53, "Plan Rows": 64552, "Plan Width": 32, "Plans": [{"Node Type": "Nested Loop", "Parent Relationship": "Outer", "Join Type": "Inner", "Startup Cost": 0.0, "Total Cost": 225072.53, "Plan Rows": 64552, "Plan Width": 32, "Inner Unique": false, "Plans": [{"Node Type": "Seq Scan", "Parent Relationship": "Outer", "Relation Name": "part", "Alias": "part", "Startup Cost": 0.0, "Total Cost": 66944.0, "Plan Rows": 22472, "Plan Width": 8, "Filter": "((p_name)::text ~~ 'green%'::text)"}, {"Node Type": "Index Scan", "Parent Relationship": "Inner", "Scan Direction": "Forward", "Index Name": "idx_partsupp_partkey", "Relation Name": "partsupp", "Alias": "partsupp", "Startup Cost": 0.0, "Total Cost": 7.01, "Plan Rows": 3, "Plan Width": 24, "Index Cond": "(ps_partkey = part.p_partkey)"}]}]}]}]}]}]}, "Unique SQL Id": 202076520, "Planner Runtime": 2}, "explain_analyze_plan": {"Plan": {"Node Type": "Sort", "Startup Cost": 2931401.79, "Total Cost": 2931406.79, "Plan Rows": 2000, "Plan Width": 51, "Actual Startup Time": 87026.478, "Actual Total Time": 87026.65, "Actual Rows": 1746, "Actual Loops": 1, "Sort Key": ["supplier.s_name"], "Sort Method": "quicksort", "Sort Space Used": 309, "Sort Space Type": "Memory", "Plans": [{"Node Type": "Nested Loop", "Parent Relationship": "Outer", "Join Type": "Semi", "Startup Cost": 2631808.11, "Total Cost": 2931292.13, "Plan Rows": 2000, "Plan Width": 51, "Actual Startup Time": 37292.043, "Actual Total Time": 87019.196, "Actual Rows": 1746, "Actual Loops": 1, "Inner Unique": false, "Join Filter": "(supplier.s_suppkey = lineitem.l_suppkey)", "Rows Removed by Join Filter": 174379316, "Plans": [{"Node Type": "Nested Loop", "Parent Relationship": "Outer", "Join Type": "Inner", "Startup Cost": 0.0, "Total Cost": 4534.31, "Plan Rows": 4000, "Plan Width": 59, "Actual Startup Time": 0.059, "Actual Total Time": 73.363, "Actual Rows": 3934, "Actual Loops": 1, "Inner Unique": false, "Join Filter": "(supplier.s_nationkey = nation.n_nationkey)", "Rows Removed by Join Filter": 96066, "Plans": [{"Node Type": "Seq Scan", "Parent Relationship": "Outer", "Relation Name": "nation", "Alias": "nation", "Startup Cost": 0.0, "Total Cost": 1.31, "Plan Rows": 1, "Plan Width": 4, "Actual Startup Time": 0.025, "Actual Total Time": 0.122, "Actual Rows": 1, "Actual Loops": 1, "Filter": "(n_name = 'ALGERIA'::bpchar)", "Rows Removed by Filter": 24}, {"Node Type": "Seq Scan", "Parent Relationship": "Inner", "Relation Name": "supplier", "Alias": "supplier", "Startup Cost": 0.0, "Total Cost": 3283.0, "Plan Rows": 100000, "Plan Width": 63, "Actual Startup Time": 0.017, "Actual Total Time": 43.33, "Actual Rows": 100000, "Actual Loops": 1}]}, {"Node Type": "Materialize", "Parent Relationship": "Inner", "Startup Cost": 2631808.11, "Total Cost": 2926637.82, "Plan Rows": 2, "Plan Width": 16, "Actual Startup Time": 32473.226, "Actual Total Time": 54492.867, "Actual Rows": 174381062, "Actual Loops": 3934, "Plans": [{"Node Type": "Hash Join", "Parent Relationship": "Outer", "Join Type": "Inner", "Startup Cost": 2631808.11, "Total Cost": 2926637.81, "Plan Rows": 2, "Plan Width": 16, "Actual Startup Time": 32472.517, "Actual Total Time": 37244.859, "Actual Rows": 58537, "Actual Loops": 1, "Inner Unique": false, "Hash Cond": "((lineitem.l_partkey = partsupp.ps_partkey) AND (lineitem.l_suppkey = partsupp.ps_suppkey))", "Join Filter": "((partsupp.ps_availqty)::double precision > (.5::double precision * (sum(lineitem.l_quantity))))", "Rows Removed by Join Filter": 136, "Plans": [{"Node Type": "Aggregate", "Strategy": "Hashed", "Parent Relationship": "Outer", "Startup Cost": 2405767.29, "Total Cost": 2519163.29, "Plan Rows": 9071680, "Plan Width": 24, "Actual Startup Time": 31472.009, "Actual Total Time": 34657.28, "Actual Rows": 5442751, "Actual Loops": 1, "Group By Key": ["lineitem.l_partkey", "lineitem.l_suppkey"], "Plans": [{"Node Type": "Seq Scan", "Parent Relationship": "Outer", "Relation Name": "lineitem", "Alias": "lineitem", "Startup Cost": 119.67, "Total Cost": 2315050.5, "Plan Rows": 9071680, "Plan Width": 24, "Actual Startup Time": 0.032, "Actual Total Time": 23146.15, "Actual Rows": 9109641, "Actual Loops": 1, "Filter": "((l_shipdate >= '1993-01-01 00:00:00'::timestamp(0) without time zone) AND (l_shipdate < '1994-01-01 00:00:00'::timestamp without time zone)), (LLVM Optimized, Jit Execute)", "Rows Removed by Filter": 50876411}]}, {"Node Type": "Hash", "Parent Relationship": "Inner", "Startup Cost": 225072.53, "Total Cost": 225072.53, "Plan Rows": 64552, "Plan Width": 32, "Actual Startup Time": 1000.33, "Actual Total Time": 1000.33, "Actual Rows": 86224, "Actual Loops": 1, "Hash Buckets": 65536, "Hash Batches": 1, "Original Hash Batches": 1, "Peak Memory Usage": 5389, "Plans": [{"Node Type": "Nested Loop", "Parent Relationship": "Outer", "Join Type": "Inner", "Startup Cost": 0.0, "Total Cost": 225072.53, "Plan Rows": 64552, "Plan Width": 32, "Actual Startup Time": 0.04, "Actual Total Time": 965.581, "Actual Rows": 86224, "Actual Loops": 1, "Inner Unique": false, "Plans": [{"Node Type": "Seq Scan", "Parent Relationship": "Outer", "Relation Name": "part", "Alias": "part", "Startup Cost": 0.0, "Total Cost": 66944.0, "Plan Rows": 22472, "Plan Width": 8, "Actual Startup Time": 0.021, "Actual Total Time": 768.761, "Actual Rows": 21556, "Actual Loops": 1, "Filter": "((p_name)::text ~~ 'green%'::text)", "Rows Removed by Filter": 1978444}, {"Node Type": "Index Scan", "Parent Relationship": "Inner", "Scan Direction": "Forward", "Index Name": "idx_partsupp_partkey", "Relation Name": "partsupp", "Alias": "partsupp", "Startup Cost": 0.0, "Total Cost": 7.01, "Plan Rows": 3, "Plan Width": 24, "Actual Startup Time": 123.556, "Actual Total Time": 164.015, "Actual Rows": 86224, "Actual Loops": 21556, "Index Cond": "(ps_partkey = part.p_partkey)", "Rows Removed by Index Recheck": 0}]}]}]}]}]}]}, "Triggers": [], "Planner Runtime": 2, "Total Runtime": 87036.2, "Unique SQL Id": 202076520}}, "(1, 9)": {"explain_plan": {"Plan": {"Node Type": "Sort", "Startup Cost": 6721015.3, "Total Cost": 6721020.3, "Plan Rows": 2000, "Plan Width": 51, "Sort Key": ["supplier.s_name"], "Plans": [{"Node Type": "Nested Loop", "Parent Relationship": "Outer", "Join Type": "Semi", "Startup Cost": 6419358.7, "Total Cost": 6720905.64, "Plan Rows": 2000, "Plan Width": 51, "Inner Unique": false, "Join Filter": "(supplier.s_suppkey = lineitem.l_suppkey)", "Plans": [{"Node Type": "Nested Loop", "Parent Relationship": "Outer", "Join Type": "Inner", "Startup Cost": 0.0, "Total Cost": 6597.23, "Plan Rows": 4000, "Plan Width": 59, "Inner Unique": false, "Join Filter": "(supplier.s_nationkey = nation.n_nationkey)", "Plans": [{"Node Type": "Index Scan", "Parent Relationship": "Outer", "Scan Direction": "Forward", "Index Name": "nation_pkey", "Relation Name": "nation", "Alias": "nation", "Startup Cost": 0.0, "Total Cost": 12.69, "Plan Rows": 1, "Plan Width": 4, "Filter": "(n_name = 'ALGERIA'::bpchar)"}, {"Node Type": "Index Scan", "Parent Relationship": "Inner", "Scan Direction": "Forward", "Index Name": "supplier_pkey", "Relation Name": "supplier", "Alias": "supplier", "Startup Cost": 0.0, "Total Cost": 5334.54, "Plan Rows": 100000, "Plan Width": 63}]}, {"Node Type": "Materialize", "Parent Relationship": "Inner", "Startup Cost": 6419358.7, "Total Cost": 6714188.41, "Plan Rows": 2, "Plan Width": 16, "Plans": [{"Node Type": "Hash Join", "Parent Relationship": "Outer", "Join Type": "Inner", "Startup Cost": 6419358.7, "Total Cost": 6714188.4, "Plan Rows": 2, "Plan Width": 16, "Inner Unique": false, "Hash Cond": "((lineitem.l_partkey = partsupp.ps_partkey) AND (lineitem.l_suppkey = partsupp.ps_suppkey))", "Join Filter": "((partsupp.ps_availqty)::double precision > (.5::double precision * (sum(lineitem.l_quantity))))", "Plans": [{"Node Type": "Aggregate", "Strategy": "Hashed", "Parent Relationship": "Outer", "Startup Cost": 6154458.63, "Total Cost": 6267854.63, "Plan Rows": 9071680, "Plan Width": 24, "Group By Key": ["lineitem.l_partkey", "lineitem.l_suppkey"], "Plans": [{"Node Type": "Index Scan", "Parent Relationship": "Outer", "Scan Direction": "Forward", "Index Name": "idx_lineitem_shipdate", "Relation Name": "lineitem", "Alias": "lineitem", "Startup Cost": 0.0, "Total Cost": 6063741.83, "Plan Rows": 9071680, "Plan Width": 24, "Index Cond": "((l_shipdate >= '1993-01-01 00:00:00'::timestamp(0) without time zone) AND (l_shipdate < '1994-01-01 00:00:00'::timestamp without time zone)), (LLVM Optimized)"}]}, {"Node Type": "Hash", "Parent Relationship": "Inner", "Startup Cost": 263931.78, "Total Cost": 263931.78, "Plan Rows": 64552, "Plan Width": 32, "Plans": [{"Node Type": "Nested Loop", "Parent Relationship": "Outer", "Join Type": "Inner", "Startup Cost": 0.0, "Total Cost": 263931.78, "Plan Rows": 64552, "Plan Width": 32, "Inner Unique": false, "Plans": [{"Node Type": "Index Scan", "Parent Relationship": "Outer", "Scan Direction": "Forward", "Index Name": "part_kpey", "Relation Name": "part", "Alias": "part", "Startup Cost": 0.0, "Total Cost": 105803.25, "Plan Rows": 22472, "Plan Width": 8, "Filter": "((p_name)::text ~~ 'green%'::text)"}, {"Node Type": "Index Scan", "Parent Relationship": "Inner", "Scan Direction": "Forward", "Index Name": "idx_partsupp_partkey", "Relation Name": "partsupp", "Alias": "partsupp", "Startup Cost": 0.0, "Total Cost": 7.01, "Plan Rows": 3, "Plan Width": 24, "Index Cond": "(ps_partkey = part.p_partkey)"}]}]}]}]}]}]}, "Unique SQL Id": 202076520, "Planner Runtime": 2}, "explain_analyze_plan": {"Plan": {"Node Type": "Sort", "Startup Cost": 6721015.3, "Total Cost": 6721020.3, "Plan Rows": 2000, "Plan Width": 51, "Actual Startup Time": 86749.763, "Actual Total Time": 86749.939, "Actual Rows": 1746, "Actual Loops": 1, "Sort Key": ["supplier.s_name"], "Sort Method": "quicksort", "Sort Space Used": 309, "Sort Space Type": "Memory", "Plans": [{"Node Type": "Nested Loop", "Parent Relationship": "Outer", "Join Type": "Semi", "Startup Cost": 6419358.7, "Total Cost": 6720905.64, "Plan Rows": 2000, "Plan Width": 51, "Actual Startup Time": 37358.663, "Actual Total Time": 86745.413, "Actual Rows": 1746, "Actual Loops": 1, "Inner Unique": false, "Join Filter": "(supplier.s_suppkey = lineitem.l_suppkey)", "Rows Removed by Join Filter": 174379317, "Plans": [{"Node Type": "Nested Loop", "Parent Relationship": "Outer", "Join Type": "Inner", "Startup Cost": 0.0, "Total Cost": 6597.23, "Plan Rows": 4000, "Plan Width": 59, "Actual Startup Time": 0.079, "Actual Total Time": 102.675, "Actual Rows": 3934, "Actual Loops": 1, "Inner Unique": false, "Join Filter": "(supplier.s_nationkey = nation.n_nationkey)", "Rows Removed by Join Filter": 96066, "Plans": [{"Node Type": "Index Scan", "Parent Relationship": "Outer", "Scan Direction": "Forward", "Index Name": "nation_pkey", "Relation Name": "nation", "Alias": "nation", "Startup Cost": 0.0, "Total Cost": 12.69, "Plan Rows": 1, "Plan Width": 4, "Actual Startup Time": 0.022, "Actual Total Time": 0.046, "Actual Rows": 1, "Actual Loops": 1, "Filter": "(n_name = 'ALGERIA'::bpchar)", "Rows Removed by Filter": 24}, {"Node Type": "Index Scan", "Parent Relationship": "Inner", "Scan Direction": "Forward", "Index Name": "supplier_pkey", "Relation Name": "supplier", "Alias": "supplier", "Startup Cost": 0.0, "Total Cost": 5334.54, "Plan Rows": 100000, "Plan Width": 63, "Actual Startup Time": 0.035, "Actual Total Time": 75.077, "Actual Rows": 100000, "Actual Loops": 1}]}, {"Node Type": "Materialize", "Parent Relationship": "Inner", "Startup Cost": 6419358.7, "Total Cost": 6714188.41, "Plan Rows": 2, "Plan Width": 16, "Actual Startup Time": 32367.951, "Actual Total Time": 54246.545, "Actual Rows": 174381063, "Actual Loops": 3934, "Plans": [{"Node Type": "Hash Join", "Parent Relationship": "Outer", "Join Type": "Inner", "Startup Cost": 6419358.7, "Total Cost": 6714188.4, "Plan Rows": 2, "Plan Width": 16, "Actual Startup Time": 32367.177, "Actual Total Time": 37314.777, "Actual Rows": 58537, "Actual Loops": 1, "Inner Unique": false, "Hash Cond": "((lineitem.l_partkey = partsupp.ps_partkey) AND (lineitem.l_suppkey = partsupp.ps_suppkey))", "Join Filter": "((partsupp.ps_availqty)::double precision > (.5::double precision * (sum(lineitem.l_quantity))))", "Rows Removed by Join Filter": 136, "Plans": [{"Node Type": "Aggregate", "Strategy": "Hashed", "Parent Relationship": "Outer", "Startup Cost": 6154458.63, "Total Cost": 6267854.63, "Plan Rows": 9071680, "Plan Width": 24, "Actual Startup Time": 30917.43, "Actual Total Time": 34254.395, "Actual Rows": 5442751, "Actual Loops": 1, "Group By Key": ["lineitem.l_partkey", "lineitem.l_suppkey"], "Plans": [{"Node Type": "Index Scan", "Parent Relationship": "Outer", "Scan Direction": "Forward", "Index Name": "idx_lineitem_shipdate", "Relation Name": "lineitem", "Alias": "lineitem", "Startup Cost": 0.0, "Total Cost": 6063741.83, "Plan Rows": 9071680, "Plan Width": 24, "Actual Startup Time": 0.074, "Actual Total Time": 22513.839, "Actual Rows": 9109641, "Actual Loops": 1, "Index Cond": "((l_shipdate >= '1993-01-01 00:00:00'::timestamp(0) without time zone) AND (l_shipdate < '1994-01-01 00:00:00'::timestamp without time zone)), (LLVM Optimized, Jit Execute)", "Rows Removed by Index Recheck": 0}]}, {"Node Type": "Hash", "Parent Relationship": "Inner", "Startup Cost": 263931.78, "Total Cost": 263931.78, "Plan Rows": 64552, "Plan Width": 32, "Actual Startup Time": 1449.614, "Actual Total Time": 1449.614, "Actual Rows": 86224, "Actual Loops": 1, "Hash Buckets": 65536, "Hash Batches": 1, "Original Hash Batches": 1, "Peak Memory Usage": 5389, "Plans": [{"Node Type": "Nested Loop", "Parent Relationship": "Outer", "Join Type": "Inner", "Startup Cost": 0.0, "Total Cost": 263931.78, "Plan Rows": 64552, "Plan Width": 32, "Actual Startup Time": 0.053, "Actual Total Time": 1416.674, "Actual Rows": 86224, "Actual Loops": 1, "Inner Unique": false, "Plans": [{"Node Type": "Index Scan", "Parent Relationship": "Outer", "Scan Direction": "Forward", "Index Name": "part_kpey", "Relation Name": "part", "Alias": "part", "Startup Cost": 0.0, "Total Cost": 105803.25, "Plan Rows": 22472, "Plan Width": 8, "Actual Startup Time": 0.042, "Actual Total Time": 1229.372, "Actual Rows": 21556, "Actual Loops": 1, "Filter": "((p_name)::text ~~ 'green%'::text)", "Rows Removed by Filter": 1978444}, {"Node Type": "Index Scan", "Parent Relationship": "Inner", "Scan Direction": "Forward", "Index Name": "idx_partsupp_partkey", "Relation Name": "partsupp", "Alias": "partsupp", "Startup Cost": 0.0, "Total Cost": 7.01, "Plan Rows": 3, "Plan Width": 24, "Actual Startup Time": 115.173, "Actual Total Time": 154.781, "Actual Rows": 86224, "Actual Loops": 21556, "Index Cond": "(ps_partkey = part.p_partkey)", "Rows Removed by Index Recheck": 0}]}]}]}]}]}]}, "Triggers": [], "Planner Runtime": 1, "Total Runtime": 86759.59, "Unique SQL Id": 202076520}}, "(1, 10)": {"explain_plan": {"Plan": {"Node Type": "Sort", "Startup Cost": 3064191.97, "Total Cost": 3064196.97, "Plan Rows": 2000, "Plan Width": 51, "Sort Key": ["supplier.s_name"], "Plans": [{"Node Type": "Nested Loop", "Parent Relationship": "Outer", "Join Type": "Semi", "Startup Cost": 2764598.29, "Total Cost": 3064082.31, "Plan Rows": 2000, "Plan Width": 51, "Inner Unique": false, "Join Filter": "(supplier.s_suppkey = lineitem.l_suppkey)", "Plans": [{"Node Type": "Nested Loop", "Parent Relationship": "Outer", "Join Type": "Inner", "Startup Cost": 0.0, "Total Cost": 4534.31, "Plan Rows": 4000, "Plan Width": 59, "Inner Unique": false, "Join Filter": "(supplier.s_nationkey = nation.n_nationkey)", "Plans": [{"Node Type": "Seq Scan", "Parent Relationship": "Outer", "Relation Name": "nation", "Alias": "nation", "Startup Cost": 0.0, "Total Cost": 1.31, "Plan Rows": 1, "Plan Width": 4, "Filter": "(n_name = 'ALGERIA'::bpchar)"}, {"Node Type": "Seq Scan", "Parent Relationship": "Inner", "Relation Name": "supplier", "Alias": "supplier", "Startup Cost": 0.0, "Total Cost": 3283.0, "Plan Rows": 100000, "Plan Width": 63}]}, {"Node Type": "Materialize", "Parent Relationship": "Inner", "Startup Cost": 2764598.29, "Total Cost": 3059428.0, "Plan Rows": 2, "Plan Width": 16, "Plans": [{"Node Type": "Hash Join", "Parent Relationship": "Outer", "Join Type": "Inner", "Startup Cost": 2764598.29, "Total Cost": 3059427.99, "Plan Rows": 2, "Plan Width": 16, "Inner Unique": false, "Hash Cond": "((lineitem.l_partkey = partsupp.ps_partkey) AND (lineitem.l_suppkey = partsupp.ps_suppkey))", "Join Filter": "((partsupp.ps_availqty)::double precision > (.5::double precision * (sum(lineitem.l_quantity))))", "Plans": [{"Node Type": "Aggregate", "Strategy": "Hashed", "Parent Relationship": "Outer", "Startup Cost": 2405767.29, "Total Cost": 2519163.29, "Plan Rows": 9071680, "Plan Width": 24, "Group By Key": ["lineitem.l_partkey", "lineitem.l_suppkey"], "Plans": [{"Node Type": "Seq Scan", "Parent Relationship": "Outer", "Relation Name": "lineitem", "Alias": "lineitem", "Startup Cost": 119.67, "Total Cost": 2315050.5, "Plan Rows": 9071680, "Plan Width": 24, "Filter": "((l_shipdate >= '1993-01-01 00:00:00'::timestamp(0) without time zone) AND (l_shipdate < '1994-01-01 00:00:00'::timestamp without time zone)), (LLVM Optimized)"}]}, {"Node Type": "Hash", "Parent Relationship": "Inner", "Startup Cost": 357862.71, "Total Cost": 357862.71, "Plan Rows": 64552, "Plan Width": 32, "Plans": [{"Node Type": "Hash Join", "Parent Relationship": "Outer", "Join Type": "Inner", "Startup Cost": 67224.9, "Total Cost": 357862.71, "Plan Rows": 64552, "Plan Width": 32, "Inner Unique": true, "Hash Cond": "(partsupp.ps_partkey = part.p_partkey)", "Plans": [{"Node Type": "Seq Scan", "Parent Relationship": "Outer", "Relation Name": "partsupp", "Alias": "partsupp", "Startup Cost": 0.0, "Total Cost": 269987.72, "Plan Rows": 8000372, "Plan Width": 24}, {"Node Type": "Hash", "Parent Relationship": "Inner", "Startup Cost": 66944.0, "Total Cost": 66944.0, "Plan Rows": 22472, "Plan Width": 8, "Plans": [{"Node Type": "Seq Scan", "Parent Relationship": "Outer", "Relation Name": "part", "Alias": "part", "Startup Cost": 0.0, "Total Cost": 66944.0, "Plan Rows": 22472, "Plan Width": 8, "Filter": "((p_name)::text ~~ 'green%'::text)"}]}]}]}]}]}]}]}, "Unique SQL Id": 202076520, "Planner Runtime": 2}, "explain_analyze_plan": {"Plan": {"Node Type": "Sort", "Startup Cost": 3064191.97, "Total Cost": 3064196.97, "Plan Rows": 2000, "Plan Width": 51, "Actual Startup Time": 90537.631, "Actual Total Time": 90537.773, "Actual Rows": 1746, "Actual Loops": 1, "Sort Key": ["supplier.s_name"], "Sort Method": "quicksort", "Sort Space Used": 309, "Sort Space Type": "Memory", "Plans": [{"Node Type": "Nested Loop", "Parent Relationship": "Outer", "Join Type": "Semi", "Startup Cost": 2764598.29, "Total Cost": 3064082.31, "Plan Rows": 2000, "Plan Width": 51, "Actual Startup Time": 40204.066, "Actual Total Time": 90530.28, "Actual Rows": 1746, "Actual Loops": 1, "Inner Unique": false, "Join Filter": "(supplier.s_suppkey = lineitem.l_suppkey)", "Rows Removed by Join Filter": 174379316, "Plans": [{"Node Type": "Nested Loop", "Parent Relationship": "Outer", "Join Type": "Inner", "Startup Cost": 0.0, "Total Cost": 4534.31, "Plan Rows": 4000, "Plan Width": 59, "Actual Startup Time": 0.059, "Actual Total Time": 74.066, "Actual Rows": 3934, "Actual Loops": 1, "Inner Unique": false, "Join Filter": "(supplier.s_nationkey = nation.n_nationkey)", "Rows Removed by Join Filter": 96066, "Plans": [{"Node Type": "Seq Scan", "Parent Relationship": "Outer", "Relation Name": "nation", "Alias": "nation", "Startup Cost": 0.0, "Total Cost": 1.31, "Plan Rows": 1, "Plan Width": 4, "Actual Startup Time": 0.024, "Actual Total Time": 0.113, "Actual Rows": 1, "Actual Loops": 1, "Filter": "(n_name = 'ALGERIA'::bpchar)", "Rows Removed by Filter": 24}, {"Node Type": "Seq Scan", "Parent Relationship": "Inner", "Relation Name": "supplier", "Alias": "supplier", "Startup Cost": 0.0, "Total Cost": 3283.0, "Plan Rows": 100000, "Plan Width": 63, "Actual Startup Time": 0.019, "Actual Total Time": 44.334, "Actual Rows": 100000, "Actual Loops": 1}]}, {"Node Type": "Materialize", "Parent Relationship": "Inner", "Startup Cost": 2764598.29, "Total Cost": 3059428.0, "Plan Rows": 2, "Plan Width": 16, "Actual Startup Time": 35477.373, "Actual Total Time": 57394.752, "Actual Rows": 174381062, "Actual Loops": 3934, "Plans": [{"Node Type": "Hash Join", "Parent Relationship": "Outer", "Join Type": "Inner", "Startup Cost": 2764598.29, "Total Cost": 3059427.99, "Plan Rows": 2, "Plan Width": 16, "Actual Startup Time": 35476.648, "Actual Total Time": 40160.085, "Actual Rows": 58537, "Actual Loops": 1, "Inner Unique": false, "Hash Cond": "((lineitem.l_partkey = partsupp.ps_partkey) AND (lineitem.l_suppkey = partsupp.ps_suppkey))", "Join Filter": "((partsupp.ps_availqty)::double precision > (.5::double precision * (sum(lineitem.l_quantity))))", "Rows Removed by Join Filter": 136, "Plans": [{"Node Type": "Aggregate", "Strategy": "Hashed", "Parent Relationship": "Outer", "Startup Cost": 2405767.29, "Total Cost": 2519163.29, "Plan Rows": 9071680, "Plan Width": 24, "Actual Startup Time": 30733.339, "Actual Total Time": 33831.931, "Actual Rows": 5442751, "Actual Loops": 1, "Group By Key": ["lineitem.l_partkey", "lineitem.l_suppkey"], "Plans": [{"Node Type": "Seq Scan", "Parent Relationship": "Outer", "Relation Name": "lineitem", "Alias": "lineitem", "Startup Cost": 119.67, "Total Cost": 2315050.5, "Plan Rows": 9071680, "Plan Width": 24, "Actual Startup Time": 0.213, "Actual Total Time": 22997.544, "Actual Rows": 9109641, "Actual Loops": 1, "Filter": "((l_shipdate >= '1993-01-01 00:00:00'::timestamp(0) without time zone) AND (l_shipdate < '1994-01-01 00:00:00'::timestamp without time zone)), (LLVM Optimized, Jit Execute)", "Rows Removed by Filter": 50876411}]}, {"Node Type": "Hash", "Parent Relationship": "Inner", "Startup Cost": 357862.71, "Total Cost": 357862.71, "Plan Rows": 64552, "Plan Width": 32, "Actual Startup Time": 4742.951, "Actual Total Time": 4742.951, "Actual Rows": 86224, "Actual Loops": 1, "Hash Buckets": 65536, "Hash Batches": 1, "Original Hash Batches": 1, "Peak Memory Usage": 5389, "Plans": [{"Node Type": "Hash Join", "Parent Relationship": "Outer", "Join Type": "Inner", "Startup Cost": 67224.9, "Total Cost": 357862.71, "Plan Rows": 64552, "Plan Width": 32, "Actual Startup Time": 765.651, "Actual Total Time": 4702.159, "Actual Rows": 86224, "Actual Loops": 1, "Inner Unique": true, "Hash Cond": "(partsupp.ps_partkey = part.p_partkey)", "Plans": [{"Node Type": "Seq Scan", "Parent Relationship": "Outer", "Relation Name": "partsupp", "Alias": "partsupp", "Startup Cost": 0.0, "Total Cost": 269987.72, "Plan Rows": 8000372, "Plan Width": 24, "Actual Startup Time": 0.01, "Actual Total Time": 2393.977, "Actual Rows": 8000000, "Actual Loops": 1}, {"Node Type": "Hash", "Parent Relationship": "Inner", "Startup Cost": 66944.0, "Total Cost": 66944.0, "Plan Rows": 22472, "Plan Width": 8, "Actual Startup Time": 765.493, "Actual Total Time": 765.493, "Actual Rows": 21556, "Actual Loops": 1, "Hash Buckets": 32768, "Hash Batches": 1, "Original Hash Batches": 1, "Peak Memory Usage": 843, "Plans": [{"Node Type": "Seq Scan", "Parent Relationship": "Outer", "Relation Name": "part", "Alias": "part", "Startup Cost": 0.0, "Total Cost": 66944.0, "Plan Rows": 22472, "Plan Width": 8, "Actual Startup Time": 0.027, "Actual Total Time": 757.789, "Actual Rows": 21556, "Actual Loops": 1, "Filter": "((p_name)::text ~~ 'green%'::text)", "Rows Removed by Filter": 1978444}]}]}]}]}]}]}]}, "Triggers": [], "Planner Runtime": 1, "Total Runtime": 90547.444, "Unique SQL Id": 202076520}}, "(1, 11)": {"explain_plan": {"Plan": {"Node Type": "Sort", "Startup Cost": 5018253560954.49, "Total Cost": 5018253560959.49, "Plan Rows": 2000, "Plan Width": 51, "Sort Key": ["supplier.s_name"], "Plans": [{"Node Type": "Merge Join", "Parent Relationship": "Outer", "Join Type": "Semi", "Startup Cost": 50000000000.0, "Total Cost": 5018253560844.84, "Plan Rows": 2000, "Plan Width": 51, "Inner Unique": false, "Merge Cond": "(supplier.s_suppkey = subquery.\"?column?\")", "Plans": [{"Node Type": "Nested Loop", "Parent Relationship": "Outer", "Join Type": "Inner", "Startup Cost": 20000000000.0, "Total Cost": 2000000536223.13, "Plan Rows": 4000, "Plan Width": 59, "Inner Unique": true, "Join Filter": "(supplier.s_nationkey = nation.n_nationkey)", "Plans": [{"Node Type": "Index Scan", "Parent Relationship": "Outer", "Scan Direction": "Forward", "Index Name": "supplier_pkey", "Relation Name": "supplier", "Alias": "supplier", "Startup Cost": 10000000000.0, "Total Cost": 1000000533454.38, "Plan Rows": 100000, "Plan Width": 63}, {"Node Type": "Materialize", "Parent Relationship": "Inner", "Startup Cost": 10000000000.0, "Total Cost": 1000000001268.76, "Plan Rows": 1, "Plan Width": 4, "Plans": [{"Node Type": "Index Scan", "Parent Relationship": "Outer", "Scan Direction": "Forward", "Index Name": "nation_pkey", "Relation Name": "nation", "Alias": "nation", "Startup Cost": 10000000000.0, "Total Cost": 1000000001268.75, "Plan Rows": 1, "Plan Width": 4, "Filter": "(n_name = 'ALGERIA'::bpchar)"}]}]}, {"Node Type": "Materialize", "Parent Relationship": "Inner", "Startup Cost": 30000000000.0, "Total Cost": 3018253024611.68, "Plan Rows": 2, "Plan Width": 16, "Plans": [{"Node Type": "Nested Loop", "Parent Relationship": "Outer", "Join Type": "Inner", "Startup Cost": 30000000000.0, "Total Cost": 3018253024611.67, "Plan Rows": 2, "Plan Width": 16, "Inner Unique": true, "Join Filter": "((partsupp.ps_partkey = subquery.\"?column?\") AND (partsupp.ps_suppkey = subquery.\"?column?\") AND ((partsupp.ps_availqty)::double precision > (.5::double precision * subquery.\"?column?\")))", "Plans": [{"Node Type": "Nested Loop", "Parent Relationship": "Outer", "Join Type": "Semi", "Startup Cost": 20000000000.0, "Total Cost": 2002807445082.73, "Plan Rows": 64552, "Plan Width": 32, "Inner Unique": false, "Join Filter": "(partsupp.ps_partkey = part.p_partkey)", "Plans": [{"Node Type": "Index Scan", "Parent Relationship": "Outer", "Scan Direction": "Forward", "Index Name": "idx_partsupp_suppkey", "Relation Name": "partsupp", "Alias": "partsupp", "Startup Cost": 10000000000.0, "Total Cost": 1000100160480.77, "Plan Rows": 8000372, "Plan Width": 24}, {"Node Type": "Materialize", "Parent Relationship": "Inner", "Startup Cost": 10000000000.0, "Total Cost": 1000010580437.36, "Plan Rows": 22472, "Plan Width": 8, "Plans": [{"Node Type": "Index Scan", "Parent Relationship": "Outer", "Scan Direction": "Forward", "Index Name": "part_kpey", "Relation Name": "part", "Alias": "part", "Startup Cost": 10000000000.0, "Total Cost": 1000010580325.0, "Plan Rows": 22472, "Plan Width": 8, "Filter": "((p_name)::text ~~ 'green%'::text)"}]}]}, {"Node Type": "Materialize", "Parent Relationship": "Inner", "Startup Cost": 10000000000.0, "Total Cost": 1000805725024.14, "Plan Rows": 9071680, "Plan Width": 24, "Plans": [{"Node Type": "Subquery Scan", "Parent Relationship": "Outer", "Alias": "subquery", "Startup Cost": 10000000000.0, "Total Cost": 1000805679665.74, "Plan Rows": 9071680, "Plan Width": 24, "Plans": [{"Node Type": "Aggregate", "Strategy": "Sorted", "Parent Relationship": "Subquery", "Startup Cost": 10000000000.0, "Total Cost": 1000805588948.94, "Plan Rows": 9071680, "Plan Width": 40, "Group By Key": ["lineitem.l_partkey", "lineitem.l_suppkey"], "Plans": [{"Node Type": "Index Scan", "Parent Relationship": "Outer", "Scan Direction": "Forward", "Index Name": "idx_lineitem_part_supp", "Relation Name": "lineitem", "Alias": "lineitem", "Startup Cost": 10000000000.0, "Total Cost": 1000805384836.14, "Plan Rows": 9071680, "Plan Width": 24, "Filter": "((l_shipdate >= '1993-01-01 00:00:00'::timestamp(0) without time zone) AND (l_shipdate < '1994-01-01 00:00:00'::timestamp without time zone)), (LLVM Optimized)"}]}]}]}]}]}]}]}, "Unique SQL Id": 202076520, "Planner Runtime": 2}, "explain_analyze_plan": null}, "(1, 12)": {"explain_plan": {"Plan": {"Node Type": "Sort", "Startup Cost": 2931401.79, "Total Cost": 2931406.79, "Plan Rows": 2000, "Plan Width": 51, "Sort Key": ["supplier.s_name"], "Plans": [{"Node Type": "Nested Loop", "Parent Relationship": "Outer", "Join Type": "Semi", "Startup Cost": 2631808.11, "Total Cost": 2931292.13, "Plan Rows": 2000, "Plan Width": 51, "Inner Unique": false, "Join Filter": "(supplier.s_suppkey = lineitem.l_suppkey)", "Plans": [{"Node Type": "Nested Loop", "Parent Relationship": "Outer", "Join Type": "Inner", "Startup Cost": 0.0, "Total Cost": 4534.31, "Plan Rows": 4000, "Plan Width": 59, "Inner Unique": false, "Join Filter": "(supplier.s_nationkey = nation.n_nationkey)", "Plans": [{"Node Type": "Seq Scan", "Parent Relationship": "Outer", "Relation Name": "nation", "Alias": "nation", "Startup Cost": 0.0, "Total Cost": 1.31, "Plan Rows": 1, "Plan Width": 4, "Filter": "(n_name = 'ALGERIA'::bpchar)"}, {"Node Type": "Seq Scan", "Parent Relationship": "Inner", "Relation Name": "supplier", "Alias": "supplier", "Startup Cost": 0.0, "Total Cost": 3283.0, "Plan Rows": 100000, "Plan Width": 63}]}, {"Node Type": "Materialize", "Parent Relationship": "Inner", "Startup Cost": 2631808.11, "Total Cost": 2926637.82, "Plan Rows": 2, "Plan Width": 16, "Plans": [{"Node Type": "Hash Join", "Parent Relationship": "Outer", "Join Type": "Inner", "Startup Cost": 2631808.11, "Total Cost": 2926637.81, "Plan Rows": 2, "Plan Width": 16, "Inner Unique": false, "Hash Cond": "((lineitem.l_partkey = partsupp.ps_partkey) AND (lineitem.l_suppkey = partsupp.ps_suppkey))", "Join Filter": "((partsupp.ps_availqty)::double precision > (.5::double precision * (sum(lineitem.l_quantity))))", "Plans": [{"Node Type": "Aggregate", "Strategy": "Hashed", "Parent Relationship": "Outer", "Startup Cost": 2405767.29, "Total Cost": 2519163.29, "Plan Rows": 9071680, "Plan Width": 24, "Group By Key": ["lineitem.l_partkey", "lineitem.l_suppkey"], "Plans": [{"Node Type": "Seq Scan", "Parent Relationship": "Outer", "Relation Name": "lineitem", "Alias": "lineitem", "Startup Cost": 119.67, "Total Cost": 2315050.5, "Plan Rows": 9071680, "Plan Width": 24, "Filter": "((l_shipdate >= '1993-01-01 00:00:00'::timestamp(0) without time zone) AND (l_shipdate < '1994-01-01 00:00:00'::timestamp without time zone)), (LLVM Optimized)"}]}, {"Node Type": "Hash", "Parent Relationship": "Inner", "Startup Cost": 225072.53, "Total Cost": 225072.53, "Plan Rows": 64552, "Plan Width": 32, "Plans": [{"Node Type": "Nested Loop", "Parent Relationship": "Outer", "Join Type": "Inner", "Startup Cost": 0.0, "Total Cost": 225072.53, "Plan Rows": 64552, "Plan Width": 32, "Inner Unique": false, "Plans": [{"Node Type": "Seq Scan", "Parent Relationship": "Outer", "Relation Name": "part", "Alias": "part", "Startup Cost": 0.0, "Total Cost": 66944.0, "Plan Rows": 22472, "Plan Width": 8, "Filter": "((p_name)::text ~~ 'green%'::text)"}, {"Node Type": "Index Scan", "Parent Relationship": "Inner", "Scan Direction": "Forward", "Index Name": "idx_partsupp_partkey", "Relation Name": "partsupp", "Alias": "partsupp", "Startup Cost": 0.0, "Total Cost": 7.01, "Plan Rows": 3, "Plan Width": 24, "Index Cond": "(ps_partkey = part.p_partkey)"}]}]}]}]}]}]}, "Unique SQL Id": 202076520, "Planner Runtime": 2}, "explain_analyze_plan": {"Plan": {"Node Type": "Sort", "Startup Cost": 2931401.79, "Total Cost": 2931406.79, "Plan Rows": 2000, "Plan Width": 51, "Actual Startup Time": 87026.478, "Actual Total Time": 87026.65, "Actual Rows": 1746, "Actual Loops": 1, "Sort Key": ["supplier.s_name"], "Sort Method": "quicksort", "Sort Space Used": 309, "Sort Space Type": "Memory", "Plans": [{"Node Type": "Nested Loop", "Parent Relationship": "Outer", "Join Type": "Semi", "Startup Cost": 2631808.11, "Total Cost": 2931292.13, "Plan Rows": 2000, "Plan Width": 51, "Actual Startup Time": 37292.043, "Actual Total Time": 87019.196, "Actual Rows": 1746, "Actual Loops": 1, "Inner Unique": false, "Join Filter": "(supplier.s_suppkey = lineitem.l_suppkey)", "Rows Removed by Join Filter": 174379316, "Plans": [{"Node Type": "Nested Loop", "Parent Relationship": "Outer", "Join Type": "Inner", "Startup Cost": 0.0, "Total Cost": 4534.31, "Plan Rows": 4000, "Plan Width": 59, "Actual Startup Time": 0.059, "Actual Total Time": 73.363, "Actual Rows": 3934, "Actual Loops": 1, "Inner Unique": false, "Join Filter": "(supplier.s_nationkey = nation.n_nationkey)", "Rows Removed by Join Filter": 96066, "Plans": [{"Node Type": "Seq Scan", "Parent Relationship": "Outer", "Relation Name": "nation", "Alias": "nation", "Startup Cost": 0.0, "Total Cost": 1.31, "Plan Rows": 1, "Plan Width": 4, "Actual Startup Time": 0.025, "Actual Total Time": 0.122, "Actual Rows": 1, "Actual Loops": 1, "Filter": "(n_name = 'ALGERIA'::bpchar)", "Rows Removed by Filter": 24}, {"Node Type": "Seq Scan", "Parent Relationship": "Inner", "Relation Name": "supplier", "Alias": "supplier", "Startup Cost": 0.0, "Total Cost": 3283.0, "Plan Rows": 100000, "Plan Width": 63, "Actual Startup Time": 0.017, "Actual Total Time": 43.33, "Actual Rows": 100000, "Actual Loops": 1}]}, {"Node Type": "Materialize", "Parent Relationship": "Inner", "Startup Cost": 2631808.11, "Total Cost": 2926637.82, "Plan Rows": 2, "Plan Width": 16, "Actual Startup Time": 32473.226, "Actual Total Time": 54492.867, "Actual Rows": 174381062, "Actual Loops": 3934, "Plans": [{"Node Type": "Hash Join", "Parent Relationship": "Outer", "Join Type": "Inner", "Startup Cost": 2631808.11, "Total Cost": 2926637.81, "Plan Rows": 2, "Plan Width": 16, "Actual Startup Time": 32472.517, "Actual Total Time": 37244.859, "Actual Rows": 58537, "Actual Loops": 1, "Inner Unique": false, "Hash Cond": "((lineitem.l_partkey = partsupp.ps_partkey) AND (lineitem.l_suppkey = partsupp.ps_suppkey))", "Join Filter": "((partsupp.ps_availqty)::double precision > (.5::double precision * (sum(lineitem.l_quantity))))", "Rows Removed by Join Filter": 136, "Plans": [{"Node Type": "Aggregate", "Strategy": "Hashed", "Parent Relationship": "Outer", "Startup Cost": 2405767.29, "Total Cost": 2519163.29, "Plan Rows": 9071680, "Plan Width": 24, "Actual Startup Time": 31472.009, "Actual Total Time": 34657.28, "Actual Rows": 5442751, "Actual Loops": 1, "Group By Key": ["lineitem.l_partkey", "lineitem.l_suppkey"], "Plans": [{"Node Type": "Seq Scan", "Parent Relationship": "Outer", "Relation Name": "lineitem", "Alias": "lineitem", "Startup Cost": 119.67, "Total Cost": 2315050.5, "Plan Rows": 9071680, "Plan Width": 24, "Actual Startup Time": 0.032, "Actual Total Time": 23146.15, "Actual Rows": 9109641, "Actual Loops": 1, "Filter": "((l_shipdate >= '1993-01-01 00:00:00'::timestamp(0) without time zone) AND (l_shipdate < '1994-01-01 00:00:00'::timestamp without time zone)), (LLVM Optimized, Jit Execute)", "Rows Removed by Filter": 50876411}]}, {"Node Type": "Hash", "Parent Relationship": "Inner", "Startup Cost": 225072.53, "Total Cost": 225072.53, "Plan Rows": 64552, "Plan Width": 32, "Actual Startup Time": 1000.33, "Actual Total Time": 1000.33, "Actual Rows": 86224, "Actual Loops": 1, "Hash Buckets": 65536, "Hash Batches": 1, "Original Hash Batches": 1, "Peak Memory Usage": 5389, "Plans": [{"Node Type": "Nested Loop", "Parent Relationship": "Outer", "Join Type": "Inner", "Startup Cost": 0.0, "Total Cost": 225072.53, "Plan Rows": 64552, "Plan Width": 32, "Actual Startup Time": 0.04, "Actual Total Time": 965.581, "Actual Rows": 86224, "Actual Loops": 1, "Inner Unique": false, "Plans": [{"Node Type": "Seq Scan", "Parent Relationship": "Outer", "Relation Name": "part", "Alias": "part", "Startup Cost": 0.0, "Total Cost": 66944.0, "Plan Rows": 22472, "Plan Width": 8, "Actual Startup Time": 0.021, "Actual Total Time": 768.761, "Actual Rows": 21556, "Actual Loops": 1, "Filter": "((p_name)::text ~~ 'green%'::text)", "Rows Removed by Filter": 1978444}, {"Node Type": "Index Scan", "Parent Relationship": "Inner", "Scan Direction": "Forward", "Index Name": "idx_partsupp_partkey", "Relation Name": "partsupp", "Alias": "partsupp", "Startup Cost": 0.0, "Total Cost": 7.01, "Plan Rows": 3, "Plan Width": 24, "Actual Startup Time": 123.556, "Actual Total Time": 164.015, "Actual Rows": 86224, "Actual Loops": 21556, "Index Cond": "(ps_partkey = part.p_partkey)", "Rows Removed by Index Recheck": 0}]}]}]}]}]}]}, "Triggers": [], "Planner Runtime": 2, "Total Runtime": 87036.2, "Unique SQL Id": 202076520}}, "(1, 13)": {"explain_plan": {"Plan": {"Node Type": "Sort", "Startup Cost": 6721015.3, "Total Cost": 6721020.3, "Plan Rows": 2000, "Plan Width": 51, "Sort Key": ["supplier.s_name"], "Plans": [{"Node Type": "Nested Loop", "Parent Relationship": "Outer", "Join Type": "Semi", "Startup Cost": 6419358.7, "Total Cost": 6720905.64, "Plan Rows": 2000, "Plan Width": 51, "Inner Unique": false, "Join Filter": "(supplier.s_suppkey = lineitem.l_suppkey)", "Plans": [{"Node Type": "Nested Loop", "Parent Relationship": "Outer", "Join Type": "Inner", "Startup Cost": 0.0, "Total Cost": 6597.23, "Plan Rows": 4000, "Plan Width": 59, "Inner Unique": false, "Join Filter": "(supplier.s_nationkey = nation.n_nationkey)", "Plans": [{"Node Type": "Index Scan", "Parent Relationship": "Outer", "Scan Direction": "Forward", "Index Name": "nation_pkey", "Relation Name": "nation", "Alias": "nation", "Startup Cost": 0.0, "Total Cost": 12.69, "Plan Rows": 1, "Plan Width": 4, "Filter": "(n_name = 'ALGERIA'::bpchar)"}, {"Node Type": "Index Scan", "Parent Relationship": "Inner", "Scan Direction": "Forward", "Index Name": "supplier_pkey", "Relation Name": "supplier", "Alias": "supplier", "Startup Cost": 0.0, "Total Cost": 5334.54, "Plan Rows": 100000, "Plan Width": 63}]}, {"Node Type": "Materialize", "Parent Relationship": "Inner", "Startup Cost": 6419358.7, "Total Cost": 6714188.41, "Plan Rows": 2, "Plan Width": 16, "Plans": [{"Node Type": "Hash Join", "Parent Relationship": "Outer", "Join Type": "Inner", "Startup Cost": 6419358.7, "Total Cost": 6714188.4, "Plan Rows": 2, "Plan Width": 16, "Inner Unique": false, "Hash Cond": "((lineitem.l_partkey = partsupp.ps_partkey) AND (lineitem.l_suppkey = partsupp.ps_suppkey))", "Join Filter": "((partsupp.ps_availqty)::double precision > (.5::double precision * (sum(lineitem.l_quantity))))", "Plans": [{"Node Type": "Aggregate", "Strategy": "Hashed", "Parent Relationship": "Outer", "Startup Cost": 6154458.63, "Total Cost": 6267854.63, "Plan Rows": 9071680, "Plan Width": 24, "Group By Key": ["lineitem.l_partkey", "lineitem.l_suppkey"], "Plans": [{"Node Type": "Index Scan", "Parent Relationship": "Outer", "Scan Direction": "Forward", "Index Name": "idx_lineitem_shipdate", "Relation Name": "lineitem", "Alias": "lineitem", "Startup Cost": 0.0, "Total Cost": 6063741.83, "Plan Rows": 9071680, "Plan Width": 24, "Index Cond": "((l_shipdate >= '1993-01-01 00:00:00'::timestamp(0) without time zone) AND (l_shipdate < '1994-01-01 00:00:00'::timestamp without time zone)), (LLVM Optimized)"}]}, {"Node Type": "Hash", "Parent Relationship": "Inner", "Startup Cost": 263931.78, "Total Cost": 263931.78, "Plan Rows": 64552, "Plan Width": 32, "Plans": [{"Node Type": "Nested Loop", "Parent Relationship": "Outer", "Join Type": "Inner", "Startup Cost": 0.0, "Total Cost": 263931.78, "Plan Rows": 64552, "Plan Width": 32, "Inner Unique": false, "Plans": [{"Node Type": "Index Scan", "Parent Relationship": "Outer", "Scan Direction": "Forward", "Index Name": "part_kpey", "Relation Name": "part", "Alias": "part", "Startup Cost": 0.0, "Total Cost": 105803.25, "Plan Rows": 22472, "Plan Width": 8, "Filter": "((p_name)::text ~~ 'green%'::text)"}, {"Node Type": "Index Scan", "Parent Relationship": "Inner", "Scan Direction": "Forward", "Index Name": "idx_partsupp_partkey", "Relation Name": "partsupp", "Alias": "partsupp", "Startup Cost": 0.0, "Total Cost": 7.01, "Plan Rows": 3, "Plan Width": 24, "Index Cond": "(ps_partkey = part.p_partkey)"}]}]}]}]}]}]}, "Unique SQL Id": 202076520, "Planner Runtime": 2}, "explain_analyze_plan": {"Plan": {"Node Type": "Sort", "Startup Cost": 6721015.3, "Total Cost": 6721020.3, "Plan Rows": 2000, "Plan Width": 51, "Actual Startup Time": 86749.763, "Actual Total Time": 86749.939, "Actual Rows": 1746, "Actual Loops": 1, "Sort Key": ["supplier.s_name"], "Sort Method": "quicksort", "Sort Space Used": 309, "Sort Space Type": "Memory", "Plans": [{"Node Type": "Nested Loop", "Parent Relationship": "Outer", "Join Type": "Semi", "Startup Cost": 6419358.7, "Total Cost": 6720905.64, "Plan Rows": 2000, "Plan Width": 51, "Actual Startup Time": 37358.663, "Actual Total Time": 86745.413, "Actual Rows": 1746, "Actual Loops": 1, "Inner Unique": false, "Join Filter": "(supplier.s_suppkey = lineitem.l_suppkey)", "Rows Removed by Join Filter": 174379317, "Plans": [{"Node Type": "Nested Loop", "Parent Relationship": "Outer", "Join Type": "Inner", "Startup Cost": 0.0, "Total Cost": 6597.23, "Plan Rows": 4000, "Plan Width": 59, "Actual Startup Time": 0.079, "Actual Total Time": 102.675, "Actual Rows": 3934, "Actual Loops": 1, "Inner Unique": false, "Join Filter": "(supplier.s_nationkey = nation.n_nationkey)", "Rows Removed by Join Filter": 96066, "Plans": [{"Node Type": "Index Scan", "Parent Relationship": "Outer", "Scan Direction": "Forward", "Index Name": "nation_pkey", "Relation Name": "nation", "Alias": "nation", "Startup Cost": 0.0, "Total Cost": 12.69, "Plan Rows": 1, "Plan Width": 4, "Actual Startup Time": 0.022, "Actual Total Time": 0.046, "Actual Rows": 1, "Actual Loops": 1, "Filter": "(n_name = 'ALGERIA'::bpchar)", "Rows Removed by Filter": 24}, {"Node Type": "Index Scan", "Parent Relationship": "Inner", "Scan Direction": "Forward", "Index Name": "supplier_pkey", "Relation Name": "supplier", "Alias": "supplier", "Startup Cost": 0.0, "Total Cost": 5334.54, "Plan Rows": 100000, "Plan Width": 63, "Actual Startup Time": 0.035, "Actual Total Time": 75.077, "Actual Rows": 100000, "Actual Loops": 1}]}, {"Node Type": "Materialize", "Parent Relationship": "Inner", "Startup Cost": 6419358.7, "Total Cost": 6714188.41, "Plan Rows": 2, "Plan Width": 16, "Actual Startup Time": 32367.951, "Actual Total Time": 54246.545, "Actual Rows": 174381063, "Actual Loops": 3934, "Plans": [{"Node Type": "Hash Join", "Parent Relationship": "Outer", "Join Type": "Inner", "Startup Cost": 6419358.7, "Total Cost": 6714188.4, "Plan Rows": 2, "Plan Width": 16, "Actual Startup Time": 32367.177, "Actual Total Time": 37314.777, "Actual Rows": 58537, "Actual Loops": 1, "Inner Unique": false, "Hash Cond": "((lineitem.l_partkey = partsupp.ps_partkey) AND (lineitem.l_suppkey = partsupp.ps_suppkey))", "Join Filter": "((partsupp.ps_availqty)::double precision > (.5::double precision * (sum(lineitem.l_quantity))))", "Rows Removed by Join Filter": 136, "Plans": [{"Node Type": "Aggregate", "Strategy": "Hashed", "Parent Relationship": "Outer", "Startup Cost": 6154458.63, "Total Cost": 6267854.63, "Plan Rows": 9071680, "Plan Width": 24, "Actual Startup Time": 30917.43, "Actual Total Time": 34254.395, "Actual Rows": 5442751, "Actual Loops": 1, "Group By Key": ["lineitem.l_partkey", "lineitem.l_suppkey"], "Plans": [{"Node Type": "Index Scan", "Parent Relationship": "Outer", "Scan Direction": "Forward", "Index Name": "idx_lineitem_shipdate", "Relation Name": "lineitem", "Alias": "lineitem", "Startup Cost": 0.0, "Total Cost": 6063741.83, "Plan Rows": 9071680, "Plan Width": 24, "Actual Startup Time": 0.074, "Actual Total Time": 22513.839, "Actual Rows": 9109641, "Actual Loops": 1, "Index Cond": "((l_shipdate >= '1993-01-01 00:00:00'::timestamp(0) without time zone) AND (l_shipdate < '1994-01-01 00:00:00'::timestamp without time zone)), (LLVM Optimized, Jit Execute)", "Rows Removed by Index Recheck": 0}]}, {"Node Type": "Hash", "Parent Relationship": "Inner", "Startup Cost": 263931.78, "Total Cost": 263931.78, "Plan Rows": 64552, "Plan Width": 32, "Actual Startup Time": 1449.614, "Actual Total Time": 1449.614, "Actual Rows": 86224, "Actual Loops": 1, "Hash Buckets": 65536, "Hash Batches": 1, "Original Hash Batches": 1, "Peak Memory Usage": 5389, "Plans": [{"Node Type": "Nested Loop", "Parent Relationship": "Outer", "Join Type": "Inner", "Startup Cost": 0.0, "Total Cost": 263931.78, "Plan Rows": 64552, "Plan Width": 32, "Actual Startup Time": 0.053, "Actual Total Time": 1416.674, "Actual Rows": 86224, "Actual Loops": 1, "Inner Unique": false, "Plans": [{"Node Type": "Index Scan", "Parent Relationship": "Outer", "Scan Direction": "Forward", "Index Name": "part_kpey", "Relation Name": "part", "Alias": "part", "Startup Cost": 0.0, "Total Cost": 105803.25, "Plan Rows": 22472, "Plan Width": 8, "Actual Startup Time": 0.042, "Actual Total Time": 1229.372, "Actual Rows": 21556, "Actual Loops": 1, "Filter": "((p_name)::text ~~ 'green%'::text)", "Rows Removed by Filter": 1978444}, {"Node Type": "Index Scan", "Parent Relationship": "Inner", "Scan Direction": "Forward", "Index Name": "idx_partsupp_partkey", "Relation Name": "partsupp", "Alias": "partsupp", "Startup Cost": 0.0, "Total Cost": 7.01, "Plan Rows": 3, "Plan Width": 24, "Actual Startup Time": 115.173, "Actual Total Time": 154.781, "Actual Rows": 86224, "Actual Loops": 21556, "Index Cond": "(ps_partkey = part.p_partkey)", "Rows Removed by Index Recheck": 0}]}]}]}]}]}]}, "Triggers": [], "Planner Runtime": 1, "Total Runtime": 86759.59, "Unique SQL Id": 202076520}}, "(1, 14)": {"explain_plan": {"Plan": {"Node Type": "Sort", "Startup Cost": 3064191.97, "Total Cost": 3064196.97, "Plan Rows": 2000, "Plan Width": 51, "Sort Key": ["supplier.s_name"], "Plans": [{"Node Type": "Nested Loop", "Parent Relationship": "Outer", "Join Type": "Semi", "Startup Cost": 2764598.29, "Total Cost": 3064082.31, "Plan Rows": 2000, "Plan Width": 51, "Inner Unique": false, "Join Filter": "(supplier.s_suppkey = lineitem.l_suppkey)", "Plans": [{"Node Type": "Nested Loop", "Parent Relationship": "Outer", "Join Type": "Inner", "Startup Cost": 0.0, "Total Cost": 4534.31, "Plan Rows": 4000, "Plan Width": 59, "Inner Unique": false, "Join Filter": "(supplier.s_nationkey = nation.n_nationkey)", "Plans": [{"Node Type": "Seq Scan", "Parent Relationship": "Outer", "Relation Name": "nation", "Alias": "nation", "Startup Cost": 0.0, "Total Cost": 1.31, "Plan Rows": 1, "Plan Width": 4, "Filter": "(n_name = 'ALGERIA'::bpchar)"}, {"Node Type": "Seq Scan", "Parent Relationship": "Inner", "Relation Name": "supplier", "Alias": "supplier", "Startup Cost": 0.0, "Total Cost": 3283.0, "Plan Rows": 100000, "Plan Width": 63}]}, {"Node Type": "Materialize", "Parent Relationship": "Inner", "Startup Cost": 2764598.29, "Total Cost": 3059428.0, "Plan Rows": 2, "Plan Width": 16, "Plans": [{"Node Type": "Hash Join", "Parent Relationship": "Outer", "Join Type": "Inner", "Startup Cost": 2764598.29, "Total Cost": 3059427.99, "Plan Rows": 2, "Plan Width": 16, "Inner Unique": false, "Hash Cond": "((lineitem.l_partkey = partsupp.ps_partkey) AND (lineitem.l_suppkey = partsupp.ps_suppkey))", "Join Filter": "((partsupp.ps_availqty)::double precision > (.5::double precision * (sum(lineitem.l_quantity))))", "Plans": [{"Node Type": "Aggregate", "Strategy": "Hashed", "Parent Relationship": "Outer", "Startup Cost": 2405767.29, "Total Cost": 2519163.29, "Plan Rows": 9071680, "Plan Width": 24, "Group By Key": ["lineitem.l_partkey", "lineitem.l_suppkey"], "Plans": [{"Node Type": "Seq Scan", "Parent Relationship": "Outer", "Relation Name": "lineitem", "Alias": "lineitem", "Startup Cost": 119.67, "Total Cost": 2315050.5, "Plan Rows": 9071680, "Plan Width": 24, "Filter": "((l_shipdate >= '1993-01-01 00:00:00'::timestamp(0) without time zone) AND (l_shipdate < '1994-01-01 00:00:00'::timestamp without time zone)), (LLVM Optimized)"}]}, {"Node Type": "Hash", "Parent Relationship": "Inner", "Startup Cost": 357862.71, "Total Cost": 357862.71, "Plan Rows": 64552, "Plan Width": 32, "Plans": [{"Node Type": "Hash Join", "Parent Relationship": "Outer", "Join Type": "Inner", "Startup Cost": 67224.9, "Total Cost": 357862.71, "Plan Rows": 64552, "Plan Width": 32, "Inner Unique": true, "Hash Cond": "(partsupp.ps_partkey = part.p_partkey)", "Plans": [{"Node Type": "Seq Scan", "Parent Relationship": "Outer", "Relation Name": "partsupp", "Alias": "partsupp", "Startup Cost": 0.0, "Total Cost": 269987.72, "Plan Rows": 8000372, "Plan Width": 24}, {"Node Type": "Hash", "Parent Relationship": "Inner", "Startup Cost": 66944.0, "Total Cost": 66944.0, "Plan Rows": 22472, "Plan Width": 8, "Plans": [{"Node Type": "Seq Scan", "Parent Relationship": "Outer", "Relation Name": "part", "Alias": "part", "Startup Cost": 0.0, "Total Cost": 66944.0, "Plan Rows": 22472, "Plan Width": 8, "Filter": "((p_name)::text ~~ 'green%'::text)"}]}]}]}]}]}]}]}, "Unique SQL Id": 202076520, "Planner Runtime": 2}, "explain_analyze_plan": {"Plan": {"Node Type": "Sort", "Startup Cost": 3064191.97, "Total Cost": 3064196.97, "Plan Rows": 2000, "Plan Width": 51, "Actual Startup Time": 90537.631, "Actual Total Time": 90537.773, "Actual Rows": 1746, "Actual Loops": 1, "Sort Key": ["supplier.s_name"], "Sort Method": "quicksort", "Sort Space Used": 309, "Sort Space Type": "Memory", "Plans": [{"Node Type": "Nested Loop", "Parent Relationship": "Outer", "Join Type": "Semi", "Startup Cost": 2764598.29, "Total Cost": 3064082.31, "Plan Rows": 2000, "Plan Width": 51, "Actual Startup Time": 40204.066, "Actual Total Time": 90530.28, "Actual Rows": 1746, "Actual Loops": 1, "Inner Unique": false, "Join Filter": "(supplier.s_suppkey = lineitem.l_suppkey)", "Rows Removed by Join Filter": 174379316, "Plans": [{"Node Type": "Nested Loop", "Parent Relationship": "Outer", "Join Type": "Inner", "Startup Cost": 0.0, "Total Cost": 4534.31, "Plan Rows": 4000, "Plan Width": 59, "Actual Startup Time": 0.059, "Actual Total Time": 74.066, "Actual Rows": 3934, "Actual Loops": 1, "Inner Unique": false, "Join Filter": "(supplier.s_nationkey = nation.n_nationkey)", "Rows Removed by Join Filter": 96066, "Plans": [{"Node Type": "Seq Scan", "Parent Relationship": "Outer", "Relation Name": "nation", "Alias": "nation", "Startup Cost": 0.0, "Total Cost": 1.31, "Plan Rows": 1, "Plan Width": 4, "Actual Startup Time": 0.024, "Actual Total Time": 0.113, "Actual Rows": 1, "Actual Loops": 1, "Filter": "(n_name = 'ALGERIA'::bpchar)", "Rows Removed by Filter": 24}, {"Node Type": "Seq Scan", "Parent Relationship": "Inner", "Relation Name": "supplier", "Alias": "supplier", "Startup Cost": 0.0, "Total Cost": 3283.0, "Plan Rows": 100000, "Plan Width": 63, "Actual Startup Time": 0.019, "Actual Total Time": 44.334, "Actual Rows": 100000, "Actual Loops": 1}]}, {"Node Type": "Materialize", "Parent Relationship": "Inner", "Startup Cost": 2764598.29, "Total Cost": 3059428.0, "Plan Rows": 2, "Plan Width": 16, "Actual Startup Time": 35477.373, "Actual Total Time": 57394.752, "Actual Rows": 174381062, "Actual Loops": 3934, "Plans": [{"Node Type": "Hash Join", "Parent Relationship": "Outer", "Join Type": "Inner", "Startup Cost": 2764598.29, "Total Cost": 3059427.99, "Plan Rows": 2, "Plan Width": 16, "Actual Startup Time": 35476.648, "Actual Total Time": 40160.085, "Actual Rows": 58537, "Actual Loops": 1, "Inner Unique": false, "Hash Cond": "((lineitem.l_partkey = partsupp.ps_partkey) AND (lineitem.l_suppkey = partsupp.ps_suppkey))", "Join Filter": "((partsupp.ps_availqty)::double precision > (.5::double precision * (sum(lineitem.l_quantity))))", "Rows Removed by Join Filter": 136, "Plans": [{"Node Type": "Aggregate", "Strategy": "Hashed", "Parent Relationship": "Outer", "Startup Cost": 2405767.29, "Total Cost": 2519163.29, "Plan Rows": 9071680, "Plan Width": 24, "Actual Startup Time": 30733.339, "Actual Total Time": 33831.931, "Actual Rows": 5442751, "Actual Loops": 1, "Group By Key": ["lineitem.l_partkey", "lineitem.l_suppkey"], "Plans": [{"Node Type": "Seq Scan", "Parent Relationship": "Outer", "Relation Name": "lineitem", "Alias": "lineitem", "Startup Cost": 119.67, "Total Cost": 2315050.5, "Plan Rows": 9071680, "Plan Width": 24, "Actual Startup Time": 0.213, "Actual Total Time": 22997.544, "Actual Rows": 9109641, "Actual Loops": 1, "Filter": "((l_shipdate >= '1993-01-01 00:00:00'::timestamp(0) without time zone) AND (l_shipdate < '1994-01-01 00:00:00'::timestamp without time zone)), (LLVM Optimized, Jit Execute)", "Rows Removed by Filter": 50876411}]}, {"Node Type": "Hash", "Parent Relationship": "Inner", "Startup Cost": 357862.71, "Total Cost": 357862.71, "Plan Rows": 64552, "Plan Width": 32, "Actual Startup Time": 4742.951, "Actual Total Time": 4742.951, "Actual Rows": 86224, "Actual Loops": 1, "Hash Buckets": 65536, "Hash Batches": 1, "Original Hash Batches": 1, "Peak Memory Usage": 5389, "Plans": [{"Node Type": "Hash Join", "Parent Relationship": "Outer", "Join Type": "Inner", "Startup Cost": 67224.9, "Total Cost": 357862.71, "Plan Rows": 64552, "Plan Width": 32, "Actual Startup Time": 765.651, "Actual Total Time": 4702.159, "Actual Rows": 86224, "Actual Loops": 1, "Inner Unique": true, "Hash Cond": "(partsupp.ps_partkey = part.p_partkey)", "Plans": [{"Node Type": "Seq Scan", "Parent Relationship": "Outer", "Relation Name": "partsupp", "Alias": "partsupp", "Startup Cost": 0.0, "Total Cost": 269987.72, "Plan Rows": 8000372, "Plan Width": 24, "Actual Startup Time": 0.01, "Actual Total Time": 2393.977, "Actual Rows": 8000000, "Actual Loops": 1}, {"Node Type": "Hash", "Parent Relationship": "Inner", "Startup Cost": 66944.0, "Total Cost": 66944.0, "Plan Rows": 22472, "Plan Width": 8, "Actual Startup Time": 765.493, "Actual Total Time": 765.493, "Actual Rows": 21556, "Actual Loops": 1, "Hash Buckets": 32768, "Hash Batches": 1, "Original Hash Batches": 1, "Peak Memory Usage": 843, "Plans": [{"Node Type": "Seq Scan", "Parent Relationship": "Outer", "Relation Name": "part", "Alias": "part", "Startup Cost": 0.0, "Total Cost": 66944.0, "Plan Rows": 22472, "Plan Width": 8, "Actual Startup Time": 0.027, "Actual Total Time": 757.789, "Actual Rows": 21556, "Actual Loops": 1, "Filter": "((p_name)::text ~~ 'green%'::text)", "Rows Removed by Filter": 1978444}]}]}]}]}]}]}]}, "Triggers": [], "Planner Runtime": 1, "Total Runtime": 90547.444, "Unique SQL Id": 202076520}}, "(1, 15)": {"explain_plan": {"Plan": {"Node Type": "Sort", "Startup Cost": 5018253560954.49, "Total Cost": 5018253560959.49, "Plan Rows": 2000, "Plan Width": 51, "Sort Key": ["supplier.s_name"], "Plans": [{"Node Type": "Merge Join", "Parent Relationship": "Outer", "Join Type": "Semi", "Startup Cost": 50000000000.0, "Total Cost": 5018253560844.84, "Plan Rows": 2000, "Plan Width": 51, "Inner Unique": false, "Merge Cond": "(supplier.s_suppkey = subquery.\"?column?\")", "Plans": [{"Node Type": "Nested Loop", "Parent Relationship": "Outer", "Join Type": "Inner", "Startup Cost": 20000000000.0, "Total Cost": 2000000536223.13, "Plan Rows": 4000, "Plan Width": 59, "Inner Unique": true, "Join Filter": "(supplier.s_nationkey = nation.n_nationkey)", "Plans": [{"Node Type": "Index Scan", "Parent Relationship": "Outer", "Scan Direction": "Forward", "Index Name": "supplier_pkey", "Relation Name": "supplier", "Alias": "supplier", "Startup Cost": 10000000000.0, "Total Cost": 1000000533454.38, "Plan Rows": 100000, "Plan Width": 63}, {"Node Type": "Materialize", "Parent Relationship": "Inner", "Startup Cost": 10000000000.0, "Total Cost": 1000000001268.76, "Plan Rows": 1, "Plan Width": 4, "Plans": [{"Node Type": "Index Scan", "Parent Relationship": "Outer", "Scan Direction": "Forward", "Index Name": "nation_pkey", "Relation Name": "nation", "Alias": "nation", "Startup Cost": 10000000000.0, "Total Cost": 1000000001268.75, "Plan Rows": 1, "Plan Width": 4, "Filter": "(n_name = 'ALGERIA'::bpchar)"}]}]}, {"Node Type": "Materialize", "Parent Relationship": "Inner", "Startup Cost": 30000000000.0, "Total Cost": 3018253024611.68, "Plan Rows": 2, "Plan Width": 16, "Plans": [{"Node Type": "Nested Loop", "Parent Relationship": "Outer", "Join Type": "Inner", "Startup Cost": 30000000000.0, "Total Cost": 3018253024611.67, "Plan Rows": 2, "Plan Width": 16, "Inner Unique": true, "Join Filter": "((partsupp.ps_partkey = subquery.\"?column?\") AND (partsupp.ps_suppkey = subquery.\"?column?\") AND ((partsupp.ps_availqty)::double precision > (.5::double precision * subquery.\"?column?\")))", "Plans": [{"Node Type": "Nested Loop", "Parent Relationship": "Outer", "Join Type": "Semi", "Startup Cost": 20000000000.0, "Total Cost": 2002807445082.73, "Plan Rows": 64552, "Plan Width": 32, "Inner Unique": false, "Join Filter": "(partsupp.ps_partkey = part.p_partkey)", "Plans": [{"Node Type": "Index Scan", "Parent Relationship": "Outer", "Scan Direction": "Forward", "Index Name": "idx_partsupp_suppkey", "Relation Name": "partsupp", "Alias": "partsupp", "Startup Cost": 10000000000.0, "Total Cost": 1000100160480.77, "Plan Rows": 8000372, "Plan Width": 24}, {"Node Type": "Materialize", "Parent Relationship": "Inner", "Startup Cost": 10000000000.0, "Total Cost": 1000010580437.36, "Plan Rows": 22472, "Plan Width": 8, "Plans": [{"Node Type": "Index Scan", "Parent Relationship": "Outer", "Scan Direction": "Forward", "Index Name": "part_kpey", "Relation Name": "part", "Alias": "part", "Startup Cost": 10000000000.0, "Total Cost": 1000010580325.0, "Plan Rows": 22472, "Plan Width": 8, "Filter": "((p_name)::text ~~ 'green%'::text)"}]}]}, {"Node Type": "Materialize", "Parent Relationship": "Inner", "Startup Cost": 10000000000.0, "Total Cost": 1000805725024.14, "Plan Rows": 9071680, "Plan Width": 24, "Plans": [{"Node Type": "Subquery Scan", "Parent Relationship": "Outer", "Alias": "subquery", "Startup Cost": 10000000000.0, "Total Cost": 1000805679665.74, "Plan Rows": 9071680, "Plan Width": 24, "Plans": [{"Node Type": "Aggregate", "Strategy": "Sorted", "Parent Relationship": "Subquery", "Startup Cost": 10000000000.0, "Total Cost": 1000805588948.94, "Plan Rows": 9071680, "Plan Width": 40, "Group By Key": ["lineitem.l_partkey", "lineitem.l_suppkey"], "Plans": [{"Node Type": "Index Scan", "Parent Relationship": "Outer", "Scan Direction": "Forward", "Index Name": "idx_lineitem_part_supp", "Relation Name": "lineitem", "Alias": "lineitem", "Startup Cost": 10000000000.0, "Total Cost": 1000805384836.14, "Plan Rows": 9071680, "Plan Width": 24, "Filter": "((l_shipdate >= '1993-01-01 00:00:00'::timestamp(0) without time zone) AND (l_shipdate < '1994-01-01 00:00:00'::timestamp without time zone)), (LLVM Optimized)"}]}]}]}]}]}]}]}, "Unique SQL Id": 202076520, "Planner Runtime": 2}, "explain_analyze_plan": null}, "(1, 16)": {"explain_plan": {"Plan": {"Node Type": "Sort", "Startup Cost": 3512344.14, "Total Cost": 3512349.14, "Plan Rows": 2000, "Plan Width": 51, "Sort Key": ["supplier.s_name"], "Plans": [{"Node Type": "Nested Loop", "Parent Relationship": "Outer", "Join Type": "Semi", "Startup Cost": 3439058.32, "Total Cost": 3512234.48, "Plan Rows": 2000, "Plan Width": 51, "Inner Unique": false, "Join Filter": "(supplier.s_suppkey = subquery.\"?column?\")", "Plans": [{"Node Type": "Nested Loop", "Parent Relationship": "Outer", "Join Type": "Inner", "Startup Cost": 0.0, "Total Cost": 4534.31, "Plan Rows": 4000, "Plan Width": 59, "Inner Unique": false, "Join Filter": "(supplier.s_nationkey = nation.n_nationkey)", "Plans": [{"Node Type": "Seq Scan", "Parent Relationship": "Outer", "Relation Name": "nation", "Alias": "nation", "Startup Cost": 0.0, "Total Cost": 1.31, "Plan Rows": 1, "Plan Width": 4, "Filter": "(n_name = 'ALGERIA'::bpchar)"}, {"Node Type": "Seq Scan", "Parent Relationship": "Inner", "Relation Name": "supplier", "Alias": "supplier", "Startup Cost": 0.0, "Total Cost": 3283.0, "Plan Rows": 100000, "Plan Width": 63}]}, {"Node Type": "Materialize", "Parent Relationship": "Inner", "Startup Cost": 3439058.32, "Total Cost": 3507580.17, "Plan Rows": 2, "Plan Width": 16, "Plans": [{"Node Type": "Merge Join", "Parent Relationship": "Outer", "Join Type": "Inner", "Startup Cost": 3439058.32, "Total Cost": 3507580.16, "Plan Rows": 2, "Plan Width": 16, "Inner Unique": true, "Merge Cond": "((partsupp.ps_suppkey = subquery.\"?column?\") AND (partsupp.ps_partkey = subquery.\"?column?\"))", "Join Filter": "((partsupp.ps_availqty)::double precision > (.5::double precision * subquery.\"?column?\"))", "Plans": [{"Node Type": "Sort", "Parent Relationship": "Outer", "Startup Cost": 230229.65, "Total Cost": 230391.03, "Plan Rows": 64552, "Plan Width": 32, "Sort Key": ["partsupp.ps_suppkey", "partsupp.ps_partkey"], "Plans": [{"Node Type": "Nested Loop", "Parent Relationship": "Outer", "Join Type": "Inner", "Startup Cost": 0.0, "Total Cost": 225072.53, "Plan Rows": 64552, "Plan Width": 32, "Inner Unique": false, "Plans": [{"Node Type": "Seq Scan", "Parent Relationship": "Outer", "Relation Name": "part", "Alias": "part", "Startup Cost": 0.0, "Total Cost": 66944.0, "Plan Rows": 22472, "Plan Width": 8, "Filter": "((p_name)::text ~~ 'green%'::text)"}, {"Node Type": "Index Scan", "Parent Relationship": "Inner", "Scan Direction": "Forward", "Index Name": "idx_partsupp_partkey", "Relation Name": "partsupp", "Alias": "partsupp", "Startup Cost": 0.0, "Total Cost": 7.01, "Plan Rows": 3, "Plan Width": 24, "Index Cond": "(ps_partkey = part.p_partkey)"}]}]}, {"Node Type": "Sort", "Parent Relationship": "Inner", "Startup Cost": 3208828.67, "Total Cost": 3231507.87, "Plan Rows": 9071680, "Plan Width": 24, "Sort Key": ["subquery.\"?column?\"", "subquery.\"?column?\""], "Plans": [{"Node Type": "Subquery Scan", "Parent Relationship": "Outer", "Alias": "subquery", "Startup Cost": 1956349.97, "Total Cost": 2160462.77, "Plan Rows": 9071680, "Plan Width": 24, "Plans": [{"Node Type": "Aggregate", "Strategy": "Hashed", "Parent Relationship": "Subquery", "Startup Cost": 1956349.97, "Total Cost": 2069745.97, "Plan Rows": 9071680, "Plan Width": 24, "Group By Key": ["lineitem.l_partkey", "lineitem.l_suppkey"], "Plans": [{"Node Type": "Bitmap Heap Scan", "Parent Relationship": "Outer", "Relation Name": "lineitem", "Alias": "lineitem", "Startup Cost": 314312.97, "Total Cost": 1865633.17, "Plan Rows": 9071680, "Plan Width": 24, "Recheck Cond": "((l_shipdate >= '1993-01-01 00:00:00'::timestamp(0) without time zone) AND (l_shipdate < '1994-01-01 00:00:00'::timestamp without time zone)), (LLVM Optimized)", "Plans": [{"Node Type": "Bitmap Index Scan", "Parent Relationship": "Outer", "Index Name": "idx_lineitem_shipdate", "Startup Cost": 0.0, "Total Cost": 312045.05, "Plan Rows": 9071680, "Plan Width": 0, "Index Cond": "((l_shipdate >= '1993-01-01 00:00:00'::timestamp(0) without time zone) AND (l_shipdate < '1994-01-01 00:00:00'::timestamp without time zone))"}]}]}]}]}]}]}]}]}, "Unique SQL Id": 202076520, "Planner Runtime": 2}, "explain_analyze_plan": {"Plan": {"Node Type": "Sort", "Startup Cost": 3512344.14, "Total Cost": 3512349.14, "Plan Rows": 2000, "Plan Width": 51, "Actual Startup Time": 82466.783, "Actual Total Time": 82466.936, "Actual Rows": 1746, "Actual Loops": 1, "Sort Key": ["supplier.s_name"], "Sort Method": "quicksort", "Sort Space Used": 309, "Sort Space Type": "Memory", "Plans": [{"Node Type": "Nested Loop", "Parent Relationship": "Outer", "Join Type": "Semi", "Startup Cost": 3439058.32, "Total Cost": 3512234.48, "Plan Rows": 2000, "Plan Width": 51, "Actual Startup Time": 31439.725, "Actual Total Time": 82459.629, "Actual Rows": 1746, "Actual Loops": 1, "Inner Unique": false, "Join Filter": "(supplier.s_suppkey = subquery.\"?column?\")", "Rows Removed by Join Filter": 178136880, "Plans": [{"Node Type": "Nested Loop", "Parent Relationship": "Outer", "Join Type": "Inner", "Startup Cost": 0.0, "Total Cost": 4534.31, "Plan Rows": 4000, "Plan Width": 59, "Actual Startup Time": 0.064, "Actual Total Time": 71.41, "Actual Rows": 3934, "Actual Loops": 1, "Inner Unique": false, "Join Filter": "(supplier.s_nationkey = nation.n_nationkey)", "Rows Removed by Join Filter": 96066, "Plans": [{"Node Type": "Seq Scan", "Parent Relationship": "Outer", "Relation Name": "nation", "Alias": "nation", "Startup Cost": 0.0, "Total Cost": 1.31, "Plan Rows": 1, "Plan Width": 4, "Actual Startup Time": 0.025, "Actual Total Time": 0.048, "Actual Rows": 1, "Actual Loops": 1, "Filter": "(n_name = 'ALGERIA'::bpchar)", "Rows Removed by Filter": 24}, {"Node Type": "Seq Scan", "Parent Relationship": "Inner", "Relation Name": "supplier", "Alias": "supplier", "Startup Cost": 0.0, "Total Cost": 3283.0, "Plan Rows": 100000, "Plan Width": 63, "Actual Startup Time": 0.02, "Actual Total Time": 42.309, "Actual Rows": 100000, "Actual Loops": 1}]}, {"Node Type": "Materialize", "Parent Relationship": "Inner", "Startup Cost": 3439058.32, "Total Cost": 3507580.17, "Plan Rows": 2, "Plan Width": 16, "Actual Startup Time": 29468.134, "Actual Total Time": 48739.391, "Actual Rows": 178138626, "Actual Loops": 3934, "Plans": [{"Node Type": "Merge Join", "Parent Relationship": "Outer", "Join Type": "Inner", "Startup Cost": 3439058.32, "Total Cost": 3507580.16, "Plan Rows": 2, "Plan Width": 16, "Actual Startup Time": 29467.504, "Actual Total Time": 31411.337, "Actual Rows": 58537, "Actual Loops": 1, "Inner Unique": true, "Merge Cond": "((partsupp.ps_suppkey = subquery.\"?column?\") AND (partsupp.ps_partkey = subquery.\"?column?\"))", "Join Filter": "((partsupp.ps_availqty)::double precision > (.5::double precision * subquery.\"?column?\"))", "Rows Removed by Join Filter": 0, "Plans": [{"Node Type": "Sort", "Parent Relationship": "Outer", "Startup Cost": 230229.65, "Total Cost": 230391.03, "Plan Rows": 64552, "Plan Width": 32, "Actual Startup Time": 1060.364, "Actual Total Time": 1081.823, "Actual Rows": 86224, "Actual Loops": 1, "Sort Key": ["partsupp.ps_suppkey", "partsupp.ps_partkey"], "Sort Method": "quicksort", "Sort Space Used": 11156, "Sort Space Type": "Memory", "Plans": [{"Node Type": "Nested Loop", "Parent Relationship": "Outer", "Join Type": "Inner", "Startup Cost": 0.0, "Total Cost": 225072.53, "Plan Rows": 64552, "Plan Width": 32, "Actual Startup Time": 0.037, "Actual Total Time": 1012.761, "Actual Rows": 86224, "Actual Loops": 1, "Inner Unique": false, "Plans": [{"Node Type": "Seq Scan", "Parent Relationship": "Outer", "Relation Name": "part", "Alias": "part", "Startup Cost": 0.0, "Total Cost": 66944.0, "Plan Rows": 22472, "Plan Width": 8, "Actual Startup Time": 0.02, "Actual Total Time": 788.646, "Actual Rows": 21556, "Actual Loops": 1, "Filter": "((p_name)::text ~~ 'green%'::text)", "Rows Removed by Filter": 1978444}, {"Node Type": "Index Scan", "Parent Relationship": "Inner", "Scan Direction": "Forward", "Index Name": "idx_partsupp_partkey", "Relation Name": "partsupp", "Alias": "partsupp", "Startup Cost": 0.0, "Total Cost": 7.01, "Plan Rows": 3, "Plan Width": 24, "Actual Startup Time": 146.957, "Actual Total Time": 194.333, "Actual Rows": 86224, "Actual Loops": 21556, "Index Cond": "(ps_partkey = part.p_partkey)", "Rows Removed by Index Recheck": 0}]}]}, {"Node Type": "Sort", "Parent Relationship": "Inner", "Startup Cost": 3208828.67, "Total Cost": 3231507.87, "Plan Rows": 9071680, "Plan Width": 24, "Actual Startup Time": 28406.859, "Actual Total Time": 29502.461, "Actual Rows": 5442737, "Actual Loops": 1, "Sort Key": ["subquery.\"?column?\"", "subquery.\"?column?\""], "Sort Method": "quicksort", "Sort Space Used": 706866, "Sort Space Type": "Memory", "Plans": [{"Node Type": "Subquery Scan", "Parent Relationship": "Outer", "Alias": "subquery", "Startup Cost": 1956349.97, "Total Cost": 2160462.77, "Plan Rows": 9071680, "Plan Width": 24, "Actual Startup Time": 19133.891, "Actual Total Time": 23793.724, "Actual Rows": 5442751, "Actual Loops": 1, "Plans": [{"Node Type": "Aggregate", "Strategy": "Hashed", "Parent Relationship": "Subquery", "Startup Cost": 1956349.97, "Total Cost": 2069745.97, "Plan Rows": 9071680, "Plan Width": 24, "Actual Startup Time": 19133.888, "Actual Total Time": 22787.881, "Actual Rows": 5442751, "Actual Loops": 1, "Group By Key": ["lineitem.l_partkey", "lineitem.l_suppkey"], "Plans": [{"Node Type": "Bitmap Heap Scan", "Parent Relationship": "Outer", "Relation Name": "lineitem", "Alias": "lineitem", "Startup Cost": 314312.97, "Total Cost": 1865633.17, "Plan Rows": 9071680, "Plan Width": 24, "Actual Startup Time": 3927.697, "Actual Total Time": 11661.695, "Actual Rows": 9109641, "Actual Loops": 1, "Recheck Cond": "((l_shipdate >= '1993-01-01 00:00:00'::timestamp(0) without time zone) AND (l_shipdate < '1994-01-01 00:00:00'::timestamp without time zone)), (LLVM Optimized, Jit Execute)", "Rows Removed by Index Recheck": 0, "Exact Heap Blocks": 1252335, "Lossy Heap Blocks": 1252335, "Plans": [{"Node Type": "Bitmap Index Scan", "Parent Relationship": "Outer", "Index Name": "idx_lineitem_shipdate", "Startup Cost": 0.0, "Total Cost": 312045.05, "Plan Rows": 9071680, "Plan Width": 0, "Actual Startup Time": 3216.354, "Actual Total Time": 3216.354, "Actual Rows": 9109641, "Actual Loops": 1, "Index Cond": "((l_shipdate >= '1993-01-01 00:00:00'::timestamp(0) without time zone) AND (l_shipdate < '1994-01-01 00:00:00'::timestamp without time zone))"}]}]}]}]}]}]}]}]}, "Triggers": [], "Planner Runtime": 2, "Total Runtime": 82478.4, "Unique SQL Id": 202076520}}, "(1, 17)": {"explain_plan": {"Plan": {"Node Type": "Sort", "Startup Cost": 3531947.57, "Total Cost": 3531952.57, "Plan Rows": 2000, "Plan Width": 51, "Sort Key": ["supplier.s_name"], "Plans": [{"Node Type": "Nested Loop", "Parent Relationship": "Outer", "Join Type": "Semi", "Startup Cost": 3208828.67, "Total Cost": 3531837.91, "Plan Rows": 2000, "Plan Width": 51, "Inner Unique": false, "Join Filter": "(supplier.s_suppkey = subquery.\"?column?\")", "Plans": [{"Node Type": "Nested Loop", "Parent Relationship": "Outer", "Join Type": "Inner", "Startup Cost": 0.0, "Total Cost": 6597.23, "Plan Rows": 4000, "Plan Width": 59, "Inner Unique": false, "Join Filter": "(supplier.s_nationkey = nation.n_nationkey)", "Plans": [{"Node Type": "Index Scan", "Parent Relationship": "Outer", "Scan Direction": "Forward", "Index Name": "nation_pkey", "Relation Name": "nation", "Alias": "nation", "Startup Cost": 0.0, "Total Cost": 12.69, "Plan Rows": 1, "Plan Width": 4, "Filter": "(n_name = 'ALGERIA'::bpchar)"}, {"Node Type": "Index Scan", "Parent Relationship": "Inner", "Scan Direction": "Forward", "Index Name": "supplier_pkey", "Relation Name": "supplier", "Alias": "supplier", "Startup Cost": 0.0, "Total Cost": 5334.54, "Plan Rows": 100000, "Plan Width": 63}]}, {"Node Type": "Materialize", "Parent Relationship": "Inner", "Startup Cost": 3208828.67, "Total Cost": 3525120.68, "Plan Rows": 2, "Plan Width": 16, "Plans": [{"Node Type": "Merge Join", "Parent Relationship": "Outer", "Join Type": "Inner", "Startup Cost": 3208828.67, "Total Cost": 3525120.67, "Plan Rows": 2, "Plan Width": 16, "Inner Unique": true, "Merge Cond": "(partsupp.ps_partkey = subquery.\"?column?\")", "Join Filter": "((partsupp.ps_suppkey = subquery.\"?column?\") AND ((partsupp.ps_availqty)::double precision > (.5::double precision * subquery.\"?column?\")))", "Plans": [{"Node Type": "Nested Loop", "Parent Relationship": "Outer", "Join Type": "Inner", "Startup Cost": 0.0, "Total Cost": 263931.78, "Plan Rows": 64552, "Plan Width": 32, "Inner Unique": false, "Plans": [{"Node Type": "Index Scan", "Parent Relationship": "Outer", "Scan Direction": "Forward", "Index Name": "part_kpey", "Relation Name": "part", "Alias": "part", "Startup Cost": 0.0, "Total Cost": 105803.25, "Plan Rows": 22472, "Plan Width": 8, "Filter": "((p_name)::text ~~ 'green%'::text)"}, {"Node Type": "Index Scan", "Parent Relationship": "Inner", "Scan Direction": "Forward", "Index Name": "idx_partsupp_partkey", "Relation Name": "partsupp", "Alias": "partsupp", "Startup Cost": 0.0, "Total Cost": 7.01, "Plan Rows": 3, "Plan Width": 24, "Index Cond": "(ps_partkey = part.p_partkey)"}]}, {"Node Type": "Sort", "Parent Relationship": "Inner", "Startup Cost": 3208828.67, "Total Cost": 3231507.87, "Plan Rows": 9071680, "Plan Width": 24, "Sort Key": ["subquery.\"?column?\""], "Plans": [{"Node Type": "Subquery Scan", "Parent Relationship": "Outer", "Alias": "subquery", "Startup Cost": 1956349.97, "Total Cost": 2160462.77, "Plan Rows": 9071680, "Plan Width": 24, "Plans": [{"Node Type": "Aggregate", "Strategy": "Hashed", "Parent Relationship": "Subquery", "Startup Cost": 1956349.97, "Total Cost": 2069745.97, "Plan Rows": 9071680, "Plan Width": 24, "Group By Key": ["lineitem.l_partkey", "lineitem.l_suppkey"], "Plans": [{"Node Type": "Bitmap Heap Scan", "Parent Relationship": "Outer", "Relation Name": "lineitem", "Alias": "lineitem", "Startup Cost": 314312.97, "Total Cost": 1865633.17, "Plan Rows": 9071680, "Plan Width": 24, "Recheck Cond": "((l_shipdate >= '1993-01-01 00:00:00'::timestamp(0) without time zone) AND (l_shipdate < '1994-01-01 00:00:00'::timestamp without time zone)), (LLVM Optimized)", "Plans": [{"Node Type": "Bitmap Index Scan", "Parent Relationship": "Outer", "Index Name": "idx_lineitem_shipdate", "Startup Cost": 0.0, "Total Cost": 312045.05, "Plan Rows": 9071680, "Plan Width": 0, "Index Cond": "((l_shipdate >= '1993-01-01 00:00:00'::timestamp(0) without time zone) AND (l_shipdate < '1994-01-01 00:00:00'::timestamp without time zone))"}]}]}]}]}]}]}]}]}, "Unique SQL Id": 202076520, "Planner Runtime": 2}, "explain_analyze_plan": {"Plan": {"Node Type": "Sort", "Startup Cost": 3531947.57, "Total Cost": 3531952.57, "Plan Rows": 2000, "Plan Width": 51, "Actual Startup Time": 77739.528, "Actual Total Time": 77739.672, "Actual Rows": 1746, "Actual Loops": 1, "Sort Key": ["supplier.s_name"], "Sort Method": "quicksort", "Sort Space Used": 309, "Sort Space Type": "Memory", "Plans": [{"Node Type": "Nested Loop", "Parent Relationship": "Outer", "Join Type": "Semi", "Startup Cost": 3208828.67, "Total Cost": 3531837.91, "Plan Rows": 2000, "Plan Width": 51, "Actual Startup Time": 28932.8, "Actual Total Time": 77735.592, "Actual Rows": 1746, "Actual Loops": 1, "Inner Unique": false, "Join Filter": "(supplier.s_suppkey = subquery.\"?column?\")", "Rows Removed by Join Filter": 172948128, "Plans": [{"Node Type": "Nested Loop", "Parent Relationship": "Outer", "Join Type": "Inner", "Startup Cost": 0.0, "Total Cost": 6597.23, "Plan Rows": 4000, "Plan Width": 59, "Actual Startup Time": 0.067, "Actual Total Time": 101.106, "Actual Rows": 3934, "Actual Loops": 1, "Inner Unique": false, "Join Filter": "(supplier.s_nationkey = nation.n_nationkey)", "Rows Removed by Join Filter": 96066, "Plans": [{"Node Type": "Index Scan", "Parent Relationship": "Outer", "Scan Direction": "Forward", "Index Name": "nation_pkey", "Relation Name": "nation", "Alias": "nation", "Startup Cost": 0.0, "Total Cost": 12.69, "Plan Rows": 1, "Plan Width": 4, "Actual Startup Time": 0.023, "Actual Total Time": 0.047, "Actual Rows": 1, "Actual Loops": 1, "Filter": "(n_name = 'ALGERIA'::bpchar)", "Rows Removed by Filter": 24}, {"Node Type": "Index Scan", "Parent Relationship": "Inner", "Scan Direction": "Forward", "Index Name": "supplier_pkey", "Relation Name": "supplier", "Alias": "supplier", "Startup Cost": 0.0, "Total Cost": 5334.54, "Plan Rows": 100000, "Plan Width": 63, "Actual Startup Time": 0.022, "Actual Total Time": 74.13, "Actual Rows": 100000, "Actual Loops": 1}]}, {"Node Type": "Materialize", "Parent Relationship": "Inner", "Startup Cost": 3208828.67, "Total Cost": 3525120.68, "Plan Rows": 2, "Plan Width": 16, "Actual Startup Time": 25009.585, "Actual Total Time": 45244.46, "Actual Rows": 172949874, "Actual Loops": 3934, "Plans": [{"Node Type": "Merge Join", "Parent Relationship": "Outer", "Join Type": "Inner", "Startup Cost": 3208828.67, "Total Cost": 3525120.67, "Plan Rows": 2, "Plan Width": 16, "Actual Startup Time": 25008.966, "Actual Total Time": 28891.568, "Actual Rows": 58537, "Actual Loops": 1, "Inner Unique": true, "Merge Cond": "(partsupp.ps_partkey = subquery.\"?column?\")", "Join Filter": "((partsupp.ps_suppkey = subquery.\"?column?\") AND ((partsupp.ps_availqty)::double precision > (.5::double precision * subquery.\"?column?\")))", "Rows Removed by Join Filter": 0, "Plans": [{"Node Type": "Nested Loop", "Parent Relationship": "Outer", "Join Type": "Inner", "Startup Cost": 0.0, "Total Cost": 263931.78, "Plan Rows": 64552, "Plan Width": 32, "Actual Startup Time": 0.052, "Actual Total Time": 1634.486, "Actual Rows": 86224, "Actual Loops": 1, "Inner Unique": false, "Plans": [{"Node Type": "Index Scan", "Parent Relationship": "Outer", "Scan Direction": "Forward", "Index Name": "part_kpey", "Relation Name": "part", "Alias": "part", "Startup Cost": 0.0, "Total Cost": 105803.25, "Plan Rows": 22472, "Plan Width": 8, "Actual Startup Time": 0.041, "Actual Total Time": 1401.651, "Actual Rows": 21556, "Actual Loops": 1, "Filter": "((p_name)::text ~~ 'green%'::text)", "Rows Removed by Filter": 1978444}, {"Node Type": "Index Scan", "Parent Relationship": "Inner", "Scan Direction": "Forward", "Index Name": "idx_partsupp_partkey", "Relation Name": "partsupp", "Alias": "partsupp", "Startup Cost": 0.0, "Total Cost": 7.01, "Plan Rows": 3, "Plan Width": 24, "Actual Startup Time": 149.079, "Actual Total Time": 199.867, "Actual Rows": 86224, "Actual Loops": 21556, "Index Cond": "(ps_partkey = part.p_partkey)", "Rows Removed by Index Recheck": 0}]}, {"Node Type": "Sort", "Parent Relationship": "Inner", "Startup Cost": 3208828.67, "Total Cost": 3231507.87, "Plan Rows": 9071680, "Plan Width": 24, "Actual Startup Time": 25008.408, "Actual Total Time": 26468.307, "Actual Rows": 5530092, "Actual Loops": 1, "Sort Key": ["subquery.\"?column?\""], "Sort Method": "quicksort", "Sort Space Used": 706866, "Sort Space Type": "Memory", "Plans": [{"Node Type": "Subquery Scan", "Parent Relationship": "Outer", "Alias": "subquery", "Startup Cost": 1956349.97, "Total Cost": 2160462.77, "Plan Rows": 9071680, "Plan Width": 24, "Actual Startup Time": 18549.135, "Actual Total Time": 22765.715, "Actual Rows": 5442751, "Actual Loops": 1, "Plans": [{"Node Type": "Aggregate", "Strategy": "Hashed", "Parent Relationship": "Subquery", "Startup Cost": 1956349.97, "Total Cost": 2069745.97, "Plan Rows": 9071680, "Plan Width": 24, "Actual Startup Time": 18549.132, "Actual Total Time": 21757.77, "Actual Rows": 5442751, "Actual Loops": 1, "Group By Key": ["lineitem.l_partkey", "lineitem.l_suppkey"], "Plans": [{"Node Type": "Bitmap Heap Scan", "Parent Relationship": "Outer", "Relation Name": "lineitem", "Alias": "lineitem", "Startup Cost": 314312.97, "Total Cost": 1865633.17, "Plan Rows": 9071680, "Plan Width": 24, "Actual Startup Time": 3587.059, "Actual Total Time": 10987.487, "Actual Rows": 9109641, "Actual Loops": 1, "Recheck Cond": "((l_shipdate >= '1993-01-01 00:00:00'::timestamp(0) without time zone) AND (l_shipdate < '1994-01-01 00:00:00'::timestamp without time zone)), (LLVM Optimized, Jit Execute)", "Rows Removed by Index Recheck": 0, "Exact Heap Blocks": 1252335, "Lossy Heap Blocks": 1252335, "Plans": [{"Node Type": "Bitmap Index Scan", "Parent Relationship": "Outer", "Index Name": "idx_lineitem_shipdate", "Startup Cost": 0.0, "Total Cost": 312045.05, "Plan Rows": 9071680, "Plan Width": 0, "Actual Startup Time": 2953.847, "Actual Total Time": 2953.847, "Actual Rows": 9109641, "Actual Loops": 1, "Index Cond": "((l_shipdate >= '1993-01-01 00:00:00'::timestamp(0) without time zone) AND (l_shipdate < '1994-01-01 00:00:00'::timestamp without time zone))"}]}]}]}]}]}]}]}]}, "Triggers": [], "Planner Runtime": 2, "Total Runtime": 77751.399, "Unique SQL Id": 202076520}}, "(1, 18)": {"explain_plan": {"Plan": {"Node Type": "Sort", "Startup Cost": 3696349.26, "Total Cost": 3696354.26, "Plan Rows": 2000, "Plan Width": 51, "Sort Key": ["supplier.s_name"], "Plans": [{"Node Type": "Nested Loop", "Parent Relationship": "Outer", "Join Type": "Semi", "Startup Cost": 3623063.44, "Total Cost": 3696239.6, "Plan Rows": 2000, "Plan Width": 51, "Inner Unique": false, "Join Filter": "(supplier.s_suppkey = subquery.\"?column?\")", "Plans": [{"Node Type": "Nested Loop", "Parent Relationship": "Outer", "Join Type": "Inner", "Startup Cost": 0.0, "Total Cost": 4534.31, "Plan Rows": 4000, "Plan Width": 59, "Inner Unique": false, "Join Filter": "(supplier.s_nationkey = nation.n_nationkey)", "Plans": [{"Node Type": "Seq Scan", "Parent Relationship": "Outer", "Relation Name": "nation", "Alias": "nation", "Startup Cost": 0.0, "Total Cost": 1.31, "Plan Rows": 1, "Plan Width": 4, "Filter": "(n_name = 'ALGERIA'::bpchar)"}, {"Node Type": "Seq Scan", "Parent Relationship": "Inner", "Relation Name": "supplier", "Alias": "supplier", "Startup Cost": 0.0, "Total Cost": 3283.0, "Plan Rows": 100000, "Plan Width": 63}]}, {"Node Type": "Materialize", "Parent Relationship": "Inner", "Startup Cost": 3623063.44, "Total Cost": 3691585.29, "Plan Rows": 2, "Plan Width": 16, "Plans": [{"Node Type": "Merge Join", "Parent Relationship": "Outer", "Join Type": "Inner", "Startup Cost": 3623063.44, "Total Cost": 3691585.28, "Plan Rows": 2, "Plan Width": 16, "Inner Unique": true, "Merge Cond": "((partsupp.ps_suppkey = subquery.\"?column?\") AND (partsupp.ps_partkey = subquery.\"?column?\"))", "Join Filter": "((partsupp.ps_availqty)::double precision > (.5::double precision * subquery.\"?column?\"))", "Plans": [{"Node Type": "Sort", "Parent Relationship": "Outer", "Startup Cost": 414234.76, "Total Cost": 414396.14, "Plan Rows": 64552, "Plan Width": 32, "Sort Key": ["partsupp.ps_suppkey", "partsupp.ps_partkey"], "Plans": [{"Node Type": "Nested Loop", "Parent Relationship": "Outer", "Join Type": "Inner", "Startup Cost": 3.19, "Total Cost": 409077.65, "Plan Rows": 64552, "Plan Width": 32, "Inner Unique": false, "Plans": [{"Node Type": "Seq Scan", "Parent Relationship": "Outer", "Relation Name": "part", "Alias": "part", "Startup Cost": 0.0, "Total Cost": 66944.0, "Plan Rows": 22472, "Plan Width": 8, "Filter": "((p_name)::text ~~ 'green%'::text)"}, {"Node Type": "Bitmap Heap Scan", "Parent Relationship": "Inner", "Relation Name": "partsupp", "Alias": "partsupp", "Startup Cost": 3.19, "Total Cost": 15.19, "Plan Rows": 3, "Plan Width": 24, "Recheck Cond": "(ps_partkey = part.p_partkey)", "Plans": [{"Node Type": "Bitmap Index Scan", "Parent Relationship": "Outer", "Index Name": "idx_partsupp_partkey", "Startup Cost": 0.0, "Total Cost": 3.19, "Plan Rows": 3, "Plan Width": 0, "Index Cond": "(ps_partkey = part.p_partkey)"}]}]}]}, {"Node Type": "Sort", "Parent Relationship": "Inner", "Startup Cost": 3208828.67, "Total Cost": 3231507.87, "Plan Rows": 9071680, "Plan Width": 24, "Sort Key": ["subquery.\"?column?\"", "subquery.\"?column?\""], "Plans": [{"Node Type": "Subquery Scan", "Parent Relationship": "Outer", "Alias": "subquery", "Startup Cost": 1956349.97, "Total Cost": 2160462.77, "Plan Rows": 9071680, "Plan Width": 24, "Plans": [{"Node Type": "Aggregate", "Strategy": "Hashed", "Parent Relationship": "Subquery", "Startup Cost": 1956349.97, "Total Cost": 2069745.97, "Plan Rows": 9071680, "Plan Width": 24, "Group By Key": ["lineitem.l_partkey", "lineitem.l_suppkey"], "Plans": [{"Node Type": "Bitmap Heap Scan", "Parent Relationship": "Outer", "Relation Name": "lineitem", "Alias": "lineitem", "Startup Cost": 314312.97, "Total Cost": 1865633.17, "Plan Rows": 9071680, "Plan Width": 24, "Recheck Cond": "((l_shipdate >= '1993-01-01 00:00:00'::timestamp(0) without time zone) AND (l_shipdate < '1994-01-01 00:00:00'::timestamp without time zone)), (LLVM Optimized)", "Plans": [{"Node Type": "Bitmap Index Scan", "Parent Relationship": "Outer", "Index Name": "idx_lineitem_shipdate", "Startup Cost": 0.0, "Total Cost": 312045.05, "Plan Rows": 9071680, "Plan Width": 0, "Index Cond": "((l_shipdate >= '1993-01-01 00:00:00'::timestamp(0) without time zone) AND (l_shipdate < '1994-01-01 00:00:00'::timestamp without time zone))"}]}]}]}]}]}]}]}]}, "Unique SQL Id": 202076520, "Planner Runtime": 2}, "explain_analyze_plan": {"Plan": {"Node Type": "Sort", "Startup Cost": 3696349.26, "Total Cost": 3696354.26, "Plan Rows": 2000, "Plan Width": 51, "Actual Startup Time": 82274.87, "Actual Total Time": 82275.032, "Actual Rows": 1746, "Actual Loops": 1, "Sort Key": ["supplier.s_name"], "Sort Method": "quicksort", "Sort Space Used": 309, "Sort Space Type": "Memory", "Plans": [{"Node Type": "Nested Loop", "Parent Relationship": "Outer", "Join Type": "Semi", "Startup Cost": 3623063.44, "Total Cost": 3696239.6, "Plan Rows": 2000, "Plan Width": 51, "Actual Startup Time": 31164.438, "Actual Total Time": 82267.6, "Actual Rows": 1746, "Actual Loops": 1, "Inner Unique": false, "Join Filter": "(supplier.s_suppkey = subquery.\"?column?\")", "Rows Removed by Join Filter": 178136880, "Plans": [{"Node Type": "Nested Loop", "Parent Relationship": "Outer", "Join Type": "Inner", "Startup Cost": 0.0, "Total Cost": 4534.31, "Plan Rows": 4000, "Plan Width": 59, "Actual Startup Time": 0.065, "Actual Total Time": 71.769, "Actual Rows": 3934, "Actual Loops": 1, "Inner Unique": false, "Join Filter": "(supplier.s_nationkey = nation.n_nationkey)", "Rows Removed by Join Filter": 96066, "Plans": [{"Node Type": "Seq Scan", "Parent Relationship": "Outer", "Relation Name": "nation", "Alias": "nation", "Startup Cost": 0.0, "Total Cost": 1.31, "Plan Rows": 1, "Plan Width": 4, "Actual Startup Time": 0.028, "Actual Total Time": 0.054, "Actual Rows": 1, "Actual Loops": 1, "Filter": "(n_name = 'ALGERIA'::bpchar)", "Rows Removed by Filter": 24}, {"Node Type": "Seq Scan", "Parent Relationship": "Inner", "Relation Name": "supplier", "Alias": "supplier", "Startup Cost": 0.0, "Total Cost": 3283.0, "Plan Rows": 100000, "Plan Width": 63, "Actual Startup Time": 0.017, "Actual Total Time": 42.7, "Actual Rows": 100000, "Actual Loops": 1}]}, {"Node Type": "Materialize", "Parent Relationship": "Inner", "Startup Cost": 3623063.44, "Total Cost": 3691585.29, "Plan Rows": 2, "Plan Width": 16, "Actual Startup Time": 28695.224, "Actual Total Time": 48504.068, "Actual Rows": 178138626, "Actual Loops": 3934, "Plans": [{"Node Type": "Merge Join", "Parent Relationship": "Outer", "Join Type": "Inner", "Startup Cost": 3623063.44, "Total Cost": 3691585.28, "Plan Rows": 2, "Plan Width": 16, "Actual Startup Time": 28694.601, "Actual Total Time": 31136.997, "Actual Rows": 58537, "Actual Loops": 1, "Inner Unique": true, "Merge Cond": "((partsupp.ps_suppkey = subquery.\"?column?\") AND (partsupp.ps_partkey = subquery.\"?column?\"))", "Join Filter": "((partsupp.ps_availqty)::double precision > (.5::double precision * subquery.\"?column?\"))", "Rows Removed by Join Filter": 0, "Plans": [{"Node Type": "Sort", "Parent Relationship": "Outer", "Startup Cost": 414234.76, "Total Cost": 414396.14, "Plan Rows": 64552, "Plan Width": 32, "Actual Startup Time": 1039.583, "Actual Total Time": 1057.87, "Actual Rows": 86224, "Actual Loops": 1, "Sort Key": ["partsupp.ps_suppkey", "partsupp.ps_partkey"], "Sort Method": "quicksort", "Sort Space Used": 11156, "Sort Space Type": "Memory", "Plans": [{"Node Type": "Nested Loop", "Parent Relationship": "Outer", "Join Type": "Inner", "Startup Cost": 3.19, "Total Cost": 409077.65, "Plan Rows": 64552, "Plan Width": 32, "Actual Startup Time": 0.061, "Actual Total Time": 993.316, "Actual Rows": 86224, "Actual Loops": 1, "Inner Unique": false, "Plans": [{"Node Type": "Seq Scan", "Parent Relationship": "Outer", "Relation Name": "part", "Alias": "part", "Startup Cost": 0.0, "Total Cost": 66944.0, "Plan Rows": 22472, "Plan Width": 8, "Actual Startup Time": 0.021, "Actual Total Time": 765.557, "Actual Rows": 21556, "Actual Loops": 1, "Filter": "((p_name)::text ~~ 'green%'::text)", "Rows Removed by Filter": 1978444}, {"Node Type": "Bitmap Heap Scan", "Parent Relationship": "Inner", "Relation Name": "partsupp", "Alias": "partsupp", "Startup Cost": 3.19, "Total Cost": 15.19, "Plan Rows": 3, "Plan Width": 24, "Actual Startup Time": 167.957, "Actual Total Time": 183.119, "Actual Rows": 86224, "Actual Loops": 21556, "Recheck Cond": "(ps_partkey = part.p_partkey)", "Rows Removed by Index Recheck": 0, "Exact Heap Blocks": 23502, "Lossy Heap Blocks": 23502, "Plans": [{"Node Type": "Bitmap Index Scan", "Parent Relationship": "Outer", "Index Name": "idx_partsupp_partkey", "Startup Cost": 0.0, "Total Cost": 3.19, "Plan Rows": 3, "Plan Width": 0, "Actual Startup Time": 92.444, "Actual Total Time": 92.444, "Actual Rows": 86224, "Actual Loops": 21556, "Index Cond": "(ps_partkey = part.p_partkey)"}]}]}]}, {"Node Type": "Sort", "Parent Relationship": "Inner", "Startup Cost": 3208828.67, "Total Cost": 3231507.87, "Plan Rows": 9071680, "Plan Width": 24, "Actual Startup Time": 27654.812, "Actual Total Time": 29248.707, "Actual Rows": 5442737, "Actual Loops": 1, "Sort Key": ["subquery.\"?column?\"", "subquery.\"?column?\""], "Sort Method": "quicksort", "Sort Space Used": 706866, "Sort Space Type": "Memory", "Plans": [{"Node Type": "Subquery Scan", "Parent Relationship": "Outer", "Alias": "subquery", "Startup Cost": 1956349.97, "Total Cost": 2160462.77, "Plan Rows": 9071680, "Plan Width": 24, "Actual Startup Time": 18254.915, "Actual Total Time": 22949.815, "Actual Rows": 5442751, "Actual Loops": 1, "Plans": [{"Node Type": "Aggregate", "Strategy": "Hashed", "Parent Relationship": "Subquery", "Startup Cost": 1956349.97, "Total Cost": 2069745.97, "Plan Rows": 9071680, "Plan Width": 24, "Actual Startup Time": 18254.902, "Actual Total Time": 21925.598, "Actual Rows": 5442751, "Actual Loops": 1, "Group By Key": ["lineitem.l_partkey", "lineitem.l_suppkey"], "Plans": [{"Node Type": "Bitmap Heap Scan", "Parent Relationship": "Outer", "Relation Name": "lineitem", "Alias": "lineitem", "Startup Cost": 314312.97, "Total Cost": 1865633.17, "Plan Rows": 9071680, "Plan Width": 24, "Actual Startup Time": 3833.233, "Actual Total Time": 10950.178, "Actual Rows": 9109641, "Actual Loops": 1, "Recheck Cond": "((l_shipdate >= '1993-01-01 00:00:00'::timestamp(0) without time zone) AND (l_shipdate < '1994-01-01 00:00:00'::timestamp without time zone)), (LLVM Optimized, Jit Execute)", "Rows Removed by Index Recheck": 0, "Exact Heap Blocks": 1252335, "Lossy Heap Blocks": 1252335, "Plans": [{"Node Type": "Bitmap Index Scan", "Parent Relationship": "Outer", "Index Name": "idx_lineitem_shipdate", "Startup Cost": 0.0, "Total Cost": 312045.05, "Plan Rows": 9071680, "Plan Width": 0, "Actual Startup Time": 3208.458, "Actual Total Time": 3208.458, "Actual Rows": 9109641, "Actual Loops": 1, "Index Cond": "((l_shipdate >= '1993-01-01 00:00:00'::timestamp(0) without time zone) AND (l_shipdate < '1994-01-01 00:00:00'::timestamp without time zone))"}]}]}]}]}]}]}]}]}, "Triggers": [], "Planner Runtime": 1, "Total Runtime": 82287.479, "Unique SQL Id": 202076520}}, "(1, 19)": {"explain_plan": {"Plan": {"Node Type": "Sort", "Startup Cost": 41474309.17, "Total Cost": 41474314.17, "Plan Rows": 2000, "Plan Width": 51, "Sort Key": ["supplier.s_name"], "Plans": [{"Node Type": "Nested Loop", "Parent Relationship": "Outer", "Join Type": "Inner", "Startup Cost": 41260049.96, "Total Cost": 41474199.51, "Plan Rows": 2000, "Plan Width": 51, "Inner Unique": true, "Plans": [{"Node Type": "Nested Loop", "Parent Relationship": "Outer", "Join Type": "Inner", "Startup Cost": 41260049.7, "Total Cost": 41260058.01, "Plan Rows": 50000, "Plan Width": 55, "Inner Unique": true, "Plans": [{"Node Type": "Unique", "Parent Relationship": "Outer", "Startup Cost": 41260049.44, "Total Cost": 41260049.45, "Plan Rows": 2, "Plan Width": 16, "Plans": [{"Node Type": "Sort", "Parent Relationship": "Outer", "Startup Cost": 41260049.44, "Total Cost": 41260049.45, "Plan Rows": 2, "Plan Width": 16, "Sort Key": ["partsupp.ps_suppkey"], "Plans": [{"Node Type": "Nested Loop", "Parent Relationship": "Outer", "Join Type": "Semi", "Startup Cost": 1956350.51, "Total Cost": 41260049.43, "Plan Rows": 2, "Plan Width": 16, "Inner Unique": false, "Join Filter": "(partsupp.ps_partkey = part.p_partkey)", "Plans": [{"Node Type": "Nested Loop", "Parent Relationship": "Outer", "Join Type": "Inner", "Startup Cost": 1956350.25, "Total Cost": 41259981.09, "Plan Rows": 15, "Plan Width": 32, "Inner Unique": true, "Plans": [{"Node Type": "Aggregate", "Strategy": "Hashed", "Parent Relationship": "Outer", "Startup Cost": 1956349.97, "Total Cost": 2069745.97, "Plan Rows": 9071680, "Plan Width": 24, "Group By Key": ["lineitem.l_partkey", "lineitem.l_suppkey"], "Plans": [{"Node Type": "Bitmap Heap Scan", "Parent Relationship": "Outer", "Relation Name": "lineitem", "Alias": "lineitem", "Startup Cost": 314312.97, "Total Cost": 1865633.17, "Plan Rows": 9071680, "Plan Width": 24, "Recheck Cond": "((l_shipdate >= '1993-01-01 00:00:00'::timestamp(0) without time zone) AND (l_shipdate < '1994-01-01 00:00:00'::timestamp without time zone)), (LLVM Optimized)", "Plans": [{"Node Type": "Bitmap Index Scan", "Parent Relationship": "Outer", "Index Name": "idx_lineitem_shipdate", "Startup Cost": 0.0, "Total Cost": 312045.05, "Plan Rows": 9071680, "Plan Width": 0, "Index Cond": "((l_shipdate >= '1993-01-01 00:00:00'::timestamp(0) without time zone) AND (l_shipdate < '1994-01-01 00:00:00'::timestamp without time zone))"}]}]}, {"Node Type": "Bitmap Heap Scan", "Parent Relationship": "Inner", "Relation Name": "partsupp", "Alias": "partsupp", "Startup Cost": 0.28, "Total Cost": 4.3, "Plan Rows": 1, "Plan Width": 24, "Recheck Cond": "((ps_partkey = lineitem.l_partkey) AND (ps_suppkey = lineitem.l_suppkey))", "Filter": "((ps_availqty)::double precision > (.5::double precision * (sum(lineitem.l_quantity))))", "Plans": [{"Node Type": "Bitmap Index Scan", "Parent Relationship": "Outer", "Index Name": "partsupp_pkey", "Startup Cost": 0.0, "Total Cost": 0.28, "Plan Rows": 1, "Plan Width": 0, "Index Cond": "((ps_partkey = lineitem.l_partkey) AND (ps_suppkey = lineitem.l_suppkey))"}]}]}, {"Node Type": "Bitmap Heap Scan", "Parent Relationship": "Inner", "Relation Name": "part", "Alias": "part", "Startup Cost": 0.26, "Total Cost": 4.28, "Plan Rows": 1, "Plan Width": 8, "Recheck Cond": "(p_partkey = lineitem.l_partkey)", "Filter": "((p_name)::text ~~ 'green%'::text)", "Plans": [{"Node Type": "Bitmap Index Scan", "Parent Relationship": "Outer", "Index Name": "part_kpey", "Startup Cost": 0.0, "Total Cost": 0.26, "Plan Rows": 1, "Plan Width": 0, "Index Cond": "(p_partkey = lineitem.l_partkey)"}]}]}]}]}, {"Node Type": "Bitmap Heap Scan", "Parent Relationship": "Inner", "Relation Name": "supplier", "Alias": "supplier", "Startup Cost": 0.26, "Total Cost": 4.27, "Plan Rows": 1, "Plan Width": 63, "Recheck Cond": "(s_suppkey = lineitem.l_suppkey)", "Plans": [{"Node Type": "Bitmap Index Scan", "Parent Relationship": "Outer", "Index Name": "supplier_pkey", "Startup Cost": 0.0, "Total Cost": 0.26, "Plan Rows": 1, "Plan Width": 0, "Index Cond": "(s_suppkey = lineitem.l_suppkey)"}]}]}, {"Node Type": "Bitmap Heap Scan", "Parent Relationship": "Inner", "Relation Name": "nation", "Alias": "nation", "Startup Cost": 0.26, "Total Cost": 4.27, "Plan Rows": 1, "Plan Width": 4, "Recheck Cond": "(n_nationkey = supplier.s_nationkey)", "Filter": "(n_name = 'ALGERIA'::bpchar)", "Plans": [{"Node Type": "Bitmap Index Scan", "Parent Relationship": "Outer", "Index Name": "nation_pkey", "Startup Cost": 0.0, "Total Cost": 0.26, "Plan Rows": 1, "Plan Width": 0, "Index Cond": "(n_nationkey = supplier.s_nationkey)"}]}]}]}, "Unique SQL Id": 202076520, "Planner Runtime": 2}, "explain_analyze_plan": {"Plan": {"Node Type": "Sort", "Startup Cost": 41474309.17, "Total Cost": 41474314.17, "Plan Rows": 2000, "Plan Width": 51, "Actual Startup Time": 123034.011, "Actual Total Time": 123034.172, "Actual Rows": 1746, "Actual Loops": 1, "Sort Key": ["supplier.s_name"], "Sort Method": "quicksort", "Sort Space Used": 309, "Sort Space Type": "Memory", "Plans": [{"Node Type": "Nested Loop", "Parent Relationship": "Outer", "Join Type": "Inner", "Startup Cost": 41260049.96, "Total Cost": 41474199.51, "Plan Rows": 2000, "Plan Width": 51, "Actual Startup Time": 122623.884, "Actual Total Time": 123032.253, "Actual Rows": 1746, "Actual Loops": 1, "Inner Unique": true, "Plans": [{"Node Type": "Nested Loop", "Parent Relationship": "Outer", "Join Type": "Inner", "Startup Cost": 41260049.7, "Total Cost": 41260058.01, "Plan Rows": 50000, "Plan Width": 55, "Actual Startup Time": 122623.574, "Actual Total Time": 122860.159, "Actual Rows": 44487, "Actual Loops": 1, "Inner Unique": true, "Plans": [{"Node Type": "Unique", "Parent Relationship": "Outer", "Startup Cost": 41260049.44, "Total Cost": 41260049.45, "Plan Rows": 2, "Plan Width": 16, "Actual Startup Time": 122623.524, "Actual Total Time": 122652.62, "Actual Rows": 44487, "Actual Loops": 1, "Plans": [{"Node Type": "Sort", "Parent Relationship": "Outer", "Startup Cost": 41260049.44, "Total Cost": 41260049.45, "Plan Rows": 2, "Plan Width": 16, "Actual Startup Time": 122623.52, "Actual Total Time": 122634.619, "Actual Rows": 58537, "Actual Loops": 1, "Sort Key": ["partsupp.ps_suppkey"], "Sort Method": "quicksort", "Sort Space Used": 7024, "Sort Space Type": "Memory", "Plans": [{"Node Type": "Nested Loop", "Parent Relationship": "Outer", "Join Type": "Semi", "Startup Cost": 1956350.51, "Total Cost": 41260049.43, "Plan Rows": 2, "Plan Width": 16, "Actual Startup Time": 18960.753, "Actual Total Time": 122538.632, "Actual Rows": 58537, "Actual Loops": 1, "Inner Unique": false, "Join Filter": "(partsupp.ps_partkey = part.p_partkey)", "Rows Removed by Join Filter": 0, "Plans": [{"Node Type": "Nested Loop", "Parent Relationship": "Outer", "Join Type": "Inner", "Startup Cost": 1956350.25, "Total Cost": 41259981.09, "Plan Rows": 15, "Plan Width": 32, "Actual Startup Time": 18960.35, "Actual Total Time": 76712.02, "Actual Rows": 5431247, "Actual Loops": 1, "Inner Unique": true, "Plans": [{"Node Type": "Aggregate", "Strategy": "Hashed", "Parent Relationship": "Outer", "Startup Cost": 1956349.97, "Total Cost": 2069745.97, "Plan Rows": 9071680, "Plan Width": 24, "Actual Startup Time": 18960.226, "Actual Total Time": 23912.293, "Actual Rows": 5442751, "Actual Loops": 1, "Group By Key": ["lineitem.l_partkey", "lineitem.l_suppkey"], "Plans": [{"Node Type": "Bitmap Heap Scan", "Parent Relationship": "Outer", "Relation Name": "lineitem", "Alias": "lineitem", "Startup Cost": 314312.97, "Total Cost": 1865633.17, "Plan Rows": 9071680, "Plan Width": 24, "Actual Startup Time": 4194.642, "Actual Total Time": 11458.292, "Actual Rows": 9109641, "Actual Loops": 1, "Recheck Cond": "((l_shipdate >= '1993-01-01 00:00:00'::timestamp(0) without time zone) AND (l_shipdate < '1994-01-01 00:00:00'::timestamp without time zone)), (LLVM Optimized, Jit Execute)", "Rows Removed by Index Recheck": 0, "Exact Heap Blocks": 1252335, "Lossy Heap Blocks": 1252335, "Plans": [{"Node Type": "Bitmap Index Scan", "Parent Relationship": "Outer", "Index Name": "idx_lineitem_shipdate", "Startup Cost": 0.0, "Total Cost": 312045.05, "Plan Rows": 9071680, "Plan Width": 0, "Actual Startup Time": 3470.055, "Actual Total Time": 3470.055, "Actual Rows": 9109641, "Actual Loops": 1, "Index Cond": "((l_shipdate >= '1993-01-01 00:00:00'::timestamp(0) without time zone) AND (l_shipdate < '1994-01-01 00:00:00'::timestamp without time zone))"}]}]}, {"Node Type": "Bitmap Heap Scan", "Parent Relationship": "Inner", "Relation Name": "partsupp", "Alias": "partsupp", "Startup Cost": 0.28, "Total Cost": 4.3, "Plan Rows": 1, "Plan Width": 24, "Actual Startup Time": 44899.069, "Actual Total Time": 44899.069, "Actual Rows": 5431247, "Actual Loops": 5442751, "Recheck Cond": "((ps_partkey = lineitem.l_partkey) AND (ps_suppkey = lineitem.l_suppkey))", "Rows Removed by Index Recheck": 0, "Filter": "((ps_availqty)::double precision > (.5::double precision * (sum(lineitem.l_quantity))))", "Rows Removed by Filter": 11504, "Exact Heap Blocks": 5442751, "Lossy Heap Blocks": 5442751, "Plans": [{"Node Type": "Bitmap Index Scan", "Parent Relationship": "Outer", "Index Name": "partsupp_pkey", "Startup Cost": 0.0, "Total Cost": 0.28, "Plan Rows": 1, "Plan Width": 0, "Actual Startup Time": 27584.74, "Actual Total Time": 27584.74, "Actual Rows": 5442751, "Actual Loops": 5442751, "Index Cond": "((ps_partkey = lineitem.l_partkey) AND (ps_suppkey = lineitem.l_suppkey))"}]}]}, {"Node Type": "Bitmap Heap Scan", "Parent Relationship": "Inner", "Relation Name": "part", "Alias": "part", "Startup Cost": 0.26, "Total Cost": 4.28, "Plan Rows": 1, "Plan Width": 8, "Actual Startup Time": 39579.35, "Actual Total Time": 39579.35, "Actual Rows": 58537, "Actual Loops": 5431247, "Recheck Cond": "(p_partkey = lineitem.l_partkey)", "Rows Removed by Index Recheck": 0, "Filter": "((p_name)::text ~~ 'green%'::text)", "Rows Removed by Filter": 5372710, "Exact Heap Blocks": 5431247, "Lossy Heap Blocks": 5431247, "Plans": [{"Node Type": "Bitmap Index Scan", "Parent Relationship": "Outer", "Index Name": "part_kpey", "Startup Cost": 0.0, "Total Cost": 0.26, "Plan Rows": 1, "Plan Width": 0, "Actual Startup Time": 23439.794, "Actual Total Time": 23439.794, "Actual Rows": 5431247, "Actual Loops": 5431247, "Index Cond": "(p_partkey = lineitem.l_partkey)"}]}]}]}]}, {"Node Type": "Bitmap Heap Scan", "Parent Relationship": "Inner", "Relation Name": "supplier", "Alias": "supplier", "Startup Cost": 0.26, "Total Cost": 4.27, "Plan Rows": 1, "Plan Width": 63, "Actual Startup Time": 148.575, "Actual Total Time": 148.575, "Actual Rows": 44487, "Actual Loops": 44487, "Recheck Cond": "(s_suppkey = lineitem.l_suppkey)", "Rows Removed by Index Recheck": 0, "Exact Heap Blocks": 44487, "Lossy Heap Blocks": 44487, "Plans": [{"Node Type": "Bitmap Index Scan", "Parent Relationship": "Outer", "Index Name": "supplier_pkey", "Startup Cost": 0.0, "Total Cost": 0.26, "Plan Rows": 1, "Plan Width": 0, "Actual Startup Time": 81.957, "Actual Total Time": 81.957, "Actual Rows": 44487, "Actual Loops": 44487, "Index Cond": "(s_suppkey = lineitem.l_suppkey)"}]}]}, {"Node Type": "Bitmap Heap Scan", "Parent Relationship": "Inner", "Relation Name": "nation", "Alias": "nation", "Startup Cost": 0.26, "Total Cost": 4.27, "Plan Rows": 1, "Plan Width": 4, "Actual Startup Time": 121.825, "Actual Total Time": 121.825, "Actual Rows": 1746, "Actual Loops": 44487, "Recheck Cond": "(n_nationkey = supplier.s_nationkey)", "Rows Removed by Index Recheck": 0, "Filter": "(n_name = 'ALGERIA'::bpchar)", "Rows Removed by Filter": 42741, "Exact Heap Blocks": 44487, "Lossy Heap Blocks": 44487, "Plans": [{"Node Type": "Bitmap Index Scan", "Parent Relationship": "Outer", "Index Name": "nation_pkey", "Startup Cost": 0.0, "Total Cost": 0.26, "Plan Rows": 1, "Plan Width": 0, "Actual Startup Time": 45.466, "Actual Total Time": 45.466, "Actual Rows": 44487, "Actual Loops": 44487, "Index Cond": "(n_nationkey = supplier.s_nationkey)"}]}]}]}, "Triggers": [], "Planner Runtime": 1, "Total Runtime": 123046.421, "Unique SQL Id": 202076520}}, "(1, 20)": {"explain_plan": {"Plan": {"Node Type": "Sort", "Startup Cost": 3512344.14, "Total Cost": 3512349.14, "Plan Rows": 2000, "Plan Width": 51, "Sort Key": ["supplier.s_name"], "Plans": [{"Node Type": "Nested Loop", "Parent Relationship": "Outer", "Join Type": "Semi", "Startup Cost": 3439058.32, "Total Cost": 3512234.48, "Plan Rows": 2000, "Plan Width": 51, "Inner Unique": false, "Join Filter": "(supplier.s_suppkey = subquery.\"?column?\")", "Plans": [{"Node Type": "Nested Loop", "Parent Relationship": "Outer", "Join Type": "Inner", "Startup Cost": 0.0, "Total Cost": 4534.31, "Plan Rows": 4000, "Plan Width": 59, "Inner Unique": false, "Join Filter": "(supplier.s_nationkey = nation.n_nationkey)", "Plans": [{"Node Type": "Seq Scan", "Parent Relationship": "Outer", "Relation Name": "nation", "Alias": "nation", "Startup Cost": 0.0, "Total Cost": 1.31, "Plan Rows": 1, "Plan Width": 4, "Filter": "(n_name = 'ALGERIA'::bpchar)"}, {"Node Type": "Seq Scan", "Parent Relationship": "Inner", "Relation Name": "supplier", "Alias": "supplier", "Startup Cost": 0.0, "Total Cost": 3283.0, "Plan Rows": 100000, "Plan Width": 63}]}, {"Node Type": "Materialize", "Parent Relationship": "Inner", "Startup Cost": 3439058.32, "Total Cost": 3507580.17, "Plan Rows": 2, "Plan Width": 16, "Plans": [{"Node Type": "Merge Join", "Parent Relationship": "Outer", "Join Type": "Inner", "Startup Cost": 3439058.32, "Total Cost": 3507580.16, "Plan Rows": 2, "Plan Width": 16, "Inner Unique": true, "Merge Cond": "((partsupp.ps_suppkey = subquery.\"?column?\") AND (partsupp.ps_partkey = subquery.\"?column?\"))", "Join Filter": "((partsupp.ps_availqty)::double precision > (.5::double precision * subquery.\"?column?\"))", "Plans": [{"Node Type": "Sort", "Parent Relationship": "Outer", "Startup Cost": 230229.65, "Total Cost": 230391.03, "Plan Rows": 64552, "Plan Width": 32, "Sort Key": ["partsupp.ps_suppkey", "partsupp.ps_partkey"], "Plans": [{"Node Type": "Nested Loop", "Parent Relationship": "Outer", "Join Type": "Inner", "Startup Cost": 0.0, "Total Cost": 225072.53, "Plan Rows": 64552, "Plan Width": 32, "Inner Unique": false, "Plans": [{"Node Type": "Seq Scan", "Parent Relationship": "Outer", "Relation Name": "part", "Alias": "part", "Startup Cost": 0.0, "Total Cost": 66944.0, "Plan Rows": 22472, "Plan Width": 8, "Filter": "((p_name)::text ~~ 'green%'::text)"}, {"Node Type": "Index Scan", "Parent Relationship": "Inner", "Scan Direction": "Forward", "Index Name": "idx_partsupp_partkey", "Relation Name": "partsupp", "Alias": "partsupp", "Startup Cost": 0.0, "Total Cost": 7.01, "Plan Rows": 3, "Plan Width": 24, "Index Cond": "(ps_partkey = part.p_partkey)"}]}]}, {"Node Type": "Sort", "Parent Relationship": "Inner", "Startup Cost": 3208828.67, "Total Cost": 3231507.87, "Plan Rows": 9071680, "Plan Width": 24, "Sort Key": ["subquery.\"?column?\"", "subquery.\"?column?\""], "Plans": [{"Node Type": "Subquery Scan", "Parent Relationship": "Outer", "Alias": "subquery", "Startup Cost": 1956349.97, "Total Cost": 2160462.77, "Plan Rows": 9071680, "Plan Width": 24, "Plans": [{"Node Type": "Aggregate", "Strategy": "Hashed", "Parent Relationship": "Subquery", "Startup Cost": 1956349.97, "Total Cost": 2069745.97, "Plan Rows": 9071680, "Plan Width": 24, "Group By Key": ["lineitem.l_partkey", "lineitem.l_suppkey"], "Plans": [{"Node Type": "Bitmap Heap Scan", "Parent Relationship": "Outer", "Relation Name": "lineitem", "Alias": "lineitem", "Startup Cost": 314312.97, "Total Cost": 1865633.17, "Plan Rows": 9071680, "Plan Width": 24, "Recheck Cond": "((l_shipdate >= '1993-01-01 00:00:00'::timestamp(0) without time zone) AND (l_shipdate < '1994-01-01 00:00:00'::timestamp without time zone)), (LLVM Optimized)", "Plans": [{"Node Type": "Bitmap Index Scan", "Parent Relationship": "Outer", "Index Name": "idx_lineitem_shipdate", "Startup Cost": 0.0, "Total Cost": 312045.05, "Plan Rows": 9071680, "Plan Width": 0, "Index Cond": "((l_shipdate >= '1993-01-01 00:00:00'::timestamp(0) without time zone) AND (l_shipdate < '1994-01-01 00:00:00'::timestamp without time zone))"}]}]}]}]}]}]}]}]}, "Unique SQL Id": 202076520, "Planner Runtime": 2}, "explain_analyze_plan": {"Plan": {"Node Type": "Sort", "Startup Cost": 3512344.14, "Total Cost": 3512349.14, "Plan Rows": 2000, "Plan Width": 51, "Actual Startup Time": 82466.783, "Actual Total Time": 82466.936, "Actual Rows": 1746, "Actual Loops": 1, "Sort Key": ["supplier.s_name"], "Sort Method": "quicksort", "Sort Space Used": 309, "Sort Space Type": "Memory", "Plans": [{"Node Type": "Nested Loop", "Parent Relationship": "Outer", "Join Type": "Semi", "Startup Cost": 3439058.32, "Total Cost": 3512234.48, "Plan Rows": 2000, "Plan Width": 51, "Actual Startup Time": 31439.725, "Actual Total Time": 82459.629, "Actual Rows": 1746, "Actual Loops": 1, "Inner Unique": false, "Join Filter": "(supplier.s_suppkey = subquery.\"?column?\")", "Rows Removed by Join Filter": 178136880, "Plans": [{"Node Type": "Nested Loop", "Parent Relationship": "Outer", "Join Type": "Inner", "Startup Cost": 0.0, "Total Cost": 4534.31, "Plan Rows": 4000, "Plan Width": 59, "Actual Startup Time": 0.064, "Actual Total Time": 71.41, "Actual Rows": 3934, "Actual Loops": 1, "Inner Unique": false, "Join Filter": "(supplier.s_nationkey = nation.n_nationkey)", "Rows Removed by Join Filter": 96066, "Plans": [{"Node Type": "Seq Scan", "Parent Relationship": "Outer", "Relation Name": "nation", "Alias": "nation", "Startup Cost": 0.0, "Total Cost": 1.31, "Plan Rows": 1, "Plan Width": 4, "Actual Startup Time": 0.025, "Actual Total Time": 0.048, "Actual Rows": 1, "Actual Loops": 1, "Filter": "(n_name = 'ALGERIA'::bpchar)", "Rows Removed by Filter": 24}, {"Node Type": "Seq Scan", "Parent Relationship": "Inner", "Relation Name": "supplier", "Alias": "supplier", "Startup Cost": 0.0, "Total Cost": 3283.0, "Plan Rows": 100000, "Plan Width": 63, "Actual Startup Time": 0.02, "Actual Total Time": 42.309, "Actual Rows": 100000, "Actual Loops": 1}]}, {"Node Type": "Materialize", "Parent Relationship": "Inner", "Startup Cost": 3439058.32, "Total Cost": 3507580.17, "Plan Rows": 2, "Plan Width": 16, "Actual Startup Time": 29468.134, "Actual Total Time": 48739.391, "Actual Rows": 178138626, "Actual Loops": 3934, "Plans": [{"Node Type": "Merge Join", "Parent Relationship": "Outer", "Join Type": "Inner", "Startup Cost": 3439058.32, "Total Cost": 3507580.16, "Plan Rows": 2, "Plan Width": 16, "Actual Startup Time": 29467.504, "Actual Total Time": 31411.337, "Actual Rows": 58537, "Actual Loops": 1, "Inner Unique": true, "Merge Cond": "((partsupp.ps_suppkey = subquery.\"?column?\") AND (partsupp.ps_partkey = subquery.\"?column?\"))", "Join Filter": "((partsupp.ps_availqty)::double precision > (.5::double precision * subquery.\"?column?\"))", "Rows Removed by Join Filter": 0, "Plans": [{"Node Type": "Sort", "Parent Relationship": "Outer", "Startup Cost": 230229.65, "Total Cost": 230391.03, "Plan Rows": 64552, "Plan Width": 32, "Actual Startup Time": 1060.364, "Actual Total Time": 1081.823, "Actual Rows": 86224, "Actual Loops": 1, "Sort Key": ["partsupp.ps_suppkey", "partsupp.ps_partkey"], "Sort Method": "quicksort", "Sort Space Used": 11156, "Sort Space Type": "Memory", "Plans": [{"Node Type": "Nested Loop", "Parent Relationship": "Outer", "Join Type": "Inner", "Startup Cost": 0.0, "Total Cost": 225072.53, "Plan Rows": 64552, "Plan Width": 32, "Actual Startup Time": 0.037, "Actual Total Time": 1012.761, "Actual Rows": 86224, "Actual Loops": 1, "Inner Unique": false, "Plans": [{"Node Type": "Seq Scan", "Parent Relationship": "Outer", "Relation Name": "part", "Alias": "part", "Startup Cost": 0.0, "Total Cost": 66944.0, "Plan Rows": 22472, "Plan Width": 8, "Actual Startup Time": 0.02, "Actual Total Time": 788.646, "Actual Rows": 21556, "Actual Loops": 1, "Filter": "((p_name)::text ~~ 'green%'::text)", "Rows Removed by Filter": 1978444}, {"Node Type": "Index Scan", "Parent Relationship": "Inner", "Scan Direction": "Forward", "Index Name": "idx_partsupp_partkey", "Relation Name": "partsupp", "Alias": "partsupp", "Startup Cost": 0.0, "Total Cost": 7.01, "Plan Rows": 3, "Plan Width": 24, "Actual Startup Time": 146.957, "Actual Total Time": 194.333, "Actual Rows": 86224, "Actual Loops": 21556, "Index Cond": "(ps_partkey = part.p_partkey)", "Rows Removed by Index Recheck": 0}]}]}, {"Node Type": "Sort", "Parent Relationship": "Inner", "Startup Cost": 3208828.67, "Total Cost": 3231507.87, "Plan Rows": 9071680, "Plan Width": 24, "Actual Startup Time": 28406.859, "Actual Total Time": 29502.461, "Actual Rows": 5442737, "Actual Loops": 1, "Sort Key": ["subquery.\"?column?\"", "subquery.\"?column?\""], "Sort Method": "quicksort", "Sort Space Used": 706866, "Sort Space Type": "Memory", "Plans": [{"Node Type": "Subquery Scan", "Parent Relationship": "Outer", "Alias": "subquery", "Startup Cost": 1956349.97, "Total Cost": 2160462.77, "Plan Rows": 9071680, "Plan Width": 24, "Actual Startup Time": 19133.891, "Actual Total Time": 23793.724, "Actual Rows": 5442751, "Actual Loops": 1, "Plans": [{"Node Type": "Aggregate", "Strategy": "Hashed", "Parent Relationship": "Subquery", "Startup Cost": 1956349.97, "Total Cost": 2069745.97, "Plan Rows": 9071680, "Plan Width": 24, "Actual Startup Time": 19133.888, "Actual Total Time": 22787.881, "Actual Rows": 5442751, "Actual Loops": 1, "Group By Key": ["lineitem.l_partkey", "lineitem.l_suppkey"], "Plans": [{"Node Type": "Bitmap Heap Scan", "Parent Relationship": "Outer", "Relation Name": "lineitem", "Alias": "lineitem", "Startup Cost": 314312.97, "Total Cost": 1865633.17, "Plan Rows": 9071680, "Plan Width": 24, "Actual Startup Time": 3927.697, "Actual Total Time": 11661.695, "Actual Rows": 9109641, "Actual Loops": 1, "Recheck Cond": "((l_shipdate >= '1993-01-01 00:00:00'::timestamp(0) without time zone) AND (l_shipdate < '1994-01-01 00:00:00'::timestamp without time zone)), (LLVM Optimized, Jit Execute)", "Rows Removed by Index Recheck": 0, "Exact Heap Blocks": 1252335, "Lossy Heap Blocks": 1252335, "Plans": [{"Node Type": "Bitmap Index Scan", "Parent Relationship": "Outer", "Index Name": "idx_lineitem_shipdate", "Startup Cost": 0.0, "Total Cost": 312045.05, "Plan Rows": 9071680, "Plan Width": 0, "Actual Startup Time": 3216.354, "Actual Total Time": 3216.354, "Actual Rows": 9109641, "Actual Loops": 1, "Index Cond": "((l_shipdate >= '1993-01-01 00:00:00'::timestamp(0) without time zone) AND (l_shipdate < '1994-01-01 00:00:00'::timestamp without time zone))"}]}]}]}]}]}]}]}]}, "Triggers": [], "Planner Runtime": 2, "Total Runtime": 82478.4, "Unique SQL Id": 202076520}}, "(1, 21)": {"explain_plan": {"Plan": {"Node Type": "Sort", "Startup Cost": 3531947.57, "Total Cost": 3531952.57, "Plan Rows": 2000, "Plan Width": 51, "Sort Key": ["supplier.s_name"], "Plans": [{"Node Type": "Nested Loop", "Parent Relationship": "Outer", "Join Type": "Semi", "Startup Cost": 3208828.67, "Total Cost": 3531837.91, "Plan Rows": 2000, "Plan Width": 51, "Inner Unique": false, "Join Filter": "(supplier.s_suppkey = subquery.\"?column?\")", "Plans": [{"Node Type": "Nested Loop", "Parent Relationship": "Outer", "Join Type": "Inner", "Startup Cost": 0.0, "Total Cost": 6597.23, "Plan Rows": 4000, "Plan Width": 59, "Inner Unique": false, "Join Filter": "(supplier.s_nationkey = nation.n_nationkey)", "Plans": [{"Node Type": "Index Scan", "Parent Relationship": "Outer", "Scan Direction": "Forward", "Index Name": "nation_pkey", "Relation Name": "nation", "Alias": "nation", "Startup Cost": 0.0, "Total Cost": 12.69, "Plan Rows": 1, "Plan Width": 4, "Filter": "(n_name = 'ALGERIA'::bpchar)"}, {"Node Type": "Index Scan", "Parent Relationship": "Inner", "Scan Direction": "Forward", "Index Name": "supplier_pkey", "Relation Name": "supplier", "Alias": "supplier", "Startup Cost": 0.0, "Total Cost": 5334.54, "Plan Rows": 100000, "Plan Width": 63}]}, {"Node Type": "Materialize", "Parent Relationship": "Inner", "Startup Cost": 3208828.67, "Total Cost": 3525120.68, "Plan Rows": 2, "Plan Width": 16, "Plans": [{"Node Type": "Merge Join", "Parent Relationship": "Outer", "Join Type": "Inner", "Startup Cost": 3208828.67, "Total Cost": 3525120.67, "Plan Rows": 2, "Plan Width": 16, "Inner Unique": true, "Merge Cond": "(partsupp.ps_partkey = subquery.\"?column?\")", "Join Filter": "((partsupp.ps_suppkey = subquery.\"?column?\") AND ((partsupp.ps_availqty)::double precision > (.5::double precision * subquery.\"?column?\")))", "Plans": [{"Node Type": "Nested Loop", "Parent Relationship": "Outer", "Join Type": "Inner", "Startup Cost": 0.0, "Total Cost": 263931.78, "Plan Rows": 64552, "Plan Width": 32, "Inner Unique": false, "Plans": [{"Node Type": "Index Scan", "Parent Relationship": "Outer", "Scan Direction": "Forward", "Index Name": "part_kpey", "Relation Name": "part", "Alias": "part", "Startup Cost": 0.0, "Total Cost": 105803.25, "Plan Rows": 22472, "Plan Width": 8, "Filter": "((p_name)::text ~~ 'green%'::text)"}, {"Node Type": "Index Scan", "Parent Relationship": "Inner", "Scan Direction": "Forward", "Index Name": "idx_partsupp_partkey", "Relation Name": "partsupp", "Alias": "partsupp", "Startup Cost": 0.0, "Total Cost": 7.01, "Plan Rows": 3, "Plan Width": 24, "Index Cond": "(ps_partkey = part.p_partkey)"}]}, {"Node Type": "Sort", "Parent Relationship": "Inner", "Startup Cost": 3208828.67, "Total Cost": 3231507.87, "Plan Rows": 9071680, "Plan Width": 24, "Sort Key": ["subquery.\"?column?\""], "Plans": [{"Node Type": "Subquery Scan", "Parent Relationship": "Outer", "Alias": "subquery", "Startup Cost": 1956349.97, "Total Cost": 2160462.77, "Plan Rows": 9071680, "Plan Width": 24, "Plans": [{"Node Type": "Aggregate", "Strategy": "Hashed", "Parent Relationship": "Subquery", "Startup Cost": 1956349.97, "Total Cost": 2069745.97, "Plan Rows": 9071680, "Plan Width": 24, "Group By Key": ["lineitem.l_partkey", "lineitem.l_suppkey"], "Plans": [{"Node Type": "Bitmap Heap Scan", "Parent Relationship": "Outer", "Relation Name": "lineitem", "Alias": "lineitem", "Startup Cost": 314312.97, "Total Cost": 1865633.17, "Plan Rows": 9071680, "Plan Width": 24, "Recheck Cond": "((l_shipdate >= '1993-01-01 00:00:00'::timestamp(0) without time zone) AND (l_shipdate < '1994-01-01 00:00:00'::timestamp without time zone)), (LLVM Optimized)", "Plans": [{"Node Type": "Bitmap Index Scan", "Parent Relationship": "Outer", "Index Name": "idx_lineitem_shipdate", "Startup Cost": 0.0, "Total Cost": 312045.05, "Plan Rows": 9071680, "Plan Width": 0, "Index Cond": "((l_shipdate >= '1993-01-01 00:00:00'::timestamp(0) without time zone) AND (l_shipdate < '1994-01-01 00:00:00'::timestamp without time zone))"}]}]}]}]}]}]}]}]}, "Unique SQL Id": 202076520, "Planner Runtime": 2}, "explain_analyze_plan": {"Plan": {"Node Type": "Sort", "Startup Cost": 3531947.57, "Total Cost": 3531952.57, "Plan Rows": 2000, "Plan Width": 51, "Actual Startup Time": 77739.528, "Actual Total Time": 77739.672, "Actual Rows": 1746, "Actual Loops": 1, "Sort Key": ["supplier.s_name"], "Sort Method": "quicksort", "Sort Space Used": 309, "Sort Space Type": "Memory", "Plans": [{"Node Type": "Nested Loop", "Parent Relationship": "Outer", "Join Type": "Semi", "Startup Cost": 3208828.67, "Total Cost": 3531837.91, "Plan Rows": 2000, "Plan Width": 51, "Actual Startup Time": 28932.8, "Actual Total Time": 77735.592, "Actual Rows": 1746, "Actual Loops": 1, "Inner Unique": false, "Join Filter": "(supplier.s_suppkey = subquery.\"?column?\")", "Rows Removed by Join Filter": 172948128, "Plans": [{"Node Type": "Nested Loop", "Parent Relationship": "Outer", "Join Type": "Inner", "Startup Cost": 0.0, "Total Cost": 6597.23, "Plan Rows": 4000, "Plan Width": 59, "Actual Startup Time": 0.067, "Actual Total Time": 101.106, "Actual Rows": 3934, "Actual Loops": 1, "Inner Unique": false, "Join Filter": "(supplier.s_nationkey = nation.n_nationkey)", "Rows Removed by Join Filter": 96066, "Plans": [{"Node Type": "Index Scan", "Parent Relationship": "Outer", "Scan Direction": "Forward", "Index Name": "nation_pkey", "Relation Name": "nation", "Alias": "nation", "Startup Cost": 0.0, "Total Cost": 12.69, "Plan Rows": 1, "Plan Width": 4, "Actual Startup Time": 0.023, "Actual Total Time": 0.047, "Actual Rows": 1, "Actual Loops": 1, "Filter": "(n_name = 'ALGERIA'::bpchar)", "Rows Removed by Filter": 24}, {"Node Type": "Index Scan", "Parent Relationship": "Inner", "Scan Direction": "Forward", "Index Name": "supplier_pkey", "Relation Name": "supplier", "Alias": "supplier", "Startup Cost": 0.0, "Total Cost": 5334.54, "Plan Rows": 100000, "Plan Width": 63, "Actual Startup Time": 0.022, "Actual Total Time": 74.13, "Actual Rows": 100000, "Actual Loops": 1}]}, {"Node Type": "Materialize", "Parent Relationship": "Inner", "Startup Cost": 3208828.67, "Total Cost": 3525120.68, "Plan Rows": 2, "Plan Width": 16, "Actual Startup Time": 25009.585, "Actual Total Time": 45244.46, "Actual Rows": 172949874, "Actual Loops": 3934, "Plans": [{"Node Type": "Merge Join", "Parent Relationship": "Outer", "Join Type": "Inner", "Startup Cost": 3208828.67, "Total Cost": 3525120.67, "Plan Rows": 2, "Plan Width": 16, "Actual Startup Time": 25008.966, "Actual Total Time": 28891.568, "Actual Rows": 58537, "Actual Loops": 1, "Inner Unique": true, "Merge Cond": "(partsupp.ps_partkey = subquery.\"?column?\")", "Join Filter": "((partsupp.ps_suppkey = subquery.\"?column?\") AND ((partsupp.ps_availqty)::double precision > (.5::double precision * subquery.\"?column?\")))", "Rows Removed by Join Filter": 0, "Plans": [{"Node Type": "Nested Loop", "Parent Relationship": "Outer", "Join Type": "Inner", "Startup Cost": 0.0, "Total Cost": 263931.78, "Plan Rows": 64552, "Plan Width": 32, "Actual Startup Time": 0.052, "Actual Total Time": 1634.486, "Actual Rows": 86224, "Actual Loops": 1, "Inner Unique": false, "Plans": [{"Node Type": "Index Scan", "Parent Relationship": "Outer", "Scan Direction": "Forward", "Index Name": "part_kpey", "Relation Name": "part", "Alias": "part", "Startup Cost": 0.0, "Total Cost": 105803.25, "Plan Rows": 22472, "Plan Width": 8, "Actual Startup Time": 0.041, "Actual Total Time": 1401.651, "Actual Rows": 21556, "Actual Loops": 1, "Filter": "((p_name)::text ~~ 'green%'::text)", "Rows Removed by Filter": 1978444}, {"Node Type": "Index Scan", "Parent Relationship": "Inner", "Scan Direction": "Forward", "Index Name": "idx_partsupp_partkey", "Relation Name": "partsupp", "Alias": "partsupp", "Startup Cost": 0.0, "Total Cost": 7.01, "Plan Rows": 3, "Plan Width": 24, "Actual Startup Time": 149.079, "Actual Total Time": 199.867, "Actual Rows": 86224, "Actual Loops": 21556, "Index Cond": "(ps_partkey = part.p_partkey)", "Rows Removed by Index Recheck": 0}]}, {"Node Type": "Sort", "Parent Relationship": "Inner", "Startup Cost": 3208828.67, "Total Cost": 3231507.87, "Plan Rows": 9071680, "Plan Width": 24, "Actual Startup Time": 25008.408, "Actual Total Time": 26468.307, "Actual Rows": 5530092, "Actual Loops": 1, "Sort Key": ["subquery.\"?column?\""], "Sort Method": "quicksort", "Sort Space Used": 706866, "Sort Space Type": "Memory", "Plans": [{"Node Type": "Subquery Scan", "Parent Relationship": "Outer", "Alias": "subquery", "Startup Cost": 1956349.97, "Total Cost": 2160462.77, "Plan Rows": 9071680, "Plan Width": 24, "Actual Startup Time": 18549.135, "Actual Total Time": 22765.715, "Actual Rows": 5442751, "Actual Loops": 1, "Plans": [{"Node Type": "Aggregate", "Strategy": "Hashed", "Parent Relationship": "Subquery", "Startup Cost": 1956349.97, "Total Cost": 2069745.97, "Plan Rows": 9071680, "Plan Width": 24, "Actual Startup Time": 18549.132, "Actual Total Time": 21757.77, "Actual Rows": 5442751, "Actual Loops": 1, "Group By Key": ["lineitem.l_partkey", "lineitem.l_suppkey"], "Plans": [{"Node Type": "Bitmap Heap Scan", "Parent Relationship": "Outer", "Relation Name": "lineitem", "Alias": "lineitem", "Startup Cost": 314312.97, "Total Cost": 1865633.17, "Plan Rows": 9071680, "Plan Width": 24, "Actual Startup Time": 3587.059, "Actual Total Time": 10987.487, "Actual Rows": 9109641, "Actual Loops": 1, "Recheck Cond": "((l_shipdate >= '1993-01-01 00:00:00'::timestamp(0) without time zone) AND (l_shipdate < '1994-01-01 00:00:00'::timestamp without time zone)), (LLVM Optimized, Jit Execute)", "Rows Removed by Index Recheck": 0, "Exact Heap Blocks": 1252335, "Lossy Heap Blocks": 1252335, "Plans": [{"Node Type": "Bitmap Index Scan", "Parent Relationship": "Outer", "Index Name": "idx_lineitem_shipdate", "Startup Cost": 0.0, "Total Cost": 312045.05, "Plan Rows": 9071680, "Plan Width": 0, "Actual Startup Time": 2953.847, "Actual Total Time": 2953.847, "Actual Rows": 9109641, "Actual Loops": 1, "Index Cond": "((l_shipdate >= '1993-01-01 00:00:00'::timestamp(0) without time zone) AND (l_shipdate < '1994-01-01 00:00:00'::timestamp without time zone))"}]}]}]}]}]}]}]}]}, "Triggers": [], "Planner Runtime": 2, "Total Runtime": 77751.399, "Unique SQL Id": 202076520}}, "(1, 22)": {"explain_plan": {"Plan": {"Node Type": "Sort", "Startup Cost": 3696349.26, "Total Cost": 3696354.26, "Plan Rows": 2000, "Plan Width": 51, "Sort Key": ["supplier.s_name"], "Plans": [{"Node Type": "Nested Loop", "Parent Relationship": "Outer", "Join Type": "Semi", "Startup Cost": 3623063.44, "Total Cost": 3696239.6, "Plan Rows": 2000, "Plan Width": 51, "Inner Unique": false, "Join Filter": "(supplier.s_suppkey = subquery.\"?column?\")", "Plans": [{"Node Type": "Nested Loop", "Parent Relationship": "Outer", "Join Type": "Inner", "Startup Cost": 0.0, "Total Cost": 4534.31, "Plan Rows": 4000, "Plan Width": 59, "Inner Unique": false, "Join Filter": "(supplier.s_nationkey = nation.n_nationkey)", "Plans": [{"Node Type": "Seq Scan", "Parent Relationship": "Outer", "Relation Name": "nation", "Alias": "nation", "Startup Cost": 0.0, "Total Cost": 1.31, "Plan Rows": 1, "Plan Width": 4, "Filter": "(n_name = 'ALGERIA'::bpchar)"}, {"Node Type": "Seq Scan", "Parent Relationship": "Inner", "Relation Name": "supplier", "Alias": "supplier", "Startup Cost": 0.0, "Total Cost": 3283.0, "Plan Rows": 100000, "Plan Width": 63}]}, {"Node Type": "Materialize", "Parent Relationship": "Inner", "Startup Cost": 3623063.44, "Total Cost": 3691585.29, "Plan Rows": 2, "Plan Width": 16, "Plans": [{"Node Type": "Merge Join", "Parent Relationship": "Outer", "Join Type": "Inner", "Startup Cost": 3623063.44, "Total Cost": 3691585.28, "Plan Rows": 2, "Plan Width": 16, "Inner Unique": true, "Merge Cond": "((partsupp.ps_suppkey = subquery.\"?column?\") AND (partsupp.ps_partkey = subquery.\"?column?\"))", "Join Filter": "((partsupp.ps_availqty)::double precision > (.5::double precision * subquery.\"?column?\"))", "Plans": [{"Node Type": "Sort", "Parent Relationship": "Outer", "Startup Cost": 414234.76, "Total Cost": 414396.14, "Plan Rows": 64552, "Plan Width": 32, "Sort Key": ["partsupp.ps_suppkey", "partsupp.ps_partkey"], "Plans": [{"Node Type": "Nested Loop", "Parent Relationship": "Outer", "Join Type": "Inner", "Startup Cost": 3.19, "Total Cost": 409077.65, "Plan Rows": 64552, "Plan Width": 32, "Inner Unique": false, "Plans": [{"Node Type": "Seq Scan", "Parent Relationship": "Outer", "Relation Name": "part", "Alias": "part", "Startup Cost": 0.0, "Total Cost": 66944.0, "Plan Rows": 22472, "Plan Width": 8, "Filter": "((p_name)::text ~~ 'green%'::text)"}, {"Node Type": "Bitmap Heap Scan", "Parent Relationship": "Inner", "Relation Name": "partsupp", "Alias": "partsupp", "Startup Cost": 3.19, "Total Cost": 15.19, "Plan Rows": 3, "Plan Width": 24, "Recheck Cond": "(ps_partkey = part.p_partkey)", "Plans": [{"Node Type": "Bitmap Index Scan", "Parent Relationship": "Outer", "Index Name": "idx_partsupp_partkey", "Startup Cost": 0.0, "Total Cost": 3.19, "Plan Rows": 3, "Plan Width": 0, "Index Cond": "(ps_partkey = part.p_partkey)"}]}]}]}, {"Node Type": "Sort", "Parent Relationship": "Inner", "Startup Cost": 3208828.67, "Total Cost": 3231507.87, "Plan Rows": 9071680, "Plan Width": 24, "Sort Key": ["subquery.\"?column?\"", "subquery.\"?column?\""], "Plans": [{"Node Type": "Subquery Scan", "Parent Relationship": "Outer", "Alias": "subquery", "Startup Cost": 1956349.97, "Total Cost": 2160462.77, "Plan Rows": 9071680, "Plan Width": 24, "Plans": [{"Node Type": "Aggregate", "Strategy": "Hashed", "Parent Relationship": "Subquery", "Startup Cost": 1956349.97, "Total Cost": 2069745.97, "Plan Rows": 9071680, "Plan Width": 24, "Group By Key": ["lineitem.l_partkey", "lineitem.l_suppkey"], "Plans": [{"Node Type": "Bitmap Heap Scan", "Parent Relationship": "Outer", "Relation Name": "lineitem", "Alias": "lineitem", "Startup Cost": 314312.97, "Total Cost": 1865633.17, "Plan Rows": 9071680, "Plan Width": 24, "Recheck Cond": "((l_shipdate >= '1993-01-01 00:00:00'::timestamp(0) without time zone) AND (l_shipdate < '1994-01-01 00:00:00'::timestamp without time zone)), (LLVM Optimized)", "Plans": [{"Node Type": "Bitmap Index Scan", "Parent Relationship": "Outer", "Index Name": "idx_lineitem_shipdate", "Startup Cost": 0.0, "Total Cost": 312045.05, "Plan Rows": 9071680, "Plan Width": 0, "Index Cond": "((l_shipdate >= '1993-01-01 00:00:00'::timestamp(0) without time zone) AND (l_shipdate < '1994-01-01 00:00:00'::timestamp without time zone))"}]}]}]}]}]}]}]}]}, "Unique SQL Id": 202076520, "Planner Runtime": 1}, "explain_analyze_plan": {"Plan": {"Node Type": "Sort", "Startup Cost": 3696349.26, "Total Cost": 3696354.26, "Plan Rows": 2000, "Plan Width": 51, "Actual Startup Time": 82274.87, "Actual Total Time": 82275.032, "Actual Rows": 1746, "Actual Loops": 1, "Sort Key": ["supplier.s_name"], "Sort Method": "quicksort", "Sort Space Used": 309, "Sort Space Type": "Memory", "Plans": [{"Node Type": "Nested Loop", "Parent Relationship": "Outer", "Join Type": "Semi", "Startup Cost": 3623063.44, "Total Cost": 3696239.6, "Plan Rows": 2000, "Plan Width": 51, "Actual Startup Time": 31164.438, "Actual Total Time": 82267.6, "Actual Rows": 1746, "Actual Loops": 1, "Inner Unique": false, "Join Filter": "(supplier.s_suppkey = subquery.\"?column?\")", "Rows Removed by Join Filter": 178136880, "Plans": [{"Node Type": "Nested Loop", "Parent Relationship": "Outer", "Join Type": "Inner", "Startup Cost": 0.0, "Total Cost": 4534.31, "Plan Rows": 4000, "Plan Width": 59, "Actual Startup Time": 0.065, "Actual Total Time": 71.769, "Actual Rows": 3934, "Actual Loops": 1, "Inner Unique": false, "Join Filter": "(supplier.s_nationkey = nation.n_nationkey)", "Rows Removed by Join Filter": 96066, "Plans": [{"Node Type": "Seq Scan", "Parent Relationship": "Outer", "Relation Name": "nation", "Alias": "nation", "Startup Cost": 0.0, "Total Cost": 1.31, "Plan Rows": 1, "Plan Width": 4, "Actual Startup Time": 0.028, "Actual Total Time": 0.054, "Actual Rows": 1, "Actual Loops": 1, "Filter": "(n_name = 'ALGERIA'::bpchar)", "Rows Removed by Filter": 24}, {"Node Type": "Seq Scan", "Parent Relationship": "Inner", "Relation Name": "supplier", "Alias": "supplier", "Startup Cost": 0.0, "Total Cost": 3283.0, "Plan Rows": 100000, "Plan Width": 63, "Actual Startup Time": 0.017, "Actual Total Time": 42.7, "Actual Rows": 100000, "Actual Loops": 1}]}, {"Node Type": "Materialize", "Parent Relationship": "Inner", "Startup Cost": 3623063.44, "Total Cost": 3691585.29, "Plan Rows": 2, "Plan Width": 16, "Actual Startup Time": 28695.224, "Actual Total Time": 48504.068, "Actual Rows": 178138626, "Actual Loops": 3934, "Plans": [{"Node Type": "Merge Join", "Parent Relationship": "Outer", "Join Type": "Inner", "Startup Cost": 3623063.44, "Total Cost": 3691585.28, "Plan Rows": 2, "Plan Width": 16, "Actual Startup Time": 28694.601, "Actual Total Time": 31136.997, "Actual Rows": 58537, "Actual Loops": 1, "Inner Unique": true, "Merge Cond": "((partsupp.ps_suppkey = subquery.\"?column?\") AND (partsupp.ps_partkey = subquery.\"?column?\"))", "Join Filter": "((partsupp.ps_availqty)::double precision > (.5::double precision * subquery.\"?column?\"))", "Rows Removed by Join Filter": 0, "Plans": [{"Node Type": "Sort", "Parent Relationship": "Outer", "Startup Cost": 414234.76, "Total Cost": 414396.14, "Plan Rows": 64552, "Plan Width": 32, "Actual Startup Time": 1039.583, "Actual Total Time": 1057.87, "Actual Rows": 86224, "Actual Loops": 1, "Sort Key": ["partsupp.ps_suppkey", "partsupp.ps_partkey"], "Sort Method": "quicksort", "Sort Space Used": 11156, "Sort Space Type": "Memory", "Plans": [{"Node Type": "Nested Loop", "Parent Relationship": "Outer", "Join Type": "Inner", "Startup Cost": 3.19, "Total Cost": 409077.65, "Plan Rows": 64552, "Plan Width": 32, "Actual Startup Time": 0.061, "Actual Total Time": 993.316, "Actual Rows": 86224, "Actual Loops": 1, "Inner Unique": false, "Plans": [{"Node Type": "Seq Scan", "Parent Relationship": "Outer", "Relation Name": "part", "Alias": "part", "Startup Cost": 0.0, "Total Cost": 66944.0, "Plan Rows": 22472, "Plan Width": 8, "Actual Startup Time": 0.021, "Actual Total Time": 765.557, "Actual Rows": 21556, "Actual Loops": 1, "Filter": "((p_name)::text ~~ 'green%'::text)", "Rows Removed by Filter": 1978444}, {"Node Type": "Bitmap Heap Scan", "Parent Relationship": "Inner", "Relation Name": "partsupp", "Alias": "partsupp", "Startup Cost": 3.19, "Total Cost": 15.19, "Plan Rows": 3, "Plan Width": 24, "Actual Startup Time": 167.957, "Actual Total Time": 183.119, "Actual Rows": 86224, "Actual Loops": 21556, "Recheck Cond": "(ps_partkey = part.p_partkey)", "Rows Removed by Index Recheck": 0, "Exact Heap Blocks": 23502, "Lossy Heap Blocks": 23502, "Plans": [{"Node Type": "Bitmap Index Scan", "Parent Relationship": "Outer", "Index Name": "idx_partsupp_partkey", "Startup Cost": 0.0, "Total Cost": 3.19, "Plan Rows": 3, "Plan Width": 0, "Actual Startup Time": 92.444, "Actual Total Time": 92.444, "Actual Rows": 86224, "Actual Loops": 21556, "Index Cond": "(ps_partkey = part.p_partkey)"}]}]}]}, {"Node Type": "Sort", "Parent Relationship": "Inner", "Startup Cost": 3208828.67, "Total Cost": 3231507.87, "Plan Rows": 9071680, "Plan Width": 24, "Actual Startup Time": 27654.812, "Actual Total Time": 29248.707, "Actual Rows": 5442737, "Actual Loops": 1, "Sort Key": ["subquery.\"?column?\"", "subquery.\"?column?\""], "Sort Method": "quicksort", "Sort Space Used": 706866, "Sort Space Type": "Memory", "Plans": [{"Node Type": "Subquery Scan", "Parent Relationship": "Outer", "Alias": "subquery", "Startup Cost": 1956349.97, "Total Cost": 2160462.77, "Plan Rows": 9071680, "Plan Width": 24, "Actual Startup Time": 18254.915, "Actual Total Time": 22949.815, "Actual Rows": 5442751, "Actual Loops": 1, "Plans": [{"Node Type": "Aggregate", "Strategy": "Hashed", "Parent Relationship": "Subquery", "Startup Cost": 1956349.97, "Total Cost": 2069745.97, "Plan Rows": 9071680, "Plan Width": 24, "Actual Startup Time": 18254.902, "Actual Total Time": 21925.598, "Actual Rows": 5442751, "Actual Loops": 1, "Group By Key": ["lineitem.l_partkey", "lineitem.l_suppkey"], "Plans": [{"Node Type": "Bitmap Heap Scan", "Parent Relationship": "Outer", "Relation Name": "lineitem", "Alias": "lineitem", "Startup Cost": 314312.97, "Total Cost": 1865633.17, "Plan Rows": 9071680, "Plan Width": 24, "Actual Startup Time": 3833.233, "Actual Total Time": 10950.178, "Actual Rows": 9109641, "Actual Loops": 1, "Recheck Cond": "((l_shipdate >= '1993-01-01 00:00:00'::timestamp(0) without time zone) AND (l_shipdate < '1994-01-01 00:00:00'::timestamp without time zone)), (LLVM Optimized, Jit Execute)", "Rows Removed by Index Recheck": 0, "Exact Heap Blocks": 1252335, "Lossy Heap Blocks": 1252335, "Plans": [{"Node Type": "Bitmap Index Scan", "Parent Relationship": "Outer", "Index Name": "idx_lineitem_shipdate", "Startup Cost": 0.0, "Total Cost": 312045.05, "Plan Rows": 9071680, "Plan Width": 0, "Actual Startup Time": 3208.458, "Actual Total Time": 3208.458, "Actual Rows": 9109641, "Actual Loops": 1, "Index Cond": "((l_shipdate >= '1993-01-01 00:00:00'::timestamp(0) without time zone) AND (l_shipdate < '1994-01-01 00:00:00'::timestamp without time zone))"}]}]}]}]}]}]}]}]}, "Triggers": [], "Planner Runtime": 1, "Total Runtime": 82287.479, "Unique SQL Id": 202076520}}, "(1, 23)": {"explain_plan": {"Plan": {"Node Type": "Sort", "Startup Cost": 41474309.17, "Total Cost": 41474314.17, "Plan Rows": 2000, "Plan Width": 51, "Sort Key": ["supplier.s_name"], "Plans": [{"Node Type": "Nested Loop", "Parent Relationship": "Outer", "Join Type": "Inner", "Startup Cost": 41260049.96, "Total Cost": 41474199.51, "Plan Rows": 2000, "Plan Width": 51, "Inner Unique": true, "Plans": [{"Node Type": "Nested Loop", "Parent Relationship": "Outer", "Join Type": "Inner", "Startup Cost": 41260049.7, "Total Cost": 41260058.01, "Plan Rows": 50000, "Plan Width": 55, "Inner Unique": true, "Plans": [{"Node Type": "Unique", "Parent Relationship": "Outer", "Startup Cost": 41260049.44, "Total Cost": 41260049.45, "Plan Rows": 2, "Plan Width": 16, "Plans": [{"Node Type": "Sort", "Parent Relationship": "Outer", "Startup Cost": 41260049.44, "Total Cost": 41260049.45, "Plan Rows": 2, "Plan Width": 16, "Sort Key": ["partsupp.ps_suppkey"], "Plans": [{"Node Type": "Nested Loop", "Parent Relationship": "Outer", "Join Type": "Semi", "Startup Cost": 1956350.51, "Total Cost": 41260049.43, "Plan Rows": 2, "Plan Width": 16, "Inner Unique": false, "Join Filter": "(partsupp.ps_partkey = part.p_partkey)", "Plans": [{"Node Type": "Nested Loop", "Parent Relationship": "Outer", "Join Type": "Inner", "Startup Cost": 1956350.25, "Total Cost": 41259981.09, "Plan Rows": 15, "Plan Width": 32, "Inner Unique": true, "Plans": [{"Node Type": "Aggregate", "Strategy": "Hashed", "Parent Relationship": "Outer", "Startup Cost": 1956349.97, "Total Cost": 2069745.97, "Plan Rows": 9071680, "Plan Width": 24, "Group By Key": ["lineitem.l_partkey", "lineitem.l_suppkey"], "Plans": [{"Node Type": "Bitmap Heap Scan", "Parent Relationship": "Outer", "Relation Name": "lineitem", "Alias": "lineitem", "Startup Cost": 314312.97, "Total Cost": 1865633.17, "Plan Rows": 9071680, "Plan Width": 24, "Recheck Cond": "((l_shipdate >= '1993-01-01 00:00:00'::timestamp(0) without time zone) AND (l_shipdate < '1994-01-01 00:00:00'::timestamp without time zone)), (LLVM Optimized)", "Plans": [{"Node Type": "Bitmap Index Scan", "Parent Relationship": "Outer", "Index Name": "idx_lineitem_shipdate", "Startup Cost": 0.0, "Total Cost": 312045.05, "Plan Rows": 9071680, "Plan Width": 0, "Index Cond": "((l_shipdate >= '1993-01-01 00:00:00'::timestamp(0) without time zone) AND (l_shipdate < '1994-01-01 00:00:00'::timestamp without time zone))"}]}]}, {"Node Type": "Bitmap Heap Scan", "Parent Relationship": "Inner", "Relation Name": "partsupp", "Alias": "partsupp", "Startup Cost": 0.28, "Total Cost": 4.3, "Plan Rows": 1, "Plan Width": 24, "Recheck Cond": "((ps_partkey = lineitem.l_partkey) AND (ps_suppkey = lineitem.l_suppkey))", "Filter": "((ps_availqty)::double precision > (.5::double precision * (sum(lineitem.l_quantity))))", "Plans": [{"Node Type": "Bitmap Index Scan", "Parent Relationship": "Outer", "Index Name": "partsupp_pkey", "Startup Cost": 0.0, "Total Cost": 0.28, "Plan Rows": 1, "Plan Width": 0, "Index Cond": "((ps_partkey = lineitem.l_partkey) AND (ps_suppkey = lineitem.l_suppkey))"}]}]}, {"Node Type": "Bitmap Heap Scan", "Parent Relationship": "Inner", "Relation Name": "part", "Alias": "part", "Startup Cost": 0.26, "Total Cost": 4.28, "Plan Rows": 1, "Plan Width": 8, "Recheck Cond": "(p_partkey = lineitem.l_partkey)", "Filter": "((p_name)::text ~~ 'green%'::text)", "Plans": [{"Node Type": "Bitmap Index Scan", "Parent Relationship": "Outer", "Index Name": "part_kpey", "Startup Cost": 0.0, "Total Cost": 0.26, "Plan Rows": 1, "Plan Width": 0, "Index Cond": "(p_partkey = lineitem.l_partkey)"}]}]}]}]}, {"Node Type": "Bitmap Heap Scan", "Parent Relationship": "Inner", "Relation Name": "supplier", "Alias": "supplier", "Startup Cost": 0.26, "Total Cost": 4.27, "Plan Rows": 1, "Plan Width": 63, "Recheck Cond": "(s_suppkey = lineitem.l_suppkey)", "Plans": [{"Node Type": "Bitmap Index Scan", "Parent Relationship": "Outer", "Index Name": "supplier_pkey", "Startup Cost": 0.0, "Total Cost": 0.26, "Plan Rows": 1, "Plan Width": 0, "Index Cond": "(s_suppkey = lineitem.l_suppkey)"}]}]}, {"Node Type": "Bitmap Heap Scan", "Parent Relationship": "Inner", "Relation Name": "nation", "Alias": "nation", "Startup Cost": 0.26, "Total Cost": 4.27, "Plan Rows": 1, "Plan Width": 4, "Recheck Cond": "(n_nationkey = supplier.s_nationkey)", "Filter": "(n_name = 'ALGERIA'::bpchar)", "Plans": [{"Node Type": "Bitmap Index Scan", "Parent Relationship": "Outer", "Index Name": "nation_pkey", "Startup Cost": 0.0, "Total Cost": 0.26, "Plan Rows": 1, "Plan Width": 0, "Index Cond": "(n_nationkey = supplier.s_nationkey)"}]}]}]}, "Unique SQL Id": 202076520, "Planner Runtime": 2}, "explain_analyze_plan": {"Plan": {"Node Type": "Sort", "Startup Cost": 41474309.17, "Total Cost": 41474314.17, "Plan Rows": 2000, "Plan Width": 51, "Actual Startup Time": 123034.011, "Actual Total Time": 123034.172, "Actual Rows": 1746, "Actual Loops": 1, "Sort Key": ["supplier.s_name"], "Sort Method": "quicksort", "Sort Space Used": 309, "Sort Space Type": "Memory", "Plans": [{"Node Type": "Nested Loop", "Parent Relationship": "Outer", "Join Type": "Inner", "Startup Cost": 41260049.96, "Total Cost": 41474199.51, "Plan Rows": 2000, "Plan Width": 51, "Actual Startup Time": 122623.884, "Actual Total Time": 123032.253, "Actual Rows": 1746, "Actual Loops": 1, "Inner Unique": true, "Plans": [{"Node Type": "Nested Loop", "Parent Relationship": "Outer", "Join Type": "Inner", "Startup Cost": 41260049.7, "Total Cost": 41260058.01, "Plan Rows": 50000, "Plan Width": 55, "Actual Startup Time": 122623.574, "Actual Total Time": 122860.159, "Actual Rows": 44487, "Actual Loops": 1, "Inner Unique": true, "Plans": [{"Node Type": "Unique", "Parent Relationship": "Outer", "Startup Cost": 41260049.44, "Total Cost": 41260049.45, "Plan Rows": 2, "Plan Width": 16, "Actual Startup Time": 122623.524, "Actual Total Time": 122652.62, "Actual Rows": 44487, "Actual Loops": 1, "Plans": [{"Node Type": "Sort", "Parent Relationship": "Outer", "Startup Cost": 41260049.44, "Total Cost": 41260049.45, "Plan Rows": 2, "Plan Width": 16, "Actual Startup Time": 122623.52, "Actual Total Time": 122634.619, "Actual Rows": 58537, "Actual Loops": 1, "Sort Key": ["partsupp.ps_suppkey"], "Sort Method": "quicksort", "Sort Space Used": 7024, "Sort Space Type": "Memory", "Plans": [{"Node Type": "Nested Loop", "Parent Relationship": "Outer", "Join Type": "Semi", "Startup Cost": 1956350.51, "Total Cost": 41260049.43, "Plan Rows": 2, "Plan Width": 16, "Actual Startup Time": 18960.753, "Actual Total Time": 122538.632, "Actual Rows": 58537, "Actual Loops": 1, "Inner Unique": false, "Join Filter": "(partsupp.ps_partkey = part.p_partkey)", "Rows Removed by Join Filter": 0, "Plans": [{"Node Type": "Nested Loop", "Parent Relationship": "Outer", "Join Type": "Inner", "Startup Cost": 1956350.25, "Total Cost": 41259981.09, "Plan Rows": 15, "Plan Width": 32, "Actual Startup Time": 18960.35, "Actual Total Time": 76712.02, "Actual Rows": 5431247, "Actual Loops": 1, "Inner Unique": true, "Plans": [{"Node Type": "Aggregate", "Strategy": "Hashed", "Parent Relationship": "Outer", "Startup Cost": 1956349.97, "Total Cost": 2069745.97, "Plan Rows": 9071680, "Plan Width": 24, "Actual Startup Time": 18960.226, "Actual Total Time": 23912.293, "Actual Rows": 5442751, "Actual Loops": 1, "Group By Key": ["lineitem.l_partkey", "lineitem.l_suppkey"], "Plans": [{"Node Type": "Bitmap Heap Scan", "Parent Relationship": "Outer", "Relation Name": "lineitem", "Alias": "lineitem", "Startup Cost": 314312.97, "Total Cost": 1865633.17, "Plan Rows": 9071680, "Plan Width": 24, "Actual Startup Time": 4194.642, "Actual Total Time": 11458.292, "Actual Rows": 9109641, "Actual Loops": 1, "Recheck Cond": "((l_shipdate >= '1993-01-01 00:00:00'::timestamp(0) without time zone) AND (l_shipdate < '1994-01-01 00:00:00'::timestamp without time zone)), (LLVM Optimized, Jit Execute)", "Rows Removed by Index Recheck": 0, "Exact Heap Blocks": 1252335, "Lossy Heap Blocks": 1252335, "Plans": [{"Node Type": "Bitmap Index Scan", "Parent Relationship": "Outer", "Index Name": "idx_lineitem_shipdate", "Startup Cost": 0.0, "Total Cost": 312045.05, "Plan Rows": 9071680, "Plan Width": 0, "Actual Startup Time": 3470.055, "Actual Total Time": 3470.055, "Actual Rows": 9109641, "Actual Loops": 1, "Index Cond": "((l_shipdate >= '1993-01-01 00:00:00'::timestamp(0) without time zone) AND (l_shipdate < '1994-01-01 00:00:00'::timestamp without time zone))"}]}]}, {"Node Type": "Bitmap Heap Scan", "Parent Relationship": "Inner", "Relation Name": "partsupp", "Alias": "partsupp", "Startup Cost": 0.28, "Total Cost": 4.3, "Plan Rows": 1, "Plan Width": 24, "Actual Startup Time": 44899.069, "Actual Total Time": 44899.069, "Actual Rows": 5431247, "Actual Loops": 5442751, "Recheck Cond": "((ps_partkey = lineitem.l_partkey) AND (ps_suppkey = lineitem.l_suppkey))", "Rows Removed by Index Recheck": 0, "Filter": "((ps_availqty)::double precision > (.5::double precision * (sum(lineitem.l_quantity))))", "Rows Removed by Filter": 11504, "Exact Heap Blocks": 5442751, "Lossy Heap Blocks": 5442751, "Plans": [{"Node Type": "Bitmap Index Scan", "Parent Relationship": "Outer", "Index Name": "partsupp_pkey", "Startup Cost": 0.0, "Total Cost": 0.28, "Plan Rows": 1, "Plan Width": 0, "Actual Startup Time": 27584.74, "Actual Total Time": 27584.74, "Actual Rows": 5442751, "Actual Loops": 5442751, "Index Cond": "((ps_partkey = lineitem.l_partkey) AND (ps_suppkey = lineitem.l_suppkey))"}]}]}, {"Node Type": "Bitmap Heap Scan", "Parent Relationship": "Inner", "Relation Name": "part", "Alias": "part", "Startup Cost": 0.26, "Total Cost": 4.28, "Plan Rows": 1, "Plan Width": 8, "Actual Startup Time": 39579.35, "Actual Total Time": 39579.35, "Actual Rows": 58537, "Actual Loops": 5431247, "Recheck Cond": "(p_partkey = lineitem.l_partkey)", "Rows Removed by Index Recheck": 0, "Filter": "((p_name)::text ~~ 'green%'::text)", "Rows Removed by Filter": 5372710, "Exact Heap Blocks": 5431247, "Lossy Heap Blocks": 5431247, "Plans": [{"Node Type": "Bitmap Index Scan", "Parent Relationship": "Outer", "Index Name": "part_kpey", "Startup Cost": 0.0, "Total Cost": 0.26, "Plan Rows": 1, "Plan Width": 0, "Actual Startup Time": 23439.794, "Actual Total Time": 23439.794, "Actual Rows": 5431247, "Actual Loops": 5431247, "Index Cond": "(p_partkey = lineitem.l_partkey)"}]}]}]}]}, {"Node Type": "Bitmap Heap Scan", "Parent Relationship": "Inner", "Relation Name": "supplier", "Alias": "supplier", "Startup Cost": 0.26, "Total Cost": 4.27, "Plan Rows": 1, "Plan Width": 63, "Actual Startup Time": 148.575, "Actual Total Time": 148.575, "Actual Rows": 44487, "Actual Loops": 44487, "Recheck Cond": "(s_suppkey = lineitem.l_suppkey)", "Rows Removed by Index Recheck": 0, "Exact Heap Blocks": 44487, "Lossy Heap Blocks": 44487, "Plans": [{"Node Type": "Bitmap Index Scan", "Parent Relationship": "Outer", "Index Name": "supplier_pkey", "Startup Cost": 0.0, "Total Cost": 0.26, "Plan Rows": 1, "Plan Width": 0, "Actual Startup Time": 81.957, "Actual Total Time": 81.957, "Actual Rows": 44487, "Actual Loops": 44487, "Index Cond": "(s_suppkey = lineitem.l_suppkey)"}]}]}, {"Node Type": "Bitmap Heap Scan", "Parent Relationship": "Inner", "Relation Name": "nation", "Alias": "nation", "Startup Cost": 0.26, "Total Cost": 4.27, "Plan Rows": 1, "Plan Width": 4, "Actual Startup Time": 121.825, "Actual Total Time": 121.825, "Actual Rows": 1746, "Actual Loops": 44487, "Recheck Cond": "(n_nationkey = supplier.s_nationkey)", "Rows Removed by Index Recheck": 0, "Filter": "(n_name = 'ALGERIA'::bpchar)", "Rows Removed by Filter": 42741, "Exact Heap Blocks": 44487, "Lossy Heap Blocks": 44487, "Plans": [{"Node Type": "Bitmap Index Scan", "Parent Relationship": "Outer", "Index Name": "nation_pkey", "Startup Cost": 0.0, "Total Cost": 0.26, "Plan Rows": 1, "Plan Width": 0, "Actual Startup Time": 45.466, "Actual Total Time": 45.466, "Actual Rows": 44487, "Actual Loops": 44487, "Index Cond": "(n_nationkey = supplier.s_nationkey)"}]}]}]}, "Triggers": [], "Planner Runtime": 1, "Total Runtime": 123046.421, "Unique SQL Id": 202076520}}, "(1, 24)": {"explain_plan": {"Plan": {"Node Type": "Sort", "Startup Cost": 3961761.46, "Total Cost": 3961766.46, "Plan Rows": 2000, "Plan Width": 51, "Sort Key": ["supplier.s_name"], "Plans": [{"Node Type": "Nested Loop", "Parent Relationship": "Outer", "Join Type": "Semi", "Startup Cost": 3888475.64, "Total Cost": 3961651.81, "Plan Rows": 2000, "Plan Width": 51, "Inner Unique": false, "Join Filter": "(supplier.s_suppkey = subquery.\"?column?\")", "Plans": [{"Node Type": "Nested Loop", "Parent Relationship": "Outer", "Join Type": "Inner", "Startup Cost": 0.0, "Total Cost": 4534.31, "Plan Rows": 4000, "Plan Width": 59, "Inner Unique": false, "Join Filter": "(supplier.s_nationkey = nation.n_nationkey)", "Plans": [{"Node Type": "Seq Scan", "Parent Relationship": "Outer", "Relation Name": "nation", "Alias": "nation", "Startup Cost": 0.0, "Total Cost": 1.31, "Plan Rows": 1, "Plan Width": 4, "Filter": "(n_name = 'ALGERIA'::bpchar)"}, {"Node Type": "Seq Scan", "Parent Relationship": "Inner", "Relation Name": "supplier", "Alias": "supplier", "Startup Cost": 0.0, "Total Cost": 3283.0, "Plan Rows": 100000, "Plan Width": 63}]}, {"Node Type": "Materialize", "Parent Relationship": "Inner", "Startup Cost": 3888475.64, "Total Cost": 3956997.5, "Plan Rows": 2, "Plan Width": 16, "Plans": [{"Node Type": "Merge Join", "Parent Relationship": "Outer", "Join Type": "Inner", "Startup Cost": 3888475.64, "Total Cost": 3956997.49, "Plan Rows": 2, "Plan Width": 16, "Inner Unique": true, "Merge Cond": "((partsupp.ps_suppkey = subquery.\"?column?\") AND (partsupp.ps_partkey = subquery.\"?column?\"))", "Join Filter": "((partsupp.ps_availqty)::double precision > (.5::double precision * subquery.\"?column?\"))", "Plans": [{"Node Type": "Sort", "Parent Relationship": "Outer", "Startup Cost": 230229.65, "Total Cost": 230391.03, "Plan Rows": 64552, "Plan Width": 32, "Sort Key": ["partsupp.ps_suppkey", "partsupp.ps_partkey"], "Plans": [{"Node Type": "Nested Loop", "Parent Relationship": "Outer", "Join Type": "Inner", "Startup Cost": 0.0, "Total Cost": 225072.53, "Plan Rows": 64552, "Plan Width": 32, "Inner Unique": false, "Plans": [{"Node Type": "Seq Scan", "Parent Relationship": "Outer", "Relation Name": "part", "Alias": "part", "Startup Cost": 0.0, "Total Cost": 66944.0, "Plan Rows": 22472, "Plan Width": 8, "Filter": "((p_name)::text ~~ 'green%'::text)"}, {"Node Type": "Index Scan", "Parent Relationship": "Inner", "Scan Direction": "Forward", "Index Name": "idx_partsupp_partkey", "Relation Name": "partsupp", "Alias": "partsupp", "Startup Cost": 0.0, "Total Cost": 7.01, "Plan Rows": 3, "Plan Width": 24, "Index Cond": "(ps_partkey = part.p_partkey)"}]}]}, {"Node Type": "Sort", "Parent Relationship": "Inner", "Startup Cost": 3658246.0, "Total Cost": 3680925.2, "Plan Rows": 9071680, "Plan Width": 24, "Sort Key": ["subquery.\"?column?\"", "subquery.\"?column?\""], "Plans": [{"Node Type": "Subquery Scan", "Parent Relationship": "Outer", "Alias": "subquery", "Startup Cost": 2405767.29, "Total Cost": 2609880.09, "Plan Rows": 9071680, "Plan Width": 24, "Plans": [{"Node Type": "Aggregate", "Strategy": "Hashed", "Parent Relationship": "Subquery", "Startup Cost": 2405767.29, "Total Cost": 2519163.29, "Plan Rows": 9071680, "Plan Width": 24, "Group By Key": ["lineitem.l_partkey", "lineitem.l_suppkey"], "Plans": [{"Node Type": "Seq Scan", "Parent Relationship": "Outer", "Relation Name": "lineitem", "Alias": "lineitem", "Startup Cost": 119.67, "Total Cost": 2315050.5, "Plan Rows": 9071680, "Plan Width": 24, "Filter": "((l_shipdate >= '1993-01-01 00:00:00'::timestamp(0) without time zone) AND (l_shipdate < '1994-01-01 00:00:00'::timestamp without time zone)), (LLVM Optimized)"}]}]}]}]}]}]}]}, "Unique SQL Id": 202076520, "Planner Runtime": 2}, "explain_analyze_plan": {"Plan": {"Node Type": "Sort", "Startup Cost": 3961761.46, "Total Cost": 3961766.46, "Plan Rows": 2000, "Plan Width": 51, "Actual Startup Time": 94417.999, "Actual Total Time": 94418.15, "Actual Rows": 1746, "Actual Loops": 1, "Sort Key": ["supplier.s_name"], "Sort Method": "quicksort", "Sort Space Used": 309, "Sort Space Type": "Memory", "Plans": [{"Node Type": "Nested Loop", "Parent Relationship": "Outer", "Join Type": "Semi", "Startup Cost": 3888475.64, "Total Cost": 3961651.81, "Plan Rows": 2000, "Plan Width": 51, "Actual Startup Time": 43996.455, "Actual Total Time": 94410.954, "Actual Rows": 1746, "Actual Loops": 1, "Inner Unique": false, "Join Filter": "(supplier.s_suppkey = subquery.\"?column?\")", "Rows Removed by Join Filter": 178136880, "Plans": [{"Node Type": "Nested Loop", "Parent Relationship": "Outer", "Join Type": "Inner", "Startup Cost": 0.0, "Total Cost": 4534.31, "Plan Rows": 4000, "Plan Width": 59, "Actual Startup Time": 0.064, "Actual Total Time": 71.233, "Actual Rows": 3934, "Actual Loops": 1, "Inner Unique": false, "Join Filter": "(supplier.s_nationkey = nation.n_nationkey)", "Rows Removed by Join Filter": 96066, "Plans": [{"Node Type": "Seq Scan", "Parent Relationship": "Outer", "Relation Name": "nation", "Alias": "nation", "Startup Cost": 0.0, "Total Cost": 1.31, "Plan Rows": 1, "Plan Width": 4, "Actual Startup Time": 0.025, "Actual Total Time": 0.122, "Actual Rows": 1, "Actual Loops": 1, "Filter": "(n_name = 'ALGERIA'::bpchar)", "Rows Removed by Filter": 24}, {"Node Type": "Seq Scan", "Parent Relationship": "Inner", "Relation Name": "supplier", "Alias": "supplier", "Startup Cost": 0.0, "Total Cost": 3283.0, "Plan Rows": 100000, "Plan Width": 63, "Actual Startup Time": 0.019, "Actual Total Time": 42.344, "Actual Rows": 100000, "Actual Loops": 1}]}, {"Node Type": "Materialize", "Parent Relationship": "Inner", "Startup Cost": 3888475.64, "Total Cost": 3956997.5, "Plan Rows": 2, "Plan Width": 16, "Actual Startup Time": 41375.783, "Actual Total Time": 61292.481, "Actual Rows": 178138626, "Actual Loops": 3934, "Plans": [{"Node Type": "Merge Join", "Parent Relationship": "Outer", "Join Type": "Inner", "Startup Cost": 3888475.64, "Total Cost": 3956997.49, "Plan Rows": 2, "Plan Width": 16, "Actual Startup Time": 41375.096, "Actual Total Time": 43968.259, "Actual Rows": 58537, "Actual Loops": 1, "Inner Unique": true, "Merge Cond": "((partsupp.ps_suppkey = subquery.\"?column?\") AND (partsupp.ps_partkey = subquery.\"?column?\"))", "Join Filter": "((partsupp.ps_availqty)::double precision > (.5::double precision * subquery.\"?column?\"))", "Rows Removed by Join Filter": 0, "Plans": [{"Node Type": "Sort", "Parent Relationship": "Outer", "Startup Cost": 230229.65, "Total Cost": 230391.03, "Plan Rows": 64552, "Plan Width": 32, "Actual Startup Time": 989.783, "Actual Total Time": 1011.554, "Actual Rows": 86224, "Actual Loops": 1, "Sort Key": ["partsupp.ps_suppkey", "partsupp.ps_partkey"], "Sort Method": "quicksort", "Sort Space Used": 11156, "Sort Space Type": "Memory", "Plans": [{"Node Type": "Nested Loop", "Parent Relationship": "Outer", "Join Type": "Inner", "Startup Cost": 0.0, "Total Cost": 225072.53, "Plan Rows": 64552, "Plan Width": 32, "Actual Startup Time": 0.038, "Actual Total Time": 942.753, "Actual Rows": 86224, "Actual Loops": 1, "Inner Unique": false, "Plans": [{"Node Type": "Seq Scan", "Parent Relationship": "Outer", "Relation Name": "part", "Alias": "part", "Startup Cost": 0.0, "Total Cost": 66944.0, "Plan Rows": 22472, "Plan Width": 8, "Actual Startup Time": 0.021, "Actual Total Time": 757.29, "Actual Rows": 21556, "Actual Loops": 1, "Filter": "((p_name)::text ~~ 'green%'::text)", "Rows Removed by Filter": 1978444}, {"Node Type": "Index Scan", "Parent Relationship": "Inner", "Scan Direction": "Forward", "Index Name": "idx_partsupp_partkey", "Relation Name": "partsupp", "Alias": "partsupp", "Startup Cost": 0.0, "Total Cost": 7.01, "Plan Rows": 3, "Plan Width": 24, "Actual Startup Time": 115.888, "Actual Total Time": 154.851, "Actual Rows": 86224, "Actual Loops": 21556, "Index Cond": "(ps_partkey = part.p_partkey)", "Rows Removed by Index Recheck": 0}]}]}, {"Node Type": "Sort", "Parent Relationship": "Inner", "Startup Cost": 3658246.0, "Total Cost": 3680925.2, "Plan Rows": 9071680, "Plan Width": 24, "Actual Startup Time": 40385.026, "Actual Total Time": 42121.765, "Actual Rows": 5442737, "Actual Loops": 1, "Sort Key": ["subquery.\"?column?\"", "subquery.\"?column?\""], "Sort Method": "quicksort", "Sort Space Used": 706866, "Sort Space Type": "Memory", "Plans": [{"Node Type": "Subquery Scan", "Parent Relationship": "Outer", "Alias": "subquery", "Startup Cost": 2405767.29, "Total Cost": 2609880.09, "Plan Rows": 9071680, "Plan Width": 24, "Actual Startup Time": 31297.779, "Actual Total Time": 35582.531, "Actual Rows": 5442751, "Actual Loops": 1, "Plans": [{"Node Type": "Aggregate", "Strategy": "Hashed", "Parent Relationship": "Subquery", "Startup Cost": 2405767.29, "Total Cost": 2519163.29, "Plan Rows": 9071680, "Plan Width": 24, "Actual Startup Time": 31297.769, "Actual Total Time": 34569.973, "Actual Rows": 5442751, "Actual Loops": 1, "Group By Key": ["lineitem.l_partkey", "lineitem.l_suppkey"], "Plans": [{"Node Type": "Seq Scan", "Parent Relationship": "Outer", "Relation Name": "lineitem", "Alias": "lineitem", "Startup Cost": 119.67, "Total Cost": 2315050.5, "Plan Rows": 9071680, "Plan Width": 24, "Actual Startup Time": 0.085, "Actual Total Time": 23316.428, "Actual Rows": 9109641, "Actual Loops": 1, "Filter": "((l_shipdate >= '1993-01-01 00:00:00'::timestamp(0) without time zone) AND (l_shipdate < '1994-01-01 00:00:00'::timestamp without time zone)), (LLVM Optimized, Jit Execute)", "Rows Removed by Filter": 50876411}]}]}]}]}]}]}]}, "Triggers": [], "Planner Runtime": 2, "Total Runtime": 94427.763, "Unique SQL Id": 202076520}}, "(1, 25)": {"explain_plan": {"Plan": {"Node Type": "Sort", "Startup Cost": 7730056.23, "Total Cost": 7730061.23, "Plan Rows": 2000, "Plan Width": 51, "Sort Key": ["supplier.s_name"], "Plans": [{"Node Type": "Nested Loop", "Parent Relationship": "Outer", "Join Type": "Semi", "Startup Cost": 7406937.34, "Total Cost": 7729946.57, "Plan Rows": 2000, "Plan Width": 51, "Inner Unique": false, "Join Filter": "(supplier.s_suppkey = subquery.\"?column?\")", "Plans": [{"Node Type": "Nested Loop", "Parent Relationship": "Outer", "Join Type": "Inner", "Startup Cost": 0.0, "Total Cost": 6597.23, "Plan Rows": 4000, "Plan Width": 59, "Inner Unique": false, "Join Filter": "(supplier.s_nationkey = nation.n_nationkey)", "Plans": [{"Node Type": "Index Scan", "Parent Relationship": "Outer", "Scan Direction": "Forward", "Index Name": "nation_pkey", "Relation Name": "nation", "Alias": "nation", "Startup Cost": 0.0, "Total Cost": 12.69, "Plan Rows": 1, "Plan Width": 4, "Filter": "(n_name = 'ALGERIA'::bpchar)"}, {"Node Type": "Index Scan", "Parent Relationship": "Inner", "Scan Direction": "Forward", "Index Name": "supplier_pkey", "Relation Name": "supplier", "Alias": "supplier", "Startup Cost": 0.0, "Total Cost": 5334.54, "Plan Rows": 100000, "Plan Width": 63}]}, {"Node Type": "Materialize", "Parent Relationship": "Inner", "Startup Cost": 7406937.34, "Total Cost": 7723229.35, "Plan Rows": 2, "Plan Width": 16, "Plans": [{"Node Type": "Merge Join", "Parent Relationship": "Outer", "Join Type": "Inner", "Startup Cost": 7406937.34, "Total Cost": 7723229.34, "Plan Rows": 2, "Plan Width": 16, "Inner Unique": true, "Merge Cond": "(partsupp.ps_partkey = subquery.\"?column?\")", "Join Filter": "((partsupp.ps_suppkey = subquery.\"?column?\") AND ((partsupp.ps_availqty)::double precision > (.5::double precision * subquery.\"?column?\")))", "Plans": [{"Node Type": "Nested Loop", "Parent Relationship": "Outer", "Join Type": "Inner", "Startup Cost": 0.0, "Total Cost": 263931.78, "Plan Rows": 64552, "Plan Width": 32, "Inner Unique": false, "Plans": [{"Node Type": "Index Scan", "Parent Relationship": "Outer", "Scan Direction": "Forward", "Index Name": "part_kpey", "Relation Name": "part", "Alias": "part", "Startup Cost": 0.0, "Total Cost": 105803.25, "Plan Rows": 22472, "Plan Width": 8, "Filter": "((p_name)::text ~~ 'green%'::text)"}, {"Node Type": "Index Scan", "Parent Relationship": "Inner", "Scan Direction": "Forward", "Index Name": "idx_partsupp_partkey", "Relation Name": "partsupp", "Alias": "partsupp", "Startup Cost": 0.0, "Total Cost": 7.01, "Plan Rows": 3, "Plan Width": 24, "Index Cond": "(ps_partkey = part.p_partkey)"}]}, {"Node Type": "Sort", "Parent Relationship": "Inner", "Startup Cost": 7406937.34, "Total Cost": 7429616.54, "Plan Rows": 9071680, "Plan Width": 24, "Sort Key": ["subquery.\"?column?\""], "Plans": [{"Node Type": "Subquery Scan", "Parent Relationship": "Outer", "Alias": "subquery", "Startup Cost": 6154458.63, "Total Cost": 6358571.43, "Plan Rows": 9071680, "Plan Width": 24, "Plans": [{"Node Type": "Aggregate", "Strategy": "Hashed", "Parent Relationship": "Subquery", "Startup Cost": 6154458.63, "Total Cost": 6267854.63, "Plan Rows": 9071680, "Plan Width": 24, "Group By Key": ["lineitem.l_partkey", "lineitem.l_suppkey"], "Plans": [{"Node Type": "Index Scan", "Parent Relationship": "Outer", "Scan Direction": "Forward", "Index Name": "idx_lineitem_shipdate", "Relation Name": "lineitem", "Alias": "lineitem", "Startup Cost": 0.0, "Total Cost": 6063741.83, "Plan Rows": 9071680, "Plan Width": 24, "Index Cond": "((l_shipdate >= '1993-01-01 00:00:00'::timestamp(0) without time zone) AND (l_shipdate < '1994-01-01 00:00:00'::timestamp without time zone)), (LLVM Optimized)"}]}]}]}]}]}]}]}, "Unique SQL Id": 202076520, "Planner Runtime": 2}, "explain_analyze_plan": {"Plan": {"Node Type": "Sort", "Startup Cost": 7730056.23, "Total Cost": 7730061.23, "Plan Rows": 2000, "Plan Width": 51, "Actual Startup Time": 88266.481, "Actual Total Time": 88266.653, "Actual Rows": 1746, "Actual Loops": 1, "Sort Key": ["supplier.s_name"], "Sort Method": "quicksort", "Sort Space Used": 309, "Sort Space Type": "Memory", "Plans": [{"Node Type": "Nested Loop", "Parent Relationship": "Outer", "Join Type": "Semi", "Startup Cost": 7406937.34, "Total Cost": 7729946.57, "Plan Rows": 2000, "Plan Width": 51, "Actual Startup Time": 39680.62, "Actual Total Time": 88262.387, "Actual Rows": 1746, "Actual Loops": 1, "Inner Unique": false, "Join Filter": "(supplier.s_suppkey = subquery.\"?column?\")", "Rows Removed by Join Filter": 172948128, "Plans": [{"Node Type": "Nested Loop", "Parent Relationship": "Outer", "Join Type": "Inner", "Startup Cost": 0.0, "Total Cost": 6597.23, "Plan Rows": 4000, "Plan Width": 59, "Actual Startup Time": 0.065, "Actual Total Time": 102.714, "Actual Rows": 3934, "Actual Loops": 1, "Inner Unique": false, "Join Filter": "(supplier.s_nationkey = nation.n_nationkey)", "Rows Removed by Join Filter": 96066, "Plans": [{"Node Type": "Index Scan", "Parent Relationship": "Outer", "Scan Direction": "Forward", "Index Name": "nation_pkey", "Relation Name": "nation", "Alias": "nation", "Startup Cost": 0.0, "Total Cost": 12.69, "Plan Rows": 1, "Plan Width": 4, "Actual Startup Time": 0.022, "Actual Total Time": 0.17, "Actual Rows": 1, "Actual Loops": 1, "Filter": "(n_name = 'ALGERIA'::bpchar)", "Rows Removed by Filter": 24}, {"Node Type": "Index Scan", "Parent Relationship": "Inner", "Scan Direction": "Forward", "Index Name": "supplier_pkey", "Relation Name": "supplier", "Alias": "supplier", "Startup Cost": 0.0, "Total Cost": 5334.54, "Plan Rows": 100000, "Plan Width": 63, "Actual Startup Time": 0.021, "Actual Total Time": 75.322, "Actual Rows": 100000, "Actual Loops": 1}]}, {"Node Type": "Materialize", "Parent Relationship": "Inner", "Startup Cost": 7406937.34, "Total Cost": 7723229.35, "Plan Rows": 2, "Plan Width": 16, "Actual Startup Time": 35782.999, "Actual Total Time": 55842.098, "Actual Rows": 172949874, "Actual Loops": 3934, "Plans": [{"Node Type": "Merge Join", "Parent Relationship": "Outer", "Join Type": "Inner", "Startup Cost": 7406937.34, "Total Cost": 7723229.34, "Plan Rows": 2, "Plan Width": 16, "Actual Startup Time": 35782.322, "Actual Total Time": 39640.612, "Actual Rows": 58537, "Actual Loops": 1, "Inner Unique": true, "Merge Cond": "(partsupp.ps_partkey = subquery.\"?column?\")", "Join Filter": "((partsupp.ps_suppkey = subquery.\"?column?\") AND ((partsupp.ps_availqty)::double precision > (.5::double precision * subquery.\"?column?\")))", "Rows Removed by Join Filter": 0, "Plans": [{"Node Type": "Nested Loop", "Parent Relationship": "Outer", "Join Type": "Inner", "Startup Cost": 0.0, "Total Cost": 263931.78, "Plan Rows": 64552, "Plan Width": 32, "Actual Startup Time": 0.05, "Actual Total Time": 1634.817, "Actual Rows": 86224, "Actual Loops": 1, "Inner Unique": false, "Plans": [{"Node Type": "Index Scan", "Parent Relationship": "Outer", "Scan Direction": "Forward", "Index Name": "part_kpey", "Relation Name": "part", "Alias": "part", "Startup Cost": 0.0, "Total Cost": 105803.25, "Plan Rows": 22472, "Plan Width": 8, "Actual Startup Time": 0.039, "Actual Total Time": 1405.603, "Actual Rows": 21556, "Actual Loops": 1, "Filter": "((p_name)::text ~~ 'green%'::text)", "Rows Removed by Filter": 1978444}, {"Node Type": "Index Scan", "Parent Relationship": "Inner", "Scan Direction": "Forward", "Index Name": "idx_partsupp_partkey", "Relation Name": "partsupp", "Alias": "partsupp", "Startup Cost": 0.0, "Total Cost": 7.01, "Plan Rows": 3, "Plan Width": 24, "Actual Startup Time": 146.402, "Actual Total Time": 196.705, "Actual Rows": 86224, "Actual Loops": 21556, "Index Cond": "(ps_partkey = part.p_partkey)", "Rows Removed by Index Recheck": 0}]}, {"Node Type": "Sort", "Parent Relationship": "Inner", "Startup Cost": 7406937.34, "Total Cost": 7429616.54, "Plan Rows": 9071680, "Plan Width": 24, "Actual Startup Time": 35782.064, "Actual Total Time": 37219.371, "Actual Rows": 5530011, "Actual Loops": 1, "Sort Key": ["subquery.\"?column?\""], "Sort Method": "quicksort", "Sort Space Used": 706866, "Sort Space Type": "Memory", "Plans": [{"Node Type": "Subquery Scan", "Parent Relationship": "Outer", "Alias": "subquery", "Startup Cost": 6154458.63, "Total Cost": 6358571.43, "Plan Rows": 9071680, "Plan Width": 24, "Actual Startup Time": 29406.153, "Actual Total Time": 33555.337, "Actual Rows": 5442751, "Actual Loops": 1, "Plans": [{"Node Type": "Aggregate", "Strategy": "Hashed", "Parent Relationship": "Subquery", "Startup Cost": 6154458.63, "Total Cost": 6267854.63, "Plan Rows": 9071680, "Plan Width": 24, "Actual Startup Time": 29406.143, "Actual Total Time": 32548.12, "Actual Rows": 5442751, "Actual Loops": 1, "Group By Key": ["lineitem.l_partkey", "lineitem.l_suppkey"], "Plans": [{"Node Type": "Index Scan", "Parent Relationship": "Outer", "Scan Direction": "Forward", "Index Name": "idx_lineitem_shipdate", "Relation Name": "lineitem", "Alias": "lineitem", "Startup Cost": 0.0, "Total Cost": 6063741.83, "Plan Rows": 9071680, "Plan Width": 24, "Actual Startup Time": 0.082, "Actual Total Time": 21477.831, "Actual Rows": 9109641, "Actual Loops": 1, "Index Cond": "((l_shipdate >= '1993-01-01 00:00:00'::timestamp(0) without time zone) AND (l_shipdate < '1994-01-01 00:00:00'::timestamp without time zone)), (LLVM Optimized, Jit Execute)", "Rows Removed by Index Recheck": 0}]}]}]}]}]}]}]}, "Triggers": [], "Planner Runtime": 1, "Total Runtime": 88276.443, "Unique SQL Id": 202076520}}, "(1, 26)": {"explain_plan": {"Plan": {"Node Type": "Sort", "Startup Cost": 5050459.49, "Total Cost": 5050464.49, "Plan Rows": 2000, "Plan Width": 51, "Sort Key": ["supplier.s_name"], "Plans": [{"Node Type": "Nested Loop", "Parent Relationship": "Outer", "Join Type": "Semi", "Startup Cost": 4845541.8, "Total Cost": 5050349.83, "Plan Rows": 2000, "Plan Width": 51, "Inner Unique": false, "Join Filter": "(supplier.s_suppkey = subquery.\"?column?\")", "Plans": [{"Node Type": "Nested Loop", "Parent Relationship": "Outer", "Join Type": "Inner", "Startup Cost": 0.0, "Total Cost": 4534.31, "Plan Rows": 4000, "Plan Width": 59, "Inner Unique": false, "Join Filter": "(supplier.s_nationkey = nation.n_nationkey)", "Plans": [{"Node Type": "Seq Scan", "Parent Relationship": "Outer", "Relation Name": "nation", "Alias": "nation", "Startup Cost": 0.0, "Total Cost": 1.31, "Plan Rows": 1, "Plan Width": 4, "Filter": "(n_name = 'ALGERIA'::bpchar)"}, {"Node Type": "Seq Scan", "Parent Relationship": "Inner", "Relation Name": "supplier", "Alias": "supplier", "Startup Cost": 0.0, "Total Cost": 3283.0, "Plan Rows": 100000, "Plan Width": 63}]}, {"Node Type": "Materialize", "Parent Relationship": "Inner", "Startup Cost": 4845541.8, "Total Cost": 5045695.53, "Plan Rows": 2, "Plan Width": 16, "Plans": [{"Node Type": "Nested Loop", "Parent Relationship": "Outer", "Join Type": "Semi", "Startup Cost": 4845541.8, "Total Cost": 5045695.52, "Plan Rows": 2, "Plan Width": 16, "Inner Unique": false, "Join Filter": "(partsupp.ps_partkey = part.p_partkey)", "Plans": [{"Node Type": "Merge Join", "Parent Relationship": "Outer", "Join Type": "Inner", "Startup Cost": 4845541.8, "Total Cost": 4973582.96, "Plan Rows": 15, "Plan Width": 32, "Inner Unique": true, "Merge Cond": "((partsupp.ps_suppkey = subquery.\"?column?\") AND (partsupp.ps_partkey = subquery.\"?column?\"))", "Join Filter": "((partsupp.ps_availqty)::double precision > (.5::double precision * subquery.\"?column?\"))", "Plans": [{"Node Type": "Sort", "Parent Relationship": "Outer", "Startup Cost": 1187295.8, "Total Cost": 1207296.73, "Plan Rows": 8000372, "Plan Width": 24, "Sort Key": ["partsupp.ps_suppkey", "partsupp.ps_partkey"], "Plans": [{"Node Type": "Seq Scan", "Parent Relationship": "Outer", "Relation Name": "partsupp", "Alias": "partsupp", "Startup Cost": 0.0, "Total Cost": 269987.72, "Plan Rows": 8000372, "Plan Width": 24}]}, {"Node Type": "Sort", "Parent Relationship": "Inner", "Startup Cost": 3658246.0, "Total Cost": 3680925.2, "Plan Rows": 9071680, "Plan Width": 24, "Sort Key": ["subquery.\"?column?\"", "subquery.\"?column?\""], "Plans": [{"Node Type": "Subquery Scan", "Parent Relationship": "Outer", "Alias": "subquery", "Startup Cost": 2405767.29, "Total Cost": 2609880.09, "Plan Rows": 9071680, "Plan Width": 24, "Plans": [{"Node Type": "Aggregate", "Strategy": "Hashed", "Parent Relationship": "Subquery", "Startup Cost": 2405767.29, "Total Cost": 2519163.29, "Plan Rows": 9071680, "Plan Width": 24, "Group By Key": ["lineitem.l_partkey", "lineitem.l_suppkey"], "Plans": [{"Node Type": "Seq Scan", "Parent Relationship": "Outer", "Relation Name": "lineitem", "Alias": "lineitem", "Startup Cost": 119.67, "Total Cost": 2315050.5, "Plan Rows": 9071680, "Plan Width": 24, "Filter": "((l_shipdate >= '1993-01-01 00:00:00'::timestamp(0) without time zone) AND (l_shipdate < '1994-01-01 00:00:00'::timestamp without time zone)), (LLVM Optimized)"}]}]}]}]}, {"Node Type": "Materialize", "Parent Relationship": "Inner", "Startup Cost": 0.0, "Total Cost": 67056.36, "Plan Rows": 22472, "Plan Width": 8, "Plans": [{"Node Type": "Seq Scan", "Parent Relationship": "Outer", "Relation Name": "part", "Alias": "part", "Startup Cost": 0.0, "Total Cost": 66944.0, "Plan Rows": 22472, "Plan Width": 8, "Filter": "((p_name)::text ~~ 'green%'::text)"}]}]}]}]}]}, "Unique SQL Id": 202076520, "Planner Runtime": 2}, "explain_analyze_plan": null}, "(1, 27)": {"explain_plan": {"Plan": {"Node Type": "Sort", "Startup Cost": 5018253560954.49, "Total Cost": 5018253560959.49, "Plan Rows": 2000, "Plan Width": 51, "Sort Key": ["supplier.s_name"], "Plans": [{"Node Type": "Merge Join", "Parent Relationship": "Outer", "Join Type": "Semi", "Startup Cost": 50000000000.0, "Total Cost": 5018253560844.84, "Plan Rows": 2000, "Plan Width": 51, "Inner Unique": false, "Merge Cond": "(supplier.s_suppkey = subquery.\"?column?\")", "Plans": [{"Node Type": "Nested Loop", "Parent Relationship": "Outer", "Join Type": "Inner", "Startup Cost": 20000000000.0, "Total Cost": 2000000536223.13, "Plan Rows": 4000, "Plan Width": 59, "Inner Unique": true, "Join Filter": "(supplier.s_nationkey = nation.n_nationkey)", "Plans": [{"Node Type": "Index Scan", "Parent Relationship": "Outer", "Scan Direction": "Forward", "Index Name": "supplier_pkey", "Relation Name": "supplier", "Alias": "supplier", "Startup Cost": 10000000000.0, "Total Cost": 1000000533454.38, "Plan Rows": 100000, "Plan Width": 63}, {"Node Type": "Materialize", "Parent Relationship": "Inner", "Startup Cost": 10000000000.0, "Total Cost": 1000000001268.76, "Plan Rows": 1, "Plan Width": 4, "Plans": [{"Node Type": "Index Scan", "Parent Relationship": "Outer", "Scan Direction": "Forward", "Index Name": "nation_pkey", "Relation Name": "nation", "Alias": "nation", "Startup Cost": 10000000000.0, "Total Cost": 1000000001268.75, "Plan Rows": 1, "Plan Width": 4, "Filter": "(n_name = 'ALGERIA'::bpchar)"}]}]}, {"Node Type": "Materialize", "Parent Relationship": "Inner", "Startup Cost": 30000000000.0, "Total Cost": 3018253024611.68, "Plan Rows": 2, "Plan Width": 16, "Plans": [{"Node Type": "Nested Loop", "Parent Relationship": "Outer", "Join Type": "Inner", "Startup Cost": 30000000000.0, "Total Cost": 3018253024611.67, "Plan Rows": 2, "Plan Width": 16, "Inner Unique": true, "Join Filter": "((partsupp.ps_partkey = subquery.\"?column?\") AND (partsupp.ps_suppkey = subquery.\"?column?\") AND ((partsupp.ps_availqty)::double precision > (.5::double precision * subquery.\"?column?\")))", "Plans": [{"Node Type": "Nested Loop", "Parent Relationship": "Outer", "Join Type": "Semi", "Startup Cost": 20000000000.0, "Total Cost": 2002807445082.73, "Plan Rows": 64552, "Plan Width": 32, "Inner Unique": false, "Join Filter": "(partsupp.ps_partkey = part.p_partkey)", "Plans": [{"Node Type": "Index Scan", "Parent Relationship": "Outer", "Scan Direction": "Forward", "Index Name": "idx_partsupp_suppkey", "Relation Name": "partsupp", "Alias": "partsupp", "Startup Cost": 10000000000.0, "Total Cost": 1000100160480.77, "Plan Rows": 8000372, "Plan Width": 24}, {"Node Type": "Materialize", "Parent Relationship": "Inner", "Startup Cost": 10000000000.0, "Total Cost": 1000010580437.36, "Plan Rows": 22472, "Plan Width": 8, "Plans": [{"Node Type": "Index Scan", "Parent Relationship": "Outer", "Scan Direction": "Forward", "Index Name": "part_kpey", "Relation Name": "part", "Alias": "part", "Startup Cost": 10000000000.0, "Total Cost": 1000010580325.0, "Plan Rows": 22472, "Plan Width": 8, "Filter": "((p_name)::text ~~ 'green%'::text)"}]}]}, {"Node Type": "Materialize", "Parent Relationship": "Inner", "Startup Cost": 10000000000.0, "Total Cost": 1000805725024.14, "Plan Rows": 9071680, "Plan Width": 24, "Plans": [{"Node Type": "Subquery Scan", "Parent Relationship": "Outer", "Alias": "subquery", "Startup Cost": 10000000000.0, "Total Cost": 1000805679665.74, "Plan Rows": 9071680, "Plan Width": 24, "Plans": [{"Node Type": "Aggregate", "Strategy": "Sorted", "Parent Relationship": "Subquery", "Startup Cost": 10000000000.0, "Total Cost": 1000805588948.94, "Plan Rows": 9071680, "Plan Width": 40, "Group By Key": ["lineitem.l_partkey", "lineitem.l_suppkey"], "Plans": [{"Node Type": "Index Scan", "Parent Relationship": "Outer", "Scan Direction": "Forward", "Index Name": "idx_lineitem_part_supp", "Relation Name": "lineitem", "Alias": "lineitem", "Startup Cost": 10000000000.0, "Total Cost": 1000805384836.14, "Plan Rows": 9071680, "Plan Width": 24, "Filter": "((l_shipdate >= '1993-01-01 00:00:00'::timestamp(0) without time zone) AND (l_shipdate < '1994-01-01 00:00:00'::timestamp without time zone)), (LLVM Optimized)"}]}]}]}]}]}]}]}, "Unique SQL Id": 202076520, "Planner Runtime": 2}, "explain_analyze_plan": null}, "(1, 28)": {"explain_plan": {"Plan": {"Node Type": "Sort", "Startup Cost": 3961761.46, "Total Cost": 3961766.46, "Plan Rows": 2000, "Plan Width": 51, "Sort Key": ["supplier.s_name"], "Plans": [{"Node Type": "Nested Loop", "Parent Relationship": "Outer", "Join Type": "Semi", "Startup Cost": 3888475.64, "Total Cost": 3961651.81, "Plan Rows": 2000, "Plan Width": 51, "Inner Unique": false, "Join Filter": "(supplier.s_suppkey = subquery.\"?column?\")", "Plans": [{"Node Type": "Nested Loop", "Parent Relationship": "Outer", "Join Type": "Inner", "Startup Cost": 0.0, "Total Cost": 4534.31, "Plan Rows": 4000, "Plan Width": 59, "Inner Unique": false, "Join Filter": "(supplier.s_nationkey = nation.n_nationkey)", "Plans": [{"Node Type": "Seq Scan", "Parent Relationship": "Outer", "Relation Name": "nation", "Alias": "nation", "Startup Cost": 0.0, "Total Cost": 1.31, "Plan Rows": 1, "Plan Width": 4, "Filter": "(n_name = 'ALGERIA'::bpchar)"}, {"Node Type": "Seq Scan", "Parent Relationship": "Inner", "Relation Name": "supplier", "Alias": "supplier", "Startup Cost": 0.0, "Total Cost": 3283.0, "Plan Rows": 100000, "Plan Width": 63}]}, {"Node Type": "Materialize", "Parent Relationship": "Inner", "Startup Cost": 3888475.64, "Total Cost": 3956997.5, "Plan Rows": 2, "Plan Width": 16, "Plans": [{"Node Type": "Merge Join", "Parent Relationship": "Outer", "Join Type": "Inner", "Startup Cost": 3888475.64, "Total Cost": 3956997.49, "Plan Rows": 2, "Plan Width": 16, "Inner Unique": true, "Merge Cond": "((partsupp.ps_suppkey = subquery.\"?column?\") AND (partsupp.ps_partkey = subquery.\"?column?\"))", "Join Filter": "((partsupp.ps_availqty)::double precision > (.5::double precision * subquery.\"?column?\"))", "Plans": [{"Node Type": "Sort", "Parent Relationship": "Outer", "Startup Cost": 230229.65, "Total Cost": 230391.03, "Plan Rows": 64552, "Plan Width": 32, "Sort Key": ["partsupp.ps_suppkey", "partsupp.ps_partkey"], "Plans": [{"Node Type": "Nested Loop", "Parent Relationship": "Outer", "Join Type": "Inner", "Startup Cost": 0.0, "Total Cost": 225072.53, "Plan Rows": 64552, "Plan Width": 32, "Inner Unique": false, "Plans": [{"Node Type": "Seq Scan", "Parent Relationship": "Outer", "Relation Name": "part", "Alias": "part", "Startup Cost": 0.0, "Total Cost": 66944.0, "Plan Rows": 22472, "Plan Width": 8, "Filter": "((p_name)::text ~~ 'green%'::text)"}, {"Node Type": "Index Scan", "Parent Relationship": "Inner", "Scan Direction": "Forward", "Index Name": "idx_partsupp_partkey", "Relation Name": "partsupp", "Alias": "partsupp", "Startup Cost": 0.0, "Total Cost": 7.01, "Plan Rows": 3, "Plan Width": 24, "Index Cond": "(ps_partkey = part.p_partkey)"}]}]}, {"Node Type": "Sort", "Parent Relationship": "Inner", "Startup Cost": 3658246.0, "Total Cost": 3680925.2, "Plan Rows": 9071680, "Plan Width": 24, "Sort Key": ["subquery.\"?column?\"", "subquery.\"?column?\""], "Plans": [{"Node Type": "Subquery Scan", "Parent Relationship": "Outer", "Alias": "subquery", "Startup Cost": 2405767.29, "Total Cost": 2609880.09, "Plan Rows": 9071680, "Plan Width": 24, "Plans": [{"Node Type": "Aggregate", "Strategy": "Hashed", "Parent Relationship": "Subquery", "Startup Cost": 2405767.29, "Total Cost": 2519163.29, "Plan Rows": 9071680, "Plan Width": 24, "Group By Key": ["lineitem.l_partkey", "lineitem.l_suppkey"], "Plans": [{"Node Type": "Seq Scan", "Parent Relationship": "Outer", "Relation Name": "lineitem", "Alias": "lineitem", "Startup Cost": 119.67, "Total Cost": 2315050.5, "Plan Rows": 9071680, "Plan Width": 24, "Filter": "((l_shipdate >= '1993-01-01 00:00:00'::timestamp(0) without time zone) AND (l_shipdate < '1994-01-01 00:00:00'::timestamp without time zone)), (LLVM Optimized)"}]}]}]}]}]}]}]}, "Unique SQL Id": 202076520, "Planner Runtime": 2}, "explain_analyze_plan": {"Plan": {"Node Type": "Sort", "Startup Cost": 3961761.46, "Total Cost": 3961766.46, "Plan Rows": 2000, "Plan Width": 51, "Actual Startup Time": 94417.999, "Actual Total Time": 94418.15, "Actual Rows": 1746, "Actual Loops": 1, "Sort Key": ["supplier.s_name"], "Sort Method": "quicksort", "Sort Space Used": 309, "Sort Space Type": "Memory", "Plans": [{"Node Type": "Nested Loop", "Parent Relationship": "Outer", "Join Type": "Semi", "Startup Cost": 3888475.64, "Total Cost": 3961651.81, "Plan Rows": 2000, "Plan Width": 51, "Actual Startup Time": 43996.455, "Actual Total Time": 94410.954, "Actual Rows": 1746, "Actual Loops": 1, "Inner Unique": false, "Join Filter": "(supplier.s_suppkey = subquery.\"?column?\")", "Rows Removed by Join Filter": 178136880, "Plans": [{"Node Type": "Nested Loop", "Parent Relationship": "Outer", "Join Type": "Inner", "Startup Cost": 0.0, "Total Cost": 4534.31, "Plan Rows": 4000, "Plan Width": 59, "Actual Startup Time": 0.064, "Actual Total Time": 71.233, "Actual Rows": 3934, "Actual Loops": 1, "Inner Unique": false, "Join Filter": "(supplier.s_nationkey = nation.n_nationkey)", "Rows Removed by Join Filter": 96066, "Plans": [{"Node Type": "Seq Scan", "Parent Relationship": "Outer", "Relation Name": "nation", "Alias": "nation", "Startup Cost": 0.0, "Total Cost": 1.31, "Plan Rows": 1, "Plan Width": 4, "Actual Startup Time": 0.025, "Actual Total Time": 0.122, "Actual Rows": 1, "Actual Loops": 1, "Filter": "(n_name = 'ALGERIA'::bpchar)", "Rows Removed by Filter": 24}, {"Node Type": "Seq Scan", "Parent Relationship": "Inner", "Relation Name": "supplier", "Alias": "supplier", "Startup Cost": 0.0, "Total Cost": 3283.0, "Plan Rows": 100000, "Plan Width": 63, "Actual Startup Time": 0.019, "Actual Total Time": 42.344, "Actual Rows": 100000, "Actual Loops": 1}]}, {"Node Type": "Materialize", "Parent Relationship": "Inner", "Startup Cost": 3888475.64, "Total Cost": 3956997.5, "Plan Rows": 2, "Plan Width": 16, "Actual Startup Time": 41375.783, "Actual Total Time": 61292.481, "Actual Rows": 178138626, "Actual Loops": 3934, "Plans": [{"Node Type": "Merge Join", "Parent Relationship": "Outer", "Join Type": "Inner", "Startup Cost": 3888475.64, "Total Cost": 3956997.49, "Plan Rows": 2, "Plan Width": 16, "Actual Startup Time": 41375.096, "Actual Total Time": 43968.259, "Actual Rows": 58537, "Actual Loops": 1, "Inner Unique": true, "Merge Cond": "((partsupp.ps_suppkey = subquery.\"?column?\") AND (partsupp.ps_partkey = subquery.\"?column?\"))", "Join Filter": "((partsupp.ps_availqty)::double precision > (.5::double precision * subquery.\"?column?\"))", "Rows Removed by Join Filter": 0, "Plans": [{"Node Type": "Sort", "Parent Relationship": "Outer", "Startup Cost": 230229.65, "Total Cost": 230391.03, "Plan Rows": 64552, "Plan Width": 32, "Actual Startup Time": 989.783, "Actual Total Time": 1011.554, "Actual Rows": 86224, "Actual Loops": 1, "Sort Key": ["partsupp.ps_suppkey", "partsupp.ps_partkey"], "Sort Method": "quicksort", "Sort Space Used": 11156, "Sort Space Type": "Memory", "Plans": [{"Node Type": "Nested Loop", "Parent Relationship": "Outer", "Join Type": "Inner", "Startup Cost": 0.0, "Total Cost": 225072.53, "Plan Rows": 64552, "Plan Width": 32, "Actual Startup Time": 0.038, "Actual Total Time": 942.753, "Actual Rows": 86224, "Actual Loops": 1, "Inner Unique": false, "Plans": [{"Node Type": "Seq Scan", "Parent Relationship": "Outer", "Relation Name": "part", "Alias": "part", "Startup Cost": 0.0, "Total Cost": 66944.0, "Plan Rows": 22472, "Plan Width": 8, "Actual Startup Time": 0.021, "Actual Total Time": 757.29, "Actual Rows": 21556, "Actual Loops": 1, "Filter": "((p_name)::text ~~ 'green%'::text)", "Rows Removed by Filter": 1978444}, {"Node Type": "Index Scan", "Parent Relationship": "Inner", "Scan Direction": "Forward", "Index Name": "idx_partsupp_partkey", "Relation Name": "partsupp", "Alias": "partsupp", "Startup Cost": 0.0, "Total Cost": 7.01, "Plan Rows": 3, "Plan Width": 24, "Actual Startup Time": 115.888, "Actual Total Time": 154.851, "Actual Rows": 86224, "Actual Loops": 21556, "Index Cond": "(ps_partkey = part.p_partkey)", "Rows Removed by Index Recheck": 0}]}]}, {"Node Type": "Sort", "Parent Relationship": "Inner", "Startup Cost": 3658246.0, "Total Cost": 3680925.2, "Plan Rows": 9071680, "Plan Width": 24, "Actual Startup Time": 40385.026, "Actual Total Time": 42121.765, "Actual Rows": 5442737, "Actual Loops": 1, "Sort Key": ["subquery.\"?column?\"", "subquery.\"?column?\""], "Sort Method": "quicksort", "Sort Space Used": 706866, "Sort Space Type": "Memory", "Plans": [{"Node Type": "Subquery Scan", "Parent Relationship": "Outer", "Alias": "subquery", "Startup Cost": 2405767.29, "Total Cost": 2609880.09, "Plan Rows": 9071680, "Plan Width": 24, "Actual Startup Time": 31297.779, "Actual Total Time": 35582.531, "Actual Rows": 5442751, "Actual Loops": 1, "Plans": [{"Node Type": "Aggregate", "Strategy": "Hashed", "Parent Relationship": "Subquery", "Startup Cost": 2405767.29, "Total Cost": 2519163.29, "Plan Rows": 9071680, "Plan Width": 24, "Actual Startup Time": 31297.769, "Actual Total Time": 34569.973, "Actual Rows": 5442751, "Actual Loops": 1, "Group By Key": ["lineitem.l_partkey", "lineitem.l_suppkey"], "Plans": [{"Node Type": "Seq Scan", "Parent Relationship": "Outer", "Relation Name": "lineitem", "Alias": "lineitem", "Startup Cost": 119.67, "Total Cost": 2315050.5, "Plan Rows": 9071680, "Plan Width": 24, "Actual Startup Time": 0.085, "Actual Total Time": 23316.428, "Actual Rows": 9109641, "Actual Loops": 1, "Filter": "((l_shipdate >= '1993-01-01 00:00:00'::timestamp(0) without time zone) AND (l_shipdate < '1994-01-01 00:00:00'::timestamp without time zone)), (LLVM Optimized, Jit Execute)", "Rows Removed by Filter": 50876411}]}]}]}]}]}]}]}, "Triggers": [], "Planner Runtime": 2, "Total Runtime": 94427.763, "Unique SQL Id": 202076520}}, "(1, 29)": {"explain_plan": {"Plan": {"Node Type": "Sort", "Startup Cost": 7730056.23, "Total Cost": 7730061.23, "Plan Rows": 2000, "Plan Width": 51, "Sort Key": ["supplier.s_name"], "Plans": [{"Node Type": "Nested Loop", "Parent Relationship": "Outer", "Join Type": "Semi", "Startup Cost": 7406937.34, "Total Cost": 7729946.57, "Plan Rows": 2000, "Plan Width": 51, "Inner Unique": false, "Join Filter": "(supplier.s_suppkey = subquery.\"?column?\")", "Plans": [{"Node Type": "Nested Loop", "Parent Relationship": "Outer", "Join Type": "Inner", "Startup Cost": 0.0, "Total Cost": 6597.23, "Plan Rows": 4000, "Plan Width": 59, "Inner Unique": false, "Join Filter": "(supplier.s_nationkey = nation.n_nationkey)", "Plans": [{"Node Type": "Index Scan", "Parent Relationship": "Outer", "Scan Direction": "Forward", "Index Name": "nation_pkey", "Relation Name": "nation", "Alias": "nation", "Startup Cost": 0.0, "Total Cost": 12.69, "Plan Rows": 1, "Plan Width": 4, "Filter": "(n_name = 'ALGERIA'::bpchar)"}, {"Node Type": "Index Scan", "Parent Relationship": "Inner", "Scan Direction": "Forward", "Index Name": "supplier_pkey", "Relation Name": "supplier", "Alias": "supplier", "Startup Cost": 0.0, "Total Cost": 5334.54, "Plan Rows": 100000, "Plan Width": 63}]}, {"Node Type": "Materialize", "Parent Relationship": "Inner", "Startup Cost": 7406937.34, "Total Cost": 7723229.35, "Plan Rows": 2, "Plan Width": 16, "Plans": [{"Node Type": "Merge Join", "Parent Relationship": "Outer", "Join Type": "Inner", "Startup Cost": 7406937.34, "Total Cost": 7723229.34, "Plan Rows": 2, "Plan Width": 16, "Inner Unique": true, "Merge Cond": "(partsupp.ps_partkey = subquery.\"?column?\")", "Join Filter": "((partsupp.ps_suppkey = subquery.\"?column?\") AND ((partsupp.ps_availqty)::double precision > (.5::double precision * subquery.\"?column?\")))", "Plans": [{"Node Type": "Nested Loop", "Parent Relationship": "Outer", "Join Type": "Inner", "Startup Cost": 0.0, "Total Cost": 263931.78, "Plan Rows": 64552, "Plan Width": 32, "Inner Unique": false, "Plans": [{"Node Type": "Index Scan", "Parent Relationship": "Outer", "Scan Direction": "Forward", "Index Name": "part_kpey", "Relation Name": "part", "Alias": "part", "Startup Cost": 0.0, "Total Cost": 105803.25, "Plan Rows": 22472, "Plan Width": 8, "Filter": "((p_name)::text ~~ 'green%'::text)"}, {"Node Type": "Index Scan", "Parent Relationship": "Inner", "Scan Direction": "Forward", "Index Name": "idx_partsupp_partkey", "Relation Name": "partsupp", "Alias": "partsupp", "Startup Cost": 0.0, "Total Cost": 7.01, "Plan Rows": 3, "Plan Width": 24, "Index Cond": "(ps_partkey = part.p_partkey)"}]}, {"Node Type": "Sort", "Parent Relationship": "Inner", "Startup Cost": 7406937.34, "Total Cost": 7429616.54, "Plan Rows": 9071680, "Plan Width": 24, "Sort Key": ["subquery.\"?column?\""], "Plans": [{"Node Type": "Subquery Scan", "Parent Relationship": "Outer", "Alias": "subquery", "Startup Cost": 6154458.63, "Total Cost": 6358571.43, "Plan Rows": 9071680, "Plan Width": 24, "Plans": [{"Node Type": "Aggregate", "Strategy": "Hashed", "Parent Relationship": "Subquery", "Startup Cost": 6154458.63, "Total Cost": 6267854.63, "Plan Rows": 9071680, "Plan Width": 24, "Group By Key": ["lineitem.l_partkey", "lineitem.l_suppkey"], "Plans": [{"Node Type": "Index Scan", "Parent Relationship": "Outer", "Scan Direction": "Forward", "Index Name": "idx_lineitem_shipdate", "Relation Name": "lineitem", "Alias": "lineitem", "Startup Cost": 0.0, "Total Cost": 6063741.83, "Plan Rows": 9071680, "Plan Width": 24, "Index Cond": "((l_shipdate >= '1993-01-01 00:00:00'::timestamp(0) without time zone) AND (l_shipdate < '1994-01-01 00:00:00'::timestamp without time zone)), (LLVM Optimized)"}]}]}]}]}]}]}]}, "Unique SQL Id": 202076520, "Planner Runtime": 1}, "explain_analyze_plan": {"Plan": {"Node Type": "Sort", "Startup Cost": 7730056.23, "Total Cost": 7730061.23, "Plan Rows": 2000, "Plan Width": 51, "Actual Startup Time": 88266.481, "Actual Total Time": 88266.653, "Actual Rows": 1746, "Actual Loops": 1, "Sort Key": ["supplier.s_name"], "Sort Method": "quicksort", "Sort Space Used": 309, "Sort Space Type": "Memory", "Plans": [{"Node Type": "Nested Loop", "Parent Relationship": "Outer", "Join Type": "Semi", "Startup Cost": 7406937.34, "Total Cost": 7729946.57, "Plan Rows": 2000, "Plan Width": 51, "Actual Startup Time": 39680.62, "Actual Total Time": 88262.387, "Actual Rows": 1746, "Actual Loops": 1, "Inner Unique": false, "Join Filter": "(supplier.s_suppkey = subquery.\"?column?\")", "Rows Removed by Join Filter": 172948128, "Plans": [{"Node Type": "Nested Loop", "Parent Relationship": "Outer", "Join Type": "Inner", "Startup Cost": 0.0, "Total Cost": 6597.23, "Plan Rows": 4000, "Plan Width": 59, "Actual Startup Time": 0.065, "Actual Total Time": 102.714, "Actual Rows": 3934, "Actual Loops": 1, "Inner Unique": false, "Join Filter": "(supplier.s_nationkey = nation.n_nationkey)", "Rows Removed by Join Filter": 96066, "Plans": [{"Node Type": "Index Scan", "Parent Relationship": "Outer", "Scan Direction": "Forward", "Index Name": "nation_pkey", "Relation Name": "nation", "Alias": "nation", "Startup Cost": 0.0, "Total Cost": 12.69, "Plan Rows": 1, "Plan Width": 4, "Actual Startup Time": 0.022, "Actual Total Time": 0.17, "Actual Rows": 1, "Actual Loops": 1, "Filter": "(n_name = 'ALGERIA'::bpchar)", "Rows Removed by Filter": 24}, {"Node Type": "Index Scan", "Parent Relationship": "Inner", "Scan Direction": "Forward", "Index Name": "supplier_pkey", "Relation Name": "supplier", "Alias": "supplier", "Startup Cost": 0.0, "Total Cost": 5334.54, "Plan Rows": 100000, "Plan Width": 63, "Actual Startup Time": 0.021, "Actual Total Time": 75.322, "Actual Rows": 100000, "Actual Loops": 1}]}, {"Node Type": "Materialize", "Parent Relationship": "Inner", "Startup Cost": 7406937.34, "Total Cost": 7723229.35, "Plan Rows": 2, "Plan Width": 16, "Actual Startup Time": 35782.999, "Actual Total Time": 55842.098, "Actual Rows": 172949874, "Actual Loops": 3934, "Plans": [{"Node Type": "Merge Join", "Parent Relationship": "Outer", "Join Type": "Inner", "Startup Cost": 7406937.34, "Total Cost": 7723229.34, "Plan Rows": 2, "Plan Width": 16, "Actual Startup Time": 35782.322, "Actual Total Time": 39640.612, "Actual Rows": 58537, "Actual Loops": 1, "Inner Unique": true, "Merge Cond": "(partsupp.ps_partkey = subquery.\"?column?\")", "Join Filter": "((partsupp.ps_suppkey = subquery.\"?column?\") AND ((partsupp.ps_availqty)::double precision > (.5::double precision * subquery.\"?column?\")))", "Rows Removed by Join Filter": 0, "Plans": [{"Node Type": "Nested Loop", "Parent Relationship": "Outer", "Join Type": "Inner", "Startup Cost": 0.0, "Total Cost": 263931.78, "Plan Rows": 64552, "Plan Width": 32, "Actual Startup Time": 0.05, "Actual Total Time": 1634.817, "Actual Rows": 86224, "Actual Loops": 1, "Inner Unique": false, "Plans": [{"Node Type": "Index Scan", "Parent Relationship": "Outer", "Scan Direction": "Forward", "Index Name": "part_kpey", "Relation Name": "part", "Alias": "part", "Startup Cost": 0.0, "Total Cost": 105803.25, "Plan Rows": 22472, "Plan Width": 8, "Actual Startup Time": 0.039, "Actual Total Time": 1405.603, "Actual Rows": 21556, "Actual Loops": 1, "Filter": "((p_name)::text ~~ 'green%'::text)", "Rows Removed by Filter": 1978444}, {"Node Type": "Index Scan", "Parent Relationship": "Inner", "Scan Direction": "Forward", "Index Name": "idx_partsupp_partkey", "Relation Name": "partsupp", "Alias": "partsupp", "Startup Cost": 0.0, "Total Cost": 7.01, "Plan Rows": 3, "Plan Width": 24, "Actual Startup Time": 146.402, "Actual Total Time": 196.705, "Actual Rows": 86224, "Actual Loops": 21556, "Index Cond": "(ps_partkey = part.p_partkey)", "Rows Removed by Index Recheck": 0}]}, {"Node Type": "Sort", "Parent Relationship": "Inner", "Startup Cost": 7406937.34, "Total Cost": 7429616.54, "Plan Rows": 9071680, "Plan Width": 24, "Actual Startup Time": 35782.064, "Actual Total Time": 37219.371, "Actual Rows": 5530011, "Actual Loops": 1, "Sort Key": ["subquery.\"?column?\""], "Sort Method": "quicksort", "Sort Space Used": 706866, "Sort Space Type": "Memory", "Plans": [{"Node Type": "Subquery Scan", "Parent Relationship": "Outer", "Alias": "subquery", "Startup Cost": 6154458.63, "Total Cost": 6358571.43, "Plan Rows": 9071680, "Plan Width": 24, "Actual Startup Time": 29406.153, "Actual Total Time": 33555.337, "Actual Rows": 5442751, "Actual Loops": 1, "Plans": [{"Node Type": "Aggregate", "Strategy": "Hashed", "Parent Relationship": "Subquery", "Startup Cost": 6154458.63, "Total Cost": 6267854.63, "Plan Rows": 9071680, "Plan Width": 24, "Actual Startup Time": 29406.143, "Actual Total Time": 32548.12, "Actual Rows": 5442751, "Actual Loops": 1, "Group By Key": ["lineitem.l_partkey", "lineitem.l_suppkey"], "Plans": [{"Node Type": "Index Scan", "Parent Relationship": "Outer", "Scan Direction": "Forward", "Index Name": "idx_lineitem_shipdate", "Relation Name": "lineitem", "Alias": "lineitem", "Startup Cost": 0.0, "Total Cost": 6063741.83, "Plan Rows": 9071680, "Plan Width": 24, "Actual Startup Time": 0.082, "Actual Total Time": 21477.831, "Actual Rows": 9109641, "Actual Loops": 1, "Index Cond": "((l_shipdate >= '1993-01-01 00:00:00'::timestamp(0) without time zone) AND (l_shipdate < '1994-01-01 00:00:00'::timestamp without time zone)), (LLVM Optimized, Jit Execute)", "Rows Removed by Index Recheck": 0}]}]}]}]}]}]}]}, "Triggers": [], "Planner Runtime": 1, "Total Runtime": 88276.443, "Unique SQL Id": 202076520}}, "(1, 30)": {"explain_plan": {"Plan": {"Node Type": "Sort", "Startup Cost": 5050459.49, "Total Cost": 5050464.49, "Plan Rows": 2000, "Plan Width": 51, "Sort Key": ["supplier.s_name"], "Plans": [{"Node Type": "Nested Loop", "Parent Relationship": "Outer", "Join Type": "Semi", "Startup Cost": 4845541.8, "Total Cost": 5050349.83, "Plan Rows": 2000, "Plan Width": 51, "Inner Unique": false, "Join Filter": "(supplier.s_suppkey = subquery.\"?column?\")", "Plans": [{"Node Type": "Nested Loop", "Parent Relationship": "Outer", "Join Type": "Inner", "Startup Cost": 0.0, "Total Cost": 4534.31, "Plan Rows": 4000, "Plan Width": 59, "Inner Unique": false, "Join Filter": "(supplier.s_nationkey = nation.n_nationkey)", "Plans": [{"Node Type": "Seq Scan", "Parent Relationship": "Outer", "Relation Name": "nation", "Alias": "nation", "Startup Cost": 0.0, "Total Cost": 1.31, "Plan Rows": 1, "Plan Width": 4, "Filter": "(n_name = 'ALGERIA'::bpchar)"}, {"Node Type": "Seq Scan", "Parent Relationship": "Inner", "Relation Name": "supplier", "Alias": "supplier", "Startup Cost": 0.0, "Total Cost": 3283.0, "Plan Rows": 100000, "Plan Width": 63}]}, {"Node Type": "Materialize", "Parent Relationship": "Inner", "Startup Cost": 4845541.8, "Total Cost": 5045695.53, "Plan Rows": 2, "Plan Width": 16, "Plans": [{"Node Type": "Nested Loop", "Parent Relationship": "Outer", "Join Type": "Semi", "Startup Cost": 4845541.8, "Total Cost": 5045695.52, "Plan Rows": 2, "Plan Width": 16, "Inner Unique": false, "Join Filter": "(partsupp.ps_partkey = part.p_partkey)", "Plans": [{"Node Type": "Merge Join", "Parent Relationship": "Outer", "Join Type": "Inner", "Startup Cost": 4845541.8, "Total Cost": 4973582.96, "Plan Rows": 15, "Plan Width": 32, "Inner Unique": true, "Merge Cond": "((partsupp.ps_suppkey = subquery.\"?column?\") AND (partsupp.ps_partkey = subquery.\"?column?\"))", "Join Filter": "((partsupp.ps_availqty)::double precision > (.5::double precision * subquery.\"?column?\"))", "Plans": [{"Node Type": "Sort", "Parent Relationship": "Outer", "Startup Cost": 1187295.8, "Total Cost": 1207296.73, "Plan Rows": 8000372, "Plan Width": 24, "Sort Key": ["partsupp.ps_suppkey", "partsupp.ps_partkey"], "Plans": [{"Node Type": "Seq Scan", "Parent Relationship": "Outer", "Relation Name": "partsupp", "Alias": "partsupp", "Startup Cost": 0.0, "Total Cost": 269987.72, "Plan Rows": 8000372, "Plan Width": 24}]}, {"Node Type": "Sort", "Parent Relationship": "Inner", "Startup Cost": 3658246.0, "Total Cost": 3680925.2, "Plan Rows": 9071680, "Plan Width": 24, "Sort Key": ["subquery.\"?column?\"", "subquery.\"?column?\""], "Plans": [{"Node Type": "Subquery Scan", "Parent Relationship": "Outer", "Alias": "subquery", "Startup Cost": 2405767.29, "Total Cost": 2609880.09, "Plan Rows": 9071680, "Plan Width": 24, "Plans": [{"Node Type": "Aggregate", "Strategy": "Hashed", "Parent Relationship": "Subquery", "Startup Cost": 2405767.29, "Total Cost": 2519163.29, "Plan Rows": 9071680, "Plan Width": 24, "Group By Key": ["lineitem.l_partkey", "lineitem.l_suppkey"], "Plans": [{"Node Type": "Seq Scan", "Parent Relationship": "Outer", "Relation Name": "lineitem", "Alias": "lineitem", "Startup Cost": 119.67, "Total Cost": 2315050.5, "Plan Rows": 9071680, "Plan Width": 24, "Filter": "((l_shipdate >= '1993-01-01 00:00:00'::timestamp(0) without time zone) AND (l_shipdate < '1994-01-01 00:00:00'::timestamp without time zone)), (LLVM Optimized)"}]}]}]}]}, {"Node Type": "Materialize", "Parent Relationship": "Inner", "Startup Cost": 0.0, "Total Cost": 67056.36, "Plan Rows": 22472, "Plan Width": 8, "Plans": [{"Node Type": "Seq Scan", "Parent Relationship": "Outer", "Relation Name": "part", "Alias": "part", "Startup Cost": 0.0, "Total Cost": 66944.0, "Plan Rows": 22472, "Plan Width": 8, "Filter": "((p_name)::text ~~ 'green%'::text)"}]}]}]}]}]}, "Unique SQL Id": 202076520, "Planner Runtime": 1}, "explain_analyze_plan": null}, "(1, 31)": {"explain_plan": {"Plan": {"Node Type": "Sort", "Startup Cost": 5018253560954.49, "Total Cost": 5018253560959.49, "Plan Rows": 2000, "Plan Width": 51, "Sort Key": ["supplier.s_name"], "Plans": [{"Node Type": "Merge Join", "Parent Relationship": "Outer", "Join Type": "Semi", "Startup Cost": 50000000000.0, "Total Cost": 5018253560844.84, "Plan Rows": 2000, "Plan Width": 51, "Inner Unique": false, "Merge Cond": "(supplier.s_suppkey = subquery.\"?column?\")", "Plans": [{"Node Type": "Nested Loop", "Parent Relationship": "Outer", "Join Type": "Inner", "Startup Cost": 20000000000.0, "Total Cost": 2000000536223.13, "Plan Rows": 4000, "Plan Width": 59, "Inner Unique": true, "Join Filter": "(supplier.s_nationkey = nation.n_nationkey)", "Plans": [{"Node Type": "Index Scan", "Parent Relationship": "Outer", "Scan Direction": "Forward", "Index Name": "supplier_pkey", "Relation Name": "supplier", "Alias": "supplier", "Startup Cost": 10000000000.0, "Total Cost": 1000000533454.38, "Plan Rows": 100000, "Plan Width": 63}, {"Node Type": "Materialize", "Parent Relationship": "Inner", "Startup Cost": 10000000000.0, "Total Cost": 1000000001268.76, "Plan Rows": 1, "Plan Width": 4, "Plans": [{"Node Type": "Index Scan", "Parent Relationship": "Outer", "Scan Direction": "Forward", "Index Name": "nation_pkey", "Relation Name": "nation", "Alias": "nation", "Startup Cost": 10000000000.0, "Total Cost": 1000000001268.75, "Plan Rows": 1, "Plan Width": 4, "Filter": "(n_name = 'ALGERIA'::bpchar)"}]}]}, {"Node Type": "Materialize", "Parent Relationship": "Inner", "Startup Cost": 30000000000.0, "Total Cost": 3018253024611.68, "Plan Rows": 2, "Plan Width": 16, "Plans": [{"Node Type": "Nested Loop", "Parent Relationship": "Outer", "Join Type": "Inner", "Startup Cost": 30000000000.0, "Total Cost": 3018253024611.67, "Plan Rows": 2, "Plan Width": 16, "Inner Unique": true, "Join Filter": "((partsupp.ps_partkey = subquery.\"?column?\") AND (partsupp.ps_suppkey = subquery.\"?column?\") AND ((partsupp.ps_availqty)::double precision > (.5::double precision * subquery.\"?column?\")))", "Plans": [{"Node Type": "Nested Loop", "Parent Relationship": "Outer", "Join Type": "Semi", "Startup Cost": 20000000000.0, "Total Cost": 2002807445082.73, "Plan Rows": 64552, "Plan Width": 32, "Inner Unique": false, "Join Filter": "(partsupp.ps_partkey = part.p_partkey)", "Plans": [{"Node Type": "Index Scan", "Parent Relationship": "Outer", "Scan Direction": "Forward", "Index Name": "idx_partsupp_suppkey", "Relation Name": "partsupp", "Alias": "partsupp", "Startup Cost": 10000000000.0, "Total Cost": 1000100160480.77, "Plan Rows": 8000372, "Plan Width": 24}, {"Node Type": "Materialize", "Parent Relationship": "Inner", "Startup Cost": 10000000000.0, "Total Cost": 1000010580437.36, "Plan Rows": 22472, "Plan Width": 8, "Plans": [{"Node Type": "Index Scan", "Parent Relationship": "Outer", "Scan Direction": "Forward", "Index Name": "part_kpey", "Relation Name": "part", "Alias": "part", "Startup Cost": 10000000000.0, "Total Cost": 1000010580325.0, "Plan Rows": 22472, "Plan Width": 8, "Filter": "((p_name)::text ~~ 'green%'::text)"}]}]}, {"Node Type": "Materialize", "Parent Relationship": "Inner", "Startup Cost": 10000000000.0, "Total Cost": 1000805725024.14, "Plan Rows": 9071680, "Plan Width": 24, "Plans": [{"Node Type": "Subquery Scan", "Parent Relationship": "Outer", "Alias": "subquery", "Startup Cost": 10000000000.0, "Total Cost": 1000805679665.74, "Plan Rows": 9071680, "Plan Width": 24, "Plans": [{"Node Type": "Aggregate", "Strategy": "Sorted", "Parent Relationship": "Subquery", "Startup Cost": 10000000000.0, "Total Cost": 1000805588948.94, "Plan Rows": 9071680, "Plan Width": 40, "Group By Key": ["lineitem.l_partkey", "lineitem.l_suppkey"], "Plans": [{"Node Type": "Index Scan", "Parent Relationship": "Outer", "Scan Direction": "Forward", "Index Name": "idx_lineitem_part_supp", "Relation Name": "lineitem", "Alias": "lineitem", "Startup Cost": 10000000000.0, "Total Cost": 1000805384836.14, "Plan Rows": 9071680, "Plan Width": 24, "Filter": "((l_shipdate >= '1993-01-01 00:00:00'::timestamp(0) without time zone) AND (l_shipdate < '1994-01-01 00:00:00'::timestamp without time zone)), (LLVM Optimized)"}]}]}]}]}]}]}]}, "Unique SQL Id": 202076520, "Planner Runtime": 2}, "explain_analyze_plan": null}, "(1, 32)": {"explain_plan": {"Plan": {"Node Type": "Sort", "Startup Cost": 2481984.46, "Total Cost": 2481989.46, "Plan Rows": 2000, "Plan Width": 51, "Sort Key": ["supplier.s_name"], "Plans": [{"Node Type": "Nested Loop", "Parent Relationship": "Outer", "Join Type": "Semi", "Startup Cost": 2182390.78, "Total Cost": 2481874.8, "Plan Rows": 2000, "Plan Width": 51, "Inner Unique": false, "Join Filter": "(supplier.s_suppkey = lineitem.l_suppkey)", "Plans": [{"Node Type": "Nested Loop", "Parent Relationship": "Outer", "Join Type": "Inner", "Startup Cost": 0.0, "Total Cost": 4534.31, "Plan Rows": 4000, "Plan Width": 59, "Inner Unique": false, "Join Filter": "(supplier.s_nationkey = nation.n_nationkey)", "Plans": [{"Node Type": "Seq Scan", "Parent Relationship": "Outer", "Relation Name": "nation", "Alias": "nation", "Startup Cost": 0.0, "Total Cost": 1.31, "Plan Rows": 1, "Plan Width": 4, "Filter": "(n_name = 'ALGERIA'::bpchar)"}, {"Node Type": "Seq Scan", "Parent Relationship": "Inner", "Relation Name": "supplier", "Alias": "supplier", "Startup Cost": 0.0, "Total Cost": 3283.0, "Plan Rows": 100000, "Plan Width": 63}]}, {"Node Type": "Materialize", "Parent Relationship": "Inner", "Startup Cost": 2182390.78, "Total Cost": 2477220.5, "Plan Rows": 2, "Plan Width": 16, "Plans": [{"Node Type": "Hash Join", "Parent Relationship": "Outer", "Join Type": "Inner", "Startup Cost": 2182390.78, "Total Cost": 2477220.49, "Plan Rows": 2, "Plan Width": 16, "Inner Unique": false, "Hash Cond": "((lineitem.l_partkey = partsupp.ps_partkey) AND (lineitem.l_suppkey = partsupp.ps_suppkey))", "Join Filter": "((partsupp.ps_availqty)::double precision > (.5::double precision * (sum(lineitem.l_quantity))))", "Plans": [{"Node Type": "Aggregate", "Strategy": "Hashed", "Parent Relationship": "Outer", "Startup Cost": 1956349.97, "Total Cost": 2069745.97, "Plan Rows": 9071680, "Plan Width": 24, "Group By Key": ["lineitem.l_partkey", "lineitem.l_suppkey"], "Plans": [{"Node Type": "Bitmap Heap Scan", "Parent Relationship": "Outer", "Relation Name": "lineitem", "Alias": "lineitem", "Startup Cost": 314312.97, "Total Cost": 1865633.17, "Plan Rows": 9071680, "Plan Width": 24, "Recheck Cond": "((l_shipdate >= '1993-01-01 00:00:00'::timestamp(0) without time zone) AND (l_shipdate < '1994-01-01 00:00:00'::timestamp without time zone)), (LLVM Optimized)", "Plans": [{"Node Type": "Bitmap Index Scan", "Parent Relationship": "Outer", "Index Name": "idx_lineitem_shipdate", "Startup Cost": 0.0, "Total Cost": 312045.05, "Plan Rows": 9071680, "Plan Width": 0, "Index Cond": "((l_shipdate >= '1993-01-01 00:00:00'::timestamp(0) without time zone) AND (l_shipdate < '1994-01-01 00:00:00'::timestamp without time zone))"}]}]}, {"Node Type": "Hash", "Parent Relationship": "Inner", "Startup Cost": 225072.53, "Total Cost": 225072.53, "Plan Rows": 64552, "Plan Width": 32, "Plans": [{"Node Type": "Nested Loop", "Parent Relationship": "Outer", "Join Type": "Inner", "Startup Cost": 0.0, "Total Cost": 225072.53, "Plan Rows": 64552, "Plan Width": 32, "Inner Unique": false, "Plans": [{"Node Type": "Seq Scan", "Parent Relationship": "Outer", "Relation Name": "part", "Alias": "part", "Startup Cost": 0.0, "Total Cost": 66944.0, "Plan Rows": 22472, "Plan Width": 8, "Filter": "((p_name)::text ~~ 'green%'::text)"}, {"Node Type": "Index Scan", "Parent Relationship": "Inner", "Scan Direction": "Forward", "Index Name": "idx_partsupp_partkey", "Relation Name": "partsupp", "Alias": "partsupp", "Startup Cost": 0.0, "Total Cost": 7.01, "Plan Rows": 3, "Plan Width": 24, "Index Cond": "(ps_partkey = part.p_partkey)"}]}]}]}]}]}]}, "Unique SQL Id": 202076520, "Planner Runtime": 1}, "explain_analyze_plan": {"Plan": {"Node Type": "Sort", "Startup Cost": 2481984.46, "Total Cost": 2481989.46, "Plan Rows": 2000, "Plan Width": 51, "Actual Startup Time": 75123.89, "Actual Total Time": 75124.045, "Actual Rows": 1746, "Actual Loops": 1, "Sort Key": ["supplier.s_name"], "Sort Method": "quicksort", "Sort Space Used": 309, "Sort Space Type": "Memory", "Plans": [{"Node Type": "Nested Loop", "Parent Relationship": "Outer", "Join Type": "Semi", "Startup Cost": 2182390.78, "Total Cost": 2481874.8, "Plan Rows": 2000, "Plan Width": 51, "Actual Startup Time": 25195.112, "Actual Total Time": 75116.583, "Actual Rows": 1746, "Actual Loops": 1, "Inner Unique": false, "Join Filter": "(supplier.s_suppkey = lineitem.l_suppkey)", "Rows Removed by Join Filter": 174379316, "Plans": [{"Node Type": "Nested Loop", "Parent Relationship": "Outer", "Join Type": "Inner", "Startup Cost": 0.0, "Total Cost": 4534.31, "Plan Rows": 4000, "Plan Width": 59, "Actual Startup Time": 0.052, "Actual Total Time": 73.979, "Actual Rows": 3934, "Actual Loops": 1, "Inner Unique": false, "Join Filter": "(supplier.s_nationkey = nation.n_nationkey)", "Rows Removed by Join Filter": 96066, "Plans": [{"Node Type": "Seq Scan", "Parent Relationship": "Outer", "Relation Name": "nation", "Alias": "nation", "Startup Cost": 0.0, "Total Cost": 1.31, "Plan Rows": 1, "Plan Width": 4, "Actual Startup Time": 0.023, "Actual Total Time": 0.044, "Actual Rows": 1, "Actual Loops": 1, "Filter": "(n_name = 'ALGERIA'::bpchar)", "Rows Removed by Filter": 24}, {"Node Type": "Seq Scan", "Parent Relationship": "Inner", "Relation Name": "supplier", "Alias": "supplier", "Startup Cost": 0.0, "Total Cost": 3283.0, "Plan Rows": 100000, "Plan Width": 63, "Actual Startup Time": 0.011, "Actual Total Time": 42.731, "Actual Rows": 100000, "Actual Loops": 1}]}, {"Node Type": "Materialize", "Parent Relationship": "Inner", "Startup Cost": 2182390.78, "Total Cost": 2477220.5, "Plan Rows": 2, "Plan Width": 16, "Actual Startup Time": 20077.602, "Actual Total Time": 42100.808, "Actual Rows": 174381062, "Actual Loops": 3934, "Plans": [{"Node Type": "Hash Join", "Parent Relationship": "Outer", "Join Type": "Inner", "Startup Cost": 2182390.78, "Total Cost": 2477220.49, "Plan Rows": 2, "Plan Width": 16, "Actual Startup Time": 20076.906, "Actual Total Time": 25151.572, "Actual Rows": 58537, "Actual Loops": 1, "Inner Unique": false, "Hash Cond": "((lineitem.l_partkey = partsupp.ps_partkey) AND (lineitem.l_suppkey = partsupp.ps_suppkey))", "Join Filter": "((partsupp.ps_availqty)::double precision > (.5::double precision * (sum(lineitem.l_quantity))))", "Rows Removed by Join Filter": 136, "Plans": [{"Node Type": "Aggregate", "Strategy": "Hashed", "Parent Relationship": "Outer", "Startup Cost": 1956349.97, "Total Cost": 2069745.97, "Plan Rows": 9071680, "Plan Width": 24, "Actual Startup Time": 19035.615, "Actual Total Time": 22553.66, "Actual Rows": 5442751, "Actual Loops": 1, "Group By Key": ["lineitem.l_partkey", "lineitem.l_suppkey"], "Plans": [{"Node Type": "Bitmap Heap Scan", "Parent Relationship": "Outer", "Relation Name": "lineitem", "Alias": "lineitem", "Startup Cost": 314312.97, "Total Cost": 1865633.17, "Plan Rows": 9071680, "Plan Width": 24, "Actual Startup Time": 3738.7, "Actual Total Time": 11257.502, "Actual Rows": 9109641, "Actual Loops": 1, "Recheck Cond": "((l_shipdate >= '1993-01-01 00:00:00'::timestamp(0) without time zone) AND (l_shipdate < '1994-01-01 00:00:00'::timestamp without time zone)), (LLVM Optimized, Jit Execute)", "Rows Removed by Index Recheck": 0, "Exact Heap Blocks": 1252335, "Lossy Heap Blocks": 1252335, "Plans": [{"Node Type": "Bitmap Index Scan", "Parent Relationship": "Outer", "Index Name": "idx_lineitem_shipdate", "Startup Cost": 0.0, "Total Cost": 312045.05, "Plan Rows": 9071680, "Plan Width": 0, "Actual Startup Time": 3101.856, "Actual Total Time": 3101.856, "Actual Rows": 9109641, "Actual Loops": 1, "Index Cond": "((l_shipdate >= '1993-01-01 00:00:00'::timestamp(0) without time zone) AND (l_shipdate < '1994-01-01 00:00:00'::timestamp without time zone))"}]}]}, {"Node Type": "Hash", "Parent Relationship": "Inner", "Startup Cost": 225072.53, "Total Cost": 225072.53, "Plan Rows": 64552, "Plan Width": 32, "Actual Startup Time": 1040.741, "Actual Total Time": 1040.741, "Actual Rows": 86224, "Actual Loops": 1, "Hash Buckets": 65536, "Hash Batches": 1, "Original Hash Batches": 1, "Peak Memory Usage": 5389, "Plans": [{"Node Type": "Nested Loop", "Parent Relationship": "Outer", "Join Type": "Inner", "Startup Cost": 0.0, "Total Cost": 225072.53, "Plan Rows": 64552, "Plan Width": 32, "Actual Startup Time": 0.04, "Actual Total Time": 1003.816, "Actual Rows": 86224, "Actual Loops": 1, "Inner Unique": false, "Plans": [{"Node Type": "Seq Scan", "Parent Relationship": "Outer", "Relation Name": "part", "Alias": "part", "Startup Cost": 0.0, "Total Cost": 66944.0, "Plan Rows": 22472, "Plan Width": 8, "Actual Startup Time": 0.022, "Actual Total Time": 785.525, "Actual Rows": 21556, "Actual Loops": 1, "Filter": "((p_name)::text ~~ 'green%'::text)", "Rows Removed by Filter": 1978444}, {"Node Type": "Index Scan", "Parent Relationship": "Inner", "Scan Direction": "Forward", "Index Name": "idx_partsupp_partkey", "Relation Name": "partsupp", "Alias": "partsupp", "Startup Cost": 0.0, "Total Cost": 7.01, "Plan Rows": 3, "Plan Width": 24, "Actual Startup Time": 140.49, "Actual Total Time": 185.216, "Actual Rows": 86224, "Actual Loops": 21556, "Index Cond": "(ps_partkey = part.p_partkey)", "Rows Removed by Index Recheck": 0}]}]}]}]}]}]}, "Triggers": [], "Planner Runtime": 1, "Total Runtime": 75137.288, "Unique SQL Id": 202076520}}, "(1, 33)": {"explain_plan": {"Plan": {"Node Type": "Sort", "Startup Cost": 2522906.63, "Total Cost": 2522911.63, "Plan Rows": 2000, "Plan Width": 51, "Sort Key": ["supplier.s_name"], "Plans": [{"Node Type": "Nested Loop", "Parent Relationship": "Outer", "Join Type": "Semi", "Startup Cost": 2221250.03, "Total Cost": 2522796.97, "Plan Rows": 2000, "Plan Width": 51, "Inner Unique": false, "Join Filter": "(supplier.s_suppkey = lineitem.l_suppkey)", "Plans": [{"Node Type": "Nested Loop", "Parent Relationship": "Outer", "Join Type": "Inner", "Startup Cost": 0.0, "Total Cost": 6597.23, "Plan Rows": 4000, "Plan Width": 59, "Inner Unique": false, "Join Filter": "(supplier.s_nationkey = nation.n_nationkey)", "Plans": [{"Node Type": "Index Scan", "Parent Relationship": "Outer", "Scan Direction": "Forward", "Index Name": "nation_pkey", "Relation Name": "nation", "Alias": "nation", "Startup Cost": 0.0, "Total Cost": 12.69, "Plan Rows": 1, "Plan Width": 4, "Filter": "(n_name = 'ALGERIA'::bpchar)"}, {"Node Type": "Index Scan", "Parent Relationship": "Inner", "Scan Direction": "Forward", "Index Name": "supplier_pkey", "Relation Name": "supplier", "Alias": "supplier", "Startup Cost": 0.0, "Total Cost": 5334.54, "Plan Rows": 100000, "Plan Width": 63}]}, {"Node Type": "Materialize", "Parent Relationship": "Inner", "Startup Cost": 2221250.03, "Total Cost": 2516079.75, "Plan Rows": 2, "Plan Width": 16, "Plans": [{"Node Type": "Hash Join", "Parent Relationship": "Outer", "Join Type": "Inner", "Startup Cost": 2221250.03, "Total Cost": 2516079.74, "Plan Rows": 2, "Plan Width": 16, "Inner Unique": false, "Hash Cond": "((lineitem.l_partkey = partsupp.ps_partkey) AND (lineitem.l_suppkey = partsupp.ps_suppkey))", "Join Filter": "((partsupp.ps_availqty)::double precision > (.5::double precision * (sum(lineitem.l_quantity))))", "Plans": [{"Node Type": "Aggregate", "Strategy": "Hashed", "Parent Relationship": "Outer", "Startup Cost": 1956349.97, "Total Cost": 2069745.97, "Plan Rows": 9071680, "Plan Width": 24, "Group By Key": ["lineitem.l_partkey", "lineitem.l_suppkey"], "Plans": [{"Node Type": "Bitmap Heap Scan", "Parent Relationship": "Outer", "Relation Name": "lineitem", "Alias": "lineitem", "Startup Cost": 314312.97, "Total Cost": 1865633.17, "Plan Rows": 9071680, "Plan Width": 24, "Recheck Cond": "((l_shipdate >= '1993-01-01 00:00:00'::timestamp(0) without time zone) AND (l_shipdate < '1994-01-01 00:00:00'::timestamp without time zone)), (LLVM Optimized)", "Plans": [{"Node Type": "Bitmap Index Scan", "Parent Relationship": "Outer", "Index Name": "idx_lineitem_shipdate", "Startup Cost": 0.0, "Total Cost": 312045.05, "Plan Rows": 9071680, "Plan Width": 0, "Index Cond": "((l_shipdate >= '1993-01-01 00:00:00'::timestamp(0) without time zone) AND (l_shipdate < '1994-01-01 00:00:00'::timestamp without time zone))"}]}]}, {"Node Type": "Hash", "Parent Relationship": "Inner", "Startup Cost": 263931.78, "Total Cost": 263931.78, "Plan Rows": 64552, "Plan Width": 32, "Plans": [{"Node Type": "Nested Loop", "Parent Relationship": "Outer", "Join Type": "Inner", "Startup Cost": 0.0, "Total Cost": 263931.78, "Plan Rows": 64552, "Plan Width": 32, "Inner Unique": false, "Plans": [{"Node Type": "Index Scan", "Parent Relationship": "Outer", "Scan Direction": "Forward", "Index Name": "part_kpey", "Relation Name": "part", "Alias": "part", "Startup Cost": 0.0, "Total Cost": 105803.25, "Plan Rows": 22472, "Plan Width": 8, "Filter": "((p_name)::text ~~ 'green%'::text)"}, {"Node Type": "Index Scan", "Parent Relationship": "Inner", "Scan Direction": "Forward", "Index Name": "idx_partsupp_partkey", "Relation Name": "partsupp", "Alias": "partsupp", "Startup Cost": 0.0, "Total Cost": 7.01, "Plan Rows": 3, "Plan Width": 24, "Index Cond": "(ps_partkey = part.p_partkey)"}]}]}]}]}]}]}, "Unique SQL Id": 202076520, "Planner Runtime": 1}, "explain_analyze_plan": {"Plan": {"Node Type": "Sort", "Startup Cost": 2522906.63, "Total Cost": 2522911.63, "Plan Rows": 2000, "Plan Width": 51, "Actual Startup Time": 74266.132, "Actual Total Time": 74266.286, "Actual Rows": 1746, "Actual Loops": 1, "Sort Key": ["supplier.s_name"], "Sort Method": "quicksort", "Sort Space Used": 309, "Sort Space Type": "Memory", "Plans": [{"Node Type": "Nested Loop", "Parent Relationship": "Outer", "Join Type": "Semi", "Startup Cost": 2221250.03, "Total Cost": 2522796.97, "Plan Rows": 2000, "Plan Width": 51, "Actual Startup Time": 23778.191, "Actual Total Time": 74261.786, "Actual Rows": 1746, "Actual Loops": 1, "Inner Unique": false, "Join Filter": "(supplier.s_suppkey = lineitem.l_suppkey)", "Rows Removed by Join Filter": 174379316, "Plans": [{"Node Type": "Nested Loop", "Parent Relationship": "Outer", "Join Type": "Inner", "Startup Cost": 0.0, "Total Cost": 6597.23, "Plan Rows": 4000, "Plan Width": 59, "Actual Startup Time": 0.065, "Actual Total Time": 103.27, "Actual Rows": 3934, "Actual Loops": 1, "Inner Unique": false, "Join Filter": "(supplier.s_nationkey = nation.n_nationkey)", "Rows Removed by Join Filter": 96066, "Plans": [{"Node Type": "Index Scan", "Parent Relationship": "Outer", "Scan Direction": "Forward", "Index Name": "nation_pkey", "Relation Name": "nation", "Alias": "nation", "Startup Cost": 0.0, "Total Cost": 12.69, "Plan Rows": 1, "Plan Width": 4, "Actual Startup Time": 0.02, "Actual Total Time": 0.066, "Actual Rows": 1, "Actual Loops": 1, "Filter": "(n_name = 'ALGERIA'::bpchar)", "Rows Removed by Filter": 24}, {"Node Type": "Index Scan", "Parent Relationship": "Inner", "Scan Direction": "Forward", "Index Name": "supplier_pkey", "Relation Name": "supplier", "Alias": "supplier", "Startup Cost": 0.0, "Total Cost": 5334.54, "Plan Rows": 100000, "Plan Width": 63, "Actual Startup Time": 0.024, "Actual Total Time": 75.509, "Actual Rows": 100000, "Actual Loops": 1}]}, {"Node Type": "Materialize", "Parent Relationship": "Inner", "Startup Cost": 2221250.03, "Total Cost": 2516079.75, "Plan Rows": 2, "Plan Width": 16, "Actual Startup Time": 19165.879, "Actual Total Time": 41049.22, "Actual Rows": 174381062, "Actual Loops": 3934, "Plans": [{"Node Type": "Hash Join", "Parent Relationship": "Outer", "Join Type": "Inner", "Startup Cost": 2221250.03, "Total Cost": 2516079.74, "Plan Rows": 2, "Plan Width": 16, "Actual Startup Time": 19165.142, "Actual Total Time": 23734.325, "Actual Rows": 58537, "Actual Loops": 1, "Inner Unique": false, "Hash Cond": "((lineitem.l_partkey = partsupp.ps_partkey) AND (lineitem.l_suppkey = partsupp.ps_suppkey))", "Join Filter": "((partsupp.ps_availqty)::double precision > (.5::double precision * (sum(lineitem.l_quantity))))", "Rows Removed by Join Filter": 136, "Plans": [{"Node Type": "Aggregate", "Strategy": "Hashed", "Parent Relationship": "Outer", "Startup Cost": 1956349.97, "Total Cost": 2069745.97, "Plan Rows": 9071680, "Plan Width": 24, "Actual Startup Time": 17616.829, "Actual Total Time": 20630.922, "Actual Rows": 5442751, "Actual Loops": 1, "Group By Key": ["lineitem.l_partkey", "lineitem.l_suppkey"], "Plans": [{"Node Type": "Bitmap Heap Scan", "Parent Relationship": "Outer", "Relation Name": "lineitem", "Alias": "lineitem", "Startup Cost": 314312.97, "Total Cost": 1865633.17, "Plan Rows": 9071680, "Plan Width": 24, "Actual Startup Time": 3575.133, "Actual Total Time": 10409.544, "Actual Rows": 9109641, "Actual Loops": 1, "Recheck Cond": "((l_shipdate >= '1993-01-01 00:00:00'::timestamp(0) without time zone) AND (l_shipdate < '1994-01-01 00:00:00'::timestamp without time zone)), (LLVM Optimized, Jit Execute)", "Rows Removed by Index Recheck": 0, "Exact Heap Blocks": 1252335, "Lossy Heap Blocks": 1252335, "Plans": [{"Node Type": "Bitmap Index Scan", "Parent Relationship": "Outer", "Index Name": "idx_lineitem_shipdate", "Startup Cost": 0.0, "Total Cost": 312045.05, "Plan Rows": 9071680, "Plan Width": 0, "Actual Startup Time": 3017.471, "Actual Total Time": 3017.471, "Actual Rows": 9109641, "Actual Loops": 1, "Index Cond": "((l_shipdate >= '1993-01-01 00:00:00'::timestamp(0) without time zone) AND (l_shipdate < '1994-01-01 00:00:00'::timestamp without time zone))"}]}]}, {"Node Type": "Hash", "Parent Relationship": "Inner", "Startup Cost": 263931.78, "Total Cost": 263931.78, "Plan Rows": 64552, "Plan Width": 32, "Actual Startup Time": 1547.984, "Actual Total Time": 1547.984, "Actual Rows": 86224, "Actual Loops": 1, "Hash Buckets": 65536, "Hash Batches": 1, "Original Hash Batches": 1, "Peak Memory Usage": 5389, "Plans": [{"Node Type": "Nested Loop", "Parent Relationship": "Outer", "Join Type": "Inner", "Startup Cost": 0.0, "Total Cost": 263931.78, "Plan Rows": 64552, "Plan Width": 32, "Actual Startup Time": 0.053, "Actual Total Time": 1511.395, "Actual Rows": 86224, "Actual Loops": 1, "Inner Unique": false, "Plans": [{"Node Type": "Index Scan", "Parent Relationship": "Outer", "Scan Direction": "Forward", "Index Name": "part_kpey", "Relation Name": "part", "Alias": "part", "Startup Cost": 0.0, "Total Cost": 105803.25, "Plan Rows": 22472, "Plan Width": 8, "Actual Startup Time": 0.041, "Actual Total Time": 1308.491, "Actual Rows": 21556, "Actual Loops": 1, "Filter": "((p_name)::text ~~ 'green%'::text)", "Rows Removed by Filter": 1978444}, {"Node Type": "Index Scan", "Parent Relationship": "Inner", "Scan Direction": "Forward", "Index Name": "idx_partsupp_partkey", "Relation Name": "partsupp", "Alias": "partsupp", "Startup Cost": 0.0, "Total Cost": 7.01, "Plan Rows": 3, "Plan Width": 24, "Actual Startup Time": 127.172, "Actual Total Time": 169.8, "Actual Rows": 86224, "Actual Loops": 21556, "Index Cond": "(ps_partkey = part.p_partkey)", "Rows Removed by Index Recheck": 0}]}]}]}]}]}]}, "Triggers": [], "Planner Runtime": 1, "Total Runtime": 74277.716, "Unique SQL Id": 202076520}}, "(1, 34)": {"explain_plan": {"Plan": {"Node Type": "Sort", "Startup Cost": 2614774.64, "Total Cost": 2614779.64, "Plan Rows": 2000, "Plan Width": 51, "Sort Key": ["supplier.s_name"], "Plans": [{"Node Type": "Nested Loop", "Parent Relationship": "Outer", "Join Type": "Semi", "Startup Cost": 2315180.96, "Total Cost": 2614664.98, "Plan Rows": 2000, "Plan Width": 51, "Inner Unique": false, "Join Filter": "(supplier.s_suppkey = lineitem.l_suppkey)", "Plans": [{"Node Type": "Nested Loop", "Parent Relationship": "Outer", "Join Type": "Inner", "Startup Cost": 0.0, "Total Cost": 4534.31, "Plan Rows": 4000, "Plan Width": 59, "Inner Unique": false, "Join Filter": "(supplier.s_nationkey = nation.n_nationkey)", "Plans": [{"Node Type": "Seq Scan", "Parent Relationship": "Outer", "Relation Name": "nation", "Alias": "nation", "Startup Cost": 0.0, "Total Cost": 1.31, "Plan Rows": 1, "Plan Width": 4, "Filter": "(n_name = 'ALGERIA'::bpchar)"}, {"Node Type": "Seq Scan", "Parent Relationship": "Inner", "Relation Name": "supplier", "Alias": "supplier", "Startup Cost": 0.0, "Total Cost": 3283.0, "Plan Rows": 100000, "Plan Width": 63}]}, {"Node Type": "Materialize", "Parent Relationship": "Inner", "Startup Cost": 2315180.96, "Total Cost": 2610010.68, "Plan Rows": 2, "Plan Width": 16, "Plans": [{"Node Type": "Hash Join", "Parent Relationship": "Outer", "Join Type": "Inner", "Startup Cost": 2315180.96, "Total Cost": 2610010.67, "Plan Rows": 2, "Plan Width": 16, "Inner Unique": false, "Hash Cond": "((lineitem.l_partkey = partsupp.ps_partkey) AND (lineitem.l_suppkey = partsupp.ps_suppkey))", "Join Filter": "((partsupp.ps_availqty)::double precision > (.5::double precision * (sum(lineitem.l_quantity))))", "Plans": [{"Node Type": "Aggregate", "Strategy": "Hashed", "Parent Relationship": "Outer", "Startup Cost": 1956349.97, "Total Cost": 2069745.97, "Plan Rows": 9071680, "Plan Width": 24, "Group By Key": ["lineitem.l_partkey", "lineitem.l_suppkey"], "Plans": [{"Node Type": "Bitmap Heap Scan", "Parent Relationship": "Outer", "Relation Name": "lineitem", "Alias": "lineitem", "Startup Cost": 314312.97, "Total Cost": 1865633.17, "Plan Rows": 9071680, "Plan Width": 24, "Recheck Cond": "((l_shipdate >= '1993-01-01 00:00:00'::timestamp(0) without time zone) AND (l_shipdate < '1994-01-01 00:00:00'::timestamp without time zone)), (LLVM Optimized)", "Plans": [{"Node Type": "Bitmap Index Scan", "Parent Relationship": "Outer", "Index Name": "idx_lineitem_shipdate", "Startup Cost": 0.0, "Total Cost": 312045.05, "Plan Rows": 9071680, "Plan Width": 0, "Index Cond": "((l_shipdate >= '1993-01-01 00:00:00'::timestamp(0) without time zone) AND (l_shipdate < '1994-01-01 00:00:00'::timestamp without time zone))"}]}]}, {"Node Type": "Hash", "Parent Relationship": "Inner", "Startup Cost": 357862.71, "Total Cost": 357862.71, "Plan Rows": 64552, "Plan Width": 32, "Plans": [{"Node Type": "Hash Join", "Parent Relationship": "Outer", "Join Type": "Inner", "Startup Cost": 67224.9, "Total Cost": 357862.71, "Plan Rows": 64552, "Plan Width": 32, "Inner Unique": true, "Hash Cond": "(partsupp.ps_partkey = part.p_partkey)", "Plans": [{"Node Type": "Seq Scan", "Parent Relationship": "Outer", "Relation Name": "partsupp", "Alias": "partsupp", "Startup Cost": 0.0, "Total Cost": 269987.72, "Plan Rows": 8000372, "Plan Width": 24}, {"Node Type": "Hash", "Parent Relationship": "Inner", "Startup Cost": 66944.0, "Total Cost": 66944.0, "Plan Rows": 22472, "Plan Width": 8, "Plans": [{"Node Type": "Seq Scan", "Parent Relationship": "Outer", "Relation Name": "part", "Alias": "part", "Startup Cost": 0.0, "Total Cost": 66944.0, "Plan Rows": 22472, "Plan Width": 8, "Filter": "((p_name)::text ~~ 'green%'::text)"}]}]}]}]}]}]}]}, "Unique SQL Id": 202076520, "Planner Runtime": 1}, "explain_analyze_plan": {"Plan": {"Node Type": "Sort", "Startup Cost": 2614774.64, "Total Cost": 2614779.64, "Plan Rows": 2000, "Plan Width": 51, "Actual Startup Time": 78832.214, "Actual Total Time": 78832.348, "Actual Rows": 1746, "Actual Loops": 1, "Sort Key": ["supplier.s_name"], "Sort Method": "quicksort", "Sort Space Used": 309, "Sort Space Type": "Memory", "Plans": [{"Node Type": "Nested Loop", "Parent Relationship": "Outer", "Join Type": "Semi", "Startup Cost": 2315180.96, "Total Cost": 2614664.98, "Plan Rows": 2000, "Plan Width": 51, "Actual Startup Time": 28731.759, "Actual Total Time": 78824.362, "Actual Rows": 1746, "Actual Loops": 1, "Inner Unique": false, "Join Filter": "(supplier.s_suppkey = lineitem.l_suppkey)", "Rows Removed by Join Filter": 174379316, "Plans": [{"Node Type": "Nested Loop", "Parent Relationship": "Outer", "Join Type": "Inner", "Startup Cost": 0.0, "Total Cost": 4534.31, "Plan Rows": 4000, "Plan Width": 59, "Actual Startup Time": 0.063, "Actual Total Time": 73.116, "Actual Rows": 3934, "Actual Loops": 1, "Inner Unique": false, "Join Filter": "(supplier.s_nationkey = nation.n_nationkey)", "Rows Removed by Join Filter": 96066, "Plans": [{"Node Type": "Seq Scan", "Parent Relationship": "Outer", "Relation Name": "nation", "Alias": "nation", "Startup Cost": 0.0, "Total Cost": 1.31, "Plan Rows": 1, "Plan Width": 4, "Actual Startup Time": 0.025, "Actual Total Time": 0.048, "Actual Rows": 1, "Actual Loops": 1, "Filter": "(n_name = 'ALGERIA'::bpchar)", "Rows Removed by Filter": 24}, {"Node Type": "Seq Scan", "Parent Relationship": "Inner", "Relation Name": "supplier", "Alias": "supplier", "Startup Cost": 0.0, "Total Cost": 3283.0, "Plan Rows": 100000, "Plan Width": 63, "Actual Startup Time": 0.02, "Actual Total Time": 43.784, "Actual Rows": 100000, "Actual Loops": 1}]}, {"Node Type": "Materialize", "Parent Relationship": "Inner", "Startup Cost": 2315180.96, "Total Cost": 2610010.68, "Plan Rows": 2, "Plan Width": 16, "Actual Startup Time": 23287.421, "Actual Total Time": 45742.697, "Actual Rows": 174381062, "Actual Loops": 3934, "Plans": [{"Node Type": "Hash Join", "Parent Relationship": "Outer", "Join Type": "Inner", "Startup Cost": 2315180.96, "Total Cost": 2610010.67, "Plan Rows": 2, "Plan Width": 16, "Actual Startup Time": 23286.718, "Actual Total Time": 28686.889, "Actual Rows": 58537, "Actual Loops": 1, "Inner Unique": false, "Hash Cond": "((lineitem.l_partkey = partsupp.ps_partkey) AND (lineitem.l_suppkey = partsupp.ps_suppkey))", "Join Filter": "((partsupp.ps_availqty)::double precision > (.5::double precision * (sum(lineitem.l_quantity))))", "Rows Removed by Join Filter": 136, "Plans": [{"Node Type": "Aggregate", "Strategy": "Hashed", "Parent Relationship": "Outer", "Startup Cost": 1956349.97, "Total Cost": 2069745.97, "Plan Rows": 9071680, "Plan Width": 24, "Actual Startup Time": 18442.184, "Actual Total Time": 22243.826, "Actual Rows": 5442751, "Actual Loops": 1, "Group By Key": ["lineitem.l_partkey", "lineitem.l_suppkey"], "Plans": [{"Node Type": "Bitmap Heap Scan", "Parent Relationship": "Outer", "Relation Name": "lineitem", "Alias": "lineitem", "Startup Cost": 314312.97, "Total Cost": 1865633.17, "Plan Rows": 9071680, "Plan Width": 24, "Actual Startup Time": 3591.689, "Actual Total Time": 10863.535, "Actual Rows": 9109641, "Actual Loops": 1, "Recheck Cond": "((l_shipdate >= '1993-01-01 00:00:00'::timestamp(0) without time zone) AND (l_shipdate < '1994-01-01 00:00:00'::timestamp without time zone)), (LLVM Optimized, Jit Execute)", "Rows Removed by Index Recheck": 0, "Exact Heap Blocks": 1252335, "Lossy Heap Blocks": 1252335, "Plans": [{"Node Type": "Bitmap Index Scan", "Parent Relationship": "Outer", "Index Name": "idx_lineitem_shipdate", "Startup Cost": 0.0, "Total Cost": 312045.05, "Plan Rows": 9071680, "Plan Width": 0, "Actual Startup Time": 3048.467, "Actual Total Time": 3048.467, "Actual Rows": 9109641, "Actual Loops": 1, "Index Cond": "((l_shipdate >= '1993-01-01 00:00:00'::timestamp(0) without time zone) AND (l_shipdate < '1994-01-01 00:00:00'::timestamp without time zone))"}]}]}, {"Node Type": "Hash", "Parent Relationship": "Inner", "Startup Cost": 357862.71, "Total Cost": 357862.71, "Plan Rows": 64552, "Plan Width": 32, "Actual Startup Time": 4844.136, "Actual Total Time": 4844.136, "Actual Rows": 86224, "Actual Loops": 1, "Hash Buckets": 65536, "Hash Batches": 1, "Original Hash Batches": 1, "Peak Memory Usage": 5389, "Plans": [{"Node Type": "Hash Join", "Parent Relationship": "Outer", "Join Type": "Inner", "Startup Cost": 67224.9, "Total Cost": 357862.71, "Plan Rows": 64552, "Plan Width": 32, "Actual Startup Time": 769.582, "Actual Total Time": 4799.02, "Actual Rows": 86224, "Actual Loops": 1, "Inner Unique": true, "Hash Cond": "(partsupp.ps_partkey = part.p_partkey)", "Plans": [{"Node Type": "Seq Scan", "Parent Relationship": "Outer", "Relation Name": "partsupp", "Alias": "partsupp", "Startup Cost": 0.0, "Total Cost": 269987.72, "Plan Rows": 8000372, "Plan Width": 24, "Actual Startup Time": 0.01, "Actual Total Time": 2492.802, "Actual Rows": 8000000, "Actual Loops": 1}, {"Node Type": "Hash", "Parent Relationship": "Inner", "Startup Cost": 66944.0, "Total Cost": 66944.0, "Plan Rows": 22472, "Plan Width": 8, "Actual Startup Time": 769.428, "Actual Total Time": 769.428, "Actual Rows": 21556, "Actual Loops": 1, "Hash Buckets": 32768, "Hash Batches": 1, "Original Hash Batches": 1, "Peak Memory Usage": 843, "Plans": [{"Node Type": "Seq Scan", "Parent Relationship": "Outer", "Relation Name": "part", "Alias": "part", "Startup Cost": 0.0, "Total Cost": 66944.0, "Plan Rows": 22472, "Plan Width": 8, "Actual Startup Time": 0.026, "Actual Total Time": 761.329, "Actual Rows": 21556, "Actual Loops": 1, "Filter": "((p_name)::text ~~ 'green%'::text)", "Rows Removed by Filter": 1978444}]}]}]}]}]}]}]}, "Triggers": [], "Planner Runtime": 1, "Total Runtime": 78844.759, "Unique SQL Id": 202076520}}, "(1, 35)": {"explain_plan": {"Plan": {"Node Type": "Sort", "Startup Cost": 41474309.17, "Total Cost": 41474314.17, "Plan Rows": 2000, "Plan Width": 51, "Sort Key": ["supplier.s_name"], "Plans": [{"Node Type": "Nested Loop", "Parent Relationship": "Outer", "Join Type": "Inner", "Startup Cost": 41260049.96, "Total Cost": 41474199.51, "Plan Rows": 2000, "Plan Width": 51, "Inner Unique": true, "Plans": [{"Node Type": "Nested Loop", "Parent Relationship": "Outer", "Join Type": "Inner", "Startup Cost": 41260049.7, "Total Cost": 41260058.01, "Plan Rows": 50000, "Plan Width": 55, "Inner Unique": true, "Plans": [{"Node Type": "Unique", "Parent Relationship": "Outer", "Startup Cost": 41260049.44, "Total Cost": 41260049.45, "Plan Rows": 2, "Plan Width": 16, "Plans": [{"Node Type": "Sort", "Parent Relationship": "Outer", "Startup Cost": 41260049.44, "Total Cost": 41260049.45, "Plan Rows": 2, "Plan Width": 16, "Sort Key": ["partsupp.ps_suppkey"], "Plans": [{"Node Type": "Nested Loop", "Parent Relationship": "Outer", "Join Type": "Semi", "Startup Cost": 1956350.51, "Total Cost": 41260049.43, "Plan Rows": 2, "Plan Width": 16, "Inner Unique": false, "Join Filter": "(partsupp.ps_partkey = part.p_partkey)", "Plans": [{"Node Type": "Nested Loop", "Parent Relationship": "Outer", "Join Type": "Inner", "Startup Cost": 1956350.25, "Total Cost": 41259981.09, "Plan Rows": 15, "Plan Width": 32, "Inner Unique": true, "Plans": [{"Node Type": "Aggregate", "Strategy": "Hashed", "Parent Relationship": "Outer", "Startup Cost": 1956349.97, "Total Cost": 2069745.97, "Plan Rows": 9071680, "Plan Width": 24, "Group By Key": ["lineitem.l_partkey", "lineitem.l_suppkey"], "Plans": [{"Node Type": "Bitmap Heap Scan", "Parent Relationship": "Outer", "Relation Name": "lineitem", "Alias": "lineitem", "Startup Cost": 314312.97, "Total Cost": 1865633.17, "Plan Rows": 9071680, "Plan Width": 24, "Recheck Cond": "((l_shipdate >= '1993-01-01 00:00:00'::timestamp(0) without time zone) AND (l_shipdate < '1994-01-01 00:00:00'::timestamp without time zone)), (LLVM Optimized)", "Plans": [{"Node Type": "Bitmap Index Scan", "Parent Relationship": "Outer", "Index Name": "idx_lineitem_shipdate", "Startup Cost": 0.0, "Total Cost": 312045.05, "Plan Rows": 9071680, "Plan Width": 0, "Index Cond": "((l_shipdate >= '1993-01-01 00:00:00'::timestamp(0) without time zone) AND (l_shipdate < '1994-01-01 00:00:00'::timestamp without time zone))"}]}]}, {"Node Type": "Bitmap Heap Scan", "Parent Relationship": "Inner", "Relation Name": "partsupp", "Alias": "partsupp", "Startup Cost": 0.28, "Total Cost": 4.3, "Plan Rows": 1, "Plan Width": 24, "Recheck Cond": "((ps_partkey = lineitem.l_partkey) AND (ps_suppkey = lineitem.l_suppkey))", "Filter": "((ps_availqty)::double precision > (.5::double precision * (sum(lineitem.l_quantity))))", "Plans": [{"Node Type": "Bitmap Index Scan", "Parent Relationship": "Outer", "Index Name": "partsupp_pkey", "Startup Cost": 0.0, "Total Cost": 0.28, "Plan Rows": 1, "Plan Width": 0, "Index Cond": "((ps_partkey = lineitem.l_partkey) AND (ps_suppkey = lineitem.l_suppkey))"}]}]}, {"Node Type": "Bitmap Heap Scan", "Parent Relationship": "Inner", "Relation Name": "part", "Alias": "part", "Startup Cost": 0.26, "Total Cost": 4.28, "Plan Rows": 1, "Plan Width": 8, "Recheck Cond": "(p_partkey = lineitem.l_partkey)", "Filter": "((p_name)::text ~~ 'green%'::text)", "Plans": [{"Node Type": "Bitmap Index Scan", "Parent Relationship": "Outer", "Index Name": "part_kpey", "Startup Cost": 0.0, "Total Cost": 0.26, "Plan Rows": 1, "Plan Width": 0, "Index Cond": "(p_partkey = lineitem.l_partkey)"}]}]}]}]}, {"Node Type": "Bitmap Heap Scan", "Parent Relationship": "Inner", "Relation Name": "supplier", "Alias": "supplier", "Startup Cost": 0.26, "Total Cost": 4.27, "Plan Rows": 1, "Plan Width": 63, "Recheck Cond": "(s_suppkey = lineitem.l_suppkey)", "Plans": [{"Node Type": "Bitmap Index Scan", "Parent Relationship": "Outer", "Index Name": "supplier_pkey", "Startup Cost": 0.0, "Total Cost": 0.26, "Plan Rows": 1, "Plan Width": 0, "Index Cond": "(s_suppkey = lineitem.l_suppkey)"}]}]}, {"Node Type": "Bitmap Heap Scan", "Parent Relationship": "Inner", "Relation Name": "nation", "Alias": "nation", "Startup Cost": 0.26, "Total Cost": 4.27, "Plan Rows": 1, "Plan Width": 4, "Recheck Cond": "(n_nationkey = supplier.s_nationkey)", "Filter": "(n_name = 'ALGERIA'::bpchar)", "Plans": [{"Node Type": "Bitmap Index Scan", "Parent Relationship": "Outer", "Index Name": "nation_pkey", "Startup Cost": 0.0, "Total Cost": 0.26, "Plan Rows": 1, "Plan Width": 0, "Index Cond": "(n_nationkey = supplier.s_nationkey)"}]}]}]}, "Unique SQL Id": 202076520, "Planner Runtime": 1}, "explain_analyze_plan": {"Plan": {"Node Type": "Sort", "Startup Cost": 41474309.17, "Total Cost": 41474314.17, "Plan Rows": 2000, "Plan Width": 51, "Actual Startup Time": 123034.011, "Actual Total Time": 123034.172, "Actual Rows": 1746, "Actual Loops": 1, "Sort Key": ["supplier.s_name"], "Sort Method": "quicksort", "Sort Space Used": 309, "Sort Space Type": "Memory", "Plans": [{"Node Type": "Nested Loop", "Parent Relationship": "Outer", "Join Type": "Inner", "Startup Cost": 41260049.96, "Total Cost": 41474199.51, "Plan Rows": 2000, "Plan Width": 51, "Actual Startup Time": 122623.884, "Actual Total Time": 123032.253, "Actual Rows": 1746, "Actual Loops": 1, "Inner Unique": true, "Plans": [{"Node Type": "Nested Loop", "Parent Relationship": "Outer", "Join Type": "Inner", "Startup Cost": 41260049.7, "Total Cost": 41260058.01, "Plan Rows": 50000, "Plan Width": 55, "Actual Startup Time": 122623.574, "Actual Total Time": 122860.159, "Actual Rows": 44487, "Actual Loops": 1, "Inner Unique": true, "Plans": [{"Node Type": "Unique", "Parent Relationship": "Outer", "Startup Cost": 41260049.44, "Total Cost": 41260049.45, "Plan Rows": 2, "Plan Width": 16, "Actual Startup Time": 122623.524, "Actual Total Time": 122652.62, "Actual Rows": 44487, "Actual Loops": 1, "Plans": [{"Node Type": "Sort", "Parent Relationship": "Outer", "Startup Cost": 41260049.44, "Total Cost": 41260049.45, "Plan Rows": 2, "Plan Width": 16, "Actual Startup Time": 122623.52, "Actual Total Time": 122634.619, "Actual Rows": 58537, "Actual Loops": 1, "Sort Key": ["partsupp.ps_suppkey"], "Sort Method": "quicksort", "Sort Space Used": 7024, "Sort Space Type": "Memory", "Plans": [{"Node Type": "Nested Loop", "Parent Relationship": "Outer", "Join Type": "Semi", "Startup Cost": 1956350.51, "Total Cost": 41260049.43, "Plan Rows": 2, "Plan Width": 16, "Actual Startup Time": 18960.753, "Actual Total Time": 122538.632, "Actual Rows": 58537, "Actual Loops": 1, "Inner Unique": false, "Join Filter": "(partsupp.ps_partkey = part.p_partkey)", "Rows Removed by Join Filter": 0, "Plans": [{"Node Type": "Nested Loop", "Parent Relationship": "Outer", "Join Type": "Inner", "Startup Cost": 1956350.25, "Total Cost": 41259981.09, "Plan Rows": 15, "Plan Width": 32, "Actual Startup Time": 18960.35, "Actual Total Time": 76712.02, "Actual Rows": 5431247, "Actual Loops": 1, "Inner Unique": true, "Plans": [{"Node Type": "Aggregate", "Strategy": "Hashed", "Parent Relationship": "Outer", "Startup Cost": 1956349.97, "Total Cost": 2069745.97, "Plan Rows": 9071680, "Plan Width": 24, "Actual Startup Time": 18960.226, "Actual Total Time": 23912.293, "Actual Rows": 5442751, "Actual Loops": 1, "Group By Key": ["lineitem.l_partkey", "lineitem.l_suppkey"], "Plans": [{"Node Type": "Bitmap Heap Scan", "Parent Relationship": "Outer", "Relation Name": "lineitem", "Alias": "lineitem", "Startup Cost": 314312.97, "Total Cost": 1865633.17, "Plan Rows": 9071680, "Plan Width": 24, "Actual Startup Time": 4194.642, "Actual Total Time": 11458.292, "Actual Rows": 9109641, "Actual Loops": 1, "Recheck Cond": "((l_shipdate >= '1993-01-01 00:00:00'::timestamp(0) without time zone) AND (l_shipdate < '1994-01-01 00:00:00'::timestamp without time zone)), (LLVM Optimized, Jit Execute)", "Rows Removed by Index Recheck": 0, "Exact Heap Blocks": 1252335, "Lossy Heap Blocks": 1252335, "Plans": [{"Node Type": "Bitmap Index Scan", "Parent Relationship": "Outer", "Index Name": "idx_lineitem_shipdate", "Startup Cost": 0.0, "Total Cost": 312045.05, "Plan Rows": 9071680, "Plan Width": 0, "Actual Startup Time": 3470.055, "Actual Total Time": 3470.055, "Actual Rows": 9109641, "Actual Loops": 1, "Index Cond": "((l_shipdate >= '1993-01-01 00:00:00'::timestamp(0) without time zone) AND (l_shipdate < '1994-01-01 00:00:00'::timestamp without time zone))"}]}]}, {"Node Type": "Bitmap Heap Scan", "Parent Relationship": "Inner", "Relation Name": "partsupp", "Alias": "partsupp", "Startup Cost": 0.28, "Total Cost": 4.3, "Plan Rows": 1, "Plan Width": 24, "Actual Startup Time": 44899.069, "Actual Total Time": 44899.069, "Actual Rows": 5431247, "Actual Loops": 5442751, "Recheck Cond": "((ps_partkey = lineitem.l_partkey) AND (ps_suppkey = lineitem.l_suppkey))", "Rows Removed by Index Recheck": 0, "Filter": "((ps_availqty)::double precision > (.5::double precision * (sum(lineitem.l_quantity))))", "Rows Removed by Filter": 11504, "Exact Heap Blocks": 5442751, "Lossy Heap Blocks": 5442751, "Plans": [{"Node Type": "Bitmap Index Scan", "Parent Relationship": "Outer", "Index Name": "partsupp_pkey", "Startup Cost": 0.0, "Total Cost": 0.28, "Plan Rows": 1, "Plan Width": 0, "Actual Startup Time": 27584.74, "Actual Total Time": 27584.74, "Actual Rows": 5442751, "Actual Loops": 5442751, "Index Cond": "((ps_partkey = lineitem.l_partkey) AND (ps_suppkey = lineitem.l_suppkey))"}]}]}, {"Node Type": "Bitmap Heap Scan", "Parent Relationship": "Inner", "Relation Name": "part", "Alias": "part", "Startup Cost": 0.26, "Total Cost": 4.28, "Plan Rows": 1, "Plan Width": 8, "Actual Startup Time": 39579.35, "Actual Total Time": 39579.35, "Actual Rows": 58537, "Actual Loops": 5431247, "Recheck Cond": "(p_partkey = lineitem.l_partkey)", "Rows Removed by Index Recheck": 0, "Filter": "((p_name)::text ~~ 'green%'::text)", "Rows Removed by Filter": 5372710, "Exact Heap Blocks": 5431247, "Lossy Heap Blocks": 5431247, "Plans": [{"Node Type": "Bitmap Index Scan", "Parent Relationship": "Outer", "Index Name": "part_kpey", "Startup Cost": 0.0, "Total Cost": 0.26, "Plan Rows": 1, "Plan Width": 0, "Actual Startup Time": 23439.794, "Actual Total Time": 23439.794, "Actual Rows": 5431247, "Actual Loops": 5431247, "Index Cond": "(p_partkey = lineitem.l_partkey)"}]}]}]}]}, {"Node Type": "Bitmap Heap Scan", "Parent Relationship": "Inner", "Relation Name": "supplier", "Alias": "supplier", "Startup Cost": 0.26, "Total Cost": 4.27, "Plan Rows": 1, "Plan Width": 63, "Actual Startup Time": 148.575, "Actual Total Time": 148.575, "Actual Rows": 44487, "Actual Loops": 44487, "Recheck Cond": "(s_suppkey = lineitem.l_suppkey)", "Rows Removed by Index Recheck": 0, "Exact Heap Blocks": 44487, "Lossy Heap Blocks": 44487, "Plans": [{"Node Type": "Bitmap Index Scan", "Parent Relationship": "Outer", "Index Name": "supplier_pkey", "Startup Cost": 0.0, "Total Cost": 0.26, "Plan Rows": 1, "Plan Width": 0, "Actual Startup Time": 81.957, "Actual Total Time": 81.957, "Actual Rows": 44487, "Actual Loops": 44487, "Index Cond": "(s_suppkey = lineitem.l_suppkey)"}]}]}, {"Node Type": "Bitmap Heap Scan", "Parent Relationship": "Inner", "Relation Name": "nation", "Alias": "nation", "Startup Cost": 0.26, "Total Cost": 4.27, "Plan Rows": 1, "Plan Width": 4, "Actual Startup Time": 121.825, "Actual Total Time": 121.825, "Actual Rows": 1746, "Actual Loops": 44487, "Recheck Cond": "(n_nationkey = supplier.s_nationkey)", "Rows Removed by Index Recheck": 0, "Filter": "(n_name = 'ALGERIA'::bpchar)", "Rows Removed by Filter": 42741, "Exact Heap Blocks": 44487, "Lossy Heap Blocks": 44487, "Plans": [{"Node Type": "Bitmap Index Scan", "Parent Relationship": "Outer", "Index Name": "nation_pkey", "Startup Cost": 0.0, "Total Cost": 0.26, "Plan Rows": 1, "Plan Width": 0, "Actual Startup Time": 45.466, "Actual Total Time": 45.466, "Actual Rows": 44487, "Actual Loops": 44487, "Index Cond": "(n_nationkey = supplier.s_nationkey)"}]}]}]}, "Triggers": [], "Planner Runtime": 1, "Total Runtime": 123046.421, "Unique SQL Id": 202076520}}, "(1, 36)": {"explain_plan": {"Plan": {"Node Type": "Sort", "Startup Cost": 2481984.46, "Total Cost": 2481989.46, "Plan Rows": 2000, "Plan Width": 51, "Sort Key": ["supplier.s_name"], "Plans": [{"Node Type": "Nested Loop", "Parent Relationship": "Outer", "Join Type": "Semi", "Startup Cost": 2182390.78, "Total Cost": 2481874.8, "Plan Rows": 2000, "Plan Width": 51, "Inner Unique": false, "Join Filter": "(supplier.s_suppkey = lineitem.l_suppkey)", "Plans": [{"Node Type": "Nested Loop", "Parent Relationship": "Outer", "Join Type": "Inner", "Startup Cost": 0.0, "Total Cost": 4534.31, "Plan Rows": 4000, "Plan Width": 59, "Inner Unique": false, "Join Filter": "(supplier.s_nationkey = nation.n_nationkey)", "Plans": [{"Node Type": "Seq Scan", "Parent Relationship": "Outer", "Relation Name": "nation", "Alias": "nation", "Startup Cost": 0.0, "Total Cost": 1.31, "Plan Rows": 1, "Plan Width": 4, "Filter": "(n_name = 'ALGERIA'::bpchar)"}, {"Node Type": "Seq Scan", "Parent Relationship": "Inner", "Relation Name": "supplier", "Alias": "supplier", "Startup Cost": 0.0, "Total Cost": 3283.0, "Plan Rows": 100000, "Plan Width": 63}]}, {"Node Type": "Materialize", "Parent Relationship": "Inner", "Startup Cost": 2182390.78, "Total Cost": 2477220.5, "Plan Rows": 2, "Plan Width": 16, "Plans": [{"Node Type": "Hash Join", "Parent Relationship": "Outer", "Join Type": "Inner", "Startup Cost": 2182390.78, "Total Cost": 2477220.49, "Plan Rows": 2, "Plan Width": 16, "Inner Unique": false, "Hash Cond": "((lineitem.l_partkey = partsupp.ps_partkey) AND (lineitem.l_suppkey = partsupp.ps_suppkey))", "Join Filter": "((partsupp.ps_availqty)::double precision > (.5::double precision * (sum(lineitem.l_quantity))))", "Plans": [{"Node Type": "Aggregate", "Strategy": "Hashed", "Parent Relationship": "Outer", "Startup Cost": 1956349.97, "Total Cost": 2069745.97, "Plan Rows": 9071680, "Plan Width": 24, "Group By Key": ["lineitem.l_partkey", "lineitem.l_suppkey"], "Plans": [{"Node Type": "Bitmap Heap Scan", "Parent Relationship": "Outer", "Relation Name": "lineitem", "Alias": "lineitem", "Startup Cost": 314312.97, "Total Cost": 1865633.17, "Plan Rows": 9071680, "Plan Width": 24, "Recheck Cond": "((l_shipdate >= '1993-01-01 00:00:00'::timestamp(0) without time zone) AND (l_shipdate < '1994-01-01 00:00:00'::timestamp without time zone)), (LLVM Optimized)", "Plans": [{"Node Type": "Bitmap Index Scan", "Parent Relationship": "Outer", "Index Name": "idx_lineitem_shipdate", "Startup Cost": 0.0, "Total Cost": 312045.05, "Plan Rows": 9071680, "Plan Width": 0, "Index Cond": "((l_shipdate >= '1993-01-01 00:00:00'::timestamp(0) without time zone) AND (l_shipdate < '1994-01-01 00:00:00'::timestamp without time zone))"}]}]}, {"Node Type": "Hash", "Parent Relationship": "Inner", "Startup Cost": 225072.53, "Total Cost": 225072.53, "Plan Rows": 64552, "Plan Width": 32, "Plans": [{"Node Type": "Nested Loop", "Parent Relationship": "Outer", "Join Type": "Inner", "Startup Cost": 0.0, "Total Cost": 225072.53, "Plan Rows": 64552, "Plan Width": 32, "Inner Unique": false, "Plans": [{"Node Type": "Seq Scan", "Parent Relationship": "Outer", "Relation Name": "part", "Alias": "part", "Startup Cost": 0.0, "Total Cost": 66944.0, "Plan Rows": 22472, "Plan Width": 8, "Filter": "((p_name)::text ~~ 'green%'::text)"}, {"Node Type": "Index Scan", "Parent Relationship": "Inner", "Scan Direction": "Forward", "Index Name": "idx_partsupp_partkey", "Relation Name": "partsupp", "Alias": "partsupp", "Startup Cost": 0.0, "Total Cost": 7.01, "Plan Rows": 3, "Plan Width": 24, "Index Cond": "(ps_partkey = part.p_partkey)"}]}]}]}]}]}]}, "Unique SQL Id": 202076520, "Planner Runtime": 1}, "explain_analyze_plan": {"Plan": {"Node Type": "Sort", "Startup Cost": 2481984.46, "Total Cost": 2481989.46, "Plan Rows": 2000, "Plan Width": 51, "Actual Startup Time": 75123.89, "Actual Total Time": 75124.045, "Actual Rows": 1746, "Actual Loops": 1, "Sort Key": ["supplier.s_name"], "Sort Method": "quicksort", "Sort Space Used": 309, "Sort Space Type": "Memory", "Plans": [{"Node Type": "Nested Loop", "Parent Relationship": "Outer", "Join Type": "Semi", "Startup Cost": 2182390.78, "Total Cost": 2481874.8, "Plan Rows": 2000, "Plan Width": 51, "Actual Startup Time": 25195.112, "Actual Total Time": 75116.583, "Actual Rows": 1746, "Actual Loops": 1, "Inner Unique": false, "Join Filter": "(supplier.s_suppkey = lineitem.l_suppkey)", "Rows Removed by Join Filter": 174379316, "Plans": [{"Node Type": "Nested Loop", "Parent Relationship": "Outer", "Join Type": "Inner", "Startup Cost": 0.0, "Total Cost": 4534.31, "Plan Rows": 4000, "Plan Width": 59, "Actual Startup Time": 0.052, "Actual Total Time": 73.979, "Actual Rows": 3934, "Actual Loops": 1, "Inner Unique": false, "Join Filter": "(supplier.s_nationkey = nation.n_nationkey)", "Rows Removed by Join Filter": 96066, "Plans": [{"Node Type": "Seq Scan", "Parent Relationship": "Outer", "Relation Name": "nation", "Alias": "nation", "Startup Cost": 0.0, "Total Cost": 1.31, "Plan Rows": 1, "Plan Width": 4, "Actual Startup Time": 0.023, "Actual Total Time": 0.044, "Actual Rows": 1, "Actual Loops": 1, "Filter": "(n_name = 'ALGERIA'::bpchar)", "Rows Removed by Filter": 24}, {"Node Type": "Seq Scan", "Parent Relationship": "Inner", "Relation Name": "supplier", "Alias": "supplier", "Startup Cost": 0.0, "Total Cost": 3283.0, "Plan Rows": 100000, "Plan Width": 63, "Actual Startup Time": 0.011, "Actual Total Time": 42.731, "Actual Rows": 100000, "Actual Loops": 1}]}, {"Node Type": "Materialize", "Parent Relationship": "Inner", "Startup Cost": 2182390.78, "Total Cost": 2477220.5, "Plan Rows": 2, "Plan Width": 16, "Actual Startup Time": 20077.602, "Actual Total Time": 42100.808, "Actual Rows": 174381062, "Actual Loops": 3934, "Plans": [{"Node Type": "Hash Join", "Parent Relationship": "Outer", "Join Type": "Inner", "Startup Cost": 2182390.78, "Total Cost": 2477220.49, "Plan Rows": 2, "Plan Width": 16, "Actual Startup Time": 20076.906, "Actual Total Time": 25151.572, "Actual Rows": 58537, "Actual Loops": 1, "Inner Unique": false, "Hash Cond": "((lineitem.l_partkey = partsupp.ps_partkey) AND (lineitem.l_suppkey = partsupp.ps_suppkey))", "Join Filter": "((partsupp.ps_availqty)::double precision > (.5::double precision * (sum(lineitem.l_quantity))))", "Rows Removed by Join Filter": 136, "Plans": [{"Node Type": "Aggregate", "Strategy": "Hashed", "Parent Relationship": "Outer", "Startup Cost": 1956349.97, "Total Cost": 2069745.97, "Plan Rows": 9071680, "Plan Width": 24, "Actual Startup Time": 19035.615, "Actual Total Time": 22553.66, "Actual Rows": 5442751, "Actual Loops": 1, "Group By Key": ["lineitem.l_partkey", "lineitem.l_suppkey"], "Plans": [{"Node Type": "Bitmap Heap Scan", "Parent Relationship": "Outer", "Relation Name": "lineitem", "Alias": "lineitem", "Startup Cost": 314312.97, "Total Cost": 1865633.17, "Plan Rows": 9071680, "Plan Width": 24, "Actual Startup Time": 3738.7, "Actual Total Time": 11257.502, "Actual Rows": 9109641, "Actual Loops": 1, "Recheck Cond": "((l_shipdate >= '1993-01-01 00:00:00'::timestamp(0) without time zone) AND (l_shipdate < '1994-01-01 00:00:00'::timestamp without time zone)), (LLVM Optimized, Jit Execute)", "Rows Removed by Index Recheck": 0, "Exact Heap Blocks": 1252335, "Lossy Heap Blocks": 1252335, "Plans": [{"Node Type": "Bitmap Index Scan", "Parent Relationship": "Outer", "Index Name": "idx_lineitem_shipdate", "Startup Cost": 0.0, "Total Cost": 312045.05, "Plan Rows": 9071680, "Plan Width": 0, "Actual Startup Time": 3101.856, "Actual Total Time": 3101.856, "Actual Rows": 9109641, "Actual Loops": 1, "Index Cond": "((l_shipdate >= '1993-01-01 00:00:00'::timestamp(0) without time zone) AND (l_shipdate < '1994-01-01 00:00:00'::timestamp without time zone))"}]}]}, {"Node Type": "Hash", "Parent Relationship": "Inner", "Startup Cost": 225072.53, "Total Cost": 225072.53, "Plan Rows": 64552, "Plan Width": 32, "Actual Startup Time": 1040.741, "Actual Total Time": 1040.741, "Actual Rows": 86224, "Actual Loops": 1, "Hash Buckets": 65536, "Hash Batches": 1, "Original Hash Batches": 1, "Peak Memory Usage": 5389, "Plans": [{"Node Type": "Nested Loop", "Parent Relationship": "Outer", "Join Type": "Inner", "Startup Cost": 0.0, "Total Cost": 225072.53, "Plan Rows": 64552, "Plan Width": 32, "Actual Startup Time": 0.04, "Actual Total Time": 1003.816, "Actual Rows": 86224, "Actual Loops": 1, "Inner Unique": false, "Plans": [{"Node Type": "Seq Scan", "Parent Relationship": "Outer", "Relation Name": "part", "Alias": "part", "Startup Cost": 0.0, "Total Cost": 66944.0, "Plan Rows": 22472, "Plan Width": 8, "Actual Startup Time": 0.022, "Actual Total Time": 785.525, "Actual Rows": 21556, "Actual Loops": 1, "Filter": "((p_name)::text ~~ 'green%'::text)", "Rows Removed by Filter": 1978444}, {"Node Type": "Index Scan", "Parent Relationship": "Inner", "Scan Direction": "Forward", "Index Name": "idx_partsupp_partkey", "Relation Name": "partsupp", "Alias": "partsupp", "Startup Cost": 0.0, "Total Cost": 7.01, "Plan Rows": 3, "Plan Width": 24, "Actual Startup Time": 140.49, "Actual Total Time": 185.216, "Actual Rows": 86224, "Actual Loops": 21556, "Index Cond": "(ps_partkey = part.p_partkey)", "Rows Removed by Index Recheck": 0}]}]}]}]}]}]}, "Triggers": [], "Planner Runtime": 1, "Total Runtime": 75137.288, "Unique SQL Id": 202076520}}, "(1, 37)": {"explain_plan": {"Plan": {"Node Type": "Sort", "Startup Cost": 2522906.63, "Total Cost": 2522911.63, "Plan Rows": 2000, "Plan Width": 51, "Sort Key": ["supplier.s_name"], "Plans": [{"Node Type": "Nested Loop", "Parent Relationship": "Outer", "Join Type": "Semi", "Startup Cost": 2221250.03, "Total Cost": 2522796.97, "Plan Rows": 2000, "Plan Width": 51, "Inner Unique": false, "Join Filter": "(supplier.s_suppkey = lineitem.l_suppkey)", "Plans": [{"Node Type": "Nested Loop", "Parent Relationship": "Outer", "Join Type": "Inner", "Startup Cost": 0.0, "Total Cost": 6597.23, "Plan Rows": 4000, "Plan Width": 59, "Inner Unique": false, "Join Filter": "(supplier.s_nationkey = nation.n_nationkey)", "Plans": [{"Node Type": "Index Scan", "Parent Relationship": "Outer", "Scan Direction": "Forward", "Index Name": "nation_pkey", "Relation Name": "nation", "Alias": "nation", "Startup Cost": 0.0, "Total Cost": 12.69, "Plan Rows": 1, "Plan Width": 4, "Filter": "(n_name = 'ALGERIA'::bpchar)"}, {"Node Type": "Index Scan", "Parent Relationship": "Inner", "Scan Direction": "Forward", "Index Name": "supplier_pkey", "Relation Name": "supplier", "Alias": "supplier", "Startup Cost": 0.0, "Total Cost": 5334.54, "Plan Rows": 100000, "Plan Width": 63}]}, {"Node Type": "Materialize", "Parent Relationship": "Inner", "Startup Cost": 2221250.03, "Total Cost": 2516079.75, "Plan Rows": 2, "Plan Width": 16, "Plans": [{"Node Type": "Hash Join", "Parent Relationship": "Outer", "Join Type": "Inner", "Startup Cost": 2221250.03, "Total Cost": 2516079.74, "Plan Rows": 2, "Plan Width": 16, "Inner Unique": false, "Hash Cond": "((lineitem.l_partkey = partsupp.ps_partkey) AND (lineitem.l_suppkey = partsupp.ps_suppkey))", "Join Filter": "((partsupp.ps_availqty)::double precision > (.5::double precision * (sum(lineitem.l_quantity))))", "Plans": [{"Node Type": "Aggregate", "Strategy": "Hashed", "Parent Relationship": "Outer", "Startup Cost": 1956349.97, "Total Cost": 2069745.97, "Plan Rows": 9071680, "Plan Width": 24, "Group By Key": ["lineitem.l_partkey", "lineitem.l_suppkey"], "Plans": [{"Node Type": "Bitmap Heap Scan", "Parent Relationship": "Outer", "Relation Name": "lineitem", "Alias": "lineitem", "Startup Cost": 314312.97, "Total Cost": 1865633.17, "Plan Rows": 9071680, "Plan Width": 24, "Recheck Cond": "((l_shipdate >= '1993-01-01 00:00:00'::timestamp(0) without time zone) AND (l_shipdate < '1994-01-01 00:00:00'::timestamp without time zone)), (LLVM Optimized)", "Plans": [{"Node Type": "Bitmap Index Scan", "Parent Relationship": "Outer", "Index Name": "idx_lineitem_shipdate", "Startup Cost": 0.0, "Total Cost": 312045.05, "Plan Rows": 9071680, "Plan Width": 0, "Index Cond": "((l_shipdate >= '1993-01-01 00:00:00'::timestamp(0) without time zone) AND (l_shipdate < '1994-01-01 00:00:00'::timestamp without time zone))"}]}]}, {"Node Type": "Hash", "Parent Relationship": "Inner", "Startup Cost": 263931.78, "Total Cost": 263931.78, "Plan Rows": 64552, "Plan Width": 32, "Plans": [{"Node Type": "Nested Loop", "Parent Relationship": "Outer", "Join Type": "Inner", "Startup Cost": 0.0, "Total Cost": 263931.78, "Plan Rows": 64552, "Plan Width": 32, "Inner Unique": false, "Plans": [{"Node Type": "Index Scan", "Parent Relationship": "Outer", "Scan Direction": "Forward", "Index Name": "part_kpey", "Relation Name": "part", "Alias": "part", "Startup Cost": 0.0, "Total Cost": 105803.25, "Plan Rows": 22472, "Plan Width": 8, "Filter": "((p_name)::text ~~ 'green%'::text)"}, {"Node Type": "Index Scan", "Parent Relationship": "Inner", "Scan Direction": "Forward", "Index Name": "idx_partsupp_partkey", "Relation Name": "partsupp", "Alias": "partsupp", "Startup Cost": 0.0, "Total Cost": 7.01, "Plan Rows": 3, "Plan Width": 24, "Index Cond": "(ps_partkey = part.p_partkey)"}]}]}]}]}]}]}, "Unique SQL Id": 202076520, "Planner Runtime": 1}, "explain_analyze_plan": {"Plan": {"Node Type": "Sort", "Startup Cost": 2522906.63, "Total Cost": 2522911.63, "Plan Rows": 2000, "Plan Width": 51, "Actual Startup Time": 74266.132, "Actual Total Time": 74266.286, "Actual Rows": 1746, "Actual Loops": 1, "Sort Key": ["supplier.s_name"], "Sort Method": "quicksort", "Sort Space Used": 309, "Sort Space Type": "Memory", "Plans": [{"Node Type": "Nested Loop", "Parent Relationship": "Outer", "Join Type": "Semi", "Startup Cost": 2221250.03, "Total Cost": 2522796.97, "Plan Rows": 2000, "Plan Width": 51, "Actual Startup Time": 23778.191, "Actual Total Time": 74261.786, "Actual Rows": 1746, "Actual Loops": 1, "Inner Unique": false, "Join Filter": "(supplier.s_suppkey = lineitem.l_suppkey)", "Rows Removed by Join Filter": 174379316, "Plans": [{"Node Type": "Nested Loop", "Parent Relationship": "Outer", "Join Type": "Inner", "Startup Cost": 0.0, "Total Cost": 6597.23, "Plan Rows": 4000, "Plan Width": 59, "Actual Startup Time": 0.065, "Actual Total Time": 103.27, "Actual Rows": 3934, "Actual Loops": 1, "Inner Unique": false, "Join Filter": "(supplier.s_nationkey = nation.n_nationkey)", "Rows Removed by Join Filter": 96066, "Plans": [{"Node Type": "Index Scan", "Parent Relationship": "Outer", "Scan Direction": "Forward", "Index Name": "nation_pkey", "Relation Name": "nation", "Alias": "nation", "Startup Cost": 0.0, "Total Cost": 12.69, "Plan Rows": 1, "Plan Width": 4, "Actual Startup Time": 0.02, "Actual Total Time": 0.066, "Actual Rows": 1, "Actual Loops": 1, "Filter": "(n_name = 'ALGERIA'::bpchar)", "Rows Removed by Filter": 24}, {"Node Type": "Index Scan", "Parent Relationship": "Inner", "Scan Direction": "Forward", "Index Name": "supplier_pkey", "Relation Name": "supplier", "Alias": "supplier", "Startup Cost": 0.0, "Total Cost": 5334.54, "Plan Rows": 100000, "Plan Width": 63, "Actual Startup Time": 0.024, "Actual Total Time": 75.509, "Actual Rows": 100000, "Actual Loops": 1}]}, {"Node Type": "Materialize", "Parent Relationship": "Inner", "Startup Cost": 2221250.03, "Total Cost": 2516079.75, "Plan Rows": 2, "Plan Width": 16, "Actual Startup Time": 19165.879, "Actual Total Time": 41049.22, "Actual Rows": 174381062, "Actual Loops": 3934, "Plans": [{"Node Type": "Hash Join", "Parent Relationship": "Outer", "Join Type": "Inner", "Startup Cost": 2221250.03, "Total Cost": 2516079.74, "Plan Rows": 2, "Plan Width": 16, "Actual Startup Time": 19165.142, "Actual Total Time": 23734.325, "Actual Rows": 58537, "Actual Loops": 1, "Inner Unique": false, "Hash Cond": "((lineitem.l_partkey = partsupp.ps_partkey) AND (lineitem.l_suppkey = partsupp.ps_suppkey))", "Join Filter": "((partsupp.ps_availqty)::double precision > (.5::double precision * (sum(lineitem.l_quantity))))", "Rows Removed by Join Filter": 136, "Plans": [{"Node Type": "Aggregate", "Strategy": "Hashed", "Parent Relationship": "Outer", "Startup Cost": 1956349.97, "Total Cost": 2069745.97, "Plan Rows": 9071680, "Plan Width": 24, "Actual Startup Time": 17616.829, "Actual Total Time": 20630.922, "Actual Rows": 5442751, "Actual Loops": 1, "Group By Key": ["lineitem.l_partkey", "lineitem.l_suppkey"], "Plans": [{"Node Type": "Bitmap Heap Scan", "Parent Relationship": "Outer", "Relation Name": "lineitem", "Alias": "lineitem", "Startup Cost": 314312.97, "Total Cost": 1865633.17, "Plan Rows": 9071680, "Plan Width": 24, "Actual Startup Time": 3575.133, "Actual Total Time": 10409.544, "Actual Rows": 9109641, "Actual Loops": 1, "Recheck Cond": "((l_shipdate >= '1993-01-01 00:00:00'::timestamp(0) without time zone) AND (l_shipdate < '1994-01-01 00:00:00'::timestamp without time zone)), (LLVM Optimized, Jit Execute)", "Rows Removed by Index Recheck": 0, "Exact Heap Blocks": 1252335, "Lossy Heap Blocks": 1252335, "Plans": [{"Node Type": "Bitmap Index Scan", "Parent Relationship": "Outer", "Index Name": "idx_lineitem_shipdate", "Startup Cost": 0.0, "Total Cost": 312045.05, "Plan Rows": 9071680, "Plan Width": 0, "Actual Startup Time": 3017.471, "Actual Total Time": 3017.471, "Actual Rows": 9109641, "Actual Loops": 1, "Index Cond": "((l_shipdate >= '1993-01-01 00:00:00'::timestamp(0) without time zone) AND (l_shipdate < '1994-01-01 00:00:00'::timestamp without time zone))"}]}]}, {"Node Type": "Hash", "Parent Relationship": "Inner", "Startup Cost": 263931.78, "Total Cost": 263931.78, "Plan Rows": 64552, "Plan Width": 32, "Actual Startup Time": 1547.984, "Actual Total Time": 1547.984, "Actual Rows": 86224, "Actual Loops": 1, "Hash Buckets": 65536, "Hash Batches": 1, "Original Hash Batches": 1, "Peak Memory Usage": 5389, "Plans": [{"Node Type": "Nested Loop", "Parent Relationship": "Outer", "Join Type": "Inner", "Startup Cost": 0.0, "Total Cost": 263931.78, "Plan Rows": 64552, "Plan Width": 32, "Actual Startup Time": 0.053, "Actual Total Time": 1511.395, "Actual Rows": 86224, "Actual Loops": 1, "Inner Unique": false, "Plans": [{"Node Type": "Index Scan", "Parent Relationship": "Outer", "Scan Direction": "Forward", "Index Name": "part_kpey", "Relation Name": "part", "Alias": "part", "Startup Cost": 0.0, "Total Cost": 105803.25, "Plan Rows": 22472, "Plan Width": 8, "Actual Startup Time": 0.041, "Actual Total Time": 1308.491, "Actual Rows": 21556, "Actual Loops": 1, "Filter": "((p_name)::text ~~ 'green%'::text)", "Rows Removed by Filter": 1978444}, {"Node Type": "Index Scan", "Parent Relationship": "Inner", "Scan Direction": "Forward", "Index Name": "idx_partsupp_partkey", "Relation Name": "partsupp", "Alias": "partsupp", "Startup Cost": 0.0, "Total Cost": 7.01, "Plan Rows": 3, "Plan Width": 24, "Actual Startup Time": 127.172, "Actual Total Time": 169.8, "Actual Rows": 86224, "Actual Loops": 21556, "Index Cond": "(ps_partkey = part.p_partkey)", "Rows Removed by Index Recheck": 0}]}]}]}]}]}]}, "Triggers": [], "Planner Runtime": 1, "Total Runtime": 74277.716, "Unique SQL Id": 202076520}}, "(1, 38)": {"explain_plan": {"Plan": {"Node Type": "Sort", "Startup Cost": 2614774.64, "Total Cost": 2614779.64, "Plan Rows": 2000, "Plan Width": 51, "Sort Key": ["supplier.s_name"], "Plans": [{"Node Type": "Nested Loop", "Parent Relationship": "Outer", "Join Type": "Semi", "Startup Cost": 2315180.96, "Total Cost": 2614664.98, "Plan Rows": 2000, "Plan Width": 51, "Inner Unique": false, "Join Filter": "(supplier.s_suppkey = lineitem.l_suppkey)", "Plans": [{"Node Type": "Nested Loop", "Parent Relationship": "Outer", "Join Type": "Inner", "Startup Cost": 0.0, "Total Cost": 4534.31, "Plan Rows": 4000, "Plan Width": 59, "Inner Unique": false, "Join Filter": "(supplier.s_nationkey = nation.n_nationkey)", "Plans": [{"Node Type": "Seq Scan", "Parent Relationship": "Outer", "Relation Name": "nation", "Alias": "nation", "Startup Cost": 0.0, "Total Cost": 1.31, "Plan Rows": 1, "Plan Width": 4, "Filter": "(n_name = 'ALGERIA'::bpchar)"}, {"Node Type": "Seq Scan", "Parent Relationship": "Inner", "Relation Name": "supplier", "Alias": "supplier", "Startup Cost": 0.0, "Total Cost": 3283.0, "Plan Rows": 100000, "Plan Width": 63}]}, {"Node Type": "Materialize", "Parent Relationship": "Inner", "Startup Cost": 2315180.96, "Total Cost": 2610010.68, "Plan Rows": 2, "Plan Width": 16, "Plans": [{"Node Type": "Hash Join", "Parent Relationship": "Outer", "Join Type": "Inner", "Startup Cost": 2315180.96, "Total Cost": 2610010.67, "Plan Rows": 2, "Plan Width": 16, "Inner Unique": false, "Hash Cond": "((lineitem.l_partkey = partsupp.ps_partkey) AND (lineitem.l_suppkey = partsupp.ps_suppkey))", "Join Filter": "((partsupp.ps_availqty)::double precision > (.5::double precision * (sum(lineitem.l_quantity))))", "Plans": [{"Node Type": "Aggregate", "Strategy": "Hashed", "Parent Relationship": "Outer", "Startup Cost": 1956349.97, "Total Cost": 2069745.97, "Plan Rows": 9071680, "Plan Width": 24, "Group By Key": ["lineitem.l_partkey", "lineitem.l_suppkey"], "Plans": [{"Node Type": "Bitmap Heap Scan", "Parent Relationship": "Outer", "Relation Name": "lineitem", "Alias": "lineitem", "Startup Cost": 314312.97, "Total Cost": 1865633.17, "Plan Rows": 9071680, "Plan Width": 24, "Recheck Cond": "((l_shipdate >= '1993-01-01 00:00:00'::timestamp(0) without time zone) AND (l_shipdate < '1994-01-01 00:00:00'::timestamp without time zone)), (LLVM Optimized)", "Plans": [{"Node Type": "Bitmap Index Scan", "Parent Relationship": "Outer", "Index Name": "idx_lineitem_shipdate", "Startup Cost": 0.0, "Total Cost": 312045.05, "Plan Rows": 9071680, "Plan Width": 0, "Index Cond": "((l_shipdate >= '1993-01-01 00:00:00'::timestamp(0) without time zone) AND (l_shipdate < '1994-01-01 00:00:00'::timestamp without time zone))"}]}]}, {"Node Type": "Hash", "Parent Relationship": "Inner", "Startup Cost": 357862.71, "Total Cost": 357862.71, "Plan Rows": 64552, "Plan Width": 32, "Plans": [{"Node Type": "Hash Join", "Parent Relationship": "Outer", "Join Type": "Inner", "Startup Cost": 67224.9, "Total Cost": 357862.71, "Plan Rows": 64552, "Plan Width": 32, "Inner Unique": true, "Hash Cond": "(partsupp.ps_partkey = part.p_partkey)", "Plans": [{"Node Type": "Seq Scan", "Parent Relationship": "Outer", "Relation Name": "partsupp", "Alias": "partsupp", "Startup Cost": 0.0, "Total Cost": 269987.72, "Plan Rows": 8000372, "Plan Width": 24}, {"Node Type": "Hash", "Parent Relationship": "Inner", "Startup Cost": 66944.0, "Total Cost": 66944.0, "Plan Rows": 22472, "Plan Width": 8, "Plans": [{"Node Type": "Seq Scan", "Parent Relationship": "Outer", "Relation Name": "part", "Alias": "part", "Startup Cost": 0.0, "Total Cost": 66944.0, "Plan Rows": 22472, "Plan Width": 8, "Filter": "((p_name)::text ~~ 'green%'::text)"}]}]}]}]}]}]}]}, "Unique SQL Id": 202076520, "Planner Runtime": 1}, "explain_analyze_plan": {"Plan": {"Node Type": "Sort", "Startup Cost": 2614774.64, "Total Cost": 2614779.64, "Plan Rows": 2000, "Plan Width": 51, "Actual Startup Time": 78832.214, "Actual Total Time": 78832.348, "Actual Rows": 1746, "Actual Loops": 1, "Sort Key": ["supplier.s_name"], "Sort Method": "quicksort", "Sort Space Used": 309, "Sort Space Type": "Memory", "Plans": [{"Node Type": "Nested Loop", "Parent Relationship": "Outer", "Join Type": "Semi", "Startup Cost": 2315180.96, "Total Cost": 2614664.98, "Plan Rows": 2000, "Plan Width": 51, "Actual Startup Time": 28731.759, "Actual Total Time": 78824.362, "Actual Rows": 1746, "Actual Loops": 1, "Inner Unique": false, "Join Filter": "(supplier.s_suppkey = lineitem.l_suppkey)", "Rows Removed by Join Filter": 174379316, "Plans": [{"Node Type": "Nested Loop", "Parent Relationship": "Outer", "Join Type": "Inner", "Startup Cost": 0.0, "Total Cost": 4534.31, "Plan Rows": 4000, "Plan Width": 59, "Actual Startup Time": 0.063, "Actual Total Time": 73.116, "Actual Rows": 3934, "Actual Loops": 1, "Inner Unique": false, "Join Filter": "(supplier.s_nationkey = nation.n_nationkey)", "Rows Removed by Join Filter": 96066, "Plans": [{"Node Type": "Seq Scan", "Parent Relationship": "Outer", "Relation Name": "nation", "Alias": "nation", "Startup Cost": 0.0, "Total Cost": 1.31, "Plan Rows": 1, "Plan Width": 4, "Actual Startup Time": 0.025, "Actual Total Time": 0.048, "Actual Rows": 1, "Actual Loops": 1, "Filter": "(n_name = 'ALGERIA'::bpchar)", "Rows Removed by Filter": 24}, {"Node Type": "Seq Scan", "Parent Relationship": "Inner", "Relation Name": "supplier", "Alias": "supplier", "Startup Cost": 0.0, "Total Cost": 3283.0, "Plan Rows": 100000, "Plan Width": 63, "Actual Startup Time": 0.02, "Actual Total Time": 43.784, "Actual Rows": 100000, "Actual Loops": 1}]}, {"Node Type": "Materialize", "Parent Relationship": "Inner", "Startup Cost": 2315180.96, "Total Cost": 2610010.68, "Plan Rows": 2, "Plan Width": 16, "Actual Startup Time": 23287.421, "Actual Total Time": 45742.697, "Actual Rows": 174381062, "Actual Loops": 3934, "Plans": [{"Node Type": "Hash Join", "Parent Relationship": "Outer", "Join Type": "Inner", "Startup Cost": 2315180.96, "Total Cost": 2610010.67, "Plan Rows": 2, "Plan Width": 16, "Actual Startup Time": 23286.718, "Actual Total Time": 28686.889, "Actual Rows": 58537, "Actual Loops": 1, "Inner Unique": false, "Hash Cond": "((lineitem.l_partkey = partsupp.ps_partkey) AND (lineitem.l_suppkey = partsupp.ps_suppkey))", "Join Filter": "((partsupp.ps_availqty)::double precision > (.5::double precision * (sum(lineitem.l_quantity))))", "Rows Removed by Join Filter": 136, "Plans": [{"Node Type": "Aggregate", "Strategy": "Hashed", "Parent Relationship": "Outer", "Startup Cost": 1956349.97, "Total Cost": 2069745.97, "Plan Rows": 9071680, "Plan Width": 24, "Actual Startup Time": 18442.184, "Actual Total Time": 22243.826, "Actual Rows": 5442751, "Actual Loops": 1, "Group By Key": ["lineitem.l_partkey", "lineitem.l_suppkey"], "Plans": [{"Node Type": "Bitmap Heap Scan", "Parent Relationship": "Outer", "Relation Name": "lineitem", "Alias": "lineitem", "Startup Cost": 314312.97, "Total Cost": 1865633.17, "Plan Rows": 9071680, "Plan Width": 24, "Actual Startup Time": 3591.689, "Actual Total Time": 10863.535, "Actual Rows": 9109641, "Actual Loops": 1, "Recheck Cond": "((l_shipdate >= '1993-01-01 00:00:00'::timestamp(0) without time zone) AND (l_shipdate < '1994-01-01 00:00:00'::timestamp without time zone)), (LLVM Optimized, Jit Execute)", "Rows Removed by Index Recheck": 0, "Exact Heap Blocks": 1252335, "Lossy Heap Blocks": 1252335, "Plans": [{"Node Type": "Bitmap Index Scan", "Parent Relationship": "Outer", "Index Name": "idx_lineitem_shipdate", "Startup Cost": 0.0, "Total Cost": 312045.05, "Plan Rows": 9071680, "Plan Width": 0, "Actual Startup Time": 3048.467, "Actual Total Time": 3048.467, "Actual Rows": 9109641, "Actual Loops": 1, "Index Cond": "((l_shipdate >= '1993-01-01 00:00:00'::timestamp(0) without time zone) AND (l_shipdate < '1994-01-01 00:00:00'::timestamp without time zone))"}]}]}, {"Node Type": "Hash", "Parent Relationship": "Inner", "Startup Cost": 357862.71, "Total Cost": 357862.71, "Plan Rows": 64552, "Plan Width": 32, "Actual Startup Time": 4844.136, "Actual Total Time": 4844.136, "Actual Rows": 86224, "Actual Loops": 1, "Hash Buckets": 65536, "Hash Batches": 1, "Original Hash Batches": 1, "Peak Memory Usage": 5389, "Plans": [{"Node Type": "Hash Join", "Parent Relationship": "Outer", "Join Type": "Inner", "Startup Cost": 67224.9, "Total Cost": 357862.71, "Plan Rows": 64552, "Plan Width": 32, "Actual Startup Time": 769.582, "Actual Total Time": 4799.02, "Actual Rows": 86224, "Actual Loops": 1, "Inner Unique": true, "Hash Cond": "(partsupp.ps_partkey = part.p_partkey)", "Plans": [{"Node Type": "Seq Scan", "Parent Relationship": "Outer", "Relation Name": "partsupp", "Alias": "partsupp", "Startup Cost": 0.0, "Total Cost": 269987.72, "Plan Rows": 8000372, "Plan Width": 24, "Actual Startup Time": 0.01, "Actual Total Time": 2492.802, "Actual Rows": 8000000, "Actual Loops": 1}, {"Node Type": "Hash", "Parent Relationship": "Inner", "Startup Cost": 66944.0, "Total Cost": 66944.0, "Plan Rows": 22472, "Plan Width": 8, "Actual Startup Time": 769.428, "Actual Total Time": 769.428, "Actual Rows": 21556, "Actual Loops": 1, "Hash Buckets": 32768, "Hash Batches": 1, "Original Hash Batches": 1, "Peak Memory Usage": 843, "Plans": [{"Node Type": "Seq Scan", "Parent Relationship": "Outer", "Relation Name": "part", "Alias": "part", "Startup Cost": 0.0, "Total Cost": 66944.0, "Plan Rows": 22472, "Plan Width": 8, "Actual Startup Time": 0.026, "Actual Total Time": 761.329, "Actual Rows": 21556, "Actual Loops": 1, "Filter": "((p_name)::text ~~ 'green%'::text)", "Rows Removed by Filter": 1978444}]}]}]}]}]}]}]}, "Triggers": [], "Planner Runtime": 1, "Total Runtime": 78844.759, "Unique SQL Id": 202076520}}, "(1, 39)": {"explain_plan": {"Plan": {"Node Type": "Sort", "Startup Cost": 41474309.17, "Total Cost": 41474314.17, "Plan Rows": 2000, "Plan Width": 51, "Sort Key": ["supplier.s_name"], "Plans": [{"Node Type": "Nested Loop", "Parent Relationship": "Outer", "Join Type": "Inner", "Startup Cost": 41260049.96, "Total Cost": 41474199.51, "Plan Rows": 2000, "Plan Width": 51, "Inner Unique": true, "Plans": [{"Node Type": "Nested Loop", "Parent Relationship": "Outer", "Join Type": "Inner", "Startup Cost": 41260049.7, "Total Cost": 41260058.01, "Plan Rows": 50000, "Plan Width": 55, "Inner Unique": true, "Plans": [{"Node Type": "Unique", "Parent Relationship": "Outer", "Startup Cost": 41260049.44, "Total Cost": 41260049.45, "Plan Rows": 2, "Plan Width": 16, "Plans": [{"Node Type": "Sort", "Parent Relationship": "Outer", "Startup Cost": 41260049.44, "Total Cost": 41260049.45, "Plan Rows": 2, "Plan Width": 16, "Sort Key": ["partsupp.ps_suppkey"], "Plans": [{"Node Type": "Nested Loop", "Parent Relationship": "Outer", "Join Type": "Semi", "Startup Cost": 1956350.51, "Total Cost": 41260049.43, "Plan Rows": 2, "Plan Width": 16, "Inner Unique": false, "Join Filter": "(partsupp.ps_partkey = part.p_partkey)", "Plans": [{"Node Type": "Nested Loop", "Parent Relationship": "Outer", "Join Type": "Inner", "Startup Cost": 1956350.25, "Total Cost": 41259981.09, "Plan Rows": 15, "Plan Width": 32, "Inner Unique": true, "Plans": [{"Node Type": "Aggregate", "Strategy": "Hashed", "Parent Relationship": "Outer", "Startup Cost": 1956349.97, "Total Cost": 2069745.97, "Plan Rows": 9071680, "Plan Width": 24, "Group By Key": ["lineitem.l_partkey", "lineitem.l_suppkey"], "Plans": [{"Node Type": "Bitmap Heap Scan", "Parent Relationship": "Outer", "Relation Name": "lineitem", "Alias": "lineitem", "Startup Cost": 314312.97, "Total Cost": 1865633.17, "Plan Rows": 9071680, "Plan Width": 24, "Recheck Cond": "((l_shipdate >= '1993-01-01 00:00:00'::timestamp(0) without time zone) AND (l_shipdate < '1994-01-01 00:00:00'::timestamp without time zone)), (LLVM Optimized)", "Plans": [{"Node Type": "Bitmap Index Scan", "Parent Relationship": "Outer", "Index Name": "idx_lineitem_shipdate", "Startup Cost": 0.0, "Total Cost": 312045.05, "Plan Rows": 9071680, "Plan Width": 0, "Index Cond": "((l_shipdate >= '1993-01-01 00:00:00'::timestamp(0) without time zone) AND (l_shipdate < '1994-01-01 00:00:00'::timestamp without time zone))"}]}]}, {"Node Type": "Bitmap Heap Scan", "Parent Relationship": "Inner", "Relation Name": "partsupp", "Alias": "partsupp", "Startup Cost": 0.28, "Total Cost": 4.3, "Plan Rows": 1, "Plan Width": 24, "Recheck Cond": "((ps_partkey = lineitem.l_partkey) AND (ps_suppkey = lineitem.l_suppkey))", "Filter": "((ps_availqty)::double precision > (.5::double precision * (sum(lineitem.l_quantity))))", "Plans": [{"Node Type": "Bitmap Index Scan", "Parent Relationship": "Outer", "Index Name": "partsupp_pkey", "Startup Cost": 0.0, "Total Cost": 0.28, "Plan Rows": 1, "Plan Width": 0, "Index Cond": "((ps_partkey = lineitem.l_partkey) AND (ps_suppkey = lineitem.l_suppkey))"}]}]}, {"Node Type": "Bitmap Heap Scan", "Parent Relationship": "Inner", "Relation Name": "part", "Alias": "part", "Startup Cost": 0.26, "Total Cost": 4.28, "Plan Rows": 1, "Plan Width": 8, "Recheck Cond": "(p_partkey = lineitem.l_partkey)", "Filter": "((p_name)::text ~~ 'green%'::text)", "Plans": [{"Node Type": "Bitmap Index Scan", "Parent Relationship": "Outer", "Index Name": "part_kpey", "Startup Cost": 0.0, "Total Cost": 0.26, "Plan Rows": 1, "Plan Width": 0, "Index Cond": "(p_partkey = lineitem.l_partkey)"}]}]}]}]}, {"Node Type": "Bitmap Heap Scan", "Parent Relationship": "Inner", "Relation Name": "supplier", "Alias": "supplier", "Startup Cost": 0.26, "Total Cost": 4.27, "Plan Rows": 1, "Plan Width": 63, "Recheck Cond": "(s_suppkey = lineitem.l_suppkey)", "Plans": [{"Node Type": "Bitmap Index Scan", "Parent Relationship": "Outer", "Index Name": "supplier_pkey", "Startup Cost": 0.0, "Total Cost": 0.26, "Plan Rows": 1, "Plan Width": 0, "Index Cond": "(s_suppkey = lineitem.l_suppkey)"}]}]}, {"Node Type": "Bitmap Heap Scan", "Parent Relationship": "Inner", "Relation Name": "nation", "Alias": "nation", "Startup Cost": 0.26, "Total Cost": 4.27, "Plan Rows": 1, "Plan Width": 4, "Recheck Cond": "(n_nationkey = supplier.s_nationkey)", "Filter": "(n_name = 'ALGERIA'::bpchar)", "Plans": [{"Node Type": "Bitmap Index Scan", "Parent Relationship": "Outer", "Index Name": "nation_pkey", "Startup Cost": 0.0, "Total Cost": 0.26, "Plan Rows": 1, "Plan Width": 0, "Index Cond": "(n_nationkey = supplier.s_nationkey)"}]}]}]}, "Unique SQL Id": 202076520, "Planner Runtime": 1}, "explain_analyze_plan": {"Plan": {"Node Type": "Sort", "Startup Cost": 41474309.17, "Total Cost": 41474314.17, "Plan Rows": 2000, "Plan Width": 51, "Actual Startup Time": 123034.011, "Actual Total Time": 123034.172, "Actual Rows": 1746, "Actual Loops": 1, "Sort Key": ["supplier.s_name"], "Sort Method": "quicksort", "Sort Space Used": 309, "Sort Space Type": "Memory", "Plans": [{"Node Type": "Nested Loop", "Parent Relationship": "Outer", "Join Type": "Inner", "Startup Cost": 41260049.96, "Total Cost": 41474199.51, "Plan Rows": 2000, "Plan Width": 51, "Actual Startup Time": 122623.884, "Actual Total Time": 123032.253, "Actual Rows": 1746, "Actual Loops": 1, "Inner Unique": true, "Plans": [{"Node Type": "Nested Loop", "Parent Relationship": "Outer", "Join Type": "Inner", "Startup Cost": 41260049.7, "Total Cost": 41260058.01, "Plan Rows": 50000, "Plan Width": 55, "Actual Startup Time": 122623.574, "Actual Total Time": 122860.159, "Actual Rows": 44487, "Actual Loops": 1, "Inner Unique": true, "Plans": [{"Node Type": "Unique", "Parent Relationship": "Outer", "Startup Cost": 41260049.44, "Total Cost": 41260049.45, "Plan Rows": 2, "Plan Width": 16, "Actual Startup Time": 122623.524, "Actual Total Time": 122652.62, "Actual Rows": 44487, "Actual Loops": 1, "Plans": [{"Node Type": "Sort", "Parent Relationship": "Outer", "Startup Cost": 41260049.44, "Total Cost": 41260049.45, "Plan Rows": 2, "Plan Width": 16, "Actual Startup Time": 122623.52, "Actual Total Time": 122634.619, "Actual Rows": 58537, "Actual Loops": 1, "Sort Key": ["partsupp.ps_suppkey"], "Sort Method": "quicksort", "Sort Space Used": 7024, "Sort Space Type": "Memory", "Plans": [{"Node Type": "Nested Loop", "Parent Relationship": "Outer", "Join Type": "Semi", "Startup Cost": 1956350.51, "Total Cost": 41260049.43, "Plan Rows": 2, "Plan Width": 16, "Actual Startup Time": 18960.753, "Actual Total Time": 122538.632, "Actual Rows": 58537, "Actual Loops": 1, "Inner Unique": false, "Join Filter": "(partsupp.ps_partkey = part.p_partkey)", "Rows Removed by Join Filter": 0, "Plans": [{"Node Type": "Nested Loop", "Parent Relationship": "Outer", "Join Type": "Inner", "Startup Cost": 1956350.25, "Total Cost": 41259981.09, "Plan Rows": 15, "Plan Width": 32, "Actual Startup Time": 18960.35, "Actual Total Time": 76712.02, "Actual Rows": 5431247, "Actual Loops": 1, "Inner Unique": true, "Plans": [{"Node Type": "Aggregate", "Strategy": "Hashed", "Parent Relationship": "Outer", "Startup Cost": 1956349.97, "Total Cost": 2069745.97, "Plan Rows": 9071680, "Plan Width": 24, "Actual Startup Time": 18960.226, "Actual Total Time": 23912.293, "Actual Rows": 5442751, "Actual Loops": 1, "Group By Key": ["lineitem.l_partkey", "lineitem.l_suppkey"], "Plans": [{"Node Type": "Bitmap Heap Scan", "Parent Relationship": "Outer", "Relation Name": "lineitem", "Alias": "lineitem", "Startup Cost": 314312.97, "Total Cost": 1865633.17, "Plan Rows": 9071680, "Plan Width": 24, "Actual Startup Time": 4194.642, "Actual Total Time": 11458.292, "Actual Rows": 9109641, "Actual Loops": 1, "Recheck Cond": "((l_shipdate >= '1993-01-01 00:00:00'::timestamp(0) without time zone) AND (l_shipdate < '1994-01-01 00:00:00'::timestamp without time zone)), (LLVM Optimized, Jit Execute)", "Rows Removed by Index Recheck": 0, "Exact Heap Blocks": 1252335, "Lossy Heap Blocks": 1252335, "Plans": [{"Node Type": "Bitmap Index Scan", "Parent Relationship": "Outer", "Index Name": "idx_lineitem_shipdate", "Startup Cost": 0.0, "Total Cost": 312045.05, "Plan Rows": 9071680, "Plan Width": 0, "Actual Startup Time": 3470.055, "Actual Total Time": 3470.055, "Actual Rows": 9109641, "Actual Loops": 1, "Index Cond": "((l_shipdate >= '1993-01-01 00:00:00'::timestamp(0) without time zone) AND (l_shipdate < '1994-01-01 00:00:00'::timestamp without time zone))"}]}]}, {"Node Type": "Bitmap Heap Scan", "Parent Relationship": "Inner", "Relation Name": "partsupp", "Alias": "partsupp", "Startup Cost": 0.28, "Total Cost": 4.3, "Plan Rows": 1, "Plan Width": 24, "Actual Startup Time": 44899.069, "Actual Total Time": 44899.069, "Actual Rows": 5431247, "Actual Loops": 5442751, "Recheck Cond": "((ps_partkey = lineitem.l_partkey) AND (ps_suppkey = lineitem.l_suppkey))", "Rows Removed by Index Recheck": 0, "Filter": "((ps_availqty)::double precision > (.5::double precision * (sum(lineitem.l_quantity))))", "Rows Removed by Filter": 11504, "Exact Heap Blocks": 5442751, "Lossy Heap Blocks": 5442751, "Plans": [{"Node Type": "Bitmap Index Scan", "Parent Relationship": "Outer", "Index Name": "partsupp_pkey", "Startup Cost": 0.0, "Total Cost": 0.28, "Plan Rows": 1, "Plan Width": 0, "Actual Startup Time": 27584.74, "Actual Total Time": 27584.74, "Actual Rows": 5442751, "Actual Loops": 5442751, "Index Cond": "((ps_partkey = lineitem.l_partkey) AND (ps_suppkey = lineitem.l_suppkey))"}]}]}, {"Node Type": "Bitmap Heap Scan", "Parent Relationship": "Inner", "Relation Name": "part", "Alias": "part", "Startup Cost": 0.26, "Total Cost": 4.28, "Plan Rows": 1, "Plan Width": 8, "Actual Startup Time": 39579.35, "Actual Total Time": 39579.35, "Actual Rows": 58537, "Actual Loops": 5431247, "Recheck Cond": "(p_partkey = lineitem.l_partkey)", "Rows Removed by Index Recheck": 0, "Filter": "((p_name)::text ~~ 'green%'::text)", "Rows Removed by Filter": 5372710, "Exact Heap Blocks": 5431247, "Lossy Heap Blocks": 5431247, "Plans": [{"Node Type": "Bitmap Index Scan", "Parent Relationship": "Outer", "Index Name": "part_kpey", "Startup Cost": 0.0, "Total Cost": 0.26, "Plan Rows": 1, "Plan Width": 0, "Actual Startup Time": 23439.794, "Actual Total Time": 23439.794, "Actual Rows": 5431247, "Actual Loops": 5431247, "Index Cond": "(p_partkey = lineitem.l_partkey)"}]}]}]}]}, {"Node Type": "Bitmap Heap Scan", "Parent Relationship": "Inner", "Relation Name": "supplier", "Alias": "supplier", "Startup Cost": 0.26, "Total Cost": 4.27, "Plan Rows": 1, "Plan Width": 63, "Actual Startup Time": 148.575, "Actual Total Time": 148.575, "Actual Rows": 44487, "Actual Loops": 44487, "Recheck Cond": "(s_suppkey = lineitem.l_suppkey)", "Rows Removed by Index Recheck": 0, "Exact Heap Blocks": 44487, "Lossy Heap Blocks": 44487, "Plans": [{"Node Type": "Bitmap Index Scan", "Parent Relationship": "Outer", "Index Name": "supplier_pkey", "Startup Cost": 0.0, "Total Cost": 0.26, "Plan Rows": 1, "Plan Width": 0, "Actual Startup Time": 81.957, "Actual Total Time": 81.957, "Actual Rows": 44487, "Actual Loops": 44487, "Index Cond": "(s_suppkey = lineitem.l_suppkey)"}]}]}, {"Node Type": "Bitmap Heap Scan", "Parent Relationship": "Inner", "Relation Name": "nation", "Alias": "nation", "Startup Cost": 0.26, "Total Cost": 4.27, "Plan Rows": 1, "Plan Width": 4, "Actual Startup Time": 121.825, "Actual Total Time": 121.825, "Actual Rows": 1746, "Actual Loops": 44487, "Recheck Cond": "(n_nationkey = supplier.s_nationkey)", "Rows Removed by Index Recheck": 0, "Filter": "(n_name = 'ALGERIA'::bpchar)", "Rows Removed by Filter": 42741, "Exact Heap Blocks": 44487, "Lossy Heap Blocks": 44487, "Plans": [{"Node Type": "Bitmap Index Scan", "Parent Relationship": "Outer", "Index Name": "nation_pkey", "Startup Cost": 0.0, "Total Cost": 0.26, "Plan Rows": 1, "Plan Width": 0, "Actual Startup Time": 45.466, "Actual Total Time": 45.466, "Actual Rows": 44487, "Actual Loops": 44487, "Index Cond": "(n_nationkey = supplier.s_nationkey)"}]}]}]}, "Triggers": [], "Planner Runtime": 1, "Total Runtime": 123046.421, "Unique SQL Id": 202076520}}, "(1, 40)": {"explain_plan": {"Plan": {"Node Type": "Sort", "Startup Cost": 2931401.79, "Total Cost": 2931406.79, "Plan Rows": 2000, "Plan Width": 51, "Sort Key": ["supplier.s_name"], "Plans": [{"Node Type": "Nested Loop", "Parent Relationship": "Outer", "Join Type": "Semi", "Startup Cost": 2631808.11, "Total Cost": 2931292.13, "Plan Rows": 2000, "Plan Width": 51, "Inner Unique": false, "Join Filter": "(supplier.s_suppkey = lineitem.l_suppkey)", "Plans": [{"Node Type": "Nested Loop", "Parent Relationship": "Outer", "Join Type": "Inner", "Startup Cost": 0.0, "Total Cost": 4534.31, "Plan Rows": 4000, "Plan Width": 59, "Inner Unique": false, "Join Filter": "(supplier.s_nationkey = nation.n_nationkey)", "Plans": [{"Node Type": "Seq Scan", "Parent Relationship": "Outer", "Relation Name": "nation", "Alias": "nation", "Startup Cost": 0.0, "Total Cost": 1.31, "Plan Rows": 1, "Plan Width": 4, "Filter": "(n_name = 'ALGERIA'::bpchar)"}, {"Node Type": "Seq Scan", "Parent Relationship": "Inner", "Relation Name": "supplier", "Alias": "supplier", "Startup Cost": 0.0, "Total Cost": 3283.0, "Plan Rows": 100000, "Plan Width": 63}]}, {"Node Type": "Materialize", "Parent Relationship": "Inner", "Startup Cost": 2631808.11, "Total Cost": 2926637.82, "Plan Rows": 2, "Plan Width": 16, "Plans": [{"Node Type": "Hash Join", "Parent Relationship": "Outer", "Join Type": "Inner", "Startup Cost": 2631808.11, "Total Cost": 2926637.81, "Plan Rows": 2, "Plan Width": 16, "Inner Unique": false, "Hash Cond": "((lineitem.l_partkey = partsupp.ps_partkey) AND (lineitem.l_suppkey = partsupp.ps_suppkey))", "Join Filter": "((partsupp.ps_availqty)::double precision > (.5::double precision * (sum(lineitem.l_quantity))))", "Plans": [{"Node Type": "Aggregate", "Strategy": "Hashed", "Parent Relationship": "Outer", "Startup Cost": 2405767.29, "Total Cost": 2519163.29, "Plan Rows": 9071680, "Plan Width": 24, "Group By Key": ["lineitem.l_partkey", "lineitem.l_suppkey"], "Plans": [{"Node Type": "Seq Scan", "Parent Relationship": "Outer", "Relation Name": "lineitem", "Alias": "lineitem", "Startup Cost": 119.67, "Total Cost": 2315050.5, "Plan Rows": 9071680, "Plan Width": 24, "Filter": "((l_shipdate >= '1993-01-01 00:00:00'::timestamp(0) without time zone) AND (l_shipdate < '1994-01-01 00:00:00'::timestamp without time zone)), (LLVM Optimized)"}]}, {"Node Type": "Hash", "Parent Relationship": "Inner", "Startup Cost": 225072.53, "Total Cost": 225072.53, "Plan Rows": 64552, "Plan Width": 32, "Plans": [{"Node Type": "Nested Loop", "Parent Relationship": "Outer", "Join Type": "Inner", "Startup Cost": 0.0, "Total Cost": 225072.53, "Plan Rows": 64552, "Plan Width": 32, "Inner Unique": false, "Plans": [{"Node Type": "Seq Scan", "Parent Relationship": "Outer", "Relation Name": "part", "Alias": "part", "Startup Cost": 0.0, "Total Cost": 66944.0, "Plan Rows": 22472, "Plan Width": 8, "Filter": "((p_name)::text ~~ 'green%'::text)"}, {"Node Type": "Index Scan", "Parent Relationship": "Inner", "Scan Direction": "Forward", "Index Name": "idx_partsupp_partkey", "Relation Name": "partsupp", "Alias": "partsupp", "Startup Cost": 0.0, "Total Cost": 7.01, "Plan Rows": 3, "Plan Width": 24, "Index Cond": "(ps_partkey = part.p_partkey)"}]}]}]}]}]}]}, "Unique SQL Id": 202076520, "Planner Runtime": 1}, "explain_analyze_plan": {"Plan": {"Node Type": "Sort", "Startup Cost": 2931401.79, "Total Cost": 2931406.79, "Plan Rows": 2000, "Plan Width": 51, "Actual Startup Time": 87026.478, "Actual Total Time": 87026.65, "Actual Rows": 1746, "Actual Loops": 1, "Sort Key": ["supplier.s_name"], "Sort Method": "quicksort", "Sort Space Used": 309, "Sort Space Type": "Memory", "Plans": [{"Node Type": "Nested Loop", "Parent Relationship": "Outer", "Join Type": "Semi", "Startup Cost": 2631808.11, "Total Cost": 2931292.13, "Plan Rows": 2000, "Plan Width": 51, "Actual Startup Time": 37292.043, "Actual Total Time": 87019.196, "Actual Rows": 1746, "Actual Loops": 1, "Inner Unique": false, "Join Filter": "(supplier.s_suppkey = lineitem.l_suppkey)", "Rows Removed by Join Filter": 174379316, "Plans": [{"Node Type": "Nested Loop", "Parent Relationship": "Outer", "Join Type": "Inner", "Startup Cost": 0.0, "Total Cost": 4534.31, "Plan Rows": 4000, "Plan Width": 59, "Actual Startup Time": 0.059, "Actual Total Time": 73.363, "Actual Rows": 3934, "Actual Loops": 1, "Inner Unique": false, "Join Filter": "(supplier.s_nationkey = nation.n_nationkey)", "Rows Removed by Join Filter": 96066, "Plans": [{"Node Type": "Seq Scan", "Parent Relationship": "Outer", "Relation Name": "nation", "Alias": "nation", "Startup Cost": 0.0, "Total Cost": 1.31, "Plan Rows": 1, "Plan Width": 4, "Actual Startup Time": 0.025, "Actual Total Time": 0.122, "Actual Rows": 1, "Actual Loops": 1, "Filter": "(n_name = 'ALGERIA'::bpchar)", "Rows Removed by Filter": 24}, {"Node Type": "Seq Scan", "Parent Relationship": "Inner", "Relation Name": "supplier", "Alias": "supplier", "Startup Cost": 0.0, "Total Cost": 3283.0, "Plan Rows": 100000, "Plan Width": 63, "Actual Startup Time": 0.017, "Actual Total Time": 43.33, "Actual Rows": 100000, "Actual Loops": 1}]}, {"Node Type": "Materialize", "Parent Relationship": "Inner", "Startup Cost": 2631808.11, "Total Cost": 2926637.82, "Plan Rows": 2, "Plan Width": 16, "Actual Startup Time": 32473.226, "Actual Total Time": 54492.867, "Actual Rows": 174381062, "Actual Loops": 3934, "Plans": [{"Node Type": "Hash Join", "Parent Relationship": "Outer", "Join Type": "Inner", "Startup Cost": 2631808.11, "Total Cost": 2926637.81, "Plan Rows": 2, "Plan Width": 16, "Actual Startup Time": 32472.517, "Actual Total Time": 37244.859, "Actual Rows": 58537, "Actual Loops": 1, "Inner Unique": false, "Hash Cond": "((lineitem.l_partkey = partsupp.ps_partkey) AND (lineitem.l_suppkey = partsupp.ps_suppkey))", "Join Filter": "((partsupp.ps_availqty)::double precision > (.5::double precision * (sum(lineitem.l_quantity))))", "Rows Removed by Join Filter": 136, "Plans": [{"Node Type": "Aggregate", "Strategy": "Hashed", "Parent Relationship": "Outer", "Startup Cost": 2405767.29, "Total Cost": 2519163.29, "Plan Rows": 9071680, "Plan Width": 24, "Actual Startup Time": 31472.009, "Actual Total Time": 34657.28, "Actual Rows": 5442751, "Actual Loops": 1, "Group By Key": ["lineitem.l_partkey", "lineitem.l_suppkey"], "Plans": [{"Node Type": "Seq Scan", "Parent Relationship": "Outer", "Relation Name": "lineitem", "Alias": "lineitem", "Startup Cost": 119.67, "Total Cost": 2315050.5, "Plan Rows": 9071680, "Plan Width": 24, "Actual Startup Time": 0.032, "Actual Total Time": 23146.15, "Actual Rows": 9109641, "Actual Loops": 1, "Filter": "((l_shipdate >= '1993-01-01 00:00:00'::timestamp(0) without time zone) AND (l_shipdate < '1994-01-01 00:00:00'::timestamp without time zone)), (LLVM Optimized, Jit Execute)", "Rows Removed by Filter": 50876411}]}, {"Node Type": "Hash", "Parent Relationship": "Inner", "Startup Cost": 225072.53, "Total Cost": 225072.53, "Plan Rows": 64552, "Plan Width": 32, "Actual Startup Time": 1000.33, "Actual Total Time": 1000.33, "Actual Rows": 86224, "Actual Loops": 1, "Hash Buckets": 65536, "Hash Batches": 1, "Original Hash Batches": 1, "Peak Memory Usage": 5389, "Plans": [{"Node Type": "Nested Loop", "Parent Relationship": "Outer", "Join Type": "Inner", "Startup Cost": 0.0, "Total Cost": 225072.53, "Plan Rows": 64552, "Plan Width": 32, "Actual Startup Time": 0.04, "Actual Total Time": 965.581, "Actual Rows": 86224, "Actual Loops": 1, "Inner Unique": false, "Plans": [{"Node Type": "Seq Scan", "Parent Relationship": "Outer", "Relation Name": "part", "Alias": "part", "Startup Cost": 0.0, "Total Cost": 66944.0, "Plan Rows": 22472, "Plan Width": 8, "Actual Startup Time": 0.021, "Actual Total Time": 768.761, "Actual Rows": 21556, "Actual Loops": 1, "Filter": "((p_name)::text ~~ 'green%'::text)", "Rows Removed by Filter": 1978444}, {"Node Type": "Index Scan", "Parent Relationship": "Inner", "Scan Direction": "Forward", "Index Name": "idx_partsupp_partkey", "Relation Name": "partsupp", "Alias": "partsupp", "Startup Cost": 0.0, "Total Cost": 7.01, "Plan Rows": 3, "Plan Width": 24, "Actual Startup Time": 123.556, "Actual Total Time": 164.015, "Actual Rows": 86224, "Actual Loops": 21556, "Index Cond": "(ps_partkey = part.p_partkey)", "Rows Removed by Index Recheck": 0}]}]}]}]}]}]}, "Triggers": [], "Planner Runtime": 2, "Total Runtime": 87036.2, "Unique SQL Id": 202076520}}, "(1, 41)": {"explain_plan": {"Plan": {"Node Type": "Sort", "Startup Cost": 6721015.3, "Total Cost": 6721020.3, "Plan Rows": 2000, "Plan Width": 51, "Sort Key": ["supplier.s_name"], "Plans": [{"Node Type": "Nested Loop", "Parent Relationship": "Outer", "Join Type": "Semi", "Startup Cost": 6419358.7, "Total Cost": 6720905.64, "Plan Rows": 2000, "Plan Width": 51, "Inner Unique": false, "Join Filter": "(supplier.s_suppkey = lineitem.l_suppkey)", "Plans": [{"Node Type": "Nested Loop", "Parent Relationship": "Outer", "Join Type": "Inner", "Startup Cost": 0.0, "Total Cost": 6597.23, "Plan Rows": 4000, "Plan Width": 59, "Inner Unique": false, "Join Filter": "(supplier.s_nationkey = nation.n_nationkey)", "Plans": [{"Node Type": "Index Scan", "Parent Relationship": "Outer", "Scan Direction": "Forward", "Index Name": "nation_pkey", "Relation Name": "nation", "Alias": "nation", "Startup Cost": 0.0, "Total Cost": 12.69, "Plan Rows": 1, "Plan Width": 4, "Filter": "(n_name = 'ALGERIA'::bpchar)"}, {"Node Type": "Index Scan", "Parent Relationship": "Inner", "Scan Direction": "Forward", "Index Name": "supplier_pkey", "Relation Name": "supplier", "Alias": "supplier", "Startup Cost": 0.0, "Total Cost": 5334.54, "Plan Rows": 100000, "Plan Width": 63}]}, {"Node Type": "Materialize", "Parent Relationship": "Inner", "Startup Cost": 6419358.7, "Total Cost": 6714188.41, "Plan Rows": 2, "Plan Width": 16, "Plans": [{"Node Type": "Hash Join", "Parent Relationship": "Outer", "Join Type": "Inner", "Startup Cost": 6419358.7, "Total Cost": 6714188.4, "Plan Rows": 2, "Plan Width": 16, "Inner Unique": false, "Hash Cond": "((lineitem.l_partkey = partsupp.ps_partkey) AND (lineitem.l_suppkey = partsupp.ps_suppkey))", "Join Filter": "((partsupp.ps_availqty)::double precision > (.5::double precision * (sum(lineitem.l_quantity))))", "Plans": [{"Node Type": "Aggregate", "Strategy": "Hashed", "Parent Relationship": "Outer", "Startup Cost": 6154458.63, "Total Cost": 6267854.63, "Plan Rows": 9071680, "Plan Width": 24, "Group By Key": ["lineitem.l_partkey", "lineitem.l_suppkey"], "Plans": [{"Node Type": "Index Scan", "Parent Relationship": "Outer", "Scan Direction": "Forward", "Index Name": "idx_lineitem_shipdate", "Relation Name": "lineitem", "Alias": "lineitem", "Startup Cost": 0.0, "Total Cost": 6063741.83, "Plan Rows": 9071680, "Plan Width": 24, "Index Cond": "((l_shipdate >= '1993-01-01 00:00:00'::timestamp(0) without time zone) AND (l_shipdate < '1994-01-01 00:00:00'::timestamp without time zone)), (LLVM Optimized)"}]}, {"Node Type": "Hash", "Parent Relationship": "Inner", "Startup Cost": 263931.78, "Total Cost": 263931.78, "Plan Rows": 64552, "Plan Width": 32, "Plans": [{"Node Type": "Nested Loop", "Parent Relationship": "Outer", "Join Type": "Inner", "Startup Cost": 0.0, "Total Cost": 263931.78, "Plan Rows": 64552, "Plan Width": 32, "Inner Unique": false, "Plans": [{"Node Type": "Index Scan", "Parent Relationship": "Outer", "Scan Direction": "Forward", "Index Name": "part_kpey", "Relation Name": "part", "Alias": "part", "Startup Cost": 0.0, "Total Cost": 105803.25, "Plan Rows": 22472, "Plan Width": 8, "Filter": "((p_name)::text ~~ 'green%'::text)"}, {"Node Type": "Index Scan", "Parent Relationship": "Inner", "Scan Direction": "Forward", "Index Name": "idx_partsupp_partkey", "Relation Name": "partsupp", "Alias": "partsupp", "Startup Cost": 0.0, "Total Cost": 7.01, "Plan Rows": 3, "Plan Width": 24, "Index Cond": "(ps_partkey = part.p_partkey)"}]}]}]}]}]}]}, "Unique SQL Id": 202076520, "Planner Runtime": 1}, "explain_analyze_plan": {"Plan": {"Node Type": "Sort", "Startup Cost": 6721015.3, "Total Cost": 6721020.3, "Plan Rows": 2000, "Plan Width": 51, "Actual Startup Time": 86749.763, "Actual Total Time": 86749.939, "Actual Rows": 1746, "Actual Loops": 1, "Sort Key": ["supplier.s_name"], "Sort Method": "quicksort", "Sort Space Used": 309, "Sort Space Type": "Memory", "Plans": [{"Node Type": "Nested Loop", "Parent Relationship": "Outer", "Join Type": "Semi", "Startup Cost": 6419358.7, "Total Cost": 6720905.64, "Plan Rows": 2000, "Plan Width": 51, "Actual Startup Time": 37358.663, "Actual Total Time": 86745.413, "Actual Rows": 1746, "Actual Loops": 1, "Inner Unique": false, "Join Filter": "(supplier.s_suppkey = lineitem.l_suppkey)", "Rows Removed by Join Filter": 174379317, "Plans": [{"Node Type": "Nested Loop", "Parent Relationship": "Outer", "Join Type": "Inner", "Startup Cost": 0.0, "Total Cost": 6597.23, "Plan Rows": 4000, "Plan Width": 59, "Actual Startup Time": 0.079, "Actual Total Time": 102.675, "Actual Rows": 3934, "Actual Loops": 1, "Inner Unique": false, "Join Filter": "(supplier.s_nationkey = nation.n_nationkey)", "Rows Removed by Join Filter": 96066, "Plans": [{"Node Type": "Index Scan", "Parent Relationship": "Outer", "Scan Direction": "Forward", "Index Name": "nation_pkey", "Relation Name": "nation", "Alias": "nation", "Startup Cost": 0.0, "Total Cost": 12.69, "Plan Rows": 1, "Plan Width": 4, "Actual Startup Time": 0.022, "Actual Total Time": 0.046, "Actual Rows": 1, "Actual Loops": 1, "Filter": "(n_name = 'ALGERIA'::bpchar)", "Rows Removed by Filter": 24}, {"Node Type": "Index Scan", "Parent Relationship": "Inner", "Scan Direction": "Forward", "Index Name": "supplier_pkey", "Relation Name": "supplier", "Alias": "supplier", "Startup Cost": 0.0, "Total Cost": 5334.54, "Plan Rows": 100000, "Plan Width": 63, "Actual Startup Time": 0.035, "Actual Total Time": 75.077, "Actual Rows": 100000, "Actual Loops": 1}]}, {"Node Type": "Materialize", "Parent Relationship": "Inner", "Startup Cost": 6419358.7, "Total Cost": 6714188.41, "Plan Rows": 2, "Plan Width": 16, "Actual Startup Time": 32367.951, "Actual Total Time": 54246.545, "Actual Rows": 174381063, "Actual Loops": 3934, "Plans": [{"Node Type": "Hash Join", "Parent Relationship": "Outer", "Join Type": "Inner", "Startup Cost": 6419358.7, "Total Cost": 6714188.4, "Plan Rows": 2, "Plan Width": 16, "Actual Startup Time": 32367.177, "Actual Total Time": 37314.777, "Actual Rows": 58537, "Actual Loops": 1, "Inner Unique": false, "Hash Cond": "((lineitem.l_partkey = partsupp.ps_partkey) AND (lineitem.l_suppkey = partsupp.ps_suppkey))", "Join Filter": "((partsupp.ps_availqty)::double precision > (.5::double precision * (sum(lineitem.l_quantity))))", "Rows Removed by Join Filter": 136, "Plans": [{"Node Type": "Aggregate", "Strategy": "Hashed", "Parent Relationship": "Outer", "Startup Cost": 6154458.63, "Total Cost": 6267854.63, "Plan Rows": 9071680, "Plan Width": 24, "Actual Startup Time": 30917.43, "Actual Total Time": 34254.395, "Actual Rows": 5442751, "Actual Loops": 1, "Group By Key": ["lineitem.l_partkey", "lineitem.l_suppkey"], "Plans": [{"Node Type": "Index Scan", "Parent Relationship": "Outer", "Scan Direction": "Forward", "Index Name": "idx_lineitem_shipdate", "Relation Name": "lineitem", "Alias": "lineitem", "Startup Cost": 0.0, "Total Cost": 6063741.83, "Plan Rows": 9071680, "Plan Width": 24, "Actual Startup Time": 0.074, "Actual Total Time": 22513.839, "Actual Rows": 9109641, "Actual Loops": 1, "Index Cond": "((l_shipdate >= '1993-01-01 00:00:00'::timestamp(0) without time zone) AND (l_shipdate < '1994-01-01 00:00:00'::timestamp without time zone)), (LLVM Optimized, Jit Execute)", "Rows Removed by Index Recheck": 0}]}, {"Node Type": "Hash", "Parent Relationship": "Inner", "Startup Cost": 263931.78, "Total Cost": 263931.78, "Plan Rows": 64552, "Plan Width": 32, "Actual Startup Time": 1449.614, "Actual Total Time": 1449.614, "Actual Rows": 86224, "Actual Loops": 1, "Hash Buckets": 65536, "Hash Batches": 1, "Original Hash Batches": 1, "Peak Memory Usage": 5389, "Plans": [{"Node Type": "Nested Loop", "Parent Relationship": "Outer", "Join Type": "Inner", "Startup Cost": 0.0, "Total Cost": 263931.78, "Plan Rows": 64552, "Plan Width": 32, "Actual Startup Time": 0.053, "Actual Total Time": 1416.674, "Actual Rows": 86224, "Actual Loops": 1, "Inner Unique": false, "Plans": [{"Node Type": "Index Scan", "Parent Relationship": "Outer", "Scan Direction": "Forward", "Index Name": "part_kpey", "Relation Name": "part", "Alias": "part", "Startup Cost": 0.0, "Total Cost": 105803.25, "Plan Rows": 22472, "Plan Width": 8, "Actual Startup Time": 0.042, "Actual Total Time": 1229.372, "Actual Rows": 21556, "Actual Loops": 1, "Filter": "((p_name)::text ~~ 'green%'::text)", "Rows Removed by Filter": 1978444}, {"Node Type": "Index Scan", "Parent Relationship": "Inner", "Scan Direction": "Forward", "Index Name": "idx_partsupp_partkey", "Relation Name": "partsupp", "Alias": "partsupp", "Startup Cost": 0.0, "Total Cost": 7.01, "Plan Rows": 3, "Plan Width": 24, "Actual Startup Time": 115.173, "Actual Total Time": 154.781, "Actual Rows": 86224, "Actual Loops": 21556, "Index Cond": "(ps_partkey = part.p_partkey)", "Rows Removed by Index Recheck": 0}]}]}]}]}]}]}, "Triggers": [], "Planner Runtime": 1, "Total Runtime": 86759.59, "Unique SQL Id": 202076520}}, "(1, 42)": {"explain_plan": {"Plan": {"Node Type": "Sort", "Startup Cost": 3064191.97, "Total Cost": 3064196.97, "Plan Rows": 2000, "Plan Width": 51, "Sort Key": ["supplier.s_name"], "Plans": [{"Node Type": "Nested Loop", "Parent Relationship": "Outer", "Join Type": "Semi", "Startup Cost": 2764598.29, "Total Cost": 3064082.31, "Plan Rows": 2000, "Plan Width": 51, "Inner Unique": false, "Join Filter": "(supplier.s_suppkey = lineitem.l_suppkey)", "Plans": [{"Node Type": "Nested Loop", "Parent Relationship": "Outer", "Join Type": "Inner", "Startup Cost": 0.0, "Total Cost": 4534.31, "Plan Rows": 4000, "Plan Width": 59, "Inner Unique": false, "Join Filter": "(supplier.s_nationkey = nation.n_nationkey)", "Plans": [{"Node Type": "Seq Scan", "Parent Relationship": "Outer", "Relation Name": "nation", "Alias": "nation", "Startup Cost": 0.0, "Total Cost": 1.31, "Plan Rows": 1, "Plan Width": 4, "Filter": "(n_name = 'ALGERIA'::bpchar)"}, {"Node Type": "Seq Scan", "Parent Relationship": "Inner", "Relation Name": "supplier", "Alias": "supplier", "Startup Cost": 0.0, "Total Cost": 3283.0, "Plan Rows": 100000, "Plan Width": 63}]}, {"Node Type": "Materialize", "Parent Relationship": "Inner", "Startup Cost": 2764598.29, "Total Cost": 3059428.0, "Plan Rows": 2, "Plan Width": 16, "Plans": [{"Node Type": "Hash Join", "Parent Relationship": "Outer", "Join Type": "Inner", "Startup Cost": 2764598.29, "Total Cost": 3059427.99, "Plan Rows": 2, "Plan Width": 16, "Inner Unique": false, "Hash Cond": "((lineitem.l_partkey = partsupp.ps_partkey) AND (lineitem.l_suppkey = partsupp.ps_suppkey))", "Join Filter": "((partsupp.ps_availqty)::double precision > (.5::double precision * (sum(lineitem.l_quantity))))", "Plans": [{"Node Type": "Aggregate", "Strategy": "Hashed", "Parent Relationship": "Outer", "Startup Cost": 2405767.29, "Total Cost": 2519163.29, "Plan Rows": 9071680, "Plan Width": 24, "Group By Key": ["lineitem.l_partkey", "lineitem.l_suppkey"], "Plans": [{"Node Type": "Seq Scan", "Parent Relationship": "Outer", "Relation Name": "lineitem", "Alias": "lineitem", "Startup Cost": 119.67, "Total Cost": 2315050.5, "Plan Rows": 9071680, "Plan Width": 24, "Filter": "((l_shipdate >= '1993-01-01 00:00:00'::timestamp(0) without time zone) AND (l_shipdate < '1994-01-01 00:00:00'::timestamp without time zone)), (LLVM Optimized)"}]}, {"Node Type": "Hash", "Parent Relationship": "Inner", "Startup Cost": 357862.71, "Total Cost": 357862.71, "Plan Rows": 64552, "Plan Width": 32, "Plans": [{"Node Type": "Hash Join", "Parent Relationship": "Outer", "Join Type": "Inner", "Startup Cost": 67224.9, "Total Cost": 357862.71, "Plan Rows": 64552, "Plan Width": 32, "Inner Unique": true, "Hash Cond": "(partsupp.ps_partkey = part.p_partkey)", "Plans": [{"Node Type": "Seq Scan", "Parent Relationship": "Outer", "Relation Name": "partsupp", "Alias": "partsupp", "Startup Cost": 0.0, "Total Cost": 269987.72, "Plan Rows": 8000372, "Plan Width": 24}, {"Node Type": "Hash", "Parent Relationship": "Inner", "Startup Cost": 66944.0, "Total Cost": 66944.0, "Plan Rows": 22472, "Plan Width": 8, "Plans": [{"Node Type": "Seq Scan", "Parent Relationship": "Outer", "Relation Name": "part", "Alias": "part", "Startup Cost": 0.0, "Total Cost": 66944.0, "Plan Rows": 22472, "Plan Width": 8, "Filter": "((p_name)::text ~~ 'green%'::text)"}]}]}]}]}]}]}]}, "Unique SQL Id": 202076520, "Planner Runtime": 1}, "explain_analyze_plan": {"Plan": {"Node Type": "Sort", "Startup Cost": 3064191.97, "Total Cost": 3064196.97, "Plan Rows": 2000, "Plan Width": 51, "Actual Startup Time": 90537.631, "Actual Total Time": 90537.773, "Actual Rows": 1746, "Actual Loops": 1, "Sort Key": ["supplier.s_name"], "Sort Method": "quicksort", "Sort Space Used": 309, "Sort Space Type": "Memory", "Plans": [{"Node Type": "Nested Loop", "Parent Relationship": "Outer", "Join Type": "Semi", "Startup Cost": 2764598.29, "Total Cost": 3064082.31, "Plan Rows": 2000, "Plan Width": 51, "Actual Startup Time": 40204.066, "Actual Total Time": 90530.28, "Actual Rows": 1746, "Actual Loops": 1, "Inner Unique": false, "Join Filter": "(supplier.s_suppkey = lineitem.l_suppkey)", "Rows Removed by Join Filter": 174379316, "Plans": [{"Node Type": "Nested Loop", "Parent Relationship": "Outer", "Join Type": "Inner", "Startup Cost": 0.0, "Total Cost": 4534.31, "Plan Rows": 4000, "Plan Width": 59, "Actual Startup Time": 0.059, "Actual Total Time": 74.066, "Actual Rows": 3934, "Actual Loops": 1, "Inner Unique": false, "Join Filter": "(supplier.s_nationkey = nation.n_nationkey)", "Rows Removed by Join Filter": 96066, "Plans": [{"Node Type": "Seq Scan", "Parent Relationship": "Outer", "Relation Name": "nation", "Alias": "nation", "Startup Cost": 0.0, "Total Cost": 1.31, "Plan Rows": 1, "Plan Width": 4, "Actual Startup Time": 0.024, "Actual Total Time": 0.113, "Actual Rows": 1, "Actual Loops": 1, "Filter": "(n_name = 'ALGERIA'::bpchar)", "Rows Removed by Filter": 24}, {"Node Type": "Seq Scan", "Parent Relationship": "Inner", "Relation Name": "supplier", "Alias": "supplier", "Startup Cost": 0.0, "Total Cost": 3283.0, "Plan Rows": 100000, "Plan Width": 63, "Actual Startup Time": 0.019, "Actual Total Time": 44.334, "Actual Rows": 100000, "Actual Loops": 1}]}, {"Node Type": "Materialize", "Parent Relationship": "Inner", "Startup Cost": 2764598.29, "Total Cost": 3059428.0, "Plan Rows": 2, "Plan Width": 16, "Actual Startup Time": 35477.373, "Actual Total Time": 57394.752, "Actual Rows": 174381062, "Actual Loops": 3934, "Plans": [{"Node Type": "Hash Join", "Parent Relationship": "Outer", "Join Type": "Inner", "Startup Cost": 2764598.29, "Total Cost": 3059427.99, "Plan Rows": 2, "Plan Width": 16, "Actual Startup Time": 35476.648, "Actual Total Time": 40160.085, "Actual Rows": 58537, "Actual Loops": 1, "Inner Unique": false, "Hash Cond": "((lineitem.l_partkey = partsupp.ps_partkey) AND (lineitem.l_suppkey = partsupp.ps_suppkey))", "Join Filter": "((partsupp.ps_availqty)::double precision > (.5::double precision * (sum(lineitem.l_quantity))))", "Rows Removed by Join Filter": 136, "Plans": [{"Node Type": "Aggregate", "Strategy": "Hashed", "Parent Relationship": "Outer", "Startup Cost": 2405767.29, "Total Cost": 2519163.29, "Plan Rows": 9071680, "Plan Width": 24, "Actual Startup Time": 30733.339, "Actual Total Time": 33831.931, "Actual Rows": 5442751, "Actual Loops": 1, "Group By Key": ["lineitem.l_partkey", "lineitem.l_suppkey"], "Plans": [{"Node Type": "Seq Scan", "Parent Relationship": "Outer", "Relation Name": "lineitem", "Alias": "lineitem", "Startup Cost": 119.67, "Total Cost": 2315050.5, "Plan Rows": 9071680, "Plan Width": 24, "Actual Startup Time": 0.213, "Actual Total Time": 22997.544, "Actual Rows": 9109641, "Actual Loops": 1, "Filter": "((l_shipdate >= '1993-01-01 00:00:00'::timestamp(0) without time zone) AND (l_shipdate < '1994-01-01 00:00:00'::timestamp without time zone)), (LLVM Optimized, Jit Execute)", "Rows Removed by Filter": 50876411}]}, {"Node Type": "Hash", "Parent Relationship": "Inner", "Startup Cost": 357862.71, "Total Cost": 357862.71, "Plan Rows": 64552, "Plan Width": 32, "Actual Startup Time": 4742.951, "Actual Total Time": 4742.951, "Actual Rows": 86224, "Actual Loops": 1, "Hash Buckets": 65536, "Hash Batches": 1, "Original Hash Batches": 1, "Peak Memory Usage": 5389, "Plans": [{"Node Type": "Hash Join", "Parent Relationship": "Outer", "Join Type": "Inner", "Startup Cost": 67224.9, "Total Cost": 357862.71, "Plan Rows": 64552, "Plan Width": 32, "Actual Startup Time": 765.651, "Actual Total Time": 4702.159, "Actual Rows": 86224, "Actual Loops": 1, "Inner Unique": true, "Hash Cond": "(partsupp.ps_partkey = part.p_partkey)", "Plans": [{"Node Type": "Seq Scan", "Parent Relationship": "Outer", "Relation Name": "partsupp", "Alias": "partsupp", "Startup Cost": 0.0, "Total Cost": 269987.72, "Plan Rows": 8000372, "Plan Width": 24, "Actual Startup Time": 0.01, "Actual Total Time": 2393.977, "Actual Rows": 8000000, "Actual Loops": 1}, {"Node Type": "Hash", "Parent Relationship": "Inner", "Startup Cost": 66944.0, "Total Cost": 66944.0, "Plan Rows": 22472, "Plan Width": 8, "Actual Startup Time": 765.493, "Actual Total Time": 765.493, "Actual Rows": 21556, "Actual Loops": 1, "Hash Buckets": 32768, "Hash Batches": 1, "Original Hash Batches": 1, "Peak Memory Usage": 843, "Plans": [{"Node Type": "Seq Scan", "Parent Relationship": "Outer", "Relation Name": "part", "Alias": "part", "Startup Cost": 0.0, "Total Cost": 66944.0, "Plan Rows": 22472, "Plan Width": 8, "Actual Startup Time": 0.027, "Actual Total Time": 757.789, "Actual Rows": 21556, "Actual Loops": 1, "Filter": "((p_name)::text ~~ 'green%'::text)", "Rows Removed by Filter": 1978444}]}]}]}]}]}]}]}, "Triggers": [], "Planner Runtime": 1, "Total Runtime": 90547.444, "Unique SQL Id": 202076520}}, "(1, 43)": {"explain_plan": {"Plan": {"Node Type": "Sort", "Startup Cost": 5018253561064.47, "Total Cost": 5018253561069.47, "Plan Rows": 2000, "Plan Width": 51, "Sort Key": ["supplier.s_name"], "Plans": [{"Node Type": "Nested Loop", "Parent Relationship": "Outer", "Join Type": "Semi", "Startup Cost": 50000000000.0, "Total Cost": 5018253560954.81, "Plan Rows": 2000, "Plan Width": 51, "Inner Unique": false, "Join Filter": "(supplier.s_suppkey = subquery.\"?column?\")", "Plans": [{"Node Type": "Nested Loop", "Parent Relationship": "Outer", "Join Type": "Inner", "Startup Cost": 20000000000.0, "Total Cost": 2000000536223.13, "Plan Rows": 4000, "Plan Width": 59, "Inner Unique": true, "Join Filter": "(supplier.s_nationkey = nation.n_nationkey)", "Plans": [{"Node Type": "Index Scan", "Parent Relationship": "Outer", "Scan Direction": "Forward", "Index Name": "supplier_pkey", "Relation Name": "supplier", "Alias": "supplier", "Startup Cost": 10000000000.0, "Total Cost": 1000000533454.38, "Plan Rows": 100000, "Plan Width": 63}, {"Node Type": "Materialize", "Parent Relationship": "Inner", "Startup Cost": 10000000000.0, "Total Cost": 1000000001268.76, "Plan Rows": 1, "Plan Width": 4, "Plans": [{"Node Type": "Index Scan", "Parent Relationship": "Outer", "Scan Direction": "Forward", "Index Name": "nation_pkey", "Relation Name": "nation", "Alias": "nation", "Startup Cost": 10000000000.0, "Total Cost": 1000000001268.75, "Plan Rows": 1, "Plan Width": 4, "Filter": "(n_name = 'ALGERIA'::bpchar)"}]}]}, {"Node Type": "Materialize", "Parent Relationship": "Inner", "Startup Cost": 30000000000.0, "Total Cost": 3018253024611.68, "Plan Rows": 2, "Plan Width": 16, "Plans": [{"Node Type": "Nested Loop", "Parent Relationship": "Outer", "Join Type": "Inner", "Startup Cost": 30000000000.0, "Total Cost": 3018253024611.67, "Plan Rows": 2, "Plan Width": 16, "Inner Unique": true, "Join Filter": "((partsupp.ps_partkey = subquery.\"?column?\") AND (partsupp.ps_suppkey = subquery.\"?column?\") AND ((partsupp.ps_availqty)::double precision > (.5::double precision * subquery.\"?column?\")))", "Plans": [{"Node Type": "Nested Loop", "Parent Relationship": "Outer", "Join Type": "Semi", "Startup Cost": 20000000000.0, "Total Cost": 2002807445082.73, "Plan Rows": 64552, "Plan Width": 32, "Inner Unique": false, "Join Filter": "(partsupp.ps_partkey = part.p_partkey)", "Plans": [{"Node Type": "Index Scan", "Parent Relationship": "Outer", "Scan Direction": "Forward", "Index Name": "idx_partsupp_suppkey", "Relation Name": "partsupp", "Alias": "partsupp", "Startup Cost": 10000000000.0, "Total Cost": 1000100160480.77, "Plan Rows": 8000372, "Plan Width": 24}, {"Node Type": "Materialize", "Parent Relationship": "Inner", "Startup Cost": 10000000000.0, "Total Cost": 1000010580437.36, "Plan Rows": 22472, "Plan Width": 8, "Plans": [{"Node Type": "Index Scan", "Parent Relationship": "Outer", "Scan Direction": "Forward", "Index Name": "part_kpey", "Relation Name": "part", "Alias": "part", "Startup Cost": 10000000000.0, "Total Cost": 1000010580325.0, "Plan Rows": 22472, "Plan Width": 8, "Filter": "((p_name)::text ~~ 'green%'::text)"}]}]}, {"Node Type": "Materialize", "Parent Relationship": "Inner", "Startup Cost": 10000000000.0, "Total Cost": 1000805725024.14, "Plan Rows": 9071680, "Plan Width": 24, "Plans": [{"Node Type": "Subquery Scan", "Parent Relationship": "Outer", "Alias": "subquery", "Startup Cost": 10000000000.0, "Total Cost": 1000805679665.74, "Plan Rows": 9071680, "Plan Width": 24, "Plans": [{"Node Type": "Aggregate", "Strategy": "Sorted", "Parent Relationship": "Subquery", "Startup Cost": 10000000000.0, "Total Cost": 1000805588948.94, "Plan Rows": 9071680, "Plan Width": 40, "Group By Key": ["lineitem.l_partkey", "lineitem.l_suppkey"], "Plans": [{"Node Type": "Index Scan", "Parent Relationship": "Outer", "Scan Direction": "Forward", "Index Name": "idx_lineitem_part_supp", "Relation Name": "lineitem", "Alias": "lineitem", "Startup Cost": 10000000000.0, "Total Cost": 1000805384836.14, "Plan Rows": 9071680, "Plan Width": 24, "Filter": "((l_shipdate >= '1993-01-01 00:00:00'::timestamp(0) without time zone) AND (l_shipdate < '1994-01-01 00:00:00'::timestamp without time zone)), (LLVM Optimized)"}]}]}]}]}]}]}]}, "Unique SQL Id": 202076520, "Planner Runtime": 1}, "explain_analyze_plan": null}, "(1, 44)": {"explain_plan": {"Plan": {"Node Type": "Sort", "Startup Cost": 2931401.79, "Total Cost": 2931406.79, "Plan Rows": 2000, "Plan Width": 51, "Sort Key": ["supplier.s_name"], "Plans": [{"Node Type": "Nested Loop", "Parent Relationship": "Outer", "Join Type": "Semi", "Startup Cost": 2631808.11, "Total Cost": 2931292.13, "Plan Rows": 2000, "Plan Width": 51, "Inner Unique": false, "Join Filter": "(supplier.s_suppkey = lineitem.l_suppkey)", "Plans": [{"Node Type": "Nested Loop", "Parent Relationship": "Outer", "Join Type": "Inner", "Startup Cost": 0.0, "Total Cost": 4534.31, "Plan Rows": 4000, "Plan Width": 59, "Inner Unique": false, "Join Filter": "(supplier.s_nationkey = nation.n_nationkey)", "Plans": [{"Node Type": "Seq Scan", "Parent Relationship": "Outer", "Relation Name": "nation", "Alias": "nation", "Startup Cost": 0.0, "Total Cost": 1.31, "Plan Rows": 1, "Plan Width": 4, "Filter": "(n_name = 'ALGERIA'::bpchar)"}, {"Node Type": "Seq Scan", "Parent Relationship": "Inner", "Relation Name": "supplier", "Alias": "supplier", "Startup Cost": 0.0, "Total Cost": 3283.0, "Plan Rows": 100000, "Plan Width": 63}]}, {"Node Type": "Materialize", "Parent Relationship": "Inner", "Startup Cost": 2631808.11, "Total Cost": 2926637.82, "Plan Rows": 2, "Plan Width": 16, "Plans": [{"Node Type": "Hash Join", "Parent Relationship": "Outer", "Join Type": "Inner", "Startup Cost": 2631808.11, "Total Cost": 2926637.81, "Plan Rows": 2, "Plan Width": 16, "Inner Unique": false, "Hash Cond": "((lineitem.l_partkey = partsupp.ps_partkey) AND (lineitem.l_suppkey = partsupp.ps_suppkey))", "Join Filter": "((partsupp.ps_availqty)::double precision > (.5::double precision * (sum(lineitem.l_quantity))))", "Plans": [{"Node Type": "Aggregate", "Strategy": "Hashed", "Parent Relationship": "Outer", "Startup Cost": 2405767.29, "Total Cost": 2519163.29, "Plan Rows": 9071680, "Plan Width": 24, "Group By Key": ["lineitem.l_partkey", "lineitem.l_suppkey"], "Plans": [{"Node Type": "Seq Scan", "Parent Relationship": "Outer", "Relation Name": "lineitem", "Alias": "lineitem", "Startup Cost": 119.67, "Total Cost": 2315050.5, "Plan Rows": 9071680, "Plan Width": 24, "Filter": "((l_shipdate >= '1993-01-01 00:00:00'::timestamp(0) without time zone) AND (l_shipdate < '1994-01-01 00:00:00'::timestamp without time zone)), (LLVM Optimized)"}]}, {"Node Type": "Hash", "Parent Relationship": "Inner", "Startup Cost": 225072.53, "Total Cost": 225072.53, "Plan Rows": 64552, "Plan Width": 32, "Plans": [{"Node Type": "Nested Loop", "Parent Relationship": "Outer", "Join Type": "Inner", "Startup Cost": 0.0, "Total Cost": 225072.53, "Plan Rows": 64552, "Plan Width": 32, "Inner Unique": false, "Plans": [{"Node Type": "Seq Scan", "Parent Relationship": "Outer", "Relation Name": "part", "Alias": "part", "Startup Cost": 0.0, "Total Cost": 66944.0, "Plan Rows": 22472, "Plan Width": 8, "Filter": "((p_name)::text ~~ 'green%'::text)"}, {"Node Type": "Index Scan", "Parent Relationship": "Inner", "Scan Direction": "Forward", "Index Name": "idx_partsupp_partkey", "Relation Name": "partsupp", "Alias": "partsupp", "Startup Cost": 0.0, "Total Cost": 7.01, "Plan Rows": 3, "Plan Width": 24, "Index Cond": "(ps_partkey = part.p_partkey)"}]}]}]}]}]}]}, "Unique SQL Id": 202076520, "Planner Runtime": 2}, "explain_analyze_plan": {"Plan": {"Node Type": "Sort", "Startup Cost": 2931401.79, "Total Cost": 2931406.79, "Plan Rows": 2000, "Plan Width": 51, "Actual Startup Time": 87026.478, "Actual Total Time": 87026.65, "Actual Rows": 1746, "Actual Loops": 1, "Sort Key": ["supplier.s_name"], "Sort Method": "quicksort", "Sort Space Used": 309, "Sort Space Type": "Memory", "Plans": [{"Node Type": "Nested Loop", "Parent Relationship": "Outer", "Join Type": "Semi", "Startup Cost": 2631808.11, "Total Cost": 2931292.13, "Plan Rows": 2000, "Plan Width": 51, "Actual Startup Time": 37292.043, "Actual Total Time": 87019.196, "Actual Rows": 1746, "Actual Loops": 1, "Inner Unique": false, "Join Filter": "(supplier.s_suppkey = lineitem.l_suppkey)", "Rows Removed by Join Filter": 174379316, "Plans": [{"Node Type": "Nested Loop", "Parent Relationship": "Outer", "Join Type": "Inner", "Startup Cost": 0.0, "Total Cost": 4534.31, "Plan Rows": 4000, "Plan Width": 59, "Actual Startup Time": 0.059, "Actual Total Time": 73.363, "Actual Rows": 3934, "Actual Loops": 1, "Inner Unique": false, "Join Filter": "(supplier.s_nationkey = nation.n_nationkey)", "Rows Removed by Join Filter": 96066, "Plans": [{"Node Type": "Seq Scan", "Parent Relationship": "Outer", "Relation Name": "nation", "Alias": "nation", "Startup Cost": 0.0, "Total Cost": 1.31, "Plan Rows": 1, "Plan Width": 4, "Actual Startup Time": 0.025, "Actual Total Time": 0.122, "Actual Rows": 1, "Actual Loops": 1, "Filter": "(n_name = 'ALGERIA'::bpchar)", "Rows Removed by Filter": 24}, {"Node Type": "Seq Scan", "Parent Relationship": "Inner", "Relation Name": "supplier", "Alias": "supplier", "Startup Cost": 0.0, "Total Cost": 3283.0, "Plan Rows": 100000, "Plan Width": 63, "Actual Startup Time": 0.017, "Actual Total Time": 43.33, "Actual Rows": 100000, "Actual Loops": 1}]}, {"Node Type": "Materialize", "Parent Relationship": "Inner", "Startup Cost": 2631808.11, "Total Cost": 2926637.82, "Plan Rows": 2, "Plan Width": 16, "Actual Startup Time": 32473.226, "Actual Total Time": 54492.867, "Actual Rows": 174381062, "Actual Loops": 3934, "Plans": [{"Node Type": "Hash Join", "Parent Relationship": "Outer", "Join Type": "Inner", "Startup Cost": 2631808.11, "Total Cost": 2926637.81, "Plan Rows": 2, "Plan Width": 16, "Actual Startup Time": 32472.517, "Actual Total Time": 37244.859, "Actual Rows": 58537, "Actual Loops": 1, "Inner Unique": false, "Hash Cond": "((lineitem.l_partkey = partsupp.ps_partkey) AND (lineitem.l_suppkey = partsupp.ps_suppkey))", "Join Filter": "((partsupp.ps_availqty)::double precision > (.5::double precision * (sum(lineitem.l_quantity))))", "Rows Removed by Join Filter": 136, "Plans": [{"Node Type": "Aggregate", "Strategy": "Hashed", "Parent Relationship": "Outer", "Startup Cost": 2405767.29, "Total Cost": 2519163.29, "Plan Rows": 9071680, "Plan Width": 24, "Actual Startup Time": 31472.009, "Actual Total Time": 34657.28, "Actual Rows": 5442751, "Actual Loops": 1, "Group By Key": ["lineitem.l_partkey", "lineitem.l_suppkey"], "Plans": [{"Node Type": "Seq Scan", "Parent Relationship": "Outer", "Relation Name": "lineitem", "Alias": "lineitem", "Startup Cost": 119.67, "Total Cost": 2315050.5, "Plan Rows": 9071680, "Plan Width": 24, "Actual Startup Time": 0.032, "Actual Total Time": 23146.15, "Actual Rows": 9109641, "Actual Loops": 1, "Filter": "((l_shipdate >= '1993-01-01 00:00:00'::timestamp(0) without time zone) AND (l_shipdate < '1994-01-01 00:00:00'::timestamp without time zone)), (LLVM Optimized, Jit Execute)", "Rows Removed by Filter": 50876411}]}, {"Node Type": "Hash", "Parent Relationship": "Inner", "Startup Cost": 225072.53, "Total Cost": 225072.53, "Plan Rows": 64552, "Plan Width": 32, "Actual Startup Time": 1000.33, "Actual Total Time": 1000.33, "Actual Rows": 86224, "Actual Loops": 1, "Hash Buckets": 65536, "Hash Batches": 1, "Original Hash Batches": 1, "Peak Memory Usage": 5389, "Plans": [{"Node Type": "Nested Loop", "Parent Relationship": "Outer", "Join Type": "Inner", "Startup Cost": 0.0, "Total Cost": 225072.53, "Plan Rows": 64552, "Plan Width": 32, "Actual Startup Time": 0.04, "Actual Total Time": 965.581, "Actual Rows": 86224, "Actual Loops": 1, "Inner Unique": false, "Plans": [{"Node Type": "Seq Scan", "Parent Relationship": "Outer", "Relation Name": "part", "Alias": "part", "Startup Cost": 0.0, "Total Cost": 66944.0, "Plan Rows": 22472, "Plan Width": 8, "Actual Startup Time": 0.021, "Actual Total Time": 768.761, "Actual Rows": 21556, "Actual Loops": 1, "Filter": "((p_name)::text ~~ 'green%'::text)", "Rows Removed by Filter": 1978444}, {"Node Type": "Index Scan", "Parent Relationship": "Inner", "Scan Direction": "Forward", "Index Name": "idx_partsupp_partkey", "Relation Name": "partsupp", "Alias": "partsupp", "Startup Cost": 0.0, "Total Cost": 7.01, "Plan Rows": 3, "Plan Width": 24, "Actual Startup Time": 123.556, "Actual Total Time": 164.015, "Actual Rows": 86224, "Actual Loops": 21556, "Index Cond": "(ps_partkey = part.p_partkey)", "Rows Removed by Index Recheck": 0}]}]}]}]}]}]}, "Triggers": [], "Planner Runtime": 2, "Total Runtime": 87036.2, "Unique SQL Id": 202076520}}, "(1, 45)": {"explain_plan": {"Plan": {"Node Type": "Sort", "Startup Cost": 6721015.3, "Total Cost": 6721020.3, "Plan Rows": 2000, "Plan Width": 51, "Sort Key": ["supplier.s_name"], "Plans": [{"Node Type": "Nested Loop", "Parent Relationship": "Outer", "Join Type": "Semi", "Startup Cost": 6419358.7, "Total Cost": 6720905.64, "Plan Rows": 2000, "Plan Width": 51, "Inner Unique": false, "Join Filter": "(supplier.s_suppkey = lineitem.l_suppkey)", "Plans": [{"Node Type": "Nested Loop", "Parent Relationship": "Outer", "Join Type": "Inner", "Startup Cost": 0.0, "Total Cost": 6597.23, "Plan Rows": 4000, "Plan Width": 59, "Inner Unique": false, "Join Filter": "(supplier.s_nationkey = nation.n_nationkey)", "Plans": [{"Node Type": "Index Scan", "Parent Relationship": "Outer", "Scan Direction": "Forward", "Index Name": "nation_pkey", "Relation Name": "nation", "Alias": "nation", "Startup Cost": 0.0, "Total Cost": 12.69, "Plan Rows": 1, "Plan Width": 4, "Filter": "(n_name = 'ALGERIA'::bpchar)"}, {"Node Type": "Index Scan", "Parent Relationship": "Inner", "Scan Direction": "Forward", "Index Name": "supplier_pkey", "Relation Name": "supplier", "Alias": "supplier", "Startup Cost": 0.0, "Total Cost": 5334.54, "Plan Rows": 100000, "Plan Width": 63}]}, {"Node Type": "Materialize", "Parent Relationship": "Inner", "Startup Cost": 6419358.7, "Total Cost": 6714188.41, "Plan Rows": 2, "Plan Width": 16, "Plans": [{"Node Type": "Hash Join", "Parent Relationship": "Outer", "Join Type": "Inner", "Startup Cost": 6419358.7, "Total Cost": 6714188.4, "Plan Rows": 2, "Plan Width": 16, "Inner Unique": false, "Hash Cond": "((lineitem.l_partkey = partsupp.ps_partkey) AND (lineitem.l_suppkey = partsupp.ps_suppkey))", "Join Filter": "((partsupp.ps_availqty)::double precision > (.5::double precision * (sum(lineitem.l_quantity))))", "Plans": [{"Node Type": "Aggregate", "Strategy": "Hashed", "Parent Relationship": "Outer", "Startup Cost": 6154458.63, "Total Cost": 6267854.63, "Plan Rows": 9071680, "Plan Width": 24, "Group By Key": ["lineitem.l_partkey", "lineitem.l_suppkey"], "Plans": [{"Node Type": "Index Scan", "Parent Relationship": "Outer", "Scan Direction": "Forward", "Index Name": "idx_lineitem_shipdate", "Relation Name": "lineitem", "Alias": "lineitem", "Startup Cost": 0.0, "Total Cost": 6063741.83, "Plan Rows": 9071680, "Plan Width": 24, "Index Cond": "((l_shipdate >= '1993-01-01 00:00:00'::timestamp(0) without time zone) AND (l_shipdate < '1994-01-01 00:00:00'::timestamp without time zone)), (LLVM Optimized)"}]}, {"Node Type": "Hash", "Parent Relationship": "Inner", "Startup Cost": 263931.78, "Total Cost": 263931.78, "Plan Rows": 64552, "Plan Width": 32, "Plans": [{"Node Type": "Nested Loop", "Parent Relationship": "Outer", "Join Type": "Inner", "Startup Cost": 0.0, "Total Cost": 263931.78, "Plan Rows": 64552, "Plan Width": 32, "Inner Unique": false, "Plans": [{"Node Type": "Index Scan", "Parent Relationship": "Outer", "Scan Direction": "Forward", "Index Name": "part_kpey", "Relation Name": "part", "Alias": "part", "Startup Cost": 0.0, "Total Cost": 105803.25, "Plan Rows": 22472, "Plan Width": 8, "Filter": "((p_name)::text ~~ 'green%'::text)"}, {"Node Type": "Index Scan", "Parent Relationship": "Inner", "Scan Direction": "Forward", "Index Name": "idx_partsupp_partkey", "Relation Name": "partsupp", "Alias": "partsupp", "Startup Cost": 0.0, "Total Cost": 7.01, "Plan Rows": 3, "Plan Width": 24, "Index Cond": "(ps_partkey = part.p_partkey)"}]}]}]}]}]}]}, "Unique SQL Id": 202076520, "Planner Runtime": 1}, "explain_analyze_plan": {"Plan": {"Node Type": "Sort", "Startup Cost": 6721015.3, "Total Cost": 6721020.3, "Plan Rows": 2000, "Plan Width": 51, "Actual Startup Time": 86749.763, "Actual Total Time": 86749.939, "Actual Rows": 1746, "Actual Loops": 1, "Sort Key": ["supplier.s_name"], "Sort Method": "quicksort", "Sort Space Used": 309, "Sort Space Type": "Memory", "Plans": [{"Node Type": "Nested Loop", "Parent Relationship": "Outer", "Join Type": "Semi", "Startup Cost": 6419358.7, "Total Cost": 6720905.64, "Plan Rows": 2000, "Plan Width": 51, "Actual Startup Time": 37358.663, "Actual Total Time": 86745.413, "Actual Rows": 1746, "Actual Loops": 1, "Inner Unique": false, "Join Filter": "(supplier.s_suppkey = lineitem.l_suppkey)", "Rows Removed by Join Filter": 174379317, "Plans": [{"Node Type": "Nested Loop", "Parent Relationship": "Outer", "Join Type": "Inner", "Startup Cost": 0.0, "Total Cost": 6597.23, "Plan Rows": 4000, "Plan Width": 59, "Actual Startup Time": 0.079, "Actual Total Time": 102.675, "Actual Rows": 3934, "Actual Loops": 1, "Inner Unique": false, "Join Filter": "(supplier.s_nationkey = nation.n_nationkey)", "Rows Removed by Join Filter": 96066, "Plans": [{"Node Type": "Index Scan", "Parent Relationship": "Outer", "Scan Direction": "Forward", "Index Name": "nation_pkey", "Relation Name": "nation", "Alias": "nation", "Startup Cost": 0.0, "Total Cost": 12.69, "Plan Rows": 1, "Plan Width": 4, "Actual Startup Time": 0.022, "Actual Total Time": 0.046, "Actual Rows": 1, "Actual Loops": 1, "Filter": "(n_name = 'ALGERIA'::bpchar)", "Rows Removed by Filter": 24}, {"Node Type": "Index Scan", "Parent Relationship": "Inner", "Scan Direction": "Forward", "Index Name": "supplier_pkey", "Relation Name": "supplier", "Alias": "supplier", "Startup Cost": 0.0, "Total Cost": 5334.54, "Plan Rows": 100000, "Plan Width": 63, "Actual Startup Time": 0.035, "Actual Total Time": 75.077, "Actual Rows": 100000, "Actual Loops": 1}]}, {"Node Type": "Materialize", "Parent Relationship": "Inner", "Startup Cost": 6419358.7, "Total Cost": 6714188.41, "Plan Rows": 2, "Plan Width": 16, "Actual Startup Time": 32367.951, "Actual Total Time": 54246.545, "Actual Rows": 174381063, "Actual Loops": 3934, "Plans": [{"Node Type": "Hash Join", "Parent Relationship": "Outer", "Join Type": "Inner", "Startup Cost": 6419358.7, "Total Cost": 6714188.4, "Plan Rows": 2, "Plan Width": 16, "Actual Startup Time": 32367.177, "Actual Total Time": 37314.777, "Actual Rows": 58537, "Actual Loops": 1, "Inner Unique": false, "Hash Cond": "((lineitem.l_partkey = partsupp.ps_partkey) AND (lineitem.l_suppkey = partsupp.ps_suppkey))", "Join Filter": "((partsupp.ps_availqty)::double precision > (.5::double precision * (sum(lineitem.l_quantity))))", "Rows Removed by Join Filter": 136, "Plans": [{"Node Type": "Aggregate", "Strategy": "Hashed", "Parent Relationship": "Outer", "Startup Cost": 6154458.63, "Total Cost": 6267854.63, "Plan Rows": 9071680, "Plan Width": 24, "Actual Startup Time": 30917.43, "Actual Total Time": 34254.395, "Actual Rows": 5442751, "Actual Loops": 1, "Group By Key": ["lineitem.l_partkey", "lineitem.l_suppkey"], "Plans": [{"Node Type": "Index Scan", "Parent Relationship": "Outer", "Scan Direction": "Forward", "Index Name": "idx_lineitem_shipdate", "Relation Name": "lineitem", "Alias": "lineitem", "Startup Cost": 0.0, "Total Cost": 6063741.83, "Plan Rows": 9071680, "Plan Width": 24, "Actual Startup Time": 0.074, "Actual Total Time": 22513.839, "Actual Rows": 9109641, "Actual Loops": 1, "Index Cond": "((l_shipdate >= '1993-01-01 00:00:00'::timestamp(0) without time zone) AND (l_shipdate < '1994-01-01 00:00:00'::timestamp without time zone)), (LLVM Optimized, Jit Execute)", "Rows Removed by Index Recheck": 0}]}, {"Node Type": "Hash", "Parent Relationship": "Inner", "Startup Cost": 263931.78, "Total Cost": 263931.78, "Plan Rows": 64552, "Plan Width": 32, "Actual Startup Time": 1449.614, "Actual Total Time": 1449.614, "Actual Rows": 86224, "Actual Loops": 1, "Hash Buckets": 65536, "Hash Batches": 1, "Original Hash Batches": 1, "Peak Memory Usage": 5389, "Plans": [{"Node Type": "Nested Loop", "Parent Relationship": "Outer", "Join Type": "Inner", "Startup Cost": 0.0, "Total Cost": 263931.78, "Plan Rows": 64552, "Plan Width": 32, "Actual Startup Time": 0.053, "Actual Total Time": 1416.674, "Actual Rows": 86224, "Actual Loops": 1, "Inner Unique": false, "Plans": [{"Node Type": "Index Scan", "Parent Relationship": "Outer", "Scan Direction": "Forward", "Index Name": "part_kpey", "Relation Name": "part", "Alias": "part", "Startup Cost": 0.0, "Total Cost": 105803.25, "Plan Rows": 22472, "Plan Width": 8, "Actual Startup Time": 0.042, "Actual Total Time": 1229.372, "Actual Rows": 21556, "Actual Loops": 1, "Filter": "((p_name)::text ~~ 'green%'::text)", "Rows Removed by Filter": 1978444}, {"Node Type": "Index Scan", "Parent Relationship": "Inner", "Scan Direction": "Forward", "Index Name": "idx_partsupp_partkey", "Relation Name": "partsupp", "Alias": "partsupp", "Startup Cost": 0.0, "Total Cost": 7.01, "Plan Rows": 3, "Plan Width": 24, "Actual Startup Time": 115.173, "Actual Total Time": 154.781, "Actual Rows": 86224, "Actual Loops": 21556, "Index Cond": "(ps_partkey = part.p_partkey)", "Rows Removed by Index Recheck": 0}]}]}]}]}]}]}, "Triggers": [], "Planner Runtime": 1, "Total Runtime": 86759.59, "Unique SQL Id": 202076520}}, "(1, 46)": {"explain_plan": {"Plan": {"Node Type": "Sort", "Startup Cost": 3064191.97, "Total Cost": 3064196.97, "Plan Rows": 2000, "Plan Width": 51, "Sort Key": ["supplier.s_name"], "Plans": [{"Node Type": "Nested Loop", "Parent Relationship": "Outer", "Join Type": "Semi", "Startup Cost": 2764598.29, "Total Cost": 3064082.31, "Plan Rows": 2000, "Plan Width": 51, "Inner Unique": false, "Join Filter": "(supplier.s_suppkey = lineitem.l_suppkey)", "Plans": [{"Node Type": "Nested Loop", "Parent Relationship": "Outer", "Join Type": "Inner", "Startup Cost": 0.0, "Total Cost": 4534.31, "Plan Rows": 4000, "Plan Width": 59, "Inner Unique": false, "Join Filter": "(supplier.s_nationkey = nation.n_nationkey)", "Plans": [{"Node Type": "Seq Scan", "Parent Relationship": "Outer", "Relation Name": "nation", "Alias": "nation", "Startup Cost": 0.0, "Total Cost": 1.31, "Plan Rows": 1, "Plan Width": 4, "Filter": "(n_name = 'ALGERIA'::bpchar)"}, {"Node Type": "Seq Scan", "Parent Relationship": "Inner", "Relation Name": "supplier", "Alias": "supplier", "Startup Cost": 0.0, "Total Cost": 3283.0, "Plan Rows": 100000, "Plan Width": 63}]}, {"Node Type": "Materialize", "Parent Relationship": "Inner", "Startup Cost": 2764598.29, "Total Cost": 3059428.0, "Plan Rows": 2, "Plan Width": 16, "Plans": [{"Node Type": "Hash Join", "Parent Relationship": "Outer", "Join Type": "Inner", "Startup Cost": 2764598.29, "Total Cost": 3059427.99, "Plan Rows": 2, "Plan Width": 16, "Inner Unique": false, "Hash Cond": "((lineitem.l_partkey = partsupp.ps_partkey) AND (lineitem.l_suppkey = partsupp.ps_suppkey))", "Join Filter": "((partsupp.ps_availqty)::double precision > (.5::double precision * (sum(lineitem.l_quantity))))", "Plans": [{"Node Type": "Aggregate", "Strategy": "Hashed", "Parent Relationship": "Outer", "Startup Cost": 2405767.29, "Total Cost": 2519163.29, "Plan Rows": 9071680, "Plan Width": 24, "Group By Key": ["lineitem.l_partkey", "lineitem.l_suppkey"], "Plans": [{"Node Type": "Seq Scan", "Parent Relationship": "Outer", "Relation Name": "lineitem", "Alias": "lineitem", "Startup Cost": 119.67, "Total Cost": 2315050.5, "Plan Rows": 9071680, "Plan Width": 24, "Filter": "((l_shipdate >= '1993-01-01 00:00:00'::timestamp(0) without time zone) AND (l_shipdate < '1994-01-01 00:00:00'::timestamp without time zone)), (LLVM Optimized)"}]}, {"Node Type": "Hash", "Parent Relationship": "Inner", "Startup Cost": 357862.71, "Total Cost": 357862.71, "Plan Rows": 64552, "Plan Width": 32, "Plans": [{"Node Type": "Hash Join", "Parent Relationship": "Outer", "Join Type": "Inner", "Startup Cost": 67224.9, "Total Cost": 357862.71, "Plan Rows": 64552, "Plan Width": 32, "Inner Unique": true, "Hash Cond": "(partsupp.ps_partkey = part.p_partkey)", "Plans": [{"Node Type": "Seq Scan", "Parent Relationship": "Outer", "Relation Name": "partsupp", "Alias": "partsupp", "Startup Cost": 0.0, "Total Cost": 269987.72, "Plan Rows": 8000372, "Plan Width": 24}, {"Node Type": "Hash", "Parent Relationship": "Inner", "Startup Cost": 66944.0, "Total Cost": 66944.0, "Plan Rows": 22472, "Plan Width": 8, "Plans": [{"Node Type": "Seq Scan", "Parent Relationship": "Outer", "Relation Name": "part", "Alias": "part", "Startup Cost": 0.0, "Total Cost": 66944.0, "Plan Rows": 22472, "Plan Width": 8, "Filter": "((p_name)::text ~~ 'green%'::text)"}]}]}]}]}]}]}]}, "Unique SQL Id": 202076520, "Planner Runtime": 1}, "explain_analyze_plan": {"Plan": {"Node Type": "Sort", "Startup Cost": 3064191.97, "Total Cost": 3064196.97, "Plan Rows": 2000, "Plan Width": 51, "Actual Startup Time": 90537.631, "Actual Total Time": 90537.773, "Actual Rows": 1746, "Actual Loops": 1, "Sort Key": ["supplier.s_name"], "Sort Method": "quicksort", "Sort Space Used": 309, "Sort Space Type": "Memory", "Plans": [{"Node Type": "Nested Loop", "Parent Relationship": "Outer", "Join Type": "Semi", "Startup Cost": 2764598.29, "Total Cost": 3064082.31, "Plan Rows": 2000, "Plan Width": 51, "Actual Startup Time": 40204.066, "Actual Total Time": 90530.28, "Actual Rows": 1746, "Actual Loops": 1, "Inner Unique": false, "Join Filter": "(supplier.s_suppkey = lineitem.l_suppkey)", "Rows Removed by Join Filter": 174379316, "Plans": [{"Node Type": "Nested Loop", "Parent Relationship": "Outer", "Join Type": "Inner", "Startup Cost": 0.0, "Total Cost": 4534.31, "Plan Rows": 4000, "Plan Width": 59, "Actual Startup Time": 0.059, "Actual Total Time": 74.066, "Actual Rows": 3934, "Actual Loops": 1, "Inner Unique": false, "Join Filter": "(supplier.s_nationkey = nation.n_nationkey)", "Rows Removed by Join Filter": 96066, "Plans": [{"Node Type": "Seq Scan", "Parent Relationship": "Outer", "Relation Name": "nation", "Alias": "nation", "Startup Cost": 0.0, "Total Cost": 1.31, "Plan Rows": 1, "Plan Width": 4, "Actual Startup Time": 0.024, "Actual Total Time": 0.113, "Actual Rows": 1, "Actual Loops": 1, "Filter": "(n_name = 'ALGERIA'::bpchar)", "Rows Removed by Filter": 24}, {"Node Type": "Seq Scan", "Parent Relationship": "Inner", "Relation Name": "supplier", "Alias": "supplier", "Startup Cost": 0.0, "Total Cost": 3283.0, "Plan Rows": 100000, "Plan Width": 63, "Actual Startup Time": 0.019, "Actual Total Time": 44.334, "Actual Rows": 100000, "Actual Loops": 1}]}, {"Node Type": "Materialize", "Parent Relationship": "Inner", "Startup Cost": 2764598.29, "Total Cost": 3059428.0, "Plan Rows": 2, "Plan Width": 16, "Actual Startup Time": 35477.373, "Actual Total Time": 57394.752, "Actual Rows": 174381062, "Actual Loops": 3934, "Plans": [{"Node Type": "Hash Join", "Parent Relationship": "Outer", "Join Type": "Inner", "Startup Cost": 2764598.29, "Total Cost": 3059427.99, "Plan Rows": 2, "Plan Width": 16, "Actual Startup Time": 35476.648, "Actual Total Time": 40160.085, "Actual Rows": 58537, "Actual Loops": 1, "Inner Unique": false, "Hash Cond": "((lineitem.l_partkey = partsupp.ps_partkey) AND (lineitem.l_suppkey = partsupp.ps_suppkey))", "Join Filter": "((partsupp.ps_availqty)::double precision > (.5::double precision * (sum(lineitem.l_quantity))))", "Rows Removed by Join Filter": 136, "Plans": [{"Node Type": "Aggregate", "Strategy": "Hashed", "Parent Relationship": "Outer", "Startup Cost": 2405767.29, "Total Cost": 2519163.29, "Plan Rows": 9071680, "Plan Width": 24, "Actual Startup Time": 30733.339, "Actual Total Time": 33831.931, "Actual Rows": 5442751, "Actual Loops": 1, "Group By Key": ["lineitem.l_partkey", "lineitem.l_suppkey"], "Plans": [{"Node Type": "Seq Scan", "Parent Relationship": "Outer", "Relation Name": "lineitem", "Alias": "lineitem", "Startup Cost": 119.67, "Total Cost": 2315050.5, "Plan Rows": 9071680, "Plan Width": 24, "Actual Startup Time": 0.213, "Actual Total Time": 22997.544, "Actual Rows": 9109641, "Actual Loops": 1, "Filter": "((l_shipdate >= '1993-01-01 00:00:00'::timestamp(0) without time zone) AND (l_shipdate < '1994-01-01 00:00:00'::timestamp without time zone)), (LLVM Optimized, Jit Execute)", "Rows Removed by Filter": 50876411}]}, {"Node Type": "Hash", "Parent Relationship": "Inner", "Startup Cost": 357862.71, "Total Cost": 357862.71, "Plan Rows": 64552, "Plan Width": 32, "Actual Startup Time": 4742.951, "Actual Total Time": 4742.951, "Actual Rows": 86224, "Actual Loops": 1, "Hash Buckets": 65536, "Hash Batches": 1, "Original Hash Batches": 1, "Peak Memory Usage": 5389, "Plans": [{"Node Type": "Hash Join", "Parent Relationship": "Outer", "Join Type": "Inner", "Startup Cost": 67224.9, "Total Cost": 357862.71, "Plan Rows": 64552, "Plan Width": 32, "Actual Startup Time": 765.651, "Actual Total Time": 4702.159, "Actual Rows": 86224, "Actual Loops": 1, "Inner Unique": true, "Hash Cond": "(partsupp.ps_partkey = part.p_partkey)", "Plans": [{"Node Type": "Seq Scan", "Parent Relationship": "Outer", "Relation Name": "partsupp", "Alias": "partsupp", "Startup Cost": 0.0, "Total Cost": 269987.72, "Plan Rows": 8000372, "Plan Width": 24, "Actual Startup Time": 0.01, "Actual Total Time": 2393.977, "Actual Rows": 8000000, "Actual Loops": 1}, {"Node Type": "Hash", "Parent Relationship": "Inner", "Startup Cost": 66944.0, "Total Cost": 66944.0, "Plan Rows": 22472, "Plan Width": 8, "Actual Startup Time": 765.493, "Actual Total Time": 765.493, "Actual Rows": 21556, "Actual Loops": 1, "Hash Buckets": 32768, "Hash Batches": 1, "Original Hash Batches": 1, "Peak Memory Usage": 843, "Plans": [{"Node Type": "Seq Scan", "Parent Relationship": "Outer", "Relation Name": "part", "Alias": "part", "Startup Cost": 0.0, "Total Cost": 66944.0, "Plan Rows": 22472, "Plan Width": 8, "Actual Startup Time": 0.027, "Actual Total Time": 757.789, "Actual Rows": 21556, "Actual Loops": 1, "Filter": "((p_name)::text ~~ 'green%'::text)", "Rows Removed by Filter": 1978444}]}]}]}]}]}]}]}, "Triggers": [], "Planner Runtime": 1, "Total Runtime": 90547.444, "Unique SQL Id": 202076520}}, "(1, 47)": {"explain_plan": {"Plan": {"Node Type": "Sort", "Startup Cost": 5018253561064.47, "Total Cost": 5018253561069.47, "Plan Rows": 2000, "Plan Width": 51, "Sort Key": ["supplier.s_name"], "Plans": [{"Node Type": "Nested Loop", "Parent Relationship": "Outer", "Join Type": "Semi", "Startup Cost": 50000000000.0, "Total Cost": 5018253560954.81, "Plan Rows": 2000, "Plan Width": 51, "Inner Unique": false, "Join Filter": "(supplier.s_suppkey = subquery.\"?column?\")", "Plans": [{"Node Type": "Nested Loop", "Parent Relationship": "Outer", "Join Type": "Inner", "Startup Cost": 20000000000.0, "Total Cost": 2000000536223.13, "Plan Rows": 4000, "Plan Width": 59, "Inner Unique": true, "Join Filter": "(supplier.s_nationkey = nation.n_nationkey)", "Plans": [{"Node Type": "Index Scan", "Parent Relationship": "Outer", "Scan Direction": "Forward", "Index Name": "supplier_pkey", "Relation Name": "supplier", "Alias": "supplier", "Startup Cost": 10000000000.0, "Total Cost": 1000000533454.38, "Plan Rows": 100000, "Plan Width": 63}, {"Node Type": "Materialize", "Parent Relationship": "Inner", "Startup Cost": 10000000000.0, "Total Cost": 1000000001268.76, "Plan Rows": 1, "Plan Width": 4, "Plans": [{"Node Type": "Index Scan", "Parent Relationship": "Outer", "Scan Direction": "Forward", "Index Name": "nation_pkey", "Relation Name": "nation", "Alias": "nation", "Startup Cost": 10000000000.0, "Total Cost": 1000000001268.75, "Plan Rows": 1, "Plan Width": 4, "Filter": "(n_name = 'ALGERIA'::bpchar)"}]}]}, {"Node Type": "Materialize", "Parent Relationship": "Inner", "Startup Cost": 30000000000.0, "Total Cost": 3018253024611.68, "Plan Rows": 2, "Plan Width": 16, "Plans": [{"Node Type": "Nested Loop", "Parent Relationship": "Outer", "Join Type": "Inner", "Startup Cost": 30000000000.0, "Total Cost": 3018253024611.67, "Plan Rows": 2, "Plan Width": 16, "Inner Unique": true, "Join Filter": "((partsupp.ps_partkey = subquery.\"?column?\") AND (partsupp.ps_suppkey = subquery.\"?column?\") AND ((partsupp.ps_availqty)::double precision > (.5::double precision * subquery.\"?column?\")))", "Plans": [{"Node Type": "Nested Loop", "Parent Relationship": "Outer", "Join Type": "Semi", "Startup Cost": 20000000000.0, "Total Cost": 2002807445082.73, "Plan Rows": 64552, "Plan Width": 32, "Inner Unique": false, "Join Filter": "(partsupp.ps_partkey = part.p_partkey)", "Plans": [{"Node Type": "Index Scan", "Parent Relationship": "Outer", "Scan Direction": "Forward", "Index Name": "idx_partsupp_suppkey", "Relation Name": "partsupp", "Alias": "partsupp", "Startup Cost": 10000000000.0, "Total Cost": 1000100160480.77, "Plan Rows": 8000372, "Plan Width": 24}, {"Node Type": "Materialize", "Parent Relationship": "Inner", "Startup Cost": 10000000000.0, "Total Cost": 1000010580437.36, "Plan Rows": 22472, "Plan Width": 8, "Plans": [{"Node Type": "Index Scan", "Parent Relationship": "Outer", "Scan Direction": "Forward", "Index Name": "part_kpey", "Relation Name": "part", "Alias": "part", "Startup Cost": 10000000000.0, "Total Cost": 1000010580325.0, "Plan Rows": 22472, "Plan Width": 8, "Filter": "((p_name)::text ~~ 'green%'::text)"}]}]}, {"Node Type": "Materialize", "Parent Relationship": "Inner", "Startup Cost": 10000000000.0, "Total Cost": 1000805725024.14, "Plan Rows": 9071680, "Plan Width": 24, "Plans": [{"Node Type": "Subquery Scan", "Parent Relationship": "Outer", "Alias": "subquery", "Startup Cost": 10000000000.0, "Total Cost": 1000805679665.74, "Plan Rows": 9071680, "Plan Width": 24, "Plans": [{"Node Type": "Aggregate", "Strategy": "Sorted", "Parent Relationship": "Subquery", "Startup Cost": 10000000000.0, "Total Cost": 1000805588948.94, "Plan Rows": 9071680, "Plan Width": 40, "Group By Key": ["lineitem.l_partkey", "lineitem.l_suppkey"], "Plans": [{"Node Type": "Index Scan", "Parent Relationship": "Outer", "Scan Direction": "Forward", "Index Name": "idx_lineitem_part_supp", "Relation Name": "lineitem", "Alias": "lineitem", "Startup Cost": 10000000000.0, "Total Cost": 1000805384836.14, "Plan Rows": 9071680, "Plan Width": 24, "Filter": "((l_shipdate >= '1993-01-01 00:00:00'::timestamp(0) without time zone) AND (l_shipdate < '1994-01-01 00:00:00'::timestamp without time zone)), (LLVM Optimized)"}]}]}]}]}]}]}]}, "Unique SQL Id": 202076520, "Planner Runtime": 1}, "explain_analyze_plan": null}, "(1, 48)": {"explain_plan": {"Plan": {"Node Type": "Sort", "Startup Cost": 5735697.9, "Total Cost": 5735702.9, "Plan Rows": 2000, "Plan Width": 51, "Sort Key": ["supplier.s_name"], "Plans": [{"Node Type": "Nested Loop", "Parent Relationship": "Outer", "Join Type": "Semi", "Startup Cost": 1956349.97, "Total Cost": 5735588.24, "Plan Rows": 2000, "Plan Width": 51, "Inner Unique": false, "Join Filter": "(supplier.s_suppkey = lineitem.l_suppkey)", "Plans": [{"Node Type": "Nested Loop", "Parent Relationship": "Outer", "Join Type": "Inner", "Startup Cost": 0.0, "Total Cost": 4534.31, "Plan Rows": 4000, "Plan Width": 59, "Inner Unique": false, "Join Filter": "(supplier.s_nationkey = nation.n_nationkey)", "Plans": [{"Node Type": "Seq Scan", "Parent Relationship": "Outer", "Relation Name": "nation", "Alias": "nation", "Startup Cost": 0.0, "Total Cost": 1.31, "Plan Rows": 1, "Plan Width": 4, "Filter": "(n_name = 'ALGERIA'::bpchar)"}, {"Node Type": "Seq Scan", "Parent Relationship": "Inner", "Relation Name": "supplier", "Alias": "supplier", "Startup Cost": 0.0, "Total Cost": 3283.0, "Plan Rows": 100000, "Plan Width": 63}]}, {"Node Type": "Materialize", "Parent Relationship": "Inner", "Startup Cost": 1956349.97, "Total Cost": 5730933.93, "Plan Rows": 2, "Plan Width": 16, "Plans": [{"Node Type": "Nested Loop", "Parent Relationship": "Outer", "Join Type": "Semi", "Startup Cost": 1956349.97, "Total Cost": 5730933.92, "Plan Rows": 2, "Plan Width": 16, "Inner Unique": false, "Plans": [{"Node Type": "Nested Loop", "Parent Relationship": "Outer", "Join Type": "Inner", "Startup Cost": 1956349.97, "Total Cost": 5730929.17, "Plan Rows": 15, "Plan Width": 32, "Inner Unique": true, "Plans": [{"Node Type": "Aggregate", "Strategy": "Hashed", "Parent Relationship": "Outer", "Startup Cost": 1956349.97, "Total Cost": 2069745.97, "Plan Rows": 9071680, "Plan Width": 24, "Group By Key": ["lineitem.l_partkey", "lineitem.l_suppkey"], "Plans": [{"Node Type": "Bitmap Heap Scan", "Parent Relationship": "Outer", "Relation Name": "lineitem", "Alias": "lineitem", "Startup Cost": 314312.97, "Total Cost": 1865633.17, "Plan Rows": 9071680, "Plan Width": 24, "Recheck Cond": "((l_shipdate >= '1993-01-01 00:00:00'::timestamp(0) without time zone) AND (l_shipdate < '1994-01-01 00:00:00'::timestamp without time zone)), (LLVM Optimized)", "Plans": [{"Node Type": "Bitmap Index Scan", "Parent Relationship": "Outer", "Index Name": "idx_lineitem_shipdate", "Startup Cost": 0.0, "Total Cost": 312045.05, "Plan Rows": 9071680, "Plan Width": 0, "Index Cond": "((l_shipdate >= '1993-01-01 00:00:00'::timestamp(0) without time zone) AND (l_shipdate < '1994-01-01 00:00:00'::timestamp without time zone))"}]}]}, {"Node Type": "Index Scan", "Parent Relationship": "Inner", "Scan Direction": "Forward", "Index Name": "partsupp_pkey", "Relation Name": "partsupp", "Alias": "partsupp", "Startup Cost": 0.0, "Total Cost": 0.38, "Plan Rows": 1, "Plan Width": 24, "Index Cond": "((ps_partkey = lineitem.l_partkey) AND (ps_suppkey = lineitem.l_suppkey))", "Filter": "((ps_availqty)::double precision > (.5::double precision * (sum(lineitem.l_quantity))))"}]}, {"Node Type": "Index Scan", "Parent Relationship": "Inner", "Scan Direction": "Forward", "Index Name": "part_kpey", "Relation Name": "part", "Alias": "part", "Startup Cost": 0.0, "Total Cost": 0.3, "Plan Rows": 1, "Plan Width": 8, "Index Cond": "(p_partkey = partsupp.ps_partkey)", "Filter": "((p_name)::text ~~ 'green%'::text)"}]}]}]}]}, "Unique SQL Id": 202076520, "Planner Runtime": 1}, "explain_analyze_plan": null}, "(1, 49)": {"explain_plan": {"Plan": {"Node Type": "Sort", "Startup Cost": 5737760.82, "Total Cost": 5737765.82, "Plan Rows": 2000, "Plan Width": 51, "Sort Key": ["supplier.s_name"], "Plans": [{"Node Type": "Nested Loop", "Parent Relationship": "Outer", "Join Type": "Semi", "Startup Cost": 1956349.97, "Total Cost": 5737651.16, "Plan Rows": 2000, "Plan Width": 51, "Inner Unique": false, "Join Filter": "(supplier.s_suppkey = lineitem.l_suppkey)", "Plans": [{"Node Type": "Nested Loop", "Parent Relationship": "Outer", "Join Type": "Inner", "Startup Cost": 0.0, "Total Cost": 6597.23, "Plan Rows": 4000, "Plan Width": 59, "Inner Unique": false, "Join Filter": "(supplier.s_nationkey = nation.n_nationkey)", "Plans": [{"Node Type": "Index Scan", "Parent Relationship": "Outer", "Scan Direction": "Forward", "Index Name": "nation_pkey", "Relation Name": "nation", "Alias": "nation", "Startup Cost": 0.0, "Total Cost": 12.69, "Plan Rows": 1, "Plan Width": 4, "Filter": "(n_name = 'ALGERIA'::bpchar)"}, {"Node Type": "Index Scan", "Parent Relationship": "Inner", "Scan Direction": "Forward", "Index Name": "supplier_pkey", "Relation Name": "supplier", "Alias": "supplier", "Startup Cost": 0.0, "Total Cost": 5334.54, "Plan Rows": 100000, "Plan Width": 63}]}, {"Node Type": "Materialize", "Parent Relationship": "Inner", "Startup Cost": 1956349.97, "Total Cost": 5730933.93, "Plan Rows": 2, "Plan Width": 16, "Plans": [{"Node Type": "Nested Loop", "Parent Relationship": "Outer", "Join Type": "Semi", "Startup Cost": 1956349.97, "Total Cost": 5730933.92, "Plan Rows": 2, "Plan Width": 16, "Inner Unique": false, "Plans": [{"Node Type": "Nested Loop", "Parent Relationship": "Outer", "Join Type": "Inner", "Startup Cost": 1956349.97, "Total Cost": 5730929.17, "Plan Rows": 15, "Plan Width": 32, "Inner Unique": true, "Plans": [{"Node Type": "Aggregate", "Strategy": "Hashed", "Parent Relationship": "Outer", "Startup Cost": 1956349.97, "Total Cost": 2069745.97, "Plan Rows": 9071680, "Plan Width": 24, "Group By Key": ["lineitem.l_partkey", "lineitem.l_suppkey"], "Plans": [{"Node Type": "Bitmap Heap Scan", "Parent Relationship": "Outer", "Relation Name": "lineitem", "Alias": "lineitem", "Startup Cost": 314312.97, "Total Cost": 1865633.17, "Plan Rows": 9071680, "Plan Width": 24, "Recheck Cond": "((l_shipdate >= '1993-01-01 00:00:00'::timestamp(0) without time zone) AND (l_shipdate < '1994-01-01 00:00:00'::timestamp without time zone)), (LLVM Optimized)", "Plans": [{"Node Type": "Bitmap Index Scan", "Parent Relationship": "Outer", "Index Name": "idx_lineitem_shipdate", "Startup Cost": 0.0, "Total Cost": 312045.05, "Plan Rows": 9071680, "Plan Width": 0, "Index Cond": "((l_shipdate >= '1993-01-01 00:00:00'::timestamp(0) without time zone) AND (l_shipdate < '1994-01-01 00:00:00'::timestamp without time zone))"}]}]}, {"Node Type": "Index Scan", "Parent Relationship": "Inner", "Scan Direction": "Forward", "Index Name": "partsupp_pkey", "Relation Name": "partsupp", "Alias": "partsupp", "Startup Cost": 0.0, "Total Cost": 0.38, "Plan Rows": 1, "Plan Width": 24, "Index Cond": "((ps_partkey = lineitem.l_partkey) AND (ps_suppkey = lineitem.l_suppkey))", "Filter": "((ps_availqty)::double precision > (.5::double precision * (sum(lineitem.l_quantity))))"}]}, {"Node Type": "Index Scan", "Parent Relationship": "Inner", "Scan Direction": "Forward", "Index Name": "part_kpey", "Relation Name": "part", "Alias": "part", "Startup Cost": 0.0, "Total Cost": 0.3, "Plan Rows": 1, "Plan Width": 8, "Index Cond": "(p_partkey = partsupp.ps_partkey)", "Filter": "((p_name)::text ~~ 'green%'::text)"}]}]}]}]}, "Unique SQL Id": 202076520, "Planner Runtime": 1}, "explain_analyze_plan": null}, "(1, 50)": {"explain_plan": {"Plan": {"Node Type": "Sort", "Startup Cost": 41264813.41, "Total Cost": 41264818.41, "Plan Rows": 2000, "Plan Width": 51, "Sort Key": ["supplier.s_name"], "Plans": [{"Node Type": "Nested Loop", "Parent Relationship": "Outer", "Join Type": "Semi", "Startup Cost": 1956350.51, "Total Cost": 41264703.75, "Plan Rows": 2000, "Plan Width": 51, "Inner Unique": false, "Join Filter": "(supplier.s_suppkey = lineitem.l_suppkey)", "Plans": [{"Node Type": "Nested Loop", "Parent Relationship": "Outer", "Join Type": "Inner", "Startup Cost": 0.0, "Total Cost": 4534.31, "Plan Rows": 4000, "Plan Width": 59, "Inner Unique": false, "Join Filter": "(supplier.s_nationkey = nation.n_nationkey)", "Plans": [{"Node Type": "Seq Scan", "Parent Relationship": "Outer", "Relation Name": "nation", "Alias": "nation", "Startup Cost": 0.0, "Total Cost": 1.31, "Plan Rows": 1, "Plan Width": 4, "Filter": "(n_name = 'ALGERIA'::bpchar)"}, {"Node Type": "Seq Scan", "Parent Relationship": "Inner", "Relation Name": "supplier", "Alias": "supplier", "Startup Cost": 0.0, "Total Cost": 3283.0, "Plan Rows": 100000, "Plan Width": 63}]}, {"Node Type": "Materialize", "Parent Relationship": "Inner", "Startup Cost": 1956350.51, "Total Cost": 41260049.44, "Plan Rows": 2, "Plan Width": 16, "Plans": [{"Node Type": "Nested Loop", "Parent Relationship": "Outer", "Join Type": "Semi", "Startup Cost": 1956350.51, "Total Cost": 41260049.43, "Plan Rows": 2, "Plan Width": 16, "Inner Unique": false, "Join Filter": "(partsupp.ps_partkey = part.p_partkey)", "Plans": [{"Node Type": "Nested Loop", "Parent Relationship": "Outer", "Join Type": "Inner", "Startup Cost": 1956350.25, "Total Cost": 41259981.09, "Plan Rows": 15, "Plan Width": 32, "Inner Unique": true, "Plans": [{"Node Type": "Aggregate", "Strategy": "Hashed", "Parent Relationship": "Outer", "Startup Cost": 1956349.97, "Total Cost": 2069745.97, "Plan Rows": 9071680, "Plan Width": 24, "Group By Key": ["lineitem.l_partkey", "lineitem.l_suppkey"], "Plans": [{"Node Type": "Bitmap Heap Scan", "Parent Relationship": "Outer", "Relation Name": "lineitem", "Alias": "lineitem", "Startup Cost": 314312.97, "Total Cost": 1865633.17, "Plan Rows": 9071680, "Plan Width": 24, "Recheck Cond": "((l_shipdate >= '1993-01-01 00:00:00'::timestamp(0) without time zone) AND (l_shipdate < '1994-01-01 00:00:00'::timestamp without time zone)), (LLVM Optimized)", "Plans": [{"Node Type": "Bitmap Index Scan", "Parent Relationship": "Outer", "Index Name": "idx_lineitem_shipdate", "Startup Cost": 0.0, "Total Cost": 312045.05, "Plan Rows": 9071680, "Plan Width": 0, "Index Cond": "((l_shipdate >= '1993-01-01 00:00:00'::timestamp(0) without time zone) AND (l_shipdate < '1994-01-01 00:00:00'::timestamp without time zone))"}]}]}, {"Node Type": "Bitmap Heap Scan", "Parent Relationship": "Inner", "Relation Name": "partsupp", "Alias": "partsupp", "Startup Cost": 0.28, "Total Cost": 4.3, "Plan Rows": 1, "Plan Width": 24, "Recheck Cond": "((ps_partkey = lineitem.l_partkey) AND (ps_suppkey = lineitem.l_suppkey))", "Filter": "((ps_availqty)::double precision > (.5::double precision * (sum(lineitem.l_quantity))))", "Plans": [{"Node Type": "Bitmap Index Scan", "Parent Relationship": "Outer", "Index Name": "partsupp_pkey", "Startup Cost": 0.0, "Total Cost": 0.28, "Plan Rows": 1, "Plan Width": 0, "Index Cond": "((ps_partkey = lineitem.l_partkey) AND (ps_suppkey = lineitem.l_suppkey))"}]}]}, {"Node Type": "Bitmap Heap Scan", "Parent Relationship": "Inner", "Relation Name": "part", "Alias": "part", "Startup Cost": 0.26, "Total Cost": 4.28, "Plan Rows": 1, "Plan Width": 8, "Recheck Cond": "(p_partkey = lineitem.l_partkey)", "Filter": "((p_name)::text ~~ 'green%'::text)", "Plans": [{"Node Type": "Bitmap Index Scan", "Parent Relationship": "Outer", "Index Name": "part_kpey", "Startup Cost": 0.0, "Total Cost": 0.26, "Plan Rows": 1, "Plan Width": 0, "Index Cond": "(p_partkey = lineitem.l_partkey)"}]}]}]}]}]}, "Unique SQL Id": 202076520, "Planner Runtime": 1}, "explain_analyze_plan": null}, "(1, 51)": {"explain_plan": {"Plan": {"Node Type": "Sort", "Startup Cost": 41474309.17, "Total Cost": 41474314.17, "Plan Rows": 2000, "Plan Width": 51, "Sort Key": ["supplier.s_name"], "Plans": [{"Node Type": "Nested Loop", "Parent Relationship": "Outer", "Join Type": "Inner", "Startup Cost": 41260049.96, "Total Cost": 41474199.51, "Plan Rows": 2000, "Plan Width": 51, "Inner Unique": true, "Plans": [{"Node Type": "Nested Loop", "Parent Relationship": "Outer", "Join Type": "Inner", "Startup Cost": 41260049.7, "Total Cost": 41260058.01, "Plan Rows": 50000, "Plan Width": 55, "Inner Unique": true, "Plans": [{"Node Type": "Unique", "Parent Relationship": "Outer", "Startup Cost": 41260049.44, "Total Cost": 41260049.45, "Plan Rows": 2, "Plan Width": 16, "Plans": [{"Node Type": "Sort", "Parent Relationship": "Outer", "Startup Cost": 41260049.44, "Total Cost": 41260049.45, "Plan Rows": 2, "Plan Width": 16, "Sort Key": ["partsupp.ps_suppkey"], "Plans": [{"Node Type": "Nested Loop", "Parent Relationship": "Outer", "Join Type": "Semi", "Startup Cost": 1956350.51, "Total Cost": 41260049.43, "Plan Rows": 2, "Plan Width": 16, "Inner Unique": false, "Join Filter": "(partsupp.ps_partkey = part.p_partkey)", "Plans": [{"Node Type": "Nested Loop", "Parent Relationship": "Outer", "Join Type": "Inner", "Startup Cost": 1956350.25, "Total Cost": 41259981.09, "Plan Rows": 15, "Plan Width": 32, "Inner Unique": true, "Plans": [{"Node Type": "Aggregate", "Strategy": "Hashed", "Parent Relationship": "Outer", "Startup Cost": 1956349.97, "Total Cost": 2069745.97, "Plan Rows": 9071680, "Plan Width": 24, "Group By Key": ["lineitem.l_partkey", "lineitem.l_suppkey"], "Plans": [{"Node Type": "Bitmap Heap Scan", "Parent Relationship": "Outer", "Relation Name": "lineitem", "Alias": "lineitem", "Startup Cost": 314312.97, "Total Cost": 1865633.17, "Plan Rows": 9071680, "Plan Width": 24, "Recheck Cond": "((l_shipdate >= '1993-01-01 00:00:00'::timestamp(0) without time zone) AND (l_shipdate < '1994-01-01 00:00:00'::timestamp without time zone)), (LLVM Optimized)", "Plans": [{"Node Type": "Bitmap Index Scan", "Parent Relationship": "Outer", "Index Name": "idx_lineitem_shipdate", "Startup Cost": 0.0, "Total Cost": 312045.05, "Plan Rows": 9071680, "Plan Width": 0, "Index Cond": "((l_shipdate >= '1993-01-01 00:00:00'::timestamp(0) without time zone) AND (l_shipdate < '1994-01-01 00:00:00'::timestamp without time zone))"}]}]}, {"Node Type": "Bitmap Heap Scan", "Parent Relationship": "Inner", "Relation Name": "partsupp", "Alias": "partsupp", "Startup Cost": 0.28, "Total Cost": 4.3, "Plan Rows": 1, "Plan Width": 24, "Recheck Cond": "((ps_partkey = lineitem.l_partkey) AND (ps_suppkey = lineitem.l_suppkey))", "Filter": "((ps_availqty)::double precision > (.5::double precision * (sum(lineitem.l_quantity))))", "Plans": [{"Node Type": "Bitmap Index Scan", "Parent Relationship": "Outer", "Index Name": "partsupp_pkey", "Startup Cost": 0.0, "Total Cost": 0.28, "Plan Rows": 1, "Plan Width": 0, "Index Cond": "((ps_partkey = lineitem.l_partkey) AND (ps_suppkey = lineitem.l_suppkey))"}]}]}, {"Node Type": "Bitmap Heap Scan", "Parent Relationship": "Inner", "Relation Name": "part", "Alias": "part", "Startup Cost": 0.26, "Total Cost": 4.28, "Plan Rows": 1, "Plan Width": 8, "Recheck Cond": "(p_partkey = lineitem.l_partkey)", "Filter": "((p_name)::text ~~ 'green%'::text)", "Plans": [{"Node Type": "Bitmap Index Scan", "Parent Relationship": "Outer", "Index Name": "part_kpey", "Startup Cost": 0.0, "Total Cost": 0.26, "Plan Rows": 1, "Plan Width": 0, "Index Cond": "(p_partkey = lineitem.l_partkey)"}]}]}]}]}, {"Node Type": "Bitmap Heap Scan", "Parent Relationship": "Inner", "Relation Name": "supplier", "Alias": "supplier", "Startup Cost": 0.26, "Total Cost": 4.27, "Plan Rows": 1, "Plan Width": 63, "Recheck Cond": "(s_suppkey = lineitem.l_suppkey)", "Plans": [{"Node Type": "Bitmap Index Scan", "Parent Relationship": "Outer", "Index Name": "supplier_pkey", "Startup Cost": 0.0, "Total Cost": 0.26, "Plan Rows": 1, "Plan Width": 0, "Index Cond": "(s_suppkey = lineitem.l_suppkey)"}]}]}, {"Node Type": "Bitmap Heap Scan", "Parent Relationship": "Inner", "Relation Name": "nation", "Alias": "nation", "Startup Cost": 0.26, "Total Cost": 4.27, "Plan Rows": 1, "Plan Width": 4, "Recheck Cond": "(n_nationkey = supplier.s_nationkey)", "Filter": "(n_name = 'ALGERIA'::bpchar)", "Plans": [{"Node Type": "Bitmap Index Scan", "Parent Relationship": "Outer", "Index Name": "nation_pkey", "Startup Cost": 0.0, "Total Cost": 0.26, "Plan Rows": 1, "Plan Width": 0, "Index Cond": "(n_nationkey = supplier.s_nationkey)"}]}]}]}, "Unique SQL Id": 202076520, "Planner Runtime": 2}, "explain_analyze_plan": {"Plan": {"Node Type": "Sort", "Startup Cost": 41474309.17, "Total Cost": 41474314.17, "Plan Rows": 2000, "Plan Width": 51, "Actual Startup Time": 123034.011, "Actual Total Time": 123034.172, "Actual Rows": 1746, "Actual Loops": 1, "Sort Key": ["supplier.s_name"], "Sort Method": "quicksort", "Sort Space Used": 309, "Sort Space Type": "Memory", "Plans": [{"Node Type": "Nested Loop", "Parent Relationship": "Outer", "Join Type": "Inner", "Startup Cost": 41260049.96, "Total Cost": 41474199.51, "Plan Rows": 2000, "Plan Width": 51, "Actual Startup Time": 122623.884, "Actual Total Time": 123032.253, "Actual Rows": 1746, "Actual Loops": 1, "Inner Unique": true, "Plans": [{"Node Type": "Nested Loop", "Parent Relationship": "Outer", "Join Type": "Inner", "Startup Cost": 41260049.7, "Total Cost": 41260058.01, "Plan Rows": 50000, "Plan Width": 55, "Actual Startup Time": 122623.574, "Actual Total Time": 122860.159, "Actual Rows": 44487, "Actual Loops": 1, "Inner Unique": true, "Plans": [{"Node Type": "Unique", "Parent Relationship": "Outer", "Startup Cost": 41260049.44, "Total Cost": 41260049.45, "Plan Rows": 2, "Plan Width": 16, "Actual Startup Time": 122623.524, "Actual Total Time": 122652.62, "Actual Rows": 44487, "Actual Loops": 1, "Plans": [{"Node Type": "Sort", "Parent Relationship": "Outer", "Startup Cost": 41260049.44, "Total Cost": 41260049.45, "Plan Rows": 2, "Plan Width": 16, "Actual Startup Time": 122623.52, "Actual Total Time": 122634.619, "Actual Rows": 58537, "Actual Loops": 1, "Sort Key": ["partsupp.ps_suppkey"], "Sort Method": "quicksort", "Sort Space Used": 7024, "Sort Space Type": "Memory", "Plans": [{"Node Type": "Nested Loop", "Parent Relationship": "Outer", "Join Type": "Semi", "Startup Cost": 1956350.51, "Total Cost": 41260049.43, "Plan Rows": 2, "Plan Width": 16, "Actual Startup Time": 18960.753, "Actual Total Time": 122538.632, "Actual Rows": 58537, "Actual Loops": 1, "Inner Unique": false, "Join Filter": "(partsupp.ps_partkey = part.p_partkey)", "Rows Removed by Join Filter": 0, "Plans": [{"Node Type": "Nested Loop", "Parent Relationship": "Outer", "Join Type": "Inner", "Startup Cost": 1956350.25, "Total Cost": 41259981.09, "Plan Rows": 15, "Plan Width": 32, "Actual Startup Time": 18960.35, "Actual Total Time": 76712.02, "Actual Rows": 5431247, "Actual Loops": 1, "Inner Unique": true, "Plans": [{"Node Type": "Aggregate", "Strategy": "Hashed", "Parent Relationship": "Outer", "Startup Cost": 1956349.97, "Total Cost": 2069745.97, "Plan Rows": 9071680, "Plan Width": 24, "Actual Startup Time": 18960.226, "Actual Total Time": 23912.293, "Actual Rows": 5442751, "Actual Loops": 1, "Group By Key": ["lineitem.l_partkey", "lineitem.l_suppkey"], "Plans": [{"Node Type": "Bitmap Heap Scan", "Parent Relationship": "Outer", "Relation Name": "lineitem", "Alias": "lineitem", "Startup Cost": 314312.97, "Total Cost": 1865633.17, "Plan Rows": 9071680, "Plan Width": 24, "Actual Startup Time": 4194.642, "Actual Total Time": 11458.292, "Actual Rows": 9109641, "Actual Loops": 1, "Recheck Cond": "((l_shipdate >= '1993-01-01 00:00:00'::timestamp(0) without time zone) AND (l_shipdate < '1994-01-01 00:00:00'::timestamp without time zone)), (LLVM Optimized, Jit Execute)", "Rows Removed by Index Recheck": 0, "Exact Heap Blocks": 1252335, "Lossy Heap Blocks": 1252335, "Plans": [{"Node Type": "Bitmap Index Scan", "Parent Relationship": "Outer", "Index Name": "idx_lineitem_shipdate", "Startup Cost": 0.0, "Total Cost": 312045.05, "Plan Rows": 9071680, "Plan Width": 0, "Actual Startup Time": 3470.055, "Actual Total Time": 3470.055, "Actual Rows": 9109641, "Actual Loops": 1, "Index Cond": "((l_shipdate >= '1993-01-01 00:00:00'::timestamp(0) without time zone) AND (l_shipdate < '1994-01-01 00:00:00'::timestamp without time zone))"}]}]}, {"Node Type": "Bitmap Heap Scan", "Parent Relationship": "Inner", "Relation Name": "partsupp", "Alias": "partsupp", "Startup Cost": 0.28, "Total Cost": 4.3, "Plan Rows": 1, "Plan Width": 24, "Actual Startup Time": 44899.069, "Actual Total Time": 44899.069, "Actual Rows": 5431247, "Actual Loops": 5442751, "Recheck Cond": "((ps_partkey = lineitem.l_partkey) AND (ps_suppkey = lineitem.l_suppkey))", "Rows Removed by Index Recheck": 0, "Filter": "((ps_availqty)::double precision > (.5::double precision * (sum(lineitem.l_quantity))))", "Rows Removed by Filter": 11504, "Exact Heap Blocks": 5442751, "Lossy Heap Blocks": 5442751, "Plans": [{"Node Type": "Bitmap Index Scan", "Parent Relationship": "Outer", "Index Name": "partsupp_pkey", "Startup Cost": 0.0, "Total Cost": 0.28, "Plan Rows": 1, "Plan Width": 0, "Actual Startup Time": 27584.74, "Actual Total Time": 27584.74, "Actual Rows": 5442751, "Actual Loops": 5442751, "Index Cond": "((ps_partkey = lineitem.l_partkey) AND (ps_suppkey = lineitem.l_suppkey))"}]}]}, {"Node Type": "Bitmap Heap Scan", "Parent Relationship": "Inner", "Relation Name": "part", "Alias": "part", "Startup Cost": 0.26, "Total Cost": 4.28, "Plan Rows": 1, "Plan Width": 8, "Actual Startup Time": 39579.35, "Actual Total Time": 39579.35, "Actual Rows": 58537, "Actual Loops": 5431247, "Recheck Cond": "(p_partkey = lineitem.l_partkey)", "Rows Removed by Index Recheck": 0, "Filter": "((p_name)::text ~~ 'green%'::text)", "Rows Removed by Filter": 5372710, "Exact Heap Blocks": 5431247, "Lossy Heap Blocks": 5431247, "Plans": [{"Node Type": "Bitmap Index Scan", "Parent Relationship": "Outer", "Index Name": "part_kpey", "Startup Cost": 0.0, "Total Cost": 0.26, "Plan Rows": 1, "Plan Width": 0, "Actual Startup Time": 23439.794, "Actual Total Time": 23439.794, "Actual Rows": 5431247, "Actual Loops": 5431247, "Index Cond": "(p_partkey = lineitem.l_partkey)"}]}]}]}]}, {"Node Type": "Bitmap Heap Scan", "Parent Relationship": "Inner", "Relation Name": "supplier", "Alias": "supplier", "Startup Cost": 0.26, "Total Cost": 4.27, "Plan Rows": 1, "Plan Width": 63, "Actual Startup Time": 148.575, "Actual Total Time": 148.575, "Actual Rows": 44487, "Actual Loops": 44487, "Recheck Cond": "(s_suppkey = lineitem.l_suppkey)", "Rows Removed by Index Recheck": 0, "Exact Heap Blocks": 44487, "Lossy Heap Blocks": 44487, "Plans": [{"Node Type": "Bitmap Index Scan", "Parent Relationship": "Outer", "Index Name": "supplier_pkey", "Startup Cost": 0.0, "Total Cost": 0.26, "Plan Rows": 1, "Plan Width": 0, "Actual Startup Time": 81.957, "Actual Total Time": 81.957, "Actual Rows": 44487, "Actual Loops": 44487, "Index Cond": "(s_suppkey = lineitem.l_suppkey)"}]}]}, {"Node Type": "Bitmap Heap Scan", "Parent Relationship": "Inner", "Relation Name": "nation", "Alias": "nation", "Startup Cost": 0.26, "Total Cost": 4.27, "Plan Rows": 1, "Plan Width": 4, "Actual Startup Time": 121.825, "Actual Total Time": 121.825, "Actual Rows": 1746, "Actual Loops": 44487, "Recheck Cond": "(n_nationkey = supplier.s_nationkey)", "Rows Removed by Index Recheck": 0, "Filter": "(n_name = 'ALGERIA'::bpchar)", "Rows Removed by Filter": 42741, "Exact Heap Blocks": 44487, "Lossy Heap Blocks": 44487, "Plans": [{"Node Type": "Bitmap Index Scan", "Parent Relationship": "Outer", "Index Name": "nation_pkey", "Startup Cost": 0.0, "Total Cost": 0.26, "Plan Rows": 1, "Plan Width": 0, "Actual Startup Time": 45.466, "Actual Total Time": 45.466, "Actual Rows": 44487, "Actual Loops": 44487, "Index Cond": "(n_nationkey = supplier.s_nationkey)"}]}]}]}, "Triggers": [], "Planner Runtime": 1, "Total Runtime": 123046.421, "Unique SQL Id": 202076520}}, "(1, 52)": {"explain_plan": {"Plan": {"Node Type": "Sort", "Startup Cost": 5735697.9, "Total Cost": 5735702.9, "Plan Rows": 2000, "Plan Width": 51, "Sort Key": ["supplier.s_name"], "Plans": [{"Node Type": "Nested Loop", "Parent Relationship": "Outer", "Join Type": "Semi", "Startup Cost": 1956349.97, "Total Cost": 5735588.24, "Plan Rows": 2000, "Plan Width": 51, "Inner Unique": false, "Join Filter": "(supplier.s_suppkey = lineitem.l_suppkey)", "Plans": [{"Node Type": "Nested Loop", "Parent Relationship": "Outer", "Join Type": "Inner", "Startup Cost": 0.0, "Total Cost": 4534.31, "Plan Rows": 4000, "Plan Width": 59, "Inner Unique": false, "Join Filter": "(supplier.s_nationkey = nation.n_nationkey)", "Plans": [{"Node Type": "Seq Scan", "Parent Relationship": "Outer", "Relation Name": "nation", "Alias": "nation", "Startup Cost": 0.0, "Total Cost": 1.31, "Plan Rows": 1, "Plan Width": 4, "Filter": "(n_name = 'ALGERIA'::bpchar)"}, {"Node Type": "Seq Scan", "Parent Relationship": "Inner", "Relation Name": "supplier", "Alias": "supplier", "Startup Cost": 0.0, "Total Cost": 3283.0, "Plan Rows": 100000, "Plan Width": 63}]}, {"Node Type": "Materialize", "Parent Relationship": "Inner", "Startup Cost": 1956349.97, "Total Cost": 5730933.93, "Plan Rows": 2, "Plan Width": 16, "Plans": [{"Node Type": "Nested Loop", "Parent Relationship": "Outer", "Join Type": "Semi", "Startup Cost": 1956349.97, "Total Cost": 5730933.92, "Plan Rows": 2, "Plan Width": 16, "Inner Unique": false, "Plans": [{"Node Type": "Nested Loop", "Parent Relationship": "Outer", "Join Type": "Inner", "Startup Cost": 1956349.97, "Total Cost": 5730929.17, "Plan Rows": 15, "Plan Width": 32, "Inner Unique": true, "Plans": [{"Node Type": "Aggregate", "Strategy": "Hashed", "Parent Relationship": "Outer", "Startup Cost": 1956349.97, "Total Cost": 2069745.97, "Plan Rows": 9071680, "Plan Width": 24, "Group By Key": ["lineitem.l_partkey", "lineitem.l_suppkey"], "Plans": [{"Node Type": "Bitmap Heap Scan", "Parent Relationship": "Outer", "Relation Name": "lineitem", "Alias": "lineitem", "Startup Cost": 314312.97, "Total Cost": 1865633.17, "Plan Rows": 9071680, "Plan Width": 24, "Recheck Cond": "((l_shipdate >= '1993-01-01 00:00:00'::timestamp(0) without time zone) AND (l_shipdate < '1994-01-01 00:00:00'::timestamp without time zone)), (LLVM Optimized)", "Plans": [{"Node Type": "Bitmap Index Scan", "Parent Relationship": "Outer", "Index Name": "idx_lineitem_shipdate", "Startup Cost": 0.0, "Total Cost": 312045.05, "Plan Rows": 9071680, "Plan Width": 0, "Index Cond": "((l_shipdate >= '1993-01-01 00:00:00'::timestamp(0) without time zone) AND (l_shipdate < '1994-01-01 00:00:00'::timestamp without time zone))"}]}]}, {"Node Type": "Index Scan", "Parent Relationship": "Inner", "Scan Direction": "Forward", "Index Name": "partsupp_pkey", "Relation Name": "partsupp", "Alias": "partsupp", "Startup Cost": 0.0, "Total Cost": 0.38, "Plan Rows": 1, "Plan Width": 24, "Index Cond": "((ps_partkey = lineitem.l_partkey) AND (ps_suppkey = lineitem.l_suppkey))", "Filter": "((ps_availqty)::double precision > (.5::double precision * (sum(lineitem.l_quantity))))"}]}, {"Node Type": "Index Scan", "Parent Relationship": "Inner", "Scan Direction": "Forward", "Index Name": "part_kpey", "Relation Name": "part", "Alias": "part", "Startup Cost": 0.0, "Total Cost": 0.3, "Plan Rows": 1, "Plan Width": 8, "Index Cond": "(p_partkey = partsupp.ps_partkey)", "Filter": "((p_name)::text ~~ 'green%'::text)"}]}]}]}]}, "Unique SQL Id": 202076520, "Planner Runtime": 1}, "explain_analyze_plan": null}, "(1, 53)": {"explain_plan": {"Plan": {"Node Type": "Sort", "Startup Cost": 5737760.82, "Total Cost": 5737765.82, "Plan Rows": 2000, "Plan Width": 51, "Sort Key": ["supplier.s_name"], "Plans": [{"Node Type": "Nested Loop", "Parent Relationship": "Outer", "Join Type": "Semi", "Startup Cost": 1956349.97, "Total Cost": 5737651.16, "Plan Rows": 2000, "Plan Width": 51, "Inner Unique": false, "Join Filter": "(supplier.s_suppkey = lineitem.l_suppkey)", "Plans": [{"Node Type": "Nested Loop", "Parent Relationship": "Outer", "Join Type": "Inner", "Startup Cost": 0.0, "Total Cost": 6597.23, "Plan Rows": 4000, "Plan Width": 59, "Inner Unique": false, "Join Filter": "(supplier.s_nationkey = nation.n_nationkey)", "Plans": [{"Node Type": "Index Scan", "Parent Relationship": "Outer", "Scan Direction": "Forward", "Index Name": "nation_pkey", "Relation Name": "nation", "Alias": "nation", "Startup Cost": 0.0, "Total Cost": 12.69, "Plan Rows": 1, "Plan Width": 4, "Filter": "(n_name = 'ALGERIA'::bpchar)"}, {"Node Type": "Index Scan", "Parent Relationship": "Inner", "Scan Direction": "Forward", "Index Name": "supplier_pkey", "Relation Name": "supplier", "Alias": "supplier", "Startup Cost": 0.0, "Total Cost": 5334.54, "Plan Rows": 100000, "Plan Width": 63}]}, {"Node Type": "Materialize", "Parent Relationship": "Inner", "Startup Cost": 1956349.97, "Total Cost": 5730933.93, "Plan Rows": 2, "Plan Width": 16, "Plans": [{"Node Type": "Nested Loop", "Parent Relationship": "Outer", "Join Type": "Semi", "Startup Cost": 1956349.97, "Total Cost": 5730933.92, "Plan Rows": 2, "Plan Width": 16, "Inner Unique": false, "Plans": [{"Node Type": "Nested Loop", "Parent Relationship": "Outer", "Join Type": "Inner", "Startup Cost": 1956349.97, "Total Cost": 5730929.17, "Plan Rows": 15, "Plan Width": 32, "Inner Unique": true, "Plans": [{"Node Type": "Aggregate", "Strategy": "Hashed", "Parent Relationship": "Outer", "Startup Cost": 1956349.97, "Total Cost": 2069745.97, "Plan Rows": 9071680, "Plan Width": 24, "Group By Key": ["lineitem.l_partkey", "lineitem.l_suppkey"], "Plans": [{"Node Type": "Bitmap Heap Scan", "Parent Relationship": "Outer", "Relation Name": "lineitem", "Alias": "lineitem", "Startup Cost": 314312.97, "Total Cost": 1865633.17, "Plan Rows": 9071680, "Plan Width": 24, "Recheck Cond": "((l_shipdate >= '1993-01-01 00:00:00'::timestamp(0) without time zone) AND (l_shipdate < '1994-01-01 00:00:00'::timestamp without time zone)), (LLVM Optimized)", "Plans": [{"Node Type": "Bitmap Index Scan", "Parent Relationship": "Outer", "Index Name": "idx_lineitem_shipdate", "Startup Cost": 0.0, "Total Cost": 312045.05, "Plan Rows": 9071680, "Plan Width": 0, "Index Cond": "((l_shipdate >= '1993-01-01 00:00:00'::timestamp(0) without time zone) AND (l_shipdate < '1994-01-01 00:00:00'::timestamp without time zone))"}]}]}, {"Node Type": "Index Scan", "Parent Relationship": "Inner", "Scan Direction": "Forward", "Index Name": "partsupp_pkey", "Relation Name": "partsupp", "Alias": "partsupp", "Startup Cost": 0.0, "Total Cost": 0.38, "Plan Rows": 1, "Plan Width": 24, "Index Cond": "((ps_partkey = lineitem.l_partkey) AND (ps_suppkey = lineitem.l_suppkey))", "Filter": "((ps_availqty)::double precision > (.5::double precision * (sum(lineitem.l_quantity))))"}]}, {"Node Type": "Index Scan", "Parent Relationship": "Inner", "Scan Direction": "Forward", "Index Name": "part_kpey", "Relation Name": "part", "Alias": "part", "Startup Cost": 0.0, "Total Cost": 0.3, "Plan Rows": 1, "Plan Width": 8, "Index Cond": "(p_partkey = partsupp.ps_partkey)", "Filter": "((p_name)::text ~~ 'green%'::text)"}]}]}]}]}, "Unique SQL Id": 202076520, "Planner Runtime": 1}, "explain_analyze_plan": null}, "(1, 54)": {"explain_plan": {"Plan": {"Node Type": "Sort", "Startup Cost": 41264813.41, "Total Cost": 41264818.41, "Plan Rows": 2000, "Plan Width": 51, "Sort Key": ["supplier.s_name"], "Plans": [{"Node Type": "Nested Loop", "Parent Relationship": "Outer", "Join Type": "Semi", "Startup Cost": 1956350.51, "Total Cost": 41264703.75, "Plan Rows": 2000, "Plan Width": 51, "Inner Unique": false, "Join Filter": "(supplier.s_suppkey = lineitem.l_suppkey)", "Plans": [{"Node Type": "Nested Loop", "Parent Relationship": "Outer", "Join Type": "Inner", "Startup Cost": 0.0, "Total Cost": 4534.31, "Plan Rows": 4000, "Plan Width": 59, "Inner Unique": false, "Join Filter": "(supplier.s_nationkey = nation.n_nationkey)", "Plans": [{"Node Type": "Seq Scan", "Parent Relationship": "Outer", "Relation Name": "nation", "Alias": "nation", "Startup Cost": 0.0, "Total Cost": 1.31, "Plan Rows": 1, "Plan Width": 4, "Filter": "(n_name = 'ALGERIA'::bpchar)"}, {"Node Type": "Seq Scan", "Parent Relationship": "Inner", "Relation Name": "supplier", "Alias": "supplier", "Startup Cost": 0.0, "Total Cost": 3283.0, "Plan Rows": 100000, "Plan Width": 63}]}, {"Node Type": "Materialize", "Parent Relationship": "Inner", "Startup Cost": 1956350.51, "Total Cost": 41260049.44, "Plan Rows": 2, "Plan Width": 16, "Plans": [{"Node Type": "Nested Loop", "Parent Relationship": "Outer", "Join Type": "Semi", "Startup Cost": 1956350.51, "Total Cost": 41260049.43, "Plan Rows": 2, "Plan Width": 16, "Inner Unique": false, "Join Filter": "(partsupp.ps_partkey = part.p_partkey)", "Plans": [{"Node Type": "Nested Loop", "Parent Relationship": "Outer", "Join Type": "Inner", "Startup Cost": 1956350.25, "Total Cost": 41259981.09, "Plan Rows": 15, "Plan Width": 32, "Inner Unique": true, "Plans": [{"Node Type": "Aggregate", "Strategy": "Hashed", "Parent Relationship": "Outer", "Startup Cost": 1956349.97, "Total Cost": 2069745.97, "Plan Rows": 9071680, "Plan Width": 24, "Group By Key": ["lineitem.l_partkey", "lineitem.l_suppkey"], "Plans": [{"Node Type": "Bitmap Heap Scan", "Parent Relationship": "Outer", "Relation Name": "lineitem", "Alias": "lineitem", "Startup Cost": 314312.97, "Total Cost": 1865633.17, "Plan Rows": 9071680, "Plan Width": 24, "Recheck Cond": "((l_shipdate >= '1993-01-01 00:00:00'::timestamp(0) without time zone) AND (l_shipdate < '1994-01-01 00:00:00'::timestamp without time zone)), (LLVM Optimized)", "Plans": [{"Node Type": "Bitmap Index Scan", "Parent Relationship": "Outer", "Index Name": "idx_lineitem_shipdate", "Startup Cost": 0.0, "Total Cost": 312045.05, "Plan Rows": 9071680, "Plan Width": 0, "Index Cond": "((l_shipdate >= '1993-01-01 00:00:00'::timestamp(0) without time zone) AND (l_shipdate < '1994-01-01 00:00:00'::timestamp without time zone))"}]}]}, {"Node Type": "Bitmap Heap Scan", "Parent Relationship": "Inner", "Relation Name": "partsupp", "Alias": "partsupp", "Startup Cost": 0.28, "Total Cost": 4.3, "Plan Rows": 1, "Plan Width": 24, "Recheck Cond": "((ps_partkey = lineitem.l_partkey) AND (ps_suppkey = lineitem.l_suppkey))", "Filter": "((ps_availqty)::double precision > (.5::double precision * (sum(lineitem.l_quantity))))", "Plans": [{"Node Type": "Bitmap Index Scan", "Parent Relationship": "Outer", "Index Name": "partsupp_pkey", "Startup Cost": 0.0, "Total Cost": 0.28, "Plan Rows": 1, "Plan Width": 0, "Index Cond": "((ps_partkey = lineitem.l_partkey) AND (ps_suppkey = lineitem.l_suppkey))"}]}]}, {"Node Type": "Bitmap Heap Scan", "Parent Relationship": "Inner", "Relation Name": "part", "Alias": "part", "Startup Cost": 0.26, "Total Cost": 4.28, "Plan Rows": 1, "Plan Width": 8, "Recheck Cond": "(p_partkey = lineitem.l_partkey)", "Filter": "((p_name)::text ~~ 'green%'::text)", "Plans": [{"Node Type": "Bitmap Index Scan", "Parent Relationship": "Outer", "Index Name": "part_kpey", "Startup Cost": 0.0, "Total Cost": 0.26, "Plan Rows": 1, "Plan Width": 0, "Index Cond": "(p_partkey = lineitem.l_partkey)"}]}]}]}]}]}, "Unique SQL Id": 202076520, "Planner Runtime": 1}, "explain_analyze_plan": null}, "(1, 55)": {"explain_plan": {"Plan": {"Node Type": "Sort", "Startup Cost": 41474309.17, "Total Cost": 41474314.17, "Plan Rows": 2000, "Plan Width": 51, "Sort Key": ["supplier.s_name"], "Plans": [{"Node Type": "Nested Loop", "Parent Relationship": "Outer", "Join Type": "Inner", "Startup Cost": 41260049.96, "Total Cost": 41474199.51, "Plan Rows": 2000, "Plan Width": 51, "Inner Unique": true, "Plans": [{"Node Type": "Nested Loop", "Parent Relationship": "Outer", "Join Type": "Inner", "Startup Cost": 41260049.7, "Total Cost": 41260058.01, "Plan Rows": 50000, "Plan Width": 55, "Inner Unique": true, "Plans": [{"Node Type": "Unique", "Parent Relationship": "Outer", "Startup Cost": 41260049.44, "Total Cost": 41260049.45, "Plan Rows": 2, "Plan Width": 16, "Plans": [{"Node Type": "Sort", "Parent Relationship": "Outer", "Startup Cost": 41260049.44, "Total Cost": 41260049.45, "Plan Rows": 2, "Plan Width": 16, "Sort Key": ["partsupp.ps_suppkey"], "Plans": [{"Node Type": "Nested Loop", "Parent Relationship": "Outer", "Join Type": "Semi", "Startup Cost": 1956350.51, "Total Cost": 41260049.43, "Plan Rows": 2, "Plan Width": 16, "Inner Unique": false, "Join Filter": "(partsupp.ps_partkey = part.p_partkey)", "Plans": [{"Node Type": "Nested Loop", "Parent Relationship": "Outer", "Join Type": "Inner", "Startup Cost": 1956350.25, "Total Cost": 41259981.09, "Plan Rows": 15, "Plan Width": 32, "Inner Unique": true, "Plans": [{"Node Type": "Aggregate", "Strategy": "Hashed", "Parent Relationship": "Outer", "Startup Cost": 1956349.97, "Total Cost": 2069745.97, "Plan Rows": 9071680, "Plan Width": 24, "Group By Key": ["lineitem.l_partkey", "lineitem.l_suppkey"], "Plans": [{"Node Type": "Bitmap Heap Scan", "Parent Relationship": "Outer", "Relation Name": "lineitem", "Alias": "lineitem", "Startup Cost": 314312.97, "Total Cost": 1865633.17, "Plan Rows": 9071680, "Plan Width": 24, "Recheck Cond": "((l_shipdate >= '1993-01-01 00:00:00'::timestamp(0) without time zone) AND (l_shipdate < '1994-01-01 00:00:00'::timestamp without time zone)), (LLVM Optimized)", "Plans": [{"Node Type": "Bitmap Index Scan", "Parent Relationship": "Outer", "Index Name": "idx_lineitem_shipdate", "Startup Cost": 0.0, "Total Cost": 312045.05, "Plan Rows": 9071680, "Plan Width": 0, "Index Cond": "((l_shipdate >= '1993-01-01 00:00:00'::timestamp(0) without time zone) AND (l_shipdate < '1994-01-01 00:00:00'::timestamp without time zone))"}]}]}, {"Node Type": "Bitmap Heap Scan", "Parent Relationship": "Inner", "Relation Name": "partsupp", "Alias": "partsupp", "Startup Cost": 0.28, "Total Cost": 4.3, "Plan Rows": 1, "Plan Width": 24, "Recheck Cond": "((ps_partkey = lineitem.l_partkey) AND (ps_suppkey = lineitem.l_suppkey))", "Filter": "((ps_availqty)::double precision > (.5::double precision * (sum(lineitem.l_quantity))))", "Plans": [{"Node Type": "Bitmap Index Scan", "Parent Relationship": "Outer", "Index Name": "partsupp_pkey", "Startup Cost": 0.0, "Total Cost": 0.28, "Plan Rows": 1, "Plan Width": 0, "Index Cond": "((ps_partkey = lineitem.l_partkey) AND (ps_suppkey = lineitem.l_suppkey))"}]}]}, {"Node Type": "Bitmap Heap Scan", "Parent Relationship": "Inner", "Relation Name": "part", "Alias": "part", "Startup Cost": 0.26, "Total Cost": 4.28, "Plan Rows": 1, "Plan Width": 8, "Recheck Cond": "(p_partkey = lineitem.l_partkey)", "Filter": "((p_name)::text ~~ 'green%'::text)", "Plans": [{"Node Type": "Bitmap Index Scan", "Parent Relationship": "Outer", "Index Name": "part_kpey", "Startup Cost": 0.0, "Total Cost": 0.26, "Plan Rows": 1, "Plan Width": 0, "Index Cond": "(p_partkey = lineitem.l_partkey)"}]}]}]}]}, {"Node Type": "Bitmap Heap Scan", "Parent Relationship": "Inner", "Relation Name": "supplier", "Alias": "supplier", "Startup Cost": 0.26, "Total Cost": 4.27, "Plan Rows": 1, "Plan Width": 63, "Recheck Cond": "(s_suppkey = lineitem.l_suppkey)", "Plans": [{"Node Type": "Bitmap Index Scan", "Parent Relationship": "Outer", "Index Name": "supplier_pkey", "Startup Cost": 0.0, "Total Cost": 0.26, "Plan Rows": 1, "Plan Width": 0, "Index Cond": "(s_suppkey = lineitem.l_suppkey)"}]}]}, {"Node Type": "Bitmap Heap Scan", "Parent Relationship": "Inner", "Relation Name": "nation", "Alias": "nation", "Startup Cost": 0.26, "Total Cost": 4.27, "Plan Rows": 1, "Plan Width": 4, "Recheck Cond": "(n_nationkey = supplier.s_nationkey)", "Filter": "(n_name = 'ALGERIA'::bpchar)", "Plans": [{"Node Type": "Bitmap Index Scan", "Parent Relationship": "Outer", "Index Name": "nation_pkey", "Startup Cost": 0.0, "Total Cost": 0.26, "Plan Rows": 1, "Plan Width": 0, "Index Cond": "(n_nationkey = supplier.s_nationkey)"}]}]}]}, "Unique SQL Id": 202076520, "Planner Runtime": 1}, "explain_analyze_plan": {"Plan": {"Node Type": "Sort", "Startup Cost": 41474309.17, "Total Cost": 41474314.17, "Plan Rows": 2000, "Plan Width": 51, "Actual Startup Time": 123034.011, "Actual Total Time": 123034.172, "Actual Rows": 1746, "Actual Loops": 1, "Sort Key": ["supplier.s_name"], "Sort Method": "quicksort", "Sort Space Used": 309, "Sort Space Type": "Memory", "Plans": [{"Node Type": "Nested Loop", "Parent Relationship": "Outer", "Join Type": "Inner", "Startup Cost": 41260049.96, "Total Cost": 41474199.51, "Plan Rows": 2000, "Plan Width": 51, "Actual Startup Time": 122623.884, "Actual Total Time": 123032.253, "Actual Rows": 1746, "Actual Loops": 1, "Inner Unique": true, "Plans": [{"Node Type": "Nested Loop", "Parent Relationship": "Outer", "Join Type": "Inner", "Startup Cost": 41260049.7, "Total Cost": 41260058.01, "Plan Rows": 50000, "Plan Width": 55, "Actual Startup Time": 122623.574, "Actual Total Time": 122860.159, "Actual Rows": 44487, "Actual Loops": 1, "Inner Unique": true, "Plans": [{"Node Type": "Unique", "Parent Relationship": "Outer", "Startup Cost": 41260049.44, "Total Cost": 41260049.45, "Plan Rows": 2, "Plan Width": 16, "Actual Startup Time": 122623.524, "Actual Total Time": 122652.62, "Actual Rows": 44487, "Actual Loops": 1, "Plans": [{"Node Type": "Sort", "Parent Relationship": "Outer", "Startup Cost": 41260049.44, "Total Cost": 41260049.45, "Plan Rows": 2, "Plan Width": 16, "Actual Startup Time": 122623.52, "Actual Total Time": 122634.619, "Actual Rows": 58537, "Actual Loops": 1, "Sort Key": ["partsupp.ps_suppkey"], "Sort Method": "quicksort", "Sort Space Used": 7024, "Sort Space Type": "Memory", "Plans": [{"Node Type": "Nested Loop", "Parent Relationship": "Outer", "Join Type": "Semi", "Startup Cost": 1956350.51, "Total Cost": 41260049.43, "Plan Rows": 2, "Plan Width": 16, "Actual Startup Time": 18960.753, "Actual Total Time": 122538.632, "Actual Rows": 58537, "Actual Loops": 1, "Inner Unique": false, "Join Filter": "(partsupp.ps_partkey = part.p_partkey)", "Rows Removed by Join Filter": 0, "Plans": [{"Node Type": "Nested Loop", "Parent Relationship": "Outer", "Join Type": "Inner", "Startup Cost": 1956350.25, "Total Cost": 41259981.09, "Plan Rows": 15, "Plan Width": 32, "Actual Startup Time": 18960.35, "Actual Total Time": 76712.02, "Actual Rows": 5431247, "Actual Loops": 1, "Inner Unique": true, "Plans": [{"Node Type": "Aggregate", "Strategy": "Hashed", "Parent Relationship": "Outer", "Startup Cost": 1956349.97, "Total Cost": 2069745.97, "Plan Rows": 9071680, "Plan Width": 24, "Actual Startup Time": 18960.226, "Actual Total Time": 23912.293, "Actual Rows": 5442751, "Actual Loops": 1, "Group By Key": ["lineitem.l_partkey", "lineitem.l_suppkey"], "Plans": [{"Node Type": "Bitmap Heap Scan", "Parent Relationship": "Outer", "Relation Name": "lineitem", "Alias": "lineitem", "Startup Cost": 314312.97, "Total Cost": 1865633.17, "Plan Rows": 9071680, "Plan Width": 24, "Actual Startup Time": 4194.642, "Actual Total Time": 11458.292, "Actual Rows": 9109641, "Actual Loops": 1, "Recheck Cond": "((l_shipdate >= '1993-01-01 00:00:00'::timestamp(0) without time zone) AND (l_shipdate < '1994-01-01 00:00:00'::timestamp without time zone)), (LLVM Optimized, Jit Execute)", "Rows Removed by Index Recheck": 0, "Exact Heap Blocks": 1252335, "Lossy Heap Blocks": 1252335, "Plans": [{"Node Type": "Bitmap Index Scan", "Parent Relationship": "Outer", "Index Name": "idx_lineitem_shipdate", "Startup Cost": 0.0, "Total Cost": 312045.05, "Plan Rows": 9071680, "Plan Width": 0, "Actual Startup Time": 3470.055, "Actual Total Time": 3470.055, "Actual Rows": 9109641, "Actual Loops": 1, "Index Cond": "((l_shipdate >= '1993-01-01 00:00:00'::timestamp(0) without time zone) AND (l_shipdate < '1994-01-01 00:00:00'::timestamp without time zone))"}]}]}, {"Node Type": "Bitmap Heap Scan", "Parent Relationship": "Inner", "Relation Name": "partsupp", "Alias": "partsupp", "Startup Cost": 0.28, "Total Cost": 4.3, "Plan Rows": 1, "Plan Width": 24, "Actual Startup Time": 44899.069, "Actual Total Time": 44899.069, "Actual Rows": 5431247, "Actual Loops": 5442751, "Recheck Cond": "((ps_partkey = lineitem.l_partkey) AND (ps_suppkey = lineitem.l_suppkey))", "Rows Removed by Index Recheck": 0, "Filter": "((ps_availqty)::double precision > (.5::double precision * (sum(lineitem.l_quantity))))", "Rows Removed by Filter": 11504, "Exact Heap Blocks": 5442751, "Lossy Heap Blocks": 5442751, "Plans": [{"Node Type": "Bitmap Index Scan", "Parent Relationship": "Outer", "Index Name": "partsupp_pkey", "Startup Cost": 0.0, "Total Cost": 0.28, "Plan Rows": 1, "Plan Width": 0, "Actual Startup Time": 27584.74, "Actual Total Time": 27584.74, "Actual Rows": 5442751, "Actual Loops": 5442751, "Index Cond": "((ps_partkey = lineitem.l_partkey) AND (ps_suppkey = lineitem.l_suppkey))"}]}]}, {"Node Type": "Bitmap Heap Scan", "Parent Relationship": "Inner", "Relation Name": "part", "Alias": "part", "Startup Cost": 0.26, "Total Cost": 4.28, "Plan Rows": 1, "Plan Width": 8, "Actual Startup Time": 39579.35, "Actual Total Time": 39579.35, "Actual Rows": 58537, "Actual Loops": 5431247, "Recheck Cond": "(p_partkey = lineitem.l_partkey)", "Rows Removed by Index Recheck": 0, "Filter": "((p_name)::text ~~ 'green%'::text)", "Rows Removed by Filter": 5372710, "Exact Heap Blocks": 5431247, "Lossy Heap Blocks": 5431247, "Plans": [{"Node Type": "Bitmap Index Scan", "Parent Relationship": "Outer", "Index Name": "part_kpey", "Startup Cost": 0.0, "Total Cost": 0.26, "Plan Rows": 1, "Plan Width": 0, "Actual Startup Time": 23439.794, "Actual Total Time": 23439.794, "Actual Rows": 5431247, "Actual Loops": 5431247, "Index Cond": "(p_partkey = lineitem.l_partkey)"}]}]}]}]}, {"Node Type": "Bitmap Heap Scan", "Parent Relationship": "Inner", "Relation Name": "supplier", "Alias": "supplier", "Startup Cost": 0.26, "Total Cost": 4.27, "Plan Rows": 1, "Plan Width": 63, "Actual Startup Time": 148.575, "Actual Total Time": 148.575, "Actual Rows": 44487, "Actual Loops": 44487, "Recheck Cond": "(s_suppkey = lineitem.l_suppkey)", "Rows Removed by Index Recheck": 0, "Exact Heap Blocks": 44487, "Lossy Heap Blocks": 44487, "Plans": [{"Node Type": "Bitmap Index Scan", "Parent Relationship": "Outer", "Index Name": "supplier_pkey", "Startup Cost": 0.0, "Total Cost": 0.26, "Plan Rows": 1, "Plan Width": 0, "Actual Startup Time": 81.957, "Actual Total Time": 81.957, "Actual Rows": 44487, "Actual Loops": 44487, "Index Cond": "(s_suppkey = lineitem.l_suppkey)"}]}]}, {"Node Type": "Bitmap Heap Scan", "Parent Relationship": "Inner", "Relation Name": "nation", "Alias": "nation", "Startup Cost": 0.26, "Total Cost": 4.27, "Plan Rows": 1, "Plan Width": 4, "Actual Startup Time": 121.825, "Actual Total Time": 121.825, "Actual Rows": 1746, "Actual Loops": 44487, "Recheck Cond": "(n_nationkey = supplier.s_nationkey)", "Rows Removed by Index Recheck": 0, "Filter": "(n_name = 'ALGERIA'::bpchar)", "Rows Removed by Filter": 42741, "Exact Heap Blocks": 44487, "Lossy Heap Blocks": 44487, "Plans": [{"Node Type": "Bitmap Index Scan", "Parent Relationship": "Outer", "Index Name": "nation_pkey", "Startup Cost": 0.0, "Total Cost": 0.26, "Plan Rows": 1, "Plan Width": 0, "Actual Startup Time": 45.466, "Actual Total Time": 45.466, "Actual Rows": 44487, "Actual Loops": 44487, "Index Cond": "(n_nationkey = supplier.s_nationkey)"}]}]}]}, "Triggers": [], "Planner Runtime": 1, "Total Runtime": 123046.421, "Unique SQL Id": 202076520}}, "(1, 56)": {"explain_plan": {"Plan": {"Node Type": "Sort", "Startup Cost": 6185115.22, "Total Cost": 6185120.22, "Plan Rows": 2000, "Plan Width": 51, "Sort Key": ["supplier.s_name"], "Plans": [{"Node Type": "Nested Loop", "Parent Relationship": "Outer", "Join Type": "Semi", "Startup Cost": 2405767.29, "Total Cost": 6185005.56, "Plan Rows": 2000, "Plan Width": 51, "Inner Unique": false, "Join Filter": "(supplier.s_suppkey = lineitem.l_suppkey)", "Plans": [{"Node Type": "Nested Loop", "Parent Relationship": "Outer", "Join Type": "Inner", "Startup Cost": 0.0, "Total Cost": 4534.31, "Plan Rows": 4000, "Plan Width": 59, "Inner Unique": false, "Join Filter": "(supplier.s_nationkey = nation.n_nationkey)", "Plans": [{"Node Type": "Seq Scan", "Parent Relationship": "Outer", "Relation Name": "nation", "Alias": "nation", "Startup Cost": 0.0, "Total Cost": 1.31, "Plan Rows": 1, "Plan Width": 4, "Filter": "(n_name = 'ALGERIA'::bpchar)"}, {"Node Type": "Seq Scan", "Parent Relationship": "Inner", "Relation Name": "supplier", "Alias": "supplier", "Startup Cost": 0.0, "Total Cost": 3283.0, "Plan Rows": 100000, "Plan Width": 63}]}, {"Node Type": "Materialize", "Parent Relationship": "Inner", "Startup Cost": 2405767.29, "Total Cost": 6180351.26, "Plan Rows": 2, "Plan Width": 16, "Plans": [{"Node Type": "Nested Loop", "Parent Relationship": "Outer", "Join Type": "Semi", "Startup Cost": 2405767.29, "Total Cost": 6180351.25, "Plan Rows": 2, "Plan Width": 16, "Inner Unique": false, "Plans": [{"Node Type": "Nested Loop", "Parent Relationship": "Outer", "Join Type": "Inner", "Startup Cost": 2405767.29, "Total Cost": 6180346.49, "Plan Rows": 15, "Plan Width": 32, "Inner Unique": true, "Plans": [{"Node Type": "Aggregate", "Strategy": "Hashed", "Parent Relationship": "Outer", "Startup Cost": 2405767.29, "Total Cost": 2519163.29, "Plan Rows": 9071680, "Plan Width": 24, "Group By Key": ["lineitem.l_partkey", "lineitem.l_suppkey"], "Plans": [{"Node Type": "Seq Scan", "Parent Relationship": "Outer", "Relation Name": "lineitem", "Alias": "lineitem", "Startup Cost": 119.67, "Total Cost": 2315050.5, "Plan Rows": 9071680, "Plan Width": 24, "Filter": "((l_shipdate >= '1993-01-01 00:00:00'::timestamp(0) without time zone) AND (l_shipdate < '1994-01-01 00:00:00'::timestamp without time zone)), (LLVM Optimized)"}]}, {"Node Type": "Index Scan", "Parent Relationship": "Inner", "Scan Direction": "Forward", "Index Name": "partsupp_pkey", "Relation Name": "partsupp", "Alias": "partsupp", "Startup Cost": 0.0, "Total Cost": 0.38, "Plan Rows": 1, "Plan Width": 24, "Index Cond": "((ps_partkey = lineitem.l_partkey) AND (ps_suppkey = lineitem.l_suppkey))", "Filter": "((ps_availqty)::double precision > (.5::double precision * (sum(lineitem.l_quantity))))"}]}, {"Node Type": "Index Scan", "Parent Relationship": "Inner", "Scan Direction": "Forward", "Index Name": "part_kpey", "Relation Name": "part", "Alias": "part", "Startup Cost": 0.0, "Total Cost": 0.3, "Plan Rows": 1, "Plan Width": 8, "Index Cond": "(p_partkey = partsupp.ps_partkey)", "Filter": "((p_name)::text ~~ 'green%'::text)"}]}]}]}]}, "Unique SQL Id": 202076520, "Planner Runtime": 1}, "explain_analyze_plan": null}, "(1, 57)": {"explain_plan": {"Plan": {"Node Type": "Sort", "Startup Cost": 9935869.48, "Total Cost": 9935874.48, "Plan Rows": 2000, "Plan Width": 51, "Sort Key": ["supplier.s_name"], "Plans": [{"Node Type": "Nested Loop", "Parent Relationship": "Outer", "Join Type": "Semi", "Startup Cost": 6154458.63, "Total Cost": 9935759.82, "Plan Rows": 2000, "Plan Width": 51, "Inner Unique": false, "Join Filter": "(supplier.s_suppkey = lineitem.l_suppkey)", "Plans": [{"Node Type": "Nested Loop", "Parent Relationship": "Outer", "Join Type": "Inner", "Startup Cost": 0.0, "Total Cost": 6597.23, "Plan Rows": 4000, "Plan Width": 59, "Inner Unique": false, "Join Filter": "(supplier.s_nationkey = nation.n_nationkey)", "Plans": [{"Node Type": "Index Scan", "Parent Relationship": "Outer", "Scan Direction": "Forward", "Index Name": "nation_pkey", "Relation Name": "nation", "Alias": "nation", "Startup Cost": 0.0, "Total Cost": 12.69, "Plan Rows": 1, "Plan Width": 4, "Filter": "(n_name = 'ALGERIA'::bpchar)"}, {"Node Type": "Index Scan", "Parent Relationship": "Inner", "Scan Direction": "Forward", "Index Name": "supplier_pkey", "Relation Name": "supplier", "Alias": "supplier", "Startup Cost": 0.0, "Total Cost": 5334.54, "Plan Rows": 100000, "Plan Width": 63}]}, {"Node Type": "Materialize", "Parent Relationship": "Inner", "Startup Cost": 6154458.63, "Total Cost": 9929042.6, "Plan Rows": 2, "Plan Width": 16, "Plans": [{"Node Type": "Nested Loop", "Parent Relationship": "Outer", "Join Type": "Semi", "Startup Cost": 6154458.63, "Total Cost": 9929042.59, "Plan Rows": 2, "Plan Width": 16, "Inner Unique": false, "Plans": [{"Node Type": "Nested Loop", "Parent Relationship": "Outer", "Join Type": "Inner", "Startup Cost": 6154458.63, "Total Cost": 9929037.83, "Plan Rows": 15, "Plan Width": 32, "Inner Unique": true, "Plans": [{"Node Type": "Aggregate", "Strategy": "Hashed", "Parent Relationship": "Outer", "Startup Cost": 6154458.63, "Total Cost": 6267854.63, "Plan Rows": 9071680, "Plan Width": 24, "Group By Key": ["lineitem.l_partkey", "lineitem.l_suppkey"], "Plans": [{"Node Type": "Index Scan", "Parent Relationship": "Outer", "Scan Direction": "Forward", "Index Name": "idx_lineitem_shipdate", "Relation Name": "lineitem", "Alias": "lineitem", "Startup Cost": 0.0, "Total Cost": 6063741.83, "Plan Rows": 9071680, "Plan Width": 24, "Index Cond": "((l_shipdate >= '1993-01-01 00:00:00'::timestamp(0) without time zone) AND (l_shipdate < '1994-01-01 00:00:00'::timestamp without time zone)), (LLVM Optimized)"}]}, {"Node Type": "Index Scan", "Parent Relationship": "Inner", "Scan Direction": "Forward", "Index Name": "partsupp_pkey", "Relation Name": "partsupp", "Alias": "partsupp", "Startup Cost": 0.0, "Total Cost": 0.38, "Plan Rows": 1, "Plan Width": 24, "Index Cond": "((ps_partkey = lineitem.l_partkey) AND (ps_suppkey = lineitem.l_suppkey))", "Filter": "((ps_availqty)::double precision > (.5::double precision * (sum(lineitem.l_quantity))))"}]}, {"Node Type": "Index Scan", "Parent Relationship": "Inner", "Scan Direction": "Forward", "Index Name": "part_kpey", "Relation Name": "part", "Alias": "part", "Startup Cost": 0.0, "Total Cost": 0.3, "Plan Rows": 1, "Plan Width": 8, "Index Cond": "(p_partkey = partsupp.ps_partkey)", "Filter": "((p_name)::text ~~ 'green%'::text)"}]}]}]}]}, "Unique SQL Id": 202076520, "Planner Runtime": 1}, "explain_analyze_plan": null}, "(1, 58)": {"explain_plan": {"Plan": {"Node Type": "Sort", "Startup Cost": 17339533198.13, "Total Cost": 17339533203.13, "Plan Rows": 2000, "Plan Width": 51, "Sort Key": ["supplier.s_name"], "Plans": [{"Node Type": "Nested Loop", "Parent Relationship": "Outer", "Join Type": "Semi", "Startup Cost": 2405767.29, "Total Cost": 17339533088.47, "Plan Rows": 2000, "Plan Width": 51, "Inner Unique": false, "Join Filter": "(supplier.s_suppkey = lineitem.l_suppkey)", "Plans": [{"Node Type": "Nested Loop", "Parent Relationship": "Outer", "Join Type": "Inner", "Startup Cost": 0.0, "Total Cost": 4534.31, "Plan Rows": 4000, "Plan Width": 59, "Inner Unique": false, "Join Filter": "(supplier.s_nationkey = nation.n_nationkey)", "Plans": [{"Node Type": "Seq Scan", "Parent Relationship": "Outer", "Relation Name": "nation", "Alias": "nation", "Startup Cost": 0.0, "Total Cost": 1.31, "Plan Rows": 1, "Plan Width": 4, "Filter": "(n_name = 'ALGERIA'::bpchar)"}, {"Node Type": "Seq Scan", "Parent Relationship": "Inner", "Relation Name": "supplier", "Alias": "supplier", "Startup Cost": 0.0, "Total Cost": 3283.0, "Plan Rows": 100000, "Plan Width": 63}]}, {"Node Type": "Materialize", "Parent Relationship": "Inner", "Startup Cost": 2405767.29, "Total Cost": 17339528434.16, "Plan Rows": 2, "Plan Width": 16, "Plans": [{"Node Type": "Nested Loop", "Parent Relationship": "Outer", "Join Type": "Inner", "Startup Cost": 2405767.29, "Total Cost": 17339528434.15, "Plan Rows": 2, "Plan Width": 16, "Inner Unique": false, "Join Filter": "((partsupp.ps_partkey = lineitem.l_partkey) AND (partsupp.ps_suppkey = lineitem.l_suppkey) AND ((partsupp.ps_availqty)::double precision > (.5::double precision * (sum(lineitem.l_quantity)))))", "Plans": [{"Node Type": "Aggregate", "Strategy": "Hashed", "Parent Relationship": "Outer", "Startup Cost": 2405767.29, "Total Cost": 2519163.29, "Plan Rows": 9071680, "Plan Width": 24, "Group By Key": ["lineitem.l_partkey", "lineitem.l_suppkey"], "Plans": [{"Node Type": "Seq Scan", "Parent Relationship": "Outer", "Relation Name": "lineitem", "Alias": "lineitem", "Startup Cost": 119.67, "Total Cost": 2315050.5, "Plan Rows": 9071680, "Plan Width": 24, "Filter": "((l_shipdate >= '1993-01-01 00:00:00'::timestamp(0) without time zone) AND (l_shipdate < '1994-01-01 00:00:00'::timestamp without time zone)), (LLVM Optimized)"}]}, {"Node Type": "Materialize", "Parent Relationship": "Inner", "Startup Cost": 0.0, "Total Cost": 2697041531.44, "Plan Rows": 64552, "Plan Width": 32, "Plans": [{"Node Type": "Nested Loop", "Parent Relationship": "Outer", "Join Type": "Semi", "Startup Cost": 0.0, "Total Cost": 2697041208.68, "Plan Rows": 64552, "Plan Width": 32, "Inner Unique": false, "Join Filter": "(partsupp.ps_partkey = part.p_partkey)", "Plans": [{"Node Type": "Seq Scan", "Parent Relationship": "Outer", "Relation Name": "partsupp", "Alias": "partsupp", "Startup Cost": 0.0, "Total Cost": 269987.72, "Plan Rows": 8000372, "Plan Width": 24}, {"Node Type": "Materialize", "Parent Relationship": "Inner", "Startup Cost": 0.0, "Total Cost": 67056.36, "Plan Rows": 22472, "Plan Width": 8, "Plans": [{"Node Type": "Seq Scan", "Parent Relationship": "Outer", "Relation Name": "part", "Alias": "part", "Startup Cost": 0.0, "Total Cost": 66944.0, "Plan Rows": 22472, "Plan Width": 8, "Filter": "((p_name)::text ~~ 'green%'::text)"}]}]}]}]}]}]}]}, "Unique SQL Id": 202076520, "Planner Runtime": 1}, "explain_analyze_plan": null}, "(1, 59)": {"explain_plan": {"Plan": {"Node Type": "Sort", "Startup Cost": 5018253561064.47, "Total Cost": 5018253561069.47, "Plan Rows": 2000, "Plan Width": 51, "Sort Key": ["supplier.s_name"], "Plans": [{"Node Type": "Nested Loop", "Parent Relationship": "Outer", "Join Type": "Semi", "Startup Cost": 50000000000.0, "Total Cost": 5018253560954.81, "Plan Rows": 2000, "Plan Width": 51, "Inner Unique": false, "Join Filter": "(supplier.s_suppkey = subquery.\"?column?\")", "Plans": [{"Node Type": "Nested Loop", "Parent Relationship": "Outer", "Join Type": "Inner", "Startup Cost": 20000000000.0, "Total Cost": 2000000536223.13, "Plan Rows": 4000, "Plan Width": 59, "Inner Unique": true, "Join Filter": "(supplier.s_nationkey = nation.n_nationkey)", "Plans": [{"Node Type": "Index Scan", "Parent Relationship": "Outer", "Scan Direction": "Forward", "Index Name": "supplier_pkey", "Relation Name": "supplier", "Alias": "supplier", "Startup Cost": 10000000000.0, "Total Cost": 1000000533454.38, "Plan Rows": 100000, "Plan Width": 63}, {"Node Type": "Materialize", "Parent Relationship": "Inner", "Startup Cost": 10000000000.0, "Total Cost": 1000000001268.76, "Plan Rows": 1, "Plan Width": 4, "Plans": [{"Node Type": "Index Scan", "Parent Relationship": "Outer", "Scan Direction": "Forward", "Index Name": "nation_pkey", "Relation Name": "nation", "Alias": "nation", "Startup Cost": 10000000000.0, "Total Cost": 1000000001268.75, "Plan Rows": 1, "Plan Width": 4, "Filter": "(n_name = 'ALGERIA'::bpchar)"}]}]}, {"Node Type": "Materialize", "Parent Relationship": "Inner", "Startup Cost": 30000000000.0, "Total Cost": 3018253024611.68, "Plan Rows": 2, "Plan Width": 16, "Plans": [{"Node Type": "Nested Loop", "Parent Relationship": "Outer", "Join Type": "Inner", "Startup Cost": 30000000000.0, "Total Cost": 3018253024611.67, "Plan Rows": 2, "Plan Width": 16, "Inner Unique": true, "Join Filter": "((partsupp.ps_partkey = subquery.\"?column?\") AND (partsupp.ps_suppkey = subquery.\"?column?\") AND ((partsupp.ps_availqty)::double precision > (.5::double precision * subquery.\"?column?\")))", "Plans": [{"Node Type": "Nested Loop", "Parent Relationship": "Outer", "Join Type": "Semi", "Startup Cost": 20000000000.0, "Total Cost": 2002807445082.73, "Plan Rows": 64552, "Plan Width": 32, "Inner Unique": false, "Join Filter": "(partsupp.ps_partkey = part.p_partkey)", "Plans": [{"Node Type": "Index Scan", "Parent Relationship": "Outer", "Scan Direction": "Forward", "Index Name": "idx_partsupp_suppkey", "Relation Name": "partsupp", "Alias": "partsupp", "Startup Cost": 10000000000.0, "Total Cost": 1000100160480.77, "Plan Rows": 8000372, "Plan Width": 24}, {"Node Type": "Materialize", "Parent Relationship": "Inner", "Startup Cost": 10000000000.0, "Total Cost": 1000010580437.36, "Plan Rows": 22472, "Plan Width": 8, "Plans": [{"Node Type": "Index Scan", "Parent Relationship": "Outer", "Scan Direction": "Forward", "Index Name": "part_kpey", "Relation Name": "part", "Alias": "part", "Startup Cost": 10000000000.0, "Total Cost": 1000010580325.0, "Plan Rows": 22472, "Plan Width": 8, "Filter": "((p_name)::text ~~ 'green%'::text)"}]}]}, {"Node Type": "Materialize", "Parent Relationship": "Inner", "Startup Cost": 10000000000.0, "Total Cost": 1000805725024.14, "Plan Rows": 9071680, "Plan Width": 24, "Plans": [{"Node Type": "Subquery Scan", "Parent Relationship": "Outer", "Alias": "subquery", "Startup Cost": 10000000000.0, "Total Cost": 1000805679665.74, "Plan Rows": 9071680, "Plan Width": 24, "Plans": [{"Node Type": "Aggregate", "Strategy": "Sorted", "Parent Relationship": "Subquery", "Startup Cost": 10000000000.0, "Total Cost": 1000805588948.94, "Plan Rows": 9071680, "Plan Width": 40, "Group By Key": ["lineitem.l_partkey", "lineitem.l_suppkey"], "Plans": [{"Node Type": "Index Scan", "Parent Relationship": "Outer", "Scan Direction": "Forward", "Index Name": "idx_lineitem_part_supp", "Relation Name": "lineitem", "Alias": "lineitem", "Startup Cost": 10000000000.0, "Total Cost": 1000805384836.14, "Plan Rows": 9071680, "Plan Width": 24, "Filter": "((l_shipdate >= '1993-01-01 00:00:00'::timestamp(0) without time zone) AND (l_shipdate < '1994-01-01 00:00:00'::timestamp without time zone)), (LLVM Optimized)"}]}]}]}]}]}]}]}, "Unique SQL Id": 202076520, "Planner Runtime": 1}, "explain_analyze_plan": null}, "(1, 60)": {"explain_plan": {"Plan": {"Node Type": "Sort", "Startup Cost": 6185115.22, "Total Cost": 6185120.22, "Plan Rows": 2000, "Plan Width": 51, "Sort Key": ["supplier.s_name"], "Plans": [{"Node Type": "Nested Loop", "Parent Relationship": "Outer", "Join Type": "Semi", "Startup Cost": 2405767.29, "Total Cost": 6185005.56, "Plan Rows": 2000, "Plan Width": 51, "Inner Unique": false, "Join Filter": "(supplier.s_suppkey = lineitem.l_suppkey)", "Plans": [{"Node Type": "Nested Loop", "Parent Relationship": "Outer", "Join Type": "Inner", "Startup Cost": 0.0, "Total Cost": 4534.31, "Plan Rows": 4000, "Plan Width": 59, "Inner Unique": false, "Join Filter": "(supplier.s_nationkey = nation.n_nationkey)", "Plans": [{"Node Type": "Seq Scan", "Parent Relationship": "Outer", "Relation Name": "nation", "Alias": "nation", "Startup Cost": 0.0, "Total Cost": 1.31, "Plan Rows": 1, "Plan Width": 4, "Filter": "(n_name = 'ALGERIA'::bpchar)"}, {"Node Type": "Seq Scan", "Parent Relationship": "Inner", "Relation Name": "supplier", "Alias": "supplier", "Startup Cost": 0.0, "Total Cost": 3283.0, "Plan Rows": 100000, "Plan Width": 63}]}, {"Node Type": "Materialize", "Parent Relationship": "Inner", "Startup Cost": 2405767.29, "Total Cost": 6180351.26, "Plan Rows": 2, "Plan Width": 16, "Plans": [{"Node Type": "Nested Loop", "Parent Relationship": "Outer", "Join Type": "Semi", "Startup Cost": 2405767.29, "Total Cost": 6180351.25, "Plan Rows": 2, "Plan Width": 16, "Inner Unique": false, "Plans": [{"Node Type": "Nested Loop", "Parent Relationship": "Outer", "Join Type": "Inner", "Startup Cost": 2405767.29, "Total Cost": 6180346.49, "Plan Rows": 15, "Plan Width": 32, "Inner Unique": true, "Plans": [{"Node Type": "Aggregate", "Strategy": "Hashed", "Parent Relationship": "Outer", "Startup Cost": 2405767.29, "Total Cost": 2519163.29, "Plan Rows": 9071680, "Plan Width": 24, "Group By Key": ["lineitem.l_partkey", "lineitem.l_suppkey"], "Plans": [{"Node Type": "Seq Scan", "Parent Relationship": "Outer", "Relation Name": "lineitem", "Alias": "lineitem", "Startup Cost": 119.67, "Total Cost": 2315050.5, "Plan Rows": 9071680, "Plan Width": 24, "Filter": "((l_shipdate >= '1993-01-01 00:00:00'::timestamp(0) without time zone) AND (l_shipdate < '1994-01-01 00:00:00'::timestamp without time zone)), (LLVM Optimized)"}]}, {"Node Type": "Index Scan", "Parent Relationship": "Inner", "Scan Direction": "Forward", "Index Name": "partsupp_pkey", "Relation Name": "partsupp", "Alias": "partsupp", "Startup Cost": 0.0, "Total Cost": 0.38, "Plan Rows": 1, "Plan Width": 24, "Index Cond": "((ps_partkey = lineitem.l_partkey) AND (ps_suppkey = lineitem.l_suppkey))", "Filter": "((ps_availqty)::double precision > (.5::double precision * (sum(lineitem.l_quantity))))"}]}, {"Node Type": "Index Scan", "Parent Relationship": "Inner", "Scan Direction": "Forward", "Index Name": "part_kpey", "Relation Name": "part", "Alias": "part", "Startup Cost": 0.0, "Total Cost": 0.3, "Plan Rows": 1, "Plan Width": 8, "Index Cond": "(p_partkey = partsupp.ps_partkey)", "Filter": "((p_name)::text ~~ 'green%'::text)"}]}]}]}]}, "Unique SQL Id": 202076520, "Planner Runtime": 1}, "explain_analyze_plan": null}, "(1, 61)": {"explain_plan": {"Plan": {"Node Type": "Sort", "Startup Cost": 9935869.48, "Total Cost": 9935874.48, "Plan Rows": 2000, "Plan Width": 51, "Sort Key": ["supplier.s_name"], "Plans": [{"Node Type": "Nested Loop", "Parent Relationship": "Outer", "Join Type": "Semi", "Startup Cost": 6154458.63, "Total Cost": 9935759.82, "Plan Rows": 2000, "Plan Width": 51, "Inner Unique": false, "Join Filter": "(supplier.s_suppkey = lineitem.l_suppkey)", "Plans": [{"Node Type": "Nested Loop", "Parent Relationship": "Outer", "Join Type": "Inner", "Startup Cost": 0.0, "Total Cost": 6597.23, "Plan Rows": 4000, "Plan Width": 59, "Inner Unique": false, "Join Filter": "(supplier.s_nationkey = nation.n_nationkey)", "Plans": [{"Node Type": "Index Scan", "Parent Relationship": "Outer", "Scan Direction": "Forward", "Index Name": "nation_pkey", "Relation Name": "nation", "Alias": "nation", "Startup Cost": 0.0, "Total Cost": 12.69, "Plan Rows": 1, "Plan Width": 4, "Filter": "(n_name = 'ALGERIA'::bpchar)"}, {"Node Type": "Index Scan", "Parent Relationship": "Inner", "Scan Direction": "Forward", "Index Name": "supplier_pkey", "Relation Name": "supplier", "Alias": "supplier", "Startup Cost": 0.0, "Total Cost": 5334.54, "Plan Rows": 100000, "Plan Width": 63}]}, {"Node Type": "Materialize", "Parent Relationship": "Inner", "Startup Cost": 6154458.63, "Total Cost": 9929042.6, "Plan Rows": 2, "Plan Width": 16, "Plans": [{"Node Type": "Nested Loop", "Parent Relationship": "Outer", "Join Type": "Semi", "Startup Cost": 6154458.63, "Total Cost": 9929042.59, "Plan Rows": 2, "Plan Width": 16, "Inner Unique": false, "Plans": [{"Node Type": "Nested Loop", "Parent Relationship": "Outer", "Join Type": "Inner", "Startup Cost": 6154458.63, "Total Cost": 9929037.83, "Plan Rows": 15, "Plan Width": 32, "Inner Unique": true, "Plans": [{"Node Type": "Aggregate", "Strategy": "Hashed", "Parent Relationship": "Outer", "Startup Cost": 6154458.63, "Total Cost": 6267854.63, "Plan Rows": 9071680, "Plan Width": 24, "Group By Key": ["lineitem.l_partkey", "lineitem.l_suppkey"], "Plans": [{"Node Type": "Index Scan", "Parent Relationship": "Outer", "Scan Direction": "Forward", "Index Name": "idx_lineitem_shipdate", "Relation Name": "lineitem", "Alias": "lineitem", "Startup Cost": 0.0, "Total Cost": 6063741.83, "Plan Rows": 9071680, "Plan Width": 24, "Index Cond": "((l_shipdate >= '1993-01-01 00:00:00'::timestamp(0) without time zone) AND (l_shipdate < '1994-01-01 00:00:00'::timestamp without time zone)), (LLVM Optimized)"}]}, {"Node Type": "Index Scan", "Parent Relationship": "Inner", "Scan Direction": "Forward", "Index Name": "partsupp_pkey", "Relation Name": "partsupp", "Alias": "partsupp", "Startup Cost": 0.0, "Total Cost": 0.38, "Plan Rows": 1, "Plan Width": 24, "Index Cond": "((ps_partkey = lineitem.l_partkey) AND (ps_suppkey = lineitem.l_suppkey))", "Filter": "((ps_availqty)::double precision > (.5::double precision * (sum(lineitem.l_quantity))))"}]}, {"Node Type": "Index Scan", "Parent Relationship": "Inner", "Scan Direction": "Forward", "Index Name": "part_kpey", "Relation Name": "part", "Alias": "part", "Startup Cost": 0.0, "Total Cost": 0.3, "Plan Rows": 1, "Plan Width": 8, "Index Cond": "(p_partkey = partsupp.ps_partkey)", "Filter": "((p_name)::text ~~ 'green%'::text)"}]}]}]}]}, "Unique SQL Id": 202076520, "Planner Runtime": 1}, "explain_analyze_plan": null}, "(1, 62)": {"explain_plan": {"Plan": {"Node Type": "Sort", "Startup Cost": 17339533198.13, "Total Cost": 17339533203.13, "Plan Rows": 2000, "Plan Width": 51, "Sort Key": ["supplier.s_name"], "Plans": [{"Node Type": "Nested Loop", "Parent Relationship": "Outer", "Join Type": "Semi", "Startup Cost": 2405767.29, "Total Cost": 17339533088.47, "Plan Rows": 2000, "Plan Width": 51, "Inner Unique": false, "Join Filter": "(supplier.s_suppkey = lineitem.l_suppkey)", "Plans": [{"Node Type": "Nested Loop", "Parent Relationship": "Outer", "Join Type": "Inner", "Startup Cost": 0.0, "Total Cost": 4534.31, "Plan Rows": 4000, "Plan Width": 59, "Inner Unique": false, "Join Filter": "(supplier.s_nationkey = nation.n_nationkey)", "Plans": [{"Node Type": "Seq Scan", "Parent Relationship": "Outer", "Relation Name": "nation", "Alias": "nation", "Startup Cost": 0.0, "Total Cost": 1.31, "Plan Rows": 1, "Plan Width": 4, "Filter": "(n_name = 'ALGERIA'::bpchar)"}, {"Node Type": "Seq Scan", "Parent Relationship": "Inner", "Relation Name": "supplier", "Alias": "supplier", "Startup Cost": 0.0, "Total Cost": 3283.0, "Plan Rows": 100000, "Plan Width": 63}]}, {"Node Type": "Materialize", "Parent Relationship": "Inner", "Startup Cost": 2405767.29, "Total Cost": 17339528434.16, "Plan Rows": 2, "Plan Width": 16, "Plans": [{"Node Type": "Nested Loop", "Parent Relationship": "Outer", "Join Type": "Inner", "Startup Cost": 2405767.29, "Total Cost": 17339528434.15, "Plan Rows": 2, "Plan Width": 16, "Inner Unique": false, "Join Filter": "((partsupp.ps_partkey = lineitem.l_partkey) AND (partsupp.ps_suppkey = lineitem.l_suppkey) AND ((partsupp.ps_availqty)::double precision > (.5::double precision * (sum(lineitem.l_quantity)))))", "Plans": [{"Node Type": "Aggregate", "Strategy": "Hashed", "Parent Relationship": "Outer", "Startup Cost": 2405767.29, "Total Cost": 2519163.29, "Plan Rows": 9071680, "Plan Width": 24, "Group By Key": ["lineitem.l_partkey", "lineitem.l_suppkey"], "Plans": [{"Node Type": "Seq Scan", "Parent Relationship": "Outer", "Relation Name": "lineitem", "Alias": "lineitem", "Startup Cost": 119.67, "Total Cost": 2315050.5, "Plan Rows": 9071680, "Plan Width": 24, "Filter": "((l_shipdate >= '1993-01-01 00:00:00'::timestamp(0) without time zone) AND (l_shipdate < '1994-01-01 00:00:00'::timestamp without time zone)), (LLVM Optimized)"}]}, {"Node Type": "Materialize", "Parent Relationship": "Inner", "Startup Cost": 0.0, "Total Cost": 2697041531.44, "Plan Rows": 64552, "Plan Width": 32, "Plans": [{"Node Type": "Nested Loop", "Parent Relationship": "Outer", "Join Type": "Semi", "Startup Cost": 0.0, "Total Cost": 2697041208.68, "Plan Rows": 64552, "Plan Width": 32, "Inner Unique": false, "Join Filter": "(partsupp.ps_partkey = part.p_partkey)", "Plans": [{"Node Type": "Seq Scan", "Parent Relationship": "Outer", "Relation Name": "partsupp", "Alias": "partsupp", "Startup Cost": 0.0, "Total Cost": 269987.72, "Plan Rows": 8000372, "Plan Width": 24}, {"Node Type": "Materialize", "Parent Relationship": "Inner", "Startup Cost": 0.0, "Total Cost": 67056.36, "Plan Rows": 22472, "Plan Width": 8, "Plans": [{"Node Type": "Seq Scan", "Parent Relationship": "Outer", "Relation Name": "part", "Alias": "part", "Startup Cost": 0.0, "Total Cost": 66944.0, "Plan Rows": 22472, "Plan Width": 8, "Filter": "((p_name)::text ~~ 'green%'::text)"}]}]}]}]}]}]}]}, "Unique SQL Id": 202076520, "Planner Runtime": 1}, "explain_analyze_plan": null}, "(1, 63)": {"explain_plan": {"Plan": {"Node Type": "Sort", "Startup Cost": 5018253561064.47, "Total Cost": 5018253561069.47, "Plan Rows": 2000, "Plan Width": 51, "Sort Key": ["supplier.s_name"], "Plans": [{"Node Type": "Nested Loop", "Parent Relationship": "Outer", "Join Type": "Semi", "Startup Cost": 50000000000.0, "Total Cost": 5018253560954.81, "Plan Rows": 2000, "Plan Width": 51, "Inner Unique": false, "Join Filter": "(supplier.s_suppkey = subquery.\"?column?\")", "Plans": [{"Node Type": "Nested Loop", "Parent Relationship": "Outer", "Join Type": "Inner", "Startup Cost": 20000000000.0, "Total Cost": 2000000536223.13, "Plan Rows": 4000, "Plan Width": 59, "Inner Unique": true, "Join Filter": "(supplier.s_nationkey = nation.n_nationkey)", "Plans": [{"Node Type": "Index Scan", "Parent Relationship": "Outer", "Scan Direction": "Forward", "Index Name": "supplier_pkey", "Relation Name": "supplier", "Alias": "supplier", "Startup Cost": 10000000000.0, "Total Cost": 1000000533454.38, "Plan Rows": 100000, "Plan Width": 63}, {"Node Type": "Materialize", "Parent Relationship": "Inner", "Startup Cost": 10000000000.0, "Total Cost": 1000000001268.76, "Plan Rows": 1, "Plan Width": 4, "Plans": [{"Node Type": "Index Scan", "Parent Relationship": "Outer", "Scan Direction": "Forward", "Index Name": "nation_pkey", "Relation Name": "nation", "Alias": "nation", "Startup Cost": 10000000000.0, "Total Cost": 1000000001268.75, "Plan Rows": 1, "Plan Width": 4, "Filter": "(n_name = 'ALGERIA'::bpchar)"}]}]}, {"Node Type": "Materialize", "Parent Relationship": "Inner", "Startup Cost": 30000000000.0, "Total Cost": 3018253024611.68, "Plan Rows": 2, "Plan Width": 16, "Plans": [{"Node Type": "Nested Loop", "Parent Relationship": "Outer", "Join Type": "Inner", "Startup Cost": 30000000000.0, "Total Cost": 3018253024611.67, "Plan Rows": 2, "Plan Width": 16, "Inner Unique": true, "Join Filter": "((partsupp.ps_partkey = subquery.\"?column?\") AND (partsupp.ps_suppkey = subquery.\"?column?\") AND ((partsupp.ps_availqty)::double precision > (.5::double precision * subquery.\"?column?\")))", "Plans": [{"Node Type": "Nested Loop", "Parent Relationship": "Outer", "Join Type": "Semi", "Startup Cost": 20000000000.0, "Total Cost": 2002807445082.73, "Plan Rows": 64552, "Plan Width": 32, "Inner Unique": false, "Join Filter": "(partsupp.ps_partkey = part.p_partkey)", "Plans": [{"Node Type": "Index Scan", "Parent Relationship": "Outer", "Scan Direction": "Forward", "Index Name": "idx_partsupp_suppkey", "Relation Name": "partsupp", "Alias": "partsupp", "Startup Cost": 10000000000.0, "Total Cost": 1000100160480.77, "Plan Rows": 8000372, "Plan Width": 24}, {"Node Type": "Materialize", "Parent Relationship": "Inner", "Startup Cost": 10000000000.0, "Total Cost": 1000010580437.36, "Plan Rows": 22472, "Plan Width": 8, "Plans": [{"Node Type": "Index Scan", "Parent Relationship": "Outer", "Scan Direction": "Forward", "Index Name": "part_kpey", "Relation Name": "part", "Alias": "part", "Startup Cost": 10000000000.0, "Total Cost": 1000010580325.0, "Plan Rows": 22472, "Plan Width": 8, "Filter": "((p_name)::text ~~ 'green%'::text)"}]}]}, {"Node Type": "Materialize", "Parent Relationship": "Inner", "Startup Cost": 10000000000.0, "Total Cost": 1000805725024.14, "Plan Rows": 9071680, "Plan Width": 24, "Plans": [{"Node Type": "Subquery Scan", "Parent Relationship": "Outer", "Alias": "subquery", "Startup Cost": 10000000000.0, "Total Cost": 1000805679665.74, "Plan Rows": 9071680, "Plan Width": 24, "Plans": [{"Node Type": "Aggregate", "Strategy": "Sorted", "Parent Relationship": "Subquery", "Startup Cost": 10000000000.0, "Total Cost": 1000805588948.94, "Plan Rows": 9071680, "Plan Width": 40, "Group By Key": ["lineitem.l_partkey", "lineitem.l_suppkey"], "Plans": [{"Node Type": "Index Scan", "Parent Relationship": "Outer", "Scan Direction": "Forward", "Index Name": "idx_lineitem_part_supp", "Relation Name": "lineitem", "Alias": "lineitem", "Startup Cost": 10000000000.0, "Total Cost": 1000805384836.14, "Plan Rows": 9071680, "Plan Width": 24, "Filter": "((l_shipdate >= '1993-01-01 00:00:00'::timestamp(0) without time zone) AND (l_shipdate < '1994-01-01 00:00:00'::timestamp without time zone)), (LLVM Optimized)"}]}]}]}]}]}]}]}, "Unique SQL Id": 202076520, "Planner Runtime": 1}, "explain_analyze_plan": null}, "(1, 64)": {"explain_plan": {"Plan": {"Node Type": "Sort", "Startup Cost": 2479933.5, "Total Cost": 2479938.5, "Plan Rows": 2000, "Plan Width": 51, "Sort Key": ["supplier.s_name"], "Plans": [{"Node Type": "Hash Join", "Parent Relationship": "Outer", "Join Type": "Right Semi", "Startup Cost": 2184974.13, "Total Cost": 2479823.85, "Plan Rows": 2000, "Plan Width": 51, "Inner Unique": false, "Hash Cond": "(lineitem.l_suppkey = supplier.s_suppkey)", "Plans": [{"Node Type": "Hash Join", "Parent Relationship": "Outer", "Join Type": "Inner", "Startup Cost": 2182390.78, "Total Cost": 2477220.49, "Plan Rows": 2, "Plan Width": 16, "Inner Unique": false, "Hash Cond": "((lineitem.l_partkey = partsupp.ps_partkey) AND (lineitem.l_suppkey = partsupp.ps_suppkey))", "Join Filter": "((partsupp.ps_availqty)::double precision > (.5::double precision * (sum(lineitem.l_quantity))))", "Plans": [{"Node Type": "Aggregate", "Strategy": "Hashed", "Parent Relationship": "Outer", "Startup Cost": 1956349.97, "Total Cost": 2069745.97, "Plan Rows": 9071680, "Plan Width": 24, "Group By Key": ["lineitem.l_partkey", "lineitem.l_suppkey"], "Plans": [{"Node Type": "Bitmap Heap Scan", "Parent Relationship": "Outer", "Relation Name": "lineitem", "Alias": "lineitem", "Startup Cost": 314312.97, "Total Cost": 1865633.17, "Plan Rows": 9071680, "Plan Width": 24, "Recheck Cond": "((l_shipdate >= '1993-01-01 00:00:00'::timestamp(0) without time zone) AND (l_shipdate < '1994-01-01 00:00:00'::timestamp without time zone)), (LLVM Optimized)", "Plans": [{"Node Type": "Bitmap Index Scan", "Parent Relationship": "Outer", "Index Name": "idx_lineitem_shipdate", "Startup Cost": 0.0, "Total Cost": 312045.05, "Plan Rows": 9071680, "Plan Width": 0, "Index Cond": "((l_shipdate >= '1993-01-01 00:00:00'::timestamp(0) without time zone) AND (l_shipdate < '1994-01-01 00:00:00'::timestamp without time zone))"}]}]}, {"Node Type": "Hash", "Parent Relationship": "Inner", "Startup Cost": 225072.53, "Total Cost": 225072.53, "Plan Rows": 64552, "Plan Width": 32, "Plans": [{"Node Type": "Nested Loop", "Parent Relationship": "Outer", "Join Type": "Inner", "Startup Cost": 0.0, "Total Cost": 225072.53, "Plan Rows": 64552, "Plan Width": 32, "Inner Unique": false, "Plans": [{"Node Type": "Seq Scan", "Parent Relationship": "Outer", "Relation Name": "part", "Alias": "part", "Startup Cost": 0.0, "Total Cost": 66944.0, "Plan Rows": 22472, "Plan Width": 8, "Filter": "((p_name)::text ~~ 'green%'::text)"}, {"Node Type": "Index Scan", "Parent Relationship": "Inner", "Scan Direction": "Forward", "Index Name": "idx_partsupp_partkey", "Relation Name": "partsupp", "Alias": "partsupp", "Startup Cost": 0.0, "Total Cost": 7.01, "Plan Rows": 3, "Plan Width": 24, "Index Cond": "(ps_partkey = part.p_partkey)"}]}]}]}, {"Node Type": "Hash", "Parent Relationship": "Inner", "Startup Cost": 2533.35, "Total Cost": 2533.35, "Plan Rows": 4000, "Plan Width": 59, "Plans": [{"Node Type": "Nested Loop", "Parent Relationship": "Outer", "Join Type": "Inner", "Startup Cost": 95.25, "Total Cost": 2533.35, "Plan Rows": 4000, "Plan Width": 59, "Inner Unique": false, "Plans": [{"Node Type": "Seq Scan", "Parent Relationship": "Outer", "Relation Name": "nation", "Alias": "nation", "Startup Cost": 0.0, "Total Cost": 1.31, "Plan Rows": 1, "Plan Width": 4, "Filter": "(n_name = 'ALGERIA'::bpchar)"}, {"Node Type": "Bitmap Heap Scan", "Parent Relationship": "Inner", "Relation Name": "supplier", "Alias": "supplier", "Startup Cost": 95.25, "Total Cost": 2492.04, "Plan Rows": 4000, "Plan Width": 63, "Recheck Cond": "(s_nationkey = nation.n_nationkey)", "Plans": [{"Node Type": "Bitmap Index Scan", "Parent Relationship": "Outer", "Index Name": "idx_supplier_nation_key", "Startup Cost": 0.0, "Total Cost": 94.25, "Plan Rows": 4000, "Plan Width": 0, "Index Cond": "(s_nationkey = nation.n_nationkey)"}]}]}]}]}]}, "Unique SQL Id": 202076520, "Planner Runtime": 2}, "explain_analyze_plan": {"Plan": {"Node Type": "Sort", "Startup Cost": 2479933.5, "Total Cost": 2479938.5, "Plan Rows": 2000, "Plan Width": 51, "Actual Startup Time": 25601.06, "Actual Total Time": 25601.233, "Actual Rows": 1746, "Actual Loops": 1, "Sort Key": ["supplier.s_name"], "Sort Method": "quicksort", "Sort Space Used": 309, "Sort Space Type": "Memory", "Plans": [{"Node Type": "Hash Join", "Parent Relationship": "Outer", "Join Type": "Right Semi", "Startup Cost": 2184974.13, "Total Cost": 2479823.85, "Plan Rows": 2000, "Plan Width": 51, "Actual Startup Time": 20479.002, "Actual Total Time": 25591.291, "Actual Rows": 1746, "Actual Loops": 1, "Inner Unique": false, "Hash Cond": "(lineitem.l_suppkey = supplier.s_suppkey)", "Plans": [{"Node Type": "Hash Join", "Parent Relationship": "Outer", "Join Type": "Inner", "Startup Cost": 2182390.78, "Total Cost": 2477220.49, "Plan Rows": 2, "Plan Width": 16, "Actual Startup Time": 20463.704, "Actual Total Time": 25564.964, "Actual Rows": 58537, "Actual Loops": 1, "Inner Unique": false, "Hash Cond": "((lineitem.l_partkey = partsupp.ps_partkey) AND (lineitem.l_suppkey = partsupp.ps_suppkey))", "Join Filter": "((partsupp.ps_availqty)::double precision > (.5::double precision * (sum(lineitem.l_quantity))))", "Rows Removed by Join Filter": 136, "Plans": [{"Node Type": "Aggregate", "Strategy": "Hashed", "Parent Relationship": "Outer", "Startup Cost": 1956349.97, "Total Cost": 2069745.97, "Plan Rows": 9071680, "Plan Width": 24, "Actual Startup Time": 19427.518, "Actual Total Time": 22907.789, "Actual Rows": 5442751, "Actual Loops": 1, "Group By Key": ["lineitem.l_partkey", "lineitem.l_suppkey"], "Plans": [{"Node Type": "Bitmap Heap Scan", "Parent Relationship": "Outer", "Relation Name": "lineitem", "Alias": "lineitem", "Startup Cost": 314312.97, "Total Cost": 1865633.17, "Plan Rows": 9071680, "Plan Width": 24, "Actual Startup Time": 4199.167, "Actual Total Time": 11621.077, "Actual Rows": 9109641, "Actual Loops": 1, "Recheck Cond": "((l_shipdate >= '1993-01-01 00:00:00'::timestamp(0) without time zone) AND (l_shipdate < '1994-01-01 00:00:00'::timestamp without time zone)), (LLVM Optimized, Jit Execute)", "Rows Removed by Index Recheck": 0, "Exact Heap Blocks": 1252335, "Lossy Heap Blocks": 1252335, "Plans": [{"Node Type": "Bitmap Index Scan", "Parent Relationship": "Outer", "Index Name": "idx_lineitem_shipdate", "Startup Cost": 0.0, "Total Cost": 312045.05, "Plan Rows": 9071680, "Plan Width": 0, "Actual Startup Time": 3499.318, "Actual Total Time": 3499.318, "Actual Rows": 9109641, "Actual Loops": 1, "Index Cond": "((l_shipdate >= '1993-01-01 00:00:00'::timestamp(0) without time zone) AND (l_shipdate < '1994-01-01 00:00:00'::timestamp without time zone))"}]}]}, {"Node Type": "Hash", "Parent Relationship": "Inner", "Startup Cost": 225072.53, "Total Cost": 225072.53, "Plan Rows": 64552, "Plan Width": 32, "Actual Startup Time": 1036.025, "Actual Total Time": 1036.025, "Actual Rows": 86224, "Actual Loops": 1, "Hash Buckets": 65536, "Hash Batches": 1, "Original Hash Batches": 1, "Peak Memory Usage": 5389, "Plans": [{"Node Type": "Nested Loop", "Parent Relationship": "Outer", "Join Type": "Inner", "Startup Cost": 0.0, "Total Cost": 225072.53, "Plan Rows": 64552, "Plan Width": 32, "Actual Startup Time": 0.054, "Actual Total Time": 998.106, "Actual Rows": 86224, "Actual Loops": 1, "Inner Unique": false, "Plans": [{"Node Type": "Seq Scan", "Parent Relationship": "Outer", "Relation Name": "part", "Alias": "part", "Startup Cost": 0.0, "Total Cost": 66944.0, "Plan Rows": 22472, "Plan Width": 8, "Actual Startup Time": 0.03, "Actual Total Time": 782.61, "Actual Rows": 21556, "Actual Loops": 1, "Filter": "((p_name)::text ~~ 'green%'::text)", "Rows Removed by Filter": 1978444}, {"Node Type": "Index Scan", "Parent Relationship": "Inner", "Scan Direction": "Forward", "Index Name": "idx_partsupp_partkey", "Relation Name": "partsupp", "Alias": "partsupp", "Startup Cost": 0.0, "Total Cost": 7.01, "Plan Rows": 3, "Plan Width": 24, "Actual Startup Time": 138.227, "Actual Total Time": 182.328, "Actual Rows": 86224, "Actual Loops": 21556, "Index Cond": "(ps_partkey = part.p_partkey)", "Rows Removed by Index Recheck": 0}]}]}]}, {"Node Type": "Hash", "Parent Relationship": "Inner", "Startup Cost": 2533.35, "Total Cost": 2533.35, "Plan Rows": 4000, "Plan Width": 59, "Actual Startup Time": 8.452, "Actual Total Time": 8.452, "Actual Rows": 3934, "Actual Loops": 1, "Hash Buckets": 32768, "Hash Batches": 1, "Original Hash Batches": 1, "Peak Memory Usage": 368, "Plans": [{"Node Type": "Nested Loop", "Parent Relationship": "Outer", "Join Type": "Inner", "Startup Cost": 95.25, "Total Cost": 2533.35, "Plan Rows": 4000, "Plan Width": 59, "Actual Startup Time": 1.282, "Actual Total Time": 7.105, "Actual Rows": 3934, "Actual Loops": 1, "Inner Unique": false, "Plans": [{"Node Type": "Seq Scan", "Parent Relationship": "Outer", "Relation Name": "nation", "Alias": "nation", "Startup Cost": 0.0, "Total Cost": 1.31, "Plan Rows": 1, "Plan Width": 4, "Actual Startup Time": 0.026, "Actual Total Time": 0.038, "Actual Rows": 1, "Actual Loops": 1, "Filter": "(n_name = 'ALGERIA'::bpchar)", "Rows Removed by Filter": 24}, {"Node Type": "Bitmap Heap Scan", "Parent Relationship": "Inner", "Relation Name": "supplier", "Alias": "supplier", "Startup Cost": 95.25, "Total Cost": 2492.04, "Plan Rows": 4000, "Plan Width": 63, "Actual Startup Time": 1.25, "Actual Total Time": 6.237, "Actual Rows": 3934, "Actual Loops": 1, "Recheck Cond": "(s_nationkey = nation.n_nationkey)", "Rows Removed by Index Recheck": 0, "Exact Heap Blocks": 1897, "Lossy Heap Blocks": 1897, "Plans": [{"Node Type": "Bitmap Index Scan", "Parent Relationship": "Outer", "Index Name": "idx_supplier_nation_key", "Startup Cost": 0.0, "Total Cost": 94.25, "Plan Rows": 4000, "Plan Width": 0, "Actual Startup Time": 0.943, "Actual Total Time": 0.943, "Actual Rows": 3934, "Actual Loops": 1, "Index Cond": "(s_nationkey = nation.n_nationkey)"}]}]}]}]}]}, "Triggers": [], "Planner Runtime": 1, "Total Runtime": 25612.687, "Unique SQL Id": 202076520}}, "(1, 65)": {"explain_plan": {"Plan": {"Node Type": "Sort", "Startup Cost": 2518804.13, "Total Cost": 2518809.13, "Plan Rows": 2000, "Plan Width": 51, "Sort Key": ["supplier.s_name"], "Plans": [{"Node Type": "Hash Join", "Parent Relationship": "Outer", "Join Type": "Right Semi", "Startup Cost": 2223844.76, "Total Cost": 2518694.47, "Plan Rows": 2000, "Plan Width": 51, "Inner Unique": false, "Hash Cond": "(lineitem.l_suppkey = supplier.s_suppkey)", "Plans": [{"Node Type": "Hash Join", "Parent Relationship": "Outer", "Join Type": "Inner", "Startup Cost": 2221250.03, "Total Cost": 2516079.74, "Plan Rows": 2, "Plan Width": 16, "Inner Unique": false, "Hash Cond": "((lineitem.l_partkey = partsupp.ps_partkey) AND (lineitem.l_suppkey = partsupp.ps_suppkey))", "Join Filter": "((partsupp.ps_availqty)::double precision > (.5::double precision * (sum(lineitem.l_quantity))))", "Plans": [{"Node Type": "Aggregate", "Strategy": "Hashed", "Parent Relationship": "Outer", "Startup Cost": 1956349.97, "Total Cost": 2069745.97, "Plan Rows": 9071680, "Plan Width": 24, "Group By Key": ["lineitem.l_partkey", "lineitem.l_suppkey"], "Plans": [{"Node Type": "Bitmap Heap Scan", "Parent Relationship": "Outer", "Relation Name": "lineitem", "Alias": "lineitem", "Startup Cost": 314312.97, "Total Cost": 1865633.17, "Plan Rows": 9071680, "Plan Width": 24, "Recheck Cond": "((l_shipdate >= '1993-01-01 00:00:00'::timestamp(0) without time zone) AND (l_shipdate < '1994-01-01 00:00:00'::timestamp without time zone)), (LLVM Optimized)", "Plans": [{"Node Type": "Bitmap Index Scan", "Parent Relationship": "Outer", "Index Name": "idx_lineitem_shipdate", "Startup Cost": 0.0, "Total Cost": 312045.05, "Plan Rows": 9071680, "Plan Width": 0, "Index Cond": "((l_shipdate >= '1993-01-01 00:00:00'::timestamp(0) without time zone) AND (l_shipdate < '1994-01-01 00:00:00'::timestamp without time zone))"}]}]}, {"Node Type": "Hash", "Parent Relationship": "Inner", "Startup Cost": 263931.78, "Total Cost": 263931.78, "Plan Rows": 64552, "Plan Width": 32, "Plans": [{"Node Type": "Nested Loop", "Parent Relationship": "Outer", "Join Type": "Inner", "Startup Cost": 0.0, "Total Cost": 263931.78, "Plan Rows": 64552, "Plan Width": 32, "Inner Unique": false, "Plans": [{"Node Type": "Index Scan", "Parent Relationship": "Outer", "Scan Direction": "Forward", "Index Name": "part_kpey", "Relation Name": "part", "Alias": "part", "Startup Cost": 0.0, "Total Cost": 105803.25, "Plan Rows": 22472, "Plan Width": 8, "Filter": "((p_name)::text ~~ 'green%'::text)"}, {"Node Type": "Index Scan", "Parent Relationship": "Inner", "Scan Direction": "Forward", "Index Name": "idx_partsupp_partkey", "Relation Name": "partsupp", "Alias": "partsupp", "Startup Cost": 0.0, "Total Cost": 7.01, "Plan Rows": 3, "Plan Width": 24, "Index Cond": "(ps_partkey = part.p_partkey)"}]}]}]}, {"Node Type": "Hash", "Parent Relationship": "Inner", "Startup Cost": 2544.73, "Total Cost": 2544.73, "Plan Rows": 4000, "Plan Width": 59, "Plans": [{"Node Type": "Nested Loop", "Parent Relationship": "Outer", "Join Type": "Inner", "Startup Cost": 95.25, "Total Cost": 2544.73, "Plan Rows": 4000, "Plan Width": 59, "Inner Unique": false, "Plans": [{"Node Type": "Index Scan", "Parent Relationship": "Outer", "Scan Direction": "Forward", "Index Name": "nation_pkey", "Relation Name": "nation", "Alias": "nation", "Startup Cost": 0.0, "Total Cost": 12.69, "Plan Rows": 1, "Plan Width": 4, "Filter": "(n_name = 'ALGERIA'::bpchar)"}, {"Node Type": "Bitmap Heap Scan", "Parent Relationship": "Inner", "Relation Name": "supplier", "Alias": "supplier", "Startup Cost": 95.25, "Total Cost": 2492.04, "Plan Rows": 4000, "Plan Width": 63, "Recheck Cond": "(s_nationkey = nation.n_nationkey)", "Plans": [{"Node Type": "Bitmap Index Scan", "Parent Relationship": "Outer", "Index Name": "idx_supplier_nation_key", "Startup Cost": 0.0, "Total Cost": 94.25, "Plan Rows": 4000, "Plan Width": 0, "Index Cond": "(s_nationkey = nation.n_nationkey)"}]}]}]}]}]}, "Unique SQL Id": 202076520, "Planner Runtime": 2}, "explain_analyze_plan": {"Plan": {"Node Type": "Sort", "Startup Cost": 2518804.13, "Total Cost": 2518809.13, "Plan Rows": 2000, "Plan Width": 51, "Actual Startup Time": 25520.931, "Actual Total Time": 25521.094, "Actual Rows": 1746, "Actual Loops": 1, "Sort Key": ["supplier.s_name"], "Sort Method": "quicksort", "Sort Space Used": 309, "Sort Space Type": "Memory", "Plans": [{"Node Type": "Hash Join", "Parent Relationship": "Outer", "Join Type": "Right Semi", "Startup Cost": 2223844.76, "Total Cost": 2518694.47, "Plan Rows": 2000, "Plan Width": 51, "Actual Startup Time": 20402.071, "Actual Total Time": 25511.276, "Actual Rows": 1746, "Actual Loops": 1, "Inner Unique": false, "Hash Cond": "(lineitem.l_suppkey = supplier.s_suppkey)", "Plans": [{"Node Type": "Hash Join", "Parent Relationship": "Outer", "Join Type": "Inner", "Startup Cost": 2221250.03, "Total Cost": 2516079.74, "Plan Rows": 2, "Plan Width": 16, "Actual Startup Time": 20386.979, "Actual Total Time": 25484.449, "Actual Rows": 58537, "Actual Loops": 1, "Inner Unique": false, "Hash Cond": "((lineitem.l_partkey = partsupp.ps_partkey) AND (lineitem.l_suppkey = partsupp.ps_suppkey))", "Join Filter": "((partsupp.ps_availqty)::double precision > (.5::double precision * (sum(lineitem.l_quantity))))", "Rows Removed by Join Filter": 136, "Plans": [{"Node Type": "Aggregate", "Strategy": "Hashed", "Parent Relationship": "Outer", "Startup Cost": 1956349.97, "Total Cost": 2069745.97, "Plan Rows": 9071680, "Plan Width": 24, "Actual Startup Time": 18758.842, "Actual Total Time": 22256.522, "Actual Rows": 5442751, "Actual Loops": 1, "Group By Key": ["lineitem.l_partkey", "lineitem.l_suppkey"], "Plans": [{"Node Type": "Bitmap Heap Scan", "Parent Relationship": "Outer", "Relation Name": "lineitem", "Alias": "lineitem", "Startup Cost": 314312.97, "Total Cost": 1865633.17, "Plan Rows": 9071680, "Plan Width": 24, "Actual Startup Time": 3765.923, "Actual Total Time": 11210.061, "Actual Rows": 9109641, "Actual Loops": 1, "Recheck Cond": "((l_shipdate >= '1993-01-01 00:00:00'::timestamp(0) without time zone) AND (l_shipdate < '1994-01-01 00:00:00'::timestamp without time zone)), (LLVM Optimized, Jit Execute)", "Rows Removed by Index Recheck": 0, "Exact Heap Blocks": 1252335, "Lossy Heap Blocks": 1252335, "Plans": [{"Node Type": "Bitmap Index Scan", "Parent Relationship": "Outer", "Index Name": "idx_lineitem_shipdate", "Startup Cost": 0.0, "Total Cost": 312045.05, "Plan Rows": 9071680, "Plan Width": 0, "Actual Startup Time": 3114.03, "Actual Total Time": 3114.03, "Actual Rows": 9109641, "Actual Loops": 1, "Index Cond": "((l_shipdate >= '1993-01-01 00:00:00'::timestamp(0) without time zone) AND (l_shipdate < '1994-01-01 00:00:00'::timestamp without time zone))"}]}]}, {"Node Type": "Hash", "Parent Relationship": "Inner", "Startup Cost": 263931.78, "Total Cost": 263931.78, "Plan Rows": 64552, "Plan Width": 32, "Actual Startup Time": 1627.998, "Actual Total Time": 1627.998, "Actual Rows": 86224, "Actual Loops": 1, "Hash Buckets": 65536, "Hash Batches": 1, "Original Hash Batches": 1, "Peak Memory Usage": 5389, "Plans": [{"Node Type": "Nested Loop", "Parent Relationship": "Outer", "Join Type": "Inner", "Startup Cost": 0.0, "Total Cost": 263931.78, "Plan Rows": 64552, "Plan Width": 32, "Actual Startup Time": 0.097, "Actual Total Time": 1590.376, "Actual Rows": 86224, "Actual Loops": 1, "Inner Unique": false, "Plans": [{"Node Type": "Index Scan", "Parent Relationship": "Outer", "Scan Direction": "Forward", "Index Name": "part_kpey", "Relation Name": "part", "Alias": "part", "Startup Cost": 0.0, "Total Cost": 105803.25, "Plan Rows": 22472, "Plan Width": 8, "Actual Startup Time": 0.073, "Actual Total Time": 1376.401, "Actual Rows": 21556, "Actual Loops": 1, "Filter": "((p_name)::text ~~ 'green%'::text)", "Rows Removed by Filter": 1978444}, {"Node Type": "Index Scan", "Parent Relationship": "Inner", "Scan Direction": "Forward", "Index Name": "idx_partsupp_partkey", "Relation Name": "partsupp", "Alias": "partsupp", "Startup Cost": 0.0, "Total Cost": 7.01, "Plan Rows": 3, "Plan Width": 24, "Actual Startup Time": 136.944, "Actual Total Time": 181.585, "Actual Rows": 86224, "Actual Loops": 21556, "Index Cond": "(ps_partkey = part.p_partkey)", "Rows Removed by Index Recheck": 0}]}]}]}, {"Node Type": "Hash", "Parent Relationship": "Inner", "Startup Cost": 2544.73, "Total Cost": 2544.73, "Plan Rows": 4000, "Plan Width": 59, "Actual Startup Time": 8.312, "Actual Total Time": 8.312, "Actual Rows": 3934, "Actual Loops": 1, "Hash Buckets": 32768, "Hash Batches": 1, "Original Hash Batches": 1, "Peak Memory Usage": 368, "Plans": [{"Node Type": "Nested Loop", "Parent Relationship": "Outer", "Join Type": "Inner", "Startup Cost": 95.25, "Total Cost": 2544.73, "Plan Rows": 4000, "Plan Width": 59, "Actual Startup Time": 0.936, "Actual Total Time": 6.879, "Actual Rows": 3934, "Actual Loops": 1, "Inner Unique": false, "Plans": [{"Node Type": "Index Scan", "Parent Relationship": "Outer", "Scan Direction": "Forward", "Index Name": "nation_pkey", "Relation Name": "nation", "Alias": "nation", "Startup Cost": 0.0, "Total Cost": 12.69, "Plan Rows": 1, "Plan Width": 4, "Actual Startup Time": 0.022, "Actual Total Time": 0.05, "Actual Rows": 1, "Actual Loops": 1, "Filter": "(n_name = 'ALGERIA'::bpchar)", "Rows Removed by Filter": 24}, {"Node Type": "Bitmap Heap Scan", "Parent Relationship": "Inner", "Relation Name": "supplier", "Alias": "supplier", "Startup Cost": 95.25, "Total Cost": 2492.04, "Plan Rows": 4000, "Plan Width": 63, "Actual Startup Time": 0.907, "Actual Total Time": 5.968, "Actual Rows": 3934, "Actual Loops": 1, "Recheck Cond": "(s_nationkey = nation.n_nationkey)", "Rows Removed by Index Recheck": 0, "Exact Heap Blocks": 1897, "Lossy Heap Blocks": 1897, "Plans": [{"Node Type": "Bitmap Index Scan", "Parent Relationship": "Outer", "Index Name": "idx_supplier_nation_key", "Startup Cost": 0.0, "Total Cost": 94.25, "Plan Rows": 4000, "Plan Width": 0, "Actual Startup Time": 0.626, "Actual Total Time": 0.626, "Actual Rows": 3934, "Actual Loops": 1, "Index Cond": "(s_nationkey = nation.n_nationkey)"}]}]}]}]}]}, "Triggers": [], "Planner Runtime": 1, "Total Runtime": 25533.298, "Unique SQL Id": 202076520}}, "(1, 66)": {"explain_plan": {"Plan": {"Node Type": "Sort", "Startup Cost": 2612723.68, "Total Cost": 2612728.68, "Plan Rows": 2000, "Plan Width": 51, "Sort Key": ["supplier.s_name"], "Plans": [{"Node Type": "Hash Join", "Parent Relationship": "Outer", "Join Type": "Right Semi", "Startup Cost": 2317764.31, "Total Cost": 2612614.02, "Plan Rows": 2000, "Plan Width": 51, "Inner Unique": false, "Hash Cond": "(lineitem.l_suppkey = supplier.s_suppkey)", "Plans": [{"Node Type": "Hash Join", "Parent Relationship": "Outer", "Join Type": "Inner", "Startup Cost": 2315180.96, "Total Cost": 2610010.67, "Plan Rows": 2, "Plan Width": 16, "Inner Unique": false, "Hash Cond": "((lineitem.l_partkey = partsupp.ps_partkey) AND (lineitem.l_suppkey = partsupp.ps_suppkey))", "Join Filter": "((partsupp.ps_availqty)::double precision > (.5::double precision * (sum(lineitem.l_quantity))))", "Plans": [{"Node Type": "Aggregate", "Strategy": "Hashed", "Parent Relationship": "Outer", "Startup Cost": 1956349.97, "Total Cost": 2069745.97, "Plan Rows": 9071680, "Plan Width": 24, "Group By Key": ["lineitem.l_partkey", "lineitem.l_suppkey"], "Plans": [{"Node Type": "Bitmap Heap Scan", "Parent Relationship": "Outer", "Relation Name": "lineitem", "Alias": "lineitem", "Startup Cost": 314312.97, "Total Cost": 1865633.17, "Plan Rows": 9071680, "Plan Width": 24, "Recheck Cond": "((l_shipdate >= '1993-01-01 00:00:00'::timestamp(0) without time zone) AND (l_shipdate < '1994-01-01 00:00:00'::timestamp without time zone)), (LLVM Optimized)", "Plans": [{"Node Type": "Bitmap Index Scan", "Parent Relationship": "Outer", "Index Name": "idx_lineitem_shipdate", "Startup Cost": 0.0, "Total Cost": 312045.05, "Plan Rows": 9071680, "Plan Width": 0, "Index Cond": "((l_shipdate >= '1993-01-01 00:00:00'::timestamp(0) without time zone) AND (l_shipdate < '1994-01-01 00:00:00'::timestamp without time zone))"}]}]}, {"Node Type": "Hash", "Parent Relationship": "Inner", "Startup Cost": 357862.71, "Total Cost": 357862.71, "Plan Rows": 64552, "Plan Width": 32, "Plans": [{"Node Type": "Hash Join", "Parent Relationship": "Outer", "Join Type": "Inner", "Startup Cost": 67224.9, "Total Cost": 357862.71, "Plan Rows": 64552, "Plan Width": 32, "Inner Unique": true, "Hash Cond": "(partsupp.ps_partkey = part.p_partkey)", "Plans": [{"Node Type": "Seq Scan", "Parent Relationship": "Outer", "Relation Name": "partsupp", "Alias": "partsupp", "Startup Cost": 0.0, "Total Cost": 269987.72, "Plan Rows": 8000372, "Plan Width": 24}, {"Node Type": "Hash", "Parent Relationship": "Inner", "Startup Cost": 66944.0, "Total Cost": 66944.0, "Plan Rows": 22472, "Plan Width": 8, "Plans": [{"Node Type": "Seq Scan", "Parent Relationship": "Outer", "Relation Name": "part", "Alias": "part", "Startup Cost": 0.0, "Total Cost": 66944.0, "Plan Rows": 22472, "Plan Width": 8, "Filter": "((p_name)::text ~~ 'green%'::text)"}]}]}]}]}, {"Node Type": "Hash", "Parent Relationship": "Inner", "Startup Cost": 2533.35, "Total Cost": 2533.35, "Plan Rows": 4000, "Plan Width": 59, "Plans": [{"Node Type": "Nested Loop", "Parent Relationship": "Outer", "Join Type": "Inner", "Startup Cost": 95.25, "Total Cost": 2533.35, "Plan Rows": 4000, "Plan Width": 59, "Inner Unique": false, "Plans": [{"Node Type": "Seq Scan", "Parent Relationship": "Outer", "Relation Name": "nation", "Alias": "nation", "Startup Cost": 0.0, "Total Cost": 1.31, "Plan Rows": 1, "Plan Width": 4, "Filter": "(n_name = 'ALGERIA'::bpchar)"}, {"Node Type": "Bitmap Heap Scan", "Parent Relationship": "Inner", "Relation Name": "supplier", "Alias": "supplier", "Startup Cost": 95.25, "Total Cost": 2492.04, "Plan Rows": 4000, "Plan Width": 63, "Recheck Cond": "(s_nationkey = nation.n_nationkey)", "Plans": [{"Node Type": "Bitmap Index Scan", "Parent Relationship": "Outer", "Index Name": "idx_supplier_nation_key", "Startup Cost": 0.0, "Total Cost": 94.25, "Plan Rows": 4000, "Plan Width": 0, "Index Cond": "(s_nationkey = nation.n_nationkey)"}]}]}]}]}]}, "Unique SQL Id": 202076520, "Planner Runtime": 2}, "explain_analyze_plan": {"Plan": {"Node Type": "Sort", "Startup Cost": 2612723.68, "Total Cost": 2612728.68, "Plan Rows": 2000, "Plan Width": 51, "Actual Startup Time": 28438.978, "Actual Total Time": 28439.138, "Actual Rows": 1746, "Actual Loops": 1, "Sort Key": ["supplier.s_name"], "Sort Method": "quicksort", "Sort Space Used": 309, "Sort Space Type": "Memory", "Plans": [{"Node Type": "Hash Join", "Parent Relationship": "Outer", "Join Type": "Right Semi", "Startup Cost": 2317764.31, "Total Cost": 2612614.02, "Plan Rows": 2000, "Plan Width": 51, "Actual Startup Time": 23513.275, "Actual Total Time": 28429.3, "Actual Rows": 1746, "Actual Loops": 1, "Inner Unique": false, "Hash Cond": "(lineitem.l_suppkey = supplier.s_suppkey)", "Plans": [{"Node Type": "Hash Join", "Parent Relationship": "Outer", "Join Type": "Inner", "Startup Cost": 2315180.96, "Total Cost": 2610010.67, "Plan Rows": 2, "Plan Width": 16, "Actual Startup Time": 23498.568, "Actual Total Time": 28404.063, "Actual Rows": 58537, "Actual Loops": 1, "Inner Unique": false, "Hash Cond": "((lineitem.l_partkey = partsupp.ps_partkey) AND (lineitem.l_suppkey = partsupp.ps_suppkey))", "Join Filter": "((partsupp.ps_availqty)::double precision > (.5::double precision * (sum(lineitem.l_quantity))))", "Rows Removed by Join Filter": 136, "Plans": [{"Node Type": "Aggregate", "Strategy": "Hashed", "Parent Relationship": "Outer", "Startup Cost": 1956349.97, "Total Cost": 2069745.97, "Plan Rows": 9071680, "Plan Width": 24, "Actual Startup Time": 18773.704, "Actual Total Time": 22155.624, "Actual Rows": 5442751, "Actual Loops": 1, "Group By Key": ["lineitem.l_partkey", "lineitem.l_suppkey"], "Plans": [{"Node Type": "Bitmap Heap Scan", "Parent Relationship": "Outer", "Relation Name": "lineitem", "Alias": "lineitem", "Startup Cost": 314312.97, "Total Cost": 1865633.17, "Plan Rows": 9071680, "Plan Width": 24, "Actual Startup Time": 3531.172, "Actual Total Time": 10929.236, "Actual Rows": 9109641, "Actual Loops": 1, "Recheck Cond": "((l_shipdate >= '1993-01-01 00:00:00'::timestamp(0) without time zone) AND (l_shipdate < '1994-01-01 00:00:00'::timestamp without time zone)), (LLVM Optimized, Jit Execute)", "Rows Removed by Index Recheck": 0, "Exact Heap Blocks": 1252335, "Lossy Heap Blocks": 1252335, "Plans": [{"Node Type": "Bitmap Index Scan", "Parent Relationship": "Outer", "Index Name": "idx_lineitem_shipdate", "Startup Cost": 0.0, "Total Cost": 312045.05, "Plan Rows": 9071680, "Plan Width": 0, "Actual Startup Time": 2986.706, "Actual Total Time": 2986.706, "Actual Rows": 9109641, "Actual Loops": 1, "Index Cond": "((l_shipdate >= '1993-01-01 00:00:00'::timestamp(0) without time zone) AND (l_shipdate < '1994-01-01 00:00:00'::timestamp without time zone))"}]}]}, {"Node Type": "Hash", "Parent Relationship": "Inner", "Startup Cost": 357862.71, "Total Cost": 357862.71, "Plan Rows": 64552, "Plan Width": 32, "Actual Startup Time": 4724.517, "Actual Total Time": 4724.517, "Actual Rows": 86224, "Actual Loops": 1, "Hash Buckets": 65536, "Hash Batches": 1, "Original Hash Batches": 1, "Peak Memory Usage": 5389, "Plans": [{"Node Type": "Hash Join", "Parent Relationship": "Outer", "Join Type": "Inner", "Startup Cost": 67224.9, "Total Cost": 357862.71, "Plan Rows": 64552, "Plan Width": 32, "Actual Startup Time": 770.563, "Actual Total Time": 4684.501, "Actual Rows": 86224, "Actual Loops": 1, "Inner Unique": true, "Hash Cond": "(partsupp.ps_partkey = part.p_partkey)", "Plans": [{"Node Type": "Seq Scan", "Parent Relationship": "Outer", "Relation Name": "partsupp", "Alias": "partsupp", "Startup Cost": 0.0, "Total Cost": 269987.72, "Plan Rows": 8000372, "Plan Width": 24, "Actual Startup Time": 0.016, "Actual Total Time": 2373.227, "Actual Rows": 8000000, "Actual Loops": 1}, {"Node Type": "Hash", "Parent Relationship": "Inner", "Startup Cost": 66944.0, "Total Cost": 66944.0, "Plan Rows": 22472, "Plan Width": 8, "Actual Startup Time": 770.379, "Actual Total Time": 770.379, "Actual Rows": 21556, "Actual Loops": 1, "Hash Buckets": 32768, "Hash Batches": 1, "Original Hash Batches": 1, "Peak Memory Usage": 843, "Plans": [{"Node Type": "Seq Scan", "Parent Relationship": "Outer", "Relation Name": "part", "Alias": "part", "Startup Cost": 0.0, "Total Cost": 66944.0, "Plan Rows": 22472, "Plan Width": 8, "Actual Startup Time": 0.037, "Actual Total Time": 762.01, "Actual Rows": 21556, "Actual Loops": 1, "Filter": "((p_name)::text ~~ 'green%'::text)", "Rows Removed by Filter": 1978444}]}]}]}]}, {"Node Type": "Hash", "Parent Relationship": "Inner", "Startup Cost": 2533.35, "Total Cost": 2533.35, "Plan Rows": 4000, "Plan Width": 59, "Actual Startup Time": 8.094, "Actual Total Time": 8.094, "Actual Rows": 3934, "Actual Loops": 1, "Hash Buckets": 32768, "Hash Batches": 1, "Original Hash Batches": 1, "Peak Memory Usage": 368, "Plans": [{"Node Type": "Nested Loop", "Parent Relationship": "Outer", "Join Type": "Inner", "Startup Cost": 95.25, "Total Cost": 2533.35, "Plan Rows": 4000, "Plan Width": 59, "Actual Startup Time": 0.95, "Actual Total Time": 6.796, "Actual Rows": 3934, "Actual Loops": 1, "Inner Unique": false, "Plans": [{"Node Type": "Seq Scan", "Parent Relationship": "Outer", "Relation Name": "nation", "Alias": "nation", "Startup Cost": 0.0, "Total Cost": 1.31, "Plan Rows": 1, "Plan Width": 4, "Actual Startup Time": 0.027, "Actual Total Time": 0.04, "Actual Rows": 1, "Actual Loops": 1, "Filter": "(n_name = 'ALGERIA'::bpchar)", "Rows Removed by Filter": 24}, {"Node Type": "Bitmap Heap Scan", "Parent Relationship": "Inner", "Relation Name": "supplier", "Alias": "supplier", "Startup Cost": 95.25, "Total Cost": 2492.04, "Plan Rows": 4000, "Plan Width": 63, "Actual Startup Time": 0.917, "Actual Total Time": 5.908, "Actual Rows": 3934, "Actual Loops": 1, "Recheck Cond": "(s_nationkey = nation.n_nationkey)", "Rows Removed by Index Recheck": 0, "Exact Heap Blocks": 1897, "Lossy Heap Blocks": 1897, "Plans": [{"Node Type": "Bitmap Index Scan", "Parent Relationship": "Outer", "Index Name": "idx_supplier_nation_key", "Startup Cost": 0.0, "Total Cost": 94.25, "Plan Rows": 4000, "Plan Width": 0, "Actual Startup Time": 0.625, "Actual Total Time": 0.625, "Actual Rows": 3934, "Actual Loops": 1, "Index Cond": "(s_nationkey = nation.n_nationkey)"}]}]}]}]}]}, "Triggers": [], "Planner Runtime": 1, "Total Runtime": 28451.343, "Unique SQL Id": 202076520}}, "(1, 67)": {"explain_plan": {"Plan": {"Node Type": "Sort", "Startup Cost": 41474309.17, "Total Cost": 41474314.17, "Plan Rows": 2000, "Plan Width": 51, "Sort Key": ["supplier.s_name"], "Plans": [{"Node Type": "Nested Loop", "Parent Relationship": "Outer", "Join Type": "Inner", "Startup Cost": 41260049.96, "Total Cost": 41474199.51, "Plan Rows": 2000, "Plan Width": 51, "Inner Unique": true, "Plans": [{"Node Type": "Nested Loop", "Parent Relationship": "Outer", "Join Type": "Inner", "Startup Cost": 41260049.7, "Total Cost": 41260058.01, "Plan Rows": 50000, "Plan Width": 55, "Inner Unique": true, "Plans": [{"Node Type": "Unique", "Parent Relationship": "Outer", "Startup Cost": 41260049.44, "Total Cost": 41260049.45, "Plan Rows": 2, "Plan Width": 16, "Plans": [{"Node Type": "Sort", "Parent Relationship": "Outer", "Startup Cost": 41260049.44, "Total Cost": 41260049.45, "Plan Rows": 2, "Plan Width": 16, "Sort Key": ["partsupp.ps_suppkey"], "Plans": [{"Node Type": "Nested Loop", "Parent Relationship": "Outer", "Join Type": "Semi", "Startup Cost": 1956350.51, "Total Cost": 41260049.43, "Plan Rows": 2, "Plan Width": 16, "Inner Unique": false, "Join Filter": "(partsupp.ps_partkey = part.p_partkey)", "Plans": [{"Node Type": "Nested Loop", "Parent Relationship": "Outer", "Join Type": "Inner", "Startup Cost": 1956350.25, "Total Cost": 41259981.09, "Plan Rows": 15, "Plan Width": 32, "Inner Unique": true, "Plans": [{"Node Type": "Aggregate", "Strategy": "Hashed", "Parent Relationship": "Outer", "Startup Cost": 1956349.97, "Total Cost": 2069745.97, "Plan Rows": 9071680, "Plan Width": 24, "Group By Key": ["lineitem.l_partkey", "lineitem.l_suppkey"], "Plans": [{"Node Type": "Bitmap Heap Scan", "Parent Relationship": "Outer", "Relation Name": "lineitem", "Alias": "lineitem", "Startup Cost": 314312.97, "Total Cost": 1865633.17, "Plan Rows": 9071680, "Plan Width": 24, "Recheck Cond": "((l_shipdate >= '1993-01-01 00:00:00'::timestamp(0) without time zone) AND (l_shipdate < '1994-01-01 00:00:00'::timestamp without time zone)), (LLVM Optimized)", "Plans": [{"Node Type": "Bitmap Index Scan", "Parent Relationship": "Outer", "Index Name": "idx_lineitem_shipdate", "Startup Cost": 0.0, "Total Cost": 312045.05, "Plan Rows": 9071680, "Plan Width": 0, "Index Cond": "((l_shipdate >= '1993-01-01 00:00:00'::timestamp(0) without time zone) AND (l_shipdate < '1994-01-01 00:00:00'::timestamp without time zone))"}]}]}, {"Node Type": "Bitmap Heap Scan", "Parent Relationship": "Inner", "Relation Name": "partsupp", "Alias": "partsupp", "Startup Cost": 0.28, "Total Cost": 4.3, "Plan Rows": 1, "Plan Width": 24, "Recheck Cond": "((ps_partkey = lineitem.l_partkey) AND (ps_suppkey = lineitem.l_suppkey))", "Filter": "((ps_availqty)::double precision > (.5::double precision * (sum(lineitem.l_quantity))))", "Plans": [{"Node Type": "Bitmap Index Scan", "Parent Relationship": "Outer", "Index Name": "partsupp_pkey", "Startup Cost": 0.0, "Total Cost": 0.28, "Plan Rows": 1, "Plan Width": 0, "Index Cond": "((ps_partkey = lineitem.l_partkey) AND (ps_suppkey = lineitem.l_suppkey))"}]}]}, {"Node Type": "Bitmap Heap Scan", "Parent Relationship": "Inner", "Relation Name": "part", "Alias": "part", "Startup Cost": 0.26, "Total Cost": 4.28, "Plan Rows": 1, "Plan Width": 8, "Recheck Cond": "(p_partkey = lineitem.l_partkey)", "Filter": "((p_name)::text ~~ 'green%'::text)", "Plans": [{"Node Type": "Bitmap Index Scan", "Parent Relationship": "Outer", "Index Name": "part_kpey", "Startup Cost": 0.0, "Total Cost": 0.26, "Plan Rows": 1, "Plan Width": 0, "Index Cond": "(p_partkey = lineitem.l_partkey)"}]}]}]}]}, {"Node Type": "Bitmap Heap Scan", "Parent Relationship": "Inner", "Relation Name": "supplier", "Alias": "supplier", "Startup Cost": 0.26, "Total Cost": 4.27, "Plan Rows": 1, "Plan Width": 63, "Recheck Cond": "(s_suppkey = lineitem.l_suppkey)", "Plans": [{"Node Type": "Bitmap Index Scan", "Parent Relationship": "Outer", "Index Name": "supplier_pkey", "Startup Cost": 0.0, "Total Cost": 0.26, "Plan Rows": 1, "Plan Width": 0, "Index Cond": "(s_suppkey = lineitem.l_suppkey)"}]}]}, {"Node Type": "Bitmap Heap Scan", "Parent Relationship": "Inner", "Relation Name": "nation", "Alias": "nation", "Startup Cost": 0.26, "Total Cost": 4.27, "Plan Rows": 1, "Plan Width": 4, "Recheck Cond": "(n_nationkey = supplier.s_nationkey)", "Filter": "(n_name = 'ALGERIA'::bpchar)", "Plans": [{"Node Type": "Bitmap Index Scan", "Parent Relationship": "Outer", "Index Name": "nation_pkey", "Startup Cost": 0.0, "Total Cost": 0.26, "Plan Rows": 1, "Plan Width": 0, "Index Cond": "(n_nationkey = supplier.s_nationkey)"}]}]}]}, "Unique SQL Id": 202076520, "Planner Runtime": 2}, "explain_analyze_plan": {"Plan": {"Node Type": "Sort", "Startup Cost": 41474309.17, "Total Cost": 41474314.17, "Plan Rows": 2000, "Plan Width": 51, "Actual Startup Time": 123034.011, "Actual Total Time": 123034.172, "Actual Rows": 1746, "Actual Loops": 1, "Sort Key": ["supplier.s_name"], "Sort Method": "quicksort", "Sort Space Used": 309, "Sort Space Type": "Memory", "Plans": [{"Node Type": "Nested Loop", "Parent Relationship": "Outer", "Join Type": "Inner", "Startup Cost": 41260049.96, "Total Cost": 41474199.51, "Plan Rows": 2000, "Plan Width": 51, "Actual Startup Time": 122623.884, "Actual Total Time": 123032.253, "Actual Rows": 1746, "Actual Loops": 1, "Inner Unique": true, "Plans": [{"Node Type": "Nested Loop", "Parent Relationship": "Outer", "Join Type": "Inner", "Startup Cost": 41260049.7, "Total Cost": 41260058.01, "Plan Rows": 50000, "Plan Width": 55, "Actual Startup Time": 122623.574, "Actual Total Time": 122860.159, "Actual Rows": 44487, "Actual Loops": 1, "Inner Unique": true, "Plans": [{"Node Type": "Unique", "Parent Relationship": "Outer", "Startup Cost": 41260049.44, "Total Cost": 41260049.45, "Plan Rows": 2, "Plan Width": 16, "Actual Startup Time": 122623.524, "Actual Total Time": 122652.62, "Actual Rows": 44487, "Actual Loops": 1, "Plans": [{"Node Type": "Sort", "Parent Relationship": "Outer", "Startup Cost": 41260049.44, "Total Cost": 41260049.45, "Plan Rows": 2, "Plan Width": 16, "Actual Startup Time": 122623.52, "Actual Total Time": 122634.619, "Actual Rows": 58537, "Actual Loops": 1, "Sort Key": ["partsupp.ps_suppkey"], "Sort Method": "quicksort", "Sort Space Used": 7024, "Sort Space Type": "Memory", "Plans": [{"Node Type": "Nested Loop", "Parent Relationship": "Outer", "Join Type": "Semi", "Startup Cost": 1956350.51, "Total Cost": 41260049.43, "Plan Rows": 2, "Plan Width": 16, "Actual Startup Time": 18960.753, "Actual Total Time": 122538.632, "Actual Rows": 58537, "Actual Loops": 1, "Inner Unique": false, "Join Filter": "(partsupp.ps_partkey = part.p_partkey)", "Rows Removed by Join Filter": 0, "Plans": [{"Node Type": "Nested Loop", "Parent Relationship": "Outer", "Join Type": "Inner", "Startup Cost": 1956350.25, "Total Cost": 41259981.09, "Plan Rows": 15, "Plan Width": 32, "Actual Startup Time": 18960.35, "Actual Total Time": 76712.02, "Actual Rows": 5431247, "Actual Loops": 1, "Inner Unique": true, "Plans": [{"Node Type": "Aggregate", "Strategy": "Hashed", "Parent Relationship": "Outer", "Startup Cost": 1956349.97, "Total Cost": 2069745.97, "Plan Rows": 9071680, "Plan Width": 24, "Actual Startup Time": 18960.226, "Actual Total Time": 23912.293, "Actual Rows": 5442751, "Actual Loops": 1, "Group By Key": ["lineitem.l_partkey", "lineitem.l_suppkey"], "Plans": [{"Node Type": "Bitmap Heap Scan", "Parent Relationship": "Outer", "Relation Name": "lineitem", "Alias": "lineitem", "Startup Cost": 314312.97, "Total Cost": 1865633.17, "Plan Rows": 9071680, "Plan Width": 24, "Actual Startup Time": 4194.642, "Actual Total Time": 11458.292, "Actual Rows": 9109641, "Actual Loops": 1, "Recheck Cond": "((l_shipdate >= '1993-01-01 00:00:00'::timestamp(0) without time zone) AND (l_shipdate < '1994-01-01 00:00:00'::timestamp without time zone)), (LLVM Optimized, Jit Execute)", "Rows Removed by Index Recheck": 0, "Exact Heap Blocks": 1252335, "Lossy Heap Blocks": 1252335, "Plans": [{"Node Type": "Bitmap Index Scan", "Parent Relationship": "Outer", "Index Name": "idx_lineitem_shipdate", "Startup Cost": 0.0, "Total Cost": 312045.05, "Plan Rows": 9071680, "Plan Width": 0, "Actual Startup Time": 3470.055, "Actual Total Time": 3470.055, "Actual Rows": 9109641, "Actual Loops": 1, "Index Cond": "((l_shipdate >= '1993-01-01 00:00:00'::timestamp(0) without time zone) AND (l_shipdate < '1994-01-01 00:00:00'::timestamp without time zone))"}]}]}, {"Node Type": "Bitmap Heap Scan", "Parent Relationship": "Inner", "Relation Name": "partsupp", "Alias": "partsupp", "Startup Cost": 0.28, "Total Cost": 4.3, "Plan Rows": 1, "Plan Width": 24, "Actual Startup Time": 44899.069, "Actual Total Time": 44899.069, "Actual Rows": 5431247, "Actual Loops": 5442751, "Recheck Cond": "((ps_partkey = lineitem.l_partkey) AND (ps_suppkey = lineitem.l_suppkey))", "Rows Removed by Index Recheck": 0, "Filter": "((ps_availqty)::double precision > (.5::double precision * (sum(lineitem.l_quantity))))", "Rows Removed by Filter": 11504, "Exact Heap Blocks": 5442751, "Lossy Heap Blocks": 5442751, "Plans": [{"Node Type": "Bitmap Index Scan", "Parent Relationship": "Outer", "Index Name": "partsupp_pkey", "Startup Cost": 0.0, "Total Cost": 0.28, "Plan Rows": 1, "Plan Width": 0, "Actual Startup Time": 27584.74, "Actual Total Time": 27584.74, "Actual Rows": 5442751, "Actual Loops": 5442751, "Index Cond": "((ps_partkey = lineitem.l_partkey) AND (ps_suppkey = lineitem.l_suppkey))"}]}]}, {"Node Type": "Bitmap Heap Scan", "Parent Relationship": "Inner", "Relation Name": "part", "Alias": "part", "Startup Cost": 0.26, "Total Cost": 4.28, "Plan Rows": 1, "Plan Width": 8, "Actual Startup Time": 39579.35, "Actual Total Time": 39579.35, "Actual Rows": 58537, "Actual Loops": 5431247, "Recheck Cond": "(p_partkey = lineitem.l_partkey)", "Rows Removed by Index Recheck": 0, "Filter": "((p_name)::text ~~ 'green%'::text)", "Rows Removed by Filter": 5372710, "Exact Heap Blocks": 5431247, "Lossy Heap Blocks": 5431247, "Plans": [{"Node Type": "Bitmap Index Scan", "Parent Relationship": "Outer", "Index Name": "part_kpey", "Startup Cost": 0.0, "Total Cost": 0.26, "Plan Rows": 1, "Plan Width": 0, "Actual Startup Time": 23439.794, "Actual Total Time": 23439.794, "Actual Rows": 5431247, "Actual Loops": 5431247, "Index Cond": "(p_partkey = lineitem.l_partkey)"}]}]}]}]}, {"Node Type": "Bitmap Heap Scan", "Parent Relationship": "Inner", "Relation Name": "supplier", "Alias": "supplier", "Startup Cost": 0.26, "Total Cost": 4.27, "Plan Rows": 1, "Plan Width": 63, "Actual Startup Time": 148.575, "Actual Total Time": 148.575, "Actual Rows": 44487, "Actual Loops": 44487, "Recheck Cond": "(s_suppkey = lineitem.l_suppkey)", "Rows Removed by Index Recheck": 0, "Exact Heap Blocks": 44487, "Lossy Heap Blocks": 44487, "Plans": [{"Node Type": "Bitmap Index Scan", "Parent Relationship": "Outer", "Index Name": "supplier_pkey", "Startup Cost": 0.0, "Total Cost": 0.26, "Plan Rows": 1, "Plan Width": 0, "Actual Startup Time": 81.957, "Actual Total Time": 81.957, "Actual Rows": 44487, "Actual Loops": 44487, "Index Cond": "(s_suppkey = lineitem.l_suppkey)"}]}]}, {"Node Type": "Bitmap Heap Scan", "Parent Relationship": "Inner", "Relation Name": "nation", "Alias": "nation", "Startup Cost": 0.26, "Total Cost": 4.27, "Plan Rows": 1, "Plan Width": 4, "Actual Startup Time": 121.825, "Actual Total Time": 121.825, "Actual Rows": 1746, "Actual Loops": 44487, "Recheck Cond": "(n_nationkey = supplier.s_nationkey)", "Rows Removed by Index Recheck": 0, "Filter": "(n_name = 'ALGERIA'::bpchar)", "Rows Removed by Filter": 42741, "Exact Heap Blocks": 44487, "Lossy Heap Blocks": 44487, "Plans": [{"Node Type": "Bitmap Index Scan", "Parent Relationship": "Outer", "Index Name": "nation_pkey", "Startup Cost": 0.0, "Total Cost": 0.26, "Plan Rows": 1, "Plan Width": 0, "Actual Startup Time": 45.466, "Actual Total Time": 45.466, "Actual Rows": 44487, "Actual Loops": 44487, "Index Cond": "(n_nationkey = supplier.s_nationkey)"}]}]}]}, "Triggers": [], "Planner Runtime": 1, "Total Runtime": 123046.421, "Unique SQL Id": 202076520}}, "(1, 68)": {"explain_plan": {"Plan": {"Node Type": "Sort", "Startup Cost": 2479933.5, "Total Cost": 2479938.5, "Plan Rows": 2000, "Plan Width": 51, "Sort Key": ["supplier.s_name"], "Plans": [{"Node Type": "Hash Join", "Parent Relationship": "Outer", "Join Type": "Right Semi", "Startup Cost": 2184974.13, "Total Cost": 2479823.85, "Plan Rows": 2000, "Plan Width": 51, "Inner Unique": false, "Hash Cond": "(lineitem.l_suppkey = supplier.s_suppkey)", "Plans": [{"Node Type": "Hash Join", "Parent Relationship": "Outer", "Join Type": "Inner", "Startup Cost": 2182390.78, "Total Cost": 2477220.49, "Plan Rows": 2, "Plan Width": 16, "Inner Unique": false, "Hash Cond": "((lineitem.l_partkey = partsupp.ps_partkey) AND (lineitem.l_suppkey = partsupp.ps_suppkey))", "Join Filter": "((partsupp.ps_availqty)::double precision > (.5::double precision * (sum(lineitem.l_quantity))))", "Plans": [{"Node Type": "Aggregate", "Strategy": "Hashed", "Parent Relationship": "Outer", "Startup Cost": 1956349.97, "Total Cost": 2069745.97, "Plan Rows": 9071680, "Plan Width": 24, "Group By Key": ["lineitem.l_partkey", "lineitem.l_suppkey"], "Plans": [{"Node Type": "Bitmap Heap Scan", "Parent Relationship": "Outer", "Relation Name": "lineitem", "Alias": "lineitem", "Startup Cost": 314312.97, "Total Cost": 1865633.17, "Plan Rows": 9071680, "Plan Width": 24, "Recheck Cond": "((l_shipdate >= '1993-01-01 00:00:00'::timestamp(0) without time zone) AND (l_shipdate < '1994-01-01 00:00:00'::timestamp without time zone)), (LLVM Optimized)", "Plans": [{"Node Type": "Bitmap Index Scan", "Parent Relationship": "Outer", "Index Name": "idx_lineitem_shipdate", "Startup Cost": 0.0, "Total Cost": 312045.05, "Plan Rows": 9071680, "Plan Width": 0, "Index Cond": "((l_shipdate >= '1993-01-01 00:00:00'::timestamp(0) without time zone) AND (l_shipdate < '1994-01-01 00:00:00'::timestamp without time zone))"}]}]}, {"Node Type": "Hash", "Parent Relationship": "Inner", "Startup Cost": 225072.53, "Total Cost": 225072.53, "Plan Rows": 64552, "Plan Width": 32, "Plans": [{"Node Type": "Nested Loop", "Parent Relationship": "Outer", "Join Type": "Inner", "Startup Cost": 0.0, "Total Cost": 225072.53, "Plan Rows": 64552, "Plan Width": 32, "Inner Unique": false, "Plans": [{"Node Type": "Seq Scan", "Parent Relationship": "Outer", "Relation Name": "part", "Alias": "part", "Startup Cost": 0.0, "Total Cost": 66944.0, "Plan Rows": 22472, "Plan Width": 8, "Filter": "((p_name)::text ~~ 'green%'::text)"}, {"Node Type": "Index Scan", "Parent Relationship": "Inner", "Scan Direction": "Forward", "Index Name": "idx_partsupp_partkey", "Relation Name": "partsupp", "Alias": "partsupp", "Startup Cost": 0.0, "Total Cost": 7.01, "Plan Rows": 3, "Plan Width": 24, "Index Cond": "(ps_partkey = part.p_partkey)"}]}]}]}, {"Node Type": "Hash", "Parent Relationship": "Inner", "Startup Cost": 2533.35, "Total Cost": 2533.35, "Plan Rows": 4000, "Plan Width": 59, "Plans": [{"Node Type": "Nested Loop", "Parent Relationship": "Outer", "Join Type": "Inner", "Startup Cost": 95.25, "Total Cost": 2533.35, "Plan Rows": 4000, "Plan Width": 59, "Inner Unique": false, "Plans": [{"Node Type": "Seq Scan", "Parent Relationship": "Outer", "Relation Name": "nation", "Alias": "nation", "Startup Cost": 0.0, "Total Cost": 1.31, "Plan Rows": 1, "Plan Width": 4, "Filter": "(n_name = 'ALGERIA'::bpchar)"}, {"Node Type": "Bitmap Heap Scan", "Parent Relationship": "Inner", "Relation Name": "supplier", "Alias": "supplier", "Startup Cost": 95.25, "Total Cost": 2492.04, "Plan Rows": 4000, "Plan Width": 63, "Recheck Cond": "(s_nationkey = nation.n_nationkey)", "Plans": [{"Node Type": "Bitmap Index Scan", "Parent Relationship": "Outer", "Index Name": "idx_supplier_nation_key", "Startup Cost": 0.0, "Total Cost": 94.25, "Plan Rows": 4000, "Plan Width": 0, "Index Cond": "(s_nationkey = nation.n_nationkey)"}]}]}]}]}]}, "Unique SQL Id": 202076520, "Planner Runtime": 2}, "explain_analyze_plan": {"Plan": {"Node Type": "Sort", "Startup Cost": 2479933.5, "Total Cost": 2479938.5, "Plan Rows": 2000, "Plan Width": 51, "Actual Startup Time": 25601.06, "Actual Total Time": 25601.233, "Actual Rows": 1746, "Actual Loops": 1, "Sort Key": ["supplier.s_name"], "Sort Method": "quicksort", "Sort Space Used": 309, "Sort Space Type": "Memory", "Plans": [{"Node Type": "Hash Join", "Parent Relationship": "Outer", "Join Type": "Right Semi", "Startup Cost": 2184974.13, "Total Cost": 2479823.85, "Plan Rows": 2000, "Plan Width": 51, "Actual Startup Time": 20479.002, "Actual Total Time": 25591.291, "Actual Rows": 1746, "Actual Loops": 1, "Inner Unique": false, "Hash Cond": "(lineitem.l_suppkey = supplier.s_suppkey)", "Plans": [{"Node Type": "Hash Join", "Parent Relationship": "Outer", "Join Type": "Inner", "Startup Cost": 2182390.78, "Total Cost": 2477220.49, "Plan Rows": 2, "Plan Width": 16, "Actual Startup Time": 20463.704, "Actual Total Time": 25564.964, "Actual Rows": 58537, "Actual Loops": 1, "Inner Unique": false, "Hash Cond": "((lineitem.l_partkey = partsupp.ps_partkey) AND (lineitem.l_suppkey = partsupp.ps_suppkey))", "Join Filter": "((partsupp.ps_availqty)::double precision > (.5::double precision * (sum(lineitem.l_quantity))))", "Rows Removed by Join Filter": 136, "Plans": [{"Node Type": "Aggregate", "Strategy": "Hashed", "Parent Relationship": "Outer", "Startup Cost": 1956349.97, "Total Cost": 2069745.97, "Plan Rows": 9071680, "Plan Width": 24, "Actual Startup Time": 19427.518, "Actual Total Time": 22907.789, "Actual Rows": 5442751, "Actual Loops": 1, "Group By Key": ["lineitem.l_partkey", "lineitem.l_suppkey"], "Plans": [{"Node Type": "Bitmap Heap Scan", "Parent Relationship": "Outer", "Relation Name": "lineitem", "Alias": "lineitem", "Startup Cost": 314312.97, "Total Cost": 1865633.17, "Plan Rows": 9071680, "Plan Width": 24, "Actual Startup Time": 4199.167, "Actual Total Time": 11621.077, "Actual Rows": 9109641, "Actual Loops": 1, "Recheck Cond": "((l_shipdate >= '1993-01-01 00:00:00'::timestamp(0) without time zone) AND (l_shipdate < '1994-01-01 00:00:00'::timestamp without time zone)), (LLVM Optimized, Jit Execute)", "Rows Removed by Index Recheck": 0, "Exact Heap Blocks": 1252335, "Lossy Heap Blocks": 1252335, "Plans": [{"Node Type": "Bitmap Index Scan", "Parent Relationship": "Outer", "Index Name": "idx_lineitem_shipdate", "Startup Cost": 0.0, "Total Cost": 312045.05, "Plan Rows": 9071680, "Plan Width": 0, "Actual Startup Time": 3499.318, "Actual Total Time": 3499.318, "Actual Rows": 9109641, "Actual Loops": 1, "Index Cond": "((l_shipdate >= '1993-01-01 00:00:00'::timestamp(0) without time zone) AND (l_shipdate < '1994-01-01 00:00:00'::timestamp without time zone))"}]}]}, {"Node Type": "Hash", "Parent Relationship": "Inner", "Startup Cost": 225072.53, "Total Cost": 225072.53, "Plan Rows": 64552, "Plan Width": 32, "Actual Startup Time": 1036.025, "Actual Total Time": 1036.025, "Actual Rows": 86224, "Actual Loops": 1, "Hash Buckets": 65536, "Hash Batches": 1, "Original Hash Batches": 1, "Peak Memory Usage": 5389, "Plans": [{"Node Type": "Nested Loop", "Parent Relationship": "Outer", "Join Type": "Inner", "Startup Cost": 0.0, "Total Cost": 225072.53, "Plan Rows": 64552, "Plan Width": 32, "Actual Startup Time": 0.054, "Actual Total Time": 998.106, "Actual Rows": 86224, "Actual Loops": 1, "Inner Unique": false, "Plans": [{"Node Type": "Seq Scan", "Parent Relationship": "Outer", "Relation Name": "part", "Alias": "part", "Startup Cost": 0.0, "Total Cost": 66944.0, "Plan Rows": 22472, "Plan Width": 8, "Actual Startup Time": 0.03, "Actual Total Time": 782.61, "Actual Rows": 21556, "Actual Loops": 1, "Filter": "((p_name)::text ~~ 'green%'::text)", "Rows Removed by Filter": 1978444}, {"Node Type": "Index Scan", "Parent Relationship": "Inner", "Scan Direction": "Forward", "Index Name": "idx_partsupp_partkey", "Relation Name": "partsupp", "Alias": "partsupp", "Startup Cost": 0.0, "Total Cost": 7.01, "Plan Rows": 3, "Plan Width": 24, "Actual Startup Time": 138.227, "Actual Total Time": 182.328, "Actual Rows": 86224, "Actual Loops": 21556, "Index Cond": "(ps_partkey = part.p_partkey)", "Rows Removed by Index Recheck": 0}]}]}]}, {"Node Type": "Hash", "Parent Relationship": "Inner", "Startup Cost": 2533.35, "Total Cost": 2533.35, "Plan Rows": 4000, "Plan Width": 59, "Actual Startup Time": 8.452, "Actual Total Time": 8.452, "Actual Rows": 3934, "Actual Loops": 1, "Hash Buckets": 32768, "Hash Batches": 1, "Original Hash Batches": 1, "Peak Memory Usage": 368, "Plans": [{"Node Type": "Nested Loop", "Parent Relationship": "Outer", "Join Type": "Inner", "Startup Cost": 95.25, "Total Cost": 2533.35, "Plan Rows": 4000, "Plan Width": 59, "Actual Startup Time": 1.282, "Actual Total Time": 7.105, "Actual Rows": 3934, "Actual Loops": 1, "Inner Unique": false, "Plans": [{"Node Type": "Seq Scan", "Parent Relationship": "Outer", "Relation Name": "nation", "Alias": "nation", "Startup Cost": 0.0, "Total Cost": 1.31, "Plan Rows": 1, "Plan Width": 4, "Actual Startup Time": 0.026, "Actual Total Time": 0.038, "Actual Rows": 1, "Actual Loops": 1, "Filter": "(n_name = 'ALGERIA'::bpchar)", "Rows Removed by Filter": 24}, {"Node Type": "Bitmap Heap Scan", "Parent Relationship": "Inner", "Relation Name": "supplier", "Alias": "supplier", "Startup Cost": 95.25, "Total Cost": 2492.04, "Plan Rows": 4000, "Plan Width": 63, "Actual Startup Time": 1.25, "Actual Total Time": 6.237, "Actual Rows": 3934, "Actual Loops": 1, "Recheck Cond": "(s_nationkey = nation.n_nationkey)", "Rows Removed by Index Recheck": 0, "Exact Heap Blocks": 1897, "Lossy Heap Blocks": 1897, "Plans": [{"Node Type": "Bitmap Index Scan", "Parent Relationship": "Outer", "Index Name": "idx_supplier_nation_key", "Startup Cost": 0.0, "Total Cost": 94.25, "Plan Rows": 4000, "Plan Width": 0, "Actual Startup Time": 0.943, "Actual Total Time": 0.943, "Actual Rows": 3934, "Actual Loops": 1, "Index Cond": "(s_nationkey = nation.n_nationkey)"}]}]}]}]}]}, "Triggers": [], "Planner Runtime": 1, "Total Runtime": 25612.687, "Unique SQL Id": 202076520}}, "(1, 69)": {"explain_plan": {"Plan": {"Node Type": "Sort", "Startup Cost": 2518804.13, "Total Cost": 2518809.13, "Plan Rows": 2000, "Plan Width": 51, "Sort Key": ["supplier.s_name"], "Plans": [{"Node Type": "Hash Join", "Parent Relationship": "Outer", "Join Type": "Right Semi", "Startup Cost": 2223844.76, "Total Cost": 2518694.47, "Plan Rows": 2000, "Plan Width": 51, "Inner Unique": false, "Hash Cond": "(lineitem.l_suppkey = supplier.s_suppkey)", "Plans": [{"Node Type": "Hash Join", "Parent Relationship": "Outer", "Join Type": "Inner", "Startup Cost": 2221250.03, "Total Cost": 2516079.74, "Plan Rows": 2, "Plan Width": 16, "Inner Unique": false, "Hash Cond": "((lineitem.l_partkey = partsupp.ps_partkey) AND (lineitem.l_suppkey = partsupp.ps_suppkey))", "Join Filter": "((partsupp.ps_availqty)::double precision > (.5::double precision * (sum(lineitem.l_quantity))))", "Plans": [{"Node Type": "Aggregate", "Strategy": "Hashed", "Parent Relationship": "Outer", "Startup Cost": 1956349.97, "Total Cost": 2069745.97, "Plan Rows": 9071680, "Plan Width": 24, "Group By Key": ["lineitem.l_partkey", "lineitem.l_suppkey"], "Plans": [{"Node Type": "Bitmap Heap Scan", "Parent Relationship": "Outer", "Relation Name": "lineitem", "Alias": "lineitem", "Startup Cost": 314312.97, "Total Cost": 1865633.17, "Plan Rows": 9071680, "Plan Width": 24, "Recheck Cond": "((l_shipdate >= '1993-01-01 00:00:00'::timestamp(0) without time zone) AND (l_shipdate < '1994-01-01 00:00:00'::timestamp without time zone)), (LLVM Optimized)", "Plans": [{"Node Type": "Bitmap Index Scan", "Parent Relationship": "Outer", "Index Name": "idx_lineitem_shipdate", "Startup Cost": 0.0, "Total Cost": 312045.05, "Plan Rows": 9071680, "Plan Width": 0, "Index Cond": "((l_shipdate >= '1993-01-01 00:00:00'::timestamp(0) without time zone) AND (l_shipdate < '1994-01-01 00:00:00'::timestamp without time zone))"}]}]}, {"Node Type": "Hash", "Parent Relationship": "Inner", "Startup Cost": 263931.78, "Total Cost": 263931.78, "Plan Rows": 64552, "Plan Width": 32, "Plans": [{"Node Type": "Nested Loop", "Parent Relationship": "Outer", "Join Type": "Inner", "Startup Cost": 0.0, "Total Cost": 263931.78, "Plan Rows": 64552, "Plan Width": 32, "Inner Unique": false, "Plans": [{"Node Type": "Index Scan", "Parent Relationship": "Outer", "Scan Direction": "Forward", "Index Name": "part_kpey", "Relation Name": "part", "Alias": "part", "Startup Cost": 0.0, "Total Cost": 105803.25, "Plan Rows": 22472, "Plan Width": 8, "Filter": "((p_name)::text ~~ 'green%'::text)"}, {"Node Type": "Index Scan", "Parent Relationship": "Inner", "Scan Direction": "Forward", "Index Name": "idx_partsupp_partkey", "Relation Name": "partsupp", "Alias": "partsupp", "Startup Cost": 0.0, "Total Cost": 7.01, "Plan Rows": 3, "Plan Width": 24, "Index Cond": "(ps_partkey = part.p_partkey)"}]}]}]}, {"Node Type": "Hash", "Parent Relationship": "Inner", "Startup Cost": 2544.73, "Total Cost": 2544.73, "Plan Rows": 4000, "Plan Width": 59, "Plans": [{"Node Type": "Nested Loop", "Parent Relationship": "Outer", "Join Type": "Inner", "Startup Cost": 95.25, "Total Cost": 2544.73, "Plan Rows": 4000, "Plan Width": 59, "Inner Unique": false, "Plans": [{"Node Type": "Index Scan", "Parent Relationship": "Outer", "Scan Direction": "Forward", "Index Name": "nation_pkey", "Relation Name": "nation", "Alias": "nation", "Startup Cost": 0.0, "Total Cost": 12.69, "Plan Rows": 1, "Plan Width": 4, "Filter": "(n_name = 'ALGERIA'::bpchar)"}, {"Node Type": "Bitmap Heap Scan", "Parent Relationship": "Inner", "Relation Name": "supplier", "Alias": "supplier", "Startup Cost": 95.25, "Total Cost": 2492.04, "Plan Rows": 4000, "Plan Width": 63, "Recheck Cond": "(s_nationkey = nation.n_nationkey)", "Plans": [{"Node Type": "Bitmap Index Scan", "Parent Relationship": "Outer", "Index Name": "idx_supplier_nation_key", "Startup Cost": 0.0, "Total Cost": 94.25, "Plan Rows": 4000, "Plan Width": 0, "Index Cond": "(s_nationkey = nation.n_nationkey)"}]}]}]}]}]}, "Unique SQL Id": 202076520, "Planner Runtime": 2}, "explain_analyze_plan": {"Plan": {"Node Type": "Sort", "Startup Cost": 2518804.13, "Total Cost": 2518809.13, "Plan Rows": 2000, "Plan Width": 51, "Actual Startup Time": 25520.931, "Actual Total Time": 25521.094, "Actual Rows": 1746, "Actual Loops": 1, "Sort Key": ["supplier.s_name"], "Sort Method": "quicksort", "Sort Space Used": 309, "Sort Space Type": "Memory", "Plans": [{"Node Type": "Hash Join", "Parent Relationship": "Outer", "Join Type": "Right Semi", "Startup Cost": 2223844.76, "Total Cost": 2518694.47, "Plan Rows": 2000, "Plan Width": 51, "Actual Startup Time": 20402.071, "Actual Total Time": 25511.276, "Actual Rows": 1746, "Actual Loops": 1, "Inner Unique": false, "Hash Cond": "(lineitem.l_suppkey = supplier.s_suppkey)", "Plans": [{"Node Type": "Hash Join", "Parent Relationship": "Outer", "Join Type": "Inner", "Startup Cost": 2221250.03, "Total Cost": 2516079.74, "Plan Rows": 2, "Plan Width": 16, "Actual Startup Time": 20386.979, "Actual Total Time": 25484.449, "Actual Rows": 58537, "Actual Loops": 1, "Inner Unique": false, "Hash Cond": "((lineitem.l_partkey = partsupp.ps_partkey) AND (lineitem.l_suppkey = partsupp.ps_suppkey))", "Join Filter": "((partsupp.ps_availqty)::double precision > (.5::double precision * (sum(lineitem.l_quantity))))", "Rows Removed by Join Filter": 136, "Plans": [{"Node Type": "Aggregate", "Strategy": "Hashed", "Parent Relationship": "Outer", "Startup Cost": 1956349.97, "Total Cost": 2069745.97, "Plan Rows": 9071680, "Plan Width": 24, "Actual Startup Time": 18758.842, "Actual Total Time": 22256.522, "Actual Rows": 5442751, "Actual Loops": 1, "Group By Key": ["lineitem.l_partkey", "lineitem.l_suppkey"], "Plans": [{"Node Type": "Bitmap Heap Scan", "Parent Relationship": "Outer", "Relation Name": "lineitem", "Alias": "lineitem", "Startup Cost": 314312.97, "Total Cost": 1865633.17, "Plan Rows": 9071680, "Plan Width": 24, "Actual Startup Time": 3765.923, "Actual Total Time": 11210.061, "Actual Rows": 9109641, "Actual Loops": 1, "Recheck Cond": "((l_shipdate >= '1993-01-01 00:00:00'::timestamp(0) without time zone) AND (l_shipdate < '1994-01-01 00:00:00'::timestamp without time zone)), (LLVM Optimized, Jit Execute)", "Rows Removed by Index Recheck": 0, "Exact Heap Blocks": 1252335, "Lossy Heap Blocks": 1252335, "Plans": [{"Node Type": "Bitmap Index Scan", "Parent Relationship": "Outer", "Index Name": "idx_lineitem_shipdate", "Startup Cost": 0.0, "Total Cost": 312045.05, "Plan Rows": 9071680, "Plan Width": 0, "Actual Startup Time": 3114.03, "Actual Total Time": 3114.03, "Actual Rows": 9109641, "Actual Loops": 1, "Index Cond": "((l_shipdate >= '1993-01-01 00:00:00'::timestamp(0) without time zone) AND (l_shipdate < '1994-01-01 00:00:00'::timestamp without time zone))"}]}]}, {"Node Type": "Hash", "Parent Relationship": "Inner", "Startup Cost": 263931.78, "Total Cost": 263931.78, "Plan Rows": 64552, "Plan Width": 32, "Actual Startup Time": 1627.998, "Actual Total Time": 1627.998, "Actual Rows": 86224, "Actual Loops": 1, "Hash Buckets": 65536, "Hash Batches": 1, "Original Hash Batches": 1, "Peak Memory Usage": 5389, "Plans": [{"Node Type": "Nested Loop", "Parent Relationship": "Outer", "Join Type": "Inner", "Startup Cost": 0.0, "Total Cost": 263931.78, "Plan Rows": 64552, "Plan Width": 32, "Actual Startup Time": 0.097, "Actual Total Time": 1590.376, "Actual Rows": 86224, "Actual Loops": 1, "Inner Unique": false, "Plans": [{"Node Type": "Index Scan", "Parent Relationship": "Outer", "Scan Direction": "Forward", "Index Name": "part_kpey", "Relation Name": "part", "Alias": "part", "Startup Cost": 0.0, "Total Cost": 105803.25, "Plan Rows": 22472, "Plan Width": 8, "Actual Startup Time": 0.073, "Actual Total Time": 1376.401, "Actual Rows": 21556, "Actual Loops": 1, "Filter": "((p_name)::text ~~ 'green%'::text)", "Rows Removed by Filter": 1978444}, {"Node Type": "Index Scan", "Parent Relationship": "Inner", "Scan Direction": "Forward", "Index Name": "idx_partsupp_partkey", "Relation Name": "partsupp", "Alias": "partsupp", "Startup Cost": 0.0, "Total Cost": 7.01, "Plan Rows": 3, "Plan Width": 24, "Actual Startup Time": 136.944, "Actual Total Time": 181.585, "Actual Rows": 86224, "Actual Loops": 21556, "Index Cond": "(ps_partkey = part.p_partkey)", "Rows Removed by Index Recheck": 0}]}]}]}, {"Node Type": "Hash", "Parent Relationship": "Inner", "Startup Cost": 2544.73, "Total Cost": 2544.73, "Plan Rows": 4000, "Plan Width": 59, "Actual Startup Time": 8.312, "Actual Total Time": 8.312, "Actual Rows": 3934, "Actual Loops": 1, "Hash Buckets": 32768, "Hash Batches": 1, "Original Hash Batches": 1, "Peak Memory Usage": 368, "Plans": [{"Node Type": "Nested Loop", "Parent Relationship": "Outer", "Join Type": "Inner", "Startup Cost": 95.25, "Total Cost": 2544.73, "Plan Rows": 4000, "Plan Width": 59, "Actual Startup Time": 0.936, "Actual Total Time": 6.879, "Actual Rows": 3934, "Actual Loops": 1, "Inner Unique": false, "Plans": [{"Node Type": "Index Scan", "Parent Relationship": "Outer", "Scan Direction": "Forward", "Index Name": "nation_pkey", "Relation Name": "nation", "Alias": "nation", "Startup Cost": 0.0, "Total Cost": 12.69, "Plan Rows": 1, "Plan Width": 4, "Actual Startup Time": 0.022, "Actual Total Time": 0.05, "Actual Rows": 1, "Actual Loops": 1, "Filter": "(n_name = 'ALGERIA'::bpchar)", "Rows Removed by Filter": 24}, {"Node Type": "Bitmap Heap Scan", "Parent Relationship": "Inner", "Relation Name": "supplier", "Alias": "supplier", "Startup Cost": 95.25, "Total Cost": 2492.04, "Plan Rows": 4000, "Plan Width": 63, "Actual Startup Time": 0.907, "Actual Total Time": 5.968, "Actual Rows": 3934, "Actual Loops": 1, "Recheck Cond": "(s_nationkey = nation.n_nationkey)", "Rows Removed by Index Recheck": 0, "Exact Heap Blocks": 1897, "Lossy Heap Blocks": 1897, "Plans": [{"Node Type": "Bitmap Index Scan", "Parent Relationship": "Outer", "Index Name": "idx_supplier_nation_key", "Startup Cost": 0.0, "Total Cost": 94.25, "Plan Rows": 4000, "Plan Width": 0, "Actual Startup Time": 0.626, "Actual Total Time": 0.626, "Actual Rows": 3934, "Actual Loops": 1, "Index Cond": "(s_nationkey = nation.n_nationkey)"}]}]}]}]}]}, "Triggers": [], "Planner Runtime": 1, "Total Runtime": 25533.298, "Unique SQL Id": 202076520}}, "(1, 70)": {"explain_plan": {"Plan": {"Node Type": "Sort", "Startup Cost": 2612723.68, "Total Cost": 2612728.68, "Plan Rows": 2000, "Plan Width": 51, "Sort Key": ["supplier.s_name"], "Plans": [{"Node Type": "Hash Join", "Parent Relationship": "Outer", "Join Type": "Right Semi", "Startup Cost": 2317764.31, "Total Cost": 2612614.02, "Plan Rows": 2000, "Plan Width": 51, "Inner Unique": false, "Hash Cond": "(lineitem.l_suppkey = supplier.s_suppkey)", "Plans": [{"Node Type": "Hash Join", "Parent Relationship": "Outer", "Join Type": "Inner", "Startup Cost": 2315180.96, "Total Cost": 2610010.67, "Plan Rows": 2, "Plan Width": 16, "Inner Unique": false, "Hash Cond": "((lineitem.l_partkey = partsupp.ps_partkey) AND (lineitem.l_suppkey = partsupp.ps_suppkey))", "Join Filter": "((partsupp.ps_availqty)::double precision > (.5::double precision * (sum(lineitem.l_quantity))))", "Plans": [{"Node Type": "Aggregate", "Strategy": "Hashed", "Parent Relationship": "Outer", "Startup Cost": 1956349.97, "Total Cost": 2069745.97, "Plan Rows": 9071680, "Plan Width": 24, "Group By Key": ["lineitem.l_partkey", "lineitem.l_suppkey"], "Plans": [{"Node Type": "Bitmap Heap Scan", "Parent Relationship": "Outer", "Relation Name": "lineitem", "Alias": "lineitem", "Startup Cost": 314312.97, "Total Cost": 1865633.17, "Plan Rows": 9071680, "Plan Width": 24, "Recheck Cond": "((l_shipdate >= '1993-01-01 00:00:00'::timestamp(0) without time zone) AND (l_shipdate < '1994-01-01 00:00:00'::timestamp without time zone)), (LLVM Optimized)", "Plans": [{"Node Type": "Bitmap Index Scan", "Parent Relationship": "Outer", "Index Name": "idx_lineitem_shipdate", "Startup Cost": 0.0, "Total Cost": 312045.05, "Plan Rows": 9071680, "Plan Width": 0, "Index Cond": "((l_shipdate >= '1993-01-01 00:00:00'::timestamp(0) without time zone) AND (l_shipdate < '1994-01-01 00:00:00'::timestamp without time zone))"}]}]}, {"Node Type": "Hash", "Parent Relationship": "Inner", "Startup Cost": 357862.71, "Total Cost": 357862.71, "Plan Rows": 64552, "Plan Width": 32, "Plans": [{"Node Type": "Hash Join", "Parent Relationship": "Outer", "Join Type": "Inner", "Startup Cost": 67224.9, "Total Cost": 357862.71, "Plan Rows": 64552, "Plan Width": 32, "Inner Unique": true, "Hash Cond": "(partsupp.ps_partkey = part.p_partkey)", "Plans": [{"Node Type": "Seq Scan", "Parent Relationship": "Outer", "Relation Name": "partsupp", "Alias": "partsupp", "Startup Cost": 0.0, "Total Cost": 269987.72, "Plan Rows": 8000372, "Plan Width": 24}, {"Node Type": "Hash", "Parent Relationship": "Inner", "Startup Cost": 66944.0, "Total Cost": 66944.0, "Plan Rows": 22472, "Plan Width": 8, "Plans": [{"Node Type": "Seq Scan", "Parent Relationship": "Outer", "Relation Name": "part", "Alias": "part", "Startup Cost": 0.0, "Total Cost": 66944.0, "Plan Rows": 22472, "Plan Width": 8, "Filter": "((p_name)::text ~~ 'green%'::text)"}]}]}]}]}, {"Node Type": "Hash", "Parent Relationship": "Inner", "Startup Cost": 2533.35, "Total Cost": 2533.35, "Plan Rows": 4000, "Plan Width": 59, "Plans": [{"Node Type": "Nested Loop", "Parent Relationship": "Outer", "Join Type": "Inner", "Startup Cost": 95.25, "Total Cost": 2533.35, "Plan Rows": 4000, "Plan Width": 59, "Inner Unique": false, "Plans": [{"Node Type": "Seq Scan", "Parent Relationship": "Outer", "Relation Name": "nation", "Alias": "nation", "Startup Cost": 0.0, "Total Cost": 1.31, "Plan Rows": 1, "Plan Width": 4, "Filter": "(n_name = 'ALGERIA'::bpchar)"}, {"Node Type": "Bitmap Heap Scan", "Parent Relationship": "Inner", "Relation Name": "supplier", "Alias": "supplier", "Startup Cost": 95.25, "Total Cost": 2492.04, "Plan Rows": 4000, "Plan Width": 63, "Recheck Cond": "(s_nationkey = nation.n_nationkey)", "Plans": [{"Node Type": "Bitmap Index Scan", "Parent Relationship": "Outer", "Index Name": "idx_supplier_nation_key", "Startup Cost": 0.0, "Total Cost": 94.25, "Plan Rows": 4000, "Plan Width": 0, "Index Cond": "(s_nationkey = nation.n_nationkey)"}]}]}]}]}]}, "Unique SQL Id": 202076520, "Planner Runtime": 2}, "explain_analyze_plan": {"Plan": {"Node Type": "Sort", "Startup Cost": 2612723.68, "Total Cost": 2612728.68, "Plan Rows": 2000, "Plan Width": 51, "Actual Startup Time": 28438.978, "Actual Total Time": 28439.138, "Actual Rows": 1746, "Actual Loops": 1, "Sort Key": ["supplier.s_name"], "Sort Method": "quicksort", "Sort Space Used": 309, "Sort Space Type": "Memory", "Plans": [{"Node Type": "Hash Join", "Parent Relationship": "Outer", "Join Type": "Right Semi", "Startup Cost": 2317764.31, "Total Cost": 2612614.02, "Plan Rows": 2000, "Plan Width": 51, "Actual Startup Time": 23513.275, "Actual Total Time": 28429.3, "Actual Rows": 1746, "Actual Loops": 1, "Inner Unique": false, "Hash Cond": "(lineitem.l_suppkey = supplier.s_suppkey)", "Plans": [{"Node Type": "Hash Join", "Parent Relationship": "Outer", "Join Type": "Inner", "Startup Cost": 2315180.96, "Total Cost": 2610010.67, "Plan Rows": 2, "Plan Width": 16, "Actual Startup Time": 23498.568, "Actual Total Time": 28404.063, "Actual Rows": 58537, "Actual Loops": 1, "Inner Unique": false, "Hash Cond": "((lineitem.l_partkey = partsupp.ps_partkey) AND (lineitem.l_suppkey = partsupp.ps_suppkey))", "Join Filter": "((partsupp.ps_availqty)::double precision > (.5::double precision * (sum(lineitem.l_quantity))))", "Rows Removed by Join Filter": 136, "Plans": [{"Node Type": "Aggregate", "Strategy": "Hashed", "Parent Relationship": "Outer", "Startup Cost": 1956349.97, "Total Cost": 2069745.97, "Plan Rows": 9071680, "Plan Width": 24, "Actual Startup Time": 18773.704, "Actual Total Time": 22155.624, "Actual Rows": 5442751, "Actual Loops": 1, "Group By Key": ["lineitem.l_partkey", "lineitem.l_suppkey"], "Plans": [{"Node Type": "Bitmap Heap Scan", "Parent Relationship": "Outer", "Relation Name": "lineitem", "Alias": "lineitem", "Startup Cost": 314312.97, "Total Cost": 1865633.17, "Plan Rows": 9071680, "Plan Width": 24, "Actual Startup Time": 3531.172, "Actual Total Time": 10929.236, "Actual Rows": 9109641, "Actual Loops": 1, "Recheck Cond": "((l_shipdate >= '1993-01-01 00:00:00'::timestamp(0) without time zone) AND (l_shipdate < '1994-01-01 00:00:00'::timestamp without time zone)), (LLVM Optimized, Jit Execute)", "Rows Removed by Index Recheck": 0, "Exact Heap Blocks": 1252335, "Lossy Heap Blocks": 1252335, "Plans": [{"Node Type": "Bitmap Index Scan", "Parent Relationship": "Outer", "Index Name": "idx_lineitem_shipdate", "Startup Cost": 0.0, "Total Cost": 312045.05, "Plan Rows": 9071680, "Plan Width": 0, "Actual Startup Time": 2986.706, "Actual Total Time": 2986.706, "Actual Rows": 9109641, "Actual Loops": 1, "Index Cond": "((l_shipdate >= '1993-01-01 00:00:00'::timestamp(0) without time zone) AND (l_shipdate < '1994-01-01 00:00:00'::timestamp without time zone))"}]}]}, {"Node Type": "Hash", "Parent Relationship": "Inner", "Startup Cost": 357862.71, "Total Cost": 357862.71, "Plan Rows": 64552, "Plan Width": 32, "Actual Startup Time": 4724.517, "Actual Total Time": 4724.517, "Actual Rows": 86224, "Actual Loops": 1, "Hash Buckets": 65536, "Hash Batches": 1, "Original Hash Batches": 1, "Peak Memory Usage": 5389, "Plans": [{"Node Type": "Hash Join", "Parent Relationship": "Outer", "Join Type": "Inner", "Startup Cost": 67224.9, "Total Cost": 357862.71, "Plan Rows": 64552, "Plan Width": 32, "Actual Startup Time": 770.563, "Actual Total Time": 4684.501, "Actual Rows": 86224, "Actual Loops": 1, "Inner Unique": true, "Hash Cond": "(partsupp.ps_partkey = part.p_partkey)", "Plans": [{"Node Type": "Seq Scan", "Parent Relationship": "Outer", "Relation Name": "partsupp", "Alias": "partsupp", "Startup Cost": 0.0, "Total Cost": 269987.72, "Plan Rows": 8000372, "Plan Width": 24, "Actual Startup Time": 0.016, "Actual Total Time": 2373.227, "Actual Rows": 8000000, "Actual Loops": 1}, {"Node Type": "Hash", "Parent Relationship": "Inner", "Startup Cost": 66944.0, "Total Cost": 66944.0, "Plan Rows": 22472, "Plan Width": 8, "Actual Startup Time": 770.379, "Actual Total Time": 770.379, "Actual Rows": 21556, "Actual Loops": 1, "Hash Buckets": 32768, "Hash Batches": 1, "Original Hash Batches": 1, "Peak Memory Usage": 843, "Plans": [{"Node Type": "Seq Scan", "Parent Relationship": "Outer", "Relation Name": "part", "Alias": "part", "Startup Cost": 0.0, "Total Cost": 66944.0, "Plan Rows": 22472, "Plan Width": 8, "Actual Startup Time": 0.037, "Actual Total Time": 762.01, "Actual Rows": 21556, "Actual Loops": 1, "Filter": "((p_name)::text ~~ 'green%'::text)", "Rows Removed by Filter": 1978444}]}]}]}]}, {"Node Type": "Hash", "Parent Relationship": "Inner", "Startup Cost": 2533.35, "Total Cost": 2533.35, "Plan Rows": 4000, "Plan Width": 59, "Actual Startup Time": 8.094, "Actual Total Time": 8.094, "Actual Rows": 3934, "Actual Loops": 1, "Hash Buckets": 32768, "Hash Batches": 1, "Original Hash Batches": 1, "Peak Memory Usage": 368, "Plans": [{"Node Type": "Nested Loop", "Parent Relationship": "Outer", "Join Type": "Inner", "Startup Cost": 95.25, "Total Cost": 2533.35, "Plan Rows": 4000, "Plan Width": 59, "Actual Startup Time": 0.95, "Actual Total Time": 6.796, "Actual Rows": 3934, "Actual Loops": 1, "Inner Unique": false, "Plans": [{"Node Type": "Seq Scan", "Parent Relationship": "Outer", "Relation Name": "nation", "Alias": "nation", "Startup Cost": 0.0, "Total Cost": 1.31, "Plan Rows": 1, "Plan Width": 4, "Actual Startup Time": 0.027, "Actual Total Time": 0.04, "Actual Rows": 1, "Actual Loops": 1, "Filter": "(n_name = 'ALGERIA'::bpchar)", "Rows Removed by Filter": 24}, {"Node Type": "Bitmap Heap Scan", "Parent Relationship": "Inner", "Relation Name": "supplier", "Alias": "supplier", "Startup Cost": 95.25, "Total Cost": 2492.04, "Plan Rows": 4000, "Plan Width": 63, "Actual Startup Time": 0.917, "Actual Total Time": 5.908, "Actual Rows": 3934, "Actual Loops": 1, "Recheck Cond": "(s_nationkey = nation.n_nationkey)", "Rows Removed by Index Recheck": 0, "Exact Heap Blocks": 1897, "Lossy Heap Blocks": 1897, "Plans": [{"Node Type": "Bitmap Index Scan", "Parent Relationship": "Outer", "Index Name": "idx_supplier_nation_key", "Startup Cost": 0.0, "Total Cost": 94.25, "Plan Rows": 4000, "Plan Width": 0, "Actual Startup Time": 0.625, "Actual Total Time": 0.625, "Actual Rows": 3934, "Actual Loops": 1, "Index Cond": "(s_nationkey = nation.n_nationkey)"}]}]}]}]}]}, "Triggers": [], "Planner Runtime": 1, "Total Runtime": 28451.343, "Unique SQL Id": 202076520}}, "(1, 71)": {"explain_plan": {"Plan": {"Node Type": "Sort", "Startup Cost": 41474309.17, "Total Cost": 41474314.17, "Plan Rows": 2000, "Plan Width": 51, "Sort Key": ["supplier.s_name"], "Plans": [{"Node Type": "Nested Loop", "Parent Relationship": "Outer", "Join Type": "Inner", "Startup Cost": 41260049.96, "Total Cost": 41474199.51, "Plan Rows": 2000, "Plan Width": 51, "Inner Unique": true, "Plans": [{"Node Type": "Nested Loop", "Parent Relationship": "Outer", "Join Type": "Inner", "Startup Cost": 41260049.7, "Total Cost": 41260058.01, "Plan Rows": 50000, "Plan Width": 55, "Inner Unique": true, "Plans": [{"Node Type": "Unique", "Parent Relationship": "Outer", "Startup Cost": 41260049.44, "Total Cost": 41260049.45, "Plan Rows": 2, "Plan Width": 16, "Plans": [{"Node Type": "Sort", "Parent Relationship": "Outer", "Startup Cost": 41260049.44, "Total Cost": 41260049.45, "Plan Rows": 2, "Plan Width": 16, "Sort Key": ["partsupp.ps_suppkey"], "Plans": [{"Node Type": "Nested Loop", "Parent Relationship": "Outer", "Join Type": "Semi", "Startup Cost": 1956350.51, "Total Cost": 41260049.43, "Plan Rows": 2, "Plan Width": 16, "Inner Unique": false, "Join Filter": "(partsupp.ps_partkey = part.p_partkey)", "Plans": [{"Node Type": "Nested Loop", "Parent Relationship": "Outer", "Join Type": "Inner", "Startup Cost": 1956350.25, "Total Cost": 41259981.09, "Plan Rows": 15, "Plan Width": 32, "Inner Unique": true, "Plans": [{"Node Type": "Aggregate", "Strategy": "Hashed", "Parent Relationship": "Outer", "Startup Cost": 1956349.97, "Total Cost": 2069745.97, "Plan Rows": 9071680, "Plan Width": 24, "Group By Key": ["lineitem.l_partkey", "lineitem.l_suppkey"], "Plans": [{"Node Type": "Bitmap Heap Scan", "Parent Relationship": "Outer", "Relation Name": "lineitem", "Alias": "lineitem", "Startup Cost": 314312.97, "Total Cost": 1865633.17, "Plan Rows": 9071680, "Plan Width": 24, "Recheck Cond": "((l_shipdate >= '1993-01-01 00:00:00'::timestamp(0) without time zone) AND (l_shipdate < '1994-01-01 00:00:00'::timestamp without time zone)), (LLVM Optimized)", "Plans": [{"Node Type": "Bitmap Index Scan", "Parent Relationship": "Outer", "Index Name": "idx_lineitem_shipdate", "Startup Cost": 0.0, "Total Cost": 312045.05, "Plan Rows": 9071680, "Plan Width": 0, "Index Cond": "((l_shipdate >= '1993-01-01 00:00:00'::timestamp(0) without time zone) AND (l_shipdate < '1994-01-01 00:00:00'::timestamp without time zone))"}]}]}, {"Node Type": "Bitmap Heap Scan", "Parent Relationship": "Inner", "Relation Name": "partsupp", "Alias": "partsupp", "Startup Cost": 0.28, "Total Cost": 4.3, "Plan Rows": 1, "Plan Width": 24, "Recheck Cond": "((ps_partkey = lineitem.l_partkey) AND (ps_suppkey = lineitem.l_suppkey))", "Filter": "((ps_availqty)::double precision > (.5::double precision * (sum(lineitem.l_quantity))))", "Plans": [{"Node Type": "Bitmap Index Scan", "Parent Relationship": "Outer", "Index Name": "partsupp_pkey", "Startup Cost": 0.0, "Total Cost": 0.28, "Plan Rows": 1, "Plan Width": 0, "Index Cond": "((ps_partkey = lineitem.l_partkey) AND (ps_suppkey = lineitem.l_suppkey))"}]}]}, {"Node Type": "Bitmap Heap Scan", "Parent Relationship": "Inner", "Relation Name": "part", "Alias": "part", "Startup Cost": 0.26, "Total Cost": 4.28, "Plan Rows": 1, "Plan Width": 8, "Recheck Cond": "(p_partkey = lineitem.l_partkey)", "Filter": "((p_name)::text ~~ 'green%'::text)", "Plans": [{"Node Type": "Bitmap Index Scan", "Parent Relationship": "Outer", "Index Name": "part_kpey", "Startup Cost": 0.0, "Total Cost": 0.26, "Plan Rows": 1, "Plan Width": 0, "Index Cond": "(p_partkey = lineitem.l_partkey)"}]}]}]}]}, {"Node Type": "Bitmap Heap Scan", "Parent Relationship": "Inner", "Relation Name": "supplier", "Alias": "supplier", "Startup Cost": 0.26, "Total Cost": 4.27, "Plan Rows": 1, "Plan Width": 63, "Recheck Cond": "(s_suppkey = lineitem.l_suppkey)", "Plans": [{"Node Type": "Bitmap Index Scan", "Parent Relationship": "Outer", "Index Name": "supplier_pkey", "Startup Cost": 0.0, "Total Cost": 0.26, "Plan Rows": 1, "Plan Width": 0, "Index Cond": "(s_suppkey = lineitem.l_suppkey)"}]}]}, {"Node Type": "Bitmap Heap Scan", "Parent Relationship": "Inner", "Relation Name": "nation", "Alias": "nation", "Startup Cost": 0.26, "Total Cost": 4.27, "Plan Rows": 1, "Plan Width": 4, "Recheck Cond": "(n_nationkey = supplier.s_nationkey)", "Filter": "(n_name = 'ALGERIA'::bpchar)", "Plans": [{"Node Type": "Bitmap Index Scan", "Parent Relationship": "Outer", "Index Name": "nation_pkey", "Startup Cost": 0.0, "Total Cost": 0.26, "Plan Rows": 1, "Plan Width": 0, "Index Cond": "(n_nationkey = supplier.s_nationkey)"}]}]}]}, "Unique SQL Id": 202076520, "Planner Runtime": 2}, "explain_analyze_plan": {"Plan": {"Node Type": "Sort", "Startup Cost": 41474309.17, "Total Cost": 41474314.17, "Plan Rows": 2000, "Plan Width": 51, "Actual Startup Time": 123034.011, "Actual Total Time": 123034.172, "Actual Rows": 1746, "Actual Loops": 1, "Sort Key": ["supplier.s_name"], "Sort Method": "quicksort", "Sort Space Used": 309, "Sort Space Type": "Memory", "Plans": [{"Node Type": "Nested Loop", "Parent Relationship": "Outer", "Join Type": "Inner", "Startup Cost": 41260049.96, "Total Cost": 41474199.51, "Plan Rows": 2000, "Plan Width": 51, "Actual Startup Time": 122623.884, "Actual Total Time": 123032.253, "Actual Rows": 1746, "Actual Loops": 1, "Inner Unique": true, "Plans": [{"Node Type": "Nested Loop", "Parent Relationship": "Outer", "Join Type": "Inner", "Startup Cost": 41260049.7, "Total Cost": 41260058.01, "Plan Rows": 50000, "Plan Width": 55, "Actual Startup Time": 122623.574, "Actual Total Time": 122860.159, "Actual Rows": 44487, "Actual Loops": 1, "Inner Unique": true, "Plans": [{"Node Type": "Unique", "Parent Relationship": "Outer", "Startup Cost": 41260049.44, "Total Cost": 41260049.45, "Plan Rows": 2, "Plan Width": 16, "Actual Startup Time": 122623.524, "Actual Total Time": 122652.62, "Actual Rows": 44487, "Actual Loops": 1, "Plans": [{"Node Type": "Sort", "Parent Relationship": "Outer", "Startup Cost": 41260049.44, "Total Cost": 41260049.45, "Plan Rows": 2, "Plan Width": 16, "Actual Startup Time": 122623.52, "Actual Total Time": 122634.619, "Actual Rows": 58537, "Actual Loops": 1, "Sort Key": ["partsupp.ps_suppkey"], "Sort Method": "quicksort", "Sort Space Used": 7024, "Sort Space Type": "Memory", "Plans": [{"Node Type": "Nested Loop", "Parent Relationship": "Outer", "Join Type": "Semi", "Startup Cost": 1956350.51, "Total Cost": 41260049.43, "Plan Rows": 2, "Plan Width": 16, "Actual Startup Time": 18960.753, "Actual Total Time": 122538.632, "Actual Rows": 58537, "Actual Loops": 1, "Inner Unique": false, "Join Filter": "(partsupp.ps_partkey = part.p_partkey)", "Rows Removed by Join Filter": 0, "Plans": [{"Node Type": "Nested Loop", "Parent Relationship": "Outer", "Join Type": "Inner", "Startup Cost": 1956350.25, "Total Cost": 41259981.09, "Plan Rows": 15, "Plan Width": 32, "Actual Startup Time": 18960.35, "Actual Total Time": 76712.02, "Actual Rows": 5431247, "Actual Loops": 1, "Inner Unique": true, "Plans": [{"Node Type": "Aggregate", "Strategy": "Hashed", "Parent Relationship": "Outer", "Startup Cost": 1956349.97, "Total Cost": 2069745.97, "Plan Rows": 9071680, "Plan Width": 24, "Actual Startup Time": 18960.226, "Actual Total Time": 23912.293, "Actual Rows": 5442751, "Actual Loops": 1, "Group By Key": ["lineitem.l_partkey", "lineitem.l_suppkey"], "Plans": [{"Node Type": "Bitmap Heap Scan", "Parent Relationship": "Outer", "Relation Name": "lineitem", "Alias": "lineitem", "Startup Cost": 314312.97, "Total Cost": 1865633.17, "Plan Rows": 9071680, "Plan Width": 24, "Actual Startup Time": 4194.642, "Actual Total Time": 11458.292, "Actual Rows": 9109641, "Actual Loops": 1, "Recheck Cond": "((l_shipdate >= '1993-01-01 00:00:00'::timestamp(0) without time zone) AND (l_shipdate < '1994-01-01 00:00:00'::timestamp without time zone)), (LLVM Optimized, Jit Execute)", "Rows Removed by Index Recheck": 0, "Exact Heap Blocks": 1252335, "Lossy Heap Blocks": 1252335, "Plans": [{"Node Type": "Bitmap Index Scan", "Parent Relationship": "Outer", "Index Name": "idx_lineitem_shipdate", "Startup Cost": 0.0, "Total Cost": 312045.05, "Plan Rows": 9071680, "Plan Width": 0, "Actual Startup Time": 3470.055, "Actual Total Time": 3470.055, "Actual Rows": 9109641, "Actual Loops": 1, "Index Cond": "((l_shipdate >= '1993-01-01 00:00:00'::timestamp(0) without time zone) AND (l_shipdate < '1994-01-01 00:00:00'::timestamp without time zone))"}]}]}, {"Node Type": "Bitmap Heap Scan", "Parent Relationship": "Inner", "Relation Name": "partsupp", "Alias": "partsupp", "Startup Cost": 0.28, "Total Cost": 4.3, "Plan Rows": 1, "Plan Width": 24, "Actual Startup Time": 44899.069, "Actual Total Time": 44899.069, "Actual Rows": 5431247, "Actual Loops": 5442751, "Recheck Cond": "((ps_partkey = lineitem.l_partkey) AND (ps_suppkey = lineitem.l_suppkey))", "Rows Removed by Index Recheck": 0, "Filter": "((ps_availqty)::double precision > (.5::double precision * (sum(lineitem.l_quantity))))", "Rows Removed by Filter": 11504, "Exact Heap Blocks": 5442751, "Lossy Heap Blocks": 5442751, "Plans": [{"Node Type": "Bitmap Index Scan", "Parent Relationship": "Outer", "Index Name": "partsupp_pkey", "Startup Cost": 0.0, "Total Cost": 0.28, "Plan Rows": 1, "Plan Width": 0, "Actual Startup Time": 27584.74, "Actual Total Time": 27584.74, "Actual Rows": 5442751, "Actual Loops": 5442751, "Index Cond": "((ps_partkey = lineitem.l_partkey) AND (ps_suppkey = lineitem.l_suppkey))"}]}]}, {"Node Type": "Bitmap Heap Scan", "Parent Relationship": "Inner", "Relation Name": "part", "Alias": "part", "Startup Cost": 0.26, "Total Cost": 4.28, "Plan Rows": 1, "Plan Width": 8, "Actual Startup Time": 39579.35, "Actual Total Time": 39579.35, "Actual Rows": 58537, "Actual Loops": 5431247, "Recheck Cond": "(p_partkey = lineitem.l_partkey)", "Rows Removed by Index Recheck": 0, "Filter": "((p_name)::text ~~ 'green%'::text)", "Rows Removed by Filter": 5372710, "Exact Heap Blocks": 5431247, "Lossy Heap Blocks": 5431247, "Plans": [{"Node Type": "Bitmap Index Scan", "Parent Relationship": "Outer", "Index Name": "part_kpey", "Startup Cost": 0.0, "Total Cost": 0.26, "Plan Rows": 1, "Plan Width": 0, "Actual Startup Time": 23439.794, "Actual Total Time": 23439.794, "Actual Rows": 5431247, "Actual Loops": 5431247, "Index Cond": "(p_partkey = lineitem.l_partkey)"}]}]}]}]}, {"Node Type": "Bitmap Heap Scan", "Parent Relationship": "Inner", "Relation Name": "supplier", "Alias": "supplier", "Startup Cost": 0.26, "Total Cost": 4.27, "Plan Rows": 1, "Plan Width": 63, "Actual Startup Time": 148.575, "Actual Total Time": 148.575, "Actual Rows": 44487, "Actual Loops": 44487, "Recheck Cond": "(s_suppkey = lineitem.l_suppkey)", "Rows Removed by Index Recheck": 0, "Exact Heap Blocks": 44487, "Lossy Heap Blocks": 44487, "Plans": [{"Node Type": "Bitmap Index Scan", "Parent Relationship": "Outer", "Index Name": "supplier_pkey", "Startup Cost": 0.0, "Total Cost": 0.26, "Plan Rows": 1, "Plan Width": 0, "Actual Startup Time": 81.957, "Actual Total Time": 81.957, "Actual Rows": 44487, "Actual Loops": 44487, "Index Cond": "(s_suppkey = lineitem.l_suppkey)"}]}]}, {"Node Type": "Bitmap Heap Scan", "Parent Relationship": "Inner", "Relation Name": "nation", "Alias": "nation", "Startup Cost": 0.26, "Total Cost": 4.27, "Plan Rows": 1, "Plan Width": 4, "Actual Startup Time": 121.825, "Actual Total Time": 121.825, "Actual Rows": 1746, "Actual Loops": 44487, "Recheck Cond": "(n_nationkey = supplier.s_nationkey)", "Rows Removed by Index Recheck": 0, "Filter": "(n_name = 'ALGERIA'::bpchar)", "Rows Removed by Filter": 42741, "Exact Heap Blocks": 44487, "Lossy Heap Blocks": 44487, "Plans": [{"Node Type": "Bitmap Index Scan", "Parent Relationship": "Outer", "Index Name": "nation_pkey", "Startup Cost": 0.0, "Total Cost": 0.26, "Plan Rows": 1, "Plan Width": 0, "Actual Startup Time": 45.466, "Actual Total Time": 45.466, "Actual Rows": 44487, "Actual Loops": 44487, "Index Cond": "(n_nationkey = supplier.s_nationkey)"}]}]}]}, "Triggers": [], "Planner Runtime": 1, "Total Runtime": 123046.421, "Unique SQL Id": 202076520}}, "(1, 72)": {"explain_plan": {"Plan": {"Node Type": "Sort", "Startup Cost": 2930392.43, "Total Cost": 2930397.43, "Plan Rows": 2000, "Plan Width": 51, "Sort Key": ["supplier.s_name"], "Plans": [{"Node Type": "Hash Join", "Parent Relationship": "Outer", "Join Type": "Right Semi", "Startup Cost": 2635433.06, "Total Cost": 2930282.77, "Plan Rows": 2000, "Plan Width": 51, "Inner Unique": false, "Hash Cond": "(lineitem.l_suppkey = supplier.s_suppkey)", "Plans": [{"Node Type": "Hash Join", "Parent Relationship": "Outer", "Join Type": "Inner", "Startup Cost": 2631808.11, "Total Cost": 2926637.81, "Plan Rows": 2, "Plan Width": 16, "Inner Unique": false, "Hash Cond": "((lineitem.l_partkey = partsupp.ps_partkey) AND (lineitem.l_suppkey = partsupp.ps_suppkey))", "Join Filter": "((partsupp.ps_availqty)::double precision > (.5::double precision * (sum(lineitem.l_quantity))))", "Plans": [{"Node Type": "Aggregate", "Strategy": "Hashed", "Parent Relationship": "Outer", "Startup Cost": 2405767.29, "Total Cost": 2519163.29, "Plan Rows": 9071680, "Plan Width": 24, "Group By Key": ["lineitem.l_partkey", "lineitem.l_suppkey"], "Plans": [{"Node Type": "Seq Scan", "Parent Relationship": "Outer", "Relation Name": "lineitem", "Alias": "lineitem", "Startup Cost": 119.67, "Total Cost": 2315050.5, "Plan Rows": 9071680, "Plan Width": 24, "Filter": "((l_shipdate >= '1993-01-01 00:00:00'::timestamp(0) without time zone) AND (l_shipdate < '1994-01-01 00:00:00'::timestamp without time zone)), (LLVM Optimized)"}]}, {"Node Type": "Hash", "Parent Relationship": "Inner", "Startup Cost": 225072.53, "Total Cost": 225072.53, "Plan Rows": 64552, "Plan Width": 32, "Plans": [{"Node Type": "Nested Loop", "Parent Relationship": "Outer", "Join Type": "Inner", "Startup Cost": 0.0, "Total Cost": 225072.53, "Plan Rows": 64552, "Plan Width": 32, "Inner Unique": false, "Plans": [{"Node Type": "Seq Scan", "Parent Relationship": "Outer", "Relation Name": "part", "Alias": "part", "Startup Cost": 0.0, "Total Cost": 66944.0, "Plan Rows": 22472, "Plan Width": 8, "Filter": "((p_name)::text ~~ 'green%'::text)"}, {"Node Type": "Index Scan", "Parent Relationship": "Inner", "Scan Direction": "Forward", "Index Name": "idx_partsupp_partkey", "Relation Name": "partsupp", "Alias": "partsupp", "Startup Cost": 0.0, "Total Cost": 7.01, "Plan Rows": 3, "Plan Width": 24, "Index Cond": "(ps_partkey = part.p_partkey)"}]}]}]}, {"Node Type": "Hash", "Parent Relationship": "Inner", "Startup Cost": 3574.95, "Total Cost": 3574.95, "Plan Rows": 4000, "Plan Width": 59, "Plans": [{"Node Type": "Hash Join", "Parent Relationship": "Outer", "Join Type": "Inner", "Startup Cost": 1.32, "Total Cost": 3574.95, "Plan Rows": 4000, "Plan Width": 59, "Inner Unique": true, "Hash Cond": "(supplier.s_nationkey = nation.n_nationkey)", "Plans": [{"Node Type": "Seq Scan", "Parent Relationship": "Outer", "Relation Name": "supplier", "Alias": "supplier", "Startup Cost": 0.0, "Total Cost": 3283.0, "Plan Rows": 100000, "Plan Width": 63}, {"Node Type": "Hash", "Parent Relationship": "Inner", "Startup Cost": 1.31, "Total Cost": 1.31, "Plan Rows": 1, "Plan Width": 4, "Plans": [{"Node Type": "Seq Scan", "Parent Relationship": "Outer", "Relation Name": "nation", "Alias": "nation", "Startup Cost": 0.0, "Total Cost": 1.31, "Plan Rows": 1, "Plan Width": 4, "Filter": "(n_name = 'ALGERIA'::bpchar)"}]}]}]}]}]}, "Unique SQL Id": 202076520, "Planner Runtime": 2}, "explain_analyze_plan": {"Plan": {"Node Type": "Sort", "Startup Cost": 2930392.43, "Total Cost": 2930397.43, "Plan Rows": 2000, "Plan Width": 51, "Actual Startup Time": 37558.31, "Actual Total Time": 37558.449, "Actual Rows": 1746, "Actual Loops": 1, "Sort Key": ["supplier.s_name"], "Sort Method": "quicksort", "Sort Space Used": 309, "Sort Space Type": "Memory", "Plans": [{"Node Type": "Hash Join", "Parent Relationship": "Outer", "Join Type": "Right Semi", "Startup Cost": 2635433.06, "Total Cost": 2930282.77, "Plan Rows": 2000, "Plan Width": 51, "Actual Startup Time": 32538.968, "Actual Total Time": 37548.688, "Actual Rows": 1746, "Actual Loops": 1, "Inner Unique": false, "Hash Cond": "(lineitem.l_suppkey = supplier.s_suppkey)", "Plans": [{"Node Type": "Hash Join", "Parent Relationship": "Outer", "Join Type": "Inner", "Startup Cost": 2631808.11, "Total Cost": 2926637.81, "Plan Rows": 2, "Plan Width": 16, "Actual Startup Time": 32483.16, "Actual Total Time": 37480.325, "Actual Rows": 58537, "Actual Loops": 1, "Inner Unique": false, "Hash Cond": "((lineitem.l_partkey = partsupp.ps_partkey) AND (lineitem.l_suppkey = partsupp.ps_suppkey))", "Join Filter": "((partsupp.ps_availqty)::double precision > (.5::double precision * (sum(lineitem.l_quantity))))", "Rows Removed by Join Filter": 136, "Plans": [{"Node Type": "Aggregate", "Strategy": "Hashed", "Parent Relationship": "Outer", "Startup Cost": 2405767.29, "Total Cost": 2519163.29, "Plan Rows": 9071680, "Plan Width": 24, "Actual Startup Time": 31459.048, "Actual Total Time": 34814.481, "Actual Rows": 5442751, "Actual Loops": 1, "Group By Key": ["lineitem.l_partkey", "lineitem.l_suppkey"], "Plans": [{"Node Type": "Seq Scan", "Parent Relationship": "Outer", "Relation Name": "lineitem", "Alias": "lineitem", "Startup Cost": 119.67, "Total Cost": 2315050.5, "Plan Rows": 9071680, "Plan Width": 24, "Actual Startup Time": 0.036, "Actual Total Time": 23468.873, "Actual Rows": 9109641, "Actual Loops": 1, "Filter": "((l_shipdate >= '1993-01-01 00:00:00'::timestamp(0) without time zone) AND (l_shipdate < '1994-01-01 00:00:00'::timestamp without time zone)), (LLVM Optimized, Jit Execute)", "Rows Removed by Filter": 50876411}]}, {"Node Type": "Hash", "Parent Relationship": "Inner", "Startup Cost": 225072.53, "Total Cost": 225072.53, "Plan Rows": 64552, "Plan Width": 32, "Actual Startup Time": 1023.772, "Actual Total Time": 1023.772, "Actual Rows": 86224, "Actual Loops": 1, "Hash Buckets": 65536, "Hash Batches": 1, "Original Hash Batches": 1, "Peak Memory Usage": 5389, "Plans": [{"Node Type": "Nested Loop", "Parent Relationship": "Outer", "Join Type": "Inner", "Startup Cost": 0.0, "Total Cost": 225072.53, "Plan Rows": 64552, "Plan Width": 32, "Actual Startup Time": 0.065, "Actual Total Time": 987.027, "Actual Rows": 86224, "Actual Loops": 1, "Inner Unique": false, "Plans": [{"Node Type": "Seq Scan", "Parent Relationship": "Outer", "Relation Name": "part", "Alias": "part", "Startup Cost": 0.0, "Total Cost": 66944.0, "Plan Rows": 22472, "Plan Width": 8, "Actual Startup Time": 0.034, "Actual Total Time": 777.632, "Actual Rows": 21556, "Actual Loops": 1, "Filter": "((p_name)::text ~~ 'green%'::text)", "Rows Removed by Filter": 1978444}, {"Node Type": "Index Scan", "Parent Relationship": "Inner", "Scan Direction": "Forward", "Index Name": "idx_partsupp_partkey", "Relation Name": "partsupp", "Alias": "partsupp", "Startup Cost": 0.0, "Total Cost": 7.01, "Plan Rows": 3, "Plan Width": 24, "Actual Startup Time": 133.545, "Actual Total Time": 176.536, "Actual Rows": 86224, "Actual Loops": 21556, "Index Cond": "(ps_partkey = part.p_partkey)", "Rows Removed by Index Recheck": 0}]}]}]}, {"Node Type": "Hash", "Parent Relationship": "Inner", "Startup Cost": 3574.95, "Total Cost": 3574.95, "Plan Rows": 4000, "Plan Width": 59, "Actual Startup Time": 49.332, "Actual Total Time": 49.332, "Actual Rows": 3934, "Actual Loops": 1, "Hash Buckets": 32768, "Hash Batches": 1, "Original Hash Batches": 1, "Peak Memory Usage": 368, "Plans": [{"Node Type": "Hash Join", "Parent Relationship": "Outer", "Join Type": "Inner", "Startup Cost": 1.32, "Total Cost": 3574.95, "Plan Rows": 4000, "Plan Width": 59, "Actual Startup Time": 0.098, "Actual Total Time": 47.874, "Actual Rows": 3934, "Actual Loops": 1, "Inner Unique": true, "Hash Cond": "(supplier.s_nationkey = nation.n_nationkey)", "Plans": [{"Node Type": "Seq Scan", "Parent Relationship": "Outer", "Relation Name": "supplier", "Alias": "supplier", "Startup Cost": 0.0, "Total Cost": 3283.0, "Plan Rows": 100000, "Plan Width": 63, "Actual Startup Time": 0.02, "Actual Total Time": 28.017, "Actual Rows": 100000, "Actual Loops": 1}, {"Node Type": "Hash", "Parent Relationship": "Inner", "Startup Cost": 1.31, "Total Cost": 1.31, "Plan Rows": 1, "Plan Width": 4, "Actual Startup Time": 0.037, "Actual Total Time": 0.037, "Actual Rows": 1, "Actual Loops": 1, "Hash Buckets": 32768, "Hash Batches": 1, "Original Hash Batches": 1, "Peak Memory Usage": 1, "Plans": [{"Node Type": "Seq Scan", "Parent Relationship": "Outer", "Relation Name": "nation", "Alias": "nation", "Startup Cost": 0.0, "Total Cost": 1.31, "Plan Rows": 1, "Plan Width": 4, "Actual Startup Time": 0.023, "Actual Total Time": 0.031, "Actual Rows": 1, "Actual Loops": 1, "Filter": "(n_name = 'ALGERIA'::bpchar)", "Rows Removed by Filter": 24}]}]}]}]}]}, "Triggers": [], "Planner Runtime": 2, "Total Runtime": 37567.913, "Unique SQL Id": 202076520}}, "(1, 73)": {"explain_plan": {"Plan": {"Node Type": "Sort", "Startup Cost": 6720005.94, "Total Cost": 6720010.94, "Plan Rows": 2000, "Plan Width": 51, "Sort Key": ["supplier.s_name"], "Plans": [{"Node Type": "Hash Join", "Parent Relationship": "Outer", "Join Type": "Right Semi", "Startup Cost": 6425046.57, "Total Cost": 6719896.28, "Plan Rows": 2000, "Plan Width": 51, "Inner Unique": false, "Hash Cond": "(lineitem.l_suppkey = supplier.s_suppkey)", "Plans": [{"Node Type": "Hash Join", "Parent Relationship": "Outer", "Join Type": "Inner", "Startup Cost": 6419358.7, "Total Cost": 6714188.4, "Plan Rows": 2, "Plan Width": 16, "Inner Unique": false, "Hash Cond": "((lineitem.l_partkey = partsupp.ps_partkey) AND (lineitem.l_suppkey = partsupp.ps_suppkey))", "Join Filter": "((partsupp.ps_availqty)::double precision > (.5::double precision * (sum(lineitem.l_quantity))))", "Plans": [{"Node Type": "Aggregate", "Strategy": "Hashed", "Parent Relationship": "Outer", "Startup Cost": 6154458.63, "Total Cost": 6267854.63, "Plan Rows": 9071680, "Plan Width": 24, "Group By Key": ["lineitem.l_partkey", "lineitem.l_suppkey"], "Plans": [{"Node Type": "Index Scan", "Parent Relationship": "Outer", "Scan Direction": "Forward", "Index Name": "idx_lineitem_shipdate", "Relation Name": "lineitem", "Alias": "lineitem", "Startup Cost": 0.0, "Total Cost": 6063741.83, "Plan Rows": 9071680, "Plan Width": 24, "Index Cond": "((l_shipdate >= '1993-01-01 00:00:00'::timestamp(0) without time zone) AND (l_shipdate < '1994-01-01 00:00:00'::timestamp without time zone)), (LLVM Optimized)"}]}, {"Node Type": "Hash", "Parent Relationship": "Inner", "Startup Cost": 263931.78, "Total Cost": 263931.78, "Plan Rows": 64552, "Plan Width": 32, "Plans": [{"Node Type": "Nested Loop", "Parent Relationship": "Outer", "Join Type": "Inner", "Startup Cost": 0.0, "Total Cost": 263931.78, "Plan Rows": 64552, "Plan Width": 32, "Inner Unique": false, "Plans": [{"Node Type": "Index Scan", "Parent Relationship": "Outer", "Scan Direction": "Forward", "Index Name": "part_kpey", "Relation Name": "part", "Alias": "part", "Startup Cost": 0.0, "Total Cost": 105803.25, "Plan Rows": 22472, "Plan Width": 8, "Filter": "((p_name)::text ~~ 'green%'::text)"}, {"Node Type": "Index Scan", "Parent Relationship": "Inner", "Scan Direction": "Forward", "Index Name": "idx_partsupp_partkey", "Relation Name": "partsupp", "Alias": "partsupp", "Startup Cost": 0.0, "Total Cost": 7.01, "Plan Rows": 3, "Plan Width": 24, "Index Cond": "(ps_partkey = part.p_partkey)"}]}]}]}, {"Node Type": "Hash", "Parent Relationship": "Inner", "Startup Cost": 5637.87, "Total Cost": 5637.87, "Plan Rows": 4000, "Plan Width": 59, "Plans": [{"Node Type": "Hash Join", "Parent Relationship": "Outer", "Join Type": "Inner", "Startup Cost": 12.7, "Total Cost": 5637.87, "Plan Rows": 4000, "Plan Width": 59, "Inner Unique": true, "Hash Cond": "(supplier.s_nationkey = nation.n_nationkey)", "Plans": [{"Node Type": "Index Scan", "Parent Relationship": "Outer", "Scan Direction": "Forward", "Index Name": "supplier_pkey", "Relation Name": "supplier", "Alias": "supplier", "Startup Cost": 0.0, "Total Cost": 5334.54, "Plan Rows": 100000, "Plan Width": 63}, {"Node Type": "Hash", "Parent Relationship": "Inner", "Startup Cost": 12.69, "Total Cost": 12.69, "Plan Rows": 1, "Plan Width": 4, "Plans": [{"Node Type": "Index Scan", "Parent Relationship": "Outer", "Scan Direction": "Forward", "Index Name": "nation_pkey", "Relation Name": "nation", "Alias": "nation", "Startup Cost": 0.0, "Total Cost": 12.69, "Plan Rows": 1, "Plan Width": 4, "Filter": "(n_name = 'ALGERIA'::bpchar)"}]}]}]}]}]}, "Unique SQL Id": 202076520, "Planner Runtime": 2}, "explain_analyze_plan": {"Plan": {"Node Type": "Sort", "Startup Cost": 6720005.94, "Total Cost": 6720010.94, "Plan Rows": 2000, "Plan Width": 51, "Actual Startup Time": 39406.187, "Actual Total Time": 39406.345, "Actual Rows": 1746, "Actual Loops": 1, "Sort Key": ["supplier.s_name"], "Sort Method": "quicksort", "Sort Space Used": 309, "Sort Space Type": "Memory", "Plans": [{"Node Type": "Hash Join", "Parent Relationship": "Outer", "Join Type": "Right Semi", "Startup Cost": 6425046.57, "Total Cost": 6719896.28, "Plan Rows": 2000, "Plan Width": 51, "Actual Startup Time": 34308.839, "Actual Total Time": 39396.475, "Actual Rows": 1746, "Actual Loops": 1, "Inner Unique": false, "Hash Cond": "(lineitem.l_suppkey = supplier.s_suppkey)", "Plans": [{"Node Type": "Hash Join", "Parent Relationship": "Outer", "Join Type": "Inner", "Startup Cost": 6419358.7, "Total Cost": 6714188.4, "Plan Rows": 2, "Plan Width": 16, "Actual Startup Time": 34226.867, "Actual Total Time": 39304.704, "Actual Rows": 58537, "Actual Loops": 1, "Inner Unique": false, "Hash Cond": "((lineitem.l_partkey = partsupp.ps_partkey) AND (lineitem.l_suppkey = partsupp.ps_suppkey))", "Join Filter": "((partsupp.ps_availqty)::double precision > (.5::double precision * (sum(lineitem.l_quantity))))", "Rows Removed by Join Filter": 136, "Plans": [{"Node Type": "Aggregate", "Strategy": "Hashed", "Parent Relationship": "Outer", "Startup Cost": 6154458.63, "Total Cost": 6267854.63, "Plan Rows": 9071680, "Plan Width": 24, "Actual Startup Time": 32639.869, "Actual Total Time": 36160.718, "Actual Rows": 5442751, "Actual Loops": 1, "Group By Key": ["lineitem.l_partkey", "lineitem.l_suppkey"], "Plans": [{"Node Type": "Index Scan", "Parent Relationship": "Outer", "Scan Direction": "Forward", "Index Name": "idx_lineitem_shipdate", "Relation Name": "lineitem", "Alias": "lineitem", "Startup Cost": 0.0, "Total Cost": 6063741.83, "Plan Rows": 9071680, "Plan Width": 24, "Actual Startup Time": 0.073, "Actual Total Time": 23878.544, "Actual Rows": 9109641, "Actual Loops": 1, "Index Cond": "((l_shipdate >= '1993-01-01 00:00:00'::timestamp(0) without time zone) AND (l_shipdate < '1994-01-01 00:00:00'::timestamp without time zone)), (LLVM Optimized, Jit Execute)", "Rows Removed by Index Recheck": 0}]}, {"Node Type": "Hash", "Parent Relationship": "Inner", "Startup Cost": 263931.78, "Total Cost": 263931.78, "Plan Rows": 64552, "Plan Width": 32, "Actual Startup Time": 1586.482, "Actual Total Time": 1586.482, "Actual Rows": 86224, "Actual Loops": 1, "Hash Buckets": 65536, "Hash Batches": 1, "Original Hash Batches": 1, "Peak Memory Usage": 5389, "Plans": [{"Node Type": "Nested Loop", "Parent Relationship": "Outer", "Join Type": "Inner", "Startup Cost": 0.0, "Total Cost": 263931.78, "Plan Rows": 64552, "Plan Width": 32, "Actual Startup Time": 0.087, "Actual Total Time": 1549.69, "Actual Rows": 86224, "Actual Loops": 1, "Inner Unique": false, "Plans": [{"Node Type": "Index Scan", "Parent Relationship": "Outer", "Scan Direction": "Forward", "Index Name": "part_kpey", "Relation Name": "part", "Alias": "part", "Startup Cost": 0.0, "Total Cost": 105803.25, "Plan Rows": 22472, "Plan Width": 8, "Actual Startup Time": 0.066, "Actual Total Time": 1342.48, "Actual Rows": 21556, "Actual Loops": 1, "Filter": "((p_name)::text ~~ 'green%'::text)", "Rows Removed by Filter": 1978444}, {"Node Type": "Index Scan", "Parent Relationship": "Inner", "Scan Direction": "Forward", "Index Name": "idx_partsupp_partkey", "Relation Name": "partsupp", "Alias": "partsupp", "Startup Cost": 0.0, "Total Cost": 7.01, "Plan Rows": 3, "Plan Width": 24, "Actual Startup Time": 131.293, "Actual Total Time": 175.053, "Actual Rows": 86224, "Actual Loops": 21556, "Index Cond": "(ps_partkey = part.p_partkey)", "Rows Removed by Index Recheck": 0}]}]}]}, {"Node Type": "Hash", "Parent Relationship": "Inner", "Startup Cost": 5637.87, "Total Cost": 5637.87, "Plan Rows": 4000, "Plan Width": 59, "Actual Startup Time": 74.75, "Actual Total Time": 74.75, "Actual Rows": 3934, "Actual Loops": 1, "Hash Buckets": 32768, "Hash Batches": 1, "Original Hash Batches": 1, "Peak Memory Usage": 368, "Plans": [{"Node Type": "Hash Join", "Parent Relationship": "Outer", "Join Type": "Inner", "Startup Cost": 12.7, "Total Cost": 5637.87, "Plan Rows": 4000, "Plan Width": 59, "Actual Startup Time": 0.119, "Actual Total Time": 73.224, "Actual Rows": 3934, "Actual Loops": 1, "Inner Unique": true, "Hash Cond": "(supplier.s_nationkey = nation.n_nationkey)", "Plans": [{"Node Type": "Index Scan", "Parent Relationship": "Outer", "Scan Direction": "Forward", "Index Name": "supplier_pkey", "Relation Name": "supplier", "Alias": "supplier", "Startup Cost": 0.0, "Total Cost": 5334.54, "Plan Rows": 100000, "Plan Width": 63, "Actual Startup Time": 0.031, "Actual Total Time": 52.676, "Actual Rows": 100000, "Actual Loops": 1}, {"Node Type": "Hash", "Parent Relationship": "Inner", "Startup Cost": 12.69, "Total Cost": 12.69, "Plan Rows": 1, "Plan Width": 4, "Actual Startup Time": 0.034, "Actual Total Time": 0.034, "Actual Rows": 1, "Actual Loops": 1, "Hash Buckets": 32768, "Hash Batches": 1, "Original Hash Batches": 1, "Peak Memory Usage": 1, "Plans": [{"Node Type": "Index Scan", "Parent Relationship": "Outer", "Scan Direction": "Forward", "Index Name": "nation_pkey", "Relation Name": "nation", "Alias": "nation", "Startup Cost": 0.0, "Total Cost": 12.69, "Plan Rows": 1, "Plan Width": 4, "Actual Startup Time": 0.013, "Actual Total Time": 0.028, "Actual Rows": 1, "Actual Loops": 1, "Filter": "(n_name = 'ALGERIA'::bpchar)", "Rows Removed by Filter": 24}]}]}]}]}]}, "Triggers": [], "Planner Runtime": 1, "Total Runtime": 39415.887, "Unique SQL Id": 202076520}}, "(1, 74)": {"explain_plan": {"Plan": {"Node Type": "Sort", "Startup Cost": 3063182.61, "Total Cost": 3063187.61, "Plan Rows": 2000, "Plan Width": 51, "Sort Key": ["supplier.s_name"], "Plans": [{"Node Type": "Hash Join", "Parent Relationship": "Outer", "Join Type": "Right Semi", "Startup Cost": 2768223.24, "Total Cost": 3063072.95, "Plan Rows": 2000, "Plan Width": 51, "Inner Unique": false, "Hash Cond": "(lineitem.l_suppkey = supplier.s_suppkey)", "Plans": [{"Node Type": "Hash Join", "Parent Relationship": "Outer", "Join Type": "Inner", "Startup Cost": 2764598.29, "Total Cost": 3059427.99, "Plan Rows": 2, "Plan Width": 16, "Inner Unique": false, "Hash Cond": "((lineitem.l_partkey = partsupp.ps_partkey) AND (lineitem.l_suppkey = partsupp.ps_suppkey))", "Join Filter": "((partsupp.ps_availqty)::double precision > (.5::double precision * (sum(lineitem.l_quantity))))", "Plans": [{"Node Type": "Aggregate", "Strategy": "Hashed", "Parent Relationship": "Outer", "Startup Cost": 2405767.29, "Total Cost": 2519163.29, "Plan Rows": 9071680, "Plan Width": 24, "Group By Key": ["lineitem.l_partkey", "lineitem.l_suppkey"], "Plans": [{"Node Type": "Seq Scan", "Parent Relationship": "Outer", "Relation Name": "lineitem", "Alias": "lineitem", "Startup Cost": 119.67, "Total Cost": 2315050.5, "Plan Rows": 9071680, "Plan Width": 24, "Filter": "((l_shipdate >= '1993-01-01 00:00:00'::timestamp(0) without time zone) AND (l_shipdate < '1994-01-01 00:00:00'::timestamp without time zone)), (LLVM Optimized)"}]}, {"Node Type": "Hash", "Parent Relationship": "Inner", "Startup Cost": 357862.71, "Total Cost": 357862.71, "Plan Rows": 64552, "Plan Width": 32, "Plans": [{"Node Type": "Hash Join", "Parent Relationship": "Outer", "Join Type": "Inner", "Startup Cost": 67224.9, "Total Cost": 357862.71, "Plan Rows": 64552, "Plan Width": 32, "Inner Unique": true, "Hash Cond": "(partsupp.ps_partkey = part.p_partkey)", "Plans": [{"Node Type": "Seq Scan", "Parent Relationship": "Outer", "Relation Name": "partsupp", "Alias": "partsupp", "Startup Cost": 0.0, "Total Cost": 269987.72, "Plan Rows": 8000372, "Plan Width": 24}, {"Node Type": "Hash", "Parent Relationship": "Inner", "Startup Cost": 66944.0, "Total Cost": 66944.0, "Plan Rows": 22472, "Plan Width": 8, "Plans": [{"Node Type": "Seq Scan", "Parent Relationship": "Outer", "Relation Name": "part", "Alias": "part", "Startup Cost": 0.0, "Total Cost": 66944.0, "Plan Rows": 22472, "Plan Width": 8, "Filter": "((p_name)::text ~~ 'green%'::text)"}]}]}]}]}, {"Node Type": "Hash", "Parent Relationship": "Inner", "Startup Cost": 3574.95, "Total Cost": 3574.95, "Plan Rows": 4000, "Plan Width": 59, "Plans": [{"Node Type": "Hash Join", "Parent Relationship": "Outer", "Join Type": "Inner", "Startup Cost": 1.32, "Total Cost": 3574.95, "Plan Rows": 4000, "Plan Width": 59, "Inner Unique": true, "Hash Cond": "(supplier.s_nationkey = nation.n_nationkey)", "Plans": [{"Node Type": "Seq Scan", "Parent Relationship": "Outer", "Relation Name": "supplier", "Alias": "supplier", "Startup Cost": 0.0, "Total Cost": 3283.0, "Plan Rows": 100000, "Plan Width": 63}, {"Node Type": "Hash", "Parent Relationship": "Inner", "Startup Cost": 1.31, "Total Cost": 1.31, "Plan Rows": 1, "Plan Width": 4, "Plans": [{"Node Type": "Seq Scan", "Parent Relationship": "Outer", "Relation Name": "nation", "Alias": "nation", "Startup Cost": 0.0, "Total Cost": 1.31, "Plan Rows": 1, "Plan Width": 4, "Filter": "(n_name = 'ALGERIA'::bpchar)"}]}]}]}]}]}, "Unique SQL Id": 202076520, "Planner Runtime": 2}, "explain_analyze_plan": {"Plan": {"Node Type": "Sort", "Startup Cost": 3063182.61, "Total Cost": 3063187.61, "Plan Rows": 2000, "Plan Width": 51, "Actual Startup Time": 41064.357, "Actual Total Time": 41064.511, "Actual Rows": 1746, "Actual Loops": 1, "Sort Key": ["supplier.s_name"], "Sort Method": "quicksort", "Sort Space Used": 309, "Sort Space Type": "Memory", "Plans": [{"Node Type": "Hash Join", "Parent Relationship": "Outer", "Join Type": "Right Semi", "Startup Cost": 2768223.24, "Total Cost": 3063072.95, "Plan Rows": 2000, "Plan Width": 51, "Actual Startup Time": 36043.997, "Actual Total Time": 41054.684, "Actual Rows": 1746, "Actual Loops": 1, "Inner Unique": false, "Hash Cond": "(lineitem.l_suppkey = supplier.s_suppkey)", "Plans": [{"Node Type": "Hash Join", "Parent Relationship": "Outer", "Join Type": "Inner", "Startup Cost": 2764598.29, "Total Cost": 3059427.99, "Plan Rows": 2, "Plan Width": 16, "Actual Startup Time": 35984.84, "Actual Total Time": 40982.607, "Actual Rows": 58537, "Actual Loops": 1, "Inner Unique": false, "Hash Cond": "((lineitem.l_partkey = partsupp.ps_partkey) AND (lineitem.l_suppkey = partsupp.ps_suppkey))", "Join Filter": "((partsupp.ps_availqty)::double precision > (.5::double precision * (sum(lineitem.l_quantity))))", "Rows Removed by Join Filter": 136, "Plans": [{"Node Type": "Aggregate", "Strategy": "Hashed", "Parent Relationship": "Outer", "Startup Cost": 2405767.29, "Total Cost": 2519163.29, "Plan Rows": 9071680, "Plan Width": 24, "Actual Startup Time": 31171.068, "Actual Total Time": 34555.993, "Actual Rows": 5442751, "Actual Loops": 1, "Group By Key": ["lineitem.l_partkey", "lineitem.l_suppkey"], "Plans": [{"Node Type": "Seq Scan", "Parent Relationship": "Outer", "Relation Name": "lineitem", "Alias": "lineitem", "Startup Cost": 119.67, "Total Cost": 2315050.5, "Plan Rows": 9071680, "Plan Width": 24, "Actual Startup Time": 0.064, "Actual Total Time": 23163.53, "Actual Rows": 9109641, "Actual Loops": 1, "Filter": "((l_shipdate >= '1993-01-01 00:00:00'::timestamp(0) without time zone) AND (l_shipdate < '1994-01-01 00:00:00'::timestamp without time zone)), (LLVM Optimized, Jit Execute)", "Rows Removed by Filter": 50876411}]}, {"Node Type": "Hash", "Parent Relationship": "Inner", "Startup Cost": 357862.71, "Total Cost": 357862.71, "Plan Rows": 64552, "Plan Width": 32, "Actual Startup Time": 4813.197, "Actual Total Time": 4813.197, "Actual Rows": 86224, "Actual Loops": 1, "Hash Buckets": 65536, "Hash Batches": 1, "Original Hash Batches": 1, "Peak Memory Usage": 5389, "Plans": [{"Node Type": "Hash Join", "Parent Relationship": "Outer", "Join Type": "Inner", "Startup Cost": 67224.9, "Total Cost": 357862.71, "Plan Rows": 64552, "Plan Width": 32, "Actual Startup Time": 797.083, "Actual Total Time": 4772.882, "Actual Rows": 86224, "Actual Loops": 1, "Inner Unique": true, "Hash Cond": "(partsupp.ps_partkey = part.p_partkey)", "Plans": [{"Node Type": "Seq Scan", "Parent Relationship": "Outer", "Relation Name": "partsupp", "Alias": "partsupp", "Startup Cost": 0.0, "Total Cost": 269987.72, "Plan Rows": 8000372, "Plan Width": 24, "Actual Startup Time": 0.02, "Actual Total Time": 2451.035, "Actual Rows": 8000000, "Actual Loops": 1}, {"Node Type": "Hash", "Parent Relationship": "Inner", "Startup Cost": 66944.0, "Total Cost": 66944.0, "Plan Rows": 22472, "Plan Width": 8, "Actual Startup Time": 796.917, "Actual Total Time": 796.917, "Actual Rows": 21556, "Actual Loops": 1, "Hash Buckets": 32768, "Hash Batches": 1, "Original Hash Batches": 1, "Peak Memory Usage": 843, "Plans": [{"Node Type": "Seq Scan", "Parent Relationship": "Outer", "Relation Name": "part", "Alias": "part", "Startup Cost": 0.0, "Total Cost": 66944.0, "Plan Rows": 22472, "Plan Width": 8, "Actual Startup Time": 0.04, "Actual Total Time": 789.522, "Actual Rows": 21556, "Actual Loops": 1, "Filter": "((p_name)::text ~~ 'green%'::text)", "Rows Removed by Filter": 1978444}]}]}]}]}, {"Node Type": "Hash", "Parent Relationship": "Inner", "Startup Cost": 3574.95, "Total Cost": 3574.95, "Plan Rows": 4000, "Plan Width": 59, "Actual Startup Time": 52.116, "Actual Total Time": 52.116, "Actual Rows": 3934, "Actual Loops": 1, "Hash Buckets": 32768, "Hash Batches": 1, "Original Hash Batches": 1, "Peak Memory Usage": 368, "Plans": [{"Node Type": "Hash Join", "Parent Relationship": "Outer", "Join Type": "Inner", "Startup Cost": 1.32, "Total Cost": 3574.95, "Plan Rows": 4000, "Plan Width": 59, "Actual Startup Time": 0.114, "Actual Total Time": 50.638, "Actual Rows": 3934, "Actual Loops": 1, "Inner Unique": true, "Hash Cond": "(supplier.s_nationkey = nation.n_nationkey)", "Plans": [{"Node Type": "Seq Scan", "Parent Relationship": "Outer", "Relation Name": "supplier", "Alias": "supplier", "Startup Cost": 0.0, "Total Cost": 3283.0, "Plan Rows": 100000, "Plan Width": 63, "Actual Startup Time": 0.024, "Actual Total Time": 30.872, "Actual Rows": 100000, "Actual Loops": 1}, {"Node Type": "Hash", "Parent Relationship": "Inner", "Startup Cost": 1.31, "Total Cost": 1.31, "Plan Rows": 1, "Plan Width": 4, "Actual Startup Time": 0.043, "Actual Total Time": 0.043, "Actual Rows": 1, "Actual Loops": 1, "Hash Buckets": 32768, "Hash Batches": 1, "Original Hash Batches": 1, "Peak Memory Usage": 1, "Plans": [{"Node Type": "Seq Scan", "Parent Relationship": "Outer", "Relation Name": "nation", "Alias": "nation", "Startup Cost": 0.0, "Total Cost": 1.31, "Plan Rows": 1, "Plan Width": 4, "Actual Startup Time": 0.025, "Actual Total Time": 0.034, "Actual Rows": 1, "Actual Loops": 1, "Filter": "(n_name = 'ALGERIA'::bpchar)", "Rows Removed by Filter": 24}]}]}]}]}]}, "Triggers": [], "Planner Runtime": 1, "Total Runtime": 41075.234, "Unique SQL Id": 202076520}}, "(1, 75)": {"explain_plan": {"Plan": {"Node Type": "Sort", "Startup Cost": 5000873901623.79, "Total Cost": 5000873901628.79, "Plan Rows": 2000, "Plan Width": 51, "Sort Key": ["supplier.s_name"], "Plans": [{"Node Type": "Hash Join", "Parent Relationship": "Outer", "Join Type": "Inner", "Startup Cost": 2030017861421.58, "Total Cost": 5000873901514.13, "Plan Rows": 2000, "Plan Width": 51, "Inner Unique": true, "Hash Cond": "(supplier.s_nationkey = nation.n_nationkey)", "Plans": [{"Node Type": "Hash Join", "Parent Relationship": "Outer", "Join Type": "Right Semi", "Startup Cost": 1030017860152.81, "Total Cost": 4000873900097.69, "Plan Rows": 50000, "Plan Width": 55, "Inner Unique": true, "Hash Cond": "(lineitem.l_suppkey = supplier.s_suppkey)", "Plans": [{"Node Type": "Merge Join", "Parent Relationship": "Outer", "Join Type": "Inner", "Startup Cost": 30017325448.43, "Total Cost": 3000873364893.31, "Plan Rows": 2, "Plan Width": 16, "Inner Unique": false, "Merge Cond": "((lineitem.l_partkey = partsupp.ps_partkey) AND (lineitem.l_suppkey = partsupp.ps_suppkey))", "Join Filter": "((partsupp.ps_availqty)::double precision > (.5::double precision * (sum(lineitem.l_quantity))))", "Plans": [{"Node Type": "Aggregate", "Strategy": "Sorted", "Parent Relationship": "Outer", "Startup Cost": 10000000000.0, "Total Cost": 1000805588948.94, "Plan Rows": 9071680, "Plan Width": 40, "Group By Key": ["lineitem.l_partkey", "lineitem.l_suppkey"], "Plans": [{"Node Type": "Index Scan", "Parent Relationship": "Outer", "Scan Direction": "Forward", "Index Name": "idx_lineitem_part_supp", "Relation Name": "lineitem", "Alias": "lineitem", "Startup Cost": 10000000000.0, "Total Cost": 1000805384836.14, "Plan Rows": 9071680, "Plan Width": 24, "Filter": "((l_shipdate >= '1993-01-01 00:00:00'::timestamp(0) without time zone) AND (l_shipdate < '1994-01-01 00:00:00'::timestamp without time zone)), (LLVM Optimized)"}]}, {"Node Type": "Materialize", "Parent Relationship": "Inner", "Startup Cost": 20017325448.43, "Total Cost": 2000067639546.3, "Plan Rows": 64552, "Plan Width": 32, "Plans": [{"Node Type": "Merge Join", "Parent Relationship": "Outer", "Join Type": "Semi", "Startup Cost": 20017325448.43, "Total Cost": 2000067639384.92, "Plan Rows": 64552, "Plan Width": 32, "Inner Unique": false, "Merge Cond": "(partsupp.ps_partkey = part.p_partkey)", "Plans": [{"Node Type": "Index Scan", "Parent Relationship": "Outer", "Scan Direction": "Forward", "Index Name": "partsupp_pkey", "Relation Name": "partsupp", "Alias": "partsupp", "Startup Cost": 10000000000.0, "Total Cost": 1000071640963.22, "Plan Rows": 8000372, "Plan Width": 24}, {"Node Type": "Materialize", "Parent Relationship": "Inner", "Startup Cost": 10000000000.0, "Total Cost": 1000010580381.18, "Plan Rows": 22472, "Plan Width": 8, "Plans": [{"Node Type": "Index Scan", "Parent Relationship": "Outer", "Scan Direction": "Forward", "Index Name": "part_kpey", "Relation Name": "part", "Alias": "part", "Startup Cost": 10000000000.0, "Total Cost": 1000010580325.0, "Plan Rows": 22472, "Plan Width": 8, "Filter": "((p_name)::text ~~ 'green%'::text)"}]}]}]}]}, {"Node Type": "Hash", "Parent Relationship": "Inner", "Startup Cost": 1000000533454.38, "Total Cost": 1000000533454.38, "Plan Rows": 100000, "Plan Width": 63, "Plans": [{"Node Type": "Index Scan", "Parent Relationship": "Outer", "Scan Direction": "Forward", "Index Name": "supplier_pkey", "Relation Name": "supplier", "Alias": "supplier", "Startup Cost": 10000000000.0, "Total Cost": 1000000533454.38, "Plan Rows": 100000, "Plan Width": 63}]}]}, {"Node Type": "Hash", "Parent Relationship": "Inner", "Startup Cost": 1000000001268.75, "Total Cost": 1000000001268.75, "Plan Rows": 1, "Plan Width": 4, "Plans": [{"Node Type": "Index Scan", "Parent Relationship": "Outer", "Scan Direction": "Forward", "Index Name": "nation_pkey", "Relation Name": "nation", "Alias": "nation", "Startup Cost": 10000000000.0, "Total Cost": 1000000001268.75, "Plan Rows": 1, "Plan Width": 4, "Filter": "(n_name = 'ALGERIA'::bpchar)"}]}]}]}, "Unique SQL Id": 202076520, "Planner Runtime": 2}, "explain_analyze_plan": null}, "(1, 76)": {"explain_plan": {"Plan": {"Node Type": "Sort", "Startup Cost": 2930392.43, "Total Cost": 2930397.43, "Plan Rows": 2000, "Plan Width": 51, "Sort Key": ["supplier.s_name"], "Plans": [{"Node Type": "Hash Join", "Parent Relationship": "Outer", "Join Type": "Right Semi", "Startup Cost": 2635433.06, "Total Cost": 2930282.77, "Plan Rows": 2000, "Plan Width": 51, "Inner Unique": false, "Hash Cond": "(lineitem.l_suppkey = supplier.s_suppkey)", "Plans": [{"Node Type": "Hash Join", "Parent Relationship": "Outer", "Join Type": "Inner", "Startup Cost": 2631808.11, "Total Cost": 2926637.81, "Plan Rows": 2, "Plan Width": 16, "Inner Unique": false, "Hash Cond": "((lineitem.l_partkey = partsupp.ps_partkey) AND (lineitem.l_suppkey = partsupp.ps_suppkey))", "Join Filter": "((partsupp.ps_availqty)::double precision > (.5::double precision * (sum(lineitem.l_quantity))))", "Plans": [{"Node Type": "Aggregate", "Strategy": "Hashed", "Parent Relationship": "Outer", "Startup Cost": 2405767.29, "Total Cost": 2519163.29, "Plan Rows": 9071680, "Plan Width": 24, "Group By Key": ["lineitem.l_partkey", "lineitem.l_suppkey"], "Plans": [{"Node Type": "Seq Scan", "Parent Relationship": "Outer", "Relation Name": "lineitem", "Alias": "lineitem", "Startup Cost": 119.67, "Total Cost": 2315050.5, "Plan Rows": 9071680, "Plan Width": 24, "Filter": "((l_shipdate >= '1993-01-01 00:00:00'::timestamp(0) without time zone) AND (l_shipdate < '1994-01-01 00:00:00'::timestamp without time zone)), (LLVM Optimized)"}]}, {"Node Type": "Hash", "Parent Relationship": "Inner", "Startup Cost": 225072.53, "Total Cost": 225072.53, "Plan Rows": 64552, "Plan Width": 32, "Plans": [{"Node Type": "Nested Loop", "Parent Relationship": "Outer", "Join Type": "Inner", "Startup Cost": 0.0, "Total Cost": 225072.53, "Plan Rows": 64552, "Plan Width": 32, "Inner Unique": false, "Plans": [{"Node Type": "Seq Scan", "Parent Relationship": "Outer", "Relation Name": "part", "Alias": "part", "Startup Cost": 0.0, "Total Cost": 66944.0, "Plan Rows": 22472, "Plan Width": 8, "Filter": "((p_name)::text ~~ 'green%'::text)"}, {"Node Type": "Index Scan", "Parent Relationship": "Inner", "Scan Direction": "Forward", "Index Name": "idx_partsupp_partkey", "Relation Name": "partsupp", "Alias": "partsupp", "Startup Cost": 0.0, "Total Cost": 7.01, "Plan Rows": 3, "Plan Width": 24, "Index Cond": "(ps_partkey = part.p_partkey)"}]}]}]}, {"Node Type": "Hash", "Parent Relationship": "Inner", "Startup Cost": 3574.95, "Total Cost": 3574.95, "Plan Rows": 4000, "Plan Width": 59, "Plans": [{"Node Type": "Hash Join", "Parent Relationship": "Outer", "Join Type": "Inner", "Startup Cost": 1.32, "Total Cost": 3574.95, "Plan Rows": 4000, "Plan Width": 59, "Inner Unique": true, "Hash Cond": "(supplier.s_nationkey = nation.n_nationkey)", "Plans": [{"Node Type": "Seq Scan", "Parent Relationship": "Outer", "Relation Name": "supplier", "Alias": "supplier", "Startup Cost": 0.0, "Total Cost": 3283.0, "Plan Rows": 100000, "Plan Width": 63}, {"Node Type": "Hash", "Parent Relationship": "Inner", "Startup Cost": 1.31, "Total Cost": 1.31, "Plan Rows": 1, "Plan Width": 4, "Plans": [{"Node Type": "Seq Scan", "Parent Relationship": "Outer", "Relation Name": "nation", "Alias": "nation", "Startup Cost": 0.0, "Total Cost": 1.31, "Plan Rows": 1, "Plan Width": 4, "Filter": "(n_name = 'ALGERIA'::bpchar)"}]}]}]}]}]}, "Unique SQL Id": 202076520, "Planner Runtime": 2}, "explain_analyze_plan": {"Plan": {"Node Type": "Sort", "Startup Cost": 2930392.43, "Total Cost": 2930397.43, "Plan Rows": 2000, "Plan Width": 51, "Actual Startup Time": 37558.31, "Actual Total Time": 37558.449, "Actual Rows": 1746, "Actual Loops": 1, "Sort Key": ["supplier.s_name"], "Sort Method": "quicksort", "Sort Space Used": 309, "Sort Space Type": "Memory", "Plans": [{"Node Type": "Hash Join", "Parent Relationship": "Outer", "Join Type": "Right Semi", "Startup Cost": 2635433.06, "Total Cost": 2930282.77, "Plan Rows": 2000, "Plan Width": 51, "Actual Startup Time": 32538.968, "Actual Total Time": 37548.688, "Actual Rows": 1746, "Actual Loops": 1, "Inner Unique": false, "Hash Cond": "(lineitem.l_suppkey = supplier.s_suppkey)", "Plans": [{"Node Type": "Hash Join", "Parent Relationship": "Outer", "Join Type": "Inner", "Startup Cost": 2631808.11, "Total Cost": 2926637.81, "Plan Rows": 2, "Plan Width": 16, "Actual Startup Time": 32483.16, "Actual Total Time": 37480.325, "Actual Rows": 58537, "Actual Loops": 1, "Inner Unique": false, "Hash Cond": "((lineitem.l_partkey = partsupp.ps_partkey) AND (lineitem.l_suppkey = partsupp.ps_suppkey))", "Join Filter": "((partsupp.ps_availqty)::double precision > (.5::double precision * (sum(lineitem.l_quantity))))", "Rows Removed by Join Filter": 136, "Plans": [{"Node Type": "Aggregate", "Strategy": "Hashed", "Parent Relationship": "Outer", "Startup Cost": 2405767.29, "Total Cost": 2519163.29, "Plan Rows": 9071680, "Plan Width": 24, "Actual Startup Time": 31459.048, "Actual Total Time": 34814.481, "Actual Rows": 5442751, "Actual Loops": 1, "Group By Key": ["lineitem.l_partkey", "lineitem.l_suppkey"], "Plans": [{"Node Type": "Seq Scan", "Parent Relationship": "Outer", "Relation Name": "lineitem", "Alias": "lineitem", "Startup Cost": 119.67, "Total Cost": 2315050.5, "Plan Rows": 9071680, "Plan Width": 24, "Actual Startup Time": 0.036, "Actual Total Time": 23468.873, "Actual Rows": 9109641, "Actual Loops": 1, "Filter": "((l_shipdate >= '1993-01-01 00:00:00'::timestamp(0) without time zone) AND (l_shipdate < '1994-01-01 00:00:00'::timestamp without time zone)), (LLVM Optimized, Jit Execute)", "Rows Removed by Filter": 50876411}]}, {"Node Type": "Hash", "Parent Relationship": "Inner", "Startup Cost": 225072.53, "Total Cost": 225072.53, "Plan Rows": 64552, "Plan Width": 32, "Actual Startup Time": 1023.772, "Actual Total Time": 1023.772, "Actual Rows": 86224, "Actual Loops": 1, "Hash Buckets": 65536, "Hash Batches": 1, "Original Hash Batches": 1, "Peak Memory Usage": 5389, "Plans": [{"Node Type": "Nested Loop", "Parent Relationship": "Outer", "Join Type": "Inner", "Startup Cost": 0.0, "Total Cost": 225072.53, "Plan Rows": 64552, "Plan Width": 32, "Actual Startup Time": 0.065, "Actual Total Time": 987.027, "Actual Rows": 86224, "Actual Loops": 1, "Inner Unique": false, "Plans": [{"Node Type": "Seq Scan", "Parent Relationship": "Outer", "Relation Name": "part", "Alias": "part", "Startup Cost": 0.0, "Total Cost": 66944.0, "Plan Rows": 22472, "Plan Width": 8, "Actual Startup Time": 0.034, "Actual Total Time": 777.632, "Actual Rows": 21556, "Actual Loops": 1, "Filter": "((p_name)::text ~~ 'green%'::text)", "Rows Removed by Filter": 1978444}, {"Node Type": "Index Scan", "Parent Relationship": "Inner", "Scan Direction": "Forward", "Index Name": "idx_partsupp_partkey", "Relation Name": "partsupp", "Alias": "partsupp", "Startup Cost": 0.0, "Total Cost": 7.01, "Plan Rows": 3, "Plan Width": 24, "Actual Startup Time": 133.545, "Actual Total Time": 176.536, "Actual Rows": 86224, "Actual Loops": 21556, "Index Cond": "(ps_partkey = part.p_partkey)", "Rows Removed by Index Recheck": 0}]}]}]}, {"Node Type": "Hash", "Parent Relationship": "Inner", "Startup Cost": 3574.95, "Total Cost": 3574.95, "Plan Rows": 4000, "Plan Width": 59, "Actual Startup Time": 49.332, "Actual Total Time": 49.332, "Actual Rows": 3934, "Actual Loops": 1, "Hash Buckets": 32768, "Hash Batches": 1, "Original Hash Batches": 1, "Peak Memory Usage": 368, "Plans": [{"Node Type": "Hash Join", "Parent Relationship": "Outer", "Join Type": "Inner", "Startup Cost": 1.32, "Total Cost": 3574.95, "Plan Rows": 4000, "Plan Width": 59, "Actual Startup Time": 0.098, "Actual Total Time": 47.874, "Actual Rows": 3934, "Actual Loops": 1, "Inner Unique": true, "Hash Cond": "(supplier.s_nationkey = nation.n_nationkey)", "Plans": [{"Node Type": "Seq Scan", "Parent Relationship": "Outer", "Relation Name": "supplier", "Alias": "supplier", "Startup Cost": 0.0, "Total Cost": 3283.0, "Plan Rows": 100000, "Plan Width": 63, "Actual Startup Time": 0.02, "Actual Total Time": 28.017, "Actual Rows": 100000, "Actual Loops": 1}, {"Node Type": "Hash", "Parent Relationship": "Inner", "Startup Cost": 1.31, "Total Cost": 1.31, "Plan Rows": 1, "Plan Width": 4, "Actual Startup Time": 0.037, "Actual Total Time": 0.037, "Actual Rows": 1, "Actual Loops": 1, "Hash Buckets": 32768, "Hash Batches": 1, "Original Hash Batches": 1, "Peak Memory Usage": 1, "Plans": [{"Node Type": "Seq Scan", "Parent Relationship": "Outer", "Relation Name": "nation", "Alias": "nation", "Startup Cost": 0.0, "Total Cost": 1.31, "Plan Rows": 1, "Plan Width": 4, "Actual Startup Time": 0.023, "Actual Total Time": 0.031, "Actual Rows": 1, "Actual Loops": 1, "Filter": "(n_name = 'ALGERIA'::bpchar)", "Rows Removed by Filter": 24}]}]}]}]}]}, "Triggers": [], "Planner Runtime": 2, "Total Runtime": 37567.913, "Unique SQL Id": 202076520}}, "(1, 77)": {"explain_plan": {"Plan": {"Node Type": "Sort", "Startup Cost": 6720005.94, "Total Cost": 6720010.94, "Plan Rows": 2000, "Plan Width": 51, "Sort Key": ["supplier.s_name"], "Plans": [{"Node Type": "Hash Join", "Parent Relationship": "Outer", "Join Type": "Right Semi", "Startup Cost": 6425046.57, "Total Cost": 6719896.28, "Plan Rows": 2000, "Plan Width": 51, "Inner Unique": false, "Hash Cond": "(lineitem.l_suppkey = supplier.s_suppkey)", "Plans": [{"Node Type": "Hash Join", "Parent Relationship": "Outer", "Join Type": "Inner", "Startup Cost": 6419358.7, "Total Cost": 6714188.4, "Plan Rows": 2, "Plan Width": 16, "Inner Unique": false, "Hash Cond": "((lineitem.l_partkey = partsupp.ps_partkey) AND (lineitem.l_suppkey = partsupp.ps_suppkey))", "Join Filter": "((partsupp.ps_availqty)::double precision > (.5::double precision * (sum(lineitem.l_quantity))))", "Plans": [{"Node Type": "Aggregate", "Strategy": "Hashed", "Parent Relationship": "Outer", "Startup Cost": 6154458.63, "Total Cost": 6267854.63, "Plan Rows": 9071680, "Plan Width": 24, "Group By Key": ["lineitem.l_partkey", "lineitem.l_suppkey"], "Plans": [{"Node Type": "Index Scan", "Parent Relationship": "Outer", "Scan Direction": "Forward", "Index Name": "idx_lineitem_shipdate", "Relation Name": "lineitem", "Alias": "lineitem", "Startup Cost": 0.0, "Total Cost": 6063741.83, "Plan Rows": 9071680, "Plan Width": 24, "Index Cond": "((l_shipdate >= '1993-01-01 00:00:00'::timestamp(0) without time zone) AND (l_shipdate < '1994-01-01 00:00:00'::timestamp without time zone)), (LLVM Optimized)"}]}, {"Node Type": "Hash", "Parent Relationship": "Inner", "Startup Cost": 263931.78, "Total Cost": 263931.78, "Plan Rows": 64552, "Plan Width": 32, "Plans": [{"Node Type": "Nested Loop", "Parent Relationship": "Outer", "Join Type": "Inner", "Startup Cost": 0.0, "Total Cost": 263931.78, "Plan Rows": 64552, "Plan Width": 32, "Inner Unique": false, "Plans": [{"Node Type": "Index Scan", "Parent Relationship": "Outer", "Scan Direction": "Forward", "Index Name": "part_kpey", "Relation Name": "part", "Alias": "part", "Startup Cost": 0.0, "Total Cost": 105803.25, "Plan Rows": 22472, "Plan Width": 8, "Filter": "((p_name)::text ~~ 'green%'::text)"}, {"Node Type": "Index Scan", "Parent Relationship": "Inner", "Scan Direction": "Forward", "Index Name": "idx_partsupp_partkey", "Relation Name": "partsupp", "Alias": "partsupp", "Startup Cost": 0.0, "Total Cost": 7.01, "Plan Rows": 3, "Plan Width": 24, "Index Cond": "(ps_partkey = part.p_partkey)"}]}]}]}, {"Node Type": "Hash", "Parent Relationship": "Inner", "Startup Cost": 5637.87, "Total Cost": 5637.87, "Plan Rows": 4000, "Plan Width": 59, "Plans": [{"Node Type": "Hash Join", "Parent Relationship": "Outer", "Join Type": "Inner", "Startup Cost": 12.7, "Total Cost": 5637.87, "Plan Rows": 4000, "Plan Width": 59, "Inner Unique": true, "Hash Cond": "(supplier.s_nationkey = nation.n_nationkey)", "Plans": [{"Node Type": "Index Scan", "Parent Relationship": "Outer", "Scan Direction": "Forward", "Index Name": "supplier_pkey", "Relation Name": "supplier", "Alias": "supplier", "Startup Cost": 0.0, "Total Cost": 5334.54, "Plan Rows": 100000, "Plan Width": 63}, {"Node Type": "Hash", "Parent Relationship": "Inner", "Startup Cost": 12.69, "Total Cost": 12.69, "Plan Rows": 1, "Plan Width": 4, "Plans": [{"Node Type": "Index Scan", "Parent Relationship": "Outer", "Scan Direction": "Forward", "Index Name": "nation_pkey", "Relation Name": "nation", "Alias": "nation", "Startup Cost": 0.0, "Total Cost": 12.69, "Plan Rows": 1, "Plan Width": 4, "Filter": "(n_name = 'ALGERIA'::bpchar)"}]}]}]}]}]}, "Unique SQL Id": 202076520, "Planner Runtime": 2}, "explain_analyze_plan": {"Plan": {"Node Type": "Sort", "Startup Cost": 6720005.94, "Total Cost": 6720010.94, "Plan Rows": 2000, "Plan Width": 51, "Actual Startup Time": 39406.187, "Actual Total Time": 39406.345, "Actual Rows": 1746, "Actual Loops": 1, "Sort Key": ["supplier.s_name"], "Sort Method": "quicksort", "Sort Space Used": 309, "Sort Space Type": "Memory", "Plans": [{"Node Type": "Hash Join", "Parent Relationship": "Outer", "Join Type": "Right Semi", "Startup Cost": 6425046.57, "Total Cost": 6719896.28, "Plan Rows": 2000, "Plan Width": 51, "Actual Startup Time": 34308.839, "Actual Total Time": 39396.475, "Actual Rows": 1746, "Actual Loops": 1, "Inner Unique": false, "Hash Cond": "(lineitem.l_suppkey = supplier.s_suppkey)", "Plans": [{"Node Type": "Hash Join", "Parent Relationship": "Outer", "Join Type": "Inner", "Startup Cost": 6419358.7, "Total Cost": 6714188.4, "Plan Rows": 2, "Plan Width": 16, "Actual Startup Time": 34226.867, "Actual Total Time": 39304.704, "Actual Rows": 58537, "Actual Loops": 1, "Inner Unique": false, "Hash Cond": "((lineitem.l_partkey = partsupp.ps_partkey) AND (lineitem.l_suppkey = partsupp.ps_suppkey))", "Join Filter": "((partsupp.ps_availqty)::double precision > (.5::double precision * (sum(lineitem.l_quantity))))", "Rows Removed by Join Filter": 136, "Plans": [{"Node Type": "Aggregate", "Strategy": "Hashed", "Parent Relationship": "Outer", "Startup Cost": 6154458.63, "Total Cost": 6267854.63, "Plan Rows": 9071680, "Plan Width": 24, "Actual Startup Time": 32639.869, "Actual Total Time": 36160.718, "Actual Rows": 5442751, "Actual Loops": 1, "Group By Key": ["lineitem.l_partkey", "lineitem.l_suppkey"], "Plans": [{"Node Type": "Index Scan", "Parent Relationship": "Outer", "Scan Direction": "Forward", "Index Name": "idx_lineitem_shipdate", "Relation Name": "lineitem", "Alias": "lineitem", "Startup Cost": 0.0, "Total Cost": 6063741.83, "Plan Rows": 9071680, "Plan Width": 24, "Actual Startup Time": 0.073, "Actual Total Time": 23878.544, "Actual Rows": 9109641, "Actual Loops": 1, "Index Cond": "((l_shipdate >= '1993-01-01 00:00:00'::timestamp(0) without time zone) AND (l_shipdate < '1994-01-01 00:00:00'::timestamp without time zone)), (LLVM Optimized, Jit Execute)", "Rows Removed by Index Recheck": 0}]}, {"Node Type": "Hash", "Parent Relationship": "Inner", "Startup Cost": 263931.78, "Total Cost": 263931.78, "Plan Rows": 64552, "Plan Width": 32, "Actual Startup Time": 1586.482, "Actual Total Time": 1586.482, "Actual Rows": 86224, "Actual Loops": 1, "Hash Buckets": 65536, "Hash Batches": 1, "Original Hash Batches": 1, "Peak Memory Usage": 5389, "Plans": [{"Node Type": "Nested Loop", "Parent Relationship": "Outer", "Join Type": "Inner", "Startup Cost": 0.0, "Total Cost": 263931.78, "Plan Rows": 64552, "Plan Width": 32, "Actual Startup Time": 0.087, "Actual Total Time": 1549.69, "Actual Rows": 86224, "Actual Loops": 1, "Inner Unique": false, "Plans": [{"Node Type": "Index Scan", "Parent Relationship": "Outer", "Scan Direction": "Forward", "Index Name": "part_kpey", "Relation Name": "part", "Alias": "part", "Startup Cost": 0.0, "Total Cost": 105803.25, "Plan Rows": 22472, "Plan Width": 8, "Actual Startup Time": 0.066, "Actual Total Time": 1342.48, "Actual Rows": 21556, "Actual Loops": 1, "Filter": "((p_name)::text ~~ 'green%'::text)", "Rows Removed by Filter": 1978444}, {"Node Type": "Index Scan", "Parent Relationship": "Inner", "Scan Direction": "Forward", "Index Name": "idx_partsupp_partkey", "Relation Name": "partsupp", "Alias": "partsupp", "Startup Cost": 0.0, "Total Cost": 7.01, "Plan Rows": 3, "Plan Width": 24, "Actual Startup Time": 131.293, "Actual Total Time": 175.053, "Actual Rows": 86224, "Actual Loops": 21556, "Index Cond": "(ps_partkey = part.p_partkey)", "Rows Removed by Index Recheck": 0}]}]}]}, {"Node Type": "Hash", "Parent Relationship": "Inner", "Startup Cost": 5637.87, "Total Cost": 5637.87, "Plan Rows": 4000, "Plan Width": 59, "Actual Startup Time": 74.75, "Actual Total Time": 74.75, "Actual Rows": 3934, "Actual Loops": 1, "Hash Buckets": 32768, "Hash Batches": 1, "Original Hash Batches": 1, "Peak Memory Usage": 368, "Plans": [{"Node Type": "Hash Join", "Parent Relationship": "Outer", "Join Type": "Inner", "Startup Cost": 12.7, "Total Cost": 5637.87, "Plan Rows": 4000, "Plan Width": 59, "Actual Startup Time": 0.119, "Actual Total Time": 73.224, "Actual Rows": 3934, "Actual Loops": 1, "Inner Unique": true, "Hash Cond": "(supplier.s_nationkey = nation.n_nationkey)", "Plans": [{"Node Type": "Index Scan", "Parent Relationship": "Outer", "Scan Direction": "Forward", "Index Name": "supplier_pkey", "Relation Name": "supplier", "Alias": "supplier", "Startup Cost": 0.0, "Total Cost": 5334.54, "Plan Rows": 100000, "Plan Width": 63, "Actual Startup Time": 0.031, "Actual Total Time": 52.676, "Actual Rows": 100000, "Actual Loops": 1}, {"Node Type": "Hash", "Parent Relationship": "Inner", "Startup Cost": 12.69, "Total Cost": 12.69, "Plan Rows": 1, "Plan Width": 4, "Actual Startup Time": 0.034, "Actual Total Time": 0.034, "Actual Rows": 1, "Actual Loops": 1, "Hash Buckets": 32768, "Hash Batches": 1, "Original Hash Batches": 1, "Peak Memory Usage": 1, "Plans": [{"Node Type": "Index Scan", "Parent Relationship": "Outer", "Scan Direction": "Forward", "Index Name": "nation_pkey", "Relation Name": "nation", "Alias": "nation", "Startup Cost": 0.0, "Total Cost": 12.69, "Plan Rows": 1, "Plan Width": 4, "Actual Startup Time": 0.013, "Actual Total Time": 0.028, "Actual Rows": 1, "Actual Loops": 1, "Filter": "(n_name = 'ALGERIA'::bpchar)", "Rows Removed by Filter": 24}]}]}]}]}]}, "Triggers": [], "Planner Runtime": 1, "Total Runtime": 39415.887, "Unique SQL Id": 202076520}}, "(1, 78)": {"explain_plan": {"Plan": {"Node Type": "Sort", "Startup Cost": 3063182.61, "Total Cost": 3063187.61, "Plan Rows": 2000, "Plan Width": 51, "Sort Key": ["supplier.s_name"], "Plans": [{"Node Type": "Hash Join", "Parent Relationship": "Outer", "Join Type": "Right Semi", "Startup Cost": 2768223.24, "Total Cost": 3063072.95, "Plan Rows": 2000, "Plan Width": 51, "Inner Unique": false, "Hash Cond": "(lineitem.l_suppkey = supplier.s_suppkey)", "Plans": [{"Node Type": "Hash Join", "Parent Relationship": "Outer", "Join Type": "Inner", "Startup Cost": 2764598.29, "Total Cost": 3059427.99, "Plan Rows": 2, "Plan Width": 16, "Inner Unique": false, "Hash Cond": "((lineitem.l_partkey = partsupp.ps_partkey) AND (lineitem.l_suppkey = partsupp.ps_suppkey))", "Join Filter": "((partsupp.ps_availqty)::double precision > (.5::double precision * (sum(lineitem.l_quantity))))", "Plans": [{"Node Type": "Aggregate", "Strategy": "Hashed", "Parent Relationship": "Outer", "Startup Cost": 2405767.29, "Total Cost": 2519163.29, "Plan Rows": 9071680, "Plan Width": 24, "Group By Key": ["lineitem.l_partkey", "lineitem.l_suppkey"], "Plans": [{"Node Type": "Seq Scan", "Parent Relationship": "Outer", "Relation Name": "lineitem", "Alias": "lineitem", "Startup Cost": 119.67, "Total Cost": 2315050.5, "Plan Rows": 9071680, "Plan Width": 24, "Filter": "((l_shipdate >= '1993-01-01 00:00:00'::timestamp(0) without time zone) AND (l_shipdate < '1994-01-01 00:00:00'::timestamp without time zone)), (LLVM Optimized)"}]}, {"Node Type": "Hash", "Parent Relationship": "Inner", "Startup Cost": 357862.71, "Total Cost": 357862.71, "Plan Rows": 64552, "Plan Width": 32, "Plans": [{"Node Type": "Hash Join", "Parent Relationship": "Outer", "Join Type": "Inner", "Startup Cost": 67224.9, "Total Cost": 357862.71, "Plan Rows": 64552, "Plan Width": 32, "Inner Unique": true, "Hash Cond": "(partsupp.ps_partkey = part.p_partkey)", "Plans": [{"Node Type": "Seq Scan", "Parent Relationship": "Outer", "Relation Name": "partsupp", "Alias": "partsupp", "Startup Cost": 0.0, "Total Cost": 269987.72, "Plan Rows": 8000372, "Plan Width": 24}, {"Node Type": "Hash", "Parent Relationship": "Inner", "Startup Cost": 66944.0, "Total Cost": 66944.0, "Plan Rows": 22472, "Plan Width": 8, "Plans": [{"Node Type": "Seq Scan", "Parent Relationship": "Outer", "Relation Name": "part", "Alias": "part", "Startup Cost": 0.0, "Total Cost": 66944.0, "Plan Rows": 22472, "Plan Width": 8, "Filter": "((p_name)::text ~~ 'green%'::text)"}]}]}]}]}, {"Node Type": "Hash", "Parent Relationship": "Inner", "Startup Cost": 3574.95, "Total Cost": 3574.95, "Plan Rows": 4000, "Plan Width": 59, "Plans": [{"Node Type": "Hash Join", "Parent Relationship": "Outer", "Join Type": "Inner", "Startup Cost": 1.32, "Total Cost": 3574.95, "Plan Rows": 4000, "Plan Width": 59, "Inner Unique": true, "Hash Cond": "(supplier.s_nationkey = nation.n_nationkey)", "Plans": [{"Node Type": "Seq Scan", "Parent Relationship": "Outer", "Relation Name": "supplier", "Alias": "supplier", "Startup Cost": 0.0, "Total Cost": 3283.0, "Plan Rows": 100000, "Plan Width": 63}, {"Node Type": "Hash", "Parent Relationship": "Inner", "Startup Cost": 1.31, "Total Cost": 1.31, "Plan Rows": 1, "Plan Width": 4, "Plans": [{"Node Type": "Seq Scan", "Parent Relationship": "Outer", "Relation Name": "nation", "Alias": "nation", "Startup Cost": 0.0, "Total Cost": 1.31, "Plan Rows": 1, "Plan Width": 4, "Filter": "(n_name = 'ALGERIA'::bpchar)"}]}]}]}]}]}, "Unique SQL Id": 202076520, "Planner Runtime": 2}, "explain_analyze_plan": {"Plan": {"Node Type": "Sort", "Startup Cost": 3063182.61, "Total Cost": 3063187.61, "Plan Rows": 2000, "Plan Width": 51, "Actual Startup Time": 41064.357, "Actual Total Time": 41064.511, "Actual Rows": 1746, "Actual Loops": 1, "Sort Key": ["supplier.s_name"], "Sort Method": "quicksort", "Sort Space Used": 309, "Sort Space Type": "Memory", "Plans": [{"Node Type": "Hash Join", "Parent Relationship": "Outer", "Join Type": "Right Semi", "Startup Cost": 2768223.24, "Total Cost": 3063072.95, "Plan Rows": 2000, "Plan Width": 51, "Actual Startup Time": 36043.997, "Actual Total Time": 41054.684, "Actual Rows": 1746, "Actual Loops": 1, "Inner Unique": false, "Hash Cond": "(lineitem.l_suppkey = supplier.s_suppkey)", "Plans": [{"Node Type": "Hash Join", "Parent Relationship": "Outer", "Join Type": "Inner", "Startup Cost": 2764598.29, "Total Cost": 3059427.99, "Plan Rows": 2, "Plan Width": 16, "Actual Startup Time": 35984.84, "Actual Total Time": 40982.607, "Actual Rows": 58537, "Actual Loops": 1, "Inner Unique": false, "Hash Cond": "((lineitem.l_partkey = partsupp.ps_partkey) AND (lineitem.l_suppkey = partsupp.ps_suppkey))", "Join Filter": "((partsupp.ps_availqty)::double precision > (.5::double precision * (sum(lineitem.l_quantity))))", "Rows Removed by Join Filter": 136, "Plans": [{"Node Type": "Aggregate", "Strategy": "Hashed", "Parent Relationship": "Outer", "Startup Cost": 2405767.29, "Total Cost": 2519163.29, "Plan Rows": 9071680, "Plan Width": 24, "Actual Startup Time": 31171.068, "Actual Total Time": 34555.993, "Actual Rows": 5442751, "Actual Loops": 1, "Group By Key": ["lineitem.l_partkey", "lineitem.l_suppkey"], "Plans": [{"Node Type": "Seq Scan", "Parent Relationship": "Outer", "Relation Name": "lineitem", "Alias": "lineitem", "Startup Cost": 119.67, "Total Cost": 2315050.5, "Plan Rows": 9071680, "Plan Width": 24, "Actual Startup Time": 0.064, "Actual Total Time": 23163.53, "Actual Rows": 9109641, "Actual Loops": 1, "Filter": "((l_shipdate >= '1993-01-01 00:00:00'::timestamp(0) without time zone) AND (l_shipdate < '1994-01-01 00:00:00'::timestamp without time zone)), (LLVM Optimized, Jit Execute)", "Rows Removed by Filter": 50876411}]}, {"Node Type": "Hash", "Parent Relationship": "Inner", "Startup Cost": 357862.71, "Total Cost": 357862.71, "Plan Rows": 64552, "Plan Width": 32, "Actual Startup Time": 4813.197, "Actual Total Time": 4813.197, "Actual Rows": 86224, "Actual Loops": 1, "Hash Buckets": 65536, "Hash Batches": 1, "Original Hash Batches": 1, "Peak Memory Usage": 5389, "Plans": [{"Node Type": "Hash Join", "Parent Relationship": "Outer", "Join Type": "Inner", "Startup Cost": 67224.9, "Total Cost": 357862.71, "Plan Rows": 64552, "Plan Width": 32, "Actual Startup Time": 797.083, "Actual Total Time": 4772.882, "Actual Rows": 86224, "Actual Loops": 1, "Inner Unique": true, "Hash Cond": "(partsupp.ps_partkey = part.p_partkey)", "Plans": [{"Node Type": "Seq Scan", "Parent Relationship": "Outer", "Relation Name": "partsupp", "Alias": "partsupp", "Startup Cost": 0.0, "Total Cost": 269987.72, "Plan Rows": 8000372, "Plan Width": 24, "Actual Startup Time": 0.02, "Actual Total Time": 2451.035, "Actual Rows": 8000000, "Actual Loops": 1}, {"Node Type": "Hash", "Parent Relationship": "Inner", "Startup Cost": 66944.0, "Total Cost": 66944.0, "Plan Rows": 22472, "Plan Width": 8, "Actual Startup Time": 796.917, "Actual Total Time": 796.917, "Actual Rows": 21556, "Actual Loops": 1, "Hash Buckets": 32768, "Hash Batches": 1, "Original Hash Batches": 1, "Peak Memory Usage": 843, "Plans": [{"Node Type": "Seq Scan", "Parent Relationship": "Outer", "Relation Name": "part", "Alias": "part", "Startup Cost": 0.0, "Total Cost": 66944.0, "Plan Rows": 22472, "Plan Width": 8, "Actual Startup Time": 0.04, "Actual Total Time": 789.522, "Actual Rows": 21556, "Actual Loops": 1, "Filter": "((p_name)::text ~~ 'green%'::text)", "Rows Removed by Filter": 1978444}]}]}]}]}, {"Node Type": "Hash", "Parent Relationship": "Inner", "Startup Cost": 3574.95, "Total Cost": 3574.95, "Plan Rows": 4000, "Plan Width": 59, "Actual Startup Time": 52.116, "Actual Total Time": 52.116, "Actual Rows": 3934, "Actual Loops": 1, "Hash Buckets": 32768, "Hash Batches": 1, "Original Hash Batches": 1, "Peak Memory Usage": 368, "Plans": [{"Node Type": "Hash Join", "Parent Relationship": "Outer", "Join Type": "Inner", "Startup Cost": 1.32, "Total Cost": 3574.95, "Plan Rows": 4000, "Plan Width": 59, "Actual Startup Time": 0.114, "Actual Total Time": 50.638, "Actual Rows": 3934, "Actual Loops": 1, "Inner Unique": true, "Hash Cond": "(supplier.s_nationkey = nation.n_nationkey)", "Plans": [{"Node Type": "Seq Scan", "Parent Relationship": "Outer", "Relation Name": "supplier", "Alias": "supplier", "Startup Cost": 0.0, "Total Cost": 3283.0, "Plan Rows": 100000, "Plan Width": 63, "Actual Startup Time": 0.024, "Actual Total Time": 30.872, "Actual Rows": 100000, "Actual Loops": 1}, {"Node Type": "Hash", "Parent Relationship": "Inner", "Startup Cost": 1.31, "Total Cost": 1.31, "Plan Rows": 1, "Plan Width": 4, "Actual Startup Time": 0.043, "Actual Total Time": 0.043, "Actual Rows": 1, "Actual Loops": 1, "Hash Buckets": 32768, "Hash Batches": 1, "Original Hash Batches": 1, "Peak Memory Usage": 1, "Plans": [{"Node Type": "Seq Scan", "Parent Relationship": "Outer", "Relation Name": "nation", "Alias": "nation", "Startup Cost": 0.0, "Total Cost": 1.31, "Plan Rows": 1, "Plan Width": 4, "Actual Startup Time": 0.025, "Actual Total Time": 0.034, "Actual Rows": 1, "Actual Loops": 1, "Filter": "(n_name = 'ALGERIA'::bpchar)", "Rows Removed by Filter": 24}]}]}]}]}]}, "Triggers": [], "Planner Runtime": 1, "Total Runtime": 41075.234, "Unique SQL Id": 202076520}}, "(1, 79)": {"explain_plan": {"Plan": {"Node Type": "Sort", "Startup Cost": 5000873901623.79, "Total Cost": 5000873901628.79, "Plan Rows": 2000, "Plan Width": 51, "Sort Key": ["supplier.s_name"], "Plans": [{"Node Type": "Hash Join", "Parent Relationship": "Outer", "Join Type": "Inner", "Startup Cost": 2030017861421.58, "Total Cost": 5000873901514.13, "Plan Rows": 2000, "Plan Width": 51, "Inner Unique": true, "Hash Cond": "(supplier.s_nationkey = nation.n_nationkey)", "Plans": [{"Node Type": "Hash Join", "Parent Relationship": "Outer", "Join Type": "Right Semi", "Startup Cost": 1030017860152.81, "Total Cost": 4000873900097.69, "Plan Rows": 50000, "Plan Width": 55, "Inner Unique": true, "Hash Cond": "(lineitem.l_suppkey = supplier.s_suppkey)", "Plans": [{"Node Type": "Merge Join", "Parent Relationship": "Outer", "Join Type": "Inner", "Startup Cost": 30017325448.43, "Total Cost": 3000873364893.31, "Plan Rows": 2, "Plan Width": 16, "Inner Unique": false, "Merge Cond": "((lineitem.l_partkey = partsupp.ps_partkey) AND (lineitem.l_suppkey = partsupp.ps_suppkey))", "Join Filter": "((partsupp.ps_availqty)::double precision > (.5::double precision * (sum(lineitem.l_quantity))))", "Plans": [{"Node Type": "Aggregate", "Strategy": "Sorted", "Parent Relationship": "Outer", "Startup Cost": 10000000000.0, "Total Cost": 1000805588948.94, "Plan Rows": 9071680, "Plan Width": 40, "Group By Key": ["lineitem.l_partkey", "lineitem.l_suppkey"], "Plans": [{"Node Type": "Index Scan", "Parent Relationship": "Outer", "Scan Direction": "Forward", "Index Name": "idx_lineitem_part_supp", "Relation Name": "lineitem", "Alias": "lineitem", "Startup Cost": 10000000000.0, "Total Cost": 1000805384836.14, "Plan Rows": 9071680, "Plan Width": 24, "Filter": "((l_shipdate >= '1993-01-01 00:00:00'::timestamp(0) without time zone) AND (l_shipdate < '1994-01-01 00:00:00'::timestamp without time zone)), (LLVM Optimized)"}]}, {"Node Type": "Materialize", "Parent Relationship": "Inner", "Startup Cost": 20017325448.43, "Total Cost": 2000067639546.3, "Plan Rows": 64552, "Plan Width": 32, "Plans": [{"Node Type": "Merge Join", "Parent Relationship": "Outer", "Join Type": "Semi", "Startup Cost": 20017325448.43, "Total Cost": 2000067639384.92, "Plan Rows": 64552, "Plan Width": 32, "Inner Unique": false, "Merge Cond": "(partsupp.ps_partkey = part.p_partkey)", "Plans": [{"Node Type": "Index Scan", "Parent Relationship": "Outer", "Scan Direction": "Forward", "Index Name": "partsupp_pkey", "Relation Name": "partsupp", "Alias": "partsupp", "Startup Cost": 10000000000.0, "Total Cost": 1000071640963.22, "Plan Rows": 8000372, "Plan Width": 24}, {"Node Type": "Materialize", "Parent Relationship": "Inner", "Startup Cost": 10000000000.0, "Total Cost": 1000010580381.18, "Plan Rows": 22472, "Plan Width": 8, "Plans": [{"Node Type": "Index Scan", "Parent Relationship": "Outer", "Scan Direction": "Forward", "Index Name": "part_kpey", "Relation Name": "part", "Alias": "part", "Startup Cost": 10000000000.0, "Total Cost": 1000010580325.0, "Plan Rows": 22472, "Plan Width": 8, "Filter": "((p_name)::text ~~ 'green%'::text)"}]}]}]}]}, {"Node Type": "Hash", "Parent Relationship": "Inner", "Startup Cost": 1000000533454.38, "Total Cost": 1000000533454.38, "Plan Rows": 100000, "Plan Width": 63, "Plans": [{"Node Type": "Index Scan", "Parent Relationship": "Outer", "Scan Direction": "Forward", "Index Name": "supplier_pkey", "Relation Name": "supplier", "Alias": "supplier", "Startup Cost": 10000000000.0, "Total Cost": 1000000533454.38, "Plan Rows": 100000, "Plan Width": 63}]}]}, {"Node Type": "Hash", "Parent Relationship": "Inner", "Startup Cost": 1000000001268.75, "Total Cost": 1000000001268.75, "Plan Rows": 1, "Plan Width": 4, "Plans": [{"Node Type": "Index Scan", "Parent Relationship": "Outer", "Scan Direction": "Forward", "Index Name": "nation_pkey", "Relation Name": "nation", "Alias": "nation", "Startup Cost": 10000000000.0, "Total Cost": 1000000001268.75, "Plan Rows": 1, "Plan Width": 4, "Filter": "(n_name = 'ALGERIA'::bpchar)"}]}]}]}, "Unique SQL Id": 202076520, "Planner Runtime": 2}, "explain_analyze_plan": null}, "(1, 80)": {"explain_plan": {"Plan": {"Node Type": "Sort", "Startup Cost": 3527405.4, "Total Cost": 3527410.4, "Plan Rows": 2000, "Plan Width": 51, "Sort Key": ["supplier.s_name"], "Plans": [{"Node Type": "Nested Loop", "Parent Relationship": "Outer", "Join Type": "Inner", "Startup Cost": 3439058.32, "Total Cost": 3527295.74, "Plan Rows": 2000, "Plan Width": 51, "Inner Unique": true, "Plans": [{"Node Type": "Merge Join", "Parent Relationship": "Outer", "Join Type": "Semi", "Startup Cost": 3439058.32, "Total Cost": 3513164.74, "Plan Rows": 50000, "Plan Width": 55, "Inner Unique": false, "Merge Cond": "(supplier.s_suppkey = subquery.\"?column?\")", "Plans": [{"Node Type": "Index Scan", "Parent Relationship": "Outer", "Scan Direction": "Forward", "Index Name": "supplier_pkey", "Relation Name": "supplier", "Alias": "supplier", "Startup Cost": 0.0, "Total Cost": 5334.54, "Plan Rows": 100000, "Plan Width": 63}, {"Node Type": "Materialize", "Parent Relationship": "Inner", "Startup Cost": 3439058.32, "Total Cost": 3507580.17, "Plan Rows": 2, "Plan Width": 16, "Plans": [{"Node Type": "Merge Join", "Parent Relationship": "Outer", "Join Type": "Inner", "Startup Cost": 3439058.32, "Total Cost": 3507580.16, "Plan Rows": 2, "Plan Width": 16, "Inner Unique": true, "Merge Cond": "((partsupp.ps_suppkey = subquery.\"?column?\") AND (partsupp.ps_partkey = subquery.\"?column?\"))", "Join Filter": "((partsupp.ps_availqty)::double precision > (.5::double precision * subquery.\"?column?\"))", "Plans": [{"Node Type": "Sort", "Parent Relationship": "Outer", "Startup Cost": 230229.65, "Total Cost": 230391.03, "Plan Rows": 64552, "Plan Width": 32, "Sort Key": ["partsupp.ps_suppkey", "partsupp.ps_partkey"], "Plans": [{"Node Type": "Nested Loop", "Parent Relationship": "Outer", "Join Type": "Inner", "Startup Cost": 0.0, "Total Cost": 225072.53, "Plan Rows": 64552, "Plan Width": 32, "Inner Unique": false, "Plans": [{"Node Type": "Seq Scan", "Parent Relationship": "Outer", "Relation Name": "part", "Alias": "part", "Startup Cost": 0.0, "Total Cost": 66944.0, "Plan Rows": 22472, "Plan Width": 8, "Filter": "((p_name)::text ~~ 'green%'::text)"}, {"Node Type": "Index Scan", "Parent Relationship": "Inner", "Scan Direction": "Forward", "Index Name": "idx_partsupp_partkey", "Relation Name": "partsupp", "Alias": "partsupp", "Startup Cost": 0.0, "Total Cost": 7.01, "Plan Rows": 3, "Plan Width": 24, "Index Cond": "(ps_partkey = part.p_partkey)"}]}]}, {"Node Type": "Sort", "Parent Relationship": "Inner", "Startup Cost": 3208828.67, "Total Cost": 3231507.87, "Plan Rows": 9071680, "Plan Width": 24, "Sort Key": ["subquery.\"?column?\"", "subquery.\"?column?\""], "Plans": [{"Node Type": "Subquery Scan", "Parent Relationship": "Outer", "Alias": "subquery", "Startup Cost": 1956349.97, "Total Cost": 2160462.77, "Plan Rows": 9071680, "Plan Width": 24, "Plans": [{"Node Type": "Aggregate", "Strategy": "Hashed", "Parent Relationship": "Subquery", "Startup Cost": 1956349.97, "Total Cost": 2069745.97, "Plan Rows": 9071680, "Plan Width": 24, "Group By Key": ["lineitem.l_partkey", "lineitem.l_suppkey"], "Plans": [{"Node Type": "Bitmap Heap Scan", "Parent Relationship": "Outer", "Relation Name": "lineitem", "Alias": "lineitem", "Startup Cost": 314312.97, "Total Cost": 1865633.17, "Plan Rows": 9071680, "Plan Width": 24, "Recheck Cond": "((l_shipdate >= '1993-01-01 00:00:00'::timestamp(0) without time zone) AND (l_shipdate < '1994-01-01 00:00:00'::timestamp without time zone)), (LLVM Optimized)", "Plans": [{"Node Type": "Bitmap Index Scan", "Parent Relationship": "Outer", "Index Name": "idx_lineitem_shipdate", "Startup Cost": 0.0, "Total Cost": 312045.05, "Plan Rows": 9071680, "Plan Width": 0, "Index Cond": "((l_shipdate >= '1993-01-01 00:00:00'::timestamp(0) without time zone) AND (l_shipdate < '1994-01-01 00:00:00'::timestamp without time zone))"}]}]}]}]}]}]}]}, {"Node Type": "Index Scan", "Parent Relationship": "Inner", "Scan Direction": "Forward", "Index Name": "nation_pkey", "Relation Name": "nation", "Alias": "nation", "Startup Cost": 0.0, "Total Cost": 0.27, "Plan Rows": 1, "Plan Width": 4, "Index Cond": "(n_nationkey = supplier.s_nationkey)", "Filter": "(n_name = 'ALGERIA'::bpchar)"}]}]}, "Unique SQL Id": 202076520, "Planner Runtime": 2}, "explain_analyze_plan": {"Plan": {"Node Type": "Sort", "Startup Cost": 3527405.4, "Total Cost": 3527410.4, "Plan Rows": 2000, "Plan Width": 51, "Actual Startup Time": 31463.107, "Actual Total Time": 31463.293, "Actual Rows": 1746, "Actual Loops": 1, "Sort Key": ["supplier.s_name"], "Sort Method": "quicksort", "Sort Space Used": 309, "Sort Space Type": "Memory", "Plans": [{"Node Type": "Nested Loop", "Parent Relationship": "Outer", "Join Type": "Inner", "Startup Cost": 3439058.32, "Total Cost": 3527295.74, "Plan Rows": 2000, "Plan Width": 51, "Actual Startup Time": 28998.836, "Actual Total Time": 31460.608, "Actual Rows": 1746, "Actual Loops": 1, "Inner Unique": true, "Plans": [{"Node Type": "Merge Join", "Parent Relationship": "Outer", "Join Type": "Semi", "Startup Cost": 3439058.32, "Total Cost": 3513164.74, "Plan Rows": 50000, "Plan Width": 55, "Actual Startup Time": 28998.093, "Actual Total Time": 31341.129, "Actual Rows": 44487, "Actual Loops": 1, "Inner Unique": false, "Merge Cond": "(supplier.s_suppkey = subquery.\"?column?\")", "Plans": [{"Node Type": "Index Scan", "Parent Relationship": "Outer", "Scan Direction": "Forward", "Index Name": "supplier_pkey", "Relation Name": "supplier", "Alias": "supplier", "Startup Cost": 0.0, "Total Cost": 5334.54, "Plan Rows": 100000, "Plan Width": 63, "Actual Startup Time": 0.036, "Actual Total Time": 72.366, "Actual Rows": 100000, "Actual Loops": 1}, {"Node Type": "Materialize", "Parent Relationship": "Inner", "Startup Cost": 3439058.32, "Total Cost": 3507580.17, "Plan Rows": 2, "Plan Width": 16, "Actual Startup Time": 28998.032, "Actual Total Time": 31220.932, "Actual Rows": 58537, "Actual Loops": 1, "Plans": [{"Node Type": "Merge Join", "Parent Relationship": "Outer", "Join Type": "Inner", "Startup Cost": 3439058.32, "Total Cost": 3507580.16, "Plan Rows": 2, "Plan Width": 16, "Actual Startup Time": 28998.029, "Actual Total Time": 31211.87, "Actual Rows": 58537, "Actual Loops": 1, "Inner Unique": true, "Merge Cond": "((partsupp.ps_suppkey = subquery.\"?column?\") AND (partsupp.ps_partkey = subquery.\"?column?\"))", "Join Filter": "((partsupp.ps_availqty)::double precision > (.5::double precision * subquery.\"?column?\"))", "Rows Removed by Join Filter": 0, "Plans": [{"Node Type": "Sort", "Parent Relationship": "Outer", "Startup Cost": 230229.65, "Total Cost": 230391.03, "Plan Rows": 64552, "Plan Width": 32, "Actual Startup Time": 1103.934, "Actual Total Time": 1125.254, "Actual Rows": 86224, "Actual Loops": 1, "Sort Key": ["partsupp.ps_suppkey", "partsupp.ps_partkey"], "Sort Method": "quicksort", "Sort Space Used": 11156, "Sort Space Type": "Memory", "Plans": [{"Node Type": "Nested Loop", "Parent Relationship": "Outer", "Join Type": "Inner", "Startup Cost": 0.0, "Total Cost": 225072.53, "Plan Rows": 64552, "Plan Width": 32, "Actual Startup Time": 0.042, "Actual Total Time": 1057.442, "Actual Rows": 86224, "Actual Loops": 1, "Inner Unique": false, "Plans": [{"Node Type": "Seq Scan", "Parent Relationship": "Outer", "Relation Name": "part", "Alias": "part", "Startup Cost": 0.0, "Total Cost": 66944.0, "Plan Rows": 22472, "Plan Width": 8, "Actual Startup Time": 0.026, "Actual Total Time": 811.6, "Actual Rows": 21556, "Actual Loops": 1, "Filter": "((p_name)::text ~~ 'green%'::text)", "Rows Removed by Filter": 1978444}, {"Node Type": "Index Scan", "Parent Relationship": "Inner", "Scan Direction": "Forward", "Index Name": "idx_partsupp_partkey", "Relation Name": "partsupp", "Alias": "partsupp", "Startup Cost": 0.0, "Total Cost": 7.01, "Plan Rows": 3, "Plan Width": 24, "Actual Startup Time": 163.873, "Actual Total Time": 215.164, "Actual Rows": 86224, "Actual Loops": 21556, "Index Cond": "(ps_partkey = part.p_partkey)", "Rows Removed by Index Recheck": 0}]}]}, {"Node Type": "Sort", "Parent Relationship": "Inner", "Startup Cost": 3208828.67, "Total Cost": 3231507.87, "Plan Rows": 9071680, "Plan Width": 24, "Actual Startup Time": 27893.88, "Actual Total Time": 29259.188, "Actual Rows": 5442737, "Actual Loops": 1, "Sort Key": ["subquery.\"?column?\"", "subquery.\"?column?\""], "Sort Method": "quicksort", "Sort Space Used": 706866, "Sort Space Type": "Memory", "Plans": [{"Node Type": "Subquery Scan", "Parent Relationship": "Outer", "Alias": "subquery", "Startup Cost": 1956349.97, "Total Cost": 2160462.77, "Plan Rows": 9071680, "Plan Width": 24, "Actual Startup Time": 18812.927, "Actual Total Time": 23365.133, "Actual Rows": 5442751, "Actual Loops": 1, "Plans": [{"Node Type": "Aggregate", "Strategy": "Hashed", "Parent Relationship": "Subquery", "Startup Cost": 1956349.97, "Total Cost": 2069745.97, "Plan Rows": 9071680, "Plan Width": 24, "Actual Startup Time": 18812.923, "Actual Total Time": 22346.463, "Actual Rows": 5442751, "Actual Loops": 1, "Group By Key": ["lineitem.l_partkey", "lineitem.l_suppkey"], "Plans": [{"Node Type": "Bitmap Heap Scan", "Parent Relationship": "Outer", "Relation Name": "lineitem", "Alias": "lineitem", "Startup Cost": 314312.97, "Total Cost": 1865633.17, "Plan Rows": 9071680, "Plan Width": 24, "Actual Startup Time": 3760.228, "Actual Total Time": 11120.957, "Actual Rows": 9109641, "Actual Loops": 1, "Recheck Cond": "((l_shipdate >= '1993-01-01 00:00:00'::timestamp(0) without time zone) AND (l_shipdate < '1994-01-01 00:00:00'::timestamp without time zone)), (LLVM Optimized, Jit Execute)", "Rows Removed by Index Recheck": 0, "Exact Heap Blocks": 1252335, "Lossy Heap Blocks": 1252335, "Plans": [{"Node Type": "Bitmap Index Scan", "Parent Relationship": "Outer", "Index Name": "idx_lineitem_shipdate", "Startup Cost": 0.0, "Total Cost": 312045.05, "Plan Rows": 9071680, "Plan Width": 0, "Actual Startup Time": 3031.255, "Actual Total Time": 3031.255, "Actual Rows": 9109641, "Actual Loops": 1, "Index Cond": "((l_shipdate >= '1993-01-01 00:00:00'::timestamp(0) without time zone) AND (l_shipdate < '1994-01-01 00:00:00'::timestamp without time zone))"}]}]}]}]}]}]}]}, {"Node Type": "Index Scan", "Parent Relationship": "Inner", "Scan Direction": "Forward", "Index Name": "nation_pkey", "Relation Name": "nation", "Alias": "nation", "Startup Cost": 0.0, "Total Cost": 0.27, "Plan Rows": 1, "Plan Width": 4, "Actual Startup Time": 94.516, "Actual Total Time": 94.516, "Actual Rows": 1746, "Actual Loops": 44487, "Index Cond": "(n_nationkey = supplier.s_nationkey)", "Rows Removed by Index Recheck": 0, "Filter": "(n_name = 'ALGERIA'::bpchar)", "Rows Removed by Filter": 42741}]}]}, "Triggers": [], "Planner Runtime": 2, "Total Runtime": 31475.58, "Unique SQL Id": 202076520}}, "(1, 81)": {"explain_plan": {"Plan": {"Node Type": "Sort", "Startup Cost": 3528034.41, "Total Cost": 3528039.41, "Plan Rows": 2000, "Plan Width": 51, "Sort Key": ["supplier.s_name"], "Plans": [{"Node Type": "Merge Join", "Parent Relationship": "Outer", "Join Type": "Semi", "Startup Cost": 3527904.72, "Total Cost": 3527924.75, "Plan Rows": 2000, "Plan Width": 51, "Inner Unique": false, "Merge Cond": "(supplier.s_suppkey = subquery.\"?column?\")", "Plans": [{"Node Type": "Sort", "Parent Relationship": "Outer", "Startup Cost": 2784.04, "Total Cost": 2794.04, "Plan Rows": 4000, "Plan Width": 59, "Sort Key": ["supplier.s_suppkey"], "Plans": [{"Node Type": "Nested Loop", "Parent Relationship": "Outer", "Join Type": "Inner", "Startup Cost": 95.25, "Total Cost": 2544.73, "Plan Rows": 4000, "Plan Width": 59, "Inner Unique": false, "Plans": [{"Node Type": "Index Scan", "Parent Relationship": "Outer", "Scan Direction": "Forward", "Index Name": "nation_pkey", "Relation Name": "nation", "Alias": "nation", "Startup Cost": 0.0, "Total Cost": 12.69, "Plan Rows": 1, "Plan Width": 4, "Filter": "(n_name = 'ALGERIA'::bpchar)"}, {"Node Type": "Bitmap Heap Scan", "Parent Relationship": "Inner", "Relation Name": "supplier", "Alias": "supplier", "Startup Cost": 95.25, "Total Cost": 2492.04, "Plan Rows": 4000, "Plan Width": 63, "Recheck Cond": "(s_nationkey = nation.n_nationkey)", "Plans": [{"Node Type": "Bitmap Index Scan", "Parent Relationship": "Outer", "Index Name": "idx_supplier_nation_key", "Startup Cost": 0.0, "Total Cost": 94.25, "Plan Rows": 4000, "Plan Width": 0, "Index Cond": "(s_nationkey = nation.n_nationkey)"}]}]}]}, {"Node Type": "Sort", "Parent Relationship": "Inner", "Startup Cost": 3525120.68, "Total Cost": 3525120.69, "Plan Rows": 2, "Plan Width": 16, "Sort Key": ["partsupp.ps_suppkey"], "Plans": [{"Node Type": "Merge Join", "Parent Relationship": "Outer", "Join Type": "Inner", "Startup Cost": 3208828.67, "Total Cost": 3525120.67, "Plan Rows": 2, "Plan Width": 16, "Inner Unique": true, "Merge Cond": "(partsupp.ps_partkey = subquery.\"?column?\")", "Join Filter": "((partsupp.ps_suppkey = subquery.\"?column?\") AND ((partsupp.ps_availqty)::double precision > (.5::double precision * subquery.\"?column?\")))", "Plans": [{"Node Type": "Nested Loop", "Parent Relationship": "Outer", "Join Type": "Inner", "Startup Cost": 0.0, "Total Cost": 263931.78, "Plan Rows": 64552, "Plan Width": 32, "Inner Unique": false, "Plans": [{"Node Type": "Index Scan", "Parent Relationship": "Outer", "Scan Direction": "Forward", "Index Name": "part_kpey", "Relation Name": "part", "Alias": "part", "Startup Cost": 0.0, "Total Cost": 105803.25, "Plan Rows": 22472, "Plan Width": 8, "Filter": "((p_name)::text ~~ 'green%'::text)"}, {"Node Type": "Index Scan", "Parent Relationship": "Inner", "Scan Direction": "Forward", "Index Name": "idx_partsupp_partkey", "Relation Name": "partsupp", "Alias": "partsupp", "Startup Cost": 0.0, "Total Cost": 7.01, "Plan Rows": 3, "Plan Width": 24, "Index Cond": "(ps_partkey = part.p_partkey)"}]}, {"Node Type": "Sort", "Parent Relationship": "Inner", "Startup Cost": 3208828.67, "Total Cost": 3231507.87, "Plan Rows": 9071680, "Plan Width": 24, "Sort Key": ["subquery.\"?column?\""], "Plans": [{"Node Type": "Subquery Scan", "Parent Relationship": "Outer", "Alias": "subquery", "Startup Cost": 1956349.97, "Total Cost": 2160462.77, "Plan Rows": 9071680, "Plan Width": 24, "Plans": [{"Node Type": "Aggregate", "Strategy": "Hashed", "Parent Relationship": "Subquery", "Startup Cost": 1956349.97, "Total Cost": 2069745.97, "Plan Rows": 9071680, "Plan Width": 24, "Group By Key": ["lineitem.l_partkey", "lineitem.l_suppkey"], "Plans": [{"Node Type": "Bitmap Heap Scan", "Parent Relationship": "Outer", "Relation Name": "lineitem", "Alias": "lineitem", "Startup Cost": 314312.97, "Total Cost": 1865633.17, "Plan Rows": 9071680, "Plan Width": 24, "Recheck Cond": "((l_shipdate >= '1993-01-01 00:00:00'::timestamp(0) without time zone) AND (l_shipdate < '1994-01-01 00:00:00'::timestamp without time zone)), (LLVM Optimized)", "Plans": [{"Node Type": "Bitmap Index Scan", "Parent Relationship": "Outer", "Index Name": "idx_lineitem_shipdate", "Startup Cost": 0.0, "Total Cost": 312045.05, "Plan Rows": 9071680, "Plan Width": 0, "Index Cond": "((l_shipdate >= '1993-01-01 00:00:00'::timestamp(0) without time zone) AND (l_shipdate < '1994-01-01 00:00:00'::timestamp without time zone))"}]}]}]}]}]}]}]}]}, "Unique SQL Id": 202076520, "Planner Runtime": 2}, "explain_analyze_plan": {"Plan": {"Node Type": "Sort", "Startup Cost": 3528034.41, "Total Cost": 3528039.41, "Plan Rows": 2000, "Plan Width": 51, "Actual Startup Time": 30222.235, "Actual Total Time": 30222.373, "Actual Rows": 1746, "Actual Loops": 1, "Sort Key": ["supplier.s_name"], "Sort Method": "quicksort", "Sort Space Used": 309, "Sort Space Type": "Memory", "Plans": [{"Node Type": "Merge Join", "Parent Relationship": "Outer", "Join Type": "Semi", "Startup Cost": 3527904.72, "Total Cost": 3527924.75, "Plan Rows": 2000, "Plan Width": 51, "Actual Startup Time": 30200.321, "Actual Total Time": 30220.721, "Actual Rows": 1746, "Actual Loops": 1, "Inner Unique": false, "Merge Cond": "(supplier.s_suppkey = subquery.\"?column?\")", "Plans": [{"Node Type": "Sort", "Parent Relationship": "Outer", "Startup Cost": 2784.04, "Total Cost": 2794.04, "Plan Rows": 4000, "Plan Width": 59, "Actual Startup Time": 8.236, "Actual Total Time": 8.727, "Actual Rows": 3934, "Actual Loops": 1, "Sort Key": ["supplier.s_suppkey"], "Sort Method": "quicksort", "Sort Space Used": 711, "Sort Space Type": "Memory", "Plans": [{"Node Type": "Nested Loop", "Parent Relationship": "Outer", "Join Type": "Inner", "Startup Cost": 95.25, "Total Cost": 2544.73, "Plan Rows": 4000, "Plan Width": 59, "Actual Startup Time": 0.951, "Actual Total Time": 6.814, "Actual Rows": 3934, "Actual Loops": 1, "Inner Unique": false, "Plans": [{"Node Type": "Index Scan", "Parent Relationship": "Outer", "Scan Direction": "Forward", "Index Name": "nation_pkey", "Relation Name": "nation", "Alias": "nation", "Startup Cost": 0.0, "Total Cost": 12.69, "Plan Rows": 1, "Plan Width": 4, "Actual Startup Time": 0.02, "Actual Total Time": 0.037, "Actual Rows": 1, "Actual Loops": 1, "Filter": "(n_name = 'ALGERIA'::bpchar)", "Rows Removed by Filter": 24}, {"Node Type": "Bitmap Heap Scan", "Parent Relationship": "Inner", "Relation Name": "supplier", "Alias": "supplier", "Startup Cost": 95.25, "Total Cost": 2492.04, "Plan Rows": 4000, "Plan Width": 63, "Actual Startup Time": 0.923, "Actual Total Time": 5.957, "Actual Rows": 3934, "Actual Loops": 1, "Recheck Cond": "(s_nationkey = nation.n_nationkey)", "Rows Removed by Index Recheck": 0, "Exact Heap Blocks": 1897, "Lossy Heap Blocks": 1897, "Plans": [{"Node Type": "Bitmap Index Scan", "Parent Relationship": "Outer", "Index Name": "idx_supplier_nation_key", "Startup Cost": 0.0, "Total Cost": 94.25, "Plan Rows": 4000, "Plan Width": 0, "Actual Startup Time": 0.637, "Actual Total Time": 0.637, "Actual Rows": 3934, "Actual Loops": 1, "Index Cond": "(s_nationkey = nation.n_nationkey)"}]}]}]}, {"Node Type": "Sort", "Parent Relationship": "Inner", "Startup Cost": 3525120.68, "Total Cost": 3525120.69, "Plan Rows": 2, "Plan Width": 16, "Actual Startup Time": 30192.063, "Actual Total Time": 30202.415, "Actual Rows": 58530, "Actual Loops": 1, "Sort Key": ["partsupp.ps_suppkey"], "Sort Method": "quicksort", "Sort Space Used": 7024, "Sort Space Type": "Memory", "Plans": [{"Node Type": "Merge Join", "Parent Relationship": "Outer", "Join Type": "Inner", "Startup Cost": 3208828.67, "Total Cost": 3525120.67, "Plan Rows": 2, "Plan Width": 16, "Actual Startup Time": 26201.877, "Actual Total Time": 30166.102, "Actual Rows": 58537, "Actual Loops": 1, "Inner Unique": true, "Merge Cond": "(partsupp.ps_partkey = subquery.\"?column?\")", "Join Filter": "((partsupp.ps_suppkey = subquery.\"?column?\") AND ((partsupp.ps_availqty)::double precision > (.5::double precision * subquery.\"?column?\")))", "Rows Removed by Join Filter": 0, "Plans": [{"Node Type": "Nested Loop", "Parent Relationship": "Outer", "Join Type": "Inner", "Startup Cost": 0.0, "Total Cost": 263931.78, "Plan Rows": 64552, "Plan Width": 32, "Actual Startup Time": 0.069, "Actual Total Time": 1656.34, "Actual Rows": 86224, "Actual Loops": 1, "Inner Unique": false, "Plans": [{"Node Type": "Index Scan", "Parent Relationship": "Outer", "Scan Direction": "Forward", "Index Name": "part_kpey", "Relation Name": "part", "Alias": "part", "Startup Cost": 0.0, "Total Cost": 105803.25, "Plan Rows": 22472, "Plan Width": 8, "Actual Startup Time": 0.054, "Actual Total Time": 1422.786, "Actual Rows": 21556, "Actual Loops": 1, "Filter": "((p_name)::text ~~ 'green%'::text)", "Rows Removed by Filter": 1978444}, {"Node Type": "Index Scan", "Parent Relationship": "Inner", "Scan Direction": "Forward", "Index Name": "idx_partsupp_partkey", "Relation Name": "partsupp", "Alias": "partsupp", "Startup Cost": 0.0, "Total Cost": 7.01, "Plan Rows": 3, "Plan Width": 24, "Actual Startup Time": 148.352, "Actual Total Time": 200.418, "Actual Rows": 86224, "Actual Loops": 21556, "Index Cond": "(ps_partkey = part.p_partkey)", "Rows Removed by Index Recheck": 0}]}, {"Node Type": "Sort", "Parent Relationship": "Inner", "Startup Cost": 3208828.67, "Total Cost": 3231507.87, "Plan Rows": 9071680, "Plan Width": 24, "Actual Startup Time": 26201.677, "Actual Total Time": 27720.199, "Actual Rows": 5530092, "Actual Loops": 1, "Sort Key": ["subquery.\"?column?\""], "Sort Method": "quicksort", "Sort Space Used": 706866, "Sort Space Type": "Memory", "Plans": [{"Node Type": "Subquery Scan", "Parent Relationship": "Outer", "Alias": "subquery", "Startup Cost": 1956349.97, "Total Cost": 2160462.77, "Plan Rows": 9071680, "Plan Width": 24, "Actual Startup Time": 19606.498, "Actual Total Time": 23957.41, "Actual Rows": 5442751, "Actual Loops": 1, "Plans": [{"Node Type": "Aggregate", "Strategy": "Hashed", "Parent Relationship": "Subquery", "Startup Cost": 1956349.97, "Total Cost": 2069745.97, "Plan Rows": 9071680, "Plan Width": 24, "Actual Startup Time": 19606.496, "Actual Total Time": 22937.862, "Actual Rows": 5442751, "Actual Loops": 1, "Group By Key": ["lineitem.l_partkey", "lineitem.l_suppkey"], "Plans": [{"Node Type": "Bitmap Heap Scan", "Parent Relationship": "Outer", "Relation Name": "lineitem", "Alias": "lineitem", "Startup Cost": 314312.97, "Total Cost": 1865633.17, "Plan Rows": 9071680, "Plan Width": 24, "Actual Startup Time": 4246.114, "Actual Total Time": 11925.505, "Actual Rows": 9109641, "Actual Loops": 1, "Recheck Cond": "((l_shipdate >= '1993-01-01 00:00:00'::timestamp(0) without time zone) AND (l_shipdate < '1994-01-01 00:00:00'::timestamp without time zone)), (LLVM Optimized, Jit Execute)", "Rows Removed by Index Recheck": 0, "Exact Heap Blocks": 1252335, "Lossy Heap Blocks": 1252335, "Plans": [{"Node Type": "Bitmap Index Scan", "Parent Relationship": "Outer", "Index Name": "idx_lineitem_shipdate", "Startup Cost": 0.0, "Total Cost": 312045.05, "Plan Rows": 9071680, "Plan Width": 0, "Actual Startup Time": 3511.967, "Actual Total Time": 3511.967, "Actual Rows": 9109641, "Actual Loops": 1, "Index Cond": "((l_shipdate >= '1993-01-01 00:00:00'::timestamp(0) without time zone) AND (l_shipdate < '1994-01-01 00:00:00'::timestamp without time zone))"}]}]}]}]}]}]}]}]}, "Triggers": [], "Planner Runtime": 2, "Total Runtime": 30233.999, "Unique SQL Id": 202076520}}, "(1, 82)": {"explain_plan": {"Plan": {"Node Type": "Sort", "Startup Cost": 3694487.63, "Total Cost": 3694492.63, "Plan Rows": 2000, "Plan Width": 51, "Sort Key": ["supplier.s_name"], "Plans": [{"Node Type": "Merge Join", "Parent Relationship": "Outer", "Join Type": "Semi", "Startup Cost": 3625836.1, "Total Cost": 3694377.98, "Plan Rows": 2000, "Plan Width": 51, "Inner Unique": false, "Merge Cond": "(supplier.s_suppkey = subquery.\"?column?\")", "Plans": [{"Node Type": "Sort", "Parent Relationship": "Outer", "Startup Cost": 2772.67, "Total Cost": 2782.67, "Plan Rows": 4000, "Plan Width": 59, "Sort Key": ["supplier.s_suppkey"], "Plans": [{"Node Type": "Nested Loop", "Parent Relationship": "Outer", "Join Type": "Inner", "Startup Cost": 95.25, "Total Cost": 2533.35, "Plan Rows": 4000, "Plan Width": 59, "Inner Unique": false, "Plans": [{"Node Type": "Seq Scan", "Parent Relationship": "Outer", "Relation Name": "nation", "Alias": "nation", "Startup Cost": 0.0, "Total Cost": 1.31, "Plan Rows": 1, "Plan Width": 4, "Filter": "(n_name = 'ALGERIA'::bpchar)"}, {"Node Type": "Bitmap Heap Scan", "Parent Relationship": "Inner", "Relation Name": "supplier", "Alias": "supplier", "Startup Cost": 95.25, "Total Cost": 2492.04, "Plan Rows": 4000, "Plan Width": 63, "Recheck Cond": "(s_nationkey = nation.n_nationkey)", "Plans": [{"Node Type": "Bitmap Index Scan", "Parent Relationship": "Outer", "Index Name": "idx_supplier_nation_key", "Startup Cost": 0.0, "Total Cost": 94.25, "Plan Rows": 4000, "Plan Width": 0, "Index Cond": "(s_nationkey = nation.n_nationkey)"}]}]}]}, {"Node Type": "Materialize", "Parent Relationship": "Inner", "Startup Cost": 3623063.44, "Total Cost": 3691585.29, "Plan Rows": 2, "Plan Width": 16, "Plans": [{"Node Type": "Merge Join", "Parent Relationship": "Outer", "Join Type": "Inner", "Startup Cost": 3623063.44, "Total Cost": 3691585.28, "Plan Rows": 2, "Plan Width": 16, "Inner Unique": true, "Merge Cond": "((partsupp.ps_suppkey = subquery.\"?column?\") AND (partsupp.ps_partkey = subquery.\"?column?\"))", "Join Filter": "((partsupp.ps_availqty)::double precision > (.5::double precision * subquery.\"?column?\"))", "Plans": [{"Node Type": "Sort", "Parent Relationship": "Outer", "Startup Cost": 414234.76, "Total Cost": 414396.14, "Plan Rows": 64552, "Plan Width": 32, "Sort Key": ["partsupp.ps_suppkey", "partsupp.ps_partkey"], "Plans": [{"Node Type": "Nested Loop", "Parent Relationship": "Outer", "Join Type": "Inner", "Startup Cost": 3.19, "Total Cost": 409077.65, "Plan Rows": 64552, "Plan Width": 32, "Inner Unique": false, "Plans": [{"Node Type": "Seq Scan", "Parent Relationship": "Outer", "Relation Name": "part", "Alias": "part", "Startup Cost": 0.0, "Total Cost": 66944.0, "Plan Rows": 22472, "Plan Width": 8, "Filter": "((p_name)::text ~~ 'green%'::text)"}, {"Node Type": "Bitmap Heap Scan", "Parent Relationship": "Inner", "Relation Name": "partsupp", "Alias": "partsupp", "Startup Cost": 3.19, "Total Cost": 15.19, "Plan Rows": 3, "Plan Width": 24, "Recheck Cond": "(ps_partkey = part.p_partkey)", "Plans": [{"Node Type": "Bitmap Index Scan", "Parent Relationship": "Outer", "Index Name": "idx_partsupp_partkey", "Startup Cost": 0.0, "Total Cost": 3.19, "Plan Rows": 3, "Plan Width": 0, "Index Cond": "(ps_partkey = part.p_partkey)"}]}]}]}, {"Node Type": "Sort", "Parent Relationship": "Inner", "Startup Cost": 3208828.67, "Total Cost": 3231507.87, "Plan Rows": 9071680, "Plan Width": 24, "Sort Key": ["subquery.\"?column?\"", "subquery.\"?column?\""], "Plans": [{"Node Type": "Subquery Scan", "Parent Relationship": "Outer", "Alias": "subquery", "Startup Cost": 1956349.97, "Total Cost": 2160462.77, "Plan Rows": 9071680, "Plan Width": 24, "Plans": [{"Node Type": "Aggregate", "Strategy": "Hashed", "Parent Relationship": "Subquery", "Startup Cost": 1956349.97, "Total Cost": 2069745.97, "Plan Rows": 9071680, "Plan Width": 24, "Group By Key": ["lineitem.l_partkey", "lineitem.l_suppkey"], "Plans": [{"Node Type": "Bitmap Heap Scan", "Parent Relationship": "Outer", "Relation Name": "lineitem", "Alias": "lineitem", "Startup Cost": 314312.97, "Total Cost": 1865633.17, "Plan Rows": 9071680, "Plan Width": 24, "Recheck Cond": "((l_shipdate >= '1993-01-01 00:00:00'::timestamp(0) without time zone) AND (l_shipdate < '1994-01-01 00:00:00'::timestamp without time zone)), (LLVM Optimized)", "Plans": [{"Node Type": "Bitmap Index Scan", "Parent Relationship": "Outer", "Index Name": "idx_lineitem_shipdate", "Startup Cost": 0.0, "Total Cost": 312045.05, "Plan Rows": 9071680, "Plan Width": 0, "Index Cond": "((l_shipdate >= '1993-01-01 00:00:00'::timestamp(0) without time zone) AND (l_shipdate < '1994-01-01 00:00:00'::timestamp without time zone))"}]}]}]}]}]}]}]}]}, "Unique SQL Id": 202076520, "Planner Runtime": 2}, "explain_analyze_plan": {"Plan": {"Node Type": "Sort", "Startup Cost": 3694487.63, "Total Cost": 3694492.63, "Plan Rows": 2000, "Plan Width": 51, "Actual Startup Time": 31068.801, "Actual Total Time": 31068.977, "Actual Rows": 1746, "Actual Loops": 1, "Sort Key": ["supplier.s_name"], "Sort Method": "quicksort", "Sort Space Used": 309, "Sort Space Type": "Memory", "Plans": [{"Node Type": "Merge Join", "Parent Relationship": "Outer", "Join Type": "Semi", "Startup Cost": 3625836.1, "Total Cost": 3694377.98, "Plan Rows": 2000, "Plan Width": 51, "Actual Startup Time": 28730.987, "Actual Total Time": 31066.703, "Actual Rows": 1746, "Actual Loops": 1, "Inner Unique": false, "Merge Cond": "(supplier.s_suppkey = subquery.\"?column?\")", "Plans": [{"Node Type": "Sort", "Parent Relationship": "Outer", "Startup Cost": 2772.67, "Total Cost": 2782.67, "Plan Rows": 4000, "Plan Width": 59, "Actual Startup Time": 8.163, "Actual Total Time": 8.938, "Actual Rows": 3934, "Actual Loops": 1, "Sort Key": ["supplier.s_suppkey"], "Sort Method": "quicksort", "Sort Space Used": 711, "Sort Space Type": "Memory", "Plans": [{"Node Type": "Nested Loop", "Parent Relationship": "Outer", "Join Type": "Inner", "Startup Cost": 95.25, "Total Cost": 2533.35, "Plan Rows": 4000, "Plan Width": 59, "Actual Startup Time": 0.962, "Actual Total Time": 6.735, "Actual Rows": 3934, "Actual Loops": 1, "Inner Unique": false, "Plans": [{"Node Type": "Seq Scan", "Parent Relationship": "Outer", "Relation Name": "nation", "Alias": "nation", "Startup Cost": 0.0, "Total Cost": 1.31, "Plan Rows": 1, "Plan Width": 4, "Actual Startup Time": 0.025, "Actual Total Time": 0.038, "Actual Rows": 1, "Actual Loops": 1, "Filter": "(n_name = 'ALGERIA'::bpchar)", "Rows Removed by Filter": 24}, {"Node Type": "Bitmap Heap Scan", "Parent Relationship": "Inner", "Relation Name": "supplier", "Alias": "supplier", "Startup Cost": 95.25, "Total Cost": 2492.04, "Plan Rows": 4000, "Plan Width": 63, "Actual Startup Time": 0.928, "Actual Total Time": 5.945, "Actual Rows": 3934, "Actual Loops": 1, "Recheck Cond": "(s_nationkey = nation.n_nationkey)", "Rows Removed by Index Recheck": 0, "Exact Heap Blocks": 1897, "Lossy Heap Blocks": 1897, "Plans": [{"Node Type": "Bitmap Index Scan", "Parent Relationship": "Outer", "Index Name": "idx_supplier_nation_key", "Startup Cost": 0.0, "Total Cost": 94.25, "Plan Rows": 4000, "Plan Width": 0, "Actual Startup Time": 0.635, "Actual Total Time": 0.635, "Actual Rows": 3934, "Actual Loops": 1, "Index Cond": "(s_nationkey = nation.n_nationkey)"}]}]}]}, {"Node Type": "Materialize", "Parent Relationship": "Inner", "Startup Cost": 3623063.44, "Total Cost": 3691585.29, "Plan Rows": 2, "Plan Width": 16, "Actual Startup Time": 28721.949, "Actual Total Time": 31042.09, "Actual Rows": 58530, "Actual Loops": 1, "Plans": [{"Node Type": "Merge Join", "Parent Relationship": "Outer", "Join Type": "Inner", "Startup Cost": 3623063.44, "Total Cost": 3691585.28, "Plan Rows": 2, "Plan Width": 16, "Actual Startup Time": 28721.947, "Actual Total Time": 31033.95, "Actual Rows": 58530, "Actual Loops": 1, "Inner Unique": true, "Merge Cond": "((partsupp.ps_suppkey = subquery.\"?column?\") AND (partsupp.ps_partkey = subquery.\"?column?\"))", "Join Filter": "((partsupp.ps_availqty)::double precision > (.5::double precision * subquery.\"?column?\"))", "Rows Removed by Join Filter": 0, "Plans": [{"Node Type": "Sort", "Parent Relationship": "Outer", "Startup Cost": 414234.76, "Total Cost": 414396.14, "Plan Rows": 64552, "Plan Width": 32, "Actual Startup Time": 1073.854, "Actual Total Time": 1093.585, "Actual Rows": 86215, "Actual Loops": 1, "Sort Key": ["partsupp.ps_suppkey", "partsupp.ps_partkey"], "Sort Method": "quicksort", "Sort Space Used": 11156, "Sort Space Type": "Memory", "Plans": [{"Node Type": "Nested Loop", "Parent Relationship": "Outer", "Join Type": "Inner", "Startup Cost": 3.19, "Total Cost": 409077.65, "Plan Rows": 64552, "Plan Width": 32, "Actual Startup Time": 0.073, "Actual Total Time": 1025.901, "Actual Rows": 86224, "Actual Loops": 1, "Inner Unique": false, "Plans": [{"Node Type": "Seq Scan", "Parent Relationship": "Outer", "Relation Name": "part", "Alias": "part", "Startup Cost": 0.0, "Total Cost": 66944.0, "Plan Rows": 22472, "Plan Width": 8, "Actual Startup Time": 0.041, "Actual Total Time": 779.915, "Actual Rows": 21556, "Actual Loops": 1, "Filter": "((p_name)::text ~~ 'green%'::text)", "Rows Removed by Filter": 1978444}, {"Node Type": "Bitmap Heap Scan", "Parent Relationship": "Inner", "Relation Name": "partsupp", "Alias": "partsupp", "Startup Cost": 3.19, "Total Cost": 15.19, "Plan Rows": 3, "Plan Width": 24, "Actual Startup Time": 186.065, "Actual Total Time": 202.047, "Actual Rows": 86224, "Actual Loops": 21556, "Recheck Cond": "(ps_partkey = part.p_partkey)", "Rows Removed by Index Recheck": 0, "Exact Heap Blocks": 23502, "Lossy Heap Blocks": 23502, "Plans": [{"Node Type": "Bitmap Index Scan", "Parent Relationship": "Outer", "Index Name": "idx_partsupp_partkey", "Startup Cost": 0.0, "Total Cost": 3.19, "Plan Rows": 3, "Plan Width": 0, "Actual Startup Time": 100.335, "Actual Total Time": 100.335, "Actual Rows": 86224, "Actual Loops": 21556, "Index Cond": "(ps_partkey = part.p_partkey)"}]}]}]}, {"Node Type": "Sort", "Parent Relationship": "Inner", "Startup Cost": 3208828.67, "Total Cost": 3231507.87, "Plan Rows": 9071680, "Plan Width": 24, "Actual Startup Time": 27647.87, "Actual Total Time": 29118.859, "Actual Rows": 5442190, "Actual Loops": 1, "Sort Key": ["subquery.\"?column?\"", "subquery.\"?column?\""], "Sort Method": "quicksort", "Sort Space Used": 706866, "Sort Space Type": "Memory", "Plans": [{"Node Type": "Subquery Scan", "Parent Relationship": "Outer", "Alias": "subquery", "Startup Cost": 1956349.97, "Total Cost": 2160462.77, "Plan Rows": 9071680, "Plan Width": 24, "Actual Startup Time": 18469.872, "Actual Total Time": 23043.837, "Actual Rows": 5442751, "Actual Loops": 1, "Plans": [{"Node Type": "Aggregate", "Strategy": "Hashed", "Parent Relationship": "Subquery", "Startup Cost": 1956349.97, "Total Cost": 2069745.97, "Plan Rows": 9071680, "Plan Width": 24, "Actual Startup Time": 18469.866, "Actual Total Time": 22027.434, "Actual Rows": 5442751, "Actual Loops": 1, "Group By Key": ["lineitem.l_partkey", "lineitem.l_suppkey"], "Plans": [{"Node Type": "Bitmap Heap Scan", "Parent Relationship": "Outer", "Relation Name": "lineitem", "Alias": "lineitem", "Startup Cost": 314312.97, "Total Cost": 1865633.17, "Plan Rows": 9071680, "Plan Width": 24, "Actual Startup Time": 3836.521, "Actual Total Time": 10869.14, "Actual Rows": 9109641, "Actual Loops": 1, "Recheck Cond": "((l_shipdate >= '1993-01-01 00:00:00'::timestamp(0) without time zone) AND (l_shipdate < '1994-01-01 00:00:00'::timestamp without time zone)), (LLVM Optimized, Jit Execute)", "Rows Removed by Index Recheck": 0, "Exact Heap Blocks": 1252335, "Lossy Heap Blocks": 1252335, "Plans": [{"Node Type": "Bitmap Index Scan", "Parent Relationship": "Outer", "Index Name": "idx_lineitem_shipdate", "Startup Cost": 0.0, "Total Cost": 312045.05, "Plan Rows": 9071680, "Plan Width": 0, "Actual Startup Time": 3112.569, "Actual Total Time": 3112.569, "Actual Rows": 9109641, "Actual Loops": 1, "Index Cond": "((l_shipdate >= '1993-01-01 00:00:00'::timestamp(0) without time zone) AND (l_shipdate < '1994-01-01 00:00:00'::timestamp without time zone))"}]}]}]}]}]}]}]}]}, "Triggers": [], "Planner Runtime": 1, "Total Runtime": 31081.118, "Unique SQL Id": 202076520}}, "(1, 83)": {"explain_plan": {"Plan": {"Node Type": "Sort", "Startup Cost": 41474309.17, "Total Cost": 41474314.17, "Plan Rows": 2000, "Plan Width": 51, "Sort Key": ["supplier.s_name"], "Plans": [{"Node Type": "Nested Loop", "Parent Relationship": "Outer", "Join Type": "Inner", "Startup Cost": 41260049.96, "Total Cost": 41474199.51, "Plan Rows": 2000, "Plan Width": 51, "Inner Unique": true, "Plans": [{"Node Type": "Nested Loop", "Parent Relationship": "Outer", "Join Type": "Inner", "Startup Cost": 41260049.7, "Total Cost": 41260058.01, "Plan Rows": 50000, "Plan Width": 55, "Inner Unique": true, "Plans": [{"Node Type": "Unique", "Parent Relationship": "Outer", "Startup Cost": 41260049.44, "Total Cost": 41260049.45, "Plan Rows": 2, "Plan Width": 16, "Plans": [{"Node Type": "Sort", "Parent Relationship": "Outer", "Startup Cost": 41260049.44, "Total Cost": 41260049.45, "Plan Rows": 2, "Plan Width": 16, "Sort Key": ["partsupp.ps_suppkey"], "Plans": [{"Node Type": "Nested Loop", "Parent Relationship": "Outer", "Join Type": "Semi", "Startup Cost": 1956350.51, "Total Cost": 41260049.43, "Plan Rows": 2, "Plan Width": 16, "Inner Unique": false, "Join Filter": "(partsupp.ps_partkey = part.p_partkey)", "Plans": [{"Node Type": "Nested Loop", "Parent Relationship": "Outer", "Join Type": "Inner", "Startup Cost": 1956350.25, "Total Cost": 41259981.09, "Plan Rows": 15, "Plan Width": 32, "Inner Unique": true, "Plans": [{"Node Type": "Aggregate", "Strategy": "Hashed", "Parent Relationship": "Outer", "Startup Cost": 1956349.97, "Total Cost": 2069745.97, "Plan Rows": 9071680, "Plan Width": 24, "Group By Key": ["lineitem.l_partkey", "lineitem.l_suppkey"], "Plans": [{"Node Type": "Bitmap Heap Scan", "Parent Relationship": "Outer", "Relation Name": "lineitem", "Alias": "lineitem", "Startup Cost": 314312.97, "Total Cost": 1865633.17, "Plan Rows": 9071680, "Plan Width": 24, "Recheck Cond": "((l_shipdate >= '1993-01-01 00:00:00'::timestamp(0) without time zone) AND (l_shipdate < '1994-01-01 00:00:00'::timestamp without time zone)), (LLVM Optimized)", "Plans": [{"Node Type": "Bitmap Index Scan", "Parent Relationship": "Outer", "Index Name": "idx_lineitem_shipdate", "Startup Cost": 0.0, "Total Cost": 312045.05, "Plan Rows": 9071680, "Plan Width": 0, "Index Cond": "((l_shipdate >= '1993-01-01 00:00:00'::timestamp(0) without time zone) AND (l_shipdate < '1994-01-01 00:00:00'::timestamp without time zone))"}]}]}, {"Node Type": "Bitmap Heap Scan", "Parent Relationship": "Inner", "Relation Name": "partsupp", "Alias": "partsupp", "Startup Cost": 0.28, "Total Cost": 4.3, "Plan Rows": 1, "Plan Width": 24, "Recheck Cond": "((ps_partkey = lineitem.l_partkey) AND (ps_suppkey = lineitem.l_suppkey))", "Filter": "((ps_availqty)::double precision > (.5::double precision * (sum(lineitem.l_quantity))))", "Plans": [{"Node Type": "Bitmap Index Scan", "Parent Relationship": "Outer", "Index Name": "partsupp_pkey", "Startup Cost": 0.0, "Total Cost": 0.28, "Plan Rows": 1, "Plan Width": 0, "Index Cond": "((ps_partkey = lineitem.l_partkey) AND (ps_suppkey = lineitem.l_suppkey))"}]}]}, {"Node Type": "Bitmap Heap Scan", "Parent Relationship": "Inner", "Relation Name": "part", "Alias": "part", "Startup Cost": 0.26, "Total Cost": 4.28, "Plan Rows": 1, "Plan Width": 8, "Recheck Cond": "(p_partkey = lineitem.l_partkey)", "Filter": "((p_name)::text ~~ 'green%'::text)", "Plans": [{"Node Type": "Bitmap Index Scan", "Parent Relationship": "Outer", "Index Name": "part_kpey", "Startup Cost": 0.0, "Total Cost": 0.26, "Plan Rows": 1, "Plan Width": 0, "Index Cond": "(p_partkey = lineitem.l_partkey)"}]}]}]}]}, {"Node Type": "Bitmap Heap Scan", "Parent Relationship": "Inner", "Relation Name": "supplier", "Alias": "supplier", "Startup Cost": 0.26, "Total Cost": 4.27, "Plan Rows": 1, "Plan Width": 63, "Recheck Cond": "(s_suppkey = lineitem.l_suppkey)", "Plans": [{"Node Type": "Bitmap Index Scan", "Parent Relationship": "Outer", "Index Name": "supplier_pkey", "Startup Cost": 0.0, "Total Cost": 0.26, "Plan Rows": 1, "Plan Width": 0, "Index Cond": "(s_suppkey = lineitem.l_suppkey)"}]}]}, {"Node Type": "Bitmap Heap Scan", "Parent Relationship": "Inner", "Relation Name": "nation", "Alias": "nation", "Startup Cost": 0.26, "Total Cost": 4.27, "Plan Rows": 1, "Plan Width": 4, "Recheck Cond": "(n_nationkey = supplier.s_nationkey)", "Filter": "(n_name = 'ALGERIA'::bpchar)", "Plans": [{"Node Type": "Bitmap Index Scan", "Parent Relationship": "Outer", "Index Name": "nation_pkey", "Startup Cost": 0.0, "Total Cost": 0.26, "Plan Rows": 1, "Plan Width": 0, "Index Cond": "(n_nationkey = supplier.s_nationkey)"}]}]}]}, "Unique SQL Id": 202076520, "Planner Runtime": 2}, "explain_analyze_plan": {"Plan": {"Node Type": "Sort", "Startup Cost": 41474309.17, "Total Cost": 41474314.17, "Plan Rows": 2000, "Plan Width": 51, "Actual Startup Time": 123034.011, "Actual Total Time": 123034.172, "Actual Rows": 1746, "Actual Loops": 1, "Sort Key": ["supplier.s_name"], "Sort Method": "quicksort", "Sort Space Used": 309, "Sort Space Type": "Memory", "Plans": [{"Node Type": "Nested Loop", "Parent Relationship": "Outer", "Join Type": "Inner", "Startup Cost": 41260049.96, "Total Cost": 41474199.51, "Plan Rows": 2000, "Plan Width": 51, "Actual Startup Time": 122623.884, "Actual Total Time": 123032.253, "Actual Rows": 1746, "Actual Loops": 1, "Inner Unique": true, "Plans": [{"Node Type": "Nested Loop", "Parent Relationship": "Outer", "Join Type": "Inner", "Startup Cost": 41260049.7, "Total Cost": 41260058.01, "Plan Rows": 50000, "Plan Width": 55, "Actual Startup Time": 122623.574, "Actual Total Time": 122860.159, "Actual Rows": 44487, "Actual Loops": 1, "Inner Unique": true, "Plans": [{"Node Type": "Unique", "Parent Relationship": "Outer", "Startup Cost": 41260049.44, "Total Cost": 41260049.45, "Plan Rows": 2, "Plan Width": 16, "Actual Startup Time": 122623.524, "Actual Total Time": 122652.62, "Actual Rows": 44487, "Actual Loops": 1, "Plans": [{"Node Type": "Sort", "Parent Relationship": "Outer", "Startup Cost": 41260049.44, "Total Cost": 41260049.45, "Plan Rows": 2, "Plan Width": 16, "Actual Startup Time": 122623.52, "Actual Total Time": 122634.619, "Actual Rows": 58537, "Actual Loops": 1, "Sort Key": ["partsupp.ps_suppkey"], "Sort Method": "quicksort", "Sort Space Used": 7024, "Sort Space Type": "Memory", "Plans": [{"Node Type": "Nested Loop", "Parent Relationship": "Outer", "Join Type": "Semi", "Startup Cost": 1956350.51, "Total Cost": 41260049.43, "Plan Rows": 2, "Plan Width": 16, "Actual Startup Time": 18960.753, "Actual Total Time": 122538.632, "Actual Rows": 58537, "Actual Loops": 1, "Inner Unique": false, "Join Filter": "(partsupp.ps_partkey = part.p_partkey)", "Rows Removed by Join Filter": 0, "Plans": [{"Node Type": "Nested Loop", "Parent Relationship": "Outer", "Join Type": "Inner", "Startup Cost": 1956350.25, "Total Cost": 41259981.09, "Plan Rows": 15, "Plan Width": 32, "Actual Startup Time": 18960.35, "Actual Total Time": 76712.02, "Actual Rows": 5431247, "Actual Loops": 1, "Inner Unique": true, "Plans": [{"Node Type": "Aggregate", "Strategy": "Hashed", "Parent Relationship": "Outer", "Startup Cost": 1956349.97, "Total Cost": 2069745.97, "Plan Rows": 9071680, "Plan Width": 24, "Actual Startup Time": 18960.226, "Actual Total Time": 23912.293, "Actual Rows": 5442751, "Actual Loops": 1, "Group By Key": ["lineitem.l_partkey", "lineitem.l_suppkey"], "Plans": [{"Node Type": "Bitmap Heap Scan", "Parent Relationship": "Outer", "Relation Name": "lineitem", "Alias": "lineitem", "Startup Cost": 314312.97, "Total Cost": 1865633.17, "Plan Rows": 9071680, "Plan Width": 24, "Actual Startup Time": 4194.642, "Actual Total Time": 11458.292, "Actual Rows": 9109641, "Actual Loops": 1, "Recheck Cond": "((l_shipdate >= '1993-01-01 00:00:00'::timestamp(0) without time zone) AND (l_shipdate < '1994-01-01 00:00:00'::timestamp without time zone)), (LLVM Optimized, Jit Execute)", "Rows Removed by Index Recheck": 0, "Exact Heap Blocks": 1252335, "Lossy Heap Blocks": 1252335, "Plans": [{"Node Type": "Bitmap Index Scan", "Parent Relationship": "Outer", "Index Name": "idx_lineitem_shipdate", "Startup Cost": 0.0, "Total Cost": 312045.05, "Plan Rows": 9071680, "Plan Width": 0, "Actual Startup Time": 3470.055, "Actual Total Time": 3470.055, "Actual Rows": 9109641, "Actual Loops": 1, "Index Cond": "((l_shipdate >= '1993-01-01 00:00:00'::timestamp(0) without time zone) AND (l_shipdate < '1994-01-01 00:00:00'::timestamp without time zone))"}]}]}, {"Node Type": "Bitmap Heap Scan", "Parent Relationship": "Inner", "Relation Name": "partsupp", "Alias": "partsupp", "Startup Cost": 0.28, "Total Cost": 4.3, "Plan Rows": 1, "Plan Width": 24, "Actual Startup Time": 44899.069, "Actual Total Time": 44899.069, "Actual Rows": 5431247, "Actual Loops": 5442751, "Recheck Cond": "((ps_partkey = lineitem.l_partkey) AND (ps_suppkey = lineitem.l_suppkey))", "Rows Removed by Index Recheck": 0, "Filter": "((ps_availqty)::double precision > (.5::double precision * (sum(lineitem.l_quantity))))", "Rows Removed by Filter": 11504, "Exact Heap Blocks": 5442751, "Lossy Heap Blocks": 5442751, "Plans": [{"Node Type": "Bitmap Index Scan", "Parent Relationship": "Outer", "Index Name": "partsupp_pkey", "Startup Cost": 0.0, "Total Cost": 0.28, "Plan Rows": 1, "Plan Width": 0, "Actual Startup Time": 27584.74, "Actual Total Time": 27584.74, "Actual Rows": 5442751, "Actual Loops": 5442751, "Index Cond": "((ps_partkey = lineitem.l_partkey) AND (ps_suppkey = lineitem.l_suppkey))"}]}]}, {"Node Type": "Bitmap Heap Scan", "Parent Relationship": "Inner", "Relation Name": "part", "Alias": "part", "Startup Cost": 0.26, "Total Cost": 4.28, "Plan Rows": 1, "Plan Width": 8, "Actual Startup Time": 39579.35, "Actual Total Time": 39579.35, "Actual Rows": 58537, "Actual Loops": 5431247, "Recheck Cond": "(p_partkey = lineitem.l_partkey)", "Rows Removed by Index Recheck": 0, "Filter": "((p_name)::text ~~ 'green%'::text)", "Rows Removed by Filter": 5372710, "Exact Heap Blocks": 5431247, "Lossy Heap Blocks": 5431247, "Plans": [{"Node Type": "Bitmap Index Scan", "Parent Relationship": "Outer", "Index Name": "part_kpey", "Startup Cost": 0.0, "Total Cost": 0.26, "Plan Rows": 1, "Plan Width": 0, "Actual Startup Time": 23439.794, "Actual Total Time": 23439.794, "Actual Rows": 5431247, "Actual Loops": 5431247, "Index Cond": "(p_partkey = lineitem.l_partkey)"}]}]}]}]}, {"Node Type": "Bitmap Heap Scan", "Parent Relationship": "Inner", "Relation Name": "supplier", "Alias": "supplier", "Startup Cost": 0.26, "Total Cost": 4.27, "Plan Rows": 1, "Plan Width": 63, "Actual Startup Time": 148.575, "Actual Total Time": 148.575, "Actual Rows": 44487, "Actual Loops": 44487, "Recheck Cond": "(s_suppkey = lineitem.l_suppkey)", "Rows Removed by Index Recheck": 0, "Exact Heap Blocks": 44487, "Lossy Heap Blocks": 44487, "Plans": [{"Node Type": "Bitmap Index Scan", "Parent Relationship": "Outer", "Index Name": "supplier_pkey", "Startup Cost": 0.0, "Total Cost": 0.26, "Plan Rows": 1, "Plan Width": 0, "Actual Startup Time": 81.957, "Actual Total Time": 81.957, "Actual Rows": 44487, "Actual Loops": 44487, "Index Cond": "(s_suppkey = lineitem.l_suppkey)"}]}]}, {"Node Type": "Bitmap Heap Scan", "Parent Relationship": "Inner", "Relation Name": "nation", "Alias": "nation", "Startup Cost": 0.26, "Total Cost": 4.27, "Plan Rows": 1, "Plan Width": 4, "Actual Startup Time": 121.825, "Actual Total Time": 121.825, "Actual Rows": 1746, "Actual Loops": 44487, "Recheck Cond": "(n_nationkey = supplier.s_nationkey)", "Rows Removed by Index Recheck": 0, "Filter": "(n_name = 'ALGERIA'::bpchar)", "Rows Removed by Filter": 42741, "Exact Heap Blocks": 44487, "Lossy Heap Blocks": 44487, "Plans": [{"Node Type": "Bitmap Index Scan", "Parent Relationship": "Outer", "Index Name": "nation_pkey", "Startup Cost": 0.0, "Total Cost": 0.26, "Plan Rows": 1, "Plan Width": 0, "Actual Startup Time": 45.466, "Actual Total Time": 45.466, "Actual Rows": 44487, "Actual Loops": 44487, "Index Cond": "(n_nationkey = supplier.s_nationkey)"}]}]}]}, "Triggers": [], "Planner Runtime": 1, "Total Runtime": 123046.421, "Unique SQL Id": 202076520}}, "(1, 84)": {"explain_plan": {"Plan": {"Node Type": "Sort", "Startup Cost": 3527405.4, "Total Cost": 3527410.4, "Plan Rows": 2000, "Plan Width": 51, "Sort Key": ["supplier.s_name"], "Plans": [{"Node Type": "Nested Loop", "Parent Relationship": "Outer", "Join Type": "Inner", "Startup Cost": 3439058.32, "Total Cost": 3527295.74, "Plan Rows": 2000, "Plan Width": 51, "Inner Unique": true, "Plans": [{"Node Type": "Merge Join", "Parent Relationship": "Outer", "Join Type": "Semi", "Startup Cost": 3439058.32, "Total Cost": 3513164.74, "Plan Rows": 50000, "Plan Width": 55, "Inner Unique": false, "Merge Cond": "(supplier.s_suppkey = subquery.\"?column?\")", "Plans": [{"Node Type": "Index Scan", "Parent Relationship": "Outer", "Scan Direction": "Forward", "Index Name": "supplier_pkey", "Relation Name": "supplier", "Alias": "supplier", "Startup Cost": 0.0, "Total Cost": 5334.54, "Plan Rows": 100000, "Plan Width": 63}, {"Node Type": "Materialize", "Parent Relationship": "Inner", "Startup Cost": 3439058.32, "Total Cost": 3507580.17, "Plan Rows": 2, "Plan Width": 16, "Plans": [{"Node Type": "Merge Join", "Parent Relationship": "Outer", "Join Type": "Inner", "Startup Cost": 3439058.32, "Total Cost": 3507580.16, "Plan Rows": 2, "Plan Width": 16, "Inner Unique": true, "Merge Cond": "((partsupp.ps_suppkey = subquery.\"?column?\") AND (partsupp.ps_partkey = subquery.\"?column?\"))", "Join Filter": "((partsupp.ps_availqty)::double precision > (.5::double precision * subquery.\"?column?\"))", "Plans": [{"Node Type": "Sort", "Parent Relationship": "Outer", "Startup Cost": 230229.65, "Total Cost": 230391.03, "Plan Rows": 64552, "Plan Width": 32, "Sort Key": ["partsupp.ps_suppkey", "partsupp.ps_partkey"], "Plans": [{"Node Type": "Nested Loop", "Parent Relationship": "Outer", "Join Type": "Inner", "Startup Cost": 0.0, "Total Cost": 225072.53, "Plan Rows": 64552, "Plan Width": 32, "Inner Unique": false, "Plans": [{"Node Type": "Seq Scan", "Parent Relationship": "Outer", "Relation Name": "part", "Alias": "part", "Startup Cost": 0.0, "Total Cost": 66944.0, "Plan Rows": 22472, "Plan Width": 8, "Filter": "((p_name)::text ~~ 'green%'::text)"}, {"Node Type": "Index Scan", "Parent Relationship": "Inner", "Scan Direction": "Forward", "Index Name": "idx_partsupp_partkey", "Relation Name": "partsupp", "Alias": "partsupp", "Startup Cost": 0.0, "Total Cost": 7.01, "Plan Rows": 3, "Plan Width": 24, "Index Cond": "(ps_partkey = part.p_partkey)"}]}]}, {"Node Type": "Sort", "Parent Relationship": "Inner", "Startup Cost": 3208828.67, "Total Cost": 3231507.87, "Plan Rows": 9071680, "Plan Width": 24, "Sort Key": ["subquery.\"?column?\"", "subquery.\"?column?\""], "Plans": [{"Node Type": "Subquery Scan", "Parent Relationship": "Outer", "Alias": "subquery", "Startup Cost": 1956349.97, "Total Cost": 2160462.77, "Plan Rows": 9071680, "Plan Width": 24, "Plans": [{"Node Type": "Aggregate", "Strategy": "Hashed", "Parent Relationship": "Subquery", "Startup Cost": 1956349.97, "Total Cost": 2069745.97, "Plan Rows": 9071680, "Plan Width": 24, "Group By Key": ["lineitem.l_partkey", "lineitem.l_suppkey"], "Plans": [{"Node Type": "Bitmap Heap Scan", "Parent Relationship": "Outer", "Relation Name": "lineitem", "Alias": "lineitem", "Startup Cost": 314312.97, "Total Cost": 1865633.17, "Plan Rows": 9071680, "Plan Width": 24, "Recheck Cond": "((l_shipdate >= '1993-01-01 00:00:00'::timestamp(0) without time zone) AND (l_shipdate < '1994-01-01 00:00:00'::timestamp without time zone)), (LLVM Optimized)", "Plans": [{"Node Type": "Bitmap Index Scan", "Parent Relationship": "Outer", "Index Name": "idx_lineitem_shipdate", "Startup Cost": 0.0, "Total Cost": 312045.05, "Plan Rows": 9071680, "Plan Width": 0, "Index Cond": "((l_shipdate >= '1993-01-01 00:00:00'::timestamp(0) without time zone) AND (l_shipdate < '1994-01-01 00:00:00'::timestamp without time zone))"}]}]}]}]}]}]}]}, {"Node Type": "Index Scan", "Parent Relationship": "Inner", "Scan Direction": "Forward", "Index Name": "nation_pkey", "Relation Name": "nation", "Alias": "nation", "Startup Cost": 0.0, "Total Cost": 0.27, "Plan Rows": 1, "Plan Width": 4, "Index Cond": "(n_nationkey = supplier.s_nationkey)", "Filter": "(n_name = 'ALGERIA'::bpchar)"}]}]}, "Unique SQL Id": 202076520, "Planner Runtime": 2}, "explain_analyze_plan": {"Plan": {"Node Type": "Sort", "Startup Cost": 3527405.4, "Total Cost": 3527410.4, "Plan Rows": 2000, "Plan Width": 51, "Actual Startup Time": 31463.107, "Actual Total Time": 31463.293, "Actual Rows": 1746, "Actual Loops": 1, "Sort Key": ["supplier.s_name"], "Sort Method": "quicksort", "Sort Space Used": 309, "Sort Space Type": "Memory", "Plans": [{"Node Type": "Nested Loop", "Parent Relationship": "Outer", "Join Type": "Inner", "Startup Cost": 3439058.32, "Total Cost": 3527295.74, "Plan Rows": 2000, "Plan Width": 51, "Actual Startup Time": 28998.836, "Actual Total Time": 31460.608, "Actual Rows": 1746, "Actual Loops": 1, "Inner Unique": true, "Plans": [{"Node Type": "Merge Join", "Parent Relationship": "Outer", "Join Type": "Semi", "Startup Cost": 3439058.32, "Total Cost": 3513164.74, "Plan Rows": 50000, "Plan Width": 55, "Actual Startup Time": 28998.093, "Actual Total Time": 31341.129, "Actual Rows": 44487, "Actual Loops": 1, "Inner Unique": false, "Merge Cond": "(supplier.s_suppkey = subquery.\"?column?\")", "Plans": [{"Node Type": "Index Scan", "Parent Relationship": "Outer", "Scan Direction": "Forward", "Index Name": "supplier_pkey", "Relation Name": "supplier", "Alias": "supplier", "Startup Cost": 0.0, "Total Cost": 5334.54, "Plan Rows": 100000, "Plan Width": 63, "Actual Startup Time": 0.036, "Actual Total Time": 72.366, "Actual Rows": 100000, "Actual Loops": 1}, {"Node Type": "Materialize", "Parent Relationship": "Inner", "Startup Cost": 3439058.32, "Total Cost": 3507580.17, "Plan Rows": 2, "Plan Width": 16, "Actual Startup Time": 28998.032, "Actual Total Time": 31220.932, "Actual Rows": 58537, "Actual Loops": 1, "Plans": [{"Node Type": "Merge Join", "Parent Relationship": "Outer", "Join Type": "Inner", "Startup Cost": 3439058.32, "Total Cost": 3507580.16, "Plan Rows": 2, "Plan Width": 16, "Actual Startup Time": 28998.029, "Actual Total Time": 31211.87, "Actual Rows": 58537, "Actual Loops": 1, "Inner Unique": true, "Merge Cond": "((partsupp.ps_suppkey = subquery.\"?column?\") AND (partsupp.ps_partkey = subquery.\"?column?\"))", "Join Filter": "((partsupp.ps_availqty)::double precision > (.5::double precision * subquery.\"?column?\"))", "Rows Removed by Join Filter": 0, "Plans": [{"Node Type": "Sort", "Parent Relationship": "Outer", "Startup Cost": 230229.65, "Total Cost": 230391.03, "Plan Rows": 64552, "Plan Width": 32, "Actual Startup Time": 1103.934, "Actual Total Time": 1125.254, "Actual Rows": 86224, "Actual Loops": 1, "Sort Key": ["partsupp.ps_suppkey", "partsupp.ps_partkey"], "Sort Method": "quicksort", "Sort Space Used": 11156, "Sort Space Type": "Memory", "Plans": [{"Node Type": "Nested Loop", "Parent Relationship": "Outer", "Join Type": "Inner", "Startup Cost": 0.0, "Total Cost": 225072.53, "Plan Rows": 64552, "Plan Width": 32, "Actual Startup Time": 0.042, "Actual Total Time": 1057.442, "Actual Rows": 86224, "Actual Loops": 1, "Inner Unique": false, "Plans": [{"Node Type": "Seq Scan", "Parent Relationship": "Outer", "Relation Name": "part", "Alias": "part", "Startup Cost": 0.0, "Total Cost": 66944.0, "Plan Rows": 22472, "Plan Width": 8, "Actual Startup Time": 0.026, "Actual Total Time": 811.6, "Actual Rows": 21556, "Actual Loops": 1, "Filter": "((p_name)::text ~~ 'green%'::text)", "Rows Removed by Filter": 1978444}, {"Node Type": "Index Scan", "Parent Relationship": "Inner", "Scan Direction": "Forward", "Index Name": "idx_partsupp_partkey", "Relation Name": "partsupp", "Alias": "partsupp", "Startup Cost": 0.0, "Total Cost": 7.01, "Plan Rows": 3, "Plan Width": 24, "Actual Startup Time": 163.873, "Actual Total Time": 215.164, "Actual Rows": 86224, "Actual Loops": 21556, "Index Cond": "(ps_partkey = part.p_partkey)", "Rows Removed by Index Recheck": 0}]}]}, {"Node Type": "Sort", "Parent Relationship": "Inner", "Startup Cost": 3208828.67, "Total Cost": 3231507.87, "Plan Rows": 9071680, "Plan Width": 24, "Actual Startup Time": 27893.88, "Actual Total Time": 29259.188, "Actual Rows": 5442737, "Actual Loops": 1, "Sort Key": ["subquery.\"?column?\"", "subquery.\"?column?\""], "Sort Method": "quicksort", "Sort Space Used": 706866, "Sort Space Type": "Memory", "Plans": [{"Node Type": "Subquery Scan", "Parent Relationship": "Outer", "Alias": "subquery", "Startup Cost": 1956349.97, "Total Cost": 2160462.77, "Plan Rows": 9071680, "Plan Width": 24, "Actual Startup Time": 18812.927, "Actual Total Time": 23365.133, "Actual Rows": 5442751, "Actual Loops": 1, "Plans": [{"Node Type": "Aggregate", "Strategy": "Hashed", "Parent Relationship": "Subquery", "Startup Cost": 1956349.97, "Total Cost": 2069745.97, "Plan Rows": 9071680, "Plan Width": 24, "Actual Startup Time": 18812.923, "Actual Total Time": 22346.463, "Actual Rows": 5442751, "Actual Loops": 1, "Group By Key": ["lineitem.l_partkey", "lineitem.l_suppkey"], "Plans": [{"Node Type": "Bitmap Heap Scan", "Parent Relationship": "Outer", "Relation Name": "lineitem", "Alias": "lineitem", "Startup Cost": 314312.97, "Total Cost": 1865633.17, "Plan Rows": 9071680, "Plan Width": 24, "Actual Startup Time": 3760.228, "Actual Total Time": 11120.957, "Actual Rows": 9109641, "Actual Loops": 1, "Recheck Cond": "((l_shipdate >= '1993-01-01 00:00:00'::timestamp(0) without time zone) AND (l_shipdate < '1994-01-01 00:00:00'::timestamp without time zone)), (LLVM Optimized, Jit Execute)", "Rows Removed by Index Recheck": 0, "Exact Heap Blocks": 1252335, "Lossy Heap Blocks": 1252335, "Plans": [{"Node Type": "Bitmap Index Scan", "Parent Relationship": "Outer", "Index Name": "idx_lineitem_shipdate", "Startup Cost": 0.0, "Total Cost": 312045.05, "Plan Rows": 9071680, "Plan Width": 0, "Actual Startup Time": 3031.255, "Actual Total Time": 3031.255, "Actual Rows": 9109641, "Actual Loops": 1, "Index Cond": "((l_shipdate >= '1993-01-01 00:00:00'::timestamp(0) without time zone) AND (l_shipdate < '1994-01-01 00:00:00'::timestamp without time zone))"}]}]}]}]}]}]}]}, {"Node Type": "Index Scan", "Parent Relationship": "Inner", "Scan Direction": "Forward", "Index Name": "nation_pkey", "Relation Name": "nation", "Alias": "nation", "Startup Cost": 0.0, "Total Cost": 0.27, "Plan Rows": 1, "Plan Width": 4, "Actual Startup Time": 94.516, "Actual Total Time": 94.516, "Actual Rows": 1746, "Actual Loops": 44487, "Index Cond": "(n_nationkey = supplier.s_nationkey)", "Rows Removed by Index Recheck": 0, "Filter": "(n_name = 'ALGERIA'::bpchar)", "Rows Removed by Filter": 42741}]}]}, "Triggers": [], "Planner Runtime": 2, "Total Runtime": 31475.58, "Unique SQL Id": 202076520}}, "(1, 85)": {"explain_plan": {"Plan": {"Node Type": "Sort", "Startup Cost": 3528034.41, "Total Cost": 3528039.41, "Plan Rows": 2000, "Plan Width": 51, "Sort Key": ["supplier.s_name"], "Plans": [{"Node Type": "Merge Join", "Parent Relationship": "Outer", "Join Type": "Semi", "Startup Cost": 3527904.72, "Total Cost": 3527924.75, "Plan Rows": 2000, "Plan Width": 51, "Inner Unique": false, "Merge Cond": "(supplier.s_suppkey = subquery.\"?column?\")", "Plans": [{"Node Type": "Sort", "Parent Relationship": "Outer", "Startup Cost": 2784.04, "Total Cost": 2794.04, "Plan Rows": 4000, "Plan Width": 59, "Sort Key": ["supplier.s_suppkey"], "Plans": [{"Node Type": "Nested Loop", "Parent Relationship": "Outer", "Join Type": "Inner", "Startup Cost": 95.25, "Total Cost": 2544.73, "Plan Rows": 4000, "Plan Width": 59, "Inner Unique": false, "Plans": [{"Node Type": "Index Scan", "Parent Relationship": "Outer", "Scan Direction": "Forward", "Index Name": "nation_pkey", "Relation Name": "nation", "Alias": "nation", "Startup Cost": 0.0, "Total Cost": 12.69, "Plan Rows": 1, "Plan Width": 4, "Filter": "(n_name = 'ALGERIA'::bpchar)"}, {"Node Type": "Bitmap Heap Scan", "Parent Relationship": "Inner", "Relation Name": "supplier", "Alias": "supplier", "Startup Cost": 95.25, "Total Cost": 2492.04, "Plan Rows": 4000, "Plan Width": 63, "Recheck Cond": "(s_nationkey = nation.n_nationkey)", "Plans": [{"Node Type": "Bitmap Index Scan", "Parent Relationship": "Outer", "Index Name": "idx_supplier_nation_key", "Startup Cost": 0.0, "Total Cost": 94.25, "Plan Rows": 4000, "Plan Width": 0, "Index Cond": "(s_nationkey = nation.n_nationkey)"}]}]}]}, {"Node Type": "Sort", "Parent Relationship": "Inner", "Startup Cost": 3525120.68, "Total Cost": 3525120.69, "Plan Rows": 2, "Plan Width": 16, "Sort Key": ["partsupp.ps_suppkey"], "Plans": [{"Node Type": "Merge Join", "Parent Relationship": "Outer", "Join Type": "Inner", "Startup Cost": 3208828.67, "Total Cost": 3525120.67, "Plan Rows": 2, "Plan Width": 16, "Inner Unique": true, "Merge Cond": "(partsupp.ps_partkey = subquery.\"?column?\")", "Join Filter": "((partsupp.ps_suppkey = subquery.\"?column?\") AND ((partsupp.ps_availqty)::double precision > (.5::double precision * subquery.\"?column?\")))", "Plans": [{"Node Type": "Nested Loop", "Parent Relationship": "Outer", "Join Type": "Inner", "Startup Cost": 0.0, "Total Cost": 263931.78, "Plan Rows": 64552, "Plan Width": 32, "Inner Unique": false, "Plans": [{"Node Type": "Index Scan", "Parent Relationship": "Outer", "Scan Direction": "Forward", "Index Name": "part_kpey", "Relation Name": "part", "Alias": "part", "Startup Cost": 0.0, "Total Cost": 105803.25, "Plan Rows": 22472, "Plan Width": 8, "Filter": "((p_name)::text ~~ 'green%'::text)"}, {"Node Type": "Index Scan", "Parent Relationship": "Inner", "Scan Direction": "Forward", "Index Name": "idx_partsupp_partkey", "Relation Name": "partsupp", "Alias": "partsupp", "Startup Cost": 0.0, "Total Cost": 7.01, "Plan Rows": 3, "Plan Width": 24, "Index Cond": "(ps_partkey = part.p_partkey)"}]}, {"Node Type": "Sort", "Parent Relationship": "Inner", "Startup Cost": 3208828.67, "Total Cost": 3231507.87, "Plan Rows": 9071680, "Plan Width": 24, "Sort Key": ["subquery.\"?column?\""], "Plans": [{"Node Type": "Subquery Scan", "Parent Relationship": "Outer", "Alias": "subquery", "Startup Cost": 1956349.97, "Total Cost": 2160462.77, "Plan Rows": 9071680, "Plan Width": 24, "Plans": [{"Node Type": "Aggregate", "Strategy": "Hashed", "Parent Relationship": "Subquery", "Startup Cost": 1956349.97, "Total Cost": 2069745.97, "Plan Rows": 9071680, "Plan Width": 24, "Group By Key": ["lineitem.l_partkey", "lineitem.l_suppkey"], "Plans": [{"Node Type": "Bitmap Heap Scan", "Parent Relationship": "Outer", "Relation Name": "lineitem", "Alias": "lineitem", "Startup Cost": 314312.97, "Total Cost": 1865633.17, "Plan Rows": 9071680, "Plan Width": 24, "Recheck Cond": "((l_shipdate >= '1993-01-01 00:00:00'::timestamp(0) without time zone) AND (l_shipdate < '1994-01-01 00:00:00'::timestamp without time zone)), (LLVM Optimized)", "Plans": [{"Node Type": "Bitmap Index Scan", "Parent Relationship": "Outer", "Index Name": "idx_lineitem_shipdate", "Startup Cost": 0.0, "Total Cost": 312045.05, "Plan Rows": 9071680, "Plan Width": 0, "Index Cond": "((l_shipdate >= '1993-01-01 00:00:00'::timestamp(0) without time zone) AND (l_shipdate < '1994-01-01 00:00:00'::timestamp without time zone))"}]}]}]}]}]}]}]}]}, "Unique SQL Id": 202076520, "Planner Runtime": 2}, "explain_analyze_plan": {"Plan": {"Node Type": "Sort", "Startup Cost": 3528034.41, "Total Cost": 3528039.41, "Plan Rows": 2000, "Plan Width": 51, "Actual Startup Time": 30222.235, "Actual Total Time": 30222.373, "Actual Rows": 1746, "Actual Loops": 1, "Sort Key": ["supplier.s_name"], "Sort Method": "quicksort", "Sort Space Used": 309, "Sort Space Type": "Memory", "Plans": [{"Node Type": "Merge Join", "Parent Relationship": "Outer", "Join Type": "Semi", "Startup Cost": 3527904.72, "Total Cost": 3527924.75, "Plan Rows": 2000, "Plan Width": 51, "Actual Startup Time": 30200.321, "Actual Total Time": 30220.721, "Actual Rows": 1746, "Actual Loops": 1, "Inner Unique": false, "Merge Cond": "(supplier.s_suppkey = subquery.\"?column?\")", "Plans": [{"Node Type": "Sort", "Parent Relationship": "Outer", "Startup Cost": 2784.04, "Total Cost": 2794.04, "Plan Rows": 4000, "Plan Width": 59, "Actual Startup Time": 8.236, "Actual Total Time": 8.727, "Actual Rows": 3934, "Actual Loops": 1, "Sort Key": ["supplier.s_suppkey"], "Sort Method": "quicksort", "Sort Space Used": 711, "Sort Space Type": "Memory", "Plans": [{"Node Type": "Nested Loop", "Parent Relationship": "Outer", "Join Type": "Inner", "Startup Cost": 95.25, "Total Cost": 2544.73, "Plan Rows": 4000, "Plan Width": 59, "Actual Startup Time": 0.951, "Actual Total Time": 6.814, "Actual Rows": 3934, "Actual Loops": 1, "Inner Unique": false, "Plans": [{"Node Type": "Index Scan", "Parent Relationship": "Outer", "Scan Direction": "Forward", "Index Name": "nation_pkey", "Relation Name": "nation", "Alias": "nation", "Startup Cost": 0.0, "Total Cost": 12.69, "Plan Rows": 1, "Plan Width": 4, "Actual Startup Time": 0.02, "Actual Total Time": 0.037, "Actual Rows": 1, "Actual Loops": 1, "Filter": "(n_name = 'ALGERIA'::bpchar)", "Rows Removed by Filter": 24}, {"Node Type": "Bitmap Heap Scan", "Parent Relationship": "Inner", "Relation Name": "supplier", "Alias": "supplier", "Startup Cost": 95.25, "Total Cost": 2492.04, "Plan Rows": 4000, "Plan Width": 63, "Actual Startup Time": 0.923, "Actual Total Time": 5.957, "Actual Rows": 3934, "Actual Loops": 1, "Recheck Cond": "(s_nationkey = nation.n_nationkey)", "Rows Removed by Index Recheck": 0, "Exact Heap Blocks": 1897, "Lossy Heap Blocks": 1897, "Plans": [{"Node Type": "Bitmap Index Scan", "Parent Relationship": "Outer", "Index Name": "idx_supplier_nation_key", "Startup Cost": 0.0, "Total Cost": 94.25, "Plan Rows": 4000, "Plan Width": 0, "Actual Startup Time": 0.637, "Actual Total Time": 0.637, "Actual Rows": 3934, "Actual Loops": 1, "Index Cond": "(s_nationkey = nation.n_nationkey)"}]}]}]}, {"Node Type": "Sort", "Parent Relationship": "Inner", "Startup Cost": 3525120.68, "Total Cost": 3525120.69, "Plan Rows": 2, "Plan Width": 16, "Actual Startup Time": 30192.063, "Actual Total Time": 30202.415, "Actual Rows": 58530, "Actual Loops": 1, "Sort Key": ["partsupp.ps_suppkey"], "Sort Method": "quicksort", "Sort Space Used": 7024, "Sort Space Type": "Memory", "Plans": [{"Node Type": "Merge Join", "Parent Relationship": "Outer", "Join Type": "Inner", "Startup Cost": 3208828.67, "Total Cost": 3525120.67, "Plan Rows": 2, "Plan Width": 16, "Actual Startup Time": 26201.877, "Actual Total Time": 30166.102, "Actual Rows": 58537, "Actual Loops": 1, "Inner Unique": true, "Merge Cond": "(partsupp.ps_partkey = subquery.\"?column?\")", "Join Filter": "((partsupp.ps_suppkey = subquery.\"?column?\") AND ((partsupp.ps_availqty)::double precision > (.5::double precision * subquery.\"?column?\")))", "Rows Removed by Join Filter": 0, "Plans": [{"Node Type": "Nested Loop", "Parent Relationship": "Outer", "Join Type": "Inner", "Startup Cost": 0.0, "Total Cost": 263931.78, "Plan Rows": 64552, "Plan Width": 32, "Actual Startup Time": 0.069, "Actual Total Time": 1656.34, "Actual Rows": 86224, "Actual Loops": 1, "Inner Unique": false, "Plans": [{"Node Type": "Index Scan", "Parent Relationship": "Outer", "Scan Direction": "Forward", "Index Name": "part_kpey", "Relation Name": "part", "Alias": "part", "Startup Cost": 0.0, "Total Cost": 105803.25, "Plan Rows": 22472, "Plan Width": 8, "Actual Startup Time": 0.054, "Actual Total Time": 1422.786, "Actual Rows": 21556, "Actual Loops": 1, "Filter": "((p_name)::text ~~ 'green%'::text)", "Rows Removed by Filter": 1978444}, {"Node Type": "Index Scan", "Parent Relationship": "Inner", "Scan Direction": "Forward", "Index Name": "idx_partsupp_partkey", "Relation Name": "partsupp", "Alias": "partsupp", "Startup Cost": 0.0, "Total Cost": 7.01, "Plan Rows": 3, "Plan Width": 24, "Actual Startup Time": 148.352, "Actual Total Time": 200.418, "Actual Rows": 86224, "Actual Loops": 21556, "Index Cond": "(ps_partkey = part.p_partkey)", "Rows Removed by Index Recheck": 0}]}, {"Node Type": "Sort", "Parent Relationship": "Inner", "Startup Cost": 3208828.67, "Total Cost": 3231507.87, "Plan Rows": 9071680, "Plan Width": 24, "Actual Startup Time": 26201.677, "Actual Total Time": 27720.199, "Actual Rows": 5530092, "Actual Loops": 1, "Sort Key": ["subquery.\"?column?\""], "Sort Method": "quicksort", "Sort Space Used": 706866, "Sort Space Type": "Memory", "Plans": [{"Node Type": "Subquery Scan", "Parent Relationship": "Outer", "Alias": "subquery", "Startup Cost": 1956349.97, "Total Cost": 2160462.77, "Plan Rows": 9071680, "Plan Width": 24, "Actual Startup Time": 19606.498, "Actual Total Time": 23957.41, "Actual Rows": 5442751, "Actual Loops": 1, "Plans": [{"Node Type": "Aggregate", "Strategy": "Hashed", "Parent Relationship": "Subquery", "Startup Cost": 1956349.97, "Total Cost": 2069745.97, "Plan Rows": 9071680, "Plan Width": 24, "Actual Startup Time": 19606.496, "Actual Total Time": 22937.862, "Actual Rows": 5442751, "Actual Loops": 1, "Group By Key": ["lineitem.l_partkey", "lineitem.l_suppkey"], "Plans": [{"Node Type": "Bitmap Heap Scan", "Parent Relationship": "Outer", "Relation Name": "lineitem", "Alias": "lineitem", "Startup Cost": 314312.97, "Total Cost": 1865633.17, "Plan Rows": 9071680, "Plan Width": 24, "Actual Startup Time": 4246.114, "Actual Total Time": 11925.505, "Actual Rows": 9109641, "Actual Loops": 1, "Recheck Cond": "((l_shipdate >= '1993-01-01 00:00:00'::timestamp(0) without time zone) AND (l_shipdate < '1994-01-01 00:00:00'::timestamp without time zone)), (LLVM Optimized, Jit Execute)", "Rows Removed by Index Recheck": 0, "Exact Heap Blocks": 1252335, "Lossy Heap Blocks": 1252335, "Plans": [{"Node Type": "Bitmap Index Scan", "Parent Relationship": "Outer", "Index Name": "idx_lineitem_shipdate", "Startup Cost": 0.0, "Total Cost": 312045.05, "Plan Rows": 9071680, "Plan Width": 0, "Actual Startup Time": 3511.967, "Actual Total Time": 3511.967, "Actual Rows": 9109641, "Actual Loops": 1, "Index Cond": "((l_shipdate >= '1993-01-01 00:00:00'::timestamp(0) without time zone) AND (l_shipdate < '1994-01-01 00:00:00'::timestamp without time zone))"}]}]}]}]}]}]}]}]}, "Triggers": [], "Planner Runtime": 2, "Total Runtime": 30233.999, "Unique SQL Id": 202076520}}, "(1, 86)": {"explain_plan": {"Plan": {"Node Type": "Sort", "Startup Cost": 3694487.63, "Total Cost": 3694492.63, "Plan Rows": 2000, "Plan Width": 51, "Sort Key": ["supplier.s_name"], "Plans": [{"Node Type": "Merge Join", "Parent Relationship": "Outer", "Join Type": "Semi", "Startup Cost": 3625836.1, "Total Cost": 3694377.98, "Plan Rows": 2000, "Plan Width": 51, "Inner Unique": false, "Merge Cond": "(supplier.s_suppkey = subquery.\"?column?\")", "Plans": [{"Node Type": "Sort", "Parent Relationship": "Outer", "Startup Cost": 2772.67, "Total Cost": 2782.67, "Plan Rows": 4000, "Plan Width": 59, "Sort Key": ["supplier.s_suppkey"], "Plans": [{"Node Type": "Nested Loop", "Parent Relationship": "Outer", "Join Type": "Inner", "Startup Cost": 95.25, "Total Cost": 2533.35, "Plan Rows": 4000, "Plan Width": 59, "Inner Unique": false, "Plans": [{"Node Type": "Seq Scan", "Parent Relationship": "Outer", "Relation Name": "nation", "Alias": "nation", "Startup Cost": 0.0, "Total Cost": 1.31, "Plan Rows": 1, "Plan Width": 4, "Filter": "(n_name = 'ALGERIA'::bpchar)"}, {"Node Type": "Bitmap Heap Scan", "Parent Relationship": "Inner", "Relation Name": "supplier", "Alias": "supplier", "Startup Cost": 95.25, "Total Cost": 2492.04, "Plan Rows": 4000, "Plan Width": 63, "Recheck Cond": "(s_nationkey = nation.n_nationkey)", "Plans": [{"Node Type": "Bitmap Index Scan", "Parent Relationship": "Outer", "Index Name": "idx_supplier_nation_key", "Startup Cost": 0.0, "Total Cost": 94.25, "Plan Rows": 4000, "Plan Width": 0, "Index Cond": "(s_nationkey = nation.n_nationkey)"}]}]}]}, {"Node Type": "Materialize", "Parent Relationship": "Inner", "Startup Cost": 3623063.44, "Total Cost": 3691585.29, "Plan Rows": 2, "Plan Width": 16, "Plans": [{"Node Type": "Merge Join", "Parent Relationship": "Outer", "Join Type": "Inner", "Startup Cost": 3623063.44, "Total Cost": 3691585.28, "Plan Rows": 2, "Plan Width": 16, "Inner Unique": true, "Merge Cond": "((partsupp.ps_suppkey = subquery.\"?column?\") AND (partsupp.ps_partkey = subquery.\"?column?\"))", "Join Filter": "((partsupp.ps_availqty)::double precision > (.5::double precision * subquery.\"?column?\"))", "Plans": [{"Node Type": "Sort", "Parent Relationship": "Outer", "Startup Cost": 414234.76, "Total Cost": 414396.14, "Plan Rows": 64552, "Plan Width": 32, "Sort Key": ["partsupp.ps_suppkey", "partsupp.ps_partkey"], "Plans": [{"Node Type": "Nested Loop", "Parent Relationship": "Outer", "Join Type": "Inner", "Startup Cost": 3.19, "Total Cost": 409077.65, "Plan Rows": 64552, "Plan Width": 32, "Inner Unique": false, "Plans": [{"Node Type": "Seq Scan", "Parent Relationship": "Outer", "Relation Name": "part", "Alias": "part", "Startup Cost": 0.0, "Total Cost": 66944.0, "Plan Rows": 22472, "Plan Width": 8, "Filter": "((p_name)::text ~~ 'green%'::text)"}, {"Node Type": "Bitmap Heap Scan", "Parent Relationship": "Inner", "Relation Name": "partsupp", "Alias": "partsupp", "Startup Cost": 3.19, "Total Cost": 15.19, "Plan Rows": 3, "Plan Width": 24, "Recheck Cond": "(ps_partkey = part.p_partkey)", "Plans": [{"Node Type": "Bitmap Index Scan", "Parent Relationship": "Outer", "Index Name": "idx_partsupp_partkey", "Startup Cost": 0.0, "Total Cost": 3.19, "Plan Rows": 3, "Plan Width": 0, "Index Cond": "(ps_partkey = part.p_partkey)"}]}]}]}, {"Node Type": "Sort", "Parent Relationship": "Inner", "Startup Cost": 3208828.67, "Total Cost": 3231507.87, "Plan Rows": 9071680, "Plan Width": 24, "Sort Key": ["subquery.\"?column?\"", "subquery.\"?column?\""], "Plans": [{"Node Type": "Subquery Scan", "Parent Relationship": "Outer", "Alias": "subquery", "Startup Cost": 1956349.97, "Total Cost": 2160462.77, "Plan Rows": 9071680, "Plan Width": 24, "Plans": [{"Node Type": "Aggregate", "Strategy": "Hashed", "Parent Relationship": "Subquery", "Startup Cost": 1956349.97, "Total Cost": 2069745.97, "Plan Rows": 9071680, "Plan Width": 24, "Group By Key": ["lineitem.l_partkey", "lineitem.l_suppkey"], "Plans": [{"Node Type": "Bitmap Heap Scan", "Parent Relationship": "Outer", "Relation Name": "lineitem", "Alias": "lineitem", "Startup Cost": 314312.97, "Total Cost": 1865633.17, "Plan Rows": 9071680, "Plan Width": 24, "Recheck Cond": "((l_shipdate >= '1993-01-01 00:00:00'::timestamp(0) without time zone) AND (l_shipdate < '1994-01-01 00:00:00'::timestamp without time zone)), (LLVM Optimized)", "Plans": [{"Node Type": "Bitmap Index Scan", "Parent Relationship": "Outer", "Index Name": "idx_lineitem_shipdate", "Startup Cost": 0.0, "Total Cost": 312045.05, "Plan Rows": 9071680, "Plan Width": 0, "Index Cond": "((l_shipdate >= '1993-01-01 00:00:00'::timestamp(0) without time zone) AND (l_shipdate < '1994-01-01 00:00:00'::timestamp without time zone))"}]}]}]}]}]}]}]}]}, "Unique SQL Id": 202076520, "Planner Runtime": 1}, "explain_analyze_plan": {"Plan": {"Node Type": "Sort", "Startup Cost": 3694487.63, "Total Cost": 3694492.63, "Plan Rows": 2000, "Plan Width": 51, "Actual Startup Time": 31068.801, "Actual Total Time": 31068.977, "Actual Rows": 1746, "Actual Loops": 1, "Sort Key": ["supplier.s_name"], "Sort Method": "quicksort", "Sort Space Used": 309, "Sort Space Type": "Memory", "Plans": [{"Node Type": "Merge Join", "Parent Relationship": "Outer", "Join Type": "Semi", "Startup Cost": 3625836.1, "Total Cost": 3694377.98, "Plan Rows": 2000, "Plan Width": 51, "Actual Startup Time": 28730.987, "Actual Total Time": 31066.703, "Actual Rows": 1746, "Actual Loops": 1, "Inner Unique": false, "Merge Cond": "(supplier.s_suppkey = subquery.\"?column?\")", "Plans": [{"Node Type": "Sort", "Parent Relationship": "Outer", "Startup Cost": 2772.67, "Total Cost": 2782.67, "Plan Rows": 4000, "Plan Width": 59, "Actual Startup Time": 8.163, "Actual Total Time": 8.938, "Actual Rows": 3934, "Actual Loops": 1, "Sort Key": ["supplier.s_suppkey"], "Sort Method": "quicksort", "Sort Space Used": 711, "Sort Space Type": "Memory", "Plans": [{"Node Type": "Nested Loop", "Parent Relationship": "Outer", "Join Type": "Inner", "Startup Cost": 95.25, "Total Cost": 2533.35, "Plan Rows": 4000, "Plan Width": 59, "Actual Startup Time": 0.962, "Actual Total Time": 6.735, "Actual Rows": 3934, "Actual Loops": 1, "Inner Unique": false, "Plans": [{"Node Type": "Seq Scan", "Parent Relationship": "Outer", "Relation Name": "nation", "Alias": "nation", "Startup Cost": 0.0, "Total Cost": 1.31, "Plan Rows": 1, "Plan Width": 4, "Actual Startup Time": 0.025, "Actual Total Time": 0.038, "Actual Rows": 1, "Actual Loops": 1, "Filter": "(n_name = 'ALGERIA'::bpchar)", "Rows Removed by Filter": 24}, {"Node Type": "Bitmap Heap Scan", "Parent Relationship": "Inner", "Relation Name": "supplier", "Alias": "supplier", "Startup Cost": 95.25, "Total Cost": 2492.04, "Plan Rows": 4000, "Plan Width": 63, "Actual Startup Time": 0.928, "Actual Total Time": 5.945, "Actual Rows": 3934, "Actual Loops": 1, "Recheck Cond": "(s_nationkey = nation.n_nationkey)", "Rows Removed by Index Recheck": 0, "Exact Heap Blocks": 1897, "Lossy Heap Blocks": 1897, "Plans": [{"Node Type": "Bitmap Index Scan", "Parent Relationship": "Outer", "Index Name": "idx_supplier_nation_key", "Startup Cost": 0.0, "Total Cost": 94.25, "Plan Rows": 4000, "Plan Width": 0, "Actual Startup Time": 0.635, "Actual Total Time": 0.635, "Actual Rows": 3934, "Actual Loops": 1, "Index Cond": "(s_nationkey = nation.n_nationkey)"}]}]}]}, {"Node Type": "Materialize", "Parent Relationship": "Inner", "Startup Cost": 3623063.44, "Total Cost": 3691585.29, "Plan Rows": 2, "Plan Width": 16, "Actual Startup Time": 28721.949, "Actual Total Time": 31042.09, "Actual Rows": 58530, "Actual Loops": 1, "Plans": [{"Node Type": "Merge Join", "Parent Relationship": "Outer", "Join Type": "Inner", "Startup Cost": 3623063.44, "Total Cost": 3691585.28, "Plan Rows": 2, "Plan Width": 16, "Actual Startup Time": 28721.947, "Actual Total Time": 31033.95, "Actual Rows": 58530, "Actual Loops": 1, "Inner Unique": true, "Merge Cond": "((partsupp.ps_suppkey = subquery.\"?column?\") AND (partsupp.ps_partkey = subquery.\"?column?\"))", "Join Filter": "((partsupp.ps_availqty)::double precision > (.5::double precision * subquery.\"?column?\"))", "Rows Removed by Join Filter": 0, "Plans": [{"Node Type": "Sort", "Parent Relationship": "Outer", "Startup Cost": 414234.76, "Total Cost": 414396.14, "Plan Rows": 64552, "Plan Width": 32, "Actual Startup Time": 1073.854, "Actual Total Time": 1093.585, "Actual Rows": 86215, "Actual Loops": 1, "Sort Key": ["partsupp.ps_suppkey", "partsupp.ps_partkey"], "Sort Method": "quicksort", "Sort Space Used": 11156, "Sort Space Type": "Memory", "Plans": [{"Node Type": "Nested Loop", "Parent Relationship": "Outer", "Join Type": "Inner", "Startup Cost": 3.19, "Total Cost": 409077.65, "Plan Rows": 64552, "Plan Width": 32, "Actual Startup Time": 0.073, "Actual Total Time": 1025.901, "Actual Rows": 86224, "Actual Loops": 1, "Inner Unique": false, "Plans": [{"Node Type": "Seq Scan", "Parent Relationship": "Outer", "Relation Name": "part", "Alias": "part", "Startup Cost": 0.0, "Total Cost": 66944.0, "Plan Rows": 22472, "Plan Width": 8, "Actual Startup Time": 0.041, "Actual Total Time": 779.915, "Actual Rows": 21556, "Actual Loops": 1, "Filter": "((p_name)::text ~~ 'green%'::text)", "Rows Removed by Filter": 1978444}, {"Node Type": "Bitmap Heap Scan", "Parent Relationship": "Inner", "Relation Name": "partsupp", "Alias": "partsupp", "Startup Cost": 3.19, "Total Cost": 15.19, "Plan Rows": 3, "Plan Width": 24, "Actual Startup Time": 186.065, "Actual Total Time": 202.047, "Actual Rows": 86224, "Actual Loops": 21556, "Recheck Cond": "(ps_partkey = part.p_partkey)", "Rows Removed by Index Recheck": 0, "Exact Heap Blocks": 23502, "Lossy Heap Blocks": 23502, "Plans": [{"Node Type": "Bitmap Index Scan", "Parent Relationship": "Outer", "Index Name": "idx_partsupp_partkey", "Startup Cost": 0.0, "Total Cost": 3.19, "Plan Rows": 3, "Plan Width": 0, "Actual Startup Time": 100.335, "Actual Total Time": 100.335, "Actual Rows": 86224, "Actual Loops": 21556, "Index Cond": "(ps_partkey = part.p_partkey)"}]}]}]}, {"Node Type": "Sort", "Parent Relationship": "Inner", "Startup Cost": 3208828.67, "Total Cost": 3231507.87, "Plan Rows": 9071680, "Plan Width": 24, "Actual Startup Time": 27647.87, "Actual Total Time": 29118.859, "Actual Rows": 5442190, "Actual Loops": 1, "Sort Key": ["subquery.\"?column?\"", "subquery.\"?column?\""], "Sort Method": "quicksort", "Sort Space Used": 706866, "Sort Space Type": "Memory", "Plans": [{"Node Type": "Subquery Scan", "Parent Relationship": "Outer", "Alias": "subquery", "Startup Cost": 1956349.97, "Total Cost": 2160462.77, "Plan Rows": 9071680, "Plan Width": 24, "Actual Startup Time": 18469.872, "Actual Total Time": 23043.837, "Actual Rows": 5442751, "Actual Loops": 1, "Plans": [{"Node Type": "Aggregate", "Strategy": "Hashed", "Parent Relationship": "Subquery", "Startup Cost": 1956349.97, "Total Cost": 2069745.97, "Plan Rows": 9071680, "Plan Width": 24, "Actual Startup Time": 18469.866, "Actual Total Time": 22027.434, "Actual Rows": 5442751, "Actual Loops": 1, "Group By Key": ["lineitem.l_partkey", "lineitem.l_suppkey"], "Plans": [{"Node Type": "Bitmap Heap Scan", "Parent Relationship": "Outer", "Relation Name": "lineitem", "Alias": "lineitem", "Startup Cost": 314312.97, "Total Cost": 1865633.17, "Plan Rows": 9071680, "Plan Width": 24, "Actual Startup Time": 3836.521, "Actual Total Time": 10869.14, "Actual Rows": 9109641, "Actual Loops": 1, "Recheck Cond": "((l_shipdate >= '1993-01-01 00:00:00'::timestamp(0) without time zone) AND (l_shipdate < '1994-01-01 00:00:00'::timestamp without time zone)), (LLVM Optimized, Jit Execute)", "Rows Removed by Index Recheck": 0, "Exact Heap Blocks": 1252335, "Lossy Heap Blocks": 1252335, "Plans": [{"Node Type": "Bitmap Index Scan", "Parent Relationship": "Outer", "Index Name": "idx_lineitem_shipdate", "Startup Cost": 0.0, "Total Cost": 312045.05, "Plan Rows": 9071680, "Plan Width": 0, "Actual Startup Time": 3112.569, "Actual Total Time": 3112.569, "Actual Rows": 9109641, "Actual Loops": 1, "Index Cond": "((l_shipdate >= '1993-01-01 00:00:00'::timestamp(0) without time zone) AND (l_shipdate < '1994-01-01 00:00:00'::timestamp without time zone))"}]}]}]}]}]}]}]}]}, "Triggers": [], "Planner Runtime": 1, "Total Runtime": 31081.118, "Unique SQL Id": 202076520}}, "(1, 87)": {"explain_plan": {"Plan": {"Node Type": "Sort", "Startup Cost": 41474309.17, "Total Cost": 41474314.17, "Plan Rows": 2000, "Plan Width": 51, "Sort Key": ["supplier.s_name"], "Plans": [{"Node Type": "Nested Loop", "Parent Relationship": "Outer", "Join Type": "Inner", "Startup Cost": 41260049.96, "Total Cost": 41474199.51, "Plan Rows": 2000, "Plan Width": 51, "Inner Unique": true, "Plans": [{"Node Type": "Nested Loop", "Parent Relationship": "Outer", "Join Type": "Inner", "Startup Cost": 41260049.7, "Total Cost": 41260058.01, "Plan Rows": 50000, "Plan Width": 55, "Inner Unique": true, "Plans": [{"Node Type": "Unique", "Parent Relationship": "Outer", "Startup Cost": 41260049.44, "Total Cost": 41260049.45, "Plan Rows": 2, "Plan Width": 16, "Plans": [{"Node Type": "Sort", "Parent Relationship": "Outer", "Startup Cost": 41260049.44, "Total Cost": 41260049.45, "Plan Rows": 2, "Plan Width": 16, "Sort Key": ["partsupp.ps_suppkey"], "Plans": [{"Node Type": "Nested Loop", "Parent Relationship": "Outer", "Join Type": "Semi", "Startup Cost": 1956350.51, "Total Cost": 41260049.43, "Plan Rows": 2, "Plan Width": 16, "Inner Unique": false, "Join Filter": "(partsupp.ps_partkey = part.p_partkey)", "Plans": [{"Node Type": "Nested Loop", "Parent Relationship": "Outer", "Join Type": "Inner", "Startup Cost": 1956350.25, "Total Cost": 41259981.09, "Plan Rows": 15, "Plan Width": 32, "Inner Unique": true, "Plans": [{"Node Type": "Aggregate", "Strategy": "Hashed", "Parent Relationship": "Outer", "Startup Cost": 1956349.97, "Total Cost": 2069745.97, "Plan Rows": 9071680, "Plan Width": 24, "Group By Key": ["lineitem.l_partkey", "lineitem.l_suppkey"], "Plans": [{"Node Type": "Bitmap Heap Scan", "Parent Relationship": "Outer", "Relation Name": "lineitem", "Alias": "lineitem", "Startup Cost": 314312.97, "Total Cost": 1865633.17, "Plan Rows": 9071680, "Plan Width": 24, "Recheck Cond": "((l_shipdate >= '1993-01-01 00:00:00'::timestamp(0) without time zone) AND (l_shipdate < '1994-01-01 00:00:00'::timestamp without time zone)), (LLVM Optimized)", "Plans": [{"Node Type": "Bitmap Index Scan", "Parent Relationship": "Outer", "Index Name": "idx_lineitem_shipdate", "Startup Cost": 0.0, "Total Cost": 312045.05, "Plan Rows": 9071680, "Plan Width": 0, "Index Cond": "((l_shipdate >= '1993-01-01 00:00:00'::timestamp(0) without time zone) AND (l_shipdate < '1994-01-01 00:00:00'::timestamp without time zone))"}]}]}, {"Node Type": "Bitmap Heap Scan", "Parent Relationship": "Inner", "Relation Name": "partsupp", "Alias": "partsupp", "Startup Cost": 0.28, "Total Cost": 4.3, "Plan Rows": 1, "Plan Width": 24, "Recheck Cond": "((ps_partkey = lineitem.l_partkey) AND (ps_suppkey = lineitem.l_suppkey))", "Filter": "((ps_availqty)::double precision > (.5::double precision * (sum(lineitem.l_quantity))))", "Plans": [{"Node Type": "Bitmap Index Scan", "Parent Relationship": "Outer", "Index Name": "partsupp_pkey", "Startup Cost": 0.0, "Total Cost": 0.28, "Plan Rows": 1, "Plan Width": 0, "Index Cond": "((ps_partkey = lineitem.l_partkey) AND (ps_suppkey = lineitem.l_suppkey))"}]}]}, {"Node Type": "Bitmap Heap Scan", "Parent Relationship": "Inner", "Relation Name": "part", "Alias": "part", "Startup Cost": 0.26, "Total Cost": 4.28, "Plan Rows": 1, "Plan Width": 8, "Recheck Cond": "(p_partkey = lineitem.l_partkey)", "Filter": "((p_name)::text ~~ 'green%'::text)", "Plans": [{"Node Type": "Bitmap Index Scan", "Parent Relationship": "Outer", "Index Name": "part_kpey", "Startup Cost": 0.0, "Total Cost": 0.26, "Plan Rows": 1, "Plan Width": 0, "Index Cond": "(p_partkey = lineitem.l_partkey)"}]}]}]}]}, {"Node Type": "Bitmap Heap Scan", "Parent Relationship": "Inner", "Relation Name": "supplier", "Alias": "supplier", "Startup Cost": 0.26, "Total Cost": 4.27, "Plan Rows": 1, "Plan Width": 63, "Recheck Cond": "(s_suppkey = lineitem.l_suppkey)", "Plans": [{"Node Type": "Bitmap Index Scan", "Parent Relationship": "Outer", "Index Name": "supplier_pkey", "Startup Cost": 0.0, "Total Cost": 0.26, "Plan Rows": 1, "Plan Width": 0, "Index Cond": "(s_suppkey = lineitem.l_suppkey)"}]}]}, {"Node Type": "Bitmap Heap Scan", "Parent Relationship": "Inner", "Relation Name": "nation", "Alias": "nation", "Startup Cost": 0.26, "Total Cost": 4.27, "Plan Rows": 1, "Plan Width": 4, "Recheck Cond": "(n_nationkey = supplier.s_nationkey)", "Filter": "(n_name = 'ALGERIA'::bpchar)", "Plans": [{"Node Type": "Bitmap Index Scan", "Parent Relationship": "Outer", "Index Name": "nation_pkey", "Startup Cost": 0.0, "Total Cost": 0.26, "Plan Rows": 1, "Plan Width": 0, "Index Cond": "(n_nationkey = supplier.s_nationkey)"}]}]}]}, "Unique SQL Id": 202076520, "Planner Runtime": 1}, "explain_analyze_plan": {"Plan": {"Node Type": "Sort", "Startup Cost": 41474309.17, "Total Cost": 41474314.17, "Plan Rows": 2000, "Plan Width": 51, "Actual Startup Time": 123034.011, "Actual Total Time": 123034.172, "Actual Rows": 1746, "Actual Loops": 1, "Sort Key": ["supplier.s_name"], "Sort Method": "quicksort", "Sort Space Used": 309, "Sort Space Type": "Memory", "Plans": [{"Node Type": "Nested Loop", "Parent Relationship": "Outer", "Join Type": "Inner", "Startup Cost": 41260049.96, "Total Cost": 41474199.51, "Plan Rows": 2000, "Plan Width": 51, "Actual Startup Time": 122623.884, "Actual Total Time": 123032.253, "Actual Rows": 1746, "Actual Loops": 1, "Inner Unique": true, "Plans": [{"Node Type": "Nested Loop", "Parent Relationship": "Outer", "Join Type": "Inner", "Startup Cost": 41260049.7, "Total Cost": 41260058.01, "Plan Rows": 50000, "Plan Width": 55, "Actual Startup Time": 122623.574, "Actual Total Time": 122860.159, "Actual Rows": 44487, "Actual Loops": 1, "Inner Unique": true, "Plans": [{"Node Type": "Unique", "Parent Relationship": "Outer", "Startup Cost": 41260049.44, "Total Cost": 41260049.45, "Plan Rows": 2, "Plan Width": 16, "Actual Startup Time": 122623.524, "Actual Total Time": 122652.62, "Actual Rows": 44487, "Actual Loops": 1, "Plans": [{"Node Type": "Sort", "Parent Relationship": "Outer", "Startup Cost": 41260049.44, "Total Cost": 41260049.45, "Plan Rows": 2, "Plan Width": 16, "Actual Startup Time": 122623.52, "Actual Total Time": 122634.619, "Actual Rows": 58537, "Actual Loops": 1, "Sort Key": ["partsupp.ps_suppkey"], "Sort Method": "quicksort", "Sort Space Used": 7024, "Sort Space Type": "Memory", "Plans": [{"Node Type": "Nested Loop", "Parent Relationship": "Outer", "Join Type": "Semi", "Startup Cost": 1956350.51, "Total Cost": 41260049.43, "Plan Rows": 2, "Plan Width": 16, "Actual Startup Time": 18960.753, "Actual Total Time": 122538.632, "Actual Rows": 58537, "Actual Loops": 1, "Inner Unique": false, "Join Filter": "(partsupp.ps_partkey = part.p_partkey)", "Rows Removed by Join Filter": 0, "Plans": [{"Node Type": "Nested Loop", "Parent Relationship": "Outer", "Join Type": "Inner", "Startup Cost": 1956350.25, "Total Cost": 41259981.09, "Plan Rows": 15, "Plan Width": 32, "Actual Startup Time": 18960.35, "Actual Total Time": 76712.02, "Actual Rows": 5431247, "Actual Loops": 1, "Inner Unique": true, "Plans": [{"Node Type": "Aggregate", "Strategy": "Hashed", "Parent Relationship": "Outer", "Startup Cost": 1956349.97, "Total Cost": 2069745.97, "Plan Rows": 9071680, "Plan Width": 24, "Actual Startup Time": 18960.226, "Actual Total Time": 23912.293, "Actual Rows": 5442751, "Actual Loops": 1, "Group By Key": ["lineitem.l_partkey", "lineitem.l_suppkey"], "Plans": [{"Node Type": "Bitmap Heap Scan", "Parent Relationship": "Outer", "Relation Name": "lineitem", "Alias": "lineitem", "Startup Cost": 314312.97, "Total Cost": 1865633.17, "Plan Rows": 9071680, "Plan Width": 24, "Actual Startup Time": 4194.642, "Actual Total Time": 11458.292, "Actual Rows": 9109641, "Actual Loops": 1, "Recheck Cond": "((l_shipdate >= '1993-01-01 00:00:00'::timestamp(0) without time zone) AND (l_shipdate < '1994-01-01 00:00:00'::timestamp without time zone)), (LLVM Optimized, Jit Execute)", "Rows Removed by Index Recheck": 0, "Exact Heap Blocks": 1252335, "Lossy Heap Blocks": 1252335, "Plans": [{"Node Type": "Bitmap Index Scan", "Parent Relationship": "Outer", "Index Name": "idx_lineitem_shipdate", "Startup Cost": 0.0, "Total Cost": 312045.05, "Plan Rows": 9071680, "Plan Width": 0, "Actual Startup Time": 3470.055, "Actual Total Time": 3470.055, "Actual Rows": 9109641, "Actual Loops": 1, "Index Cond": "((l_shipdate >= '1993-01-01 00:00:00'::timestamp(0) without time zone) AND (l_shipdate < '1994-01-01 00:00:00'::timestamp without time zone))"}]}]}, {"Node Type": "Bitmap Heap Scan", "Parent Relationship": "Inner", "Relation Name": "partsupp", "Alias": "partsupp", "Startup Cost": 0.28, "Total Cost": 4.3, "Plan Rows": 1, "Plan Width": 24, "Actual Startup Time": 44899.069, "Actual Total Time": 44899.069, "Actual Rows": 5431247, "Actual Loops": 5442751, "Recheck Cond": "((ps_partkey = lineitem.l_partkey) AND (ps_suppkey = lineitem.l_suppkey))", "Rows Removed by Index Recheck": 0, "Filter": "((ps_availqty)::double precision > (.5::double precision * (sum(lineitem.l_quantity))))", "Rows Removed by Filter": 11504, "Exact Heap Blocks": 5442751, "Lossy Heap Blocks": 5442751, "Plans": [{"Node Type": "Bitmap Index Scan", "Parent Relationship": "Outer", "Index Name": "partsupp_pkey", "Startup Cost": 0.0, "Total Cost": 0.28, "Plan Rows": 1, "Plan Width": 0, "Actual Startup Time": 27584.74, "Actual Total Time": 27584.74, "Actual Rows": 5442751, "Actual Loops": 5442751, "Index Cond": "((ps_partkey = lineitem.l_partkey) AND (ps_suppkey = lineitem.l_suppkey))"}]}]}, {"Node Type": "Bitmap Heap Scan", "Parent Relationship": "Inner", "Relation Name": "part", "Alias": "part", "Startup Cost": 0.26, "Total Cost": 4.28, "Plan Rows": 1, "Plan Width": 8, "Actual Startup Time": 39579.35, "Actual Total Time": 39579.35, "Actual Rows": 58537, "Actual Loops": 5431247, "Recheck Cond": "(p_partkey = lineitem.l_partkey)", "Rows Removed by Index Recheck": 0, "Filter": "((p_name)::text ~~ 'green%'::text)", "Rows Removed by Filter": 5372710, "Exact Heap Blocks": 5431247, "Lossy Heap Blocks": 5431247, "Plans": [{"Node Type": "Bitmap Index Scan", "Parent Relationship": "Outer", "Index Name": "part_kpey", "Startup Cost": 0.0, "Total Cost": 0.26, "Plan Rows": 1, "Plan Width": 0, "Actual Startup Time": 23439.794, "Actual Total Time": 23439.794, "Actual Rows": 5431247, "Actual Loops": 5431247, "Index Cond": "(p_partkey = lineitem.l_partkey)"}]}]}]}]}, {"Node Type": "Bitmap Heap Scan", "Parent Relationship": "Inner", "Relation Name": "supplier", "Alias": "supplier", "Startup Cost": 0.26, "Total Cost": 4.27, "Plan Rows": 1, "Plan Width": 63, "Actual Startup Time": 148.575, "Actual Total Time": 148.575, "Actual Rows": 44487, "Actual Loops": 44487, "Recheck Cond": "(s_suppkey = lineitem.l_suppkey)", "Rows Removed by Index Recheck": 0, "Exact Heap Blocks": 44487, "Lossy Heap Blocks": 44487, "Plans": [{"Node Type": "Bitmap Index Scan", "Parent Relationship": "Outer", "Index Name": "supplier_pkey", "Startup Cost": 0.0, "Total Cost": 0.26, "Plan Rows": 1, "Plan Width": 0, "Actual Startup Time": 81.957, "Actual Total Time": 81.957, "Actual Rows": 44487, "Actual Loops": 44487, "Index Cond": "(s_suppkey = lineitem.l_suppkey)"}]}]}, {"Node Type": "Bitmap Heap Scan", "Parent Relationship": "Inner", "Relation Name": "nation", "Alias": "nation", "Startup Cost": 0.26, "Total Cost": 4.27, "Plan Rows": 1, "Plan Width": 4, "Actual Startup Time": 121.825, "Actual Total Time": 121.825, "Actual Rows": 1746, "Actual Loops": 44487, "Recheck Cond": "(n_nationkey = supplier.s_nationkey)", "Rows Removed by Index Recheck": 0, "Filter": "(n_name = 'ALGERIA'::bpchar)", "Rows Removed by Filter": 42741, "Exact Heap Blocks": 44487, "Lossy Heap Blocks": 44487, "Plans": [{"Node Type": "Bitmap Index Scan", "Parent Relationship": "Outer", "Index Name": "nation_pkey", "Startup Cost": 0.0, "Total Cost": 0.26, "Plan Rows": 1, "Plan Width": 0, "Actual Startup Time": 45.466, "Actual Total Time": 45.466, "Actual Rows": 44487, "Actual Loops": 44487, "Index Cond": "(n_nationkey = supplier.s_nationkey)"}]}]}]}, "Triggers": [], "Planner Runtime": 1, "Total Runtime": 123046.421, "Unique SQL Id": 202076520}}, "(1, 88)": {"explain_plan": {"Plan": {"Node Type": "Sort", "Startup Cost": 3976822.72, "Total Cost": 3976827.72, "Plan Rows": 2000, "Plan Width": 51, "Sort Key": ["supplier.s_name"], "Plans": [{"Node Type": "Nested Loop", "Parent Relationship": "Outer", "Join Type": "Inner", "Startup Cost": 3888475.64, "Total Cost": 3976713.06, "Plan Rows": 2000, "Plan Width": 51, "Inner Unique": true, "Plans": [{"Node Type": "Merge Join", "Parent Relationship": "Outer", "Join Type": "Semi", "Startup Cost": 3888475.64, "Total Cost": 3962582.06, "Plan Rows": 50000, "Plan Width": 55, "Inner Unique": false, "Merge Cond": "(supplier.s_suppkey = subquery.\"?column?\")", "Plans": [{"Node Type": "Index Scan", "Parent Relationship": "Outer", "Scan Direction": "Forward", "Index Name": "supplier_pkey", "Relation Name": "supplier", "Alias": "supplier", "Startup Cost": 0.0, "Total Cost": 5334.54, "Plan Rows": 100000, "Plan Width": 63}, {"Node Type": "Materialize", "Parent Relationship": "Inner", "Startup Cost": 3888475.64, "Total Cost": 3956997.49, "Plan Rows": 2, "Plan Width": 16, "Plans": [{"Node Type": "Merge Join", "Parent Relationship": "Outer", "Join Type": "Inner", "Startup Cost": 3888475.64, "Total Cost": 3956997.49, "Plan Rows": 2, "Plan Width": 16, "Inner Unique": true, "Merge Cond": "((partsupp.ps_suppkey = subquery.\"?column?\") AND (partsupp.ps_partkey = subquery.\"?column?\"))", "Join Filter": "((partsupp.ps_availqty)::double precision > (.5::double precision * subquery.\"?column?\"))", "Plans": [{"Node Type": "Sort", "Parent Relationship": "Outer", "Startup Cost": 230229.65, "Total Cost": 230391.03, "Plan Rows": 64552, "Plan Width": 32, "Sort Key": ["partsupp.ps_suppkey", "partsupp.ps_partkey"], "Plans": [{"Node Type": "Nested Loop", "Parent Relationship": "Outer", "Join Type": "Inner", "Startup Cost": 0.0, "Total Cost": 225072.53, "Plan Rows": 64552, "Plan Width": 32, "Inner Unique": false, "Plans": [{"Node Type": "Seq Scan", "Parent Relationship": "Outer", "Relation Name": "part", "Alias": "part", "Startup Cost": 0.0, "Total Cost": 66944.0, "Plan Rows": 22472, "Plan Width": 8, "Filter": "((p_name)::text ~~ 'green%'::text)"}, {"Node Type": "Index Scan", "Parent Relationship": "Inner", "Scan Direction": "Forward", "Index Name": "idx_partsupp_partkey", "Relation Name": "partsupp", "Alias": "partsupp", "Startup Cost": 0.0, "Total Cost": 7.01, "Plan Rows": 3, "Plan Width": 24, "Index Cond": "(ps_partkey = part.p_partkey)"}]}]}, {"Node Type": "Sort", "Parent Relationship": "Inner", "Startup Cost": 3658246.0, "Total Cost": 3680925.2, "Plan Rows": 9071680, "Plan Width": 24, "Sort Key": ["subquery.\"?column?\"", "subquery.\"?column?\""], "Plans": [{"Node Type": "Subquery Scan", "Parent Relationship": "Outer", "Alias": "subquery", "Startup Cost": 2405767.29, "Total Cost": 2609880.09, "Plan Rows": 9071680, "Plan Width": 24, "Plans": [{"Node Type": "Aggregate", "Strategy": "Hashed", "Parent Relationship": "Subquery", "Startup Cost": 2405767.29, "Total Cost": 2519163.29, "Plan Rows": 9071680, "Plan Width": 24, "Group By Key": ["lineitem.l_partkey", "lineitem.l_suppkey"], "Plans": [{"Node Type": "Seq Scan", "Parent Relationship": "Outer", "Relation Name": "lineitem", "Alias": "lineitem", "Startup Cost": 119.67, "Total Cost": 2315050.5, "Plan Rows": 9071680, "Plan Width": 24, "Filter": "((l_shipdate >= '1993-01-01 00:00:00'::timestamp(0) without time zone) AND (l_shipdate < '1994-01-01 00:00:00'::timestamp without time zone)), (LLVM Optimized)"}]}]}]}]}]}]}, {"Node Type": "Index Scan", "Parent Relationship": "Inner", "Scan Direction": "Forward", "Index Name": "nation_pkey", "Relation Name": "nation", "Alias": "nation", "Startup Cost": 0.0, "Total Cost": 0.27, "Plan Rows": 1, "Plan Width": 4, "Index Cond": "(n_nationkey = supplier.s_nationkey)", "Filter": "(n_name = 'ALGERIA'::bpchar)"}]}]}, "Unique SQL Id": 202076520, "Planner Runtime": 2}, "explain_analyze_plan": {"Plan": {"Node Type": "Sort", "Startup Cost": 3976822.72, "Total Cost": 3976827.72, "Plan Rows": 2000, "Plan Width": 51, "Actual Startup Time": 42297.076, "Actual Total Time": 42297.233, "Actual Rows": 1746, "Actual Loops": 1, "Sort Key": ["supplier.s_name"], "Sort Method": "quicksort", "Sort Space Used": 309, "Sort Space Type": "Memory", "Plans": [{"Node Type": "Nested Loop", "Parent Relationship": "Outer", "Join Type": "Inner", "Startup Cost": 3888475.64, "Total Cost": 3976713.06, "Plan Rows": 2000, "Plan Width": 51, "Actual Startup Time": 40191.121, "Actual Total Time": 42294.443, "Actual Rows": 1746, "Actual Loops": 1, "Inner Unique": true, "Plans": [{"Node Type": "Merge Join", "Parent Relationship": "Outer", "Join Type": "Semi", "Startup Cost": 3888475.64, "Total Cost": 3962582.06, "Plan Rows": 50000, "Plan Width": 55, "Actual Startup Time": 40190.444, "Actual Total Time": 42175.408, "Actual Rows": 44487, "Actual Loops": 1, "Inner Unique": false, "Merge Cond": "(supplier.s_suppkey = subquery.\"?column?\")", "Plans": [{"Node Type": "Index Scan", "Parent Relationship": "Outer", "Scan Direction": "Forward", "Index Name": "supplier_pkey", "Relation Name": "supplier", "Alias": "supplier", "Startup Cost": 0.0, "Total Cost": 5334.54, "Plan Rows": 100000, "Plan Width": 63, "Actual Startup Time": 0.029, "Actual Total Time": 59.042, "Actual Rows": 100000, "Actual Loops": 1}, {"Node Type": "Materialize", "Parent Relationship": "Inner", "Startup Cost": 3888475.64, "Total Cost": 3956997.49, "Plan Rows": 2, "Plan Width": 16, "Actual Startup Time": 40190.381, "Actual Total Time": 42071.418, "Actual Rows": 58537, "Actual Loops": 1, "Plans": [{"Node Type": "Merge Join", "Parent Relationship": "Outer", "Join Type": "Inner", "Startup Cost": 3888475.64, "Total Cost": 3956997.49, "Plan Rows": 2, "Plan Width": 16, "Actual Startup Time": 40190.378, "Actual Total Time": 42062.347, "Actual Rows": 58537, "Actual Loops": 1, "Inner Unique": true, "Merge Cond": "((partsupp.ps_suppkey = subquery.\"?column?\") AND (partsupp.ps_partkey = subquery.\"?column?\"))", "Join Filter": "((partsupp.ps_availqty)::double precision > (.5::double precision * subquery.\"?column?\"))", "Rows Removed by Join Filter": 0, "Plans": [{"Node Type": "Sort", "Parent Relationship": "Outer", "Startup Cost": 230229.65, "Total Cost": 230391.03, "Plan Rows": 64552, "Plan Width": 32, "Actual Startup Time": 991.72, "Actual Total Time": 1009.22, "Actual Rows": 86224, "Actual Loops": 1, "Sort Key": ["partsupp.ps_suppkey", "partsupp.ps_partkey"], "Sort Method": "quicksort", "Sort Space Used": 11156, "Sort Space Type": "Memory", "Plans": [{"Node Type": "Nested Loop", "Parent Relationship": "Outer", "Join Type": "Inner", "Startup Cost": 0.0, "Total Cost": 225072.53, "Plan Rows": 64552, "Plan Width": 32, "Actual Startup Time": 0.042, "Actual Total Time": 944.454, "Actual Rows": 86224, "Actual Loops": 1, "Inner Unique": false, "Plans": [{"Node Type": "Seq Scan", "Parent Relationship": "Outer", "Relation Name": "part", "Alias": "part", "Startup Cost": 0.0, "Total Cost": 66944.0, "Plan Rows": 22472, "Plan Width": 8, "Actual Startup Time": 0.029, "Actual Total Time": 758.311, "Actual Rows": 21556, "Actual Loops": 1, "Filter": "((p_name)::text ~~ 'green%'::text)", "Rows Removed by Filter": 1978444}, {"Node Type": "Index Scan", "Parent Relationship": "Inner", "Scan Direction": "Forward", "Index Name": "idx_partsupp_partkey", "Relation Name": "partsupp", "Alias": "partsupp", "Startup Cost": 0.0, "Total Cost": 7.01, "Plan Rows": 3, "Plan Width": 24, "Actual Startup Time": 116.516, "Actual Total Time": 155.818, "Actual Rows": 86224, "Actual Loops": 21556, "Index Cond": "(ps_partkey = part.p_partkey)", "Rows Removed by Index Recheck": 0}]}]}, {"Node Type": "Sort", "Parent Relationship": "Inner", "Startup Cost": 3658246.0, "Total Cost": 3680925.2, "Plan Rows": 9071680, "Plan Width": 24, "Actual Startup Time": 39198.421, "Actual Total Time": 40227.74, "Actual Rows": 5442737, "Actual Loops": 1, "Sort Key": ["subquery.\"?column?\"", "subquery.\"?column?\""], "Sort Method": "quicksort", "Sort Space Used": 706866, "Sort Space Type": "Memory", "Plans": [{"Node Type": "Subquery Scan", "Parent Relationship": "Outer", "Alias": "subquery", "Startup Cost": 2405767.29, "Total Cost": 2609880.09, "Plan Rows": 9071680, "Plan Width": 24, "Actual Startup Time": 30776.801, "Actual Total Time": 34565.274, "Actual Rows": 5442751, "Actual Loops": 1, "Plans": [{"Node Type": "Aggregate", "Strategy": "Hashed", "Parent Relationship": "Subquery", "Startup Cost": 2405767.29, "Total Cost": 2519163.29, "Plan Rows": 9071680, "Plan Width": 24, "Actual Startup Time": 30776.738, "Actual Total Time": 33557.043, "Actual Rows": 5442751, "Actual Loops": 1, "Group By Key": ["lineitem.l_partkey", "lineitem.l_suppkey"], "Plans": [{"Node Type": "Seq Scan", "Parent Relationship": "Outer", "Relation Name": "lineitem", "Alias": "lineitem", "Startup Cost": 119.67, "Total Cost": 2315050.5, "Plan Rows": 9071680, "Plan Width": 24, "Actual Startup Time": 0.064, "Actual Total Time": 23078.203, "Actual Rows": 9109641, "Actual Loops": 1, "Filter": "((l_shipdate >= '1993-01-01 00:00:00'::timestamp(0) without time zone) AND (l_shipdate < '1994-01-01 00:00:00'::timestamp without time zone)), (LLVM Optimized, Jit Execute)", "Rows Removed by Filter": 50876411}]}]}]}]}]}]}, {"Node Type": "Index Scan", "Parent Relationship": "Inner", "Scan Direction": "Forward", "Index Name": "nation_pkey", "Relation Name": "nation", "Alias": "nation", "Startup Cost": 0.0, "Total Cost": 0.27, "Plan Rows": 1, "Plan Width": 4, "Actual Startup Time": 94.158, "Actual Total Time": 94.158, "Actual Rows": 1746, "Actual Loops": 44487, "Index Cond": "(n_nationkey = supplier.s_nationkey)", "Rows Removed by Index Recheck": 0, "Filter": "(n_name = 'ALGERIA'::bpchar)", "Rows Removed by Filter": 42741}]}]}, "Triggers": [], "Planner Runtime": 2, "Total Runtime": 42306.768, "Unique SQL Id": 202076520}}, "(1, 89)": {"explain_plan": {"Plan": {"Node Type": "Sort", "Startup Cost": 7727524.68, "Total Cost": 7727529.68, "Plan Rows": 2000, "Plan Width": 51, "Sort Key": ["supplier.s_name"], "Plans": [{"Node Type": "Merge Join", "Parent Relationship": "Outer", "Join Type": "Inner", "Startup Cost": 7727132.33, "Total Cost": 7727415.02, "Plan Rows": 2000, "Plan Width": 51, "Inner Unique": false, "Merge Cond": "(nation.n_nationkey = supplier.s_nationkey)", "Plans": [{"Node Type": "Index Scan", "Parent Relationship": "Outer", "Scan Direction": "Forward", "Index Name": "nation_pkey", "Relation Name": "nation", "Alias": "nation", "Startup Cost": 0.0, "Total Cost": 12.69, "Plan Rows": 1, "Plan Width": 4, "Filter": "(n_name = 'ALGERIA'::bpchar)"}, {"Node Type": "Sort", "Parent Relationship": "Inner", "Startup Cost": 7727132.33, "Total Cost": 7727257.33, "Plan Rows": 50000, "Plan Width": 55, "Sort Key": ["supplier.s_nationkey"], "Plans": [{"Node Type": "Nested Loop", "Parent Relationship": "Outer", "Join Type": "Inner", "Startup Cost": 7723229.35, "Total Cost": 7723229.92, "Plan Rows": 50000, "Plan Width": 55, "Inner Unique": true, "Plans": [{"Node Type": "Unique", "Parent Relationship": "Outer", "Startup Cost": 7723229.35, "Total Cost": 7723229.36, "Plan Rows": 2, "Plan Width": 16, "Plans": [{"Node Type": "Sort", "Parent Relationship": "Outer", "Startup Cost": 7723229.35, "Total Cost": 7723229.35, "Plan Rows": 2, "Plan Width": 16, "Sort Key": ["partsupp.ps_suppkey"], "Plans": [{"Node Type": "Merge Join", "Parent Relationship": "Outer", "Join Type": "Inner", "Startup Cost": 7406937.34, "Total Cost": 7723229.34, "Plan Rows": 2, "Plan Width": 16, "Inner Unique": true, "Merge Cond": "(partsupp.ps_partkey = subquery.\"?column?\")", "Join Filter": "((partsupp.ps_suppkey = subquery.\"?column?\") AND ((partsupp.ps_availqty)::double precision > (.5::double precision * subquery.\"?column?\")))", "Plans": [{"Node Type": "Nested Loop", "Parent Relationship": "Outer", "Join Type": "Inner", "Startup Cost": 0.0, "Total Cost": 263931.78, "Plan Rows": 64552, "Plan Width": 32, "Inner Unique": false, "Plans": [{"Node Type": "Index Scan", "Parent Relationship": "Outer", "Scan Direction": "Forward", "Index Name": "part_kpey", "Relation Name": "part", "Alias": "part", "Startup Cost": 0.0, "Total Cost": 105803.25, "Plan Rows": 22472, "Plan Width": 8, "Filter": "((p_name)::text ~~ 'green%'::text)"}, {"Node Type": "Index Scan", "Parent Relationship": "Inner", "Scan Direction": "Forward", "Index Name": "idx_partsupp_partkey", "Relation Name": "partsupp", "Alias": "partsupp", "Startup Cost": 0.0, "Total Cost": 7.01, "Plan Rows": 3, "Plan Width": 24, "Index Cond": "(ps_partkey = part.p_partkey)"}]}, {"Node Type": "Sort", "Parent Relationship": "Inner", "Startup Cost": 7406937.34, "Total Cost": 7429616.54, "Plan Rows": 9071680, "Plan Width": 24, "Sort Key": ["subquery.\"?column?\""], "Plans": [{"Node Type": "Subquery Scan", "Parent Relationship": "Outer", "Alias": "subquery", "Startup Cost": 6154458.63, "Total Cost": 6358571.43, "Plan Rows": 9071680, "Plan Width": 24, "Plans": [{"Node Type": "Aggregate", "Strategy": "Hashed", "Parent Relationship": "Subquery", "Startup Cost": 6154458.63, "Total Cost": 6267854.63, "Plan Rows": 9071680, "Plan Width": 24, "Group By Key": ["lineitem.l_partkey", "lineitem.l_suppkey"], "Plans": [{"Node Type": "Index Scan", "Parent Relationship": "Outer", "Scan Direction": "Forward", "Index Name": "idx_lineitem_shipdate", "Relation Name": "lineitem", "Alias": "lineitem", "Startup Cost": 0.0, "Total Cost": 6063741.83, "Plan Rows": 9071680, "Plan Width": 24, "Index Cond": "((l_shipdate >= '1993-01-01 00:00:00'::timestamp(0) without time zone) AND (l_shipdate < '1994-01-01 00:00:00'::timestamp without time zone)), (LLVM Optimized)"}]}]}]}]}]}]}, {"Node Type": "Index Scan", "Parent Relationship": "Inner", "Scan Direction": "Forward", "Index Name": "supplier_pkey", "Relation Name": "supplier", "Alias": "supplier", "Startup Cost": 0.0, "Total Cost": 0.27, "Plan Rows": 1, "Plan Width": 63, "Index Cond": "(s_suppkey = subquery.\"?column?\")"}]}]}]}]}, "Unique SQL Id": 202076520, "Planner Runtime": 2}, "explain_analyze_plan": {"Plan": {"Node Type": "Sort", "Startup Cost": 7727524.68, "Total Cost": 7727529.68, "Plan Rows": 2000, "Plan Width": 51, "Actual Startup Time": 42691.306, "Actual Total Time": 42691.453, "Actual Rows": 1746, "Actual Loops": 1, "Sort Key": ["supplier.s_name"], "Sort Method": "quicksort", "Sort Space Used": 309, "Sort Space Type": "Memory", "Plans": [{"Node Type": "Merge Join", "Parent Relationship": "Outer", "Join Type": "Inner", "Startup Cost": 7727132.33, "Total Cost": 7727415.02, "Plan Rows": 2000, "Plan Width": 51, "Actual Startup Time": 42682.633, "Actual Total Time": 42683.494, "Actual Rows": 1746, "Actual Loops": 1, "Inner Unique": false, "Merge Cond": "(nation.n_nationkey = supplier.s_nationkey)", "Plans": [{"Node Type": "Index Scan", "Parent Relationship": "Outer", "Scan Direction": "Forward", "Index Name": "nation_pkey", "Relation Name": "nation", "Alias": "nation", "Startup Cost": 0.0, "Total Cost": 12.69, "Plan Rows": 1, "Plan Width": 4, "Actual Startup Time": 0.022, "Actual Total Time": 0.05, "Actual Rows": 1, "Actual Loops": 1, "Filter": "(n_name = 'ALGERIA'::bpchar)", "Rows Removed by Filter": 24}, {"Node Type": "Sort", "Parent Relationship": "Inner", "Startup Cost": 7727132.33, "Total Cost": 7727257.33, "Plan Rows": 50000, "Plan Width": 55, "Actual Startup Time": 42682.6, "Actual Total Time": 42682.86, "Actual Rows": 1747, "Actual Loops": 1, "Sort Key": ["supplier.s_nationkey"], "Sort Method": "quicksort", "Sort Space Used": 8488, "Sort Space Type": "Memory", "Plans": [{"Node Type": "Nested Loop", "Parent Relationship": "Outer", "Join Type": "Inner", "Startup Cost": 7723229.35, "Total Cost": 7723229.92, "Plan Rows": 50000, "Plan Width": 55, "Actual Startup Time": 42498.588, "Actual Total Time": 42662.634, "Actual Rows": 44487, "Actual Loops": 1, "Inner Unique": true, "Plans": [{"Node Type": "Unique", "Parent Relationship": "Outer", "Startup Cost": 7723229.35, "Total Cost": 7723229.36, "Plan Rows": 2, "Plan Width": 16, "Actual Startup Time": 42498.555, "Actual Total Time": 42524.805, "Actual Rows": 44487, "Actual Loops": 1, "Plans": [{"Node Type": "Sort", "Parent Relationship": "Outer", "Startup Cost": 7723229.35, "Total Cost": 7723229.35, "Plan Rows": 2, "Plan Width": 16, "Actual Startup Time": 42498.552, "Actual Total Time": 42508.942, "Actual Rows": 58537, "Actual Loops": 1, "Sort Key": ["partsupp.ps_suppkey"], "Sort Method": "quicksort", "Sort Space Used": 7024, "Sort Space Type": "Memory", "Plans": [{"Node Type": "Merge Join", "Parent Relationship": "Outer", "Join Type": "Inner", "Startup Cost": 7406937.34, "Total Cost": 7723229.34, "Plan Rows": 2, "Plan Width": 16, "Actual Startup Time": 38648.343, "Actual Total Time": 42471.449, "Actual Rows": 58537, "Actual Loops": 1, "Inner Unique": true, "Merge Cond": "(partsupp.ps_partkey = subquery.\"?column?\")", "Join Filter": "((partsupp.ps_suppkey = subquery.\"?column?\") AND ((partsupp.ps_availqty)::double precision > (.5::double precision * subquery.\"?column?\")))", "Rows Removed by Join Filter": 0, "Plans": [{"Node Type": "Nested Loop", "Parent Relationship": "Outer", "Join Type": "Inner", "Startup Cost": 0.0, "Total Cost": 263931.78, "Plan Rows": 64552, "Plan Width": 32, "Actual Startup Time": 0.055, "Actual Total Time": 1485.509, "Actual Rows": 86224, "Actual Loops": 1, "Inner Unique": false, "Plans": [{"Node Type": "Index Scan", "Parent Relationship": "Outer", "Scan Direction": "Forward", "Index Name": "part_kpey", "Relation Name": "part", "Alias": "part", "Startup Cost": 0.0, "Total Cost": 105803.25, "Plan Rows": 22472, "Plan Width": 8, "Actual Startup Time": 0.042, "Actual Total Time": 1271.571, "Actual Rows": 21556, "Actual Loops": 1, "Filter": "((p_name)::text ~~ 'green%'::text)", "Rows Removed by Filter": 1978444}, {"Node Type": "Index Scan", "Parent Relationship": "Inner", "Scan Direction": "Forward", "Index Name": "idx_partsupp_partkey", "Relation Name": "partsupp", "Alias": "partsupp", "Startup Cost": 0.0, "Total Cost": 7.01, "Plan Rows": 3, "Plan Width": 24, "Actual Startup Time": 131.72, "Actual Total Time": 180.535, "Actual Rows": 86224, "Actual Loops": 21556, "Index Cond": "(ps_partkey = part.p_partkey)", "Rows Removed by Index Recheck": 0}]}, {"Node Type": "Sort", "Parent Relationship": "Inner", "Startup Cost": 7406937.34, "Total Cost": 7429616.54, "Plan Rows": 9071680, "Plan Width": 24, "Actual Startup Time": 38648.155, "Actual Total Time": 40195.961, "Actual Rows": 5530011, "Actual Loops": 1, "Sort Key": ["subquery.\"?column?\""], "Sort Method": "quicksort", "Sort Space Used": 706866, "Sort Space Type": "Memory", "Plans": [{"Node Type": "Subquery Scan", "Parent Relationship": "Outer", "Alias": "subquery", "Startup Cost": 6154458.63, "Total Cost": 6358571.43, "Plan Rows": 9071680, "Plan Width": 24, "Actual Startup Time": 31826.114, "Actual Total Time": 36401.115, "Actual Rows": 5442751, "Actual Loops": 1, "Plans": [{"Node Type": "Aggregate", "Strategy": "Hashed", "Parent Relationship": "Subquery", "Startup Cost": 6154458.63, "Total Cost": 6267854.63, "Plan Rows": 9071680, "Plan Width": 24, "Actual Startup Time": 31826.103, "Actual Total Time": 35392.24, "Actual Rows": 5442751, "Actual Loops": 1, "Group By Key": ["lineitem.l_partkey", "lineitem.l_suppkey"], "Plans": [{"Node Type": "Index Scan", "Parent Relationship": "Outer", "Scan Direction": "Forward", "Index Name": "idx_lineitem_shipdate", "Relation Name": "lineitem", "Alias": "lineitem", "Startup Cost": 0.0, "Total Cost": 6063741.83, "Plan Rows": 9071680, "Plan Width": 24, "Actual Startup Time": 0.076, "Actual Total Time": 23293.409, "Actual Rows": 9109641, "Actual Loops": 1, "Index Cond": "((l_shipdate >= '1993-01-01 00:00:00'::timestamp(0) without time zone) AND (l_shipdate < '1994-01-01 00:00:00'::timestamp without time zone)), (LLVM Optimized, Jit Execute)", "Rows Removed by Index Recheck": 0}]}]}]}]}]}]}, {"Node Type": "Index Scan", "Parent Relationship": "Inner", "Scan Direction": "Forward", "Index Name": "supplier_pkey", "Relation Name": "supplier", "Alias": "supplier", "Startup Cost": 0.0, "Total Cost": 0.27, "Plan Rows": 1, "Plan Width": 63, "Actual Startup Time": 104.321, "Actual Total Time": 104.321, "Actual Rows": 44487, "Actual Loops": 44487, "Index Cond": "(s_suppkey = subquery.\"?column?\")", "Rows Removed by Index Recheck": 0}]}]}]}]}, "Triggers": [], "Planner Runtime": 2, "Total Runtime": 42701.045, "Unique SQL Id": 202076520}}, "(1, 90)": {"explain_plan": {"Plan": {"Node Type": "Sort", "Startup Cost": 5041049.96, "Total Cost": 5041054.96, "Plan Rows": 2000, "Plan Width": 51, "Sort Key": ["supplier.s_name"], "Plans": [{"Node Type": "Merge Join", "Parent Relationship": "Outer", "Join Type": "Semi", "Startup Cost": 4972398.43, "Total Cost": 5040940.3, "Plan Rows": 2000, "Plan Width": 51, "Inner Unique": false, "Merge Cond": "(supplier.s_suppkey = subquery.\"?column?\")", "Plans": [{"Node Type": "Sort", "Parent Relationship": "Outer", "Startup Cost": 12368.47, "Total Cost": 12378.47, "Plan Rows": 4000, "Plan Width": 59, "Sort Key": ["supplier.s_suppkey"], "Plans": [{"Node Type": "Merge Join", "Parent Relationship": "Outer", "Join Type": "Inner", "Startup Cost": 11589.14, "Total Cost": 12129.15, "Plan Rows": 4000, "Plan Width": 59, "Inner Unique": false, "Merge Cond": "(nation.n_nationkey = supplier.s_nationkey)", "Plans": [{"Node Type": "Sort", "Parent Relationship": "Outer", "Startup Cost": 1.32, "Total Cost": 1.33, "Plan Rows": 1, "Plan Width": 4, "Sort Key": ["nation.n_nationkey"], "Plans": [{"Node Type": "Seq Scan", "Parent Relationship": "Outer", "Relation Name": "nation", "Alias": "nation", "Startup Cost": 0.0, "Total Cost": 1.31, "Plan Rows": 1, "Plan Width": 4, "Filter": "(n_name = 'ALGERIA'::bpchar)"}]}, {"Node Type": "Sort", "Parent Relationship": "Inner", "Startup Cost": 11587.82, "Total Cost": 11837.82, "Plan Rows": 100000, "Plan Width": 63, "Sort Key": ["supplier.s_nationkey"], "Plans": [{"Node Type": "Seq Scan", "Parent Relationship": "Outer", "Relation Name": "supplier", "Alias": "supplier", "Startup Cost": 0.0, "Total Cost": 3283.0, "Plan Rows": 100000, "Plan Width": 63}]}]}]}, {"Node Type": "Materialize", "Parent Relationship": "Inner", "Startup Cost": 4960029.96, "Total Cost": 5028551.81, "Plan Rows": 2, "Plan Width": 16, "Plans": [{"Node Type": "Merge Join", "Parent Relationship": "Outer", "Join Type": "Inner", "Startup Cost": 4960029.96, "Total Cost": 5028551.8, "Plan Rows": 2, "Plan Width": 16, "Inner Unique": true, "Merge Cond": "((partsupp.ps_suppkey = subquery.\"?column?\") AND (partsupp.ps_partkey = subquery.\"?column?\"))", "Join Filter": "((partsupp.ps_availqty)::double precision > (.5::double precision * subquery.\"?column?\"))", "Plans": [{"Node Type": "Sort", "Parent Relationship": "Outer", "Startup Cost": 1301783.96, "Total Cost": 1301945.34, "Plan Rows": 64552, "Plan Width": 32, "Sort Key": ["partsupp.ps_suppkey", "partsupp.ps_partkey"], "Plans": [{"Node Type": "Merge Join", "Parent Relationship": "Outer", "Join Type": "Inner", "Startup Cost": 1255864.76, "Total Cost": 1296626.85, "Plan Rows": 64552, "Plan Width": 32, "Inner Unique": false, "Merge Cond": "(part.p_partkey = partsupp.ps_partkey)", "Plans": [{"Node Type": "Sort", "Parent Relationship": "Outer", "Startup Cost": 68568.26, "Total Cost": 68624.44, "Plan Rows": 22472, "Plan Width": 8, "Sort Key": ["part.p_partkey"], "Plans": [{"Node Type": "Seq Scan", "Parent Relationship": "Outer", "Relation Name": "part", "Alias": "part", "Startup Cost": 0.0, "Total Cost": 66944.0, "Plan Rows": 22472, "Plan Width": 8, "Filter": "((p_name)::text ~~ 'green%'::text)"}]}, {"Node Type": "Sort", "Parent Relationship": "Inner", "Startup Cost": 1187295.8, "Total Cost": 1207296.73, "Plan Rows": 8000372, "Plan Width": 24, "Sort Key": ["partsupp.ps_partkey"], "Plans": [{"Node Type": "Seq Scan", "Parent Relationship": "Outer", "Relation Name": "partsupp", "Alias": "partsupp", "Startup Cost": 0.0, "Total Cost": 269987.72, "Plan Rows": 8000372, "Plan Width": 24}]}]}]}, {"Node Type": "Sort", "Parent Relationship": "Inner", "Startup Cost": 3658246.0, "Total Cost": 3680925.2, "Plan Rows": 9071680, "Plan Width": 24, "Sort Key": ["subquery.\"?column?\"", "subquery.\"?column?\""], "Plans": [{"Node Type": "Subquery Scan", "Parent Relationship": "Outer", "Alias": "subquery", "Startup Cost": 2405767.29, "Total Cost": 2609880.09, "Plan Rows": 9071680, "Plan Width": 24, "Plans": [{"Node Type": "Aggregate", "Strategy": "Hashed", "Parent Relationship": "Subquery", "Startup Cost": 2405767.29, "Total Cost": 2519163.29, "Plan Rows": 9071680, "Plan Width": 24, "Group By Key": ["lineitem.l_partkey", "lineitem.l_suppkey"], "Plans": [{"Node Type": "Seq Scan", "Parent Relationship": "Outer", "Relation Name": "lineitem", "Alias": "lineitem", "Startup Cost": 119.67, "Total Cost": 2315050.5, "Plan Rows": 9071680, "Plan Width": 24, "Filter": "((l_shipdate >= '1993-01-01 00:00:00'::timestamp(0) without time zone) AND (l_shipdate < '1994-01-01 00:00:00'::timestamp without time zone)), (LLVM Optimized)"}]}]}]}]}]}]}]}, "Unique SQL Id": 202076520, "Planner Runtime": 2}, "explain_analyze_plan": {"Plan": {"Node Type": "Sort", "Startup Cost": 5041049.96, "Total Cost": 5041054.96, "Plan Rows": 2000, "Plan Width": 51, "Actual Startup Time": 51075.925, "Actual Total Time": 51076.095, "Actual Rows": 1746, "Actual Loops": 1, "Sort Key": ["supplier.s_name"], "Sort Method": "quicksort", "Sort Space Used": 309, "Sort Space Type": "Memory", "Plans": [{"Node Type": "Merge Join", "Parent Relationship": "Outer", "Join Type": "Semi", "Startup Cost": 4972398.43, "Total Cost": 5040940.3, "Plan Rows": 2000, "Plan Width": 51, "Actual Startup Time": 49068.827, "Actual Total Time": 51073.958, "Actual Rows": 1746, "Actual Loops": 1, "Inner Unique": false, "Merge Cond": "(supplier.s_suppkey = subquery.\"?column?\")", "Plans": [{"Node Type": "Sort", "Parent Relationship": "Outer", "Startup Cost": 12368.47, "Total Cost": 12378.47, "Plan Rows": 4000, "Plan Width": 59, "Actual Startup Time": 71.896, "Actual Total Time": 72.735, "Actual Rows": 3934, "Actual Loops": 1, "Sort Key": ["supplier.s_suppkey"], "Sort Method": "quicksort", "Sort Space Used": 711, "Sort Space Type": "Memory", "Plans": [{"Node Type": "Merge Join", "Parent Relationship": "Outer", "Join Type": "Inner", "Startup Cost": 11589.14, "Total Cost": 12129.15, "Plan Rows": 4000, "Plan Width": 59, "Actual Startup Time": 68.448, "Actual Total Time": 70.258, "Actual Rows": 3934, "Actual Loops": 1, "Inner Unique": false, "Merge Cond": "(nation.n_nationkey = supplier.s_nationkey)", "Plans": [{"Node Type": "Sort", "Parent Relationship": "Outer", "Startup Cost": 1.32, "Total Cost": 1.33, "Plan Rows": 1, "Plan Width": 4, "Actual Startup Time": 0.042, "Actual Total Time": 0.043, "Actual Rows": 1, "Actual Loops": 1, "Sort Key": ["nation.n_nationkey"], "Sort Method": "quicksort", "Sort Space Used": 25, "Sort Space Type": "Memory", "Plans": [{"Node Type": "Seq Scan", "Parent Relationship": "Outer", "Relation Name": "nation", "Alias": "nation", "Startup Cost": 0.0, "Total Cost": 1.31, "Plan Rows": 1, "Plan Width": 4, "Actual Startup Time": 0.026, "Actual Total Time": 0.035, "Actual Rows": 1, "Actual Loops": 1, "Filter": "(n_name = 'ALGERIA'::bpchar)", "Rows Removed by Filter": 24}]}, {"Node Type": "Sort", "Parent Relationship": "Inner", "Startup Cost": 11587.82, "Total Cost": 11837.82, "Plan Rows": 100000, "Plan Width": 63, "Actual Startup Time": 68.395, "Actual Total Time": 68.983, "Actual Rows": 3935, "Actual Loops": 1, "Sort Key": ["supplier.s_nationkey"], "Sort Method": "quicksort", "Sort Space Used": 18698, "Sort Space Type": "Memory", "Plans": [{"Node Type": "Seq Scan", "Parent Relationship": "Outer", "Relation Name": "supplier", "Alias": "supplier", "Startup Cost": 0.0, "Total Cost": 3283.0, "Plan Rows": 100000, "Plan Width": 63, "Actual Startup Time": 0.02, "Actual Total Time": 35.258, "Actual Rows": 100000, "Actual Loops": 1}]}]}]}, {"Node Type": "Materialize", "Parent Relationship": "Inner", "Startup Cost": 4960029.96, "Total Cost": 5028551.81, "Plan Rows": 2, "Plan Width": 16, "Actual Startup Time": 48996.324, "Actual Total Time": 50987.235, "Actual Rows": 58530, "Actual Loops": 1, "Plans": [{"Node Type": "Merge Join", "Parent Relationship": "Outer", "Join Type": "Inner", "Startup Cost": 4960029.96, "Total Cost": 5028551.8, "Plan Rows": 2, "Plan Width": 16, "Actual Startup Time": 48996.322, "Actual Total Time": 50978.886, "Actual Rows": 58530, "Actual Loops": 1, "Inner Unique": true, "Merge Cond": "((partsupp.ps_suppkey = subquery.\"?column?\") AND (partsupp.ps_partkey = subquery.\"?column?\"))", "Join Filter": "((partsupp.ps_availqty)::double precision > (.5::double precision * subquery.\"?column?\"))", "Rows Removed by Join Filter": 0, "Plans": [{"Node Type": "Sort", "Parent Relationship": "Outer", "Startup Cost": 1301783.96, "Total Cost": 1301945.34, "Plan Rows": 64552, "Plan Width": 32, "Actual Startup Time": 8782.492, "Actual Total Time": 8799.726, "Actual Rows": 86215, "Actual Loops": 1, "Sort Key": ["partsupp.ps_suppkey", "partsupp.ps_partkey"], "Sort Method": "quicksort", "Sort Space Used": 11156, "Sort Space Type": "Memory", "Plans": [{"Node Type": "Merge Join", "Parent Relationship": "Outer", "Join Type": "Inner", "Startup Cost": 1255864.76, "Total Cost": 1296626.85, "Plan Rows": 64552, "Plan Width": 32, "Actual Startup Time": 6365.606, "Actual Total Time": 8733.672, "Actual Rows": 86224, "Actual Loops": 1, "Inner Unique": false, "Merge Cond": "(part.p_partkey = partsupp.ps_partkey)", "Plans": [{"Node Type": "Sort", "Parent Relationship": "Outer", "Startup Cost": 68568.26, "Total Cost": 68624.44, "Plan Rows": 22472, "Plan Width": 8, "Actual Startup Time": 760.162, "Actual Total Time": 762.148, "Actual Rows": 21556, "Actual Loops": 1, "Sort Key": ["part.p_partkey"], "Sort Method": "quicksort", "Sort Space Used": 2116, "Sort Space Type": "Memory", "Plans": [{"Node Type": "Seq Scan", "Parent Relationship": "Outer", "Relation Name": "part", "Alias": "part", "Startup Cost": 0.0, "Total Cost": 66944.0, "Plan Rows": 22472, "Plan Width": 8, "Actual Startup Time": 0.048, "Actual Total Time": 753.235, "Actual Rows": 21556, "Actual Loops": 1, "Filter": "((p_name)::text ~~ 'green%'::text)", "Rows Removed by Filter": 1978444}]}, {"Node Type": "Sort", "Parent Relationship": "Inner", "Startup Cost": 1187295.8, "Total Cost": 1207296.73, "Plan Rows": 8000372, "Plan Width": 24, "Actual Startup Time": 5605.382, "Actual Total Time": 6791.683, "Actual Rows": 7999953, "Actual Loops": 1, "Sort Key": ["partsupp.ps_partkey"], "Sort Method": "quicksort", "Sort Space Used": 946609, "Sort Space Type": "Memory", "Plans": [{"Node Type": "Seq Scan", "Parent Relationship": "Outer", "Relation Name": "partsupp", "Alias": "partsupp", "Startup Cost": 0.0, "Total Cost": 269987.72, "Plan Rows": 8000372, "Plan Width": 24, "Actual Startup Time": 0.051, "Actual Total Time": 2814.291, "Actual Rows": 8000000, "Actual Loops": 1}]}]}]}, {"Node Type": "Sort", "Parent Relationship": "Inner", "Startup Cost": 3658246.0, "Total Cost": 3680925.2, "Plan Rows": 9071680, "Plan Width": 24, "Actual Startup Time": 40213.628, "Actual Total Time": 41360.84, "Actual Rows": 5442190, "Actual Loops": 1, "Sort Key": ["subquery.\"?column?\"", "subquery.\"?column?\""], "Sort Method": "quicksort", "Sort Space Used": 706866, "Sort Space Type": "Memory", "Plans": [{"Node Type": "Subquery Scan", "Parent Relationship": "Outer", "Alias": "subquery", "Startup Cost": 2405767.29, "Total Cost": 2609880.09, "Plan Rows": 9071680, "Plan Width": 24, "Actual Startup Time": 31150.491, "Actual Total Time": 35445.339, "Actual Rows": 5442751, "Actual Loops": 1, "Plans": [{"Node Type": "Aggregate", "Strategy": "Hashed", "Parent Relationship": "Subquery", "Startup Cost": 2405767.29, "Total Cost": 2519163.29, "Plan Rows": 9071680, "Plan Width": 24, "Actual Startup Time": 31150.483, "Actual Total Time": 34427.265, "Actual Rows": 5442751, "Actual Loops": 1, "Group By Key": ["lineitem.l_partkey", "lineitem.l_suppkey"], "Plans": [{"Node Type": "Seq Scan", "Parent Relationship": "Outer", "Relation Name": "lineitem", "Alias": "lineitem", "Startup Cost": 119.67, "Total Cost": 2315050.5, "Plan Rows": 9071680, "Plan Width": 24, "Actual Startup Time": 0.055, "Actual Total Time": 23208.453, "Actual Rows": 9109641, "Actual Loops": 1, "Filter": "((l_shipdate >= '1993-01-01 00:00:00'::timestamp(0) without time zone) AND (l_shipdate < '1994-01-01 00:00:00'::timestamp without time zone)), (LLVM Optimized, Jit Execute)", "Rows Removed by Filter": 50876411}]}]}]}]}]}]}]}, "Triggers": [], "Planner Runtime": 2, "Total Runtime": 51085.732, "Unique SQL Id": 202076520}}, "(1, 91)": {"explain_plan": {"Plan": {"Node Type": "Sort", "Startup Cost": 5000919165370.8, "Total Cost": 5000919165375.8, "Plan Rows": 2000, "Plan Width": 51, "Sort Key": ["supplier.s_name"], "Plans": [{"Node Type": "Merge Join", "Parent Relationship": "Outer", "Join Type": "Inner", "Startup Cost": 4010919163712.4, "Total Cost": 5000919165261.15, "Plan Rows": 2000, "Plan Width": 51, "Inner Unique": true, "Merge Cond": "(supplier.s_nationkey = nation.n_nationkey)", "Plans": [{"Node Type": "Sort", "Parent Relationship": "Outer", "Startup Cost": 4000919163712.4, "Total Cost": 4000919163837.4, "Plan Rows": 50000, "Plan Width": 55, "Sort Key": ["supplier.s_nationkey"], "Plans": [{"Node Type": "Merge Join", "Parent Relationship": "Outer", "Join Type": "Semi", "Startup Cost": 2020816921016.17, "Total Cost": 4000919159809.99, "Plan Rows": 50000, "Plan Width": 55, "Inner Unique": false, "Merge Cond": "(supplier.s_suppkey = lineitem.l_suppkey)", "Plans": [{"Node Type": "Index Scan", "Parent Relationship": "Outer", "Scan Direction": "Forward", "Index Name": "supplier_pkey", "Relation Name": "supplier", "Alias": "supplier", "Startup Cost": 10000000000.0, "Total Cost": 1000000533454.38, "Plan Rows": 100000, "Plan Width": 63}, {"Node Type": "Materialize", "Parent Relationship": "Inner", "Startup Cost": 2010816921016.17, "Total Cost": 3000918626105.58, "Plan Rows": 2, "Plan Width": 16, "Plans": [{"Node Type": "Merge Join", "Parent Relationship": "Outer", "Join Type": "Inner", "Startup Cost": 2010816921016.17, "Total Cost": 3000918626105.58, "Plan Rows": 2, "Plan Width": 16, "Inner Unique": false, "Merge Cond": "(partsupp.ps_suppkey = lineitem.l_suppkey)", "Join Filter": "((part.p_partkey = partsupp.ps_partkey) AND ((partsupp.ps_availqty)::double precision > (.5::double precision * (sum(lineitem.l_quantity)))))", "Plans": [{"Node Type": "Index Scan", "Parent Relationship": "Outer", "Scan Direction": "Forward", "Index Name": "idx_partsupp_suppkey", "Relation Name": "partsupp", "Alias": "partsupp", "Startup Cost": 10000000000.0, "Total Cost": 1000100160480.77, "Plan Rows": 8000372, "Plan Width": 24}, {"Node Type": "Sort", "Parent Relationship": "Inner", "Startup Cost": 2000816921016.17, "Total Cost": 2000816932355.77, "Plan Rows": 4535840, "Plan Width": 32, "Sort Key": ["lineitem.l_suppkey"], "Plans": [{"Node Type": "Merge Join", "Parent Relationship": "Outer", "Join Type": "Inner", "Startup Cost": 20000000000.0, "Total Cost": 2000816419512.42, "Plan Rows": 4535840, "Plan Width": 32, "Inner Unique": false, "Merge Cond": "(lineitem.l_partkey = part.p_partkey)", "Plans": [{"Node Type": "Aggregate", "Strategy": "Sorted", "Parent Relationship": "Outer", "Startup Cost": 10000000000.0, "Total Cost": 1000805588948.94, "Plan Rows": 9071680, "Plan Width": 40, "Group By Key": ["lineitem.l_partkey", "lineitem.l_suppkey"], "Plans": [{"Node Type": "Index Scan", "Parent Relationship": "Outer", "Scan Direction": "Forward", "Index Name": "idx_lineitem_part_supp", "Relation Name": "lineitem", "Alias": "lineitem", "Startup Cost": 10000000000.0, "Total Cost": 1000805384836.14, "Plan Rows": 9071680, "Plan Width": 24, "Filter": "((l_shipdate >= '1993-01-01 00:00:00'::timestamp(0) without time zone) AND (l_shipdate < '1994-01-01 00:00:00'::timestamp without time zone)), (LLVM Optimized)"}]}, {"Node Type": "Materialize", "Parent Relationship": "Inner", "Startup Cost": 10000000000.0, "Total Cost": 1000010580381.18, "Plan Rows": 22472, "Plan Width": 8, "Plans": [{"Node Type": "Index Scan", "Parent Relationship": "Outer", "Scan Direction": "Forward", "Index Name": "part_kpey", "Relation Name": "part", "Alias": "part", "Startup Cost": 10000000000.0, "Total Cost": 1000010580325.0, "Plan Rows": 22472, "Plan Width": 8, "Filter": "((p_name)::text ~~ 'green%'::text)"}]}]}]}]}]}]}]}, {"Node Type": "Materialize", "Parent Relationship": "Inner", "Startup Cost": 10000000000.0, "Total Cost": 1000000001268.75, "Plan Rows": 1, "Plan Width": 4, "Plans": [{"Node Type": "Index Scan", "Parent Relationship": "Outer", "Scan Direction": "Forward", "Index Name": "nation_pkey", "Relation Name": "nation", "Alias": "nation", "Startup Cost": 10000000000.0, "Total Cost": 1000000001268.75, "Plan Rows": 1, "Plan Width": 4, "Filter": "(n_name = 'ALGERIA'::bpchar)"}]}]}]}, "Unique SQL Id": 202076520, "Planner Runtime": 2}, "explain_analyze_plan": null}, "(1, 92)": {"explain_plan": {"Plan": {"Node Type": "Sort", "Startup Cost": 3976822.72, "Total Cost": 3976827.72, "Plan Rows": 2000, "Plan Width": 51, "Sort Key": ["supplier.s_name"], "Plans": [{"Node Type": "Nested Loop", "Parent Relationship": "Outer", "Join Type": "Inner", "Startup Cost": 3888475.64, "Total Cost": 3976713.06, "Plan Rows": 2000, "Plan Width": 51, "Inner Unique": true, "Plans": [{"Node Type": "Merge Join", "Parent Relationship": "Outer", "Join Type": "Semi", "Startup Cost": 3888475.64, "Total Cost": 3962582.06, "Plan Rows": 50000, "Plan Width": 55, "Inner Unique": false, "Merge Cond": "(supplier.s_suppkey = subquery.\"?column?\")", "Plans": [{"Node Type": "Index Scan", "Parent Relationship": "Outer", "Scan Direction": "Forward", "Index Name": "supplier_pkey", "Relation Name": "supplier", "Alias": "supplier", "Startup Cost": 0.0, "Total Cost": 5334.54, "Plan Rows": 100000, "Plan Width": 63}, {"Node Type": "Materialize", "Parent Relationship": "Inner", "Startup Cost": 3888475.64, "Total Cost": 3956997.49, "Plan Rows": 2, "Plan Width": 16, "Plans": [{"Node Type": "Merge Join", "Parent Relationship": "Outer", "Join Type": "Inner", "Startup Cost": 3888475.64, "Total Cost": 3956997.49, "Plan Rows": 2, "Plan Width": 16, "Inner Unique": true, "Merge Cond": "((partsupp.ps_suppkey = subquery.\"?column?\") AND (partsupp.ps_partkey = subquery.\"?column?\"))", "Join Filter": "((partsupp.ps_availqty)::double precision > (.5::double precision * subquery.\"?column?\"))", "Plans": [{"Node Type": "Sort", "Parent Relationship": "Outer", "Startup Cost": 230229.65, "Total Cost": 230391.03, "Plan Rows": 64552, "Plan Width": 32, "Sort Key": ["partsupp.ps_suppkey", "partsupp.ps_partkey"], "Plans": [{"Node Type": "Nested Loop", "Parent Relationship": "Outer", "Join Type": "Inner", "Startup Cost": 0.0, "Total Cost": 225072.53, "Plan Rows": 64552, "Plan Width": 32, "Inner Unique": false, "Plans": [{"Node Type": "Seq Scan", "Parent Relationship": "Outer", "Relation Name": "part", "Alias": "part", "Startup Cost": 0.0, "Total Cost": 66944.0, "Plan Rows": 22472, "Plan Width": 8, "Filter": "((p_name)::text ~~ 'green%'::text)"}, {"Node Type": "Index Scan", "Parent Relationship": "Inner", "Scan Direction": "Forward", "Index Name": "idx_partsupp_partkey", "Relation Name": "partsupp", "Alias": "partsupp", "Startup Cost": 0.0, "Total Cost": 7.01, "Plan Rows": 3, "Plan Width": 24, "Index Cond": "(ps_partkey = part.p_partkey)"}]}]}, {"Node Type": "Sort", "Parent Relationship": "Inner", "Startup Cost": 3658246.0, "Total Cost": 3680925.2, "Plan Rows": 9071680, "Plan Width": 24, "Sort Key": ["subquery.\"?column?\"", "subquery.\"?column?\""], "Plans": [{"Node Type": "Subquery Scan", "Parent Relationship": "Outer", "Alias": "subquery", "Startup Cost": 2405767.29, "Total Cost": 2609880.09, "Plan Rows": 9071680, "Plan Width": 24, "Plans": [{"Node Type": "Aggregate", "Strategy": "Hashed", "Parent Relationship": "Subquery", "Startup Cost": 2405767.29, "Total Cost": 2519163.29, "Plan Rows": 9071680, "Plan Width": 24, "Group By Key": ["lineitem.l_partkey", "lineitem.l_suppkey"], "Plans": [{"Node Type": "Seq Scan", "Parent Relationship": "Outer", "Relation Name": "lineitem", "Alias": "lineitem", "Startup Cost": 119.67, "Total Cost": 2315050.5, "Plan Rows": 9071680, "Plan Width": 24, "Filter": "((l_shipdate >= '1993-01-01 00:00:00'::timestamp(0) without time zone) AND (l_shipdate < '1994-01-01 00:00:00'::timestamp without time zone)), (LLVM Optimized)"}]}]}]}]}]}]}, {"Node Type": "Index Scan", "Parent Relationship": "Inner", "Scan Direction": "Forward", "Index Name": "nation_pkey", "Relation Name": "nation", "Alias": "nation", "Startup Cost": 0.0, "Total Cost": 0.27, "Plan Rows": 1, "Plan Width": 4, "Index Cond": "(n_nationkey = supplier.s_nationkey)", "Filter": "(n_name = 'ALGERIA'::bpchar)"}]}]}, "Unique SQL Id": 202076520, "Planner Runtime": 2}, "explain_analyze_plan": {"Plan": {"Node Type": "Sort", "Startup Cost": 3976822.72, "Total Cost": 3976827.72, "Plan Rows": 2000, "Plan Width": 51, "Actual Startup Time": 42297.076, "Actual Total Time": 42297.233, "Actual Rows": 1746, "Actual Loops": 1, "Sort Key": ["supplier.s_name"], "Sort Method": "quicksort", "Sort Space Used": 309, "Sort Space Type": "Memory", "Plans": [{"Node Type": "Nested Loop", "Parent Relationship": "Outer", "Join Type": "Inner", "Startup Cost": 3888475.64, "Total Cost": 3976713.06, "Plan Rows": 2000, "Plan Width": 51, "Actual Startup Time": 40191.121, "Actual Total Time": 42294.443, "Actual Rows": 1746, "Actual Loops": 1, "Inner Unique": true, "Plans": [{"Node Type": "Merge Join", "Parent Relationship": "Outer", "Join Type": "Semi", "Startup Cost": 3888475.64, "Total Cost": 3962582.06, "Plan Rows": 50000, "Plan Width": 55, "Actual Startup Time": 40190.444, "Actual Total Time": 42175.408, "Actual Rows": 44487, "Actual Loops": 1, "Inner Unique": false, "Merge Cond": "(supplier.s_suppkey = subquery.\"?column?\")", "Plans": [{"Node Type": "Index Scan", "Parent Relationship": "Outer", "Scan Direction": "Forward", "Index Name": "supplier_pkey", "Relation Name": "supplier", "Alias": "supplier", "Startup Cost": 0.0, "Total Cost": 5334.54, "Plan Rows": 100000, "Plan Width": 63, "Actual Startup Time": 0.029, "Actual Total Time": 59.042, "Actual Rows": 100000, "Actual Loops": 1}, {"Node Type": "Materialize", "Parent Relationship": "Inner", "Startup Cost": 3888475.64, "Total Cost": 3956997.49, "Plan Rows": 2, "Plan Width": 16, "Actual Startup Time": 40190.381, "Actual Total Time": 42071.418, "Actual Rows": 58537, "Actual Loops": 1, "Plans": [{"Node Type": "Merge Join", "Parent Relationship": "Outer", "Join Type": "Inner", "Startup Cost": 3888475.64, "Total Cost": 3956997.49, "Plan Rows": 2, "Plan Width": 16, "Actual Startup Time": 40190.378, "Actual Total Time": 42062.347, "Actual Rows": 58537, "Actual Loops": 1, "Inner Unique": true, "Merge Cond": "((partsupp.ps_suppkey = subquery.\"?column?\") AND (partsupp.ps_partkey = subquery.\"?column?\"))", "Join Filter": "((partsupp.ps_availqty)::double precision > (.5::double precision * subquery.\"?column?\"))", "Rows Removed by Join Filter": 0, "Plans": [{"Node Type": "Sort", "Parent Relationship": "Outer", "Startup Cost": 230229.65, "Total Cost": 230391.03, "Plan Rows": 64552, "Plan Width": 32, "Actual Startup Time": 991.72, "Actual Total Time": 1009.22, "Actual Rows": 86224, "Actual Loops": 1, "Sort Key": ["partsupp.ps_suppkey", "partsupp.ps_partkey"], "Sort Method": "quicksort", "Sort Space Used": 11156, "Sort Space Type": "Memory", "Plans": [{"Node Type": "Nested Loop", "Parent Relationship": "Outer", "Join Type": "Inner", "Startup Cost": 0.0, "Total Cost": 225072.53, "Plan Rows": 64552, "Plan Width": 32, "Actual Startup Time": 0.042, "Actual Total Time": 944.454, "Actual Rows": 86224, "Actual Loops": 1, "Inner Unique": false, "Plans": [{"Node Type": "Seq Scan", "Parent Relationship": "Outer", "Relation Name": "part", "Alias": "part", "Startup Cost": 0.0, "Total Cost": 66944.0, "Plan Rows": 22472, "Plan Width": 8, "Actual Startup Time": 0.029, "Actual Total Time": 758.311, "Actual Rows": 21556, "Actual Loops": 1, "Filter": "((p_name)::text ~~ 'green%'::text)", "Rows Removed by Filter": 1978444}, {"Node Type": "Index Scan", "Parent Relationship": "Inner", "Scan Direction": "Forward", "Index Name": "idx_partsupp_partkey", "Relation Name": "partsupp", "Alias": "partsupp", "Startup Cost": 0.0, "Total Cost": 7.01, "Plan Rows": 3, "Plan Width": 24, "Actual Startup Time": 116.516, "Actual Total Time": 155.818, "Actual Rows": 86224, "Actual Loops": 21556, "Index Cond": "(ps_partkey = part.p_partkey)", "Rows Removed by Index Recheck": 0}]}]}, {"Node Type": "Sort", "Parent Relationship": "Inner", "Startup Cost": 3658246.0, "Total Cost": 3680925.2, "Plan Rows": 9071680, "Plan Width": 24, "Actual Startup Time": 39198.421, "Actual Total Time": 40227.74, "Actual Rows": 5442737, "Actual Loops": 1, "Sort Key": ["subquery.\"?column?\"", "subquery.\"?column?\""], "Sort Method": "quicksort", "Sort Space Used": 706866, "Sort Space Type": "Memory", "Plans": [{"Node Type": "Subquery Scan", "Parent Relationship": "Outer", "Alias": "subquery", "Startup Cost": 2405767.29, "Total Cost": 2609880.09, "Plan Rows": 9071680, "Plan Width": 24, "Actual Startup Time": 30776.801, "Actual Total Time": 34565.274, "Actual Rows": 5442751, "Actual Loops": 1, "Plans": [{"Node Type": "Aggregate", "Strategy": "Hashed", "Parent Relationship": "Subquery", "Startup Cost": 2405767.29, "Total Cost": 2519163.29, "Plan Rows": 9071680, "Plan Width": 24, "Actual Startup Time": 30776.738, "Actual Total Time": 33557.043, "Actual Rows": 5442751, "Actual Loops": 1, "Group By Key": ["lineitem.l_partkey", "lineitem.l_suppkey"], "Plans": [{"Node Type": "Seq Scan", "Parent Relationship": "Outer", "Relation Name": "lineitem", "Alias": "lineitem", "Startup Cost": 119.67, "Total Cost": 2315050.5, "Plan Rows": 9071680, "Plan Width": 24, "Actual Startup Time": 0.064, "Actual Total Time": 23078.203, "Actual Rows": 9109641, "Actual Loops": 1, "Filter": "((l_shipdate >= '1993-01-01 00:00:00'::timestamp(0) without time zone) AND (l_shipdate < '1994-01-01 00:00:00'::timestamp without time zone)), (LLVM Optimized, Jit Execute)", "Rows Removed by Filter": 50876411}]}]}]}]}]}]}, {"Node Type": "Index Scan", "Parent Relationship": "Inner", "Scan Direction": "Forward", "Index Name": "nation_pkey", "Relation Name": "nation", "Alias": "nation", "Startup Cost": 0.0, "Total Cost": 0.27, "Plan Rows": 1, "Plan Width": 4, "Actual Startup Time": 94.158, "Actual Total Time": 94.158, "Actual Rows": 1746, "Actual Loops": 44487, "Index Cond": "(n_nationkey = supplier.s_nationkey)", "Rows Removed by Index Recheck": 0, "Filter": "(n_name = 'ALGERIA'::bpchar)", "Rows Removed by Filter": 42741}]}]}, "Triggers": [], "Planner Runtime": 2, "Total Runtime": 42306.768, "Unique SQL Id": 202076520}}, "(1, 93)": {"explain_plan": {"Plan": {"Node Type": "Sort", "Startup Cost": 7727524.68, "Total Cost": 7727529.68, "Plan Rows": 2000, "Plan Width": 51, "Sort Key": ["supplier.s_name"], "Plans": [{"Node Type": "Merge Join", "Parent Relationship": "Outer", "Join Type": "Inner", "Startup Cost": 7727132.33, "Total Cost": 7727415.02, "Plan Rows": 2000, "Plan Width": 51, "Inner Unique": false, "Merge Cond": "(nation.n_nationkey = supplier.s_nationkey)", "Plans": [{"Node Type": "Index Scan", "Parent Relationship": "Outer", "Scan Direction": "Forward", "Index Name": "nation_pkey", "Relation Name": "nation", "Alias": "nation", "Startup Cost": 0.0, "Total Cost": 12.69, "Plan Rows": 1, "Plan Width": 4, "Filter": "(n_name = 'ALGERIA'::bpchar)"}, {"Node Type": "Sort", "Parent Relationship": "Inner", "Startup Cost": 7727132.33, "Total Cost": 7727257.33, "Plan Rows": 50000, "Plan Width": 55, "Sort Key": ["supplier.s_nationkey"], "Plans": [{"Node Type": "Nested Loop", "Parent Relationship": "Outer", "Join Type": "Inner", "Startup Cost": 7723229.35, "Total Cost": 7723229.92, "Plan Rows": 50000, "Plan Width": 55, "Inner Unique": true, "Plans": [{"Node Type": "Unique", "Parent Relationship": "Outer", "Startup Cost": 7723229.35, "Total Cost": 7723229.36, "Plan Rows": 2, "Plan Width": 16, "Plans": [{"Node Type": "Sort", "Parent Relationship": "Outer", "Startup Cost": 7723229.35, "Total Cost": 7723229.35, "Plan Rows": 2, "Plan Width": 16, "Sort Key": ["partsupp.ps_suppkey"], "Plans": [{"Node Type": "Merge Join", "Parent Relationship": "Outer", "Join Type": "Inner", "Startup Cost": 7406937.34, "Total Cost": 7723229.34, "Plan Rows": 2, "Plan Width": 16, "Inner Unique": true, "Merge Cond": "(partsupp.ps_partkey = subquery.\"?column?\")", "Join Filter": "((partsupp.ps_suppkey = subquery.\"?column?\") AND ((partsupp.ps_availqty)::double precision > (.5::double precision * subquery.\"?column?\")))", "Plans": [{"Node Type": "Nested Loop", "Parent Relationship": "Outer", "Join Type": "Inner", "Startup Cost": 0.0, "Total Cost": 263931.78, "Plan Rows": 64552, "Plan Width": 32, "Inner Unique": false, "Plans": [{"Node Type": "Index Scan", "Parent Relationship": "Outer", "Scan Direction": "Forward", "Index Name": "part_kpey", "Relation Name": "part", "Alias": "part", "Startup Cost": 0.0, "Total Cost": 105803.25, "Plan Rows": 22472, "Plan Width": 8, "Filter": "((p_name)::text ~~ 'green%'::text)"}, {"Node Type": "Index Scan", "Parent Relationship": "Inner", "Scan Direction": "Forward", "Index Name": "idx_partsupp_partkey", "Relation Name": "partsupp", "Alias": "partsupp", "Startup Cost": 0.0, "Total Cost": 7.01, "Plan Rows": 3, "Plan Width": 24, "Index Cond": "(ps_partkey = part.p_partkey)"}]}, {"Node Type": "Sort", "Parent Relationship": "Inner", "Startup Cost": 7406937.34, "Total Cost": 7429616.54, "Plan Rows": 9071680, "Plan Width": 24, "Sort Key": ["subquery.\"?column?\""], "Plans": [{"Node Type": "Subquery Scan", "Parent Relationship": "Outer", "Alias": "subquery", "Startup Cost": 6154458.63, "Total Cost": 6358571.43, "Plan Rows": 9071680, "Plan Width": 24, "Plans": [{"Node Type": "Aggregate", "Strategy": "Hashed", "Parent Relationship": "Subquery", "Startup Cost": 6154458.63, "Total Cost": 6267854.63, "Plan Rows": 9071680, "Plan Width": 24, "Group By Key": ["lineitem.l_partkey", "lineitem.l_suppkey"], "Plans": [{"Node Type": "Index Scan", "Parent Relationship": "Outer", "Scan Direction": "Forward", "Index Name": "idx_lineitem_shipdate", "Relation Name": "lineitem", "Alias": "lineitem", "Startup Cost": 0.0, "Total Cost": 6063741.83, "Plan Rows": 9071680, "Plan Width": 24, "Index Cond": "((l_shipdate >= '1993-01-01 00:00:00'::timestamp(0) without time zone) AND (l_shipdate < '1994-01-01 00:00:00'::timestamp without time zone)), (LLVM Optimized)"}]}]}]}]}]}]}, {"Node Type": "Index Scan", "Parent Relationship": "Inner", "Scan Direction": "Forward", "Index Name": "supplier_pkey", "Relation Name": "supplier", "Alias": "supplier", "Startup Cost": 0.0, "Total Cost": 0.27, "Plan Rows": 1, "Plan Width": 63, "Index Cond": "(s_suppkey = subquery.\"?column?\")"}]}]}]}]}, "Unique SQL Id": 202076520, "Planner Runtime": 2}, "explain_analyze_plan": {"Plan": {"Node Type": "Sort", "Startup Cost": 7727524.68, "Total Cost": 7727529.68, "Plan Rows": 2000, "Plan Width": 51, "Actual Startup Time": 42691.306, "Actual Total Time": 42691.453, "Actual Rows": 1746, "Actual Loops": 1, "Sort Key": ["supplier.s_name"], "Sort Method": "quicksort", "Sort Space Used": 309, "Sort Space Type": "Memory", "Plans": [{"Node Type": "Merge Join", "Parent Relationship": "Outer", "Join Type": "Inner", "Startup Cost": 7727132.33, "Total Cost": 7727415.02, "Plan Rows": 2000, "Plan Width": 51, "Actual Startup Time": 42682.633, "Actual Total Time": 42683.494, "Actual Rows": 1746, "Actual Loops": 1, "Inner Unique": false, "Merge Cond": "(nation.n_nationkey = supplier.s_nationkey)", "Plans": [{"Node Type": "Index Scan", "Parent Relationship": "Outer", "Scan Direction": "Forward", "Index Name": "nation_pkey", "Relation Name": "nation", "Alias": "nation", "Startup Cost": 0.0, "Total Cost": 12.69, "Plan Rows": 1, "Plan Width": 4, "Actual Startup Time": 0.022, "Actual Total Time": 0.05, "Actual Rows": 1, "Actual Loops": 1, "Filter": "(n_name = 'ALGERIA'::bpchar)", "Rows Removed by Filter": 24}, {"Node Type": "Sort", "Parent Relationship": "Inner", "Startup Cost": 7727132.33, "Total Cost": 7727257.33, "Plan Rows": 50000, "Plan Width": 55, "Actual Startup Time": 42682.6, "Actual Total Time": 42682.86, "Actual Rows": 1747, "Actual Loops": 1, "Sort Key": ["supplier.s_nationkey"], "Sort Method": "quicksort", "Sort Space Used": 8488, "Sort Space Type": "Memory", "Plans": [{"Node Type": "Nested Loop", "Parent Relationship": "Outer", "Join Type": "Inner", "Startup Cost": 7723229.35, "Total Cost": 7723229.92, "Plan Rows": 50000, "Plan Width": 55, "Actual Startup Time": 42498.588, "Actual Total Time": 42662.634, "Actual Rows": 44487, "Actual Loops": 1, "Inner Unique": true, "Plans": [{"Node Type": "Unique", "Parent Relationship": "Outer", "Startup Cost": 7723229.35, "Total Cost": 7723229.36, "Plan Rows": 2, "Plan Width": 16, "Actual Startup Time": 42498.555, "Actual Total Time": 42524.805, "Actual Rows": 44487, "Actual Loops": 1, "Plans": [{"Node Type": "Sort", "Parent Relationship": "Outer", "Startup Cost": 7723229.35, "Total Cost": 7723229.35, "Plan Rows": 2, "Plan Width": 16, "Actual Startup Time": 42498.552, "Actual Total Time": 42508.942, "Actual Rows": 58537, "Actual Loops": 1, "Sort Key": ["partsupp.ps_suppkey"], "Sort Method": "quicksort", "Sort Space Used": 7024, "Sort Space Type": "Memory", "Plans": [{"Node Type": "Merge Join", "Parent Relationship": "Outer", "Join Type": "Inner", "Startup Cost": 7406937.34, "Total Cost": 7723229.34, "Plan Rows": 2, "Plan Width": 16, "Actual Startup Time": 38648.343, "Actual Total Time": 42471.449, "Actual Rows": 58537, "Actual Loops": 1, "Inner Unique": true, "Merge Cond": "(partsupp.ps_partkey = subquery.\"?column?\")", "Join Filter": "((partsupp.ps_suppkey = subquery.\"?column?\") AND ((partsupp.ps_availqty)::double precision > (.5::double precision * subquery.\"?column?\")))", "Rows Removed by Join Filter": 0, "Plans": [{"Node Type": "Nested Loop", "Parent Relationship": "Outer", "Join Type": "Inner", "Startup Cost": 0.0, "Total Cost": 263931.78, "Plan Rows": 64552, "Plan Width": 32, "Actual Startup Time": 0.055, "Actual Total Time": 1485.509, "Actual Rows": 86224, "Actual Loops": 1, "Inner Unique": false, "Plans": [{"Node Type": "Index Scan", "Parent Relationship": "Outer", "Scan Direction": "Forward", "Index Name": "part_kpey", "Relation Name": "part", "Alias": "part", "Startup Cost": 0.0, "Total Cost": 105803.25, "Plan Rows": 22472, "Plan Width": 8, "Actual Startup Time": 0.042, "Actual Total Time": 1271.571, "Actual Rows": 21556, "Actual Loops": 1, "Filter": "((p_name)::text ~~ 'green%'::text)", "Rows Removed by Filter": 1978444}, {"Node Type": "Index Scan", "Parent Relationship": "Inner", "Scan Direction": "Forward", "Index Name": "idx_partsupp_partkey", "Relation Name": "partsupp", "Alias": "partsupp", "Startup Cost": 0.0, "Total Cost": 7.01, "Plan Rows": 3, "Plan Width": 24, "Actual Startup Time": 131.72, "Actual Total Time": 180.535, "Actual Rows": 86224, "Actual Loops": 21556, "Index Cond": "(ps_partkey = part.p_partkey)", "Rows Removed by Index Recheck": 0}]}, {"Node Type": "Sort", "Parent Relationship": "Inner", "Startup Cost": 7406937.34, "Total Cost": 7429616.54, "Plan Rows": 9071680, "Plan Width": 24, "Actual Startup Time": 38648.155, "Actual Total Time": 40195.961, "Actual Rows": 5530011, "Actual Loops": 1, "Sort Key": ["subquery.\"?column?\""], "Sort Method": "quicksort", "Sort Space Used": 706866, "Sort Space Type": "Memory", "Plans": [{"Node Type": "Subquery Scan", "Parent Relationship": "Outer", "Alias": "subquery", "Startup Cost": 6154458.63, "Total Cost": 6358571.43, "Plan Rows": 9071680, "Plan Width": 24, "Actual Startup Time": 31826.114, "Actual Total Time": 36401.115, "Actual Rows": 5442751, "Actual Loops": 1, "Plans": [{"Node Type": "Aggregate", "Strategy": "Hashed", "Parent Relationship": "Subquery", "Startup Cost": 6154458.63, "Total Cost": 6267854.63, "Plan Rows": 9071680, "Plan Width": 24, "Actual Startup Time": 31826.103, "Actual Total Time": 35392.24, "Actual Rows": 5442751, "Actual Loops": 1, "Group By Key": ["lineitem.l_partkey", "lineitem.l_suppkey"], "Plans": [{"Node Type": "Index Scan", "Parent Relationship": "Outer", "Scan Direction": "Forward", "Index Name": "idx_lineitem_shipdate", "Relation Name": "lineitem", "Alias": "lineitem", "Startup Cost": 0.0, "Total Cost": 6063741.83, "Plan Rows": 9071680, "Plan Width": 24, "Actual Startup Time": 0.076, "Actual Total Time": 23293.409, "Actual Rows": 9109641, "Actual Loops": 1, "Index Cond": "((l_shipdate >= '1993-01-01 00:00:00'::timestamp(0) without time zone) AND (l_shipdate < '1994-01-01 00:00:00'::timestamp without time zone)), (LLVM Optimized, Jit Execute)", "Rows Removed by Index Recheck": 0}]}]}]}]}]}]}, {"Node Type": "Index Scan", "Parent Relationship": "Inner", "Scan Direction": "Forward", "Index Name": "supplier_pkey", "Relation Name": "supplier", "Alias": "supplier", "Startup Cost": 0.0, "Total Cost": 0.27, "Plan Rows": 1, "Plan Width": 63, "Actual Startup Time": 104.321, "Actual Total Time": 104.321, "Actual Rows": 44487, "Actual Loops": 44487, "Index Cond": "(s_suppkey = subquery.\"?column?\")", "Rows Removed by Index Recheck": 0}]}]}]}]}, "Triggers": [], "Planner Runtime": 2, "Total Runtime": 42701.045, "Unique SQL Id": 202076520}}, "(1, 94)": {"explain_plan": {"Plan": {"Node Type": "Sort", "Startup Cost": 5041049.96, "Total Cost": 5041054.96, "Plan Rows": 2000, "Plan Width": 51, "Sort Key": ["supplier.s_name"], "Plans": [{"Node Type": "Merge Join", "Parent Relationship": "Outer", "Join Type": "Semi", "Startup Cost": 4972398.43, "Total Cost": 5040940.3, "Plan Rows": 2000, "Plan Width": 51, "Inner Unique": false, "Merge Cond": "(supplier.s_suppkey = subquery.\"?column?\")", "Plans": [{"Node Type": "Sort", "Parent Relationship": "Outer", "Startup Cost": 12368.47, "Total Cost": 12378.47, "Plan Rows": 4000, "Plan Width": 59, "Sort Key": ["supplier.s_suppkey"], "Plans": [{"Node Type": "Merge Join", "Parent Relationship": "Outer", "Join Type": "Inner", "Startup Cost": 11589.14, "Total Cost": 12129.15, "Plan Rows": 4000, "Plan Width": 59, "Inner Unique": false, "Merge Cond": "(nation.n_nationkey = supplier.s_nationkey)", "Plans": [{"Node Type": "Sort", "Parent Relationship": "Outer", "Startup Cost": 1.32, "Total Cost": 1.33, "Plan Rows": 1, "Plan Width": 4, "Sort Key": ["nation.n_nationkey"], "Plans": [{"Node Type": "Seq Scan", "Parent Relationship": "Outer", "Relation Name": "nation", "Alias": "nation", "Startup Cost": 0.0, "Total Cost": 1.31, "Plan Rows": 1, "Plan Width": 4, "Filter": "(n_name = 'ALGERIA'::bpchar)"}]}, {"Node Type": "Sort", "Parent Relationship": "Inner", "Startup Cost": 11587.82, "Total Cost": 11837.82, "Plan Rows": 100000, "Plan Width": 63, "Sort Key": ["supplier.s_nationkey"], "Plans": [{"Node Type": "Seq Scan", "Parent Relationship": "Outer", "Relation Name": "supplier", "Alias": "supplier", "Startup Cost": 0.0, "Total Cost": 3283.0, "Plan Rows": 100000, "Plan Width": 63}]}]}]}, {"Node Type": "Materialize", "Parent Relationship": "Inner", "Startup Cost": 4960029.96, "Total Cost": 5028551.81, "Plan Rows": 2, "Plan Width": 16, "Plans": [{"Node Type": "Merge Join", "Parent Relationship": "Outer", "Join Type": "Inner", "Startup Cost": 4960029.96, "Total Cost": 5028551.8, "Plan Rows": 2, "Plan Width": 16, "Inner Unique": true, "Merge Cond": "((partsupp.ps_suppkey = subquery.\"?column?\") AND (partsupp.ps_partkey = subquery.\"?column?\"))", "Join Filter": "((partsupp.ps_availqty)::double precision > (.5::double precision * subquery.\"?column?\"))", "Plans": [{"Node Type": "Sort", "Parent Relationship": "Outer", "Startup Cost": 1301783.96, "Total Cost": 1301945.34, "Plan Rows": 64552, "Plan Width": 32, "Sort Key": ["partsupp.ps_suppkey", "partsupp.ps_partkey"], "Plans": [{"Node Type": "Merge Join", "Parent Relationship": "Outer", "Join Type": "Inner", "Startup Cost": 1255864.76, "Total Cost": 1296626.85, "Plan Rows": 64552, "Plan Width": 32, "Inner Unique": false, "Merge Cond": "(part.p_partkey = partsupp.ps_partkey)", "Plans": [{"Node Type": "Sort", "Parent Relationship": "Outer", "Startup Cost": 68568.26, "Total Cost": 68624.44, "Plan Rows": 22472, "Plan Width": 8, "Sort Key": ["part.p_partkey"], "Plans": [{"Node Type": "Seq Scan", "Parent Relationship": "Outer", "Relation Name": "part", "Alias": "part", "Startup Cost": 0.0, "Total Cost": 66944.0, "Plan Rows": 22472, "Plan Width": 8, "Filter": "((p_name)::text ~~ 'green%'::text)"}]}, {"Node Type": "Sort", "Parent Relationship": "Inner", "Startup Cost": 1187295.8, "Total Cost": 1207296.73, "Plan Rows": 8000372, "Plan Width": 24, "Sort Key": ["partsupp.ps_partkey"], "Plans": [{"Node Type": "Seq Scan", "Parent Relationship": "Outer", "Relation Name": "partsupp", "Alias": "partsupp", "Startup Cost": 0.0, "Total Cost": 269987.72, "Plan Rows": 8000372, "Plan Width": 24}]}]}]}, {"Node Type": "Sort", "Parent Relationship": "Inner", "Startup Cost": 3658246.0, "Total Cost": 3680925.2, "Plan Rows": 9071680, "Plan Width": 24, "Sort Key": ["subquery.\"?column?\"", "subquery.\"?column?\""], "Plans": [{"Node Type": "Subquery Scan", "Parent Relationship": "Outer", "Alias": "subquery", "Startup Cost": 2405767.29, "Total Cost": 2609880.09, "Plan Rows": 9071680, "Plan Width": 24, "Plans": [{"Node Type": "Aggregate", "Strategy": "Hashed", "Parent Relationship": "Subquery", "Startup Cost": 2405767.29, "Total Cost": 2519163.29, "Plan Rows": 9071680, "Plan Width": 24, "Group By Key": ["lineitem.l_partkey", "lineitem.l_suppkey"], "Plans": [{"Node Type": "Seq Scan", "Parent Relationship": "Outer", "Relation Name": "lineitem", "Alias": "lineitem", "Startup Cost": 119.67, "Total Cost": 2315050.5, "Plan Rows": 9071680, "Plan Width": 24, "Filter": "((l_shipdate >= '1993-01-01 00:00:00'::timestamp(0) without time zone) AND (l_shipdate < '1994-01-01 00:00:00'::timestamp without time zone)), (LLVM Optimized)"}]}]}]}]}]}]}]}, "Unique SQL Id": 202076520, "Planner Runtime": 2}, "explain_analyze_plan": {"Plan": {"Node Type": "Sort", "Startup Cost": 5041049.96, "Total Cost": 5041054.96, "Plan Rows": 2000, "Plan Width": 51, "Actual Startup Time": 51075.925, "Actual Total Time": 51076.095, "Actual Rows": 1746, "Actual Loops": 1, "Sort Key": ["supplier.s_name"], "Sort Method": "quicksort", "Sort Space Used": 309, "Sort Space Type": "Memory", "Plans": [{"Node Type": "Merge Join", "Parent Relationship": "Outer", "Join Type": "Semi", "Startup Cost": 4972398.43, "Total Cost": 5040940.3, "Plan Rows": 2000, "Plan Width": 51, "Actual Startup Time": 49068.827, "Actual Total Time": 51073.958, "Actual Rows": 1746, "Actual Loops": 1, "Inner Unique": false, "Merge Cond": "(supplier.s_suppkey = subquery.\"?column?\")", "Plans": [{"Node Type": "Sort", "Parent Relationship": "Outer", "Startup Cost": 12368.47, "Total Cost": 12378.47, "Plan Rows": 4000, "Plan Width": 59, "Actual Startup Time": 71.896, "Actual Total Time": 72.735, "Actual Rows": 3934, "Actual Loops": 1, "Sort Key": ["supplier.s_suppkey"], "Sort Method": "quicksort", "Sort Space Used": 711, "Sort Space Type": "Memory", "Plans": [{"Node Type": "Merge Join", "Parent Relationship": "Outer", "Join Type": "Inner", "Startup Cost": 11589.14, "Total Cost": 12129.15, "Plan Rows": 4000, "Plan Width": 59, "Actual Startup Time": 68.448, "Actual Total Time": 70.258, "Actual Rows": 3934, "Actual Loops": 1, "Inner Unique": false, "Merge Cond": "(nation.n_nationkey = supplier.s_nationkey)", "Plans": [{"Node Type": "Sort", "Parent Relationship": "Outer", "Startup Cost": 1.32, "Total Cost": 1.33, "Plan Rows": 1, "Plan Width": 4, "Actual Startup Time": 0.042, "Actual Total Time": 0.043, "Actual Rows": 1, "Actual Loops": 1, "Sort Key": ["nation.n_nationkey"], "Sort Method": "quicksort", "Sort Space Used": 25, "Sort Space Type": "Memory", "Plans": [{"Node Type": "Seq Scan", "Parent Relationship": "Outer", "Relation Name": "nation", "Alias": "nation", "Startup Cost": 0.0, "Total Cost": 1.31, "Plan Rows": 1, "Plan Width": 4, "Actual Startup Time": 0.026, "Actual Total Time": 0.035, "Actual Rows": 1, "Actual Loops": 1, "Filter": "(n_name = 'ALGERIA'::bpchar)", "Rows Removed by Filter": 24}]}, {"Node Type": "Sort", "Parent Relationship": "Inner", "Startup Cost": 11587.82, "Total Cost": 11837.82, "Plan Rows": 100000, "Plan Width": 63, "Actual Startup Time": 68.395, "Actual Total Time": 68.983, "Actual Rows": 3935, "Actual Loops": 1, "Sort Key": ["supplier.s_nationkey"], "Sort Method": "quicksort", "Sort Space Used": 18698, "Sort Space Type": "Memory", "Plans": [{"Node Type": "Seq Scan", "Parent Relationship": "Outer", "Relation Name": "supplier", "Alias": "supplier", "Startup Cost": 0.0, "Total Cost": 3283.0, "Plan Rows": 100000, "Plan Width": 63, "Actual Startup Time": 0.02, "Actual Total Time": 35.258, "Actual Rows": 100000, "Actual Loops": 1}]}]}]}, {"Node Type": "Materialize", "Parent Relationship": "Inner", "Startup Cost": 4960029.96, "Total Cost": 5028551.81, "Plan Rows": 2, "Plan Width": 16, "Actual Startup Time": 48996.324, "Actual Total Time": 50987.235, "Actual Rows": 58530, "Actual Loops": 1, "Plans": [{"Node Type": "Merge Join", "Parent Relationship": "Outer", "Join Type": "Inner", "Startup Cost": 4960029.96, "Total Cost": 5028551.8, "Plan Rows": 2, "Plan Width": 16, "Actual Startup Time": 48996.322, "Actual Total Time": 50978.886, "Actual Rows": 58530, "Actual Loops": 1, "Inner Unique": true, "Merge Cond": "((partsupp.ps_suppkey = subquery.\"?column?\") AND (partsupp.ps_partkey = subquery.\"?column?\"))", "Join Filter": "((partsupp.ps_availqty)::double precision > (.5::double precision * subquery.\"?column?\"))", "Rows Removed by Join Filter": 0, "Plans": [{"Node Type": "Sort", "Parent Relationship": "Outer", "Startup Cost": 1301783.96, "Total Cost": 1301945.34, "Plan Rows": 64552, "Plan Width": 32, "Actual Startup Time": 8782.492, "Actual Total Time": 8799.726, "Actual Rows": 86215, "Actual Loops": 1, "Sort Key": ["partsupp.ps_suppkey", "partsupp.ps_partkey"], "Sort Method": "quicksort", "Sort Space Used": 11156, "Sort Space Type": "Memory", "Plans": [{"Node Type": "Merge Join", "Parent Relationship": "Outer", "Join Type": "Inner", "Startup Cost": 1255864.76, "Total Cost": 1296626.85, "Plan Rows": 64552, "Plan Width": 32, "Actual Startup Time": 6365.606, "Actual Total Time": 8733.672, "Actual Rows": 86224, "Actual Loops": 1, "Inner Unique": false, "Merge Cond": "(part.p_partkey = partsupp.ps_partkey)", "Plans": [{"Node Type": "Sort", "Parent Relationship": "Outer", "Startup Cost": 68568.26, "Total Cost": 68624.44, "Plan Rows": 22472, "Plan Width": 8, "Actual Startup Time": 760.162, "Actual Total Time": 762.148, "Actual Rows": 21556, "Actual Loops": 1, "Sort Key": ["part.p_partkey"], "Sort Method": "quicksort", "Sort Space Used": 2116, "Sort Space Type": "Memory", "Plans": [{"Node Type": "Seq Scan", "Parent Relationship": "Outer", "Relation Name": "part", "Alias": "part", "Startup Cost": 0.0, "Total Cost": 66944.0, "Plan Rows": 22472, "Plan Width": 8, "Actual Startup Time": 0.048, "Actual Total Time": 753.235, "Actual Rows": 21556, "Actual Loops": 1, "Filter": "((p_name)::text ~~ 'green%'::text)", "Rows Removed by Filter": 1978444}]}, {"Node Type": "Sort", "Parent Relationship": "Inner", "Startup Cost": 1187295.8, "Total Cost": 1207296.73, "Plan Rows": 8000372, "Plan Width": 24, "Actual Startup Time": 5605.382, "Actual Total Time": 6791.683, "Actual Rows": 7999953, "Actual Loops": 1, "Sort Key": ["partsupp.ps_partkey"], "Sort Method": "quicksort", "Sort Space Used": 946609, "Sort Space Type": "Memory", "Plans": [{"Node Type": "Seq Scan", "Parent Relationship": "Outer", "Relation Name": "partsupp", "Alias": "partsupp", "Startup Cost": 0.0, "Total Cost": 269987.72, "Plan Rows": 8000372, "Plan Width": 24, "Actual Startup Time": 0.051, "Actual Total Time": 2814.291, "Actual Rows": 8000000, "Actual Loops": 1}]}]}]}, {"Node Type": "Sort", "Parent Relationship": "Inner", "Startup Cost": 3658246.0, "Total Cost": 3680925.2, "Plan Rows": 9071680, "Plan Width": 24, "Actual Startup Time": 40213.628, "Actual Total Time": 41360.84, "Actual Rows": 5442190, "Actual Loops": 1, "Sort Key": ["subquery.\"?column?\"", "subquery.\"?column?\""], "Sort Method": "quicksort", "Sort Space Used": 706866, "Sort Space Type": "Memory", "Plans": [{"Node Type": "Subquery Scan", "Parent Relationship": "Outer", "Alias": "subquery", "Startup Cost": 2405767.29, "Total Cost": 2609880.09, "Plan Rows": 9071680, "Plan Width": 24, "Actual Startup Time": 31150.491, "Actual Total Time": 35445.339, "Actual Rows": 5442751, "Actual Loops": 1, "Plans": [{"Node Type": "Aggregate", "Strategy": "Hashed", "Parent Relationship": "Subquery", "Startup Cost": 2405767.29, "Total Cost": 2519163.29, "Plan Rows": 9071680, "Plan Width": 24, "Actual Startup Time": 31150.483, "Actual Total Time": 34427.265, "Actual Rows": 5442751, "Actual Loops": 1, "Group By Key": ["lineitem.l_partkey", "lineitem.l_suppkey"], "Plans": [{"Node Type": "Seq Scan", "Parent Relationship": "Outer", "Relation Name": "lineitem", "Alias": "lineitem", "Startup Cost": 119.67, "Total Cost": 2315050.5, "Plan Rows": 9071680, "Plan Width": 24, "Actual Startup Time": 0.055, "Actual Total Time": 23208.453, "Actual Rows": 9109641, "Actual Loops": 1, "Filter": "((l_shipdate >= '1993-01-01 00:00:00'::timestamp(0) without time zone) AND (l_shipdate < '1994-01-01 00:00:00'::timestamp without time zone)), (LLVM Optimized, Jit Execute)", "Rows Removed by Filter": 50876411}]}]}]}]}]}]}]}, "Triggers": [], "Planner Runtime": 2, "Total Runtime": 51085.732, "Unique SQL Id": 202076520}}, "(1, 95)": {"explain_plan": {"Plan": {"Node Type": "Sort", "Startup Cost": 5000919165370.8, "Total Cost": 5000919165375.8, "Plan Rows": 2000, "Plan Width": 51, "Sort Key": ["supplier.s_name"], "Plans": [{"Node Type": "Merge Join", "Parent Relationship": "Outer", "Join Type": "Inner", "Startup Cost": 4010919163712.4, "Total Cost": 5000919165261.15, "Plan Rows": 2000, "Plan Width": 51, "Inner Unique": true, "Merge Cond": "(supplier.s_nationkey = nation.n_nationkey)", "Plans": [{"Node Type": "Sort", "Parent Relationship": "Outer", "Startup Cost": 4000919163712.4, "Total Cost": 4000919163837.4, "Plan Rows": 50000, "Plan Width": 55, "Sort Key": ["supplier.s_nationkey"], "Plans": [{"Node Type": "Merge Join", "Parent Relationship": "Outer", "Join Type": "Semi", "Startup Cost": 2020816921016.17, "Total Cost": 4000919159809.99, "Plan Rows": 50000, "Plan Width": 55, "Inner Unique": false, "Merge Cond": "(supplier.s_suppkey = lineitem.l_suppkey)", "Plans": [{"Node Type": "Index Scan", "Parent Relationship": "Outer", "Scan Direction": "Forward", "Index Name": "supplier_pkey", "Relation Name": "supplier", "Alias": "supplier", "Startup Cost": 10000000000.0, "Total Cost": 1000000533454.38, "Plan Rows": 100000, "Plan Width": 63}, {"Node Type": "Materialize", "Parent Relationship": "Inner", "Startup Cost": 2010816921016.17, "Total Cost": 3000918626105.58, "Plan Rows": 2, "Plan Width": 16, "Plans": [{"Node Type": "Merge Join", "Parent Relationship": "Outer", "Join Type": "Inner", "Startup Cost": 2010816921016.17, "Total Cost": 3000918626105.58, "Plan Rows": 2, "Plan Width": 16, "Inner Unique": false, "Merge Cond": "(partsupp.ps_suppkey = lineitem.l_suppkey)", "Join Filter": "((part.p_partkey = partsupp.ps_partkey) AND ((partsupp.ps_availqty)::double precision > (.5::double precision * (sum(lineitem.l_quantity)))))", "Plans": [{"Node Type": "Index Scan", "Parent Relationship": "Outer", "Scan Direction": "Forward", "Index Name": "idx_partsupp_suppkey", "Relation Name": "partsupp", "Alias": "partsupp", "Startup Cost": 10000000000.0, "Total Cost": 1000100160480.77, "Plan Rows": 8000372, "Plan Width": 24}, {"Node Type": "Sort", "Parent Relationship": "Inner", "Startup Cost": 2000816921016.17, "Total Cost": 2000816932355.77, "Plan Rows": 4535840, "Plan Width": 32, "Sort Key": ["lineitem.l_suppkey"], "Plans": [{"Node Type": "Merge Join", "Parent Relationship": "Outer", "Join Type": "Inner", "Startup Cost": 20000000000.0, "Total Cost": 2000816419512.42, "Plan Rows": 4535840, "Plan Width": 32, "Inner Unique": false, "Merge Cond": "(lineitem.l_partkey = part.p_partkey)", "Plans": [{"Node Type": "Aggregate", "Strategy": "Sorted", "Parent Relationship": "Outer", "Startup Cost": 10000000000.0, "Total Cost": 1000805588948.94, "Plan Rows": 9071680, "Plan Width": 40, "Group By Key": ["lineitem.l_partkey", "lineitem.l_suppkey"], "Plans": [{"Node Type": "Index Scan", "Parent Relationship": "Outer", "Scan Direction": "Forward", "Index Name": "idx_lineitem_part_supp", "Relation Name": "lineitem", "Alias": "lineitem", "Startup Cost": 10000000000.0, "Total Cost": 1000805384836.14, "Plan Rows": 9071680, "Plan Width": 24, "Filter": "((l_shipdate >= '1993-01-01 00:00:00'::timestamp(0) without time zone) AND (l_shipdate < '1994-01-01 00:00:00'::timestamp without time zone)), (LLVM Optimized)"}]}, {"Node Type": "Materialize", "Parent Relationship": "Inner", "Startup Cost": 10000000000.0, "Total Cost": 1000010580381.18, "Plan Rows": 22472, "Plan Width": 8, "Plans": [{"Node Type": "Index Scan", "Parent Relationship": "Outer", "Scan Direction": "Forward", "Index Name": "part_kpey", "Relation Name": "part", "Alias": "part", "Startup Cost": 10000000000.0, "Total Cost": 1000010580325.0, "Plan Rows": 22472, "Plan Width": 8, "Filter": "((p_name)::text ~~ 'green%'::text)"}]}]}]}]}]}]}]}, {"Node Type": "Materialize", "Parent Relationship": "Inner", "Startup Cost": 10000000000.0, "Total Cost": 1000000001268.75, "Plan Rows": 1, "Plan Width": 4, "Plans": [{"Node Type": "Index Scan", "Parent Relationship": "Outer", "Scan Direction": "Forward", "Index Name": "nation_pkey", "Relation Name": "nation", "Alias": "nation", "Startup Cost": 10000000000.0, "Total Cost": 1000000001268.75, "Plan Rows": 1, "Plan Width": 4, "Filter": "(n_name = 'ALGERIA'::bpchar)"}]}]}]}, "Unique SQL Id": 202076520, "Planner Runtime": 2}, "explain_analyze_plan": null}, "(1, 96)": {"explain_plan": {"Plan": {"Node Type": "Sort", "Startup Cost": 2479933.5, "Total Cost": 2479938.5, "Plan Rows": 2000, "Plan Width": 51, "Sort Key": ["supplier.s_name"], "Plans": [{"Node Type": "Hash Join", "Parent Relationship": "Outer", "Join Type": "Right Semi", "Startup Cost": 2184974.13, "Total Cost": 2479823.85, "Plan Rows": 2000, "Plan Width": 51, "Inner Unique": false, "Hash Cond": "(lineitem.l_suppkey = supplier.s_suppkey)", "Plans": [{"Node Type": "Hash Join", "Parent Relationship": "Outer", "Join Type": "Inner", "Startup Cost": 2182390.78, "Total Cost": 2477220.49, "Plan Rows": 2, "Plan Width": 16, "Inner Unique": false, "Hash Cond": "((lineitem.l_partkey = partsupp.ps_partkey) AND (lineitem.l_suppkey = partsupp.ps_suppkey))", "Join Filter": "((partsupp.ps_availqty)::double precision > (.5::double precision * (sum(lineitem.l_quantity))))", "Plans": [{"Node Type": "Aggregate", "Strategy": "Hashed", "Parent Relationship": "Outer", "Startup Cost": 1956349.97, "Total Cost": 2069745.97, "Plan Rows": 9071680, "Plan Width": 24, "Group By Key": ["lineitem.l_partkey", "lineitem.l_suppkey"], "Plans": [{"Node Type": "Bitmap Heap Scan", "Parent Relationship": "Outer", "Relation Name": "lineitem", "Alias": "lineitem", "Startup Cost": 314312.97, "Total Cost": 1865633.17, "Plan Rows": 9071680, "Plan Width": 24, "Recheck Cond": "((l_shipdate >= '1993-01-01 00:00:00'::timestamp(0) without time zone) AND (l_shipdate < '1994-01-01 00:00:00'::timestamp without time zone)), (LLVM Optimized)", "Plans": [{"Node Type": "Bitmap Index Scan", "Parent Relationship": "Outer", "Index Name": "idx_lineitem_shipdate", "Startup Cost": 0.0, "Total Cost": 312045.05, "Plan Rows": 9071680, "Plan Width": 0, "Index Cond": "((l_shipdate >= '1993-01-01 00:00:00'::timestamp(0) without time zone) AND (l_shipdate < '1994-01-01 00:00:00'::timestamp without time zone))"}]}]}, {"Node Type": "Hash", "Parent Relationship": "Inner", "Startup Cost": 225072.53, "Total Cost": 225072.53, "Plan Rows": 64552, "Plan Width": 32, "Plans": [{"Node Type": "Nested Loop", "Parent Relationship": "Outer", "Join Type": "Inner", "Startup Cost": 0.0, "Total Cost": 225072.53, "Plan Rows": 64552, "Plan Width": 32, "Inner Unique": false, "Plans": [{"Node Type": "Seq Scan", "Parent Relationship": "Outer", "Relation Name": "part", "Alias": "part", "Startup Cost": 0.0, "Total Cost": 66944.0, "Plan Rows": 22472, "Plan Width": 8, "Filter": "((p_name)::text ~~ 'green%'::text)"}, {"Node Type": "Index Scan", "Parent Relationship": "Inner", "Scan Direction": "Forward", "Index Name": "idx_partsupp_partkey", "Relation Name": "partsupp", "Alias": "partsupp", "Startup Cost": 0.0, "Total Cost": 7.01, "Plan Rows": 3, "Plan Width": 24, "Index Cond": "(ps_partkey = part.p_partkey)"}]}]}]}, {"Node Type": "Hash", "Parent Relationship": "Inner", "Startup Cost": 2533.35, "Total Cost": 2533.35, "Plan Rows": 4000, "Plan Width": 59, "Plans": [{"Node Type": "Nested Loop", "Parent Relationship": "Outer", "Join Type": "Inner", "Startup Cost": 95.25, "Total Cost": 2533.35, "Plan Rows": 4000, "Plan Width": 59, "Inner Unique": false, "Plans": [{"Node Type": "Seq Scan", "Parent Relationship": "Outer", "Relation Name": "nation", "Alias": "nation", "Startup Cost": 0.0, "Total Cost": 1.31, "Plan Rows": 1, "Plan Width": 4, "Filter": "(n_name = 'ALGERIA'::bpchar)"}, {"Node Type": "Bitmap Heap Scan", "Parent Relationship": "Inner", "Relation Name": "supplier", "Alias": "supplier", "Startup Cost": 95.25, "Total Cost": 2492.04, "Plan Rows": 4000, "Plan Width": 63, "Recheck Cond": "(s_nationkey = nation.n_nationkey)", "Plans": [{"Node Type": "Bitmap Index Scan", "Parent Relationship": "Outer", "Index Name": "idx_supplier_nation_key", "Startup Cost": 0.0, "Total Cost": 94.25, "Plan Rows": 4000, "Plan Width": 0, "Index Cond": "(s_nationkey = nation.n_nationkey)"}]}]}]}]}]}, "Unique SQL Id": 202076520, "Planner Runtime": 1}, "explain_analyze_plan": {"Plan": {"Node Type": "Sort", "Startup Cost": 2479933.5, "Total Cost": 2479938.5, "Plan Rows": 2000, "Plan Width": 51, "Actual Startup Time": 25601.06, "Actual Total Time": 25601.233, "Actual Rows": 1746, "Actual Loops": 1, "Sort Key": ["supplier.s_name"], "Sort Method": "quicksort", "Sort Space Used": 309, "Sort Space Type": "Memory", "Plans": [{"Node Type": "Hash Join", "Parent Relationship": "Outer", "Join Type": "Right Semi", "Startup Cost": 2184974.13, "Total Cost": 2479823.85, "Plan Rows": 2000, "Plan Width": 51, "Actual Startup Time": 20479.002, "Actual Total Time": 25591.291, "Actual Rows": 1746, "Actual Loops": 1, "Inner Unique": false, "Hash Cond": "(lineitem.l_suppkey = supplier.s_suppkey)", "Plans": [{"Node Type": "Hash Join", "Parent Relationship": "Outer", "Join Type": "Inner", "Startup Cost": 2182390.78, "Total Cost": 2477220.49, "Plan Rows": 2, "Plan Width": 16, "Actual Startup Time": 20463.704, "Actual Total Time": 25564.964, "Actual Rows": 58537, "Actual Loops": 1, "Inner Unique": false, "Hash Cond": "((lineitem.l_partkey = partsupp.ps_partkey) AND (lineitem.l_suppkey = partsupp.ps_suppkey))", "Join Filter": "((partsupp.ps_availqty)::double precision > (.5::double precision * (sum(lineitem.l_quantity))))", "Rows Removed by Join Filter": 136, "Plans": [{"Node Type": "Aggregate", "Strategy": "Hashed", "Parent Relationship": "Outer", "Startup Cost": 1956349.97, "Total Cost": 2069745.97, "Plan Rows": 9071680, "Plan Width": 24, "Actual Startup Time": 19427.518, "Actual Total Time": 22907.789, "Actual Rows": 5442751, "Actual Loops": 1, "Group By Key": ["lineitem.l_partkey", "lineitem.l_suppkey"], "Plans": [{"Node Type": "Bitmap Heap Scan", "Parent Relationship": "Outer", "Relation Name": "lineitem", "Alias": "lineitem", "Startup Cost": 314312.97, "Total Cost": 1865633.17, "Plan Rows": 9071680, "Plan Width": 24, "Actual Startup Time": 4199.167, "Actual Total Time": 11621.077, "Actual Rows": 9109641, "Actual Loops": 1, "Recheck Cond": "((l_shipdate >= '1993-01-01 00:00:00'::timestamp(0) without time zone) AND (l_shipdate < '1994-01-01 00:00:00'::timestamp without time zone)), (LLVM Optimized, Jit Execute)", "Rows Removed by Index Recheck": 0, "Exact Heap Blocks": 1252335, "Lossy Heap Blocks": 1252335, "Plans": [{"Node Type": "Bitmap Index Scan", "Parent Relationship": "Outer", "Index Name": "idx_lineitem_shipdate", "Startup Cost": 0.0, "Total Cost": 312045.05, "Plan Rows": 9071680, "Plan Width": 0, "Actual Startup Time": 3499.318, "Actual Total Time": 3499.318, "Actual Rows": 9109641, "Actual Loops": 1, "Index Cond": "((l_shipdate >= '1993-01-01 00:00:00'::timestamp(0) without time zone) AND (l_shipdate < '1994-01-01 00:00:00'::timestamp without time zone))"}]}]}, {"Node Type": "Hash", "Parent Relationship": "Inner", "Startup Cost": 225072.53, "Total Cost": 225072.53, "Plan Rows": 64552, "Plan Width": 32, "Actual Startup Time": 1036.025, "Actual Total Time": 1036.025, "Actual Rows": 86224, "Actual Loops": 1, "Hash Buckets": 65536, "Hash Batches": 1, "Original Hash Batches": 1, "Peak Memory Usage": 5389, "Plans": [{"Node Type": "Nested Loop", "Parent Relationship": "Outer", "Join Type": "Inner", "Startup Cost": 0.0, "Total Cost": 225072.53, "Plan Rows": 64552, "Plan Width": 32, "Actual Startup Time": 0.054, "Actual Total Time": 998.106, "Actual Rows": 86224, "Actual Loops": 1, "Inner Unique": false, "Plans": [{"Node Type": "Seq Scan", "Parent Relationship": "Outer", "Relation Name": "part", "Alias": "part", "Startup Cost": 0.0, "Total Cost": 66944.0, "Plan Rows": 22472, "Plan Width": 8, "Actual Startup Time": 0.03, "Actual Total Time": 782.61, "Actual Rows": 21556, "Actual Loops": 1, "Filter": "((p_name)::text ~~ 'green%'::text)", "Rows Removed by Filter": 1978444}, {"Node Type": "Index Scan", "Parent Relationship": "Inner", "Scan Direction": "Forward", "Index Name": "idx_partsupp_partkey", "Relation Name": "partsupp", "Alias": "partsupp", "Startup Cost": 0.0, "Total Cost": 7.01, "Plan Rows": 3, "Plan Width": 24, "Actual Startup Time": 138.227, "Actual Total Time": 182.328, "Actual Rows": 86224, "Actual Loops": 21556, "Index Cond": "(ps_partkey = part.p_partkey)", "Rows Removed by Index Recheck": 0}]}]}]}, {"Node Type": "Hash", "Parent Relationship": "Inner", "Startup Cost": 2533.35, "Total Cost": 2533.35, "Plan Rows": 4000, "Plan Width": 59, "Actual Startup Time": 8.452, "Actual Total Time": 8.452, "Actual Rows": 3934, "Actual Loops": 1, "Hash Buckets": 32768, "Hash Batches": 1, "Original Hash Batches": 1, "Peak Memory Usage": 368, "Plans": [{"Node Type": "Nested Loop", "Parent Relationship": "Outer", "Join Type": "Inner", "Startup Cost": 95.25, "Total Cost": 2533.35, "Plan Rows": 4000, "Plan Width": 59, "Actual Startup Time": 1.282, "Actual Total Time": 7.105, "Actual Rows": 3934, "Actual Loops": 1, "Inner Unique": false, "Plans": [{"Node Type": "Seq Scan", "Parent Relationship": "Outer", "Relation Name": "nation", "Alias": "nation", "Startup Cost": 0.0, "Total Cost": 1.31, "Plan Rows": 1, "Plan Width": 4, "Actual Startup Time": 0.026, "Actual Total Time": 0.038, "Actual Rows": 1, "Actual Loops": 1, "Filter": "(n_name = 'ALGERIA'::bpchar)", "Rows Removed by Filter": 24}, {"Node Type": "Bitmap Heap Scan", "Parent Relationship": "Inner", "Relation Name": "supplier", "Alias": "supplier", "Startup Cost": 95.25, "Total Cost": 2492.04, "Plan Rows": 4000, "Plan Width": 63, "Actual Startup Time": 1.25, "Actual Total Time": 6.237, "Actual Rows": 3934, "Actual Loops": 1, "Recheck Cond": "(s_nationkey = nation.n_nationkey)", "Rows Removed by Index Recheck": 0, "Exact Heap Blocks": 1897, "Lossy Heap Blocks": 1897, "Plans": [{"Node Type": "Bitmap Index Scan", "Parent Relationship": "Outer", "Index Name": "idx_supplier_nation_key", "Startup Cost": 0.0, "Total Cost": 94.25, "Plan Rows": 4000, "Plan Width": 0, "Actual Startup Time": 0.943, "Actual Total Time": 0.943, "Actual Rows": 3934, "Actual Loops": 1, "Index Cond": "(s_nationkey = nation.n_nationkey)"}]}]}]}]}]}, "Triggers": [], "Planner Runtime": 1, "Total Runtime": 25612.687, "Unique SQL Id": 202076520}}, "(1, 97)": {"explain_plan": {"Plan": {"Node Type": "Sort", "Startup Cost": 2518804.13, "Total Cost": 2518809.13, "Plan Rows": 2000, "Plan Width": 51, "Sort Key": ["supplier.s_name"], "Plans": [{"Node Type": "Hash Join", "Parent Relationship": "Outer", "Join Type": "Right Semi", "Startup Cost": 2223844.76, "Total Cost": 2518694.47, "Plan Rows": 2000, "Plan Width": 51, "Inner Unique": false, "Hash Cond": "(lineitem.l_suppkey = supplier.s_suppkey)", "Plans": [{"Node Type": "Hash Join", "Parent Relationship": "Outer", "Join Type": "Inner", "Startup Cost": 2221250.03, "Total Cost": 2516079.74, "Plan Rows": 2, "Plan Width": 16, "Inner Unique": false, "Hash Cond": "((lineitem.l_partkey = partsupp.ps_partkey) AND (lineitem.l_suppkey = partsupp.ps_suppkey))", "Join Filter": "((partsupp.ps_availqty)::double precision > (.5::double precision * (sum(lineitem.l_quantity))))", "Plans": [{"Node Type": "Aggregate", "Strategy": "Hashed", "Parent Relationship": "Outer", "Startup Cost": 1956349.97, "Total Cost": 2069745.97, "Plan Rows": 9071680, "Plan Width": 24, "Group By Key": ["lineitem.l_partkey", "lineitem.l_suppkey"], "Plans": [{"Node Type": "Bitmap Heap Scan", "Parent Relationship": "Outer", "Relation Name": "lineitem", "Alias": "lineitem", "Startup Cost": 314312.97, "Total Cost": 1865633.17, "Plan Rows": 9071680, "Plan Width": 24, "Recheck Cond": "((l_shipdate >= '1993-01-01 00:00:00'::timestamp(0) without time zone) AND (l_shipdate < '1994-01-01 00:00:00'::timestamp without time zone)), (LLVM Optimized)", "Plans": [{"Node Type": "Bitmap Index Scan", "Parent Relationship": "Outer", "Index Name": "idx_lineitem_shipdate", "Startup Cost": 0.0, "Total Cost": 312045.05, "Plan Rows": 9071680, "Plan Width": 0, "Index Cond": "((l_shipdate >= '1993-01-01 00:00:00'::timestamp(0) without time zone) AND (l_shipdate < '1994-01-01 00:00:00'::timestamp without time zone))"}]}]}, {"Node Type": "Hash", "Parent Relationship": "Inner", "Startup Cost": 263931.78, "Total Cost": 263931.78, "Plan Rows": 64552, "Plan Width": 32, "Plans": [{"Node Type": "Nested Loop", "Parent Relationship": "Outer", "Join Type": "Inner", "Startup Cost": 0.0, "Total Cost": 263931.78, "Plan Rows": 64552, "Plan Width": 32, "Inner Unique": false, "Plans": [{"Node Type": "Index Scan", "Parent Relationship": "Outer", "Scan Direction": "Forward", "Index Name": "part_kpey", "Relation Name": "part", "Alias": "part", "Startup Cost": 0.0, "Total Cost": 105803.25, "Plan Rows": 22472, "Plan Width": 8, "Filter": "((p_name)::text ~~ 'green%'::text)"}, {"Node Type": "Index Scan", "Parent Relationship": "Inner", "Scan Direction": "Forward", "Index Name": "idx_partsupp_partkey", "Relation Name": "partsupp", "Alias": "partsupp", "Startup Cost": 0.0, "Total Cost": 7.01, "Plan Rows": 3, "Plan Width": 24, "Index Cond": "(ps_partkey = part.p_partkey)"}]}]}]}, {"Node Type": "Hash", "Parent Relationship": "Inner", "Startup Cost": 2544.73, "Total Cost": 2544.73, "Plan Rows": 4000, "Plan Width": 59, "Plans": [{"Node Type": "Nested Loop", "Parent Relationship": "Outer", "Join Type": "Inner", "Startup Cost": 95.25, "Total Cost": 2544.73, "Plan Rows": 4000, "Plan Width": 59, "Inner Unique": false, "Plans": [{"Node Type": "Index Scan", "Parent Relationship": "Outer", "Scan Direction": "Forward", "Index Name": "nation_pkey", "Relation Name": "nation", "Alias": "nation", "Startup Cost": 0.0, "Total Cost": 12.69, "Plan Rows": 1, "Plan Width": 4, "Filter": "(n_name = 'ALGERIA'::bpchar)"}, {"Node Type": "Bitmap Heap Scan", "Parent Relationship": "Inner", "Relation Name": "supplier", "Alias": "supplier", "Startup Cost": 95.25, "Total Cost": 2492.04, "Plan Rows": 4000, "Plan Width": 63, "Recheck Cond": "(s_nationkey = nation.n_nationkey)", "Plans": [{"Node Type": "Bitmap Index Scan", "Parent Relationship": "Outer", "Index Name": "idx_supplier_nation_key", "Startup Cost": 0.0, "Total Cost": 94.25, "Plan Rows": 4000, "Plan Width": 0, "Index Cond": "(s_nationkey = nation.n_nationkey)"}]}]}]}]}]}, "Unique SQL Id": 202076520, "Planner Runtime": 1}, "explain_analyze_plan": {"Plan": {"Node Type": "Sort", "Startup Cost": 2518804.13, "Total Cost": 2518809.13, "Plan Rows": 2000, "Plan Width": 51, "Actual Startup Time": 25520.931, "Actual Total Time": 25521.094, "Actual Rows": 1746, "Actual Loops": 1, "Sort Key": ["supplier.s_name"], "Sort Method": "quicksort", "Sort Space Used": 309, "Sort Space Type": "Memory", "Plans": [{"Node Type": "Hash Join", "Parent Relationship": "Outer", "Join Type": "Right Semi", "Startup Cost": 2223844.76, "Total Cost": 2518694.47, "Plan Rows": 2000, "Plan Width": 51, "Actual Startup Time": 20402.071, "Actual Total Time": 25511.276, "Actual Rows": 1746, "Actual Loops": 1, "Inner Unique": false, "Hash Cond": "(lineitem.l_suppkey = supplier.s_suppkey)", "Plans": [{"Node Type": "Hash Join", "Parent Relationship": "Outer", "Join Type": "Inner", "Startup Cost": 2221250.03, "Total Cost": 2516079.74, "Plan Rows": 2, "Plan Width": 16, "Actual Startup Time": 20386.979, "Actual Total Time": 25484.449, "Actual Rows": 58537, "Actual Loops": 1, "Inner Unique": false, "Hash Cond": "((lineitem.l_partkey = partsupp.ps_partkey) AND (lineitem.l_suppkey = partsupp.ps_suppkey))", "Join Filter": "((partsupp.ps_availqty)::double precision > (.5::double precision * (sum(lineitem.l_quantity))))", "Rows Removed by Join Filter": 136, "Plans": [{"Node Type": "Aggregate", "Strategy": "Hashed", "Parent Relationship": "Outer", "Startup Cost": 1956349.97, "Total Cost": 2069745.97, "Plan Rows": 9071680, "Plan Width": 24, "Actual Startup Time": 18758.842, "Actual Total Time": 22256.522, "Actual Rows": 5442751, "Actual Loops": 1, "Group By Key": ["lineitem.l_partkey", "lineitem.l_suppkey"], "Plans": [{"Node Type": "Bitmap Heap Scan", "Parent Relationship": "Outer", "Relation Name": "lineitem", "Alias": "lineitem", "Startup Cost": 314312.97, "Total Cost": 1865633.17, "Plan Rows": 9071680, "Plan Width": 24, "Actual Startup Time": 3765.923, "Actual Total Time": 11210.061, "Actual Rows": 9109641, "Actual Loops": 1, "Recheck Cond": "((l_shipdate >= '1993-01-01 00:00:00'::timestamp(0) without time zone) AND (l_shipdate < '1994-01-01 00:00:00'::timestamp without time zone)), (LLVM Optimized, Jit Execute)", "Rows Removed by Index Recheck": 0, "Exact Heap Blocks": 1252335, "Lossy Heap Blocks": 1252335, "Plans": [{"Node Type": "Bitmap Index Scan", "Parent Relationship": "Outer", "Index Name": "idx_lineitem_shipdate", "Startup Cost": 0.0, "Total Cost": 312045.05, "Plan Rows": 9071680, "Plan Width": 0, "Actual Startup Time": 3114.03, "Actual Total Time": 3114.03, "Actual Rows": 9109641, "Actual Loops": 1, "Index Cond": "((l_shipdate >= '1993-01-01 00:00:00'::timestamp(0) without time zone) AND (l_shipdate < '1994-01-01 00:00:00'::timestamp without time zone))"}]}]}, {"Node Type": "Hash", "Parent Relationship": "Inner", "Startup Cost": 263931.78, "Total Cost": 263931.78, "Plan Rows": 64552, "Plan Width": 32, "Actual Startup Time": 1627.998, "Actual Total Time": 1627.998, "Actual Rows": 86224, "Actual Loops": 1, "Hash Buckets": 65536, "Hash Batches": 1, "Original Hash Batches": 1, "Peak Memory Usage": 5389, "Plans": [{"Node Type": "Nested Loop", "Parent Relationship": "Outer", "Join Type": "Inner", "Startup Cost": 0.0, "Total Cost": 263931.78, "Plan Rows": 64552, "Plan Width": 32, "Actual Startup Time": 0.097, "Actual Total Time": 1590.376, "Actual Rows": 86224, "Actual Loops": 1, "Inner Unique": false, "Plans": [{"Node Type": "Index Scan", "Parent Relationship": "Outer", "Scan Direction": "Forward", "Index Name": "part_kpey", "Relation Name": "part", "Alias": "part", "Startup Cost": 0.0, "Total Cost": 105803.25, "Plan Rows": 22472, "Plan Width": 8, "Actual Startup Time": 0.073, "Actual Total Time": 1376.401, "Actual Rows": 21556, "Actual Loops": 1, "Filter": "((p_name)::text ~~ 'green%'::text)", "Rows Removed by Filter": 1978444}, {"Node Type": "Index Scan", "Parent Relationship": "Inner", "Scan Direction": "Forward", "Index Name": "idx_partsupp_partkey", "Relation Name": "partsupp", "Alias": "partsupp", "Startup Cost": 0.0, "Total Cost": 7.01, "Plan Rows": 3, "Plan Width": 24, "Actual Startup Time": 136.944, "Actual Total Time": 181.585, "Actual Rows": 86224, "Actual Loops": 21556, "Index Cond": "(ps_partkey = part.p_partkey)", "Rows Removed by Index Recheck": 0}]}]}]}, {"Node Type": "Hash", "Parent Relationship": "Inner", "Startup Cost": 2544.73, "Total Cost": 2544.73, "Plan Rows": 4000, "Plan Width": 59, "Actual Startup Time": 8.312, "Actual Total Time": 8.312, "Actual Rows": 3934, "Actual Loops": 1, "Hash Buckets": 32768, "Hash Batches": 1, "Original Hash Batches": 1, "Peak Memory Usage": 368, "Plans": [{"Node Type": "Nested Loop", "Parent Relationship": "Outer", "Join Type": "Inner", "Startup Cost": 95.25, "Total Cost": 2544.73, "Plan Rows": 4000, "Plan Width": 59, "Actual Startup Time": 0.936, "Actual Total Time": 6.879, "Actual Rows": 3934, "Actual Loops": 1, "Inner Unique": false, "Plans": [{"Node Type": "Index Scan", "Parent Relationship": "Outer", "Scan Direction": "Forward", "Index Name": "nation_pkey", "Relation Name": "nation", "Alias": "nation", "Startup Cost": 0.0, "Total Cost": 12.69, "Plan Rows": 1, "Plan Width": 4, "Actual Startup Time": 0.022, "Actual Total Time": 0.05, "Actual Rows": 1, "Actual Loops": 1, "Filter": "(n_name = 'ALGERIA'::bpchar)", "Rows Removed by Filter": 24}, {"Node Type": "Bitmap Heap Scan", "Parent Relationship": "Inner", "Relation Name": "supplier", "Alias": "supplier", "Startup Cost": 95.25, "Total Cost": 2492.04, "Plan Rows": 4000, "Plan Width": 63, "Actual Startup Time": 0.907, "Actual Total Time": 5.968, "Actual Rows": 3934, "Actual Loops": 1, "Recheck Cond": "(s_nationkey = nation.n_nationkey)", "Rows Removed by Index Recheck": 0, "Exact Heap Blocks": 1897, "Lossy Heap Blocks": 1897, "Plans": [{"Node Type": "Bitmap Index Scan", "Parent Relationship": "Outer", "Index Name": "idx_supplier_nation_key", "Startup Cost": 0.0, "Total Cost": 94.25, "Plan Rows": 4000, "Plan Width": 0, "Actual Startup Time": 0.626, "Actual Total Time": 0.626, "Actual Rows": 3934, "Actual Loops": 1, "Index Cond": "(s_nationkey = nation.n_nationkey)"}]}]}]}]}]}, "Triggers": [], "Planner Runtime": 1, "Total Runtime": 25533.298, "Unique SQL Id": 202076520}}, "(1, 98)": {"explain_plan": {"Plan": {"Node Type": "Sort", "Startup Cost": 2612723.68, "Total Cost": 2612728.68, "Plan Rows": 2000, "Plan Width": 51, "Sort Key": ["supplier.s_name"], "Plans": [{"Node Type": "Hash Join", "Parent Relationship": "Outer", "Join Type": "Right Semi", "Startup Cost": 2317764.31, "Total Cost": 2612614.02, "Plan Rows": 2000, "Plan Width": 51, "Inner Unique": false, "Hash Cond": "(lineitem.l_suppkey = supplier.s_suppkey)", "Plans": [{"Node Type": "Hash Join", "Parent Relationship": "Outer", "Join Type": "Inner", "Startup Cost": 2315180.96, "Total Cost": 2610010.67, "Plan Rows": 2, "Plan Width": 16, "Inner Unique": false, "Hash Cond": "((lineitem.l_partkey = partsupp.ps_partkey) AND (lineitem.l_suppkey = partsupp.ps_suppkey))", "Join Filter": "((partsupp.ps_availqty)::double precision > (.5::double precision * (sum(lineitem.l_quantity))))", "Plans": [{"Node Type": "Aggregate", "Strategy": "Hashed", "Parent Relationship": "Outer", "Startup Cost": 1956349.97, "Total Cost": 2069745.97, "Plan Rows": 9071680, "Plan Width": 24, "Group By Key": ["lineitem.l_partkey", "lineitem.l_suppkey"], "Plans": [{"Node Type": "Bitmap Heap Scan", "Parent Relationship": "Outer", "Relation Name": "lineitem", "Alias": "lineitem", "Startup Cost": 314312.97, "Total Cost": 1865633.17, "Plan Rows": 9071680, "Plan Width": 24, "Recheck Cond": "((l_shipdate >= '1993-01-01 00:00:00'::timestamp(0) without time zone) AND (l_shipdate < '1994-01-01 00:00:00'::timestamp without time zone)), (LLVM Optimized)", "Plans": [{"Node Type": "Bitmap Index Scan", "Parent Relationship": "Outer", "Index Name": "idx_lineitem_shipdate", "Startup Cost": 0.0, "Total Cost": 312045.05, "Plan Rows": 9071680, "Plan Width": 0, "Index Cond": "((l_shipdate >= '1993-01-01 00:00:00'::timestamp(0) without time zone) AND (l_shipdate < '1994-01-01 00:00:00'::timestamp without time zone))"}]}]}, {"Node Type": "Hash", "Parent Relationship": "Inner", "Startup Cost": 357862.71, "Total Cost": 357862.71, "Plan Rows": 64552, "Plan Width": 32, "Plans": [{"Node Type": "Hash Join", "Parent Relationship": "Outer", "Join Type": "Inner", "Startup Cost": 67224.9, "Total Cost": 357862.71, "Plan Rows": 64552, "Plan Width": 32, "Inner Unique": true, "Hash Cond": "(partsupp.ps_partkey = part.p_partkey)", "Plans": [{"Node Type": "Seq Scan", "Parent Relationship": "Outer", "Relation Name": "partsupp", "Alias": "partsupp", "Startup Cost": 0.0, "Total Cost": 269987.72, "Plan Rows": 8000372, "Plan Width": 24}, {"Node Type": "Hash", "Parent Relationship": "Inner", "Startup Cost": 66944.0, "Total Cost": 66944.0, "Plan Rows": 22472, "Plan Width": 8, "Plans": [{"Node Type": "Seq Scan", "Parent Relationship": "Outer", "Relation Name": "part", "Alias": "part", "Startup Cost": 0.0, "Total Cost": 66944.0, "Plan Rows": 22472, "Plan Width": 8, "Filter": "((p_name)::text ~~ 'green%'::text)"}]}]}]}]}, {"Node Type": "Hash", "Parent Relationship": "Inner", "Startup Cost": 2533.35, "Total Cost": 2533.35, "Plan Rows": 4000, "Plan Width": 59, "Plans": [{"Node Type": "Nested Loop", "Parent Relationship": "Outer", "Join Type": "Inner", "Startup Cost": 95.25, "Total Cost": 2533.35, "Plan Rows": 4000, "Plan Width": 59, "Inner Unique": false, "Plans": [{"Node Type": "Seq Scan", "Parent Relationship": "Outer", "Relation Name": "nation", "Alias": "nation", "Startup Cost": 0.0, "Total Cost": 1.31, "Plan Rows": 1, "Plan Width": 4, "Filter": "(n_name = 'ALGERIA'::bpchar)"}, {"Node Type": "Bitmap Heap Scan", "Parent Relationship": "Inner", "Relation Name": "supplier", "Alias": "supplier", "Startup Cost": 95.25, "Total Cost": 2492.04, "Plan Rows": 4000, "Plan Width": 63, "Recheck Cond": "(s_nationkey = nation.n_nationkey)", "Plans": [{"Node Type": "Bitmap Index Scan", "Parent Relationship": "Outer", "Index Name": "idx_supplier_nation_key", "Startup Cost": 0.0, "Total Cost": 94.25, "Plan Rows": 4000, "Plan Width": 0, "Index Cond": "(s_nationkey = nation.n_nationkey)"}]}]}]}]}]}, "Unique SQL Id": 202076520, "Planner Runtime": 1}, "explain_analyze_plan": {"Plan": {"Node Type": "Sort", "Startup Cost": 2612723.68, "Total Cost": 2612728.68, "Plan Rows": 2000, "Plan Width": 51, "Actual Startup Time": 28438.978, "Actual Total Time": 28439.138, "Actual Rows": 1746, "Actual Loops": 1, "Sort Key": ["supplier.s_name"], "Sort Method": "quicksort", "Sort Space Used": 309, "Sort Space Type": "Memory", "Plans": [{"Node Type": "Hash Join", "Parent Relationship": "Outer", "Join Type": "Right Semi", "Startup Cost": 2317764.31, "Total Cost": 2612614.02, "Plan Rows": 2000, "Plan Width": 51, "Actual Startup Time": 23513.275, "Actual Total Time": 28429.3, "Actual Rows": 1746, "Actual Loops": 1, "Inner Unique": false, "Hash Cond": "(lineitem.l_suppkey = supplier.s_suppkey)", "Plans": [{"Node Type": "Hash Join", "Parent Relationship": "Outer", "Join Type": "Inner", "Startup Cost": 2315180.96, "Total Cost": 2610010.67, "Plan Rows": 2, "Plan Width": 16, "Actual Startup Time": 23498.568, "Actual Total Time": 28404.063, "Actual Rows": 58537, "Actual Loops": 1, "Inner Unique": false, "Hash Cond": "((lineitem.l_partkey = partsupp.ps_partkey) AND (lineitem.l_suppkey = partsupp.ps_suppkey))", "Join Filter": "((partsupp.ps_availqty)::double precision > (.5::double precision * (sum(lineitem.l_quantity))))", "Rows Removed by Join Filter": 136, "Plans": [{"Node Type": "Aggregate", "Strategy": "Hashed", "Parent Relationship": "Outer", "Startup Cost": 1956349.97, "Total Cost": 2069745.97, "Plan Rows": 9071680, "Plan Width": 24, "Actual Startup Time": 18773.704, "Actual Total Time": 22155.624, "Actual Rows": 5442751, "Actual Loops": 1, "Group By Key": ["lineitem.l_partkey", "lineitem.l_suppkey"], "Plans": [{"Node Type": "Bitmap Heap Scan", "Parent Relationship": "Outer", "Relation Name": "lineitem", "Alias": "lineitem", "Startup Cost": 314312.97, "Total Cost": 1865633.17, "Plan Rows": 9071680, "Plan Width": 24, "Actual Startup Time": 3531.172, "Actual Total Time": 10929.236, "Actual Rows": 9109641, "Actual Loops": 1, "Recheck Cond": "((l_shipdate >= '1993-01-01 00:00:00'::timestamp(0) without time zone) AND (l_shipdate < '1994-01-01 00:00:00'::timestamp without time zone)), (LLVM Optimized, Jit Execute)", "Rows Removed by Index Recheck": 0, "Exact Heap Blocks": 1252335, "Lossy Heap Blocks": 1252335, "Plans": [{"Node Type": "Bitmap Index Scan", "Parent Relationship": "Outer", "Index Name": "idx_lineitem_shipdate", "Startup Cost": 0.0, "Total Cost": 312045.05, "Plan Rows": 9071680, "Plan Width": 0, "Actual Startup Time": 2986.706, "Actual Total Time": 2986.706, "Actual Rows": 9109641, "Actual Loops": 1, "Index Cond": "((l_shipdate >= '1993-01-01 00:00:00'::timestamp(0) without time zone) AND (l_shipdate < '1994-01-01 00:00:00'::timestamp without time zone))"}]}]}, {"Node Type": "Hash", "Parent Relationship": "Inner", "Startup Cost": 357862.71, "Total Cost": 357862.71, "Plan Rows": 64552, "Plan Width": 32, "Actual Startup Time": 4724.517, "Actual Total Time": 4724.517, "Actual Rows": 86224, "Actual Loops": 1, "Hash Buckets": 65536, "Hash Batches": 1, "Original Hash Batches": 1, "Peak Memory Usage": 5389, "Plans": [{"Node Type": "Hash Join", "Parent Relationship": "Outer", "Join Type": "Inner", "Startup Cost": 67224.9, "Total Cost": 357862.71, "Plan Rows": 64552, "Plan Width": 32, "Actual Startup Time": 770.563, "Actual Total Time": 4684.501, "Actual Rows": 86224, "Actual Loops": 1, "Inner Unique": true, "Hash Cond": "(partsupp.ps_partkey = part.p_partkey)", "Plans": [{"Node Type": "Seq Scan", "Parent Relationship": "Outer", "Relation Name": "partsupp", "Alias": "partsupp", "Startup Cost": 0.0, "Total Cost": 269987.72, "Plan Rows": 8000372, "Plan Width": 24, "Actual Startup Time": 0.016, "Actual Total Time": 2373.227, "Actual Rows": 8000000, "Actual Loops": 1}, {"Node Type": "Hash", "Parent Relationship": "Inner", "Startup Cost": 66944.0, "Total Cost": 66944.0, "Plan Rows": 22472, "Plan Width": 8, "Actual Startup Time": 770.379, "Actual Total Time": 770.379, "Actual Rows": 21556, "Actual Loops": 1, "Hash Buckets": 32768, "Hash Batches": 1, "Original Hash Batches": 1, "Peak Memory Usage": 843, "Plans": [{"Node Type": "Seq Scan", "Parent Relationship": "Outer", "Relation Name": "part", "Alias": "part", "Startup Cost": 0.0, "Total Cost": 66944.0, "Plan Rows": 22472, "Plan Width": 8, "Actual Startup Time": 0.037, "Actual Total Time": 762.01, "Actual Rows": 21556, "Actual Loops": 1, "Filter": "((p_name)::text ~~ 'green%'::text)", "Rows Removed by Filter": 1978444}]}]}]}]}, {"Node Type": "Hash", "Parent Relationship": "Inner", "Startup Cost": 2533.35, "Total Cost": 2533.35, "Plan Rows": 4000, "Plan Width": 59, "Actual Startup Time": 8.094, "Actual Total Time": 8.094, "Actual Rows": 3934, "Actual Loops": 1, "Hash Buckets": 32768, "Hash Batches": 1, "Original Hash Batches": 1, "Peak Memory Usage": 368, "Plans": [{"Node Type": "Nested Loop", "Parent Relationship": "Outer", "Join Type": "Inner", "Startup Cost": 95.25, "Total Cost": 2533.35, "Plan Rows": 4000, "Plan Width": 59, "Actual Startup Time": 0.95, "Actual Total Time": 6.796, "Actual Rows": 3934, "Actual Loops": 1, "Inner Unique": false, "Plans": [{"Node Type": "Seq Scan", "Parent Relationship": "Outer", "Relation Name": "nation", "Alias": "nation", "Startup Cost": 0.0, "Total Cost": 1.31, "Plan Rows": 1, "Plan Width": 4, "Actual Startup Time": 0.027, "Actual Total Time": 0.04, "Actual Rows": 1, "Actual Loops": 1, "Filter": "(n_name = 'ALGERIA'::bpchar)", "Rows Removed by Filter": 24}, {"Node Type": "Bitmap Heap Scan", "Parent Relationship": "Inner", "Relation Name": "supplier", "Alias": "supplier", "Startup Cost": 95.25, "Total Cost": 2492.04, "Plan Rows": 4000, "Plan Width": 63, "Actual Startup Time": 0.917, "Actual Total Time": 5.908, "Actual Rows": 3934, "Actual Loops": 1, "Recheck Cond": "(s_nationkey = nation.n_nationkey)", "Rows Removed by Index Recheck": 0, "Exact Heap Blocks": 1897, "Lossy Heap Blocks": 1897, "Plans": [{"Node Type": "Bitmap Index Scan", "Parent Relationship": "Outer", "Index Name": "idx_supplier_nation_key", "Startup Cost": 0.0, "Total Cost": 94.25, "Plan Rows": 4000, "Plan Width": 0, "Actual Startup Time": 0.625, "Actual Total Time": 0.625, "Actual Rows": 3934, "Actual Loops": 1, "Index Cond": "(s_nationkey = nation.n_nationkey)"}]}]}]}]}]}, "Triggers": [], "Planner Runtime": 1, "Total Runtime": 28451.343, "Unique SQL Id": 202076520}}, "(1, 99)": {"explain_plan": {"Plan": {"Node Type": "Sort", "Startup Cost": 41474309.17, "Total Cost": 41474314.17, "Plan Rows": 2000, "Plan Width": 51, "Sort Key": ["supplier.s_name"], "Plans": [{"Node Type": "Nested Loop", "Parent Relationship": "Outer", "Join Type": "Inner", "Startup Cost": 41260049.96, "Total Cost": 41474199.51, "Plan Rows": 2000, "Plan Width": 51, "Inner Unique": true, "Plans": [{"Node Type": "Nested Loop", "Parent Relationship": "Outer", "Join Type": "Inner", "Startup Cost": 41260049.7, "Total Cost": 41260058.01, "Plan Rows": 50000, "Plan Width": 55, "Inner Unique": true, "Plans": [{"Node Type": "Unique", "Parent Relationship": "Outer", "Startup Cost": 41260049.44, "Total Cost": 41260049.45, "Plan Rows": 2, "Plan Width": 16, "Plans": [{"Node Type": "Sort", "Parent Relationship": "Outer", "Startup Cost": 41260049.44, "Total Cost": 41260049.45, "Plan Rows": 2, "Plan Width": 16, "Sort Key": ["partsupp.ps_suppkey"], "Plans": [{"Node Type": "Nested Loop", "Parent Relationship": "Outer", "Join Type": "Semi", "Startup Cost": 1956350.51, "Total Cost": 41260049.43, "Plan Rows": 2, "Plan Width": 16, "Inner Unique": false, "Join Filter": "(partsupp.ps_partkey = part.p_partkey)", "Plans": [{"Node Type": "Nested Loop", "Parent Relationship": "Outer", "Join Type": "Inner", "Startup Cost": 1956350.25, "Total Cost": 41259981.09, "Plan Rows": 15, "Plan Width": 32, "Inner Unique": true, "Plans": [{"Node Type": "Aggregate", "Strategy": "Hashed", "Parent Relationship": "Outer", "Startup Cost": 1956349.97, "Total Cost": 2069745.97, "Plan Rows": 9071680, "Plan Width": 24, "Group By Key": ["lineitem.l_partkey", "lineitem.l_suppkey"], "Plans": [{"Node Type": "Bitmap Heap Scan", "Parent Relationship": "Outer", "Relation Name": "lineitem", "Alias": "lineitem", "Startup Cost": 314312.97, "Total Cost": 1865633.17, "Plan Rows": 9071680, "Plan Width": 24, "Recheck Cond": "((l_shipdate >= '1993-01-01 00:00:00'::timestamp(0) without time zone) AND (l_shipdate < '1994-01-01 00:00:00'::timestamp without time zone)), (LLVM Optimized)", "Plans": [{"Node Type": "Bitmap Index Scan", "Parent Relationship": "Outer", "Index Name": "idx_lineitem_shipdate", "Startup Cost": 0.0, "Total Cost": 312045.05, "Plan Rows": 9071680, "Plan Width": 0, "Index Cond": "((l_shipdate >= '1993-01-01 00:00:00'::timestamp(0) without time zone) AND (l_shipdate < '1994-01-01 00:00:00'::timestamp without time zone))"}]}]}, {"Node Type": "Bitmap Heap Scan", "Parent Relationship": "Inner", "Relation Name": "partsupp", "Alias": "partsupp", "Startup Cost": 0.28, "Total Cost": 4.3, "Plan Rows": 1, "Plan Width": 24, "Recheck Cond": "((ps_partkey = lineitem.l_partkey) AND (ps_suppkey = lineitem.l_suppkey))", "Filter": "((ps_availqty)::double precision > (.5::double precision * (sum(lineitem.l_quantity))))", "Plans": [{"Node Type": "Bitmap Index Scan", "Parent Relationship": "Outer", "Index Name": "partsupp_pkey", "Startup Cost": 0.0, "Total Cost": 0.28, "Plan Rows": 1, "Plan Width": 0, "Index Cond": "((ps_partkey = lineitem.l_partkey) AND (ps_suppkey = lineitem.l_suppkey))"}]}]}, {"Node Type": "Bitmap Heap Scan", "Parent Relationship": "Inner", "Relation Name": "part", "Alias": "part", "Startup Cost": 0.26, "Total Cost": 4.28, "Plan Rows": 1, "Plan Width": 8, "Recheck Cond": "(p_partkey = lineitem.l_partkey)", "Filter": "((p_name)::text ~~ 'green%'::text)", "Plans": [{"Node Type": "Bitmap Index Scan", "Parent Relationship": "Outer", "Index Name": "part_kpey", "Startup Cost": 0.0, "Total Cost": 0.26, "Plan Rows": 1, "Plan Width": 0, "Index Cond": "(p_partkey = lineitem.l_partkey)"}]}]}]}]}, {"Node Type": "Bitmap Heap Scan", "Parent Relationship": "Inner", "Relation Name": "supplier", "Alias": "supplier", "Startup Cost": 0.26, "Total Cost": 4.27, "Plan Rows": 1, "Plan Width": 63, "Recheck Cond": "(s_suppkey = lineitem.l_suppkey)", "Plans": [{"Node Type": "Bitmap Index Scan", "Parent Relationship": "Outer", "Index Name": "supplier_pkey", "Startup Cost": 0.0, "Total Cost": 0.26, "Plan Rows": 1, "Plan Width": 0, "Index Cond": "(s_suppkey = lineitem.l_suppkey)"}]}]}, {"Node Type": "Bitmap Heap Scan", "Parent Relationship": "Inner", "Relation Name": "nation", "Alias": "nation", "Startup Cost": 0.26, "Total Cost": 4.27, "Plan Rows": 1, "Plan Width": 4, "Recheck Cond": "(n_nationkey = supplier.s_nationkey)", "Filter": "(n_name = 'ALGERIA'::bpchar)", "Plans": [{"Node Type": "Bitmap Index Scan", "Parent Relationship": "Outer", "Index Name": "nation_pkey", "Startup Cost": 0.0, "Total Cost": 0.26, "Plan Rows": 1, "Plan Width": 0, "Index Cond": "(n_nationkey = supplier.s_nationkey)"}]}]}]}, "Unique SQL Id": 202076520, "Planner Runtime": 1}, "explain_analyze_plan": {"Plan": {"Node Type": "Sort", "Startup Cost": 41474309.17, "Total Cost": 41474314.17, "Plan Rows": 2000, "Plan Width": 51, "Actual Startup Time": 123034.011, "Actual Total Time": 123034.172, "Actual Rows": 1746, "Actual Loops": 1, "Sort Key": ["supplier.s_name"], "Sort Method": "quicksort", "Sort Space Used": 309, "Sort Space Type": "Memory", "Plans": [{"Node Type": "Nested Loop", "Parent Relationship": "Outer", "Join Type": "Inner", "Startup Cost": 41260049.96, "Total Cost": 41474199.51, "Plan Rows": 2000, "Plan Width": 51, "Actual Startup Time": 122623.884, "Actual Total Time": 123032.253, "Actual Rows": 1746, "Actual Loops": 1, "Inner Unique": true, "Plans": [{"Node Type": "Nested Loop", "Parent Relationship": "Outer", "Join Type": "Inner", "Startup Cost": 41260049.7, "Total Cost": 41260058.01, "Plan Rows": 50000, "Plan Width": 55, "Actual Startup Time": 122623.574, "Actual Total Time": 122860.159, "Actual Rows": 44487, "Actual Loops": 1, "Inner Unique": true, "Plans": [{"Node Type": "Unique", "Parent Relationship": "Outer", "Startup Cost": 41260049.44, "Total Cost": 41260049.45, "Plan Rows": 2, "Plan Width": 16, "Actual Startup Time": 122623.524, "Actual Total Time": 122652.62, "Actual Rows": 44487, "Actual Loops": 1, "Plans": [{"Node Type": "Sort", "Parent Relationship": "Outer", "Startup Cost": 41260049.44, "Total Cost": 41260049.45, "Plan Rows": 2, "Plan Width": 16, "Actual Startup Time": 122623.52, "Actual Total Time": 122634.619, "Actual Rows": 58537, "Actual Loops": 1, "Sort Key": ["partsupp.ps_suppkey"], "Sort Method": "quicksort", "Sort Space Used": 7024, "Sort Space Type": "Memory", "Plans": [{"Node Type": "Nested Loop", "Parent Relationship": "Outer", "Join Type": "Semi", "Startup Cost": 1956350.51, "Total Cost": 41260049.43, "Plan Rows": 2, "Plan Width": 16, "Actual Startup Time": 18960.753, "Actual Total Time": 122538.632, "Actual Rows": 58537, "Actual Loops": 1, "Inner Unique": false, "Join Filter": "(partsupp.ps_partkey = part.p_partkey)", "Rows Removed by Join Filter": 0, "Plans": [{"Node Type": "Nested Loop", "Parent Relationship": "Outer", "Join Type": "Inner", "Startup Cost": 1956350.25, "Total Cost": 41259981.09, "Plan Rows": 15, "Plan Width": 32, "Actual Startup Time": 18960.35, "Actual Total Time": 76712.02, "Actual Rows": 5431247, "Actual Loops": 1, "Inner Unique": true, "Plans": [{"Node Type": "Aggregate", "Strategy": "Hashed", "Parent Relationship": "Outer", "Startup Cost": 1956349.97, "Total Cost": 2069745.97, "Plan Rows": 9071680, "Plan Width": 24, "Actual Startup Time": 18960.226, "Actual Total Time": 23912.293, "Actual Rows": 5442751, "Actual Loops": 1, "Group By Key": ["lineitem.l_partkey", "lineitem.l_suppkey"], "Plans": [{"Node Type": "Bitmap Heap Scan", "Parent Relationship": "Outer", "Relation Name": "lineitem", "Alias": "lineitem", "Startup Cost": 314312.97, "Total Cost": 1865633.17, "Plan Rows": 9071680, "Plan Width": 24, "Actual Startup Time": 4194.642, "Actual Total Time": 11458.292, "Actual Rows": 9109641, "Actual Loops": 1, "Recheck Cond": "((l_shipdate >= '1993-01-01 00:00:00'::timestamp(0) without time zone) AND (l_shipdate < '1994-01-01 00:00:00'::timestamp without time zone)), (LLVM Optimized, Jit Execute)", "Rows Removed by Index Recheck": 0, "Exact Heap Blocks": 1252335, "Lossy Heap Blocks": 1252335, "Plans": [{"Node Type": "Bitmap Index Scan", "Parent Relationship": "Outer", "Index Name": "idx_lineitem_shipdate", "Startup Cost": 0.0, "Total Cost": 312045.05, "Plan Rows": 9071680, "Plan Width": 0, "Actual Startup Time": 3470.055, "Actual Total Time": 3470.055, "Actual Rows": 9109641, "Actual Loops": 1, "Index Cond": "((l_shipdate >= '1993-01-01 00:00:00'::timestamp(0) without time zone) AND (l_shipdate < '1994-01-01 00:00:00'::timestamp without time zone))"}]}]}, {"Node Type": "Bitmap Heap Scan", "Parent Relationship": "Inner", "Relation Name": "partsupp", "Alias": "partsupp", "Startup Cost": 0.28, "Total Cost": 4.3, "Plan Rows": 1, "Plan Width": 24, "Actual Startup Time": 44899.069, "Actual Total Time": 44899.069, "Actual Rows": 5431247, "Actual Loops": 5442751, "Recheck Cond": "((ps_partkey = lineitem.l_partkey) AND (ps_suppkey = lineitem.l_suppkey))", "Rows Removed by Index Recheck": 0, "Filter": "((ps_availqty)::double precision > (.5::double precision * (sum(lineitem.l_quantity))))", "Rows Removed by Filter": 11504, "Exact Heap Blocks": 5442751, "Lossy Heap Blocks": 5442751, "Plans": [{"Node Type": "Bitmap Index Scan", "Parent Relationship": "Outer", "Index Name": "partsupp_pkey", "Startup Cost": 0.0, "Total Cost": 0.28, "Plan Rows": 1, "Plan Width": 0, "Actual Startup Time": 27584.74, "Actual Total Time": 27584.74, "Actual Rows": 5442751, "Actual Loops": 5442751, "Index Cond": "((ps_partkey = lineitem.l_partkey) AND (ps_suppkey = lineitem.l_suppkey))"}]}]}, {"Node Type": "Bitmap Heap Scan", "Parent Relationship": "Inner", "Relation Name": "part", "Alias": "part", "Startup Cost": 0.26, "Total Cost": 4.28, "Plan Rows": 1, "Plan Width": 8, "Actual Startup Time": 39579.35, "Actual Total Time": 39579.35, "Actual Rows": 58537, "Actual Loops": 5431247, "Recheck Cond": "(p_partkey = lineitem.l_partkey)", "Rows Removed by Index Recheck": 0, "Filter": "((p_name)::text ~~ 'green%'::text)", "Rows Removed by Filter": 5372710, "Exact Heap Blocks": 5431247, "Lossy Heap Blocks": 5431247, "Plans": [{"Node Type": "Bitmap Index Scan", "Parent Relationship": "Outer", "Index Name": "part_kpey", "Startup Cost": 0.0, "Total Cost": 0.26, "Plan Rows": 1, "Plan Width": 0, "Actual Startup Time": 23439.794, "Actual Total Time": 23439.794, "Actual Rows": 5431247, "Actual Loops": 5431247, "Index Cond": "(p_partkey = lineitem.l_partkey)"}]}]}]}]}, {"Node Type": "Bitmap Heap Scan", "Parent Relationship": "Inner", "Relation Name": "supplier", "Alias": "supplier", "Startup Cost": 0.26, "Total Cost": 4.27, "Plan Rows": 1, "Plan Width": 63, "Actual Startup Time": 148.575, "Actual Total Time": 148.575, "Actual Rows": 44487, "Actual Loops": 44487, "Recheck Cond": "(s_suppkey = lineitem.l_suppkey)", "Rows Removed by Index Recheck": 0, "Exact Heap Blocks": 44487, "Lossy Heap Blocks": 44487, "Plans": [{"Node Type": "Bitmap Index Scan", "Parent Relationship": "Outer", "Index Name": "supplier_pkey", "Startup Cost": 0.0, "Total Cost": 0.26, "Plan Rows": 1, "Plan Width": 0, "Actual Startup Time": 81.957, "Actual Total Time": 81.957, "Actual Rows": 44487, "Actual Loops": 44487, "Index Cond": "(s_suppkey = lineitem.l_suppkey)"}]}]}, {"Node Type": "Bitmap Heap Scan", "Parent Relationship": "Inner", "Relation Name": "nation", "Alias": "nation", "Startup Cost": 0.26, "Total Cost": 4.27, "Plan Rows": 1, "Plan Width": 4, "Actual Startup Time": 121.825, "Actual Total Time": 121.825, "Actual Rows": 1746, "Actual Loops": 44487, "Recheck Cond": "(n_nationkey = supplier.s_nationkey)", "Rows Removed by Index Recheck": 0, "Filter": "(n_name = 'ALGERIA'::bpchar)", "Rows Removed by Filter": 42741, "Exact Heap Blocks": 44487, "Lossy Heap Blocks": 44487, "Plans": [{"Node Type": "Bitmap Index Scan", "Parent Relationship": "Outer", "Index Name": "nation_pkey", "Startup Cost": 0.0, "Total Cost": 0.26, "Plan Rows": 1, "Plan Width": 0, "Actual Startup Time": 45.466, "Actual Total Time": 45.466, "Actual Rows": 44487, "Actual Loops": 44487, "Index Cond": "(n_nationkey = supplier.s_nationkey)"}]}]}]}, "Triggers": [], "Planner Runtime": 1, "Total Runtime": 123046.421, "Unique SQL Id": 202076520}}, "(1, 100)": {"explain_plan": {"Plan": {"Node Type": "Sort", "Startup Cost": 2479933.5, "Total Cost": 2479938.5, "Plan Rows": 2000, "Plan Width": 51, "Sort Key": ["supplier.s_name"], "Plans": [{"Node Type": "Hash Join", "Parent Relationship": "Outer", "Join Type": "Right Semi", "Startup Cost": 2184974.13, "Total Cost": 2479823.85, "Plan Rows": 2000, "Plan Width": 51, "Inner Unique": false, "Hash Cond": "(lineitem.l_suppkey = supplier.s_suppkey)", "Plans": [{"Node Type": "Hash Join", "Parent Relationship": "Outer", "Join Type": "Inner", "Startup Cost": 2182390.78, "Total Cost": 2477220.49, "Plan Rows": 2, "Plan Width": 16, "Inner Unique": false, "Hash Cond": "((lineitem.l_partkey = partsupp.ps_partkey) AND (lineitem.l_suppkey = partsupp.ps_suppkey))", "Join Filter": "((partsupp.ps_availqty)::double precision > (.5::double precision * (sum(lineitem.l_quantity))))", "Plans": [{"Node Type": "Aggregate", "Strategy": "Hashed", "Parent Relationship": "Outer", "Startup Cost": 1956349.97, "Total Cost": 2069745.97, "Plan Rows": 9071680, "Plan Width": 24, "Group By Key": ["lineitem.l_partkey", "lineitem.l_suppkey"], "Plans": [{"Node Type": "Bitmap Heap Scan", "Parent Relationship": "Outer", "Relation Name": "lineitem", "Alias": "lineitem", "Startup Cost": 314312.97, "Total Cost": 1865633.17, "Plan Rows": 9071680, "Plan Width": 24, "Recheck Cond": "((l_shipdate >= '1993-01-01 00:00:00'::timestamp(0) without time zone) AND (l_shipdate < '1994-01-01 00:00:00'::timestamp without time zone)), (LLVM Optimized)", "Plans": [{"Node Type": "Bitmap Index Scan", "Parent Relationship": "Outer", "Index Name": "idx_lineitem_shipdate", "Startup Cost": 0.0, "Total Cost": 312045.05, "Plan Rows": 9071680, "Plan Width": 0, "Index Cond": "((l_shipdate >= '1993-01-01 00:00:00'::timestamp(0) without time zone) AND (l_shipdate < '1994-01-01 00:00:00'::timestamp without time zone))"}]}]}, {"Node Type": "Hash", "Parent Relationship": "Inner", "Startup Cost": 225072.53, "Total Cost": 225072.53, "Plan Rows": 64552, "Plan Width": 32, "Plans": [{"Node Type": "Nested Loop", "Parent Relationship": "Outer", "Join Type": "Inner", "Startup Cost": 0.0, "Total Cost": 225072.53, "Plan Rows": 64552, "Plan Width": 32, "Inner Unique": false, "Plans": [{"Node Type": "Seq Scan", "Parent Relationship": "Outer", "Relation Name": "part", "Alias": "part", "Startup Cost": 0.0, "Total Cost": 66944.0, "Plan Rows": 22472, "Plan Width": 8, "Filter": "((p_name)::text ~~ 'green%'::text)"}, {"Node Type": "Index Scan", "Parent Relationship": "Inner", "Scan Direction": "Forward", "Index Name": "idx_partsupp_partkey", "Relation Name": "partsupp", "Alias": "partsupp", "Startup Cost": 0.0, "Total Cost": 7.01, "Plan Rows": 3, "Plan Width": 24, "Index Cond": "(ps_partkey = part.p_partkey)"}]}]}]}, {"Node Type": "Hash", "Parent Relationship": "Inner", "Startup Cost": 2533.35, "Total Cost": 2533.35, "Plan Rows": 4000, "Plan Width": 59, "Plans": [{"Node Type": "Nested Loop", "Parent Relationship": "Outer", "Join Type": "Inner", "Startup Cost": 95.25, "Total Cost": 2533.35, "Plan Rows": 4000, "Plan Width": 59, "Inner Unique": false, "Plans": [{"Node Type": "Seq Scan", "Parent Relationship": "Outer", "Relation Name": "nation", "Alias": "nation", "Startup Cost": 0.0, "Total Cost": 1.31, "Plan Rows": 1, "Plan Width": 4, "Filter": "(n_name = 'ALGERIA'::bpchar)"}, {"Node Type": "Bitmap Heap Scan", "Parent Relationship": "Inner", "Relation Name": "supplier", "Alias": "supplier", "Startup Cost": 95.25, "Total Cost": 2492.04, "Plan Rows": 4000, "Plan Width": 63, "Recheck Cond": "(s_nationkey = nation.n_nationkey)", "Plans": [{"Node Type": "Bitmap Index Scan", "Parent Relationship": "Outer", "Index Name": "idx_supplier_nation_key", "Startup Cost": 0.0, "Total Cost": 94.25, "Plan Rows": 4000, "Plan Width": 0, "Index Cond": "(s_nationkey = nation.n_nationkey)"}]}]}]}]}]}, "Unique SQL Id": 202076520, "Planner Runtime": 1}, "explain_analyze_plan": {"Plan": {"Node Type": "Sort", "Startup Cost": 2479933.5, "Total Cost": 2479938.5, "Plan Rows": 2000, "Plan Width": 51, "Actual Startup Time": 25601.06, "Actual Total Time": 25601.233, "Actual Rows": 1746, "Actual Loops": 1, "Sort Key": ["supplier.s_name"], "Sort Method": "quicksort", "Sort Space Used": 309, "Sort Space Type": "Memory", "Plans": [{"Node Type": "Hash Join", "Parent Relationship": "Outer", "Join Type": "Right Semi", "Startup Cost": 2184974.13, "Total Cost": 2479823.85, "Plan Rows": 2000, "Plan Width": 51, "Actual Startup Time": 20479.002, "Actual Total Time": 25591.291, "Actual Rows": 1746, "Actual Loops": 1, "Inner Unique": false, "Hash Cond": "(lineitem.l_suppkey = supplier.s_suppkey)", "Plans": [{"Node Type": "Hash Join", "Parent Relationship": "Outer", "Join Type": "Inner", "Startup Cost": 2182390.78, "Total Cost": 2477220.49, "Plan Rows": 2, "Plan Width": 16, "Actual Startup Time": 20463.704, "Actual Total Time": 25564.964, "Actual Rows": 58537, "Actual Loops": 1, "Inner Unique": false, "Hash Cond": "((lineitem.l_partkey = partsupp.ps_partkey) AND (lineitem.l_suppkey = partsupp.ps_suppkey))", "Join Filter": "((partsupp.ps_availqty)::double precision > (.5::double precision * (sum(lineitem.l_quantity))))", "Rows Removed by Join Filter": 136, "Plans": [{"Node Type": "Aggregate", "Strategy": "Hashed", "Parent Relationship": "Outer", "Startup Cost": 1956349.97, "Total Cost": 2069745.97, "Plan Rows": 9071680, "Plan Width": 24, "Actual Startup Time": 19427.518, "Actual Total Time": 22907.789, "Actual Rows": 5442751, "Actual Loops": 1, "Group By Key": ["lineitem.l_partkey", "lineitem.l_suppkey"], "Plans": [{"Node Type": "Bitmap Heap Scan", "Parent Relationship": "Outer", "Relation Name": "lineitem", "Alias": "lineitem", "Startup Cost": 314312.97, "Total Cost": 1865633.17, "Plan Rows": 9071680, "Plan Width": 24, "Actual Startup Time": 4199.167, "Actual Total Time": 11621.077, "Actual Rows": 9109641, "Actual Loops": 1, "Recheck Cond": "((l_shipdate >= '1993-01-01 00:00:00'::timestamp(0) without time zone) AND (l_shipdate < '1994-01-01 00:00:00'::timestamp without time zone)), (LLVM Optimized, Jit Execute)", "Rows Removed by Index Recheck": 0, "Exact Heap Blocks": 1252335, "Lossy Heap Blocks": 1252335, "Plans": [{"Node Type": "Bitmap Index Scan", "Parent Relationship": "Outer", "Index Name": "idx_lineitem_shipdate", "Startup Cost": 0.0, "Total Cost": 312045.05, "Plan Rows": 9071680, "Plan Width": 0, "Actual Startup Time": 3499.318, "Actual Total Time": 3499.318, "Actual Rows": 9109641, "Actual Loops": 1, "Index Cond": "((l_shipdate >= '1993-01-01 00:00:00'::timestamp(0) without time zone) AND (l_shipdate < '1994-01-01 00:00:00'::timestamp without time zone))"}]}]}, {"Node Type": "Hash", "Parent Relationship": "Inner", "Startup Cost": 225072.53, "Total Cost": 225072.53, "Plan Rows": 64552, "Plan Width": 32, "Actual Startup Time": 1036.025, "Actual Total Time": 1036.025, "Actual Rows": 86224, "Actual Loops": 1, "Hash Buckets": 65536, "Hash Batches": 1, "Original Hash Batches": 1, "Peak Memory Usage": 5389, "Plans": [{"Node Type": "Nested Loop", "Parent Relationship": "Outer", "Join Type": "Inner", "Startup Cost": 0.0, "Total Cost": 225072.53, "Plan Rows": 64552, "Plan Width": 32, "Actual Startup Time": 0.054, "Actual Total Time": 998.106, "Actual Rows": 86224, "Actual Loops": 1, "Inner Unique": false, "Plans": [{"Node Type": "Seq Scan", "Parent Relationship": "Outer", "Relation Name": "part", "Alias": "part", "Startup Cost": 0.0, "Total Cost": 66944.0, "Plan Rows": 22472, "Plan Width": 8, "Actual Startup Time": 0.03, "Actual Total Time": 782.61, "Actual Rows": 21556, "Actual Loops": 1, "Filter": "((p_name)::text ~~ 'green%'::text)", "Rows Removed by Filter": 1978444}, {"Node Type": "Index Scan", "Parent Relationship": "Inner", "Scan Direction": "Forward", "Index Name": "idx_partsupp_partkey", "Relation Name": "partsupp", "Alias": "partsupp", "Startup Cost": 0.0, "Total Cost": 7.01, "Plan Rows": 3, "Plan Width": 24, "Actual Startup Time": 138.227, "Actual Total Time": 182.328, "Actual Rows": 86224, "Actual Loops": 21556, "Index Cond": "(ps_partkey = part.p_partkey)", "Rows Removed by Index Recheck": 0}]}]}]}, {"Node Type": "Hash", "Parent Relationship": "Inner", "Startup Cost": 2533.35, "Total Cost": 2533.35, "Plan Rows": 4000, "Plan Width": 59, "Actual Startup Time": 8.452, "Actual Total Time": 8.452, "Actual Rows": 3934, "Actual Loops": 1, "Hash Buckets": 32768, "Hash Batches": 1, "Original Hash Batches": 1, "Peak Memory Usage": 368, "Plans": [{"Node Type": "Nested Loop", "Parent Relationship": "Outer", "Join Type": "Inner", "Startup Cost": 95.25, "Total Cost": 2533.35, "Plan Rows": 4000, "Plan Width": 59, "Actual Startup Time": 1.282, "Actual Total Time": 7.105, "Actual Rows": 3934, "Actual Loops": 1, "Inner Unique": false, "Plans": [{"Node Type": "Seq Scan", "Parent Relationship": "Outer", "Relation Name": "nation", "Alias": "nation", "Startup Cost": 0.0, "Total Cost": 1.31, "Plan Rows": 1, "Plan Width": 4, "Actual Startup Time": 0.026, "Actual Total Time": 0.038, "Actual Rows": 1, "Actual Loops": 1, "Filter": "(n_name = 'ALGERIA'::bpchar)", "Rows Removed by Filter": 24}, {"Node Type": "Bitmap Heap Scan", "Parent Relationship": "Inner", "Relation Name": "supplier", "Alias": "supplier", "Startup Cost": 95.25, "Total Cost": 2492.04, "Plan Rows": 4000, "Plan Width": 63, "Actual Startup Time": 1.25, "Actual Total Time": 6.237, "Actual Rows": 3934, "Actual Loops": 1, "Recheck Cond": "(s_nationkey = nation.n_nationkey)", "Rows Removed by Index Recheck": 0, "Exact Heap Blocks": 1897, "Lossy Heap Blocks": 1897, "Plans": [{"Node Type": "Bitmap Index Scan", "Parent Relationship": "Outer", "Index Name": "idx_supplier_nation_key", "Startup Cost": 0.0, "Total Cost": 94.25, "Plan Rows": 4000, "Plan Width": 0, "Actual Startup Time": 0.943, "Actual Total Time": 0.943, "Actual Rows": 3934, "Actual Loops": 1, "Index Cond": "(s_nationkey = nation.n_nationkey)"}]}]}]}]}]}, "Triggers": [], "Planner Runtime": 1, "Total Runtime": 25612.687, "Unique SQL Id": 202076520}}, "(1, 101)": {"explain_plan": {"Plan": {"Node Type": "Sort", "Startup Cost": 2518804.13, "Total Cost": 2518809.13, "Plan Rows": 2000, "Plan Width": 51, "Sort Key": ["supplier.s_name"], "Plans": [{"Node Type": "Hash Join", "Parent Relationship": "Outer", "Join Type": "Right Semi", "Startup Cost": 2223844.76, "Total Cost": 2518694.47, "Plan Rows": 2000, "Plan Width": 51, "Inner Unique": false, "Hash Cond": "(lineitem.l_suppkey = supplier.s_suppkey)", "Plans": [{"Node Type": "Hash Join", "Parent Relationship": "Outer", "Join Type": "Inner", "Startup Cost": 2221250.03, "Total Cost": 2516079.74, "Plan Rows": 2, "Plan Width": 16, "Inner Unique": false, "Hash Cond": "((lineitem.l_partkey = partsupp.ps_partkey) AND (lineitem.l_suppkey = partsupp.ps_suppkey))", "Join Filter": "((partsupp.ps_availqty)::double precision > (.5::double precision * (sum(lineitem.l_quantity))))", "Plans": [{"Node Type": "Aggregate", "Strategy": "Hashed", "Parent Relationship": "Outer", "Startup Cost": 1956349.97, "Total Cost": 2069745.97, "Plan Rows": 9071680, "Plan Width": 24, "Group By Key": ["lineitem.l_partkey", "lineitem.l_suppkey"], "Plans": [{"Node Type": "Bitmap Heap Scan", "Parent Relationship": "Outer", "Relation Name": "lineitem", "Alias": "lineitem", "Startup Cost": 314312.97, "Total Cost": 1865633.17, "Plan Rows": 9071680, "Plan Width": 24, "Recheck Cond": "((l_shipdate >= '1993-01-01 00:00:00'::timestamp(0) without time zone) AND (l_shipdate < '1994-01-01 00:00:00'::timestamp without time zone)), (LLVM Optimized)", "Plans": [{"Node Type": "Bitmap Index Scan", "Parent Relationship": "Outer", "Index Name": "idx_lineitem_shipdate", "Startup Cost": 0.0, "Total Cost": 312045.05, "Plan Rows": 9071680, "Plan Width": 0, "Index Cond": "((l_shipdate >= '1993-01-01 00:00:00'::timestamp(0) without time zone) AND (l_shipdate < '1994-01-01 00:00:00'::timestamp without time zone))"}]}]}, {"Node Type": "Hash", "Parent Relationship": "Inner", "Startup Cost": 263931.78, "Total Cost": 263931.78, "Plan Rows": 64552, "Plan Width": 32, "Plans": [{"Node Type": "Nested Loop", "Parent Relationship": "Outer", "Join Type": "Inner", "Startup Cost": 0.0, "Total Cost": 263931.78, "Plan Rows": 64552, "Plan Width": 32, "Inner Unique": false, "Plans": [{"Node Type": "Index Scan", "Parent Relationship": "Outer", "Scan Direction": "Forward", "Index Name": "part_kpey", "Relation Name": "part", "Alias": "part", "Startup Cost": 0.0, "Total Cost": 105803.25, "Plan Rows": 22472, "Plan Width": 8, "Filter": "((p_name)::text ~~ 'green%'::text)"}, {"Node Type": "Index Scan", "Parent Relationship": "Inner", "Scan Direction": "Forward", "Index Name": "idx_partsupp_partkey", "Relation Name": "partsupp", "Alias": "partsupp", "Startup Cost": 0.0, "Total Cost": 7.01, "Plan Rows": 3, "Plan Width": 24, "Index Cond": "(ps_partkey = part.p_partkey)"}]}]}]}, {"Node Type": "Hash", "Parent Relationship": "Inner", "Startup Cost": 2544.73, "Total Cost": 2544.73, "Plan Rows": 4000, "Plan Width": 59, "Plans": [{"Node Type": "Nested Loop", "Parent Relationship": "Outer", "Join Type": "Inner", "Startup Cost": 95.25, "Total Cost": 2544.73, "Plan Rows": 4000, "Plan Width": 59, "Inner Unique": false, "Plans": [{"Node Type": "Index Scan", "Parent Relationship": "Outer", "Scan Direction": "Forward", "Index Name": "nation_pkey", "Relation Name": "nation", "Alias": "nation", "Startup Cost": 0.0, "Total Cost": 12.69, "Plan Rows": 1, "Plan Width": 4, "Filter": "(n_name = 'ALGERIA'::bpchar)"}, {"Node Type": "Bitmap Heap Scan", "Parent Relationship": "Inner", "Relation Name": "supplier", "Alias": "supplier", "Startup Cost": 95.25, "Total Cost": 2492.04, "Plan Rows": 4000, "Plan Width": 63, "Recheck Cond": "(s_nationkey = nation.n_nationkey)", "Plans": [{"Node Type": "Bitmap Index Scan", "Parent Relationship": "Outer", "Index Name": "idx_supplier_nation_key", "Startup Cost": 0.0, "Total Cost": 94.25, "Plan Rows": 4000, "Plan Width": 0, "Index Cond": "(s_nationkey = nation.n_nationkey)"}]}]}]}]}]}, "Unique SQL Id": 202076520, "Planner Runtime": 1}, "explain_analyze_plan": {"Plan": {"Node Type": "Sort", "Startup Cost": 2518804.13, "Total Cost": 2518809.13, "Plan Rows": 2000, "Plan Width": 51, "Actual Startup Time": 25520.931, "Actual Total Time": 25521.094, "Actual Rows": 1746, "Actual Loops": 1, "Sort Key": ["supplier.s_name"], "Sort Method": "quicksort", "Sort Space Used": 309, "Sort Space Type": "Memory", "Plans": [{"Node Type": "Hash Join", "Parent Relationship": "Outer", "Join Type": "Right Semi", "Startup Cost": 2223844.76, "Total Cost": 2518694.47, "Plan Rows": 2000, "Plan Width": 51, "Actual Startup Time": 20402.071, "Actual Total Time": 25511.276, "Actual Rows": 1746, "Actual Loops": 1, "Inner Unique": false, "Hash Cond": "(lineitem.l_suppkey = supplier.s_suppkey)", "Plans": [{"Node Type": "Hash Join", "Parent Relationship": "Outer", "Join Type": "Inner", "Startup Cost": 2221250.03, "Total Cost": 2516079.74, "Plan Rows": 2, "Plan Width": 16, "Actual Startup Time": 20386.979, "Actual Total Time": 25484.449, "Actual Rows": 58537, "Actual Loops": 1, "Inner Unique": false, "Hash Cond": "((lineitem.l_partkey = partsupp.ps_partkey) AND (lineitem.l_suppkey = partsupp.ps_suppkey))", "Join Filter": "((partsupp.ps_availqty)::double precision > (.5::double precision * (sum(lineitem.l_quantity))))", "Rows Removed by Join Filter": 136, "Plans": [{"Node Type": "Aggregate", "Strategy": "Hashed", "Parent Relationship": "Outer", "Startup Cost": 1956349.97, "Total Cost": 2069745.97, "Plan Rows": 9071680, "Plan Width": 24, "Actual Startup Time": 18758.842, "Actual Total Time": 22256.522, "Actual Rows": 5442751, "Actual Loops": 1, "Group By Key": ["lineitem.l_partkey", "lineitem.l_suppkey"], "Plans": [{"Node Type": "Bitmap Heap Scan", "Parent Relationship": "Outer", "Relation Name": "lineitem", "Alias": "lineitem", "Startup Cost": 314312.97, "Total Cost": 1865633.17, "Plan Rows": 9071680, "Plan Width": 24, "Actual Startup Time": 3765.923, "Actual Total Time": 11210.061, "Actual Rows": 9109641, "Actual Loops": 1, "Recheck Cond": "((l_shipdate >= '1993-01-01 00:00:00'::timestamp(0) without time zone) AND (l_shipdate < '1994-01-01 00:00:00'::timestamp without time zone)), (LLVM Optimized, Jit Execute)", "Rows Removed by Index Recheck": 0, "Exact Heap Blocks": 1252335, "Lossy Heap Blocks": 1252335, "Plans": [{"Node Type": "Bitmap Index Scan", "Parent Relationship": "Outer", "Index Name": "idx_lineitem_shipdate", "Startup Cost": 0.0, "Total Cost": 312045.05, "Plan Rows": 9071680, "Plan Width": 0, "Actual Startup Time": 3114.03, "Actual Total Time": 3114.03, "Actual Rows": 9109641, "Actual Loops": 1, "Index Cond": "((l_shipdate >= '1993-01-01 00:00:00'::timestamp(0) without time zone) AND (l_shipdate < '1994-01-01 00:00:00'::timestamp without time zone))"}]}]}, {"Node Type": "Hash", "Parent Relationship": "Inner", "Startup Cost": 263931.78, "Total Cost": 263931.78, "Plan Rows": 64552, "Plan Width": 32, "Actual Startup Time": 1627.998, "Actual Total Time": 1627.998, "Actual Rows": 86224, "Actual Loops": 1, "Hash Buckets": 65536, "Hash Batches": 1, "Original Hash Batches": 1, "Peak Memory Usage": 5389, "Plans": [{"Node Type": "Nested Loop", "Parent Relationship": "Outer", "Join Type": "Inner", "Startup Cost": 0.0, "Total Cost": 263931.78, "Plan Rows": 64552, "Plan Width": 32, "Actual Startup Time": 0.097, "Actual Total Time": 1590.376, "Actual Rows": 86224, "Actual Loops": 1, "Inner Unique": false, "Plans": [{"Node Type": "Index Scan", "Parent Relationship": "Outer", "Scan Direction": "Forward", "Index Name": "part_kpey", "Relation Name": "part", "Alias": "part", "Startup Cost": 0.0, "Total Cost": 105803.25, "Plan Rows": 22472, "Plan Width": 8, "Actual Startup Time": 0.073, "Actual Total Time": 1376.401, "Actual Rows": 21556, "Actual Loops": 1, "Filter": "((p_name)::text ~~ 'green%'::text)", "Rows Removed by Filter": 1978444}, {"Node Type": "Index Scan", "Parent Relationship": "Inner", "Scan Direction": "Forward", "Index Name": "idx_partsupp_partkey", "Relation Name": "partsupp", "Alias": "partsupp", "Startup Cost": 0.0, "Total Cost": 7.01, "Plan Rows": 3, "Plan Width": 24, "Actual Startup Time": 136.944, "Actual Total Time": 181.585, "Actual Rows": 86224, "Actual Loops": 21556, "Index Cond": "(ps_partkey = part.p_partkey)", "Rows Removed by Index Recheck": 0}]}]}]}, {"Node Type": "Hash", "Parent Relationship": "Inner", "Startup Cost": 2544.73, "Total Cost": 2544.73, "Plan Rows": 4000, "Plan Width": 59, "Actual Startup Time": 8.312, "Actual Total Time": 8.312, "Actual Rows": 3934, "Actual Loops": 1, "Hash Buckets": 32768, "Hash Batches": 1, "Original Hash Batches": 1, "Peak Memory Usage": 368, "Plans": [{"Node Type": "Nested Loop", "Parent Relationship": "Outer", "Join Type": "Inner", "Startup Cost": 95.25, "Total Cost": 2544.73, "Plan Rows": 4000, "Plan Width": 59, "Actual Startup Time": 0.936, "Actual Total Time": 6.879, "Actual Rows": 3934, "Actual Loops": 1, "Inner Unique": false, "Plans": [{"Node Type": "Index Scan", "Parent Relationship": "Outer", "Scan Direction": "Forward", "Index Name": "nation_pkey", "Relation Name": "nation", "Alias": "nation", "Startup Cost": 0.0, "Total Cost": 12.69, "Plan Rows": 1, "Plan Width": 4, "Actual Startup Time": 0.022, "Actual Total Time": 0.05, "Actual Rows": 1, "Actual Loops": 1, "Filter": "(n_name = 'ALGERIA'::bpchar)", "Rows Removed by Filter": 24}, {"Node Type": "Bitmap Heap Scan", "Parent Relationship": "Inner", "Relation Name": "supplier", "Alias": "supplier", "Startup Cost": 95.25, "Total Cost": 2492.04, "Plan Rows": 4000, "Plan Width": 63, "Actual Startup Time": 0.907, "Actual Total Time": 5.968, "Actual Rows": 3934, "Actual Loops": 1, "Recheck Cond": "(s_nationkey = nation.n_nationkey)", "Rows Removed by Index Recheck": 0, "Exact Heap Blocks": 1897, "Lossy Heap Blocks": 1897, "Plans": [{"Node Type": "Bitmap Index Scan", "Parent Relationship": "Outer", "Index Name": "idx_supplier_nation_key", "Startup Cost": 0.0, "Total Cost": 94.25, "Plan Rows": 4000, "Plan Width": 0, "Actual Startup Time": 0.626, "Actual Total Time": 0.626, "Actual Rows": 3934, "Actual Loops": 1, "Index Cond": "(s_nationkey = nation.n_nationkey)"}]}]}]}]}]}, "Triggers": [], "Planner Runtime": 1, "Total Runtime": 25533.298, "Unique SQL Id": 202076520}}, "(1, 102)": {"explain_plan": {"Plan": {"Node Type": "Sort", "Startup Cost": 2612723.68, "Total Cost": 2612728.68, "Plan Rows": 2000, "Plan Width": 51, "Sort Key": ["supplier.s_name"], "Plans": [{"Node Type": "Hash Join", "Parent Relationship": "Outer", "Join Type": "Right Semi", "Startup Cost": 2317764.31, "Total Cost": 2612614.02, "Plan Rows": 2000, "Plan Width": 51, "Inner Unique": false, "Hash Cond": "(lineitem.l_suppkey = supplier.s_suppkey)", "Plans": [{"Node Type": "Hash Join", "Parent Relationship": "Outer", "Join Type": "Inner", "Startup Cost": 2315180.96, "Total Cost": 2610010.67, "Plan Rows": 2, "Plan Width": 16, "Inner Unique": false, "Hash Cond": "((lineitem.l_partkey = partsupp.ps_partkey) AND (lineitem.l_suppkey = partsupp.ps_suppkey))", "Join Filter": "((partsupp.ps_availqty)::double precision > (.5::double precision * (sum(lineitem.l_quantity))))", "Plans": [{"Node Type": "Aggregate", "Strategy": "Hashed", "Parent Relationship": "Outer", "Startup Cost": 1956349.97, "Total Cost": 2069745.97, "Plan Rows": 9071680, "Plan Width": 24, "Group By Key": ["lineitem.l_partkey", "lineitem.l_suppkey"], "Plans": [{"Node Type": "Bitmap Heap Scan", "Parent Relationship": "Outer", "Relation Name": "lineitem", "Alias": "lineitem", "Startup Cost": 314312.97, "Total Cost": 1865633.17, "Plan Rows": 9071680, "Plan Width": 24, "Recheck Cond": "((l_shipdate >= '1993-01-01 00:00:00'::timestamp(0) without time zone) AND (l_shipdate < '1994-01-01 00:00:00'::timestamp without time zone)), (LLVM Optimized)", "Plans": [{"Node Type": "Bitmap Index Scan", "Parent Relationship": "Outer", "Index Name": "idx_lineitem_shipdate", "Startup Cost": 0.0, "Total Cost": 312045.05, "Plan Rows": 9071680, "Plan Width": 0, "Index Cond": "((l_shipdate >= '1993-01-01 00:00:00'::timestamp(0) without time zone) AND (l_shipdate < '1994-01-01 00:00:00'::timestamp without time zone))"}]}]}, {"Node Type": "Hash", "Parent Relationship": "Inner", "Startup Cost": 357862.71, "Total Cost": 357862.71, "Plan Rows": 64552, "Plan Width": 32, "Plans": [{"Node Type": "Hash Join", "Parent Relationship": "Outer", "Join Type": "Inner", "Startup Cost": 67224.9, "Total Cost": 357862.71, "Plan Rows": 64552, "Plan Width": 32, "Inner Unique": true, "Hash Cond": "(partsupp.ps_partkey = part.p_partkey)", "Plans": [{"Node Type": "Seq Scan", "Parent Relationship": "Outer", "Relation Name": "partsupp", "Alias": "partsupp", "Startup Cost": 0.0, "Total Cost": 269987.72, "Plan Rows": 8000372, "Plan Width": 24}, {"Node Type": "Hash", "Parent Relationship": "Inner", "Startup Cost": 66944.0, "Total Cost": 66944.0, "Plan Rows": 22472, "Plan Width": 8, "Plans": [{"Node Type": "Seq Scan", "Parent Relationship": "Outer", "Relation Name": "part", "Alias": "part", "Startup Cost": 0.0, "Total Cost": 66944.0, "Plan Rows": 22472, "Plan Width": 8, "Filter": "((p_name)::text ~~ 'green%'::text)"}]}]}]}]}, {"Node Type": "Hash", "Parent Relationship": "Inner", "Startup Cost": 2533.35, "Total Cost": 2533.35, "Plan Rows": 4000, "Plan Width": 59, "Plans": [{"Node Type": "Nested Loop", "Parent Relationship": "Outer", "Join Type": "Inner", "Startup Cost": 95.25, "Total Cost": 2533.35, "Plan Rows": 4000, "Plan Width": 59, "Inner Unique": false, "Plans": [{"Node Type": "Seq Scan", "Parent Relationship": "Outer", "Relation Name": "nation", "Alias": "nation", "Startup Cost": 0.0, "Total Cost": 1.31, "Plan Rows": 1, "Plan Width": 4, "Filter": "(n_name = 'ALGERIA'::bpchar)"}, {"Node Type": "Bitmap Heap Scan", "Parent Relationship": "Inner", "Relation Name": "supplier", "Alias": "supplier", "Startup Cost": 95.25, "Total Cost": 2492.04, "Plan Rows": 4000, "Plan Width": 63, "Recheck Cond": "(s_nationkey = nation.n_nationkey)", "Plans": [{"Node Type": "Bitmap Index Scan", "Parent Relationship": "Outer", "Index Name": "idx_supplier_nation_key", "Startup Cost": 0.0, "Total Cost": 94.25, "Plan Rows": 4000, "Plan Width": 0, "Index Cond": "(s_nationkey = nation.n_nationkey)"}]}]}]}]}]}, "Unique SQL Id": 202076520, "Planner Runtime": 1}, "explain_analyze_plan": {"Plan": {"Node Type": "Sort", "Startup Cost": 2612723.68, "Total Cost": 2612728.68, "Plan Rows": 2000, "Plan Width": 51, "Actual Startup Time": 28438.978, "Actual Total Time": 28439.138, "Actual Rows": 1746, "Actual Loops": 1, "Sort Key": ["supplier.s_name"], "Sort Method": "quicksort", "Sort Space Used": 309, "Sort Space Type": "Memory", "Plans": [{"Node Type": "Hash Join", "Parent Relationship": "Outer", "Join Type": "Right Semi", "Startup Cost": 2317764.31, "Total Cost": 2612614.02, "Plan Rows": 2000, "Plan Width": 51, "Actual Startup Time": 23513.275, "Actual Total Time": 28429.3, "Actual Rows": 1746, "Actual Loops": 1, "Inner Unique": false, "Hash Cond": "(lineitem.l_suppkey = supplier.s_suppkey)", "Plans": [{"Node Type": "Hash Join", "Parent Relationship": "Outer", "Join Type": "Inner", "Startup Cost": 2315180.96, "Total Cost": 2610010.67, "Plan Rows": 2, "Plan Width": 16, "Actual Startup Time": 23498.568, "Actual Total Time": 28404.063, "Actual Rows": 58537, "Actual Loops": 1, "Inner Unique": false, "Hash Cond": "((lineitem.l_partkey = partsupp.ps_partkey) AND (lineitem.l_suppkey = partsupp.ps_suppkey))", "Join Filter": "((partsupp.ps_availqty)::double precision > (.5::double precision * (sum(lineitem.l_quantity))))", "Rows Removed by Join Filter": 136, "Plans": [{"Node Type": "Aggregate", "Strategy": "Hashed", "Parent Relationship": "Outer", "Startup Cost": 1956349.97, "Total Cost": 2069745.97, "Plan Rows": 9071680, "Plan Width": 24, "Actual Startup Time": 18773.704, "Actual Total Time": 22155.624, "Actual Rows": 5442751, "Actual Loops": 1, "Group By Key": ["lineitem.l_partkey", "lineitem.l_suppkey"], "Plans": [{"Node Type": "Bitmap Heap Scan", "Parent Relationship": "Outer", "Relation Name": "lineitem", "Alias": "lineitem", "Startup Cost": 314312.97, "Total Cost": 1865633.17, "Plan Rows": 9071680, "Plan Width": 24, "Actual Startup Time": 3531.172, "Actual Total Time": 10929.236, "Actual Rows": 9109641, "Actual Loops": 1, "Recheck Cond": "((l_shipdate >= '1993-01-01 00:00:00'::timestamp(0) without time zone) AND (l_shipdate < '1994-01-01 00:00:00'::timestamp without time zone)), (LLVM Optimized, Jit Execute)", "Rows Removed by Index Recheck": 0, "Exact Heap Blocks": 1252335, "Lossy Heap Blocks": 1252335, "Plans": [{"Node Type": "Bitmap Index Scan", "Parent Relationship": "Outer", "Index Name": "idx_lineitem_shipdate", "Startup Cost": 0.0, "Total Cost": 312045.05, "Plan Rows": 9071680, "Plan Width": 0, "Actual Startup Time": 2986.706, "Actual Total Time": 2986.706, "Actual Rows": 9109641, "Actual Loops": 1, "Index Cond": "((l_shipdate >= '1993-01-01 00:00:00'::timestamp(0) without time zone) AND (l_shipdate < '1994-01-01 00:00:00'::timestamp without time zone))"}]}]}, {"Node Type": "Hash", "Parent Relationship": "Inner", "Startup Cost": 357862.71, "Total Cost": 357862.71, "Plan Rows": 64552, "Plan Width": 32, "Actual Startup Time": 4724.517, "Actual Total Time": 4724.517, "Actual Rows": 86224, "Actual Loops": 1, "Hash Buckets": 65536, "Hash Batches": 1, "Original Hash Batches": 1, "Peak Memory Usage": 5389, "Plans": [{"Node Type": "Hash Join", "Parent Relationship": "Outer", "Join Type": "Inner", "Startup Cost": 67224.9, "Total Cost": 357862.71, "Plan Rows": 64552, "Plan Width": 32, "Actual Startup Time": 770.563, "Actual Total Time": 4684.501, "Actual Rows": 86224, "Actual Loops": 1, "Inner Unique": true, "Hash Cond": "(partsupp.ps_partkey = part.p_partkey)", "Plans": [{"Node Type": "Seq Scan", "Parent Relationship": "Outer", "Relation Name": "partsupp", "Alias": "partsupp", "Startup Cost": 0.0, "Total Cost": 269987.72, "Plan Rows": 8000372, "Plan Width": 24, "Actual Startup Time": 0.016, "Actual Total Time": 2373.227, "Actual Rows": 8000000, "Actual Loops": 1}, {"Node Type": "Hash", "Parent Relationship": "Inner", "Startup Cost": 66944.0, "Total Cost": 66944.0, "Plan Rows": 22472, "Plan Width": 8, "Actual Startup Time": 770.379, "Actual Total Time": 770.379, "Actual Rows": 21556, "Actual Loops": 1, "Hash Buckets": 32768, "Hash Batches": 1, "Original Hash Batches": 1, "Peak Memory Usage": 843, "Plans": [{"Node Type": "Seq Scan", "Parent Relationship": "Outer", "Relation Name": "part", "Alias": "part", "Startup Cost": 0.0, "Total Cost": 66944.0, "Plan Rows": 22472, "Plan Width": 8, "Actual Startup Time": 0.037, "Actual Total Time": 762.01, "Actual Rows": 21556, "Actual Loops": 1, "Filter": "((p_name)::text ~~ 'green%'::text)", "Rows Removed by Filter": 1978444}]}]}]}]}, {"Node Type": "Hash", "Parent Relationship": "Inner", "Startup Cost": 2533.35, "Total Cost": 2533.35, "Plan Rows": 4000, "Plan Width": 59, "Actual Startup Time": 8.094, "Actual Total Time": 8.094, "Actual Rows": 3934, "Actual Loops": 1, "Hash Buckets": 32768, "Hash Batches": 1, "Original Hash Batches": 1, "Peak Memory Usage": 368, "Plans": [{"Node Type": "Nested Loop", "Parent Relationship": "Outer", "Join Type": "Inner", "Startup Cost": 95.25, "Total Cost": 2533.35, "Plan Rows": 4000, "Plan Width": 59, "Actual Startup Time": 0.95, "Actual Total Time": 6.796, "Actual Rows": 3934, "Actual Loops": 1, "Inner Unique": false, "Plans": [{"Node Type": "Seq Scan", "Parent Relationship": "Outer", "Relation Name": "nation", "Alias": "nation", "Startup Cost": 0.0, "Total Cost": 1.31, "Plan Rows": 1, "Plan Width": 4, "Actual Startup Time": 0.027, "Actual Total Time": 0.04, "Actual Rows": 1, "Actual Loops": 1, "Filter": "(n_name = 'ALGERIA'::bpchar)", "Rows Removed by Filter": 24}, {"Node Type": "Bitmap Heap Scan", "Parent Relationship": "Inner", "Relation Name": "supplier", "Alias": "supplier", "Startup Cost": 95.25, "Total Cost": 2492.04, "Plan Rows": 4000, "Plan Width": 63, "Actual Startup Time": 0.917, "Actual Total Time": 5.908, "Actual Rows": 3934, "Actual Loops": 1, "Recheck Cond": "(s_nationkey = nation.n_nationkey)", "Rows Removed by Index Recheck": 0, "Exact Heap Blocks": 1897, "Lossy Heap Blocks": 1897, "Plans": [{"Node Type": "Bitmap Index Scan", "Parent Relationship": "Outer", "Index Name": "idx_supplier_nation_key", "Startup Cost": 0.0, "Total Cost": 94.25, "Plan Rows": 4000, "Plan Width": 0, "Actual Startup Time": 0.625, "Actual Total Time": 0.625, "Actual Rows": 3934, "Actual Loops": 1, "Index Cond": "(s_nationkey = nation.n_nationkey)"}]}]}]}]}]}, "Triggers": [], "Planner Runtime": 1, "Total Runtime": 28451.343, "Unique SQL Id": 202076520}}, "(1, 103)": {"explain_plan": {"Plan": {"Node Type": "Sort", "Startup Cost": 41474309.17, "Total Cost": 41474314.17, "Plan Rows": 2000, "Plan Width": 51, "Sort Key": ["supplier.s_name"], "Plans": [{"Node Type": "Nested Loop", "Parent Relationship": "Outer", "Join Type": "Inner", "Startup Cost": 41260049.96, "Total Cost": 41474199.51, "Plan Rows": 2000, "Plan Width": 51, "Inner Unique": true, "Plans": [{"Node Type": "Nested Loop", "Parent Relationship": "Outer", "Join Type": "Inner", "Startup Cost": 41260049.7, "Total Cost": 41260058.01, "Plan Rows": 50000, "Plan Width": 55, "Inner Unique": true, "Plans": [{"Node Type": "Unique", "Parent Relationship": "Outer", "Startup Cost": 41260049.44, "Total Cost": 41260049.45, "Plan Rows": 2, "Plan Width": 16, "Plans": [{"Node Type": "Sort", "Parent Relationship": "Outer", "Startup Cost": 41260049.44, "Total Cost": 41260049.45, "Plan Rows": 2, "Plan Width": 16, "Sort Key": ["partsupp.ps_suppkey"], "Plans": [{"Node Type": "Nested Loop", "Parent Relationship": "Outer", "Join Type": "Semi", "Startup Cost": 1956350.51, "Total Cost": 41260049.43, "Plan Rows": 2, "Plan Width": 16, "Inner Unique": false, "Join Filter": "(partsupp.ps_partkey = part.p_partkey)", "Plans": [{"Node Type": "Nested Loop", "Parent Relationship": "Outer", "Join Type": "Inner", "Startup Cost": 1956350.25, "Total Cost": 41259981.09, "Plan Rows": 15, "Plan Width": 32, "Inner Unique": true, "Plans": [{"Node Type": "Aggregate", "Strategy": "Hashed", "Parent Relationship": "Outer", "Startup Cost": 1956349.97, "Total Cost": 2069745.97, "Plan Rows": 9071680, "Plan Width": 24, "Group By Key": ["lineitem.l_partkey", "lineitem.l_suppkey"], "Plans": [{"Node Type": "Bitmap Heap Scan", "Parent Relationship": "Outer", "Relation Name": "lineitem", "Alias": "lineitem", "Startup Cost": 314312.97, "Total Cost": 1865633.17, "Plan Rows": 9071680, "Plan Width": 24, "Recheck Cond": "((l_shipdate >= '1993-01-01 00:00:00'::timestamp(0) without time zone) AND (l_shipdate < '1994-01-01 00:00:00'::timestamp without time zone)), (LLVM Optimized)", "Plans": [{"Node Type": "Bitmap Index Scan", "Parent Relationship": "Outer", "Index Name": "idx_lineitem_shipdate", "Startup Cost": 0.0, "Total Cost": 312045.05, "Plan Rows": 9071680, "Plan Width": 0, "Index Cond": "((l_shipdate >= '1993-01-01 00:00:00'::timestamp(0) without time zone) AND (l_shipdate < '1994-01-01 00:00:00'::timestamp without time zone))"}]}]}, {"Node Type": "Bitmap Heap Scan", "Parent Relationship": "Inner", "Relation Name": "partsupp", "Alias": "partsupp", "Startup Cost": 0.28, "Total Cost": 4.3, "Plan Rows": 1, "Plan Width": 24, "Recheck Cond": "((ps_partkey = lineitem.l_partkey) AND (ps_suppkey = lineitem.l_suppkey))", "Filter": "((ps_availqty)::double precision > (.5::double precision * (sum(lineitem.l_quantity))))", "Plans": [{"Node Type": "Bitmap Index Scan", "Parent Relationship": "Outer", "Index Name": "partsupp_pkey", "Startup Cost": 0.0, "Total Cost": 0.28, "Plan Rows": 1, "Plan Width": 0, "Index Cond": "((ps_partkey = lineitem.l_partkey) AND (ps_suppkey = lineitem.l_suppkey))"}]}]}, {"Node Type": "Bitmap Heap Scan", "Parent Relationship": "Inner", "Relation Name": "part", "Alias": "part", "Startup Cost": 0.26, "Total Cost": 4.28, "Plan Rows": 1, "Plan Width": 8, "Recheck Cond": "(p_partkey = lineitem.l_partkey)", "Filter": "((p_name)::text ~~ 'green%'::text)", "Plans": [{"Node Type": "Bitmap Index Scan", "Parent Relationship": "Outer", "Index Name": "part_kpey", "Startup Cost": 0.0, "Total Cost": 0.26, "Plan Rows": 1, "Plan Width": 0, "Index Cond": "(p_partkey = lineitem.l_partkey)"}]}]}]}]}, {"Node Type": "Bitmap Heap Scan", "Parent Relationship": "Inner", "Relation Name": "supplier", "Alias": "supplier", "Startup Cost": 0.26, "Total Cost": 4.27, "Plan Rows": 1, "Plan Width": 63, "Recheck Cond": "(s_suppkey = lineitem.l_suppkey)", "Plans": [{"Node Type": "Bitmap Index Scan", "Parent Relationship": "Outer", "Index Name": "supplier_pkey", "Startup Cost": 0.0, "Total Cost": 0.26, "Plan Rows": 1, "Plan Width": 0, "Index Cond": "(s_suppkey = lineitem.l_suppkey)"}]}]}, {"Node Type": "Bitmap Heap Scan", "Parent Relationship": "Inner", "Relation Name": "nation", "Alias": "nation", "Startup Cost": 0.26, "Total Cost": 4.27, "Plan Rows": 1, "Plan Width": 4, "Recheck Cond": "(n_nationkey = supplier.s_nationkey)", "Filter": "(n_name = 'ALGERIA'::bpchar)", "Plans": [{"Node Type": "Bitmap Index Scan", "Parent Relationship": "Outer", "Index Name": "nation_pkey", "Startup Cost": 0.0, "Total Cost": 0.26, "Plan Rows": 1, "Plan Width": 0, "Index Cond": "(n_nationkey = supplier.s_nationkey)"}]}]}]}, "Unique SQL Id": 202076520, "Planner Runtime": 1}, "explain_analyze_plan": {"Plan": {"Node Type": "Sort", "Startup Cost": 41474309.17, "Total Cost": 41474314.17, "Plan Rows": 2000, "Plan Width": 51, "Actual Startup Time": 123034.011, "Actual Total Time": 123034.172, "Actual Rows": 1746, "Actual Loops": 1, "Sort Key": ["supplier.s_name"], "Sort Method": "quicksort", "Sort Space Used": 309, "Sort Space Type": "Memory", "Plans": [{"Node Type": "Nested Loop", "Parent Relationship": "Outer", "Join Type": "Inner", "Startup Cost": 41260049.96, "Total Cost": 41474199.51, "Plan Rows": 2000, "Plan Width": 51, "Actual Startup Time": 122623.884, "Actual Total Time": 123032.253, "Actual Rows": 1746, "Actual Loops": 1, "Inner Unique": true, "Plans": [{"Node Type": "Nested Loop", "Parent Relationship": "Outer", "Join Type": "Inner", "Startup Cost": 41260049.7, "Total Cost": 41260058.01, "Plan Rows": 50000, "Plan Width": 55, "Actual Startup Time": 122623.574, "Actual Total Time": 122860.159, "Actual Rows": 44487, "Actual Loops": 1, "Inner Unique": true, "Plans": [{"Node Type": "Unique", "Parent Relationship": "Outer", "Startup Cost": 41260049.44, "Total Cost": 41260049.45, "Plan Rows": 2, "Plan Width": 16, "Actual Startup Time": 122623.524, "Actual Total Time": 122652.62, "Actual Rows": 44487, "Actual Loops": 1, "Plans": [{"Node Type": "Sort", "Parent Relationship": "Outer", "Startup Cost": 41260049.44, "Total Cost": 41260049.45, "Plan Rows": 2, "Plan Width": 16, "Actual Startup Time": 122623.52, "Actual Total Time": 122634.619, "Actual Rows": 58537, "Actual Loops": 1, "Sort Key": ["partsupp.ps_suppkey"], "Sort Method": "quicksort", "Sort Space Used": 7024, "Sort Space Type": "Memory", "Plans": [{"Node Type": "Nested Loop", "Parent Relationship": "Outer", "Join Type": "Semi", "Startup Cost": 1956350.51, "Total Cost": 41260049.43, "Plan Rows": 2, "Plan Width": 16, "Actual Startup Time": 18960.753, "Actual Total Time": 122538.632, "Actual Rows": 58537, "Actual Loops": 1, "Inner Unique": false, "Join Filter": "(partsupp.ps_partkey = part.p_partkey)", "Rows Removed by Join Filter": 0, "Plans": [{"Node Type": "Nested Loop", "Parent Relationship": "Outer", "Join Type": "Inner", "Startup Cost": 1956350.25, "Total Cost": 41259981.09, "Plan Rows": 15, "Plan Width": 32, "Actual Startup Time": 18960.35, "Actual Total Time": 76712.02, "Actual Rows": 5431247, "Actual Loops": 1, "Inner Unique": true, "Plans": [{"Node Type": "Aggregate", "Strategy": "Hashed", "Parent Relationship": "Outer", "Startup Cost": 1956349.97, "Total Cost": 2069745.97, "Plan Rows": 9071680, "Plan Width": 24, "Actual Startup Time": 18960.226, "Actual Total Time": 23912.293, "Actual Rows": 5442751, "Actual Loops": 1, "Group By Key": ["lineitem.l_partkey", "lineitem.l_suppkey"], "Plans": [{"Node Type": "Bitmap Heap Scan", "Parent Relationship": "Outer", "Relation Name": "lineitem", "Alias": "lineitem", "Startup Cost": 314312.97, "Total Cost": 1865633.17, "Plan Rows": 9071680, "Plan Width": 24, "Actual Startup Time": 4194.642, "Actual Total Time": 11458.292, "Actual Rows": 9109641, "Actual Loops": 1, "Recheck Cond": "((l_shipdate >= '1993-01-01 00:00:00'::timestamp(0) without time zone) AND (l_shipdate < '1994-01-01 00:00:00'::timestamp without time zone)), (LLVM Optimized, Jit Execute)", "Rows Removed by Index Recheck": 0, "Exact Heap Blocks": 1252335, "Lossy Heap Blocks": 1252335, "Plans": [{"Node Type": "Bitmap Index Scan", "Parent Relationship": "Outer", "Index Name": "idx_lineitem_shipdate", "Startup Cost": 0.0, "Total Cost": 312045.05, "Plan Rows": 9071680, "Plan Width": 0, "Actual Startup Time": 3470.055, "Actual Total Time": 3470.055, "Actual Rows": 9109641, "Actual Loops": 1, "Index Cond": "((l_shipdate >= '1993-01-01 00:00:00'::timestamp(0) without time zone) AND (l_shipdate < '1994-01-01 00:00:00'::timestamp without time zone))"}]}]}, {"Node Type": "Bitmap Heap Scan", "Parent Relationship": "Inner", "Relation Name": "partsupp", "Alias": "partsupp", "Startup Cost": 0.28, "Total Cost": 4.3, "Plan Rows": 1, "Plan Width": 24, "Actual Startup Time": 44899.069, "Actual Total Time": 44899.069, "Actual Rows": 5431247, "Actual Loops": 5442751, "Recheck Cond": "((ps_partkey = lineitem.l_partkey) AND (ps_suppkey = lineitem.l_suppkey))", "Rows Removed by Index Recheck": 0, "Filter": "((ps_availqty)::double precision > (.5::double precision * (sum(lineitem.l_quantity))))", "Rows Removed by Filter": 11504, "Exact Heap Blocks": 5442751, "Lossy Heap Blocks": 5442751, "Plans": [{"Node Type": "Bitmap Index Scan", "Parent Relationship": "Outer", "Index Name": "partsupp_pkey", "Startup Cost": 0.0, "Total Cost": 0.28, "Plan Rows": 1, "Plan Width": 0, "Actual Startup Time": 27584.74, "Actual Total Time": 27584.74, "Actual Rows": 5442751, "Actual Loops": 5442751, "Index Cond": "((ps_partkey = lineitem.l_partkey) AND (ps_suppkey = lineitem.l_suppkey))"}]}]}, {"Node Type": "Bitmap Heap Scan", "Parent Relationship": "Inner", "Relation Name": "part", "Alias": "part", "Startup Cost": 0.26, "Total Cost": 4.28, "Plan Rows": 1, "Plan Width": 8, "Actual Startup Time": 39579.35, "Actual Total Time": 39579.35, "Actual Rows": 58537, "Actual Loops": 5431247, "Recheck Cond": "(p_partkey = lineitem.l_partkey)", "Rows Removed by Index Recheck": 0, "Filter": "((p_name)::text ~~ 'green%'::text)", "Rows Removed by Filter": 5372710, "Exact Heap Blocks": 5431247, "Lossy Heap Blocks": 5431247, "Plans": [{"Node Type": "Bitmap Index Scan", "Parent Relationship": "Outer", "Index Name": "part_kpey", "Startup Cost": 0.0, "Total Cost": 0.26, "Plan Rows": 1, "Plan Width": 0, "Actual Startup Time": 23439.794, "Actual Total Time": 23439.794, "Actual Rows": 5431247, "Actual Loops": 5431247, "Index Cond": "(p_partkey = lineitem.l_partkey)"}]}]}]}]}, {"Node Type": "Bitmap Heap Scan", "Parent Relationship": "Inner", "Relation Name": "supplier", "Alias": "supplier", "Startup Cost": 0.26, "Total Cost": 4.27, "Plan Rows": 1, "Plan Width": 63, "Actual Startup Time": 148.575, "Actual Total Time": 148.575, "Actual Rows": 44487, "Actual Loops": 44487, "Recheck Cond": "(s_suppkey = lineitem.l_suppkey)", "Rows Removed by Index Recheck": 0, "Exact Heap Blocks": 44487, "Lossy Heap Blocks": 44487, "Plans": [{"Node Type": "Bitmap Index Scan", "Parent Relationship": "Outer", "Index Name": "supplier_pkey", "Startup Cost": 0.0, "Total Cost": 0.26, "Plan Rows": 1, "Plan Width": 0, "Actual Startup Time": 81.957, "Actual Total Time": 81.957, "Actual Rows": 44487, "Actual Loops": 44487, "Index Cond": "(s_suppkey = lineitem.l_suppkey)"}]}]}, {"Node Type": "Bitmap Heap Scan", "Parent Relationship": "Inner", "Relation Name": "nation", "Alias": "nation", "Startup Cost": 0.26, "Total Cost": 4.27, "Plan Rows": 1, "Plan Width": 4, "Actual Startup Time": 121.825, "Actual Total Time": 121.825, "Actual Rows": 1746, "Actual Loops": 44487, "Recheck Cond": "(n_nationkey = supplier.s_nationkey)", "Rows Removed by Index Recheck": 0, "Filter": "(n_name = 'ALGERIA'::bpchar)", "Rows Removed by Filter": 42741, "Exact Heap Blocks": 44487, "Lossy Heap Blocks": 44487, "Plans": [{"Node Type": "Bitmap Index Scan", "Parent Relationship": "Outer", "Index Name": "nation_pkey", "Startup Cost": 0.0, "Total Cost": 0.26, "Plan Rows": 1, "Plan Width": 0, "Actual Startup Time": 45.466, "Actual Total Time": 45.466, "Actual Rows": 44487, "Actual Loops": 44487, "Index Cond": "(n_nationkey = supplier.s_nationkey)"}]}]}]}, "Triggers": [], "Planner Runtime": 1, "Total Runtime": 123046.421, "Unique SQL Id": 202076520}}, "(1, 104)": {"explain_plan": {"Plan": {"Node Type": "Sort", "Startup Cost": 2930392.43, "Total Cost": 2930397.43, "Plan Rows": 2000, "Plan Width": 51, "Sort Key": ["supplier.s_name"], "Plans": [{"Node Type": "Hash Join", "Parent Relationship": "Outer", "Join Type": "Right Semi", "Startup Cost": 2635433.06, "Total Cost": 2930282.77, "Plan Rows": 2000, "Plan Width": 51, "Inner Unique": false, "Hash Cond": "(lineitem.l_suppkey = supplier.s_suppkey)", "Plans": [{"Node Type": "Hash Join", "Parent Relationship": "Outer", "Join Type": "Inner", "Startup Cost": 2631808.11, "Total Cost": 2926637.81, "Plan Rows": 2, "Plan Width": 16, "Inner Unique": false, "Hash Cond": "((lineitem.l_partkey = partsupp.ps_partkey) AND (lineitem.l_suppkey = partsupp.ps_suppkey))", "Join Filter": "((partsupp.ps_availqty)::double precision > (.5::double precision * (sum(lineitem.l_quantity))))", "Plans": [{"Node Type": "Aggregate", "Strategy": "Hashed", "Parent Relationship": "Outer", "Startup Cost": 2405767.29, "Total Cost": 2519163.29, "Plan Rows": 9071680, "Plan Width": 24, "Group By Key": ["lineitem.l_partkey", "lineitem.l_suppkey"], "Plans": [{"Node Type": "Seq Scan", "Parent Relationship": "Outer", "Relation Name": "lineitem", "Alias": "lineitem", "Startup Cost": 119.67, "Total Cost": 2315050.5, "Plan Rows": 9071680, "Plan Width": 24, "Filter": "((l_shipdate >= '1993-01-01 00:00:00'::timestamp(0) without time zone) AND (l_shipdate < '1994-01-01 00:00:00'::timestamp without time zone)), (LLVM Optimized)"}]}, {"Node Type": "Hash", "Parent Relationship": "Inner", "Startup Cost": 225072.53, "Total Cost": 225072.53, "Plan Rows": 64552, "Plan Width": 32, "Plans": [{"Node Type": "Nested Loop", "Parent Relationship": "Outer", "Join Type": "Inner", "Startup Cost": 0.0, "Total Cost": 225072.53, "Plan Rows": 64552, "Plan Width": 32, "Inner Unique": false, "Plans": [{"Node Type": "Seq Scan", "Parent Relationship": "Outer", "Relation Name": "part", "Alias": "part", "Startup Cost": 0.0, "Total Cost": 66944.0, "Plan Rows": 22472, "Plan Width": 8, "Filter": "((p_name)::text ~~ 'green%'::text)"}, {"Node Type": "Index Scan", "Parent Relationship": "Inner", "Scan Direction": "Forward", "Index Name": "idx_partsupp_partkey", "Relation Name": "partsupp", "Alias": "partsupp", "Startup Cost": 0.0, "Total Cost": 7.01, "Plan Rows": 3, "Plan Width": 24, "Index Cond": "(ps_partkey = part.p_partkey)"}]}]}]}, {"Node Type": "Hash", "Parent Relationship": "Inner", "Startup Cost": 3574.95, "Total Cost": 3574.95, "Plan Rows": 4000, "Plan Width": 59, "Plans": [{"Node Type": "Hash Join", "Parent Relationship": "Outer", "Join Type": "Inner", "Startup Cost": 1.32, "Total Cost": 3574.95, "Plan Rows": 4000, "Plan Width": 59, "Inner Unique": true, "Hash Cond": "(supplier.s_nationkey = nation.n_nationkey)", "Plans": [{"Node Type": "Seq Scan", "Parent Relationship": "Outer", "Relation Name": "supplier", "Alias": "supplier", "Startup Cost": 0.0, "Total Cost": 3283.0, "Plan Rows": 100000, "Plan Width": 63}, {"Node Type": "Hash", "Parent Relationship": "Inner", "Startup Cost": 1.31, "Total Cost": 1.31, "Plan Rows": 1, "Plan Width": 4, "Plans": [{"Node Type": "Seq Scan", "Parent Relationship": "Outer", "Relation Name": "nation", "Alias": "nation", "Startup Cost": 0.0, "Total Cost": 1.31, "Plan Rows": 1, "Plan Width": 4, "Filter": "(n_name = 'ALGERIA'::bpchar)"}]}]}]}]}]}, "Unique SQL Id": 202076520, "Planner Runtime": 1}, "explain_analyze_plan": {"Plan": {"Node Type": "Sort", "Startup Cost": 2930392.43, "Total Cost": 2930397.43, "Plan Rows": 2000, "Plan Width": 51, "Actual Startup Time": 37558.31, "Actual Total Time": 37558.449, "Actual Rows": 1746, "Actual Loops": 1, "Sort Key": ["supplier.s_name"], "Sort Method": "quicksort", "Sort Space Used": 309, "Sort Space Type": "Memory", "Plans": [{"Node Type": "Hash Join", "Parent Relationship": "Outer", "Join Type": "Right Semi", "Startup Cost": 2635433.06, "Total Cost": 2930282.77, "Plan Rows": 2000, "Plan Width": 51, "Actual Startup Time": 32538.968, "Actual Total Time": 37548.688, "Actual Rows": 1746, "Actual Loops": 1, "Inner Unique": false, "Hash Cond": "(lineitem.l_suppkey = supplier.s_suppkey)", "Plans": [{"Node Type": "Hash Join", "Parent Relationship": "Outer", "Join Type": "Inner", "Startup Cost": 2631808.11, "Total Cost": 2926637.81, "Plan Rows": 2, "Plan Width": 16, "Actual Startup Time": 32483.16, "Actual Total Time": 37480.325, "Actual Rows": 58537, "Actual Loops": 1, "Inner Unique": false, "Hash Cond": "((lineitem.l_partkey = partsupp.ps_partkey) AND (lineitem.l_suppkey = partsupp.ps_suppkey))", "Join Filter": "((partsupp.ps_availqty)::double precision > (.5::double precision * (sum(lineitem.l_quantity))))", "Rows Removed by Join Filter": 136, "Plans": [{"Node Type": "Aggregate", "Strategy": "Hashed", "Parent Relationship": "Outer", "Startup Cost": 2405767.29, "Total Cost": 2519163.29, "Plan Rows": 9071680, "Plan Width": 24, "Actual Startup Time": 31459.048, "Actual Total Time": 34814.481, "Actual Rows": 5442751, "Actual Loops": 1, "Group By Key": ["lineitem.l_partkey", "lineitem.l_suppkey"], "Plans": [{"Node Type": "Seq Scan", "Parent Relationship": "Outer", "Relation Name": "lineitem", "Alias": "lineitem", "Startup Cost": 119.67, "Total Cost": 2315050.5, "Plan Rows": 9071680, "Plan Width": 24, "Actual Startup Time": 0.036, "Actual Total Time": 23468.873, "Actual Rows": 9109641, "Actual Loops": 1, "Filter": "((l_shipdate >= '1993-01-01 00:00:00'::timestamp(0) without time zone) AND (l_shipdate < '1994-01-01 00:00:00'::timestamp without time zone)), (LLVM Optimized, Jit Execute)", "Rows Removed by Filter": 50876411}]}, {"Node Type": "Hash", "Parent Relationship": "Inner", "Startup Cost": 225072.53, "Total Cost": 225072.53, "Plan Rows": 64552, "Plan Width": 32, "Actual Startup Time": 1023.772, "Actual Total Time": 1023.772, "Actual Rows": 86224, "Actual Loops": 1, "Hash Buckets": 65536, "Hash Batches": 1, "Original Hash Batches": 1, "Peak Memory Usage": 5389, "Plans": [{"Node Type": "Nested Loop", "Parent Relationship": "Outer", "Join Type": "Inner", "Startup Cost": 0.0, "Total Cost": 225072.53, "Plan Rows": 64552, "Plan Width": 32, "Actual Startup Time": 0.065, "Actual Total Time": 987.027, "Actual Rows": 86224, "Actual Loops": 1, "Inner Unique": false, "Plans": [{"Node Type": "Seq Scan", "Parent Relationship": "Outer", "Relation Name": "part", "Alias": "part", "Startup Cost": 0.0, "Total Cost": 66944.0, "Plan Rows": 22472, "Plan Width": 8, "Actual Startup Time": 0.034, "Actual Total Time": 777.632, "Actual Rows": 21556, "Actual Loops": 1, "Filter": "((p_name)::text ~~ 'green%'::text)", "Rows Removed by Filter": 1978444}, {"Node Type": "Index Scan", "Parent Relationship": "Inner", "Scan Direction": "Forward", "Index Name": "idx_partsupp_partkey", "Relation Name": "partsupp", "Alias": "partsupp", "Startup Cost": 0.0, "Total Cost": 7.01, "Plan Rows": 3, "Plan Width": 24, "Actual Startup Time": 133.545, "Actual Total Time": 176.536, "Actual Rows": 86224, "Actual Loops": 21556, "Index Cond": "(ps_partkey = part.p_partkey)", "Rows Removed by Index Recheck": 0}]}]}]}, {"Node Type": "Hash", "Parent Relationship": "Inner", "Startup Cost": 3574.95, "Total Cost": 3574.95, "Plan Rows": 4000, "Plan Width": 59, "Actual Startup Time": 49.332, "Actual Total Time": 49.332, "Actual Rows": 3934, "Actual Loops": 1, "Hash Buckets": 32768, "Hash Batches": 1, "Original Hash Batches": 1, "Peak Memory Usage": 368, "Plans": [{"Node Type": "Hash Join", "Parent Relationship": "Outer", "Join Type": "Inner", "Startup Cost": 1.32, "Total Cost": 3574.95, "Plan Rows": 4000, "Plan Width": 59, "Actual Startup Time": 0.098, "Actual Total Time": 47.874, "Actual Rows": 3934, "Actual Loops": 1, "Inner Unique": true, "Hash Cond": "(supplier.s_nationkey = nation.n_nationkey)", "Plans": [{"Node Type": "Seq Scan", "Parent Relationship": "Outer", "Relation Name": "supplier", "Alias": "supplier", "Startup Cost": 0.0, "Total Cost": 3283.0, "Plan Rows": 100000, "Plan Width": 63, "Actual Startup Time": 0.02, "Actual Total Time": 28.017, "Actual Rows": 100000, "Actual Loops": 1}, {"Node Type": "Hash", "Parent Relationship": "Inner", "Startup Cost": 1.31, "Total Cost": 1.31, "Plan Rows": 1, "Plan Width": 4, "Actual Startup Time": 0.037, "Actual Total Time": 0.037, "Actual Rows": 1, "Actual Loops": 1, "Hash Buckets": 32768, "Hash Batches": 1, "Original Hash Batches": 1, "Peak Memory Usage": 1, "Plans": [{"Node Type": "Seq Scan", "Parent Relationship": "Outer", "Relation Name": "nation", "Alias": "nation", "Startup Cost": 0.0, "Total Cost": 1.31, "Plan Rows": 1, "Plan Width": 4, "Actual Startup Time": 0.023, "Actual Total Time": 0.031, "Actual Rows": 1, "Actual Loops": 1, "Filter": "(n_name = 'ALGERIA'::bpchar)", "Rows Removed by Filter": 24}]}]}]}]}]}, "Triggers": [], "Planner Runtime": 2, "Total Runtime": 37567.913, "Unique SQL Id": 202076520}}, "(1, 105)": {"explain_plan": {"Plan": {"Node Type": "Sort", "Startup Cost": 6720005.94, "Total Cost": 6720010.94, "Plan Rows": 2000, "Plan Width": 51, "Sort Key": ["supplier.s_name"], "Plans": [{"Node Type": "Hash Join", "Parent Relationship": "Outer", "Join Type": "Right Semi", "Startup Cost": 6425046.57, "Total Cost": 6719896.28, "Plan Rows": 2000, "Plan Width": 51, "Inner Unique": false, "Hash Cond": "(lineitem.l_suppkey = supplier.s_suppkey)", "Plans": [{"Node Type": "Hash Join", "Parent Relationship": "Outer", "Join Type": "Inner", "Startup Cost": 6419358.7, "Total Cost": 6714188.4, "Plan Rows": 2, "Plan Width": 16, "Inner Unique": false, "Hash Cond": "((lineitem.l_partkey = partsupp.ps_partkey) AND (lineitem.l_suppkey = partsupp.ps_suppkey))", "Join Filter": "((partsupp.ps_availqty)::double precision > (.5::double precision * (sum(lineitem.l_quantity))))", "Plans": [{"Node Type": "Aggregate", "Strategy": "Hashed", "Parent Relationship": "Outer", "Startup Cost": 6154458.63, "Total Cost": 6267854.63, "Plan Rows": 9071680, "Plan Width": 24, "Group By Key": ["lineitem.l_partkey", "lineitem.l_suppkey"], "Plans": [{"Node Type": "Index Scan", "Parent Relationship": "Outer", "Scan Direction": "Forward", "Index Name": "idx_lineitem_shipdate", "Relation Name": "lineitem", "Alias": "lineitem", "Startup Cost": 0.0, "Total Cost": 6063741.83, "Plan Rows": 9071680, "Plan Width": 24, "Index Cond": "((l_shipdate >= '1993-01-01 00:00:00'::timestamp(0) without time zone) AND (l_shipdate < '1994-01-01 00:00:00'::timestamp without time zone)), (LLVM Optimized)"}]}, {"Node Type": "Hash", "Parent Relationship": "Inner", "Startup Cost": 263931.78, "Total Cost": 263931.78, "Plan Rows": 64552, "Plan Width": 32, "Plans": [{"Node Type": "Nested Loop", "Parent Relationship": "Outer", "Join Type": "Inner", "Startup Cost": 0.0, "Total Cost": 263931.78, "Plan Rows": 64552, "Plan Width": 32, "Inner Unique": false, "Plans": [{"Node Type": "Index Scan", "Parent Relationship": "Outer", "Scan Direction": "Forward", "Index Name": "part_kpey", "Relation Name": "part", "Alias": "part", "Startup Cost": 0.0, "Total Cost": 105803.25, "Plan Rows": 22472, "Plan Width": 8, "Filter": "((p_name)::text ~~ 'green%'::text)"}, {"Node Type": "Index Scan", "Parent Relationship": "Inner", "Scan Direction": "Forward", "Index Name": "idx_partsupp_partkey", "Relation Name": "partsupp", "Alias": "partsupp", "Startup Cost": 0.0, "Total Cost": 7.01, "Plan Rows": 3, "Plan Width": 24, "Index Cond": "(ps_partkey = part.p_partkey)"}]}]}]}, {"Node Type": "Hash", "Parent Relationship": "Inner", "Startup Cost": 5637.87, "Total Cost": 5637.87, "Plan Rows": 4000, "Plan Width": 59, "Plans": [{"Node Type": "Hash Join", "Parent Relationship": "Outer", "Join Type": "Inner", "Startup Cost": 12.7, "Total Cost": 5637.87, "Plan Rows": 4000, "Plan Width": 59, "Inner Unique": true, "Hash Cond": "(supplier.s_nationkey = nation.n_nationkey)", "Plans": [{"Node Type": "Index Scan", "Parent Relationship": "Outer", "Scan Direction": "Forward", "Index Name": "supplier_pkey", "Relation Name": "supplier", "Alias": "supplier", "Startup Cost": 0.0, "Total Cost": 5334.54, "Plan Rows": 100000, "Plan Width": 63}, {"Node Type": "Hash", "Parent Relationship": "Inner", "Startup Cost": 12.69, "Total Cost": 12.69, "Plan Rows": 1, "Plan Width": 4, "Plans": [{"Node Type": "Index Scan", "Parent Relationship": "Outer", "Scan Direction": "Forward", "Index Name": "nation_pkey", "Relation Name": "nation", "Alias": "nation", "Startup Cost": 0.0, "Total Cost": 12.69, "Plan Rows": 1, "Plan Width": 4, "Filter": "(n_name = 'ALGERIA'::bpchar)"}]}]}]}]}]}, "Unique SQL Id": 202076520, "Planner Runtime": 2}, "explain_analyze_plan": {"Plan": {"Node Type": "Sort", "Startup Cost": 6720005.94, "Total Cost": 6720010.94, "Plan Rows": 2000, "Plan Width": 51, "Actual Startup Time": 39406.187, "Actual Total Time": 39406.345, "Actual Rows": 1746, "Actual Loops": 1, "Sort Key": ["supplier.s_name"], "Sort Method": "quicksort", "Sort Space Used": 309, "Sort Space Type": "Memory", "Plans": [{"Node Type": "Hash Join", "Parent Relationship": "Outer", "Join Type": "Right Semi", "Startup Cost": 6425046.57, "Total Cost": 6719896.28, "Plan Rows": 2000, "Plan Width": 51, "Actual Startup Time": 34308.839, "Actual Total Time": 39396.475, "Actual Rows": 1746, "Actual Loops": 1, "Inner Unique": false, "Hash Cond": "(lineitem.l_suppkey = supplier.s_suppkey)", "Plans": [{"Node Type": "Hash Join", "Parent Relationship": "Outer", "Join Type": "Inner", "Startup Cost": 6419358.7, "Total Cost": 6714188.4, "Plan Rows": 2, "Plan Width": 16, "Actual Startup Time": 34226.867, "Actual Total Time": 39304.704, "Actual Rows": 58537, "Actual Loops": 1, "Inner Unique": false, "Hash Cond": "((lineitem.l_partkey = partsupp.ps_partkey) AND (lineitem.l_suppkey = partsupp.ps_suppkey))", "Join Filter": "((partsupp.ps_availqty)::double precision > (.5::double precision * (sum(lineitem.l_quantity))))", "Rows Removed by Join Filter": 136, "Plans": [{"Node Type": "Aggregate", "Strategy": "Hashed", "Parent Relationship": "Outer", "Startup Cost": 6154458.63, "Total Cost": 6267854.63, "Plan Rows": 9071680, "Plan Width": 24, "Actual Startup Time": 32639.869, "Actual Total Time": 36160.718, "Actual Rows": 5442751, "Actual Loops": 1, "Group By Key": ["lineitem.l_partkey", "lineitem.l_suppkey"], "Plans": [{"Node Type": "Index Scan", "Parent Relationship": "Outer", "Scan Direction": "Forward", "Index Name": "idx_lineitem_shipdate", "Relation Name": "lineitem", "Alias": "lineitem", "Startup Cost": 0.0, "Total Cost": 6063741.83, "Plan Rows": 9071680, "Plan Width": 24, "Actual Startup Time": 0.073, "Actual Total Time": 23878.544, "Actual Rows": 9109641, "Actual Loops": 1, "Index Cond": "((l_shipdate >= '1993-01-01 00:00:00'::timestamp(0) without time zone) AND (l_shipdate < '1994-01-01 00:00:00'::timestamp without time zone)), (LLVM Optimized, Jit Execute)", "Rows Removed by Index Recheck": 0}]}, {"Node Type": "Hash", "Parent Relationship": "Inner", "Startup Cost": 263931.78, "Total Cost": 263931.78, "Plan Rows": 64552, "Plan Width": 32, "Actual Startup Time": 1586.482, "Actual Total Time": 1586.482, "Actual Rows": 86224, "Actual Loops": 1, "Hash Buckets": 65536, "Hash Batches": 1, "Original Hash Batches": 1, "Peak Memory Usage": 5389, "Plans": [{"Node Type": "Nested Loop", "Parent Relationship": "Outer", "Join Type": "Inner", "Startup Cost": 0.0, "Total Cost": 263931.78, "Plan Rows": 64552, "Plan Width": 32, "Actual Startup Time": 0.087, "Actual Total Time": 1549.69, "Actual Rows": 86224, "Actual Loops": 1, "Inner Unique": false, "Plans": [{"Node Type": "Index Scan", "Parent Relationship": "Outer", "Scan Direction": "Forward", "Index Name": "part_kpey", "Relation Name": "part", "Alias": "part", "Startup Cost": 0.0, "Total Cost": 105803.25, "Plan Rows": 22472, "Plan Width": 8, "Actual Startup Time": 0.066, "Actual Total Time": 1342.48, "Actual Rows": 21556, "Actual Loops": 1, "Filter": "((p_name)::text ~~ 'green%'::text)", "Rows Removed by Filter": 1978444}, {"Node Type": "Index Scan", "Parent Relationship": "Inner", "Scan Direction": "Forward", "Index Name": "idx_partsupp_partkey", "Relation Name": "partsupp", "Alias": "partsupp", "Startup Cost": 0.0, "Total Cost": 7.01, "Plan Rows": 3, "Plan Width": 24, "Actual Startup Time": 131.293, "Actual Total Time": 175.053, "Actual Rows": 86224, "Actual Loops": 21556, "Index Cond": "(ps_partkey = part.p_partkey)", "Rows Removed by Index Recheck": 0}]}]}]}, {"Node Type": "Hash", "Parent Relationship": "Inner", "Startup Cost": 5637.87, "Total Cost": 5637.87, "Plan Rows": 4000, "Plan Width": 59, "Actual Startup Time": 74.75, "Actual Total Time": 74.75, "Actual Rows": 3934, "Actual Loops": 1, "Hash Buckets": 32768, "Hash Batches": 1, "Original Hash Batches": 1, "Peak Memory Usage": 368, "Plans": [{"Node Type": "Hash Join", "Parent Relationship": "Outer", "Join Type": "Inner", "Startup Cost": 12.7, "Total Cost": 5637.87, "Plan Rows": 4000, "Plan Width": 59, "Actual Startup Time": 0.119, "Actual Total Time": 73.224, "Actual Rows": 3934, "Actual Loops": 1, "Inner Unique": true, "Hash Cond": "(supplier.s_nationkey = nation.n_nationkey)", "Plans": [{"Node Type": "Index Scan", "Parent Relationship": "Outer", "Scan Direction": "Forward", "Index Name": "supplier_pkey", "Relation Name": "supplier", "Alias": "supplier", "Startup Cost": 0.0, "Total Cost": 5334.54, "Plan Rows": 100000, "Plan Width": 63, "Actual Startup Time": 0.031, "Actual Total Time": 52.676, "Actual Rows": 100000, "Actual Loops": 1}, {"Node Type": "Hash", "Parent Relationship": "Inner", "Startup Cost": 12.69, "Total Cost": 12.69, "Plan Rows": 1, "Plan Width": 4, "Actual Startup Time": 0.034, "Actual Total Time": 0.034, "Actual Rows": 1, "Actual Loops": 1, "Hash Buckets": 32768, "Hash Batches": 1, "Original Hash Batches": 1, "Peak Memory Usage": 1, "Plans": [{"Node Type": "Index Scan", "Parent Relationship": "Outer", "Scan Direction": "Forward", "Index Name": "nation_pkey", "Relation Name": "nation", "Alias": "nation", "Startup Cost": 0.0, "Total Cost": 12.69, "Plan Rows": 1, "Plan Width": 4, "Actual Startup Time": 0.013, "Actual Total Time": 0.028, "Actual Rows": 1, "Actual Loops": 1, "Filter": "(n_name = 'ALGERIA'::bpchar)", "Rows Removed by Filter": 24}]}]}]}]}]}, "Triggers": [], "Planner Runtime": 1, "Total Runtime": 39415.887, "Unique SQL Id": 202076520}}, "(1, 106)": {"explain_plan": {"Plan": {"Node Type": "Sort", "Startup Cost": 3063182.61, "Total Cost": 3063187.61, "Plan Rows": 2000, "Plan Width": 51, "Sort Key": ["supplier.s_name"], "Plans": [{"Node Type": "Hash Join", "Parent Relationship": "Outer", "Join Type": "Right Semi", "Startup Cost": 2768223.24, "Total Cost": 3063072.95, "Plan Rows": 2000, "Plan Width": 51, "Inner Unique": false, "Hash Cond": "(lineitem.l_suppkey = supplier.s_suppkey)", "Plans": [{"Node Type": "Hash Join", "Parent Relationship": "Outer", "Join Type": "Inner", "Startup Cost": 2764598.29, "Total Cost": 3059427.99, "Plan Rows": 2, "Plan Width": 16, "Inner Unique": false, "Hash Cond": "((lineitem.l_partkey = partsupp.ps_partkey) AND (lineitem.l_suppkey = partsupp.ps_suppkey))", "Join Filter": "((partsupp.ps_availqty)::double precision > (.5::double precision * (sum(lineitem.l_quantity))))", "Plans": [{"Node Type": "Aggregate", "Strategy": "Hashed", "Parent Relationship": "Outer", "Startup Cost": 2405767.29, "Total Cost": 2519163.29, "Plan Rows": 9071680, "Plan Width": 24, "Group By Key": ["lineitem.l_partkey", "lineitem.l_suppkey"], "Plans": [{"Node Type": "Seq Scan", "Parent Relationship": "Outer", "Relation Name": "lineitem", "Alias": "lineitem", "Startup Cost": 119.67, "Total Cost": 2315050.5, "Plan Rows": 9071680, "Plan Width": 24, "Filter": "((l_shipdate >= '1993-01-01 00:00:00'::timestamp(0) without time zone) AND (l_shipdate < '1994-01-01 00:00:00'::timestamp without time zone)), (LLVM Optimized)"}]}, {"Node Type": "Hash", "Parent Relationship": "Inner", "Startup Cost": 357862.71, "Total Cost": 357862.71, "Plan Rows": 64552, "Plan Width": 32, "Plans": [{"Node Type": "Hash Join", "Parent Relationship": "Outer", "Join Type": "Inner", "Startup Cost": 67224.9, "Total Cost": 357862.71, "Plan Rows": 64552, "Plan Width": 32, "Inner Unique": true, "Hash Cond": "(partsupp.ps_partkey = part.p_partkey)", "Plans": [{"Node Type": "Seq Scan", "Parent Relationship": "Outer", "Relation Name": "partsupp", "Alias": "partsupp", "Startup Cost": 0.0, "Total Cost": 269987.72, "Plan Rows": 8000372, "Plan Width": 24}, {"Node Type": "Hash", "Parent Relationship": "Inner", "Startup Cost": 66944.0, "Total Cost": 66944.0, "Plan Rows": 22472, "Plan Width": 8, "Plans": [{"Node Type": "Seq Scan", "Parent Relationship": "Outer", "Relation Name": "part", "Alias": "part", "Startup Cost": 0.0, "Total Cost": 66944.0, "Plan Rows": 22472, "Plan Width": 8, "Filter": "((p_name)::text ~~ 'green%'::text)"}]}]}]}]}, {"Node Type": "Hash", "Parent Relationship": "Inner", "Startup Cost": 3574.95, "Total Cost": 3574.95, "Plan Rows": 4000, "Plan Width": 59, "Plans": [{"Node Type": "Hash Join", "Parent Relationship": "Outer", "Join Type": "Inner", "Startup Cost": 1.32, "Total Cost": 3574.95, "Plan Rows": 4000, "Plan Width": 59, "Inner Unique": true, "Hash Cond": "(supplier.s_nationkey = nation.n_nationkey)", "Plans": [{"Node Type": "Seq Scan", "Parent Relationship": "Outer", "Relation Name": "supplier", "Alias": "supplier", "Startup Cost": 0.0, "Total Cost": 3283.0, "Plan Rows": 100000, "Plan Width": 63}, {"Node Type": "Hash", "Parent Relationship": "Inner", "Startup Cost": 1.31, "Total Cost": 1.31, "Plan Rows": 1, "Plan Width": 4, "Plans": [{"Node Type": "Seq Scan", "Parent Relationship": "Outer", "Relation Name": "nation", "Alias": "nation", "Startup Cost": 0.0, "Total Cost": 1.31, "Plan Rows": 1, "Plan Width": 4, "Filter": "(n_name = 'ALGERIA'::bpchar)"}]}]}]}]}]}, "Unique SQL Id": 202076520, "Planner Runtime": 1}, "explain_analyze_plan": {"Plan": {"Node Type": "Sort", "Startup Cost": 3063182.61, "Total Cost": 3063187.61, "Plan Rows": 2000, "Plan Width": 51, "Actual Startup Time": 41064.357, "Actual Total Time": 41064.511, "Actual Rows": 1746, "Actual Loops": 1, "Sort Key": ["supplier.s_name"], "Sort Method": "quicksort", "Sort Space Used": 309, "Sort Space Type": "Memory", "Plans": [{"Node Type": "Hash Join", "Parent Relationship": "Outer", "Join Type": "Right Semi", "Startup Cost": 2768223.24, "Total Cost": 3063072.95, "Plan Rows": 2000, "Plan Width": 51, "Actual Startup Time": 36043.997, "Actual Total Time": 41054.684, "Actual Rows": 1746, "Actual Loops": 1, "Inner Unique": false, "Hash Cond": "(lineitem.l_suppkey = supplier.s_suppkey)", "Plans": [{"Node Type": "Hash Join", "Parent Relationship": "Outer", "Join Type": "Inner", "Startup Cost": 2764598.29, "Total Cost": 3059427.99, "Plan Rows": 2, "Plan Width": 16, "Actual Startup Time": 35984.84, "Actual Total Time": 40982.607, "Actual Rows": 58537, "Actual Loops": 1, "Inner Unique": false, "Hash Cond": "((lineitem.l_partkey = partsupp.ps_partkey) AND (lineitem.l_suppkey = partsupp.ps_suppkey))", "Join Filter": "((partsupp.ps_availqty)::double precision > (.5::double precision * (sum(lineitem.l_quantity))))", "Rows Removed by Join Filter": 136, "Plans": [{"Node Type": "Aggregate", "Strategy": "Hashed", "Parent Relationship": "Outer", "Startup Cost": 2405767.29, "Total Cost": 2519163.29, "Plan Rows": 9071680, "Plan Width": 24, "Actual Startup Time": 31171.068, "Actual Total Time": 34555.993, "Actual Rows": 5442751, "Actual Loops": 1, "Group By Key": ["lineitem.l_partkey", "lineitem.l_suppkey"], "Plans": [{"Node Type": "Seq Scan", "Parent Relationship": "Outer", "Relation Name": "lineitem", "Alias": "lineitem", "Startup Cost": 119.67, "Total Cost": 2315050.5, "Plan Rows": 9071680, "Plan Width": 24, "Actual Startup Time": 0.064, "Actual Total Time": 23163.53, "Actual Rows": 9109641, "Actual Loops": 1, "Filter": "((l_shipdate >= '1993-01-01 00:00:00'::timestamp(0) without time zone) AND (l_shipdate < '1994-01-01 00:00:00'::timestamp without time zone)), (LLVM Optimized, Jit Execute)", "Rows Removed by Filter": 50876411}]}, {"Node Type": "Hash", "Parent Relationship": "Inner", "Startup Cost": 357862.71, "Total Cost": 357862.71, "Plan Rows": 64552, "Plan Width": 32, "Actual Startup Time": 4813.197, "Actual Total Time": 4813.197, "Actual Rows": 86224, "Actual Loops": 1, "Hash Buckets": 65536, "Hash Batches": 1, "Original Hash Batches": 1, "Peak Memory Usage": 5389, "Plans": [{"Node Type": "Hash Join", "Parent Relationship": "Outer", "Join Type": "Inner", "Startup Cost": 67224.9, "Total Cost": 357862.71, "Plan Rows": 64552, "Plan Width": 32, "Actual Startup Time": 797.083, "Actual Total Time": 4772.882, "Actual Rows": 86224, "Actual Loops": 1, "Inner Unique": true, "Hash Cond": "(partsupp.ps_partkey = part.p_partkey)", "Plans": [{"Node Type": "Seq Scan", "Parent Relationship": "Outer", "Relation Name": "partsupp", "Alias": "partsupp", "Startup Cost": 0.0, "Total Cost": 269987.72, "Plan Rows": 8000372, "Plan Width": 24, "Actual Startup Time": 0.02, "Actual Total Time": 2451.035, "Actual Rows": 8000000, "Actual Loops": 1}, {"Node Type": "Hash", "Parent Relationship": "Inner", "Startup Cost": 66944.0, "Total Cost": 66944.0, "Plan Rows": 22472, "Plan Width": 8, "Actual Startup Time": 796.917, "Actual Total Time": 796.917, "Actual Rows": 21556, "Actual Loops": 1, "Hash Buckets": 32768, "Hash Batches": 1, "Original Hash Batches": 1, "Peak Memory Usage": 843, "Plans": [{"Node Type": "Seq Scan", "Parent Relationship": "Outer", "Relation Name": "part", "Alias": "part", "Startup Cost": 0.0, "Total Cost": 66944.0, "Plan Rows": 22472, "Plan Width": 8, "Actual Startup Time": 0.04, "Actual Total Time": 789.522, "Actual Rows": 21556, "Actual Loops": 1, "Filter": "((p_name)::text ~~ 'green%'::text)", "Rows Removed by Filter": 1978444}]}]}]}]}, {"Node Type": "Hash", "Parent Relationship": "Inner", "Startup Cost": 3574.95, "Total Cost": 3574.95, "Plan Rows": 4000, "Plan Width": 59, "Actual Startup Time": 52.116, "Actual Total Time": 52.116, "Actual Rows": 3934, "Actual Loops": 1, "Hash Buckets": 32768, "Hash Batches": 1, "Original Hash Batches": 1, "Peak Memory Usage": 368, "Plans": [{"Node Type": "Hash Join", "Parent Relationship": "Outer", "Join Type": "Inner", "Startup Cost": 1.32, "Total Cost": 3574.95, "Plan Rows": 4000, "Plan Width": 59, "Actual Startup Time": 0.114, "Actual Total Time": 50.638, "Actual Rows": 3934, "Actual Loops": 1, "Inner Unique": true, "Hash Cond": "(supplier.s_nationkey = nation.n_nationkey)", "Plans": [{"Node Type": "Seq Scan", "Parent Relationship": "Outer", "Relation Name": "supplier", "Alias": "supplier", "Startup Cost": 0.0, "Total Cost": 3283.0, "Plan Rows": 100000, "Plan Width": 63, "Actual Startup Time": 0.024, "Actual Total Time": 30.872, "Actual Rows": 100000, "Actual Loops": 1}, {"Node Type": "Hash", "Parent Relationship": "Inner", "Startup Cost": 1.31, "Total Cost": 1.31, "Plan Rows": 1, "Plan Width": 4, "Actual Startup Time": 0.043, "Actual Total Time": 0.043, "Actual Rows": 1, "Actual Loops": 1, "Hash Buckets": 32768, "Hash Batches": 1, "Original Hash Batches": 1, "Peak Memory Usage": 1, "Plans": [{"Node Type": "Seq Scan", "Parent Relationship": "Outer", "Relation Name": "nation", "Alias": "nation", "Startup Cost": 0.0, "Total Cost": 1.31, "Plan Rows": 1, "Plan Width": 4, "Actual Startup Time": 0.025, "Actual Total Time": 0.034, "Actual Rows": 1, "Actual Loops": 1, "Filter": "(n_name = 'ALGERIA'::bpchar)", "Rows Removed by Filter": 24}]}]}]}]}]}, "Triggers": [], "Planner Runtime": 1, "Total Runtime": 41075.234, "Unique SQL Id": 202076520}}, "(1, 107)": {"explain_plan": {"Plan": {"Node Type": "Sort", "Startup Cost": 5000888264225.13, "Total Cost": 5000888264230.13, "Plan Rows": 2000, "Plan Width": 51, "Sort Key": ["supplier.s_name"], "Plans": [{"Node Type": "Hash Join", "Parent Relationship": "Outer", "Join Type": "Semi", "Startup Cost": 3020888013665.41, "Total Cost": 5000888264115.47, "Plan Rows": 2000, "Plan Width": 51, "Inner Unique": false, "Hash Cond": "(supplier.s_suppkey = lineitem.l_suppkey)", "Plans": [{"Node Type": "Nested Loop", "Parent Relationship": "Outer", "Join Type": "Inner", "Startup Cost": 20000000095.25, "Total Cost": 2000000250512.56, "Plan Rows": 4000, "Plan Width": 59, "Inner Unique": false, "Plans": [{"Node Type": "Index Scan", "Parent Relationship": "Outer", "Scan Direction": "Forward", "Index Name": "nation_pkey", "Relation Name": "nation", "Alias": "nation", "Startup Cost": 10000000000.0, "Total Cost": 1000000001268.75, "Plan Rows": 1, "Plan Width": 4, "Filter": "(n_name = 'ALGERIA'::bpchar)"}, {"Node Type": "Bitmap Heap Scan", "Parent Relationship": "Inner", "Relation Name": "supplier", "Alias": "supplier", "Startup Cost": 10000000095.25, "Total Cost": 1000000249203.81, "Plan Rows": 4000, "Plan Width": 63, "Recheck Cond": "(s_nationkey = nation.n_nationkey)", "Plans": [{"Node Type": "Bitmap Index Scan", "Parent Relationship": "Outer", "Index Name": "idx_supplier_nation_key", "Startup Cost": 0.0, "Total Cost": 94.25, "Plan Rows": 4000, "Plan Width": 0, "Index Cond": "(s_nationkey = nation.n_nationkey)"}]}]}, {"Node Type": "Hash", "Parent Relationship": "Inner", "Startup Cost": 3000888013570.13, "Total Cost": 3000888013570.13, "Plan Rows": 2, "Plan Width": 16, "Plans": [{"Node Type": "Hash Join", "Parent Relationship": "Outer", "Join Type": "Inner", "Startup Cost": 2010082243187.49, "Total Cost": 3000888013570.13, "Plan Rows": 2, "Plan Width": 16, "Inner Unique": false, "Hash Cond": "((lineitem.l_partkey = partsupp.ps_partkey) AND (lineitem.l_suppkey = partsupp.ps_suppkey))", "Join Filter": "((partsupp.ps_availqty)::double precision > (.5::double precision * (sum(lineitem.l_quantity))))", "Plans": [{"Node Type": "Aggregate", "Strategy": "Sorted", "Parent Relationship": "Outer", "Startup Cost": 10000000000.0, "Total Cost": 1000805588948.94, "Plan Rows": 9071680, "Plan Width": 40, "Group By Key": ["lineitem.l_partkey", "lineitem.l_suppkey"], "Plans": [{"Node Type": "Index Scan", "Parent Relationship": "Outer", "Scan Direction": "Forward", "Index Name": "idx_lineitem_part_supp", "Relation Name": "lineitem", "Alias": "lineitem", "Startup Cost": 10000000000.0, "Total Cost": 1000805384836.14, "Plan Rows": 9071680, "Plan Width": 24, "Filter": "((l_shipdate >= '1993-01-01 00:00:00'::timestamp(0) without time zone) AND (l_shipdate < '1994-01-01 00:00:00'::timestamp without time zone)), (LLVM Optimized)"}]}, {"Node Type": "Hash", "Parent Relationship": "Inner", "Startup Cost": 2000082242219.21, "Total Cost": 2000082242219.21, "Plan Rows": 64552, "Plan Width": 32, "Plans": [{"Node Type": "Hash Join", "Parent Relationship": "Outer", "Join Type": "Inner", "Startup Cost": 1010010580605.9, "Total Cost": 2000082242219.21, "Plan Rows": 64552, "Plan Width": 32, "Inner Unique": true, "Hash Cond": "(partsupp.ps_partkey = part.p_partkey)", "Plans": [{"Node Type": "Index Scan", "Parent Relationship": "Outer", "Scan Direction": "Forward", "Index Name": "partsupp_pkey", "Relation Name": "partsupp", "Alias": "partsupp", "Startup Cost": 10000000000.0, "Total Cost": 1000071640963.22, "Plan Rows": 8000372, "Plan Width": 24}, {"Node Type": "Hash", "Parent Relationship": "Inner", "Startup Cost": 1000010580325.0, "Total Cost": 1000010580325.0, "Plan Rows": 22472, "Plan Width": 8, "Plans": [{"Node Type": "Index Scan", "Parent Relationship": "Outer", "Scan Direction": "Forward", "Index Name": "part_kpey", "Relation Name": "part", "Alias": "part", "Startup Cost": 10000000000.0, "Total Cost": 1000010580325.0, "Plan Rows": 22472, "Plan Width": 8, "Filter": "((p_name)::text ~~ 'green%'::text)"}]}]}]}]}]}]}]}, "Unique SQL Id": 202076520, "Planner Runtime": 1}, "explain_analyze_plan": null}, "(1, 108)": {"explain_plan": {"Plan": {"Node Type": "Sort", "Startup Cost": 2930392.43, "Total Cost": 2930397.43, "Plan Rows": 2000, "Plan Width": 51, "Sort Key": ["supplier.s_name"], "Plans": [{"Node Type": "Hash Join", "Parent Relationship": "Outer", "Join Type": "Right Semi", "Startup Cost": 2635433.06, "Total Cost": 2930282.77, "Plan Rows": 2000, "Plan Width": 51, "Inner Unique": false, "Hash Cond": "(lineitem.l_suppkey = supplier.s_suppkey)", "Plans": [{"Node Type": "Hash Join", "Parent Relationship": "Outer", "Join Type": "Inner", "Startup Cost": 2631808.11, "Total Cost": 2926637.81, "Plan Rows": 2, "Plan Width": 16, "Inner Unique": false, "Hash Cond": "((lineitem.l_partkey = partsupp.ps_partkey) AND (lineitem.l_suppkey = partsupp.ps_suppkey))", "Join Filter": "((partsupp.ps_availqty)::double precision > (.5::double precision * (sum(lineitem.l_quantity))))", "Plans": [{"Node Type": "Aggregate", "Strategy": "Hashed", "Parent Relationship": "Outer", "Startup Cost": 2405767.29, "Total Cost": 2519163.29, "Plan Rows": 9071680, "Plan Width": 24, "Group By Key": ["lineitem.l_partkey", "lineitem.l_suppkey"], "Plans": [{"Node Type": "Seq Scan", "Parent Relationship": "Outer", "Relation Name": "lineitem", "Alias": "lineitem", "Startup Cost": 119.67, "Total Cost": 2315050.5, "Plan Rows": 9071680, "Plan Width": 24, "Filter": "((l_shipdate >= '1993-01-01 00:00:00'::timestamp(0) without time zone) AND (l_shipdate < '1994-01-01 00:00:00'::timestamp without time zone)), (LLVM Optimized)"}]}, {"Node Type": "Hash", "Parent Relationship": "Inner", "Startup Cost": 225072.53, "Total Cost": 225072.53, "Plan Rows": 64552, "Plan Width": 32, "Plans": [{"Node Type": "Nested Loop", "Parent Relationship": "Outer", "Join Type": "Inner", "Startup Cost": 0.0, "Total Cost": 225072.53, "Plan Rows": 64552, "Plan Width": 32, "Inner Unique": false, "Plans": [{"Node Type": "Seq Scan", "Parent Relationship": "Outer", "Relation Name": "part", "Alias": "part", "Startup Cost": 0.0, "Total Cost": 66944.0, "Plan Rows": 22472, "Plan Width": 8, "Filter": "((p_name)::text ~~ 'green%'::text)"}, {"Node Type": "Index Scan", "Parent Relationship": "Inner", "Scan Direction": "Forward", "Index Name": "idx_partsupp_partkey", "Relation Name": "partsupp", "Alias": "partsupp", "Startup Cost": 0.0, "Total Cost": 7.01, "Plan Rows": 3, "Plan Width": 24, "Index Cond": "(ps_partkey = part.p_partkey)"}]}]}]}, {"Node Type": "Hash", "Parent Relationship": "Inner", "Startup Cost": 3574.95, "Total Cost": 3574.95, "Plan Rows": 4000, "Plan Width": 59, "Plans": [{"Node Type": "Hash Join", "Parent Relationship": "Outer", "Join Type": "Inner", "Startup Cost": 1.32, "Total Cost": 3574.95, "Plan Rows": 4000, "Plan Width": 59, "Inner Unique": true, "Hash Cond": "(supplier.s_nationkey = nation.n_nationkey)", "Plans": [{"Node Type": "Seq Scan", "Parent Relationship": "Outer", "Relation Name": "supplier", "Alias": "supplier", "Startup Cost": 0.0, "Total Cost": 3283.0, "Plan Rows": 100000, "Plan Width": 63}, {"Node Type": "Hash", "Parent Relationship": "Inner", "Startup Cost": 1.31, "Total Cost": 1.31, "Plan Rows": 1, "Plan Width": 4, "Plans": [{"Node Type": "Seq Scan", "Parent Relationship": "Outer", "Relation Name": "nation", "Alias": "nation", "Startup Cost": 0.0, "Total Cost": 1.31, "Plan Rows": 1, "Plan Width": 4, "Filter": "(n_name = 'ALGERIA'::bpchar)"}]}]}]}]}]}, "Unique SQL Id": 202076520, "Planner Runtime": 2}, "explain_analyze_plan": {"Plan": {"Node Type": "Sort", "Startup Cost": 2930392.43, "Total Cost": 2930397.43, "Plan Rows": 2000, "Plan Width": 51, "Actual Startup Time": 37558.31, "Actual Total Time": 37558.449, "Actual Rows": 1746, "Actual Loops": 1, "Sort Key": ["supplier.s_name"], "Sort Method": "quicksort", "Sort Space Used": 309, "Sort Space Type": "Memory", "Plans": [{"Node Type": "Hash Join", "Parent Relationship": "Outer", "Join Type": "Right Semi", "Startup Cost": 2635433.06, "Total Cost": 2930282.77, "Plan Rows": 2000, "Plan Width": 51, "Actual Startup Time": 32538.968, "Actual Total Time": 37548.688, "Actual Rows": 1746, "Actual Loops": 1, "Inner Unique": false, "Hash Cond": "(lineitem.l_suppkey = supplier.s_suppkey)", "Plans": [{"Node Type": "Hash Join", "Parent Relationship": "Outer", "Join Type": "Inner", "Startup Cost": 2631808.11, "Total Cost": 2926637.81, "Plan Rows": 2, "Plan Width": 16, "Actual Startup Time": 32483.16, "Actual Total Time": 37480.325, "Actual Rows": 58537, "Actual Loops": 1, "Inner Unique": false, "Hash Cond": "((lineitem.l_partkey = partsupp.ps_partkey) AND (lineitem.l_suppkey = partsupp.ps_suppkey))", "Join Filter": "((partsupp.ps_availqty)::double precision > (.5::double precision * (sum(lineitem.l_quantity))))", "Rows Removed by Join Filter": 136, "Plans": [{"Node Type": "Aggregate", "Strategy": "Hashed", "Parent Relationship": "Outer", "Startup Cost": 2405767.29, "Total Cost": 2519163.29, "Plan Rows": 9071680, "Plan Width": 24, "Actual Startup Time": 31459.048, "Actual Total Time": 34814.481, "Actual Rows": 5442751, "Actual Loops": 1, "Group By Key": ["lineitem.l_partkey", "lineitem.l_suppkey"], "Plans": [{"Node Type": "Seq Scan", "Parent Relationship": "Outer", "Relation Name": "lineitem", "Alias": "lineitem", "Startup Cost": 119.67, "Total Cost": 2315050.5, "Plan Rows": 9071680, "Plan Width": 24, "Actual Startup Time": 0.036, "Actual Total Time": 23468.873, "Actual Rows": 9109641, "Actual Loops": 1, "Filter": "((l_shipdate >= '1993-01-01 00:00:00'::timestamp(0) without time zone) AND (l_shipdate < '1994-01-01 00:00:00'::timestamp without time zone)), (LLVM Optimized, Jit Execute)", "Rows Removed by Filter": 50876411}]}, {"Node Type": "Hash", "Parent Relationship": "Inner", "Startup Cost": 225072.53, "Total Cost": 225072.53, "Plan Rows": 64552, "Plan Width": 32, "Actual Startup Time": 1023.772, "Actual Total Time": 1023.772, "Actual Rows": 86224, "Actual Loops": 1, "Hash Buckets": 65536, "Hash Batches": 1, "Original Hash Batches": 1, "Peak Memory Usage": 5389, "Plans": [{"Node Type": "Nested Loop", "Parent Relationship": "Outer", "Join Type": "Inner", "Startup Cost": 0.0, "Total Cost": 225072.53, "Plan Rows": 64552, "Plan Width": 32, "Actual Startup Time": 0.065, "Actual Total Time": 987.027, "Actual Rows": 86224, "Actual Loops": 1, "Inner Unique": false, "Plans": [{"Node Type": "Seq Scan", "Parent Relationship": "Outer", "Relation Name": "part", "Alias": "part", "Startup Cost": 0.0, "Total Cost": 66944.0, "Plan Rows": 22472, "Plan Width": 8, "Actual Startup Time": 0.034, "Actual Total Time": 777.632, "Actual Rows": 21556, "Actual Loops": 1, "Filter": "((p_name)::text ~~ 'green%'::text)", "Rows Removed by Filter": 1978444}, {"Node Type": "Index Scan", "Parent Relationship": "Inner", "Scan Direction": "Forward", "Index Name": "idx_partsupp_partkey", "Relation Name": "partsupp", "Alias": "partsupp", "Startup Cost": 0.0, "Total Cost": 7.01, "Plan Rows": 3, "Plan Width": 24, "Actual Startup Time": 133.545, "Actual Total Time": 176.536, "Actual Rows": 86224, "Actual Loops": 21556, "Index Cond": "(ps_partkey = part.p_partkey)", "Rows Removed by Index Recheck": 0}]}]}]}, {"Node Type": "Hash", "Parent Relationship": "Inner", "Startup Cost": 3574.95, "Total Cost": 3574.95, "Plan Rows": 4000, "Plan Width": 59, "Actual Startup Time": 49.332, "Actual Total Time": 49.332, "Actual Rows": 3934, "Actual Loops": 1, "Hash Buckets": 32768, "Hash Batches": 1, "Original Hash Batches": 1, "Peak Memory Usage": 368, "Plans": [{"Node Type": "Hash Join", "Parent Relationship": "Outer", "Join Type": "Inner", "Startup Cost": 1.32, "Total Cost": 3574.95, "Plan Rows": 4000, "Plan Width": 59, "Actual Startup Time": 0.098, "Actual Total Time": 47.874, "Actual Rows": 3934, "Actual Loops": 1, "Inner Unique": true, "Hash Cond": "(supplier.s_nationkey = nation.n_nationkey)", "Plans": [{"Node Type": "Seq Scan", "Parent Relationship": "Outer", "Relation Name": "supplier", "Alias": "supplier", "Startup Cost": 0.0, "Total Cost": 3283.0, "Plan Rows": 100000, "Plan Width": 63, "Actual Startup Time": 0.02, "Actual Total Time": 28.017, "Actual Rows": 100000, "Actual Loops": 1}, {"Node Type": "Hash", "Parent Relationship": "Inner", "Startup Cost": 1.31, "Total Cost": 1.31, "Plan Rows": 1, "Plan Width": 4, "Actual Startup Time": 0.037, "Actual Total Time": 0.037, "Actual Rows": 1, "Actual Loops": 1, "Hash Buckets": 32768, "Hash Batches": 1, "Original Hash Batches": 1, "Peak Memory Usage": 1, "Plans": [{"Node Type": "Seq Scan", "Parent Relationship": "Outer", "Relation Name": "nation", "Alias": "nation", "Startup Cost": 0.0, "Total Cost": 1.31, "Plan Rows": 1, "Plan Width": 4, "Actual Startup Time": 0.023, "Actual Total Time": 0.031, "Actual Rows": 1, "Actual Loops": 1, "Filter": "(n_name = 'ALGERIA'::bpchar)", "Rows Removed by Filter": 24}]}]}]}]}]}, "Triggers": [], "Planner Runtime": 2, "Total Runtime": 37567.913, "Unique SQL Id": 202076520}}, "(1, 109)": {"explain_plan": {"Plan": {"Node Type": "Sort", "Startup Cost": 6720005.94, "Total Cost": 6720010.94, "Plan Rows": 2000, "Plan Width": 51, "Sort Key": ["supplier.s_name"], "Plans": [{"Node Type": "Hash Join", "Parent Relationship": "Outer", "Join Type": "Right Semi", "Startup Cost": 6425046.57, "Total Cost": 6719896.28, "Plan Rows": 2000, "Plan Width": 51, "Inner Unique": false, "Hash Cond": "(lineitem.l_suppkey = supplier.s_suppkey)", "Plans": [{"Node Type": "Hash Join", "Parent Relationship": "Outer", "Join Type": "Inner", "Startup Cost": 6419358.7, "Total Cost": 6714188.4, "Plan Rows": 2, "Plan Width": 16, "Inner Unique": false, "Hash Cond": "((lineitem.l_partkey = partsupp.ps_partkey) AND (lineitem.l_suppkey = partsupp.ps_suppkey))", "Join Filter": "((partsupp.ps_availqty)::double precision > (.5::double precision * (sum(lineitem.l_quantity))))", "Plans": [{"Node Type": "Aggregate", "Strategy": "Hashed", "Parent Relationship": "Outer", "Startup Cost": 6154458.63, "Total Cost": 6267854.63, "Plan Rows": 9071680, "Plan Width": 24, "Group By Key": ["lineitem.l_partkey", "lineitem.l_suppkey"], "Plans": [{"Node Type": "Index Scan", "Parent Relationship": "Outer", "Scan Direction": "Forward", "Index Name": "idx_lineitem_shipdate", "Relation Name": "lineitem", "Alias": "lineitem", "Startup Cost": 0.0, "Total Cost": 6063741.83, "Plan Rows": 9071680, "Plan Width": 24, "Index Cond": "((l_shipdate >= '1993-01-01 00:00:00'::timestamp(0) without time zone) AND (l_shipdate < '1994-01-01 00:00:00'::timestamp without time zone)), (LLVM Optimized)"}]}, {"Node Type": "Hash", "Parent Relationship": "Inner", "Startup Cost": 263931.78, "Total Cost": 263931.78, "Plan Rows": 64552, "Plan Width": 32, "Plans": [{"Node Type": "Nested Loop", "Parent Relationship": "Outer", "Join Type": "Inner", "Startup Cost": 0.0, "Total Cost": 263931.78, "Plan Rows": 64552, "Plan Width": 32, "Inner Unique": false, "Plans": [{"Node Type": "Index Scan", "Parent Relationship": "Outer", "Scan Direction": "Forward", "Index Name": "part_kpey", "Relation Name": "part", "Alias": "part", "Startup Cost": 0.0, "Total Cost": 105803.25, "Plan Rows": 22472, "Plan Width": 8, "Filter": "((p_name)::text ~~ 'green%'::text)"}, {"Node Type": "Index Scan", "Parent Relationship": "Inner", "Scan Direction": "Forward", "Index Name": "idx_partsupp_partkey", "Relation Name": "partsupp", "Alias": "partsupp", "Startup Cost": 0.0, "Total Cost": 7.01, "Plan Rows": 3, "Plan Width": 24, "Index Cond": "(ps_partkey = part.p_partkey)"}]}]}]}, {"Node Type": "Hash", "Parent Relationship": "Inner", "Startup Cost": 5637.87, "Total Cost": 5637.87, "Plan Rows": 4000, "Plan Width": 59, "Plans": [{"Node Type": "Hash Join", "Parent Relationship": "Outer", "Join Type": "Inner", "Startup Cost": 12.7, "Total Cost": 5637.87, "Plan Rows": 4000, "Plan Width": 59, "Inner Unique": true, "Hash Cond": "(supplier.s_nationkey = nation.n_nationkey)", "Plans": [{"Node Type": "Index Scan", "Parent Relationship": "Outer", "Scan Direction": "Forward", "Index Name": "supplier_pkey", "Relation Name": "supplier", "Alias": "supplier", "Startup Cost": 0.0, "Total Cost": 5334.54, "Plan Rows": 100000, "Plan Width": 63}, {"Node Type": "Hash", "Parent Relationship": "Inner", "Startup Cost": 12.69, "Total Cost": 12.69, "Plan Rows": 1, "Plan Width": 4, "Plans": [{"Node Type": "Index Scan", "Parent Relationship": "Outer", "Scan Direction": "Forward", "Index Name": "nation_pkey", "Relation Name": "nation", "Alias": "nation", "Startup Cost": 0.0, "Total Cost": 12.69, "Plan Rows": 1, "Plan Width": 4, "Filter": "(n_name = 'ALGERIA'::bpchar)"}]}]}]}]}]}, "Unique SQL Id": 202076520, "Planner Runtime": 1}, "explain_analyze_plan": {"Plan": {"Node Type": "Sort", "Startup Cost": 6720005.94, "Total Cost": 6720010.94, "Plan Rows": 2000, "Plan Width": 51, "Actual Startup Time": 39406.187, "Actual Total Time": 39406.345, "Actual Rows": 1746, "Actual Loops": 1, "Sort Key": ["supplier.s_name"], "Sort Method": "quicksort", "Sort Space Used": 309, "Sort Space Type": "Memory", "Plans": [{"Node Type": "Hash Join", "Parent Relationship": "Outer", "Join Type": "Right Semi", "Startup Cost": 6425046.57, "Total Cost": 6719896.28, "Plan Rows": 2000, "Plan Width": 51, "Actual Startup Time": 34308.839, "Actual Total Time": 39396.475, "Actual Rows": 1746, "Actual Loops": 1, "Inner Unique": false, "Hash Cond": "(lineitem.l_suppkey = supplier.s_suppkey)", "Plans": [{"Node Type": "Hash Join", "Parent Relationship": "Outer", "Join Type": "Inner", "Startup Cost": 6419358.7, "Total Cost": 6714188.4, "Plan Rows": 2, "Plan Width": 16, "Actual Startup Time": 34226.867, "Actual Total Time": 39304.704, "Actual Rows": 58537, "Actual Loops": 1, "Inner Unique": false, "Hash Cond": "((lineitem.l_partkey = partsupp.ps_partkey) AND (lineitem.l_suppkey = partsupp.ps_suppkey))", "Join Filter": "((partsupp.ps_availqty)::double precision > (.5::double precision * (sum(lineitem.l_quantity))))", "Rows Removed by Join Filter": 136, "Plans": [{"Node Type": "Aggregate", "Strategy": "Hashed", "Parent Relationship": "Outer", "Startup Cost": 6154458.63, "Total Cost": 6267854.63, "Plan Rows": 9071680, "Plan Width": 24, "Actual Startup Time": 32639.869, "Actual Total Time": 36160.718, "Actual Rows": 5442751, "Actual Loops": 1, "Group By Key": ["lineitem.l_partkey", "lineitem.l_suppkey"], "Plans": [{"Node Type": "Index Scan", "Parent Relationship": "Outer", "Scan Direction": "Forward", "Index Name": "idx_lineitem_shipdate", "Relation Name": "lineitem", "Alias": "lineitem", "Startup Cost": 0.0, "Total Cost": 6063741.83, "Plan Rows": 9071680, "Plan Width": 24, "Actual Startup Time": 0.073, "Actual Total Time": 23878.544, "Actual Rows": 9109641, "Actual Loops": 1, "Index Cond": "((l_shipdate >= '1993-01-01 00:00:00'::timestamp(0) without time zone) AND (l_shipdate < '1994-01-01 00:00:00'::timestamp without time zone)), (LLVM Optimized, Jit Execute)", "Rows Removed by Index Recheck": 0}]}, {"Node Type": "Hash", "Parent Relationship": "Inner", "Startup Cost": 263931.78, "Total Cost": 263931.78, "Plan Rows": 64552, "Plan Width": 32, "Actual Startup Time": 1586.482, "Actual Total Time": 1586.482, "Actual Rows": 86224, "Actual Loops": 1, "Hash Buckets": 65536, "Hash Batches": 1, "Original Hash Batches": 1, "Peak Memory Usage": 5389, "Plans": [{"Node Type": "Nested Loop", "Parent Relationship": "Outer", "Join Type": "Inner", "Startup Cost": 0.0, "Total Cost": 263931.78, "Plan Rows": 64552, "Plan Width": 32, "Actual Startup Time": 0.087, "Actual Total Time": 1549.69, "Actual Rows": 86224, "Actual Loops": 1, "Inner Unique": false, "Plans": [{"Node Type": "Index Scan", "Parent Relationship": "Outer", "Scan Direction": "Forward", "Index Name": "part_kpey", "Relation Name": "part", "Alias": "part", "Startup Cost": 0.0, "Total Cost": 105803.25, "Plan Rows": 22472, "Plan Width": 8, "Actual Startup Time": 0.066, "Actual Total Time": 1342.48, "Actual Rows": 21556, "Actual Loops": 1, "Filter": "((p_name)::text ~~ 'green%'::text)", "Rows Removed by Filter": 1978444}, {"Node Type": "Index Scan", "Parent Relationship": "Inner", "Scan Direction": "Forward", "Index Name": "idx_partsupp_partkey", "Relation Name": "partsupp", "Alias": "partsupp", "Startup Cost": 0.0, "Total Cost": 7.01, "Plan Rows": 3, "Plan Width": 24, "Actual Startup Time": 131.293, "Actual Total Time": 175.053, "Actual Rows": 86224, "Actual Loops": 21556, "Index Cond": "(ps_partkey = part.p_partkey)", "Rows Removed by Index Recheck": 0}]}]}]}, {"Node Type": "Hash", "Parent Relationship": "Inner", "Startup Cost": 5637.87, "Total Cost": 5637.87, "Plan Rows": 4000, "Plan Width": 59, "Actual Startup Time": 74.75, "Actual Total Time": 74.75, "Actual Rows": 3934, "Actual Loops": 1, "Hash Buckets": 32768, "Hash Batches": 1, "Original Hash Batches": 1, "Peak Memory Usage": 368, "Plans": [{"Node Type": "Hash Join", "Parent Relationship": "Outer", "Join Type": "Inner", "Startup Cost": 12.7, "Total Cost": 5637.87, "Plan Rows": 4000, "Plan Width": 59, "Actual Startup Time": 0.119, "Actual Total Time": 73.224, "Actual Rows": 3934, "Actual Loops": 1, "Inner Unique": true, "Hash Cond": "(supplier.s_nationkey = nation.n_nationkey)", "Plans": [{"Node Type": "Index Scan", "Parent Relationship": "Outer", "Scan Direction": "Forward", "Index Name": "supplier_pkey", "Relation Name": "supplier", "Alias": "supplier", "Startup Cost": 0.0, "Total Cost": 5334.54, "Plan Rows": 100000, "Plan Width": 63, "Actual Startup Time": 0.031, "Actual Total Time": 52.676, "Actual Rows": 100000, "Actual Loops": 1}, {"Node Type": "Hash", "Parent Relationship": "Inner", "Startup Cost": 12.69, "Total Cost": 12.69, "Plan Rows": 1, "Plan Width": 4, "Actual Startup Time": 0.034, "Actual Total Time": 0.034, "Actual Rows": 1, "Actual Loops": 1, "Hash Buckets": 32768, "Hash Batches": 1, "Original Hash Batches": 1, "Peak Memory Usage": 1, "Plans": [{"Node Type": "Index Scan", "Parent Relationship": "Outer", "Scan Direction": "Forward", "Index Name": "nation_pkey", "Relation Name": "nation", "Alias": "nation", "Startup Cost": 0.0, "Total Cost": 12.69, "Plan Rows": 1, "Plan Width": 4, "Actual Startup Time": 0.013, "Actual Total Time": 0.028, "Actual Rows": 1, "Actual Loops": 1, "Filter": "(n_name = 'ALGERIA'::bpchar)", "Rows Removed by Filter": 24}]}]}]}]}]}, "Triggers": [], "Planner Runtime": 1, "Total Runtime": 39415.887, "Unique SQL Id": 202076520}}, "(1, 110)": {"explain_plan": {"Plan": {"Node Type": "Sort", "Startup Cost": 3063182.61, "Total Cost": 3063187.61, "Plan Rows": 2000, "Plan Width": 51, "Sort Key": ["supplier.s_name"], "Plans": [{"Node Type": "Hash Join", "Parent Relationship": "Outer", "Join Type": "Right Semi", "Startup Cost": 2768223.24, "Total Cost": 3063072.95, "Plan Rows": 2000, "Plan Width": 51, "Inner Unique": false, "Hash Cond": "(lineitem.l_suppkey = supplier.s_suppkey)", "Plans": [{"Node Type": "Hash Join", "Parent Relationship": "Outer", "Join Type": "Inner", "Startup Cost": 2764598.29, "Total Cost": 3059427.99, "Plan Rows": 2, "Plan Width": 16, "Inner Unique": false, "Hash Cond": "((lineitem.l_partkey = partsupp.ps_partkey) AND (lineitem.l_suppkey = partsupp.ps_suppkey))", "Join Filter": "((partsupp.ps_availqty)::double precision > (.5::double precision * (sum(lineitem.l_quantity))))", "Plans": [{"Node Type": "Aggregate", "Strategy": "Hashed", "Parent Relationship": "Outer", "Startup Cost": 2405767.29, "Total Cost": 2519163.29, "Plan Rows": 9071680, "Plan Width": 24, "Group By Key": ["lineitem.l_partkey", "lineitem.l_suppkey"], "Plans": [{"Node Type": "Seq Scan", "Parent Relationship": "Outer", "Relation Name": "lineitem", "Alias": "lineitem", "Startup Cost": 119.67, "Total Cost": 2315050.5, "Plan Rows": 9071680, "Plan Width": 24, "Filter": "((l_shipdate >= '1993-01-01 00:00:00'::timestamp(0) without time zone) AND (l_shipdate < '1994-01-01 00:00:00'::timestamp without time zone)), (LLVM Optimized)"}]}, {"Node Type": "Hash", "Parent Relationship": "Inner", "Startup Cost": 357862.71, "Total Cost": 357862.71, "Plan Rows": 64552, "Plan Width": 32, "Plans": [{"Node Type": "Hash Join", "Parent Relationship": "Outer", "Join Type": "Inner", "Startup Cost": 67224.9, "Total Cost": 357862.71, "Plan Rows": 64552, "Plan Width": 32, "Inner Unique": true, "Hash Cond": "(partsupp.ps_partkey = part.p_partkey)", "Plans": [{"Node Type": "Seq Scan", "Parent Relationship": "Outer", "Relation Name": "partsupp", "Alias": "partsupp", "Startup Cost": 0.0, "Total Cost": 269987.72, "Plan Rows": 8000372, "Plan Width": 24}, {"Node Type": "Hash", "Parent Relationship": "Inner", "Startup Cost": 66944.0, "Total Cost": 66944.0, "Plan Rows": 22472, "Plan Width": 8, "Plans": [{"Node Type": "Seq Scan", "Parent Relationship": "Outer", "Relation Name": "part", "Alias": "part", "Startup Cost": 0.0, "Total Cost": 66944.0, "Plan Rows": 22472, "Plan Width": 8, "Filter": "((p_name)::text ~~ 'green%'::text)"}]}]}]}]}, {"Node Type": "Hash", "Parent Relationship": "Inner", "Startup Cost": 3574.95, "Total Cost": 3574.95, "Plan Rows": 4000, "Plan Width": 59, "Plans": [{"Node Type": "Hash Join", "Parent Relationship": "Outer", "Join Type": "Inner", "Startup Cost": 1.32, "Total Cost": 3574.95, "Plan Rows": 4000, "Plan Width": 59, "Inner Unique": true, "Hash Cond": "(supplier.s_nationkey = nation.n_nationkey)", "Plans": [{"Node Type": "Seq Scan", "Parent Relationship": "Outer", "Relation Name": "supplier", "Alias": "supplier", "Startup Cost": 0.0, "Total Cost": 3283.0, "Plan Rows": 100000, "Plan Width": 63}, {"Node Type": "Hash", "Parent Relationship": "Inner", "Startup Cost": 1.31, "Total Cost": 1.31, "Plan Rows": 1, "Plan Width": 4, "Plans": [{"Node Type": "Seq Scan", "Parent Relationship": "Outer", "Relation Name": "nation", "Alias": "nation", "Startup Cost": 0.0, "Total Cost": 1.31, "Plan Rows": 1, "Plan Width": 4, "Filter": "(n_name = 'ALGERIA'::bpchar)"}]}]}]}]}]}, "Unique SQL Id": 202076520, "Planner Runtime": 1}, "explain_analyze_plan": {"Plan": {"Node Type": "Sort", "Startup Cost": 3063182.61, "Total Cost": 3063187.61, "Plan Rows": 2000, "Plan Width": 51, "Actual Startup Time": 41064.357, "Actual Total Time": 41064.511, "Actual Rows": 1746, "Actual Loops": 1, "Sort Key": ["supplier.s_name"], "Sort Method": "quicksort", "Sort Space Used": 309, "Sort Space Type": "Memory", "Plans": [{"Node Type": "Hash Join", "Parent Relationship": "Outer", "Join Type": "Right Semi", "Startup Cost": 2768223.24, "Total Cost": 3063072.95, "Plan Rows": 2000, "Plan Width": 51, "Actual Startup Time": 36043.997, "Actual Total Time": 41054.684, "Actual Rows": 1746, "Actual Loops": 1, "Inner Unique": false, "Hash Cond": "(lineitem.l_suppkey = supplier.s_suppkey)", "Plans": [{"Node Type": "Hash Join", "Parent Relationship": "Outer", "Join Type": "Inner", "Startup Cost": 2764598.29, "Total Cost": 3059427.99, "Plan Rows": 2, "Plan Width": 16, "Actual Startup Time": 35984.84, "Actual Total Time": 40982.607, "Actual Rows": 58537, "Actual Loops": 1, "Inner Unique": false, "Hash Cond": "((lineitem.l_partkey = partsupp.ps_partkey) AND (lineitem.l_suppkey = partsupp.ps_suppkey))", "Join Filter": "((partsupp.ps_availqty)::double precision > (.5::double precision * (sum(lineitem.l_quantity))))", "Rows Removed by Join Filter": 136, "Plans": [{"Node Type": "Aggregate", "Strategy": "Hashed", "Parent Relationship": "Outer", "Startup Cost": 2405767.29, "Total Cost": 2519163.29, "Plan Rows": 9071680, "Plan Width": 24, "Actual Startup Time": 31171.068, "Actual Total Time": 34555.993, "Actual Rows": 5442751, "Actual Loops": 1, "Group By Key": ["lineitem.l_partkey", "lineitem.l_suppkey"], "Plans": [{"Node Type": "Seq Scan", "Parent Relationship": "Outer", "Relation Name": "lineitem", "Alias": "lineitem", "Startup Cost": 119.67, "Total Cost": 2315050.5, "Plan Rows": 9071680, "Plan Width": 24, "Actual Startup Time": 0.064, "Actual Total Time": 23163.53, "Actual Rows": 9109641, "Actual Loops": 1, "Filter": "((l_shipdate >= '1993-01-01 00:00:00'::timestamp(0) without time zone) AND (l_shipdate < '1994-01-01 00:00:00'::timestamp without time zone)), (LLVM Optimized, Jit Execute)", "Rows Removed by Filter": 50876411}]}, {"Node Type": "Hash", "Parent Relationship": "Inner", "Startup Cost": 357862.71, "Total Cost": 357862.71, "Plan Rows": 64552, "Plan Width": 32, "Actual Startup Time": 4813.197, "Actual Total Time": 4813.197, "Actual Rows": 86224, "Actual Loops": 1, "Hash Buckets": 65536, "Hash Batches": 1, "Original Hash Batches": 1, "Peak Memory Usage": 5389, "Plans": [{"Node Type": "Hash Join", "Parent Relationship": "Outer", "Join Type": "Inner", "Startup Cost": 67224.9, "Total Cost": 357862.71, "Plan Rows": 64552, "Plan Width": 32, "Actual Startup Time": 797.083, "Actual Total Time": 4772.882, "Actual Rows": 86224, "Actual Loops": 1, "Inner Unique": true, "Hash Cond": "(partsupp.ps_partkey = part.p_partkey)", "Plans": [{"Node Type": "Seq Scan", "Parent Relationship": "Outer", "Relation Name": "partsupp", "Alias": "partsupp", "Startup Cost": 0.0, "Total Cost": 269987.72, "Plan Rows": 8000372, "Plan Width": 24, "Actual Startup Time": 0.02, "Actual Total Time": 2451.035, "Actual Rows": 8000000, "Actual Loops": 1}, {"Node Type": "Hash", "Parent Relationship": "Inner", "Startup Cost": 66944.0, "Total Cost": 66944.0, "Plan Rows": 22472, "Plan Width": 8, "Actual Startup Time": 796.917, "Actual Total Time": 796.917, "Actual Rows": 21556, "Actual Loops": 1, "Hash Buckets": 32768, "Hash Batches": 1, "Original Hash Batches": 1, "Peak Memory Usage": 843, "Plans": [{"Node Type": "Seq Scan", "Parent Relationship": "Outer", "Relation Name": "part", "Alias": "part", "Startup Cost": 0.0, "Total Cost": 66944.0, "Plan Rows": 22472, "Plan Width": 8, "Actual Startup Time": 0.04, "Actual Total Time": 789.522, "Actual Rows": 21556, "Actual Loops": 1, "Filter": "((p_name)::text ~~ 'green%'::text)", "Rows Removed by Filter": 1978444}]}]}]}]}, {"Node Type": "Hash", "Parent Relationship": "Inner", "Startup Cost": 3574.95, "Total Cost": 3574.95, "Plan Rows": 4000, "Plan Width": 59, "Actual Startup Time": 52.116, "Actual Total Time": 52.116, "Actual Rows": 3934, "Actual Loops": 1, "Hash Buckets": 32768, "Hash Batches": 1, "Original Hash Batches": 1, "Peak Memory Usage": 368, "Plans": [{"Node Type": "Hash Join", "Parent Relationship": "Outer", "Join Type": "Inner", "Startup Cost": 1.32, "Total Cost": 3574.95, "Plan Rows": 4000, "Plan Width": 59, "Actual Startup Time": 0.114, "Actual Total Time": 50.638, "Actual Rows": 3934, "Actual Loops": 1, "Inner Unique": true, "Hash Cond": "(supplier.s_nationkey = nation.n_nationkey)", "Plans": [{"Node Type": "Seq Scan", "Parent Relationship": "Outer", "Relation Name": "supplier", "Alias": "supplier", "Startup Cost": 0.0, "Total Cost": 3283.0, "Plan Rows": 100000, "Plan Width": 63, "Actual Startup Time": 0.024, "Actual Total Time": 30.872, "Actual Rows": 100000, "Actual Loops": 1}, {"Node Type": "Hash", "Parent Relationship": "Inner", "Startup Cost": 1.31, "Total Cost": 1.31, "Plan Rows": 1, "Plan Width": 4, "Actual Startup Time": 0.043, "Actual Total Time": 0.043, "Actual Rows": 1, "Actual Loops": 1, "Hash Buckets": 32768, "Hash Batches": 1, "Original Hash Batches": 1, "Peak Memory Usage": 1, "Plans": [{"Node Type": "Seq Scan", "Parent Relationship": "Outer", "Relation Name": "nation", "Alias": "nation", "Startup Cost": 0.0, "Total Cost": 1.31, "Plan Rows": 1, "Plan Width": 4, "Actual Startup Time": 0.025, "Actual Total Time": 0.034, "Actual Rows": 1, "Actual Loops": 1, "Filter": "(n_name = 'ALGERIA'::bpchar)", "Rows Removed by Filter": 24}]}]}]}]}]}, "Triggers": [], "Planner Runtime": 1, "Total Runtime": 41075.234, "Unique SQL Id": 202076520}}, "(1, 111)": {"explain_plan": {"Plan": {"Node Type": "Sort", "Startup Cost": 5000888264225.13, "Total Cost": 5000888264230.13, "Plan Rows": 2000, "Plan Width": 51, "Sort Key": ["supplier.s_name"], "Plans": [{"Node Type": "Hash Join", "Parent Relationship": "Outer", "Join Type": "Semi", "Startup Cost": 3020888013665.41, "Total Cost": 5000888264115.47, "Plan Rows": 2000, "Plan Width": 51, "Inner Unique": false, "Hash Cond": "(supplier.s_suppkey = lineitem.l_suppkey)", "Plans": [{"Node Type": "Nested Loop", "Parent Relationship": "Outer", "Join Type": "Inner", "Startup Cost": 20000000095.25, "Total Cost": 2000000250512.56, "Plan Rows": 4000, "Plan Width": 59, "Inner Unique": false, "Plans": [{"Node Type": "Index Scan", "Parent Relationship": "Outer", "Scan Direction": "Forward", "Index Name": "nation_pkey", "Relation Name": "nation", "Alias": "nation", "Startup Cost": 10000000000.0, "Total Cost": 1000000001268.75, "Plan Rows": 1, "Plan Width": 4, "Filter": "(n_name = 'ALGERIA'::bpchar)"}, {"Node Type": "Bitmap Heap Scan", "Parent Relationship": "Inner", "Relation Name": "supplier", "Alias": "supplier", "Startup Cost": 10000000095.25, "Total Cost": 1000000249203.81, "Plan Rows": 4000, "Plan Width": 63, "Recheck Cond": "(s_nationkey = nation.n_nationkey)", "Plans": [{"Node Type": "Bitmap Index Scan", "Parent Relationship": "Outer", "Index Name": "idx_supplier_nation_key", "Startup Cost": 0.0, "Total Cost": 94.25, "Plan Rows": 4000, "Plan Width": 0, "Index Cond": "(s_nationkey = nation.n_nationkey)"}]}]}, {"Node Type": "Hash", "Parent Relationship": "Inner", "Startup Cost": 3000888013570.13, "Total Cost": 3000888013570.13, "Plan Rows": 2, "Plan Width": 16, "Plans": [{"Node Type": "Hash Join", "Parent Relationship": "Outer", "Join Type": "Inner", "Startup Cost": 2010082243187.49, "Total Cost": 3000888013570.13, "Plan Rows": 2, "Plan Width": 16, "Inner Unique": false, "Hash Cond": "((lineitem.l_partkey = partsupp.ps_partkey) AND (lineitem.l_suppkey = partsupp.ps_suppkey))", "Join Filter": "((partsupp.ps_availqty)::double precision > (.5::double precision * (sum(lineitem.l_quantity))))", "Plans": [{"Node Type": "Aggregate", "Strategy": "Sorted", "Parent Relationship": "Outer", "Startup Cost": 10000000000.0, "Total Cost": 1000805588948.94, "Plan Rows": 9071680, "Plan Width": 40, "Group By Key": ["lineitem.l_partkey", "lineitem.l_suppkey"], "Plans": [{"Node Type": "Index Scan", "Parent Relationship": "Outer", "Scan Direction": "Forward", "Index Name": "idx_lineitem_part_supp", "Relation Name": "lineitem", "Alias": "lineitem", "Startup Cost": 10000000000.0, "Total Cost": 1000805384836.14, "Plan Rows": 9071680, "Plan Width": 24, "Filter": "((l_shipdate >= '1993-01-01 00:00:00'::timestamp(0) without time zone) AND (l_shipdate < '1994-01-01 00:00:00'::timestamp without time zone)), (LLVM Optimized)"}]}, {"Node Type": "Hash", "Parent Relationship": "Inner", "Startup Cost": 2000082242219.21, "Total Cost": 2000082242219.21, "Plan Rows": 64552, "Plan Width": 32, "Plans": [{"Node Type": "Hash Join", "Parent Relationship": "Outer", "Join Type": "Inner", "Startup Cost": 1010010580605.9, "Total Cost": 2000082242219.21, "Plan Rows": 64552, "Plan Width": 32, "Inner Unique": true, "Hash Cond": "(partsupp.ps_partkey = part.p_partkey)", "Plans": [{"Node Type": "Index Scan", "Parent Relationship": "Outer", "Scan Direction": "Forward", "Index Name": "partsupp_pkey", "Relation Name": "partsupp", "Alias": "partsupp", "Startup Cost": 10000000000.0, "Total Cost": 1000071640963.22, "Plan Rows": 8000372, "Plan Width": 24}, {"Node Type": "Hash", "Parent Relationship": "Inner", "Startup Cost": 1000010580325.0, "Total Cost": 1000010580325.0, "Plan Rows": 22472, "Plan Width": 8, "Plans": [{"Node Type": "Index Scan", "Parent Relationship": "Outer", "Scan Direction": "Forward", "Index Name": "part_kpey", "Relation Name": "part", "Alias": "part", "Startup Cost": 10000000000.0, "Total Cost": 1000010580325.0, "Plan Rows": 22472, "Plan Width": 8, "Filter": "((p_name)::text ~~ 'green%'::text)"}]}]}]}]}]}]}]}, "Unique SQL Id": 202076520, "Planner Runtime": 1}, "explain_analyze_plan": null}, "(1, 112)": {"explain_plan": {"Plan": {"Node Type": "Sort", "Startup Cost": 5735697.9, "Total Cost": 5735702.9, "Plan Rows": 2000, "Plan Width": 51, "Sort Key": ["supplier.s_name"], "Plans": [{"Node Type": "Nested Loop", "Parent Relationship": "Outer", "Join Type": "Semi", "Startup Cost": 1956349.97, "Total Cost": 5735588.24, "Plan Rows": 2000, "Plan Width": 51, "Inner Unique": false, "Join Filter": "(supplier.s_suppkey = lineitem.l_suppkey)", "Plans": [{"Node Type": "Nested Loop", "Parent Relationship": "Outer", "Join Type": "Inner", "Startup Cost": 0.0, "Total Cost": 4534.31, "Plan Rows": 4000, "Plan Width": 59, "Inner Unique": false, "Join Filter": "(supplier.s_nationkey = nation.n_nationkey)", "Plans": [{"Node Type": "Seq Scan", "Parent Relationship": "Outer", "Relation Name": "nation", "Alias": "nation", "Startup Cost": 0.0, "Total Cost": 1.31, "Plan Rows": 1, "Plan Width": 4, "Filter": "(n_name = 'ALGERIA'::bpchar)"}, {"Node Type": "Seq Scan", "Parent Relationship": "Inner", "Relation Name": "supplier", "Alias": "supplier", "Startup Cost": 0.0, "Total Cost": 3283.0, "Plan Rows": 100000, "Plan Width": 63}]}, {"Node Type": "Materialize", "Parent Relationship": "Inner", "Startup Cost": 1956349.97, "Total Cost": 5730933.93, "Plan Rows": 2, "Plan Width": 16, "Plans": [{"Node Type": "Nested Loop", "Parent Relationship": "Outer", "Join Type": "Semi", "Startup Cost": 1956349.97, "Total Cost": 5730933.92, "Plan Rows": 2, "Plan Width": 16, "Inner Unique": false, "Plans": [{"Node Type": "Nested Loop", "Parent Relationship": "Outer", "Join Type": "Inner", "Startup Cost": 1956349.97, "Total Cost": 5730929.17, "Plan Rows": 15, "Plan Width": 32, "Inner Unique": true, "Plans": [{"Node Type": "Aggregate", "Strategy": "Hashed", "Parent Relationship": "Outer", "Startup Cost": 1956349.97, "Total Cost": 2069745.97, "Plan Rows": 9071680, "Plan Width": 24, "Group By Key": ["lineitem.l_partkey", "lineitem.l_suppkey"], "Plans": [{"Node Type": "Bitmap Heap Scan", "Parent Relationship": "Outer", "Relation Name": "lineitem", "Alias": "lineitem", "Startup Cost": 314312.97, "Total Cost": 1865633.17, "Plan Rows": 9071680, "Plan Width": 24, "Recheck Cond": "((l_shipdate >= '1993-01-01 00:00:00'::timestamp(0) without time zone) AND (l_shipdate < '1994-01-01 00:00:00'::timestamp without time zone)), (LLVM Optimized)", "Plans": [{"Node Type": "Bitmap Index Scan", "Parent Relationship": "Outer", "Index Name": "idx_lineitem_shipdate", "Startup Cost": 0.0, "Total Cost": 312045.05, "Plan Rows": 9071680, "Plan Width": 0, "Index Cond": "((l_shipdate >= '1993-01-01 00:00:00'::timestamp(0) without time zone) AND (l_shipdate < '1994-01-01 00:00:00'::timestamp without time zone))"}]}]}, {"Node Type": "Index Scan", "Parent Relationship": "Inner", "Scan Direction": "Forward", "Index Name": "partsupp_pkey", "Relation Name": "partsupp", "Alias": "partsupp", "Startup Cost": 0.0, "Total Cost": 0.38, "Plan Rows": 1, "Plan Width": 24, "Index Cond": "((ps_partkey = lineitem.l_partkey) AND (ps_suppkey = lineitem.l_suppkey))", "Filter": "((ps_availqty)::double precision > (.5::double precision * (sum(lineitem.l_quantity))))"}]}, {"Node Type": "Index Scan", "Parent Relationship": "Inner", "Scan Direction": "Forward", "Index Name": "part_kpey", "Relation Name": "part", "Alias": "part", "Startup Cost": 0.0, "Total Cost": 0.3, "Plan Rows": 1, "Plan Width": 8, "Index Cond": "(p_partkey = partsupp.ps_partkey)", "Filter": "((p_name)::text ~~ 'green%'::text)"}]}]}]}]}, "Unique SQL Id": 202076520, "Planner Runtime": 1}, "explain_analyze_plan": null}, "(1, 113)": {"explain_plan": {"Plan": {"Node Type": "Sort", "Startup Cost": 5737760.82, "Total Cost": 5737765.82, "Plan Rows": 2000, "Plan Width": 51, "Sort Key": ["supplier.s_name"], "Plans": [{"Node Type": "Nested Loop", "Parent Relationship": "Outer", "Join Type": "Semi", "Startup Cost": 1956349.97, "Total Cost": 5737651.16, "Plan Rows": 2000, "Plan Width": 51, "Inner Unique": false, "Join Filter": "(supplier.s_suppkey = lineitem.l_suppkey)", "Plans": [{"Node Type": "Nested Loop", "Parent Relationship": "Outer", "Join Type": "Inner", "Startup Cost": 0.0, "Total Cost": 6597.23, "Plan Rows": 4000, "Plan Width": 59, "Inner Unique": false, "Join Filter": "(supplier.s_nationkey = nation.n_nationkey)", "Plans": [{"Node Type": "Index Scan", "Parent Relationship": "Outer", "Scan Direction": "Forward", "Index Name": "nation_pkey", "Relation Name": "nation", "Alias": "nation", "Startup Cost": 0.0, "Total Cost": 12.69, "Plan Rows": 1, "Plan Width": 4, "Filter": "(n_name = 'ALGERIA'::bpchar)"}, {"Node Type": "Index Scan", "Parent Relationship": "Inner", "Scan Direction": "Forward", "Index Name": "supplier_pkey", "Relation Name": "supplier", "Alias": "supplier", "Startup Cost": 0.0, "Total Cost": 5334.54, "Plan Rows": 100000, "Plan Width": 63}]}, {"Node Type": "Materialize", "Parent Relationship": "Inner", "Startup Cost": 1956349.97, "Total Cost": 5730933.93, "Plan Rows": 2, "Plan Width": 16, "Plans": [{"Node Type": "Nested Loop", "Parent Relationship": "Outer", "Join Type": "Semi", "Startup Cost": 1956349.97, "Total Cost": 5730933.92, "Plan Rows": 2, "Plan Width": 16, "Inner Unique": false, "Plans": [{"Node Type": "Nested Loop", "Parent Relationship": "Outer", "Join Type": "Inner", "Startup Cost": 1956349.97, "Total Cost": 5730929.17, "Plan Rows": 15, "Plan Width": 32, "Inner Unique": true, "Plans": [{"Node Type": "Aggregate", "Strategy": "Hashed", "Parent Relationship": "Outer", "Startup Cost": 1956349.97, "Total Cost": 2069745.97, "Plan Rows": 9071680, "Plan Width": 24, "Group By Key": ["lineitem.l_partkey", "lineitem.l_suppkey"], "Plans": [{"Node Type": "Bitmap Heap Scan", "Parent Relationship": "Outer", "Relation Name": "lineitem", "Alias": "lineitem", "Startup Cost": 314312.97, "Total Cost": 1865633.17, "Plan Rows": 9071680, "Plan Width": 24, "Recheck Cond": "((l_shipdate >= '1993-01-01 00:00:00'::timestamp(0) without time zone) AND (l_shipdate < '1994-01-01 00:00:00'::timestamp without time zone)), (LLVM Optimized)", "Plans": [{"Node Type": "Bitmap Index Scan", "Parent Relationship": "Outer", "Index Name": "idx_lineitem_shipdate", "Startup Cost": 0.0, "Total Cost": 312045.05, "Plan Rows": 9071680, "Plan Width": 0, "Index Cond": "((l_shipdate >= '1993-01-01 00:00:00'::timestamp(0) without time zone) AND (l_shipdate < '1994-01-01 00:00:00'::timestamp without time zone))"}]}]}, {"Node Type": "Index Scan", "Parent Relationship": "Inner", "Scan Direction": "Forward", "Index Name": "partsupp_pkey", "Relation Name": "partsupp", "Alias": "partsupp", "Startup Cost": 0.0, "Total Cost": 0.38, "Plan Rows": 1, "Plan Width": 24, "Index Cond": "((ps_partkey = lineitem.l_partkey) AND (ps_suppkey = lineitem.l_suppkey))", "Filter": "((ps_availqty)::double precision > (.5::double precision * (sum(lineitem.l_quantity))))"}]}, {"Node Type": "Index Scan", "Parent Relationship": "Inner", "Scan Direction": "Forward", "Index Name": "part_kpey", "Relation Name": "part", "Alias": "part", "Startup Cost": 0.0, "Total Cost": 0.3, "Plan Rows": 1, "Plan Width": 8, "Index Cond": "(p_partkey = partsupp.ps_partkey)", "Filter": "((p_name)::text ~~ 'green%'::text)"}]}]}]}]}, "Unique SQL Id": 202076520, "Planner Runtime": 1}, "explain_analyze_plan": null}, "(1, 114)": {"explain_plan": {"Plan": {"Node Type": "Sort", "Startup Cost": 41264813.41, "Total Cost": 41264818.41, "Plan Rows": 2000, "Plan Width": 51, "Sort Key": ["supplier.s_name"], "Plans": [{"Node Type": "Nested Loop", "Parent Relationship": "Outer", "Join Type": "Semi", "Startup Cost": 1956350.51, "Total Cost": 41264703.75, "Plan Rows": 2000, "Plan Width": 51, "Inner Unique": false, "Join Filter": "(supplier.s_suppkey = lineitem.l_suppkey)", "Plans": [{"Node Type": "Nested Loop", "Parent Relationship": "Outer", "Join Type": "Inner", "Startup Cost": 0.0, "Total Cost": 4534.31, "Plan Rows": 4000, "Plan Width": 59, "Inner Unique": false, "Join Filter": "(supplier.s_nationkey = nation.n_nationkey)", "Plans": [{"Node Type": "Seq Scan", "Parent Relationship": "Outer", "Relation Name": "nation", "Alias": "nation", "Startup Cost": 0.0, "Total Cost": 1.31, "Plan Rows": 1, "Plan Width": 4, "Filter": "(n_name = 'ALGERIA'::bpchar)"}, {"Node Type": "Seq Scan", "Parent Relationship": "Inner", "Relation Name": "supplier", "Alias": "supplier", "Startup Cost": 0.0, "Total Cost": 3283.0, "Plan Rows": 100000, "Plan Width": 63}]}, {"Node Type": "Materialize", "Parent Relationship": "Inner", "Startup Cost": 1956350.51, "Total Cost": 41260049.44, "Plan Rows": 2, "Plan Width": 16, "Plans": [{"Node Type": "Nested Loop", "Parent Relationship": "Outer", "Join Type": "Semi", "Startup Cost": 1956350.51, "Total Cost": 41260049.43, "Plan Rows": 2, "Plan Width": 16, "Inner Unique": false, "Join Filter": "(partsupp.ps_partkey = part.p_partkey)", "Plans": [{"Node Type": "Nested Loop", "Parent Relationship": "Outer", "Join Type": "Inner", "Startup Cost": 1956350.25, "Total Cost": 41259981.09, "Plan Rows": 15, "Plan Width": 32, "Inner Unique": true, "Plans": [{"Node Type": "Aggregate", "Strategy": "Hashed", "Parent Relationship": "Outer", "Startup Cost": 1956349.97, "Total Cost": 2069745.97, "Plan Rows": 9071680, "Plan Width": 24, "Group By Key": ["lineitem.l_partkey", "lineitem.l_suppkey"], "Plans": [{"Node Type": "Bitmap Heap Scan", "Parent Relationship": "Outer", "Relation Name": "lineitem", "Alias": "lineitem", "Startup Cost": 314312.97, "Total Cost": 1865633.17, "Plan Rows": 9071680, "Plan Width": 24, "Recheck Cond": "((l_shipdate >= '1993-01-01 00:00:00'::timestamp(0) without time zone) AND (l_shipdate < '1994-01-01 00:00:00'::timestamp without time zone)), (LLVM Optimized)", "Plans": [{"Node Type": "Bitmap Index Scan", "Parent Relationship": "Outer", "Index Name": "idx_lineitem_shipdate", "Startup Cost": 0.0, "Total Cost": 312045.05, "Plan Rows": 9071680, "Plan Width": 0, "Index Cond": "((l_shipdate >= '1993-01-01 00:00:00'::timestamp(0) without time zone) AND (l_shipdate < '1994-01-01 00:00:00'::timestamp without time zone))"}]}]}, {"Node Type": "Bitmap Heap Scan", "Parent Relationship": "Inner", "Relation Name": "partsupp", "Alias": "partsupp", "Startup Cost": 0.28, "Total Cost": 4.3, "Plan Rows": 1, "Plan Width": 24, "Recheck Cond": "((ps_partkey = lineitem.l_partkey) AND (ps_suppkey = lineitem.l_suppkey))", "Filter": "((ps_availqty)::double precision > (.5::double precision * (sum(lineitem.l_quantity))))", "Plans": [{"Node Type": "Bitmap Index Scan", "Parent Relationship": "Outer", "Index Name": "partsupp_pkey", "Startup Cost": 0.0, "Total Cost": 0.28, "Plan Rows": 1, "Plan Width": 0, "Index Cond": "((ps_partkey = lineitem.l_partkey) AND (ps_suppkey = lineitem.l_suppkey))"}]}]}, {"Node Type": "Bitmap Heap Scan", "Parent Relationship": "Inner", "Relation Name": "part", "Alias": "part", "Startup Cost": 0.26, "Total Cost": 4.28, "Plan Rows": 1, "Plan Width": 8, "Recheck Cond": "(p_partkey = lineitem.l_partkey)", "Filter": "((p_name)::text ~~ 'green%'::text)", "Plans": [{"Node Type": "Bitmap Index Scan", "Parent Relationship": "Outer", "Index Name": "part_kpey", "Startup Cost": 0.0, "Total Cost": 0.26, "Plan Rows": 1, "Plan Width": 0, "Index Cond": "(p_partkey = lineitem.l_partkey)"}]}]}]}]}]}, "Unique SQL Id": 202076520, "Planner Runtime": 1}, "explain_analyze_plan": null}, "(1, 115)": {"explain_plan": {"Plan": {"Node Type": "Sort", "Startup Cost": 41474309.17, "Total Cost": 41474314.17, "Plan Rows": 2000, "Plan Width": 51, "Sort Key": ["supplier.s_name"], "Plans": [{"Node Type": "Nested Loop", "Parent Relationship": "Outer", "Join Type": "Inner", "Startup Cost": 41260049.96, "Total Cost": 41474199.51, "Plan Rows": 2000, "Plan Width": 51, "Inner Unique": true, "Plans": [{"Node Type": "Nested Loop", "Parent Relationship": "Outer", "Join Type": "Inner", "Startup Cost": 41260049.7, "Total Cost": 41260058.01, "Plan Rows": 50000, "Plan Width": 55, "Inner Unique": true, "Plans": [{"Node Type": "Unique", "Parent Relationship": "Outer", "Startup Cost": 41260049.44, "Total Cost": 41260049.45, "Plan Rows": 2, "Plan Width": 16, "Plans": [{"Node Type": "Sort", "Parent Relationship": "Outer", "Startup Cost": 41260049.44, "Total Cost": 41260049.45, "Plan Rows": 2, "Plan Width": 16, "Sort Key": ["partsupp.ps_suppkey"], "Plans": [{"Node Type": "Nested Loop", "Parent Relationship": "Outer", "Join Type": "Semi", "Startup Cost": 1956350.51, "Total Cost": 41260049.43, "Plan Rows": 2, "Plan Width": 16, "Inner Unique": false, "Join Filter": "(partsupp.ps_partkey = part.p_partkey)", "Plans": [{"Node Type": "Nested Loop", "Parent Relationship": "Outer", "Join Type": "Inner", "Startup Cost": 1956350.25, "Total Cost": 41259981.09, "Plan Rows": 15, "Plan Width": 32, "Inner Unique": true, "Plans": [{"Node Type": "Aggregate", "Strategy": "Hashed", "Parent Relationship": "Outer", "Startup Cost": 1956349.97, "Total Cost": 2069745.97, "Plan Rows": 9071680, "Plan Width": 24, "Group By Key": ["lineitem.l_partkey", "lineitem.l_suppkey"], "Plans": [{"Node Type": "Bitmap Heap Scan", "Parent Relationship": "Outer", "Relation Name": "lineitem", "Alias": "lineitem", "Startup Cost": 314312.97, "Total Cost": 1865633.17, "Plan Rows": 9071680, "Plan Width": 24, "Recheck Cond": "((l_shipdate >= '1993-01-01 00:00:00'::timestamp(0) without time zone) AND (l_shipdate < '1994-01-01 00:00:00'::timestamp without time zone)), (LLVM Optimized)", "Plans": [{"Node Type": "Bitmap Index Scan", "Parent Relationship": "Outer", "Index Name": "idx_lineitem_shipdate", "Startup Cost": 0.0, "Total Cost": 312045.05, "Plan Rows": 9071680, "Plan Width": 0, "Index Cond": "((l_shipdate >= '1993-01-01 00:00:00'::timestamp(0) without time zone) AND (l_shipdate < '1994-01-01 00:00:00'::timestamp without time zone))"}]}]}, {"Node Type": "Bitmap Heap Scan", "Parent Relationship": "Inner", "Relation Name": "partsupp", "Alias": "partsupp", "Startup Cost": 0.28, "Total Cost": 4.3, "Plan Rows": 1, "Plan Width": 24, "Recheck Cond": "((ps_partkey = lineitem.l_partkey) AND (ps_suppkey = lineitem.l_suppkey))", "Filter": "((ps_availqty)::double precision > (.5::double precision * (sum(lineitem.l_quantity))))", "Plans": [{"Node Type": "Bitmap Index Scan", "Parent Relationship": "Outer", "Index Name": "partsupp_pkey", "Startup Cost": 0.0, "Total Cost": 0.28, "Plan Rows": 1, "Plan Width": 0, "Index Cond": "((ps_partkey = lineitem.l_partkey) AND (ps_suppkey = lineitem.l_suppkey))"}]}]}, {"Node Type": "Bitmap Heap Scan", "Parent Relationship": "Inner", "Relation Name": "part", "Alias": "part", "Startup Cost": 0.26, "Total Cost": 4.28, "Plan Rows": 1, "Plan Width": 8, "Recheck Cond": "(p_partkey = lineitem.l_partkey)", "Filter": "((p_name)::text ~~ 'green%'::text)", "Plans": [{"Node Type": "Bitmap Index Scan", "Parent Relationship": "Outer", "Index Name": "part_kpey", "Startup Cost": 0.0, "Total Cost": 0.26, "Plan Rows": 1, "Plan Width": 0, "Index Cond": "(p_partkey = lineitem.l_partkey)"}]}]}]}]}, {"Node Type": "Bitmap Heap Scan", "Parent Relationship": "Inner", "Relation Name": "supplier", "Alias": "supplier", "Startup Cost": 0.26, "Total Cost": 4.27, "Plan Rows": 1, "Plan Width": 63, "Recheck Cond": "(s_suppkey = lineitem.l_suppkey)", "Plans": [{"Node Type": "Bitmap Index Scan", "Parent Relationship": "Outer", "Index Name": "supplier_pkey", "Startup Cost": 0.0, "Total Cost": 0.26, "Plan Rows": 1, "Plan Width": 0, "Index Cond": "(s_suppkey = lineitem.l_suppkey)"}]}]}, {"Node Type": "Bitmap Heap Scan", "Parent Relationship": "Inner", "Relation Name": "nation", "Alias": "nation", "Startup Cost": 0.26, "Total Cost": 4.27, "Plan Rows": 1, "Plan Width": 4, "Recheck Cond": "(n_nationkey = supplier.s_nationkey)", "Filter": "(n_name = 'ALGERIA'::bpchar)", "Plans": [{"Node Type": "Bitmap Index Scan", "Parent Relationship": "Outer", "Index Name": "nation_pkey", "Startup Cost": 0.0, "Total Cost": 0.26, "Plan Rows": 1, "Plan Width": 0, "Index Cond": "(n_nationkey = supplier.s_nationkey)"}]}]}]}, "Unique SQL Id": 202076520, "Planner Runtime": 1}, "explain_analyze_plan": {"Plan": {"Node Type": "Sort", "Startup Cost": 41474309.17, "Total Cost": 41474314.17, "Plan Rows": 2000, "Plan Width": 51, "Actual Startup Time": 123034.011, "Actual Total Time": 123034.172, "Actual Rows": 1746, "Actual Loops": 1, "Sort Key": ["supplier.s_name"], "Sort Method": "quicksort", "Sort Space Used": 309, "Sort Space Type": "Memory", "Plans": [{"Node Type": "Nested Loop", "Parent Relationship": "Outer", "Join Type": "Inner", "Startup Cost": 41260049.96, "Total Cost": 41474199.51, "Plan Rows": 2000, "Plan Width": 51, "Actual Startup Time": 122623.884, "Actual Total Time": 123032.253, "Actual Rows": 1746, "Actual Loops": 1, "Inner Unique": true, "Plans": [{"Node Type": "Nested Loop", "Parent Relationship": "Outer", "Join Type": "Inner", "Startup Cost": 41260049.7, "Total Cost": 41260058.01, "Plan Rows": 50000, "Plan Width": 55, "Actual Startup Time": 122623.574, "Actual Total Time": 122860.159, "Actual Rows": 44487, "Actual Loops": 1, "Inner Unique": true, "Plans": [{"Node Type": "Unique", "Parent Relationship": "Outer", "Startup Cost": 41260049.44, "Total Cost": 41260049.45, "Plan Rows": 2, "Plan Width": 16, "Actual Startup Time": 122623.524, "Actual Total Time": 122652.62, "Actual Rows": 44487, "Actual Loops": 1, "Plans": [{"Node Type": "Sort", "Parent Relationship": "Outer", "Startup Cost": 41260049.44, "Total Cost": 41260049.45, "Plan Rows": 2, "Plan Width": 16, "Actual Startup Time": 122623.52, "Actual Total Time": 122634.619, "Actual Rows": 58537, "Actual Loops": 1, "Sort Key": ["partsupp.ps_suppkey"], "Sort Method": "quicksort", "Sort Space Used": 7024, "Sort Space Type": "Memory", "Plans": [{"Node Type": "Nested Loop", "Parent Relationship": "Outer", "Join Type": "Semi", "Startup Cost": 1956350.51, "Total Cost": 41260049.43, "Plan Rows": 2, "Plan Width": 16, "Actual Startup Time": 18960.753, "Actual Total Time": 122538.632, "Actual Rows": 58537, "Actual Loops": 1, "Inner Unique": false, "Join Filter": "(partsupp.ps_partkey = part.p_partkey)", "Rows Removed by Join Filter": 0, "Plans": [{"Node Type": "Nested Loop", "Parent Relationship": "Outer", "Join Type": "Inner", "Startup Cost": 1956350.25, "Total Cost": 41259981.09, "Plan Rows": 15, "Plan Width": 32, "Actual Startup Time": 18960.35, "Actual Total Time": 76712.02, "Actual Rows": 5431247, "Actual Loops": 1, "Inner Unique": true, "Plans": [{"Node Type": "Aggregate", "Strategy": "Hashed", "Parent Relationship": "Outer", "Startup Cost": 1956349.97, "Total Cost": 2069745.97, "Plan Rows": 9071680, "Plan Width": 24, "Actual Startup Time": 18960.226, "Actual Total Time": 23912.293, "Actual Rows": 5442751, "Actual Loops": 1, "Group By Key": ["lineitem.l_partkey", "lineitem.l_suppkey"], "Plans": [{"Node Type": "Bitmap Heap Scan", "Parent Relationship": "Outer", "Relation Name": "lineitem", "Alias": "lineitem", "Startup Cost": 314312.97, "Total Cost": 1865633.17, "Plan Rows": 9071680, "Plan Width": 24, "Actual Startup Time": 4194.642, "Actual Total Time": 11458.292, "Actual Rows": 9109641, "Actual Loops": 1, "Recheck Cond": "((l_shipdate >= '1993-01-01 00:00:00'::timestamp(0) without time zone) AND (l_shipdate < '1994-01-01 00:00:00'::timestamp without time zone)), (LLVM Optimized, Jit Execute)", "Rows Removed by Index Recheck": 0, "Exact Heap Blocks": 1252335, "Lossy Heap Blocks": 1252335, "Plans": [{"Node Type": "Bitmap Index Scan", "Parent Relationship": "Outer", "Index Name": "idx_lineitem_shipdate", "Startup Cost": 0.0, "Total Cost": 312045.05, "Plan Rows": 9071680, "Plan Width": 0, "Actual Startup Time": 3470.055, "Actual Total Time": 3470.055, "Actual Rows": 9109641, "Actual Loops": 1, "Index Cond": "((l_shipdate >= '1993-01-01 00:00:00'::timestamp(0) without time zone) AND (l_shipdate < '1994-01-01 00:00:00'::timestamp without time zone))"}]}]}, {"Node Type": "Bitmap Heap Scan", "Parent Relationship": "Inner", "Relation Name": "partsupp", "Alias": "partsupp", "Startup Cost": 0.28, "Total Cost": 4.3, "Plan Rows": 1, "Plan Width": 24, "Actual Startup Time": 44899.069, "Actual Total Time": 44899.069, "Actual Rows": 5431247, "Actual Loops": 5442751, "Recheck Cond": "((ps_partkey = lineitem.l_partkey) AND (ps_suppkey = lineitem.l_suppkey))", "Rows Removed by Index Recheck": 0, "Filter": "((ps_availqty)::double precision > (.5::double precision * (sum(lineitem.l_quantity))))", "Rows Removed by Filter": 11504, "Exact Heap Blocks": 5442751, "Lossy Heap Blocks": 5442751, "Plans": [{"Node Type": "Bitmap Index Scan", "Parent Relationship": "Outer", "Index Name": "partsupp_pkey", "Startup Cost": 0.0, "Total Cost": 0.28, "Plan Rows": 1, "Plan Width": 0, "Actual Startup Time": 27584.74, "Actual Total Time": 27584.74, "Actual Rows": 5442751, "Actual Loops": 5442751, "Index Cond": "((ps_partkey = lineitem.l_partkey) AND (ps_suppkey = lineitem.l_suppkey))"}]}]}, {"Node Type": "Bitmap Heap Scan", "Parent Relationship": "Inner", "Relation Name": "part", "Alias": "part", "Startup Cost": 0.26, "Total Cost": 4.28, "Plan Rows": 1, "Plan Width": 8, "Actual Startup Time": 39579.35, "Actual Total Time": 39579.35, "Actual Rows": 58537, "Actual Loops": 5431247, "Recheck Cond": "(p_partkey = lineitem.l_partkey)", "Rows Removed by Index Recheck": 0, "Filter": "((p_name)::text ~~ 'green%'::text)", "Rows Removed by Filter": 5372710, "Exact Heap Blocks": 5431247, "Lossy Heap Blocks": 5431247, "Plans": [{"Node Type": "Bitmap Index Scan", "Parent Relationship": "Outer", "Index Name": "part_kpey", "Startup Cost": 0.0, "Total Cost": 0.26, "Plan Rows": 1, "Plan Width": 0, "Actual Startup Time": 23439.794, "Actual Total Time": 23439.794, "Actual Rows": 5431247, "Actual Loops": 5431247, "Index Cond": "(p_partkey = lineitem.l_partkey)"}]}]}]}]}, {"Node Type": "Bitmap Heap Scan", "Parent Relationship": "Inner", "Relation Name": "supplier", "Alias": "supplier", "Startup Cost": 0.26, "Total Cost": 4.27, "Plan Rows": 1, "Plan Width": 63, "Actual Startup Time": 148.575, "Actual Total Time": 148.575, "Actual Rows": 44487, "Actual Loops": 44487, "Recheck Cond": "(s_suppkey = lineitem.l_suppkey)", "Rows Removed by Index Recheck": 0, "Exact Heap Blocks": 44487, "Lossy Heap Blocks": 44487, "Plans": [{"Node Type": "Bitmap Index Scan", "Parent Relationship": "Outer", "Index Name": "supplier_pkey", "Startup Cost": 0.0, "Total Cost": 0.26, "Plan Rows": 1, "Plan Width": 0, "Actual Startup Time": 81.957, "Actual Total Time": 81.957, "Actual Rows": 44487, "Actual Loops": 44487, "Index Cond": "(s_suppkey = lineitem.l_suppkey)"}]}]}, {"Node Type": "Bitmap Heap Scan", "Parent Relationship": "Inner", "Relation Name": "nation", "Alias": "nation", "Startup Cost": 0.26, "Total Cost": 4.27, "Plan Rows": 1, "Plan Width": 4, "Actual Startup Time": 121.825, "Actual Total Time": 121.825, "Actual Rows": 1746, "Actual Loops": 44487, "Recheck Cond": "(n_nationkey = supplier.s_nationkey)", "Rows Removed by Index Recheck": 0, "Filter": "(n_name = 'ALGERIA'::bpchar)", "Rows Removed by Filter": 42741, "Exact Heap Blocks": 44487, "Lossy Heap Blocks": 44487, "Plans": [{"Node Type": "Bitmap Index Scan", "Parent Relationship": "Outer", "Index Name": "nation_pkey", "Startup Cost": 0.0, "Total Cost": 0.26, "Plan Rows": 1, "Plan Width": 0, "Actual Startup Time": 45.466, "Actual Total Time": 45.466, "Actual Rows": 44487, "Actual Loops": 44487, "Index Cond": "(n_nationkey = supplier.s_nationkey)"}]}]}]}, "Triggers": [], "Planner Runtime": 1, "Total Runtime": 123046.421, "Unique SQL Id": 202076520}}, "(1, 116)": {"explain_plan": {"Plan": {"Node Type": "Sort", "Startup Cost": 5735697.9, "Total Cost": 5735702.9, "Plan Rows": 2000, "Plan Width": 51, "Sort Key": ["supplier.s_name"], "Plans": [{"Node Type": "Nested Loop", "Parent Relationship": "Outer", "Join Type": "Semi", "Startup Cost": 1956349.97, "Total Cost": 5735588.24, "Plan Rows": 2000, "Plan Width": 51, "Inner Unique": false, "Join Filter": "(supplier.s_suppkey = lineitem.l_suppkey)", "Plans": [{"Node Type": "Nested Loop", "Parent Relationship": "Outer", "Join Type": "Inner", "Startup Cost": 0.0, "Total Cost": 4534.31, "Plan Rows": 4000, "Plan Width": 59, "Inner Unique": false, "Join Filter": "(supplier.s_nationkey = nation.n_nationkey)", "Plans": [{"Node Type": "Seq Scan", "Parent Relationship": "Outer", "Relation Name": "nation", "Alias": "nation", "Startup Cost": 0.0, "Total Cost": 1.31, "Plan Rows": 1, "Plan Width": 4, "Filter": "(n_name = 'ALGERIA'::bpchar)"}, {"Node Type": "Seq Scan", "Parent Relationship": "Inner", "Relation Name": "supplier", "Alias": "supplier", "Startup Cost": 0.0, "Total Cost": 3283.0, "Plan Rows": 100000, "Plan Width": 63}]}, {"Node Type": "Materialize", "Parent Relationship": "Inner", "Startup Cost": 1956349.97, "Total Cost": 5730933.93, "Plan Rows": 2, "Plan Width": 16, "Plans": [{"Node Type": "Nested Loop", "Parent Relationship": "Outer", "Join Type": "Semi", "Startup Cost": 1956349.97, "Total Cost": 5730933.92, "Plan Rows": 2, "Plan Width": 16, "Inner Unique": false, "Plans": [{"Node Type": "Nested Loop", "Parent Relationship": "Outer", "Join Type": "Inner", "Startup Cost": 1956349.97, "Total Cost": 5730929.17, "Plan Rows": 15, "Plan Width": 32, "Inner Unique": true, "Plans": [{"Node Type": "Aggregate", "Strategy": "Hashed", "Parent Relationship": "Outer", "Startup Cost": 1956349.97, "Total Cost": 2069745.97, "Plan Rows": 9071680, "Plan Width": 24, "Group By Key": ["lineitem.l_partkey", "lineitem.l_suppkey"], "Plans": [{"Node Type": "Bitmap Heap Scan", "Parent Relationship": "Outer", "Relation Name": "lineitem", "Alias": "lineitem", "Startup Cost": 314312.97, "Total Cost": 1865633.17, "Plan Rows": 9071680, "Plan Width": 24, "Recheck Cond": "((l_shipdate >= '1993-01-01 00:00:00'::timestamp(0) without time zone) AND (l_shipdate < '1994-01-01 00:00:00'::timestamp without time zone)), (LLVM Optimized)", "Plans": [{"Node Type": "Bitmap Index Scan", "Parent Relationship": "Outer", "Index Name": "idx_lineitem_shipdate", "Startup Cost": 0.0, "Total Cost": 312045.05, "Plan Rows": 9071680, "Plan Width": 0, "Index Cond": "((l_shipdate >= '1993-01-01 00:00:00'::timestamp(0) without time zone) AND (l_shipdate < '1994-01-01 00:00:00'::timestamp without time zone))"}]}]}, {"Node Type": "Index Scan", "Parent Relationship": "Inner", "Scan Direction": "Forward", "Index Name": "partsupp_pkey", "Relation Name": "partsupp", "Alias": "partsupp", "Startup Cost": 0.0, "Total Cost": 0.38, "Plan Rows": 1, "Plan Width": 24, "Index Cond": "((ps_partkey = lineitem.l_partkey) AND (ps_suppkey = lineitem.l_suppkey))", "Filter": "((ps_availqty)::double precision > (.5::double precision * (sum(lineitem.l_quantity))))"}]}, {"Node Type": "Index Scan", "Parent Relationship": "Inner", "Scan Direction": "Forward", "Index Name": "part_kpey", "Relation Name": "part", "Alias": "part", "Startup Cost": 0.0, "Total Cost": 0.3, "Plan Rows": 1, "Plan Width": 8, "Index Cond": "(p_partkey = partsupp.ps_partkey)", "Filter": "((p_name)::text ~~ 'green%'::text)"}]}]}]}]}, "Unique SQL Id": 202076520, "Planner Runtime": 1}, "explain_analyze_plan": null}, "(1, 117)": {"explain_plan": {"Plan": {"Node Type": "Sort", "Startup Cost": 5737760.82, "Total Cost": 5737765.82, "Plan Rows": 2000, "Plan Width": 51, "Sort Key": ["supplier.s_name"], "Plans": [{"Node Type": "Nested Loop", "Parent Relationship": "Outer", "Join Type": "Semi", "Startup Cost": 1956349.97, "Total Cost": 5737651.16, "Plan Rows": 2000, "Plan Width": 51, "Inner Unique": false, "Join Filter": "(supplier.s_suppkey = lineitem.l_suppkey)", "Plans": [{"Node Type": "Nested Loop", "Parent Relationship": "Outer", "Join Type": "Inner", "Startup Cost": 0.0, "Total Cost": 6597.23, "Plan Rows": 4000, "Plan Width": 59, "Inner Unique": false, "Join Filter": "(supplier.s_nationkey = nation.n_nationkey)", "Plans": [{"Node Type": "Index Scan", "Parent Relationship": "Outer", "Scan Direction": "Forward", "Index Name": "nation_pkey", "Relation Name": "nation", "Alias": "nation", "Startup Cost": 0.0, "Total Cost": 12.69, "Plan Rows": 1, "Plan Width": 4, "Filter": "(n_name = 'ALGERIA'::bpchar)"}, {"Node Type": "Index Scan", "Parent Relationship": "Inner", "Scan Direction": "Forward", "Index Name": "supplier_pkey", "Relation Name": "supplier", "Alias": "supplier", "Startup Cost": 0.0, "Total Cost": 5334.54, "Plan Rows": 100000, "Plan Width": 63}]}, {"Node Type": "Materialize", "Parent Relationship": "Inner", "Startup Cost": 1956349.97, "Total Cost": 5730933.93, "Plan Rows": 2, "Plan Width": 16, "Plans": [{"Node Type": "Nested Loop", "Parent Relationship": "Outer", "Join Type": "Semi", "Startup Cost": 1956349.97, "Total Cost": 5730933.92, "Plan Rows": 2, "Plan Width": 16, "Inner Unique": false, "Plans": [{"Node Type": "Nested Loop", "Parent Relationship": "Outer", "Join Type": "Inner", "Startup Cost": 1956349.97, "Total Cost": 5730929.17, "Plan Rows": 15, "Plan Width": 32, "Inner Unique": true, "Plans": [{"Node Type": "Aggregate", "Strategy": "Hashed", "Parent Relationship": "Outer", "Startup Cost": 1956349.97, "Total Cost": 2069745.97, "Plan Rows": 9071680, "Plan Width": 24, "Group By Key": ["lineitem.l_partkey", "lineitem.l_suppkey"], "Plans": [{"Node Type": "Bitmap Heap Scan", "Parent Relationship": "Outer", "Relation Name": "lineitem", "Alias": "lineitem", "Startup Cost": 314312.97, "Total Cost": 1865633.17, "Plan Rows": 9071680, "Plan Width": 24, "Recheck Cond": "((l_shipdate >= '1993-01-01 00:00:00'::timestamp(0) without time zone) AND (l_shipdate < '1994-01-01 00:00:00'::timestamp without time zone)), (LLVM Optimized)", "Plans": [{"Node Type": "Bitmap Index Scan", "Parent Relationship": "Outer", "Index Name": "idx_lineitem_shipdate", "Startup Cost": 0.0, "Total Cost": 312045.05, "Plan Rows": 9071680, "Plan Width": 0, "Index Cond": "((l_shipdate >= '1993-01-01 00:00:00'::timestamp(0) without time zone) AND (l_shipdate < '1994-01-01 00:00:00'::timestamp without time zone))"}]}]}, {"Node Type": "Index Scan", "Parent Relationship": "Inner", "Scan Direction": "Forward", "Index Name": "partsupp_pkey", "Relation Name": "partsupp", "Alias": "partsupp", "Startup Cost": 0.0, "Total Cost": 0.38, "Plan Rows": 1, "Plan Width": 24, "Index Cond": "((ps_partkey = lineitem.l_partkey) AND (ps_suppkey = lineitem.l_suppkey))", "Filter": "((ps_availqty)::double precision > (.5::double precision * (sum(lineitem.l_quantity))))"}]}, {"Node Type": "Index Scan", "Parent Relationship": "Inner", "Scan Direction": "Forward", "Index Name": "part_kpey", "Relation Name": "part", "Alias": "part", "Startup Cost": 0.0, "Total Cost": 0.3, "Plan Rows": 1, "Plan Width": 8, "Index Cond": "(p_partkey = partsupp.ps_partkey)", "Filter": "((p_name)::text ~~ 'green%'::text)"}]}]}]}]}, "Unique SQL Id": 202076520, "Planner Runtime": 1}, "explain_analyze_plan": null}, "(1, 118)": {"explain_plan": {"Plan": {"Node Type": "Sort", "Startup Cost": 41264813.41, "Total Cost": 41264818.41, "Plan Rows": 2000, "Plan Width": 51, "Sort Key": ["supplier.s_name"], "Plans": [{"Node Type": "Nested Loop", "Parent Relationship": "Outer", "Join Type": "Semi", "Startup Cost": 1956350.51, "Total Cost": 41264703.75, "Plan Rows": 2000, "Plan Width": 51, "Inner Unique": false, "Join Filter": "(supplier.s_suppkey = lineitem.l_suppkey)", "Plans": [{"Node Type": "Nested Loop", "Parent Relationship": "Outer", "Join Type": "Inner", "Startup Cost": 0.0, "Total Cost": 4534.31, "Plan Rows": 4000, "Plan Width": 59, "Inner Unique": false, "Join Filter": "(supplier.s_nationkey = nation.n_nationkey)", "Plans": [{"Node Type": "Seq Scan", "Parent Relationship": "Outer", "Relation Name": "nation", "Alias": "nation", "Startup Cost": 0.0, "Total Cost": 1.31, "Plan Rows": 1, "Plan Width": 4, "Filter": "(n_name = 'ALGERIA'::bpchar)"}, {"Node Type": "Seq Scan", "Parent Relationship": "Inner", "Relation Name": "supplier", "Alias": "supplier", "Startup Cost": 0.0, "Total Cost": 3283.0, "Plan Rows": 100000, "Plan Width": 63}]}, {"Node Type": "Materialize", "Parent Relationship": "Inner", "Startup Cost": 1956350.51, "Total Cost": 41260049.44, "Plan Rows": 2, "Plan Width": 16, "Plans": [{"Node Type": "Nested Loop", "Parent Relationship": "Outer", "Join Type": "Semi", "Startup Cost": 1956350.51, "Total Cost": 41260049.43, "Plan Rows": 2, "Plan Width": 16, "Inner Unique": false, "Join Filter": "(partsupp.ps_partkey = part.p_partkey)", "Plans": [{"Node Type": "Nested Loop", "Parent Relationship": "Outer", "Join Type": "Inner", "Startup Cost": 1956350.25, "Total Cost": 41259981.09, "Plan Rows": 15, "Plan Width": 32, "Inner Unique": true, "Plans": [{"Node Type": "Aggregate", "Strategy": "Hashed", "Parent Relationship": "Outer", "Startup Cost": 1956349.97, "Total Cost": 2069745.97, "Plan Rows": 9071680, "Plan Width": 24, "Group By Key": ["lineitem.l_partkey", "lineitem.l_suppkey"], "Plans": [{"Node Type": "Bitmap Heap Scan", "Parent Relationship": "Outer", "Relation Name": "lineitem", "Alias": "lineitem", "Startup Cost": 314312.97, "Total Cost": 1865633.17, "Plan Rows": 9071680, "Plan Width": 24, "Recheck Cond": "((l_shipdate >= '1993-01-01 00:00:00'::timestamp(0) without time zone) AND (l_shipdate < '1994-01-01 00:00:00'::timestamp without time zone)), (LLVM Optimized)", "Plans": [{"Node Type": "Bitmap Index Scan", "Parent Relationship": "Outer", "Index Name": "idx_lineitem_shipdate", "Startup Cost": 0.0, "Total Cost": 312045.05, "Plan Rows": 9071680, "Plan Width": 0, "Index Cond": "((l_shipdate >= '1993-01-01 00:00:00'::timestamp(0) without time zone) AND (l_shipdate < '1994-01-01 00:00:00'::timestamp without time zone))"}]}]}, {"Node Type": "Bitmap Heap Scan", "Parent Relationship": "Inner", "Relation Name": "partsupp", "Alias": "partsupp", "Startup Cost": 0.28, "Total Cost": 4.3, "Plan Rows": 1, "Plan Width": 24, "Recheck Cond": "((ps_partkey = lineitem.l_partkey) AND (ps_suppkey = lineitem.l_suppkey))", "Filter": "((ps_availqty)::double precision > (.5::double precision * (sum(lineitem.l_quantity))))", "Plans": [{"Node Type": "Bitmap Index Scan", "Parent Relationship": "Outer", "Index Name": "partsupp_pkey", "Startup Cost": 0.0, "Total Cost": 0.28, "Plan Rows": 1, "Plan Width": 0, "Index Cond": "((ps_partkey = lineitem.l_partkey) AND (ps_suppkey = lineitem.l_suppkey))"}]}]}, {"Node Type": "Bitmap Heap Scan", "Parent Relationship": "Inner", "Relation Name": "part", "Alias": "part", "Startup Cost": 0.26, "Total Cost": 4.28, "Plan Rows": 1, "Plan Width": 8, "Recheck Cond": "(p_partkey = lineitem.l_partkey)", "Filter": "((p_name)::text ~~ 'green%'::text)", "Plans": [{"Node Type": "Bitmap Index Scan", "Parent Relationship": "Outer", "Index Name": "part_kpey", "Startup Cost": 0.0, "Total Cost": 0.26, "Plan Rows": 1, "Plan Width": 0, "Index Cond": "(p_partkey = lineitem.l_partkey)"}]}]}]}]}]}, "Unique SQL Id": 202076520, "Planner Runtime": 1}, "explain_analyze_plan": null}, "(1, 119)": {"explain_plan": {"Plan": {"Node Type": "Sort", "Startup Cost": 41474309.17, "Total Cost": 41474314.17, "Plan Rows": 2000, "Plan Width": 51, "Sort Key": ["supplier.s_name"], "Plans": [{"Node Type": "Nested Loop", "Parent Relationship": "Outer", "Join Type": "Inner", "Startup Cost": 41260049.96, "Total Cost": 41474199.51, "Plan Rows": 2000, "Plan Width": 51, "Inner Unique": true, "Plans": [{"Node Type": "Nested Loop", "Parent Relationship": "Outer", "Join Type": "Inner", "Startup Cost": 41260049.7, "Total Cost": 41260058.01, "Plan Rows": 50000, "Plan Width": 55, "Inner Unique": true, "Plans": [{"Node Type": "Unique", "Parent Relationship": "Outer", "Startup Cost": 41260049.44, "Total Cost": 41260049.45, "Plan Rows": 2, "Plan Width": 16, "Plans": [{"Node Type": "Sort", "Parent Relationship": "Outer", "Startup Cost": 41260049.44, "Total Cost": 41260049.45, "Plan Rows": 2, "Plan Width": 16, "Sort Key": ["partsupp.ps_suppkey"], "Plans": [{"Node Type": "Nested Loop", "Parent Relationship": "Outer", "Join Type": "Semi", "Startup Cost": 1956350.51, "Total Cost": 41260049.43, "Plan Rows": 2, "Plan Width": 16, "Inner Unique": false, "Join Filter": "(partsupp.ps_partkey = part.p_partkey)", "Plans": [{"Node Type": "Nested Loop", "Parent Relationship": "Outer", "Join Type": "Inner", "Startup Cost": 1956350.25, "Total Cost": 41259981.09, "Plan Rows": 15, "Plan Width": 32, "Inner Unique": true, "Plans": [{"Node Type": "Aggregate", "Strategy": "Hashed", "Parent Relationship": "Outer", "Startup Cost": 1956349.97, "Total Cost": 2069745.97, "Plan Rows": 9071680, "Plan Width": 24, "Group By Key": ["lineitem.l_partkey", "lineitem.l_suppkey"], "Plans": [{"Node Type": "Bitmap Heap Scan", "Parent Relationship": "Outer", "Relation Name": "lineitem", "Alias": "lineitem", "Startup Cost": 314312.97, "Total Cost": 1865633.17, "Plan Rows": 9071680, "Plan Width": 24, "Recheck Cond": "((l_shipdate >= '1993-01-01 00:00:00'::timestamp(0) without time zone) AND (l_shipdate < '1994-01-01 00:00:00'::timestamp without time zone)), (LLVM Optimized)", "Plans": [{"Node Type": "Bitmap Index Scan", "Parent Relationship": "Outer", "Index Name": "idx_lineitem_shipdate", "Startup Cost": 0.0, "Total Cost": 312045.05, "Plan Rows": 9071680, "Plan Width": 0, "Index Cond": "((l_shipdate >= '1993-01-01 00:00:00'::timestamp(0) without time zone) AND (l_shipdate < '1994-01-01 00:00:00'::timestamp without time zone))"}]}]}, {"Node Type": "Bitmap Heap Scan", "Parent Relationship": "Inner", "Relation Name": "partsupp", "Alias": "partsupp", "Startup Cost": 0.28, "Total Cost": 4.3, "Plan Rows": 1, "Plan Width": 24, "Recheck Cond": "((ps_partkey = lineitem.l_partkey) AND (ps_suppkey = lineitem.l_suppkey))", "Filter": "((ps_availqty)::double precision > (.5::double precision * (sum(lineitem.l_quantity))))", "Plans": [{"Node Type": "Bitmap Index Scan", "Parent Relationship": "Outer", "Index Name": "partsupp_pkey", "Startup Cost": 0.0, "Total Cost": 0.28, "Plan Rows": 1, "Plan Width": 0, "Index Cond": "((ps_partkey = lineitem.l_partkey) AND (ps_suppkey = lineitem.l_suppkey))"}]}]}, {"Node Type": "Bitmap Heap Scan", "Parent Relationship": "Inner", "Relation Name": "part", "Alias": "part", "Startup Cost": 0.26, "Total Cost": 4.28, "Plan Rows": 1, "Plan Width": 8, "Recheck Cond": "(p_partkey = lineitem.l_partkey)", "Filter": "((p_name)::text ~~ 'green%'::text)", "Plans": [{"Node Type": "Bitmap Index Scan", "Parent Relationship": "Outer", "Index Name": "part_kpey", "Startup Cost": 0.0, "Total Cost": 0.26, "Plan Rows": 1, "Plan Width": 0, "Index Cond": "(p_partkey = lineitem.l_partkey)"}]}]}]}]}, {"Node Type": "Bitmap Heap Scan", "Parent Relationship": "Inner", "Relation Name": "supplier", "Alias": "supplier", "Startup Cost": 0.26, "Total Cost": 4.27, "Plan Rows": 1, "Plan Width": 63, "Recheck Cond": "(s_suppkey = lineitem.l_suppkey)", "Plans": [{"Node Type": "Bitmap Index Scan", "Parent Relationship": "Outer", "Index Name": "supplier_pkey", "Startup Cost": 0.0, "Total Cost": 0.26, "Plan Rows": 1, "Plan Width": 0, "Index Cond": "(s_suppkey = lineitem.l_suppkey)"}]}]}, {"Node Type": "Bitmap Heap Scan", "Parent Relationship": "Inner", "Relation Name": "nation", "Alias": "nation", "Startup Cost": 0.26, "Total Cost": 4.27, "Plan Rows": 1, "Plan Width": 4, "Recheck Cond": "(n_nationkey = supplier.s_nationkey)", "Filter": "(n_name = 'ALGERIA'::bpchar)", "Plans": [{"Node Type": "Bitmap Index Scan", "Parent Relationship": "Outer", "Index Name": "nation_pkey", "Startup Cost": 0.0, "Total Cost": 0.26, "Plan Rows": 1, "Plan Width": 0, "Index Cond": "(n_nationkey = supplier.s_nationkey)"}]}]}]}, "Unique SQL Id": 202076520, "Planner Runtime": 1}, "explain_analyze_plan": {"Plan": {"Node Type": "Sort", "Startup Cost": 41474309.17, "Total Cost": 41474314.17, "Plan Rows": 2000, "Plan Width": 51, "Actual Startup Time": 123034.011, "Actual Total Time": 123034.172, "Actual Rows": 1746, "Actual Loops": 1, "Sort Key": ["supplier.s_name"], "Sort Method": "quicksort", "Sort Space Used": 309, "Sort Space Type": "Memory", "Plans": [{"Node Type": "Nested Loop", "Parent Relationship": "Outer", "Join Type": "Inner", "Startup Cost": 41260049.96, "Total Cost": 41474199.51, "Plan Rows": 2000, "Plan Width": 51, "Actual Startup Time": 122623.884, "Actual Total Time": 123032.253, "Actual Rows": 1746, "Actual Loops": 1, "Inner Unique": true, "Plans": [{"Node Type": "Nested Loop", "Parent Relationship": "Outer", "Join Type": "Inner", "Startup Cost": 41260049.7, "Total Cost": 41260058.01, "Plan Rows": 50000, "Plan Width": 55, "Actual Startup Time": 122623.574, "Actual Total Time": 122860.159, "Actual Rows": 44487, "Actual Loops": 1, "Inner Unique": true, "Plans": [{"Node Type": "Unique", "Parent Relationship": "Outer", "Startup Cost": 41260049.44, "Total Cost": 41260049.45, "Plan Rows": 2, "Plan Width": 16, "Actual Startup Time": 122623.524, "Actual Total Time": 122652.62, "Actual Rows": 44487, "Actual Loops": 1, "Plans": [{"Node Type": "Sort", "Parent Relationship": "Outer", "Startup Cost": 41260049.44, "Total Cost": 41260049.45, "Plan Rows": 2, "Plan Width": 16, "Actual Startup Time": 122623.52, "Actual Total Time": 122634.619, "Actual Rows": 58537, "Actual Loops": 1, "Sort Key": ["partsupp.ps_suppkey"], "Sort Method": "quicksort", "Sort Space Used": 7024, "Sort Space Type": "Memory", "Plans": [{"Node Type": "Nested Loop", "Parent Relationship": "Outer", "Join Type": "Semi", "Startup Cost": 1956350.51, "Total Cost": 41260049.43, "Plan Rows": 2, "Plan Width": 16, "Actual Startup Time": 18960.753, "Actual Total Time": 122538.632, "Actual Rows": 58537, "Actual Loops": 1, "Inner Unique": false, "Join Filter": "(partsupp.ps_partkey = part.p_partkey)", "Rows Removed by Join Filter": 0, "Plans": [{"Node Type": "Nested Loop", "Parent Relationship": "Outer", "Join Type": "Inner", "Startup Cost": 1956350.25, "Total Cost": 41259981.09, "Plan Rows": 15, "Plan Width": 32, "Actual Startup Time": 18960.35, "Actual Total Time": 76712.02, "Actual Rows": 5431247, "Actual Loops": 1, "Inner Unique": true, "Plans": [{"Node Type": "Aggregate", "Strategy": "Hashed", "Parent Relationship": "Outer", "Startup Cost": 1956349.97, "Total Cost": 2069745.97, "Plan Rows": 9071680, "Plan Width": 24, "Actual Startup Time": 18960.226, "Actual Total Time": 23912.293, "Actual Rows": 5442751, "Actual Loops": 1, "Group By Key": ["lineitem.l_partkey", "lineitem.l_suppkey"], "Plans": [{"Node Type": "Bitmap Heap Scan", "Parent Relationship": "Outer", "Relation Name": "lineitem", "Alias": "lineitem", "Startup Cost": 314312.97, "Total Cost": 1865633.17, "Plan Rows": 9071680, "Plan Width": 24, "Actual Startup Time": 4194.642, "Actual Total Time": 11458.292, "Actual Rows": 9109641, "Actual Loops": 1, "Recheck Cond": "((l_shipdate >= '1993-01-01 00:00:00'::timestamp(0) without time zone) AND (l_shipdate < '1994-01-01 00:00:00'::timestamp without time zone)), (LLVM Optimized, Jit Execute)", "Rows Removed by Index Recheck": 0, "Exact Heap Blocks": 1252335, "Lossy Heap Blocks": 1252335, "Plans": [{"Node Type": "Bitmap Index Scan", "Parent Relationship": "Outer", "Index Name": "idx_lineitem_shipdate", "Startup Cost": 0.0, "Total Cost": 312045.05, "Plan Rows": 9071680, "Plan Width": 0, "Actual Startup Time": 3470.055, "Actual Total Time": 3470.055, "Actual Rows": 9109641, "Actual Loops": 1, "Index Cond": "((l_shipdate >= '1993-01-01 00:00:00'::timestamp(0) without time zone) AND (l_shipdate < '1994-01-01 00:00:00'::timestamp without time zone))"}]}]}, {"Node Type": "Bitmap Heap Scan", "Parent Relationship": "Inner", "Relation Name": "partsupp", "Alias": "partsupp", "Startup Cost": 0.28, "Total Cost": 4.3, "Plan Rows": 1, "Plan Width": 24, "Actual Startup Time": 44899.069, "Actual Total Time": 44899.069, "Actual Rows": 5431247, "Actual Loops": 5442751, "Recheck Cond": "((ps_partkey = lineitem.l_partkey) AND (ps_suppkey = lineitem.l_suppkey))", "Rows Removed by Index Recheck": 0, "Filter": "((ps_availqty)::double precision > (.5::double precision * (sum(lineitem.l_quantity))))", "Rows Removed by Filter": 11504, "Exact Heap Blocks": 5442751, "Lossy Heap Blocks": 5442751, "Plans": [{"Node Type": "Bitmap Index Scan", "Parent Relationship": "Outer", "Index Name": "partsupp_pkey", "Startup Cost": 0.0, "Total Cost": 0.28, "Plan Rows": 1, "Plan Width": 0, "Actual Startup Time": 27584.74, "Actual Total Time": 27584.74, "Actual Rows": 5442751, "Actual Loops": 5442751, "Index Cond": "((ps_partkey = lineitem.l_partkey) AND (ps_suppkey = lineitem.l_suppkey))"}]}]}, {"Node Type": "Bitmap Heap Scan", "Parent Relationship": "Inner", "Relation Name": "part", "Alias": "part", "Startup Cost": 0.26, "Total Cost": 4.28, "Plan Rows": 1, "Plan Width": 8, "Actual Startup Time": 39579.35, "Actual Total Time": 39579.35, "Actual Rows": 58537, "Actual Loops": 5431247, "Recheck Cond": "(p_partkey = lineitem.l_partkey)", "Rows Removed by Index Recheck": 0, "Filter": "((p_name)::text ~~ 'green%'::text)", "Rows Removed by Filter": 5372710, "Exact Heap Blocks": 5431247, "Lossy Heap Blocks": 5431247, "Plans": [{"Node Type": "Bitmap Index Scan", "Parent Relationship": "Outer", "Index Name": "part_kpey", "Startup Cost": 0.0, "Total Cost": 0.26, "Plan Rows": 1, "Plan Width": 0, "Actual Startup Time": 23439.794, "Actual Total Time": 23439.794, "Actual Rows": 5431247, "Actual Loops": 5431247, "Index Cond": "(p_partkey = lineitem.l_partkey)"}]}]}]}]}, {"Node Type": "Bitmap Heap Scan", "Parent Relationship": "Inner", "Relation Name": "supplier", "Alias": "supplier", "Startup Cost": 0.26, "Total Cost": 4.27, "Plan Rows": 1, "Plan Width": 63, "Actual Startup Time": 148.575, "Actual Total Time": 148.575, "Actual Rows": 44487, "Actual Loops": 44487, "Recheck Cond": "(s_suppkey = lineitem.l_suppkey)", "Rows Removed by Index Recheck": 0, "Exact Heap Blocks": 44487, "Lossy Heap Blocks": 44487, "Plans": [{"Node Type": "Bitmap Index Scan", "Parent Relationship": "Outer", "Index Name": "supplier_pkey", "Startup Cost": 0.0, "Total Cost": 0.26, "Plan Rows": 1, "Plan Width": 0, "Actual Startup Time": 81.957, "Actual Total Time": 81.957, "Actual Rows": 44487, "Actual Loops": 44487, "Index Cond": "(s_suppkey = lineitem.l_suppkey)"}]}]}, {"Node Type": "Bitmap Heap Scan", "Parent Relationship": "Inner", "Relation Name": "nation", "Alias": "nation", "Startup Cost": 0.26, "Total Cost": 4.27, "Plan Rows": 1, "Plan Width": 4, "Actual Startup Time": 121.825, "Actual Total Time": 121.825, "Actual Rows": 1746, "Actual Loops": 44487, "Recheck Cond": "(n_nationkey = supplier.s_nationkey)", "Rows Removed by Index Recheck": 0, "Filter": "(n_name = 'ALGERIA'::bpchar)", "Rows Removed by Filter": 42741, "Exact Heap Blocks": 44487, "Lossy Heap Blocks": 44487, "Plans": [{"Node Type": "Bitmap Index Scan", "Parent Relationship": "Outer", "Index Name": "nation_pkey", "Startup Cost": 0.0, "Total Cost": 0.26, "Plan Rows": 1, "Plan Width": 0, "Actual Startup Time": 45.466, "Actual Total Time": 45.466, "Actual Rows": 44487, "Actual Loops": 44487, "Index Cond": "(n_nationkey = supplier.s_nationkey)"}]}]}]}, "Triggers": [], "Planner Runtime": 1, "Total Runtime": 123046.421, "Unique SQL Id": 202076520}}, "(1, 120)": {"explain_plan": {"Plan": {"Node Type": "Sort", "Startup Cost": 6185115.22, "Total Cost": 6185120.22, "Plan Rows": 2000, "Plan Width": 51, "Sort Key": ["supplier.s_name"], "Plans": [{"Node Type": "Nested Loop", "Parent Relationship": "Outer", "Join Type": "Semi", "Startup Cost": 2405767.29, "Total Cost": 6185005.56, "Plan Rows": 2000, "Plan Width": 51, "Inner Unique": false, "Join Filter": "(supplier.s_suppkey = lineitem.l_suppkey)", "Plans": [{"Node Type": "Nested Loop", "Parent Relationship": "Outer", "Join Type": "Inner", "Startup Cost": 0.0, "Total Cost": 4534.31, "Plan Rows": 4000, "Plan Width": 59, "Inner Unique": false, "Join Filter": "(supplier.s_nationkey = nation.n_nationkey)", "Plans": [{"Node Type": "Seq Scan", "Parent Relationship": "Outer", "Relation Name": "nation", "Alias": "nation", "Startup Cost": 0.0, "Total Cost": 1.31, "Plan Rows": 1, "Plan Width": 4, "Filter": "(n_name = 'ALGERIA'::bpchar)"}, {"Node Type": "Seq Scan", "Parent Relationship": "Inner", "Relation Name": "supplier", "Alias": "supplier", "Startup Cost": 0.0, "Total Cost": 3283.0, "Plan Rows": 100000, "Plan Width": 63}]}, {"Node Type": "Materialize", "Parent Relationship": "Inner", "Startup Cost": 2405767.29, "Total Cost": 6180351.26, "Plan Rows": 2, "Plan Width": 16, "Plans": [{"Node Type": "Nested Loop", "Parent Relationship": "Outer", "Join Type": "Semi", "Startup Cost": 2405767.29, "Total Cost": 6180351.25, "Plan Rows": 2, "Plan Width": 16, "Inner Unique": false, "Plans": [{"Node Type": "Nested Loop", "Parent Relationship": "Outer", "Join Type": "Inner", "Startup Cost": 2405767.29, "Total Cost": 6180346.49, "Plan Rows": 15, "Plan Width": 32, "Inner Unique": true, "Plans": [{"Node Type": "Aggregate", "Strategy": "Hashed", "Parent Relationship": "Outer", "Startup Cost": 2405767.29, "Total Cost": 2519163.29, "Plan Rows": 9071680, "Plan Width": 24, "Group By Key": ["lineitem.l_partkey", "lineitem.l_suppkey"], "Plans": [{"Node Type": "Seq Scan", "Parent Relationship": "Outer", "Relation Name": "lineitem", "Alias": "lineitem", "Startup Cost": 119.67, "Total Cost": 2315050.5, "Plan Rows": 9071680, "Plan Width": 24, "Filter": "((l_shipdate >= '1993-01-01 00:00:00'::timestamp(0) without time zone) AND (l_shipdate < '1994-01-01 00:00:00'::timestamp without time zone)), (LLVM Optimized)"}]}, {"Node Type": "Index Scan", "Parent Relationship": "Inner", "Scan Direction": "Forward", "Index Name": "partsupp_pkey", "Relation Name": "partsupp", "Alias": "partsupp", "Startup Cost": 0.0, "Total Cost": 0.38, "Plan Rows": 1, "Plan Width": 24, "Index Cond": "((ps_partkey = lineitem.l_partkey) AND (ps_suppkey = lineitem.l_suppkey))", "Filter": "((ps_availqty)::double precision > (.5::double precision * (sum(lineitem.l_quantity))))"}]}, {"Node Type": "Index Scan", "Parent Relationship": "Inner", "Scan Direction": "Forward", "Index Name": "part_kpey", "Relation Name": "part", "Alias": "part", "Startup Cost": 0.0, "Total Cost": 0.3, "Plan Rows": 1, "Plan Width": 8, "Index Cond": "(p_partkey = partsupp.ps_partkey)", "Filter": "((p_name)::text ~~ 'green%'::text)"}]}]}]}]}, "Unique SQL Id": 202076520, "Planner Runtime": 1}, "explain_analyze_plan": null}, "(1, 121)": {"explain_plan": {"Plan": {"Node Type": "Sort", "Startup Cost": 9935869.48, "Total Cost": 9935874.48, "Plan Rows": 2000, "Plan Width": 51, "Sort Key": ["supplier.s_name"], "Plans": [{"Node Type": "Nested Loop", "Parent Relationship": "Outer", "Join Type": "Semi", "Startup Cost": 6154458.63, "Total Cost": 9935759.82, "Plan Rows": 2000, "Plan Width": 51, "Inner Unique": false, "Join Filter": "(supplier.s_suppkey = lineitem.l_suppkey)", "Plans": [{"Node Type": "Nested Loop", "Parent Relationship": "Outer", "Join Type": "Inner", "Startup Cost": 0.0, "Total Cost": 6597.23, "Plan Rows": 4000, "Plan Width": 59, "Inner Unique": false, "Join Filter": "(supplier.s_nationkey = nation.n_nationkey)", "Plans": [{"Node Type": "Index Scan", "Parent Relationship": "Outer", "Scan Direction": "Forward", "Index Name": "nation_pkey", "Relation Name": "nation", "Alias": "nation", "Startup Cost": 0.0, "Total Cost": 12.69, "Plan Rows": 1, "Plan Width": 4, "Filter": "(n_name = 'ALGERIA'::bpchar)"}, {"Node Type": "Index Scan", "Parent Relationship": "Inner", "Scan Direction": "Forward", "Index Name": "supplier_pkey", "Relation Name": "supplier", "Alias": "supplier", "Startup Cost": 0.0, "Total Cost": 5334.54, "Plan Rows": 100000, "Plan Width": 63}]}, {"Node Type": "Materialize", "Parent Relationship": "Inner", "Startup Cost": 6154458.63, "Total Cost": 9929042.6, "Plan Rows": 2, "Plan Width": 16, "Plans": [{"Node Type": "Nested Loop", "Parent Relationship": "Outer", "Join Type": "Semi", "Startup Cost": 6154458.63, "Total Cost": 9929042.59, "Plan Rows": 2, "Plan Width": 16, "Inner Unique": false, "Plans": [{"Node Type": "Nested Loop", "Parent Relationship": "Outer", "Join Type": "Inner", "Startup Cost": 6154458.63, "Total Cost": 9929037.83, "Plan Rows": 15, "Plan Width": 32, "Inner Unique": true, "Plans": [{"Node Type": "Aggregate", "Strategy": "Hashed", "Parent Relationship": "Outer", "Startup Cost": 6154458.63, "Total Cost": 6267854.63, "Plan Rows": 9071680, "Plan Width": 24, "Group By Key": ["lineitem.l_partkey", "lineitem.l_suppkey"], "Plans": [{"Node Type": "Index Scan", "Parent Relationship": "Outer", "Scan Direction": "Forward", "Index Name": "idx_lineitem_shipdate", "Relation Name": "lineitem", "Alias": "lineitem", "Startup Cost": 0.0, "Total Cost": 6063741.83, "Plan Rows": 9071680, "Plan Width": 24, "Index Cond": "((l_shipdate >= '1993-01-01 00:00:00'::timestamp(0) without time zone) AND (l_shipdate < '1994-01-01 00:00:00'::timestamp without time zone)), (LLVM Optimized)"}]}, {"Node Type": "Index Scan", "Parent Relationship": "Inner", "Scan Direction": "Forward", "Index Name": "partsupp_pkey", "Relation Name": "partsupp", "Alias": "partsupp", "Startup Cost": 0.0, "Total Cost": 0.38, "Plan Rows": 1, "Plan Width": 24, "Index Cond": "((ps_partkey = lineitem.l_partkey) AND (ps_suppkey = lineitem.l_suppkey))", "Filter": "((ps_availqty)::double precision > (.5::double precision * (sum(lineitem.l_quantity))))"}]}, {"Node Type": "Index Scan", "Parent Relationship": "Inner", "Scan Direction": "Forward", "Index Name": "part_kpey", "Relation Name": "part", "Alias": "part", "Startup Cost": 0.0, "Total Cost": 0.3, "Plan Rows": 1, "Plan Width": 8, "Index Cond": "(p_partkey = partsupp.ps_partkey)", "Filter": "((p_name)::text ~~ 'green%'::text)"}]}]}]}]}, "Unique SQL Id": 202076520, "Planner Runtime": 1}, "explain_analyze_plan": null}, "(1, 122)": {"explain_plan": {"Plan": {"Node Type": "Sort", "Startup Cost": 17339533198.13, "Total Cost": 17339533203.13, "Plan Rows": 2000, "Plan Width": 51, "Sort Key": ["supplier.s_name"], "Plans": [{"Node Type": "Nested Loop", "Parent Relationship": "Outer", "Join Type": "Semi", "Startup Cost": 2405767.29, "Total Cost": 17339533088.47, "Plan Rows": 2000, "Plan Width": 51, "Inner Unique": false, "Join Filter": "(supplier.s_suppkey = lineitem.l_suppkey)", "Plans": [{"Node Type": "Nested Loop", "Parent Relationship": "Outer", "Join Type": "Inner", "Startup Cost": 0.0, "Total Cost": 4534.31, "Plan Rows": 4000, "Plan Width": 59, "Inner Unique": false, "Join Filter": "(supplier.s_nationkey = nation.n_nationkey)", "Plans": [{"Node Type": "Seq Scan", "Parent Relationship": "Outer", "Relation Name": "nation", "Alias": "nation", "Startup Cost": 0.0, "Total Cost": 1.31, "Plan Rows": 1, "Plan Width": 4, "Filter": "(n_name = 'ALGERIA'::bpchar)"}, {"Node Type": "Seq Scan", "Parent Relationship": "Inner", "Relation Name": "supplier", "Alias": "supplier", "Startup Cost": 0.0, "Total Cost": 3283.0, "Plan Rows": 100000, "Plan Width": 63}]}, {"Node Type": "Materialize", "Parent Relationship": "Inner", "Startup Cost": 2405767.29, "Total Cost": 17339528434.16, "Plan Rows": 2, "Plan Width": 16, "Plans": [{"Node Type": "Nested Loop", "Parent Relationship": "Outer", "Join Type": "Inner", "Startup Cost": 2405767.29, "Total Cost": 17339528434.15, "Plan Rows": 2, "Plan Width": 16, "Inner Unique": false, "Join Filter": "((partsupp.ps_partkey = lineitem.l_partkey) AND (partsupp.ps_suppkey = lineitem.l_suppkey) AND ((partsupp.ps_availqty)::double precision > (.5::double precision * (sum(lineitem.l_quantity)))))", "Plans": [{"Node Type": "Aggregate", "Strategy": "Hashed", "Parent Relationship": "Outer", "Startup Cost": 2405767.29, "Total Cost": 2519163.29, "Plan Rows": 9071680, "Plan Width": 24, "Group By Key": ["lineitem.l_partkey", "lineitem.l_suppkey"], "Plans": [{"Node Type": "Seq Scan", "Parent Relationship": "Outer", "Relation Name": "lineitem", "Alias": "lineitem", "Startup Cost": 119.67, "Total Cost": 2315050.5, "Plan Rows": 9071680, "Plan Width": 24, "Filter": "((l_shipdate >= '1993-01-01 00:00:00'::timestamp(0) without time zone) AND (l_shipdate < '1994-01-01 00:00:00'::timestamp without time zone)), (LLVM Optimized)"}]}, {"Node Type": "Materialize", "Parent Relationship": "Inner", "Startup Cost": 0.0, "Total Cost": 2697041531.44, "Plan Rows": 64552, "Plan Width": 32, "Plans": [{"Node Type": "Nested Loop", "Parent Relationship": "Outer", "Join Type": "Semi", "Startup Cost": 0.0, "Total Cost": 2697041208.68, "Plan Rows": 64552, "Plan Width": 32, "Inner Unique": false, "Join Filter": "(partsupp.ps_partkey = part.p_partkey)", "Plans": [{"Node Type": "Seq Scan", "Parent Relationship": "Outer", "Relation Name": "partsupp", "Alias": "partsupp", "Startup Cost": 0.0, "Total Cost": 269987.72, "Plan Rows": 8000372, "Plan Width": 24}, {"Node Type": "Materialize", "Parent Relationship": "Inner", "Startup Cost": 0.0, "Total Cost": 67056.36, "Plan Rows": 22472, "Plan Width": 8, "Plans": [{"Node Type": "Seq Scan", "Parent Relationship": "Outer", "Relation Name": "part", "Alias": "part", "Startup Cost": 0.0, "Total Cost": 66944.0, "Plan Rows": 22472, "Plan Width": 8, "Filter": "((p_name)::text ~~ 'green%'::text)"}]}]}]}]}]}]}]}, "Unique SQL Id": 202076520, "Planner Runtime": 1}, "explain_analyze_plan": null}, "(1, 123)": {"explain_plan": {"Plan": {"Node Type": "Sort", "Startup Cost": 5018253561064.47, "Total Cost": 5018253561069.47, "Plan Rows": 2000, "Plan Width": 51, "Sort Key": ["supplier.s_name"], "Plans": [{"Node Type": "Nested Loop", "Parent Relationship": "Outer", "Join Type": "Semi", "Startup Cost": 50000000000.0, "Total Cost": 5018253560954.81, "Plan Rows": 2000, "Plan Width": 51, "Inner Unique": false, "Join Filter": "(supplier.s_suppkey = subquery.\"?column?\")", "Plans": [{"Node Type": "Nested Loop", "Parent Relationship": "Outer", "Join Type": "Inner", "Startup Cost": 20000000000.0, "Total Cost": 2000000536223.13, "Plan Rows": 4000, "Plan Width": 59, "Inner Unique": true, "Join Filter": "(supplier.s_nationkey = nation.n_nationkey)", "Plans": [{"Node Type": "Index Scan", "Parent Relationship": "Outer", "Scan Direction": "Forward", "Index Name": "supplier_pkey", "Relation Name": "supplier", "Alias": "supplier", "Startup Cost": 10000000000.0, "Total Cost": 1000000533454.38, "Plan Rows": 100000, "Plan Width": 63}, {"Node Type": "Materialize", "Parent Relationship": "Inner", "Startup Cost": 10000000000.0, "Total Cost": 1000000001268.76, "Plan Rows": 1, "Plan Width": 4, "Plans": [{"Node Type": "Index Scan", "Parent Relationship": "Outer", "Scan Direction": "Forward", "Index Name": "nation_pkey", "Relation Name": "nation", "Alias": "nation", "Startup Cost": 10000000000.0, "Total Cost": 1000000001268.75, "Plan Rows": 1, "Plan Width": 4, "Filter": "(n_name = 'ALGERIA'::bpchar)"}]}]}, {"Node Type": "Materialize", "Parent Relationship": "Inner", "Startup Cost": 30000000000.0, "Total Cost": 3018253024611.68, "Plan Rows": 2, "Plan Width": 16, "Plans": [{"Node Type": "Nested Loop", "Parent Relationship": "Outer", "Join Type": "Inner", "Startup Cost": 30000000000.0, "Total Cost": 3018253024611.67, "Plan Rows": 2, "Plan Width": 16, "Inner Unique": true, "Join Filter": "((partsupp.ps_partkey = subquery.\"?column?\") AND (partsupp.ps_suppkey = subquery.\"?column?\") AND ((partsupp.ps_availqty)::double precision > (.5::double precision * subquery.\"?column?\")))", "Plans": [{"Node Type": "Nested Loop", "Parent Relationship": "Outer", "Join Type": "Semi", "Startup Cost": 20000000000.0, "Total Cost": 2002807445082.73, "Plan Rows": 64552, "Plan Width": 32, "Inner Unique": false, "Join Filter": "(partsupp.ps_partkey = part.p_partkey)", "Plans": [{"Node Type": "Index Scan", "Parent Relationship": "Outer", "Scan Direction": "Forward", "Index Name": "idx_partsupp_suppkey", "Relation Name": "partsupp", "Alias": "partsupp", "Startup Cost": 10000000000.0, "Total Cost": 1000100160480.77, "Plan Rows": 8000372, "Plan Width": 24}, {"Node Type": "Materialize", "Parent Relationship": "Inner", "Startup Cost": 10000000000.0, "Total Cost": 1000010580437.36, "Plan Rows": 22472, "Plan Width": 8, "Plans": [{"Node Type": "Index Scan", "Parent Relationship": "Outer", "Scan Direction": "Forward", "Index Name": "part_kpey", "Relation Name": "part", "Alias": "part", "Startup Cost": 10000000000.0, "Total Cost": 1000010580325.0, "Plan Rows": 22472, "Plan Width": 8, "Filter": "((p_name)::text ~~ 'green%'::text)"}]}]}, {"Node Type": "Materialize", "Parent Relationship": "Inner", "Startup Cost": 10000000000.0, "Total Cost": 1000805725024.14, "Plan Rows": 9071680, "Plan Width": 24, "Plans": [{"Node Type": "Subquery Scan", "Parent Relationship": "Outer", "Alias": "subquery", "Startup Cost": 10000000000.0, "Total Cost": 1000805679665.74, "Plan Rows": 9071680, "Plan Width": 24, "Plans": [{"Node Type": "Aggregate", "Strategy": "Sorted", "Parent Relationship": "Subquery", "Startup Cost": 10000000000.0, "Total Cost": 1000805588948.94, "Plan Rows": 9071680, "Plan Width": 40, "Group By Key": ["lineitem.l_partkey", "lineitem.l_suppkey"], "Plans": [{"Node Type": "Index Scan", "Parent Relationship": "Outer", "Scan Direction": "Forward", "Index Name": "idx_lineitem_part_supp", "Relation Name": "lineitem", "Alias": "lineitem", "Startup Cost": 10000000000.0, "Total Cost": 1000805384836.14, "Plan Rows": 9071680, "Plan Width": 24, "Filter": "((l_shipdate >= '1993-01-01 00:00:00'::timestamp(0) without time zone) AND (l_shipdate < '1994-01-01 00:00:00'::timestamp without time zone)), (LLVM Optimized)"}]}]}]}]}]}]}]}, "Unique SQL Id": 202076520, "Planner Runtime": 1}, "explain_analyze_plan": null}, "(1, 124)": {"explain_plan": {"Plan": {"Node Type": "Sort", "Startup Cost": 6185115.22, "Total Cost": 6185120.22, "Plan Rows": 2000, "Plan Width": 51, "Sort Key": ["supplier.s_name"], "Plans": [{"Node Type": "Nested Loop", "Parent Relationship": "Outer", "Join Type": "Semi", "Startup Cost": 2405767.29, "Total Cost": 6185005.56, "Plan Rows": 2000, "Plan Width": 51, "Inner Unique": false, "Join Filter": "(supplier.s_suppkey = lineitem.l_suppkey)", "Plans": [{"Node Type": "Nested Loop", "Parent Relationship": "Outer", "Join Type": "Inner", "Startup Cost": 0.0, "Total Cost": 4534.31, "Plan Rows": 4000, "Plan Width": 59, "Inner Unique": false, "Join Filter": "(supplier.s_nationkey = nation.n_nationkey)", "Plans": [{"Node Type": "Seq Scan", "Parent Relationship": "Outer", "Relation Name": "nation", "Alias": "nation", "Startup Cost": 0.0, "Total Cost": 1.31, "Plan Rows": 1, "Plan Width": 4, "Filter": "(n_name = 'ALGERIA'::bpchar)"}, {"Node Type": "Seq Scan", "Parent Relationship": "Inner", "Relation Name": "supplier", "Alias": "supplier", "Startup Cost": 0.0, "Total Cost": 3283.0, "Plan Rows": 100000, "Plan Width": 63}]}, {"Node Type": "Materialize", "Parent Relationship": "Inner", "Startup Cost": 2405767.29, "Total Cost": 6180351.26, "Plan Rows": 2, "Plan Width": 16, "Plans": [{"Node Type": "Nested Loop", "Parent Relationship": "Outer", "Join Type": "Semi", "Startup Cost": 2405767.29, "Total Cost": 6180351.25, "Plan Rows": 2, "Plan Width": 16, "Inner Unique": false, "Plans": [{"Node Type": "Nested Loop", "Parent Relationship": "Outer", "Join Type": "Inner", "Startup Cost": 2405767.29, "Total Cost": 6180346.49, "Plan Rows": 15, "Plan Width": 32, "Inner Unique": true, "Plans": [{"Node Type": "Aggregate", "Strategy": "Hashed", "Parent Relationship": "Outer", "Startup Cost": 2405767.29, "Total Cost": 2519163.29, "Plan Rows": 9071680, "Plan Width": 24, "Group By Key": ["lineitem.l_partkey", "lineitem.l_suppkey"], "Plans": [{"Node Type": "Seq Scan", "Parent Relationship": "Outer", "Relation Name": "lineitem", "Alias": "lineitem", "Startup Cost": 119.67, "Total Cost": 2315050.5, "Plan Rows": 9071680, "Plan Width": 24, "Filter": "((l_shipdate >= '1993-01-01 00:00:00'::timestamp(0) without time zone) AND (l_shipdate < '1994-01-01 00:00:00'::timestamp without time zone)), (LLVM Optimized)"}]}, {"Node Type": "Index Scan", "Parent Relationship": "Inner", "Scan Direction": "Forward", "Index Name": "partsupp_pkey", "Relation Name": "partsupp", "Alias": "partsupp", "Startup Cost": 0.0, "Total Cost": 0.38, "Plan Rows": 1, "Plan Width": 24, "Index Cond": "((ps_partkey = lineitem.l_partkey) AND (ps_suppkey = lineitem.l_suppkey))", "Filter": "((ps_availqty)::double precision > (.5::double precision * (sum(lineitem.l_quantity))))"}]}, {"Node Type": "Index Scan", "Parent Relationship": "Inner", "Scan Direction": "Forward", "Index Name": "part_kpey", "Relation Name": "part", "Alias": "part", "Startup Cost": 0.0, "Total Cost": 0.3, "Plan Rows": 1, "Plan Width": 8, "Index Cond": "(p_partkey = partsupp.ps_partkey)", "Filter": "((p_name)::text ~~ 'green%'::text)"}]}]}]}]}, "Unique SQL Id": 202076520, "Planner Runtime": 1}, "explain_analyze_plan": null}, "(1, 125)": {"explain_plan": {"Plan": {"Node Type": "Sort", "Startup Cost": 9935869.48, "Total Cost": 9935874.48, "Plan Rows": 2000, "Plan Width": 51, "Sort Key": ["supplier.s_name"], "Plans": [{"Node Type": "Nested Loop", "Parent Relationship": "Outer", "Join Type": "Semi", "Startup Cost": 6154458.63, "Total Cost": 9935759.82, "Plan Rows": 2000, "Plan Width": 51, "Inner Unique": false, "Join Filter": "(supplier.s_suppkey = lineitem.l_suppkey)", "Plans": [{"Node Type": "Nested Loop", "Parent Relationship": "Outer", "Join Type": "Inner", "Startup Cost": 0.0, "Total Cost": 6597.23, "Plan Rows": 4000, "Plan Width": 59, "Inner Unique": false, "Join Filter": "(supplier.s_nationkey = nation.n_nationkey)", "Plans": [{"Node Type": "Index Scan", "Parent Relationship": "Outer", "Scan Direction": "Forward", "Index Name": "nation_pkey", "Relation Name": "nation", "Alias": "nation", "Startup Cost": 0.0, "Total Cost": 12.69, "Plan Rows": 1, "Plan Width": 4, "Filter": "(n_name = 'ALGERIA'::bpchar)"}, {"Node Type": "Index Scan", "Parent Relationship": "Inner", "Scan Direction": "Forward", "Index Name": "supplier_pkey", "Relation Name": "supplier", "Alias": "supplier", "Startup Cost": 0.0, "Total Cost": 5334.54, "Plan Rows": 100000, "Plan Width": 63}]}, {"Node Type": "Materialize", "Parent Relationship": "Inner", "Startup Cost": 6154458.63, "Total Cost": 9929042.6, "Plan Rows": 2, "Plan Width": 16, "Plans": [{"Node Type": "Nested Loop", "Parent Relationship": "Outer", "Join Type": "Semi", "Startup Cost": 6154458.63, "Total Cost": 9929042.59, "Plan Rows": 2, "Plan Width": 16, "Inner Unique": false, "Plans": [{"Node Type": "Nested Loop", "Parent Relationship": "Outer", "Join Type": "Inner", "Startup Cost": 6154458.63, "Total Cost": 9929037.83, "Plan Rows": 15, "Plan Width": 32, "Inner Unique": true, "Plans": [{"Node Type": "Aggregate", "Strategy": "Hashed", "Parent Relationship": "Outer", "Startup Cost": 6154458.63, "Total Cost": 6267854.63, "Plan Rows": 9071680, "Plan Width": 24, "Group By Key": ["lineitem.l_partkey", "lineitem.l_suppkey"], "Plans": [{"Node Type": "Index Scan", "Parent Relationship": "Outer", "Scan Direction": "Forward", "Index Name": "idx_lineitem_shipdate", "Relation Name": "lineitem", "Alias": "lineitem", "Startup Cost": 0.0, "Total Cost": 6063741.83, "Plan Rows": 9071680, "Plan Width": 24, "Index Cond": "((l_shipdate >= '1993-01-01 00:00:00'::timestamp(0) without time zone) AND (l_shipdate < '1994-01-01 00:00:00'::timestamp without time zone)), (LLVM Optimized)"}]}, {"Node Type": "Index Scan", "Parent Relationship": "Inner", "Scan Direction": "Forward", "Index Name": "partsupp_pkey", "Relation Name": "partsupp", "Alias": "partsupp", "Startup Cost": 0.0, "Total Cost": 0.38, "Plan Rows": 1, "Plan Width": 24, "Index Cond": "((ps_partkey = lineitem.l_partkey) AND (ps_suppkey = lineitem.l_suppkey))", "Filter": "((ps_availqty)::double precision > (.5::double precision * (sum(lineitem.l_quantity))))"}]}, {"Node Type": "Index Scan", "Parent Relationship": "Inner", "Scan Direction": "Forward", "Index Name": "part_kpey", "Relation Name": "part", "Alias": "part", "Startup Cost": 0.0, "Total Cost": 0.3, "Plan Rows": 1, "Plan Width": 8, "Index Cond": "(p_partkey = partsupp.ps_partkey)", "Filter": "((p_name)::text ~~ 'green%'::text)"}]}]}]}]}, "Unique SQL Id": 202076520, "Planner Runtime": 1}, "explain_analyze_plan": null}, "(1, 126)": {"explain_plan": {"Plan": {"Node Type": "Sort", "Startup Cost": 17339533198.13, "Total Cost": 17339533203.13, "Plan Rows": 2000, "Plan Width": 51, "Sort Key": ["supplier.s_name"], "Plans": [{"Node Type": "Nested Loop", "Parent Relationship": "Outer", "Join Type": "Semi", "Startup Cost": 2405767.29, "Total Cost": 17339533088.47, "Plan Rows": 2000, "Plan Width": 51, "Inner Unique": false, "Join Filter": "(supplier.s_suppkey = lineitem.l_suppkey)", "Plans": [{"Node Type": "Nested Loop", "Parent Relationship": "Outer", "Join Type": "Inner", "Startup Cost": 0.0, "Total Cost": 4534.31, "Plan Rows": 4000, "Plan Width": 59, "Inner Unique": false, "Join Filter": "(supplier.s_nationkey = nation.n_nationkey)", "Plans": [{"Node Type": "Seq Scan", "Parent Relationship": "Outer", "Relation Name": "nation", "Alias": "nation", "Startup Cost": 0.0, "Total Cost": 1.31, "Plan Rows": 1, "Plan Width": 4, "Filter": "(n_name = 'ALGERIA'::bpchar)"}, {"Node Type": "Seq Scan", "Parent Relationship": "Inner", "Relation Name": "supplier", "Alias": "supplier", "Startup Cost": 0.0, "Total Cost": 3283.0, "Plan Rows": 100000, "Plan Width": 63}]}, {"Node Type": "Materialize", "Parent Relationship": "Inner", "Startup Cost": 2405767.29, "Total Cost": 17339528434.16, "Plan Rows": 2, "Plan Width": 16, "Plans": [{"Node Type": "Nested Loop", "Parent Relationship": "Outer", "Join Type": "Inner", "Startup Cost": 2405767.29, "Total Cost": 17339528434.15, "Plan Rows": 2, "Plan Width": 16, "Inner Unique": false, "Join Filter": "((partsupp.ps_partkey = lineitem.l_partkey) AND (partsupp.ps_suppkey = lineitem.l_suppkey) AND ((partsupp.ps_availqty)::double precision > (.5::double precision * (sum(lineitem.l_quantity)))))", "Plans": [{"Node Type": "Aggregate", "Strategy": "Hashed", "Parent Relationship": "Outer", "Startup Cost": 2405767.29, "Total Cost": 2519163.29, "Plan Rows": 9071680, "Plan Width": 24, "Group By Key": ["lineitem.l_partkey", "lineitem.l_suppkey"], "Plans": [{"Node Type": "Seq Scan", "Parent Relationship": "Outer", "Relation Name": "lineitem", "Alias": "lineitem", "Startup Cost": 119.67, "Total Cost": 2315050.5, "Plan Rows": 9071680, "Plan Width": 24, "Filter": "((l_shipdate >= '1993-01-01 00:00:00'::timestamp(0) without time zone) AND (l_shipdate < '1994-01-01 00:00:00'::timestamp without time zone)), (LLVM Optimized)"}]}, {"Node Type": "Materialize", "Parent Relationship": "Inner", "Startup Cost": 0.0, "Total Cost": 2697041531.44, "Plan Rows": 64552, "Plan Width": 32, "Plans": [{"Node Type": "Nested Loop", "Parent Relationship": "Outer", "Join Type": "Semi", "Startup Cost": 0.0, "Total Cost": 2697041208.68, "Plan Rows": 64552, "Plan Width": 32, "Inner Unique": false, "Join Filter": "(partsupp.ps_partkey = part.p_partkey)", "Plans": [{"Node Type": "Seq Scan", "Parent Relationship": "Outer", "Relation Name": "partsupp", "Alias": "partsupp", "Startup Cost": 0.0, "Total Cost": 269987.72, "Plan Rows": 8000372, "Plan Width": 24}, {"Node Type": "Materialize", "Parent Relationship": "Inner", "Startup Cost": 0.0, "Total Cost": 67056.36, "Plan Rows": 22472, "Plan Width": 8, "Plans": [{"Node Type": "Seq Scan", "Parent Relationship": "Outer", "Relation Name": "part", "Alias": "part", "Startup Cost": 0.0, "Total Cost": 66944.0, "Plan Rows": 22472, "Plan Width": 8, "Filter": "((p_name)::text ~~ 'green%'::text)"}]}]}]}]}]}]}]}, "Unique SQL Id": 202076520, "Planner Runtime": 1}, "explain_analyze_plan": null}, "(1, 127)": {"explain_plan": {"Plan": {"Node Type": "Sort", "Startup Cost": 5018253561064.47, "Total Cost": 5018253561069.47, "Plan Rows": 2000, "Plan Width": 51, "Sort Key": ["supplier.s_name"], "Plans": [{"Node Type": "Nested Loop", "Parent Relationship": "Outer", "Join Type": "Semi", "Startup Cost": 50000000000.0, "Total Cost": 5018253560954.81, "Plan Rows": 2000, "Plan Width": 51, "Inner Unique": false, "Join Filter": "(supplier.s_suppkey = subquery.\"?column?\")", "Plans": [{"Node Type": "Nested Loop", "Parent Relationship": "Outer", "Join Type": "Inner", "Startup Cost": 20000000000.0, "Total Cost": 2000000536223.13, "Plan Rows": 4000, "Plan Width": 59, "Inner Unique": true, "Join Filter": "(supplier.s_nationkey = nation.n_nationkey)", "Plans": [{"Node Type": "Index Scan", "Parent Relationship": "Outer", "Scan Direction": "Forward", "Index Name": "supplier_pkey", "Relation Name": "supplier", "Alias": "supplier", "Startup Cost": 10000000000.0, "Total Cost": 1000000533454.38, "Plan Rows": 100000, "Plan Width": 63}, {"Node Type": "Materialize", "Parent Relationship": "Inner", "Startup Cost": 10000000000.0, "Total Cost": 1000000001268.76, "Plan Rows": 1, "Plan Width": 4, "Plans": [{"Node Type": "Index Scan", "Parent Relationship": "Outer", "Scan Direction": "Forward", "Index Name": "nation_pkey", "Relation Name": "nation", "Alias": "nation", "Startup Cost": 10000000000.0, "Total Cost": 1000000001268.75, "Plan Rows": 1, "Plan Width": 4, "Filter": "(n_name = 'ALGERIA'::bpchar)"}]}]}, {"Node Type": "Materialize", "Parent Relationship": "Inner", "Startup Cost": 30000000000.0, "Total Cost": 3018253024611.68, "Plan Rows": 2, "Plan Width": 16, "Plans": [{"Node Type": "Nested Loop", "Parent Relationship": "Outer", "Join Type": "Inner", "Startup Cost": 30000000000.0, "Total Cost": 3018253024611.67, "Plan Rows": 2, "Plan Width": 16, "Inner Unique": true, "Join Filter": "((partsupp.ps_partkey = subquery.\"?column?\") AND (partsupp.ps_suppkey = subquery.\"?column?\") AND ((partsupp.ps_availqty)::double precision > (.5::double precision * subquery.\"?column?\")))", "Plans": [{"Node Type": "Nested Loop", "Parent Relationship": "Outer", "Join Type": "Semi", "Startup Cost": 20000000000.0, "Total Cost": 2002807445082.73, "Plan Rows": 64552, "Plan Width": 32, "Inner Unique": false, "Join Filter": "(partsupp.ps_partkey = part.p_partkey)", "Plans": [{"Node Type": "Index Scan", "Parent Relationship": "Outer", "Scan Direction": "Forward", "Index Name": "idx_partsupp_suppkey", "Relation Name": "partsupp", "Alias": "partsupp", "Startup Cost": 10000000000.0, "Total Cost": 1000100160480.77, "Plan Rows": 8000372, "Plan Width": 24}, {"Node Type": "Materialize", "Parent Relationship": "Inner", "Startup Cost": 10000000000.0, "Total Cost": 1000010580437.36, "Plan Rows": 22472, "Plan Width": 8, "Plans": [{"Node Type": "Index Scan", "Parent Relationship": "Outer", "Scan Direction": "Forward", "Index Name": "part_kpey", "Relation Name": "part", "Alias": "part", "Startup Cost": 10000000000.0, "Total Cost": 1000010580325.0, "Plan Rows": 22472, "Plan Width": 8, "Filter": "((p_name)::text ~~ 'green%'::text)"}]}]}, {"Node Type": "Materialize", "Parent Relationship": "Inner", "Startup Cost": 10000000000.0, "Total Cost": 1000805725024.14, "Plan Rows": 9071680, "Plan Width": 24, "Plans": [{"Node Type": "Subquery Scan", "Parent Relationship": "Outer", "Alias": "subquery", "Startup Cost": 10000000000.0, "Total Cost": 1000805679665.74, "Plan Rows": 9071680, "Plan Width": 24, "Plans": [{"Node Type": "Aggregate", "Strategy": "Sorted", "Parent Relationship": "Subquery", "Startup Cost": 10000000000.0, "Total Cost": 1000805588948.94, "Plan Rows": 9071680, "Plan Width": 40, "Group By Key": ["lineitem.l_partkey", "lineitem.l_suppkey"], "Plans": [{"Node Type": "Index Scan", "Parent Relationship": "Outer", "Scan Direction": "Forward", "Index Name": "idx_lineitem_part_supp", "Relation Name": "lineitem", "Alias": "lineitem", "Startup Cost": 10000000000.0, "Total Cost": 1000805384836.14, "Plan Rows": 9071680, "Plan Width": 24, "Filter": "((l_shipdate >= '1993-01-01 00:00:00'::timestamp(0) without time zone) AND (l_shipdate < '1994-01-01 00:00:00'::timestamp without time zone)), (LLVM Optimized)"}]}]}]}]}]}]}]}, "Unique SQL Id": 202076520, "Planner Runtime": 1}, "explain_analyze_plan": null}, "(16, 0)": {"explain_plan": {"Plan": {"Node Type": "Sort", "Startup Cost": 2481984.46, "Total Cost": 2481989.46, "Plan Rows": 2000, "Plan Width": 51, "Sort Key": ["supplier.s_name"], "Plans": [{"Node Type": "Nested Loop", "Parent Relationship": "Outer", "Join Type": "Semi", "Startup Cost": 2182390.78, "Total Cost": 2481874.8, "Plan Rows": 2000, "Plan Width": 51, "Inner Unique": false, "Join Filter": "(supplier.s_suppkey = lineitem.l_suppkey)", "Plans": [{"Node Type": "Nested Loop", "Parent Relationship": "Outer", "Join Type": "Inner", "Startup Cost": 0.0, "Total Cost": 4534.31, "Plan Rows": 4000, "Plan Width": 59, "Inner Unique": false, "Join Filter": "(supplier.s_nationkey = nation.n_nationkey)", "Plans": [{"Node Type": "Seq Scan", "Parent Relationship": "Outer", "Relation Name": "nation", "Alias": "nation", "Startup Cost": 0.0, "Total Cost": 1.31, "Plan Rows": 1, "Plan Width": 4, "Filter": "(n_name = 'ALGERIA'::bpchar)"}, {"Node Type": "Seq Scan", "Parent Relationship": "Inner", "Relation Name": "supplier", "Alias": "supplier", "Startup Cost": 0.0, "Total Cost": 3283.0, "Plan Rows": 100000, "Plan Width": 63}]}, {"Node Type": "Materialize", "Parent Relationship": "Inner", "Startup Cost": 2182390.78, "Total Cost": 2477220.5, "Plan Rows": 2, "Plan Width": 16, "Plans": [{"Node Type": "Hash Join", "Parent Relationship": "Outer", "Join Type": "Inner", "Startup Cost": 2182390.78, "Total Cost": 2477220.49, "Plan Rows": 2, "Plan Width": 16, "Inner Unique": false, "Hash Cond": "((lineitem.l_partkey = partsupp.ps_partkey) AND (lineitem.l_suppkey = partsupp.ps_suppkey))", "Join Filter": "((partsupp.ps_availqty)::double precision > (.5::double precision * (sum(lineitem.l_quantity))))", "Plans": [{"Node Type": "Aggregate", "Strategy": "Hashed", "Parent Relationship": "Outer", "Startup Cost": 1956349.97, "Total Cost": 2069745.97, "Plan Rows": 9071680, "Plan Width": 40, "Group By Key": ["lineitem.l_partkey", "lineitem.l_suppkey"], "Plans": [{"Node Type": "Bitmap Heap Scan", "Parent Relationship": "Outer", "Relation Name": "lineitem", "Alias": "lineitem", "Startup Cost": 314312.97, "Total Cost": 1865633.17, "Plan Rows": 9071680, "Plan Width": 24, "Recheck Cond": "((l_shipdate >= '1993-01-01 00:00:00'::timestamp(0) without time zone) AND (l_shipdate < '1994-01-01 00:00:00'::timestamp without time zone)), (LLVM Optimized)", "Plans": [{"Node Type": "Bitmap Index Scan", "Parent Relationship": "Outer", "Index Name": "idx_lineitem_shipdate", "Startup Cost": 0.0, "Total Cost": 312045.05, "Plan Rows": 9071680, "Plan Width": 0, "Index Cond": "((l_shipdate >= '1993-01-01 00:00:00'::timestamp(0) without time zone) AND (l_shipdate < '1994-01-01 00:00:00'::timestamp without time zone))"}]}]}, {"Node Type": "Hash", "Parent Relationship": "Inner", "Startup Cost": 225072.53, "Total Cost": 225072.53, "Plan Rows": 64552, "Plan Width": 32, "Plans": [{"Node Type": "Nested Loop", "Parent Relationship": "Outer", "Join Type": "Inner", "Startup Cost": 0.0, "Total Cost": 225072.53, "Plan Rows": 64552, "Plan Width": 32, "Inner Unique": false, "Plans": [{"Node Type": "Seq Scan", "Parent Relationship": "Outer", "Relation Name": "part", "Alias": "part", "Startup Cost": 0.0, "Total Cost": 66944.0, "Plan Rows": 22472, "Plan Width": 8, "Filter": "((p_name)::text ~~ 'green%'::text)"}, {"Node Type": "Index Scan", "Parent Relationship": "Inner", "Scan Direction": "Forward", "Index Name": "idx_partsupp_partkey", "Relation Name": "partsupp", "Alias": "partsupp", "Startup Cost": 0.0, "Total Cost": 7.01, "Plan Rows": 3, "Plan Width": 24, "Index Cond": "(ps_partkey = part.p_partkey)"}]}]}]}]}]}]}, "Unique SQL Id": 202076520, "Planner Runtime": 3}, "explain_analyze_plan": {"Plan": {"Node Type": "Sort", "Startup Cost": 2481984.46, "Total Cost": 2481989.46, "Plan Rows": 2000, "Plan Width": 51, "Actual Startup Time": 75257.542, "Actual Total Time": 75257.731, "Actual Rows": 1746, "Actual Loops": 1, "Sort Key": ["supplier.s_name"], "Sort Method": "quicksort", "Sort Space Used": 309, "Sort Space Type": "Memory", "Plans": [{"Node Type": "Nested Loop", "Parent Relationship": "Outer", "Join Type": "Semi", "Startup Cost": 2182390.78, "Total Cost": 2481874.8, "Plan Rows": 2000, "Plan Width": 51, "Actual Startup Time": 24884.825, "Actual Total Time": 75250.351, "Actual Rows": 1746, "Actual Loops": 1, "Inner Unique": false, "Join Filter": "(supplier.s_suppkey = lineitem.l_suppkey)", "Rows Removed by Join Filter": 174379316, "Plans": [{"Node Type": "Nested Loop", "Parent Relationship": "Outer", "Join Type": "Inner", "Startup Cost": 0.0, "Total Cost": 4534.31, "Plan Rows": 4000, "Plan Width": 59, "Actual Startup Time": 0.059, "Actual Total Time": 72.815, "Actual Rows": 3934, "Actual Loops": 1, "Inner Unique": false, "Join Filter": "(supplier.s_nationkey = nation.n_nationkey)", "Rows Removed by Join Filter": 96066, "Plans": [{"Node Type": "Seq Scan", "Parent Relationship": "Outer", "Relation Name": "nation", "Alias": "nation", "Startup Cost": 0.0, "Total Cost": 1.31, "Plan Rows": 1, "Plan Width": 4, "Actual Startup Time": 0.023, "Actual Total Time": 0.107, "Actual Rows": 1, "Actual Loops": 1, "Filter": "(n_name = 'ALGERIA'::bpchar)", "Rows Removed by Filter": 24}, {"Node Type": "Seq Scan", "Parent Relationship": "Inner", "Relation Name": "supplier", "Alias": "supplier", "Startup Cost": 0.0, "Total Cost": 3283.0, "Plan Rows": 100000, "Plan Width": 63, "Actual Startup Time": 0.02, "Actual Total Time": 43.133, "Actual Rows": 100000, "Actual Loops": 1}]}, {"Node Type": "Materialize", "Parent Relationship": "Inner", "Startup Cost": 2182390.78, "Total Cost": 2477220.5, "Plan Rows": 2, "Plan Width": 16, "Actual Startup Time": 19734.578, "Actual Total Time": 42577.892, "Actual Rows": 174381062, "Actual Loops": 3934, "Plans": [{"Node Type": "Hash Join", "Parent Relationship": "Outer", "Join Type": "Inner", "Startup Cost": 2182390.78, "Total Cost": 2477220.49, "Plan Rows": 2, "Plan Width": 16, "Actual Startup Time": 19733.887, "Actual Total Time": 24838.392, "Actual Rows": 58537, "Actual Loops": 1, "Inner Unique": false, "Hash Cond": "((lineitem.l_partkey = partsupp.ps_partkey) AND (lineitem.l_suppkey = partsupp.ps_suppkey))", "Join Filter": "((partsupp.ps_availqty)::double precision > (.5::double precision * (sum(lineitem.l_quantity))))", "Rows Removed by Join Filter": 136, "Plans": [{"Node Type": "Aggregate", "Strategy": "Hashed", "Parent Relationship": "Outer", "Startup Cost": 1956349.97, "Total Cost": 2069745.97, "Plan Rows": 9071680, "Plan Width": 40, "Actual Startup Time": 18707.004, "Actual Total Time": 22236.746, "Actual Rows": 5442751, "Actual Loops": 1, "Group By Key": ["lineitem.l_partkey", "lineitem.l_suppkey"], "Plans": [{"Node Type": "Bitmap Heap Scan", "Parent Relationship": "Outer", "Relation Name": "lineitem", "Alias": "lineitem", "Startup Cost": 314312.97, "Total Cost": 1865633.17, "Plan Rows": 9071680, "Plan Width": 24, "Actual Startup Time": 3996.016, "Actual Total Time": 11648.282, "Actual Rows": 9109641, "Actual Loops": 1, "Recheck Cond": "((l_shipdate >= '1993-01-01 00:00:00'::timestamp(0) without time zone) AND (l_shipdate < '1994-01-01 00:00:00'::timestamp without time zone)), (LLVM Optimized, Jit Execute)", "Rows Removed by Index Recheck": 0, "Exact Heap Blocks": 1252335, "Lossy Heap Blocks": 1252335, "Plans": [{"Node Type": "Bitmap Index Scan", "Parent Relationship": "Outer", "Index Name": "idx_lineitem_shipdate", "Startup Cost": 0.0, "Total Cost": 312045.05, "Plan Rows": 9071680, "Plan Width": 0, "Actual Startup Time": 3413.023, "Actual Total Time": 3413.023, "Actual Rows": 9109641, "Actual Loops": 1, "Index Cond": "((l_shipdate >= '1993-01-01 00:00:00'::timestamp(0) without time zone) AND (l_shipdate < '1994-01-01 00:00:00'::timestamp without time zone))"}]}]}, {"Node Type": "Hash", "Parent Relationship": "Inner", "Startup Cost": 225072.53, "Total Cost": 225072.53, "Plan Rows": 64552, "Plan Width": 32, "Actual Startup Time": 1026.722, "Actual Total Time": 1026.722, "Actual Rows": 86224, "Actual Loops": 1, "Hash Buckets": 65536, "Hash Batches": 1, "Original Hash Batches": 1, "Peak Memory Usage": 5389, "Plans": [{"Node Type": "Nested Loop", "Parent Relationship": "Outer", "Join Type": "Inner", "Startup Cost": 0.0, "Total Cost": 225072.53, "Plan Rows": 64552, "Plan Width": 32, "Actual Startup Time": 0.041, "Actual Total Time": 990.064, "Actual Rows": 86224, "Actual Loops": 1, "Inner Unique": false, "Plans": [{"Node Type": "Seq Scan", "Parent Relationship": "Outer", "Relation Name": "part", "Alias": "part", "Startup Cost": 0.0, "Total Cost": 66944.0, "Plan Rows": 22472, "Plan Width": 8, "Actual Startup Time": 0.022, "Actual Total Time": 779.108, "Actual Rows": 21556, "Actual Loops": 1, "Filter": "((p_name)::text ~~ 'green%'::text)", "Rows Removed by Filter": 1978444}, {"Node Type": "Index Scan", "Parent Relationship": "Inner", "Scan Direction": "Forward", "Index Name": "idx_partsupp_partkey", "Relation Name": "partsupp", "Alias": "partsupp", "Startup Cost": 0.0, "Total Cost": 7.01, "Plan Rows": 3, "Plan Width": 24, "Actual Startup Time": 133.294, "Actual Total Time": 178.264, "Actual Rows": 86224, "Actual Loops": 21556, "Index Cond": "(ps_partkey = part.p_partkey)", "Rows Removed by Index Recheck": 0}]}]}]}]}]}]}, "Triggers": [], "Planner Runtime": 2, "Total Runtime": 75268.748, "Unique SQL Id": 202076520}}, "(16, 1)": {"explain_plan": {"Plan": {"Node Type": "Sort", "Startup Cost": 2522906.63, "Total Cost": 2522911.63, "Plan Rows": 2000, "Plan Width": 51, "Sort Key": ["supplier.s_name"], "Plans": [{"Node Type": "Nested Loop", "Parent Relationship": "Outer", "Join Type": "Semi", "Startup Cost": 2221250.03, "Total Cost": 2522796.97, "Plan Rows": 2000, "Plan Width": 51, "Inner Unique": false, "Join Filter": "(supplier.s_suppkey = lineitem.l_suppkey)", "Plans": [{"Node Type": "Nested Loop", "Parent Relationship": "Outer", "Join Type": "Inner", "Startup Cost": 0.0, "Total Cost": 6597.23, "Plan Rows": 4000, "Plan Width": 59, "Inner Unique": false, "Join Filter": "(supplier.s_nationkey = nation.n_nationkey)", "Plans": [{"Node Type": "Index Scan", "Parent Relationship": "Outer", "Scan Direction": "Forward", "Index Name": "nation_pkey", "Relation Name": "nation", "Alias": "nation", "Startup Cost": 0.0, "Total Cost": 12.69, "Plan Rows": 1, "Plan Width": 4, "Filter": "(n_name = 'ALGERIA'::bpchar)"}, {"Node Type": "Index Scan", "Parent Relationship": "Inner", "Scan Direction": "Forward", "Index Name": "supplier_pkey", "Relation Name": "supplier", "Alias": "supplier", "Startup Cost": 0.0, "Total Cost": 5334.54, "Plan Rows": 100000, "Plan Width": 63}]}, {"Node Type": "Materialize", "Parent Relationship": "Inner", "Startup Cost": 2221250.03, "Total Cost": 2516079.75, "Plan Rows": 2, "Plan Width": 16, "Plans": [{"Node Type": "Hash Join", "Parent Relationship": "Outer", "Join Type": "Inner", "Startup Cost": 2221250.03, "Total Cost": 2516079.74, "Plan Rows": 2, "Plan Width": 16, "Inner Unique": false, "Hash Cond": "((lineitem.l_partkey = partsupp.ps_partkey) AND (lineitem.l_suppkey = partsupp.ps_suppkey))", "Join Filter": "((partsupp.ps_availqty)::double precision > (.5::double precision * (sum(lineitem.l_quantity))))", "Plans": [{"Node Type": "Aggregate", "Strategy": "Hashed", "Parent Relationship": "Outer", "Startup Cost": 1956349.97, "Total Cost": 2069745.97, "Plan Rows": 9071680, "Plan Width": 40, "Group By Key": ["lineitem.l_partkey", "lineitem.l_suppkey"], "Plans": [{"Node Type": "Bitmap Heap Scan", "Parent Relationship": "Outer", "Relation Name": "lineitem", "Alias": "lineitem", "Startup Cost": 314312.97, "Total Cost": 1865633.17, "Plan Rows": 9071680, "Plan Width": 24, "Recheck Cond": "((l_shipdate >= '1993-01-01 00:00:00'::timestamp(0) without time zone) AND (l_shipdate < '1994-01-01 00:00:00'::timestamp without time zone)), (LLVM Optimized)", "Plans": [{"Node Type": "Bitmap Index Scan", "Parent Relationship": "Outer", "Index Name": "idx_lineitem_shipdate", "Startup Cost": 0.0, "Total Cost": 312045.05, "Plan Rows": 9071680, "Plan Width": 0, "Index Cond": "((l_shipdate >= '1993-01-01 00:00:00'::timestamp(0) without time zone) AND (l_shipdate < '1994-01-01 00:00:00'::timestamp without time zone))"}]}]}, {"Node Type": "Hash", "Parent Relationship": "Inner", "Startup Cost": 263931.78, "Total Cost": 263931.78, "Plan Rows": 64552, "Plan Width": 32, "Plans": [{"Node Type": "Nested Loop", "Parent Relationship": "Outer", "Join Type": "Inner", "Startup Cost": 0.0, "Total Cost": 263931.78, "Plan Rows": 64552, "Plan Width": 32, "Inner Unique": false, "Plans": [{"Node Type": "Index Scan", "Parent Relationship": "Outer", "Scan Direction": "Forward", "Index Name": "part_kpey", "Relation Name": "part", "Alias": "part", "Startup Cost": 0.0, "Total Cost": 105803.25, "Plan Rows": 22472, "Plan Width": 8, "Filter": "((p_name)::text ~~ 'green%'::text)"}, {"Node Type": "Index Scan", "Parent Relationship": "Inner", "Scan Direction": "Forward", "Index Name": "idx_partsupp_partkey", "Relation Name": "partsupp", "Alias": "partsupp", "Startup Cost": 0.0, "Total Cost": 7.01, "Plan Rows": 3, "Plan Width": 24, "Index Cond": "(ps_partkey = part.p_partkey)"}]}]}]}]}]}]}, "Unique SQL Id": 202076520, "Planner Runtime": 3}, "explain_analyze_plan": {"Plan": {"Node Type": "Sort", "Startup Cost": 2522906.63, "Total Cost": 2522911.63, "Plan Rows": 2000, "Plan Width": 51, "Actual Startup Time": 75367.468, "Actual Total Time": 75367.626, "Actual Rows": 1746, "Actual Loops": 1, "Sort Key": ["supplier.s_name"], "Sort Method": "quicksort", "Sort Space Used": 309, "Sort Space Type": "Memory", "Plans": [{"Node Type": "Nested Loop", "Parent Relationship": "Outer", "Join Type": "Semi", "Startup Cost": 2221250.03, "Total Cost": 2522796.97, "Plan Rows": 2000, "Plan Width": 51, "Actual Startup Time": 25132.456, "Actual Total Time": 75363.195, "Actual Rows": 1746, "Actual Loops": 1, "Inner Unique": false, "Join Filter": "(supplier.s_suppkey = lineitem.l_suppkey)", "Rows Removed by Join Filter": 174379316, "Plans": [{"Node Type": "Nested Loop", "Parent Relationship": "Outer", "Join Type": "Inner", "Startup Cost": 0.0, "Total Cost": 6597.23, "Plan Rows": 4000, "Plan Width": 59, "Actual Startup Time": 0.065, "Actual Total Time": 102.229, "Actual Rows": 3934, "Actual Loops": 1, "Inner Unique": false, "Join Filter": "(supplier.s_nationkey = nation.n_nationkey)", "Rows Removed by Join Filter": 96066, "Plans": [{"Node Type": "Index Scan", "Parent Relationship": "Outer", "Scan Direction": "Forward", "Index Name": "nation_pkey", "Relation Name": "nation", "Alias": "nation", "Startup Cost": 0.0, "Total Cost": 12.69, "Plan Rows": 1, "Plan Width": 4, "Actual Startup Time": 0.02, "Actual Total Time": 0.051, "Actual Rows": 1, "Actual Loops": 1, "Filter": "(n_name = 'ALGERIA'::bpchar)", "Rows Removed by Filter": 24}, {"Node Type": "Index Scan", "Parent Relationship": "Inner", "Scan Direction": "Forward", "Index Name": "supplier_pkey", "Relation Name": "supplier", "Alias": "supplier", "Startup Cost": 0.0, "Total Cost": 5334.54, "Plan Rows": 100000, "Plan Width": 63, "Actual Startup Time": 0.02, "Actual Total Time": 74.582, "Actual Rows": 100000, "Actual Loops": 1}]}, {"Node Type": "Materialize", "Parent Relationship": "Inner", "Startup Cost": 2221250.03, "Total Cost": 2516079.75, "Plan Rows": 2, "Plan Width": 16, "Actual Startup Time": 20683.912, "Actual Total Time": 42677.904, "Actual Rows": 174381062, "Actual Loops": 3934, "Plans": [{"Node Type": "Hash Join", "Parent Relationship": "Outer", "Join Type": "Inner", "Startup Cost": 2221250.03, "Total Cost": 2516079.74, "Plan Rows": 2, "Plan Width": 16, "Actual Startup Time": 20683.198, "Actual Total Time": 25088.125, "Actual Rows": 58537, "Actual Loops": 1, "Inner Unique": false, "Hash Cond": "((lineitem.l_partkey = partsupp.ps_partkey) AND (lineitem.l_suppkey = partsupp.ps_suppkey))", "Join Filter": "((partsupp.ps_availqty)::double precision > (.5::double precision * (sum(lineitem.l_quantity))))", "Rows Removed by Join Filter": 136, "Plans": [{"Node Type": "Aggregate", "Strategy": "Hashed", "Parent Relationship": "Outer", "Startup Cost": 1956349.97, "Total Cost": 2069745.97, "Plan Rows": 9071680, "Plan Width": 40, "Actual Startup Time": 18932.217, "Actual Total Time": 21795.026, "Actual Rows": 5442751, "Actual Loops": 1, "Group By Key": ["lineitem.l_partkey", "lineitem.l_suppkey"], "Plans": [{"Node Type": "Bitmap Heap Scan", "Parent Relationship": "Outer", "Relation Name": "lineitem", "Alias": "lineitem", "Startup Cost": 314312.97, "Total Cost": 1865633.17, "Plan Rows": 9071680, "Plan Width": 24, "Actual Startup Time": 3614.243, "Actual Total Time": 11188.764, "Actual Rows": 9109641, "Actual Loops": 1, "Recheck Cond": "((l_shipdate >= '1993-01-01 00:00:00'::timestamp(0) without time zone) AND (l_shipdate < '1994-01-01 00:00:00'::timestamp without time zone)), (LLVM Optimized, Jit Execute)", "Rows Removed by Index Recheck": 0, "Exact Heap Blocks": 1252335, "Lossy Heap Blocks": 1252335, "Plans": [{"Node Type": "Bitmap Index Scan", "Parent Relationship": "Outer", "Index Name": "idx_lineitem_shipdate", "Startup Cost": 0.0, "Total Cost": 312045.05, "Plan Rows": 9071680, "Plan Width": 0, "Actual Startup Time": 3062.184, "Actual Total Time": 3062.184, "Actual Rows": 9109641, "Actual Loops": 1, "Index Cond": "((l_shipdate >= '1993-01-01 00:00:00'::timestamp(0) without time zone) AND (l_shipdate < '1994-01-01 00:00:00'::timestamp without time zone))"}]}]}, {"Node Type": "Hash", "Parent Relationship": "Inner", "Startup Cost": 263931.78, "Total Cost": 263931.78, "Plan Rows": 64552, "Plan Width": 32, "Actual Startup Time": 1750.851, "Actual Total Time": 1750.851, "Actual Rows": 86224, "Actual Loops": 1, "Hash Buckets": 65536, "Hash Batches": 1, "Original Hash Batches": 1, "Peak Memory Usage": 5389, "Plans": [{"Node Type": "Nested Loop", "Parent Relationship": "Outer", "Join Type": "Inner", "Startup Cost": 0.0, "Total Cost": 263931.78, "Plan Rows": 64552, "Plan Width": 32, "Actual Startup Time": 0.053, "Actual Total Time": 1717.824, "Actual Rows": 86224, "Actual Loops": 1, "Inner Unique": false, "Plans": [{"Node Type": "Index Scan", "Parent Relationship": "Outer", "Scan Direction": "Forward", "Index Name": "part_kpey", "Relation Name": "part", "Alias": "part", "Startup Cost": 0.0, "Total Cost": 105803.25, "Plan Rows": 22472, "Plan Width": 8, "Actual Startup Time": 0.04, "Actual Total Time": 1522.231, "Actual Rows": 21556, "Actual Loops": 1, "Filter": "((p_name)::text ~~ 'green%'::text)", "Rows Removed by Filter": 1978444}, {"Node Type": "Index Scan", "Parent Relationship": "Inner", "Scan Direction": "Forward", "Index Name": "idx_partsupp_partkey", "Relation Name": "partsupp", "Alias": "partsupp", "Startup Cost": 0.0, "Total Cost": 7.01, "Plan Rows": 3, "Plan Width": 24, "Actual Startup Time": 115.559, "Actual Total Time": 161.654, "Actual Rows": 86224, "Actual Loops": 21556, "Index Cond": "(ps_partkey = part.p_partkey)", "Rows Removed by Index Recheck": 0}]}]}]}]}]}]}, "Triggers": [], "Planner Runtime": 2, "Total Runtime": 75378.492, "Unique SQL Id": 202076520}}, "(16, 2)": {"explain_plan": {"Plan": {"Node Type": "Sort", "Startup Cost": 2614774.64, "Total Cost": 2614779.64, "Plan Rows": 2000, "Plan Width": 51, "Sort Key": ["supplier.s_name"], "Plans": [{"Node Type": "Nested Loop", "Parent Relationship": "Outer", "Join Type": "Semi", "Startup Cost": 2315180.96, "Total Cost": 2614664.98, "Plan Rows": 2000, "Plan Width": 51, "Inner Unique": false, "Join Filter": "(supplier.s_suppkey = lineitem.l_suppkey)", "Plans": [{"Node Type": "Nested Loop", "Parent Relationship": "Outer", "Join Type": "Inner", "Startup Cost": 0.0, "Total Cost": 4534.31, "Plan Rows": 4000, "Plan Width": 59, "Inner Unique": false, "Join Filter": "(supplier.s_nationkey = nation.n_nationkey)", "Plans": [{"Node Type": "Seq Scan", "Parent Relationship": "Outer", "Relation Name": "nation", "Alias": "nation", "Startup Cost": 0.0, "Total Cost": 1.31, "Plan Rows": 1, "Plan Width": 4, "Filter": "(n_name = 'ALGERIA'::bpchar)"}, {"Node Type": "Seq Scan", "Parent Relationship": "Inner", "Relation Name": "supplier", "Alias": "supplier", "Startup Cost": 0.0, "Total Cost": 3283.0, "Plan Rows": 100000, "Plan Width": 63}]}, {"Node Type": "Materialize", "Parent Relationship": "Inner", "Startup Cost": 2315180.96, "Total Cost": 2610010.68, "Plan Rows": 2, "Plan Width": 16, "Plans": [{"Node Type": "Hash Join", "Parent Relationship": "Outer", "Join Type": "Inner", "Startup Cost": 2315180.96, "Total Cost": 2610010.67, "Plan Rows": 2, "Plan Width": 16, "Inner Unique": false, "Hash Cond": "((lineitem.l_partkey = partsupp.ps_partkey) AND (lineitem.l_suppkey = partsupp.ps_suppkey))", "Join Filter": "((partsupp.ps_availqty)::double precision > (.5::double precision * (sum(lineitem.l_quantity))))", "Plans": [{"Node Type": "Aggregate", "Strategy": "Hashed", "Parent Relationship": "Outer", "Startup Cost": 1956349.97, "Total Cost": 2069745.97, "Plan Rows": 9071680, "Plan Width": 40, "Group By Key": ["lineitem.l_partkey", "lineitem.l_suppkey"], "Plans": [{"Node Type": "Bitmap Heap Scan", "Parent Relationship": "Outer", "Relation Name": "lineitem", "Alias": "lineitem", "Startup Cost": 314312.97, "Total Cost": 1865633.17, "Plan Rows": 9071680, "Plan Width": 24, "Recheck Cond": "((l_shipdate >= '1993-01-01 00:00:00'::timestamp(0) without time zone) AND (l_shipdate < '1994-01-01 00:00:00'::timestamp without time zone)), (LLVM Optimized)", "Plans": [{"Node Type": "Bitmap Index Scan", "Parent Relationship": "Outer", "Index Name": "idx_lineitem_shipdate", "Startup Cost": 0.0, "Total Cost": 312045.05, "Plan Rows": 9071680, "Plan Width": 0, "Index Cond": "((l_shipdate >= '1993-01-01 00:00:00'::timestamp(0) without time zone) AND (l_shipdate < '1994-01-01 00:00:00'::timestamp without time zone))"}]}]}, {"Node Type": "Hash", "Parent Relationship": "Inner", "Startup Cost": 357862.71, "Total Cost": 357862.71, "Plan Rows": 64552, "Plan Width": 32, "Plans": [{"Node Type": "Hash Join", "Parent Relationship": "Outer", "Join Type": "Inner", "Startup Cost": 67224.9, "Total Cost": 357862.71, "Plan Rows": 64552, "Plan Width": 32, "Inner Unique": true, "Hash Cond": "(partsupp.ps_partkey = part.p_partkey)", "Plans": [{"Node Type": "Seq Scan", "Parent Relationship": "Outer", "Relation Name": "partsupp", "Alias": "partsupp", "Startup Cost": 0.0, "Total Cost": 269987.72, "Plan Rows": 8000372, "Plan Width": 24}, {"Node Type": "Hash", "Parent Relationship": "Inner", "Startup Cost": 66944.0, "Total Cost": 66944.0, "Plan Rows": 22472, "Plan Width": 8, "Plans": [{"Node Type": "Seq Scan", "Parent Relationship": "Outer", "Relation Name": "part", "Alias": "part", "Startup Cost": 0.0, "Total Cost": 66944.0, "Plan Rows": 22472, "Plan Width": 8, "Filter": "((p_name)::text ~~ 'green%'::text)"}]}]}]}]}]}]}]}, "Unique SQL Id": 202076520, "Planner Runtime": 3}, "explain_analyze_plan": {"Plan": {"Node Type": "Sort", "Startup Cost": 2614774.64, "Total Cost": 2614779.64, "Plan Rows": 2000, "Plan Width": 51, "Actual Startup Time": 79266.155, "Actual Total Time": 79266.324, "Actual Rows": 1746, "Actual Loops": 1, "Sort Key": ["supplier.s_name"], "Sort Method": "quicksort", "Sort Space Used": 309, "Sort Space Type": "Memory", "Plans": [{"Node Type": "Nested Loop", "Parent Relationship": "Outer", "Join Type": "Semi", "Startup Cost": 2315180.96, "Total Cost": 2614664.98, "Plan Rows": 2000, "Plan Width": 51, "Actual Startup Time": 29386.016, "Actual Total Time": 79258.907, "Actual Rows": 1746, "Actual Loops": 1, "Inner Unique": false, "Join Filter": "(supplier.s_suppkey = lineitem.l_suppkey)", "Rows Removed by Join Filter": 174379316, "Plans": [{"Node Type": "Nested Loop", "Parent Relationship": "Outer", "Join Type": "Inner", "Startup Cost": 0.0, "Total Cost": 4534.31, "Plan Rows": 4000, "Plan Width": 59, "Actual Startup Time": 0.063, "Actual Total Time": 73.076, "Actual Rows": 3934, "Actual Loops": 1, "Inner Unique": false, "Join Filter": "(supplier.s_nationkey = nation.n_nationkey)", "Rows Removed by Join Filter": 96066, "Plans": [{"Node Type": "Seq Scan", "Parent Relationship": "Outer", "Relation Name": "nation", "Alias": "nation", "Startup Cost": 0.0, "Total Cost": 1.31, "Plan Rows": 1, "Plan Width": 4, "Actual Startup Time": 0.026, "Actual Total Time": 0.11, "Actual Rows": 1, "Actual Loops": 1, "Filter": "(n_name = 'ALGERIA'::bpchar)", "Rows Removed by Filter": 24}, {"Node Type": "Seq Scan", "Parent Relationship": "Inner", "Relation Name": "supplier", "Alias": "supplier", "Startup Cost": 0.0, "Total Cost": 3283.0, "Plan Rows": 100000, "Plan Width": 63, "Actual Startup Time": 0.02, "Actual Total Time": 43.562, "Actual Rows": 100000, "Actual Loops": 1}]}, {"Node Type": "Materialize", "Parent Relationship": "Inner", "Startup Cost": 2315180.96, "Total Cost": 2610010.68, "Plan Rows": 2, "Plan Width": 16, "Actual Startup Time": 24477.548, "Actual Total Time": 46672.343, "Actual Rows": 174381062, "Actual Loops": 3934, "Plans": [{"Node Type": "Hash Join", "Parent Relationship": "Outer", "Join Type": "Inner", "Startup Cost": 2315180.96, "Total Cost": 2610010.67, "Plan Rows": 2, "Plan Width": 16, "Actual Startup Time": 24476.828, "Actual Total Time": 29340.497, "Actual Rows": 58537, "Actual Loops": 1, "Inner Unique": false, "Hash Cond": "((lineitem.l_partkey = partsupp.ps_partkey) AND (lineitem.l_suppkey = partsupp.ps_suppkey))", "Join Filter": "((partsupp.ps_availqty)::double precision > (.5::double precision * (sum(lineitem.l_quantity))))", "Rows Removed by Join Filter": 136, "Plans": [{"Node Type": "Aggregate", "Strategy": "Hashed", "Parent Relationship": "Outer", "Startup Cost": 1956349.97, "Total Cost": 2069745.97, "Plan Rows": 9071680, "Plan Width": 40, "Actual Startup Time": 19726.375, "Actual Total Time": 23025.115, "Actual Rows": 5442751, "Actual Loops": 1, "Group By Key": ["lineitem.l_partkey", "lineitem.l_suppkey"], "Plans": [{"Node Type": "Bitmap Heap Scan", "Parent Relationship": "Outer", "Relation Name": "lineitem", "Alias": "lineitem", "Startup Cost": 314312.97, "Total Cost": 1865633.17, "Plan Rows": 9071680, "Plan Width": 24, "Actual Startup Time": 4313.512, "Actual Total Time": 11896.6, "Actual Rows": 9109641, "Actual Loops": 1, "Recheck Cond": "((l_shipdate >= '1993-01-01 00:00:00'::timestamp(0) without time zone) AND (l_shipdate < '1994-01-01 00:00:00'::timestamp without time zone)), (LLVM Optimized, Jit Execute)", "Rows Removed by Index Recheck": 0, "Exact Heap Blocks": 1252335, "Lossy Heap Blocks": 1252335, "Plans": [{"Node Type": "Bitmap Index Scan", "Parent Relationship": "Outer", "Index Name": "idx_lineitem_shipdate", "Startup Cost": 0.0, "Total Cost": 312045.05, "Plan Rows": 9071680, "Plan Width": 0, "Actual Startup Time": 3588.878, "Actual Total Time": 3588.878, "Actual Rows": 9109641, "Actual Loops": 1, "Index Cond": "((l_shipdate >= '1993-01-01 00:00:00'::timestamp(0) without time zone) AND (l_shipdate < '1994-01-01 00:00:00'::timestamp without time zone))"}]}]}, {"Node Type": "Hash", "Parent Relationship": "Inner", "Startup Cost": 357862.71, "Total Cost": 357862.71, "Plan Rows": 64552, "Plan Width": 32, "Actual Startup Time": 4750.038, "Actual Total Time": 4750.038, "Actual Rows": 86224, "Actual Loops": 1, "Hash Buckets": 65536, "Hash Batches": 1, "Original Hash Batches": 1, "Peak Memory Usage": 5389, "Plans": [{"Node Type": "Hash Join", "Parent Relationship": "Outer", "Join Type": "Inner", "Startup Cost": 67224.9, "Total Cost": 357862.71, "Plan Rows": 64552, "Plan Width": 32, "Actual Startup Time": 775.942, "Actual Total Time": 4709.468, "Actual Rows": 86224, "Actual Loops": 1, "Inner Unique": true, "Hash Cond": "(partsupp.ps_partkey = part.p_partkey)", "Plans": [{"Node Type": "Seq Scan", "Parent Relationship": "Outer", "Relation Name": "partsupp", "Alias": "partsupp", "Startup Cost": 0.0, "Total Cost": 269987.72, "Plan Rows": 8000372, "Plan Width": 24, "Actual Startup Time": 0.01, "Actual Total Time": 2396.567, "Actual Rows": 8000000, "Actual Loops": 1}, {"Node Type": "Hash", "Parent Relationship": "Inner", "Startup Cost": 66944.0, "Total Cost": 66944.0, "Plan Rows": 22472, "Plan Width": 8, "Actual Startup Time": 775.797, "Actual Total Time": 775.797, "Actual Rows": 21556, "Actual Loops": 1, "Hash Buckets": 32768, "Hash Batches": 1, "Original Hash Batches": 1, "Peak Memory Usage": 843, "Plans": [{"Node Type": "Seq Scan", "Parent Relationship": "Outer", "Relation Name": "part", "Alias": "part", "Startup Cost": 0.0, "Total Cost": 66944.0, "Plan Rows": 22472, "Plan Width": 8, "Actual Startup Time": 0.025, "Actual Total Time": 768.271, "Actual Rows": 21556, "Actual Loops": 1, "Filter": "((p_name)::text ~~ 'green%'::text)", "Rows Removed by Filter": 1978444}]}]}]}]}]}]}]}, "Triggers": [], "Planner Runtime": 2, "Total Runtime": 79277.75, "Unique SQL Id": 202076520}}, "(16, 3)": {"explain_plan": {"Plan": {"Node Type": "Sort", "Startup Cost": 41474309.17, "Total Cost": 41474314.17, "Plan Rows": 2000, "Plan Width": 51, "Sort Key": ["supplier.s_name"], "Plans": [{"Node Type": "Nested Loop", "Parent Relationship": "Outer", "Join Type": "Inner", "Startup Cost": 41260049.96, "Total Cost": 41474199.51, "Plan Rows": 2000, "Plan Width": 51, "Inner Unique": true, "Plans": [{"Node Type": "Nested Loop", "Parent Relationship": "Outer", "Join Type": "Inner", "Startup Cost": 41260049.7, "Total Cost": 41260058.01, "Plan Rows": 50000, "Plan Width": 55, "Inner Unique": true, "Plans": [{"Node Type": "Unique", "Parent Relationship": "Outer", "Startup Cost": 41260049.44, "Total Cost": 41260049.45, "Plan Rows": 2, "Plan Width": 16, "Plans": [{"Node Type": "Sort", "Parent Relationship": "Outer", "Startup Cost": 41260049.44, "Total Cost": 41260049.45, "Plan Rows": 2, "Plan Width": 16, "Sort Key": ["partsupp.ps_suppkey"], "Plans": [{"Node Type": "Nested Loop", "Parent Relationship": "Outer", "Join Type": "Semi", "Startup Cost": 1956350.51, "Total Cost": 41260049.43, "Plan Rows": 2, "Plan Width": 16, "Inner Unique": false, "Join Filter": "(partsupp.ps_partkey = part.p_partkey)", "Plans": [{"Node Type": "Nested Loop", "Parent Relationship": "Outer", "Join Type": "Inner", "Startup Cost": 1956350.25, "Total Cost": 41259981.09, "Plan Rows": 15, "Plan Width": 32, "Inner Unique": true, "Plans": [{"Node Type": "Aggregate", "Strategy": "Hashed", "Parent Relationship": "Outer", "Startup Cost": 1956349.97, "Total Cost": 2069745.97, "Plan Rows": 9071680, "Plan Width": 40, "Group By Key": ["lineitem.l_partkey", "lineitem.l_suppkey"], "Plans": [{"Node Type": "Bitmap Heap Scan", "Parent Relationship": "Outer", "Relation Name": "lineitem", "Alias": "lineitem", "Startup Cost": 314312.97, "Total Cost": 1865633.17, "Plan Rows": 9071680, "Plan Width": 24, "Recheck Cond": "((l_shipdate >= '1993-01-01 00:00:00'::timestamp(0) without time zone) AND (l_shipdate < '1994-01-01 00:00:00'::timestamp without time zone)), (LLVM Optimized)", "Plans": [{"Node Type": "Bitmap Index Scan", "Parent Relationship": "Outer", "Index Name": "idx_lineitem_shipdate", "Startup Cost": 0.0, "Total Cost": 312045.05, "Plan Rows": 9071680, "Plan Width": 0, "Index Cond": "((l_shipdate >= '1993-01-01 00:00:00'::timestamp(0) without time zone) AND (l_shipdate < '1994-01-01 00:00:00'::timestamp without time zone))"}]}]}, {"Node Type": "Bitmap Heap Scan", "Parent Relationship": "Inner", "Relation Name": "partsupp", "Alias": "partsupp", "Startup Cost": 0.28, "Total Cost": 4.3, "Plan Rows": 1, "Plan Width": 24, "Recheck Cond": "((ps_partkey = lineitem.l_partkey) AND (ps_suppkey = lineitem.l_suppkey))", "Filter": "((ps_availqty)::double precision > (.5::double precision * (sum(lineitem.l_quantity))))", "Plans": [{"Node Type": "Bitmap Index Scan", "Parent Relationship": "Outer", "Index Name": "partsupp_pkey", "Startup Cost": 0.0, "Total Cost": 0.28, "Plan Rows": 1, "Plan Width": 0, "Index Cond": "((ps_partkey = lineitem.l_partkey) AND (ps_suppkey = lineitem.l_suppkey))"}]}]}, {"Node Type": "Bitmap Heap Scan", "Parent Relationship": "Inner", "Relation Name": "part", "Alias": "part", "Startup Cost": 0.26, "Total Cost": 4.28, "Plan Rows": 1, "Plan Width": 8, "Recheck Cond": "(p_partkey = lineitem.l_partkey)", "Filter": "((p_name)::text ~~ 'green%'::text)", "Plans": [{"Node Type": "Bitmap Index Scan", "Parent Relationship": "Outer", "Index Name": "part_kpey", "Startup Cost": 0.0, "Total Cost": 0.26, "Plan Rows": 1, "Plan Width": 0, "Index Cond": "(p_partkey = lineitem.l_partkey)"}]}]}]}]}, {"Node Type": "Bitmap Heap Scan", "Parent Relationship": "Inner", "Relation Name": "supplier", "Alias": "supplier", "Startup Cost": 0.26, "Total Cost": 4.27, "Plan Rows": 1, "Plan Width": 63, "Recheck Cond": "(s_suppkey = lineitem.l_suppkey)", "Plans": [{"Node Type": "Bitmap Index Scan", "Parent Relationship": "Outer", "Index Name": "supplier_pkey", "Startup Cost": 0.0, "Total Cost": 0.26, "Plan Rows": 1, "Plan Width": 0, "Index Cond": "(s_suppkey = lineitem.l_suppkey)"}]}]}, {"Node Type": "Bitmap Heap Scan", "Parent Relationship": "Inner", "Relation Name": "nation", "Alias": "nation", "Startup Cost": 0.26, "Total Cost": 4.27, "Plan Rows": 1, "Plan Width": 4, "Recheck Cond": "(n_nationkey = supplier.s_nationkey)", "Filter": "(n_name = 'ALGERIA'::bpchar)", "Plans": [{"Node Type": "Bitmap Index Scan", "Parent Relationship": "Outer", "Index Name": "nation_pkey", "Startup Cost": 0.0, "Total Cost": 0.26, "Plan Rows": 1, "Plan Width": 0, "Index Cond": "(n_nationkey = supplier.s_nationkey)"}]}]}]}, "Unique SQL Id": 202076520, "Planner Runtime": 3}, "explain_analyze_plan": {"Plan": {"Node Type": "Sort", "Startup Cost": 41474309.17, "Total Cost": 41474314.17, "Plan Rows": 2000, "Plan Width": 51, "Actual Startup Time": 128888.36, "Actual Total Time": 128888.508, "Actual Rows": 1746, "Actual Loops": 1, "Sort Key": ["supplier.s_name"], "Sort Method": "quicksort", "Sort Space Used": 309, "Sort Space Type": "Memory", "Plans": [{"Node Type": "Nested Loop", "Parent Relationship": "Outer", "Join Type": "Inner", "Startup Cost": 41260049.96, "Total Cost": 41474199.51, "Plan Rows": 2000, "Plan Width": 51, "Actual Startup Time": 128475.92, "Actual Total Time": 128886.43, "Actual Rows": 1746, "Actual Loops": 1, "Inner Unique": true, "Plans": [{"Node Type": "Nested Loop", "Parent Relationship": "Outer", "Join Type": "Inner", "Startup Cost": 41260049.7, "Total Cost": 41260058.01, "Plan Rows": 50000, "Plan Width": 55, "Actual Startup Time": 128475.528, "Actual Total Time": 128715.763, "Actual Rows": 44487, "Actual Loops": 1, "Inner Unique": true, "Plans": [{"Node Type": "Unique", "Parent Relationship": "Outer", "Startup Cost": 41260049.44, "Total Cost": 41260049.45, "Plan Rows": 2, "Plan Width": 16, "Actual Startup Time": 128475.469, "Actual Total Time": 128506.031, "Actual Rows": 44487, "Actual Loops": 1, "Plans": [{"Node Type": "Sort", "Parent Relationship": "Outer", "Startup Cost": 41260049.44, "Total Cost": 41260049.45, "Plan Rows": 2, "Plan Width": 16, "Actual Startup Time": 128475.464, "Actual Total Time": 128488.423, "Actual Rows": 58537, "Actual Loops": 1, "Sort Key": ["partsupp.ps_suppkey"], "Sort Method": "quicksort", "Sort Space Used": 7024, "Sort Space Type": "Memory", "Plans": [{"Node Type": "Nested Loop", "Parent Relationship": "Outer", "Join Type": "Semi", "Startup Cost": 1956350.51, "Total Cost": 41260049.43, "Plan Rows": 2, "Plan Width": 16, "Actual Startup Time": 19211.651, "Actual Total Time": 128395.823, "Actual Rows": 58537, "Actual Loops": 1, "Inner Unique": false, "Join Filter": "(partsupp.ps_partkey = part.p_partkey)", "Rows Removed by Join Filter": 0, "Plans": [{"Node Type": "Nested Loop", "Parent Relationship": "Outer", "Join Type": "Inner", "Startup Cost": 1956350.25, "Total Cost": 41259981.09, "Plan Rows": 15, "Plan Width": 32, "Actual Startup Time": 19211.227, "Actual Total Time": 79847.531, "Actual Rows": 5431247, "Actual Loops": 1, "Inner Unique": true, "Plans": [{"Node Type": "Aggregate", "Strategy": "Hashed", "Parent Relationship": "Outer", "Startup Cost": 1956349.97, "Total Cost": 2069745.97, "Plan Rows": 9071680, "Plan Width": 40, "Actual Startup Time": 19211.091, "Actual Total Time": 24301.465, "Actual Rows": 5442751, "Actual Loops": 1, "Group By Key": ["lineitem.l_partkey", "lineitem.l_suppkey"], "Plans": [{"Node Type": "Bitmap Heap Scan", "Parent Relationship": "Outer", "Relation Name": "lineitem", "Alias": "lineitem", "Startup Cost": 314312.97, "Total Cost": 1865633.17, "Plan Rows": 9071680, "Plan Width": 24, "Actual Startup Time": 4429.203, "Actual Total Time": 12148.373, "Actual Rows": 9109641, "Actual Loops": 1, "Recheck Cond": "((l_shipdate >= '1993-01-01 00:00:00'::timestamp(0) without time zone) AND (l_shipdate < '1994-01-01 00:00:00'::timestamp without time zone)), (LLVM Optimized, Jit Execute)", "Rows Removed by Index Recheck": 0, "Exact Heap Blocks": 1252335, "Lossy Heap Blocks": 1252335, "Plans": [{"Node Type": "Bitmap Index Scan", "Parent Relationship": "Outer", "Index Name": "idx_lineitem_shipdate", "Startup Cost": 0.0, "Total Cost": 312045.05, "Plan Rows": 9071680, "Plan Width": 0, "Actual Startup Time": 3725.891, "Actual Total Time": 3725.891, "Actual Rows": 9109641, "Actual Loops": 1, "Index Cond": "((l_shipdate >= '1993-01-01 00:00:00'::timestamp(0) without time zone) AND (l_shipdate < '1994-01-01 00:00:00'::timestamp without time zone))"}]}]}, {"Node Type": "Bitmap Heap Scan", "Parent Relationship": "Inner", "Relation Name": "partsupp", "Alias": "partsupp", "Startup Cost": 0.28, "Total Cost": 4.3, "Plan Rows": 1, "Plan Width": 24, "Actual Startup Time": 47744.0, "Actual Total Time": 47744.0, "Actual Rows": 5431247, "Actual Loops": 5442751, "Recheck Cond": "((ps_partkey = lineitem.l_partkey) AND (ps_suppkey = lineitem.l_suppkey))", "Rows Removed by Index Recheck": 0, "Filter": "((ps_availqty)::double precision > (.5::double precision * (sum(lineitem.l_quantity))))", "Rows Removed by Filter": 11504, "Exact Heap Blocks": 5442751, "Lossy Heap Blocks": 5442751, "Plans": [{"Node Type": "Bitmap Index Scan", "Parent Relationship": "Outer", "Index Name": "partsupp_pkey", "Startup Cost": 0.0, "Total Cost": 0.28, "Plan Rows": 1, "Plan Width": 0, "Actual Startup Time": 28969.237, "Actual Total Time": 28969.237, "Actual Rows": 5442751, "Actual Loops": 5442751, "Index Cond": "((ps_partkey = lineitem.l_partkey) AND (ps_suppkey = lineitem.l_suppkey))"}]}]}, {"Node Type": "Bitmap Heap Scan", "Parent Relationship": "Inner", "Relation Name": "part", "Alias": "part", "Startup Cost": 0.26, "Total Cost": 4.28, "Plan Rows": 1, "Plan Width": 8, "Actual Startup Time": 42398.618, "Actual Total Time": 42398.618, "Actual Rows": 58537, "Actual Loops": 5431247, "Recheck Cond": "(p_partkey = lineitem.l_partkey)", "Rows Removed by Index Recheck": 0, "Filter": "((p_name)::text ~~ 'green%'::text)", "Rows Removed by Filter": 5372710, "Exact Heap Blocks": 5431247, "Lossy Heap Blocks": 5431247, "Plans": [{"Node Type": "Bitmap Index Scan", "Parent Relationship": "Outer", "Index Name": "part_kpey", "Startup Cost": 0.0, "Total Cost": 0.26, "Plan Rows": 1, "Plan Width": 0, "Actual Startup Time": 24845.499, "Actual Total Time": 24845.499, "Actual Rows": 5431247, "Actual Loops": 5431247, "Index Cond": "(p_partkey = lineitem.l_partkey)"}]}]}]}]}, {"Node Type": "Bitmap Heap Scan", "Parent Relationship": "Inner", "Relation Name": "supplier", "Alias": "supplier", "Startup Cost": 0.26, "Total Cost": 4.27, "Plan Rows": 1, "Plan Width": 63, "Actual Startup Time": 150.562, "Actual Total Time": 150.562, "Actual Rows": 44487, "Actual Loops": 44487, "Recheck Cond": "(s_suppkey = lineitem.l_suppkey)", "Rows Removed by Index Recheck": 0, "Exact Heap Blocks": 44487, "Lossy Heap Blocks": 44487, "Plans": [{"Node Type": "Bitmap Index Scan", "Parent Relationship": "Outer", "Index Name": "supplier_pkey", "Startup Cost": 0.0, "Total Cost": 0.26, "Plan Rows": 1, "Plan Width": 0, "Actual Startup Time": 82.325, "Actual Total Time": 82.325, "Actual Rows": 44487, "Actual Loops": 44487, "Index Cond": "(s_suppkey = lineitem.l_suppkey)"}]}]}, {"Node Type": "Bitmap Heap Scan", "Parent Relationship": "Inner", "Relation Name": "nation", "Alias": "nation", "Startup Cost": 0.26, "Total Cost": 4.27, "Plan Rows": 1, "Plan Width": 4, "Actual Startup Time": 120.985, "Actual Total Time": 120.985, "Actual Rows": 1746, "Actual Loops": 44487, "Recheck Cond": "(n_nationkey = supplier.s_nationkey)", "Rows Removed by Index Recheck": 0, "Filter": "(n_name = 'ALGERIA'::bpchar)", "Rows Removed by Filter": 42741, "Exact Heap Blocks": 44487, "Lossy Heap Blocks": 44487, "Plans": [{"Node Type": "Bitmap Index Scan", "Parent Relationship": "Outer", "Index Name": "nation_pkey", "Startup Cost": 0.0, "Total Cost": 0.26, "Plan Rows": 1, "Plan Width": 0, "Actual Startup Time": 44.911, "Actual Total Time": 44.911, "Actual Rows": 44487, "Actual Loops": 44487, "Index Cond": "(n_nationkey = supplier.s_nationkey)"}]}]}]}, "Triggers": [], "Planner Runtime": 1, "Total Runtime": 128900.171, "Unique SQL Id": 202076520}}, "(16, 4)": {"explain_plan": {"Plan": {"Node Type": "Sort", "Startup Cost": 2481984.46, "Total Cost": 2481989.46, "Plan Rows": 2000, "Plan Width": 51, "Sort Key": ["supplier.s_name"], "Plans": [{"Node Type": "Nested Loop", "Parent Relationship": "Outer", "Join Type": "Semi", "Startup Cost": 2182390.78, "Total Cost": 2481874.8, "Plan Rows": 2000, "Plan Width": 51, "Inner Unique": false, "Join Filter": "(supplier.s_suppkey = lineitem.l_suppkey)", "Plans": [{"Node Type": "Nested Loop", "Parent Relationship": "Outer", "Join Type": "Inner", "Startup Cost": 0.0, "Total Cost": 4534.31, "Plan Rows": 4000, "Plan Width": 59, "Inner Unique": false, "Join Filter": "(supplier.s_nationkey = nation.n_nationkey)", "Plans": [{"Node Type": "Seq Scan", "Parent Relationship": "Outer", "Relation Name": "nation", "Alias": "nation", "Startup Cost": 0.0, "Total Cost": 1.31, "Plan Rows": 1, "Plan Width": 4, "Filter": "(n_name = 'ALGERIA'::bpchar)"}, {"Node Type": "Seq Scan", "Parent Relationship": "Inner", "Relation Name": "supplier", "Alias": "supplier", "Startup Cost": 0.0, "Total Cost": 3283.0, "Plan Rows": 100000, "Plan Width": 63}]}, {"Node Type": "Materialize", "Parent Relationship": "Inner", "Startup Cost": 2182390.78, "Total Cost": 2477220.5, "Plan Rows": 2, "Plan Width": 16, "Plans": [{"Node Type": "Hash Join", "Parent Relationship": "Outer", "Join Type": "Inner", "Startup Cost": 2182390.78, "Total Cost": 2477220.49, "Plan Rows": 2, "Plan Width": 16, "Inner Unique": false, "Hash Cond": "((lineitem.l_partkey = partsupp.ps_partkey) AND (lineitem.l_suppkey = partsupp.ps_suppkey))", "Join Filter": "((partsupp.ps_availqty)::double precision > (.5::double precision * (sum(lineitem.l_quantity))))", "Plans": [{"Node Type": "Aggregate", "Strategy": "Hashed", "Parent Relationship": "Outer", "Startup Cost": 1956349.97, "Total Cost": 2069745.97, "Plan Rows": 9071680, "Plan Width": 40, "Group By Key": ["lineitem.l_partkey", "lineitem.l_suppkey"], "Plans": [{"Node Type": "Bitmap Heap Scan", "Parent Relationship": "Outer", "Relation Name": "lineitem", "Alias": "lineitem", "Startup Cost": 314312.97, "Total Cost": 1865633.17, "Plan Rows": 9071680, "Plan Width": 24, "Recheck Cond": "((l_shipdate >= '1993-01-01 00:00:00'::timestamp(0) without time zone) AND (l_shipdate < '1994-01-01 00:00:00'::timestamp without time zone)), (LLVM Optimized)", "Plans": [{"Node Type": "Bitmap Index Scan", "Parent Relationship": "Outer", "Index Name": "idx_lineitem_shipdate", "Startup Cost": 0.0, "Total Cost": 312045.05, "Plan Rows": 9071680, "Plan Width": 0, "Index Cond": "((l_shipdate >= '1993-01-01 00:00:00'::timestamp(0) without time zone) AND (l_shipdate < '1994-01-01 00:00:00'::timestamp without time zone))"}]}]}, {"Node Type": "Hash", "Parent Relationship": "Inner", "Startup Cost": 225072.53, "Total Cost": 225072.53, "Plan Rows": 64552, "Plan Width": 32, "Plans": [{"Node Type": "Nested Loop", "Parent Relationship": "Outer", "Join Type": "Inner", "Startup Cost": 0.0, "Total Cost": 225072.53, "Plan Rows": 64552, "Plan Width": 32, "Inner Unique": false, "Plans": [{"Node Type": "Seq Scan", "Parent Relationship": "Outer", "Relation Name": "part", "Alias": "part", "Startup Cost": 0.0, "Total Cost": 66944.0, "Plan Rows": 22472, "Plan Width": 8, "Filter": "((p_name)::text ~~ 'green%'::text)"}, {"Node Type": "Index Scan", "Parent Relationship": "Inner", "Scan Direction": "Forward", "Index Name": "idx_partsupp_partkey", "Relation Name": "partsupp", "Alias": "partsupp", "Startup Cost": 0.0, "Total Cost": 7.01, "Plan Rows": 3, "Plan Width": 24, "Index Cond": "(ps_partkey = part.p_partkey)"}]}]}]}]}]}]}, "Unique SQL Id": 202076520, "Planner Runtime": 3}, "explain_analyze_plan": {"Plan": {"Node Type": "Sort", "Startup Cost": 2481984.46, "Total Cost": 2481989.46, "Plan Rows": 2000, "Plan Width": 51, "Actual Startup Time": 75257.542, "Actual Total Time": 75257.731, "Actual Rows": 1746, "Actual Loops": 1, "Sort Key": ["supplier.s_name"], "Sort Method": "quicksort", "Sort Space Used": 309, "Sort Space Type": "Memory", "Plans": [{"Node Type": "Nested Loop", "Parent Relationship": "Outer", "Join Type": "Semi", "Startup Cost": 2182390.78, "Total Cost": 2481874.8, "Plan Rows": 2000, "Plan Width": 51, "Actual Startup Time": 24884.825, "Actual Total Time": 75250.351, "Actual Rows": 1746, "Actual Loops": 1, "Inner Unique": false, "Join Filter": "(supplier.s_suppkey = lineitem.l_suppkey)", "Rows Removed by Join Filter": 174379316, "Plans": [{"Node Type": "Nested Loop", "Parent Relationship": "Outer", "Join Type": "Inner", "Startup Cost": 0.0, "Total Cost": 4534.31, "Plan Rows": 4000, "Plan Width": 59, "Actual Startup Time": 0.059, "Actual Total Time": 72.815, "Actual Rows": 3934, "Actual Loops": 1, "Inner Unique": false, "Join Filter": "(supplier.s_nationkey = nation.n_nationkey)", "Rows Removed by Join Filter": 96066, "Plans": [{"Node Type": "Seq Scan", "Parent Relationship": "Outer", "Relation Name": "nation", "Alias": "nation", "Startup Cost": 0.0, "Total Cost": 1.31, "Plan Rows": 1, "Plan Width": 4, "Actual Startup Time": 0.023, "Actual Total Time": 0.107, "Actual Rows": 1, "Actual Loops": 1, "Filter": "(n_name = 'ALGERIA'::bpchar)", "Rows Removed by Filter": 24}, {"Node Type": "Seq Scan", "Parent Relationship": "Inner", "Relation Name": "supplier", "Alias": "supplier", "Startup Cost": 0.0, "Total Cost": 3283.0, "Plan Rows": 100000, "Plan Width": 63, "Actual Startup Time": 0.02, "Actual Total Time": 43.133, "Actual Rows": 100000, "Actual Loops": 1}]}, {"Node Type": "Materialize", "Parent Relationship": "Inner", "Startup Cost": 2182390.78, "Total Cost": 2477220.5, "Plan Rows": 2, "Plan Width": 16, "Actual Startup Time": 19734.578, "Actual Total Time": 42577.892, "Actual Rows": 174381062, "Actual Loops": 3934, "Plans": [{"Node Type": "Hash Join", "Parent Relationship": "Outer", "Join Type": "Inner", "Startup Cost": 2182390.78, "Total Cost": 2477220.49, "Plan Rows": 2, "Plan Width": 16, "Actual Startup Time": 19733.887, "Actual Total Time": 24838.392, "Actual Rows": 58537, "Actual Loops": 1, "Inner Unique": false, "Hash Cond": "((lineitem.l_partkey = partsupp.ps_partkey) AND (lineitem.l_suppkey = partsupp.ps_suppkey))", "Join Filter": "((partsupp.ps_availqty)::double precision > (.5::double precision * (sum(lineitem.l_quantity))))", "Rows Removed by Join Filter": 136, "Plans": [{"Node Type": "Aggregate", "Strategy": "Hashed", "Parent Relationship": "Outer", "Startup Cost": 1956349.97, "Total Cost": 2069745.97, "Plan Rows": 9071680, "Plan Width": 40, "Actual Startup Time": 18707.004, "Actual Total Time": 22236.746, "Actual Rows": 5442751, "Actual Loops": 1, "Group By Key": ["lineitem.l_partkey", "lineitem.l_suppkey"], "Plans": [{"Node Type": "Bitmap Heap Scan", "Parent Relationship": "Outer", "Relation Name": "lineitem", "Alias": "lineitem", "Startup Cost": 314312.97, "Total Cost": 1865633.17, "Plan Rows": 9071680, "Plan Width": 24, "Actual Startup Time": 3996.016, "Actual Total Time": 11648.282, "Actual Rows": 9109641, "Actual Loops": 1, "Recheck Cond": "((l_shipdate >= '1993-01-01 00:00:00'::timestamp(0) without time zone) AND (l_shipdate < '1994-01-01 00:00:00'::timestamp without time zone)), (LLVM Optimized, Jit Execute)", "Rows Removed by Index Recheck": 0, "Exact Heap Blocks": 1252335, "Lossy Heap Blocks": 1252335, "Plans": [{"Node Type": "Bitmap Index Scan", "Parent Relationship": "Outer", "Index Name": "idx_lineitem_shipdate", "Startup Cost": 0.0, "Total Cost": 312045.05, "Plan Rows": 9071680, "Plan Width": 0, "Actual Startup Time": 3413.023, "Actual Total Time": 3413.023, "Actual Rows": 9109641, "Actual Loops": 1, "Index Cond": "((l_shipdate >= '1993-01-01 00:00:00'::timestamp(0) without time zone) AND (l_shipdate < '1994-01-01 00:00:00'::timestamp without time zone))"}]}]}, {"Node Type": "Hash", "Parent Relationship": "Inner", "Startup Cost": 225072.53, "Total Cost": 225072.53, "Plan Rows": 64552, "Plan Width": 32, "Actual Startup Time": 1026.722, "Actual Total Time": 1026.722, "Actual Rows": 86224, "Actual Loops": 1, "Hash Buckets": 65536, "Hash Batches": 1, "Original Hash Batches": 1, "Peak Memory Usage": 5389, "Plans": [{"Node Type": "Nested Loop", "Parent Relationship": "Outer", "Join Type": "Inner", "Startup Cost": 0.0, "Total Cost": 225072.53, "Plan Rows": 64552, "Plan Width": 32, "Actual Startup Time": 0.041, "Actual Total Time": 990.064, "Actual Rows": 86224, "Actual Loops": 1, "Inner Unique": false, "Plans": [{"Node Type": "Seq Scan", "Parent Relationship": "Outer", "Relation Name": "part", "Alias": "part", "Startup Cost": 0.0, "Total Cost": 66944.0, "Plan Rows": 22472, "Plan Width": 8, "Actual Startup Time": 0.022, "Actual Total Time": 779.108, "Actual Rows": 21556, "Actual Loops": 1, "Filter": "((p_name)::text ~~ 'green%'::text)", "Rows Removed by Filter": 1978444}, {"Node Type": "Index Scan", "Parent Relationship": "Inner", "Scan Direction": "Forward", "Index Name": "idx_partsupp_partkey", "Relation Name": "partsupp", "Alias": "partsupp", "Startup Cost": 0.0, "Total Cost": 7.01, "Plan Rows": 3, "Plan Width": 24, "Actual Startup Time": 133.294, "Actual Total Time": 178.264, "Actual Rows": 86224, "Actual Loops": 21556, "Index Cond": "(ps_partkey = part.p_partkey)", "Rows Removed by Index Recheck": 0}]}]}]}]}]}]}, "Triggers": [], "Planner Runtime": 2, "Total Runtime": 75268.748, "Unique SQL Id": 202076520}}, "(16, 5)": {"explain_plan": {"Plan": {"Node Type": "Sort", "Startup Cost": 2522906.63, "Total Cost": 2522911.63, "Plan Rows": 2000, "Plan Width": 51, "Sort Key": ["supplier.s_name"], "Plans": [{"Node Type": "Nested Loop", "Parent Relationship": "Outer", "Join Type": "Semi", "Startup Cost": 2221250.03, "Total Cost": 2522796.97, "Plan Rows": 2000, "Plan Width": 51, "Inner Unique": false, "Join Filter": "(supplier.s_suppkey = lineitem.l_suppkey)", "Plans": [{"Node Type": "Nested Loop", "Parent Relationship": "Outer", "Join Type": "Inner", "Startup Cost": 0.0, "Total Cost": 6597.23, "Plan Rows": 4000, "Plan Width": 59, "Inner Unique": false, "Join Filter": "(supplier.s_nationkey = nation.n_nationkey)", "Plans": [{"Node Type": "Index Scan", "Parent Relationship": "Outer", "Scan Direction": "Forward", "Index Name": "nation_pkey", "Relation Name": "nation", "Alias": "nation", "Startup Cost": 0.0, "Total Cost": 12.69, "Plan Rows": 1, "Plan Width": 4, "Filter": "(n_name = 'ALGERIA'::bpchar)"}, {"Node Type": "Index Scan", "Parent Relationship": "Inner", "Scan Direction": "Forward", "Index Name": "supplier_pkey", "Relation Name": "supplier", "Alias": "supplier", "Startup Cost": 0.0, "Total Cost": 5334.54, "Plan Rows": 100000, "Plan Width": 63}]}, {"Node Type": "Materialize", "Parent Relationship": "Inner", "Startup Cost": 2221250.03, "Total Cost": 2516079.75, "Plan Rows": 2, "Plan Width": 16, "Plans": [{"Node Type": "Hash Join", "Parent Relationship": "Outer", "Join Type": "Inner", "Startup Cost": 2221250.03, "Total Cost": 2516079.74, "Plan Rows": 2, "Plan Width": 16, "Inner Unique": false, "Hash Cond": "((lineitem.l_partkey = partsupp.ps_partkey) AND (lineitem.l_suppkey = partsupp.ps_suppkey))", "Join Filter": "((partsupp.ps_availqty)::double precision > (.5::double precision * (sum(lineitem.l_quantity))))", "Plans": [{"Node Type": "Aggregate", "Strategy": "Hashed", "Parent Relationship": "Outer", "Startup Cost": 1956349.97, "Total Cost": 2069745.97, "Plan Rows": 9071680, "Plan Width": 40, "Group By Key": ["lineitem.l_partkey", "lineitem.l_suppkey"], "Plans": [{"Node Type": "Bitmap Heap Scan", "Parent Relationship": "Outer", "Relation Name": "lineitem", "Alias": "lineitem", "Startup Cost": 314312.97, "Total Cost": 1865633.17, "Plan Rows": 9071680, "Plan Width": 24, "Recheck Cond": "((l_shipdate >= '1993-01-01 00:00:00'::timestamp(0) without time zone) AND (l_shipdate < '1994-01-01 00:00:00'::timestamp without time zone)), (LLVM Optimized)", "Plans": [{"Node Type": "Bitmap Index Scan", "Parent Relationship": "Outer", "Index Name": "idx_lineitem_shipdate", "Startup Cost": 0.0, "Total Cost": 312045.05, "Plan Rows": 9071680, "Plan Width": 0, "Index Cond": "((l_shipdate >= '1993-01-01 00:00:00'::timestamp(0) without time zone) AND (l_shipdate < '1994-01-01 00:00:00'::timestamp without time zone))"}]}]}, {"Node Type": "Hash", "Parent Relationship": "Inner", "Startup Cost": 263931.78, "Total Cost": 263931.78, "Plan Rows": 64552, "Plan Width": 32, "Plans": [{"Node Type": "Nested Loop", "Parent Relationship": "Outer", "Join Type": "Inner", "Startup Cost": 0.0, "Total Cost": 263931.78, "Plan Rows": 64552, "Plan Width": 32, "Inner Unique": false, "Plans": [{"Node Type": "Index Scan", "Parent Relationship": "Outer", "Scan Direction": "Forward", "Index Name": "part_kpey", "Relation Name": "part", "Alias": "part", "Startup Cost": 0.0, "Total Cost": 105803.25, "Plan Rows": 22472, "Plan Width": 8, "Filter": "((p_name)::text ~~ 'green%'::text)"}, {"Node Type": "Index Scan", "Parent Relationship": "Inner", "Scan Direction": "Forward", "Index Name": "idx_partsupp_partkey", "Relation Name": "partsupp", "Alias": "partsupp", "Startup Cost": 0.0, "Total Cost": 7.01, "Plan Rows": 3, "Plan Width": 24, "Index Cond": "(ps_partkey = part.p_partkey)"}]}]}]}]}]}]}, "Unique SQL Id": 202076520, "Planner Runtime": 3}, "explain_analyze_plan": {"Plan": {"Node Type": "Sort", "Startup Cost": 2522906.63, "Total Cost": 2522911.63, "Plan Rows": 2000, "Plan Width": 51, "Actual Startup Time": 75367.468, "Actual Total Time": 75367.626, "Actual Rows": 1746, "Actual Loops": 1, "Sort Key": ["supplier.s_name"], "Sort Method": "quicksort", "Sort Space Used": 309, "Sort Space Type": "Memory", "Plans": [{"Node Type": "Nested Loop", "Parent Relationship": "Outer", "Join Type": "Semi", "Startup Cost": 2221250.03, "Total Cost": 2522796.97, "Plan Rows": 2000, "Plan Width": 51, "Actual Startup Time": 25132.456, "Actual Total Time": 75363.195, "Actual Rows": 1746, "Actual Loops": 1, "Inner Unique": false, "Join Filter": "(supplier.s_suppkey = lineitem.l_suppkey)", "Rows Removed by Join Filter": 174379316, "Plans": [{"Node Type": "Nested Loop", "Parent Relationship": "Outer", "Join Type": "Inner", "Startup Cost": 0.0, "Total Cost": 6597.23, "Plan Rows": 4000, "Plan Width": 59, "Actual Startup Time": 0.065, "Actual Total Time": 102.229, "Actual Rows": 3934, "Actual Loops": 1, "Inner Unique": false, "Join Filter": "(supplier.s_nationkey = nation.n_nationkey)", "Rows Removed by Join Filter": 96066, "Plans": [{"Node Type": "Index Scan", "Parent Relationship": "Outer", "Scan Direction": "Forward", "Index Name": "nation_pkey", "Relation Name": "nation", "Alias": "nation", "Startup Cost": 0.0, "Total Cost": 12.69, "Plan Rows": 1, "Plan Width": 4, "Actual Startup Time": 0.02, "Actual Total Time": 0.051, "Actual Rows": 1, "Actual Loops": 1, "Filter": "(n_name = 'ALGERIA'::bpchar)", "Rows Removed by Filter": 24}, {"Node Type": "Index Scan", "Parent Relationship": "Inner", "Scan Direction": "Forward", "Index Name": "supplier_pkey", "Relation Name": "supplier", "Alias": "supplier", "Startup Cost": 0.0, "Total Cost": 5334.54, "Plan Rows": 100000, "Plan Width": 63, "Actual Startup Time": 0.02, "Actual Total Time": 74.582, "Actual Rows": 100000, "Actual Loops": 1}]}, {"Node Type": "Materialize", "Parent Relationship": "Inner", "Startup Cost": 2221250.03, "Total Cost": 2516079.75, "Plan Rows": 2, "Plan Width": 16, "Actual Startup Time": 20683.912, "Actual Total Time": 42677.904, "Actual Rows": 174381062, "Actual Loops": 3934, "Plans": [{"Node Type": "Hash Join", "Parent Relationship": "Outer", "Join Type": "Inner", "Startup Cost": 2221250.03, "Total Cost": 2516079.74, "Plan Rows": 2, "Plan Width": 16, "Actual Startup Time": 20683.198, "Actual Total Time": 25088.125, "Actual Rows": 58537, "Actual Loops": 1, "Inner Unique": false, "Hash Cond": "((lineitem.l_partkey = partsupp.ps_partkey) AND (lineitem.l_suppkey = partsupp.ps_suppkey))", "Join Filter": "((partsupp.ps_availqty)::double precision > (.5::double precision * (sum(lineitem.l_quantity))))", "Rows Removed by Join Filter": 136, "Plans": [{"Node Type": "Aggregate", "Strategy": "Hashed", "Parent Relationship": "Outer", "Startup Cost": 1956349.97, "Total Cost": 2069745.97, "Plan Rows": 9071680, "Plan Width": 40, "Actual Startup Time": 18932.217, "Actual Total Time": 21795.026, "Actual Rows": 5442751, "Actual Loops": 1, "Group By Key": ["lineitem.l_partkey", "lineitem.l_suppkey"], "Plans": [{"Node Type": "Bitmap Heap Scan", "Parent Relationship": "Outer", "Relation Name": "lineitem", "Alias": "lineitem", "Startup Cost": 314312.97, "Total Cost": 1865633.17, "Plan Rows": 9071680, "Plan Width": 24, "Actual Startup Time": 3614.243, "Actual Total Time": 11188.764, "Actual Rows": 9109641, "Actual Loops": 1, "Recheck Cond": "((l_shipdate >= '1993-01-01 00:00:00'::timestamp(0) without time zone) AND (l_shipdate < '1994-01-01 00:00:00'::timestamp without time zone)), (LLVM Optimized, Jit Execute)", "Rows Removed by Index Recheck": 0, "Exact Heap Blocks": 1252335, "Lossy Heap Blocks": 1252335, "Plans": [{"Node Type": "Bitmap Index Scan", "Parent Relationship": "Outer", "Index Name": "idx_lineitem_shipdate", "Startup Cost": 0.0, "Total Cost": 312045.05, "Plan Rows": 9071680, "Plan Width": 0, "Actual Startup Time": 3062.184, "Actual Total Time": 3062.184, "Actual Rows": 9109641, "Actual Loops": 1, "Index Cond": "((l_shipdate >= '1993-01-01 00:00:00'::timestamp(0) without time zone) AND (l_shipdate < '1994-01-01 00:00:00'::timestamp without time zone))"}]}]}, {"Node Type": "Hash", "Parent Relationship": "Inner", "Startup Cost": 263931.78, "Total Cost": 263931.78, "Plan Rows": 64552, "Plan Width": 32, "Actual Startup Time": 1750.851, "Actual Total Time": 1750.851, "Actual Rows": 86224, "Actual Loops": 1, "Hash Buckets": 65536, "Hash Batches": 1, "Original Hash Batches": 1, "Peak Memory Usage": 5389, "Plans": [{"Node Type": "Nested Loop", "Parent Relationship": "Outer", "Join Type": "Inner", "Startup Cost": 0.0, "Total Cost": 263931.78, "Plan Rows": 64552, "Plan Width": 32, "Actual Startup Time": 0.053, "Actual Total Time": 1717.824, "Actual Rows": 86224, "Actual Loops": 1, "Inner Unique": false, "Plans": [{"Node Type": "Index Scan", "Parent Relationship": "Outer", "Scan Direction": "Forward", "Index Name": "part_kpey", "Relation Name": "part", "Alias": "part", "Startup Cost": 0.0, "Total Cost": 105803.25, "Plan Rows": 22472, "Plan Width": 8, "Actual Startup Time": 0.04, "Actual Total Time": 1522.231, "Actual Rows": 21556, "Actual Loops": 1, "Filter": "((p_name)::text ~~ 'green%'::text)", "Rows Removed by Filter": 1978444}, {"Node Type": "Index Scan", "Parent Relationship": "Inner", "Scan Direction": "Forward", "Index Name": "idx_partsupp_partkey", "Relation Name": "partsupp", "Alias": "partsupp", "Startup Cost": 0.0, "Total Cost": 7.01, "Plan Rows": 3, "Plan Width": 24, "Actual Startup Time": 115.559, "Actual Total Time": 161.654, "Actual Rows": 86224, "Actual Loops": 21556, "Index Cond": "(ps_partkey = part.p_partkey)", "Rows Removed by Index Recheck": 0}]}]}]}]}]}]}, "Triggers": [], "Planner Runtime": 2, "Total Runtime": 75378.492, "Unique SQL Id": 202076520}}, "(16, 6)": {"explain_plan": {"Plan": {"Node Type": "Sort", "Startup Cost": 2614774.64, "Total Cost": 2614779.64, "Plan Rows": 2000, "Plan Width": 51, "Sort Key": ["supplier.s_name"], "Plans": [{"Node Type": "Nested Loop", "Parent Relationship": "Outer", "Join Type": "Semi", "Startup Cost": 2315180.96, "Total Cost": 2614664.98, "Plan Rows": 2000, "Plan Width": 51, "Inner Unique": false, "Join Filter": "(supplier.s_suppkey = lineitem.l_suppkey)", "Plans": [{"Node Type": "Nested Loop", "Parent Relationship": "Outer", "Join Type": "Inner", "Startup Cost": 0.0, "Total Cost": 4534.31, "Plan Rows": 4000, "Plan Width": 59, "Inner Unique": false, "Join Filter": "(supplier.s_nationkey = nation.n_nationkey)", "Plans": [{"Node Type": "Seq Scan", "Parent Relationship": "Outer", "Relation Name": "nation", "Alias": "nation", "Startup Cost": 0.0, "Total Cost": 1.31, "Plan Rows": 1, "Plan Width": 4, "Filter": "(n_name = 'ALGERIA'::bpchar)"}, {"Node Type": "Seq Scan", "Parent Relationship": "Inner", "Relation Name": "supplier", "Alias": "supplier", "Startup Cost": 0.0, "Total Cost": 3283.0, "Plan Rows": 100000, "Plan Width": 63}]}, {"Node Type": "Materialize", "Parent Relationship": "Inner", "Startup Cost": 2315180.96, "Total Cost": 2610010.68, "Plan Rows": 2, "Plan Width": 16, "Plans": [{"Node Type": "Hash Join", "Parent Relationship": "Outer", "Join Type": "Inner", "Startup Cost": 2315180.96, "Total Cost": 2610010.67, "Plan Rows": 2, "Plan Width": 16, "Inner Unique": false, "Hash Cond": "((lineitem.l_partkey = partsupp.ps_partkey) AND (lineitem.l_suppkey = partsupp.ps_suppkey))", "Join Filter": "((partsupp.ps_availqty)::double precision > (.5::double precision * (sum(lineitem.l_quantity))))", "Plans": [{"Node Type": "Aggregate", "Strategy": "Hashed", "Parent Relationship": "Outer", "Startup Cost": 1956349.97, "Total Cost": 2069745.97, "Plan Rows": 9071680, "Plan Width": 40, "Group By Key": ["lineitem.l_partkey", "lineitem.l_suppkey"], "Plans": [{"Node Type": "Bitmap Heap Scan", "Parent Relationship": "Outer", "Relation Name": "lineitem", "Alias": "lineitem", "Startup Cost": 314312.97, "Total Cost": 1865633.17, "Plan Rows": 9071680, "Plan Width": 24, "Recheck Cond": "((l_shipdate >= '1993-01-01 00:00:00'::timestamp(0) without time zone) AND (l_shipdate < '1994-01-01 00:00:00'::timestamp without time zone)), (LLVM Optimized)", "Plans": [{"Node Type": "Bitmap Index Scan", "Parent Relationship": "Outer", "Index Name": "idx_lineitem_shipdate", "Startup Cost": 0.0, "Total Cost": 312045.05, "Plan Rows": 9071680, "Plan Width": 0, "Index Cond": "((l_shipdate >= '1993-01-01 00:00:00'::timestamp(0) without time zone) AND (l_shipdate < '1994-01-01 00:00:00'::timestamp without time zone))"}]}]}, {"Node Type": "Hash", "Parent Relationship": "Inner", "Startup Cost": 357862.71, "Total Cost": 357862.71, "Plan Rows": 64552, "Plan Width": 32, "Plans": [{"Node Type": "Hash Join", "Parent Relationship": "Outer", "Join Type": "Inner", "Startup Cost": 67224.9, "Total Cost": 357862.71, "Plan Rows": 64552, "Plan Width": 32, "Inner Unique": true, "Hash Cond": "(partsupp.ps_partkey = part.p_partkey)", "Plans": [{"Node Type": "Seq Scan", "Parent Relationship": "Outer", "Relation Name": "partsupp", "Alias": "partsupp", "Startup Cost": 0.0, "Total Cost": 269987.72, "Plan Rows": 8000372, "Plan Width": 24}, {"Node Type": "Hash", "Parent Relationship": "Inner", "Startup Cost": 66944.0, "Total Cost": 66944.0, "Plan Rows": 22472, "Plan Width": 8, "Plans": [{"Node Type": "Seq Scan", "Parent Relationship": "Outer", "Relation Name": "part", "Alias": "part", "Startup Cost": 0.0, "Total Cost": 66944.0, "Plan Rows": 22472, "Plan Width": 8, "Filter": "((p_name)::text ~~ 'green%'::text)"}]}]}]}]}]}]}]}, "Unique SQL Id": 202076520, "Planner Runtime": 3}, "explain_analyze_plan": {"Plan": {"Node Type": "Sort", "Startup Cost": 2614774.64, "Total Cost": 2614779.64, "Plan Rows": 2000, "Plan Width": 51, "Actual Startup Time": 79266.155, "Actual Total Time": 79266.324, "Actual Rows": 1746, "Actual Loops": 1, "Sort Key": ["supplier.s_name"], "Sort Method": "quicksort", "Sort Space Used": 309, "Sort Space Type": "Memory", "Plans": [{"Node Type": "Nested Loop", "Parent Relationship": "Outer", "Join Type": "Semi", "Startup Cost": 2315180.96, "Total Cost": 2614664.98, "Plan Rows": 2000, "Plan Width": 51, "Actual Startup Time": 29386.016, "Actual Total Time": 79258.907, "Actual Rows": 1746, "Actual Loops": 1, "Inner Unique": false, "Join Filter": "(supplier.s_suppkey = lineitem.l_suppkey)", "Rows Removed by Join Filter": 174379316, "Plans": [{"Node Type": "Nested Loop", "Parent Relationship": "Outer", "Join Type": "Inner", "Startup Cost": 0.0, "Total Cost": 4534.31, "Plan Rows": 4000, "Plan Width": 59, "Actual Startup Time": 0.063, "Actual Total Time": 73.076, "Actual Rows": 3934, "Actual Loops": 1, "Inner Unique": false, "Join Filter": "(supplier.s_nationkey = nation.n_nationkey)", "Rows Removed by Join Filter": 96066, "Plans": [{"Node Type": "Seq Scan", "Parent Relationship": "Outer", "Relation Name": "nation", "Alias": "nation", "Startup Cost": 0.0, "Total Cost": 1.31, "Plan Rows": 1, "Plan Width": 4, "Actual Startup Time": 0.026, "Actual Total Time": 0.11, "Actual Rows": 1, "Actual Loops": 1, "Filter": "(n_name = 'ALGERIA'::bpchar)", "Rows Removed by Filter": 24}, {"Node Type": "Seq Scan", "Parent Relationship": "Inner", "Relation Name": "supplier", "Alias": "supplier", "Startup Cost": 0.0, "Total Cost": 3283.0, "Plan Rows": 100000, "Plan Width": 63, "Actual Startup Time": 0.02, "Actual Total Time": 43.562, "Actual Rows": 100000, "Actual Loops": 1}]}, {"Node Type": "Materialize", "Parent Relationship": "Inner", "Startup Cost": 2315180.96, "Total Cost": 2610010.68, "Plan Rows": 2, "Plan Width": 16, "Actual Startup Time": 24477.548, "Actual Total Time": 46672.343, "Actual Rows": 174381062, "Actual Loops": 3934, "Plans": [{"Node Type": "Hash Join", "Parent Relationship": "Outer", "Join Type": "Inner", "Startup Cost": 2315180.96, "Total Cost": 2610010.67, "Plan Rows": 2, "Plan Width": 16, "Actual Startup Time": 24476.828, "Actual Total Time": 29340.497, "Actual Rows": 58537, "Actual Loops": 1, "Inner Unique": false, "Hash Cond": "((lineitem.l_partkey = partsupp.ps_partkey) AND (lineitem.l_suppkey = partsupp.ps_suppkey))", "Join Filter": "((partsupp.ps_availqty)::double precision > (.5::double precision * (sum(lineitem.l_quantity))))", "Rows Removed by Join Filter": 136, "Plans": [{"Node Type": "Aggregate", "Strategy": "Hashed", "Parent Relationship": "Outer", "Startup Cost": 1956349.97, "Total Cost": 2069745.97, "Plan Rows": 9071680, "Plan Width": 40, "Actual Startup Time": 19726.375, "Actual Total Time": 23025.115, "Actual Rows": 5442751, "Actual Loops": 1, "Group By Key": ["lineitem.l_partkey", "lineitem.l_suppkey"], "Plans": [{"Node Type": "Bitmap Heap Scan", "Parent Relationship": "Outer", "Relation Name": "lineitem", "Alias": "lineitem", "Startup Cost": 314312.97, "Total Cost": 1865633.17, "Plan Rows": 9071680, "Plan Width": 24, "Actual Startup Time": 4313.512, "Actual Total Time": 11896.6, "Actual Rows": 9109641, "Actual Loops": 1, "Recheck Cond": "((l_shipdate >= '1993-01-01 00:00:00'::timestamp(0) without time zone) AND (l_shipdate < '1994-01-01 00:00:00'::timestamp without time zone)), (LLVM Optimized, Jit Execute)", "Rows Removed by Index Recheck": 0, "Exact Heap Blocks": 1252335, "Lossy Heap Blocks": 1252335, "Plans": [{"Node Type": "Bitmap Index Scan", "Parent Relationship": "Outer", "Index Name": "idx_lineitem_shipdate", "Startup Cost": 0.0, "Total Cost": 312045.05, "Plan Rows": 9071680, "Plan Width": 0, "Actual Startup Time": 3588.878, "Actual Total Time": 3588.878, "Actual Rows": 9109641, "Actual Loops": 1, "Index Cond": "((l_shipdate >= '1993-01-01 00:00:00'::timestamp(0) without time zone) AND (l_shipdate < '1994-01-01 00:00:00'::timestamp without time zone))"}]}]}, {"Node Type": "Hash", "Parent Relationship": "Inner", "Startup Cost": 357862.71, "Total Cost": 357862.71, "Plan Rows": 64552, "Plan Width": 32, "Actual Startup Time": 4750.038, "Actual Total Time": 4750.038, "Actual Rows": 86224, "Actual Loops": 1, "Hash Buckets": 65536, "Hash Batches": 1, "Original Hash Batches": 1, "Peak Memory Usage": 5389, "Plans": [{"Node Type": "Hash Join", "Parent Relationship": "Outer", "Join Type": "Inner", "Startup Cost": 67224.9, "Total Cost": 357862.71, "Plan Rows": 64552, "Plan Width": 32, "Actual Startup Time": 775.942, "Actual Total Time": 4709.468, "Actual Rows": 86224, "Actual Loops": 1, "Inner Unique": true, "Hash Cond": "(partsupp.ps_partkey = part.p_partkey)", "Plans": [{"Node Type": "Seq Scan", "Parent Relationship": "Outer", "Relation Name": "partsupp", "Alias": "partsupp", "Startup Cost": 0.0, "Total Cost": 269987.72, "Plan Rows": 8000372, "Plan Width": 24, "Actual Startup Time": 0.01, "Actual Total Time": 2396.567, "Actual Rows": 8000000, "Actual Loops": 1}, {"Node Type": "Hash", "Parent Relationship": "Inner", "Startup Cost": 66944.0, "Total Cost": 66944.0, "Plan Rows": 22472, "Plan Width": 8, "Actual Startup Time": 775.797, "Actual Total Time": 775.797, "Actual Rows": 21556, "Actual Loops": 1, "Hash Buckets": 32768, "Hash Batches": 1, "Original Hash Batches": 1, "Peak Memory Usage": 843, "Plans": [{"Node Type": "Seq Scan", "Parent Relationship": "Outer", "Relation Name": "part", "Alias": "part", "Startup Cost": 0.0, "Total Cost": 66944.0, "Plan Rows": 22472, "Plan Width": 8, "Actual Startup Time": 0.025, "Actual Total Time": 768.271, "Actual Rows": 21556, "Actual Loops": 1, "Filter": "((p_name)::text ~~ 'green%'::text)", "Rows Removed by Filter": 1978444}]}]}]}]}]}]}]}, "Triggers": [], "Planner Runtime": 2, "Total Runtime": 79277.75, "Unique SQL Id": 202076520}}, "(16, 7)": {"explain_plan": {"Plan": {"Node Type": "Sort", "Startup Cost": 41474309.17, "Total Cost": 41474314.17, "Plan Rows": 2000, "Plan Width": 51, "Sort Key": ["supplier.s_name"], "Plans": [{"Node Type": "Nested Loop", "Parent Relationship": "Outer", "Join Type": "Inner", "Startup Cost": 41260049.96, "Total Cost": 41474199.51, "Plan Rows": 2000, "Plan Width": 51, "Inner Unique": true, "Plans": [{"Node Type": "Nested Loop", "Parent Relationship": "Outer", "Join Type": "Inner", "Startup Cost": 41260049.7, "Total Cost": 41260058.01, "Plan Rows": 50000, "Plan Width": 55, "Inner Unique": true, "Plans": [{"Node Type": "Unique", "Parent Relationship": "Outer", "Startup Cost": 41260049.44, "Total Cost": 41260049.45, "Plan Rows": 2, "Plan Width": 16, "Plans": [{"Node Type": "Sort", "Parent Relationship": "Outer", "Startup Cost": 41260049.44, "Total Cost": 41260049.45, "Plan Rows": 2, "Plan Width": 16, "Sort Key": ["partsupp.ps_suppkey"], "Plans": [{"Node Type": "Nested Loop", "Parent Relationship": "Outer", "Join Type": "Semi", "Startup Cost": 1956350.51, "Total Cost": 41260049.43, "Plan Rows": 2, "Plan Width": 16, "Inner Unique": false, "Join Filter": "(partsupp.ps_partkey = part.p_partkey)", "Plans": [{"Node Type": "Nested Loop", "Parent Relationship": "Outer", "Join Type": "Inner", "Startup Cost": 1956350.25, "Total Cost": 41259981.09, "Plan Rows": 15, "Plan Width": 32, "Inner Unique": true, "Plans": [{"Node Type": "Aggregate", "Strategy": "Hashed", "Parent Relationship": "Outer", "Startup Cost": 1956349.97, "Total Cost": 2069745.97, "Plan Rows": 9071680, "Plan Width": 40, "Group By Key": ["lineitem.l_partkey", "lineitem.l_suppkey"], "Plans": [{"Node Type": "Bitmap Heap Scan", "Parent Relationship": "Outer", "Relation Name": "lineitem", "Alias": "lineitem", "Startup Cost": 314312.97, "Total Cost": 1865633.17, "Plan Rows": 9071680, "Plan Width": 24, "Recheck Cond": "((l_shipdate >= '1993-01-01 00:00:00'::timestamp(0) without time zone) AND (l_shipdate < '1994-01-01 00:00:00'::timestamp without time zone)), (LLVM Optimized)", "Plans": [{"Node Type": "Bitmap Index Scan", "Parent Relationship": "Outer", "Index Name": "idx_lineitem_shipdate", "Startup Cost": 0.0, "Total Cost": 312045.05, "Plan Rows": 9071680, "Plan Width": 0, "Index Cond": "((l_shipdate >= '1993-01-01 00:00:00'::timestamp(0) without time zone) AND (l_shipdate < '1994-01-01 00:00:00'::timestamp without time zone))"}]}]}, {"Node Type": "Bitmap Heap Scan", "Parent Relationship": "Inner", "Relation Name": "partsupp", "Alias": "partsupp", "Startup Cost": 0.28, "Total Cost": 4.3, "Plan Rows": 1, "Plan Width": 24, "Recheck Cond": "((ps_partkey = lineitem.l_partkey) AND (ps_suppkey = lineitem.l_suppkey))", "Filter": "((ps_availqty)::double precision > (.5::double precision * (sum(lineitem.l_quantity))))", "Plans": [{"Node Type": "Bitmap Index Scan", "Parent Relationship": "Outer", "Index Name": "partsupp_pkey", "Startup Cost": 0.0, "Total Cost": 0.28, "Plan Rows": 1, "Plan Width": 0, "Index Cond": "((ps_partkey = lineitem.l_partkey) AND (ps_suppkey = lineitem.l_suppkey))"}]}]}, {"Node Type": "Bitmap Heap Scan", "Parent Relationship": "Inner", "Relation Name": "part", "Alias": "part", "Startup Cost": 0.26, "Total Cost": 4.28, "Plan Rows": 1, "Plan Width": 8, "Recheck Cond": "(p_partkey = lineitem.l_partkey)", "Filter": "((p_name)::text ~~ 'green%'::text)", "Plans": [{"Node Type": "Bitmap Index Scan", "Parent Relationship": "Outer", "Index Name": "part_kpey", "Startup Cost": 0.0, "Total Cost": 0.26, "Plan Rows": 1, "Plan Width": 0, "Index Cond": "(p_partkey = lineitem.l_partkey)"}]}]}]}]}, {"Node Type": "Bitmap Heap Scan", "Parent Relationship": "Inner", "Relation Name": "supplier", "Alias": "supplier", "Startup Cost": 0.26, "Total Cost": 4.27, "Plan Rows": 1, "Plan Width": 63, "Recheck Cond": "(s_suppkey = lineitem.l_suppkey)", "Plans": [{"Node Type": "Bitmap Index Scan", "Parent Relationship": "Outer", "Index Name": "supplier_pkey", "Startup Cost": 0.0, "Total Cost": 0.26, "Plan Rows": 1, "Plan Width": 0, "Index Cond": "(s_suppkey = lineitem.l_suppkey)"}]}]}, {"Node Type": "Bitmap Heap Scan", "Parent Relationship": "Inner", "Relation Name": "nation", "Alias": "nation", "Startup Cost": 0.26, "Total Cost": 4.27, "Plan Rows": 1, "Plan Width": 4, "Recheck Cond": "(n_nationkey = supplier.s_nationkey)", "Filter": "(n_name = 'ALGERIA'::bpchar)", "Plans": [{"Node Type": "Bitmap Index Scan", "Parent Relationship": "Outer", "Index Name": "nation_pkey", "Startup Cost": 0.0, "Total Cost": 0.26, "Plan Rows": 1, "Plan Width": 0, "Index Cond": "(n_nationkey = supplier.s_nationkey)"}]}]}]}, "Unique SQL Id": 202076520, "Planner Runtime": 2}, "explain_analyze_plan": {"Plan": {"Node Type": "Sort", "Startup Cost": 41474309.17, "Total Cost": 41474314.17, "Plan Rows": 2000, "Plan Width": 51, "Actual Startup Time": 128888.36, "Actual Total Time": 128888.508, "Actual Rows": 1746, "Actual Loops": 1, "Sort Key": ["supplier.s_name"], "Sort Method": "quicksort", "Sort Space Used": 309, "Sort Space Type": "Memory", "Plans": [{"Node Type": "Nested Loop", "Parent Relationship": "Outer", "Join Type": "Inner", "Startup Cost": 41260049.96, "Total Cost": 41474199.51, "Plan Rows": 2000, "Plan Width": 51, "Actual Startup Time": 128475.92, "Actual Total Time": 128886.43, "Actual Rows": 1746, "Actual Loops": 1, "Inner Unique": true, "Plans": [{"Node Type": "Nested Loop", "Parent Relationship": "Outer", "Join Type": "Inner", "Startup Cost": 41260049.7, "Total Cost": 41260058.01, "Plan Rows": 50000, "Plan Width": 55, "Actual Startup Time": 128475.528, "Actual Total Time": 128715.763, "Actual Rows": 44487, "Actual Loops": 1, "Inner Unique": true, "Plans": [{"Node Type": "Unique", "Parent Relationship": "Outer", "Startup Cost": 41260049.44, "Total Cost": 41260049.45, "Plan Rows": 2, "Plan Width": 16, "Actual Startup Time": 128475.469, "Actual Total Time": 128506.031, "Actual Rows": 44487, "Actual Loops": 1, "Plans": [{"Node Type": "Sort", "Parent Relationship": "Outer", "Startup Cost": 41260049.44, "Total Cost": 41260049.45, "Plan Rows": 2, "Plan Width": 16, "Actual Startup Time": 128475.464, "Actual Total Time": 128488.423, "Actual Rows": 58537, "Actual Loops": 1, "Sort Key": ["partsupp.ps_suppkey"], "Sort Method": "quicksort", "Sort Space Used": 7024, "Sort Space Type": "Memory", "Plans": [{"Node Type": "Nested Loop", "Parent Relationship": "Outer", "Join Type": "Semi", "Startup Cost": 1956350.51, "Total Cost": 41260049.43, "Plan Rows": 2, "Plan Width": 16, "Actual Startup Time": 19211.651, "Actual Total Time": 128395.823, "Actual Rows": 58537, "Actual Loops": 1, "Inner Unique": false, "Join Filter": "(partsupp.ps_partkey = part.p_partkey)", "Rows Removed by Join Filter": 0, "Plans": [{"Node Type": "Nested Loop", "Parent Relationship": "Outer", "Join Type": "Inner", "Startup Cost": 1956350.25, "Total Cost": 41259981.09, "Plan Rows": 15, "Plan Width": 32, "Actual Startup Time": 19211.227, "Actual Total Time": 79847.531, "Actual Rows": 5431247, "Actual Loops": 1, "Inner Unique": true, "Plans": [{"Node Type": "Aggregate", "Strategy": "Hashed", "Parent Relationship": "Outer", "Startup Cost": 1956349.97, "Total Cost": 2069745.97, "Plan Rows": 9071680, "Plan Width": 40, "Actual Startup Time": 19211.091, "Actual Total Time": 24301.465, "Actual Rows": 5442751, "Actual Loops": 1, "Group By Key": ["lineitem.l_partkey", "lineitem.l_suppkey"], "Plans": [{"Node Type": "Bitmap Heap Scan", "Parent Relationship": "Outer", "Relation Name": "lineitem", "Alias": "lineitem", "Startup Cost": 314312.97, "Total Cost": 1865633.17, "Plan Rows": 9071680, "Plan Width": 24, "Actual Startup Time": 4429.203, "Actual Total Time": 12148.373, "Actual Rows": 9109641, "Actual Loops": 1, "Recheck Cond": "((l_shipdate >= '1993-01-01 00:00:00'::timestamp(0) without time zone) AND (l_shipdate < '1994-01-01 00:00:00'::timestamp without time zone)), (LLVM Optimized, Jit Execute)", "Rows Removed by Index Recheck": 0, "Exact Heap Blocks": 1252335, "Lossy Heap Blocks": 1252335, "Plans": [{"Node Type": "Bitmap Index Scan", "Parent Relationship": "Outer", "Index Name": "idx_lineitem_shipdate", "Startup Cost": 0.0, "Total Cost": 312045.05, "Plan Rows": 9071680, "Plan Width": 0, "Actual Startup Time": 3725.891, "Actual Total Time": 3725.891, "Actual Rows": 9109641, "Actual Loops": 1, "Index Cond": "((l_shipdate >= '1993-01-01 00:00:00'::timestamp(0) without time zone) AND (l_shipdate < '1994-01-01 00:00:00'::timestamp without time zone))"}]}]}, {"Node Type": "Bitmap Heap Scan", "Parent Relationship": "Inner", "Relation Name": "partsupp", "Alias": "partsupp", "Startup Cost": 0.28, "Total Cost": 4.3, "Plan Rows": 1, "Plan Width": 24, "Actual Startup Time": 47744.0, "Actual Total Time": 47744.0, "Actual Rows": 5431247, "Actual Loops": 5442751, "Recheck Cond": "((ps_partkey = lineitem.l_partkey) AND (ps_suppkey = lineitem.l_suppkey))", "Rows Removed by Index Recheck": 0, "Filter": "((ps_availqty)::double precision > (.5::double precision * (sum(lineitem.l_quantity))))", "Rows Removed by Filter": 11504, "Exact Heap Blocks": 5442751, "Lossy Heap Blocks": 5442751, "Plans": [{"Node Type": "Bitmap Index Scan", "Parent Relationship": "Outer", "Index Name": "partsupp_pkey", "Startup Cost": 0.0, "Total Cost": 0.28, "Plan Rows": 1, "Plan Width": 0, "Actual Startup Time": 28969.237, "Actual Total Time": 28969.237, "Actual Rows": 5442751, "Actual Loops": 5442751, "Index Cond": "((ps_partkey = lineitem.l_partkey) AND (ps_suppkey = lineitem.l_suppkey))"}]}]}, {"Node Type": "Bitmap Heap Scan", "Parent Relationship": "Inner", "Relation Name": "part", "Alias": "part", "Startup Cost": 0.26, "Total Cost": 4.28, "Plan Rows": 1, "Plan Width": 8, "Actual Startup Time": 42398.618, "Actual Total Time": 42398.618, "Actual Rows": 58537, "Actual Loops": 5431247, "Recheck Cond": "(p_partkey = lineitem.l_partkey)", "Rows Removed by Index Recheck": 0, "Filter": "((p_name)::text ~~ 'green%'::text)", "Rows Removed by Filter": 5372710, "Exact Heap Blocks": 5431247, "Lossy Heap Blocks": 5431247, "Plans": [{"Node Type": "Bitmap Index Scan", "Parent Relationship": "Outer", "Index Name": "part_kpey", "Startup Cost": 0.0, "Total Cost": 0.26, "Plan Rows": 1, "Plan Width": 0, "Actual Startup Time": 24845.499, "Actual Total Time": 24845.499, "Actual Rows": 5431247, "Actual Loops": 5431247, "Index Cond": "(p_partkey = lineitem.l_partkey)"}]}]}]}]}, {"Node Type": "Bitmap Heap Scan", "Parent Relationship": "Inner", "Relation Name": "supplier", "Alias": "supplier", "Startup Cost": 0.26, "Total Cost": 4.27, "Plan Rows": 1, "Plan Width": 63, "Actual Startup Time": 150.562, "Actual Total Time": 150.562, "Actual Rows": 44487, "Actual Loops": 44487, "Recheck Cond": "(s_suppkey = lineitem.l_suppkey)", "Rows Removed by Index Recheck": 0, "Exact Heap Blocks": 44487, "Lossy Heap Blocks": 44487, "Plans": [{"Node Type": "Bitmap Index Scan", "Parent Relationship": "Outer", "Index Name": "supplier_pkey", "Startup Cost": 0.0, "Total Cost": 0.26, "Plan Rows": 1, "Plan Width": 0, "Actual Startup Time": 82.325, "Actual Total Time": 82.325, "Actual Rows": 44487, "Actual Loops": 44487, "Index Cond": "(s_suppkey = lineitem.l_suppkey)"}]}]}, {"Node Type": "Bitmap Heap Scan", "Parent Relationship": "Inner", "Relation Name": "nation", "Alias": "nation", "Startup Cost": 0.26, "Total Cost": 4.27, "Plan Rows": 1, "Plan Width": 4, "Actual Startup Time": 120.985, "Actual Total Time": 120.985, "Actual Rows": 1746, "Actual Loops": 44487, "Recheck Cond": "(n_nationkey = supplier.s_nationkey)", "Rows Removed by Index Recheck": 0, "Filter": "(n_name = 'ALGERIA'::bpchar)", "Rows Removed by Filter": 42741, "Exact Heap Blocks": 44487, "Lossy Heap Blocks": 44487, "Plans": [{"Node Type": "Bitmap Index Scan", "Parent Relationship": "Outer", "Index Name": "nation_pkey", "Startup Cost": 0.0, "Total Cost": 0.26, "Plan Rows": 1, "Plan Width": 0, "Actual Startup Time": 44.911, "Actual Total Time": 44.911, "Actual Rows": 44487, "Actual Loops": 44487, "Index Cond": "(n_nationkey = supplier.s_nationkey)"}]}]}]}, "Triggers": [], "Planner Runtime": 1, "Total Runtime": 128900.171, "Unique SQL Id": 202076520}}, "(16, 8)": {"explain_plan": {"Plan": {"Node Type": "Sort", "Startup Cost": 2931401.79, "Total Cost": 2931406.79, "Plan Rows": 2000, "Plan Width": 51, "Sort Key": ["supplier.s_name"], "Plans": [{"Node Type": "Nested Loop", "Parent Relationship": "Outer", "Join Type": "Semi", "Startup Cost": 2631808.11, "Total Cost": 2931292.13, "Plan Rows": 2000, "Plan Width": 51, "Inner Unique": false, "Join Filter": "(supplier.s_suppkey = lineitem.l_suppkey)", "Plans": [{"Node Type": "Nested Loop", "Parent Relationship": "Outer", "Join Type": "Inner", "Startup Cost": 0.0, "Total Cost": 4534.31, "Plan Rows": 4000, "Plan Width": 59, "Inner Unique": false, "Join Filter": "(supplier.s_nationkey = nation.n_nationkey)", "Plans": [{"Node Type": "Seq Scan", "Parent Relationship": "Outer", "Relation Name": "nation", "Alias": "nation", "Startup Cost": 0.0, "Total Cost": 1.31, "Plan Rows": 1, "Plan Width": 4, "Filter": "(n_name = 'ALGERIA'::bpchar)"}, {"Node Type": "Seq Scan", "Parent Relationship": "Inner", "Relation Name": "supplier", "Alias": "supplier", "Startup Cost": 0.0, "Total Cost": 3283.0, "Plan Rows": 100000, "Plan Width": 63}]}, {"Node Type": "Materialize", "Parent Relationship": "Inner", "Startup Cost": 2631808.11, "Total Cost": 2926637.82, "Plan Rows": 2, "Plan Width": 16, "Plans": [{"Node Type": "Hash Join", "Parent Relationship": "Outer", "Join Type": "Inner", "Startup Cost": 2631808.11, "Total Cost": 2926637.81, "Plan Rows": 2, "Plan Width": 16, "Inner Unique": false, "Hash Cond": "((lineitem.l_partkey = partsupp.ps_partkey) AND (lineitem.l_suppkey = partsupp.ps_suppkey))", "Join Filter": "((partsupp.ps_availqty)::double precision > (.5::double precision * (sum(lineitem.l_quantity))))", "Plans": [{"Node Type": "Aggregate", "Strategy": "Hashed", "Parent Relationship": "Outer", "Startup Cost": 2405767.29, "Total Cost": 2519163.29, "Plan Rows": 9071680, "Plan Width": 40, "Group By Key": ["lineitem.l_partkey", "lineitem.l_suppkey"], "Plans": [{"Node Type": "Seq Scan", "Parent Relationship": "Outer", "Relation Name": "lineitem", "Alias": "lineitem", "Startup Cost": 119.57, "Total Cost": 2315050.5, "Plan Rows": 9071680, "Plan Width": 24, "Filter": "((l_shipdate >= '1993-01-01 00:00:00'::timestamp(0) without time zone) AND (l_shipdate < '1994-01-01 00:00:00'::timestamp without time zone)), (LLVM Optimized)"}]}, {"Node Type": "Hash", "Parent Relationship": "Inner", "Startup Cost": 225072.53, "Total Cost": 225072.53, "Plan Rows": 64552, "Plan Width": 32, "Plans": [{"Node Type": "Nested Loop", "Parent Relationship": "Outer", "Join Type": "Inner", "Startup Cost": 0.0, "Total Cost": 225072.53, "Plan Rows": 64552, "Plan Width": 32, "Inner Unique": false, "Plans": [{"Node Type": "Seq Scan", "Parent Relationship": "Outer", "Relation Name": "part", "Alias": "part", "Startup Cost": 0.0, "Total Cost": 66944.0, "Plan Rows": 22472, "Plan Width": 8, "Filter": "((p_name)::text ~~ 'green%'::text)"}, {"Node Type": "Index Scan", "Parent Relationship": "Inner", "Scan Direction": "Forward", "Index Name": "idx_partsupp_partkey", "Relation Name": "partsupp", "Alias": "partsupp", "Startup Cost": 0.0, "Total Cost": 7.01, "Plan Rows": 3, "Plan Width": 24, "Index Cond": "(ps_partkey = part.p_partkey)"}]}]}]}]}]}]}, "Unique SQL Id": 202076520, "Planner Runtime": 3}, "explain_analyze_plan": {"Plan": {"Node Type": "Sort", "Startup Cost": 2931401.79, "Total Cost": 2931406.79, "Plan Rows": 2000, "Plan Width": 51, "Actual Startup Time": 88138.987, "Actual Total Time": 88139.153, "Actual Rows": 1746, "Actual Loops": 1, "Sort Key": ["supplier.s_name"], "Sort Method": "quicksort", "Sort Space Used": 309, "Sort Space Type": "Memory", "Plans": [{"Node Type": "Nested Loop", "Parent Relationship": "Outer", "Join Type": "Semi", "Startup Cost": 2631808.11, "Total Cost": 2931292.13, "Plan Rows": 2000, "Plan Width": 51, "Actual Startup Time": 37556.485, "Actual Total Time": 88131.594, "Actual Rows": 1746, "Actual Loops": 1, "Inner Unique": false, "Join Filter": "(supplier.s_suppkey = lineitem.l_suppkey)", "Rows Removed by Join Filter": 174379316, "Plans": [{"Node Type": "Nested Loop", "Parent Relationship": "Outer", "Join Type": "Inner", "Startup Cost": 0.0, "Total Cost": 4534.31, "Plan Rows": 4000, "Plan Width": 59, "Actual Startup Time": 0.062, "Actual Total Time": 72.48, "Actual Rows": 3934, "Actual Loops": 1, "Inner Unique": false, "Join Filter": "(supplier.s_nationkey = nation.n_nationkey)", "Rows Removed by Join Filter": 96066, "Plans": [{"Node Type": "Seq Scan", "Parent Relationship": "Outer", "Relation Name": "nation", "Alias": "nation", "Startup Cost": 0.0, "Total Cost": 1.31, "Plan Rows": 1, "Plan Width": 4, "Actual Startup Time": 0.025, "Actual Total Time": 0.151, "Actual Rows": 1, "Actual Loops": 1, "Filter": "(n_name = 'ALGERIA'::bpchar)", "Rows Removed by Filter": 24}, {"Node Type": "Seq Scan", "Parent Relationship": "Inner", "Relation Name": "supplier", "Alias": "supplier", "Startup Cost": 0.0, "Total Cost": 3283.0, "Plan Rows": 100000, "Plan Width": 63, "Actual Startup Time": 0.02, "Actual Total Time": 43.18, "Actual Rows": 100000, "Actual Loops": 1}]}, {"Node Type": "Materialize", "Parent Relationship": "Inner", "Startup Cost": 2631808.11, "Total Cost": 2926637.82, "Plan Rows": 2, "Plan Width": 16, "Actual Startup Time": 32673.968, "Actual Total Time": 54815.031, "Actual Rows": 174381062, "Actual Loops": 3934, "Plans": [{"Node Type": "Hash Join", "Parent Relationship": "Outer", "Join Type": "Inner", "Startup Cost": 2631808.11, "Total Cost": 2926637.81, "Plan Rows": 2, "Plan Width": 16, "Actual Startup Time": 32673.241, "Actual Total Time": 37511.677, "Actual Rows": 58537, "Actual Loops": 1, "Inner Unique": false, "Hash Cond": "((lineitem.l_partkey = partsupp.ps_partkey) AND (lineitem.l_suppkey = partsupp.ps_suppkey))", "Join Filter": "((partsupp.ps_availqty)::double precision > (.5::double precision * (sum(lineitem.l_quantity))))", "Rows Removed by Join Filter": 136, "Plans": [{"Node Type": "Aggregate", "Strategy": "Hashed", "Parent Relationship": "Outer", "Startup Cost": 2405767.29, "Total Cost": 2519163.29, "Plan Rows": 9071680, "Plan Width": 40, "Actual Startup Time": 31627.107, "Actual Total Time": 34877.602, "Actual Rows": 5442751, "Actual Loops": 1, "Group By Key": ["lineitem.l_partkey", "lineitem.l_suppkey"], "Plans": [{"Node Type": "Seq Scan", "Parent Relationship": "Outer", "Relation Name": "lineitem", "Alias": "lineitem", "Startup Cost": 119.57, "Total Cost": 2315050.5, "Plan Rows": 9071680, "Plan Width": 24, "Actual Startup Time": 0.037, "Actual Total Time": 23333.254, "Actual Rows": 9109641, "Actual Loops": 1, "Filter": "((l_shipdate >= '1993-01-01 00:00:00'::timestamp(0) without time zone) AND (l_shipdate < '1994-01-01 00:00:00'::timestamp without time zone)), (LLVM Optimized, Jit Execute)", "Rows Removed by Filter": 50876411}]}, {"Node Type": "Hash", "Parent Relationship": "Inner", "Startup Cost": 225072.53, "Total Cost": 225072.53, "Plan Rows": 64552, "Plan Width": 32, "Actual Startup Time": 1045.645, "Actual Total Time": 1045.645, "Actual Rows": 86224, "Actual Loops": 1, "Hash Buckets": 65536, "Hash Batches": 1, "Original Hash Batches": 1, "Peak Memory Usage": 5389, "Plans": [{"Node Type": "Nested Loop", "Parent Relationship": "Outer", "Join Type": "Inner", "Startup Cost": 0.0, "Total Cost": 225072.53, "Plan Rows": 64552, "Plan Width": 32, "Actual Startup Time": 0.04, "Actual Total Time": 1007.292, "Actual Rows": 86224, "Actual Loops": 1, "Inner Unique": false, "Plans": [{"Node Type": "Seq Scan", "Parent Relationship": "Outer", "Relation Name": "part", "Alias": "part", "Startup Cost": 0.0, "Total Cost": 66944.0, "Plan Rows": 22472, "Plan Width": 8, "Actual Startup Time": 0.02, "Actual Total Time": 779.294, "Actual Rows": 21556, "Actual Loops": 1, "Filter": "((p_name)::text ~~ 'green%'::text)", "Rows Removed by Filter": 1978444}, {"Node Type": "Index Scan", "Parent Relationship": "Inner", "Scan Direction": "Forward", "Index Name": "idx_partsupp_partkey", "Relation Name": "partsupp", "Alias": "partsupp", "Startup Cost": 0.0, "Total Cost": 7.01, "Plan Rows": 3, "Plan Width": 24, "Actual Startup Time": 151.296, "Actual Total Time": 195.612, "Actual Rows": 86224, "Actual Loops": 21556, "Index Cond": "(ps_partkey = part.p_partkey)", "Rows Removed by Index Recheck": 0}]}]}]}]}]}]}, "Triggers": [], "Planner Runtime": 2, "Total Runtime": 88148.778, "Unique SQL Id": 202076520}}, "(16, 9)": {"explain_plan": {"Plan": {"Node Type": "Sort", "Startup Cost": 6721015.3, "Total Cost": 6721020.3, "Plan Rows": 2000, "Plan Width": 51, "Sort Key": ["supplier.s_name"], "Plans": [{"Node Type": "Nested Loop", "Parent Relationship": "Outer", "Join Type": "Semi", "Startup Cost": 6419358.7, "Total Cost": 6720905.64, "Plan Rows": 2000, "Plan Width": 51, "Inner Unique": false, "Join Filter": "(supplier.s_suppkey = lineitem.l_suppkey)", "Plans": [{"Node Type": "Nested Loop", "Parent Relationship": "Outer", "Join Type": "Inner", "Startup Cost": 0.0, "Total Cost": 6597.23, "Plan Rows": 4000, "Plan Width": 59, "Inner Unique": false, "Join Filter": "(supplier.s_nationkey = nation.n_nationkey)", "Plans": [{"Node Type": "Index Scan", "Parent Relationship": "Outer", "Scan Direction": "Forward", "Index Name": "nation_pkey", "Relation Name": "nation", "Alias": "nation", "Startup Cost": 0.0, "Total Cost": 12.69, "Plan Rows": 1, "Plan Width": 4, "Filter": "(n_name = 'ALGERIA'::bpchar)"}, {"Node Type": "Index Scan", "Parent Relationship": "Inner", "Scan Direction": "Forward", "Index Name": "supplier_pkey", "Relation Name": "supplier", "Alias": "supplier", "Startup Cost": 0.0, "Total Cost": 5334.54, "Plan Rows": 100000, "Plan Width": 63}]}, {"Node Type": "Materialize", "Parent Relationship": "Inner", "Startup Cost": 6419358.7, "Total Cost": 6714188.41, "Plan Rows": 2, "Plan Width": 16, "Plans": [{"Node Type": "Hash Join", "Parent Relationship": "Outer", "Join Type": "Inner", "Startup Cost": 6419358.7, "Total Cost": 6714188.4, "Plan Rows": 2, "Plan Width": 16, "Inner Unique": false, "Hash Cond": "((lineitem.l_partkey = partsupp.ps_partkey) AND (lineitem.l_suppkey = partsupp.ps_suppkey))", "Join Filter": "((partsupp.ps_availqty)::double precision > (.5::double precision * (sum(lineitem.l_quantity))))", "Plans": [{"Node Type": "Aggregate", "Strategy": "Hashed", "Parent Relationship": "Outer", "Startup Cost": 6154458.63, "Total Cost": 6267854.63, "Plan Rows": 9071680, "Plan Width": 40, "Group By Key": ["lineitem.l_partkey", "lineitem.l_suppkey"], "Plans": [{"Node Type": "Index Scan", "Parent Relationship": "Outer", "Scan Direction": "Forward", "Index Name": "idx_lineitem_shipdate", "Relation Name": "lineitem", "Alias": "lineitem", "Startup Cost": 0.0, "Total Cost": 6063741.83, "Plan Rows": 9071680, "Plan Width": 24, "Index Cond": "((l_shipdate >= '1993-01-01 00:00:00'::timestamp(0) without time zone) AND (l_shipdate < '1994-01-01 00:00:00'::timestamp without time zone)), (LLVM Optimized)"}]}, {"Node Type": "Hash", "Parent Relationship": "Inner", "Startup Cost": 263931.78, "Total Cost": 263931.78, "Plan Rows": 64552, "Plan Width": 32, "Plans": [{"Node Type": "Nested Loop", "Parent Relationship": "Outer", "Join Type": "Inner", "Startup Cost": 0.0, "Total Cost": 263931.78, "Plan Rows": 64552, "Plan Width": 32, "Inner Unique": false, "Plans": [{"Node Type": "Index Scan", "Parent Relationship": "Outer", "Scan Direction": "Forward", "Index Name": "part_kpey", "Relation Name": "part", "Alias": "part", "Startup Cost": 0.0, "Total Cost": 105803.25, "Plan Rows": 22472, "Plan Width": 8, "Filter": "((p_name)::text ~~ 'green%'::text)"}, {"Node Type": "Index Scan", "Parent Relationship": "Inner", "Scan Direction": "Forward", "Index Name": "idx_partsupp_partkey", "Relation Name": "partsupp", "Alias": "partsupp", "Startup Cost": 0.0, "Total Cost": 7.01, "Plan Rows": 3, "Plan Width": 24, "Index Cond": "(ps_partkey = part.p_partkey)"}]}]}]}]}]}]}, "Unique SQL Id": 202076520, "Planner Runtime": 3}, "explain_analyze_plan": {"Plan": {"Node Type": "Sort", "Startup Cost": 6721015.3, "Total Cost": 6721020.3, "Plan Rows": 2000, "Plan Width": 51, "Actual Startup Time": 90428.791, "Actual Total Time": 90428.973, "Actual Rows": 1746, "Actual Loops": 1, "Sort Key": ["supplier.s_name"], "Sort Method": "quicksort", "Sort Space Used": 309, "Sort Space Type": "Memory", "Plans": [{"Node Type": "Nested Loop", "Parent Relationship": "Outer", "Join Type": "Semi", "Startup Cost": 6419358.7, "Total Cost": 6720905.64, "Plan Rows": 2000, "Plan Width": 51, "Actual Startup Time": 39579.285, "Actual Total Time": 90424.309, "Actual Rows": 1746, "Actual Loops": 1, "Inner Unique": false, "Join Filter": "(supplier.s_suppkey = lineitem.l_suppkey)", "Rows Removed by Join Filter": 174379317, "Plans": [{"Node Type": "Nested Loop", "Parent Relationship": "Outer", "Join Type": "Inner", "Startup Cost": 0.0, "Total Cost": 6597.23, "Plan Rows": 4000, "Plan Width": 59, "Actual Startup Time": 0.064, "Actual Total Time": 103.861, "Actual Rows": 3934, "Actual Loops": 1, "Inner Unique": false, "Join Filter": "(supplier.s_nationkey = nation.n_nationkey)", "Rows Removed by Join Filter": 96066, "Plans": [{"Node Type": "Index Scan", "Parent Relationship": "Outer", "Scan Direction": "Forward", "Index Name": "nation_pkey", "Relation Name": "nation", "Alias": "nation", "Startup Cost": 0.0, "Total Cost": 12.69, "Plan Rows": 1, "Plan Width": 4, "Actual Startup Time": 0.02, "Actual Total Time": 0.051, "Actual Rows": 1, "Actual Loops": 1, "Filter": "(n_name = 'ALGERIA'::bpchar)", "Rows Removed by Filter": 24}, {"Node Type": "Index Scan", "Parent Relationship": "Inner", "Scan Direction": "Forward", "Index Name": "supplier_pkey", "Relation Name": "supplier", "Alias": "supplier", "Startup Cost": 0.0, "Total Cost": 5334.54, "Plan Rows": 100000, "Plan Width": 63, "Actual Startup Time": 0.02, "Actual Total Time": 75.892, "Actual Rows": 100000, "Actual Loops": 1}]}, {"Node Type": "Materialize", "Parent Relationship": "Inner", "Startup Cost": 6419358.7, "Total Cost": 6714188.41, "Plan Rows": 2, "Plan Width": 16, "Actual Startup Time": 34152.129, "Actual Total Time": 56957.83, "Actual Rows": 174381063, "Actual Loops": 3934, "Plans": [{"Node Type": "Hash Join", "Parent Relationship": "Outer", "Join Type": "Inner", "Startup Cost": 6419358.7, "Total Cost": 6714188.4, "Plan Rows": 2, "Plan Width": 16, "Actual Startup Time": 34151.371, "Actual Total Time": 39530.322, "Actual Rows": 58537, "Actual Loops": 1, "Inner Unique": false, "Hash Cond": "((lineitem.l_partkey = partsupp.ps_partkey) AND (lineitem.l_suppkey = partsupp.ps_suppkey))", "Join Filter": "((partsupp.ps_availqty)::double precision > (.5::double precision * (sum(lineitem.l_quantity))))", "Rows Removed by Join Filter": 136, "Plans": [{"Node Type": "Aggregate", "Strategy": "Hashed", "Parent Relationship": "Outer", "Startup Cost": 6154458.63, "Total Cost": 6267854.63, "Plan Rows": 9071680, "Plan Width": 40, "Actual Startup Time": 32406.072, "Actual Total Time": 36238.966, "Actual Rows": 5442751, "Actual Loops": 1, "Group By Key": ["lineitem.l_partkey", "lineitem.l_suppkey"], "Plans": [{"Node Type": "Index Scan", "Parent Relationship": "Outer", "Scan Direction": "Forward", "Index Name": "idx_lineitem_shipdate", "Relation Name": "lineitem", "Alias": "lineitem", "Startup Cost": 0.0, "Total Cost": 6063741.83, "Plan Rows": 9071680, "Plan Width": 24, "Actual Startup Time": 0.074, "Actual Total Time": 23879.708, "Actual Rows": 9109641, "Actual Loops": 1, "Index Cond": "((l_shipdate >= '1993-01-01 00:00:00'::timestamp(0) without time zone) AND (l_shipdate < '1994-01-01 00:00:00'::timestamp without time zone)), (LLVM Optimized, Jit Execute)", "Rows Removed by Index Recheck": 0}]}, {"Node Type": "Hash", "Parent Relationship": "Inner", "Startup Cost": 263931.78, "Total Cost": 263931.78, "Plan Rows": 64552, "Plan Width": 32, "Actual Startup Time": 1745.137, "Actual Total Time": 1745.137, "Actual Rows": 86224, "Actual Loops": 1, "Hash Buckets": 65536, "Hash Batches": 1, "Original Hash Batches": 1, "Peak Memory Usage": 5389, "Plans": [{"Node Type": "Nested Loop", "Parent Relationship": "Outer", "Join Type": "Inner", "Startup Cost": 0.0, "Total Cost": 263931.78, "Plan Rows": 64552, "Plan Width": 32, "Actual Startup Time": 0.053, "Actual Total Time": 1712.804, "Actual Rows": 86224, "Actual Loops": 1, "Inner Unique": false, "Plans": [{"Node Type": "Index Scan", "Parent Relationship": "Outer", "Scan Direction": "Forward", "Index Name": "part_kpey", "Relation Name": "part", "Alias": "part", "Startup Cost": 0.0, "Total Cost": 105803.25, "Plan Rows": 22472, "Plan Width": 8, "Actual Startup Time": 0.041, "Actual Total Time": 1519.048, "Actual Rows": 21556, "Actual Loops": 1, "Filter": "((p_name)::text ~~ 'green%'::text)", "Rows Removed by Filter": 1978444}, {"Node Type": "Index Scan", "Parent Relationship": "Inner", "Scan Direction": "Forward", "Index Name": "idx_partsupp_partkey", "Relation Name": "partsupp", "Alias": "partsupp", "Startup Cost": 0.0, "Total Cost": 7.01, "Plan Rows": 3, "Plan Width": 24, "Actual Startup Time": 114.497, "Actual Total Time": 160.812, "Actual Rows": 86224, "Actual Loops": 21556, "Index Cond": "(ps_partkey = part.p_partkey)", "Rows Removed by Index Recheck": 0}]}]}]}]}]}]}, "Triggers": [], "Planner Runtime": 2, "Total Runtime": 90438.681, "Unique SQL Id": 202076520}}, "(16, 10)": {"explain_plan": {"Plan": {"Node Type": "Sort", "Startup Cost": 3064191.97, "Total Cost": 3064196.97, "Plan Rows": 2000, "Plan Width": 51, "Sort Key": ["supplier.s_name"], "Plans": [{"Node Type": "Nested Loop", "Parent Relationship": "Outer", "Join Type": "Semi", "Startup Cost": 2764598.29, "Total Cost": 3064082.31, "Plan Rows": 2000, "Plan Width": 51, "Inner Unique": false, "Join Filter": "(supplier.s_suppkey = lineitem.l_suppkey)", "Plans": [{"Node Type": "Nested Loop", "Parent Relationship": "Outer", "Join Type": "Inner", "Startup Cost": 0.0, "Total Cost": 4534.31, "Plan Rows": 4000, "Plan Width": 59, "Inner Unique": false, "Join Filter": "(supplier.s_nationkey = nation.n_nationkey)", "Plans": [{"Node Type": "Seq Scan", "Parent Relationship": "Outer", "Relation Name": "nation", "Alias": "nation", "Startup Cost": 0.0, "Total Cost": 1.31, "Plan Rows": 1, "Plan Width": 4, "Filter": "(n_name = 'ALGERIA'::bpchar)"}, {"Node Type": "Seq Scan", "Parent Relationship": "Inner", "Relation Name": "supplier", "Alias": "supplier", "Startup Cost": 0.0, "Total Cost": 3283.0, "Plan Rows": 100000, "Plan Width": 63}]}, {"Node Type": "Materialize", "Parent Relationship": "Inner", "Startup Cost": 2764598.29, "Total Cost": 3059428.0, "Plan Rows": 2, "Plan Width": 16, "Plans": [{"Node Type": "Hash Join", "Parent Relationship": "Outer", "Join Type": "Inner", "Startup Cost": 2764598.29, "Total Cost": 3059427.99, "Plan Rows": 2, "Plan Width": 16, "Inner Unique": false, "Hash Cond": "((lineitem.l_partkey = partsupp.ps_partkey) AND (lineitem.l_suppkey = partsupp.ps_suppkey))", "Join Filter": "((partsupp.ps_availqty)::double precision > (.5::double precision * (sum(lineitem.l_quantity))))", "Plans": [{"Node Type": "Aggregate", "Strategy": "Hashed", "Parent Relationship": "Outer", "Startup Cost": 2405767.29, "Total Cost": 2519163.29, "Plan Rows": 9071680, "Plan Width": 40, "Group By Key": ["lineitem.l_partkey", "lineitem.l_suppkey"], "Plans": [{"Node Type": "Seq Scan", "Parent Relationship": "Outer", "Relation Name": "lineitem", "Alias": "lineitem", "Startup Cost": 119.57, "Total Cost": 2315050.5, "Plan Rows": 9071680, "Plan Width": 24, "Filter": "((l_shipdate >= '1993-01-01 00:00:00'::timestamp(0) without time zone) AND (l_shipdate < '1994-01-01 00:00:00'::timestamp without time zone)), (LLVM Optimized)"}]}, {"Node Type": "Hash", "Parent Relationship": "Inner", "Startup Cost": 357862.71, "Total Cost": 357862.71, "Plan Rows": 64552, "Plan Width": 32, "Plans": [{"Node Type": "Hash Join", "Parent Relationship": "Outer", "Join Type": "Inner", "Startup Cost": 67224.9, "Total Cost": 357862.71, "Plan Rows": 64552, "Plan Width": 32, "Inner Unique": true, "Hash Cond": "(partsupp.ps_partkey = part.p_partkey)", "Plans": [{"Node Type": "Seq Scan", "Parent Relationship": "Outer", "Relation Name": "partsupp", "Alias": "partsupp", "Startup Cost": 0.0, "Total Cost": 269987.72, "Plan Rows": 8000372, "Plan Width": 24}, {"Node Type": "Hash", "Parent Relationship": "Inner", "Startup Cost": 66944.0, "Total Cost": 66944.0, "Plan Rows": 22472, "Plan Width": 8, "Plans": [{"Node Type": "Seq Scan", "Parent Relationship": "Outer", "Relation Name": "part", "Alias": "part", "Startup Cost": 0.0, "Total Cost": 66944.0, "Plan Rows": 22472, "Plan Width": 8, "Filter": "((p_name)::text ~~ 'green%'::text)"}]}]}]}]}]}]}]}, "Unique SQL Id": 202076520, "Planner Runtime": 3}, "explain_analyze_plan": {"Plan": {"Node Type": "Sort", "Startup Cost": 3064191.97, "Total Cost": 3064196.97, "Plan Rows": 2000, "Plan Width": 51, "Actual Startup Time": 91604.033, "Actual Total Time": 91604.184, "Actual Rows": 1746, "Actual Loops": 1, "Sort Key": ["supplier.s_name"], "Sort Method": "quicksort", "Sort Space Used": 309, "Sort Space Type": "Memory", "Plans": [{"Node Type": "Nested Loop", "Parent Relationship": "Outer", "Join Type": "Semi", "Startup Cost": 2764598.29, "Total Cost": 3064082.31, "Plan Rows": 2000, "Plan Width": 51, "Actual Startup Time": 40981.267, "Actual Total Time": 91596.578, "Actual Rows": 1746, "Actual Loops": 1, "Inner Unique": false, "Join Filter": "(supplier.s_suppkey = lineitem.l_suppkey)", "Rows Removed by Join Filter": 174379316, "Plans": [{"Node Type": "Nested Loop", "Parent Relationship": "Outer", "Join Type": "Inner", "Startup Cost": 0.0, "Total Cost": 4534.31, "Plan Rows": 4000, "Plan Width": 59, "Actual Startup Time": 0.062, "Actual Total Time": 71.893, "Actual Rows": 3934, "Actual Loops": 1, "Inner Unique": false, "Join Filter": "(supplier.s_nationkey = nation.n_nationkey)", "Rows Removed by Join Filter": 96066, "Plans": [{"Node Type": "Seq Scan", "Parent Relationship": "Outer", "Relation Name": "nation", "Alias": "nation", "Startup Cost": 0.0, "Total Cost": 1.31, "Plan Rows": 1, "Plan Width": 4, "Actual Startup Time": 0.021, "Actual Total Time": 0.053, "Actual Rows": 1, "Actual Loops": 1, "Filter": "(n_name = 'ALGERIA'::bpchar)", "Rows Removed by Filter": 24}, {"Node Type": "Seq Scan", "Parent Relationship": "Inner", "Relation Name": "supplier", "Alias": "supplier", "Startup Cost": 0.0, "Total Cost": 3283.0, "Plan Rows": 100000, "Plan Width": 63, "Actual Startup Time": 0.024, "Actual Total Time": 42.675, "Actual Rows": 100000, "Actual Loops": 1}]}, {"Node Type": "Materialize", "Parent Relationship": "Inner", "Startup Cost": 2764598.29, "Total Cost": 3059428.0, "Plan Rows": 2, "Plan Width": 16, "Actual Startup Time": 36498.126, "Actual Total Time": 58245.252, "Actual Rows": 174381062, "Actual Loops": 3934, "Plans": [{"Node Type": "Hash Join", "Parent Relationship": "Outer", "Join Type": "Inner", "Startup Cost": 2764598.29, "Total Cost": 3059427.99, "Plan Rows": 2, "Plan Width": 16, "Actual Startup Time": 36497.424, "Actual Total Time": 40933.883, "Actual Rows": 58537, "Actual Loops": 1, "Inner Unique": false, "Hash Cond": "((lineitem.l_partkey = partsupp.ps_partkey) AND (lineitem.l_suppkey = partsupp.ps_suppkey))", "Join Filter": "((partsupp.ps_availqty)::double precision > (.5::double precision * (sum(lineitem.l_quantity))))", "Rows Removed by Join Filter": 136, "Plans": [{"Node Type": "Aggregate", "Strategy": "Hashed", "Parent Relationship": "Outer", "Startup Cost": 2405767.29, "Total Cost": 2519163.29, "Plan Rows": 9071680, "Plan Width": 40, "Actual Startup Time": 31692.206, "Actual Total Time": 34596.515, "Actual Rows": 5442751, "Actual Loops": 1, "Group By Key": ["lineitem.l_partkey", "lineitem.l_suppkey"], "Plans": [{"Node Type": "Seq Scan", "Parent Relationship": "Outer", "Relation Name": "lineitem", "Alias": "lineitem", "Startup Cost": 119.57, "Total Cost": 2315050.5, "Plan Rows": 9071680, "Plan Width": 24, "Actual Startup Time": 0.057, "Actual Total Time": 23401.471, "Actual Rows": 9109641, "Actual Loops": 1, "Filter": "((l_shipdate >= '1993-01-01 00:00:00'::timestamp(0) without time zone) AND (l_shipdate < '1994-01-01 00:00:00'::timestamp without time zone)), (LLVM Optimized, Jit Execute)", "Rows Removed by Filter": 50876411}]}, {"Node Type": "Hash", "Parent Relationship": "Inner", "Startup Cost": 357862.71, "Total Cost": 357862.71, "Plan Rows": 64552, "Plan Width": 32, "Actual Startup Time": 4804.554, "Actual Total Time": 4804.554, "Actual Rows": 86224, "Actual Loops": 1, "Hash Buckets": 65536, "Hash Batches": 1, "Original Hash Batches": 1, "Peak Memory Usage": 5389, "Plans": [{"Node Type": "Hash Join", "Parent Relationship": "Outer", "Join Type": "Inner", "Startup Cost": 67224.9, "Total Cost": 357862.71, "Plan Rows": 64552, "Plan Width": 32, "Actual Startup Time": 793.423, "Actual Total Time": 4764.2, "Actual Rows": 86224, "Actual Loops": 1, "Inner Unique": true, "Hash Cond": "(partsupp.ps_partkey = part.p_partkey)", "Plans": [{"Node Type": "Seq Scan", "Parent Relationship": "Outer", "Relation Name": "partsupp", "Alias": "partsupp", "Startup Cost": 0.0, "Total Cost": 269987.72, "Plan Rows": 8000372, "Plan Width": 24, "Actual Startup Time": 0.011, "Actual Total Time": 2434.768, "Actual Rows": 8000000, "Actual Loops": 1}, {"Node Type": "Hash", "Parent Relationship": "Inner", "Startup Cost": 66944.0, "Total Cost": 66944.0, "Plan Rows": 22472, "Plan Width": 8, "Actual Startup Time": 793.28, "Actual Total Time": 793.28, "Actual Rows": 21556, "Actual Loops": 1, "Hash Buckets": 32768, "Hash Batches": 1, "Original Hash Batches": 1, "Peak Memory Usage": 843, "Plans": [{"Node Type": "Seq Scan", "Parent Relationship": "Outer", "Relation Name": "part", "Alias": "part", "Startup Cost": 0.0, "Total Cost": 66944.0, "Plan Rows": 22472, "Plan Width": 8, "Actual Startup Time": 0.028, "Actual Total Time": 784.169, "Actual Rows": 21556, "Actual Loops": 1, "Filter": "((p_name)::text ~~ 'green%'::text)", "Rows Removed by Filter": 1978444}]}]}]}]}]}]}]}, "Triggers": [], "Planner Runtime": 2, "Total Runtime": 91614.016, "Unique SQL Id": 202076520}}, "(16, 11)": {"explain_plan": {"Plan": {"Node Type": "Sort", "Startup Cost": 5018253560954.49, "Total Cost": 5018253560959.49, "Plan Rows": 2000, "Plan Width": 51, "Sort Key": ["supplier.s_name"], "Plans": [{"Node Type": "Merge Join", "Parent Relationship": "Outer", "Join Type": "Semi", "Startup Cost": 1040805475552.94, "Total Cost": 5018253560844.84, "Plan Rows": 2000, "Plan Width": 51, "Inner Unique": false, "Merge Cond": "(supplier.s_suppkey = subquery.\"?column?\")", "Plans": [{"Node Type": "Nested Loop", "Parent Relationship": "Outer", "Join Type": "Inner", "Startup Cost": 20000000000.0, "Total Cost": 2000000536223.13, "Plan Rows": 4000, "Plan Width": 59, "Inner Unique": true, "Join Filter": "(supplier.s_nationkey = nation.n_nationkey)", "Plans": [{"Node Type": "Index Scan", "Parent Relationship": "Outer", "Scan Direction": "Forward", "Index Name": "supplier_pkey", "Relation Name": "supplier", "Alias": "supplier", "Startup Cost": 10000000000.0, "Total Cost": 1000000533454.38, "Plan Rows": 100000, "Plan Width": 63}, {"Node Type": "Materialize", "Parent Relationship": "Inner", "Startup Cost": 10000000000.0, "Total Cost": 1000000001268.76, "Plan Rows": 1, "Plan Width": 4, "Plans": [{"Node Type": "Index Scan", "Parent Relationship": "Outer", "Scan Direction": "Forward", "Index Name": "nation_pkey", "Relation Name": "nation", "Alias": "nation", "Startup Cost": 10000000000.0, "Total Cost": 1000000001268.75, "Plan Rows": 1, "Plan Width": 4, "Filter": "(n_name = 'ALGERIA'::bpchar)"}]}]}, {"Node Type": "Materialize", "Parent Relationship": "Inner", "Startup Cost": 1020805475552.94, "Total Cost": 3018253024611.68, "Plan Rows": 2, "Plan Width": 16, "Plans": [{"Node Type": "Nested Loop", "Parent Relationship": "Outer", "Join Type": "Inner", "Startup Cost": 1020805475552.94, "Total Cost": 3018253024611.67, "Plan Rows": 2, "Plan Width": 16, "Inner Unique": true, "Join Filter": "((partsupp.ps_partkey = subquery.\"?column?\") AND (partsupp.ps_suppkey = subquery.\"?column?\") AND ((partsupp.ps_availqty)::double precision > (.5::double precision * subquery.\"?column?\")))", "Plans": [{"Node Type": "Nested Loop", "Parent Relationship": "Outer", "Join Type": "Semi", "Startup Cost": 20000000000.0, "Total Cost": 2002807445082.73, "Plan Rows": 64552, "Plan Width": 32, "Inner Unique": false, "Join Filter": "(partsupp.ps_partkey = part.p_partkey)", "Plans": [{"Node Type": "Index Scan", "Parent Relationship": "Outer", "Scan Direction": "Forward", "Index Name": "idx_partsupp_suppkey", "Relation Name": "partsupp", "Alias": "partsupp", "Startup Cost": 10000000000.0, "Total Cost": 1000100160480.77, "Plan Rows": 8000372, "Plan Width": 24}, {"Node Type": "Materialize", "Parent Relationship": "Inner", "Startup Cost": 10000000000.0, "Total Cost": 1000010580437.36, "Plan Rows": 22472, "Plan Width": 8, "Plans": [{"Node Type": "Index Scan", "Parent Relationship": "Outer", "Scan Direction": "Forward", "Index Name": "part_kpey", "Relation Name": "part", "Alias": "part", "Startup Cost": 10000000000.0, "Total Cost": 1000010580325.0, "Plan Rows": 22472, "Plan Width": 8, "Filter": "((p_name)::text ~~ 'green%'::text)"}]}]}, {"Node Type": "Materialize", "Parent Relationship": "Inner", "Startup Cost": 1000805475552.94, "Total Cost": 1000805725024.14, "Plan Rows": 9071680, "Plan Width": 24, "Plans": [{"Node Type": "Subquery Scan", "Parent Relationship": "Outer", "Alias": "subquery", "Startup Cost": 1000805475552.94, "Total Cost": 1000805679665.74, "Plan Rows": 9071680, "Plan Width": 24, "Plans": [{"Node Type": "Aggregate", "Strategy": "Hashed", "Parent Relationship": "Subquery", "Startup Cost": 1000805475552.94, "Total Cost": 1000805588948.94, "Plan Rows": 9071680, "Plan Width": 40, "Group By Key": ["lineitem.l_partkey", "lineitem.l_suppkey"], "Plans": [{"Node Type": "Index Scan", "Parent Relationship": "Outer", "Scan Direction": "Forward", "Index Name": "idx_lineitem_part_supp", "Relation Name": "lineitem", "Alias": "lineitem", "Startup Cost": 10000000000.0, "Total Cost": 1000805384836.14, "Plan Rows": 9071680, "Plan Width": 24, "Filter": "((l_shipdate >= '1993-01-01 00:00:00'::timestamp(0) without time zone) AND (l_shipdate < '1994-01-01 00:00:00'::timestamp without time zone)), (LLVM Optimized)"}]}]}]}]}]}]}]}, "Unique SQL Id": 202076520, "Planner Runtime": 3}, "explain_analyze_plan": null}, "(16, 12)": {"explain_plan": {"Plan": {"Node Type": "Sort", "Startup Cost": 2931401.79, "Total Cost": 2931406.79, "Plan Rows": 2000, "Plan Width": 51, "Sort Key": ["supplier.s_name"], "Plans": [{"Node Type": "Nested Loop", "Parent Relationship": "Outer", "Join Type": "Semi", "Startup Cost": 2631808.11, "Total Cost": 2931292.13, "Plan Rows": 2000, "Plan Width": 51, "Inner Unique": false, "Join Filter": "(supplier.s_suppkey = lineitem.l_suppkey)", "Plans": [{"Node Type": "Nested Loop", "Parent Relationship": "Outer", "Join Type": "Inner", "Startup Cost": 0.0, "Total Cost": 4534.31, "Plan Rows": 4000, "Plan Width": 59, "Inner Unique": false, "Join Filter": "(supplier.s_nationkey = nation.n_nationkey)", "Plans": [{"Node Type": "Seq Scan", "Parent Relationship": "Outer", "Relation Name": "nation", "Alias": "nation", "Startup Cost": 0.0, "Total Cost": 1.31, "Plan Rows": 1, "Plan Width": 4, "Filter": "(n_name = 'ALGERIA'::bpchar)"}, {"Node Type": "Seq Scan", "Parent Relationship": "Inner", "Relation Name": "supplier", "Alias": "supplier", "Startup Cost": 0.0, "Total Cost": 3283.0, "Plan Rows": 100000, "Plan Width": 63}]}, {"Node Type": "Materialize", "Parent Relationship": "Inner", "Startup Cost": 2631808.11, "Total Cost": 2926637.82, "Plan Rows": 2, "Plan Width": 16, "Plans": [{"Node Type": "Hash Join", "Parent Relationship": "Outer", "Join Type": "Inner", "Startup Cost": 2631808.11, "Total Cost": 2926637.81, "Plan Rows": 2, "Plan Width": 16, "Inner Unique": false, "Hash Cond": "((lineitem.l_partkey = partsupp.ps_partkey) AND (lineitem.l_suppkey = partsupp.ps_suppkey))", "Join Filter": "((partsupp.ps_availqty)::double precision > (.5::double precision * (sum(lineitem.l_quantity))))", "Plans": [{"Node Type": "Aggregate", "Strategy": "Hashed", "Parent Relationship": "Outer", "Startup Cost": 2405767.29, "Total Cost": 2519163.29, "Plan Rows": 9071680, "Plan Width": 40, "Group By Key": ["lineitem.l_partkey", "lineitem.l_suppkey"], "Plans": [{"Node Type": "Seq Scan", "Parent Relationship": "Outer", "Relation Name": "lineitem", "Alias": "lineitem", "Startup Cost": 119.57, "Total Cost": 2315050.5, "Plan Rows": 9071680, "Plan Width": 24, "Filter": "((l_shipdate >= '1993-01-01 00:00:00'::timestamp(0) without time zone) AND (l_shipdate < '1994-01-01 00:00:00'::timestamp without time zone)), (LLVM Optimized)"}]}, {"Node Type": "Hash", "Parent Relationship": "Inner", "Startup Cost": 225072.53, "Total Cost": 225072.53, "Plan Rows": 64552, "Plan Width": 32, "Plans": [{"Node Type": "Nested Loop", "Parent Relationship": "Outer", "Join Type": "Inner", "Startup Cost": 0.0, "Total Cost": 225072.53, "Plan Rows": 64552, "Plan Width": 32, "Inner Unique": false, "Plans": [{"Node Type": "Seq Scan", "Parent Relationship": "Outer", "Relation Name": "part", "Alias": "part", "Startup Cost": 0.0, "Total Cost": 66944.0, "Plan Rows": 22472, "Plan Width": 8, "Filter": "((p_name)::text ~~ 'green%'::text)"}, {"Node Type": "Index Scan", "Parent Relationship": "Inner", "Scan Direction": "Forward", "Index Name": "idx_partsupp_partkey", "Relation Name": "partsupp", "Alias": "partsupp", "Startup Cost": 0.0, "Total Cost": 7.01, "Plan Rows": 3, "Plan Width": 24, "Index Cond": "(ps_partkey = part.p_partkey)"}]}]}]}]}]}]}, "Unique SQL Id": 202076520, "Planner Runtime": 3}, "explain_analyze_plan": {"Plan": {"Node Type": "Sort", "Startup Cost": 2931401.79, "Total Cost": 2931406.79, "Plan Rows": 2000, "Plan Width": 51, "Actual Startup Time": 88138.987, "Actual Total Time": 88139.153, "Actual Rows": 1746, "Actual Loops": 1, "Sort Key": ["supplier.s_name"], "Sort Method": "quicksort", "Sort Space Used": 309, "Sort Space Type": "Memory", "Plans": [{"Node Type": "Nested Loop", "Parent Relationship": "Outer", "Join Type": "Semi", "Startup Cost": 2631808.11, "Total Cost": 2931292.13, "Plan Rows": 2000, "Plan Width": 51, "Actual Startup Time": 37556.485, "Actual Total Time": 88131.594, "Actual Rows": 1746, "Actual Loops": 1, "Inner Unique": false, "Join Filter": "(supplier.s_suppkey = lineitem.l_suppkey)", "Rows Removed by Join Filter": 174379316, "Plans": [{"Node Type": "Nested Loop", "Parent Relationship": "Outer", "Join Type": "Inner", "Startup Cost": 0.0, "Total Cost": 4534.31, "Plan Rows": 4000, "Plan Width": 59, "Actual Startup Time": 0.062, "Actual Total Time": 72.48, "Actual Rows": 3934, "Actual Loops": 1, "Inner Unique": false, "Join Filter": "(supplier.s_nationkey = nation.n_nationkey)", "Rows Removed by Join Filter": 96066, "Plans": [{"Node Type": "Seq Scan", "Parent Relationship": "Outer", "Relation Name": "nation", "Alias": "nation", "Startup Cost": 0.0, "Total Cost": 1.31, "Plan Rows": 1, "Plan Width": 4, "Actual Startup Time": 0.025, "Actual Total Time": 0.151, "Actual Rows": 1, "Actual Loops": 1, "Filter": "(n_name = 'ALGERIA'::bpchar)", "Rows Removed by Filter": 24}, {"Node Type": "Seq Scan", "Parent Relationship": "Inner", "Relation Name": "supplier", "Alias": "supplier", "Startup Cost": 0.0, "Total Cost": 3283.0, "Plan Rows": 100000, "Plan Width": 63, "Actual Startup Time": 0.02, "Actual Total Time": 43.18, "Actual Rows": 100000, "Actual Loops": 1}]}, {"Node Type": "Materialize", "Parent Relationship": "Inner", "Startup Cost": 2631808.11, "Total Cost": 2926637.82, "Plan Rows": 2, "Plan Width": 16, "Actual Startup Time": 32673.968, "Actual Total Time": 54815.031, "Actual Rows": 174381062, "Actual Loops": 3934, "Plans": [{"Node Type": "Hash Join", "Parent Relationship": "Outer", "Join Type": "Inner", "Startup Cost": 2631808.11, "Total Cost": 2926637.81, "Plan Rows": 2, "Plan Width": 16, "Actual Startup Time": 32673.241, "Actual Total Time": 37511.677, "Actual Rows": 58537, "Actual Loops": 1, "Inner Unique": false, "Hash Cond": "((lineitem.l_partkey = partsupp.ps_partkey) AND (lineitem.l_suppkey = partsupp.ps_suppkey))", "Join Filter": "((partsupp.ps_availqty)::double precision > (.5::double precision * (sum(lineitem.l_quantity))))", "Rows Removed by Join Filter": 136, "Plans": [{"Node Type": "Aggregate", "Strategy": "Hashed", "Parent Relationship": "Outer", "Startup Cost": 2405767.29, "Total Cost": 2519163.29, "Plan Rows": 9071680, "Plan Width": 40, "Actual Startup Time": 31627.107, "Actual Total Time": 34877.602, "Actual Rows": 5442751, "Actual Loops": 1, "Group By Key": ["lineitem.l_partkey", "lineitem.l_suppkey"], "Plans": [{"Node Type": "Seq Scan", "Parent Relationship": "Outer", "Relation Name": "lineitem", "Alias": "lineitem", "Startup Cost": 119.57, "Total Cost": 2315050.5, "Plan Rows": 9071680, "Plan Width": 24, "Actual Startup Time": 0.037, "Actual Total Time": 23333.254, "Actual Rows": 9109641, "Actual Loops": 1, "Filter": "((l_shipdate >= '1993-01-01 00:00:00'::timestamp(0) without time zone) AND (l_shipdate < '1994-01-01 00:00:00'::timestamp without time zone)), (LLVM Optimized, Jit Execute)", "Rows Removed by Filter": 50876411}]}, {"Node Type": "Hash", "Parent Relationship": "Inner", "Startup Cost": 225072.53, "Total Cost": 225072.53, "Plan Rows": 64552, "Plan Width": 32, "Actual Startup Time": 1045.645, "Actual Total Time": 1045.645, "Actual Rows": 86224, "Actual Loops": 1, "Hash Buckets": 65536, "Hash Batches": 1, "Original Hash Batches": 1, "Peak Memory Usage": 5389, "Plans": [{"Node Type": "Nested Loop", "Parent Relationship": "Outer", "Join Type": "Inner", "Startup Cost": 0.0, "Total Cost": 225072.53, "Plan Rows": 64552, "Plan Width": 32, "Actual Startup Time": 0.04, "Actual Total Time": 1007.292, "Actual Rows": 86224, "Actual Loops": 1, "Inner Unique": false, "Plans": [{"Node Type": "Seq Scan", "Parent Relationship": "Outer", "Relation Name": "part", "Alias": "part", "Startup Cost": 0.0, "Total Cost": 66944.0, "Plan Rows": 22472, "Plan Width": 8, "Actual Startup Time": 0.02, "Actual Total Time": 779.294, "Actual Rows": 21556, "Actual Loops": 1, "Filter": "((p_name)::text ~~ 'green%'::text)", "Rows Removed by Filter": 1978444}, {"Node Type": "Index Scan", "Parent Relationship": "Inner", "Scan Direction": "Forward", "Index Name": "idx_partsupp_partkey", "Relation Name": "partsupp", "Alias": "partsupp", "Startup Cost": 0.0, "Total Cost": 7.01, "Plan Rows": 3, "Plan Width": 24, "Actual Startup Time": 151.296, "Actual Total Time": 195.612, "Actual Rows": 86224, "Actual Loops": 21556, "Index Cond": "(ps_partkey = part.p_partkey)", "Rows Removed by Index Recheck": 0}]}]}]}]}]}]}, "Triggers": [], "Planner Runtime": 2, "Total Runtime": 88148.778, "Unique SQL Id": 202076520}}, "(16, 13)": {"explain_plan": {"Plan": {"Node Type": "Sort", "Startup Cost": 6721015.3, "Total Cost": 6721020.3, "Plan Rows": 2000, "Plan Width": 51, "Sort Key": ["supplier.s_name"], "Plans": [{"Node Type": "Nested Loop", "Parent Relationship": "Outer", "Join Type": "Semi", "Startup Cost": 6419358.7, "Total Cost": 6720905.64, "Plan Rows": 2000, "Plan Width": 51, "Inner Unique": false, "Join Filter": "(supplier.s_suppkey = lineitem.l_suppkey)", "Plans": [{"Node Type": "Nested Loop", "Parent Relationship": "Outer", "Join Type": "Inner", "Startup Cost": 0.0, "Total Cost": 6597.23, "Plan Rows": 4000, "Plan Width": 59, "Inner Unique": false, "Join Filter": "(supplier.s_nationkey = nation.n_nationkey)", "Plans": [{"Node Type": "Index Scan", "Parent Relationship": "Outer", "Scan Direction": "Forward", "Index Name": "nation_pkey", "Relation Name": "nation", "Alias": "nation", "Startup Cost": 0.0, "Total Cost": 12.69, "Plan Rows": 1, "Plan Width": 4, "Filter": "(n_name = 'ALGERIA'::bpchar)"}, {"Node Type": "Index Scan", "Parent Relationship": "Inner", "Scan Direction": "Forward", "Index Name": "supplier_pkey", "Relation Name": "supplier", "Alias": "supplier", "Startup Cost": 0.0, "Total Cost": 5334.54, "Plan Rows": 100000, "Plan Width": 63}]}, {"Node Type": "Materialize", "Parent Relationship": "Inner", "Startup Cost": 6419358.7, "Total Cost": 6714188.41, "Plan Rows": 2, "Plan Width": 16, "Plans": [{"Node Type": "Hash Join", "Parent Relationship": "Outer", "Join Type": "Inner", "Startup Cost": 6419358.7, "Total Cost": 6714188.4, "Plan Rows": 2, "Plan Width": 16, "Inner Unique": false, "Hash Cond": "((lineitem.l_partkey = partsupp.ps_partkey) AND (lineitem.l_suppkey = partsupp.ps_suppkey))", "Join Filter": "((partsupp.ps_availqty)::double precision > (.5::double precision * (sum(lineitem.l_quantity))))", "Plans": [{"Node Type": "Aggregate", "Strategy": "Hashed", "Parent Relationship": "Outer", "Startup Cost": 6154458.63, "Total Cost": 6267854.63, "Plan Rows": 9071680, "Plan Width": 40, "Group By Key": ["lineitem.l_partkey", "lineitem.l_suppkey"], "Plans": [{"Node Type": "Index Scan", "Parent Relationship": "Outer", "Scan Direction": "Forward", "Index Name": "idx_lineitem_shipdate", "Relation Name": "lineitem", "Alias": "lineitem", "Startup Cost": 0.0, "Total Cost": 6063741.83, "Plan Rows": 9071680, "Plan Width": 24, "Index Cond": "((l_shipdate >= '1993-01-01 00:00:00'::timestamp(0) without time zone) AND (l_shipdate < '1994-01-01 00:00:00'::timestamp without time zone)), (LLVM Optimized)"}]}, {"Node Type": "Hash", "Parent Relationship": "Inner", "Startup Cost": 263931.78, "Total Cost": 263931.78, "Plan Rows": 64552, "Plan Width": 32, "Plans": [{"Node Type": "Nested Loop", "Parent Relationship": "Outer", "Join Type": "Inner", "Startup Cost": 0.0, "Total Cost": 263931.78, "Plan Rows": 64552, "Plan Width": 32, "Inner Unique": false, "Plans": [{"Node Type": "Index Scan", "Parent Relationship": "Outer", "Scan Direction": "Forward", "Index Name": "part_kpey", "Relation Name": "part", "Alias": "part", "Startup Cost": 0.0, "Total Cost": 105803.25, "Plan Rows": 22472, "Plan Width": 8, "Filter": "((p_name)::text ~~ 'green%'::text)"}, {"Node Type": "Index Scan", "Parent Relationship": "Inner", "Scan Direction": "Forward", "Index Name": "idx_partsupp_partkey", "Relation Name": "partsupp", "Alias": "partsupp", "Startup Cost": 0.0, "Total Cost": 7.01, "Plan Rows": 3, "Plan Width": 24, "Index Cond": "(ps_partkey = part.p_partkey)"}]}]}]}]}]}]}, "Unique SQL Id": 202076520, "Planner Runtime": 3}, "explain_analyze_plan": {"Plan": {"Node Type": "Sort", "Startup Cost": 6721015.3, "Total Cost": 6721020.3, "Plan Rows": 2000, "Plan Width": 51, "Actual Startup Time": 90428.791, "Actual Total Time": 90428.973, "Actual Rows": 1746, "Actual Loops": 1, "Sort Key": ["supplier.s_name"], "Sort Method": "quicksort", "Sort Space Used": 309, "Sort Space Type": "Memory", "Plans": [{"Node Type": "Nested Loop", "Parent Relationship": "Outer", "Join Type": "Semi", "Startup Cost": 6419358.7, "Total Cost": 6720905.64, "Plan Rows": 2000, "Plan Width": 51, "Actual Startup Time": 39579.285, "Actual Total Time": 90424.309, "Actual Rows": 1746, "Actual Loops": 1, "Inner Unique": false, "Join Filter": "(supplier.s_suppkey = lineitem.l_suppkey)", "Rows Removed by Join Filter": 174379317, "Plans": [{"Node Type": "Nested Loop", "Parent Relationship": "Outer", "Join Type": "Inner", "Startup Cost": 0.0, "Total Cost": 6597.23, "Plan Rows": 4000, "Plan Width": 59, "Actual Startup Time": 0.064, "Actual Total Time": 103.861, "Actual Rows": 3934, "Actual Loops": 1, "Inner Unique": false, "Join Filter": "(supplier.s_nationkey = nation.n_nationkey)", "Rows Removed by Join Filter": 96066, "Plans": [{"Node Type": "Index Scan", "Parent Relationship": "Outer", "Scan Direction": "Forward", "Index Name": "nation_pkey", "Relation Name": "nation", "Alias": "nation", "Startup Cost": 0.0, "Total Cost": 12.69, "Plan Rows": 1, "Plan Width": 4, "Actual Startup Time": 0.02, "Actual Total Time": 0.051, "Actual Rows": 1, "Actual Loops": 1, "Filter": "(n_name = 'ALGERIA'::bpchar)", "Rows Removed by Filter": 24}, {"Node Type": "Index Scan", "Parent Relationship": "Inner", "Scan Direction": "Forward", "Index Name": "supplier_pkey", "Relation Name": "supplier", "Alias": "supplier", "Startup Cost": 0.0, "Total Cost": 5334.54, "Plan Rows": 100000, "Plan Width": 63, "Actual Startup Time": 0.02, "Actual Total Time": 75.892, "Actual Rows": 100000, "Actual Loops": 1}]}, {"Node Type": "Materialize", "Parent Relationship": "Inner", "Startup Cost": 6419358.7, "Total Cost": 6714188.41, "Plan Rows": 2, "Plan Width": 16, "Actual Startup Time": 34152.129, "Actual Total Time": 56957.83, "Actual Rows": 174381063, "Actual Loops": 3934, "Plans": [{"Node Type": "Hash Join", "Parent Relationship": "Outer", "Join Type": "Inner", "Startup Cost": 6419358.7, "Total Cost": 6714188.4, "Plan Rows": 2, "Plan Width": 16, "Actual Startup Time": 34151.371, "Actual Total Time": 39530.322, "Actual Rows": 58537, "Actual Loops": 1, "Inner Unique": false, "Hash Cond": "((lineitem.l_partkey = partsupp.ps_partkey) AND (lineitem.l_suppkey = partsupp.ps_suppkey))", "Join Filter": "((partsupp.ps_availqty)::double precision > (.5::double precision * (sum(lineitem.l_quantity))))", "Rows Removed by Join Filter": 136, "Plans": [{"Node Type": "Aggregate", "Strategy": "Hashed", "Parent Relationship": "Outer", "Startup Cost": 6154458.63, "Total Cost": 6267854.63, "Plan Rows": 9071680, "Plan Width": 40, "Actual Startup Time": 32406.072, "Actual Total Time": 36238.966, "Actual Rows": 5442751, "Actual Loops": 1, "Group By Key": ["lineitem.l_partkey", "lineitem.l_suppkey"], "Plans": [{"Node Type": "Index Scan", "Parent Relationship": "Outer", "Scan Direction": "Forward", "Index Name": "idx_lineitem_shipdate", "Relation Name": "lineitem", "Alias": "lineitem", "Startup Cost": 0.0, "Total Cost": 6063741.83, "Plan Rows": 9071680, "Plan Width": 24, "Actual Startup Time": 0.074, "Actual Total Time": 23879.708, "Actual Rows": 9109641, "Actual Loops": 1, "Index Cond": "((l_shipdate >= '1993-01-01 00:00:00'::timestamp(0) without time zone) AND (l_shipdate < '1994-01-01 00:00:00'::timestamp without time zone)), (LLVM Optimized, Jit Execute)", "Rows Removed by Index Recheck": 0}]}, {"Node Type": "Hash", "Parent Relationship": "Inner", "Startup Cost": 263931.78, "Total Cost": 263931.78, "Plan Rows": 64552, "Plan Width": 32, "Actual Startup Time": 1745.137, "Actual Total Time": 1745.137, "Actual Rows": 86224, "Actual Loops": 1, "Hash Buckets": 65536, "Hash Batches": 1, "Original Hash Batches": 1, "Peak Memory Usage": 5389, "Plans": [{"Node Type": "Nested Loop", "Parent Relationship": "Outer", "Join Type": "Inner", "Startup Cost": 0.0, "Total Cost": 263931.78, "Plan Rows": 64552, "Plan Width": 32, "Actual Startup Time": 0.053, "Actual Total Time": 1712.804, "Actual Rows": 86224, "Actual Loops": 1, "Inner Unique": false, "Plans": [{"Node Type": "Index Scan", "Parent Relationship": "Outer", "Scan Direction": "Forward", "Index Name": "part_kpey", "Relation Name": "part", "Alias": "part", "Startup Cost": 0.0, "Total Cost": 105803.25, "Plan Rows": 22472, "Plan Width": 8, "Actual Startup Time": 0.041, "Actual Total Time": 1519.048, "Actual Rows": 21556, "Actual Loops": 1, "Filter": "((p_name)::text ~~ 'green%'::text)", "Rows Removed by Filter": 1978444}, {"Node Type": "Index Scan", "Parent Relationship": "Inner", "Scan Direction": "Forward", "Index Name": "idx_partsupp_partkey", "Relation Name": "partsupp", "Alias": "partsupp", "Startup Cost": 0.0, "Total Cost": 7.01, "Plan Rows": 3, "Plan Width": 24, "Actual Startup Time": 114.497, "Actual Total Time": 160.812, "Actual Rows": 86224, "Actual Loops": 21556, "Index Cond": "(ps_partkey = part.p_partkey)", "Rows Removed by Index Recheck": 0}]}]}]}]}]}]}, "Triggers": [], "Planner Runtime": 2, "Total Runtime": 90438.681, "Unique SQL Id": 202076520}}, "(16, 14)": {"explain_plan": {"Plan": {"Node Type": "Sort", "Startup Cost": 3064191.97, "Total Cost": 3064196.97, "Plan Rows": 2000, "Plan Width": 51, "Sort Key": ["supplier.s_name"], "Plans": [{"Node Type": "Nested Loop", "Parent Relationship": "Outer", "Join Type": "Semi", "Startup Cost": 2764598.29, "Total Cost": 3064082.31, "Plan Rows": 2000, "Plan Width": 51, "Inner Unique": false, "Join Filter": "(supplier.s_suppkey = lineitem.l_suppkey)", "Plans": [{"Node Type": "Nested Loop", "Parent Relationship": "Outer", "Join Type": "Inner", "Startup Cost": 0.0, "Total Cost": 4534.31, "Plan Rows": 4000, "Plan Width": 59, "Inner Unique": false, "Join Filter": "(supplier.s_nationkey = nation.n_nationkey)", "Plans": [{"Node Type": "Seq Scan", "Parent Relationship": "Outer", "Relation Name": "nation", "Alias": "nation", "Startup Cost": 0.0, "Total Cost": 1.31, "Plan Rows": 1, "Plan Width": 4, "Filter": "(n_name = 'ALGERIA'::bpchar)"}, {"Node Type": "Seq Scan", "Parent Relationship": "Inner", "Relation Name": "supplier", "Alias": "supplier", "Startup Cost": 0.0, "Total Cost": 3283.0, "Plan Rows": 100000, "Plan Width": 63}]}, {"Node Type": "Materialize", "Parent Relationship": "Inner", "Startup Cost": 2764598.29, "Total Cost": 3059428.0, "Plan Rows": 2, "Plan Width": 16, "Plans": [{"Node Type": "Hash Join", "Parent Relationship": "Outer", "Join Type": "Inner", "Startup Cost": 2764598.29, "Total Cost": 3059427.99, "Plan Rows": 2, "Plan Width": 16, "Inner Unique": false, "Hash Cond": "((lineitem.l_partkey = partsupp.ps_partkey) AND (lineitem.l_suppkey = partsupp.ps_suppkey))", "Join Filter": "((partsupp.ps_availqty)::double precision > (.5::double precision * (sum(lineitem.l_quantity))))", "Plans": [{"Node Type": "Aggregate", "Strategy": "Hashed", "Parent Relationship": "Outer", "Startup Cost": 2405767.29, "Total Cost": 2519163.29, "Plan Rows": 9071680, "Plan Width": 40, "Group By Key": ["lineitem.l_partkey", "lineitem.l_suppkey"], "Plans": [{"Node Type": "Seq Scan", "Parent Relationship": "Outer", "Relation Name": "lineitem", "Alias": "lineitem", "Startup Cost": 119.57, "Total Cost": 2315050.5, "Plan Rows": 9071680, "Plan Width": 24, "Filter": "((l_shipdate >= '1993-01-01 00:00:00'::timestamp(0) without time zone) AND (l_shipdate < '1994-01-01 00:00:00'::timestamp without time zone)), (LLVM Optimized)"}]}, {"Node Type": "Hash", "Parent Relationship": "Inner", "Startup Cost": 357862.71, "Total Cost": 357862.71, "Plan Rows": 64552, "Plan Width": 32, "Plans": [{"Node Type": "Hash Join", "Parent Relationship": "Outer", "Join Type": "Inner", "Startup Cost": 67224.9, "Total Cost": 357862.71, "Plan Rows": 64552, "Plan Width": 32, "Inner Unique": true, "Hash Cond": "(partsupp.ps_partkey = part.p_partkey)", "Plans": [{"Node Type": "Seq Scan", "Parent Relationship": "Outer", "Relation Name": "partsupp", "Alias": "partsupp", "Startup Cost": 0.0, "Total Cost": 269987.72, "Plan Rows": 8000372, "Plan Width": 24}, {"Node Type": "Hash", "Parent Relationship": "Inner", "Startup Cost": 66944.0, "Total Cost": 66944.0, "Plan Rows": 22472, "Plan Width": 8, "Plans": [{"Node Type": "Seq Scan", "Parent Relationship": "Outer", "Relation Name": "part", "Alias": "part", "Startup Cost": 0.0, "Total Cost": 66944.0, "Plan Rows": 22472, "Plan Width": 8, "Filter": "((p_name)::text ~~ 'green%'::text)"}]}]}]}]}]}]}]}, "Unique SQL Id": 202076520, "Planner Runtime": 3}, "explain_analyze_plan": {"Plan": {"Node Type": "Sort", "Startup Cost": 3064191.97, "Total Cost": 3064196.97, "Plan Rows": 2000, "Plan Width": 51, "Actual Startup Time": 91604.033, "Actual Total Time": 91604.184, "Actual Rows": 1746, "Actual Loops": 1, "Sort Key": ["supplier.s_name"], "Sort Method": "quicksort", "Sort Space Used": 309, "Sort Space Type": "Memory", "Plans": [{"Node Type": "Nested Loop", "Parent Relationship": "Outer", "Join Type": "Semi", "Startup Cost": 2764598.29, "Total Cost": 3064082.31, "Plan Rows": 2000, "Plan Width": 51, "Actual Startup Time": 40981.267, "Actual Total Time": 91596.578, "Actual Rows": 1746, "Actual Loops": 1, "Inner Unique": false, "Join Filter": "(supplier.s_suppkey = lineitem.l_suppkey)", "Rows Removed by Join Filter": 174379316, "Plans": [{"Node Type": "Nested Loop", "Parent Relationship": "Outer", "Join Type": "Inner", "Startup Cost": 0.0, "Total Cost": 4534.31, "Plan Rows": 4000, "Plan Width": 59, "Actual Startup Time": 0.062, "Actual Total Time": 71.893, "Actual Rows": 3934, "Actual Loops": 1, "Inner Unique": false, "Join Filter": "(supplier.s_nationkey = nation.n_nationkey)", "Rows Removed by Join Filter": 96066, "Plans": [{"Node Type": "Seq Scan", "Parent Relationship": "Outer", "Relation Name": "nation", "Alias": "nation", "Startup Cost": 0.0, "Total Cost": 1.31, "Plan Rows": 1, "Plan Width": 4, "Actual Startup Time": 0.021, "Actual Total Time": 0.053, "Actual Rows": 1, "Actual Loops": 1, "Filter": "(n_name = 'ALGERIA'::bpchar)", "Rows Removed by Filter": 24}, {"Node Type": "Seq Scan", "Parent Relationship": "Inner", "Relation Name": "supplier", "Alias": "supplier", "Startup Cost": 0.0, "Total Cost": 3283.0, "Plan Rows": 100000, "Plan Width": 63, "Actual Startup Time": 0.024, "Actual Total Time": 42.675, "Actual Rows": 100000, "Actual Loops": 1}]}, {"Node Type": "Materialize", "Parent Relationship": "Inner", "Startup Cost": 2764598.29, "Total Cost": 3059428.0, "Plan Rows": 2, "Plan Width": 16, "Actual Startup Time": 36498.126, "Actual Total Time": 58245.252, "Actual Rows": 174381062, "Actual Loops": 3934, "Plans": [{"Node Type": "Hash Join", "Parent Relationship": "Outer", "Join Type": "Inner", "Startup Cost": 2764598.29, "Total Cost": 3059427.99, "Plan Rows": 2, "Plan Width": 16, "Actual Startup Time": 36497.424, "Actual Total Time": 40933.883, "Actual Rows": 58537, "Actual Loops": 1, "Inner Unique": false, "Hash Cond": "((lineitem.l_partkey = partsupp.ps_partkey) AND (lineitem.l_suppkey = partsupp.ps_suppkey))", "Join Filter": "((partsupp.ps_availqty)::double precision > (.5::double precision * (sum(lineitem.l_quantity))))", "Rows Removed by Join Filter": 136, "Plans": [{"Node Type": "Aggregate", "Strategy": "Hashed", "Parent Relationship": "Outer", "Startup Cost": 2405767.29, "Total Cost": 2519163.29, "Plan Rows": 9071680, "Plan Width": 40, "Actual Startup Time": 31692.206, "Actual Total Time": 34596.515, "Actual Rows": 5442751, "Actual Loops": 1, "Group By Key": ["lineitem.l_partkey", "lineitem.l_suppkey"], "Plans": [{"Node Type": "Seq Scan", "Parent Relationship": "Outer", "Relation Name": "lineitem", "Alias": "lineitem", "Startup Cost": 119.57, "Total Cost": 2315050.5, "Plan Rows": 9071680, "Plan Width": 24, "Actual Startup Time": 0.057, "Actual Total Time": 23401.471, "Actual Rows": 9109641, "Actual Loops": 1, "Filter": "((l_shipdate >= '1993-01-01 00:00:00'::timestamp(0) without time zone) AND (l_shipdate < '1994-01-01 00:00:00'::timestamp without time zone)), (LLVM Optimized, Jit Execute)", "Rows Removed by Filter": 50876411}]}, {"Node Type": "Hash", "Parent Relationship": "Inner", "Startup Cost": 357862.71, "Total Cost": 357862.71, "Plan Rows": 64552, "Plan Width": 32, "Actual Startup Time": 4804.554, "Actual Total Time": 4804.554, "Actual Rows": 86224, "Actual Loops": 1, "Hash Buckets": 65536, "Hash Batches": 1, "Original Hash Batches": 1, "Peak Memory Usage": 5389, "Plans": [{"Node Type": "Hash Join", "Parent Relationship": "Outer", "Join Type": "Inner", "Startup Cost": 67224.9, "Total Cost": 357862.71, "Plan Rows": 64552, "Plan Width": 32, "Actual Startup Time": 793.423, "Actual Total Time": 4764.2, "Actual Rows": 86224, "Actual Loops": 1, "Inner Unique": true, "Hash Cond": "(partsupp.ps_partkey = part.p_partkey)", "Plans": [{"Node Type": "Seq Scan", "Parent Relationship": "Outer", "Relation Name": "partsupp", "Alias": "partsupp", "Startup Cost": 0.0, "Total Cost": 269987.72, "Plan Rows": 8000372, "Plan Width": 24, "Actual Startup Time": 0.011, "Actual Total Time": 2434.768, "Actual Rows": 8000000, "Actual Loops": 1}, {"Node Type": "Hash", "Parent Relationship": "Inner", "Startup Cost": 66944.0, "Total Cost": 66944.0, "Plan Rows": 22472, "Plan Width": 8, "Actual Startup Time": 793.28, "Actual Total Time": 793.28, "Actual Rows": 21556, "Actual Loops": 1, "Hash Buckets": 32768, "Hash Batches": 1, "Original Hash Batches": 1, "Peak Memory Usage": 843, "Plans": [{"Node Type": "Seq Scan", "Parent Relationship": "Outer", "Relation Name": "part", "Alias": "part", "Startup Cost": 0.0, "Total Cost": 66944.0, "Plan Rows": 22472, "Plan Width": 8, "Actual Startup Time": 0.028, "Actual Total Time": 784.169, "Actual Rows": 21556, "Actual Loops": 1, "Filter": "((p_name)::text ~~ 'green%'::text)", "Rows Removed by Filter": 1978444}]}]}]}]}]}]}]}, "Triggers": [], "Planner Runtime": 2, "Total Runtime": 91614.016, "Unique SQL Id": 202076520}}, "(16, 15)": {"explain_plan": {"Plan": {"Node Type": "Sort", "Startup Cost": 5018253560954.49, "Total Cost": 5018253560959.49, "Plan Rows": 2000, "Plan Width": 51, "Sort Key": ["supplier.s_name"], "Plans": [{"Node Type": "Merge Join", "Parent Relationship": "Outer", "Join Type": "Semi", "Startup Cost": 1040805475552.94, "Total Cost": 5018253560844.84, "Plan Rows": 2000, "Plan Width": 51, "Inner Unique": false, "Merge Cond": "(supplier.s_suppkey = subquery.\"?column?\")", "Plans": [{"Node Type": "Nested Loop", "Parent Relationship": "Outer", "Join Type": "Inner", "Startup Cost": 20000000000.0, "Total Cost": 2000000536223.13, "Plan Rows": 4000, "Plan Width": 59, "Inner Unique": true, "Join Filter": "(supplier.s_nationkey = nation.n_nationkey)", "Plans": [{"Node Type": "Index Scan", "Parent Relationship": "Outer", "Scan Direction": "Forward", "Index Name": "supplier_pkey", "Relation Name": "supplier", "Alias": "supplier", "Startup Cost": 10000000000.0, "Total Cost": 1000000533454.38, "Plan Rows": 100000, "Plan Width": 63}, {"Node Type": "Materialize", "Parent Relationship": "Inner", "Startup Cost": 10000000000.0, "Total Cost": 1000000001268.76, "Plan Rows": 1, "Plan Width": 4, "Plans": [{"Node Type": "Index Scan", "Parent Relationship": "Outer", "Scan Direction": "Forward", "Index Name": "nation_pkey", "Relation Name": "nation", "Alias": "nation", "Startup Cost": 10000000000.0, "Total Cost": 1000000001268.75, "Plan Rows": 1, "Plan Width": 4, "Filter": "(n_name = 'ALGERIA'::bpchar)"}]}]}, {"Node Type": "Materialize", "Parent Relationship": "Inner", "Startup Cost": 1020805475552.94, "Total Cost": 3018253024611.68, "Plan Rows": 2, "Plan Width": 16, "Plans": [{"Node Type": "Nested Loop", "Parent Relationship": "Outer", "Join Type": "Inner", "Startup Cost": 1020805475552.94, "Total Cost": 3018253024611.67, "Plan Rows": 2, "Plan Width": 16, "Inner Unique": true, "Join Filter": "((partsupp.ps_partkey = subquery.\"?column?\") AND (partsupp.ps_suppkey = subquery.\"?column?\") AND ((partsupp.ps_availqty)::double precision > (.5::double precision * subquery.\"?column?\")))", "Plans": [{"Node Type": "Nested Loop", "Parent Relationship": "Outer", "Join Type": "Semi", "Startup Cost": 20000000000.0, "Total Cost": 2002807445082.73, "Plan Rows": 64552, "Plan Width": 32, "Inner Unique": false, "Join Filter": "(partsupp.ps_partkey = part.p_partkey)", "Plans": [{"Node Type": "Index Scan", "Parent Relationship": "Outer", "Scan Direction": "Forward", "Index Name": "idx_partsupp_suppkey", "Relation Name": "partsupp", "Alias": "partsupp", "Startup Cost": 10000000000.0, "Total Cost": 1000100160480.77, "Plan Rows": 8000372, "Plan Width": 24}, {"Node Type": "Materialize", "Parent Relationship": "Inner", "Startup Cost": 10000000000.0, "Total Cost": 1000010580437.36, "Plan Rows": 22472, "Plan Width": 8, "Plans": [{"Node Type": "Index Scan", "Parent Relationship": "Outer", "Scan Direction": "Forward", "Index Name": "part_kpey", "Relation Name": "part", "Alias": "part", "Startup Cost": 10000000000.0, "Total Cost": 1000010580325.0, "Plan Rows": 22472, "Plan Width": 8, "Filter": "((p_name)::text ~~ 'green%'::text)"}]}]}, {"Node Type": "Materialize", "Parent Relationship": "Inner", "Startup Cost": 1000805475552.94, "Total Cost": 1000805725024.14, "Plan Rows": 9071680, "Plan Width": 24, "Plans": [{"Node Type": "Subquery Scan", "Parent Relationship": "Outer", "Alias": "subquery", "Startup Cost": 1000805475552.94, "Total Cost": 1000805679665.74, "Plan Rows": 9071680, "Plan Width": 24, "Plans": [{"Node Type": "Aggregate", "Strategy": "Hashed", "Parent Relationship": "Subquery", "Startup Cost": 1000805475552.94, "Total Cost": 1000805588948.94, "Plan Rows": 9071680, "Plan Width": 40, "Group By Key": ["lineitem.l_partkey", "lineitem.l_suppkey"], "Plans": [{"Node Type": "Index Scan", "Parent Relationship": "Outer", "Scan Direction": "Forward", "Index Name": "idx_lineitem_part_supp", "Relation Name": "lineitem", "Alias": "lineitem", "Startup Cost": 10000000000.0, "Total Cost": 1000805384836.14, "Plan Rows": 9071680, "Plan Width": 24, "Filter": "((l_shipdate >= '1993-01-01 00:00:00'::timestamp(0) without time zone) AND (l_shipdate < '1994-01-01 00:00:00'::timestamp without time zone)), (LLVM Optimized)"}]}]}]}]}]}]}]}, "Unique SQL Id": 202076520, "Planner Runtime": 3}, "explain_analyze_plan": null}, "(16, 16)": {"explain_plan": {"Plan": {"Node Type": "Sort", "Startup Cost": 3512344.14, "Total Cost": 3512349.14, "Plan Rows": 2000, "Plan Width": 51, "Sort Key": ["supplier.s_name"], "Plans": [{"Node Type": "Nested Loop", "Parent Relationship": "Outer", "Join Type": "Semi", "Startup Cost": 3439058.32, "Total Cost": 3512234.48, "Plan Rows": 2000, "Plan Width": 51, "Inner Unique": false, "Join Filter": "(supplier.s_suppkey = subquery.\"?column?\")", "Plans": [{"Node Type": "Nested Loop", "Parent Relationship": "Outer", "Join Type": "Inner", "Startup Cost": 0.0, "Total Cost": 4534.31, "Plan Rows": 4000, "Plan Width": 59, "Inner Unique": false, "Join Filter": "(supplier.s_nationkey = nation.n_nationkey)", "Plans": [{"Node Type": "Seq Scan", "Parent Relationship": "Outer", "Relation Name": "nation", "Alias": "nation", "Startup Cost": 0.0, "Total Cost": 1.31, "Plan Rows": 1, "Plan Width": 4, "Filter": "(n_name = 'ALGERIA'::bpchar)"}, {"Node Type": "Seq Scan", "Parent Relationship": "Inner", "Relation Name": "supplier", "Alias": "supplier", "Startup Cost": 0.0, "Total Cost": 3283.0, "Plan Rows": 100000, "Plan Width": 63}]}, {"Node Type": "Materialize", "Parent Relationship": "Inner", "Startup Cost": 3439058.32, "Total Cost": 3507580.17, "Plan Rows": 2, "Plan Width": 16, "Plans": [{"Node Type": "Merge Join", "Parent Relationship": "Outer", "Join Type": "Inner", "Startup Cost": 3439058.32, "Total Cost": 3507580.16, "Plan Rows": 2, "Plan Width": 16, "Inner Unique": true, "Merge Cond": "((partsupp.ps_suppkey = subquery.\"?column?\") AND (partsupp.ps_partkey = subquery.\"?column?\"))", "Join Filter": "((partsupp.ps_availqty)::double precision > (.5::double precision * subquery.\"?column?\"))", "Plans": [{"Node Type": "Sort", "Parent Relationship": "Outer", "Startup Cost": 230229.65, "Total Cost": 230391.03, "Plan Rows": 64552, "Plan Width": 32, "Sort Key": ["partsupp.ps_suppkey", "partsupp.ps_partkey"], "Plans": [{"Node Type": "Nested Loop", "Parent Relationship": "Outer", "Join Type": "Inner", "Startup Cost": 0.0, "Total Cost": 225072.53, "Plan Rows": 64552, "Plan Width": 32, "Inner Unique": false, "Plans": [{"Node Type": "Seq Scan", "Parent Relationship": "Outer", "Relation Name": "part", "Alias": "part", "Startup Cost": 0.0, "Total Cost": 66944.0, "Plan Rows": 22472, "Plan Width": 8, "Filter": "((p_name)::text ~~ 'green%'::text)"}, {"Node Type": "Index Scan", "Parent Relationship": "Inner", "Scan Direction": "Forward", "Index Name": "idx_partsupp_partkey", "Relation Name": "partsupp", "Alias": "partsupp", "Startup Cost": 0.0, "Total Cost": 7.01, "Plan Rows": 3, "Plan Width": 24, "Index Cond": "(ps_partkey = part.p_partkey)"}]}]}, {"Node Type": "Sort", "Parent Relationship": "Inner", "Startup Cost": 3208828.67, "Total Cost": 3231507.87, "Plan Rows": 9071680, "Plan Width": 24, "Sort Key": ["subquery.\"?column?\"", "subquery.\"?column?\""], "Plans": [{"Node Type": "Subquery Scan", "Parent Relationship": "Outer", "Alias": "subquery", "Startup Cost": 1956349.97, "Total Cost": 2160462.77, "Plan Rows": 9071680, "Plan Width": 24, "Plans": [{"Node Type": "Aggregate", "Strategy": "Hashed", "Parent Relationship": "Subquery", "Startup Cost": 1956349.97, "Total Cost": 2069745.97, "Plan Rows": 9071680, "Plan Width": 40, "Group By Key": ["lineitem.l_partkey", "lineitem.l_suppkey"], "Plans": [{"Node Type": "Bitmap Heap Scan", "Parent Relationship": "Outer", "Relation Name": "lineitem", "Alias": "lineitem", "Startup Cost": 314312.97, "Total Cost": 1865633.17, "Plan Rows": 9071680, "Plan Width": 24, "Recheck Cond": "((l_shipdate >= '1993-01-01 00:00:00'::timestamp(0) without time zone) AND (l_shipdate < '1994-01-01 00:00:00'::timestamp without time zone)), (LLVM Optimized)", "Plans": [{"Node Type": "Bitmap Index Scan", "Parent Relationship": "Outer", "Index Name": "idx_lineitem_shipdate", "Startup Cost": 0.0, "Total Cost": 312045.05, "Plan Rows": 9071680, "Plan Width": 0, "Index Cond": "((l_shipdate >= '1993-01-01 00:00:00'::timestamp(0) without time zone) AND (l_shipdate < '1994-01-01 00:00:00'::timestamp without time zone))"}]}]}]}]}]}]}]}]}, "Unique SQL Id": 202076520, "Planner Runtime": 2}, "explain_analyze_plan": {"Plan": {"Node Type": "Sort", "Startup Cost": 3512344.14, "Total Cost": 3512349.14, "Plan Rows": 2000, "Plan Width": 51, "Actual Startup Time": 83507.592, "Actual Total Time": 83507.748, "Actual Rows": 1746, "Actual Loops": 1, "Sort Key": ["supplier.s_name"], "Sort Method": "quicksort", "Sort Space Used": 309, "Sort Space Type": "Memory", "Plans": [{"Node Type": "Nested Loop", "Parent Relationship": "Outer", "Join Type": "Semi", "Startup Cost": 3439058.32, "Total Cost": 3512234.48, "Plan Rows": 2000, "Plan Width": 51, "Actual Startup Time": 31809.859, "Actual Total Time": 83500.274, "Actual Rows": 1746, "Actual Loops": 1, "Inner Unique": false, "Join Filter": "(supplier.s_suppkey = subquery.\"?column?\")", "Rows Removed by Join Filter": 178136880, "Plans": [{"Node Type": "Nested Loop", "Parent Relationship": "Outer", "Join Type": "Inner", "Startup Cost": 0.0, "Total Cost": 4534.31, "Plan Rows": 4000, "Plan Width": 59, "Actual Startup Time": 0.053, "Actual Total Time": 71.407, "Actual Rows": 3934, "Actual Loops": 1, "Inner Unique": false, "Join Filter": "(supplier.s_nationkey = nation.n_nationkey)", "Rows Removed by Join Filter": 96066, "Plans": [{"Node Type": "Seq Scan", "Parent Relationship": "Outer", "Relation Name": "nation", "Alias": "nation", "Startup Cost": 0.0, "Total Cost": 1.31, "Plan Rows": 1, "Plan Width": 4, "Actual Startup Time": 0.018, "Actual Total Time": 0.118, "Actual Rows": 1, "Actual Loops": 1, "Filter": "(n_name = 'ALGERIA'::bpchar)", "Rows Removed by Filter": 24}, {"Node Type": "Seq Scan", "Parent Relationship": "Inner", "Relation Name": "supplier", "Alias": "supplier", "Startup Cost": 0.0, "Total Cost": 3283.0, "Plan Rows": 100000, "Plan Width": 63, "Actual Startup Time": 0.019, "Actual Total Time": 42.13, "Actual Rows": 100000, "Actual Loops": 1}]}, {"Node Type": "Materialize", "Parent Relationship": "Inner", "Startup Cost": 3439058.32, "Total Cost": 3507580.17, "Plan Rows": 2, "Plan Width": 16, "Actual Startup Time": 29209.208, "Actual Total Time": 49422.081, "Actual Rows": 178138626, "Actual Loops": 3934, "Plans": [{"Node Type": "Merge Join", "Parent Relationship": "Outer", "Join Type": "Inner", "Startup Cost": 3439058.32, "Total Cost": 3507580.16, "Plan Rows": 2, "Plan Width": 16, "Actual Startup Time": 29208.416, "Actual Total Time": 31780.995, "Actual Rows": 58537, "Actual Loops": 1, "Inner Unique": true, "Merge Cond": "((partsupp.ps_suppkey = subquery.\"?column?\") AND (partsupp.ps_partkey = subquery.\"?column?\"))", "Join Filter": "((partsupp.ps_availqty)::double precision > (.5::double precision * subquery.\"?column?\"))", "Rows Removed by Join Filter": 0, "Plans": [{"Node Type": "Sort", "Parent Relationship": "Outer", "Startup Cost": 230229.65, "Total Cost": 230391.03, "Plan Rows": 64552, "Plan Width": 32, "Actual Startup Time": 1048.967, "Actual Total Time": 1075.264, "Actual Rows": 86224, "Actual Loops": 1, "Sort Key": ["partsupp.ps_suppkey", "partsupp.ps_partkey"], "Sort Method": "quicksort", "Sort Space Used": 11156, "Sort Space Type": "Memory", "Plans": [{"Node Type": "Nested Loop", "Parent Relationship": "Outer", "Join Type": "Inner", "Startup Cost": 0.0, "Total Cost": 225072.53, "Plan Rows": 64552, "Plan Width": 32, "Actual Startup Time": 0.037, "Actual Total Time": 1000.893, "Actual Rows": 86224, "Actual Loops": 1, "Inner Unique": false, "Plans": [{"Node Type": "Seq Scan", "Parent Relationship": "Outer", "Relation Name": "part", "Alias": "part", "Startup Cost": 0.0, "Total Cost": 66944.0, "Plan Rows": 22472, "Plan Width": 8, "Actual Startup Time": 0.02, "Actual Total Time": 782.719, "Actual Rows": 21556, "Actual Loops": 1, "Filter": "((p_name)::text ~~ 'green%'::text)", "Rows Removed by Filter": 1978444}, {"Node Type": "Index Scan", "Parent Relationship": "Inner", "Scan Direction": "Forward", "Index Name": "idx_partsupp_partkey", "Relation Name": "partsupp", "Alias": "partsupp", "Startup Cost": 0.0, "Total Cost": 7.01, "Plan Rows": 3, "Plan Width": 24, "Actual Startup Time": 141.464, "Actual Total Time": 187.886, "Actual Rows": 86224, "Actual Loops": 21556, "Index Cond": "(ps_partkey = part.p_partkey)", "Rows Removed by Index Recheck": 0}]}]}, {"Node Type": "Sort", "Parent Relationship": "Inner", "Startup Cost": 3208828.67, "Total Cost": 3231507.87, "Plan Rows": 9071680, "Plan Width": 24, "Actual Startup Time": 28159.31, "Actual Total Time": 29873.618, "Actual Rows": 5442737, "Actual Loops": 1, "Sort Key": ["subquery.\"?column?\"", "subquery.\"?column?\""], "Sort Method": "quicksort", "Sort Space Used": 706866, "Sort Space Type": "Memory", "Plans": [{"Node Type": "Subquery Scan", "Parent Relationship": "Outer", "Alias": "subquery", "Startup Cost": 1956349.97, "Total Cost": 2160462.77, "Plan Rows": 9071680, "Plan Width": 24, "Actual Startup Time": 18810.036, "Actual Total Time": 23190.922, "Actual Rows": 5442751, "Actual Loops": 1, "Plans": [{"Node Type": "Aggregate", "Strategy": "Hashed", "Parent Relationship": "Subquery", "Startup Cost": 1956349.97, "Total Cost": 2069745.97, "Plan Rows": 9071680, "Plan Width": 40, "Actual Startup Time": 18810.03, "Actual Total Time": 22182.898, "Actual Rows": 5442751, "Actual Loops": 1, "Group By Key": ["lineitem.l_partkey", "lineitem.l_suppkey"], "Plans": [{"Node Type": "Bitmap Heap Scan", "Parent Relationship": "Outer", "Relation Name": "lineitem", "Alias": "lineitem", "Startup Cost": 314312.97, "Total Cost": 1865633.17, "Plan Rows": 9071680, "Plan Width": 24, "Actual Startup Time": 4033.582, "Actual Total Time": 11756.215, "Actual Rows": 9109641, "Actual Loops": 1, "Recheck Cond": "((l_shipdate >= '1993-01-01 00:00:00'::timestamp(0) without time zone) AND (l_shipdate < '1994-01-01 00:00:00'::timestamp without time zone)), (LLVM Optimized, Jit Execute)", "Rows Removed by Index Recheck": 0, "Exact Heap Blocks": 1252335, "Lossy Heap Blocks": 1252335, "Plans": [{"Node Type": "Bitmap Index Scan", "Parent Relationship": "Outer", "Index Name": "idx_lineitem_shipdate", "Startup Cost": 0.0, "Total Cost": 312045.05, "Plan Rows": 9071680, "Plan Width": 0, "Actual Startup Time": 3477.804, "Actual Total Time": 3477.804, "Actual Rows": 9109641, "Actual Loops": 1, "Index Cond": "((l_shipdate >= '1993-01-01 00:00:00'::timestamp(0) without time zone) AND (l_shipdate < '1994-01-01 00:00:00'::timestamp without time zone))"}]}]}]}]}]}]}]}]}, "Triggers": [], "Planner Runtime": 2, "Total Runtime": 83518.989, "Unique SQL Id": 202076520}}, "(16, 17)": {"explain_plan": {"Plan": {"Node Type": "Sort", "Startup Cost": 3531947.57, "Total Cost": 3531952.57, "Plan Rows": 2000, "Plan Width": 51, "Sort Key": ["supplier.s_name"], "Plans": [{"Node Type": "Nested Loop", "Parent Relationship": "Outer", "Join Type": "Semi", "Startup Cost": 3208828.67, "Total Cost": 3531837.91, "Plan Rows": 2000, "Plan Width": 51, "Inner Unique": false, "Join Filter": "(supplier.s_suppkey = subquery.\"?column?\")", "Plans": [{"Node Type": "Nested Loop", "Parent Relationship": "Outer", "Join Type": "Inner", "Startup Cost": 0.0, "Total Cost": 6597.23, "Plan Rows": 4000, "Plan Width": 59, "Inner Unique": false, "Join Filter": "(supplier.s_nationkey = nation.n_nationkey)", "Plans": [{"Node Type": "Index Scan", "Parent Relationship": "Outer", "Scan Direction": "Forward", "Index Name": "nation_pkey", "Relation Name": "nation", "Alias": "nation", "Startup Cost": 0.0, "Total Cost": 12.69, "Plan Rows": 1, "Plan Width": 4, "Filter": "(n_name = 'ALGERIA'::bpchar)"}, {"Node Type": "Index Scan", "Parent Relationship": "Inner", "Scan Direction": "Forward", "Index Name": "supplier_pkey", "Relation Name": "supplier", "Alias": "supplier", "Startup Cost": 0.0, "Total Cost": 5334.54, "Plan Rows": 100000, "Plan Width": 63}]}, {"Node Type": "Materialize", "Parent Relationship": "Inner", "Startup Cost": 3208828.67, "Total Cost": 3525120.68, "Plan Rows": 2, "Plan Width": 16, "Plans": [{"Node Type": "Merge Join", "Parent Relationship": "Outer", "Join Type": "Inner", "Startup Cost": 3208828.67, "Total Cost": 3525120.67, "Plan Rows": 2, "Plan Width": 16, "Inner Unique": true, "Merge Cond": "(partsupp.ps_partkey = subquery.\"?column?\")", "Join Filter": "((partsupp.ps_suppkey = subquery.\"?column?\") AND ((partsupp.ps_availqty)::double precision > (.5::double precision * subquery.\"?column?\")))", "Plans": [{"Node Type": "Nested Loop", "Parent Relationship": "Outer", "Join Type": "Inner", "Startup Cost": 0.0, "Total Cost": 263931.78, "Plan Rows": 64552, "Plan Width": 32, "Inner Unique": false, "Plans": [{"Node Type": "Index Scan", "Parent Relationship": "Outer", "Scan Direction": "Forward", "Index Name": "part_kpey", "Relation Name": "part", "Alias": "part", "Startup Cost": 0.0, "Total Cost": 105803.25, "Plan Rows": 22472, "Plan Width": 8, "Filter": "((p_name)::text ~~ 'green%'::text)"}, {"Node Type": "Index Scan", "Parent Relationship": "Inner", "Scan Direction": "Forward", "Index Name": "idx_partsupp_partkey", "Relation Name": "partsupp", "Alias": "partsupp", "Startup Cost": 0.0, "Total Cost": 7.01, "Plan Rows": 3, "Plan Width": 24, "Index Cond": "(ps_partkey = part.p_partkey)"}]}, {"Node Type": "Sort", "Parent Relationship": "Inner", "Startup Cost": 3208828.67, "Total Cost": 3231507.87, "Plan Rows": 9071680, "Plan Width": 24, "Sort Key": ["subquery.\"?column?\""], "Plans": [{"Node Type": "Subquery Scan", "Parent Relationship": "Outer", "Alias": "subquery", "Startup Cost": 1956349.97, "Total Cost": 2160462.77, "Plan Rows": 9071680, "Plan Width": 24, "Plans": [{"Node Type": "Aggregate", "Strategy": "Hashed", "Parent Relationship": "Subquery", "Startup Cost": 1956349.97, "Total Cost": 2069745.97, "Plan Rows": 9071680, "Plan Width": 40, "Group By Key": ["lineitem.l_partkey", "lineitem.l_suppkey"], "Plans": [{"Node Type": "Bitmap Heap Scan", "Parent Relationship": "Outer", "Relation Name": "lineitem", "Alias": "lineitem", "Startup Cost": 314312.97, "Total Cost": 1865633.17, "Plan Rows": 9071680, "Plan Width": 24, "Recheck Cond": "((l_shipdate >= '1993-01-01 00:00:00'::timestamp(0) without time zone) AND (l_shipdate < '1994-01-01 00:00:00'::timestamp without time zone)), (LLVM Optimized)", "Plans": [{"Node Type": "Bitmap Index Scan", "Parent Relationship": "Outer", "Index Name": "idx_lineitem_shipdate", "Startup Cost": 0.0, "Total Cost": 312045.05, "Plan Rows": 9071680, "Plan Width": 0, "Index Cond": "((l_shipdate >= '1993-01-01 00:00:00'::timestamp(0) without time zone) AND (l_shipdate < '1994-01-01 00:00:00'::timestamp without time zone))"}]}]}]}]}]}]}]}]}, "Unique SQL Id": 202076520, "Planner Runtime": 3}, "explain_analyze_plan": {"Plan": {"Node Type": "Sort", "Startup Cost": 3531947.57, "Total Cost": 3531952.57, "Plan Rows": 2000, "Plan Width": 51, "Actual Startup Time": 79647.825, "Actual Total Time": 79647.99, "Actual Rows": 1746, "Actual Loops": 1, "Sort Key": ["supplier.s_name"], "Sort Method": "quicksort", "Sort Space Used": 309, "Sort Space Type": "Memory", "Plans": [{"Node Type": "Nested Loop", "Parent Relationship": "Outer", "Join Type": "Semi", "Startup Cost": 3208828.67, "Total Cost": 3531837.91, "Plan Rows": 2000, "Plan Width": 51, "Actual Startup Time": 29846.805, "Actual Total Time": 79643.819, "Actual Rows": 1746, "Actual Loops": 1, "Inner Unique": false, "Join Filter": "(supplier.s_suppkey = subquery.\"?column?\")", "Rows Removed by Join Filter": 172948128, "Plans": [{"Node Type": "Nested Loop", "Parent Relationship": "Outer", "Join Type": "Inner", "Startup Cost": 0.0, "Total Cost": 6597.23, "Plan Rows": 4000, "Plan Width": 59, "Actual Startup Time": 0.079, "Actual Total Time": 103.916, "Actual Rows": 3934, "Actual Loops": 1, "Inner Unique": false, "Join Filter": "(supplier.s_nationkey = nation.n_nationkey)", "Rows Removed by Join Filter": 96066, "Plans": [{"Node Type": "Index Scan", "Parent Relationship": "Outer", "Scan Direction": "Forward", "Index Name": "nation_pkey", "Relation Name": "nation", "Alias": "nation", "Startup Cost": 0.0, "Total Cost": 12.69, "Plan Rows": 1, "Plan Width": 4, "Actual Startup Time": 0.021, "Actual Total Time": 0.172, "Actual Rows": 1, "Actual Loops": 1, "Filter": "(n_name = 'ALGERIA'::bpchar)", "Rows Removed by Filter": 24}, {"Node Type": "Index Scan", "Parent Relationship": "Inner", "Scan Direction": "Forward", "Index Name": "supplier_pkey", "Relation Name": "supplier", "Alias": "supplier", "Startup Cost": 0.0, "Total Cost": 5334.54, "Plan Rows": 100000, "Plan Width": 63, "Actual Startup Time": 0.031, "Actual Total Time": 76.084, "Actual Rows": 100000, "Actual Loops": 1}]}, {"Node Type": "Materialize", "Parent Relationship": "Inner", "Startup Cost": 3208828.67, "Total Cost": 3525120.68, "Plan Rows": 2, "Plan Width": 16, "Actual Startup Time": 25801.962, "Actual Total Time": 46692.344, "Actual Rows": 172949874, "Actual Loops": 3934, "Plans": [{"Node Type": "Merge Join", "Parent Relationship": "Outer", "Join Type": "Inner", "Startup Cost": 3208828.67, "Total Cost": 3525120.67, "Plan Rows": 2, "Plan Width": 16, "Actual Startup Time": 25801.245, "Actual Total Time": 29804.188, "Actual Rows": 58537, "Actual Loops": 1, "Inner Unique": true, "Merge Cond": "(partsupp.ps_partkey = subquery.\"?column?\")", "Join Filter": "((partsupp.ps_suppkey = subquery.\"?column?\") AND ((partsupp.ps_availqty)::double precision > (.5::double precision * subquery.\"?column?\")))", "Rows Removed by Join Filter": 0, "Plans": [{"Node Type": "Nested Loop", "Parent Relationship": "Outer", "Join Type": "Inner", "Startup Cost": 0.0, "Total Cost": 263931.78, "Plan Rows": 64552, "Plan Width": 32, "Actual Startup Time": 0.052, "Actual Total Time": 1682.821, "Actual Rows": 86224, "Actual Loops": 1, "Inner Unique": false, "Plans": [{"Node Type": "Index Scan", "Parent Relationship": "Outer", "Scan Direction": "Forward", "Index Name": "part_kpey", "Relation Name": "part", "Alias": "part", "Startup Cost": 0.0, "Total Cost": 105803.25, "Plan Rows": 22472, "Plan Width": 8, "Actual Startup Time": 0.04, "Actual Total Time": 1440.53, "Actual Rows": 21556, "Actual Loops": 1, "Filter": "((p_name)::text ~~ 'green%'::text)", "Rows Removed by Filter": 1978444}, {"Node Type": "Index Scan", "Parent Relationship": "Inner", "Scan Direction": "Forward", "Index Name": "idx_partsupp_partkey", "Relation Name": "partsupp", "Alias": "partsupp", "Startup Cost": 0.0, "Total Cost": 7.01, "Plan Rows": 3, "Plan Width": 24, "Actual Startup Time": 157.594, "Actual Total Time": 209.712, "Actual Rows": 86224, "Actual Loops": 21556, "Index Cond": "(ps_partkey = part.p_partkey)", "Rows Removed by Index Recheck": 0}]}, {"Node Type": "Sort", "Parent Relationship": "Inner", "Startup Cost": 3208828.67, "Total Cost": 3231507.87, "Plan Rows": 9071680, "Plan Width": 24, "Actual Startup Time": 25800.942, "Actual Total Time": 27334.461, "Actual Rows": 5530092, "Actual Loops": 1, "Sort Key": ["subquery.\"?column?\""], "Sort Method": "quicksort", "Sort Space Used": 706866, "Sort Space Type": "Memory", "Plans": [{"Node Type": "Subquery Scan", "Parent Relationship": "Outer", "Alias": "subquery", "Startup Cost": 1956349.97, "Total Cost": 2160462.77, "Plan Rows": 9071680, "Plan Width": 24, "Actual Startup Time": 19580.382, "Actual Total Time": 23526.61, "Actual Rows": 5442751, "Actual Loops": 1, "Plans": [{"Node Type": "Aggregate", "Strategy": "Hashed", "Parent Relationship": "Subquery", "Startup Cost": 1956349.97, "Total Cost": 2069745.97, "Plan Rows": 9071680, "Plan Width": 40, "Actual Startup Time": 19580.38, "Actual Total Time": 22508.597, "Actual Rows": 5442751, "Actual Loops": 1, "Group By Key": ["lineitem.l_partkey", "lineitem.l_suppkey"], "Plans": [{"Node Type": "Bitmap Heap Scan", "Parent Relationship": "Outer", "Relation Name": "lineitem", "Alias": "lineitem", "Startup Cost": 314312.97, "Total Cost": 1865633.17, "Plan Rows": 9071680, "Plan Width": 24, "Actual Startup Time": 4319.001, "Actual Total Time": 11921.151, "Actual Rows": 9109641, "Actual Loops": 1, "Recheck Cond": "((l_shipdate >= '1993-01-01 00:00:00'::timestamp(0) without time zone) AND (l_shipdate < '1994-01-01 00:00:00'::timestamp without time zone)), (LLVM Optimized, Jit Execute)", "Rows Removed by Index Recheck": 0, "Exact Heap Blocks": 1252335, "Lossy Heap Blocks": 1252335, "Plans": [{"Node Type": "Bitmap Index Scan", "Parent Relationship": "Outer", "Index Name": "idx_lineitem_shipdate", "Startup Cost": 0.0, "Total Cost": 312045.05, "Plan Rows": 9071680, "Plan Width": 0, "Actual Startup Time": 3621.922, "Actual Total Time": 3621.922, "Actual Rows": 9109641, "Actual Loops": 1, "Index Cond": "((l_shipdate >= '1993-01-01 00:00:00'::timestamp(0) without time zone) AND (l_shipdate < '1994-01-01 00:00:00'::timestamp without time zone))"}]}]}]}]}]}]}]}]}, "Triggers": [], "Planner Runtime": 2, "Total Runtime": 79659.583, "Unique SQL Id": 202076520}}, "(16, 18)": {"explain_plan": {"Plan": {"Node Type": "Sort", "Startup Cost": 3696349.26, "Total Cost": 3696354.26, "Plan Rows": 2000, "Plan Width": 51, "Sort Key": ["supplier.s_name"], "Plans": [{"Node Type": "Nested Loop", "Parent Relationship": "Outer", "Join Type": "Semi", "Startup Cost": 3623063.44, "Total Cost": 3696239.6, "Plan Rows": 2000, "Plan Width": 51, "Inner Unique": false, "Join Filter": "(supplier.s_suppkey = subquery.\"?column?\")", "Plans": [{"Node Type": "Nested Loop", "Parent Relationship": "Outer", "Join Type": "Inner", "Startup Cost": 0.0, "Total Cost": 4534.31, "Plan Rows": 4000, "Plan Width": 59, "Inner Unique": false, "Join Filter": "(supplier.s_nationkey = nation.n_nationkey)", "Plans": [{"Node Type": "Seq Scan", "Parent Relationship": "Outer", "Relation Name": "nation", "Alias": "nation", "Startup Cost": 0.0, "Total Cost": 1.31, "Plan Rows": 1, "Plan Width": 4, "Filter": "(n_name = 'ALGERIA'::bpchar)"}, {"Node Type": "Seq Scan", "Parent Relationship": "Inner", "Relation Name": "supplier", "Alias": "supplier", "Startup Cost": 0.0, "Total Cost": 3283.0, "Plan Rows": 100000, "Plan Width": 63}]}, {"Node Type": "Materialize", "Parent Relationship": "Inner", "Startup Cost": 3623063.44, "Total Cost": 3691585.29, "Plan Rows": 2, "Plan Width": 16, "Plans": [{"Node Type": "Merge Join", "Parent Relationship": "Outer", "Join Type": "Inner", "Startup Cost": 3623063.44, "Total Cost": 3691585.28, "Plan Rows": 2, "Plan Width": 16, "Inner Unique": true, "Merge Cond": "((partsupp.ps_suppkey = subquery.\"?column?\") AND (partsupp.ps_partkey = subquery.\"?column?\"))", "Join Filter": "((partsupp.ps_availqty)::double precision > (.5::double precision * subquery.\"?column?\"))", "Plans": [{"Node Type": "Sort", "Parent Relationship": "Outer", "Startup Cost": 414234.76, "Total Cost": 414396.14, "Plan Rows": 64552, "Plan Width": 32, "Sort Key": ["partsupp.ps_suppkey", "partsupp.ps_partkey"], "Plans": [{"Node Type": "Nested Loop", "Parent Relationship": "Outer", "Join Type": "Inner", "Startup Cost": 3.19, "Total Cost": 409077.65, "Plan Rows": 64552, "Plan Width": 32, "Inner Unique": false, "Plans": [{"Node Type": "Seq Scan", "Parent Relationship": "Outer", "Relation Name": "part", "Alias": "part", "Startup Cost": 0.0, "Total Cost": 66944.0, "Plan Rows": 22472, "Plan Width": 8, "Filter": "((p_name)::text ~~ 'green%'::text)"}, {"Node Type": "Bitmap Heap Scan", "Parent Relationship": "Inner", "Relation Name": "partsupp", "Alias": "partsupp", "Startup Cost": 3.19, "Total Cost": 15.19, "Plan Rows": 3, "Plan Width": 24, "Recheck Cond": "(ps_partkey = part.p_partkey)", "Plans": [{"Node Type": "Bitmap Index Scan", "Parent Relationship": "Outer", "Index Name": "idx_partsupp_partkey", "Startup Cost": 0.0, "Total Cost": 3.19, "Plan Rows": 3, "Plan Width": 0, "Index Cond": "(ps_partkey = part.p_partkey)"}]}]}]}, {"Node Type": "Sort", "Parent Relationship": "Inner", "Startup Cost": 3208828.67, "Total Cost": 3231507.87, "Plan Rows": 9071680, "Plan Width": 24, "Sort Key": ["subquery.\"?column?\"", "subquery.\"?column?\""], "Plans": [{"Node Type": "Subquery Scan", "Parent Relationship": "Outer", "Alias": "subquery", "Startup Cost": 1956349.97, "Total Cost": 2160462.77, "Plan Rows": 9071680, "Plan Width": 24, "Plans": [{"Node Type": "Aggregate", "Strategy": "Hashed", "Parent Relationship": "Subquery", "Startup Cost": 1956349.97, "Total Cost": 2069745.97, "Plan Rows": 9071680, "Plan Width": 40, "Group By Key": ["lineitem.l_partkey", "lineitem.l_suppkey"], "Plans": [{"Node Type": "Bitmap Heap Scan", "Parent Relationship": "Outer", "Relation Name": "lineitem", "Alias": "lineitem", "Startup Cost": 314312.97, "Total Cost": 1865633.17, "Plan Rows": 9071680, "Plan Width": 24, "Recheck Cond": "((l_shipdate >= '1993-01-01 00:00:00'::timestamp(0) without time zone) AND (l_shipdate < '1994-01-01 00:00:00'::timestamp without time zone)), (LLVM Optimized)", "Plans": [{"Node Type": "Bitmap Index Scan", "Parent Relationship": "Outer", "Index Name": "idx_lineitem_shipdate", "Startup Cost": 0.0, "Total Cost": 312045.05, "Plan Rows": 9071680, "Plan Width": 0, "Index Cond": "((l_shipdate >= '1993-01-01 00:00:00'::timestamp(0) without time zone) AND (l_shipdate < '1994-01-01 00:00:00'::timestamp without time zone))"}]}]}]}]}]}]}]}]}, "Unique SQL Id": 202076520, "Planner Runtime": 3}, "explain_analyze_plan": {"Plan": {"Node Type": "Sort", "Startup Cost": 3696349.26, "Total Cost": 3696354.26, "Plan Rows": 2000, "Plan Width": 51, "Actual Startup Time": 82950.628, "Actual Total Time": 82950.793, "Actual Rows": 1746, "Actual Loops": 1, "Sort Key": ["supplier.s_name"], "Sort Method": "quicksort", "Sort Space Used": 309, "Sort Space Type": "Memory", "Plans": [{"Node Type": "Nested Loop", "Parent Relationship": "Outer", "Join Type": "Semi", "Startup Cost": 3623063.44, "Total Cost": 3696239.6, "Plan Rows": 2000, "Plan Width": 51, "Actual Startup Time": 31409.887, "Actual Total Time": 82943.663, "Actual Rows": 1746, "Actual Loops": 1, "Inner Unique": false, "Join Filter": "(supplier.s_suppkey = subquery.\"?column?\")", "Rows Removed by Join Filter": 178136880, "Plans": [{"Node Type": "Nested Loop", "Parent Relationship": "Outer", "Join Type": "Inner", "Startup Cost": 0.0, "Total Cost": 4534.31, "Plan Rows": 4000, "Plan Width": 59, "Actual Startup Time": 0.064, "Actual Total Time": 72.443, "Actual Rows": 3934, "Actual Loops": 1, "Inner Unique": false, "Join Filter": "(supplier.s_nationkey = nation.n_nationkey)", "Rows Removed by Join Filter": 96066, "Plans": [{"Node Type": "Seq Scan", "Parent Relationship": "Outer", "Relation Name": "nation", "Alias": "nation", "Startup Cost": 0.0, "Total Cost": 1.31, "Plan Rows": 1, "Plan Width": 4, "Actual Startup Time": 0.025, "Actual Total Time": 0.055, "Actual Rows": 1, "Actual Loops": 1, "Filter": "(n_name = 'ALGERIA'::bpchar)", "Rows Removed by Filter": 24}, {"Node Type": "Seq Scan", "Parent Relationship": "Inner", "Relation Name": "supplier", "Alias": "supplier", "Startup Cost": 0.0, "Total Cost": 3283.0, "Plan Rows": 100000, "Plan Width": 63, "Actual Startup Time": 0.021, "Actual Total Time": 42.739, "Actual Rows": 100000, "Actual Loops": 1}]}, {"Node Type": "Materialize", "Parent Relationship": "Inner", "Startup Cost": 3623063.44, "Total Cost": 3691585.29, "Plan Rows": 2, "Plan Width": 16, "Actual Startup Time": 29434.211, "Actual Total Time": 48984.965, "Actual Rows": 178138626, "Actual Loops": 3934, "Plans": [{"Node Type": "Merge Join", "Parent Relationship": "Outer", "Join Type": "Inner", "Startup Cost": 3623063.44, "Total Cost": 3691585.28, "Plan Rows": 2, "Plan Width": 16, "Actual Startup Time": 29433.554, "Actual Total Time": 31382.292, "Actual Rows": 58537, "Actual Loops": 1, "Inner Unique": true, "Merge Cond": "((partsupp.ps_suppkey = subquery.\"?column?\") AND (partsupp.ps_partkey = subquery.\"?column?\"))", "Join Filter": "((partsupp.ps_availqty)::double precision > (.5::double precision * subquery.\"?column?\"))", "Rows Removed by Join Filter": 0, "Plans": [{"Node Type": "Sort", "Parent Relationship": "Outer", "Startup Cost": 414234.76, "Total Cost": 414396.14, "Plan Rows": 64552, "Plan Width": 32, "Actual Startup Time": 1076.094, "Actual Total Time": 1096.624, "Actual Rows": 86224, "Actual Loops": 1, "Sort Key": ["partsupp.ps_suppkey", "partsupp.ps_partkey"], "Sort Method": "quicksort", "Sort Space Used": 11156, "Sort Space Type": "Memory", "Plans": [{"Node Type": "Nested Loop", "Parent Relationship": "Outer", "Join Type": "Inner", "Startup Cost": 3.19, "Total Cost": 409077.65, "Plan Rows": 64552, "Plan Width": 32, "Actual Startup Time": 0.06, "Actual Total Time": 1027.841, "Actual Rows": 86224, "Actual Loops": 1, "Inner Unique": false, "Plans": [{"Node Type": "Seq Scan", "Parent Relationship": "Outer", "Relation Name": "part", "Alias": "part", "Startup Cost": 0.0, "Total Cost": 66944.0, "Plan Rows": 22472, "Plan Width": 8, "Actual Startup Time": 0.021, "Actual Total Time": 779.58, "Actual Rows": 21556, "Actual Loops": 1, "Filter": "((p_name)::text ~~ 'green%'::text)", "Rows Removed by Filter": 1978444}, {"Node Type": "Bitmap Heap Scan", "Parent Relationship": "Inner", "Relation Name": "partsupp", "Alias": "partsupp", "Startup Cost": 3.19, "Total Cost": 15.19, "Plan Rows": 3, "Plan Width": 24, "Actual Startup Time": 188.461, "Actual Total Time": 204.403, "Actual Rows": 86224, "Actual Loops": 21556, "Recheck Cond": "(ps_partkey = part.p_partkey)", "Rows Removed by Index Recheck": 0, "Exact Heap Blocks": 23502, "Lossy Heap Blocks": 23502, "Plans": [{"Node Type": "Bitmap Index Scan", "Parent Relationship": "Outer", "Index Name": "idx_partsupp_partkey", "Startup Cost": 0.0, "Total Cost": 3.19, "Plan Rows": 3, "Plan Width": 0, "Actual Startup Time": 101.051, "Actual Total Time": 101.051, "Actual Rows": 86224, "Actual Loops": 21556, "Index Cond": "(ps_partkey = part.p_partkey)"}]}]}]}, {"Node Type": "Sort", "Parent Relationship": "Inner", "Startup Cost": 3208828.67, "Total Cost": 3231507.87, "Plan Rows": 9071680, "Plan Width": 24, "Actual Startup Time": 28357.19, "Actual Total Time": 29463.374, "Actual Rows": 5442737, "Actual Loops": 1, "Sort Key": ["subquery.\"?column?\"", "subquery.\"?column?\""], "Sort Method": "quicksort", "Sort Space Used": 706866, "Sort Space Type": "Memory", "Plans": [{"Node Type": "Subquery Scan", "Parent Relationship": "Outer", "Alias": "subquery", "Startup Cost": 1956349.97, "Total Cost": 2160462.77, "Plan Rows": 9071680, "Plan Width": 24, "Actual Startup Time": 19416.85, "Actual Total Time": 23725.253, "Actual Rows": 5442751, "Actual Loops": 1, "Plans": [{"Node Type": "Aggregate", "Strategy": "Hashed", "Parent Relationship": "Subquery", "Startup Cost": 1956349.97, "Total Cost": 2069745.97, "Plan Rows": 9071680, "Plan Width": 40, "Actual Startup Time": 19416.846, "Actual Total Time": 22711.537, "Actual Rows": 5442751, "Actual Loops": 1, "Group By Key": ["lineitem.l_partkey", "lineitem.l_suppkey"], "Plans": [{"Node Type": "Bitmap Heap Scan", "Parent Relationship": "Outer", "Relation Name": "lineitem", "Alias": "lineitem", "Startup Cost": 314312.97, "Total Cost": 1865633.17, "Plan Rows": 9071680, "Plan Width": 24, "Actual Startup Time": 4198.315, "Actual Total Time": 11753.992, "Actual Rows": 9109641, "Actual Loops": 1, "Recheck Cond": "((l_shipdate >= '1993-01-01 00:00:00'::timestamp(0) without time zone) AND (l_shipdate < '1994-01-01 00:00:00'::timestamp without time zone)), (LLVM Optimized, Jit Execute)", "Rows Removed by Index Recheck": 0, "Exact Heap Blocks": 1252335, "Lossy Heap Blocks": 1252335, "Plans": [{"Node Type": "Bitmap Index Scan", "Parent Relationship": "Outer", "Index Name": "idx_lineitem_shipdate", "Startup Cost": 0.0, "Total Cost": 312045.05, "Plan Rows": 9071680, "Plan Width": 0, "Actual Startup Time": 3525.518, "Actual Total Time": 3525.518, "Actual Rows": 9109641, "Actual Loops": 1, "Index Cond": "((l_shipdate >= '1993-01-01 00:00:00'::timestamp(0) without time zone) AND (l_shipdate < '1994-01-01 00:00:00'::timestamp without time zone))"}]}]}]}]}]}]}]}]}, "Triggers": [], "Planner Runtime": 2, "Total Runtime": 82963.184, "Unique SQL Id": 202076520}}, "(16, 19)": {"explain_plan": {"Plan": {"Node Type": "Sort", "Startup Cost": 41474309.17, "Total Cost": 41474314.17, "Plan Rows": 2000, "Plan Width": 51, "Sort Key": ["supplier.s_name"], "Plans": [{"Node Type": "Nested Loop", "Parent Relationship": "Outer", "Join Type": "Inner", "Startup Cost": 41260049.96, "Total Cost": 41474199.51, "Plan Rows": 2000, "Plan Width": 51, "Inner Unique": true, "Plans": [{"Node Type": "Nested Loop", "Parent Relationship": "Outer", "Join Type": "Inner", "Startup Cost": 41260049.7, "Total Cost": 41260058.01, "Plan Rows": 50000, "Plan Width": 55, "Inner Unique": true, "Plans": [{"Node Type": "Unique", "Parent Relationship": "Outer", "Startup Cost": 41260049.44, "Total Cost": 41260049.45, "Plan Rows": 2, "Plan Width": 16, "Plans": [{"Node Type": "Sort", "Parent Relationship": "Outer", "Startup Cost": 41260049.44, "Total Cost": 41260049.45, "Plan Rows": 2, "Plan Width": 16, "Sort Key": ["partsupp.ps_suppkey"], "Plans": [{"Node Type": "Nested Loop", "Parent Relationship": "Outer", "Join Type": "Semi", "Startup Cost": 1956350.51, "Total Cost": 41260049.43, "Plan Rows": 2, "Plan Width": 16, "Inner Unique": false, "Join Filter": "(partsupp.ps_partkey = part.p_partkey)", "Plans": [{"Node Type": "Nested Loop", "Parent Relationship": "Outer", "Join Type": "Inner", "Startup Cost": 1956350.25, "Total Cost": 41259981.09, "Plan Rows": 15, "Plan Width": 32, "Inner Unique": true, "Plans": [{"Node Type": "Aggregate", "Strategy": "Hashed", "Parent Relationship": "Outer", "Startup Cost": 1956349.97, "Total Cost": 2069745.97, "Plan Rows": 9071680, "Plan Width": 40, "Group By Key": ["lineitem.l_partkey", "lineitem.l_suppkey"], "Plans": [{"Node Type": "Bitmap Heap Scan", "Parent Relationship": "Outer", "Relation Name": "lineitem", "Alias": "lineitem", "Startup Cost": 314312.97, "Total Cost": 1865633.17, "Plan Rows": 9071680, "Plan Width": 24, "Recheck Cond": "((l_shipdate >= '1993-01-01 00:00:00'::timestamp(0) without time zone) AND (l_shipdate < '1994-01-01 00:00:00'::timestamp without time zone)), (LLVM Optimized)", "Plans": [{"Node Type": "Bitmap Index Scan", "Parent Relationship": "Outer", "Index Name": "idx_lineitem_shipdate", "Startup Cost": 0.0, "Total Cost": 312045.05, "Plan Rows": 9071680, "Plan Width": 0, "Index Cond": "((l_shipdate >= '1993-01-01 00:00:00'::timestamp(0) without time zone) AND (l_shipdate < '1994-01-01 00:00:00'::timestamp without time zone))"}]}]}, {"Node Type": "Bitmap Heap Scan", "Parent Relationship": "Inner", "Relation Name": "partsupp", "Alias": "partsupp", "Startup Cost": 0.28, "Total Cost": 4.3, "Plan Rows": 1, "Plan Width": 24, "Recheck Cond": "((ps_partkey = lineitem.l_partkey) AND (ps_suppkey = lineitem.l_suppkey))", "Filter": "((ps_availqty)::double precision > (.5::double precision * (sum(lineitem.l_quantity))))", "Plans": [{"Node Type": "Bitmap Index Scan", "Parent Relationship": "Outer", "Index Name": "partsupp_pkey", "Startup Cost": 0.0, "Total Cost": 0.28, "Plan Rows": 1, "Plan Width": 0, "Index Cond": "((ps_partkey = lineitem.l_partkey) AND (ps_suppkey = lineitem.l_suppkey))"}]}]}, {"Node Type": "Bitmap Heap Scan", "Parent Relationship": "Inner", "Relation Name": "part", "Alias": "part", "Startup Cost": 0.26, "Total Cost": 4.28, "Plan Rows": 1, "Plan Width": 8, "Recheck Cond": "(p_partkey = lineitem.l_partkey)", "Filter": "((p_name)::text ~~ 'green%'::text)", "Plans": [{"Node Type": "Bitmap Index Scan", "Parent Relationship": "Outer", "Index Name": "part_kpey", "Startup Cost": 0.0, "Total Cost": 0.26, "Plan Rows": 1, "Plan Width": 0, "Index Cond": "(p_partkey = lineitem.l_partkey)"}]}]}]}]}, {"Node Type": "Bitmap Heap Scan", "Parent Relationship": "Inner", "Relation Name": "supplier", "Alias": "supplier", "Startup Cost": 0.26, "Total Cost": 4.27, "Plan Rows": 1, "Plan Width": 63, "Recheck Cond": "(s_suppkey = lineitem.l_suppkey)", "Plans": [{"Node Type": "Bitmap Index Scan", "Parent Relationship": "Outer", "Index Name": "supplier_pkey", "Startup Cost": 0.0, "Total Cost": 0.26, "Plan Rows": 1, "Plan Width": 0, "Index Cond": "(s_suppkey = lineitem.l_suppkey)"}]}]}, {"Node Type": "Bitmap Heap Scan", "Parent Relationship": "Inner", "Relation Name": "nation", "Alias": "nation", "Startup Cost": 0.26, "Total Cost": 4.27, "Plan Rows": 1, "Plan Width": 4, "Recheck Cond": "(n_nationkey = supplier.s_nationkey)", "Filter": "(n_name = 'ALGERIA'::bpchar)", "Plans": [{"Node Type": "Bitmap Index Scan", "Parent Relationship": "Outer", "Index Name": "nation_pkey", "Startup Cost": 0.0, "Total Cost": 0.26, "Plan Rows": 1, "Plan Width": 0, "Index Cond": "(n_nationkey = supplier.s_nationkey)"}]}]}]}, "Unique SQL Id": 202076520, "Planner Runtime": 3}, "explain_analyze_plan": {"Plan": {"Node Type": "Sort", "Startup Cost": 41474309.17, "Total Cost": 41474314.17, "Plan Rows": 2000, "Plan Width": 51, "Actual Startup Time": 128888.36, "Actual Total Time": 128888.508, "Actual Rows": 1746, "Actual Loops": 1, "Sort Key": ["supplier.s_name"], "Sort Method": "quicksort", "Sort Space Used": 309, "Sort Space Type": "Memory", "Plans": [{"Node Type": "Nested Loop", "Parent Relationship": "Outer", "Join Type": "Inner", "Startup Cost": 41260049.96, "Total Cost": 41474199.51, "Plan Rows": 2000, "Plan Width": 51, "Actual Startup Time": 128475.92, "Actual Total Time": 128886.43, "Actual Rows": 1746, "Actual Loops": 1, "Inner Unique": true, "Plans": [{"Node Type": "Nested Loop", "Parent Relationship": "Outer", "Join Type": "Inner", "Startup Cost": 41260049.7, "Total Cost": 41260058.01, "Plan Rows": 50000, "Plan Width": 55, "Actual Startup Time": 128475.528, "Actual Total Time": 128715.763, "Actual Rows": 44487, "Actual Loops": 1, "Inner Unique": true, "Plans": [{"Node Type": "Unique", "Parent Relationship": "Outer", "Startup Cost": 41260049.44, "Total Cost": 41260049.45, "Plan Rows": 2, "Plan Width": 16, "Actual Startup Time": 128475.469, "Actual Total Time": 128506.031, "Actual Rows": 44487, "Actual Loops": 1, "Plans": [{"Node Type": "Sort", "Parent Relationship": "Outer", "Startup Cost": 41260049.44, "Total Cost": 41260049.45, "Plan Rows": 2, "Plan Width": 16, "Actual Startup Time": 128475.464, "Actual Total Time": 128488.423, "Actual Rows": 58537, "Actual Loops": 1, "Sort Key": ["partsupp.ps_suppkey"], "Sort Method": "quicksort", "Sort Space Used": 7024, "Sort Space Type": "Memory", "Plans": [{"Node Type": "Nested Loop", "Parent Relationship": "Outer", "Join Type": "Semi", "Startup Cost": 1956350.51, "Total Cost": 41260049.43, "Plan Rows": 2, "Plan Width": 16, "Actual Startup Time": 19211.651, "Actual Total Time": 128395.823, "Actual Rows": 58537, "Actual Loops": 1, "Inner Unique": false, "Join Filter": "(partsupp.ps_partkey = part.p_partkey)", "Rows Removed by Join Filter": 0, "Plans": [{"Node Type": "Nested Loop", "Parent Relationship": "Outer", "Join Type": "Inner", "Startup Cost": 1956350.25, "Total Cost": 41259981.09, "Plan Rows": 15, "Plan Width": 32, "Actual Startup Time": 19211.227, "Actual Total Time": 79847.531, "Actual Rows": 5431247, "Actual Loops": 1, "Inner Unique": true, "Plans": [{"Node Type": "Aggregate", "Strategy": "Hashed", "Parent Relationship": "Outer", "Startup Cost": 1956349.97, "Total Cost": 2069745.97, "Plan Rows": 9071680, "Plan Width": 40, "Actual Startup Time": 19211.091, "Actual Total Time": 24301.465, "Actual Rows": 5442751, "Actual Loops": 1, "Group By Key": ["lineitem.l_partkey", "lineitem.l_suppkey"], "Plans": [{"Node Type": "Bitmap Heap Scan", "Parent Relationship": "Outer", "Relation Name": "lineitem", "Alias": "lineitem", "Startup Cost": 314312.97, "Total Cost": 1865633.17, "Plan Rows": 9071680, "Plan Width": 24, "Actual Startup Time": 4429.203, "Actual Total Time": 12148.373, "Actual Rows": 9109641, "Actual Loops": 1, "Recheck Cond": "((l_shipdate >= '1993-01-01 00:00:00'::timestamp(0) without time zone) AND (l_shipdate < '1994-01-01 00:00:00'::timestamp without time zone)), (LLVM Optimized, Jit Execute)", "Rows Removed by Index Recheck": 0, "Exact Heap Blocks": 1252335, "Lossy Heap Blocks": 1252335, "Plans": [{"Node Type": "Bitmap Index Scan", "Parent Relationship": "Outer", "Index Name": "idx_lineitem_shipdate", "Startup Cost": 0.0, "Total Cost": 312045.05, "Plan Rows": 9071680, "Plan Width": 0, "Actual Startup Time": 3725.891, "Actual Total Time": 3725.891, "Actual Rows": 9109641, "Actual Loops": 1, "Index Cond": "((l_shipdate >= '1993-01-01 00:00:00'::timestamp(0) without time zone) AND (l_shipdate < '1994-01-01 00:00:00'::timestamp without time zone))"}]}]}, {"Node Type": "Bitmap Heap Scan", "Parent Relationship": "Inner", "Relation Name": "partsupp", "Alias": "partsupp", "Startup Cost": 0.28, "Total Cost": 4.3, "Plan Rows": 1, "Plan Width": 24, "Actual Startup Time": 47744.0, "Actual Total Time": 47744.0, "Actual Rows": 5431247, "Actual Loops": 5442751, "Recheck Cond": "((ps_partkey = lineitem.l_partkey) AND (ps_suppkey = lineitem.l_suppkey))", "Rows Removed by Index Recheck": 0, "Filter": "((ps_availqty)::double precision > (.5::double precision * (sum(lineitem.l_quantity))))", "Rows Removed by Filter": 11504, "Exact Heap Blocks": 5442751, "Lossy Heap Blocks": 5442751, "Plans": [{"Node Type": "Bitmap Index Scan", "Parent Relationship": "Outer", "Index Name": "partsupp_pkey", "Startup Cost": 0.0, "Total Cost": 0.28, "Plan Rows": 1, "Plan Width": 0, "Actual Startup Time": 28969.237, "Actual Total Time": 28969.237, "Actual Rows": 5442751, "Actual Loops": 5442751, "Index Cond": "((ps_partkey = lineitem.l_partkey) AND (ps_suppkey = lineitem.l_suppkey))"}]}]}, {"Node Type": "Bitmap Heap Scan", "Parent Relationship": "Inner", "Relation Name": "part", "Alias": "part", "Startup Cost": 0.26, "Total Cost": 4.28, "Plan Rows": 1, "Plan Width": 8, "Actual Startup Time": 42398.618, "Actual Total Time": 42398.618, "Actual Rows": 58537, "Actual Loops": 5431247, "Recheck Cond": "(p_partkey = lineitem.l_partkey)", "Rows Removed by Index Recheck": 0, "Filter": "((p_name)::text ~~ 'green%'::text)", "Rows Removed by Filter": 5372710, "Exact Heap Blocks": 5431247, "Lossy Heap Blocks": 5431247, "Plans": [{"Node Type": "Bitmap Index Scan", "Parent Relationship": "Outer", "Index Name": "part_kpey", "Startup Cost": 0.0, "Total Cost": 0.26, "Plan Rows": 1, "Plan Width": 0, "Actual Startup Time": 24845.499, "Actual Total Time": 24845.499, "Actual Rows": 5431247, "Actual Loops": 5431247, "Index Cond": "(p_partkey = lineitem.l_partkey)"}]}]}]}]}, {"Node Type": "Bitmap Heap Scan", "Parent Relationship": "Inner", "Relation Name": "supplier", "Alias": "supplier", "Startup Cost": 0.26, "Total Cost": 4.27, "Plan Rows": 1, "Plan Width": 63, "Actual Startup Time": 150.562, "Actual Total Time": 150.562, "Actual Rows": 44487, "Actual Loops": 44487, "Recheck Cond": "(s_suppkey = lineitem.l_suppkey)", "Rows Removed by Index Recheck": 0, "Exact Heap Blocks": 44487, "Lossy Heap Blocks": 44487, "Plans": [{"Node Type": "Bitmap Index Scan", "Parent Relationship": "Outer", "Index Name": "supplier_pkey", "Startup Cost": 0.0, "Total Cost": 0.26, "Plan Rows": 1, "Plan Width": 0, "Actual Startup Time": 82.325, "Actual Total Time": 82.325, "Actual Rows": 44487, "Actual Loops": 44487, "Index Cond": "(s_suppkey = lineitem.l_suppkey)"}]}]}, {"Node Type": "Bitmap Heap Scan", "Parent Relationship": "Inner", "Relation Name": "nation", "Alias": "nation", "Startup Cost": 0.26, "Total Cost": 4.27, "Plan Rows": 1, "Plan Width": 4, "Actual Startup Time": 120.985, "Actual Total Time": 120.985, "Actual Rows": 1746, "Actual Loops": 44487, "Recheck Cond": "(n_nationkey = supplier.s_nationkey)", "Rows Removed by Index Recheck": 0, "Filter": "(n_name = 'ALGERIA'::bpchar)", "Rows Removed by Filter": 42741, "Exact Heap Blocks": 44487, "Lossy Heap Blocks": 44487, "Plans": [{"Node Type": "Bitmap Index Scan", "Parent Relationship": "Outer", "Index Name": "nation_pkey", "Startup Cost": 0.0, "Total Cost": 0.26, "Plan Rows": 1, "Plan Width": 0, "Actual Startup Time": 44.911, "Actual Total Time": 44.911, "Actual Rows": 44487, "Actual Loops": 44487, "Index Cond": "(n_nationkey = supplier.s_nationkey)"}]}]}]}, "Triggers": [], "Planner Runtime": 1, "Total Runtime": 128900.171, "Unique SQL Id": 202076520}}, "(16, 20)": {"explain_plan": {"Plan": {"Node Type": "Sort", "Startup Cost": 3512344.14, "Total Cost": 3512349.14, "Plan Rows": 2000, "Plan Width": 51, "Sort Key": ["supplier.s_name"], "Plans": [{"Node Type": "Nested Loop", "Parent Relationship": "Outer", "Join Type": "Semi", "Startup Cost": 3439058.32, "Total Cost": 3512234.48, "Plan Rows": 2000, "Plan Width": 51, "Inner Unique": false, "Join Filter": "(supplier.s_suppkey = subquery.\"?column?\")", "Plans": [{"Node Type": "Nested Loop", "Parent Relationship": "Outer", "Join Type": "Inner", "Startup Cost": 0.0, "Total Cost": 4534.31, "Plan Rows": 4000, "Plan Width": 59, "Inner Unique": false, "Join Filter": "(supplier.s_nationkey = nation.n_nationkey)", "Plans": [{"Node Type": "Seq Scan", "Parent Relationship": "Outer", "Relation Name": "nation", "Alias": "nation", "Startup Cost": 0.0, "Total Cost": 1.31, "Plan Rows": 1, "Plan Width": 4, "Filter": "(n_name = 'ALGERIA'::bpchar)"}, {"Node Type": "Seq Scan", "Parent Relationship": "Inner", "Relation Name": "supplier", "Alias": "supplier", "Startup Cost": 0.0, "Total Cost": 3283.0, "Plan Rows": 100000, "Plan Width": 63}]}, {"Node Type": "Materialize", "Parent Relationship": "Inner", "Startup Cost": 3439058.32, "Total Cost": 3507580.17, "Plan Rows": 2, "Plan Width": 16, "Plans": [{"Node Type": "Merge Join", "Parent Relationship": "Outer", "Join Type": "Inner", "Startup Cost": 3439058.32, "Total Cost": 3507580.16, "Plan Rows": 2, "Plan Width": 16, "Inner Unique": true, "Merge Cond": "((partsupp.ps_suppkey = subquery.\"?column?\") AND (partsupp.ps_partkey = subquery.\"?column?\"))", "Join Filter": "((partsupp.ps_availqty)::double precision > (.5::double precision * subquery.\"?column?\"))", "Plans": [{"Node Type": "Sort", "Parent Relationship": "Outer", "Startup Cost": 230229.65, "Total Cost": 230391.03, "Plan Rows": 64552, "Plan Width": 32, "Sort Key": ["partsupp.ps_suppkey", "partsupp.ps_partkey"], "Plans": [{"Node Type": "Nested Loop", "Parent Relationship": "Outer", "Join Type": "Inner", "Startup Cost": 0.0, "Total Cost": 225072.53, "Plan Rows": 64552, "Plan Width": 32, "Inner Unique": false, "Plans": [{"Node Type": "Seq Scan", "Parent Relationship": "Outer", "Relation Name": "part", "Alias": "part", "Startup Cost": 0.0, "Total Cost": 66944.0, "Plan Rows": 22472, "Plan Width": 8, "Filter": "((p_name)::text ~~ 'green%'::text)"}, {"Node Type": "Index Scan", "Parent Relationship": "Inner", "Scan Direction": "Forward", "Index Name": "idx_partsupp_partkey", "Relation Name": "partsupp", "Alias": "partsupp", "Startup Cost": 0.0, "Total Cost": 7.01, "Plan Rows": 3, "Plan Width": 24, "Index Cond": "(ps_partkey = part.p_partkey)"}]}]}, {"Node Type": "Sort", "Parent Relationship": "Inner", "Startup Cost": 3208828.67, "Total Cost": 3231507.87, "Plan Rows": 9071680, "Plan Width": 24, "Sort Key": ["subquery.\"?column?\"", "subquery.\"?column?\""], "Plans": [{"Node Type": "Subquery Scan", "Parent Relationship": "Outer", "Alias": "subquery", "Startup Cost": 1956349.97, "Total Cost": 2160462.77, "Plan Rows": 9071680, "Plan Width": 24, "Plans": [{"Node Type": "Aggregate", "Strategy": "Hashed", "Parent Relationship": "Subquery", "Startup Cost": 1956349.97, "Total Cost": 2069745.97, "Plan Rows": 9071680, "Plan Width": 40, "Group By Key": ["lineitem.l_partkey", "lineitem.l_suppkey"], "Plans": [{"Node Type": "Bitmap Heap Scan", "Parent Relationship": "Outer", "Relation Name": "lineitem", "Alias": "lineitem", "Startup Cost": 314312.97, "Total Cost": 1865633.17, "Plan Rows": 9071680, "Plan Width": 24, "Recheck Cond": "((l_shipdate >= '1993-01-01 00:00:00'::timestamp(0) without time zone) AND (l_shipdate < '1994-01-01 00:00:00'::timestamp without time zone)), (LLVM Optimized)", "Plans": [{"Node Type": "Bitmap Index Scan", "Parent Relationship": "Outer", "Index Name": "idx_lineitem_shipdate", "Startup Cost": 0.0, "Total Cost": 312045.05, "Plan Rows": 9071680, "Plan Width": 0, "Index Cond": "((l_shipdate >= '1993-01-01 00:00:00'::timestamp(0) without time zone) AND (l_shipdate < '1994-01-01 00:00:00'::timestamp without time zone))"}]}]}]}]}]}]}]}]}, "Unique SQL Id": 202076520, "Planner Runtime": 2}, "explain_analyze_plan": {"Plan": {"Node Type": "Sort", "Startup Cost": 3512344.14, "Total Cost": 3512349.14, "Plan Rows": 2000, "Plan Width": 51, "Actual Startup Time": 83507.592, "Actual Total Time": 83507.748, "Actual Rows": 1746, "Actual Loops": 1, "Sort Key": ["supplier.s_name"], "Sort Method": "quicksort", "Sort Space Used": 309, "Sort Space Type": "Memory", "Plans": [{"Node Type": "Nested Loop", "Parent Relationship": "Outer", "Join Type": "Semi", "Startup Cost": 3439058.32, "Total Cost": 3512234.48, "Plan Rows": 2000, "Plan Width": 51, "Actual Startup Time": 31809.859, "Actual Total Time": 83500.274, "Actual Rows": 1746, "Actual Loops": 1, "Inner Unique": false, "Join Filter": "(supplier.s_suppkey = subquery.\"?column?\")", "Rows Removed by Join Filter": 178136880, "Plans": [{"Node Type": "Nested Loop", "Parent Relationship": "Outer", "Join Type": "Inner", "Startup Cost": 0.0, "Total Cost": 4534.31, "Plan Rows": 4000, "Plan Width": 59, "Actual Startup Time": 0.053, "Actual Total Time": 71.407, "Actual Rows": 3934, "Actual Loops": 1, "Inner Unique": false, "Join Filter": "(supplier.s_nationkey = nation.n_nationkey)", "Rows Removed by Join Filter": 96066, "Plans": [{"Node Type": "Seq Scan", "Parent Relationship": "Outer", "Relation Name": "nation", "Alias": "nation", "Startup Cost": 0.0, "Total Cost": 1.31, "Plan Rows": 1, "Plan Width": 4, "Actual Startup Time": 0.018, "Actual Total Time": 0.118, "Actual Rows": 1, "Actual Loops": 1, "Filter": "(n_name = 'ALGERIA'::bpchar)", "Rows Removed by Filter": 24}, {"Node Type": "Seq Scan", "Parent Relationship": "Inner", "Relation Name": "supplier", "Alias": "supplier", "Startup Cost": 0.0, "Total Cost": 3283.0, "Plan Rows": 100000, "Plan Width": 63, "Actual Startup Time": 0.019, "Actual Total Time": 42.13, "Actual Rows": 100000, "Actual Loops": 1}]}, {"Node Type": "Materialize", "Parent Relationship": "Inner", "Startup Cost": 3439058.32, "Total Cost": 3507580.17, "Plan Rows": 2, "Plan Width": 16, "Actual Startup Time": 29209.208, "Actual Total Time": 49422.081, "Actual Rows": 178138626, "Actual Loops": 3934, "Plans": [{"Node Type": "Merge Join", "Parent Relationship": "Outer", "Join Type": "Inner", "Startup Cost": 3439058.32, "Total Cost": 3507580.16, "Plan Rows": 2, "Plan Width": 16, "Actual Startup Time": 29208.416, "Actual Total Time": 31780.995, "Actual Rows": 58537, "Actual Loops": 1, "Inner Unique": true, "Merge Cond": "((partsupp.ps_suppkey = subquery.\"?column?\") AND (partsupp.ps_partkey = subquery.\"?column?\"))", "Join Filter": "((partsupp.ps_availqty)::double precision > (.5::double precision * subquery.\"?column?\"))", "Rows Removed by Join Filter": 0, "Plans": [{"Node Type": "Sort", "Parent Relationship": "Outer", "Startup Cost": 230229.65, "Total Cost": 230391.03, "Plan Rows": 64552, "Plan Width": 32, "Actual Startup Time": 1048.967, "Actual Total Time": 1075.264, "Actual Rows": 86224, "Actual Loops": 1, "Sort Key": ["partsupp.ps_suppkey", "partsupp.ps_partkey"], "Sort Method": "quicksort", "Sort Space Used": 11156, "Sort Space Type": "Memory", "Plans": [{"Node Type": "Nested Loop", "Parent Relationship": "Outer", "Join Type": "Inner", "Startup Cost": 0.0, "Total Cost": 225072.53, "Plan Rows": 64552, "Plan Width": 32, "Actual Startup Time": 0.037, "Actual Total Time": 1000.893, "Actual Rows": 86224, "Actual Loops": 1, "Inner Unique": false, "Plans": [{"Node Type": "Seq Scan", "Parent Relationship": "Outer", "Relation Name": "part", "Alias": "part", "Startup Cost": 0.0, "Total Cost": 66944.0, "Plan Rows": 22472, "Plan Width": 8, "Actual Startup Time": 0.02, "Actual Total Time": 782.719, "Actual Rows": 21556, "Actual Loops": 1, "Filter": "((p_name)::text ~~ 'green%'::text)", "Rows Removed by Filter": 1978444}, {"Node Type": "Index Scan", "Parent Relationship": "Inner", "Scan Direction": "Forward", "Index Name": "idx_partsupp_partkey", "Relation Name": "partsupp", "Alias": "partsupp", "Startup Cost": 0.0, "Total Cost": 7.01, "Plan Rows": 3, "Plan Width": 24, "Actual Startup Time": 141.464, "Actual Total Time": 187.886, "Actual Rows": 86224, "Actual Loops": 21556, "Index Cond": "(ps_partkey = part.p_partkey)", "Rows Removed by Index Recheck": 0}]}]}, {"Node Type": "Sort", "Parent Relationship": "Inner", "Startup Cost": 3208828.67, "Total Cost": 3231507.87, "Plan Rows": 9071680, "Plan Width": 24, "Actual Startup Time": 28159.31, "Actual Total Time": 29873.618, "Actual Rows": 5442737, "Actual Loops": 1, "Sort Key": ["subquery.\"?column?\"", "subquery.\"?column?\""], "Sort Method": "quicksort", "Sort Space Used": 706866, "Sort Space Type": "Memory", "Plans": [{"Node Type": "Subquery Scan", "Parent Relationship": "Outer", "Alias": "subquery", "Startup Cost": 1956349.97, "Total Cost": 2160462.77, "Plan Rows": 9071680, "Plan Width": 24, "Actual Startup Time": 18810.036, "Actual Total Time": 23190.922, "Actual Rows": 5442751, "Actual Loops": 1, "Plans": [{"Node Type": "Aggregate", "Strategy": "Hashed", "Parent Relationship": "Subquery", "Startup Cost": 1956349.97, "Total Cost": 2069745.97, "Plan Rows": 9071680, "Plan Width": 40, "Actual Startup Time": 18810.03, "Actual Total Time": 22182.898, "Actual Rows": 5442751, "Actual Loops": 1, "Group By Key": ["lineitem.l_partkey", "lineitem.l_suppkey"], "Plans": [{"Node Type": "Bitmap Heap Scan", "Parent Relationship": "Outer", "Relation Name": "lineitem", "Alias": "lineitem", "Startup Cost": 314312.97, "Total Cost": 1865633.17, "Plan Rows": 9071680, "Plan Width": 24, "Actual Startup Time": 4033.582, "Actual Total Time": 11756.215, "Actual Rows": 9109641, "Actual Loops": 1, "Recheck Cond": "((l_shipdate >= '1993-01-01 00:00:00'::timestamp(0) without time zone) AND (l_shipdate < '1994-01-01 00:00:00'::timestamp without time zone)), (LLVM Optimized, Jit Execute)", "Rows Removed by Index Recheck": 0, "Exact Heap Blocks": 1252335, "Lossy Heap Blocks": 1252335, "Plans": [{"Node Type": "Bitmap Index Scan", "Parent Relationship": "Outer", "Index Name": "idx_lineitem_shipdate", "Startup Cost": 0.0, "Total Cost": 312045.05, "Plan Rows": 9071680, "Plan Width": 0, "Actual Startup Time": 3477.804, "Actual Total Time": 3477.804, "Actual Rows": 9109641, "Actual Loops": 1, "Index Cond": "((l_shipdate >= '1993-01-01 00:00:00'::timestamp(0) without time zone) AND (l_shipdate < '1994-01-01 00:00:00'::timestamp without time zone))"}]}]}]}]}]}]}]}]}, "Triggers": [], "Planner Runtime": 2, "Total Runtime": 83518.989, "Unique SQL Id": 202076520}}, "(16, 21)": {"explain_plan": {"Plan": {"Node Type": "Sort", "Startup Cost": 3531947.57, "Total Cost": 3531952.57, "Plan Rows": 2000, "Plan Width": 51, "Sort Key": ["supplier.s_name"], "Plans": [{"Node Type": "Nested Loop", "Parent Relationship": "Outer", "Join Type": "Semi", "Startup Cost": 3208828.67, "Total Cost": 3531837.91, "Plan Rows": 2000, "Plan Width": 51, "Inner Unique": false, "Join Filter": "(supplier.s_suppkey = subquery.\"?column?\")", "Plans": [{"Node Type": "Nested Loop", "Parent Relationship": "Outer", "Join Type": "Inner", "Startup Cost": 0.0, "Total Cost": 6597.23, "Plan Rows": 4000, "Plan Width": 59, "Inner Unique": false, "Join Filter": "(supplier.s_nationkey = nation.n_nationkey)", "Plans": [{"Node Type": "Index Scan", "Parent Relationship": "Outer", "Scan Direction": "Forward", "Index Name": "nation_pkey", "Relation Name": "nation", "Alias": "nation", "Startup Cost": 0.0, "Total Cost": 12.69, "Plan Rows": 1, "Plan Width": 4, "Filter": "(n_name = 'ALGERIA'::bpchar)"}, {"Node Type": "Index Scan", "Parent Relationship": "Inner", "Scan Direction": "Forward", "Index Name": "supplier_pkey", "Relation Name": "supplier", "Alias": "supplier", "Startup Cost": 0.0, "Total Cost": 5334.54, "Plan Rows": 100000, "Plan Width": 63}]}, {"Node Type": "Materialize", "Parent Relationship": "Inner", "Startup Cost": 3208828.67, "Total Cost": 3525120.68, "Plan Rows": 2, "Plan Width": 16, "Plans": [{"Node Type": "Merge Join", "Parent Relationship": "Outer", "Join Type": "Inner", "Startup Cost": 3208828.67, "Total Cost": 3525120.67, "Plan Rows": 2, "Plan Width": 16, "Inner Unique": true, "Merge Cond": "(partsupp.ps_partkey = subquery.\"?column?\")", "Join Filter": "((partsupp.ps_suppkey = subquery.\"?column?\") AND ((partsupp.ps_availqty)::double precision > (.5::double precision * subquery.\"?column?\")))", "Plans": [{"Node Type": "Nested Loop", "Parent Relationship": "Outer", "Join Type": "Inner", "Startup Cost": 0.0, "Total Cost": 263931.78, "Plan Rows": 64552, "Plan Width": 32, "Inner Unique": false, "Plans": [{"Node Type": "Index Scan", "Parent Relationship": "Outer", "Scan Direction": "Forward", "Index Name": "part_kpey", "Relation Name": "part", "Alias": "part", "Startup Cost": 0.0, "Total Cost": 105803.25, "Plan Rows": 22472, "Plan Width": 8, "Filter": "((p_name)::text ~~ 'green%'::text)"}, {"Node Type": "Index Scan", "Parent Relationship": "Inner", "Scan Direction": "Forward", "Index Name": "idx_partsupp_partkey", "Relation Name": "partsupp", "Alias": "partsupp", "Startup Cost": 0.0, "Total Cost": 7.01, "Plan Rows": 3, "Plan Width": 24, "Index Cond": "(ps_partkey = part.p_partkey)"}]}, {"Node Type": "Sort", "Parent Relationship": "Inner", "Startup Cost": 3208828.67, "Total Cost": 3231507.87, "Plan Rows": 9071680, "Plan Width": 24, "Sort Key": ["subquery.\"?column?\""], "Plans": [{"Node Type": "Subquery Scan", "Parent Relationship": "Outer", "Alias": "subquery", "Startup Cost": 1956349.97, "Total Cost": 2160462.77, "Plan Rows": 9071680, "Plan Width": 24, "Plans": [{"Node Type": "Aggregate", "Strategy": "Hashed", "Parent Relationship": "Subquery", "Startup Cost": 1956349.97, "Total Cost": 2069745.97, "Plan Rows": 9071680, "Plan Width": 40, "Group By Key": ["lineitem.l_partkey", "lineitem.l_suppkey"], "Plans": [{"Node Type": "Bitmap Heap Scan", "Parent Relationship": "Outer", "Relation Name": "lineitem", "Alias": "lineitem", "Startup Cost": 314312.97, "Total Cost": 1865633.17, "Plan Rows": 9071680, "Plan Width": 24, "Recheck Cond": "((l_shipdate >= '1993-01-01 00:00:00'::timestamp(0) without time zone) AND (l_shipdate < '1994-01-01 00:00:00'::timestamp without time zone)), (LLVM Optimized)", "Plans": [{"Node Type": "Bitmap Index Scan", "Parent Relationship": "Outer", "Index Name": "idx_lineitem_shipdate", "Startup Cost": 0.0, "Total Cost": 312045.05, "Plan Rows": 9071680, "Plan Width": 0, "Index Cond": "((l_shipdate >= '1993-01-01 00:00:00'::timestamp(0) without time zone) AND (l_shipdate < '1994-01-01 00:00:00'::timestamp without time zone))"}]}]}]}]}]}]}]}]}, "Unique SQL Id": 202076520, "Planner Runtime": 2}, "explain_analyze_plan": {"Plan": {"Node Type": "Sort", "Startup Cost": 3531947.57, "Total Cost": 3531952.57, "Plan Rows": 2000, "Plan Width": 51, "Actual Startup Time": 79647.825, "Actual Total Time": 79647.99, "Actual Rows": 1746, "Actual Loops": 1, "Sort Key": ["supplier.s_name"], "Sort Method": "quicksort", "Sort Space Used": 309, "Sort Space Type": "Memory", "Plans": [{"Node Type": "Nested Loop", "Parent Relationship": "Outer", "Join Type": "Semi", "Startup Cost": 3208828.67, "Total Cost": 3531837.91, "Plan Rows": 2000, "Plan Width": 51, "Actual Startup Time": 29846.805, "Actual Total Time": 79643.819, "Actual Rows": 1746, "Actual Loops": 1, "Inner Unique": false, "Join Filter": "(supplier.s_suppkey = subquery.\"?column?\")", "Rows Removed by Join Filter": 172948128, "Plans": [{"Node Type": "Nested Loop", "Parent Relationship": "Outer", "Join Type": "Inner", "Startup Cost": 0.0, "Total Cost": 6597.23, "Plan Rows": 4000, "Plan Width": 59, "Actual Startup Time": 0.079, "Actual Total Time": 103.916, "Actual Rows": 3934, "Actual Loops": 1, "Inner Unique": false, "Join Filter": "(supplier.s_nationkey = nation.n_nationkey)", "Rows Removed by Join Filter": 96066, "Plans": [{"Node Type": "Index Scan", "Parent Relationship": "Outer", "Scan Direction": "Forward", "Index Name": "nation_pkey", "Relation Name": "nation", "Alias": "nation", "Startup Cost": 0.0, "Total Cost": 12.69, "Plan Rows": 1, "Plan Width": 4, "Actual Startup Time": 0.021, "Actual Total Time": 0.172, "Actual Rows": 1, "Actual Loops": 1, "Filter": "(n_name = 'ALGERIA'::bpchar)", "Rows Removed by Filter": 24}, {"Node Type": "Index Scan", "Parent Relationship": "Inner", "Scan Direction": "Forward", "Index Name": "supplier_pkey", "Relation Name": "supplier", "Alias": "supplier", "Startup Cost": 0.0, "Total Cost": 5334.54, "Plan Rows": 100000, "Plan Width": 63, "Actual Startup Time": 0.031, "Actual Total Time": 76.084, "Actual Rows": 100000, "Actual Loops": 1}]}, {"Node Type": "Materialize", "Parent Relationship": "Inner", "Startup Cost": 3208828.67, "Total Cost": 3525120.68, "Plan Rows": 2, "Plan Width": 16, "Actual Startup Time": 25801.962, "Actual Total Time": 46692.344, "Actual Rows": 172949874, "Actual Loops": 3934, "Plans": [{"Node Type": "Merge Join", "Parent Relationship": "Outer", "Join Type": "Inner", "Startup Cost": 3208828.67, "Total Cost": 3525120.67, "Plan Rows": 2, "Plan Width": 16, "Actual Startup Time": 25801.245, "Actual Total Time": 29804.188, "Actual Rows": 58537, "Actual Loops": 1, "Inner Unique": true, "Merge Cond": "(partsupp.ps_partkey = subquery.\"?column?\")", "Join Filter": "((partsupp.ps_suppkey = subquery.\"?column?\") AND ((partsupp.ps_availqty)::double precision > (.5::double precision * subquery.\"?column?\")))", "Rows Removed by Join Filter": 0, "Plans": [{"Node Type": "Nested Loop", "Parent Relationship": "Outer", "Join Type": "Inner", "Startup Cost": 0.0, "Total Cost": 263931.78, "Plan Rows": 64552, "Plan Width": 32, "Actual Startup Time": 0.052, "Actual Total Time": 1682.821, "Actual Rows": 86224, "Actual Loops": 1, "Inner Unique": false, "Plans": [{"Node Type": "Index Scan", "Parent Relationship": "Outer", "Scan Direction": "Forward", "Index Name": "part_kpey", "Relation Name": "part", "Alias": "part", "Startup Cost": 0.0, "Total Cost": 105803.25, "Plan Rows": 22472, "Plan Width": 8, "Actual Startup Time": 0.04, "Actual Total Time": 1440.53, "Actual Rows": 21556, "Actual Loops": 1, "Filter": "((p_name)::text ~~ 'green%'::text)", "Rows Removed by Filter": 1978444}, {"Node Type": "Index Scan", "Parent Relationship": "Inner", "Scan Direction": "Forward", "Index Name": "idx_partsupp_partkey", "Relation Name": "partsupp", "Alias": "partsupp", "Startup Cost": 0.0, "Total Cost": 7.01, "Plan Rows": 3, "Plan Width": 24, "Actual Startup Time": 157.594, "Actual Total Time": 209.712, "Actual Rows": 86224, "Actual Loops": 21556, "Index Cond": "(ps_partkey = part.p_partkey)", "Rows Removed by Index Recheck": 0}]}, {"Node Type": "Sort", "Parent Relationship": "Inner", "Startup Cost": 3208828.67, "Total Cost": 3231507.87, "Plan Rows": 9071680, "Plan Width": 24, "Actual Startup Time": 25800.942, "Actual Total Time": 27334.461, "Actual Rows": 5530092, "Actual Loops": 1, "Sort Key": ["subquery.\"?column?\""], "Sort Method": "quicksort", "Sort Space Used": 706866, "Sort Space Type": "Memory", "Plans": [{"Node Type": "Subquery Scan", "Parent Relationship": "Outer", "Alias": "subquery", "Startup Cost": 1956349.97, "Total Cost": 2160462.77, "Plan Rows": 9071680, "Plan Width": 24, "Actual Startup Time": 19580.382, "Actual Total Time": 23526.61, "Actual Rows": 5442751, "Actual Loops": 1, "Plans": [{"Node Type": "Aggregate", "Strategy": "Hashed", "Parent Relationship": "Subquery", "Startup Cost": 1956349.97, "Total Cost": 2069745.97, "Plan Rows": 9071680, "Plan Width": 40, "Actual Startup Time": 19580.38, "Actual Total Time": 22508.597, "Actual Rows": 5442751, "Actual Loops": 1, "Group By Key": ["lineitem.l_partkey", "lineitem.l_suppkey"], "Plans": [{"Node Type": "Bitmap Heap Scan", "Parent Relationship": "Outer", "Relation Name": "lineitem", "Alias": "lineitem", "Startup Cost": 314312.97, "Total Cost": 1865633.17, "Plan Rows": 9071680, "Plan Width": 24, "Actual Startup Time": 4319.001, "Actual Total Time": 11921.151, "Actual Rows": 9109641, "Actual Loops": 1, "Recheck Cond": "((l_shipdate >= '1993-01-01 00:00:00'::timestamp(0) without time zone) AND (l_shipdate < '1994-01-01 00:00:00'::timestamp without time zone)), (LLVM Optimized, Jit Execute)", "Rows Removed by Index Recheck": 0, "Exact Heap Blocks": 1252335, "Lossy Heap Blocks": 1252335, "Plans": [{"Node Type": "Bitmap Index Scan", "Parent Relationship": "Outer", "Index Name": "idx_lineitem_shipdate", "Startup Cost": 0.0, "Total Cost": 312045.05, "Plan Rows": 9071680, "Plan Width": 0, "Actual Startup Time": 3621.922, "Actual Total Time": 3621.922, "Actual Rows": 9109641, "Actual Loops": 1, "Index Cond": "((l_shipdate >= '1993-01-01 00:00:00'::timestamp(0) without time zone) AND (l_shipdate < '1994-01-01 00:00:00'::timestamp without time zone))"}]}]}]}]}]}]}]}]}, "Triggers": [], "Planner Runtime": 2, "Total Runtime": 79659.583, "Unique SQL Id": 202076520}}, "(16, 22)": {"explain_plan": {"Plan": {"Node Type": "Sort", "Startup Cost": 3696349.26, "Total Cost": 3696354.26, "Plan Rows": 2000, "Plan Width": 51, "Sort Key": ["supplier.s_name"], "Plans": [{"Node Type": "Nested Loop", "Parent Relationship": "Outer", "Join Type": "Semi", "Startup Cost": 3623063.44, "Total Cost": 3696239.6, "Plan Rows": 2000, "Plan Width": 51, "Inner Unique": false, "Join Filter": "(supplier.s_suppkey = subquery.\"?column?\")", "Plans": [{"Node Type": "Nested Loop", "Parent Relationship": "Outer", "Join Type": "Inner", "Startup Cost": 0.0, "Total Cost": 4534.31, "Plan Rows": 4000, "Plan Width": 59, "Inner Unique": false, "Join Filter": "(supplier.s_nationkey = nation.n_nationkey)", "Plans": [{"Node Type": "Seq Scan", "Parent Relationship": "Outer", "Relation Name": "nation", "Alias": "nation", "Startup Cost": 0.0, "Total Cost": 1.31, "Plan Rows": 1, "Plan Width": 4, "Filter": "(n_name = 'ALGERIA'::bpchar)"}, {"Node Type": "Seq Scan", "Parent Relationship": "Inner", "Relation Name": "supplier", "Alias": "supplier", "Startup Cost": 0.0, "Total Cost": 3283.0, "Plan Rows": 100000, "Plan Width": 63}]}, {"Node Type": "Materialize", "Parent Relationship": "Inner", "Startup Cost": 3623063.44, "Total Cost": 3691585.29, "Plan Rows": 2, "Plan Width": 16, "Plans": [{"Node Type": "Merge Join", "Parent Relationship": "Outer", "Join Type": "Inner", "Startup Cost": 3623063.44, "Total Cost": 3691585.28, "Plan Rows": 2, "Plan Width": 16, "Inner Unique": true, "Merge Cond": "((partsupp.ps_suppkey = subquery.\"?column?\") AND (partsupp.ps_partkey = subquery.\"?column?\"))", "Join Filter": "((partsupp.ps_availqty)::double precision > (.5::double precision * subquery.\"?column?\"))", "Plans": [{"Node Type": "Sort", "Parent Relationship": "Outer", "Startup Cost": 414234.76, "Total Cost": 414396.14, "Plan Rows": 64552, "Plan Width": 32, "Sort Key": ["partsupp.ps_suppkey", "partsupp.ps_partkey"], "Plans": [{"Node Type": "Nested Loop", "Parent Relationship": "Outer", "Join Type": "Inner", "Startup Cost": 3.19, "Total Cost": 409077.65, "Plan Rows": 64552, "Plan Width": 32, "Inner Unique": false, "Plans": [{"Node Type": "Seq Scan", "Parent Relationship": "Outer", "Relation Name": "part", "Alias": "part", "Startup Cost": 0.0, "Total Cost": 66944.0, "Plan Rows": 22472, "Plan Width": 8, "Filter": "((p_name)::text ~~ 'green%'::text)"}, {"Node Type": "Bitmap Heap Scan", "Parent Relationship": "Inner", "Relation Name": "partsupp", "Alias": "partsupp", "Startup Cost": 3.19, "Total Cost": 15.19, "Plan Rows": 3, "Plan Width": 24, "Recheck Cond": "(ps_partkey = part.p_partkey)", "Plans": [{"Node Type": "Bitmap Index Scan", "Parent Relationship": "Outer", "Index Name": "idx_partsupp_partkey", "Startup Cost": 0.0, "Total Cost": 3.19, "Plan Rows": 3, "Plan Width": 0, "Index Cond": "(ps_partkey = part.p_partkey)"}]}]}]}, {"Node Type": "Sort", "Parent Relationship": "Inner", "Startup Cost": 3208828.67, "Total Cost": 3231507.87, "Plan Rows": 9071680, "Plan Width": 24, "Sort Key": ["subquery.\"?column?\"", "subquery.\"?column?\""], "Plans": [{"Node Type": "Subquery Scan", "Parent Relationship": "Outer", "Alias": "subquery", "Startup Cost": 1956349.97, "Total Cost": 2160462.77, "Plan Rows": 9071680, "Plan Width": 24, "Plans": [{"Node Type": "Aggregate", "Strategy": "Hashed", "Parent Relationship": "Subquery", "Startup Cost": 1956349.97, "Total Cost": 2069745.97, "Plan Rows": 9071680, "Plan Width": 40, "Group By Key": ["lineitem.l_partkey", "lineitem.l_suppkey"], "Plans": [{"Node Type": "Bitmap Heap Scan", "Parent Relationship": "Outer", "Relation Name": "lineitem", "Alias": "lineitem", "Startup Cost": 314312.97, "Total Cost": 1865633.17, "Plan Rows": 9071680, "Plan Width": 24, "Recheck Cond": "((l_shipdate >= '1993-01-01 00:00:00'::timestamp(0) without time zone) AND (l_shipdate < '1994-01-01 00:00:00'::timestamp without time zone)), (LLVM Optimized)", "Plans": [{"Node Type": "Bitmap Index Scan", "Parent Relationship": "Outer", "Index Name": "idx_lineitem_shipdate", "Startup Cost": 0.0, "Total Cost": 312045.05, "Plan Rows": 9071680, "Plan Width": 0, "Index Cond": "((l_shipdate >= '1993-01-01 00:00:00'::timestamp(0) without time zone) AND (l_shipdate < '1994-01-01 00:00:00'::timestamp without time zone))"}]}]}]}]}]}]}]}]}, "Unique SQL Id": 202076520, "Planner Runtime": 2}, "explain_analyze_plan": {"Plan": {"Node Type": "Sort", "Startup Cost": 3696349.26, "Total Cost": 3696354.26, "Plan Rows": 2000, "Plan Width": 51, "Actual Startup Time": 82950.628, "Actual Total Time": 82950.793, "Actual Rows": 1746, "Actual Loops": 1, "Sort Key": ["supplier.s_name"], "Sort Method": "quicksort", "Sort Space Used": 309, "Sort Space Type": "Memory", "Plans": [{"Node Type": "Nested Loop", "Parent Relationship": "Outer", "Join Type": "Semi", "Startup Cost": 3623063.44, "Total Cost": 3696239.6, "Plan Rows": 2000, "Plan Width": 51, "Actual Startup Time": 31409.887, "Actual Total Time": 82943.663, "Actual Rows": 1746, "Actual Loops": 1, "Inner Unique": false, "Join Filter": "(supplier.s_suppkey = subquery.\"?column?\")", "Rows Removed by Join Filter": 178136880, "Plans": [{"Node Type": "Nested Loop", "Parent Relationship": "Outer", "Join Type": "Inner", "Startup Cost": 0.0, "Total Cost": 4534.31, "Plan Rows": 4000, "Plan Width": 59, "Actual Startup Time": 0.064, "Actual Total Time": 72.443, "Actual Rows": 3934, "Actual Loops": 1, "Inner Unique": false, "Join Filter": "(supplier.s_nationkey = nation.n_nationkey)", "Rows Removed by Join Filter": 96066, "Plans": [{"Node Type": "Seq Scan", "Parent Relationship": "Outer", "Relation Name": "nation", "Alias": "nation", "Startup Cost": 0.0, "Total Cost": 1.31, "Plan Rows": 1, "Plan Width": 4, "Actual Startup Time": 0.025, "Actual Total Time": 0.055, "Actual Rows": 1, "Actual Loops": 1, "Filter": "(n_name = 'ALGERIA'::bpchar)", "Rows Removed by Filter": 24}, {"Node Type": "Seq Scan", "Parent Relationship": "Inner", "Relation Name": "supplier", "Alias": "supplier", "Startup Cost": 0.0, "Total Cost": 3283.0, "Plan Rows": 100000, "Plan Width": 63, "Actual Startup Time": 0.021, "Actual Total Time": 42.739, "Actual Rows": 100000, "Actual Loops": 1}]}, {"Node Type": "Materialize", "Parent Relationship": "Inner", "Startup Cost": 3623063.44, "Total Cost": 3691585.29, "Plan Rows": 2, "Plan Width": 16, "Actual Startup Time": 29434.211, "Actual Total Time": 48984.965, "Actual Rows": 178138626, "Actual Loops": 3934, "Plans": [{"Node Type": "Merge Join", "Parent Relationship": "Outer", "Join Type": "Inner", "Startup Cost": 3623063.44, "Total Cost": 3691585.28, "Plan Rows": 2, "Plan Width": 16, "Actual Startup Time": 29433.554, "Actual Total Time": 31382.292, "Actual Rows": 58537, "Actual Loops": 1, "Inner Unique": true, "Merge Cond": "((partsupp.ps_suppkey = subquery.\"?column?\") AND (partsupp.ps_partkey = subquery.\"?column?\"))", "Join Filter": "((partsupp.ps_availqty)::double precision > (.5::double precision * subquery.\"?column?\"))", "Rows Removed by Join Filter": 0, "Plans": [{"Node Type": "Sort", "Parent Relationship": "Outer", "Startup Cost": 414234.76, "Total Cost": 414396.14, "Plan Rows": 64552, "Plan Width": 32, "Actual Startup Time": 1076.094, "Actual Total Time": 1096.624, "Actual Rows": 86224, "Actual Loops": 1, "Sort Key": ["partsupp.ps_suppkey", "partsupp.ps_partkey"], "Sort Method": "quicksort", "Sort Space Used": 11156, "Sort Space Type": "Memory", "Plans": [{"Node Type": "Nested Loop", "Parent Relationship": "Outer", "Join Type": "Inner", "Startup Cost": 3.19, "Total Cost": 409077.65, "Plan Rows": 64552, "Plan Width": 32, "Actual Startup Time": 0.06, "Actual Total Time": 1027.841, "Actual Rows": 86224, "Actual Loops": 1, "Inner Unique": false, "Plans": [{"Node Type": "Seq Scan", "Parent Relationship": "Outer", "Relation Name": "part", "Alias": "part", "Startup Cost": 0.0, "Total Cost": 66944.0, "Plan Rows": 22472, "Plan Width": 8, "Actual Startup Time": 0.021, "Actual Total Time": 779.58, "Actual Rows": 21556, "Actual Loops": 1, "Filter": "((p_name)::text ~~ 'green%'::text)", "Rows Removed by Filter": 1978444}, {"Node Type": "Bitmap Heap Scan", "Parent Relationship": "Inner", "Relation Name": "partsupp", "Alias": "partsupp", "Startup Cost": 3.19, "Total Cost": 15.19, "Plan Rows": 3, "Plan Width": 24, "Actual Startup Time": 188.461, "Actual Total Time": 204.403, "Actual Rows": 86224, "Actual Loops": 21556, "Recheck Cond": "(ps_partkey = part.p_partkey)", "Rows Removed by Index Recheck": 0, "Exact Heap Blocks": 23502, "Lossy Heap Blocks": 23502, "Plans": [{"Node Type": "Bitmap Index Scan", "Parent Relationship": "Outer", "Index Name": "idx_partsupp_partkey", "Startup Cost": 0.0, "Total Cost": 3.19, "Plan Rows": 3, "Plan Width": 0, "Actual Startup Time": 101.051, "Actual Total Time": 101.051, "Actual Rows": 86224, "Actual Loops": 21556, "Index Cond": "(ps_partkey = part.p_partkey)"}]}]}]}, {"Node Type": "Sort", "Parent Relationship": "Inner", "Startup Cost": 3208828.67, "Total Cost": 3231507.87, "Plan Rows": 9071680, "Plan Width": 24, "Actual Startup Time": 28357.19, "Actual Total Time": 29463.374, "Actual Rows": 5442737, "Actual Loops": 1, "Sort Key": ["subquery.\"?column?\"", "subquery.\"?column?\""], "Sort Method": "quicksort", "Sort Space Used": 706866, "Sort Space Type": "Memory", "Plans": [{"Node Type": "Subquery Scan", "Parent Relationship": "Outer", "Alias": "subquery", "Startup Cost": 1956349.97, "Total Cost": 2160462.77, "Plan Rows": 9071680, "Plan Width": 24, "Actual Startup Time": 19416.85, "Actual Total Time": 23725.253, "Actual Rows": 5442751, "Actual Loops": 1, "Plans": [{"Node Type": "Aggregate", "Strategy": "Hashed", "Parent Relationship": "Subquery", "Startup Cost": 1956349.97, "Total Cost": 2069745.97, "Plan Rows": 9071680, "Plan Width": 40, "Actual Startup Time": 19416.846, "Actual Total Time": 22711.537, "Actual Rows": 5442751, "Actual Loops": 1, "Group By Key": ["lineitem.l_partkey", "lineitem.l_suppkey"], "Plans": [{"Node Type": "Bitmap Heap Scan", "Parent Relationship": "Outer", "Relation Name": "lineitem", "Alias": "lineitem", "Startup Cost": 314312.97, "Total Cost": 1865633.17, "Plan Rows": 9071680, "Plan Width": 24, "Actual Startup Time": 4198.315, "Actual Total Time": 11753.992, "Actual Rows": 9109641, "Actual Loops": 1, "Recheck Cond": "((l_shipdate >= '1993-01-01 00:00:00'::timestamp(0) without time zone) AND (l_shipdate < '1994-01-01 00:00:00'::timestamp without time zone)), (LLVM Optimized, Jit Execute)", "Rows Removed by Index Recheck": 0, "Exact Heap Blocks": 1252335, "Lossy Heap Blocks": 1252335, "Plans": [{"Node Type": "Bitmap Index Scan", "Parent Relationship": "Outer", "Index Name": "idx_lineitem_shipdate", "Startup Cost": 0.0, "Total Cost": 312045.05, "Plan Rows": 9071680, "Plan Width": 0, "Actual Startup Time": 3525.518, "Actual Total Time": 3525.518, "Actual Rows": 9109641, "Actual Loops": 1, "Index Cond": "((l_shipdate >= '1993-01-01 00:00:00'::timestamp(0) without time zone) AND (l_shipdate < '1994-01-01 00:00:00'::timestamp without time zone))"}]}]}]}]}]}]}]}]}, "Triggers": [], "Planner Runtime": 2, "Total Runtime": 82963.184, "Unique SQL Id": 202076520}}, "(16, 23)": {"explain_plan": {"Plan": {"Node Type": "Sort", "Startup Cost": 41474309.17, "Total Cost": 41474314.17, "Plan Rows": 2000, "Plan Width": 51, "Sort Key": ["supplier.s_name"], "Plans": [{"Node Type": "Nested Loop", "Parent Relationship": "Outer", "Join Type": "Inner", "Startup Cost": 41260049.96, "Total Cost": 41474199.51, "Plan Rows": 2000, "Plan Width": 51, "Inner Unique": true, "Plans": [{"Node Type": "Nested Loop", "Parent Relationship": "Outer", "Join Type": "Inner", "Startup Cost": 41260049.7, "Total Cost": 41260058.01, "Plan Rows": 50000, "Plan Width": 55, "Inner Unique": true, "Plans": [{"Node Type": "Unique", "Parent Relationship": "Outer", "Startup Cost": 41260049.44, "Total Cost": 41260049.45, "Plan Rows": 2, "Plan Width": 16, "Plans": [{"Node Type": "Sort", "Parent Relationship": "Outer", "Startup Cost": 41260049.44, "Total Cost": 41260049.45, "Plan Rows": 2, "Plan Width": 16, "Sort Key": ["partsupp.ps_suppkey"], "Plans": [{"Node Type": "Nested Loop", "Parent Relationship": "Outer", "Join Type": "Semi", "Startup Cost": 1956350.51, "Total Cost": 41260049.43, "Plan Rows": 2, "Plan Width": 16, "Inner Unique": false, "Join Filter": "(partsupp.ps_partkey = part.p_partkey)", "Plans": [{"Node Type": "Nested Loop", "Parent Relationship": "Outer", "Join Type": "Inner", "Startup Cost": 1956350.25, "Total Cost": 41259981.09, "Plan Rows": 15, "Plan Width": 32, "Inner Unique": true, "Plans": [{"Node Type": "Aggregate", "Strategy": "Hashed", "Parent Relationship": "Outer", "Startup Cost": 1956349.97, "Total Cost": 2069745.97, "Plan Rows": 9071680, "Plan Width": 40, "Group By Key": ["lineitem.l_partkey", "lineitem.l_suppkey"], "Plans": [{"Node Type": "Bitmap Heap Scan", "Parent Relationship": "Outer", "Relation Name": "lineitem", "Alias": "lineitem", "Startup Cost": 314312.97, "Total Cost": 1865633.17, "Plan Rows": 9071680, "Plan Width": 24, "Recheck Cond": "((l_shipdate >= '1993-01-01 00:00:00'::timestamp(0) without time zone) AND (l_shipdate < '1994-01-01 00:00:00'::timestamp without time zone)), (LLVM Optimized)", "Plans": [{"Node Type": "Bitmap Index Scan", "Parent Relationship": "Outer", "Index Name": "idx_lineitem_shipdate", "Startup Cost": 0.0, "Total Cost": 312045.05, "Plan Rows": 9071680, "Plan Width": 0, "Index Cond": "((l_shipdate >= '1993-01-01 00:00:00'::timestamp(0) without time zone) AND (l_shipdate < '1994-01-01 00:00:00'::timestamp without time zone))"}]}]}, {"Node Type": "Bitmap Heap Scan", "Parent Relationship": "Inner", "Relation Name": "partsupp", "Alias": "partsupp", "Startup Cost": 0.28, "Total Cost": 4.3, "Plan Rows": 1, "Plan Width": 24, "Recheck Cond": "((ps_partkey = lineitem.l_partkey) AND (ps_suppkey = lineitem.l_suppkey))", "Filter": "((ps_availqty)::double precision > (.5::double precision * (sum(lineitem.l_quantity))))", "Plans": [{"Node Type": "Bitmap Index Scan", "Parent Relationship": "Outer", "Index Name": "partsupp_pkey", "Startup Cost": 0.0, "Total Cost": 0.28, "Plan Rows": 1, "Plan Width": 0, "Index Cond": "((ps_partkey = lineitem.l_partkey) AND (ps_suppkey = lineitem.l_suppkey))"}]}]}, {"Node Type": "Bitmap Heap Scan", "Parent Relationship": "Inner", "Relation Name": "part", "Alias": "part", "Startup Cost": 0.26, "Total Cost": 4.28, "Plan Rows": 1, "Plan Width": 8, "Recheck Cond": "(p_partkey = lineitem.l_partkey)", "Filter": "((p_name)::text ~~ 'green%'::text)", "Plans": [{"Node Type": "Bitmap Index Scan", "Parent Relationship": "Outer", "Index Name": "part_kpey", "Startup Cost": 0.0, "Total Cost": 0.26, "Plan Rows": 1, "Plan Width": 0, "Index Cond": "(p_partkey = lineitem.l_partkey)"}]}]}]}]}, {"Node Type": "Bitmap Heap Scan", "Parent Relationship": "Inner", "Relation Name": "supplier", "Alias": "supplier", "Startup Cost": 0.26, "Total Cost": 4.27, "Plan Rows": 1, "Plan Width": 63, "Recheck Cond": "(s_suppkey = lineitem.l_suppkey)", "Plans": [{"Node Type": "Bitmap Index Scan", "Parent Relationship": "Outer", "Index Name": "supplier_pkey", "Startup Cost": 0.0, "Total Cost": 0.26, "Plan Rows": 1, "Plan Width": 0, "Index Cond": "(s_suppkey = lineitem.l_suppkey)"}]}]}, {"Node Type": "Bitmap Heap Scan", "Parent Relationship": "Inner", "Relation Name": "nation", "Alias": "nation", "Startup Cost": 0.26, "Total Cost": 4.27, "Plan Rows": 1, "Plan Width": 4, "Recheck Cond": "(n_nationkey = supplier.s_nationkey)", "Filter": "(n_name = 'ALGERIA'::bpchar)", "Plans": [{"Node Type": "Bitmap Index Scan", "Parent Relationship": "Outer", "Index Name": "nation_pkey", "Startup Cost": 0.0, "Total Cost": 0.26, "Plan Rows": 1, "Plan Width": 0, "Index Cond": "(n_nationkey = supplier.s_nationkey)"}]}]}]}, "Unique SQL Id": 202076520, "Planner Runtime": 2}, "explain_analyze_plan": {"Plan": {"Node Type": "Sort", "Startup Cost": 41474309.17, "Total Cost": 41474314.17, "Plan Rows": 2000, "Plan Width": 51, "Actual Startup Time": 128888.36, "Actual Total Time": 128888.508, "Actual Rows": 1746, "Actual Loops": 1, "Sort Key": ["supplier.s_name"], "Sort Method": "quicksort", "Sort Space Used": 309, "Sort Space Type": "Memory", "Plans": [{"Node Type": "Nested Loop", "Parent Relationship": "Outer", "Join Type": "Inner", "Startup Cost": 41260049.96, "Total Cost": 41474199.51, "Plan Rows": 2000, "Plan Width": 51, "Actual Startup Time": 128475.92, "Actual Total Time": 128886.43, "Actual Rows": 1746, "Actual Loops": 1, "Inner Unique": true, "Plans": [{"Node Type": "Nested Loop", "Parent Relationship": "Outer", "Join Type": "Inner", "Startup Cost": 41260049.7, "Total Cost": 41260058.01, "Plan Rows": 50000, "Plan Width": 55, "Actual Startup Time": 128475.528, "Actual Total Time": 128715.763, "Actual Rows": 44487, "Actual Loops": 1, "Inner Unique": true, "Plans": [{"Node Type": "Unique", "Parent Relationship": "Outer", "Startup Cost": 41260049.44, "Total Cost": 41260049.45, "Plan Rows": 2, "Plan Width": 16, "Actual Startup Time": 128475.469, "Actual Total Time": 128506.031, "Actual Rows": 44487, "Actual Loops": 1, "Plans": [{"Node Type": "Sort", "Parent Relationship": "Outer", "Startup Cost": 41260049.44, "Total Cost": 41260049.45, "Plan Rows": 2, "Plan Width": 16, "Actual Startup Time": 128475.464, "Actual Total Time": 128488.423, "Actual Rows": 58537, "Actual Loops": 1, "Sort Key": ["partsupp.ps_suppkey"], "Sort Method": "quicksort", "Sort Space Used": 7024, "Sort Space Type": "Memory", "Plans": [{"Node Type": "Nested Loop", "Parent Relationship": "Outer", "Join Type": "Semi", "Startup Cost": 1956350.51, "Total Cost": 41260049.43, "Plan Rows": 2, "Plan Width": 16, "Actual Startup Time": 19211.651, "Actual Total Time": 128395.823, "Actual Rows": 58537, "Actual Loops": 1, "Inner Unique": false, "Join Filter": "(partsupp.ps_partkey = part.p_partkey)", "Rows Removed by Join Filter": 0, "Plans": [{"Node Type": "Nested Loop", "Parent Relationship": "Outer", "Join Type": "Inner", "Startup Cost": 1956350.25, "Total Cost": 41259981.09, "Plan Rows": 15, "Plan Width": 32, "Actual Startup Time": 19211.227, "Actual Total Time": 79847.531, "Actual Rows": 5431247, "Actual Loops": 1, "Inner Unique": true, "Plans": [{"Node Type": "Aggregate", "Strategy": "Hashed", "Parent Relationship": "Outer", "Startup Cost": 1956349.97, "Total Cost": 2069745.97, "Plan Rows": 9071680, "Plan Width": 40, "Actual Startup Time": 19211.091, "Actual Total Time": 24301.465, "Actual Rows": 5442751, "Actual Loops": 1, "Group By Key": ["lineitem.l_partkey", "lineitem.l_suppkey"], "Plans": [{"Node Type": "Bitmap Heap Scan", "Parent Relationship": "Outer", "Relation Name": "lineitem", "Alias": "lineitem", "Startup Cost": 314312.97, "Total Cost": 1865633.17, "Plan Rows": 9071680, "Plan Width": 24, "Actual Startup Time": 4429.203, "Actual Total Time": 12148.373, "Actual Rows": 9109641, "Actual Loops": 1, "Recheck Cond": "((l_shipdate >= '1993-01-01 00:00:00'::timestamp(0) without time zone) AND (l_shipdate < '1994-01-01 00:00:00'::timestamp without time zone)), (LLVM Optimized, Jit Execute)", "Rows Removed by Index Recheck": 0, "Exact Heap Blocks": 1252335, "Lossy Heap Blocks": 1252335, "Plans": [{"Node Type": "Bitmap Index Scan", "Parent Relationship": "Outer", "Index Name": "idx_lineitem_shipdate", "Startup Cost": 0.0, "Total Cost": 312045.05, "Plan Rows": 9071680, "Plan Width": 0, "Actual Startup Time": 3725.891, "Actual Total Time": 3725.891, "Actual Rows": 9109641, "Actual Loops": 1, "Index Cond": "((l_shipdate >= '1993-01-01 00:00:00'::timestamp(0) without time zone) AND (l_shipdate < '1994-01-01 00:00:00'::timestamp without time zone))"}]}]}, {"Node Type": "Bitmap Heap Scan", "Parent Relationship": "Inner", "Relation Name": "partsupp", "Alias": "partsupp", "Startup Cost": 0.28, "Total Cost": 4.3, "Plan Rows": 1, "Plan Width": 24, "Actual Startup Time": 47744.0, "Actual Total Time": 47744.0, "Actual Rows": 5431247, "Actual Loops": 5442751, "Recheck Cond": "((ps_partkey = lineitem.l_partkey) AND (ps_suppkey = lineitem.l_suppkey))", "Rows Removed by Index Recheck": 0, "Filter": "((ps_availqty)::double precision > (.5::double precision * (sum(lineitem.l_quantity))))", "Rows Removed by Filter": 11504, "Exact Heap Blocks": 5442751, "Lossy Heap Blocks": 5442751, "Plans": [{"Node Type": "Bitmap Index Scan", "Parent Relationship": "Outer", "Index Name": "partsupp_pkey", "Startup Cost": 0.0, "Total Cost": 0.28, "Plan Rows": 1, "Plan Width": 0, "Actual Startup Time": 28969.237, "Actual Total Time": 28969.237, "Actual Rows": 5442751, "Actual Loops": 5442751, "Index Cond": "((ps_partkey = lineitem.l_partkey) AND (ps_suppkey = lineitem.l_suppkey))"}]}]}, {"Node Type": "Bitmap Heap Scan", "Parent Relationship": "Inner", "Relation Name": "part", "Alias": "part", "Startup Cost": 0.26, "Total Cost": 4.28, "Plan Rows": 1, "Plan Width": 8, "Actual Startup Time": 42398.618, "Actual Total Time": 42398.618, "Actual Rows": 58537, "Actual Loops": 5431247, "Recheck Cond": "(p_partkey = lineitem.l_partkey)", "Rows Removed by Index Recheck": 0, "Filter": "((p_name)::text ~~ 'green%'::text)", "Rows Removed by Filter": 5372710, "Exact Heap Blocks": 5431247, "Lossy Heap Blocks": 5431247, "Plans": [{"Node Type": "Bitmap Index Scan", "Parent Relationship": "Outer", "Index Name": "part_kpey", "Startup Cost": 0.0, "Total Cost": 0.26, "Plan Rows": 1, "Plan Width": 0, "Actual Startup Time": 24845.499, "Actual Total Time": 24845.499, "Actual Rows": 5431247, "Actual Loops": 5431247, "Index Cond": "(p_partkey = lineitem.l_partkey)"}]}]}]}]}, {"Node Type": "Bitmap Heap Scan", "Parent Relationship": "Inner", "Relation Name": "supplier", "Alias": "supplier", "Startup Cost": 0.26, "Total Cost": 4.27, "Plan Rows": 1, "Plan Width": 63, "Actual Startup Time": 150.562, "Actual Total Time": 150.562, "Actual Rows": 44487, "Actual Loops": 44487, "Recheck Cond": "(s_suppkey = lineitem.l_suppkey)", "Rows Removed by Index Recheck": 0, "Exact Heap Blocks": 44487, "Lossy Heap Blocks": 44487, "Plans": [{"Node Type": "Bitmap Index Scan", "Parent Relationship": "Outer", "Index Name": "supplier_pkey", "Startup Cost": 0.0, "Total Cost": 0.26, "Plan Rows": 1, "Plan Width": 0, "Actual Startup Time": 82.325, "Actual Total Time": 82.325, "Actual Rows": 44487, "Actual Loops": 44487, "Index Cond": "(s_suppkey = lineitem.l_suppkey)"}]}]}, {"Node Type": "Bitmap Heap Scan", "Parent Relationship": "Inner", "Relation Name": "nation", "Alias": "nation", "Startup Cost": 0.26, "Total Cost": 4.27, "Plan Rows": 1, "Plan Width": 4, "Actual Startup Time": 120.985, "Actual Total Time": 120.985, "Actual Rows": 1746, "Actual Loops": 44487, "Recheck Cond": "(n_nationkey = supplier.s_nationkey)", "Rows Removed by Index Recheck": 0, "Filter": "(n_name = 'ALGERIA'::bpchar)", "Rows Removed by Filter": 42741, "Exact Heap Blocks": 44487, "Lossy Heap Blocks": 44487, "Plans": [{"Node Type": "Bitmap Index Scan", "Parent Relationship": "Outer", "Index Name": "nation_pkey", "Startup Cost": 0.0, "Total Cost": 0.26, "Plan Rows": 1, "Plan Width": 0, "Actual Startup Time": 44.911, "Actual Total Time": 44.911, "Actual Rows": 44487, "Actual Loops": 44487, "Index Cond": "(n_nationkey = supplier.s_nationkey)"}]}]}]}, "Triggers": [], "Planner Runtime": 1, "Total Runtime": 128900.171, "Unique SQL Id": 202076520}}, "(16, 24)": {"explain_plan": {"Plan": {"Node Type": "Sort", "Startup Cost": 3961761.46, "Total Cost": 3961766.46, "Plan Rows": 2000, "Plan Width": 51, "Sort Key": ["supplier.s_name"], "Plans": [{"Node Type": "Nested Loop", "Parent Relationship": "Outer", "Join Type": "Semi", "Startup Cost": 3888475.64, "Total Cost": 3961651.81, "Plan Rows": 2000, "Plan Width": 51, "Inner Unique": false, "Join Filter": "(supplier.s_suppkey = subquery.\"?column?\")", "Plans": [{"Node Type": "Nested Loop", "Parent Relationship": "Outer", "Join Type": "Inner", "Startup Cost": 0.0, "Total Cost": 4534.31, "Plan Rows": 4000, "Plan Width": 59, "Inner Unique": false, "Join Filter": "(supplier.s_nationkey = nation.n_nationkey)", "Plans": [{"Node Type": "Seq Scan", "Parent Relationship": "Outer", "Relation Name": "nation", "Alias": "nation", "Startup Cost": 0.0, "Total Cost": 1.31, "Plan Rows": 1, "Plan Width": 4, "Filter": "(n_name = 'ALGERIA'::bpchar)"}, {"Node Type": "Seq Scan", "Parent Relationship": "Inner", "Relation Name": "supplier", "Alias": "supplier", "Startup Cost": 0.0, "Total Cost": 3283.0, "Plan Rows": 100000, "Plan Width": 63}]}, {"Node Type": "Materialize", "Parent Relationship": "Inner", "Startup Cost": 3888475.64, "Total Cost": 3956997.5, "Plan Rows": 2, "Plan Width": 16, "Plans": [{"Node Type": "Merge Join", "Parent Relationship": "Outer", "Join Type": "Inner", "Startup Cost": 3888475.64, "Total Cost": 3956997.49, "Plan Rows": 2, "Plan Width": 16, "Inner Unique": true, "Merge Cond": "((partsupp.ps_suppkey = subquery.\"?column?\") AND (partsupp.ps_partkey = subquery.\"?column?\"))", "Join Filter": "((partsupp.ps_availqty)::double precision > (.5::double precision * subquery.\"?column?\"))", "Plans": [{"Node Type": "Sort", "Parent Relationship": "Outer", "Startup Cost": 230229.65, "Total Cost": 230391.03, "Plan Rows": 64552, "Plan Width": 32, "Sort Key": ["partsupp.ps_suppkey", "partsupp.ps_partkey"], "Plans": [{"Node Type": "Nested Loop", "Parent Relationship": "Outer", "Join Type": "Inner", "Startup Cost": 0.0, "Total Cost": 225072.53, "Plan Rows": 64552, "Plan Width": 32, "Inner Unique": false, "Plans": [{"Node Type": "Seq Scan", "Parent Relationship": "Outer", "Relation Name": "part", "Alias": "part", "Startup Cost": 0.0, "Total Cost": 66944.0, "Plan Rows": 22472, "Plan Width": 8, "Filter": "((p_name)::text ~~ 'green%'::text)"}, {"Node Type": "Index Scan", "Parent Relationship": "Inner", "Scan Direction": "Forward", "Index Name": "idx_partsupp_partkey", "Relation Name": "partsupp", "Alias": "partsupp", "Startup Cost": 0.0, "Total Cost": 7.01, "Plan Rows": 3, "Plan Width": 24, "Index Cond": "(ps_partkey = part.p_partkey)"}]}]}, {"Node Type": "Sort", "Parent Relationship": "Inner", "Startup Cost": 3658246.0, "Total Cost": 3680925.2, "Plan Rows": 9071680, "Plan Width": 24, "Sort Key": ["subquery.\"?column?\"", "subquery.\"?column?\""], "Plans": [{"Node Type": "Subquery Scan", "Parent Relationship": "Outer", "Alias": "subquery", "Startup Cost": 2405767.29, "Total Cost": 2609880.09, "Plan Rows": 9071680, "Plan Width": 24, "Plans": [{"Node Type": "Aggregate", "Strategy": "Hashed", "Parent Relationship": "Subquery", "Startup Cost": 2405767.29, "Total Cost": 2519163.29, "Plan Rows": 9071680, "Plan Width": 40, "Group By Key": ["lineitem.l_partkey", "lineitem.l_suppkey"], "Plans": [{"Node Type": "Seq Scan", "Parent Relationship": "Outer", "Relation Name": "lineitem", "Alias": "lineitem", "Startup Cost": 119.57, "Total Cost": 2315050.5, "Plan Rows": 9071680, "Plan Width": 24, "Filter": "((l_shipdate >= '1993-01-01 00:00:00'::timestamp(0) without time zone) AND (l_shipdate < '1994-01-01 00:00:00'::timestamp without time zone)), (LLVM Optimized)"}]}]}]}]}]}]}]}, "Unique SQL Id": 202076520, "Planner Runtime": 2}, "explain_analyze_plan": {"Plan": {"Node Type": "Sort", "Startup Cost": 3961761.46, "Total Cost": 3961766.46, "Plan Rows": 2000, "Plan Width": 51, "Actual Startup Time": 94675.872, "Actual Total Time": 94676.045, "Actual Rows": 1746, "Actual Loops": 1, "Sort Key": ["supplier.s_name"], "Sort Method": "quicksort", "Sort Space Used": 309, "Sort Space Type": "Memory", "Plans": [{"Node Type": "Nested Loop", "Parent Relationship": "Outer", "Join Type": "Semi", "Startup Cost": 3888475.64, "Total Cost": 3961651.81, "Plan Rows": 2000, "Plan Width": 51, "Actual Startup Time": 43772.325, "Actual Total Time": 94668.317, "Actual Rows": 1746, "Actual Loops": 1, "Inner Unique": false, "Join Filter": "(supplier.s_suppkey = subquery.\"?column?\")", "Rows Removed by Join Filter": 178136880, "Plans": [{"Node Type": "Nested Loop", "Parent Relationship": "Outer", "Join Type": "Inner", "Startup Cost": 0.0, "Total Cost": 4534.31, "Plan Rows": 4000, "Plan Width": 59, "Actual Startup Time": 0.059, "Actual Total Time": 72.995, "Actual Rows": 3934, "Actual Loops": 1, "Inner Unique": false, "Join Filter": "(supplier.s_nationkey = nation.n_nationkey)", "Rows Removed by Join Filter": 96066, "Plans": [{"Node Type": "Seq Scan", "Parent Relationship": "Outer", "Relation Name": "nation", "Alias": "nation", "Startup Cost": 0.0, "Total Cost": 1.31, "Plan Rows": 1, "Plan Width": 4, "Actual Startup Time": 0.021, "Actual Total Time": 0.051, "Actual Rows": 1, "Actual Loops": 1, "Filter": "(n_name = 'ALGERIA'::bpchar)", "Rows Removed by Filter": 24}, {"Node Type": "Seq Scan", "Parent Relationship": "Inner", "Relation Name": "supplier", "Alias": "supplier", "Startup Cost": 0.0, "Total Cost": 3283.0, "Plan Rows": 100000, "Plan Width": 63, "Actual Startup Time": 0.022, "Actual Total Time": 43.348, "Actual Rows": 100000, "Actual Loops": 1}]}, {"Node Type": "Materialize", "Parent Relationship": "Inner", "Startup Cost": 3888475.64, "Total Cost": 3956997.5, "Plan Rows": 2, "Plan Width": 16, "Actual Startup Time": 41497.441, "Actual Total Time": 61318.549, "Actual Rows": 178138626, "Actual Loops": 3934, "Plans": [{"Node Type": "Merge Join", "Parent Relationship": "Outer", "Join Type": "Inner", "Startup Cost": 3888475.64, "Total Cost": 3956997.49, "Plan Rows": 2, "Plan Width": 16, "Actual Startup Time": 41496.695, "Actual Total Time": 43744.329, "Actual Rows": 58537, "Actual Loops": 1, "Inner Unique": true, "Merge Cond": "((partsupp.ps_suppkey = subquery.\"?column?\") AND (partsupp.ps_partkey = subquery.\"?column?\"))", "Join Filter": "((partsupp.ps_availqty)::double precision > (.5::double precision * subquery.\"?column?\"))", "Rows Removed by Join Filter": 0, "Plans": [{"Node Type": "Sort", "Parent Relationship": "Outer", "Startup Cost": 230229.65, "Total Cost": 230391.03, "Plan Rows": 64552, "Plan Width": 32, "Actual Startup Time": 1045.167, "Actual Total Time": 1067.052, "Actual Rows": 86224, "Actual Loops": 1, "Sort Key": ["partsupp.ps_suppkey", "partsupp.ps_partkey"], "Sort Method": "quicksort", "Sort Space Used": 11156, "Sort Space Type": "Memory", "Plans": [{"Node Type": "Nested Loop", "Parent Relationship": "Outer", "Join Type": "Inner", "Startup Cost": 0.0, "Total Cost": 225072.53, "Plan Rows": 64552, "Plan Width": 32, "Actual Startup Time": 0.038, "Actual Total Time": 995.275, "Actual Rows": 86224, "Actual Loops": 1, "Inner Unique": false, "Plans": [{"Node Type": "Seq Scan", "Parent Relationship": "Outer", "Relation Name": "part", "Alias": "part", "Startup Cost": 0.0, "Total Cost": 66944.0, "Plan Rows": 22472, "Plan Width": 8, "Actual Startup Time": 0.02, "Actual Total Time": 783.043, "Actual Rows": 21556, "Actual Loops": 1, "Filter": "((p_name)::text ~~ 'green%'::text)", "Rows Removed by Filter": 1978444}, {"Node Type": "Index Scan", "Parent Relationship": "Inner", "Scan Direction": "Forward", "Index Name": "idx_partsupp_partkey", "Relation Name": "partsupp", "Alias": "partsupp", "Startup Cost": 0.0, "Total Cost": 7.01, "Plan Rows": 3, "Plan Width": 24, "Actual Startup Time": 135.26, "Actual Total Time": 182.204, "Actual Rows": 86224, "Actual Loops": 21556, "Index Cond": "(ps_partkey = part.p_partkey)", "Rows Removed by Index Recheck": 0}]}]}, {"Node Type": "Sort", "Parent Relationship": "Inner", "Startup Cost": 3658246.0, "Total Cost": 3680925.2, "Plan Rows": 9071680, "Plan Width": 24, "Actual Startup Time": 40451.437, "Actual Total Time": 41849.113, "Actual Rows": 5442737, "Actual Loops": 1, "Sort Key": ["subquery.\"?column?\"", "subquery.\"?column?\""], "Sort Method": "quicksort", "Sort Space Used": 706866, "Sort Space Type": "Memory", "Plans": [{"Node Type": "Subquery Scan", "Parent Relationship": "Outer", "Alias": "subquery", "Startup Cost": 2405767.29, "Total Cost": 2609880.09, "Plan Rows": 9071680, "Plan Width": 24, "Actual Startup Time": 31410.562, "Actual Total Time": 35845.153, "Actual Rows": 5442751, "Actual Loops": 1, "Plans": [{"Node Type": "Aggregate", "Strategy": "Hashed", "Parent Relationship": "Subquery", "Startup Cost": 2405767.29, "Total Cost": 2519163.29, "Plan Rows": 9071680, "Plan Width": 40, "Actual Startup Time": 31410.56, "Actual Total Time": 34841.281, "Actual Rows": 5442751, "Actual Loops": 1, "Group By Key": ["lineitem.l_partkey", "lineitem.l_suppkey"], "Plans": [{"Node Type": "Seq Scan", "Parent Relationship": "Outer", "Relation Name": "lineitem", "Alias": "lineitem", "Startup Cost": 119.57, "Total Cost": 2315050.5, "Plan Rows": 9071680, "Plan Width": 24, "Actual Startup Time": 0.06, "Actual Total Time": 23305.762, "Actual Rows": 9109641, "Actual Loops": 1, "Filter": "((l_shipdate >= '1993-01-01 00:00:00'::timestamp(0) without time zone) AND (l_shipdate < '1994-01-01 00:00:00'::timestamp without time zone)), (LLVM Optimized, Jit Execute)", "Rows Removed by Filter": 50876411}]}]}]}]}]}]}]}, "Triggers": [], "Planner Runtime": 2, "Total Runtime": 94685.76, "Unique SQL Id": 202076520}}, "(16, 25)": {"explain_plan": {"Plan": {"Node Type": "Sort", "Startup Cost": 7730056.23, "Total Cost": 7730061.23, "Plan Rows": 2000, "Plan Width": 51, "Sort Key": ["supplier.s_name"], "Plans": [{"Node Type": "Nested Loop", "Parent Relationship": "Outer", "Join Type": "Semi", "Startup Cost": 7406937.34, "Total Cost": 7729946.57, "Plan Rows": 2000, "Plan Width": 51, "Inner Unique": false, "Join Filter": "(supplier.s_suppkey = subquery.\"?column?\")", "Plans": [{"Node Type": "Nested Loop", "Parent Relationship": "Outer", "Join Type": "Inner", "Startup Cost": 0.0, "Total Cost": 6597.23, "Plan Rows": 4000, "Plan Width": 59, "Inner Unique": false, "Join Filter": "(supplier.s_nationkey = nation.n_nationkey)", "Plans": [{"Node Type": "Index Scan", "Parent Relationship": "Outer", "Scan Direction": "Forward", "Index Name": "nation_pkey", "Relation Name": "nation", "Alias": "nation", "Startup Cost": 0.0, "Total Cost": 12.69, "Plan Rows": 1, "Plan Width": 4, "Filter": "(n_name = 'ALGERIA'::bpchar)"}, {"Node Type": "Index Scan", "Parent Relationship": "Inner", "Scan Direction": "Forward", "Index Name": "supplier_pkey", "Relation Name": "supplier", "Alias": "supplier", "Startup Cost": 0.0, "Total Cost": 5334.54, "Plan Rows": 100000, "Plan Width": 63}]}, {"Node Type": "Materialize", "Parent Relationship": "Inner", "Startup Cost": 7406937.34, "Total Cost": 7723229.35, "Plan Rows": 2, "Plan Width": 16, "Plans": [{"Node Type": "Merge Join", "Parent Relationship": "Outer", "Join Type": "Inner", "Startup Cost": 7406937.34, "Total Cost": 7723229.34, "Plan Rows": 2, "Plan Width": 16, "Inner Unique": true, "Merge Cond": "(partsupp.ps_partkey = subquery.\"?column?\")", "Join Filter": "((partsupp.ps_suppkey = subquery.\"?column?\") AND ((partsupp.ps_availqty)::double precision > (.5::double precision * subquery.\"?column?\")))", "Plans": [{"Node Type": "Nested Loop", "Parent Relationship": "Outer", "Join Type": "Inner", "Startup Cost": 0.0, "Total Cost": 263931.78, "Plan Rows": 64552, "Plan Width": 32, "Inner Unique": false, "Plans": [{"Node Type": "Index Scan", "Parent Relationship": "Outer", "Scan Direction": "Forward", "Index Name": "part_kpey", "Relation Name": "part", "Alias": "part", "Startup Cost": 0.0, "Total Cost": 105803.25, "Plan Rows": 22472, "Plan Width": 8, "Filter": "((p_name)::text ~~ 'green%'::text)"}, {"Node Type": "Index Scan", "Parent Relationship": "Inner", "Scan Direction": "Forward", "Index Name": "idx_partsupp_partkey", "Relation Name": "partsupp", "Alias": "partsupp", "Startup Cost": 0.0, "Total Cost": 7.01, "Plan Rows": 3, "Plan Width": 24, "Index Cond": "(ps_partkey = part.p_partkey)"}]}, {"Node Type": "Sort", "Parent Relationship": "Inner", "Startup Cost": 7406937.34, "Total Cost": 7429616.54, "Plan Rows": 9071680, "Plan Width": 24, "Sort Key": ["subquery.\"?column?\""], "Plans": [{"Node Type": "Subquery Scan", "Parent Relationship": "Outer", "Alias": "subquery", "Startup Cost": 6154458.63, "Total Cost": 6358571.43, "Plan Rows": 9071680, "Plan Width": 24, "Plans": [{"Node Type": "Aggregate", "Strategy": "Hashed", "Parent Relationship": "Subquery", "Startup Cost": 6154458.63, "Total Cost": 6267854.63, "Plan Rows": 9071680, "Plan Width": 40, "Group By Key": ["lineitem.l_partkey", "lineitem.l_suppkey"], "Plans": [{"Node Type": "Index Scan", "Parent Relationship": "Outer", "Scan Direction": "Forward", "Index Name": "idx_lineitem_shipdate", "Relation Name": "lineitem", "Alias": "lineitem", "Startup Cost": 0.0, "Total Cost": 6063741.83, "Plan Rows": 9071680, "Plan Width": 24, "Index Cond": "((l_shipdate >= '1993-01-01 00:00:00'::timestamp(0) without time zone) AND (l_shipdate < '1994-01-01 00:00:00'::timestamp without time zone)), (LLVM Optimized)"}]}]}]}]}]}]}]}, "Unique SQL Id": 202076520, "Planner Runtime": 3}, "explain_analyze_plan": {"Plan": {"Node Type": "Sort", "Startup Cost": 7730056.23, "Total Cost": 7730061.23, "Plan Rows": 2000, "Plan Width": 51, "Actual Startup Time": 94170.696, "Actual Total Time": 94170.863, "Actual Rows": 1746, "Actual Loops": 1, "Sort Key": ["supplier.s_name"], "Sort Method": "quicksort", "Sort Space Used": 309, "Sort Space Type": "Memory", "Plans": [{"Node Type": "Nested Loop", "Parent Relationship": "Outer", "Join Type": "Semi", "Startup Cost": 7406937.34, "Total Cost": 7729946.57, "Plan Rows": 2000, "Plan Width": 51, "Actual Startup Time": 43537.595, "Actual Total Time": 94166.307, "Actual Rows": 1746, "Actual Loops": 1, "Inner Unique": false, "Join Filter": "(supplier.s_suppkey = subquery.\"?column?\")", "Rows Removed by Join Filter": 172948128, "Plans": [{"Node Type": "Nested Loop", "Parent Relationship": "Outer", "Join Type": "Inner", "Startup Cost": 0.0, "Total Cost": 6597.23, "Plan Rows": 4000, "Plan Width": 59, "Actual Startup Time": 0.076, "Actual Total Time": 182.51, "Actual Rows": 3934, "Actual Loops": 1, "Inner Unique": false, "Join Filter": "(supplier.s_nationkey = nation.n_nationkey)", "Rows Removed by Join Filter": 96066, "Plans": [{"Node Type": "Index Scan", "Parent Relationship": "Outer", "Scan Direction": "Forward", "Index Name": "nation_pkey", "Relation Name": "nation", "Alias": "nation", "Startup Cost": 0.0, "Total Cost": 12.69, "Plan Rows": 1, "Plan Width": 4, "Actual Startup Time": 0.022, "Actual Total Time": 0.064, "Actual Rows": 1, "Actual Loops": 1, "Filter": "(n_name = 'ALGERIA'::bpchar)", "Rows Removed by Filter": 24}, {"Node Type": "Index Scan", "Parent Relationship": "Inner", "Scan Direction": "Forward", "Index Name": "supplier_pkey", "Relation Name": "supplier", "Alias": "supplier", "Startup Cost": 0.0, "Total Cost": 5334.54, "Plan Rows": 100000, "Plan Width": 63, "Actual Startup Time": 0.03, "Actual Total Time": 155.311, "Actual Rows": 100000, "Actual Loops": 1}]}, {"Node Type": "Materialize", "Parent Relationship": "Inner", "Startup Cost": 7406937.34, "Total Cost": 7723229.35, "Plan Rows": 2, "Plan Width": 16, "Actual Startup Time": 39660.285, "Actual Total Time": 60876.314, "Actual Rows": 172949874, "Actual Loops": 3934, "Plans": [{"Node Type": "Merge Join", "Parent Relationship": "Outer", "Join Type": "Inner", "Startup Cost": 7406937.34, "Total Cost": 7723229.34, "Plan Rows": 2, "Plan Width": 16, "Actual Startup Time": 39659.465, "Actual Total Time": 43495.976, "Actual Rows": 58537, "Actual Loops": 1, "Inner Unique": true, "Merge Cond": "(partsupp.ps_partkey = subquery.\"?column?\")", "Join Filter": "((partsupp.ps_suppkey = subquery.\"?column?\") AND ((partsupp.ps_availqty)::double precision > (.5::double precision * subquery.\"?column?\")))", "Rows Removed by Join Filter": 0, "Plans": [{"Node Type": "Nested Loop", "Parent Relationship": "Outer", "Join Type": "Inner", "Startup Cost": 0.0, "Total Cost": 263931.78, "Plan Rows": 64552, "Plan Width": 32, "Actual Startup Time": 0.051, "Actual Total Time": 1683.25, "Actual Rows": 86224, "Actual Loops": 1, "Inner Unique": false, "Plans": [{"Node Type": "Index Scan", "Parent Relationship": "Outer", "Scan Direction": "Forward", "Index Name": "part_kpey", "Relation Name": "part", "Alias": "part", "Startup Cost": 0.0, "Total Cost": 105803.25, "Plan Rows": 22472, "Plan Width": 8, "Actual Startup Time": 0.039, "Actual Total Time": 1454.771, "Actual Rows": 21556, "Actual Loops": 1, "Filter": "((p_name)::text ~~ 'green%'::text)", "Rows Removed by Filter": 1978444}, {"Node Type": "Index Scan", "Parent Relationship": "Inner", "Scan Direction": "Forward", "Index Name": "idx_partsupp_partkey", "Relation Name": "partsupp", "Alias": "partsupp", "Startup Cost": 0.0, "Total Cost": 7.01, "Plan Rows": 3, "Plan Width": 24, "Actual Startup Time": 143.628, "Actual Total Time": 195.598, "Actual Rows": 86224, "Actual Loops": 21556, "Index Cond": "(ps_partkey = part.p_partkey)", "Rows Removed by Index Recheck": 0}]}, {"Node Type": "Sort", "Parent Relationship": "Inner", "Startup Cost": 7406937.34, "Total Cost": 7429616.54, "Plan Rows": 9071680, "Plan Width": 24, "Actual Startup Time": 39659.184, "Actual Total Time": 41025.974, "Actual Rows": 5530011, "Actual Loops": 1, "Sort Key": ["subquery.\"?column?\""], "Sort Method": "quicksort", "Sort Space Used": 706866, "Sort Space Type": "Memory", "Plans": [{"Node Type": "Subquery Scan", "Parent Relationship": "Outer", "Alias": "subquery", "Startup Cost": 6154458.63, "Total Cost": 6358571.43, "Plan Rows": 9071680, "Plan Width": 24, "Actual Startup Time": 32950.016, "Actual Total Time": 37347.263, "Actual Rows": 5442751, "Actual Loops": 1, "Plans": [{"Node Type": "Aggregate", "Strategy": "Hashed", "Parent Relationship": "Subquery", "Startup Cost": 6154458.63, "Total Cost": 6267854.63, "Plan Rows": 9071680, "Plan Width": 40, "Actual Startup Time": 32950.012, "Actual Total Time": 36329.262, "Actual Rows": 5442751, "Actual Loops": 1, "Group By Key": ["lineitem.l_partkey", "lineitem.l_suppkey"], "Plans": [{"Node Type": "Index Scan", "Parent Relationship": "Outer", "Scan Direction": "Forward", "Index Name": "idx_lineitem_shipdate", "Relation Name": "lineitem", "Alias": "lineitem", "Startup Cost": 0.0, "Total Cost": 6063741.83, "Plan Rows": 9071680, "Plan Width": 24, "Actual Startup Time": 0.078, "Actual Total Time": 24355.226, "Actual Rows": 9109641, "Actual Loops": 1, "Index Cond": "((l_shipdate >= '1993-01-01 00:00:00'::timestamp(0) without time zone) AND (l_shipdate < '1994-01-01 00:00:00'::timestamp without time zone)), (LLVM Optimized, Jit Execute)", "Rows Removed by Index Recheck": 0}]}]}]}]}]}]}]}, "Triggers": [], "Planner Runtime": 2, "Total Runtime": 94180.547, "Unique SQL Id": 202076520}}, "(16, 26)": {"explain_plan": {"Plan": {"Node Type": "Sort", "Startup Cost": 5050459.49, "Total Cost": 5050464.49, "Plan Rows": 2000, "Plan Width": 51, "Sort Key": ["supplier.s_name"], "Plans": [{"Node Type": "Nested Loop", "Parent Relationship": "Outer", "Join Type": "Semi", "Startup Cost": 4845541.8, "Total Cost": 5050349.83, "Plan Rows": 2000, "Plan Width": 51, "Inner Unique": false, "Join Filter": "(supplier.s_suppkey = subquery.\"?column?\")", "Plans": [{"Node Type": "Nested Loop", "Parent Relationship": "Outer", "Join Type": "Inner", "Startup Cost": 0.0, "Total Cost": 4534.31, "Plan Rows": 4000, "Plan Width": 59, "Inner Unique": false, "Join Filter": "(supplier.s_nationkey = nation.n_nationkey)", "Plans": [{"Node Type": "Seq Scan", "Parent Relationship": "Outer", "Relation Name": "nation", "Alias": "nation", "Startup Cost": 0.0, "Total Cost": 1.31, "Plan Rows": 1, "Plan Width": 4, "Filter": "(n_name = 'ALGERIA'::bpchar)"}, {"Node Type": "Seq Scan", "Parent Relationship": "Inner", "Relation Name": "supplier", "Alias": "supplier", "Startup Cost": 0.0, "Total Cost": 3283.0, "Plan Rows": 100000, "Plan Width": 63}]}, {"Node Type": "Materialize", "Parent Relationship": "Inner", "Startup Cost": 4845541.8, "Total Cost": 5045695.53, "Plan Rows": 2, "Plan Width": 16, "Plans": [{"Node Type": "Nested Loop", "Parent Relationship": "Outer", "Join Type": "Semi", "Startup Cost": 4845541.8, "Total Cost": 5045695.52, "Plan Rows": 2, "Plan Width": 16, "Inner Unique": false, "Join Filter": "(partsupp.ps_partkey = part.p_partkey)", "Plans": [{"Node Type": "Merge Join", "Parent Relationship": "Outer", "Join Type": "Inner", "Startup Cost": 4845541.8, "Total Cost": 4973582.96, "Plan Rows": 15, "Plan Width": 32, "Inner Unique": true, "Merge Cond": "((partsupp.ps_suppkey = subquery.\"?column?\") AND (partsupp.ps_partkey = subquery.\"?column?\"))", "Join Filter": "((partsupp.ps_availqty)::double precision > (.5::double precision * subquery.\"?column?\"))", "Plans": [{"Node Type": "Sort", "Parent Relationship": "Outer", "Startup Cost": 1187295.8, "Total Cost": 1207296.73, "Plan Rows": 8000372, "Plan Width": 24, "Sort Key": ["partsupp.ps_suppkey", "partsupp.ps_partkey"], "Plans": [{"Node Type": "Seq Scan", "Parent Relationship": "Outer", "Relation Name": "partsupp", "Alias": "partsupp", "Startup Cost": 0.0, "Total Cost": 269987.72, "Plan Rows": 8000372, "Plan Width": 24}]}, {"Node Type": "Sort", "Parent Relationship": "Inner", "Startup Cost": 3658246.0, "Total Cost": 3680925.2, "Plan Rows": 9071680, "Plan Width": 24, "Sort Key": ["subquery.\"?column?\"", "subquery.\"?column?\""], "Plans": [{"Node Type": "Subquery Scan", "Parent Relationship": "Outer", "Alias": "subquery", "Startup Cost": 2405767.29, "Total Cost": 2609880.09, "Plan Rows": 9071680, "Plan Width": 24, "Plans": [{"Node Type": "Aggregate", "Strategy": "Hashed", "Parent Relationship": "Subquery", "Startup Cost": 2405767.29, "Total Cost": 2519163.29, "Plan Rows": 9071680, "Plan Width": 40, "Group By Key": ["lineitem.l_partkey", "lineitem.l_suppkey"], "Plans": [{"Node Type": "Seq Scan", "Parent Relationship": "Outer", "Relation Name": "lineitem", "Alias": "lineitem", "Startup Cost": 119.57, "Total Cost": 2315050.5, "Plan Rows": 9071680, "Plan Width": 24, "Filter": "((l_shipdate >= '1993-01-01 00:00:00'::timestamp(0) without time zone) AND (l_shipdate < '1994-01-01 00:00:00'::timestamp without time zone)), (LLVM Optimized)"}]}]}]}]}, {"Node Type": "Materialize", "Parent Relationship": "Inner", "Startup Cost": 0.0, "Total Cost": 67056.36, "Plan Rows": 22472, "Plan Width": 8, "Plans": [{"Node Type": "Seq Scan", "Parent Relationship": "Outer", "Relation Name": "part", "Alias": "part", "Startup Cost": 0.0, "Total Cost": 66944.0, "Plan Rows": 22472, "Plan Width": 8, "Filter": "((p_name)::text ~~ 'green%'::text)"}]}]}]}]}]}, "Unique SQL Id": 202076520, "Planner Runtime": 3}, "explain_analyze_plan": null}, "(16, 27)": {"explain_plan": {"Plan": {"Node Type": "Sort", "Startup Cost": 5018253560954.49, "Total Cost": 5018253560959.49, "Plan Rows": 2000, "Plan Width": 51, "Sort Key": ["supplier.s_name"], "Plans": [{"Node Type": "Merge Join", "Parent Relationship": "Outer", "Join Type": "Semi", "Startup Cost": 1040805475552.94, "Total Cost": 5018253560844.84, "Plan Rows": 2000, "Plan Width": 51, "Inner Unique": false, "Merge Cond": "(supplier.s_suppkey = subquery.\"?column?\")", "Plans": [{"Node Type": "Nested Loop", "Parent Relationship": "Outer", "Join Type": "Inner", "Startup Cost": 20000000000.0, "Total Cost": 2000000536223.13, "Plan Rows": 4000, "Plan Width": 59, "Inner Unique": true, "Join Filter": "(supplier.s_nationkey = nation.n_nationkey)", "Plans": [{"Node Type": "Index Scan", "Parent Relationship": "Outer", "Scan Direction": "Forward", "Index Name": "supplier_pkey", "Relation Name": "supplier", "Alias": "supplier", "Startup Cost": 10000000000.0, "Total Cost": 1000000533454.38, "Plan Rows": 100000, "Plan Width": 63}, {"Node Type": "Materialize", "Parent Relationship": "Inner", "Startup Cost": 10000000000.0, "Total Cost": 1000000001268.76, "Plan Rows": 1, "Plan Width": 4, "Plans": [{"Node Type": "Index Scan", "Parent Relationship": "Outer", "Scan Direction": "Forward", "Index Name": "nation_pkey", "Relation Name": "nation", "Alias": "nation", "Startup Cost": 10000000000.0, "Total Cost": 1000000001268.75, "Plan Rows": 1, "Plan Width": 4, "Filter": "(n_name = 'ALGERIA'::bpchar)"}]}]}, {"Node Type": "Materialize", "Parent Relationship": "Inner", "Startup Cost": 1020805475552.94, "Total Cost": 3018253024611.68, "Plan Rows": 2, "Plan Width": 16, "Plans": [{"Node Type": "Nested Loop", "Parent Relationship": "Outer", "Join Type": "Inner", "Startup Cost": 1020805475552.94, "Total Cost": 3018253024611.67, "Plan Rows": 2, "Plan Width": 16, "Inner Unique": true, "Join Filter": "((partsupp.ps_partkey = subquery.\"?column?\") AND (partsupp.ps_suppkey = subquery.\"?column?\") AND ((partsupp.ps_availqty)::double precision > (.5::double precision * subquery.\"?column?\")))", "Plans": [{"Node Type": "Nested Loop", "Parent Relationship": "Outer", "Join Type": "Semi", "Startup Cost": 20000000000.0, "Total Cost": 2002807445082.73, "Plan Rows": 64552, "Plan Width": 32, "Inner Unique": false, "Join Filter": "(partsupp.ps_partkey = part.p_partkey)", "Plans": [{"Node Type": "Index Scan", "Parent Relationship": "Outer", "Scan Direction": "Forward", "Index Name": "idx_partsupp_suppkey", "Relation Name": "partsupp", "Alias": "partsupp", "Startup Cost": 10000000000.0, "Total Cost": 1000100160480.77, "Plan Rows": 8000372, "Plan Width": 24}, {"Node Type": "Materialize", "Parent Relationship": "Inner", "Startup Cost": 10000000000.0, "Total Cost": 1000010580437.36, "Plan Rows": 22472, "Plan Width": 8, "Plans": [{"Node Type": "Index Scan", "Parent Relationship": "Outer", "Scan Direction": "Forward", "Index Name": "part_kpey", "Relation Name": "part", "Alias": "part", "Startup Cost": 10000000000.0, "Total Cost": 1000010580325.0, "Plan Rows": 22472, "Plan Width": 8, "Filter": "((p_name)::text ~~ 'green%'::text)"}]}]}, {"Node Type": "Materialize", "Parent Relationship": "Inner", "Startup Cost": 1000805475552.94, "Total Cost": 1000805725024.14, "Plan Rows": 9071680, "Plan Width": 24, "Plans": [{"Node Type": "Subquery Scan", "Parent Relationship": "Outer", "Alias": "subquery", "Startup Cost": 1000805475552.94, "Total Cost": 1000805679665.74, "Plan Rows": 9071680, "Plan Width": 24, "Plans": [{"Node Type": "Aggregate", "Strategy": "Hashed", "Parent Relationship": "Subquery", "Startup Cost": 1000805475552.94, "Total Cost": 1000805588948.94, "Plan Rows": 9071680, "Plan Width": 40, "Group By Key": ["lineitem.l_partkey", "lineitem.l_suppkey"], "Plans": [{"Node Type": "Index Scan", "Parent Relationship": "Outer", "Scan Direction": "Forward", "Index Name": "idx_lineitem_part_supp", "Relation Name": "lineitem", "Alias": "lineitem", "Startup Cost": 10000000000.0, "Total Cost": 1000805384836.14, "Plan Rows": 9071680, "Plan Width": 24, "Filter": "((l_shipdate >= '1993-01-01 00:00:00'::timestamp(0) without time zone) AND (l_shipdate < '1994-01-01 00:00:00'::timestamp without time zone)), (LLVM Optimized)"}]}]}]}]}]}]}]}, "Unique SQL Id": 202076520, "Planner Runtime": 3}, "explain_analyze_plan": null}, "(16, 28)": {"explain_plan": {"Plan": {"Node Type": "Sort", "Startup Cost": 3961761.46, "Total Cost": 3961766.46, "Plan Rows": 2000, "Plan Width": 51, "Sort Key": ["supplier.s_name"], "Plans": [{"Node Type": "Nested Loop", "Parent Relationship": "Outer", "Join Type": "Semi", "Startup Cost": 3888475.64, "Total Cost": 3961651.81, "Plan Rows": 2000, "Plan Width": 51, "Inner Unique": false, "Join Filter": "(supplier.s_suppkey = subquery.\"?column?\")", "Plans": [{"Node Type": "Nested Loop", "Parent Relationship": "Outer", "Join Type": "Inner", "Startup Cost": 0.0, "Total Cost": 4534.31, "Plan Rows": 4000, "Plan Width": 59, "Inner Unique": false, "Join Filter": "(supplier.s_nationkey = nation.n_nationkey)", "Plans": [{"Node Type": "Seq Scan", "Parent Relationship": "Outer", "Relation Name": "nation", "Alias": "nation", "Startup Cost": 0.0, "Total Cost": 1.31, "Plan Rows": 1, "Plan Width": 4, "Filter": "(n_name = 'ALGERIA'::bpchar)"}, {"Node Type": "Seq Scan", "Parent Relationship": "Inner", "Relation Name": "supplier", "Alias": "supplier", "Startup Cost": 0.0, "Total Cost": 3283.0, "Plan Rows": 100000, "Plan Width": 63}]}, {"Node Type": "Materialize", "Parent Relationship": "Inner", "Startup Cost": 3888475.64, "Total Cost": 3956997.5, "Plan Rows": 2, "Plan Width": 16, "Plans": [{"Node Type": "Merge Join", "Parent Relationship": "Outer", "Join Type": "Inner", "Startup Cost": 3888475.64, "Total Cost": 3956997.49, "Plan Rows": 2, "Plan Width": 16, "Inner Unique": true, "Merge Cond": "((partsupp.ps_suppkey = subquery.\"?column?\") AND (partsupp.ps_partkey = subquery.\"?column?\"))", "Join Filter": "((partsupp.ps_availqty)::double precision > (.5::double precision * subquery.\"?column?\"))", "Plans": [{"Node Type": "Sort", "Parent Relationship": "Outer", "Startup Cost": 230229.65, "Total Cost": 230391.03, "Plan Rows": 64552, "Plan Width": 32, "Sort Key": ["partsupp.ps_suppkey", "partsupp.ps_partkey"], "Plans": [{"Node Type": "Nested Loop", "Parent Relationship": "Outer", "Join Type": "Inner", "Startup Cost": 0.0, "Total Cost": 225072.53, "Plan Rows": 64552, "Plan Width": 32, "Inner Unique": false, "Plans": [{"Node Type": "Seq Scan", "Parent Relationship": "Outer", "Relation Name": "part", "Alias": "part", "Startup Cost": 0.0, "Total Cost": 66944.0, "Plan Rows": 22472, "Plan Width": 8, "Filter": "((p_name)::text ~~ 'green%'::text)"}, {"Node Type": "Index Scan", "Parent Relationship": "Inner", "Scan Direction": "Forward", "Index Name": "idx_partsupp_partkey", "Relation Name": "partsupp", "Alias": "partsupp", "Startup Cost": 0.0, "Total Cost": 7.01, "Plan Rows": 3, "Plan Width": 24, "Index Cond": "(ps_partkey = part.p_partkey)"}]}]}, {"Node Type": "Sort", "Parent Relationship": "Inner", "Startup Cost": 3658246.0, "Total Cost": 3680925.2, "Plan Rows": 9071680, "Plan Width": 24, "Sort Key": ["subquery.\"?column?\"", "subquery.\"?column?\""], "Plans": [{"Node Type": "Subquery Scan", "Parent Relationship": "Outer", "Alias": "subquery", "Startup Cost": 2405767.29, "Total Cost": 2609880.09, "Plan Rows": 9071680, "Plan Width": 24, "Plans": [{"Node Type": "Aggregate", "Strategy": "Hashed", "Parent Relationship": "Subquery", "Startup Cost": 2405767.29, "Total Cost": 2519163.29, "Plan Rows": 9071680, "Plan Width": 40, "Group By Key": ["lineitem.l_partkey", "lineitem.l_suppkey"], "Plans": [{"Node Type": "Seq Scan", "Parent Relationship": "Outer", "Relation Name": "lineitem", "Alias": "lineitem", "Startup Cost": 119.57, "Total Cost": 2315050.5, "Plan Rows": 9071680, "Plan Width": 24, "Filter": "((l_shipdate >= '1993-01-01 00:00:00'::timestamp(0) without time zone) AND (l_shipdate < '1994-01-01 00:00:00'::timestamp without time zone)), (LLVM Optimized)"}]}]}]}]}]}]}]}, "Unique SQL Id": 202076520, "Planner Runtime": 2}, "explain_analyze_plan": {"Plan": {"Node Type": "Sort", "Startup Cost": 3961761.46, "Total Cost": 3961766.46, "Plan Rows": 2000, "Plan Width": 51, "Actual Startup Time": 94675.872, "Actual Total Time": 94676.045, "Actual Rows": 1746, "Actual Loops": 1, "Sort Key": ["supplier.s_name"], "Sort Method": "quicksort", "Sort Space Used": 309, "Sort Space Type": "Memory", "Plans": [{"Node Type": "Nested Loop", "Parent Relationship": "Outer", "Join Type": "Semi", "Startup Cost": 3888475.64, "Total Cost": 3961651.81, "Plan Rows": 2000, "Plan Width": 51, "Actual Startup Time": 43772.325, "Actual Total Time": 94668.317, "Actual Rows": 1746, "Actual Loops": 1, "Inner Unique": false, "Join Filter": "(supplier.s_suppkey = subquery.\"?column?\")", "Rows Removed by Join Filter": 178136880, "Plans": [{"Node Type": "Nested Loop", "Parent Relationship": "Outer", "Join Type": "Inner", "Startup Cost": 0.0, "Total Cost": 4534.31, "Plan Rows": 4000, "Plan Width": 59, "Actual Startup Time": 0.059, "Actual Total Time": 72.995, "Actual Rows": 3934, "Actual Loops": 1, "Inner Unique": false, "Join Filter": "(supplier.s_nationkey = nation.n_nationkey)", "Rows Removed by Join Filter": 96066, "Plans": [{"Node Type": "Seq Scan", "Parent Relationship": "Outer", "Relation Name": "nation", "Alias": "nation", "Startup Cost": 0.0, "Total Cost": 1.31, "Plan Rows": 1, "Plan Width": 4, "Actual Startup Time": 0.021, "Actual Total Time": 0.051, "Actual Rows": 1, "Actual Loops": 1, "Filter": "(n_name = 'ALGERIA'::bpchar)", "Rows Removed by Filter": 24}, {"Node Type": "Seq Scan", "Parent Relationship": "Inner", "Relation Name": "supplier", "Alias": "supplier", "Startup Cost": 0.0, "Total Cost": 3283.0, "Plan Rows": 100000, "Plan Width": 63, "Actual Startup Time": 0.022, "Actual Total Time": 43.348, "Actual Rows": 100000, "Actual Loops": 1}]}, {"Node Type": "Materialize", "Parent Relationship": "Inner", "Startup Cost": 3888475.64, "Total Cost": 3956997.5, "Plan Rows": 2, "Plan Width": 16, "Actual Startup Time": 41497.441, "Actual Total Time": 61318.549, "Actual Rows": 178138626, "Actual Loops": 3934, "Plans": [{"Node Type": "Merge Join", "Parent Relationship": "Outer", "Join Type": "Inner", "Startup Cost": 3888475.64, "Total Cost": 3956997.49, "Plan Rows": 2, "Plan Width": 16, "Actual Startup Time": 41496.695, "Actual Total Time": 43744.329, "Actual Rows": 58537, "Actual Loops": 1, "Inner Unique": true, "Merge Cond": "((partsupp.ps_suppkey = subquery.\"?column?\") AND (partsupp.ps_partkey = subquery.\"?column?\"))", "Join Filter": "((partsupp.ps_availqty)::double precision > (.5::double precision * subquery.\"?column?\"))", "Rows Removed by Join Filter": 0, "Plans": [{"Node Type": "Sort", "Parent Relationship": "Outer", "Startup Cost": 230229.65, "Total Cost": 230391.03, "Plan Rows": 64552, "Plan Width": 32, "Actual Startup Time": 1045.167, "Actual Total Time": 1067.052, "Actual Rows": 86224, "Actual Loops": 1, "Sort Key": ["partsupp.ps_suppkey", "partsupp.ps_partkey"], "Sort Method": "quicksort", "Sort Space Used": 11156, "Sort Space Type": "Memory", "Plans": [{"Node Type": "Nested Loop", "Parent Relationship": "Outer", "Join Type": "Inner", "Startup Cost": 0.0, "Total Cost": 225072.53, "Plan Rows": 64552, "Plan Width": 32, "Actual Startup Time": 0.038, "Actual Total Time": 995.275, "Actual Rows": 86224, "Actual Loops": 1, "Inner Unique": false, "Plans": [{"Node Type": "Seq Scan", "Parent Relationship": "Outer", "Relation Name": "part", "Alias": "part", "Startup Cost": 0.0, "Total Cost": 66944.0, "Plan Rows": 22472, "Plan Width": 8, "Actual Startup Time": 0.02, "Actual Total Time": 783.043, "Actual Rows": 21556, "Actual Loops": 1, "Filter": "((p_name)::text ~~ 'green%'::text)", "Rows Removed by Filter": 1978444}, {"Node Type": "Index Scan", "Parent Relationship": "Inner", "Scan Direction": "Forward", "Index Name": "idx_partsupp_partkey", "Relation Name": "partsupp", "Alias": "partsupp", "Startup Cost": 0.0, "Total Cost": 7.01, "Plan Rows": 3, "Plan Width": 24, "Actual Startup Time": 135.26, "Actual Total Time": 182.204, "Actual Rows": 86224, "Actual Loops": 21556, "Index Cond": "(ps_partkey = part.p_partkey)", "Rows Removed by Index Recheck": 0}]}]}, {"Node Type": "Sort", "Parent Relationship": "Inner", "Startup Cost": 3658246.0, "Total Cost": 3680925.2, "Plan Rows": 9071680, "Plan Width": 24, "Actual Startup Time": 40451.437, "Actual Total Time": 41849.113, "Actual Rows": 5442737, "Actual Loops": 1, "Sort Key": ["subquery.\"?column?\"", "subquery.\"?column?\""], "Sort Method": "quicksort", "Sort Space Used": 706866, "Sort Space Type": "Memory", "Plans": [{"Node Type": "Subquery Scan", "Parent Relationship": "Outer", "Alias": "subquery", "Startup Cost": 2405767.29, "Total Cost": 2609880.09, "Plan Rows": 9071680, "Plan Width": 24, "Actual Startup Time": 31410.562, "Actual Total Time": 35845.153, "Actual Rows": 5442751, "Actual Loops": 1, "Plans": [{"Node Type": "Aggregate", "Strategy": "Hashed", "Parent Relationship": "Subquery", "Startup Cost": 2405767.29, "Total Cost": 2519163.29, "Plan Rows": 9071680, "Plan Width": 40, "Actual Startup Time": 31410.56, "Actual Total Time": 34841.281, "Actual Rows": 5442751, "Actual Loops": 1, "Group By Key": ["lineitem.l_partkey", "lineitem.l_suppkey"], "Plans": [{"Node Type": "Seq Scan", "Parent Relationship": "Outer", "Relation Name": "lineitem", "Alias": "lineitem", "Startup Cost": 119.57, "Total Cost": 2315050.5, "Plan Rows": 9071680, "Plan Width": 24, "Actual Startup Time": 0.06, "Actual Total Time": 23305.762, "Actual Rows": 9109641, "Actual Loops": 1, "Filter": "((l_shipdate >= '1993-01-01 00:00:00'::timestamp(0) without time zone) AND (l_shipdate < '1994-01-01 00:00:00'::timestamp without time zone)), (LLVM Optimized, Jit Execute)", "Rows Removed by Filter": 50876411}]}]}]}]}]}]}]}, "Triggers": [], "Planner Runtime": 2, "Total Runtime": 94685.76, "Unique SQL Id": 202076520}}, "(16, 29)": {"explain_plan": {"Plan": {"Node Type": "Sort", "Startup Cost": 7730056.23, "Total Cost": 7730061.23, "Plan Rows": 2000, "Plan Width": 51, "Sort Key": ["supplier.s_name"], "Plans": [{"Node Type": "Nested Loop", "Parent Relationship": "Outer", "Join Type": "Semi", "Startup Cost": 7406937.34, "Total Cost": 7729946.57, "Plan Rows": 2000, "Plan Width": 51, "Inner Unique": false, "Join Filter": "(supplier.s_suppkey = subquery.\"?column?\")", "Plans": [{"Node Type": "Nested Loop", "Parent Relationship": "Outer", "Join Type": "Inner", "Startup Cost": 0.0, "Total Cost": 6597.23, "Plan Rows": 4000, "Plan Width": 59, "Inner Unique": false, "Join Filter": "(supplier.s_nationkey = nation.n_nationkey)", "Plans": [{"Node Type": "Index Scan", "Parent Relationship": "Outer", "Scan Direction": "Forward", "Index Name": "nation_pkey", "Relation Name": "nation", "Alias": "nation", "Startup Cost": 0.0, "Total Cost": 12.69, "Plan Rows": 1, "Plan Width": 4, "Filter": "(n_name = 'ALGERIA'::bpchar)"}, {"Node Type": "Index Scan", "Parent Relationship": "Inner", "Scan Direction": "Forward", "Index Name": "supplier_pkey", "Relation Name": "supplier", "Alias": "supplier", "Startup Cost": 0.0, "Total Cost": 5334.54, "Plan Rows": 100000, "Plan Width": 63}]}, {"Node Type": "Materialize", "Parent Relationship": "Inner", "Startup Cost": 7406937.34, "Total Cost": 7723229.35, "Plan Rows": 2, "Plan Width": 16, "Plans": [{"Node Type": "Merge Join", "Parent Relationship": "Outer", "Join Type": "Inner", "Startup Cost": 7406937.34, "Total Cost": 7723229.34, "Plan Rows": 2, "Plan Width": 16, "Inner Unique": true, "Merge Cond": "(partsupp.ps_partkey = subquery.\"?column?\")", "Join Filter": "((partsupp.ps_suppkey = subquery.\"?column?\") AND ((partsupp.ps_availqty)::double precision > (.5::double precision * subquery.\"?column?\")))", "Plans": [{"Node Type": "Nested Loop", "Parent Relationship": "Outer", "Join Type": "Inner", "Startup Cost": 0.0, "Total Cost": 263931.78, "Plan Rows": 64552, "Plan Width": 32, "Inner Unique": false, "Plans": [{"Node Type": "Index Scan", "Parent Relationship": "Outer", "Scan Direction": "Forward", "Index Name": "part_kpey", "Relation Name": "part", "Alias": "part", "Startup Cost": 0.0, "Total Cost": 105803.25, "Plan Rows": 22472, "Plan Width": 8, "Filter": "((p_name)::text ~~ 'green%'::text)"}, {"Node Type": "Index Scan", "Parent Relationship": "Inner", "Scan Direction": "Forward", "Index Name": "idx_partsupp_partkey", "Relation Name": "partsupp", "Alias": "partsupp", "Startup Cost": 0.0, "Total Cost": 7.01, "Plan Rows": 3, "Plan Width": 24, "Index Cond": "(ps_partkey = part.p_partkey)"}]}, {"Node Type": "Sort", "Parent Relationship": "Inner", "Startup Cost": 7406937.34, "Total Cost": 7429616.54, "Plan Rows": 9071680, "Plan Width": 24, "Sort Key": ["subquery.\"?column?\""], "Plans": [{"Node Type": "Subquery Scan", "Parent Relationship": "Outer", "Alias": "subquery", "Startup Cost": 6154458.63, "Total Cost": 6358571.43, "Plan Rows": 9071680, "Plan Width": 24, "Plans": [{"Node Type": "Aggregate", "Strategy": "Hashed", "Parent Relationship": "Subquery", "Startup Cost": 6154458.63, "Total Cost": 6267854.63, "Plan Rows": 9071680, "Plan Width": 40, "Group By Key": ["lineitem.l_partkey", "lineitem.l_suppkey"], "Plans": [{"Node Type": "Index Scan", "Parent Relationship": "Outer", "Scan Direction": "Forward", "Index Name": "idx_lineitem_shipdate", "Relation Name": "lineitem", "Alias": "lineitem", "Startup Cost": 0.0, "Total Cost": 6063741.83, "Plan Rows": 9071680, "Plan Width": 24, "Index Cond": "((l_shipdate >= '1993-01-01 00:00:00'::timestamp(0) without time zone) AND (l_shipdate < '1994-01-01 00:00:00'::timestamp without time zone)), (LLVM Optimized)"}]}]}]}]}]}]}]}, "Unique SQL Id": 202076520, "Planner Runtime": 2}, "explain_analyze_plan": {"Plan": {"Node Type": "Sort", "Startup Cost": 7730056.23, "Total Cost": 7730061.23, "Plan Rows": 2000, "Plan Width": 51, "Actual Startup Time": 94170.696, "Actual Total Time": 94170.863, "Actual Rows": 1746, "Actual Loops": 1, "Sort Key": ["supplier.s_name"], "Sort Method": "quicksort", "Sort Space Used": 309, "Sort Space Type": "Memory", "Plans": [{"Node Type": "Nested Loop", "Parent Relationship": "Outer", "Join Type": "Semi", "Startup Cost": 7406937.34, "Total Cost": 7729946.57, "Plan Rows": 2000, "Plan Width": 51, "Actual Startup Time": 43537.595, "Actual Total Time": 94166.307, "Actual Rows": 1746, "Actual Loops": 1, "Inner Unique": false, "Join Filter": "(supplier.s_suppkey = subquery.\"?column?\")", "Rows Removed by Join Filter": 172948128, "Plans": [{"Node Type": "Nested Loop", "Parent Relationship": "Outer", "Join Type": "Inner", "Startup Cost": 0.0, "Total Cost": 6597.23, "Plan Rows": 4000, "Plan Width": 59, "Actual Startup Time": 0.076, "Actual Total Time": 182.51, "Actual Rows": 3934, "Actual Loops": 1, "Inner Unique": false, "Join Filter": "(supplier.s_nationkey = nation.n_nationkey)", "Rows Removed by Join Filter": 96066, "Plans": [{"Node Type": "Index Scan", "Parent Relationship": "Outer", "Scan Direction": "Forward", "Index Name": "nation_pkey", "Relation Name": "nation", "Alias": "nation", "Startup Cost": 0.0, "Total Cost": 12.69, "Plan Rows": 1, "Plan Width": 4, "Actual Startup Time": 0.022, "Actual Total Time": 0.064, "Actual Rows": 1, "Actual Loops": 1, "Filter": "(n_name = 'ALGERIA'::bpchar)", "Rows Removed by Filter": 24}, {"Node Type": "Index Scan", "Parent Relationship": "Inner", "Scan Direction": "Forward", "Index Name": "supplier_pkey", "Relation Name": "supplier", "Alias": "supplier", "Startup Cost": 0.0, "Total Cost": 5334.54, "Plan Rows": 100000, "Plan Width": 63, "Actual Startup Time": 0.03, "Actual Total Time": 155.311, "Actual Rows": 100000, "Actual Loops": 1}]}, {"Node Type": "Materialize", "Parent Relationship": "Inner", "Startup Cost": 7406937.34, "Total Cost": 7723229.35, "Plan Rows": 2, "Plan Width": 16, "Actual Startup Time": 39660.285, "Actual Total Time": 60876.314, "Actual Rows": 172949874, "Actual Loops": 3934, "Plans": [{"Node Type": "Merge Join", "Parent Relationship": "Outer", "Join Type": "Inner", "Startup Cost": 7406937.34, "Total Cost": 7723229.34, "Plan Rows": 2, "Plan Width": 16, "Actual Startup Time": 39659.465, "Actual Total Time": 43495.976, "Actual Rows": 58537, "Actual Loops": 1, "Inner Unique": true, "Merge Cond": "(partsupp.ps_partkey = subquery.\"?column?\")", "Join Filter": "((partsupp.ps_suppkey = subquery.\"?column?\") AND ((partsupp.ps_availqty)::double precision > (.5::double precision * subquery.\"?column?\")))", "Rows Removed by Join Filter": 0, "Plans": [{"Node Type": "Nested Loop", "Parent Relationship": "Outer", "Join Type": "Inner", "Startup Cost": 0.0, "Total Cost": 263931.78, "Plan Rows": 64552, "Plan Width": 32, "Actual Startup Time": 0.051, "Actual Total Time": 1683.25, "Actual Rows": 86224, "Actual Loops": 1, "Inner Unique": false, "Plans": [{"Node Type": "Index Scan", "Parent Relationship": "Outer", "Scan Direction": "Forward", "Index Name": "part_kpey", "Relation Name": "part", "Alias": "part", "Startup Cost": 0.0, "Total Cost": 105803.25, "Plan Rows": 22472, "Plan Width": 8, "Actual Startup Time": 0.039, "Actual Total Time": 1454.771, "Actual Rows": 21556, "Actual Loops": 1, "Filter": "((p_name)::text ~~ 'green%'::text)", "Rows Removed by Filter": 1978444}, {"Node Type": "Index Scan", "Parent Relationship": "Inner", "Scan Direction": "Forward", "Index Name": "idx_partsupp_partkey", "Relation Name": "partsupp", "Alias": "partsupp", "Startup Cost": 0.0, "Total Cost": 7.01, "Plan Rows": 3, "Plan Width": 24, "Actual Startup Time": 143.628, "Actual Total Time": 195.598, "Actual Rows": 86224, "Actual Loops": 21556, "Index Cond": "(ps_partkey = part.p_partkey)", "Rows Removed by Index Recheck": 0}]}, {"Node Type": "Sort", "Parent Relationship": "Inner", "Startup Cost": 7406937.34, "Total Cost": 7429616.54, "Plan Rows": 9071680, "Plan Width": 24, "Actual Startup Time": 39659.184, "Actual Total Time": 41025.974, "Actual Rows": 5530011, "Actual Loops": 1, "Sort Key": ["subquery.\"?column?\""], "Sort Method": "quicksort", "Sort Space Used": 706866, "Sort Space Type": "Memory", "Plans": [{"Node Type": "Subquery Scan", "Parent Relationship": "Outer", "Alias": "subquery", "Startup Cost": 6154458.63, "Total Cost": 6358571.43, "Plan Rows": 9071680, "Plan Width": 24, "Actual Startup Time": 32950.016, "Actual Total Time": 37347.263, "Actual Rows": 5442751, "Actual Loops": 1, "Plans": [{"Node Type": "Aggregate", "Strategy": "Hashed", "Parent Relationship": "Subquery", "Startup Cost": 6154458.63, "Total Cost": 6267854.63, "Plan Rows": 9071680, "Plan Width": 40, "Actual Startup Time": 32950.012, "Actual Total Time": 36329.262, "Actual Rows": 5442751, "Actual Loops": 1, "Group By Key": ["lineitem.l_partkey", "lineitem.l_suppkey"], "Plans": [{"Node Type": "Index Scan", "Parent Relationship": "Outer", "Scan Direction": "Forward", "Index Name": "idx_lineitem_shipdate", "Relation Name": "lineitem", "Alias": "lineitem", "Startup Cost": 0.0, "Total Cost": 6063741.83, "Plan Rows": 9071680, "Plan Width": 24, "Actual Startup Time": 0.078, "Actual Total Time": 24355.226, "Actual Rows": 9109641, "Actual Loops": 1, "Index Cond": "((l_shipdate >= '1993-01-01 00:00:00'::timestamp(0) without time zone) AND (l_shipdate < '1994-01-01 00:00:00'::timestamp without time zone)), (LLVM Optimized, Jit Execute)", "Rows Removed by Index Recheck": 0}]}]}]}]}]}]}]}, "Triggers": [], "Planner Runtime": 2, "Total Runtime": 94180.547, "Unique SQL Id": 202076520}}, "(16, 30)": {"explain_plan": {"Plan": {"Node Type": "Sort", "Startup Cost": 5050459.49, "Total Cost": 5050464.49, "Plan Rows": 2000, "Plan Width": 51, "Sort Key": ["supplier.s_name"], "Plans": [{"Node Type": "Nested Loop", "Parent Relationship": "Outer", "Join Type": "Semi", "Startup Cost": 4845541.8, "Total Cost": 5050349.83, "Plan Rows": 2000, "Plan Width": 51, "Inner Unique": false, "Join Filter": "(supplier.s_suppkey = subquery.\"?column?\")", "Plans": [{"Node Type": "Nested Loop", "Parent Relationship": "Outer", "Join Type": "Inner", "Startup Cost": 0.0, "Total Cost": 4534.31, "Plan Rows": 4000, "Plan Width": 59, "Inner Unique": false, "Join Filter": "(supplier.s_nationkey = nation.n_nationkey)", "Plans": [{"Node Type": "Seq Scan", "Parent Relationship": "Outer", "Relation Name": "nation", "Alias": "nation", "Startup Cost": 0.0, "Total Cost": 1.31, "Plan Rows": 1, "Plan Width": 4, "Filter": "(n_name = 'ALGERIA'::bpchar)"}, {"Node Type": "Seq Scan", "Parent Relationship": "Inner", "Relation Name": "supplier", "Alias": "supplier", "Startup Cost": 0.0, "Total Cost": 3283.0, "Plan Rows": 100000, "Plan Width": 63}]}, {"Node Type": "Materialize", "Parent Relationship": "Inner", "Startup Cost": 4845541.8, "Total Cost": 5045695.53, "Plan Rows": 2, "Plan Width": 16, "Plans": [{"Node Type": "Nested Loop", "Parent Relationship": "Outer", "Join Type": "Semi", "Startup Cost": 4845541.8, "Total Cost": 5045695.52, "Plan Rows": 2, "Plan Width": 16, "Inner Unique": false, "Join Filter": "(partsupp.ps_partkey = part.p_partkey)", "Plans": [{"Node Type": "Merge Join", "Parent Relationship": "Outer", "Join Type": "Inner", "Startup Cost": 4845541.8, "Total Cost": 4973582.96, "Plan Rows": 15, "Plan Width": 32, "Inner Unique": true, "Merge Cond": "((partsupp.ps_suppkey = subquery.\"?column?\") AND (partsupp.ps_partkey = subquery.\"?column?\"))", "Join Filter": "((partsupp.ps_availqty)::double precision > (.5::double precision * subquery.\"?column?\"))", "Plans": [{"Node Type": "Sort", "Parent Relationship": "Outer", "Startup Cost": 1187295.8, "Total Cost": 1207296.73, "Plan Rows": 8000372, "Plan Width": 24, "Sort Key": ["partsupp.ps_suppkey", "partsupp.ps_partkey"], "Plans": [{"Node Type": "Seq Scan", "Parent Relationship": "Outer", "Relation Name": "partsupp", "Alias": "partsupp", "Startup Cost": 0.0, "Total Cost": 269987.72, "Plan Rows": 8000372, "Plan Width": 24}]}, {"Node Type": "Sort", "Parent Relationship": "Inner", "Startup Cost": 3658246.0, "Total Cost": 3680925.2, "Plan Rows": 9071680, "Plan Width": 24, "Sort Key": ["subquery.\"?column?\"", "subquery.\"?column?\""], "Plans": [{"Node Type": "Subquery Scan", "Parent Relationship": "Outer", "Alias": "subquery", "Startup Cost": 2405767.29, "Total Cost": 2609880.09, "Plan Rows": 9071680, "Plan Width": 24, "Plans": [{"Node Type": "Aggregate", "Strategy": "Hashed", "Parent Relationship": "Subquery", "Startup Cost": 2405767.29, "Total Cost": 2519163.29, "Plan Rows": 9071680, "Plan Width": 40, "Group By Key": ["lineitem.l_partkey", "lineitem.l_suppkey"], "Plans": [{"Node Type": "Seq Scan", "Parent Relationship": "Outer", "Relation Name": "lineitem", "Alias": "lineitem", "Startup Cost": 119.57, "Total Cost": 2315050.5, "Plan Rows": 9071680, "Plan Width": 24, "Filter": "((l_shipdate >= '1993-01-01 00:00:00'::timestamp(0) without time zone) AND (l_shipdate < '1994-01-01 00:00:00'::timestamp without time zone)), (LLVM Optimized)"}]}]}]}]}, {"Node Type": "Materialize", "Parent Relationship": "Inner", "Startup Cost": 0.0, "Total Cost": 67056.36, "Plan Rows": 22472, "Plan Width": 8, "Plans": [{"Node Type": "Seq Scan", "Parent Relationship": "Outer", "Relation Name": "part", "Alias": "part", "Startup Cost": 0.0, "Total Cost": 66944.0, "Plan Rows": 22472, "Plan Width": 8, "Filter": "((p_name)::text ~~ 'green%'::text)"}]}]}]}]}]}, "Unique SQL Id": 202076520, "Planner Runtime": 2}, "explain_analyze_plan": null}, "(16, 31)": {"explain_plan": {"Plan": {"Node Type": "Sort", "Startup Cost": 5018253560954.49, "Total Cost": 5018253560959.49, "Plan Rows": 2000, "Plan Width": 51, "Sort Key": ["supplier.s_name"], "Plans": [{"Node Type": "Merge Join", "Parent Relationship": "Outer", "Join Type": "Semi", "Startup Cost": 1040805475552.94, "Total Cost": 5018253560844.84, "Plan Rows": 2000, "Plan Width": 51, "Inner Unique": false, "Merge Cond": "(supplier.s_suppkey = subquery.\"?column?\")", "Plans": [{"Node Type": "Nested Loop", "Parent Relationship": "Outer", "Join Type": "Inner", "Startup Cost": 20000000000.0, "Total Cost": 2000000536223.13, "Plan Rows": 4000, "Plan Width": 59, "Inner Unique": true, "Join Filter": "(supplier.s_nationkey = nation.n_nationkey)", "Plans": [{"Node Type": "Index Scan", "Parent Relationship": "Outer", "Scan Direction": "Forward", "Index Name": "supplier_pkey", "Relation Name": "supplier", "Alias": "supplier", "Startup Cost": 10000000000.0, "Total Cost": 1000000533454.38, "Plan Rows": 100000, "Plan Width": 63}, {"Node Type": "Materialize", "Parent Relationship": "Inner", "Startup Cost": 10000000000.0, "Total Cost": 1000000001268.76, "Plan Rows": 1, "Plan Width": 4, "Plans": [{"Node Type": "Index Scan", "Parent Relationship": "Outer", "Scan Direction": "Forward", "Index Name": "nation_pkey", "Relation Name": "nation", "Alias": "nation", "Startup Cost": 10000000000.0, "Total Cost": 1000000001268.75, "Plan Rows": 1, "Plan Width": 4, "Filter": "(n_name = 'ALGERIA'::bpchar)"}]}]}, {"Node Type": "Materialize", "Parent Relationship": "Inner", "Startup Cost": 1020805475552.94, "Total Cost": 3018253024611.68, "Plan Rows": 2, "Plan Width": 16, "Plans": [{"Node Type": "Nested Loop", "Parent Relationship": "Outer", "Join Type": "Inner", "Startup Cost": 1020805475552.94, "Total Cost": 3018253024611.67, "Plan Rows": 2, "Plan Width": 16, "Inner Unique": true, "Join Filter": "((partsupp.ps_partkey = subquery.\"?column?\") AND (partsupp.ps_suppkey = subquery.\"?column?\") AND ((partsupp.ps_availqty)::double precision > (.5::double precision * subquery.\"?column?\")))", "Plans": [{"Node Type": "Nested Loop", "Parent Relationship": "Outer", "Join Type": "Semi", "Startup Cost": 20000000000.0, "Total Cost": 2002807445082.73, "Plan Rows": 64552, "Plan Width": 32, "Inner Unique": false, "Join Filter": "(partsupp.ps_partkey = part.p_partkey)", "Plans": [{"Node Type": "Index Scan", "Parent Relationship": "Outer", "Scan Direction": "Forward", "Index Name": "idx_partsupp_suppkey", "Relation Name": "partsupp", "Alias": "partsupp", "Startup Cost": 10000000000.0, "Total Cost": 1000100160480.77, "Plan Rows": 8000372, "Plan Width": 24}, {"Node Type": "Materialize", "Parent Relationship": "Inner", "Startup Cost": 10000000000.0, "Total Cost": 1000010580437.36, "Plan Rows": 22472, "Plan Width": 8, "Plans": [{"Node Type": "Index Scan", "Parent Relationship": "Outer", "Scan Direction": "Forward", "Index Name": "part_kpey", "Relation Name": "part", "Alias": "part", "Startup Cost": 10000000000.0, "Total Cost": 1000010580325.0, "Plan Rows": 22472, "Plan Width": 8, "Filter": "((p_name)::text ~~ 'green%'::text)"}]}]}, {"Node Type": "Materialize", "Parent Relationship": "Inner", "Startup Cost": 1000805475552.94, "Total Cost": 1000805725024.14, "Plan Rows": 9071680, "Plan Width": 24, "Plans": [{"Node Type": "Subquery Scan", "Parent Relationship": "Outer", "Alias": "subquery", "Startup Cost": 1000805475552.94, "Total Cost": 1000805679665.74, "Plan Rows": 9071680, "Plan Width": 24, "Plans": [{"Node Type": "Aggregate", "Strategy": "Hashed", "Parent Relationship": "Subquery", "Startup Cost": 1000805475552.94, "Total Cost": 1000805588948.94, "Plan Rows": 9071680, "Plan Width": 40, "Group By Key": ["lineitem.l_partkey", "lineitem.l_suppkey"], "Plans": [{"Node Type": "Index Scan", "Parent Relationship": "Outer", "Scan Direction": "Forward", "Index Name": "idx_lineitem_part_supp", "Relation Name": "lineitem", "Alias": "lineitem", "Startup Cost": 10000000000.0, "Total Cost": 1000805384836.14, "Plan Rows": 9071680, "Plan Width": 24, "Filter": "((l_shipdate >= '1993-01-01 00:00:00'::timestamp(0) without time zone) AND (l_shipdate < '1994-01-01 00:00:00'::timestamp without time zone)), (LLVM Optimized)"}]}]}]}]}]}]}]}, "Unique SQL Id": 202076520, "Planner Runtime": 2}, "explain_analyze_plan": null}, "(16, 32)": {"explain_plan": {"Plan": {"Node Type": "Sort", "Startup Cost": 2481984.46, "Total Cost": 2481989.46, "Plan Rows": 2000, "Plan Width": 51, "Sort Key": ["supplier.s_name"], "Plans": [{"Node Type": "Nested Loop", "Parent Relationship": "Outer", "Join Type": "Semi", "Startup Cost": 2182390.78, "Total Cost": 2481874.8, "Plan Rows": 2000, "Plan Width": 51, "Inner Unique": false, "Join Filter": "(supplier.s_suppkey = lineitem.l_suppkey)", "Plans": [{"Node Type": "Nested Loop", "Parent Relationship": "Outer", "Join Type": "Inner", "Startup Cost": 0.0, "Total Cost": 4534.31, "Plan Rows": 4000, "Plan Width": 59, "Inner Unique": false, "Join Filter": "(supplier.s_nationkey = nation.n_nationkey)", "Plans": [{"Node Type": "Seq Scan", "Parent Relationship": "Outer", "Relation Name": "nation", "Alias": "nation", "Startup Cost": 0.0, "Total Cost": 1.31, "Plan Rows": 1, "Plan Width": 4, "Filter": "(n_name = 'ALGERIA'::bpchar)"}, {"Node Type": "Seq Scan", "Parent Relationship": "Inner", "Relation Name": "supplier", "Alias": "supplier", "Startup Cost": 0.0, "Total Cost": 3283.0, "Plan Rows": 100000, "Plan Width": 63}]}, {"Node Type": "Materialize", "Parent Relationship": "Inner", "Startup Cost": 2182390.78, "Total Cost": 2477220.5, "Plan Rows": 2, "Plan Width": 16, "Plans": [{"Node Type": "Hash Join", "Parent Relationship": "Outer", "Join Type": "Inner", "Startup Cost": 2182390.78, "Total Cost": 2477220.49, "Plan Rows": 2, "Plan Width": 16, "Inner Unique": false, "Hash Cond": "((lineitem.l_partkey = partsupp.ps_partkey) AND (lineitem.l_suppkey = partsupp.ps_suppkey))", "Join Filter": "((partsupp.ps_availqty)::double precision > (.5::double precision * (sum(lineitem.l_quantity))))", "Plans": [{"Node Type": "Aggregate", "Strategy": "Hashed", "Parent Relationship": "Outer", "Startup Cost": 1956349.97, "Total Cost": 2069745.97, "Plan Rows": 9071680, "Plan Width": 40, "Group By Key": ["lineitem.l_partkey", "lineitem.l_suppkey"], "Plans": [{"Node Type": "Bitmap Heap Scan", "Parent Relationship": "Outer", "Relation Name": "lineitem", "Alias": "lineitem", "Startup Cost": 314312.97, "Total Cost": 1865633.17, "Plan Rows": 9071680, "Plan Width": 24, "Recheck Cond": "((l_shipdate >= '1993-01-01 00:00:00'::timestamp(0) without time zone) AND (l_shipdate < '1994-01-01 00:00:00'::timestamp without time zone)), (LLVM Optimized)", "Plans": [{"Node Type": "Bitmap Index Scan", "Parent Relationship": "Outer", "Index Name": "idx_lineitem_shipdate", "Startup Cost": 0.0, "Total Cost": 312045.05, "Plan Rows": 9071680, "Plan Width": 0, "Index Cond": "((l_shipdate >= '1993-01-01 00:00:00'::timestamp(0) without time zone) AND (l_shipdate < '1994-01-01 00:00:00'::timestamp without time zone))"}]}]}, {"Node Type": "Hash", "Parent Relationship": "Inner", "Startup Cost": 225072.53, "Total Cost": 225072.53, "Plan Rows": 64552, "Plan Width": 32, "Plans": [{"Node Type": "Nested Loop", "Parent Relationship": "Outer", "Join Type": "Inner", "Startup Cost": 0.0, "Total Cost": 225072.53, "Plan Rows": 64552, "Plan Width": 32, "Inner Unique": false, "Plans": [{"Node Type": "Seq Scan", "Parent Relationship": "Outer", "Relation Name": "part", "Alias": "part", "Startup Cost": 0.0, "Total Cost": 66944.0, "Plan Rows": 22472, "Plan Width": 8, "Filter": "((p_name)::text ~~ 'green%'::text)"}, {"Node Type": "Index Scan", "Parent Relationship": "Inner", "Scan Direction": "Forward", "Index Name": "idx_partsupp_partkey", "Relation Name": "partsupp", "Alias": "partsupp", "Startup Cost": 0.0, "Total Cost": 7.01, "Plan Rows": 3, "Plan Width": 24, "Index Cond": "(ps_partkey = part.p_partkey)"}]}]}]}]}]}]}, "Unique SQL Id": 202076520, "Planner Runtime": 2}, "explain_analyze_plan": {"Plan": {"Node Type": "Sort", "Startup Cost": 2481984.46, "Total Cost": 2481989.46, "Plan Rows": 2000, "Plan Width": 51, "Actual Startup Time": 75257.542, "Actual Total Time": 75257.731, "Actual Rows": 1746, "Actual Loops": 1, "Sort Key": ["supplier.s_name"], "Sort Method": "quicksort", "Sort Space Used": 309, "Sort Space Type": "Memory", "Plans": [{"Node Type": "Nested Loop", "Parent Relationship": "Outer", "Join Type": "Semi", "Startup Cost": 2182390.78, "Total Cost": 2481874.8, "Plan Rows": 2000, "Plan Width": 51, "Actual Startup Time": 24884.825, "Actual Total Time": 75250.351, "Actual Rows": 1746, "Actual Loops": 1, "Inner Unique": false, "Join Filter": "(supplier.s_suppkey = lineitem.l_suppkey)", "Rows Removed by Join Filter": 174379316, "Plans": [{"Node Type": "Nested Loop", "Parent Relationship": "Outer", "Join Type": "Inner", "Startup Cost": 0.0, "Total Cost": 4534.31, "Plan Rows": 4000, "Plan Width": 59, "Actual Startup Time": 0.059, "Actual Total Time": 72.815, "Actual Rows": 3934, "Actual Loops": 1, "Inner Unique": false, "Join Filter": "(supplier.s_nationkey = nation.n_nationkey)", "Rows Removed by Join Filter": 96066, "Plans": [{"Node Type": "Seq Scan", "Parent Relationship": "Outer", "Relation Name": "nation", "Alias": "nation", "Startup Cost": 0.0, "Total Cost": 1.31, "Plan Rows": 1, "Plan Width": 4, "Actual Startup Time": 0.023, "Actual Total Time": 0.107, "Actual Rows": 1, "Actual Loops": 1, "Filter": "(n_name = 'ALGERIA'::bpchar)", "Rows Removed by Filter": 24}, {"Node Type": "Seq Scan", "Parent Relationship": "Inner", "Relation Name": "supplier", "Alias": "supplier", "Startup Cost": 0.0, "Total Cost": 3283.0, "Plan Rows": 100000, "Plan Width": 63, "Actual Startup Time": 0.02, "Actual Total Time": 43.133, "Actual Rows": 100000, "Actual Loops": 1}]}, {"Node Type": "Materialize", "Parent Relationship": "Inner", "Startup Cost": 2182390.78, "Total Cost": 2477220.5, "Plan Rows": 2, "Plan Width": 16, "Actual Startup Time": 19734.578, "Actual Total Time": 42577.892, "Actual Rows": 174381062, "Actual Loops": 3934, "Plans": [{"Node Type": "Hash Join", "Parent Relationship": "Outer", "Join Type": "Inner", "Startup Cost": 2182390.78, "Total Cost": 2477220.49, "Plan Rows": 2, "Plan Width": 16, "Actual Startup Time": 19733.887, "Actual Total Time": 24838.392, "Actual Rows": 58537, "Actual Loops": 1, "Inner Unique": false, "Hash Cond": "((lineitem.l_partkey = partsupp.ps_partkey) AND (lineitem.l_suppkey = partsupp.ps_suppkey))", "Join Filter": "((partsupp.ps_availqty)::double precision > (.5::double precision * (sum(lineitem.l_quantity))))", "Rows Removed by Join Filter": 136, "Plans": [{"Node Type": "Aggregate", "Strategy": "Hashed", "Parent Relationship": "Outer", "Startup Cost": 1956349.97, "Total Cost": 2069745.97, "Plan Rows": 9071680, "Plan Width": 40, "Actual Startup Time": 18707.004, "Actual Total Time": 22236.746, "Actual Rows": 5442751, "Actual Loops": 1, "Group By Key": ["lineitem.l_partkey", "lineitem.l_suppkey"], "Plans": [{"Node Type": "Bitmap Heap Scan", "Parent Relationship": "Outer", "Relation Name": "lineitem", "Alias": "lineitem", "Startup Cost": 314312.97, "Total Cost": 1865633.17, "Plan Rows": 9071680, "Plan Width": 24, "Actual Startup Time": 3996.016, "Actual Total Time": 11648.282, "Actual Rows": 9109641, "Actual Loops": 1, "Recheck Cond": "((l_shipdate >= '1993-01-01 00:00:00'::timestamp(0) without time zone) AND (l_shipdate < '1994-01-01 00:00:00'::timestamp without time zone)), (LLVM Optimized, Jit Execute)", "Rows Removed by Index Recheck": 0, "Exact Heap Blocks": 1252335, "Lossy Heap Blocks": 1252335, "Plans": [{"Node Type": "Bitmap Index Scan", "Parent Relationship": "Outer", "Index Name": "idx_lineitem_shipdate", "Startup Cost": 0.0, "Total Cost": 312045.05, "Plan Rows": 9071680, "Plan Width": 0, "Actual Startup Time": 3413.023, "Actual Total Time": 3413.023, "Actual Rows": 9109641, "Actual Loops": 1, "Index Cond": "((l_shipdate >= '1993-01-01 00:00:00'::timestamp(0) without time zone) AND (l_shipdate < '1994-01-01 00:00:00'::timestamp without time zone))"}]}]}, {"Node Type": "Hash", "Parent Relationship": "Inner", "Startup Cost": 225072.53, "Total Cost": 225072.53, "Plan Rows": 64552, "Plan Width": 32, "Actual Startup Time": 1026.722, "Actual Total Time": 1026.722, "Actual Rows": 86224, "Actual Loops": 1, "Hash Buckets": 65536, "Hash Batches": 1, "Original Hash Batches": 1, "Peak Memory Usage": 5389, "Plans": [{"Node Type": "Nested Loop", "Parent Relationship": "Outer", "Join Type": "Inner", "Startup Cost": 0.0, "Total Cost": 225072.53, "Plan Rows": 64552, "Plan Width": 32, "Actual Startup Time": 0.041, "Actual Total Time": 990.064, "Actual Rows": 86224, "Actual Loops": 1, "Inner Unique": false, "Plans": [{"Node Type": "Seq Scan", "Parent Relationship": "Outer", "Relation Name": "part", "Alias": "part", "Startup Cost": 0.0, "Total Cost": 66944.0, "Plan Rows": 22472, "Plan Width": 8, "Actual Startup Time": 0.022, "Actual Total Time": 779.108, "Actual Rows": 21556, "Actual Loops": 1, "Filter": "((p_name)::text ~~ 'green%'::text)", "Rows Removed by Filter": 1978444}, {"Node Type": "Index Scan", "Parent Relationship": "Inner", "Scan Direction": "Forward", "Index Name": "idx_partsupp_partkey", "Relation Name": "partsupp", "Alias": "partsupp", "Startup Cost": 0.0, "Total Cost": 7.01, "Plan Rows": 3, "Plan Width": 24, "Actual Startup Time": 133.294, "Actual Total Time": 178.264, "Actual Rows": 86224, "Actual Loops": 21556, "Index Cond": "(ps_partkey = part.p_partkey)", "Rows Removed by Index Recheck": 0}]}]}]}]}]}]}, "Triggers": [], "Planner Runtime": 2, "Total Runtime": 75268.748, "Unique SQL Id": 202076520}}, "(16, 33)": {"explain_plan": {"Plan": {"Node Type": "Sort", "Startup Cost": 2522906.63, "Total Cost": 2522911.63, "Plan Rows": 2000, "Plan Width": 51, "Sort Key": ["supplier.s_name"], "Plans": [{"Node Type": "Nested Loop", "Parent Relationship": "Outer", "Join Type": "Semi", "Startup Cost": 2221250.03, "Total Cost": 2522796.97, "Plan Rows": 2000, "Plan Width": 51, "Inner Unique": false, "Join Filter": "(supplier.s_suppkey = lineitem.l_suppkey)", "Plans": [{"Node Type": "Nested Loop", "Parent Relationship": "Outer", "Join Type": "Inner", "Startup Cost": 0.0, "Total Cost": 6597.23, "Plan Rows": 4000, "Plan Width": 59, "Inner Unique": false, "Join Filter": "(supplier.s_nationkey = nation.n_nationkey)", "Plans": [{"Node Type": "Index Scan", "Parent Relationship": "Outer", "Scan Direction": "Forward", "Index Name": "nation_pkey", "Relation Name": "nation", "Alias": "nation", "Startup Cost": 0.0, "Total Cost": 12.69, "Plan Rows": 1, "Plan Width": 4, "Filter": "(n_name = 'ALGERIA'::bpchar)"}, {"Node Type": "Index Scan", "Parent Relationship": "Inner", "Scan Direction": "Forward", "Index Name": "supplier_pkey", "Relation Name": "supplier", "Alias": "supplier", "Startup Cost": 0.0, "Total Cost": 5334.54, "Plan Rows": 100000, "Plan Width": 63}]}, {"Node Type": "Materialize", "Parent Relationship": "Inner", "Startup Cost": 2221250.03, "Total Cost": 2516079.75, "Plan Rows": 2, "Plan Width": 16, "Plans": [{"Node Type": "Hash Join", "Parent Relationship": "Outer", "Join Type": "Inner", "Startup Cost": 2221250.03, "Total Cost": 2516079.74, "Plan Rows": 2, "Plan Width": 16, "Inner Unique": false, "Hash Cond": "((lineitem.l_partkey = partsupp.ps_partkey) AND (lineitem.l_suppkey = partsupp.ps_suppkey))", "Join Filter": "((partsupp.ps_availqty)::double precision > (.5::double precision * (sum(lineitem.l_quantity))))", "Plans": [{"Node Type": "Aggregate", "Strategy": "Hashed", "Parent Relationship": "Outer", "Startup Cost": 1956349.97, "Total Cost": 2069745.97, "Plan Rows": 9071680, "Plan Width": 40, "Group By Key": ["lineitem.l_partkey", "lineitem.l_suppkey"], "Plans": [{"Node Type": "Bitmap Heap Scan", "Parent Relationship": "Outer", "Relation Name": "lineitem", "Alias": "lineitem", "Startup Cost": 314312.97, "Total Cost": 1865633.17, "Plan Rows": 9071680, "Plan Width": 24, "Recheck Cond": "((l_shipdate >= '1993-01-01 00:00:00'::timestamp(0) without time zone) AND (l_shipdate < '1994-01-01 00:00:00'::timestamp without time zone)), (LLVM Optimized)", "Plans": [{"Node Type": "Bitmap Index Scan", "Parent Relationship": "Outer", "Index Name": "idx_lineitem_shipdate", "Startup Cost": 0.0, "Total Cost": 312045.05, "Plan Rows": 9071680, "Plan Width": 0, "Index Cond": "((l_shipdate >= '1993-01-01 00:00:00'::timestamp(0) without time zone) AND (l_shipdate < '1994-01-01 00:00:00'::timestamp without time zone))"}]}]}, {"Node Type": "Hash", "Parent Relationship": "Inner", "Startup Cost": 263931.78, "Total Cost": 263931.78, "Plan Rows": 64552, "Plan Width": 32, "Plans": [{"Node Type": "Nested Loop", "Parent Relationship": "Outer", "Join Type": "Inner", "Startup Cost": 0.0, "Total Cost": 263931.78, "Plan Rows": 64552, "Plan Width": 32, "Inner Unique": false, "Plans": [{"Node Type": "Index Scan", "Parent Relationship": "Outer", "Scan Direction": "Forward", "Index Name": "part_kpey", "Relation Name": "part", "Alias": "part", "Startup Cost": 0.0, "Total Cost": 105803.25, "Plan Rows": 22472, "Plan Width": 8, "Filter": "((p_name)::text ~~ 'green%'::text)"}, {"Node Type": "Index Scan", "Parent Relationship": "Inner", "Scan Direction": "Forward", "Index Name": "idx_partsupp_partkey", "Relation Name": "partsupp", "Alias": "partsupp", "Startup Cost": 0.0, "Total Cost": 7.01, "Plan Rows": 3, "Plan Width": 24, "Index Cond": "(ps_partkey = part.p_partkey)"}]}]}]}]}]}]}, "Unique SQL Id": 202076520, "Planner Runtime": 2}, "explain_analyze_plan": {"Plan": {"Node Type": "Sort", "Startup Cost": 2522906.63, "Total Cost": 2522911.63, "Plan Rows": 2000, "Plan Width": 51, "Actual Startup Time": 75367.468, "Actual Total Time": 75367.626, "Actual Rows": 1746, "Actual Loops": 1, "Sort Key": ["supplier.s_name"], "Sort Method": "quicksort", "Sort Space Used": 309, "Sort Space Type": "Memory", "Plans": [{"Node Type": "Nested Loop", "Parent Relationship": "Outer", "Join Type": "Semi", "Startup Cost": 2221250.03, "Total Cost": 2522796.97, "Plan Rows": 2000, "Plan Width": 51, "Actual Startup Time": 25132.456, "Actual Total Time": 75363.195, "Actual Rows": 1746, "Actual Loops": 1, "Inner Unique": false, "Join Filter": "(supplier.s_suppkey = lineitem.l_suppkey)", "Rows Removed by Join Filter": 174379316, "Plans": [{"Node Type": "Nested Loop", "Parent Relationship": "Outer", "Join Type": "Inner", "Startup Cost": 0.0, "Total Cost": 6597.23, "Plan Rows": 4000, "Plan Width": 59, "Actual Startup Time": 0.065, "Actual Total Time": 102.229, "Actual Rows": 3934, "Actual Loops": 1, "Inner Unique": false, "Join Filter": "(supplier.s_nationkey = nation.n_nationkey)", "Rows Removed by Join Filter": 96066, "Plans": [{"Node Type": "Index Scan", "Parent Relationship": "Outer", "Scan Direction": "Forward", "Index Name": "nation_pkey", "Relation Name": "nation", "Alias": "nation", "Startup Cost": 0.0, "Total Cost": 12.69, "Plan Rows": 1, "Plan Width": 4, "Actual Startup Time": 0.02, "Actual Total Time": 0.051, "Actual Rows": 1, "Actual Loops": 1, "Filter": "(n_name = 'ALGERIA'::bpchar)", "Rows Removed by Filter": 24}, {"Node Type": "Index Scan", "Parent Relationship": "Inner", "Scan Direction": "Forward", "Index Name": "supplier_pkey", "Relation Name": "supplier", "Alias": "supplier", "Startup Cost": 0.0, "Total Cost": 5334.54, "Plan Rows": 100000, "Plan Width": 63, "Actual Startup Time": 0.02, "Actual Total Time": 74.582, "Actual Rows": 100000, "Actual Loops": 1}]}, {"Node Type": "Materialize", "Parent Relationship": "Inner", "Startup Cost": 2221250.03, "Total Cost": 2516079.75, "Plan Rows": 2, "Plan Width": 16, "Actual Startup Time": 20683.912, "Actual Total Time": 42677.904, "Actual Rows": 174381062, "Actual Loops": 3934, "Plans": [{"Node Type": "Hash Join", "Parent Relationship": "Outer", "Join Type": "Inner", "Startup Cost": 2221250.03, "Total Cost": 2516079.74, "Plan Rows": 2, "Plan Width": 16, "Actual Startup Time": 20683.198, "Actual Total Time": 25088.125, "Actual Rows": 58537, "Actual Loops": 1, "Inner Unique": false, "Hash Cond": "((lineitem.l_partkey = partsupp.ps_partkey) AND (lineitem.l_suppkey = partsupp.ps_suppkey))", "Join Filter": "((partsupp.ps_availqty)::double precision > (.5::double precision * (sum(lineitem.l_quantity))))", "Rows Removed by Join Filter": 136, "Plans": [{"Node Type": "Aggregate", "Strategy": "Hashed", "Parent Relationship": "Outer", "Startup Cost": 1956349.97, "Total Cost": 2069745.97, "Plan Rows": 9071680, "Plan Width": 40, "Actual Startup Time": 18932.217, "Actual Total Time": 21795.026, "Actual Rows": 5442751, "Actual Loops": 1, "Group By Key": ["lineitem.l_partkey", "lineitem.l_suppkey"], "Plans": [{"Node Type": "Bitmap Heap Scan", "Parent Relationship": "Outer", "Relation Name": "lineitem", "Alias": "lineitem", "Startup Cost": 314312.97, "Total Cost": 1865633.17, "Plan Rows": 9071680, "Plan Width": 24, "Actual Startup Time": 3614.243, "Actual Total Time": 11188.764, "Actual Rows": 9109641, "Actual Loops": 1, "Recheck Cond": "((l_shipdate >= '1993-01-01 00:00:00'::timestamp(0) without time zone) AND (l_shipdate < '1994-01-01 00:00:00'::timestamp without time zone)), (LLVM Optimized, Jit Execute)", "Rows Removed by Index Recheck": 0, "Exact Heap Blocks": 1252335, "Lossy Heap Blocks": 1252335, "Plans": [{"Node Type": "Bitmap Index Scan", "Parent Relationship": "Outer", "Index Name": "idx_lineitem_shipdate", "Startup Cost": 0.0, "Total Cost": 312045.05, "Plan Rows": 9071680, "Plan Width": 0, "Actual Startup Time": 3062.184, "Actual Total Time": 3062.184, "Actual Rows": 9109641, "Actual Loops": 1, "Index Cond": "((l_shipdate >= '1993-01-01 00:00:00'::timestamp(0) without time zone) AND (l_shipdate < '1994-01-01 00:00:00'::timestamp without time zone))"}]}]}, {"Node Type": "Hash", "Parent Relationship": "Inner", "Startup Cost": 263931.78, "Total Cost": 263931.78, "Plan Rows": 64552, "Plan Width": 32, "Actual Startup Time": 1750.851, "Actual Total Time": 1750.851, "Actual Rows": 86224, "Actual Loops": 1, "Hash Buckets": 65536, "Hash Batches": 1, "Original Hash Batches": 1, "Peak Memory Usage": 5389, "Plans": [{"Node Type": "Nested Loop", "Parent Relationship": "Outer", "Join Type": "Inner", "Startup Cost": 0.0, "Total Cost": 263931.78, "Plan Rows": 64552, "Plan Width": 32, "Actual Startup Time": 0.053, "Actual Total Time": 1717.824, "Actual Rows": 86224, "Actual Loops": 1, "Inner Unique": false, "Plans": [{"Node Type": "Index Scan", "Parent Relationship": "Outer", "Scan Direction": "Forward", "Index Name": "part_kpey", "Relation Name": "part", "Alias": "part", "Startup Cost": 0.0, "Total Cost": 105803.25, "Plan Rows": 22472, "Plan Width": 8, "Actual Startup Time": 0.04, "Actual Total Time": 1522.231, "Actual Rows": 21556, "Actual Loops": 1, "Filter": "((p_name)::text ~~ 'green%'::text)", "Rows Removed by Filter": 1978444}, {"Node Type": "Index Scan", "Parent Relationship": "Inner", "Scan Direction": "Forward", "Index Name": "idx_partsupp_partkey", "Relation Name": "partsupp", "Alias": "partsupp", "Startup Cost": 0.0, "Total Cost": 7.01, "Plan Rows": 3, "Plan Width": 24, "Actual Startup Time": 115.559, "Actual Total Time": 161.654, "Actual Rows": 86224, "Actual Loops": 21556, "Index Cond": "(ps_partkey = part.p_partkey)", "Rows Removed by Index Recheck": 0}]}]}]}]}]}]}, "Triggers": [], "Planner Runtime": 2, "Total Runtime": 75378.492, "Unique SQL Id": 202076520}}, "(16, 34)": {"explain_plan": {"Plan": {"Node Type": "Sort", "Startup Cost": 2614774.64, "Total Cost": 2614779.64, "Plan Rows": 2000, "Plan Width": 51, "Sort Key": ["supplier.s_name"], "Plans": [{"Node Type": "Nested Loop", "Parent Relationship": "Outer", "Join Type": "Semi", "Startup Cost": 2315180.96, "Total Cost": 2614664.98, "Plan Rows": 2000, "Plan Width": 51, "Inner Unique": false, "Join Filter": "(supplier.s_suppkey = lineitem.l_suppkey)", "Plans": [{"Node Type": "Nested Loop", "Parent Relationship": "Outer", "Join Type": "Inner", "Startup Cost": 0.0, "Total Cost": 4534.31, "Plan Rows": 4000, "Plan Width": 59, "Inner Unique": false, "Join Filter": "(supplier.s_nationkey = nation.n_nationkey)", "Plans": [{"Node Type": "Seq Scan", "Parent Relationship": "Outer", "Relation Name": "nation", "Alias": "nation", "Startup Cost": 0.0, "Total Cost": 1.31, "Plan Rows": 1, "Plan Width": 4, "Filter": "(n_name = 'ALGERIA'::bpchar)"}, {"Node Type": "Seq Scan", "Parent Relationship": "Inner", "Relation Name": "supplier", "Alias": "supplier", "Startup Cost": 0.0, "Total Cost": 3283.0, "Plan Rows": 100000, "Plan Width": 63}]}, {"Node Type": "Materialize", "Parent Relationship": "Inner", "Startup Cost": 2315180.96, "Total Cost": 2610010.68, "Plan Rows": 2, "Plan Width": 16, "Plans": [{"Node Type": "Hash Join", "Parent Relationship": "Outer", "Join Type": "Inner", "Startup Cost": 2315180.96, "Total Cost": 2610010.67, "Plan Rows": 2, "Plan Width": 16, "Inner Unique": false, "Hash Cond": "((lineitem.l_partkey = partsupp.ps_partkey) AND (lineitem.l_suppkey = partsupp.ps_suppkey))", "Join Filter": "((partsupp.ps_availqty)::double precision > (.5::double precision * (sum(lineitem.l_quantity))))", "Plans": [{"Node Type": "Aggregate", "Strategy": "Hashed", "Parent Relationship": "Outer", "Startup Cost": 1956349.97, "Total Cost": 2069745.97, "Plan Rows": 9071680, "Plan Width": 40, "Group By Key": ["lineitem.l_partkey", "lineitem.l_suppkey"], "Plans": [{"Node Type": "Bitmap Heap Scan", "Parent Relationship": "Outer", "Relation Name": "lineitem", "Alias": "lineitem", "Startup Cost": 314312.97, "Total Cost": 1865633.17, "Plan Rows": 9071680, "Plan Width": 24, "Recheck Cond": "((l_shipdate >= '1993-01-01 00:00:00'::timestamp(0) without time zone) AND (l_shipdate < '1994-01-01 00:00:00'::timestamp without time zone)), (LLVM Optimized)", "Plans": [{"Node Type": "Bitmap Index Scan", "Parent Relationship": "Outer", "Index Name": "idx_lineitem_shipdate", "Startup Cost": 0.0, "Total Cost": 312045.05, "Plan Rows": 9071680, "Plan Width": 0, "Index Cond": "((l_shipdate >= '1993-01-01 00:00:00'::timestamp(0) without time zone) AND (l_shipdate < '1994-01-01 00:00:00'::timestamp without time zone))"}]}]}, {"Node Type": "Hash", "Parent Relationship": "Inner", "Startup Cost": 357862.71, "Total Cost": 357862.71, "Plan Rows": 64552, "Plan Width": 32, "Plans": [{"Node Type": "Hash Join", "Parent Relationship": "Outer", "Join Type": "Inner", "Startup Cost": 67224.9, "Total Cost": 357862.71, "Plan Rows": 64552, "Plan Width": 32, "Inner Unique": true, "Hash Cond": "(partsupp.ps_partkey = part.p_partkey)", "Plans": [{"Node Type": "Seq Scan", "Parent Relationship": "Outer", "Relation Name": "partsupp", "Alias": "partsupp", "Startup Cost": 0.0, "Total Cost": 269987.72, "Plan Rows": 8000372, "Plan Width": 24}, {"Node Type": "Hash", "Parent Relationship": "Inner", "Startup Cost": 66944.0, "Total Cost": 66944.0, "Plan Rows": 22472, "Plan Width": 8, "Plans": [{"Node Type": "Seq Scan", "Parent Relationship": "Outer", "Relation Name": "part", "Alias": "part", "Startup Cost": 0.0, "Total Cost": 66944.0, "Plan Rows": 22472, "Plan Width": 8, "Filter": "((p_name)::text ~~ 'green%'::text)"}]}]}]}]}]}]}]}, "Unique SQL Id": 202076520, "Planner Runtime": 2}, "explain_analyze_plan": {"Plan": {"Node Type": "Sort", "Startup Cost": 2614774.64, "Total Cost": 2614779.64, "Plan Rows": 2000, "Plan Width": 51, "Actual Startup Time": 79266.155, "Actual Total Time": 79266.324, "Actual Rows": 1746, "Actual Loops": 1, "Sort Key": ["supplier.s_name"], "Sort Method": "quicksort", "Sort Space Used": 309, "Sort Space Type": "Memory", "Plans": [{"Node Type": "Nested Loop", "Parent Relationship": "Outer", "Join Type": "Semi", "Startup Cost": 2315180.96, "Total Cost": 2614664.98, "Plan Rows": 2000, "Plan Width": 51, "Actual Startup Time": 29386.016, "Actual Total Time": 79258.907, "Actual Rows": 1746, "Actual Loops": 1, "Inner Unique": false, "Join Filter": "(supplier.s_suppkey = lineitem.l_suppkey)", "Rows Removed by Join Filter": 174379316, "Plans": [{"Node Type": "Nested Loop", "Parent Relationship": "Outer", "Join Type": "Inner", "Startup Cost": 0.0, "Total Cost": 4534.31, "Plan Rows": 4000, "Plan Width": 59, "Actual Startup Time": 0.063, "Actual Total Time": 73.076, "Actual Rows": 3934, "Actual Loops": 1, "Inner Unique": false, "Join Filter": "(supplier.s_nationkey = nation.n_nationkey)", "Rows Removed by Join Filter": 96066, "Plans": [{"Node Type": "Seq Scan", "Parent Relationship": "Outer", "Relation Name": "nation", "Alias": "nation", "Startup Cost": 0.0, "Total Cost": 1.31, "Plan Rows": 1, "Plan Width": 4, "Actual Startup Time": 0.026, "Actual Total Time": 0.11, "Actual Rows": 1, "Actual Loops": 1, "Filter": "(n_name = 'ALGERIA'::bpchar)", "Rows Removed by Filter": 24}, {"Node Type": "Seq Scan", "Parent Relationship": "Inner", "Relation Name": "supplier", "Alias": "supplier", "Startup Cost": 0.0, "Total Cost": 3283.0, "Plan Rows": 100000, "Plan Width": 63, "Actual Startup Time": 0.02, "Actual Total Time": 43.562, "Actual Rows": 100000, "Actual Loops": 1}]}, {"Node Type": "Materialize", "Parent Relationship": "Inner", "Startup Cost": 2315180.96, "Total Cost": 2610010.68, "Plan Rows": 2, "Plan Width": 16, "Actual Startup Time": 24477.548, "Actual Total Time": 46672.343, "Actual Rows": 174381062, "Actual Loops": 3934, "Plans": [{"Node Type": "Hash Join", "Parent Relationship": "Outer", "Join Type": "Inner", "Startup Cost": 2315180.96, "Total Cost": 2610010.67, "Plan Rows": 2, "Plan Width": 16, "Actual Startup Time": 24476.828, "Actual Total Time": 29340.497, "Actual Rows": 58537, "Actual Loops": 1, "Inner Unique": false, "Hash Cond": "((lineitem.l_partkey = partsupp.ps_partkey) AND (lineitem.l_suppkey = partsupp.ps_suppkey))", "Join Filter": "((partsupp.ps_availqty)::double precision > (.5::double precision * (sum(lineitem.l_quantity))))", "Rows Removed by Join Filter": 136, "Plans": [{"Node Type": "Aggregate", "Strategy": "Hashed", "Parent Relationship": "Outer", "Startup Cost": 1956349.97, "Total Cost": 2069745.97, "Plan Rows": 9071680, "Plan Width": 40, "Actual Startup Time": 19726.375, "Actual Total Time": 23025.115, "Actual Rows": 5442751, "Actual Loops": 1, "Group By Key": ["lineitem.l_partkey", "lineitem.l_suppkey"], "Plans": [{"Node Type": "Bitmap Heap Scan", "Parent Relationship": "Outer", "Relation Name": "lineitem", "Alias": "lineitem", "Startup Cost": 314312.97, "Total Cost": 1865633.17, "Plan Rows": 9071680, "Plan Width": 24, "Actual Startup Time": 4313.512, "Actual Total Time": 11896.6, "Actual Rows": 9109641, "Actual Loops": 1, "Recheck Cond": "((l_shipdate >= '1993-01-01 00:00:00'::timestamp(0) without time zone) AND (l_shipdate < '1994-01-01 00:00:00'::timestamp without time zone)), (LLVM Optimized, Jit Execute)", "Rows Removed by Index Recheck": 0, "Exact Heap Blocks": 1252335, "Lossy Heap Blocks": 1252335, "Plans": [{"Node Type": "Bitmap Index Scan", "Parent Relationship": "Outer", "Index Name": "idx_lineitem_shipdate", "Startup Cost": 0.0, "Total Cost": 312045.05, "Plan Rows": 9071680, "Plan Width": 0, "Actual Startup Time": 3588.878, "Actual Total Time": 3588.878, "Actual Rows": 9109641, "Actual Loops": 1, "Index Cond": "((l_shipdate >= '1993-01-01 00:00:00'::timestamp(0) without time zone) AND (l_shipdate < '1994-01-01 00:00:00'::timestamp without time zone))"}]}]}, {"Node Type": "Hash", "Parent Relationship": "Inner", "Startup Cost": 357862.71, "Total Cost": 357862.71, "Plan Rows": 64552, "Plan Width": 32, "Actual Startup Time": 4750.038, "Actual Total Time": 4750.038, "Actual Rows": 86224, "Actual Loops": 1, "Hash Buckets": 65536, "Hash Batches": 1, "Original Hash Batches": 1, "Peak Memory Usage": 5389, "Plans": [{"Node Type": "Hash Join", "Parent Relationship": "Outer", "Join Type": "Inner", "Startup Cost": 67224.9, "Total Cost": 357862.71, "Plan Rows": 64552, "Plan Width": 32, "Actual Startup Time": 775.942, "Actual Total Time": 4709.468, "Actual Rows": 86224, "Actual Loops": 1, "Inner Unique": true, "Hash Cond": "(partsupp.ps_partkey = part.p_partkey)", "Plans": [{"Node Type": "Seq Scan", "Parent Relationship": "Outer", "Relation Name": "partsupp", "Alias": "partsupp", "Startup Cost": 0.0, "Total Cost": 269987.72, "Plan Rows": 8000372, "Plan Width": 24, "Actual Startup Time": 0.01, "Actual Total Time": 2396.567, "Actual Rows": 8000000, "Actual Loops": 1}, {"Node Type": "Hash", "Parent Relationship": "Inner", "Startup Cost": 66944.0, "Total Cost": 66944.0, "Plan Rows": 22472, "Plan Width": 8, "Actual Startup Time": 775.797, "Actual Total Time": 775.797, "Actual Rows": 21556, "Actual Loops": 1, "Hash Buckets": 32768, "Hash Batches": 1, "Original Hash Batches": 1, "Peak Memory Usage": 843, "Plans": [{"Node Type": "Seq Scan", "Parent Relationship": "Outer", "Relation Name": "part", "Alias": "part", "Startup Cost": 0.0, "Total Cost": 66944.0, "Plan Rows": 22472, "Plan Width": 8, "Actual Startup Time": 0.025, "Actual Total Time": 768.271, "Actual Rows": 21556, "Actual Loops": 1, "Filter": "((p_name)::text ~~ 'green%'::text)", "Rows Removed by Filter": 1978444}]}]}]}]}]}]}]}, "Triggers": [], "Planner Runtime": 2, "Total Runtime": 79277.75, "Unique SQL Id": 202076520}}, "(16, 35)": {"explain_plan": {"Plan": {"Node Type": "Sort", "Startup Cost": 41474309.17, "Total Cost": 41474314.17, "Plan Rows": 2000, "Plan Width": 51, "Sort Key": ["supplier.s_name"], "Plans": [{"Node Type": "Nested Loop", "Parent Relationship": "Outer", "Join Type": "Inner", "Startup Cost": 41260049.96, "Total Cost": 41474199.51, "Plan Rows": 2000, "Plan Width": 51, "Inner Unique": true, "Plans": [{"Node Type": "Nested Loop", "Parent Relationship": "Outer", "Join Type": "Inner", "Startup Cost": 41260049.7, "Total Cost": 41260058.01, "Plan Rows": 50000, "Plan Width": 55, "Inner Unique": true, "Plans": [{"Node Type": "Unique", "Parent Relationship": "Outer", "Startup Cost": 41260049.44, "Total Cost": 41260049.45, "Plan Rows": 2, "Plan Width": 16, "Plans": [{"Node Type": "Sort", "Parent Relationship": "Outer", "Startup Cost": 41260049.44, "Total Cost": 41260049.45, "Plan Rows": 2, "Plan Width": 16, "Sort Key": ["partsupp.ps_suppkey"], "Plans": [{"Node Type": "Nested Loop", "Parent Relationship": "Outer", "Join Type": "Semi", "Startup Cost": 1956350.51, "Total Cost": 41260049.43, "Plan Rows": 2, "Plan Width": 16, "Inner Unique": false, "Join Filter": "(partsupp.ps_partkey = part.p_partkey)", "Plans": [{"Node Type": "Nested Loop", "Parent Relationship": "Outer", "Join Type": "Inner", "Startup Cost": 1956350.25, "Total Cost": 41259981.09, "Plan Rows": 15, "Plan Width": 32, "Inner Unique": true, "Plans": [{"Node Type": "Aggregate", "Strategy": "Hashed", "Parent Relationship": "Outer", "Startup Cost": 1956349.97, "Total Cost": 2069745.97, "Plan Rows": 9071680, "Plan Width": 40, "Group By Key": ["lineitem.l_partkey", "lineitem.l_suppkey"], "Plans": [{"Node Type": "Bitmap Heap Scan", "Parent Relationship": "Outer", "Relation Name": "lineitem", "Alias": "lineitem", "Startup Cost": 314312.97, "Total Cost": 1865633.17, "Plan Rows": 9071680, "Plan Width": 24, "Recheck Cond": "((l_shipdate >= '1993-01-01 00:00:00'::timestamp(0) without time zone) AND (l_shipdate < '1994-01-01 00:00:00'::timestamp without time zone)), (LLVM Optimized)", "Plans": [{"Node Type": "Bitmap Index Scan", "Parent Relationship": "Outer", "Index Name": "idx_lineitem_shipdate", "Startup Cost": 0.0, "Total Cost": 312045.05, "Plan Rows": 9071680, "Plan Width": 0, "Index Cond": "((l_shipdate >= '1993-01-01 00:00:00'::timestamp(0) without time zone) AND (l_shipdate < '1994-01-01 00:00:00'::timestamp without time zone))"}]}]}, {"Node Type": "Bitmap Heap Scan", "Parent Relationship": "Inner", "Relation Name": "partsupp", "Alias": "partsupp", "Startup Cost": 0.28, "Total Cost": 4.3, "Plan Rows": 1, "Plan Width": 24, "Recheck Cond": "((ps_partkey = lineitem.l_partkey) AND (ps_suppkey = lineitem.l_suppkey))", "Filter": "((ps_availqty)::double precision > (.5::double precision * (sum(lineitem.l_quantity))))", "Plans": [{"Node Type": "Bitmap Index Scan", "Parent Relationship": "Outer", "Index Name": "partsupp_pkey", "Startup Cost": 0.0, "Total Cost": 0.28, "Plan Rows": 1, "Plan Width": 0, "Index Cond": "((ps_partkey = lineitem.l_partkey) AND (ps_suppkey = lineitem.l_suppkey))"}]}]}, {"Node Type": "Bitmap Heap Scan", "Parent Relationship": "Inner", "Relation Name": "part", "Alias": "part", "Startup Cost": 0.26, "Total Cost": 4.28, "Plan Rows": 1, "Plan Width": 8, "Recheck Cond": "(p_partkey = lineitem.l_partkey)", "Filter": "((p_name)::text ~~ 'green%'::text)", "Plans": [{"Node Type": "Bitmap Index Scan", "Parent Relationship": "Outer", "Index Name": "part_kpey", "Startup Cost": 0.0, "Total Cost": 0.26, "Plan Rows": 1, "Plan Width": 0, "Index Cond": "(p_partkey = lineitem.l_partkey)"}]}]}]}]}, {"Node Type": "Bitmap Heap Scan", "Parent Relationship": "Inner", "Relation Name": "supplier", "Alias": "supplier", "Startup Cost": 0.26, "Total Cost": 4.27, "Plan Rows": 1, "Plan Width": 63, "Recheck Cond": "(s_suppkey = lineitem.l_suppkey)", "Plans": [{"Node Type": "Bitmap Index Scan", "Parent Relationship": "Outer", "Index Name": "supplier_pkey", "Startup Cost": 0.0, "Total Cost": 0.26, "Plan Rows": 1, "Plan Width": 0, "Index Cond": "(s_suppkey = lineitem.l_suppkey)"}]}]}, {"Node Type": "Bitmap Heap Scan", "Parent Relationship": "Inner", "Relation Name": "nation", "Alias": "nation", "Startup Cost": 0.26, "Total Cost": 4.27, "Plan Rows": 1, "Plan Width": 4, "Recheck Cond": "(n_nationkey = supplier.s_nationkey)", "Filter": "(n_name = 'ALGERIA'::bpchar)", "Plans": [{"Node Type": "Bitmap Index Scan", "Parent Relationship": "Outer", "Index Name": "nation_pkey", "Startup Cost": 0.0, "Total Cost": 0.26, "Plan Rows": 1, "Plan Width": 0, "Index Cond": "(n_nationkey = supplier.s_nationkey)"}]}]}]}, "Unique SQL Id": 202076520, "Planner Runtime": 2}, "explain_analyze_plan": {"Plan": {"Node Type": "Sort", "Startup Cost": 41474309.17, "Total Cost": 41474314.17, "Plan Rows": 2000, "Plan Width": 51, "Actual Startup Time": 128888.36, "Actual Total Time": 128888.508, "Actual Rows": 1746, "Actual Loops": 1, "Sort Key": ["supplier.s_name"], "Sort Method": "quicksort", "Sort Space Used": 309, "Sort Space Type": "Memory", "Plans": [{"Node Type": "Nested Loop", "Parent Relationship": "Outer", "Join Type": "Inner", "Startup Cost": 41260049.96, "Total Cost": 41474199.51, "Plan Rows": 2000, "Plan Width": 51, "Actual Startup Time": 128475.92, "Actual Total Time": 128886.43, "Actual Rows": 1746, "Actual Loops": 1, "Inner Unique": true, "Plans": [{"Node Type": "Nested Loop", "Parent Relationship": "Outer", "Join Type": "Inner", "Startup Cost": 41260049.7, "Total Cost": 41260058.01, "Plan Rows": 50000, "Plan Width": 55, "Actual Startup Time": 128475.528, "Actual Total Time": 128715.763, "Actual Rows": 44487, "Actual Loops": 1, "Inner Unique": true, "Plans": [{"Node Type": "Unique", "Parent Relationship": "Outer", "Startup Cost": 41260049.44, "Total Cost": 41260049.45, "Plan Rows": 2, "Plan Width": 16, "Actual Startup Time": 128475.469, "Actual Total Time": 128506.031, "Actual Rows": 44487, "Actual Loops": 1, "Plans": [{"Node Type": "Sort", "Parent Relationship": "Outer", "Startup Cost": 41260049.44, "Total Cost": 41260049.45, "Plan Rows": 2, "Plan Width": 16, "Actual Startup Time": 128475.464, "Actual Total Time": 128488.423, "Actual Rows": 58537, "Actual Loops": 1, "Sort Key": ["partsupp.ps_suppkey"], "Sort Method": "quicksort", "Sort Space Used": 7024, "Sort Space Type": "Memory", "Plans": [{"Node Type": "Nested Loop", "Parent Relationship": "Outer", "Join Type": "Semi", "Startup Cost": 1956350.51, "Total Cost": 41260049.43, "Plan Rows": 2, "Plan Width": 16, "Actual Startup Time": 19211.651, "Actual Total Time": 128395.823, "Actual Rows": 58537, "Actual Loops": 1, "Inner Unique": false, "Join Filter": "(partsupp.ps_partkey = part.p_partkey)", "Rows Removed by Join Filter": 0, "Plans": [{"Node Type": "Nested Loop", "Parent Relationship": "Outer", "Join Type": "Inner", "Startup Cost": 1956350.25, "Total Cost": 41259981.09, "Plan Rows": 15, "Plan Width": 32, "Actual Startup Time": 19211.227, "Actual Total Time": 79847.531, "Actual Rows": 5431247, "Actual Loops": 1, "Inner Unique": true, "Plans": [{"Node Type": "Aggregate", "Strategy": "Hashed", "Parent Relationship": "Outer", "Startup Cost": 1956349.97, "Total Cost": 2069745.97, "Plan Rows": 9071680, "Plan Width": 40, "Actual Startup Time": 19211.091, "Actual Total Time": 24301.465, "Actual Rows": 5442751, "Actual Loops": 1, "Group By Key": ["lineitem.l_partkey", "lineitem.l_suppkey"], "Plans": [{"Node Type": "Bitmap Heap Scan", "Parent Relationship": "Outer", "Relation Name": "lineitem", "Alias": "lineitem", "Startup Cost": 314312.97, "Total Cost": 1865633.17, "Plan Rows": 9071680, "Plan Width": 24, "Actual Startup Time": 4429.203, "Actual Total Time": 12148.373, "Actual Rows": 9109641, "Actual Loops": 1, "Recheck Cond": "((l_shipdate >= '1993-01-01 00:00:00'::timestamp(0) without time zone) AND (l_shipdate < '1994-01-01 00:00:00'::timestamp without time zone)), (LLVM Optimized, Jit Execute)", "Rows Removed by Index Recheck": 0, "Exact Heap Blocks": 1252335, "Lossy Heap Blocks": 1252335, "Plans": [{"Node Type": "Bitmap Index Scan", "Parent Relationship": "Outer", "Index Name": "idx_lineitem_shipdate", "Startup Cost": 0.0, "Total Cost": 312045.05, "Plan Rows": 9071680, "Plan Width": 0, "Actual Startup Time": 3725.891, "Actual Total Time": 3725.891, "Actual Rows": 9109641, "Actual Loops": 1, "Index Cond": "((l_shipdate >= '1993-01-01 00:00:00'::timestamp(0) without time zone) AND (l_shipdate < '1994-01-01 00:00:00'::timestamp without time zone))"}]}]}, {"Node Type": "Bitmap Heap Scan", "Parent Relationship": "Inner", "Relation Name": "partsupp", "Alias": "partsupp", "Startup Cost": 0.28, "Total Cost": 4.3, "Plan Rows": 1, "Plan Width": 24, "Actual Startup Time": 47744.0, "Actual Total Time": 47744.0, "Actual Rows": 5431247, "Actual Loops": 5442751, "Recheck Cond": "((ps_partkey = lineitem.l_partkey) AND (ps_suppkey = lineitem.l_suppkey))", "Rows Removed by Index Recheck": 0, "Filter": "((ps_availqty)::double precision > (.5::double precision * (sum(lineitem.l_quantity))))", "Rows Removed by Filter": 11504, "Exact Heap Blocks": 5442751, "Lossy Heap Blocks": 5442751, "Plans": [{"Node Type": "Bitmap Index Scan", "Parent Relationship": "Outer", "Index Name": "partsupp_pkey", "Startup Cost": 0.0, "Total Cost": 0.28, "Plan Rows": 1, "Plan Width": 0, "Actual Startup Time": 28969.237, "Actual Total Time": 28969.237, "Actual Rows": 5442751, "Actual Loops": 5442751, "Index Cond": "((ps_partkey = lineitem.l_partkey) AND (ps_suppkey = lineitem.l_suppkey))"}]}]}, {"Node Type": "Bitmap Heap Scan", "Parent Relationship": "Inner", "Relation Name": "part", "Alias": "part", "Startup Cost": 0.26, "Total Cost": 4.28, "Plan Rows": 1, "Plan Width": 8, "Actual Startup Time": 42398.618, "Actual Total Time": 42398.618, "Actual Rows": 58537, "Actual Loops": 5431247, "Recheck Cond": "(p_partkey = lineitem.l_partkey)", "Rows Removed by Index Recheck": 0, "Filter": "((p_name)::text ~~ 'green%'::text)", "Rows Removed by Filter": 5372710, "Exact Heap Blocks": 5431247, "Lossy Heap Blocks": 5431247, "Plans": [{"Node Type": "Bitmap Index Scan", "Parent Relationship": "Outer", "Index Name": "part_kpey", "Startup Cost": 0.0, "Total Cost": 0.26, "Plan Rows": 1, "Plan Width": 0, "Actual Startup Time": 24845.499, "Actual Total Time": 24845.499, "Actual Rows": 5431247, "Actual Loops": 5431247, "Index Cond": "(p_partkey = lineitem.l_partkey)"}]}]}]}]}, {"Node Type": "Bitmap Heap Scan", "Parent Relationship": "Inner", "Relation Name": "supplier", "Alias": "supplier", "Startup Cost": 0.26, "Total Cost": 4.27, "Plan Rows": 1, "Plan Width": 63, "Actual Startup Time": 150.562, "Actual Total Time": 150.562, "Actual Rows": 44487, "Actual Loops": 44487, "Recheck Cond": "(s_suppkey = lineitem.l_suppkey)", "Rows Removed by Index Recheck": 0, "Exact Heap Blocks": 44487, "Lossy Heap Blocks": 44487, "Plans": [{"Node Type": "Bitmap Index Scan", "Parent Relationship": "Outer", "Index Name": "supplier_pkey", "Startup Cost": 0.0, "Total Cost": 0.26, "Plan Rows": 1, "Plan Width": 0, "Actual Startup Time": 82.325, "Actual Total Time": 82.325, "Actual Rows": 44487, "Actual Loops": 44487, "Index Cond": "(s_suppkey = lineitem.l_suppkey)"}]}]}, {"Node Type": "Bitmap Heap Scan", "Parent Relationship": "Inner", "Relation Name": "nation", "Alias": "nation", "Startup Cost": 0.26, "Total Cost": 4.27, "Plan Rows": 1, "Plan Width": 4, "Actual Startup Time": 120.985, "Actual Total Time": 120.985, "Actual Rows": 1746, "Actual Loops": 44487, "Recheck Cond": "(n_nationkey = supplier.s_nationkey)", "Rows Removed by Index Recheck": 0, "Filter": "(n_name = 'ALGERIA'::bpchar)", "Rows Removed by Filter": 42741, "Exact Heap Blocks": 44487, "Lossy Heap Blocks": 44487, "Plans": [{"Node Type": "Bitmap Index Scan", "Parent Relationship": "Outer", "Index Name": "nation_pkey", "Startup Cost": 0.0, "Total Cost": 0.26, "Plan Rows": 1, "Plan Width": 0, "Actual Startup Time": 44.911, "Actual Total Time": 44.911, "Actual Rows": 44487, "Actual Loops": 44487, "Index Cond": "(n_nationkey = supplier.s_nationkey)"}]}]}]}, "Triggers": [], "Planner Runtime": 1, "Total Runtime": 128900.171, "Unique SQL Id": 202076520}}, "(16, 36)": {"explain_plan": {"Plan": {"Node Type": "Sort", "Startup Cost": 2481984.46, "Total Cost": 2481989.46, "Plan Rows": 2000, "Plan Width": 51, "Sort Key": ["supplier.s_name"], "Plans": [{"Node Type": "Nested Loop", "Parent Relationship": "Outer", "Join Type": "Semi", "Startup Cost": 2182390.78, "Total Cost": 2481874.8, "Plan Rows": 2000, "Plan Width": 51, "Inner Unique": false, "Join Filter": "(supplier.s_suppkey = lineitem.l_suppkey)", "Plans": [{"Node Type": "Nested Loop", "Parent Relationship": "Outer", "Join Type": "Inner", "Startup Cost": 0.0, "Total Cost": 4534.31, "Plan Rows": 4000, "Plan Width": 59, "Inner Unique": false, "Join Filter": "(supplier.s_nationkey = nation.n_nationkey)", "Plans": [{"Node Type": "Seq Scan", "Parent Relationship": "Outer", "Relation Name": "nation", "Alias": "nation", "Startup Cost": 0.0, "Total Cost": 1.31, "Plan Rows": 1, "Plan Width": 4, "Filter": "(n_name = 'ALGERIA'::bpchar)"}, {"Node Type": "Seq Scan", "Parent Relationship": "Inner", "Relation Name": "supplier", "Alias": "supplier", "Startup Cost": 0.0, "Total Cost": 3283.0, "Plan Rows": 100000, "Plan Width": 63}]}, {"Node Type": "Materialize", "Parent Relationship": "Inner", "Startup Cost": 2182390.78, "Total Cost": 2477220.5, "Plan Rows": 2, "Plan Width": 16, "Plans": [{"Node Type": "Hash Join", "Parent Relationship": "Outer", "Join Type": "Inner", "Startup Cost": 2182390.78, "Total Cost": 2477220.49, "Plan Rows": 2, "Plan Width": 16, "Inner Unique": false, "Hash Cond": "((lineitem.l_partkey = partsupp.ps_partkey) AND (lineitem.l_suppkey = partsupp.ps_suppkey))", "Join Filter": "((partsupp.ps_availqty)::double precision > (.5::double precision * (sum(lineitem.l_quantity))))", "Plans": [{"Node Type": "Aggregate", "Strategy": "Hashed", "Parent Relationship": "Outer", "Startup Cost": 1956349.97, "Total Cost": 2069745.97, "Plan Rows": 9071680, "Plan Width": 40, "Group By Key": ["lineitem.l_partkey", "lineitem.l_suppkey"], "Plans": [{"Node Type": "Bitmap Heap Scan", "Parent Relationship": "Outer", "Relation Name": "lineitem", "Alias": "lineitem", "Startup Cost": 314312.97, "Total Cost": 1865633.17, "Plan Rows": 9071680, "Plan Width": 24, "Recheck Cond": "((l_shipdate >= '1993-01-01 00:00:00'::timestamp(0) without time zone) AND (l_shipdate < '1994-01-01 00:00:00'::timestamp without time zone)), (LLVM Optimized)", "Plans": [{"Node Type": "Bitmap Index Scan", "Parent Relationship": "Outer", "Index Name": "idx_lineitem_shipdate", "Startup Cost": 0.0, "Total Cost": 312045.05, "Plan Rows": 9071680, "Plan Width": 0, "Index Cond": "((l_shipdate >= '1993-01-01 00:00:00'::timestamp(0) without time zone) AND (l_shipdate < '1994-01-01 00:00:00'::timestamp without time zone))"}]}]}, {"Node Type": "Hash", "Parent Relationship": "Inner", "Startup Cost": 225072.53, "Total Cost": 225072.53, "Plan Rows": 64552, "Plan Width": 32, "Plans": [{"Node Type": "Nested Loop", "Parent Relationship": "Outer", "Join Type": "Inner", "Startup Cost": 0.0, "Total Cost": 225072.53, "Plan Rows": 64552, "Plan Width": 32, "Inner Unique": false, "Plans": [{"Node Type": "Seq Scan", "Parent Relationship": "Outer", "Relation Name": "part", "Alias": "part", "Startup Cost": 0.0, "Total Cost": 66944.0, "Plan Rows": 22472, "Plan Width": 8, "Filter": "((p_name)::text ~~ 'green%'::text)"}, {"Node Type": "Index Scan", "Parent Relationship": "Inner", "Scan Direction": "Forward", "Index Name": "idx_partsupp_partkey", "Relation Name": "partsupp", "Alias": "partsupp", "Startup Cost": 0.0, "Total Cost": 7.01, "Plan Rows": 3, "Plan Width": 24, "Index Cond": "(ps_partkey = part.p_partkey)"}]}]}]}]}]}]}, "Unique SQL Id": 202076520, "Planner Runtime": 2}, "explain_analyze_plan": {"Plan": {"Node Type": "Sort", "Startup Cost": 2481984.46, "Total Cost": 2481989.46, "Plan Rows": 2000, "Plan Width": 51, "Actual Startup Time": 75257.542, "Actual Total Time": 75257.731, "Actual Rows": 1746, "Actual Loops": 1, "Sort Key": ["supplier.s_name"], "Sort Method": "quicksort", "Sort Space Used": 309, "Sort Space Type": "Memory", "Plans": [{"Node Type": "Nested Loop", "Parent Relationship": "Outer", "Join Type": "Semi", "Startup Cost": 2182390.78, "Total Cost": 2481874.8, "Plan Rows": 2000, "Plan Width": 51, "Actual Startup Time": 24884.825, "Actual Total Time": 75250.351, "Actual Rows": 1746, "Actual Loops": 1, "Inner Unique": false, "Join Filter": "(supplier.s_suppkey = lineitem.l_suppkey)", "Rows Removed by Join Filter": 174379316, "Plans": [{"Node Type": "Nested Loop", "Parent Relationship": "Outer", "Join Type": "Inner", "Startup Cost": 0.0, "Total Cost": 4534.31, "Plan Rows": 4000, "Plan Width": 59, "Actual Startup Time": 0.059, "Actual Total Time": 72.815, "Actual Rows": 3934, "Actual Loops": 1, "Inner Unique": false, "Join Filter": "(supplier.s_nationkey = nation.n_nationkey)", "Rows Removed by Join Filter": 96066, "Plans": [{"Node Type": "Seq Scan", "Parent Relationship": "Outer", "Relation Name": "nation", "Alias": "nation", "Startup Cost": 0.0, "Total Cost": 1.31, "Plan Rows": 1, "Plan Width": 4, "Actual Startup Time": 0.023, "Actual Total Time": 0.107, "Actual Rows": 1, "Actual Loops": 1, "Filter": "(n_name = 'ALGERIA'::bpchar)", "Rows Removed by Filter": 24}, {"Node Type": "Seq Scan", "Parent Relationship": "Inner", "Relation Name": "supplier", "Alias": "supplier", "Startup Cost": 0.0, "Total Cost": 3283.0, "Plan Rows": 100000, "Plan Width": 63, "Actual Startup Time": 0.02, "Actual Total Time": 43.133, "Actual Rows": 100000, "Actual Loops": 1}]}, {"Node Type": "Materialize", "Parent Relationship": "Inner", "Startup Cost": 2182390.78, "Total Cost": 2477220.5, "Plan Rows": 2, "Plan Width": 16, "Actual Startup Time": 19734.578, "Actual Total Time": 42577.892, "Actual Rows": 174381062, "Actual Loops": 3934, "Plans": [{"Node Type": "Hash Join", "Parent Relationship": "Outer", "Join Type": "Inner", "Startup Cost": 2182390.78, "Total Cost": 2477220.49, "Plan Rows": 2, "Plan Width": 16, "Actual Startup Time": 19733.887, "Actual Total Time": 24838.392, "Actual Rows": 58537, "Actual Loops": 1, "Inner Unique": false, "Hash Cond": "((lineitem.l_partkey = partsupp.ps_partkey) AND (lineitem.l_suppkey = partsupp.ps_suppkey))", "Join Filter": "((partsupp.ps_availqty)::double precision > (.5::double precision * (sum(lineitem.l_quantity))))", "Rows Removed by Join Filter": 136, "Plans": [{"Node Type": "Aggregate", "Strategy": "Hashed", "Parent Relationship": "Outer", "Startup Cost": 1956349.97, "Total Cost": 2069745.97, "Plan Rows": 9071680, "Plan Width": 40, "Actual Startup Time": 18707.004, "Actual Total Time": 22236.746, "Actual Rows": 5442751, "Actual Loops": 1, "Group By Key": ["lineitem.l_partkey", "lineitem.l_suppkey"], "Plans": [{"Node Type": "Bitmap Heap Scan", "Parent Relationship": "Outer", "Relation Name": "lineitem", "Alias": "lineitem", "Startup Cost": 314312.97, "Total Cost": 1865633.17, "Plan Rows": 9071680, "Plan Width": 24, "Actual Startup Time": 3996.016, "Actual Total Time": 11648.282, "Actual Rows": 9109641, "Actual Loops": 1, "Recheck Cond": "((l_shipdate >= '1993-01-01 00:00:00'::timestamp(0) without time zone) AND (l_shipdate < '1994-01-01 00:00:00'::timestamp without time zone)), (LLVM Optimized, Jit Execute)", "Rows Removed by Index Recheck": 0, "Exact Heap Blocks": 1252335, "Lossy Heap Blocks": 1252335, "Plans": [{"Node Type": "Bitmap Index Scan", "Parent Relationship": "Outer", "Index Name": "idx_lineitem_shipdate", "Startup Cost": 0.0, "Total Cost": 312045.05, "Plan Rows": 9071680, "Plan Width": 0, "Actual Startup Time": 3413.023, "Actual Total Time": 3413.023, "Actual Rows": 9109641, "Actual Loops": 1, "Index Cond": "((l_shipdate >= '1993-01-01 00:00:00'::timestamp(0) without time zone) AND (l_shipdate < '1994-01-01 00:00:00'::timestamp without time zone))"}]}]}, {"Node Type": "Hash", "Parent Relationship": "Inner", "Startup Cost": 225072.53, "Total Cost": 225072.53, "Plan Rows": 64552, "Plan Width": 32, "Actual Startup Time": 1026.722, "Actual Total Time": 1026.722, "Actual Rows": 86224, "Actual Loops": 1, "Hash Buckets": 65536, "Hash Batches": 1, "Original Hash Batches": 1, "Peak Memory Usage": 5389, "Plans": [{"Node Type": "Nested Loop", "Parent Relationship": "Outer", "Join Type": "Inner", "Startup Cost": 0.0, "Total Cost": 225072.53, "Plan Rows": 64552, "Plan Width": 32, "Actual Startup Time": 0.041, "Actual Total Time": 990.064, "Actual Rows": 86224, "Actual Loops": 1, "Inner Unique": false, "Plans": [{"Node Type": "Seq Scan", "Parent Relationship": "Outer", "Relation Name": "part", "Alias": "part", "Startup Cost": 0.0, "Total Cost": 66944.0, "Plan Rows": 22472, "Plan Width": 8, "Actual Startup Time": 0.022, "Actual Total Time": 779.108, "Actual Rows": 21556, "Actual Loops": 1, "Filter": "((p_name)::text ~~ 'green%'::text)", "Rows Removed by Filter": 1978444}, {"Node Type": "Index Scan", "Parent Relationship": "Inner", "Scan Direction": "Forward", "Index Name": "idx_partsupp_partkey", "Relation Name": "partsupp", "Alias": "partsupp", "Startup Cost": 0.0, "Total Cost": 7.01, "Plan Rows": 3, "Plan Width": 24, "Actual Startup Time": 133.294, "Actual Total Time": 178.264, "Actual Rows": 86224, "Actual Loops": 21556, "Index Cond": "(ps_partkey = part.p_partkey)", "Rows Removed by Index Recheck": 0}]}]}]}]}]}]}, "Triggers": [], "Planner Runtime": 2, "Total Runtime": 75268.748, "Unique SQL Id": 202076520}}, "(16, 37)": {"explain_plan": {"Plan": {"Node Type": "Sort", "Startup Cost": 2522906.63, "Total Cost": 2522911.63, "Plan Rows": 2000, "Plan Width": 51, "Sort Key": ["supplier.s_name"], "Plans": [{"Node Type": "Nested Loop", "Parent Relationship": "Outer", "Join Type": "Semi", "Startup Cost": 2221250.03, "Total Cost": 2522796.97, "Plan Rows": 2000, "Plan Width": 51, "Inner Unique": false, "Join Filter": "(supplier.s_suppkey = lineitem.l_suppkey)", "Plans": [{"Node Type": "Nested Loop", "Parent Relationship": "Outer", "Join Type": "Inner", "Startup Cost": 0.0, "Total Cost": 6597.23, "Plan Rows": 4000, "Plan Width": 59, "Inner Unique": false, "Join Filter": "(supplier.s_nationkey = nation.n_nationkey)", "Plans": [{"Node Type": "Index Scan", "Parent Relationship": "Outer", "Scan Direction": "Forward", "Index Name": "nation_pkey", "Relation Name": "nation", "Alias": "nation", "Startup Cost": 0.0, "Total Cost": 12.69, "Plan Rows": 1, "Plan Width": 4, "Filter": "(n_name = 'ALGERIA'::bpchar)"}, {"Node Type": "Index Scan", "Parent Relationship": "Inner", "Scan Direction": "Forward", "Index Name": "supplier_pkey", "Relation Name": "supplier", "Alias": "supplier", "Startup Cost": 0.0, "Total Cost": 5334.54, "Plan Rows": 100000, "Plan Width": 63}]}, {"Node Type": "Materialize", "Parent Relationship": "Inner", "Startup Cost": 2221250.03, "Total Cost": 2516079.75, "Plan Rows": 2, "Plan Width": 16, "Plans": [{"Node Type": "Hash Join", "Parent Relationship": "Outer", "Join Type": "Inner", "Startup Cost": 2221250.03, "Total Cost": 2516079.74, "Plan Rows": 2, "Plan Width": 16, "Inner Unique": false, "Hash Cond": "((lineitem.l_partkey = partsupp.ps_partkey) AND (lineitem.l_suppkey = partsupp.ps_suppkey))", "Join Filter": "((partsupp.ps_availqty)::double precision > (.5::double precision * (sum(lineitem.l_quantity))))", "Plans": [{"Node Type": "Aggregate", "Strategy": "Hashed", "Parent Relationship": "Outer", "Startup Cost": 1956349.97, "Total Cost": 2069745.97, "Plan Rows": 9071680, "Plan Width": 40, "Group By Key": ["lineitem.l_partkey", "lineitem.l_suppkey"], "Plans": [{"Node Type": "Bitmap Heap Scan", "Parent Relationship": "Outer", "Relation Name": "lineitem", "Alias": "lineitem", "Startup Cost": 314312.97, "Total Cost": 1865633.17, "Plan Rows": 9071680, "Plan Width": 24, "Recheck Cond": "((l_shipdate >= '1993-01-01 00:00:00'::timestamp(0) without time zone) AND (l_shipdate < '1994-01-01 00:00:00'::timestamp without time zone)), (LLVM Optimized)", "Plans": [{"Node Type": "Bitmap Index Scan", "Parent Relationship": "Outer", "Index Name": "idx_lineitem_shipdate", "Startup Cost": 0.0, "Total Cost": 312045.05, "Plan Rows": 9071680, "Plan Width": 0, "Index Cond": "((l_shipdate >= '1993-01-01 00:00:00'::timestamp(0) without time zone) AND (l_shipdate < '1994-01-01 00:00:00'::timestamp without time zone))"}]}]}, {"Node Type": "Hash", "Parent Relationship": "Inner", "Startup Cost": 263931.78, "Total Cost": 263931.78, "Plan Rows": 64552, "Plan Width": 32, "Plans": [{"Node Type": "Nested Loop", "Parent Relationship": "Outer", "Join Type": "Inner", "Startup Cost": 0.0, "Total Cost": 263931.78, "Plan Rows": 64552, "Plan Width": 32, "Inner Unique": false, "Plans": [{"Node Type": "Index Scan", "Parent Relationship": "Outer", "Scan Direction": "Forward", "Index Name": "part_kpey", "Relation Name": "part", "Alias": "part", "Startup Cost": 0.0, "Total Cost": 105803.25, "Plan Rows": 22472, "Plan Width": 8, "Filter": "((p_name)::text ~~ 'green%'::text)"}, {"Node Type": "Index Scan", "Parent Relationship": "Inner", "Scan Direction": "Forward", "Index Name": "idx_partsupp_partkey", "Relation Name": "partsupp", "Alias": "partsupp", "Startup Cost": 0.0, "Total Cost": 7.01, "Plan Rows": 3, "Plan Width": 24, "Index Cond": "(ps_partkey = part.p_partkey)"}]}]}]}]}]}]}, "Unique SQL Id": 202076520, "Planner Runtime": 2}, "explain_analyze_plan": {"Plan": {"Node Type": "Sort", "Startup Cost": 2522906.63, "Total Cost": 2522911.63, "Plan Rows": 2000, "Plan Width": 51, "Actual Startup Time": 75367.468, "Actual Total Time": 75367.626, "Actual Rows": 1746, "Actual Loops": 1, "Sort Key": ["supplier.s_name"], "Sort Method": "quicksort", "Sort Space Used": 309, "Sort Space Type": "Memory", "Plans": [{"Node Type": "Nested Loop", "Parent Relationship": "Outer", "Join Type": "Semi", "Startup Cost": 2221250.03, "Total Cost": 2522796.97, "Plan Rows": 2000, "Plan Width": 51, "Actual Startup Time": 25132.456, "Actual Total Time": 75363.195, "Actual Rows": 1746, "Actual Loops": 1, "Inner Unique": false, "Join Filter": "(supplier.s_suppkey = lineitem.l_suppkey)", "Rows Removed by Join Filter": 174379316, "Plans": [{"Node Type": "Nested Loop", "Parent Relationship": "Outer", "Join Type": "Inner", "Startup Cost": 0.0, "Total Cost": 6597.23, "Plan Rows": 4000, "Plan Width": 59, "Actual Startup Time": 0.065, "Actual Total Time": 102.229, "Actual Rows": 3934, "Actual Loops": 1, "Inner Unique": false, "Join Filter": "(supplier.s_nationkey = nation.n_nationkey)", "Rows Removed by Join Filter": 96066, "Plans": [{"Node Type": "Index Scan", "Parent Relationship": "Outer", "Scan Direction": "Forward", "Index Name": "nation_pkey", "Relation Name": "nation", "Alias": "nation", "Startup Cost": 0.0, "Total Cost": 12.69, "Plan Rows": 1, "Plan Width": 4, "Actual Startup Time": 0.02, "Actual Total Time": 0.051, "Actual Rows": 1, "Actual Loops": 1, "Filter": "(n_name = 'ALGERIA'::bpchar)", "Rows Removed by Filter": 24}, {"Node Type": "Index Scan", "Parent Relationship": "Inner", "Scan Direction": "Forward", "Index Name": "supplier_pkey", "Relation Name": "supplier", "Alias": "supplier", "Startup Cost": 0.0, "Total Cost": 5334.54, "Plan Rows": 100000, "Plan Width": 63, "Actual Startup Time": 0.02, "Actual Total Time": 74.582, "Actual Rows": 100000, "Actual Loops": 1}]}, {"Node Type": "Materialize", "Parent Relationship": "Inner", "Startup Cost": 2221250.03, "Total Cost": 2516079.75, "Plan Rows": 2, "Plan Width": 16, "Actual Startup Time": 20683.912, "Actual Total Time": 42677.904, "Actual Rows": 174381062, "Actual Loops": 3934, "Plans": [{"Node Type": "Hash Join", "Parent Relationship": "Outer", "Join Type": "Inner", "Startup Cost": 2221250.03, "Total Cost": 2516079.74, "Plan Rows": 2, "Plan Width": 16, "Actual Startup Time": 20683.198, "Actual Total Time": 25088.125, "Actual Rows": 58537, "Actual Loops": 1, "Inner Unique": false, "Hash Cond": "((lineitem.l_partkey = partsupp.ps_partkey) AND (lineitem.l_suppkey = partsupp.ps_suppkey))", "Join Filter": "((partsupp.ps_availqty)::double precision > (.5::double precision * (sum(lineitem.l_quantity))))", "Rows Removed by Join Filter": 136, "Plans": [{"Node Type": "Aggregate", "Strategy": "Hashed", "Parent Relationship": "Outer", "Startup Cost": 1956349.97, "Total Cost": 2069745.97, "Plan Rows": 9071680, "Plan Width": 40, "Actual Startup Time": 18932.217, "Actual Total Time": 21795.026, "Actual Rows": 5442751, "Actual Loops": 1, "Group By Key": ["lineitem.l_partkey", "lineitem.l_suppkey"], "Plans": [{"Node Type": "Bitmap Heap Scan", "Parent Relationship": "Outer", "Relation Name": "lineitem", "Alias": "lineitem", "Startup Cost": 314312.97, "Total Cost": 1865633.17, "Plan Rows": 9071680, "Plan Width": 24, "Actual Startup Time": 3614.243, "Actual Total Time": 11188.764, "Actual Rows": 9109641, "Actual Loops": 1, "Recheck Cond": "((l_shipdate >= '1993-01-01 00:00:00'::timestamp(0) without time zone) AND (l_shipdate < '1994-01-01 00:00:00'::timestamp without time zone)), (LLVM Optimized, Jit Execute)", "Rows Removed by Index Recheck": 0, "Exact Heap Blocks": 1252335, "Lossy Heap Blocks": 1252335, "Plans": [{"Node Type": "Bitmap Index Scan", "Parent Relationship": "Outer", "Index Name": "idx_lineitem_shipdate", "Startup Cost": 0.0, "Total Cost": 312045.05, "Plan Rows": 9071680, "Plan Width": 0, "Actual Startup Time": 3062.184, "Actual Total Time": 3062.184, "Actual Rows": 9109641, "Actual Loops": 1, "Index Cond": "((l_shipdate >= '1993-01-01 00:00:00'::timestamp(0) without time zone) AND (l_shipdate < '1994-01-01 00:00:00'::timestamp without time zone))"}]}]}, {"Node Type": "Hash", "Parent Relationship": "Inner", "Startup Cost": 263931.78, "Total Cost": 263931.78, "Plan Rows": 64552, "Plan Width": 32, "Actual Startup Time": 1750.851, "Actual Total Time": 1750.851, "Actual Rows": 86224, "Actual Loops": 1, "Hash Buckets": 65536, "Hash Batches": 1, "Original Hash Batches": 1, "Peak Memory Usage": 5389, "Plans": [{"Node Type": "Nested Loop", "Parent Relationship": "Outer", "Join Type": "Inner", "Startup Cost": 0.0, "Total Cost": 263931.78, "Plan Rows": 64552, "Plan Width": 32, "Actual Startup Time": 0.053, "Actual Total Time": 1717.824, "Actual Rows": 86224, "Actual Loops": 1, "Inner Unique": false, "Plans": [{"Node Type": "Index Scan", "Parent Relationship": "Outer", "Scan Direction": "Forward", "Index Name": "part_kpey", "Relation Name": "part", "Alias": "part", "Startup Cost": 0.0, "Total Cost": 105803.25, "Plan Rows": 22472, "Plan Width": 8, "Actual Startup Time": 0.04, "Actual Total Time": 1522.231, "Actual Rows": 21556, "Actual Loops": 1, "Filter": "((p_name)::text ~~ 'green%'::text)", "Rows Removed by Filter": 1978444}, {"Node Type": "Index Scan", "Parent Relationship": "Inner", "Scan Direction": "Forward", "Index Name": "idx_partsupp_partkey", "Relation Name": "partsupp", "Alias": "partsupp", "Startup Cost": 0.0, "Total Cost": 7.01, "Plan Rows": 3, "Plan Width": 24, "Actual Startup Time": 115.559, "Actual Total Time": 161.654, "Actual Rows": 86224, "Actual Loops": 21556, "Index Cond": "(ps_partkey = part.p_partkey)", "Rows Removed by Index Recheck": 0}]}]}]}]}]}]}, "Triggers": [], "Planner Runtime": 2, "Total Runtime": 75378.492, "Unique SQL Id": 202076520}}, "(16, 38)": {"explain_plan": {"Plan": {"Node Type": "Sort", "Startup Cost": 2614774.64, "Total Cost": 2614779.64, "Plan Rows": 2000, "Plan Width": 51, "Sort Key": ["supplier.s_name"], "Plans": [{"Node Type": "Nested Loop", "Parent Relationship": "Outer", "Join Type": "Semi", "Startup Cost": 2315180.96, "Total Cost": 2614664.98, "Plan Rows": 2000, "Plan Width": 51, "Inner Unique": false, "Join Filter": "(supplier.s_suppkey = lineitem.l_suppkey)", "Plans": [{"Node Type": "Nested Loop", "Parent Relationship": "Outer", "Join Type": "Inner", "Startup Cost": 0.0, "Total Cost": 4534.31, "Plan Rows": 4000, "Plan Width": 59, "Inner Unique": false, "Join Filter": "(supplier.s_nationkey = nation.n_nationkey)", "Plans": [{"Node Type": "Seq Scan", "Parent Relationship": "Outer", "Relation Name": "nation", "Alias": "nation", "Startup Cost": 0.0, "Total Cost": 1.31, "Plan Rows": 1, "Plan Width": 4, "Filter": "(n_name = 'ALGERIA'::bpchar)"}, {"Node Type": "Seq Scan", "Parent Relationship": "Inner", "Relation Name": "supplier", "Alias": "supplier", "Startup Cost": 0.0, "Total Cost": 3283.0, "Plan Rows": 100000, "Plan Width": 63}]}, {"Node Type": "Materialize", "Parent Relationship": "Inner", "Startup Cost": 2315180.96, "Total Cost": 2610010.68, "Plan Rows": 2, "Plan Width": 16, "Plans": [{"Node Type": "Hash Join", "Parent Relationship": "Outer", "Join Type": "Inner", "Startup Cost": 2315180.96, "Total Cost": 2610010.67, "Plan Rows": 2, "Plan Width": 16, "Inner Unique": false, "Hash Cond": "((lineitem.l_partkey = partsupp.ps_partkey) AND (lineitem.l_suppkey = partsupp.ps_suppkey))", "Join Filter": "((partsupp.ps_availqty)::double precision > (.5::double precision * (sum(lineitem.l_quantity))))", "Plans": [{"Node Type": "Aggregate", "Strategy": "Hashed", "Parent Relationship": "Outer", "Startup Cost": 1956349.97, "Total Cost": 2069745.97, "Plan Rows": 9071680, "Plan Width": 40, "Group By Key": ["lineitem.l_partkey", "lineitem.l_suppkey"], "Plans": [{"Node Type": "Bitmap Heap Scan", "Parent Relationship": "Outer", "Relation Name": "lineitem", "Alias": "lineitem", "Startup Cost": 314312.97, "Total Cost": 1865633.17, "Plan Rows": 9071680, "Plan Width": 24, "Recheck Cond": "((l_shipdate >= '1993-01-01 00:00:00'::timestamp(0) without time zone) AND (l_shipdate < '1994-01-01 00:00:00'::timestamp without time zone)), (LLVM Optimized)", "Plans": [{"Node Type": "Bitmap Index Scan", "Parent Relationship": "Outer", "Index Name": "idx_lineitem_shipdate", "Startup Cost": 0.0, "Total Cost": 312045.05, "Plan Rows": 9071680, "Plan Width": 0, "Index Cond": "((l_shipdate >= '1993-01-01 00:00:00'::timestamp(0) without time zone) AND (l_shipdate < '1994-01-01 00:00:00'::timestamp without time zone))"}]}]}, {"Node Type": "Hash", "Parent Relationship": "Inner", "Startup Cost": 357862.71, "Total Cost": 357862.71, "Plan Rows": 64552, "Plan Width": 32, "Plans": [{"Node Type": "Hash Join", "Parent Relationship": "Outer", "Join Type": "Inner", "Startup Cost": 67224.9, "Total Cost": 357862.71, "Plan Rows": 64552, "Plan Width": 32, "Inner Unique": true, "Hash Cond": "(partsupp.ps_partkey = part.p_partkey)", "Plans": [{"Node Type": "Seq Scan", "Parent Relationship": "Outer", "Relation Name": "partsupp", "Alias": "partsupp", "Startup Cost": 0.0, "Total Cost": 269987.72, "Plan Rows": 8000372, "Plan Width": 24}, {"Node Type": "Hash", "Parent Relationship": "Inner", "Startup Cost": 66944.0, "Total Cost": 66944.0, "Plan Rows": 22472, "Plan Width": 8, "Plans": [{"Node Type": "Seq Scan", "Parent Relationship": "Outer", "Relation Name": "part", "Alias": "part", "Startup Cost": 0.0, "Total Cost": 66944.0, "Plan Rows": 22472, "Plan Width": 8, "Filter": "((p_name)::text ~~ 'green%'::text)"}]}]}]}]}]}]}]}, "Unique SQL Id": 202076520, "Planner Runtime": 2}, "explain_analyze_plan": {"Plan": {"Node Type": "Sort", "Startup Cost": 2614774.64, "Total Cost": 2614779.64, "Plan Rows": 2000, "Plan Width": 51, "Actual Startup Time": 79266.155, "Actual Total Time": 79266.324, "Actual Rows": 1746, "Actual Loops": 1, "Sort Key": ["supplier.s_name"], "Sort Method": "quicksort", "Sort Space Used": 309, "Sort Space Type": "Memory", "Plans": [{"Node Type": "Nested Loop", "Parent Relationship": "Outer", "Join Type": "Semi", "Startup Cost": 2315180.96, "Total Cost": 2614664.98, "Plan Rows": 2000, "Plan Width": 51, "Actual Startup Time": 29386.016, "Actual Total Time": 79258.907, "Actual Rows": 1746, "Actual Loops": 1, "Inner Unique": false, "Join Filter": "(supplier.s_suppkey = lineitem.l_suppkey)", "Rows Removed by Join Filter": 174379316, "Plans": [{"Node Type": "Nested Loop", "Parent Relationship": "Outer", "Join Type": "Inner", "Startup Cost": 0.0, "Total Cost": 4534.31, "Plan Rows": 4000, "Plan Width": 59, "Actual Startup Time": 0.063, "Actual Total Time": 73.076, "Actual Rows": 3934, "Actual Loops": 1, "Inner Unique": false, "Join Filter": "(supplier.s_nationkey = nation.n_nationkey)", "Rows Removed by Join Filter": 96066, "Plans": [{"Node Type": "Seq Scan", "Parent Relationship": "Outer", "Relation Name": "nation", "Alias": "nation", "Startup Cost": 0.0, "Total Cost": 1.31, "Plan Rows": 1, "Plan Width": 4, "Actual Startup Time": 0.026, "Actual Total Time": 0.11, "Actual Rows": 1, "Actual Loops": 1, "Filter": "(n_name = 'ALGERIA'::bpchar)", "Rows Removed by Filter": 24}, {"Node Type": "Seq Scan", "Parent Relationship": "Inner", "Relation Name": "supplier", "Alias": "supplier", "Startup Cost": 0.0, "Total Cost": 3283.0, "Plan Rows": 100000, "Plan Width": 63, "Actual Startup Time": 0.02, "Actual Total Time": 43.562, "Actual Rows": 100000, "Actual Loops": 1}]}, {"Node Type": "Materialize", "Parent Relationship": "Inner", "Startup Cost": 2315180.96, "Total Cost": 2610010.68, "Plan Rows": 2, "Plan Width": 16, "Actual Startup Time": 24477.548, "Actual Total Time": 46672.343, "Actual Rows": 174381062, "Actual Loops": 3934, "Plans": [{"Node Type": "Hash Join", "Parent Relationship": "Outer", "Join Type": "Inner", "Startup Cost": 2315180.96, "Total Cost": 2610010.67, "Plan Rows": 2, "Plan Width": 16, "Actual Startup Time": 24476.828, "Actual Total Time": 29340.497, "Actual Rows": 58537, "Actual Loops": 1, "Inner Unique": false, "Hash Cond": "((lineitem.l_partkey = partsupp.ps_partkey) AND (lineitem.l_suppkey = partsupp.ps_suppkey))", "Join Filter": "((partsupp.ps_availqty)::double precision > (.5::double precision * (sum(lineitem.l_quantity))))", "Rows Removed by Join Filter": 136, "Plans": [{"Node Type": "Aggregate", "Strategy": "Hashed", "Parent Relationship": "Outer", "Startup Cost": 1956349.97, "Total Cost": 2069745.97, "Plan Rows": 9071680, "Plan Width": 40, "Actual Startup Time": 19726.375, "Actual Total Time": 23025.115, "Actual Rows": 5442751, "Actual Loops": 1, "Group By Key": ["lineitem.l_partkey", "lineitem.l_suppkey"], "Plans": [{"Node Type": "Bitmap Heap Scan", "Parent Relationship": "Outer", "Relation Name": "lineitem", "Alias": "lineitem", "Startup Cost": 314312.97, "Total Cost": 1865633.17, "Plan Rows": 9071680, "Plan Width": 24, "Actual Startup Time": 4313.512, "Actual Total Time": 11896.6, "Actual Rows": 9109641, "Actual Loops": 1, "Recheck Cond": "((l_shipdate >= '1993-01-01 00:00:00'::timestamp(0) without time zone) AND (l_shipdate < '1994-01-01 00:00:00'::timestamp without time zone)), (LLVM Optimized, Jit Execute)", "Rows Removed by Index Recheck": 0, "Exact Heap Blocks": 1252335, "Lossy Heap Blocks": 1252335, "Plans": [{"Node Type": "Bitmap Index Scan", "Parent Relationship": "Outer", "Index Name": "idx_lineitem_shipdate", "Startup Cost": 0.0, "Total Cost": 312045.05, "Plan Rows": 9071680, "Plan Width": 0, "Actual Startup Time": 3588.878, "Actual Total Time": 3588.878, "Actual Rows": 9109641, "Actual Loops": 1, "Index Cond": "((l_shipdate >= '1993-01-01 00:00:00'::timestamp(0) without time zone) AND (l_shipdate < '1994-01-01 00:00:00'::timestamp without time zone))"}]}]}, {"Node Type": "Hash", "Parent Relationship": "Inner", "Startup Cost": 357862.71, "Total Cost": 357862.71, "Plan Rows": 64552, "Plan Width": 32, "Actual Startup Time": 4750.038, "Actual Total Time": 4750.038, "Actual Rows": 86224, "Actual Loops": 1, "Hash Buckets": 65536, "Hash Batches": 1, "Original Hash Batches": 1, "Peak Memory Usage": 5389, "Plans": [{"Node Type": "Hash Join", "Parent Relationship": "Outer", "Join Type": "Inner", "Startup Cost": 67224.9, "Total Cost": 357862.71, "Plan Rows": 64552, "Plan Width": 32, "Actual Startup Time": 775.942, "Actual Total Time": 4709.468, "Actual Rows": 86224, "Actual Loops": 1, "Inner Unique": true, "Hash Cond": "(partsupp.ps_partkey = part.p_partkey)", "Plans": [{"Node Type": "Seq Scan", "Parent Relationship": "Outer", "Relation Name": "partsupp", "Alias": "partsupp", "Startup Cost": 0.0, "Total Cost": 269987.72, "Plan Rows": 8000372, "Plan Width": 24, "Actual Startup Time": 0.01, "Actual Total Time": 2396.567, "Actual Rows": 8000000, "Actual Loops": 1}, {"Node Type": "Hash", "Parent Relationship": "Inner", "Startup Cost": 66944.0, "Total Cost": 66944.0, "Plan Rows": 22472, "Plan Width": 8, "Actual Startup Time": 775.797, "Actual Total Time": 775.797, "Actual Rows": 21556, "Actual Loops": 1, "Hash Buckets": 32768, "Hash Batches": 1, "Original Hash Batches": 1, "Peak Memory Usage": 843, "Plans": [{"Node Type": "Seq Scan", "Parent Relationship": "Outer", "Relation Name": "part", "Alias": "part", "Startup Cost": 0.0, "Total Cost": 66944.0, "Plan Rows": 22472, "Plan Width": 8, "Actual Startup Time": 0.025, "Actual Total Time": 768.271, "Actual Rows": 21556, "Actual Loops": 1, "Filter": "((p_name)::text ~~ 'green%'::text)", "Rows Removed by Filter": 1978444}]}]}]}]}]}]}]}, "Triggers": [], "Planner Runtime": 2, "Total Runtime": 79277.75, "Unique SQL Id": 202076520}}, "(16, 39)": {"explain_plan": {"Plan": {"Node Type": "Sort", "Startup Cost": 41474309.17, "Total Cost": 41474314.17, "Plan Rows": 2000, "Plan Width": 51, "Sort Key": ["supplier.s_name"], "Plans": [{"Node Type": "Nested Loop", "Parent Relationship": "Outer", "Join Type": "Inner", "Startup Cost": 41260049.96, "Total Cost": 41474199.51, "Plan Rows": 2000, "Plan Width": 51, "Inner Unique": true, "Plans": [{"Node Type": "Nested Loop", "Parent Relationship": "Outer", "Join Type": "Inner", "Startup Cost": 41260049.7, "Total Cost": 41260058.01, "Plan Rows": 50000, "Plan Width": 55, "Inner Unique": true, "Plans": [{"Node Type": "Unique", "Parent Relationship": "Outer", "Startup Cost": 41260049.44, "Total Cost": 41260049.45, "Plan Rows": 2, "Plan Width": 16, "Plans": [{"Node Type": "Sort", "Parent Relationship": "Outer", "Startup Cost": 41260049.44, "Total Cost": 41260049.45, "Plan Rows": 2, "Plan Width": 16, "Sort Key": ["partsupp.ps_suppkey"], "Plans": [{"Node Type": "Nested Loop", "Parent Relationship": "Outer", "Join Type": "Semi", "Startup Cost": 1956350.51, "Total Cost": 41260049.43, "Plan Rows": 2, "Plan Width": 16, "Inner Unique": false, "Join Filter": "(partsupp.ps_partkey = part.p_partkey)", "Plans": [{"Node Type": "Nested Loop", "Parent Relationship": "Outer", "Join Type": "Inner", "Startup Cost": 1956350.25, "Total Cost": 41259981.09, "Plan Rows": 15, "Plan Width": 32, "Inner Unique": true, "Plans": [{"Node Type": "Aggregate", "Strategy": "Hashed", "Parent Relationship": "Outer", "Startup Cost": 1956349.97, "Total Cost": 2069745.97, "Plan Rows": 9071680, "Plan Width": 40, "Group By Key": ["lineitem.l_partkey", "lineitem.l_suppkey"], "Plans": [{"Node Type": "Bitmap Heap Scan", "Parent Relationship": "Outer", "Relation Name": "lineitem", "Alias": "lineitem", "Startup Cost": 314312.97, "Total Cost": 1865633.17, "Plan Rows": 9071680, "Plan Width": 24, "Recheck Cond": "((l_shipdate >= '1993-01-01 00:00:00'::timestamp(0) without time zone) AND (l_shipdate < '1994-01-01 00:00:00'::timestamp without time zone)), (LLVM Optimized)", "Plans": [{"Node Type": "Bitmap Index Scan", "Parent Relationship": "Outer", "Index Name": "idx_lineitem_shipdate", "Startup Cost": 0.0, "Total Cost": 312045.05, "Plan Rows": 9071680, "Plan Width": 0, "Index Cond": "((l_shipdate >= '1993-01-01 00:00:00'::timestamp(0) without time zone) AND (l_shipdate < '1994-01-01 00:00:00'::timestamp without time zone))"}]}]}, {"Node Type": "Bitmap Heap Scan", "Parent Relationship": "Inner", "Relation Name": "partsupp", "Alias": "partsupp", "Startup Cost": 0.28, "Total Cost": 4.3, "Plan Rows": 1, "Plan Width": 24, "Recheck Cond": "((ps_partkey = lineitem.l_partkey) AND (ps_suppkey = lineitem.l_suppkey))", "Filter": "((ps_availqty)::double precision > (.5::double precision * (sum(lineitem.l_quantity))))", "Plans": [{"Node Type": "Bitmap Index Scan", "Parent Relationship": "Outer", "Index Name": "partsupp_pkey", "Startup Cost": 0.0, "Total Cost": 0.28, "Plan Rows": 1, "Plan Width": 0, "Index Cond": "((ps_partkey = lineitem.l_partkey) AND (ps_suppkey = lineitem.l_suppkey))"}]}]}, {"Node Type": "Bitmap Heap Scan", "Parent Relationship": "Inner", "Relation Name": "part", "Alias": "part", "Startup Cost": 0.26, "Total Cost": 4.28, "Plan Rows": 1, "Plan Width": 8, "Recheck Cond": "(p_partkey = lineitem.l_partkey)", "Filter": "((p_name)::text ~~ 'green%'::text)", "Plans": [{"Node Type": "Bitmap Index Scan", "Parent Relationship": "Outer", "Index Name": "part_kpey", "Startup Cost": 0.0, "Total Cost": 0.26, "Plan Rows": 1, "Plan Width": 0, "Index Cond": "(p_partkey = lineitem.l_partkey)"}]}]}]}]}, {"Node Type": "Bitmap Heap Scan", "Parent Relationship": "Inner", "Relation Name": "supplier", "Alias": "supplier", "Startup Cost": 0.26, "Total Cost": 4.27, "Plan Rows": 1, "Plan Width": 63, "Recheck Cond": "(s_suppkey = lineitem.l_suppkey)", "Plans": [{"Node Type": "Bitmap Index Scan", "Parent Relationship": "Outer", "Index Name": "supplier_pkey", "Startup Cost": 0.0, "Total Cost": 0.26, "Plan Rows": 1, "Plan Width": 0, "Index Cond": "(s_suppkey = lineitem.l_suppkey)"}]}]}, {"Node Type": "Bitmap Heap Scan", "Parent Relationship": "Inner", "Relation Name": "nation", "Alias": "nation", "Startup Cost": 0.26, "Total Cost": 4.27, "Plan Rows": 1, "Plan Width": 4, "Recheck Cond": "(n_nationkey = supplier.s_nationkey)", "Filter": "(n_name = 'ALGERIA'::bpchar)", "Plans": [{"Node Type": "Bitmap Index Scan", "Parent Relationship": "Outer", "Index Name": "nation_pkey", "Startup Cost": 0.0, "Total Cost": 0.26, "Plan Rows": 1, "Plan Width": 0, "Index Cond": "(n_nationkey = supplier.s_nationkey)"}]}]}]}, "Unique SQL Id": 202076520, "Planner Runtime": 2}, "explain_analyze_plan": {"Plan": {"Node Type": "Sort", "Startup Cost": 41474309.17, "Total Cost": 41474314.17, "Plan Rows": 2000, "Plan Width": 51, "Actual Startup Time": 128888.36, "Actual Total Time": 128888.508, "Actual Rows": 1746, "Actual Loops": 1, "Sort Key": ["supplier.s_name"], "Sort Method": "quicksort", "Sort Space Used": 309, "Sort Space Type": "Memory", "Plans": [{"Node Type": "Nested Loop", "Parent Relationship": "Outer", "Join Type": "Inner", "Startup Cost": 41260049.96, "Total Cost": 41474199.51, "Plan Rows": 2000, "Plan Width": 51, "Actual Startup Time": 128475.92, "Actual Total Time": 128886.43, "Actual Rows": 1746, "Actual Loops": 1, "Inner Unique": true, "Plans": [{"Node Type": "Nested Loop", "Parent Relationship": "Outer", "Join Type": "Inner", "Startup Cost": 41260049.7, "Total Cost": 41260058.01, "Plan Rows": 50000, "Plan Width": 55, "Actual Startup Time": 128475.528, "Actual Total Time": 128715.763, "Actual Rows": 44487, "Actual Loops": 1, "Inner Unique": true, "Plans": [{"Node Type": "Unique", "Parent Relationship": "Outer", "Startup Cost": 41260049.44, "Total Cost": 41260049.45, "Plan Rows": 2, "Plan Width": 16, "Actual Startup Time": 128475.469, "Actual Total Time": 128506.031, "Actual Rows": 44487, "Actual Loops": 1, "Plans": [{"Node Type": "Sort", "Parent Relationship": "Outer", "Startup Cost": 41260049.44, "Total Cost": 41260049.45, "Plan Rows": 2, "Plan Width": 16, "Actual Startup Time": 128475.464, "Actual Total Time": 128488.423, "Actual Rows": 58537, "Actual Loops": 1, "Sort Key": ["partsupp.ps_suppkey"], "Sort Method": "quicksort", "Sort Space Used": 7024, "Sort Space Type": "Memory", "Plans": [{"Node Type": "Nested Loop", "Parent Relationship": "Outer", "Join Type": "Semi", "Startup Cost": 1956350.51, "Total Cost": 41260049.43, "Plan Rows": 2, "Plan Width": 16, "Actual Startup Time": 19211.651, "Actual Total Time": 128395.823, "Actual Rows": 58537, "Actual Loops": 1, "Inner Unique": false, "Join Filter": "(partsupp.ps_partkey = part.p_partkey)", "Rows Removed by Join Filter": 0, "Plans": [{"Node Type": "Nested Loop", "Parent Relationship": "Outer", "Join Type": "Inner", "Startup Cost": 1956350.25, "Total Cost": 41259981.09, "Plan Rows": 15, "Plan Width": 32, "Actual Startup Time": 19211.227, "Actual Total Time": 79847.531, "Actual Rows": 5431247, "Actual Loops": 1, "Inner Unique": true, "Plans": [{"Node Type": "Aggregate", "Strategy": "Hashed", "Parent Relationship": "Outer", "Startup Cost": 1956349.97, "Total Cost": 2069745.97, "Plan Rows": 9071680, "Plan Width": 40, "Actual Startup Time": 19211.091, "Actual Total Time": 24301.465, "Actual Rows": 5442751, "Actual Loops": 1, "Group By Key": ["lineitem.l_partkey", "lineitem.l_suppkey"], "Plans": [{"Node Type": "Bitmap Heap Scan", "Parent Relationship": "Outer", "Relation Name": "lineitem", "Alias": "lineitem", "Startup Cost": 314312.97, "Total Cost": 1865633.17, "Plan Rows": 9071680, "Plan Width": 24, "Actual Startup Time": 4429.203, "Actual Total Time": 12148.373, "Actual Rows": 9109641, "Actual Loops": 1, "Recheck Cond": "((l_shipdate >= '1993-01-01 00:00:00'::timestamp(0) without time zone) AND (l_shipdate < '1994-01-01 00:00:00'::timestamp without time zone)), (LLVM Optimized, Jit Execute)", "Rows Removed by Index Recheck": 0, "Exact Heap Blocks": 1252335, "Lossy Heap Blocks": 1252335, "Plans": [{"Node Type": "Bitmap Index Scan", "Parent Relationship": "Outer", "Index Name": "idx_lineitem_shipdate", "Startup Cost": 0.0, "Total Cost": 312045.05, "Plan Rows": 9071680, "Plan Width": 0, "Actual Startup Time": 3725.891, "Actual Total Time": 3725.891, "Actual Rows": 9109641, "Actual Loops": 1, "Index Cond": "((l_shipdate >= '1993-01-01 00:00:00'::timestamp(0) without time zone) AND (l_shipdate < '1994-01-01 00:00:00'::timestamp without time zone))"}]}]}, {"Node Type": "Bitmap Heap Scan", "Parent Relationship": "Inner", "Relation Name": "partsupp", "Alias": "partsupp", "Startup Cost": 0.28, "Total Cost": 4.3, "Plan Rows": 1, "Plan Width": 24, "Actual Startup Time": 47744.0, "Actual Total Time": 47744.0, "Actual Rows": 5431247, "Actual Loops": 5442751, "Recheck Cond": "((ps_partkey = lineitem.l_partkey) AND (ps_suppkey = lineitem.l_suppkey))", "Rows Removed by Index Recheck": 0, "Filter": "((ps_availqty)::double precision > (.5::double precision * (sum(lineitem.l_quantity))))", "Rows Removed by Filter": 11504, "Exact Heap Blocks": 5442751, "Lossy Heap Blocks": 5442751, "Plans": [{"Node Type": "Bitmap Index Scan", "Parent Relationship": "Outer", "Index Name": "partsupp_pkey", "Startup Cost": 0.0, "Total Cost": 0.28, "Plan Rows": 1, "Plan Width": 0, "Actual Startup Time": 28969.237, "Actual Total Time": 28969.237, "Actual Rows": 5442751, "Actual Loops": 5442751, "Index Cond": "((ps_partkey = lineitem.l_partkey) AND (ps_suppkey = lineitem.l_suppkey))"}]}]}, {"Node Type": "Bitmap Heap Scan", "Parent Relationship": "Inner", "Relation Name": "part", "Alias": "part", "Startup Cost": 0.26, "Total Cost": 4.28, "Plan Rows": 1, "Plan Width": 8, "Actual Startup Time": 42398.618, "Actual Total Time": 42398.618, "Actual Rows": 58537, "Actual Loops": 5431247, "Recheck Cond": "(p_partkey = lineitem.l_partkey)", "Rows Removed by Index Recheck": 0, "Filter": "((p_name)::text ~~ 'green%'::text)", "Rows Removed by Filter": 5372710, "Exact Heap Blocks": 5431247, "Lossy Heap Blocks": 5431247, "Plans": [{"Node Type": "Bitmap Index Scan", "Parent Relationship": "Outer", "Index Name": "part_kpey", "Startup Cost": 0.0, "Total Cost": 0.26, "Plan Rows": 1, "Plan Width": 0, "Actual Startup Time": 24845.499, "Actual Total Time": 24845.499, "Actual Rows": 5431247, "Actual Loops": 5431247, "Index Cond": "(p_partkey = lineitem.l_partkey)"}]}]}]}]}, {"Node Type": "Bitmap Heap Scan", "Parent Relationship": "Inner", "Relation Name": "supplier", "Alias": "supplier", "Startup Cost": 0.26, "Total Cost": 4.27, "Plan Rows": 1, "Plan Width": 63, "Actual Startup Time": 150.562, "Actual Total Time": 150.562, "Actual Rows": 44487, "Actual Loops": 44487, "Recheck Cond": "(s_suppkey = lineitem.l_suppkey)", "Rows Removed by Index Recheck": 0, "Exact Heap Blocks": 44487, "Lossy Heap Blocks": 44487, "Plans": [{"Node Type": "Bitmap Index Scan", "Parent Relationship": "Outer", "Index Name": "supplier_pkey", "Startup Cost": 0.0, "Total Cost": 0.26, "Plan Rows": 1, "Plan Width": 0, "Actual Startup Time": 82.325, "Actual Total Time": 82.325, "Actual Rows": 44487, "Actual Loops": 44487, "Index Cond": "(s_suppkey = lineitem.l_suppkey)"}]}]}, {"Node Type": "Bitmap Heap Scan", "Parent Relationship": "Inner", "Relation Name": "nation", "Alias": "nation", "Startup Cost": 0.26, "Total Cost": 4.27, "Plan Rows": 1, "Plan Width": 4, "Actual Startup Time": 120.985, "Actual Total Time": 120.985, "Actual Rows": 1746, "Actual Loops": 44487, "Recheck Cond": "(n_nationkey = supplier.s_nationkey)", "Rows Removed by Index Recheck": 0, "Filter": "(n_name = 'ALGERIA'::bpchar)", "Rows Removed by Filter": 42741, "Exact Heap Blocks": 44487, "Lossy Heap Blocks": 44487, "Plans": [{"Node Type": "Bitmap Index Scan", "Parent Relationship": "Outer", "Index Name": "nation_pkey", "Startup Cost": 0.0, "Total Cost": 0.26, "Plan Rows": 1, "Plan Width": 0, "Actual Startup Time": 44.911, "Actual Total Time": 44.911, "Actual Rows": 44487, "Actual Loops": 44487, "Index Cond": "(n_nationkey = supplier.s_nationkey)"}]}]}]}, "Triggers": [], "Planner Runtime": 1, "Total Runtime": 128900.171, "Unique SQL Id": 202076520}}, "(16, 40)": {"explain_plan": {"Plan": {"Node Type": "Sort", "Startup Cost": 2931401.79, "Total Cost": 2931406.79, "Plan Rows": 2000, "Plan Width": 51, "Sort Key": ["supplier.s_name"], "Plans": [{"Node Type": "Nested Loop", "Parent Relationship": "Outer", "Join Type": "Semi", "Startup Cost": 2631808.11, "Total Cost": 2931292.13, "Plan Rows": 2000, "Plan Width": 51, "Inner Unique": false, "Join Filter": "(supplier.s_suppkey = lineitem.l_suppkey)", "Plans": [{"Node Type": "Nested Loop", "Parent Relationship": "Outer", "Join Type": "Inner", "Startup Cost": 0.0, "Total Cost": 4534.31, "Plan Rows": 4000, "Plan Width": 59, "Inner Unique": false, "Join Filter": "(supplier.s_nationkey = nation.n_nationkey)", "Plans": [{"Node Type": "Seq Scan", "Parent Relationship": "Outer", "Relation Name": "nation", "Alias": "nation", "Startup Cost": 0.0, "Total Cost": 1.31, "Plan Rows": 1, "Plan Width": 4, "Filter": "(n_name = 'ALGERIA'::bpchar)"}, {"Node Type": "Seq Scan", "Parent Relationship": "Inner", "Relation Name": "supplier", "Alias": "supplier", "Startup Cost": 0.0, "Total Cost": 3283.0, "Plan Rows": 100000, "Plan Width": 63}]}, {"Node Type": "Materialize", "Parent Relationship": "Inner", "Startup Cost": 2631808.11, "Total Cost": 2926637.82, "Plan Rows": 2, "Plan Width": 16, "Plans": [{"Node Type": "Hash Join", "Parent Relationship": "Outer", "Join Type": "Inner", "Startup Cost": 2631808.11, "Total Cost": 2926637.81, "Plan Rows": 2, "Plan Width": 16, "Inner Unique": false, "Hash Cond": "((lineitem.l_partkey = partsupp.ps_partkey) AND (lineitem.l_suppkey = partsupp.ps_suppkey))", "Join Filter": "((partsupp.ps_availqty)::double precision > (.5::double precision * (sum(lineitem.l_quantity))))", "Plans": [{"Node Type": "Aggregate", "Strategy": "Hashed", "Parent Relationship": "Outer", "Startup Cost": 2405767.29, "Total Cost": 2519163.29, "Plan Rows": 9071680, "Plan Width": 40, "Group By Key": ["lineitem.l_partkey", "lineitem.l_suppkey"], "Plans": [{"Node Type": "Seq Scan", "Parent Relationship": "Outer", "Relation Name": "lineitem", "Alias": "lineitem", "Startup Cost": 119.57, "Total Cost": 2315050.5, "Plan Rows": 9071680, "Plan Width": 24, "Filter": "((l_shipdate >= '1993-01-01 00:00:00'::timestamp(0) without time zone) AND (l_shipdate < '1994-01-01 00:00:00'::timestamp without time zone)), (LLVM Optimized)"}]}, {"Node Type": "Hash", "Parent Relationship": "Inner", "Startup Cost": 225072.53, "Total Cost": 225072.53, "Plan Rows": 64552, "Plan Width": 32, "Plans": [{"Node Type": "Nested Loop", "Parent Relationship": "Outer", "Join Type": "Inner", "Startup Cost": 0.0, "Total Cost": 225072.53, "Plan Rows": 64552, "Plan Width": 32, "Inner Unique": false, "Plans": [{"Node Type": "Seq Scan", "Parent Relationship": "Outer", "Relation Name": "part", "Alias": "part", "Startup Cost": 0.0, "Total Cost": 66944.0, "Plan Rows": 22472, "Plan Width": 8, "Filter": "((p_name)::text ~~ 'green%'::text)"}, {"Node Type": "Index Scan", "Parent Relationship": "Inner", "Scan Direction": "Forward", "Index Name": "idx_partsupp_partkey", "Relation Name": "partsupp", "Alias": "partsupp", "Startup Cost": 0.0, "Total Cost": 7.01, "Plan Rows": 3, "Plan Width": 24, "Index Cond": "(ps_partkey = part.p_partkey)"}]}]}]}]}]}]}, "Unique SQL Id": 202076520, "Planner Runtime": 2}, "explain_analyze_plan": {"Plan": {"Node Type": "Sort", "Startup Cost": 2931401.79, "Total Cost": 2931406.79, "Plan Rows": 2000, "Plan Width": 51, "Actual Startup Time": 88138.987, "Actual Total Time": 88139.153, "Actual Rows": 1746, "Actual Loops": 1, "Sort Key": ["supplier.s_name"], "Sort Method": "quicksort", "Sort Space Used": 309, "Sort Space Type": "Memory", "Plans": [{"Node Type": "Nested Loop", "Parent Relationship": "Outer", "Join Type": "Semi", "Startup Cost": 2631808.11, "Total Cost": 2931292.13, "Plan Rows": 2000, "Plan Width": 51, "Actual Startup Time": 37556.485, "Actual Total Time": 88131.594, "Actual Rows": 1746, "Actual Loops": 1, "Inner Unique": false, "Join Filter": "(supplier.s_suppkey = lineitem.l_suppkey)", "Rows Removed by Join Filter": 174379316, "Plans": [{"Node Type": "Nested Loop", "Parent Relationship": "Outer", "Join Type": "Inner", "Startup Cost": 0.0, "Total Cost": 4534.31, "Plan Rows": 4000, "Plan Width": 59, "Actual Startup Time": 0.062, "Actual Total Time": 72.48, "Actual Rows": 3934, "Actual Loops": 1, "Inner Unique": false, "Join Filter": "(supplier.s_nationkey = nation.n_nationkey)", "Rows Removed by Join Filter": 96066, "Plans": [{"Node Type": "Seq Scan", "Parent Relationship": "Outer", "Relation Name": "nation", "Alias": "nation", "Startup Cost": 0.0, "Total Cost": 1.31, "Plan Rows": 1, "Plan Width": 4, "Actual Startup Time": 0.025, "Actual Total Time": 0.151, "Actual Rows": 1, "Actual Loops": 1, "Filter": "(n_name = 'ALGERIA'::bpchar)", "Rows Removed by Filter": 24}, {"Node Type": "Seq Scan", "Parent Relationship": "Inner", "Relation Name": "supplier", "Alias": "supplier", "Startup Cost": 0.0, "Total Cost": 3283.0, "Plan Rows": 100000, "Plan Width": 63, "Actual Startup Time": 0.02, "Actual Total Time": 43.18, "Actual Rows": 100000, "Actual Loops": 1}]}, {"Node Type": "Materialize", "Parent Relationship": "Inner", "Startup Cost": 2631808.11, "Total Cost": 2926637.82, "Plan Rows": 2, "Plan Width": 16, "Actual Startup Time": 32673.968, "Actual Total Time": 54815.031, "Actual Rows": 174381062, "Actual Loops": 3934, "Plans": [{"Node Type": "Hash Join", "Parent Relationship": "Outer", "Join Type": "Inner", "Startup Cost": 2631808.11, "Total Cost": 2926637.81, "Plan Rows": 2, "Plan Width": 16, "Actual Startup Time": 32673.241, "Actual Total Time": 37511.677, "Actual Rows": 58537, "Actual Loops": 1, "Inner Unique": false, "Hash Cond": "((lineitem.l_partkey = partsupp.ps_partkey) AND (lineitem.l_suppkey = partsupp.ps_suppkey))", "Join Filter": "((partsupp.ps_availqty)::double precision > (.5::double precision * (sum(lineitem.l_quantity))))", "Rows Removed by Join Filter": 136, "Plans": [{"Node Type": "Aggregate", "Strategy": "Hashed", "Parent Relationship": "Outer", "Startup Cost": 2405767.29, "Total Cost": 2519163.29, "Plan Rows": 9071680, "Plan Width": 40, "Actual Startup Time": 31627.107, "Actual Total Time": 34877.602, "Actual Rows": 5442751, "Actual Loops": 1, "Group By Key": ["lineitem.l_partkey", "lineitem.l_suppkey"], "Plans": [{"Node Type": "Seq Scan", "Parent Relationship": "Outer", "Relation Name": "lineitem", "Alias": "lineitem", "Startup Cost": 119.57, "Total Cost": 2315050.5, "Plan Rows": 9071680, "Plan Width": 24, "Actual Startup Time": 0.037, "Actual Total Time": 23333.254, "Actual Rows": 9109641, "Actual Loops": 1, "Filter": "((l_shipdate >= '1993-01-01 00:00:00'::timestamp(0) without time zone) AND (l_shipdate < '1994-01-01 00:00:00'::timestamp without time zone)), (LLVM Optimized, Jit Execute)", "Rows Removed by Filter": 50876411}]}, {"Node Type": "Hash", "Parent Relationship": "Inner", "Startup Cost": 225072.53, "Total Cost": 225072.53, "Plan Rows": 64552, "Plan Width": 32, "Actual Startup Time": 1045.645, "Actual Total Time": 1045.645, "Actual Rows": 86224, "Actual Loops": 1, "Hash Buckets": 65536, "Hash Batches": 1, "Original Hash Batches": 1, "Peak Memory Usage": 5389, "Plans": [{"Node Type": "Nested Loop", "Parent Relationship": "Outer", "Join Type": "Inner", "Startup Cost": 0.0, "Total Cost": 225072.53, "Plan Rows": 64552, "Plan Width": 32, "Actual Startup Time": 0.04, "Actual Total Time": 1007.292, "Actual Rows": 86224, "Actual Loops": 1, "Inner Unique": false, "Plans": [{"Node Type": "Seq Scan", "Parent Relationship": "Outer", "Relation Name": "part", "Alias": "part", "Startup Cost": 0.0, "Total Cost": 66944.0, "Plan Rows": 22472, "Plan Width": 8, "Actual Startup Time": 0.02, "Actual Total Time": 779.294, "Actual Rows": 21556, "Actual Loops": 1, "Filter": "((p_name)::text ~~ 'green%'::text)", "Rows Removed by Filter": 1978444}, {"Node Type": "Index Scan", "Parent Relationship": "Inner", "Scan Direction": "Forward", "Index Name": "idx_partsupp_partkey", "Relation Name": "partsupp", "Alias": "partsupp", "Startup Cost": 0.0, "Total Cost": 7.01, "Plan Rows": 3, "Plan Width": 24, "Actual Startup Time": 151.296, "Actual Total Time": 195.612, "Actual Rows": 86224, "Actual Loops": 21556, "Index Cond": "(ps_partkey = part.p_partkey)", "Rows Removed by Index Recheck": 0}]}]}]}]}]}]}, "Triggers": [], "Planner Runtime": 2, "Total Runtime": 88148.778, "Unique SQL Id": 202076520}}, "(16, 41)": {"explain_plan": {"Plan": {"Node Type": "Sort", "Startup Cost": 6721015.3, "Total Cost": 6721020.3, "Plan Rows": 2000, "Plan Width": 51, "Sort Key": ["supplier.s_name"], "Plans": [{"Node Type": "Nested Loop", "Parent Relationship": "Outer", "Join Type": "Semi", "Startup Cost": 6419358.7, "Total Cost": 6720905.64, "Plan Rows": 2000, "Plan Width": 51, "Inner Unique": false, "Join Filter": "(supplier.s_suppkey = lineitem.l_suppkey)", "Plans": [{"Node Type": "Nested Loop", "Parent Relationship": "Outer", "Join Type": "Inner", "Startup Cost": 0.0, "Total Cost": 6597.23, "Plan Rows": 4000, "Plan Width": 59, "Inner Unique": false, "Join Filter": "(supplier.s_nationkey = nation.n_nationkey)", "Plans": [{"Node Type": "Index Scan", "Parent Relationship": "Outer", "Scan Direction": "Forward", "Index Name": "nation_pkey", "Relation Name": "nation", "Alias": "nation", "Startup Cost": 0.0, "Total Cost": 12.69, "Plan Rows": 1, "Plan Width": 4, "Filter": "(n_name = 'ALGERIA'::bpchar)"}, {"Node Type": "Index Scan", "Parent Relationship": "Inner", "Scan Direction": "Forward", "Index Name": "supplier_pkey", "Relation Name": "supplier", "Alias": "supplier", "Startup Cost": 0.0, "Total Cost": 5334.54, "Plan Rows": 100000, "Plan Width": 63}]}, {"Node Type": "Materialize", "Parent Relationship": "Inner", "Startup Cost": 6419358.7, "Total Cost": 6714188.41, "Plan Rows": 2, "Plan Width": 16, "Plans": [{"Node Type": "Hash Join", "Parent Relationship": "Outer", "Join Type": "Inner", "Startup Cost": 6419358.7, "Total Cost": 6714188.4, "Plan Rows": 2, "Plan Width": 16, "Inner Unique": false, "Hash Cond": "((lineitem.l_partkey = partsupp.ps_partkey) AND (lineitem.l_suppkey = partsupp.ps_suppkey))", "Join Filter": "((partsupp.ps_availqty)::double precision > (.5::double precision * (sum(lineitem.l_quantity))))", "Plans": [{"Node Type": "Aggregate", "Strategy": "Hashed", "Parent Relationship": "Outer", "Startup Cost": 6154458.63, "Total Cost": 6267854.63, "Plan Rows": 9071680, "Plan Width": 40, "Group By Key": ["lineitem.l_partkey", "lineitem.l_suppkey"], "Plans": [{"Node Type": "Index Scan", "Parent Relationship": "Outer", "Scan Direction": "Forward", "Index Name": "idx_lineitem_shipdate", "Relation Name": "lineitem", "Alias": "lineitem", "Startup Cost": 0.0, "Total Cost": 6063741.83, "Plan Rows": 9071680, "Plan Width": 24, "Index Cond": "((l_shipdate >= '1993-01-01 00:00:00'::timestamp(0) without time zone) AND (l_shipdate < '1994-01-01 00:00:00'::timestamp without time zone)), (LLVM Optimized)"}]}, {"Node Type": "Hash", "Parent Relationship": "Inner", "Startup Cost": 263931.78, "Total Cost": 263931.78, "Plan Rows": 64552, "Plan Width": 32, "Plans": [{"Node Type": "Nested Loop", "Parent Relationship": "Outer", "Join Type": "Inner", "Startup Cost": 0.0, "Total Cost": 263931.78, "Plan Rows": 64552, "Plan Width": 32, "Inner Unique": false, "Plans": [{"Node Type": "Index Scan", "Parent Relationship": "Outer", "Scan Direction": "Forward", "Index Name": "part_kpey", "Relation Name": "part", "Alias": "part", "Startup Cost": 0.0, "Total Cost": 105803.25, "Plan Rows": 22472, "Plan Width": 8, "Filter": "((p_name)::text ~~ 'green%'::text)"}, {"Node Type": "Index Scan", "Parent Relationship": "Inner", "Scan Direction": "Forward", "Index Name": "idx_partsupp_partkey", "Relation Name": "partsupp", "Alias": "partsupp", "Startup Cost": 0.0, "Total Cost": 7.01, "Plan Rows": 3, "Plan Width": 24, "Index Cond": "(ps_partkey = part.p_partkey)"}]}]}]}]}]}]}, "Unique SQL Id": 202076520, "Planner Runtime": 2}, "explain_analyze_plan": {"Plan": {"Node Type": "Sort", "Startup Cost": 6721015.3, "Total Cost": 6721020.3, "Plan Rows": 2000, "Plan Width": 51, "Actual Startup Time": 90428.791, "Actual Total Time": 90428.973, "Actual Rows": 1746, "Actual Loops": 1, "Sort Key": ["supplier.s_name"], "Sort Method": "quicksort", "Sort Space Used": 309, "Sort Space Type": "Memory", "Plans": [{"Node Type": "Nested Loop", "Parent Relationship": "Outer", "Join Type": "Semi", "Startup Cost": 6419358.7, "Total Cost": 6720905.64, "Plan Rows": 2000, "Plan Width": 51, "Actual Startup Time": 39579.285, "Actual Total Time": 90424.309, "Actual Rows": 1746, "Actual Loops": 1, "Inner Unique": false, "Join Filter": "(supplier.s_suppkey = lineitem.l_suppkey)", "Rows Removed by Join Filter": 174379317, "Plans": [{"Node Type": "Nested Loop", "Parent Relationship": "Outer", "Join Type": "Inner", "Startup Cost": 0.0, "Total Cost": 6597.23, "Plan Rows": 4000, "Plan Width": 59, "Actual Startup Time": 0.064, "Actual Total Time": 103.861, "Actual Rows": 3934, "Actual Loops": 1, "Inner Unique": false, "Join Filter": "(supplier.s_nationkey = nation.n_nationkey)", "Rows Removed by Join Filter": 96066, "Plans": [{"Node Type": "Index Scan", "Parent Relationship": "Outer", "Scan Direction": "Forward", "Index Name": "nation_pkey", "Relation Name": "nation", "Alias": "nation", "Startup Cost": 0.0, "Total Cost": 12.69, "Plan Rows": 1, "Plan Width": 4, "Actual Startup Time": 0.02, "Actual Total Time": 0.051, "Actual Rows": 1, "Actual Loops": 1, "Filter": "(n_name = 'ALGERIA'::bpchar)", "Rows Removed by Filter": 24}, {"Node Type": "Index Scan", "Parent Relationship": "Inner", "Scan Direction": "Forward", "Index Name": "supplier_pkey", "Relation Name": "supplier", "Alias": "supplier", "Startup Cost": 0.0, "Total Cost": 5334.54, "Plan Rows": 100000, "Plan Width": 63, "Actual Startup Time": 0.02, "Actual Total Time": 75.892, "Actual Rows": 100000, "Actual Loops": 1}]}, {"Node Type": "Materialize", "Parent Relationship": "Inner", "Startup Cost": 6419358.7, "Total Cost": 6714188.41, "Plan Rows": 2, "Plan Width": 16, "Actual Startup Time": 34152.129, "Actual Total Time": 56957.83, "Actual Rows": 174381063, "Actual Loops": 3934, "Plans": [{"Node Type": "Hash Join", "Parent Relationship": "Outer", "Join Type": "Inner", "Startup Cost": 6419358.7, "Total Cost": 6714188.4, "Plan Rows": 2, "Plan Width": 16, "Actual Startup Time": 34151.371, "Actual Total Time": 39530.322, "Actual Rows": 58537, "Actual Loops": 1, "Inner Unique": false, "Hash Cond": "((lineitem.l_partkey = partsupp.ps_partkey) AND (lineitem.l_suppkey = partsupp.ps_suppkey))", "Join Filter": "((partsupp.ps_availqty)::double precision > (.5::double precision * (sum(lineitem.l_quantity))))", "Rows Removed by Join Filter": 136, "Plans": [{"Node Type": "Aggregate", "Strategy": "Hashed", "Parent Relationship": "Outer", "Startup Cost": 6154458.63, "Total Cost": 6267854.63, "Plan Rows": 9071680, "Plan Width": 40, "Actual Startup Time": 32406.072, "Actual Total Time": 36238.966, "Actual Rows": 5442751, "Actual Loops": 1, "Group By Key": ["lineitem.l_partkey", "lineitem.l_suppkey"], "Plans": [{"Node Type": "Index Scan", "Parent Relationship": "Outer", "Scan Direction": "Forward", "Index Name": "idx_lineitem_shipdate", "Relation Name": "lineitem", "Alias": "lineitem", "Startup Cost": 0.0, "Total Cost": 6063741.83, "Plan Rows": 9071680, "Plan Width": 24, "Actual Startup Time": 0.074, "Actual Total Time": 23879.708, "Actual Rows": 9109641, "Actual Loops": 1, "Index Cond": "((l_shipdate >= '1993-01-01 00:00:00'::timestamp(0) without time zone) AND (l_shipdate < '1994-01-01 00:00:00'::timestamp without time zone)), (LLVM Optimized, Jit Execute)", "Rows Removed by Index Recheck": 0}]}, {"Node Type": "Hash", "Parent Relationship": "Inner", "Startup Cost": 263931.78, "Total Cost": 263931.78, "Plan Rows": 64552, "Plan Width": 32, "Actual Startup Time": 1745.137, "Actual Total Time": 1745.137, "Actual Rows": 86224, "Actual Loops": 1, "Hash Buckets": 65536, "Hash Batches": 1, "Original Hash Batches": 1, "Peak Memory Usage": 5389, "Plans": [{"Node Type": "Nested Loop", "Parent Relationship": "Outer", "Join Type": "Inner", "Startup Cost": 0.0, "Total Cost": 263931.78, "Plan Rows": 64552, "Plan Width": 32, "Actual Startup Time": 0.053, "Actual Total Time": 1712.804, "Actual Rows": 86224, "Actual Loops": 1, "Inner Unique": false, "Plans": [{"Node Type": "Index Scan", "Parent Relationship": "Outer", "Scan Direction": "Forward", "Index Name": "part_kpey", "Relation Name": "part", "Alias": "part", "Startup Cost": 0.0, "Total Cost": 105803.25, "Plan Rows": 22472, "Plan Width": 8, "Actual Startup Time": 0.041, "Actual Total Time": 1519.048, "Actual Rows": 21556, "Actual Loops": 1, "Filter": "((p_name)::text ~~ 'green%'::text)", "Rows Removed by Filter": 1978444}, {"Node Type": "Index Scan", "Parent Relationship": "Inner", "Scan Direction": "Forward", "Index Name": "idx_partsupp_partkey", "Relation Name": "partsupp", "Alias": "partsupp", "Startup Cost": 0.0, "Total Cost": 7.01, "Plan Rows": 3, "Plan Width": 24, "Actual Startup Time": 114.497, "Actual Total Time": 160.812, "Actual Rows": 86224, "Actual Loops": 21556, "Index Cond": "(ps_partkey = part.p_partkey)", "Rows Removed by Index Recheck": 0}]}]}]}]}]}]}, "Triggers": [], "Planner Runtime": 2, "Total Runtime": 90438.681, "Unique SQL Id": 202076520}}, "(16, 42)": {"explain_plan": {"Plan": {"Node Type": "Sort", "Startup Cost": 3064191.97, "Total Cost": 3064196.97, "Plan Rows": 2000, "Plan Width": 51, "Sort Key": ["supplier.s_name"], "Plans": [{"Node Type": "Nested Loop", "Parent Relationship": "Outer", "Join Type": "Semi", "Startup Cost": 2764598.29, "Total Cost": 3064082.31, "Plan Rows": 2000, "Plan Width": 51, "Inner Unique": false, "Join Filter": "(supplier.s_suppkey = lineitem.l_suppkey)", "Plans": [{"Node Type": "Nested Loop", "Parent Relationship": "Outer", "Join Type": "Inner", "Startup Cost": 0.0, "Total Cost": 4534.31, "Plan Rows": 4000, "Plan Width": 59, "Inner Unique": false, "Join Filter": "(supplier.s_nationkey = nation.n_nationkey)", "Plans": [{"Node Type": "Seq Scan", "Parent Relationship": "Outer", "Relation Name": "nation", "Alias": "nation", "Startup Cost": 0.0, "Total Cost": 1.31, "Plan Rows": 1, "Plan Width": 4, "Filter": "(n_name = 'ALGERIA'::bpchar)"}, {"Node Type": "Seq Scan", "Parent Relationship": "Inner", "Relation Name": "supplier", "Alias": "supplier", "Startup Cost": 0.0, "Total Cost": 3283.0, "Plan Rows": 100000, "Plan Width": 63}]}, {"Node Type": "Materialize", "Parent Relationship": "Inner", "Startup Cost": 2764598.29, "Total Cost": 3059428.0, "Plan Rows": 2, "Plan Width": 16, "Plans": [{"Node Type": "Hash Join", "Parent Relationship": "Outer", "Join Type": "Inner", "Startup Cost": 2764598.29, "Total Cost": 3059427.99, "Plan Rows": 2, "Plan Width": 16, "Inner Unique": false, "Hash Cond": "((lineitem.l_partkey = partsupp.ps_partkey) AND (lineitem.l_suppkey = partsupp.ps_suppkey))", "Join Filter": "((partsupp.ps_availqty)::double precision > (.5::double precision * (sum(lineitem.l_quantity))))", "Plans": [{"Node Type": "Aggregate", "Strategy": "Hashed", "Parent Relationship": "Outer", "Startup Cost": 2405767.29, "Total Cost": 2519163.29, "Plan Rows": 9071680, "Plan Width": 40, "Group By Key": ["lineitem.l_partkey", "lineitem.l_suppkey"], "Plans": [{"Node Type": "Seq Scan", "Parent Relationship": "Outer", "Relation Name": "lineitem", "Alias": "lineitem", "Startup Cost": 119.57, "Total Cost": 2315050.5, "Plan Rows": 9071680, "Plan Width": 24, "Filter": "((l_shipdate >= '1993-01-01 00:00:00'::timestamp(0) without time zone) AND (l_shipdate < '1994-01-01 00:00:00'::timestamp without time zone)), (LLVM Optimized)"}]}, {"Node Type": "Hash", "Parent Relationship": "Inner", "Startup Cost": 357862.71, "Total Cost": 357862.71, "Plan Rows": 64552, "Plan Width": 32, "Plans": [{"Node Type": "Hash Join", "Parent Relationship": "Outer", "Join Type": "Inner", "Startup Cost": 67224.9, "Total Cost": 357862.71, "Plan Rows": 64552, "Plan Width": 32, "Inner Unique": true, "Hash Cond": "(partsupp.ps_partkey = part.p_partkey)", "Plans": [{"Node Type": "Seq Scan", "Parent Relationship": "Outer", "Relation Name": "partsupp", "Alias": "partsupp", "Startup Cost": 0.0, "Total Cost": 269987.72, "Plan Rows": 8000372, "Plan Width": 24}, {"Node Type": "Hash", "Parent Relationship": "Inner", "Startup Cost": 66944.0, "Total Cost": 66944.0, "Plan Rows": 22472, "Plan Width": 8, "Plans": [{"Node Type": "Seq Scan", "Parent Relationship": "Outer", "Relation Name": "part", "Alias": "part", "Startup Cost": 0.0, "Total Cost": 66944.0, "Plan Rows": 22472, "Plan Width": 8, "Filter": "((p_name)::text ~~ 'green%'::text)"}]}]}]}]}]}]}]}, "Unique SQL Id": 202076520, "Planner Runtime": 2}, "explain_analyze_plan": {"Plan": {"Node Type": "Sort", "Startup Cost": 3064191.97, "Total Cost": 3064196.97, "Plan Rows": 2000, "Plan Width": 51, "Actual Startup Time": 91604.033, "Actual Total Time": 91604.184, "Actual Rows": 1746, "Actual Loops": 1, "Sort Key": ["supplier.s_name"], "Sort Method": "quicksort", "Sort Space Used": 309, "Sort Space Type": "Memory", "Plans": [{"Node Type": "Nested Loop", "Parent Relationship": "Outer", "Join Type": "Semi", "Startup Cost": 2764598.29, "Total Cost": 3064082.31, "Plan Rows": 2000, "Plan Width": 51, "Actual Startup Time": 40981.267, "Actual Total Time": 91596.578, "Actual Rows": 1746, "Actual Loops": 1, "Inner Unique": false, "Join Filter": "(supplier.s_suppkey = lineitem.l_suppkey)", "Rows Removed by Join Filter": 174379316, "Plans": [{"Node Type": "Nested Loop", "Parent Relationship": "Outer", "Join Type": "Inner", "Startup Cost": 0.0, "Total Cost": 4534.31, "Plan Rows": 4000, "Plan Width": 59, "Actual Startup Time": 0.062, "Actual Total Time": 71.893, "Actual Rows": 3934, "Actual Loops": 1, "Inner Unique": false, "Join Filter": "(supplier.s_nationkey = nation.n_nationkey)", "Rows Removed by Join Filter": 96066, "Plans": [{"Node Type": "Seq Scan", "Parent Relationship": "Outer", "Relation Name": "nation", "Alias": "nation", "Startup Cost": 0.0, "Total Cost": 1.31, "Plan Rows": 1, "Plan Width": 4, "Actual Startup Time": 0.021, "Actual Total Time": 0.053, "Actual Rows": 1, "Actual Loops": 1, "Filter": "(n_name = 'ALGERIA'::bpchar)", "Rows Removed by Filter": 24}, {"Node Type": "Seq Scan", "Parent Relationship": "Inner", "Relation Name": "supplier", "Alias": "supplier", "Startup Cost": 0.0, "Total Cost": 3283.0, "Plan Rows": 100000, "Plan Width": 63, "Actual Startup Time": 0.024, "Actual Total Time": 42.675, "Actual Rows": 100000, "Actual Loops": 1}]}, {"Node Type": "Materialize", "Parent Relationship": "Inner", "Startup Cost": 2764598.29, "Total Cost": 3059428.0, "Plan Rows": 2, "Plan Width": 16, "Actual Startup Time": 36498.126, "Actual Total Time": 58245.252, "Actual Rows": 174381062, "Actual Loops": 3934, "Plans": [{"Node Type": "Hash Join", "Parent Relationship": "Outer", "Join Type": "Inner", "Startup Cost": 2764598.29, "Total Cost": 3059427.99, "Plan Rows": 2, "Plan Width": 16, "Actual Startup Time": 36497.424, "Actual Total Time": 40933.883, "Actual Rows": 58537, "Actual Loops": 1, "Inner Unique": false, "Hash Cond": "((lineitem.l_partkey = partsupp.ps_partkey) AND (lineitem.l_suppkey = partsupp.ps_suppkey))", "Join Filter": "((partsupp.ps_availqty)::double precision > (.5::double precision * (sum(lineitem.l_quantity))))", "Rows Removed by Join Filter": 136, "Plans": [{"Node Type": "Aggregate", "Strategy": "Hashed", "Parent Relationship": "Outer", "Startup Cost": 2405767.29, "Total Cost": 2519163.29, "Plan Rows": 9071680, "Plan Width": 40, "Actual Startup Time": 31692.206, "Actual Total Time": 34596.515, "Actual Rows": 5442751, "Actual Loops": 1, "Group By Key": ["lineitem.l_partkey", "lineitem.l_suppkey"], "Plans": [{"Node Type": "Seq Scan", "Parent Relationship": "Outer", "Relation Name": "lineitem", "Alias": "lineitem", "Startup Cost": 119.57, "Total Cost": 2315050.5, "Plan Rows": 9071680, "Plan Width": 24, "Actual Startup Time": 0.057, "Actual Total Time": 23401.471, "Actual Rows": 9109641, "Actual Loops": 1, "Filter": "((l_shipdate >= '1993-01-01 00:00:00'::timestamp(0) without time zone) AND (l_shipdate < '1994-01-01 00:00:00'::timestamp without time zone)), (LLVM Optimized, Jit Execute)", "Rows Removed by Filter": 50876411}]}, {"Node Type": "Hash", "Parent Relationship": "Inner", "Startup Cost": 357862.71, "Total Cost": 357862.71, "Plan Rows": 64552, "Plan Width": 32, "Actual Startup Time": 4804.554, "Actual Total Time": 4804.554, "Actual Rows": 86224, "Actual Loops": 1, "Hash Buckets": 65536, "Hash Batches": 1, "Original Hash Batches": 1, "Peak Memory Usage": 5389, "Plans": [{"Node Type": "Hash Join", "Parent Relationship": "Outer", "Join Type": "Inner", "Startup Cost": 67224.9, "Total Cost": 357862.71, "Plan Rows": 64552, "Plan Width": 32, "Actual Startup Time": 793.423, "Actual Total Time": 4764.2, "Actual Rows": 86224, "Actual Loops": 1, "Inner Unique": true, "Hash Cond": "(partsupp.ps_partkey = part.p_partkey)", "Plans": [{"Node Type": "Seq Scan", "Parent Relationship": "Outer", "Relation Name": "partsupp", "Alias": "partsupp", "Startup Cost": 0.0, "Total Cost": 269987.72, "Plan Rows": 8000372, "Plan Width": 24, "Actual Startup Time": 0.011, "Actual Total Time": 2434.768, "Actual Rows": 8000000, "Actual Loops": 1}, {"Node Type": "Hash", "Parent Relationship": "Inner", "Startup Cost": 66944.0, "Total Cost": 66944.0, "Plan Rows": 22472, "Plan Width": 8, "Actual Startup Time": 793.28, "Actual Total Time": 793.28, "Actual Rows": 21556, "Actual Loops": 1, "Hash Buckets": 32768, "Hash Batches": 1, "Original Hash Batches": 1, "Peak Memory Usage": 843, "Plans": [{"Node Type": "Seq Scan", "Parent Relationship": "Outer", "Relation Name": "part", "Alias": "part", "Startup Cost": 0.0, "Total Cost": 66944.0, "Plan Rows": 22472, "Plan Width": 8, "Actual Startup Time": 0.028, "Actual Total Time": 784.169, "Actual Rows": 21556, "Actual Loops": 1, "Filter": "((p_name)::text ~~ 'green%'::text)", "Rows Removed by Filter": 1978444}]}]}]}]}]}]}]}, "Triggers": [], "Planner Runtime": 2, "Total Runtime": 91614.016, "Unique SQL Id": 202076520}}, "(16, 43)": {"explain_plan": {"Plan": {"Node Type": "Sort", "Startup Cost": 5018253561064.47, "Total Cost": 5018253561069.47, "Plan Rows": 2000, "Plan Width": 51, "Sort Key": ["supplier.s_name"], "Plans": [{"Node Type": "Nested Loop", "Parent Relationship": "Outer", "Join Type": "Semi", "Startup Cost": 1040805475552.94, "Total Cost": 5018253560954.81, "Plan Rows": 2000, "Plan Width": 51, "Inner Unique": false, "Join Filter": "(supplier.s_suppkey = subquery.\"?column?\")", "Plans": [{"Node Type": "Nested Loop", "Parent Relationship": "Outer", "Join Type": "Inner", "Startup Cost": 20000000000.0, "Total Cost": 2000000536223.13, "Plan Rows": 4000, "Plan Width": 59, "Inner Unique": true, "Join Filter": "(supplier.s_nationkey = nation.n_nationkey)", "Plans": [{"Node Type": "Index Scan", "Parent Relationship": "Outer", "Scan Direction": "Forward", "Index Name": "supplier_pkey", "Relation Name": "supplier", "Alias": "supplier", "Startup Cost": 10000000000.0, "Total Cost": 1000000533454.38, "Plan Rows": 100000, "Plan Width": 63}, {"Node Type": "Materialize", "Parent Relationship": "Inner", "Startup Cost": 10000000000.0, "Total Cost": 1000000001268.76, "Plan Rows": 1, "Plan Width": 4, "Plans": [{"Node Type": "Index Scan", "Parent Relationship": "Outer", "Scan Direction": "Forward", "Index Name": "nation_pkey", "Relation Name": "nation", "Alias": "nation", "Startup Cost": 10000000000.0, "Total Cost": 1000000001268.75, "Plan Rows": 1, "Plan Width": 4, "Filter": "(n_name = 'ALGERIA'::bpchar)"}]}]}, {"Node Type": "Materialize", "Parent Relationship": "Inner", "Startup Cost": 1020805475552.94, "Total Cost": 3018253024611.68, "Plan Rows": 2, "Plan Width": 16, "Plans": [{"Node Type": "Nested Loop", "Parent Relationship": "Outer", "Join Type": "Inner", "Startup Cost": 1020805475552.94, "Total Cost": 3018253024611.67, "Plan Rows": 2, "Plan Width": 16, "Inner Unique": true, "Join Filter": "((partsupp.ps_partkey = subquery.\"?column?\") AND (partsupp.ps_suppkey = subquery.\"?column?\") AND ((partsupp.ps_availqty)::double precision > (.5::double precision * subquery.\"?column?\")))", "Plans": [{"Node Type": "Nested Loop", "Parent Relationship": "Outer", "Join Type": "Semi", "Startup Cost": 20000000000.0, "Total Cost": 2002807445082.73, "Plan Rows": 64552, "Plan Width": 32, "Inner Unique": false, "Join Filter": "(partsupp.ps_partkey = part.p_partkey)", "Plans": [{"Node Type": "Index Scan", "Parent Relationship": "Outer", "Scan Direction": "Forward", "Index Name": "idx_partsupp_suppkey", "Relation Name": "partsupp", "Alias": "partsupp", "Startup Cost": 10000000000.0, "Total Cost": 1000100160480.77, "Plan Rows": 8000372, "Plan Width": 24}, {"Node Type": "Materialize", "Parent Relationship": "Inner", "Startup Cost": 10000000000.0, "Total Cost": 1000010580437.36, "Plan Rows": 22472, "Plan Width": 8, "Plans": [{"Node Type": "Index Scan", "Parent Relationship": "Outer", "Scan Direction": "Forward", "Index Name": "part_kpey", "Relation Name": "part", "Alias": "part", "Startup Cost": 10000000000.0, "Total Cost": 1000010580325.0, "Plan Rows": 22472, "Plan Width": 8, "Filter": "((p_name)::text ~~ 'green%'::text)"}]}]}, {"Node Type": "Materialize", "Parent Relationship": "Inner", "Startup Cost": 1000805475552.94, "Total Cost": 1000805725024.14, "Plan Rows": 9071680, "Plan Width": 24, "Plans": [{"Node Type": "Subquery Scan", "Parent Relationship": "Outer", "Alias": "subquery", "Startup Cost": 1000805475552.94, "Total Cost": 1000805679665.74, "Plan Rows": 9071680, "Plan Width": 24, "Plans": [{"Node Type": "Aggregate", "Strategy": "Hashed", "Parent Relationship": "Subquery", "Startup Cost": 1000805475552.94, "Total Cost": 1000805588948.94, "Plan Rows": 9071680, "Plan Width": 40, "Group By Key": ["lineitem.l_partkey", "lineitem.l_suppkey"], "Plans": [{"Node Type": "Index Scan", "Parent Relationship": "Outer", "Scan Direction": "Forward", "Index Name": "idx_lineitem_part_supp", "Relation Name": "lineitem", "Alias": "lineitem", "Startup Cost": 10000000000.0, "Total Cost": 1000805384836.14, "Plan Rows": 9071680, "Plan Width": 24, "Filter": "((l_shipdate >= '1993-01-01 00:00:00'::timestamp(0) without time zone) AND (l_shipdate < '1994-01-01 00:00:00'::timestamp without time zone)), (LLVM Optimized)"}]}]}]}]}]}]}]}, "Unique SQL Id": 202076520, "Planner Runtime": 2}, "explain_analyze_plan": null}, "(16, 44)": {"explain_plan": {"Plan": {"Node Type": "Sort", "Startup Cost": 2931401.79, "Total Cost": 2931406.79, "Plan Rows": 2000, "Plan Width": 51, "Sort Key": ["supplier.s_name"], "Plans": [{"Node Type": "Nested Loop", "Parent Relationship": "Outer", "Join Type": "Semi", "Startup Cost": 2631808.11, "Total Cost": 2931292.13, "Plan Rows": 2000, "Plan Width": 51, "Inner Unique": false, "Join Filter": "(supplier.s_suppkey = lineitem.l_suppkey)", "Plans": [{"Node Type": "Nested Loop", "Parent Relationship": "Outer", "Join Type": "Inner", "Startup Cost": 0.0, "Total Cost": 4534.31, "Plan Rows": 4000, "Plan Width": 59, "Inner Unique": false, "Join Filter": "(supplier.s_nationkey = nation.n_nationkey)", "Plans": [{"Node Type": "Seq Scan", "Parent Relationship": "Outer", "Relation Name": "nation", "Alias": "nation", "Startup Cost": 0.0, "Total Cost": 1.31, "Plan Rows": 1, "Plan Width": 4, "Filter": "(n_name = 'ALGERIA'::bpchar)"}, {"Node Type": "Seq Scan", "Parent Relationship": "Inner", "Relation Name": "supplier", "Alias": "supplier", "Startup Cost": 0.0, "Total Cost": 3283.0, "Plan Rows": 100000, "Plan Width": 63}]}, {"Node Type": "Materialize", "Parent Relationship": "Inner", "Startup Cost": 2631808.11, "Total Cost": 2926637.82, "Plan Rows": 2, "Plan Width": 16, "Plans": [{"Node Type": "Hash Join", "Parent Relationship": "Outer", "Join Type": "Inner", "Startup Cost": 2631808.11, "Total Cost": 2926637.81, "Plan Rows": 2, "Plan Width": 16, "Inner Unique": false, "Hash Cond": "((lineitem.l_partkey = partsupp.ps_partkey) AND (lineitem.l_suppkey = partsupp.ps_suppkey))", "Join Filter": "((partsupp.ps_availqty)::double precision > (.5::double precision * (sum(lineitem.l_quantity))))", "Plans": [{"Node Type": "Aggregate", "Strategy": "Hashed", "Parent Relationship": "Outer", "Startup Cost": 2405767.29, "Total Cost": 2519163.29, "Plan Rows": 9071680, "Plan Width": 40, "Group By Key": ["lineitem.l_partkey", "lineitem.l_suppkey"], "Plans": [{"Node Type": "Seq Scan", "Parent Relationship": "Outer", "Relation Name": "lineitem", "Alias": "lineitem", "Startup Cost": 119.57, "Total Cost": 2315050.5, "Plan Rows": 9071680, "Plan Width": 24, "Filter": "((l_shipdate >= '1993-01-01 00:00:00'::timestamp(0) without time zone) AND (l_shipdate < '1994-01-01 00:00:00'::timestamp without time zone)), (LLVM Optimized)"}]}, {"Node Type": "Hash", "Parent Relationship": "Inner", "Startup Cost": 225072.53, "Total Cost": 225072.53, "Plan Rows": 64552, "Plan Width": 32, "Plans": [{"Node Type": "Nested Loop", "Parent Relationship": "Outer", "Join Type": "Inner", "Startup Cost": 0.0, "Total Cost": 225072.53, "Plan Rows": 64552, "Plan Width": 32, "Inner Unique": false, "Plans": [{"Node Type": "Seq Scan", "Parent Relationship": "Outer", "Relation Name": "part", "Alias": "part", "Startup Cost": 0.0, "Total Cost": 66944.0, "Plan Rows": 22472, "Plan Width": 8, "Filter": "((p_name)::text ~~ 'green%'::text)"}, {"Node Type": "Index Scan", "Parent Relationship": "Inner", "Scan Direction": "Forward", "Index Name": "idx_partsupp_partkey", "Relation Name": "partsupp", "Alias": "partsupp", "Startup Cost": 0.0, "Total Cost": 7.01, "Plan Rows": 3, "Plan Width": 24, "Index Cond": "(ps_partkey = part.p_partkey)"}]}]}]}]}]}]}, "Unique SQL Id": 202076520, "Planner Runtime": 2}, "explain_analyze_plan": {"Plan": {"Node Type": "Sort", "Startup Cost": 2931401.79, "Total Cost": 2931406.79, "Plan Rows": 2000, "Plan Width": 51, "Actual Startup Time": 88138.987, "Actual Total Time": 88139.153, "Actual Rows": 1746, "Actual Loops": 1, "Sort Key": ["supplier.s_name"], "Sort Method": "quicksort", "Sort Space Used": 309, "Sort Space Type": "Memory", "Plans": [{"Node Type": "Nested Loop", "Parent Relationship": "Outer", "Join Type": "Semi", "Startup Cost": 2631808.11, "Total Cost": 2931292.13, "Plan Rows": 2000, "Plan Width": 51, "Actual Startup Time": 37556.485, "Actual Total Time": 88131.594, "Actual Rows": 1746, "Actual Loops": 1, "Inner Unique": false, "Join Filter": "(supplier.s_suppkey = lineitem.l_suppkey)", "Rows Removed by Join Filter": 174379316, "Plans": [{"Node Type": "Nested Loop", "Parent Relationship": "Outer", "Join Type": "Inner", "Startup Cost": 0.0, "Total Cost": 4534.31, "Plan Rows": 4000, "Plan Width": 59, "Actual Startup Time": 0.062, "Actual Total Time": 72.48, "Actual Rows": 3934, "Actual Loops": 1, "Inner Unique": false, "Join Filter": "(supplier.s_nationkey = nation.n_nationkey)", "Rows Removed by Join Filter": 96066, "Plans": [{"Node Type": "Seq Scan", "Parent Relationship": "Outer", "Relation Name": "nation", "Alias": "nation", "Startup Cost": 0.0, "Total Cost": 1.31, "Plan Rows": 1, "Plan Width": 4, "Actual Startup Time": 0.025, "Actual Total Time": 0.151, "Actual Rows": 1, "Actual Loops": 1, "Filter": "(n_name = 'ALGERIA'::bpchar)", "Rows Removed by Filter": 24}, {"Node Type": "Seq Scan", "Parent Relationship": "Inner", "Relation Name": "supplier", "Alias": "supplier", "Startup Cost": 0.0, "Total Cost": 3283.0, "Plan Rows": 100000, "Plan Width": 63, "Actual Startup Time": 0.02, "Actual Total Time": 43.18, "Actual Rows": 100000, "Actual Loops": 1}]}, {"Node Type": "Materialize", "Parent Relationship": "Inner", "Startup Cost": 2631808.11, "Total Cost": 2926637.82, "Plan Rows": 2, "Plan Width": 16, "Actual Startup Time": 32673.968, "Actual Total Time": 54815.031, "Actual Rows": 174381062, "Actual Loops": 3934, "Plans": [{"Node Type": "Hash Join", "Parent Relationship": "Outer", "Join Type": "Inner", "Startup Cost": 2631808.11, "Total Cost": 2926637.81, "Plan Rows": 2, "Plan Width": 16, "Actual Startup Time": 32673.241, "Actual Total Time": 37511.677, "Actual Rows": 58537, "Actual Loops": 1, "Inner Unique": false, "Hash Cond": "((lineitem.l_partkey = partsupp.ps_partkey) AND (lineitem.l_suppkey = partsupp.ps_suppkey))", "Join Filter": "((partsupp.ps_availqty)::double precision > (.5::double precision * (sum(lineitem.l_quantity))))", "Rows Removed by Join Filter": 136, "Plans": [{"Node Type": "Aggregate", "Strategy": "Hashed", "Parent Relationship": "Outer", "Startup Cost": 2405767.29, "Total Cost": 2519163.29, "Plan Rows": 9071680, "Plan Width": 40, "Actual Startup Time": 31627.107, "Actual Total Time": 34877.602, "Actual Rows": 5442751, "Actual Loops": 1, "Group By Key": ["lineitem.l_partkey", "lineitem.l_suppkey"], "Plans": [{"Node Type": "Seq Scan", "Parent Relationship": "Outer", "Relation Name": "lineitem", "Alias": "lineitem", "Startup Cost": 119.57, "Total Cost": 2315050.5, "Plan Rows": 9071680, "Plan Width": 24, "Actual Startup Time": 0.037, "Actual Total Time": 23333.254, "Actual Rows": 9109641, "Actual Loops": 1, "Filter": "((l_shipdate >= '1993-01-01 00:00:00'::timestamp(0) without time zone) AND (l_shipdate < '1994-01-01 00:00:00'::timestamp without time zone)), (LLVM Optimized, Jit Execute)", "Rows Removed by Filter": 50876411}]}, {"Node Type": "Hash", "Parent Relationship": "Inner", "Startup Cost": 225072.53, "Total Cost": 225072.53, "Plan Rows": 64552, "Plan Width": 32, "Actual Startup Time": 1045.645, "Actual Total Time": 1045.645, "Actual Rows": 86224, "Actual Loops": 1, "Hash Buckets": 65536, "Hash Batches": 1, "Original Hash Batches": 1, "Peak Memory Usage": 5389, "Plans": [{"Node Type": "Nested Loop", "Parent Relationship": "Outer", "Join Type": "Inner", "Startup Cost": 0.0, "Total Cost": 225072.53, "Plan Rows": 64552, "Plan Width": 32, "Actual Startup Time": 0.04, "Actual Total Time": 1007.292, "Actual Rows": 86224, "Actual Loops": 1, "Inner Unique": false, "Plans": [{"Node Type": "Seq Scan", "Parent Relationship": "Outer", "Relation Name": "part", "Alias": "part", "Startup Cost": 0.0, "Total Cost": 66944.0, "Plan Rows": 22472, "Plan Width": 8, "Actual Startup Time": 0.02, "Actual Total Time": 779.294, "Actual Rows": 21556, "Actual Loops": 1, "Filter": "((p_name)::text ~~ 'green%'::text)", "Rows Removed by Filter": 1978444}, {"Node Type": "Index Scan", "Parent Relationship": "Inner", "Scan Direction": "Forward", "Index Name": "idx_partsupp_partkey", "Relation Name": "partsupp", "Alias": "partsupp", "Startup Cost": 0.0, "Total Cost": 7.01, "Plan Rows": 3, "Plan Width": 24, "Actual Startup Time": 151.296, "Actual Total Time": 195.612, "Actual Rows": 86224, "Actual Loops": 21556, "Index Cond": "(ps_partkey = part.p_partkey)", "Rows Removed by Index Recheck": 0}]}]}]}]}]}]}, "Triggers": [], "Planner Runtime": 2, "Total Runtime": 88148.778, "Unique SQL Id": 202076520}}, "(16, 45)": {"explain_plan": {"Plan": {"Node Type": "Sort", "Startup Cost": 6721015.3, "Total Cost": 6721020.3, "Plan Rows": 2000, "Plan Width": 51, "Sort Key": ["supplier.s_name"], "Plans": [{"Node Type": "Nested Loop", "Parent Relationship": "Outer", "Join Type": "Semi", "Startup Cost": 6419358.7, "Total Cost": 6720905.64, "Plan Rows": 2000, "Plan Width": 51, "Inner Unique": false, "Join Filter": "(supplier.s_suppkey = lineitem.l_suppkey)", "Plans": [{"Node Type": "Nested Loop", "Parent Relationship": "Outer", "Join Type": "Inner", "Startup Cost": 0.0, "Total Cost": 6597.23, "Plan Rows": 4000, "Plan Width": 59, "Inner Unique": false, "Join Filter": "(supplier.s_nationkey = nation.n_nationkey)", "Plans": [{"Node Type": "Index Scan", "Parent Relationship": "Outer", "Scan Direction": "Forward", "Index Name": "nation_pkey", "Relation Name": "nation", "Alias": "nation", "Startup Cost": 0.0, "Total Cost": 12.69, "Plan Rows": 1, "Plan Width": 4, "Filter": "(n_name = 'ALGERIA'::bpchar)"}, {"Node Type": "Index Scan", "Parent Relationship": "Inner", "Scan Direction": "Forward", "Index Name": "supplier_pkey", "Relation Name": "supplier", "Alias": "supplier", "Startup Cost": 0.0, "Total Cost": 5334.54, "Plan Rows": 100000, "Plan Width": 63}]}, {"Node Type": "Materialize", "Parent Relationship": "Inner", "Startup Cost": 6419358.7, "Total Cost": 6714188.41, "Plan Rows": 2, "Plan Width": 16, "Plans": [{"Node Type": "Hash Join", "Parent Relationship": "Outer", "Join Type": "Inner", "Startup Cost": 6419358.7, "Total Cost": 6714188.4, "Plan Rows": 2, "Plan Width": 16, "Inner Unique": false, "Hash Cond": "((lineitem.l_partkey = partsupp.ps_partkey) AND (lineitem.l_suppkey = partsupp.ps_suppkey))", "Join Filter": "((partsupp.ps_availqty)::double precision > (.5::double precision * (sum(lineitem.l_quantity))))", "Plans": [{"Node Type": "Aggregate", "Strategy": "Hashed", "Parent Relationship": "Outer", "Startup Cost": 6154458.63, "Total Cost": 6267854.63, "Plan Rows": 9071680, "Plan Width": 40, "Group By Key": ["lineitem.l_partkey", "lineitem.l_suppkey"], "Plans": [{"Node Type": "Index Scan", "Parent Relationship": "Outer", "Scan Direction": "Forward", "Index Name": "idx_lineitem_shipdate", "Relation Name": "lineitem", "Alias": "lineitem", "Startup Cost": 0.0, "Total Cost": 6063741.83, "Plan Rows": 9071680, "Plan Width": 24, "Index Cond": "((l_shipdate >= '1993-01-01 00:00:00'::timestamp(0) without time zone) AND (l_shipdate < '1994-01-01 00:00:00'::timestamp without time zone)), (LLVM Optimized)"}]}, {"Node Type": "Hash", "Parent Relationship": "Inner", "Startup Cost": 263931.78, "Total Cost": 263931.78, "Plan Rows": 64552, "Plan Width": 32, "Plans": [{"Node Type": "Nested Loop", "Parent Relationship": "Outer", "Join Type": "Inner", "Startup Cost": 0.0, "Total Cost": 263931.78, "Plan Rows": 64552, "Plan Width": 32, "Inner Unique": false, "Plans": [{"Node Type": "Index Scan", "Parent Relationship": "Outer", "Scan Direction": "Forward", "Index Name": "part_kpey", "Relation Name": "part", "Alias": "part", "Startup Cost": 0.0, "Total Cost": 105803.25, "Plan Rows": 22472, "Plan Width": 8, "Filter": "((p_name)::text ~~ 'green%'::text)"}, {"Node Type": "Index Scan", "Parent Relationship": "Inner", "Scan Direction": "Forward", "Index Name": "idx_partsupp_partkey", "Relation Name": "partsupp", "Alias": "partsupp", "Startup Cost": 0.0, "Total Cost": 7.01, "Plan Rows": 3, "Plan Width": 24, "Index Cond": "(ps_partkey = part.p_partkey)"}]}]}]}]}]}]}, "Unique SQL Id": 202076520, "Planner Runtime": 2}, "explain_analyze_plan": {"Plan": {"Node Type": "Sort", "Startup Cost": 6721015.3, "Total Cost": 6721020.3, "Plan Rows": 2000, "Plan Width": 51, "Actual Startup Time": 90428.791, "Actual Total Time": 90428.973, "Actual Rows": 1746, "Actual Loops": 1, "Sort Key": ["supplier.s_name"], "Sort Method": "quicksort", "Sort Space Used": 309, "Sort Space Type": "Memory", "Plans": [{"Node Type": "Nested Loop", "Parent Relationship": "Outer", "Join Type": "Semi", "Startup Cost": 6419358.7, "Total Cost": 6720905.64, "Plan Rows": 2000, "Plan Width": 51, "Actual Startup Time": 39579.285, "Actual Total Time": 90424.309, "Actual Rows": 1746, "Actual Loops": 1, "Inner Unique": false, "Join Filter": "(supplier.s_suppkey = lineitem.l_suppkey)", "Rows Removed by Join Filter": 174379317, "Plans": [{"Node Type": "Nested Loop", "Parent Relationship": "Outer", "Join Type": "Inner", "Startup Cost": 0.0, "Total Cost": 6597.23, "Plan Rows": 4000, "Plan Width": 59, "Actual Startup Time": 0.064, "Actual Total Time": 103.861, "Actual Rows": 3934, "Actual Loops": 1, "Inner Unique": false, "Join Filter": "(supplier.s_nationkey = nation.n_nationkey)", "Rows Removed by Join Filter": 96066, "Plans": [{"Node Type": "Index Scan", "Parent Relationship": "Outer", "Scan Direction": "Forward", "Index Name": "nation_pkey", "Relation Name": "nation", "Alias": "nation", "Startup Cost": 0.0, "Total Cost": 12.69, "Plan Rows": 1, "Plan Width": 4, "Actual Startup Time": 0.02, "Actual Total Time": 0.051, "Actual Rows": 1, "Actual Loops": 1, "Filter": "(n_name = 'ALGERIA'::bpchar)", "Rows Removed by Filter": 24}, {"Node Type": "Index Scan", "Parent Relationship": "Inner", "Scan Direction": "Forward", "Index Name": "supplier_pkey", "Relation Name": "supplier", "Alias": "supplier", "Startup Cost": 0.0, "Total Cost": 5334.54, "Plan Rows": 100000, "Plan Width": 63, "Actual Startup Time": 0.02, "Actual Total Time": 75.892, "Actual Rows": 100000, "Actual Loops": 1}]}, {"Node Type": "Materialize", "Parent Relationship": "Inner", "Startup Cost": 6419358.7, "Total Cost": 6714188.41, "Plan Rows": 2, "Plan Width": 16, "Actual Startup Time": 34152.129, "Actual Total Time": 56957.83, "Actual Rows": 174381063, "Actual Loops": 3934, "Plans": [{"Node Type": "Hash Join", "Parent Relationship": "Outer", "Join Type": "Inner", "Startup Cost": 6419358.7, "Total Cost": 6714188.4, "Plan Rows": 2, "Plan Width": 16, "Actual Startup Time": 34151.371, "Actual Total Time": 39530.322, "Actual Rows": 58537, "Actual Loops": 1, "Inner Unique": false, "Hash Cond": "((lineitem.l_partkey = partsupp.ps_partkey) AND (lineitem.l_suppkey = partsupp.ps_suppkey))", "Join Filter": "((partsupp.ps_availqty)::double precision > (.5::double precision * (sum(lineitem.l_quantity))))", "Rows Removed by Join Filter": 136, "Plans": [{"Node Type": "Aggregate", "Strategy": "Hashed", "Parent Relationship": "Outer", "Startup Cost": 6154458.63, "Total Cost": 6267854.63, "Plan Rows": 9071680, "Plan Width": 40, "Actual Startup Time": 32406.072, "Actual Total Time": 36238.966, "Actual Rows": 5442751, "Actual Loops": 1, "Group By Key": ["lineitem.l_partkey", "lineitem.l_suppkey"], "Plans": [{"Node Type": "Index Scan", "Parent Relationship": "Outer", "Scan Direction": "Forward", "Index Name": "idx_lineitem_shipdate", "Relation Name": "lineitem", "Alias": "lineitem", "Startup Cost": 0.0, "Total Cost": 6063741.83, "Plan Rows": 9071680, "Plan Width": 24, "Actual Startup Time": 0.074, "Actual Total Time": 23879.708, "Actual Rows": 9109641, "Actual Loops": 1, "Index Cond": "((l_shipdate >= '1993-01-01 00:00:00'::timestamp(0) without time zone) AND (l_shipdate < '1994-01-01 00:00:00'::timestamp without time zone)), (LLVM Optimized, Jit Execute)", "Rows Removed by Index Recheck": 0}]}, {"Node Type": "Hash", "Parent Relationship": "Inner", "Startup Cost": 263931.78, "Total Cost": 263931.78, "Plan Rows": 64552, "Plan Width": 32, "Actual Startup Time": 1745.137, "Actual Total Time": 1745.137, "Actual Rows": 86224, "Actual Loops": 1, "Hash Buckets": 65536, "Hash Batches": 1, "Original Hash Batches": 1, "Peak Memory Usage": 5389, "Plans": [{"Node Type": "Nested Loop", "Parent Relationship": "Outer", "Join Type": "Inner", "Startup Cost": 0.0, "Total Cost": 263931.78, "Plan Rows": 64552, "Plan Width": 32, "Actual Startup Time": 0.053, "Actual Total Time": 1712.804, "Actual Rows": 86224, "Actual Loops": 1, "Inner Unique": false, "Plans": [{"Node Type": "Index Scan", "Parent Relationship": "Outer", "Scan Direction": "Forward", "Index Name": "part_kpey", "Relation Name": "part", "Alias": "part", "Startup Cost": 0.0, "Total Cost": 105803.25, "Plan Rows": 22472, "Plan Width": 8, "Actual Startup Time": 0.041, "Actual Total Time": 1519.048, "Actual Rows": 21556, "Actual Loops": 1, "Filter": "((p_name)::text ~~ 'green%'::text)", "Rows Removed by Filter": 1978444}, {"Node Type": "Index Scan", "Parent Relationship": "Inner", "Scan Direction": "Forward", "Index Name": "idx_partsupp_partkey", "Relation Name": "partsupp", "Alias": "partsupp", "Startup Cost": 0.0, "Total Cost": 7.01, "Plan Rows": 3, "Plan Width": 24, "Actual Startup Time": 114.497, "Actual Total Time": 160.812, "Actual Rows": 86224, "Actual Loops": 21556, "Index Cond": "(ps_partkey = part.p_partkey)", "Rows Removed by Index Recheck": 0}]}]}]}]}]}]}, "Triggers": [], "Planner Runtime": 2, "Total Runtime": 90438.681, "Unique SQL Id": 202076520}}, "(16, 46)": {"explain_plan": {"Plan": {"Node Type": "Sort", "Startup Cost": 3064191.97, "Total Cost": 3064196.97, "Plan Rows": 2000, "Plan Width": 51, "Sort Key": ["supplier.s_name"], "Plans": [{"Node Type": "Nested Loop", "Parent Relationship": "Outer", "Join Type": "Semi", "Startup Cost": 2764598.29, "Total Cost": 3064082.31, "Plan Rows": 2000, "Plan Width": 51, "Inner Unique": false, "Join Filter": "(supplier.s_suppkey = lineitem.l_suppkey)", "Plans": [{"Node Type": "Nested Loop", "Parent Relationship": "Outer", "Join Type": "Inner", "Startup Cost": 0.0, "Total Cost": 4534.31, "Plan Rows": 4000, "Plan Width": 59, "Inner Unique": false, "Join Filter": "(supplier.s_nationkey = nation.n_nationkey)", "Plans": [{"Node Type": "Seq Scan", "Parent Relationship": "Outer", "Relation Name": "nation", "Alias": "nation", "Startup Cost": 0.0, "Total Cost": 1.31, "Plan Rows": 1, "Plan Width": 4, "Filter": "(n_name = 'ALGERIA'::bpchar)"}, {"Node Type": "Seq Scan", "Parent Relationship": "Inner", "Relation Name": "supplier", "Alias": "supplier", "Startup Cost": 0.0, "Total Cost": 3283.0, "Plan Rows": 100000, "Plan Width": 63}]}, {"Node Type": "Materialize", "Parent Relationship": "Inner", "Startup Cost": 2764598.29, "Total Cost": 3059428.0, "Plan Rows": 2, "Plan Width": 16, "Plans": [{"Node Type": "Hash Join", "Parent Relationship": "Outer", "Join Type": "Inner", "Startup Cost": 2764598.29, "Total Cost": 3059427.99, "Plan Rows": 2, "Plan Width": 16, "Inner Unique": false, "Hash Cond": "((lineitem.l_partkey = partsupp.ps_partkey) AND (lineitem.l_suppkey = partsupp.ps_suppkey))", "Join Filter": "((partsupp.ps_availqty)::double precision > (.5::double precision * (sum(lineitem.l_quantity))))", "Plans": [{"Node Type": "Aggregate", "Strategy": "Hashed", "Parent Relationship": "Outer", "Startup Cost": 2405767.29, "Total Cost": 2519163.29, "Plan Rows": 9071680, "Plan Width": 40, "Group By Key": ["lineitem.l_partkey", "lineitem.l_suppkey"], "Plans": [{"Node Type": "Seq Scan", "Parent Relationship": "Outer", "Relation Name": "lineitem", "Alias": "lineitem", "Startup Cost": 119.57, "Total Cost": 2315050.5, "Plan Rows": 9071680, "Plan Width": 24, "Filter": "((l_shipdate >= '1993-01-01 00:00:00'::timestamp(0) without time zone) AND (l_shipdate < '1994-01-01 00:00:00'::timestamp without time zone)), (LLVM Optimized)"}]}, {"Node Type": "Hash", "Parent Relationship": "Inner", "Startup Cost": 357862.71, "Total Cost": 357862.71, "Plan Rows": 64552, "Plan Width": 32, "Plans": [{"Node Type": "Hash Join", "Parent Relationship": "Outer", "Join Type": "Inner", "Startup Cost": 67224.9, "Total Cost": 357862.71, "Plan Rows": 64552, "Plan Width": 32, "Inner Unique": true, "Hash Cond": "(partsupp.ps_partkey = part.p_partkey)", "Plans": [{"Node Type": "Seq Scan", "Parent Relationship": "Outer", "Relation Name": "partsupp", "Alias": "partsupp", "Startup Cost": 0.0, "Total Cost": 269987.72, "Plan Rows": 8000372, "Plan Width": 24}, {"Node Type": "Hash", "Parent Relationship": "Inner", "Startup Cost": 66944.0, "Total Cost": 66944.0, "Plan Rows": 22472, "Plan Width": 8, "Plans": [{"Node Type": "Seq Scan", "Parent Relationship": "Outer", "Relation Name": "part", "Alias": "part", "Startup Cost": 0.0, "Total Cost": 66944.0, "Plan Rows": 22472, "Plan Width": 8, "Filter": "((p_name)::text ~~ 'green%'::text)"}]}]}]}]}]}]}]}, "Unique SQL Id": 202076520, "Planner Runtime": 2}, "explain_analyze_plan": {"Plan": {"Node Type": "Sort", "Startup Cost": 3064191.97, "Total Cost": 3064196.97, "Plan Rows": 2000, "Plan Width": 51, "Actual Startup Time": 91604.033, "Actual Total Time": 91604.184, "Actual Rows": 1746, "Actual Loops": 1, "Sort Key": ["supplier.s_name"], "Sort Method": "quicksort", "Sort Space Used": 309, "Sort Space Type": "Memory", "Plans": [{"Node Type": "Nested Loop", "Parent Relationship": "Outer", "Join Type": "Semi", "Startup Cost": 2764598.29, "Total Cost": 3064082.31, "Plan Rows": 2000, "Plan Width": 51, "Actual Startup Time": 40981.267, "Actual Total Time": 91596.578, "Actual Rows": 1746, "Actual Loops": 1, "Inner Unique": false, "Join Filter": "(supplier.s_suppkey = lineitem.l_suppkey)", "Rows Removed by Join Filter": 174379316, "Plans": [{"Node Type": "Nested Loop", "Parent Relationship": "Outer", "Join Type": "Inner", "Startup Cost": 0.0, "Total Cost": 4534.31, "Plan Rows": 4000, "Plan Width": 59, "Actual Startup Time": 0.062, "Actual Total Time": 71.893, "Actual Rows": 3934, "Actual Loops": 1, "Inner Unique": false, "Join Filter": "(supplier.s_nationkey = nation.n_nationkey)", "Rows Removed by Join Filter": 96066, "Plans": [{"Node Type": "Seq Scan", "Parent Relationship": "Outer", "Relation Name": "nation", "Alias": "nation", "Startup Cost": 0.0, "Total Cost": 1.31, "Plan Rows": 1, "Plan Width": 4, "Actual Startup Time": 0.021, "Actual Total Time": 0.053, "Actual Rows": 1, "Actual Loops": 1, "Filter": "(n_name = 'ALGERIA'::bpchar)", "Rows Removed by Filter": 24}, {"Node Type": "Seq Scan", "Parent Relationship": "Inner", "Relation Name": "supplier", "Alias": "supplier", "Startup Cost": 0.0, "Total Cost": 3283.0, "Plan Rows": 100000, "Plan Width": 63, "Actual Startup Time": 0.024, "Actual Total Time": 42.675, "Actual Rows": 100000, "Actual Loops": 1}]}, {"Node Type": "Materialize", "Parent Relationship": "Inner", "Startup Cost": 2764598.29, "Total Cost": 3059428.0, "Plan Rows": 2, "Plan Width": 16, "Actual Startup Time": 36498.126, "Actual Total Time": 58245.252, "Actual Rows": 174381062, "Actual Loops": 3934, "Plans": [{"Node Type": "Hash Join", "Parent Relationship": "Outer", "Join Type": "Inner", "Startup Cost": 2764598.29, "Total Cost": 3059427.99, "Plan Rows": 2, "Plan Width": 16, "Actual Startup Time": 36497.424, "Actual Total Time": 40933.883, "Actual Rows": 58537, "Actual Loops": 1, "Inner Unique": false, "Hash Cond": "((lineitem.l_partkey = partsupp.ps_partkey) AND (lineitem.l_suppkey = partsupp.ps_suppkey))", "Join Filter": "((partsupp.ps_availqty)::double precision > (.5::double precision * (sum(lineitem.l_quantity))))", "Rows Removed by Join Filter": 136, "Plans": [{"Node Type": "Aggregate", "Strategy": "Hashed", "Parent Relationship": "Outer", "Startup Cost": 2405767.29, "Total Cost": 2519163.29, "Plan Rows": 9071680, "Plan Width": 40, "Actual Startup Time": 31692.206, "Actual Total Time": 34596.515, "Actual Rows": 5442751, "Actual Loops": 1, "Group By Key": ["lineitem.l_partkey", "lineitem.l_suppkey"], "Plans": [{"Node Type": "Seq Scan", "Parent Relationship": "Outer", "Relation Name": "lineitem", "Alias": "lineitem", "Startup Cost": 119.57, "Total Cost": 2315050.5, "Plan Rows": 9071680, "Plan Width": 24, "Actual Startup Time": 0.057, "Actual Total Time": 23401.471, "Actual Rows": 9109641, "Actual Loops": 1, "Filter": "((l_shipdate >= '1993-01-01 00:00:00'::timestamp(0) without time zone) AND (l_shipdate < '1994-01-01 00:00:00'::timestamp without time zone)), (LLVM Optimized, Jit Execute)", "Rows Removed by Filter": 50876411}]}, {"Node Type": "Hash", "Parent Relationship": "Inner", "Startup Cost": 357862.71, "Total Cost": 357862.71, "Plan Rows": 64552, "Plan Width": 32, "Actual Startup Time": 4804.554, "Actual Total Time": 4804.554, "Actual Rows": 86224, "Actual Loops": 1, "Hash Buckets": 65536, "Hash Batches": 1, "Original Hash Batches": 1, "Peak Memory Usage": 5389, "Plans": [{"Node Type": "Hash Join", "Parent Relationship": "Outer", "Join Type": "Inner", "Startup Cost": 67224.9, "Total Cost": 357862.71, "Plan Rows": 64552, "Plan Width": 32, "Actual Startup Time": 793.423, "Actual Total Time": 4764.2, "Actual Rows": 86224, "Actual Loops": 1, "Inner Unique": true, "Hash Cond": "(partsupp.ps_partkey = part.p_partkey)", "Plans": [{"Node Type": "Seq Scan", "Parent Relationship": "Outer", "Relation Name": "partsupp", "Alias": "partsupp", "Startup Cost": 0.0, "Total Cost": 269987.72, "Plan Rows": 8000372, "Plan Width": 24, "Actual Startup Time": 0.011, "Actual Total Time": 2434.768, "Actual Rows": 8000000, "Actual Loops": 1}, {"Node Type": "Hash", "Parent Relationship": "Inner", "Startup Cost": 66944.0, "Total Cost": 66944.0, "Plan Rows": 22472, "Plan Width": 8, "Actual Startup Time": 793.28, "Actual Total Time": 793.28, "Actual Rows": 21556, "Actual Loops": 1, "Hash Buckets": 32768, "Hash Batches": 1, "Original Hash Batches": 1, "Peak Memory Usage": 843, "Plans": [{"Node Type": "Seq Scan", "Parent Relationship": "Outer", "Relation Name": "part", "Alias": "part", "Startup Cost": 0.0, "Total Cost": 66944.0, "Plan Rows": 22472, "Plan Width": 8, "Actual Startup Time": 0.028, "Actual Total Time": 784.169, "Actual Rows": 21556, "Actual Loops": 1, "Filter": "((p_name)::text ~~ 'green%'::text)", "Rows Removed by Filter": 1978444}]}]}]}]}]}]}]}, "Triggers": [], "Planner Runtime": 2, "Total Runtime": 91614.016, "Unique SQL Id": 202076520}}, "(16, 47)": {"explain_plan": {"Plan": {"Node Type": "Sort", "Startup Cost": 5018253561064.47, "Total Cost": 5018253561069.47, "Plan Rows": 2000, "Plan Width": 51, "Sort Key": ["supplier.s_name"], "Plans": [{"Node Type": "Nested Loop", "Parent Relationship": "Outer", "Join Type": "Semi", "Startup Cost": 1040805475552.94, "Total Cost": 5018253560954.81, "Plan Rows": 2000, "Plan Width": 51, "Inner Unique": false, "Join Filter": "(supplier.s_suppkey = subquery.\"?column?\")", "Plans": [{"Node Type": "Nested Loop", "Parent Relationship": "Outer", "Join Type": "Inner", "Startup Cost": 20000000000.0, "Total Cost": 2000000536223.13, "Plan Rows": 4000, "Plan Width": 59, "Inner Unique": true, "Join Filter": "(supplier.s_nationkey = nation.n_nationkey)", "Plans": [{"Node Type": "Index Scan", "Parent Relationship": "Outer", "Scan Direction": "Forward", "Index Name": "supplier_pkey", "Relation Name": "supplier", "Alias": "supplier", "Startup Cost": 10000000000.0, "Total Cost": 1000000533454.38, "Plan Rows": 100000, "Plan Width": 63}, {"Node Type": "Materialize", "Parent Relationship": "Inner", "Startup Cost": 10000000000.0, "Total Cost": 1000000001268.76, "Plan Rows": 1, "Plan Width": 4, "Plans": [{"Node Type": "Index Scan", "Parent Relationship": "Outer", "Scan Direction": "Forward", "Index Name": "nation_pkey", "Relation Name": "nation", "Alias": "nation", "Startup Cost": 10000000000.0, "Total Cost": 1000000001268.75, "Plan Rows": 1, "Plan Width": 4, "Filter": "(n_name = 'ALGERIA'::bpchar)"}]}]}, {"Node Type": "Materialize", "Parent Relationship": "Inner", "Startup Cost": 1020805475552.94, "Total Cost": 3018253024611.68, "Plan Rows": 2, "Plan Width": 16, "Plans": [{"Node Type": "Nested Loop", "Parent Relationship": "Outer", "Join Type": "Inner", "Startup Cost": 1020805475552.94, "Total Cost": 3018253024611.67, "Plan Rows": 2, "Plan Width": 16, "Inner Unique": true, "Join Filter": "((partsupp.ps_partkey = subquery.\"?column?\") AND (partsupp.ps_suppkey = subquery.\"?column?\") AND ((partsupp.ps_availqty)::double precision > (.5::double precision * subquery.\"?column?\")))", "Plans": [{"Node Type": "Nested Loop", "Parent Relationship": "Outer", "Join Type": "Semi", "Startup Cost": 20000000000.0, "Total Cost": 2002807445082.73, "Plan Rows": 64552, "Plan Width": 32, "Inner Unique": false, "Join Filter": "(partsupp.ps_partkey = part.p_partkey)", "Plans": [{"Node Type": "Index Scan", "Parent Relationship": "Outer", "Scan Direction": "Forward", "Index Name": "idx_partsupp_suppkey", "Relation Name": "partsupp", "Alias": "partsupp", "Startup Cost": 10000000000.0, "Total Cost": 1000100160480.77, "Plan Rows": 8000372, "Plan Width": 24}, {"Node Type": "Materialize", "Parent Relationship": "Inner", "Startup Cost": 10000000000.0, "Total Cost": 1000010580437.36, "Plan Rows": 22472, "Plan Width": 8, "Plans": [{"Node Type": "Index Scan", "Parent Relationship": "Outer", "Scan Direction": "Forward", "Index Name": "part_kpey", "Relation Name": "part", "Alias": "part", "Startup Cost": 10000000000.0, "Total Cost": 1000010580325.0, "Plan Rows": 22472, "Plan Width": 8, "Filter": "((p_name)::text ~~ 'green%'::text)"}]}]}, {"Node Type": "Materialize", "Parent Relationship": "Inner", "Startup Cost": 1000805475552.94, "Total Cost": 1000805725024.14, "Plan Rows": 9071680, "Plan Width": 24, "Plans": [{"Node Type": "Subquery Scan", "Parent Relationship": "Outer", "Alias": "subquery", "Startup Cost": 1000805475552.94, "Total Cost": 1000805679665.74, "Plan Rows": 9071680, "Plan Width": 24, "Plans": [{"Node Type": "Aggregate", "Strategy": "Hashed", "Parent Relationship": "Subquery", "Startup Cost": 1000805475552.94, "Total Cost": 1000805588948.94, "Plan Rows": 9071680, "Plan Width": 40, "Group By Key": ["lineitem.l_partkey", "lineitem.l_suppkey"], "Plans": [{"Node Type": "Index Scan", "Parent Relationship": "Outer", "Scan Direction": "Forward", "Index Name": "idx_lineitem_part_supp", "Relation Name": "lineitem", "Alias": "lineitem", "Startup Cost": 10000000000.0, "Total Cost": 1000805384836.14, "Plan Rows": 9071680, "Plan Width": 24, "Filter": "((l_shipdate >= '1993-01-01 00:00:00'::timestamp(0) without time zone) AND (l_shipdate < '1994-01-01 00:00:00'::timestamp without time zone)), (LLVM Optimized)"}]}]}]}]}]}]}]}, "Unique SQL Id": 202076520, "Planner Runtime": 2}, "explain_analyze_plan": null}, "(16, 48)": {"explain_plan": {"Plan": {"Node Type": "Sort", "Startup Cost": 5735697.9, "Total Cost": 5735702.9, "Plan Rows": 2000, "Plan Width": 51, "Sort Key": ["supplier.s_name"], "Plans": [{"Node Type": "Nested Loop", "Parent Relationship": "Outer", "Join Type": "Semi", "Startup Cost": 1956349.97, "Total Cost": 5735588.24, "Plan Rows": 2000, "Plan Width": 51, "Inner Unique": false, "Join Filter": "(supplier.s_suppkey = lineitem.l_suppkey)", "Plans": [{"Node Type": "Nested Loop", "Parent Relationship": "Outer", "Join Type": "Inner", "Startup Cost": 0.0, "Total Cost": 4534.31, "Plan Rows": 4000, "Plan Width": 59, "Inner Unique": false, "Join Filter": "(supplier.s_nationkey = nation.n_nationkey)", "Plans": [{"Node Type": "Seq Scan", "Parent Relationship": "Outer", "Relation Name": "nation", "Alias": "nation", "Startup Cost": 0.0, "Total Cost": 1.31, "Plan Rows": 1, "Plan Width": 4, "Filter": "(n_name = 'ALGERIA'::bpchar)"}, {"Node Type": "Seq Scan", "Parent Relationship": "Inner", "Relation Name": "supplier", "Alias": "supplier", "Startup Cost": 0.0, "Total Cost": 3283.0, "Plan Rows": 100000, "Plan Width": 63}]}, {"Node Type": "Materialize", "Parent Relationship": "Inner", "Startup Cost": 1956349.97, "Total Cost": 5730933.93, "Plan Rows": 2, "Plan Width": 16, "Plans": [{"Node Type": "Nested Loop", "Parent Relationship": "Outer", "Join Type": "Semi", "Startup Cost": 1956349.97, "Total Cost": 5730933.92, "Plan Rows": 2, "Plan Width": 16, "Inner Unique": false, "Plans": [{"Node Type": "Nested Loop", "Parent Relationship": "Outer", "Join Type": "Inner", "Startup Cost": 1956349.97, "Total Cost": 5730929.17, "Plan Rows": 15, "Plan Width": 32, "Inner Unique": true, "Plans": [{"Node Type": "Aggregate", "Strategy": "Hashed", "Parent Relationship": "Outer", "Startup Cost": 1956349.97, "Total Cost": 2069745.97, "Plan Rows": 9071680, "Plan Width": 40, "Group By Key": ["lineitem.l_partkey", "lineitem.l_suppkey"], "Plans": [{"Node Type": "Bitmap Heap Scan", "Parent Relationship": "Outer", "Relation Name": "lineitem", "Alias": "lineitem", "Startup Cost": 314312.97, "Total Cost": 1865633.17, "Plan Rows": 9071680, "Plan Width": 24, "Recheck Cond": "((l_shipdate >= '1993-01-01 00:00:00'::timestamp(0) without time zone) AND (l_shipdate < '1994-01-01 00:00:00'::timestamp without time zone)), (LLVM Optimized)", "Plans": [{"Node Type": "Bitmap Index Scan", "Parent Relationship": "Outer", "Index Name": "idx_lineitem_shipdate", "Startup Cost": 0.0, "Total Cost": 312045.05, "Plan Rows": 9071680, "Plan Width": 0, "Index Cond": "((l_shipdate >= '1993-01-01 00:00:00'::timestamp(0) without time zone) AND (l_shipdate < '1994-01-01 00:00:00'::timestamp without time zone))"}]}]}, {"Node Type": "Index Scan", "Parent Relationship": "Inner", "Scan Direction": "Forward", "Index Name": "partsupp_pkey", "Relation Name": "partsupp", "Alias": "partsupp", "Startup Cost": 0.0, "Total Cost": 0.38, "Plan Rows": 1, "Plan Width": 24, "Index Cond": "((ps_partkey = lineitem.l_partkey) AND (ps_suppkey = lineitem.l_suppkey))", "Filter": "((ps_availqty)::double precision > (.5::double precision * (sum(lineitem.l_quantity))))"}]}, {"Node Type": "Index Scan", "Parent Relationship": "Inner", "Scan Direction": "Forward", "Index Name": "part_kpey", "Relation Name": "part", "Alias": "part", "Startup Cost": 0.0, "Total Cost": 0.3, "Plan Rows": 1, "Plan Width": 8, "Index Cond": "(p_partkey = partsupp.ps_partkey)", "Filter": "((p_name)::text ~~ 'green%'::text)"}]}]}]}]}, "Unique SQL Id": 202076520, "Planner Runtime": 2}, "explain_analyze_plan": null}, "(16, 49)": {"explain_plan": {"Plan": {"Node Type": "Sort", "Startup Cost": 5737760.82, "Total Cost": 5737765.82, "Plan Rows": 2000, "Plan Width": 51, "Sort Key": ["supplier.s_name"], "Plans": [{"Node Type": "Nested Loop", "Parent Relationship": "Outer", "Join Type": "Semi", "Startup Cost": 1956349.97, "Total Cost": 5737651.16, "Plan Rows": 2000, "Plan Width": 51, "Inner Unique": false, "Join Filter": "(supplier.s_suppkey = lineitem.l_suppkey)", "Plans": [{"Node Type": "Nested Loop", "Parent Relationship": "Outer", "Join Type": "Inner", "Startup Cost": 0.0, "Total Cost": 6597.23, "Plan Rows": 4000, "Plan Width": 59, "Inner Unique": false, "Join Filter": "(supplier.s_nationkey = nation.n_nationkey)", "Plans": [{"Node Type": "Index Scan", "Parent Relationship": "Outer", "Scan Direction": "Forward", "Index Name": "nation_pkey", "Relation Name": "nation", "Alias": "nation", "Startup Cost": 0.0, "Total Cost": 12.69, "Plan Rows": 1, "Plan Width": 4, "Filter": "(n_name = 'ALGERIA'::bpchar)"}, {"Node Type": "Index Scan", "Parent Relationship": "Inner", "Scan Direction": "Forward", "Index Name": "supplier_pkey", "Relation Name": "supplier", "Alias": "supplier", "Startup Cost": 0.0, "Total Cost": 5334.54, "Plan Rows": 100000, "Plan Width": 63}]}, {"Node Type": "Materialize", "Parent Relationship": "Inner", "Startup Cost": 1956349.97, "Total Cost": 5730933.93, "Plan Rows": 2, "Plan Width": 16, "Plans": [{"Node Type": "Nested Loop", "Parent Relationship": "Outer", "Join Type": "Semi", "Startup Cost": 1956349.97, "Total Cost": 5730933.92, "Plan Rows": 2, "Plan Width": 16, "Inner Unique": false, "Plans": [{"Node Type": "Nested Loop", "Parent Relationship": "Outer", "Join Type": "Inner", "Startup Cost": 1956349.97, "Total Cost": 5730929.17, "Plan Rows": 15, "Plan Width": 32, "Inner Unique": true, "Plans": [{"Node Type": "Aggregate", "Strategy": "Hashed", "Parent Relationship": "Outer", "Startup Cost": 1956349.97, "Total Cost": 2069745.97, "Plan Rows": 9071680, "Plan Width": 40, "Group By Key": ["lineitem.l_partkey", "lineitem.l_suppkey"], "Plans": [{"Node Type": "Bitmap Heap Scan", "Parent Relationship": "Outer", "Relation Name": "lineitem", "Alias": "lineitem", "Startup Cost": 314312.97, "Total Cost": 1865633.17, "Plan Rows": 9071680, "Plan Width": 24, "Recheck Cond": "((l_shipdate >= '1993-01-01 00:00:00'::timestamp(0) without time zone) AND (l_shipdate < '1994-01-01 00:00:00'::timestamp without time zone)), (LLVM Optimized)", "Plans": [{"Node Type": "Bitmap Index Scan", "Parent Relationship": "Outer", "Index Name": "idx_lineitem_shipdate", "Startup Cost": 0.0, "Total Cost": 312045.05, "Plan Rows": 9071680, "Plan Width": 0, "Index Cond": "((l_shipdate >= '1993-01-01 00:00:00'::timestamp(0) without time zone) AND (l_shipdate < '1994-01-01 00:00:00'::timestamp without time zone))"}]}]}, {"Node Type": "Index Scan", "Parent Relationship": "Inner", "Scan Direction": "Forward", "Index Name": "partsupp_pkey", "Relation Name": "partsupp", "Alias": "partsupp", "Startup Cost": 0.0, "Total Cost": 0.38, "Plan Rows": 1, "Plan Width": 24, "Index Cond": "((ps_partkey = lineitem.l_partkey) AND (ps_suppkey = lineitem.l_suppkey))", "Filter": "((ps_availqty)::double precision > (.5::double precision * (sum(lineitem.l_quantity))))"}]}, {"Node Type": "Index Scan", "Parent Relationship": "Inner", "Scan Direction": "Forward", "Index Name": "part_kpey", "Relation Name": "part", "Alias": "part", "Startup Cost": 0.0, "Total Cost": 0.3, "Plan Rows": 1, "Plan Width": 8, "Index Cond": "(p_partkey = partsupp.ps_partkey)", "Filter": "((p_name)::text ~~ 'green%'::text)"}]}]}]}]}, "Unique SQL Id": 202076520, "Planner Runtime": 2}, "explain_analyze_plan": null}, "(16, 50)": {"explain_plan": {"Plan": {"Node Type": "Sort", "Startup Cost": 41264813.41, "Total Cost": 41264818.41, "Plan Rows": 2000, "Plan Width": 51, "Sort Key": ["supplier.s_name"], "Plans": [{"Node Type": "Nested Loop", "Parent Relationship": "Outer", "Join Type": "Semi", "Startup Cost": 1956350.51, "Total Cost": 41264703.75, "Plan Rows": 2000, "Plan Width": 51, "Inner Unique": false, "Join Filter": "(supplier.s_suppkey = lineitem.l_suppkey)", "Plans": [{"Node Type": "Nested Loop", "Parent Relationship": "Outer", "Join Type": "Inner", "Startup Cost": 0.0, "Total Cost": 4534.31, "Plan Rows": 4000, "Plan Width": 59, "Inner Unique": false, "Join Filter": "(supplier.s_nationkey = nation.n_nationkey)", "Plans": [{"Node Type": "Seq Scan", "Parent Relationship": "Outer", "Relation Name": "nation", "Alias": "nation", "Startup Cost": 0.0, "Total Cost": 1.31, "Plan Rows": 1, "Plan Width": 4, "Filter": "(n_name = 'ALGERIA'::bpchar)"}, {"Node Type": "Seq Scan", "Parent Relationship": "Inner", "Relation Name": "supplier", "Alias": "supplier", "Startup Cost": 0.0, "Total Cost": 3283.0, "Plan Rows": 100000, "Plan Width": 63}]}, {"Node Type": "Materialize", "Parent Relationship": "Inner", "Startup Cost": 1956350.51, "Total Cost": 41260049.44, "Plan Rows": 2, "Plan Width": 16, "Plans": [{"Node Type": "Nested Loop", "Parent Relationship": "Outer", "Join Type": "Semi", "Startup Cost": 1956350.51, "Total Cost": 41260049.43, "Plan Rows": 2, "Plan Width": 16, "Inner Unique": false, "Join Filter": "(partsupp.ps_partkey = part.p_partkey)", "Plans": [{"Node Type": "Nested Loop", "Parent Relationship": "Outer", "Join Type": "Inner", "Startup Cost": 1956350.25, "Total Cost": 41259981.09, "Plan Rows": 15, "Plan Width": 32, "Inner Unique": true, "Plans": [{"Node Type": "Aggregate", "Strategy": "Hashed", "Parent Relationship": "Outer", "Startup Cost": 1956349.97, "Total Cost": 2069745.97, "Plan Rows": 9071680, "Plan Width": 40, "Group By Key": ["lineitem.l_partkey", "lineitem.l_suppkey"], "Plans": [{"Node Type": "Bitmap Heap Scan", "Parent Relationship": "Outer", "Relation Name": "lineitem", "Alias": "lineitem", "Startup Cost": 314312.97, "Total Cost": 1865633.17, "Plan Rows": 9071680, "Plan Width": 24, "Recheck Cond": "((l_shipdate >= '1993-01-01 00:00:00'::timestamp(0) without time zone) AND (l_shipdate < '1994-01-01 00:00:00'::timestamp without time zone)), (LLVM Optimized)", "Plans": [{"Node Type": "Bitmap Index Scan", "Parent Relationship": "Outer", "Index Name": "idx_lineitem_shipdate", "Startup Cost": 0.0, "Total Cost": 312045.05, "Plan Rows": 9071680, "Plan Width": 0, "Index Cond": "((l_shipdate >= '1993-01-01 00:00:00'::timestamp(0) without time zone) AND (l_shipdate < '1994-01-01 00:00:00'::timestamp without time zone))"}]}]}, {"Node Type": "Bitmap Heap Scan", "Parent Relationship": "Inner", "Relation Name": "partsupp", "Alias": "partsupp", "Startup Cost": 0.28, "Total Cost": 4.3, "Plan Rows": 1, "Plan Width": 24, "Recheck Cond": "((ps_partkey = lineitem.l_partkey) AND (ps_suppkey = lineitem.l_suppkey))", "Filter": "((ps_availqty)::double precision > (.5::double precision * (sum(lineitem.l_quantity))))", "Plans": [{"Node Type": "Bitmap Index Scan", "Parent Relationship": "Outer", "Index Name": "partsupp_pkey", "Startup Cost": 0.0, "Total Cost": 0.28, "Plan Rows": 1, "Plan Width": 0, "Index Cond": "((ps_partkey = lineitem.l_partkey) AND (ps_suppkey = lineitem.l_suppkey))"}]}]}, {"Node Type": "Bitmap Heap Scan", "Parent Relationship": "Inner", "Relation Name": "part", "Alias": "part", "Startup Cost": 0.26, "Total Cost": 4.28, "Plan Rows": 1, "Plan Width": 8, "Recheck Cond": "(p_partkey = lineitem.l_partkey)", "Filter": "((p_name)::text ~~ 'green%'::text)", "Plans": [{"Node Type": "Bitmap Index Scan", "Parent Relationship": "Outer", "Index Name": "part_kpey", "Startup Cost": 0.0, "Total Cost": 0.26, "Plan Rows": 1, "Plan Width": 0, "Index Cond": "(p_partkey = lineitem.l_partkey)"}]}]}]}]}]}, "Unique SQL Id": 202076520, "Planner Runtime": 2}, "explain_analyze_plan": null}, "(16, 51)": {"explain_plan": {"Plan": {"Node Type": "Sort", "Startup Cost": 41474309.17, "Total Cost": 41474314.17, "Plan Rows": 2000, "Plan Width": 51, "Sort Key": ["supplier.s_name"], "Plans": [{"Node Type": "Nested Loop", "Parent Relationship": "Outer", "Join Type": "Inner", "Startup Cost": 41260049.96, "Total Cost": 41474199.51, "Plan Rows": 2000, "Plan Width": 51, "Inner Unique": true, "Plans": [{"Node Type": "Nested Loop", "Parent Relationship": "Outer", "Join Type": "Inner", "Startup Cost": 41260049.7, "Total Cost": 41260058.01, "Plan Rows": 50000, "Plan Width": 55, "Inner Unique": true, "Plans": [{"Node Type": "Unique", "Parent Relationship": "Outer", "Startup Cost": 41260049.44, "Total Cost": 41260049.45, "Plan Rows": 2, "Plan Width": 16, "Plans": [{"Node Type": "Sort", "Parent Relationship": "Outer", "Startup Cost": 41260049.44, "Total Cost": 41260049.45, "Plan Rows": 2, "Plan Width": 16, "Sort Key": ["partsupp.ps_suppkey"], "Plans": [{"Node Type": "Nested Loop", "Parent Relationship": "Outer", "Join Type": "Semi", "Startup Cost": 1956350.51, "Total Cost": 41260049.43, "Plan Rows": 2, "Plan Width": 16, "Inner Unique": false, "Join Filter": "(partsupp.ps_partkey = part.p_partkey)", "Plans": [{"Node Type": "Nested Loop", "Parent Relationship": "Outer", "Join Type": "Inner", "Startup Cost": 1956350.25, "Total Cost": 41259981.09, "Plan Rows": 15, "Plan Width": 32, "Inner Unique": true, "Plans": [{"Node Type": "Aggregate", "Strategy": "Hashed", "Parent Relationship": "Outer", "Startup Cost": 1956349.97, "Total Cost": 2069745.97, "Plan Rows": 9071680, "Plan Width": 40, "Group By Key": ["lineitem.l_partkey", "lineitem.l_suppkey"], "Plans": [{"Node Type": "Bitmap Heap Scan", "Parent Relationship": "Outer", "Relation Name": "lineitem", "Alias": "lineitem", "Startup Cost": 314312.97, "Total Cost": 1865633.17, "Plan Rows": 9071680, "Plan Width": 24, "Recheck Cond": "((l_shipdate >= '1993-01-01 00:00:00'::timestamp(0) without time zone) AND (l_shipdate < '1994-01-01 00:00:00'::timestamp without time zone)), (LLVM Optimized)", "Plans": [{"Node Type": "Bitmap Index Scan", "Parent Relationship": "Outer", "Index Name": "idx_lineitem_shipdate", "Startup Cost": 0.0, "Total Cost": 312045.05, "Plan Rows": 9071680, "Plan Width": 0, "Index Cond": "((l_shipdate >= '1993-01-01 00:00:00'::timestamp(0) without time zone) AND (l_shipdate < '1994-01-01 00:00:00'::timestamp without time zone))"}]}]}, {"Node Type": "Bitmap Heap Scan", "Parent Relationship": "Inner", "Relation Name": "partsupp", "Alias": "partsupp", "Startup Cost": 0.28, "Total Cost": 4.3, "Plan Rows": 1, "Plan Width": 24, "Recheck Cond": "((ps_partkey = lineitem.l_partkey) AND (ps_suppkey = lineitem.l_suppkey))", "Filter": "((ps_availqty)::double precision > (.5::double precision * (sum(lineitem.l_quantity))))", "Plans": [{"Node Type": "Bitmap Index Scan", "Parent Relationship": "Outer", "Index Name": "partsupp_pkey", "Startup Cost": 0.0, "Total Cost": 0.28, "Plan Rows": 1, "Plan Width": 0, "Index Cond": "((ps_partkey = lineitem.l_partkey) AND (ps_suppkey = lineitem.l_suppkey))"}]}]}, {"Node Type": "Bitmap Heap Scan", "Parent Relationship": "Inner", "Relation Name": "part", "Alias": "part", "Startup Cost": 0.26, "Total Cost": 4.28, "Plan Rows": 1, "Plan Width": 8, "Recheck Cond": "(p_partkey = lineitem.l_partkey)", "Filter": "((p_name)::text ~~ 'green%'::text)", "Plans": [{"Node Type": "Bitmap Index Scan", "Parent Relationship": "Outer", "Index Name": "part_kpey", "Startup Cost": 0.0, "Total Cost": 0.26, "Plan Rows": 1, "Plan Width": 0, "Index Cond": "(p_partkey = lineitem.l_partkey)"}]}]}]}]}, {"Node Type": "Bitmap Heap Scan", "Parent Relationship": "Inner", "Relation Name": "supplier", "Alias": "supplier", "Startup Cost": 0.26, "Total Cost": 4.27, "Plan Rows": 1, "Plan Width": 63, "Recheck Cond": "(s_suppkey = lineitem.l_suppkey)", "Plans": [{"Node Type": "Bitmap Index Scan", "Parent Relationship": "Outer", "Index Name": "supplier_pkey", "Startup Cost": 0.0, "Total Cost": 0.26, "Plan Rows": 1, "Plan Width": 0, "Index Cond": "(s_suppkey = lineitem.l_suppkey)"}]}]}, {"Node Type": "Bitmap Heap Scan", "Parent Relationship": "Inner", "Relation Name": "nation", "Alias": "nation", "Startup Cost": 0.26, "Total Cost": 4.27, "Plan Rows": 1, "Plan Width": 4, "Recheck Cond": "(n_nationkey = supplier.s_nationkey)", "Filter": "(n_name = 'ALGERIA'::bpchar)", "Plans": [{"Node Type": "Bitmap Index Scan", "Parent Relationship": "Outer", "Index Name": "nation_pkey", "Startup Cost": 0.0, "Total Cost": 0.26, "Plan Rows": 1, "Plan Width": 0, "Index Cond": "(n_nationkey = supplier.s_nationkey)"}]}]}]}, "Unique SQL Id": 202076520, "Planner Runtime": 2}, "explain_analyze_plan": {"Plan": {"Node Type": "Sort", "Startup Cost": 41474309.17, "Total Cost": 41474314.17, "Plan Rows": 2000, "Plan Width": 51, "Actual Startup Time": 128888.36, "Actual Total Time": 128888.508, "Actual Rows": 1746, "Actual Loops": 1, "Sort Key": ["supplier.s_name"], "Sort Method": "quicksort", "Sort Space Used": 309, "Sort Space Type": "Memory", "Plans": [{"Node Type": "Nested Loop", "Parent Relationship": "Outer", "Join Type": "Inner", "Startup Cost": 41260049.96, "Total Cost": 41474199.51, "Plan Rows": 2000, "Plan Width": 51, "Actual Startup Time": 128475.92, "Actual Total Time": 128886.43, "Actual Rows": 1746, "Actual Loops": 1, "Inner Unique": true, "Plans": [{"Node Type": "Nested Loop", "Parent Relationship": "Outer", "Join Type": "Inner", "Startup Cost": 41260049.7, "Total Cost": 41260058.01, "Plan Rows": 50000, "Plan Width": 55, "Actual Startup Time": 128475.528, "Actual Total Time": 128715.763, "Actual Rows": 44487, "Actual Loops": 1, "Inner Unique": true, "Plans": [{"Node Type": "Unique", "Parent Relationship": "Outer", "Startup Cost": 41260049.44, "Total Cost": 41260049.45, "Plan Rows": 2, "Plan Width": 16, "Actual Startup Time": 128475.469, "Actual Total Time": 128506.031, "Actual Rows": 44487, "Actual Loops": 1, "Plans": [{"Node Type": "Sort", "Parent Relationship": "Outer", "Startup Cost": 41260049.44, "Total Cost": 41260049.45, "Plan Rows": 2, "Plan Width": 16, "Actual Startup Time": 128475.464, "Actual Total Time": 128488.423, "Actual Rows": 58537, "Actual Loops": 1, "Sort Key": ["partsupp.ps_suppkey"], "Sort Method": "quicksort", "Sort Space Used": 7024, "Sort Space Type": "Memory", "Plans": [{"Node Type": "Nested Loop", "Parent Relationship": "Outer", "Join Type": "Semi", "Startup Cost": 1956350.51, "Total Cost": 41260049.43, "Plan Rows": 2, "Plan Width": 16, "Actual Startup Time": 19211.651, "Actual Total Time": 128395.823, "Actual Rows": 58537, "Actual Loops": 1, "Inner Unique": false, "Join Filter": "(partsupp.ps_partkey = part.p_partkey)", "Rows Removed by Join Filter": 0, "Plans": [{"Node Type": "Nested Loop", "Parent Relationship": "Outer", "Join Type": "Inner", "Startup Cost": 1956350.25, "Total Cost": 41259981.09, "Plan Rows": 15, "Plan Width": 32, "Actual Startup Time": 19211.227, "Actual Total Time": 79847.531, "Actual Rows": 5431247, "Actual Loops": 1, "Inner Unique": true, "Plans": [{"Node Type": "Aggregate", "Strategy": "Hashed", "Parent Relationship": "Outer", "Startup Cost": 1956349.97, "Total Cost": 2069745.97, "Plan Rows": 9071680, "Plan Width": 40, "Actual Startup Time": 19211.091, "Actual Total Time": 24301.465, "Actual Rows": 5442751, "Actual Loops": 1, "Group By Key": ["lineitem.l_partkey", "lineitem.l_suppkey"], "Plans": [{"Node Type": "Bitmap Heap Scan", "Parent Relationship": "Outer", "Relation Name": "lineitem", "Alias": "lineitem", "Startup Cost": 314312.97, "Total Cost": 1865633.17, "Plan Rows": 9071680, "Plan Width": 24, "Actual Startup Time": 4429.203, "Actual Total Time": 12148.373, "Actual Rows": 9109641, "Actual Loops": 1, "Recheck Cond": "((l_shipdate >= '1993-01-01 00:00:00'::timestamp(0) without time zone) AND (l_shipdate < '1994-01-01 00:00:00'::timestamp without time zone)), (LLVM Optimized, Jit Execute)", "Rows Removed by Index Recheck": 0, "Exact Heap Blocks": 1252335, "Lossy Heap Blocks": 1252335, "Plans": [{"Node Type": "Bitmap Index Scan", "Parent Relationship": "Outer", "Index Name": "idx_lineitem_shipdate", "Startup Cost": 0.0, "Total Cost": 312045.05, "Plan Rows": 9071680, "Plan Width": 0, "Actual Startup Time": 3725.891, "Actual Total Time": 3725.891, "Actual Rows": 9109641, "Actual Loops": 1, "Index Cond": "((l_shipdate >= '1993-01-01 00:00:00'::timestamp(0) without time zone) AND (l_shipdate < '1994-01-01 00:00:00'::timestamp without time zone))"}]}]}, {"Node Type": "Bitmap Heap Scan", "Parent Relationship": "Inner", "Relation Name": "partsupp", "Alias": "partsupp", "Startup Cost": 0.28, "Total Cost": 4.3, "Plan Rows": 1, "Plan Width": 24, "Actual Startup Time": 47744.0, "Actual Total Time": 47744.0, "Actual Rows": 5431247, "Actual Loops": 5442751, "Recheck Cond": "((ps_partkey = lineitem.l_partkey) AND (ps_suppkey = lineitem.l_suppkey))", "Rows Removed by Index Recheck": 0, "Filter": "((ps_availqty)::double precision > (.5::double precision * (sum(lineitem.l_quantity))))", "Rows Removed by Filter": 11504, "Exact Heap Blocks": 5442751, "Lossy Heap Blocks": 5442751, "Plans": [{"Node Type": "Bitmap Index Scan", "Parent Relationship": "Outer", "Index Name": "partsupp_pkey", "Startup Cost": 0.0, "Total Cost": 0.28, "Plan Rows": 1, "Plan Width": 0, "Actual Startup Time": 28969.237, "Actual Total Time": 28969.237, "Actual Rows": 5442751, "Actual Loops": 5442751, "Index Cond": "((ps_partkey = lineitem.l_partkey) AND (ps_suppkey = lineitem.l_suppkey))"}]}]}, {"Node Type": "Bitmap Heap Scan", "Parent Relationship": "Inner", "Relation Name": "part", "Alias": "part", "Startup Cost": 0.26, "Total Cost": 4.28, "Plan Rows": 1, "Plan Width": 8, "Actual Startup Time": 42398.618, "Actual Total Time": 42398.618, "Actual Rows": 58537, "Actual Loops": 5431247, "Recheck Cond": "(p_partkey = lineitem.l_partkey)", "Rows Removed by Index Recheck": 0, "Filter": "((p_name)::text ~~ 'green%'::text)", "Rows Removed by Filter": 5372710, "Exact Heap Blocks": 5431247, "Lossy Heap Blocks": 5431247, "Plans": [{"Node Type": "Bitmap Index Scan", "Parent Relationship": "Outer", "Index Name": "part_kpey", "Startup Cost": 0.0, "Total Cost": 0.26, "Plan Rows": 1, "Plan Width": 0, "Actual Startup Time": 24845.499, "Actual Total Time": 24845.499, "Actual Rows": 5431247, "Actual Loops": 5431247, "Index Cond": "(p_partkey = lineitem.l_partkey)"}]}]}]}]}, {"Node Type": "Bitmap Heap Scan", "Parent Relationship": "Inner", "Relation Name": "supplier", "Alias": "supplier", "Startup Cost": 0.26, "Total Cost": 4.27, "Plan Rows": 1, "Plan Width": 63, "Actual Startup Time": 150.562, "Actual Total Time": 150.562, "Actual Rows": 44487, "Actual Loops": 44487, "Recheck Cond": "(s_suppkey = lineitem.l_suppkey)", "Rows Removed by Index Recheck": 0, "Exact Heap Blocks": 44487, "Lossy Heap Blocks": 44487, "Plans": [{"Node Type": "Bitmap Index Scan", "Parent Relationship": "Outer", "Index Name": "supplier_pkey", "Startup Cost": 0.0, "Total Cost": 0.26, "Plan Rows": 1, "Plan Width": 0, "Actual Startup Time": 82.325, "Actual Total Time": 82.325, "Actual Rows": 44487, "Actual Loops": 44487, "Index Cond": "(s_suppkey = lineitem.l_suppkey)"}]}]}, {"Node Type": "Bitmap Heap Scan", "Parent Relationship": "Inner", "Relation Name": "nation", "Alias": "nation", "Startup Cost": 0.26, "Total Cost": 4.27, "Plan Rows": 1, "Plan Width": 4, "Actual Startup Time": 120.985, "Actual Total Time": 120.985, "Actual Rows": 1746, "Actual Loops": 44487, "Recheck Cond": "(n_nationkey = supplier.s_nationkey)", "Rows Removed by Index Recheck": 0, "Filter": "(n_name = 'ALGERIA'::bpchar)", "Rows Removed by Filter": 42741, "Exact Heap Blocks": 44487, "Lossy Heap Blocks": 44487, "Plans": [{"Node Type": "Bitmap Index Scan", "Parent Relationship": "Outer", "Index Name": "nation_pkey", "Startup Cost": 0.0, "Total Cost": 0.26, "Plan Rows": 1, "Plan Width": 0, "Actual Startup Time": 44.911, "Actual Total Time": 44.911, "Actual Rows": 44487, "Actual Loops": 44487, "Index Cond": "(n_nationkey = supplier.s_nationkey)"}]}]}]}, "Triggers": [], "Planner Runtime": 1, "Total Runtime": 128900.171, "Unique SQL Id": 202076520}}, "(16, 52)": {"explain_plan": {"Plan": {"Node Type": "Sort", "Startup Cost": 5735697.9, "Total Cost": 5735702.9, "Plan Rows": 2000, "Plan Width": 51, "Sort Key": ["supplier.s_name"], "Plans": [{"Node Type": "Nested Loop", "Parent Relationship": "Outer", "Join Type": "Semi", "Startup Cost": 1956349.97, "Total Cost": 5735588.24, "Plan Rows": 2000, "Plan Width": 51, "Inner Unique": false, "Join Filter": "(supplier.s_suppkey = lineitem.l_suppkey)", "Plans": [{"Node Type": "Nested Loop", "Parent Relationship": "Outer", "Join Type": "Inner", "Startup Cost": 0.0, "Total Cost": 4534.31, "Plan Rows": 4000, "Plan Width": 59, "Inner Unique": false, "Join Filter": "(supplier.s_nationkey = nation.n_nationkey)", "Plans": [{"Node Type": "Seq Scan", "Parent Relationship": "Outer", "Relation Name": "nation", "Alias": "nation", "Startup Cost": 0.0, "Total Cost": 1.31, "Plan Rows": 1, "Plan Width": 4, "Filter": "(n_name = 'ALGERIA'::bpchar)"}, {"Node Type": "Seq Scan", "Parent Relationship": "Inner", "Relation Name": "supplier", "Alias": "supplier", "Startup Cost": 0.0, "Total Cost": 3283.0, "Plan Rows": 100000, "Plan Width": 63}]}, {"Node Type": "Materialize", "Parent Relationship": "Inner", "Startup Cost": 1956349.97, "Total Cost": 5730933.93, "Plan Rows": 2, "Plan Width": 16, "Plans": [{"Node Type": "Nested Loop", "Parent Relationship": "Outer", "Join Type": "Semi", "Startup Cost": 1956349.97, "Total Cost": 5730933.92, "Plan Rows": 2, "Plan Width": 16, "Inner Unique": false, "Plans": [{"Node Type": "Nested Loop", "Parent Relationship": "Outer", "Join Type": "Inner", "Startup Cost": 1956349.97, "Total Cost": 5730929.17, "Plan Rows": 15, "Plan Width": 32, "Inner Unique": true, "Plans": [{"Node Type": "Aggregate", "Strategy": "Hashed", "Parent Relationship": "Outer", "Startup Cost": 1956349.97, "Total Cost": 2069745.97, "Plan Rows": 9071680, "Plan Width": 40, "Group By Key": ["lineitem.l_partkey", "lineitem.l_suppkey"], "Plans": [{"Node Type": "Bitmap Heap Scan", "Parent Relationship": "Outer", "Relation Name": "lineitem", "Alias": "lineitem", "Startup Cost": 314312.97, "Total Cost": 1865633.17, "Plan Rows": 9071680, "Plan Width": 24, "Recheck Cond": "((l_shipdate >= '1993-01-01 00:00:00'::timestamp(0) without time zone) AND (l_shipdate < '1994-01-01 00:00:00'::timestamp without time zone)), (LLVM Optimized)", "Plans": [{"Node Type": "Bitmap Index Scan", "Parent Relationship": "Outer", "Index Name": "idx_lineitem_shipdate", "Startup Cost": 0.0, "Total Cost": 312045.05, "Plan Rows": 9071680, "Plan Width": 0, "Index Cond": "((l_shipdate >= '1993-01-01 00:00:00'::timestamp(0) without time zone) AND (l_shipdate < '1994-01-01 00:00:00'::timestamp without time zone))"}]}]}, {"Node Type": "Index Scan", "Parent Relationship": "Inner", "Scan Direction": "Forward", "Index Name": "partsupp_pkey", "Relation Name": "partsupp", "Alias": "partsupp", "Startup Cost": 0.0, "Total Cost": 0.38, "Plan Rows": 1, "Plan Width": 24, "Index Cond": "((ps_partkey = lineitem.l_partkey) AND (ps_suppkey = lineitem.l_suppkey))", "Filter": "((ps_availqty)::double precision > (.5::double precision * (sum(lineitem.l_quantity))))"}]}, {"Node Type": "Index Scan", "Parent Relationship": "Inner", "Scan Direction": "Forward", "Index Name": "part_kpey", "Relation Name": "part", "Alias": "part", "Startup Cost": 0.0, "Total Cost": 0.3, "Plan Rows": 1, "Plan Width": 8, "Index Cond": "(p_partkey = partsupp.ps_partkey)", "Filter": "((p_name)::text ~~ 'green%'::text)"}]}]}]}]}, "Unique SQL Id": 202076520, "Planner Runtime": 2}, "explain_analyze_plan": null}, "(16, 53)": {"explain_plan": {"Plan": {"Node Type": "Sort", "Startup Cost": 5737760.82, "Total Cost": 5737765.82, "Plan Rows": 2000, "Plan Width": 51, "Sort Key": ["supplier.s_name"], "Plans": [{"Node Type": "Nested Loop", "Parent Relationship": "Outer", "Join Type": "Semi", "Startup Cost": 1956349.97, "Total Cost": 5737651.16, "Plan Rows": 2000, "Plan Width": 51, "Inner Unique": false, "Join Filter": "(supplier.s_suppkey = lineitem.l_suppkey)", "Plans": [{"Node Type": "Nested Loop", "Parent Relationship": "Outer", "Join Type": "Inner", "Startup Cost": 0.0, "Total Cost": 6597.23, "Plan Rows": 4000, "Plan Width": 59, "Inner Unique": false, "Join Filter": "(supplier.s_nationkey = nation.n_nationkey)", "Plans": [{"Node Type": "Index Scan", "Parent Relationship": "Outer", "Scan Direction": "Forward", "Index Name": "nation_pkey", "Relation Name": "nation", "Alias": "nation", "Startup Cost": 0.0, "Total Cost": 12.69, "Plan Rows": 1, "Plan Width": 4, "Filter": "(n_name = 'ALGERIA'::bpchar)"}, {"Node Type": "Index Scan", "Parent Relationship": "Inner", "Scan Direction": "Forward", "Index Name": "supplier_pkey", "Relation Name": "supplier", "Alias": "supplier", "Startup Cost": 0.0, "Total Cost": 5334.54, "Plan Rows": 100000, "Plan Width": 63}]}, {"Node Type": "Materialize", "Parent Relationship": "Inner", "Startup Cost": 1956349.97, "Total Cost": 5730933.93, "Plan Rows": 2, "Plan Width": 16, "Plans": [{"Node Type": "Nested Loop", "Parent Relationship": "Outer", "Join Type": "Semi", "Startup Cost": 1956349.97, "Total Cost": 5730933.92, "Plan Rows": 2, "Plan Width": 16, "Inner Unique": false, "Plans": [{"Node Type": "Nested Loop", "Parent Relationship": "Outer", "Join Type": "Inner", "Startup Cost": 1956349.97, "Total Cost": 5730929.17, "Plan Rows": 15, "Plan Width": 32, "Inner Unique": true, "Plans": [{"Node Type": "Aggregate", "Strategy": "Hashed", "Parent Relationship": "Outer", "Startup Cost": 1956349.97, "Total Cost": 2069745.97, "Plan Rows": 9071680, "Plan Width": 40, "Group By Key": ["lineitem.l_partkey", "lineitem.l_suppkey"], "Plans": [{"Node Type": "Bitmap Heap Scan", "Parent Relationship": "Outer", "Relation Name": "lineitem", "Alias": "lineitem", "Startup Cost": 314312.97, "Total Cost": 1865633.17, "Plan Rows": 9071680, "Plan Width": 24, "Recheck Cond": "((l_shipdate >= '1993-01-01 00:00:00'::timestamp(0) without time zone) AND (l_shipdate < '1994-01-01 00:00:00'::timestamp without time zone)), (LLVM Optimized)", "Plans": [{"Node Type": "Bitmap Index Scan", "Parent Relationship": "Outer", "Index Name": "idx_lineitem_shipdate", "Startup Cost": 0.0, "Total Cost": 312045.05, "Plan Rows": 9071680, "Plan Width": 0, "Index Cond": "((l_shipdate >= '1993-01-01 00:00:00'::timestamp(0) without time zone) AND (l_shipdate < '1994-01-01 00:00:00'::timestamp without time zone))"}]}]}, {"Node Type": "Index Scan", "Parent Relationship": "Inner", "Scan Direction": "Forward", "Index Name": "partsupp_pkey", "Relation Name": "partsupp", "Alias": "partsupp", "Startup Cost": 0.0, "Total Cost": 0.38, "Plan Rows": 1, "Plan Width": 24, "Index Cond": "((ps_partkey = lineitem.l_partkey) AND (ps_suppkey = lineitem.l_suppkey))", "Filter": "((ps_availqty)::double precision > (.5::double precision * (sum(lineitem.l_quantity))))"}]}, {"Node Type": "Index Scan", "Parent Relationship": "Inner", "Scan Direction": "Forward", "Index Name": "part_kpey", "Relation Name": "part", "Alias": "part", "Startup Cost": 0.0, "Total Cost": 0.3, "Plan Rows": 1, "Plan Width": 8, "Index Cond": "(p_partkey = partsupp.ps_partkey)", "Filter": "((p_name)::text ~~ 'green%'::text)"}]}]}]}]}, "Unique SQL Id": 202076520, "Planner Runtime": 1}, "explain_analyze_plan": null}, "(16, 54)": {"explain_plan": {"Plan": {"Node Type": "Sort", "Startup Cost": 41264813.41, "Total Cost": 41264818.41, "Plan Rows": 2000, "Plan Width": 51, "Sort Key": ["supplier.s_name"], "Plans": [{"Node Type": "Nested Loop", "Parent Relationship": "Outer", "Join Type": "Semi", "Startup Cost": 1956350.51, "Total Cost": 41264703.75, "Plan Rows": 2000, "Plan Width": 51, "Inner Unique": false, "Join Filter": "(supplier.s_suppkey = lineitem.l_suppkey)", "Plans": [{"Node Type": "Nested Loop", "Parent Relationship": "Outer", "Join Type": "Inner", "Startup Cost": 0.0, "Total Cost": 4534.31, "Plan Rows": 4000, "Plan Width": 59, "Inner Unique": false, "Join Filter": "(supplier.s_nationkey = nation.n_nationkey)", "Plans": [{"Node Type": "Seq Scan", "Parent Relationship": "Outer", "Relation Name": "nation", "Alias": "nation", "Startup Cost": 0.0, "Total Cost": 1.31, "Plan Rows": 1, "Plan Width": 4, "Filter": "(n_name = 'ALGERIA'::bpchar)"}, {"Node Type": "Seq Scan", "Parent Relationship": "Inner", "Relation Name": "supplier", "Alias": "supplier", "Startup Cost": 0.0, "Total Cost": 3283.0, "Plan Rows": 100000, "Plan Width": 63}]}, {"Node Type": "Materialize", "Parent Relationship": "Inner", "Startup Cost": 1956350.51, "Total Cost": 41260049.44, "Plan Rows": 2, "Plan Width": 16, "Plans": [{"Node Type": "Nested Loop", "Parent Relationship": "Outer", "Join Type": "Semi", "Startup Cost": 1956350.51, "Total Cost": 41260049.43, "Plan Rows": 2, "Plan Width": 16, "Inner Unique": false, "Join Filter": "(partsupp.ps_partkey = part.p_partkey)", "Plans": [{"Node Type": "Nested Loop", "Parent Relationship": "Outer", "Join Type": "Inner", "Startup Cost": 1956350.25, "Total Cost": 41259981.09, "Plan Rows": 15, "Plan Width": 32, "Inner Unique": true, "Plans": [{"Node Type": "Aggregate", "Strategy": "Hashed", "Parent Relationship": "Outer", "Startup Cost": 1956349.97, "Total Cost": 2069745.97, "Plan Rows": 9071680, "Plan Width": 40, "Group By Key": ["lineitem.l_partkey", "lineitem.l_suppkey"], "Plans": [{"Node Type": "Bitmap Heap Scan", "Parent Relationship": "Outer", "Relation Name": "lineitem", "Alias": "lineitem", "Startup Cost": 314312.97, "Total Cost": 1865633.17, "Plan Rows": 9071680, "Plan Width": 24, "Recheck Cond": "((l_shipdate >= '1993-01-01 00:00:00'::timestamp(0) without time zone) AND (l_shipdate < '1994-01-01 00:00:00'::timestamp without time zone)), (LLVM Optimized)", "Plans": [{"Node Type": "Bitmap Index Scan", "Parent Relationship": "Outer", "Index Name": "idx_lineitem_shipdate", "Startup Cost": 0.0, "Total Cost": 312045.05, "Plan Rows": 9071680, "Plan Width": 0, "Index Cond": "((l_shipdate >= '1993-01-01 00:00:00'::timestamp(0) without time zone) AND (l_shipdate < '1994-01-01 00:00:00'::timestamp without time zone))"}]}]}, {"Node Type": "Bitmap Heap Scan", "Parent Relationship": "Inner", "Relation Name": "partsupp", "Alias": "partsupp", "Startup Cost": 0.28, "Total Cost": 4.3, "Plan Rows": 1, "Plan Width": 24, "Recheck Cond": "((ps_partkey = lineitem.l_partkey) AND (ps_suppkey = lineitem.l_suppkey))", "Filter": "((ps_availqty)::double precision > (.5::double precision * (sum(lineitem.l_quantity))))", "Plans": [{"Node Type": "Bitmap Index Scan", "Parent Relationship": "Outer", "Index Name": "partsupp_pkey", "Startup Cost": 0.0, "Total Cost": 0.28, "Plan Rows": 1, "Plan Width": 0, "Index Cond": "((ps_partkey = lineitem.l_partkey) AND (ps_suppkey = lineitem.l_suppkey))"}]}]}, {"Node Type": "Bitmap Heap Scan", "Parent Relationship": "Inner", "Relation Name": "part", "Alias": "part", "Startup Cost": 0.26, "Total Cost": 4.28, "Plan Rows": 1, "Plan Width": 8, "Recheck Cond": "(p_partkey = lineitem.l_partkey)", "Filter": "((p_name)::text ~~ 'green%'::text)", "Plans": [{"Node Type": "Bitmap Index Scan", "Parent Relationship": "Outer", "Index Name": "part_kpey", "Startup Cost": 0.0, "Total Cost": 0.26, "Plan Rows": 1, "Plan Width": 0, "Index Cond": "(p_partkey = lineitem.l_partkey)"}]}]}]}]}]}, "Unique SQL Id": 202076520, "Planner Runtime": 2}, "explain_analyze_plan": null}, "(16, 55)": {"explain_plan": {"Plan": {"Node Type": "Sort", "Startup Cost": 41474309.17, "Total Cost": 41474314.17, "Plan Rows": 2000, "Plan Width": 51, "Sort Key": ["supplier.s_name"], "Plans": [{"Node Type": "Nested Loop", "Parent Relationship": "Outer", "Join Type": "Inner", "Startup Cost": 41260049.96, "Total Cost": 41474199.51, "Plan Rows": 2000, "Plan Width": 51, "Inner Unique": true, "Plans": [{"Node Type": "Nested Loop", "Parent Relationship": "Outer", "Join Type": "Inner", "Startup Cost": 41260049.7, "Total Cost": 41260058.01, "Plan Rows": 50000, "Plan Width": 55, "Inner Unique": true, "Plans": [{"Node Type": "Unique", "Parent Relationship": "Outer", "Startup Cost": 41260049.44, "Total Cost": 41260049.45, "Plan Rows": 2, "Plan Width": 16, "Plans": [{"Node Type": "Sort", "Parent Relationship": "Outer", "Startup Cost": 41260049.44, "Total Cost": 41260049.45, "Plan Rows": 2, "Plan Width": 16, "Sort Key": ["partsupp.ps_suppkey"], "Plans": [{"Node Type": "Nested Loop", "Parent Relationship": "Outer", "Join Type": "Semi", "Startup Cost": 1956350.51, "Total Cost": 41260049.43, "Plan Rows": 2, "Plan Width": 16, "Inner Unique": false, "Join Filter": "(partsupp.ps_partkey = part.p_partkey)", "Plans": [{"Node Type": "Nested Loop", "Parent Relationship": "Outer", "Join Type": "Inner", "Startup Cost": 1956350.25, "Total Cost": 41259981.09, "Plan Rows": 15, "Plan Width": 32, "Inner Unique": true, "Plans": [{"Node Type": "Aggregate", "Strategy": "Hashed", "Parent Relationship": "Outer", "Startup Cost": 1956349.97, "Total Cost": 2069745.97, "Plan Rows": 9071680, "Plan Width": 40, "Group By Key": ["lineitem.l_partkey", "lineitem.l_suppkey"], "Plans": [{"Node Type": "Bitmap Heap Scan", "Parent Relationship": "Outer", "Relation Name": "lineitem", "Alias": "lineitem", "Startup Cost": 314312.97, "Total Cost": 1865633.17, "Plan Rows": 9071680, "Plan Width": 24, "Recheck Cond": "((l_shipdate >= '1993-01-01 00:00:00'::timestamp(0) without time zone) AND (l_shipdate < '1994-01-01 00:00:00'::timestamp without time zone)), (LLVM Optimized)", "Plans": [{"Node Type": "Bitmap Index Scan", "Parent Relationship": "Outer", "Index Name": "idx_lineitem_shipdate", "Startup Cost": 0.0, "Total Cost": 312045.05, "Plan Rows": 9071680, "Plan Width": 0, "Index Cond": "((l_shipdate >= '1993-01-01 00:00:00'::timestamp(0) without time zone) AND (l_shipdate < '1994-01-01 00:00:00'::timestamp without time zone))"}]}]}, {"Node Type": "Bitmap Heap Scan", "Parent Relationship": "Inner", "Relation Name": "partsupp", "Alias": "partsupp", "Startup Cost": 0.28, "Total Cost": 4.3, "Plan Rows": 1, "Plan Width": 24, "Recheck Cond": "((ps_partkey = lineitem.l_partkey) AND (ps_suppkey = lineitem.l_suppkey))", "Filter": "((ps_availqty)::double precision > (.5::double precision * (sum(lineitem.l_quantity))))", "Plans": [{"Node Type": "Bitmap Index Scan", "Parent Relationship": "Outer", "Index Name": "partsupp_pkey", "Startup Cost": 0.0, "Total Cost": 0.28, "Plan Rows": 1, "Plan Width": 0, "Index Cond": "((ps_partkey = lineitem.l_partkey) AND (ps_suppkey = lineitem.l_suppkey))"}]}]}, {"Node Type": "Bitmap Heap Scan", "Parent Relationship": "Inner", "Relation Name": "part", "Alias": "part", "Startup Cost": 0.26, "Total Cost": 4.28, "Plan Rows": 1, "Plan Width": 8, "Recheck Cond": "(p_partkey = lineitem.l_partkey)", "Filter": "((p_name)::text ~~ 'green%'::text)", "Plans": [{"Node Type": "Bitmap Index Scan", "Parent Relationship": "Outer", "Index Name": "part_kpey", "Startup Cost": 0.0, "Total Cost": 0.26, "Plan Rows": 1, "Plan Width": 0, "Index Cond": "(p_partkey = lineitem.l_partkey)"}]}]}]}]}, {"Node Type": "Bitmap Heap Scan", "Parent Relationship": "Inner", "Relation Name": "supplier", "Alias": "supplier", "Startup Cost": 0.26, "Total Cost": 4.27, "Plan Rows": 1, "Plan Width": 63, "Recheck Cond": "(s_suppkey = lineitem.l_suppkey)", "Plans": [{"Node Type": "Bitmap Index Scan", "Parent Relationship": "Outer", "Index Name": "supplier_pkey", "Startup Cost": 0.0, "Total Cost": 0.26, "Plan Rows": 1, "Plan Width": 0, "Index Cond": "(s_suppkey = lineitem.l_suppkey)"}]}]}, {"Node Type": "Bitmap Heap Scan", "Parent Relationship": "Inner", "Relation Name": "nation", "Alias": "nation", "Startup Cost": 0.26, "Total Cost": 4.27, "Plan Rows": 1, "Plan Width": 4, "Recheck Cond": "(n_nationkey = supplier.s_nationkey)", "Filter": "(n_name = 'ALGERIA'::bpchar)", "Plans": [{"Node Type": "Bitmap Index Scan", "Parent Relationship": "Outer", "Index Name": "nation_pkey", "Startup Cost": 0.0, "Total Cost": 0.26, "Plan Rows": 1, "Plan Width": 0, "Index Cond": "(n_nationkey = supplier.s_nationkey)"}]}]}]}, "Unique SQL Id": 202076520, "Planner Runtime": 2}, "explain_analyze_plan": {"Plan": {"Node Type": "Sort", "Startup Cost": 41474309.17, "Total Cost": 41474314.17, "Plan Rows": 2000, "Plan Width": 51, "Actual Startup Time": 128888.36, "Actual Total Time": 128888.508, "Actual Rows": 1746, "Actual Loops": 1, "Sort Key": ["supplier.s_name"], "Sort Method": "quicksort", "Sort Space Used": 309, "Sort Space Type": "Memory", "Plans": [{"Node Type": "Nested Loop", "Parent Relationship": "Outer", "Join Type": "Inner", "Startup Cost": 41260049.96, "Total Cost": 41474199.51, "Plan Rows": 2000, "Plan Width": 51, "Actual Startup Time": 128475.92, "Actual Total Time": 128886.43, "Actual Rows": 1746, "Actual Loops": 1, "Inner Unique": true, "Plans": [{"Node Type": "Nested Loop", "Parent Relationship": "Outer", "Join Type": "Inner", "Startup Cost": 41260049.7, "Total Cost": 41260058.01, "Plan Rows": 50000, "Plan Width": 55, "Actual Startup Time": 128475.528, "Actual Total Time": 128715.763, "Actual Rows": 44487, "Actual Loops": 1, "Inner Unique": true, "Plans": [{"Node Type": "Unique", "Parent Relationship": "Outer", "Startup Cost": 41260049.44, "Total Cost": 41260049.45, "Plan Rows": 2, "Plan Width": 16, "Actual Startup Time": 128475.469, "Actual Total Time": 128506.031, "Actual Rows": 44487, "Actual Loops": 1, "Plans": [{"Node Type": "Sort", "Parent Relationship": "Outer", "Startup Cost": 41260049.44, "Total Cost": 41260049.45, "Plan Rows": 2, "Plan Width": 16, "Actual Startup Time": 128475.464, "Actual Total Time": 128488.423, "Actual Rows": 58537, "Actual Loops": 1, "Sort Key": ["partsupp.ps_suppkey"], "Sort Method": "quicksort", "Sort Space Used": 7024, "Sort Space Type": "Memory", "Plans": [{"Node Type": "Nested Loop", "Parent Relationship": "Outer", "Join Type": "Semi", "Startup Cost": 1956350.51, "Total Cost": 41260049.43, "Plan Rows": 2, "Plan Width": 16, "Actual Startup Time": 19211.651, "Actual Total Time": 128395.823, "Actual Rows": 58537, "Actual Loops": 1, "Inner Unique": false, "Join Filter": "(partsupp.ps_partkey = part.p_partkey)", "Rows Removed by Join Filter": 0, "Plans": [{"Node Type": "Nested Loop", "Parent Relationship": "Outer", "Join Type": "Inner", "Startup Cost": 1956350.25, "Total Cost": 41259981.09, "Plan Rows": 15, "Plan Width": 32, "Actual Startup Time": 19211.227, "Actual Total Time": 79847.531, "Actual Rows": 5431247, "Actual Loops": 1, "Inner Unique": true, "Plans": [{"Node Type": "Aggregate", "Strategy": "Hashed", "Parent Relationship": "Outer", "Startup Cost": 1956349.97, "Total Cost": 2069745.97, "Plan Rows": 9071680, "Plan Width": 40, "Actual Startup Time": 19211.091, "Actual Total Time": 24301.465, "Actual Rows": 5442751, "Actual Loops": 1, "Group By Key": ["lineitem.l_partkey", "lineitem.l_suppkey"], "Plans": [{"Node Type": "Bitmap Heap Scan", "Parent Relationship": "Outer", "Relation Name": "lineitem", "Alias": "lineitem", "Startup Cost": 314312.97, "Total Cost": 1865633.17, "Plan Rows": 9071680, "Plan Width": 24, "Actual Startup Time": 4429.203, "Actual Total Time": 12148.373, "Actual Rows": 9109641, "Actual Loops": 1, "Recheck Cond": "((l_shipdate >= '1993-01-01 00:00:00'::timestamp(0) without time zone) AND (l_shipdate < '1994-01-01 00:00:00'::timestamp without time zone)), (LLVM Optimized, Jit Execute)", "Rows Removed by Index Recheck": 0, "Exact Heap Blocks": 1252335, "Lossy Heap Blocks": 1252335, "Plans": [{"Node Type": "Bitmap Index Scan", "Parent Relationship": "Outer", "Index Name": "idx_lineitem_shipdate", "Startup Cost": 0.0, "Total Cost": 312045.05, "Plan Rows": 9071680, "Plan Width": 0, "Actual Startup Time": 3725.891, "Actual Total Time": 3725.891, "Actual Rows": 9109641, "Actual Loops": 1, "Index Cond": "((l_shipdate >= '1993-01-01 00:00:00'::timestamp(0) without time zone) AND (l_shipdate < '1994-01-01 00:00:00'::timestamp without time zone))"}]}]}, {"Node Type": "Bitmap Heap Scan", "Parent Relationship": "Inner", "Relation Name": "partsupp", "Alias": "partsupp", "Startup Cost": 0.28, "Total Cost": 4.3, "Plan Rows": 1, "Plan Width": 24, "Actual Startup Time": 47744.0, "Actual Total Time": 47744.0, "Actual Rows": 5431247, "Actual Loops": 5442751, "Recheck Cond": "((ps_partkey = lineitem.l_partkey) AND (ps_suppkey = lineitem.l_suppkey))", "Rows Removed by Index Recheck": 0, "Filter": "((ps_availqty)::double precision > (.5::double precision * (sum(lineitem.l_quantity))))", "Rows Removed by Filter": 11504, "Exact Heap Blocks": 5442751, "Lossy Heap Blocks": 5442751, "Plans": [{"Node Type": "Bitmap Index Scan", "Parent Relationship": "Outer", "Index Name": "partsupp_pkey", "Startup Cost": 0.0, "Total Cost": 0.28, "Plan Rows": 1, "Plan Width": 0, "Actual Startup Time": 28969.237, "Actual Total Time": 28969.237, "Actual Rows": 5442751, "Actual Loops": 5442751, "Index Cond": "((ps_partkey = lineitem.l_partkey) AND (ps_suppkey = lineitem.l_suppkey))"}]}]}, {"Node Type": "Bitmap Heap Scan", "Parent Relationship": "Inner", "Relation Name": "part", "Alias": "part", "Startup Cost": 0.26, "Total Cost": 4.28, "Plan Rows": 1, "Plan Width": 8, "Actual Startup Time": 42398.618, "Actual Total Time": 42398.618, "Actual Rows": 58537, "Actual Loops": 5431247, "Recheck Cond": "(p_partkey = lineitem.l_partkey)", "Rows Removed by Index Recheck": 0, "Filter": "((p_name)::text ~~ 'green%'::text)", "Rows Removed by Filter": 5372710, "Exact Heap Blocks": 5431247, "Lossy Heap Blocks": 5431247, "Plans": [{"Node Type": "Bitmap Index Scan", "Parent Relationship": "Outer", "Index Name": "part_kpey", "Startup Cost": 0.0, "Total Cost": 0.26, "Plan Rows": 1, "Plan Width": 0, "Actual Startup Time": 24845.499, "Actual Total Time": 24845.499, "Actual Rows": 5431247, "Actual Loops": 5431247, "Index Cond": "(p_partkey = lineitem.l_partkey)"}]}]}]}]}, {"Node Type": "Bitmap Heap Scan", "Parent Relationship": "Inner", "Relation Name": "supplier", "Alias": "supplier", "Startup Cost": 0.26, "Total Cost": 4.27, "Plan Rows": 1, "Plan Width": 63, "Actual Startup Time": 150.562, "Actual Total Time": 150.562, "Actual Rows": 44487, "Actual Loops": 44487, "Recheck Cond": "(s_suppkey = lineitem.l_suppkey)", "Rows Removed by Index Recheck": 0, "Exact Heap Blocks": 44487, "Lossy Heap Blocks": 44487, "Plans": [{"Node Type": "Bitmap Index Scan", "Parent Relationship": "Outer", "Index Name": "supplier_pkey", "Startup Cost": 0.0, "Total Cost": 0.26, "Plan Rows": 1, "Plan Width": 0, "Actual Startup Time": 82.325, "Actual Total Time": 82.325, "Actual Rows": 44487, "Actual Loops": 44487, "Index Cond": "(s_suppkey = lineitem.l_suppkey)"}]}]}, {"Node Type": "Bitmap Heap Scan", "Parent Relationship": "Inner", "Relation Name": "nation", "Alias": "nation", "Startup Cost": 0.26, "Total Cost": 4.27, "Plan Rows": 1, "Plan Width": 4, "Actual Startup Time": 120.985, "Actual Total Time": 120.985, "Actual Rows": 1746, "Actual Loops": 44487, "Recheck Cond": "(n_nationkey = supplier.s_nationkey)", "Rows Removed by Index Recheck": 0, "Filter": "(n_name = 'ALGERIA'::bpchar)", "Rows Removed by Filter": 42741, "Exact Heap Blocks": 44487, "Lossy Heap Blocks": 44487, "Plans": [{"Node Type": "Bitmap Index Scan", "Parent Relationship": "Outer", "Index Name": "nation_pkey", "Startup Cost": 0.0, "Total Cost": 0.26, "Plan Rows": 1, "Plan Width": 0, "Actual Startup Time": 44.911, "Actual Total Time": 44.911, "Actual Rows": 44487, "Actual Loops": 44487, "Index Cond": "(n_nationkey = supplier.s_nationkey)"}]}]}]}, "Triggers": [], "Planner Runtime": 1, "Total Runtime": 128900.171, "Unique SQL Id": 202076520}}, "(16, 56)": {"explain_plan": {"Plan": {"Node Type": "Sort", "Startup Cost": 6185115.22, "Total Cost": 6185120.22, "Plan Rows": 2000, "Plan Width": 51, "Sort Key": ["supplier.s_name"], "Plans": [{"Node Type": "Nested Loop", "Parent Relationship": "Outer", "Join Type": "Semi", "Startup Cost": 2405767.29, "Total Cost": 6185005.56, "Plan Rows": 2000, "Plan Width": 51, "Inner Unique": false, "Join Filter": "(supplier.s_suppkey = lineitem.l_suppkey)", "Plans": [{"Node Type": "Nested Loop", "Parent Relationship": "Outer", "Join Type": "Inner", "Startup Cost": 0.0, "Total Cost": 4534.31, "Plan Rows": 4000, "Plan Width": 59, "Inner Unique": false, "Join Filter": "(supplier.s_nationkey = nation.n_nationkey)", "Plans": [{"Node Type": "Seq Scan", "Parent Relationship": "Outer", "Relation Name": "nation", "Alias": "nation", "Startup Cost": 0.0, "Total Cost": 1.31, "Plan Rows": 1, "Plan Width": 4, "Filter": "(n_name = 'ALGERIA'::bpchar)"}, {"Node Type": "Seq Scan", "Parent Relationship": "Inner", "Relation Name": "supplier", "Alias": "supplier", "Startup Cost": 0.0, "Total Cost": 3283.0, "Plan Rows": 100000, "Plan Width": 63}]}, {"Node Type": "Materialize", "Parent Relationship": "Inner", "Startup Cost": 2405767.29, "Total Cost": 6180351.26, "Plan Rows": 2, "Plan Width": 16, "Plans": [{"Node Type": "Nested Loop", "Parent Relationship": "Outer", "Join Type": "Semi", "Startup Cost": 2405767.29, "Total Cost": 6180351.25, "Plan Rows": 2, "Plan Width": 16, "Inner Unique": false, "Plans": [{"Node Type": "Nested Loop", "Parent Relationship": "Outer", "Join Type": "Inner", "Startup Cost": 2405767.29, "Total Cost": 6180346.49, "Plan Rows": 15, "Plan Width": 32, "Inner Unique": true, "Plans": [{"Node Type": "Aggregate", "Strategy": "Hashed", "Parent Relationship": "Outer", "Startup Cost": 2405767.29, "Total Cost": 2519163.29, "Plan Rows": 9071680, "Plan Width": 40, "Group By Key": ["lineitem.l_partkey", "lineitem.l_suppkey"], "Plans": [{"Node Type": "Seq Scan", "Parent Relationship": "Outer", "Relation Name": "lineitem", "Alias": "lineitem", "Startup Cost": 119.57, "Total Cost": 2315050.5, "Plan Rows": 9071680, "Plan Width": 24, "Filter": "((l_shipdate >= '1993-01-01 00:00:00'::timestamp(0) without time zone) AND (l_shipdate < '1994-01-01 00:00:00'::timestamp without time zone)), (LLVM Optimized)"}]}, {"Node Type": "Index Scan", "Parent Relationship": "Inner", "Scan Direction": "Forward", "Index Name": "partsupp_pkey", "Relation Name": "partsupp", "Alias": "partsupp", "Startup Cost": 0.0, "Total Cost": 0.38, "Plan Rows": 1, "Plan Width": 24, "Index Cond": "((ps_partkey = lineitem.l_partkey) AND (ps_suppkey = lineitem.l_suppkey))", "Filter": "((ps_availqty)::double precision > (.5::double precision * (sum(lineitem.l_quantity))))"}]}, {"Node Type": "Index Scan", "Parent Relationship": "Inner", "Scan Direction": "Forward", "Index Name": "part_kpey", "Relation Name": "part", "Alias": "part", "Startup Cost": 0.0, "Total Cost": 0.3, "Plan Rows": 1, "Plan Width": 8, "Index Cond": "(p_partkey = partsupp.ps_partkey)", "Filter": "((p_name)::text ~~ 'green%'::text)"}]}]}]}]}, "Unique SQL Id": 202076520, "Planner Runtime": 2}, "explain_analyze_plan": null}, "(16, 57)": {"explain_plan": {"Plan": {"Node Type": "Sort", "Startup Cost": 9935869.48, "Total Cost": 9935874.48, "Plan Rows": 2000, "Plan Width": 51, "Sort Key": ["supplier.s_name"], "Plans": [{"Node Type": "Nested Loop", "Parent Relationship": "Outer", "Join Type": "Semi", "Startup Cost": 6154458.63, "Total Cost": 9935759.82, "Plan Rows": 2000, "Plan Width": 51, "Inner Unique": false, "Join Filter": "(supplier.s_suppkey = lineitem.l_suppkey)", "Plans": [{"Node Type": "Nested Loop", "Parent Relationship": "Outer", "Join Type": "Inner", "Startup Cost": 0.0, "Total Cost": 6597.23, "Plan Rows": 4000, "Plan Width": 59, "Inner Unique": false, "Join Filter": "(supplier.s_nationkey = nation.n_nationkey)", "Plans": [{"Node Type": "Index Scan", "Parent Relationship": "Outer", "Scan Direction": "Forward", "Index Name": "nation_pkey", "Relation Name": "nation", "Alias": "nation", "Startup Cost": 0.0, "Total Cost": 12.69, "Plan Rows": 1, "Plan Width": 4, "Filter": "(n_name = 'ALGERIA'::bpchar)"}, {"Node Type": "Index Scan", "Parent Relationship": "Inner", "Scan Direction": "Forward", "Index Name": "supplier_pkey", "Relation Name": "supplier", "Alias": "supplier", "Startup Cost": 0.0, "Total Cost": 5334.54, "Plan Rows": 100000, "Plan Width": 63}]}, {"Node Type": "Materialize", "Parent Relationship": "Inner", "Startup Cost": 6154458.63, "Total Cost": 9929042.6, "Plan Rows": 2, "Plan Width": 16, "Plans": [{"Node Type": "Nested Loop", "Parent Relationship": "Outer", "Join Type": "Semi", "Startup Cost": 6154458.63, "Total Cost": 9929042.59, "Plan Rows": 2, "Plan Width": 16, "Inner Unique": false, "Plans": [{"Node Type": "Nested Loop", "Parent Relationship": "Outer", "Join Type": "Inner", "Startup Cost": 6154458.63, "Total Cost": 9929037.83, "Plan Rows": 15, "Plan Width": 32, "Inner Unique": true, "Plans": [{"Node Type": "Aggregate", "Strategy": "Hashed", "Parent Relationship": "Outer", "Startup Cost": 6154458.63, "Total Cost": 6267854.63, "Plan Rows": 9071680, "Plan Width": 40, "Group By Key": ["lineitem.l_partkey", "lineitem.l_suppkey"], "Plans": [{"Node Type": "Index Scan", "Parent Relationship": "Outer", "Scan Direction": "Forward", "Index Name": "idx_lineitem_shipdate", "Relation Name": "lineitem", "Alias": "lineitem", "Startup Cost": 0.0, "Total Cost": 6063741.83, "Plan Rows": 9071680, "Plan Width": 24, "Index Cond": "((l_shipdate >= '1993-01-01 00:00:00'::timestamp(0) without time zone) AND (l_shipdate < '1994-01-01 00:00:00'::timestamp without time zone)), (LLVM Optimized)"}]}, {"Node Type": "Index Scan", "Parent Relationship": "Inner", "Scan Direction": "Forward", "Index Name": "partsupp_pkey", "Relation Name": "partsupp", "Alias": "partsupp", "Startup Cost": 0.0, "Total Cost": 0.38, "Plan Rows": 1, "Plan Width": 24, "Index Cond": "((ps_partkey = lineitem.l_partkey) AND (ps_suppkey = lineitem.l_suppkey))", "Filter": "((ps_availqty)::double precision > (.5::double precision * (sum(lineitem.l_quantity))))"}]}, {"Node Type": "Index Scan", "Parent Relationship": "Inner", "Scan Direction": "Forward", "Index Name": "part_kpey", "Relation Name": "part", "Alias": "part", "Startup Cost": 0.0, "Total Cost": 0.3, "Plan Rows": 1, "Plan Width": 8, "Index Cond": "(p_partkey = partsupp.ps_partkey)", "Filter": "((p_name)::text ~~ 'green%'::text)"}]}]}]}]}, "Unique SQL Id": 202076520, "Planner Runtime": 2}, "explain_analyze_plan": null}, "(16, 58)": {"explain_plan": {"Plan": {"Node Type": "Sort", "Startup Cost": 17339533198.13, "Total Cost": 17339533203.13, "Plan Rows": 2000, "Plan Width": 51, "Sort Key": ["supplier.s_name"], "Plans": [{"Node Type": "Nested Loop", "Parent Relationship": "Outer", "Join Type": "Semi", "Startup Cost": 2405767.29, "Total Cost": 17339533088.47, "Plan Rows": 2000, "Plan Width": 51, "Inner Unique": false, "Join Filter": "(supplier.s_suppkey = lineitem.l_suppkey)", "Plans": [{"Node Type": "Nested Loop", "Parent Relationship": "Outer", "Join Type": "Inner", "Startup Cost": 0.0, "Total Cost": 4534.31, "Plan Rows": 4000, "Plan Width": 59, "Inner Unique": false, "Join Filter": "(supplier.s_nationkey = nation.n_nationkey)", "Plans": [{"Node Type": "Seq Scan", "Parent Relationship": "Outer", "Relation Name": "nation", "Alias": "nation", "Startup Cost": 0.0, "Total Cost": 1.31, "Plan Rows": 1, "Plan Width": 4, "Filter": "(n_name = 'ALGERIA'::bpchar)"}, {"Node Type": "Seq Scan", "Parent Relationship": "Inner", "Relation Name": "supplier", "Alias": "supplier", "Startup Cost": 0.0, "Total Cost": 3283.0, "Plan Rows": 100000, "Plan Width": 63}]}, {"Node Type": "Materialize", "Parent Relationship": "Inner", "Startup Cost": 2405767.29, "Total Cost": 17339528434.16, "Plan Rows": 2, "Plan Width": 16, "Plans": [{"Node Type": "Nested Loop", "Parent Relationship": "Outer", "Join Type": "Inner", "Startup Cost": 2405767.29, "Total Cost": 17339528434.15, "Plan Rows": 2, "Plan Width": 16, "Inner Unique": false, "Join Filter": "((partsupp.ps_partkey = lineitem.l_partkey) AND (partsupp.ps_suppkey = lineitem.l_suppkey) AND ((partsupp.ps_availqty)::double precision > (.5::double precision * (sum(lineitem.l_quantity)))))", "Plans": [{"Node Type": "Aggregate", "Strategy": "Hashed", "Parent Relationship": "Outer", "Startup Cost": 2405767.29, "Total Cost": 2519163.29, "Plan Rows": 9071680, "Plan Width": 40, "Group By Key": ["lineitem.l_partkey", "lineitem.l_suppkey"], "Plans": [{"Node Type": "Seq Scan", "Parent Relationship": "Outer", "Relation Name": "lineitem", "Alias": "lineitem", "Startup Cost": 119.57, "Total Cost": 2315050.5, "Plan Rows": 9071680, "Plan Width": 24, "Filter": "((l_shipdate >= '1993-01-01 00:00:00'::timestamp(0) without time zone) AND (l_shipdate < '1994-01-01 00:00:00'::timestamp without time zone)), (LLVM Optimized)"}]}, {"Node Type": "Materialize", "Parent Relationship": "Inner", "Startup Cost": 0.0, "Total Cost": 2697041531.44, "Plan Rows": 64552, "Plan Width": 32, "Plans": [{"Node Type": "Nested Loop", "Parent Relationship": "Outer", "Join Type": "Semi", "Startup Cost": 0.0, "Total Cost": 2697041208.68, "Plan Rows": 64552, "Plan Width": 32, "Inner Unique": false, "Join Filter": "(partsupp.ps_partkey = part.p_partkey)", "Plans": [{"Node Type": "Seq Scan", "Parent Relationship": "Outer", "Relation Name": "partsupp", "Alias": "partsupp", "Startup Cost": 0.0, "Total Cost": 269987.72, "Plan Rows": 8000372, "Plan Width": 24}, {"Node Type": "Materialize", "Parent Relationship": "Inner", "Startup Cost": 0.0, "Total Cost": 67056.36, "Plan Rows": 22472, "Plan Width": 8, "Plans": [{"Node Type": "Seq Scan", "Parent Relationship": "Outer", "Relation Name": "part", "Alias": "part", "Startup Cost": 0.0, "Total Cost": 66944.0, "Plan Rows": 22472, "Plan Width": 8, "Filter": "((p_name)::text ~~ 'green%'::text)"}]}]}]}]}]}]}]}, "Unique SQL Id": 202076520, "Planner Runtime": 2}, "explain_analyze_plan": null}, "(16, 59)": {"explain_plan": {"Plan": {"Node Type": "Sort", "Startup Cost": 5018253561064.47, "Total Cost": 5018253561069.47, "Plan Rows": 2000, "Plan Width": 51, "Sort Key": ["supplier.s_name"], "Plans": [{"Node Type": "Nested Loop", "Parent Relationship": "Outer", "Join Type": "Semi", "Startup Cost": 1040805475552.94, "Total Cost": 5018253560954.81, "Plan Rows": 2000, "Plan Width": 51, "Inner Unique": false, "Join Filter": "(supplier.s_suppkey = subquery.\"?column?\")", "Plans": [{"Node Type": "Nested Loop", "Parent Relationship": "Outer", "Join Type": "Inner", "Startup Cost": 20000000000.0, "Total Cost": 2000000536223.13, "Plan Rows": 4000, "Plan Width": 59, "Inner Unique": true, "Join Filter": "(supplier.s_nationkey = nation.n_nationkey)", "Plans": [{"Node Type": "Index Scan", "Parent Relationship": "Outer", "Scan Direction": "Forward", "Index Name": "supplier_pkey", "Relation Name": "supplier", "Alias": "supplier", "Startup Cost": 10000000000.0, "Total Cost": 1000000533454.38, "Plan Rows": 100000, "Plan Width": 63}, {"Node Type": "Materialize", "Parent Relationship": "Inner", "Startup Cost": 10000000000.0, "Total Cost": 1000000001268.76, "Plan Rows": 1, "Plan Width": 4, "Plans": [{"Node Type": "Index Scan", "Parent Relationship": "Outer", "Scan Direction": "Forward", "Index Name": "nation_pkey", "Relation Name": "nation", "Alias": "nation", "Startup Cost": 10000000000.0, "Total Cost": 1000000001268.75, "Plan Rows": 1, "Plan Width": 4, "Filter": "(n_name = 'ALGERIA'::bpchar)"}]}]}, {"Node Type": "Materialize", "Parent Relationship": "Inner", "Startup Cost": 1020805475552.94, "Total Cost": 3018253024611.68, "Plan Rows": 2, "Plan Width": 16, "Plans": [{"Node Type": "Nested Loop", "Parent Relationship": "Outer", "Join Type": "Inner", "Startup Cost": 1020805475552.94, "Total Cost": 3018253024611.67, "Plan Rows": 2, "Plan Width": 16, "Inner Unique": true, "Join Filter": "((partsupp.ps_partkey = subquery.\"?column?\") AND (partsupp.ps_suppkey = subquery.\"?column?\") AND ((partsupp.ps_availqty)::double precision > (.5::double precision * subquery.\"?column?\")))", "Plans": [{"Node Type": "Nested Loop", "Parent Relationship": "Outer", "Join Type": "Semi", "Startup Cost": 20000000000.0, "Total Cost": 2002807445082.73, "Plan Rows": 64552, "Plan Width": 32, "Inner Unique": false, "Join Filter": "(partsupp.ps_partkey = part.p_partkey)", "Plans": [{"Node Type": "Index Scan", "Parent Relationship": "Outer", "Scan Direction": "Forward", "Index Name": "idx_partsupp_suppkey", "Relation Name": "partsupp", "Alias": "partsupp", "Startup Cost": 10000000000.0, "Total Cost": 1000100160480.77, "Plan Rows": 8000372, "Plan Width": 24}, {"Node Type": "Materialize", "Parent Relationship": "Inner", "Startup Cost": 10000000000.0, "Total Cost": 1000010580437.36, "Plan Rows": 22472, "Plan Width": 8, "Plans": [{"Node Type": "Index Scan", "Parent Relationship": "Outer", "Scan Direction": "Forward", "Index Name": "part_kpey", "Relation Name": "part", "Alias": "part", "Startup Cost": 10000000000.0, "Total Cost": 1000010580325.0, "Plan Rows": 22472, "Plan Width": 8, "Filter": "((p_name)::text ~~ 'green%'::text)"}]}]}, {"Node Type": "Materialize", "Parent Relationship": "Inner", "Startup Cost": 1000805475552.94, "Total Cost": 1000805725024.14, "Plan Rows": 9071680, "Plan Width": 24, "Plans": [{"Node Type": "Subquery Scan", "Parent Relationship": "Outer", "Alias": "subquery", "Startup Cost": 1000805475552.94, "Total Cost": 1000805679665.74, "Plan Rows": 9071680, "Plan Width": 24, "Plans": [{"Node Type": "Aggregate", "Strategy": "Hashed", "Parent Relationship": "Subquery", "Startup Cost": 1000805475552.94, "Total Cost": 1000805588948.94, "Plan Rows": 9071680, "Plan Width": 40, "Group By Key": ["lineitem.l_partkey", "lineitem.l_suppkey"], "Plans": [{"Node Type": "Index Scan", "Parent Relationship": "Outer", "Scan Direction": "Forward", "Index Name": "idx_lineitem_part_supp", "Relation Name": "lineitem", "Alias": "lineitem", "Startup Cost": 10000000000.0, "Total Cost": 1000805384836.14, "Plan Rows": 9071680, "Plan Width": 24, "Filter": "((l_shipdate >= '1993-01-01 00:00:00'::timestamp(0) without time zone) AND (l_shipdate < '1994-01-01 00:00:00'::timestamp without time zone)), (LLVM Optimized)"}]}]}]}]}]}]}]}, "Unique SQL Id": 202076520, "Planner Runtime": 2}, "explain_analyze_plan": null}, "(16, 60)": {"explain_plan": {"Plan": {"Node Type": "Sort", "Startup Cost": 6185115.22, "Total Cost": 6185120.22, "Plan Rows": 2000, "Plan Width": 51, "Sort Key": ["supplier.s_name"], "Plans": [{"Node Type": "Nested Loop", "Parent Relationship": "Outer", "Join Type": "Semi", "Startup Cost": 2405767.29, "Total Cost": 6185005.56, "Plan Rows": 2000, "Plan Width": 51, "Inner Unique": false, "Join Filter": "(supplier.s_suppkey = lineitem.l_suppkey)", "Plans": [{"Node Type": "Nested Loop", "Parent Relationship": "Outer", "Join Type": "Inner", "Startup Cost": 0.0, "Total Cost": 4534.31, "Plan Rows": 4000, "Plan Width": 59, "Inner Unique": false, "Join Filter": "(supplier.s_nationkey = nation.n_nationkey)", "Plans": [{"Node Type": "Seq Scan", "Parent Relationship": "Outer", "Relation Name": "nation", "Alias": "nation", "Startup Cost": 0.0, "Total Cost": 1.31, "Plan Rows": 1, "Plan Width": 4, "Filter": "(n_name = 'ALGERIA'::bpchar)"}, {"Node Type": "Seq Scan", "Parent Relationship": "Inner", "Relation Name": "supplier", "Alias": "supplier", "Startup Cost": 0.0, "Total Cost": 3283.0, "Plan Rows": 100000, "Plan Width": 63}]}, {"Node Type": "Materialize", "Parent Relationship": "Inner", "Startup Cost": 2405767.29, "Total Cost": 6180351.26, "Plan Rows": 2, "Plan Width": 16, "Plans": [{"Node Type": "Nested Loop", "Parent Relationship": "Outer", "Join Type": "Semi", "Startup Cost": 2405767.29, "Total Cost": 6180351.25, "Plan Rows": 2, "Plan Width": 16, "Inner Unique": false, "Plans": [{"Node Type": "Nested Loop", "Parent Relationship": "Outer", "Join Type": "Inner", "Startup Cost": 2405767.29, "Total Cost": 6180346.49, "Plan Rows": 15, "Plan Width": 32, "Inner Unique": true, "Plans": [{"Node Type": "Aggregate", "Strategy": "Hashed", "Parent Relationship": "Outer", "Startup Cost": 2405767.29, "Total Cost": 2519163.29, "Plan Rows": 9071680, "Plan Width": 40, "Group By Key": ["lineitem.l_partkey", "lineitem.l_suppkey"], "Plans": [{"Node Type": "Seq Scan", "Parent Relationship": "Outer", "Relation Name": "lineitem", "Alias": "lineitem", "Startup Cost": 119.57, "Total Cost": 2315050.5, "Plan Rows": 9071680, "Plan Width": 24, "Filter": "((l_shipdate >= '1993-01-01 00:00:00'::timestamp(0) without time zone) AND (l_shipdate < '1994-01-01 00:00:00'::timestamp without time zone)), (LLVM Optimized)"}]}, {"Node Type": "Index Scan", "Parent Relationship": "Inner", "Scan Direction": "Forward", "Index Name": "partsupp_pkey", "Relation Name": "partsupp", "Alias": "partsupp", "Startup Cost": 0.0, "Total Cost": 0.38, "Plan Rows": 1, "Plan Width": 24, "Index Cond": "((ps_partkey = lineitem.l_partkey) AND (ps_suppkey = lineitem.l_suppkey))", "Filter": "((ps_availqty)::double precision > (.5::double precision * (sum(lineitem.l_quantity))))"}]}, {"Node Type": "Index Scan", "Parent Relationship": "Inner", "Scan Direction": "Forward", "Index Name": "part_kpey", "Relation Name": "part", "Alias": "part", "Startup Cost": 0.0, "Total Cost": 0.3, "Plan Rows": 1, "Plan Width": 8, "Index Cond": "(p_partkey = partsupp.ps_partkey)", "Filter": "((p_name)::text ~~ 'green%'::text)"}]}]}]}]}, "Unique SQL Id": 202076520, "Planner Runtime": 2}, "explain_analyze_plan": null}, "(16, 61)": {"explain_plan": {"Plan": {"Node Type": "Sort", "Startup Cost": 9935869.48, "Total Cost": 9935874.48, "Plan Rows": 2000, "Plan Width": 51, "Sort Key": ["supplier.s_name"], "Plans": [{"Node Type": "Nested Loop", "Parent Relationship": "Outer", "Join Type": "Semi", "Startup Cost": 6154458.63, "Total Cost": 9935759.82, "Plan Rows": 2000, "Plan Width": 51, "Inner Unique": false, "Join Filter": "(supplier.s_suppkey = lineitem.l_suppkey)", "Plans": [{"Node Type": "Nested Loop", "Parent Relationship": "Outer", "Join Type": "Inner", "Startup Cost": 0.0, "Total Cost": 6597.23, "Plan Rows": 4000, "Plan Width": 59, "Inner Unique": false, "Join Filter": "(supplier.s_nationkey = nation.n_nationkey)", "Plans": [{"Node Type": "Index Scan", "Parent Relationship": "Outer", "Scan Direction": "Forward", "Index Name": "nation_pkey", "Relation Name": "nation", "Alias": "nation", "Startup Cost": 0.0, "Total Cost": 12.69, "Plan Rows": 1, "Plan Width": 4, "Filter": "(n_name = 'ALGERIA'::bpchar)"}, {"Node Type": "Index Scan", "Parent Relationship": "Inner", "Scan Direction": "Forward", "Index Name": "supplier_pkey", "Relation Name": "supplier", "Alias": "supplier", "Startup Cost": 0.0, "Total Cost": 5334.54, "Plan Rows": 100000, "Plan Width": 63}]}, {"Node Type": "Materialize", "Parent Relationship": "Inner", "Startup Cost": 6154458.63, "Total Cost": 9929042.6, "Plan Rows": 2, "Plan Width": 16, "Plans": [{"Node Type": "Nested Loop", "Parent Relationship": "Outer", "Join Type": "Semi", "Startup Cost": 6154458.63, "Total Cost": 9929042.59, "Plan Rows": 2, "Plan Width": 16, "Inner Unique": false, "Plans": [{"Node Type": "Nested Loop", "Parent Relationship": "Outer", "Join Type": "Inner", "Startup Cost": 6154458.63, "Total Cost": 9929037.83, "Plan Rows": 15, "Plan Width": 32, "Inner Unique": true, "Plans": [{"Node Type": "Aggregate", "Strategy": "Hashed", "Parent Relationship": "Outer", "Startup Cost": 6154458.63, "Total Cost": 6267854.63, "Plan Rows": 9071680, "Plan Width": 40, "Group By Key": ["lineitem.l_partkey", "lineitem.l_suppkey"], "Plans": [{"Node Type": "Index Scan", "Parent Relationship": "Outer", "Scan Direction": "Forward", "Index Name": "idx_lineitem_shipdate", "Relation Name": "lineitem", "Alias": "lineitem", "Startup Cost": 0.0, "Total Cost": 6063741.83, "Plan Rows": 9071680, "Plan Width": 24, "Index Cond": "((l_shipdate >= '1993-01-01 00:00:00'::timestamp(0) without time zone) AND (l_shipdate < '1994-01-01 00:00:00'::timestamp without time zone)), (LLVM Optimized)"}]}, {"Node Type": "Index Scan", "Parent Relationship": "Inner", "Scan Direction": "Forward", "Index Name": "partsupp_pkey", "Relation Name": "partsupp", "Alias": "partsupp", "Startup Cost": 0.0, "Total Cost": 0.38, "Plan Rows": 1, "Plan Width": 24, "Index Cond": "((ps_partkey = lineitem.l_partkey) AND (ps_suppkey = lineitem.l_suppkey))", "Filter": "((ps_availqty)::double precision > (.5::double precision * (sum(lineitem.l_quantity))))"}]}, {"Node Type": "Index Scan", "Parent Relationship": "Inner", "Scan Direction": "Forward", "Index Name": "part_kpey", "Relation Name": "part", "Alias": "part", "Startup Cost": 0.0, "Total Cost": 0.3, "Plan Rows": 1, "Plan Width": 8, "Index Cond": "(p_partkey = partsupp.ps_partkey)", "Filter": "((p_name)::text ~~ 'green%'::text)"}]}]}]}]}, "Unique SQL Id": 202076520, "Planner Runtime": 1}, "explain_analyze_plan": null}, "(16, 62)": {"explain_plan": {"Plan": {"Node Type": "Sort", "Startup Cost": 17339533198.13, "Total Cost": 17339533203.13, "Plan Rows": 2000, "Plan Width": 51, "Sort Key": ["supplier.s_name"], "Plans": [{"Node Type": "Nested Loop", "Parent Relationship": "Outer", "Join Type": "Semi", "Startup Cost": 2405767.29, "Total Cost": 17339533088.47, "Plan Rows": 2000, "Plan Width": 51, "Inner Unique": false, "Join Filter": "(supplier.s_suppkey = lineitem.l_suppkey)", "Plans": [{"Node Type": "Nested Loop", "Parent Relationship": "Outer", "Join Type": "Inner", "Startup Cost": 0.0, "Total Cost": 4534.31, "Plan Rows": 4000, "Plan Width": 59, "Inner Unique": false, "Join Filter": "(supplier.s_nationkey = nation.n_nationkey)", "Plans": [{"Node Type": "Seq Scan", "Parent Relationship": "Outer", "Relation Name": "nation", "Alias": "nation", "Startup Cost": 0.0, "Total Cost": 1.31, "Plan Rows": 1, "Plan Width": 4, "Filter": "(n_name = 'ALGERIA'::bpchar)"}, {"Node Type": "Seq Scan", "Parent Relationship": "Inner", "Relation Name": "supplier", "Alias": "supplier", "Startup Cost": 0.0, "Total Cost": 3283.0, "Plan Rows": 100000, "Plan Width": 63}]}, {"Node Type": "Materialize", "Parent Relationship": "Inner", "Startup Cost": 2405767.29, "Total Cost": 17339528434.16, "Plan Rows": 2, "Plan Width": 16, "Plans": [{"Node Type": "Nested Loop", "Parent Relationship": "Outer", "Join Type": "Inner", "Startup Cost": 2405767.29, "Total Cost": 17339528434.15, "Plan Rows": 2, "Plan Width": 16, "Inner Unique": false, "Join Filter": "((partsupp.ps_partkey = lineitem.l_partkey) AND (partsupp.ps_suppkey = lineitem.l_suppkey) AND ((partsupp.ps_availqty)::double precision > (.5::double precision * (sum(lineitem.l_quantity)))))", "Plans": [{"Node Type": "Aggregate", "Strategy": "Hashed", "Parent Relationship": "Outer", "Startup Cost": 2405767.29, "Total Cost": 2519163.29, "Plan Rows": 9071680, "Plan Width": 40, "Group By Key": ["lineitem.l_partkey", "lineitem.l_suppkey"], "Plans": [{"Node Type": "Seq Scan", "Parent Relationship": "Outer", "Relation Name": "lineitem", "Alias": "lineitem", "Startup Cost": 119.57, "Total Cost": 2315050.5, "Plan Rows": 9071680, "Plan Width": 24, "Filter": "((l_shipdate >= '1993-01-01 00:00:00'::timestamp(0) without time zone) AND (l_shipdate < '1994-01-01 00:00:00'::timestamp without time zone)), (LLVM Optimized)"}]}, {"Node Type": "Materialize", "Parent Relationship": "Inner", "Startup Cost": 0.0, "Total Cost": 2697041531.44, "Plan Rows": 64552, "Plan Width": 32, "Plans": [{"Node Type": "Nested Loop", "Parent Relationship": "Outer", "Join Type": "Semi", "Startup Cost": 0.0, "Total Cost": 2697041208.68, "Plan Rows": 64552, "Plan Width": 32, "Inner Unique": false, "Join Filter": "(partsupp.ps_partkey = part.p_partkey)", "Plans": [{"Node Type": "Seq Scan", "Parent Relationship": "Outer", "Relation Name": "partsupp", "Alias": "partsupp", "Startup Cost": 0.0, "Total Cost": 269987.72, "Plan Rows": 8000372, "Plan Width": 24}, {"Node Type": "Materialize", "Parent Relationship": "Inner", "Startup Cost": 0.0, "Total Cost": 67056.36, "Plan Rows": 22472, "Plan Width": 8, "Plans": [{"Node Type": "Seq Scan", "Parent Relationship": "Outer", "Relation Name": "part", "Alias": "part", "Startup Cost": 0.0, "Total Cost": 66944.0, "Plan Rows": 22472, "Plan Width": 8, "Filter": "((p_name)::text ~~ 'green%'::text)"}]}]}]}]}]}]}]}, "Unique SQL Id": 202076520, "Planner Runtime": 1}, "explain_analyze_plan": null}, "(16, 63)": {"explain_plan": {"Plan": {"Node Type": "Sort", "Startup Cost": 5018253561064.47, "Total Cost": 5018253561069.47, "Plan Rows": 2000, "Plan Width": 51, "Sort Key": ["supplier.s_name"], "Plans": [{"Node Type": "Nested Loop", "Parent Relationship": "Outer", "Join Type": "Semi", "Startup Cost": 1040805475552.94, "Total Cost": 5018253560954.81, "Plan Rows": 2000, "Plan Width": 51, "Inner Unique": false, "Join Filter": "(supplier.s_suppkey = subquery.\"?column?\")", "Plans": [{"Node Type": "Nested Loop", "Parent Relationship": "Outer", "Join Type": "Inner", "Startup Cost": 20000000000.0, "Total Cost": 2000000536223.13, "Plan Rows": 4000, "Plan Width": 59, "Inner Unique": true, "Join Filter": "(supplier.s_nationkey = nation.n_nationkey)", "Plans": [{"Node Type": "Index Scan", "Parent Relationship": "Outer", "Scan Direction": "Forward", "Index Name": "supplier_pkey", "Relation Name": "supplier", "Alias": "supplier", "Startup Cost": 10000000000.0, "Total Cost": 1000000533454.38, "Plan Rows": 100000, "Plan Width": 63}, {"Node Type": "Materialize", "Parent Relationship": "Inner", "Startup Cost": 10000000000.0, "Total Cost": 1000000001268.76, "Plan Rows": 1, "Plan Width": 4, "Plans": [{"Node Type": "Index Scan", "Parent Relationship": "Outer", "Scan Direction": "Forward", "Index Name": "nation_pkey", "Relation Name": "nation", "Alias": "nation", "Startup Cost": 10000000000.0, "Total Cost": 1000000001268.75, "Plan Rows": 1, "Plan Width": 4, "Filter": "(n_name = 'ALGERIA'::bpchar)"}]}]}, {"Node Type": "Materialize", "Parent Relationship": "Inner", "Startup Cost": 1020805475552.94, "Total Cost": 3018253024611.68, "Plan Rows": 2, "Plan Width": 16, "Plans": [{"Node Type": "Nested Loop", "Parent Relationship": "Outer", "Join Type": "Inner", "Startup Cost": 1020805475552.94, "Total Cost": 3018253024611.67, "Plan Rows": 2, "Plan Width": 16, "Inner Unique": true, "Join Filter": "((partsupp.ps_partkey = subquery.\"?column?\") AND (partsupp.ps_suppkey = subquery.\"?column?\") AND ((partsupp.ps_availqty)::double precision > (.5::double precision * subquery.\"?column?\")))", "Plans": [{"Node Type": "Nested Loop", "Parent Relationship": "Outer", "Join Type": "Semi", "Startup Cost": 20000000000.0, "Total Cost": 2002807445082.73, "Plan Rows": 64552, "Plan Width": 32, "Inner Unique": false, "Join Filter": "(partsupp.ps_partkey = part.p_partkey)", "Plans": [{"Node Type": "Index Scan", "Parent Relationship": "Outer", "Scan Direction": "Forward", "Index Name": "idx_partsupp_suppkey", "Relation Name": "partsupp", "Alias": "partsupp", "Startup Cost": 10000000000.0, "Total Cost": 1000100160480.77, "Plan Rows": 8000372, "Plan Width": 24}, {"Node Type": "Materialize", "Parent Relationship": "Inner", "Startup Cost": 10000000000.0, "Total Cost": 1000010580437.36, "Plan Rows": 22472, "Plan Width": 8, "Plans": [{"Node Type": "Index Scan", "Parent Relationship": "Outer", "Scan Direction": "Forward", "Index Name": "part_kpey", "Relation Name": "part", "Alias": "part", "Startup Cost": 10000000000.0, "Total Cost": 1000010580325.0, "Plan Rows": 22472, "Plan Width": 8, "Filter": "((p_name)::text ~~ 'green%'::text)"}]}]}, {"Node Type": "Materialize", "Parent Relationship": "Inner", "Startup Cost": 1000805475552.94, "Total Cost": 1000805725024.14, "Plan Rows": 9071680, "Plan Width": 24, "Plans": [{"Node Type": "Subquery Scan", "Parent Relationship": "Outer", "Alias": "subquery", "Startup Cost": 1000805475552.94, "Total Cost": 1000805679665.74, "Plan Rows": 9071680, "Plan Width": 24, "Plans": [{"Node Type": "Aggregate", "Strategy": "Hashed", "Parent Relationship": "Subquery", "Startup Cost": 1000805475552.94, "Total Cost": 1000805588948.94, "Plan Rows": 9071680, "Plan Width": 40, "Group By Key": ["lineitem.l_partkey", "lineitem.l_suppkey"], "Plans": [{"Node Type": "Index Scan", "Parent Relationship": "Outer", "Scan Direction": "Forward", "Index Name": "idx_lineitem_part_supp", "Relation Name": "lineitem", "Alias": "lineitem", "Startup Cost": 10000000000.0, "Total Cost": 1000805384836.14, "Plan Rows": 9071680, "Plan Width": 24, "Filter": "((l_shipdate >= '1993-01-01 00:00:00'::timestamp(0) without time zone) AND (l_shipdate < '1994-01-01 00:00:00'::timestamp without time zone)), (LLVM Optimized)"}]}]}]}]}]}]}]}, "Unique SQL Id": 202076520, "Planner Runtime": 1}, "explain_analyze_plan": null}, "(16, 64)": {"explain_plan": {"Plan": {"Node Type": "Sort", "Startup Cost": 2479933.5, "Total Cost": 2479938.5, "Plan Rows": 2000, "Plan Width": 51, "Sort Key": ["supplier.s_name"], "Plans": [{"Node Type": "Hash Join", "Parent Relationship": "Outer", "Join Type": "Right Semi", "Startup Cost": 2184974.13, "Total Cost": 2479823.85, "Plan Rows": 2000, "Plan Width": 51, "Inner Unique": false, "Hash Cond": "(lineitem.l_suppkey = supplier.s_suppkey)", "Plans": [{"Node Type": "Hash Join", "Parent Relationship": "Outer", "Join Type": "Inner", "Startup Cost": 2182390.78, "Total Cost": 2477220.49, "Plan Rows": 2, "Plan Width": 16, "Inner Unique": false, "Hash Cond": "((lineitem.l_partkey = partsupp.ps_partkey) AND (lineitem.l_suppkey = partsupp.ps_suppkey))", "Join Filter": "((partsupp.ps_availqty)::double precision > (.5::double precision * (sum(lineitem.l_quantity))))", "Plans": [{"Node Type": "Aggregate", "Strategy": "Hashed", "Parent Relationship": "Outer", "Startup Cost": 1956349.97, "Total Cost": 2069745.97, "Plan Rows": 9071680, "Plan Width": 40, "Group By Key": ["lineitem.l_partkey", "lineitem.l_suppkey"], "Plans": [{"Node Type": "Bitmap Heap Scan", "Parent Relationship": "Outer", "Relation Name": "lineitem", "Alias": "lineitem", "Startup Cost": 314312.97, "Total Cost": 1865633.17, "Plan Rows": 9071680, "Plan Width": 24, "Recheck Cond": "((l_shipdate >= '1993-01-01 00:00:00'::timestamp(0) without time zone) AND (l_shipdate < '1994-01-01 00:00:00'::timestamp without time zone)), (LLVM Optimized)", "Plans": [{"Node Type": "Bitmap Index Scan", "Parent Relationship": "Outer", "Index Name": "idx_lineitem_shipdate", "Startup Cost": 0.0, "Total Cost": 312045.05, "Plan Rows": 9071680, "Plan Width": 0, "Index Cond": "((l_shipdate >= '1993-01-01 00:00:00'::timestamp(0) without time zone) AND (l_shipdate < '1994-01-01 00:00:00'::timestamp without time zone))"}]}]}, {"Node Type": "Hash", "Parent Relationship": "Inner", "Startup Cost": 225072.53, "Total Cost": 225072.53, "Plan Rows": 64552, "Plan Width": 32, "Plans": [{"Node Type": "Nested Loop", "Parent Relationship": "Outer", "Join Type": "Inner", "Startup Cost": 0.0, "Total Cost": 225072.53, "Plan Rows": 64552, "Plan Width": 32, "Inner Unique": false, "Plans": [{"Node Type": "Seq Scan", "Parent Relationship": "Outer", "Relation Name": "part", "Alias": "part", "Startup Cost": 0.0, "Total Cost": 66944.0, "Plan Rows": 22472, "Plan Width": 8, "Filter": "((p_name)::text ~~ 'green%'::text)"}, {"Node Type": "Index Scan", "Parent Relationship": "Inner", "Scan Direction": "Forward", "Index Name": "idx_partsupp_partkey", "Relation Name": "partsupp", "Alias": "partsupp", "Startup Cost": 0.0, "Total Cost": 7.01, "Plan Rows": 3, "Plan Width": 24, "Index Cond": "(ps_partkey = part.p_partkey)"}]}]}]}, {"Node Type": "Hash", "Parent Relationship": "Inner", "Startup Cost": 2533.35, "Total Cost": 2533.35, "Plan Rows": 4000, "Plan Width": 59, "Plans": [{"Node Type": "Nested Loop", "Parent Relationship": "Outer", "Join Type": "Inner", "Startup Cost": 95.25, "Total Cost": 2533.35, "Plan Rows": 4000, "Plan Width": 59, "Inner Unique": false, "Plans": [{"Node Type": "Seq Scan", "Parent Relationship": "Outer", "Relation Name": "nation", "Alias": "nation", "Startup Cost": 0.0, "Total Cost": 1.31, "Plan Rows": 1, "Plan Width": 4, "Filter": "(n_name = 'ALGERIA'::bpchar)"}, {"Node Type": "Bitmap Heap Scan", "Parent Relationship": "Inner", "Relation Name": "supplier", "Alias": "supplier", "Startup Cost": 95.25, "Total Cost": 2492.04, "Plan Rows": 4000, "Plan Width": 63, "Recheck Cond": "(s_nationkey = nation.n_nationkey)", "Plans": [{"Node Type": "Bitmap Index Scan", "Parent Relationship": "Outer", "Index Name": "idx_supplier_nation_key", "Startup Cost": 0.0, "Total Cost": 94.25, "Plan Rows": 4000, "Plan Width": 0, "Index Cond": "(s_nationkey = nation.n_nationkey)"}]}]}]}]}]}, "Unique SQL Id": 202076520, "Planner Runtime": 3}, "explain_analyze_plan": {"Plan": {"Node Type": "Sort", "Startup Cost": 2479933.5, "Total Cost": 2479938.5, "Plan Rows": 2000, "Plan Width": 51, "Actual Startup Time": 25138.012, "Actual Total Time": 25138.284, "Actual Rows": 1746, "Actual Loops": 1, "Sort Key": ["supplier.s_name"], "Sort Method": "quicksort", "Sort Space Used": 309, "Sort Space Type": "Memory", "Plans": [{"Node Type": "Hash Join", "Parent Relationship": "Outer", "Join Type": "Right Semi", "Startup Cost": 2184974.13, "Total Cost": 2479823.85, "Plan Rows": 2000, "Plan Width": 51, "Actual Startup Time": 20735.079, "Actual Total Time": 25128.07, "Actual Rows": 1746, "Actual Loops": 1, "Inner Unique": false, "Hash Cond": "(lineitem.l_suppkey = supplier.s_suppkey)", "Plans": [{"Node Type": "Hash Join", "Parent Relationship": "Outer", "Join Type": "Inner", "Startup Cost": 2182390.78, "Total Cost": 2477220.49, "Plan Rows": 2, "Plan Width": 16, "Actual Startup Time": 20720.494, "Actual Total Time": 25102.58, "Actual Rows": 58537, "Actual Loops": 1, "Inner Unique": false, "Hash Cond": "((lineitem.l_partkey = partsupp.ps_partkey) AND (lineitem.l_suppkey = partsupp.ps_suppkey))", "Join Filter": "((partsupp.ps_availqty)::double precision > (.5::double precision * (sum(lineitem.l_quantity))))", "Rows Removed by Join Filter": 136, "Plans": [{"Node Type": "Aggregate", "Strategy": "Hashed", "Parent Relationship": "Outer", "Startup Cost": 1956349.97, "Total Cost": 2069745.97, "Plan Rows": 9071680, "Plan Width": 40, "Actual Startup Time": 19716.635, "Actual Total Time": 22538.491, "Actual Rows": 5442751, "Actual Loops": 1, "Group By Key": ["lineitem.l_partkey", "lineitem.l_suppkey"], "Plans": [{"Node Type": "Bitmap Heap Scan", "Parent Relationship": "Outer", "Relation Name": "lineitem", "Alias": "lineitem", "Startup Cost": 314312.97, "Total Cost": 1865633.17, "Plan Rows": 9071680, "Plan Width": 24, "Actual Startup Time": 4108.122, "Actual Total Time": 11626.576, "Actual Rows": 9109641, "Actual Loops": 1, "Recheck Cond": "((l_shipdate >= '1993-01-01 00:00:00'::timestamp(0) without time zone) AND (l_shipdate < '1994-01-01 00:00:00'::timestamp without time zone)), (LLVM Optimized, Jit Execute)", "Rows Removed by Index Recheck": 0, "Exact Heap Blocks": 1252335, "Lossy Heap Blocks": 1252335, "Plans": [{"Node Type": "Bitmap Index Scan", "Parent Relationship": "Outer", "Index Name": "idx_lineitem_shipdate", "Startup Cost": 0.0, "Total Cost": 312045.05, "Plan Rows": 9071680, "Plan Width": 0, "Actual Startup Time": 3494.488, "Actual Total Time": 3494.488, "Actual Rows": 9109641, "Actual Loops": 1, "Index Cond": "((l_shipdate >= '1993-01-01 00:00:00'::timestamp(0) without time zone) AND (l_shipdate < '1994-01-01 00:00:00'::timestamp without time zone))"}]}]}, {"Node Type": "Hash", "Parent Relationship": "Inner", "Startup Cost": 225072.53, "Total Cost": 225072.53, "Plan Rows": 64552, "Plan Width": 32, "Actual Startup Time": 1003.594, "Actual Total Time": 1003.594, "Actual Rows": 86224, "Actual Loops": 1, "Hash Buckets": 65536, "Hash Batches": 1, "Original Hash Batches": 1, "Peak Memory Usage": 5389, "Plans": [{"Node Type": "Nested Loop", "Parent Relationship": "Outer", "Join Type": "Inner", "Startup Cost": 0.0, "Total Cost": 225072.53, "Plan Rows": 64552, "Plan Width": 32, "Actual Startup Time": 0.084, "Actual Total Time": 970.318, "Actual Rows": 86224, "Actual Loops": 1, "Inner Unique": false, "Plans": [{"Node Type": "Seq Scan", "Parent Relationship": "Outer", "Relation Name": "part", "Alias": "part", "Startup Cost": 0.0, "Total Cost": 66944.0, "Plan Rows": 22472, "Plan Width": 8, "Actual Startup Time": 0.047, "Actual Total Time": 776.04, "Actual Rows": 21556, "Actual Loops": 1, "Filter": "((p_name)::text ~~ 'green%'::text)", "Rows Removed by Filter": 1978444}, {"Node Type": "Index Scan", "Parent Relationship": "Inner", "Scan Direction": "Forward", "Index Name": "idx_partsupp_partkey", "Relation Name": "partsupp", "Alias": "partsupp", "Startup Cost": 0.0, "Total Cost": 7.01, "Plan Rows": 3, "Plan Width": 24, "Actual Startup Time": 115.698, "Actual Total Time": 161.68, "Actual Rows": 86224, "Actual Loops": 21556, "Index Cond": "(ps_partkey = part.p_partkey)", "Rows Removed by Index Recheck": 0}]}]}]}, {"Node Type": "Hash", "Parent Relationship": "Inner", "Startup Cost": 2533.35, "Total Cost": 2533.35, "Plan Rows": 4000, "Plan Width": 59, "Actual Startup Time": 8.897, "Actual Total Time": 8.897, "Actual Rows": 3934, "Actual Loops": 1, "Hash Buckets": 32768, "Hash Batches": 1, "Original Hash Batches": 1, "Peak Memory Usage": 368, "Plans": [{"Node Type": "Nested Loop", "Parent Relationship": "Outer", "Join Type": "Inner", "Startup Cost": 95.25, "Total Cost": 2533.35, "Plan Rows": 4000, "Plan Width": 59, "Actual Startup Time": 1.262, "Actual Total Time": 7.491, "Actual Rows": 3934, "Actual Loops": 1, "Inner Unique": false, "Plans": [{"Node Type": "Seq Scan", "Parent Relationship": "Outer", "Relation Name": "nation", "Alias": "nation", "Startup Cost": 0.0, "Total Cost": 1.31, "Plan Rows": 1, "Plan Width": 4, "Actual Startup Time": 0.027, "Actual Total Time": 0.046, "Actual Rows": 1, "Actual Loops": 1, "Filter": "(n_name = 'ALGERIA'::bpchar)", "Rows Removed by Filter": 24}, {"Node Type": "Bitmap Heap Scan", "Parent Relationship": "Inner", "Relation Name": "supplier", "Alias": "supplier", "Startup Cost": 95.25, "Total Cost": 2492.04, "Plan Rows": 4000, "Plan Width": 63, "Actual Startup Time": 1.228, "Actual Total Time": 6.581, "Actual Rows": 3934, "Actual Loops": 1, "Recheck Cond": "(s_nationkey = nation.n_nationkey)", "Rows Removed by Index Recheck": 0, "Exact Heap Blocks": 1897, "Lossy Heap Blocks": 1897, "Plans": [{"Node Type": "Bitmap Index Scan", "Parent Relationship": "Outer", "Index Name": "idx_supplier_nation_key", "Startup Cost": 0.0, "Total Cost": 94.25, "Plan Rows": 4000, "Plan Width": 0, "Actual Startup Time": 0.93, "Actual Total Time": 0.93, "Actual Rows": 3934, "Actual Loops": 1, "Index Cond": "(s_nationkey = nation.n_nationkey)"}]}]}]}]}]}, "Triggers": [], "Planner Runtime": 2, "Total Runtime": 25149.915, "Unique SQL Id": 202076520}}, "(16, 65)": {"explain_plan": {"Plan": {"Node Type": "Sort", "Startup Cost": 2518804.13, "Total Cost": 2518809.13, "Plan Rows": 2000, "Plan Width": 51, "Sort Key": ["supplier.s_name"], "Plans": [{"Node Type": "Hash Join", "Parent Relationship": "Outer", "Join Type": "Right Semi", "Startup Cost": 2223844.76, "Total Cost": 2518694.47, "Plan Rows": 2000, "Plan Width": 51, "Inner Unique": false, "Hash Cond": "(lineitem.l_suppkey = supplier.s_suppkey)", "Plans": [{"Node Type": "Hash Join", "Parent Relationship": "Outer", "Join Type": "Inner", "Startup Cost": 2221250.03, "Total Cost": 2516079.74, "Plan Rows": 2, "Plan Width": 16, "Inner Unique": false, "Hash Cond": "((lineitem.l_partkey = partsupp.ps_partkey) AND (lineitem.l_suppkey = partsupp.ps_suppkey))", "Join Filter": "((partsupp.ps_availqty)::double precision > (.5::double precision * (sum(lineitem.l_quantity))))", "Plans": [{"Node Type": "Aggregate", "Strategy": "Hashed", "Parent Relationship": "Outer", "Startup Cost": 1956349.97, "Total Cost": 2069745.97, "Plan Rows": 9071680, "Plan Width": 40, "Group By Key": ["lineitem.l_partkey", "lineitem.l_suppkey"], "Plans": [{"Node Type": "Bitmap Heap Scan", "Parent Relationship": "Outer", "Relation Name": "lineitem", "Alias": "lineitem", "Startup Cost": 314312.97, "Total Cost": 1865633.17, "Plan Rows": 9071680, "Plan Width": 24, "Recheck Cond": "((l_shipdate >= '1993-01-01 00:00:00'::timestamp(0) without time zone) AND (l_shipdate < '1994-01-01 00:00:00'::timestamp without time zone)), (LLVM Optimized)", "Plans": [{"Node Type": "Bitmap Index Scan", "Parent Relationship": "Outer", "Index Name": "idx_lineitem_shipdate", "Startup Cost": 0.0, "Total Cost": 312045.05, "Plan Rows": 9071680, "Plan Width": 0, "Index Cond": "((l_shipdate >= '1993-01-01 00:00:00'::timestamp(0) without time zone) AND (l_shipdate < '1994-01-01 00:00:00'::timestamp without time zone))"}]}]}, {"Node Type": "Hash", "Parent Relationship": "Inner", "Startup Cost": 263931.78, "Total Cost": 263931.78, "Plan Rows": 64552, "Plan Width": 32, "Plans": [{"Node Type": "Nested Loop", "Parent Relationship": "Outer", "Join Type": "Inner", "Startup Cost": 0.0, "Total Cost": 263931.78, "Plan Rows": 64552, "Plan Width": 32, "Inner Unique": false, "Plans": [{"Node Type": "Index Scan", "Parent Relationship": "Outer", "Scan Direction": "Forward", "Index Name": "part_kpey", "Relation Name": "part", "Alias": "part", "Startup Cost": 0.0, "Total Cost": 105803.25, "Plan Rows": 22472, "Plan Width": 8, "Filter": "((p_name)::text ~~ 'green%'::text)"}, {"Node Type": "Index Scan", "Parent Relationship": "Inner", "Scan Direction": "Forward", "Index Name": "idx_partsupp_partkey", "Relation Name": "partsupp", "Alias": "partsupp", "Startup Cost": 0.0, "Total Cost": 7.01, "Plan Rows": 3, "Plan Width": 24, "Index Cond": "(ps_partkey = part.p_partkey)"}]}]}]}, {"Node Type": "Hash", "Parent Relationship": "Inner", "Startup Cost": 2544.73, "Total Cost": 2544.73, "Plan Rows": 4000, "Plan Width": 59, "Plans": [{"Node Type": "Nested Loop", "Parent Relationship": "Outer", "Join Type": "Inner", "Startup Cost": 95.25, "Total Cost": 2544.73, "Plan Rows": 4000, "Plan Width": 59, "Inner Unique": false, "Plans": [{"Node Type": "Index Scan", "Parent Relationship": "Outer", "Scan Direction": "Forward", "Index Name": "nation_pkey", "Relation Name": "nation", "Alias": "nation", "Startup Cost": 0.0, "Total Cost": 12.69, "Plan Rows": 1, "Plan Width": 4, "Filter": "(n_name = 'ALGERIA'::bpchar)"}, {"Node Type": "Bitmap Heap Scan", "Parent Relationship": "Inner", "Relation Name": "supplier", "Alias": "supplier", "Startup Cost": 95.25, "Total Cost": 2492.04, "Plan Rows": 4000, "Plan Width": 63, "Recheck Cond": "(s_nationkey = nation.n_nationkey)", "Plans": [{"Node Type": "Bitmap Index Scan", "Parent Relationship": "Outer", "Index Name": "idx_supplier_nation_key", "Startup Cost": 0.0, "Total Cost": 94.25, "Plan Rows": 4000, "Plan Width": 0, "Index Cond": "(s_nationkey = nation.n_nationkey)"}]}]}]}]}]}, "Unique SQL Id": 202076520, "Planner Runtime": 3}, "explain_analyze_plan": {"Plan": {"Node Type": "Sort", "Startup Cost": 2518804.13, "Total Cost": 2518809.13, "Plan Rows": 2000, "Plan Width": 51, "Actual Startup Time": 26463.796, "Actual Total Time": 26463.938, "Actual Rows": 1746, "Actual Loops": 1, "Sort Key": ["supplier.s_name"], "Sort Method": "quicksort", "Sort Space Used": 309, "Sort Space Type": "Memory", "Plans": [{"Node Type": "Hash Join", "Parent Relationship": "Outer", "Join Type": "Right Semi", "Startup Cost": 2223844.76, "Total Cost": 2518694.47, "Plan Rows": 2000, "Plan Width": 51, "Actual Startup Time": 21538.153, "Actual Total Time": 26453.923, "Actual Rows": 1746, "Actual Loops": 1, "Inner Unique": false, "Hash Cond": "(lineitem.l_suppkey = supplier.s_suppkey)", "Plans": [{"Node Type": "Hash Join", "Parent Relationship": "Outer", "Join Type": "Inner", "Startup Cost": 2221250.03, "Total Cost": 2516079.74, "Plan Rows": 2, "Plan Width": 16, "Actual Startup Time": 21523.772, "Actual Total Time": 26427.417, "Actual Rows": 58537, "Actual Loops": 1, "Inner Unique": false, "Hash Cond": "((lineitem.l_partkey = partsupp.ps_partkey) AND (lineitem.l_suppkey = partsupp.ps_suppkey))", "Join Filter": "((partsupp.ps_availqty)::double precision > (.5::double precision * (sum(lineitem.l_quantity))))", "Rows Removed by Join Filter": 136, "Plans": [{"Node Type": "Aggregate", "Strategy": "Hashed", "Parent Relationship": "Outer", "Startup Cost": 1956349.97, "Total Cost": 2069745.97, "Plan Rows": 9071680, "Plan Width": 40, "Actual Startup Time": 19815.801, "Actual Total Time": 23117.593, "Actual Rows": 5442751, "Actual Loops": 1, "Group By Key": ["lineitem.l_partkey", "lineitem.l_suppkey"], "Plans": [{"Node Type": "Bitmap Heap Scan", "Parent Relationship": "Outer", "Relation Name": "lineitem", "Alias": "lineitem", "Startup Cost": 314312.97, "Total Cost": 1865633.17, "Plan Rows": 9071680, "Plan Width": 24, "Actual Startup Time": 4089.336, "Actual Total Time": 11492.252, "Actual Rows": 9109641, "Actual Loops": 1, "Recheck Cond": "((l_shipdate >= '1993-01-01 00:00:00'::timestamp(0) without time zone) AND (l_shipdate < '1994-01-01 00:00:00'::timestamp without time zone)), (LLVM Optimized, Jit Execute)", "Rows Removed by Index Recheck": 0, "Exact Heap Blocks": 1252335, "Lossy Heap Blocks": 1252335, "Plans": [{"Node Type": "Bitmap Index Scan", "Parent Relationship": "Outer", "Index Name": "idx_lineitem_shipdate", "Startup Cost": 0.0, "Total Cost": 312045.05, "Plan Rows": 9071680, "Plan Width": 0, "Actual Startup Time": 3511.798, "Actual Total Time": 3511.798, "Actual Rows": 9109641, "Actual Loops": 1, "Index Cond": "((l_shipdate >= '1993-01-01 00:00:00'::timestamp(0) without time zone) AND (l_shipdate < '1994-01-01 00:00:00'::timestamp without time zone))"}]}]}, {"Node Type": "Hash", "Parent Relationship": "Inner", "Startup Cost": 263931.78, "Total Cost": 263931.78, "Plan Rows": 64552, "Plan Width": 32, "Actual Startup Time": 1707.758, "Actual Total Time": 1707.758, "Actual Rows": 86224, "Actual Loops": 1, "Hash Buckets": 65536, "Hash Batches": 1, "Original Hash Batches": 1, "Peak Memory Usage": 5389, "Plans": [{"Node Type": "Nested Loop", "Parent Relationship": "Outer", "Join Type": "Inner", "Startup Cost": 0.0, "Total Cost": 263931.78, "Plan Rows": 64552, "Plan Width": 32, "Actual Startup Time": 0.067, "Actual Total Time": 1670.549, "Actual Rows": 86224, "Actual Loops": 1, "Inner Unique": false, "Plans": [{"Node Type": "Index Scan", "Parent Relationship": "Outer", "Scan Direction": "Forward", "Index Name": "part_kpey", "Relation Name": "part", "Alias": "part", "Startup Cost": 0.0, "Total Cost": 105803.25, "Plan Rows": 22472, "Plan Width": 8, "Actual Startup Time": 0.052, "Actual Total Time": 1462.514, "Actual Rows": 21556, "Actual Loops": 1, "Filter": "((p_name)::text ~~ 'green%'::text)", "Rows Removed by Filter": 1978444}, {"Node Type": "Index Scan", "Parent Relationship": "Inner", "Scan Direction": "Forward", "Index Name": "idx_partsupp_partkey", "Relation Name": "partsupp", "Alias": "partsupp", "Startup Cost": 0.0, "Total Cost": 7.01, "Plan Rows": 3, "Plan Width": 24, "Actual Startup Time": 129.84, "Actual Total Time": 175.607, "Actual Rows": 86224, "Actual Loops": 21556, "Index Cond": "(ps_partkey = part.p_partkey)", "Rows Removed by Index Recheck": 0}]}]}]}, {"Node Type": "Hash", "Parent Relationship": "Inner", "Startup Cost": 2544.73, "Total Cost": 2544.73, "Plan Rows": 4000, "Plan Width": 59, "Actual Startup Time": 8.357, "Actual Total Time": 8.357, "Actual Rows": 3934, "Actual Loops": 1, "Hash Buckets": 32768, "Hash Batches": 1, "Original Hash Batches": 1, "Peak Memory Usage": 368, "Plans": [{"Node Type": "Nested Loop", "Parent Relationship": "Outer", "Join Type": "Inner", "Startup Cost": 95.25, "Total Cost": 2544.73, "Plan Rows": 4000, "Plan Width": 59, "Actual Startup Time": 0.962, "Actual Total Time": 7.029, "Actual Rows": 3934, "Actual Loops": 1, "Inner Unique": false, "Plans": [{"Node Type": "Index Scan", "Parent Relationship": "Outer", "Scan Direction": "Forward", "Index Name": "nation_pkey", "Relation Name": "nation", "Alias": "nation", "Startup Cost": 0.0, "Total Cost": 12.69, "Plan Rows": 1, "Plan Width": 4, "Actual Startup Time": 0.021, "Actual Total Time": 0.043, "Actual Rows": 1, "Actual Loops": 1, "Filter": "(n_name = 'ALGERIA'::bpchar)", "Rows Removed by Filter": 24}, {"Node Type": "Bitmap Heap Scan", "Parent Relationship": "Inner", "Relation Name": "supplier", "Alias": "supplier", "Startup Cost": 95.25, "Total Cost": 2492.04, "Plan Rows": 4000, "Plan Width": 63, "Actual Startup Time": 0.934, "Actual Total Time": 6.131, "Actual Rows": 3934, "Actual Loops": 1, "Recheck Cond": "(s_nationkey = nation.n_nationkey)", "Rows Removed by Index Recheck": 0, "Exact Heap Blocks": 1897, "Lossy Heap Blocks": 1897, "Plans": [{"Node Type": "Bitmap Index Scan", "Parent Relationship": "Outer", "Index Name": "idx_supplier_nation_key", "Startup Cost": 0.0, "Total Cost": 94.25, "Plan Rows": 4000, "Plan Width": 0, "Actual Startup Time": 0.635, "Actual Total Time": 0.635, "Actual Rows": 3934, "Actual Loops": 1, "Index Cond": "(s_nationkey = nation.n_nationkey)"}]}]}]}]}]}, "Triggers": [], "Planner Runtime": 2, "Total Runtime": 26475.342, "Unique SQL Id": 202076520}}, "(16, 66)": {"explain_plan": {"Plan": {"Node Type": "Sort", "Startup Cost": 2612723.68, "Total Cost": 2612728.68, "Plan Rows": 2000, "Plan Width": 51, "Sort Key": ["supplier.s_name"], "Plans": [{"Node Type": "Hash Join", "Parent Relationship": "Outer", "Join Type": "Right Semi", "Startup Cost": 2317764.31, "Total Cost": 2612614.02, "Plan Rows": 2000, "Plan Width": 51, "Inner Unique": false, "Hash Cond": "(lineitem.l_suppkey = supplier.s_suppkey)", "Plans": [{"Node Type": "Hash Join", "Parent Relationship": "Outer", "Join Type": "Inner", "Startup Cost": 2315180.96, "Total Cost": 2610010.67, "Plan Rows": 2, "Plan Width": 16, "Inner Unique": false, "Hash Cond": "((lineitem.l_partkey = partsupp.ps_partkey) AND (lineitem.l_suppkey = partsupp.ps_suppkey))", "Join Filter": "((partsupp.ps_availqty)::double precision > (.5::double precision * (sum(lineitem.l_quantity))))", "Plans": [{"Node Type": "Aggregate", "Strategy": "Hashed", "Parent Relationship": "Outer", "Startup Cost": 1956349.97, "Total Cost": 2069745.97, "Plan Rows": 9071680, "Plan Width": 40, "Group By Key": ["lineitem.l_partkey", "lineitem.l_suppkey"], "Plans": [{"Node Type": "Bitmap Heap Scan", "Parent Relationship": "Outer", "Relation Name": "lineitem", "Alias": "lineitem", "Startup Cost": 314312.97, "Total Cost": 1865633.17, "Plan Rows": 9071680, "Plan Width": 24, "Recheck Cond": "((l_shipdate >= '1993-01-01 00:00:00'::timestamp(0) without time zone) AND (l_shipdate < '1994-01-01 00:00:00'::timestamp without time zone)), (LLVM Optimized)", "Plans": [{"Node Type": "Bitmap Index Scan", "Parent Relationship": "Outer", "Index Name": "idx_lineitem_shipdate", "Startup Cost": 0.0, "Total Cost": 312045.05, "Plan Rows": 9071680, "Plan Width": 0, "Index Cond": "((l_shipdate >= '1993-01-01 00:00:00'::timestamp(0) without time zone) AND (l_shipdate < '1994-01-01 00:00:00'::timestamp without time zone))"}]}]}, {"Node Type": "Hash", "Parent Relationship": "Inner", "Startup Cost": 357862.71, "Total Cost": 357862.71, "Plan Rows": 64552, "Plan Width": 32, "Plans": [{"Node Type": "Hash Join", "Parent Relationship": "Outer", "Join Type": "Inner", "Startup Cost": 67224.9, "Total Cost": 357862.71, "Plan Rows": 64552, "Plan Width": 32, "Inner Unique": true, "Hash Cond": "(partsupp.ps_partkey = part.p_partkey)", "Plans": [{"Node Type": "Seq Scan", "Parent Relationship": "Outer", "Relation Name": "partsupp", "Alias": "partsupp", "Startup Cost": 0.0, "Total Cost": 269987.72, "Plan Rows": 8000372, "Plan Width": 24}, {"Node Type": "Hash", "Parent Relationship": "Inner", "Startup Cost": 66944.0, "Total Cost": 66944.0, "Plan Rows": 22472, "Plan Width": 8, "Plans": [{"Node Type": "Seq Scan", "Parent Relationship": "Outer", "Relation Name": "part", "Alias": "part", "Startup Cost": 0.0, "Total Cost": 66944.0, "Plan Rows": 22472, "Plan Width": 8, "Filter": "((p_name)::text ~~ 'green%'::text)"}]}]}]}]}, {"Node Type": "Hash", "Parent Relationship": "Inner", "Startup Cost": 2533.35, "Total Cost": 2533.35, "Plan Rows": 4000, "Plan Width": 59, "Plans": [{"Node Type": "Nested Loop", "Parent Relationship": "Outer", "Join Type": "Inner", "Startup Cost": 95.25, "Total Cost": 2533.35, "Plan Rows": 4000, "Plan Width": 59, "Inner Unique": false, "Plans": [{"Node Type": "Seq Scan", "Parent Relationship": "Outer", "Relation Name": "nation", "Alias": "nation", "Startup Cost": 0.0, "Total Cost": 1.31, "Plan Rows": 1, "Plan Width": 4, "Filter": "(n_name = 'ALGERIA'::bpchar)"}, {"Node Type": "Bitmap Heap Scan", "Parent Relationship": "Inner", "Relation Name": "supplier", "Alias": "supplier", "Startup Cost": 95.25, "Total Cost": 2492.04, "Plan Rows": 4000, "Plan Width": 63, "Recheck Cond": "(s_nationkey = nation.n_nationkey)", "Plans": [{"Node Type": "Bitmap Index Scan", "Parent Relationship": "Outer", "Index Name": "idx_supplier_nation_key", "Startup Cost": 0.0, "Total Cost": 94.25, "Plan Rows": 4000, "Plan Width": 0, "Index Cond": "(s_nationkey = nation.n_nationkey)"}]}]}]}]}]}, "Unique SQL Id": 202076520, "Planner Runtime": 3}, "explain_analyze_plan": {"Plan": {"Node Type": "Sort", "Startup Cost": 2612723.68, "Total Cost": 2612728.68, "Plan Rows": 2000, "Plan Width": 51, "Actual Startup Time": 28879.579, "Actual Total Time": 28879.734, "Actual Rows": 1746, "Actual Loops": 1, "Sort Key": ["supplier.s_name"], "Sort Method": "quicksort", "Sort Space Used": 309, "Sort Space Type": "Memory", "Plans": [{"Node Type": "Hash Join", "Parent Relationship": "Outer", "Join Type": "Right Semi", "Startup Cost": 2317764.31, "Total Cost": 2612614.02, "Plan Rows": 2000, "Plan Width": 51, "Actual Startup Time": 24017.84, "Actual Total Time": 28869.771, "Actual Rows": 1746, "Actual Loops": 1, "Inner Unique": false, "Hash Cond": "(lineitem.l_suppkey = supplier.s_suppkey)", "Plans": [{"Node Type": "Hash Join", "Parent Relationship": "Outer", "Join Type": "Inner", "Startup Cost": 2315180.96, "Total Cost": 2610010.67, "Plan Rows": 2, "Plan Width": 16, "Actual Startup Time": 24003.117, "Actual Total Time": 28842.66, "Actual Rows": 58537, "Actual Loops": 1, "Inner Unique": false, "Hash Cond": "((lineitem.l_partkey = partsupp.ps_partkey) AND (lineitem.l_suppkey = partsupp.ps_suppkey))", "Join Filter": "((partsupp.ps_availqty)::double precision > (.5::double precision * (sum(lineitem.l_quantity))))", "Rows Removed by Join Filter": 136, "Plans": [{"Node Type": "Aggregate", "Strategy": "Hashed", "Parent Relationship": "Outer", "Startup Cost": 1956349.97, "Total Cost": 2069745.97, "Plan Rows": 9071680, "Plan Width": 40, "Actual Startup Time": 19211.605, "Actual Total Time": 22487.983, "Actual Rows": 5442751, "Actual Loops": 1, "Group By Key": ["lineitem.l_partkey", "lineitem.l_suppkey"], "Plans": [{"Node Type": "Bitmap Heap Scan", "Parent Relationship": "Outer", "Relation Name": "lineitem", "Alias": "lineitem", "Startup Cost": 314312.97, "Total Cost": 1865633.17, "Plan Rows": 9071680, "Plan Width": 24, "Actual Startup Time": 4085.442, "Actual Total Time": 11771.462, "Actual Rows": 9109641, "Actual Loops": 1, "Recheck Cond": "((l_shipdate >= '1993-01-01 00:00:00'::timestamp(0) without time zone) AND (l_shipdate < '1994-01-01 00:00:00'::timestamp without time zone)), (LLVM Optimized, Jit Execute)", "Rows Removed by Index Recheck": 0, "Exact Heap Blocks": 1252335, "Lossy Heap Blocks": 1252335, "Plans": [{"Node Type": "Bitmap Index Scan", "Parent Relationship": "Outer", "Index Name": "idx_lineitem_shipdate", "Startup Cost": 0.0, "Total Cost": 312045.05, "Plan Rows": 9071680, "Plan Width": 0, "Actual Startup Time": 3506.124, "Actual Total Time": 3506.124, "Actual Rows": 9109641, "Actual Loops": 1, "Index Cond": "((l_shipdate >= '1993-01-01 00:00:00'::timestamp(0) without time zone) AND (l_shipdate < '1994-01-01 00:00:00'::timestamp without time zone))"}]}]}, {"Node Type": "Hash", "Parent Relationship": "Inner", "Startup Cost": 357862.71, "Total Cost": 357862.71, "Plan Rows": 64552, "Plan Width": 32, "Actual Startup Time": 4790.991, "Actual Total Time": 4790.991, "Actual Rows": 86224, "Actual Loops": 1, "Hash Buckets": 65536, "Hash Batches": 1, "Original Hash Batches": 1, "Peak Memory Usage": 5389, "Plans": [{"Node Type": "Hash Join", "Parent Relationship": "Outer", "Join Type": "Inner", "Startup Cost": 67224.9, "Total Cost": 357862.71, "Plan Rows": 64552, "Plan Width": 32, "Actual Startup Time": 774.185, "Actual Total Time": 4747.908, "Actual Rows": 86224, "Actual Loops": 1, "Inner Unique": true, "Hash Cond": "(partsupp.ps_partkey = part.p_partkey)", "Plans": [{"Node Type": "Seq Scan", "Parent Relationship": "Outer", "Relation Name": "partsupp", "Alias": "partsupp", "Startup Cost": 0.0, "Total Cost": 269987.72, "Plan Rows": 8000372, "Plan Width": 24, "Actual Startup Time": 0.016, "Actual Total Time": 2421.427, "Actual Rows": 8000000, "Actual Loops": 1}, {"Node Type": "Hash", "Parent Relationship": "Inner", "Startup Cost": 66944.0, "Total Cost": 66944.0, "Plan Rows": 22472, "Plan Width": 8, "Actual Startup Time": 774.026, "Actual Total Time": 774.026, "Actual Rows": 21556, "Actual Loops": 1, "Hash Buckets": 32768, "Hash Batches": 1, "Original Hash Batches": 1, "Peak Memory Usage": 843, "Plans": [{"Node Type": "Seq Scan", "Parent Relationship": "Outer", "Relation Name": "part", "Alias": "part", "Startup Cost": 0.0, "Total Cost": 66944.0, "Plan Rows": 22472, "Plan Width": 8, "Actual Startup Time": 0.032, "Actual Total Time": 766.58, "Actual Rows": 21556, "Actual Loops": 1, "Filter": "((p_name)::text ~~ 'green%'::text)", "Rows Removed by Filter": 1978444}]}]}]}]}, {"Node Type": "Hash", "Parent Relationship": "Inner", "Startup Cost": 2533.35, "Total Cost": 2533.35, "Plan Rows": 4000, "Plan Width": 59, "Actual Startup Time": 8.34, "Actual Total Time": 8.34, "Actual Rows": 3934, "Actual Loops": 1, "Hash Buckets": 32768, "Hash Batches": 1, "Original Hash Batches": 1, "Peak Memory Usage": 368, "Plans": [{"Node Type": "Nested Loop", "Parent Relationship": "Outer", "Join Type": "Inner", "Startup Cost": 95.25, "Total Cost": 2533.35, "Plan Rows": 4000, "Plan Width": 59, "Actual Startup Time": 0.972, "Actual Total Time": 6.997, "Actual Rows": 3934, "Actual Loops": 1, "Inner Unique": false, "Plans": [{"Node Type": "Seq Scan", "Parent Relationship": "Outer", "Relation Name": "nation", "Alias": "nation", "Startup Cost": 0.0, "Total Cost": 1.31, "Plan Rows": 1, "Plan Width": 4, "Actual Startup Time": 0.026, "Actual Total Time": 0.039, "Actual Rows": 1, "Actual Loops": 1, "Filter": "(n_name = 'ALGERIA'::bpchar)", "Rows Removed by Filter": 24}, {"Node Type": "Bitmap Heap Scan", "Parent Relationship": "Inner", "Relation Name": "supplier", "Alias": "supplier", "Startup Cost": 95.25, "Total Cost": 2492.04, "Plan Rows": 4000, "Plan Width": 63, "Actual Startup Time": 0.939, "Actual Total Time": 6.109, "Actual Rows": 3934, "Actual Loops": 1, "Recheck Cond": "(s_nationkey = nation.n_nationkey)", "Rows Removed by Index Recheck": 0, "Exact Heap Blocks": 1897, "Lossy Heap Blocks": 1897, "Plans": [{"Node Type": "Bitmap Index Scan", "Parent Relationship": "Outer", "Index Name": "idx_supplier_nation_key", "Startup Cost": 0.0, "Total Cost": 94.25, "Plan Rows": 4000, "Plan Width": 0, "Actual Startup Time": 0.636, "Actual Total Time": 0.636, "Actual Rows": 3934, "Actual Loops": 1, "Index Cond": "(s_nationkey = nation.n_nationkey)"}]}]}]}]}]}, "Triggers": [], "Planner Runtime": 2, "Total Runtime": 28890.822, "Unique SQL Id": 202076520}}, "(16, 67)": {"explain_plan": {"Plan": {"Node Type": "Sort", "Startup Cost": 41474309.17, "Total Cost": 41474314.17, "Plan Rows": 2000, "Plan Width": 51, "Sort Key": ["supplier.s_name"], "Plans": [{"Node Type": "Nested Loop", "Parent Relationship": "Outer", "Join Type": "Inner", "Startup Cost": 41260049.96, "Total Cost": 41474199.51, "Plan Rows": 2000, "Plan Width": 51, "Inner Unique": true, "Plans": [{"Node Type": "Nested Loop", "Parent Relationship": "Outer", "Join Type": "Inner", "Startup Cost": 41260049.7, "Total Cost": 41260058.01, "Plan Rows": 50000, "Plan Width": 55, "Inner Unique": true, "Plans": [{"Node Type": "Unique", "Parent Relationship": "Outer", "Startup Cost": 41260049.44, "Total Cost": 41260049.45, "Plan Rows": 2, "Plan Width": 16, "Plans": [{"Node Type": "Sort", "Parent Relationship": "Outer", "Startup Cost": 41260049.44, "Total Cost": 41260049.45, "Plan Rows": 2, "Plan Width": 16, "Sort Key": ["partsupp.ps_suppkey"], "Plans": [{"Node Type": "Nested Loop", "Parent Relationship": "Outer", "Join Type": "Semi", "Startup Cost": 1956350.51, "Total Cost": 41260049.43, "Plan Rows": 2, "Plan Width": 16, "Inner Unique": false, "Join Filter": "(partsupp.ps_partkey = part.p_partkey)", "Plans": [{"Node Type": "Nested Loop", "Parent Relationship": "Outer", "Join Type": "Inner", "Startup Cost": 1956350.25, "Total Cost": 41259981.09, "Plan Rows": 15, "Plan Width": 32, "Inner Unique": true, "Plans": [{"Node Type": "Aggregate", "Strategy": "Hashed", "Parent Relationship": "Outer", "Startup Cost": 1956349.97, "Total Cost": 2069745.97, "Plan Rows": 9071680, "Plan Width": 40, "Group By Key": ["lineitem.l_partkey", "lineitem.l_suppkey"], "Plans": [{"Node Type": "Bitmap Heap Scan", "Parent Relationship": "Outer", "Relation Name": "lineitem", "Alias": "lineitem", "Startup Cost": 314312.97, "Total Cost": 1865633.17, "Plan Rows": 9071680, "Plan Width": 24, "Recheck Cond": "((l_shipdate >= '1993-01-01 00:00:00'::timestamp(0) without time zone) AND (l_shipdate < '1994-01-01 00:00:00'::timestamp without time zone)), (LLVM Optimized)", "Plans": [{"Node Type": "Bitmap Index Scan", "Parent Relationship": "Outer", "Index Name": "idx_lineitem_shipdate", "Startup Cost": 0.0, "Total Cost": 312045.05, "Plan Rows": 9071680, "Plan Width": 0, "Index Cond": "((l_shipdate >= '1993-01-01 00:00:00'::timestamp(0) without time zone) AND (l_shipdate < '1994-01-01 00:00:00'::timestamp without time zone))"}]}]}, {"Node Type": "Bitmap Heap Scan", "Parent Relationship": "Inner", "Relation Name": "partsupp", "Alias": "partsupp", "Startup Cost": 0.28, "Total Cost": 4.3, "Plan Rows": 1, "Plan Width": 24, "Recheck Cond": "((ps_partkey = lineitem.l_partkey) AND (ps_suppkey = lineitem.l_suppkey))", "Filter": "((ps_availqty)::double precision > (.5::double precision * (sum(lineitem.l_quantity))))", "Plans": [{"Node Type": "Bitmap Index Scan", "Parent Relationship": "Outer", "Index Name": "partsupp_pkey", "Startup Cost": 0.0, "Total Cost": 0.28, "Plan Rows": 1, "Plan Width": 0, "Index Cond": "((ps_partkey = lineitem.l_partkey) AND (ps_suppkey = lineitem.l_suppkey))"}]}]}, {"Node Type": "Bitmap Heap Scan", "Parent Relationship": "Inner", "Relation Name": "part", "Alias": "part", "Startup Cost": 0.26, "Total Cost": 4.28, "Plan Rows": 1, "Plan Width": 8, "Recheck Cond": "(p_partkey = lineitem.l_partkey)", "Filter": "((p_name)::text ~~ 'green%'::text)", "Plans": [{"Node Type": "Bitmap Index Scan", "Parent Relationship": "Outer", "Index Name": "part_kpey", "Startup Cost": 0.0, "Total Cost": 0.26, "Plan Rows": 1, "Plan Width": 0, "Index Cond": "(p_partkey = lineitem.l_partkey)"}]}]}]}]}, {"Node Type": "Bitmap Heap Scan", "Parent Relationship": "Inner", "Relation Name": "supplier", "Alias": "supplier", "Startup Cost": 0.26, "Total Cost": 4.27, "Plan Rows": 1, "Plan Width": 63, "Recheck Cond": "(s_suppkey = lineitem.l_suppkey)", "Plans": [{"Node Type": "Bitmap Index Scan", "Parent Relationship": "Outer", "Index Name": "supplier_pkey", "Startup Cost": 0.0, "Total Cost": 0.26, "Plan Rows": 1, "Plan Width": 0, "Index Cond": "(s_suppkey = lineitem.l_suppkey)"}]}]}, {"Node Type": "Bitmap Heap Scan", "Parent Relationship": "Inner", "Relation Name": "nation", "Alias": "nation", "Startup Cost": 0.26, "Total Cost": 4.27, "Plan Rows": 1, "Plan Width": 4, "Recheck Cond": "(n_nationkey = supplier.s_nationkey)", "Filter": "(n_name = 'ALGERIA'::bpchar)", "Plans": [{"Node Type": "Bitmap Index Scan", "Parent Relationship": "Outer", "Index Name": "nation_pkey", "Startup Cost": 0.0, "Total Cost": 0.26, "Plan Rows": 1, "Plan Width": 0, "Index Cond": "(n_nationkey = supplier.s_nationkey)"}]}]}]}, "Unique SQL Id": 202076520, "Planner Runtime": 3}, "explain_analyze_plan": {"Plan": {"Node Type": "Sort", "Startup Cost": 41474309.17, "Total Cost": 41474314.17, "Plan Rows": 2000, "Plan Width": 51, "Actual Startup Time": 128888.36, "Actual Total Time": 128888.508, "Actual Rows": 1746, "Actual Loops": 1, "Sort Key": ["supplier.s_name"], "Sort Method": "quicksort", "Sort Space Used": 309, "Sort Space Type": "Memory", "Plans": [{"Node Type": "Nested Loop", "Parent Relationship": "Outer", "Join Type": "Inner", "Startup Cost": 41260049.96, "Total Cost": 41474199.51, "Plan Rows": 2000, "Plan Width": 51, "Actual Startup Time": 128475.92, "Actual Total Time": 128886.43, "Actual Rows": 1746, "Actual Loops": 1, "Inner Unique": true, "Plans": [{"Node Type": "Nested Loop", "Parent Relationship": "Outer", "Join Type": "Inner", "Startup Cost": 41260049.7, "Total Cost": 41260058.01, "Plan Rows": 50000, "Plan Width": 55, "Actual Startup Time": 128475.528, "Actual Total Time": 128715.763, "Actual Rows": 44487, "Actual Loops": 1, "Inner Unique": true, "Plans": [{"Node Type": "Unique", "Parent Relationship": "Outer", "Startup Cost": 41260049.44, "Total Cost": 41260049.45, "Plan Rows": 2, "Plan Width": 16, "Actual Startup Time": 128475.469, "Actual Total Time": 128506.031, "Actual Rows": 44487, "Actual Loops": 1, "Plans": [{"Node Type": "Sort", "Parent Relationship": "Outer", "Startup Cost": 41260049.44, "Total Cost": 41260049.45, "Plan Rows": 2, "Plan Width": 16, "Actual Startup Time": 128475.464, "Actual Total Time": 128488.423, "Actual Rows": 58537, "Actual Loops": 1, "Sort Key": ["partsupp.ps_suppkey"], "Sort Method": "quicksort", "Sort Space Used": 7024, "Sort Space Type": "Memory", "Plans": [{"Node Type": "Nested Loop", "Parent Relationship": "Outer", "Join Type": "Semi", "Startup Cost": 1956350.51, "Total Cost": 41260049.43, "Plan Rows": 2, "Plan Width": 16, "Actual Startup Time": 19211.651, "Actual Total Time": 128395.823, "Actual Rows": 58537, "Actual Loops": 1, "Inner Unique": false, "Join Filter": "(partsupp.ps_partkey = part.p_partkey)", "Rows Removed by Join Filter": 0, "Plans": [{"Node Type": "Nested Loop", "Parent Relationship": "Outer", "Join Type": "Inner", "Startup Cost": 1956350.25, "Total Cost": 41259981.09, "Plan Rows": 15, "Plan Width": 32, "Actual Startup Time": 19211.227, "Actual Total Time": 79847.531, "Actual Rows": 5431247, "Actual Loops": 1, "Inner Unique": true, "Plans": [{"Node Type": "Aggregate", "Strategy": "Hashed", "Parent Relationship": "Outer", "Startup Cost": 1956349.97, "Total Cost": 2069745.97, "Plan Rows": 9071680, "Plan Width": 40, "Actual Startup Time": 19211.091, "Actual Total Time": 24301.465, "Actual Rows": 5442751, "Actual Loops": 1, "Group By Key": ["lineitem.l_partkey", "lineitem.l_suppkey"], "Plans": [{"Node Type": "Bitmap Heap Scan", "Parent Relationship": "Outer", "Relation Name": "lineitem", "Alias": "lineitem", "Startup Cost": 314312.97, "Total Cost": 1865633.17, "Plan Rows": 9071680, "Plan Width": 24, "Actual Startup Time": 4429.203, "Actual Total Time": 12148.373, "Actual Rows": 9109641, "Actual Loops": 1, "Recheck Cond": "((l_shipdate >= '1993-01-01 00:00:00'::timestamp(0) without time zone) AND (l_shipdate < '1994-01-01 00:00:00'::timestamp without time zone)), (LLVM Optimized, Jit Execute)", "Rows Removed by Index Recheck": 0, "Exact Heap Blocks": 1252335, "Lossy Heap Blocks": 1252335, "Plans": [{"Node Type": "Bitmap Index Scan", "Parent Relationship": "Outer", "Index Name": "idx_lineitem_shipdate", "Startup Cost": 0.0, "Total Cost": 312045.05, "Plan Rows": 9071680, "Plan Width": 0, "Actual Startup Time": 3725.891, "Actual Total Time": 3725.891, "Actual Rows": 9109641, "Actual Loops": 1, "Index Cond": "((l_shipdate >= '1993-01-01 00:00:00'::timestamp(0) without time zone) AND (l_shipdate < '1994-01-01 00:00:00'::timestamp without time zone))"}]}]}, {"Node Type": "Bitmap Heap Scan", "Parent Relationship": "Inner", "Relation Name": "partsupp", "Alias": "partsupp", "Startup Cost": 0.28, "Total Cost": 4.3, "Plan Rows": 1, "Plan Width": 24, "Actual Startup Time": 47744.0, "Actual Total Time": 47744.0, "Actual Rows": 5431247, "Actual Loops": 5442751, "Recheck Cond": "((ps_partkey = lineitem.l_partkey) AND (ps_suppkey = lineitem.l_suppkey))", "Rows Removed by Index Recheck": 0, "Filter": "((ps_availqty)::double precision > (.5::double precision * (sum(lineitem.l_quantity))))", "Rows Removed by Filter": 11504, "Exact Heap Blocks": 5442751, "Lossy Heap Blocks": 5442751, "Plans": [{"Node Type": "Bitmap Index Scan", "Parent Relationship": "Outer", "Index Name": "partsupp_pkey", "Startup Cost": 0.0, "Total Cost": 0.28, "Plan Rows": 1, "Plan Width": 0, "Actual Startup Time": 28969.237, "Actual Total Time": 28969.237, "Actual Rows": 5442751, "Actual Loops": 5442751, "Index Cond": "((ps_partkey = lineitem.l_partkey) AND (ps_suppkey = lineitem.l_suppkey))"}]}]}, {"Node Type": "Bitmap Heap Scan", "Parent Relationship": "Inner", "Relation Name": "part", "Alias": "part", "Startup Cost": 0.26, "Total Cost": 4.28, "Plan Rows": 1, "Plan Width": 8, "Actual Startup Time": 42398.618, "Actual Total Time": 42398.618, "Actual Rows": 58537, "Actual Loops": 5431247, "Recheck Cond": "(p_partkey = lineitem.l_partkey)", "Rows Removed by Index Recheck": 0, "Filter": "((p_name)::text ~~ 'green%'::text)", "Rows Removed by Filter": 5372710, "Exact Heap Blocks": 5431247, "Lossy Heap Blocks": 5431247, "Plans": [{"Node Type": "Bitmap Index Scan", "Parent Relationship": "Outer", "Index Name": "part_kpey", "Startup Cost": 0.0, "Total Cost": 0.26, "Plan Rows": 1, "Plan Width": 0, "Actual Startup Time": 24845.499, "Actual Total Time": 24845.499, "Actual Rows": 5431247, "Actual Loops": 5431247, "Index Cond": "(p_partkey = lineitem.l_partkey)"}]}]}]}]}, {"Node Type": "Bitmap Heap Scan", "Parent Relationship": "Inner", "Relation Name": "supplier", "Alias": "supplier", "Startup Cost": 0.26, "Total Cost": 4.27, "Plan Rows": 1, "Plan Width": 63, "Actual Startup Time": 150.562, "Actual Total Time": 150.562, "Actual Rows": 44487, "Actual Loops": 44487, "Recheck Cond": "(s_suppkey = lineitem.l_suppkey)", "Rows Removed by Index Recheck": 0, "Exact Heap Blocks": 44487, "Lossy Heap Blocks": 44487, "Plans": [{"Node Type": "Bitmap Index Scan", "Parent Relationship": "Outer", "Index Name": "supplier_pkey", "Startup Cost": 0.0, "Total Cost": 0.26, "Plan Rows": 1, "Plan Width": 0, "Actual Startup Time": 82.325, "Actual Total Time": 82.325, "Actual Rows": 44487, "Actual Loops": 44487, "Index Cond": "(s_suppkey = lineitem.l_suppkey)"}]}]}, {"Node Type": "Bitmap Heap Scan", "Parent Relationship": "Inner", "Relation Name": "nation", "Alias": "nation", "Startup Cost": 0.26, "Total Cost": 4.27, "Plan Rows": 1, "Plan Width": 4, "Actual Startup Time": 120.985, "Actual Total Time": 120.985, "Actual Rows": 1746, "Actual Loops": 44487, "Recheck Cond": "(n_nationkey = supplier.s_nationkey)", "Rows Removed by Index Recheck": 0, "Filter": "(n_name = 'ALGERIA'::bpchar)", "Rows Removed by Filter": 42741, "Exact Heap Blocks": 44487, "Lossy Heap Blocks": 44487, "Plans": [{"Node Type": "Bitmap Index Scan", "Parent Relationship": "Outer", "Index Name": "nation_pkey", "Startup Cost": 0.0, "Total Cost": 0.26, "Plan Rows": 1, "Plan Width": 0, "Actual Startup Time": 44.911, "Actual Total Time": 44.911, "Actual Rows": 44487, "Actual Loops": 44487, "Index Cond": "(n_nationkey = supplier.s_nationkey)"}]}]}]}, "Triggers": [], "Planner Runtime": 1, "Total Runtime": 128900.171, "Unique SQL Id": 202076520}}, "(16, 68)": {"explain_plan": {"Plan": {"Node Type": "Sort", "Startup Cost": 2479933.5, "Total Cost": 2479938.5, "Plan Rows": 2000, "Plan Width": 51, "Sort Key": ["supplier.s_name"], "Plans": [{"Node Type": "Hash Join", "Parent Relationship": "Outer", "Join Type": "Right Semi", "Startup Cost": 2184974.13, "Total Cost": 2479823.85, "Plan Rows": 2000, "Plan Width": 51, "Inner Unique": false, "Hash Cond": "(lineitem.l_suppkey = supplier.s_suppkey)", "Plans": [{"Node Type": "Hash Join", "Parent Relationship": "Outer", "Join Type": "Inner", "Startup Cost": 2182390.78, "Total Cost": 2477220.49, "Plan Rows": 2, "Plan Width": 16, "Inner Unique": false, "Hash Cond": "((lineitem.l_partkey = partsupp.ps_partkey) AND (lineitem.l_suppkey = partsupp.ps_suppkey))", "Join Filter": "((partsupp.ps_availqty)::double precision > (.5::double precision * (sum(lineitem.l_quantity))))", "Plans": [{"Node Type": "Aggregate", "Strategy": "Hashed", "Parent Relationship": "Outer", "Startup Cost": 1956349.97, "Total Cost": 2069745.97, "Plan Rows": 9071680, "Plan Width": 40, "Group By Key": ["lineitem.l_partkey", "lineitem.l_suppkey"], "Plans": [{"Node Type": "Bitmap Heap Scan", "Parent Relationship": "Outer", "Relation Name": "lineitem", "Alias": "lineitem", "Startup Cost": 314312.97, "Total Cost": 1865633.17, "Plan Rows": 9071680, "Plan Width": 24, "Recheck Cond": "((l_shipdate >= '1993-01-01 00:00:00'::timestamp(0) without time zone) AND (l_shipdate < '1994-01-01 00:00:00'::timestamp without time zone)), (LLVM Optimized)", "Plans": [{"Node Type": "Bitmap Index Scan", "Parent Relationship": "Outer", "Index Name": "idx_lineitem_shipdate", "Startup Cost": 0.0, "Total Cost": 312045.05, "Plan Rows": 9071680, "Plan Width": 0, "Index Cond": "((l_shipdate >= '1993-01-01 00:00:00'::timestamp(0) without time zone) AND (l_shipdate < '1994-01-01 00:00:00'::timestamp without time zone))"}]}]}, {"Node Type": "Hash", "Parent Relationship": "Inner", "Startup Cost": 225072.53, "Total Cost": 225072.53, "Plan Rows": 64552, "Plan Width": 32, "Plans": [{"Node Type": "Nested Loop", "Parent Relationship": "Outer", "Join Type": "Inner", "Startup Cost": 0.0, "Total Cost": 225072.53, "Plan Rows": 64552, "Plan Width": 32, "Inner Unique": false, "Plans": [{"Node Type": "Seq Scan", "Parent Relationship": "Outer", "Relation Name": "part", "Alias": "part", "Startup Cost": 0.0, "Total Cost": 66944.0, "Plan Rows": 22472, "Plan Width": 8, "Filter": "((p_name)::text ~~ 'green%'::text)"}, {"Node Type": "Index Scan", "Parent Relationship": "Inner", "Scan Direction": "Forward", "Index Name": "idx_partsupp_partkey", "Relation Name": "partsupp", "Alias": "partsupp", "Startup Cost": 0.0, "Total Cost": 7.01, "Plan Rows": 3, "Plan Width": 24, "Index Cond": "(ps_partkey = part.p_partkey)"}]}]}]}, {"Node Type": "Hash", "Parent Relationship": "Inner", "Startup Cost": 2533.35, "Total Cost": 2533.35, "Plan Rows": 4000, "Plan Width": 59, "Plans": [{"Node Type": "Nested Loop", "Parent Relationship": "Outer", "Join Type": "Inner", "Startup Cost": 95.25, "Total Cost": 2533.35, "Plan Rows": 4000, "Plan Width": 59, "Inner Unique": false, "Plans": [{"Node Type": "Seq Scan", "Parent Relationship": "Outer", "Relation Name": "nation", "Alias": "nation", "Startup Cost": 0.0, "Total Cost": 1.31, "Plan Rows": 1, "Plan Width": 4, "Filter": "(n_name = 'ALGERIA'::bpchar)"}, {"Node Type": "Bitmap Heap Scan", "Parent Relationship": "Inner", "Relation Name": "supplier", "Alias": "supplier", "Startup Cost": 95.25, "Total Cost": 2492.04, "Plan Rows": 4000, "Plan Width": 63, "Recheck Cond": "(s_nationkey = nation.n_nationkey)", "Plans": [{"Node Type": "Bitmap Index Scan", "Parent Relationship": "Outer", "Index Name": "idx_supplier_nation_key", "Startup Cost": 0.0, "Total Cost": 94.25, "Plan Rows": 4000, "Plan Width": 0, "Index Cond": "(s_nationkey = nation.n_nationkey)"}]}]}]}]}]}, "Unique SQL Id": 202076520, "Planner Runtime": 3}, "explain_analyze_plan": {"Plan": {"Node Type": "Sort", "Startup Cost": 2479933.5, "Total Cost": 2479938.5, "Plan Rows": 2000, "Plan Width": 51, "Actual Startup Time": 25138.012, "Actual Total Time": 25138.284, "Actual Rows": 1746, "Actual Loops": 1, "Sort Key": ["supplier.s_name"], "Sort Method": "quicksort", "Sort Space Used": 309, "Sort Space Type": "Memory", "Plans": [{"Node Type": "Hash Join", "Parent Relationship": "Outer", "Join Type": "Right Semi", "Startup Cost": 2184974.13, "Total Cost": 2479823.85, "Plan Rows": 2000, "Plan Width": 51, "Actual Startup Time": 20735.079, "Actual Total Time": 25128.07, "Actual Rows": 1746, "Actual Loops": 1, "Inner Unique": false, "Hash Cond": "(lineitem.l_suppkey = supplier.s_suppkey)", "Plans": [{"Node Type": "Hash Join", "Parent Relationship": "Outer", "Join Type": "Inner", "Startup Cost": 2182390.78, "Total Cost": 2477220.49, "Plan Rows": 2, "Plan Width": 16, "Actual Startup Time": 20720.494, "Actual Total Time": 25102.58, "Actual Rows": 58537, "Actual Loops": 1, "Inner Unique": false, "Hash Cond": "((lineitem.l_partkey = partsupp.ps_partkey) AND (lineitem.l_suppkey = partsupp.ps_suppkey))", "Join Filter": "((partsupp.ps_availqty)::double precision > (.5::double precision * (sum(lineitem.l_quantity))))", "Rows Removed by Join Filter": 136, "Plans": [{"Node Type": "Aggregate", "Strategy": "Hashed", "Parent Relationship": "Outer", "Startup Cost": 1956349.97, "Total Cost": 2069745.97, "Plan Rows": 9071680, "Plan Width": 40, "Actual Startup Time": 19716.635, "Actual Total Time": 22538.491, "Actual Rows": 5442751, "Actual Loops": 1, "Group By Key": ["lineitem.l_partkey", "lineitem.l_suppkey"], "Plans": [{"Node Type": "Bitmap Heap Scan", "Parent Relationship": "Outer", "Relation Name": "lineitem", "Alias": "lineitem", "Startup Cost": 314312.97, "Total Cost": 1865633.17, "Plan Rows": 9071680, "Plan Width": 24, "Actual Startup Time": 4108.122, "Actual Total Time": 11626.576, "Actual Rows": 9109641, "Actual Loops": 1, "Recheck Cond": "((l_shipdate >= '1993-01-01 00:00:00'::timestamp(0) without time zone) AND (l_shipdate < '1994-01-01 00:00:00'::timestamp without time zone)), (LLVM Optimized, Jit Execute)", "Rows Removed by Index Recheck": 0, "Exact Heap Blocks": 1252335, "Lossy Heap Blocks": 1252335, "Plans": [{"Node Type": "Bitmap Index Scan", "Parent Relationship": "Outer", "Index Name": "idx_lineitem_shipdate", "Startup Cost": 0.0, "Total Cost": 312045.05, "Plan Rows": 9071680, "Plan Width": 0, "Actual Startup Time": 3494.488, "Actual Total Time": 3494.488, "Actual Rows": 9109641, "Actual Loops": 1, "Index Cond": "((l_shipdate >= '1993-01-01 00:00:00'::timestamp(0) without time zone) AND (l_shipdate < '1994-01-01 00:00:00'::timestamp without time zone))"}]}]}, {"Node Type": "Hash", "Parent Relationship": "Inner", "Startup Cost": 225072.53, "Total Cost": 225072.53, "Plan Rows": 64552, "Plan Width": 32, "Actual Startup Time": 1003.594, "Actual Total Time": 1003.594, "Actual Rows": 86224, "Actual Loops": 1, "Hash Buckets": 65536, "Hash Batches": 1, "Original Hash Batches": 1, "Peak Memory Usage": 5389, "Plans": [{"Node Type": "Nested Loop", "Parent Relationship": "Outer", "Join Type": "Inner", "Startup Cost": 0.0, "Total Cost": 225072.53, "Plan Rows": 64552, "Plan Width": 32, "Actual Startup Time": 0.084, "Actual Total Time": 970.318, "Actual Rows": 86224, "Actual Loops": 1, "Inner Unique": false, "Plans": [{"Node Type": "Seq Scan", "Parent Relationship": "Outer", "Relation Name": "part", "Alias": "part", "Startup Cost": 0.0, "Total Cost": 66944.0, "Plan Rows": 22472, "Plan Width": 8, "Actual Startup Time": 0.047, "Actual Total Time": 776.04, "Actual Rows": 21556, "Actual Loops": 1, "Filter": "((p_name)::text ~~ 'green%'::text)", "Rows Removed by Filter": 1978444}, {"Node Type": "Index Scan", "Parent Relationship": "Inner", "Scan Direction": "Forward", "Index Name": "idx_partsupp_partkey", "Relation Name": "partsupp", "Alias": "partsupp", "Startup Cost": 0.0, "Total Cost": 7.01, "Plan Rows": 3, "Plan Width": 24, "Actual Startup Time": 115.698, "Actual Total Time": 161.68, "Actual Rows": 86224, "Actual Loops": 21556, "Index Cond": "(ps_partkey = part.p_partkey)", "Rows Removed by Index Recheck": 0}]}]}]}, {"Node Type": "Hash", "Parent Relationship": "Inner", "Startup Cost": 2533.35, "Total Cost": 2533.35, "Plan Rows": 4000, "Plan Width": 59, "Actual Startup Time": 8.897, "Actual Total Time": 8.897, "Actual Rows": 3934, "Actual Loops": 1, "Hash Buckets": 32768, "Hash Batches": 1, "Original Hash Batches": 1, "Peak Memory Usage": 368, "Plans": [{"Node Type": "Nested Loop", "Parent Relationship": "Outer", "Join Type": "Inner", "Startup Cost": 95.25, "Total Cost": 2533.35, "Plan Rows": 4000, "Plan Width": 59, "Actual Startup Time": 1.262, "Actual Total Time": 7.491, "Actual Rows": 3934, "Actual Loops": 1, "Inner Unique": false, "Plans": [{"Node Type": "Seq Scan", "Parent Relationship": "Outer", "Relation Name": "nation", "Alias": "nation", "Startup Cost": 0.0, "Total Cost": 1.31, "Plan Rows": 1, "Plan Width": 4, "Actual Startup Time": 0.027, "Actual Total Time": 0.046, "Actual Rows": 1, "Actual Loops": 1, "Filter": "(n_name = 'ALGERIA'::bpchar)", "Rows Removed by Filter": 24}, {"Node Type": "Bitmap Heap Scan", "Parent Relationship": "Inner", "Relation Name": "supplier", "Alias": "supplier", "Startup Cost": 95.25, "Total Cost": 2492.04, "Plan Rows": 4000, "Plan Width": 63, "Actual Startup Time": 1.228, "Actual Total Time": 6.581, "Actual Rows": 3934, "Actual Loops": 1, "Recheck Cond": "(s_nationkey = nation.n_nationkey)", "Rows Removed by Index Recheck": 0, "Exact Heap Blocks": 1897, "Lossy Heap Blocks": 1897, "Plans": [{"Node Type": "Bitmap Index Scan", "Parent Relationship": "Outer", "Index Name": "idx_supplier_nation_key", "Startup Cost": 0.0, "Total Cost": 94.25, "Plan Rows": 4000, "Plan Width": 0, "Actual Startup Time": 0.93, "Actual Total Time": 0.93, "Actual Rows": 3934, "Actual Loops": 1, "Index Cond": "(s_nationkey = nation.n_nationkey)"}]}]}]}]}]}, "Triggers": [], "Planner Runtime": 2, "Total Runtime": 25149.915, "Unique SQL Id": 202076520}}, "(16, 69)": {"explain_plan": {"Plan": {"Node Type": "Sort", "Startup Cost": 2518804.13, "Total Cost": 2518809.13, "Plan Rows": 2000, "Plan Width": 51, "Sort Key": ["supplier.s_name"], "Plans": [{"Node Type": "Hash Join", "Parent Relationship": "Outer", "Join Type": "Right Semi", "Startup Cost": 2223844.76, "Total Cost": 2518694.47, "Plan Rows": 2000, "Plan Width": 51, "Inner Unique": false, "Hash Cond": "(lineitem.l_suppkey = supplier.s_suppkey)", "Plans": [{"Node Type": "Hash Join", "Parent Relationship": "Outer", "Join Type": "Inner", "Startup Cost": 2221250.03, "Total Cost": 2516079.74, "Plan Rows": 2, "Plan Width": 16, "Inner Unique": false, "Hash Cond": "((lineitem.l_partkey = partsupp.ps_partkey) AND (lineitem.l_suppkey = partsupp.ps_suppkey))", "Join Filter": "((partsupp.ps_availqty)::double precision > (.5::double precision * (sum(lineitem.l_quantity))))", "Plans": [{"Node Type": "Aggregate", "Strategy": "Hashed", "Parent Relationship": "Outer", "Startup Cost": 1956349.97, "Total Cost": 2069745.97, "Plan Rows": 9071680, "Plan Width": 40, "Group By Key": ["lineitem.l_partkey", "lineitem.l_suppkey"], "Plans": [{"Node Type": "Bitmap Heap Scan", "Parent Relationship": "Outer", "Relation Name": "lineitem", "Alias": "lineitem", "Startup Cost": 314312.97, "Total Cost": 1865633.17, "Plan Rows": 9071680, "Plan Width": 24, "Recheck Cond": "((l_shipdate >= '1993-01-01 00:00:00'::timestamp(0) without time zone) AND (l_shipdate < '1994-01-01 00:00:00'::timestamp without time zone)), (LLVM Optimized)", "Plans": [{"Node Type": "Bitmap Index Scan", "Parent Relationship": "Outer", "Index Name": "idx_lineitem_shipdate", "Startup Cost": 0.0, "Total Cost": 312045.05, "Plan Rows": 9071680, "Plan Width": 0, "Index Cond": "((l_shipdate >= '1993-01-01 00:00:00'::timestamp(0) without time zone) AND (l_shipdate < '1994-01-01 00:00:00'::timestamp without time zone))"}]}]}, {"Node Type": "Hash", "Parent Relationship": "Inner", "Startup Cost": 263931.78, "Total Cost": 263931.78, "Plan Rows": 64552, "Plan Width": 32, "Plans": [{"Node Type": "Nested Loop", "Parent Relationship": "Outer", "Join Type": "Inner", "Startup Cost": 0.0, "Total Cost": 263931.78, "Plan Rows": 64552, "Plan Width": 32, "Inner Unique": false, "Plans": [{"Node Type": "Index Scan", "Parent Relationship": "Outer", "Scan Direction": "Forward", "Index Name": "part_kpey", "Relation Name": "part", "Alias": "part", "Startup Cost": 0.0, "Total Cost": 105803.25, "Plan Rows": 22472, "Plan Width": 8, "Filter": "((p_name)::text ~~ 'green%'::text)"}, {"Node Type": "Index Scan", "Parent Relationship": "Inner", "Scan Direction": "Forward", "Index Name": "idx_partsupp_partkey", "Relation Name": "partsupp", "Alias": "partsupp", "Startup Cost": 0.0, "Total Cost": 7.01, "Plan Rows": 3, "Plan Width": 24, "Index Cond": "(ps_partkey = part.p_partkey)"}]}]}]}, {"Node Type": "Hash", "Parent Relationship": "Inner", "Startup Cost": 2544.73, "Total Cost": 2544.73, "Plan Rows": 4000, "Plan Width": 59, "Plans": [{"Node Type": "Nested Loop", "Parent Relationship": "Outer", "Join Type": "Inner", "Startup Cost": 95.25, "Total Cost": 2544.73, "Plan Rows": 4000, "Plan Width": 59, "Inner Unique": false, "Plans": [{"Node Type": "Index Scan", "Parent Relationship": "Outer", "Scan Direction": "Forward", "Index Name": "nation_pkey", "Relation Name": "nation", "Alias": "nation", "Startup Cost": 0.0, "Total Cost": 12.69, "Plan Rows": 1, "Plan Width": 4, "Filter": "(n_name = 'ALGERIA'::bpchar)"}, {"Node Type": "Bitmap Heap Scan", "Parent Relationship": "Inner", "Relation Name": "supplier", "Alias": "supplier", "Startup Cost": 95.25, "Total Cost": 2492.04, "Plan Rows": 4000, "Plan Width": 63, "Recheck Cond": "(s_nationkey = nation.n_nationkey)", "Plans": [{"Node Type": "Bitmap Index Scan", "Parent Relationship": "Outer", "Index Name": "idx_supplier_nation_key", "Startup Cost": 0.0, "Total Cost": 94.25, "Plan Rows": 4000, "Plan Width": 0, "Index Cond": "(s_nationkey = nation.n_nationkey)"}]}]}]}]}]}, "Unique SQL Id": 202076520, "Planner Runtime": 3}, "explain_analyze_plan": {"Plan": {"Node Type": "Sort", "Startup Cost": 2518804.13, "Total Cost": 2518809.13, "Plan Rows": 2000, "Plan Width": 51, "Actual Startup Time": 26463.796, "Actual Total Time": 26463.938, "Actual Rows": 1746, "Actual Loops": 1, "Sort Key": ["supplier.s_name"], "Sort Method": "quicksort", "Sort Space Used": 309, "Sort Space Type": "Memory", "Plans": [{"Node Type": "Hash Join", "Parent Relationship": "Outer", "Join Type": "Right Semi", "Startup Cost": 2223844.76, "Total Cost": 2518694.47, "Plan Rows": 2000, "Plan Width": 51, "Actual Startup Time": 21538.153, "Actual Total Time": 26453.923, "Actual Rows": 1746, "Actual Loops": 1, "Inner Unique": false, "Hash Cond": "(lineitem.l_suppkey = supplier.s_suppkey)", "Plans": [{"Node Type": "Hash Join", "Parent Relationship": "Outer", "Join Type": "Inner", "Startup Cost": 2221250.03, "Total Cost": 2516079.74, "Plan Rows": 2, "Plan Width": 16, "Actual Startup Time": 21523.772, "Actual Total Time": 26427.417, "Actual Rows": 58537, "Actual Loops": 1, "Inner Unique": false, "Hash Cond": "((lineitem.l_partkey = partsupp.ps_partkey) AND (lineitem.l_suppkey = partsupp.ps_suppkey))", "Join Filter": "((partsupp.ps_availqty)::double precision > (.5::double precision * (sum(lineitem.l_quantity))))", "Rows Removed by Join Filter": 136, "Plans": [{"Node Type": "Aggregate", "Strategy": "Hashed", "Parent Relationship": "Outer", "Startup Cost": 1956349.97, "Total Cost": 2069745.97, "Plan Rows": 9071680, "Plan Width": 40, "Actual Startup Time": 19815.801, "Actual Total Time": 23117.593, "Actual Rows": 5442751, "Actual Loops": 1, "Group By Key": ["lineitem.l_partkey", "lineitem.l_suppkey"], "Plans": [{"Node Type": "Bitmap Heap Scan", "Parent Relationship": "Outer", "Relation Name": "lineitem", "Alias": "lineitem", "Startup Cost": 314312.97, "Total Cost": 1865633.17, "Plan Rows": 9071680, "Plan Width": 24, "Actual Startup Time": 4089.336, "Actual Total Time": 11492.252, "Actual Rows": 9109641, "Actual Loops": 1, "Recheck Cond": "((l_shipdate >= '1993-01-01 00:00:00'::timestamp(0) without time zone) AND (l_shipdate < '1994-01-01 00:00:00'::timestamp without time zone)), (LLVM Optimized, Jit Execute)", "Rows Removed by Index Recheck": 0, "Exact Heap Blocks": 1252335, "Lossy Heap Blocks": 1252335, "Plans": [{"Node Type": "Bitmap Index Scan", "Parent Relationship": "Outer", "Index Name": "idx_lineitem_shipdate", "Startup Cost": 0.0, "Total Cost": 312045.05, "Plan Rows": 9071680, "Plan Width": 0, "Actual Startup Time": 3511.798, "Actual Total Time": 3511.798, "Actual Rows": 9109641, "Actual Loops": 1, "Index Cond": "((l_shipdate >= '1993-01-01 00:00:00'::timestamp(0) without time zone) AND (l_shipdate < '1994-01-01 00:00:00'::timestamp without time zone))"}]}]}, {"Node Type": "Hash", "Parent Relationship": "Inner", "Startup Cost": 263931.78, "Total Cost": 263931.78, "Plan Rows": 64552, "Plan Width": 32, "Actual Startup Time": 1707.758, "Actual Total Time": 1707.758, "Actual Rows": 86224, "Actual Loops": 1, "Hash Buckets": 65536, "Hash Batches": 1, "Original Hash Batches": 1, "Peak Memory Usage": 5389, "Plans": [{"Node Type": "Nested Loop", "Parent Relationship": "Outer", "Join Type": "Inner", "Startup Cost": 0.0, "Total Cost": 263931.78, "Plan Rows": 64552, "Plan Width": 32, "Actual Startup Time": 0.067, "Actual Total Time": 1670.549, "Actual Rows": 86224, "Actual Loops": 1, "Inner Unique": false, "Plans": [{"Node Type": "Index Scan", "Parent Relationship": "Outer", "Scan Direction": "Forward", "Index Name": "part_kpey", "Relation Name": "part", "Alias": "part", "Startup Cost": 0.0, "Total Cost": 105803.25, "Plan Rows": 22472, "Plan Width": 8, "Actual Startup Time": 0.052, "Actual Total Time": 1462.514, "Actual Rows": 21556, "Actual Loops": 1, "Filter": "((p_name)::text ~~ 'green%'::text)", "Rows Removed by Filter": 1978444}, {"Node Type": "Index Scan", "Parent Relationship": "Inner", "Scan Direction": "Forward", "Index Name": "idx_partsupp_partkey", "Relation Name": "partsupp", "Alias": "partsupp", "Startup Cost": 0.0, "Total Cost": 7.01, "Plan Rows": 3, "Plan Width": 24, "Actual Startup Time": 129.84, "Actual Total Time": 175.607, "Actual Rows": 86224, "Actual Loops": 21556, "Index Cond": "(ps_partkey = part.p_partkey)", "Rows Removed by Index Recheck": 0}]}]}]}, {"Node Type": "Hash", "Parent Relationship": "Inner", "Startup Cost": 2544.73, "Total Cost": 2544.73, "Plan Rows": 4000, "Plan Width": 59, "Actual Startup Time": 8.357, "Actual Total Time": 8.357, "Actual Rows": 3934, "Actual Loops": 1, "Hash Buckets": 32768, "Hash Batches": 1, "Original Hash Batches": 1, "Peak Memory Usage": 368, "Plans": [{"Node Type": "Nested Loop", "Parent Relationship": "Outer", "Join Type": "Inner", "Startup Cost": 95.25, "Total Cost": 2544.73, "Plan Rows": 4000, "Plan Width": 59, "Actual Startup Time": 0.962, "Actual Total Time": 7.029, "Actual Rows": 3934, "Actual Loops": 1, "Inner Unique": false, "Plans": [{"Node Type": "Index Scan", "Parent Relationship": "Outer", "Scan Direction": "Forward", "Index Name": "nation_pkey", "Relation Name": "nation", "Alias": "nation", "Startup Cost": 0.0, "Total Cost": 12.69, "Plan Rows": 1, "Plan Width": 4, "Actual Startup Time": 0.021, "Actual Total Time": 0.043, "Actual Rows": 1, "Actual Loops": 1, "Filter": "(n_name = 'ALGERIA'::bpchar)", "Rows Removed by Filter": 24}, {"Node Type": "Bitmap Heap Scan", "Parent Relationship": "Inner", "Relation Name": "supplier", "Alias": "supplier", "Startup Cost": 95.25, "Total Cost": 2492.04, "Plan Rows": 4000, "Plan Width": 63, "Actual Startup Time": 0.934, "Actual Total Time": 6.131, "Actual Rows": 3934, "Actual Loops": 1, "Recheck Cond": "(s_nationkey = nation.n_nationkey)", "Rows Removed by Index Recheck": 0, "Exact Heap Blocks": 1897, "Lossy Heap Blocks": 1897, "Plans": [{"Node Type": "Bitmap Index Scan", "Parent Relationship": "Outer", "Index Name": "idx_supplier_nation_key", "Startup Cost": 0.0, "Total Cost": 94.25, "Plan Rows": 4000, "Plan Width": 0, "Actual Startup Time": 0.635, "Actual Total Time": 0.635, "Actual Rows": 3934, "Actual Loops": 1, "Index Cond": "(s_nationkey = nation.n_nationkey)"}]}]}]}]}]}, "Triggers": [], "Planner Runtime": 2, "Total Runtime": 26475.342, "Unique SQL Id": 202076520}}, "(16, 70)": {"explain_plan": {"Plan": {"Node Type": "Sort", "Startup Cost": 2612723.68, "Total Cost": 2612728.68, "Plan Rows": 2000, "Plan Width": 51, "Sort Key": ["supplier.s_name"], "Plans": [{"Node Type": "Hash Join", "Parent Relationship": "Outer", "Join Type": "Right Semi", "Startup Cost": 2317764.31, "Total Cost": 2612614.02, "Plan Rows": 2000, "Plan Width": 51, "Inner Unique": false, "Hash Cond": "(lineitem.l_suppkey = supplier.s_suppkey)", "Plans": [{"Node Type": "Hash Join", "Parent Relationship": "Outer", "Join Type": "Inner", "Startup Cost": 2315180.96, "Total Cost": 2610010.67, "Plan Rows": 2, "Plan Width": 16, "Inner Unique": false, "Hash Cond": "((lineitem.l_partkey = partsupp.ps_partkey) AND (lineitem.l_suppkey = partsupp.ps_suppkey))", "Join Filter": "((partsupp.ps_availqty)::double precision > (.5::double precision * (sum(lineitem.l_quantity))))", "Plans": [{"Node Type": "Aggregate", "Strategy": "Hashed", "Parent Relationship": "Outer", "Startup Cost": 1956349.97, "Total Cost": 2069745.97, "Plan Rows": 9071680, "Plan Width": 40, "Group By Key": ["lineitem.l_partkey", "lineitem.l_suppkey"], "Plans": [{"Node Type": "Bitmap Heap Scan", "Parent Relationship": "Outer", "Relation Name": "lineitem", "Alias": "lineitem", "Startup Cost": 314312.97, "Total Cost": 1865633.17, "Plan Rows": 9071680, "Plan Width": 24, "Recheck Cond": "((l_shipdate >= '1993-01-01 00:00:00'::timestamp(0) without time zone) AND (l_shipdate < '1994-01-01 00:00:00'::timestamp without time zone)), (LLVM Optimized)", "Plans": [{"Node Type": "Bitmap Index Scan", "Parent Relationship": "Outer", "Index Name": "idx_lineitem_shipdate", "Startup Cost": 0.0, "Total Cost": 312045.05, "Plan Rows": 9071680, "Plan Width": 0, "Index Cond": "((l_shipdate >= '1993-01-01 00:00:00'::timestamp(0) without time zone) AND (l_shipdate < '1994-01-01 00:00:00'::timestamp without time zone))"}]}]}, {"Node Type": "Hash", "Parent Relationship": "Inner", "Startup Cost": 357862.71, "Total Cost": 357862.71, "Plan Rows": 64552, "Plan Width": 32, "Plans": [{"Node Type": "Hash Join", "Parent Relationship": "Outer", "Join Type": "Inner", "Startup Cost": 67224.9, "Total Cost": 357862.71, "Plan Rows": 64552, "Plan Width": 32, "Inner Unique": true, "Hash Cond": "(partsupp.ps_partkey = part.p_partkey)", "Plans": [{"Node Type": "Seq Scan", "Parent Relationship": "Outer", "Relation Name": "partsupp", "Alias": "partsupp", "Startup Cost": 0.0, "Total Cost": 269987.72, "Plan Rows": 8000372, "Plan Width": 24}, {"Node Type": "Hash", "Parent Relationship": "Inner", "Startup Cost": 66944.0, "Total Cost": 66944.0, "Plan Rows": 22472, "Plan Width": 8, "Plans": [{"Node Type": "Seq Scan", "Parent Relationship": "Outer", "Relation Name": "part", "Alias": "part", "Startup Cost": 0.0, "Total Cost": 66944.0, "Plan Rows": 22472, "Plan Width": 8, "Filter": "((p_name)::text ~~ 'green%'::text)"}]}]}]}]}, {"Node Type": "Hash", "Parent Relationship": "Inner", "Startup Cost": 2533.35, "Total Cost": 2533.35, "Plan Rows": 4000, "Plan Width": 59, "Plans": [{"Node Type": "Nested Loop", "Parent Relationship": "Outer", "Join Type": "Inner", "Startup Cost": 95.25, "Total Cost": 2533.35, "Plan Rows": 4000, "Plan Width": 59, "Inner Unique": false, "Plans": [{"Node Type": "Seq Scan", "Parent Relationship": "Outer", "Relation Name": "nation", "Alias": "nation", "Startup Cost": 0.0, "Total Cost": 1.31, "Plan Rows": 1, "Plan Width": 4, "Filter": "(n_name = 'ALGERIA'::bpchar)"}, {"Node Type": "Bitmap Heap Scan", "Parent Relationship": "Inner", "Relation Name": "supplier", "Alias": "supplier", "Startup Cost": 95.25, "Total Cost": 2492.04, "Plan Rows": 4000, "Plan Width": 63, "Recheck Cond": "(s_nationkey = nation.n_nationkey)", "Plans": [{"Node Type": "Bitmap Index Scan", "Parent Relationship": "Outer", "Index Name": "idx_supplier_nation_key", "Startup Cost": 0.0, "Total Cost": 94.25, "Plan Rows": 4000, "Plan Width": 0, "Index Cond": "(s_nationkey = nation.n_nationkey)"}]}]}]}]}]}, "Unique SQL Id": 202076520, "Planner Runtime": 3}, "explain_analyze_plan": {"Plan": {"Node Type": "Sort", "Startup Cost": 2612723.68, "Total Cost": 2612728.68, "Plan Rows": 2000, "Plan Width": 51, "Actual Startup Time": 28879.579, "Actual Total Time": 28879.734, "Actual Rows": 1746, "Actual Loops": 1, "Sort Key": ["supplier.s_name"], "Sort Method": "quicksort", "Sort Space Used": 309, "Sort Space Type": "Memory", "Plans": [{"Node Type": "Hash Join", "Parent Relationship": "Outer", "Join Type": "Right Semi", "Startup Cost": 2317764.31, "Total Cost": 2612614.02, "Plan Rows": 2000, "Plan Width": 51, "Actual Startup Time": 24017.84, "Actual Total Time": 28869.771, "Actual Rows": 1746, "Actual Loops": 1, "Inner Unique": false, "Hash Cond": "(lineitem.l_suppkey = supplier.s_suppkey)", "Plans": [{"Node Type": "Hash Join", "Parent Relationship": "Outer", "Join Type": "Inner", "Startup Cost": 2315180.96, "Total Cost": 2610010.67, "Plan Rows": 2, "Plan Width": 16, "Actual Startup Time": 24003.117, "Actual Total Time": 28842.66, "Actual Rows": 58537, "Actual Loops": 1, "Inner Unique": false, "Hash Cond": "((lineitem.l_partkey = partsupp.ps_partkey) AND (lineitem.l_suppkey = partsupp.ps_suppkey))", "Join Filter": "((partsupp.ps_availqty)::double precision > (.5::double precision * (sum(lineitem.l_quantity))))", "Rows Removed by Join Filter": 136, "Plans": [{"Node Type": "Aggregate", "Strategy": "Hashed", "Parent Relationship": "Outer", "Startup Cost": 1956349.97, "Total Cost": 2069745.97, "Plan Rows": 9071680, "Plan Width": 40, "Actual Startup Time": 19211.605, "Actual Total Time": 22487.983, "Actual Rows": 5442751, "Actual Loops": 1, "Group By Key": ["lineitem.l_partkey", "lineitem.l_suppkey"], "Plans": [{"Node Type": "Bitmap Heap Scan", "Parent Relationship": "Outer", "Relation Name": "lineitem", "Alias": "lineitem", "Startup Cost": 314312.97, "Total Cost": 1865633.17, "Plan Rows": 9071680, "Plan Width": 24, "Actual Startup Time": 4085.442, "Actual Total Time": 11771.462, "Actual Rows": 9109641, "Actual Loops": 1, "Recheck Cond": "((l_shipdate >= '1993-01-01 00:00:00'::timestamp(0) without time zone) AND (l_shipdate < '1994-01-01 00:00:00'::timestamp without time zone)), (LLVM Optimized, Jit Execute)", "Rows Removed by Index Recheck": 0, "Exact Heap Blocks": 1252335, "Lossy Heap Blocks": 1252335, "Plans": [{"Node Type": "Bitmap Index Scan", "Parent Relationship": "Outer", "Index Name": "idx_lineitem_shipdate", "Startup Cost": 0.0, "Total Cost": 312045.05, "Plan Rows": 9071680, "Plan Width": 0, "Actual Startup Time": 3506.124, "Actual Total Time": 3506.124, "Actual Rows": 9109641, "Actual Loops": 1, "Index Cond": "((l_shipdate >= '1993-01-01 00:00:00'::timestamp(0) without time zone) AND (l_shipdate < '1994-01-01 00:00:00'::timestamp without time zone))"}]}]}, {"Node Type": "Hash", "Parent Relationship": "Inner", "Startup Cost": 357862.71, "Total Cost": 357862.71, "Plan Rows": 64552, "Plan Width": 32, "Actual Startup Time": 4790.991, "Actual Total Time": 4790.991, "Actual Rows": 86224, "Actual Loops": 1, "Hash Buckets": 65536, "Hash Batches": 1, "Original Hash Batches": 1, "Peak Memory Usage": 5389, "Plans": [{"Node Type": "Hash Join", "Parent Relationship": "Outer", "Join Type": "Inner", "Startup Cost": 67224.9, "Total Cost": 357862.71, "Plan Rows": 64552, "Plan Width": 32, "Actual Startup Time": 774.185, "Actual Total Time": 4747.908, "Actual Rows": 86224, "Actual Loops": 1, "Inner Unique": true, "Hash Cond": "(partsupp.ps_partkey = part.p_partkey)", "Plans": [{"Node Type": "Seq Scan", "Parent Relationship": "Outer", "Relation Name": "partsupp", "Alias": "partsupp", "Startup Cost": 0.0, "Total Cost": 269987.72, "Plan Rows": 8000372, "Plan Width": 24, "Actual Startup Time": 0.016, "Actual Total Time": 2421.427, "Actual Rows": 8000000, "Actual Loops": 1}, {"Node Type": "Hash", "Parent Relationship": "Inner", "Startup Cost": 66944.0, "Total Cost": 66944.0, "Plan Rows": 22472, "Plan Width": 8, "Actual Startup Time": 774.026, "Actual Total Time": 774.026, "Actual Rows": 21556, "Actual Loops": 1, "Hash Buckets": 32768, "Hash Batches": 1, "Original Hash Batches": 1, "Peak Memory Usage": 843, "Plans": [{"Node Type": "Seq Scan", "Parent Relationship": "Outer", "Relation Name": "part", "Alias": "part", "Startup Cost": 0.0, "Total Cost": 66944.0, "Plan Rows": 22472, "Plan Width": 8, "Actual Startup Time": 0.032, "Actual Total Time": 766.58, "Actual Rows": 21556, "Actual Loops": 1, "Filter": "((p_name)::text ~~ 'green%'::text)", "Rows Removed by Filter": 1978444}]}]}]}]}, {"Node Type": "Hash", "Parent Relationship": "Inner", "Startup Cost": 2533.35, "Total Cost": 2533.35, "Plan Rows": 4000, "Plan Width": 59, "Actual Startup Time": 8.34, "Actual Total Time": 8.34, "Actual Rows": 3934, "Actual Loops": 1, "Hash Buckets": 32768, "Hash Batches": 1, "Original Hash Batches": 1, "Peak Memory Usage": 368, "Plans": [{"Node Type": "Nested Loop", "Parent Relationship": "Outer", "Join Type": "Inner", "Startup Cost": 95.25, "Total Cost": 2533.35, "Plan Rows": 4000, "Plan Width": 59, "Actual Startup Time": 0.972, "Actual Total Time": 6.997, "Actual Rows": 3934, "Actual Loops": 1, "Inner Unique": false, "Plans": [{"Node Type": "Seq Scan", "Parent Relationship": "Outer", "Relation Name": "nation", "Alias": "nation", "Startup Cost": 0.0, "Total Cost": 1.31, "Plan Rows": 1, "Plan Width": 4, "Actual Startup Time": 0.026, "Actual Total Time": 0.039, "Actual Rows": 1, "Actual Loops": 1, "Filter": "(n_name = 'ALGERIA'::bpchar)", "Rows Removed by Filter": 24}, {"Node Type": "Bitmap Heap Scan", "Parent Relationship": "Inner", "Relation Name": "supplier", "Alias": "supplier", "Startup Cost": 95.25, "Total Cost": 2492.04, "Plan Rows": 4000, "Plan Width": 63, "Actual Startup Time": 0.939, "Actual Total Time": 6.109, "Actual Rows": 3934, "Actual Loops": 1, "Recheck Cond": "(s_nationkey = nation.n_nationkey)", "Rows Removed by Index Recheck": 0, "Exact Heap Blocks": 1897, "Lossy Heap Blocks": 1897, "Plans": [{"Node Type": "Bitmap Index Scan", "Parent Relationship": "Outer", "Index Name": "idx_supplier_nation_key", "Startup Cost": 0.0, "Total Cost": 94.25, "Plan Rows": 4000, "Plan Width": 0, "Actual Startup Time": 0.636, "Actual Total Time": 0.636, "Actual Rows": 3934, "Actual Loops": 1, "Index Cond": "(s_nationkey = nation.n_nationkey)"}]}]}]}]}]}, "Triggers": [], "Planner Runtime": 2, "Total Runtime": 28890.822, "Unique SQL Id": 202076520}}, "(16, 71)": {"explain_plan": {"Plan": {"Node Type": "Sort", "Startup Cost": 41474309.17, "Total Cost": 41474314.17, "Plan Rows": 2000, "Plan Width": 51, "Sort Key": ["supplier.s_name"], "Plans": [{"Node Type": "Nested Loop", "Parent Relationship": "Outer", "Join Type": "Inner", "Startup Cost": 41260049.96, "Total Cost": 41474199.51, "Plan Rows": 2000, "Plan Width": 51, "Inner Unique": true, "Plans": [{"Node Type": "Nested Loop", "Parent Relationship": "Outer", "Join Type": "Inner", "Startup Cost": 41260049.7, "Total Cost": 41260058.01, "Plan Rows": 50000, "Plan Width": 55, "Inner Unique": true, "Plans": [{"Node Type": "Unique", "Parent Relationship": "Outer", "Startup Cost": 41260049.44, "Total Cost": 41260049.45, "Plan Rows": 2, "Plan Width": 16, "Plans": [{"Node Type": "Sort", "Parent Relationship": "Outer", "Startup Cost": 41260049.44, "Total Cost": 41260049.45, "Plan Rows": 2, "Plan Width": 16, "Sort Key": ["partsupp.ps_suppkey"], "Plans": [{"Node Type": "Nested Loop", "Parent Relationship": "Outer", "Join Type": "Semi", "Startup Cost": 1956350.51, "Total Cost": 41260049.43, "Plan Rows": 2, "Plan Width": 16, "Inner Unique": false, "Join Filter": "(partsupp.ps_partkey = part.p_partkey)", "Plans": [{"Node Type": "Nested Loop", "Parent Relationship": "Outer", "Join Type": "Inner", "Startup Cost": 1956350.25, "Total Cost": 41259981.09, "Plan Rows": 15, "Plan Width": 32, "Inner Unique": true, "Plans": [{"Node Type": "Aggregate", "Strategy": "Hashed", "Parent Relationship": "Outer", "Startup Cost": 1956349.97, "Total Cost": 2069745.97, "Plan Rows": 9071680, "Plan Width": 40, "Group By Key": ["lineitem.l_partkey", "lineitem.l_suppkey"], "Plans": [{"Node Type": "Bitmap Heap Scan", "Parent Relationship": "Outer", "Relation Name": "lineitem", "Alias": "lineitem", "Startup Cost": 314312.97, "Total Cost": 1865633.17, "Plan Rows": 9071680, "Plan Width": 24, "Recheck Cond": "((l_shipdate >= '1993-01-01 00:00:00'::timestamp(0) without time zone) AND (l_shipdate < '1994-01-01 00:00:00'::timestamp without time zone)), (LLVM Optimized)", "Plans": [{"Node Type": "Bitmap Index Scan", "Parent Relationship": "Outer", "Index Name": "idx_lineitem_shipdate", "Startup Cost": 0.0, "Total Cost": 312045.05, "Plan Rows": 9071680, "Plan Width": 0, "Index Cond": "((l_shipdate >= '1993-01-01 00:00:00'::timestamp(0) without time zone) AND (l_shipdate < '1994-01-01 00:00:00'::timestamp without time zone))"}]}]}, {"Node Type": "Bitmap Heap Scan", "Parent Relationship": "Inner", "Relation Name": "partsupp", "Alias": "partsupp", "Startup Cost": 0.28, "Total Cost": 4.3, "Plan Rows": 1, "Plan Width": 24, "Recheck Cond": "((ps_partkey = lineitem.l_partkey) AND (ps_suppkey = lineitem.l_suppkey))", "Filter": "((ps_availqty)::double precision > (.5::double precision * (sum(lineitem.l_quantity))))", "Plans": [{"Node Type": "Bitmap Index Scan", "Parent Relationship": "Outer", "Index Name": "partsupp_pkey", "Startup Cost": 0.0, "Total Cost": 0.28, "Plan Rows": 1, "Plan Width": 0, "Index Cond": "((ps_partkey = lineitem.l_partkey) AND (ps_suppkey = lineitem.l_suppkey))"}]}]}, {"Node Type": "Bitmap Heap Scan", "Parent Relationship": "Inner", "Relation Name": "part", "Alias": "part", "Startup Cost": 0.26, "Total Cost": 4.28, "Plan Rows": 1, "Plan Width": 8, "Recheck Cond": "(p_partkey = lineitem.l_partkey)", "Filter": "((p_name)::text ~~ 'green%'::text)", "Plans": [{"Node Type": "Bitmap Index Scan", "Parent Relationship": "Outer", "Index Name": "part_kpey", "Startup Cost": 0.0, "Total Cost": 0.26, "Plan Rows": 1, "Plan Width": 0, "Index Cond": "(p_partkey = lineitem.l_partkey)"}]}]}]}]}, {"Node Type": "Bitmap Heap Scan", "Parent Relationship": "Inner", "Relation Name": "supplier", "Alias": "supplier", "Startup Cost": 0.26, "Total Cost": 4.27, "Plan Rows": 1, "Plan Width": 63, "Recheck Cond": "(s_suppkey = lineitem.l_suppkey)", "Plans": [{"Node Type": "Bitmap Index Scan", "Parent Relationship": "Outer", "Index Name": "supplier_pkey", "Startup Cost": 0.0, "Total Cost": 0.26, "Plan Rows": 1, "Plan Width": 0, "Index Cond": "(s_suppkey = lineitem.l_suppkey)"}]}]}, {"Node Type": "Bitmap Heap Scan", "Parent Relationship": "Inner", "Relation Name": "nation", "Alias": "nation", "Startup Cost": 0.26, "Total Cost": 4.27, "Plan Rows": 1, "Plan Width": 4, "Recheck Cond": "(n_nationkey = supplier.s_nationkey)", "Filter": "(n_name = 'ALGERIA'::bpchar)", "Plans": [{"Node Type": "Bitmap Index Scan", "Parent Relationship": "Outer", "Index Name": "nation_pkey", "Startup Cost": 0.0, "Total Cost": 0.26, "Plan Rows": 1, "Plan Width": 0, "Index Cond": "(n_nationkey = supplier.s_nationkey)"}]}]}]}, "Unique SQL Id": 202076520, "Planner Runtime": 2}, "explain_analyze_plan": {"Plan": {"Node Type": "Sort", "Startup Cost": 41474309.17, "Total Cost": 41474314.17, "Plan Rows": 2000, "Plan Width": 51, "Actual Startup Time": 128888.36, "Actual Total Time": 128888.508, "Actual Rows": 1746, "Actual Loops": 1, "Sort Key": ["supplier.s_name"], "Sort Method": "quicksort", "Sort Space Used": 309, "Sort Space Type": "Memory", "Plans": [{"Node Type": "Nested Loop", "Parent Relationship": "Outer", "Join Type": "Inner", "Startup Cost": 41260049.96, "Total Cost": 41474199.51, "Plan Rows": 2000, "Plan Width": 51, "Actual Startup Time": 128475.92, "Actual Total Time": 128886.43, "Actual Rows": 1746, "Actual Loops": 1, "Inner Unique": true, "Plans": [{"Node Type": "Nested Loop", "Parent Relationship": "Outer", "Join Type": "Inner", "Startup Cost": 41260049.7, "Total Cost": 41260058.01, "Plan Rows": 50000, "Plan Width": 55, "Actual Startup Time": 128475.528, "Actual Total Time": 128715.763, "Actual Rows": 44487, "Actual Loops": 1, "Inner Unique": true, "Plans": [{"Node Type": "Unique", "Parent Relationship": "Outer", "Startup Cost": 41260049.44, "Total Cost": 41260049.45, "Plan Rows": 2, "Plan Width": 16, "Actual Startup Time": 128475.469, "Actual Total Time": 128506.031, "Actual Rows": 44487, "Actual Loops": 1, "Plans": [{"Node Type": "Sort", "Parent Relationship": "Outer", "Startup Cost": 41260049.44, "Total Cost": 41260049.45, "Plan Rows": 2, "Plan Width": 16, "Actual Startup Time": 128475.464, "Actual Total Time": 128488.423, "Actual Rows": 58537, "Actual Loops": 1, "Sort Key": ["partsupp.ps_suppkey"], "Sort Method": "quicksort", "Sort Space Used": 7024, "Sort Space Type": "Memory", "Plans": [{"Node Type": "Nested Loop", "Parent Relationship": "Outer", "Join Type": "Semi", "Startup Cost": 1956350.51, "Total Cost": 41260049.43, "Plan Rows": 2, "Plan Width": 16, "Actual Startup Time": 19211.651, "Actual Total Time": 128395.823, "Actual Rows": 58537, "Actual Loops": 1, "Inner Unique": false, "Join Filter": "(partsupp.ps_partkey = part.p_partkey)", "Rows Removed by Join Filter": 0, "Plans": [{"Node Type": "Nested Loop", "Parent Relationship": "Outer", "Join Type": "Inner", "Startup Cost": 1956350.25, "Total Cost": 41259981.09, "Plan Rows": 15, "Plan Width": 32, "Actual Startup Time": 19211.227, "Actual Total Time": 79847.531, "Actual Rows": 5431247, "Actual Loops": 1, "Inner Unique": true, "Plans": [{"Node Type": "Aggregate", "Strategy": "Hashed", "Parent Relationship": "Outer", "Startup Cost": 1956349.97, "Total Cost": 2069745.97, "Plan Rows": 9071680, "Plan Width": 40, "Actual Startup Time": 19211.091, "Actual Total Time": 24301.465, "Actual Rows": 5442751, "Actual Loops": 1, "Group By Key": ["lineitem.l_partkey", "lineitem.l_suppkey"], "Plans": [{"Node Type": "Bitmap Heap Scan", "Parent Relationship": "Outer", "Relation Name": "lineitem", "Alias": "lineitem", "Startup Cost": 314312.97, "Total Cost": 1865633.17, "Plan Rows": 9071680, "Plan Width": 24, "Actual Startup Time": 4429.203, "Actual Total Time": 12148.373, "Actual Rows": 9109641, "Actual Loops": 1, "Recheck Cond": "((l_shipdate >= '1993-01-01 00:00:00'::timestamp(0) without time zone) AND (l_shipdate < '1994-01-01 00:00:00'::timestamp without time zone)), (LLVM Optimized, Jit Execute)", "Rows Removed by Index Recheck": 0, "Exact Heap Blocks": 1252335, "Lossy Heap Blocks": 1252335, "Plans": [{"Node Type": "Bitmap Index Scan", "Parent Relationship": "Outer", "Index Name": "idx_lineitem_shipdate", "Startup Cost": 0.0, "Total Cost": 312045.05, "Plan Rows": 9071680, "Plan Width": 0, "Actual Startup Time": 3725.891, "Actual Total Time": 3725.891, "Actual Rows": 9109641, "Actual Loops": 1, "Index Cond": "((l_shipdate >= '1993-01-01 00:00:00'::timestamp(0) without time zone) AND (l_shipdate < '1994-01-01 00:00:00'::timestamp without time zone))"}]}]}, {"Node Type": "Bitmap Heap Scan", "Parent Relationship": "Inner", "Relation Name": "partsupp", "Alias": "partsupp", "Startup Cost": 0.28, "Total Cost": 4.3, "Plan Rows": 1, "Plan Width": 24, "Actual Startup Time": 47744.0, "Actual Total Time": 47744.0, "Actual Rows": 5431247, "Actual Loops": 5442751, "Recheck Cond": "((ps_partkey = lineitem.l_partkey) AND (ps_suppkey = lineitem.l_suppkey))", "Rows Removed by Index Recheck": 0, "Filter": "((ps_availqty)::double precision > (.5::double precision * (sum(lineitem.l_quantity))))", "Rows Removed by Filter": 11504, "Exact Heap Blocks": 5442751, "Lossy Heap Blocks": 5442751, "Plans": [{"Node Type": "Bitmap Index Scan", "Parent Relationship": "Outer", "Index Name": "partsupp_pkey", "Startup Cost": 0.0, "Total Cost": 0.28, "Plan Rows": 1, "Plan Width": 0, "Actual Startup Time": 28969.237, "Actual Total Time": 28969.237, "Actual Rows": 5442751, "Actual Loops": 5442751, "Index Cond": "((ps_partkey = lineitem.l_partkey) AND (ps_suppkey = lineitem.l_suppkey))"}]}]}, {"Node Type": "Bitmap Heap Scan", "Parent Relationship": "Inner", "Relation Name": "part", "Alias": "part", "Startup Cost": 0.26, "Total Cost": 4.28, "Plan Rows": 1, "Plan Width": 8, "Actual Startup Time": 42398.618, "Actual Total Time": 42398.618, "Actual Rows": 58537, "Actual Loops": 5431247, "Recheck Cond": "(p_partkey = lineitem.l_partkey)", "Rows Removed by Index Recheck": 0, "Filter": "((p_name)::text ~~ 'green%'::text)", "Rows Removed by Filter": 5372710, "Exact Heap Blocks": 5431247, "Lossy Heap Blocks": 5431247, "Plans": [{"Node Type": "Bitmap Index Scan", "Parent Relationship": "Outer", "Index Name": "part_kpey", "Startup Cost": 0.0, "Total Cost": 0.26, "Plan Rows": 1, "Plan Width": 0, "Actual Startup Time": 24845.499, "Actual Total Time": 24845.499, "Actual Rows": 5431247, "Actual Loops": 5431247, "Index Cond": "(p_partkey = lineitem.l_partkey)"}]}]}]}]}, {"Node Type": "Bitmap Heap Scan", "Parent Relationship": "Inner", "Relation Name": "supplier", "Alias": "supplier", "Startup Cost": 0.26, "Total Cost": 4.27, "Plan Rows": 1, "Plan Width": 63, "Actual Startup Time": 150.562, "Actual Total Time": 150.562, "Actual Rows": 44487, "Actual Loops": 44487, "Recheck Cond": "(s_suppkey = lineitem.l_suppkey)", "Rows Removed by Index Recheck": 0, "Exact Heap Blocks": 44487, "Lossy Heap Blocks": 44487, "Plans": [{"Node Type": "Bitmap Index Scan", "Parent Relationship": "Outer", "Index Name": "supplier_pkey", "Startup Cost": 0.0, "Total Cost": 0.26, "Plan Rows": 1, "Plan Width": 0, "Actual Startup Time": 82.325, "Actual Total Time": 82.325, "Actual Rows": 44487, "Actual Loops": 44487, "Index Cond": "(s_suppkey = lineitem.l_suppkey)"}]}]}, {"Node Type": "Bitmap Heap Scan", "Parent Relationship": "Inner", "Relation Name": "nation", "Alias": "nation", "Startup Cost": 0.26, "Total Cost": 4.27, "Plan Rows": 1, "Plan Width": 4, "Actual Startup Time": 120.985, "Actual Total Time": 120.985, "Actual Rows": 1746, "Actual Loops": 44487, "Recheck Cond": "(n_nationkey = supplier.s_nationkey)", "Rows Removed by Index Recheck": 0, "Filter": "(n_name = 'ALGERIA'::bpchar)", "Rows Removed by Filter": 42741, "Exact Heap Blocks": 44487, "Lossy Heap Blocks": 44487, "Plans": [{"Node Type": "Bitmap Index Scan", "Parent Relationship": "Outer", "Index Name": "nation_pkey", "Startup Cost": 0.0, "Total Cost": 0.26, "Plan Rows": 1, "Plan Width": 0, "Actual Startup Time": 44.911, "Actual Total Time": 44.911, "Actual Rows": 44487, "Actual Loops": 44487, "Index Cond": "(n_nationkey = supplier.s_nationkey)"}]}]}]}, "Triggers": [], "Planner Runtime": 1, "Total Runtime": 128900.171, "Unique SQL Id": 202076520}}, "(16, 72)": {"explain_plan": {"Plan": {"Node Type": "Sort", "Startup Cost": 2930392.43, "Total Cost": 2930397.43, "Plan Rows": 2000, "Plan Width": 51, "Sort Key": ["supplier.s_name"], "Plans": [{"Node Type": "Hash Join", "Parent Relationship": "Outer", "Join Type": "Right Semi", "Startup Cost": 2635433.06, "Total Cost": 2930282.77, "Plan Rows": 2000, "Plan Width": 51, "Inner Unique": false, "Hash Cond": "(lineitem.l_suppkey = supplier.s_suppkey)", "Plans": [{"Node Type": "Hash Join", "Parent Relationship": "Outer", "Join Type": "Inner", "Startup Cost": 2631808.11, "Total Cost": 2926637.81, "Plan Rows": 2, "Plan Width": 16, "Inner Unique": false, "Hash Cond": "((lineitem.l_partkey = partsupp.ps_partkey) AND (lineitem.l_suppkey = partsupp.ps_suppkey))", "Join Filter": "((partsupp.ps_availqty)::double precision > (.5::double precision * (sum(lineitem.l_quantity))))", "Plans": [{"Node Type": "Aggregate", "Strategy": "Hashed", "Parent Relationship": "Outer", "Startup Cost": 2405767.29, "Total Cost": 2519163.29, "Plan Rows": 9071680, "Plan Width": 40, "Group By Key": ["lineitem.l_partkey", "lineitem.l_suppkey"], "Plans": [{"Node Type": "Seq Scan", "Parent Relationship": "Outer", "Relation Name": "lineitem", "Alias": "lineitem", "Startup Cost": 119.57, "Total Cost": 2315050.5, "Plan Rows": 9071680, "Plan Width": 24, "Filter": "((l_shipdate >= '1993-01-01 00:00:00'::timestamp(0) without time zone) AND (l_shipdate < '1994-01-01 00:00:00'::timestamp without time zone)), (LLVM Optimized)"}]}, {"Node Type": "Hash", "Parent Relationship": "Inner", "Startup Cost": 225072.53, "Total Cost": 225072.53, "Plan Rows": 64552, "Plan Width": 32, "Plans": [{"Node Type": "Nested Loop", "Parent Relationship": "Outer", "Join Type": "Inner", "Startup Cost": 0.0, "Total Cost": 225072.53, "Plan Rows": 64552, "Plan Width": 32, "Inner Unique": false, "Plans": [{"Node Type": "Seq Scan", "Parent Relationship": "Outer", "Relation Name": "part", "Alias": "part", "Startup Cost": 0.0, "Total Cost": 66944.0, "Plan Rows": 22472, "Plan Width": 8, "Filter": "((p_name)::text ~~ 'green%'::text)"}, {"Node Type": "Index Scan", "Parent Relationship": "Inner", "Scan Direction": "Forward", "Index Name": "idx_partsupp_partkey", "Relation Name": "partsupp", "Alias": "partsupp", "Startup Cost": 0.0, "Total Cost": 7.01, "Plan Rows": 3, "Plan Width": 24, "Index Cond": "(ps_partkey = part.p_partkey)"}]}]}]}, {"Node Type": "Hash", "Parent Relationship": "Inner", "Startup Cost": 3574.95, "Total Cost": 3574.95, "Plan Rows": 4000, "Plan Width": 59, "Plans": [{"Node Type": "Hash Join", "Parent Relationship": "Outer", "Join Type": "Inner", "Startup Cost": 1.32, "Total Cost": 3574.95, "Plan Rows": 4000, "Plan Width": 59, "Inner Unique": true, "Hash Cond": "(supplier.s_nationkey = nation.n_nationkey)", "Plans": [{"Node Type": "Seq Scan", "Parent Relationship": "Outer", "Relation Name": "supplier", "Alias": "supplier", "Startup Cost": 0.0, "Total Cost": 3283.0, "Plan Rows": 100000, "Plan Width": 63}, {"Node Type": "Hash", "Parent Relationship": "Inner", "Startup Cost": 1.31, "Total Cost": 1.31, "Plan Rows": 1, "Plan Width": 4, "Plans": [{"Node Type": "Seq Scan", "Parent Relationship": "Outer", "Relation Name": "nation", "Alias": "nation", "Startup Cost": 0.0, "Total Cost": 1.31, "Plan Rows": 1, "Plan Width": 4, "Filter": "(n_name = 'ALGERIA'::bpchar)"}]}]}]}]}]}, "Unique SQL Id": 202076520, "Planner Runtime": 3}, "explain_analyze_plan": {"Plan": {"Node Type": "Sort", "Startup Cost": 2930392.43, "Total Cost": 2930397.43, "Plan Rows": 2000, "Plan Width": 51, "Actual Startup Time": 37803.483, "Actual Total Time": 37803.647, "Actual Rows": 1746, "Actual Loops": 1, "Sort Key": ["supplier.s_name"], "Sort Method": "quicksort", "Sort Space Used": 309, "Sort Space Type": "Memory", "Plans": [{"Node Type": "Hash Join", "Parent Relationship": "Outer", "Join Type": "Right Semi", "Startup Cost": 2635433.06, "Total Cost": 2930282.77, "Plan Rows": 2000, "Plan Width": 51, "Actual Startup Time": 33008.608, "Actual Total Time": 37793.512, "Actual Rows": 1746, "Actual Loops": 1, "Inner Unique": false, "Hash Cond": "(lineitem.l_suppkey = supplier.s_suppkey)", "Plans": [{"Node Type": "Hash Join", "Parent Relationship": "Outer", "Join Type": "Inner", "Startup Cost": 2631808.11, "Total Cost": 2926637.81, "Plan Rows": 2, "Plan Width": 16, "Actual Startup Time": 32952.992, "Actual Total Time": 37725.643, "Actual Rows": 58537, "Actual Loops": 1, "Inner Unique": false, "Hash Cond": "((lineitem.l_partkey = partsupp.ps_partkey) AND (lineitem.l_suppkey = partsupp.ps_suppkey))", "Join Filter": "((partsupp.ps_availqty)::double precision > (.5::double precision * (sum(lineitem.l_quantity))))", "Rows Removed by Join Filter": 136, "Plans": [{"Node Type": "Aggregate", "Strategy": "Hashed", "Parent Relationship": "Outer", "Startup Cost": 2405767.29, "Total Cost": 2519163.29, "Plan Rows": 9071680, "Plan Width": 40, "Actual Startup Time": 31930.263, "Actual Total Time": 35125.861, "Actual Rows": 5442751, "Actual Loops": 1, "Group By Key": ["lineitem.l_partkey", "lineitem.l_suppkey"], "Plans": [{"Node Type": "Seq Scan", "Parent Relationship": "Outer", "Relation Name": "lineitem", "Alias": "lineitem", "Startup Cost": 119.57, "Total Cost": 2315050.5, "Plan Rows": 9071680, "Plan Width": 24, "Actual Startup Time": 0.034, "Actual Total Time": 23479.645, "Actual Rows": 9109641, "Actual Loops": 1, "Filter": "((l_shipdate >= '1993-01-01 00:00:00'::timestamp(0) without time zone) AND (l_shipdate < '1994-01-01 00:00:00'::timestamp without time zone)), (LLVM Optimized, Jit Execute)", "Rows Removed by Filter": 50876411}]}, {"Node Type": "Hash", "Parent Relationship": "Inner", "Startup Cost": 225072.53, "Total Cost": 225072.53, "Plan Rows": 64552, "Plan Width": 32, "Actual Startup Time": 1022.342, "Actual Total Time": 1022.342, "Actual Rows": 86224, "Actual Loops": 1, "Hash Buckets": 65536, "Hash Batches": 1, "Original Hash Batches": 1, "Peak Memory Usage": 5389, "Plans": [{"Node Type": "Nested Loop", "Parent Relationship": "Outer", "Join Type": "Inner", "Startup Cost": 0.0, "Total Cost": 225072.53, "Plan Rows": 64552, "Plan Width": 32, "Actual Startup Time": 0.079, "Actual Total Time": 987.117, "Actual Rows": 86224, "Actual Loops": 1, "Inner Unique": false, "Plans": [{"Node Type": "Seq Scan", "Parent Relationship": "Outer", "Relation Name": "part", "Alias": "part", "Startup Cost": 0.0, "Total Cost": 66944.0, "Plan Rows": 22472, "Plan Width": 8, "Actual Startup Time": 0.039, "Actual Total Time": 775.085, "Actual Rows": 21556, "Actual Loops": 1, "Filter": "((p_name)::text ~~ 'green%'::text)", "Rows Removed by Filter": 1978444}, {"Node Type": "Index Scan", "Parent Relationship": "Inner", "Scan Direction": "Forward", "Index Name": "idx_partsupp_partkey", "Relation Name": "partsupp", "Alias": "partsupp", "Startup Cost": 0.0, "Total Cost": 7.01, "Plan Rows": 3, "Plan Width": 24, "Actual Startup Time": 134.916, "Actual Total Time": 179.467, "Actual Rows": 86224, "Actual Loops": 21556, "Index Cond": "(ps_partkey = part.p_partkey)", "Rows Removed by Index Recheck": 0}]}]}]}, {"Node Type": "Hash", "Parent Relationship": "Inner", "Startup Cost": 3574.95, "Total Cost": 3574.95, "Plan Rows": 4000, "Plan Width": 59, "Actual Startup Time": 49.334, "Actual Total Time": 49.334, "Actual Rows": 3934, "Actual Loops": 1, "Hash Buckets": 32768, "Hash Batches": 1, "Original Hash Batches": 1, "Peak Memory Usage": 368, "Plans": [{"Node Type": "Hash Join", "Parent Relationship": "Outer", "Join Type": "Inner", "Startup Cost": 1.32, "Total Cost": 3574.95, "Plan Rows": 4000, "Plan Width": 59, "Actual Startup Time": 0.101, "Actual Total Time": 47.871, "Actual Rows": 3934, "Actual Loops": 1, "Inner Unique": true, "Hash Cond": "(supplier.s_nationkey = nation.n_nationkey)", "Plans": [{"Node Type": "Seq Scan", "Parent Relationship": "Outer", "Relation Name": "supplier", "Alias": "supplier", "Startup Cost": 0.0, "Total Cost": 3283.0, "Plan Rows": 100000, "Plan Width": 63, "Actual Startup Time": 0.019, "Actual Total Time": 27.956, "Actual Rows": 100000, "Actual Loops": 1}, {"Node Type": "Hash", "Parent Relationship": "Inner", "Startup Cost": 1.31, "Total Cost": 1.31, "Plan Rows": 1, "Plan Width": 4, "Actual Startup Time": 0.037, "Actual Total Time": 0.037, "Actual Rows": 1, "Actual Loops": 1, "Hash Buckets": 32768, "Hash Batches": 1, "Original Hash Batches": 1, "Peak Memory Usage": 1, "Plans": [{"Node Type": "Seq Scan", "Parent Relationship": "Outer", "Relation Name": "nation", "Alias": "nation", "Startup Cost": 0.0, "Total Cost": 1.31, "Plan Rows": 1, "Plan Width": 4, "Actual Startup Time": 0.022, "Actual Total Time": 0.031, "Actual Rows": 1, "Actual Loops": 1, "Filter": "(n_name = 'ALGERIA'::bpchar)", "Rows Removed by Filter": 24}]}]}]}]}]}, "Triggers": [], "Planner Runtime": 2, "Total Runtime": 37813.159, "Unique SQL Id": 202076520}}, "(16, 73)": {"explain_plan": {"Plan": {"Node Type": "Sort", "Startup Cost": 6720005.94, "Total Cost": 6720010.94, "Plan Rows": 2000, "Plan Width": 51, "Sort Key": ["supplier.s_name"], "Plans": [{"Node Type": "Hash Join", "Parent Relationship": "Outer", "Join Type": "Right Semi", "Startup Cost": 6425046.57, "Total Cost": 6719896.28, "Plan Rows": 2000, "Plan Width": 51, "Inner Unique": false, "Hash Cond": "(lineitem.l_suppkey = supplier.s_suppkey)", "Plans": [{"Node Type": "Hash Join", "Parent Relationship": "Outer", "Join Type": "Inner", "Startup Cost": 6419358.7, "Total Cost": 6714188.4, "Plan Rows": 2, "Plan Width": 16, "Inner Unique": false, "Hash Cond": "((lineitem.l_partkey = partsupp.ps_partkey) AND (lineitem.l_suppkey = partsupp.ps_suppkey))", "Join Filter": "((partsupp.ps_availqty)::double precision > (.5::double precision * (sum(lineitem.l_quantity))))", "Plans": [{"Node Type": "Aggregate", "Strategy": "Hashed", "Parent Relationship": "Outer", "Startup Cost": 6154458.63, "Total Cost": 6267854.63, "Plan Rows": 9071680, "Plan Width": 40, "Group By Key": ["lineitem.l_partkey", "lineitem.l_suppkey"], "Plans": [{"Node Type": "Index Scan", "Parent Relationship": "Outer", "Scan Direction": "Forward", "Index Name": "idx_lineitem_shipdate", "Relation Name": "lineitem", "Alias": "lineitem", "Startup Cost": 0.0, "Total Cost": 6063741.83, "Plan Rows": 9071680, "Plan Width": 24, "Index Cond": "((l_shipdate >= '1993-01-01 00:00:00'::timestamp(0) without time zone) AND (l_shipdate < '1994-01-01 00:00:00'::timestamp without time zone)), (LLVM Optimized)"}]}, {"Node Type": "Hash", "Parent Relationship": "Inner", "Startup Cost": 263931.78, "Total Cost": 263931.78, "Plan Rows": 64552, "Plan Width": 32, "Plans": [{"Node Type": "Nested Loop", "Parent Relationship": "Outer", "Join Type": "Inner", "Startup Cost": 0.0, "Total Cost": 263931.78, "Plan Rows": 64552, "Plan Width": 32, "Inner Unique": false, "Plans": [{"Node Type": "Index Scan", "Parent Relationship": "Outer", "Scan Direction": "Forward", "Index Name": "part_kpey", "Relation Name": "part", "Alias": "part", "Startup Cost": 0.0, "Total Cost": 105803.25, "Plan Rows": 22472, "Plan Width": 8, "Filter": "((p_name)::text ~~ 'green%'::text)"}, {"Node Type": "Index Scan", "Parent Relationship": "Inner", "Scan Direction": "Forward", "Index Name": "idx_partsupp_partkey", "Relation Name": "partsupp", "Alias": "partsupp", "Startup Cost": 0.0, "Total Cost": 7.01, "Plan Rows": 3, "Plan Width": 24, "Index Cond": "(ps_partkey = part.p_partkey)"}]}]}]}, {"Node Type": "Hash", "Parent Relationship": "Inner", "Startup Cost": 5637.87, "Total Cost": 5637.87, "Plan Rows": 4000, "Plan Width": 59, "Plans": [{"Node Type": "Hash Join", "Parent Relationship": "Outer", "Join Type": "Inner", "Startup Cost": 12.7, "Total Cost": 5637.87, "Plan Rows": 4000, "Plan Width": 59, "Inner Unique": true, "Hash Cond": "(supplier.s_nationkey = nation.n_nationkey)", "Plans": [{"Node Type": "Index Scan", "Parent Relationship": "Outer", "Scan Direction": "Forward", "Index Name": "supplier_pkey", "Relation Name": "supplier", "Alias": "supplier", "Startup Cost": 0.0, "Total Cost": 5334.54, "Plan Rows": 100000, "Plan Width": 63}, {"Node Type": "Hash", "Parent Relationship": "Inner", "Startup Cost": 12.69, "Total Cost": 12.69, "Plan Rows": 1, "Plan Width": 4, "Plans": [{"Node Type": "Index Scan", "Parent Relationship": "Outer", "Scan Direction": "Forward", "Index Name": "nation_pkey", "Relation Name": "nation", "Alias": "nation", "Startup Cost": 0.0, "Total Cost": 12.69, "Plan Rows": 1, "Plan Width": 4, "Filter": "(n_name = 'ALGERIA'::bpchar)"}]}]}]}]}]}, "Unique SQL Id": 202076520, "Planner Runtime": 3}, "explain_analyze_plan": {"Plan": {"Node Type": "Sort", "Startup Cost": 6720005.94, "Total Cost": 6720010.94, "Plan Rows": 2000, "Plan Width": 51, "Actual Startup Time": 39039.162, "Actual Total Time": 39039.331, "Actual Rows": 1746, "Actual Loops": 1, "Sort Key": ["supplier.s_name"], "Sort Method": "quicksort", "Sort Space Used": 309, "Sort Space Type": "Memory", "Plans": [{"Node Type": "Hash Join", "Parent Relationship": "Outer", "Join Type": "Right Semi", "Startup Cost": 6425046.57, "Total Cost": 6719896.28, "Plan Rows": 2000, "Plan Width": 51, "Actual Startup Time": 34097.279, "Actual Total Time": 39029.429, "Actual Rows": 1746, "Actual Loops": 1, "Inner Unique": false, "Hash Cond": "(lineitem.l_suppkey = supplier.s_suppkey)", "Plans": [{"Node Type": "Hash Join", "Parent Relationship": "Outer", "Join Type": "Inner", "Startup Cost": 6419358.7, "Total Cost": 6714188.4, "Plan Rows": 2, "Plan Width": 16, "Actual Startup Time": 33999.919, "Actual Total Time": 38919.433, "Actual Rows": 58537, "Actual Loops": 1, "Inner Unique": false, "Hash Cond": "((lineitem.l_partkey = partsupp.ps_partkey) AND (lineitem.l_suppkey = partsupp.ps_suppkey))", "Join Filter": "((partsupp.ps_availqty)::double precision > (.5::double precision * (sum(lineitem.l_quantity))))", "Rows Removed by Join Filter": 136, "Plans": [{"Node Type": "Aggregate", "Strategy": "Hashed", "Parent Relationship": "Outer", "Startup Cost": 6154458.63, "Total Cost": 6267854.63, "Plan Rows": 9071680, "Plan Width": 40, "Actual Startup Time": 32333.635, "Actual Total Time": 35632.859, "Actual Rows": 5442751, "Actual Loops": 1, "Group By Key": ["lineitem.l_partkey", "lineitem.l_suppkey"], "Plans": [{"Node Type": "Index Scan", "Parent Relationship": "Outer", "Scan Direction": "Forward", "Index Name": "idx_lineitem_shipdate", "Relation Name": "lineitem", "Alias": "lineitem", "Startup Cost": 0.0, "Total Cost": 6063741.83, "Plan Rows": 9071680, "Plan Width": 24, "Actual Startup Time": 0.072, "Actual Total Time": 23659.846, "Actual Rows": 9109641, "Actual Loops": 1, "Index Cond": "((l_shipdate >= '1993-01-01 00:00:00'::timestamp(0) without time zone) AND (l_shipdate < '1994-01-01 00:00:00'::timestamp without time zone)), (LLVM Optimized, Jit Execute)", "Rows Removed by Index Recheck": 0}]}, {"Node Type": "Hash", "Parent Relationship": "Inner", "Startup Cost": 263931.78, "Total Cost": 263931.78, "Plan Rows": 64552, "Plan Width": 32, "Actual Startup Time": 1665.665, "Actual Total Time": 1665.665, "Actual Rows": 86224, "Actual Loops": 1, "Hash Buckets": 65536, "Hash Batches": 1, "Original Hash Batches": 1, "Peak Memory Usage": 5389, "Plans": [{"Node Type": "Nested Loop", "Parent Relationship": "Outer", "Join Type": "Inner", "Startup Cost": 0.0, "Total Cost": 263931.78, "Plan Rows": 64552, "Plan Width": 32, "Actual Startup Time": 0.108, "Actual Total Time": 1628.258, "Actual Rows": 86224, "Actual Loops": 1, "Inner Unique": false, "Plans": [{"Node Type": "Index Scan", "Parent Relationship": "Outer", "Scan Direction": "Forward", "Index Name": "part_kpey", "Relation Name": "part", "Alias": "part", "Startup Cost": 0.0, "Total Cost": 105803.25, "Plan Rows": 22472, "Plan Width": 8, "Actual Startup Time": 0.081, "Actual Total Time": 1405.358, "Actual Rows": 21556, "Actual Loops": 1, "Filter": "((p_name)::text ~~ 'green%'::text)", "Rows Removed by Filter": 1978444}, {"Node Type": "Index Scan", "Parent Relationship": "Inner", "Scan Direction": "Forward", "Index Name": "idx_partsupp_partkey", "Relation Name": "partsupp", "Alias": "partsupp", "Startup Cost": 0.0, "Total Cost": 7.01, "Plan Rows": 3, "Plan Width": 24, "Actual Startup Time": 145.019, "Actual Total Time": 190.577, "Actual Rows": 86224, "Actual Loops": 21556, "Index Cond": "(ps_partkey = part.p_partkey)", "Rows Removed by Index Recheck": 0}]}]}]}, {"Node Type": "Hash", "Parent Relationship": "Inner", "Startup Cost": 5637.87, "Total Cost": 5637.87, "Plan Rows": 4000, "Plan Width": 59, "Actual Startup Time": 90.552, "Actual Total Time": 90.552, "Actual Rows": 3934, "Actual Loops": 1, "Hash Buckets": 32768, "Hash Batches": 1, "Original Hash Batches": 1, "Peak Memory Usage": 368, "Plans": [{"Node Type": "Hash Join", "Parent Relationship": "Outer", "Join Type": "Inner", "Startup Cost": 12.7, "Total Cost": 5637.87, "Plan Rows": 4000, "Plan Width": 59, "Actual Startup Time": 0.125, "Actual Total Time": 88.546, "Actual Rows": 3934, "Actual Loops": 1, "Inner Unique": true, "Hash Cond": "(supplier.s_nationkey = nation.n_nationkey)", "Plans": [{"Node Type": "Index Scan", "Parent Relationship": "Outer", "Scan Direction": "Forward", "Index Name": "supplier_pkey", "Relation Name": "supplier", "Alias": "supplier", "Startup Cost": 0.0, "Total Cost": 5334.54, "Plan Rows": 100000, "Plan Width": 63, "Actual Startup Time": 0.028, "Actual Total Time": 68.521, "Actual Rows": 100000, "Actual Loops": 1}, {"Node Type": "Hash", "Parent Relationship": "Inner", "Startup Cost": 12.69, "Total Cost": 12.69, "Plan Rows": 1, "Plan Width": 4, "Actual Startup Time": 0.03, "Actual Total Time": 0.03, "Actual Rows": 1, "Actual Loops": 1, "Hash Buckets": 32768, "Hash Batches": 1, "Original Hash Batches": 1, "Peak Memory Usage": 1, "Plans": [{"Node Type": "Index Scan", "Parent Relationship": "Outer", "Scan Direction": "Forward", "Index Name": "nation_pkey", "Relation Name": "nation", "Alias": "nation", "Startup Cost": 0.0, "Total Cost": 12.69, "Plan Rows": 1, "Plan Width": 4, "Actual Startup Time": 0.01, "Actual Total Time": 0.025, "Actual Rows": 1, "Actual Loops": 1, "Filter": "(n_name = 'ALGERIA'::bpchar)", "Rows Removed by Filter": 24}]}]}]}]}]}, "Triggers": [], "Planner Runtime": 2, "Total Runtime": 39049.02, "Unique SQL Id": 202076520}}, "(16, 74)": {"explain_plan": {"Plan": {"Node Type": "Sort", "Startup Cost": 3063182.61, "Total Cost": 3063187.61, "Plan Rows": 2000, "Plan Width": 51, "Sort Key": ["supplier.s_name"], "Plans": [{"Node Type": "Hash Join", "Parent Relationship": "Outer", "Join Type": "Right Semi", "Startup Cost": 2768223.24, "Total Cost": 3063072.95, "Plan Rows": 2000, "Plan Width": 51, "Inner Unique": false, "Hash Cond": "(lineitem.l_suppkey = supplier.s_suppkey)", "Plans": [{"Node Type": "Hash Join", "Parent Relationship": "Outer", "Join Type": "Inner", "Startup Cost": 2764598.29, "Total Cost": 3059427.99, "Plan Rows": 2, "Plan Width": 16, "Inner Unique": false, "Hash Cond": "((lineitem.l_partkey = partsupp.ps_partkey) AND (lineitem.l_suppkey = partsupp.ps_suppkey))", "Join Filter": "((partsupp.ps_availqty)::double precision > (.5::double precision * (sum(lineitem.l_quantity))))", "Plans": [{"Node Type": "Aggregate", "Strategy": "Hashed", "Parent Relationship": "Outer", "Startup Cost": 2405767.29, "Total Cost": 2519163.29, "Plan Rows": 9071680, "Plan Width": 40, "Group By Key": ["lineitem.l_partkey", "lineitem.l_suppkey"], "Plans": [{"Node Type": "Seq Scan", "Parent Relationship": "Outer", "Relation Name": "lineitem", "Alias": "lineitem", "Startup Cost": 119.57, "Total Cost": 2315050.5, "Plan Rows": 9071680, "Plan Width": 24, "Filter": "((l_shipdate >= '1993-01-01 00:00:00'::timestamp(0) without time zone) AND (l_shipdate < '1994-01-01 00:00:00'::timestamp without time zone)), (LLVM Optimized)"}]}, {"Node Type": "Hash", "Parent Relationship": "Inner", "Startup Cost": 357862.71, "Total Cost": 357862.71, "Plan Rows": 64552, "Plan Width": 32, "Plans": [{"Node Type": "Hash Join", "Parent Relationship": "Outer", "Join Type": "Inner", "Startup Cost": 67224.9, "Total Cost": 357862.71, "Plan Rows": 64552, "Plan Width": 32, "Inner Unique": true, "Hash Cond": "(partsupp.ps_partkey = part.p_partkey)", "Plans": [{"Node Type": "Seq Scan", "Parent Relationship": "Outer", "Relation Name": "partsupp", "Alias": "partsupp", "Startup Cost": 0.0, "Total Cost": 269987.72, "Plan Rows": 8000372, "Plan Width": 24}, {"Node Type": "Hash", "Parent Relationship": "Inner", "Startup Cost": 66944.0, "Total Cost": 66944.0, "Plan Rows": 22472, "Plan Width": 8, "Plans": [{"Node Type": "Seq Scan", "Parent Relationship": "Outer", "Relation Name": "part", "Alias": "part", "Startup Cost": 0.0, "Total Cost": 66944.0, "Plan Rows": 22472, "Plan Width": 8, "Filter": "((p_name)::text ~~ 'green%'::text)"}]}]}]}]}, {"Node Type": "Hash", "Parent Relationship": "Inner", "Startup Cost": 3574.95, "Total Cost": 3574.95, "Plan Rows": 4000, "Plan Width": 59, "Plans": [{"Node Type": "Hash Join", "Parent Relationship": "Outer", "Join Type": "Inner", "Startup Cost": 1.32, "Total Cost": 3574.95, "Plan Rows": 4000, "Plan Width": 59, "Inner Unique": true, "Hash Cond": "(supplier.s_nationkey = nation.n_nationkey)", "Plans": [{"Node Type": "Seq Scan", "Parent Relationship": "Outer", "Relation Name": "supplier", "Alias": "supplier", "Startup Cost": 0.0, "Total Cost": 3283.0, "Plan Rows": 100000, "Plan Width": 63}, {"Node Type": "Hash", "Parent Relationship": "Inner", "Startup Cost": 1.31, "Total Cost": 1.31, "Plan Rows": 1, "Plan Width": 4, "Plans": [{"Node Type": "Seq Scan", "Parent Relationship": "Outer", "Relation Name": "nation", "Alias": "nation", "Startup Cost": 0.0, "Total Cost": 1.31, "Plan Rows": 1, "Plan Width": 4, "Filter": "(n_name = 'ALGERIA'::bpchar)"}]}]}]}]}]}, "Unique SQL Id": 202076520, "Planner Runtime": 3}, "explain_analyze_plan": {"Plan": {"Node Type": "Sort", "Startup Cost": 3063182.61, "Total Cost": 3063187.61, "Plan Rows": 2000, "Plan Width": 51, "Actual Startup Time": 42067.09, "Actual Total Time": 42067.236, "Actual Rows": 1746, "Actual Loops": 1, "Sort Key": ["supplier.s_name"], "Sort Method": "quicksort", "Sort Space Used": 309, "Sort Space Type": "Memory", "Plans": [{"Node Type": "Hash Join", "Parent Relationship": "Outer", "Join Type": "Right Semi", "Startup Cost": 2768223.24, "Total Cost": 3063072.95, "Plan Rows": 2000, "Plan Width": 51, "Actual Startup Time": 36615.589, "Actual Total Time": 42057.075, "Actual Rows": 1746, "Actual Loops": 1, "Inner Unique": false, "Hash Cond": "(lineitem.l_suppkey = supplier.s_suppkey)", "Plans": [{"Node Type": "Hash Join", "Parent Relationship": "Outer", "Join Type": "Inner", "Startup Cost": 2764598.29, "Total Cost": 3059427.99, "Plan Rows": 2, "Plan Width": 16, "Actual Startup Time": 36558.189, "Actual Total Time": 41986.014, "Actual Rows": 58537, "Actual Loops": 1, "Inner Unique": false, "Hash Cond": "((lineitem.l_partkey = partsupp.ps_partkey) AND (lineitem.l_suppkey = partsupp.ps_suppkey))", "Join Filter": "((partsupp.ps_availqty)::double precision > (.5::double precision * (sum(lineitem.l_quantity))))", "Rows Removed by Join Filter": 136, "Plans": [{"Node Type": "Aggregate", "Strategy": "Hashed", "Parent Relationship": "Outer", "Startup Cost": 2405767.29, "Total Cost": 2519163.29, "Plan Rows": 9071680, "Plan Width": 40, "Actual Startup Time": 31817.711, "Actual Total Time": 35651.035, "Actual Rows": 5442751, "Actual Loops": 1, "Group By Key": ["lineitem.l_partkey", "lineitem.l_suppkey"], "Plans": [{"Node Type": "Seq Scan", "Parent Relationship": "Outer", "Relation Name": "lineitem", "Alias": "lineitem", "Startup Cost": 119.57, "Total Cost": 2315050.5, "Plan Rows": 9071680, "Plan Width": 24, "Actual Startup Time": 0.068, "Actual Total Time": 23278.46, "Actual Rows": 9109641, "Actual Loops": 1, "Filter": "((l_shipdate >= '1993-01-01 00:00:00'::timestamp(0) without time zone) AND (l_shipdate < '1994-01-01 00:00:00'::timestamp without time zone)), (LLVM Optimized, Jit Execute)", "Rows Removed by Filter": 50876411}]}, {"Node Type": "Hash", "Parent Relationship": "Inner", "Startup Cost": 357862.71, "Total Cost": 357862.71, "Plan Rows": 64552, "Plan Width": 32, "Actual Startup Time": 4740.208, "Actual Total Time": 4740.208, "Actual Rows": 86224, "Actual Loops": 1, "Hash Buckets": 65536, "Hash Batches": 1, "Original Hash Batches": 1, "Peak Memory Usage": 5389, "Plans": [{"Node Type": "Hash Join", "Parent Relationship": "Outer", "Join Type": "Inner", "Startup Cost": 67224.9, "Total Cost": 357862.71, "Plan Rows": 64552, "Plan Width": 32, "Actual Startup Time": 777.012, "Actual Total Time": 4700.651, "Actual Rows": 86224, "Actual Loops": 1, "Inner Unique": true, "Hash Cond": "(partsupp.ps_partkey = part.p_partkey)", "Plans": [{"Node Type": "Seq Scan", "Parent Relationship": "Outer", "Relation Name": "partsupp", "Alias": "partsupp", "Startup Cost": 0.0, "Total Cost": 269987.72, "Plan Rows": 8000372, "Plan Width": 24, "Actual Startup Time": 0.019, "Actual Total Time": 2377.214, "Actual Rows": 8000000, "Actual Loops": 1}, {"Node Type": "Hash", "Parent Relationship": "Inner", "Startup Cost": 66944.0, "Total Cost": 66944.0, "Plan Rows": 22472, "Plan Width": 8, "Actual Startup Time": 776.854, "Actual Total Time": 776.854, "Actual Rows": 21556, "Actual Loops": 1, "Hash Buckets": 32768, "Hash Batches": 1, "Original Hash Batches": 1, "Peak Memory Usage": 843, "Plans": [{"Node Type": "Seq Scan", "Parent Relationship": "Outer", "Relation Name": "part", "Alias": "part", "Startup Cost": 0.0, "Total Cost": 66944.0, "Plan Rows": 22472, "Plan Width": 8, "Actual Startup Time": 0.039, "Actual Total Time": 769.293, "Actual Rows": 21556, "Actual Loops": 1, "Filter": "((p_name)::text ~~ 'green%'::text)", "Rows Removed by Filter": 1978444}]}]}]}]}, {"Node Type": "Hash", "Parent Relationship": "Inner", "Startup Cost": 3574.95, "Total Cost": 3574.95, "Plan Rows": 4000, "Plan Width": 59, "Actual Startup Time": 49.36, "Actual Total Time": 49.36, "Actual Rows": 3934, "Actual Loops": 1, "Hash Buckets": 32768, "Hash Batches": 1, "Original Hash Batches": 1, "Peak Memory Usage": 368, "Plans": [{"Node Type": "Hash Join", "Parent Relationship": "Outer", "Join Type": "Inner", "Startup Cost": 1.32, "Total Cost": 3574.95, "Plan Rows": 4000, "Plan Width": 59, "Actual Startup Time": 0.102, "Actual Total Time": 47.923, "Actual Rows": 3934, "Actual Loops": 1, "Inner Unique": true, "Hash Cond": "(supplier.s_nationkey = nation.n_nationkey)", "Plans": [{"Node Type": "Seq Scan", "Parent Relationship": "Outer", "Relation Name": "supplier", "Alias": "supplier", "Startup Cost": 0.0, "Total Cost": 3283.0, "Plan Rows": 100000, "Plan Width": 63, "Actual Startup Time": 0.02, "Actual Total Time": 28.009, "Actual Rows": 100000, "Actual Loops": 1}, {"Node Type": "Hash", "Parent Relationship": "Inner", "Startup Cost": 1.31, "Total Cost": 1.31, "Plan Rows": 1, "Plan Width": 4, "Actual Startup Time": 0.041, "Actual Total Time": 0.041, "Actual Rows": 1, "Actual Loops": 1, "Hash Buckets": 32768, "Hash Batches": 1, "Original Hash Batches": 1, "Peak Memory Usage": 1, "Plans": [{"Node Type": "Seq Scan", "Parent Relationship": "Outer", "Relation Name": "nation", "Alias": "nation", "Startup Cost": 0.0, "Total Cost": 1.31, "Plan Rows": 1, "Plan Width": 4, "Actual Startup Time": 0.022, "Actual Total Time": 0.03, "Actual Rows": 1, "Actual Loops": 1, "Filter": "(n_name = 'ALGERIA'::bpchar)", "Rows Removed by Filter": 24}]}]}]}]}]}, "Triggers": [], "Planner Runtime": 2, "Total Runtime": 42076.817, "Unique SQL Id": 202076520}}, "(16, 75)": {"explain_plan": {"Plan": {"Node Type": "Sort", "Startup Cost": 5001905877835.34, "Total Cost": 5001905877840.34, "Plan Rows": 2000, "Plan Width": 51, "Sort Key": ["supplier.s_name"], "Plans": [{"Node Type": "Nested Loop", "Parent Relationship": "Outer", "Join Type": "Semi", "Startup Cost": 3020816056870.46, "Total Cost": 5001905877725.68, "Plan Rows": 2000, "Plan Width": 51, "Inner Unique": false, "Plans": [{"Node Type": "Merge Join", "Parent Relationship": "Outer", "Join Type": "Inner", "Startup Cost": 20000000000.0, "Total Cost": 2000001219135.53, "Plan Rows": 4000, "Plan Width": 59, "Inner Unique": true, "Merge Cond": "(supplier.s_nationkey = nation.n_nationkey)", "Plans": [{"Node Type": "Index Scan", "Parent Relationship": "Outer", "Scan Direction": "Forward", "Index Name": "idx_supplier_nation_key", "Relation Name": "supplier", "Alias": "supplier", "Startup Cost": 10000000000.0, "Total Cost": 1000001217556.78, "Plan Rows": 100000, "Plan Width": 63}, {"Node Type": "Materialize", "Parent Relationship": "Inner", "Startup Cost": 10000000000.0, "Total Cost": 1000000001268.75, "Plan Rows": 1, "Plan Width": 4, "Plans": [{"Node Type": "Index Scan", "Parent Relationship": "Outer", "Scan Direction": "Forward", "Index Name": "nation_pkey", "Relation Name": "nation", "Alias": "nation", "Startup Cost": 10000000000.0, "Total Cost": 1000000001268.75, "Plan Rows": 1, "Plan Width": 4, "Filter": "(n_name = 'ALGERIA'::bpchar)"}]}]}, {"Node Type": "Hash Join", "Parent Relationship": "Inner", "Join Type": "Inner", "Startup Cost": 3000816056870.46, "Total Cost": 3000816329020.88, "Plan Rows": 1, "Plan Width": 16, "Inner Unique": false, "Hash Cond": "((lineitem.l_partkey = partsupp.ps_partkey) AND (lineitem.l_suppkey = partsupp.ps_suppkey))", "Join Filter": "((supplier.s_suppkey = lineitem.l_suppkey) AND ((partsupp.ps_availqty)::double precision > (.5::double precision * (sum(lineitem.l_quantity)))))", "Plans": [{"Node Type": "Aggregate", "Strategy": "Hashed", "Parent Relationship": "Outer", "Startup Cost": 1000805475552.94, "Total Cost": 1000805588948.94, "Plan Rows": 9071680, "Plan Width": 40, "Group By Key": ["lineitem.l_partkey", "lineitem.l_suppkey"], "Plans": [{"Node Type": "Index Scan", "Parent Relationship": "Outer", "Scan Direction": "Forward", "Index Name": "idx_lineitem_part_supp", "Relation Name": "lineitem", "Alias": "lineitem", "Startup Cost": 10000000000.0, "Total Cost": 1000805384836.14, "Plan Rows": 9071680, "Plan Width": 24, "Filter": "((l_shipdate >= '1993-01-01 00:00:00'::timestamp(0) without time zone) AND (l_shipdate < '1994-01-01 00:00:00'::timestamp without time zone)), (LLVM Optimized)"}]}, {"Node Type": "Hash", "Parent Relationship": "Inner", "Startup Cost": 2000010581317.5, "Total Cost": 2000010581317.5, "Plan Rows": 1, "Plan Width": 32, "Plans": [{"Node Type": "Hash Join", "Parent Relationship": "Outer", "Join Type": "Right Semi", "Startup Cost": 1010000000932.76, "Total Cost": 2000010581317.5, "Plan Rows": 1, "Plan Width": 32, "Inner Unique": false, "Hash Cond": "(part.p_partkey = partsupp.ps_partkey)", "Plans": [{"Node Type": "Index Scan", "Parent Relationship": "Outer", "Scan Direction": "Forward", "Index Name": "part_kpey", "Relation Name": "part", "Alias": "part", "Startup Cost": 10000000000.0, "Total Cost": 1000010580325.0, "Plan Rows": 22472, "Plan Width": 8, "Filter": "((p_name)::text ~~ 'green%'::text)"}, {"Node Type": "Hash", "Parent Relationship": "Inner", "Startup Cost": 1000000000932.6, "Total Cost": 1000000000932.6, "Plan Rows": 13, "Plan Width": 24, "Plans": [{"Node Type": "Index Scan", "Parent Relationship": "Outer", "Scan Direction": "Forward", "Index Name": "idx_partsupp_suppkey", "Relation Name": "partsupp", "Alias": "partsupp", "Startup Cost": 10000000000.0, "Total Cost": 1000000000932.6, "Plan Rows": 13, "Plan Width": 24, "Index Cond": "(ps_suppkey = supplier.s_suppkey)"}]}]}]}]}]}]}, "Unique SQL Id": 202076520, "Planner Runtime": 3}, "explain_analyze_plan": null}, "(16, 76)": {"explain_plan": {"Plan": {"Node Type": "Sort", "Startup Cost": 2930392.43, "Total Cost": 2930397.43, "Plan Rows": 2000, "Plan Width": 51, "Sort Key": ["supplier.s_name"], "Plans": [{"Node Type": "Hash Join", "Parent Relationship": "Outer", "Join Type": "Right Semi", "Startup Cost": 2635433.06, "Total Cost": 2930282.77, "Plan Rows": 2000, "Plan Width": 51, "Inner Unique": false, "Hash Cond": "(lineitem.l_suppkey = supplier.s_suppkey)", "Plans": [{"Node Type": "Hash Join", "Parent Relationship": "Outer", "Join Type": "Inner", "Startup Cost": 2631808.11, "Total Cost": 2926637.81, "Plan Rows": 2, "Plan Width": 16, "Inner Unique": false, "Hash Cond": "((lineitem.l_partkey = partsupp.ps_partkey) AND (lineitem.l_suppkey = partsupp.ps_suppkey))", "Join Filter": "((partsupp.ps_availqty)::double precision > (.5::double precision * (sum(lineitem.l_quantity))))", "Plans": [{"Node Type": "Aggregate", "Strategy": "Hashed", "Parent Relationship": "Outer", "Startup Cost": 2405767.29, "Total Cost": 2519163.29, "Plan Rows": 9071680, "Plan Width": 40, "Group By Key": ["lineitem.l_partkey", "lineitem.l_suppkey"], "Plans": [{"Node Type": "Seq Scan", "Parent Relationship": "Outer", "Relation Name": "lineitem", "Alias": "lineitem", "Startup Cost": 119.57, "Total Cost": 2315050.5, "Plan Rows": 9071680, "Plan Width": 24, "Filter": "((l_shipdate >= '1993-01-01 00:00:00'::timestamp(0) without time zone) AND (l_shipdate < '1994-01-01 00:00:00'::timestamp without time zone)), (LLVM Optimized)"}]}, {"Node Type": "Hash", "Parent Relationship": "Inner", "Startup Cost": 225072.53, "Total Cost": 225072.53, "Plan Rows": 64552, "Plan Width": 32, "Plans": [{"Node Type": "Nested Loop", "Parent Relationship": "Outer", "Join Type": "Inner", "Startup Cost": 0.0, "Total Cost": 225072.53, "Plan Rows": 64552, "Plan Width": 32, "Inner Unique": false, "Plans": [{"Node Type": "Seq Scan", "Parent Relationship": "Outer", "Relation Name": "part", "Alias": "part", "Startup Cost": 0.0, "Total Cost": 66944.0, "Plan Rows": 22472, "Plan Width": 8, "Filter": "((p_name)::text ~~ 'green%'::text)"}, {"Node Type": "Index Scan", "Parent Relationship": "Inner", "Scan Direction": "Forward", "Index Name": "idx_partsupp_partkey", "Relation Name": "partsupp", "Alias": "partsupp", "Startup Cost": 0.0, "Total Cost": 7.01, "Plan Rows": 3, "Plan Width": 24, "Index Cond": "(ps_partkey = part.p_partkey)"}]}]}]}, {"Node Type": "Hash", "Parent Relationship": "Inner", "Startup Cost": 3574.95, "Total Cost": 3574.95, "Plan Rows": 4000, "Plan Width": 59, "Plans": [{"Node Type": "Hash Join", "Parent Relationship": "Outer", "Join Type": "Inner", "Startup Cost": 1.32, "Total Cost": 3574.95, "Plan Rows": 4000, "Plan Width": 59, "Inner Unique": true, "Hash Cond": "(supplier.s_nationkey = nation.n_nationkey)", "Plans": [{"Node Type": "Seq Scan", "Parent Relationship": "Outer", "Relation Name": "supplier", "Alias": "supplier", "Startup Cost": 0.0, "Total Cost": 3283.0, "Plan Rows": 100000, "Plan Width": 63}, {"Node Type": "Hash", "Parent Relationship": "Inner", "Startup Cost": 1.31, "Total Cost": 1.31, "Plan Rows": 1, "Plan Width": 4, "Plans": [{"Node Type": "Seq Scan", "Parent Relationship": "Outer", "Relation Name": "nation", "Alias": "nation", "Startup Cost": 0.0, "Total Cost": 1.31, "Plan Rows": 1, "Plan Width": 4, "Filter": "(n_name = 'ALGERIA'::bpchar)"}]}]}]}]}]}, "Unique SQL Id": 202076520, "Planner Runtime": 3}, "explain_analyze_plan": {"Plan": {"Node Type": "Sort", "Startup Cost": 2930392.43, "Total Cost": 2930397.43, "Plan Rows": 2000, "Plan Width": 51, "Actual Startup Time": 37803.483, "Actual Total Time": 37803.647, "Actual Rows": 1746, "Actual Loops": 1, "Sort Key": ["supplier.s_name"], "Sort Method": "quicksort", "Sort Space Used": 309, "Sort Space Type": "Memory", "Plans": [{"Node Type": "Hash Join", "Parent Relationship": "Outer", "Join Type": "Right Semi", "Startup Cost": 2635433.06, "Total Cost": 2930282.77, "Plan Rows": 2000, "Plan Width": 51, "Actual Startup Time": 33008.608, "Actual Total Time": 37793.512, "Actual Rows": 1746, "Actual Loops": 1, "Inner Unique": false, "Hash Cond": "(lineitem.l_suppkey = supplier.s_suppkey)", "Plans": [{"Node Type": "Hash Join", "Parent Relationship": "Outer", "Join Type": "Inner", "Startup Cost": 2631808.11, "Total Cost": 2926637.81, "Plan Rows": 2, "Plan Width": 16, "Actual Startup Time": 32952.992, "Actual Total Time": 37725.643, "Actual Rows": 58537, "Actual Loops": 1, "Inner Unique": false, "Hash Cond": "((lineitem.l_partkey = partsupp.ps_partkey) AND (lineitem.l_suppkey = partsupp.ps_suppkey))", "Join Filter": "((partsupp.ps_availqty)::double precision > (.5::double precision * (sum(lineitem.l_quantity))))", "Rows Removed by Join Filter": 136, "Plans": [{"Node Type": "Aggregate", "Strategy": "Hashed", "Parent Relationship": "Outer", "Startup Cost": 2405767.29, "Total Cost": 2519163.29, "Plan Rows": 9071680, "Plan Width": 40, "Actual Startup Time": 31930.263, "Actual Total Time": 35125.861, "Actual Rows": 5442751, "Actual Loops": 1, "Group By Key": ["lineitem.l_partkey", "lineitem.l_suppkey"], "Plans": [{"Node Type": "Seq Scan", "Parent Relationship": "Outer", "Relation Name": "lineitem", "Alias": "lineitem", "Startup Cost": 119.57, "Total Cost": 2315050.5, "Plan Rows": 9071680, "Plan Width": 24, "Actual Startup Time": 0.034, "Actual Total Time": 23479.645, "Actual Rows": 9109641, "Actual Loops": 1, "Filter": "((l_shipdate >= '1993-01-01 00:00:00'::timestamp(0) without time zone) AND (l_shipdate < '1994-01-01 00:00:00'::timestamp without time zone)), (LLVM Optimized, Jit Execute)", "Rows Removed by Filter": 50876411}]}, {"Node Type": "Hash", "Parent Relationship": "Inner", "Startup Cost": 225072.53, "Total Cost": 225072.53, "Plan Rows": 64552, "Plan Width": 32, "Actual Startup Time": 1022.342, "Actual Total Time": 1022.342, "Actual Rows": 86224, "Actual Loops": 1, "Hash Buckets": 65536, "Hash Batches": 1, "Original Hash Batches": 1, "Peak Memory Usage": 5389, "Plans": [{"Node Type": "Nested Loop", "Parent Relationship": "Outer", "Join Type": "Inner", "Startup Cost": 0.0, "Total Cost": 225072.53, "Plan Rows": 64552, "Plan Width": 32, "Actual Startup Time": 0.079, "Actual Total Time": 987.117, "Actual Rows": 86224, "Actual Loops": 1, "Inner Unique": false, "Plans": [{"Node Type": "Seq Scan", "Parent Relationship": "Outer", "Relation Name": "part", "Alias": "part", "Startup Cost": 0.0, "Total Cost": 66944.0, "Plan Rows": 22472, "Plan Width": 8, "Actual Startup Time": 0.039, "Actual Total Time": 775.085, "Actual Rows": 21556, "Actual Loops": 1, "Filter": "((p_name)::text ~~ 'green%'::text)", "Rows Removed by Filter": 1978444}, {"Node Type": "Index Scan", "Parent Relationship": "Inner", "Scan Direction": "Forward", "Index Name": "idx_partsupp_partkey", "Relation Name": "partsupp", "Alias": "partsupp", "Startup Cost": 0.0, "Total Cost": 7.01, "Plan Rows": 3, "Plan Width": 24, "Actual Startup Time": 134.916, "Actual Total Time": 179.467, "Actual Rows": 86224, "Actual Loops": 21556, "Index Cond": "(ps_partkey = part.p_partkey)", "Rows Removed by Index Recheck": 0}]}]}]}, {"Node Type": "Hash", "Parent Relationship": "Inner", "Startup Cost": 3574.95, "Total Cost": 3574.95, "Plan Rows": 4000, "Plan Width": 59, "Actual Startup Time": 49.334, "Actual Total Time": 49.334, "Actual Rows": 3934, "Actual Loops": 1, "Hash Buckets": 32768, "Hash Batches": 1, "Original Hash Batches": 1, "Peak Memory Usage": 368, "Plans": [{"Node Type": "Hash Join", "Parent Relationship": "Outer", "Join Type": "Inner", "Startup Cost": 1.32, "Total Cost": 3574.95, "Plan Rows": 4000, "Plan Width": 59, "Actual Startup Time": 0.101, "Actual Total Time": 47.871, "Actual Rows": 3934, "Actual Loops": 1, "Inner Unique": true, "Hash Cond": "(supplier.s_nationkey = nation.n_nationkey)", "Plans": [{"Node Type": "Seq Scan", "Parent Relationship": "Outer", "Relation Name": "supplier", "Alias": "supplier", "Startup Cost": 0.0, "Total Cost": 3283.0, "Plan Rows": 100000, "Plan Width": 63, "Actual Startup Time": 0.019, "Actual Total Time": 27.956, "Actual Rows": 100000, "Actual Loops": 1}, {"Node Type": "Hash", "Parent Relationship": "Inner", "Startup Cost": 1.31, "Total Cost": 1.31, "Plan Rows": 1, "Plan Width": 4, "Actual Startup Time": 0.037, "Actual Total Time": 0.037, "Actual Rows": 1, "Actual Loops": 1, "Hash Buckets": 32768, "Hash Batches": 1, "Original Hash Batches": 1, "Peak Memory Usage": 1, "Plans": [{"Node Type": "Seq Scan", "Parent Relationship": "Outer", "Relation Name": "nation", "Alias": "nation", "Startup Cost": 0.0, "Total Cost": 1.31, "Plan Rows": 1, "Plan Width": 4, "Actual Startup Time": 0.022, "Actual Total Time": 0.031, "Actual Rows": 1, "Actual Loops": 1, "Filter": "(n_name = 'ALGERIA'::bpchar)", "Rows Removed by Filter": 24}]}]}]}]}]}, "Triggers": [], "Planner Runtime": 2, "Total Runtime": 37813.159, "Unique SQL Id": 202076520}}, "(16, 77)": {"explain_plan": {"Plan": {"Node Type": "Sort", "Startup Cost": 6720005.94, "Total Cost": 6720010.94, "Plan Rows": 2000, "Plan Width": 51, "Sort Key": ["supplier.s_name"], "Plans": [{"Node Type": "Hash Join", "Parent Relationship": "Outer", "Join Type": "Right Semi", "Startup Cost": 6425046.57, "Total Cost": 6719896.28, "Plan Rows": 2000, "Plan Width": 51, "Inner Unique": false, "Hash Cond": "(lineitem.l_suppkey = supplier.s_suppkey)", "Plans": [{"Node Type": "Hash Join", "Parent Relationship": "Outer", "Join Type": "Inner", "Startup Cost": 6419358.7, "Total Cost": 6714188.4, "Plan Rows": 2, "Plan Width": 16, "Inner Unique": false, "Hash Cond": "((lineitem.l_partkey = partsupp.ps_partkey) AND (lineitem.l_suppkey = partsupp.ps_suppkey))", "Join Filter": "((partsupp.ps_availqty)::double precision > (.5::double precision * (sum(lineitem.l_quantity))))", "Plans": [{"Node Type": "Aggregate", "Strategy": "Hashed", "Parent Relationship": "Outer", "Startup Cost": 6154458.63, "Total Cost": 6267854.63, "Plan Rows": 9071680, "Plan Width": 40, "Group By Key": ["lineitem.l_partkey", "lineitem.l_suppkey"], "Plans": [{"Node Type": "Index Scan", "Parent Relationship": "Outer", "Scan Direction": "Forward", "Index Name": "idx_lineitem_shipdate", "Relation Name": "lineitem", "Alias": "lineitem", "Startup Cost": 0.0, "Total Cost": 6063741.83, "Plan Rows": 9071680, "Plan Width": 24, "Index Cond": "((l_shipdate >= '1993-01-01 00:00:00'::timestamp(0) without time zone) AND (l_shipdate < '1994-01-01 00:00:00'::timestamp without time zone)), (LLVM Optimized)"}]}, {"Node Type": "Hash", "Parent Relationship": "Inner", "Startup Cost": 263931.78, "Total Cost": 263931.78, "Plan Rows": 64552, "Plan Width": 32, "Plans": [{"Node Type": "Nested Loop", "Parent Relationship": "Outer", "Join Type": "Inner", "Startup Cost": 0.0, "Total Cost": 263931.78, "Plan Rows": 64552, "Plan Width": 32, "Inner Unique": false, "Plans": [{"Node Type": "Index Scan", "Parent Relationship": "Outer", "Scan Direction": "Forward", "Index Name": "part_kpey", "Relation Name": "part", "Alias": "part", "Startup Cost": 0.0, "Total Cost": 105803.25, "Plan Rows": 22472, "Plan Width": 8, "Filter": "((p_name)::text ~~ 'green%'::text)"}, {"Node Type": "Index Scan", "Parent Relationship": "Inner", "Scan Direction": "Forward", "Index Name": "idx_partsupp_partkey", "Relation Name": "partsupp", "Alias": "partsupp", "Startup Cost": 0.0, "Total Cost": 7.01, "Plan Rows": 3, "Plan Width": 24, "Index Cond": "(ps_partkey = part.p_partkey)"}]}]}]}, {"Node Type": "Hash", "Parent Relationship": "Inner", "Startup Cost": 5637.87, "Total Cost": 5637.87, "Plan Rows": 4000, "Plan Width": 59, "Plans": [{"Node Type": "Hash Join", "Parent Relationship": "Outer", "Join Type": "Inner", "Startup Cost": 12.7, "Total Cost": 5637.87, "Plan Rows": 4000, "Plan Width": 59, "Inner Unique": true, "Hash Cond": "(supplier.s_nationkey = nation.n_nationkey)", "Plans": [{"Node Type": "Index Scan", "Parent Relationship": "Outer", "Scan Direction": "Forward", "Index Name": "supplier_pkey", "Relation Name": "supplier", "Alias": "supplier", "Startup Cost": 0.0, "Total Cost": 5334.54, "Plan Rows": 100000, "Plan Width": 63}, {"Node Type": "Hash", "Parent Relationship": "Inner", "Startup Cost": 12.69, "Total Cost": 12.69, "Plan Rows": 1, "Plan Width": 4, "Plans": [{"Node Type": "Index Scan", "Parent Relationship": "Outer", "Scan Direction": "Forward", "Index Name": "nation_pkey", "Relation Name": "nation", "Alias": "nation", "Startup Cost": 0.0, "Total Cost": 12.69, "Plan Rows": 1, "Plan Width": 4, "Filter": "(n_name = 'ALGERIA'::bpchar)"}]}]}]}]}]}, "Unique SQL Id": 202076520, "Planner Runtime": 3}, "explain_analyze_plan": {"Plan": {"Node Type": "Sort", "Startup Cost": 6720005.94, "Total Cost": 6720010.94, "Plan Rows": 2000, "Plan Width": 51, "Actual Startup Time": 39039.162, "Actual Total Time": 39039.331, "Actual Rows": 1746, "Actual Loops": 1, "Sort Key": ["supplier.s_name"], "Sort Method": "quicksort", "Sort Space Used": 309, "Sort Space Type": "Memory", "Plans": [{"Node Type": "Hash Join", "Parent Relationship": "Outer", "Join Type": "Right Semi", "Startup Cost": 6425046.57, "Total Cost": 6719896.28, "Plan Rows": 2000, "Plan Width": 51, "Actual Startup Time": 34097.279, "Actual Total Time": 39029.429, "Actual Rows": 1746, "Actual Loops": 1, "Inner Unique": false, "Hash Cond": "(lineitem.l_suppkey = supplier.s_suppkey)", "Plans": [{"Node Type": "Hash Join", "Parent Relationship": "Outer", "Join Type": "Inner", "Startup Cost": 6419358.7, "Total Cost": 6714188.4, "Plan Rows": 2, "Plan Width": 16, "Actual Startup Time": 33999.919, "Actual Total Time": 38919.433, "Actual Rows": 58537, "Actual Loops": 1, "Inner Unique": false, "Hash Cond": "((lineitem.l_partkey = partsupp.ps_partkey) AND (lineitem.l_suppkey = partsupp.ps_suppkey))", "Join Filter": "((partsupp.ps_availqty)::double precision > (.5::double precision * (sum(lineitem.l_quantity))))", "Rows Removed by Join Filter": 136, "Plans": [{"Node Type": "Aggregate", "Strategy": "Hashed", "Parent Relationship": "Outer", "Startup Cost": 6154458.63, "Total Cost": 6267854.63, "Plan Rows": 9071680, "Plan Width": 40, "Actual Startup Time": 32333.635, "Actual Total Time": 35632.859, "Actual Rows": 5442751, "Actual Loops": 1, "Group By Key": ["lineitem.l_partkey", "lineitem.l_suppkey"], "Plans": [{"Node Type": "Index Scan", "Parent Relationship": "Outer", "Scan Direction": "Forward", "Index Name": "idx_lineitem_shipdate", "Relation Name": "lineitem", "Alias": "lineitem", "Startup Cost": 0.0, "Total Cost": 6063741.83, "Plan Rows": 9071680, "Plan Width": 24, "Actual Startup Time": 0.072, "Actual Total Time": 23659.846, "Actual Rows": 9109641, "Actual Loops": 1, "Index Cond": "((l_shipdate >= '1993-01-01 00:00:00'::timestamp(0) without time zone) AND (l_shipdate < '1994-01-01 00:00:00'::timestamp without time zone)), (LLVM Optimized, Jit Execute)", "Rows Removed by Index Recheck": 0}]}, {"Node Type": "Hash", "Parent Relationship": "Inner", "Startup Cost": 263931.78, "Total Cost": 263931.78, "Plan Rows": 64552, "Plan Width": 32, "Actual Startup Time": 1665.665, "Actual Total Time": 1665.665, "Actual Rows": 86224, "Actual Loops": 1, "Hash Buckets": 65536, "Hash Batches": 1, "Original Hash Batches": 1, "Peak Memory Usage": 5389, "Plans": [{"Node Type": "Nested Loop", "Parent Relationship": "Outer", "Join Type": "Inner", "Startup Cost": 0.0, "Total Cost": 263931.78, "Plan Rows": 64552, "Plan Width": 32, "Actual Startup Time": 0.108, "Actual Total Time": 1628.258, "Actual Rows": 86224, "Actual Loops": 1, "Inner Unique": false, "Plans": [{"Node Type": "Index Scan", "Parent Relationship": "Outer", "Scan Direction": "Forward", "Index Name": "part_kpey", "Relation Name": "part", "Alias": "part", "Startup Cost": 0.0, "Total Cost": 105803.25, "Plan Rows": 22472, "Plan Width": 8, "Actual Startup Time": 0.081, "Actual Total Time": 1405.358, "Actual Rows": 21556, "Actual Loops": 1, "Filter": "((p_name)::text ~~ 'green%'::text)", "Rows Removed by Filter": 1978444}, {"Node Type": "Index Scan", "Parent Relationship": "Inner", "Scan Direction": "Forward", "Index Name": "idx_partsupp_partkey", "Relation Name": "partsupp", "Alias": "partsupp", "Startup Cost": 0.0, "Total Cost": 7.01, "Plan Rows": 3, "Plan Width": 24, "Actual Startup Time": 145.019, "Actual Total Time": 190.577, "Actual Rows": 86224, "Actual Loops": 21556, "Index Cond": "(ps_partkey = part.p_partkey)", "Rows Removed by Index Recheck": 0}]}]}]}, {"Node Type": "Hash", "Parent Relationship": "Inner", "Startup Cost": 5637.87, "Total Cost": 5637.87, "Plan Rows": 4000, "Plan Width": 59, "Actual Startup Time": 90.552, "Actual Total Time": 90.552, "Actual Rows": 3934, "Actual Loops": 1, "Hash Buckets": 32768, "Hash Batches": 1, "Original Hash Batches": 1, "Peak Memory Usage": 368, "Plans": [{"Node Type": "Hash Join", "Parent Relationship": "Outer", "Join Type": "Inner", "Startup Cost": 12.7, "Total Cost": 5637.87, "Plan Rows": 4000, "Plan Width": 59, "Actual Startup Time": 0.125, "Actual Total Time": 88.546, "Actual Rows": 3934, "Actual Loops": 1, "Inner Unique": true, "Hash Cond": "(supplier.s_nationkey = nation.n_nationkey)", "Plans": [{"Node Type": "Index Scan", "Parent Relationship": "Outer", "Scan Direction": "Forward", "Index Name": "supplier_pkey", "Relation Name": "supplier", "Alias": "supplier", "Startup Cost": 0.0, "Total Cost": 5334.54, "Plan Rows": 100000, "Plan Width": 63, "Actual Startup Time": 0.028, "Actual Total Time": 68.521, "Actual Rows": 100000, "Actual Loops": 1}, {"Node Type": "Hash", "Parent Relationship": "Inner", "Startup Cost": 12.69, "Total Cost": 12.69, "Plan Rows": 1, "Plan Width": 4, "Actual Startup Time": 0.03, "Actual Total Time": 0.03, "Actual Rows": 1, "Actual Loops": 1, "Hash Buckets": 32768, "Hash Batches": 1, "Original Hash Batches": 1, "Peak Memory Usage": 1, "Plans": [{"Node Type": "Index Scan", "Parent Relationship": "Outer", "Scan Direction": "Forward", "Index Name": "nation_pkey", "Relation Name": "nation", "Alias": "nation", "Startup Cost": 0.0, "Total Cost": 12.69, "Plan Rows": 1, "Plan Width": 4, "Actual Startup Time": 0.01, "Actual Total Time": 0.025, "Actual Rows": 1, "Actual Loops": 1, "Filter": "(n_name = 'ALGERIA'::bpchar)", "Rows Removed by Filter": 24}]}]}]}]}]}, "Triggers": [], "Planner Runtime": 2, "Total Runtime": 39049.02, "Unique SQL Id": 202076520}}, "(16, 78)": {"explain_plan": {"Plan": {"Node Type": "Sort", "Startup Cost": 3063182.61, "Total Cost": 3063187.61, "Plan Rows": 2000, "Plan Width": 51, "Sort Key": ["supplier.s_name"], "Plans": [{"Node Type": "Hash Join", "Parent Relationship": "Outer", "Join Type": "Right Semi", "Startup Cost": 2768223.24, "Total Cost": 3063072.95, "Plan Rows": 2000, "Plan Width": 51, "Inner Unique": false, "Hash Cond": "(lineitem.l_suppkey = supplier.s_suppkey)", "Plans": [{"Node Type": "Hash Join", "Parent Relationship": "Outer", "Join Type": "Inner", "Startup Cost": 2764598.29, "Total Cost": 3059427.99, "Plan Rows": 2, "Plan Width": 16, "Inner Unique": false, "Hash Cond": "((lineitem.l_partkey = partsupp.ps_partkey) AND (lineitem.l_suppkey = partsupp.ps_suppkey))", "Join Filter": "((partsupp.ps_availqty)::double precision > (.5::double precision * (sum(lineitem.l_quantity))))", "Plans": [{"Node Type": "Aggregate", "Strategy": "Hashed", "Parent Relationship": "Outer", "Startup Cost": 2405767.29, "Total Cost": 2519163.29, "Plan Rows": 9071680, "Plan Width": 40, "Group By Key": ["lineitem.l_partkey", "lineitem.l_suppkey"], "Plans": [{"Node Type": "Seq Scan", "Parent Relationship": "Outer", "Relation Name": "lineitem", "Alias": "lineitem", "Startup Cost": 119.57, "Total Cost": 2315050.5, "Plan Rows": 9071680, "Plan Width": 24, "Filter": "((l_shipdate >= '1993-01-01 00:00:00'::timestamp(0) without time zone) AND (l_shipdate < '1994-01-01 00:00:00'::timestamp without time zone)), (LLVM Optimized)"}]}, {"Node Type": "Hash", "Parent Relationship": "Inner", "Startup Cost": 357862.71, "Total Cost": 357862.71, "Plan Rows": 64552, "Plan Width": 32, "Plans": [{"Node Type": "Hash Join", "Parent Relationship": "Outer", "Join Type": "Inner", "Startup Cost": 67224.9, "Total Cost": 357862.71, "Plan Rows": 64552, "Plan Width": 32, "Inner Unique": true, "Hash Cond": "(partsupp.ps_partkey = part.p_partkey)", "Plans": [{"Node Type": "Seq Scan", "Parent Relationship": "Outer", "Relation Name": "partsupp", "Alias": "partsupp", "Startup Cost": 0.0, "Total Cost": 269987.72, "Plan Rows": 8000372, "Plan Width": 24}, {"Node Type": "Hash", "Parent Relationship": "Inner", "Startup Cost": 66944.0, "Total Cost": 66944.0, "Plan Rows": 22472, "Plan Width": 8, "Plans": [{"Node Type": "Seq Scan", "Parent Relationship": "Outer", "Relation Name": "part", "Alias": "part", "Startup Cost": 0.0, "Total Cost": 66944.0, "Plan Rows": 22472, "Plan Width": 8, "Filter": "((p_name)::text ~~ 'green%'::text)"}]}]}]}]}, {"Node Type": "Hash", "Parent Relationship": "Inner", "Startup Cost": 3574.95, "Total Cost": 3574.95, "Plan Rows": 4000, "Plan Width": 59, "Plans": [{"Node Type": "Hash Join", "Parent Relationship": "Outer", "Join Type": "Inner", "Startup Cost": 1.32, "Total Cost": 3574.95, "Plan Rows": 4000, "Plan Width": 59, "Inner Unique": true, "Hash Cond": "(supplier.s_nationkey = nation.n_nationkey)", "Plans": [{"Node Type": "Seq Scan", "Parent Relationship": "Outer", "Relation Name": "supplier", "Alias": "supplier", "Startup Cost": 0.0, "Total Cost": 3283.0, "Plan Rows": 100000, "Plan Width": 63}, {"Node Type": "Hash", "Parent Relationship": "Inner", "Startup Cost": 1.31, "Total Cost": 1.31, "Plan Rows": 1, "Plan Width": 4, "Plans": [{"Node Type": "Seq Scan", "Parent Relationship": "Outer", "Relation Name": "nation", "Alias": "nation", "Startup Cost": 0.0, "Total Cost": 1.31, "Plan Rows": 1, "Plan Width": 4, "Filter": "(n_name = 'ALGERIA'::bpchar)"}]}]}]}]}]}, "Unique SQL Id": 202076520, "Planner Runtime": 2}, "explain_analyze_plan": {"Plan": {"Node Type": "Sort", "Startup Cost": 3063182.61, "Total Cost": 3063187.61, "Plan Rows": 2000, "Plan Width": 51, "Actual Startup Time": 42067.09, "Actual Total Time": 42067.236, "Actual Rows": 1746, "Actual Loops": 1, "Sort Key": ["supplier.s_name"], "Sort Method": "quicksort", "Sort Space Used": 309, "Sort Space Type": "Memory", "Plans": [{"Node Type": "Hash Join", "Parent Relationship": "Outer", "Join Type": "Right Semi", "Startup Cost": 2768223.24, "Total Cost": 3063072.95, "Plan Rows": 2000, "Plan Width": 51, "Actual Startup Time": 36615.589, "Actual Total Time": 42057.075, "Actual Rows": 1746, "Actual Loops": 1, "Inner Unique": false, "Hash Cond": "(lineitem.l_suppkey = supplier.s_suppkey)", "Plans": [{"Node Type": "Hash Join", "Parent Relationship": "Outer", "Join Type": "Inner", "Startup Cost": 2764598.29, "Total Cost": 3059427.99, "Plan Rows": 2, "Plan Width": 16, "Actual Startup Time": 36558.189, "Actual Total Time": 41986.014, "Actual Rows": 58537, "Actual Loops": 1, "Inner Unique": false, "Hash Cond": "((lineitem.l_partkey = partsupp.ps_partkey) AND (lineitem.l_suppkey = partsupp.ps_suppkey))", "Join Filter": "((partsupp.ps_availqty)::double precision > (.5::double precision * (sum(lineitem.l_quantity))))", "Rows Removed by Join Filter": 136, "Plans": [{"Node Type": "Aggregate", "Strategy": "Hashed", "Parent Relationship": "Outer", "Startup Cost": 2405767.29, "Total Cost": 2519163.29, "Plan Rows": 9071680, "Plan Width": 40, "Actual Startup Time": 31817.711, "Actual Total Time": 35651.035, "Actual Rows": 5442751, "Actual Loops": 1, "Group By Key": ["lineitem.l_partkey", "lineitem.l_suppkey"], "Plans": [{"Node Type": "Seq Scan", "Parent Relationship": "Outer", "Relation Name": "lineitem", "Alias": "lineitem", "Startup Cost": 119.57, "Total Cost": 2315050.5, "Plan Rows": 9071680, "Plan Width": 24, "Actual Startup Time": 0.068, "Actual Total Time": 23278.46, "Actual Rows": 9109641, "Actual Loops": 1, "Filter": "((l_shipdate >= '1993-01-01 00:00:00'::timestamp(0) without time zone) AND (l_shipdate < '1994-01-01 00:00:00'::timestamp without time zone)), (LLVM Optimized, Jit Execute)", "Rows Removed by Filter": 50876411}]}, {"Node Type": "Hash", "Parent Relationship": "Inner", "Startup Cost": 357862.71, "Total Cost": 357862.71, "Plan Rows": 64552, "Plan Width": 32, "Actual Startup Time": 4740.208, "Actual Total Time": 4740.208, "Actual Rows": 86224, "Actual Loops": 1, "Hash Buckets": 65536, "Hash Batches": 1, "Original Hash Batches": 1, "Peak Memory Usage": 5389, "Plans": [{"Node Type": "Hash Join", "Parent Relationship": "Outer", "Join Type": "Inner", "Startup Cost": 67224.9, "Total Cost": 357862.71, "Plan Rows": 64552, "Plan Width": 32, "Actual Startup Time": 777.012, "Actual Total Time": 4700.651, "Actual Rows": 86224, "Actual Loops": 1, "Inner Unique": true, "Hash Cond": "(partsupp.ps_partkey = part.p_partkey)", "Plans": [{"Node Type": "Seq Scan", "Parent Relationship": "Outer", "Relation Name": "partsupp", "Alias": "partsupp", "Startup Cost": 0.0, "Total Cost": 269987.72, "Plan Rows": 8000372, "Plan Width": 24, "Actual Startup Time": 0.019, "Actual Total Time": 2377.214, "Actual Rows": 8000000, "Actual Loops": 1}, {"Node Type": "Hash", "Parent Relationship": "Inner", "Startup Cost": 66944.0, "Total Cost": 66944.0, "Plan Rows": 22472, "Plan Width": 8, "Actual Startup Time": 776.854, "Actual Total Time": 776.854, "Actual Rows": 21556, "Actual Loops": 1, "Hash Buckets": 32768, "Hash Batches": 1, "Original Hash Batches": 1, "Peak Memory Usage": 843, "Plans": [{"Node Type": "Seq Scan", "Parent Relationship": "Outer", "Relation Name": "part", "Alias": "part", "Startup Cost": 0.0, "Total Cost": 66944.0, "Plan Rows": 22472, "Plan Width": 8, "Actual Startup Time": 0.039, "Actual Total Time": 769.293, "Actual Rows": 21556, "Actual Loops": 1, "Filter": "((p_name)::text ~~ 'green%'::text)", "Rows Removed by Filter": 1978444}]}]}]}]}, {"Node Type": "Hash", "Parent Relationship": "Inner", "Startup Cost": 3574.95, "Total Cost": 3574.95, "Plan Rows": 4000, "Plan Width": 59, "Actual Startup Time": 49.36, "Actual Total Time": 49.36, "Actual Rows": 3934, "Actual Loops": 1, "Hash Buckets": 32768, "Hash Batches": 1, "Original Hash Batches": 1, "Peak Memory Usage": 368, "Plans": [{"Node Type": "Hash Join", "Parent Relationship": "Outer", "Join Type": "Inner", "Startup Cost": 1.32, "Total Cost": 3574.95, "Plan Rows": 4000, "Plan Width": 59, "Actual Startup Time": 0.102, "Actual Total Time": 47.923, "Actual Rows": 3934, "Actual Loops": 1, "Inner Unique": true, "Hash Cond": "(supplier.s_nationkey = nation.n_nationkey)", "Plans": [{"Node Type": "Seq Scan", "Parent Relationship": "Outer", "Relation Name": "supplier", "Alias": "supplier", "Startup Cost": 0.0, "Total Cost": 3283.0, "Plan Rows": 100000, "Plan Width": 63, "Actual Startup Time": 0.02, "Actual Total Time": 28.009, "Actual Rows": 100000, "Actual Loops": 1}, {"Node Type": "Hash", "Parent Relationship": "Inner", "Startup Cost": 1.31, "Total Cost": 1.31, "Plan Rows": 1, "Plan Width": 4, "Actual Startup Time": 0.041, "Actual Total Time": 0.041, "Actual Rows": 1, "Actual Loops": 1, "Hash Buckets": 32768, "Hash Batches": 1, "Original Hash Batches": 1, "Peak Memory Usage": 1, "Plans": [{"Node Type": "Seq Scan", "Parent Relationship": "Outer", "Relation Name": "nation", "Alias": "nation", "Startup Cost": 0.0, "Total Cost": 1.31, "Plan Rows": 1, "Plan Width": 4, "Actual Startup Time": 0.022, "Actual Total Time": 0.03, "Actual Rows": 1, "Actual Loops": 1, "Filter": "(n_name = 'ALGERIA'::bpchar)", "Rows Removed by Filter": 24}]}]}]}]}]}, "Triggers": [], "Planner Runtime": 2, "Total Runtime": 42076.817, "Unique SQL Id": 202076520}}, "(16, 79)": {"explain_plan": {"Plan": {"Node Type": "Sort", "Startup Cost": 5001905877835.34, "Total Cost": 5001905877840.34, "Plan Rows": 2000, "Plan Width": 51, "Sort Key": ["supplier.s_name"], "Plans": [{"Node Type": "Nested Loop", "Parent Relationship": "Outer", "Join Type": "Semi", "Startup Cost": 3020816056870.46, "Total Cost": 5001905877725.68, "Plan Rows": 2000, "Plan Width": 51, "Inner Unique": false, "Plans": [{"Node Type": "Merge Join", "Parent Relationship": "Outer", "Join Type": "Inner", "Startup Cost": 20000000000.0, "Total Cost": 2000001219135.53, "Plan Rows": 4000, "Plan Width": 59, "Inner Unique": true, "Merge Cond": "(supplier.s_nationkey = nation.n_nationkey)", "Plans": [{"Node Type": "Index Scan", "Parent Relationship": "Outer", "Scan Direction": "Forward", "Index Name": "idx_supplier_nation_key", "Relation Name": "supplier", "Alias": "supplier", "Startup Cost": 10000000000.0, "Total Cost": 1000001217556.78, "Plan Rows": 100000, "Plan Width": 63}, {"Node Type": "Materialize", "Parent Relationship": "Inner", "Startup Cost": 10000000000.0, "Total Cost": 1000000001268.75, "Plan Rows": 1, "Plan Width": 4, "Plans": [{"Node Type": "Index Scan", "Parent Relationship": "Outer", "Scan Direction": "Forward", "Index Name": "nation_pkey", "Relation Name": "nation", "Alias": "nation", "Startup Cost": 10000000000.0, "Total Cost": 1000000001268.75, "Plan Rows": 1, "Plan Width": 4, "Filter": "(n_name = 'ALGERIA'::bpchar)"}]}]}, {"Node Type": "Hash Join", "Parent Relationship": "Inner", "Join Type": "Inner", "Startup Cost": 3000816056870.46, "Total Cost": 3000816329020.88, "Plan Rows": 1, "Plan Width": 16, "Inner Unique": false, "Hash Cond": "((lineitem.l_partkey = partsupp.ps_partkey) AND (lineitem.l_suppkey = partsupp.ps_suppkey))", "Join Filter": "((supplier.s_suppkey = lineitem.l_suppkey) AND ((partsupp.ps_availqty)::double precision > (.5::double precision * (sum(lineitem.l_quantity)))))", "Plans": [{"Node Type": "Aggregate", "Strategy": "Hashed", "Parent Relationship": "Outer", "Startup Cost": 1000805475552.94, "Total Cost": 1000805588948.94, "Plan Rows": 9071680, "Plan Width": 40, "Group By Key": ["lineitem.l_partkey", "lineitem.l_suppkey"], "Plans": [{"Node Type": "Index Scan", "Parent Relationship": "Outer", "Scan Direction": "Forward", "Index Name": "idx_lineitem_part_supp", "Relation Name": "lineitem", "Alias": "lineitem", "Startup Cost": 10000000000.0, "Total Cost": 1000805384836.14, "Plan Rows": 9071680, "Plan Width": 24, "Filter": "((l_shipdate >= '1993-01-01 00:00:00'::timestamp(0) without time zone) AND (l_shipdate < '1994-01-01 00:00:00'::timestamp without time zone)), (LLVM Optimized)"}]}, {"Node Type": "Hash", "Parent Relationship": "Inner", "Startup Cost": 2000010581317.5, "Total Cost": 2000010581317.5, "Plan Rows": 1, "Plan Width": 32, "Plans": [{"Node Type": "Hash Join", "Parent Relationship": "Outer", "Join Type": "Right Semi", "Startup Cost": 1010000000932.76, "Total Cost": 2000010581317.5, "Plan Rows": 1, "Plan Width": 32, "Inner Unique": false, "Hash Cond": "(part.p_partkey = partsupp.ps_partkey)", "Plans": [{"Node Type": "Index Scan", "Parent Relationship": "Outer", "Scan Direction": "Forward", "Index Name": "part_kpey", "Relation Name": "part", "Alias": "part", "Startup Cost": 10000000000.0, "Total Cost": 1000010580325.0, "Plan Rows": 22472, "Plan Width": 8, "Filter": "((p_name)::text ~~ 'green%'::text)"}, {"Node Type": "Hash", "Parent Relationship": "Inner", "Startup Cost": 1000000000932.6, "Total Cost": 1000000000932.6, "Plan Rows": 13, "Plan Width": 24, "Plans": [{"Node Type": "Index Scan", "Parent Relationship": "Outer", "Scan Direction": "Forward", "Index Name": "idx_partsupp_suppkey", "Relation Name": "partsupp", "Alias": "partsupp", "Startup Cost": 10000000000.0, "Total Cost": 1000000000932.6, "Plan Rows": 13, "Plan Width": 24, "Index Cond": "(ps_suppkey = supplier.s_suppkey)"}]}]}]}]}]}]}, "Unique SQL Id": 202076520, "Planner Runtime": 3}, "explain_analyze_plan": null}, "(16, 80)": {"explain_plan": {"Plan": {"Node Type": "Sort", "Startup Cost": 3527405.4, "Total Cost": 3527410.4, "Plan Rows": 2000, "Plan Width": 51, "Sort Key": ["supplier.s_name"], "Plans": [{"Node Type": "Nested Loop", "Parent Relationship": "Outer", "Join Type": "Inner", "Startup Cost": 3439058.32, "Total Cost": 3527295.74, "Plan Rows": 2000, "Plan Width": 51, "Inner Unique": true, "Plans": [{"Node Type": "Merge Join", "Parent Relationship": "Outer", "Join Type": "Semi", "Startup Cost": 3439058.32, "Total Cost": 3513164.74, "Plan Rows": 50000, "Plan Width": 55, "Inner Unique": false, "Merge Cond": "(supplier.s_suppkey = subquery.\"?column?\")", "Plans": [{"Node Type": "Index Scan", "Parent Relationship": "Outer", "Scan Direction": "Forward", "Index Name": "supplier_pkey", "Relation Name": "supplier", "Alias": "supplier", "Startup Cost": 0.0, "Total Cost": 5334.54, "Plan Rows": 100000, "Plan Width": 63}, {"Node Type": "Materialize", "Parent Relationship": "Inner", "Startup Cost": 3439058.32, "Total Cost": 3507580.17, "Plan Rows": 2, "Plan Width": 16, "Plans": [{"Node Type": "Merge Join", "Parent Relationship": "Outer", "Join Type": "Inner", "Startup Cost": 3439058.32, "Total Cost": 3507580.16, "Plan Rows": 2, "Plan Width": 16, "Inner Unique": true, "Merge Cond": "((partsupp.ps_suppkey = subquery.\"?column?\") AND (partsupp.ps_partkey = subquery.\"?column?\"))", "Join Filter": "((partsupp.ps_availqty)::double precision > (.5::double precision * subquery.\"?column?\"))", "Plans": [{"Node Type": "Sort", "Parent Relationship": "Outer", "Startup Cost": 230229.65, "Total Cost": 230391.03, "Plan Rows": 64552, "Plan Width": 32, "Sort Key": ["partsupp.ps_suppkey", "partsupp.ps_partkey"], "Plans": [{"Node Type": "Nested Loop", "Parent Relationship": "Outer", "Join Type": "Inner", "Startup Cost": 0.0, "Total Cost": 225072.53, "Plan Rows": 64552, "Plan Width": 32, "Inner Unique": false, "Plans": [{"Node Type": "Seq Scan", "Parent Relationship": "Outer", "Relation Name": "part", "Alias": "part", "Startup Cost": 0.0, "Total Cost": 66944.0, "Plan Rows": 22472, "Plan Width": 8, "Filter": "((p_name)::text ~~ 'green%'::text)"}, {"Node Type": "Index Scan", "Parent Relationship": "Inner", "Scan Direction": "Forward", "Index Name": "idx_partsupp_partkey", "Relation Name": "partsupp", "Alias": "partsupp", "Startup Cost": 0.0, "Total Cost": 7.01, "Plan Rows": 3, "Plan Width": 24, "Index Cond": "(ps_partkey = part.p_partkey)"}]}]}, {"Node Type": "Sort", "Parent Relationship": "Inner", "Startup Cost": 3208828.67, "Total Cost": 3231507.87, "Plan Rows": 9071680, "Plan Width": 24, "Sort Key": ["subquery.\"?column?\"", "subquery.\"?column?\""], "Plans": [{"Node Type": "Subquery Scan", "Parent Relationship": "Outer", "Alias": "subquery", "Startup Cost": 1956349.97, "Total Cost": 2160462.77, "Plan Rows": 9071680, "Plan Width": 24, "Plans": [{"Node Type": "Aggregate", "Strategy": "Hashed", "Parent Relationship": "Subquery", "Startup Cost": 1956349.97, "Total Cost": 2069745.97, "Plan Rows": 9071680, "Plan Width": 40, "Group By Key": ["lineitem.l_partkey", "lineitem.l_suppkey"], "Plans": [{"Node Type": "Bitmap Heap Scan", "Parent Relationship": "Outer", "Relation Name": "lineitem", "Alias": "lineitem", "Startup Cost": 314312.97, "Total Cost": 1865633.17, "Plan Rows": 9071680, "Plan Width": 24, "Recheck Cond": "((l_shipdate >= '1993-01-01 00:00:00'::timestamp(0) without time zone) AND (l_shipdate < '1994-01-01 00:00:00'::timestamp without time zone)), (LLVM Optimized)", "Plans": [{"Node Type": "Bitmap Index Scan", "Parent Relationship": "Outer", "Index Name": "idx_lineitem_shipdate", "Startup Cost": 0.0, "Total Cost": 312045.05, "Plan Rows": 9071680, "Plan Width": 0, "Index Cond": "((l_shipdate >= '1993-01-01 00:00:00'::timestamp(0) without time zone) AND (l_shipdate < '1994-01-01 00:00:00'::timestamp without time zone))"}]}]}]}]}]}]}]}, {"Node Type": "Index Scan", "Parent Relationship": "Inner", "Scan Direction": "Forward", "Index Name": "nation_pkey", "Relation Name": "nation", "Alias": "nation", "Startup Cost": 0.0, "Total Cost": 0.27, "Plan Rows": 1, "Plan Width": 4, "Index Cond": "(n_nationkey = supplier.s_nationkey)", "Filter": "(n_name = 'ALGERIA'::bpchar)"}]}]}, "Unique SQL Id": 202076520, "Planner Runtime": 2}, "explain_analyze_plan": {"Plan": {"Node Type": "Sort", "Startup Cost": 3527405.4, "Total Cost": 3527410.4, "Plan Rows": 2000, "Plan Width": 51, "Actual Startup Time": 32000.471, "Actual Total Time": 32000.654, "Actual Rows": 1746, "Actual Loops": 1, "Sort Key": ["supplier.s_name"], "Sort Method": "quicksort", "Sort Space Used": 309, "Sort Space Type": "Memory", "Plans": [{"Node Type": "Nested Loop", "Parent Relationship": "Outer", "Join Type": "Inner", "Startup Cost": 3439058.32, "Total Cost": 3527295.74, "Plan Rows": 2000, "Plan Width": 51, "Actual Startup Time": 29597.435, "Actual Total Time": 31997.648, "Actual Rows": 1746, "Actual Loops": 1, "Inner Unique": true, "Plans": [{"Node Type": "Merge Join", "Parent Relationship": "Outer", "Join Type": "Semi", "Startup Cost": 3439058.32, "Total Cost": 3513164.74, "Plan Rows": 50000, "Plan Width": 55, "Actual Startup Time": 29596.608, "Actual Total Time": 31876.204, "Actual Rows": 44487, "Actual Loops": 1, "Inner Unique": false, "Merge Cond": "(supplier.s_suppkey = subquery.\"?column?\")", "Plans": [{"Node Type": "Index Scan", "Parent Relationship": "Outer", "Scan Direction": "Forward", "Index Name": "supplier_pkey", "Relation Name": "supplier", "Alias": "supplier", "Startup Cost": 0.0, "Total Cost": 5334.54, "Plan Rows": 100000, "Plan Width": 63, "Actual Startup Time": 0.026, "Actual Total Time": 71.502, "Actual Rows": 100000, "Actual Loops": 1}, {"Node Type": "Materialize", "Parent Relationship": "Inner", "Startup Cost": 3439058.32, "Total Cost": 3507580.17, "Plan Rows": 2, "Plan Width": 16, "Actual Startup Time": 29596.552, "Actual Total Time": 31758.706, "Actual Rows": 58537, "Actual Loops": 1, "Plans": [{"Node Type": "Merge Join", "Parent Relationship": "Outer", "Join Type": "Inner", "Startup Cost": 3439058.32, "Total Cost": 3507580.16, "Plan Rows": 2, "Plan Width": 16, "Actual Startup Time": 29596.55, "Actual Total Time": 31749.62, "Actual Rows": 58537, "Actual Loops": 1, "Inner Unique": true, "Merge Cond": "((partsupp.ps_suppkey = subquery.\"?column?\") AND (partsupp.ps_partkey = subquery.\"?column?\"))", "Join Filter": "((partsupp.ps_availqty)::double precision > (.5::double precision * subquery.\"?column?\"))", "Rows Removed by Join Filter": 0, "Plans": [{"Node Type": "Sort", "Parent Relationship": "Outer", "Startup Cost": 230229.65, "Total Cost": 230391.03, "Plan Rows": 64552, "Plan Width": 32, "Actual Startup Time": 1065.344, "Actual Total Time": 1091.36, "Actual Rows": 86224, "Actual Loops": 1, "Sort Key": ["partsupp.ps_suppkey", "partsupp.ps_partkey"], "Sort Method": "quicksort", "Sort Space Used": 11156, "Sort Space Type": "Memory", "Plans": [{"Node Type": "Nested Loop", "Parent Relationship": "Outer", "Join Type": "Inner", "Startup Cost": 0.0, "Total Cost": 225072.53, "Plan Rows": 64552, "Plan Width": 32, "Actual Startup Time": 0.041, "Actual Total Time": 1017.729, "Actual Rows": 86224, "Actual Loops": 1, "Inner Unique": false, "Plans": [{"Node Type": "Seq Scan", "Parent Relationship": "Outer", "Relation Name": "part", "Alias": "part", "Startup Cost": 0.0, "Total Cost": 66944.0, "Plan Rows": 22472, "Plan Width": 8, "Actual Startup Time": 0.026, "Actual Total Time": 782.328, "Actual Rows": 21556, "Actual Loops": 1, "Filter": "((p_name)::text ~~ 'green%'::text)", "Rows Removed by Filter": 1978444}, {"Node Type": "Index Scan", "Parent Relationship": "Inner", "Scan Direction": "Forward", "Index Name": "idx_partsupp_partkey", "Relation Name": "partsupp", "Alias": "partsupp", "Startup Cost": 0.0, "Total Cost": 7.01, "Plan Rows": 3, "Plan Width": 24, "Actual Startup Time": 158.668, "Actual Total Time": 204.829, "Actual Rows": 86224, "Actual Loops": 21556, "Index Cond": "(ps_partkey = part.p_partkey)", "Rows Removed by Index Recheck": 0}]}]}, {"Node Type": "Sort", "Parent Relationship": "Inner", "Startup Cost": 3208828.67, "Total Cost": 3231507.87, "Plan Rows": 9071680, "Plan Width": 24, "Actual Startup Time": 28531.071, "Actual Total Time": 29829.673, "Actual Rows": 5442737, "Actual Loops": 1, "Sort Key": ["subquery.\"?column?\"", "subquery.\"?column?\""], "Sort Method": "quicksort", "Sort Space Used": 706866, "Sort Space Type": "Memory", "Plans": [{"Node Type": "Subquery Scan", "Parent Relationship": "Outer", "Alias": "subquery", "Startup Cost": 1956349.97, "Total Cost": 2160462.77, "Plan Rows": 9071680, "Plan Width": 24, "Actual Startup Time": 19087.406, "Actual Total Time": 23582.077, "Actual Rows": 5442751, "Actual Loops": 1, "Plans": [{"Node Type": "Aggregate", "Strategy": "Hashed", "Parent Relationship": "Subquery", "Startup Cost": 1956349.97, "Total Cost": 2069745.97, "Plan Rows": 9071680, "Plan Width": 40, "Actual Startup Time": 19087.402, "Actual Total Time": 22569.547, "Actual Rows": 5442751, "Actual Loops": 1, "Group By Key": ["lineitem.l_partkey", "lineitem.l_suppkey"], "Plans": [{"Node Type": "Bitmap Heap Scan", "Parent Relationship": "Outer", "Relation Name": "lineitem", "Alias": "lineitem", "Startup Cost": 314312.97, "Total Cost": 1865633.17, "Plan Rows": 9071680, "Plan Width": 24, "Actual Startup Time": 3950.86, "Actual Total Time": 11264.291, "Actual Rows": 9109641, "Actual Loops": 1, "Recheck Cond": "((l_shipdate >= '1993-01-01 00:00:00'::timestamp(0) without time zone) AND (l_shipdate < '1994-01-01 00:00:00'::timestamp without time zone)), (LLVM Optimized, Jit Execute)", "Rows Removed by Index Recheck": 0, "Exact Heap Blocks": 1252335, "Lossy Heap Blocks": 1252335, "Plans": [{"Node Type": "Bitmap Index Scan", "Parent Relationship": "Outer", "Index Name": "idx_lineitem_shipdate", "Startup Cost": 0.0, "Total Cost": 312045.05, "Plan Rows": 9071680, "Plan Width": 0, "Actual Startup Time": 3373.238, "Actual Total Time": 3373.238, "Actual Rows": 9109641, "Actual Loops": 1, "Index Cond": "((l_shipdate >= '1993-01-01 00:00:00'::timestamp(0) without time zone) AND (l_shipdate < '1994-01-01 00:00:00'::timestamp without time zone))"}]}]}]}]}]}]}]}, {"Node Type": "Index Scan", "Parent Relationship": "Inner", "Scan Direction": "Forward", "Index Name": "nation_pkey", "Relation Name": "nation", "Alias": "nation", "Startup Cost": 0.0, "Total Cost": 0.27, "Plan Rows": 1, "Plan Width": 4, "Actual Startup Time": 95.98, "Actual Total Time": 95.98, "Actual Rows": 1746, "Actual Loops": 44487, "Index Cond": "(n_nationkey = supplier.s_nationkey)", "Rows Removed by Index Recheck": 0, "Filter": "(n_name = 'ALGERIA'::bpchar)", "Rows Removed by Filter": 42741}]}]}, "Triggers": [], "Planner Runtime": 2, "Total Runtime": 32012.925, "Unique SQL Id": 202076520}}, "(16, 81)": {"explain_plan": {"Plan": {"Node Type": "Sort", "Startup Cost": 3528034.41, "Total Cost": 3528039.41, "Plan Rows": 2000, "Plan Width": 51, "Sort Key": ["supplier.s_name"], "Plans": [{"Node Type": "Merge Join", "Parent Relationship": "Outer", "Join Type": "Semi", "Startup Cost": 3527904.72, "Total Cost": 3527924.75, "Plan Rows": 2000, "Plan Width": 51, "Inner Unique": false, "Merge Cond": "(supplier.s_suppkey = subquery.\"?column?\")", "Plans": [{"Node Type": "Sort", "Parent Relationship": "Outer", "Startup Cost": 2784.04, "Total Cost": 2794.04, "Plan Rows": 4000, "Plan Width": 59, "Sort Key": ["supplier.s_suppkey"], "Plans": [{"Node Type": "Nested Loop", "Parent Relationship": "Outer", "Join Type": "Inner", "Startup Cost": 95.25, "Total Cost": 2544.73, "Plan Rows": 4000, "Plan Width": 59, "Inner Unique": false, "Plans": [{"Node Type": "Index Scan", "Parent Relationship": "Outer", "Scan Direction": "Forward", "Index Name": "nation_pkey", "Relation Name": "nation", "Alias": "nation", "Startup Cost": 0.0, "Total Cost": 12.69, "Plan Rows": 1, "Plan Width": 4, "Filter": "(n_name = 'ALGERIA'::bpchar)"}, {"Node Type": "Bitmap Heap Scan", "Parent Relationship": "Inner", "Relation Name": "supplier", "Alias": "supplier", "Startup Cost": 95.25, "Total Cost": 2492.04, "Plan Rows": 4000, "Plan Width": 63, "Recheck Cond": "(s_nationkey = nation.n_nationkey)", "Plans": [{"Node Type": "Bitmap Index Scan", "Parent Relationship": "Outer", "Index Name": "idx_supplier_nation_key", "Startup Cost": 0.0, "Total Cost": 94.25, "Plan Rows": 4000, "Plan Width": 0, "Index Cond": "(s_nationkey = nation.n_nationkey)"}]}]}]}, {"Node Type": "Sort", "Parent Relationship": "Inner", "Startup Cost": 3525120.68, "Total Cost": 3525120.69, "Plan Rows": 2, "Plan Width": 16, "Sort Key": ["partsupp.ps_suppkey"], "Plans": [{"Node Type": "Merge Join", "Parent Relationship": "Outer", "Join Type": "Inner", "Startup Cost": 3208828.67, "Total Cost": 3525120.67, "Plan Rows": 2, "Plan Width": 16, "Inner Unique": true, "Merge Cond": "(partsupp.ps_partkey = subquery.\"?column?\")", "Join Filter": "((partsupp.ps_suppkey = subquery.\"?column?\") AND ((partsupp.ps_availqty)::double precision > (.5::double precision * subquery.\"?column?\")))", "Plans": [{"Node Type": "Nested Loop", "Parent Relationship": "Outer", "Join Type": "Inner", "Startup Cost": 0.0, "Total Cost": 263931.78, "Plan Rows": 64552, "Plan Width": 32, "Inner Unique": false, "Plans": [{"Node Type": "Index Scan", "Parent Relationship": "Outer", "Scan Direction": "Forward", "Index Name": "part_kpey", "Relation Name": "part", "Alias": "part", "Startup Cost": 0.0, "Total Cost": 105803.25, "Plan Rows": 22472, "Plan Width": 8, "Filter": "((p_name)::text ~~ 'green%'::text)"}, {"Node Type": "Index Scan", "Parent Relationship": "Inner", "Scan Direction": "Forward", "Index Name": "idx_partsupp_partkey", "Relation Name": "partsupp", "Alias": "partsupp", "Startup Cost": 0.0, "Total Cost": 7.01, "Plan Rows": 3, "Plan Width": 24, "Index Cond": "(ps_partkey = part.p_partkey)"}]}, {"Node Type": "Sort", "Parent Relationship": "Inner", "Startup Cost": 3208828.67, "Total Cost": 3231507.87, "Plan Rows": 9071680, "Plan Width": 24, "Sort Key": ["subquery.\"?column?\""], "Plans": [{"Node Type": "Subquery Scan", "Parent Relationship": "Outer", "Alias": "subquery", "Startup Cost": 1956349.97, "Total Cost": 2160462.77, "Plan Rows": 9071680, "Plan Width": 24, "Plans": [{"Node Type": "Aggregate", "Strategy": "Hashed", "Parent Relationship": "Subquery", "Startup Cost": 1956349.97, "Total Cost": 2069745.97, "Plan Rows": 9071680, "Plan Width": 40, "Group By Key": ["lineitem.l_partkey", "lineitem.l_suppkey"], "Plans": [{"Node Type": "Bitmap Heap Scan", "Parent Relationship": "Outer", "Relation Name": "lineitem", "Alias": "lineitem", "Startup Cost": 314312.97, "Total Cost": 1865633.17, "Plan Rows": 9071680, "Plan Width": 24, "Recheck Cond": "((l_shipdate >= '1993-01-01 00:00:00'::timestamp(0) without time zone) AND (l_shipdate < '1994-01-01 00:00:00'::timestamp without time zone)), (LLVM Optimized)", "Plans": [{"Node Type": "Bitmap Index Scan", "Parent Relationship": "Outer", "Index Name": "idx_lineitem_shipdate", "Startup Cost": 0.0, "Total Cost": 312045.05, "Plan Rows": 9071680, "Plan Width": 0, "Index Cond": "((l_shipdate >= '1993-01-01 00:00:00'::timestamp(0) without time zone) AND (l_shipdate < '1994-01-01 00:00:00'::timestamp without time zone))"}]}]}]}]}]}]}]}]}, "Unique SQL Id": 202076520, "Planner Runtime": 3}, "explain_analyze_plan": {"Plan": {"Node Type": "Sort", "Startup Cost": 3528034.41, "Total Cost": 3528039.41, "Plan Rows": 2000, "Plan Width": 51, "Actual Startup Time": 29923.807, "Actual Total Time": 29923.949, "Actual Rows": 1746, "Actual Loops": 1, "Sort Key": ["supplier.s_name"], "Sort Method": "quicksort", "Sort Space Used": 309, "Sort Space Type": "Memory", "Plans": [{"Node Type": "Merge Join", "Parent Relationship": "Outer", "Join Type": "Semi", "Startup Cost": 3527904.72, "Total Cost": 3527924.75, "Plan Rows": 2000, "Plan Width": 51, "Actual Startup Time": 29901.916, "Actual Total Time": 29922.342, "Actual Rows": 1746, "Actual Loops": 1, "Inner Unique": false, "Merge Cond": "(supplier.s_suppkey = subquery.\"?column?\")", "Plans": [{"Node Type": "Sort", "Parent Relationship": "Outer", "Startup Cost": 2784.04, "Total Cost": 2794.04, "Plan Rows": 4000, "Plan Width": 59, "Actual Startup Time": 10.866, "Actual Total Time": 11.446, "Actual Rows": 3934, "Actual Loops": 1, "Sort Key": ["supplier.s_suppkey"], "Sort Method": "quicksort", "Sort Space Used": 711, "Sort Space Type": "Memory", "Plans": [{"Node Type": "Nested Loop", "Parent Relationship": "Outer", "Join Type": "Inner", "Startup Cost": 95.25, "Total Cost": 2544.73, "Plan Rows": 4000, "Plan Width": 59, "Actual Startup Time": 1.095, "Actual Total Time": 9.303, "Actual Rows": 3934, "Actual Loops": 1, "Inner Unique": false, "Plans": [{"Node Type": "Index Scan", "Parent Relationship": "Outer", "Scan Direction": "Forward", "Index Name": "nation_pkey", "Relation Name": "nation", "Alias": "nation", "Startup Cost": 0.0, "Total Cost": 12.69, "Plan Rows": 1, "Plan Width": 4, "Actual Startup Time": 0.016, "Actual Total Time": 0.035, "Actual Rows": 1, "Actual Loops": 1, "Filter": "(n_name = 'ALGERIA'::bpchar)", "Rows Removed by Filter": 24}, {"Node Type": "Bitmap Heap Scan", "Parent Relationship": "Inner", "Relation Name": "supplier", "Alias": "supplier", "Startup Cost": 95.25, "Total Cost": 2492.04, "Plan Rows": 4000, "Plan Width": 63, "Actual Startup Time": 1.071, "Actual Total Time": 8.471, "Actual Rows": 3934, "Actual Loops": 1, "Recheck Cond": "(s_nationkey = nation.n_nationkey)", "Rows Removed by Index Recheck": 0, "Exact Heap Blocks": 1897, "Lossy Heap Blocks": 1897, "Plans": [{"Node Type": "Bitmap Index Scan", "Parent Relationship": "Outer", "Index Name": "idx_supplier_nation_key", "Startup Cost": 0.0, "Total Cost": 94.25, "Plan Rows": 4000, "Plan Width": 0, "Actual Startup Time": 0.786, "Actual Total Time": 0.786, "Actual Rows": 3934, "Actual Loops": 1, "Index Cond": "(s_nationkey = nation.n_nationkey)"}]}]}]}, {"Node Type": "Sort", "Parent Relationship": "Inner", "Startup Cost": 3525120.68, "Total Cost": 3525120.69, "Plan Rows": 2, "Plan Width": 16, "Actual Startup Time": 29891.027, "Actual Total Time": 29901.232, "Actual Rows": 58530, "Actual Loops": 1, "Sort Key": ["partsupp.ps_suppkey"], "Sort Method": "quicksort", "Sort Space Used": 7024, "Sort Space Type": "Memory", "Plans": [{"Node Type": "Merge Join", "Parent Relationship": "Outer", "Join Type": "Inner", "Startup Cost": 3208828.67, "Total Cost": 3525120.67, "Plan Rows": 2, "Plan Width": 16, "Actual Startup Time": 25902.559, "Actual Total Time": 29864.753, "Actual Rows": 58537, "Actual Loops": 1, "Inner Unique": true, "Merge Cond": "(partsupp.ps_partkey = subquery.\"?column?\")", "Join Filter": "((partsupp.ps_suppkey = subquery.\"?column?\") AND ((partsupp.ps_availqty)::double precision > (.5::double precision * subquery.\"?column?\")))", "Rows Removed by Join Filter": 0, "Plans": [{"Node Type": "Nested Loop", "Parent Relationship": "Outer", "Join Type": "Inner", "Startup Cost": 0.0, "Total Cost": 263931.78, "Plan Rows": 64552, "Plan Width": 32, "Actual Startup Time": 0.067, "Actual Total Time": 1646.698, "Actual Rows": 86224, "Actual Loops": 1, "Inner Unique": false, "Plans": [{"Node Type": "Index Scan", "Parent Relationship": "Outer", "Scan Direction": "Forward", "Index Name": "part_kpey", "Relation Name": "part", "Alias": "part", "Startup Cost": 0.0, "Total Cost": 105803.25, "Plan Rows": 22472, "Plan Width": 8, "Actual Startup Time": 0.051, "Actual Total Time": 1403.79, "Actual Rows": 21556, "Actual Loops": 1, "Filter": "((p_name)::text ~~ 'green%'::text)", "Rows Removed by Filter": 1978444}, {"Node Type": "Index Scan", "Parent Relationship": "Inner", "Scan Direction": "Forward", "Index Name": "idx_partsupp_partkey", "Relation Name": "partsupp", "Alias": "partsupp", "Startup Cost": 0.0, "Total Cost": 7.01, "Plan Rows": 3, "Plan Width": 24, "Actual Startup Time": 156.364, "Actual Total Time": 209.884, "Actual Rows": 86224, "Actual Loops": 21556, "Index Cond": "(ps_partkey = part.p_partkey)", "Rows Removed by Index Recheck": 0}]}, {"Node Type": "Sort", "Parent Relationship": "Inner", "Startup Cost": 3208828.67, "Total Cost": 3231507.87, "Plan Rows": 9071680, "Plan Width": 24, "Actual Startup Time": 25902.253, "Actual Total Time": 27431.276, "Actual Rows": 5530092, "Actual Loops": 1, "Sort Key": ["subquery.\"?column?\""], "Sort Method": "quicksort", "Sort Space Used": 706866, "Sort Space Type": "Memory", "Plans": [{"Node Type": "Subquery Scan", "Parent Relationship": "Outer", "Alias": "subquery", "Startup Cost": 1956349.97, "Total Cost": 2160462.77, "Plan Rows": 9071680, "Plan Width": 24, "Actual Startup Time": 18811.703, "Actual Total Time": 23578.844, "Actual Rows": 5442751, "Actual Loops": 1, "Plans": [{"Node Type": "Aggregate", "Strategy": "Hashed", "Parent Relationship": "Subquery", "Startup Cost": 1956349.97, "Total Cost": 2069745.97, "Plan Rows": 9071680, "Plan Width": 40, "Actual Startup Time": 18811.693, "Actual Total Time": 22562.801, "Actual Rows": 5442751, "Actual Loops": 1, "Group By Key": ["lineitem.l_partkey", "lineitem.l_suppkey"], "Plans": [{"Node Type": "Bitmap Heap Scan", "Parent Relationship": "Outer", "Relation Name": "lineitem", "Alias": "lineitem", "Startup Cost": 314312.97, "Total Cost": 1865633.17, "Plan Rows": 9071680, "Plan Width": 24, "Actual Startup Time": 3815.094, "Actual Total Time": 11373.533, "Actual Rows": 9109641, "Actual Loops": 1, "Recheck Cond": "((l_shipdate >= '1993-01-01 00:00:00'::timestamp(0) without time zone) AND (l_shipdate < '1994-01-01 00:00:00'::timestamp without time zone)), (LLVM Optimized, Jit Execute)", "Rows Removed by Index Recheck": 0, "Exact Heap Blocks": 1252335, "Lossy Heap Blocks": 1252335, "Plans": [{"Node Type": "Bitmap Index Scan", "Parent Relationship": "Outer", "Index Name": "idx_lineitem_shipdate", "Startup Cost": 0.0, "Total Cost": 312045.05, "Plan Rows": 9071680, "Plan Width": 0, "Actual Startup Time": 3259.019, "Actual Total Time": 3259.019, "Actual Rows": 9109641, "Actual Loops": 1, "Index Cond": "((l_shipdate >= '1993-01-01 00:00:00'::timestamp(0) without time zone) AND (l_shipdate < '1994-01-01 00:00:00'::timestamp without time zone))"}]}]}]}]}]}]}]}]}, "Triggers": [], "Planner Runtime": 2, "Total Runtime": 29935.462, "Unique SQL Id": 202076520}}, "(16, 82)": {"explain_plan": {"Plan": {"Node Type": "Sort", "Startup Cost": 3694487.63, "Total Cost": 3694492.63, "Plan Rows": 2000, "Plan Width": 51, "Sort Key": ["supplier.s_name"], "Plans": [{"Node Type": "Merge Join", "Parent Relationship": "Outer", "Join Type": "Semi", "Startup Cost": 3625836.1, "Total Cost": 3694377.98, "Plan Rows": 2000, "Plan Width": 51, "Inner Unique": false, "Merge Cond": "(supplier.s_suppkey = subquery.\"?column?\")", "Plans": [{"Node Type": "Sort", "Parent Relationship": "Outer", "Startup Cost": 2772.67, "Total Cost": 2782.67, "Plan Rows": 4000, "Plan Width": 59, "Sort Key": ["supplier.s_suppkey"], "Plans": [{"Node Type": "Nested Loop", "Parent Relationship": "Outer", "Join Type": "Inner", "Startup Cost": 95.25, "Total Cost": 2533.35, "Plan Rows": 4000, "Plan Width": 59, "Inner Unique": false, "Plans": [{"Node Type": "Seq Scan", "Parent Relationship": "Outer", "Relation Name": "nation", "Alias": "nation", "Startup Cost": 0.0, "Total Cost": 1.31, "Plan Rows": 1, "Plan Width": 4, "Filter": "(n_name = 'ALGERIA'::bpchar)"}, {"Node Type": "Bitmap Heap Scan", "Parent Relationship": "Inner", "Relation Name": "supplier", "Alias": "supplier", "Startup Cost": 95.25, "Total Cost": 2492.04, "Plan Rows": 4000, "Plan Width": 63, "Recheck Cond": "(s_nationkey = nation.n_nationkey)", "Plans": [{"Node Type": "Bitmap Index Scan", "Parent Relationship": "Outer", "Index Name": "idx_supplier_nation_key", "Startup Cost": 0.0, "Total Cost": 94.25, "Plan Rows": 4000, "Plan Width": 0, "Index Cond": "(s_nationkey = nation.n_nationkey)"}]}]}]}, {"Node Type": "Materialize", "Parent Relationship": "Inner", "Startup Cost": 3623063.44, "Total Cost": 3691585.29, "Plan Rows": 2, "Plan Width": 16, "Plans": [{"Node Type": "Merge Join", "Parent Relationship": "Outer", "Join Type": "Inner", "Startup Cost": 3623063.44, "Total Cost": 3691585.28, "Plan Rows": 2, "Plan Width": 16, "Inner Unique": true, "Merge Cond": "((partsupp.ps_suppkey = subquery.\"?column?\") AND (partsupp.ps_partkey = subquery.\"?column?\"))", "Join Filter": "((partsupp.ps_availqty)::double precision > (.5::double precision * subquery.\"?column?\"))", "Plans": [{"Node Type": "Sort", "Parent Relationship": "Outer", "Startup Cost": 414234.76, "Total Cost": 414396.14, "Plan Rows": 64552, "Plan Width": 32, "Sort Key": ["partsupp.ps_suppkey", "partsupp.ps_partkey"], "Plans": [{"Node Type": "Nested Loop", "Parent Relationship": "Outer", "Join Type": "Inner", "Startup Cost": 3.19, "Total Cost": 409077.65, "Plan Rows": 64552, "Plan Width": 32, "Inner Unique": false, "Plans": [{"Node Type": "Seq Scan", "Parent Relationship": "Outer", "Relation Name": "part", "Alias": "part", "Startup Cost": 0.0, "Total Cost": 66944.0, "Plan Rows": 22472, "Plan Width": 8, "Filter": "((p_name)::text ~~ 'green%'::text)"}, {"Node Type": "Bitmap Heap Scan", "Parent Relationship": "Inner", "Relation Name": "partsupp", "Alias": "partsupp", "Startup Cost": 3.19, "Total Cost": 15.19, "Plan Rows": 3, "Plan Width": 24, "Recheck Cond": "(ps_partkey = part.p_partkey)", "Plans": [{"Node Type": "Bitmap Index Scan", "Parent Relationship": "Outer", "Index Name": "idx_partsupp_partkey", "Startup Cost": 0.0, "Total Cost": 3.19, "Plan Rows": 3, "Plan Width": 0, "Index Cond": "(ps_partkey = part.p_partkey)"}]}]}]}, {"Node Type": "Sort", "Parent Relationship": "Inner", "Startup Cost": 3208828.67, "Total Cost": 3231507.87, "Plan Rows": 9071680, "Plan Width": 24, "Sort Key": ["subquery.\"?column?\"", "subquery.\"?column?\""], "Plans": [{"Node Type": "Subquery Scan", "Parent Relationship": "Outer", "Alias": "subquery", "Startup Cost": 1956349.97, "Total Cost": 2160462.77, "Plan Rows": 9071680, "Plan Width": 24, "Plans": [{"Node Type": "Aggregate", "Strategy": "Hashed", "Parent Relationship": "Subquery", "Startup Cost": 1956349.97, "Total Cost": 2069745.97, "Plan Rows": 9071680, "Plan Width": 40, "Group By Key": ["lineitem.l_partkey", "lineitem.l_suppkey"], "Plans": [{"Node Type": "Bitmap Heap Scan", "Parent Relationship": "Outer", "Relation Name": "lineitem", "Alias": "lineitem", "Startup Cost": 314312.97, "Total Cost": 1865633.17, "Plan Rows": 9071680, "Plan Width": 24, "Recheck Cond": "((l_shipdate >= '1993-01-01 00:00:00'::timestamp(0) without time zone) AND (l_shipdate < '1994-01-01 00:00:00'::timestamp without time zone)), (LLVM Optimized)", "Plans": [{"Node Type": "Bitmap Index Scan", "Parent Relationship": "Outer", "Index Name": "idx_lineitem_shipdate", "Startup Cost": 0.0, "Total Cost": 312045.05, "Plan Rows": 9071680, "Plan Width": 0, "Index Cond": "((l_shipdate >= '1993-01-01 00:00:00'::timestamp(0) without time zone) AND (l_shipdate < '1994-01-01 00:00:00'::timestamp without time zone))"}]}]}]}]}]}]}]}]}, "Unique SQL Id": 202076520, "Planner Runtime": 3}, "explain_analyze_plan": {"Plan": {"Node Type": "Sort", "Startup Cost": 3694487.63, "Total Cost": 3694492.63, "Plan Rows": 2000, "Plan Width": 51, "Actual Startup Time": 30723.177, "Actual Total Time": 30723.329, "Actual Rows": 1746, "Actual Loops": 1, "Sort Key": ["supplier.s_name"], "Sort Method": "quicksort", "Sort Space Used": 309, "Sort Space Type": "Memory", "Plans": [{"Node Type": "Merge Join", "Parent Relationship": "Outer", "Join Type": "Semi", "Startup Cost": 3625836.1, "Total Cost": 3694377.98, "Plan Rows": 2000, "Plan Width": 51, "Actual Startup Time": 28731.202, "Actual Total Time": 30720.978, "Actual Rows": 1746, "Actual Loops": 1, "Inner Unique": false, "Merge Cond": "(supplier.s_suppkey = subquery.\"?column?\")", "Plans": [{"Node Type": "Sort", "Parent Relationship": "Outer", "Startup Cost": 2772.67, "Total Cost": 2782.67, "Plan Rows": 4000, "Plan Width": 59, "Actual Startup Time": 8.338, "Actual Total Time": 9.088, "Actual Rows": 3934, "Actual Loops": 1, "Sort Key": ["supplier.s_suppkey"], "Sort Method": "quicksort", "Sort Space Used": 711, "Sort Space Type": "Memory", "Plans": [{"Node Type": "Nested Loop", "Parent Relationship": "Outer", "Join Type": "Inner", "Startup Cost": 95.25, "Total Cost": 2533.35, "Plan Rows": 4000, "Plan Width": 59, "Actual Startup Time": 0.981, "Actual Total Time": 6.907, "Actual Rows": 3934, "Actual Loops": 1, "Inner Unique": false, "Plans": [{"Node Type": "Seq Scan", "Parent Relationship": "Outer", "Relation Name": "nation", "Alias": "nation", "Startup Cost": 0.0, "Total Cost": 1.31, "Plan Rows": 1, "Plan Width": 4, "Actual Startup Time": 0.025, "Actual Total Time": 0.039, "Actual Rows": 1, "Actual Loops": 1, "Filter": "(n_name = 'ALGERIA'::bpchar)", "Rows Removed by Filter": 24}, {"Node Type": "Bitmap Heap Scan", "Parent Relationship": "Inner", "Relation Name": "supplier", "Alias": "supplier", "Startup Cost": 95.25, "Total Cost": 2492.04, "Plan Rows": 4000, "Plan Width": 63, "Actual Startup Time": 0.947, "Actual Total Time": 6.087, "Actual Rows": 3934, "Actual Loops": 1, "Recheck Cond": "(s_nationkey = nation.n_nationkey)", "Rows Removed by Index Recheck": 0, "Exact Heap Blocks": 1897, "Lossy Heap Blocks": 1897, "Plans": [{"Node Type": "Bitmap Index Scan", "Parent Relationship": "Outer", "Index Name": "idx_supplier_nation_key", "Startup Cost": 0.0, "Total Cost": 94.25, "Plan Rows": 4000, "Plan Width": 0, "Actual Startup Time": 0.639, "Actual Total Time": 0.639, "Actual Rows": 3934, "Actual Loops": 1, "Index Cond": "(s_nationkey = nation.n_nationkey)"}]}]}]}, {"Node Type": "Materialize", "Parent Relationship": "Inner", "Startup Cost": 3623063.44, "Total Cost": 3691585.29, "Plan Rows": 2, "Plan Width": 16, "Actual Startup Time": 28722.134, "Actual Total Time": 30698.315, "Actual Rows": 58530, "Actual Loops": 1, "Plans": [{"Node Type": "Merge Join", "Parent Relationship": "Outer", "Join Type": "Inner", "Startup Cost": 3623063.44, "Total Cost": 3691585.28, "Plan Rows": 2, "Plan Width": 16, "Actual Startup Time": 28722.131, "Actual Total Time": 30689.935, "Actual Rows": 58530, "Actual Loops": 1, "Inner Unique": true, "Merge Cond": "((partsupp.ps_suppkey = subquery.\"?column?\") AND (partsupp.ps_partkey = subquery.\"?column?\"))", "Join Filter": "((partsupp.ps_availqty)::double precision > (.5::double precision * subquery.\"?column?\"))", "Rows Removed by Join Filter": 0, "Plans": [{"Node Type": "Sort", "Parent Relationship": "Outer", "Startup Cost": 414234.76, "Total Cost": 414396.14, "Plan Rows": 64552, "Plan Width": 32, "Actual Startup Time": 1068.609, "Actual Total Time": 1085.79, "Actual Rows": 86215, "Actual Loops": 1, "Sort Key": ["partsupp.ps_suppkey", "partsupp.ps_partkey"], "Sort Method": "quicksort", "Sort Space Used": 11156, "Sort Space Type": "Memory", "Plans": [{"Node Type": "Nested Loop", "Parent Relationship": "Outer", "Join Type": "Inner", "Startup Cost": 3.19, "Total Cost": 409077.65, "Plan Rows": 64552, "Plan Width": 32, "Actual Startup Time": 0.08, "Actual Total Time": 1018.843, "Actual Rows": 86224, "Actual Loops": 1, "Inner Unique": false, "Plans": [{"Node Type": "Seq Scan", "Parent Relationship": "Outer", "Relation Name": "part", "Alias": "part", "Startup Cost": 0.0, "Total Cost": 66944.0, "Plan Rows": 22472, "Plan Width": 8, "Actual Startup Time": 0.041, "Actual Total Time": 780.84, "Actual Rows": 21556, "Actual Loops": 1, "Filter": "((p_name)::text ~~ 'green%'::text)", "Rows Removed by Filter": 1978444}, {"Node Type": "Bitmap Heap Scan", "Parent Relationship": "Inner", "Relation Name": "partsupp", "Alias": "partsupp", "Startup Cost": 3.19, "Total Cost": 15.19, "Plan Rows": 3, "Plan Width": 24, "Actual Startup Time": 178.571, "Actual Total Time": 193.952, "Actual Rows": 86224, "Actual Loops": 21556, "Recheck Cond": "(ps_partkey = part.p_partkey)", "Rows Removed by Index Recheck": 0, "Exact Heap Blocks": 23502, "Lossy Heap Blocks": 23502, "Plans": [{"Node Type": "Bitmap Index Scan", "Parent Relationship": "Outer", "Index Name": "idx_partsupp_partkey", "Startup Cost": 0.0, "Total Cost": 3.19, "Plan Rows": 3, "Plan Width": 0, "Actual Startup Time": 92.681, "Actual Total Time": 92.681, "Actual Rows": 86224, "Actual Loops": 21556, "Index Cond": "(ps_partkey = part.p_partkey)"}]}]}]}, {"Node Type": "Sort", "Parent Relationship": "Inner", "Startup Cost": 3208828.67, "Total Cost": 3231507.87, "Plan Rows": 9071680, "Plan Width": 24, "Actual Startup Time": 27653.224, "Actual Total Time": 28785.316, "Actual Rows": 5442190, "Actual Loops": 1, "Sort Key": ["subquery.\"?column?\"", "subquery.\"?column?\""], "Sort Method": "quicksort", "Sort Space Used": 706866, "Sort Space Type": "Memory", "Plans": [{"Node Type": "Subquery Scan", "Parent Relationship": "Outer", "Alias": "subquery", "Startup Cost": 1956349.97, "Total Cost": 2160462.77, "Plan Rows": 9071680, "Plan Width": 24, "Actual Startup Time": 18682.797, "Actual Total Time": 23193.592, "Actual Rows": 5442751, "Actual Loops": 1, "Plans": [{"Node Type": "Aggregate", "Strategy": "Hashed", "Parent Relationship": "Subquery", "Startup Cost": 1956349.97, "Total Cost": 2069745.97, "Plan Rows": 9071680, "Plan Width": 40, "Actual Startup Time": 18682.79, "Actual Total Time": 22160.003, "Actual Rows": 5442751, "Actual Loops": 1, "Group By Key": ["lineitem.l_partkey", "lineitem.l_suppkey"], "Plans": [{"Node Type": "Bitmap Heap Scan", "Parent Relationship": "Outer", "Relation Name": "lineitem", "Alias": "lineitem", "Startup Cost": 314312.97, "Total Cost": 1865633.17, "Plan Rows": 9071680, "Plan Width": 24, "Actual Startup Time": 4235.028, "Actual Total Time": 11942.235, "Actual Rows": 9109641, "Actual Loops": 1, "Recheck Cond": "((l_shipdate >= '1993-01-01 00:00:00'::timestamp(0) without time zone) AND (l_shipdate < '1994-01-01 00:00:00'::timestamp without time zone)), (LLVM Optimized, Jit Execute)", "Rows Removed by Index Recheck": 0, "Exact Heap Blocks": 1252335, "Lossy Heap Blocks": 1252335, "Plans": [{"Node Type": "Bitmap Index Scan", "Parent Relationship": "Outer", "Index Name": "idx_lineitem_shipdate", "Startup Cost": 0.0, "Total Cost": 312045.05, "Plan Rows": 9071680, "Plan Width": 0, "Actual Startup Time": 3628.424, "Actual Total Time": 3628.424, "Actual Rows": 9109641, "Actual Loops": 1, "Index Cond": "((l_shipdate >= '1993-01-01 00:00:00'::timestamp(0) without time zone) AND (l_shipdate < '1994-01-01 00:00:00'::timestamp without time zone))"}]}]}]}]}]}]}]}]}, "Triggers": [], "Planner Runtime": 2, "Total Runtime": 30734.387, "Unique SQL Id": 202076520}}, "(16, 83)": {"explain_plan": {"Plan": {"Node Type": "Sort", "Startup Cost": 41474309.17, "Total Cost": 41474314.17, "Plan Rows": 2000, "Plan Width": 51, "Sort Key": ["supplier.s_name"], "Plans": [{"Node Type": "Nested Loop", "Parent Relationship": "Outer", "Join Type": "Inner", "Startup Cost": 41260049.96, "Total Cost": 41474199.51, "Plan Rows": 2000, "Plan Width": 51, "Inner Unique": true, "Plans": [{"Node Type": "Nested Loop", "Parent Relationship": "Outer", "Join Type": "Inner", "Startup Cost": 41260049.7, "Total Cost": 41260058.01, "Plan Rows": 50000, "Plan Width": 55, "Inner Unique": true, "Plans": [{"Node Type": "Unique", "Parent Relationship": "Outer", "Startup Cost": 41260049.44, "Total Cost": 41260049.45, "Plan Rows": 2, "Plan Width": 16, "Plans": [{"Node Type": "Sort", "Parent Relationship": "Outer", "Startup Cost": 41260049.44, "Total Cost": 41260049.45, "Plan Rows": 2, "Plan Width": 16, "Sort Key": ["partsupp.ps_suppkey"], "Plans": [{"Node Type": "Nested Loop", "Parent Relationship": "Outer", "Join Type": "Semi", "Startup Cost": 1956350.51, "Total Cost": 41260049.43, "Plan Rows": 2, "Plan Width": 16, "Inner Unique": false, "Join Filter": "(partsupp.ps_partkey = part.p_partkey)", "Plans": [{"Node Type": "Nested Loop", "Parent Relationship": "Outer", "Join Type": "Inner", "Startup Cost": 1956350.25, "Total Cost": 41259981.09, "Plan Rows": 15, "Plan Width": 32, "Inner Unique": true, "Plans": [{"Node Type": "Aggregate", "Strategy": "Hashed", "Parent Relationship": "Outer", "Startup Cost": 1956349.97, "Total Cost": 2069745.97, "Plan Rows": 9071680, "Plan Width": 40, "Group By Key": ["lineitem.l_partkey", "lineitem.l_suppkey"], "Plans": [{"Node Type": "Bitmap Heap Scan", "Parent Relationship": "Outer", "Relation Name": "lineitem", "Alias": "lineitem", "Startup Cost": 314312.97, "Total Cost": 1865633.17, "Plan Rows": 9071680, "Plan Width": 24, "Recheck Cond": "((l_shipdate >= '1993-01-01 00:00:00'::timestamp(0) without time zone) AND (l_shipdate < '1994-01-01 00:00:00'::timestamp without time zone)), (LLVM Optimized)", "Plans": [{"Node Type": "Bitmap Index Scan", "Parent Relationship": "Outer", "Index Name": "idx_lineitem_shipdate", "Startup Cost": 0.0, "Total Cost": 312045.05, "Plan Rows": 9071680, "Plan Width": 0, "Index Cond": "((l_shipdate >= '1993-01-01 00:00:00'::timestamp(0) without time zone) AND (l_shipdate < '1994-01-01 00:00:00'::timestamp without time zone))"}]}]}, {"Node Type": "Bitmap Heap Scan", "Parent Relationship": "Inner", "Relation Name": "partsupp", "Alias": "partsupp", "Startup Cost": 0.28, "Total Cost": 4.3, "Plan Rows": 1, "Plan Width": 24, "Recheck Cond": "((ps_partkey = lineitem.l_partkey) AND (ps_suppkey = lineitem.l_suppkey))", "Filter": "((ps_availqty)::double precision > (.5::double precision * (sum(lineitem.l_quantity))))", "Plans": [{"Node Type": "Bitmap Index Scan", "Parent Relationship": "Outer", "Index Name": "partsupp_pkey", "Startup Cost": 0.0, "Total Cost": 0.28, "Plan Rows": 1, "Plan Width": 0, "Index Cond": "((ps_partkey = lineitem.l_partkey) AND (ps_suppkey = lineitem.l_suppkey))"}]}]}, {"Node Type": "Bitmap Heap Scan", "Parent Relationship": "Inner", "Relation Name": "part", "Alias": "part", "Startup Cost": 0.26, "Total Cost": 4.28, "Plan Rows": 1, "Plan Width": 8, "Recheck Cond": "(p_partkey = lineitem.l_partkey)", "Filter": "((p_name)::text ~~ 'green%'::text)", "Plans": [{"Node Type": "Bitmap Index Scan", "Parent Relationship": "Outer", "Index Name": "part_kpey", "Startup Cost": 0.0, "Total Cost": 0.26, "Plan Rows": 1, "Plan Width": 0, "Index Cond": "(p_partkey = lineitem.l_partkey)"}]}]}]}]}, {"Node Type": "Bitmap Heap Scan", "Parent Relationship": "Inner", "Relation Name": "supplier", "Alias": "supplier", "Startup Cost": 0.26, "Total Cost": 4.27, "Plan Rows": 1, "Plan Width": 63, "Recheck Cond": "(s_suppkey = lineitem.l_suppkey)", "Plans": [{"Node Type": "Bitmap Index Scan", "Parent Relationship": "Outer", "Index Name": "supplier_pkey", "Startup Cost": 0.0, "Total Cost": 0.26, "Plan Rows": 1, "Plan Width": 0, "Index Cond": "(s_suppkey = lineitem.l_suppkey)"}]}]}, {"Node Type": "Bitmap Heap Scan", "Parent Relationship": "Inner", "Relation Name": "nation", "Alias": "nation", "Startup Cost": 0.26, "Total Cost": 4.27, "Plan Rows": 1, "Plan Width": 4, "Recheck Cond": "(n_nationkey = supplier.s_nationkey)", "Filter": "(n_name = 'ALGERIA'::bpchar)", "Plans": [{"Node Type": "Bitmap Index Scan", "Parent Relationship": "Outer", "Index Name": "nation_pkey", "Startup Cost": 0.0, "Total Cost": 0.26, "Plan Rows": 1, "Plan Width": 0, "Index Cond": "(n_nationkey = supplier.s_nationkey)"}]}]}]}, "Unique SQL Id": 202076520, "Planner Runtime": 3}, "explain_analyze_plan": {"Plan": {"Node Type": "Sort", "Startup Cost": 41474309.17, "Total Cost": 41474314.17, "Plan Rows": 2000, "Plan Width": 51, "Actual Startup Time": 128888.36, "Actual Total Time": 128888.508, "Actual Rows": 1746, "Actual Loops": 1, "Sort Key": ["supplier.s_name"], "Sort Method": "quicksort", "Sort Space Used": 309, "Sort Space Type": "Memory", "Plans": [{"Node Type": "Nested Loop", "Parent Relationship": "Outer", "Join Type": "Inner", "Startup Cost": 41260049.96, "Total Cost": 41474199.51, "Plan Rows": 2000, "Plan Width": 51, "Actual Startup Time": 128475.92, "Actual Total Time": 128886.43, "Actual Rows": 1746, "Actual Loops": 1, "Inner Unique": true, "Plans": [{"Node Type": "Nested Loop", "Parent Relationship": "Outer", "Join Type": "Inner", "Startup Cost": 41260049.7, "Total Cost": 41260058.01, "Plan Rows": 50000, "Plan Width": 55, "Actual Startup Time": 128475.528, "Actual Total Time": 128715.763, "Actual Rows": 44487, "Actual Loops": 1, "Inner Unique": true, "Plans": [{"Node Type": "Unique", "Parent Relationship": "Outer", "Startup Cost": 41260049.44, "Total Cost": 41260049.45, "Plan Rows": 2, "Plan Width": 16, "Actual Startup Time": 128475.469, "Actual Total Time": 128506.031, "Actual Rows": 44487, "Actual Loops": 1, "Plans": [{"Node Type": "Sort", "Parent Relationship": "Outer", "Startup Cost": 41260049.44, "Total Cost": 41260049.45, "Plan Rows": 2, "Plan Width": 16, "Actual Startup Time": 128475.464, "Actual Total Time": 128488.423, "Actual Rows": 58537, "Actual Loops": 1, "Sort Key": ["partsupp.ps_suppkey"], "Sort Method": "quicksort", "Sort Space Used": 7024, "Sort Space Type": "Memory", "Plans": [{"Node Type": "Nested Loop", "Parent Relationship": "Outer", "Join Type": "Semi", "Startup Cost": 1956350.51, "Total Cost": 41260049.43, "Plan Rows": 2, "Plan Width": 16, "Actual Startup Time": 19211.651, "Actual Total Time": 128395.823, "Actual Rows": 58537, "Actual Loops": 1, "Inner Unique": false, "Join Filter": "(partsupp.ps_partkey = part.p_partkey)", "Rows Removed by Join Filter": 0, "Plans": [{"Node Type": "Nested Loop", "Parent Relationship": "Outer", "Join Type": "Inner", "Startup Cost": 1956350.25, "Total Cost": 41259981.09, "Plan Rows": 15, "Plan Width": 32, "Actual Startup Time": 19211.227, "Actual Total Time": 79847.531, "Actual Rows": 5431247, "Actual Loops": 1, "Inner Unique": true, "Plans": [{"Node Type": "Aggregate", "Strategy": "Hashed", "Parent Relationship": "Outer", "Startup Cost": 1956349.97, "Total Cost": 2069745.97, "Plan Rows": 9071680, "Plan Width": 40, "Actual Startup Time": 19211.091, "Actual Total Time": 24301.465, "Actual Rows": 5442751, "Actual Loops": 1, "Group By Key": ["lineitem.l_partkey", "lineitem.l_suppkey"], "Plans": [{"Node Type": "Bitmap Heap Scan", "Parent Relationship": "Outer", "Relation Name": "lineitem", "Alias": "lineitem", "Startup Cost": 314312.97, "Total Cost": 1865633.17, "Plan Rows": 9071680, "Plan Width": 24, "Actual Startup Time": 4429.203, "Actual Total Time": 12148.373, "Actual Rows": 9109641, "Actual Loops": 1, "Recheck Cond": "((l_shipdate >= '1993-01-01 00:00:00'::timestamp(0) without time zone) AND (l_shipdate < '1994-01-01 00:00:00'::timestamp without time zone)), (LLVM Optimized, Jit Execute)", "Rows Removed by Index Recheck": 0, "Exact Heap Blocks": 1252335, "Lossy Heap Blocks": 1252335, "Plans": [{"Node Type": "Bitmap Index Scan", "Parent Relationship": "Outer", "Index Name": "idx_lineitem_shipdate", "Startup Cost": 0.0, "Total Cost": 312045.05, "Plan Rows": 9071680, "Plan Width": 0, "Actual Startup Time": 3725.891, "Actual Total Time": 3725.891, "Actual Rows": 9109641, "Actual Loops": 1, "Index Cond": "((l_shipdate >= '1993-01-01 00:00:00'::timestamp(0) without time zone) AND (l_shipdate < '1994-01-01 00:00:00'::timestamp without time zone))"}]}]}, {"Node Type": "Bitmap Heap Scan", "Parent Relationship": "Inner", "Relation Name": "partsupp", "Alias": "partsupp", "Startup Cost": 0.28, "Total Cost": 4.3, "Plan Rows": 1, "Plan Width": 24, "Actual Startup Time": 47744.0, "Actual Total Time": 47744.0, "Actual Rows": 5431247, "Actual Loops": 5442751, "Recheck Cond": "((ps_partkey = lineitem.l_partkey) AND (ps_suppkey = lineitem.l_suppkey))", "Rows Removed by Index Recheck": 0, "Filter": "((ps_availqty)::double precision > (.5::double precision * (sum(lineitem.l_quantity))))", "Rows Removed by Filter": 11504, "Exact Heap Blocks": 5442751, "Lossy Heap Blocks": 5442751, "Plans": [{"Node Type": "Bitmap Index Scan", "Parent Relationship": "Outer", "Index Name": "partsupp_pkey", "Startup Cost": 0.0, "Total Cost": 0.28, "Plan Rows": 1, "Plan Width": 0, "Actual Startup Time": 28969.237, "Actual Total Time": 28969.237, "Actual Rows": 5442751, "Actual Loops": 5442751, "Index Cond": "((ps_partkey = lineitem.l_partkey) AND (ps_suppkey = lineitem.l_suppkey))"}]}]}, {"Node Type": "Bitmap Heap Scan", "Parent Relationship": "Inner", "Relation Name": "part", "Alias": "part", "Startup Cost": 0.26, "Total Cost": 4.28, "Plan Rows": 1, "Plan Width": 8, "Actual Startup Time": 42398.618, "Actual Total Time": 42398.618, "Actual Rows": 58537, "Actual Loops": 5431247, "Recheck Cond": "(p_partkey = lineitem.l_partkey)", "Rows Removed by Index Recheck": 0, "Filter": "((p_name)::text ~~ 'green%'::text)", "Rows Removed by Filter": 5372710, "Exact Heap Blocks": 5431247, "Lossy Heap Blocks": 5431247, "Plans": [{"Node Type": "Bitmap Index Scan", "Parent Relationship": "Outer", "Index Name": "part_kpey", "Startup Cost": 0.0, "Total Cost": 0.26, "Plan Rows": 1, "Plan Width": 0, "Actual Startup Time": 24845.499, "Actual Total Time": 24845.499, "Actual Rows": 5431247, "Actual Loops": 5431247, "Index Cond": "(p_partkey = lineitem.l_partkey)"}]}]}]}]}, {"Node Type": "Bitmap Heap Scan", "Parent Relationship": "Inner", "Relation Name": "supplier", "Alias": "supplier", "Startup Cost": 0.26, "Total Cost": 4.27, "Plan Rows": 1, "Plan Width": 63, "Actual Startup Time": 150.562, "Actual Total Time": 150.562, "Actual Rows": 44487, "Actual Loops": 44487, "Recheck Cond": "(s_suppkey = lineitem.l_suppkey)", "Rows Removed by Index Recheck": 0, "Exact Heap Blocks": 44487, "Lossy Heap Blocks": 44487, "Plans": [{"Node Type": "Bitmap Index Scan", "Parent Relationship": "Outer", "Index Name": "supplier_pkey", "Startup Cost": 0.0, "Total Cost": 0.26, "Plan Rows": 1, "Plan Width": 0, "Actual Startup Time": 82.325, "Actual Total Time": 82.325, "Actual Rows": 44487, "Actual Loops": 44487, "Index Cond": "(s_suppkey = lineitem.l_suppkey)"}]}]}, {"Node Type": "Bitmap Heap Scan", "Parent Relationship": "Inner", "Relation Name": "nation", "Alias": "nation", "Startup Cost": 0.26, "Total Cost": 4.27, "Plan Rows": 1, "Plan Width": 4, "Actual Startup Time": 120.985, "Actual Total Time": 120.985, "Actual Rows": 1746, "Actual Loops": 44487, "Recheck Cond": "(n_nationkey = supplier.s_nationkey)", "Rows Removed by Index Recheck": 0, "Filter": "(n_name = 'ALGERIA'::bpchar)", "Rows Removed by Filter": 42741, "Exact Heap Blocks": 44487, "Lossy Heap Blocks": 44487, "Plans": [{"Node Type": "Bitmap Index Scan", "Parent Relationship": "Outer", "Index Name": "nation_pkey", "Startup Cost": 0.0, "Total Cost": 0.26, "Plan Rows": 1, "Plan Width": 0, "Actual Startup Time": 44.911, "Actual Total Time": 44.911, "Actual Rows": 44487, "Actual Loops": 44487, "Index Cond": "(n_nationkey = supplier.s_nationkey)"}]}]}]}, "Triggers": [], "Planner Runtime": 1, "Total Runtime": 128900.171, "Unique SQL Id": 202076520}}, "(16, 84)": {"explain_plan": {"Plan": {"Node Type": "Sort", "Startup Cost": 3527405.4, "Total Cost": 3527410.4, "Plan Rows": 2000, "Plan Width": 51, "Sort Key": ["supplier.s_name"], "Plans": [{"Node Type": "Nested Loop", "Parent Relationship": "Outer", "Join Type": "Inner", "Startup Cost": 3439058.32, "Total Cost": 3527295.74, "Plan Rows": 2000, "Plan Width": 51, "Inner Unique": true, "Plans": [{"Node Type": "Merge Join", "Parent Relationship": "Outer", "Join Type": "Semi", "Startup Cost": 3439058.32, "Total Cost": 3513164.74, "Plan Rows": 50000, "Plan Width": 55, "Inner Unique": false, "Merge Cond": "(supplier.s_suppkey = subquery.\"?column?\")", "Plans": [{"Node Type": "Index Scan", "Parent Relationship": "Outer", "Scan Direction": "Forward", "Index Name": "supplier_pkey", "Relation Name": "supplier", "Alias": "supplier", "Startup Cost": 0.0, "Total Cost": 5334.54, "Plan Rows": 100000, "Plan Width": 63}, {"Node Type": "Materialize", "Parent Relationship": "Inner", "Startup Cost": 3439058.32, "Total Cost": 3507580.17, "Plan Rows": 2, "Plan Width": 16, "Plans": [{"Node Type": "Merge Join", "Parent Relationship": "Outer", "Join Type": "Inner", "Startup Cost": 3439058.32, "Total Cost": 3507580.16, "Plan Rows": 2, "Plan Width": 16, "Inner Unique": true, "Merge Cond": "((partsupp.ps_suppkey = subquery.\"?column?\") AND (partsupp.ps_partkey = subquery.\"?column?\"))", "Join Filter": "((partsupp.ps_availqty)::double precision > (.5::double precision * subquery.\"?column?\"))", "Plans": [{"Node Type": "Sort", "Parent Relationship": "Outer", "Startup Cost": 230229.65, "Total Cost": 230391.03, "Plan Rows": 64552, "Plan Width": 32, "Sort Key": ["partsupp.ps_suppkey", "partsupp.ps_partkey"], "Plans": [{"Node Type": "Nested Loop", "Parent Relationship": "Outer", "Join Type": "Inner", "Startup Cost": 0.0, "Total Cost": 225072.53, "Plan Rows": 64552, "Plan Width": 32, "Inner Unique": false, "Plans": [{"Node Type": "Seq Scan", "Parent Relationship": "Outer", "Relation Name": "part", "Alias": "part", "Startup Cost": 0.0, "Total Cost": 66944.0, "Plan Rows": 22472, "Plan Width": 8, "Filter": "((p_name)::text ~~ 'green%'::text)"}, {"Node Type": "Index Scan", "Parent Relationship": "Inner", "Scan Direction": "Forward", "Index Name": "idx_partsupp_partkey", "Relation Name": "partsupp", "Alias": "partsupp", "Startup Cost": 0.0, "Total Cost": 7.01, "Plan Rows": 3, "Plan Width": 24, "Index Cond": "(ps_partkey = part.p_partkey)"}]}]}, {"Node Type": "Sort", "Parent Relationship": "Inner", "Startup Cost": 3208828.67, "Total Cost": 3231507.87, "Plan Rows": 9071680, "Plan Width": 24, "Sort Key": ["subquery.\"?column?\"", "subquery.\"?column?\""], "Plans": [{"Node Type": "Subquery Scan", "Parent Relationship": "Outer", "Alias": "subquery", "Startup Cost": 1956349.97, "Total Cost": 2160462.77, "Plan Rows": 9071680, "Plan Width": 24, "Plans": [{"Node Type": "Aggregate", "Strategy": "Hashed", "Parent Relationship": "Subquery", "Startup Cost": 1956349.97, "Total Cost": 2069745.97, "Plan Rows": 9071680, "Plan Width": 40, "Group By Key": ["lineitem.l_partkey", "lineitem.l_suppkey"], "Plans": [{"Node Type": "Bitmap Heap Scan", "Parent Relationship": "Outer", "Relation Name": "lineitem", "Alias": "lineitem", "Startup Cost": 314312.97, "Total Cost": 1865633.17, "Plan Rows": 9071680, "Plan Width": 24, "Recheck Cond": "((l_shipdate >= '1993-01-01 00:00:00'::timestamp(0) without time zone) AND (l_shipdate < '1994-01-01 00:00:00'::timestamp without time zone)), (LLVM Optimized)", "Plans": [{"Node Type": "Bitmap Index Scan", "Parent Relationship": "Outer", "Index Name": "idx_lineitem_shipdate", "Startup Cost": 0.0, "Total Cost": 312045.05, "Plan Rows": 9071680, "Plan Width": 0, "Index Cond": "((l_shipdate >= '1993-01-01 00:00:00'::timestamp(0) without time zone) AND (l_shipdate < '1994-01-01 00:00:00'::timestamp without time zone))"}]}]}]}]}]}]}]}, {"Node Type": "Index Scan", "Parent Relationship": "Inner", "Scan Direction": "Forward", "Index Name": "nation_pkey", "Relation Name": "nation", "Alias": "nation", "Startup Cost": 0.0, "Total Cost": 0.27, "Plan Rows": 1, "Plan Width": 4, "Index Cond": "(n_nationkey = supplier.s_nationkey)", "Filter": "(n_name = 'ALGERIA'::bpchar)"}]}]}, "Unique SQL Id": 202076520, "Planner Runtime": 2}, "explain_analyze_plan": {"Plan": {"Node Type": "Sort", "Startup Cost": 3527405.4, "Total Cost": 3527410.4, "Plan Rows": 2000, "Plan Width": 51, "Actual Startup Time": 32000.471, "Actual Total Time": 32000.654, "Actual Rows": 1746, "Actual Loops": 1, "Sort Key": ["supplier.s_name"], "Sort Method": "quicksort", "Sort Space Used": 309, "Sort Space Type": "Memory", "Plans": [{"Node Type": "Nested Loop", "Parent Relationship": "Outer", "Join Type": "Inner", "Startup Cost": 3439058.32, "Total Cost": 3527295.74, "Plan Rows": 2000, "Plan Width": 51, "Actual Startup Time": 29597.435, "Actual Total Time": 31997.648, "Actual Rows": 1746, "Actual Loops": 1, "Inner Unique": true, "Plans": [{"Node Type": "Merge Join", "Parent Relationship": "Outer", "Join Type": "Semi", "Startup Cost": 3439058.32, "Total Cost": 3513164.74, "Plan Rows": 50000, "Plan Width": 55, "Actual Startup Time": 29596.608, "Actual Total Time": 31876.204, "Actual Rows": 44487, "Actual Loops": 1, "Inner Unique": false, "Merge Cond": "(supplier.s_suppkey = subquery.\"?column?\")", "Plans": [{"Node Type": "Index Scan", "Parent Relationship": "Outer", "Scan Direction": "Forward", "Index Name": "supplier_pkey", "Relation Name": "supplier", "Alias": "supplier", "Startup Cost": 0.0, "Total Cost": 5334.54, "Plan Rows": 100000, "Plan Width": 63, "Actual Startup Time": 0.026, "Actual Total Time": 71.502, "Actual Rows": 100000, "Actual Loops": 1}, {"Node Type": "Materialize", "Parent Relationship": "Inner", "Startup Cost": 3439058.32, "Total Cost": 3507580.17, "Plan Rows": 2, "Plan Width": 16, "Actual Startup Time": 29596.552, "Actual Total Time": 31758.706, "Actual Rows": 58537, "Actual Loops": 1, "Plans": [{"Node Type": "Merge Join", "Parent Relationship": "Outer", "Join Type": "Inner", "Startup Cost": 3439058.32, "Total Cost": 3507580.16, "Plan Rows": 2, "Plan Width": 16, "Actual Startup Time": 29596.55, "Actual Total Time": 31749.62, "Actual Rows": 58537, "Actual Loops": 1, "Inner Unique": true, "Merge Cond": "((partsupp.ps_suppkey = subquery.\"?column?\") AND (partsupp.ps_partkey = subquery.\"?column?\"))", "Join Filter": "((partsupp.ps_availqty)::double precision > (.5::double precision * subquery.\"?column?\"))", "Rows Removed by Join Filter": 0, "Plans": [{"Node Type": "Sort", "Parent Relationship": "Outer", "Startup Cost": 230229.65, "Total Cost": 230391.03, "Plan Rows": 64552, "Plan Width": 32, "Actual Startup Time": 1065.344, "Actual Total Time": 1091.36, "Actual Rows": 86224, "Actual Loops": 1, "Sort Key": ["partsupp.ps_suppkey", "partsupp.ps_partkey"], "Sort Method": "quicksort", "Sort Space Used": 11156, "Sort Space Type": "Memory", "Plans": [{"Node Type": "Nested Loop", "Parent Relationship": "Outer", "Join Type": "Inner", "Startup Cost": 0.0, "Total Cost": 225072.53, "Plan Rows": 64552, "Plan Width": 32, "Actual Startup Time": 0.041, "Actual Total Time": 1017.729, "Actual Rows": 86224, "Actual Loops": 1, "Inner Unique": false, "Plans": [{"Node Type": "Seq Scan", "Parent Relationship": "Outer", "Relation Name": "part", "Alias": "part", "Startup Cost": 0.0, "Total Cost": 66944.0, "Plan Rows": 22472, "Plan Width": 8, "Actual Startup Time": 0.026, "Actual Total Time": 782.328, "Actual Rows": 21556, "Actual Loops": 1, "Filter": "((p_name)::text ~~ 'green%'::text)", "Rows Removed by Filter": 1978444}, {"Node Type": "Index Scan", "Parent Relationship": "Inner", "Scan Direction": "Forward", "Index Name": "idx_partsupp_partkey", "Relation Name": "partsupp", "Alias": "partsupp", "Startup Cost": 0.0, "Total Cost": 7.01, "Plan Rows": 3, "Plan Width": 24, "Actual Startup Time": 158.668, "Actual Total Time": 204.829, "Actual Rows": 86224, "Actual Loops": 21556, "Index Cond": "(ps_partkey = part.p_partkey)", "Rows Removed by Index Recheck": 0}]}]}, {"Node Type": "Sort", "Parent Relationship": "Inner", "Startup Cost": 3208828.67, "Total Cost": 3231507.87, "Plan Rows": 9071680, "Plan Width": 24, "Actual Startup Time": 28531.071, "Actual Total Time": 29829.673, "Actual Rows": 5442737, "Actual Loops": 1, "Sort Key": ["subquery.\"?column?\"", "subquery.\"?column?\""], "Sort Method": "quicksort", "Sort Space Used": 706866, "Sort Space Type": "Memory", "Plans": [{"Node Type": "Subquery Scan", "Parent Relationship": "Outer", "Alias": "subquery", "Startup Cost": 1956349.97, "Total Cost": 2160462.77, "Plan Rows": 9071680, "Plan Width": 24, "Actual Startup Time": 19087.406, "Actual Total Time": 23582.077, "Actual Rows": 5442751, "Actual Loops": 1, "Plans": [{"Node Type": "Aggregate", "Strategy": "Hashed", "Parent Relationship": "Subquery", "Startup Cost": 1956349.97, "Total Cost": 2069745.97, "Plan Rows": 9071680, "Plan Width": 40, "Actual Startup Time": 19087.402, "Actual Total Time": 22569.547, "Actual Rows": 5442751, "Actual Loops": 1, "Group By Key": ["lineitem.l_partkey", "lineitem.l_suppkey"], "Plans": [{"Node Type": "Bitmap Heap Scan", "Parent Relationship": "Outer", "Relation Name": "lineitem", "Alias": "lineitem", "Startup Cost": 314312.97, "Total Cost": 1865633.17, "Plan Rows": 9071680, "Plan Width": 24, "Actual Startup Time": 3950.86, "Actual Total Time": 11264.291, "Actual Rows": 9109641, "Actual Loops": 1, "Recheck Cond": "((l_shipdate >= '1993-01-01 00:00:00'::timestamp(0) without time zone) AND (l_shipdate < '1994-01-01 00:00:00'::timestamp without time zone)), (LLVM Optimized, Jit Execute)", "Rows Removed by Index Recheck": 0, "Exact Heap Blocks": 1252335, "Lossy Heap Blocks": 1252335, "Plans": [{"Node Type": "Bitmap Index Scan", "Parent Relationship": "Outer", "Index Name": "idx_lineitem_shipdate", "Startup Cost": 0.0, "Total Cost": 312045.05, "Plan Rows": 9071680, "Plan Width": 0, "Actual Startup Time": 3373.238, "Actual Total Time": 3373.238, "Actual Rows": 9109641, "Actual Loops": 1, "Index Cond": "((l_shipdate >= '1993-01-01 00:00:00'::timestamp(0) without time zone) AND (l_shipdate < '1994-01-01 00:00:00'::timestamp without time zone))"}]}]}]}]}]}]}]}, {"Node Type": "Index Scan", "Parent Relationship": "Inner", "Scan Direction": "Forward", "Index Name": "nation_pkey", "Relation Name": "nation", "Alias": "nation", "Startup Cost": 0.0, "Total Cost": 0.27, "Plan Rows": 1, "Plan Width": 4, "Actual Startup Time": 95.98, "Actual Total Time": 95.98, "Actual Rows": 1746, "Actual Loops": 44487, "Index Cond": "(n_nationkey = supplier.s_nationkey)", "Rows Removed by Index Recheck": 0, "Filter": "(n_name = 'ALGERIA'::bpchar)", "Rows Removed by Filter": 42741}]}]}, "Triggers": [], "Planner Runtime": 2, "Total Runtime": 32012.925, "Unique SQL Id": 202076520}}, "(16, 85)": {"explain_plan": {"Plan": {"Node Type": "Sort", "Startup Cost": 3528034.41, "Total Cost": 3528039.41, "Plan Rows": 2000, "Plan Width": 51, "Sort Key": ["supplier.s_name"], "Plans": [{"Node Type": "Merge Join", "Parent Relationship": "Outer", "Join Type": "Semi", "Startup Cost": 3527904.72, "Total Cost": 3527924.75, "Plan Rows": 2000, "Plan Width": 51, "Inner Unique": false, "Merge Cond": "(supplier.s_suppkey = subquery.\"?column?\")", "Plans": [{"Node Type": "Sort", "Parent Relationship": "Outer", "Startup Cost": 2784.04, "Total Cost": 2794.04, "Plan Rows": 4000, "Plan Width": 59, "Sort Key": ["supplier.s_suppkey"], "Plans": [{"Node Type": "Nested Loop", "Parent Relationship": "Outer", "Join Type": "Inner", "Startup Cost": 95.25, "Total Cost": 2544.73, "Plan Rows": 4000, "Plan Width": 59, "Inner Unique": false, "Plans": [{"Node Type": "Index Scan", "Parent Relationship": "Outer", "Scan Direction": "Forward", "Index Name": "nation_pkey", "Relation Name": "nation", "Alias": "nation", "Startup Cost": 0.0, "Total Cost": 12.69, "Plan Rows": 1, "Plan Width": 4, "Filter": "(n_name = 'ALGERIA'::bpchar)"}, {"Node Type": "Bitmap Heap Scan", "Parent Relationship": "Inner", "Relation Name": "supplier", "Alias": "supplier", "Startup Cost": 95.25, "Total Cost": 2492.04, "Plan Rows": 4000, "Plan Width": 63, "Recheck Cond": "(s_nationkey = nation.n_nationkey)", "Plans": [{"Node Type": "Bitmap Index Scan", "Parent Relationship": "Outer", "Index Name": "idx_supplier_nation_key", "Startup Cost": 0.0, "Total Cost": 94.25, "Plan Rows": 4000, "Plan Width": 0, "Index Cond": "(s_nationkey = nation.n_nationkey)"}]}]}]}, {"Node Type": "Sort", "Parent Relationship": "Inner", "Startup Cost": 3525120.68, "Total Cost": 3525120.69, "Plan Rows": 2, "Plan Width": 16, "Sort Key": ["partsupp.ps_suppkey"], "Plans": [{"Node Type": "Merge Join", "Parent Relationship": "Outer", "Join Type": "Inner", "Startup Cost": 3208828.67, "Total Cost": 3525120.67, "Plan Rows": 2, "Plan Width": 16, "Inner Unique": true, "Merge Cond": "(partsupp.ps_partkey = subquery.\"?column?\")", "Join Filter": "((partsupp.ps_suppkey = subquery.\"?column?\") AND ((partsupp.ps_availqty)::double precision > (.5::double precision * subquery.\"?column?\")))", "Plans": [{"Node Type": "Nested Loop", "Parent Relationship": "Outer", "Join Type": "Inner", "Startup Cost": 0.0, "Total Cost": 263931.78, "Plan Rows": 64552, "Plan Width": 32, "Inner Unique": false, "Plans": [{"Node Type": "Index Scan", "Parent Relationship": "Outer", "Scan Direction": "Forward", "Index Name": "part_kpey", "Relation Name": "part", "Alias": "part", "Startup Cost": 0.0, "Total Cost": 105803.25, "Plan Rows": 22472, "Plan Width": 8, "Filter": "((p_name)::text ~~ 'green%'::text)"}, {"Node Type": "Index Scan", "Parent Relationship": "Inner", "Scan Direction": "Forward", "Index Name": "idx_partsupp_partkey", "Relation Name": "partsupp", "Alias": "partsupp", "Startup Cost": 0.0, "Total Cost": 7.01, "Plan Rows": 3, "Plan Width": 24, "Index Cond": "(ps_partkey = part.p_partkey)"}]}, {"Node Type": "Sort", "Parent Relationship": "Inner", "Startup Cost": 3208828.67, "Total Cost": 3231507.87, "Plan Rows": 9071680, "Plan Width": 24, "Sort Key": ["subquery.\"?column?\""], "Plans": [{"Node Type": "Subquery Scan", "Parent Relationship": "Outer", "Alias": "subquery", "Startup Cost": 1956349.97, "Total Cost": 2160462.77, "Plan Rows": 9071680, "Plan Width": 24, "Plans": [{"Node Type": "Aggregate", "Strategy": "Hashed", "Parent Relationship": "Subquery", "Startup Cost": 1956349.97, "Total Cost": 2069745.97, "Plan Rows": 9071680, "Plan Width": 40, "Group By Key": ["lineitem.l_partkey", "lineitem.l_suppkey"], "Plans": [{"Node Type": "Bitmap Heap Scan", "Parent Relationship": "Outer", "Relation Name": "lineitem", "Alias": "lineitem", "Startup Cost": 314312.97, "Total Cost": 1865633.17, "Plan Rows": 9071680, "Plan Width": 24, "Recheck Cond": "((l_shipdate >= '1993-01-01 00:00:00'::timestamp(0) without time zone) AND (l_shipdate < '1994-01-01 00:00:00'::timestamp without time zone)), (LLVM Optimized)", "Plans": [{"Node Type": "Bitmap Index Scan", "Parent Relationship": "Outer", "Index Name": "idx_lineitem_shipdate", "Startup Cost": 0.0, "Total Cost": 312045.05, "Plan Rows": 9071680, "Plan Width": 0, "Index Cond": "((l_shipdate >= '1993-01-01 00:00:00'::timestamp(0) without time zone) AND (l_shipdate < '1994-01-01 00:00:00'::timestamp without time zone))"}]}]}]}]}]}]}]}]}, "Unique SQL Id": 202076520, "Planner Runtime": 2}, "explain_analyze_plan": {"Plan": {"Node Type": "Sort", "Startup Cost": 3528034.41, "Total Cost": 3528039.41, "Plan Rows": 2000, "Plan Width": 51, "Actual Startup Time": 29923.807, "Actual Total Time": 29923.949, "Actual Rows": 1746, "Actual Loops": 1, "Sort Key": ["supplier.s_name"], "Sort Method": "quicksort", "Sort Space Used": 309, "Sort Space Type": "Memory", "Plans": [{"Node Type": "Merge Join", "Parent Relationship": "Outer", "Join Type": "Semi", "Startup Cost": 3527904.72, "Total Cost": 3527924.75, "Plan Rows": 2000, "Plan Width": 51, "Actual Startup Time": 29901.916, "Actual Total Time": 29922.342, "Actual Rows": 1746, "Actual Loops": 1, "Inner Unique": false, "Merge Cond": "(supplier.s_suppkey = subquery.\"?column?\")", "Plans": [{"Node Type": "Sort", "Parent Relationship": "Outer", "Startup Cost": 2784.04, "Total Cost": 2794.04, "Plan Rows": 4000, "Plan Width": 59, "Actual Startup Time": 10.866, "Actual Total Time": 11.446, "Actual Rows": 3934, "Actual Loops": 1, "Sort Key": ["supplier.s_suppkey"], "Sort Method": "quicksort", "Sort Space Used": 711, "Sort Space Type": "Memory", "Plans": [{"Node Type": "Nested Loop", "Parent Relationship": "Outer", "Join Type": "Inner", "Startup Cost": 95.25, "Total Cost": 2544.73, "Plan Rows": 4000, "Plan Width": 59, "Actual Startup Time": 1.095, "Actual Total Time": 9.303, "Actual Rows": 3934, "Actual Loops": 1, "Inner Unique": false, "Plans": [{"Node Type": "Index Scan", "Parent Relationship": "Outer", "Scan Direction": "Forward", "Index Name": "nation_pkey", "Relation Name": "nation", "Alias": "nation", "Startup Cost": 0.0, "Total Cost": 12.69, "Plan Rows": 1, "Plan Width": 4, "Actual Startup Time": 0.016, "Actual Total Time": 0.035, "Actual Rows": 1, "Actual Loops": 1, "Filter": "(n_name = 'ALGERIA'::bpchar)", "Rows Removed by Filter": 24}, {"Node Type": "Bitmap Heap Scan", "Parent Relationship": "Inner", "Relation Name": "supplier", "Alias": "supplier", "Startup Cost": 95.25, "Total Cost": 2492.04, "Plan Rows": 4000, "Plan Width": 63, "Actual Startup Time": 1.071, "Actual Total Time": 8.471, "Actual Rows": 3934, "Actual Loops": 1, "Recheck Cond": "(s_nationkey = nation.n_nationkey)", "Rows Removed by Index Recheck": 0, "Exact Heap Blocks": 1897, "Lossy Heap Blocks": 1897, "Plans": [{"Node Type": "Bitmap Index Scan", "Parent Relationship": "Outer", "Index Name": "idx_supplier_nation_key", "Startup Cost": 0.0, "Total Cost": 94.25, "Plan Rows": 4000, "Plan Width": 0, "Actual Startup Time": 0.786, "Actual Total Time": 0.786, "Actual Rows": 3934, "Actual Loops": 1, "Index Cond": "(s_nationkey = nation.n_nationkey)"}]}]}]}, {"Node Type": "Sort", "Parent Relationship": "Inner", "Startup Cost": 3525120.68, "Total Cost": 3525120.69, "Plan Rows": 2, "Plan Width": 16, "Actual Startup Time": 29891.027, "Actual Total Time": 29901.232, "Actual Rows": 58530, "Actual Loops": 1, "Sort Key": ["partsupp.ps_suppkey"], "Sort Method": "quicksort", "Sort Space Used": 7024, "Sort Space Type": "Memory", "Plans": [{"Node Type": "Merge Join", "Parent Relationship": "Outer", "Join Type": "Inner", "Startup Cost": 3208828.67, "Total Cost": 3525120.67, "Plan Rows": 2, "Plan Width": 16, "Actual Startup Time": 25902.559, "Actual Total Time": 29864.753, "Actual Rows": 58537, "Actual Loops": 1, "Inner Unique": true, "Merge Cond": "(partsupp.ps_partkey = subquery.\"?column?\")", "Join Filter": "((partsupp.ps_suppkey = subquery.\"?column?\") AND ((partsupp.ps_availqty)::double precision > (.5::double precision * subquery.\"?column?\")))", "Rows Removed by Join Filter": 0, "Plans": [{"Node Type": "Nested Loop", "Parent Relationship": "Outer", "Join Type": "Inner", "Startup Cost": 0.0, "Total Cost": 263931.78, "Plan Rows": 64552, "Plan Width": 32, "Actual Startup Time": 0.067, "Actual Total Time": 1646.698, "Actual Rows": 86224, "Actual Loops": 1, "Inner Unique": false, "Plans": [{"Node Type": "Index Scan", "Parent Relationship": "Outer", "Scan Direction": "Forward", "Index Name": "part_kpey", "Relation Name": "part", "Alias": "part", "Startup Cost": 0.0, "Total Cost": 105803.25, "Plan Rows": 22472, "Plan Width": 8, "Actual Startup Time": 0.051, "Actual Total Time": 1403.79, "Actual Rows": 21556, "Actual Loops": 1, "Filter": "((p_name)::text ~~ 'green%'::text)", "Rows Removed by Filter": 1978444}, {"Node Type": "Index Scan", "Parent Relationship": "Inner", "Scan Direction": "Forward", "Index Name": "idx_partsupp_partkey", "Relation Name": "partsupp", "Alias": "partsupp", "Startup Cost": 0.0, "Total Cost": 7.01, "Plan Rows": 3, "Plan Width": 24, "Actual Startup Time": 156.364, "Actual Total Time": 209.884, "Actual Rows": 86224, "Actual Loops": 21556, "Index Cond": "(ps_partkey = part.p_partkey)", "Rows Removed by Index Recheck": 0}]}, {"Node Type": "Sort", "Parent Relationship": "Inner", "Startup Cost": 3208828.67, "Total Cost": 3231507.87, "Plan Rows": 9071680, "Plan Width": 24, "Actual Startup Time": 25902.253, "Actual Total Time": 27431.276, "Actual Rows": 5530092, "Actual Loops": 1, "Sort Key": ["subquery.\"?column?\""], "Sort Method": "quicksort", "Sort Space Used": 706866, "Sort Space Type": "Memory", "Plans": [{"Node Type": "Subquery Scan", "Parent Relationship": "Outer", "Alias": "subquery", "Startup Cost": 1956349.97, "Total Cost": 2160462.77, "Plan Rows": 9071680, "Plan Width": 24, "Actual Startup Time": 18811.703, "Actual Total Time": 23578.844, "Actual Rows": 5442751, "Actual Loops": 1, "Plans": [{"Node Type": "Aggregate", "Strategy": "Hashed", "Parent Relationship": "Subquery", "Startup Cost": 1956349.97, "Total Cost": 2069745.97, "Plan Rows": 9071680, "Plan Width": 40, "Actual Startup Time": 18811.693, "Actual Total Time": 22562.801, "Actual Rows": 5442751, "Actual Loops": 1, "Group By Key": ["lineitem.l_partkey", "lineitem.l_suppkey"], "Plans": [{"Node Type": "Bitmap Heap Scan", "Parent Relationship": "Outer", "Relation Name": "lineitem", "Alias": "lineitem", "Startup Cost": 314312.97, "Total Cost": 1865633.17, "Plan Rows": 9071680, "Plan Width": 24, "Actual Startup Time": 3815.094, "Actual Total Time": 11373.533, "Actual Rows": 9109641, "Actual Loops": 1, "Recheck Cond": "((l_shipdate >= '1993-01-01 00:00:00'::timestamp(0) without time zone) AND (l_shipdate < '1994-01-01 00:00:00'::timestamp without time zone)), (LLVM Optimized, Jit Execute)", "Rows Removed by Index Recheck": 0, "Exact Heap Blocks": 1252335, "Lossy Heap Blocks": 1252335, "Plans": [{"Node Type": "Bitmap Index Scan", "Parent Relationship": "Outer", "Index Name": "idx_lineitem_shipdate", "Startup Cost": 0.0, "Total Cost": 312045.05, "Plan Rows": 9071680, "Plan Width": 0, "Actual Startup Time": 3259.019, "Actual Total Time": 3259.019, "Actual Rows": 9109641, "Actual Loops": 1, "Index Cond": "((l_shipdate >= '1993-01-01 00:00:00'::timestamp(0) without time zone) AND (l_shipdate < '1994-01-01 00:00:00'::timestamp without time zone))"}]}]}]}]}]}]}]}]}, "Triggers": [], "Planner Runtime": 2, "Total Runtime": 29935.462, "Unique SQL Id": 202076520}}, "(16, 86)": {"explain_plan": {"Plan": {"Node Type": "Sort", "Startup Cost": 3694487.63, "Total Cost": 3694492.63, "Plan Rows": 2000, "Plan Width": 51, "Sort Key": ["supplier.s_name"], "Plans": [{"Node Type": "Merge Join", "Parent Relationship": "Outer", "Join Type": "Semi", "Startup Cost": 3625836.1, "Total Cost": 3694377.98, "Plan Rows": 2000, "Plan Width": 51, "Inner Unique": false, "Merge Cond": "(supplier.s_suppkey = subquery.\"?column?\")", "Plans": [{"Node Type": "Sort", "Parent Relationship": "Outer", "Startup Cost": 2772.67, "Total Cost": 2782.67, "Plan Rows": 4000, "Plan Width": 59, "Sort Key": ["supplier.s_suppkey"], "Plans": [{"Node Type": "Nested Loop", "Parent Relationship": "Outer", "Join Type": "Inner", "Startup Cost": 95.25, "Total Cost": 2533.35, "Plan Rows": 4000, "Plan Width": 59, "Inner Unique": false, "Plans": [{"Node Type": "Seq Scan", "Parent Relationship": "Outer", "Relation Name": "nation", "Alias": "nation", "Startup Cost": 0.0, "Total Cost": 1.31, "Plan Rows": 1, "Plan Width": 4, "Filter": "(n_name = 'ALGERIA'::bpchar)"}, {"Node Type": "Bitmap Heap Scan", "Parent Relationship": "Inner", "Relation Name": "supplier", "Alias": "supplier", "Startup Cost": 95.25, "Total Cost": 2492.04, "Plan Rows": 4000, "Plan Width": 63, "Recheck Cond": "(s_nationkey = nation.n_nationkey)", "Plans": [{"Node Type": "Bitmap Index Scan", "Parent Relationship": "Outer", "Index Name": "idx_supplier_nation_key", "Startup Cost": 0.0, "Total Cost": 94.25, "Plan Rows": 4000, "Plan Width": 0, "Index Cond": "(s_nationkey = nation.n_nationkey)"}]}]}]}, {"Node Type": "Materialize", "Parent Relationship": "Inner", "Startup Cost": 3623063.44, "Total Cost": 3691585.29, "Plan Rows": 2, "Plan Width": 16, "Plans": [{"Node Type": "Merge Join", "Parent Relationship": "Outer", "Join Type": "Inner", "Startup Cost": 3623063.44, "Total Cost": 3691585.28, "Plan Rows": 2, "Plan Width": 16, "Inner Unique": true, "Merge Cond": "((partsupp.ps_suppkey = subquery.\"?column?\") AND (partsupp.ps_partkey = subquery.\"?column?\"))", "Join Filter": "((partsupp.ps_availqty)::double precision > (.5::double precision * subquery.\"?column?\"))", "Plans": [{"Node Type": "Sort", "Parent Relationship": "Outer", "Startup Cost": 414234.76, "Total Cost": 414396.14, "Plan Rows": 64552, "Plan Width": 32, "Sort Key": ["partsupp.ps_suppkey", "partsupp.ps_partkey"], "Plans": [{"Node Type": "Nested Loop", "Parent Relationship": "Outer", "Join Type": "Inner", "Startup Cost": 3.19, "Total Cost": 409077.65, "Plan Rows": 64552, "Plan Width": 32, "Inner Unique": false, "Plans": [{"Node Type": "Seq Scan", "Parent Relationship": "Outer", "Relation Name": "part", "Alias": "part", "Startup Cost": 0.0, "Total Cost": 66944.0, "Plan Rows": 22472, "Plan Width": 8, "Filter": "((p_name)::text ~~ 'green%'::text)"}, {"Node Type": "Bitmap Heap Scan", "Parent Relationship": "Inner", "Relation Name": "partsupp", "Alias": "partsupp", "Startup Cost": 3.19, "Total Cost": 15.19, "Plan Rows": 3, "Plan Width": 24, "Recheck Cond": "(ps_partkey = part.p_partkey)", "Plans": [{"Node Type": "Bitmap Index Scan", "Parent Relationship": "Outer", "Index Name": "idx_partsupp_partkey", "Startup Cost": 0.0, "Total Cost": 3.19, "Plan Rows": 3, "Plan Width": 0, "Index Cond": "(ps_partkey = part.p_partkey)"}]}]}]}, {"Node Type": "Sort", "Parent Relationship": "Inner", "Startup Cost": 3208828.67, "Total Cost": 3231507.87, "Plan Rows": 9071680, "Plan Width": 24, "Sort Key": ["subquery.\"?column?\"", "subquery.\"?column?\""], "Plans": [{"Node Type": "Subquery Scan", "Parent Relationship": "Outer", "Alias": "subquery", "Startup Cost": 1956349.97, "Total Cost": 2160462.77, "Plan Rows": 9071680, "Plan Width": 24, "Plans": [{"Node Type": "Aggregate", "Strategy": "Hashed", "Parent Relationship": "Subquery", "Startup Cost": 1956349.97, "Total Cost": 2069745.97, "Plan Rows": 9071680, "Plan Width": 40, "Group By Key": ["lineitem.l_partkey", "lineitem.l_suppkey"], "Plans": [{"Node Type": "Bitmap Heap Scan", "Parent Relationship": "Outer", "Relation Name": "lineitem", "Alias": "lineitem", "Startup Cost": 314312.97, "Total Cost": 1865633.17, "Plan Rows": 9071680, "Plan Width": 24, "Recheck Cond": "((l_shipdate >= '1993-01-01 00:00:00'::timestamp(0) without time zone) AND (l_shipdate < '1994-01-01 00:00:00'::timestamp without time zone)), (LLVM Optimized)", "Plans": [{"Node Type": "Bitmap Index Scan", "Parent Relationship": "Outer", "Index Name": "idx_lineitem_shipdate", "Startup Cost": 0.0, "Total Cost": 312045.05, "Plan Rows": 9071680, "Plan Width": 0, "Index Cond": "((l_shipdate >= '1993-01-01 00:00:00'::timestamp(0) without time zone) AND (l_shipdate < '1994-01-01 00:00:00'::timestamp without time zone))"}]}]}]}]}]}]}]}]}, "Unique SQL Id": 202076520, "Planner Runtime": 2}, "explain_analyze_plan": {"Plan": {"Node Type": "Sort", "Startup Cost": 3694487.63, "Total Cost": 3694492.63, "Plan Rows": 2000, "Plan Width": 51, "Actual Startup Time": 30723.177, "Actual Total Time": 30723.329, "Actual Rows": 1746, "Actual Loops": 1, "Sort Key": ["supplier.s_name"], "Sort Method": "quicksort", "Sort Space Used": 309, "Sort Space Type": "Memory", "Plans": [{"Node Type": "Merge Join", "Parent Relationship": "Outer", "Join Type": "Semi", "Startup Cost": 3625836.1, "Total Cost": 3694377.98, "Plan Rows": 2000, "Plan Width": 51, "Actual Startup Time": 28731.202, "Actual Total Time": 30720.978, "Actual Rows": 1746, "Actual Loops": 1, "Inner Unique": false, "Merge Cond": "(supplier.s_suppkey = subquery.\"?column?\")", "Plans": [{"Node Type": "Sort", "Parent Relationship": "Outer", "Startup Cost": 2772.67, "Total Cost": 2782.67, "Plan Rows": 4000, "Plan Width": 59, "Actual Startup Time": 8.338, "Actual Total Time": 9.088, "Actual Rows": 3934, "Actual Loops": 1, "Sort Key": ["supplier.s_suppkey"], "Sort Method": "quicksort", "Sort Space Used": 711, "Sort Space Type": "Memory", "Plans": [{"Node Type": "Nested Loop", "Parent Relationship": "Outer", "Join Type": "Inner", "Startup Cost": 95.25, "Total Cost": 2533.35, "Plan Rows": 4000, "Plan Width": 59, "Actual Startup Time": 0.981, "Actual Total Time": 6.907, "Actual Rows": 3934, "Actual Loops": 1, "Inner Unique": false, "Plans": [{"Node Type": "Seq Scan", "Parent Relationship": "Outer", "Relation Name": "nation", "Alias": "nation", "Startup Cost": 0.0, "Total Cost": 1.31, "Plan Rows": 1, "Plan Width": 4, "Actual Startup Time": 0.025, "Actual Total Time": 0.039, "Actual Rows": 1, "Actual Loops": 1, "Filter": "(n_name = 'ALGERIA'::bpchar)", "Rows Removed by Filter": 24}, {"Node Type": "Bitmap Heap Scan", "Parent Relationship": "Inner", "Relation Name": "supplier", "Alias": "supplier", "Startup Cost": 95.25, "Total Cost": 2492.04, "Plan Rows": 4000, "Plan Width": 63, "Actual Startup Time": 0.947, "Actual Total Time": 6.087, "Actual Rows": 3934, "Actual Loops": 1, "Recheck Cond": "(s_nationkey = nation.n_nationkey)", "Rows Removed by Index Recheck": 0, "Exact Heap Blocks": 1897, "Lossy Heap Blocks": 1897, "Plans": [{"Node Type": "Bitmap Index Scan", "Parent Relationship": "Outer", "Index Name": "idx_supplier_nation_key", "Startup Cost": 0.0, "Total Cost": 94.25, "Plan Rows": 4000, "Plan Width": 0, "Actual Startup Time": 0.639, "Actual Total Time": 0.639, "Actual Rows": 3934, "Actual Loops": 1, "Index Cond": "(s_nationkey = nation.n_nationkey)"}]}]}]}, {"Node Type": "Materialize", "Parent Relationship": "Inner", "Startup Cost": 3623063.44, "Total Cost": 3691585.29, "Plan Rows": 2, "Plan Width": 16, "Actual Startup Time": 28722.134, "Actual Total Time": 30698.315, "Actual Rows": 58530, "Actual Loops": 1, "Plans": [{"Node Type": "Merge Join", "Parent Relationship": "Outer", "Join Type": "Inner", "Startup Cost": 3623063.44, "Total Cost": 3691585.28, "Plan Rows": 2, "Plan Width": 16, "Actual Startup Time": 28722.131, "Actual Total Time": 30689.935, "Actual Rows": 58530, "Actual Loops": 1, "Inner Unique": true, "Merge Cond": "((partsupp.ps_suppkey = subquery.\"?column?\") AND (partsupp.ps_partkey = subquery.\"?column?\"))", "Join Filter": "((partsupp.ps_availqty)::double precision > (.5::double precision * subquery.\"?column?\"))", "Rows Removed by Join Filter": 0, "Plans": [{"Node Type": "Sort", "Parent Relationship": "Outer", "Startup Cost": 414234.76, "Total Cost": 414396.14, "Plan Rows": 64552, "Plan Width": 32, "Actual Startup Time": 1068.609, "Actual Total Time": 1085.79, "Actual Rows": 86215, "Actual Loops": 1, "Sort Key": ["partsupp.ps_suppkey", "partsupp.ps_partkey"], "Sort Method": "quicksort", "Sort Space Used": 11156, "Sort Space Type": "Memory", "Plans": [{"Node Type": "Nested Loop", "Parent Relationship": "Outer", "Join Type": "Inner", "Startup Cost": 3.19, "Total Cost": 409077.65, "Plan Rows": 64552, "Plan Width": 32, "Actual Startup Time": 0.08, "Actual Total Time": 1018.843, "Actual Rows": 86224, "Actual Loops": 1, "Inner Unique": false, "Plans": [{"Node Type": "Seq Scan", "Parent Relationship": "Outer", "Relation Name": "part", "Alias": "part", "Startup Cost": 0.0, "Total Cost": 66944.0, "Plan Rows": 22472, "Plan Width": 8, "Actual Startup Time": 0.041, "Actual Total Time": 780.84, "Actual Rows": 21556, "Actual Loops": 1, "Filter": "((p_name)::text ~~ 'green%'::text)", "Rows Removed by Filter": 1978444}, {"Node Type": "Bitmap Heap Scan", "Parent Relationship": "Inner", "Relation Name": "partsupp", "Alias": "partsupp", "Startup Cost": 3.19, "Total Cost": 15.19, "Plan Rows": 3, "Plan Width": 24, "Actual Startup Time": 178.571, "Actual Total Time": 193.952, "Actual Rows": 86224, "Actual Loops": 21556, "Recheck Cond": "(ps_partkey = part.p_partkey)", "Rows Removed by Index Recheck": 0, "Exact Heap Blocks": 23502, "Lossy Heap Blocks": 23502, "Plans": [{"Node Type": "Bitmap Index Scan", "Parent Relationship": "Outer", "Index Name": "idx_partsupp_partkey", "Startup Cost": 0.0, "Total Cost": 3.19, "Plan Rows": 3, "Plan Width": 0, "Actual Startup Time": 92.681, "Actual Total Time": 92.681, "Actual Rows": 86224, "Actual Loops": 21556, "Index Cond": "(ps_partkey = part.p_partkey)"}]}]}]}, {"Node Type": "Sort", "Parent Relationship": "Inner", "Startup Cost": 3208828.67, "Total Cost": 3231507.87, "Plan Rows": 9071680, "Plan Width": 24, "Actual Startup Time": 27653.224, "Actual Total Time": 28785.316, "Actual Rows": 5442190, "Actual Loops": 1, "Sort Key": ["subquery.\"?column?\"", "subquery.\"?column?\""], "Sort Method": "quicksort", "Sort Space Used": 706866, "Sort Space Type": "Memory", "Plans": [{"Node Type": "Subquery Scan", "Parent Relationship": "Outer", "Alias": "subquery", "Startup Cost": 1956349.97, "Total Cost": 2160462.77, "Plan Rows": 9071680, "Plan Width": 24, "Actual Startup Time": 18682.797, "Actual Total Time": 23193.592, "Actual Rows": 5442751, "Actual Loops": 1, "Plans": [{"Node Type": "Aggregate", "Strategy": "Hashed", "Parent Relationship": "Subquery", "Startup Cost": 1956349.97, "Total Cost": 2069745.97, "Plan Rows": 9071680, "Plan Width": 40, "Actual Startup Time": 18682.79, "Actual Total Time": 22160.003, "Actual Rows": 5442751, "Actual Loops": 1, "Group By Key": ["lineitem.l_partkey", "lineitem.l_suppkey"], "Plans": [{"Node Type": "Bitmap Heap Scan", "Parent Relationship": "Outer", "Relation Name": "lineitem", "Alias": "lineitem", "Startup Cost": 314312.97, "Total Cost": 1865633.17, "Plan Rows": 9071680, "Plan Width": 24, "Actual Startup Time": 4235.028, "Actual Total Time": 11942.235, "Actual Rows": 9109641, "Actual Loops": 1, "Recheck Cond": "((l_shipdate >= '1993-01-01 00:00:00'::timestamp(0) without time zone) AND (l_shipdate < '1994-01-01 00:00:00'::timestamp without time zone)), (LLVM Optimized, Jit Execute)", "Rows Removed by Index Recheck": 0, "Exact Heap Blocks": 1252335, "Lossy Heap Blocks": 1252335, "Plans": [{"Node Type": "Bitmap Index Scan", "Parent Relationship": "Outer", "Index Name": "idx_lineitem_shipdate", "Startup Cost": 0.0, "Total Cost": 312045.05, "Plan Rows": 9071680, "Plan Width": 0, "Actual Startup Time": 3628.424, "Actual Total Time": 3628.424, "Actual Rows": 9109641, "Actual Loops": 1, "Index Cond": "((l_shipdate >= '1993-01-01 00:00:00'::timestamp(0) without time zone) AND (l_shipdate < '1994-01-01 00:00:00'::timestamp without time zone))"}]}]}]}]}]}]}]}]}, "Triggers": [], "Planner Runtime": 2, "Total Runtime": 30734.387, "Unique SQL Id": 202076520}}, "(16, 87)": {"explain_plan": {"Plan": {"Node Type": "Sort", "Startup Cost": 41474309.17, "Total Cost": 41474314.17, "Plan Rows": 2000, "Plan Width": 51, "Sort Key": ["supplier.s_name"], "Plans": [{"Node Type": "Nested Loop", "Parent Relationship": "Outer", "Join Type": "Inner", "Startup Cost": 41260049.96, "Total Cost": 41474199.51, "Plan Rows": 2000, "Plan Width": 51, "Inner Unique": true, "Plans": [{"Node Type": "Nested Loop", "Parent Relationship": "Outer", "Join Type": "Inner", "Startup Cost": 41260049.7, "Total Cost": 41260058.01, "Plan Rows": 50000, "Plan Width": 55, "Inner Unique": true, "Plans": [{"Node Type": "Unique", "Parent Relationship": "Outer", "Startup Cost": 41260049.44, "Total Cost": 41260049.45, "Plan Rows": 2, "Plan Width": 16, "Plans": [{"Node Type": "Sort", "Parent Relationship": "Outer", "Startup Cost": 41260049.44, "Total Cost": 41260049.45, "Plan Rows": 2, "Plan Width": 16, "Sort Key": ["partsupp.ps_suppkey"], "Plans": [{"Node Type": "Nested Loop", "Parent Relationship": "Outer", "Join Type": "Semi", "Startup Cost": 1956350.51, "Total Cost": 41260049.43, "Plan Rows": 2, "Plan Width": 16, "Inner Unique": false, "Join Filter": "(partsupp.ps_partkey = part.p_partkey)", "Plans": [{"Node Type": "Nested Loop", "Parent Relationship": "Outer", "Join Type": "Inner", "Startup Cost": 1956350.25, "Total Cost": 41259981.09, "Plan Rows": 15, "Plan Width": 32, "Inner Unique": true, "Plans": [{"Node Type": "Aggregate", "Strategy": "Hashed", "Parent Relationship": "Outer", "Startup Cost": 1956349.97, "Total Cost": 2069745.97, "Plan Rows": 9071680, "Plan Width": 40, "Group By Key": ["lineitem.l_partkey", "lineitem.l_suppkey"], "Plans": [{"Node Type": "Bitmap Heap Scan", "Parent Relationship": "Outer", "Relation Name": "lineitem", "Alias": "lineitem", "Startup Cost": 314312.97, "Total Cost": 1865633.17, "Plan Rows": 9071680, "Plan Width": 24, "Recheck Cond": "((l_shipdate >= '1993-01-01 00:00:00'::timestamp(0) without time zone) AND (l_shipdate < '1994-01-01 00:00:00'::timestamp without time zone)), (LLVM Optimized)", "Plans": [{"Node Type": "Bitmap Index Scan", "Parent Relationship": "Outer", "Index Name": "idx_lineitem_shipdate", "Startup Cost": 0.0, "Total Cost": 312045.05, "Plan Rows": 9071680, "Plan Width": 0, "Index Cond": "((l_shipdate >= '1993-01-01 00:00:00'::timestamp(0) without time zone) AND (l_shipdate < '1994-01-01 00:00:00'::timestamp without time zone))"}]}]}, {"Node Type": "Bitmap Heap Scan", "Parent Relationship": "Inner", "Relation Name": "partsupp", "Alias": "partsupp", "Startup Cost": 0.28, "Total Cost": 4.3, "Plan Rows": 1, "Plan Width": 24, "Recheck Cond": "((ps_partkey = lineitem.l_partkey) AND (ps_suppkey = lineitem.l_suppkey))", "Filter": "((ps_availqty)::double precision > (.5::double precision * (sum(lineitem.l_quantity))))", "Plans": [{"Node Type": "Bitmap Index Scan", "Parent Relationship": "Outer", "Index Name": "partsupp_pkey", "Startup Cost": 0.0, "Total Cost": 0.28, "Plan Rows": 1, "Plan Width": 0, "Index Cond": "((ps_partkey = lineitem.l_partkey) AND (ps_suppkey = lineitem.l_suppkey))"}]}]}, {"Node Type": "Bitmap Heap Scan", "Parent Relationship": "Inner", "Relation Name": "part", "Alias": "part", "Startup Cost": 0.26, "Total Cost": 4.28, "Plan Rows": 1, "Plan Width": 8, "Recheck Cond": "(p_partkey = lineitem.l_partkey)", "Filter": "((p_name)::text ~~ 'green%'::text)", "Plans": [{"Node Type": "Bitmap Index Scan", "Parent Relationship": "Outer", "Index Name": "part_kpey", "Startup Cost": 0.0, "Total Cost": 0.26, "Plan Rows": 1, "Plan Width": 0, "Index Cond": "(p_partkey = lineitem.l_partkey)"}]}]}]}]}, {"Node Type": "Bitmap Heap Scan", "Parent Relationship": "Inner", "Relation Name": "supplier", "Alias": "supplier", "Startup Cost": 0.26, "Total Cost": 4.27, "Plan Rows": 1, "Plan Width": 63, "Recheck Cond": "(s_suppkey = lineitem.l_suppkey)", "Plans": [{"Node Type": "Bitmap Index Scan", "Parent Relationship": "Outer", "Index Name": "supplier_pkey", "Startup Cost": 0.0, "Total Cost": 0.26, "Plan Rows": 1, "Plan Width": 0, "Index Cond": "(s_suppkey = lineitem.l_suppkey)"}]}]}, {"Node Type": "Bitmap Heap Scan", "Parent Relationship": "Inner", "Relation Name": "nation", "Alias": "nation", "Startup Cost": 0.26, "Total Cost": 4.27, "Plan Rows": 1, "Plan Width": 4, "Recheck Cond": "(n_nationkey = supplier.s_nationkey)", "Filter": "(n_name = 'ALGERIA'::bpchar)", "Plans": [{"Node Type": "Bitmap Index Scan", "Parent Relationship": "Outer", "Index Name": "nation_pkey", "Startup Cost": 0.0, "Total Cost": 0.26, "Plan Rows": 1, "Plan Width": 0, "Index Cond": "(n_nationkey = supplier.s_nationkey)"}]}]}]}, "Unique SQL Id": 202076520, "Planner Runtime": 2}, "explain_analyze_plan": {"Plan": {"Node Type": "Sort", "Startup Cost": 41474309.17, "Total Cost": 41474314.17, "Plan Rows": 2000, "Plan Width": 51, "Actual Startup Time": 128888.36, "Actual Total Time": 128888.508, "Actual Rows": 1746, "Actual Loops": 1, "Sort Key": ["supplier.s_name"], "Sort Method": "quicksort", "Sort Space Used": 309, "Sort Space Type": "Memory", "Plans": [{"Node Type": "Nested Loop", "Parent Relationship": "Outer", "Join Type": "Inner", "Startup Cost": 41260049.96, "Total Cost": 41474199.51, "Plan Rows": 2000, "Plan Width": 51, "Actual Startup Time": 128475.92, "Actual Total Time": 128886.43, "Actual Rows": 1746, "Actual Loops": 1, "Inner Unique": true, "Plans": [{"Node Type": "Nested Loop", "Parent Relationship": "Outer", "Join Type": "Inner", "Startup Cost": 41260049.7, "Total Cost": 41260058.01, "Plan Rows": 50000, "Plan Width": 55, "Actual Startup Time": 128475.528, "Actual Total Time": 128715.763, "Actual Rows": 44487, "Actual Loops": 1, "Inner Unique": true, "Plans": [{"Node Type": "Unique", "Parent Relationship": "Outer", "Startup Cost": 41260049.44, "Total Cost": 41260049.45, "Plan Rows": 2, "Plan Width": 16, "Actual Startup Time": 128475.469, "Actual Total Time": 128506.031, "Actual Rows": 44487, "Actual Loops": 1, "Plans": [{"Node Type": "Sort", "Parent Relationship": "Outer", "Startup Cost": 41260049.44, "Total Cost": 41260049.45, "Plan Rows": 2, "Plan Width": 16, "Actual Startup Time": 128475.464, "Actual Total Time": 128488.423, "Actual Rows": 58537, "Actual Loops": 1, "Sort Key": ["partsupp.ps_suppkey"], "Sort Method": "quicksort", "Sort Space Used": 7024, "Sort Space Type": "Memory", "Plans": [{"Node Type": "Nested Loop", "Parent Relationship": "Outer", "Join Type": "Semi", "Startup Cost": 1956350.51, "Total Cost": 41260049.43, "Plan Rows": 2, "Plan Width": 16, "Actual Startup Time": 19211.651, "Actual Total Time": 128395.823, "Actual Rows": 58537, "Actual Loops": 1, "Inner Unique": false, "Join Filter": "(partsupp.ps_partkey = part.p_partkey)", "Rows Removed by Join Filter": 0, "Plans": [{"Node Type": "Nested Loop", "Parent Relationship": "Outer", "Join Type": "Inner", "Startup Cost": 1956350.25, "Total Cost": 41259981.09, "Plan Rows": 15, "Plan Width": 32, "Actual Startup Time": 19211.227, "Actual Total Time": 79847.531, "Actual Rows": 5431247, "Actual Loops": 1, "Inner Unique": true, "Plans": [{"Node Type": "Aggregate", "Strategy": "Hashed", "Parent Relationship": "Outer", "Startup Cost": 1956349.97, "Total Cost": 2069745.97, "Plan Rows": 9071680, "Plan Width": 40, "Actual Startup Time": 19211.091, "Actual Total Time": 24301.465, "Actual Rows": 5442751, "Actual Loops": 1, "Group By Key": ["lineitem.l_partkey", "lineitem.l_suppkey"], "Plans": [{"Node Type": "Bitmap Heap Scan", "Parent Relationship": "Outer", "Relation Name": "lineitem", "Alias": "lineitem", "Startup Cost": 314312.97, "Total Cost": 1865633.17, "Plan Rows": 9071680, "Plan Width": 24, "Actual Startup Time": 4429.203, "Actual Total Time": 12148.373, "Actual Rows": 9109641, "Actual Loops": 1, "Recheck Cond": "((l_shipdate >= '1993-01-01 00:00:00'::timestamp(0) without time zone) AND (l_shipdate < '1994-01-01 00:00:00'::timestamp without time zone)), (LLVM Optimized, Jit Execute)", "Rows Removed by Index Recheck": 0, "Exact Heap Blocks": 1252335, "Lossy Heap Blocks": 1252335, "Plans": [{"Node Type": "Bitmap Index Scan", "Parent Relationship": "Outer", "Index Name": "idx_lineitem_shipdate", "Startup Cost": 0.0, "Total Cost": 312045.05, "Plan Rows": 9071680, "Plan Width": 0, "Actual Startup Time": 3725.891, "Actual Total Time": 3725.891, "Actual Rows": 9109641, "Actual Loops": 1, "Index Cond": "((l_shipdate >= '1993-01-01 00:00:00'::timestamp(0) without time zone) AND (l_shipdate < '1994-01-01 00:00:00'::timestamp without time zone))"}]}]}, {"Node Type": "Bitmap Heap Scan", "Parent Relationship": "Inner", "Relation Name": "partsupp", "Alias": "partsupp", "Startup Cost": 0.28, "Total Cost": 4.3, "Plan Rows": 1, "Plan Width": 24, "Actual Startup Time": 47744.0, "Actual Total Time": 47744.0, "Actual Rows": 5431247, "Actual Loops": 5442751, "Recheck Cond": "((ps_partkey = lineitem.l_partkey) AND (ps_suppkey = lineitem.l_suppkey))", "Rows Removed by Index Recheck": 0, "Filter": "((ps_availqty)::double precision > (.5::double precision * (sum(lineitem.l_quantity))))", "Rows Removed by Filter": 11504, "Exact Heap Blocks": 5442751, "Lossy Heap Blocks": 5442751, "Plans": [{"Node Type": "Bitmap Index Scan", "Parent Relationship": "Outer", "Index Name": "partsupp_pkey", "Startup Cost": 0.0, "Total Cost": 0.28, "Plan Rows": 1, "Plan Width": 0, "Actual Startup Time": 28969.237, "Actual Total Time": 28969.237, "Actual Rows": 5442751, "Actual Loops": 5442751, "Index Cond": "((ps_partkey = lineitem.l_partkey) AND (ps_suppkey = lineitem.l_suppkey))"}]}]}, {"Node Type": "Bitmap Heap Scan", "Parent Relationship": "Inner", "Relation Name": "part", "Alias": "part", "Startup Cost": 0.26, "Total Cost": 4.28, "Plan Rows": 1, "Plan Width": 8, "Actual Startup Time": 42398.618, "Actual Total Time": 42398.618, "Actual Rows": 58537, "Actual Loops": 5431247, "Recheck Cond": "(p_partkey = lineitem.l_partkey)", "Rows Removed by Index Recheck": 0, "Filter": "((p_name)::text ~~ 'green%'::text)", "Rows Removed by Filter": 5372710, "Exact Heap Blocks": 5431247, "Lossy Heap Blocks": 5431247, "Plans": [{"Node Type": "Bitmap Index Scan", "Parent Relationship": "Outer", "Index Name": "part_kpey", "Startup Cost": 0.0, "Total Cost": 0.26, "Plan Rows": 1, "Plan Width": 0, "Actual Startup Time": 24845.499, "Actual Total Time": 24845.499, "Actual Rows": 5431247, "Actual Loops": 5431247, "Index Cond": "(p_partkey = lineitem.l_partkey)"}]}]}]}]}, {"Node Type": "Bitmap Heap Scan", "Parent Relationship": "Inner", "Relation Name": "supplier", "Alias": "supplier", "Startup Cost": 0.26, "Total Cost": 4.27, "Plan Rows": 1, "Plan Width": 63, "Actual Startup Time": 150.562, "Actual Total Time": 150.562, "Actual Rows": 44487, "Actual Loops": 44487, "Recheck Cond": "(s_suppkey = lineitem.l_suppkey)", "Rows Removed by Index Recheck": 0, "Exact Heap Blocks": 44487, "Lossy Heap Blocks": 44487, "Plans": [{"Node Type": "Bitmap Index Scan", "Parent Relationship": "Outer", "Index Name": "supplier_pkey", "Startup Cost": 0.0, "Total Cost": 0.26, "Plan Rows": 1, "Plan Width": 0, "Actual Startup Time": 82.325, "Actual Total Time": 82.325, "Actual Rows": 44487, "Actual Loops": 44487, "Index Cond": "(s_suppkey = lineitem.l_suppkey)"}]}]}, {"Node Type": "Bitmap Heap Scan", "Parent Relationship": "Inner", "Relation Name": "nation", "Alias": "nation", "Startup Cost": 0.26, "Total Cost": 4.27, "Plan Rows": 1, "Plan Width": 4, "Actual Startup Time": 120.985, "Actual Total Time": 120.985, "Actual Rows": 1746, "Actual Loops": 44487, "Recheck Cond": "(n_nationkey = supplier.s_nationkey)", "Rows Removed by Index Recheck": 0, "Filter": "(n_name = 'ALGERIA'::bpchar)", "Rows Removed by Filter": 42741, "Exact Heap Blocks": 44487, "Lossy Heap Blocks": 44487, "Plans": [{"Node Type": "Bitmap Index Scan", "Parent Relationship": "Outer", "Index Name": "nation_pkey", "Startup Cost": 0.0, "Total Cost": 0.26, "Plan Rows": 1, "Plan Width": 0, "Actual Startup Time": 44.911, "Actual Total Time": 44.911, "Actual Rows": 44487, "Actual Loops": 44487, "Index Cond": "(n_nationkey = supplier.s_nationkey)"}]}]}]}, "Triggers": [], "Planner Runtime": 1, "Total Runtime": 128900.171, "Unique SQL Id": 202076520}}, "(16, 88)": {"explain_plan": {"Plan": {"Node Type": "Sort", "Startup Cost": 3976822.72, "Total Cost": 3976827.72, "Plan Rows": 2000, "Plan Width": 51, "Sort Key": ["supplier.s_name"], "Plans": [{"Node Type": "Nested Loop", "Parent Relationship": "Outer", "Join Type": "Inner", "Startup Cost": 3888475.64, "Total Cost": 3976713.06, "Plan Rows": 2000, "Plan Width": 51, "Inner Unique": true, "Plans": [{"Node Type": "Merge Join", "Parent Relationship": "Outer", "Join Type": "Semi", "Startup Cost": 3888475.64, "Total Cost": 3962582.06, "Plan Rows": 50000, "Plan Width": 55, "Inner Unique": false, "Merge Cond": "(supplier.s_suppkey = subquery.\"?column?\")", "Plans": [{"Node Type": "Index Scan", "Parent Relationship": "Outer", "Scan Direction": "Forward", "Index Name": "supplier_pkey", "Relation Name": "supplier", "Alias": "supplier", "Startup Cost": 0.0, "Total Cost": 5334.54, "Plan Rows": 100000, "Plan Width": 63}, {"Node Type": "Materialize", "Parent Relationship": "Inner", "Startup Cost": 3888475.64, "Total Cost": 3956997.49, "Plan Rows": 2, "Plan Width": 16, "Plans": [{"Node Type": "Merge Join", "Parent Relationship": "Outer", "Join Type": "Inner", "Startup Cost": 3888475.64, "Total Cost": 3956997.49, "Plan Rows": 2, "Plan Width": 16, "Inner Unique": true, "Merge Cond": "((partsupp.ps_suppkey = subquery.\"?column?\") AND (partsupp.ps_partkey = subquery.\"?column?\"))", "Join Filter": "((partsupp.ps_availqty)::double precision > (.5::double precision * subquery.\"?column?\"))", "Plans": [{"Node Type": "Sort", "Parent Relationship": "Outer", "Startup Cost": 230229.65, "Total Cost": 230391.03, "Plan Rows": 64552, "Plan Width": 32, "Sort Key": ["partsupp.ps_suppkey", "partsupp.ps_partkey"], "Plans": [{"Node Type": "Nested Loop", "Parent Relationship": "Outer", "Join Type": "Inner", "Startup Cost": 0.0, "Total Cost": 225072.53, "Plan Rows": 64552, "Plan Width": 32, "Inner Unique": false, "Plans": [{"Node Type": "Seq Scan", "Parent Relationship": "Outer", "Relation Name": "part", "Alias": "part", "Startup Cost": 0.0, "Total Cost": 66944.0, "Plan Rows": 22472, "Plan Width": 8, "Filter": "((p_name)::text ~~ 'green%'::text)"}, {"Node Type": "Index Scan", "Parent Relationship": "Inner", "Scan Direction": "Forward", "Index Name": "idx_partsupp_partkey", "Relation Name": "partsupp", "Alias": "partsupp", "Startup Cost": 0.0, "Total Cost": 7.01, "Plan Rows": 3, "Plan Width": 24, "Index Cond": "(ps_partkey = part.p_partkey)"}]}]}, {"Node Type": "Sort", "Parent Relationship": "Inner", "Startup Cost": 3658246.0, "Total Cost": 3680925.2, "Plan Rows": 9071680, "Plan Width": 24, "Sort Key": ["subquery.\"?column?\"", "subquery.\"?column?\""], "Plans": [{"Node Type": "Subquery Scan", "Parent Relationship": "Outer", "Alias": "subquery", "Startup Cost": 2405767.29, "Total Cost": 2609880.09, "Plan Rows": 9071680, "Plan Width": 24, "Plans": [{"Node Type": "Aggregate", "Strategy": "Hashed", "Parent Relationship": "Subquery", "Startup Cost": 2405767.29, "Total Cost": 2519163.29, "Plan Rows": 9071680, "Plan Width": 40, "Group By Key": ["lineitem.l_partkey", "lineitem.l_suppkey"], "Plans": [{"Node Type": "Seq Scan", "Parent Relationship": "Outer", "Relation Name": "lineitem", "Alias": "lineitem", "Startup Cost": 119.57, "Total Cost": 2315050.5, "Plan Rows": 9071680, "Plan Width": 24, "Filter": "((l_shipdate >= '1993-01-01 00:00:00'::timestamp(0) without time zone) AND (l_shipdate < '1994-01-01 00:00:00'::timestamp without time zone)), (LLVM Optimized)"}]}]}]}]}]}]}, {"Node Type": "Index Scan", "Parent Relationship": "Inner", "Scan Direction": "Forward", "Index Name": "nation_pkey", "Relation Name": "nation", "Alias": "nation", "Startup Cost": 0.0, "Total Cost": 0.27, "Plan Rows": 1, "Plan Width": 4, "Index Cond": "(n_nationkey = supplier.s_nationkey)", "Filter": "(n_name = 'ALGERIA'::bpchar)"}]}]}, "Unique SQL Id": 202076520, "Planner Runtime": 2}, "explain_analyze_plan": {"Plan": {"Node Type": "Sort", "Startup Cost": 3976822.72, "Total Cost": 3976827.72, "Plan Rows": 2000, "Plan Width": 51, "Actual Startup Time": 43339.019, "Actual Total Time": 43339.173, "Actual Rows": 1746, "Actual Loops": 1, "Sort Key": ["supplier.s_name"], "Sort Method": "quicksort", "Sort Space Used": 309, "Sort Space Type": "Memory", "Plans": [{"Node Type": "Nested Loop", "Parent Relationship": "Outer", "Join Type": "Inner", "Startup Cost": 3888475.64, "Total Cost": 3976713.06, "Plan Rows": 2000, "Plan Width": 51, "Actual Startup Time": 41160.372, "Actual Total Time": 43336.509, "Actual Rows": 1746, "Actual Loops": 1, "Inner Unique": true, "Plans": [{"Node Type": "Merge Join", "Parent Relationship": "Outer", "Join Type": "Semi", "Startup Cost": 3888475.64, "Total Cost": 3962582.06, "Plan Rows": 50000, "Plan Width": 55, "Actual Startup Time": 41159.468, "Actual Total Time": 43217.558, "Actual Rows": 44487, "Actual Loops": 1, "Inner Unique": false, "Merge Cond": "(supplier.s_suppkey = subquery.\"?column?\")", "Plans": [{"Node Type": "Index Scan", "Parent Relationship": "Outer", "Scan Direction": "Forward", "Index Name": "supplier_pkey", "Relation Name": "supplier", "Alias": "supplier", "Startup Cost": 0.0, "Total Cost": 5334.54, "Plan Rows": 100000, "Plan Width": 63, "Actual Startup Time": 0.029, "Actual Total Time": 66.377, "Actual Rows": 100000, "Actual Loops": 1}, {"Node Type": "Materialize", "Parent Relationship": "Inner", "Startup Cost": 3888475.64, "Total Cost": 3956997.49, "Plan Rows": 2, "Plan Width": 16, "Actual Startup Time": 41159.406, "Actual Total Time": 43107.347, "Actual Rows": 58537, "Actual Loops": 1, "Plans": [{"Node Type": "Merge Join", "Parent Relationship": "Outer", "Join Type": "Inner", "Startup Cost": 3888475.64, "Total Cost": 3956997.49, "Plan Rows": 2, "Plan Width": 16, "Actual Startup Time": 41159.403, "Actual Total Time": 43098.388, "Actual Rows": 58537, "Actual Loops": 1, "Inner Unique": true, "Merge Cond": "((partsupp.ps_suppkey = subquery.\"?column?\") AND (partsupp.ps_partkey = subquery.\"?column?\"))", "Join Filter": "((partsupp.ps_availqty)::double precision > (.5::double precision * subquery.\"?column?\"))", "Rows Removed by Join Filter": 0, "Plans": [{"Node Type": "Sort", "Parent Relationship": "Outer", "Startup Cost": 230229.65, "Total Cost": 230391.03, "Plan Rows": 64552, "Plan Width": 32, "Actual Startup Time": 1040.831, "Actual Total Time": 1062.279, "Actual Rows": 86224, "Actual Loops": 1, "Sort Key": ["partsupp.ps_suppkey", "partsupp.ps_partkey"], "Sort Method": "quicksort", "Sort Space Used": 11156, "Sort Space Type": "Memory", "Plans": [{"Node Type": "Nested Loop", "Parent Relationship": "Outer", "Join Type": "Inner", "Startup Cost": 0.0, "Total Cost": 225072.53, "Plan Rows": 64552, "Plan Width": 32, "Actual Startup Time": 0.046, "Actual Total Time": 989.099, "Actual Rows": 86224, "Actual Loops": 1, "Inner Unique": false, "Plans": [{"Node Type": "Seq Scan", "Parent Relationship": "Outer", "Relation Name": "part", "Alias": "part", "Startup Cost": 0.0, "Total Cost": 66944.0, "Plan Rows": 22472, "Plan Width": 8, "Actual Startup Time": 0.03, "Actual Total Time": 777.176, "Actual Rows": 21556, "Actual Loops": 1, "Filter": "((p_name)::text ~~ 'green%'::text)", "Rows Removed by Filter": 1978444}, {"Node Type": "Index Scan", "Parent Relationship": "Inner", "Scan Direction": "Forward", "Index Name": "idx_partsupp_partkey", "Relation Name": "partsupp", "Alias": "partsupp", "Startup Cost": 0.0, "Total Cost": 7.01, "Plan Rows": 3, "Plan Width": 24, "Actual Startup Time": 135.681, "Actual Total Time": 181.418, "Actual Rows": 86224, "Actual Loops": 21556, "Index Cond": "(ps_partkey = part.p_partkey)", "Rows Removed by Index Recheck": 0}]}]}, {"Node Type": "Sort", "Parent Relationship": "Inner", "Startup Cost": 3658246.0, "Total Cost": 3680925.2, "Plan Rows": 9071680, "Plan Width": 24, "Actual Startup Time": 40118.28, "Actual Total Time": 41212.25, "Actual Rows": 5442737, "Actual Loops": 1, "Sort Key": ["subquery.\"?column?\"", "subquery.\"?column?\""], "Sort Method": "quicksort", "Sort Space Used": 706866, "Sort Space Type": "Memory", "Plans": [{"Node Type": "Subquery Scan", "Parent Relationship": "Outer", "Alias": "subquery", "Startup Cost": 2405767.29, "Total Cost": 2609880.09, "Plan Rows": 9071680, "Plan Width": 24, "Actual Startup Time": 31382.98, "Actual Total Time": 35314.134, "Actual Rows": 5442751, "Actual Loops": 1, "Plans": [{"Node Type": "Aggregate", "Strategy": "Hashed", "Parent Relationship": "Subquery", "Startup Cost": 2405767.29, "Total Cost": 2519163.29, "Plan Rows": 9071680, "Plan Width": 40, "Actual Startup Time": 31382.975, "Actual Total Time": 34310.326, "Actual Rows": 5442751, "Actual Loops": 1, "Group By Key": ["lineitem.l_partkey", "lineitem.l_suppkey"], "Plans": [{"Node Type": "Seq Scan", "Parent Relationship": "Outer", "Relation Name": "lineitem", "Alias": "lineitem", "Startup Cost": 119.57, "Total Cost": 2315050.5, "Plan Rows": 9071680, "Plan Width": 24, "Actual Startup Time": 0.053, "Actual Total Time": 23146.659, "Actual Rows": 9109641, "Actual Loops": 1, "Filter": "((l_shipdate >= '1993-01-01 00:00:00'::timestamp(0) without time zone) AND (l_shipdate < '1994-01-01 00:00:00'::timestamp without time zone)), (LLVM Optimized, Jit Execute)", "Rows Removed by Filter": 50876411}]}]}]}]}]}]}, {"Node Type": "Index Scan", "Parent Relationship": "Inner", "Scan Direction": "Forward", "Index Name": "nation_pkey", "Relation Name": "nation", "Alias": "nation", "Startup Cost": 0.0, "Total Cost": 0.27, "Plan Rows": 1, "Plan Width": 4, "Actual Startup Time": 94.365, "Actual Total Time": 94.365, "Actual Rows": 1746, "Actual Loops": 44487, "Index Cond": "(n_nationkey = supplier.s_nationkey)", "Rows Removed by Index Recheck": 0, "Filter": "(n_name = 'ALGERIA'::bpchar)", "Rows Removed by Filter": 42741}]}]}, "Triggers": [], "Planner Runtime": 3, "Total Runtime": 43348.679, "Unique SQL Id": 202076520}}, "(16, 89)": {"explain_plan": {"Plan": {"Node Type": "Sort", "Startup Cost": 7727524.68, "Total Cost": 7727529.68, "Plan Rows": 2000, "Plan Width": 51, "Sort Key": ["supplier.s_name"], "Plans": [{"Node Type": "Merge Join", "Parent Relationship": "Outer", "Join Type": "Inner", "Startup Cost": 7727132.33, "Total Cost": 7727415.02, "Plan Rows": 2000, "Plan Width": 51, "Inner Unique": false, "Merge Cond": "(nation.n_nationkey = supplier.s_nationkey)", "Plans": [{"Node Type": "Index Scan", "Parent Relationship": "Outer", "Scan Direction": "Forward", "Index Name": "nation_pkey", "Relation Name": "nation", "Alias": "nation", "Startup Cost": 0.0, "Total Cost": 12.69, "Plan Rows": 1, "Plan Width": 4, "Filter": "(n_name = 'ALGERIA'::bpchar)"}, {"Node Type": "Sort", "Parent Relationship": "Inner", "Startup Cost": 7727132.33, "Total Cost": 7727257.33, "Plan Rows": 50000, "Plan Width": 55, "Sort Key": ["supplier.s_nationkey"], "Plans": [{"Node Type": "Nested Loop", "Parent Relationship": "Outer", "Join Type": "Inner", "Startup Cost": 7723229.35, "Total Cost": 7723229.92, "Plan Rows": 50000, "Plan Width": 55, "Inner Unique": true, "Plans": [{"Node Type": "Unique", "Parent Relationship": "Outer", "Startup Cost": 7723229.35, "Total Cost": 7723229.36, "Plan Rows": 2, "Plan Width": 16, "Plans": [{"Node Type": "Sort", "Parent Relationship": "Outer", "Startup Cost": 7723229.35, "Total Cost": 7723229.35, "Plan Rows": 2, "Plan Width": 16, "Sort Key": ["partsupp.ps_suppkey"], "Plans": [{"Node Type": "Merge Join", "Parent Relationship": "Outer", "Join Type": "Inner", "Startup Cost": 7406937.34, "Total Cost": 7723229.34, "Plan Rows": 2, "Plan Width": 16, "Inner Unique": true, "Merge Cond": "(partsupp.ps_partkey = subquery.\"?column?\")", "Join Filter": "((partsupp.ps_suppkey = subquery.\"?column?\") AND ((partsupp.ps_availqty)::double precision > (.5::double precision * subquery.\"?column?\")))", "Plans": [{"Node Type": "Nested Loop", "Parent Relationship": "Outer", "Join Type": "Inner", "Startup Cost": 0.0, "Total Cost": 263931.78, "Plan Rows": 64552, "Plan Width": 32, "Inner Unique": false, "Plans": [{"Node Type": "Index Scan", "Parent Relationship": "Outer", "Scan Direction": "Forward", "Index Name": "part_kpey", "Relation Name": "part", "Alias": "part", "Startup Cost": 0.0, "Total Cost": 105803.25, "Plan Rows": 22472, "Plan Width": 8, "Filter": "((p_name)::text ~~ 'green%'::text)"}, {"Node Type": "Index Scan", "Parent Relationship": "Inner", "Scan Direction": "Forward", "Index Name": "idx_partsupp_partkey", "Relation Name": "partsupp", "Alias": "partsupp", "Startup Cost": 0.0, "Total Cost": 7.01, "Plan Rows": 3, "Plan Width": 24, "Index Cond": "(ps_partkey = part.p_partkey)"}]}, {"Node Type": "Sort", "Parent Relationship": "Inner", "Startup Cost": 7406937.34, "Total Cost": 7429616.54, "Plan Rows": 9071680, "Plan Width": 24, "Sort Key": ["subquery.\"?column?\""], "Plans": [{"Node Type": "Subquery Scan", "Parent Relationship": "Outer", "Alias": "subquery", "Startup Cost": 6154458.63, "Total Cost": 6358571.43, "Plan Rows": 9071680, "Plan Width": 24, "Plans": [{"Node Type": "Aggregate", "Strategy": "Hashed", "Parent Relationship": "Subquery", "Startup Cost": 6154458.63, "Total Cost": 6267854.63, "Plan Rows": 9071680, "Plan Width": 40, "Group By Key": ["lineitem.l_partkey", "lineitem.l_suppkey"], "Plans": [{"Node Type": "Index Scan", "Parent Relationship": "Outer", "Scan Direction": "Forward", "Index Name": "idx_lineitem_shipdate", "Relation Name": "lineitem", "Alias": "lineitem", "Startup Cost": 0.0, "Total Cost": 6063741.83, "Plan Rows": 9071680, "Plan Width": 24, "Index Cond": "((l_shipdate >= '1993-01-01 00:00:00'::timestamp(0) without time zone) AND (l_shipdate < '1994-01-01 00:00:00'::timestamp without time zone)), (LLVM Optimized)"}]}]}]}]}]}]}, {"Node Type": "Index Scan", "Parent Relationship": "Inner", "Scan Direction": "Forward", "Index Name": "supplier_pkey", "Relation Name": "supplier", "Alias": "supplier", "Startup Cost": 0.0, "Total Cost": 0.27, "Plan Rows": 1, "Plan Width": 63, "Index Cond": "(s_suppkey = subquery.\"?column?\")"}]}]}]}]}, "Unique SQL Id": 202076520, "Planner Runtime": 3}, "explain_analyze_plan": {"Plan": {"Node Type": "Sort", "Startup Cost": 7727524.68, "Total Cost": 7727529.68, "Plan Rows": 2000, "Plan Width": 51, "Actual Startup Time": 43436.522, "Actual Total Time": 43436.656, "Actual Rows": 1746, "Actual Loops": 1, "Sort Key": ["supplier.s_name"], "Sort Method": "quicksort", "Sort Space Used": 309, "Sort Space Type": "Memory", "Plans": [{"Node Type": "Merge Join", "Parent Relationship": "Outer", "Join Type": "Inner", "Startup Cost": 7727132.33, "Total Cost": 7727415.02, "Plan Rows": 2000, "Plan Width": 51, "Actual Startup Time": 43427.971, "Actual Total Time": 43428.819, "Actual Rows": 1746, "Actual Loops": 1, "Inner Unique": false, "Merge Cond": "(nation.n_nationkey = supplier.s_nationkey)", "Plans": [{"Node Type": "Index Scan", "Parent Relationship": "Outer", "Scan Direction": "Forward", "Index Name": "nation_pkey", "Relation Name": "nation", "Alias": "nation", "Startup Cost": 0.0, "Total Cost": 12.69, "Plan Rows": 1, "Plan Width": 4, "Actual Startup Time": 0.022, "Actual Total Time": 0.054, "Actual Rows": 1, "Actual Loops": 1, "Filter": "(n_name = 'ALGERIA'::bpchar)", "Rows Removed by Filter": 24}, {"Node Type": "Sort", "Parent Relationship": "Inner", "Startup Cost": 7727132.33, "Total Cost": 7727257.33, "Plan Rows": 50000, "Plan Width": 55, "Actual Startup Time": 43427.932, "Actual Total Time": 43428.192, "Actual Rows": 1747, "Actual Loops": 1, "Sort Key": ["supplier.s_nationkey"], "Sort Method": "quicksort", "Sort Space Used": 8488, "Sort Space Type": "Memory", "Plans": [{"Node Type": "Nested Loop", "Parent Relationship": "Outer", "Join Type": "Inner", "Startup Cost": 7723229.35, "Total Cost": 7723229.92, "Plan Rows": 50000, "Plan Width": 55, "Actual Startup Time": 43238.401, "Actual Total Time": 43407.766, "Actual Rows": 44487, "Actual Loops": 1, "Inner Unique": true, "Plans": [{"Node Type": "Unique", "Parent Relationship": "Outer", "Startup Cost": 7723229.35, "Total Cost": 7723229.36, "Plan Rows": 2, "Plan Width": 16, "Actual Startup Time": 43238.251, "Actual Total Time": 43267.96, "Actual Rows": 44487, "Actual Loops": 1, "Plans": [{"Node Type": "Sort", "Parent Relationship": "Outer", "Startup Cost": 7723229.35, "Total Cost": 7723229.35, "Plan Rows": 2, "Plan Width": 16, "Actual Startup Time": 43238.247, "Actual Total Time": 43252.127, "Actual Rows": 58537, "Actual Loops": 1, "Sort Key": ["partsupp.ps_suppkey"], "Sort Method": "quicksort", "Sort Space Used": 7024, "Sort Space Type": "Memory", "Plans": [{"Node Type": "Merge Join", "Parent Relationship": "Outer", "Join Type": "Inner", "Startup Cost": 7406937.34, "Total Cost": 7723229.34, "Plan Rows": 2, "Plan Width": 16, "Actual Startup Time": 39150.59, "Actual Total Time": 43211.392, "Actual Rows": 58537, "Actual Loops": 1, "Inner Unique": true, "Merge Cond": "(partsupp.ps_partkey = subquery.\"?column?\")", "Join Filter": "((partsupp.ps_suppkey = subquery.\"?column?\") AND ((partsupp.ps_availqty)::double precision > (.5::double precision * subquery.\"?column?\")))", "Rows Removed by Join Filter": 0, "Plans": [{"Node Type": "Nested Loop", "Parent Relationship": "Outer", "Join Type": "Inner", "Startup Cost": 0.0, "Total Cost": 263931.78, "Plan Rows": 64552, "Plan Width": 32, "Actual Startup Time": 0.056, "Actual Total Time": 1577.074, "Actual Rows": 86224, "Actual Loops": 1, "Inner Unique": false, "Plans": [{"Node Type": "Index Scan", "Parent Relationship": "Outer", "Scan Direction": "Forward", "Index Name": "part_kpey", "Relation Name": "part", "Alias": "part", "Startup Cost": 0.0, "Total Cost": 105803.25, "Plan Rows": 22472, "Plan Width": 8, "Actual Startup Time": 0.041, "Actual Total Time": 1324.936, "Actual Rows": 21556, "Actual Loops": 1, "Filter": "((p_name)::text ~~ 'green%'::text)", "Rows Removed by Filter": 1978444}, {"Node Type": "Index Scan", "Parent Relationship": "Inner", "Scan Direction": "Forward", "Index Name": "idx_partsupp_partkey", "Relation Name": "partsupp", "Alias": "partsupp", "Startup Cost": 0.0, "Total Cost": 7.01, "Plan Rows": 3, "Plan Width": 24, "Actual Startup Time": 165.945, "Actual Total Time": 219.065, "Actual Rows": 86224, "Actual Loops": 21556, "Index Cond": "(ps_partkey = part.p_partkey)", "Rows Removed by Index Recheck": 0}]}, {"Node Type": "Sort", "Parent Relationship": "Inner", "Startup Cost": 7406937.34, "Total Cost": 7429616.54, "Plan Rows": 9071680, "Plan Width": 24, "Actual Startup Time": 39150.392, "Actual Total Time": 40847.667, "Actual Rows": 5530011, "Actual Loops": 1, "Sort Key": ["subquery.\"?column?\""], "Sort Method": "quicksort", "Sort Space Used": 706866, "Sort Space Type": "Memory", "Plans": [{"Node Type": "Subquery Scan", "Parent Relationship": "Outer", "Alias": "subquery", "Startup Cost": 6154458.63, "Total Cost": 6358571.43, "Plan Rows": 9071680, "Plan Width": 24, "Actual Startup Time": 32778.905, "Actual Total Time": 36891.34, "Actual Rows": 5442751, "Actual Loops": 1, "Plans": [{"Node Type": "Aggregate", "Strategy": "Hashed", "Parent Relationship": "Subquery", "Startup Cost": 6154458.63, "Total Cost": 6267854.63, "Plan Rows": 9071680, "Plan Width": 40, "Actual Startup Time": 32778.901, "Actual Total Time": 35886.528, "Actual Rows": 5442751, "Actual Loops": 1, "Group By Key": ["lineitem.l_partkey", "lineitem.l_suppkey"], "Plans": [{"Node Type": "Index Scan", "Parent Relationship": "Outer", "Scan Direction": "Forward", "Index Name": "idx_lineitem_shipdate", "Relation Name": "lineitem", "Alias": "lineitem", "Startup Cost": 0.0, "Total Cost": 6063741.83, "Plan Rows": 9071680, "Plan Width": 24, "Actual Startup Time": 0.075, "Actual Total Time": 24102.207, "Actual Rows": 9109641, "Actual Loops": 1, "Index Cond": "((l_shipdate >= '1993-01-01 00:00:00'::timestamp(0) without time zone) AND (l_shipdate < '1994-01-01 00:00:00'::timestamp without time zone)), (LLVM Optimized, Jit Execute)", "Rows Removed by Index Recheck": 0}]}]}]}]}]}]}, {"Node Type": "Index Scan", "Parent Relationship": "Inner", "Scan Direction": "Forward", "Index Name": "supplier_pkey", "Relation Name": "supplier", "Alias": "supplier", "Startup Cost": 0.0, "Total Cost": 0.27, "Plan Rows": 1, "Plan Width": 63, "Actual Startup Time": 106.388, "Actual Total Time": 106.388, "Actual Rows": 44487, "Actual Loops": 44487, "Index Cond": "(s_suppkey = subquery.\"?column?\")", "Rows Removed by Index Recheck": 0}]}]}]}]}, "Triggers": [], "Planner Runtime": 2, "Total Runtime": 43446.346, "Unique SQL Id": 202076520}}, "(16, 90)": {"explain_plan": {"Plan": {"Node Type": "Sort", "Startup Cost": 5041049.96, "Total Cost": 5041054.96, "Plan Rows": 2000, "Plan Width": 51, "Sort Key": ["supplier.s_name"], "Plans": [{"Node Type": "Merge Join", "Parent Relationship": "Outer", "Join Type": "Semi", "Startup Cost": 4972398.43, "Total Cost": 5040940.3, "Plan Rows": 2000, "Plan Width": 51, "Inner Unique": false, "Merge Cond": "(supplier.s_suppkey = subquery.\"?column?\")", "Plans": [{"Node Type": "Sort", "Parent Relationship": "Outer", "Startup Cost": 12368.47, "Total Cost": 12378.47, "Plan Rows": 4000, "Plan Width": 59, "Sort Key": ["supplier.s_suppkey"], "Plans": [{"Node Type": "Merge Join", "Parent Relationship": "Outer", "Join Type": "Inner", "Startup Cost": 11589.14, "Total Cost": 12129.15, "Plan Rows": 4000, "Plan Width": 59, "Inner Unique": false, "Merge Cond": "(nation.n_nationkey = supplier.s_nationkey)", "Plans": [{"Node Type": "Sort", "Parent Relationship": "Outer", "Startup Cost": 1.32, "Total Cost": 1.33, "Plan Rows": 1, "Plan Width": 4, "Sort Key": ["nation.n_nationkey"], "Plans": [{"Node Type": "Seq Scan", "Parent Relationship": "Outer", "Relation Name": "nation", "Alias": "nation", "Startup Cost": 0.0, "Total Cost": 1.31, "Plan Rows": 1, "Plan Width": 4, "Filter": "(n_name = 'ALGERIA'::bpchar)"}]}, {"Node Type": "Sort", "Parent Relationship": "Inner", "Startup Cost": 11587.82, "Total Cost": 11837.82, "Plan Rows": 100000, "Plan Width": 63, "Sort Key": ["supplier.s_nationkey"], "Plans": [{"Node Type": "Seq Scan", "Parent Relationship": "Outer", "Relation Name": "supplier", "Alias": "supplier", "Startup Cost": 0.0, "Total Cost": 3283.0, "Plan Rows": 100000, "Plan Width": 63}]}]}]}, {"Node Type": "Materialize", "Parent Relationship": "Inner", "Startup Cost": 4960029.96, "Total Cost": 5028551.81, "Plan Rows": 2, "Plan Width": 16, "Plans": [{"Node Type": "Merge Join", "Parent Relationship": "Outer", "Join Type": "Inner", "Startup Cost": 4960029.96, "Total Cost": 5028551.8, "Plan Rows": 2, "Plan Width": 16, "Inner Unique": true, "Merge Cond": "((partsupp.ps_suppkey = subquery.\"?column?\") AND (partsupp.ps_partkey = subquery.\"?column?\"))", "Join Filter": "((partsupp.ps_availqty)::double precision > (.5::double precision * subquery.\"?column?\"))", "Plans": [{"Node Type": "Sort", "Parent Relationship": "Outer", "Startup Cost": 1301783.96, "Total Cost": 1301945.34, "Plan Rows": 64552, "Plan Width": 32, "Sort Key": ["partsupp.ps_suppkey", "partsupp.ps_partkey"], "Plans": [{"Node Type": "Merge Join", "Parent Relationship": "Outer", "Join Type": "Inner", "Startup Cost": 1255864.76, "Total Cost": 1296626.85, "Plan Rows": 64552, "Plan Width": 32, "Inner Unique": false, "Merge Cond": "(part.p_partkey = partsupp.ps_partkey)", "Plans": [{"Node Type": "Sort", "Parent Relationship": "Outer", "Startup Cost": 68568.26, "Total Cost": 68624.44, "Plan Rows": 22472, "Plan Width": 8, "Sort Key": ["part.p_partkey"], "Plans": [{"Node Type": "Seq Scan", "Parent Relationship": "Outer", "Relation Name": "part", "Alias": "part", "Startup Cost": 0.0, "Total Cost": 66944.0, "Plan Rows": 22472, "Plan Width": 8, "Filter": "((p_name)::text ~~ 'green%'::text)"}]}, {"Node Type": "Sort", "Parent Relationship": "Inner", "Startup Cost": 1187295.8, "Total Cost": 1207296.73, "Plan Rows": 8000372, "Plan Width": 24, "Sort Key": ["partsupp.ps_partkey"], "Plans": [{"Node Type": "Seq Scan", "Parent Relationship": "Outer", "Relation Name": "partsupp", "Alias": "partsupp", "Startup Cost": 0.0, "Total Cost": 269987.72, "Plan Rows": 8000372, "Plan Width": 24}]}]}]}, {"Node Type": "Sort", "Parent Relationship": "Inner", "Startup Cost": 3658246.0, "Total Cost": 3680925.2, "Plan Rows": 9071680, "Plan Width": 24, "Sort Key": ["subquery.\"?column?\"", "subquery.\"?column?\""], "Plans": [{"Node Type": "Subquery Scan", "Parent Relationship": "Outer", "Alias": "subquery", "Startup Cost": 2405767.29, "Total Cost": 2609880.09, "Plan Rows": 9071680, "Plan Width": 24, "Plans": [{"Node Type": "Aggregate", "Strategy": "Hashed", "Parent Relationship": "Subquery", "Startup Cost": 2405767.29, "Total Cost": 2519163.29, "Plan Rows": 9071680, "Plan Width": 40, "Group By Key": ["lineitem.l_partkey", "lineitem.l_suppkey"], "Plans": [{"Node Type": "Seq Scan", "Parent Relationship": "Outer", "Relation Name": "lineitem", "Alias": "lineitem", "Startup Cost": 119.57, "Total Cost": 2315050.5, "Plan Rows": 9071680, "Plan Width": 24, "Filter": "((l_shipdate >= '1993-01-01 00:00:00'::timestamp(0) without time zone) AND (l_shipdate < '1994-01-01 00:00:00'::timestamp without time zone)), (LLVM Optimized)"}]}]}]}]}]}]}]}, "Unique SQL Id": 202076520, "Planner Runtime": 3}, "explain_analyze_plan": {"Plan": {"Node Type": "Sort", "Startup Cost": 5041049.96, "Total Cost": 5041054.96, "Plan Rows": 2000, "Plan Width": 51, "Actual Startup Time": 50938.636, "Actual Total Time": 50938.784, "Actual Rows": 1746, "Actual Loops": 1, "Sort Key": ["supplier.s_name"], "Sort Method": "quicksort", "Sort Space Used": 309, "Sort Space Type": "Memory", "Plans": [{"Node Type": "Merge Join", "Parent Relationship": "Outer", "Join Type": "Semi", "Startup Cost": 4972398.43, "Total Cost": 5040940.3, "Plan Rows": 2000, "Plan Width": 51, "Actual Startup Time": 49032.123, "Actual Total Time": 50936.545, "Actual Rows": 1746, "Actual Loops": 1, "Inner Unique": false, "Merge Cond": "(supplier.s_suppkey = subquery.\"?column?\")", "Plans": [{"Node Type": "Sort", "Parent Relationship": "Outer", "Startup Cost": 12368.47, "Total Cost": 12378.47, "Plan Rows": 4000, "Plan Width": 59, "Actual Startup Time": 71.18, "Actual Total Time": 72.019, "Actual Rows": 3934, "Actual Loops": 1, "Sort Key": ["supplier.s_suppkey"], "Sort Method": "quicksort", "Sort Space Used": 711, "Sort Space Type": "Memory", "Plans": [{"Node Type": "Merge Join", "Parent Relationship": "Outer", "Join Type": "Inner", "Startup Cost": 11589.14, "Total Cost": 12129.15, "Plan Rows": 4000, "Plan Width": 59, "Actual Startup Time": 67.768, "Actual Total Time": 69.538, "Actual Rows": 3934, "Actual Loops": 1, "Inner Unique": false, "Merge Cond": "(nation.n_nationkey = supplier.s_nationkey)", "Plans": [{"Node Type": "Sort", "Parent Relationship": "Outer", "Startup Cost": 1.32, "Total Cost": 1.33, "Plan Rows": 1, "Plan Width": 4, "Actual Startup Time": 0.045, "Actual Total Time": 0.045, "Actual Rows": 1, "Actual Loops": 1, "Sort Key": ["nation.n_nationkey"], "Sort Method": "quicksort", "Sort Space Used": 25, "Sort Space Type": "Memory", "Plans": [{"Node Type": "Seq Scan", "Parent Relationship": "Outer", "Relation Name": "nation", "Alias": "nation", "Startup Cost": 0.0, "Total Cost": 1.31, "Plan Rows": 1, "Plan Width": 4, "Actual Startup Time": 0.026, "Actual Total Time": 0.034, "Actual Rows": 1, "Actual Loops": 1, "Filter": "(n_name = 'ALGERIA'::bpchar)", "Rows Removed by Filter": 24}]}, {"Node Type": "Sort", "Parent Relationship": "Inner", "Startup Cost": 11587.82, "Total Cost": 11837.82, "Plan Rows": 100000, "Plan Width": 63, "Actual Startup Time": 67.711, "Actual Total Time": 68.259, "Actual Rows": 3935, "Actual Loops": 1, "Sort Key": ["supplier.s_nationkey"], "Sort Method": "quicksort", "Sort Space Used": 18698, "Sort Space Type": "Memory", "Plans": [{"Node Type": "Seq Scan", "Parent Relationship": "Outer", "Relation Name": "supplier", "Alias": "supplier", "Startup Cost": 0.0, "Total Cost": 3283.0, "Plan Rows": 100000, "Plan Width": 63, "Actual Startup Time": 0.019, "Actual Total Time": 34.13, "Actual Rows": 100000, "Actual Loops": 1}]}]}]}, {"Node Type": "Materialize", "Parent Relationship": "Inner", "Startup Cost": 4960029.96, "Total Cost": 5028551.81, "Plan Rows": 2, "Plan Width": 16, "Actual Startup Time": 48960.053, "Actual Total Time": 50851.514, "Actual Rows": 58530, "Actual Loops": 1, "Plans": [{"Node Type": "Merge Join", "Parent Relationship": "Outer", "Join Type": "Inner", "Startup Cost": 4960029.96, "Total Cost": 5028551.8, "Plan Rows": 2, "Plan Width": 16, "Actual Startup Time": 48960.05, "Actual Total Time": 50843.208, "Actual Rows": 58530, "Actual Loops": 1, "Inner Unique": true, "Merge Cond": "((partsupp.ps_suppkey = subquery.\"?column?\") AND (partsupp.ps_partkey = subquery.\"?column?\"))", "Join Filter": "((partsupp.ps_availqty)::double precision > (.5::double precision * subquery.\"?column?\"))", "Rows Removed by Join Filter": 0, "Plans": [{"Node Type": "Sort", "Parent Relationship": "Outer", "Startup Cost": 1301783.96, "Total Cost": 1301945.34, "Plan Rows": 64552, "Plan Width": 32, "Actual Startup Time": 9178.966, "Actual Total Time": 9198.623, "Actual Rows": 86215, "Actual Loops": 1, "Sort Key": ["partsupp.ps_suppkey", "partsupp.ps_partkey"], "Sort Method": "quicksort", "Sort Space Used": 11156, "Sort Space Type": "Memory", "Plans": [{"Node Type": "Merge Join", "Parent Relationship": "Outer", "Join Type": "Inner", "Startup Cost": 1255864.76, "Total Cost": 1296626.85, "Plan Rows": 64552, "Plan Width": 32, "Actual Startup Time": 6426.451, "Actual Total Time": 9129.016, "Actual Rows": 86224, "Actual Loops": 1, "Inner Unique": false, "Merge Cond": "(part.p_partkey = partsupp.ps_partkey)", "Plans": [{"Node Type": "Sort", "Parent Relationship": "Outer", "Startup Cost": 68568.26, "Total Cost": 68624.44, "Plan Rows": 22472, "Plan Width": 8, "Actual Startup Time": 771.65, "Actual Total Time": 774.192, "Actual Rows": 21556, "Actual Loops": 1, "Sort Key": ["part.p_partkey"], "Sort Method": "quicksort", "Sort Space Used": 2116, "Sort Space Type": "Memory", "Plans": [{"Node Type": "Seq Scan", "Parent Relationship": "Outer", "Relation Name": "part", "Alias": "part", "Startup Cost": 0.0, "Total Cost": 66944.0, "Plan Rows": 22472, "Plan Width": 8, "Actual Startup Time": 0.046, "Actual Total Time": 764.494, "Actual Rows": 21556, "Actual Loops": 1, "Filter": "((p_name)::text ~~ 'green%'::text)", "Rows Removed by Filter": 1978444}]}, {"Node Type": "Sort", "Parent Relationship": "Inner", "Startup Cost": 1187295.8, "Total Cost": 1207296.73, "Plan Rows": 8000372, "Plan Width": 24, "Actual Startup Time": 5654.737, "Actual Total Time": 7090.731, "Actual Rows": 7999953, "Actual Loops": 1, "Sort Key": ["partsupp.ps_partkey"], "Sort Method": "quicksort", "Sort Space Used": 946609, "Sort Space Type": "Memory", "Plans": [{"Node Type": "Seq Scan", "Parent Relationship": "Outer", "Relation Name": "partsupp", "Alias": "partsupp", "Startup Cost": 0.0, "Total Cost": 269987.72, "Plan Rows": 8000372, "Plan Width": 24, "Actual Startup Time": 0.029, "Actual Total Time": 2771.141, "Actual Rows": 8000000, "Actual Loops": 1}]}]}]}, {"Node Type": "Sort", "Parent Relationship": "Inner", "Startup Cost": 3658246.0, "Total Cost": 3680925.2, "Plan Rows": 9071680, "Plan Width": 24, "Actual Startup Time": 39780.804, "Actual Total Time": 40824.04, "Actual Rows": 5442190, "Actual Loops": 1, "Sort Key": ["subquery.\"?column?\"", "subquery.\"?column?\""], "Sort Method": "quicksort", "Sort Space Used": 706866, "Sort Space Type": "Memory", "Plans": [{"Node Type": "Subquery Scan", "Parent Relationship": "Outer", "Alias": "subquery", "Startup Cost": 2405767.29, "Total Cost": 2609880.09, "Plan Rows": 9071680, "Plan Width": 24, "Actual Startup Time": 31024.938, "Actual Total Time": 35020.371, "Actual Rows": 5442751, "Actual Loops": 1, "Plans": [{"Node Type": "Aggregate", "Strategy": "Hashed", "Parent Relationship": "Subquery", "Startup Cost": 2405767.29, "Total Cost": 2519163.29, "Plan Rows": 9071680, "Plan Width": 40, "Actual Startup Time": 31024.936, "Actual Total Time": 33996.369, "Actual Rows": 5442751, "Actual Loops": 1, "Group By Key": ["lineitem.l_partkey", "lineitem.l_suppkey"], "Plans": [{"Node Type": "Seq Scan", "Parent Relationship": "Outer", "Relation Name": "lineitem", "Alias": "lineitem", "Startup Cost": 119.57, "Total Cost": 2315050.5, "Plan Rows": 9071680, "Plan Width": 24, "Actual Startup Time": 0.053, "Actual Total Time": 23316.08, "Actual Rows": 9109641, "Actual Loops": 1, "Filter": "((l_shipdate >= '1993-01-01 00:00:00'::timestamp(0) without time zone) AND (l_shipdate < '1994-01-01 00:00:00'::timestamp without time zone)), (LLVM Optimized, Jit Execute)", "Rows Removed by Filter": 50876411}]}]}]}]}]}]}]}, "Triggers": [], "Planner Runtime": 2, "Total Runtime": 50948.513, "Unique SQL Id": 202076520}}, "(16, 91)": {"explain_plan": {"Plan": {"Node Type": "Sort", "Startup Cost": 5000920190857.93, "Total Cost": 5000920190862.93, "Plan Rows": 2000, "Plan Width": 51, "Sort Key": ["supplier.s_name"], "Plans": [{"Node Type": "Merge Join", "Parent Relationship": "Outer", "Join Type": "Inner", "Startup Cost": 4010920189199.52, "Total Cost": 5000920190748.27, "Plan Rows": 2000, "Plan Width": 51, "Inner Unique": true, "Merge Cond": "(supplier.s_nationkey = nation.n_nationkey)", "Plans": [{"Node Type": "Sort", "Parent Relationship": "Outer", "Startup Cost": 4000920189199.52, "Total Cost": 4000920189324.52, "Plan Rows": 50000, "Plan Width": 55, "Sort Key": ["supplier.s_nationkey"], "Plans": [{"Node Type": "Merge Join", "Parent Relationship": "Outer", "Join Type": "Semi", "Startup Cost": 2020817946503.29, "Total Cost": 4000920185297.11, "Plan Rows": 50000, "Plan Width": 55, "Inner Unique": false, "Merge Cond": "(supplier.s_suppkey = subquery.\"?column?\")", "Plans": [{"Node Type": "Index Scan", "Parent Relationship": "Outer", "Scan Direction": "Forward", "Index Name": "supplier_pkey", "Relation Name": "supplier", "Alias": "supplier", "Startup Cost": 10000000000.0, "Total Cost": 1000000533454.38, "Plan Rows": 100000, "Plan Width": 63}, {"Node Type": "Materialize", "Parent Relationship": "Inner", "Startup Cost": 2010817946503.29, "Total Cost": 3000919651592.7, "Plan Rows": 2, "Plan Width": 16, "Plans": [{"Node Type": "Merge Join", "Parent Relationship": "Outer", "Join Type": "Inner", "Startup Cost": 2010817946503.29, "Total Cost": 3000919651592.7, "Plan Rows": 2, "Plan Width": 16, "Inner Unique": false, "Merge Cond": "(partsupp.ps_suppkey = subquery.\"?column?\")", "Join Filter": "((part.p_partkey = partsupp.ps_partkey) AND ((partsupp.ps_availqty)::double precision > (.5::double precision * subquery.\"?column?\")))", "Plans": [{"Node Type": "Index Scan", "Parent Relationship": "Outer", "Scan Direction": "Forward", "Index Name": "idx_partsupp_suppkey", "Relation Name": "partsupp", "Alias": "partsupp", "Startup Cost": 10000000000.0, "Total Cost": 1000100160480.77, "Plan Rows": 8000372, "Plan Width": 24}, {"Node Type": "Sort", "Parent Relationship": "Inner", "Startup Cost": 2000817946503.29, "Total Cost": 2000817957842.89, "Plan Rows": 4535840, "Plan Width": 32, "Sort Key": ["subquery.\"?column?\""], "Plans": [{"Node Type": "Merge Join", "Parent Relationship": "Outer", "Join Type": "Inner", "Startup Cost": 1010806728031.64, "Total Cost": 2000817444999.54, "Plan Rows": 4535840, "Plan Width": 32, "Inner Unique": false, "Merge Cond": "(part.p_partkey = subquery.\"?column?\")", "Plans": [{"Node Type": "Index Scan", "Parent Relationship": "Outer", "Scan Direction": "Forward", "Index Name": "part_kpey", "Relation Name": "part", "Alias": "part", "Startup Cost": 10000000000.0, "Total Cost": 1000010580325.0, "Plan Rows": 22472, "Plan Width": 8, "Filter": "((p_name)::text ~~ 'green%'::text)"}, {"Node Type": "Sort", "Parent Relationship": "Inner", "Startup Cost": 1000806728031.64, "Total Cost": 1000806750710.84, "Plan Rows": 9071680, "Plan Width": 24, "Sort Key": ["subquery.\"?column?\""], "Plans": [{"Node Type": "Subquery Scan", "Parent Relationship": "Outer", "Alias": "subquery", "Startup Cost": 1000805475552.94, "Total Cost": 1000805679665.74, "Plan Rows": 9071680, "Plan Width": 24, "Plans": [{"Node Type": "Aggregate", "Strategy": "Hashed", "Parent Relationship": "Subquery", "Startup Cost": 1000805475552.94, "Total Cost": 1000805588948.94, "Plan Rows": 9071680, "Plan Width": 40, "Group By Key": ["lineitem.l_partkey", "lineitem.l_suppkey"], "Plans": [{"Node Type": "Index Scan", "Parent Relationship": "Outer", "Scan Direction": "Forward", "Index Name": "idx_lineitem_part_supp", "Relation Name": "lineitem", "Alias": "lineitem", "Startup Cost": 10000000000.0, "Total Cost": 1000805384836.14, "Plan Rows": 9071680, "Plan Width": 24, "Filter": "((l_shipdate >= '1993-01-01 00:00:00'::timestamp(0) without time zone) AND (l_shipdate < '1994-01-01 00:00:00'::timestamp without time zone)), (LLVM Optimized)"}]}]}]}]}]}]}]}]}]}, {"Node Type": "Materialize", "Parent Relationship": "Inner", "Startup Cost": 10000000000.0, "Total Cost": 1000000001268.75, "Plan Rows": 1, "Plan Width": 4, "Plans": [{"Node Type": "Index Scan", "Parent Relationship": "Outer", "Scan Direction": "Forward", "Index Name": "nation_pkey", "Relation Name": "nation", "Alias": "nation", "Startup Cost": 10000000000.0, "Total Cost": 1000000001268.75, "Plan Rows": 1, "Plan Width": 4, "Filter": "(n_name = 'ALGERIA'::bpchar)"}]}]}]}, "Unique SQL Id": 202076520, "Planner Runtime": 3}, "explain_analyze_plan": null}, "(16, 92)": {"explain_plan": {"Plan": {"Node Type": "Sort", "Startup Cost": 3976822.72, "Total Cost": 3976827.72, "Plan Rows": 2000, "Plan Width": 51, "Sort Key": ["supplier.s_name"], "Plans": [{"Node Type": "Nested Loop", "Parent Relationship": "Outer", "Join Type": "Inner", "Startup Cost": 3888475.64, "Total Cost": 3976713.06, "Plan Rows": 2000, "Plan Width": 51, "Inner Unique": true, "Plans": [{"Node Type": "Merge Join", "Parent Relationship": "Outer", "Join Type": "Semi", "Startup Cost": 3888475.64, "Total Cost": 3962582.06, "Plan Rows": 50000, "Plan Width": 55, "Inner Unique": false, "Merge Cond": "(supplier.s_suppkey = subquery.\"?column?\")", "Plans": [{"Node Type": "Index Scan", "Parent Relationship": "Outer", "Scan Direction": "Forward", "Index Name": "supplier_pkey", "Relation Name": "supplier", "Alias": "supplier", "Startup Cost": 0.0, "Total Cost": 5334.54, "Plan Rows": 100000, "Plan Width": 63}, {"Node Type": "Materialize", "Parent Relationship": "Inner", "Startup Cost": 3888475.64, "Total Cost": 3956997.49, "Plan Rows": 2, "Plan Width": 16, "Plans": [{"Node Type": "Merge Join", "Parent Relationship": "Outer", "Join Type": "Inner", "Startup Cost": 3888475.64, "Total Cost": 3956997.49, "Plan Rows": 2, "Plan Width": 16, "Inner Unique": true, "Merge Cond": "((partsupp.ps_suppkey = subquery.\"?column?\") AND (partsupp.ps_partkey = subquery.\"?column?\"))", "Join Filter": "((partsupp.ps_availqty)::double precision > (.5::double precision * subquery.\"?column?\"))", "Plans": [{"Node Type": "Sort", "Parent Relationship": "Outer", "Startup Cost": 230229.65, "Total Cost": 230391.03, "Plan Rows": 64552, "Plan Width": 32, "Sort Key": ["partsupp.ps_suppkey", "partsupp.ps_partkey"], "Plans": [{"Node Type": "Nested Loop", "Parent Relationship": "Outer", "Join Type": "Inner", "Startup Cost": 0.0, "Total Cost": 225072.53, "Plan Rows": 64552, "Plan Width": 32, "Inner Unique": false, "Plans": [{"Node Type": "Seq Scan", "Parent Relationship": "Outer", "Relation Name": "part", "Alias": "part", "Startup Cost": 0.0, "Total Cost": 66944.0, "Plan Rows": 22472, "Plan Width": 8, "Filter": "((p_name)::text ~~ 'green%'::text)"}, {"Node Type": "Index Scan", "Parent Relationship": "Inner", "Scan Direction": "Forward", "Index Name": "idx_partsupp_partkey", "Relation Name": "partsupp", "Alias": "partsupp", "Startup Cost": 0.0, "Total Cost": 7.01, "Plan Rows": 3, "Plan Width": 24, "Index Cond": "(ps_partkey = part.p_partkey)"}]}]}, {"Node Type": "Sort", "Parent Relationship": "Inner", "Startup Cost": 3658246.0, "Total Cost": 3680925.2, "Plan Rows": 9071680, "Plan Width": 24, "Sort Key": ["subquery.\"?column?\"", "subquery.\"?column?\""], "Plans": [{"Node Type": "Subquery Scan", "Parent Relationship": "Outer", "Alias": "subquery", "Startup Cost": 2405767.29, "Total Cost": 2609880.09, "Plan Rows": 9071680, "Plan Width": 24, "Plans": [{"Node Type": "Aggregate", "Strategy": "Hashed", "Parent Relationship": "Subquery", "Startup Cost": 2405767.29, "Total Cost": 2519163.29, "Plan Rows": 9071680, "Plan Width": 40, "Group By Key": ["lineitem.l_partkey", "lineitem.l_suppkey"], "Plans": [{"Node Type": "Seq Scan", "Parent Relationship": "Outer", "Relation Name": "lineitem", "Alias": "lineitem", "Startup Cost": 119.57, "Total Cost": 2315050.5, "Plan Rows": 9071680, "Plan Width": 24, "Filter": "((l_shipdate >= '1993-01-01 00:00:00'::timestamp(0) without time zone) AND (l_shipdate < '1994-01-01 00:00:00'::timestamp without time zone)), (LLVM Optimized)"}]}]}]}]}]}]}, {"Node Type": "Index Scan", "Parent Relationship": "Inner", "Scan Direction": "Forward", "Index Name": "nation_pkey", "Relation Name": "nation", "Alias": "nation", "Startup Cost": 0.0, "Total Cost": 0.27, "Plan Rows": 1, "Plan Width": 4, "Index Cond": "(n_nationkey = supplier.s_nationkey)", "Filter": "(n_name = 'ALGERIA'::bpchar)"}]}]}, "Unique SQL Id": 202076520, "Planner Runtime": 3}, "explain_analyze_plan": {"Plan": {"Node Type": "Sort", "Startup Cost": 3976822.72, "Total Cost": 3976827.72, "Plan Rows": 2000, "Plan Width": 51, "Actual Startup Time": 43339.019, "Actual Total Time": 43339.173, "Actual Rows": 1746, "Actual Loops": 1, "Sort Key": ["supplier.s_name"], "Sort Method": "quicksort", "Sort Space Used": 309, "Sort Space Type": "Memory", "Plans": [{"Node Type": "Nested Loop", "Parent Relationship": "Outer", "Join Type": "Inner", "Startup Cost": 3888475.64, "Total Cost": 3976713.06, "Plan Rows": 2000, "Plan Width": 51, "Actual Startup Time": 41160.372, "Actual Total Time": 43336.509, "Actual Rows": 1746, "Actual Loops": 1, "Inner Unique": true, "Plans": [{"Node Type": "Merge Join", "Parent Relationship": "Outer", "Join Type": "Semi", "Startup Cost": 3888475.64, "Total Cost": 3962582.06, "Plan Rows": 50000, "Plan Width": 55, "Actual Startup Time": 41159.468, "Actual Total Time": 43217.558, "Actual Rows": 44487, "Actual Loops": 1, "Inner Unique": false, "Merge Cond": "(supplier.s_suppkey = subquery.\"?column?\")", "Plans": [{"Node Type": "Index Scan", "Parent Relationship": "Outer", "Scan Direction": "Forward", "Index Name": "supplier_pkey", "Relation Name": "supplier", "Alias": "supplier", "Startup Cost": 0.0, "Total Cost": 5334.54, "Plan Rows": 100000, "Plan Width": 63, "Actual Startup Time": 0.029, "Actual Total Time": 66.377, "Actual Rows": 100000, "Actual Loops": 1}, {"Node Type": "Materialize", "Parent Relationship": "Inner", "Startup Cost": 3888475.64, "Total Cost": 3956997.49, "Plan Rows": 2, "Plan Width": 16, "Actual Startup Time": 41159.406, "Actual Total Time": 43107.347, "Actual Rows": 58537, "Actual Loops": 1, "Plans": [{"Node Type": "Merge Join", "Parent Relationship": "Outer", "Join Type": "Inner", "Startup Cost": 3888475.64, "Total Cost": 3956997.49, "Plan Rows": 2, "Plan Width": 16, "Actual Startup Time": 41159.403, "Actual Total Time": 43098.388, "Actual Rows": 58537, "Actual Loops": 1, "Inner Unique": true, "Merge Cond": "((partsupp.ps_suppkey = subquery.\"?column?\") AND (partsupp.ps_partkey = subquery.\"?column?\"))", "Join Filter": "((partsupp.ps_availqty)::double precision > (.5::double precision * subquery.\"?column?\"))", "Rows Removed by Join Filter": 0, "Plans": [{"Node Type": "Sort", "Parent Relationship": "Outer", "Startup Cost": 230229.65, "Total Cost": 230391.03, "Plan Rows": 64552, "Plan Width": 32, "Actual Startup Time": 1040.831, "Actual Total Time": 1062.279, "Actual Rows": 86224, "Actual Loops": 1, "Sort Key": ["partsupp.ps_suppkey", "partsupp.ps_partkey"], "Sort Method": "quicksort", "Sort Space Used": 11156, "Sort Space Type": "Memory", "Plans": [{"Node Type": "Nested Loop", "Parent Relationship": "Outer", "Join Type": "Inner", "Startup Cost": 0.0, "Total Cost": 225072.53, "Plan Rows": 64552, "Plan Width": 32, "Actual Startup Time": 0.046, "Actual Total Time": 989.099, "Actual Rows": 86224, "Actual Loops": 1, "Inner Unique": false, "Plans": [{"Node Type": "Seq Scan", "Parent Relationship": "Outer", "Relation Name": "part", "Alias": "part", "Startup Cost": 0.0, "Total Cost": 66944.0, "Plan Rows": 22472, "Plan Width": 8, "Actual Startup Time": 0.03, "Actual Total Time": 777.176, "Actual Rows": 21556, "Actual Loops": 1, "Filter": "((p_name)::text ~~ 'green%'::text)", "Rows Removed by Filter": 1978444}, {"Node Type": "Index Scan", "Parent Relationship": "Inner", "Scan Direction": "Forward", "Index Name": "idx_partsupp_partkey", "Relation Name": "partsupp", "Alias": "partsupp", "Startup Cost": 0.0, "Total Cost": 7.01, "Plan Rows": 3, "Plan Width": 24, "Actual Startup Time": 135.681, "Actual Total Time": 181.418, "Actual Rows": 86224, "Actual Loops": 21556, "Index Cond": "(ps_partkey = part.p_partkey)", "Rows Removed by Index Recheck": 0}]}]}, {"Node Type": "Sort", "Parent Relationship": "Inner", "Startup Cost": 3658246.0, "Total Cost": 3680925.2, "Plan Rows": 9071680, "Plan Width": 24, "Actual Startup Time": 40118.28, "Actual Total Time": 41212.25, "Actual Rows": 5442737, "Actual Loops": 1, "Sort Key": ["subquery.\"?column?\"", "subquery.\"?column?\""], "Sort Method": "quicksort", "Sort Space Used": 706866, "Sort Space Type": "Memory", "Plans": [{"Node Type": "Subquery Scan", "Parent Relationship": "Outer", "Alias": "subquery", "Startup Cost": 2405767.29, "Total Cost": 2609880.09, "Plan Rows": 9071680, "Plan Width": 24, "Actual Startup Time": 31382.98, "Actual Total Time": 35314.134, "Actual Rows": 5442751, "Actual Loops": 1, "Plans": [{"Node Type": "Aggregate", "Strategy": "Hashed", "Parent Relationship": "Subquery", "Startup Cost": 2405767.29, "Total Cost": 2519163.29, "Plan Rows": 9071680, "Plan Width": 40, "Actual Startup Time": 31382.975, "Actual Total Time": 34310.326, "Actual Rows": 5442751, "Actual Loops": 1, "Group By Key": ["lineitem.l_partkey", "lineitem.l_suppkey"], "Plans": [{"Node Type": "Seq Scan", "Parent Relationship": "Outer", "Relation Name": "lineitem", "Alias": "lineitem", "Startup Cost": 119.57, "Total Cost": 2315050.5, "Plan Rows": 9071680, "Plan Width": 24, "Actual Startup Time": 0.053, "Actual Total Time": 23146.659, "Actual Rows": 9109641, "Actual Loops": 1, "Filter": "((l_shipdate >= '1993-01-01 00:00:00'::timestamp(0) without time zone) AND (l_shipdate < '1994-01-01 00:00:00'::timestamp without time zone)), (LLVM Optimized, Jit Execute)", "Rows Removed by Filter": 50876411}]}]}]}]}]}]}, {"Node Type": "Index Scan", "Parent Relationship": "Inner", "Scan Direction": "Forward", "Index Name": "nation_pkey", "Relation Name": "nation", "Alias": "nation", "Startup Cost": 0.0, "Total Cost": 0.27, "Plan Rows": 1, "Plan Width": 4, "Actual Startup Time": 94.365, "Actual Total Time": 94.365, "Actual Rows": 1746, "Actual Loops": 44487, "Index Cond": "(n_nationkey = supplier.s_nationkey)", "Rows Removed by Index Recheck": 0, "Filter": "(n_name = 'ALGERIA'::bpchar)", "Rows Removed by Filter": 42741}]}]}, "Triggers": [], "Planner Runtime": 3, "Total Runtime": 43348.679, "Unique SQL Id": 202076520}}, "(16, 93)": {"explain_plan": {"Plan": {"Node Type": "Sort", "Startup Cost": 7727524.68, "Total Cost": 7727529.68, "Plan Rows": 2000, "Plan Width": 51, "Sort Key": ["supplier.s_name"], "Plans": [{"Node Type": "Merge Join", "Parent Relationship": "Outer", "Join Type": "Inner", "Startup Cost": 7727132.33, "Total Cost": 7727415.02, "Plan Rows": 2000, "Plan Width": 51, "Inner Unique": false, "Merge Cond": "(nation.n_nationkey = supplier.s_nationkey)", "Plans": [{"Node Type": "Index Scan", "Parent Relationship": "Outer", "Scan Direction": "Forward", "Index Name": "nation_pkey", "Relation Name": "nation", "Alias": "nation", "Startup Cost": 0.0, "Total Cost": 12.69, "Plan Rows": 1, "Plan Width": 4, "Filter": "(n_name = 'ALGERIA'::bpchar)"}, {"Node Type": "Sort", "Parent Relationship": "Inner", "Startup Cost": 7727132.33, "Total Cost": 7727257.33, "Plan Rows": 50000, "Plan Width": 55, "Sort Key": ["supplier.s_nationkey"], "Plans": [{"Node Type": "Nested Loop", "Parent Relationship": "Outer", "Join Type": "Inner", "Startup Cost": 7723229.35, "Total Cost": 7723229.92, "Plan Rows": 50000, "Plan Width": 55, "Inner Unique": true, "Plans": [{"Node Type": "Unique", "Parent Relationship": "Outer", "Startup Cost": 7723229.35, "Total Cost": 7723229.36, "Plan Rows": 2, "Plan Width": 16, "Plans": [{"Node Type": "Sort", "Parent Relationship": "Outer", "Startup Cost": 7723229.35, "Total Cost": 7723229.35, "Plan Rows": 2, "Plan Width": 16, "Sort Key": ["partsupp.ps_suppkey"], "Plans": [{"Node Type": "Merge Join", "Parent Relationship": "Outer", "Join Type": "Inner", "Startup Cost": 7406937.34, "Total Cost": 7723229.34, "Plan Rows": 2, "Plan Width": 16, "Inner Unique": true, "Merge Cond": "(partsupp.ps_partkey = subquery.\"?column?\")", "Join Filter": "((partsupp.ps_suppkey = subquery.\"?column?\") AND ((partsupp.ps_availqty)::double precision > (.5::double precision * subquery.\"?column?\")))", "Plans": [{"Node Type": "Nested Loop", "Parent Relationship": "Outer", "Join Type": "Inner", "Startup Cost": 0.0, "Total Cost": 263931.78, "Plan Rows": 64552, "Plan Width": 32, "Inner Unique": false, "Plans": [{"Node Type": "Index Scan", "Parent Relationship": "Outer", "Scan Direction": "Forward", "Index Name": "part_kpey", "Relation Name": "part", "Alias": "part", "Startup Cost": 0.0, "Total Cost": 105803.25, "Plan Rows": 22472, "Plan Width": 8, "Filter": "((p_name)::text ~~ 'green%'::text)"}, {"Node Type": "Index Scan", "Parent Relationship": "Inner", "Scan Direction": "Forward", "Index Name": "idx_partsupp_partkey", "Relation Name": "partsupp", "Alias": "partsupp", "Startup Cost": 0.0, "Total Cost": 7.01, "Plan Rows": 3, "Plan Width": 24, "Index Cond": "(ps_partkey = part.p_partkey)"}]}, {"Node Type": "Sort", "Parent Relationship": "Inner", "Startup Cost": 7406937.34, "Total Cost": 7429616.54, "Plan Rows": 9071680, "Plan Width": 24, "Sort Key": ["subquery.\"?column?\""], "Plans": [{"Node Type": "Subquery Scan", "Parent Relationship": "Outer", "Alias": "subquery", "Startup Cost": 6154458.63, "Total Cost": 6358571.43, "Plan Rows": 9071680, "Plan Width": 24, "Plans": [{"Node Type": "Aggregate", "Strategy": "Hashed", "Parent Relationship": "Subquery", "Startup Cost": 6154458.63, "Total Cost": 6267854.63, "Plan Rows": 9071680, "Plan Width": 40, "Group By Key": ["lineitem.l_partkey", "lineitem.l_suppkey"], "Plans": [{"Node Type": "Index Scan", "Parent Relationship": "Outer", "Scan Direction": "Forward", "Index Name": "idx_lineitem_shipdate", "Relation Name": "lineitem", "Alias": "lineitem", "Startup Cost": 0.0, "Total Cost": 6063741.83, "Plan Rows": 9071680, "Plan Width": 24, "Index Cond": "((l_shipdate >= '1993-01-01 00:00:00'::timestamp(0) without time zone) AND (l_shipdate < '1994-01-01 00:00:00'::timestamp without time zone)), (LLVM Optimized)"}]}]}]}]}]}]}, {"Node Type": "Index Scan", "Parent Relationship": "Inner", "Scan Direction": "Forward", "Index Name": "supplier_pkey", "Relation Name": "supplier", "Alias": "supplier", "Startup Cost": 0.0, "Total Cost": 0.27, "Plan Rows": 1, "Plan Width": 63, "Index Cond": "(s_suppkey = subquery.\"?column?\")"}]}]}]}]}, "Unique SQL Id": 202076520, "Planner Runtime": 2}, "explain_analyze_plan": {"Plan": {"Node Type": "Sort", "Startup Cost": 7727524.68, "Total Cost": 7727529.68, "Plan Rows": 2000, "Plan Width": 51, "Actual Startup Time": 43436.522, "Actual Total Time": 43436.656, "Actual Rows": 1746, "Actual Loops": 1, "Sort Key": ["supplier.s_name"], "Sort Method": "quicksort", "Sort Space Used": 309, "Sort Space Type": "Memory", "Plans": [{"Node Type": "Merge Join", "Parent Relationship": "Outer", "Join Type": "Inner", "Startup Cost": 7727132.33, "Total Cost": 7727415.02, "Plan Rows": 2000, "Plan Width": 51, "Actual Startup Time": 43427.971, "Actual Total Time": 43428.819, "Actual Rows": 1746, "Actual Loops": 1, "Inner Unique": false, "Merge Cond": "(nation.n_nationkey = supplier.s_nationkey)", "Plans": [{"Node Type": "Index Scan", "Parent Relationship": "Outer", "Scan Direction": "Forward", "Index Name": "nation_pkey", "Relation Name": "nation", "Alias": "nation", "Startup Cost": 0.0, "Total Cost": 12.69, "Plan Rows": 1, "Plan Width": 4, "Actual Startup Time": 0.022, "Actual Total Time": 0.054, "Actual Rows": 1, "Actual Loops": 1, "Filter": "(n_name = 'ALGERIA'::bpchar)", "Rows Removed by Filter": 24}, {"Node Type": "Sort", "Parent Relationship": "Inner", "Startup Cost": 7727132.33, "Total Cost": 7727257.33, "Plan Rows": 50000, "Plan Width": 55, "Actual Startup Time": 43427.932, "Actual Total Time": 43428.192, "Actual Rows": 1747, "Actual Loops": 1, "Sort Key": ["supplier.s_nationkey"], "Sort Method": "quicksort", "Sort Space Used": 8488, "Sort Space Type": "Memory", "Plans": [{"Node Type": "Nested Loop", "Parent Relationship": "Outer", "Join Type": "Inner", "Startup Cost": 7723229.35, "Total Cost": 7723229.92, "Plan Rows": 50000, "Plan Width": 55, "Actual Startup Time": 43238.401, "Actual Total Time": 43407.766, "Actual Rows": 44487, "Actual Loops": 1, "Inner Unique": true, "Plans": [{"Node Type": "Unique", "Parent Relationship": "Outer", "Startup Cost": 7723229.35, "Total Cost": 7723229.36, "Plan Rows": 2, "Plan Width": 16, "Actual Startup Time": 43238.251, "Actual Total Time": 43267.96, "Actual Rows": 44487, "Actual Loops": 1, "Plans": [{"Node Type": "Sort", "Parent Relationship": "Outer", "Startup Cost": 7723229.35, "Total Cost": 7723229.35, "Plan Rows": 2, "Plan Width": 16, "Actual Startup Time": 43238.247, "Actual Total Time": 43252.127, "Actual Rows": 58537, "Actual Loops": 1, "Sort Key": ["partsupp.ps_suppkey"], "Sort Method": "quicksort", "Sort Space Used": 7024, "Sort Space Type": "Memory", "Plans": [{"Node Type": "Merge Join", "Parent Relationship": "Outer", "Join Type": "Inner", "Startup Cost": 7406937.34, "Total Cost": 7723229.34, "Plan Rows": 2, "Plan Width": 16, "Actual Startup Time": 39150.59, "Actual Total Time": 43211.392, "Actual Rows": 58537, "Actual Loops": 1, "Inner Unique": true, "Merge Cond": "(partsupp.ps_partkey = subquery.\"?column?\")", "Join Filter": "((partsupp.ps_suppkey = subquery.\"?column?\") AND ((partsupp.ps_availqty)::double precision > (.5::double precision * subquery.\"?column?\")))", "Rows Removed by Join Filter": 0, "Plans": [{"Node Type": "Nested Loop", "Parent Relationship": "Outer", "Join Type": "Inner", "Startup Cost": 0.0, "Total Cost": 263931.78, "Plan Rows": 64552, "Plan Width": 32, "Actual Startup Time": 0.056, "Actual Total Time": 1577.074, "Actual Rows": 86224, "Actual Loops": 1, "Inner Unique": false, "Plans": [{"Node Type": "Index Scan", "Parent Relationship": "Outer", "Scan Direction": "Forward", "Index Name": "part_kpey", "Relation Name": "part", "Alias": "part", "Startup Cost": 0.0, "Total Cost": 105803.25, "Plan Rows": 22472, "Plan Width": 8, "Actual Startup Time": 0.041, "Actual Total Time": 1324.936, "Actual Rows": 21556, "Actual Loops": 1, "Filter": "((p_name)::text ~~ 'green%'::text)", "Rows Removed by Filter": 1978444}, {"Node Type": "Index Scan", "Parent Relationship": "Inner", "Scan Direction": "Forward", "Index Name": "idx_partsupp_partkey", "Relation Name": "partsupp", "Alias": "partsupp", "Startup Cost": 0.0, "Total Cost": 7.01, "Plan Rows": 3, "Plan Width": 24, "Actual Startup Time": 165.945, "Actual Total Time": 219.065, "Actual Rows": 86224, "Actual Loops": 21556, "Index Cond": "(ps_partkey = part.p_partkey)", "Rows Removed by Index Recheck": 0}]}, {"Node Type": "Sort", "Parent Relationship": "Inner", "Startup Cost": 7406937.34, "Total Cost": 7429616.54, "Plan Rows": 9071680, "Plan Width": 24, "Actual Startup Time": 39150.392, "Actual Total Time": 40847.667, "Actual Rows": 5530011, "Actual Loops": 1, "Sort Key": ["subquery.\"?column?\""], "Sort Method": "quicksort", "Sort Space Used": 706866, "Sort Space Type": "Memory", "Plans": [{"Node Type": "Subquery Scan", "Parent Relationship": "Outer", "Alias": "subquery", "Startup Cost": 6154458.63, "Total Cost": 6358571.43, "Plan Rows": 9071680, "Plan Width": 24, "Actual Startup Time": 32778.905, "Actual Total Time": 36891.34, "Actual Rows": 5442751, "Actual Loops": 1, "Plans": [{"Node Type": "Aggregate", "Strategy": "Hashed", "Parent Relationship": "Subquery", "Startup Cost": 6154458.63, "Total Cost": 6267854.63, "Plan Rows": 9071680, "Plan Width": 40, "Actual Startup Time": 32778.901, "Actual Total Time": 35886.528, "Actual Rows": 5442751, "Actual Loops": 1, "Group By Key": ["lineitem.l_partkey", "lineitem.l_suppkey"], "Plans": [{"Node Type": "Index Scan", "Parent Relationship": "Outer", "Scan Direction": "Forward", "Index Name": "idx_lineitem_shipdate", "Relation Name": "lineitem", "Alias": "lineitem", "Startup Cost": 0.0, "Total Cost": 6063741.83, "Plan Rows": 9071680, "Plan Width": 24, "Actual Startup Time": 0.075, "Actual Total Time": 24102.207, "Actual Rows": 9109641, "Actual Loops": 1, "Index Cond": "((l_shipdate >= '1993-01-01 00:00:00'::timestamp(0) without time zone) AND (l_shipdate < '1994-01-01 00:00:00'::timestamp without time zone)), (LLVM Optimized, Jit Execute)", "Rows Removed by Index Recheck": 0}]}]}]}]}]}]}, {"Node Type": "Index Scan", "Parent Relationship": "Inner", "Scan Direction": "Forward", "Index Name": "supplier_pkey", "Relation Name": "supplier", "Alias": "supplier", "Startup Cost": 0.0, "Total Cost": 0.27, "Plan Rows": 1, "Plan Width": 63, "Actual Startup Time": 106.388, "Actual Total Time": 106.388, "Actual Rows": 44487, "Actual Loops": 44487, "Index Cond": "(s_suppkey = subquery.\"?column?\")", "Rows Removed by Index Recheck": 0}]}]}]}]}, "Triggers": [], "Planner Runtime": 2, "Total Runtime": 43446.346, "Unique SQL Id": 202076520}}, "(16, 94)": {"explain_plan": {"Plan": {"Node Type": "Sort", "Startup Cost": 5041049.96, "Total Cost": 5041054.96, "Plan Rows": 2000, "Plan Width": 51, "Sort Key": ["supplier.s_name"], "Plans": [{"Node Type": "Merge Join", "Parent Relationship": "Outer", "Join Type": "Semi", "Startup Cost": 4972398.43, "Total Cost": 5040940.3, "Plan Rows": 2000, "Plan Width": 51, "Inner Unique": false, "Merge Cond": "(supplier.s_suppkey = subquery.\"?column?\")", "Plans": [{"Node Type": "Sort", "Parent Relationship": "Outer", "Startup Cost": 12368.47, "Total Cost": 12378.47, "Plan Rows": 4000, "Plan Width": 59, "Sort Key": ["supplier.s_suppkey"], "Plans": [{"Node Type": "Merge Join", "Parent Relationship": "Outer", "Join Type": "Inner", "Startup Cost": 11589.14, "Total Cost": 12129.15, "Plan Rows": 4000, "Plan Width": 59, "Inner Unique": false, "Merge Cond": "(nation.n_nationkey = supplier.s_nationkey)", "Plans": [{"Node Type": "Sort", "Parent Relationship": "Outer", "Startup Cost": 1.32, "Total Cost": 1.33, "Plan Rows": 1, "Plan Width": 4, "Sort Key": ["nation.n_nationkey"], "Plans": [{"Node Type": "Seq Scan", "Parent Relationship": "Outer", "Relation Name": "nation", "Alias": "nation", "Startup Cost": 0.0, "Total Cost": 1.31, "Plan Rows": 1, "Plan Width": 4, "Filter": "(n_name = 'ALGERIA'::bpchar)"}]}, {"Node Type": "Sort", "Parent Relationship": "Inner", "Startup Cost": 11587.82, "Total Cost": 11837.82, "Plan Rows": 100000, "Plan Width": 63, "Sort Key": ["supplier.s_nationkey"], "Plans": [{"Node Type": "Seq Scan", "Parent Relationship": "Outer", "Relation Name": "supplier", "Alias": "supplier", "Startup Cost": 0.0, "Total Cost": 3283.0, "Plan Rows": 100000, "Plan Width": 63}]}]}]}, {"Node Type": "Materialize", "Parent Relationship": "Inner", "Startup Cost": 4960029.96, "Total Cost": 5028551.81, "Plan Rows": 2, "Plan Width": 16, "Plans": [{"Node Type": "Merge Join", "Parent Relationship": "Outer", "Join Type": "Inner", "Startup Cost": 4960029.96, "Total Cost": 5028551.8, "Plan Rows": 2, "Plan Width": 16, "Inner Unique": true, "Merge Cond": "((partsupp.ps_suppkey = subquery.\"?column?\") AND (partsupp.ps_partkey = subquery.\"?column?\"))", "Join Filter": "((partsupp.ps_availqty)::double precision > (.5::double precision * subquery.\"?column?\"))", "Plans": [{"Node Type": "Sort", "Parent Relationship": "Outer", "Startup Cost": 1301783.96, "Total Cost": 1301945.34, "Plan Rows": 64552, "Plan Width": 32, "Sort Key": ["partsupp.ps_suppkey", "partsupp.ps_partkey"], "Plans": [{"Node Type": "Merge Join", "Parent Relationship": "Outer", "Join Type": "Inner", "Startup Cost": 1255864.76, "Total Cost": 1296626.85, "Plan Rows": 64552, "Plan Width": 32, "Inner Unique": false, "Merge Cond": "(part.p_partkey = partsupp.ps_partkey)", "Plans": [{"Node Type": "Sort", "Parent Relationship": "Outer", "Startup Cost": 68568.26, "Total Cost": 68624.44, "Plan Rows": 22472, "Plan Width": 8, "Sort Key": ["part.p_partkey"], "Plans": [{"Node Type": "Seq Scan", "Parent Relationship": "Outer", "Relation Name": "part", "Alias": "part", "Startup Cost": 0.0, "Total Cost": 66944.0, "Plan Rows": 22472, "Plan Width": 8, "Filter": "((p_name)::text ~~ 'green%'::text)"}]}, {"Node Type": "Sort", "Parent Relationship": "Inner", "Startup Cost": 1187295.8, "Total Cost": 1207296.73, "Plan Rows": 8000372, "Plan Width": 24, "Sort Key": ["partsupp.ps_partkey"], "Plans": [{"Node Type": "Seq Scan", "Parent Relationship": "Outer", "Relation Name": "partsupp", "Alias": "partsupp", "Startup Cost": 0.0, "Total Cost": 269987.72, "Plan Rows": 8000372, "Plan Width": 24}]}]}]}, {"Node Type": "Sort", "Parent Relationship": "Inner", "Startup Cost": 3658246.0, "Total Cost": 3680925.2, "Plan Rows": 9071680, "Plan Width": 24, "Sort Key": ["subquery.\"?column?\"", "subquery.\"?column?\""], "Plans": [{"Node Type": "Subquery Scan", "Parent Relationship": "Outer", "Alias": "subquery", "Startup Cost": 2405767.29, "Total Cost": 2609880.09, "Plan Rows": 9071680, "Plan Width": 24, "Plans": [{"Node Type": "Aggregate", "Strategy": "Hashed", "Parent Relationship": "Subquery", "Startup Cost": 2405767.29, "Total Cost": 2519163.29, "Plan Rows": 9071680, "Plan Width": 40, "Group By Key": ["lineitem.l_partkey", "lineitem.l_suppkey"], "Plans": [{"Node Type": "Seq Scan", "Parent Relationship": "Outer", "Relation Name": "lineitem", "Alias": "lineitem", "Startup Cost": 119.57, "Total Cost": 2315050.5, "Plan Rows": 9071680, "Plan Width": 24, "Filter": "((l_shipdate >= '1993-01-01 00:00:00'::timestamp(0) without time zone) AND (l_shipdate < '1994-01-01 00:00:00'::timestamp without time zone)), (LLVM Optimized)"}]}]}]}]}]}]}]}, "Unique SQL Id": 202076520, "Planner Runtime": 2}, "explain_analyze_plan": {"Plan": {"Node Type": "Sort", "Startup Cost": 5041049.96, "Total Cost": 5041054.96, "Plan Rows": 2000, "Plan Width": 51, "Actual Startup Time": 50938.636, "Actual Total Time": 50938.784, "Actual Rows": 1746, "Actual Loops": 1, "Sort Key": ["supplier.s_name"], "Sort Method": "quicksort", "Sort Space Used": 309, "Sort Space Type": "Memory", "Plans": [{"Node Type": "Merge Join", "Parent Relationship": "Outer", "Join Type": "Semi", "Startup Cost": 4972398.43, "Total Cost": 5040940.3, "Plan Rows": 2000, "Plan Width": 51, "Actual Startup Time": 49032.123, "Actual Total Time": 50936.545, "Actual Rows": 1746, "Actual Loops": 1, "Inner Unique": false, "Merge Cond": "(supplier.s_suppkey = subquery.\"?column?\")", "Plans": [{"Node Type": "Sort", "Parent Relationship": "Outer", "Startup Cost": 12368.47, "Total Cost": 12378.47, "Plan Rows": 4000, "Plan Width": 59, "Actual Startup Time": 71.18, "Actual Total Time": 72.019, "Actual Rows": 3934, "Actual Loops": 1, "Sort Key": ["supplier.s_suppkey"], "Sort Method": "quicksort", "Sort Space Used": 711, "Sort Space Type": "Memory", "Plans": [{"Node Type": "Merge Join", "Parent Relationship": "Outer", "Join Type": "Inner", "Startup Cost": 11589.14, "Total Cost": 12129.15, "Plan Rows": 4000, "Plan Width": 59, "Actual Startup Time": 67.768, "Actual Total Time": 69.538, "Actual Rows": 3934, "Actual Loops": 1, "Inner Unique": false, "Merge Cond": "(nation.n_nationkey = supplier.s_nationkey)", "Plans": [{"Node Type": "Sort", "Parent Relationship": "Outer", "Startup Cost": 1.32, "Total Cost": 1.33, "Plan Rows": 1, "Plan Width": 4, "Actual Startup Time": 0.045, "Actual Total Time": 0.045, "Actual Rows": 1, "Actual Loops": 1, "Sort Key": ["nation.n_nationkey"], "Sort Method": "quicksort", "Sort Space Used": 25, "Sort Space Type": "Memory", "Plans": [{"Node Type": "Seq Scan", "Parent Relationship": "Outer", "Relation Name": "nation", "Alias": "nation", "Startup Cost": 0.0, "Total Cost": 1.31, "Plan Rows": 1, "Plan Width": 4, "Actual Startup Time": 0.026, "Actual Total Time": 0.034, "Actual Rows": 1, "Actual Loops": 1, "Filter": "(n_name = 'ALGERIA'::bpchar)", "Rows Removed by Filter": 24}]}, {"Node Type": "Sort", "Parent Relationship": "Inner", "Startup Cost": 11587.82, "Total Cost": 11837.82, "Plan Rows": 100000, "Plan Width": 63, "Actual Startup Time": 67.711, "Actual Total Time": 68.259, "Actual Rows": 3935, "Actual Loops": 1, "Sort Key": ["supplier.s_nationkey"], "Sort Method": "quicksort", "Sort Space Used": 18698, "Sort Space Type": "Memory", "Plans": [{"Node Type": "Seq Scan", "Parent Relationship": "Outer", "Relation Name": "supplier", "Alias": "supplier", "Startup Cost": 0.0, "Total Cost": 3283.0, "Plan Rows": 100000, "Plan Width": 63, "Actual Startup Time": 0.019, "Actual Total Time": 34.13, "Actual Rows": 100000, "Actual Loops": 1}]}]}]}, {"Node Type": "Materialize", "Parent Relationship": "Inner", "Startup Cost": 4960029.96, "Total Cost": 5028551.81, "Plan Rows": 2, "Plan Width": 16, "Actual Startup Time": 48960.053, "Actual Total Time": 50851.514, "Actual Rows": 58530, "Actual Loops": 1, "Plans": [{"Node Type": "Merge Join", "Parent Relationship": "Outer", "Join Type": "Inner", "Startup Cost": 4960029.96, "Total Cost": 5028551.8, "Plan Rows": 2, "Plan Width": 16, "Actual Startup Time": 48960.05, "Actual Total Time": 50843.208, "Actual Rows": 58530, "Actual Loops": 1, "Inner Unique": true, "Merge Cond": "((partsupp.ps_suppkey = subquery.\"?column?\") AND (partsupp.ps_partkey = subquery.\"?column?\"))", "Join Filter": "((partsupp.ps_availqty)::double precision > (.5::double precision * subquery.\"?column?\"))", "Rows Removed by Join Filter": 0, "Plans": [{"Node Type": "Sort", "Parent Relationship": "Outer", "Startup Cost": 1301783.96, "Total Cost": 1301945.34, "Plan Rows": 64552, "Plan Width": 32, "Actual Startup Time": 9178.966, "Actual Total Time": 9198.623, "Actual Rows": 86215, "Actual Loops": 1, "Sort Key": ["partsupp.ps_suppkey", "partsupp.ps_partkey"], "Sort Method": "quicksort", "Sort Space Used": 11156, "Sort Space Type": "Memory", "Plans": [{"Node Type": "Merge Join", "Parent Relationship": "Outer", "Join Type": "Inner", "Startup Cost": 1255864.76, "Total Cost": 1296626.85, "Plan Rows": 64552, "Plan Width": 32, "Actual Startup Time": 6426.451, "Actual Total Time": 9129.016, "Actual Rows": 86224, "Actual Loops": 1, "Inner Unique": false, "Merge Cond": "(part.p_partkey = partsupp.ps_partkey)", "Plans": [{"Node Type": "Sort", "Parent Relationship": "Outer", "Startup Cost": 68568.26, "Total Cost": 68624.44, "Plan Rows": 22472, "Plan Width": 8, "Actual Startup Time": 771.65, "Actual Total Time": 774.192, "Actual Rows": 21556, "Actual Loops": 1, "Sort Key": ["part.p_partkey"], "Sort Method": "quicksort", "Sort Space Used": 2116, "Sort Space Type": "Memory", "Plans": [{"Node Type": "Seq Scan", "Parent Relationship": "Outer", "Relation Name": "part", "Alias": "part", "Startup Cost": 0.0, "Total Cost": 66944.0, "Plan Rows": 22472, "Plan Width": 8, "Actual Startup Time": 0.046, "Actual Total Time": 764.494, "Actual Rows": 21556, "Actual Loops": 1, "Filter": "((p_name)::text ~~ 'green%'::text)", "Rows Removed by Filter": 1978444}]}, {"Node Type": "Sort", "Parent Relationship": "Inner", "Startup Cost": 1187295.8, "Total Cost": 1207296.73, "Plan Rows": 8000372, "Plan Width": 24, "Actual Startup Time": 5654.737, "Actual Total Time": 7090.731, "Actual Rows": 7999953, "Actual Loops": 1, "Sort Key": ["partsupp.ps_partkey"], "Sort Method": "quicksort", "Sort Space Used": 946609, "Sort Space Type": "Memory", "Plans": [{"Node Type": "Seq Scan", "Parent Relationship": "Outer", "Relation Name": "partsupp", "Alias": "partsupp", "Startup Cost": 0.0, "Total Cost": 269987.72, "Plan Rows": 8000372, "Plan Width": 24, "Actual Startup Time": 0.029, "Actual Total Time": 2771.141, "Actual Rows": 8000000, "Actual Loops": 1}]}]}]}, {"Node Type": "Sort", "Parent Relationship": "Inner", "Startup Cost": 3658246.0, "Total Cost": 3680925.2, "Plan Rows": 9071680, "Plan Width": 24, "Actual Startup Time": 39780.804, "Actual Total Time": 40824.04, "Actual Rows": 5442190, "Actual Loops": 1, "Sort Key": ["subquery.\"?column?\"", "subquery.\"?column?\""], "Sort Method": "quicksort", "Sort Space Used": 706866, "Sort Space Type": "Memory", "Plans": [{"Node Type": "Subquery Scan", "Parent Relationship": "Outer", "Alias": "subquery", "Startup Cost": 2405767.29, "Total Cost": 2609880.09, "Plan Rows": 9071680, "Plan Width": 24, "Actual Startup Time": 31024.938, "Actual Total Time": 35020.371, "Actual Rows": 5442751, "Actual Loops": 1, "Plans": [{"Node Type": "Aggregate", "Strategy": "Hashed", "Parent Relationship": "Subquery", "Startup Cost": 2405767.29, "Total Cost": 2519163.29, "Plan Rows": 9071680, "Plan Width": 40, "Actual Startup Time": 31024.936, "Actual Total Time": 33996.369, "Actual Rows": 5442751, "Actual Loops": 1, "Group By Key": ["lineitem.l_partkey", "lineitem.l_suppkey"], "Plans": [{"Node Type": "Seq Scan", "Parent Relationship": "Outer", "Relation Name": "lineitem", "Alias": "lineitem", "Startup Cost": 119.57, "Total Cost": 2315050.5, "Plan Rows": 9071680, "Plan Width": 24, "Actual Startup Time": 0.053, "Actual Total Time": 23316.08, "Actual Rows": 9109641, "Actual Loops": 1, "Filter": "((l_shipdate >= '1993-01-01 00:00:00'::timestamp(0) without time zone) AND (l_shipdate < '1994-01-01 00:00:00'::timestamp without time zone)), (LLVM Optimized, Jit Execute)", "Rows Removed by Filter": 50876411}]}]}]}]}]}]}]}, "Triggers": [], "Planner Runtime": 2, "Total Runtime": 50948.513, "Unique SQL Id": 202076520}}, "(16, 95)": {"explain_plan": {"Plan": {"Node Type": "Sort", "Startup Cost": 5000920190857.93, "Total Cost": 5000920190862.93, "Plan Rows": 2000, "Plan Width": 51, "Sort Key": ["supplier.s_name"], "Plans": [{"Node Type": "Merge Join", "Parent Relationship": "Outer", "Join Type": "Inner", "Startup Cost": 4010920189199.52, "Total Cost": 5000920190748.27, "Plan Rows": 2000, "Plan Width": 51, "Inner Unique": true, "Merge Cond": "(supplier.s_nationkey = nation.n_nationkey)", "Plans": [{"Node Type": "Sort", "Parent Relationship": "Outer", "Startup Cost": 4000920189199.52, "Total Cost": 4000920189324.52, "Plan Rows": 50000, "Plan Width": 55, "Sort Key": ["supplier.s_nationkey"], "Plans": [{"Node Type": "Merge Join", "Parent Relationship": "Outer", "Join Type": "Semi", "Startup Cost": 2020817946503.29, "Total Cost": 4000920185297.11, "Plan Rows": 50000, "Plan Width": 55, "Inner Unique": false, "Merge Cond": "(supplier.s_suppkey = subquery.\"?column?\")", "Plans": [{"Node Type": "Index Scan", "Parent Relationship": "Outer", "Scan Direction": "Forward", "Index Name": "supplier_pkey", "Relation Name": "supplier", "Alias": "supplier", "Startup Cost": 10000000000.0, "Total Cost": 1000000533454.38, "Plan Rows": 100000, "Plan Width": 63}, {"Node Type": "Materialize", "Parent Relationship": "Inner", "Startup Cost": 2010817946503.29, "Total Cost": 3000919651592.7, "Plan Rows": 2, "Plan Width": 16, "Plans": [{"Node Type": "Merge Join", "Parent Relationship": "Outer", "Join Type": "Inner", "Startup Cost": 2010817946503.29, "Total Cost": 3000919651592.7, "Plan Rows": 2, "Plan Width": 16, "Inner Unique": false, "Merge Cond": "(partsupp.ps_suppkey = subquery.\"?column?\")", "Join Filter": "((part.p_partkey = partsupp.ps_partkey) AND ((partsupp.ps_availqty)::double precision > (.5::double precision * subquery.\"?column?\")))", "Plans": [{"Node Type": "Index Scan", "Parent Relationship": "Outer", "Scan Direction": "Forward", "Index Name": "idx_partsupp_suppkey", "Relation Name": "partsupp", "Alias": "partsupp", "Startup Cost": 10000000000.0, "Total Cost": 1000100160480.77, "Plan Rows": 8000372, "Plan Width": 24}, {"Node Type": "Sort", "Parent Relationship": "Inner", "Startup Cost": 2000817946503.29, "Total Cost": 2000817957842.89, "Plan Rows": 4535840, "Plan Width": 32, "Sort Key": ["subquery.\"?column?\""], "Plans": [{"Node Type": "Merge Join", "Parent Relationship": "Outer", "Join Type": "Inner", "Startup Cost": 1010806728031.64, "Total Cost": 2000817444999.54, "Plan Rows": 4535840, "Plan Width": 32, "Inner Unique": false, "Merge Cond": "(part.p_partkey = subquery.\"?column?\")", "Plans": [{"Node Type": "Index Scan", "Parent Relationship": "Outer", "Scan Direction": "Forward", "Index Name": "part_kpey", "Relation Name": "part", "Alias": "part", "Startup Cost": 10000000000.0, "Total Cost": 1000010580325.0, "Plan Rows": 22472, "Plan Width": 8, "Filter": "((p_name)::text ~~ 'green%'::text)"}, {"Node Type": "Sort", "Parent Relationship": "Inner", "Startup Cost": 1000806728031.64, "Total Cost": 1000806750710.84, "Plan Rows": 9071680, "Plan Width": 24, "Sort Key": ["subquery.\"?column?\""], "Plans": [{"Node Type": "Subquery Scan", "Parent Relationship": "Outer", "Alias": "subquery", "Startup Cost": 1000805475552.94, "Total Cost": 1000805679665.74, "Plan Rows": 9071680, "Plan Width": 24, "Plans": [{"Node Type": "Aggregate", "Strategy": "Hashed", "Parent Relationship": "Subquery", "Startup Cost": 1000805475552.94, "Total Cost": 1000805588948.94, "Plan Rows": 9071680, "Plan Width": 40, "Group By Key": ["lineitem.l_partkey", "lineitem.l_suppkey"], "Plans": [{"Node Type": "Index Scan", "Parent Relationship": "Outer", "Scan Direction": "Forward", "Index Name": "idx_lineitem_part_supp", "Relation Name": "lineitem", "Alias": "lineitem", "Startup Cost": 10000000000.0, "Total Cost": 1000805384836.14, "Plan Rows": 9071680, "Plan Width": 24, "Filter": "((l_shipdate >= '1993-01-01 00:00:00'::timestamp(0) without time zone) AND (l_shipdate < '1994-01-01 00:00:00'::timestamp without time zone)), (LLVM Optimized)"}]}]}]}]}]}]}]}]}]}, {"Node Type": "Materialize", "Parent Relationship": "Inner", "Startup Cost": 10000000000.0, "Total Cost": 1000000001268.75, "Plan Rows": 1, "Plan Width": 4, "Plans": [{"Node Type": "Index Scan", "Parent Relationship": "Outer", "Scan Direction": "Forward", "Index Name": "nation_pkey", "Relation Name": "nation", "Alias": "nation", "Startup Cost": 10000000000.0, "Total Cost": 1000000001268.75, "Plan Rows": 1, "Plan Width": 4, "Filter": "(n_name = 'ALGERIA'::bpchar)"}]}]}]}, "Unique SQL Id": 202076520, "Planner Runtime": 2}, "explain_analyze_plan": null}, "(16, 96)": {"explain_plan": {"Plan": {"Node Type": "Sort", "Startup Cost": 2479933.5, "Total Cost": 2479938.5, "Plan Rows": 2000, "Plan Width": 51, "Sort Key": ["supplier.s_name"], "Plans": [{"Node Type": "Hash Join", "Parent Relationship": "Outer", "Join Type": "Right Semi", "Startup Cost": 2184974.13, "Total Cost": 2479823.85, "Plan Rows": 2000, "Plan Width": 51, "Inner Unique": false, "Hash Cond": "(lineitem.l_suppkey = supplier.s_suppkey)", "Plans": [{"Node Type": "Hash Join", "Parent Relationship": "Outer", "Join Type": "Inner", "Startup Cost": 2182390.78, "Total Cost": 2477220.49, "Plan Rows": 2, "Plan Width": 16, "Inner Unique": false, "Hash Cond": "((lineitem.l_partkey = partsupp.ps_partkey) AND (lineitem.l_suppkey = partsupp.ps_suppkey))", "Join Filter": "((partsupp.ps_availqty)::double precision > (.5::double precision * (sum(lineitem.l_quantity))))", "Plans": [{"Node Type": "Aggregate", "Strategy": "Hashed", "Parent Relationship": "Outer", "Startup Cost": 1956349.97, "Total Cost": 2069745.97, "Plan Rows": 9071680, "Plan Width": 40, "Group By Key": ["lineitem.l_partkey", "lineitem.l_suppkey"], "Plans": [{"Node Type": "Bitmap Heap Scan", "Parent Relationship": "Outer", "Relation Name": "lineitem", "Alias": "lineitem", "Startup Cost": 314312.97, "Total Cost": 1865633.17, "Plan Rows": 9071680, "Plan Width": 24, "Recheck Cond": "((l_shipdate >= '1993-01-01 00:00:00'::timestamp(0) without time zone) AND (l_shipdate < '1994-01-01 00:00:00'::timestamp without time zone)), (LLVM Optimized)", "Plans": [{"Node Type": "Bitmap Index Scan", "Parent Relationship": "Outer", "Index Name": "idx_lineitem_shipdate", "Startup Cost": 0.0, "Total Cost": 312045.05, "Plan Rows": 9071680, "Plan Width": 0, "Index Cond": "((l_shipdate >= '1993-01-01 00:00:00'::timestamp(0) without time zone) AND (l_shipdate < '1994-01-01 00:00:00'::timestamp without time zone))"}]}]}, {"Node Type": "Hash", "Parent Relationship": "Inner", "Startup Cost": 225072.53, "Total Cost": 225072.53, "Plan Rows": 64552, "Plan Width": 32, "Plans": [{"Node Type": "Nested Loop", "Parent Relationship": "Outer", "Join Type": "Inner", "Startup Cost": 0.0, "Total Cost": 225072.53, "Plan Rows": 64552, "Plan Width": 32, "Inner Unique": false, "Plans": [{"Node Type": "Seq Scan", "Parent Relationship": "Outer", "Relation Name": "part", "Alias": "part", "Startup Cost": 0.0, "Total Cost": 66944.0, "Plan Rows": 22472, "Plan Width": 8, "Filter": "((p_name)::text ~~ 'green%'::text)"}, {"Node Type": "Index Scan", "Parent Relationship": "Inner", "Scan Direction": "Forward", "Index Name": "idx_partsupp_partkey", "Relation Name": "partsupp", "Alias": "partsupp", "Startup Cost": 0.0, "Total Cost": 7.01, "Plan Rows": 3, "Plan Width": 24, "Index Cond": "(ps_partkey = part.p_partkey)"}]}]}]}, {"Node Type": "Hash", "Parent Relationship": "Inner", "Startup Cost": 2533.35, "Total Cost": 2533.35, "Plan Rows": 4000, "Plan Width": 59, "Plans": [{"Node Type": "Nested Loop", "Parent Relationship": "Outer", "Join Type": "Inner", "Startup Cost": 95.25, "Total Cost": 2533.35, "Plan Rows": 4000, "Plan Width": 59, "Inner Unique": false, "Plans": [{"Node Type": "Seq Scan", "Parent Relationship": "Outer", "Relation Name": "nation", "Alias": "nation", "Startup Cost": 0.0, "Total Cost": 1.31, "Plan Rows": 1, "Plan Width": 4, "Filter": "(n_name = 'ALGERIA'::bpchar)"}, {"Node Type": "Bitmap Heap Scan", "Parent Relationship": "Inner", "Relation Name": "supplier", "Alias": "supplier", "Startup Cost": 95.25, "Total Cost": 2492.04, "Plan Rows": 4000, "Plan Width": 63, "Recheck Cond": "(s_nationkey = nation.n_nationkey)", "Plans": [{"Node Type": "Bitmap Index Scan", "Parent Relationship": "Outer", "Index Name": "idx_supplier_nation_key", "Startup Cost": 0.0, "Total Cost": 94.25, "Plan Rows": 4000, "Plan Width": 0, "Index Cond": "(s_nationkey = nation.n_nationkey)"}]}]}]}]}]}, "Unique SQL Id": 202076520, "Planner Runtime": 2}, "explain_analyze_plan": {"Plan": {"Node Type": "Sort", "Startup Cost": 2479933.5, "Total Cost": 2479938.5, "Plan Rows": 2000, "Plan Width": 51, "Actual Startup Time": 25138.012, "Actual Total Time": 25138.284, "Actual Rows": 1746, "Actual Loops": 1, "Sort Key": ["supplier.s_name"], "Sort Method": "quicksort", "Sort Space Used": 309, "Sort Space Type": "Memory", "Plans": [{"Node Type": "Hash Join", "Parent Relationship": "Outer", "Join Type": "Right Semi", "Startup Cost": 2184974.13, "Total Cost": 2479823.85, "Plan Rows": 2000, "Plan Width": 51, "Actual Startup Time": 20735.079, "Actual Total Time": 25128.07, "Actual Rows": 1746, "Actual Loops": 1, "Inner Unique": false, "Hash Cond": "(lineitem.l_suppkey = supplier.s_suppkey)", "Plans": [{"Node Type": "Hash Join", "Parent Relationship": "Outer", "Join Type": "Inner", "Startup Cost": 2182390.78, "Total Cost": 2477220.49, "Plan Rows": 2, "Plan Width": 16, "Actual Startup Time": 20720.494, "Actual Total Time": 25102.58, "Actual Rows": 58537, "Actual Loops": 1, "Inner Unique": false, "Hash Cond": "((lineitem.l_partkey = partsupp.ps_partkey) AND (lineitem.l_suppkey = partsupp.ps_suppkey))", "Join Filter": "((partsupp.ps_availqty)::double precision > (.5::double precision * (sum(lineitem.l_quantity))))", "Rows Removed by Join Filter": 136, "Plans": [{"Node Type": "Aggregate", "Strategy": "Hashed", "Parent Relationship": "Outer", "Startup Cost": 1956349.97, "Total Cost": 2069745.97, "Plan Rows": 9071680, "Plan Width": 40, "Actual Startup Time": 19716.635, "Actual Total Time": 22538.491, "Actual Rows": 5442751, "Actual Loops": 1, "Group By Key": ["lineitem.l_partkey", "lineitem.l_suppkey"], "Plans": [{"Node Type": "Bitmap Heap Scan", "Parent Relationship": "Outer", "Relation Name": "lineitem", "Alias": "lineitem", "Startup Cost": 314312.97, "Total Cost": 1865633.17, "Plan Rows": 9071680, "Plan Width": 24, "Actual Startup Time": 4108.122, "Actual Total Time": 11626.576, "Actual Rows": 9109641, "Actual Loops": 1, "Recheck Cond": "((l_shipdate >= '1993-01-01 00:00:00'::timestamp(0) without time zone) AND (l_shipdate < '1994-01-01 00:00:00'::timestamp without time zone)), (LLVM Optimized, Jit Execute)", "Rows Removed by Index Recheck": 0, "Exact Heap Blocks": 1252335, "Lossy Heap Blocks": 1252335, "Plans": [{"Node Type": "Bitmap Index Scan", "Parent Relationship": "Outer", "Index Name": "idx_lineitem_shipdate", "Startup Cost": 0.0, "Total Cost": 312045.05, "Plan Rows": 9071680, "Plan Width": 0, "Actual Startup Time": 3494.488, "Actual Total Time": 3494.488, "Actual Rows": 9109641, "Actual Loops": 1, "Index Cond": "((l_shipdate >= '1993-01-01 00:00:00'::timestamp(0) without time zone) AND (l_shipdate < '1994-01-01 00:00:00'::timestamp without time zone))"}]}]}, {"Node Type": "Hash", "Parent Relationship": "Inner", "Startup Cost": 225072.53, "Total Cost": 225072.53, "Plan Rows": 64552, "Plan Width": 32, "Actual Startup Time": 1003.594, "Actual Total Time": 1003.594, "Actual Rows": 86224, "Actual Loops": 1, "Hash Buckets": 65536, "Hash Batches": 1, "Original Hash Batches": 1, "Peak Memory Usage": 5389, "Plans": [{"Node Type": "Nested Loop", "Parent Relationship": "Outer", "Join Type": "Inner", "Startup Cost": 0.0, "Total Cost": 225072.53, "Plan Rows": 64552, "Plan Width": 32, "Actual Startup Time": 0.084, "Actual Total Time": 970.318, "Actual Rows": 86224, "Actual Loops": 1, "Inner Unique": false, "Plans": [{"Node Type": "Seq Scan", "Parent Relationship": "Outer", "Relation Name": "part", "Alias": "part", "Startup Cost": 0.0, "Total Cost": 66944.0, "Plan Rows": 22472, "Plan Width": 8, "Actual Startup Time": 0.047, "Actual Total Time": 776.04, "Actual Rows": 21556, "Actual Loops": 1, "Filter": "((p_name)::text ~~ 'green%'::text)", "Rows Removed by Filter": 1978444}, {"Node Type": "Index Scan", "Parent Relationship": "Inner", "Scan Direction": "Forward", "Index Name": "idx_partsupp_partkey", "Relation Name": "partsupp", "Alias": "partsupp", "Startup Cost": 0.0, "Total Cost": 7.01, "Plan Rows": 3, "Plan Width": 24, "Actual Startup Time": 115.698, "Actual Total Time": 161.68, "Actual Rows": 86224, "Actual Loops": 21556, "Index Cond": "(ps_partkey = part.p_partkey)", "Rows Removed by Index Recheck": 0}]}]}]}, {"Node Type": "Hash", "Parent Relationship": "Inner", "Startup Cost": 2533.35, "Total Cost": 2533.35, "Plan Rows": 4000, "Plan Width": 59, "Actual Startup Time": 8.897, "Actual Total Time": 8.897, "Actual Rows": 3934, "Actual Loops": 1, "Hash Buckets": 32768, "Hash Batches": 1, "Original Hash Batches": 1, "Peak Memory Usage": 368, "Plans": [{"Node Type": "Nested Loop", "Parent Relationship": "Outer", "Join Type": "Inner", "Startup Cost": 95.25, "Total Cost": 2533.35, "Plan Rows": 4000, "Plan Width": 59, "Actual Startup Time": 1.262, "Actual Total Time": 7.491, "Actual Rows": 3934, "Actual Loops": 1, "Inner Unique": false, "Plans": [{"Node Type": "Seq Scan", "Parent Relationship": "Outer", "Relation Name": "nation", "Alias": "nation", "Startup Cost": 0.0, "Total Cost": 1.31, "Plan Rows": 1, "Plan Width": 4, "Actual Startup Time": 0.027, "Actual Total Time": 0.046, "Actual Rows": 1, "Actual Loops": 1, "Filter": "(n_name = 'ALGERIA'::bpchar)", "Rows Removed by Filter": 24}, {"Node Type": "Bitmap Heap Scan", "Parent Relationship": "Inner", "Relation Name": "supplier", "Alias": "supplier", "Startup Cost": 95.25, "Total Cost": 2492.04, "Plan Rows": 4000, "Plan Width": 63, "Actual Startup Time": 1.228, "Actual Total Time": 6.581, "Actual Rows": 3934, "Actual Loops": 1, "Recheck Cond": "(s_nationkey = nation.n_nationkey)", "Rows Removed by Index Recheck": 0, "Exact Heap Blocks": 1897, "Lossy Heap Blocks": 1897, "Plans": [{"Node Type": "Bitmap Index Scan", "Parent Relationship": "Outer", "Index Name": "idx_supplier_nation_key", "Startup Cost": 0.0, "Total Cost": 94.25, "Plan Rows": 4000, "Plan Width": 0, "Actual Startup Time": 0.93, "Actual Total Time": 0.93, "Actual Rows": 3934, "Actual Loops": 1, "Index Cond": "(s_nationkey = nation.n_nationkey)"}]}]}]}]}]}, "Triggers": [], "Planner Runtime": 2, "Total Runtime": 25149.915, "Unique SQL Id": 202076520}}, "(16, 97)": {"explain_plan": {"Plan": {"Node Type": "Sort", "Startup Cost": 2518804.13, "Total Cost": 2518809.13, "Plan Rows": 2000, "Plan Width": 51, "Sort Key": ["supplier.s_name"], "Plans": [{"Node Type": "Hash Join", "Parent Relationship": "Outer", "Join Type": "Right Semi", "Startup Cost": 2223844.76, "Total Cost": 2518694.47, "Plan Rows": 2000, "Plan Width": 51, "Inner Unique": false, "Hash Cond": "(lineitem.l_suppkey = supplier.s_suppkey)", "Plans": [{"Node Type": "Hash Join", "Parent Relationship": "Outer", "Join Type": "Inner", "Startup Cost": 2221250.03, "Total Cost": 2516079.74, "Plan Rows": 2, "Plan Width": 16, "Inner Unique": false, "Hash Cond": "((lineitem.l_partkey = partsupp.ps_partkey) AND (lineitem.l_suppkey = partsupp.ps_suppkey))", "Join Filter": "((partsupp.ps_availqty)::double precision > (.5::double precision * (sum(lineitem.l_quantity))))", "Plans": [{"Node Type": "Aggregate", "Strategy": "Hashed", "Parent Relationship": "Outer", "Startup Cost": 1956349.97, "Total Cost": 2069745.97, "Plan Rows": 9071680, "Plan Width": 40, "Group By Key": ["lineitem.l_partkey", "lineitem.l_suppkey"], "Plans": [{"Node Type": "Bitmap Heap Scan", "Parent Relationship": "Outer", "Relation Name": "lineitem", "Alias": "lineitem", "Startup Cost": 314312.97, "Total Cost": 1865633.17, "Plan Rows": 9071680, "Plan Width": 24, "Recheck Cond": "((l_shipdate >= '1993-01-01 00:00:00'::timestamp(0) without time zone) AND (l_shipdate < '1994-01-01 00:00:00'::timestamp without time zone)), (LLVM Optimized)", "Plans": [{"Node Type": "Bitmap Index Scan", "Parent Relationship": "Outer", "Index Name": "idx_lineitem_shipdate", "Startup Cost": 0.0, "Total Cost": 312045.05, "Plan Rows": 9071680, "Plan Width": 0, "Index Cond": "((l_shipdate >= '1993-01-01 00:00:00'::timestamp(0) without time zone) AND (l_shipdate < '1994-01-01 00:00:00'::timestamp without time zone))"}]}]}, {"Node Type": "Hash", "Parent Relationship": "Inner", "Startup Cost": 263931.78, "Total Cost": 263931.78, "Plan Rows": 64552, "Plan Width": 32, "Plans": [{"Node Type": "Nested Loop", "Parent Relationship": "Outer", "Join Type": "Inner", "Startup Cost": 0.0, "Total Cost": 263931.78, "Plan Rows": 64552, "Plan Width": 32, "Inner Unique": false, "Plans": [{"Node Type": "Index Scan", "Parent Relationship": "Outer", "Scan Direction": "Forward", "Index Name": "part_kpey", "Relation Name": "part", "Alias": "part", "Startup Cost": 0.0, "Total Cost": 105803.25, "Plan Rows": 22472, "Plan Width": 8, "Filter": "((p_name)::text ~~ 'green%'::text)"}, {"Node Type": "Index Scan", "Parent Relationship": "Inner", "Scan Direction": "Forward", "Index Name": "idx_partsupp_partkey", "Relation Name": "partsupp", "Alias": "partsupp", "Startup Cost": 0.0, "Total Cost": 7.01, "Plan Rows": 3, "Plan Width": 24, "Index Cond": "(ps_partkey = part.p_partkey)"}]}]}]}, {"Node Type": "Hash", "Parent Relationship": "Inner", "Startup Cost": 2544.73, "Total Cost": 2544.73, "Plan Rows": 4000, "Plan Width": 59, "Plans": [{"Node Type": "Nested Loop", "Parent Relationship": "Outer", "Join Type": "Inner", "Startup Cost": 95.25, "Total Cost": 2544.73, "Plan Rows": 4000, "Plan Width": 59, "Inner Unique": false, "Plans": [{"Node Type": "Index Scan", "Parent Relationship": "Outer", "Scan Direction": "Forward", "Index Name": "nation_pkey", "Relation Name": "nation", "Alias": "nation", "Startup Cost": 0.0, "Total Cost": 12.69, "Plan Rows": 1, "Plan Width": 4, "Filter": "(n_name = 'ALGERIA'::bpchar)"}, {"Node Type": "Bitmap Heap Scan", "Parent Relationship": "Inner", "Relation Name": "supplier", "Alias": "supplier", "Startup Cost": 95.25, "Total Cost": 2492.04, "Plan Rows": 4000, "Plan Width": 63, "Recheck Cond": "(s_nationkey = nation.n_nationkey)", "Plans": [{"Node Type": "Bitmap Index Scan", "Parent Relationship": "Outer", "Index Name": "idx_supplier_nation_key", "Startup Cost": 0.0, "Total Cost": 94.25, "Plan Rows": 4000, "Plan Width": 0, "Index Cond": "(s_nationkey = nation.n_nationkey)"}]}]}]}]}]}, "Unique SQL Id": 202076520, "Planner Runtime": 2}, "explain_analyze_plan": {"Plan": {"Node Type": "Sort", "Startup Cost": 2518804.13, "Total Cost": 2518809.13, "Plan Rows": 2000, "Plan Width": 51, "Actual Startup Time": 26463.796, "Actual Total Time": 26463.938, "Actual Rows": 1746, "Actual Loops": 1, "Sort Key": ["supplier.s_name"], "Sort Method": "quicksort", "Sort Space Used": 309, "Sort Space Type": "Memory", "Plans": [{"Node Type": "Hash Join", "Parent Relationship": "Outer", "Join Type": "Right Semi", "Startup Cost": 2223844.76, "Total Cost": 2518694.47, "Plan Rows": 2000, "Plan Width": 51, "Actual Startup Time": 21538.153, "Actual Total Time": 26453.923, "Actual Rows": 1746, "Actual Loops": 1, "Inner Unique": false, "Hash Cond": "(lineitem.l_suppkey = supplier.s_suppkey)", "Plans": [{"Node Type": "Hash Join", "Parent Relationship": "Outer", "Join Type": "Inner", "Startup Cost": 2221250.03, "Total Cost": 2516079.74, "Plan Rows": 2, "Plan Width": 16, "Actual Startup Time": 21523.772, "Actual Total Time": 26427.417, "Actual Rows": 58537, "Actual Loops": 1, "Inner Unique": false, "Hash Cond": "((lineitem.l_partkey = partsupp.ps_partkey) AND (lineitem.l_suppkey = partsupp.ps_suppkey))", "Join Filter": "((partsupp.ps_availqty)::double precision > (.5::double precision * (sum(lineitem.l_quantity))))", "Rows Removed by Join Filter": 136, "Plans": [{"Node Type": "Aggregate", "Strategy": "Hashed", "Parent Relationship": "Outer", "Startup Cost": 1956349.97, "Total Cost": 2069745.97, "Plan Rows": 9071680, "Plan Width": 40, "Actual Startup Time": 19815.801, "Actual Total Time": 23117.593, "Actual Rows": 5442751, "Actual Loops": 1, "Group By Key": ["lineitem.l_partkey", "lineitem.l_suppkey"], "Plans": [{"Node Type": "Bitmap Heap Scan", "Parent Relationship": "Outer", "Relation Name": "lineitem", "Alias": "lineitem", "Startup Cost": 314312.97, "Total Cost": 1865633.17, "Plan Rows": 9071680, "Plan Width": 24, "Actual Startup Time": 4089.336, "Actual Total Time": 11492.252, "Actual Rows": 9109641, "Actual Loops": 1, "Recheck Cond": "((l_shipdate >= '1993-01-01 00:00:00'::timestamp(0) without time zone) AND (l_shipdate < '1994-01-01 00:00:00'::timestamp without time zone)), (LLVM Optimized, Jit Execute)", "Rows Removed by Index Recheck": 0, "Exact Heap Blocks": 1252335, "Lossy Heap Blocks": 1252335, "Plans": [{"Node Type": "Bitmap Index Scan", "Parent Relationship": "Outer", "Index Name": "idx_lineitem_shipdate", "Startup Cost": 0.0, "Total Cost": 312045.05, "Plan Rows": 9071680, "Plan Width": 0, "Actual Startup Time": 3511.798, "Actual Total Time": 3511.798, "Actual Rows": 9109641, "Actual Loops": 1, "Index Cond": "((l_shipdate >= '1993-01-01 00:00:00'::timestamp(0) without time zone) AND (l_shipdate < '1994-01-01 00:00:00'::timestamp without time zone))"}]}]}, {"Node Type": "Hash", "Parent Relationship": "Inner", "Startup Cost": 263931.78, "Total Cost": 263931.78, "Plan Rows": 64552, "Plan Width": 32, "Actual Startup Time": 1707.758, "Actual Total Time": 1707.758, "Actual Rows": 86224, "Actual Loops": 1, "Hash Buckets": 65536, "Hash Batches": 1, "Original Hash Batches": 1, "Peak Memory Usage": 5389, "Plans": [{"Node Type": "Nested Loop", "Parent Relationship": "Outer", "Join Type": "Inner", "Startup Cost": 0.0, "Total Cost": 263931.78, "Plan Rows": 64552, "Plan Width": 32, "Actual Startup Time": 0.067, "Actual Total Time": 1670.549, "Actual Rows": 86224, "Actual Loops": 1, "Inner Unique": false, "Plans": [{"Node Type": "Index Scan", "Parent Relationship": "Outer", "Scan Direction": "Forward", "Index Name": "part_kpey", "Relation Name": "part", "Alias": "part", "Startup Cost": 0.0, "Total Cost": 105803.25, "Plan Rows": 22472, "Plan Width": 8, "Actual Startup Time": 0.052, "Actual Total Time": 1462.514, "Actual Rows": 21556, "Actual Loops": 1, "Filter": "((p_name)::text ~~ 'green%'::text)", "Rows Removed by Filter": 1978444}, {"Node Type": "Index Scan", "Parent Relationship": "Inner", "Scan Direction": "Forward", "Index Name": "idx_partsupp_partkey", "Relation Name": "partsupp", "Alias": "partsupp", "Startup Cost": 0.0, "Total Cost": 7.01, "Plan Rows": 3, "Plan Width": 24, "Actual Startup Time": 129.84, "Actual Total Time": 175.607, "Actual Rows": 86224, "Actual Loops": 21556, "Index Cond": "(ps_partkey = part.p_partkey)", "Rows Removed by Index Recheck": 0}]}]}]}, {"Node Type": "Hash", "Parent Relationship": "Inner", "Startup Cost": 2544.73, "Total Cost": 2544.73, "Plan Rows": 4000, "Plan Width": 59, "Actual Startup Time": 8.357, "Actual Total Time": 8.357, "Actual Rows": 3934, "Actual Loops": 1, "Hash Buckets": 32768, "Hash Batches": 1, "Original Hash Batches": 1, "Peak Memory Usage": 368, "Plans": [{"Node Type": "Nested Loop", "Parent Relationship": "Outer", "Join Type": "Inner", "Startup Cost": 95.25, "Total Cost": 2544.73, "Plan Rows": 4000, "Plan Width": 59, "Actual Startup Time": 0.962, "Actual Total Time": 7.029, "Actual Rows": 3934, "Actual Loops": 1, "Inner Unique": false, "Plans": [{"Node Type": "Index Scan", "Parent Relationship": "Outer", "Scan Direction": "Forward", "Index Name": "nation_pkey", "Relation Name": "nation", "Alias": "nation", "Startup Cost": 0.0, "Total Cost": 12.69, "Plan Rows": 1, "Plan Width": 4, "Actual Startup Time": 0.021, "Actual Total Time": 0.043, "Actual Rows": 1, "Actual Loops": 1, "Filter": "(n_name = 'ALGERIA'::bpchar)", "Rows Removed by Filter": 24}, {"Node Type": "Bitmap Heap Scan", "Parent Relationship": "Inner", "Relation Name": "supplier", "Alias": "supplier", "Startup Cost": 95.25, "Total Cost": 2492.04, "Plan Rows": 4000, "Plan Width": 63, "Actual Startup Time": 0.934, "Actual Total Time": 6.131, "Actual Rows": 3934, "Actual Loops": 1, "Recheck Cond": "(s_nationkey = nation.n_nationkey)", "Rows Removed by Index Recheck": 0, "Exact Heap Blocks": 1897, "Lossy Heap Blocks": 1897, "Plans": [{"Node Type": "Bitmap Index Scan", "Parent Relationship": "Outer", "Index Name": "idx_supplier_nation_key", "Startup Cost": 0.0, "Total Cost": 94.25, "Plan Rows": 4000, "Plan Width": 0, "Actual Startup Time": 0.635, "Actual Total Time": 0.635, "Actual Rows": 3934, "Actual Loops": 1, "Index Cond": "(s_nationkey = nation.n_nationkey)"}]}]}]}]}]}, "Triggers": [], "Planner Runtime": 2, "Total Runtime": 26475.342, "Unique SQL Id": 202076520}}, "(16, 98)": {"explain_plan": {"Plan": {"Node Type": "Sort", "Startup Cost": 2612723.68, "Total Cost": 2612728.68, "Plan Rows": 2000, "Plan Width": 51, "Sort Key": ["supplier.s_name"], "Plans": [{"Node Type": "Hash Join", "Parent Relationship": "Outer", "Join Type": "Right Semi", "Startup Cost": 2317764.31, "Total Cost": 2612614.02, "Plan Rows": 2000, "Plan Width": 51, "Inner Unique": false, "Hash Cond": "(lineitem.l_suppkey = supplier.s_suppkey)", "Plans": [{"Node Type": "Hash Join", "Parent Relationship": "Outer", "Join Type": "Inner", "Startup Cost": 2315180.96, "Total Cost": 2610010.67, "Plan Rows": 2, "Plan Width": 16, "Inner Unique": false, "Hash Cond": "((lineitem.l_partkey = partsupp.ps_partkey) AND (lineitem.l_suppkey = partsupp.ps_suppkey))", "Join Filter": "((partsupp.ps_availqty)::double precision > (.5::double precision * (sum(lineitem.l_quantity))))", "Plans": [{"Node Type": "Aggregate", "Strategy": "Hashed", "Parent Relationship": "Outer", "Startup Cost": 1956349.97, "Total Cost": 2069745.97, "Plan Rows": 9071680, "Plan Width": 40, "Group By Key": ["lineitem.l_partkey", "lineitem.l_suppkey"], "Plans": [{"Node Type": "Bitmap Heap Scan", "Parent Relationship": "Outer", "Relation Name": "lineitem", "Alias": "lineitem", "Startup Cost": 314312.97, "Total Cost": 1865633.17, "Plan Rows": 9071680, "Plan Width": 24, "Recheck Cond": "((l_shipdate >= '1993-01-01 00:00:00'::timestamp(0) without time zone) AND (l_shipdate < '1994-01-01 00:00:00'::timestamp without time zone)), (LLVM Optimized)", "Plans": [{"Node Type": "Bitmap Index Scan", "Parent Relationship": "Outer", "Index Name": "idx_lineitem_shipdate", "Startup Cost": 0.0, "Total Cost": 312045.05, "Plan Rows": 9071680, "Plan Width": 0, "Index Cond": "((l_shipdate >= '1993-01-01 00:00:00'::timestamp(0) without time zone) AND (l_shipdate < '1994-01-01 00:00:00'::timestamp without time zone))"}]}]}, {"Node Type": "Hash", "Parent Relationship": "Inner", "Startup Cost": 357862.71, "Total Cost": 357862.71, "Plan Rows": 64552, "Plan Width": 32, "Plans": [{"Node Type": "Hash Join", "Parent Relationship": "Outer", "Join Type": "Inner", "Startup Cost": 67224.9, "Total Cost": 357862.71, "Plan Rows": 64552, "Plan Width": 32, "Inner Unique": true, "Hash Cond": "(partsupp.ps_partkey = part.p_partkey)", "Plans": [{"Node Type": "Seq Scan", "Parent Relationship": "Outer", "Relation Name": "partsupp", "Alias": "partsupp", "Startup Cost": 0.0, "Total Cost": 269987.72, "Plan Rows": 8000372, "Plan Width": 24}, {"Node Type": "Hash", "Parent Relationship": "Inner", "Startup Cost": 66944.0, "Total Cost": 66944.0, "Plan Rows": 22472, "Plan Width": 8, "Plans": [{"Node Type": "Seq Scan", "Parent Relationship": "Outer", "Relation Name": "part", "Alias": "part", "Startup Cost": 0.0, "Total Cost": 66944.0, "Plan Rows": 22472, "Plan Width": 8, "Filter": "((p_name)::text ~~ 'green%'::text)"}]}]}]}]}, {"Node Type": "Hash", "Parent Relationship": "Inner", "Startup Cost": 2533.35, "Total Cost": 2533.35, "Plan Rows": 4000, "Plan Width": 59, "Plans": [{"Node Type": "Nested Loop", "Parent Relationship": "Outer", "Join Type": "Inner", "Startup Cost": 95.25, "Total Cost": 2533.35, "Plan Rows": 4000, "Plan Width": 59, "Inner Unique": false, "Plans": [{"Node Type": "Seq Scan", "Parent Relationship": "Outer", "Relation Name": "nation", "Alias": "nation", "Startup Cost": 0.0, "Total Cost": 1.31, "Plan Rows": 1, "Plan Width": 4, "Filter": "(n_name = 'ALGERIA'::bpchar)"}, {"Node Type": "Bitmap Heap Scan", "Parent Relationship": "Inner", "Relation Name": "supplier", "Alias": "supplier", "Startup Cost": 95.25, "Total Cost": 2492.04, "Plan Rows": 4000, "Plan Width": 63, "Recheck Cond": "(s_nationkey = nation.n_nationkey)", "Plans": [{"Node Type": "Bitmap Index Scan", "Parent Relationship": "Outer", "Index Name": "idx_supplier_nation_key", "Startup Cost": 0.0, "Total Cost": 94.25, "Plan Rows": 4000, "Plan Width": 0, "Index Cond": "(s_nationkey = nation.n_nationkey)"}]}]}]}]}]}, "Unique SQL Id": 202076520, "Planner Runtime": 2}, "explain_analyze_plan": {"Plan": {"Node Type": "Sort", "Startup Cost": 2612723.68, "Total Cost": 2612728.68, "Plan Rows": 2000, "Plan Width": 51, "Actual Startup Time": 28879.579, "Actual Total Time": 28879.734, "Actual Rows": 1746, "Actual Loops": 1, "Sort Key": ["supplier.s_name"], "Sort Method": "quicksort", "Sort Space Used": 309, "Sort Space Type": "Memory", "Plans": [{"Node Type": "Hash Join", "Parent Relationship": "Outer", "Join Type": "Right Semi", "Startup Cost": 2317764.31, "Total Cost": 2612614.02, "Plan Rows": 2000, "Plan Width": 51, "Actual Startup Time": 24017.84, "Actual Total Time": 28869.771, "Actual Rows": 1746, "Actual Loops": 1, "Inner Unique": false, "Hash Cond": "(lineitem.l_suppkey = supplier.s_suppkey)", "Plans": [{"Node Type": "Hash Join", "Parent Relationship": "Outer", "Join Type": "Inner", "Startup Cost": 2315180.96, "Total Cost": 2610010.67, "Plan Rows": 2, "Plan Width": 16, "Actual Startup Time": 24003.117, "Actual Total Time": 28842.66, "Actual Rows": 58537, "Actual Loops": 1, "Inner Unique": false, "Hash Cond": "((lineitem.l_partkey = partsupp.ps_partkey) AND (lineitem.l_suppkey = partsupp.ps_suppkey))", "Join Filter": "((partsupp.ps_availqty)::double precision > (.5::double precision * (sum(lineitem.l_quantity))))", "Rows Removed by Join Filter": 136, "Plans": [{"Node Type": "Aggregate", "Strategy": "Hashed", "Parent Relationship": "Outer", "Startup Cost": 1956349.97, "Total Cost": 2069745.97, "Plan Rows": 9071680, "Plan Width": 40, "Actual Startup Time": 19211.605, "Actual Total Time": 22487.983, "Actual Rows": 5442751, "Actual Loops": 1, "Group By Key": ["lineitem.l_partkey", "lineitem.l_suppkey"], "Plans": [{"Node Type": "Bitmap Heap Scan", "Parent Relationship": "Outer", "Relation Name": "lineitem", "Alias": "lineitem", "Startup Cost": 314312.97, "Total Cost": 1865633.17, "Plan Rows": 9071680, "Plan Width": 24, "Actual Startup Time": 4085.442, "Actual Total Time": 11771.462, "Actual Rows": 9109641, "Actual Loops": 1, "Recheck Cond": "((l_shipdate >= '1993-01-01 00:00:00'::timestamp(0) without time zone) AND (l_shipdate < '1994-01-01 00:00:00'::timestamp without time zone)), (LLVM Optimized, Jit Execute)", "Rows Removed by Index Recheck": 0, "Exact Heap Blocks": 1252335, "Lossy Heap Blocks": 1252335, "Plans": [{"Node Type": "Bitmap Index Scan", "Parent Relationship": "Outer", "Index Name": "idx_lineitem_shipdate", "Startup Cost": 0.0, "Total Cost": 312045.05, "Plan Rows": 9071680, "Plan Width": 0, "Actual Startup Time": 3506.124, "Actual Total Time": 3506.124, "Actual Rows": 9109641, "Actual Loops": 1, "Index Cond": "((l_shipdate >= '1993-01-01 00:00:00'::timestamp(0) without time zone) AND (l_shipdate < '1994-01-01 00:00:00'::timestamp without time zone))"}]}]}, {"Node Type": "Hash", "Parent Relationship": "Inner", "Startup Cost": 357862.71, "Total Cost": 357862.71, "Plan Rows": 64552, "Plan Width": 32, "Actual Startup Time": 4790.991, "Actual Total Time": 4790.991, "Actual Rows": 86224, "Actual Loops": 1, "Hash Buckets": 65536, "Hash Batches": 1, "Original Hash Batches": 1, "Peak Memory Usage": 5389, "Plans": [{"Node Type": "Hash Join", "Parent Relationship": "Outer", "Join Type": "Inner", "Startup Cost": 67224.9, "Total Cost": 357862.71, "Plan Rows": 64552, "Plan Width": 32, "Actual Startup Time": 774.185, "Actual Total Time": 4747.908, "Actual Rows": 86224, "Actual Loops": 1, "Inner Unique": true, "Hash Cond": "(partsupp.ps_partkey = part.p_partkey)", "Plans": [{"Node Type": "Seq Scan", "Parent Relationship": "Outer", "Relation Name": "partsupp", "Alias": "partsupp", "Startup Cost": 0.0, "Total Cost": 269987.72, "Plan Rows": 8000372, "Plan Width": 24, "Actual Startup Time": 0.016, "Actual Total Time": 2421.427, "Actual Rows": 8000000, "Actual Loops": 1}, {"Node Type": "Hash", "Parent Relationship": "Inner", "Startup Cost": 66944.0, "Total Cost": 66944.0, "Plan Rows": 22472, "Plan Width": 8, "Actual Startup Time": 774.026, "Actual Total Time": 774.026, "Actual Rows": 21556, "Actual Loops": 1, "Hash Buckets": 32768, "Hash Batches": 1, "Original Hash Batches": 1, "Peak Memory Usage": 843, "Plans": [{"Node Type": "Seq Scan", "Parent Relationship": "Outer", "Relation Name": "part", "Alias": "part", "Startup Cost": 0.0, "Total Cost": 66944.0, "Plan Rows": 22472, "Plan Width": 8, "Actual Startup Time": 0.032, "Actual Total Time": 766.58, "Actual Rows": 21556, "Actual Loops": 1, "Filter": "((p_name)::text ~~ 'green%'::text)", "Rows Removed by Filter": 1978444}]}]}]}]}, {"Node Type": "Hash", "Parent Relationship": "Inner", "Startup Cost": 2533.35, "Total Cost": 2533.35, "Plan Rows": 4000, "Plan Width": 59, "Actual Startup Time": 8.34, "Actual Total Time": 8.34, "Actual Rows": 3934, "Actual Loops": 1, "Hash Buckets": 32768, "Hash Batches": 1, "Original Hash Batches": 1, "Peak Memory Usage": 368, "Plans": [{"Node Type": "Nested Loop", "Parent Relationship": "Outer", "Join Type": "Inner", "Startup Cost": 95.25, "Total Cost": 2533.35, "Plan Rows": 4000, "Plan Width": 59, "Actual Startup Time": 0.972, "Actual Total Time": 6.997, "Actual Rows": 3934, "Actual Loops": 1, "Inner Unique": false, "Plans": [{"Node Type": "Seq Scan", "Parent Relationship": "Outer", "Relation Name": "nation", "Alias": "nation", "Startup Cost": 0.0, "Total Cost": 1.31, "Plan Rows": 1, "Plan Width": 4, "Actual Startup Time": 0.026, "Actual Total Time": 0.039, "Actual Rows": 1, "Actual Loops": 1, "Filter": "(n_name = 'ALGERIA'::bpchar)", "Rows Removed by Filter": 24}, {"Node Type": "Bitmap Heap Scan", "Parent Relationship": "Inner", "Relation Name": "supplier", "Alias": "supplier", "Startup Cost": 95.25, "Total Cost": 2492.04, "Plan Rows": 4000, "Plan Width": 63, "Actual Startup Time": 0.939, "Actual Total Time": 6.109, "Actual Rows": 3934, "Actual Loops": 1, "Recheck Cond": "(s_nationkey = nation.n_nationkey)", "Rows Removed by Index Recheck": 0, "Exact Heap Blocks": 1897, "Lossy Heap Blocks": 1897, "Plans": [{"Node Type": "Bitmap Index Scan", "Parent Relationship": "Outer", "Index Name": "idx_supplier_nation_key", "Startup Cost": 0.0, "Total Cost": 94.25, "Plan Rows": 4000, "Plan Width": 0, "Actual Startup Time": 0.636, "Actual Total Time": 0.636, "Actual Rows": 3934, "Actual Loops": 1, "Index Cond": "(s_nationkey = nation.n_nationkey)"}]}]}]}]}]}, "Triggers": [], "Planner Runtime": 2, "Total Runtime": 28890.822, "Unique SQL Id": 202076520}}, "(16, 99)": {"explain_plan": {"Plan": {"Node Type": "Sort", "Startup Cost": 41474309.17, "Total Cost": 41474314.17, "Plan Rows": 2000, "Plan Width": 51, "Sort Key": ["supplier.s_name"], "Plans": [{"Node Type": "Nested Loop", "Parent Relationship": "Outer", "Join Type": "Inner", "Startup Cost": 41260049.96, "Total Cost": 41474199.51, "Plan Rows": 2000, "Plan Width": 51, "Inner Unique": true, "Plans": [{"Node Type": "Nested Loop", "Parent Relationship": "Outer", "Join Type": "Inner", "Startup Cost": 41260049.7, "Total Cost": 41260058.01, "Plan Rows": 50000, "Plan Width": 55, "Inner Unique": true, "Plans": [{"Node Type": "Unique", "Parent Relationship": "Outer", "Startup Cost": 41260049.44, "Total Cost": 41260049.45, "Plan Rows": 2, "Plan Width": 16, "Plans": [{"Node Type": "Sort", "Parent Relationship": "Outer", "Startup Cost": 41260049.44, "Total Cost": 41260049.45, "Plan Rows": 2, "Plan Width": 16, "Sort Key": ["partsupp.ps_suppkey"], "Plans": [{"Node Type": "Nested Loop", "Parent Relationship": "Outer", "Join Type": "Semi", "Startup Cost": 1956350.51, "Total Cost": 41260049.43, "Plan Rows": 2, "Plan Width": 16, "Inner Unique": false, "Join Filter": "(partsupp.ps_partkey = part.p_partkey)", "Plans": [{"Node Type": "Nested Loop", "Parent Relationship": "Outer", "Join Type": "Inner", "Startup Cost": 1956350.25, "Total Cost": 41259981.09, "Plan Rows": 15, "Plan Width": 32, "Inner Unique": true, "Plans": [{"Node Type": "Aggregate", "Strategy": "Hashed", "Parent Relationship": "Outer", "Startup Cost": 1956349.97, "Total Cost": 2069745.97, "Plan Rows": 9071680, "Plan Width": 40, "Group By Key": ["lineitem.l_partkey", "lineitem.l_suppkey"], "Plans": [{"Node Type": "Bitmap Heap Scan", "Parent Relationship": "Outer", "Relation Name": "lineitem", "Alias": "lineitem", "Startup Cost": 314312.97, "Total Cost": 1865633.17, "Plan Rows": 9071680, "Plan Width": 24, "Recheck Cond": "((l_shipdate >= '1993-01-01 00:00:00'::timestamp(0) without time zone) AND (l_shipdate < '1994-01-01 00:00:00'::timestamp without time zone)), (LLVM Optimized)", "Plans": [{"Node Type": "Bitmap Index Scan", "Parent Relationship": "Outer", "Index Name": "idx_lineitem_shipdate", "Startup Cost": 0.0, "Total Cost": 312045.05, "Plan Rows": 9071680, "Plan Width": 0, "Index Cond": "((l_shipdate >= '1993-01-01 00:00:00'::timestamp(0) without time zone) AND (l_shipdate < '1994-01-01 00:00:00'::timestamp without time zone))"}]}]}, {"Node Type": "Bitmap Heap Scan", "Parent Relationship": "Inner", "Relation Name": "partsupp", "Alias": "partsupp", "Startup Cost": 0.28, "Total Cost": 4.3, "Plan Rows": 1, "Plan Width": 24, "Recheck Cond": "((ps_partkey = lineitem.l_partkey) AND (ps_suppkey = lineitem.l_suppkey))", "Filter": "((ps_availqty)::double precision > (.5::double precision * (sum(lineitem.l_quantity))))", "Plans": [{"Node Type": "Bitmap Index Scan", "Parent Relationship": "Outer", "Index Name": "partsupp_pkey", "Startup Cost": 0.0, "Total Cost": 0.28, "Plan Rows": 1, "Plan Width": 0, "Index Cond": "((ps_partkey = lineitem.l_partkey) AND (ps_suppkey = lineitem.l_suppkey))"}]}]}, {"Node Type": "Bitmap Heap Scan", "Parent Relationship": "Inner", "Relation Name": "part", "Alias": "part", "Startup Cost": 0.26, "Total Cost": 4.28, "Plan Rows": 1, "Plan Width": 8, "Recheck Cond": "(p_partkey = lineitem.l_partkey)", "Filter": "((p_name)::text ~~ 'green%'::text)", "Plans": [{"Node Type": "Bitmap Index Scan", "Parent Relationship": "Outer", "Index Name": "part_kpey", "Startup Cost": 0.0, "Total Cost": 0.26, "Plan Rows": 1, "Plan Width": 0, "Index Cond": "(p_partkey = lineitem.l_partkey)"}]}]}]}]}, {"Node Type": "Bitmap Heap Scan", "Parent Relationship": "Inner", "Relation Name": "supplier", "Alias": "supplier", "Startup Cost": 0.26, "Total Cost": 4.27, "Plan Rows": 1, "Plan Width": 63, "Recheck Cond": "(s_suppkey = lineitem.l_suppkey)", "Plans": [{"Node Type": "Bitmap Index Scan", "Parent Relationship": "Outer", "Index Name": "supplier_pkey", "Startup Cost": 0.0, "Total Cost": 0.26, "Plan Rows": 1, "Plan Width": 0, "Index Cond": "(s_suppkey = lineitem.l_suppkey)"}]}]}, {"Node Type": "Bitmap Heap Scan", "Parent Relationship": "Inner", "Relation Name": "nation", "Alias": "nation", "Startup Cost": 0.26, "Total Cost": 4.27, "Plan Rows": 1, "Plan Width": 4, "Recheck Cond": "(n_nationkey = supplier.s_nationkey)", "Filter": "(n_name = 'ALGERIA'::bpchar)", "Plans": [{"Node Type": "Bitmap Index Scan", "Parent Relationship": "Outer", "Index Name": "nation_pkey", "Startup Cost": 0.0, "Total Cost": 0.26, "Plan Rows": 1, "Plan Width": 0, "Index Cond": "(n_nationkey = supplier.s_nationkey)"}]}]}]}, "Unique SQL Id": 202076520, "Planner Runtime": 2}, "explain_analyze_plan": {"Plan": {"Node Type": "Sort", "Startup Cost": 41474309.17, "Total Cost": 41474314.17, "Plan Rows": 2000, "Plan Width": 51, "Actual Startup Time": 128888.36, "Actual Total Time": 128888.508, "Actual Rows": 1746, "Actual Loops": 1, "Sort Key": ["supplier.s_name"], "Sort Method": "quicksort", "Sort Space Used": 309, "Sort Space Type": "Memory", "Plans": [{"Node Type": "Nested Loop", "Parent Relationship": "Outer", "Join Type": "Inner", "Startup Cost": 41260049.96, "Total Cost": 41474199.51, "Plan Rows": 2000, "Plan Width": 51, "Actual Startup Time": 128475.92, "Actual Total Time": 128886.43, "Actual Rows": 1746, "Actual Loops": 1, "Inner Unique": true, "Plans": [{"Node Type": "Nested Loop", "Parent Relationship": "Outer", "Join Type": "Inner", "Startup Cost": 41260049.7, "Total Cost": 41260058.01, "Plan Rows": 50000, "Plan Width": 55, "Actual Startup Time": 128475.528, "Actual Total Time": 128715.763, "Actual Rows": 44487, "Actual Loops": 1, "Inner Unique": true, "Plans": [{"Node Type": "Unique", "Parent Relationship": "Outer", "Startup Cost": 41260049.44, "Total Cost": 41260049.45, "Plan Rows": 2, "Plan Width": 16, "Actual Startup Time": 128475.469, "Actual Total Time": 128506.031, "Actual Rows": 44487, "Actual Loops": 1, "Plans": [{"Node Type": "Sort", "Parent Relationship": "Outer", "Startup Cost": 41260049.44, "Total Cost": 41260049.45, "Plan Rows": 2, "Plan Width": 16, "Actual Startup Time": 128475.464, "Actual Total Time": 128488.423, "Actual Rows": 58537, "Actual Loops": 1, "Sort Key": ["partsupp.ps_suppkey"], "Sort Method": "quicksort", "Sort Space Used": 7024, "Sort Space Type": "Memory", "Plans": [{"Node Type": "Nested Loop", "Parent Relationship": "Outer", "Join Type": "Semi", "Startup Cost": 1956350.51, "Total Cost": 41260049.43, "Plan Rows": 2, "Plan Width": 16, "Actual Startup Time": 19211.651, "Actual Total Time": 128395.823, "Actual Rows": 58537, "Actual Loops": 1, "Inner Unique": false, "Join Filter": "(partsupp.ps_partkey = part.p_partkey)", "Rows Removed by Join Filter": 0, "Plans": [{"Node Type": "Nested Loop", "Parent Relationship": "Outer", "Join Type": "Inner", "Startup Cost": 1956350.25, "Total Cost": 41259981.09, "Plan Rows": 15, "Plan Width": 32, "Actual Startup Time": 19211.227, "Actual Total Time": 79847.531, "Actual Rows": 5431247, "Actual Loops": 1, "Inner Unique": true, "Plans": [{"Node Type": "Aggregate", "Strategy": "Hashed", "Parent Relationship": "Outer", "Startup Cost": 1956349.97, "Total Cost": 2069745.97, "Plan Rows": 9071680, "Plan Width": 40, "Actual Startup Time": 19211.091, "Actual Total Time": 24301.465, "Actual Rows": 5442751, "Actual Loops": 1, "Group By Key": ["lineitem.l_partkey", "lineitem.l_suppkey"], "Plans": [{"Node Type": "Bitmap Heap Scan", "Parent Relationship": "Outer", "Relation Name": "lineitem", "Alias": "lineitem", "Startup Cost": 314312.97, "Total Cost": 1865633.17, "Plan Rows": 9071680, "Plan Width": 24, "Actual Startup Time": 4429.203, "Actual Total Time": 12148.373, "Actual Rows": 9109641, "Actual Loops": 1, "Recheck Cond": "((l_shipdate >= '1993-01-01 00:00:00'::timestamp(0) without time zone) AND (l_shipdate < '1994-01-01 00:00:00'::timestamp without time zone)), (LLVM Optimized, Jit Execute)", "Rows Removed by Index Recheck": 0, "Exact Heap Blocks": 1252335, "Lossy Heap Blocks": 1252335, "Plans": [{"Node Type": "Bitmap Index Scan", "Parent Relationship": "Outer", "Index Name": "idx_lineitem_shipdate", "Startup Cost": 0.0, "Total Cost": 312045.05, "Plan Rows": 9071680, "Plan Width": 0, "Actual Startup Time": 3725.891, "Actual Total Time": 3725.891, "Actual Rows": 9109641, "Actual Loops": 1, "Index Cond": "((l_shipdate >= '1993-01-01 00:00:00'::timestamp(0) without time zone) AND (l_shipdate < '1994-01-01 00:00:00'::timestamp without time zone))"}]}]}, {"Node Type": "Bitmap Heap Scan", "Parent Relationship": "Inner", "Relation Name": "partsupp", "Alias": "partsupp", "Startup Cost": 0.28, "Total Cost": 4.3, "Plan Rows": 1, "Plan Width": 24, "Actual Startup Time": 47744.0, "Actual Total Time": 47744.0, "Actual Rows": 5431247, "Actual Loops": 5442751, "Recheck Cond": "((ps_partkey = lineitem.l_partkey) AND (ps_suppkey = lineitem.l_suppkey))", "Rows Removed by Index Recheck": 0, "Filter": "((ps_availqty)::double precision > (.5::double precision * (sum(lineitem.l_quantity))))", "Rows Removed by Filter": 11504, "Exact Heap Blocks": 5442751, "Lossy Heap Blocks": 5442751, "Plans": [{"Node Type": "Bitmap Index Scan", "Parent Relationship": "Outer", "Index Name": "partsupp_pkey", "Startup Cost": 0.0, "Total Cost": 0.28, "Plan Rows": 1, "Plan Width": 0, "Actual Startup Time": 28969.237, "Actual Total Time": 28969.237, "Actual Rows": 5442751, "Actual Loops": 5442751, "Index Cond": "((ps_partkey = lineitem.l_partkey) AND (ps_suppkey = lineitem.l_suppkey))"}]}]}, {"Node Type": "Bitmap Heap Scan", "Parent Relationship": "Inner", "Relation Name": "part", "Alias": "part", "Startup Cost": 0.26, "Total Cost": 4.28, "Plan Rows": 1, "Plan Width": 8, "Actual Startup Time": 42398.618, "Actual Total Time": 42398.618, "Actual Rows": 58537, "Actual Loops": 5431247, "Recheck Cond": "(p_partkey = lineitem.l_partkey)", "Rows Removed by Index Recheck": 0, "Filter": "((p_name)::text ~~ 'green%'::text)", "Rows Removed by Filter": 5372710, "Exact Heap Blocks": 5431247, "Lossy Heap Blocks": 5431247, "Plans": [{"Node Type": "Bitmap Index Scan", "Parent Relationship": "Outer", "Index Name": "part_kpey", "Startup Cost": 0.0, "Total Cost": 0.26, "Plan Rows": 1, "Plan Width": 0, "Actual Startup Time": 24845.499, "Actual Total Time": 24845.499, "Actual Rows": 5431247, "Actual Loops": 5431247, "Index Cond": "(p_partkey = lineitem.l_partkey)"}]}]}]}]}, {"Node Type": "Bitmap Heap Scan", "Parent Relationship": "Inner", "Relation Name": "supplier", "Alias": "supplier", "Startup Cost": 0.26, "Total Cost": 4.27, "Plan Rows": 1, "Plan Width": 63, "Actual Startup Time": 150.562, "Actual Total Time": 150.562, "Actual Rows": 44487, "Actual Loops": 44487, "Recheck Cond": "(s_suppkey = lineitem.l_suppkey)", "Rows Removed by Index Recheck": 0, "Exact Heap Blocks": 44487, "Lossy Heap Blocks": 44487, "Plans": [{"Node Type": "Bitmap Index Scan", "Parent Relationship": "Outer", "Index Name": "supplier_pkey", "Startup Cost": 0.0, "Total Cost": 0.26, "Plan Rows": 1, "Plan Width": 0, "Actual Startup Time": 82.325, "Actual Total Time": 82.325, "Actual Rows": 44487, "Actual Loops": 44487, "Index Cond": "(s_suppkey = lineitem.l_suppkey)"}]}]}, {"Node Type": "Bitmap Heap Scan", "Parent Relationship": "Inner", "Relation Name": "nation", "Alias": "nation", "Startup Cost": 0.26, "Total Cost": 4.27, "Plan Rows": 1, "Plan Width": 4, "Actual Startup Time": 120.985, "Actual Total Time": 120.985, "Actual Rows": 1746, "Actual Loops": 44487, "Recheck Cond": "(n_nationkey = supplier.s_nationkey)", "Rows Removed by Index Recheck": 0, "Filter": "(n_name = 'ALGERIA'::bpchar)", "Rows Removed by Filter": 42741, "Exact Heap Blocks": 44487, "Lossy Heap Blocks": 44487, "Plans": [{"Node Type": "Bitmap Index Scan", "Parent Relationship": "Outer", "Index Name": "nation_pkey", "Startup Cost": 0.0, "Total Cost": 0.26, "Plan Rows": 1, "Plan Width": 0, "Actual Startup Time": 44.911, "Actual Total Time": 44.911, "Actual Rows": 44487, "Actual Loops": 44487, "Index Cond": "(n_nationkey = supplier.s_nationkey)"}]}]}]}, "Triggers": [], "Planner Runtime": 1, "Total Runtime": 128900.171, "Unique SQL Id": 202076520}}, "(16, 100)": {"explain_plan": {"Plan": {"Node Type": "Sort", "Startup Cost": 2479933.5, "Total Cost": 2479938.5, "Plan Rows": 2000, "Plan Width": 51, "Sort Key": ["supplier.s_name"], "Plans": [{"Node Type": "Hash Join", "Parent Relationship": "Outer", "Join Type": "Right Semi", "Startup Cost": 2184974.13, "Total Cost": 2479823.85, "Plan Rows": 2000, "Plan Width": 51, "Inner Unique": false, "Hash Cond": "(lineitem.l_suppkey = supplier.s_suppkey)", "Plans": [{"Node Type": "Hash Join", "Parent Relationship": "Outer", "Join Type": "Inner", "Startup Cost": 2182390.78, "Total Cost": 2477220.49, "Plan Rows": 2, "Plan Width": 16, "Inner Unique": false, "Hash Cond": "((lineitem.l_partkey = partsupp.ps_partkey) AND (lineitem.l_suppkey = partsupp.ps_suppkey))", "Join Filter": "((partsupp.ps_availqty)::double precision > (.5::double precision * (sum(lineitem.l_quantity))))", "Plans": [{"Node Type": "Aggregate", "Strategy": "Hashed", "Parent Relationship": "Outer", "Startup Cost": 1956349.97, "Total Cost": 2069745.97, "Plan Rows": 9071680, "Plan Width": 40, "Group By Key": ["lineitem.l_partkey", "lineitem.l_suppkey"], "Plans": [{"Node Type": "Bitmap Heap Scan", "Parent Relationship": "Outer", "Relation Name": "lineitem", "Alias": "lineitem", "Startup Cost": 314312.97, "Total Cost": 1865633.17, "Plan Rows": 9071680, "Plan Width": 24, "Recheck Cond": "((l_shipdate >= '1993-01-01 00:00:00'::timestamp(0) without time zone) AND (l_shipdate < '1994-01-01 00:00:00'::timestamp without time zone)), (LLVM Optimized)", "Plans": [{"Node Type": "Bitmap Index Scan", "Parent Relationship": "Outer", "Index Name": "idx_lineitem_shipdate", "Startup Cost": 0.0, "Total Cost": 312045.05, "Plan Rows": 9071680, "Plan Width": 0, "Index Cond": "((l_shipdate >= '1993-01-01 00:00:00'::timestamp(0) without time zone) AND (l_shipdate < '1994-01-01 00:00:00'::timestamp without time zone))"}]}]}, {"Node Type": "Hash", "Parent Relationship": "Inner", "Startup Cost": 225072.53, "Total Cost": 225072.53, "Plan Rows": 64552, "Plan Width": 32, "Plans": [{"Node Type": "Nested Loop", "Parent Relationship": "Outer", "Join Type": "Inner", "Startup Cost": 0.0, "Total Cost": 225072.53, "Plan Rows": 64552, "Plan Width": 32, "Inner Unique": false, "Plans": [{"Node Type": "Seq Scan", "Parent Relationship": "Outer", "Relation Name": "part", "Alias": "part", "Startup Cost": 0.0, "Total Cost": 66944.0, "Plan Rows": 22472, "Plan Width": 8, "Filter": "((p_name)::text ~~ 'green%'::text)"}, {"Node Type": "Index Scan", "Parent Relationship": "Inner", "Scan Direction": "Forward", "Index Name": "idx_partsupp_partkey", "Relation Name": "partsupp", "Alias": "partsupp", "Startup Cost": 0.0, "Total Cost": 7.01, "Plan Rows": 3, "Plan Width": 24, "Index Cond": "(ps_partkey = part.p_partkey)"}]}]}]}, {"Node Type": "Hash", "Parent Relationship": "Inner", "Startup Cost": 2533.35, "Total Cost": 2533.35, "Plan Rows": 4000, "Plan Width": 59, "Plans": [{"Node Type": "Nested Loop", "Parent Relationship": "Outer", "Join Type": "Inner", "Startup Cost": 95.25, "Total Cost": 2533.35, "Plan Rows": 4000, "Plan Width": 59, "Inner Unique": false, "Plans": [{"Node Type": "Seq Scan", "Parent Relationship": "Outer", "Relation Name": "nation", "Alias": "nation", "Startup Cost": 0.0, "Total Cost": 1.31, "Plan Rows": 1, "Plan Width": 4, "Filter": "(n_name = 'ALGERIA'::bpchar)"}, {"Node Type": "Bitmap Heap Scan", "Parent Relationship": "Inner", "Relation Name": "supplier", "Alias": "supplier", "Startup Cost": 95.25, "Total Cost": 2492.04, "Plan Rows": 4000, "Plan Width": 63, "Recheck Cond": "(s_nationkey = nation.n_nationkey)", "Plans": [{"Node Type": "Bitmap Index Scan", "Parent Relationship": "Outer", "Index Name": "idx_supplier_nation_key", "Startup Cost": 0.0, "Total Cost": 94.25, "Plan Rows": 4000, "Plan Width": 0, "Index Cond": "(s_nationkey = nation.n_nationkey)"}]}]}]}]}]}, "Unique SQL Id": 202076520, "Planner Runtime": 2}, "explain_analyze_plan": {"Plan": {"Node Type": "Sort", "Startup Cost": 2479933.5, "Total Cost": 2479938.5, "Plan Rows": 2000, "Plan Width": 51, "Actual Startup Time": 25138.012, "Actual Total Time": 25138.284, "Actual Rows": 1746, "Actual Loops": 1, "Sort Key": ["supplier.s_name"], "Sort Method": "quicksort", "Sort Space Used": 309, "Sort Space Type": "Memory", "Plans": [{"Node Type": "Hash Join", "Parent Relationship": "Outer", "Join Type": "Right Semi", "Startup Cost": 2184974.13, "Total Cost": 2479823.85, "Plan Rows": 2000, "Plan Width": 51, "Actual Startup Time": 20735.079, "Actual Total Time": 25128.07, "Actual Rows": 1746, "Actual Loops": 1, "Inner Unique": false, "Hash Cond": "(lineitem.l_suppkey = supplier.s_suppkey)", "Plans": [{"Node Type": "Hash Join", "Parent Relationship": "Outer", "Join Type": "Inner", "Startup Cost": 2182390.78, "Total Cost": 2477220.49, "Plan Rows": 2, "Plan Width": 16, "Actual Startup Time": 20720.494, "Actual Total Time": 25102.58, "Actual Rows": 58537, "Actual Loops": 1, "Inner Unique": false, "Hash Cond": "((lineitem.l_partkey = partsupp.ps_partkey) AND (lineitem.l_suppkey = partsupp.ps_suppkey))", "Join Filter": "((partsupp.ps_availqty)::double precision > (.5::double precision * (sum(lineitem.l_quantity))))", "Rows Removed by Join Filter": 136, "Plans": [{"Node Type": "Aggregate", "Strategy": "Hashed", "Parent Relationship": "Outer", "Startup Cost": 1956349.97, "Total Cost": 2069745.97, "Plan Rows": 9071680, "Plan Width": 40, "Actual Startup Time": 19716.635, "Actual Total Time": 22538.491, "Actual Rows": 5442751, "Actual Loops": 1, "Group By Key": ["lineitem.l_partkey", "lineitem.l_suppkey"], "Plans": [{"Node Type": "Bitmap Heap Scan", "Parent Relationship": "Outer", "Relation Name": "lineitem", "Alias": "lineitem", "Startup Cost": 314312.97, "Total Cost": 1865633.17, "Plan Rows": 9071680, "Plan Width": 24, "Actual Startup Time": 4108.122, "Actual Total Time": 11626.576, "Actual Rows": 9109641, "Actual Loops": 1, "Recheck Cond": "((l_shipdate >= '1993-01-01 00:00:00'::timestamp(0) without time zone) AND (l_shipdate < '1994-01-01 00:00:00'::timestamp without time zone)), (LLVM Optimized, Jit Execute)", "Rows Removed by Index Recheck": 0, "Exact Heap Blocks": 1252335, "Lossy Heap Blocks": 1252335, "Plans": [{"Node Type": "Bitmap Index Scan", "Parent Relationship": "Outer", "Index Name": "idx_lineitem_shipdate", "Startup Cost": 0.0, "Total Cost": 312045.05, "Plan Rows": 9071680, "Plan Width": 0, "Actual Startup Time": 3494.488, "Actual Total Time": 3494.488, "Actual Rows": 9109641, "Actual Loops": 1, "Index Cond": "((l_shipdate >= '1993-01-01 00:00:00'::timestamp(0) without time zone) AND (l_shipdate < '1994-01-01 00:00:00'::timestamp without time zone))"}]}]}, {"Node Type": "Hash", "Parent Relationship": "Inner", "Startup Cost": 225072.53, "Total Cost": 225072.53, "Plan Rows": 64552, "Plan Width": 32, "Actual Startup Time": 1003.594, "Actual Total Time": 1003.594, "Actual Rows": 86224, "Actual Loops": 1, "Hash Buckets": 65536, "Hash Batches": 1, "Original Hash Batches": 1, "Peak Memory Usage": 5389, "Plans": [{"Node Type": "Nested Loop", "Parent Relationship": "Outer", "Join Type": "Inner", "Startup Cost": 0.0, "Total Cost": 225072.53, "Plan Rows": 64552, "Plan Width": 32, "Actual Startup Time": 0.084, "Actual Total Time": 970.318, "Actual Rows": 86224, "Actual Loops": 1, "Inner Unique": false, "Plans": [{"Node Type": "Seq Scan", "Parent Relationship": "Outer", "Relation Name": "part", "Alias": "part", "Startup Cost": 0.0, "Total Cost": 66944.0, "Plan Rows": 22472, "Plan Width": 8, "Actual Startup Time": 0.047, "Actual Total Time": 776.04, "Actual Rows": 21556, "Actual Loops": 1, "Filter": "((p_name)::text ~~ 'green%'::text)", "Rows Removed by Filter": 1978444}, {"Node Type": "Index Scan", "Parent Relationship": "Inner", "Scan Direction": "Forward", "Index Name": "idx_partsupp_partkey", "Relation Name": "partsupp", "Alias": "partsupp", "Startup Cost": 0.0, "Total Cost": 7.01, "Plan Rows": 3, "Plan Width": 24, "Actual Startup Time": 115.698, "Actual Total Time": 161.68, "Actual Rows": 86224, "Actual Loops": 21556, "Index Cond": "(ps_partkey = part.p_partkey)", "Rows Removed by Index Recheck": 0}]}]}]}, {"Node Type": "Hash", "Parent Relationship": "Inner", "Startup Cost": 2533.35, "Total Cost": 2533.35, "Plan Rows": 4000, "Plan Width": 59, "Actual Startup Time": 8.897, "Actual Total Time": 8.897, "Actual Rows": 3934, "Actual Loops": 1, "Hash Buckets": 32768, "Hash Batches": 1, "Original Hash Batches": 1, "Peak Memory Usage": 368, "Plans": [{"Node Type": "Nested Loop", "Parent Relationship": "Outer", "Join Type": "Inner", "Startup Cost": 95.25, "Total Cost": 2533.35, "Plan Rows": 4000, "Plan Width": 59, "Actual Startup Time": 1.262, "Actual Total Time": 7.491, "Actual Rows": 3934, "Actual Loops": 1, "Inner Unique": false, "Plans": [{"Node Type": "Seq Scan", "Parent Relationship": "Outer", "Relation Name": "nation", "Alias": "nation", "Startup Cost": 0.0, "Total Cost": 1.31, "Plan Rows": 1, "Plan Width": 4, "Actual Startup Time": 0.027, "Actual Total Time": 0.046, "Actual Rows": 1, "Actual Loops": 1, "Filter": "(n_name = 'ALGERIA'::bpchar)", "Rows Removed by Filter": 24}, {"Node Type": "Bitmap Heap Scan", "Parent Relationship": "Inner", "Relation Name": "supplier", "Alias": "supplier", "Startup Cost": 95.25, "Total Cost": 2492.04, "Plan Rows": 4000, "Plan Width": 63, "Actual Startup Time": 1.228, "Actual Total Time": 6.581, "Actual Rows": 3934, "Actual Loops": 1, "Recheck Cond": "(s_nationkey = nation.n_nationkey)", "Rows Removed by Index Recheck": 0, "Exact Heap Blocks": 1897, "Lossy Heap Blocks": 1897, "Plans": [{"Node Type": "Bitmap Index Scan", "Parent Relationship": "Outer", "Index Name": "idx_supplier_nation_key", "Startup Cost": 0.0, "Total Cost": 94.25, "Plan Rows": 4000, "Plan Width": 0, "Actual Startup Time": 0.93, "Actual Total Time": 0.93, "Actual Rows": 3934, "Actual Loops": 1, "Index Cond": "(s_nationkey = nation.n_nationkey)"}]}]}]}]}]}, "Triggers": [], "Planner Runtime": 2, "Total Runtime": 25149.915, "Unique SQL Id": 202076520}}, "(16, 101)": {"explain_plan": {"Plan": {"Node Type": "Sort", "Startup Cost": 2518804.13, "Total Cost": 2518809.13, "Plan Rows": 2000, "Plan Width": 51, "Sort Key": ["supplier.s_name"], "Plans": [{"Node Type": "Hash Join", "Parent Relationship": "Outer", "Join Type": "Right Semi", "Startup Cost": 2223844.76, "Total Cost": 2518694.47, "Plan Rows": 2000, "Plan Width": 51, "Inner Unique": false, "Hash Cond": "(lineitem.l_suppkey = supplier.s_suppkey)", "Plans": [{"Node Type": "Hash Join", "Parent Relationship": "Outer", "Join Type": "Inner", "Startup Cost": 2221250.03, "Total Cost": 2516079.74, "Plan Rows": 2, "Plan Width": 16, "Inner Unique": false, "Hash Cond": "((lineitem.l_partkey = partsupp.ps_partkey) AND (lineitem.l_suppkey = partsupp.ps_suppkey))", "Join Filter": "((partsupp.ps_availqty)::double precision > (.5::double precision * (sum(lineitem.l_quantity))))", "Plans": [{"Node Type": "Aggregate", "Strategy": "Hashed", "Parent Relationship": "Outer", "Startup Cost": 1956349.97, "Total Cost": 2069745.97, "Plan Rows": 9071680, "Plan Width": 40, "Group By Key": ["lineitem.l_partkey", "lineitem.l_suppkey"], "Plans": [{"Node Type": "Bitmap Heap Scan", "Parent Relationship": "Outer", "Relation Name": "lineitem", "Alias": "lineitem", "Startup Cost": 314312.97, "Total Cost": 1865633.17, "Plan Rows": 9071680, "Plan Width": 24, "Recheck Cond": "((l_shipdate >= '1993-01-01 00:00:00'::timestamp(0) without time zone) AND (l_shipdate < '1994-01-01 00:00:00'::timestamp without time zone)), (LLVM Optimized)", "Plans": [{"Node Type": "Bitmap Index Scan", "Parent Relationship": "Outer", "Index Name": "idx_lineitem_shipdate", "Startup Cost": 0.0, "Total Cost": 312045.05, "Plan Rows": 9071680, "Plan Width": 0, "Index Cond": "((l_shipdate >= '1993-01-01 00:00:00'::timestamp(0) without time zone) AND (l_shipdate < '1994-01-01 00:00:00'::timestamp without time zone))"}]}]}, {"Node Type": "Hash", "Parent Relationship": "Inner", "Startup Cost": 263931.78, "Total Cost": 263931.78, "Plan Rows": 64552, "Plan Width": 32, "Plans": [{"Node Type": "Nested Loop", "Parent Relationship": "Outer", "Join Type": "Inner", "Startup Cost": 0.0, "Total Cost": 263931.78, "Plan Rows": 64552, "Plan Width": 32, "Inner Unique": false, "Plans": [{"Node Type": "Index Scan", "Parent Relationship": "Outer", "Scan Direction": "Forward", "Index Name": "part_kpey", "Relation Name": "part", "Alias": "part", "Startup Cost": 0.0, "Total Cost": 105803.25, "Plan Rows": 22472, "Plan Width": 8, "Filter": "((p_name)::text ~~ 'green%'::text)"}, {"Node Type": "Index Scan", "Parent Relationship": "Inner", "Scan Direction": "Forward", "Index Name": "idx_partsupp_partkey", "Relation Name": "partsupp", "Alias": "partsupp", "Startup Cost": 0.0, "Total Cost": 7.01, "Plan Rows": 3, "Plan Width": 24, "Index Cond": "(ps_partkey = part.p_partkey)"}]}]}]}, {"Node Type": "Hash", "Parent Relationship": "Inner", "Startup Cost": 2544.73, "Total Cost": 2544.73, "Plan Rows": 4000, "Plan Width": 59, "Plans": [{"Node Type": "Nested Loop", "Parent Relationship": "Outer", "Join Type": "Inner", "Startup Cost": 95.25, "Total Cost": 2544.73, "Plan Rows": 4000, "Plan Width": 59, "Inner Unique": false, "Plans": [{"Node Type": "Index Scan", "Parent Relationship": "Outer", "Scan Direction": "Forward", "Index Name": "nation_pkey", "Relation Name": "nation", "Alias": "nation", "Startup Cost": 0.0, "Total Cost": 12.69, "Plan Rows": 1, "Plan Width": 4, "Filter": "(n_name = 'ALGERIA'::bpchar)"}, {"Node Type": "Bitmap Heap Scan", "Parent Relationship": "Inner", "Relation Name": "supplier", "Alias": "supplier", "Startup Cost": 95.25, "Total Cost": 2492.04, "Plan Rows": 4000, "Plan Width": 63, "Recheck Cond": "(s_nationkey = nation.n_nationkey)", "Plans": [{"Node Type": "Bitmap Index Scan", "Parent Relationship": "Outer", "Index Name": "idx_supplier_nation_key", "Startup Cost": 0.0, "Total Cost": 94.25, "Plan Rows": 4000, "Plan Width": 0, "Index Cond": "(s_nationkey = nation.n_nationkey)"}]}]}]}]}]}, "Unique SQL Id": 202076520, "Planner Runtime": 2}, "explain_analyze_plan": {"Plan": {"Node Type": "Sort", "Startup Cost": 2518804.13, "Total Cost": 2518809.13, "Plan Rows": 2000, "Plan Width": 51, "Actual Startup Time": 26463.796, "Actual Total Time": 26463.938, "Actual Rows": 1746, "Actual Loops": 1, "Sort Key": ["supplier.s_name"], "Sort Method": "quicksort", "Sort Space Used": 309, "Sort Space Type": "Memory", "Plans": [{"Node Type": "Hash Join", "Parent Relationship": "Outer", "Join Type": "Right Semi", "Startup Cost": 2223844.76, "Total Cost": 2518694.47, "Plan Rows": 2000, "Plan Width": 51, "Actual Startup Time": 21538.153, "Actual Total Time": 26453.923, "Actual Rows": 1746, "Actual Loops": 1, "Inner Unique": false, "Hash Cond": "(lineitem.l_suppkey = supplier.s_suppkey)", "Plans": [{"Node Type": "Hash Join", "Parent Relationship": "Outer", "Join Type": "Inner", "Startup Cost": 2221250.03, "Total Cost": 2516079.74, "Plan Rows": 2, "Plan Width": 16, "Actual Startup Time": 21523.772, "Actual Total Time": 26427.417, "Actual Rows": 58537, "Actual Loops": 1, "Inner Unique": false, "Hash Cond": "((lineitem.l_partkey = partsupp.ps_partkey) AND (lineitem.l_suppkey = partsupp.ps_suppkey))", "Join Filter": "((partsupp.ps_availqty)::double precision > (.5::double precision * (sum(lineitem.l_quantity))))", "Rows Removed by Join Filter": 136, "Plans": [{"Node Type": "Aggregate", "Strategy": "Hashed", "Parent Relationship": "Outer", "Startup Cost": 1956349.97, "Total Cost": 2069745.97, "Plan Rows": 9071680, "Plan Width": 40, "Actual Startup Time": 19815.801, "Actual Total Time": 23117.593, "Actual Rows": 5442751, "Actual Loops": 1, "Group By Key": ["lineitem.l_partkey", "lineitem.l_suppkey"], "Plans": [{"Node Type": "Bitmap Heap Scan", "Parent Relationship": "Outer", "Relation Name": "lineitem", "Alias": "lineitem", "Startup Cost": 314312.97, "Total Cost": 1865633.17, "Plan Rows": 9071680, "Plan Width": 24, "Actual Startup Time": 4089.336, "Actual Total Time": 11492.252, "Actual Rows": 9109641, "Actual Loops": 1, "Recheck Cond": "((l_shipdate >= '1993-01-01 00:00:00'::timestamp(0) without time zone) AND (l_shipdate < '1994-01-01 00:00:00'::timestamp without time zone)), (LLVM Optimized, Jit Execute)", "Rows Removed by Index Recheck": 0, "Exact Heap Blocks": 1252335, "Lossy Heap Blocks": 1252335, "Plans": [{"Node Type": "Bitmap Index Scan", "Parent Relationship": "Outer", "Index Name": "idx_lineitem_shipdate", "Startup Cost": 0.0, "Total Cost": 312045.05, "Plan Rows": 9071680, "Plan Width": 0, "Actual Startup Time": 3511.798, "Actual Total Time": 3511.798, "Actual Rows": 9109641, "Actual Loops": 1, "Index Cond": "((l_shipdate >= '1993-01-01 00:00:00'::timestamp(0) without time zone) AND (l_shipdate < '1994-01-01 00:00:00'::timestamp without time zone))"}]}]}, {"Node Type": "Hash", "Parent Relationship": "Inner", "Startup Cost": 263931.78, "Total Cost": 263931.78, "Plan Rows": 64552, "Plan Width": 32, "Actual Startup Time": 1707.758, "Actual Total Time": 1707.758, "Actual Rows": 86224, "Actual Loops": 1, "Hash Buckets": 65536, "Hash Batches": 1, "Original Hash Batches": 1, "Peak Memory Usage": 5389, "Plans": [{"Node Type": "Nested Loop", "Parent Relationship": "Outer", "Join Type": "Inner", "Startup Cost": 0.0, "Total Cost": 263931.78, "Plan Rows": 64552, "Plan Width": 32, "Actual Startup Time": 0.067, "Actual Total Time": 1670.549, "Actual Rows": 86224, "Actual Loops": 1, "Inner Unique": false, "Plans": [{"Node Type": "Index Scan", "Parent Relationship": "Outer", "Scan Direction": "Forward", "Index Name": "part_kpey", "Relation Name": "part", "Alias": "part", "Startup Cost": 0.0, "Total Cost": 105803.25, "Plan Rows": 22472, "Plan Width": 8, "Actual Startup Time": 0.052, "Actual Total Time": 1462.514, "Actual Rows": 21556, "Actual Loops": 1, "Filter": "((p_name)::text ~~ 'green%'::text)", "Rows Removed by Filter": 1978444}, {"Node Type": "Index Scan", "Parent Relationship": "Inner", "Scan Direction": "Forward", "Index Name": "idx_partsupp_partkey", "Relation Name": "partsupp", "Alias": "partsupp", "Startup Cost": 0.0, "Total Cost": 7.01, "Plan Rows": 3, "Plan Width": 24, "Actual Startup Time": 129.84, "Actual Total Time": 175.607, "Actual Rows": 86224, "Actual Loops": 21556, "Index Cond": "(ps_partkey = part.p_partkey)", "Rows Removed by Index Recheck": 0}]}]}]}, {"Node Type": "Hash", "Parent Relationship": "Inner", "Startup Cost": 2544.73, "Total Cost": 2544.73, "Plan Rows": 4000, "Plan Width": 59, "Actual Startup Time": 8.357, "Actual Total Time": 8.357, "Actual Rows": 3934, "Actual Loops": 1, "Hash Buckets": 32768, "Hash Batches": 1, "Original Hash Batches": 1, "Peak Memory Usage": 368, "Plans": [{"Node Type": "Nested Loop", "Parent Relationship": "Outer", "Join Type": "Inner", "Startup Cost": 95.25, "Total Cost": 2544.73, "Plan Rows": 4000, "Plan Width": 59, "Actual Startup Time": 0.962, "Actual Total Time": 7.029, "Actual Rows": 3934, "Actual Loops": 1, "Inner Unique": false, "Plans": [{"Node Type": "Index Scan", "Parent Relationship": "Outer", "Scan Direction": "Forward", "Index Name": "nation_pkey", "Relation Name": "nation", "Alias": "nation", "Startup Cost": 0.0, "Total Cost": 12.69, "Plan Rows": 1, "Plan Width": 4, "Actual Startup Time": 0.021, "Actual Total Time": 0.043, "Actual Rows": 1, "Actual Loops": 1, "Filter": "(n_name = 'ALGERIA'::bpchar)", "Rows Removed by Filter": 24}, {"Node Type": "Bitmap Heap Scan", "Parent Relationship": "Inner", "Relation Name": "supplier", "Alias": "supplier", "Startup Cost": 95.25, "Total Cost": 2492.04, "Plan Rows": 4000, "Plan Width": 63, "Actual Startup Time": 0.934, "Actual Total Time": 6.131, "Actual Rows": 3934, "Actual Loops": 1, "Recheck Cond": "(s_nationkey = nation.n_nationkey)", "Rows Removed by Index Recheck": 0, "Exact Heap Blocks": 1897, "Lossy Heap Blocks": 1897, "Plans": [{"Node Type": "Bitmap Index Scan", "Parent Relationship": "Outer", "Index Name": "idx_supplier_nation_key", "Startup Cost": 0.0, "Total Cost": 94.25, "Plan Rows": 4000, "Plan Width": 0, "Actual Startup Time": 0.635, "Actual Total Time": 0.635, "Actual Rows": 3934, "Actual Loops": 1, "Index Cond": "(s_nationkey = nation.n_nationkey)"}]}]}]}]}]}, "Triggers": [], "Planner Runtime": 2, "Total Runtime": 26475.342, "Unique SQL Id": 202076520}}, "(16, 102)": {"explain_plan": {"Plan": {"Node Type": "Sort", "Startup Cost": 2612723.68, "Total Cost": 2612728.68, "Plan Rows": 2000, "Plan Width": 51, "Sort Key": ["supplier.s_name"], "Plans": [{"Node Type": "Hash Join", "Parent Relationship": "Outer", "Join Type": "Right Semi", "Startup Cost": 2317764.31, "Total Cost": 2612614.02, "Plan Rows": 2000, "Plan Width": 51, "Inner Unique": false, "Hash Cond": "(lineitem.l_suppkey = supplier.s_suppkey)", "Plans": [{"Node Type": "Hash Join", "Parent Relationship": "Outer", "Join Type": "Inner", "Startup Cost": 2315180.96, "Total Cost": 2610010.67, "Plan Rows": 2, "Plan Width": 16, "Inner Unique": false, "Hash Cond": "((lineitem.l_partkey = partsupp.ps_partkey) AND (lineitem.l_suppkey = partsupp.ps_suppkey))", "Join Filter": "((partsupp.ps_availqty)::double precision > (.5::double precision * (sum(lineitem.l_quantity))))", "Plans": [{"Node Type": "Aggregate", "Strategy": "Hashed", "Parent Relationship": "Outer", "Startup Cost": 1956349.97, "Total Cost": 2069745.97, "Plan Rows": 9071680, "Plan Width": 40, "Group By Key": ["lineitem.l_partkey", "lineitem.l_suppkey"], "Plans": [{"Node Type": "Bitmap Heap Scan", "Parent Relationship": "Outer", "Relation Name": "lineitem", "Alias": "lineitem", "Startup Cost": 314312.97, "Total Cost": 1865633.17, "Plan Rows": 9071680, "Plan Width": 24, "Recheck Cond": "((l_shipdate >= '1993-01-01 00:00:00'::timestamp(0) without time zone) AND (l_shipdate < '1994-01-01 00:00:00'::timestamp without time zone)), (LLVM Optimized)", "Plans": [{"Node Type": "Bitmap Index Scan", "Parent Relationship": "Outer", "Index Name": "idx_lineitem_shipdate", "Startup Cost": 0.0, "Total Cost": 312045.05, "Plan Rows": 9071680, "Plan Width": 0, "Index Cond": "((l_shipdate >= '1993-01-01 00:00:00'::timestamp(0) without time zone) AND (l_shipdate < '1994-01-01 00:00:00'::timestamp without time zone))"}]}]}, {"Node Type": "Hash", "Parent Relationship": "Inner", "Startup Cost": 357862.71, "Total Cost": 357862.71, "Plan Rows": 64552, "Plan Width": 32, "Plans": [{"Node Type": "Hash Join", "Parent Relationship": "Outer", "Join Type": "Inner", "Startup Cost": 67224.9, "Total Cost": 357862.71, "Plan Rows": 64552, "Plan Width": 32, "Inner Unique": true, "Hash Cond": "(partsupp.ps_partkey = part.p_partkey)", "Plans": [{"Node Type": "Seq Scan", "Parent Relationship": "Outer", "Relation Name": "partsupp", "Alias": "partsupp", "Startup Cost": 0.0, "Total Cost": 269987.72, "Plan Rows": 8000372, "Plan Width": 24}, {"Node Type": "Hash", "Parent Relationship": "Inner", "Startup Cost": 66944.0, "Total Cost": 66944.0, "Plan Rows": 22472, "Plan Width": 8, "Plans": [{"Node Type": "Seq Scan", "Parent Relationship": "Outer", "Relation Name": "part", "Alias": "part", "Startup Cost": 0.0, "Total Cost": 66944.0, "Plan Rows": 22472, "Plan Width": 8, "Filter": "((p_name)::text ~~ 'green%'::text)"}]}]}]}]}, {"Node Type": "Hash", "Parent Relationship": "Inner", "Startup Cost": 2533.35, "Total Cost": 2533.35, "Plan Rows": 4000, "Plan Width": 59, "Plans": [{"Node Type": "Nested Loop", "Parent Relationship": "Outer", "Join Type": "Inner", "Startup Cost": 95.25, "Total Cost": 2533.35, "Plan Rows": 4000, "Plan Width": 59, "Inner Unique": false, "Plans": [{"Node Type": "Seq Scan", "Parent Relationship": "Outer", "Relation Name": "nation", "Alias": "nation", "Startup Cost": 0.0, "Total Cost": 1.31, "Plan Rows": 1, "Plan Width": 4, "Filter": "(n_name = 'ALGERIA'::bpchar)"}, {"Node Type": "Bitmap Heap Scan", "Parent Relationship": "Inner", "Relation Name": "supplier", "Alias": "supplier", "Startup Cost": 95.25, "Total Cost": 2492.04, "Plan Rows": 4000, "Plan Width": 63, "Recheck Cond": "(s_nationkey = nation.n_nationkey)", "Plans": [{"Node Type": "Bitmap Index Scan", "Parent Relationship": "Outer", "Index Name": "idx_supplier_nation_key", "Startup Cost": 0.0, "Total Cost": 94.25, "Plan Rows": 4000, "Plan Width": 0, "Index Cond": "(s_nationkey = nation.n_nationkey)"}]}]}]}]}]}, "Unique SQL Id": 202076520, "Planner Runtime": 2}, "explain_analyze_plan": {"Plan": {"Node Type": "Sort", "Startup Cost": 2612723.68, "Total Cost": 2612728.68, "Plan Rows": 2000, "Plan Width": 51, "Actual Startup Time": 28879.579, "Actual Total Time": 28879.734, "Actual Rows": 1746, "Actual Loops": 1, "Sort Key": ["supplier.s_name"], "Sort Method": "quicksort", "Sort Space Used": 309, "Sort Space Type": "Memory", "Plans": [{"Node Type": "Hash Join", "Parent Relationship": "Outer", "Join Type": "Right Semi", "Startup Cost": 2317764.31, "Total Cost": 2612614.02, "Plan Rows": 2000, "Plan Width": 51, "Actual Startup Time": 24017.84, "Actual Total Time": 28869.771, "Actual Rows": 1746, "Actual Loops": 1, "Inner Unique": false, "Hash Cond": "(lineitem.l_suppkey = supplier.s_suppkey)", "Plans": [{"Node Type": "Hash Join", "Parent Relationship": "Outer", "Join Type": "Inner", "Startup Cost": 2315180.96, "Total Cost": 2610010.67, "Plan Rows": 2, "Plan Width": 16, "Actual Startup Time": 24003.117, "Actual Total Time": 28842.66, "Actual Rows": 58537, "Actual Loops": 1, "Inner Unique": false, "Hash Cond": "((lineitem.l_partkey = partsupp.ps_partkey) AND (lineitem.l_suppkey = partsupp.ps_suppkey))", "Join Filter": "((partsupp.ps_availqty)::double precision > (.5::double precision * (sum(lineitem.l_quantity))))", "Rows Removed by Join Filter": 136, "Plans": [{"Node Type": "Aggregate", "Strategy": "Hashed", "Parent Relationship": "Outer", "Startup Cost": 1956349.97, "Total Cost": 2069745.97, "Plan Rows": 9071680, "Plan Width": 40, "Actual Startup Time": 19211.605, "Actual Total Time": 22487.983, "Actual Rows": 5442751, "Actual Loops": 1, "Group By Key": ["lineitem.l_partkey", "lineitem.l_suppkey"], "Plans": [{"Node Type": "Bitmap Heap Scan", "Parent Relationship": "Outer", "Relation Name": "lineitem", "Alias": "lineitem", "Startup Cost": 314312.97, "Total Cost": 1865633.17, "Plan Rows": 9071680, "Plan Width": 24, "Actual Startup Time": 4085.442, "Actual Total Time": 11771.462, "Actual Rows": 9109641, "Actual Loops": 1, "Recheck Cond": "((l_shipdate >= '1993-01-01 00:00:00'::timestamp(0) without time zone) AND (l_shipdate < '1994-01-01 00:00:00'::timestamp without time zone)), (LLVM Optimized, Jit Execute)", "Rows Removed by Index Recheck": 0, "Exact Heap Blocks": 1252335, "Lossy Heap Blocks": 1252335, "Plans": [{"Node Type": "Bitmap Index Scan", "Parent Relationship": "Outer", "Index Name": "idx_lineitem_shipdate", "Startup Cost": 0.0, "Total Cost": 312045.05, "Plan Rows": 9071680, "Plan Width": 0, "Actual Startup Time": 3506.124, "Actual Total Time": 3506.124, "Actual Rows": 9109641, "Actual Loops": 1, "Index Cond": "((l_shipdate >= '1993-01-01 00:00:00'::timestamp(0) without time zone) AND (l_shipdate < '1994-01-01 00:00:00'::timestamp without time zone))"}]}]}, {"Node Type": "Hash", "Parent Relationship": "Inner", "Startup Cost": 357862.71, "Total Cost": 357862.71, "Plan Rows": 64552, "Plan Width": 32, "Actual Startup Time": 4790.991, "Actual Total Time": 4790.991, "Actual Rows": 86224, "Actual Loops": 1, "Hash Buckets": 65536, "Hash Batches": 1, "Original Hash Batches": 1, "Peak Memory Usage": 5389, "Plans": [{"Node Type": "Hash Join", "Parent Relationship": "Outer", "Join Type": "Inner", "Startup Cost": 67224.9, "Total Cost": 357862.71, "Plan Rows": 64552, "Plan Width": 32, "Actual Startup Time": 774.185, "Actual Total Time": 4747.908, "Actual Rows": 86224, "Actual Loops": 1, "Inner Unique": true, "Hash Cond": "(partsupp.ps_partkey = part.p_partkey)", "Plans": [{"Node Type": "Seq Scan", "Parent Relationship": "Outer", "Relation Name": "partsupp", "Alias": "partsupp", "Startup Cost": 0.0, "Total Cost": 269987.72, "Plan Rows": 8000372, "Plan Width": 24, "Actual Startup Time": 0.016, "Actual Total Time": 2421.427, "Actual Rows": 8000000, "Actual Loops": 1}, {"Node Type": "Hash", "Parent Relationship": "Inner", "Startup Cost": 66944.0, "Total Cost": 66944.0, "Plan Rows": 22472, "Plan Width": 8, "Actual Startup Time": 774.026, "Actual Total Time": 774.026, "Actual Rows": 21556, "Actual Loops": 1, "Hash Buckets": 32768, "Hash Batches": 1, "Original Hash Batches": 1, "Peak Memory Usage": 843, "Plans": [{"Node Type": "Seq Scan", "Parent Relationship": "Outer", "Relation Name": "part", "Alias": "part", "Startup Cost": 0.0, "Total Cost": 66944.0, "Plan Rows": 22472, "Plan Width": 8, "Actual Startup Time": 0.032, "Actual Total Time": 766.58, "Actual Rows": 21556, "Actual Loops": 1, "Filter": "((p_name)::text ~~ 'green%'::text)", "Rows Removed by Filter": 1978444}]}]}]}]}, {"Node Type": "Hash", "Parent Relationship": "Inner", "Startup Cost": 2533.35, "Total Cost": 2533.35, "Plan Rows": 4000, "Plan Width": 59, "Actual Startup Time": 8.34, "Actual Total Time": 8.34, "Actual Rows": 3934, "Actual Loops": 1, "Hash Buckets": 32768, "Hash Batches": 1, "Original Hash Batches": 1, "Peak Memory Usage": 368, "Plans": [{"Node Type": "Nested Loop", "Parent Relationship": "Outer", "Join Type": "Inner", "Startup Cost": 95.25, "Total Cost": 2533.35, "Plan Rows": 4000, "Plan Width": 59, "Actual Startup Time": 0.972, "Actual Total Time": 6.997, "Actual Rows": 3934, "Actual Loops": 1, "Inner Unique": false, "Plans": [{"Node Type": "Seq Scan", "Parent Relationship": "Outer", "Relation Name": "nation", "Alias": "nation", "Startup Cost": 0.0, "Total Cost": 1.31, "Plan Rows": 1, "Plan Width": 4, "Actual Startup Time": 0.026, "Actual Total Time": 0.039, "Actual Rows": 1, "Actual Loops": 1, "Filter": "(n_name = 'ALGERIA'::bpchar)", "Rows Removed by Filter": 24}, {"Node Type": "Bitmap Heap Scan", "Parent Relationship": "Inner", "Relation Name": "supplier", "Alias": "supplier", "Startup Cost": 95.25, "Total Cost": 2492.04, "Plan Rows": 4000, "Plan Width": 63, "Actual Startup Time": 0.939, "Actual Total Time": 6.109, "Actual Rows": 3934, "Actual Loops": 1, "Recheck Cond": "(s_nationkey = nation.n_nationkey)", "Rows Removed by Index Recheck": 0, "Exact Heap Blocks": 1897, "Lossy Heap Blocks": 1897, "Plans": [{"Node Type": "Bitmap Index Scan", "Parent Relationship": "Outer", "Index Name": "idx_supplier_nation_key", "Startup Cost": 0.0, "Total Cost": 94.25, "Plan Rows": 4000, "Plan Width": 0, "Actual Startup Time": 0.636, "Actual Total Time": 0.636, "Actual Rows": 3934, "Actual Loops": 1, "Index Cond": "(s_nationkey = nation.n_nationkey)"}]}]}]}]}]}, "Triggers": [], "Planner Runtime": 2, "Total Runtime": 28890.822, "Unique SQL Id": 202076520}}, "(16, 103)": {"explain_plan": {"Plan": {"Node Type": "Sort", "Startup Cost": 41474309.17, "Total Cost": 41474314.17, "Plan Rows": 2000, "Plan Width": 51, "Sort Key": ["supplier.s_name"], "Plans": [{"Node Type": "Nested Loop", "Parent Relationship": "Outer", "Join Type": "Inner", "Startup Cost": 41260049.96, "Total Cost": 41474199.51, "Plan Rows": 2000, "Plan Width": 51, "Inner Unique": true, "Plans": [{"Node Type": "Nested Loop", "Parent Relationship": "Outer", "Join Type": "Inner", "Startup Cost": 41260049.7, "Total Cost": 41260058.01, "Plan Rows": 50000, "Plan Width": 55, "Inner Unique": true, "Plans": [{"Node Type": "Unique", "Parent Relationship": "Outer", "Startup Cost": 41260049.44, "Total Cost": 41260049.45, "Plan Rows": 2, "Plan Width": 16, "Plans": [{"Node Type": "Sort", "Parent Relationship": "Outer", "Startup Cost": 41260049.44, "Total Cost": 41260049.45, "Plan Rows": 2, "Plan Width": 16, "Sort Key": ["partsupp.ps_suppkey"], "Plans": [{"Node Type": "Nested Loop", "Parent Relationship": "Outer", "Join Type": "Semi", "Startup Cost": 1956350.51, "Total Cost": 41260049.43, "Plan Rows": 2, "Plan Width": 16, "Inner Unique": false, "Join Filter": "(partsupp.ps_partkey = part.p_partkey)", "Plans": [{"Node Type": "Nested Loop", "Parent Relationship": "Outer", "Join Type": "Inner", "Startup Cost": 1956350.25, "Total Cost": 41259981.09, "Plan Rows": 15, "Plan Width": 32, "Inner Unique": true, "Plans": [{"Node Type": "Aggregate", "Strategy": "Hashed", "Parent Relationship": "Outer", "Startup Cost": 1956349.97, "Total Cost": 2069745.97, "Plan Rows": 9071680, "Plan Width": 40, "Group By Key": ["lineitem.l_partkey", "lineitem.l_suppkey"], "Plans": [{"Node Type": "Bitmap Heap Scan", "Parent Relationship": "Outer", "Relation Name": "lineitem", "Alias": "lineitem", "Startup Cost": 314312.97, "Total Cost": 1865633.17, "Plan Rows": 9071680, "Plan Width": 24, "Recheck Cond": "((l_shipdate >= '1993-01-01 00:00:00'::timestamp(0) without time zone) AND (l_shipdate < '1994-01-01 00:00:00'::timestamp without time zone)), (LLVM Optimized)", "Plans": [{"Node Type": "Bitmap Index Scan", "Parent Relationship": "Outer", "Index Name": "idx_lineitem_shipdate", "Startup Cost": 0.0, "Total Cost": 312045.05, "Plan Rows": 9071680, "Plan Width": 0, "Index Cond": "((l_shipdate >= '1993-01-01 00:00:00'::timestamp(0) without time zone) AND (l_shipdate < '1994-01-01 00:00:00'::timestamp without time zone))"}]}]}, {"Node Type": "Bitmap Heap Scan", "Parent Relationship": "Inner", "Relation Name": "partsupp", "Alias": "partsupp", "Startup Cost": 0.28, "Total Cost": 4.3, "Plan Rows": 1, "Plan Width": 24, "Recheck Cond": "((ps_partkey = lineitem.l_partkey) AND (ps_suppkey = lineitem.l_suppkey))", "Filter": "((ps_availqty)::double precision > (.5::double precision * (sum(lineitem.l_quantity))))", "Plans": [{"Node Type": "Bitmap Index Scan", "Parent Relationship": "Outer", "Index Name": "partsupp_pkey", "Startup Cost": 0.0, "Total Cost": 0.28, "Plan Rows": 1, "Plan Width": 0, "Index Cond": "((ps_partkey = lineitem.l_partkey) AND (ps_suppkey = lineitem.l_suppkey))"}]}]}, {"Node Type": "Bitmap Heap Scan", "Parent Relationship": "Inner", "Relation Name": "part", "Alias": "part", "Startup Cost": 0.26, "Total Cost": 4.28, "Plan Rows": 1, "Plan Width": 8, "Recheck Cond": "(p_partkey = lineitem.l_partkey)", "Filter": "((p_name)::text ~~ 'green%'::text)", "Plans": [{"Node Type": "Bitmap Index Scan", "Parent Relationship": "Outer", "Index Name": "part_kpey", "Startup Cost": 0.0, "Total Cost": 0.26, "Plan Rows": 1, "Plan Width": 0, "Index Cond": "(p_partkey = lineitem.l_partkey)"}]}]}]}]}, {"Node Type": "Bitmap Heap Scan", "Parent Relationship": "Inner", "Relation Name": "supplier", "Alias": "supplier", "Startup Cost": 0.26, "Total Cost": 4.27, "Plan Rows": 1, "Plan Width": 63, "Recheck Cond": "(s_suppkey = lineitem.l_suppkey)", "Plans": [{"Node Type": "Bitmap Index Scan", "Parent Relationship": "Outer", "Index Name": "supplier_pkey", "Startup Cost": 0.0, "Total Cost": 0.26, "Plan Rows": 1, "Plan Width": 0, "Index Cond": "(s_suppkey = lineitem.l_suppkey)"}]}]}, {"Node Type": "Bitmap Heap Scan", "Parent Relationship": "Inner", "Relation Name": "nation", "Alias": "nation", "Startup Cost": 0.26, "Total Cost": 4.27, "Plan Rows": 1, "Plan Width": 4, "Recheck Cond": "(n_nationkey = supplier.s_nationkey)", "Filter": "(n_name = 'ALGERIA'::bpchar)", "Plans": [{"Node Type": "Bitmap Index Scan", "Parent Relationship": "Outer", "Index Name": "nation_pkey", "Startup Cost": 0.0, "Total Cost": 0.26, "Plan Rows": 1, "Plan Width": 0, "Index Cond": "(n_nationkey = supplier.s_nationkey)"}]}]}]}, "Unique SQL Id": 202076520, "Planner Runtime": 2}, "explain_analyze_plan": {"Plan": {"Node Type": "Sort", "Startup Cost": 41474309.17, "Total Cost": 41474314.17, "Plan Rows": 2000, "Plan Width": 51, "Actual Startup Time": 128888.36, "Actual Total Time": 128888.508, "Actual Rows": 1746, "Actual Loops": 1, "Sort Key": ["supplier.s_name"], "Sort Method": "quicksort", "Sort Space Used": 309, "Sort Space Type": "Memory", "Plans": [{"Node Type": "Nested Loop", "Parent Relationship": "Outer", "Join Type": "Inner", "Startup Cost": 41260049.96, "Total Cost": 41474199.51, "Plan Rows": 2000, "Plan Width": 51, "Actual Startup Time": 128475.92, "Actual Total Time": 128886.43, "Actual Rows": 1746, "Actual Loops": 1, "Inner Unique": true, "Plans": [{"Node Type": "Nested Loop", "Parent Relationship": "Outer", "Join Type": "Inner", "Startup Cost": 41260049.7, "Total Cost": 41260058.01, "Plan Rows": 50000, "Plan Width": 55, "Actual Startup Time": 128475.528, "Actual Total Time": 128715.763, "Actual Rows": 44487, "Actual Loops": 1, "Inner Unique": true, "Plans": [{"Node Type": "Unique", "Parent Relationship": "Outer", "Startup Cost": 41260049.44, "Total Cost": 41260049.45, "Plan Rows": 2, "Plan Width": 16, "Actual Startup Time": 128475.469, "Actual Total Time": 128506.031, "Actual Rows": 44487, "Actual Loops": 1, "Plans": [{"Node Type": "Sort", "Parent Relationship": "Outer", "Startup Cost": 41260049.44, "Total Cost": 41260049.45, "Plan Rows": 2, "Plan Width": 16, "Actual Startup Time": 128475.464, "Actual Total Time": 128488.423, "Actual Rows": 58537, "Actual Loops": 1, "Sort Key": ["partsupp.ps_suppkey"], "Sort Method": "quicksort", "Sort Space Used": 7024, "Sort Space Type": "Memory", "Plans": [{"Node Type": "Nested Loop", "Parent Relationship": "Outer", "Join Type": "Semi", "Startup Cost": 1956350.51, "Total Cost": 41260049.43, "Plan Rows": 2, "Plan Width": 16, "Actual Startup Time": 19211.651, "Actual Total Time": 128395.823, "Actual Rows": 58537, "Actual Loops": 1, "Inner Unique": false, "Join Filter": "(partsupp.ps_partkey = part.p_partkey)", "Rows Removed by Join Filter": 0, "Plans": [{"Node Type": "Nested Loop", "Parent Relationship": "Outer", "Join Type": "Inner", "Startup Cost": 1956350.25, "Total Cost": 41259981.09, "Plan Rows": 15, "Plan Width": 32, "Actual Startup Time": 19211.227, "Actual Total Time": 79847.531, "Actual Rows": 5431247, "Actual Loops": 1, "Inner Unique": true, "Plans": [{"Node Type": "Aggregate", "Strategy": "Hashed", "Parent Relationship": "Outer", "Startup Cost": 1956349.97, "Total Cost": 2069745.97, "Plan Rows": 9071680, "Plan Width": 40, "Actual Startup Time": 19211.091, "Actual Total Time": 24301.465, "Actual Rows": 5442751, "Actual Loops": 1, "Group By Key": ["lineitem.l_partkey", "lineitem.l_suppkey"], "Plans": [{"Node Type": "Bitmap Heap Scan", "Parent Relationship": "Outer", "Relation Name": "lineitem", "Alias": "lineitem", "Startup Cost": 314312.97, "Total Cost": 1865633.17, "Plan Rows": 9071680, "Plan Width": 24, "Actual Startup Time": 4429.203, "Actual Total Time": 12148.373, "Actual Rows": 9109641, "Actual Loops": 1, "Recheck Cond": "((l_shipdate >= '1993-01-01 00:00:00'::timestamp(0) without time zone) AND (l_shipdate < '1994-01-01 00:00:00'::timestamp without time zone)), (LLVM Optimized, Jit Execute)", "Rows Removed by Index Recheck": 0, "Exact Heap Blocks": 1252335, "Lossy Heap Blocks": 1252335, "Plans": [{"Node Type": "Bitmap Index Scan", "Parent Relationship": "Outer", "Index Name": "idx_lineitem_shipdate", "Startup Cost": 0.0, "Total Cost": 312045.05, "Plan Rows": 9071680, "Plan Width": 0, "Actual Startup Time": 3725.891, "Actual Total Time": 3725.891, "Actual Rows": 9109641, "Actual Loops": 1, "Index Cond": "((l_shipdate >= '1993-01-01 00:00:00'::timestamp(0) without time zone) AND (l_shipdate < '1994-01-01 00:00:00'::timestamp without time zone))"}]}]}, {"Node Type": "Bitmap Heap Scan", "Parent Relationship": "Inner", "Relation Name": "partsupp", "Alias": "partsupp", "Startup Cost": 0.28, "Total Cost": 4.3, "Plan Rows": 1, "Plan Width": 24, "Actual Startup Time": 47744.0, "Actual Total Time": 47744.0, "Actual Rows": 5431247, "Actual Loops": 5442751, "Recheck Cond": "((ps_partkey = lineitem.l_partkey) AND (ps_suppkey = lineitem.l_suppkey))", "Rows Removed by Index Recheck": 0, "Filter": "((ps_availqty)::double precision > (.5::double precision * (sum(lineitem.l_quantity))))", "Rows Removed by Filter": 11504, "Exact Heap Blocks": 5442751, "Lossy Heap Blocks": 5442751, "Plans": [{"Node Type": "Bitmap Index Scan", "Parent Relationship": "Outer", "Index Name": "partsupp_pkey", "Startup Cost": 0.0, "Total Cost": 0.28, "Plan Rows": 1, "Plan Width": 0, "Actual Startup Time": 28969.237, "Actual Total Time": 28969.237, "Actual Rows": 5442751, "Actual Loops": 5442751, "Index Cond": "((ps_partkey = lineitem.l_partkey) AND (ps_suppkey = lineitem.l_suppkey))"}]}]}, {"Node Type": "Bitmap Heap Scan", "Parent Relationship": "Inner", "Relation Name": "part", "Alias": "part", "Startup Cost": 0.26, "Total Cost": 4.28, "Plan Rows": 1, "Plan Width": 8, "Actual Startup Time": 42398.618, "Actual Total Time": 42398.618, "Actual Rows": 58537, "Actual Loops": 5431247, "Recheck Cond": "(p_partkey = lineitem.l_partkey)", "Rows Removed by Index Recheck": 0, "Filter": "((p_name)::text ~~ 'green%'::text)", "Rows Removed by Filter": 5372710, "Exact Heap Blocks": 5431247, "Lossy Heap Blocks": 5431247, "Plans": [{"Node Type": "Bitmap Index Scan", "Parent Relationship": "Outer", "Index Name": "part_kpey", "Startup Cost": 0.0, "Total Cost": 0.26, "Plan Rows": 1, "Plan Width": 0, "Actual Startup Time": 24845.499, "Actual Total Time": 24845.499, "Actual Rows": 5431247, "Actual Loops": 5431247, "Index Cond": "(p_partkey = lineitem.l_partkey)"}]}]}]}]}, {"Node Type": "Bitmap Heap Scan", "Parent Relationship": "Inner", "Relation Name": "supplier", "Alias": "supplier", "Startup Cost": 0.26, "Total Cost": 4.27, "Plan Rows": 1, "Plan Width": 63, "Actual Startup Time": 150.562, "Actual Total Time": 150.562, "Actual Rows": 44487, "Actual Loops": 44487, "Recheck Cond": "(s_suppkey = lineitem.l_suppkey)", "Rows Removed by Index Recheck": 0, "Exact Heap Blocks": 44487, "Lossy Heap Blocks": 44487, "Plans": [{"Node Type": "Bitmap Index Scan", "Parent Relationship": "Outer", "Index Name": "supplier_pkey", "Startup Cost": 0.0, "Total Cost": 0.26, "Plan Rows": 1, "Plan Width": 0, "Actual Startup Time": 82.325, "Actual Total Time": 82.325, "Actual Rows": 44487, "Actual Loops": 44487, "Index Cond": "(s_suppkey = lineitem.l_suppkey)"}]}]}, {"Node Type": "Bitmap Heap Scan", "Parent Relationship": "Inner", "Relation Name": "nation", "Alias": "nation", "Startup Cost": 0.26, "Total Cost": 4.27, "Plan Rows": 1, "Plan Width": 4, "Actual Startup Time": 120.985, "Actual Total Time": 120.985, "Actual Rows": 1746, "Actual Loops": 44487, "Recheck Cond": "(n_nationkey = supplier.s_nationkey)", "Rows Removed by Index Recheck": 0, "Filter": "(n_name = 'ALGERIA'::bpchar)", "Rows Removed by Filter": 42741, "Exact Heap Blocks": 44487, "Lossy Heap Blocks": 44487, "Plans": [{"Node Type": "Bitmap Index Scan", "Parent Relationship": "Outer", "Index Name": "nation_pkey", "Startup Cost": 0.0, "Total Cost": 0.26, "Plan Rows": 1, "Plan Width": 0, "Actual Startup Time": 44.911, "Actual Total Time": 44.911, "Actual Rows": 44487, "Actual Loops": 44487, "Index Cond": "(n_nationkey = supplier.s_nationkey)"}]}]}]}, "Triggers": [], "Planner Runtime": 1, "Total Runtime": 128900.171, "Unique SQL Id": 202076520}}, "(16, 104)": {"explain_plan": {"Plan": {"Node Type": "Sort", "Startup Cost": 2930392.43, "Total Cost": 2930397.43, "Plan Rows": 2000, "Plan Width": 51, "Sort Key": ["supplier.s_name"], "Plans": [{"Node Type": "Hash Join", "Parent Relationship": "Outer", "Join Type": "Right Semi", "Startup Cost": 2635433.06, "Total Cost": 2930282.77, "Plan Rows": 2000, "Plan Width": 51, "Inner Unique": false, "Hash Cond": "(lineitem.l_suppkey = supplier.s_suppkey)", "Plans": [{"Node Type": "Hash Join", "Parent Relationship": "Outer", "Join Type": "Inner", "Startup Cost": 2631808.11, "Total Cost": 2926637.81, "Plan Rows": 2, "Plan Width": 16, "Inner Unique": false, "Hash Cond": "((lineitem.l_partkey = partsupp.ps_partkey) AND (lineitem.l_suppkey = partsupp.ps_suppkey))", "Join Filter": "((partsupp.ps_availqty)::double precision > (.5::double precision * (sum(lineitem.l_quantity))))", "Plans": [{"Node Type": "Aggregate", "Strategy": "Hashed", "Parent Relationship": "Outer", "Startup Cost": 2405767.29, "Total Cost": 2519163.29, "Plan Rows": 9071680, "Plan Width": 40, "Group By Key": ["lineitem.l_partkey", "lineitem.l_suppkey"], "Plans": [{"Node Type": "Seq Scan", "Parent Relationship": "Outer", "Relation Name": "lineitem", "Alias": "lineitem", "Startup Cost": 119.57, "Total Cost": 2315050.5, "Plan Rows": 9071680, "Plan Width": 24, "Filter": "((l_shipdate >= '1993-01-01 00:00:00'::timestamp(0) without time zone) AND (l_shipdate < '1994-01-01 00:00:00'::timestamp without time zone)), (LLVM Optimized)"}]}, {"Node Type": "Hash", "Parent Relationship": "Inner", "Startup Cost": 225072.53, "Total Cost": 225072.53, "Plan Rows": 64552, "Plan Width": 32, "Plans": [{"Node Type": "Nested Loop", "Parent Relationship": "Outer", "Join Type": "Inner", "Startup Cost": 0.0, "Total Cost": 225072.53, "Plan Rows": 64552, "Plan Width": 32, "Inner Unique": false, "Plans": [{"Node Type": "Seq Scan", "Parent Relationship": "Outer", "Relation Name": "part", "Alias": "part", "Startup Cost": 0.0, "Total Cost": 66944.0, "Plan Rows": 22472, "Plan Width": 8, "Filter": "((p_name)::text ~~ 'green%'::text)"}, {"Node Type": "Index Scan", "Parent Relationship": "Inner", "Scan Direction": "Forward", "Index Name": "idx_partsupp_partkey", "Relation Name": "partsupp", "Alias": "partsupp", "Startup Cost": 0.0, "Total Cost": 7.01, "Plan Rows": 3, "Plan Width": 24, "Index Cond": "(ps_partkey = part.p_partkey)"}]}]}]}, {"Node Type": "Hash", "Parent Relationship": "Inner", "Startup Cost": 3574.95, "Total Cost": 3574.95, "Plan Rows": 4000, "Plan Width": 59, "Plans": [{"Node Type": "Hash Join", "Parent Relationship": "Outer", "Join Type": "Inner", "Startup Cost": 1.32, "Total Cost": 3574.95, "Plan Rows": 4000, "Plan Width": 59, "Inner Unique": true, "Hash Cond": "(supplier.s_nationkey = nation.n_nationkey)", "Plans": [{"Node Type": "Seq Scan", "Parent Relationship": "Outer", "Relation Name": "supplier", "Alias": "supplier", "Startup Cost": 0.0, "Total Cost": 3283.0, "Plan Rows": 100000, "Plan Width": 63}, {"Node Type": "Hash", "Parent Relationship": "Inner", "Startup Cost": 1.31, "Total Cost": 1.31, "Plan Rows": 1, "Plan Width": 4, "Plans": [{"Node Type": "Seq Scan", "Parent Relationship": "Outer", "Relation Name": "nation", "Alias": "nation", "Startup Cost": 0.0, "Total Cost": 1.31, "Plan Rows": 1, "Plan Width": 4, "Filter": "(n_name = 'ALGERIA'::bpchar)"}]}]}]}]}]}, "Unique SQL Id": 202076520, "Planner Runtime": 2}, "explain_analyze_plan": {"Plan": {"Node Type": "Sort", "Startup Cost": 2930392.43, "Total Cost": 2930397.43, "Plan Rows": 2000, "Plan Width": 51, "Actual Startup Time": 37803.483, "Actual Total Time": 37803.647, "Actual Rows": 1746, "Actual Loops": 1, "Sort Key": ["supplier.s_name"], "Sort Method": "quicksort", "Sort Space Used": 309, "Sort Space Type": "Memory", "Plans": [{"Node Type": "Hash Join", "Parent Relationship": "Outer", "Join Type": "Right Semi", "Startup Cost": 2635433.06, "Total Cost": 2930282.77, "Plan Rows": 2000, "Plan Width": 51, "Actual Startup Time": 33008.608, "Actual Total Time": 37793.512, "Actual Rows": 1746, "Actual Loops": 1, "Inner Unique": false, "Hash Cond": "(lineitem.l_suppkey = supplier.s_suppkey)", "Plans": [{"Node Type": "Hash Join", "Parent Relationship": "Outer", "Join Type": "Inner", "Startup Cost": 2631808.11, "Total Cost": 2926637.81, "Plan Rows": 2, "Plan Width": 16, "Actual Startup Time": 32952.992, "Actual Total Time": 37725.643, "Actual Rows": 58537, "Actual Loops": 1, "Inner Unique": false, "Hash Cond": "((lineitem.l_partkey = partsupp.ps_partkey) AND (lineitem.l_suppkey = partsupp.ps_suppkey))", "Join Filter": "((partsupp.ps_availqty)::double precision > (.5::double precision * (sum(lineitem.l_quantity))))", "Rows Removed by Join Filter": 136, "Plans": [{"Node Type": "Aggregate", "Strategy": "Hashed", "Parent Relationship": "Outer", "Startup Cost": 2405767.29, "Total Cost": 2519163.29, "Plan Rows": 9071680, "Plan Width": 40, "Actual Startup Time": 31930.263, "Actual Total Time": 35125.861, "Actual Rows": 5442751, "Actual Loops": 1, "Group By Key": ["lineitem.l_partkey", "lineitem.l_suppkey"], "Plans": [{"Node Type": "Seq Scan", "Parent Relationship": "Outer", "Relation Name": "lineitem", "Alias": "lineitem", "Startup Cost": 119.57, "Total Cost": 2315050.5, "Plan Rows": 9071680, "Plan Width": 24, "Actual Startup Time": 0.034, "Actual Total Time": 23479.645, "Actual Rows": 9109641, "Actual Loops": 1, "Filter": "((l_shipdate >= '1993-01-01 00:00:00'::timestamp(0) without time zone) AND (l_shipdate < '1994-01-01 00:00:00'::timestamp without time zone)), (LLVM Optimized, Jit Execute)", "Rows Removed by Filter": 50876411}]}, {"Node Type": "Hash", "Parent Relationship": "Inner", "Startup Cost": 225072.53, "Total Cost": 225072.53, "Plan Rows": 64552, "Plan Width": 32, "Actual Startup Time": 1022.342, "Actual Total Time": 1022.342, "Actual Rows": 86224, "Actual Loops": 1, "Hash Buckets": 65536, "Hash Batches": 1, "Original Hash Batches": 1, "Peak Memory Usage": 5389, "Plans": [{"Node Type": "Nested Loop", "Parent Relationship": "Outer", "Join Type": "Inner", "Startup Cost": 0.0, "Total Cost": 225072.53, "Plan Rows": 64552, "Plan Width": 32, "Actual Startup Time": 0.079, "Actual Total Time": 987.117, "Actual Rows": 86224, "Actual Loops": 1, "Inner Unique": false, "Plans": [{"Node Type": "Seq Scan", "Parent Relationship": "Outer", "Relation Name": "part", "Alias": "part", "Startup Cost": 0.0, "Total Cost": 66944.0, "Plan Rows": 22472, "Plan Width": 8, "Actual Startup Time": 0.039, "Actual Total Time": 775.085, "Actual Rows": 21556, "Actual Loops": 1, "Filter": "((p_name)::text ~~ 'green%'::text)", "Rows Removed by Filter": 1978444}, {"Node Type": "Index Scan", "Parent Relationship": "Inner", "Scan Direction": "Forward", "Index Name": "idx_partsupp_partkey", "Relation Name": "partsupp", "Alias": "partsupp", "Startup Cost": 0.0, "Total Cost": 7.01, "Plan Rows": 3, "Plan Width": 24, "Actual Startup Time": 134.916, "Actual Total Time": 179.467, "Actual Rows": 86224, "Actual Loops": 21556, "Index Cond": "(ps_partkey = part.p_partkey)", "Rows Removed by Index Recheck": 0}]}]}]}, {"Node Type": "Hash", "Parent Relationship": "Inner", "Startup Cost": 3574.95, "Total Cost": 3574.95, "Plan Rows": 4000, "Plan Width": 59, "Actual Startup Time": 49.334, "Actual Total Time": 49.334, "Actual Rows": 3934, "Actual Loops": 1, "Hash Buckets": 32768, "Hash Batches": 1, "Original Hash Batches": 1, "Peak Memory Usage": 368, "Plans": [{"Node Type": "Hash Join", "Parent Relationship": "Outer", "Join Type": "Inner", "Startup Cost": 1.32, "Total Cost": 3574.95, "Plan Rows": 4000, "Plan Width": 59, "Actual Startup Time": 0.101, "Actual Total Time": 47.871, "Actual Rows": 3934, "Actual Loops": 1, "Inner Unique": true, "Hash Cond": "(supplier.s_nationkey = nation.n_nationkey)", "Plans": [{"Node Type": "Seq Scan", "Parent Relationship": "Outer", "Relation Name": "supplier", "Alias": "supplier", "Startup Cost": 0.0, "Total Cost": 3283.0, "Plan Rows": 100000, "Plan Width": 63, "Actual Startup Time": 0.019, "Actual Total Time": 27.956, "Actual Rows": 100000, "Actual Loops": 1}, {"Node Type": "Hash", "Parent Relationship": "Inner", "Startup Cost": 1.31, "Total Cost": 1.31, "Plan Rows": 1, "Plan Width": 4, "Actual Startup Time": 0.037, "Actual Total Time": 0.037, "Actual Rows": 1, "Actual Loops": 1, "Hash Buckets": 32768, "Hash Batches": 1, "Original Hash Batches": 1, "Peak Memory Usage": 1, "Plans": [{"Node Type": "Seq Scan", "Parent Relationship": "Outer", "Relation Name": "nation", "Alias": "nation", "Startup Cost": 0.0, "Total Cost": 1.31, "Plan Rows": 1, "Plan Width": 4, "Actual Startup Time": 0.022, "Actual Total Time": 0.031, "Actual Rows": 1, "Actual Loops": 1, "Filter": "(n_name = 'ALGERIA'::bpchar)", "Rows Removed by Filter": 24}]}]}]}]}]}, "Triggers": [], "Planner Runtime": 2, "Total Runtime": 37813.159, "Unique SQL Id": 202076520}}, "(16, 105)": {"explain_plan": {"Plan": {"Node Type": "Sort", "Startup Cost": 6720005.94, "Total Cost": 6720010.94, "Plan Rows": 2000, "Plan Width": 51, "Sort Key": ["supplier.s_name"], "Plans": [{"Node Type": "Hash Join", "Parent Relationship": "Outer", "Join Type": "Right Semi", "Startup Cost": 6425046.57, "Total Cost": 6719896.28, "Plan Rows": 2000, "Plan Width": 51, "Inner Unique": false, "Hash Cond": "(lineitem.l_suppkey = supplier.s_suppkey)", "Plans": [{"Node Type": "Hash Join", "Parent Relationship": "Outer", "Join Type": "Inner", "Startup Cost": 6419358.7, "Total Cost": 6714188.4, "Plan Rows": 2, "Plan Width": 16, "Inner Unique": false, "Hash Cond": "((lineitem.l_partkey = partsupp.ps_partkey) AND (lineitem.l_suppkey = partsupp.ps_suppkey))", "Join Filter": "((partsupp.ps_availqty)::double precision > (.5::double precision * (sum(lineitem.l_quantity))))", "Plans": [{"Node Type": "Aggregate", "Strategy": "Hashed", "Parent Relationship": "Outer", "Startup Cost": 6154458.63, "Total Cost": 6267854.63, "Plan Rows": 9071680, "Plan Width": 40, "Group By Key": ["lineitem.l_partkey", "lineitem.l_suppkey"], "Plans": [{"Node Type": "Index Scan", "Parent Relationship": "Outer", "Scan Direction": "Forward", "Index Name": "idx_lineitem_shipdate", "Relation Name": "lineitem", "Alias": "lineitem", "Startup Cost": 0.0, "Total Cost": 6063741.83, "Plan Rows": 9071680, "Plan Width": 24, "Index Cond": "((l_shipdate >= '1993-01-01 00:00:00'::timestamp(0) without time zone) AND (l_shipdate < '1994-01-01 00:00:00'::timestamp without time zone)), (LLVM Optimized)"}]}, {"Node Type": "Hash", "Parent Relationship": "Inner", "Startup Cost": 263931.78, "Total Cost": 263931.78, "Plan Rows": 64552, "Plan Width": 32, "Plans": [{"Node Type": "Nested Loop", "Parent Relationship": "Outer", "Join Type": "Inner", "Startup Cost": 0.0, "Total Cost": 263931.78, "Plan Rows": 64552, "Plan Width": 32, "Inner Unique": false, "Plans": [{"Node Type": "Index Scan", "Parent Relationship": "Outer", "Scan Direction": "Forward", "Index Name": "part_kpey", "Relation Name": "part", "Alias": "part", "Startup Cost": 0.0, "Total Cost": 105803.25, "Plan Rows": 22472, "Plan Width": 8, "Filter": "((p_name)::text ~~ 'green%'::text)"}, {"Node Type": "Index Scan", "Parent Relationship": "Inner", "Scan Direction": "Forward", "Index Name": "idx_partsupp_partkey", "Relation Name": "partsupp", "Alias": "partsupp", "Startup Cost": 0.0, "Total Cost": 7.01, "Plan Rows": 3, "Plan Width": 24, "Index Cond": "(ps_partkey = part.p_partkey)"}]}]}]}, {"Node Type": "Hash", "Parent Relationship": "Inner", "Startup Cost": 5637.87, "Total Cost": 5637.87, "Plan Rows": 4000, "Plan Width": 59, "Plans": [{"Node Type": "Hash Join", "Parent Relationship": "Outer", "Join Type": "Inner", "Startup Cost": 12.7, "Total Cost": 5637.87, "Plan Rows": 4000, "Plan Width": 59, "Inner Unique": true, "Hash Cond": "(supplier.s_nationkey = nation.n_nationkey)", "Plans": [{"Node Type": "Index Scan", "Parent Relationship": "Outer", "Scan Direction": "Forward", "Index Name": "supplier_pkey", "Relation Name": "supplier", "Alias": "supplier", "Startup Cost": 0.0, "Total Cost": 5334.54, "Plan Rows": 100000, "Plan Width": 63}, {"Node Type": "Hash", "Parent Relationship": "Inner", "Startup Cost": 12.69, "Total Cost": 12.69, "Plan Rows": 1, "Plan Width": 4, "Plans": [{"Node Type": "Index Scan", "Parent Relationship": "Outer", "Scan Direction": "Forward", "Index Name": "nation_pkey", "Relation Name": "nation", "Alias": "nation", "Startup Cost": 0.0, "Total Cost": 12.69, "Plan Rows": 1, "Plan Width": 4, "Filter": "(n_name = 'ALGERIA'::bpchar)"}]}]}]}]}]}, "Unique SQL Id": 202076520, "Planner Runtime": 2}, "explain_analyze_plan": {"Plan": {"Node Type": "Sort", "Startup Cost": 6720005.94, "Total Cost": 6720010.94, "Plan Rows": 2000, "Plan Width": 51, "Actual Startup Time": 39039.162, "Actual Total Time": 39039.331, "Actual Rows": 1746, "Actual Loops": 1, "Sort Key": ["supplier.s_name"], "Sort Method": "quicksort", "Sort Space Used": 309, "Sort Space Type": "Memory", "Plans": [{"Node Type": "Hash Join", "Parent Relationship": "Outer", "Join Type": "Right Semi", "Startup Cost": 6425046.57, "Total Cost": 6719896.28, "Plan Rows": 2000, "Plan Width": 51, "Actual Startup Time": 34097.279, "Actual Total Time": 39029.429, "Actual Rows": 1746, "Actual Loops": 1, "Inner Unique": false, "Hash Cond": "(lineitem.l_suppkey = supplier.s_suppkey)", "Plans": [{"Node Type": "Hash Join", "Parent Relationship": "Outer", "Join Type": "Inner", "Startup Cost": 6419358.7, "Total Cost": 6714188.4, "Plan Rows": 2, "Plan Width": 16, "Actual Startup Time": 33999.919, "Actual Total Time": 38919.433, "Actual Rows": 58537, "Actual Loops": 1, "Inner Unique": false, "Hash Cond": "((lineitem.l_partkey = partsupp.ps_partkey) AND (lineitem.l_suppkey = partsupp.ps_suppkey))", "Join Filter": "((partsupp.ps_availqty)::double precision > (.5::double precision * (sum(lineitem.l_quantity))))", "Rows Removed by Join Filter": 136, "Plans": [{"Node Type": "Aggregate", "Strategy": "Hashed", "Parent Relationship": "Outer", "Startup Cost": 6154458.63, "Total Cost": 6267854.63, "Plan Rows": 9071680, "Plan Width": 40, "Actual Startup Time": 32333.635, "Actual Total Time": 35632.859, "Actual Rows": 5442751, "Actual Loops": 1, "Group By Key": ["lineitem.l_partkey", "lineitem.l_suppkey"], "Plans": [{"Node Type": "Index Scan", "Parent Relationship": "Outer", "Scan Direction": "Forward", "Index Name": "idx_lineitem_shipdate", "Relation Name": "lineitem", "Alias": "lineitem", "Startup Cost": 0.0, "Total Cost": 6063741.83, "Plan Rows": 9071680, "Plan Width": 24, "Actual Startup Time": 0.072, "Actual Total Time": 23659.846, "Actual Rows": 9109641, "Actual Loops": 1, "Index Cond": "((l_shipdate >= '1993-01-01 00:00:00'::timestamp(0) without time zone) AND (l_shipdate < '1994-01-01 00:00:00'::timestamp without time zone)), (LLVM Optimized, Jit Execute)", "Rows Removed by Index Recheck": 0}]}, {"Node Type": "Hash", "Parent Relationship": "Inner", "Startup Cost": 263931.78, "Total Cost": 263931.78, "Plan Rows": 64552, "Plan Width": 32, "Actual Startup Time": 1665.665, "Actual Total Time": 1665.665, "Actual Rows": 86224, "Actual Loops": 1, "Hash Buckets": 65536, "Hash Batches": 1, "Original Hash Batches": 1, "Peak Memory Usage": 5389, "Plans": [{"Node Type": "Nested Loop", "Parent Relationship": "Outer", "Join Type": "Inner", "Startup Cost": 0.0, "Total Cost": 263931.78, "Plan Rows": 64552, "Plan Width": 32, "Actual Startup Time": 0.108, "Actual Total Time": 1628.258, "Actual Rows": 86224, "Actual Loops": 1, "Inner Unique": false, "Plans": [{"Node Type": "Index Scan", "Parent Relationship": "Outer", "Scan Direction": "Forward", "Index Name": "part_kpey", "Relation Name": "part", "Alias": "part", "Startup Cost": 0.0, "Total Cost": 105803.25, "Plan Rows": 22472, "Plan Width": 8, "Actual Startup Time": 0.081, "Actual Total Time": 1405.358, "Actual Rows": 21556, "Actual Loops": 1, "Filter": "((p_name)::text ~~ 'green%'::text)", "Rows Removed by Filter": 1978444}, {"Node Type": "Index Scan", "Parent Relationship": "Inner", "Scan Direction": "Forward", "Index Name": "idx_partsupp_partkey", "Relation Name": "partsupp", "Alias": "partsupp", "Startup Cost": 0.0, "Total Cost": 7.01, "Plan Rows": 3, "Plan Width": 24, "Actual Startup Time": 145.019, "Actual Total Time": 190.577, "Actual Rows": 86224, "Actual Loops": 21556, "Index Cond": "(ps_partkey = part.p_partkey)", "Rows Removed by Index Recheck": 0}]}]}]}, {"Node Type": "Hash", "Parent Relationship": "Inner", "Startup Cost": 5637.87, "Total Cost": 5637.87, "Plan Rows": 4000, "Plan Width": 59, "Actual Startup Time": 90.552, "Actual Total Time": 90.552, "Actual Rows": 3934, "Actual Loops": 1, "Hash Buckets": 32768, "Hash Batches": 1, "Original Hash Batches": 1, "Peak Memory Usage": 368, "Plans": [{"Node Type": "Hash Join", "Parent Relationship": "Outer", "Join Type": "Inner", "Startup Cost": 12.7, "Total Cost": 5637.87, "Plan Rows": 4000, "Plan Width": 59, "Actual Startup Time": 0.125, "Actual Total Time": 88.546, "Actual Rows": 3934, "Actual Loops": 1, "Inner Unique": true, "Hash Cond": "(supplier.s_nationkey = nation.n_nationkey)", "Plans": [{"Node Type": "Index Scan", "Parent Relationship": "Outer", "Scan Direction": "Forward", "Index Name": "supplier_pkey", "Relation Name": "supplier", "Alias": "supplier", "Startup Cost": 0.0, "Total Cost": 5334.54, "Plan Rows": 100000, "Plan Width": 63, "Actual Startup Time": 0.028, "Actual Total Time": 68.521, "Actual Rows": 100000, "Actual Loops": 1}, {"Node Type": "Hash", "Parent Relationship": "Inner", "Startup Cost": 12.69, "Total Cost": 12.69, "Plan Rows": 1, "Plan Width": 4, "Actual Startup Time": 0.03, "Actual Total Time": 0.03, "Actual Rows": 1, "Actual Loops": 1, "Hash Buckets": 32768, "Hash Batches": 1, "Original Hash Batches": 1, "Peak Memory Usage": 1, "Plans": [{"Node Type": "Index Scan", "Parent Relationship": "Outer", "Scan Direction": "Forward", "Index Name": "nation_pkey", "Relation Name": "nation", "Alias": "nation", "Startup Cost": 0.0, "Total Cost": 12.69, "Plan Rows": 1, "Plan Width": 4, "Actual Startup Time": 0.01, "Actual Total Time": 0.025, "Actual Rows": 1, "Actual Loops": 1, "Filter": "(n_name = 'ALGERIA'::bpchar)", "Rows Removed by Filter": 24}]}]}]}]}]}, "Triggers": [], "Planner Runtime": 2, "Total Runtime": 39049.02, "Unique SQL Id": 202076520}}, "(16, 106)": {"explain_plan": {"Plan": {"Node Type": "Sort", "Startup Cost": 3063182.61, "Total Cost": 3063187.61, "Plan Rows": 2000, "Plan Width": 51, "Sort Key": ["supplier.s_name"], "Plans": [{"Node Type": "Hash Join", "Parent Relationship": "Outer", "Join Type": "Right Semi", "Startup Cost": 2768223.24, "Total Cost": 3063072.95, "Plan Rows": 2000, "Plan Width": 51, "Inner Unique": false, "Hash Cond": "(lineitem.l_suppkey = supplier.s_suppkey)", "Plans": [{"Node Type": "Hash Join", "Parent Relationship": "Outer", "Join Type": "Inner", "Startup Cost": 2764598.29, "Total Cost": 3059427.99, "Plan Rows": 2, "Plan Width": 16, "Inner Unique": false, "Hash Cond": "((lineitem.l_partkey = partsupp.ps_partkey) AND (lineitem.l_suppkey = partsupp.ps_suppkey))", "Join Filter": "((partsupp.ps_availqty)::double precision > (.5::double precision * (sum(lineitem.l_quantity))))", "Plans": [{"Node Type": "Aggregate", "Strategy": "Hashed", "Parent Relationship": "Outer", "Startup Cost": 2405767.29, "Total Cost": 2519163.29, "Plan Rows": 9071680, "Plan Width": 40, "Group By Key": ["lineitem.l_partkey", "lineitem.l_suppkey"], "Plans": [{"Node Type": "Seq Scan", "Parent Relationship": "Outer", "Relation Name": "lineitem", "Alias": "lineitem", "Startup Cost": 119.57, "Total Cost": 2315050.5, "Plan Rows": 9071680, "Plan Width": 24, "Filter": "((l_shipdate >= '1993-01-01 00:00:00'::timestamp(0) without time zone) AND (l_shipdate < '1994-01-01 00:00:00'::timestamp without time zone)), (LLVM Optimized)"}]}, {"Node Type": "Hash", "Parent Relationship": "Inner", "Startup Cost": 357862.71, "Total Cost": 357862.71, "Plan Rows": 64552, "Plan Width": 32, "Plans": [{"Node Type": "Hash Join", "Parent Relationship": "Outer", "Join Type": "Inner", "Startup Cost": 67224.9, "Total Cost": 357862.71, "Plan Rows": 64552, "Plan Width": 32, "Inner Unique": true, "Hash Cond": "(partsupp.ps_partkey = part.p_partkey)", "Plans": [{"Node Type": "Seq Scan", "Parent Relationship": "Outer", "Relation Name": "partsupp", "Alias": "partsupp", "Startup Cost": 0.0, "Total Cost": 269987.72, "Plan Rows": 8000372, "Plan Width": 24}, {"Node Type": "Hash", "Parent Relationship": "Inner", "Startup Cost": 66944.0, "Total Cost": 66944.0, "Plan Rows": 22472, "Plan Width": 8, "Plans": [{"Node Type": "Seq Scan", "Parent Relationship": "Outer", "Relation Name": "part", "Alias": "part", "Startup Cost": 0.0, "Total Cost": 66944.0, "Plan Rows": 22472, "Plan Width": 8, "Filter": "((p_name)::text ~~ 'green%'::text)"}]}]}]}]}, {"Node Type": "Hash", "Parent Relationship": "Inner", "Startup Cost": 3574.95, "Total Cost": 3574.95, "Plan Rows": 4000, "Plan Width": 59, "Plans": [{"Node Type": "Hash Join", "Parent Relationship": "Outer", "Join Type": "Inner", "Startup Cost": 1.32, "Total Cost": 3574.95, "Plan Rows": 4000, "Plan Width": 59, "Inner Unique": true, "Hash Cond": "(supplier.s_nationkey = nation.n_nationkey)", "Plans": [{"Node Type": "Seq Scan", "Parent Relationship": "Outer", "Relation Name": "supplier", "Alias": "supplier", "Startup Cost": 0.0, "Total Cost": 3283.0, "Plan Rows": 100000, "Plan Width": 63}, {"Node Type": "Hash", "Parent Relationship": "Inner", "Startup Cost": 1.31, "Total Cost": 1.31, "Plan Rows": 1, "Plan Width": 4, "Plans": [{"Node Type": "Seq Scan", "Parent Relationship": "Outer", "Relation Name": "nation", "Alias": "nation", "Startup Cost": 0.0, "Total Cost": 1.31, "Plan Rows": 1, "Plan Width": 4, "Filter": "(n_name = 'ALGERIA'::bpchar)"}]}]}]}]}]}, "Unique SQL Id": 202076520, "Planner Runtime": 2}, "explain_analyze_plan": {"Plan": {"Node Type": "Sort", "Startup Cost": 3063182.61, "Total Cost": 3063187.61, "Plan Rows": 2000, "Plan Width": 51, "Actual Startup Time": 42067.09, "Actual Total Time": 42067.236, "Actual Rows": 1746, "Actual Loops": 1, "Sort Key": ["supplier.s_name"], "Sort Method": "quicksort", "Sort Space Used": 309, "Sort Space Type": "Memory", "Plans": [{"Node Type": "Hash Join", "Parent Relationship": "Outer", "Join Type": "Right Semi", "Startup Cost": 2768223.24, "Total Cost": 3063072.95, "Plan Rows": 2000, "Plan Width": 51, "Actual Startup Time": 36615.589, "Actual Total Time": 42057.075, "Actual Rows": 1746, "Actual Loops": 1, "Inner Unique": false, "Hash Cond": "(lineitem.l_suppkey = supplier.s_suppkey)", "Plans": [{"Node Type": "Hash Join", "Parent Relationship": "Outer", "Join Type": "Inner", "Startup Cost": 2764598.29, "Total Cost": 3059427.99, "Plan Rows": 2, "Plan Width": 16, "Actual Startup Time": 36558.189, "Actual Total Time": 41986.014, "Actual Rows": 58537, "Actual Loops": 1, "Inner Unique": false, "Hash Cond": "((lineitem.l_partkey = partsupp.ps_partkey) AND (lineitem.l_suppkey = partsupp.ps_suppkey))", "Join Filter": "((partsupp.ps_availqty)::double precision > (.5::double precision * (sum(lineitem.l_quantity))))", "Rows Removed by Join Filter": 136, "Plans": [{"Node Type": "Aggregate", "Strategy": "Hashed", "Parent Relationship": "Outer", "Startup Cost": 2405767.29, "Total Cost": 2519163.29, "Plan Rows": 9071680, "Plan Width": 40, "Actual Startup Time": 31817.711, "Actual Total Time": 35651.035, "Actual Rows": 5442751, "Actual Loops": 1, "Group By Key": ["lineitem.l_partkey", "lineitem.l_suppkey"], "Plans": [{"Node Type": "Seq Scan", "Parent Relationship": "Outer", "Relation Name": "lineitem", "Alias": "lineitem", "Startup Cost": 119.57, "Total Cost": 2315050.5, "Plan Rows": 9071680, "Plan Width": 24, "Actual Startup Time": 0.068, "Actual Total Time": 23278.46, "Actual Rows": 9109641, "Actual Loops": 1, "Filter": "((l_shipdate >= '1993-01-01 00:00:00'::timestamp(0) without time zone) AND (l_shipdate < '1994-01-01 00:00:00'::timestamp without time zone)), (LLVM Optimized, Jit Execute)", "Rows Removed by Filter": 50876411}]}, {"Node Type": "Hash", "Parent Relationship": "Inner", "Startup Cost": 357862.71, "Total Cost": 357862.71, "Plan Rows": 64552, "Plan Width": 32, "Actual Startup Time": 4740.208, "Actual Total Time": 4740.208, "Actual Rows": 86224, "Actual Loops": 1, "Hash Buckets": 65536, "Hash Batches": 1, "Original Hash Batches": 1, "Peak Memory Usage": 5389, "Plans": [{"Node Type": "Hash Join", "Parent Relationship": "Outer", "Join Type": "Inner", "Startup Cost": 67224.9, "Total Cost": 357862.71, "Plan Rows": 64552, "Plan Width": 32, "Actual Startup Time": 777.012, "Actual Total Time": 4700.651, "Actual Rows": 86224, "Actual Loops": 1, "Inner Unique": true, "Hash Cond": "(partsupp.ps_partkey = part.p_partkey)", "Plans": [{"Node Type": "Seq Scan", "Parent Relationship": "Outer", "Relation Name": "partsupp", "Alias": "partsupp", "Startup Cost": 0.0, "Total Cost": 269987.72, "Plan Rows": 8000372, "Plan Width": 24, "Actual Startup Time": 0.019, "Actual Total Time": 2377.214, "Actual Rows": 8000000, "Actual Loops": 1}, {"Node Type": "Hash", "Parent Relationship": "Inner", "Startup Cost": 66944.0, "Total Cost": 66944.0, "Plan Rows": 22472, "Plan Width": 8, "Actual Startup Time": 776.854, "Actual Total Time": 776.854, "Actual Rows": 21556, "Actual Loops": 1, "Hash Buckets": 32768, "Hash Batches": 1, "Original Hash Batches": 1, "Peak Memory Usage": 843, "Plans": [{"Node Type": "Seq Scan", "Parent Relationship": "Outer", "Relation Name": "part", "Alias": "part", "Startup Cost": 0.0, "Total Cost": 66944.0, "Plan Rows": 22472, "Plan Width": 8, "Actual Startup Time": 0.039, "Actual Total Time": 769.293, "Actual Rows": 21556, "Actual Loops": 1, "Filter": "((p_name)::text ~~ 'green%'::text)", "Rows Removed by Filter": 1978444}]}]}]}]}, {"Node Type": "Hash", "Parent Relationship": "Inner", "Startup Cost": 3574.95, "Total Cost": 3574.95, "Plan Rows": 4000, "Plan Width": 59, "Actual Startup Time": 49.36, "Actual Total Time": 49.36, "Actual Rows": 3934, "Actual Loops": 1, "Hash Buckets": 32768, "Hash Batches": 1, "Original Hash Batches": 1, "Peak Memory Usage": 368, "Plans": [{"Node Type": "Hash Join", "Parent Relationship": "Outer", "Join Type": "Inner", "Startup Cost": 1.32, "Total Cost": 3574.95, "Plan Rows": 4000, "Plan Width": 59, "Actual Startup Time": 0.102, "Actual Total Time": 47.923, "Actual Rows": 3934, "Actual Loops": 1, "Inner Unique": true, "Hash Cond": "(supplier.s_nationkey = nation.n_nationkey)", "Plans": [{"Node Type": "Seq Scan", "Parent Relationship": "Outer", "Relation Name": "supplier", "Alias": "supplier", "Startup Cost": 0.0, "Total Cost": 3283.0, "Plan Rows": 100000, "Plan Width": 63, "Actual Startup Time": 0.02, "Actual Total Time": 28.009, "Actual Rows": 100000, "Actual Loops": 1}, {"Node Type": "Hash", "Parent Relationship": "Inner", "Startup Cost": 1.31, "Total Cost": 1.31, "Plan Rows": 1, "Plan Width": 4, "Actual Startup Time": 0.041, "Actual Total Time": 0.041, "Actual Rows": 1, "Actual Loops": 1, "Hash Buckets": 32768, "Hash Batches": 1, "Original Hash Batches": 1, "Peak Memory Usage": 1, "Plans": [{"Node Type": "Seq Scan", "Parent Relationship": "Outer", "Relation Name": "nation", "Alias": "nation", "Startup Cost": 0.0, "Total Cost": 1.31, "Plan Rows": 1, "Plan Width": 4, "Actual Startup Time": 0.022, "Actual Total Time": 0.03, "Actual Rows": 1, "Actual Loops": 1, "Filter": "(n_name = 'ALGERIA'::bpchar)", "Rows Removed by Filter": 24}]}]}]}]}]}, "Triggers": [], "Planner Runtime": 2, "Total Runtime": 42076.817, "Unique SQL Id": 202076520}}, "(16, 107)": {"explain_plan": {"Plan": {"Node Type": "Sort", "Startup Cost": 5001904909212.37, "Total Cost": 5001904909217.37, "Plan Rows": 2000, "Plan Width": 51, "Sort Key": ["supplier.s_name"], "Plans": [{"Node Type": "Nested Loop", "Parent Relationship": "Outer", "Join Type": "Semi", "Startup Cost": 3020816056965.71, "Total Cost": 5001904909102.71, "Plan Rows": 2000, "Plan Width": 51, "Inner Unique": false, "Plans": [{"Node Type": "Nested Loop", "Parent Relationship": "Outer", "Join Type": "Inner", "Startup Cost": 20000000095.25, "Total Cost": 2000000250512.56, "Plan Rows": 4000, "Plan Width": 59, "Inner Unique": false, "Plans": [{"Node Type": "Index Scan", "Parent Relationship": "Outer", "Scan Direction": "Forward", "Index Name": "nation_pkey", "Relation Name": "nation", "Alias": "nation", "Startup Cost": 10000000000.0, "Total Cost": 1000000001268.75, "Plan Rows": 1, "Plan Width": 4, "Filter": "(n_name = 'ALGERIA'::bpchar)"}, {"Node Type": "Bitmap Heap Scan", "Parent Relationship": "Inner", "Relation Name": "supplier", "Alias": "supplier", "Startup Cost": 10000000095.25, "Total Cost": 1000000249203.81, "Plan Rows": 4000, "Plan Width": 63, "Recheck Cond": "(s_nationkey = nation.n_nationkey)", "Plans": [{"Node Type": "Bitmap Index Scan", "Parent Relationship": "Outer", "Index Name": "idx_supplier_nation_key", "Startup Cost": 0.0, "Total Cost": 94.25, "Plan Rows": 4000, "Plan Width": 0, "Index Cond": "(s_nationkey = nation.n_nationkey)"}]}]}, {"Node Type": "Hash Join", "Parent Relationship": "Inner", "Join Type": "Inner", "Startup Cost": 3000816056870.46, "Total Cost": 3000816329020.88, "Plan Rows": 1, "Plan Width": 16, "Inner Unique": false, "Hash Cond": "((lineitem.l_partkey = partsupp.ps_partkey) AND (lineitem.l_suppkey = partsupp.ps_suppkey))", "Join Filter": "((supplier.s_suppkey = lineitem.l_suppkey) AND ((partsupp.ps_availqty)::double precision > (.5::double precision * (sum(lineitem.l_quantity)))))", "Plans": [{"Node Type": "Aggregate", "Strategy": "Hashed", "Parent Relationship": "Outer", "Startup Cost": 1000805475552.94, "Total Cost": 1000805588948.94, "Plan Rows": 9071680, "Plan Width": 40, "Group By Key": ["lineitem.l_partkey", "lineitem.l_suppkey"], "Plans": [{"Node Type": "Index Scan", "Parent Relationship": "Outer", "Scan Direction": "Forward", "Index Name": "idx_lineitem_part_supp", "Relation Name": "lineitem", "Alias": "lineitem", "Startup Cost": 10000000000.0, "Total Cost": 1000805384836.14, "Plan Rows": 9071680, "Plan Width": 24, "Filter": "((l_shipdate >= '1993-01-01 00:00:00'::timestamp(0) without time zone) AND (l_shipdate < '1994-01-01 00:00:00'::timestamp without time zone)), (LLVM Optimized)"}]}, {"Node Type": "Hash", "Parent Relationship": "Inner", "Startup Cost": 2000010581317.5, "Total Cost": 2000010581317.5, "Plan Rows": 1, "Plan Width": 32, "Plans": [{"Node Type": "Hash Join", "Parent Relationship": "Outer", "Join Type": "Right Semi", "Startup Cost": 1010000000932.76, "Total Cost": 2000010581317.5, "Plan Rows": 1, "Plan Width": 32, "Inner Unique": false, "Hash Cond": "(part.p_partkey = partsupp.ps_partkey)", "Plans": [{"Node Type": "Index Scan", "Parent Relationship": "Outer", "Scan Direction": "Forward", "Index Name": "part_kpey", "Relation Name": "part", "Alias": "part", "Startup Cost": 10000000000.0, "Total Cost": 1000010580325.0, "Plan Rows": 22472, "Plan Width": 8, "Filter": "((p_name)::text ~~ 'green%'::text)"}, {"Node Type": "Hash", "Parent Relationship": "Inner", "Startup Cost": 1000000000932.6, "Total Cost": 1000000000932.6, "Plan Rows": 13, "Plan Width": 24, "Plans": [{"Node Type": "Index Scan", "Parent Relationship": "Outer", "Scan Direction": "Forward", "Index Name": "idx_partsupp_suppkey", "Relation Name": "partsupp", "Alias": "partsupp", "Startup Cost": 10000000000.0, "Total Cost": 1000000000932.6, "Plan Rows": 13, "Plan Width": 24, "Index Cond": "(ps_suppkey = supplier.s_suppkey)"}]}]}]}]}]}]}, "Unique SQL Id": 202076520, "Planner Runtime": 2}, "explain_analyze_plan": null}, "(16, 108)": {"explain_plan": {"Plan": {"Node Type": "Sort", "Startup Cost": 2930392.43, "Total Cost": 2930397.43, "Plan Rows": 2000, "Plan Width": 51, "Sort Key": ["supplier.s_name"], "Plans": [{"Node Type": "Hash Join", "Parent Relationship": "Outer", "Join Type": "Right Semi", "Startup Cost": 2635433.06, "Total Cost": 2930282.77, "Plan Rows": 2000, "Plan Width": 51, "Inner Unique": false, "Hash Cond": "(lineitem.l_suppkey = supplier.s_suppkey)", "Plans": [{"Node Type": "Hash Join", "Parent Relationship": "Outer", "Join Type": "Inner", "Startup Cost": 2631808.11, "Total Cost": 2926637.81, "Plan Rows": 2, "Plan Width": 16, "Inner Unique": false, "Hash Cond": "((lineitem.l_partkey = partsupp.ps_partkey) AND (lineitem.l_suppkey = partsupp.ps_suppkey))", "Join Filter": "((partsupp.ps_availqty)::double precision > (.5::double precision * (sum(lineitem.l_quantity))))", "Plans": [{"Node Type": "Aggregate", "Strategy": "Hashed", "Parent Relationship": "Outer", "Startup Cost": 2405767.29, "Total Cost": 2519163.29, "Plan Rows": 9071680, "Plan Width": 40, "Group By Key": ["lineitem.l_partkey", "lineitem.l_suppkey"], "Plans": [{"Node Type": "Seq Scan", "Parent Relationship": "Outer", "Relation Name": "lineitem", "Alias": "lineitem", "Startup Cost": 119.57, "Total Cost": 2315050.5, "Plan Rows": 9071680, "Plan Width": 24, "Filter": "((l_shipdate >= '1993-01-01 00:00:00'::timestamp(0) without time zone) AND (l_shipdate < '1994-01-01 00:00:00'::timestamp without time zone)), (LLVM Optimized)"}]}, {"Node Type": "Hash", "Parent Relationship": "Inner", "Startup Cost": 225072.53, "Total Cost": 225072.53, "Plan Rows": 64552, "Plan Width": 32, "Plans": [{"Node Type": "Nested Loop", "Parent Relationship": "Outer", "Join Type": "Inner", "Startup Cost": 0.0, "Total Cost": 225072.53, "Plan Rows": 64552, "Plan Width": 32, "Inner Unique": false, "Plans": [{"Node Type": "Seq Scan", "Parent Relationship": "Outer", "Relation Name": "part", "Alias": "part", "Startup Cost": 0.0, "Total Cost": 66944.0, "Plan Rows": 22472, "Plan Width": 8, "Filter": "((p_name)::text ~~ 'green%'::text)"}, {"Node Type": "Index Scan", "Parent Relationship": "Inner", "Scan Direction": "Forward", "Index Name": "idx_partsupp_partkey", "Relation Name": "partsupp", "Alias": "partsupp", "Startup Cost": 0.0, "Total Cost": 7.01, "Plan Rows": 3, "Plan Width": 24, "Index Cond": "(ps_partkey = part.p_partkey)"}]}]}]}, {"Node Type": "Hash", "Parent Relationship": "Inner", "Startup Cost": 3574.95, "Total Cost": 3574.95, "Plan Rows": 4000, "Plan Width": 59, "Plans": [{"Node Type": "Hash Join", "Parent Relationship": "Outer", "Join Type": "Inner", "Startup Cost": 1.32, "Total Cost": 3574.95, "Plan Rows": 4000, "Plan Width": 59, "Inner Unique": true, "Hash Cond": "(supplier.s_nationkey = nation.n_nationkey)", "Plans": [{"Node Type": "Seq Scan", "Parent Relationship": "Outer", "Relation Name": "supplier", "Alias": "supplier", "Startup Cost": 0.0, "Total Cost": 3283.0, "Plan Rows": 100000, "Plan Width": 63}, {"Node Type": "Hash", "Parent Relationship": "Inner", "Startup Cost": 1.31, "Total Cost": 1.31, "Plan Rows": 1, "Plan Width": 4, "Plans": [{"Node Type": "Seq Scan", "Parent Relationship": "Outer", "Relation Name": "nation", "Alias": "nation", "Startup Cost": 0.0, "Total Cost": 1.31, "Plan Rows": 1, "Plan Width": 4, "Filter": "(n_name = 'ALGERIA'::bpchar)"}]}]}]}]}]}, "Unique SQL Id": 202076520, "Planner Runtime": 2}, "explain_analyze_plan": {"Plan": {"Node Type": "Sort", "Startup Cost": 2930392.43, "Total Cost": 2930397.43, "Plan Rows": 2000, "Plan Width": 51, "Actual Startup Time": 37803.483, "Actual Total Time": 37803.647, "Actual Rows": 1746, "Actual Loops": 1, "Sort Key": ["supplier.s_name"], "Sort Method": "quicksort", "Sort Space Used": 309, "Sort Space Type": "Memory", "Plans": [{"Node Type": "Hash Join", "Parent Relationship": "Outer", "Join Type": "Right Semi", "Startup Cost": 2635433.06, "Total Cost": 2930282.77, "Plan Rows": 2000, "Plan Width": 51, "Actual Startup Time": 33008.608, "Actual Total Time": 37793.512, "Actual Rows": 1746, "Actual Loops": 1, "Inner Unique": false, "Hash Cond": "(lineitem.l_suppkey = supplier.s_suppkey)", "Plans": [{"Node Type": "Hash Join", "Parent Relationship": "Outer", "Join Type": "Inner", "Startup Cost": 2631808.11, "Total Cost": 2926637.81, "Plan Rows": 2, "Plan Width": 16, "Actual Startup Time": 32952.992, "Actual Total Time": 37725.643, "Actual Rows": 58537, "Actual Loops": 1, "Inner Unique": false, "Hash Cond": "((lineitem.l_partkey = partsupp.ps_partkey) AND (lineitem.l_suppkey = partsupp.ps_suppkey))", "Join Filter": "((partsupp.ps_availqty)::double precision > (.5::double precision * (sum(lineitem.l_quantity))))", "Rows Removed by Join Filter": 136, "Plans": [{"Node Type": "Aggregate", "Strategy": "Hashed", "Parent Relationship": "Outer", "Startup Cost": 2405767.29, "Total Cost": 2519163.29, "Plan Rows": 9071680, "Plan Width": 40, "Actual Startup Time": 31930.263, "Actual Total Time": 35125.861, "Actual Rows": 5442751, "Actual Loops": 1, "Group By Key": ["lineitem.l_partkey", "lineitem.l_suppkey"], "Plans": [{"Node Type": "Seq Scan", "Parent Relationship": "Outer", "Relation Name": "lineitem", "Alias": "lineitem", "Startup Cost": 119.57, "Total Cost": 2315050.5, "Plan Rows": 9071680, "Plan Width": 24, "Actual Startup Time": 0.034, "Actual Total Time": 23479.645, "Actual Rows": 9109641, "Actual Loops": 1, "Filter": "((l_shipdate >= '1993-01-01 00:00:00'::timestamp(0) without time zone) AND (l_shipdate < '1994-01-01 00:00:00'::timestamp without time zone)), (LLVM Optimized, Jit Execute)", "Rows Removed by Filter": 50876411}]}, {"Node Type": "Hash", "Parent Relationship": "Inner", "Startup Cost": 225072.53, "Total Cost": 225072.53, "Plan Rows": 64552, "Plan Width": 32, "Actual Startup Time": 1022.342, "Actual Total Time": 1022.342, "Actual Rows": 86224, "Actual Loops": 1, "Hash Buckets": 65536, "Hash Batches": 1, "Original Hash Batches": 1, "Peak Memory Usage": 5389, "Plans": [{"Node Type": "Nested Loop", "Parent Relationship": "Outer", "Join Type": "Inner", "Startup Cost": 0.0, "Total Cost": 225072.53, "Plan Rows": 64552, "Plan Width": 32, "Actual Startup Time": 0.079, "Actual Total Time": 987.117, "Actual Rows": 86224, "Actual Loops": 1, "Inner Unique": false, "Plans": [{"Node Type": "Seq Scan", "Parent Relationship": "Outer", "Relation Name": "part", "Alias": "part", "Startup Cost": 0.0, "Total Cost": 66944.0, "Plan Rows": 22472, "Plan Width": 8, "Actual Startup Time": 0.039, "Actual Total Time": 775.085, "Actual Rows": 21556, "Actual Loops": 1, "Filter": "((p_name)::text ~~ 'green%'::text)", "Rows Removed by Filter": 1978444}, {"Node Type": "Index Scan", "Parent Relationship": "Inner", "Scan Direction": "Forward", "Index Name": "idx_partsupp_partkey", "Relation Name": "partsupp", "Alias": "partsupp", "Startup Cost": 0.0, "Total Cost": 7.01, "Plan Rows": 3, "Plan Width": 24, "Actual Startup Time": 134.916, "Actual Total Time": 179.467, "Actual Rows": 86224, "Actual Loops": 21556, "Index Cond": "(ps_partkey = part.p_partkey)", "Rows Removed by Index Recheck": 0}]}]}]}, {"Node Type": "Hash", "Parent Relationship": "Inner", "Startup Cost": 3574.95, "Total Cost": 3574.95, "Plan Rows": 4000, "Plan Width": 59, "Actual Startup Time": 49.334, "Actual Total Time": 49.334, "Actual Rows": 3934, "Actual Loops": 1, "Hash Buckets": 32768, "Hash Batches": 1, "Original Hash Batches": 1, "Peak Memory Usage": 368, "Plans": [{"Node Type": "Hash Join", "Parent Relationship": "Outer", "Join Type": "Inner", "Startup Cost": 1.32, "Total Cost": 3574.95, "Plan Rows": 4000, "Plan Width": 59, "Actual Startup Time": 0.101, "Actual Total Time": 47.871, "Actual Rows": 3934, "Actual Loops": 1, "Inner Unique": true, "Hash Cond": "(supplier.s_nationkey = nation.n_nationkey)", "Plans": [{"Node Type": "Seq Scan", "Parent Relationship": "Outer", "Relation Name": "supplier", "Alias": "supplier", "Startup Cost": 0.0, "Total Cost": 3283.0, "Plan Rows": 100000, "Plan Width": 63, "Actual Startup Time": 0.019, "Actual Total Time": 27.956, "Actual Rows": 100000, "Actual Loops": 1}, {"Node Type": "Hash", "Parent Relationship": "Inner", "Startup Cost": 1.31, "Total Cost": 1.31, "Plan Rows": 1, "Plan Width": 4, "Actual Startup Time": 0.037, "Actual Total Time": 0.037, "Actual Rows": 1, "Actual Loops": 1, "Hash Buckets": 32768, "Hash Batches": 1, "Original Hash Batches": 1, "Peak Memory Usage": 1, "Plans": [{"Node Type": "Seq Scan", "Parent Relationship": "Outer", "Relation Name": "nation", "Alias": "nation", "Startup Cost": 0.0, "Total Cost": 1.31, "Plan Rows": 1, "Plan Width": 4, "Actual Startup Time": 0.022, "Actual Total Time": 0.031, "Actual Rows": 1, "Actual Loops": 1, "Filter": "(n_name = 'ALGERIA'::bpchar)", "Rows Removed by Filter": 24}]}]}]}]}]}, "Triggers": [], "Planner Runtime": 2, "Total Runtime": 37813.159, "Unique SQL Id": 202076520}}, "(16, 109)": {"explain_plan": {"Plan": {"Node Type": "Sort", "Startup Cost": 6720005.94, "Total Cost": 6720010.94, "Plan Rows": 2000, "Plan Width": 51, "Sort Key": ["supplier.s_name"], "Plans": [{"Node Type": "Hash Join", "Parent Relationship": "Outer", "Join Type": "Right Semi", "Startup Cost": 6425046.57, "Total Cost": 6719896.28, "Plan Rows": 2000, "Plan Width": 51, "Inner Unique": false, "Hash Cond": "(lineitem.l_suppkey = supplier.s_suppkey)", "Plans": [{"Node Type": "Hash Join", "Parent Relationship": "Outer", "Join Type": "Inner", "Startup Cost": 6419358.7, "Total Cost": 6714188.4, "Plan Rows": 2, "Plan Width": 16, "Inner Unique": false, "Hash Cond": "((lineitem.l_partkey = partsupp.ps_partkey) AND (lineitem.l_suppkey = partsupp.ps_suppkey))", "Join Filter": "((partsupp.ps_availqty)::double precision > (.5::double precision * (sum(lineitem.l_quantity))))", "Plans": [{"Node Type": "Aggregate", "Strategy": "Hashed", "Parent Relationship": "Outer", "Startup Cost": 6154458.63, "Total Cost": 6267854.63, "Plan Rows": 9071680, "Plan Width": 40, "Group By Key": ["lineitem.l_partkey", "lineitem.l_suppkey"], "Plans": [{"Node Type": "Index Scan", "Parent Relationship": "Outer", "Scan Direction": "Forward", "Index Name": "idx_lineitem_shipdate", "Relation Name": "lineitem", "Alias": "lineitem", "Startup Cost": 0.0, "Total Cost": 6063741.83, "Plan Rows": 9071680, "Plan Width": 24, "Index Cond": "((l_shipdate >= '1993-01-01 00:00:00'::timestamp(0) without time zone) AND (l_shipdate < '1994-01-01 00:00:00'::timestamp without time zone)), (LLVM Optimized)"}]}, {"Node Type": "Hash", "Parent Relationship": "Inner", "Startup Cost": 263931.78, "Total Cost": 263931.78, "Plan Rows": 64552, "Plan Width": 32, "Plans": [{"Node Type": "Nested Loop", "Parent Relationship": "Outer", "Join Type": "Inner", "Startup Cost": 0.0, "Total Cost": 263931.78, "Plan Rows": 64552, "Plan Width": 32, "Inner Unique": false, "Plans": [{"Node Type": "Index Scan", "Parent Relationship": "Outer", "Scan Direction": "Forward", "Index Name": "part_kpey", "Relation Name": "part", "Alias": "part", "Startup Cost": 0.0, "Total Cost": 105803.25, "Plan Rows": 22472, "Plan Width": 8, "Filter": "((p_name)::text ~~ 'green%'::text)"}, {"Node Type": "Index Scan", "Parent Relationship": "Inner", "Scan Direction": "Forward", "Index Name": "idx_partsupp_partkey", "Relation Name": "partsupp", "Alias": "partsupp", "Startup Cost": 0.0, "Total Cost": 7.01, "Plan Rows": 3, "Plan Width": 24, "Index Cond": "(ps_partkey = part.p_partkey)"}]}]}]}, {"Node Type": "Hash", "Parent Relationship": "Inner", "Startup Cost": 5637.87, "Total Cost": 5637.87, "Plan Rows": 4000, "Plan Width": 59, "Plans": [{"Node Type": "Hash Join", "Parent Relationship": "Outer", "Join Type": "Inner", "Startup Cost": 12.7, "Total Cost": 5637.87, "Plan Rows": 4000, "Plan Width": 59, "Inner Unique": true, "Hash Cond": "(supplier.s_nationkey = nation.n_nationkey)", "Plans": [{"Node Type": "Index Scan", "Parent Relationship": "Outer", "Scan Direction": "Forward", "Index Name": "supplier_pkey", "Relation Name": "supplier", "Alias": "supplier", "Startup Cost": 0.0, "Total Cost": 5334.54, "Plan Rows": 100000, "Plan Width": 63}, {"Node Type": "Hash", "Parent Relationship": "Inner", "Startup Cost": 12.69, "Total Cost": 12.69, "Plan Rows": 1, "Plan Width": 4, "Plans": [{"Node Type": "Index Scan", "Parent Relationship": "Outer", "Scan Direction": "Forward", "Index Name": "nation_pkey", "Relation Name": "nation", "Alias": "nation", "Startup Cost": 0.0, "Total Cost": 12.69, "Plan Rows": 1, "Plan Width": 4, "Filter": "(n_name = 'ALGERIA'::bpchar)"}]}]}]}]}]}, "Unique SQL Id": 202076520, "Planner Runtime": 2}, "explain_analyze_plan": {"Plan": {"Node Type": "Sort", "Startup Cost": 6720005.94, "Total Cost": 6720010.94, "Plan Rows": 2000, "Plan Width": 51, "Actual Startup Time": 39039.162, "Actual Total Time": 39039.331, "Actual Rows": 1746, "Actual Loops": 1, "Sort Key": ["supplier.s_name"], "Sort Method": "quicksort", "Sort Space Used": 309, "Sort Space Type": "Memory", "Plans": [{"Node Type": "Hash Join", "Parent Relationship": "Outer", "Join Type": "Right Semi", "Startup Cost": 6425046.57, "Total Cost": 6719896.28, "Plan Rows": 2000, "Plan Width": 51, "Actual Startup Time": 34097.279, "Actual Total Time": 39029.429, "Actual Rows": 1746, "Actual Loops": 1, "Inner Unique": false, "Hash Cond": "(lineitem.l_suppkey = supplier.s_suppkey)", "Plans": [{"Node Type": "Hash Join", "Parent Relationship": "Outer", "Join Type": "Inner", "Startup Cost": 6419358.7, "Total Cost": 6714188.4, "Plan Rows": 2, "Plan Width": 16, "Actual Startup Time": 33999.919, "Actual Total Time": 38919.433, "Actual Rows": 58537, "Actual Loops": 1, "Inner Unique": false, "Hash Cond": "((lineitem.l_partkey = partsupp.ps_partkey) AND (lineitem.l_suppkey = partsupp.ps_suppkey))", "Join Filter": "((partsupp.ps_availqty)::double precision > (.5::double precision * (sum(lineitem.l_quantity))))", "Rows Removed by Join Filter": 136, "Plans": [{"Node Type": "Aggregate", "Strategy": "Hashed", "Parent Relationship": "Outer", "Startup Cost": 6154458.63, "Total Cost": 6267854.63, "Plan Rows": 9071680, "Plan Width": 40, "Actual Startup Time": 32333.635, "Actual Total Time": 35632.859, "Actual Rows": 5442751, "Actual Loops": 1, "Group By Key": ["lineitem.l_partkey", "lineitem.l_suppkey"], "Plans": [{"Node Type": "Index Scan", "Parent Relationship": "Outer", "Scan Direction": "Forward", "Index Name": "idx_lineitem_shipdate", "Relation Name": "lineitem", "Alias": "lineitem", "Startup Cost": 0.0, "Total Cost": 6063741.83, "Plan Rows": 9071680, "Plan Width": 24, "Actual Startup Time": 0.072, "Actual Total Time": 23659.846, "Actual Rows": 9109641, "Actual Loops": 1, "Index Cond": "((l_shipdate >= '1993-01-01 00:00:00'::timestamp(0) without time zone) AND (l_shipdate < '1994-01-01 00:00:00'::timestamp without time zone)), (LLVM Optimized, Jit Execute)", "Rows Removed by Index Recheck": 0}]}, {"Node Type": "Hash", "Parent Relationship": "Inner", "Startup Cost": 263931.78, "Total Cost": 263931.78, "Plan Rows": 64552, "Plan Width": 32, "Actual Startup Time": 1665.665, "Actual Total Time": 1665.665, "Actual Rows": 86224, "Actual Loops": 1, "Hash Buckets": 65536, "Hash Batches": 1, "Original Hash Batches": 1, "Peak Memory Usage": 5389, "Plans": [{"Node Type": "Nested Loop", "Parent Relationship": "Outer", "Join Type": "Inner", "Startup Cost": 0.0, "Total Cost": 263931.78, "Plan Rows": 64552, "Plan Width": 32, "Actual Startup Time": 0.108, "Actual Total Time": 1628.258, "Actual Rows": 86224, "Actual Loops": 1, "Inner Unique": false, "Plans": [{"Node Type": "Index Scan", "Parent Relationship": "Outer", "Scan Direction": "Forward", "Index Name": "part_kpey", "Relation Name": "part", "Alias": "part", "Startup Cost": 0.0, "Total Cost": 105803.25, "Plan Rows": 22472, "Plan Width": 8, "Actual Startup Time": 0.081, "Actual Total Time": 1405.358, "Actual Rows": 21556, "Actual Loops": 1, "Filter": "((p_name)::text ~~ 'green%'::text)", "Rows Removed by Filter": 1978444}, {"Node Type": "Index Scan", "Parent Relationship": "Inner", "Scan Direction": "Forward", "Index Name": "idx_partsupp_partkey", "Relation Name": "partsupp", "Alias": "partsupp", "Startup Cost": 0.0, "Total Cost": 7.01, "Plan Rows": 3, "Plan Width": 24, "Actual Startup Time": 145.019, "Actual Total Time": 190.577, "Actual Rows": 86224, "Actual Loops": 21556, "Index Cond": "(ps_partkey = part.p_partkey)", "Rows Removed by Index Recheck": 0}]}]}]}, {"Node Type": "Hash", "Parent Relationship": "Inner", "Startup Cost": 5637.87, "Total Cost": 5637.87, "Plan Rows": 4000, "Plan Width": 59, "Actual Startup Time": 90.552, "Actual Total Time": 90.552, "Actual Rows": 3934, "Actual Loops": 1, "Hash Buckets": 32768, "Hash Batches": 1, "Original Hash Batches": 1, "Peak Memory Usage": 368, "Plans": [{"Node Type": "Hash Join", "Parent Relationship": "Outer", "Join Type": "Inner", "Startup Cost": 12.7, "Total Cost": 5637.87, "Plan Rows": 4000, "Plan Width": 59, "Actual Startup Time": 0.125, "Actual Total Time": 88.546, "Actual Rows": 3934, "Actual Loops": 1, "Inner Unique": true, "Hash Cond": "(supplier.s_nationkey = nation.n_nationkey)", "Plans": [{"Node Type": "Index Scan", "Parent Relationship": "Outer", "Scan Direction": "Forward", "Index Name": "supplier_pkey", "Relation Name": "supplier", "Alias": "supplier", "Startup Cost": 0.0, "Total Cost": 5334.54, "Plan Rows": 100000, "Plan Width": 63, "Actual Startup Time": 0.028, "Actual Total Time": 68.521, "Actual Rows": 100000, "Actual Loops": 1}, {"Node Type": "Hash", "Parent Relationship": "Inner", "Startup Cost": 12.69, "Total Cost": 12.69, "Plan Rows": 1, "Plan Width": 4, "Actual Startup Time": 0.03, "Actual Total Time": 0.03, "Actual Rows": 1, "Actual Loops": 1, "Hash Buckets": 32768, "Hash Batches": 1, "Original Hash Batches": 1, "Peak Memory Usage": 1, "Plans": [{"Node Type": "Index Scan", "Parent Relationship": "Outer", "Scan Direction": "Forward", "Index Name": "nation_pkey", "Relation Name": "nation", "Alias": "nation", "Startup Cost": 0.0, "Total Cost": 12.69, "Plan Rows": 1, "Plan Width": 4, "Actual Startup Time": 0.01, "Actual Total Time": 0.025, "Actual Rows": 1, "Actual Loops": 1, "Filter": "(n_name = 'ALGERIA'::bpchar)", "Rows Removed by Filter": 24}]}]}]}]}]}, "Triggers": [], "Planner Runtime": 2, "Total Runtime": 39049.02, "Unique SQL Id": 202076520}}, "(16, 110)": {"explain_plan": {"Plan": {"Node Type": "Sort", "Startup Cost": 3063182.61, "Total Cost": 3063187.61, "Plan Rows": 2000, "Plan Width": 51, "Sort Key": ["supplier.s_name"], "Plans": [{"Node Type": "Hash Join", "Parent Relationship": "Outer", "Join Type": "Right Semi", "Startup Cost": 2768223.24, "Total Cost": 3063072.95, "Plan Rows": 2000, "Plan Width": 51, "Inner Unique": false, "Hash Cond": "(lineitem.l_suppkey = supplier.s_suppkey)", "Plans": [{"Node Type": "Hash Join", "Parent Relationship": "Outer", "Join Type": "Inner", "Startup Cost": 2764598.29, "Total Cost": 3059427.99, "Plan Rows": 2, "Plan Width": 16, "Inner Unique": false, "Hash Cond": "((lineitem.l_partkey = partsupp.ps_partkey) AND (lineitem.l_suppkey = partsupp.ps_suppkey))", "Join Filter": "((partsupp.ps_availqty)::double precision > (.5::double precision * (sum(lineitem.l_quantity))))", "Plans": [{"Node Type": "Aggregate", "Strategy": "Hashed", "Parent Relationship": "Outer", "Startup Cost": 2405767.29, "Total Cost": 2519163.29, "Plan Rows": 9071680, "Plan Width": 40, "Group By Key": ["lineitem.l_partkey", "lineitem.l_suppkey"], "Plans": [{"Node Type": "Seq Scan", "Parent Relationship": "Outer", "Relation Name": "lineitem", "Alias": "lineitem", "Startup Cost": 119.57, "Total Cost": 2315050.5, "Plan Rows": 9071680, "Plan Width": 24, "Filter": "((l_shipdate >= '1993-01-01 00:00:00'::timestamp(0) without time zone) AND (l_shipdate < '1994-01-01 00:00:00'::timestamp without time zone)), (LLVM Optimized)"}]}, {"Node Type": "Hash", "Parent Relationship": "Inner", "Startup Cost": 357862.71, "Total Cost": 357862.71, "Plan Rows": 64552, "Plan Width": 32, "Plans": [{"Node Type": "Hash Join", "Parent Relationship": "Outer", "Join Type": "Inner", "Startup Cost": 67224.9, "Total Cost": 357862.71, "Plan Rows": 64552, "Plan Width": 32, "Inner Unique": true, "Hash Cond": "(partsupp.ps_partkey = part.p_partkey)", "Plans": [{"Node Type": "Seq Scan", "Parent Relationship": "Outer", "Relation Name": "partsupp", "Alias": "partsupp", "Startup Cost": 0.0, "Total Cost": 269987.72, "Plan Rows": 8000372, "Plan Width": 24}, {"Node Type": "Hash", "Parent Relationship": "Inner", "Startup Cost": 66944.0, "Total Cost": 66944.0, "Plan Rows": 22472, "Plan Width": 8, "Plans": [{"Node Type": "Seq Scan", "Parent Relationship": "Outer", "Relation Name": "part", "Alias": "part", "Startup Cost": 0.0, "Total Cost": 66944.0, "Plan Rows": 22472, "Plan Width": 8, "Filter": "((p_name)::text ~~ 'green%'::text)"}]}]}]}]}, {"Node Type": "Hash", "Parent Relationship": "Inner", "Startup Cost": 3574.95, "Total Cost": 3574.95, "Plan Rows": 4000, "Plan Width": 59, "Plans": [{"Node Type": "Hash Join", "Parent Relationship": "Outer", "Join Type": "Inner", "Startup Cost": 1.32, "Total Cost": 3574.95, "Plan Rows": 4000, "Plan Width": 59, "Inner Unique": true, "Hash Cond": "(supplier.s_nationkey = nation.n_nationkey)", "Plans": [{"Node Type": "Seq Scan", "Parent Relationship": "Outer", "Relation Name": "supplier", "Alias": "supplier", "Startup Cost": 0.0, "Total Cost": 3283.0, "Plan Rows": 100000, "Plan Width": 63}, {"Node Type": "Hash", "Parent Relationship": "Inner", "Startup Cost": 1.31, "Total Cost": 1.31, "Plan Rows": 1, "Plan Width": 4, "Plans": [{"Node Type": "Seq Scan", "Parent Relationship": "Outer", "Relation Name": "nation", "Alias": "nation", "Startup Cost": 0.0, "Total Cost": 1.31, "Plan Rows": 1, "Plan Width": 4, "Filter": "(n_name = 'ALGERIA'::bpchar)"}]}]}]}]}]}, "Unique SQL Id": 202076520, "Planner Runtime": 2}, "explain_analyze_plan": {"Plan": {"Node Type": "Sort", "Startup Cost": 3063182.61, "Total Cost": 3063187.61, "Plan Rows": 2000, "Plan Width": 51, "Actual Startup Time": 42067.09, "Actual Total Time": 42067.236, "Actual Rows": 1746, "Actual Loops": 1, "Sort Key": ["supplier.s_name"], "Sort Method": "quicksort", "Sort Space Used": 309, "Sort Space Type": "Memory", "Plans": [{"Node Type": "Hash Join", "Parent Relationship": "Outer", "Join Type": "Right Semi", "Startup Cost": 2768223.24, "Total Cost": 3063072.95, "Plan Rows": 2000, "Plan Width": 51, "Actual Startup Time": 36615.589, "Actual Total Time": 42057.075, "Actual Rows": 1746, "Actual Loops": 1, "Inner Unique": false, "Hash Cond": "(lineitem.l_suppkey = supplier.s_suppkey)", "Plans": [{"Node Type": "Hash Join", "Parent Relationship": "Outer", "Join Type": "Inner", "Startup Cost": 2764598.29, "Total Cost": 3059427.99, "Plan Rows": 2, "Plan Width": 16, "Actual Startup Time": 36558.189, "Actual Total Time": 41986.014, "Actual Rows": 58537, "Actual Loops": 1, "Inner Unique": false, "Hash Cond": "((lineitem.l_partkey = partsupp.ps_partkey) AND (lineitem.l_suppkey = partsupp.ps_suppkey))", "Join Filter": "((partsupp.ps_availqty)::double precision > (.5::double precision * (sum(lineitem.l_quantity))))", "Rows Removed by Join Filter": 136, "Plans": [{"Node Type": "Aggregate", "Strategy": "Hashed", "Parent Relationship": "Outer", "Startup Cost": 2405767.29, "Total Cost": 2519163.29, "Plan Rows": 9071680, "Plan Width": 40, "Actual Startup Time": 31817.711, "Actual Total Time": 35651.035, "Actual Rows": 5442751, "Actual Loops": 1, "Group By Key": ["lineitem.l_partkey", "lineitem.l_suppkey"], "Plans": [{"Node Type": "Seq Scan", "Parent Relationship": "Outer", "Relation Name": "lineitem", "Alias": "lineitem", "Startup Cost": 119.57, "Total Cost": 2315050.5, "Plan Rows": 9071680, "Plan Width": 24, "Actual Startup Time": 0.068, "Actual Total Time": 23278.46, "Actual Rows": 9109641, "Actual Loops": 1, "Filter": "((l_shipdate >= '1993-01-01 00:00:00'::timestamp(0) without time zone) AND (l_shipdate < '1994-01-01 00:00:00'::timestamp without time zone)), (LLVM Optimized, Jit Execute)", "Rows Removed by Filter": 50876411}]}, {"Node Type": "Hash", "Parent Relationship": "Inner", "Startup Cost": 357862.71, "Total Cost": 357862.71, "Plan Rows": 64552, "Plan Width": 32, "Actual Startup Time": 4740.208, "Actual Total Time": 4740.208, "Actual Rows": 86224, "Actual Loops": 1, "Hash Buckets": 65536, "Hash Batches": 1, "Original Hash Batches": 1, "Peak Memory Usage": 5389, "Plans": [{"Node Type": "Hash Join", "Parent Relationship": "Outer", "Join Type": "Inner", "Startup Cost": 67224.9, "Total Cost": 357862.71, "Plan Rows": 64552, "Plan Width": 32, "Actual Startup Time": 777.012, "Actual Total Time": 4700.651, "Actual Rows": 86224, "Actual Loops": 1, "Inner Unique": true, "Hash Cond": "(partsupp.ps_partkey = part.p_partkey)", "Plans": [{"Node Type": "Seq Scan", "Parent Relationship": "Outer", "Relation Name": "partsupp", "Alias": "partsupp", "Startup Cost": 0.0, "Total Cost": 269987.72, "Plan Rows": 8000372, "Plan Width": 24, "Actual Startup Time": 0.019, "Actual Total Time": 2377.214, "Actual Rows": 8000000, "Actual Loops": 1}, {"Node Type": "Hash", "Parent Relationship": "Inner", "Startup Cost": 66944.0, "Total Cost": 66944.0, "Plan Rows": 22472, "Plan Width": 8, "Actual Startup Time": 776.854, "Actual Total Time": 776.854, "Actual Rows": 21556, "Actual Loops": 1, "Hash Buckets": 32768, "Hash Batches": 1, "Original Hash Batches": 1, "Peak Memory Usage": 843, "Plans": [{"Node Type": "Seq Scan", "Parent Relationship": "Outer", "Relation Name": "part", "Alias": "part", "Startup Cost": 0.0, "Total Cost": 66944.0, "Plan Rows": 22472, "Plan Width": 8, "Actual Startup Time": 0.039, "Actual Total Time": 769.293, "Actual Rows": 21556, "Actual Loops": 1, "Filter": "((p_name)::text ~~ 'green%'::text)", "Rows Removed by Filter": 1978444}]}]}]}]}, {"Node Type": "Hash", "Parent Relationship": "Inner", "Startup Cost": 3574.95, "Total Cost": 3574.95, "Plan Rows": 4000, "Plan Width": 59, "Actual Startup Time": 49.36, "Actual Total Time": 49.36, "Actual Rows": 3934, "Actual Loops": 1, "Hash Buckets": 32768, "Hash Batches": 1, "Original Hash Batches": 1, "Peak Memory Usage": 368, "Plans": [{"Node Type": "Hash Join", "Parent Relationship": "Outer", "Join Type": "Inner", "Startup Cost": 1.32, "Total Cost": 3574.95, "Plan Rows": 4000, "Plan Width": 59, "Actual Startup Time": 0.102, "Actual Total Time": 47.923, "Actual Rows": 3934, "Actual Loops": 1, "Inner Unique": true, "Hash Cond": "(supplier.s_nationkey = nation.n_nationkey)", "Plans": [{"Node Type": "Seq Scan", "Parent Relationship": "Outer", "Relation Name": "supplier", "Alias": "supplier", "Startup Cost": 0.0, "Total Cost": 3283.0, "Plan Rows": 100000, "Plan Width": 63, "Actual Startup Time": 0.02, "Actual Total Time": 28.009, "Actual Rows": 100000, "Actual Loops": 1}, {"Node Type": "Hash", "Parent Relationship": "Inner", "Startup Cost": 1.31, "Total Cost": 1.31, "Plan Rows": 1, "Plan Width": 4, "Actual Startup Time": 0.041, "Actual Total Time": 0.041, "Actual Rows": 1, "Actual Loops": 1, "Hash Buckets": 32768, "Hash Batches": 1, "Original Hash Batches": 1, "Peak Memory Usage": 1, "Plans": [{"Node Type": "Seq Scan", "Parent Relationship": "Outer", "Relation Name": "nation", "Alias": "nation", "Startup Cost": 0.0, "Total Cost": 1.31, "Plan Rows": 1, "Plan Width": 4, "Actual Startup Time": 0.022, "Actual Total Time": 0.03, "Actual Rows": 1, "Actual Loops": 1, "Filter": "(n_name = 'ALGERIA'::bpchar)", "Rows Removed by Filter": 24}]}]}]}]}]}, "Triggers": [], "Planner Runtime": 2, "Total Runtime": 42076.817, "Unique SQL Id": 202076520}}, "(16, 111)": {"explain_plan": {"Plan": {"Node Type": "Sort", "Startup Cost": 5001904909212.37, "Total Cost": 5001904909217.37, "Plan Rows": 2000, "Plan Width": 51, "Sort Key": ["supplier.s_name"], "Plans": [{"Node Type": "Nested Loop", "Parent Relationship": "Outer", "Join Type": "Semi", "Startup Cost": 3020816056965.71, "Total Cost": 5001904909102.71, "Plan Rows": 2000, "Plan Width": 51, "Inner Unique": false, "Plans": [{"Node Type": "Nested Loop", "Parent Relationship": "Outer", "Join Type": "Inner", "Startup Cost": 20000000095.25, "Total Cost": 2000000250512.56, "Plan Rows": 4000, "Plan Width": 59, "Inner Unique": false, "Plans": [{"Node Type": "Index Scan", "Parent Relationship": "Outer", "Scan Direction": "Forward", "Index Name": "nation_pkey", "Relation Name": "nation", "Alias": "nation", "Startup Cost": 10000000000.0, "Total Cost": 1000000001268.75, "Plan Rows": 1, "Plan Width": 4, "Filter": "(n_name = 'ALGERIA'::bpchar)"}, {"Node Type": "Bitmap Heap Scan", "Parent Relationship": "Inner", "Relation Name": "supplier", "Alias": "supplier", "Startup Cost": 10000000095.25, "Total Cost": 1000000249203.81, "Plan Rows": 4000, "Plan Width": 63, "Recheck Cond": "(s_nationkey = nation.n_nationkey)", "Plans": [{"Node Type": "Bitmap Index Scan", "Parent Relationship": "Outer", "Index Name": "idx_supplier_nation_key", "Startup Cost": 0.0, "Total Cost": 94.25, "Plan Rows": 4000, "Plan Width": 0, "Index Cond": "(s_nationkey = nation.n_nationkey)"}]}]}, {"Node Type": "Hash Join", "Parent Relationship": "Inner", "Join Type": "Inner", "Startup Cost": 3000816056870.46, "Total Cost": 3000816329020.88, "Plan Rows": 1, "Plan Width": 16, "Inner Unique": false, "Hash Cond": "((lineitem.l_partkey = partsupp.ps_partkey) AND (lineitem.l_suppkey = partsupp.ps_suppkey))", "Join Filter": "((supplier.s_suppkey = lineitem.l_suppkey) AND ((partsupp.ps_availqty)::double precision > (.5::double precision * (sum(lineitem.l_quantity)))))", "Plans": [{"Node Type": "Aggregate", "Strategy": "Hashed", "Parent Relationship": "Outer", "Startup Cost": 1000805475552.94, "Total Cost": 1000805588948.94, "Plan Rows": 9071680, "Plan Width": 40, "Group By Key": ["lineitem.l_partkey", "lineitem.l_suppkey"], "Plans": [{"Node Type": "Index Scan", "Parent Relationship": "Outer", "Scan Direction": "Forward", "Index Name": "idx_lineitem_part_supp", "Relation Name": "lineitem", "Alias": "lineitem", "Startup Cost": 10000000000.0, "Total Cost": 1000805384836.14, "Plan Rows": 9071680, "Plan Width": 24, "Filter": "((l_shipdate >= '1993-01-01 00:00:00'::timestamp(0) without time zone) AND (l_shipdate < '1994-01-01 00:00:00'::timestamp without time zone)), (LLVM Optimized)"}]}, {"Node Type": "Hash", "Parent Relationship": "Inner", "Startup Cost": 2000010581317.5, "Total Cost": 2000010581317.5, "Plan Rows": 1, "Plan Width": 32, "Plans": [{"Node Type": "Hash Join", "Parent Relationship": "Outer", "Join Type": "Right Semi", "Startup Cost": 1010000000932.76, "Total Cost": 2000010581317.5, "Plan Rows": 1, "Plan Width": 32, "Inner Unique": false, "Hash Cond": "(part.p_partkey = partsupp.ps_partkey)", "Plans": [{"Node Type": "Index Scan", "Parent Relationship": "Outer", "Scan Direction": "Forward", "Index Name": "part_kpey", "Relation Name": "part", "Alias": "part", "Startup Cost": 10000000000.0, "Total Cost": 1000010580325.0, "Plan Rows": 22472, "Plan Width": 8, "Filter": "((p_name)::text ~~ 'green%'::text)"}, {"Node Type": "Hash", "Parent Relationship": "Inner", "Startup Cost": 1000000000932.6, "Total Cost": 1000000000932.6, "Plan Rows": 13, "Plan Width": 24, "Plans": [{"Node Type": "Index Scan", "Parent Relationship": "Outer", "Scan Direction": "Forward", "Index Name": "idx_partsupp_suppkey", "Relation Name": "partsupp", "Alias": "partsupp", "Startup Cost": 10000000000.0, "Total Cost": 1000000000932.6, "Plan Rows": 13, "Plan Width": 24, "Index Cond": "(ps_suppkey = supplier.s_suppkey)"}]}]}]}]}]}]}, "Unique SQL Id": 202076520, "Planner Runtime": 2}, "explain_analyze_plan": null}, "(16, 112)": {"explain_plan": {"Plan": {"Node Type": "Sort", "Startup Cost": 5735697.9, "Total Cost": 5735702.9, "Plan Rows": 2000, "Plan Width": 51, "Sort Key": ["supplier.s_name"], "Plans": [{"Node Type": "Nested Loop", "Parent Relationship": "Outer", "Join Type": "Semi", "Startup Cost": 1956349.97, "Total Cost": 5735588.24, "Plan Rows": 2000, "Plan Width": 51, "Inner Unique": false, "Join Filter": "(supplier.s_suppkey = lineitem.l_suppkey)", "Plans": [{"Node Type": "Nested Loop", "Parent Relationship": "Outer", "Join Type": "Inner", "Startup Cost": 0.0, "Total Cost": 4534.31, "Plan Rows": 4000, "Plan Width": 59, "Inner Unique": false, "Join Filter": "(supplier.s_nationkey = nation.n_nationkey)", "Plans": [{"Node Type": "Seq Scan", "Parent Relationship": "Outer", "Relation Name": "nation", "Alias": "nation", "Startup Cost": 0.0, "Total Cost": 1.31, "Plan Rows": 1, "Plan Width": 4, "Filter": "(n_name = 'ALGERIA'::bpchar)"}, {"Node Type": "Seq Scan", "Parent Relationship": "Inner", "Relation Name": "supplier", "Alias": "supplier", "Startup Cost": 0.0, "Total Cost": 3283.0, "Plan Rows": 100000, "Plan Width": 63}]}, {"Node Type": "Materialize", "Parent Relationship": "Inner", "Startup Cost": 1956349.97, "Total Cost": 5730933.93, "Plan Rows": 2, "Plan Width": 16, "Plans": [{"Node Type": "Nested Loop", "Parent Relationship": "Outer", "Join Type": "Semi", "Startup Cost": 1956349.97, "Total Cost": 5730933.92, "Plan Rows": 2, "Plan Width": 16, "Inner Unique": false, "Plans": [{"Node Type": "Nested Loop", "Parent Relationship": "Outer", "Join Type": "Inner", "Startup Cost": 1956349.97, "Total Cost": 5730929.17, "Plan Rows": 15, "Plan Width": 32, "Inner Unique": true, "Plans": [{"Node Type": "Aggregate", "Strategy": "Hashed", "Parent Relationship": "Outer", "Startup Cost": 1956349.97, "Total Cost": 2069745.97, "Plan Rows": 9071680, "Plan Width": 40, "Group By Key": ["lineitem.l_partkey", "lineitem.l_suppkey"], "Plans": [{"Node Type": "Bitmap Heap Scan", "Parent Relationship": "Outer", "Relation Name": "lineitem", "Alias": "lineitem", "Startup Cost": 314312.97, "Total Cost": 1865633.17, "Plan Rows": 9071680, "Plan Width": 24, "Recheck Cond": "((l_shipdate >= '1993-01-01 00:00:00'::timestamp(0) without time zone) AND (l_shipdate < '1994-01-01 00:00:00'::timestamp without time zone)), (LLVM Optimized)", "Plans": [{"Node Type": "Bitmap Index Scan", "Parent Relationship": "Outer", "Index Name": "idx_lineitem_shipdate", "Startup Cost": 0.0, "Total Cost": 312045.05, "Plan Rows": 9071680, "Plan Width": 0, "Index Cond": "((l_shipdate >= '1993-01-01 00:00:00'::timestamp(0) without time zone) AND (l_shipdate < '1994-01-01 00:00:00'::timestamp without time zone))"}]}]}, {"Node Type": "Index Scan", "Parent Relationship": "Inner", "Scan Direction": "Forward", "Index Name": "partsupp_pkey", "Relation Name": "partsupp", "Alias": "partsupp", "Startup Cost": 0.0, "Total Cost": 0.38, "Plan Rows": 1, "Plan Width": 24, "Index Cond": "((ps_partkey = lineitem.l_partkey) AND (ps_suppkey = lineitem.l_suppkey))", "Filter": "((ps_availqty)::double precision > (.5::double precision * (sum(lineitem.l_quantity))))"}]}, {"Node Type": "Index Scan", "Parent Relationship": "Inner", "Scan Direction": "Forward", "Index Name": "part_kpey", "Relation Name": "part", "Alias": "part", "Startup Cost": 0.0, "Total Cost": 0.3, "Plan Rows": 1, "Plan Width": 8, "Index Cond": "(p_partkey = partsupp.ps_partkey)", "Filter": "((p_name)::text ~~ 'green%'::text)"}]}]}]}]}, "Unique SQL Id": 202076520, "Planner Runtime": 2}, "explain_analyze_plan": null}, "(16, 113)": {"explain_plan": {"Plan": {"Node Type": "Sort", "Startup Cost": 5737760.82, "Total Cost": 5737765.82, "Plan Rows": 2000, "Plan Width": 51, "Sort Key": ["supplier.s_name"], "Plans": [{"Node Type": "Nested Loop", "Parent Relationship": "Outer", "Join Type": "Semi", "Startup Cost": 1956349.97, "Total Cost": 5737651.16, "Plan Rows": 2000, "Plan Width": 51, "Inner Unique": false, "Join Filter": "(supplier.s_suppkey = lineitem.l_suppkey)", "Plans": [{"Node Type": "Nested Loop", "Parent Relationship": "Outer", "Join Type": "Inner", "Startup Cost": 0.0, "Total Cost": 6597.23, "Plan Rows": 4000, "Plan Width": 59, "Inner Unique": false, "Join Filter": "(supplier.s_nationkey = nation.n_nationkey)", "Plans": [{"Node Type": "Index Scan", "Parent Relationship": "Outer", "Scan Direction": "Forward", "Index Name": "nation_pkey", "Relation Name": "nation", "Alias": "nation", "Startup Cost": 0.0, "Total Cost": 12.69, "Plan Rows": 1, "Plan Width": 4, "Filter": "(n_name = 'ALGERIA'::bpchar)"}, {"Node Type": "Index Scan", "Parent Relationship": "Inner", "Scan Direction": "Forward", "Index Name": "supplier_pkey", "Relation Name": "supplier", "Alias": "supplier", "Startup Cost": 0.0, "Total Cost": 5334.54, "Plan Rows": 100000, "Plan Width": 63}]}, {"Node Type": "Materialize", "Parent Relationship": "Inner", "Startup Cost": 1956349.97, "Total Cost": 5730933.93, "Plan Rows": 2, "Plan Width": 16, "Plans": [{"Node Type": "Nested Loop", "Parent Relationship": "Outer", "Join Type": "Semi", "Startup Cost": 1956349.97, "Total Cost": 5730933.92, "Plan Rows": 2, "Plan Width": 16, "Inner Unique": false, "Plans": [{"Node Type": "Nested Loop", "Parent Relationship": "Outer", "Join Type": "Inner", "Startup Cost": 1956349.97, "Total Cost": 5730929.17, "Plan Rows": 15, "Plan Width": 32, "Inner Unique": true, "Plans": [{"Node Type": "Aggregate", "Strategy": "Hashed", "Parent Relationship": "Outer", "Startup Cost": 1956349.97, "Total Cost": 2069745.97, "Plan Rows": 9071680, "Plan Width": 40, "Group By Key": ["lineitem.l_partkey", "lineitem.l_suppkey"], "Plans": [{"Node Type": "Bitmap Heap Scan", "Parent Relationship": "Outer", "Relation Name": "lineitem", "Alias": "lineitem", "Startup Cost": 314312.97, "Total Cost": 1865633.17, "Plan Rows": 9071680, "Plan Width": 24, "Recheck Cond": "((l_shipdate >= '1993-01-01 00:00:00'::timestamp(0) without time zone) AND (l_shipdate < '1994-01-01 00:00:00'::timestamp without time zone)), (LLVM Optimized)", "Plans": [{"Node Type": "Bitmap Index Scan", "Parent Relationship": "Outer", "Index Name": "idx_lineitem_shipdate", "Startup Cost": 0.0, "Total Cost": 312045.05, "Plan Rows": 9071680, "Plan Width": 0, "Index Cond": "((l_shipdate >= '1993-01-01 00:00:00'::timestamp(0) without time zone) AND (l_shipdate < '1994-01-01 00:00:00'::timestamp without time zone))"}]}]}, {"Node Type": "Index Scan", "Parent Relationship": "Inner", "Scan Direction": "Forward", "Index Name": "partsupp_pkey", "Relation Name": "partsupp", "Alias": "partsupp", "Startup Cost": 0.0, "Total Cost": 0.38, "Plan Rows": 1, "Plan Width": 24, "Index Cond": "((ps_partkey = lineitem.l_partkey) AND (ps_suppkey = lineitem.l_suppkey))", "Filter": "((ps_availqty)::double precision > (.5::double precision * (sum(lineitem.l_quantity))))"}]}, {"Node Type": "Index Scan", "Parent Relationship": "Inner", "Scan Direction": "Forward", "Index Name": "part_kpey", "Relation Name": "part", "Alias": "part", "Startup Cost": 0.0, "Total Cost": 0.3, "Plan Rows": 1, "Plan Width": 8, "Index Cond": "(p_partkey = partsupp.ps_partkey)", "Filter": "((p_name)::text ~~ 'green%'::text)"}]}]}]}]}, "Unique SQL Id": 202076520, "Planner Runtime": 1}, "explain_analyze_plan": null}, "(16, 114)": {"explain_plan": {"Plan": {"Node Type": "Sort", "Startup Cost": 41264813.41, "Total Cost": 41264818.41, "Plan Rows": 2000, "Plan Width": 51, "Sort Key": ["supplier.s_name"], "Plans": [{"Node Type": "Nested Loop", "Parent Relationship": "Outer", "Join Type": "Semi", "Startup Cost": 1956350.51, "Total Cost": 41264703.75, "Plan Rows": 2000, "Plan Width": 51, "Inner Unique": false, "Join Filter": "(supplier.s_suppkey = lineitem.l_suppkey)", "Plans": [{"Node Type": "Nested Loop", "Parent Relationship": "Outer", "Join Type": "Inner", "Startup Cost": 0.0, "Total Cost": 4534.31, "Plan Rows": 4000, "Plan Width": 59, "Inner Unique": false, "Join Filter": "(supplier.s_nationkey = nation.n_nationkey)", "Plans": [{"Node Type": "Seq Scan", "Parent Relationship": "Outer", "Relation Name": "nation", "Alias": "nation", "Startup Cost": 0.0, "Total Cost": 1.31, "Plan Rows": 1, "Plan Width": 4, "Filter": "(n_name = 'ALGERIA'::bpchar)"}, {"Node Type": "Seq Scan", "Parent Relationship": "Inner", "Relation Name": "supplier", "Alias": "supplier", "Startup Cost": 0.0, "Total Cost": 3283.0, "Plan Rows": 100000, "Plan Width": 63}]}, {"Node Type": "Materialize", "Parent Relationship": "Inner", "Startup Cost": 1956350.51, "Total Cost": 41260049.44, "Plan Rows": 2, "Plan Width": 16, "Plans": [{"Node Type": "Nested Loop", "Parent Relationship": "Outer", "Join Type": "Semi", "Startup Cost": 1956350.51, "Total Cost": 41260049.43, "Plan Rows": 2, "Plan Width": 16, "Inner Unique": false, "Join Filter": "(partsupp.ps_partkey = part.p_partkey)", "Plans": [{"Node Type": "Nested Loop", "Parent Relationship": "Outer", "Join Type": "Inner", "Startup Cost": 1956350.25, "Total Cost": 41259981.09, "Plan Rows": 15, "Plan Width": 32, "Inner Unique": true, "Plans": [{"Node Type": "Aggregate", "Strategy": "Hashed", "Parent Relationship": "Outer", "Startup Cost": 1956349.97, "Total Cost": 2069745.97, "Plan Rows": 9071680, "Plan Width": 40, "Group By Key": ["lineitem.l_partkey", "lineitem.l_suppkey"], "Plans": [{"Node Type": "Bitmap Heap Scan", "Parent Relationship": "Outer", "Relation Name": "lineitem", "Alias": "lineitem", "Startup Cost": 314312.97, "Total Cost": 1865633.17, "Plan Rows": 9071680, "Plan Width": 24, "Recheck Cond": "((l_shipdate >= '1993-01-01 00:00:00'::timestamp(0) without time zone) AND (l_shipdate < '1994-01-01 00:00:00'::timestamp without time zone)), (LLVM Optimized)", "Plans": [{"Node Type": "Bitmap Index Scan", "Parent Relationship": "Outer", "Index Name": "idx_lineitem_shipdate", "Startup Cost": 0.0, "Total Cost": 312045.05, "Plan Rows": 9071680, "Plan Width": 0, "Index Cond": "((l_shipdate >= '1993-01-01 00:00:00'::timestamp(0) without time zone) AND (l_shipdate < '1994-01-01 00:00:00'::timestamp without time zone))"}]}]}, {"Node Type": "Bitmap Heap Scan", "Parent Relationship": "Inner", "Relation Name": "partsupp", "Alias": "partsupp", "Startup Cost": 0.28, "Total Cost": 4.3, "Plan Rows": 1, "Plan Width": 24, "Recheck Cond": "((ps_partkey = lineitem.l_partkey) AND (ps_suppkey = lineitem.l_suppkey))", "Filter": "((ps_availqty)::double precision > (.5::double precision * (sum(lineitem.l_quantity))))", "Plans": [{"Node Type": "Bitmap Index Scan", "Parent Relationship": "Outer", "Index Name": "partsupp_pkey", "Startup Cost": 0.0, "Total Cost": 0.28, "Plan Rows": 1, "Plan Width": 0, "Index Cond": "((ps_partkey = lineitem.l_partkey) AND (ps_suppkey = lineitem.l_suppkey))"}]}]}, {"Node Type": "Bitmap Heap Scan", "Parent Relationship": "Inner", "Relation Name": "part", "Alias": "part", "Startup Cost": 0.26, "Total Cost": 4.28, "Plan Rows": 1, "Plan Width": 8, "Recheck Cond": "(p_partkey = lineitem.l_partkey)", "Filter": "((p_name)::text ~~ 'green%'::text)", "Plans": [{"Node Type": "Bitmap Index Scan", "Parent Relationship": "Outer", "Index Name": "part_kpey", "Startup Cost": 0.0, "Total Cost": 0.26, "Plan Rows": 1, "Plan Width": 0, "Index Cond": "(p_partkey = lineitem.l_partkey)"}]}]}]}]}]}, "Unique SQL Id": 202076520, "Planner Runtime": 2}, "explain_analyze_plan": null}, "(16, 115)": {"explain_plan": {"Plan": {"Node Type": "Sort", "Startup Cost": 41474309.17, "Total Cost": 41474314.17, "Plan Rows": 2000, "Plan Width": 51, "Sort Key": ["supplier.s_name"], "Plans": [{"Node Type": "Nested Loop", "Parent Relationship": "Outer", "Join Type": "Inner", "Startup Cost": 41260049.96, "Total Cost": 41474199.51, "Plan Rows": 2000, "Plan Width": 51, "Inner Unique": true, "Plans": [{"Node Type": "Nested Loop", "Parent Relationship": "Outer", "Join Type": "Inner", "Startup Cost": 41260049.7, "Total Cost": 41260058.01, "Plan Rows": 50000, "Plan Width": 55, "Inner Unique": true, "Plans": [{"Node Type": "Unique", "Parent Relationship": "Outer", "Startup Cost": 41260049.44, "Total Cost": 41260049.45, "Plan Rows": 2, "Plan Width": 16, "Plans": [{"Node Type": "Sort", "Parent Relationship": "Outer", "Startup Cost": 41260049.44, "Total Cost": 41260049.45, "Plan Rows": 2, "Plan Width": 16, "Sort Key": ["partsupp.ps_suppkey"], "Plans": [{"Node Type": "Nested Loop", "Parent Relationship": "Outer", "Join Type": "Semi", "Startup Cost": 1956350.51, "Total Cost": 41260049.43, "Plan Rows": 2, "Plan Width": 16, "Inner Unique": false, "Join Filter": "(partsupp.ps_partkey = part.p_partkey)", "Plans": [{"Node Type": "Nested Loop", "Parent Relationship": "Outer", "Join Type": "Inner", "Startup Cost": 1956350.25, "Total Cost": 41259981.09, "Plan Rows": 15, "Plan Width": 32, "Inner Unique": true, "Plans": [{"Node Type": "Aggregate", "Strategy": "Hashed", "Parent Relationship": "Outer", "Startup Cost": 1956349.97, "Total Cost": 2069745.97, "Plan Rows": 9071680, "Plan Width": 40, "Group By Key": ["lineitem.l_partkey", "lineitem.l_suppkey"], "Plans": [{"Node Type": "Bitmap Heap Scan", "Parent Relationship": "Outer", "Relation Name": "lineitem", "Alias": "lineitem", "Startup Cost": 314312.97, "Total Cost": 1865633.17, "Plan Rows": 9071680, "Plan Width": 24, "Recheck Cond": "((l_shipdate >= '1993-01-01 00:00:00'::timestamp(0) without time zone) AND (l_shipdate < '1994-01-01 00:00:00'::timestamp without time zone)), (LLVM Optimized)", "Plans": [{"Node Type": "Bitmap Index Scan", "Parent Relationship": "Outer", "Index Name": "idx_lineitem_shipdate", "Startup Cost": 0.0, "Total Cost": 312045.05, "Plan Rows": 9071680, "Plan Width": 0, "Index Cond": "((l_shipdate >= '1993-01-01 00:00:00'::timestamp(0) without time zone) AND (l_shipdate < '1994-01-01 00:00:00'::timestamp without time zone))"}]}]}, {"Node Type": "Bitmap Heap Scan", "Parent Relationship": "Inner", "Relation Name": "partsupp", "Alias": "partsupp", "Startup Cost": 0.28, "Total Cost": 4.3, "Plan Rows": 1, "Plan Width": 24, "Recheck Cond": "((ps_partkey = lineitem.l_partkey) AND (ps_suppkey = lineitem.l_suppkey))", "Filter": "((ps_availqty)::double precision > (.5::double precision * (sum(lineitem.l_quantity))))", "Plans": [{"Node Type": "Bitmap Index Scan", "Parent Relationship": "Outer", "Index Name": "partsupp_pkey", "Startup Cost": 0.0, "Total Cost": 0.28, "Plan Rows": 1, "Plan Width": 0, "Index Cond": "((ps_partkey = lineitem.l_partkey) AND (ps_suppkey = lineitem.l_suppkey))"}]}]}, {"Node Type": "Bitmap Heap Scan", "Parent Relationship": "Inner", "Relation Name": "part", "Alias": "part", "Startup Cost": 0.26, "Total Cost": 4.28, "Plan Rows": 1, "Plan Width": 8, "Recheck Cond": "(p_partkey = lineitem.l_partkey)", "Filter": "((p_name)::text ~~ 'green%'::text)", "Plans": [{"Node Type": "Bitmap Index Scan", "Parent Relationship": "Outer", "Index Name": "part_kpey", "Startup Cost": 0.0, "Total Cost": 0.26, "Plan Rows": 1, "Plan Width": 0, "Index Cond": "(p_partkey = lineitem.l_partkey)"}]}]}]}]}, {"Node Type": "Bitmap Heap Scan", "Parent Relationship": "Inner", "Relation Name": "supplier", "Alias": "supplier", "Startup Cost": 0.26, "Total Cost": 4.27, "Plan Rows": 1, "Plan Width": 63, "Recheck Cond": "(s_suppkey = lineitem.l_suppkey)", "Plans": [{"Node Type": "Bitmap Index Scan", "Parent Relationship": "Outer", "Index Name": "supplier_pkey", "Startup Cost": 0.0, "Total Cost": 0.26, "Plan Rows": 1, "Plan Width": 0, "Index Cond": "(s_suppkey = lineitem.l_suppkey)"}]}]}, {"Node Type": "Bitmap Heap Scan", "Parent Relationship": "Inner", "Relation Name": "nation", "Alias": "nation", "Startup Cost": 0.26, "Total Cost": 4.27, "Plan Rows": 1, "Plan Width": 4, "Recheck Cond": "(n_nationkey = supplier.s_nationkey)", "Filter": "(n_name = 'ALGERIA'::bpchar)", "Plans": [{"Node Type": "Bitmap Index Scan", "Parent Relationship": "Outer", "Index Name": "nation_pkey", "Startup Cost": 0.0, "Total Cost": 0.26, "Plan Rows": 1, "Plan Width": 0, "Index Cond": "(n_nationkey = supplier.s_nationkey)"}]}]}]}, "Unique SQL Id": 202076520, "Planner Runtime": 1}, "explain_analyze_plan": {"Plan": {"Node Type": "Sort", "Startup Cost": 41474309.17, "Total Cost": 41474314.17, "Plan Rows": 2000, "Plan Width": 51, "Actual Startup Time": 128888.36, "Actual Total Time": 128888.508, "Actual Rows": 1746, "Actual Loops": 1, "Sort Key": ["supplier.s_name"], "Sort Method": "quicksort", "Sort Space Used": 309, "Sort Space Type": "Memory", "Plans": [{"Node Type": "Nested Loop", "Parent Relationship": "Outer", "Join Type": "Inner", "Startup Cost": 41260049.96, "Total Cost": 41474199.51, "Plan Rows": 2000, "Plan Width": 51, "Actual Startup Time": 128475.92, "Actual Total Time": 128886.43, "Actual Rows": 1746, "Actual Loops": 1, "Inner Unique": true, "Plans": [{"Node Type": "Nested Loop", "Parent Relationship": "Outer", "Join Type": "Inner", "Startup Cost": 41260049.7, "Total Cost": 41260058.01, "Plan Rows": 50000, "Plan Width": 55, "Actual Startup Time": 128475.528, "Actual Total Time": 128715.763, "Actual Rows": 44487, "Actual Loops": 1, "Inner Unique": true, "Plans": [{"Node Type": "Unique", "Parent Relationship": "Outer", "Startup Cost": 41260049.44, "Total Cost": 41260049.45, "Plan Rows": 2, "Plan Width": 16, "Actual Startup Time": 128475.469, "Actual Total Time": 128506.031, "Actual Rows": 44487, "Actual Loops": 1, "Plans": [{"Node Type": "Sort", "Parent Relationship": "Outer", "Startup Cost": 41260049.44, "Total Cost": 41260049.45, "Plan Rows": 2, "Plan Width": 16, "Actual Startup Time": 128475.464, "Actual Total Time": 128488.423, "Actual Rows": 58537, "Actual Loops": 1, "Sort Key": ["partsupp.ps_suppkey"], "Sort Method": "quicksort", "Sort Space Used": 7024, "Sort Space Type": "Memory", "Plans": [{"Node Type": "Nested Loop", "Parent Relationship": "Outer", "Join Type": "Semi", "Startup Cost": 1956350.51, "Total Cost": 41260049.43, "Plan Rows": 2, "Plan Width": 16, "Actual Startup Time": 19211.651, "Actual Total Time": 128395.823, "Actual Rows": 58537, "Actual Loops": 1, "Inner Unique": false, "Join Filter": "(partsupp.ps_partkey = part.p_partkey)", "Rows Removed by Join Filter": 0, "Plans": [{"Node Type": "Nested Loop", "Parent Relationship": "Outer", "Join Type": "Inner", "Startup Cost": 1956350.25, "Total Cost": 41259981.09, "Plan Rows": 15, "Plan Width": 32, "Actual Startup Time": 19211.227, "Actual Total Time": 79847.531, "Actual Rows": 5431247, "Actual Loops": 1, "Inner Unique": true, "Plans": [{"Node Type": "Aggregate", "Strategy": "Hashed", "Parent Relationship": "Outer", "Startup Cost": 1956349.97, "Total Cost": 2069745.97, "Plan Rows": 9071680, "Plan Width": 40, "Actual Startup Time": 19211.091, "Actual Total Time": 24301.465, "Actual Rows": 5442751, "Actual Loops": 1, "Group By Key": ["lineitem.l_partkey", "lineitem.l_suppkey"], "Plans": [{"Node Type": "Bitmap Heap Scan", "Parent Relationship": "Outer", "Relation Name": "lineitem", "Alias": "lineitem", "Startup Cost": 314312.97, "Total Cost": 1865633.17, "Plan Rows": 9071680, "Plan Width": 24, "Actual Startup Time": 4429.203, "Actual Total Time": 12148.373, "Actual Rows": 9109641, "Actual Loops": 1, "Recheck Cond": "((l_shipdate >= '1993-01-01 00:00:00'::timestamp(0) without time zone) AND (l_shipdate < '1994-01-01 00:00:00'::timestamp without time zone)), (LLVM Optimized, Jit Execute)", "Rows Removed by Index Recheck": 0, "Exact Heap Blocks": 1252335, "Lossy Heap Blocks": 1252335, "Plans": [{"Node Type": "Bitmap Index Scan", "Parent Relationship": "Outer", "Index Name": "idx_lineitem_shipdate", "Startup Cost": 0.0, "Total Cost": 312045.05, "Plan Rows": 9071680, "Plan Width": 0, "Actual Startup Time": 3725.891, "Actual Total Time": 3725.891, "Actual Rows": 9109641, "Actual Loops": 1, "Index Cond": "((l_shipdate >= '1993-01-01 00:00:00'::timestamp(0) without time zone) AND (l_shipdate < '1994-01-01 00:00:00'::timestamp without time zone))"}]}]}, {"Node Type": "Bitmap Heap Scan", "Parent Relationship": "Inner", "Relation Name": "partsupp", "Alias": "partsupp", "Startup Cost": 0.28, "Total Cost": 4.3, "Plan Rows": 1, "Plan Width": 24, "Actual Startup Time": 47744.0, "Actual Total Time": 47744.0, "Actual Rows": 5431247, "Actual Loops": 5442751, "Recheck Cond": "((ps_partkey = lineitem.l_partkey) AND (ps_suppkey = lineitem.l_suppkey))", "Rows Removed by Index Recheck": 0, "Filter": "((ps_availqty)::double precision > (.5::double precision * (sum(lineitem.l_quantity))))", "Rows Removed by Filter": 11504, "Exact Heap Blocks": 5442751, "Lossy Heap Blocks": 5442751, "Plans": [{"Node Type": "Bitmap Index Scan", "Parent Relationship": "Outer", "Index Name": "partsupp_pkey", "Startup Cost": 0.0, "Total Cost": 0.28, "Plan Rows": 1, "Plan Width": 0, "Actual Startup Time": 28969.237, "Actual Total Time": 28969.237, "Actual Rows": 5442751, "Actual Loops": 5442751, "Index Cond": "((ps_partkey = lineitem.l_partkey) AND (ps_suppkey = lineitem.l_suppkey))"}]}]}, {"Node Type": "Bitmap Heap Scan", "Parent Relationship": "Inner", "Relation Name": "part", "Alias": "part", "Startup Cost": 0.26, "Total Cost": 4.28, "Plan Rows": 1, "Plan Width": 8, "Actual Startup Time": 42398.618, "Actual Total Time": 42398.618, "Actual Rows": 58537, "Actual Loops": 5431247, "Recheck Cond": "(p_partkey = lineitem.l_partkey)", "Rows Removed by Index Recheck": 0, "Filter": "((p_name)::text ~~ 'green%'::text)", "Rows Removed by Filter": 5372710, "Exact Heap Blocks": 5431247, "Lossy Heap Blocks": 5431247, "Plans": [{"Node Type": "Bitmap Index Scan", "Parent Relationship": "Outer", "Index Name": "part_kpey", "Startup Cost": 0.0, "Total Cost": 0.26, "Plan Rows": 1, "Plan Width": 0, "Actual Startup Time": 24845.499, "Actual Total Time": 24845.499, "Actual Rows": 5431247, "Actual Loops": 5431247, "Index Cond": "(p_partkey = lineitem.l_partkey)"}]}]}]}]}, {"Node Type": "Bitmap Heap Scan", "Parent Relationship": "Inner", "Relation Name": "supplier", "Alias": "supplier", "Startup Cost": 0.26, "Total Cost": 4.27, "Plan Rows": 1, "Plan Width": 63, "Actual Startup Time": 150.562, "Actual Total Time": 150.562, "Actual Rows": 44487, "Actual Loops": 44487, "Recheck Cond": "(s_suppkey = lineitem.l_suppkey)", "Rows Removed by Index Recheck": 0, "Exact Heap Blocks": 44487, "Lossy Heap Blocks": 44487, "Plans": [{"Node Type": "Bitmap Index Scan", "Parent Relationship": "Outer", "Index Name": "supplier_pkey", "Startup Cost": 0.0, "Total Cost": 0.26, "Plan Rows": 1, "Plan Width": 0, "Actual Startup Time": 82.325, "Actual Total Time": 82.325, "Actual Rows": 44487, "Actual Loops": 44487, "Index Cond": "(s_suppkey = lineitem.l_suppkey)"}]}]}, {"Node Type": "Bitmap Heap Scan", "Parent Relationship": "Inner", "Relation Name": "nation", "Alias": "nation", "Startup Cost": 0.26, "Total Cost": 4.27, "Plan Rows": 1, "Plan Width": 4, "Actual Startup Time": 120.985, "Actual Total Time": 120.985, "Actual Rows": 1746, "Actual Loops": 44487, "Recheck Cond": "(n_nationkey = supplier.s_nationkey)", "Rows Removed by Index Recheck": 0, "Filter": "(n_name = 'ALGERIA'::bpchar)", "Rows Removed by Filter": 42741, "Exact Heap Blocks": 44487, "Lossy Heap Blocks": 44487, "Plans": [{"Node Type": "Bitmap Index Scan", "Parent Relationship": "Outer", "Index Name": "nation_pkey", "Startup Cost": 0.0, "Total Cost": 0.26, "Plan Rows": 1, "Plan Width": 0, "Actual Startup Time": 44.911, "Actual Total Time": 44.911, "Actual Rows": 44487, "Actual Loops": 44487, "Index Cond": "(n_nationkey = supplier.s_nationkey)"}]}]}]}, "Triggers": [], "Planner Runtime": 1, "Total Runtime": 128900.171, "Unique SQL Id": 202076520}}, "(16, 116)": {"explain_plan": {"Plan": {"Node Type": "Sort", "Startup Cost": 5735697.9, "Total Cost": 5735702.9, "Plan Rows": 2000, "Plan Width": 51, "Sort Key": ["supplier.s_name"], "Plans": [{"Node Type": "Nested Loop", "Parent Relationship": "Outer", "Join Type": "Semi", "Startup Cost": 1956349.97, "Total Cost": 5735588.24, "Plan Rows": 2000, "Plan Width": 51, "Inner Unique": false, "Join Filter": "(supplier.s_suppkey = lineitem.l_suppkey)", "Plans": [{"Node Type": "Nested Loop", "Parent Relationship": "Outer", "Join Type": "Inner", "Startup Cost": 0.0, "Total Cost": 4534.31, "Plan Rows": 4000, "Plan Width": 59, "Inner Unique": false, "Join Filter": "(supplier.s_nationkey = nation.n_nationkey)", "Plans": [{"Node Type": "Seq Scan", "Parent Relationship": "Outer", "Relation Name": "nation", "Alias": "nation", "Startup Cost": 0.0, "Total Cost": 1.31, "Plan Rows": 1, "Plan Width": 4, "Filter": "(n_name = 'ALGERIA'::bpchar)"}, {"Node Type": "Seq Scan", "Parent Relationship": "Inner", "Relation Name": "supplier", "Alias": "supplier", "Startup Cost": 0.0, "Total Cost": 3283.0, "Plan Rows": 100000, "Plan Width": 63}]}, {"Node Type": "Materialize", "Parent Relationship": "Inner", "Startup Cost": 1956349.97, "Total Cost": 5730933.93, "Plan Rows": 2, "Plan Width": 16, "Plans": [{"Node Type": "Nested Loop", "Parent Relationship": "Outer", "Join Type": "Semi", "Startup Cost": 1956349.97, "Total Cost": 5730933.92, "Plan Rows": 2, "Plan Width": 16, "Inner Unique": false, "Plans": [{"Node Type": "Nested Loop", "Parent Relationship": "Outer", "Join Type": "Inner", "Startup Cost": 1956349.97, "Total Cost": 5730929.17, "Plan Rows": 15, "Plan Width": 32, "Inner Unique": true, "Plans": [{"Node Type": "Aggregate", "Strategy": "Hashed", "Parent Relationship": "Outer", "Startup Cost": 1956349.97, "Total Cost": 2069745.97, "Plan Rows": 9071680, "Plan Width": 40, "Group By Key": ["lineitem.l_partkey", "lineitem.l_suppkey"], "Plans": [{"Node Type": "Bitmap Heap Scan", "Parent Relationship": "Outer", "Relation Name": "lineitem", "Alias": "lineitem", "Startup Cost": 314312.97, "Total Cost": 1865633.17, "Plan Rows": 9071680, "Plan Width": 24, "Recheck Cond": "((l_shipdate >= '1993-01-01 00:00:00'::timestamp(0) without time zone) AND (l_shipdate < '1994-01-01 00:00:00'::timestamp without time zone)), (LLVM Optimized)", "Plans": [{"Node Type": "Bitmap Index Scan", "Parent Relationship": "Outer", "Index Name": "idx_lineitem_shipdate", "Startup Cost": 0.0, "Total Cost": 312045.05, "Plan Rows": 9071680, "Plan Width": 0, "Index Cond": "((l_shipdate >= '1993-01-01 00:00:00'::timestamp(0) without time zone) AND (l_shipdate < '1994-01-01 00:00:00'::timestamp without time zone))"}]}]}, {"Node Type": "Index Scan", "Parent Relationship": "Inner", "Scan Direction": "Forward", "Index Name": "partsupp_pkey", "Relation Name": "partsupp", "Alias": "partsupp", "Startup Cost": 0.0, "Total Cost": 0.38, "Plan Rows": 1, "Plan Width": 24, "Index Cond": "((ps_partkey = lineitem.l_partkey) AND (ps_suppkey = lineitem.l_suppkey))", "Filter": "((ps_availqty)::double precision > (.5::double precision * (sum(lineitem.l_quantity))))"}]}, {"Node Type": "Index Scan", "Parent Relationship": "Inner", "Scan Direction": "Forward", "Index Name": "part_kpey", "Relation Name": "part", "Alias": "part", "Startup Cost": 0.0, "Total Cost": 0.3, "Plan Rows": 1, "Plan Width": 8, "Index Cond": "(p_partkey = partsupp.ps_partkey)", "Filter": "((p_name)::text ~~ 'green%'::text)"}]}]}]}]}, "Unique SQL Id": 202076520, "Planner Runtime": 2}, "explain_analyze_plan": null}, "(16, 117)": {"explain_plan": {"Plan": {"Node Type": "Sort", "Startup Cost": 5737760.82, "Total Cost": 5737765.82, "Plan Rows": 2000, "Plan Width": 51, "Sort Key": ["supplier.s_name"], "Plans": [{"Node Type": "Nested Loop", "Parent Relationship": "Outer", "Join Type": "Semi", "Startup Cost": 1956349.97, "Total Cost": 5737651.16, "Plan Rows": 2000, "Plan Width": 51, "Inner Unique": false, "Join Filter": "(supplier.s_suppkey = lineitem.l_suppkey)", "Plans": [{"Node Type": "Nested Loop", "Parent Relationship": "Outer", "Join Type": "Inner", "Startup Cost": 0.0, "Total Cost": 6597.23, "Plan Rows": 4000, "Plan Width": 59, "Inner Unique": false, "Join Filter": "(supplier.s_nationkey = nation.n_nationkey)", "Plans": [{"Node Type": "Index Scan", "Parent Relationship": "Outer", "Scan Direction": "Forward", "Index Name": "nation_pkey", "Relation Name": "nation", "Alias": "nation", "Startup Cost": 0.0, "Total Cost": 12.69, "Plan Rows": 1, "Plan Width": 4, "Filter": "(n_name = 'ALGERIA'::bpchar)"}, {"Node Type": "Index Scan", "Parent Relationship": "Inner", "Scan Direction": "Forward", "Index Name": "supplier_pkey", "Relation Name": "supplier", "Alias": "supplier", "Startup Cost": 0.0, "Total Cost": 5334.54, "Plan Rows": 100000, "Plan Width": 63}]}, {"Node Type": "Materialize", "Parent Relationship": "Inner", "Startup Cost": 1956349.97, "Total Cost": 5730933.93, "Plan Rows": 2, "Plan Width": 16, "Plans": [{"Node Type": "Nested Loop", "Parent Relationship": "Outer", "Join Type": "Semi", "Startup Cost": 1956349.97, "Total Cost": 5730933.92, "Plan Rows": 2, "Plan Width": 16, "Inner Unique": false, "Plans": [{"Node Type": "Nested Loop", "Parent Relationship": "Outer", "Join Type": "Inner", "Startup Cost": 1956349.97, "Total Cost": 5730929.17, "Plan Rows": 15, "Plan Width": 32, "Inner Unique": true, "Plans": [{"Node Type": "Aggregate", "Strategy": "Hashed", "Parent Relationship": "Outer", "Startup Cost": 1956349.97, "Total Cost": 2069745.97, "Plan Rows": 9071680, "Plan Width": 40, "Group By Key": ["lineitem.l_partkey", "lineitem.l_suppkey"], "Plans": [{"Node Type": "Bitmap Heap Scan", "Parent Relationship": "Outer", "Relation Name": "lineitem", "Alias": "lineitem", "Startup Cost": 314312.97, "Total Cost": 1865633.17, "Plan Rows": 9071680, "Plan Width": 24, "Recheck Cond": "((l_shipdate >= '1993-01-01 00:00:00'::timestamp(0) without time zone) AND (l_shipdate < '1994-01-01 00:00:00'::timestamp without time zone)), (LLVM Optimized)", "Plans": [{"Node Type": "Bitmap Index Scan", "Parent Relationship": "Outer", "Index Name": "idx_lineitem_shipdate", "Startup Cost": 0.0, "Total Cost": 312045.05, "Plan Rows": 9071680, "Plan Width": 0, "Index Cond": "((l_shipdate >= '1993-01-01 00:00:00'::timestamp(0) without time zone) AND (l_shipdate < '1994-01-01 00:00:00'::timestamp without time zone))"}]}]}, {"Node Type": "Index Scan", "Parent Relationship": "Inner", "Scan Direction": "Forward", "Index Name": "partsupp_pkey", "Relation Name": "partsupp", "Alias": "partsupp", "Startup Cost": 0.0, "Total Cost": 0.38, "Plan Rows": 1, "Plan Width": 24, "Index Cond": "((ps_partkey = lineitem.l_partkey) AND (ps_suppkey = lineitem.l_suppkey))", "Filter": "((ps_availqty)::double precision > (.5::double precision * (sum(lineitem.l_quantity))))"}]}, {"Node Type": "Index Scan", "Parent Relationship": "Inner", "Scan Direction": "Forward", "Index Name": "part_kpey", "Relation Name": "part", "Alias": "part", "Startup Cost": 0.0, "Total Cost": 0.3, "Plan Rows": 1, "Plan Width": 8, "Index Cond": "(p_partkey = partsupp.ps_partkey)", "Filter": "((p_name)::text ~~ 'green%'::text)"}]}]}]}]}, "Unique SQL Id": 202076520, "Planner Runtime": 1}, "explain_analyze_plan": null}, "(16, 118)": {"explain_plan": {"Plan": {"Node Type": "Sort", "Startup Cost": 41264813.41, "Total Cost": 41264818.41, "Plan Rows": 2000, "Plan Width": 51, "Sort Key": ["supplier.s_name"], "Plans": [{"Node Type": "Nested Loop", "Parent Relationship": "Outer", "Join Type": "Semi", "Startup Cost": 1956350.51, "Total Cost": 41264703.75, "Plan Rows": 2000, "Plan Width": 51, "Inner Unique": false, "Join Filter": "(supplier.s_suppkey = lineitem.l_suppkey)", "Plans": [{"Node Type": "Nested Loop", "Parent Relationship": "Outer", "Join Type": "Inner", "Startup Cost": 0.0, "Total Cost": 4534.31, "Plan Rows": 4000, "Plan Width": 59, "Inner Unique": false, "Join Filter": "(supplier.s_nationkey = nation.n_nationkey)", "Plans": [{"Node Type": "Seq Scan", "Parent Relationship": "Outer", "Relation Name": "nation", "Alias": "nation", "Startup Cost": 0.0, "Total Cost": 1.31, "Plan Rows": 1, "Plan Width": 4, "Filter": "(n_name = 'ALGERIA'::bpchar)"}, {"Node Type": "Seq Scan", "Parent Relationship": "Inner", "Relation Name": "supplier", "Alias": "supplier", "Startup Cost": 0.0, "Total Cost": 3283.0, "Plan Rows": 100000, "Plan Width": 63}]}, {"Node Type": "Materialize", "Parent Relationship": "Inner", "Startup Cost": 1956350.51, "Total Cost": 41260049.44, "Plan Rows": 2, "Plan Width": 16, "Plans": [{"Node Type": "Nested Loop", "Parent Relationship": "Outer", "Join Type": "Semi", "Startup Cost": 1956350.51, "Total Cost": 41260049.43, "Plan Rows": 2, "Plan Width": 16, "Inner Unique": false, "Join Filter": "(partsupp.ps_partkey = part.p_partkey)", "Plans": [{"Node Type": "Nested Loop", "Parent Relationship": "Outer", "Join Type": "Inner", "Startup Cost": 1956350.25, "Total Cost": 41259981.09, "Plan Rows": 15, "Plan Width": 32, "Inner Unique": true, "Plans": [{"Node Type": "Aggregate", "Strategy": "Hashed", "Parent Relationship": "Outer", "Startup Cost": 1956349.97, "Total Cost": 2069745.97, "Plan Rows": 9071680, "Plan Width": 40, "Group By Key": ["lineitem.l_partkey", "lineitem.l_suppkey"], "Plans": [{"Node Type": "Bitmap Heap Scan", "Parent Relationship": "Outer", "Relation Name": "lineitem", "Alias": "lineitem", "Startup Cost": 314312.97, "Total Cost": 1865633.17, "Plan Rows": 9071680, "Plan Width": 24, "Recheck Cond": "((l_shipdate >= '1993-01-01 00:00:00'::timestamp(0) without time zone) AND (l_shipdate < '1994-01-01 00:00:00'::timestamp without time zone)), (LLVM Optimized)", "Plans": [{"Node Type": "Bitmap Index Scan", "Parent Relationship": "Outer", "Index Name": "idx_lineitem_shipdate", "Startup Cost": 0.0, "Total Cost": 312045.05, "Plan Rows": 9071680, "Plan Width": 0, "Index Cond": "((l_shipdate >= '1993-01-01 00:00:00'::timestamp(0) without time zone) AND (l_shipdate < '1994-01-01 00:00:00'::timestamp without time zone))"}]}]}, {"Node Type": "Bitmap Heap Scan", "Parent Relationship": "Inner", "Relation Name": "partsupp", "Alias": "partsupp", "Startup Cost": 0.28, "Total Cost": 4.3, "Plan Rows": 1, "Plan Width": 24, "Recheck Cond": "((ps_partkey = lineitem.l_partkey) AND (ps_suppkey = lineitem.l_suppkey))", "Filter": "((ps_availqty)::double precision > (.5::double precision * (sum(lineitem.l_quantity))))", "Plans": [{"Node Type": "Bitmap Index Scan", "Parent Relationship": "Outer", "Index Name": "partsupp_pkey", "Startup Cost": 0.0, "Total Cost": 0.28, "Plan Rows": 1, "Plan Width": 0, "Index Cond": "((ps_partkey = lineitem.l_partkey) AND (ps_suppkey = lineitem.l_suppkey))"}]}]}, {"Node Type": "Bitmap Heap Scan", "Parent Relationship": "Inner", "Relation Name": "part", "Alias": "part", "Startup Cost": 0.26, "Total Cost": 4.28, "Plan Rows": 1, "Plan Width": 8, "Recheck Cond": "(p_partkey = lineitem.l_partkey)", "Filter": "((p_name)::text ~~ 'green%'::text)", "Plans": [{"Node Type": "Bitmap Index Scan", "Parent Relationship": "Outer", "Index Name": "part_kpey", "Startup Cost": 0.0, "Total Cost": 0.26, "Plan Rows": 1, "Plan Width": 0, "Index Cond": "(p_partkey = lineitem.l_partkey)"}]}]}]}]}]}, "Unique SQL Id": 202076520, "Planner Runtime": 2}, "explain_analyze_plan": null}, "(16, 119)": {"explain_plan": {"Plan": {"Node Type": "Sort", "Startup Cost": 41474309.17, "Total Cost": 41474314.17, "Plan Rows": 2000, "Plan Width": 51, "Sort Key": ["supplier.s_name"], "Plans": [{"Node Type": "Nested Loop", "Parent Relationship": "Outer", "Join Type": "Inner", "Startup Cost": 41260049.96, "Total Cost": 41474199.51, "Plan Rows": 2000, "Plan Width": 51, "Inner Unique": true, "Plans": [{"Node Type": "Nested Loop", "Parent Relationship": "Outer", "Join Type": "Inner", "Startup Cost": 41260049.7, "Total Cost": 41260058.01, "Plan Rows": 50000, "Plan Width": 55, "Inner Unique": true, "Plans": [{"Node Type": "Unique", "Parent Relationship": "Outer", "Startup Cost": 41260049.44, "Total Cost": 41260049.45, "Plan Rows": 2, "Plan Width": 16, "Plans": [{"Node Type": "Sort", "Parent Relationship": "Outer", "Startup Cost": 41260049.44, "Total Cost": 41260049.45, "Plan Rows": 2, "Plan Width": 16, "Sort Key": ["partsupp.ps_suppkey"], "Plans": [{"Node Type": "Nested Loop", "Parent Relationship": "Outer", "Join Type": "Semi", "Startup Cost": 1956350.51, "Total Cost": 41260049.43, "Plan Rows": 2, "Plan Width": 16, "Inner Unique": false, "Join Filter": "(partsupp.ps_partkey = part.p_partkey)", "Plans": [{"Node Type": "Nested Loop", "Parent Relationship": "Outer", "Join Type": "Inner", "Startup Cost": 1956350.25, "Total Cost": 41259981.09, "Plan Rows": 15, "Plan Width": 32, "Inner Unique": true, "Plans": [{"Node Type": "Aggregate", "Strategy": "Hashed", "Parent Relationship": "Outer", "Startup Cost": 1956349.97, "Total Cost": 2069745.97, "Plan Rows": 9071680, "Plan Width": 40, "Group By Key": ["lineitem.l_partkey", "lineitem.l_suppkey"], "Plans": [{"Node Type": "Bitmap Heap Scan", "Parent Relationship": "Outer", "Relation Name": "lineitem", "Alias": "lineitem", "Startup Cost": 314312.97, "Total Cost": 1865633.17, "Plan Rows": 9071680, "Plan Width": 24, "Recheck Cond": "((l_shipdate >= '1993-01-01 00:00:00'::timestamp(0) without time zone) AND (l_shipdate < '1994-01-01 00:00:00'::timestamp without time zone)), (LLVM Optimized)", "Plans": [{"Node Type": "Bitmap Index Scan", "Parent Relationship": "Outer", "Index Name": "idx_lineitem_shipdate", "Startup Cost": 0.0, "Total Cost": 312045.05, "Plan Rows": 9071680, "Plan Width": 0, "Index Cond": "((l_shipdate >= '1993-01-01 00:00:00'::timestamp(0) without time zone) AND (l_shipdate < '1994-01-01 00:00:00'::timestamp without time zone))"}]}]}, {"Node Type": "Bitmap Heap Scan", "Parent Relationship": "Inner", "Relation Name": "partsupp", "Alias": "partsupp", "Startup Cost": 0.28, "Total Cost": 4.3, "Plan Rows": 1, "Plan Width": 24, "Recheck Cond": "((ps_partkey = lineitem.l_partkey) AND (ps_suppkey = lineitem.l_suppkey))", "Filter": "((ps_availqty)::double precision > (.5::double precision * (sum(lineitem.l_quantity))))", "Plans": [{"Node Type": "Bitmap Index Scan", "Parent Relationship": "Outer", "Index Name": "partsupp_pkey", "Startup Cost": 0.0, "Total Cost": 0.28, "Plan Rows": 1, "Plan Width": 0, "Index Cond": "((ps_partkey = lineitem.l_partkey) AND (ps_suppkey = lineitem.l_suppkey))"}]}]}, {"Node Type": "Bitmap Heap Scan", "Parent Relationship": "Inner", "Relation Name": "part", "Alias": "part", "Startup Cost": 0.26, "Total Cost": 4.28, "Plan Rows": 1, "Plan Width": 8, "Recheck Cond": "(p_partkey = lineitem.l_partkey)", "Filter": "((p_name)::text ~~ 'green%'::text)", "Plans": [{"Node Type": "Bitmap Index Scan", "Parent Relationship": "Outer", "Index Name": "part_kpey", "Startup Cost": 0.0, "Total Cost": 0.26, "Plan Rows": 1, "Plan Width": 0, "Index Cond": "(p_partkey = lineitem.l_partkey)"}]}]}]}]}, {"Node Type": "Bitmap Heap Scan", "Parent Relationship": "Inner", "Relation Name": "supplier", "Alias": "supplier", "Startup Cost": 0.26, "Total Cost": 4.27, "Plan Rows": 1, "Plan Width": 63, "Recheck Cond": "(s_suppkey = lineitem.l_suppkey)", "Plans": [{"Node Type": "Bitmap Index Scan", "Parent Relationship": "Outer", "Index Name": "supplier_pkey", "Startup Cost": 0.0, "Total Cost": 0.26, "Plan Rows": 1, "Plan Width": 0, "Index Cond": "(s_suppkey = lineitem.l_suppkey)"}]}]}, {"Node Type": "Bitmap Heap Scan", "Parent Relationship": "Inner", "Relation Name": "nation", "Alias": "nation", "Startup Cost": 0.26, "Total Cost": 4.27, "Plan Rows": 1, "Plan Width": 4, "Recheck Cond": "(n_nationkey = supplier.s_nationkey)", "Filter": "(n_name = 'ALGERIA'::bpchar)", "Plans": [{"Node Type": "Bitmap Index Scan", "Parent Relationship": "Outer", "Index Name": "nation_pkey", "Startup Cost": 0.0, "Total Cost": 0.26, "Plan Rows": 1, "Plan Width": 0, "Index Cond": "(n_nationkey = supplier.s_nationkey)"}]}]}]}, "Unique SQL Id": 202076520, "Planner Runtime": 1}, "explain_analyze_plan": {"Plan": {"Node Type": "Sort", "Startup Cost": 41474309.17, "Total Cost": 41474314.17, "Plan Rows": 2000, "Plan Width": 51, "Actual Startup Time": 128888.36, "Actual Total Time": 128888.508, "Actual Rows": 1746, "Actual Loops": 1, "Sort Key": ["supplier.s_name"], "Sort Method": "quicksort", "Sort Space Used": 309, "Sort Space Type": "Memory", "Plans": [{"Node Type": "Nested Loop", "Parent Relationship": "Outer", "Join Type": "Inner", "Startup Cost": 41260049.96, "Total Cost": 41474199.51, "Plan Rows": 2000, "Plan Width": 51, "Actual Startup Time": 128475.92, "Actual Total Time": 128886.43, "Actual Rows": 1746, "Actual Loops": 1, "Inner Unique": true, "Plans": [{"Node Type": "Nested Loop", "Parent Relationship": "Outer", "Join Type": "Inner", "Startup Cost": 41260049.7, "Total Cost": 41260058.01, "Plan Rows": 50000, "Plan Width": 55, "Actual Startup Time": 128475.528, "Actual Total Time": 128715.763, "Actual Rows": 44487, "Actual Loops": 1, "Inner Unique": true, "Plans": [{"Node Type": "Unique", "Parent Relationship": "Outer", "Startup Cost": 41260049.44, "Total Cost": 41260049.45, "Plan Rows": 2, "Plan Width": 16, "Actual Startup Time": 128475.469, "Actual Total Time": 128506.031, "Actual Rows": 44487, "Actual Loops": 1, "Plans": [{"Node Type": "Sort", "Parent Relationship": "Outer", "Startup Cost": 41260049.44, "Total Cost": 41260049.45, "Plan Rows": 2, "Plan Width": 16, "Actual Startup Time": 128475.464, "Actual Total Time": 128488.423, "Actual Rows": 58537, "Actual Loops": 1, "Sort Key": ["partsupp.ps_suppkey"], "Sort Method": "quicksort", "Sort Space Used": 7024, "Sort Space Type": "Memory", "Plans": [{"Node Type": "Nested Loop", "Parent Relationship": "Outer", "Join Type": "Semi", "Startup Cost": 1956350.51, "Total Cost": 41260049.43, "Plan Rows": 2, "Plan Width": 16, "Actual Startup Time": 19211.651, "Actual Total Time": 128395.823, "Actual Rows": 58537, "Actual Loops": 1, "Inner Unique": false, "Join Filter": "(partsupp.ps_partkey = part.p_partkey)", "Rows Removed by Join Filter": 0, "Plans": [{"Node Type": "Nested Loop", "Parent Relationship": "Outer", "Join Type": "Inner", "Startup Cost": 1956350.25, "Total Cost": 41259981.09, "Plan Rows": 15, "Plan Width": 32, "Actual Startup Time": 19211.227, "Actual Total Time": 79847.531, "Actual Rows": 5431247, "Actual Loops": 1, "Inner Unique": true, "Plans": [{"Node Type": "Aggregate", "Strategy": "Hashed", "Parent Relationship": "Outer", "Startup Cost": 1956349.97, "Total Cost": 2069745.97, "Plan Rows": 9071680, "Plan Width": 40, "Actual Startup Time": 19211.091, "Actual Total Time": 24301.465, "Actual Rows": 5442751, "Actual Loops": 1, "Group By Key": ["lineitem.l_partkey", "lineitem.l_suppkey"], "Plans": [{"Node Type": "Bitmap Heap Scan", "Parent Relationship": "Outer", "Relation Name": "lineitem", "Alias": "lineitem", "Startup Cost": 314312.97, "Total Cost": 1865633.17, "Plan Rows": 9071680, "Plan Width": 24, "Actual Startup Time": 4429.203, "Actual Total Time": 12148.373, "Actual Rows": 9109641, "Actual Loops": 1, "Recheck Cond": "((l_shipdate >= '1993-01-01 00:00:00'::timestamp(0) without time zone) AND (l_shipdate < '1994-01-01 00:00:00'::timestamp without time zone)), (LLVM Optimized, Jit Execute)", "Rows Removed by Index Recheck": 0, "Exact Heap Blocks": 1252335, "Lossy Heap Blocks": 1252335, "Plans": [{"Node Type": "Bitmap Index Scan", "Parent Relationship": "Outer", "Index Name": "idx_lineitem_shipdate", "Startup Cost": 0.0, "Total Cost": 312045.05, "Plan Rows": 9071680, "Plan Width": 0, "Actual Startup Time": 3725.891, "Actual Total Time": 3725.891, "Actual Rows": 9109641, "Actual Loops": 1, "Index Cond": "((l_shipdate >= '1993-01-01 00:00:00'::timestamp(0) without time zone) AND (l_shipdate < '1994-01-01 00:00:00'::timestamp without time zone))"}]}]}, {"Node Type": "Bitmap Heap Scan", "Parent Relationship": "Inner", "Relation Name": "partsupp", "Alias": "partsupp", "Startup Cost": 0.28, "Total Cost": 4.3, "Plan Rows": 1, "Plan Width": 24, "Actual Startup Time": 47744.0, "Actual Total Time": 47744.0, "Actual Rows": 5431247, "Actual Loops": 5442751, "Recheck Cond": "((ps_partkey = lineitem.l_partkey) AND (ps_suppkey = lineitem.l_suppkey))", "Rows Removed by Index Recheck": 0, "Filter": "((ps_availqty)::double precision > (.5::double precision * (sum(lineitem.l_quantity))))", "Rows Removed by Filter": 11504, "Exact Heap Blocks": 5442751, "Lossy Heap Blocks": 5442751, "Plans": [{"Node Type": "Bitmap Index Scan", "Parent Relationship": "Outer", "Index Name": "partsupp_pkey", "Startup Cost": 0.0, "Total Cost": 0.28, "Plan Rows": 1, "Plan Width": 0, "Actual Startup Time": 28969.237, "Actual Total Time": 28969.237, "Actual Rows": 5442751, "Actual Loops": 5442751, "Index Cond": "((ps_partkey = lineitem.l_partkey) AND (ps_suppkey = lineitem.l_suppkey))"}]}]}, {"Node Type": "Bitmap Heap Scan", "Parent Relationship": "Inner", "Relation Name": "part", "Alias": "part", "Startup Cost": 0.26, "Total Cost": 4.28, "Plan Rows": 1, "Plan Width": 8, "Actual Startup Time": 42398.618, "Actual Total Time": 42398.618, "Actual Rows": 58537, "Actual Loops": 5431247, "Recheck Cond": "(p_partkey = lineitem.l_partkey)", "Rows Removed by Index Recheck": 0, "Filter": "((p_name)::text ~~ 'green%'::text)", "Rows Removed by Filter": 5372710, "Exact Heap Blocks": 5431247, "Lossy Heap Blocks": 5431247, "Plans": [{"Node Type": "Bitmap Index Scan", "Parent Relationship": "Outer", "Index Name": "part_kpey", "Startup Cost": 0.0, "Total Cost": 0.26, "Plan Rows": 1, "Plan Width": 0, "Actual Startup Time": 24845.499, "Actual Total Time": 24845.499, "Actual Rows": 5431247, "Actual Loops": 5431247, "Index Cond": "(p_partkey = lineitem.l_partkey)"}]}]}]}]}, {"Node Type": "Bitmap Heap Scan", "Parent Relationship": "Inner", "Relation Name": "supplier", "Alias": "supplier", "Startup Cost": 0.26, "Total Cost": 4.27, "Plan Rows": 1, "Plan Width": 63, "Actual Startup Time": 150.562, "Actual Total Time": 150.562, "Actual Rows": 44487, "Actual Loops": 44487, "Recheck Cond": "(s_suppkey = lineitem.l_suppkey)", "Rows Removed by Index Recheck": 0, "Exact Heap Blocks": 44487, "Lossy Heap Blocks": 44487, "Plans": [{"Node Type": "Bitmap Index Scan", "Parent Relationship": "Outer", "Index Name": "supplier_pkey", "Startup Cost": 0.0, "Total Cost": 0.26, "Plan Rows": 1, "Plan Width": 0, "Actual Startup Time": 82.325, "Actual Total Time": 82.325, "Actual Rows": 44487, "Actual Loops": 44487, "Index Cond": "(s_suppkey = lineitem.l_suppkey)"}]}]}, {"Node Type": "Bitmap Heap Scan", "Parent Relationship": "Inner", "Relation Name": "nation", "Alias": "nation", "Startup Cost": 0.26, "Total Cost": 4.27, "Plan Rows": 1, "Plan Width": 4, "Actual Startup Time": 120.985, "Actual Total Time": 120.985, "Actual Rows": 1746, "Actual Loops": 44487, "Recheck Cond": "(n_nationkey = supplier.s_nationkey)", "Rows Removed by Index Recheck": 0, "Filter": "(n_name = 'ALGERIA'::bpchar)", "Rows Removed by Filter": 42741, "Exact Heap Blocks": 44487, "Lossy Heap Blocks": 44487, "Plans": [{"Node Type": "Bitmap Index Scan", "Parent Relationship": "Outer", "Index Name": "nation_pkey", "Startup Cost": 0.0, "Total Cost": 0.26, "Plan Rows": 1, "Plan Width": 0, "Actual Startup Time": 44.911, "Actual Total Time": 44.911, "Actual Rows": 44487, "Actual Loops": 44487, "Index Cond": "(n_nationkey = supplier.s_nationkey)"}]}]}]}, "Triggers": [], "Planner Runtime": 1, "Total Runtime": 128900.171, "Unique SQL Id": 202076520}}, "(16, 120)": {"explain_plan": {"Plan": {"Node Type": "Sort", "Startup Cost": 6185115.22, "Total Cost": 6185120.22, "Plan Rows": 2000, "Plan Width": 51, "Sort Key": ["supplier.s_name"], "Plans": [{"Node Type": "Nested Loop", "Parent Relationship": "Outer", "Join Type": "Semi", "Startup Cost": 2405767.29, "Total Cost": 6185005.56, "Plan Rows": 2000, "Plan Width": 51, "Inner Unique": false, "Join Filter": "(supplier.s_suppkey = lineitem.l_suppkey)", "Plans": [{"Node Type": "Nested Loop", "Parent Relationship": "Outer", "Join Type": "Inner", "Startup Cost": 0.0, "Total Cost": 4534.31, "Plan Rows": 4000, "Plan Width": 59, "Inner Unique": false, "Join Filter": "(supplier.s_nationkey = nation.n_nationkey)", "Plans": [{"Node Type": "Seq Scan", "Parent Relationship": "Outer", "Relation Name": "nation", "Alias": "nation", "Startup Cost": 0.0, "Total Cost": 1.31, "Plan Rows": 1, "Plan Width": 4, "Filter": "(n_name = 'ALGERIA'::bpchar)"}, {"Node Type": "Seq Scan", "Parent Relationship": "Inner", "Relation Name": "supplier", "Alias": "supplier", "Startup Cost": 0.0, "Total Cost": 3283.0, "Plan Rows": 100000, "Plan Width": 63}]}, {"Node Type": "Materialize", "Parent Relationship": "Inner", "Startup Cost": 2405767.29, "Total Cost": 6180351.26, "Plan Rows": 2, "Plan Width": 16, "Plans": [{"Node Type": "Nested Loop", "Parent Relationship": "Outer", "Join Type": "Semi", "Startup Cost": 2405767.29, "Total Cost": 6180351.25, "Plan Rows": 2, "Plan Width": 16, "Inner Unique": false, "Plans": [{"Node Type": "Nested Loop", "Parent Relationship": "Outer", "Join Type": "Inner", "Startup Cost": 2405767.29, "Total Cost": 6180346.49, "Plan Rows": 15, "Plan Width": 32, "Inner Unique": true, "Plans": [{"Node Type": "Aggregate", "Strategy": "Hashed", "Parent Relationship": "Outer", "Startup Cost": 2405767.29, "Total Cost": 2519163.29, "Plan Rows": 9071680, "Plan Width": 40, "Group By Key": ["lineitem.l_partkey", "lineitem.l_suppkey"], "Plans": [{"Node Type": "Seq Scan", "Parent Relationship": "Outer", "Relation Name": "lineitem", "Alias": "lineitem", "Startup Cost": 119.57, "Total Cost": 2315050.5, "Plan Rows": 9071680, "Plan Width": 24, "Filter": "((l_shipdate >= '1993-01-01 00:00:00'::timestamp(0) without time zone) AND (l_shipdate < '1994-01-01 00:00:00'::timestamp without time zone)), (LLVM Optimized)"}]}, {"Node Type": "Index Scan", "Parent Relationship": "Inner", "Scan Direction": "Forward", "Index Name": "partsupp_pkey", "Relation Name": "partsupp", "Alias": "partsupp", "Startup Cost": 0.0, "Total Cost": 0.38, "Plan Rows": 1, "Plan Width": 24, "Index Cond": "((ps_partkey = lineitem.l_partkey) AND (ps_suppkey = lineitem.l_suppkey))", "Filter": "((ps_availqty)::double precision > (.5::double precision * (sum(lineitem.l_quantity))))"}]}, {"Node Type": "Index Scan", "Parent Relationship": "Inner", "Scan Direction": "Forward", "Index Name": "part_kpey", "Relation Name": "part", "Alias": "part", "Startup Cost": 0.0, "Total Cost": 0.3, "Plan Rows": 1, "Plan Width": 8, "Index Cond": "(p_partkey = partsupp.ps_partkey)", "Filter": "((p_name)::text ~~ 'green%'::text)"}]}]}]}]}, "Unique SQL Id": 202076520, "Planner Runtime": 2}, "explain_analyze_plan": null}, "(16, 121)": {"explain_plan": {"Plan": {"Node Type": "Sort", "Startup Cost": 9935869.48, "Total Cost": 9935874.48, "Plan Rows": 2000, "Plan Width": 51, "Sort Key": ["supplier.s_name"], "Plans": [{"Node Type": "Nested Loop", "Parent Relationship": "Outer", "Join Type": "Semi", "Startup Cost": 6154458.63, "Total Cost": 9935759.82, "Plan Rows": 2000, "Plan Width": 51, "Inner Unique": false, "Join Filter": "(supplier.s_suppkey = lineitem.l_suppkey)", "Plans": [{"Node Type": "Nested Loop", "Parent Relationship": "Outer", "Join Type": "Inner", "Startup Cost": 0.0, "Total Cost": 6597.23, "Plan Rows": 4000, "Plan Width": 59, "Inner Unique": false, "Join Filter": "(supplier.s_nationkey = nation.n_nationkey)", "Plans": [{"Node Type": "Index Scan", "Parent Relationship": "Outer", "Scan Direction": "Forward", "Index Name": "nation_pkey", "Relation Name": "nation", "Alias": "nation", "Startup Cost": 0.0, "Total Cost": 12.69, "Plan Rows": 1, "Plan Width": 4, "Filter": "(n_name = 'ALGERIA'::bpchar)"}, {"Node Type": "Index Scan", "Parent Relationship": "Inner", "Scan Direction": "Forward", "Index Name": "supplier_pkey", "Relation Name": "supplier", "Alias": "supplier", "Startup Cost": 0.0, "Total Cost": 5334.54, "Plan Rows": 100000, "Plan Width": 63}]}, {"Node Type": "Materialize", "Parent Relationship": "Inner", "Startup Cost": 6154458.63, "Total Cost": 9929042.6, "Plan Rows": 2, "Plan Width": 16, "Plans": [{"Node Type": "Nested Loop", "Parent Relationship": "Outer", "Join Type": "Semi", "Startup Cost": 6154458.63, "Total Cost": 9929042.59, "Plan Rows": 2, "Plan Width": 16, "Inner Unique": false, "Plans": [{"Node Type": "Nested Loop", "Parent Relationship": "Outer", "Join Type": "Inner", "Startup Cost": 6154458.63, "Total Cost": 9929037.83, "Plan Rows": 15, "Plan Width": 32, "Inner Unique": true, "Plans": [{"Node Type": "Aggregate", "Strategy": "Hashed", "Parent Relationship": "Outer", "Startup Cost": 6154458.63, "Total Cost": 6267854.63, "Plan Rows": 9071680, "Plan Width": 40, "Group By Key": ["lineitem.l_partkey", "lineitem.l_suppkey"], "Plans": [{"Node Type": "Index Scan", "Parent Relationship": "Outer", "Scan Direction": "Forward", "Index Name": "idx_lineitem_shipdate", "Relation Name": "lineitem", "Alias": "lineitem", "Startup Cost": 0.0, "Total Cost": 6063741.83, "Plan Rows": 9071680, "Plan Width": 24, "Index Cond": "((l_shipdate >= '1993-01-01 00:00:00'::timestamp(0) without time zone) AND (l_shipdate < '1994-01-01 00:00:00'::timestamp without time zone)), (LLVM Optimized)"}]}, {"Node Type": "Index Scan", "Parent Relationship": "Inner", "Scan Direction": "Forward", "Index Name": "partsupp_pkey", "Relation Name": "partsupp", "Alias": "partsupp", "Startup Cost": 0.0, "Total Cost": 0.38, "Plan Rows": 1, "Plan Width": 24, "Index Cond": "((ps_partkey = lineitem.l_partkey) AND (ps_suppkey = lineitem.l_suppkey))", "Filter": "((ps_availqty)::double precision > (.5::double precision * (sum(lineitem.l_quantity))))"}]}, {"Node Type": "Index Scan", "Parent Relationship": "Inner", "Scan Direction": "Forward", "Index Name": "part_kpey", "Relation Name": "part", "Alias": "part", "Startup Cost": 0.0, "Total Cost": 0.3, "Plan Rows": 1, "Plan Width": 8, "Index Cond": "(p_partkey = partsupp.ps_partkey)", "Filter": "((p_name)::text ~~ 'green%'::text)"}]}]}]}]}, "Unique SQL Id": 202076520, "Planner Runtime": 1}, "explain_analyze_plan": null}, "(16, 122)": {"explain_plan": {"Plan": {"Node Type": "Sort", "Startup Cost": 17339533198.13, "Total Cost": 17339533203.13, "Plan Rows": 2000, "Plan Width": 51, "Sort Key": ["supplier.s_name"], "Plans": [{"Node Type": "Nested Loop", "Parent Relationship": "Outer", "Join Type": "Semi", "Startup Cost": 2405767.29, "Total Cost": 17339533088.47, "Plan Rows": 2000, "Plan Width": 51, "Inner Unique": false, "Join Filter": "(supplier.s_suppkey = lineitem.l_suppkey)", "Plans": [{"Node Type": "Nested Loop", "Parent Relationship": "Outer", "Join Type": "Inner", "Startup Cost": 0.0, "Total Cost": 4534.31, "Plan Rows": 4000, "Plan Width": 59, "Inner Unique": false, "Join Filter": "(supplier.s_nationkey = nation.n_nationkey)", "Plans": [{"Node Type": "Seq Scan", "Parent Relationship": "Outer", "Relation Name": "nation", "Alias": "nation", "Startup Cost": 0.0, "Total Cost": 1.31, "Plan Rows": 1, "Plan Width": 4, "Filter": "(n_name = 'ALGERIA'::bpchar)"}, {"Node Type": "Seq Scan", "Parent Relationship": "Inner", "Relation Name": "supplier", "Alias": "supplier", "Startup Cost": 0.0, "Total Cost": 3283.0, "Plan Rows": 100000, "Plan Width": 63}]}, {"Node Type": "Materialize", "Parent Relationship": "Inner", "Startup Cost": 2405767.29, "Total Cost": 17339528434.16, "Plan Rows": 2, "Plan Width": 16, "Plans": [{"Node Type": "Nested Loop", "Parent Relationship": "Outer", "Join Type": "Inner", "Startup Cost": 2405767.29, "Total Cost": 17339528434.15, "Plan Rows": 2, "Plan Width": 16, "Inner Unique": false, "Join Filter": "((partsupp.ps_partkey = lineitem.l_partkey) AND (partsupp.ps_suppkey = lineitem.l_suppkey) AND ((partsupp.ps_availqty)::double precision > (.5::double precision * (sum(lineitem.l_quantity)))))", "Plans": [{"Node Type": "Aggregate", "Strategy": "Hashed", "Parent Relationship": "Outer", "Startup Cost": 2405767.29, "Total Cost": 2519163.29, "Plan Rows": 9071680, "Plan Width": 40, "Group By Key": ["lineitem.l_partkey", "lineitem.l_suppkey"], "Plans": [{"Node Type": "Seq Scan", "Parent Relationship": "Outer", "Relation Name": "lineitem", "Alias": "lineitem", "Startup Cost": 119.57, "Total Cost": 2315050.5, "Plan Rows": 9071680, "Plan Width": 24, "Filter": "((l_shipdate >= '1993-01-01 00:00:00'::timestamp(0) without time zone) AND (l_shipdate < '1994-01-01 00:00:00'::timestamp without time zone)), (LLVM Optimized)"}]}, {"Node Type": "Materialize", "Parent Relationship": "Inner", "Startup Cost": 0.0, "Total Cost": 2697041531.44, "Plan Rows": 64552, "Plan Width": 32, "Plans": [{"Node Type": "Nested Loop", "Parent Relationship": "Outer", "Join Type": "Semi", "Startup Cost": 0.0, "Total Cost": 2697041208.68, "Plan Rows": 64552, "Plan Width": 32, "Inner Unique": false, "Join Filter": "(partsupp.ps_partkey = part.p_partkey)", "Plans": [{"Node Type": "Seq Scan", "Parent Relationship": "Outer", "Relation Name": "partsupp", "Alias": "partsupp", "Startup Cost": 0.0, "Total Cost": 269987.72, "Plan Rows": 8000372, "Plan Width": 24}, {"Node Type": "Materialize", "Parent Relationship": "Inner", "Startup Cost": 0.0, "Total Cost": 67056.36, "Plan Rows": 22472, "Plan Width": 8, "Plans": [{"Node Type": "Seq Scan", "Parent Relationship": "Outer", "Relation Name": "part", "Alias": "part", "Startup Cost": 0.0, "Total Cost": 66944.0, "Plan Rows": 22472, "Plan Width": 8, "Filter": "((p_name)::text ~~ 'green%'::text)"}]}]}]}]}]}]}]}, "Unique SQL Id": 202076520, "Planner Runtime": 1}, "explain_analyze_plan": null}, "(16, 123)": {"explain_plan": {"Plan": {"Node Type": "Sort", "Startup Cost": 5018253561064.47, "Total Cost": 5018253561069.47, "Plan Rows": 2000, "Plan Width": 51, "Sort Key": ["supplier.s_name"], "Plans": [{"Node Type": "Nested Loop", "Parent Relationship": "Outer", "Join Type": "Semi", "Startup Cost": 1040805475552.94, "Total Cost": 5018253560954.81, "Plan Rows": 2000, "Plan Width": 51, "Inner Unique": false, "Join Filter": "(supplier.s_suppkey = subquery.\"?column?\")", "Plans": [{"Node Type": "Nested Loop", "Parent Relationship": "Outer", "Join Type": "Inner", "Startup Cost": 20000000000.0, "Total Cost": 2000000536223.13, "Plan Rows": 4000, "Plan Width": 59, "Inner Unique": true, "Join Filter": "(supplier.s_nationkey = nation.n_nationkey)", "Plans": [{"Node Type": "Index Scan", "Parent Relationship": "Outer", "Scan Direction": "Forward", "Index Name": "supplier_pkey", "Relation Name": "supplier", "Alias": "supplier", "Startup Cost": 10000000000.0, "Total Cost": 1000000533454.38, "Plan Rows": 100000, "Plan Width": 63}, {"Node Type": "Materialize", "Parent Relationship": "Inner", "Startup Cost": 10000000000.0, "Total Cost": 1000000001268.76, "Plan Rows": 1, "Plan Width": 4, "Plans": [{"Node Type": "Index Scan", "Parent Relationship": "Outer", "Scan Direction": "Forward", "Index Name": "nation_pkey", "Relation Name": "nation", "Alias": "nation", "Startup Cost": 10000000000.0, "Total Cost": 1000000001268.75, "Plan Rows": 1, "Plan Width": 4, "Filter": "(n_name = 'ALGERIA'::bpchar)"}]}]}, {"Node Type": "Materialize", "Parent Relationship": "Inner", "Startup Cost": 1020805475552.94, "Total Cost": 3018253024611.68, "Plan Rows": 2, "Plan Width": 16, "Plans": [{"Node Type": "Nested Loop", "Parent Relationship": "Outer", "Join Type": "Inner", "Startup Cost": 1020805475552.94, "Total Cost": 3018253024611.67, "Plan Rows": 2, "Plan Width": 16, "Inner Unique": true, "Join Filter": "((partsupp.ps_partkey = subquery.\"?column?\") AND (partsupp.ps_suppkey = subquery.\"?column?\") AND ((partsupp.ps_availqty)::double precision > (.5::double precision * subquery.\"?column?\")))", "Plans": [{"Node Type": "Nested Loop", "Parent Relationship": "Outer", "Join Type": "Semi", "Startup Cost": 20000000000.0, "Total Cost": 2002807445082.73, "Plan Rows": 64552, "Plan Width": 32, "Inner Unique": false, "Join Filter": "(partsupp.ps_partkey = part.p_partkey)", "Plans": [{"Node Type": "Index Scan", "Parent Relationship": "Outer", "Scan Direction": "Forward", "Index Name": "idx_partsupp_suppkey", "Relation Name": "partsupp", "Alias": "partsupp", "Startup Cost": 10000000000.0, "Total Cost": 1000100160480.77, "Plan Rows": 8000372, "Plan Width": 24}, {"Node Type": "Materialize", "Parent Relationship": "Inner", "Startup Cost": 10000000000.0, "Total Cost": 1000010580437.36, "Plan Rows": 22472, "Plan Width": 8, "Plans": [{"Node Type": "Index Scan", "Parent Relationship": "Outer", "Scan Direction": "Forward", "Index Name": "part_kpey", "Relation Name": "part", "Alias": "part", "Startup Cost": 10000000000.0, "Total Cost": 1000010580325.0, "Plan Rows": 22472, "Plan Width": 8, "Filter": "((p_name)::text ~~ 'green%'::text)"}]}]}, {"Node Type": "Materialize", "Parent Relationship": "Inner", "Startup Cost": 1000805475552.94, "Total Cost": 1000805725024.14, "Plan Rows": 9071680, "Plan Width": 24, "Plans": [{"Node Type": "Subquery Scan", "Parent Relationship": "Outer", "Alias": "subquery", "Startup Cost": 1000805475552.94, "Total Cost": 1000805679665.74, "Plan Rows": 9071680, "Plan Width": 24, "Plans": [{"Node Type": "Aggregate", "Strategy": "Hashed", "Parent Relationship": "Subquery", "Startup Cost": 1000805475552.94, "Total Cost": 1000805588948.94, "Plan Rows": 9071680, "Plan Width": 40, "Group By Key": ["lineitem.l_partkey", "lineitem.l_suppkey"], "Plans": [{"Node Type": "Index Scan", "Parent Relationship": "Outer", "Scan Direction": "Forward", "Index Name": "idx_lineitem_part_supp", "Relation Name": "lineitem", "Alias": "lineitem", "Startup Cost": 10000000000.0, "Total Cost": 1000805384836.14, "Plan Rows": 9071680, "Plan Width": 24, "Filter": "((l_shipdate >= '1993-01-01 00:00:00'::timestamp(0) without time zone) AND (l_shipdate < '1994-01-01 00:00:00'::timestamp without time zone)), (LLVM Optimized)"}]}]}]}]}]}]}]}, "Unique SQL Id": 202076520, "Planner Runtime": 1}, "explain_analyze_plan": null}, "(16, 124)": {"explain_plan": {"Plan": {"Node Type": "Sort", "Startup Cost": 6185115.22, "Total Cost": 6185120.22, "Plan Rows": 2000, "Plan Width": 51, "Sort Key": ["supplier.s_name"], "Plans": [{"Node Type": "Nested Loop", "Parent Relationship": "Outer", "Join Type": "Semi", "Startup Cost": 2405767.29, "Total Cost": 6185005.56, "Plan Rows": 2000, "Plan Width": 51, "Inner Unique": false, "Join Filter": "(supplier.s_suppkey = lineitem.l_suppkey)", "Plans": [{"Node Type": "Nested Loop", "Parent Relationship": "Outer", "Join Type": "Inner", "Startup Cost": 0.0, "Total Cost": 4534.31, "Plan Rows": 4000, "Plan Width": 59, "Inner Unique": false, "Join Filter": "(supplier.s_nationkey = nation.n_nationkey)", "Plans": [{"Node Type": "Seq Scan", "Parent Relationship": "Outer", "Relation Name": "nation", "Alias": "nation", "Startup Cost": 0.0, "Total Cost": 1.31, "Plan Rows": 1, "Plan Width": 4, "Filter": "(n_name = 'ALGERIA'::bpchar)"}, {"Node Type": "Seq Scan", "Parent Relationship": "Inner", "Relation Name": "supplier", "Alias": "supplier", "Startup Cost": 0.0, "Total Cost": 3283.0, "Plan Rows": 100000, "Plan Width": 63}]}, {"Node Type": "Materialize", "Parent Relationship": "Inner", "Startup Cost": 2405767.29, "Total Cost": 6180351.26, "Plan Rows": 2, "Plan Width": 16, "Plans": [{"Node Type": "Nested Loop", "Parent Relationship": "Outer", "Join Type": "Semi", "Startup Cost": 2405767.29, "Total Cost": 6180351.25, "Plan Rows": 2, "Plan Width": 16, "Inner Unique": false, "Plans": [{"Node Type": "Nested Loop", "Parent Relationship": "Outer", "Join Type": "Inner", "Startup Cost": 2405767.29, "Total Cost": 6180346.49, "Plan Rows": 15, "Plan Width": 32, "Inner Unique": true, "Plans": [{"Node Type": "Aggregate", "Strategy": "Hashed", "Parent Relationship": "Outer", "Startup Cost": 2405767.29, "Total Cost": 2519163.29, "Plan Rows": 9071680, "Plan Width": 40, "Group By Key": ["lineitem.l_partkey", "lineitem.l_suppkey"], "Plans": [{"Node Type": "Seq Scan", "Parent Relationship": "Outer", "Relation Name": "lineitem", "Alias": "lineitem", "Startup Cost": 119.57, "Total Cost": 2315050.5, "Plan Rows": 9071680, "Plan Width": 24, "Filter": "((l_shipdate >= '1993-01-01 00:00:00'::timestamp(0) without time zone) AND (l_shipdate < '1994-01-01 00:00:00'::timestamp without time zone)), (LLVM Optimized)"}]}, {"Node Type": "Index Scan", "Parent Relationship": "Inner", "Scan Direction": "Forward", "Index Name": "partsupp_pkey", "Relation Name": "partsupp", "Alias": "partsupp", "Startup Cost": 0.0, "Total Cost": 0.38, "Plan Rows": 1, "Plan Width": 24, "Index Cond": "((ps_partkey = lineitem.l_partkey) AND (ps_suppkey = lineitem.l_suppkey))", "Filter": "((ps_availqty)::double precision > (.5::double precision * (sum(lineitem.l_quantity))))"}]}, {"Node Type": "Index Scan", "Parent Relationship": "Inner", "Scan Direction": "Forward", "Index Name": "part_kpey", "Relation Name": "part", "Alias": "part", "Startup Cost": 0.0, "Total Cost": 0.3, "Plan Rows": 1, "Plan Width": 8, "Index Cond": "(p_partkey = partsupp.ps_partkey)", "Filter": "((p_name)::text ~~ 'green%'::text)"}]}]}]}]}, "Unique SQL Id": 202076520, "Planner Runtime": 2}, "explain_analyze_plan": null}, "(16, 125)": {"explain_plan": {"Plan": {"Node Type": "Sort", "Startup Cost": 9935869.48, "Total Cost": 9935874.48, "Plan Rows": 2000, "Plan Width": 51, "Sort Key": ["supplier.s_name"], "Plans": [{"Node Type": "Nested Loop", "Parent Relationship": "Outer", "Join Type": "Semi", "Startup Cost": 6154458.63, "Total Cost": 9935759.82, "Plan Rows": 2000, "Plan Width": 51, "Inner Unique": false, "Join Filter": "(supplier.s_suppkey = lineitem.l_suppkey)", "Plans": [{"Node Type": "Nested Loop", "Parent Relationship": "Outer", "Join Type": "Inner", "Startup Cost": 0.0, "Total Cost": 6597.23, "Plan Rows": 4000, "Plan Width": 59, "Inner Unique": false, "Join Filter": "(supplier.s_nationkey = nation.n_nationkey)", "Plans": [{"Node Type": "Index Scan", "Parent Relationship": "Outer", "Scan Direction": "Forward", "Index Name": "nation_pkey", "Relation Name": "nation", "Alias": "nation", "Startup Cost": 0.0, "Total Cost": 12.69, "Plan Rows": 1, "Plan Width": 4, "Filter": "(n_name = 'ALGERIA'::bpchar)"}, {"Node Type": "Index Scan", "Parent Relationship": "Inner", "Scan Direction": "Forward", "Index Name": "supplier_pkey", "Relation Name": "supplier", "Alias": "supplier", "Startup Cost": 0.0, "Total Cost": 5334.54, "Plan Rows": 100000, "Plan Width": 63}]}, {"Node Type": "Materialize", "Parent Relationship": "Inner", "Startup Cost": 6154458.63, "Total Cost": 9929042.6, "Plan Rows": 2, "Plan Width": 16, "Plans": [{"Node Type": "Nested Loop", "Parent Relationship": "Outer", "Join Type": "Semi", "Startup Cost": 6154458.63, "Total Cost": 9929042.59, "Plan Rows": 2, "Plan Width": 16, "Inner Unique": false, "Plans": [{"Node Type": "Nested Loop", "Parent Relationship": "Outer", "Join Type": "Inner", "Startup Cost": 6154458.63, "Total Cost": 9929037.83, "Plan Rows": 15, "Plan Width": 32, "Inner Unique": true, "Plans": [{"Node Type": "Aggregate", "Strategy": "Hashed", "Parent Relationship": "Outer", "Startup Cost": 6154458.63, "Total Cost": 6267854.63, "Plan Rows": 9071680, "Plan Width": 40, "Group By Key": ["lineitem.l_partkey", "lineitem.l_suppkey"], "Plans": [{"Node Type": "Index Scan", "Parent Relationship": "Outer", "Scan Direction": "Forward", "Index Name": "idx_lineitem_shipdate", "Relation Name": "lineitem", "Alias": "lineitem", "Startup Cost": 0.0, "Total Cost": 6063741.83, "Plan Rows": 9071680, "Plan Width": 24, "Index Cond": "((l_shipdate >= '1993-01-01 00:00:00'::timestamp(0) without time zone) AND (l_shipdate < '1994-01-01 00:00:00'::timestamp without time zone)), (LLVM Optimized)"}]}, {"Node Type": "Index Scan", "Parent Relationship": "Inner", "Scan Direction": "Forward", "Index Name": "partsupp_pkey", "Relation Name": "partsupp", "Alias": "partsupp", "Startup Cost": 0.0, "Total Cost": 0.38, "Plan Rows": 1, "Plan Width": 24, "Index Cond": "((ps_partkey = lineitem.l_partkey) AND (ps_suppkey = lineitem.l_suppkey))", "Filter": "((ps_availqty)::double precision > (.5::double precision * (sum(lineitem.l_quantity))))"}]}, {"Node Type": "Index Scan", "Parent Relationship": "Inner", "Scan Direction": "Forward", "Index Name": "part_kpey", "Relation Name": "part", "Alias": "part", "Startup Cost": 0.0, "Total Cost": 0.3, "Plan Rows": 1, "Plan Width": 8, "Index Cond": "(p_partkey = partsupp.ps_partkey)", "Filter": "((p_name)::text ~~ 'green%'::text)"}]}]}]}]}, "Unique SQL Id": 202076520, "Planner Runtime": 1}, "explain_analyze_plan": null}, "(16, 126)": {"explain_plan": {"Plan": {"Node Type": "Sort", "Startup Cost": 17339533198.13, "Total Cost": 17339533203.13, "Plan Rows": 2000, "Plan Width": 51, "Sort Key": ["supplier.s_name"], "Plans": [{"Node Type": "Nested Loop", "Parent Relationship": "Outer", "Join Type": "Semi", "Startup Cost": 2405767.29, "Total Cost": 17339533088.47, "Plan Rows": 2000, "Plan Width": 51, "Inner Unique": false, "Join Filter": "(supplier.s_suppkey = lineitem.l_suppkey)", "Plans": [{"Node Type": "Nested Loop", "Parent Relationship": "Outer", "Join Type": "Inner", "Startup Cost": 0.0, "Total Cost": 4534.31, "Plan Rows": 4000, "Plan Width": 59, "Inner Unique": false, "Join Filter": "(supplier.s_nationkey = nation.n_nationkey)", "Plans": [{"Node Type": "Seq Scan", "Parent Relationship": "Outer", "Relation Name": "nation", "Alias": "nation", "Startup Cost": 0.0, "Total Cost": 1.31, "Plan Rows": 1, "Plan Width": 4, "Filter": "(n_name = 'ALGERIA'::bpchar)"}, {"Node Type": "Seq Scan", "Parent Relationship": "Inner", "Relation Name": "supplier", "Alias": "supplier", "Startup Cost": 0.0, "Total Cost": 3283.0, "Plan Rows": 100000, "Plan Width": 63}]}, {"Node Type": "Materialize", "Parent Relationship": "Inner", "Startup Cost": 2405767.29, "Total Cost": 17339528434.16, "Plan Rows": 2, "Plan Width": 16, "Plans": [{"Node Type": "Nested Loop", "Parent Relationship": "Outer", "Join Type": "Inner", "Startup Cost": 2405767.29, "Total Cost": 17339528434.15, "Plan Rows": 2, "Plan Width": 16, "Inner Unique": false, "Join Filter": "((partsupp.ps_partkey = lineitem.l_partkey) AND (partsupp.ps_suppkey = lineitem.l_suppkey) AND ((partsupp.ps_availqty)::double precision > (.5::double precision * (sum(lineitem.l_quantity)))))", "Plans": [{"Node Type": "Aggregate", "Strategy": "Hashed", "Parent Relationship": "Outer", "Startup Cost": 2405767.29, "Total Cost": 2519163.29, "Plan Rows": 9071680, "Plan Width": 40, "Group By Key": ["lineitem.l_partkey", "lineitem.l_suppkey"], "Plans": [{"Node Type": "Seq Scan", "Parent Relationship": "Outer", "Relation Name": "lineitem", "Alias": "lineitem", "Startup Cost": 119.57, "Total Cost": 2315050.5, "Plan Rows": 9071680, "Plan Width": 24, "Filter": "((l_shipdate >= '1993-01-01 00:00:00'::timestamp(0) without time zone) AND (l_shipdate < '1994-01-01 00:00:00'::timestamp without time zone)), (LLVM Optimized)"}]}, {"Node Type": "Materialize", "Parent Relationship": "Inner", "Startup Cost": 0.0, "Total Cost": 2697041531.44, "Plan Rows": 64552, "Plan Width": 32, "Plans": [{"Node Type": "Nested Loop", "Parent Relationship": "Outer", "Join Type": "Semi", "Startup Cost": 0.0, "Total Cost": 2697041208.68, "Plan Rows": 64552, "Plan Width": 32, "Inner Unique": false, "Join Filter": "(partsupp.ps_partkey = part.p_partkey)", "Plans": [{"Node Type": "Seq Scan", "Parent Relationship": "Outer", "Relation Name": "partsupp", "Alias": "partsupp", "Startup Cost": 0.0, "Total Cost": 269987.72, "Plan Rows": 8000372, "Plan Width": 24}, {"Node Type": "Materialize", "Parent Relationship": "Inner", "Startup Cost": 0.0, "Total Cost": 67056.36, "Plan Rows": 22472, "Plan Width": 8, "Plans": [{"Node Type": "Seq Scan", "Parent Relationship": "Outer", "Relation Name": "part", "Alias": "part", "Startup Cost": 0.0, "Total Cost": 66944.0, "Plan Rows": 22472, "Plan Width": 8, "Filter": "((p_name)::text ~~ 'green%'::text)"}]}]}]}]}]}]}]}, "Unique SQL Id": 202076520, "Planner Runtime": 1}, "explain_analyze_plan": null}, "(16, 127)": {"explain_plan": {"Plan": {"Node Type": "Sort", "Startup Cost": 5018253561064.47, "Total Cost": 5018253561069.47, "Plan Rows": 2000, "Plan Width": 51, "Sort Key": ["supplier.s_name"], "Plans": [{"Node Type": "Nested Loop", "Parent Relationship": "Outer", "Join Type": "Semi", "Startup Cost": 1040805475552.94, "Total Cost": 5018253560954.81, "Plan Rows": 2000, "Plan Width": 51, "Inner Unique": false, "Join Filter": "(supplier.s_suppkey = subquery.\"?column?\")", "Plans": [{"Node Type": "Nested Loop", "Parent Relationship": "Outer", "Join Type": "Inner", "Startup Cost": 20000000000.0, "Total Cost": 2000000536223.13, "Plan Rows": 4000, "Plan Width": 59, "Inner Unique": true, "Join Filter": "(supplier.s_nationkey = nation.n_nationkey)", "Plans": [{"Node Type": "Index Scan", "Parent Relationship": "Outer", "Scan Direction": "Forward", "Index Name": "supplier_pkey", "Relation Name": "supplier", "Alias": "supplier", "Startup Cost": 10000000000.0, "Total Cost": 1000000533454.38, "Plan Rows": 100000, "Plan Width": 63}, {"Node Type": "Materialize", "Parent Relationship": "Inner", "Startup Cost": 10000000000.0, "Total Cost": 1000000001268.76, "Plan Rows": 1, "Plan Width": 4, "Plans": [{"Node Type": "Index Scan", "Parent Relationship": "Outer", "Scan Direction": "Forward", "Index Name": "nation_pkey", "Relation Name": "nation", "Alias": "nation", "Startup Cost": 10000000000.0, "Total Cost": 1000000001268.75, "Plan Rows": 1, "Plan Width": 4, "Filter": "(n_name = 'ALGERIA'::bpchar)"}]}]}, {"Node Type": "Materialize", "Parent Relationship": "Inner", "Startup Cost": 1020805475552.94, "Total Cost": 3018253024611.68, "Plan Rows": 2, "Plan Width": 16, "Plans": [{"Node Type": "Nested Loop", "Parent Relationship": "Outer", "Join Type": "Inner", "Startup Cost": 1020805475552.94, "Total Cost": 3018253024611.67, "Plan Rows": 2, "Plan Width": 16, "Inner Unique": true, "Join Filter": "((partsupp.ps_partkey = subquery.\"?column?\") AND (partsupp.ps_suppkey = subquery.\"?column?\") AND ((partsupp.ps_availqty)::double precision > (.5::double precision * subquery.\"?column?\")))", "Plans": [{"Node Type": "Nested Loop", "Parent Relationship": "Outer", "Join Type": "Semi", "Startup Cost": 20000000000.0, "Total Cost": 2002807445082.73, "Plan Rows": 64552, "Plan Width": 32, "Inner Unique": false, "Join Filter": "(partsupp.ps_partkey = part.p_partkey)", "Plans": [{"Node Type": "Index Scan", "Parent Relationship": "Outer", "Scan Direction": "Forward", "Index Name": "idx_partsupp_suppkey", "Relation Name": "partsupp", "Alias": "partsupp", "Startup Cost": 10000000000.0, "Total Cost": 1000100160480.77, "Plan Rows": 8000372, "Plan Width": 24}, {"Node Type": "Materialize", "Parent Relationship": "Inner", "Startup Cost": 10000000000.0, "Total Cost": 1000010580437.36, "Plan Rows": 22472, "Plan Width": 8, "Plans": [{"Node Type": "Index Scan", "Parent Relationship": "Outer", "Scan Direction": "Forward", "Index Name": "part_kpey", "Relation Name": "part", "Alias": "part", "Startup Cost": 10000000000.0, "Total Cost": 1000010580325.0, "Plan Rows": 22472, "Plan Width": 8, "Filter": "((p_name)::text ~~ 'green%'::text)"}]}]}, {"Node Type": "Materialize", "Parent Relationship": "Inner", "Startup Cost": 1000805475552.94, "Total Cost": 1000805725024.14, "Plan Rows": 9071680, "Plan Width": 24, "Plans": [{"Node Type": "Subquery Scan", "Parent Relationship": "Outer", "Alias": "subquery", "Startup Cost": 1000805475552.94, "Total Cost": 1000805679665.74, "Plan Rows": 9071680, "Plan Width": 24, "Plans": [{"Node Type": "Aggregate", "Strategy": "Hashed", "Parent Relationship": "Subquery", "Startup Cost": 1000805475552.94, "Total Cost": 1000805588948.94, "Plan Rows": 9071680, "Plan Width": 40, "Group By Key": ["lineitem.l_partkey", "lineitem.l_suppkey"], "Plans": [{"Node Type": "Index Scan", "Parent Relationship": "Outer", "Scan Direction": "Forward", "Index Name": "idx_lineitem_part_supp", "Relation Name": "lineitem", "Alias": "lineitem", "Startup Cost": 10000000000.0, "Total Cost": 1000805384836.14, "Plan Rows": 9071680, "Plan Width": 24, "Filter": "((l_shipdate >= '1993-01-01 00:00:00'::timestamp(0) without time zone) AND (l_shipdate < '1994-01-01 00:00:00'::timestamp without time zone)), (LLVM Optimized)"}]}]}]}]}]}]}]}, "Unique SQL Id": 202076520, "Planner Runtime": 1}, "explain_analyze_plan": null}, "(64, 0)": {"explain_plan": {"Plan": {"Node Type": "Sort", "Startup Cost": 2481984.46, "Total Cost": 2481989.46, "Plan Rows": 2000, "Plan Width": 51, "Sort Key": ["supplier.s_name"], "Plans": [{"Node Type": "Nested Loop", "Parent Relationship": "Outer", "Join Type": "Semi", "Startup Cost": 2182390.78, "Total Cost": 2481874.8, "Plan Rows": 2000, "Plan Width": 51, "Inner Unique": false, "Join Filter": "(supplier.s_suppkey = lineitem.l_suppkey)", "Plans": [{"Node Type": "Nested Loop", "Parent Relationship": "Outer", "Join Type": "Inner", "Startup Cost": 0.0, "Total Cost": 4534.31, "Plan Rows": 4000, "Plan Width": 59, "Inner Unique": false, "Join Filter": "(supplier.s_nationkey = nation.n_nationkey)", "Plans": [{"Node Type": "Seq Scan", "Parent Relationship": "Outer", "Relation Name": "nation", "Alias": "nation", "Startup Cost": 0.0, "Total Cost": 1.31, "Plan Rows": 1, "Plan Width": 4, "Filter": "(n_name = 'ALGERIA'::bpchar)"}, {"Node Type": "Seq Scan", "Parent Relationship": "Inner", "Relation Name": "supplier", "Alias": "supplier", "Startup Cost": 0.0, "Total Cost": 3283.0, "Plan Rows": 100000, "Plan Width": 63}]}, {"Node Type": "Materialize", "Parent Relationship": "Inner", "Startup Cost": 2182390.78, "Total Cost": 2477220.5, "Plan Rows": 2, "Plan Width": 16, "Plans": [{"Node Type": "Hash Join", "Parent Relationship": "Outer", "Join Type": "Inner", "Startup Cost": 2182390.78, "Total Cost": 2477220.49, "Plan Rows": 2, "Plan Width": 16, "Inner Unique": false, "Hash Cond": "((lineitem.l_partkey = partsupp.ps_partkey) AND (lineitem.l_suppkey = partsupp.ps_suppkey))", "Join Filter": "((partsupp.ps_availqty)::double precision > (.5::double precision * (sum(lineitem.l_quantity))))", "Plans": [{"Node Type": "Aggregate", "Strategy": "Hashed", "Parent Relationship": "Outer", "Startup Cost": 1956349.97, "Total Cost": 2069745.97, "Plan Rows": 9071680, "Plan Width": 40, "Group By Key": ["lineitem.l_partkey", "lineitem.l_suppkey"], "Plans": [{"Node Type": "Bitmap Heap Scan", "Parent Relationship": "Outer", "Relation Name": "lineitem", "Alias": "lineitem", "Startup Cost": 314312.97, "Total Cost": 1865633.17, "Plan Rows": 9071680, "Plan Width": 24, "Recheck Cond": "((l_shipdate >= '1993-01-01 00:00:00'::timestamp(0) without time zone) AND (l_shipdate < '1994-01-01 00:00:00'::timestamp without time zone)), (LLVM Optimized)", "Plans": [{"Node Type": "Bitmap Index Scan", "Parent Relationship": "Outer", "Index Name": "idx_lineitem_shipdate", "Startup Cost": 0.0, "Total Cost": 312045.05, "Plan Rows": 9071680, "Plan Width": 0, "Index Cond": "((l_shipdate >= '1993-01-01 00:00:00'::timestamp(0) without time zone) AND (l_shipdate < '1994-01-01 00:00:00'::timestamp without time zone))"}]}]}, {"Node Type": "Hash", "Parent Relationship": "Inner", "Startup Cost": 225072.53, "Total Cost": 225072.53, "Plan Rows": 64552, "Plan Width": 32, "Plans": [{"Node Type": "Nested Loop", "Parent Relationship": "Outer", "Join Type": "Inner", "Startup Cost": 0.0, "Total Cost": 225072.53, "Plan Rows": 64552, "Plan Width": 32, "Inner Unique": false, "Plans": [{"Node Type": "Seq Scan", "Parent Relationship": "Outer", "Relation Name": "part", "Alias": "part", "Startup Cost": 0.0, "Total Cost": 66944.0, "Plan Rows": 22472, "Plan Width": 8, "Filter": "((p_name)::text ~~ 'green%'::text)"}, {"Node Type": "Index Scan", "Parent Relationship": "Inner", "Scan Direction": "Forward", "Index Name": "idx_partsupp_partkey", "Relation Name": "partsupp", "Alias": "partsupp", "Startup Cost": 0.0, "Total Cost": 7.01, "Plan Rows": 3, "Plan Width": 24, "Index Cond": "(ps_partkey = part.p_partkey)"}]}]}]}]}]}]}, "Unique SQL Id": 202076520, "Planner Runtime": 3}, "explain_analyze_plan": {"Plan": {"Node Type": "Sort", "Startup Cost": 2481984.46, "Total Cost": 2481989.46, "Plan Rows": 2000, "Plan Width": 51, "Actual Startup Time": 76809.017, "Actual Total Time": 76809.18, "Actual Rows": 1746, "Actual Loops": 1, "Sort Key": ["supplier.s_name"], "Sort Method": "quicksort", "Sort Space Used": 309, "Sort Space Type": "Memory", "Plans": [{"Node Type": "Nested Loop", "Parent Relationship": "Outer", "Join Type": "Semi", "Startup Cost": 2182390.78, "Total Cost": 2481874.8, "Plan Rows": 2000, "Plan Width": 51, "Actual Startup Time": 25995.185, "Actual Total Time": 76801.825, "Actual Rows": 1746, "Actual Loops": 1, "Inner Unique": false, "Join Filter": "(supplier.s_suppkey = lineitem.l_suppkey)", "Rows Removed by Join Filter": 174379316, "Plans": [{"Node Type": "Nested Loop", "Parent Relationship": "Outer", "Join Type": "Inner", "Startup Cost": 0.0, "Total Cost": 4534.31, "Plan Rows": 4000, "Plan Width": 59, "Actual Startup Time": 0.051, "Actual Total Time": 71.87, "Actual Rows": 3934, "Actual Loops": 1, "Inner Unique": false, "Join Filter": "(supplier.s_nationkey = nation.n_nationkey)", "Rows Removed by Join Filter": 96066, "Plans": [{"Node Type": "Seq Scan", "Parent Relationship": "Outer", "Relation Name": "nation", "Alias": "nation", "Startup Cost": 0.0, "Total Cost": 1.31, "Plan Rows": 1, "Plan Width": 4, "Actual Startup Time": 0.023, "Actual Total Time": 0.044, "Actual Rows": 1, "Actual Loops": 1, "Filter": "(n_name = 'ALGERIA'::bpchar)", "Rows Removed by Filter": 24}, {"Node Type": "Seq Scan", "Parent Relationship": "Inner", "Relation Name": "supplier", "Alias": "supplier", "Startup Cost": 0.0, "Total Cost": 3283.0, "Plan Rows": 100000, "Plan Width": 63, "Actual Startup Time": 0.013, "Actual Total Time": 42.509, "Actual Rows": 100000, "Actual Loops": 1}]}, {"Node Type": "Materialize", "Parent Relationship": "Inner", "Startup Cost": 2182390.78, "Total Cost": 2477220.5, "Plan Rows": 2, "Plan Width": 16, "Actual Startup Time": 20856.512, "Actual Total Time": 43846.016, "Actual Rows": 174381062, "Actual Loops": 3934, "Plans": [{"Node Type": "Hash Join", "Parent Relationship": "Outer", "Join Type": "Inner", "Startup Cost": 2182390.78, "Total Cost": 2477220.49, "Plan Rows": 2, "Plan Width": 16, "Actual Startup Time": 20855.802, "Actual Total Time": 25950.025, "Actual Rows": 58537, "Actual Loops": 1, "Inner Unique": false, "Hash Cond": "((lineitem.l_partkey = partsupp.ps_partkey) AND (lineitem.l_suppkey = partsupp.ps_suppkey))", "Join Filter": "((partsupp.ps_availqty)::double precision > (.5::double precision * (sum(lineitem.l_quantity))))", "Rows Removed by Join Filter": 136, "Plans": [{"Node Type": "Aggregate", "Strategy": "Hashed", "Parent Relationship": "Outer", "Startup Cost": 1956349.97, "Total Cost": 2069745.97, "Plan Rows": 9071680, "Plan Width": 40, "Actual Startup Time": 19872.108, "Actual Total Time": 23306.925, "Actual Rows": 5442751, "Actual Loops": 1, "Group By Key": ["lineitem.l_partkey", "lineitem.l_suppkey"], "Plans": [{"Node Type": "Bitmap Heap Scan", "Parent Relationship": "Outer", "Relation Name": "lineitem", "Alias": "lineitem", "Startup Cost": 314312.97, "Total Cost": 1865633.17, "Plan Rows": 9071680, "Plan Width": 24, "Actual Startup Time": 3912.7, "Actual Total Time": 11482.825, "Actual Rows": 9109641, "Actual Loops": 1, "Recheck Cond": "((l_shipdate >= '1993-01-01 00:00:00'::timestamp(0) without time zone) AND (l_shipdate < '1994-01-01 00:00:00'::timestamp without time zone)), (LLVM Optimized, Jit Execute)", "Rows Removed by Index Recheck": 0, "Exact Heap Blocks": 1252335, "Lossy Heap Blocks": 1252335, "Plans": [{"Node Type": "Bitmap Index Scan", "Parent Relationship": "Outer", "Index Name": "idx_lineitem_shipdate", "Startup Cost": 0.0, "Total Cost": 312045.05, "Plan Rows": 9071680, "Plan Width": 0, "Actual Startup Time": 3308.829, "Actual Total Time": 3308.829, "Actual Rows": 9109641, "Actual Loops": 1, "Index Cond": "((l_shipdate >= '1993-01-01 00:00:00'::timestamp(0) without time zone) AND (l_shipdate < '1994-01-01 00:00:00'::timestamp without time zone))"}]}]}, {"Node Type": "Hash", "Parent Relationship": "Inner", "Startup Cost": 225072.53, "Total Cost": 225072.53, "Plan Rows": 64552, "Plan Width": 32, "Actual Startup Time": 983.51, "Actual Total Time": 983.51, "Actual Rows": 86224, "Actual Loops": 1, "Hash Buckets": 65536, "Hash Batches": 1, "Original Hash Batches": 1, "Peak Memory Usage": 5389, "Plans": [{"Node Type": "Nested Loop", "Parent Relationship": "Outer", "Join Type": "Inner", "Startup Cost": 0.0, "Total Cost": 225072.53, "Plan Rows": 64552, "Plan Width": 32, "Actual Startup Time": 0.042, "Actual Total Time": 949.255, "Actual Rows": 86224, "Actual Loops": 1, "Inner Unique": false, "Plans": [{"Node Type": "Seq Scan", "Parent Relationship": "Outer", "Relation Name": "part", "Alias": "part", "Startup Cost": 0.0, "Total Cost": 66944.0, "Plan Rows": 22472, "Plan Width": 8, "Actual Startup Time": 0.024, "Actual Total Time": 758.876, "Actual Rows": 21556, "Actual Loops": 1, "Filter": "((p_name)::text ~~ 'green%'::text)", "Rows Removed by Filter": 1978444}, {"Node Type": "Index Scan", "Parent Relationship": "Inner", "Scan Direction": "Forward", "Index Name": "idx_partsupp_partkey", "Relation Name": "partsupp", "Alias": "partsupp", "Startup Cost": 0.0, "Total Cost": 7.01, "Plan Rows": 3, "Plan Width": 24, "Actual Startup Time": 117.181, "Actual Total Time": 157.663, "Actual Rows": 86224, "Actual Loops": 21556, "Index Cond": "(ps_partkey = part.p_partkey)", "Rows Removed by Index Recheck": 0}]}]}]}]}]}]}, "Triggers": [], "Planner Runtime": 2, "Total Runtime": 76820.083, "Unique SQL Id": 202076520}}, "(64, 1)": {"explain_plan": {"Plan": {"Node Type": "Sort", "Startup Cost": 2522906.63, "Total Cost": 2522911.63, "Plan Rows": 2000, "Plan Width": 51, "Sort Key": ["supplier.s_name"], "Plans": [{"Node Type": "Nested Loop", "Parent Relationship": "Outer", "Join Type": "Semi", "Startup Cost": 2221250.03, "Total Cost": 2522796.97, "Plan Rows": 2000, "Plan Width": 51, "Inner Unique": false, "Join Filter": "(supplier.s_suppkey = lineitem.l_suppkey)", "Plans": [{"Node Type": "Nested Loop", "Parent Relationship": "Outer", "Join Type": "Inner", "Startup Cost": 0.0, "Total Cost": 6597.23, "Plan Rows": 4000, "Plan Width": 59, "Inner Unique": false, "Join Filter": "(supplier.s_nationkey = nation.n_nationkey)", "Plans": [{"Node Type": "Index Scan", "Parent Relationship": "Outer", "Scan Direction": "Forward", "Index Name": "nation_pkey", "Relation Name": "nation", "Alias": "nation", "Startup Cost": 0.0, "Total Cost": 12.69, "Plan Rows": 1, "Plan Width": 4, "Filter": "(n_name = 'ALGERIA'::bpchar)"}, {"Node Type": "Index Scan", "Parent Relationship": "Inner", "Scan Direction": "Forward", "Index Name": "supplier_pkey", "Relation Name": "supplier", "Alias": "supplier", "Startup Cost": 0.0, "Total Cost": 5334.54, "Plan Rows": 100000, "Plan Width": 63}]}, {"Node Type": "Materialize", "Parent Relationship": "Inner", "Startup Cost": 2221250.03, "Total Cost": 2516079.75, "Plan Rows": 2, "Plan Width": 16, "Plans": [{"Node Type": "Hash Join", "Parent Relationship": "Outer", "Join Type": "Inner", "Startup Cost": 2221250.03, "Total Cost": 2516079.74, "Plan Rows": 2, "Plan Width": 16, "Inner Unique": false, "Hash Cond": "((lineitem.l_partkey = partsupp.ps_partkey) AND (lineitem.l_suppkey = partsupp.ps_suppkey))", "Join Filter": "((partsupp.ps_availqty)::double precision > (.5::double precision * (sum(lineitem.l_quantity))))", "Plans": [{"Node Type": "Aggregate", "Strategy": "Hashed", "Parent Relationship": "Outer", "Startup Cost": 1956349.97, "Total Cost": 2069745.97, "Plan Rows": 9071680, "Plan Width": 40, "Group By Key": ["lineitem.l_partkey", "lineitem.l_suppkey"], "Plans": [{"Node Type": "Bitmap Heap Scan", "Parent Relationship": "Outer", "Relation Name": "lineitem", "Alias": "lineitem", "Startup Cost": 314312.97, "Total Cost": 1865633.17, "Plan Rows": 9071680, "Plan Width": 24, "Recheck Cond": "((l_shipdate >= '1993-01-01 00:00:00'::timestamp(0) without time zone) AND (l_shipdate < '1994-01-01 00:00:00'::timestamp without time zone)), (LLVM Optimized)", "Plans": [{"Node Type": "Bitmap Index Scan", "Parent Relationship": "Outer", "Index Name": "idx_lineitem_shipdate", "Startup Cost": 0.0, "Total Cost": 312045.05, "Plan Rows": 9071680, "Plan Width": 0, "Index Cond": "((l_shipdate >= '1993-01-01 00:00:00'::timestamp(0) without time zone) AND (l_shipdate < '1994-01-01 00:00:00'::timestamp without time zone))"}]}]}, {"Node Type": "Hash", "Parent Relationship": "Inner", "Startup Cost": 263931.78, "Total Cost": 263931.78, "Plan Rows": 64552, "Plan Width": 32, "Plans": [{"Node Type": "Nested Loop", "Parent Relationship": "Outer", "Join Type": "Inner", "Startup Cost": 0.0, "Total Cost": 263931.78, "Plan Rows": 64552, "Plan Width": 32, "Inner Unique": false, "Plans": [{"Node Type": "Index Scan", "Parent Relationship": "Outer", "Scan Direction": "Forward", "Index Name": "part_kpey", "Relation Name": "part", "Alias": "part", "Startup Cost": 0.0, "Total Cost": 105803.25, "Plan Rows": 22472, "Plan Width": 8, "Filter": "((p_name)::text ~~ 'green%'::text)"}, {"Node Type": "Index Scan", "Parent Relationship": "Inner", "Scan Direction": "Forward", "Index Name": "idx_partsupp_partkey", "Relation Name": "partsupp", "Alias": "partsupp", "Startup Cost": 0.0, "Total Cost": 7.01, "Plan Rows": 3, "Plan Width": 24, "Index Cond": "(ps_partkey = part.p_partkey)"}]}]}]}]}]}]}, "Unique SQL Id": 202076520, "Planner Runtime": 3}, "explain_analyze_plan": {"Plan": {"Node Type": "Sort", "Startup Cost": 2522906.63, "Total Cost": 2522911.63, "Plan Rows": 2000, "Plan Width": 51, "Actual Startup Time": 75645.148, "Actual Total Time": 75645.302, "Actual Rows": 1746, "Actual Loops": 1, "Sort Key": ["supplier.s_name"], "Sort Method": "quicksort", "Sort Space Used": 309, "Sort Space Type": "Memory", "Plans": [{"Node Type": "Nested Loop", "Parent Relationship": "Outer", "Join Type": "Semi", "Startup Cost": 2221250.03, "Total Cost": 2522796.97, "Plan Rows": 2000, "Plan Width": 51, "Actual Startup Time": 24434.252, "Actual Total Time": 75640.65, "Actual Rows": 1746, "Actual Loops": 1, "Inner Unique": false, "Join Filter": "(supplier.s_suppkey = lineitem.l_suppkey)", "Rows Removed by Join Filter": 174379316, "Plans": [{"Node Type": "Nested Loop", "Parent Relationship": "Outer", "Join Type": "Inner", "Startup Cost": 0.0, "Total Cost": 6597.23, "Plan Rows": 4000, "Plan Width": 59, "Actual Startup Time": 0.061, "Actual Total Time": 96.528, "Actual Rows": 3934, "Actual Loops": 1, "Inner Unique": false, "Join Filter": "(supplier.s_nationkey = nation.n_nationkey)", "Rows Removed by Join Filter": 96066, "Plans": [{"Node Type": "Index Scan", "Parent Relationship": "Outer", "Scan Direction": "Forward", "Index Name": "nation_pkey", "Relation Name": "nation", "Alias": "nation", "Startup Cost": 0.0, "Total Cost": 12.69, "Plan Rows": 1, "Plan Width": 4, "Actual Startup Time": 0.021, "Actual Total Time": 0.079, "Actual Rows": 1, "Actual Loops": 1, "Filter": "(n_name = 'ALGERIA'::bpchar)", "Rows Removed by Filter": 24}, {"Node Type": "Index Scan", "Parent Relationship": "Inner", "Scan Direction": "Forward", "Index Name": "supplier_pkey", "Relation Name": "supplier", "Alias": "supplier", "Startup Cost": 0.0, "Total Cost": 5334.54, "Plan Rows": 100000, "Plan Width": 63, "Actual Startup Time": 0.02, "Actual Total Time": 68.713, "Actual Rows": 100000, "Actual Loops": 1}]}, {"Node Type": "Materialize", "Parent Relationship": "Inner", "Startup Cost": 2221250.03, "Total Cost": 2516079.75, "Plan Rows": 2, "Plan Width": 16, "Actual Startup Time": 19925.756, "Actual Total Time": 42621.647, "Actual Rows": 174381062, "Actual Loops": 3934, "Plans": [{"Node Type": "Hash Join", "Parent Relationship": "Outer", "Join Type": "Inner", "Startup Cost": 2221250.03, "Total Cost": 2516079.74, "Plan Rows": 2, "Plan Width": 16, "Actual Startup Time": 19924.996, "Actual Total Time": 24390.525, "Actual Rows": 58537, "Actual Loops": 1, "Inner Unique": false, "Hash Cond": "((lineitem.l_partkey = partsupp.ps_partkey) AND (lineitem.l_suppkey = partsupp.ps_suppkey))", "Join Filter": "((partsupp.ps_availqty)::double precision > (.5::double precision * (sum(lineitem.l_quantity))))", "Rows Removed by Join Filter": 136, "Plans": [{"Node Type": "Aggregate", "Strategy": "Hashed", "Parent Relationship": "Outer", "Startup Cost": 1956349.97, "Total Cost": 2069745.97, "Plan Rows": 9071680, "Plan Width": 40, "Actual Startup Time": 18472.369, "Actual Total Time": 21355.61, "Actual Rows": 5442751, "Actual Loops": 1, "Group By Key": ["lineitem.l_partkey", "lineitem.l_suppkey"], "Plans": [{"Node Type": "Bitmap Heap Scan", "Parent Relationship": "Outer", "Relation Name": "lineitem", "Alias": "lineitem", "Startup Cost": 314312.97, "Total Cost": 1865633.17, "Plan Rows": 9071680, "Plan Width": 24, "Actual Startup Time": 3956.815, "Actual Total Time": 11685.577, "Actual Rows": 9109641, "Actual Loops": 1, "Recheck Cond": "((l_shipdate >= '1993-01-01 00:00:00'::timestamp(0) without time zone) AND (l_shipdate < '1994-01-01 00:00:00'::timestamp without time zone)), (LLVM Optimized, Jit Execute)", "Rows Removed by Index Recheck": 0, "Exact Heap Blocks": 1252335, "Lossy Heap Blocks": 1252335, "Plans": [{"Node Type": "Bitmap Index Scan", "Parent Relationship": "Outer", "Index Name": "idx_lineitem_shipdate", "Startup Cost": 0.0, "Total Cost": 312045.05, "Plan Rows": 9071680, "Plan Width": 0, "Actual Startup Time": 3253.565, "Actual Total Time": 3253.565, "Actual Rows": 9109641, "Actual Loops": 1, "Index Cond": "((l_shipdate >= '1993-01-01 00:00:00'::timestamp(0) without time zone) AND (l_shipdate < '1994-01-01 00:00:00'::timestamp without time zone))"}]}]}, {"Node Type": "Hash", "Parent Relationship": "Inner", "Startup Cost": 263931.78, "Total Cost": 263931.78, "Plan Rows": 64552, "Plan Width": 32, "Actual Startup Time": 1452.469, "Actual Total Time": 1452.469, "Actual Rows": 86224, "Actual Loops": 1, "Hash Buckets": 65536, "Hash Batches": 1, "Original Hash Batches": 1, "Peak Memory Usage": 5389, "Plans": [{"Node Type": "Nested Loop", "Parent Relationship": "Outer", "Join Type": "Inner", "Startup Cost": 0.0, "Total Cost": 263931.78, "Plan Rows": 64552, "Plan Width": 32, "Actual Startup Time": 0.051, "Actual Total Time": 1420.258, "Actual Rows": 86224, "Actual Loops": 1, "Inner Unique": false, "Plans": [{"Node Type": "Index Scan", "Parent Relationship": "Outer", "Scan Direction": "Forward", "Index Name": "part_kpey", "Relation Name": "part", "Alias": "part", "Startup Cost": 0.0, "Total Cost": 105803.25, "Plan Rows": 22472, "Plan Width": 8, "Actual Startup Time": 0.04, "Actual Total Time": 1239.078, "Actual Rows": 21556, "Actual Loops": 1, "Filter": "((p_name)::text ~~ 'green%'::text)", "Rows Removed by Filter": 1978444}, {"Node Type": "Index Scan", "Parent Relationship": "Inner", "Scan Direction": "Forward", "Index Name": "idx_partsupp_partkey", "Relation Name": "partsupp", "Alias": "partsupp", "Startup Cost": 0.0, "Total Cost": 7.01, "Plan Rows": 3, "Plan Width": 24, "Actual Startup Time": 109.097, "Actual Total Time": 147.995, "Actual Rows": 86224, "Actual Loops": 21556, "Index Cond": "(ps_partkey = part.p_partkey)", "Rows Removed by Index Recheck": 0}]}]}]}]}]}]}, "Triggers": [], "Planner Runtime": 2, "Total Runtime": 75656.268, "Unique SQL Id": 202076520}}, "(64, 2)": {"explain_plan": {"Plan": {"Node Type": "Sort", "Startup Cost": 2614774.64, "Total Cost": 2614779.64, "Plan Rows": 2000, "Plan Width": 51, "Sort Key": ["supplier.s_name"], "Plans": [{"Node Type": "Nested Loop", "Parent Relationship": "Outer", "Join Type": "Semi", "Startup Cost": 2315180.96, "Total Cost": 2614664.98, "Plan Rows": 2000, "Plan Width": 51, "Inner Unique": false, "Join Filter": "(supplier.s_suppkey = lineitem.l_suppkey)", "Plans": [{"Node Type": "Nested Loop", "Parent Relationship": "Outer", "Join Type": "Inner", "Startup Cost": 0.0, "Total Cost": 4534.31, "Plan Rows": 4000, "Plan Width": 59, "Inner Unique": false, "Join Filter": "(supplier.s_nationkey = nation.n_nationkey)", "Plans": [{"Node Type": "Seq Scan", "Parent Relationship": "Outer", "Relation Name": "nation", "Alias": "nation", "Startup Cost": 0.0, "Total Cost": 1.31, "Plan Rows": 1, "Plan Width": 4, "Filter": "(n_name = 'ALGERIA'::bpchar)"}, {"Node Type": "Seq Scan", "Parent Relationship": "Inner", "Relation Name": "supplier", "Alias": "supplier", "Startup Cost": 0.0, "Total Cost": 3283.0, "Plan Rows": 100000, "Plan Width": 63}]}, {"Node Type": "Materialize", "Parent Relationship": "Inner", "Startup Cost": 2315180.96, "Total Cost": 2610010.68, "Plan Rows": 2, "Plan Width": 16, "Plans": [{"Node Type": "Hash Join", "Parent Relationship": "Outer", "Join Type": "Inner", "Startup Cost": 2315180.96, "Total Cost": 2610010.67, "Plan Rows": 2, "Plan Width": 16, "Inner Unique": false, "Hash Cond": "((lineitem.l_partkey = partsupp.ps_partkey) AND (lineitem.l_suppkey = partsupp.ps_suppkey))", "Join Filter": "((partsupp.ps_availqty)::double precision > (.5::double precision * (sum(lineitem.l_quantity))))", "Plans": [{"Node Type": "Aggregate", "Strategy": "Hashed", "Parent Relationship": "Outer", "Startup Cost": 1956349.97, "Total Cost": 2069745.97, "Plan Rows": 9071680, "Plan Width": 40, "Group By Key": ["lineitem.l_partkey", "lineitem.l_suppkey"], "Plans": [{"Node Type": "Bitmap Heap Scan", "Parent Relationship": "Outer", "Relation Name": "lineitem", "Alias": "lineitem", "Startup Cost": 314312.97, "Total Cost": 1865633.17, "Plan Rows": 9071680, "Plan Width": 24, "Recheck Cond": "((l_shipdate >= '1993-01-01 00:00:00'::timestamp(0) without time zone) AND (l_shipdate < '1994-01-01 00:00:00'::timestamp without time zone)), (LLVM Optimized)", "Plans": [{"Node Type": "Bitmap Index Scan", "Parent Relationship": "Outer", "Index Name": "idx_lineitem_shipdate", "Startup Cost": 0.0, "Total Cost": 312045.05, "Plan Rows": 9071680, "Plan Width": 0, "Index Cond": "((l_shipdate >= '1993-01-01 00:00:00'::timestamp(0) without time zone) AND (l_shipdate < '1994-01-01 00:00:00'::timestamp without time zone))"}]}]}, {"Node Type": "Hash", "Parent Relationship": "Inner", "Startup Cost": 357862.71, "Total Cost": 357862.71, "Plan Rows": 64552, "Plan Width": 32, "Plans": [{"Node Type": "Hash Join", "Parent Relationship": "Outer", "Join Type": "Inner", "Startup Cost": 67224.9, "Total Cost": 357862.71, "Plan Rows": 64552, "Plan Width": 32, "Inner Unique": true, "Hash Cond": "(partsupp.ps_partkey = part.p_partkey)", "Plans": [{"Node Type": "Seq Scan", "Parent Relationship": "Outer", "Relation Name": "partsupp", "Alias": "partsupp", "Startup Cost": 0.0, "Total Cost": 269987.72, "Plan Rows": 8000372, "Plan Width": 24}, {"Node Type": "Hash", "Parent Relationship": "Inner", "Startup Cost": 66944.0, "Total Cost": 66944.0, "Plan Rows": 22472, "Plan Width": 8, "Plans": [{"Node Type": "Seq Scan", "Parent Relationship": "Outer", "Relation Name": "part", "Alias": "part", "Startup Cost": 0.0, "Total Cost": 66944.0, "Plan Rows": 22472, "Plan Width": 8, "Filter": "((p_name)::text ~~ 'green%'::text)"}]}]}]}]}]}]}]}, "Unique SQL Id": 202076520, "Planner Runtime": 3}, "explain_analyze_plan": {"Plan": {"Node Type": "Sort", "Startup Cost": 2614774.64, "Total Cost": 2614779.64, "Plan Rows": 2000, "Plan Width": 51, "Actual Startup Time": 80540.972, "Actual Total Time": 80541.131, "Actual Rows": 1746, "Actual Loops": 1, "Sort Key": ["supplier.s_name"], "Sort Method": "quicksort", "Sort Space Used": 309, "Sort Space Type": "Memory", "Plans": [{"Node Type": "Nested Loop", "Parent Relationship": "Outer", "Join Type": "Semi", "Startup Cost": 2315180.96, "Total Cost": 2614664.98, "Plan Rows": 2000, "Plan Width": 51, "Actual Startup Time": 29236.729, "Actual Total Time": 80533.516, "Actual Rows": 1746, "Actual Loops": 1, "Inner Unique": false, "Join Filter": "(supplier.s_suppkey = lineitem.l_suppkey)", "Rows Removed by Join Filter": 174379316, "Plans": [{"Node Type": "Nested Loop", "Parent Relationship": "Outer", "Join Type": "Inner", "Startup Cost": 0.0, "Total Cost": 4534.31, "Plan Rows": 4000, "Plan Width": 59, "Actual Startup Time": 0.065, "Actual Total Time": 72.036, "Actual Rows": 3934, "Actual Loops": 1, "Inner Unique": false, "Join Filter": "(supplier.s_nationkey = nation.n_nationkey)", "Rows Removed by Join Filter": 96066, "Plans": [{"Node Type": "Seq Scan", "Parent Relationship": "Outer", "Relation Name": "nation", "Alias": "nation", "Startup Cost": 0.0, "Total Cost": 1.31, "Plan Rows": 1, "Plan Width": 4, "Actual Startup Time": 0.03, "Actual Total Time": 0.05, "Actual Rows": 1, "Actual Loops": 1, "Filter": "(n_name = 'ALGERIA'::bpchar)", "Rows Removed by Filter": 24}, {"Node Type": "Seq Scan", "Parent Relationship": "Inner", "Relation Name": "supplier", "Alias": "supplier", "Startup Cost": 0.0, "Total Cost": 3283.0, "Plan Rows": 100000, "Plan Width": 63, "Actual Startup Time": 0.016, "Actual Total Time": 42.234, "Actual Rows": 100000, "Actual Loops": 1}]}, {"Node Type": "Materialize", "Parent Relationship": "Inner", "Startup Cost": 2315180.96, "Total Cost": 2610010.68, "Plan Rows": 2, "Plan Width": 16, "Actual Startup Time": 24348.188, "Actual Total Time": 46913.206, "Actual Rows": 174381062, "Actual Loops": 3934, "Plans": [{"Node Type": "Hash Join", "Parent Relationship": "Outer", "Join Type": "Inner", "Startup Cost": 2315180.96, "Total Cost": 2610010.67, "Plan Rows": 2, "Plan Width": 16, "Actual Startup Time": 24347.464, "Actual Total Time": 29192.545, "Actual Rows": 58537, "Actual Loops": 1, "Inner Unique": false, "Hash Cond": "((lineitem.l_partkey = partsupp.ps_partkey) AND (lineitem.l_suppkey = partsupp.ps_suppkey))", "Join Filter": "((partsupp.ps_availqty)::double precision > (.5::double precision * (sum(lineitem.l_quantity))))", "Rows Removed by Join Filter": 136, "Plans": [{"Node Type": "Aggregate", "Strategy": "Hashed", "Parent Relationship": "Outer", "Startup Cost": 1956349.97, "Total Cost": 2069745.97, "Plan Rows": 9071680, "Plan Width": 40, "Actual Startup Time": 19645.376, "Actual Total Time": 22934.936, "Actual Rows": 5442751, "Actual Loops": 1, "Group By Key": ["lineitem.l_partkey", "lineitem.l_suppkey"], "Plans": [{"Node Type": "Bitmap Heap Scan", "Parent Relationship": "Outer", "Relation Name": "lineitem", "Alias": "lineitem", "Startup Cost": 314312.97, "Total Cost": 1865633.17, "Plan Rows": 9071680, "Plan Width": 24, "Actual Startup Time": 4289.68, "Actual Total Time": 12083.194, "Actual Rows": 9109641, "Actual Loops": 1, "Recheck Cond": "((l_shipdate >= '1993-01-01 00:00:00'::timestamp(0) without time zone) AND (l_shipdate < '1994-01-01 00:00:00'::timestamp without time zone)), (LLVM Optimized, Jit Execute)", "Rows Removed by Index Recheck": 0, "Exact Heap Blocks": 1252335, "Lossy Heap Blocks": 1252335, "Plans": [{"Node Type": "Bitmap Index Scan", "Parent Relationship": "Outer", "Index Name": "idx_lineitem_shipdate", "Startup Cost": 0.0, "Total Cost": 312045.05, "Plan Rows": 9071680, "Plan Width": 0, "Actual Startup Time": 3734.966, "Actual Total Time": 3734.966, "Actual Rows": 9109641, "Actual Loops": 1, "Index Cond": "((l_shipdate >= '1993-01-01 00:00:00'::timestamp(0) without time zone) AND (l_shipdate < '1994-01-01 00:00:00'::timestamp without time zone))"}]}]}, {"Node Type": "Hash", "Parent Relationship": "Inner", "Startup Cost": 357862.71, "Total Cost": 357862.71, "Plan Rows": 64552, "Plan Width": 32, "Actual Startup Time": 4701.79, "Actual Total Time": 4701.79, "Actual Rows": 86224, "Actual Loops": 1, "Hash Buckets": 65536, "Hash Batches": 1, "Original Hash Batches": 1, "Peak Memory Usage": 5389, "Plans": [{"Node Type": "Hash Join", "Parent Relationship": "Outer", "Join Type": "Inner", "Startup Cost": 67224.9, "Total Cost": 357862.71, "Plan Rows": 64552, "Plan Width": 32, "Actual Startup Time": 750.118, "Actual Total Time": 4660.376, "Actual Rows": 86224, "Actual Loops": 1, "Inner Unique": true, "Hash Cond": "(partsupp.ps_partkey = part.p_partkey)", "Plans": [{"Node Type": "Seq Scan", "Parent Relationship": "Outer", "Relation Name": "partsupp", "Alias": "partsupp", "Startup Cost": 0.0, "Total Cost": 269987.72, "Plan Rows": 8000372, "Plan Width": 24, "Actual Startup Time": 0.013, "Actual Total Time": 2373.247, "Actual Rows": 8000000, "Actual Loops": 1}, {"Node Type": "Hash", "Parent Relationship": "Inner", "Startup Cost": 66944.0, "Total Cost": 66944.0, "Plan Rows": 22472, "Plan Width": 8, "Actual Startup Time": 749.977, "Actual Total Time": 749.977, "Actual Rows": 21556, "Actual Loops": 1, "Hash Buckets": 32768, "Hash Batches": 1, "Original Hash Batches": 1, "Peak Memory Usage": 843, "Plans": [{"Node Type": "Seq Scan", "Parent Relationship": "Outer", "Relation Name": "part", "Alias": "part", "Startup Cost": 0.0, "Total Cost": 66944.0, "Plan Rows": 22472, "Plan Width": 8, "Actual Startup Time": 0.026, "Actual Total Time": 742.759, "Actual Rows": 21556, "Actual Loops": 1, "Filter": "((p_name)::text ~~ 'green%'::text)", "Rows Removed by Filter": 1978444}]}]}]}]}]}]}]}, "Triggers": [], "Planner Runtime": 2, "Total Runtime": 80552.721, "Unique SQL Id": 202076520}}, "(64, 3)": {"explain_plan": {"Plan": {"Node Type": "Sort", "Startup Cost": 41474309.17, "Total Cost": 41474314.17, "Plan Rows": 2000, "Plan Width": 51, "Sort Key": ["supplier.s_name"], "Plans": [{"Node Type": "Nested Loop", "Parent Relationship": "Outer", "Join Type": "Inner", "Startup Cost": 41260049.96, "Total Cost": 41474199.51, "Plan Rows": 2000, "Plan Width": 51, "Inner Unique": true, "Plans": [{"Node Type": "Nested Loop", "Parent Relationship": "Outer", "Join Type": "Inner", "Startup Cost": 41260049.7, "Total Cost": 41260058.01, "Plan Rows": 50000, "Plan Width": 55, "Inner Unique": true, "Plans": [{"Node Type": "Unique", "Parent Relationship": "Outer", "Startup Cost": 41260049.44, "Total Cost": 41260049.45, "Plan Rows": 2, "Plan Width": 16, "Plans": [{"Node Type": "Sort", "Parent Relationship": "Outer", "Startup Cost": 41260049.44, "Total Cost": 41260049.45, "Plan Rows": 2, "Plan Width": 16, "Sort Key": ["partsupp.ps_suppkey"], "Plans": [{"Node Type": "Nested Loop", "Parent Relationship": "Outer", "Join Type": "Semi", "Startup Cost": 1956350.51, "Total Cost": 41260049.43, "Plan Rows": 2, "Plan Width": 16, "Inner Unique": false, "Join Filter": "(partsupp.ps_partkey = part.p_partkey)", "Plans": [{"Node Type": "Nested Loop", "Parent Relationship": "Outer", "Join Type": "Inner", "Startup Cost": 1956350.25, "Total Cost": 41259981.09, "Plan Rows": 15, "Plan Width": 32, "Inner Unique": true, "Plans": [{"Node Type": "Aggregate", "Strategy": "Hashed", "Parent Relationship": "Outer", "Startup Cost": 1956349.97, "Total Cost": 2069745.97, "Plan Rows": 9071680, "Plan Width": 40, "Group By Key": ["lineitem.l_partkey", "lineitem.l_suppkey"], "Plans": [{"Node Type": "Bitmap Heap Scan", "Parent Relationship": "Outer", "Relation Name": "lineitem", "Alias": "lineitem", "Startup Cost": 314312.97, "Total Cost": 1865633.17, "Plan Rows": 9071680, "Plan Width": 24, "Recheck Cond": "((l_shipdate >= '1993-01-01 00:00:00'::timestamp(0) without time zone) AND (l_shipdate < '1994-01-01 00:00:00'::timestamp without time zone)), (LLVM Optimized)", "Plans": [{"Node Type": "Bitmap Index Scan", "Parent Relationship": "Outer", "Index Name": "idx_lineitem_shipdate", "Startup Cost": 0.0, "Total Cost": 312045.05, "Plan Rows": 9071680, "Plan Width": 0, "Index Cond": "((l_shipdate >= '1993-01-01 00:00:00'::timestamp(0) without time zone) AND (l_shipdate < '1994-01-01 00:00:00'::timestamp without time zone))"}]}]}, {"Node Type": "Bitmap Heap Scan", "Parent Relationship": "Inner", "Relation Name": "partsupp", "Alias": "partsupp", "Startup Cost": 0.28, "Total Cost": 4.3, "Plan Rows": 1, "Plan Width": 24, "Recheck Cond": "((ps_partkey = lineitem.l_partkey) AND (ps_suppkey = lineitem.l_suppkey))", "Filter": "((ps_availqty)::double precision > (.5::double precision * (sum(lineitem.l_quantity))))", "Plans": [{"Node Type": "Bitmap Index Scan", "Parent Relationship": "Outer", "Index Name": "partsupp_pkey", "Startup Cost": 0.0, "Total Cost": 0.28, "Plan Rows": 1, "Plan Width": 0, "Index Cond": "((ps_partkey = lineitem.l_partkey) AND (ps_suppkey = lineitem.l_suppkey))"}]}]}, {"Node Type": "Bitmap Heap Scan", "Parent Relationship": "Inner", "Relation Name": "part", "Alias": "part", "Startup Cost": 0.26, "Total Cost": 4.28, "Plan Rows": 1, "Plan Width": 8, "Recheck Cond": "(p_partkey = lineitem.l_partkey)", "Filter": "((p_name)::text ~~ 'green%'::text)", "Plans": [{"Node Type": "Bitmap Index Scan", "Parent Relationship": "Outer", "Index Name": "part_kpey", "Startup Cost": 0.0, "Total Cost": 0.26, "Plan Rows": 1, "Plan Width": 0, "Index Cond": "(p_partkey = lineitem.l_partkey)"}]}]}]}]}, {"Node Type": "Bitmap Heap Scan", "Parent Relationship": "Inner", "Relation Name": "supplier", "Alias": "supplier", "Startup Cost": 0.26, "Total Cost": 4.27, "Plan Rows": 1, "Plan Width": 63, "Recheck Cond": "(s_suppkey = lineitem.l_suppkey)", "Plans": [{"Node Type": "Bitmap Index Scan", "Parent Relationship": "Outer", "Index Name": "supplier_pkey", "Startup Cost": 0.0, "Total Cost": 0.26, "Plan Rows": 1, "Plan Width": 0, "Index Cond": "(s_suppkey = lineitem.l_suppkey)"}]}]}, {"Node Type": "Bitmap Heap Scan", "Parent Relationship": "Inner", "Relation Name": "nation", "Alias": "nation", "Startup Cost": 0.26, "Total Cost": 4.27, "Plan Rows": 1, "Plan Width": 4, "Recheck Cond": "(n_nationkey = supplier.s_nationkey)", "Filter": "(n_name = 'ALGERIA'::bpchar)", "Plans": [{"Node Type": "Bitmap Index Scan", "Parent Relationship": "Outer", "Index Name": "nation_pkey", "Startup Cost": 0.0, "Total Cost": 0.26, "Plan Rows": 1, "Plan Width": 0, "Index Cond": "(n_nationkey = supplier.s_nationkey)"}]}]}]}, "Unique SQL Id": 202076520, "Planner Runtime": 3}, "explain_analyze_plan": {"Plan": {"Node Type": "Sort", "Startup Cost": 41474309.17, "Total Cost": 41474314.17, "Plan Rows": 2000, "Plan Width": 51, "Actual Startup Time": 122895.801, "Actual Total Time": 122895.962, "Actual Rows": 1746, "Actual Loops": 1, "Sort Key": ["supplier.s_name"], "Sort Method": "quicksort", "Sort Space Used": 309, "Sort Space Type": "Memory", "Plans": [{"Node Type": "Nested Loop", "Parent Relationship": "Outer", "Join Type": "Inner", "Startup Cost": 41260049.96, "Total Cost": 41474199.51, "Plan Rows": 2000, "Plan Width": 51, "Actual Startup Time": 122484.703, "Actual Total Time": 122893.842, "Actual Rows": 1746, "Actual Loops": 1, "Inner Unique": true, "Plans": [{"Node Type": "Nested Loop", "Parent Relationship": "Outer", "Join Type": "Inner", "Startup Cost": 41260049.7, "Total Cost": 41260058.01, "Plan Rows": 50000, "Plan Width": 55, "Actual Startup Time": 122484.344, "Actual Total Time": 122721.997, "Actual Rows": 44487, "Actual Loops": 1, "Inner Unique": true, "Plans": [{"Node Type": "Unique", "Parent Relationship": "Outer", "Startup Cost": 41260049.44, "Total Cost": 41260049.45, "Plan Rows": 2, "Plan Width": 16, "Actual Startup Time": 122484.301, "Actual Total Time": 122514.18, "Actual Rows": 44487, "Actual Loops": 1, "Plans": [{"Node Type": "Sort", "Parent Relationship": "Outer", "Startup Cost": 41260049.44, "Total Cost": 41260049.45, "Plan Rows": 2, "Plan Width": 16, "Actual Startup Time": 122484.297, "Actual Total Time": 122495.718, "Actual Rows": 58537, "Actual Loops": 1, "Sort Key": ["partsupp.ps_suppkey"], "Sort Method": "quicksort", "Sort Space Used": 7024, "Sort Space Type": "Memory", "Plans": [{"Node Type": "Nested Loop", "Parent Relationship": "Outer", "Join Type": "Semi", "Startup Cost": 1956350.51, "Total Cost": 41260049.43, "Plan Rows": 2, "Plan Width": 16, "Actual Startup Time": 18667.862, "Actual Total Time": 122403.43, "Actual Rows": 58537, "Actual Loops": 1, "Inner Unique": false, "Join Filter": "(partsupp.ps_partkey = part.p_partkey)", "Rows Removed by Join Filter": 0, "Plans": [{"Node Type": "Nested Loop", "Parent Relationship": "Outer", "Join Type": "Inner", "Startup Cost": 1956350.25, "Total Cost": 41259981.09, "Plan Rows": 15, "Plan Width": 32, "Actual Startup Time": 18667.485, "Actual Total Time": 76318.413, "Actual Rows": 5431247, "Actual Loops": 1, "Inner Unique": true, "Plans": [{"Node Type": "Aggregate", "Strategy": "Hashed", "Parent Relationship": "Outer", "Startup Cost": 1956349.97, "Total Cost": 2069745.97, "Plan Rows": 9071680, "Plan Width": 40, "Actual Startup Time": 18667.332, "Actual Total Time": 23320.171, "Actual Rows": 5442751, "Actual Loops": 1, "Group By Key": ["lineitem.l_partkey", "lineitem.l_suppkey"], "Plans": [{"Node Type": "Bitmap Heap Scan", "Parent Relationship": "Outer", "Relation Name": "lineitem", "Alias": "lineitem", "Startup Cost": 314312.97, "Total Cost": 1865633.17, "Plan Rows": 9071680, "Plan Width": 24, "Actual Startup Time": 4229.766, "Actual Total Time": 11960.542, "Actual Rows": 9109641, "Actual Loops": 1, "Recheck Cond": "((l_shipdate >= '1993-01-01 00:00:00'::timestamp(0) without time zone) AND (l_shipdate < '1994-01-01 00:00:00'::timestamp without time zone)), (LLVM Optimized, Jit Execute)", "Rows Removed by Index Recheck": 0, "Exact Heap Blocks": 1252335, "Lossy Heap Blocks": 1252335, "Plans": [{"Node Type": "Bitmap Index Scan", "Parent Relationship": "Outer", "Index Name": "idx_lineitem_shipdate", "Startup Cost": 0.0, "Total Cost": 312045.05, "Plan Rows": 9071680, "Plan Width": 0, "Actual Startup Time": 3607.483, "Actual Total Time": 3607.483, "Actual Rows": 9109641, "Actual Loops": 1, "Index Cond": "((l_shipdate >= '1993-01-01 00:00:00'::timestamp(0) without time zone) AND (l_shipdate < '1994-01-01 00:00:00'::timestamp without time zone))"}]}]}, {"Node Type": "Bitmap Heap Scan", "Parent Relationship": "Inner", "Relation Name": "partsupp", "Alias": "partsupp", "Startup Cost": 0.28, "Total Cost": 4.3, "Plan Rows": 1, "Plan Width": 24, "Actual Startup Time": 45151.232, "Actual Total Time": 45151.232, "Actual Rows": 5431247, "Actual Loops": 5442751, "Recheck Cond": "((ps_partkey = lineitem.l_partkey) AND (ps_suppkey = lineitem.l_suppkey))", "Rows Removed by Index Recheck": 0, "Filter": "((ps_availqty)::double precision > (.5::double precision * (sum(lineitem.l_quantity))))", "Rows Removed by Filter": 11504, "Exact Heap Blocks": 5442751, "Lossy Heap Blocks": 5442751, "Plans": [{"Node Type": "Bitmap Index Scan", "Parent Relationship": "Outer", "Index Name": "partsupp_pkey", "Startup Cost": 0.0, "Total Cost": 0.28, "Plan Rows": 1, "Plan Width": 0, "Actual Startup Time": 27667.53, "Actual Total Time": 27667.53, "Actual Rows": 5442751, "Actual Loops": 5442751, "Index Cond": "((ps_partkey = lineitem.l_partkey) AND (ps_suppkey = lineitem.l_suppkey))"}]}]}, {"Node Type": "Bitmap Heap Scan", "Parent Relationship": "Inner", "Relation Name": "part", "Alias": "part", "Startup Cost": 0.26, "Total Cost": 4.28, "Plan Rows": 1, "Plan Width": 8, "Actual Startup Time": 39761.268, "Actual Total Time": 39761.268, "Actual Rows": 58537, "Actual Loops": 5431247, "Recheck Cond": "(p_partkey = lineitem.l_partkey)", "Rows Removed by Index Recheck": 0, "Filter": "((p_name)::text ~~ 'green%'::text)", "Rows Removed by Filter": 5372710, "Exact Heap Blocks": 5431247, "Lossy Heap Blocks": 5431247, "Plans": [{"Node Type": "Bitmap Index Scan", "Parent Relationship": "Outer", "Index Name": "part_kpey", "Startup Cost": 0.0, "Total Cost": 0.26, "Plan Rows": 1, "Plan Width": 0, "Actual Startup Time": 23528.84, "Actual Total Time": 23528.84, "Actual Rows": 5431247, "Actual Loops": 5431247, "Index Cond": "(p_partkey = lineitem.l_partkey)"}]}]}]}]}, {"Node Type": "Bitmap Heap Scan", "Parent Relationship": "Inner", "Relation Name": "supplier", "Alias": "supplier", "Startup Cost": 0.26, "Total Cost": 4.27, "Plan Rows": 1, "Plan Width": 63, "Actual Startup Time": 147.97, "Actual Total Time": 147.97, "Actual Rows": 44487, "Actual Loops": 44487, "Recheck Cond": "(s_suppkey = lineitem.l_suppkey)", "Rows Removed by Index Recheck": 0, "Exact Heap Blocks": 44487, "Lossy Heap Blocks": 44487, "Plans": [{"Node Type": "Bitmap Index Scan", "Parent Relationship": "Outer", "Index Name": "supplier_pkey", "Startup Cost": 0.0, "Total Cost": 0.26, "Plan Rows": 1, "Plan Width": 0, "Actual Startup Time": 82.176, "Actual Total Time": 82.176, "Actual Rows": 44487, "Actual Loops": 44487, "Index Cond": "(s_suppkey = lineitem.l_suppkey)"}]}]}, {"Node Type": "Bitmap Heap Scan", "Parent Relationship": "Inner", "Relation Name": "nation", "Alias": "nation", "Startup Cost": 0.26, "Total Cost": 4.27, "Plan Rows": 1, "Plan Width": 4, "Actual Startup Time": 121.742, "Actual Total Time": 121.742, "Actual Rows": 1746, "Actual Loops": 44487, "Recheck Cond": "(n_nationkey = supplier.s_nationkey)", "Rows Removed by Index Recheck": 0, "Filter": "(n_name = 'ALGERIA'::bpchar)", "Rows Removed by Filter": 42741, "Exact Heap Blocks": 44487, "Lossy Heap Blocks": 44487, "Plans": [{"Node Type": "Bitmap Index Scan", "Parent Relationship": "Outer", "Index Name": "nation_pkey", "Startup Cost": 0.0, "Total Cost": 0.26, "Plan Rows": 1, "Plan Width": 0, "Actual Startup Time": 45.415, "Actual Total Time": 45.415, "Actual Rows": 44487, "Actual Loops": 44487, "Index Cond": "(n_nationkey = supplier.s_nationkey)"}]}]}]}, "Triggers": [], "Planner Runtime": 2, "Total Runtime": 122906.738, "Unique SQL Id": 202076520}}, "(64, 4)": {"explain_plan": {"Plan": {"Node Type": "Sort", "Startup Cost": 2481984.46, "Total Cost": 2481989.46, "Plan Rows": 2000, "Plan Width": 51, "Sort Key": ["supplier.s_name"], "Plans": [{"Node Type": "Nested Loop", "Parent Relationship": "Outer", "Join Type": "Semi", "Startup Cost": 2182390.78, "Total Cost": 2481874.8, "Plan Rows": 2000, "Plan Width": 51, "Inner Unique": false, "Join Filter": "(supplier.s_suppkey = lineitem.l_suppkey)", "Plans": [{"Node Type": "Nested Loop", "Parent Relationship": "Outer", "Join Type": "Inner", "Startup Cost": 0.0, "Total Cost": 4534.31, "Plan Rows": 4000, "Plan Width": 59, "Inner Unique": false, "Join Filter": "(supplier.s_nationkey = nation.n_nationkey)", "Plans": [{"Node Type": "Seq Scan", "Parent Relationship": "Outer", "Relation Name": "nation", "Alias": "nation", "Startup Cost": 0.0, "Total Cost": 1.31, "Plan Rows": 1, "Plan Width": 4, "Filter": "(n_name = 'ALGERIA'::bpchar)"}, {"Node Type": "Seq Scan", "Parent Relationship": "Inner", "Relation Name": "supplier", "Alias": "supplier", "Startup Cost": 0.0, "Total Cost": 3283.0, "Plan Rows": 100000, "Plan Width": 63}]}, {"Node Type": "Materialize", "Parent Relationship": "Inner", "Startup Cost": 2182390.78, "Total Cost": 2477220.5, "Plan Rows": 2, "Plan Width": 16, "Plans": [{"Node Type": "Hash Join", "Parent Relationship": "Outer", "Join Type": "Inner", "Startup Cost": 2182390.78, "Total Cost": 2477220.49, "Plan Rows": 2, "Plan Width": 16, "Inner Unique": false, "Hash Cond": "((lineitem.l_partkey = partsupp.ps_partkey) AND (lineitem.l_suppkey = partsupp.ps_suppkey))", "Join Filter": "((partsupp.ps_availqty)::double precision > (.5::double precision * (sum(lineitem.l_quantity))))", "Plans": [{"Node Type": "Aggregate", "Strategy": "Hashed", "Parent Relationship": "Outer", "Startup Cost": 1956349.97, "Total Cost": 2069745.97, "Plan Rows": 9071680, "Plan Width": 40, "Group By Key": ["lineitem.l_partkey", "lineitem.l_suppkey"], "Plans": [{"Node Type": "Bitmap Heap Scan", "Parent Relationship": "Outer", "Relation Name": "lineitem", "Alias": "lineitem", "Startup Cost": 314312.97, "Total Cost": 1865633.17, "Plan Rows": 9071680, "Plan Width": 24, "Recheck Cond": "((l_shipdate >= '1993-01-01 00:00:00'::timestamp(0) without time zone) AND (l_shipdate < '1994-01-01 00:00:00'::timestamp without time zone)), (LLVM Optimized)", "Plans": [{"Node Type": "Bitmap Index Scan", "Parent Relationship": "Outer", "Index Name": "idx_lineitem_shipdate", "Startup Cost": 0.0, "Total Cost": 312045.05, "Plan Rows": 9071680, "Plan Width": 0, "Index Cond": "((l_shipdate >= '1993-01-01 00:00:00'::timestamp(0) without time zone) AND (l_shipdate < '1994-01-01 00:00:00'::timestamp without time zone))"}]}]}, {"Node Type": "Hash", "Parent Relationship": "Inner", "Startup Cost": 225072.53, "Total Cost": 225072.53, "Plan Rows": 64552, "Plan Width": 32, "Plans": [{"Node Type": "Nested Loop", "Parent Relationship": "Outer", "Join Type": "Inner", "Startup Cost": 0.0, "Total Cost": 225072.53, "Plan Rows": 64552, "Plan Width": 32, "Inner Unique": false, "Plans": [{"Node Type": "Seq Scan", "Parent Relationship": "Outer", "Relation Name": "part", "Alias": "part", "Startup Cost": 0.0, "Total Cost": 66944.0, "Plan Rows": 22472, "Plan Width": 8, "Filter": "((p_name)::text ~~ 'green%'::text)"}, {"Node Type": "Index Scan", "Parent Relationship": "Inner", "Scan Direction": "Forward", "Index Name": "idx_partsupp_partkey", "Relation Name": "partsupp", "Alias": "partsupp", "Startup Cost": 0.0, "Total Cost": 7.01, "Plan Rows": 3, "Plan Width": 24, "Index Cond": "(ps_partkey = part.p_partkey)"}]}]}]}]}]}]}, "Unique SQL Id": 202076520, "Planner Runtime": 3}, "explain_analyze_plan": {"Plan": {"Node Type": "Sort", "Startup Cost": 2481984.46, "Total Cost": 2481989.46, "Plan Rows": 2000, "Plan Width": 51, "Actual Startup Time": 76809.017, "Actual Total Time": 76809.18, "Actual Rows": 1746, "Actual Loops": 1, "Sort Key": ["supplier.s_name"], "Sort Method": "quicksort", "Sort Space Used": 309, "Sort Space Type": "Memory", "Plans": [{"Node Type": "Nested Loop", "Parent Relationship": "Outer", "Join Type": "Semi", "Startup Cost": 2182390.78, "Total Cost": 2481874.8, "Plan Rows": 2000, "Plan Width": 51, "Actual Startup Time": 25995.185, "Actual Total Time": 76801.825, "Actual Rows": 1746, "Actual Loops": 1, "Inner Unique": false, "Join Filter": "(supplier.s_suppkey = lineitem.l_suppkey)", "Rows Removed by Join Filter": 174379316, "Plans": [{"Node Type": "Nested Loop", "Parent Relationship": "Outer", "Join Type": "Inner", "Startup Cost": 0.0, "Total Cost": 4534.31, "Plan Rows": 4000, "Plan Width": 59, "Actual Startup Time": 0.051, "Actual Total Time": 71.87, "Actual Rows": 3934, "Actual Loops": 1, "Inner Unique": false, "Join Filter": "(supplier.s_nationkey = nation.n_nationkey)", "Rows Removed by Join Filter": 96066, "Plans": [{"Node Type": "Seq Scan", "Parent Relationship": "Outer", "Relation Name": "nation", "Alias": "nation", "Startup Cost": 0.0, "Total Cost": 1.31, "Plan Rows": 1, "Plan Width": 4, "Actual Startup Time": 0.023, "Actual Total Time": 0.044, "Actual Rows": 1, "Actual Loops": 1, "Filter": "(n_name = 'ALGERIA'::bpchar)", "Rows Removed by Filter": 24}, {"Node Type": "Seq Scan", "Parent Relationship": "Inner", "Relation Name": "supplier", "Alias": "supplier", "Startup Cost": 0.0, "Total Cost": 3283.0, "Plan Rows": 100000, "Plan Width": 63, "Actual Startup Time": 0.013, "Actual Total Time": 42.509, "Actual Rows": 100000, "Actual Loops": 1}]}, {"Node Type": "Materialize", "Parent Relationship": "Inner", "Startup Cost": 2182390.78, "Total Cost": 2477220.5, "Plan Rows": 2, "Plan Width": 16, "Actual Startup Time": 20856.512, "Actual Total Time": 43846.016, "Actual Rows": 174381062, "Actual Loops": 3934, "Plans": [{"Node Type": "Hash Join", "Parent Relationship": "Outer", "Join Type": "Inner", "Startup Cost": 2182390.78, "Total Cost": 2477220.49, "Plan Rows": 2, "Plan Width": 16, "Actual Startup Time": 20855.802, "Actual Total Time": 25950.025, "Actual Rows": 58537, "Actual Loops": 1, "Inner Unique": false, "Hash Cond": "((lineitem.l_partkey = partsupp.ps_partkey) AND (lineitem.l_suppkey = partsupp.ps_suppkey))", "Join Filter": "((partsupp.ps_availqty)::double precision > (.5::double precision * (sum(lineitem.l_quantity))))", "Rows Removed by Join Filter": 136, "Plans": [{"Node Type": "Aggregate", "Strategy": "Hashed", "Parent Relationship": "Outer", "Startup Cost": 1956349.97, "Total Cost": 2069745.97, "Plan Rows": 9071680, "Plan Width": 40, "Actual Startup Time": 19872.108, "Actual Total Time": 23306.925, "Actual Rows": 5442751, "Actual Loops": 1, "Group By Key": ["lineitem.l_partkey", "lineitem.l_suppkey"], "Plans": [{"Node Type": "Bitmap Heap Scan", "Parent Relationship": "Outer", "Relation Name": "lineitem", "Alias": "lineitem", "Startup Cost": 314312.97, "Total Cost": 1865633.17, "Plan Rows": 9071680, "Plan Width": 24, "Actual Startup Time": 3912.7, "Actual Total Time": 11482.825, "Actual Rows": 9109641, "Actual Loops": 1, "Recheck Cond": "((l_shipdate >= '1993-01-01 00:00:00'::timestamp(0) without time zone) AND (l_shipdate < '1994-01-01 00:00:00'::timestamp without time zone)), (LLVM Optimized, Jit Execute)", "Rows Removed by Index Recheck": 0, "Exact Heap Blocks": 1252335, "Lossy Heap Blocks": 1252335, "Plans": [{"Node Type": "Bitmap Index Scan", "Parent Relationship": "Outer", "Index Name": "idx_lineitem_shipdate", "Startup Cost": 0.0, "Total Cost": 312045.05, "Plan Rows": 9071680, "Plan Width": 0, "Actual Startup Time": 3308.829, "Actual Total Time": 3308.829, "Actual Rows": 9109641, "Actual Loops": 1, "Index Cond": "((l_shipdate >= '1993-01-01 00:00:00'::timestamp(0) without time zone) AND (l_shipdate < '1994-01-01 00:00:00'::timestamp without time zone))"}]}]}, {"Node Type": "Hash", "Parent Relationship": "Inner", "Startup Cost": 225072.53, "Total Cost": 225072.53, "Plan Rows": 64552, "Plan Width": 32, "Actual Startup Time": 983.51, "Actual Total Time": 983.51, "Actual Rows": 86224, "Actual Loops": 1, "Hash Buckets": 65536, "Hash Batches": 1, "Original Hash Batches": 1, "Peak Memory Usage": 5389, "Plans": [{"Node Type": "Nested Loop", "Parent Relationship": "Outer", "Join Type": "Inner", "Startup Cost": 0.0, "Total Cost": 225072.53, "Plan Rows": 64552, "Plan Width": 32, "Actual Startup Time": 0.042, "Actual Total Time": 949.255, "Actual Rows": 86224, "Actual Loops": 1, "Inner Unique": false, "Plans": [{"Node Type": "Seq Scan", "Parent Relationship": "Outer", "Relation Name": "part", "Alias": "part", "Startup Cost": 0.0, "Total Cost": 66944.0, "Plan Rows": 22472, "Plan Width": 8, "Actual Startup Time": 0.024, "Actual Total Time": 758.876, "Actual Rows": 21556, "Actual Loops": 1, "Filter": "((p_name)::text ~~ 'green%'::text)", "Rows Removed by Filter": 1978444}, {"Node Type": "Index Scan", "Parent Relationship": "Inner", "Scan Direction": "Forward", "Index Name": "idx_partsupp_partkey", "Relation Name": "partsupp", "Alias": "partsupp", "Startup Cost": 0.0, "Total Cost": 7.01, "Plan Rows": 3, "Plan Width": 24, "Actual Startup Time": 117.181, "Actual Total Time": 157.663, "Actual Rows": 86224, "Actual Loops": 21556, "Index Cond": "(ps_partkey = part.p_partkey)", "Rows Removed by Index Recheck": 0}]}]}]}]}]}]}, "Triggers": [], "Planner Runtime": 2, "Total Runtime": 76820.083, "Unique SQL Id": 202076520}}, "(64, 5)": {"explain_plan": {"Plan": {"Node Type": "Sort", "Startup Cost": 2522906.63, "Total Cost": 2522911.63, "Plan Rows": 2000, "Plan Width": 51, "Sort Key": ["supplier.s_name"], "Plans": [{"Node Type": "Nested Loop", "Parent Relationship": "Outer", "Join Type": "Semi", "Startup Cost": 2221250.03, "Total Cost": 2522796.97, "Plan Rows": 2000, "Plan Width": 51, "Inner Unique": false, "Join Filter": "(supplier.s_suppkey = lineitem.l_suppkey)", "Plans": [{"Node Type": "Nested Loop", "Parent Relationship": "Outer", "Join Type": "Inner", "Startup Cost": 0.0, "Total Cost": 6597.23, "Plan Rows": 4000, "Plan Width": 59, "Inner Unique": false, "Join Filter": "(supplier.s_nationkey = nation.n_nationkey)", "Plans": [{"Node Type": "Index Scan", "Parent Relationship": "Outer", "Scan Direction": "Forward", "Index Name": "nation_pkey", "Relation Name": "nation", "Alias": "nation", "Startup Cost": 0.0, "Total Cost": 12.69, "Plan Rows": 1, "Plan Width": 4, "Filter": "(n_name = 'ALGERIA'::bpchar)"}, {"Node Type": "Index Scan", "Parent Relationship": "Inner", "Scan Direction": "Forward", "Index Name": "supplier_pkey", "Relation Name": "supplier", "Alias": "supplier", "Startup Cost": 0.0, "Total Cost": 5334.54, "Plan Rows": 100000, "Plan Width": 63}]}, {"Node Type": "Materialize", "Parent Relationship": "Inner", "Startup Cost": 2221250.03, "Total Cost": 2516079.75, "Plan Rows": 2, "Plan Width": 16, "Plans": [{"Node Type": "Hash Join", "Parent Relationship": "Outer", "Join Type": "Inner", "Startup Cost": 2221250.03, "Total Cost": 2516079.74, "Plan Rows": 2, "Plan Width": 16, "Inner Unique": false, "Hash Cond": "((lineitem.l_partkey = partsupp.ps_partkey) AND (lineitem.l_suppkey = partsupp.ps_suppkey))", "Join Filter": "((partsupp.ps_availqty)::double precision > (.5::double precision * (sum(lineitem.l_quantity))))", "Plans": [{"Node Type": "Aggregate", "Strategy": "Hashed", "Parent Relationship": "Outer", "Startup Cost": 1956349.97, "Total Cost": 2069745.97, "Plan Rows": 9071680, "Plan Width": 40, "Group By Key": ["lineitem.l_partkey", "lineitem.l_suppkey"], "Plans": [{"Node Type": "Bitmap Heap Scan", "Parent Relationship": "Outer", "Relation Name": "lineitem", "Alias": "lineitem", "Startup Cost": 314312.97, "Total Cost": 1865633.17, "Plan Rows": 9071680, "Plan Width": 24, "Recheck Cond": "((l_shipdate >= '1993-01-01 00:00:00'::timestamp(0) without time zone) AND (l_shipdate < '1994-01-01 00:00:00'::timestamp without time zone)), (LLVM Optimized)", "Plans": [{"Node Type": "Bitmap Index Scan", "Parent Relationship": "Outer", "Index Name": "idx_lineitem_shipdate", "Startup Cost": 0.0, "Total Cost": 312045.05, "Plan Rows": 9071680, "Plan Width": 0, "Index Cond": "((l_shipdate >= '1993-01-01 00:00:00'::timestamp(0) without time zone) AND (l_shipdate < '1994-01-01 00:00:00'::timestamp without time zone))"}]}]}, {"Node Type": "Hash", "Parent Relationship": "Inner", "Startup Cost": 263931.78, "Total Cost": 263931.78, "Plan Rows": 64552, "Plan Width": 32, "Plans": [{"Node Type": "Nested Loop", "Parent Relationship": "Outer", "Join Type": "Inner", "Startup Cost": 0.0, "Total Cost": 263931.78, "Plan Rows": 64552, "Plan Width": 32, "Inner Unique": false, "Plans": [{"Node Type": "Index Scan", "Parent Relationship": "Outer", "Scan Direction": "Forward", "Index Name": "part_kpey", "Relation Name": "part", "Alias": "part", "Startup Cost": 0.0, "Total Cost": 105803.25, "Plan Rows": 22472, "Plan Width": 8, "Filter": "((p_name)::text ~~ 'green%'::text)"}, {"Node Type": "Index Scan", "Parent Relationship": "Inner", "Scan Direction": "Forward", "Index Name": "idx_partsupp_partkey", "Relation Name": "partsupp", "Alias": "partsupp", "Startup Cost": 0.0, "Total Cost": 7.01, "Plan Rows": 3, "Plan Width": 24, "Index Cond": "(ps_partkey = part.p_partkey)"}]}]}]}]}]}]}, "Unique SQL Id": 202076520, "Planner Runtime": 3}, "explain_analyze_plan": {"Plan": {"Node Type": "Sort", "Startup Cost": 2522906.63, "Total Cost": 2522911.63, "Plan Rows": 2000, "Plan Width": 51, "Actual Startup Time": 75645.148, "Actual Total Time": 75645.302, "Actual Rows": 1746, "Actual Loops": 1, "Sort Key": ["supplier.s_name"], "Sort Method": "quicksort", "Sort Space Used": 309, "Sort Space Type": "Memory", "Plans": [{"Node Type": "Nested Loop", "Parent Relationship": "Outer", "Join Type": "Semi", "Startup Cost": 2221250.03, "Total Cost": 2522796.97, "Plan Rows": 2000, "Plan Width": 51, "Actual Startup Time": 24434.252, "Actual Total Time": 75640.65, "Actual Rows": 1746, "Actual Loops": 1, "Inner Unique": false, "Join Filter": "(supplier.s_suppkey = lineitem.l_suppkey)", "Rows Removed by Join Filter": 174379316, "Plans": [{"Node Type": "Nested Loop", "Parent Relationship": "Outer", "Join Type": "Inner", "Startup Cost": 0.0, "Total Cost": 6597.23, "Plan Rows": 4000, "Plan Width": 59, "Actual Startup Time": 0.061, "Actual Total Time": 96.528, "Actual Rows": 3934, "Actual Loops": 1, "Inner Unique": false, "Join Filter": "(supplier.s_nationkey = nation.n_nationkey)", "Rows Removed by Join Filter": 96066, "Plans": [{"Node Type": "Index Scan", "Parent Relationship": "Outer", "Scan Direction": "Forward", "Index Name": "nation_pkey", "Relation Name": "nation", "Alias": "nation", "Startup Cost": 0.0, "Total Cost": 12.69, "Plan Rows": 1, "Plan Width": 4, "Actual Startup Time": 0.021, "Actual Total Time": 0.079, "Actual Rows": 1, "Actual Loops": 1, "Filter": "(n_name = 'ALGERIA'::bpchar)", "Rows Removed by Filter": 24}, {"Node Type": "Index Scan", "Parent Relationship": "Inner", "Scan Direction": "Forward", "Index Name": "supplier_pkey", "Relation Name": "supplier", "Alias": "supplier", "Startup Cost": 0.0, "Total Cost": 5334.54, "Plan Rows": 100000, "Plan Width": 63, "Actual Startup Time": 0.02, "Actual Total Time": 68.713, "Actual Rows": 100000, "Actual Loops": 1}]}, {"Node Type": "Materialize", "Parent Relationship": "Inner", "Startup Cost": 2221250.03, "Total Cost": 2516079.75, "Plan Rows": 2, "Plan Width": 16, "Actual Startup Time": 19925.756, "Actual Total Time": 42621.647, "Actual Rows": 174381062, "Actual Loops": 3934, "Plans": [{"Node Type": "Hash Join", "Parent Relationship": "Outer", "Join Type": "Inner", "Startup Cost": 2221250.03, "Total Cost": 2516079.74, "Plan Rows": 2, "Plan Width": 16, "Actual Startup Time": 19924.996, "Actual Total Time": 24390.525, "Actual Rows": 58537, "Actual Loops": 1, "Inner Unique": false, "Hash Cond": "((lineitem.l_partkey = partsupp.ps_partkey) AND (lineitem.l_suppkey = partsupp.ps_suppkey))", "Join Filter": "((partsupp.ps_availqty)::double precision > (.5::double precision * (sum(lineitem.l_quantity))))", "Rows Removed by Join Filter": 136, "Plans": [{"Node Type": "Aggregate", "Strategy": "Hashed", "Parent Relationship": "Outer", "Startup Cost": 1956349.97, "Total Cost": 2069745.97, "Plan Rows": 9071680, "Plan Width": 40, "Actual Startup Time": 18472.369, "Actual Total Time": 21355.61, "Actual Rows": 5442751, "Actual Loops": 1, "Group By Key": ["lineitem.l_partkey", "lineitem.l_suppkey"], "Plans": [{"Node Type": "Bitmap Heap Scan", "Parent Relationship": "Outer", "Relation Name": "lineitem", "Alias": "lineitem", "Startup Cost": 314312.97, "Total Cost": 1865633.17, "Plan Rows": 9071680, "Plan Width": 24, "Actual Startup Time": 3956.815, "Actual Total Time": 11685.577, "Actual Rows": 9109641, "Actual Loops": 1, "Recheck Cond": "((l_shipdate >= '1993-01-01 00:00:00'::timestamp(0) without time zone) AND (l_shipdate < '1994-01-01 00:00:00'::timestamp without time zone)), (LLVM Optimized, Jit Execute)", "Rows Removed by Index Recheck": 0, "Exact Heap Blocks": 1252335, "Lossy Heap Blocks": 1252335, "Plans": [{"Node Type": "Bitmap Index Scan", "Parent Relationship": "Outer", "Index Name": "idx_lineitem_shipdate", "Startup Cost": 0.0, "Total Cost": 312045.05, "Plan Rows": 9071680, "Plan Width": 0, "Actual Startup Time": 3253.565, "Actual Total Time": 3253.565, "Actual Rows": 9109641, "Actual Loops": 1, "Index Cond": "((l_shipdate >= '1993-01-01 00:00:00'::timestamp(0) without time zone) AND (l_shipdate < '1994-01-01 00:00:00'::timestamp without time zone))"}]}]}, {"Node Type": "Hash", "Parent Relationship": "Inner", "Startup Cost": 263931.78, "Total Cost": 263931.78, "Plan Rows": 64552, "Plan Width": 32, "Actual Startup Time": 1452.469, "Actual Total Time": 1452.469, "Actual Rows": 86224, "Actual Loops": 1, "Hash Buckets": 65536, "Hash Batches": 1, "Original Hash Batches": 1, "Peak Memory Usage": 5389, "Plans": [{"Node Type": "Nested Loop", "Parent Relationship": "Outer", "Join Type": "Inner", "Startup Cost": 0.0, "Total Cost": 263931.78, "Plan Rows": 64552, "Plan Width": 32, "Actual Startup Time": 0.051, "Actual Total Time": 1420.258, "Actual Rows": 86224, "Actual Loops": 1, "Inner Unique": false, "Plans": [{"Node Type": "Index Scan", "Parent Relationship": "Outer", "Scan Direction": "Forward", "Index Name": "part_kpey", "Relation Name": "part", "Alias": "part", "Startup Cost": 0.0, "Total Cost": 105803.25, "Plan Rows": 22472, "Plan Width": 8, "Actual Startup Time": 0.04, "Actual Total Time": 1239.078, "Actual Rows": 21556, "Actual Loops": 1, "Filter": "((p_name)::text ~~ 'green%'::text)", "Rows Removed by Filter": 1978444}, {"Node Type": "Index Scan", "Parent Relationship": "Inner", "Scan Direction": "Forward", "Index Name": "idx_partsupp_partkey", "Relation Name": "partsupp", "Alias": "partsupp", "Startup Cost": 0.0, "Total Cost": 7.01, "Plan Rows": 3, "Plan Width": 24, "Actual Startup Time": 109.097, "Actual Total Time": 147.995, "Actual Rows": 86224, "Actual Loops": 21556, "Index Cond": "(ps_partkey = part.p_partkey)", "Rows Removed by Index Recheck": 0}]}]}]}]}]}]}, "Triggers": [], "Planner Runtime": 2, "Total Runtime": 75656.268, "Unique SQL Id": 202076520}}, "(64, 6)": {"explain_plan": {"Plan": {"Node Type": "Sort", "Startup Cost": 2614774.64, "Total Cost": 2614779.64, "Plan Rows": 2000, "Plan Width": 51, "Sort Key": ["supplier.s_name"], "Plans": [{"Node Type": "Nested Loop", "Parent Relationship": "Outer", "Join Type": "Semi", "Startup Cost": 2315180.96, "Total Cost": 2614664.98, "Plan Rows": 2000, "Plan Width": 51, "Inner Unique": false, "Join Filter": "(supplier.s_suppkey = lineitem.l_suppkey)", "Plans": [{"Node Type": "Nested Loop", "Parent Relationship": "Outer", "Join Type": "Inner", "Startup Cost": 0.0, "Total Cost": 4534.31, "Plan Rows": 4000, "Plan Width": 59, "Inner Unique": false, "Join Filter": "(supplier.s_nationkey = nation.n_nationkey)", "Plans": [{"Node Type": "Seq Scan", "Parent Relationship": "Outer", "Relation Name": "nation", "Alias": "nation", "Startup Cost": 0.0, "Total Cost": 1.31, "Plan Rows": 1, "Plan Width": 4, "Filter": "(n_name = 'ALGERIA'::bpchar)"}, {"Node Type": "Seq Scan", "Parent Relationship": "Inner", "Relation Name": "supplier", "Alias": "supplier", "Startup Cost": 0.0, "Total Cost": 3283.0, "Plan Rows": 100000, "Plan Width": 63}]}, {"Node Type": "Materialize", "Parent Relationship": "Inner", "Startup Cost": 2315180.96, "Total Cost": 2610010.68, "Plan Rows": 2, "Plan Width": 16, "Plans": [{"Node Type": "Hash Join", "Parent Relationship": "Outer", "Join Type": "Inner", "Startup Cost": 2315180.96, "Total Cost": 2610010.67, "Plan Rows": 2, "Plan Width": 16, "Inner Unique": false, "Hash Cond": "((lineitem.l_partkey = partsupp.ps_partkey) AND (lineitem.l_suppkey = partsupp.ps_suppkey))", "Join Filter": "((partsupp.ps_availqty)::double precision > (.5::double precision * (sum(lineitem.l_quantity))))", "Plans": [{"Node Type": "Aggregate", "Strategy": "Hashed", "Parent Relationship": "Outer", "Startup Cost": 1956349.97, "Total Cost": 2069745.97, "Plan Rows": 9071680, "Plan Width": 40, "Group By Key": ["lineitem.l_partkey", "lineitem.l_suppkey"], "Plans": [{"Node Type": "Bitmap Heap Scan", "Parent Relationship": "Outer", "Relation Name": "lineitem", "Alias": "lineitem", "Startup Cost": 314312.97, "Total Cost": 1865633.17, "Plan Rows": 9071680, "Plan Width": 24, "Recheck Cond": "((l_shipdate >= '1993-01-01 00:00:00'::timestamp(0) without time zone) AND (l_shipdate < '1994-01-01 00:00:00'::timestamp without time zone)), (LLVM Optimized)", "Plans": [{"Node Type": "Bitmap Index Scan", "Parent Relationship": "Outer", "Index Name": "idx_lineitem_shipdate", "Startup Cost": 0.0, "Total Cost": 312045.05, "Plan Rows": 9071680, "Plan Width": 0, "Index Cond": "((l_shipdate >= '1993-01-01 00:00:00'::timestamp(0) without time zone) AND (l_shipdate < '1994-01-01 00:00:00'::timestamp without time zone))"}]}]}, {"Node Type": "Hash", "Parent Relationship": "Inner", "Startup Cost": 357862.71, "Total Cost": 357862.71, "Plan Rows": 64552, "Plan Width": 32, "Plans": [{"Node Type": "Hash Join", "Parent Relationship": "Outer", "Join Type": "Inner", "Startup Cost": 67224.9, "Total Cost": 357862.71, "Plan Rows": 64552, "Plan Width": 32, "Inner Unique": true, "Hash Cond": "(partsupp.ps_partkey = part.p_partkey)", "Plans": [{"Node Type": "Seq Scan", "Parent Relationship": "Outer", "Relation Name": "partsupp", "Alias": "partsupp", "Startup Cost": 0.0, "Total Cost": 269987.72, "Plan Rows": 8000372, "Plan Width": 24}, {"Node Type": "Hash", "Parent Relationship": "Inner", "Startup Cost": 66944.0, "Total Cost": 66944.0, "Plan Rows": 22472, "Plan Width": 8, "Plans": [{"Node Type": "Seq Scan", "Parent Relationship": "Outer", "Relation Name": "part", "Alias": "part", "Startup Cost": 0.0, "Total Cost": 66944.0, "Plan Rows": 22472, "Plan Width": 8, "Filter": "((p_name)::text ~~ 'green%'::text)"}]}]}]}]}]}]}]}, "Unique SQL Id": 202076520, "Planner Runtime": 3}, "explain_analyze_plan": {"Plan": {"Node Type": "Sort", "Startup Cost": 2614774.64, "Total Cost": 2614779.64, "Plan Rows": 2000, "Plan Width": 51, "Actual Startup Time": 80540.972, "Actual Total Time": 80541.131, "Actual Rows": 1746, "Actual Loops": 1, "Sort Key": ["supplier.s_name"], "Sort Method": "quicksort", "Sort Space Used": 309, "Sort Space Type": "Memory", "Plans": [{"Node Type": "Nested Loop", "Parent Relationship": "Outer", "Join Type": "Semi", "Startup Cost": 2315180.96, "Total Cost": 2614664.98, "Plan Rows": 2000, "Plan Width": 51, "Actual Startup Time": 29236.729, "Actual Total Time": 80533.516, "Actual Rows": 1746, "Actual Loops": 1, "Inner Unique": false, "Join Filter": "(supplier.s_suppkey = lineitem.l_suppkey)", "Rows Removed by Join Filter": 174379316, "Plans": [{"Node Type": "Nested Loop", "Parent Relationship": "Outer", "Join Type": "Inner", "Startup Cost": 0.0, "Total Cost": 4534.31, "Plan Rows": 4000, "Plan Width": 59, "Actual Startup Time": 0.065, "Actual Total Time": 72.036, "Actual Rows": 3934, "Actual Loops": 1, "Inner Unique": false, "Join Filter": "(supplier.s_nationkey = nation.n_nationkey)", "Rows Removed by Join Filter": 96066, "Plans": [{"Node Type": "Seq Scan", "Parent Relationship": "Outer", "Relation Name": "nation", "Alias": "nation", "Startup Cost": 0.0, "Total Cost": 1.31, "Plan Rows": 1, "Plan Width": 4, "Actual Startup Time": 0.03, "Actual Total Time": 0.05, "Actual Rows": 1, "Actual Loops": 1, "Filter": "(n_name = 'ALGERIA'::bpchar)", "Rows Removed by Filter": 24}, {"Node Type": "Seq Scan", "Parent Relationship": "Inner", "Relation Name": "supplier", "Alias": "supplier", "Startup Cost": 0.0, "Total Cost": 3283.0, "Plan Rows": 100000, "Plan Width": 63, "Actual Startup Time": 0.016, "Actual Total Time": 42.234, "Actual Rows": 100000, "Actual Loops": 1}]}, {"Node Type": "Materialize", "Parent Relationship": "Inner", "Startup Cost": 2315180.96, "Total Cost": 2610010.68, "Plan Rows": 2, "Plan Width": 16, "Actual Startup Time": 24348.188, "Actual Total Time": 46913.206, "Actual Rows": 174381062, "Actual Loops": 3934, "Plans": [{"Node Type": "Hash Join", "Parent Relationship": "Outer", "Join Type": "Inner", "Startup Cost": 2315180.96, "Total Cost": 2610010.67, "Plan Rows": 2, "Plan Width": 16, "Actual Startup Time": 24347.464, "Actual Total Time": 29192.545, "Actual Rows": 58537, "Actual Loops": 1, "Inner Unique": false, "Hash Cond": "((lineitem.l_partkey = partsupp.ps_partkey) AND (lineitem.l_suppkey = partsupp.ps_suppkey))", "Join Filter": "((partsupp.ps_availqty)::double precision > (.5::double precision * (sum(lineitem.l_quantity))))", "Rows Removed by Join Filter": 136, "Plans": [{"Node Type": "Aggregate", "Strategy": "Hashed", "Parent Relationship": "Outer", "Startup Cost": 1956349.97, "Total Cost": 2069745.97, "Plan Rows": 9071680, "Plan Width": 40, "Actual Startup Time": 19645.376, "Actual Total Time": 22934.936, "Actual Rows": 5442751, "Actual Loops": 1, "Group By Key": ["lineitem.l_partkey", "lineitem.l_suppkey"], "Plans": [{"Node Type": "Bitmap Heap Scan", "Parent Relationship": "Outer", "Relation Name": "lineitem", "Alias": "lineitem", "Startup Cost": 314312.97, "Total Cost": 1865633.17, "Plan Rows": 9071680, "Plan Width": 24, "Actual Startup Time": 4289.68, "Actual Total Time": 12083.194, "Actual Rows": 9109641, "Actual Loops": 1, "Recheck Cond": "((l_shipdate >= '1993-01-01 00:00:00'::timestamp(0) without time zone) AND (l_shipdate < '1994-01-01 00:00:00'::timestamp without time zone)), (LLVM Optimized, Jit Execute)", "Rows Removed by Index Recheck": 0, "Exact Heap Blocks": 1252335, "Lossy Heap Blocks": 1252335, "Plans": [{"Node Type": "Bitmap Index Scan", "Parent Relationship": "Outer", "Index Name": "idx_lineitem_shipdate", "Startup Cost": 0.0, "Total Cost": 312045.05, "Plan Rows": 9071680, "Plan Width": 0, "Actual Startup Time": 3734.966, "Actual Total Time": 3734.966, "Actual Rows": 9109641, "Actual Loops": 1, "Index Cond": "((l_shipdate >= '1993-01-01 00:00:00'::timestamp(0) without time zone) AND (l_shipdate < '1994-01-01 00:00:00'::timestamp without time zone))"}]}]}, {"Node Type": "Hash", "Parent Relationship": "Inner", "Startup Cost": 357862.71, "Total Cost": 357862.71, "Plan Rows": 64552, "Plan Width": 32, "Actual Startup Time": 4701.79, "Actual Total Time": 4701.79, "Actual Rows": 86224, "Actual Loops": 1, "Hash Buckets": 65536, "Hash Batches": 1, "Original Hash Batches": 1, "Peak Memory Usage": 5389, "Plans": [{"Node Type": "Hash Join", "Parent Relationship": "Outer", "Join Type": "Inner", "Startup Cost": 67224.9, "Total Cost": 357862.71, "Plan Rows": 64552, "Plan Width": 32, "Actual Startup Time": 750.118, "Actual Total Time": 4660.376, "Actual Rows": 86224, "Actual Loops": 1, "Inner Unique": true, "Hash Cond": "(partsupp.ps_partkey = part.p_partkey)", "Plans": [{"Node Type": "Seq Scan", "Parent Relationship": "Outer", "Relation Name": "partsupp", "Alias": "partsupp", "Startup Cost": 0.0, "Total Cost": 269987.72, "Plan Rows": 8000372, "Plan Width": 24, "Actual Startup Time": 0.013, "Actual Total Time": 2373.247, "Actual Rows": 8000000, "Actual Loops": 1}, {"Node Type": "Hash", "Parent Relationship": "Inner", "Startup Cost": 66944.0, "Total Cost": 66944.0, "Plan Rows": 22472, "Plan Width": 8, "Actual Startup Time": 749.977, "Actual Total Time": 749.977, "Actual Rows": 21556, "Actual Loops": 1, "Hash Buckets": 32768, "Hash Batches": 1, "Original Hash Batches": 1, "Peak Memory Usage": 843, "Plans": [{"Node Type": "Seq Scan", "Parent Relationship": "Outer", "Relation Name": "part", "Alias": "part", "Startup Cost": 0.0, "Total Cost": 66944.0, "Plan Rows": 22472, "Plan Width": 8, "Actual Startup Time": 0.026, "Actual Total Time": 742.759, "Actual Rows": 21556, "Actual Loops": 1, "Filter": "((p_name)::text ~~ 'green%'::text)", "Rows Removed by Filter": 1978444}]}]}]}]}]}]}]}, "Triggers": [], "Planner Runtime": 2, "Total Runtime": 80552.721, "Unique SQL Id": 202076520}}, "(64, 7)": {"explain_plan": {"Plan": {"Node Type": "Sort", "Startup Cost": 41474309.17, "Total Cost": 41474314.17, "Plan Rows": 2000, "Plan Width": 51, "Sort Key": ["supplier.s_name"], "Plans": [{"Node Type": "Nested Loop", "Parent Relationship": "Outer", "Join Type": "Inner", "Startup Cost": 41260049.96, "Total Cost": 41474199.51, "Plan Rows": 2000, "Plan Width": 51, "Inner Unique": true, "Plans": [{"Node Type": "Nested Loop", "Parent Relationship": "Outer", "Join Type": "Inner", "Startup Cost": 41260049.7, "Total Cost": 41260058.01, "Plan Rows": 50000, "Plan Width": 55, "Inner Unique": true, "Plans": [{"Node Type": "Unique", "Parent Relationship": "Outer", "Startup Cost": 41260049.44, "Total Cost": 41260049.45, "Plan Rows": 2, "Plan Width": 16, "Plans": [{"Node Type": "Sort", "Parent Relationship": "Outer", "Startup Cost": 41260049.44, "Total Cost": 41260049.45, "Plan Rows": 2, "Plan Width": 16, "Sort Key": ["partsupp.ps_suppkey"], "Plans": [{"Node Type": "Nested Loop", "Parent Relationship": "Outer", "Join Type": "Semi", "Startup Cost": 1956350.51, "Total Cost": 41260049.43, "Plan Rows": 2, "Plan Width": 16, "Inner Unique": false, "Join Filter": "(partsupp.ps_partkey = part.p_partkey)", "Plans": [{"Node Type": "Nested Loop", "Parent Relationship": "Outer", "Join Type": "Inner", "Startup Cost": 1956350.25, "Total Cost": 41259981.09, "Plan Rows": 15, "Plan Width": 32, "Inner Unique": true, "Plans": [{"Node Type": "Aggregate", "Strategy": "Hashed", "Parent Relationship": "Outer", "Startup Cost": 1956349.97, "Total Cost": 2069745.97, "Plan Rows": 9071680, "Plan Width": 40, "Group By Key": ["lineitem.l_partkey", "lineitem.l_suppkey"], "Plans": [{"Node Type": "Bitmap Heap Scan", "Parent Relationship": "Outer", "Relation Name": "lineitem", "Alias": "lineitem", "Startup Cost": 314312.97, "Total Cost": 1865633.17, "Plan Rows": 9071680, "Plan Width": 24, "Recheck Cond": "((l_shipdate >= '1993-01-01 00:00:00'::timestamp(0) without time zone) AND (l_shipdate < '1994-01-01 00:00:00'::timestamp without time zone)), (LLVM Optimized)", "Plans": [{"Node Type": "Bitmap Index Scan", "Parent Relationship": "Outer", "Index Name": "idx_lineitem_shipdate", "Startup Cost": 0.0, "Total Cost": 312045.05, "Plan Rows": 9071680, "Plan Width": 0, "Index Cond": "((l_shipdate >= '1993-01-01 00:00:00'::timestamp(0) without time zone) AND (l_shipdate < '1994-01-01 00:00:00'::timestamp without time zone))"}]}]}, {"Node Type": "Bitmap Heap Scan", "Parent Relationship": "Inner", "Relation Name": "partsupp", "Alias": "partsupp", "Startup Cost": 0.28, "Total Cost": 4.3, "Plan Rows": 1, "Plan Width": 24, "Recheck Cond": "((ps_partkey = lineitem.l_partkey) AND (ps_suppkey = lineitem.l_suppkey))", "Filter": "((ps_availqty)::double precision > (.5::double precision * (sum(lineitem.l_quantity))))", "Plans": [{"Node Type": "Bitmap Index Scan", "Parent Relationship": "Outer", "Index Name": "partsupp_pkey", "Startup Cost": 0.0, "Total Cost": 0.28, "Plan Rows": 1, "Plan Width": 0, "Index Cond": "((ps_partkey = lineitem.l_partkey) AND (ps_suppkey = lineitem.l_suppkey))"}]}]}, {"Node Type": "Bitmap Heap Scan", "Parent Relationship": "Inner", "Relation Name": "part", "Alias": "part", "Startup Cost": 0.26, "Total Cost": 4.28, "Plan Rows": 1, "Plan Width": 8, "Recheck Cond": "(p_partkey = lineitem.l_partkey)", "Filter": "((p_name)::text ~~ 'green%'::text)", "Plans": [{"Node Type": "Bitmap Index Scan", "Parent Relationship": "Outer", "Index Name": "part_kpey", "Startup Cost": 0.0, "Total Cost": 0.26, "Plan Rows": 1, "Plan Width": 0, "Index Cond": "(p_partkey = lineitem.l_partkey)"}]}]}]}]}, {"Node Type": "Bitmap Heap Scan", "Parent Relationship": "Inner", "Relation Name": "supplier", "Alias": "supplier", "Startup Cost": 0.26, "Total Cost": 4.27, "Plan Rows": 1, "Plan Width": 63, "Recheck Cond": "(s_suppkey = lineitem.l_suppkey)", "Plans": [{"Node Type": "Bitmap Index Scan", "Parent Relationship": "Outer", "Index Name": "supplier_pkey", "Startup Cost": 0.0, "Total Cost": 0.26, "Plan Rows": 1, "Plan Width": 0, "Index Cond": "(s_suppkey = lineitem.l_suppkey)"}]}]}, {"Node Type": "Bitmap Heap Scan", "Parent Relationship": "Inner", "Relation Name": "nation", "Alias": "nation", "Startup Cost": 0.26, "Total Cost": 4.27, "Plan Rows": 1, "Plan Width": 4, "Recheck Cond": "(n_nationkey = supplier.s_nationkey)", "Filter": "(n_name = 'ALGERIA'::bpchar)", "Plans": [{"Node Type": "Bitmap Index Scan", "Parent Relationship": "Outer", "Index Name": "nation_pkey", "Startup Cost": 0.0, "Total Cost": 0.26, "Plan Rows": 1, "Plan Width": 0, "Index Cond": "(n_nationkey = supplier.s_nationkey)"}]}]}]}, "Unique SQL Id": 202076520, "Planner Runtime": 2}, "explain_analyze_plan": {"Plan": {"Node Type": "Sort", "Startup Cost": 41474309.17, "Total Cost": 41474314.17, "Plan Rows": 2000, "Plan Width": 51, "Actual Startup Time": 122895.801, "Actual Total Time": 122895.962, "Actual Rows": 1746, "Actual Loops": 1, "Sort Key": ["supplier.s_name"], "Sort Method": "quicksort", "Sort Space Used": 309, "Sort Space Type": "Memory", "Plans": [{"Node Type": "Nested Loop", "Parent Relationship": "Outer", "Join Type": "Inner", "Startup Cost": 41260049.96, "Total Cost": 41474199.51, "Plan Rows": 2000, "Plan Width": 51, "Actual Startup Time": 122484.703, "Actual Total Time": 122893.842, "Actual Rows": 1746, "Actual Loops": 1, "Inner Unique": true, "Plans": [{"Node Type": "Nested Loop", "Parent Relationship": "Outer", "Join Type": "Inner", "Startup Cost": 41260049.7, "Total Cost": 41260058.01, "Plan Rows": 50000, "Plan Width": 55, "Actual Startup Time": 122484.344, "Actual Total Time": 122721.997, "Actual Rows": 44487, "Actual Loops": 1, "Inner Unique": true, "Plans": [{"Node Type": "Unique", "Parent Relationship": "Outer", "Startup Cost": 41260049.44, "Total Cost": 41260049.45, "Plan Rows": 2, "Plan Width": 16, "Actual Startup Time": 122484.301, "Actual Total Time": 122514.18, "Actual Rows": 44487, "Actual Loops": 1, "Plans": [{"Node Type": "Sort", "Parent Relationship": "Outer", "Startup Cost": 41260049.44, "Total Cost": 41260049.45, "Plan Rows": 2, "Plan Width": 16, "Actual Startup Time": 122484.297, "Actual Total Time": 122495.718, "Actual Rows": 58537, "Actual Loops": 1, "Sort Key": ["partsupp.ps_suppkey"], "Sort Method": "quicksort", "Sort Space Used": 7024, "Sort Space Type": "Memory", "Plans": [{"Node Type": "Nested Loop", "Parent Relationship": "Outer", "Join Type": "Semi", "Startup Cost": 1956350.51, "Total Cost": 41260049.43, "Plan Rows": 2, "Plan Width": 16, "Actual Startup Time": 18667.862, "Actual Total Time": 122403.43, "Actual Rows": 58537, "Actual Loops": 1, "Inner Unique": false, "Join Filter": "(partsupp.ps_partkey = part.p_partkey)", "Rows Removed by Join Filter": 0, "Plans": [{"Node Type": "Nested Loop", "Parent Relationship": "Outer", "Join Type": "Inner", "Startup Cost": 1956350.25, "Total Cost": 41259981.09, "Plan Rows": 15, "Plan Width": 32, "Actual Startup Time": 18667.485, "Actual Total Time": 76318.413, "Actual Rows": 5431247, "Actual Loops": 1, "Inner Unique": true, "Plans": [{"Node Type": "Aggregate", "Strategy": "Hashed", "Parent Relationship": "Outer", "Startup Cost": 1956349.97, "Total Cost": 2069745.97, "Plan Rows": 9071680, "Plan Width": 40, "Actual Startup Time": 18667.332, "Actual Total Time": 23320.171, "Actual Rows": 5442751, "Actual Loops": 1, "Group By Key": ["lineitem.l_partkey", "lineitem.l_suppkey"], "Plans": [{"Node Type": "Bitmap Heap Scan", "Parent Relationship": "Outer", "Relation Name": "lineitem", "Alias": "lineitem", "Startup Cost": 314312.97, "Total Cost": 1865633.17, "Plan Rows": 9071680, "Plan Width": 24, "Actual Startup Time": 4229.766, "Actual Total Time": 11960.542, "Actual Rows": 9109641, "Actual Loops": 1, "Recheck Cond": "((l_shipdate >= '1993-01-01 00:00:00'::timestamp(0) without time zone) AND (l_shipdate < '1994-01-01 00:00:00'::timestamp without time zone)), (LLVM Optimized, Jit Execute)", "Rows Removed by Index Recheck": 0, "Exact Heap Blocks": 1252335, "Lossy Heap Blocks": 1252335, "Plans": [{"Node Type": "Bitmap Index Scan", "Parent Relationship": "Outer", "Index Name": "idx_lineitem_shipdate", "Startup Cost": 0.0, "Total Cost": 312045.05, "Plan Rows": 9071680, "Plan Width": 0, "Actual Startup Time": 3607.483, "Actual Total Time": 3607.483, "Actual Rows": 9109641, "Actual Loops": 1, "Index Cond": "((l_shipdate >= '1993-01-01 00:00:00'::timestamp(0) without time zone) AND (l_shipdate < '1994-01-01 00:00:00'::timestamp without time zone))"}]}]}, {"Node Type": "Bitmap Heap Scan", "Parent Relationship": "Inner", "Relation Name": "partsupp", "Alias": "partsupp", "Startup Cost": 0.28, "Total Cost": 4.3, "Plan Rows": 1, "Plan Width": 24, "Actual Startup Time": 45151.232, "Actual Total Time": 45151.232, "Actual Rows": 5431247, "Actual Loops": 5442751, "Recheck Cond": "((ps_partkey = lineitem.l_partkey) AND (ps_suppkey = lineitem.l_suppkey))", "Rows Removed by Index Recheck": 0, "Filter": "((ps_availqty)::double precision > (.5::double precision * (sum(lineitem.l_quantity))))", "Rows Removed by Filter": 11504, "Exact Heap Blocks": 5442751, "Lossy Heap Blocks": 5442751, "Plans": [{"Node Type": "Bitmap Index Scan", "Parent Relationship": "Outer", "Index Name": "partsupp_pkey", "Startup Cost": 0.0, "Total Cost": 0.28, "Plan Rows": 1, "Plan Width": 0, "Actual Startup Time": 27667.53, "Actual Total Time": 27667.53, "Actual Rows": 5442751, "Actual Loops": 5442751, "Index Cond": "((ps_partkey = lineitem.l_partkey) AND (ps_suppkey = lineitem.l_suppkey))"}]}]}, {"Node Type": "Bitmap Heap Scan", "Parent Relationship": "Inner", "Relation Name": "part", "Alias": "part", "Startup Cost": 0.26, "Total Cost": 4.28, "Plan Rows": 1, "Plan Width": 8, "Actual Startup Time": 39761.268, "Actual Total Time": 39761.268, "Actual Rows": 58537, "Actual Loops": 5431247, "Recheck Cond": "(p_partkey = lineitem.l_partkey)", "Rows Removed by Index Recheck": 0, "Filter": "((p_name)::text ~~ 'green%'::text)", "Rows Removed by Filter": 5372710, "Exact Heap Blocks": 5431247, "Lossy Heap Blocks": 5431247, "Plans": [{"Node Type": "Bitmap Index Scan", "Parent Relationship": "Outer", "Index Name": "part_kpey", "Startup Cost": 0.0, "Total Cost": 0.26, "Plan Rows": 1, "Plan Width": 0, "Actual Startup Time": 23528.84, "Actual Total Time": 23528.84, "Actual Rows": 5431247, "Actual Loops": 5431247, "Index Cond": "(p_partkey = lineitem.l_partkey)"}]}]}]}]}, {"Node Type": "Bitmap Heap Scan", "Parent Relationship": "Inner", "Relation Name": "supplier", "Alias": "supplier", "Startup Cost": 0.26, "Total Cost": 4.27, "Plan Rows": 1, "Plan Width": 63, "Actual Startup Time": 147.97, "Actual Total Time": 147.97, "Actual Rows": 44487, "Actual Loops": 44487, "Recheck Cond": "(s_suppkey = lineitem.l_suppkey)", "Rows Removed by Index Recheck": 0, "Exact Heap Blocks": 44487, "Lossy Heap Blocks": 44487, "Plans": [{"Node Type": "Bitmap Index Scan", "Parent Relationship": "Outer", "Index Name": "supplier_pkey", "Startup Cost": 0.0, "Total Cost": 0.26, "Plan Rows": 1, "Plan Width": 0, "Actual Startup Time": 82.176, "Actual Total Time": 82.176, "Actual Rows": 44487, "Actual Loops": 44487, "Index Cond": "(s_suppkey = lineitem.l_suppkey)"}]}]}, {"Node Type": "Bitmap Heap Scan", "Parent Relationship": "Inner", "Relation Name": "nation", "Alias": "nation", "Startup Cost": 0.26, "Total Cost": 4.27, "Plan Rows": 1, "Plan Width": 4, "Actual Startup Time": 121.742, "Actual Total Time": 121.742, "Actual Rows": 1746, "Actual Loops": 44487, "Recheck Cond": "(n_nationkey = supplier.s_nationkey)", "Rows Removed by Index Recheck": 0, "Filter": "(n_name = 'ALGERIA'::bpchar)", "Rows Removed by Filter": 42741, "Exact Heap Blocks": 44487, "Lossy Heap Blocks": 44487, "Plans": [{"Node Type": "Bitmap Index Scan", "Parent Relationship": "Outer", "Index Name": "nation_pkey", "Startup Cost": 0.0, "Total Cost": 0.26, "Plan Rows": 1, "Plan Width": 0, "Actual Startup Time": 45.415, "Actual Total Time": 45.415, "Actual Rows": 44487, "Actual Loops": 44487, "Index Cond": "(n_nationkey = supplier.s_nationkey)"}]}]}]}, "Triggers": [], "Planner Runtime": 2, "Total Runtime": 122906.738, "Unique SQL Id": 202076520}}, "(64, 8)": {"explain_plan": {"Plan": {"Node Type": "Sort", "Startup Cost": 2931401.79, "Total Cost": 2931406.79, "Plan Rows": 2000, "Plan Width": 51, "Sort Key": ["supplier.s_name"], "Plans": [{"Node Type": "Nested Loop", "Parent Relationship": "Outer", "Join Type": "Semi", "Startup Cost": 2631808.11, "Total Cost": 2931292.13, "Plan Rows": 2000, "Plan Width": 51, "Inner Unique": false, "Join Filter": "(supplier.s_suppkey = lineitem.l_suppkey)", "Plans": [{"Node Type": "Nested Loop", "Parent Relationship": "Outer", "Join Type": "Inner", "Startup Cost": 0.0, "Total Cost": 4534.31, "Plan Rows": 4000, "Plan Width": 59, "Inner Unique": false, "Join Filter": "(supplier.s_nationkey = nation.n_nationkey)", "Plans": [{"Node Type": "Seq Scan", "Parent Relationship": "Outer", "Relation Name": "nation", "Alias": "nation", "Startup Cost": 0.0, "Total Cost": 1.31, "Plan Rows": 1, "Plan Width": 4, "Filter": "(n_name = 'ALGERIA'::bpchar)"}, {"Node Type": "Seq Scan", "Parent Relationship": "Inner", "Relation Name": "supplier", "Alias": "supplier", "Startup Cost": 0.0, "Total Cost": 3283.0, "Plan Rows": 100000, "Plan Width": 63}]}, {"Node Type": "Materialize", "Parent Relationship": "Inner", "Startup Cost": 2631808.11, "Total Cost": 2926637.82, "Plan Rows": 2, "Plan Width": 16, "Plans": [{"Node Type": "Hash Join", "Parent Relationship": "Outer", "Join Type": "Inner", "Startup Cost": 2631808.11, "Total Cost": 2926637.81, "Plan Rows": 2, "Plan Width": 16, "Inner Unique": false, "Hash Cond": "((lineitem.l_partkey = partsupp.ps_partkey) AND (lineitem.l_suppkey = partsupp.ps_suppkey))", "Join Filter": "((partsupp.ps_availqty)::double precision > (.5::double precision * (sum(lineitem.l_quantity))))", "Plans": [{"Node Type": "Aggregate", "Strategy": "Hashed", "Parent Relationship": "Outer", "Startup Cost": 2405767.29, "Total Cost": 2519163.29, "Plan Rows": 9071680, "Plan Width": 40, "Group By Key": ["lineitem.l_partkey", "lineitem.l_suppkey"], "Plans": [{"Node Type": "Seq Scan", "Parent Relationship": "Outer", "Relation Name": "lineitem", "Alias": "lineitem", "Startup Cost": 119.57, "Total Cost": 2315050.5, "Plan Rows": 9071680, "Plan Width": 24, "Filter": "((l_shipdate >= '1993-01-01 00:00:00'::timestamp(0) without time zone) AND (l_shipdate < '1994-01-01 00:00:00'::timestamp without time zone)), (LLVM Optimized)"}]}, {"Node Type": "Hash", "Parent Relationship": "Inner", "Startup Cost": 225072.53, "Total Cost": 225072.53, "Plan Rows": 64552, "Plan Width": 32, "Plans": [{"Node Type": "Nested Loop", "Parent Relationship": "Outer", "Join Type": "Inner", "Startup Cost": 0.0, "Total Cost": 225072.53, "Plan Rows": 64552, "Plan Width": 32, "Inner Unique": false, "Plans": [{"Node Type": "Seq Scan", "Parent Relationship": "Outer", "Relation Name": "part", "Alias": "part", "Startup Cost": 0.0, "Total Cost": 66944.0, "Plan Rows": 22472, "Plan Width": 8, "Filter": "((p_name)::text ~~ 'green%'::text)"}, {"Node Type": "Index Scan", "Parent Relationship": "Inner", "Scan Direction": "Forward", "Index Name": "idx_partsupp_partkey", "Relation Name": "partsupp", "Alias": "partsupp", "Startup Cost": 0.0, "Total Cost": 7.01, "Plan Rows": 3, "Plan Width": 24, "Index Cond": "(ps_partkey = part.p_partkey)"}]}]}]}]}]}]}, "Unique SQL Id": 202076520, "Planner Runtime": 3}, "explain_analyze_plan": {"Plan": {"Node Type": "Sort", "Startup Cost": 2931401.79, "Total Cost": 2931406.79, "Plan Rows": 2000, "Plan Width": 51, "Actual Startup Time": 88234.326, "Actual Total Time": 88234.484, "Actual Rows": 1746, "Actual Loops": 1, "Sort Key": ["supplier.s_name"], "Sort Method": "quicksort", "Sort Space Used": 309, "Sort Space Type": "Memory", "Plans": [{"Node Type": "Nested Loop", "Parent Relationship": "Outer", "Join Type": "Semi", "Startup Cost": 2631808.11, "Total Cost": 2931292.13, "Plan Rows": 2000, "Plan Width": 51, "Actual Startup Time": 37775.746, "Actual Total Time": 88226.764, "Actual Rows": 1746, "Actual Loops": 1, "Inner Unique": false, "Join Filter": "(supplier.s_suppkey = lineitem.l_suppkey)", "Rows Removed by Join Filter": 174379316, "Plans": [{"Node Type": "Nested Loop", "Parent Relationship": "Outer", "Join Type": "Inner", "Startup Cost": 0.0, "Total Cost": 4534.31, "Plan Rows": 4000, "Plan Width": 59, "Actual Startup Time": 0.055, "Actual Total Time": 71.662, "Actual Rows": 3934, "Actual Loops": 1, "Inner Unique": false, "Join Filter": "(supplier.s_nationkey = nation.n_nationkey)", "Rows Removed by Join Filter": 96066, "Plans": [{"Node Type": "Seq Scan", "Parent Relationship": "Outer", "Relation Name": "nation", "Alias": "nation", "Startup Cost": 0.0, "Total Cost": 1.31, "Plan Rows": 1, "Plan Width": 4, "Actual Startup Time": 0.026, "Actual Total Time": 0.048, "Actual Rows": 1, "Actual Loops": 1, "Filter": "(n_name = 'ALGERIA'::bpchar)", "Rows Removed by Filter": 24}, {"Node Type": "Seq Scan", "Parent Relationship": "Inner", "Relation Name": "supplier", "Alias": "supplier", "Startup Cost": 0.0, "Total Cost": 3283.0, "Plan Rows": 100000, "Plan Width": 63, "Actual Startup Time": 0.014, "Actual Total Time": 42.632, "Actual Rows": 100000, "Actual Loops": 1}]}, {"Node Type": "Materialize", "Parent Relationship": "Inner", "Startup Cost": 2631808.11, "Total Cost": 2926637.82, "Plan Rows": 2, "Plan Width": 16, "Actual Startup Time": 32415.725, "Actual Total Time": 54969.463, "Actual Rows": 174381062, "Actual Loops": 3934, "Plans": [{"Node Type": "Hash Join", "Parent Relationship": "Outer", "Join Type": "Inner", "Startup Cost": 2631808.11, "Total Cost": 2926637.81, "Plan Rows": 2, "Plan Width": 16, "Actual Startup Time": 32414.955, "Actual Total Time": 37730.993, "Actual Rows": 58537, "Actual Loops": 1, "Inner Unique": false, "Hash Cond": "((lineitem.l_partkey = partsupp.ps_partkey) AND (lineitem.l_suppkey = partsupp.ps_suppkey))", "Join Filter": "((partsupp.ps_availqty)::double precision > (.5::double precision * (sum(lineitem.l_quantity))))", "Rows Removed by Join Filter": 136, "Plans": [{"Node Type": "Aggregate", "Strategy": "Hashed", "Parent Relationship": "Outer", "Startup Cost": 2405767.29, "Total Cost": 2519163.29, "Plan Rows": 9071680, "Plan Width": 40, "Actual Startup Time": 31449.58, "Actual Total Time": 35133.306, "Actual Rows": 5442751, "Actual Loops": 1, "Group By Key": ["lineitem.l_partkey", "lineitem.l_suppkey"], "Plans": [{"Node Type": "Seq Scan", "Parent Relationship": "Outer", "Relation Name": "lineitem", "Alias": "lineitem", "Startup Cost": 119.57, "Total Cost": 2315050.5, "Plan Rows": 9071680, "Plan Width": 24, "Actual Startup Time": 0.043, "Actual Total Time": 23254.856, "Actual Rows": 9109641, "Actual Loops": 1, "Filter": "((l_shipdate >= '1993-01-01 00:00:00'::timestamp(0) without time zone) AND (l_shipdate < '1994-01-01 00:00:00'::timestamp without time zone)), (LLVM Optimized, Jit Execute)", "Rows Removed by Filter": 50876411}]}, {"Node Type": "Hash", "Parent Relationship": "Inner", "Startup Cost": 225072.53, "Total Cost": 225072.53, "Plan Rows": 64552, "Plan Width": 32, "Actual Startup Time": 965.179, "Actual Total Time": 965.179, "Actual Rows": 86224, "Actual Loops": 1, "Hash Buckets": 65536, "Hash Batches": 1, "Original Hash Batches": 1, "Peak Memory Usage": 5389, "Plans": [{"Node Type": "Nested Loop", "Parent Relationship": "Outer", "Join Type": "Inner", "Startup Cost": 0.0, "Total Cost": 225072.53, "Plan Rows": 64552, "Plan Width": 32, "Actual Startup Time": 0.042, "Actual Total Time": 932.992, "Actual Rows": 86224, "Actual Loops": 1, "Inner Unique": false, "Plans": [{"Node Type": "Seq Scan", "Parent Relationship": "Outer", "Relation Name": "part", "Alias": "part", "Startup Cost": 0.0, "Total Cost": 66944.0, "Plan Rows": 22472, "Plan Width": 8, "Actual Startup Time": 0.024, "Actual Total Time": 750.416, "Actual Rows": 21556, "Actual Loops": 1, "Filter": "((p_name)::text ~~ 'green%'::text)", "Rows Removed by Filter": 1978444}, {"Node Type": "Index Scan", "Parent Relationship": "Inner", "Scan Direction": "Forward", "Index Name": "idx_partsupp_partkey", "Relation Name": "partsupp", "Alias": "partsupp", "Startup Cost": 0.0, "Total Cost": 7.01, "Plan Rows": 3, "Plan Width": 24, "Actual Startup Time": 110.768, "Actual Total Time": 149.689, "Actual Rows": 86224, "Actual Loops": 21556, "Index Cond": "(ps_partkey = part.p_partkey)", "Rows Removed by Index Recheck": 0}]}]}]}]}]}]}, "Triggers": [], "Planner Runtime": 2, "Total Runtime": 88244.09, "Unique SQL Id": 202076520}}, "(64, 9)": {"explain_plan": {"Plan": {"Node Type": "Sort", "Startup Cost": 6721015.3, "Total Cost": 6721020.3, "Plan Rows": 2000, "Plan Width": 51, "Sort Key": ["supplier.s_name"], "Plans": [{"Node Type": "Nested Loop", "Parent Relationship": "Outer", "Join Type": "Semi", "Startup Cost": 6419358.7, "Total Cost": 6720905.64, "Plan Rows": 2000, "Plan Width": 51, "Inner Unique": false, "Join Filter": "(supplier.s_suppkey = lineitem.l_suppkey)", "Plans": [{"Node Type": "Nested Loop", "Parent Relationship": "Outer", "Join Type": "Inner", "Startup Cost": 0.0, "Total Cost": 6597.23, "Plan Rows": 4000, "Plan Width": 59, "Inner Unique": false, "Join Filter": "(supplier.s_nationkey = nation.n_nationkey)", "Plans": [{"Node Type": "Index Scan", "Parent Relationship": "Outer", "Scan Direction": "Forward", "Index Name": "nation_pkey", "Relation Name": "nation", "Alias": "nation", "Startup Cost": 0.0, "Total Cost": 12.69, "Plan Rows": 1, "Plan Width": 4, "Filter": "(n_name = 'ALGERIA'::bpchar)"}, {"Node Type": "Index Scan", "Parent Relationship": "Inner", "Scan Direction": "Forward", "Index Name": "supplier_pkey", "Relation Name": "supplier", "Alias": "supplier", "Startup Cost": 0.0, "Total Cost": 5334.54, "Plan Rows": 100000, "Plan Width": 63}]}, {"Node Type": "Materialize", "Parent Relationship": "Inner", "Startup Cost": 6419358.7, "Total Cost": 6714188.41, "Plan Rows": 2, "Plan Width": 16, "Plans": [{"Node Type": "Hash Join", "Parent Relationship": "Outer", "Join Type": "Inner", "Startup Cost": 6419358.7, "Total Cost": 6714188.4, "Plan Rows": 2, "Plan Width": 16, "Inner Unique": false, "Hash Cond": "((lineitem.l_partkey = partsupp.ps_partkey) AND (lineitem.l_suppkey = partsupp.ps_suppkey))", "Join Filter": "((partsupp.ps_availqty)::double precision > (.5::double precision * (sum(lineitem.l_quantity))))", "Plans": [{"Node Type": "Aggregate", "Strategy": "Hashed", "Parent Relationship": "Outer", "Startup Cost": 6154458.63, "Total Cost": 6267854.63, "Plan Rows": 9071680, "Plan Width": 40, "Group By Key": ["lineitem.l_partkey", "lineitem.l_suppkey"], "Plans": [{"Node Type": "Index Scan", "Parent Relationship": "Outer", "Scan Direction": "Forward", "Index Name": "idx_lineitem_shipdate", "Relation Name": "lineitem", "Alias": "lineitem", "Startup Cost": 0.0, "Total Cost": 6063741.83, "Plan Rows": 9071680, "Plan Width": 24, "Index Cond": "((l_shipdate >= '1993-01-01 00:00:00'::timestamp(0) without time zone) AND (l_shipdate < '1994-01-01 00:00:00'::timestamp without time zone)), (LLVM Optimized)"}]}, {"Node Type": "Hash", "Parent Relationship": "Inner", "Startup Cost": 263931.78, "Total Cost": 263931.78, "Plan Rows": 64552, "Plan Width": 32, "Plans": [{"Node Type": "Nested Loop", "Parent Relationship": "Outer", "Join Type": "Inner", "Startup Cost": 0.0, "Total Cost": 263931.78, "Plan Rows": 64552, "Plan Width": 32, "Inner Unique": false, "Plans": [{"Node Type": "Index Scan", "Parent Relationship": "Outer", "Scan Direction": "Forward", "Index Name": "part_kpey", "Relation Name": "part", "Alias": "part", "Startup Cost": 0.0, "Total Cost": 105803.25, "Plan Rows": 22472, "Plan Width": 8, "Filter": "((p_name)::text ~~ 'green%'::text)"}, {"Node Type": "Index Scan", "Parent Relationship": "Inner", "Scan Direction": "Forward", "Index Name": "idx_partsupp_partkey", "Relation Name": "partsupp", "Alias": "partsupp", "Startup Cost": 0.0, "Total Cost": 7.01, "Plan Rows": 3, "Plan Width": 24, "Index Cond": "(ps_partkey = part.p_partkey)"}]}]}]}]}]}]}, "Unique SQL Id": 202076520, "Planner Runtime": 3}, "explain_analyze_plan": {"Plan": {"Node Type": "Sort", "Startup Cost": 6721015.3, "Total Cost": 6721020.3, "Plan Rows": 2000, "Plan Width": 51, "Actual Startup Time": 88197.726, "Actual Total Time": 88197.881, "Actual Rows": 1746, "Actual Loops": 1, "Sort Key": ["supplier.s_name"], "Sort Method": "quicksort", "Sort Space Used": 309, "Sort Space Type": "Memory", "Plans": [{"Node Type": "Nested Loop", "Parent Relationship": "Outer", "Join Type": "Semi", "Startup Cost": 6419358.7, "Total Cost": 6720905.64, "Plan Rows": 2000, "Plan Width": 51, "Actual Startup Time": 37606.534, "Actual Total Time": 88193.327, "Actual Rows": 1746, "Actual Loops": 1, "Inner Unique": false, "Join Filter": "(supplier.s_suppkey = lineitem.l_suppkey)", "Rows Removed by Join Filter": 174379317, "Plans": [{"Node Type": "Nested Loop", "Parent Relationship": "Outer", "Join Type": "Inner", "Startup Cost": 0.0, "Total Cost": 6597.23, "Plan Rows": 4000, "Plan Width": 59, "Actual Startup Time": 0.061, "Actual Total Time": 97.617, "Actual Rows": 3934, "Actual Loops": 1, "Inner Unique": false, "Join Filter": "(supplier.s_nationkey = nation.n_nationkey)", "Rows Removed by Join Filter": 96066, "Plans": [{"Node Type": "Index Scan", "Parent Relationship": "Outer", "Scan Direction": "Forward", "Index Name": "nation_pkey", "Relation Name": "nation", "Alias": "nation", "Startup Cost": 0.0, "Total Cost": 12.69, "Plan Rows": 1, "Plan Width": 4, "Actual Startup Time": 0.02, "Actual Total Time": 0.046, "Actual Rows": 1, "Actual Loops": 1, "Filter": "(n_name = 'ALGERIA'::bpchar)", "Rows Removed by Filter": 24}, {"Node Type": "Index Scan", "Parent Relationship": "Inner", "Scan Direction": "Forward", "Index Name": "supplier_pkey", "Relation Name": "supplier", "Alias": "supplier", "Startup Cost": 0.0, "Total Cost": 5334.54, "Plan Rows": 100000, "Plan Width": 63, "Actual Startup Time": 0.021, "Actual Total Time": 70.014, "Actual Rows": 100000, "Actual Loops": 1}]}, {"Node Type": "Materialize", "Parent Relationship": "Inner", "Startup Cost": 6419358.7, "Total Cost": 6714188.41, "Plan Rows": 2, "Plan Width": 16, "Actual Startup Time": 33184.966, "Actual Total Time": 54865.358, "Actual Rows": 174381063, "Actual Loops": 3934, "Plans": [{"Node Type": "Hash Join", "Parent Relationship": "Outer", "Join Type": "Inner", "Startup Cost": 6419358.7, "Total Cost": 6714188.4, "Plan Rows": 2, "Plan Width": 16, "Actual Startup Time": 33184.204, "Actual Total Time": 37563.427, "Actual Rows": 58537, "Actual Loops": 1, "Inner Unique": false, "Hash Cond": "((lineitem.l_partkey = partsupp.ps_partkey) AND (lineitem.l_suppkey = partsupp.ps_suppkey))", "Join Filter": "((partsupp.ps_availqty)::double precision > (.5::double precision * (sum(lineitem.l_quantity))))", "Rows Removed by Join Filter": 136, "Plans": [{"Node Type": "Aggregate", "Strategy": "Hashed", "Parent Relationship": "Outer", "Startup Cost": 6154458.63, "Total Cost": 6267854.63, "Plan Rows": 9071680, "Plan Width": 40, "Actual Startup Time": 31650.31, "Actual Total Time": 34447.597, "Actual Rows": 5442751, "Actual Loops": 1, "Group By Key": ["lineitem.l_partkey", "lineitem.l_suppkey"], "Plans": [{"Node Type": "Index Scan", "Parent Relationship": "Outer", "Scan Direction": "Forward", "Index Name": "idx_lineitem_shipdate", "Relation Name": "lineitem", "Alias": "lineitem", "Startup Cost": 0.0, "Total Cost": 6063741.83, "Plan Rows": 9071680, "Plan Width": 24, "Actual Startup Time": 0.084, "Actual Total Time": 23325.887, "Actual Rows": 9109641, "Actual Loops": 1, "Index Cond": "((l_shipdate >= '1993-01-01 00:00:00'::timestamp(0) without time zone) AND (l_shipdate < '1994-01-01 00:00:00'::timestamp without time zone)), (LLVM Optimized, Jit Execute)", "Rows Removed by Index Recheck": 0}]}, {"Node Type": "Hash", "Parent Relationship": "Inner", "Startup Cost": 263931.78, "Total Cost": 263931.78, "Plan Rows": 64552, "Plan Width": 32, "Actual Startup Time": 1533.623, "Actual Total Time": 1533.623, "Actual Rows": 86224, "Actual Loops": 1, "Hash Buckets": 65536, "Hash Batches": 1, "Original Hash Batches": 1, "Peak Memory Usage": 5389, "Plans": [{"Node Type": "Nested Loop", "Parent Relationship": "Outer", "Join Type": "Inner", "Startup Cost": 0.0, "Total Cost": 263931.78, "Plan Rows": 64552, "Plan Width": 32, "Actual Startup Time": 0.052, "Actual Total Time": 1500.023, "Actual Rows": 86224, "Actual Loops": 1, "Inner Unique": false, "Plans": [{"Node Type": "Index Scan", "Parent Relationship": "Outer", "Scan Direction": "Forward", "Index Name": "part_kpey", "Relation Name": "part", "Alias": "part", "Startup Cost": 0.0, "Total Cost": 105803.25, "Plan Rows": 22472, "Plan Width": 8, "Actual Startup Time": 0.041, "Actual Total Time": 1307.039, "Actual Rows": 21556, "Actual Loops": 1, "Filter": "((p_name)::text ~~ 'green%'::text)", "Rows Removed by Filter": 1978444}, {"Node Type": "Index Scan", "Parent Relationship": "Inner", "Scan Direction": "Forward", "Index Name": "idx_partsupp_partkey", "Relation Name": "partsupp", "Alias": "partsupp", "Startup Cost": 0.0, "Total Cost": 7.01, "Plan Rows": 3, "Plan Width": 24, "Actual Startup Time": 118.463, "Actual Total Time": 159.978, "Actual Rows": 86224, "Actual Loops": 21556, "Index Cond": "(ps_partkey = part.p_partkey)", "Rows Removed by Index Recheck": 0}]}]}]}]}]}]}, "Triggers": [], "Planner Runtime": 2, "Total Runtime": 88207.533, "Unique SQL Id": 202076520}}, "(64, 10)": {"explain_plan": {"Plan": {"Node Type": "Sort", "Startup Cost": 3064191.97, "Total Cost": 3064196.97, "Plan Rows": 2000, "Plan Width": 51, "Sort Key": ["supplier.s_name"], "Plans": [{"Node Type": "Nested Loop", "Parent Relationship": "Outer", "Join Type": "Semi", "Startup Cost": 2764598.29, "Total Cost": 3064082.31, "Plan Rows": 2000, "Plan Width": 51, "Inner Unique": false, "Join Filter": "(supplier.s_suppkey = lineitem.l_suppkey)", "Plans": [{"Node Type": "Nested Loop", "Parent Relationship": "Outer", "Join Type": "Inner", "Startup Cost": 0.0, "Total Cost": 4534.31, "Plan Rows": 4000, "Plan Width": 59, "Inner Unique": false, "Join Filter": "(supplier.s_nationkey = nation.n_nationkey)", "Plans": [{"Node Type": "Seq Scan", "Parent Relationship": "Outer", "Relation Name": "nation", "Alias": "nation", "Startup Cost": 0.0, "Total Cost": 1.31, "Plan Rows": 1, "Plan Width": 4, "Filter": "(n_name = 'ALGERIA'::bpchar)"}, {"Node Type": "Seq Scan", "Parent Relationship": "Inner", "Relation Name": "supplier", "Alias": "supplier", "Startup Cost": 0.0, "Total Cost": 3283.0, "Plan Rows": 100000, "Plan Width": 63}]}, {"Node Type": "Materialize", "Parent Relationship": "Inner", "Startup Cost": 2764598.29, "Total Cost": 3059428.0, "Plan Rows": 2, "Plan Width": 16, "Plans": [{"Node Type": "Hash Join", "Parent Relationship": "Outer", "Join Type": "Inner", "Startup Cost": 2764598.29, "Total Cost": 3059427.99, "Plan Rows": 2, "Plan Width": 16, "Inner Unique": false, "Hash Cond": "((lineitem.l_partkey = partsupp.ps_partkey) AND (lineitem.l_suppkey = partsupp.ps_suppkey))", "Join Filter": "((partsupp.ps_availqty)::double precision > (.5::double precision * (sum(lineitem.l_quantity))))", "Plans": [{"Node Type": "Aggregate", "Strategy": "Hashed", "Parent Relationship": "Outer", "Startup Cost": 2405767.29, "Total Cost": 2519163.29, "Plan Rows": 9071680, "Plan Width": 40, "Group By Key": ["lineitem.l_partkey", "lineitem.l_suppkey"], "Plans": [{"Node Type": "Seq Scan", "Parent Relationship": "Outer", "Relation Name": "lineitem", "Alias": "lineitem", "Startup Cost": 119.57, "Total Cost": 2315050.5, "Plan Rows": 9071680, "Plan Width": 24, "Filter": "((l_shipdate >= '1993-01-01 00:00:00'::timestamp(0) without time zone) AND (l_shipdate < '1994-01-01 00:00:00'::timestamp without time zone)), (LLVM Optimized)"}]}, {"Node Type": "Hash", "Parent Relationship": "Inner", "Startup Cost": 357862.71, "Total Cost": 357862.71, "Plan Rows": 64552, "Plan Width": 32, "Plans": [{"Node Type": "Hash Join", "Parent Relationship": "Outer", "Join Type": "Inner", "Startup Cost": 67224.9, "Total Cost": 357862.71, "Plan Rows": 64552, "Plan Width": 32, "Inner Unique": true, "Hash Cond": "(partsupp.ps_partkey = part.p_partkey)", "Plans": [{"Node Type": "Seq Scan", "Parent Relationship": "Outer", "Relation Name": "partsupp", "Alias": "partsupp", "Startup Cost": 0.0, "Total Cost": 269987.72, "Plan Rows": 8000372, "Plan Width": 24}, {"Node Type": "Hash", "Parent Relationship": "Inner", "Startup Cost": 66944.0, "Total Cost": 66944.0, "Plan Rows": 22472, "Plan Width": 8, "Plans": [{"Node Type": "Seq Scan", "Parent Relationship": "Outer", "Relation Name": "part", "Alias": "part", "Startup Cost": 0.0, "Total Cost": 66944.0, "Plan Rows": 22472, "Plan Width": 8, "Filter": "((p_name)::text ~~ 'green%'::text)"}]}]}]}]}]}]}]}, "Unique SQL Id": 202076520, "Planner Runtime": 3}, "explain_analyze_plan": {"Plan": {"Node Type": "Sort", "Startup Cost": 3064191.97, "Total Cost": 3064196.97, "Plan Rows": 2000, "Plan Width": 51, "Actual Startup Time": 91600.323, "Actual Total Time": 91600.487, "Actual Rows": 1746, "Actual Loops": 1, "Sort Key": ["supplier.s_name"], "Sort Method": "quicksort", "Sort Space Used": 309, "Sort Space Type": "Memory", "Plans": [{"Node Type": "Nested Loop", "Parent Relationship": "Outer", "Join Type": "Semi", "Startup Cost": 2764598.29, "Total Cost": 3064082.31, "Plan Rows": 2000, "Plan Width": 51, "Actual Startup Time": 40650.494, "Actual Total Time": 91592.282, "Actual Rows": 1746, "Actual Loops": 1, "Inner Unique": false, "Join Filter": "(supplier.s_suppkey = lineitem.l_suppkey)", "Rows Removed by Join Filter": 174379316, "Plans": [{"Node Type": "Nested Loop", "Parent Relationship": "Outer", "Join Type": "Inner", "Startup Cost": 0.0, "Total Cost": 4534.31, "Plan Rows": 4000, "Plan Width": 59, "Actual Startup Time": 0.051, "Actual Total Time": 73.956, "Actual Rows": 3934, "Actual Loops": 1, "Inner Unique": false, "Join Filter": "(supplier.s_nationkey = nation.n_nationkey)", "Rows Removed by Join Filter": 96066, "Plans": [{"Node Type": "Seq Scan", "Parent Relationship": "Outer", "Relation Name": "nation", "Alias": "nation", "Startup Cost": 0.0, "Total Cost": 1.31, "Plan Rows": 1, "Plan Width": 4, "Actual Startup Time": 0.026, "Actual Total Time": 0.058, "Actual Rows": 1, "Actual Loops": 1, "Filter": "(n_name = 'ALGERIA'::bpchar)", "Rows Removed by Filter": 24}, {"Node Type": "Seq Scan", "Parent Relationship": "Inner", "Relation Name": "supplier", "Alias": "supplier", "Startup Cost": 0.0, "Total Cost": 3283.0, "Plan Rows": 100000, "Plan Width": 63, "Actual Startup Time": 0.01, "Actual Total Time": 43.982, "Actual Rows": 100000, "Actual Loops": 1}]}, {"Node Type": "Materialize", "Parent Relationship": "Inner", "Startup Cost": 2764598.29, "Total Cost": 3059428.0, "Plan Rows": 2, "Plan Width": 16, "Actual Startup Time": 35927.497, "Actual Total Time": 58116.6, "Actual Rows": 174381062, "Actual Loops": 3934, "Plans": [{"Node Type": "Hash Join", "Parent Relationship": "Outer", "Join Type": "Inner", "Startup Cost": 2764598.29, "Total Cost": 3059427.99, "Plan Rows": 2, "Plan Width": 16, "Actual Startup Time": 35926.815, "Actual Total Time": 40606.785, "Actual Rows": 58537, "Actual Loops": 1, "Inner Unique": false, "Hash Cond": "((lineitem.l_partkey = partsupp.ps_partkey) AND (lineitem.l_suppkey = partsupp.ps_suppkey))", "Join Filter": "((partsupp.ps_availqty)::double precision > (.5::double precision * (sum(lineitem.l_quantity))))", "Rows Removed by Join Filter": 136, "Plans": [{"Node Type": "Aggregate", "Strategy": "Hashed", "Parent Relationship": "Outer", "Startup Cost": 2405767.29, "Total Cost": 2519163.29, "Plan Rows": 9071680, "Plan Width": 40, "Actual Startup Time": 31166.853, "Actual Total Time": 34280.97, "Actual Rows": 5442751, "Actual Loops": 1, "Group By Key": ["lineitem.l_partkey", "lineitem.l_suppkey"], "Plans": [{"Node Type": "Seq Scan", "Parent Relationship": "Outer", "Relation Name": "lineitem", "Alias": "lineitem", "Startup Cost": 119.57, "Total Cost": 2315050.5, "Plan Rows": 9071680, "Plan Width": 24, "Actual Startup Time": 0.052, "Actual Total Time": 23206.229, "Actual Rows": 9109641, "Actual Loops": 1, "Filter": "((l_shipdate >= '1993-01-01 00:00:00'::timestamp(0) without time zone) AND (l_shipdate < '1994-01-01 00:00:00'::timestamp without time zone)), (LLVM Optimized, Jit Execute)", "Rows Removed by Filter": 50876411}]}, {"Node Type": "Hash", "Parent Relationship": "Inner", "Startup Cost": 357862.71, "Total Cost": 357862.71, "Plan Rows": 64552, "Plan Width": 32, "Actual Startup Time": 4759.612, "Actual Total Time": 4759.612, "Actual Rows": 86224, "Actual Loops": 1, "Hash Buckets": 65536, "Hash Batches": 1, "Original Hash Batches": 1, "Peak Memory Usage": 5389, "Plans": [{"Node Type": "Hash Join", "Parent Relationship": "Outer", "Join Type": "Inner", "Startup Cost": 67224.9, "Total Cost": 357862.71, "Plan Rows": 64552, "Plan Width": 32, "Actual Startup Time": 754.583, "Actual Total Time": 4717.199, "Actual Rows": 86224, "Actual Loops": 1, "Inner Unique": true, "Hash Cond": "(partsupp.ps_partkey = part.p_partkey)", "Plans": [{"Node Type": "Seq Scan", "Parent Relationship": "Outer", "Relation Name": "partsupp", "Alias": "partsupp", "Startup Cost": 0.0, "Total Cost": 269987.72, "Plan Rows": 8000372, "Plan Width": 24, "Actual Startup Time": 0.014, "Actual Total Time": 2422.418, "Actual Rows": 8000000, "Actual Loops": 1}, {"Node Type": "Hash", "Parent Relationship": "Inner", "Startup Cost": 66944.0, "Total Cost": 66944.0, "Plan Rows": 22472, "Plan Width": 8, "Actual Startup Time": 754.442, "Actual Total Time": 754.442, "Actual Rows": 21556, "Actual Loops": 1, "Hash Buckets": 32768, "Hash Batches": 1, "Original Hash Batches": 1, "Peak Memory Usage": 843, "Plans": [{"Node Type": "Seq Scan", "Parent Relationship": "Outer", "Relation Name": "part", "Alias": "part", "Startup Cost": 0.0, "Total Cost": 66944.0, "Plan Rows": 22472, "Plan Width": 8, "Actual Startup Time": 0.022, "Actual Total Time": 746.963, "Actual Rows": 21556, "Actual Loops": 1, "Filter": "((p_name)::text ~~ 'green%'::text)", "Rows Removed by Filter": 1978444}]}]}]}]}]}]}]}, "Triggers": [], "Planner Runtime": 2, "Total Runtime": 91610.124, "Unique SQL Id": 202076520}}, "(64, 11)": {"explain_plan": {"Plan": {"Node Type": "Sort", "Startup Cost": 5018253560954.49, "Total Cost": 5018253560959.49, "Plan Rows": 2000, "Plan Width": 51, "Sort Key": ["supplier.s_name"], "Plans": [{"Node Type": "Merge Join", "Parent Relationship": "Outer", "Join Type": "Semi", "Startup Cost": 1040805475552.94, "Total Cost": 5018253560844.84, "Plan Rows": 2000, "Plan Width": 51, "Inner Unique": false, "Merge Cond": "(supplier.s_suppkey = subquery.\"?column?\")", "Plans": [{"Node Type": "Nested Loop", "Parent Relationship": "Outer", "Join Type": "Inner", "Startup Cost": 20000000000.0, "Total Cost": 2000000536223.13, "Plan Rows": 4000, "Plan Width": 59, "Inner Unique": true, "Join Filter": "(supplier.s_nationkey = nation.n_nationkey)", "Plans": [{"Node Type": "Index Scan", "Parent Relationship": "Outer", "Scan Direction": "Forward", "Index Name": "supplier_pkey", "Relation Name": "supplier", "Alias": "supplier", "Startup Cost": 10000000000.0, "Total Cost": 1000000533454.38, "Plan Rows": 100000, "Plan Width": 63}, {"Node Type": "Materialize", "Parent Relationship": "Inner", "Startup Cost": 10000000000.0, "Total Cost": 1000000001268.76, "Plan Rows": 1, "Plan Width": 4, "Plans": [{"Node Type": "Index Scan", "Parent Relationship": "Outer", "Scan Direction": "Forward", "Index Name": "nation_pkey", "Relation Name": "nation", "Alias": "nation", "Startup Cost": 10000000000.0, "Total Cost": 1000000001268.75, "Plan Rows": 1, "Plan Width": 4, "Filter": "(n_name = 'ALGERIA'::bpchar)"}]}]}, {"Node Type": "Materialize", "Parent Relationship": "Inner", "Startup Cost": 1020805475552.94, "Total Cost": 3018253024611.68, "Plan Rows": 2, "Plan Width": 16, "Plans": [{"Node Type": "Nested Loop", "Parent Relationship": "Outer", "Join Type": "Inner", "Startup Cost": 1020805475552.94, "Total Cost": 3018253024611.67, "Plan Rows": 2, "Plan Width": 16, "Inner Unique": true, "Join Filter": "((partsupp.ps_partkey = subquery.\"?column?\") AND (partsupp.ps_suppkey = subquery.\"?column?\") AND ((partsupp.ps_availqty)::double precision > (.5::double precision * subquery.\"?column?\")))", "Plans": [{"Node Type": "Nested Loop", "Parent Relationship": "Outer", "Join Type": "Semi", "Startup Cost": 20000000000.0, "Total Cost": 2002807445082.73, "Plan Rows": 64552, "Plan Width": 32, "Inner Unique": false, "Join Filter": "(partsupp.ps_partkey = part.p_partkey)", "Plans": [{"Node Type": "Index Scan", "Parent Relationship": "Outer", "Scan Direction": "Forward", "Index Name": "idx_partsupp_suppkey", "Relation Name": "partsupp", "Alias": "partsupp", "Startup Cost": 10000000000.0, "Total Cost": 1000100160480.77, "Plan Rows": 8000372, "Plan Width": 24}, {"Node Type": "Materialize", "Parent Relationship": "Inner", "Startup Cost": 10000000000.0, "Total Cost": 1000010580437.36, "Plan Rows": 22472, "Plan Width": 8, "Plans": [{"Node Type": "Index Scan", "Parent Relationship": "Outer", "Scan Direction": "Forward", "Index Name": "part_kpey", "Relation Name": "part", "Alias": "part", "Startup Cost": 10000000000.0, "Total Cost": 1000010580325.0, "Plan Rows": 22472, "Plan Width": 8, "Filter": "((p_name)::text ~~ 'green%'::text)"}]}]}, {"Node Type": "Materialize", "Parent Relationship": "Inner", "Startup Cost": 1000805475552.94, "Total Cost": 1000805725024.14, "Plan Rows": 9071680, "Plan Width": 24, "Plans": [{"Node Type": "Subquery Scan", "Parent Relationship": "Outer", "Alias": "subquery", "Startup Cost": 1000805475552.94, "Total Cost": 1000805679665.74, "Plan Rows": 9071680, "Plan Width": 24, "Plans": [{"Node Type": "Aggregate", "Strategy": "Hashed", "Parent Relationship": "Subquery", "Startup Cost": 1000805475552.94, "Total Cost": 1000805588948.94, "Plan Rows": 9071680, "Plan Width": 40, "Group By Key": ["lineitem.l_partkey", "lineitem.l_suppkey"], "Plans": [{"Node Type": "Index Scan", "Parent Relationship": "Outer", "Scan Direction": "Forward", "Index Name": "idx_lineitem_part_supp", "Relation Name": "lineitem", "Alias": "lineitem", "Startup Cost": 10000000000.0, "Total Cost": 1000805384836.14, "Plan Rows": 9071680, "Plan Width": 24, "Filter": "((l_shipdate >= '1993-01-01 00:00:00'::timestamp(0) without time zone) AND (l_shipdate < '1994-01-01 00:00:00'::timestamp without time zone)), (LLVM Optimized)"}]}]}]}]}]}]}]}, "Unique SQL Id": 202076520, "Planner Runtime": 3}, "explain_analyze_plan": null}, "(64, 12)": {"explain_plan": {"Plan": {"Node Type": "Sort", "Startup Cost": 2931401.79, "Total Cost": 2931406.79, "Plan Rows": 2000, "Plan Width": 51, "Sort Key": ["supplier.s_name"], "Plans": [{"Node Type": "Nested Loop", "Parent Relationship": "Outer", "Join Type": "Semi", "Startup Cost": 2631808.11, "Total Cost": 2931292.13, "Plan Rows": 2000, "Plan Width": 51, "Inner Unique": false, "Join Filter": "(supplier.s_suppkey = lineitem.l_suppkey)", "Plans": [{"Node Type": "Nested Loop", "Parent Relationship": "Outer", "Join Type": "Inner", "Startup Cost": 0.0, "Total Cost": 4534.31, "Plan Rows": 4000, "Plan Width": 59, "Inner Unique": false, "Join Filter": "(supplier.s_nationkey = nation.n_nationkey)", "Plans": [{"Node Type": "Seq Scan", "Parent Relationship": "Outer", "Relation Name": "nation", "Alias": "nation", "Startup Cost": 0.0, "Total Cost": 1.31, "Plan Rows": 1, "Plan Width": 4, "Filter": "(n_name = 'ALGERIA'::bpchar)"}, {"Node Type": "Seq Scan", "Parent Relationship": "Inner", "Relation Name": "supplier", "Alias": "supplier", "Startup Cost": 0.0, "Total Cost": 3283.0, "Plan Rows": 100000, "Plan Width": 63}]}, {"Node Type": "Materialize", "Parent Relationship": "Inner", "Startup Cost": 2631808.11, "Total Cost": 2926637.82, "Plan Rows": 2, "Plan Width": 16, "Plans": [{"Node Type": "Hash Join", "Parent Relationship": "Outer", "Join Type": "Inner", "Startup Cost": 2631808.11, "Total Cost": 2926637.81, "Plan Rows": 2, "Plan Width": 16, "Inner Unique": false, "Hash Cond": "((lineitem.l_partkey = partsupp.ps_partkey) AND (lineitem.l_suppkey = partsupp.ps_suppkey))", "Join Filter": "((partsupp.ps_availqty)::double precision > (.5::double precision * (sum(lineitem.l_quantity))))", "Plans": [{"Node Type": "Aggregate", "Strategy": "Hashed", "Parent Relationship": "Outer", "Startup Cost": 2405767.29, "Total Cost": 2519163.29, "Plan Rows": 9071680, "Plan Width": 40, "Group By Key": ["lineitem.l_partkey", "lineitem.l_suppkey"], "Plans": [{"Node Type": "Seq Scan", "Parent Relationship": "Outer", "Relation Name": "lineitem", "Alias": "lineitem", "Startup Cost": 119.57, "Total Cost": 2315050.5, "Plan Rows": 9071680, "Plan Width": 24, "Filter": "((l_shipdate >= '1993-01-01 00:00:00'::timestamp(0) without time zone) AND (l_shipdate < '1994-01-01 00:00:00'::timestamp without time zone)), (LLVM Optimized)"}]}, {"Node Type": "Hash", "Parent Relationship": "Inner", "Startup Cost": 225072.53, "Total Cost": 225072.53, "Plan Rows": 64552, "Plan Width": 32, "Plans": [{"Node Type": "Nested Loop", "Parent Relationship": "Outer", "Join Type": "Inner", "Startup Cost": 0.0, "Total Cost": 225072.53, "Plan Rows": 64552, "Plan Width": 32, "Inner Unique": false, "Plans": [{"Node Type": "Seq Scan", "Parent Relationship": "Outer", "Relation Name": "part", "Alias": "part", "Startup Cost": 0.0, "Total Cost": 66944.0, "Plan Rows": 22472, "Plan Width": 8, "Filter": "((p_name)::text ~~ 'green%'::text)"}, {"Node Type": "Index Scan", "Parent Relationship": "Inner", "Scan Direction": "Forward", "Index Name": "idx_partsupp_partkey", "Relation Name": "partsupp", "Alias": "partsupp", "Startup Cost": 0.0, "Total Cost": 7.01, "Plan Rows": 3, "Plan Width": 24, "Index Cond": "(ps_partkey = part.p_partkey)"}]}]}]}]}]}]}, "Unique SQL Id": 202076520, "Planner Runtime": 3}, "explain_analyze_plan": {"Plan": {"Node Type": "Sort", "Startup Cost": 2931401.79, "Total Cost": 2931406.79, "Plan Rows": 2000, "Plan Width": 51, "Actual Startup Time": 88234.326, "Actual Total Time": 88234.484, "Actual Rows": 1746, "Actual Loops": 1, "Sort Key": ["supplier.s_name"], "Sort Method": "quicksort", "Sort Space Used": 309, "Sort Space Type": "Memory", "Plans": [{"Node Type": "Nested Loop", "Parent Relationship": "Outer", "Join Type": "Semi", "Startup Cost": 2631808.11, "Total Cost": 2931292.13, "Plan Rows": 2000, "Plan Width": 51, "Actual Startup Time": 37775.746, "Actual Total Time": 88226.764, "Actual Rows": 1746, "Actual Loops": 1, "Inner Unique": false, "Join Filter": "(supplier.s_suppkey = lineitem.l_suppkey)", "Rows Removed by Join Filter": 174379316, "Plans": [{"Node Type": "Nested Loop", "Parent Relationship": "Outer", "Join Type": "Inner", "Startup Cost": 0.0, "Total Cost": 4534.31, "Plan Rows": 4000, "Plan Width": 59, "Actual Startup Time": 0.055, "Actual Total Time": 71.662, "Actual Rows": 3934, "Actual Loops": 1, "Inner Unique": false, "Join Filter": "(supplier.s_nationkey = nation.n_nationkey)", "Rows Removed by Join Filter": 96066, "Plans": [{"Node Type": "Seq Scan", "Parent Relationship": "Outer", "Relation Name": "nation", "Alias": "nation", "Startup Cost": 0.0, "Total Cost": 1.31, "Plan Rows": 1, "Plan Width": 4, "Actual Startup Time": 0.026, "Actual Total Time": 0.048, "Actual Rows": 1, "Actual Loops": 1, "Filter": "(n_name = 'ALGERIA'::bpchar)", "Rows Removed by Filter": 24}, {"Node Type": "Seq Scan", "Parent Relationship": "Inner", "Relation Name": "supplier", "Alias": "supplier", "Startup Cost": 0.0, "Total Cost": 3283.0, "Plan Rows": 100000, "Plan Width": 63, "Actual Startup Time": 0.014, "Actual Total Time": 42.632, "Actual Rows": 100000, "Actual Loops": 1}]}, {"Node Type": "Materialize", "Parent Relationship": "Inner", "Startup Cost": 2631808.11, "Total Cost": 2926637.82, "Plan Rows": 2, "Plan Width": 16, "Actual Startup Time": 32415.725, "Actual Total Time": 54969.463, "Actual Rows": 174381062, "Actual Loops": 3934, "Plans": [{"Node Type": "Hash Join", "Parent Relationship": "Outer", "Join Type": "Inner", "Startup Cost": 2631808.11, "Total Cost": 2926637.81, "Plan Rows": 2, "Plan Width": 16, "Actual Startup Time": 32414.955, "Actual Total Time": 37730.993, "Actual Rows": 58537, "Actual Loops": 1, "Inner Unique": false, "Hash Cond": "((lineitem.l_partkey = partsupp.ps_partkey) AND (lineitem.l_suppkey = partsupp.ps_suppkey))", "Join Filter": "((partsupp.ps_availqty)::double precision > (.5::double precision * (sum(lineitem.l_quantity))))", "Rows Removed by Join Filter": 136, "Plans": [{"Node Type": "Aggregate", "Strategy": "Hashed", "Parent Relationship": "Outer", "Startup Cost": 2405767.29, "Total Cost": 2519163.29, "Plan Rows": 9071680, "Plan Width": 40, "Actual Startup Time": 31449.58, "Actual Total Time": 35133.306, "Actual Rows": 5442751, "Actual Loops": 1, "Group By Key": ["lineitem.l_partkey", "lineitem.l_suppkey"], "Plans": [{"Node Type": "Seq Scan", "Parent Relationship": "Outer", "Relation Name": "lineitem", "Alias": "lineitem", "Startup Cost": 119.57, "Total Cost": 2315050.5, "Plan Rows": 9071680, "Plan Width": 24, "Actual Startup Time": 0.043, "Actual Total Time": 23254.856, "Actual Rows": 9109641, "Actual Loops": 1, "Filter": "((l_shipdate >= '1993-01-01 00:00:00'::timestamp(0) without time zone) AND (l_shipdate < '1994-01-01 00:00:00'::timestamp without time zone)), (LLVM Optimized, Jit Execute)", "Rows Removed by Filter": 50876411}]}, {"Node Type": "Hash", "Parent Relationship": "Inner", "Startup Cost": 225072.53, "Total Cost": 225072.53, "Plan Rows": 64552, "Plan Width": 32, "Actual Startup Time": 965.179, "Actual Total Time": 965.179, "Actual Rows": 86224, "Actual Loops": 1, "Hash Buckets": 65536, "Hash Batches": 1, "Original Hash Batches": 1, "Peak Memory Usage": 5389, "Plans": [{"Node Type": "Nested Loop", "Parent Relationship": "Outer", "Join Type": "Inner", "Startup Cost": 0.0, "Total Cost": 225072.53, "Plan Rows": 64552, "Plan Width": 32, "Actual Startup Time": 0.042, "Actual Total Time": 932.992, "Actual Rows": 86224, "Actual Loops": 1, "Inner Unique": false, "Plans": [{"Node Type": "Seq Scan", "Parent Relationship": "Outer", "Relation Name": "part", "Alias": "part", "Startup Cost": 0.0, "Total Cost": 66944.0, "Plan Rows": 22472, "Plan Width": 8, "Actual Startup Time": 0.024, "Actual Total Time": 750.416, "Actual Rows": 21556, "Actual Loops": 1, "Filter": "((p_name)::text ~~ 'green%'::text)", "Rows Removed by Filter": 1978444}, {"Node Type": "Index Scan", "Parent Relationship": "Inner", "Scan Direction": "Forward", "Index Name": "idx_partsupp_partkey", "Relation Name": "partsupp", "Alias": "partsupp", "Startup Cost": 0.0, "Total Cost": 7.01, "Plan Rows": 3, "Plan Width": 24, "Actual Startup Time": 110.768, "Actual Total Time": 149.689, "Actual Rows": 86224, "Actual Loops": 21556, "Index Cond": "(ps_partkey = part.p_partkey)", "Rows Removed by Index Recheck": 0}]}]}]}]}]}]}, "Triggers": [], "Planner Runtime": 2, "Total Runtime": 88244.09, "Unique SQL Id": 202076520}}, "(64, 13)": {"explain_plan": {"Plan": {"Node Type": "Sort", "Startup Cost": 6721015.3, "Total Cost": 6721020.3, "Plan Rows": 2000, "Plan Width": 51, "Sort Key": ["supplier.s_name"], "Plans": [{"Node Type": "Nested Loop", "Parent Relationship": "Outer", "Join Type": "Semi", "Startup Cost": 6419358.7, "Total Cost": 6720905.64, "Plan Rows": 2000, "Plan Width": 51, "Inner Unique": false, "Join Filter": "(supplier.s_suppkey = lineitem.l_suppkey)", "Plans": [{"Node Type": "Nested Loop", "Parent Relationship": "Outer", "Join Type": "Inner", "Startup Cost": 0.0, "Total Cost": 6597.23, "Plan Rows": 4000, "Plan Width": 59, "Inner Unique": false, "Join Filter": "(supplier.s_nationkey = nation.n_nationkey)", "Plans": [{"Node Type": "Index Scan", "Parent Relationship": "Outer", "Scan Direction": "Forward", "Index Name": "nation_pkey", "Relation Name": "nation", "Alias": "nation", "Startup Cost": 0.0, "Total Cost": 12.69, "Plan Rows": 1, "Plan Width": 4, "Filter": "(n_name = 'ALGERIA'::bpchar)"}, {"Node Type": "Index Scan", "Parent Relationship": "Inner", "Scan Direction": "Forward", "Index Name": "supplier_pkey", "Relation Name": "supplier", "Alias": "supplier", "Startup Cost": 0.0, "Total Cost": 5334.54, "Plan Rows": 100000, "Plan Width": 63}]}, {"Node Type": "Materialize", "Parent Relationship": "Inner", "Startup Cost": 6419358.7, "Total Cost": 6714188.41, "Plan Rows": 2, "Plan Width": 16, "Plans": [{"Node Type": "Hash Join", "Parent Relationship": "Outer", "Join Type": "Inner", "Startup Cost": 6419358.7, "Total Cost": 6714188.4, "Plan Rows": 2, "Plan Width": 16, "Inner Unique": false, "Hash Cond": "((lineitem.l_partkey = partsupp.ps_partkey) AND (lineitem.l_suppkey = partsupp.ps_suppkey))", "Join Filter": "((partsupp.ps_availqty)::double precision > (.5::double precision * (sum(lineitem.l_quantity))))", "Plans": [{"Node Type": "Aggregate", "Strategy": "Hashed", "Parent Relationship": "Outer", "Startup Cost": 6154458.63, "Total Cost": 6267854.63, "Plan Rows": 9071680, "Plan Width": 40, "Group By Key": ["lineitem.l_partkey", "lineitem.l_suppkey"], "Plans": [{"Node Type": "Index Scan", "Parent Relationship": "Outer", "Scan Direction": "Forward", "Index Name": "idx_lineitem_shipdate", "Relation Name": "lineitem", "Alias": "lineitem", "Startup Cost": 0.0, "Total Cost": 6063741.83, "Plan Rows": 9071680, "Plan Width": 24, "Index Cond": "((l_shipdate >= '1993-01-01 00:00:00'::timestamp(0) without time zone) AND (l_shipdate < '1994-01-01 00:00:00'::timestamp without time zone)), (LLVM Optimized)"}]}, {"Node Type": "Hash", "Parent Relationship": "Inner", "Startup Cost": 263931.78, "Total Cost": 263931.78, "Plan Rows": 64552, "Plan Width": 32, "Plans": [{"Node Type": "Nested Loop", "Parent Relationship": "Outer", "Join Type": "Inner", "Startup Cost": 0.0, "Total Cost": 263931.78, "Plan Rows": 64552, "Plan Width": 32, "Inner Unique": false, "Plans": [{"Node Type": "Index Scan", "Parent Relationship": "Outer", "Scan Direction": "Forward", "Index Name": "part_kpey", "Relation Name": "part", "Alias": "part", "Startup Cost": 0.0, "Total Cost": 105803.25, "Plan Rows": 22472, "Plan Width": 8, "Filter": "((p_name)::text ~~ 'green%'::text)"}, {"Node Type": "Index Scan", "Parent Relationship": "Inner", "Scan Direction": "Forward", "Index Name": "idx_partsupp_partkey", "Relation Name": "partsupp", "Alias": "partsupp", "Startup Cost": 0.0, "Total Cost": 7.01, "Plan Rows": 3, "Plan Width": 24, "Index Cond": "(ps_partkey = part.p_partkey)"}]}]}]}]}]}]}, "Unique SQL Id": 202076520, "Planner Runtime": 3}, "explain_analyze_plan": {"Plan": {"Node Type": "Sort", "Startup Cost": 6721015.3, "Total Cost": 6721020.3, "Plan Rows": 2000, "Plan Width": 51, "Actual Startup Time": 88197.726, "Actual Total Time": 88197.881, "Actual Rows": 1746, "Actual Loops": 1, "Sort Key": ["supplier.s_name"], "Sort Method": "quicksort", "Sort Space Used": 309, "Sort Space Type": "Memory", "Plans": [{"Node Type": "Nested Loop", "Parent Relationship": "Outer", "Join Type": "Semi", "Startup Cost": 6419358.7, "Total Cost": 6720905.64, "Plan Rows": 2000, "Plan Width": 51, "Actual Startup Time": 37606.534, "Actual Total Time": 88193.327, "Actual Rows": 1746, "Actual Loops": 1, "Inner Unique": false, "Join Filter": "(supplier.s_suppkey = lineitem.l_suppkey)", "Rows Removed by Join Filter": 174379317, "Plans": [{"Node Type": "Nested Loop", "Parent Relationship": "Outer", "Join Type": "Inner", "Startup Cost": 0.0, "Total Cost": 6597.23, "Plan Rows": 4000, "Plan Width": 59, "Actual Startup Time": 0.061, "Actual Total Time": 97.617, "Actual Rows": 3934, "Actual Loops": 1, "Inner Unique": false, "Join Filter": "(supplier.s_nationkey = nation.n_nationkey)", "Rows Removed by Join Filter": 96066, "Plans": [{"Node Type": "Index Scan", "Parent Relationship": "Outer", "Scan Direction": "Forward", "Index Name": "nation_pkey", "Relation Name": "nation", "Alias": "nation", "Startup Cost": 0.0, "Total Cost": 12.69, "Plan Rows": 1, "Plan Width": 4, "Actual Startup Time": 0.02, "Actual Total Time": 0.046, "Actual Rows": 1, "Actual Loops": 1, "Filter": "(n_name = 'ALGERIA'::bpchar)", "Rows Removed by Filter": 24}, {"Node Type": "Index Scan", "Parent Relationship": "Inner", "Scan Direction": "Forward", "Index Name": "supplier_pkey", "Relation Name": "supplier", "Alias": "supplier", "Startup Cost": 0.0, "Total Cost": 5334.54, "Plan Rows": 100000, "Plan Width": 63, "Actual Startup Time": 0.021, "Actual Total Time": 70.014, "Actual Rows": 100000, "Actual Loops": 1}]}, {"Node Type": "Materialize", "Parent Relationship": "Inner", "Startup Cost": 6419358.7, "Total Cost": 6714188.41, "Plan Rows": 2, "Plan Width": 16, "Actual Startup Time": 33184.966, "Actual Total Time": 54865.358, "Actual Rows": 174381063, "Actual Loops": 3934, "Plans": [{"Node Type": "Hash Join", "Parent Relationship": "Outer", "Join Type": "Inner", "Startup Cost": 6419358.7, "Total Cost": 6714188.4, "Plan Rows": 2, "Plan Width": 16, "Actual Startup Time": 33184.204, "Actual Total Time": 37563.427, "Actual Rows": 58537, "Actual Loops": 1, "Inner Unique": false, "Hash Cond": "((lineitem.l_partkey = partsupp.ps_partkey) AND (lineitem.l_suppkey = partsupp.ps_suppkey))", "Join Filter": "((partsupp.ps_availqty)::double precision > (.5::double precision * (sum(lineitem.l_quantity))))", "Rows Removed by Join Filter": 136, "Plans": [{"Node Type": "Aggregate", "Strategy": "Hashed", "Parent Relationship": "Outer", "Startup Cost": 6154458.63, "Total Cost": 6267854.63, "Plan Rows": 9071680, "Plan Width": 40, "Actual Startup Time": 31650.31, "Actual Total Time": 34447.597, "Actual Rows": 5442751, "Actual Loops": 1, "Group By Key": ["lineitem.l_partkey", "lineitem.l_suppkey"], "Plans": [{"Node Type": "Index Scan", "Parent Relationship": "Outer", "Scan Direction": "Forward", "Index Name": "idx_lineitem_shipdate", "Relation Name": "lineitem", "Alias": "lineitem", "Startup Cost": 0.0, "Total Cost": 6063741.83, "Plan Rows": 9071680, "Plan Width": 24, "Actual Startup Time": 0.084, "Actual Total Time": 23325.887, "Actual Rows": 9109641, "Actual Loops": 1, "Index Cond": "((l_shipdate >= '1993-01-01 00:00:00'::timestamp(0) without time zone) AND (l_shipdate < '1994-01-01 00:00:00'::timestamp without time zone)), (LLVM Optimized, Jit Execute)", "Rows Removed by Index Recheck": 0}]}, {"Node Type": "Hash", "Parent Relationship": "Inner", "Startup Cost": 263931.78, "Total Cost": 263931.78, "Plan Rows": 64552, "Plan Width": 32, "Actual Startup Time": 1533.623, "Actual Total Time": 1533.623, "Actual Rows": 86224, "Actual Loops": 1, "Hash Buckets": 65536, "Hash Batches": 1, "Original Hash Batches": 1, "Peak Memory Usage": 5389, "Plans": [{"Node Type": "Nested Loop", "Parent Relationship": "Outer", "Join Type": "Inner", "Startup Cost": 0.0, "Total Cost": 263931.78, "Plan Rows": 64552, "Plan Width": 32, "Actual Startup Time": 0.052, "Actual Total Time": 1500.023, "Actual Rows": 86224, "Actual Loops": 1, "Inner Unique": false, "Plans": [{"Node Type": "Index Scan", "Parent Relationship": "Outer", "Scan Direction": "Forward", "Index Name": "part_kpey", "Relation Name": "part", "Alias": "part", "Startup Cost": 0.0, "Total Cost": 105803.25, "Plan Rows": 22472, "Plan Width": 8, "Actual Startup Time": 0.041, "Actual Total Time": 1307.039, "Actual Rows": 21556, "Actual Loops": 1, "Filter": "((p_name)::text ~~ 'green%'::text)", "Rows Removed by Filter": 1978444}, {"Node Type": "Index Scan", "Parent Relationship": "Inner", "Scan Direction": "Forward", "Index Name": "idx_partsupp_partkey", "Relation Name": "partsupp", "Alias": "partsupp", "Startup Cost": 0.0, "Total Cost": 7.01, "Plan Rows": 3, "Plan Width": 24, "Actual Startup Time": 118.463, "Actual Total Time": 159.978, "Actual Rows": 86224, "Actual Loops": 21556, "Index Cond": "(ps_partkey = part.p_partkey)", "Rows Removed by Index Recheck": 0}]}]}]}]}]}]}, "Triggers": [], "Planner Runtime": 2, "Total Runtime": 88207.533, "Unique SQL Id": 202076520}}, "(64, 14)": {"explain_plan": {"Plan": {"Node Type": "Sort", "Startup Cost": 3064191.97, "Total Cost": 3064196.97, "Plan Rows": 2000, "Plan Width": 51, "Sort Key": ["supplier.s_name"], "Plans": [{"Node Type": "Nested Loop", "Parent Relationship": "Outer", "Join Type": "Semi", "Startup Cost": 2764598.29, "Total Cost": 3064082.31, "Plan Rows": 2000, "Plan Width": 51, "Inner Unique": false, "Join Filter": "(supplier.s_suppkey = lineitem.l_suppkey)", "Plans": [{"Node Type": "Nested Loop", "Parent Relationship": "Outer", "Join Type": "Inner", "Startup Cost": 0.0, "Total Cost": 4534.31, "Plan Rows": 4000, "Plan Width": 59, "Inner Unique": false, "Join Filter": "(supplier.s_nationkey = nation.n_nationkey)", "Plans": [{"Node Type": "Seq Scan", "Parent Relationship": "Outer", "Relation Name": "nation", "Alias": "nation", "Startup Cost": 0.0, "Total Cost": 1.31, "Plan Rows": 1, "Plan Width": 4, "Filter": "(n_name = 'ALGERIA'::bpchar)"}, {"Node Type": "Seq Scan", "Parent Relationship": "Inner", "Relation Name": "supplier", "Alias": "supplier", "Startup Cost": 0.0, "Total Cost": 3283.0, "Plan Rows": 100000, "Plan Width": 63}]}, {"Node Type": "Materialize", "Parent Relationship": "Inner", "Startup Cost": 2764598.29, "Total Cost": 3059428.0, "Plan Rows": 2, "Plan Width": 16, "Plans": [{"Node Type": "Hash Join", "Parent Relationship": "Outer", "Join Type": "Inner", "Startup Cost": 2764598.29, "Total Cost": 3059427.99, "Plan Rows": 2, "Plan Width": 16, "Inner Unique": false, "Hash Cond": "((lineitem.l_partkey = partsupp.ps_partkey) AND (lineitem.l_suppkey = partsupp.ps_suppkey))", "Join Filter": "((partsupp.ps_availqty)::double precision > (.5::double precision * (sum(lineitem.l_quantity))))", "Plans": [{"Node Type": "Aggregate", "Strategy": "Hashed", "Parent Relationship": "Outer", "Startup Cost": 2405767.29, "Total Cost": 2519163.29, "Plan Rows": 9071680, "Plan Width": 40, "Group By Key": ["lineitem.l_partkey", "lineitem.l_suppkey"], "Plans": [{"Node Type": "Seq Scan", "Parent Relationship": "Outer", "Relation Name": "lineitem", "Alias": "lineitem", "Startup Cost": 119.57, "Total Cost": 2315050.5, "Plan Rows": 9071680, "Plan Width": 24, "Filter": "((l_shipdate >= '1993-01-01 00:00:00'::timestamp(0) without time zone) AND (l_shipdate < '1994-01-01 00:00:00'::timestamp without time zone)), (LLVM Optimized)"}]}, {"Node Type": "Hash", "Parent Relationship": "Inner", "Startup Cost": 357862.71, "Total Cost": 357862.71, "Plan Rows": 64552, "Plan Width": 32, "Plans": [{"Node Type": "Hash Join", "Parent Relationship": "Outer", "Join Type": "Inner", "Startup Cost": 67224.9, "Total Cost": 357862.71, "Plan Rows": 64552, "Plan Width": 32, "Inner Unique": true, "Hash Cond": "(partsupp.ps_partkey = part.p_partkey)", "Plans": [{"Node Type": "Seq Scan", "Parent Relationship": "Outer", "Relation Name": "partsupp", "Alias": "partsupp", "Startup Cost": 0.0, "Total Cost": 269987.72, "Plan Rows": 8000372, "Plan Width": 24}, {"Node Type": "Hash", "Parent Relationship": "Inner", "Startup Cost": 66944.0, "Total Cost": 66944.0, "Plan Rows": 22472, "Plan Width": 8, "Plans": [{"Node Type": "Seq Scan", "Parent Relationship": "Outer", "Relation Name": "part", "Alias": "part", "Startup Cost": 0.0, "Total Cost": 66944.0, "Plan Rows": 22472, "Plan Width": 8, "Filter": "((p_name)::text ~~ 'green%'::text)"}]}]}]}]}]}]}]}, "Unique SQL Id": 202076520, "Planner Runtime": 3}, "explain_analyze_plan": {"Plan": {"Node Type": "Sort", "Startup Cost": 3064191.97, "Total Cost": 3064196.97, "Plan Rows": 2000, "Plan Width": 51, "Actual Startup Time": 91600.323, "Actual Total Time": 91600.487, "Actual Rows": 1746, "Actual Loops": 1, "Sort Key": ["supplier.s_name"], "Sort Method": "quicksort", "Sort Space Used": 309, "Sort Space Type": "Memory", "Plans": [{"Node Type": "Nested Loop", "Parent Relationship": "Outer", "Join Type": "Semi", "Startup Cost": 2764598.29, "Total Cost": 3064082.31, "Plan Rows": 2000, "Plan Width": 51, "Actual Startup Time": 40650.494, "Actual Total Time": 91592.282, "Actual Rows": 1746, "Actual Loops": 1, "Inner Unique": false, "Join Filter": "(supplier.s_suppkey = lineitem.l_suppkey)", "Rows Removed by Join Filter": 174379316, "Plans": [{"Node Type": "Nested Loop", "Parent Relationship": "Outer", "Join Type": "Inner", "Startup Cost": 0.0, "Total Cost": 4534.31, "Plan Rows": 4000, "Plan Width": 59, "Actual Startup Time": 0.051, "Actual Total Time": 73.956, "Actual Rows": 3934, "Actual Loops": 1, "Inner Unique": false, "Join Filter": "(supplier.s_nationkey = nation.n_nationkey)", "Rows Removed by Join Filter": 96066, "Plans": [{"Node Type": "Seq Scan", "Parent Relationship": "Outer", "Relation Name": "nation", "Alias": "nation", "Startup Cost": 0.0, "Total Cost": 1.31, "Plan Rows": 1, "Plan Width": 4, "Actual Startup Time": 0.026, "Actual Total Time": 0.058, "Actual Rows": 1, "Actual Loops": 1, "Filter": "(n_name = 'ALGERIA'::bpchar)", "Rows Removed by Filter": 24}, {"Node Type": "Seq Scan", "Parent Relationship": "Inner", "Relation Name": "supplier", "Alias": "supplier", "Startup Cost": 0.0, "Total Cost": 3283.0, "Plan Rows": 100000, "Plan Width": 63, "Actual Startup Time": 0.01, "Actual Total Time": 43.982, "Actual Rows": 100000, "Actual Loops": 1}]}, {"Node Type": "Materialize", "Parent Relationship": "Inner", "Startup Cost": 2764598.29, "Total Cost": 3059428.0, "Plan Rows": 2, "Plan Width": 16, "Actual Startup Time": 35927.497, "Actual Total Time": 58116.6, "Actual Rows": 174381062, "Actual Loops": 3934, "Plans": [{"Node Type": "Hash Join", "Parent Relationship": "Outer", "Join Type": "Inner", "Startup Cost": 2764598.29, "Total Cost": 3059427.99, "Plan Rows": 2, "Plan Width": 16, "Actual Startup Time": 35926.815, "Actual Total Time": 40606.785, "Actual Rows": 58537, "Actual Loops": 1, "Inner Unique": false, "Hash Cond": "((lineitem.l_partkey = partsupp.ps_partkey) AND (lineitem.l_suppkey = partsupp.ps_suppkey))", "Join Filter": "((partsupp.ps_availqty)::double precision > (.5::double precision * (sum(lineitem.l_quantity))))", "Rows Removed by Join Filter": 136, "Plans": [{"Node Type": "Aggregate", "Strategy": "Hashed", "Parent Relationship": "Outer", "Startup Cost": 2405767.29, "Total Cost": 2519163.29, "Plan Rows": 9071680, "Plan Width": 40, "Actual Startup Time": 31166.853, "Actual Total Time": 34280.97, "Actual Rows": 5442751, "Actual Loops": 1, "Group By Key": ["lineitem.l_partkey", "lineitem.l_suppkey"], "Plans": [{"Node Type": "Seq Scan", "Parent Relationship": "Outer", "Relation Name": "lineitem", "Alias": "lineitem", "Startup Cost": 119.57, "Total Cost": 2315050.5, "Plan Rows": 9071680, "Plan Width": 24, "Actual Startup Time": 0.052, "Actual Total Time": 23206.229, "Actual Rows": 9109641, "Actual Loops": 1, "Filter": "((l_shipdate >= '1993-01-01 00:00:00'::timestamp(0) without time zone) AND (l_shipdate < '1994-01-01 00:00:00'::timestamp without time zone)), (LLVM Optimized, Jit Execute)", "Rows Removed by Filter": 50876411}]}, {"Node Type": "Hash", "Parent Relationship": "Inner", "Startup Cost": 357862.71, "Total Cost": 357862.71, "Plan Rows": 64552, "Plan Width": 32, "Actual Startup Time": 4759.612, "Actual Total Time": 4759.612, "Actual Rows": 86224, "Actual Loops": 1, "Hash Buckets": 65536, "Hash Batches": 1, "Original Hash Batches": 1, "Peak Memory Usage": 5389, "Plans": [{"Node Type": "Hash Join", "Parent Relationship": "Outer", "Join Type": "Inner", "Startup Cost": 67224.9, "Total Cost": 357862.71, "Plan Rows": 64552, "Plan Width": 32, "Actual Startup Time": 754.583, "Actual Total Time": 4717.199, "Actual Rows": 86224, "Actual Loops": 1, "Inner Unique": true, "Hash Cond": "(partsupp.ps_partkey = part.p_partkey)", "Plans": [{"Node Type": "Seq Scan", "Parent Relationship": "Outer", "Relation Name": "partsupp", "Alias": "partsupp", "Startup Cost": 0.0, "Total Cost": 269987.72, "Plan Rows": 8000372, "Plan Width": 24, "Actual Startup Time": 0.014, "Actual Total Time": 2422.418, "Actual Rows": 8000000, "Actual Loops": 1}, {"Node Type": "Hash", "Parent Relationship": "Inner", "Startup Cost": 66944.0, "Total Cost": 66944.0, "Plan Rows": 22472, "Plan Width": 8, "Actual Startup Time": 754.442, "Actual Total Time": 754.442, "Actual Rows": 21556, "Actual Loops": 1, "Hash Buckets": 32768, "Hash Batches": 1, "Original Hash Batches": 1, "Peak Memory Usage": 843, "Plans": [{"Node Type": "Seq Scan", "Parent Relationship": "Outer", "Relation Name": "part", "Alias": "part", "Startup Cost": 0.0, "Total Cost": 66944.0, "Plan Rows": 22472, "Plan Width": 8, "Actual Startup Time": 0.022, "Actual Total Time": 746.963, "Actual Rows": 21556, "Actual Loops": 1, "Filter": "((p_name)::text ~~ 'green%'::text)", "Rows Removed by Filter": 1978444}]}]}]}]}]}]}]}, "Triggers": [], "Planner Runtime": 2, "Total Runtime": 91610.124, "Unique SQL Id": 202076520}}, "(64, 15)": {"explain_plan": {"Plan": {"Node Type": "Sort", "Startup Cost": 5018253560954.49, "Total Cost": 5018253560959.49, "Plan Rows": 2000, "Plan Width": 51, "Sort Key": ["supplier.s_name"], "Plans": [{"Node Type": "Merge Join", "Parent Relationship": "Outer", "Join Type": "Semi", "Startup Cost": 1040805475552.94, "Total Cost": 5018253560844.84, "Plan Rows": 2000, "Plan Width": 51, "Inner Unique": false, "Merge Cond": "(supplier.s_suppkey = subquery.\"?column?\")", "Plans": [{"Node Type": "Nested Loop", "Parent Relationship": "Outer", "Join Type": "Inner", "Startup Cost": 20000000000.0, "Total Cost": 2000000536223.13, "Plan Rows": 4000, "Plan Width": 59, "Inner Unique": true, "Join Filter": "(supplier.s_nationkey = nation.n_nationkey)", "Plans": [{"Node Type": "Index Scan", "Parent Relationship": "Outer", "Scan Direction": "Forward", "Index Name": "supplier_pkey", "Relation Name": "supplier", "Alias": "supplier", "Startup Cost": 10000000000.0, "Total Cost": 1000000533454.38, "Plan Rows": 100000, "Plan Width": 63}, {"Node Type": "Materialize", "Parent Relationship": "Inner", "Startup Cost": 10000000000.0, "Total Cost": 1000000001268.76, "Plan Rows": 1, "Plan Width": 4, "Plans": [{"Node Type": "Index Scan", "Parent Relationship": "Outer", "Scan Direction": "Forward", "Index Name": "nation_pkey", "Relation Name": "nation", "Alias": "nation", "Startup Cost": 10000000000.0, "Total Cost": 1000000001268.75, "Plan Rows": 1, "Plan Width": 4, "Filter": "(n_name = 'ALGERIA'::bpchar)"}]}]}, {"Node Type": "Materialize", "Parent Relationship": "Inner", "Startup Cost": 1020805475552.94, "Total Cost": 3018253024611.68, "Plan Rows": 2, "Plan Width": 16, "Plans": [{"Node Type": "Nested Loop", "Parent Relationship": "Outer", "Join Type": "Inner", "Startup Cost": 1020805475552.94, "Total Cost": 3018253024611.67, "Plan Rows": 2, "Plan Width": 16, "Inner Unique": true, "Join Filter": "((partsupp.ps_partkey = subquery.\"?column?\") AND (partsupp.ps_suppkey = subquery.\"?column?\") AND ((partsupp.ps_availqty)::double precision > (.5::double precision * subquery.\"?column?\")))", "Plans": [{"Node Type": "Nested Loop", "Parent Relationship": "Outer", "Join Type": "Semi", "Startup Cost": 20000000000.0, "Total Cost": 2002807445082.73, "Plan Rows": 64552, "Plan Width": 32, "Inner Unique": false, "Join Filter": "(partsupp.ps_partkey = part.p_partkey)", "Plans": [{"Node Type": "Index Scan", "Parent Relationship": "Outer", "Scan Direction": "Forward", "Index Name": "idx_partsupp_suppkey", "Relation Name": "partsupp", "Alias": "partsupp", "Startup Cost": 10000000000.0, "Total Cost": 1000100160480.77, "Plan Rows": 8000372, "Plan Width": 24}, {"Node Type": "Materialize", "Parent Relationship": "Inner", "Startup Cost": 10000000000.0, "Total Cost": 1000010580437.36, "Plan Rows": 22472, "Plan Width": 8, "Plans": [{"Node Type": "Index Scan", "Parent Relationship": "Outer", "Scan Direction": "Forward", "Index Name": "part_kpey", "Relation Name": "part", "Alias": "part", "Startup Cost": 10000000000.0, "Total Cost": 1000010580325.0, "Plan Rows": 22472, "Plan Width": 8, "Filter": "((p_name)::text ~~ 'green%'::text)"}]}]}, {"Node Type": "Materialize", "Parent Relationship": "Inner", "Startup Cost": 1000805475552.94, "Total Cost": 1000805725024.14, "Plan Rows": 9071680, "Plan Width": 24, "Plans": [{"Node Type": "Subquery Scan", "Parent Relationship": "Outer", "Alias": "subquery", "Startup Cost": 1000805475552.94, "Total Cost": 1000805679665.74, "Plan Rows": 9071680, "Plan Width": 24, "Plans": [{"Node Type": "Aggregate", "Strategy": "Hashed", "Parent Relationship": "Subquery", "Startup Cost": 1000805475552.94, "Total Cost": 1000805588948.94, "Plan Rows": 9071680, "Plan Width": 40, "Group By Key": ["lineitem.l_partkey", "lineitem.l_suppkey"], "Plans": [{"Node Type": "Index Scan", "Parent Relationship": "Outer", "Scan Direction": "Forward", "Index Name": "idx_lineitem_part_supp", "Relation Name": "lineitem", "Alias": "lineitem", "Startup Cost": 10000000000.0, "Total Cost": 1000805384836.14, "Plan Rows": 9071680, "Plan Width": 24, "Filter": "((l_shipdate >= '1993-01-01 00:00:00'::timestamp(0) without time zone) AND (l_shipdate < '1994-01-01 00:00:00'::timestamp without time zone)), (LLVM Optimized)"}]}]}]}]}]}]}]}, "Unique SQL Id": 202076520, "Planner Runtime": 3}, "explain_analyze_plan": null}, "(64, 16)": {"explain_plan": {"Plan": {"Node Type": "Sort", "Startup Cost": 3512344.14, "Total Cost": 3512349.14, "Plan Rows": 2000, "Plan Width": 51, "Sort Key": ["supplier.s_name"], "Plans": [{"Node Type": "Nested Loop", "Parent Relationship": "Outer", "Join Type": "Semi", "Startup Cost": 3439058.32, "Total Cost": 3512234.48, "Plan Rows": 2000, "Plan Width": 51, "Inner Unique": false, "Join Filter": "(supplier.s_suppkey = subquery.\"?column?\")", "Plans": [{"Node Type": "Nested Loop", "Parent Relationship": "Outer", "Join Type": "Inner", "Startup Cost": 0.0, "Total Cost": 4534.31, "Plan Rows": 4000, "Plan Width": 59, "Inner Unique": false, "Join Filter": "(supplier.s_nationkey = nation.n_nationkey)", "Plans": [{"Node Type": "Seq Scan", "Parent Relationship": "Outer", "Relation Name": "nation", "Alias": "nation", "Startup Cost": 0.0, "Total Cost": 1.31, "Plan Rows": 1, "Plan Width": 4, "Filter": "(n_name = 'ALGERIA'::bpchar)"}, {"Node Type": "Seq Scan", "Parent Relationship": "Inner", "Relation Name": "supplier", "Alias": "supplier", "Startup Cost": 0.0, "Total Cost": 3283.0, "Plan Rows": 100000, "Plan Width": 63}]}, {"Node Type": "Materialize", "Parent Relationship": "Inner", "Startup Cost": 3439058.32, "Total Cost": 3507580.17, "Plan Rows": 2, "Plan Width": 16, "Plans": [{"Node Type": "Merge Join", "Parent Relationship": "Outer", "Join Type": "Inner", "Startup Cost": 3439058.32, "Total Cost": 3507580.16, "Plan Rows": 2, "Plan Width": 16, "Inner Unique": true, "Merge Cond": "((partsupp.ps_suppkey = subquery.\"?column?\") AND (partsupp.ps_partkey = subquery.\"?column?\"))", "Join Filter": "((partsupp.ps_availqty)::double precision > (.5::double precision * subquery.\"?column?\"))", "Plans": [{"Node Type": "Sort", "Parent Relationship": "Outer", "Startup Cost": 230229.65, "Total Cost": 230391.03, "Plan Rows": 64552, "Plan Width": 32, "Sort Key": ["partsupp.ps_suppkey", "partsupp.ps_partkey"], "Plans": [{"Node Type": "Nested Loop", "Parent Relationship": "Outer", "Join Type": "Inner", "Startup Cost": 0.0, "Total Cost": 225072.53, "Plan Rows": 64552, "Plan Width": 32, "Inner Unique": false, "Plans": [{"Node Type": "Seq Scan", "Parent Relationship": "Outer", "Relation Name": "part", "Alias": "part", "Startup Cost": 0.0, "Total Cost": 66944.0, "Plan Rows": 22472, "Plan Width": 8, "Filter": "((p_name)::text ~~ 'green%'::text)"}, {"Node Type": "Index Scan", "Parent Relationship": "Inner", "Scan Direction": "Forward", "Index Name": "idx_partsupp_partkey", "Relation Name": "partsupp", "Alias": "partsupp", "Startup Cost": 0.0, "Total Cost": 7.01, "Plan Rows": 3, "Plan Width": 24, "Index Cond": "(ps_partkey = part.p_partkey)"}]}]}, {"Node Type": "Sort", "Parent Relationship": "Inner", "Startup Cost": 3208828.67, "Total Cost": 3231507.87, "Plan Rows": 9071680, "Plan Width": 24, "Sort Key": ["subquery.\"?column?\"", "subquery.\"?column?\""], "Plans": [{"Node Type": "Subquery Scan", "Parent Relationship": "Outer", "Alias": "subquery", "Startup Cost": 1956349.97, "Total Cost": 2160462.77, "Plan Rows": 9071680, "Plan Width": 24, "Plans": [{"Node Type": "Aggregate", "Strategy": "Hashed", "Parent Relationship": "Subquery", "Startup Cost": 1956349.97, "Total Cost": 2069745.97, "Plan Rows": 9071680, "Plan Width": 40, "Group By Key": ["lineitem.l_partkey", "lineitem.l_suppkey"], "Plans": [{"Node Type": "Bitmap Heap Scan", "Parent Relationship": "Outer", "Relation Name": "lineitem", "Alias": "lineitem", "Startup Cost": 314312.97, "Total Cost": 1865633.17, "Plan Rows": 9071680, "Plan Width": 24, "Recheck Cond": "((l_shipdate >= '1993-01-01 00:00:00'::timestamp(0) without time zone) AND (l_shipdate < '1994-01-01 00:00:00'::timestamp without time zone)), (LLVM Optimized)", "Plans": [{"Node Type": "Bitmap Index Scan", "Parent Relationship": "Outer", "Index Name": "idx_lineitem_shipdate", "Startup Cost": 0.0, "Total Cost": 312045.05, "Plan Rows": 9071680, "Plan Width": 0, "Index Cond": "((l_shipdate >= '1993-01-01 00:00:00'::timestamp(0) without time zone) AND (l_shipdate < '1994-01-01 00:00:00'::timestamp without time zone))"}]}]}]}]}]}]}]}]}, "Unique SQL Id": 202076520, "Planner Runtime": 2}, "explain_analyze_plan": {"Plan": {"Node Type": "Sort", "Startup Cost": 3512344.14, "Total Cost": 3512349.14, "Plan Rows": 2000, "Plan Width": 51, "Actual Startup Time": 83083.741, "Actual Total Time": 83083.897, "Actual Rows": 1746, "Actual Loops": 1, "Sort Key": ["supplier.s_name"], "Sort Method": "quicksort", "Sort Space Used": 309, "Sort Space Type": "Memory", "Plans": [{"Node Type": "Nested Loop", "Parent Relationship": "Outer", "Join Type": "Semi", "Startup Cost": 3439058.32, "Total Cost": 3512234.48, "Plan Rows": 2000, "Plan Width": 51, "Actual Startup Time": 31229.122, "Actual Total Time": 83076.267, "Actual Rows": 1746, "Actual Loops": 1, "Inner Unique": false, "Join Filter": "(supplier.s_suppkey = subquery.\"?column?\")", "Rows Removed by Join Filter": 178136880, "Plans": [{"Node Type": "Nested Loop", "Parent Relationship": "Outer", "Join Type": "Inner", "Startup Cost": 0.0, "Total Cost": 4534.31, "Plan Rows": 4000, "Plan Width": 59, "Actual Startup Time": 0.061, "Actual Total Time": 73.693, "Actual Rows": 3934, "Actual Loops": 1, "Inner Unique": false, "Join Filter": "(supplier.s_nationkey = nation.n_nationkey)", "Rows Removed by Join Filter": 96066, "Plans": [{"Node Type": "Seq Scan", "Parent Relationship": "Outer", "Relation Name": "nation", "Alias": "nation", "Startup Cost": 0.0, "Total Cost": 1.31, "Plan Rows": 1, "Plan Width": 4, "Actual Startup Time": 0.019, "Actual Total Time": 0.138, "Actual Rows": 1, "Actual Loops": 1, "Filter": "(n_name = 'ALGERIA'::bpchar)", "Rows Removed by Filter": 24}, {"Node Type": "Seq Scan", "Parent Relationship": "Inner", "Relation Name": "supplier", "Alias": "supplier", "Startup Cost": 0.0, "Total Cost": 3283.0, "Plan Rows": 100000, "Plan Width": 63, "Actual Startup Time": 0.026, "Actual Total Time": 44.204, "Actual Rows": 100000, "Actual Loops": 1}]}, {"Node Type": "Materialize", "Parent Relationship": "Inner", "Startup Cost": 3439058.32, "Total Cost": 3507580.17, "Plan Rows": 2, "Plan Width": 16, "Actual Startup Time": 29281.547, "Actual Total Time": 48950.337, "Actual Rows": 178138626, "Actual Loops": 3934, "Plans": [{"Node Type": "Merge Join", "Parent Relationship": "Outer", "Join Type": "Inner", "Startup Cost": 3439058.32, "Total Cost": 3507580.16, "Plan Rows": 2, "Plan Width": 16, "Actual Startup Time": 29280.822, "Actual Total Time": 31201.361, "Actual Rows": 58537, "Actual Loops": 1, "Inner Unique": true, "Merge Cond": "((partsupp.ps_suppkey = subquery.\"?column?\") AND (partsupp.ps_partkey = subquery.\"?column?\"))", "Join Filter": "((partsupp.ps_availqty)::double precision > (.5::double precision * subquery.\"?column?\"))", "Rows Removed by Join Filter": 0, "Plans": [{"Node Type": "Sort", "Parent Relationship": "Outer", "Startup Cost": 230229.65, "Total Cost": 230391.03, "Plan Rows": 64552, "Plan Width": 32, "Actual Startup Time": 1108.632, "Actual Total Time": 1130.417, "Actual Rows": 86224, "Actual Loops": 1, "Sort Key": ["partsupp.ps_suppkey", "partsupp.ps_partkey"], "Sort Method": "quicksort", "Sort Space Used": 11156, "Sort Space Type": "Memory", "Plans": [{"Node Type": "Nested Loop", "Parent Relationship": "Outer", "Join Type": "Inner", "Startup Cost": 0.0, "Total Cost": 225072.53, "Plan Rows": 64552, "Plan Width": 32, "Actual Startup Time": 0.044, "Actual Total Time": 1060.066, "Actual Rows": 86224, "Actual Loops": 1, "Inner Unique": false, "Plans": [{"Node Type": "Seq Scan", "Parent Relationship": "Outer", "Relation Name": "part", "Alias": "part", "Startup Cost": 0.0, "Total Cost": 66944.0, "Plan Rows": 22472, "Plan Width": 8, "Actual Startup Time": 0.026, "Actual Total Time": 811.888, "Actual Rows": 21556, "Actual Loops": 1, "Filter": "((p_name)::text ~~ 'green%'::text)", "Rows Removed by Filter": 1978444}, {"Node Type": "Index Scan", "Parent Relationship": "Inner", "Scan Direction": "Forward", "Index Name": "idx_partsupp_partkey", "Relation Name": "partsupp", "Alias": "partsupp", "Startup Cost": 0.0, "Total Cost": 7.01, "Plan Rows": 3, "Plan Width": 24, "Actual Startup Time": 166.891, "Actual Total Time": 218.06, "Actual Rows": 86224, "Actual Loops": 21556, "Index Cond": "(ps_partkey = part.p_partkey)", "Rows Removed by Index Recheck": 0}]}]}, {"Node Type": "Sort", "Parent Relationship": "Inner", "Startup Cost": 3208828.67, "Total Cost": 3231507.87, "Plan Rows": 9071680, "Plan Width": 24, "Actual Startup Time": 28171.913, "Actual Total Time": 29247.715, "Actual Rows": 5442737, "Actual Loops": 1, "Sort Key": ["subquery.\"?column?\"", "subquery.\"?column?\""], "Sort Method": "quicksort", "Sort Space Used": 706866, "Sort Space Type": "Memory", "Plans": [{"Node Type": "Subquery Scan", "Parent Relationship": "Outer", "Alias": "subquery", "Startup Cost": 1956349.97, "Total Cost": 2160462.77, "Plan Rows": 9071680, "Plan Width": 24, "Actual Startup Time": 18412.295, "Actual Total Time": 23387.598, "Actual Rows": 5442751, "Actual Loops": 1, "Plans": [{"Node Type": "Aggregate", "Strategy": "Hashed", "Parent Relationship": "Subquery", "Startup Cost": 1956349.97, "Total Cost": 2069745.97, "Plan Rows": 9071680, "Plan Width": 40, "Actual Startup Time": 18412.283, "Actual Total Time": 22376.167, "Actual Rows": 5442751, "Actual Loops": 1, "Group By Key": ["lineitem.l_partkey", "lineitem.l_suppkey"], "Plans": [{"Node Type": "Bitmap Heap Scan", "Parent Relationship": "Outer", "Relation Name": "lineitem", "Alias": "lineitem", "Startup Cost": 314312.97, "Total Cost": 1865633.17, "Plan Rows": 9071680, "Plan Width": 24, "Actual Startup Time": 3932.773, "Actual Total Time": 11755.24, "Actual Rows": 9109641, "Actual Loops": 1, "Recheck Cond": "((l_shipdate >= '1993-01-01 00:00:00'::timestamp(0) without time zone) AND (l_shipdate < '1994-01-01 00:00:00'::timestamp without time zone)), (LLVM Optimized, Jit Execute)", "Rows Removed by Index Recheck": 0, "Exact Heap Blocks": 1252335, "Lossy Heap Blocks": 1252335, "Plans": [{"Node Type": "Bitmap Index Scan", "Parent Relationship": "Outer", "Index Name": "idx_lineitem_shipdate", "Startup Cost": 0.0, "Total Cost": 312045.05, "Plan Rows": 9071680, "Plan Width": 0, "Actual Startup Time": 3348.254, "Actual Total Time": 3348.254, "Actual Rows": 9109641, "Actual Loops": 1, "Index Cond": "((l_shipdate >= '1993-01-01 00:00:00'::timestamp(0) without time zone) AND (l_shipdate < '1994-01-01 00:00:00'::timestamp without time zone))"}]}]}]}]}]}]}]}]}, "Triggers": [], "Planner Runtime": 2, "Total Runtime": 83095.342, "Unique SQL Id": 202076520}}, "(64, 17)": {"explain_plan": {"Plan": {"Node Type": "Sort", "Startup Cost": 3531947.57, "Total Cost": 3531952.57, "Plan Rows": 2000, "Plan Width": 51, "Sort Key": ["supplier.s_name"], "Plans": [{"Node Type": "Nested Loop", "Parent Relationship": "Outer", "Join Type": "Semi", "Startup Cost": 3208828.67, "Total Cost": 3531837.91, "Plan Rows": 2000, "Plan Width": 51, "Inner Unique": false, "Join Filter": "(supplier.s_suppkey = subquery.\"?column?\")", "Plans": [{"Node Type": "Nested Loop", "Parent Relationship": "Outer", "Join Type": "Inner", "Startup Cost": 0.0, "Total Cost": 6597.23, "Plan Rows": 4000, "Plan Width": 59, "Inner Unique": false, "Join Filter": "(supplier.s_nationkey = nation.n_nationkey)", "Plans": [{"Node Type": "Index Scan", "Parent Relationship": "Outer", "Scan Direction": "Forward", "Index Name": "nation_pkey", "Relation Name": "nation", "Alias": "nation", "Startup Cost": 0.0, "Total Cost": 12.69, "Plan Rows": 1, "Plan Width": 4, "Filter": "(n_name = 'ALGERIA'::bpchar)"}, {"Node Type": "Index Scan", "Parent Relationship": "Inner", "Scan Direction": "Forward", "Index Name": "supplier_pkey", "Relation Name": "supplier", "Alias": "supplier", "Startup Cost": 0.0, "Total Cost": 5334.54, "Plan Rows": 100000, "Plan Width": 63}]}, {"Node Type": "Materialize", "Parent Relationship": "Inner", "Startup Cost": 3208828.67, "Total Cost": 3525120.68, "Plan Rows": 2, "Plan Width": 16, "Plans": [{"Node Type": "Merge Join", "Parent Relationship": "Outer", "Join Type": "Inner", "Startup Cost": 3208828.67, "Total Cost": 3525120.67, "Plan Rows": 2, "Plan Width": 16, "Inner Unique": true, "Merge Cond": "(partsupp.ps_partkey = subquery.\"?column?\")", "Join Filter": "((partsupp.ps_suppkey = subquery.\"?column?\") AND ((partsupp.ps_availqty)::double precision > (.5::double precision * subquery.\"?column?\")))", "Plans": [{"Node Type": "Nested Loop", "Parent Relationship": "Outer", "Join Type": "Inner", "Startup Cost": 0.0, "Total Cost": 263931.78, "Plan Rows": 64552, "Plan Width": 32, "Inner Unique": false, "Plans": [{"Node Type": "Index Scan", "Parent Relationship": "Outer", "Scan Direction": "Forward", "Index Name": "part_kpey", "Relation Name": "part", "Alias": "part", "Startup Cost": 0.0, "Total Cost": 105803.25, "Plan Rows": 22472, "Plan Width": 8, "Filter": "((p_name)::text ~~ 'green%'::text)"}, {"Node Type": "Index Scan", "Parent Relationship": "Inner", "Scan Direction": "Forward", "Index Name": "idx_partsupp_partkey", "Relation Name": "partsupp", "Alias": "partsupp", "Startup Cost": 0.0, "Total Cost": 7.01, "Plan Rows": 3, "Plan Width": 24, "Index Cond": "(ps_partkey = part.p_partkey)"}]}, {"Node Type": "Sort", "Parent Relationship": "Inner", "Startup Cost": 3208828.67, "Total Cost": 3231507.87, "Plan Rows": 9071680, "Plan Width": 24, "Sort Key": ["subquery.\"?column?\""], "Plans": [{"Node Type": "Subquery Scan", "Parent Relationship": "Outer", "Alias": "subquery", "Startup Cost": 1956349.97, "Total Cost": 2160462.77, "Plan Rows": 9071680, "Plan Width": 24, "Plans": [{"Node Type": "Aggregate", "Strategy": "Hashed", "Parent Relationship": "Subquery", "Startup Cost": 1956349.97, "Total Cost": 2069745.97, "Plan Rows": 9071680, "Plan Width": 40, "Group By Key": ["lineitem.l_partkey", "lineitem.l_suppkey"], "Plans": [{"Node Type": "Bitmap Heap Scan", "Parent Relationship": "Outer", "Relation Name": "lineitem", "Alias": "lineitem", "Startup Cost": 314312.97, "Total Cost": 1865633.17, "Plan Rows": 9071680, "Plan Width": 24, "Recheck Cond": "((l_shipdate >= '1993-01-01 00:00:00'::timestamp(0) without time zone) AND (l_shipdate < '1994-01-01 00:00:00'::timestamp without time zone)), (LLVM Optimized)", "Plans": [{"Node Type": "Bitmap Index Scan", "Parent Relationship": "Outer", "Index Name": "idx_lineitem_shipdate", "Startup Cost": 0.0, "Total Cost": 312045.05, "Plan Rows": 9071680, "Plan Width": 0, "Index Cond": "((l_shipdate >= '1993-01-01 00:00:00'::timestamp(0) without time zone) AND (l_shipdate < '1994-01-01 00:00:00'::timestamp without time zone))"}]}]}]}]}]}]}]}]}, "Unique SQL Id": 202076520, "Planner Runtime": 3}, "explain_analyze_plan": {"Plan": {"Node Type": "Sort", "Startup Cost": 3531947.57, "Total Cost": 3531952.57, "Plan Rows": 2000, "Plan Width": 51, "Actual Startup Time": 78784.46, "Actual Total Time": 78784.614, "Actual Rows": 1746, "Actual Loops": 1, "Sort Key": ["supplier.s_name"], "Sort Method": "quicksort", "Sort Space Used": 309, "Sort Space Type": "Memory", "Plans": [{"Node Type": "Nested Loop", "Parent Relationship": "Outer", "Join Type": "Semi", "Startup Cost": 3208828.67, "Total Cost": 3531837.91, "Plan Rows": 2000, "Plan Width": 51, "Actual Startup Time": 28339.708, "Actual Total Time": 78779.388, "Actual Rows": 1746, "Actual Loops": 1, "Inner Unique": false, "Join Filter": "(supplier.s_suppkey = subquery.\"?column?\")", "Rows Removed by Join Filter": 172948128, "Plans": [{"Node Type": "Nested Loop", "Parent Relationship": "Outer", "Join Type": "Inner", "Startup Cost": 0.0, "Total Cost": 6597.23, "Plan Rows": 4000, "Plan Width": 59, "Actual Startup Time": 0.066, "Actual Total Time": 98.808, "Actual Rows": 3934, "Actual Loops": 1, "Inner Unique": false, "Join Filter": "(supplier.s_nationkey = nation.n_nationkey)", "Rows Removed by Join Filter": 96066, "Plans": [{"Node Type": "Index Scan", "Parent Relationship": "Outer", "Scan Direction": "Forward", "Index Name": "nation_pkey", "Relation Name": "nation", "Alias": "nation", "Startup Cost": 0.0, "Total Cost": 12.69, "Plan Rows": 1, "Plan Width": 4, "Actual Startup Time": 0.021, "Actual Total Time": 0.067, "Actual Rows": 1, "Actual Loops": 1, "Filter": "(n_name = 'ALGERIA'::bpchar)", "Rows Removed by Filter": 24}, {"Node Type": "Index Scan", "Parent Relationship": "Inner", "Scan Direction": "Forward", "Index Name": "supplier_pkey", "Relation Name": "supplier", "Alias": "supplier", "Startup Cost": 0.0, "Total Cost": 5334.54, "Plan Rows": 100000, "Plan Width": 63, "Actual Startup Time": 0.022, "Actual Total Time": 70.704, "Actual Rows": 100000, "Actual Loops": 1}]}, {"Node Type": "Materialize", "Parent Relationship": "Inner", "Startup Cost": 3208828.67, "Total Cost": 3525120.68, "Plan Rows": 2, "Plan Width": 16, "Actual Startup Time": 24897.053, "Actual Total Time": 45598.154, "Actual Rows": 172949874, "Actual Loops": 3934, "Plans": [{"Node Type": "Merge Join", "Parent Relationship": "Outer", "Join Type": "Inner", "Startup Cost": 3208828.67, "Total Cost": 3525120.67, "Plan Rows": 2, "Plan Width": 16, "Actual Startup Time": 24896.265, "Actual Total Time": 28298.173, "Actual Rows": 58537, "Actual Loops": 1, "Inner Unique": true, "Merge Cond": "(partsupp.ps_partkey = subquery.\"?column?\")", "Join Filter": "((partsupp.ps_suppkey = subquery.\"?column?\") AND ((partsupp.ps_availqty)::double precision > (.5::double precision * subquery.\"?column?\")))", "Rows Removed by Join Filter": 0, "Plans": [{"Node Type": "Nested Loop", "Parent Relationship": "Outer", "Join Type": "Inner", "Startup Cost": 0.0, "Total Cost": 263931.78, "Plan Rows": 64552, "Plan Width": 32, "Actual Startup Time": 0.05, "Actual Total Time": 1502.591, "Actual Rows": 86224, "Actual Loops": 1, "Inner Unique": false, "Plans": [{"Node Type": "Index Scan", "Parent Relationship": "Outer", "Scan Direction": "Forward", "Index Name": "part_kpey", "Relation Name": "part", "Alias": "part", "Startup Cost": 0.0, "Total Cost": 105803.25, "Plan Rows": 22472, "Plan Width": 8, "Actual Startup Time": 0.04, "Actual Total Time": 1296.619, "Actual Rows": 21556, "Actual Loops": 1, "Filter": "((p_name)::text ~~ 'green%'::text)", "Rows Removed by Filter": 1978444}, {"Node Type": "Index Scan", "Parent Relationship": "Inner", "Scan Direction": "Forward", "Index Name": "idx_partsupp_partkey", "Relation Name": "partsupp", "Alias": "partsupp", "Startup Cost": 0.0, "Total Cost": 7.01, "Plan Rows": 3, "Plan Width": 24, "Actual Startup Time": 122.212, "Actual Total Time": 172.391, "Actual Rows": 86224, "Actual Loops": 21556, "Index Cond": "(ps_partkey = part.p_partkey)", "Rows Removed by Index Recheck": 0}]}, {"Node Type": "Sort", "Parent Relationship": "Inner", "Startup Cost": 3208828.67, "Total Cost": 3231507.87, "Plan Rows": 9071680, "Plan Width": 24, "Actual Startup Time": 24895.638, "Actual Total Time": 26009.652, "Actual Rows": 5530092, "Actual Loops": 1, "Sort Key": ["subquery.\"?column?\""], "Sort Method": "quicksort", "Sort Space Used": 706866, "Sort Space Type": "Memory", "Plans": [{"Node Type": "Subquery Scan", "Parent Relationship": "Outer", "Alias": "subquery", "Startup Cost": 1956349.97, "Total Cost": 2160462.77, "Plan Rows": 9071680, "Plan Width": 24, "Actual Startup Time": 18552.752, "Actual Total Time": 22573.04, "Actual Rows": 5442751, "Actual Loops": 1, "Plans": [{"Node Type": "Aggregate", "Strategy": "Hashed", "Parent Relationship": "Subquery", "Startup Cost": 1956349.97, "Total Cost": 2069745.97, "Plan Rows": 9071680, "Plan Width": 40, "Actual Startup Time": 18552.75, "Actual Total Time": 21566.688, "Actual Rows": 5442751, "Actual Loops": 1, "Group By Key": ["lineitem.l_partkey", "lineitem.l_suppkey"], "Plans": [{"Node Type": "Bitmap Heap Scan", "Parent Relationship": "Outer", "Relation Name": "lineitem", "Alias": "lineitem", "Startup Cost": 314312.97, "Total Cost": 1865633.17, "Plan Rows": 9071680, "Plan Width": 24, "Actual Startup Time": 3596.823, "Actual Total Time": 11249.176, "Actual Rows": 9109641, "Actual Loops": 1, "Recheck Cond": "((l_shipdate >= '1993-01-01 00:00:00'::timestamp(0) without time zone) AND (l_shipdate < '1994-01-01 00:00:00'::timestamp without time zone)), (LLVM Optimized, Jit Execute)", "Rows Removed by Index Recheck": 0, "Exact Heap Blocks": 1252335, "Lossy Heap Blocks": 1252335, "Plans": [{"Node Type": "Bitmap Index Scan", "Parent Relationship": "Outer", "Index Name": "idx_lineitem_shipdate", "Startup Cost": 0.0, "Total Cost": 312045.05, "Plan Rows": 9071680, "Plan Width": 0, "Actual Startup Time": 3044.225, "Actual Total Time": 3044.225, "Actual Rows": 9109641, "Actual Loops": 1, "Index Cond": "((l_shipdate >= '1993-01-01 00:00:00'::timestamp(0) without time zone) AND (l_shipdate < '1994-01-01 00:00:00'::timestamp without time zone))"}]}]}]}]}]}]}]}]}, "Triggers": [], "Planner Runtime": 2, "Total Runtime": 78796.68, "Unique SQL Id": 202076520}}, "(64, 18)": {"explain_plan": {"Plan": {"Node Type": "Sort", "Startup Cost": 3696349.26, "Total Cost": 3696354.26, "Plan Rows": 2000, "Plan Width": 51, "Sort Key": ["supplier.s_name"], "Plans": [{"Node Type": "Nested Loop", "Parent Relationship": "Outer", "Join Type": "Semi", "Startup Cost": 3623063.44, "Total Cost": 3696239.6, "Plan Rows": 2000, "Plan Width": 51, "Inner Unique": false, "Join Filter": "(supplier.s_suppkey = subquery.\"?column?\")", "Plans": [{"Node Type": "Nested Loop", "Parent Relationship": "Outer", "Join Type": "Inner", "Startup Cost": 0.0, "Total Cost": 4534.31, "Plan Rows": 4000, "Plan Width": 59, "Inner Unique": false, "Join Filter": "(supplier.s_nationkey = nation.n_nationkey)", "Plans": [{"Node Type": "Seq Scan", "Parent Relationship": "Outer", "Relation Name": "nation", "Alias": "nation", "Startup Cost": 0.0, "Total Cost": 1.31, "Plan Rows": 1, "Plan Width": 4, "Filter": "(n_name = 'ALGERIA'::bpchar)"}, {"Node Type": "Seq Scan", "Parent Relationship": "Inner", "Relation Name": "supplier", "Alias": "supplier", "Startup Cost": 0.0, "Total Cost": 3283.0, "Plan Rows": 100000, "Plan Width": 63}]}, {"Node Type": "Materialize", "Parent Relationship": "Inner", "Startup Cost": 3623063.44, "Total Cost": 3691585.29, "Plan Rows": 2, "Plan Width": 16, "Plans": [{"Node Type": "Merge Join", "Parent Relationship": "Outer", "Join Type": "Inner", "Startup Cost": 3623063.44, "Total Cost": 3691585.28, "Plan Rows": 2, "Plan Width": 16, "Inner Unique": true, "Merge Cond": "((partsupp.ps_suppkey = subquery.\"?column?\") AND (partsupp.ps_partkey = subquery.\"?column?\"))", "Join Filter": "((partsupp.ps_availqty)::double precision > (.5::double precision * subquery.\"?column?\"))", "Plans": [{"Node Type": "Sort", "Parent Relationship": "Outer", "Startup Cost": 414234.76, "Total Cost": 414396.14, "Plan Rows": 64552, "Plan Width": 32, "Sort Key": ["partsupp.ps_suppkey", "partsupp.ps_partkey"], "Plans": [{"Node Type": "Nested Loop", "Parent Relationship": "Outer", "Join Type": "Inner", "Startup Cost": 3.19, "Total Cost": 409077.65, "Plan Rows": 64552, "Plan Width": 32, "Inner Unique": false, "Plans": [{"Node Type": "Seq Scan", "Parent Relationship": "Outer", "Relation Name": "part", "Alias": "part", "Startup Cost": 0.0, "Total Cost": 66944.0, "Plan Rows": 22472, "Plan Width": 8, "Filter": "((p_name)::text ~~ 'green%'::text)"}, {"Node Type": "Bitmap Heap Scan", "Parent Relationship": "Inner", "Relation Name": "partsupp", "Alias": "partsupp", "Startup Cost": 3.19, "Total Cost": 15.19, "Plan Rows": 3, "Plan Width": 24, "Recheck Cond": "(ps_partkey = part.p_partkey)", "Plans": [{"Node Type": "Bitmap Index Scan", "Parent Relationship": "Outer", "Index Name": "idx_partsupp_partkey", "Startup Cost": 0.0, "Total Cost": 3.19, "Plan Rows": 3, "Plan Width": 0, "Index Cond": "(ps_partkey = part.p_partkey)"}]}]}]}, {"Node Type": "Sort", "Parent Relationship": "Inner", "Startup Cost": 3208828.67, "Total Cost": 3231507.87, "Plan Rows": 9071680, "Plan Width": 24, "Sort Key": ["subquery.\"?column?\"", "subquery.\"?column?\""], "Plans": [{"Node Type": "Subquery Scan", "Parent Relationship": "Outer", "Alias": "subquery", "Startup Cost": 1956349.97, "Total Cost": 2160462.77, "Plan Rows": 9071680, "Plan Width": 24, "Plans": [{"Node Type": "Aggregate", "Strategy": "Hashed", "Parent Relationship": "Subquery", "Startup Cost": 1956349.97, "Total Cost": 2069745.97, "Plan Rows": 9071680, "Plan Width": 40, "Group By Key": ["lineitem.l_partkey", "lineitem.l_suppkey"], "Plans": [{"Node Type": "Bitmap Heap Scan", "Parent Relationship": "Outer", "Relation Name": "lineitem", "Alias": "lineitem", "Startup Cost": 314312.97, "Total Cost": 1865633.17, "Plan Rows": 9071680, "Plan Width": 24, "Recheck Cond": "((l_shipdate >= '1993-01-01 00:00:00'::timestamp(0) without time zone) AND (l_shipdate < '1994-01-01 00:00:00'::timestamp without time zone)), (LLVM Optimized)", "Plans": [{"Node Type": "Bitmap Index Scan", "Parent Relationship": "Outer", "Index Name": "idx_lineitem_shipdate", "Startup Cost": 0.0, "Total Cost": 312045.05, "Plan Rows": 9071680, "Plan Width": 0, "Index Cond": "((l_shipdate >= '1993-01-01 00:00:00'::timestamp(0) without time zone) AND (l_shipdate < '1994-01-01 00:00:00'::timestamp without time zone))"}]}]}]}]}]}]}]}]}, "Unique SQL Id": 202076520, "Planner Runtime": 3}, "explain_analyze_plan": {"Plan": {"Node Type": "Sort", "Startup Cost": 3696349.26, "Total Cost": 3696354.26, "Plan Rows": 2000, "Plan Width": 51, "Actual Startup Time": 81957.608, "Actual Total Time": 81957.759, "Actual Rows": 1746, "Actual Loops": 1, "Sort Key": ["supplier.s_name"], "Sort Method": "quicksort", "Sort Space Used": 309, "Sort Space Type": "Memory", "Plans": [{"Node Type": "Nested Loop", "Parent Relationship": "Outer", "Join Type": "Semi", "Startup Cost": 3623063.44, "Total Cost": 3696239.6, "Plan Rows": 2000, "Plan Width": 51, "Actual Startup Time": 30110.756, "Actual Total Time": 81950.282, "Actual Rows": 1746, "Actual Loops": 1, "Inner Unique": false, "Join Filter": "(supplier.s_suppkey = subquery.\"?column?\")", "Rows Removed by Join Filter": 178136880, "Plans": [{"Node Type": "Nested Loop", "Parent Relationship": "Outer", "Join Type": "Inner", "Startup Cost": 0.0, "Total Cost": 4534.31, "Plan Rows": 4000, "Plan Width": 59, "Actual Startup Time": 0.06, "Actual Total Time": 72.639, "Actual Rows": 3934, "Actual Loops": 1, "Inner Unique": false, "Join Filter": "(supplier.s_nationkey = nation.n_nationkey)", "Rows Removed by Join Filter": 96066, "Plans": [{"Node Type": "Seq Scan", "Parent Relationship": "Outer", "Relation Name": "nation", "Alias": "nation", "Startup Cost": 0.0, "Total Cost": 1.31, "Plan Rows": 1, "Plan Width": 4, "Actual Startup Time": 0.019, "Actual Total Time": 0.115, "Actual Rows": 1, "Actual Loops": 1, "Filter": "(n_name = 'ALGERIA'::bpchar)", "Rows Removed by Filter": 24}, {"Node Type": "Seq Scan", "Parent Relationship": "Inner", "Relation Name": "supplier", "Alias": "supplier", "Startup Cost": 0.0, "Total Cost": 3283.0, "Plan Rows": 100000, "Plan Width": 63, "Actual Startup Time": 0.025, "Actual Total Time": 42.795, "Actual Rows": 100000, "Actual Loops": 1}]}, {"Node Type": "Materialize", "Parent Relationship": "Inner", "Startup Cost": 3623063.44, "Total Cost": 3691585.29, "Plan Rows": 2, "Plan Width": 16, "Actual Startup Time": 28201.64, "Actual Total Time": 47857.597, "Actual Rows": 178138626, "Actual Loops": 3934, "Plans": [{"Node Type": "Merge Join", "Parent Relationship": "Outer", "Join Type": "Inner", "Startup Cost": 3623063.44, "Total Cost": 3691585.28, "Plan Rows": 2, "Plan Width": 16, "Actual Startup Time": 28201.0, "Actual Total Time": 30083.112, "Actual Rows": 58537, "Actual Loops": 1, "Inner Unique": true, "Merge Cond": "((partsupp.ps_suppkey = subquery.\"?column?\") AND (partsupp.ps_partkey = subquery.\"?column?\"))", "Join Filter": "((partsupp.ps_availqty)::double precision > (.5::double precision * subquery.\"?column?\"))", "Rows Removed by Join Filter": 0, "Plans": [{"Node Type": "Sort", "Parent Relationship": "Outer", "Startup Cost": 414234.76, "Total Cost": 414396.14, "Plan Rows": 64552, "Plan Width": 32, "Actual Startup Time": 1122.069, "Actual Total Time": 1142.9, "Actual Rows": 86224, "Actual Loops": 1, "Sort Key": ["partsupp.ps_suppkey", "partsupp.ps_partkey"], "Sort Method": "quicksort", "Sort Space Used": 11156, "Sort Space Type": "Memory", "Plans": [{"Node Type": "Nested Loop", "Parent Relationship": "Outer", "Join Type": "Inner", "Startup Cost": 3.19, "Total Cost": 409077.65, "Plan Rows": 64552, "Plan Width": 32, "Actual Startup Time": 0.053, "Actual Total Time": 1074.279, "Actual Rows": 86224, "Actual Loops": 1, "Inner Unique": false, "Plans": [{"Node Type": "Seq Scan", "Parent Relationship": "Outer", "Relation Name": "part", "Alias": "part", "Startup Cost": 0.0, "Total Cost": 66944.0, "Plan Rows": 22472, "Plan Width": 8, "Actual Startup Time": 0.025, "Actual Total Time": 802.505, "Actual Rows": 21556, "Actual Loops": 1, "Filter": "((p_name)::text ~~ 'green%'::text)", "Rows Removed by Filter": 1978444}, {"Node Type": "Bitmap Heap Scan", "Parent Relationship": "Inner", "Relation Name": "partsupp", "Alias": "partsupp", "Startup Cost": 3.19, "Total Cost": 15.19, "Plan Rows": 3, "Plan Width": 24, "Actual Startup Time": 211.703, "Actual Total Time": 228.462, "Actual Rows": 86224, "Actual Loops": 21556, "Recheck Cond": "(ps_partkey = part.p_partkey)", "Rows Removed by Index Recheck": 0, "Exact Heap Blocks": 23502, "Lossy Heap Blocks": 23502, "Plans": [{"Node Type": "Bitmap Index Scan", "Parent Relationship": "Outer", "Index Name": "idx_partsupp_partkey", "Startup Cost": 0.0, "Total Cost": 3.19, "Plan Rows": 3, "Plan Width": 0, "Actual Startup Time": 112.508, "Actual Total Time": 112.508, "Actual Rows": 86224, "Actual Loops": 21556, "Index Cond": "(ps_partkey = part.p_partkey)"}]}]}]}, {"Node Type": "Sort", "Parent Relationship": "Inner", "Startup Cost": 3208828.67, "Total Cost": 3231507.87, "Plan Rows": 9071680, "Plan Width": 24, "Actual Startup Time": 27078.75, "Actual Total Time": 28114.553, "Actual Rows": 5442737, "Actual Loops": 1, "Sort Key": ["subquery.\"?column?\"", "subquery.\"?column?\""], "Sort Method": "quicksort", "Sort Space Used": 706866, "Sort Space Type": "Memory", "Plans": [{"Node Type": "Subquery Scan", "Parent Relationship": "Outer", "Alias": "subquery", "Startup Cost": 1956349.97, "Total Cost": 2160462.77, "Plan Rows": 9071680, "Plan Width": 24, "Actual Startup Time": 18209.324, "Actual Total Time": 22570.195, "Actual Rows": 5442751, "Actual Loops": 1, "Plans": [{"Node Type": "Aggregate", "Strategy": "Hashed", "Parent Relationship": "Subquery", "Startup Cost": 1956349.97, "Total Cost": 2069745.97, "Plan Rows": 9071680, "Plan Width": 40, "Actual Startup Time": 18209.269, "Actual Total Time": 21532.551, "Actual Rows": 5442751, "Actual Loops": 1, "Group By Key": ["lineitem.l_partkey", "lineitem.l_suppkey"], "Plans": [{"Node Type": "Bitmap Heap Scan", "Parent Relationship": "Outer", "Relation Name": "lineitem", "Alias": "lineitem", "Startup Cost": 314312.97, "Total Cost": 1865633.17, "Plan Rows": 9071680, "Plan Width": 24, "Actual Startup Time": 3652.339, "Actual Total Time": 11460.187, "Actual Rows": 9109641, "Actual Loops": 1, "Recheck Cond": "((l_shipdate >= '1993-01-01 00:00:00'::timestamp(0) without time zone) AND (l_shipdate < '1994-01-01 00:00:00'::timestamp without time zone)), (LLVM Optimized, Jit Execute)", "Rows Removed by Index Recheck": 0, "Exact Heap Blocks": 1252335, "Lossy Heap Blocks": 1252335, "Plans": [{"Node Type": "Bitmap Index Scan", "Parent Relationship": "Outer", "Index Name": "idx_lineitem_shipdate", "Startup Cost": 0.0, "Total Cost": 312045.05, "Plan Rows": 9071680, "Plan Width": 0, "Actual Startup Time": 3010.954, "Actual Total Time": 3010.954, "Actual Rows": 9109641, "Actual Loops": 1, "Index Cond": "((l_shipdate >= '1993-01-01 00:00:00'::timestamp(0) without time zone) AND (l_shipdate < '1994-01-01 00:00:00'::timestamp without time zone))"}]}]}]}]}]}]}]}]}, "Triggers": [], "Planner Runtime": 2, "Total Runtime": 81969.412, "Unique SQL Id": 202076520}}, "(64, 19)": {"explain_plan": {"Plan": {"Node Type": "Sort", "Startup Cost": 41474309.17, "Total Cost": 41474314.17, "Plan Rows": 2000, "Plan Width": 51, "Sort Key": ["supplier.s_name"], "Plans": [{"Node Type": "Nested Loop", "Parent Relationship": "Outer", "Join Type": "Inner", "Startup Cost": 41260049.96, "Total Cost": 41474199.51, "Plan Rows": 2000, "Plan Width": 51, "Inner Unique": true, "Plans": [{"Node Type": "Nested Loop", "Parent Relationship": "Outer", "Join Type": "Inner", "Startup Cost": 41260049.7, "Total Cost": 41260058.01, "Plan Rows": 50000, "Plan Width": 55, "Inner Unique": true, "Plans": [{"Node Type": "Unique", "Parent Relationship": "Outer", "Startup Cost": 41260049.44, "Total Cost": 41260049.45, "Plan Rows": 2, "Plan Width": 16, "Plans": [{"Node Type": "Sort", "Parent Relationship": "Outer", "Startup Cost": 41260049.44, "Total Cost": 41260049.45, "Plan Rows": 2, "Plan Width": 16, "Sort Key": ["partsupp.ps_suppkey"], "Plans": [{"Node Type": "Nested Loop", "Parent Relationship": "Outer", "Join Type": "Semi", "Startup Cost": 1956350.51, "Total Cost": 41260049.43, "Plan Rows": 2, "Plan Width": 16, "Inner Unique": false, "Join Filter": "(partsupp.ps_partkey = part.p_partkey)", "Plans": [{"Node Type": "Nested Loop", "Parent Relationship": "Outer", "Join Type": "Inner", "Startup Cost": 1956350.25, "Total Cost": 41259981.09, "Plan Rows": 15, "Plan Width": 32, "Inner Unique": true, "Plans": [{"Node Type": "Aggregate", "Strategy": "Hashed", "Parent Relationship": "Outer", "Startup Cost": 1956349.97, "Total Cost": 2069745.97, "Plan Rows": 9071680, "Plan Width": 40, "Group By Key": ["lineitem.l_partkey", "lineitem.l_suppkey"], "Plans": [{"Node Type": "Bitmap Heap Scan", "Parent Relationship": "Outer", "Relation Name": "lineitem", "Alias": "lineitem", "Startup Cost": 314312.97, "Total Cost": 1865633.17, "Plan Rows": 9071680, "Plan Width": 24, "Recheck Cond": "((l_shipdate >= '1993-01-01 00:00:00'::timestamp(0) without time zone) AND (l_shipdate < '1994-01-01 00:00:00'::timestamp without time zone)), (LLVM Optimized)", "Plans": [{"Node Type": "Bitmap Index Scan", "Parent Relationship": "Outer", "Index Name": "idx_lineitem_shipdate", "Startup Cost": 0.0, "Total Cost": 312045.05, "Plan Rows": 9071680, "Plan Width": 0, "Index Cond": "((l_shipdate >= '1993-01-01 00:00:00'::timestamp(0) without time zone) AND (l_shipdate < '1994-01-01 00:00:00'::timestamp without time zone))"}]}]}, {"Node Type": "Bitmap Heap Scan", "Parent Relationship": "Inner", "Relation Name": "partsupp", "Alias": "partsupp", "Startup Cost": 0.28, "Total Cost": 4.3, "Plan Rows": 1, "Plan Width": 24, "Recheck Cond": "((ps_partkey = lineitem.l_partkey) AND (ps_suppkey = lineitem.l_suppkey))", "Filter": "((ps_availqty)::double precision > (.5::double precision * (sum(lineitem.l_quantity))))", "Plans": [{"Node Type": "Bitmap Index Scan", "Parent Relationship": "Outer", "Index Name": "partsupp_pkey", "Startup Cost": 0.0, "Total Cost": 0.28, "Plan Rows": 1, "Plan Width": 0, "Index Cond": "((ps_partkey = lineitem.l_partkey) AND (ps_suppkey = lineitem.l_suppkey))"}]}]}, {"Node Type": "Bitmap Heap Scan", "Parent Relationship": "Inner", "Relation Name": "part", "Alias": "part", "Startup Cost": 0.26, "Total Cost": 4.28, "Plan Rows": 1, "Plan Width": 8, "Recheck Cond": "(p_partkey = lineitem.l_partkey)", "Filter": "((p_name)::text ~~ 'green%'::text)", "Plans": [{"Node Type": "Bitmap Index Scan", "Parent Relationship": "Outer", "Index Name": "part_kpey", "Startup Cost": 0.0, "Total Cost": 0.26, "Plan Rows": 1, "Plan Width": 0, "Index Cond": "(p_partkey = lineitem.l_partkey)"}]}]}]}]}, {"Node Type": "Bitmap Heap Scan", "Parent Relationship": "Inner", "Relation Name": "supplier", "Alias": "supplier", "Startup Cost": 0.26, "Total Cost": 4.27, "Plan Rows": 1, "Plan Width": 63, "Recheck Cond": "(s_suppkey = lineitem.l_suppkey)", "Plans": [{"Node Type": "Bitmap Index Scan", "Parent Relationship": "Outer", "Index Name": "supplier_pkey", "Startup Cost": 0.0, "Total Cost": 0.26, "Plan Rows": 1, "Plan Width": 0, "Index Cond": "(s_suppkey = lineitem.l_suppkey)"}]}]}, {"Node Type": "Bitmap Heap Scan", "Parent Relationship": "Inner", "Relation Name": "nation", "Alias": "nation", "Startup Cost": 0.26, "Total Cost": 4.27, "Plan Rows": 1, "Plan Width": 4, "Recheck Cond": "(n_nationkey = supplier.s_nationkey)", "Filter": "(n_name = 'ALGERIA'::bpchar)", "Plans": [{"Node Type": "Bitmap Index Scan", "Parent Relationship": "Outer", "Index Name": "nation_pkey", "Startup Cost": 0.0, "Total Cost": 0.26, "Plan Rows": 1, "Plan Width": 0, "Index Cond": "(n_nationkey = supplier.s_nationkey)"}]}]}]}, "Unique SQL Id": 202076520, "Planner Runtime": 3}, "explain_analyze_plan": {"Plan": {"Node Type": "Sort", "Startup Cost": 41474309.17, "Total Cost": 41474314.17, "Plan Rows": 2000, "Plan Width": 51, "Actual Startup Time": 122895.801, "Actual Total Time": 122895.962, "Actual Rows": 1746, "Actual Loops": 1, "Sort Key": ["supplier.s_name"], "Sort Method": "quicksort", "Sort Space Used": 309, "Sort Space Type": "Memory", "Plans": [{"Node Type": "Nested Loop", "Parent Relationship": "Outer", "Join Type": "Inner", "Startup Cost": 41260049.96, "Total Cost": 41474199.51, "Plan Rows": 2000, "Plan Width": 51, "Actual Startup Time": 122484.703, "Actual Total Time": 122893.842, "Actual Rows": 1746, "Actual Loops": 1, "Inner Unique": true, "Plans": [{"Node Type": "Nested Loop", "Parent Relationship": "Outer", "Join Type": "Inner", "Startup Cost": 41260049.7, "Total Cost": 41260058.01, "Plan Rows": 50000, "Plan Width": 55, "Actual Startup Time": 122484.344, "Actual Total Time": 122721.997, "Actual Rows": 44487, "Actual Loops": 1, "Inner Unique": true, "Plans": [{"Node Type": "Unique", "Parent Relationship": "Outer", "Startup Cost": 41260049.44, "Total Cost": 41260049.45, "Plan Rows": 2, "Plan Width": 16, "Actual Startup Time": 122484.301, "Actual Total Time": 122514.18, "Actual Rows": 44487, "Actual Loops": 1, "Plans": [{"Node Type": "Sort", "Parent Relationship": "Outer", "Startup Cost": 41260049.44, "Total Cost": 41260049.45, "Plan Rows": 2, "Plan Width": 16, "Actual Startup Time": 122484.297, "Actual Total Time": 122495.718, "Actual Rows": 58537, "Actual Loops": 1, "Sort Key": ["partsupp.ps_suppkey"], "Sort Method": "quicksort", "Sort Space Used": 7024, "Sort Space Type": "Memory", "Plans": [{"Node Type": "Nested Loop", "Parent Relationship": "Outer", "Join Type": "Semi", "Startup Cost": 1956350.51, "Total Cost": 41260049.43, "Plan Rows": 2, "Plan Width": 16, "Actual Startup Time": 18667.862, "Actual Total Time": 122403.43, "Actual Rows": 58537, "Actual Loops": 1, "Inner Unique": false, "Join Filter": "(partsupp.ps_partkey = part.p_partkey)", "Rows Removed by Join Filter": 0, "Plans": [{"Node Type": "Nested Loop", "Parent Relationship": "Outer", "Join Type": "Inner", "Startup Cost": 1956350.25, "Total Cost": 41259981.09, "Plan Rows": 15, "Plan Width": 32, "Actual Startup Time": 18667.485, "Actual Total Time": 76318.413, "Actual Rows": 5431247, "Actual Loops": 1, "Inner Unique": true, "Plans": [{"Node Type": "Aggregate", "Strategy": "Hashed", "Parent Relationship": "Outer", "Startup Cost": 1956349.97, "Total Cost": 2069745.97, "Plan Rows": 9071680, "Plan Width": 40, "Actual Startup Time": 18667.332, "Actual Total Time": 23320.171, "Actual Rows": 5442751, "Actual Loops": 1, "Group By Key": ["lineitem.l_partkey", "lineitem.l_suppkey"], "Plans": [{"Node Type": "Bitmap Heap Scan", "Parent Relationship": "Outer", "Relation Name": "lineitem", "Alias": "lineitem", "Startup Cost": 314312.97, "Total Cost": 1865633.17, "Plan Rows": 9071680, "Plan Width": 24, "Actual Startup Time": 4229.766, "Actual Total Time": 11960.542, "Actual Rows": 9109641, "Actual Loops": 1, "Recheck Cond": "((l_shipdate >= '1993-01-01 00:00:00'::timestamp(0) without time zone) AND (l_shipdate < '1994-01-01 00:00:00'::timestamp without time zone)), (LLVM Optimized, Jit Execute)", "Rows Removed by Index Recheck": 0, "Exact Heap Blocks": 1252335, "Lossy Heap Blocks": 1252335, "Plans": [{"Node Type": "Bitmap Index Scan", "Parent Relationship": "Outer", "Index Name": "idx_lineitem_shipdate", "Startup Cost": 0.0, "Total Cost": 312045.05, "Plan Rows": 9071680, "Plan Width": 0, "Actual Startup Time": 3607.483, "Actual Total Time": 3607.483, "Actual Rows": 9109641, "Actual Loops": 1, "Index Cond": "((l_shipdate >= '1993-01-01 00:00:00'::timestamp(0) without time zone) AND (l_shipdate < '1994-01-01 00:00:00'::timestamp without time zone))"}]}]}, {"Node Type": "Bitmap Heap Scan", "Parent Relationship": "Inner", "Relation Name": "partsupp", "Alias": "partsupp", "Startup Cost": 0.28, "Total Cost": 4.3, "Plan Rows": 1, "Plan Width": 24, "Actual Startup Time": 45151.232, "Actual Total Time": 45151.232, "Actual Rows": 5431247, "Actual Loops": 5442751, "Recheck Cond": "((ps_partkey = lineitem.l_partkey) AND (ps_suppkey = lineitem.l_suppkey))", "Rows Removed by Index Recheck": 0, "Filter": "((ps_availqty)::double precision > (.5::double precision * (sum(lineitem.l_quantity))))", "Rows Removed by Filter": 11504, "Exact Heap Blocks": 5442751, "Lossy Heap Blocks": 5442751, "Plans": [{"Node Type": "Bitmap Index Scan", "Parent Relationship": "Outer", "Index Name": "partsupp_pkey", "Startup Cost": 0.0, "Total Cost": 0.28, "Plan Rows": 1, "Plan Width": 0, "Actual Startup Time": 27667.53, "Actual Total Time": 27667.53, "Actual Rows": 5442751, "Actual Loops": 5442751, "Index Cond": "((ps_partkey = lineitem.l_partkey) AND (ps_suppkey = lineitem.l_suppkey))"}]}]}, {"Node Type": "Bitmap Heap Scan", "Parent Relationship": "Inner", "Relation Name": "part", "Alias": "part", "Startup Cost": 0.26, "Total Cost": 4.28, "Plan Rows": 1, "Plan Width": 8, "Actual Startup Time": 39761.268, "Actual Total Time": 39761.268, "Actual Rows": 58537, "Actual Loops": 5431247, "Recheck Cond": "(p_partkey = lineitem.l_partkey)", "Rows Removed by Index Recheck": 0, "Filter": "((p_name)::text ~~ 'green%'::text)", "Rows Removed by Filter": 5372710, "Exact Heap Blocks": 5431247, "Lossy Heap Blocks": 5431247, "Plans": [{"Node Type": "Bitmap Index Scan", "Parent Relationship": "Outer", "Index Name": "part_kpey", "Startup Cost": 0.0, "Total Cost": 0.26, "Plan Rows": 1, "Plan Width": 0, "Actual Startup Time": 23528.84, "Actual Total Time": 23528.84, "Actual Rows": 5431247, "Actual Loops": 5431247, "Index Cond": "(p_partkey = lineitem.l_partkey)"}]}]}]}]}, {"Node Type": "Bitmap Heap Scan", "Parent Relationship": "Inner", "Relation Name": "supplier", "Alias": "supplier", "Startup Cost": 0.26, "Total Cost": 4.27, "Plan Rows": 1, "Plan Width": 63, "Actual Startup Time": 147.97, "Actual Total Time": 147.97, "Actual Rows": 44487, "Actual Loops": 44487, "Recheck Cond": "(s_suppkey = lineitem.l_suppkey)", "Rows Removed by Index Recheck": 0, "Exact Heap Blocks": 44487, "Lossy Heap Blocks": 44487, "Plans": [{"Node Type": "Bitmap Index Scan", "Parent Relationship": "Outer", "Index Name": "supplier_pkey", "Startup Cost": 0.0, "Total Cost": 0.26, "Plan Rows": 1, "Plan Width": 0, "Actual Startup Time": 82.176, "Actual Total Time": 82.176, "Actual Rows": 44487, "Actual Loops": 44487, "Index Cond": "(s_suppkey = lineitem.l_suppkey)"}]}]}, {"Node Type": "Bitmap Heap Scan", "Parent Relationship": "Inner", "Relation Name": "nation", "Alias": "nation", "Startup Cost": 0.26, "Total Cost": 4.27, "Plan Rows": 1, "Plan Width": 4, "Actual Startup Time": 121.742, "Actual Total Time": 121.742, "Actual Rows": 1746, "Actual Loops": 44487, "Recheck Cond": "(n_nationkey = supplier.s_nationkey)", "Rows Removed by Index Recheck": 0, "Filter": "(n_name = 'ALGERIA'::bpchar)", "Rows Removed by Filter": 42741, "Exact Heap Blocks": 44487, "Lossy Heap Blocks": 44487, "Plans": [{"Node Type": "Bitmap Index Scan", "Parent Relationship": "Outer", "Index Name": "nation_pkey", "Startup Cost": 0.0, "Total Cost": 0.26, "Plan Rows": 1, "Plan Width": 0, "Actual Startup Time": 45.415, "Actual Total Time": 45.415, "Actual Rows": 44487, "Actual Loops": 44487, "Index Cond": "(n_nationkey = supplier.s_nationkey)"}]}]}]}, "Triggers": [], "Planner Runtime": 2, "Total Runtime": 122906.738, "Unique SQL Id": 202076520}}, "(64, 20)": {"explain_plan": {"Plan": {"Node Type": "Sort", "Startup Cost": 3512344.14, "Total Cost": 3512349.14, "Plan Rows": 2000, "Plan Width": 51, "Sort Key": ["supplier.s_name"], "Plans": [{"Node Type": "Nested Loop", "Parent Relationship": "Outer", "Join Type": "Semi", "Startup Cost": 3439058.32, "Total Cost": 3512234.48, "Plan Rows": 2000, "Plan Width": 51, "Inner Unique": false, "Join Filter": "(supplier.s_suppkey = subquery.\"?column?\")", "Plans": [{"Node Type": "Nested Loop", "Parent Relationship": "Outer", "Join Type": "Inner", "Startup Cost": 0.0, "Total Cost": 4534.31, "Plan Rows": 4000, "Plan Width": 59, "Inner Unique": false, "Join Filter": "(supplier.s_nationkey = nation.n_nationkey)", "Plans": [{"Node Type": "Seq Scan", "Parent Relationship": "Outer", "Relation Name": "nation", "Alias": "nation", "Startup Cost": 0.0, "Total Cost": 1.31, "Plan Rows": 1, "Plan Width": 4, "Filter": "(n_name = 'ALGERIA'::bpchar)"}, {"Node Type": "Seq Scan", "Parent Relationship": "Inner", "Relation Name": "supplier", "Alias": "supplier", "Startup Cost": 0.0, "Total Cost": 3283.0, "Plan Rows": 100000, "Plan Width": 63}]}, {"Node Type": "Materialize", "Parent Relationship": "Inner", "Startup Cost": 3439058.32, "Total Cost": 3507580.17, "Plan Rows": 2, "Plan Width": 16, "Plans": [{"Node Type": "Merge Join", "Parent Relationship": "Outer", "Join Type": "Inner", "Startup Cost": 3439058.32, "Total Cost": 3507580.16, "Plan Rows": 2, "Plan Width": 16, "Inner Unique": true, "Merge Cond": "((partsupp.ps_suppkey = subquery.\"?column?\") AND (partsupp.ps_partkey = subquery.\"?column?\"))", "Join Filter": "((partsupp.ps_availqty)::double precision > (.5::double precision * subquery.\"?column?\"))", "Plans": [{"Node Type": "Sort", "Parent Relationship": "Outer", "Startup Cost": 230229.65, "Total Cost": 230391.03, "Plan Rows": 64552, "Plan Width": 32, "Sort Key": ["partsupp.ps_suppkey", "partsupp.ps_partkey"], "Plans": [{"Node Type": "Nested Loop", "Parent Relationship": "Outer", "Join Type": "Inner", "Startup Cost": 0.0, "Total Cost": 225072.53, "Plan Rows": 64552, "Plan Width": 32, "Inner Unique": false, "Plans": [{"Node Type": "Seq Scan", "Parent Relationship": "Outer", "Relation Name": "part", "Alias": "part", "Startup Cost": 0.0, "Total Cost": 66944.0, "Plan Rows": 22472, "Plan Width": 8, "Filter": "((p_name)::text ~~ 'green%'::text)"}, {"Node Type": "Index Scan", "Parent Relationship": "Inner", "Scan Direction": "Forward", "Index Name": "idx_partsupp_partkey", "Relation Name": "partsupp", "Alias": "partsupp", "Startup Cost": 0.0, "Total Cost": 7.01, "Plan Rows": 3, "Plan Width": 24, "Index Cond": "(ps_partkey = part.p_partkey)"}]}]}, {"Node Type": "Sort", "Parent Relationship": "Inner", "Startup Cost": 3208828.67, "Total Cost": 3231507.87, "Plan Rows": 9071680, "Plan Width": 24, "Sort Key": ["subquery.\"?column?\"", "subquery.\"?column?\""], "Plans": [{"Node Type": "Subquery Scan", "Parent Relationship": "Outer", "Alias": "subquery", "Startup Cost": 1956349.97, "Total Cost": 2160462.77, "Plan Rows": 9071680, "Plan Width": 24, "Plans": [{"Node Type": "Aggregate", "Strategy": "Hashed", "Parent Relationship": "Subquery", "Startup Cost": 1956349.97, "Total Cost": 2069745.97, "Plan Rows": 9071680, "Plan Width": 40, "Group By Key": ["lineitem.l_partkey", "lineitem.l_suppkey"], "Plans": [{"Node Type": "Bitmap Heap Scan", "Parent Relationship": "Outer", "Relation Name": "lineitem", "Alias": "lineitem", "Startup Cost": 314312.97, "Total Cost": 1865633.17, "Plan Rows": 9071680, "Plan Width": 24, "Recheck Cond": "((l_shipdate >= '1993-01-01 00:00:00'::timestamp(0) without time zone) AND (l_shipdate < '1994-01-01 00:00:00'::timestamp without time zone)), (LLVM Optimized)", "Plans": [{"Node Type": "Bitmap Index Scan", "Parent Relationship": "Outer", "Index Name": "idx_lineitem_shipdate", "Startup Cost": 0.0, "Total Cost": 312045.05, "Plan Rows": 9071680, "Plan Width": 0, "Index Cond": "((l_shipdate >= '1993-01-01 00:00:00'::timestamp(0) without time zone) AND (l_shipdate < '1994-01-01 00:00:00'::timestamp without time zone))"}]}]}]}]}]}]}]}]}, "Unique SQL Id": 202076520, "Planner Runtime": 2}, "explain_analyze_plan": {"Plan": {"Node Type": "Sort", "Startup Cost": 3512344.14, "Total Cost": 3512349.14, "Plan Rows": 2000, "Plan Width": 51, "Actual Startup Time": 83083.741, "Actual Total Time": 83083.897, "Actual Rows": 1746, "Actual Loops": 1, "Sort Key": ["supplier.s_name"], "Sort Method": "quicksort", "Sort Space Used": 309, "Sort Space Type": "Memory", "Plans": [{"Node Type": "Nested Loop", "Parent Relationship": "Outer", "Join Type": "Semi", "Startup Cost": 3439058.32, "Total Cost": 3512234.48, "Plan Rows": 2000, "Plan Width": 51, "Actual Startup Time": 31229.122, "Actual Total Time": 83076.267, "Actual Rows": 1746, "Actual Loops": 1, "Inner Unique": false, "Join Filter": "(supplier.s_suppkey = subquery.\"?column?\")", "Rows Removed by Join Filter": 178136880, "Plans": [{"Node Type": "Nested Loop", "Parent Relationship": "Outer", "Join Type": "Inner", "Startup Cost": 0.0, "Total Cost": 4534.31, "Plan Rows": 4000, "Plan Width": 59, "Actual Startup Time": 0.061, "Actual Total Time": 73.693, "Actual Rows": 3934, "Actual Loops": 1, "Inner Unique": false, "Join Filter": "(supplier.s_nationkey = nation.n_nationkey)", "Rows Removed by Join Filter": 96066, "Plans": [{"Node Type": "Seq Scan", "Parent Relationship": "Outer", "Relation Name": "nation", "Alias": "nation", "Startup Cost": 0.0, "Total Cost": 1.31, "Plan Rows": 1, "Plan Width": 4, "Actual Startup Time": 0.019, "Actual Total Time": 0.138, "Actual Rows": 1, "Actual Loops": 1, "Filter": "(n_name = 'ALGERIA'::bpchar)", "Rows Removed by Filter": 24}, {"Node Type": "Seq Scan", "Parent Relationship": "Inner", "Relation Name": "supplier", "Alias": "supplier", "Startup Cost": 0.0, "Total Cost": 3283.0, "Plan Rows": 100000, "Plan Width": 63, "Actual Startup Time": 0.026, "Actual Total Time": 44.204, "Actual Rows": 100000, "Actual Loops": 1}]}, {"Node Type": "Materialize", "Parent Relationship": "Inner", "Startup Cost": 3439058.32, "Total Cost": 3507580.17, "Plan Rows": 2, "Plan Width": 16, "Actual Startup Time": 29281.547, "Actual Total Time": 48950.337, "Actual Rows": 178138626, "Actual Loops": 3934, "Plans": [{"Node Type": "Merge Join", "Parent Relationship": "Outer", "Join Type": "Inner", "Startup Cost": 3439058.32, "Total Cost": 3507580.16, "Plan Rows": 2, "Plan Width": 16, "Actual Startup Time": 29280.822, "Actual Total Time": 31201.361, "Actual Rows": 58537, "Actual Loops": 1, "Inner Unique": true, "Merge Cond": "((partsupp.ps_suppkey = subquery.\"?column?\") AND (partsupp.ps_partkey = subquery.\"?column?\"))", "Join Filter": "((partsupp.ps_availqty)::double precision > (.5::double precision * subquery.\"?column?\"))", "Rows Removed by Join Filter": 0, "Plans": [{"Node Type": "Sort", "Parent Relationship": "Outer", "Startup Cost": 230229.65, "Total Cost": 230391.03, "Plan Rows": 64552, "Plan Width": 32, "Actual Startup Time": 1108.632, "Actual Total Time": 1130.417, "Actual Rows": 86224, "Actual Loops": 1, "Sort Key": ["partsupp.ps_suppkey", "partsupp.ps_partkey"], "Sort Method": "quicksort", "Sort Space Used": 11156, "Sort Space Type": "Memory", "Plans": [{"Node Type": "Nested Loop", "Parent Relationship": "Outer", "Join Type": "Inner", "Startup Cost": 0.0, "Total Cost": 225072.53, "Plan Rows": 64552, "Plan Width": 32, "Actual Startup Time": 0.044, "Actual Total Time": 1060.066, "Actual Rows": 86224, "Actual Loops": 1, "Inner Unique": false, "Plans": [{"Node Type": "Seq Scan", "Parent Relationship": "Outer", "Relation Name": "part", "Alias": "part", "Startup Cost": 0.0, "Total Cost": 66944.0, "Plan Rows": 22472, "Plan Width": 8, "Actual Startup Time": 0.026, "Actual Total Time": 811.888, "Actual Rows": 21556, "Actual Loops": 1, "Filter": "((p_name)::text ~~ 'green%'::text)", "Rows Removed by Filter": 1978444}, {"Node Type": "Index Scan", "Parent Relationship": "Inner", "Scan Direction": "Forward", "Index Name": "idx_partsupp_partkey", "Relation Name": "partsupp", "Alias": "partsupp", "Startup Cost": 0.0, "Total Cost": 7.01, "Plan Rows": 3, "Plan Width": 24, "Actual Startup Time": 166.891, "Actual Total Time": 218.06, "Actual Rows": 86224, "Actual Loops": 21556, "Index Cond": "(ps_partkey = part.p_partkey)", "Rows Removed by Index Recheck": 0}]}]}, {"Node Type": "Sort", "Parent Relationship": "Inner", "Startup Cost": 3208828.67, "Total Cost": 3231507.87, "Plan Rows": 9071680, "Plan Width": 24, "Actual Startup Time": 28171.913, "Actual Total Time": 29247.715, "Actual Rows": 5442737, "Actual Loops": 1, "Sort Key": ["subquery.\"?column?\"", "subquery.\"?column?\""], "Sort Method": "quicksort", "Sort Space Used": 706866, "Sort Space Type": "Memory", "Plans": [{"Node Type": "Subquery Scan", "Parent Relationship": "Outer", "Alias": "subquery", "Startup Cost": 1956349.97, "Total Cost": 2160462.77, "Plan Rows": 9071680, "Plan Width": 24, "Actual Startup Time": 18412.295, "Actual Total Time": 23387.598, "Actual Rows": 5442751, "Actual Loops": 1, "Plans": [{"Node Type": "Aggregate", "Strategy": "Hashed", "Parent Relationship": "Subquery", "Startup Cost": 1956349.97, "Total Cost": 2069745.97, "Plan Rows": 9071680, "Plan Width": 40, "Actual Startup Time": 18412.283, "Actual Total Time": 22376.167, "Actual Rows": 5442751, "Actual Loops": 1, "Group By Key": ["lineitem.l_partkey", "lineitem.l_suppkey"], "Plans": [{"Node Type": "Bitmap Heap Scan", "Parent Relationship": "Outer", "Relation Name": "lineitem", "Alias": "lineitem", "Startup Cost": 314312.97, "Total Cost": 1865633.17, "Plan Rows": 9071680, "Plan Width": 24, "Actual Startup Time": 3932.773, "Actual Total Time": 11755.24, "Actual Rows": 9109641, "Actual Loops": 1, "Recheck Cond": "((l_shipdate >= '1993-01-01 00:00:00'::timestamp(0) without time zone) AND (l_shipdate < '1994-01-01 00:00:00'::timestamp without time zone)), (LLVM Optimized, Jit Execute)", "Rows Removed by Index Recheck": 0, "Exact Heap Blocks": 1252335, "Lossy Heap Blocks": 1252335, "Plans": [{"Node Type": "Bitmap Index Scan", "Parent Relationship": "Outer", "Index Name": "idx_lineitem_shipdate", "Startup Cost": 0.0, "Total Cost": 312045.05, "Plan Rows": 9071680, "Plan Width": 0, "Actual Startup Time": 3348.254, "Actual Total Time": 3348.254, "Actual Rows": 9109641, "Actual Loops": 1, "Index Cond": "((l_shipdate >= '1993-01-01 00:00:00'::timestamp(0) without time zone) AND (l_shipdate < '1994-01-01 00:00:00'::timestamp without time zone))"}]}]}]}]}]}]}]}]}, "Triggers": [], "Planner Runtime": 2, "Total Runtime": 83095.342, "Unique SQL Id": 202076520}}, "(64, 21)": {"explain_plan": {"Plan": {"Node Type": "Sort", "Startup Cost": 3531947.57, "Total Cost": 3531952.57, "Plan Rows": 2000, "Plan Width": 51, "Sort Key": ["supplier.s_name"], "Plans": [{"Node Type": "Nested Loop", "Parent Relationship": "Outer", "Join Type": "Semi", "Startup Cost": 3208828.67, "Total Cost": 3531837.91, "Plan Rows": 2000, "Plan Width": 51, "Inner Unique": false, "Join Filter": "(supplier.s_suppkey = subquery.\"?column?\")", "Plans": [{"Node Type": "Nested Loop", "Parent Relationship": "Outer", "Join Type": "Inner", "Startup Cost": 0.0, "Total Cost": 6597.23, "Plan Rows": 4000, "Plan Width": 59, "Inner Unique": false, "Join Filter": "(supplier.s_nationkey = nation.n_nationkey)", "Plans": [{"Node Type": "Index Scan", "Parent Relationship": "Outer", "Scan Direction": "Forward", "Index Name": "nation_pkey", "Relation Name": "nation", "Alias": "nation", "Startup Cost": 0.0, "Total Cost": 12.69, "Plan Rows": 1, "Plan Width": 4, "Filter": "(n_name = 'ALGERIA'::bpchar)"}, {"Node Type": "Index Scan", "Parent Relationship": "Inner", "Scan Direction": "Forward", "Index Name": "supplier_pkey", "Relation Name": "supplier", "Alias": "supplier", "Startup Cost": 0.0, "Total Cost": 5334.54, "Plan Rows": 100000, "Plan Width": 63}]}, {"Node Type": "Materialize", "Parent Relationship": "Inner", "Startup Cost": 3208828.67, "Total Cost": 3525120.68, "Plan Rows": 2, "Plan Width": 16, "Plans": [{"Node Type": "Merge Join", "Parent Relationship": "Outer", "Join Type": "Inner", "Startup Cost": 3208828.67, "Total Cost": 3525120.67, "Plan Rows": 2, "Plan Width": 16, "Inner Unique": true, "Merge Cond": "(partsupp.ps_partkey = subquery.\"?column?\")", "Join Filter": "((partsupp.ps_suppkey = subquery.\"?column?\") AND ((partsupp.ps_availqty)::double precision > (.5::double precision * subquery.\"?column?\")))", "Plans": [{"Node Type": "Nested Loop", "Parent Relationship": "Outer", "Join Type": "Inner", "Startup Cost": 0.0, "Total Cost": 263931.78, "Plan Rows": 64552, "Plan Width": 32, "Inner Unique": false, "Plans": [{"Node Type": "Index Scan", "Parent Relationship": "Outer", "Scan Direction": "Forward", "Index Name": "part_kpey", "Relation Name": "part", "Alias": "part", "Startup Cost": 0.0, "Total Cost": 105803.25, "Plan Rows": 22472, "Plan Width": 8, "Filter": "((p_name)::text ~~ 'green%'::text)"}, {"Node Type": "Index Scan", "Parent Relationship": "Inner", "Scan Direction": "Forward", "Index Name": "idx_partsupp_partkey", "Relation Name": "partsupp", "Alias": "partsupp", "Startup Cost": 0.0, "Total Cost": 7.01, "Plan Rows": 3, "Plan Width": 24, "Index Cond": "(ps_partkey = part.p_partkey)"}]}, {"Node Type": "Sort", "Parent Relationship": "Inner", "Startup Cost": 3208828.67, "Total Cost": 3231507.87, "Plan Rows": 9071680, "Plan Width": 24, "Sort Key": ["subquery.\"?column?\""], "Plans": [{"Node Type": "Subquery Scan", "Parent Relationship": "Outer", "Alias": "subquery", "Startup Cost": 1956349.97, "Total Cost": 2160462.77, "Plan Rows": 9071680, "Plan Width": 24, "Plans": [{"Node Type": "Aggregate", "Strategy": "Hashed", "Parent Relationship": "Subquery", "Startup Cost": 1956349.97, "Total Cost": 2069745.97, "Plan Rows": 9071680, "Plan Width": 40, "Group By Key": ["lineitem.l_partkey", "lineitem.l_suppkey"], "Plans": [{"Node Type": "Bitmap Heap Scan", "Parent Relationship": "Outer", "Relation Name": "lineitem", "Alias": "lineitem", "Startup Cost": 314312.97, "Total Cost": 1865633.17, "Plan Rows": 9071680, "Plan Width": 24, "Recheck Cond": "((l_shipdate >= '1993-01-01 00:00:00'::timestamp(0) without time zone) AND (l_shipdate < '1994-01-01 00:00:00'::timestamp without time zone)), (LLVM Optimized)", "Plans": [{"Node Type": "Bitmap Index Scan", "Parent Relationship": "Outer", "Index Name": "idx_lineitem_shipdate", "Startup Cost": 0.0, "Total Cost": 312045.05, "Plan Rows": 9071680, "Plan Width": 0, "Index Cond": "((l_shipdate >= '1993-01-01 00:00:00'::timestamp(0) without time zone) AND (l_shipdate < '1994-01-01 00:00:00'::timestamp without time zone))"}]}]}]}]}]}]}]}]}, "Unique SQL Id": 202076520, "Planner Runtime": 2}, "explain_analyze_plan": {"Plan": {"Node Type": "Sort", "Startup Cost": 3531947.57, "Total Cost": 3531952.57, "Plan Rows": 2000, "Plan Width": 51, "Actual Startup Time": 78784.46, "Actual Total Time": 78784.614, "Actual Rows": 1746, "Actual Loops": 1, "Sort Key": ["supplier.s_name"], "Sort Method": "quicksort", "Sort Space Used": 309, "Sort Space Type": "Memory", "Plans": [{"Node Type": "Nested Loop", "Parent Relationship": "Outer", "Join Type": "Semi", "Startup Cost": 3208828.67, "Total Cost": 3531837.91, "Plan Rows": 2000, "Plan Width": 51, "Actual Startup Time": 28339.708, "Actual Total Time": 78779.388, "Actual Rows": 1746, "Actual Loops": 1, "Inner Unique": false, "Join Filter": "(supplier.s_suppkey = subquery.\"?column?\")", "Rows Removed by Join Filter": 172948128, "Plans": [{"Node Type": "Nested Loop", "Parent Relationship": "Outer", "Join Type": "Inner", "Startup Cost": 0.0, "Total Cost": 6597.23, "Plan Rows": 4000, "Plan Width": 59, "Actual Startup Time": 0.066, "Actual Total Time": 98.808, "Actual Rows": 3934, "Actual Loops": 1, "Inner Unique": false, "Join Filter": "(supplier.s_nationkey = nation.n_nationkey)", "Rows Removed by Join Filter": 96066, "Plans": [{"Node Type": "Index Scan", "Parent Relationship": "Outer", "Scan Direction": "Forward", "Index Name": "nation_pkey", "Relation Name": "nation", "Alias": "nation", "Startup Cost": 0.0, "Total Cost": 12.69, "Plan Rows": 1, "Plan Width": 4, "Actual Startup Time": 0.021, "Actual Total Time": 0.067, "Actual Rows": 1, "Actual Loops": 1, "Filter": "(n_name = 'ALGERIA'::bpchar)", "Rows Removed by Filter": 24}, {"Node Type": "Index Scan", "Parent Relationship": "Inner", "Scan Direction": "Forward", "Index Name": "supplier_pkey", "Relation Name": "supplier", "Alias": "supplier", "Startup Cost": 0.0, "Total Cost": 5334.54, "Plan Rows": 100000, "Plan Width": 63, "Actual Startup Time": 0.022, "Actual Total Time": 70.704, "Actual Rows": 100000, "Actual Loops": 1}]}, {"Node Type": "Materialize", "Parent Relationship": "Inner", "Startup Cost": 3208828.67, "Total Cost": 3525120.68, "Plan Rows": 2, "Plan Width": 16, "Actual Startup Time": 24897.053, "Actual Total Time": 45598.154, "Actual Rows": 172949874, "Actual Loops": 3934, "Plans": [{"Node Type": "Merge Join", "Parent Relationship": "Outer", "Join Type": "Inner", "Startup Cost": 3208828.67, "Total Cost": 3525120.67, "Plan Rows": 2, "Plan Width": 16, "Actual Startup Time": 24896.265, "Actual Total Time": 28298.173, "Actual Rows": 58537, "Actual Loops": 1, "Inner Unique": true, "Merge Cond": "(partsupp.ps_partkey = subquery.\"?column?\")", "Join Filter": "((partsupp.ps_suppkey = subquery.\"?column?\") AND ((partsupp.ps_availqty)::double precision > (.5::double precision * subquery.\"?column?\")))", "Rows Removed by Join Filter": 0, "Plans": [{"Node Type": "Nested Loop", "Parent Relationship": "Outer", "Join Type": "Inner", "Startup Cost": 0.0, "Total Cost": 263931.78, "Plan Rows": 64552, "Plan Width": 32, "Actual Startup Time": 0.05, "Actual Total Time": 1502.591, "Actual Rows": 86224, "Actual Loops": 1, "Inner Unique": false, "Plans": [{"Node Type": "Index Scan", "Parent Relationship": "Outer", "Scan Direction": "Forward", "Index Name": "part_kpey", "Relation Name": "part", "Alias": "part", "Startup Cost": 0.0, "Total Cost": 105803.25, "Plan Rows": 22472, "Plan Width": 8, "Actual Startup Time": 0.04, "Actual Total Time": 1296.619, "Actual Rows": 21556, "Actual Loops": 1, "Filter": "((p_name)::text ~~ 'green%'::text)", "Rows Removed by Filter": 1978444}, {"Node Type": "Index Scan", "Parent Relationship": "Inner", "Scan Direction": "Forward", "Index Name": "idx_partsupp_partkey", "Relation Name": "partsupp", "Alias": "partsupp", "Startup Cost": 0.0, "Total Cost": 7.01, "Plan Rows": 3, "Plan Width": 24, "Actual Startup Time": 122.212, "Actual Total Time": 172.391, "Actual Rows": 86224, "Actual Loops": 21556, "Index Cond": "(ps_partkey = part.p_partkey)", "Rows Removed by Index Recheck": 0}]}, {"Node Type": "Sort", "Parent Relationship": "Inner", "Startup Cost": 3208828.67, "Total Cost": 3231507.87, "Plan Rows": 9071680, "Plan Width": 24, "Actual Startup Time": 24895.638, "Actual Total Time": 26009.652, "Actual Rows": 5530092, "Actual Loops": 1, "Sort Key": ["subquery.\"?column?\""], "Sort Method": "quicksort", "Sort Space Used": 706866, "Sort Space Type": "Memory", "Plans": [{"Node Type": "Subquery Scan", "Parent Relationship": "Outer", "Alias": "subquery", "Startup Cost": 1956349.97, "Total Cost": 2160462.77, "Plan Rows": 9071680, "Plan Width": 24, "Actual Startup Time": 18552.752, "Actual Total Time": 22573.04, "Actual Rows": 5442751, "Actual Loops": 1, "Plans": [{"Node Type": "Aggregate", "Strategy": "Hashed", "Parent Relationship": "Subquery", "Startup Cost": 1956349.97, "Total Cost": 2069745.97, "Plan Rows": 9071680, "Plan Width": 40, "Actual Startup Time": 18552.75, "Actual Total Time": 21566.688, "Actual Rows": 5442751, "Actual Loops": 1, "Group By Key": ["lineitem.l_partkey", "lineitem.l_suppkey"], "Plans": [{"Node Type": "Bitmap Heap Scan", "Parent Relationship": "Outer", "Relation Name": "lineitem", "Alias": "lineitem", "Startup Cost": 314312.97, "Total Cost": 1865633.17, "Plan Rows": 9071680, "Plan Width": 24, "Actual Startup Time": 3596.823, "Actual Total Time": 11249.176, "Actual Rows": 9109641, "Actual Loops": 1, "Recheck Cond": "((l_shipdate >= '1993-01-01 00:00:00'::timestamp(0) without time zone) AND (l_shipdate < '1994-01-01 00:00:00'::timestamp without time zone)), (LLVM Optimized, Jit Execute)", "Rows Removed by Index Recheck": 0, "Exact Heap Blocks": 1252335, "Lossy Heap Blocks": 1252335, "Plans": [{"Node Type": "Bitmap Index Scan", "Parent Relationship": "Outer", "Index Name": "idx_lineitem_shipdate", "Startup Cost": 0.0, "Total Cost": 312045.05, "Plan Rows": 9071680, "Plan Width": 0, "Actual Startup Time": 3044.225, "Actual Total Time": 3044.225, "Actual Rows": 9109641, "Actual Loops": 1, "Index Cond": "((l_shipdate >= '1993-01-01 00:00:00'::timestamp(0) without time zone) AND (l_shipdate < '1994-01-01 00:00:00'::timestamp without time zone))"}]}]}]}]}]}]}]}]}, "Triggers": [], "Planner Runtime": 2, "Total Runtime": 78796.68, "Unique SQL Id": 202076520}}, "(64, 22)": {"explain_plan": {"Plan": {"Node Type": "Sort", "Startup Cost": 3696349.26, "Total Cost": 3696354.26, "Plan Rows": 2000, "Plan Width": 51, "Sort Key": ["supplier.s_name"], "Plans": [{"Node Type": "Nested Loop", "Parent Relationship": "Outer", "Join Type": "Semi", "Startup Cost": 3623063.44, "Total Cost": 3696239.6, "Plan Rows": 2000, "Plan Width": 51, "Inner Unique": false, "Join Filter": "(supplier.s_suppkey = subquery.\"?column?\")", "Plans": [{"Node Type": "Nested Loop", "Parent Relationship": "Outer", "Join Type": "Inner", "Startup Cost": 0.0, "Total Cost": 4534.31, "Plan Rows": 4000, "Plan Width": 59, "Inner Unique": false, "Join Filter": "(supplier.s_nationkey = nation.n_nationkey)", "Plans": [{"Node Type": "Seq Scan", "Parent Relationship": "Outer", "Relation Name": "nation", "Alias": "nation", "Startup Cost": 0.0, "Total Cost": 1.31, "Plan Rows": 1, "Plan Width": 4, "Filter": "(n_name = 'ALGERIA'::bpchar)"}, {"Node Type": "Seq Scan", "Parent Relationship": "Inner", "Relation Name": "supplier", "Alias": "supplier", "Startup Cost": 0.0, "Total Cost": 3283.0, "Plan Rows": 100000, "Plan Width": 63}]}, {"Node Type": "Materialize", "Parent Relationship": "Inner", "Startup Cost": 3623063.44, "Total Cost": 3691585.29, "Plan Rows": 2, "Plan Width": 16, "Plans": [{"Node Type": "Merge Join", "Parent Relationship": "Outer", "Join Type": "Inner", "Startup Cost": 3623063.44, "Total Cost": 3691585.28, "Plan Rows": 2, "Plan Width": 16, "Inner Unique": true, "Merge Cond": "((partsupp.ps_suppkey = subquery.\"?column?\") AND (partsupp.ps_partkey = subquery.\"?column?\"))", "Join Filter": "((partsupp.ps_availqty)::double precision > (.5::double precision * subquery.\"?column?\"))", "Plans": [{"Node Type": "Sort", "Parent Relationship": "Outer", "Startup Cost": 414234.76, "Total Cost": 414396.14, "Plan Rows": 64552, "Plan Width": 32, "Sort Key": ["partsupp.ps_suppkey", "partsupp.ps_partkey"], "Plans": [{"Node Type": "Nested Loop", "Parent Relationship": "Outer", "Join Type": "Inner", "Startup Cost": 3.19, "Total Cost": 409077.65, "Plan Rows": 64552, "Plan Width": 32, "Inner Unique": false, "Plans": [{"Node Type": "Seq Scan", "Parent Relationship": "Outer", "Relation Name": "part", "Alias": "part", "Startup Cost": 0.0, "Total Cost": 66944.0, "Plan Rows": 22472, "Plan Width": 8, "Filter": "((p_name)::text ~~ 'green%'::text)"}, {"Node Type": "Bitmap Heap Scan", "Parent Relationship": "Inner", "Relation Name": "partsupp", "Alias": "partsupp", "Startup Cost": 3.19, "Total Cost": 15.19, "Plan Rows": 3, "Plan Width": 24, "Recheck Cond": "(ps_partkey = part.p_partkey)", "Plans": [{"Node Type": "Bitmap Index Scan", "Parent Relationship": "Outer", "Index Name": "idx_partsupp_partkey", "Startup Cost": 0.0, "Total Cost": 3.19, "Plan Rows": 3, "Plan Width": 0, "Index Cond": "(ps_partkey = part.p_partkey)"}]}]}]}, {"Node Type": "Sort", "Parent Relationship": "Inner", "Startup Cost": 3208828.67, "Total Cost": 3231507.87, "Plan Rows": 9071680, "Plan Width": 24, "Sort Key": ["subquery.\"?column?\"", "subquery.\"?column?\""], "Plans": [{"Node Type": "Subquery Scan", "Parent Relationship": "Outer", "Alias": "subquery", "Startup Cost": 1956349.97, "Total Cost": 2160462.77, "Plan Rows": 9071680, "Plan Width": 24, "Plans": [{"Node Type": "Aggregate", "Strategy": "Hashed", "Parent Relationship": "Subquery", "Startup Cost": 1956349.97, "Total Cost": 2069745.97, "Plan Rows": 9071680, "Plan Width": 40, "Group By Key": ["lineitem.l_partkey", "lineitem.l_suppkey"], "Plans": [{"Node Type": "Bitmap Heap Scan", "Parent Relationship": "Outer", "Relation Name": "lineitem", "Alias": "lineitem", "Startup Cost": 314312.97, "Total Cost": 1865633.17, "Plan Rows": 9071680, "Plan Width": 24, "Recheck Cond": "((l_shipdate >= '1993-01-01 00:00:00'::timestamp(0) without time zone) AND (l_shipdate < '1994-01-01 00:00:00'::timestamp without time zone)), (LLVM Optimized)", "Plans": [{"Node Type": "Bitmap Index Scan", "Parent Relationship": "Outer", "Index Name": "idx_lineitem_shipdate", "Startup Cost": 0.0, "Total Cost": 312045.05, "Plan Rows": 9071680, "Plan Width": 0, "Index Cond": "((l_shipdate >= '1993-01-01 00:00:00'::timestamp(0) without time zone) AND (l_shipdate < '1994-01-01 00:00:00'::timestamp without time zone))"}]}]}]}]}]}]}]}]}, "Unique SQL Id": 202076520, "Planner Runtime": 2}, "explain_analyze_plan": {"Plan": {"Node Type": "Sort", "Startup Cost": 3696349.26, "Total Cost": 3696354.26, "Plan Rows": 2000, "Plan Width": 51, "Actual Startup Time": 81957.608, "Actual Total Time": 81957.759, "Actual Rows": 1746, "Actual Loops": 1, "Sort Key": ["supplier.s_name"], "Sort Method": "quicksort", "Sort Space Used": 309, "Sort Space Type": "Memory", "Plans": [{"Node Type": "Nested Loop", "Parent Relationship": "Outer", "Join Type": "Semi", "Startup Cost": 3623063.44, "Total Cost": 3696239.6, "Plan Rows": 2000, "Plan Width": 51, "Actual Startup Time": 30110.756, "Actual Total Time": 81950.282, "Actual Rows": 1746, "Actual Loops": 1, "Inner Unique": false, "Join Filter": "(supplier.s_suppkey = subquery.\"?column?\")", "Rows Removed by Join Filter": 178136880, "Plans": [{"Node Type": "Nested Loop", "Parent Relationship": "Outer", "Join Type": "Inner", "Startup Cost": 0.0, "Total Cost": 4534.31, "Plan Rows": 4000, "Plan Width": 59, "Actual Startup Time": 0.06, "Actual Total Time": 72.639, "Actual Rows": 3934, "Actual Loops": 1, "Inner Unique": false, "Join Filter": "(supplier.s_nationkey = nation.n_nationkey)", "Rows Removed by Join Filter": 96066, "Plans": [{"Node Type": "Seq Scan", "Parent Relationship": "Outer", "Relation Name": "nation", "Alias": "nation", "Startup Cost": 0.0, "Total Cost": 1.31, "Plan Rows": 1, "Plan Width": 4, "Actual Startup Time": 0.019, "Actual Total Time": 0.115, "Actual Rows": 1, "Actual Loops": 1, "Filter": "(n_name = 'ALGERIA'::bpchar)", "Rows Removed by Filter": 24}, {"Node Type": "Seq Scan", "Parent Relationship": "Inner", "Relation Name": "supplier", "Alias": "supplier", "Startup Cost": 0.0, "Total Cost": 3283.0, "Plan Rows": 100000, "Plan Width": 63, "Actual Startup Time": 0.025, "Actual Total Time": 42.795, "Actual Rows": 100000, "Actual Loops": 1}]}, {"Node Type": "Materialize", "Parent Relationship": "Inner", "Startup Cost": 3623063.44, "Total Cost": 3691585.29, "Plan Rows": 2, "Plan Width": 16, "Actual Startup Time": 28201.64, "Actual Total Time": 47857.597, "Actual Rows": 178138626, "Actual Loops": 3934, "Plans": [{"Node Type": "Merge Join", "Parent Relationship": "Outer", "Join Type": "Inner", "Startup Cost": 3623063.44, "Total Cost": 3691585.28, "Plan Rows": 2, "Plan Width": 16, "Actual Startup Time": 28201.0, "Actual Total Time": 30083.112, "Actual Rows": 58537, "Actual Loops": 1, "Inner Unique": true, "Merge Cond": "((partsupp.ps_suppkey = subquery.\"?column?\") AND (partsupp.ps_partkey = subquery.\"?column?\"))", "Join Filter": "((partsupp.ps_availqty)::double precision > (.5::double precision * subquery.\"?column?\"))", "Rows Removed by Join Filter": 0, "Plans": [{"Node Type": "Sort", "Parent Relationship": "Outer", "Startup Cost": 414234.76, "Total Cost": 414396.14, "Plan Rows": 64552, "Plan Width": 32, "Actual Startup Time": 1122.069, "Actual Total Time": 1142.9, "Actual Rows": 86224, "Actual Loops": 1, "Sort Key": ["partsupp.ps_suppkey", "partsupp.ps_partkey"], "Sort Method": "quicksort", "Sort Space Used": 11156, "Sort Space Type": "Memory", "Plans": [{"Node Type": "Nested Loop", "Parent Relationship": "Outer", "Join Type": "Inner", "Startup Cost": 3.19, "Total Cost": 409077.65, "Plan Rows": 64552, "Plan Width": 32, "Actual Startup Time": 0.053, "Actual Total Time": 1074.279, "Actual Rows": 86224, "Actual Loops": 1, "Inner Unique": false, "Plans": [{"Node Type": "Seq Scan", "Parent Relationship": "Outer", "Relation Name": "part", "Alias": "part", "Startup Cost": 0.0, "Total Cost": 66944.0, "Plan Rows": 22472, "Plan Width": 8, "Actual Startup Time": 0.025, "Actual Total Time": 802.505, "Actual Rows": 21556, "Actual Loops": 1, "Filter": "((p_name)::text ~~ 'green%'::text)", "Rows Removed by Filter": 1978444}, {"Node Type": "Bitmap Heap Scan", "Parent Relationship": "Inner", "Relation Name": "partsupp", "Alias": "partsupp", "Startup Cost": 3.19, "Total Cost": 15.19, "Plan Rows": 3, "Plan Width": 24, "Actual Startup Time": 211.703, "Actual Total Time": 228.462, "Actual Rows": 86224, "Actual Loops": 21556, "Recheck Cond": "(ps_partkey = part.p_partkey)", "Rows Removed by Index Recheck": 0, "Exact Heap Blocks": 23502, "Lossy Heap Blocks": 23502, "Plans": [{"Node Type": "Bitmap Index Scan", "Parent Relationship": "Outer", "Index Name": "idx_partsupp_partkey", "Startup Cost": 0.0, "Total Cost": 3.19, "Plan Rows": 3, "Plan Width": 0, "Actual Startup Time": 112.508, "Actual Total Time": 112.508, "Actual Rows": 86224, "Actual Loops": 21556, "Index Cond": "(ps_partkey = part.p_partkey)"}]}]}]}, {"Node Type": "Sort", "Parent Relationship": "Inner", "Startup Cost": 3208828.67, "Total Cost": 3231507.87, "Plan Rows": 9071680, "Plan Width": 24, "Actual Startup Time": 27078.75, "Actual Total Time": 28114.553, "Actual Rows": 5442737, "Actual Loops": 1, "Sort Key": ["subquery.\"?column?\"", "subquery.\"?column?\""], "Sort Method": "quicksort", "Sort Space Used": 706866, "Sort Space Type": "Memory", "Plans": [{"Node Type": "Subquery Scan", "Parent Relationship": "Outer", "Alias": "subquery", "Startup Cost": 1956349.97, "Total Cost": 2160462.77, "Plan Rows": 9071680, "Plan Width": 24, "Actual Startup Time": 18209.324, "Actual Total Time": 22570.195, "Actual Rows": 5442751, "Actual Loops": 1, "Plans": [{"Node Type": "Aggregate", "Strategy": "Hashed", "Parent Relationship": "Subquery", "Startup Cost": 1956349.97, "Total Cost": 2069745.97, "Plan Rows": 9071680, "Plan Width": 40, "Actual Startup Time": 18209.269, "Actual Total Time": 21532.551, "Actual Rows": 5442751, "Actual Loops": 1, "Group By Key": ["lineitem.l_partkey", "lineitem.l_suppkey"], "Plans": [{"Node Type": "Bitmap Heap Scan", "Parent Relationship": "Outer", "Relation Name": "lineitem", "Alias": "lineitem", "Startup Cost": 314312.97, "Total Cost": 1865633.17, "Plan Rows": 9071680, "Plan Width": 24, "Actual Startup Time": 3652.339, "Actual Total Time": 11460.187, "Actual Rows": 9109641, "Actual Loops": 1, "Recheck Cond": "((l_shipdate >= '1993-01-01 00:00:00'::timestamp(0) without time zone) AND (l_shipdate < '1994-01-01 00:00:00'::timestamp without time zone)), (LLVM Optimized, Jit Execute)", "Rows Removed by Index Recheck": 0, "Exact Heap Blocks": 1252335, "Lossy Heap Blocks": 1252335, "Plans": [{"Node Type": "Bitmap Index Scan", "Parent Relationship": "Outer", "Index Name": "idx_lineitem_shipdate", "Startup Cost": 0.0, "Total Cost": 312045.05, "Plan Rows": 9071680, "Plan Width": 0, "Actual Startup Time": 3010.954, "Actual Total Time": 3010.954, "Actual Rows": 9109641, "Actual Loops": 1, "Index Cond": "((l_shipdate >= '1993-01-01 00:00:00'::timestamp(0) without time zone) AND (l_shipdate < '1994-01-01 00:00:00'::timestamp without time zone))"}]}]}]}]}]}]}]}]}, "Triggers": [], "Planner Runtime": 2, "Total Runtime": 81969.412, "Unique SQL Id": 202076520}}, "(64, 23)": {"explain_plan": {"Plan": {"Node Type": "Sort", "Startup Cost": 41474309.17, "Total Cost": 41474314.17, "Plan Rows": 2000, "Plan Width": 51, "Sort Key": ["supplier.s_name"], "Plans": [{"Node Type": "Nested Loop", "Parent Relationship": "Outer", "Join Type": "Inner", "Startup Cost": 41260049.96, "Total Cost": 41474199.51, "Plan Rows": 2000, "Plan Width": 51, "Inner Unique": true, "Plans": [{"Node Type": "Nested Loop", "Parent Relationship": "Outer", "Join Type": "Inner", "Startup Cost": 41260049.7, "Total Cost": 41260058.01, "Plan Rows": 50000, "Plan Width": 55, "Inner Unique": true, "Plans": [{"Node Type": "Unique", "Parent Relationship": "Outer", "Startup Cost": 41260049.44, "Total Cost": 41260049.45, "Plan Rows": 2, "Plan Width": 16, "Plans": [{"Node Type": "Sort", "Parent Relationship": "Outer", "Startup Cost": 41260049.44, "Total Cost": 41260049.45, "Plan Rows": 2, "Plan Width": 16, "Sort Key": ["partsupp.ps_suppkey"], "Plans": [{"Node Type": "Nested Loop", "Parent Relationship": "Outer", "Join Type": "Semi", "Startup Cost": 1956350.51, "Total Cost": 41260049.43, "Plan Rows": 2, "Plan Width": 16, "Inner Unique": false, "Join Filter": "(partsupp.ps_partkey = part.p_partkey)", "Plans": [{"Node Type": "Nested Loop", "Parent Relationship": "Outer", "Join Type": "Inner", "Startup Cost": 1956350.25, "Total Cost": 41259981.09, "Plan Rows": 15, "Plan Width": 32, "Inner Unique": true, "Plans": [{"Node Type": "Aggregate", "Strategy": "Hashed", "Parent Relationship": "Outer", "Startup Cost": 1956349.97, "Total Cost": 2069745.97, "Plan Rows": 9071680, "Plan Width": 40, "Group By Key": ["lineitem.l_partkey", "lineitem.l_suppkey"], "Plans": [{"Node Type": "Bitmap Heap Scan", "Parent Relationship": "Outer", "Relation Name": "lineitem", "Alias": "lineitem", "Startup Cost": 314312.97, "Total Cost": 1865633.17, "Plan Rows": 9071680, "Plan Width": 24, "Recheck Cond": "((l_shipdate >= '1993-01-01 00:00:00'::timestamp(0) without time zone) AND (l_shipdate < '1994-01-01 00:00:00'::timestamp without time zone)), (LLVM Optimized)", "Plans": [{"Node Type": "Bitmap Index Scan", "Parent Relationship": "Outer", "Index Name": "idx_lineitem_shipdate", "Startup Cost": 0.0, "Total Cost": 312045.05, "Plan Rows": 9071680, "Plan Width": 0, "Index Cond": "((l_shipdate >= '1993-01-01 00:00:00'::timestamp(0) without time zone) AND (l_shipdate < '1994-01-01 00:00:00'::timestamp without time zone))"}]}]}, {"Node Type": "Bitmap Heap Scan", "Parent Relationship": "Inner", "Relation Name": "partsupp", "Alias": "partsupp", "Startup Cost": 0.28, "Total Cost": 4.3, "Plan Rows": 1, "Plan Width": 24, "Recheck Cond": "((ps_partkey = lineitem.l_partkey) AND (ps_suppkey = lineitem.l_suppkey))", "Filter": "((ps_availqty)::double precision > (.5::double precision * (sum(lineitem.l_quantity))))", "Plans": [{"Node Type": "Bitmap Index Scan", "Parent Relationship": "Outer", "Index Name": "partsupp_pkey", "Startup Cost": 0.0, "Total Cost": 0.28, "Plan Rows": 1, "Plan Width": 0, "Index Cond": "((ps_partkey = lineitem.l_partkey) AND (ps_suppkey = lineitem.l_suppkey))"}]}]}, {"Node Type": "Bitmap Heap Scan", "Parent Relationship": "Inner", "Relation Name": "part", "Alias": "part", "Startup Cost": 0.26, "Total Cost": 4.28, "Plan Rows": 1, "Plan Width": 8, "Recheck Cond": "(p_partkey = lineitem.l_partkey)", "Filter": "((p_name)::text ~~ 'green%'::text)", "Plans": [{"Node Type": "Bitmap Index Scan", "Parent Relationship": "Outer", "Index Name": "part_kpey", "Startup Cost": 0.0, "Total Cost": 0.26, "Plan Rows": 1, "Plan Width": 0, "Index Cond": "(p_partkey = lineitem.l_partkey)"}]}]}]}]}, {"Node Type": "Bitmap Heap Scan", "Parent Relationship": "Inner", "Relation Name": "supplier", "Alias": "supplier", "Startup Cost": 0.26, "Total Cost": 4.27, "Plan Rows": 1, "Plan Width": 63, "Recheck Cond": "(s_suppkey = lineitem.l_suppkey)", "Plans": [{"Node Type": "Bitmap Index Scan", "Parent Relationship": "Outer", "Index Name": "supplier_pkey", "Startup Cost": 0.0, "Total Cost": 0.26, "Plan Rows": 1, "Plan Width": 0, "Index Cond": "(s_suppkey = lineitem.l_suppkey)"}]}]}, {"Node Type": "Bitmap Heap Scan", "Parent Relationship": "Inner", "Relation Name": "nation", "Alias": "nation", "Startup Cost": 0.26, "Total Cost": 4.27, "Plan Rows": 1, "Plan Width": 4, "Recheck Cond": "(n_nationkey = supplier.s_nationkey)", "Filter": "(n_name = 'ALGERIA'::bpchar)", "Plans": [{"Node Type": "Bitmap Index Scan", "Parent Relationship": "Outer", "Index Name": "nation_pkey", "Startup Cost": 0.0, "Total Cost": 0.26, "Plan Rows": 1, "Plan Width": 0, "Index Cond": "(n_nationkey = supplier.s_nationkey)"}]}]}]}, "Unique SQL Id": 202076520, "Planner Runtime": 2}, "explain_analyze_plan": {"Plan": {"Node Type": "Sort", "Startup Cost": 41474309.17, "Total Cost": 41474314.17, "Plan Rows": 2000, "Plan Width": 51, "Actual Startup Time": 122895.801, "Actual Total Time": 122895.962, "Actual Rows": 1746, "Actual Loops": 1, "Sort Key": ["supplier.s_name"], "Sort Method": "quicksort", "Sort Space Used": 309, "Sort Space Type": "Memory", "Plans": [{"Node Type": "Nested Loop", "Parent Relationship": "Outer", "Join Type": "Inner", "Startup Cost": 41260049.96, "Total Cost": 41474199.51, "Plan Rows": 2000, "Plan Width": 51, "Actual Startup Time": 122484.703, "Actual Total Time": 122893.842, "Actual Rows": 1746, "Actual Loops": 1, "Inner Unique": true, "Plans": [{"Node Type": "Nested Loop", "Parent Relationship": "Outer", "Join Type": "Inner", "Startup Cost": 41260049.7, "Total Cost": 41260058.01, "Plan Rows": 50000, "Plan Width": 55, "Actual Startup Time": 122484.344, "Actual Total Time": 122721.997, "Actual Rows": 44487, "Actual Loops": 1, "Inner Unique": true, "Plans": [{"Node Type": "Unique", "Parent Relationship": "Outer", "Startup Cost": 41260049.44, "Total Cost": 41260049.45, "Plan Rows": 2, "Plan Width": 16, "Actual Startup Time": 122484.301, "Actual Total Time": 122514.18, "Actual Rows": 44487, "Actual Loops": 1, "Plans": [{"Node Type": "Sort", "Parent Relationship": "Outer", "Startup Cost": 41260049.44, "Total Cost": 41260049.45, "Plan Rows": 2, "Plan Width": 16, "Actual Startup Time": 122484.297, "Actual Total Time": 122495.718, "Actual Rows": 58537, "Actual Loops": 1, "Sort Key": ["partsupp.ps_suppkey"], "Sort Method": "quicksort", "Sort Space Used": 7024, "Sort Space Type": "Memory", "Plans": [{"Node Type": "Nested Loop", "Parent Relationship": "Outer", "Join Type": "Semi", "Startup Cost": 1956350.51, "Total Cost": 41260049.43, "Plan Rows": 2, "Plan Width": 16, "Actual Startup Time": 18667.862, "Actual Total Time": 122403.43, "Actual Rows": 58537, "Actual Loops": 1, "Inner Unique": false, "Join Filter": "(partsupp.ps_partkey = part.p_partkey)", "Rows Removed by Join Filter": 0, "Plans": [{"Node Type": "Nested Loop", "Parent Relationship": "Outer", "Join Type": "Inner", "Startup Cost": 1956350.25, "Total Cost": 41259981.09, "Plan Rows": 15, "Plan Width": 32, "Actual Startup Time": 18667.485, "Actual Total Time": 76318.413, "Actual Rows": 5431247, "Actual Loops": 1, "Inner Unique": true, "Plans": [{"Node Type": "Aggregate", "Strategy": "Hashed", "Parent Relationship": "Outer", "Startup Cost": 1956349.97, "Total Cost": 2069745.97, "Plan Rows": 9071680, "Plan Width": 40, "Actual Startup Time": 18667.332, "Actual Total Time": 23320.171, "Actual Rows": 5442751, "Actual Loops": 1, "Group By Key": ["lineitem.l_partkey", "lineitem.l_suppkey"], "Plans": [{"Node Type": "Bitmap Heap Scan", "Parent Relationship": "Outer", "Relation Name": "lineitem", "Alias": "lineitem", "Startup Cost": 314312.97, "Total Cost": 1865633.17, "Plan Rows": 9071680, "Plan Width": 24, "Actual Startup Time": 4229.766, "Actual Total Time": 11960.542, "Actual Rows": 9109641, "Actual Loops": 1, "Recheck Cond": "((l_shipdate >= '1993-01-01 00:00:00'::timestamp(0) without time zone) AND (l_shipdate < '1994-01-01 00:00:00'::timestamp without time zone)), (LLVM Optimized, Jit Execute)", "Rows Removed by Index Recheck": 0, "Exact Heap Blocks": 1252335, "Lossy Heap Blocks": 1252335, "Plans": [{"Node Type": "Bitmap Index Scan", "Parent Relationship": "Outer", "Index Name": "idx_lineitem_shipdate", "Startup Cost": 0.0, "Total Cost": 312045.05, "Plan Rows": 9071680, "Plan Width": 0, "Actual Startup Time": 3607.483, "Actual Total Time": 3607.483, "Actual Rows": 9109641, "Actual Loops": 1, "Index Cond": "((l_shipdate >= '1993-01-01 00:00:00'::timestamp(0) without time zone) AND (l_shipdate < '1994-01-01 00:00:00'::timestamp without time zone))"}]}]}, {"Node Type": "Bitmap Heap Scan", "Parent Relationship": "Inner", "Relation Name": "partsupp", "Alias": "partsupp", "Startup Cost": 0.28, "Total Cost": 4.3, "Plan Rows": 1, "Plan Width": 24, "Actual Startup Time": 45151.232, "Actual Total Time": 45151.232, "Actual Rows": 5431247, "Actual Loops": 5442751, "Recheck Cond": "((ps_partkey = lineitem.l_partkey) AND (ps_suppkey = lineitem.l_suppkey))", "Rows Removed by Index Recheck": 0, "Filter": "((ps_availqty)::double precision > (.5::double precision * (sum(lineitem.l_quantity))))", "Rows Removed by Filter": 11504, "Exact Heap Blocks": 5442751, "Lossy Heap Blocks": 5442751, "Plans": [{"Node Type": "Bitmap Index Scan", "Parent Relationship": "Outer", "Index Name": "partsupp_pkey", "Startup Cost": 0.0, "Total Cost": 0.28, "Plan Rows": 1, "Plan Width": 0, "Actual Startup Time": 27667.53, "Actual Total Time": 27667.53, "Actual Rows": 5442751, "Actual Loops": 5442751, "Index Cond": "((ps_partkey = lineitem.l_partkey) AND (ps_suppkey = lineitem.l_suppkey))"}]}]}, {"Node Type": "Bitmap Heap Scan", "Parent Relationship": "Inner", "Relation Name": "part", "Alias": "part", "Startup Cost": 0.26, "Total Cost": 4.28, "Plan Rows": 1, "Plan Width": 8, "Actual Startup Time": 39761.268, "Actual Total Time": 39761.268, "Actual Rows": 58537, "Actual Loops": 5431247, "Recheck Cond": "(p_partkey = lineitem.l_partkey)", "Rows Removed by Index Recheck": 0, "Filter": "((p_name)::text ~~ 'green%'::text)", "Rows Removed by Filter": 5372710, "Exact Heap Blocks": 5431247, "Lossy Heap Blocks": 5431247, "Plans": [{"Node Type": "Bitmap Index Scan", "Parent Relationship": "Outer", "Index Name": "part_kpey", "Startup Cost": 0.0, "Total Cost": 0.26, "Plan Rows": 1, "Plan Width": 0, "Actual Startup Time": 23528.84, "Actual Total Time": 23528.84, "Actual Rows": 5431247, "Actual Loops": 5431247, "Index Cond": "(p_partkey = lineitem.l_partkey)"}]}]}]}]}, {"Node Type": "Bitmap Heap Scan", "Parent Relationship": "Inner", "Relation Name": "supplier", "Alias": "supplier", "Startup Cost": 0.26, "Total Cost": 4.27, "Plan Rows": 1, "Plan Width": 63, "Actual Startup Time": 147.97, "Actual Total Time": 147.97, "Actual Rows": 44487, "Actual Loops": 44487, "Recheck Cond": "(s_suppkey = lineitem.l_suppkey)", "Rows Removed by Index Recheck": 0, "Exact Heap Blocks": 44487, "Lossy Heap Blocks": 44487, "Plans": [{"Node Type": "Bitmap Index Scan", "Parent Relationship": "Outer", "Index Name": "supplier_pkey", "Startup Cost": 0.0, "Total Cost": 0.26, "Plan Rows": 1, "Plan Width": 0, "Actual Startup Time": 82.176, "Actual Total Time": 82.176, "Actual Rows": 44487, "Actual Loops": 44487, "Index Cond": "(s_suppkey = lineitem.l_suppkey)"}]}]}, {"Node Type": "Bitmap Heap Scan", "Parent Relationship": "Inner", "Relation Name": "nation", "Alias": "nation", "Startup Cost": 0.26, "Total Cost": 4.27, "Plan Rows": 1, "Plan Width": 4, "Actual Startup Time": 121.742, "Actual Total Time": 121.742, "Actual Rows": 1746, "Actual Loops": 44487, "Recheck Cond": "(n_nationkey = supplier.s_nationkey)", "Rows Removed by Index Recheck": 0, "Filter": "(n_name = 'ALGERIA'::bpchar)", "Rows Removed by Filter": 42741, "Exact Heap Blocks": 44487, "Lossy Heap Blocks": 44487, "Plans": [{"Node Type": "Bitmap Index Scan", "Parent Relationship": "Outer", "Index Name": "nation_pkey", "Startup Cost": 0.0, "Total Cost": 0.26, "Plan Rows": 1, "Plan Width": 0, "Actual Startup Time": 45.415, "Actual Total Time": 45.415, "Actual Rows": 44487, "Actual Loops": 44487, "Index Cond": "(n_nationkey = supplier.s_nationkey)"}]}]}]}, "Triggers": [], "Planner Runtime": 2, "Total Runtime": 122906.738, "Unique SQL Id": 202076520}}, "(64, 24)": {"explain_plan": {"Plan": {"Node Type": "Sort", "Startup Cost": 3961761.46, "Total Cost": 3961766.46, "Plan Rows": 2000, "Plan Width": 51, "Sort Key": ["supplier.s_name"], "Plans": [{"Node Type": "Nested Loop", "Parent Relationship": "Outer", "Join Type": "Semi", "Startup Cost": 3888475.64, "Total Cost": 3961651.81, "Plan Rows": 2000, "Plan Width": 51, "Inner Unique": false, "Join Filter": "(supplier.s_suppkey = subquery.\"?column?\")", "Plans": [{"Node Type": "Nested Loop", "Parent Relationship": "Outer", "Join Type": "Inner", "Startup Cost": 0.0, "Total Cost": 4534.31, "Plan Rows": 4000, "Plan Width": 59, "Inner Unique": false, "Join Filter": "(supplier.s_nationkey = nation.n_nationkey)", "Plans": [{"Node Type": "Seq Scan", "Parent Relationship": "Outer", "Relation Name": "nation", "Alias": "nation", "Startup Cost": 0.0, "Total Cost": 1.31, "Plan Rows": 1, "Plan Width": 4, "Filter": "(n_name = 'ALGERIA'::bpchar)"}, {"Node Type": "Seq Scan", "Parent Relationship": "Inner", "Relation Name": "supplier", "Alias": "supplier", "Startup Cost": 0.0, "Total Cost": 3283.0, "Plan Rows": 100000, "Plan Width": 63}]}, {"Node Type": "Materialize", "Parent Relationship": "Inner", "Startup Cost": 3888475.64, "Total Cost": 3956997.5, "Plan Rows": 2, "Plan Width": 16, "Plans": [{"Node Type": "Merge Join", "Parent Relationship": "Outer", "Join Type": "Inner", "Startup Cost": 3888475.64, "Total Cost": 3956997.49, "Plan Rows": 2, "Plan Width": 16, "Inner Unique": true, "Merge Cond": "((partsupp.ps_suppkey = subquery.\"?column?\") AND (partsupp.ps_partkey = subquery.\"?column?\"))", "Join Filter": "((partsupp.ps_availqty)::double precision > (.5::double precision * subquery.\"?column?\"))", "Plans": [{"Node Type": "Sort", "Parent Relationship": "Outer", "Startup Cost": 230229.65, "Total Cost": 230391.03, "Plan Rows": 64552, "Plan Width": 32, "Sort Key": ["partsupp.ps_suppkey", "partsupp.ps_partkey"], "Plans": [{"Node Type": "Nested Loop", "Parent Relationship": "Outer", "Join Type": "Inner", "Startup Cost": 0.0, "Total Cost": 225072.53, "Plan Rows": 64552, "Plan Width": 32, "Inner Unique": false, "Plans": [{"Node Type": "Seq Scan", "Parent Relationship": "Outer", "Relation Name": "part", "Alias": "part", "Startup Cost": 0.0, "Total Cost": 66944.0, "Plan Rows": 22472, "Plan Width": 8, "Filter": "((p_name)::text ~~ 'green%'::text)"}, {"Node Type": "Index Scan", "Parent Relationship": "Inner", "Scan Direction": "Forward", "Index Name": "idx_partsupp_partkey", "Relation Name": "partsupp", "Alias": "partsupp", "Startup Cost": 0.0, "Total Cost": 7.01, "Plan Rows": 3, "Plan Width": 24, "Index Cond": "(ps_partkey = part.p_partkey)"}]}]}, {"Node Type": "Sort", "Parent Relationship": "Inner", "Startup Cost": 3658246.0, "Total Cost": 3680925.2, "Plan Rows": 9071680, "Plan Width": 24, "Sort Key": ["subquery.\"?column?\"", "subquery.\"?column?\""], "Plans": [{"Node Type": "Subquery Scan", "Parent Relationship": "Outer", "Alias": "subquery", "Startup Cost": 2405767.29, "Total Cost": 2609880.09, "Plan Rows": 9071680, "Plan Width": 24, "Plans": [{"Node Type": "Aggregate", "Strategy": "Hashed", "Parent Relationship": "Subquery", "Startup Cost": 2405767.29, "Total Cost": 2519163.29, "Plan Rows": 9071680, "Plan Width": 40, "Group By Key": ["lineitem.l_partkey", "lineitem.l_suppkey"], "Plans": [{"Node Type": "Seq Scan", "Parent Relationship": "Outer", "Relation Name": "lineitem", "Alias": "lineitem", "Startup Cost": 119.57, "Total Cost": 2315050.5, "Plan Rows": 9071680, "Plan Width": 24, "Filter": "((l_shipdate >= '1993-01-01 00:00:00'::timestamp(0) without time zone) AND (l_shipdate < '1994-01-01 00:00:00'::timestamp without time zone)), (LLVM Optimized)"}]}]}]}]}]}]}]}, "Unique SQL Id": 202076520, "Planner Runtime": 2}, "explain_analyze_plan": {"Plan": {"Node Type": "Sort", "Startup Cost": 3961761.46, "Total Cost": 3961766.46, "Plan Rows": 2000, "Plan Width": 51, "Actual Startup Time": 94233.54, "Actual Total Time": 94233.698, "Actual Rows": 1746, "Actual Loops": 1, "Sort Key": ["supplier.s_name"], "Sort Method": "quicksort", "Sort Space Used": 309, "Sort Space Type": "Memory", "Plans": [{"Node Type": "Nested Loop", "Parent Relationship": "Outer", "Join Type": "Semi", "Startup Cost": 3888475.64, "Total Cost": 3961651.81, "Plan Rows": 2000, "Plan Width": 51, "Actual Startup Time": 42366.11, "Actual Total Time": 94226.2, "Actual Rows": 1746, "Actual Loops": 1, "Inner Unique": false, "Join Filter": "(supplier.s_suppkey = subquery.\"?column?\")", "Rows Removed by Join Filter": 178136880, "Plans": [{"Node Type": "Nested Loop", "Parent Relationship": "Outer", "Join Type": "Inner", "Startup Cost": 0.0, "Total Cost": 4534.31, "Plan Rows": 4000, "Plan Width": 59, "Actual Startup Time": 0.062, "Actual Total Time": 73.076, "Actual Rows": 3934, "Actual Loops": 1, "Inner Unique": false, "Join Filter": "(supplier.s_nationkey = nation.n_nationkey)", "Rows Removed by Join Filter": 96066, "Plans": [{"Node Type": "Seq Scan", "Parent Relationship": "Outer", "Relation Name": "nation", "Alias": "nation", "Startup Cost": 0.0, "Total Cost": 1.31, "Plan Rows": 1, "Plan Width": 4, "Actual Startup Time": 0.028, "Actual Total Time": 0.132, "Actual Rows": 1, "Actual Loops": 1, "Filter": "(n_name = 'ALGERIA'::bpchar)", "Rows Removed by Filter": 24}, {"Node Type": "Seq Scan", "Parent Relationship": "Inner", "Relation Name": "supplier", "Alias": "supplier", "Startup Cost": 0.0, "Total Cost": 3283.0, "Plan Rows": 100000, "Plan Width": 63, "Actual Startup Time": 0.015, "Actual Total Time": 42.742, "Actual Rows": 100000, "Actual Loops": 1}]}, {"Node Type": "Materialize", "Parent Relationship": "Inner", "Startup Cost": 3888475.64, "Total Cost": 3956997.5, "Plan Rows": 2, "Plan Width": 16, "Actual Startup Time": 40414.427, "Actual Total Time": 60129.816, "Actual Rows": 178138626, "Actual Loops": 3934, "Plans": [{"Node Type": "Merge Join", "Parent Relationship": "Outer", "Join Type": "Inner", "Startup Cost": 3888475.64, "Total Cost": 3956997.49, "Plan Rows": 2, "Plan Width": 16, "Actual Startup Time": 40413.716, "Actual Total Time": 42338.634, "Actual Rows": 58537, "Actual Loops": 1, "Inner Unique": true, "Merge Cond": "((partsupp.ps_suppkey = subquery.\"?column?\") AND (partsupp.ps_partkey = subquery.\"?column?\"))", "Join Filter": "((partsupp.ps_availqty)::double precision > (.5::double precision * subquery.\"?column?\"))", "Rows Removed by Join Filter": 0, "Plans": [{"Node Type": "Sort", "Parent Relationship": "Outer", "Startup Cost": 230229.65, "Total Cost": 230391.03, "Plan Rows": 64552, "Plan Width": 32, "Actual Startup Time": 990.584, "Actual Total Time": 1007.559, "Actual Rows": 86224, "Actual Loops": 1, "Sort Key": ["partsupp.ps_suppkey", "partsupp.ps_partkey"], "Sort Method": "quicksort", "Sort Space Used": 11156, "Sort Space Type": "Memory", "Plans": [{"Node Type": "Nested Loop", "Parent Relationship": "Outer", "Join Type": "Inner", "Startup Cost": 0.0, "Total Cost": 225072.53, "Plan Rows": 64552, "Plan Width": 32, "Actual Startup Time": 0.05, "Actual Total Time": 940.342, "Actual Rows": 86224, "Actual Loops": 1, "Inner Unique": false, "Plans": [{"Node Type": "Seq Scan", "Parent Relationship": "Outer", "Relation Name": "part", "Alias": "part", "Startup Cost": 0.0, "Total Cost": 66944.0, "Plan Rows": 22472, "Plan Width": 8, "Actual Startup Time": 0.029, "Actual Total Time": 754.953, "Actual Rows": 21556, "Actual Loops": 1, "Filter": "((p_name)::text ~~ 'green%'::text)", "Rows Removed by Filter": 1978444}, {"Node Type": "Index Scan", "Parent Relationship": "Inner", "Scan Direction": "Forward", "Index Name": "idx_partsupp_partkey", "Relation Name": "partsupp", "Alias": "partsupp", "Startup Cost": 0.0, "Total Cost": 7.01, "Plan Rows": 3, "Plan Width": 24, "Actual Startup Time": 114.102, "Actual Total Time": 154.865, "Actual Rows": 86224, "Actual Loops": 21556, "Index Cond": "(ps_partkey = part.p_partkey)", "Rows Removed by Index Recheck": 0}]}]}, {"Node Type": "Sort", "Parent Relationship": "Inner", "Startup Cost": 3658246.0, "Total Cost": 3680925.2, "Plan Rows": 9071680, "Plan Width": 24, "Actual Startup Time": 39422.943, "Actual Total Time": 40507.872, "Actual Rows": 5442737, "Actual Loops": 1, "Sort Key": ["subquery.\"?column?\"", "subquery.\"?column?\""], "Sort Method": "quicksort", "Sort Space Used": 706866, "Sort Space Type": "Memory", "Plans": [{"Node Type": "Subquery Scan", "Parent Relationship": "Outer", "Alias": "subquery", "Startup Cost": 2405767.29, "Total Cost": 2609880.09, "Plan Rows": 9071680, "Plan Width": 24, "Actual Startup Time": 30862.216, "Actual Total Time": 34833.145, "Actual Rows": 5442751, "Actual Loops": 1, "Plans": [{"Node Type": "Aggregate", "Strategy": "Hashed", "Parent Relationship": "Subquery", "Startup Cost": 2405767.29, "Total Cost": 2519163.29, "Plan Rows": 9071680, "Plan Width": 40, "Actual Startup Time": 30862.208, "Actual Total Time": 33828.43, "Actual Rows": 5442751, "Actual Loops": 1, "Group By Key": ["lineitem.l_partkey", "lineitem.l_suppkey"], "Plans": [{"Node Type": "Seq Scan", "Parent Relationship": "Outer", "Relation Name": "lineitem", "Alias": "lineitem", "Startup Cost": 119.57, "Total Cost": 2315050.5, "Plan Rows": 9071680, "Plan Width": 24, "Actual Startup Time": 0.055, "Actual Total Time": 23169.575, "Actual Rows": 9109641, "Actual Loops": 1, "Filter": "((l_shipdate >= '1993-01-01 00:00:00'::timestamp(0) without time zone) AND (l_shipdate < '1994-01-01 00:00:00'::timestamp without time zone)), (LLVM Optimized, Jit Execute)", "Rows Removed by Filter": 50876411}]}]}]}]}]}]}]}, "Triggers": [], "Planner Runtime": 2, "Total Runtime": 94243.696, "Unique SQL Id": 202076520}}, "(64, 25)": {"explain_plan": {"Plan": {"Node Type": "Sort", "Startup Cost": 7730056.23, "Total Cost": 7730061.23, "Plan Rows": 2000, "Plan Width": 51, "Sort Key": ["supplier.s_name"], "Plans": [{"Node Type": "Nested Loop", "Parent Relationship": "Outer", "Join Type": "Semi", "Startup Cost": 7406937.34, "Total Cost": 7729946.57, "Plan Rows": 2000, "Plan Width": 51, "Inner Unique": false, "Join Filter": "(supplier.s_suppkey = subquery.\"?column?\")", "Plans": [{"Node Type": "Nested Loop", "Parent Relationship": "Outer", "Join Type": "Inner", "Startup Cost": 0.0, "Total Cost": 6597.23, "Plan Rows": 4000, "Plan Width": 59, "Inner Unique": false, "Join Filter": "(supplier.s_nationkey = nation.n_nationkey)", "Plans": [{"Node Type": "Index Scan", "Parent Relationship": "Outer", "Scan Direction": "Forward", "Index Name": "nation_pkey", "Relation Name": "nation", "Alias": "nation", "Startup Cost": 0.0, "Total Cost": 12.69, "Plan Rows": 1, "Plan Width": 4, "Filter": "(n_name = 'ALGERIA'::bpchar)"}, {"Node Type": "Index Scan", "Parent Relationship": "Inner", "Scan Direction": "Forward", "Index Name": "supplier_pkey", "Relation Name": "supplier", "Alias": "supplier", "Startup Cost": 0.0, "Total Cost": 5334.54, "Plan Rows": 100000, "Plan Width": 63}]}, {"Node Type": "Materialize", "Parent Relationship": "Inner", "Startup Cost": 7406937.34, "Total Cost": 7723229.35, "Plan Rows": 2, "Plan Width": 16, "Plans": [{"Node Type": "Merge Join", "Parent Relationship": "Outer", "Join Type": "Inner", "Startup Cost": 7406937.34, "Total Cost": 7723229.34, "Plan Rows": 2, "Plan Width": 16, "Inner Unique": true, "Merge Cond": "(partsupp.ps_partkey = subquery.\"?column?\")", "Join Filter": "((partsupp.ps_suppkey = subquery.\"?column?\") AND ((partsupp.ps_availqty)::double precision > (.5::double precision * subquery.\"?column?\")))", "Plans": [{"Node Type": "Nested Loop", "Parent Relationship": "Outer", "Join Type": "Inner", "Startup Cost": 0.0, "Total Cost": 263931.78, "Plan Rows": 64552, "Plan Width": 32, "Inner Unique": false, "Plans": [{"Node Type": "Index Scan", "Parent Relationship": "Outer", "Scan Direction": "Forward", "Index Name": "part_kpey", "Relation Name": "part", "Alias": "part", "Startup Cost": 0.0, "Total Cost": 105803.25, "Plan Rows": 22472, "Plan Width": 8, "Filter": "((p_name)::text ~~ 'green%'::text)"}, {"Node Type": "Index Scan", "Parent Relationship": "Inner", "Scan Direction": "Forward", "Index Name": "idx_partsupp_partkey", "Relation Name": "partsupp", "Alias": "partsupp", "Startup Cost": 0.0, "Total Cost": 7.01, "Plan Rows": 3, "Plan Width": 24, "Index Cond": "(ps_partkey = part.p_partkey)"}]}, {"Node Type": "Sort", "Parent Relationship": "Inner", "Startup Cost": 7406937.34, "Total Cost": 7429616.54, "Plan Rows": 9071680, "Plan Width": 24, "Sort Key": ["subquery.\"?column?\""], "Plans": [{"Node Type": "Subquery Scan", "Parent Relationship": "Outer", "Alias": "subquery", "Startup Cost": 6154458.63, "Total Cost": 6358571.43, "Plan Rows": 9071680, "Plan Width": 24, "Plans": [{"Node Type": "Aggregate", "Strategy": "Hashed", "Parent Relationship": "Subquery", "Startup Cost": 6154458.63, "Total Cost": 6267854.63, "Plan Rows": 9071680, "Plan Width": 40, "Group By Key": ["lineitem.l_partkey", "lineitem.l_suppkey"], "Plans": [{"Node Type": "Index Scan", "Parent Relationship": "Outer", "Scan Direction": "Forward", "Index Name": "idx_lineitem_shipdate", "Relation Name": "lineitem", "Alias": "lineitem", "Startup Cost": 0.0, "Total Cost": 6063741.83, "Plan Rows": 9071680, "Plan Width": 24, "Index Cond": "((l_shipdate >= '1993-01-01 00:00:00'::timestamp(0) without time zone) AND (l_shipdate < '1994-01-01 00:00:00'::timestamp without time zone)), (LLVM Optimized)"}]}]}]}]}]}]}]}, "Unique SQL Id": 202076520, "Planner Runtime": 3}, "explain_analyze_plan": {"Plan": {"Node Type": "Sort", "Startup Cost": 7730056.23, "Total Cost": 7730061.23, "Plan Rows": 2000, "Plan Width": 51, "Actual Startup Time": 93154.32, "Actual Total Time": 93154.465, "Actual Rows": 1746, "Actual Loops": 1, "Sort Key": ["supplier.s_name"], "Sort Method": "quicksort", "Sort Space Used": 309, "Sort Space Type": "Memory", "Plans": [{"Node Type": "Nested Loop", "Parent Relationship": "Outer", "Join Type": "Semi", "Startup Cost": 7406937.34, "Total Cost": 7729946.57, "Plan Rows": 2000, "Plan Width": 51, "Actual Startup Time": 42873.916, "Actual Total Time": 93149.886, "Actual Rows": 1746, "Actual Loops": 1, "Inner Unique": false, "Join Filter": "(supplier.s_suppkey = subquery.\"?column?\")", "Rows Removed by Join Filter": 172948128, "Plans": [{"Node Type": "Nested Loop", "Parent Relationship": "Outer", "Join Type": "Inner", "Startup Cost": 0.0, "Total Cost": 6597.23, "Plan Rows": 4000, "Plan Width": 59, "Actual Startup Time": 0.063, "Actual Total Time": 98.457, "Actual Rows": 3934, "Actual Loops": 1, "Inner Unique": false, "Join Filter": "(supplier.s_nationkey = nation.n_nationkey)", "Rows Removed by Join Filter": 96066, "Plans": [{"Node Type": "Index Scan", "Parent Relationship": "Outer", "Scan Direction": "Forward", "Index Name": "nation_pkey", "Relation Name": "nation", "Alias": "nation", "Startup Cost": 0.0, "Total Cost": 12.69, "Plan Rows": 1, "Plan Width": 4, "Actual Startup Time": 0.021, "Actual Total Time": 0.131, "Actual Rows": 1, "Actual Loops": 1, "Filter": "(n_name = 'ALGERIA'::bpchar)", "Rows Removed by Filter": 24}, {"Node Type": "Index Scan", "Parent Relationship": "Inner", "Scan Direction": "Forward", "Index Name": "supplier_pkey", "Relation Name": "supplier", "Alias": "supplier", "Startup Cost": 0.0, "Total Cost": 5334.54, "Plan Rows": 100000, "Plan Width": 63, "Actual Startup Time": 0.02, "Actual Total Time": 70.545, "Actual Rows": 100000, "Actual Loops": 1}]}, {"Node Type": "Materialize", "Parent Relationship": "Inner", "Startup Cost": 7406937.34, "Total Cost": 7723229.35, "Plan Rows": 2, "Plan Width": 16, "Actual Startup Time": 39063.842, "Actual Total Time": 60057.317, "Actual Rows": 172949874, "Actual Loops": 3934, "Plans": [{"Node Type": "Merge Join", "Parent Relationship": "Outer", "Join Type": "Inner", "Startup Cost": 7406937.34, "Total Cost": 7723229.34, "Plan Rows": 2, "Plan Width": 16, "Actual Startup Time": 39062.982, "Actual Total Time": 42830.995, "Actual Rows": 58537, "Actual Loops": 1, "Inner Unique": true, "Merge Cond": "(partsupp.ps_partkey = subquery.\"?column?\")", "Join Filter": "((partsupp.ps_suppkey = subquery.\"?column?\") AND ((partsupp.ps_availqty)::double precision > (.5::double precision * subquery.\"?column?\")))", "Rows Removed by Join Filter": 0, "Plans": [{"Node Type": "Nested Loop", "Parent Relationship": "Outer", "Join Type": "Inner", "Startup Cost": 0.0, "Total Cost": 263931.78, "Plan Rows": 64552, "Plan Width": 32, "Actual Startup Time": 0.052, "Actual Total Time": 1553.95, "Actual Rows": 86224, "Actual Loops": 1, "Inner Unique": false, "Plans": [{"Node Type": "Index Scan", "Parent Relationship": "Outer", "Scan Direction": "Forward", "Index Name": "part_kpey", "Relation Name": "part", "Alias": "part", "Startup Cost": 0.0, "Total Cost": 105803.25, "Plan Rows": 22472, "Plan Width": 8, "Actual Startup Time": 0.04, "Actual Total Time": 1335.514, "Actual Rows": 21556, "Actual Loops": 1, "Filter": "((p_name)::text ~~ 'green%'::text)", "Rows Removed by Filter": 1978444}, {"Node Type": "Index Scan", "Parent Relationship": "Inner", "Scan Direction": "Forward", "Index Name": "idx_partsupp_partkey", "Relation Name": "partsupp", "Alias": "partsupp", "Startup Cost": 0.0, "Total Cost": 7.01, "Plan Rows": 3, "Plan Width": 24, "Actual Startup Time": 135.73, "Actual Total Time": 186.245, "Actual Rows": 86224, "Actual Loops": 21556, "Index Cond": "(ps_partkey = part.p_partkey)", "Rows Removed by Index Recheck": 0}]}, {"Node Type": "Sort", "Parent Relationship": "Inner", "Startup Cost": 7406937.34, "Total Cost": 7429616.54, "Plan Rows": 9071680, "Plan Width": 24, "Actual Startup Time": 39062.796, "Actual Total Time": 40490.921, "Actual Rows": 5530011, "Actual Loops": 1, "Sort Key": ["subquery.\"?column?\""], "Sort Method": "quicksort", "Sort Space Used": 706866, "Sort Space Type": "Memory", "Plans": [{"Node Type": "Subquery Scan", "Parent Relationship": "Outer", "Alias": "subquery", "Startup Cost": 6154458.63, "Total Cost": 6358571.43, "Plan Rows": 9071680, "Plan Width": 24, "Actual Startup Time": 31708.827, "Actual Total Time": 36686.27, "Actual Rows": 5442751, "Actual Loops": 1, "Plans": [{"Node Type": "Aggregate", "Strategy": "Hashed", "Parent Relationship": "Subquery", "Startup Cost": 6154458.63, "Total Cost": 6267854.63, "Plan Rows": 9071680, "Plan Width": 40, "Actual Startup Time": 31708.817, "Actual Total Time": 35673.483, "Actual Rows": 5442751, "Actual Loops": 1, "Group By Key": ["lineitem.l_partkey", "lineitem.l_suppkey"], "Plans": [{"Node Type": "Index Scan", "Parent Relationship": "Outer", "Scan Direction": "Forward", "Index Name": "idx_lineitem_shipdate", "Relation Name": "lineitem", "Alias": "lineitem", "Startup Cost": 0.0, "Total Cost": 6063741.83, "Plan Rows": 9071680, "Plan Width": 24, "Actual Startup Time": 0.084, "Actual Total Time": 23530.683, "Actual Rows": 9109641, "Actual Loops": 1, "Index Cond": "((l_shipdate >= '1993-01-01 00:00:00'::timestamp(0) without time zone) AND (l_shipdate < '1994-01-01 00:00:00'::timestamp without time zone)), (LLVM Optimized, Jit Execute)", "Rows Removed by Index Recheck": 0}]}]}]}]}]}]}]}, "Triggers": [], "Planner Runtime": 2, "Total Runtime": 93164.695, "Unique SQL Id": 202076520}}, "(64, 26)": {"explain_plan": {"Plan": {"Node Type": "Sort", "Startup Cost": 5050459.49, "Total Cost": 5050464.49, "Plan Rows": 2000, "Plan Width": 51, "Sort Key": ["supplier.s_name"], "Plans": [{"Node Type": "Nested Loop", "Parent Relationship": "Outer", "Join Type": "Semi", "Startup Cost": 4845541.8, "Total Cost": 5050349.83, "Plan Rows": 2000, "Plan Width": 51, "Inner Unique": false, "Join Filter": "(supplier.s_suppkey = subquery.\"?column?\")", "Plans": [{"Node Type": "Nested Loop", "Parent Relationship": "Outer", "Join Type": "Inner", "Startup Cost": 0.0, "Total Cost": 4534.31, "Plan Rows": 4000, "Plan Width": 59, "Inner Unique": false, "Join Filter": "(supplier.s_nationkey = nation.n_nationkey)", "Plans": [{"Node Type": "Seq Scan", "Parent Relationship": "Outer", "Relation Name": "nation", "Alias": "nation", "Startup Cost": 0.0, "Total Cost": 1.31, "Plan Rows": 1, "Plan Width": 4, "Filter": "(n_name = 'ALGERIA'::bpchar)"}, {"Node Type": "Seq Scan", "Parent Relationship": "Inner", "Relation Name": "supplier", "Alias": "supplier", "Startup Cost": 0.0, "Total Cost": 3283.0, "Plan Rows": 100000, "Plan Width": 63}]}, {"Node Type": "Materialize", "Parent Relationship": "Inner", "Startup Cost": 4845541.8, "Total Cost": 5045695.53, "Plan Rows": 2, "Plan Width": 16, "Plans": [{"Node Type": "Nested Loop", "Parent Relationship": "Outer", "Join Type": "Semi", "Startup Cost": 4845541.8, "Total Cost": 5045695.52, "Plan Rows": 2, "Plan Width": 16, "Inner Unique": false, "Join Filter": "(partsupp.ps_partkey = part.p_partkey)", "Plans": [{"Node Type": "Merge Join", "Parent Relationship": "Outer", "Join Type": "Inner", "Startup Cost": 4845541.8, "Total Cost": 4973582.96, "Plan Rows": 15, "Plan Width": 32, "Inner Unique": true, "Merge Cond": "((partsupp.ps_suppkey = subquery.\"?column?\") AND (partsupp.ps_partkey = subquery.\"?column?\"))", "Join Filter": "((partsupp.ps_availqty)::double precision > (.5::double precision * subquery.\"?column?\"))", "Plans": [{"Node Type": "Sort", "Parent Relationship": "Outer", "Startup Cost": 1187295.8, "Total Cost": 1207296.73, "Plan Rows": 8000372, "Plan Width": 24, "Sort Key": ["partsupp.ps_suppkey", "partsupp.ps_partkey"], "Plans": [{"Node Type": "Seq Scan", "Parent Relationship": "Outer", "Relation Name": "partsupp", "Alias": "partsupp", "Startup Cost": 0.0, "Total Cost": 269987.72, "Plan Rows": 8000372, "Plan Width": 24}]}, {"Node Type": "Sort", "Parent Relationship": "Inner", "Startup Cost": 3658246.0, "Total Cost": 3680925.2, "Plan Rows": 9071680, "Plan Width": 24, "Sort Key": ["subquery.\"?column?\"", "subquery.\"?column?\""], "Plans": [{"Node Type": "Subquery Scan", "Parent Relationship": "Outer", "Alias": "subquery", "Startup Cost": 2405767.29, "Total Cost": 2609880.09, "Plan Rows": 9071680, "Plan Width": 24, "Plans": [{"Node Type": "Aggregate", "Strategy": "Hashed", "Parent Relationship": "Subquery", "Startup Cost": 2405767.29, "Total Cost": 2519163.29, "Plan Rows": 9071680, "Plan Width": 40, "Group By Key": ["lineitem.l_partkey", "lineitem.l_suppkey"], "Plans": [{"Node Type": "Seq Scan", "Parent Relationship": "Outer", "Relation Name": "lineitem", "Alias": "lineitem", "Startup Cost": 119.57, "Total Cost": 2315050.5, "Plan Rows": 9071680, "Plan Width": 24, "Filter": "((l_shipdate >= '1993-01-01 00:00:00'::timestamp(0) without time zone) AND (l_shipdate < '1994-01-01 00:00:00'::timestamp without time zone)), (LLVM Optimized)"}]}]}]}]}, {"Node Type": "Materialize", "Parent Relationship": "Inner", "Startup Cost": 0.0, "Total Cost": 67056.36, "Plan Rows": 22472, "Plan Width": 8, "Plans": [{"Node Type": "Seq Scan", "Parent Relationship": "Outer", "Relation Name": "part", "Alias": "part", "Startup Cost": 0.0, "Total Cost": 66944.0, "Plan Rows": 22472, "Plan Width": 8, "Filter": "((p_name)::text ~~ 'green%'::text)"}]}]}]}]}]}, "Unique SQL Id": 202076520, "Planner Runtime": 3}, "explain_analyze_plan": null}, "(64, 27)": {"explain_plan": {"Plan": {"Node Type": "Sort", "Startup Cost": 5018253560954.49, "Total Cost": 5018253560959.49, "Plan Rows": 2000, "Plan Width": 51, "Sort Key": ["supplier.s_name"], "Plans": [{"Node Type": "Merge Join", "Parent Relationship": "Outer", "Join Type": "Semi", "Startup Cost": 1040805475552.94, "Total Cost": 5018253560844.84, "Plan Rows": 2000, "Plan Width": 51, "Inner Unique": false, "Merge Cond": "(supplier.s_suppkey = subquery.\"?column?\")", "Plans": [{"Node Type": "Nested Loop", "Parent Relationship": "Outer", "Join Type": "Inner", "Startup Cost": 20000000000.0, "Total Cost": 2000000536223.13, "Plan Rows": 4000, "Plan Width": 59, "Inner Unique": true, "Join Filter": "(supplier.s_nationkey = nation.n_nationkey)", "Plans": [{"Node Type": "Index Scan", "Parent Relationship": "Outer", "Scan Direction": "Forward", "Index Name": "supplier_pkey", "Relation Name": "supplier", "Alias": "supplier", "Startup Cost": 10000000000.0, "Total Cost": 1000000533454.38, "Plan Rows": 100000, "Plan Width": 63}, {"Node Type": "Materialize", "Parent Relationship": "Inner", "Startup Cost": 10000000000.0, "Total Cost": 1000000001268.76, "Plan Rows": 1, "Plan Width": 4, "Plans": [{"Node Type": "Index Scan", "Parent Relationship": "Outer", "Scan Direction": "Forward", "Index Name": "nation_pkey", "Relation Name": "nation", "Alias": "nation", "Startup Cost": 10000000000.0, "Total Cost": 1000000001268.75, "Plan Rows": 1, "Plan Width": 4, "Filter": "(n_name = 'ALGERIA'::bpchar)"}]}]}, {"Node Type": "Materialize", "Parent Relationship": "Inner", "Startup Cost": 1020805475552.94, "Total Cost": 3018253024611.68, "Plan Rows": 2, "Plan Width": 16, "Plans": [{"Node Type": "Nested Loop", "Parent Relationship": "Outer", "Join Type": "Inner", "Startup Cost": 1020805475552.94, "Total Cost": 3018253024611.67, "Plan Rows": 2, "Plan Width": 16, "Inner Unique": true, "Join Filter": "((partsupp.ps_partkey = subquery.\"?column?\") AND (partsupp.ps_suppkey = subquery.\"?column?\") AND ((partsupp.ps_availqty)::double precision > (.5::double precision * subquery.\"?column?\")))", "Plans": [{"Node Type": "Nested Loop", "Parent Relationship": "Outer", "Join Type": "Semi", "Startup Cost": 20000000000.0, "Total Cost": 2002807445082.73, "Plan Rows": 64552, "Plan Width": 32, "Inner Unique": false, "Join Filter": "(partsupp.ps_partkey = part.p_partkey)", "Plans": [{"Node Type": "Index Scan", "Parent Relationship": "Outer", "Scan Direction": "Forward", "Index Name": "idx_partsupp_suppkey", "Relation Name": "partsupp", "Alias": "partsupp", "Startup Cost": 10000000000.0, "Total Cost": 1000100160480.77, "Plan Rows": 8000372, "Plan Width": 24}, {"Node Type": "Materialize", "Parent Relationship": "Inner", "Startup Cost": 10000000000.0, "Total Cost": 1000010580437.36, "Plan Rows": 22472, "Plan Width": 8, "Plans": [{"Node Type": "Index Scan", "Parent Relationship": "Outer", "Scan Direction": "Forward", "Index Name": "part_kpey", "Relation Name": "part", "Alias": "part", "Startup Cost": 10000000000.0, "Total Cost": 1000010580325.0, "Plan Rows": 22472, "Plan Width": 8, "Filter": "((p_name)::text ~~ 'green%'::text)"}]}]}, {"Node Type": "Materialize", "Parent Relationship": "Inner", "Startup Cost": 1000805475552.94, "Total Cost": 1000805725024.14, "Plan Rows": 9071680, "Plan Width": 24, "Plans": [{"Node Type": "Subquery Scan", "Parent Relationship": "Outer", "Alias": "subquery", "Startup Cost": 1000805475552.94, "Total Cost": 1000805679665.74, "Plan Rows": 9071680, "Plan Width": 24, "Plans": [{"Node Type": "Aggregate", "Strategy": "Hashed", "Parent Relationship": "Subquery", "Startup Cost": 1000805475552.94, "Total Cost": 1000805588948.94, "Plan Rows": 9071680, "Plan Width": 40, "Group By Key": ["lineitem.l_partkey", "lineitem.l_suppkey"], "Plans": [{"Node Type": "Index Scan", "Parent Relationship": "Outer", "Scan Direction": "Forward", "Index Name": "idx_lineitem_part_supp", "Relation Name": "lineitem", "Alias": "lineitem", "Startup Cost": 10000000000.0, "Total Cost": 1000805384836.14, "Plan Rows": 9071680, "Plan Width": 24, "Filter": "((l_shipdate >= '1993-01-01 00:00:00'::timestamp(0) without time zone) AND (l_shipdate < '1994-01-01 00:00:00'::timestamp without time zone)), (LLVM Optimized)"}]}]}]}]}]}]}]}, "Unique SQL Id": 202076520, "Planner Runtime": 3}, "explain_analyze_plan": null}, "(64, 28)": {"explain_plan": {"Plan": {"Node Type": "Sort", "Startup Cost": 3961761.46, "Total Cost": 3961766.46, "Plan Rows": 2000, "Plan Width": 51, "Sort Key": ["supplier.s_name"], "Plans": [{"Node Type": "Nested Loop", "Parent Relationship": "Outer", "Join Type": "Semi", "Startup Cost": 3888475.64, "Total Cost": 3961651.81, "Plan Rows": 2000, "Plan Width": 51, "Inner Unique": false, "Join Filter": "(supplier.s_suppkey = subquery.\"?column?\")", "Plans": [{"Node Type": "Nested Loop", "Parent Relationship": "Outer", "Join Type": "Inner", "Startup Cost": 0.0, "Total Cost": 4534.31, "Plan Rows": 4000, "Plan Width": 59, "Inner Unique": false, "Join Filter": "(supplier.s_nationkey = nation.n_nationkey)", "Plans": [{"Node Type": "Seq Scan", "Parent Relationship": "Outer", "Relation Name": "nation", "Alias": "nation", "Startup Cost": 0.0, "Total Cost": 1.31, "Plan Rows": 1, "Plan Width": 4, "Filter": "(n_name = 'ALGERIA'::bpchar)"}, {"Node Type": "Seq Scan", "Parent Relationship": "Inner", "Relation Name": "supplier", "Alias": "supplier", "Startup Cost": 0.0, "Total Cost": 3283.0, "Plan Rows": 100000, "Plan Width": 63}]}, {"Node Type": "Materialize", "Parent Relationship": "Inner", "Startup Cost": 3888475.64, "Total Cost": 3956997.5, "Plan Rows": 2, "Plan Width": 16, "Plans": [{"Node Type": "Merge Join", "Parent Relationship": "Outer", "Join Type": "Inner", "Startup Cost": 3888475.64, "Total Cost": 3956997.49, "Plan Rows": 2, "Plan Width": 16, "Inner Unique": true, "Merge Cond": "((partsupp.ps_suppkey = subquery.\"?column?\") AND (partsupp.ps_partkey = subquery.\"?column?\"))", "Join Filter": "((partsupp.ps_availqty)::double precision > (.5::double precision * subquery.\"?column?\"))", "Plans": [{"Node Type": "Sort", "Parent Relationship": "Outer", "Startup Cost": 230229.65, "Total Cost": 230391.03, "Plan Rows": 64552, "Plan Width": 32, "Sort Key": ["partsupp.ps_suppkey", "partsupp.ps_partkey"], "Plans": [{"Node Type": "Nested Loop", "Parent Relationship": "Outer", "Join Type": "Inner", "Startup Cost": 0.0, "Total Cost": 225072.53, "Plan Rows": 64552, "Plan Width": 32, "Inner Unique": false, "Plans": [{"Node Type": "Seq Scan", "Parent Relationship": "Outer", "Relation Name": "part", "Alias": "part", "Startup Cost": 0.0, "Total Cost": 66944.0, "Plan Rows": 22472, "Plan Width": 8, "Filter": "((p_name)::text ~~ 'green%'::text)"}, {"Node Type": "Index Scan", "Parent Relationship": "Inner", "Scan Direction": "Forward", "Index Name": "idx_partsupp_partkey", "Relation Name": "partsupp", "Alias": "partsupp", "Startup Cost": 0.0, "Total Cost": 7.01, "Plan Rows": 3, "Plan Width": 24, "Index Cond": "(ps_partkey = part.p_partkey)"}]}]}, {"Node Type": "Sort", "Parent Relationship": "Inner", "Startup Cost": 3658246.0, "Total Cost": 3680925.2, "Plan Rows": 9071680, "Plan Width": 24, "Sort Key": ["subquery.\"?column?\"", "subquery.\"?column?\""], "Plans": [{"Node Type": "Subquery Scan", "Parent Relationship": "Outer", "Alias": "subquery", "Startup Cost": 2405767.29, "Total Cost": 2609880.09, "Plan Rows": 9071680, "Plan Width": 24, "Plans": [{"Node Type": "Aggregate", "Strategy": "Hashed", "Parent Relationship": "Subquery", "Startup Cost": 2405767.29, "Total Cost": 2519163.29, "Plan Rows": 9071680, "Plan Width": 40, "Group By Key": ["lineitem.l_partkey", "lineitem.l_suppkey"], "Plans": [{"Node Type": "Seq Scan", "Parent Relationship": "Outer", "Relation Name": "lineitem", "Alias": "lineitem", "Startup Cost": 119.57, "Total Cost": 2315050.5, "Plan Rows": 9071680, "Plan Width": 24, "Filter": "((l_shipdate >= '1993-01-01 00:00:00'::timestamp(0) without time zone) AND (l_shipdate < '1994-01-01 00:00:00'::timestamp without time zone)), (LLVM Optimized)"}]}]}]}]}]}]}]}, "Unique SQL Id": 202076520, "Planner Runtime": 2}, "explain_analyze_plan": {"Plan": {"Node Type": "Sort", "Startup Cost": 3961761.46, "Total Cost": 3961766.46, "Plan Rows": 2000, "Plan Width": 51, "Actual Startup Time": 94233.54, "Actual Total Time": 94233.698, "Actual Rows": 1746, "Actual Loops": 1, "Sort Key": ["supplier.s_name"], "Sort Method": "quicksort", "Sort Space Used": 309, "Sort Space Type": "Memory", "Plans": [{"Node Type": "Nested Loop", "Parent Relationship": "Outer", "Join Type": "Semi", "Startup Cost": 3888475.64, "Total Cost": 3961651.81, "Plan Rows": 2000, "Plan Width": 51, "Actual Startup Time": 42366.11, "Actual Total Time": 94226.2, "Actual Rows": 1746, "Actual Loops": 1, "Inner Unique": false, "Join Filter": "(supplier.s_suppkey = subquery.\"?column?\")", "Rows Removed by Join Filter": 178136880, "Plans": [{"Node Type": "Nested Loop", "Parent Relationship": "Outer", "Join Type": "Inner", "Startup Cost": 0.0, "Total Cost": 4534.31, "Plan Rows": 4000, "Plan Width": 59, "Actual Startup Time": 0.062, "Actual Total Time": 73.076, "Actual Rows": 3934, "Actual Loops": 1, "Inner Unique": false, "Join Filter": "(supplier.s_nationkey = nation.n_nationkey)", "Rows Removed by Join Filter": 96066, "Plans": [{"Node Type": "Seq Scan", "Parent Relationship": "Outer", "Relation Name": "nation", "Alias": "nation", "Startup Cost": 0.0, "Total Cost": 1.31, "Plan Rows": 1, "Plan Width": 4, "Actual Startup Time": 0.028, "Actual Total Time": 0.132, "Actual Rows": 1, "Actual Loops": 1, "Filter": "(n_name = 'ALGERIA'::bpchar)", "Rows Removed by Filter": 24}, {"Node Type": "Seq Scan", "Parent Relationship": "Inner", "Relation Name": "supplier", "Alias": "supplier", "Startup Cost": 0.0, "Total Cost": 3283.0, "Plan Rows": 100000, "Plan Width": 63, "Actual Startup Time": 0.015, "Actual Total Time": 42.742, "Actual Rows": 100000, "Actual Loops": 1}]}, {"Node Type": "Materialize", "Parent Relationship": "Inner", "Startup Cost": 3888475.64, "Total Cost": 3956997.5, "Plan Rows": 2, "Plan Width": 16, "Actual Startup Time": 40414.427, "Actual Total Time": 60129.816, "Actual Rows": 178138626, "Actual Loops": 3934, "Plans": [{"Node Type": "Merge Join", "Parent Relationship": "Outer", "Join Type": "Inner", "Startup Cost": 3888475.64, "Total Cost": 3956997.49, "Plan Rows": 2, "Plan Width": 16, "Actual Startup Time": 40413.716, "Actual Total Time": 42338.634, "Actual Rows": 58537, "Actual Loops": 1, "Inner Unique": true, "Merge Cond": "((partsupp.ps_suppkey = subquery.\"?column?\") AND (partsupp.ps_partkey = subquery.\"?column?\"))", "Join Filter": "((partsupp.ps_availqty)::double precision > (.5::double precision * subquery.\"?column?\"))", "Rows Removed by Join Filter": 0, "Plans": [{"Node Type": "Sort", "Parent Relationship": "Outer", "Startup Cost": 230229.65, "Total Cost": 230391.03, "Plan Rows": 64552, "Plan Width": 32, "Actual Startup Time": 990.584, "Actual Total Time": 1007.559, "Actual Rows": 86224, "Actual Loops": 1, "Sort Key": ["partsupp.ps_suppkey", "partsupp.ps_partkey"], "Sort Method": "quicksort", "Sort Space Used": 11156, "Sort Space Type": "Memory", "Plans": [{"Node Type": "Nested Loop", "Parent Relationship": "Outer", "Join Type": "Inner", "Startup Cost": 0.0, "Total Cost": 225072.53, "Plan Rows": 64552, "Plan Width": 32, "Actual Startup Time": 0.05, "Actual Total Time": 940.342, "Actual Rows": 86224, "Actual Loops": 1, "Inner Unique": false, "Plans": [{"Node Type": "Seq Scan", "Parent Relationship": "Outer", "Relation Name": "part", "Alias": "part", "Startup Cost": 0.0, "Total Cost": 66944.0, "Plan Rows": 22472, "Plan Width": 8, "Actual Startup Time": 0.029, "Actual Total Time": 754.953, "Actual Rows": 21556, "Actual Loops": 1, "Filter": "((p_name)::text ~~ 'green%'::text)", "Rows Removed by Filter": 1978444}, {"Node Type": "Index Scan", "Parent Relationship": "Inner", "Scan Direction": "Forward", "Index Name": "idx_partsupp_partkey", "Relation Name": "partsupp", "Alias": "partsupp", "Startup Cost": 0.0, "Total Cost": 7.01, "Plan Rows": 3, "Plan Width": 24, "Actual Startup Time": 114.102, "Actual Total Time": 154.865, "Actual Rows": 86224, "Actual Loops": 21556, "Index Cond": "(ps_partkey = part.p_partkey)", "Rows Removed by Index Recheck": 0}]}]}, {"Node Type": "Sort", "Parent Relationship": "Inner", "Startup Cost": 3658246.0, "Total Cost": 3680925.2, "Plan Rows": 9071680, "Plan Width": 24, "Actual Startup Time": 39422.943, "Actual Total Time": 40507.872, "Actual Rows": 5442737, "Actual Loops": 1, "Sort Key": ["subquery.\"?column?\"", "subquery.\"?column?\""], "Sort Method": "quicksort", "Sort Space Used": 706866, "Sort Space Type": "Memory", "Plans": [{"Node Type": "Subquery Scan", "Parent Relationship": "Outer", "Alias": "subquery", "Startup Cost": 2405767.29, "Total Cost": 2609880.09, "Plan Rows": 9071680, "Plan Width": 24, "Actual Startup Time": 30862.216, "Actual Total Time": 34833.145, "Actual Rows": 5442751, "Actual Loops": 1, "Plans": [{"Node Type": "Aggregate", "Strategy": "Hashed", "Parent Relationship": "Subquery", "Startup Cost": 2405767.29, "Total Cost": 2519163.29, "Plan Rows": 9071680, "Plan Width": 40, "Actual Startup Time": 30862.208, "Actual Total Time": 33828.43, "Actual Rows": 5442751, "Actual Loops": 1, "Group By Key": ["lineitem.l_partkey", "lineitem.l_suppkey"], "Plans": [{"Node Type": "Seq Scan", "Parent Relationship": "Outer", "Relation Name": "lineitem", "Alias": "lineitem", "Startup Cost": 119.57, "Total Cost": 2315050.5, "Plan Rows": 9071680, "Plan Width": 24, "Actual Startup Time": 0.055, "Actual Total Time": 23169.575, "Actual Rows": 9109641, "Actual Loops": 1, "Filter": "((l_shipdate >= '1993-01-01 00:00:00'::timestamp(0) without time zone) AND (l_shipdate < '1994-01-01 00:00:00'::timestamp without time zone)), (LLVM Optimized, Jit Execute)", "Rows Removed by Filter": 50876411}]}]}]}]}]}]}]}, "Triggers": [], "Planner Runtime": 2, "Total Runtime": 94243.696, "Unique SQL Id": 202076520}}, "(64, 29)": {"explain_plan": {"Plan": {"Node Type": "Sort", "Startup Cost": 7730056.23, "Total Cost": 7730061.23, "Plan Rows": 2000, "Plan Width": 51, "Sort Key": ["supplier.s_name"], "Plans": [{"Node Type": "Nested Loop", "Parent Relationship": "Outer", "Join Type": "Semi", "Startup Cost": 7406937.34, "Total Cost": 7729946.57, "Plan Rows": 2000, "Plan Width": 51, "Inner Unique": false, "Join Filter": "(supplier.s_suppkey = subquery.\"?column?\")", "Plans": [{"Node Type": "Nested Loop", "Parent Relationship": "Outer", "Join Type": "Inner", "Startup Cost": 0.0, "Total Cost": 6597.23, "Plan Rows": 4000, "Plan Width": 59, "Inner Unique": false, "Join Filter": "(supplier.s_nationkey = nation.n_nationkey)", "Plans": [{"Node Type": "Index Scan", "Parent Relationship": "Outer", "Scan Direction": "Forward", "Index Name": "nation_pkey", "Relation Name": "nation", "Alias": "nation", "Startup Cost": 0.0, "Total Cost": 12.69, "Plan Rows": 1, "Plan Width": 4, "Filter": "(n_name = 'ALGERIA'::bpchar)"}, {"Node Type": "Index Scan", "Parent Relationship": "Inner", "Scan Direction": "Forward", "Index Name": "supplier_pkey", "Relation Name": "supplier", "Alias": "supplier", "Startup Cost": 0.0, "Total Cost": 5334.54, "Plan Rows": 100000, "Plan Width": 63}]}, {"Node Type": "Materialize", "Parent Relationship": "Inner", "Startup Cost": 7406937.34, "Total Cost": 7723229.35, "Plan Rows": 2, "Plan Width": 16, "Plans": [{"Node Type": "Merge Join", "Parent Relationship": "Outer", "Join Type": "Inner", "Startup Cost": 7406937.34, "Total Cost": 7723229.34, "Plan Rows": 2, "Plan Width": 16, "Inner Unique": true, "Merge Cond": "(partsupp.ps_partkey = subquery.\"?column?\")", "Join Filter": "((partsupp.ps_suppkey = subquery.\"?column?\") AND ((partsupp.ps_availqty)::double precision > (.5::double precision * subquery.\"?column?\")))", "Plans": [{"Node Type": "Nested Loop", "Parent Relationship": "Outer", "Join Type": "Inner", "Startup Cost": 0.0, "Total Cost": 263931.78, "Plan Rows": 64552, "Plan Width": 32, "Inner Unique": false, "Plans": [{"Node Type": "Index Scan", "Parent Relationship": "Outer", "Scan Direction": "Forward", "Index Name": "part_kpey", "Relation Name": "part", "Alias": "part", "Startup Cost": 0.0, "Total Cost": 105803.25, "Plan Rows": 22472, "Plan Width": 8, "Filter": "((p_name)::text ~~ 'green%'::text)"}, {"Node Type": "Index Scan", "Parent Relationship": "Inner", "Scan Direction": "Forward", "Index Name": "idx_partsupp_partkey", "Relation Name": "partsupp", "Alias": "partsupp", "Startup Cost": 0.0, "Total Cost": 7.01, "Plan Rows": 3, "Plan Width": 24, "Index Cond": "(ps_partkey = part.p_partkey)"}]}, {"Node Type": "Sort", "Parent Relationship": "Inner", "Startup Cost": 7406937.34, "Total Cost": 7429616.54, "Plan Rows": 9071680, "Plan Width": 24, "Sort Key": ["subquery.\"?column?\""], "Plans": [{"Node Type": "Subquery Scan", "Parent Relationship": "Outer", "Alias": "subquery", "Startup Cost": 6154458.63, "Total Cost": 6358571.43, "Plan Rows": 9071680, "Plan Width": 24, "Plans": [{"Node Type": "Aggregate", "Strategy": "Hashed", "Parent Relationship": "Subquery", "Startup Cost": 6154458.63, "Total Cost": 6267854.63, "Plan Rows": 9071680, "Plan Width": 40, "Group By Key": ["lineitem.l_partkey", "lineitem.l_suppkey"], "Plans": [{"Node Type": "Index Scan", "Parent Relationship": "Outer", "Scan Direction": "Forward", "Index Name": "idx_lineitem_shipdate", "Relation Name": "lineitem", "Alias": "lineitem", "Startup Cost": 0.0, "Total Cost": 6063741.83, "Plan Rows": 9071680, "Plan Width": 24, "Index Cond": "((l_shipdate >= '1993-01-01 00:00:00'::timestamp(0) without time zone) AND (l_shipdate < '1994-01-01 00:00:00'::timestamp without time zone)), (LLVM Optimized)"}]}]}]}]}]}]}]}, "Unique SQL Id": 202076520, "Planner Runtime": 2}, "explain_analyze_plan": {"Plan": {"Node Type": "Sort", "Startup Cost": 7730056.23, "Total Cost": 7730061.23, "Plan Rows": 2000, "Plan Width": 51, "Actual Startup Time": 93154.32, "Actual Total Time": 93154.465, "Actual Rows": 1746, "Actual Loops": 1, "Sort Key": ["supplier.s_name"], "Sort Method": "quicksort", "Sort Space Used": 309, "Sort Space Type": "Memory", "Plans": [{"Node Type": "Nested Loop", "Parent Relationship": "Outer", "Join Type": "Semi", "Startup Cost": 7406937.34, "Total Cost": 7729946.57, "Plan Rows": 2000, "Plan Width": 51, "Actual Startup Time": 42873.916, "Actual Total Time": 93149.886, "Actual Rows": 1746, "Actual Loops": 1, "Inner Unique": false, "Join Filter": "(supplier.s_suppkey = subquery.\"?column?\")", "Rows Removed by Join Filter": 172948128, "Plans": [{"Node Type": "Nested Loop", "Parent Relationship": "Outer", "Join Type": "Inner", "Startup Cost": 0.0, "Total Cost": 6597.23, "Plan Rows": 4000, "Plan Width": 59, "Actual Startup Time": 0.063, "Actual Total Time": 98.457, "Actual Rows": 3934, "Actual Loops": 1, "Inner Unique": false, "Join Filter": "(supplier.s_nationkey = nation.n_nationkey)", "Rows Removed by Join Filter": 96066, "Plans": [{"Node Type": "Index Scan", "Parent Relationship": "Outer", "Scan Direction": "Forward", "Index Name": "nation_pkey", "Relation Name": "nation", "Alias": "nation", "Startup Cost": 0.0, "Total Cost": 12.69, "Plan Rows": 1, "Plan Width": 4, "Actual Startup Time": 0.021, "Actual Total Time": 0.131, "Actual Rows": 1, "Actual Loops": 1, "Filter": "(n_name = 'ALGERIA'::bpchar)", "Rows Removed by Filter": 24}, {"Node Type": "Index Scan", "Parent Relationship": "Inner", "Scan Direction": "Forward", "Index Name": "supplier_pkey", "Relation Name": "supplier", "Alias": "supplier", "Startup Cost": 0.0, "Total Cost": 5334.54, "Plan Rows": 100000, "Plan Width": 63, "Actual Startup Time": 0.02, "Actual Total Time": 70.545, "Actual Rows": 100000, "Actual Loops": 1}]}, {"Node Type": "Materialize", "Parent Relationship": "Inner", "Startup Cost": 7406937.34, "Total Cost": 7723229.35, "Plan Rows": 2, "Plan Width": 16, "Actual Startup Time": 39063.842, "Actual Total Time": 60057.317, "Actual Rows": 172949874, "Actual Loops": 3934, "Plans": [{"Node Type": "Merge Join", "Parent Relationship": "Outer", "Join Type": "Inner", "Startup Cost": 7406937.34, "Total Cost": 7723229.34, "Plan Rows": 2, "Plan Width": 16, "Actual Startup Time": 39062.982, "Actual Total Time": 42830.995, "Actual Rows": 58537, "Actual Loops": 1, "Inner Unique": true, "Merge Cond": "(partsupp.ps_partkey = subquery.\"?column?\")", "Join Filter": "((partsupp.ps_suppkey = subquery.\"?column?\") AND ((partsupp.ps_availqty)::double precision > (.5::double precision * subquery.\"?column?\")))", "Rows Removed by Join Filter": 0, "Plans": [{"Node Type": "Nested Loop", "Parent Relationship": "Outer", "Join Type": "Inner", "Startup Cost": 0.0, "Total Cost": 263931.78, "Plan Rows": 64552, "Plan Width": 32, "Actual Startup Time": 0.052, "Actual Total Time": 1553.95, "Actual Rows": 86224, "Actual Loops": 1, "Inner Unique": false, "Plans": [{"Node Type": "Index Scan", "Parent Relationship": "Outer", "Scan Direction": "Forward", "Index Name": "part_kpey", "Relation Name": "part", "Alias": "part", "Startup Cost": 0.0, "Total Cost": 105803.25, "Plan Rows": 22472, "Plan Width": 8, "Actual Startup Time": 0.04, "Actual Total Time": 1335.514, "Actual Rows": 21556, "Actual Loops": 1, "Filter": "((p_name)::text ~~ 'green%'::text)", "Rows Removed by Filter": 1978444}, {"Node Type": "Index Scan", "Parent Relationship": "Inner", "Scan Direction": "Forward", "Index Name": "idx_partsupp_partkey", "Relation Name": "partsupp", "Alias": "partsupp", "Startup Cost": 0.0, "Total Cost": 7.01, "Plan Rows": 3, "Plan Width": 24, "Actual Startup Time": 135.73, "Actual Total Time": 186.245, "Actual Rows": 86224, "Actual Loops": 21556, "Index Cond": "(ps_partkey = part.p_partkey)", "Rows Removed by Index Recheck": 0}]}, {"Node Type": "Sort", "Parent Relationship": "Inner", "Startup Cost": 7406937.34, "Total Cost": 7429616.54, "Plan Rows": 9071680, "Plan Width": 24, "Actual Startup Time": 39062.796, "Actual Total Time": 40490.921, "Actual Rows": 5530011, "Actual Loops": 1, "Sort Key": ["subquery.\"?column?\""], "Sort Method": "quicksort", "Sort Space Used": 706866, "Sort Space Type": "Memory", "Plans": [{"Node Type": "Subquery Scan", "Parent Relationship": "Outer", "Alias": "subquery", "Startup Cost": 6154458.63, "Total Cost": 6358571.43, "Plan Rows": 9071680, "Plan Width": 24, "Actual Startup Time": 31708.827, "Actual Total Time": 36686.27, "Actual Rows": 5442751, "Actual Loops": 1, "Plans": [{"Node Type": "Aggregate", "Strategy": "Hashed", "Parent Relationship": "Subquery", "Startup Cost": 6154458.63, "Total Cost": 6267854.63, "Plan Rows": 9071680, "Plan Width": 40, "Actual Startup Time": 31708.817, "Actual Total Time": 35673.483, "Actual Rows": 5442751, "Actual Loops": 1, "Group By Key": ["lineitem.l_partkey", "lineitem.l_suppkey"], "Plans": [{"Node Type": "Index Scan", "Parent Relationship": "Outer", "Scan Direction": "Forward", "Index Name": "idx_lineitem_shipdate", "Relation Name": "lineitem", "Alias": "lineitem", "Startup Cost": 0.0, "Total Cost": 6063741.83, "Plan Rows": 9071680, "Plan Width": 24, "Actual Startup Time": 0.084, "Actual Total Time": 23530.683, "Actual Rows": 9109641, "Actual Loops": 1, "Index Cond": "((l_shipdate >= '1993-01-01 00:00:00'::timestamp(0) without time zone) AND (l_shipdate < '1994-01-01 00:00:00'::timestamp without time zone)), (LLVM Optimized, Jit Execute)", "Rows Removed by Index Recheck": 0}]}]}]}]}]}]}]}, "Triggers": [], "Planner Runtime": 2, "Total Runtime": 93164.695, "Unique SQL Id": 202076520}}, "(64, 30)": {"explain_plan": {"Plan": {"Node Type": "Sort", "Startup Cost": 5050459.49, "Total Cost": 5050464.49, "Plan Rows": 2000, "Plan Width": 51, "Sort Key": ["supplier.s_name"], "Plans": [{"Node Type": "Nested Loop", "Parent Relationship": "Outer", "Join Type": "Semi", "Startup Cost": 4845541.8, "Total Cost": 5050349.83, "Plan Rows": 2000, "Plan Width": 51, "Inner Unique": false, "Join Filter": "(supplier.s_suppkey = subquery.\"?column?\")", "Plans": [{"Node Type": "Nested Loop", "Parent Relationship": "Outer", "Join Type": "Inner", "Startup Cost": 0.0, "Total Cost": 4534.31, "Plan Rows": 4000, "Plan Width": 59, "Inner Unique": false, "Join Filter": "(supplier.s_nationkey = nation.n_nationkey)", "Plans": [{"Node Type": "Seq Scan", "Parent Relationship": "Outer", "Relation Name": "nation", "Alias": "nation", "Startup Cost": 0.0, "Total Cost": 1.31, "Plan Rows": 1, "Plan Width": 4, "Filter": "(n_name = 'ALGERIA'::bpchar)"}, {"Node Type": "Seq Scan", "Parent Relationship": "Inner", "Relation Name": "supplier", "Alias": "supplier", "Startup Cost": 0.0, "Total Cost": 3283.0, "Plan Rows": 100000, "Plan Width": 63}]}, {"Node Type": "Materialize", "Parent Relationship": "Inner", "Startup Cost": 4845541.8, "Total Cost": 5045695.53, "Plan Rows": 2, "Plan Width": 16, "Plans": [{"Node Type": "Nested Loop", "Parent Relationship": "Outer", "Join Type": "Semi", "Startup Cost": 4845541.8, "Total Cost": 5045695.52, "Plan Rows": 2, "Plan Width": 16, "Inner Unique": false, "Join Filter": "(partsupp.ps_partkey = part.p_partkey)", "Plans": [{"Node Type": "Merge Join", "Parent Relationship": "Outer", "Join Type": "Inner", "Startup Cost": 4845541.8, "Total Cost": 4973582.96, "Plan Rows": 15, "Plan Width": 32, "Inner Unique": true, "Merge Cond": "((partsupp.ps_suppkey = subquery.\"?column?\") AND (partsupp.ps_partkey = subquery.\"?column?\"))", "Join Filter": "((partsupp.ps_availqty)::double precision > (.5::double precision * subquery.\"?column?\"))", "Plans": [{"Node Type": "Sort", "Parent Relationship": "Outer", "Startup Cost": 1187295.8, "Total Cost": 1207296.73, "Plan Rows": 8000372, "Plan Width": 24, "Sort Key": ["partsupp.ps_suppkey", "partsupp.ps_partkey"], "Plans": [{"Node Type": "Seq Scan", "Parent Relationship": "Outer", "Relation Name": "partsupp", "Alias": "partsupp", "Startup Cost": 0.0, "Total Cost": 269987.72, "Plan Rows": 8000372, "Plan Width": 24}]}, {"Node Type": "Sort", "Parent Relationship": "Inner", "Startup Cost": 3658246.0, "Total Cost": 3680925.2, "Plan Rows": 9071680, "Plan Width": 24, "Sort Key": ["subquery.\"?column?\"", "subquery.\"?column?\""], "Plans": [{"Node Type": "Subquery Scan", "Parent Relationship": "Outer", "Alias": "subquery", "Startup Cost": 2405767.29, "Total Cost": 2609880.09, "Plan Rows": 9071680, "Plan Width": 24, "Plans": [{"Node Type": "Aggregate", "Strategy": "Hashed", "Parent Relationship": "Subquery", "Startup Cost": 2405767.29, "Total Cost": 2519163.29, "Plan Rows": 9071680, "Plan Width": 40, "Group By Key": ["lineitem.l_partkey", "lineitem.l_suppkey"], "Plans": [{"Node Type": "Seq Scan", "Parent Relationship": "Outer", "Relation Name": "lineitem", "Alias": "lineitem", "Startup Cost": 119.57, "Total Cost": 2315050.5, "Plan Rows": 9071680, "Plan Width": 24, "Filter": "((l_shipdate >= '1993-01-01 00:00:00'::timestamp(0) without time zone) AND (l_shipdate < '1994-01-01 00:00:00'::timestamp without time zone)), (LLVM Optimized)"}]}]}]}]}, {"Node Type": "Materialize", "Parent Relationship": "Inner", "Startup Cost": 0.0, "Total Cost": 67056.36, "Plan Rows": 22472, "Plan Width": 8, "Plans": [{"Node Type": "Seq Scan", "Parent Relationship": "Outer", "Relation Name": "part", "Alias": "part", "Startup Cost": 0.0, "Total Cost": 66944.0, "Plan Rows": 22472, "Plan Width": 8, "Filter": "((p_name)::text ~~ 'green%'::text)"}]}]}]}]}]}, "Unique SQL Id": 202076520, "Planner Runtime": 2}, "explain_analyze_plan": null}, "(64, 31)": {"explain_plan": {"Plan": {"Node Type": "Sort", "Startup Cost": 5018253560954.49, "Total Cost": 5018253560959.49, "Plan Rows": 2000, "Plan Width": 51, "Sort Key": ["supplier.s_name"], "Plans": [{"Node Type": "Merge Join", "Parent Relationship": "Outer", "Join Type": "Semi", "Startup Cost": 1040805475552.94, "Total Cost": 5018253560844.84, "Plan Rows": 2000, "Plan Width": 51, "Inner Unique": false, "Merge Cond": "(supplier.s_suppkey = subquery.\"?column?\")", "Plans": [{"Node Type": "Nested Loop", "Parent Relationship": "Outer", "Join Type": "Inner", "Startup Cost": 20000000000.0, "Total Cost": 2000000536223.13, "Plan Rows": 4000, "Plan Width": 59, "Inner Unique": true, "Join Filter": "(supplier.s_nationkey = nation.n_nationkey)", "Plans": [{"Node Type": "Index Scan", "Parent Relationship": "Outer", "Scan Direction": "Forward", "Index Name": "supplier_pkey", "Relation Name": "supplier", "Alias": "supplier", "Startup Cost": 10000000000.0, "Total Cost": 1000000533454.38, "Plan Rows": 100000, "Plan Width": 63}, {"Node Type": "Materialize", "Parent Relationship": "Inner", "Startup Cost": 10000000000.0, "Total Cost": 1000000001268.76, "Plan Rows": 1, "Plan Width": 4, "Plans": [{"Node Type": "Index Scan", "Parent Relationship": "Outer", "Scan Direction": "Forward", "Index Name": "nation_pkey", "Relation Name": "nation", "Alias": "nation", "Startup Cost": 10000000000.0, "Total Cost": 1000000001268.75, "Plan Rows": 1, "Plan Width": 4, "Filter": "(n_name = 'ALGERIA'::bpchar)"}]}]}, {"Node Type": "Materialize", "Parent Relationship": "Inner", "Startup Cost": 1020805475552.94, "Total Cost": 3018253024611.68, "Plan Rows": 2, "Plan Width": 16, "Plans": [{"Node Type": "Nested Loop", "Parent Relationship": "Outer", "Join Type": "Inner", "Startup Cost": 1020805475552.94, "Total Cost": 3018253024611.67, "Plan Rows": 2, "Plan Width": 16, "Inner Unique": true, "Join Filter": "((partsupp.ps_partkey = subquery.\"?column?\") AND (partsupp.ps_suppkey = subquery.\"?column?\") AND ((partsupp.ps_availqty)::double precision > (.5::double precision * subquery.\"?column?\")))", "Plans": [{"Node Type": "Nested Loop", "Parent Relationship": "Outer", "Join Type": "Semi", "Startup Cost": 20000000000.0, "Total Cost": 2002807445082.73, "Plan Rows": 64552, "Plan Width": 32, "Inner Unique": false, "Join Filter": "(partsupp.ps_partkey = part.p_partkey)", "Plans": [{"Node Type": "Index Scan", "Parent Relationship": "Outer", "Scan Direction": "Forward", "Index Name": "idx_partsupp_suppkey", "Relation Name": "partsupp", "Alias": "partsupp", "Startup Cost": 10000000000.0, "Total Cost": 1000100160480.77, "Plan Rows": 8000372, "Plan Width": 24}, {"Node Type": "Materialize", "Parent Relationship": "Inner", "Startup Cost": 10000000000.0, "Total Cost": 1000010580437.36, "Plan Rows": 22472, "Plan Width": 8, "Plans": [{"Node Type": "Index Scan", "Parent Relationship": "Outer", "Scan Direction": "Forward", "Index Name": "part_kpey", "Relation Name": "part", "Alias": "part", "Startup Cost": 10000000000.0, "Total Cost": 1000010580325.0, "Plan Rows": 22472, "Plan Width": 8, "Filter": "((p_name)::text ~~ 'green%'::text)"}]}]}, {"Node Type": "Materialize", "Parent Relationship": "Inner", "Startup Cost": 1000805475552.94, "Total Cost": 1000805725024.14, "Plan Rows": 9071680, "Plan Width": 24, "Plans": [{"Node Type": "Subquery Scan", "Parent Relationship": "Outer", "Alias": "subquery", "Startup Cost": 1000805475552.94, "Total Cost": 1000805679665.74, "Plan Rows": 9071680, "Plan Width": 24, "Plans": [{"Node Type": "Aggregate", "Strategy": "Hashed", "Parent Relationship": "Subquery", "Startup Cost": 1000805475552.94, "Total Cost": 1000805588948.94, "Plan Rows": 9071680, "Plan Width": 40, "Group By Key": ["lineitem.l_partkey", "lineitem.l_suppkey"], "Plans": [{"Node Type": "Index Scan", "Parent Relationship": "Outer", "Scan Direction": "Forward", "Index Name": "idx_lineitem_part_supp", "Relation Name": "lineitem", "Alias": "lineitem", "Startup Cost": 10000000000.0, "Total Cost": 1000805384836.14, "Plan Rows": 9071680, "Plan Width": 24, "Filter": "((l_shipdate >= '1993-01-01 00:00:00'::timestamp(0) without time zone) AND (l_shipdate < '1994-01-01 00:00:00'::timestamp without time zone)), (LLVM Optimized)"}]}]}]}]}]}]}]}, "Unique SQL Id": 202076520, "Planner Runtime": 2}, "explain_analyze_plan": null}, "(64, 32)": {"explain_plan": {"Plan": {"Node Type": "Sort", "Startup Cost": 2481984.46, "Total Cost": 2481989.46, "Plan Rows": 2000, "Plan Width": 51, "Sort Key": ["supplier.s_name"], "Plans": [{"Node Type": "Nested Loop", "Parent Relationship": "Outer", "Join Type": "Semi", "Startup Cost": 2182390.78, "Total Cost": 2481874.8, "Plan Rows": 2000, "Plan Width": 51, "Inner Unique": false, "Join Filter": "(supplier.s_suppkey = lineitem.l_suppkey)", "Plans": [{"Node Type": "Nested Loop", "Parent Relationship": "Outer", "Join Type": "Inner", "Startup Cost": 0.0, "Total Cost": 4534.31, "Plan Rows": 4000, "Plan Width": 59, "Inner Unique": false, "Join Filter": "(supplier.s_nationkey = nation.n_nationkey)", "Plans": [{"Node Type": "Seq Scan", "Parent Relationship": "Outer", "Relation Name": "nation", "Alias": "nation", "Startup Cost": 0.0, "Total Cost": 1.31, "Plan Rows": 1, "Plan Width": 4, "Filter": "(n_name = 'ALGERIA'::bpchar)"}, {"Node Type": "Seq Scan", "Parent Relationship": "Inner", "Relation Name": "supplier", "Alias": "supplier", "Startup Cost": 0.0, "Total Cost": 3283.0, "Plan Rows": 100000, "Plan Width": 63}]}, {"Node Type": "Materialize", "Parent Relationship": "Inner", "Startup Cost": 2182390.78, "Total Cost": 2477220.5, "Plan Rows": 2, "Plan Width": 16, "Plans": [{"Node Type": "Hash Join", "Parent Relationship": "Outer", "Join Type": "Inner", "Startup Cost": 2182390.78, "Total Cost": 2477220.49, "Plan Rows": 2, "Plan Width": 16, "Inner Unique": false, "Hash Cond": "((lineitem.l_partkey = partsupp.ps_partkey) AND (lineitem.l_suppkey = partsupp.ps_suppkey))", "Join Filter": "((partsupp.ps_availqty)::double precision > (.5::double precision * (sum(lineitem.l_quantity))))", "Plans": [{"Node Type": "Aggregate", "Strategy": "Hashed", "Parent Relationship": "Outer", "Startup Cost": 1956349.97, "Total Cost": 2069745.97, "Plan Rows": 9071680, "Plan Width": 40, "Group By Key": ["lineitem.l_partkey", "lineitem.l_suppkey"], "Plans": [{"Node Type": "Bitmap Heap Scan", "Parent Relationship": "Outer", "Relation Name": "lineitem", "Alias": "lineitem", "Startup Cost": 314312.97, "Total Cost": 1865633.17, "Plan Rows": 9071680, "Plan Width": 24, "Recheck Cond": "((l_shipdate >= '1993-01-01 00:00:00'::timestamp(0) without time zone) AND (l_shipdate < '1994-01-01 00:00:00'::timestamp without time zone)), (LLVM Optimized)", "Plans": [{"Node Type": "Bitmap Index Scan", "Parent Relationship": "Outer", "Index Name": "idx_lineitem_shipdate", "Startup Cost": 0.0, "Total Cost": 312045.05, "Plan Rows": 9071680, "Plan Width": 0, "Index Cond": "((l_shipdate >= '1993-01-01 00:00:00'::timestamp(0) without time zone) AND (l_shipdate < '1994-01-01 00:00:00'::timestamp without time zone))"}]}]}, {"Node Type": "Hash", "Parent Relationship": "Inner", "Startup Cost": 225072.53, "Total Cost": 225072.53, "Plan Rows": 64552, "Plan Width": 32, "Plans": [{"Node Type": "Nested Loop", "Parent Relationship": "Outer", "Join Type": "Inner", "Startup Cost": 0.0, "Total Cost": 225072.53, "Plan Rows": 64552, "Plan Width": 32, "Inner Unique": false, "Plans": [{"Node Type": "Seq Scan", "Parent Relationship": "Outer", "Relation Name": "part", "Alias": "part", "Startup Cost": 0.0, "Total Cost": 66944.0, "Plan Rows": 22472, "Plan Width": 8, "Filter": "((p_name)::text ~~ 'green%'::text)"}, {"Node Type": "Index Scan", "Parent Relationship": "Inner", "Scan Direction": "Forward", "Index Name": "idx_partsupp_partkey", "Relation Name": "partsupp", "Alias": "partsupp", "Startup Cost": 0.0, "Total Cost": 7.01, "Plan Rows": 3, "Plan Width": 24, "Index Cond": "(ps_partkey = part.p_partkey)"}]}]}]}]}]}]}, "Unique SQL Id": 202076520, "Planner Runtime": 2}, "explain_analyze_plan": {"Plan": {"Node Type": "Sort", "Startup Cost": 2481984.46, "Total Cost": 2481989.46, "Plan Rows": 2000, "Plan Width": 51, "Actual Startup Time": 76809.017, "Actual Total Time": 76809.18, "Actual Rows": 1746, "Actual Loops": 1, "Sort Key": ["supplier.s_name"], "Sort Method": "quicksort", "Sort Space Used": 309, "Sort Space Type": "Memory", "Plans": [{"Node Type": "Nested Loop", "Parent Relationship": "Outer", "Join Type": "Semi", "Startup Cost": 2182390.78, "Total Cost": 2481874.8, "Plan Rows": 2000, "Plan Width": 51, "Actual Startup Time": 25995.185, "Actual Total Time": 76801.825, "Actual Rows": 1746, "Actual Loops": 1, "Inner Unique": false, "Join Filter": "(supplier.s_suppkey = lineitem.l_suppkey)", "Rows Removed by Join Filter": 174379316, "Plans": [{"Node Type": "Nested Loop", "Parent Relationship": "Outer", "Join Type": "Inner", "Startup Cost": 0.0, "Total Cost": 4534.31, "Plan Rows": 4000, "Plan Width": 59, "Actual Startup Time": 0.051, "Actual Total Time": 71.87, "Actual Rows": 3934, "Actual Loops": 1, "Inner Unique": false, "Join Filter": "(supplier.s_nationkey = nation.n_nationkey)", "Rows Removed by Join Filter": 96066, "Plans": [{"Node Type": "Seq Scan", "Parent Relationship": "Outer", "Relation Name": "nation", "Alias": "nation", "Startup Cost": 0.0, "Total Cost": 1.31, "Plan Rows": 1, "Plan Width": 4, "Actual Startup Time": 0.023, "Actual Total Time": 0.044, "Actual Rows": 1, "Actual Loops": 1, "Filter": "(n_name = 'ALGERIA'::bpchar)", "Rows Removed by Filter": 24}, {"Node Type": "Seq Scan", "Parent Relationship": "Inner", "Relation Name": "supplier", "Alias": "supplier", "Startup Cost": 0.0, "Total Cost": 3283.0, "Plan Rows": 100000, "Plan Width": 63, "Actual Startup Time": 0.013, "Actual Total Time": 42.509, "Actual Rows": 100000, "Actual Loops": 1}]}, {"Node Type": "Materialize", "Parent Relationship": "Inner", "Startup Cost": 2182390.78, "Total Cost": 2477220.5, "Plan Rows": 2, "Plan Width": 16, "Actual Startup Time": 20856.512, "Actual Total Time": 43846.016, "Actual Rows": 174381062, "Actual Loops": 3934, "Plans": [{"Node Type": "Hash Join", "Parent Relationship": "Outer", "Join Type": "Inner", "Startup Cost": 2182390.78, "Total Cost": 2477220.49, "Plan Rows": 2, "Plan Width": 16, "Actual Startup Time": 20855.802, "Actual Total Time": 25950.025, "Actual Rows": 58537, "Actual Loops": 1, "Inner Unique": false, "Hash Cond": "((lineitem.l_partkey = partsupp.ps_partkey) AND (lineitem.l_suppkey = partsupp.ps_suppkey))", "Join Filter": "((partsupp.ps_availqty)::double precision > (.5::double precision * (sum(lineitem.l_quantity))))", "Rows Removed by Join Filter": 136, "Plans": [{"Node Type": "Aggregate", "Strategy": "Hashed", "Parent Relationship": "Outer", "Startup Cost": 1956349.97, "Total Cost": 2069745.97, "Plan Rows": 9071680, "Plan Width": 40, "Actual Startup Time": 19872.108, "Actual Total Time": 23306.925, "Actual Rows": 5442751, "Actual Loops": 1, "Group By Key": ["lineitem.l_partkey", "lineitem.l_suppkey"], "Plans": [{"Node Type": "Bitmap Heap Scan", "Parent Relationship": "Outer", "Relation Name": "lineitem", "Alias": "lineitem", "Startup Cost": 314312.97, "Total Cost": 1865633.17, "Plan Rows": 9071680, "Plan Width": 24, "Actual Startup Time": 3912.7, "Actual Total Time": 11482.825, "Actual Rows": 9109641, "Actual Loops": 1, "Recheck Cond": "((l_shipdate >= '1993-01-01 00:00:00'::timestamp(0) without time zone) AND (l_shipdate < '1994-01-01 00:00:00'::timestamp without time zone)), (LLVM Optimized, Jit Execute)", "Rows Removed by Index Recheck": 0, "Exact Heap Blocks": 1252335, "Lossy Heap Blocks": 1252335, "Plans": [{"Node Type": "Bitmap Index Scan", "Parent Relationship": "Outer", "Index Name": "idx_lineitem_shipdate", "Startup Cost": 0.0, "Total Cost": 312045.05, "Plan Rows": 9071680, "Plan Width": 0, "Actual Startup Time": 3308.829, "Actual Total Time": 3308.829, "Actual Rows": 9109641, "Actual Loops": 1, "Index Cond": "((l_shipdate >= '1993-01-01 00:00:00'::timestamp(0) without time zone) AND (l_shipdate < '1994-01-01 00:00:00'::timestamp without time zone))"}]}]}, {"Node Type": "Hash", "Parent Relationship": "Inner", "Startup Cost": 225072.53, "Total Cost": 225072.53, "Plan Rows": 64552, "Plan Width": 32, "Actual Startup Time": 983.51, "Actual Total Time": 983.51, "Actual Rows": 86224, "Actual Loops": 1, "Hash Buckets": 65536, "Hash Batches": 1, "Original Hash Batches": 1, "Peak Memory Usage": 5389, "Plans": [{"Node Type": "Nested Loop", "Parent Relationship": "Outer", "Join Type": "Inner", "Startup Cost": 0.0, "Total Cost": 225072.53, "Plan Rows": 64552, "Plan Width": 32, "Actual Startup Time": 0.042, "Actual Total Time": 949.255, "Actual Rows": 86224, "Actual Loops": 1, "Inner Unique": false, "Plans": [{"Node Type": "Seq Scan", "Parent Relationship": "Outer", "Relation Name": "part", "Alias": "part", "Startup Cost": 0.0, "Total Cost": 66944.0, "Plan Rows": 22472, "Plan Width": 8, "Actual Startup Time": 0.024, "Actual Total Time": 758.876, "Actual Rows": 21556, "Actual Loops": 1, "Filter": "((p_name)::text ~~ 'green%'::text)", "Rows Removed by Filter": 1978444}, {"Node Type": "Index Scan", "Parent Relationship": "Inner", "Scan Direction": "Forward", "Index Name": "idx_partsupp_partkey", "Relation Name": "partsupp", "Alias": "partsupp", "Startup Cost": 0.0, "Total Cost": 7.01, "Plan Rows": 3, "Plan Width": 24, "Actual Startup Time": 117.181, "Actual Total Time": 157.663, "Actual Rows": 86224, "Actual Loops": 21556, "Index Cond": "(ps_partkey = part.p_partkey)", "Rows Removed by Index Recheck": 0}]}]}]}]}]}]}, "Triggers": [], "Planner Runtime": 2, "Total Runtime": 76820.083, "Unique SQL Id": 202076520}}, "(64, 33)": {"explain_plan": {"Plan": {"Node Type": "Sort", "Startup Cost": 2522906.63, "Total Cost": 2522911.63, "Plan Rows": 2000, "Plan Width": 51, "Sort Key": ["supplier.s_name"], "Plans": [{"Node Type": "Nested Loop", "Parent Relationship": "Outer", "Join Type": "Semi", "Startup Cost": 2221250.03, "Total Cost": 2522796.97, "Plan Rows": 2000, "Plan Width": 51, "Inner Unique": false, "Join Filter": "(supplier.s_suppkey = lineitem.l_suppkey)", "Plans": [{"Node Type": "Nested Loop", "Parent Relationship": "Outer", "Join Type": "Inner", "Startup Cost": 0.0, "Total Cost": 6597.23, "Plan Rows": 4000, "Plan Width": 59, "Inner Unique": false, "Join Filter": "(supplier.s_nationkey = nation.n_nationkey)", "Plans": [{"Node Type": "Index Scan", "Parent Relationship": "Outer", "Scan Direction": "Forward", "Index Name": "nation_pkey", "Relation Name": "nation", "Alias": "nation", "Startup Cost": 0.0, "Total Cost": 12.69, "Plan Rows": 1, "Plan Width": 4, "Filter": "(n_name = 'ALGERIA'::bpchar)"}, {"Node Type": "Index Scan", "Parent Relationship": "Inner", "Scan Direction": "Forward", "Index Name": "supplier_pkey", "Relation Name": "supplier", "Alias": "supplier", "Startup Cost": 0.0, "Total Cost": 5334.54, "Plan Rows": 100000, "Plan Width": 63}]}, {"Node Type": "Materialize", "Parent Relationship": "Inner", "Startup Cost": 2221250.03, "Total Cost": 2516079.75, "Plan Rows": 2, "Plan Width": 16, "Plans": [{"Node Type": "Hash Join", "Parent Relationship": "Outer", "Join Type": "Inner", "Startup Cost": 2221250.03, "Total Cost": 2516079.74, "Plan Rows": 2, "Plan Width": 16, "Inner Unique": false, "Hash Cond": "((lineitem.l_partkey = partsupp.ps_partkey) AND (lineitem.l_suppkey = partsupp.ps_suppkey))", "Join Filter": "((partsupp.ps_availqty)::double precision > (.5::double precision * (sum(lineitem.l_quantity))))", "Plans": [{"Node Type": "Aggregate", "Strategy": "Hashed", "Parent Relationship": "Outer", "Startup Cost": 1956349.97, "Total Cost": 2069745.97, "Plan Rows": 9071680, "Plan Width": 40, "Group By Key": ["lineitem.l_partkey", "lineitem.l_suppkey"], "Plans": [{"Node Type": "Bitmap Heap Scan", "Parent Relationship": "Outer", "Relation Name": "lineitem", "Alias": "lineitem", "Startup Cost": 314312.97, "Total Cost": 1865633.17, "Plan Rows": 9071680, "Plan Width": 24, "Recheck Cond": "((l_shipdate >= '1993-01-01 00:00:00'::timestamp(0) without time zone) AND (l_shipdate < '1994-01-01 00:00:00'::timestamp without time zone)), (LLVM Optimized)", "Plans": [{"Node Type": "Bitmap Index Scan", "Parent Relationship": "Outer", "Index Name": "idx_lineitem_shipdate", "Startup Cost": 0.0, "Total Cost": 312045.05, "Plan Rows": 9071680, "Plan Width": 0, "Index Cond": "((l_shipdate >= '1993-01-01 00:00:00'::timestamp(0) without time zone) AND (l_shipdate < '1994-01-01 00:00:00'::timestamp without time zone))"}]}]}, {"Node Type": "Hash", "Parent Relationship": "Inner", "Startup Cost": 263931.78, "Total Cost": 263931.78, "Plan Rows": 64552, "Plan Width": 32, "Plans": [{"Node Type": "Nested Loop", "Parent Relationship": "Outer", "Join Type": "Inner", "Startup Cost": 0.0, "Total Cost": 263931.78, "Plan Rows": 64552, "Plan Width": 32, "Inner Unique": false, "Plans": [{"Node Type": "Index Scan", "Parent Relationship": "Outer", "Scan Direction": "Forward", "Index Name": "part_kpey", "Relation Name": "part", "Alias": "part", "Startup Cost": 0.0, "Total Cost": 105803.25, "Plan Rows": 22472, "Plan Width": 8, "Filter": "((p_name)::text ~~ 'green%'::text)"}, {"Node Type": "Index Scan", "Parent Relationship": "Inner", "Scan Direction": "Forward", "Index Name": "idx_partsupp_partkey", "Relation Name": "partsupp", "Alias": "partsupp", "Startup Cost": 0.0, "Total Cost": 7.01, "Plan Rows": 3, "Plan Width": 24, "Index Cond": "(ps_partkey = part.p_partkey)"}]}]}]}]}]}]}, "Unique SQL Id": 202076520, "Planner Runtime": 2}, "explain_analyze_plan": {"Plan": {"Node Type": "Sort", "Startup Cost": 2522906.63, "Total Cost": 2522911.63, "Plan Rows": 2000, "Plan Width": 51, "Actual Startup Time": 75645.148, "Actual Total Time": 75645.302, "Actual Rows": 1746, "Actual Loops": 1, "Sort Key": ["supplier.s_name"], "Sort Method": "quicksort", "Sort Space Used": 309, "Sort Space Type": "Memory", "Plans": [{"Node Type": "Nested Loop", "Parent Relationship": "Outer", "Join Type": "Semi", "Startup Cost": 2221250.03, "Total Cost": 2522796.97, "Plan Rows": 2000, "Plan Width": 51, "Actual Startup Time": 24434.252, "Actual Total Time": 75640.65, "Actual Rows": 1746, "Actual Loops": 1, "Inner Unique": false, "Join Filter": "(supplier.s_suppkey = lineitem.l_suppkey)", "Rows Removed by Join Filter": 174379316, "Plans": [{"Node Type": "Nested Loop", "Parent Relationship": "Outer", "Join Type": "Inner", "Startup Cost": 0.0, "Total Cost": 6597.23, "Plan Rows": 4000, "Plan Width": 59, "Actual Startup Time": 0.061, "Actual Total Time": 96.528, "Actual Rows": 3934, "Actual Loops": 1, "Inner Unique": false, "Join Filter": "(supplier.s_nationkey = nation.n_nationkey)", "Rows Removed by Join Filter": 96066, "Plans": [{"Node Type": "Index Scan", "Parent Relationship": "Outer", "Scan Direction": "Forward", "Index Name": "nation_pkey", "Relation Name": "nation", "Alias": "nation", "Startup Cost": 0.0, "Total Cost": 12.69, "Plan Rows": 1, "Plan Width": 4, "Actual Startup Time": 0.021, "Actual Total Time": 0.079, "Actual Rows": 1, "Actual Loops": 1, "Filter": "(n_name = 'ALGERIA'::bpchar)", "Rows Removed by Filter": 24}, {"Node Type": "Index Scan", "Parent Relationship": "Inner", "Scan Direction": "Forward", "Index Name": "supplier_pkey", "Relation Name": "supplier", "Alias": "supplier", "Startup Cost": 0.0, "Total Cost": 5334.54, "Plan Rows": 100000, "Plan Width": 63, "Actual Startup Time": 0.02, "Actual Total Time": 68.713, "Actual Rows": 100000, "Actual Loops": 1}]}, {"Node Type": "Materialize", "Parent Relationship": "Inner", "Startup Cost": 2221250.03, "Total Cost": 2516079.75, "Plan Rows": 2, "Plan Width": 16, "Actual Startup Time": 19925.756, "Actual Total Time": 42621.647, "Actual Rows": 174381062, "Actual Loops": 3934, "Plans": [{"Node Type": "Hash Join", "Parent Relationship": "Outer", "Join Type": "Inner", "Startup Cost": 2221250.03, "Total Cost": 2516079.74, "Plan Rows": 2, "Plan Width": 16, "Actual Startup Time": 19924.996, "Actual Total Time": 24390.525, "Actual Rows": 58537, "Actual Loops": 1, "Inner Unique": false, "Hash Cond": "((lineitem.l_partkey = partsupp.ps_partkey) AND (lineitem.l_suppkey = partsupp.ps_suppkey))", "Join Filter": "((partsupp.ps_availqty)::double precision > (.5::double precision * (sum(lineitem.l_quantity))))", "Rows Removed by Join Filter": 136, "Plans": [{"Node Type": "Aggregate", "Strategy": "Hashed", "Parent Relationship": "Outer", "Startup Cost": 1956349.97, "Total Cost": 2069745.97, "Plan Rows": 9071680, "Plan Width": 40, "Actual Startup Time": 18472.369, "Actual Total Time": 21355.61, "Actual Rows": 5442751, "Actual Loops": 1, "Group By Key": ["lineitem.l_partkey", "lineitem.l_suppkey"], "Plans": [{"Node Type": "Bitmap Heap Scan", "Parent Relationship": "Outer", "Relation Name": "lineitem", "Alias": "lineitem", "Startup Cost": 314312.97, "Total Cost": 1865633.17, "Plan Rows": 9071680, "Plan Width": 24, "Actual Startup Time": 3956.815, "Actual Total Time": 11685.577, "Actual Rows": 9109641, "Actual Loops": 1, "Recheck Cond": "((l_shipdate >= '1993-01-01 00:00:00'::timestamp(0) without time zone) AND (l_shipdate < '1994-01-01 00:00:00'::timestamp without time zone)), (LLVM Optimized, Jit Execute)", "Rows Removed by Index Recheck": 0, "Exact Heap Blocks": 1252335, "Lossy Heap Blocks": 1252335, "Plans": [{"Node Type": "Bitmap Index Scan", "Parent Relationship": "Outer", "Index Name": "idx_lineitem_shipdate", "Startup Cost": 0.0, "Total Cost": 312045.05, "Plan Rows": 9071680, "Plan Width": 0, "Actual Startup Time": 3253.565, "Actual Total Time": 3253.565, "Actual Rows": 9109641, "Actual Loops": 1, "Index Cond": "((l_shipdate >= '1993-01-01 00:00:00'::timestamp(0) without time zone) AND (l_shipdate < '1994-01-01 00:00:00'::timestamp without time zone))"}]}]}, {"Node Type": "Hash", "Parent Relationship": "Inner", "Startup Cost": 263931.78, "Total Cost": 263931.78, "Plan Rows": 64552, "Plan Width": 32, "Actual Startup Time": 1452.469, "Actual Total Time": 1452.469, "Actual Rows": 86224, "Actual Loops": 1, "Hash Buckets": 65536, "Hash Batches": 1, "Original Hash Batches": 1, "Peak Memory Usage": 5389, "Plans": [{"Node Type": "Nested Loop", "Parent Relationship": "Outer", "Join Type": "Inner", "Startup Cost": 0.0, "Total Cost": 263931.78, "Plan Rows": 64552, "Plan Width": 32, "Actual Startup Time": 0.051, "Actual Total Time": 1420.258, "Actual Rows": 86224, "Actual Loops": 1, "Inner Unique": false, "Plans": [{"Node Type": "Index Scan", "Parent Relationship": "Outer", "Scan Direction": "Forward", "Index Name": "part_kpey", "Relation Name": "part", "Alias": "part", "Startup Cost": 0.0, "Total Cost": 105803.25, "Plan Rows": 22472, "Plan Width": 8, "Actual Startup Time": 0.04, "Actual Total Time": 1239.078, "Actual Rows": 21556, "Actual Loops": 1, "Filter": "((p_name)::text ~~ 'green%'::text)", "Rows Removed by Filter": 1978444}, {"Node Type": "Index Scan", "Parent Relationship": "Inner", "Scan Direction": "Forward", "Index Name": "idx_partsupp_partkey", "Relation Name": "partsupp", "Alias": "partsupp", "Startup Cost": 0.0, "Total Cost": 7.01, "Plan Rows": 3, "Plan Width": 24, "Actual Startup Time": 109.097, "Actual Total Time": 147.995, "Actual Rows": 86224, "Actual Loops": 21556, "Index Cond": "(ps_partkey = part.p_partkey)", "Rows Removed by Index Recheck": 0}]}]}]}]}]}]}, "Triggers": [], "Planner Runtime": 2, "Total Runtime": 75656.268, "Unique SQL Id": 202076520}}, "(64, 34)": {"explain_plan": {"Plan": {"Node Type": "Sort", "Startup Cost": 2614774.64, "Total Cost": 2614779.64, "Plan Rows": 2000, "Plan Width": 51, "Sort Key": ["supplier.s_name"], "Plans": [{"Node Type": "Nested Loop", "Parent Relationship": "Outer", "Join Type": "Semi", "Startup Cost": 2315180.96, "Total Cost": 2614664.98, "Plan Rows": 2000, "Plan Width": 51, "Inner Unique": false, "Join Filter": "(supplier.s_suppkey = lineitem.l_suppkey)", "Plans": [{"Node Type": "Nested Loop", "Parent Relationship": "Outer", "Join Type": "Inner", "Startup Cost": 0.0, "Total Cost": 4534.31, "Plan Rows": 4000, "Plan Width": 59, "Inner Unique": false, "Join Filter": "(supplier.s_nationkey = nation.n_nationkey)", "Plans": [{"Node Type": "Seq Scan", "Parent Relationship": "Outer", "Relation Name": "nation", "Alias": "nation", "Startup Cost": 0.0, "Total Cost": 1.31, "Plan Rows": 1, "Plan Width": 4, "Filter": "(n_name = 'ALGERIA'::bpchar)"}, {"Node Type": "Seq Scan", "Parent Relationship": "Inner", "Relation Name": "supplier", "Alias": "supplier", "Startup Cost": 0.0, "Total Cost": 3283.0, "Plan Rows": 100000, "Plan Width": 63}]}, {"Node Type": "Materialize", "Parent Relationship": "Inner", "Startup Cost": 2315180.96, "Total Cost": 2610010.68, "Plan Rows": 2, "Plan Width": 16, "Plans": [{"Node Type": "Hash Join", "Parent Relationship": "Outer", "Join Type": "Inner", "Startup Cost": 2315180.96, "Total Cost": 2610010.67, "Plan Rows": 2, "Plan Width": 16, "Inner Unique": false, "Hash Cond": "((lineitem.l_partkey = partsupp.ps_partkey) AND (lineitem.l_suppkey = partsupp.ps_suppkey))", "Join Filter": "((partsupp.ps_availqty)::double precision > (.5::double precision * (sum(lineitem.l_quantity))))", "Plans": [{"Node Type": "Aggregate", "Strategy": "Hashed", "Parent Relationship": "Outer", "Startup Cost": 1956349.97, "Total Cost": 2069745.97, "Plan Rows": 9071680, "Plan Width": 40, "Group By Key": ["lineitem.l_partkey", "lineitem.l_suppkey"], "Plans": [{"Node Type": "Bitmap Heap Scan", "Parent Relationship": "Outer", "Relation Name": "lineitem", "Alias": "lineitem", "Startup Cost": 314312.97, "Total Cost": 1865633.17, "Plan Rows": 9071680, "Plan Width": 24, "Recheck Cond": "((l_shipdate >= '1993-01-01 00:00:00'::timestamp(0) without time zone) AND (l_shipdate < '1994-01-01 00:00:00'::timestamp without time zone)), (LLVM Optimized)", "Plans": [{"Node Type": "Bitmap Index Scan", "Parent Relationship": "Outer", "Index Name": "idx_lineitem_shipdate", "Startup Cost": 0.0, "Total Cost": 312045.05, "Plan Rows": 9071680, "Plan Width": 0, "Index Cond": "((l_shipdate >= '1993-01-01 00:00:00'::timestamp(0) without time zone) AND (l_shipdate < '1994-01-01 00:00:00'::timestamp without time zone))"}]}]}, {"Node Type": "Hash", "Parent Relationship": "Inner", "Startup Cost": 357862.71, "Total Cost": 357862.71, "Plan Rows": 64552, "Plan Width": 32, "Plans": [{"Node Type": "Hash Join", "Parent Relationship": "Outer", "Join Type": "Inner", "Startup Cost": 67224.9, "Total Cost": 357862.71, "Plan Rows": 64552, "Plan Width": 32, "Inner Unique": true, "Hash Cond": "(partsupp.ps_partkey = part.p_partkey)", "Plans": [{"Node Type": "Seq Scan", "Parent Relationship": "Outer", "Relation Name": "partsupp", "Alias": "partsupp", "Startup Cost": 0.0, "Total Cost": 269987.72, "Plan Rows": 8000372, "Plan Width": 24}, {"Node Type": "Hash", "Parent Relationship": "Inner", "Startup Cost": 66944.0, "Total Cost": 66944.0, "Plan Rows": 22472, "Plan Width": 8, "Plans": [{"Node Type": "Seq Scan", "Parent Relationship": "Outer", "Relation Name": "part", "Alias": "part", "Startup Cost": 0.0, "Total Cost": 66944.0, "Plan Rows": 22472, "Plan Width": 8, "Filter": "((p_name)::text ~~ 'green%'::text)"}]}]}]}]}]}]}]}, "Unique SQL Id": 202076520, "Planner Runtime": 2}, "explain_analyze_plan": {"Plan": {"Node Type": "Sort", "Startup Cost": 2614774.64, "Total Cost": 2614779.64, "Plan Rows": 2000, "Plan Width": 51, "Actual Startup Time": 80540.972, "Actual Total Time": 80541.131, "Actual Rows": 1746, "Actual Loops": 1, "Sort Key": ["supplier.s_name"], "Sort Method": "quicksort", "Sort Space Used": 309, "Sort Space Type": "Memory", "Plans": [{"Node Type": "Nested Loop", "Parent Relationship": "Outer", "Join Type": "Semi", "Startup Cost": 2315180.96, "Total Cost": 2614664.98, "Plan Rows": 2000, "Plan Width": 51, "Actual Startup Time": 29236.729, "Actual Total Time": 80533.516, "Actual Rows": 1746, "Actual Loops": 1, "Inner Unique": false, "Join Filter": "(supplier.s_suppkey = lineitem.l_suppkey)", "Rows Removed by Join Filter": 174379316, "Plans": [{"Node Type": "Nested Loop", "Parent Relationship": "Outer", "Join Type": "Inner", "Startup Cost": 0.0, "Total Cost": 4534.31, "Plan Rows": 4000, "Plan Width": 59, "Actual Startup Time": 0.065, "Actual Total Time": 72.036, "Actual Rows": 3934, "Actual Loops": 1, "Inner Unique": false, "Join Filter": "(supplier.s_nationkey = nation.n_nationkey)", "Rows Removed by Join Filter": 96066, "Plans": [{"Node Type": "Seq Scan", "Parent Relationship": "Outer", "Relation Name": "nation", "Alias": "nation", "Startup Cost": 0.0, "Total Cost": 1.31, "Plan Rows": 1, "Plan Width": 4, "Actual Startup Time": 0.03, "Actual Total Time": 0.05, "Actual Rows": 1, "Actual Loops": 1, "Filter": "(n_name = 'ALGERIA'::bpchar)", "Rows Removed by Filter": 24}, {"Node Type": "Seq Scan", "Parent Relationship": "Inner", "Relation Name": "supplier", "Alias": "supplier", "Startup Cost": 0.0, "Total Cost": 3283.0, "Plan Rows": 100000, "Plan Width": 63, "Actual Startup Time": 0.016, "Actual Total Time": 42.234, "Actual Rows": 100000, "Actual Loops": 1}]}, {"Node Type": "Materialize", "Parent Relationship": "Inner", "Startup Cost": 2315180.96, "Total Cost": 2610010.68, "Plan Rows": 2, "Plan Width": 16, "Actual Startup Time": 24348.188, "Actual Total Time": 46913.206, "Actual Rows": 174381062, "Actual Loops": 3934, "Plans": [{"Node Type": "Hash Join", "Parent Relationship": "Outer", "Join Type": "Inner", "Startup Cost": 2315180.96, "Total Cost": 2610010.67, "Plan Rows": 2, "Plan Width": 16, "Actual Startup Time": 24347.464, "Actual Total Time": 29192.545, "Actual Rows": 58537, "Actual Loops": 1, "Inner Unique": false, "Hash Cond": "((lineitem.l_partkey = partsupp.ps_partkey) AND (lineitem.l_suppkey = partsupp.ps_suppkey))", "Join Filter": "((partsupp.ps_availqty)::double precision > (.5::double precision * (sum(lineitem.l_quantity))))", "Rows Removed by Join Filter": 136, "Plans": [{"Node Type": "Aggregate", "Strategy": "Hashed", "Parent Relationship": "Outer", "Startup Cost": 1956349.97, "Total Cost": 2069745.97, "Plan Rows": 9071680, "Plan Width": 40, "Actual Startup Time": 19645.376, "Actual Total Time": 22934.936, "Actual Rows": 5442751, "Actual Loops": 1, "Group By Key": ["lineitem.l_partkey", "lineitem.l_suppkey"], "Plans": [{"Node Type": "Bitmap Heap Scan", "Parent Relationship": "Outer", "Relation Name": "lineitem", "Alias": "lineitem", "Startup Cost": 314312.97, "Total Cost": 1865633.17, "Plan Rows": 9071680, "Plan Width": 24, "Actual Startup Time": 4289.68, "Actual Total Time": 12083.194, "Actual Rows": 9109641, "Actual Loops": 1, "Recheck Cond": "((l_shipdate >= '1993-01-01 00:00:00'::timestamp(0) without time zone) AND (l_shipdate < '1994-01-01 00:00:00'::timestamp without time zone)), (LLVM Optimized, Jit Execute)", "Rows Removed by Index Recheck": 0, "Exact Heap Blocks": 1252335, "Lossy Heap Blocks": 1252335, "Plans": [{"Node Type": "Bitmap Index Scan", "Parent Relationship": "Outer", "Index Name": "idx_lineitem_shipdate", "Startup Cost": 0.0, "Total Cost": 312045.05, "Plan Rows": 9071680, "Plan Width": 0, "Actual Startup Time": 3734.966, "Actual Total Time": 3734.966, "Actual Rows": 9109641, "Actual Loops": 1, "Index Cond": "((l_shipdate >= '1993-01-01 00:00:00'::timestamp(0) without time zone) AND (l_shipdate < '1994-01-01 00:00:00'::timestamp without time zone))"}]}]}, {"Node Type": "Hash", "Parent Relationship": "Inner", "Startup Cost": 357862.71, "Total Cost": 357862.71, "Plan Rows": 64552, "Plan Width": 32, "Actual Startup Time": 4701.79, "Actual Total Time": 4701.79, "Actual Rows": 86224, "Actual Loops": 1, "Hash Buckets": 65536, "Hash Batches": 1, "Original Hash Batches": 1, "Peak Memory Usage": 5389, "Plans": [{"Node Type": "Hash Join", "Parent Relationship": "Outer", "Join Type": "Inner", "Startup Cost": 67224.9, "Total Cost": 357862.71, "Plan Rows": 64552, "Plan Width": 32, "Actual Startup Time": 750.118, "Actual Total Time": 4660.376, "Actual Rows": 86224, "Actual Loops": 1, "Inner Unique": true, "Hash Cond": "(partsupp.ps_partkey = part.p_partkey)", "Plans": [{"Node Type": "Seq Scan", "Parent Relationship": "Outer", "Relation Name": "partsupp", "Alias": "partsupp", "Startup Cost": 0.0, "Total Cost": 269987.72, "Plan Rows": 8000372, "Plan Width": 24, "Actual Startup Time": 0.013, "Actual Total Time": 2373.247, "Actual Rows": 8000000, "Actual Loops": 1}, {"Node Type": "Hash", "Parent Relationship": "Inner", "Startup Cost": 66944.0, "Total Cost": 66944.0, "Plan Rows": 22472, "Plan Width": 8, "Actual Startup Time": 749.977, "Actual Total Time": 749.977, "Actual Rows": 21556, "Actual Loops": 1, "Hash Buckets": 32768, "Hash Batches": 1, "Original Hash Batches": 1, "Peak Memory Usage": 843, "Plans": [{"Node Type": "Seq Scan", "Parent Relationship": "Outer", "Relation Name": "part", "Alias": "part", "Startup Cost": 0.0, "Total Cost": 66944.0, "Plan Rows": 22472, "Plan Width": 8, "Actual Startup Time": 0.026, "Actual Total Time": 742.759, "Actual Rows": 21556, "Actual Loops": 1, "Filter": "((p_name)::text ~~ 'green%'::text)", "Rows Removed by Filter": 1978444}]}]}]}]}]}]}]}, "Triggers": [], "Planner Runtime": 2, "Total Runtime": 80552.721, "Unique SQL Id": 202076520}}, "(64, 35)": {"explain_plan": {"Plan": {"Node Type": "Sort", "Startup Cost": 41474309.17, "Total Cost": 41474314.17, "Plan Rows": 2000, "Plan Width": 51, "Sort Key": ["supplier.s_name"], "Plans": [{"Node Type": "Nested Loop", "Parent Relationship": "Outer", "Join Type": "Inner", "Startup Cost": 41260049.96, "Total Cost": 41474199.51, "Plan Rows": 2000, "Plan Width": 51, "Inner Unique": true, "Plans": [{"Node Type": "Nested Loop", "Parent Relationship": "Outer", "Join Type": "Inner", "Startup Cost": 41260049.7, "Total Cost": 41260058.01, "Plan Rows": 50000, "Plan Width": 55, "Inner Unique": true, "Plans": [{"Node Type": "Unique", "Parent Relationship": "Outer", "Startup Cost": 41260049.44, "Total Cost": 41260049.45, "Plan Rows": 2, "Plan Width": 16, "Plans": [{"Node Type": "Sort", "Parent Relationship": "Outer", "Startup Cost": 41260049.44, "Total Cost": 41260049.45, "Plan Rows": 2, "Plan Width": 16, "Sort Key": ["partsupp.ps_suppkey"], "Plans": [{"Node Type": "Nested Loop", "Parent Relationship": "Outer", "Join Type": "Semi", "Startup Cost": 1956350.51, "Total Cost": 41260049.43, "Plan Rows": 2, "Plan Width": 16, "Inner Unique": false, "Join Filter": "(partsupp.ps_partkey = part.p_partkey)", "Plans": [{"Node Type": "Nested Loop", "Parent Relationship": "Outer", "Join Type": "Inner", "Startup Cost": 1956350.25, "Total Cost": 41259981.09, "Plan Rows": 15, "Plan Width": 32, "Inner Unique": true, "Plans": [{"Node Type": "Aggregate", "Strategy": "Hashed", "Parent Relationship": "Outer", "Startup Cost": 1956349.97, "Total Cost": 2069745.97, "Plan Rows": 9071680, "Plan Width": 40, "Group By Key": ["lineitem.l_partkey", "lineitem.l_suppkey"], "Plans": [{"Node Type": "Bitmap Heap Scan", "Parent Relationship": "Outer", "Relation Name": "lineitem", "Alias": "lineitem", "Startup Cost": 314312.97, "Total Cost": 1865633.17, "Plan Rows": 9071680, "Plan Width": 24, "Recheck Cond": "((l_shipdate >= '1993-01-01 00:00:00'::timestamp(0) without time zone) AND (l_shipdate < '1994-01-01 00:00:00'::timestamp without time zone)), (LLVM Optimized)", "Plans": [{"Node Type": "Bitmap Index Scan", "Parent Relationship": "Outer", "Index Name": "idx_lineitem_shipdate", "Startup Cost": 0.0, "Total Cost": 312045.05, "Plan Rows": 9071680, "Plan Width": 0, "Index Cond": "((l_shipdate >= '1993-01-01 00:00:00'::timestamp(0) without time zone) AND (l_shipdate < '1994-01-01 00:00:00'::timestamp without time zone))"}]}]}, {"Node Type": "Bitmap Heap Scan", "Parent Relationship": "Inner", "Relation Name": "partsupp", "Alias": "partsupp", "Startup Cost": 0.28, "Total Cost": 4.3, "Plan Rows": 1, "Plan Width": 24, "Recheck Cond": "((ps_partkey = lineitem.l_partkey) AND (ps_suppkey = lineitem.l_suppkey))", "Filter": "((ps_availqty)::double precision > (.5::double precision * (sum(lineitem.l_quantity))))", "Plans": [{"Node Type": "Bitmap Index Scan", "Parent Relationship": "Outer", "Index Name": "partsupp_pkey", "Startup Cost": 0.0, "Total Cost": 0.28, "Plan Rows": 1, "Plan Width": 0, "Index Cond": "((ps_partkey = lineitem.l_partkey) AND (ps_suppkey = lineitem.l_suppkey))"}]}]}, {"Node Type": "Bitmap Heap Scan", "Parent Relationship": "Inner", "Relation Name": "part", "Alias": "part", "Startup Cost": 0.26, "Total Cost": 4.28, "Plan Rows": 1, "Plan Width": 8, "Recheck Cond": "(p_partkey = lineitem.l_partkey)", "Filter": "((p_name)::text ~~ 'green%'::text)", "Plans": [{"Node Type": "Bitmap Index Scan", "Parent Relationship": "Outer", "Index Name": "part_kpey", "Startup Cost": 0.0, "Total Cost": 0.26, "Plan Rows": 1, "Plan Width": 0, "Index Cond": "(p_partkey = lineitem.l_partkey)"}]}]}]}]}, {"Node Type": "Bitmap Heap Scan", "Parent Relationship": "Inner", "Relation Name": "supplier", "Alias": "supplier", "Startup Cost": 0.26, "Total Cost": 4.27, "Plan Rows": 1, "Plan Width": 63, "Recheck Cond": "(s_suppkey = lineitem.l_suppkey)", "Plans": [{"Node Type": "Bitmap Index Scan", "Parent Relationship": "Outer", "Index Name": "supplier_pkey", "Startup Cost": 0.0, "Total Cost": 0.26, "Plan Rows": 1, "Plan Width": 0, "Index Cond": "(s_suppkey = lineitem.l_suppkey)"}]}]}, {"Node Type": "Bitmap Heap Scan", "Parent Relationship": "Inner", "Relation Name": "nation", "Alias": "nation", "Startup Cost": 0.26, "Total Cost": 4.27, "Plan Rows": 1, "Plan Width": 4, "Recheck Cond": "(n_nationkey = supplier.s_nationkey)", "Filter": "(n_name = 'ALGERIA'::bpchar)", "Plans": [{"Node Type": "Bitmap Index Scan", "Parent Relationship": "Outer", "Index Name": "nation_pkey", "Startup Cost": 0.0, "Total Cost": 0.26, "Plan Rows": 1, "Plan Width": 0, "Index Cond": "(n_nationkey = supplier.s_nationkey)"}]}]}]}, "Unique SQL Id": 202076520, "Planner Runtime": 2}, "explain_analyze_plan": {"Plan": {"Node Type": "Sort", "Startup Cost": 41474309.17, "Total Cost": 41474314.17, "Plan Rows": 2000, "Plan Width": 51, "Actual Startup Time": 122895.801, "Actual Total Time": 122895.962, "Actual Rows": 1746, "Actual Loops": 1, "Sort Key": ["supplier.s_name"], "Sort Method": "quicksort", "Sort Space Used": 309, "Sort Space Type": "Memory", "Plans": [{"Node Type": "Nested Loop", "Parent Relationship": "Outer", "Join Type": "Inner", "Startup Cost": 41260049.96, "Total Cost": 41474199.51, "Plan Rows": 2000, "Plan Width": 51, "Actual Startup Time": 122484.703, "Actual Total Time": 122893.842, "Actual Rows": 1746, "Actual Loops": 1, "Inner Unique": true, "Plans": [{"Node Type": "Nested Loop", "Parent Relationship": "Outer", "Join Type": "Inner", "Startup Cost": 41260049.7, "Total Cost": 41260058.01, "Plan Rows": 50000, "Plan Width": 55, "Actual Startup Time": 122484.344, "Actual Total Time": 122721.997, "Actual Rows": 44487, "Actual Loops": 1, "Inner Unique": true, "Plans": [{"Node Type": "Unique", "Parent Relationship": "Outer", "Startup Cost": 41260049.44, "Total Cost": 41260049.45, "Plan Rows": 2, "Plan Width": 16, "Actual Startup Time": 122484.301, "Actual Total Time": 122514.18, "Actual Rows": 44487, "Actual Loops": 1, "Plans": [{"Node Type": "Sort", "Parent Relationship": "Outer", "Startup Cost": 41260049.44, "Total Cost": 41260049.45, "Plan Rows": 2, "Plan Width": 16, "Actual Startup Time": 122484.297, "Actual Total Time": 122495.718, "Actual Rows": 58537, "Actual Loops": 1, "Sort Key": ["partsupp.ps_suppkey"], "Sort Method": "quicksort", "Sort Space Used": 7024, "Sort Space Type": "Memory", "Plans": [{"Node Type": "Nested Loop", "Parent Relationship": "Outer", "Join Type": "Semi", "Startup Cost": 1956350.51, "Total Cost": 41260049.43, "Plan Rows": 2, "Plan Width": 16, "Actual Startup Time": 18667.862, "Actual Total Time": 122403.43, "Actual Rows": 58537, "Actual Loops": 1, "Inner Unique": false, "Join Filter": "(partsupp.ps_partkey = part.p_partkey)", "Rows Removed by Join Filter": 0, "Plans": [{"Node Type": "Nested Loop", "Parent Relationship": "Outer", "Join Type": "Inner", "Startup Cost": 1956350.25, "Total Cost": 41259981.09, "Plan Rows": 15, "Plan Width": 32, "Actual Startup Time": 18667.485, "Actual Total Time": 76318.413, "Actual Rows": 5431247, "Actual Loops": 1, "Inner Unique": true, "Plans": [{"Node Type": "Aggregate", "Strategy": "Hashed", "Parent Relationship": "Outer", "Startup Cost": 1956349.97, "Total Cost": 2069745.97, "Plan Rows": 9071680, "Plan Width": 40, "Actual Startup Time": 18667.332, "Actual Total Time": 23320.171, "Actual Rows": 5442751, "Actual Loops": 1, "Group By Key": ["lineitem.l_partkey", "lineitem.l_suppkey"], "Plans": [{"Node Type": "Bitmap Heap Scan", "Parent Relationship": "Outer", "Relation Name": "lineitem", "Alias": "lineitem", "Startup Cost": 314312.97, "Total Cost": 1865633.17, "Plan Rows": 9071680, "Plan Width": 24, "Actual Startup Time": 4229.766, "Actual Total Time": 11960.542, "Actual Rows": 9109641, "Actual Loops": 1, "Recheck Cond": "((l_shipdate >= '1993-01-01 00:00:00'::timestamp(0) without time zone) AND (l_shipdate < '1994-01-01 00:00:00'::timestamp without time zone)), (LLVM Optimized, Jit Execute)", "Rows Removed by Index Recheck": 0, "Exact Heap Blocks": 1252335, "Lossy Heap Blocks": 1252335, "Plans": [{"Node Type": "Bitmap Index Scan", "Parent Relationship": "Outer", "Index Name": "idx_lineitem_shipdate", "Startup Cost": 0.0, "Total Cost": 312045.05, "Plan Rows": 9071680, "Plan Width": 0, "Actual Startup Time": 3607.483, "Actual Total Time": 3607.483, "Actual Rows": 9109641, "Actual Loops": 1, "Index Cond": "((l_shipdate >= '1993-01-01 00:00:00'::timestamp(0) without time zone) AND (l_shipdate < '1994-01-01 00:00:00'::timestamp without time zone))"}]}]}, {"Node Type": "Bitmap Heap Scan", "Parent Relationship": "Inner", "Relation Name": "partsupp", "Alias": "partsupp", "Startup Cost": 0.28, "Total Cost": 4.3, "Plan Rows": 1, "Plan Width": 24, "Actual Startup Time": 45151.232, "Actual Total Time": 45151.232, "Actual Rows": 5431247, "Actual Loops": 5442751, "Recheck Cond": "((ps_partkey = lineitem.l_partkey) AND (ps_suppkey = lineitem.l_suppkey))", "Rows Removed by Index Recheck": 0, "Filter": "((ps_availqty)::double precision > (.5::double precision * (sum(lineitem.l_quantity))))", "Rows Removed by Filter": 11504, "Exact Heap Blocks": 5442751, "Lossy Heap Blocks": 5442751, "Plans": [{"Node Type": "Bitmap Index Scan", "Parent Relationship": "Outer", "Index Name": "partsupp_pkey", "Startup Cost": 0.0, "Total Cost": 0.28, "Plan Rows": 1, "Plan Width": 0, "Actual Startup Time": 27667.53, "Actual Total Time": 27667.53, "Actual Rows": 5442751, "Actual Loops": 5442751, "Index Cond": "((ps_partkey = lineitem.l_partkey) AND (ps_suppkey = lineitem.l_suppkey))"}]}]}, {"Node Type": "Bitmap Heap Scan", "Parent Relationship": "Inner", "Relation Name": "part", "Alias": "part", "Startup Cost": 0.26, "Total Cost": 4.28, "Plan Rows": 1, "Plan Width": 8, "Actual Startup Time": 39761.268, "Actual Total Time": 39761.268, "Actual Rows": 58537, "Actual Loops": 5431247, "Recheck Cond": "(p_partkey = lineitem.l_partkey)", "Rows Removed by Index Recheck": 0, "Filter": "((p_name)::text ~~ 'green%'::text)", "Rows Removed by Filter": 5372710, "Exact Heap Blocks": 5431247, "Lossy Heap Blocks": 5431247, "Plans": [{"Node Type": "Bitmap Index Scan", "Parent Relationship": "Outer", "Index Name": "part_kpey", "Startup Cost": 0.0, "Total Cost": 0.26, "Plan Rows": 1, "Plan Width": 0, "Actual Startup Time": 23528.84, "Actual Total Time": 23528.84, "Actual Rows": 5431247, "Actual Loops": 5431247, "Index Cond": "(p_partkey = lineitem.l_partkey)"}]}]}]}]}, {"Node Type": "Bitmap Heap Scan", "Parent Relationship": "Inner", "Relation Name": "supplier", "Alias": "supplier", "Startup Cost": 0.26, "Total Cost": 4.27, "Plan Rows": 1, "Plan Width": 63, "Actual Startup Time": 147.97, "Actual Total Time": 147.97, "Actual Rows": 44487, "Actual Loops": 44487, "Recheck Cond": "(s_suppkey = lineitem.l_suppkey)", "Rows Removed by Index Recheck": 0, "Exact Heap Blocks": 44487, "Lossy Heap Blocks": 44487, "Plans": [{"Node Type": "Bitmap Index Scan", "Parent Relationship": "Outer", "Index Name": "supplier_pkey", "Startup Cost": 0.0, "Total Cost": 0.26, "Plan Rows": 1, "Plan Width": 0, "Actual Startup Time": 82.176, "Actual Total Time": 82.176, "Actual Rows": 44487, "Actual Loops": 44487, "Index Cond": "(s_suppkey = lineitem.l_suppkey)"}]}]}, {"Node Type": "Bitmap Heap Scan", "Parent Relationship": "Inner", "Relation Name": "nation", "Alias": "nation", "Startup Cost": 0.26, "Total Cost": 4.27, "Plan Rows": 1, "Plan Width": 4, "Actual Startup Time": 121.742, "Actual Total Time": 121.742, "Actual Rows": 1746, "Actual Loops": 44487, "Recheck Cond": "(n_nationkey = supplier.s_nationkey)", "Rows Removed by Index Recheck": 0, "Filter": "(n_name = 'ALGERIA'::bpchar)", "Rows Removed by Filter": 42741, "Exact Heap Blocks": 44487, "Lossy Heap Blocks": 44487, "Plans": [{"Node Type": "Bitmap Index Scan", "Parent Relationship": "Outer", "Index Name": "nation_pkey", "Startup Cost": 0.0, "Total Cost": 0.26, "Plan Rows": 1, "Plan Width": 0, "Actual Startup Time": 45.415, "Actual Total Time": 45.415, "Actual Rows": 44487, "Actual Loops": 44487, "Index Cond": "(n_nationkey = supplier.s_nationkey)"}]}]}]}, "Triggers": [], "Planner Runtime": 2, "Total Runtime": 122906.738, "Unique SQL Id": 202076520}}, "(64, 36)": {"explain_plan": {"Plan": {"Node Type": "Sort", "Startup Cost": 2481984.46, "Total Cost": 2481989.46, "Plan Rows": 2000, "Plan Width": 51, "Sort Key": ["supplier.s_name"], "Plans": [{"Node Type": "Nested Loop", "Parent Relationship": "Outer", "Join Type": "Semi", "Startup Cost": 2182390.78, "Total Cost": 2481874.8, "Plan Rows": 2000, "Plan Width": 51, "Inner Unique": false, "Join Filter": "(supplier.s_suppkey = lineitem.l_suppkey)", "Plans": [{"Node Type": "Nested Loop", "Parent Relationship": "Outer", "Join Type": "Inner", "Startup Cost": 0.0, "Total Cost": 4534.31, "Plan Rows": 4000, "Plan Width": 59, "Inner Unique": false, "Join Filter": "(supplier.s_nationkey = nation.n_nationkey)", "Plans": [{"Node Type": "Seq Scan", "Parent Relationship": "Outer", "Relation Name": "nation", "Alias": "nation", "Startup Cost": 0.0, "Total Cost": 1.31, "Plan Rows": 1, "Plan Width": 4, "Filter": "(n_name = 'ALGERIA'::bpchar)"}, {"Node Type": "Seq Scan", "Parent Relationship": "Inner", "Relation Name": "supplier", "Alias": "supplier", "Startup Cost": 0.0, "Total Cost": 3283.0, "Plan Rows": 100000, "Plan Width": 63}]}, {"Node Type": "Materialize", "Parent Relationship": "Inner", "Startup Cost": 2182390.78, "Total Cost": 2477220.5, "Plan Rows": 2, "Plan Width": 16, "Plans": [{"Node Type": "Hash Join", "Parent Relationship": "Outer", "Join Type": "Inner", "Startup Cost": 2182390.78, "Total Cost": 2477220.49, "Plan Rows": 2, "Plan Width": 16, "Inner Unique": false, "Hash Cond": "((lineitem.l_partkey = partsupp.ps_partkey) AND (lineitem.l_suppkey = partsupp.ps_suppkey))", "Join Filter": "((partsupp.ps_availqty)::double precision > (.5::double precision * (sum(lineitem.l_quantity))))", "Plans": [{"Node Type": "Aggregate", "Strategy": "Hashed", "Parent Relationship": "Outer", "Startup Cost": 1956349.97, "Total Cost": 2069745.97, "Plan Rows": 9071680, "Plan Width": 40, "Group By Key": ["lineitem.l_partkey", "lineitem.l_suppkey"], "Plans": [{"Node Type": "Bitmap Heap Scan", "Parent Relationship": "Outer", "Relation Name": "lineitem", "Alias": "lineitem", "Startup Cost": 314312.97, "Total Cost": 1865633.17, "Plan Rows": 9071680, "Plan Width": 24, "Recheck Cond": "((l_shipdate >= '1993-01-01 00:00:00'::timestamp(0) without time zone) AND (l_shipdate < '1994-01-01 00:00:00'::timestamp without time zone)), (LLVM Optimized)", "Plans": [{"Node Type": "Bitmap Index Scan", "Parent Relationship": "Outer", "Index Name": "idx_lineitem_shipdate", "Startup Cost": 0.0, "Total Cost": 312045.05, "Plan Rows": 9071680, "Plan Width": 0, "Index Cond": "((l_shipdate >= '1993-01-01 00:00:00'::timestamp(0) without time zone) AND (l_shipdate < '1994-01-01 00:00:00'::timestamp without time zone))"}]}]}, {"Node Type": "Hash", "Parent Relationship": "Inner", "Startup Cost": 225072.53, "Total Cost": 225072.53, "Plan Rows": 64552, "Plan Width": 32, "Plans": [{"Node Type": "Nested Loop", "Parent Relationship": "Outer", "Join Type": "Inner", "Startup Cost": 0.0, "Total Cost": 225072.53, "Plan Rows": 64552, "Plan Width": 32, "Inner Unique": false, "Plans": [{"Node Type": "Seq Scan", "Parent Relationship": "Outer", "Relation Name": "part", "Alias": "part", "Startup Cost": 0.0, "Total Cost": 66944.0, "Plan Rows": 22472, "Plan Width": 8, "Filter": "((p_name)::text ~~ 'green%'::text)"}, {"Node Type": "Index Scan", "Parent Relationship": "Inner", "Scan Direction": "Forward", "Index Name": "idx_partsupp_partkey", "Relation Name": "partsupp", "Alias": "partsupp", "Startup Cost": 0.0, "Total Cost": 7.01, "Plan Rows": 3, "Plan Width": 24, "Index Cond": "(ps_partkey = part.p_partkey)"}]}]}]}]}]}]}, "Unique SQL Id": 202076520, "Planner Runtime": 2}, "explain_analyze_plan": {"Plan": {"Node Type": "Sort", "Startup Cost": 2481984.46, "Total Cost": 2481989.46, "Plan Rows": 2000, "Plan Width": 51, "Actual Startup Time": 76809.017, "Actual Total Time": 76809.18, "Actual Rows": 1746, "Actual Loops": 1, "Sort Key": ["supplier.s_name"], "Sort Method": "quicksort", "Sort Space Used": 309, "Sort Space Type": "Memory", "Plans": [{"Node Type": "Nested Loop", "Parent Relationship": "Outer", "Join Type": "Semi", "Startup Cost": 2182390.78, "Total Cost": 2481874.8, "Plan Rows": 2000, "Plan Width": 51, "Actual Startup Time": 25995.185, "Actual Total Time": 76801.825, "Actual Rows": 1746, "Actual Loops": 1, "Inner Unique": false, "Join Filter": "(supplier.s_suppkey = lineitem.l_suppkey)", "Rows Removed by Join Filter": 174379316, "Plans": [{"Node Type": "Nested Loop", "Parent Relationship": "Outer", "Join Type": "Inner", "Startup Cost": 0.0, "Total Cost": 4534.31, "Plan Rows": 4000, "Plan Width": 59, "Actual Startup Time": 0.051, "Actual Total Time": 71.87, "Actual Rows": 3934, "Actual Loops": 1, "Inner Unique": false, "Join Filter": "(supplier.s_nationkey = nation.n_nationkey)", "Rows Removed by Join Filter": 96066, "Plans": [{"Node Type": "Seq Scan", "Parent Relationship": "Outer", "Relation Name": "nation", "Alias": "nation", "Startup Cost": 0.0, "Total Cost": 1.31, "Plan Rows": 1, "Plan Width": 4, "Actual Startup Time": 0.023, "Actual Total Time": 0.044, "Actual Rows": 1, "Actual Loops": 1, "Filter": "(n_name = 'ALGERIA'::bpchar)", "Rows Removed by Filter": 24}, {"Node Type": "Seq Scan", "Parent Relationship": "Inner", "Relation Name": "supplier", "Alias": "supplier", "Startup Cost": 0.0, "Total Cost": 3283.0, "Plan Rows": 100000, "Plan Width": 63, "Actual Startup Time": 0.013, "Actual Total Time": 42.509, "Actual Rows": 100000, "Actual Loops": 1}]}, {"Node Type": "Materialize", "Parent Relationship": "Inner", "Startup Cost": 2182390.78, "Total Cost": 2477220.5, "Plan Rows": 2, "Plan Width": 16, "Actual Startup Time": 20856.512, "Actual Total Time": 43846.016, "Actual Rows": 174381062, "Actual Loops": 3934, "Plans": [{"Node Type": "Hash Join", "Parent Relationship": "Outer", "Join Type": "Inner", "Startup Cost": 2182390.78, "Total Cost": 2477220.49, "Plan Rows": 2, "Plan Width": 16, "Actual Startup Time": 20855.802, "Actual Total Time": 25950.025, "Actual Rows": 58537, "Actual Loops": 1, "Inner Unique": false, "Hash Cond": "((lineitem.l_partkey = partsupp.ps_partkey) AND (lineitem.l_suppkey = partsupp.ps_suppkey))", "Join Filter": "((partsupp.ps_availqty)::double precision > (.5::double precision * (sum(lineitem.l_quantity))))", "Rows Removed by Join Filter": 136, "Plans": [{"Node Type": "Aggregate", "Strategy": "Hashed", "Parent Relationship": "Outer", "Startup Cost": 1956349.97, "Total Cost": 2069745.97, "Plan Rows": 9071680, "Plan Width": 40, "Actual Startup Time": 19872.108, "Actual Total Time": 23306.925, "Actual Rows": 5442751, "Actual Loops": 1, "Group By Key": ["lineitem.l_partkey", "lineitem.l_suppkey"], "Plans": [{"Node Type": "Bitmap Heap Scan", "Parent Relationship": "Outer", "Relation Name": "lineitem", "Alias": "lineitem", "Startup Cost": 314312.97, "Total Cost": 1865633.17, "Plan Rows": 9071680, "Plan Width": 24, "Actual Startup Time": 3912.7, "Actual Total Time": 11482.825, "Actual Rows": 9109641, "Actual Loops": 1, "Recheck Cond": "((l_shipdate >= '1993-01-01 00:00:00'::timestamp(0) without time zone) AND (l_shipdate < '1994-01-01 00:00:00'::timestamp without time zone)), (LLVM Optimized, Jit Execute)", "Rows Removed by Index Recheck": 0, "Exact Heap Blocks": 1252335, "Lossy Heap Blocks": 1252335, "Plans": [{"Node Type": "Bitmap Index Scan", "Parent Relationship": "Outer", "Index Name": "idx_lineitem_shipdate", "Startup Cost": 0.0, "Total Cost": 312045.05, "Plan Rows": 9071680, "Plan Width": 0, "Actual Startup Time": 3308.829, "Actual Total Time": 3308.829, "Actual Rows": 9109641, "Actual Loops": 1, "Index Cond": "((l_shipdate >= '1993-01-01 00:00:00'::timestamp(0) without time zone) AND (l_shipdate < '1994-01-01 00:00:00'::timestamp without time zone))"}]}]}, {"Node Type": "Hash", "Parent Relationship": "Inner", "Startup Cost": 225072.53, "Total Cost": 225072.53, "Plan Rows": 64552, "Plan Width": 32, "Actual Startup Time": 983.51, "Actual Total Time": 983.51, "Actual Rows": 86224, "Actual Loops": 1, "Hash Buckets": 65536, "Hash Batches": 1, "Original Hash Batches": 1, "Peak Memory Usage": 5389, "Plans": [{"Node Type": "Nested Loop", "Parent Relationship": "Outer", "Join Type": "Inner", "Startup Cost": 0.0, "Total Cost": 225072.53, "Plan Rows": 64552, "Plan Width": 32, "Actual Startup Time": 0.042, "Actual Total Time": 949.255, "Actual Rows": 86224, "Actual Loops": 1, "Inner Unique": false, "Plans": [{"Node Type": "Seq Scan", "Parent Relationship": "Outer", "Relation Name": "part", "Alias": "part", "Startup Cost": 0.0, "Total Cost": 66944.0, "Plan Rows": 22472, "Plan Width": 8, "Actual Startup Time": 0.024, "Actual Total Time": 758.876, "Actual Rows": 21556, "Actual Loops": 1, "Filter": "((p_name)::text ~~ 'green%'::text)", "Rows Removed by Filter": 1978444}, {"Node Type": "Index Scan", "Parent Relationship": "Inner", "Scan Direction": "Forward", "Index Name": "idx_partsupp_partkey", "Relation Name": "partsupp", "Alias": "partsupp", "Startup Cost": 0.0, "Total Cost": 7.01, "Plan Rows": 3, "Plan Width": 24, "Actual Startup Time": 117.181, "Actual Total Time": 157.663, "Actual Rows": 86224, "Actual Loops": 21556, "Index Cond": "(ps_partkey = part.p_partkey)", "Rows Removed by Index Recheck": 0}]}]}]}]}]}]}, "Triggers": [], "Planner Runtime": 2, "Total Runtime": 76820.083, "Unique SQL Id": 202076520}}, "(64, 37)": {"explain_plan": {"Plan": {"Node Type": "Sort", "Startup Cost": 2522906.63, "Total Cost": 2522911.63, "Plan Rows": 2000, "Plan Width": 51, "Sort Key": ["supplier.s_name"], "Plans": [{"Node Type": "Nested Loop", "Parent Relationship": "Outer", "Join Type": "Semi", "Startup Cost": 2221250.03, "Total Cost": 2522796.97, "Plan Rows": 2000, "Plan Width": 51, "Inner Unique": false, "Join Filter": "(supplier.s_suppkey = lineitem.l_suppkey)", "Plans": [{"Node Type": "Nested Loop", "Parent Relationship": "Outer", "Join Type": "Inner", "Startup Cost": 0.0, "Total Cost": 6597.23, "Plan Rows": 4000, "Plan Width": 59, "Inner Unique": false, "Join Filter": "(supplier.s_nationkey = nation.n_nationkey)", "Plans": [{"Node Type": "Index Scan", "Parent Relationship": "Outer", "Scan Direction": "Forward", "Index Name": "nation_pkey", "Relation Name": "nation", "Alias": "nation", "Startup Cost": 0.0, "Total Cost": 12.69, "Plan Rows": 1, "Plan Width": 4, "Filter": "(n_name = 'ALGERIA'::bpchar)"}, {"Node Type": "Index Scan", "Parent Relationship": "Inner", "Scan Direction": "Forward", "Index Name": "supplier_pkey", "Relation Name": "supplier", "Alias": "supplier", "Startup Cost": 0.0, "Total Cost": 5334.54, "Plan Rows": 100000, "Plan Width": 63}]}, {"Node Type": "Materialize", "Parent Relationship": "Inner", "Startup Cost": 2221250.03, "Total Cost": 2516079.75, "Plan Rows": 2, "Plan Width": 16, "Plans": [{"Node Type": "Hash Join", "Parent Relationship": "Outer", "Join Type": "Inner", "Startup Cost": 2221250.03, "Total Cost": 2516079.74, "Plan Rows": 2, "Plan Width": 16, "Inner Unique": false, "Hash Cond": "((lineitem.l_partkey = partsupp.ps_partkey) AND (lineitem.l_suppkey = partsupp.ps_suppkey))", "Join Filter": "((partsupp.ps_availqty)::double precision > (.5::double precision * (sum(lineitem.l_quantity))))", "Plans": [{"Node Type": "Aggregate", "Strategy": "Hashed", "Parent Relationship": "Outer", "Startup Cost": 1956349.97, "Total Cost": 2069745.97, "Plan Rows": 9071680, "Plan Width": 40, "Group By Key": ["lineitem.l_partkey", "lineitem.l_suppkey"], "Plans": [{"Node Type": "Bitmap Heap Scan", "Parent Relationship": "Outer", "Relation Name": "lineitem", "Alias": "lineitem", "Startup Cost": 314312.97, "Total Cost": 1865633.17, "Plan Rows": 9071680, "Plan Width": 24, "Recheck Cond": "((l_shipdate >= '1993-01-01 00:00:00'::timestamp(0) without time zone) AND (l_shipdate < '1994-01-01 00:00:00'::timestamp without time zone)), (LLVM Optimized)", "Plans": [{"Node Type": "Bitmap Index Scan", "Parent Relationship": "Outer", "Index Name": "idx_lineitem_shipdate", "Startup Cost": 0.0, "Total Cost": 312045.05, "Plan Rows": 9071680, "Plan Width": 0, "Index Cond": "((l_shipdate >= '1993-01-01 00:00:00'::timestamp(0) without time zone) AND (l_shipdate < '1994-01-01 00:00:00'::timestamp without time zone))"}]}]}, {"Node Type": "Hash", "Parent Relationship": "Inner", "Startup Cost": 263931.78, "Total Cost": 263931.78, "Plan Rows": 64552, "Plan Width": 32, "Plans": [{"Node Type": "Nested Loop", "Parent Relationship": "Outer", "Join Type": "Inner", "Startup Cost": 0.0, "Total Cost": 263931.78, "Plan Rows": 64552, "Plan Width": 32, "Inner Unique": false, "Plans": [{"Node Type": "Index Scan", "Parent Relationship": "Outer", "Scan Direction": "Forward", "Index Name": "part_kpey", "Relation Name": "part", "Alias": "part", "Startup Cost": 0.0, "Total Cost": 105803.25, "Plan Rows": 22472, "Plan Width": 8, "Filter": "((p_name)::text ~~ 'green%'::text)"}, {"Node Type": "Index Scan", "Parent Relationship": "Inner", "Scan Direction": "Forward", "Index Name": "idx_partsupp_partkey", "Relation Name": "partsupp", "Alias": "partsupp", "Startup Cost": 0.0, "Total Cost": 7.01, "Plan Rows": 3, "Plan Width": 24, "Index Cond": "(ps_partkey = part.p_partkey)"}]}]}]}]}]}]}, "Unique SQL Id": 202076520, "Planner Runtime": 2}, "explain_analyze_plan": {"Plan": {"Node Type": "Sort", "Startup Cost": 2522906.63, "Total Cost": 2522911.63, "Plan Rows": 2000, "Plan Width": 51, "Actual Startup Time": 75645.148, "Actual Total Time": 75645.302, "Actual Rows": 1746, "Actual Loops": 1, "Sort Key": ["supplier.s_name"], "Sort Method": "quicksort", "Sort Space Used": 309, "Sort Space Type": "Memory", "Plans": [{"Node Type": "Nested Loop", "Parent Relationship": "Outer", "Join Type": "Semi", "Startup Cost": 2221250.03, "Total Cost": 2522796.97, "Plan Rows": 2000, "Plan Width": 51, "Actual Startup Time": 24434.252, "Actual Total Time": 75640.65, "Actual Rows": 1746, "Actual Loops": 1, "Inner Unique": false, "Join Filter": "(supplier.s_suppkey = lineitem.l_suppkey)", "Rows Removed by Join Filter": 174379316, "Plans": [{"Node Type": "Nested Loop", "Parent Relationship": "Outer", "Join Type": "Inner", "Startup Cost": 0.0, "Total Cost": 6597.23, "Plan Rows": 4000, "Plan Width": 59, "Actual Startup Time": 0.061, "Actual Total Time": 96.528, "Actual Rows": 3934, "Actual Loops": 1, "Inner Unique": false, "Join Filter": "(supplier.s_nationkey = nation.n_nationkey)", "Rows Removed by Join Filter": 96066, "Plans": [{"Node Type": "Index Scan", "Parent Relationship": "Outer", "Scan Direction": "Forward", "Index Name": "nation_pkey", "Relation Name": "nation", "Alias": "nation", "Startup Cost": 0.0, "Total Cost": 12.69, "Plan Rows": 1, "Plan Width": 4, "Actual Startup Time": 0.021, "Actual Total Time": 0.079, "Actual Rows": 1, "Actual Loops": 1, "Filter": "(n_name = 'ALGERIA'::bpchar)", "Rows Removed by Filter": 24}, {"Node Type": "Index Scan", "Parent Relationship": "Inner", "Scan Direction": "Forward", "Index Name": "supplier_pkey", "Relation Name": "supplier", "Alias": "supplier", "Startup Cost": 0.0, "Total Cost": 5334.54, "Plan Rows": 100000, "Plan Width": 63, "Actual Startup Time": 0.02, "Actual Total Time": 68.713, "Actual Rows": 100000, "Actual Loops": 1}]}, {"Node Type": "Materialize", "Parent Relationship": "Inner", "Startup Cost": 2221250.03, "Total Cost": 2516079.75, "Plan Rows": 2, "Plan Width": 16, "Actual Startup Time": 19925.756, "Actual Total Time": 42621.647, "Actual Rows": 174381062, "Actual Loops": 3934, "Plans": [{"Node Type": "Hash Join", "Parent Relationship": "Outer", "Join Type": "Inner", "Startup Cost": 2221250.03, "Total Cost": 2516079.74, "Plan Rows": 2, "Plan Width": 16, "Actual Startup Time": 19924.996, "Actual Total Time": 24390.525, "Actual Rows": 58537, "Actual Loops": 1, "Inner Unique": false, "Hash Cond": "((lineitem.l_partkey = partsupp.ps_partkey) AND (lineitem.l_suppkey = partsupp.ps_suppkey))", "Join Filter": "((partsupp.ps_availqty)::double precision > (.5::double precision * (sum(lineitem.l_quantity))))", "Rows Removed by Join Filter": 136, "Plans": [{"Node Type": "Aggregate", "Strategy": "Hashed", "Parent Relationship": "Outer", "Startup Cost": 1956349.97, "Total Cost": 2069745.97, "Plan Rows": 9071680, "Plan Width": 40, "Actual Startup Time": 18472.369, "Actual Total Time": 21355.61, "Actual Rows": 5442751, "Actual Loops": 1, "Group By Key": ["lineitem.l_partkey", "lineitem.l_suppkey"], "Plans": [{"Node Type": "Bitmap Heap Scan", "Parent Relationship": "Outer", "Relation Name": "lineitem", "Alias": "lineitem", "Startup Cost": 314312.97, "Total Cost": 1865633.17, "Plan Rows": 9071680, "Plan Width": 24, "Actual Startup Time": 3956.815, "Actual Total Time": 11685.577, "Actual Rows": 9109641, "Actual Loops": 1, "Recheck Cond": "((l_shipdate >= '1993-01-01 00:00:00'::timestamp(0) without time zone) AND (l_shipdate < '1994-01-01 00:00:00'::timestamp without time zone)), (LLVM Optimized, Jit Execute)", "Rows Removed by Index Recheck": 0, "Exact Heap Blocks": 1252335, "Lossy Heap Blocks": 1252335, "Plans": [{"Node Type": "Bitmap Index Scan", "Parent Relationship": "Outer", "Index Name": "idx_lineitem_shipdate", "Startup Cost": 0.0, "Total Cost": 312045.05, "Plan Rows": 9071680, "Plan Width": 0, "Actual Startup Time": 3253.565, "Actual Total Time": 3253.565, "Actual Rows": 9109641, "Actual Loops": 1, "Index Cond": "((l_shipdate >= '1993-01-01 00:00:00'::timestamp(0) without time zone) AND (l_shipdate < '1994-01-01 00:00:00'::timestamp without time zone))"}]}]}, {"Node Type": "Hash", "Parent Relationship": "Inner", "Startup Cost": 263931.78, "Total Cost": 263931.78, "Plan Rows": 64552, "Plan Width": 32, "Actual Startup Time": 1452.469, "Actual Total Time": 1452.469, "Actual Rows": 86224, "Actual Loops": 1, "Hash Buckets": 65536, "Hash Batches": 1, "Original Hash Batches": 1, "Peak Memory Usage": 5389, "Plans": [{"Node Type": "Nested Loop", "Parent Relationship": "Outer", "Join Type": "Inner", "Startup Cost": 0.0, "Total Cost": 263931.78, "Plan Rows": 64552, "Plan Width": 32, "Actual Startup Time": 0.051, "Actual Total Time": 1420.258, "Actual Rows": 86224, "Actual Loops": 1, "Inner Unique": false, "Plans": [{"Node Type": "Index Scan", "Parent Relationship": "Outer", "Scan Direction": "Forward", "Index Name": "part_kpey", "Relation Name": "part", "Alias": "part", "Startup Cost": 0.0, "Total Cost": 105803.25, "Plan Rows": 22472, "Plan Width": 8, "Actual Startup Time": 0.04, "Actual Total Time": 1239.078, "Actual Rows": 21556, "Actual Loops": 1, "Filter": "((p_name)::text ~~ 'green%'::text)", "Rows Removed by Filter": 1978444}, {"Node Type": "Index Scan", "Parent Relationship": "Inner", "Scan Direction": "Forward", "Index Name": "idx_partsupp_partkey", "Relation Name": "partsupp", "Alias": "partsupp", "Startup Cost": 0.0, "Total Cost": 7.01, "Plan Rows": 3, "Plan Width": 24, "Actual Startup Time": 109.097, "Actual Total Time": 147.995, "Actual Rows": 86224, "Actual Loops": 21556, "Index Cond": "(ps_partkey = part.p_partkey)", "Rows Removed by Index Recheck": 0}]}]}]}]}]}]}, "Triggers": [], "Planner Runtime": 2, "Total Runtime": 75656.268, "Unique SQL Id": 202076520}}, "(64, 38)": {"explain_plan": {"Plan": {"Node Type": "Sort", "Startup Cost": 2614774.64, "Total Cost": 2614779.64, "Plan Rows": 2000, "Plan Width": 51, "Sort Key": ["supplier.s_name"], "Plans": [{"Node Type": "Nested Loop", "Parent Relationship": "Outer", "Join Type": "Semi", "Startup Cost": 2315180.96, "Total Cost": 2614664.98, "Plan Rows": 2000, "Plan Width": 51, "Inner Unique": false, "Join Filter": "(supplier.s_suppkey = lineitem.l_suppkey)", "Plans": [{"Node Type": "Nested Loop", "Parent Relationship": "Outer", "Join Type": "Inner", "Startup Cost": 0.0, "Total Cost": 4534.31, "Plan Rows": 4000, "Plan Width": 59, "Inner Unique": false, "Join Filter": "(supplier.s_nationkey = nation.n_nationkey)", "Plans": [{"Node Type": "Seq Scan", "Parent Relationship": "Outer", "Relation Name": "nation", "Alias": "nation", "Startup Cost": 0.0, "Total Cost": 1.31, "Plan Rows": 1, "Plan Width": 4, "Filter": "(n_name = 'ALGERIA'::bpchar)"}, {"Node Type": "Seq Scan", "Parent Relationship": "Inner", "Relation Name": "supplier", "Alias": "supplier", "Startup Cost": 0.0, "Total Cost": 3283.0, "Plan Rows": 100000, "Plan Width": 63}]}, {"Node Type": "Materialize", "Parent Relationship": "Inner", "Startup Cost": 2315180.96, "Total Cost": 2610010.68, "Plan Rows": 2, "Plan Width": 16, "Plans": [{"Node Type": "Hash Join", "Parent Relationship": "Outer", "Join Type": "Inner", "Startup Cost": 2315180.96, "Total Cost": 2610010.67, "Plan Rows": 2, "Plan Width": 16, "Inner Unique": false, "Hash Cond": "((lineitem.l_partkey = partsupp.ps_partkey) AND (lineitem.l_suppkey = partsupp.ps_suppkey))", "Join Filter": "((partsupp.ps_availqty)::double precision > (.5::double precision * (sum(lineitem.l_quantity))))", "Plans": [{"Node Type": "Aggregate", "Strategy": "Hashed", "Parent Relationship": "Outer", "Startup Cost": 1956349.97, "Total Cost": 2069745.97, "Plan Rows": 9071680, "Plan Width": 40, "Group By Key": ["lineitem.l_partkey", "lineitem.l_suppkey"], "Plans": [{"Node Type": "Bitmap Heap Scan", "Parent Relationship": "Outer", "Relation Name": "lineitem", "Alias": "lineitem", "Startup Cost": 314312.97, "Total Cost": 1865633.17, "Plan Rows": 9071680, "Plan Width": 24, "Recheck Cond": "((l_shipdate >= '1993-01-01 00:00:00'::timestamp(0) without time zone) AND (l_shipdate < '1994-01-01 00:00:00'::timestamp without time zone)), (LLVM Optimized)", "Plans": [{"Node Type": "Bitmap Index Scan", "Parent Relationship": "Outer", "Index Name": "idx_lineitem_shipdate", "Startup Cost": 0.0, "Total Cost": 312045.05, "Plan Rows": 9071680, "Plan Width": 0, "Index Cond": "((l_shipdate >= '1993-01-01 00:00:00'::timestamp(0) without time zone) AND (l_shipdate < '1994-01-01 00:00:00'::timestamp without time zone))"}]}]}, {"Node Type": "Hash", "Parent Relationship": "Inner", "Startup Cost": 357862.71, "Total Cost": 357862.71, "Plan Rows": 64552, "Plan Width": 32, "Plans": [{"Node Type": "Hash Join", "Parent Relationship": "Outer", "Join Type": "Inner", "Startup Cost": 67224.9, "Total Cost": 357862.71, "Plan Rows": 64552, "Plan Width": 32, "Inner Unique": true, "Hash Cond": "(partsupp.ps_partkey = part.p_partkey)", "Plans": [{"Node Type": "Seq Scan", "Parent Relationship": "Outer", "Relation Name": "partsupp", "Alias": "partsupp", "Startup Cost": 0.0, "Total Cost": 269987.72, "Plan Rows": 8000372, "Plan Width": 24}, {"Node Type": "Hash", "Parent Relationship": "Inner", "Startup Cost": 66944.0, "Total Cost": 66944.0, "Plan Rows": 22472, "Plan Width": 8, "Plans": [{"Node Type": "Seq Scan", "Parent Relationship": "Outer", "Relation Name": "part", "Alias": "part", "Startup Cost": 0.0, "Total Cost": 66944.0, "Plan Rows": 22472, "Plan Width": 8, "Filter": "((p_name)::text ~~ 'green%'::text)"}]}]}]}]}]}]}]}, "Unique SQL Id": 202076520, "Planner Runtime": 2}, "explain_analyze_plan": {"Plan": {"Node Type": "Sort", "Startup Cost": 2614774.64, "Total Cost": 2614779.64, "Plan Rows": 2000, "Plan Width": 51, "Actual Startup Time": 80540.972, "Actual Total Time": 80541.131, "Actual Rows": 1746, "Actual Loops": 1, "Sort Key": ["supplier.s_name"], "Sort Method": "quicksort", "Sort Space Used": 309, "Sort Space Type": "Memory", "Plans": [{"Node Type": "Nested Loop", "Parent Relationship": "Outer", "Join Type": "Semi", "Startup Cost": 2315180.96, "Total Cost": 2614664.98, "Plan Rows": 2000, "Plan Width": 51, "Actual Startup Time": 29236.729, "Actual Total Time": 80533.516, "Actual Rows": 1746, "Actual Loops": 1, "Inner Unique": false, "Join Filter": "(supplier.s_suppkey = lineitem.l_suppkey)", "Rows Removed by Join Filter": 174379316, "Plans": [{"Node Type": "Nested Loop", "Parent Relationship": "Outer", "Join Type": "Inner", "Startup Cost": 0.0, "Total Cost": 4534.31, "Plan Rows": 4000, "Plan Width": 59, "Actual Startup Time": 0.065, "Actual Total Time": 72.036, "Actual Rows": 3934, "Actual Loops": 1, "Inner Unique": false, "Join Filter": "(supplier.s_nationkey = nation.n_nationkey)", "Rows Removed by Join Filter": 96066, "Plans": [{"Node Type": "Seq Scan", "Parent Relationship": "Outer", "Relation Name": "nation", "Alias": "nation", "Startup Cost": 0.0, "Total Cost": 1.31, "Plan Rows": 1, "Plan Width": 4, "Actual Startup Time": 0.03, "Actual Total Time": 0.05, "Actual Rows": 1, "Actual Loops": 1, "Filter": "(n_name = 'ALGERIA'::bpchar)", "Rows Removed by Filter": 24}, {"Node Type": "Seq Scan", "Parent Relationship": "Inner", "Relation Name": "supplier", "Alias": "supplier", "Startup Cost": 0.0, "Total Cost": 3283.0, "Plan Rows": 100000, "Plan Width": 63, "Actual Startup Time": 0.016, "Actual Total Time": 42.234, "Actual Rows": 100000, "Actual Loops": 1}]}, {"Node Type": "Materialize", "Parent Relationship": "Inner", "Startup Cost": 2315180.96, "Total Cost": 2610010.68, "Plan Rows": 2, "Plan Width": 16, "Actual Startup Time": 24348.188, "Actual Total Time": 46913.206, "Actual Rows": 174381062, "Actual Loops": 3934, "Plans": [{"Node Type": "Hash Join", "Parent Relationship": "Outer", "Join Type": "Inner", "Startup Cost": 2315180.96, "Total Cost": 2610010.67, "Plan Rows": 2, "Plan Width": 16, "Actual Startup Time": 24347.464, "Actual Total Time": 29192.545, "Actual Rows": 58537, "Actual Loops": 1, "Inner Unique": false, "Hash Cond": "((lineitem.l_partkey = partsupp.ps_partkey) AND (lineitem.l_suppkey = partsupp.ps_suppkey))", "Join Filter": "((partsupp.ps_availqty)::double precision > (.5::double precision * (sum(lineitem.l_quantity))))", "Rows Removed by Join Filter": 136, "Plans": [{"Node Type": "Aggregate", "Strategy": "Hashed", "Parent Relationship": "Outer", "Startup Cost": 1956349.97, "Total Cost": 2069745.97, "Plan Rows": 9071680, "Plan Width": 40, "Actual Startup Time": 19645.376, "Actual Total Time": 22934.936, "Actual Rows": 5442751, "Actual Loops": 1, "Group By Key": ["lineitem.l_partkey", "lineitem.l_suppkey"], "Plans": [{"Node Type": "Bitmap Heap Scan", "Parent Relationship": "Outer", "Relation Name": "lineitem", "Alias": "lineitem", "Startup Cost": 314312.97, "Total Cost": 1865633.17, "Plan Rows": 9071680, "Plan Width": 24, "Actual Startup Time": 4289.68, "Actual Total Time": 12083.194, "Actual Rows": 9109641, "Actual Loops": 1, "Recheck Cond": "((l_shipdate >= '1993-01-01 00:00:00'::timestamp(0) without time zone) AND (l_shipdate < '1994-01-01 00:00:00'::timestamp without time zone)), (LLVM Optimized, Jit Execute)", "Rows Removed by Index Recheck": 0, "Exact Heap Blocks": 1252335, "Lossy Heap Blocks": 1252335, "Plans": [{"Node Type": "Bitmap Index Scan", "Parent Relationship": "Outer", "Index Name": "idx_lineitem_shipdate", "Startup Cost": 0.0, "Total Cost": 312045.05, "Plan Rows": 9071680, "Plan Width": 0, "Actual Startup Time": 3734.966, "Actual Total Time": 3734.966, "Actual Rows": 9109641, "Actual Loops": 1, "Index Cond": "((l_shipdate >= '1993-01-01 00:00:00'::timestamp(0) without time zone) AND (l_shipdate < '1994-01-01 00:00:00'::timestamp without time zone))"}]}]}, {"Node Type": "Hash", "Parent Relationship": "Inner", "Startup Cost": 357862.71, "Total Cost": 357862.71, "Plan Rows": 64552, "Plan Width": 32, "Actual Startup Time": 4701.79, "Actual Total Time": 4701.79, "Actual Rows": 86224, "Actual Loops": 1, "Hash Buckets": 65536, "Hash Batches": 1, "Original Hash Batches": 1, "Peak Memory Usage": 5389, "Plans": [{"Node Type": "Hash Join", "Parent Relationship": "Outer", "Join Type": "Inner", "Startup Cost": 67224.9, "Total Cost": 357862.71, "Plan Rows": 64552, "Plan Width": 32, "Actual Startup Time": 750.118, "Actual Total Time": 4660.376, "Actual Rows": 86224, "Actual Loops": 1, "Inner Unique": true, "Hash Cond": "(partsupp.ps_partkey = part.p_partkey)", "Plans": [{"Node Type": "Seq Scan", "Parent Relationship": "Outer", "Relation Name": "partsupp", "Alias": "partsupp", "Startup Cost": 0.0, "Total Cost": 269987.72, "Plan Rows": 8000372, "Plan Width": 24, "Actual Startup Time": 0.013, "Actual Total Time": 2373.247, "Actual Rows": 8000000, "Actual Loops": 1}, {"Node Type": "Hash", "Parent Relationship": "Inner", "Startup Cost": 66944.0, "Total Cost": 66944.0, "Plan Rows": 22472, "Plan Width": 8, "Actual Startup Time": 749.977, "Actual Total Time": 749.977, "Actual Rows": 21556, "Actual Loops": 1, "Hash Buckets": 32768, "Hash Batches": 1, "Original Hash Batches": 1, "Peak Memory Usage": 843, "Plans": [{"Node Type": "Seq Scan", "Parent Relationship": "Outer", "Relation Name": "part", "Alias": "part", "Startup Cost": 0.0, "Total Cost": 66944.0, "Plan Rows": 22472, "Plan Width": 8, "Actual Startup Time": 0.026, "Actual Total Time": 742.759, "Actual Rows": 21556, "Actual Loops": 1, "Filter": "((p_name)::text ~~ 'green%'::text)", "Rows Removed by Filter": 1978444}]}]}]}]}]}]}]}, "Triggers": [], "Planner Runtime": 2, "Total Runtime": 80552.721, "Unique SQL Id": 202076520}}, "(64, 39)": {"explain_plan": {"Plan": {"Node Type": "Sort", "Startup Cost": 41474309.17, "Total Cost": 41474314.17, "Plan Rows": 2000, "Plan Width": 51, "Sort Key": ["supplier.s_name"], "Plans": [{"Node Type": "Nested Loop", "Parent Relationship": "Outer", "Join Type": "Inner", "Startup Cost": 41260049.96, "Total Cost": 41474199.51, "Plan Rows": 2000, "Plan Width": 51, "Inner Unique": true, "Plans": [{"Node Type": "Nested Loop", "Parent Relationship": "Outer", "Join Type": "Inner", "Startup Cost": 41260049.7, "Total Cost": 41260058.01, "Plan Rows": 50000, "Plan Width": 55, "Inner Unique": true, "Plans": [{"Node Type": "Unique", "Parent Relationship": "Outer", "Startup Cost": 41260049.44, "Total Cost": 41260049.45, "Plan Rows": 2, "Plan Width": 16, "Plans": [{"Node Type": "Sort", "Parent Relationship": "Outer", "Startup Cost": 41260049.44, "Total Cost": 41260049.45, "Plan Rows": 2, "Plan Width": 16, "Sort Key": ["partsupp.ps_suppkey"], "Plans": [{"Node Type": "Nested Loop", "Parent Relationship": "Outer", "Join Type": "Semi", "Startup Cost": 1956350.51, "Total Cost": 41260049.43, "Plan Rows": 2, "Plan Width": 16, "Inner Unique": false, "Join Filter": "(partsupp.ps_partkey = part.p_partkey)", "Plans": [{"Node Type": "Nested Loop", "Parent Relationship": "Outer", "Join Type": "Inner", "Startup Cost": 1956350.25, "Total Cost": 41259981.09, "Plan Rows": 15, "Plan Width": 32, "Inner Unique": true, "Plans": [{"Node Type": "Aggregate", "Strategy": "Hashed", "Parent Relationship": "Outer", "Startup Cost": 1956349.97, "Total Cost": 2069745.97, "Plan Rows": 9071680, "Plan Width": 40, "Group By Key": ["lineitem.l_partkey", "lineitem.l_suppkey"], "Plans": [{"Node Type": "Bitmap Heap Scan", "Parent Relationship": "Outer", "Relation Name": "lineitem", "Alias": "lineitem", "Startup Cost": 314312.97, "Total Cost": 1865633.17, "Plan Rows": 9071680, "Plan Width": 24, "Recheck Cond": "((l_shipdate >= '1993-01-01 00:00:00'::timestamp(0) without time zone) AND (l_shipdate < '1994-01-01 00:00:00'::timestamp without time zone)), (LLVM Optimized)", "Plans": [{"Node Type": "Bitmap Index Scan", "Parent Relationship": "Outer", "Index Name": "idx_lineitem_shipdate", "Startup Cost": 0.0, "Total Cost": 312045.05, "Plan Rows": 9071680, "Plan Width": 0, "Index Cond": "((l_shipdate >= '1993-01-01 00:00:00'::timestamp(0) without time zone) AND (l_shipdate < '1994-01-01 00:00:00'::timestamp without time zone))"}]}]}, {"Node Type": "Bitmap Heap Scan", "Parent Relationship": "Inner", "Relation Name": "partsupp", "Alias": "partsupp", "Startup Cost": 0.28, "Total Cost": 4.3, "Plan Rows": 1, "Plan Width": 24, "Recheck Cond": "((ps_partkey = lineitem.l_partkey) AND (ps_suppkey = lineitem.l_suppkey))", "Filter": "((ps_availqty)::double precision > (.5::double precision * (sum(lineitem.l_quantity))))", "Plans": [{"Node Type": "Bitmap Index Scan", "Parent Relationship": "Outer", "Index Name": "partsupp_pkey", "Startup Cost": 0.0, "Total Cost": 0.28, "Plan Rows": 1, "Plan Width": 0, "Index Cond": "((ps_partkey = lineitem.l_partkey) AND (ps_suppkey = lineitem.l_suppkey))"}]}]}, {"Node Type": "Bitmap Heap Scan", "Parent Relationship": "Inner", "Relation Name": "part", "Alias": "part", "Startup Cost": 0.26, "Total Cost": 4.28, "Plan Rows": 1, "Plan Width": 8, "Recheck Cond": "(p_partkey = lineitem.l_partkey)", "Filter": "((p_name)::text ~~ 'green%'::text)", "Plans": [{"Node Type": "Bitmap Index Scan", "Parent Relationship": "Outer", "Index Name": "part_kpey", "Startup Cost": 0.0, "Total Cost": 0.26, "Plan Rows": 1, "Plan Width": 0, "Index Cond": "(p_partkey = lineitem.l_partkey)"}]}]}]}]}, {"Node Type": "Bitmap Heap Scan", "Parent Relationship": "Inner", "Relation Name": "supplier", "Alias": "supplier", "Startup Cost": 0.26, "Total Cost": 4.27, "Plan Rows": 1, "Plan Width": 63, "Recheck Cond": "(s_suppkey = lineitem.l_suppkey)", "Plans": [{"Node Type": "Bitmap Index Scan", "Parent Relationship": "Outer", "Index Name": "supplier_pkey", "Startup Cost": 0.0, "Total Cost": 0.26, "Plan Rows": 1, "Plan Width": 0, "Index Cond": "(s_suppkey = lineitem.l_suppkey)"}]}]}, {"Node Type": "Bitmap Heap Scan", "Parent Relationship": "Inner", "Relation Name": "nation", "Alias": "nation", "Startup Cost": 0.26, "Total Cost": 4.27, "Plan Rows": 1, "Plan Width": 4, "Recheck Cond": "(n_nationkey = supplier.s_nationkey)", "Filter": "(n_name = 'ALGERIA'::bpchar)", "Plans": [{"Node Type": "Bitmap Index Scan", "Parent Relationship": "Outer", "Index Name": "nation_pkey", "Startup Cost": 0.0, "Total Cost": 0.26, "Plan Rows": 1, "Plan Width": 0, "Index Cond": "(n_nationkey = supplier.s_nationkey)"}]}]}]}, "Unique SQL Id": 202076520, "Planner Runtime": 2}, "explain_analyze_plan": {"Plan": {"Node Type": "Sort", "Startup Cost": 41474309.17, "Total Cost": 41474314.17, "Plan Rows": 2000, "Plan Width": 51, "Actual Startup Time": 122895.801, "Actual Total Time": 122895.962, "Actual Rows": 1746, "Actual Loops": 1, "Sort Key": ["supplier.s_name"], "Sort Method": "quicksort", "Sort Space Used": 309, "Sort Space Type": "Memory", "Plans": [{"Node Type": "Nested Loop", "Parent Relationship": "Outer", "Join Type": "Inner", "Startup Cost": 41260049.96, "Total Cost": 41474199.51, "Plan Rows": 2000, "Plan Width": 51, "Actual Startup Time": 122484.703, "Actual Total Time": 122893.842, "Actual Rows": 1746, "Actual Loops": 1, "Inner Unique": true, "Plans": [{"Node Type": "Nested Loop", "Parent Relationship": "Outer", "Join Type": "Inner", "Startup Cost": 41260049.7, "Total Cost": 41260058.01, "Plan Rows": 50000, "Plan Width": 55, "Actual Startup Time": 122484.344, "Actual Total Time": 122721.997, "Actual Rows": 44487, "Actual Loops": 1, "Inner Unique": true, "Plans": [{"Node Type": "Unique", "Parent Relationship": "Outer", "Startup Cost": 41260049.44, "Total Cost": 41260049.45, "Plan Rows": 2, "Plan Width": 16, "Actual Startup Time": 122484.301, "Actual Total Time": 122514.18, "Actual Rows": 44487, "Actual Loops": 1, "Plans": [{"Node Type": "Sort", "Parent Relationship": "Outer", "Startup Cost": 41260049.44, "Total Cost": 41260049.45, "Plan Rows": 2, "Plan Width": 16, "Actual Startup Time": 122484.297, "Actual Total Time": 122495.718, "Actual Rows": 58537, "Actual Loops": 1, "Sort Key": ["partsupp.ps_suppkey"], "Sort Method": "quicksort", "Sort Space Used": 7024, "Sort Space Type": "Memory", "Plans": [{"Node Type": "Nested Loop", "Parent Relationship": "Outer", "Join Type": "Semi", "Startup Cost": 1956350.51, "Total Cost": 41260049.43, "Plan Rows": 2, "Plan Width": 16, "Actual Startup Time": 18667.862, "Actual Total Time": 122403.43, "Actual Rows": 58537, "Actual Loops": 1, "Inner Unique": false, "Join Filter": "(partsupp.ps_partkey = part.p_partkey)", "Rows Removed by Join Filter": 0, "Plans": [{"Node Type": "Nested Loop", "Parent Relationship": "Outer", "Join Type": "Inner", "Startup Cost": 1956350.25, "Total Cost": 41259981.09, "Plan Rows": 15, "Plan Width": 32, "Actual Startup Time": 18667.485, "Actual Total Time": 76318.413, "Actual Rows": 5431247, "Actual Loops": 1, "Inner Unique": true, "Plans": [{"Node Type": "Aggregate", "Strategy": "Hashed", "Parent Relationship": "Outer", "Startup Cost": 1956349.97, "Total Cost": 2069745.97, "Plan Rows": 9071680, "Plan Width": 40, "Actual Startup Time": 18667.332, "Actual Total Time": 23320.171, "Actual Rows": 5442751, "Actual Loops": 1, "Group By Key": ["lineitem.l_partkey", "lineitem.l_suppkey"], "Plans": [{"Node Type": "Bitmap Heap Scan", "Parent Relationship": "Outer", "Relation Name": "lineitem", "Alias": "lineitem", "Startup Cost": 314312.97, "Total Cost": 1865633.17, "Plan Rows": 9071680, "Plan Width": 24, "Actual Startup Time": 4229.766, "Actual Total Time": 11960.542, "Actual Rows": 9109641, "Actual Loops": 1, "Recheck Cond": "((l_shipdate >= '1993-01-01 00:00:00'::timestamp(0) without time zone) AND (l_shipdate < '1994-01-01 00:00:00'::timestamp without time zone)), (LLVM Optimized, Jit Execute)", "Rows Removed by Index Recheck": 0, "Exact Heap Blocks": 1252335, "Lossy Heap Blocks": 1252335, "Plans": [{"Node Type": "Bitmap Index Scan", "Parent Relationship": "Outer", "Index Name": "idx_lineitem_shipdate", "Startup Cost": 0.0, "Total Cost": 312045.05, "Plan Rows": 9071680, "Plan Width": 0, "Actual Startup Time": 3607.483, "Actual Total Time": 3607.483, "Actual Rows": 9109641, "Actual Loops": 1, "Index Cond": "((l_shipdate >= '1993-01-01 00:00:00'::timestamp(0) without time zone) AND (l_shipdate < '1994-01-01 00:00:00'::timestamp without time zone))"}]}]}, {"Node Type": "Bitmap Heap Scan", "Parent Relationship": "Inner", "Relation Name": "partsupp", "Alias": "partsupp", "Startup Cost": 0.28, "Total Cost": 4.3, "Plan Rows": 1, "Plan Width": 24, "Actual Startup Time": 45151.232, "Actual Total Time": 45151.232, "Actual Rows": 5431247, "Actual Loops": 5442751, "Recheck Cond": "((ps_partkey = lineitem.l_partkey) AND (ps_suppkey = lineitem.l_suppkey))", "Rows Removed by Index Recheck": 0, "Filter": "((ps_availqty)::double precision > (.5::double precision * (sum(lineitem.l_quantity))))", "Rows Removed by Filter": 11504, "Exact Heap Blocks": 5442751, "Lossy Heap Blocks": 5442751, "Plans": [{"Node Type": "Bitmap Index Scan", "Parent Relationship": "Outer", "Index Name": "partsupp_pkey", "Startup Cost": 0.0, "Total Cost": 0.28, "Plan Rows": 1, "Plan Width": 0, "Actual Startup Time": 27667.53, "Actual Total Time": 27667.53, "Actual Rows": 5442751, "Actual Loops": 5442751, "Index Cond": "((ps_partkey = lineitem.l_partkey) AND (ps_suppkey = lineitem.l_suppkey))"}]}]}, {"Node Type": "Bitmap Heap Scan", "Parent Relationship": "Inner", "Relation Name": "part", "Alias": "part", "Startup Cost": 0.26, "Total Cost": 4.28, "Plan Rows": 1, "Plan Width": 8, "Actual Startup Time": 39761.268, "Actual Total Time": 39761.268, "Actual Rows": 58537, "Actual Loops": 5431247, "Recheck Cond": "(p_partkey = lineitem.l_partkey)", "Rows Removed by Index Recheck": 0, "Filter": "((p_name)::text ~~ 'green%'::text)", "Rows Removed by Filter": 5372710, "Exact Heap Blocks": 5431247, "Lossy Heap Blocks": 5431247, "Plans": [{"Node Type": "Bitmap Index Scan", "Parent Relationship": "Outer", "Index Name": "part_kpey", "Startup Cost": 0.0, "Total Cost": 0.26, "Plan Rows": 1, "Plan Width": 0, "Actual Startup Time": 23528.84, "Actual Total Time": 23528.84, "Actual Rows": 5431247, "Actual Loops": 5431247, "Index Cond": "(p_partkey = lineitem.l_partkey)"}]}]}]}]}, {"Node Type": "Bitmap Heap Scan", "Parent Relationship": "Inner", "Relation Name": "supplier", "Alias": "supplier", "Startup Cost": 0.26, "Total Cost": 4.27, "Plan Rows": 1, "Plan Width": 63, "Actual Startup Time": 147.97, "Actual Total Time": 147.97, "Actual Rows": 44487, "Actual Loops": 44487, "Recheck Cond": "(s_suppkey = lineitem.l_suppkey)", "Rows Removed by Index Recheck": 0, "Exact Heap Blocks": 44487, "Lossy Heap Blocks": 44487, "Plans": [{"Node Type": "Bitmap Index Scan", "Parent Relationship": "Outer", "Index Name": "supplier_pkey", "Startup Cost": 0.0, "Total Cost": 0.26, "Plan Rows": 1, "Plan Width": 0, "Actual Startup Time": 82.176, "Actual Total Time": 82.176, "Actual Rows": 44487, "Actual Loops": 44487, "Index Cond": "(s_suppkey = lineitem.l_suppkey)"}]}]}, {"Node Type": "Bitmap Heap Scan", "Parent Relationship": "Inner", "Relation Name": "nation", "Alias": "nation", "Startup Cost": 0.26, "Total Cost": 4.27, "Plan Rows": 1, "Plan Width": 4, "Actual Startup Time": 121.742, "Actual Total Time": 121.742, "Actual Rows": 1746, "Actual Loops": 44487, "Recheck Cond": "(n_nationkey = supplier.s_nationkey)", "Rows Removed by Index Recheck": 0, "Filter": "(n_name = 'ALGERIA'::bpchar)", "Rows Removed by Filter": 42741, "Exact Heap Blocks": 44487, "Lossy Heap Blocks": 44487, "Plans": [{"Node Type": "Bitmap Index Scan", "Parent Relationship": "Outer", "Index Name": "nation_pkey", "Startup Cost": 0.0, "Total Cost": 0.26, "Plan Rows": 1, "Plan Width": 0, "Actual Startup Time": 45.415, "Actual Total Time": 45.415, "Actual Rows": 44487, "Actual Loops": 44487, "Index Cond": "(n_nationkey = supplier.s_nationkey)"}]}]}]}, "Triggers": [], "Planner Runtime": 2, "Total Runtime": 122906.738, "Unique SQL Id": 202076520}}, "(64, 40)": {"explain_plan": {"Plan": {"Node Type": "Sort", "Startup Cost": 2931401.79, "Total Cost": 2931406.79, "Plan Rows": 2000, "Plan Width": 51, "Sort Key": ["supplier.s_name"], "Plans": [{"Node Type": "Nested Loop", "Parent Relationship": "Outer", "Join Type": "Semi", "Startup Cost": 2631808.11, "Total Cost": 2931292.13, "Plan Rows": 2000, "Plan Width": 51, "Inner Unique": false, "Join Filter": "(supplier.s_suppkey = lineitem.l_suppkey)", "Plans": [{"Node Type": "Nested Loop", "Parent Relationship": "Outer", "Join Type": "Inner", "Startup Cost": 0.0, "Total Cost": 4534.31, "Plan Rows": 4000, "Plan Width": 59, "Inner Unique": false, "Join Filter": "(supplier.s_nationkey = nation.n_nationkey)", "Plans": [{"Node Type": "Seq Scan", "Parent Relationship": "Outer", "Relation Name": "nation", "Alias": "nation", "Startup Cost": 0.0, "Total Cost": 1.31, "Plan Rows": 1, "Plan Width": 4, "Filter": "(n_name = 'ALGERIA'::bpchar)"}, {"Node Type": "Seq Scan", "Parent Relationship": "Inner", "Relation Name": "supplier", "Alias": "supplier", "Startup Cost": 0.0, "Total Cost": 3283.0, "Plan Rows": 100000, "Plan Width": 63}]}, {"Node Type": "Materialize", "Parent Relationship": "Inner", "Startup Cost": 2631808.11, "Total Cost": 2926637.82, "Plan Rows": 2, "Plan Width": 16, "Plans": [{"Node Type": "Hash Join", "Parent Relationship": "Outer", "Join Type": "Inner", "Startup Cost": 2631808.11, "Total Cost": 2926637.81, "Plan Rows": 2, "Plan Width": 16, "Inner Unique": false, "Hash Cond": "((lineitem.l_partkey = partsupp.ps_partkey) AND (lineitem.l_suppkey = partsupp.ps_suppkey))", "Join Filter": "((partsupp.ps_availqty)::double precision > (.5::double precision * (sum(lineitem.l_quantity))))", "Plans": [{"Node Type": "Aggregate", "Strategy": "Hashed", "Parent Relationship": "Outer", "Startup Cost": 2405767.29, "Total Cost": 2519163.29, "Plan Rows": 9071680, "Plan Width": 40, "Group By Key": ["lineitem.l_partkey", "lineitem.l_suppkey"], "Plans": [{"Node Type": "Seq Scan", "Parent Relationship": "Outer", "Relation Name": "lineitem", "Alias": "lineitem", "Startup Cost": 119.57, "Total Cost": 2315050.5, "Plan Rows": 9071680, "Plan Width": 24, "Filter": "((l_shipdate >= '1993-01-01 00:00:00'::timestamp(0) without time zone) AND (l_shipdate < '1994-01-01 00:00:00'::timestamp without time zone)), (LLVM Optimized)"}]}, {"Node Type": "Hash", "Parent Relationship": "Inner", "Startup Cost": 225072.53, "Total Cost": 225072.53, "Plan Rows": 64552, "Plan Width": 32, "Plans": [{"Node Type": "Nested Loop", "Parent Relationship": "Outer", "Join Type": "Inner", "Startup Cost": 0.0, "Total Cost": 225072.53, "Plan Rows": 64552, "Plan Width": 32, "Inner Unique": false, "Plans": [{"Node Type": "Seq Scan", "Parent Relationship": "Outer", "Relation Name": "part", "Alias": "part", "Startup Cost": 0.0, "Total Cost": 66944.0, "Plan Rows": 22472, "Plan Width": 8, "Filter": "((p_name)::text ~~ 'green%'::text)"}, {"Node Type": "Index Scan", "Parent Relationship": "Inner", "Scan Direction": "Forward", "Index Name": "idx_partsupp_partkey", "Relation Name": "partsupp", "Alias": "partsupp", "Startup Cost": 0.0, "Total Cost": 7.01, "Plan Rows": 3, "Plan Width": 24, "Index Cond": "(ps_partkey = part.p_partkey)"}]}]}]}]}]}]}, "Unique SQL Id": 202076520, "Planner Runtime": 2}, "explain_analyze_plan": {"Plan": {"Node Type": "Sort", "Startup Cost": 2931401.79, "Total Cost": 2931406.79, "Plan Rows": 2000, "Plan Width": 51, "Actual Startup Time": 88234.326, "Actual Total Time": 88234.484, "Actual Rows": 1746, "Actual Loops": 1, "Sort Key": ["supplier.s_name"], "Sort Method": "quicksort", "Sort Space Used": 309, "Sort Space Type": "Memory", "Plans": [{"Node Type": "Nested Loop", "Parent Relationship": "Outer", "Join Type": "Semi", "Startup Cost": 2631808.11, "Total Cost": 2931292.13, "Plan Rows": 2000, "Plan Width": 51, "Actual Startup Time": 37775.746, "Actual Total Time": 88226.764, "Actual Rows": 1746, "Actual Loops": 1, "Inner Unique": false, "Join Filter": "(supplier.s_suppkey = lineitem.l_suppkey)", "Rows Removed by Join Filter": 174379316, "Plans": [{"Node Type": "Nested Loop", "Parent Relationship": "Outer", "Join Type": "Inner", "Startup Cost": 0.0, "Total Cost": 4534.31, "Plan Rows": 4000, "Plan Width": 59, "Actual Startup Time": 0.055, "Actual Total Time": 71.662, "Actual Rows": 3934, "Actual Loops": 1, "Inner Unique": false, "Join Filter": "(supplier.s_nationkey = nation.n_nationkey)", "Rows Removed by Join Filter": 96066, "Plans": [{"Node Type": "Seq Scan", "Parent Relationship": "Outer", "Relation Name": "nation", "Alias": "nation", "Startup Cost": 0.0, "Total Cost": 1.31, "Plan Rows": 1, "Plan Width": 4, "Actual Startup Time": 0.026, "Actual Total Time": 0.048, "Actual Rows": 1, "Actual Loops": 1, "Filter": "(n_name = 'ALGERIA'::bpchar)", "Rows Removed by Filter": 24}, {"Node Type": "Seq Scan", "Parent Relationship": "Inner", "Relation Name": "supplier", "Alias": "supplier", "Startup Cost": 0.0, "Total Cost": 3283.0, "Plan Rows": 100000, "Plan Width": 63, "Actual Startup Time": 0.014, "Actual Total Time": 42.632, "Actual Rows": 100000, "Actual Loops": 1}]}, {"Node Type": "Materialize", "Parent Relationship": "Inner", "Startup Cost": 2631808.11, "Total Cost": 2926637.82, "Plan Rows": 2, "Plan Width": 16, "Actual Startup Time": 32415.725, "Actual Total Time": 54969.463, "Actual Rows": 174381062, "Actual Loops": 3934, "Plans": [{"Node Type": "Hash Join", "Parent Relationship": "Outer", "Join Type": "Inner", "Startup Cost": 2631808.11, "Total Cost": 2926637.81, "Plan Rows": 2, "Plan Width": 16, "Actual Startup Time": 32414.955, "Actual Total Time": 37730.993, "Actual Rows": 58537, "Actual Loops": 1, "Inner Unique": false, "Hash Cond": "((lineitem.l_partkey = partsupp.ps_partkey) AND (lineitem.l_suppkey = partsupp.ps_suppkey))", "Join Filter": "((partsupp.ps_availqty)::double precision > (.5::double precision * (sum(lineitem.l_quantity))))", "Rows Removed by Join Filter": 136, "Plans": [{"Node Type": "Aggregate", "Strategy": "Hashed", "Parent Relationship": "Outer", "Startup Cost": 2405767.29, "Total Cost": 2519163.29, "Plan Rows": 9071680, "Plan Width": 40, "Actual Startup Time": 31449.58, "Actual Total Time": 35133.306, "Actual Rows": 5442751, "Actual Loops": 1, "Group By Key": ["lineitem.l_partkey", "lineitem.l_suppkey"], "Plans": [{"Node Type": "Seq Scan", "Parent Relationship": "Outer", "Relation Name": "lineitem", "Alias": "lineitem", "Startup Cost": 119.57, "Total Cost": 2315050.5, "Plan Rows": 9071680, "Plan Width": 24, "Actual Startup Time": 0.043, "Actual Total Time": 23254.856, "Actual Rows": 9109641, "Actual Loops": 1, "Filter": "((l_shipdate >= '1993-01-01 00:00:00'::timestamp(0) without time zone) AND (l_shipdate < '1994-01-01 00:00:00'::timestamp without time zone)), (LLVM Optimized, Jit Execute)", "Rows Removed by Filter": 50876411}]}, {"Node Type": "Hash", "Parent Relationship": "Inner", "Startup Cost": 225072.53, "Total Cost": 225072.53, "Plan Rows": 64552, "Plan Width": 32, "Actual Startup Time": 965.179, "Actual Total Time": 965.179, "Actual Rows": 86224, "Actual Loops": 1, "Hash Buckets": 65536, "Hash Batches": 1, "Original Hash Batches": 1, "Peak Memory Usage": 5389, "Plans": [{"Node Type": "Nested Loop", "Parent Relationship": "Outer", "Join Type": "Inner", "Startup Cost": 0.0, "Total Cost": 225072.53, "Plan Rows": 64552, "Plan Width": 32, "Actual Startup Time": 0.042, "Actual Total Time": 932.992, "Actual Rows": 86224, "Actual Loops": 1, "Inner Unique": false, "Plans": [{"Node Type": "Seq Scan", "Parent Relationship": "Outer", "Relation Name": "part", "Alias": "part", "Startup Cost": 0.0, "Total Cost": 66944.0, "Plan Rows": 22472, "Plan Width": 8, "Actual Startup Time": 0.024, "Actual Total Time": 750.416, "Actual Rows": 21556, "Actual Loops": 1, "Filter": "((p_name)::text ~~ 'green%'::text)", "Rows Removed by Filter": 1978444}, {"Node Type": "Index Scan", "Parent Relationship": "Inner", "Scan Direction": "Forward", "Index Name": "idx_partsupp_partkey", "Relation Name": "partsupp", "Alias": "partsupp", "Startup Cost": 0.0, "Total Cost": 7.01, "Plan Rows": 3, "Plan Width": 24, "Actual Startup Time": 110.768, "Actual Total Time": 149.689, "Actual Rows": 86224, "Actual Loops": 21556, "Index Cond": "(ps_partkey = part.p_partkey)", "Rows Removed by Index Recheck": 0}]}]}]}]}]}]}, "Triggers": [], "Planner Runtime": 2, "Total Runtime": 88244.09, "Unique SQL Id": 202076520}}, "(64, 41)": {"explain_plan": {"Plan": {"Node Type": "Sort", "Startup Cost": 6721015.3, "Total Cost": 6721020.3, "Plan Rows": 2000, "Plan Width": 51, "Sort Key": ["supplier.s_name"], "Plans": [{"Node Type": "Nested Loop", "Parent Relationship": "Outer", "Join Type": "Semi", "Startup Cost": 6419358.7, "Total Cost": 6720905.64, "Plan Rows": 2000, "Plan Width": 51, "Inner Unique": false, "Join Filter": "(supplier.s_suppkey = lineitem.l_suppkey)", "Plans": [{"Node Type": "Nested Loop", "Parent Relationship": "Outer", "Join Type": "Inner", "Startup Cost": 0.0, "Total Cost": 6597.23, "Plan Rows": 4000, "Plan Width": 59, "Inner Unique": false, "Join Filter": "(supplier.s_nationkey = nation.n_nationkey)", "Plans": [{"Node Type": "Index Scan", "Parent Relationship": "Outer", "Scan Direction": "Forward", "Index Name": "nation_pkey", "Relation Name": "nation", "Alias": "nation", "Startup Cost": 0.0, "Total Cost": 12.69, "Plan Rows": 1, "Plan Width": 4, "Filter": "(n_name = 'ALGERIA'::bpchar)"}, {"Node Type": "Index Scan", "Parent Relationship": "Inner", "Scan Direction": "Forward", "Index Name": "supplier_pkey", "Relation Name": "supplier", "Alias": "supplier", "Startup Cost": 0.0, "Total Cost": 5334.54, "Plan Rows": 100000, "Plan Width": 63}]}, {"Node Type": "Materialize", "Parent Relationship": "Inner", "Startup Cost": 6419358.7, "Total Cost": 6714188.41, "Plan Rows": 2, "Plan Width": 16, "Plans": [{"Node Type": "Hash Join", "Parent Relationship": "Outer", "Join Type": "Inner", "Startup Cost": 6419358.7, "Total Cost": 6714188.4, "Plan Rows": 2, "Plan Width": 16, "Inner Unique": false, "Hash Cond": "((lineitem.l_partkey = partsupp.ps_partkey) AND (lineitem.l_suppkey = partsupp.ps_suppkey))", "Join Filter": "((partsupp.ps_availqty)::double precision > (.5::double precision * (sum(lineitem.l_quantity))))", "Plans": [{"Node Type": "Aggregate", "Strategy": "Hashed", "Parent Relationship": "Outer", "Startup Cost": 6154458.63, "Total Cost": 6267854.63, "Plan Rows": 9071680, "Plan Width": 40, "Group By Key": ["lineitem.l_partkey", "lineitem.l_suppkey"], "Plans": [{"Node Type": "Index Scan", "Parent Relationship": "Outer", "Scan Direction": "Forward", "Index Name": "idx_lineitem_shipdate", "Relation Name": "lineitem", "Alias": "lineitem", "Startup Cost": 0.0, "Total Cost": 6063741.83, "Plan Rows": 9071680, "Plan Width": 24, "Index Cond": "((l_shipdate >= '1993-01-01 00:00:00'::timestamp(0) without time zone) AND (l_shipdate < '1994-01-01 00:00:00'::timestamp without time zone)), (LLVM Optimized)"}]}, {"Node Type": "Hash", "Parent Relationship": "Inner", "Startup Cost": 263931.78, "Total Cost": 263931.78, "Plan Rows": 64552, "Plan Width": 32, "Plans": [{"Node Type": "Nested Loop", "Parent Relationship": "Outer", "Join Type": "Inner", "Startup Cost": 0.0, "Total Cost": 263931.78, "Plan Rows": 64552, "Plan Width": 32, "Inner Unique": false, "Plans": [{"Node Type": "Index Scan", "Parent Relationship": "Outer", "Scan Direction": "Forward", "Index Name": "part_kpey", "Relation Name": "part", "Alias": "part", "Startup Cost": 0.0, "Total Cost": 105803.25, "Plan Rows": 22472, "Plan Width": 8, "Filter": "((p_name)::text ~~ 'green%'::text)"}, {"Node Type": "Index Scan", "Parent Relationship": "Inner", "Scan Direction": "Forward", "Index Name": "idx_partsupp_partkey", "Relation Name": "partsupp", "Alias": "partsupp", "Startup Cost": 0.0, "Total Cost": 7.01, "Plan Rows": 3, "Plan Width": 24, "Index Cond": "(ps_partkey = part.p_partkey)"}]}]}]}]}]}]}, "Unique SQL Id": 202076520, "Planner Runtime": 2}, "explain_analyze_plan": {"Plan": {"Node Type": "Sort", "Startup Cost": 6721015.3, "Total Cost": 6721020.3, "Plan Rows": 2000, "Plan Width": 51, "Actual Startup Time": 88197.726, "Actual Total Time": 88197.881, "Actual Rows": 1746, "Actual Loops": 1, "Sort Key": ["supplier.s_name"], "Sort Method": "quicksort", "Sort Space Used": 309, "Sort Space Type": "Memory", "Plans": [{"Node Type": "Nested Loop", "Parent Relationship": "Outer", "Join Type": "Semi", "Startup Cost": 6419358.7, "Total Cost": 6720905.64, "Plan Rows": 2000, "Plan Width": 51, "Actual Startup Time": 37606.534, "Actual Total Time": 88193.327, "Actual Rows": 1746, "Actual Loops": 1, "Inner Unique": false, "Join Filter": "(supplier.s_suppkey = lineitem.l_suppkey)", "Rows Removed by Join Filter": 174379317, "Plans": [{"Node Type": "Nested Loop", "Parent Relationship": "Outer", "Join Type": "Inner", "Startup Cost": 0.0, "Total Cost": 6597.23, "Plan Rows": 4000, "Plan Width": 59, "Actual Startup Time": 0.061, "Actual Total Time": 97.617, "Actual Rows": 3934, "Actual Loops": 1, "Inner Unique": false, "Join Filter": "(supplier.s_nationkey = nation.n_nationkey)", "Rows Removed by Join Filter": 96066, "Plans": [{"Node Type": "Index Scan", "Parent Relationship": "Outer", "Scan Direction": "Forward", "Index Name": "nation_pkey", "Relation Name": "nation", "Alias": "nation", "Startup Cost": 0.0, "Total Cost": 12.69, "Plan Rows": 1, "Plan Width": 4, "Actual Startup Time": 0.02, "Actual Total Time": 0.046, "Actual Rows": 1, "Actual Loops": 1, "Filter": "(n_name = 'ALGERIA'::bpchar)", "Rows Removed by Filter": 24}, {"Node Type": "Index Scan", "Parent Relationship": "Inner", "Scan Direction": "Forward", "Index Name": "supplier_pkey", "Relation Name": "supplier", "Alias": "supplier", "Startup Cost": 0.0, "Total Cost": 5334.54, "Plan Rows": 100000, "Plan Width": 63, "Actual Startup Time": 0.021, "Actual Total Time": 70.014, "Actual Rows": 100000, "Actual Loops": 1}]}, {"Node Type": "Materialize", "Parent Relationship": "Inner", "Startup Cost": 6419358.7, "Total Cost": 6714188.41, "Plan Rows": 2, "Plan Width": 16, "Actual Startup Time": 33184.966, "Actual Total Time": 54865.358, "Actual Rows": 174381063, "Actual Loops": 3934, "Plans": [{"Node Type": "Hash Join", "Parent Relationship": "Outer", "Join Type": "Inner", "Startup Cost": 6419358.7, "Total Cost": 6714188.4, "Plan Rows": 2, "Plan Width": 16, "Actual Startup Time": 33184.204, "Actual Total Time": 37563.427, "Actual Rows": 58537, "Actual Loops": 1, "Inner Unique": false, "Hash Cond": "((lineitem.l_partkey = partsupp.ps_partkey) AND (lineitem.l_suppkey = partsupp.ps_suppkey))", "Join Filter": "((partsupp.ps_availqty)::double precision > (.5::double precision * (sum(lineitem.l_quantity))))", "Rows Removed by Join Filter": 136, "Plans": [{"Node Type": "Aggregate", "Strategy": "Hashed", "Parent Relationship": "Outer", "Startup Cost": 6154458.63, "Total Cost": 6267854.63, "Plan Rows": 9071680, "Plan Width": 40, "Actual Startup Time": 31650.31, "Actual Total Time": 34447.597, "Actual Rows": 5442751, "Actual Loops": 1, "Group By Key": ["lineitem.l_partkey", "lineitem.l_suppkey"], "Plans": [{"Node Type": "Index Scan", "Parent Relationship": "Outer", "Scan Direction": "Forward", "Index Name": "idx_lineitem_shipdate", "Relation Name": "lineitem", "Alias": "lineitem", "Startup Cost": 0.0, "Total Cost": 6063741.83, "Plan Rows": 9071680, "Plan Width": 24, "Actual Startup Time": 0.084, "Actual Total Time": 23325.887, "Actual Rows": 9109641, "Actual Loops": 1, "Index Cond": "((l_shipdate >= '1993-01-01 00:00:00'::timestamp(0) without time zone) AND (l_shipdate < '1994-01-01 00:00:00'::timestamp without time zone)), (LLVM Optimized, Jit Execute)", "Rows Removed by Index Recheck": 0}]}, {"Node Type": "Hash", "Parent Relationship": "Inner", "Startup Cost": 263931.78, "Total Cost": 263931.78, "Plan Rows": 64552, "Plan Width": 32, "Actual Startup Time": 1533.623, "Actual Total Time": 1533.623, "Actual Rows": 86224, "Actual Loops": 1, "Hash Buckets": 65536, "Hash Batches": 1, "Original Hash Batches": 1, "Peak Memory Usage": 5389, "Plans": [{"Node Type": "Nested Loop", "Parent Relationship": "Outer", "Join Type": "Inner", "Startup Cost": 0.0, "Total Cost": 263931.78, "Plan Rows": 64552, "Plan Width": 32, "Actual Startup Time": 0.052, "Actual Total Time": 1500.023, "Actual Rows": 86224, "Actual Loops": 1, "Inner Unique": false, "Plans": [{"Node Type": "Index Scan", "Parent Relationship": "Outer", "Scan Direction": "Forward", "Index Name": "part_kpey", "Relation Name": "part", "Alias": "part", "Startup Cost": 0.0, "Total Cost": 105803.25, "Plan Rows": 22472, "Plan Width": 8, "Actual Startup Time": 0.041, "Actual Total Time": 1307.039, "Actual Rows": 21556, "Actual Loops": 1, "Filter": "((p_name)::text ~~ 'green%'::text)", "Rows Removed by Filter": 1978444}, {"Node Type": "Index Scan", "Parent Relationship": "Inner", "Scan Direction": "Forward", "Index Name": "idx_partsupp_partkey", "Relation Name": "partsupp", "Alias": "partsupp", "Startup Cost": 0.0, "Total Cost": 7.01, "Plan Rows": 3, "Plan Width": 24, "Actual Startup Time": 118.463, "Actual Total Time": 159.978, "Actual Rows": 86224, "Actual Loops": 21556, "Index Cond": "(ps_partkey = part.p_partkey)", "Rows Removed by Index Recheck": 0}]}]}]}]}]}]}, "Triggers": [], "Planner Runtime": 2, "Total Runtime": 88207.533, "Unique SQL Id": 202076520}}, "(64, 42)": {"explain_plan": {"Plan": {"Node Type": "Sort", "Startup Cost": 3064191.97, "Total Cost": 3064196.97, "Plan Rows": 2000, "Plan Width": 51, "Sort Key": ["supplier.s_name"], "Plans": [{"Node Type": "Nested Loop", "Parent Relationship": "Outer", "Join Type": "Semi", "Startup Cost": 2764598.29, "Total Cost": 3064082.31, "Plan Rows": 2000, "Plan Width": 51, "Inner Unique": false, "Join Filter": "(supplier.s_suppkey = lineitem.l_suppkey)", "Plans": [{"Node Type": "Nested Loop", "Parent Relationship": "Outer", "Join Type": "Inner", "Startup Cost": 0.0, "Total Cost": 4534.31, "Plan Rows": 4000, "Plan Width": 59, "Inner Unique": false, "Join Filter": "(supplier.s_nationkey = nation.n_nationkey)", "Plans": [{"Node Type": "Seq Scan", "Parent Relationship": "Outer", "Relation Name": "nation", "Alias": "nation", "Startup Cost": 0.0, "Total Cost": 1.31, "Plan Rows": 1, "Plan Width": 4, "Filter": "(n_name = 'ALGERIA'::bpchar)"}, {"Node Type": "Seq Scan", "Parent Relationship": "Inner", "Relation Name": "supplier", "Alias": "supplier", "Startup Cost": 0.0, "Total Cost": 3283.0, "Plan Rows": 100000, "Plan Width": 63}]}, {"Node Type": "Materialize", "Parent Relationship": "Inner", "Startup Cost": 2764598.29, "Total Cost": 3059428.0, "Plan Rows": 2, "Plan Width": 16, "Plans": [{"Node Type": "Hash Join", "Parent Relationship": "Outer", "Join Type": "Inner", "Startup Cost": 2764598.29, "Total Cost": 3059427.99, "Plan Rows": 2, "Plan Width": 16, "Inner Unique": false, "Hash Cond": "((lineitem.l_partkey = partsupp.ps_partkey) AND (lineitem.l_suppkey = partsupp.ps_suppkey))", "Join Filter": "((partsupp.ps_availqty)::double precision > (.5::double precision * (sum(lineitem.l_quantity))))", "Plans": [{"Node Type": "Aggregate", "Strategy": "Hashed", "Parent Relationship": "Outer", "Startup Cost": 2405767.29, "Total Cost": 2519163.29, "Plan Rows": 9071680, "Plan Width": 40, "Group By Key": ["lineitem.l_partkey", "lineitem.l_suppkey"], "Plans": [{"Node Type": "Seq Scan", "Parent Relationship": "Outer", "Relation Name": "lineitem", "Alias": "lineitem", "Startup Cost": 119.57, "Total Cost": 2315050.5, "Plan Rows": 9071680, "Plan Width": 24, "Filter": "((l_shipdate >= '1993-01-01 00:00:00'::timestamp(0) without time zone) AND (l_shipdate < '1994-01-01 00:00:00'::timestamp without time zone)), (LLVM Optimized)"}]}, {"Node Type": "Hash", "Parent Relationship": "Inner", "Startup Cost": 357862.71, "Total Cost": 357862.71, "Plan Rows": 64552, "Plan Width": 32, "Plans": [{"Node Type": "Hash Join", "Parent Relationship": "Outer", "Join Type": "Inner", "Startup Cost": 67224.9, "Total Cost": 357862.71, "Plan Rows": 64552, "Plan Width": 32, "Inner Unique": true, "Hash Cond": "(partsupp.ps_partkey = part.p_partkey)", "Plans": [{"Node Type": "Seq Scan", "Parent Relationship": "Outer", "Relation Name": "partsupp", "Alias": "partsupp", "Startup Cost": 0.0, "Total Cost": 269987.72, "Plan Rows": 8000372, "Plan Width": 24}, {"Node Type": "Hash", "Parent Relationship": "Inner", "Startup Cost": 66944.0, "Total Cost": 66944.0, "Plan Rows": 22472, "Plan Width": 8, "Plans": [{"Node Type": "Seq Scan", "Parent Relationship": "Outer", "Relation Name": "part", "Alias": "part", "Startup Cost": 0.0, "Total Cost": 66944.0, "Plan Rows": 22472, "Plan Width": 8, "Filter": "((p_name)::text ~~ 'green%'::text)"}]}]}]}]}]}]}]}, "Unique SQL Id": 202076520, "Planner Runtime": 2}, "explain_analyze_plan": {"Plan": {"Node Type": "Sort", "Startup Cost": 3064191.97, "Total Cost": 3064196.97, "Plan Rows": 2000, "Plan Width": 51, "Actual Startup Time": 91600.323, "Actual Total Time": 91600.487, "Actual Rows": 1746, "Actual Loops": 1, "Sort Key": ["supplier.s_name"], "Sort Method": "quicksort", "Sort Space Used": 309, "Sort Space Type": "Memory", "Plans": [{"Node Type": "Nested Loop", "Parent Relationship": "Outer", "Join Type": "Semi", "Startup Cost": 2764598.29, "Total Cost": 3064082.31, "Plan Rows": 2000, "Plan Width": 51, "Actual Startup Time": 40650.494, "Actual Total Time": 91592.282, "Actual Rows": 1746, "Actual Loops": 1, "Inner Unique": false, "Join Filter": "(supplier.s_suppkey = lineitem.l_suppkey)", "Rows Removed by Join Filter": 174379316, "Plans": [{"Node Type": "Nested Loop", "Parent Relationship": "Outer", "Join Type": "Inner", "Startup Cost": 0.0, "Total Cost": 4534.31, "Plan Rows": 4000, "Plan Width": 59, "Actual Startup Time": 0.051, "Actual Total Time": 73.956, "Actual Rows": 3934, "Actual Loops": 1, "Inner Unique": false, "Join Filter": "(supplier.s_nationkey = nation.n_nationkey)", "Rows Removed by Join Filter": 96066, "Plans": [{"Node Type": "Seq Scan", "Parent Relationship": "Outer", "Relation Name": "nation", "Alias": "nation", "Startup Cost": 0.0, "Total Cost": 1.31, "Plan Rows": 1, "Plan Width": 4, "Actual Startup Time": 0.026, "Actual Total Time": 0.058, "Actual Rows": 1, "Actual Loops": 1, "Filter": "(n_name = 'ALGERIA'::bpchar)", "Rows Removed by Filter": 24}, {"Node Type": "Seq Scan", "Parent Relationship": "Inner", "Relation Name": "supplier", "Alias": "supplier", "Startup Cost": 0.0, "Total Cost": 3283.0, "Plan Rows": 100000, "Plan Width": 63, "Actual Startup Time": 0.01, "Actual Total Time": 43.982, "Actual Rows": 100000, "Actual Loops": 1}]}, {"Node Type": "Materialize", "Parent Relationship": "Inner", "Startup Cost": 2764598.29, "Total Cost": 3059428.0, "Plan Rows": 2, "Plan Width": 16, "Actual Startup Time": 35927.497, "Actual Total Time": 58116.6, "Actual Rows": 174381062, "Actual Loops": 3934, "Plans": [{"Node Type": "Hash Join", "Parent Relationship": "Outer", "Join Type": "Inner", "Startup Cost": 2764598.29, "Total Cost": 3059427.99, "Plan Rows": 2, "Plan Width": 16, "Actual Startup Time": 35926.815, "Actual Total Time": 40606.785, "Actual Rows": 58537, "Actual Loops": 1, "Inner Unique": false, "Hash Cond": "((lineitem.l_partkey = partsupp.ps_partkey) AND (lineitem.l_suppkey = partsupp.ps_suppkey))", "Join Filter": "((partsupp.ps_availqty)::double precision > (.5::double precision * (sum(lineitem.l_quantity))))", "Rows Removed by Join Filter": 136, "Plans": [{"Node Type": "Aggregate", "Strategy": "Hashed", "Parent Relationship": "Outer", "Startup Cost": 2405767.29, "Total Cost": 2519163.29, "Plan Rows": 9071680, "Plan Width": 40, "Actual Startup Time": 31166.853, "Actual Total Time": 34280.97, "Actual Rows": 5442751, "Actual Loops": 1, "Group By Key": ["lineitem.l_partkey", "lineitem.l_suppkey"], "Plans": [{"Node Type": "Seq Scan", "Parent Relationship": "Outer", "Relation Name": "lineitem", "Alias": "lineitem", "Startup Cost": 119.57, "Total Cost": 2315050.5, "Plan Rows": 9071680, "Plan Width": 24, "Actual Startup Time": 0.052, "Actual Total Time": 23206.229, "Actual Rows": 9109641, "Actual Loops": 1, "Filter": "((l_shipdate >= '1993-01-01 00:00:00'::timestamp(0) without time zone) AND (l_shipdate < '1994-01-01 00:00:00'::timestamp without time zone)), (LLVM Optimized, Jit Execute)", "Rows Removed by Filter": 50876411}]}, {"Node Type": "Hash", "Parent Relationship": "Inner", "Startup Cost": 357862.71, "Total Cost": 357862.71, "Plan Rows": 64552, "Plan Width": 32, "Actual Startup Time": 4759.612, "Actual Total Time": 4759.612, "Actual Rows": 86224, "Actual Loops": 1, "Hash Buckets": 65536, "Hash Batches": 1, "Original Hash Batches": 1, "Peak Memory Usage": 5389, "Plans": [{"Node Type": "Hash Join", "Parent Relationship": "Outer", "Join Type": "Inner", "Startup Cost": 67224.9, "Total Cost": 357862.71, "Plan Rows": 64552, "Plan Width": 32, "Actual Startup Time": 754.583, "Actual Total Time": 4717.199, "Actual Rows": 86224, "Actual Loops": 1, "Inner Unique": true, "Hash Cond": "(partsupp.ps_partkey = part.p_partkey)", "Plans": [{"Node Type": "Seq Scan", "Parent Relationship": "Outer", "Relation Name": "partsupp", "Alias": "partsupp", "Startup Cost": 0.0, "Total Cost": 269987.72, "Plan Rows": 8000372, "Plan Width": 24, "Actual Startup Time": 0.014, "Actual Total Time": 2422.418, "Actual Rows": 8000000, "Actual Loops": 1}, {"Node Type": "Hash", "Parent Relationship": "Inner", "Startup Cost": 66944.0, "Total Cost": 66944.0, "Plan Rows": 22472, "Plan Width": 8, "Actual Startup Time": 754.442, "Actual Total Time": 754.442, "Actual Rows": 21556, "Actual Loops": 1, "Hash Buckets": 32768, "Hash Batches": 1, "Original Hash Batches": 1, "Peak Memory Usage": 843, "Plans": [{"Node Type": "Seq Scan", "Parent Relationship": "Outer", "Relation Name": "part", "Alias": "part", "Startup Cost": 0.0, "Total Cost": 66944.0, "Plan Rows": 22472, "Plan Width": 8, "Actual Startup Time": 0.022, "Actual Total Time": 746.963, "Actual Rows": 21556, "Actual Loops": 1, "Filter": "((p_name)::text ~~ 'green%'::text)", "Rows Removed by Filter": 1978444}]}]}]}]}]}]}]}, "Triggers": [], "Planner Runtime": 2, "Total Runtime": 91610.124, "Unique SQL Id": 202076520}}, "(64, 43)": {"explain_plan": {"Plan": {"Node Type": "Sort", "Startup Cost": 5018253561064.47, "Total Cost": 5018253561069.47, "Plan Rows": 2000, "Plan Width": 51, "Sort Key": ["supplier.s_name"], "Plans": [{"Node Type": "Nested Loop", "Parent Relationship": "Outer", "Join Type": "Semi", "Startup Cost": 1040805475552.94, "Total Cost": 5018253560954.81, "Plan Rows": 2000, "Plan Width": 51, "Inner Unique": false, "Join Filter": "(supplier.s_suppkey = subquery.\"?column?\")", "Plans": [{"Node Type": "Nested Loop", "Parent Relationship": "Outer", "Join Type": "Inner", "Startup Cost": 20000000000.0, "Total Cost": 2000000536223.13, "Plan Rows": 4000, "Plan Width": 59, "Inner Unique": true, "Join Filter": "(supplier.s_nationkey = nation.n_nationkey)", "Plans": [{"Node Type": "Index Scan", "Parent Relationship": "Outer", "Scan Direction": "Forward", "Index Name": "supplier_pkey", "Relation Name": "supplier", "Alias": "supplier", "Startup Cost": 10000000000.0, "Total Cost": 1000000533454.38, "Plan Rows": 100000, "Plan Width": 63}, {"Node Type": "Materialize", "Parent Relationship": "Inner", "Startup Cost": 10000000000.0, "Total Cost": 1000000001268.76, "Plan Rows": 1, "Plan Width": 4, "Plans": [{"Node Type": "Index Scan", "Parent Relationship": "Outer", "Scan Direction": "Forward", "Index Name": "nation_pkey", "Relation Name": "nation", "Alias": "nation", "Startup Cost": 10000000000.0, "Total Cost": 1000000001268.75, "Plan Rows": 1, "Plan Width": 4, "Filter": "(n_name = 'ALGERIA'::bpchar)"}]}]}, {"Node Type": "Materialize", "Parent Relationship": "Inner", "Startup Cost": 1020805475552.94, "Total Cost": 3018253024611.68, "Plan Rows": 2, "Plan Width": 16, "Plans": [{"Node Type": "Nested Loop", "Parent Relationship": "Outer", "Join Type": "Inner", "Startup Cost": 1020805475552.94, "Total Cost": 3018253024611.67, "Plan Rows": 2, "Plan Width": 16, "Inner Unique": true, "Join Filter": "((partsupp.ps_partkey = subquery.\"?column?\") AND (partsupp.ps_suppkey = subquery.\"?column?\") AND ((partsupp.ps_availqty)::double precision > (.5::double precision * subquery.\"?column?\")))", "Plans": [{"Node Type": "Nested Loop", "Parent Relationship": "Outer", "Join Type": "Semi", "Startup Cost": 20000000000.0, "Total Cost": 2002807445082.73, "Plan Rows": 64552, "Plan Width": 32, "Inner Unique": false, "Join Filter": "(partsupp.ps_partkey = part.p_partkey)", "Plans": [{"Node Type": "Index Scan", "Parent Relationship": "Outer", "Scan Direction": "Forward", "Index Name": "idx_partsupp_suppkey", "Relation Name": "partsupp", "Alias": "partsupp", "Startup Cost": 10000000000.0, "Total Cost": 1000100160480.77, "Plan Rows": 8000372, "Plan Width": 24}, {"Node Type": "Materialize", "Parent Relationship": "Inner", "Startup Cost": 10000000000.0, "Total Cost": 1000010580437.36, "Plan Rows": 22472, "Plan Width": 8, "Plans": [{"Node Type": "Index Scan", "Parent Relationship": "Outer", "Scan Direction": "Forward", "Index Name": "part_kpey", "Relation Name": "part", "Alias": "part", "Startup Cost": 10000000000.0, "Total Cost": 1000010580325.0, "Plan Rows": 22472, "Plan Width": 8, "Filter": "((p_name)::text ~~ 'green%'::text)"}]}]}, {"Node Type": "Materialize", "Parent Relationship": "Inner", "Startup Cost": 1000805475552.94, "Total Cost": 1000805725024.14, "Plan Rows": 9071680, "Plan Width": 24, "Plans": [{"Node Type": "Subquery Scan", "Parent Relationship": "Outer", "Alias": "subquery", "Startup Cost": 1000805475552.94, "Total Cost": 1000805679665.74, "Plan Rows": 9071680, "Plan Width": 24, "Plans": [{"Node Type": "Aggregate", "Strategy": "Hashed", "Parent Relationship": "Subquery", "Startup Cost": 1000805475552.94, "Total Cost": 1000805588948.94, "Plan Rows": 9071680, "Plan Width": 40, "Group By Key": ["lineitem.l_partkey", "lineitem.l_suppkey"], "Plans": [{"Node Type": "Index Scan", "Parent Relationship": "Outer", "Scan Direction": "Forward", "Index Name": "idx_lineitem_part_supp", "Relation Name": "lineitem", "Alias": "lineitem", "Startup Cost": 10000000000.0, "Total Cost": 1000805384836.14, "Plan Rows": 9071680, "Plan Width": 24, "Filter": "((l_shipdate >= '1993-01-01 00:00:00'::timestamp(0) without time zone) AND (l_shipdate < '1994-01-01 00:00:00'::timestamp without time zone)), (LLVM Optimized)"}]}]}]}]}]}]}]}, "Unique SQL Id": 202076520, "Planner Runtime": 2}, "explain_analyze_plan": null}, "(64, 44)": {"explain_plan": {"Plan": {"Node Type": "Sort", "Startup Cost": 2931401.79, "Total Cost": 2931406.79, "Plan Rows": 2000, "Plan Width": 51, "Sort Key": ["supplier.s_name"], "Plans": [{"Node Type": "Nested Loop", "Parent Relationship": "Outer", "Join Type": "Semi", "Startup Cost": 2631808.11, "Total Cost": 2931292.13, "Plan Rows": 2000, "Plan Width": 51, "Inner Unique": false, "Join Filter": "(supplier.s_suppkey = lineitem.l_suppkey)", "Plans": [{"Node Type": "Nested Loop", "Parent Relationship": "Outer", "Join Type": "Inner", "Startup Cost": 0.0, "Total Cost": 4534.31, "Plan Rows": 4000, "Plan Width": 59, "Inner Unique": false, "Join Filter": "(supplier.s_nationkey = nation.n_nationkey)", "Plans": [{"Node Type": "Seq Scan", "Parent Relationship": "Outer", "Relation Name": "nation", "Alias": "nation", "Startup Cost": 0.0, "Total Cost": 1.31, "Plan Rows": 1, "Plan Width": 4, "Filter": "(n_name = 'ALGERIA'::bpchar)"}, {"Node Type": "Seq Scan", "Parent Relationship": "Inner", "Relation Name": "supplier", "Alias": "supplier", "Startup Cost": 0.0, "Total Cost": 3283.0, "Plan Rows": 100000, "Plan Width": 63}]}, {"Node Type": "Materialize", "Parent Relationship": "Inner", "Startup Cost": 2631808.11, "Total Cost": 2926637.82, "Plan Rows": 2, "Plan Width": 16, "Plans": [{"Node Type": "Hash Join", "Parent Relationship": "Outer", "Join Type": "Inner", "Startup Cost": 2631808.11, "Total Cost": 2926637.81, "Plan Rows": 2, "Plan Width": 16, "Inner Unique": false, "Hash Cond": "((lineitem.l_partkey = partsupp.ps_partkey) AND (lineitem.l_suppkey = partsupp.ps_suppkey))", "Join Filter": "((partsupp.ps_availqty)::double precision > (.5::double precision * (sum(lineitem.l_quantity))))", "Plans": [{"Node Type": "Aggregate", "Strategy": "Hashed", "Parent Relationship": "Outer", "Startup Cost": 2405767.29, "Total Cost": 2519163.29, "Plan Rows": 9071680, "Plan Width": 40, "Group By Key": ["lineitem.l_partkey", "lineitem.l_suppkey"], "Plans": [{"Node Type": "Seq Scan", "Parent Relationship": "Outer", "Relation Name": "lineitem", "Alias": "lineitem", "Startup Cost": 119.57, "Total Cost": 2315050.5, "Plan Rows": 9071680, "Plan Width": 24, "Filter": "((l_shipdate >= '1993-01-01 00:00:00'::timestamp(0) without time zone) AND (l_shipdate < '1994-01-01 00:00:00'::timestamp without time zone)), (LLVM Optimized)"}]}, {"Node Type": "Hash", "Parent Relationship": "Inner", "Startup Cost": 225072.53, "Total Cost": 225072.53, "Plan Rows": 64552, "Plan Width": 32, "Plans": [{"Node Type": "Nested Loop", "Parent Relationship": "Outer", "Join Type": "Inner", "Startup Cost": 0.0, "Total Cost": 225072.53, "Plan Rows": 64552, "Plan Width": 32, "Inner Unique": false, "Plans": [{"Node Type": "Seq Scan", "Parent Relationship": "Outer", "Relation Name": "part", "Alias": "part", "Startup Cost": 0.0, "Total Cost": 66944.0, "Plan Rows": 22472, "Plan Width": 8, "Filter": "((p_name)::text ~~ 'green%'::text)"}, {"Node Type": "Index Scan", "Parent Relationship": "Inner", "Scan Direction": "Forward", "Index Name": "idx_partsupp_partkey", "Relation Name": "partsupp", "Alias": "partsupp", "Startup Cost": 0.0, "Total Cost": 7.01, "Plan Rows": 3, "Plan Width": 24, "Index Cond": "(ps_partkey = part.p_partkey)"}]}]}]}]}]}]}, "Unique SQL Id": 202076520, "Planner Runtime": 2}, "explain_analyze_plan": {"Plan": {"Node Type": "Sort", "Startup Cost": 2931401.79, "Total Cost": 2931406.79, "Plan Rows": 2000, "Plan Width": 51, "Actual Startup Time": 88234.326, "Actual Total Time": 88234.484, "Actual Rows": 1746, "Actual Loops": 1, "Sort Key": ["supplier.s_name"], "Sort Method": "quicksort", "Sort Space Used": 309, "Sort Space Type": "Memory", "Plans": [{"Node Type": "Nested Loop", "Parent Relationship": "Outer", "Join Type": "Semi", "Startup Cost": 2631808.11, "Total Cost": 2931292.13, "Plan Rows": 2000, "Plan Width": 51, "Actual Startup Time": 37775.746, "Actual Total Time": 88226.764, "Actual Rows": 1746, "Actual Loops": 1, "Inner Unique": false, "Join Filter": "(supplier.s_suppkey = lineitem.l_suppkey)", "Rows Removed by Join Filter": 174379316, "Plans": [{"Node Type": "Nested Loop", "Parent Relationship": "Outer", "Join Type": "Inner", "Startup Cost": 0.0, "Total Cost": 4534.31, "Plan Rows": 4000, "Plan Width": 59, "Actual Startup Time": 0.055, "Actual Total Time": 71.662, "Actual Rows": 3934, "Actual Loops": 1, "Inner Unique": false, "Join Filter": "(supplier.s_nationkey = nation.n_nationkey)", "Rows Removed by Join Filter": 96066, "Plans": [{"Node Type": "Seq Scan", "Parent Relationship": "Outer", "Relation Name": "nation", "Alias": "nation", "Startup Cost": 0.0, "Total Cost": 1.31, "Plan Rows": 1, "Plan Width": 4, "Actual Startup Time": 0.026, "Actual Total Time": 0.048, "Actual Rows": 1, "Actual Loops": 1, "Filter": "(n_name = 'ALGERIA'::bpchar)", "Rows Removed by Filter": 24}, {"Node Type": "Seq Scan", "Parent Relationship": "Inner", "Relation Name": "supplier", "Alias": "supplier", "Startup Cost": 0.0, "Total Cost": 3283.0, "Plan Rows": 100000, "Plan Width": 63, "Actual Startup Time": 0.014, "Actual Total Time": 42.632, "Actual Rows": 100000, "Actual Loops": 1}]}, {"Node Type": "Materialize", "Parent Relationship": "Inner", "Startup Cost": 2631808.11, "Total Cost": 2926637.82, "Plan Rows": 2, "Plan Width": 16, "Actual Startup Time": 32415.725, "Actual Total Time": 54969.463, "Actual Rows": 174381062, "Actual Loops": 3934, "Plans": [{"Node Type": "Hash Join", "Parent Relationship": "Outer", "Join Type": "Inner", "Startup Cost": 2631808.11, "Total Cost": 2926637.81, "Plan Rows": 2, "Plan Width": 16, "Actual Startup Time": 32414.955, "Actual Total Time": 37730.993, "Actual Rows": 58537, "Actual Loops": 1, "Inner Unique": false, "Hash Cond": "((lineitem.l_partkey = partsupp.ps_partkey) AND (lineitem.l_suppkey = partsupp.ps_suppkey))", "Join Filter": "((partsupp.ps_availqty)::double precision > (.5::double precision * (sum(lineitem.l_quantity))))", "Rows Removed by Join Filter": 136, "Plans": [{"Node Type": "Aggregate", "Strategy": "Hashed", "Parent Relationship": "Outer", "Startup Cost": 2405767.29, "Total Cost": 2519163.29, "Plan Rows": 9071680, "Plan Width": 40, "Actual Startup Time": 31449.58, "Actual Total Time": 35133.306, "Actual Rows": 5442751, "Actual Loops": 1, "Group By Key": ["lineitem.l_partkey", "lineitem.l_suppkey"], "Plans": [{"Node Type": "Seq Scan", "Parent Relationship": "Outer", "Relation Name": "lineitem", "Alias": "lineitem", "Startup Cost": 119.57, "Total Cost": 2315050.5, "Plan Rows": 9071680, "Plan Width": 24, "Actual Startup Time": 0.043, "Actual Total Time": 23254.856, "Actual Rows": 9109641, "Actual Loops": 1, "Filter": "((l_shipdate >= '1993-01-01 00:00:00'::timestamp(0) without time zone) AND (l_shipdate < '1994-01-01 00:00:00'::timestamp without time zone)), (LLVM Optimized, Jit Execute)", "Rows Removed by Filter": 50876411}]}, {"Node Type": "Hash", "Parent Relationship": "Inner", "Startup Cost": 225072.53, "Total Cost": 225072.53, "Plan Rows": 64552, "Plan Width": 32, "Actual Startup Time": 965.179, "Actual Total Time": 965.179, "Actual Rows": 86224, "Actual Loops": 1, "Hash Buckets": 65536, "Hash Batches": 1, "Original Hash Batches": 1, "Peak Memory Usage": 5389, "Plans": [{"Node Type": "Nested Loop", "Parent Relationship": "Outer", "Join Type": "Inner", "Startup Cost": 0.0, "Total Cost": 225072.53, "Plan Rows": 64552, "Plan Width": 32, "Actual Startup Time": 0.042, "Actual Total Time": 932.992, "Actual Rows": 86224, "Actual Loops": 1, "Inner Unique": false, "Plans": [{"Node Type": "Seq Scan", "Parent Relationship": "Outer", "Relation Name": "part", "Alias": "part", "Startup Cost": 0.0, "Total Cost": 66944.0, "Plan Rows": 22472, "Plan Width": 8, "Actual Startup Time": 0.024, "Actual Total Time": 750.416, "Actual Rows": 21556, "Actual Loops": 1, "Filter": "((p_name)::text ~~ 'green%'::text)", "Rows Removed by Filter": 1978444}, {"Node Type": "Index Scan", "Parent Relationship": "Inner", "Scan Direction": "Forward", "Index Name": "idx_partsupp_partkey", "Relation Name": "partsupp", "Alias": "partsupp", "Startup Cost": 0.0, "Total Cost": 7.01, "Plan Rows": 3, "Plan Width": 24, "Actual Startup Time": 110.768, "Actual Total Time": 149.689, "Actual Rows": 86224, "Actual Loops": 21556, "Index Cond": "(ps_partkey = part.p_partkey)", "Rows Removed by Index Recheck": 0}]}]}]}]}]}]}, "Triggers": [], "Planner Runtime": 2, "Total Runtime": 88244.09, "Unique SQL Id": 202076520}}, "(64, 45)": {"explain_plan": {"Plan": {"Node Type": "Sort", "Startup Cost": 6721015.3, "Total Cost": 6721020.3, "Plan Rows": 2000, "Plan Width": 51, "Sort Key": ["supplier.s_name"], "Plans": [{"Node Type": "Nested Loop", "Parent Relationship": "Outer", "Join Type": "Semi", "Startup Cost": 6419358.7, "Total Cost": 6720905.64, "Plan Rows": 2000, "Plan Width": 51, "Inner Unique": false, "Join Filter": "(supplier.s_suppkey = lineitem.l_suppkey)", "Plans": [{"Node Type": "Nested Loop", "Parent Relationship": "Outer", "Join Type": "Inner", "Startup Cost": 0.0, "Total Cost": 6597.23, "Plan Rows": 4000, "Plan Width": 59, "Inner Unique": false, "Join Filter": "(supplier.s_nationkey = nation.n_nationkey)", "Plans": [{"Node Type": "Index Scan", "Parent Relationship": "Outer", "Scan Direction": "Forward", "Index Name": "nation_pkey", "Relation Name": "nation", "Alias": "nation", "Startup Cost": 0.0, "Total Cost": 12.69, "Plan Rows": 1, "Plan Width": 4, "Filter": "(n_name = 'ALGERIA'::bpchar)"}, {"Node Type": "Index Scan", "Parent Relationship": "Inner", "Scan Direction": "Forward", "Index Name": "supplier_pkey", "Relation Name": "supplier", "Alias": "supplier", "Startup Cost": 0.0, "Total Cost": 5334.54, "Plan Rows": 100000, "Plan Width": 63}]}, {"Node Type": "Materialize", "Parent Relationship": "Inner", "Startup Cost": 6419358.7, "Total Cost": 6714188.41, "Plan Rows": 2, "Plan Width": 16, "Plans": [{"Node Type": "Hash Join", "Parent Relationship": "Outer", "Join Type": "Inner", "Startup Cost": 6419358.7, "Total Cost": 6714188.4, "Plan Rows": 2, "Plan Width": 16, "Inner Unique": false, "Hash Cond": "((lineitem.l_partkey = partsupp.ps_partkey) AND (lineitem.l_suppkey = partsupp.ps_suppkey))", "Join Filter": "((partsupp.ps_availqty)::double precision > (.5::double precision * (sum(lineitem.l_quantity))))", "Plans": [{"Node Type": "Aggregate", "Strategy": "Hashed", "Parent Relationship": "Outer", "Startup Cost": 6154458.63, "Total Cost": 6267854.63, "Plan Rows": 9071680, "Plan Width": 40, "Group By Key": ["lineitem.l_partkey", "lineitem.l_suppkey"], "Plans": [{"Node Type": "Index Scan", "Parent Relationship": "Outer", "Scan Direction": "Forward", "Index Name": "idx_lineitem_shipdate", "Relation Name": "lineitem", "Alias": "lineitem", "Startup Cost": 0.0, "Total Cost": 6063741.83, "Plan Rows": 9071680, "Plan Width": 24, "Index Cond": "((l_shipdate >= '1993-01-01 00:00:00'::timestamp(0) without time zone) AND (l_shipdate < '1994-01-01 00:00:00'::timestamp without time zone)), (LLVM Optimized)"}]}, {"Node Type": "Hash", "Parent Relationship": "Inner", "Startup Cost": 263931.78, "Total Cost": 263931.78, "Plan Rows": 64552, "Plan Width": 32, "Plans": [{"Node Type": "Nested Loop", "Parent Relationship": "Outer", "Join Type": "Inner", "Startup Cost": 0.0, "Total Cost": 263931.78, "Plan Rows": 64552, "Plan Width": 32, "Inner Unique": false, "Plans": [{"Node Type": "Index Scan", "Parent Relationship": "Outer", "Scan Direction": "Forward", "Index Name": "part_kpey", "Relation Name": "part", "Alias": "part", "Startup Cost": 0.0, "Total Cost": 105803.25, "Plan Rows": 22472, "Plan Width": 8, "Filter": "((p_name)::text ~~ 'green%'::text)"}, {"Node Type": "Index Scan", "Parent Relationship": "Inner", "Scan Direction": "Forward", "Index Name": "idx_partsupp_partkey", "Relation Name": "partsupp", "Alias": "partsupp", "Startup Cost": 0.0, "Total Cost": 7.01, "Plan Rows": 3, "Plan Width": 24, "Index Cond": "(ps_partkey = part.p_partkey)"}]}]}]}]}]}]}, "Unique SQL Id": 202076520, "Planner Runtime": 2}, "explain_analyze_plan": {"Plan": {"Node Type": "Sort", "Startup Cost": 6721015.3, "Total Cost": 6721020.3, "Plan Rows": 2000, "Plan Width": 51, "Actual Startup Time": 88197.726, "Actual Total Time": 88197.881, "Actual Rows": 1746, "Actual Loops": 1, "Sort Key": ["supplier.s_name"], "Sort Method": "quicksort", "Sort Space Used": 309, "Sort Space Type": "Memory", "Plans": [{"Node Type": "Nested Loop", "Parent Relationship": "Outer", "Join Type": "Semi", "Startup Cost": 6419358.7, "Total Cost": 6720905.64, "Plan Rows": 2000, "Plan Width": 51, "Actual Startup Time": 37606.534, "Actual Total Time": 88193.327, "Actual Rows": 1746, "Actual Loops": 1, "Inner Unique": false, "Join Filter": "(supplier.s_suppkey = lineitem.l_suppkey)", "Rows Removed by Join Filter": 174379317, "Plans": [{"Node Type": "Nested Loop", "Parent Relationship": "Outer", "Join Type": "Inner", "Startup Cost": 0.0, "Total Cost": 6597.23, "Plan Rows": 4000, "Plan Width": 59, "Actual Startup Time": 0.061, "Actual Total Time": 97.617, "Actual Rows": 3934, "Actual Loops": 1, "Inner Unique": false, "Join Filter": "(supplier.s_nationkey = nation.n_nationkey)", "Rows Removed by Join Filter": 96066, "Plans": [{"Node Type": "Index Scan", "Parent Relationship": "Outer", "Scan Direction": "Forward", "Index Name": "nation_pkey", "Relation Name": "nation", "Alias": "nation", "Startup Cost": 0.0, "Total Cost": 12.69, "Plan Rows": 1, "Plan Width": 4, "Actual Startup Time": 0.02, "Actual Total Time": 0.046, "Actual Rows": 1, "Actual Loops": 1, "Filter": "(n_name = 'ALGERIA'::bpchar)", "Rows Removed by Filter": 24}, {"Node Type": "Index Scan", "Parent Relationship": "Inner", "Scan Direction": "Forward", "Index Name": "supplier_pkey", "Relation Name": "supplier", "Alias": "supplier", "Startup Cost": 0.0, "Total Cost": 5334.54, "Plan Rows": 100000, "Plan Width": 63, "Actual Startup Time": 0.021, "Actual Total Time": 70.014, "Actual Rows": 100000, "Actual Loops": 1}]}, {"Node Type": "Materialize", "Parent Relationship": "Inner", "Startup Cost": 6419358.7, "Total Cost": 6714188.41, "Plan Rows": 2, "Plan Width": 16, "Actual Startup Time": 33184.966, "Actual Total Time": 54865.358, "Actual Rows": 174381063, "Actual Loops": 3934, "Plans": [{"Node Type": "Hash Join", "Parent Relationship": "Outer", "Join Type": "Inner", "Startup Cost": 6419358.7, "Total Cost": 6714188.4, "Plan Rows": 2, "Plan Width": 16, "Actual Startup Time": 33184.204, "Actual Total Time": 37563.427, "Actual Rows": 58537, "Actual Loops": 1, "Inner Unique": false, "Hash Cond": "((lineitem.l_partkey = partsupp.ps_partkey) AND (lineitem.l_suppkey = partsupp.ps_suppkey))", "Join Filter": "((partsupp.ps_availqty)::double precision > (.5::double precision * (sum(lineitem.l_quantity))))", "Rows Removed by Join Filter": 136, "Plans": [{"Node Type": "Aggregate", "Strategy": "Hashed", "Parent Relationship": "Outer", "Startup Cost": 6154458.63, "Total Cost": 6267854.63, "Plan Rows": 9071680, "Plan Width": 40, "Actual Startup Time": 31650.31, "Actual Total Time": 34447.597, "Actual Rows": 5442751, "Actual Loops": 1, "Group By Key": ["lineitem.l_partkey", "lineitem.l_suppkey"], "Plans": [{"Node Type": "Index Scan", "Parent Relationship": "Outer", "Scan Direction": "Forward", "Index Name": "idx_lineitem_shipdate", "Relation Name": "lineitem", "Alias": "lineitem", "Startup Cost": 0.0, "Total Cost": 6063741.83, "Plan Rows": 9071680, "Plan Width": 24, "Actual Startup Time": 0.084, "Actual Total Time": 23325.887, "Actual Rows": 9109641, "Actual Loops": 1, "Index Cond": "((l_shipdate >= '1993-01-01 00:00:00'::timestamp(0) without time zone) AND (l_shipdate < '1994-01-01 00:00:00'::timestamp without time zone)), (LLVM Optimized, Jit Execute)", "Rows Removed by Index Recheck": 0}]}, {"Node Type": "Hash", "Parent Relationship": "Inner", "Startup Cost": 263931.78, "Total Cost": 263931.78, "Plan Rows": 64552, "Plan Width": 32, "Actual Startup Time": 1533.623, "Actual Total Time": 1533.623, "Actual Rows": 86224, "Actual Loops": 1, "Hash Buckets": 65536, "Hash Batches": 1, "Original Hash Batches": 1, "Peak Memory Usage": 5389, "Plans": [{"Node Type": "Nested Loop", "Parent Relationship": "Outer", "Join Type": "Inner", "Startup Cost": 0.0, "Total Cost": 263931.78, "Plan Rows": 64552, "Plan Width": 32, "Actual Startup Time": 0.052, "Actual Total Time": 1500.023, "Actual Rows": 86224, "Actual Loops": 1, "Inner Unique": false, "Plans": [{"Node Type": "Index Scan", "Parent Relationship": "Outer", "Scan Direction": "Forward", "Index Name": "part_kpey", "Relation Name": "part", "Alias": "part", "Startup Cost": 0.0, "Total Cost": 105803.25, "Plan Rows": 22472, "Plan Width": 8, "Actual Startup Time": 0.041, "Actual Total Time": 1307.039, "Actual Rows": 21556, "Actual Loops": 1, "Filter": "((p_name)::text ~~ 'green%'::text)", "Rows Removed by Filter": 1978444}, {"Node Type": "Index Scan", "Parent Relationship": "Inner", "Scan Direction": "Forward", "Index Name": "idx_partsupp_partkey", "Relation Name": "partsupp", "Alias": "partsupp", "Startup Cost": 0.0, "Total Cost": 7.01, "Plan Rows": 3, "Plan Width": 24, "Actual Startup Time": 118.463, "Actual Total Time": 159.978, "Actual Rows": 86224, "Actual Loops": 21556, "Index Cond": "(ps_partkey = part.p_partkey)", "Rows Removed by Index Recheck": 0}]}]}]}]}]}]}, "Triggers": [], "Planner Runtime": 2, "Total Runtime": 88207.533, "Unique SQL Id": 202076520}}, "(64, 46)": {"explain_plan": {"Plan": {"Node Type": "Sort", "Startup Cost": 3064191.97, "Total Cost": 3064196.97, "Plan Rows": 2000, "Plan Width": 51, "Sort Key": ["supplier.s_name"], "Plans": [{"Node Type": "Nested Loop", "Parent Relationship": "Outer", "Join Type": "Semi", "Startup Cost": 2764598.29, "Total Cost": 3064082.31, "Plan Rows": 2000, "Plan Width": 51, "Inner Unique": false, "Join Filter": "(supplier.s_suppkey = lineitem.l_suppkey)", "Plans": [{"Node Type": "Nested Loop", "Parent Relationship": "Outer", "Join Type": "Inner", "Startup Cost": 0.0, "Total Cost": 4534.31, "Plan Rows": 4000, "Plan Width": 59, "Inner Unique": false, "Join Filter": "(supplier.s_nationkey = nation.n_nationkey)", "Plans": [{"Node Type": "Seq Scan", "Parent Relationship": "Outer", "Relation Name": "nation", "Alias": "nation", "Startup Cost": 0.0, "Total Cost": 1.31, "Plan Rows": 1, "Plan Width": 4, "Filter": "(n_name = 'ALGERIA'::bpchar)"}, {"Node Type": "Seq Scan", "Parent Relationship": "Inner", "Relation Name": "supplier", "Alias": "supplier", "Startup Cost": 0.0, "Total Cost": 3283.0, "Plan Rows": 100000, "Plan Width": 63}]}, {"Node Type": "Materialize", "Parent Relationship": "Inner", "Startup Cost": 2764598.29, "Total Cost": 3059428.0, "Plan Rows": 2, "Plan Width": 16, "Plans": [{"Node Type": "Hash Join", "Parent Relationship": "Outer", "Join Type": "Inner", "Startup Cost": 2764598.29, "Total Cost": 3059427.99, "Plan Rows": 2, "Plan Width": 16, "Inner Unique": false, "Hash Cond": "((lineitem.l_partkey = partsupp.ps_partkey) AND (lineitem.l_suppkey = partsupp.ps_suppkey))", "Join Filter": "((partsupp.ps_availqty)::double precision > (.5::double precision * (sum(lineitem.l_quantity))))", "Plans": [{"Node Type": "Aggregate", "Strategy": "Hashed", "Parent Relationship": "Outer", "Startup Cost": 2405767.29, "Total Cost": 2519163.29, "Plan Rows": 9071680, "Plan Width": 40, "Group By Key": ["lineitem.l_partkey", "lineitem.l_suppkey"], "Plans": [{"Node Type": "Seq Scan", "Parent Relationship": "Outer", "Relation Name": "lineitem", "Alias": "lineitem", "Startup Cost": 119.57, "Total Cost": 2315050.5, "Plan Rows": 9071680, "Plan Width": 24, "Filter": "((l_shipdate >= '1993-01-01 00:00:00'::timestamp(0) without time zone) AND (l_shipdate < '1994-01-01 00:00:00'::timestamp without time zone)), (LLVM Optimized)"}]}, {"Node Type": "Hash", "Parent Relationship": "Inner", "Startup Cost": 357862.71, "Total Cost": 357862.71, "Plan Rows": 64552, "Plan Width": 32, "Plans": [{"Node Type": "Hash Join", "Parent Relationship": "Outer", "Join Type": "Inner", "Startup Cost": 67224.9, "Total Cost": 357862.71, "Plan Rows": 64552, "Plan Width": 32, "Inner Unique": true, "Hash Cond": "(partsupp.ps_partkey = part.p_partkey)", "Plans": [{"Node Type": "Seq Scan", "Parent Relationship": "Outer", "Relation Name": "partsupp", "Alias": "partsupp", "Startup Cost": 0.0, "Total Cost": 269987.72, "Plan Rows": 8000372, "Plan Width": 24}, {"Node Type": "Hash", "Parent Relationship": "Inner", "Startup Cost": 66944.0, "Total Cost": 66944.0, "Plan Rows": 22472, "Plan Width": 8, "Plans": [{"Node Type": "Seq Scan", "Parent Relationship": "Outer", "Relation Name": "part", "Alias": "part", "Startup Cost": 0.0, "Total Cost": 66944.0, "Plan Rows": 22472, "Plan Width": 8, "Filter": "((p_name)::text ~~ 'green%'::text)"}]}]}]}]}]}]}]}, "Unique SQL Id": 202076520, "Planner Runtime": 2}, "explain_analyze_plan": {"Plan": {"Node Type": "Sort", "Startup Cost": 3064191.97, "Total Cost": 3064196.97, "Plan Rows": 2000, "Plan Width": 51, "Actual Startup Time": 91600.323, "Actual Total Time": 91600.487, "Actual Rows": 1746, "Actual Loops": 1, "Sort Key": ["supplier.s_name"], "Sort Method": "quicksort", "Sort Space Used": 309, "Sort Space Type": "Memory", "Plans": [{"Node Type": "Nested Loop", "Parent Relationship": "Outer", "Join Type": "Semi", "Startup Cost": 2764598.29, "Total Cost": 3064082.31, "Plan Rows": 2000, "Plan Width": 51, "Actual Startup Time": 40650.494, "Actual Total Time": 91592.282, "Actual Rows": 1746, "Actual Loops": 1, "Inner Unique": false, "Join Filter": "(supplier.s_suppkey = lineitem.l_suppkey)", "Rows Removed by Join Filter": 174379316, "Plans": [{"Node Type": "Nested Loop", "Parent Relationship": "Outer", "Join Type": "Inner", "Startup Cost": 0.0, "Total Cost": 4534.31, "Plan Rows": 4000, "Plan Width": 59, "Actual Startup Time": 0.051, "Actual Total Time": 73.956, "Actual Rows": 3934, "Actual Loops": 1, "Inner Unique": false, "Join Filter": "(supplier.s_nationkey = nation.n_nationkey)", "Rows Removed by Join Filter": 96066, "Plans": [{"Node Type": "Seq Scan", "Parent Relationship": "Outer", "Relation Name": "nation", "Alias": "nation", "Startup Cost": 0.0, "Total Cost": 1.31, "Plan Rows": 1, "Plan Width": 4, "Actual Startup Time": 0.026, "Actual Total Time": 0.058, "Actual Rows": 1, "Actual Loops": 1, "Filter": "(n_name = 'ALGERIA'::bpchar)", "Rows Removed by Filter": 24}, {"Node Type": "Seq Scan", "Parent Relationship": "Inner", "Relation Name": "supplier", "Alias": "supplier", "Startup Cost": 0.0, "Total Cost": 3283.0, "Plan Rows": 100000, "Plan Width": 63, "Actual Startup Time": 0.01, "Actual Total Time": 43.982, "Actual Rows": 100000, "Actual Loops": 1}]}, {"Node Type": "Materialize", "Parent Relationship": "Inner", "Startup Cost": 2764598.29, "Total Cost": 3059428.0, "Plan Rows": 2, "Plan Width": 16, "Actual Startup Time": 35927.497, "Actual Total Time": 58116.6, "Actual Rows": 174381062, "Actual Loops": 3934, "Plans": [{"Node Type": "Hash Join", "Parent Relationship": "Outer", "Join Type": "Inner", "Startup Cost": 2764598.29, "Total Cost": 3059427.99, "Plan Rows": 2, "Plan Width": 16, "Actual Startup Time": 35926.815, "Actual Total Time": 40606.785, "Actual Rows": 58537, "Actual Loops": 1, "Inner Unique": false, "Hash Cond": "((lineitem.l_partkey = partsupp.ps_partkey) AND (lineitem.l_suppkey = partsupp.ps_suppkey))", "Join Filter": "((partsupp.ps_availqty)::double precision > (.5::double precision * (sum(lineitem.l_quantity))))", "Rows Removed by Join Filter": 136, "Plans": [{"Node Type": "Aggregate", "Strategy": "Hashed", "Parent Relationship": "Outer", "Startup Cost": 2405767.29, "Total Cost": 2519163.29, "Plan Rows": 9071680, "Plan Width": 40, "Actual Startup Time": 31166.853, "Actual Total Time": 34280.97, "Actual Rows": 5442751, "Actual Loops": 1, "Group By Key": ["lineitem.l_partkey", "lineitem.l_suppkey"], "Plans": [{"Node Type": "Seq Scan", "Parent Relationship": "Outer", "Relation Name": "lineitem", "Alias": "lineitem", "Startup Cost": 119.57, "Total Cost": 2315050.5, "Plan Rows": 9071680, "Plan Width": 24, "Actual Startup Time": 0.052, "Actual Total Time": 23206.229, "Actual Rows": 9109641, "Actual Loops": 1, "Filter": "((l_shipdate >= '1993-01-01 00:00:00'::timestamp(0) without time zone) AND (l_shipdate < '1994-01-01 00:00:00'::timestamp without time zone)), (LLVM Optimized, Jit Execute)", "Rows Removed by Filter": 50876411}]}, {"Node Type": "Hash", "Parent Relationship": "Inner", "Startup Cost": 357862.71, "Total Cost": 357862.71, "Plan Rows": 64552, "Plan Width": 32, "Actual Startup Time": 4759.612, "Actual Total Time": 4759.612, "Actual Rows": 86224, "Actual Loops": 1, "Hash Buckets": 65536, "Hash Batches": 1, "Original Hash Batches": 1, "Peak Memory Usage": 5389, "Plans": [{"Node Type": "Hash Join", "Parent Relationship": "Outer", "Join Type": "Inner", "Startup Cost": 67224.9, "Total Cost": 357862.71, "Plan Rows": 64552, "Plan Width": 32, "Actual Startup Time": 754.583, "Actual Total Time": 4717.199, "Actual Rows": 86224, "Actual Loops": 1, "Inner Unique": true, "Hash Cond": "(partsupp.ps_partkey = part.p_partkey)", "Plans": [{"Node Type": "Seq Scan", "Parent Relationship": "Outer", "Relation Name": "partsupp", "Alias": "partsupp", "Startup Cost": 0.0, "Total Cost": 269987.72, "Plan Rows": 8000372, "Plan Width": 24, "Actual Startup Time": 0.014, "Actual Total Time": 2422.418, "Actual Rows": 8000000, "Actual Loops": 1}, {"Node Type": "Hash", "Parent Relationship": "Inner", "Startup Cost": 66944.0, "Total Cost": 66944.0, "Plan Rows": 22472, "Plan Width": 8, "Actual Startup Time": 754.442, "Actual Total Time": 754.442, "Actual Rows": 21556, "Actual Loops": 1, "Hash Buckets": 32768, "Hash Batches": 1, "Original Hash Batches": 1, "Peak Memory Usage": 843, "Plans": [{"Node Type": "Seq Scan", "Parent Relationship": "Outer", "Relation Name": "part", "Alias": "part", "Startup Cost": 0.0, "Total Cost": 66944.0, "Plan Rows": 22472, "Plan Width": 8, "Actual Startup Time": 0.022, "Actual Total Time": 746.963, "Actual Rows": 21556, "Actual Loops": 1, "Filter": "((p_name)::text ~~ 'green%'::text)", "Rows Removed by Filter": 1978444}]}]}]}]}]}]}]}, "Triggers": [], "Planner Runtime": 2, "Total Runtime": 91610.124, "Unique SQL Id": 202076520}}, "(64, 47)": {"explain_plan": {"Plan": {"Node Type": "Sort", "Startup Cost": 5018253561064.47, "Total Cost": 5018253561069.47, "Plan Rows": 2000, "Plan Width": 51, "Sort Key": ["supplier.s_name"], "Plans": [{"Node Type": "Nested Loop", "Parent Relationship": "Outer", "Join Type": "Semi", "Startup Cost": 1040805475552.94, "Total Cost": 5018253560954.81, "Plan Rows": 2000, "Plan Width": 51, "Inner Unique": false, "Join Filter": "(supplier.s_suppkey = subquery.\"?column?\")", "Plans": [{"Node Type": "Nested Loop", "Parent Relationship": "Outer", "Join Type": "Inner", "Startup Cost": 20000000000.0, "Total Cost": 2000000536223.13, "Plan Rows": 4000, "Plan Width": 59, "Inner Unique": true, "Join Filter": "(supplier.s_nationkey = nation.n_nationkey)", "Plans": [{"Node Type": "Index Scan", "Parent Relationship": "Outer", "Scan Direction": "Forward", "Index Name": "supplier_pkey", "Relation Name": "supplier", "Alias": "supplier", "Startup Cost": 10000000000.0, "Total Cost": 1000000533454.38, "Plan Rows": 100000, "Plan Width": 63}, {"Node Type": "Materialize", "Parent Relationship": "Inner", "Startup Cost": 10000000000.0, "Total Cost": 1000000001268.76, "Plan Rows": 1, "Plan Width": 4, "Plans": [{"Node Type": "Index Scan", "Parent Relationship": "Outer", "Scan Direction": "Forward", "Index Name": "nation_pkey", "Relation Name": "nation", "Alias": "nation", "Startup Cost": 10000000000.0, "Total Cost": 1000000001268.75, "Plan Rows": 1, "Plan Width": 4, "Filter": "(n_name = 'ALGERIA'::bpchar)"}]}]}, {"Node Type": "Materialize", "Parent Relationship": "Inner", "Startup Cost": 1020805475552.94, "Total Cost": 3018253024611.68, "Plan Rows": 2, "Plan Width": 16, "Plans": [{"Node Type": "Nested Loop", "Parent Relationship": "Outer", "Join Type": "Inner", "Startup Cost": 1020805475552.94, "Total Cost": 3018253024611.67, "Plan Rows": 2, "Plan Width": 16, "Inner Unique": true, "Join Filter": "((partsupp.ps_partkey = subquery.\"?column?\") AND (partsupp.ps_suppkey = subquery.\"?column?\") AND ((partsupp.ps_availqty)::double precision > (.5::double precision * subquery.\"?column?\")))", "Plans": [{"Node Type": "Nested Loop", "Parent Relationship": "Outer", "Join Type": "Semi", "Startup Cost": 20000000000.0, "Total Cost": 2002807445082.73, "Plan Rows": 64552, "Plan Width": 32, "Inner Unique": false, "Join Filter": "(partsupp.ps_partkey = part.p_partkey)", "Plans": [{"Node Type": "Index Scan", "Parent Relationship": "Outer", "Scan Direction": "Forward", "Index Name": "idx_partsupp_suppkey", "Relation Name": "partsupp", "Alias": "partsupp", "Startup Cost": 10000000000.0, "Total Cost": 1000100160480.77, "Plan Rows": 8000372, "Plan Width": 24}, {"Node Type": "Materialize", "Parent Relationship": "Inner", "Startup Cost": 10000000000.0, "Total Cost": 1000010580437.36, "Plan Rows": 22472, "Plan Width": 8, "Plans": [{"Node Type": "Index Scan", "Parent Relationship": "Outer", "Scan Direction": "Forward", "Index Name": "part_kpey", "Relation Name": "part", "Alias": "part", "Startup Cost": 10000000000.0, "Total Cost": 1000010580325.0, "Plan Rows": 22472, "Plan Width": 8, "Filter": "((p_name)::text ~~ 'green%'::text)"}]}]}, {"Node Type": "Materialize", "Parent Relationship": "Inner", "Startup Cost": 1000805475552.94, "Total Cost": 1000805725024.14, "Plan Rows": 9071680, "Plan Width": 24, "Plans": [{"Node Type": "Subquery Scan", "Parent Relationship": "Outer", "Alias": "subquery", "Startup Cost": 1000805475552.94, "Total Cost": 1000805679665.74, "Plan Rows": 9071680, "Plan Width": 24, "Plans": [{"Node Type": "Aggregate", "Strategy": "Hashed", "Parent Relationship": "Subquery", "Startup Cost": 1000805475552.94, "Total Cost": 1000805588948.94, "Plan Rows": 9071680, "Plan Width": 40, "Group By Key": ["lineitem.l_partkey", "lineitem.l_suppkey"], "Plans": [{"Node Type": "Index Scan", "Parent Relationship": "Outer", "Scan Direction": "Forward", "Index Name": "idx_lineitem_part_supp", "Relation Name": "lineitem", "Alias": "lineitem", "Startup Cost": 10000000000.0, "Total Cost": 1000805384836.14, "Plan Rows": 9071680, "Plan Width": 24, "Filter": "((l_shipdate >= '1993-01-01 00:00:00'::timestamp(0) without time zone) AND (l_shipdate < '1994-01-01 00:00:00'::timestamp without time zone)), (LLVM Optimized)"}]}]}]}]}]}]}]}, "Unique SQL Id": 202076520, "Planner Runtime": 2}, "explain_analyze_plan": null}, "(64, 48)": {"explain_plan": {"Plan": {"Node Type": "Sort", "Startup Cost": 5735697.9, "Total Cost": 5735702.9, "Plan Rows": 2000, "Plan Width": 51, "Sort Key": ["supplier.s_name"], "Plans": [{"Node Type": "Nested Loop", "Parent Relationship": "Outer", "Join Type": "Semi", "Startup Cost": 1956349.97, "Total Cost": 5735588.24, "Plan Rows": 2000, "Plan Width": 51, "Inner Unique": false, "Join Filter": "(supplier.s_suppkey = lineitem.l_suppkey)", "Plans": [{"Node Type": "Nested Loop", "Parent Relationship": "Outer", "Join Type": "Inner", "Startup Cost": 0.0, "Total Cost": 4534.31, "Plan Rows": 4000, "Plan Width": 59, "Inner Unique": false, "Join Filter": "(supplier.s_nationkey = nation.n_nationkey)", "Plans": [{"Node Type": "Seq Scan", "Parent Relationship": "Outer", "Relation Name": "nation", "Alias": "nation", "Startup Cost": 0.0, "Total Cost": 1.31, "Plan Rows": 1, "Plan Width": 4, "Filter": "(n_name = 'ALGERIA'::bpchar)"}, {"Node Type": "Seq Scan", "Parent Relationship": "Inner", "Relation Name": "supplier", "Alias": "supplier", "Startup Cost": 0.0, "Total Cost": 3283.0, "Plan Rows": 100000, "Plan Width": 63}]}, {"Node Type": "Materialize", "Parent Relationship": "Inner", "Startup Cost": 1956349.97, "Total Cost": 5730933.93, "Plan Rows": 2, "Plan Width": 16, "Plans": [{"Node Type": "Nested Loop", "Parent Relationship": "Outer", "Join Type": "Semi", "Startup Cost": 1956349.97, "Total Cost": 5730933.92, "Plan Rows": 2, "Plan Width": 16, "Inner Unique": false, "Plans": [{"Node Type": "Nested Loop", "Parent Relationship": "Outer", "Join Type": "Inner", "Startup Cost": 1956349.97, "Total Cost": 5730929.17, "Plan Rows": 15, "Plan Width": 32, "Inner Unique": true, "Plans": [{"Node Type": "Aggregate", "Strategy": "Hashed", "Parent Relationship": "Outer", "Startup Cost": 1956349.97, "Total Cost": 2069745.97, "Plan Rows": 9071680, "Plan Width": 40, "Group By Key": ["lineitem.l_partkey", "lineitem.l_suppkey"], "Plans": [{"Node Type": "Bitmap Heap Scan", "Parent Relationship": "Outer", "Relation Name": "lineitem", "Alias": "lineitem", "Startup Cost": 314312.97, "Total Cost": 1865633.17, "Plan Rows": 9071680, "Plan Width": 24, "Recheck Cond": "((l_shipdate >= '1993-01-01 00:00:00'::timestamp(0) without time zone) AND (l_shipdate < '1994-01-01 00:00:00'::timestamp without time zone)), (LLVM Optimized)", "Plans": [{"Node Type": "Bitmap Index Scan", "Parent Relationship": "Outer", "Index Name": "idx_lineitem_shipdate", "Startup Cost": 0.0, "Total Cost": 312045.05, "Plan Rows": 9071680, "Plan Width": 0, "Index Cond": "((l_shipdate >= '1993-01-01 00:00:00'::timestamp(0) without time zone) AND (l_shipdate < '1994-01-01 00:00:00'::timestamp without time zone))"}]}]}, {"Node Type": "Index Scan", "Parent Relationship": "Inner", "Scan Direction": "Forward", "Index Name": "partsupp_pkey", "Relation Name": "partsupp", "Alias": "partsupp", "Startup Cost": 0.0, "Total Cost": 0.38, "Plan Rows": 1, "Plan Width": 24, "Index Cond": "((ps_partkey = lineitem.l_partkey) AND (ps_suppkey = lineitem.l_suppkey))", "Filter": "((ps_availqty)::double precision > (.5::double precision * (sum(lineitem.l_quantity))))"}]}, {"Node Type": "Index Scan", "Parent Relationship": "Inner", "Scan Direction": "Forward", "Index Name": "part_kpey", "Relation Name": "part", "Alias": "part", "Startup Cost": 0.0, "Total Cost": 0.3, "Plan Rows": 1, "Plan Width": 8, "Index Cond": "(p_partkey = partsupp.ps_partkey)", "Filter": "((p_name)::text ~~ 'green%'::text)"}]}]}]}]}, "Unique SQL Id": 202076520, "Planner Runtime": 2}, "explain_analyze_plan": null}, "(64, 49)": {"explain_plan": {"Plan": {"Node Type": "Sort", "Startup Cost": 5737760.82, "Total Cost": 5737765.82, "Plan Rows": 2000, "Plan Width": 51, "Sort Key": ["supplier.s_name"], "Plans": [{"Node Type": "Nested Loop", "Parent Relationship": "Outer", "Join Type": "Semi", "Startup Cost": 1956349.97, "Total Cost": 5737651.16, "Plan Rows": 2000, "Plan Width": 51, "Inner Unique": false, "Join Filter": "(supplier.s_suppkey = lineitem.l_suppkey)", "Plans": [{"Node Type": "Nested Loop", "Parent Relationship": "Outer", "Join Type": "Inner", "Startup Cost": 0.0, "Total Cost": 6597.23, "Plan Rows": 4000, "Plan Width": 59, "Inner Unique": false, "Join Filter": "(supplier.s_nationkey = nation.n_nationkey)", "Plans": [{"Node Type": "Index Scan", "Parent Relationship": "Outer", "Scan Direction": "Forward", "Index Name": "nation_pkey", "Relation Name": "nation", "Alias": "nation", "Startup Cost": 0.0, "Total Cost": 12.69, "Plan Rows": 1, "Plan Width": 4, "Filter": "(n_name = 'ALGERIA'::bpchar)"}, {"Node Type": "Index Scan", "Parent Relationship": "Inner", "Scan Direction": "Forward", "Index Name": "supplier_pkey", "Relation Name": "supplier", "Alias": "supplier", "Startup Cost": 0.0, "Total Cost": 5334.54, "Plan Rows": 100000, "Plan Width": 63}]}, {"Node Type": "Materialize", "Parent Relationship": "Inner", "Startup Cost": 1956349.97, "Total Cost": 5730933.93, "Plan Rows": 2, "Plan Width": 16, "Plans": [{"Node Type": "Nested Loop", "Parent Relationship": "Outer", "Join Type": "Semi", "Startup Cost": 1956349.97, "Total Cost": 5730933.92, "Plan Rows": 2, "Plan Width": 16, "Inner Unique": false, "Plans": [{"Node Type": "Nested Loop", "Parent Relationship": "Outer", "Join Type": "Inner", "Startup Cost": 1956349.97, "Total Cost": 5730929.17, "Plan Rows": 15, "Plan Width": 32, "Inner Unique": true, "Plans": [{"Node Type": "Aggregate", "Strategy": "Hashed", "Parent Relationship": "Outer", "Startup Cost": 1956349.97, "Total Cost": 2069745.97, "Plan Rows": 9071680, "Plan Width": 40, "Group By Key": ["lineitem.l_partkey", "lineitem.l_suppkey"], "Plans": [{"Node Type": "Bitmap Heap Scan", "Parent Relationship": "Outer", "Relation Name": "lineitem", "Alias": "lineitem", "Startup Cost": 314312.97, "Total Cost": 1865633.17, "Plan Rows": 9071680, "Plan Width": 24, "Recheck Cond": "((l_shipdate >= '1993-01-01 00:00:00'::timestamp(0) without time zone) AND (l_shipdate < '1994-01-01 00:00:00'::timestamp without time zone)), (LLVM Optimized)", "Plans": [{"Node Type": "Bitmap Index Scan", "Parent Relationship": "Outer", "Index Name": "idx_lineitem_shipdate", "Startup Cost": 0.0, "Total Cost": 312045.05, "Plan Rows": 9071680, "Plan Width": 0, "Index Cond": "((l_shipdate >= '1993-01-01 00:00:00'::timestamp(0) without time zone) AND (l_shipdate < '1994-01-01 00:00:00'::timestamp without time zone))"}]}]}, {"Node Type": "Index Scan", "Parent Relationship": "Inner", "Scan Direction": "Forward", "Index Name": "partsupp_pkey", "Relation Name": "partsupp", "Alias": "partsupp", "Startup Cost": 0.0, "Total Cost": 0.38, "Plan Rows": 1, "Plan Width": 24, "Index Cond": "((ps_partkey = lineitem.l_partkey) AND (ps_suppkey = lineitem.l_suppkey))", "Filter": "((ps_availqty)::double precision > (.5::double precision * (sum(lineitem.l_quantity))))"}]}, {"Node Type": "Index Scan", "Parent Relationship": "Inner", "Scan Direction": "Forward", "Index Name": "part_kpey", "Relation Name": "part", "Alias": "part", "Startup Cost": 0.0, "Total Cost": 0.3, "Plan Rows": 1, "Plan Width": 8, "Index Cond": "(p_partkey = partsupp.ps_partkey)", "Filter": "((p_name)::text ~~ 'green%'::text)"}]}]}]}]}, "Unique SQL Id": 202076520, "Planner Runtime": 2}, "explain_analyze_plan": null}, "(64, 50)": {"explain_plan": {"Plan": {"Node Type": "Sort", "Startup Cost": 41264813.41, "Total Cost": 41264818.41, "Plan Rows": 2000, "Plan Width": 51, "Sort Key": ["supplier.s_name"], "Plans": [{"Node Type": "Nested Loop", "Parent Relationship": "Outer", "Join Type": "Semi", "Startup Cost": 1956350.51, "Total Cost": 41264703.75, "Plan Rows": 2000, "Plan Width": 51, "Inner Unique": false, "Join Filter": "(supplier.s_suppkey = lineitem.l_suppkey)", "Plans": [{"Node Type": "Nested Loop", "Parent Relationship": "Outer", "Join Type": "Inner", "Startup Cost": 0.0, "Total Cost": 4534.31, "Plan Rows": 4000, "Plan Width": 59, "Inner Unique": false, "Join Filter": "(supplier.s_nationkey = nation.n_nationkey)", "Plans": [{"Node Type": "Seq Scan", "Parent Relationship": "Outer", "Relation Name": "nation", "Alias": "nation", "Startup Cost": 0.0, "Total Cost": 1.31, "Plan Rows": 1, "Plan Width": 4, "Filter": "(n_name = 'ALGERIA'::bpchar)"}, {"Node Type": "Seq Scan", "Parent Relationship": "Inner", "Relation Name": "supplier", "Alias": "supplier", "Startup Cost": 0.0, "Total Cost": 3283.0, "Plan Rows": 100000, "Plan Width": 63}]}, {"Node Type": "Materialize", "Parent Relationship": "Inner", "Startup Cost": 1956350.51, "Total Cost": 41260049.44, "Plan Rows": 2, "Plan Width": 16, "Plans": [{"Node Type": "Nested Loop", "Parent Relationship": "Outer", "Join Type": "Semi", "Startup Cost": 1956350.51, "Total Cost": 41260049.43, "Plan Rows": 2, "Plan Width": 16, "Inner Unique": false, "Join Filter": "(partsupp.ps_partkey = part.p_partkey)", "Plans": [{"Node Type": "Nested Loop", "Parent Relationship": "Outer", "Join Type": "Inner", "Startup Cost": 1956350.25, "Total Cost": 41259981.09, "Plan Rows": 15, "Plan Width": 32, "Inner Unique": true, "Plans": [{"Node Type": "Aggregate", "Strategy": "Hashed", "Parent Relationship": "Outer", "Startup Cost": 1956349.97, "Total Cost": 2069745.97, "Plan Rows": 9071680, "Plan Width": 40, "Group By Key": ["lineitem.l_partkey", "lineitem.l_suppkey"], "Plans": [{"Node Type": "Bitmap Heap Scan", "Parent Relationship": "Outer", "Relation Name": "lineitem", "Alias": "lineitem", "Startup Cost": 314312.97, "Total Cost": 1865633.17, "Plan Rows": 9071680, "Plan Width": 24, "Recheck Cond": "((l_shipdate >= '1993-01-01 00:00:00'::timestamp(0) without time zone) AND (l_shipdate < '1994-01-01 00:00:00'::timestamp without time zone)), (LLVM Optimized)", "Plans": [{"Node Type": "Bitmap Index Scan", "Parent Relationship": "Outer", "Index Name": "idx_lineitem_shipdate", "Startup Cost": 0.0, "Total Cost": 312045.05, "Plan Rows": 9071680, "Plan Width": 0, "Index Cond": "((l_shipdate >= '1993-01-01 00:00:00'::timestamp(0) without time zone) AND (l_shipdate < '1994-01-01 00:00:00'::timestamp without time zone))"}]}]}, {"Node Type": "Bitmap Heap Scan", "Parent Relationship": "Inner", "Relation Name": "partsupp", "Alias": "partsupp", "Startup Cost": 0.28, "Total Cost": 4.3, "Plan Rows": 1, "Plan Width": 24, "Recheck Cond": "((ps_partkey = lineitem.l_partkey) AND (ps_suppkey = lineitem.l_suppkey))", "Filter": "((ps_availqty)::double precision > (.5::double precision * (sum(lineitem.l_quantity))))", "Plans": [{"Node Type": "Bitmap Index Scan", "Parent Relationship": "Outer", "Index Name": "partsupp_pkey", "Startup Cost": 0.0, "Total Cost": 0.28, "Plan Rows": 1, "Plan Width": 0, "Index Cond": "((ps_partkey = lineitem.l_partkey) AND (ps_suppkey = lineitem.l_suppkey))"}]}]}, {"Node Type": "Bitmap Heap Scan", "Parent Relationship": "Inner", "Relation Name": "part", "Alias": "part", "Startup Cost": 0.26, "Total Cost": 4.28, "Plan Rows": 1, "Plan Width": 8, "Recheck Cond": "(p_partkey = lineitem.l_partkey)", "Filter": "((p_name)::text ~~ 'green%'::text)", "Plans": [{"Node Type": "Bitmap Index Scan", "Parent Relationship": "Outer", "Index Name": "part_kpey", "Startup Cost": 0.0, "Total Cost": 0.26, "Plan Rows": 1, "Plan Width": 0, "Index Cond": "(p_partkey = lineitem.l_partkey)"}]}]}]}]}]}, "Unique SQL Id": 202076520, "Planner Runtime": 2}, "explain_analyze_plan": null}, "(64, 51)": {"explain_plan": {"Plan": {"Node Type": "Sort", "Startup Cost": 41474309.17, "Total Cost": 41474314.17, "Plan Rows": 2000, "Plan Width": 51, "Sort Key": ["supplier.s_name"], "Plans": [{"Node Type": "Nested Loop", "Parent Relationship": "Outer", "Join Type": "Inner", "Startup Cost": 41260049.96, "Total Cost": 41474199.51, "Plan Rows": 2000, "Plan Width": 51, "Inner Unique": true, "Plans": [{"Node Type": "Nested Loop", "Parent Relationship": "Outer", "Join Type": "Inner", "Startup Cost": 41260049.7, "Total Cost": 41260058.01, "Plan Rows": 50000, "Plan Width": 55, "Inner Unique": true, "Plans": [{"Node Type": "Unique", "Parent Relationship": "Outer", "Startup Cost": 41260049.44, "Total Cost": 41260049.45, "Plan Rows": 2, "Plan Width": 16, "Plans": [{"Node Type": "Sort", "Parent Relationship": "Outer", "Startup Cost": 41260049.44, "Total Cost": 41260049.45, "Plan Rows": 2, "Plan Width": 16, "Sort Key": ["partsupp.ps_suppkey"], "Plans": [{"Node Type": "Nested Loop", "Parent Relationship": "Outer", "Join Type": "Semi", "Startup Cost": 1956350.51, "Total Cost": 41260049.43, "Plan Rows": 2, "Plan Width": 16, "Inner Unique": false, "Join Filter": "(partsupp.ps_partkey = part.p_partkey)", "Plans": [{"Node Type": "Nested Loop", "Parent Relationship": "Outer", "Join Type": "Inner", "Startup Cost": 1956350.25, "Total Cost": 41259981.09, "Plan Rows": 15, "Plan Width": 32, "Inner Unique": true, "Plans": [{"Node Type": "Aggregate", "Strategy": "Hashed", "Parent Relationship": "Outer", "Startup Cost": 1956349.97, "Total Cost": 2069745.97, "Plan Rows": 9071680, "Plan Width": 40, "Group By Key": ["lineitem.l_partkey", "lineitem.l_suppkey"], "Plans": [{"Node Type": "Bitmap Heap Scan", "Parent Relationship": "Outer", "Relation Name": "lineitem", "Alias": "lineitem", "Startup Cost": 314312.97, "Total Cost": 1865633.17, "Plan Rows": 9071680, "Plan Width": 24, "Recheck Cond": "((l_shipdate >= '1993-01-01 00:00:00'::timestamp(0) without time zone) AND (l_shipdate < '1994-01-01 00:00:00'::timestamp without time zone)), (LLVM Optimized)", "Plans": [{"Node Type": "Bitmap Index Scan", "Parent Relationship": "Outer", "Index Name": "idx_lineitem_shipdate", "Startup Cost": 0.0, "Total Cost": 312045.05, "Plan Rows": 9071680, "Plan Width": 0, "Index Cond": "((l_shipdate >= '1993-01-01 00:00:00'::timestamp(0) without time zone) AND (l_shipdate < '1994-01-01 00:00:00'::timestamp without time zone))"}]}]}, {"Node Type": "Bitmap Heap Scan", "Parent Relationship": "Inner", "Relation Name": "partsupp", "Alias": "partsupp", "Startup Cost": 0.28, "Total Cost": 4.3, "Plan Rows": 1, "Plan Width": 24, "Recheck Cond": "((ps_partkey = lineitem.l_partkey) AND (ps_suppkey = lineitem.l_suppkey))", "Filter": "((ps_availqty)::double precision > (.5::double precision * (sum(lineitem.l_quantity))))", "Plans": [{"Node Type": "Bitmap Index Scan", "Parent Relationship": "Outer", "Index Name": "partsupp_pkey", "Startup Cost": 0.0, "Total Cost": 0.28, "Plan Rows": 1, "Plan Width": 0, "Index Cond": "((ps_partkey = lineitem.l_partkey) AND (ps_suppkey = lineitem.l_suppkey))"}]}]}, {"Node Type": "Bitmap Heap Scan", "Parent Relationship": "Inner", "Relation Name": "part", "Alias": "part", "Startup Cost": 0.26, "Total Cost": 4.28, "Plan Rows": 1, "Plan Width": 8, "Recheck Cond": "(p_partkey = lineitem.l_partkey)", "Filter": "((p_name)::text ~~ 'green%'::text)", "Plans": [{"Node Type": "Bitmap Index Scan", "Parent Relationship": "Outer", "Index Name": "part_kpey", "Startup Cost": 0.0, "Total Cost": 0.26, "Plan Rows": 1, "Plan Width": 0, "Index Cond": "(p_partkey = lineitem.l_partkey)"}]}]}]}]}, {"Node Type": "Bitmap Heap Scan", "Parent Relationship": "Inner", "Relation Name": "supplier", "Alias": "supplier", "Startup Cost": 0.26, "Total Cost": 4.27, "Plan Rows": 1, "Plan Width": 63, "Recheck Cond": "(s_suppkey = lineitem.l_suppkey)", "Plans": [{"Node Type": "Bitmap Index Scan", "Parent Relationship": "Outer", "Index Name": "supplier_pkey", "Startup Cost": 0.0, "Total Cost": 0.26, "Plan Rows": 1, "Plan Width": 0, "Index Cond": "(s_suppkey = lineitem.l_suppkey)"}]}]}, {"Node Type": "Bitmap Heap Scan", "Parent Relationship": "Inner", "Relation Name": "nation", "Alias": "nation", "Startup Cost": 0.26, "Total Cost": 4.27, "Plan Rows": 1, "Plan Width": 4, "Recheck Cond": "(n_nationkey = supplier.s_nationkey)", "Filter": "(n_name = 'ALGERIA'::bpchar)", "Plans": [{"Node Type": "Bitmap Index Scan", "Parent Relationship": "Outer", "Index Name": "nation_pkey", "Startup Cost": 0.0, "Total Cost": 0.26, "Plan Rows": 1, "Plan Width": 0, "Index Cond": "(n_nationkey = supplier.s_nationkey)"}]}]}]}, "Unique SQL Id": 202076520, "Planner Runtime": 2}, "explain_analyze_plan": {"Plan": {"Node Type": "Sort", "Startup Cost": 41474309.17, "Total Cost": 41474314.17, "Plan Rows": 2000, "Plan Width": 51, "Actual Startup Time": 122895.801, "Actual Total Time": 122895.962, "Actual Rows": 1746, "Actual Loops": 1, "Sort Key": ["supplier.s_name"], "Sort Method": "quicksort", "Sort Space Used": 309, "Sort Space Type": "Memory", "Plans": [{"Node Type": "Nested Loop", "Parent Relationship": "Outer", "Join Type": "Inner", "Startup Cost": 41260049.96, "Total Cost": 41474199.51, "Plan Rows": 2000, "Plan Width": 51, "Actual Startup Time": 122484.703, "Actual Total Time": 122893.842, "Actual Rows": 1746, "Actual Loops": 1, "Inner Unique": true, "Plans": [{"Node Type": "Nested Loop", "Parent Relationship": "Outer", "Join Type": "Inner", "Startup Cost": 41260049.7, "Total Cost": 41260058.01, "Plan Rows": 50000, "Plan Width": 55, "Actual Startup Time": 122484.344, "Actual Total Time": 122721.997, "Actual Rows": 44487, "Actual Loops": 1, "Inner Unique": true, "Plans": [{"Node Type": "Unique", "Parent Relationship": "Outer", "Startup Cost": 41260049.44, "Total Cost": 41260049.45, "Plan Rows": 2, "Plan Width": 16, "Actual Startup Time": 122484.301, "Actual Total Time": 122514.18, "Actual Rows": 44487, "Actual Loops": 1, "Plans": [{"Node Type": "Sort", "Parent Relationship": "Outer", "Startup Cost": 41260049.44, "Total Cost": 41260049.45, "Plan Rows": 2, "Plan Width": 16, "Actual Startup Time": 122484.297, "Actual Total Time": 122495.718, "Actual Rows": 58537, "Actual Loops": 1, "Sort Key": ["partsupp.ps_suppkey"], "Sort Method": "quicksort", "Sort Space Used": 7024, "Sort Space Type": "Memory", "Plans": [{"Node Type": "Nested Loop", "Parent Relationship": "Outer", "Join Type": "Semi", "Startup Cost": 1956350.51, "Total Cost": 41260049.43, "Plan Rows": 2, "Plan Width": 16, "Actual Startup Time": 18667.862, "Actual Total Time": 122403.43, "Actual Rows": 58537, "Actual Loops": 1, "Inner Unique": false, "Join Filter": "(partsupp.ps_partkey = part.p_partkey)", "Rows Removed by Join Filter": 0, "Plans": [{"Node Type": "Nested Loop", "Parent Relationship": "Outer", "Join Type": "Inner", "Startup Cost": 1956350.25, "Total Cost": 41259981.09, "Plan Rows": 15, "Plan Width": 32, "Actual Startup Time": 18667.485, "Actual Total Time": 76318.413, "Actual Rows": 5431247, "Actual Loops": 1, "Inner Unique": true, "Plans": [{"Node Type": "Aggregate", "Strategy": "Hashed", "Parent Relationship": "Outer", "Startup Cost": 1956349.97, "Total Cost": 2069745.97, "Plan Rows": 9071680, "Plan Width": 40, "Actual Startup Time": 18667.332, "Actual Total Time": 23320.171, "Actual Rows": 5442751, "Actual Loops": 1, "Group By Key": ["lineitem.l_partkey", "lineitem.l_suppkey"], "Plans": [{"Node Type": "Bitmap Heap Scan", "Parent Relationship": "Outer", "Relation Name": "lineitem", "Alias": "lineitem", "Startup Cost": 314312.97, "Total Cost": 1865633.17, "Plan Rows": 9071680, "Plan Width": 24, "Actual Startup Time": 4229.766, "Actual Total Time": 11960.542, "Actual Rows": 9109641, "Actual Loops": 1, "Recheck Cond": "((l_shipdate >= '1993-01-01 00:00:00'::timestamp(0) without time zone) AND (l_shipdate < '1994-01-01 00:00:00'::timestamp without time zone)), (LLVM Optimized, Jit Execute)", "Rows Removed by Index Recheck": 0, "Exact Heap Blocks": 1252335, "Lossy Heap Blocks": 1252335, "Plans": [{"Node Type": "Bitmap Index Scan", "Parent Relationship": "Outer", "Index Name": "idx_lineitem_shipdate", "Startup Cost": 0.0, "Total Cost": 312045.05, "Plan Rows": 9071680, "Plan Width": 0, "Actual Startup Time": 3607.483, "Actual Total Time": 3607.483, "Actual Rows": 9109641, "Actual Loops": 1, "Index Cond": "((l_shipdate >= '1993-01-01 00:00:00'::timestamp(0) without time zone) AND (l_shipdate < '1994-01-01 00:00:00'::timestamp without time zone))"}]}]}, {"Node Type": "Bitmap Heap Scan", "Parent Relationship": "Inner", "Relation Name": "partsupp", "Alias": "partsupp", "Startup Cost": 0.28, "Total Cost": 4.3, "Plan Rows": 1, "Plan Width": 24, "Actual Startup Time": 45151.232, "Actual Total Time": 45151.232, "Actual Rows": 5431247, "Actual Loops": 5442751, "Recheck Cond": "((ps_partkey = lineitem.l_partkey) AND (ps_suppkey = lineitem.l_suppkey))", "Rows Removed by Index Recheck": 0, "Filter": "((ps_availqty)::double precision > (.5::double precision * (sum(lineitem.l_quantity))))", "Rows Removed by Filter": 11504, "Exact Heap Blocks": 5442751, "Lossy Heap Blocks": 5442751, "Plans": [{"Node Type": "Bitmap Index Scan", "Parent Relationship": "Outer", "Index Name": "partsupp_pkey", "Startup Cost": 0.0, "Total Cost": 0.28, "Plan Rows": 1, "Plan Width": 0, "Actual Startup Time": 27667.53, "Actual Total Time": 27667.53, "Actual Rows": 5442751, "Actual Loops": 5442751, "Index Cond": "((ps_partkey = lineitem.l_partkey) AND (ps_suppkey = lineitem.l_suppkey))"}]}]}, {"Node Type": "Bitmap Heap Scan", "Parent Relationship": "Inner", "Relation Name": "part", "Alias": "part", "Startup Cost": 0.26, "Total Cost": 4.28, "Plan Rows": 1, "Plan Width": 8, "Actual Startup Time": 39761.268, "Actual Total Time": 39761.268, "Actual Rows": 58537, "Actual Loops": 5431247, "Recheck Cond": "(p_partkey = lineitem.l_partkey)", "Rows Removed by Index Recheck": 0, "Filter": "((p_name)::text ~~ 'green%'::text)", "Rows Removed by Filter": 5372710, "Exact Heap Blocks": 5431247, "Lossy Heap Blocks": 5431247, "Plans": [{"Node Type": "Bitmap Index Scan", "Parent Relationship": "Outer", "Index Name": "part_kpey", "Startup Cost": 0.0, "Total Cost": 0.26, "Plan Rows": 1, "Plan Width": 0, "Actual Startup Time": 23528.84, "Actual Total Time": 23528.84, "Actual Rows": 5431247, "Actual Loops": 5431247, "Index Cond": "(p_partkey = lineitem.l_partkey)"}]}]}]}]}, {"Node Type": "Bitmap Heap Scan", "Parent Relationship": "Inner", "Relation Name": "supplier", "Alias": "supplier", "Startup Cost": 0.26, "Total Cost": 4.27, "Plan Rows": 1, "Plan Width": 63, "Actual Startup Time": 147.97, "Actual Total Time": 147.97, "Actual Rows": 44487, "Actual Loops": 44487, "Recheck Cond": "(s_suppkey = lineitem.l_suppkey)", "Rows Removed by Index Recheck": 0, "Exact Heap Blocks": 44487, "Lossy Heap Blocks": 44487, "Plans": [{"Node Type": "Bitmap Index Scan", "Parent Relationship": "Outer", "Index Name": "supplier_pkey", "Startup Cost": 0.0, "Total Cost": 0.26, "Plan Rows": 1, "Plan Width": 0, "Actual Startup Time": 82.176, "Actual Total Time": 82.176, "Actual Rows": 44487, "Actual Loops": 44487, "Index Cond": "(s_suppkey = lineitem.l_suppkey)"}]}]}, {"Node Type": "Bitmap Heap Scan", "Parent Relationship": "Inner", "Relation Name": "nation", "Alias": "nation", "Startup Cost": 0.26, "Total Cost": 4.27, "Plan Rows": 1, "Plan Width": 4, "Actual Startup Time": 121.742, "Actual Total Time": 121.742, "Actual Rows": 1746, "Actual Loops": 44487, "Recheck Cond": "(n_nationkey = supplier.s_nationkey)", "Rows Removed by Index Recheck": 0, "Filter": "(n_name = 'ALGERIA'::bpchar)", "Rows Removed by Filter": 42741, "Exact Heap Blocks": 44487, "Lossy Heap Blocks": 44487, "Plans": [{"Node Type": "Bitmap Index Scan", "Parent Relationship": "Outer", "Index Name": "nation_pkey", "Startup Cost": 0.0, "Total Cost": 0.26, "Plan Rows": 1, "Plan Width": 0, "Actual Startup Time": 45.415, "Actual Total Time": 45.415, "Actual Rows": 44487, "Actual Loops": 44487, "Index Cond": "(n_nationkey = supplier.s_nationkey)"}]}]}]}, "Triggers": [], "Planner Runtime": 2, "Total Runtime": 122906.738, "Unique SQL Id": 202076520}}, "(64, 52)": {"explain_plan": {"Plan": {"Node Type": "Sort", "Startup Cost": 5735697.9, "Total Cost": 5735702.9, "Plan Rows": 2000, "Plan Width": 51, "Sort Key": ["supplier.s_name"], "Plans": [{"Node Type": "Nested Loop", "Parent Relationship": "Outer", "Join Type": "Semi", "Startup Cost": 1956349.97, "Total Cost": 5735588.24, "Plan Rows": 2000, "Plan Width": 51, "Inner Unique": false, "Join Filter": "(supplier.s_suppkey = lineitem.l_suppkey)", "Plans": [{"Node Type": "Nested Loop", "Parent Relationship": "Outer", "Join Type": "Inner", "Startup Cost": 0.0, "Total Cost": 4534.31, "Plan Rows": 4000, "Plan Width": 59, "Inner Unique": false, "Join Filter": "(supplier.s_nationkey = nation.n_nationkey)", "Plans": [{"Node Type": "Seq Scan", "Parent Relationship": "Outer", "Relation Name": "nation", "Alias": "nation", "Startup Cost": 0.0, "Total Cost": 1.31, "Plan Rows": 1, "Plan Width": 4, "Filter": "(n_name = 'ALGERIA'::bpchar)"}, {"Node Type": "Seq Scan", "Parent Relationship": "Inner", "Relation Name": "supplier", "Alias": "supplier", "Startup Cost": 0.0, "Total Cost": 3283.0, "Plan Rows": 100000, "Plan Width": 63}]}, {"Node Type": "Materialize", "Parent Relationship": "Inner", "Startup Cost": 1956349.97, "Total Cost": 5730933.93, "Plan Rows": 2, "Plan Width": 16, "Plans": [{"Node Type": "Nested Loop", "Parent Relationship": "Outer", "Join Type": "Semi", "Startup Cost": 1956349.97, "Total Cost": 5730933.92, "Plan Rows": 2, "Plan Width": 16, "Inner Unique": false, "Plans": [{"Node Type": "Nested Loop", "Parent Relationship": "Outer", "Join Type": "Inner", "Startup Cost": 1956349.97, "Total Cost": 5730929.17, "Plan Rows": 15, "Plan Width": 32, "Inner Unique": true, "Plans": [{"Node Type": "Aggregate", "Strategy": "Hashed", "Parent Relationship": "Outer", "Startup Cost": 1956349.97, "Total Cost": 2069745.97, "Plan Rows": 9071680, "Plan Width": 40, "Group By Key": ["lineitem.l_partkey", "lineitem.l_suppkey"], "Plans": [{"Node Type": "Bitmap Heap Scan", "Parent Relationship": "Outer", "Relation Name": "lineitem", "Alias": "lineitem", "Startup Cost": 314312.97, "Total Cost": 1865633.17, "Plan Rows": 9071680, "Plan Width": 24, "Recheck Cond": "((l_shipdate >= '1993-01-01 00:00:00'::timestamp(0) without time zone) AND (l_shipdate < '1994-01-01 00:00:00'::timestamp without time zone)), (LLVM Optimized)", "Plans": [{"Node Type": "Bitmap Index Scan", "Parent Relationship": "Outer", "Index Name": "idx_lineitem_shipdate", "Startup Cost": 0.0, "Total Cost": 312045.05, "Plan Rows": 9071680, "Plan Width": 0, "Index Cond": "((l_shipdate >= '1993-01-01 00:00:00'::timestamp(0) without time zone) AND (l_shipdate < '1994-01-01 00:00:00'::timestamp without time zone))"}]}]}, {"Node Type": "Index Scan", "Parent Relationship": "Inner", "Scan Direction": "Forward", "Index Name": "partsupp_pkey", "Relation Name": "partsupp", "Alias": "partsupp", "Startup Cost": 0.0, "Total Cost": 0.38, "Plan Rows": 1, "Plan Width": 24, "Index Cond": "((ps_partkey = lineitem.l_partkey) AND (ps_suppkey = lineitem.l_suppkey))", "Filter": "((ps_availqty)::double precision > (.5::double precision * (sum(lineitem.l_quantity))))"}]}, {"Node Type": "Index Scan", "Parent Relationship": "Inner", "Scan Direction": "Forward", "Index Name": "part_kpey", "Relation Name": "part", "Alias": "part", "Startup Cost": 0.0, "Total Cost": 0.3, "Plan Rows": 1, "Plan Width": 8, "Index Cond": "(p_partkey = partsupp.ps_partkey)", "Filter": "((p_name)::text ~~ 'green%'::text)"}]}]}]}]}, "Unique SQL Id": 202076520, "Planner Runtime": 2}, "explain_analyze_plan": null}, "(64, 53)": {"explain_plan": {"Plan": {"Node Type": "Sort", "Startup Cost": 5737760.82, "Total Cost": 5737765.82, "Plan Rows": 2000, "Plan Width": 51, "Sort Key": ["supplier.s_name"], "Plans": [{"Node Type": "Nested Loop", "Parent Relationship": "Outer", "Join Type": "Semi", "Startup Cost": 1956349.97, "Total Cost": 5737651.16, "Plan Rows": 2000, "Plan Width": 51, "Inner Unique": false, "Join Filter": "(supplier.s_suppkey = lineitem.l_suppkey)", "Plans": [{"Node Type": "Nested Loop", "Parent Relationship": "Outer", "Join Type": "Inner", "Startup Cost": 0.0, "Total Cost": 6597.23, "Plan Rows": 4000, "Plan Width": 59, "Inner Unique": false, "Join Filter": "(supplier.s_nationkey = nation.n_nationkey)", "Plans": [{"Node Type": "Index Scan", "Parent Relationship": "Outer", "Scan Direction": "Forward", "Index Name": "nation_pkey", "Relation Name": "nation", "Alias": "nation", "Startup Cost": 0.0, "Total Cost": 12.69, "Plan Rows": 1, "Plan Width": 4, "Filter": "(n_name = 'ALGERIA'::bpchar)"}, {"Node Type": "Index Scan", "Parent Relationship": "Inner", "Scan Direction": "Forward", "Index Name": "supplier_pkey", "Relation Name": "supplier", "Alias": "supplier", "Startup Cost": 0.0, "Total Cost": 5334.54, "Plan Rows": 100000, "Plan Width": 63}]}, {"Node Type": "Materialize", "Parent Relationship": "Inner", "Startup Cost": 1956349.97, "Total Cost": 5730933.93, "Plan Rows": 2, "Plan Width": 16, "Plans": [{"Node Type": "Nested Loop", "Parent Relationship": "Outer", "Join Type": "Semi", "Startup Cost": 1956349.97, "Total Cost": 5730933.92, "Plan Rows": 2, "Plan Width": 16, "Inner Unique": false, "Plans": [{"Node Type": "Nested Loop", "Parent Relationship": "Outer", "Join Type": "Inner", "Startup Cost": 1956349.97, "Total Cost": 5730929.17, "Plan Rows": 15, "Plan Width": 32, "Inner Unique": true, "Plans": [{"Node Type": "Aggregate", "Strategy": "Hashed", "Parent Relationship": "Outer", "Startup Cost": 1956349.97, "Total Cost": 2069745.97, "Plan Rows": 9071680, "Plan Width": 40, "Group By Key": ["lineitem.l_partkey", "lineitem.l_suppkey"], "Plans": [{"Node Type": "Bitmap Heap Scan", "Parent Relationship": "Outer", "Relation Name": "lineitem", "Alias": "lineitem", "Startup Cost": 314312.97, "Total Cost": 1865633.17, "Plan Rows": 9071680, "Plan Width": 24, "Recheck Cond": "((l_shipdate >= '1993-01-01 00:00:00'::timestamp(0) without time zone) AND (l_shipdate < '1994-01-01 00:00:00'::timestamp without time zone)), (LLVM Optimized)", "Plans": [{"Node Type": "Bitmap Index Scan", "Parent Relationship": "Outer", "Index Name": "idx_lineitem_shipdate", "Startup Cost": 0.0, "Total Cost": 312045.05, "Plan Rows": 9071680, "Plan Width": 0, "Index Cond": "((l_shipdate >= '1993-01-01 00:00:00'::timestamp(0) without time zone) AND (l_shipdate < '1994-01-01 00:00:00'::timestamp without time zone))"}]}]}, {"Node Type": "Index Scan", "Parent Relationship": "Inner", "Scan Direction": "Forward", "Index Name": "partsupp_pkey", "Relation Name": "partsupp", "Alias": "partsupp", "Startup Cost": 0.0, "Total Cost": 0.38, "Plan Rows": 1, "Plan Width": 24, "Index Cond": "((ps_partkey = lineitem.l_partkey) AND (ps_suppkey = lineitem.l_suppkey))", "Filter": "((ps_availqty)::double precision > (.5::double precision * (sum(lineitem.l_quantity))))"}]}, {"Node Type": "Index Scan", "Parent Relationship": "Inner", "Scan Direction": "Forward", "Index Name": "part_kpey", "Relation Name": "part", "Alias": "part", "Startup Cost": 0.0, "Total Cost": 0.3, "Plan Rows": 1, "Plan Width": 8, "Index Cond": "(p_partkey = partsupp.ps_partkey)", "Filter": "((p_name)::text ~~ 'green%'::text)"}]}]}]}]}, "Unique SQL Id": 202076520, "Planner Runtime": 1}, "explain_analyze_plan": null}, "(64, 54)": {"explain_plan": {"Plan": {"Node Type": "Sort", "Startup Cost": 41264813.41, "Total Cost": 41264818.41, "Plan Rows": 2000, "Plan Width": 51, "Sort Key": ["supplier.s_name"], "Plans": [{"Node Type": "Nested Loop", "Parent Relationship": "Outer", "Join Type": "Semi", "Startup Cost": 1956350.51, "Total Cost": 41264703.75, "Plan Rows": 2000, "Plan Width": 51, "Inner Unique": false, "Join Filter": "(supplier.s_suppkey = lineitem.l_suppkey)", "Plans": [{"Node Type": "Nested Loop", "Parent Relationship": "Outer", "Join Type": "Inner", "Startup Cost": 0.0, "Total Cost": 4534.31, "Plan Rows": 4000, "Plan Width": 59, "Inner Unique": false, "Join Filter": "(supplier.s_nationkey = nation.n_nationkey)", "Plans": [{"Node Type": "Seq Scan", "Parent Relationship": "Outer", "Relation Name": "nation", "Alias": "nation", "Startup Cost": 0.0, "Total Cost": 1.31, "Plan Rows": 1, "Plan Width": 4, "Filter": "(n_name = 'ALGERIA'::bpchar)"}, {"Node Type": "Seq Scan", "Parent Relationship": "Inner", "Relation Name": "supplier", "Alias": "supplier", "Startup Cost": 0.0, "Total Cost": 3283.0, "Plan Rows": 100000, "Plan Width": 63}]}, {"Node Type": "Materialize", "Parent Relationship": "Inner", "Startup Cost": 1956350.51, "Total Cost": 41260049.44, "Plan Rows": 2, "Plan Width": 16, "Plans": [{"Node Type": "Nested Loop", "Parent Relationship": "Outer", "Join Type": "Semi", "Startup Cost": 1956350.51, "Total Cost": 41260049.43, "Plan Rows": 2, "Plan Width": 16, "Inner Unique": false, "Join Filter": "(partsupp.ps_partkey = part.p_partkey)", "Plans": [{"Node Type": "Nested Loop", "Parent Relationship": "Outer", "Join Type": "Inner", "Startup Cost": 1956350.25, "Total Cost": 41259981.09, "Plan Rows": 15, "Plan Width": 32, "Inner Unique": true, "Plans": [{"Node Type": "Aggregate", "Strategy": "Hashed", "Parent Relationship": "Outer", "Startup Cost": 1956349.97, "Total Cost": 2069745.97, "Plan Rows": 9071680, "Plan Width": 40, "Group By Key": ["lineitem.l_partkey", "lineitem.l_suppkey"], "Plans": [{"Node Type": "Bitmap Heap Scan", "Parent Relationship": "Outer", "Relation Name": "lineitem", "Alias": "lineitem", "Startup Cost": 314312.97, "Total Cost": 1865633.17, "Plan Rows": 9071680, "Plan Width": 24, "Recheck Cond": "((l_shipdate >= '1993-01-01 00:00:00'::timestamp(0) without time zone) AND (l_shipdate < '1994-01-01 00:00:00'::timestamp without time zone)), (LLVM Optimized)", "Plans": [{"Node Type": "Bitmap Index Scan", "Parent Relationship": "Outer", "Index Name": "idx_lineitem_shipdate", "Startup Cost": 0.0, "Total Cost": 312045.05, "Plan Rows": 9071680, "Plan Width": 0, "Index Cond": "((l_shipdate >= '1993-01-01 00:00:00'::timestamp(0) without time zone) AND (l_shipdate < '1994-01-01 00:00:00'::timestamp without time zone))"}]}]}, {"Node Type": "Bitmap Heap Scan", "Parent Relationship": "Inner", "Relation Name": "partsupp", "Alias": "partsupp", "Startup Cost": 0.28, "Total Cost": 4.3, "Plan Rows": 1, "Plan Width": 24, "Recheck Cond": "((ps_partkey = lineitem.l_partkey) AND (ps_suppkey = lineitem.l_suppkey))", "Filter": "((ps_availqty)::double precision > (.5::double precision * (sum(lineitem.l_quantity))))", "Plans": [{"Node Type": "Bitmap Index Scan", "Parent Relationship": "Outer", "Index Name": "partsupp_pkey", "Startup Cost": 0.0, "Total Cost": 0.28, "Plan Rows": 1, "Plan Width": 0, "Index Cond": "((ps_partkey = lineitem.l_partkey) AND (ps_suppkey = lineitem.l_suppkey))"}]}]}, {"Node Type": "Bitmap Heap Scan", "Parent Relationship": "Inner", "Relation Name": "part", "Alias": "part", "Startup Cost": 0.26, "Total Cost": 4.28, "Plan Rows": 1, "Plan Width": 8, "Recheck Cond": "(p_partkey = lineitem.l_partkey)", "Filter": "((p_name)::text ~~ 'green%'::text)", "Plans": [{"Node Type": "Bitmap Index Scan", "Parent Relationship": "Outer", "Index Name": "part_kpey", "Startup Cost": 0.0, "Total Cost": 0.26, "Plan Rows": 1, "Plan Width": 0, "Index Cond": "(p_partkey = lineitem.l_partkey)"}]}]}]}]}]}, "Unique SQL Id": 202076520, "Planner Runtime": 2}, "explain_analyze_plan": null}, "(64, 55)": {"explain_plan": {"Plan": {"Node Type": "Sort", "Startup Cost": 41474309.17, "Total Cost": 41474314.17, "Plan Rows": 2000, "Plan Width": 51, "Sort Key": ["supplier.s_name"], "Plans": [{"Node Type": "Nested Loop", "Parent Relationship": "Outer", "Join Type": "Inner", "Startup Cost": 41260049.96, "Total Cost": 41474199.51, "Plan Rows": 2000, "Plan Width": 51, "Inner Unique": true, "Plans": [{"Node Type": "Nested Loop", "Parent Relationship": "Outer", "Join Type": "Inner", "Startup Cost": 41260049.7, "Total Cost": 41260058.01, "Plan Rows": 50000, "Plan Width": 55, "Inner Unique": true, "Plans": [{"Node Type": "Unique", "Parent Relationship": "Outer", "Startup Cost": 41260049.44, "Total Cost": 41260049.45, "Plan Rows": 2, "Plan Width": 16, "Plans": [{"Node Type": "Sort", "Parent Relationship": "Outer", "Startup Cost": 41260049.44, "Total Cost": 41260049.45, "Plan Rows": 2, "Plan Width": 16, "Sort Key": ["partsupp.ps_suppkey"], "Plans": [{"Node Type": "Nested Loop", "Parent Relationship": "Outer", "Join Type": "Semi", "Startup Cost": 1956350.51, "Total Cost": 41260049.43, "Plan Rows": 2, "Plan Width": 16, "Inner Unique": false, "Join Filter": "(partsupp.ps_partkey = part.p_partkey)", "Plans": [{"Node Type": "Nested Loop", "Parent Relationship": "Outer", "Join Type": "Inner", "Startup Cost": 1956350.25, "Total Cost": 41259981.09, "Plan Rows": 15, "Plan Width": 32, "Inner Unique": true, "Plans": [{"Node Type": "Aggregate", "Strategy": "Hashed", "Parent Relationship": "Outer", "Startup Cost": 1956349.97, "Total Cost": 2069745.97, "Plan Rows": 9071680, "Plan Width": 40, "Group By Key": ["lineitem.l_partkey", "lineitem.l_suppkey"], "Plans": [{"Node Type": "Bitmap Heap Scan", "Parent Relationship": "Outer", "Relation Name": "lineitem", "Alias": "lineitem", "Startup Cost": 314312.97, "Total Cost": 1865633.17, "Plan Rows": 9071680, "Plan Width": 24, "Recheck Cond": "((l_shipdate >= '1993-01-01 00:00:00'::timestamp(0) without time zone) AND (l_shipdate < '1994-01-01 00:00:00'::timestamp without time zone)), (LLVM Optimized)", "Plans": [{"Node Type": "Bitmap Index Scan", "Parent Relationship": "Outer", "Index Name": "idx_lineitem_shipdate", "Startup Cost": 0.0, "Total Cost": 312045.05, "Plan Rows": 9071680, "Plan Width": 0, "Index Cond": "((l_shipdate >= '1993-01-01 00:00:00'::timestamp(0) without time zone) AND (l_shipdate < '1994-01-01 00:00:00'::timestamp without time zone))"}]}]}, {"Node Type": "Bitmap Heap Scan", "Parent Relationship": "Inner", "Relation Name": "partsupp", "Alias": "partsupp", "Startup Cost": 0.28, "Total Cost": 4.3, "Plan Rows": 1, "Plan Width": 24, "Recheck Cond": "((ps_partkey = lineitem.l_partkey) AND (ps_suppkey = lineitem.l_suppkey))", "Filter": "((ps_availqty)::double precision > (.5::double precision * (sum(lineitem.l_quantity))))", "Plans": [{"Node Type": "Bitmap Index Scan", "Parent Relationship": "Outer", "Index Name": "partsupp_pkey", "Startup Cost": 0.0, "Total Cost": 0.28, "Plan Rows": 1, "Plan Width": 0, "Index Cond": "((ps_partkey = lineitem.l_partkey) AND (ps_suppkey = lineitem.l_suppkey))"}]}]}, {"Node Type": "Bitmap Heap Scan", "Parent Relationship": "Inner", "Relation Name": "part", "Alias": "part", "Startup Cost": 0.26, "Total Cost": 4.28, "Plan Rows": 1, "Plan Width": 8, "Recheck Cond": "(p_partkey = lineitem.l_partkey)", "Filter": "((p_name)::text ~~ 'green%'::text)", "Plans": [{"Node Type": "Bitmap Index Scan", "Parent Relationship": "Outer", "Index Name": "part_kpey", "Startup Cost": 0.0, "Total Cost": 0.26, "Plan Rows": 1, "Plan Width": 0, "Index Cond": "(p_partkey = lineitem.l_partkey)"}]}]}]}]}, {"Node Type": "Bitmap Heap Scan", "Parent Relationship": "Inner", "Relation Name": "supplier", "Alias": "supplier", "Startup Cost": 0.26, "Total Cost": 4.27, "Plan Rows": 1, "Plan Width": 63, "Recheck Cond": "(s_suppkey = lineitem.l_suppkey)", "Plans": [{"Node Type": "Bitmap Index Scan", "Parent Relationship": "Outer", "Index Name": "supplier_pkey", "Startup Cost": 0.0, "Total Cost": 0.26, "Plan Rows": 1, "Plan Width": 0, "Index Cond": "(s_suppkey = lineitem.l_suppkey)"}]}]}, {"Node Type": "Bitmap Heap Scan", "Parent Relationship": "Inner", "Relation Name": "nation", "Alias": "nation", "Startup Cost": 0.26, "Total Cost": 4.27, "Plan Rows": 1, "Plan Width": 4, "Recheck Cond": "(n_nationkey = supplier.s_nationkey)", "Filter": "(n_name = 'ALGERIA'::bpchar)", "Plans": [{"Node Type": "Bitmap Index Scan", "Parent Relationship": "Outer", "Index Name": "nation_pkey", "Startup Cost": 0.0, "Total Cost": 0.26, "Plan Rows": 1, "Plan Width": 0, "Index Cond": "(n_nationkey = supplier.s_nationkey)"}]}]}]}, "Unique SQL Id": 202076520, "Planner Runtime": 1}, "explain_analyze_plan": {"Plan": {"Node Type": "Sort", "Startup Cost": 41474309.17, "Total Cost": 41474314.17, "Plan Rows": 2000, "Plan Width": 51, "Actual Startup Time": 122895.801, "Actual Total Time": 122895.962, "Actual Rows": 1746, "Actual Loops": 1, "Sort Key": ["supplier.s_name"], "Sort Method": "quicksort", "Sort Space Used": 309, "Sort Space Type": "Memory", "Plans": [{"Node Type": "Nested Loop", "Parent Relationship": "Outer", "Join Type": "Inner", "Startup Cost": 41260049.96, "Total Cost": 41474199.51, "Plan Rows": 2000, "Plan Width": 51, "Actual Startup Time": 122484.703, "Actual Total Time": 122893.842, "Actual Rows": 1746, "Actual Loops": 1, "Inner Unique": true, "Plans": [{"Node Type": "Nested Loop", "Parent Relationship": "Outer", "Join Type": "Inner", "Startup Cost": 41260049.7, "Total Cost": 41260058.01, "Plan Rows": 50000, "Plan Width": 55, "Actual Startup Time": 122484.344, "Actual Total Time": 122721.997, "Actual Rows": 44487, "Actual Loops": 1, "Inner Unique": true, "Plans": [{"Node Type": "Unique", "Parent Relationship": "Outer", "Startup Cost": 41260049.44, "Total Cost": 41260049.45, "Plan Rows": 2, "Plan Width": 16, "Actual Startup Time": 122484.301, "Actual Total Time": 122514.18, "Actual Rows": 44487, "Actual Loops": 1, "Plans": [{"Node Type": "Sort", "Parent Relationship": "Outer", "Startup Cost": 41260049.44, "Total Cost": 41260049.45, "Plan Rows": 2, "Plan Width": 16, "Actual Startup Time": 122484.297, "Actual Total Time": 122495.718, "Actual Rows": 58537, "Actual Loops": 1, "Sort Key": ["partsupp.ps_suppkey"], "Sort Method": "quicksort", "Sort Space Used": 7024, "Sort Space Type": "Memory", "Plans": [{"Node Type": "Nested Loop", "Parent Relationship": "Outer", "Join Type": "Semi", "Startup Cost": 1956350.51, "Total Cost": 41260049.43, "Plan Rows": 2, "Plan Width": 16, "Actual Startup Time": 18667.862, "Actual Total Time": 122403.43, "Actual Rows": 58537, "Actual Loops": 1, "Inner Unique": false, "Join Filter": "(partsupp.ps_partkey = part.p_partkey)", "Rows Removed by Join Filter": 0, "Plans": [{"Node Type": "Nested Loop", "Parent Relationship": "Outer", "Join Type": "Inner", "Startup Cost": 1956350.25, "Total Cost": 41259981.09, "Plan Rows": 15, "Plan Width": 32, "Actual Startup Time": 18667.485, "Actual Total Time": 76318.413, "Actual Rows": 5431247, "Actual Loops": 1, "Inner Unique": true, "Plans": [{"Node Type": "Aggregate", "Strategy": "Hashed", "Parent Relationship": "Outer", "Startup Cost": 1956349.97, "Total Cost": 2069745.97, "Plan Rows": 9071680, "Plan Width": 40, "Actual Startup Time": 18667.332, "Actual Total Time": 23320.171, "Actual Rows": 5442751, "Actual Loops": 1, "Group By Key": ["lineitem.l_partkey", "lineitem.l_suppkey"], "Plans": [{"Node Type": "Bitmap Heap Scan", "Parent Relationship": "Outer", "Relation Name": "lineitem", "Alias": "lineitem", "Startup Cost": 314312.97, "Total Cost": 1865633.17, "Plan Rows": 9071680, "Plan Width": 24, "Actual Startup Time": 4229.766, "Actual Total Time": 11960.542, "Actual Rows": 9109641, "Actual Loops": 1, "Recheck Cond": "((l_shipdate >= '1993-01-01 00:00:00'::timestamp(0) without time zone) AND (l_shipdate < '1994-01-01 00:00:00'::timestamp without time zone)), (LLVM Optimized, Jit Execute)", "Rows Removed by Index Recheck": 0, "Exact Heap Blocks": 1252335, "Lossy Heap Blocks": 1252335, "Plans": [{"Node Type": "Bitmap Index Scan", "Parent Relationship": "Outer", "Index Name": "idx_lineitem_shipdate", "Startup Cost": 0.0, "Total Cost": 312045.05, "Plan Rows": 9071680, "Plan Width": 0, "Actual Startup Time": 3607.483, "Actual Total Time": 3607.483, "Actual Rows": 9109641, "Actual Loops": 1, "Index Cond": "((l_shipdate >= '1993-01-01 00:00:00'::timestamp(0) without time zone) AND (l_shipdate < '1994-01-01 00:00:00'::timestamp without time zone))"}]}]}, {"Node Type": "Bitmap Heap Scan", "Parent Relationship": "Inner", "Relation Name": "partsupp", "Alias": "partsupp", "Startup Cost": 0.28, "Total Cost": 4.3, "Plan Rows": 1, "Plan Width": 24, "Actual Startup Time": 45151.232, "Actual Total Time": 45151.232, "Actual Rows": 5431247, "Actual Loops": 5442751, "Recheck Cond": "((ps_partkey = lineitem.l_partkey) AND (ps_suppkey = lineitem.l_suppkey))", "Rows Removed by Index Recheck": 0, "Filter": "((ps_availqty)::double precision > (.5::double precision * (sum(lineitem.l_quantity))))", "Rows Removed by Filter": 11504, "Exact Heap Blocks": 5442751, "Lossy Heap Blocks": 5442751, "Plans": [{"Node Type": "Bitmap Index Scan", "Parent Relationship": "Outer", "Index Name": "partsupp_pkey", "Startup Cost": 0.0, "Total Cost": 0.28, "Plan Rows": 1, "Plan Width": 0, "Actual Startup Time": 27667.53, "Actual Total Time": 27667.53, "Actual Rows": 5442751, "Actual Loops": 5442751, "Index Cond": "((ps_partkey = lineitem.l_partkey) AND (ps_suppkey = lineitem.l_suppkey))"}]}]}, {"Node Type": "Bitmap Heap Scan", "Parent Relationship": "Inner", "Relation Name": "part", "Alias": "part", "Startup Cost": 0.26, "Total Cost": 4.28, "Plan Rows": 1, "Plan Width": 8, "Actual Startup Time": 39761.268, "Actual Total Time": 39761.268, "Actual Rows": 58537, "Actual Loops": 5431247, "Recheck Cond": "(p_partkey = lineitem.l_partkey)", "Rows Removed by Index Recheck": 0, "Filter": "((p_name)::text ~~ 'green%'::text)", "Rows Removed by Filter": 5372710, "Exact Heap Blocks": 5431247, "Lossy Heap Blocks": 5431247, "Plans": [{"Node Type": "Bitmap Index Scan", "Parent Relationship": "Outer", "Index Name": "part_kpey", "Startup Cost": 0.0, "Total Cost": 0.26, "Plan Rows": 1, "Plan Width": 0, "Actual Startup Time": 23528.84, "Actual Total Time": 23528.84, "Actual Rows": 5431247, "Actual Loops": 5431247, "Index Cond": "(p_partkey = lineitem.l_partkey)"}]}]}]}]}, {"Node Type": "Bitmap Heap Scan", "Parent Relationship": "Inner", "Relation Name": "supplier", "Alias": "supplier", "Startup Cost": 0.26, "Total Cost": 4.27, "Plan Rows": 1, "Plan Width": 63, "Actual Startup Time": 147.97, "Actual Total Time": 147.97, "Actual Rows": 44487, "Actual Loops": 44487, "Recheck Cond": "(s_suppkey = lineitem.l_suppkey)", "Rows Removed by Index Recheck": 0, "Exact Heap Blocks": 44487, "Lossy Heap Blocks": 44487, "Plans": [{"Node Type": "Bitmap Index Scan", "Parent Relationship": "Outer", "Index Name": "supplier_pkey", "Startup Cost": 0.0, "Total Cost": 0.26, "Plan Rows": 1, "Plan Width": 0, "Actual Startup Time": 82.176, "Actual Total Time": 82.176, "Actual Rows": 44487, "Actual Loops": 44487, "Index Cond": "(s_suppkey = lineitem.l_suppkey)"}]}]}, {"Node Type": "Bitmap Heap Scan", "Parent Relationship": "Inner", "Relation Name": "nation", "Alias": "nation", "Startup Cost": 0.26, "Total Cost": 4.27, "Plan Rows": 1, "Plan Width": 4, "Actual Startup Time": 121.742, "Actual Total Time": 121.742, "Actual Rows": 1746, "Actual Loops": 44487, "Recheck Cond": "(n_nationkey = supplier.s_nationkey)", "Rows Removed by Index Recheck": 0, "Filter": "(n_name = 'ALGERIA'::bpchar)", "Rows Removed by Filter": 42741, "Exact Heap Blocks": 44487, "Lossy Heap Blocks": 44487, "Plans": [{"Node Type": "Bitmap Index Scan", "Parent Relationship": "Outer", "Index Name": "nation_pkey", "Startup Cost": 0.0, "Total Cost": 0.26, "Plan Rows": 1, "Plan Width": 0, "Actual Startup Time": 45.415, "Actual Total Time": 45.415, "Actual Rows": 44487, "Actual Loops": 44487, "Index Cond": "(n_nationkey = supplier.s_nationkey)"}]}]}]}, "Triggers": [], "Planner Runtime": 2, "Total Runtime": 122906.738, "Unique SQL Id": 202076520}}, "(64, 56)": {"explain_plan": {"Plan": {"Node Type": "Sort", "Startup Cost": 6185115.22, "Total Cost": 6185120.22, "Plan Rows": 2000, "Plan Width": 51, "Sort Key": ["supplier.s_name"], "Plans": [{"Node Type": "Nested Loop", "Parent Relationship": "Outer", "Join Type": "Semi", "Startup Cost": 2405767.29, "Total Cost": 6185005.56, "Plan Rows": 2000, "Plan Width": 51, "Inner Unique": false, "Join Filter": "(supplier.s_suppkey = lineitem.l_suppkey)", "Plans": [{"Node Type": "Nested Loop", "Parent Relationship": "Outer", "Join Type": "Inner", "Startup Cost": 0.0, "Total Cost": 4534.31, "Plan Rows": 4000, "Plan Width": 59, "Inner Unique": false, "Join Filter": "(supplier.s_nationkey = nation.n_nationkey)", "Plans": [{"Node Type": "Seq Scan", "Parent Relationship": "Outer", "Relation Name": "nation", "Alias": "nation", "Startup Cost": 0.0, "Total Cost": 1.31, "Plan Rows": 1, "Plan Width": 4, "Filter": "(n_name = 'ALGERIA'::bpchar)"}, {"Node Type": "Seq Scan", "Parent Relationship": "Inner", "Relation Name": "supplier", "Alias": "supplier", "Startup Cost": 0.0, "Total Cost": 3283.0, "Plan Rows": 100000, "Plan Width": 63}]}, {"Node Type": "Materialize", "Parent Relationship": "Inner", "Startup Cost": 2405767.29, "Total Cost": 6180351.26, "Plan Rows": 2, "Plan Width": 16, "Plans": [{"Node Type": "Nested Loop", "Parent Relationship": "Outer", "Join Type": "Semi", "Startup Cost": 2405767.29, "Total Cost": 6180351.25, "Plan Rows": 2, "Plan Width": 16, "Inner Unique": false, "Plans": [{"Node Type": "Nested Loop", "Parent Relationship": "Outer", "Join Type": "Inner", "Startup Cost": 2405767.29, "Total Cost": 6180346.49, "Plan Rows": 15, "Plan Width": 32, "Inner Unique": true, "Plans": [{"Node Type": "Aggregate", "Strategy": "Hashed", "Parent Relationship": "Outer", "Startup Cost": 2405767.29, "Total Cost": 2519163.29, "Plan Rows": 9071680, "Plan Width": 40, "Group By Key": ["lineitem.l_partkey", "lineitem.l_suppkey"], "Plans": [{"Node Type": "Seq Scan", "Parent Relationship": "Outer", "Relation Name": "lineitem", "Alias": "lineitem", "Startup Cost": 119.57, "Total Cost": 2315050.5, "Plan Rows": 9071680, "Plan Width": 24, "Filter": "((l_shipdate >= '1993-01-01 00:00:00'::timestamp(0) without time zone) AND (l_shipdate < '1994-01-01 00:00:00'::timestamp without time zone)), (LLVM Optimized)"}]}, {"Node Type": "Index Scan", "Parent Relationship": "Inner", "Scan Direction": "Forward", "Index Name": "partsupp_pkey", "Relation Name": "partsupp", "Alias": "partsupp", "Startup Cost": 0.0, "Total Cost": 0.38, "Plan Rows": 1, "Plan Width": 24, "Index Cond": "((ps_partkey = lineitem.l_partkey) AND (ps_suppkey = lineitem.l_suppkey))", "Filter": "((ps_availqty)::double precision > (.5::double precision * (sum(lineitem.l_quantity))))"}]}, {"Node Type": "Index Scan", "Parent Relationship": "Inner", "Scan Direction": "Forward", "Index Name": "part_kpey", "Relation Name": "part", "Alias": "part", "Startup Cost": 0.0, "Total Cost": 0.3, "Plan Rows": 1, "Plan Width": 8, "Index Cond": "(p_partkey = partsupp.ps_partkey)", "Filter": "((p_name)::text ~~ 'green%'::text)"}]}]}]}]}, "Unique SQL Id": 202076520, "Planner Runtime": 1}, "explain_analyze_plan": null}, "(64, 57)": {"explain_plan": {"Plan": {"Node Type": "Sort", "Startup Cost": 9935869.48, "Total Cost": 9935874.48, "Plan Rows": 2000, "Plan Width": 51, "Sort Key": ["supplier.s_name"], "Plans": [{"Node Type": "Nested Loop", "Parent Relationship": "Outer", "Join Type": "Semi", "Startup Cost": 6154458.63, "Total Cost": 9935759.82, "Plan Rows": 2000, "Plan Width": 51, "Inner Unique": false, "Join Filter": "(supplier.s_suppkey = lineitem.l_suppkey)", "Plans": [{"Node Type": "Nested Loop", "Parent Relationship": "Outer", "Join Type": "Inner", "Startup Cost": 0.0, "Total Cost": 6597.23, "Plan Rows": 4000, "Plan Width": 59, "Inner Unique": false, "Join Filter": "(supplier.s_nationkey = nation.n_nationkey)", "Plans": [{"Node Type": "Index Scan", "Parent Relationship": "Outer", "Scan Direction": "Forward", "Index Name": "nation_pkey", "Relation Name": "nation", "Alias": "nation", "Startup Cost": 0.0, "Total Cost": 12.69, "Plan Rows": 1, "Plan Width": 4, "Filter": "(n_name = 'ALGERIA'::bpchar)"}, {"Node Type": "Index Scan", "Parent Relationship": "Inner", "Scan Direction": "Forward", "Index Name": "supplier_pkey", "Relation Name": "supplier", "Alias": "supplier", "Startup Cost": 0.0, "Total Cost": 5334.54, "Plan Rows": 100000, "Plan Width": 63}]}, {"Node Type": "Materialize", "Parent Relationship": "Inner", "Startup Cost": 6154458.63, "Total Cost": 9929042.6, "Plan Rows": 2, "Plan Width": 16, "Plans": [{"Node Type": "Nested Loop", "Parent Relationship": "Outer", "Join Type": "Semi", "Startup Cost": 6154458.63, "Total Cost": 9929042.59, "Plan Rows": 2, "Plan Width": 16, "Inner Unique": false, "Plans": [{"Node Type": "Nested Loop", "Parent Relationship": "Outer", "Join Type": "Inner", "Startup Cost": 6154458.63, "Total Cost": 9929037.83, "Plan Rows": 15, "Plan Width": 32, "Inner Unique": true, "Plans": [{"Node Type": "Aggregate", "Strategy": "Hashed", "Parent Relationship": "Outer", "Startup Cost": 6154458.63, "Total Cost": 6267854.63, "Plan Rows": 9071680, "Plan Width": 40, "Group By Key": ["lineitem.l_partkey", "lineitem.l_suppkey"], "Plans": [{"Node Type": "Index Scan", "Parent Relationship": "Outer", "Scan Direction": "Forward", "Index Name": "idx_lineitem_shipdate", "Relation Name": "lineitem", "Alias": "lineitem", "Startup Cost": 0.0, "Total Cost": 6063741.83, "Plan Rows": 9071680, "Plan Width": 24, "Index Cond": "((l_shipdate >= '1993-01-01 00:00:00'::timestamp(0) without time zone) AND (l_shipdate < '1994-01-01 00:00:00'::timestamp without time zone)), (LLVM Optimized)"}]}, {"Node Type": "Index Scan", "Parent Relationship": "Inner", "Scan Direction": "Forward", "Index Name": "partsupp_pkey", "Relation Name": "partsupp", "Alias": "partsupp", "Startup Cost": 0.0, "Total Cost": 0.38, "Plan Rows": 1, "Plan Width": 24, "Index Cond": "((ps_partkey = lineitem.l_partkey) AND (ps_suppkey = lineitem.l_suppkey))", "Filter": "((ps_availqty)::double precision > (.5::double precision * (sum(lineitem.l_quantity))))"}]}, {"Node Type": "Index Scan", "Parent Relationship": "Inner", "Scan Direction": "Forward", "Index Name": "part_kpey", "Relation Name": "part", "Alias": "part", "Startup Cost": 0.0, "Total Cost": 0.3, "Plan Rows": 1, "Plan Width": 8, "Index Cond": "(p_partkey = partsupp.ps_partkey)", "Filter": "((p_name)::text ~~ 'green%'::text)"}]}]}]}]}, "Unique SQL Id": 202076520, "Planner Runtime": 2}, "explain_analyze_plan": null}, "(64, 58)": {"explain_plan": {"Plan": {"Node Type": "Sort", "Startup Cost": 17339533198.13, "Total Cost": 17339533203.13, "Plan Rows": 2000, "Plan Width": 51, "Sort Key": ["supplier.s_name"], "Plans": [{"Node Type": "Nested Loop", "Parent Relationship": "Outer", "Join Type": "Semi", "Startup Cost": 2405767.29, "Total Cost": 17339533088.47, "Plan Rows": 2000, "Plan Width": 51, "Inner Unique": false, "Join Filter": "(supplier.s_suppkey = lineitem.l_suppkey)", "Plans": [{"Node Type": "Nested Loop", "Parent Relationship": "Outer", "Join Type": "Inner", "Startup Cost": 0.0, "Total Cost": 4534.31, "Plan Rows": 4000, "Plan Width": 59, "Inner Unique": false, "Join Filter": "(supplier.s_nationkey = nation.n_nationkey)", "Plans": [{"Node Type": "Seq Scan", "Parent Relationship": "Outer", "Relation Name": "nation", "Alias": "nation", "Startup Cost": 0.0, "Total Cost": 1.31, "Plan Rows": 1, "Plan Width": 4, "Filter": "(n_name = 'ALGERIA'::bpchar)"}, {"Node Type": "Seq Scan", "Parent Relationship": "Inner", "Relation Name": "supplier", "Alias": "supplier", "Startup Cost": 0.0, "Total Cost": 3283.0, "Plan Rows": 100000, "Plan Width": 63}]}, {"Node Type": "Materialize", "Parent Relationship": "Inner", "Startup Cost": 2405767.29, "Total Cost": 17339528434.16, "Plan Rows": 2, "Plan Width": 16, "Plans": [{"Node Type": "Nested Loop", "Parent Relationship": "Outer", "Join Type": "Inner", "Startup Cost": 2405767.29, "Total Cost": 17339528434.15, "Plan Rows": 2, "Plan Width": 16, "Inner Unique": false, "Join Filter": "((partsupp.ps_partkey = lineitem.l_partkey) AND (partsupp.ps_suppkey = lineitem.l_suppkey) AND ((partsupp.ps_availqty)::double precision > (.5::double precision * (sum(lineitem.l_quantity)))))", "Plans": [{"Node Type": "Aggregate", "Strategy": "Hashed", "Parent Relationship": "Outer", "Startup Cost": 2405767.29, "Total Cost": 2519163.29, "Plan Rows": 9071680, "Plan Width": 40, "Group By Key": ["lineitem.l_partkey", "lineitem.l_suppkey"], "Plans": [{"Node Type": "Seq Scan", "Parent Relationship": "Outer", "Relation Name": "lineitem", "Alias": "lineitem", "Startup Cost": 119.57, "Total Cost": 2315050.5, "Plan Rows": 9071680, "Plan Width": 24, "Filter": "((l_shipdate >= '1993-01-01 00:00:00'::timestamp(0) without time zone) AND (l_shipdate < '1994-01-01 00:00:00'::timestamp without time zone)), (LLVM Optimized)"}]}, {"Node Type": "Materialize", "Parent Relationship": "Inner", "Startup Cost": 0.0, "Total Cost": 2697041531.44, "Plan Rows": 64552, "Plan Width": 32, "Plans": [{"Node Type": "Nested Loop", "Parent Relationship": "Outer", "Join Type": "Semi", "Startup Cost": 0.0, "Total Cost": 2697041208.68, "Plan Rows": 64552, "Plan Width": 32, "Inner Unique": false, "Join Filter": "(partsupp.ps_partkey = part.p_partkey)", "Plans": [{"Node Type": "Seq Scan", "Parent Relationship": "Outer", "Relation Name": "partsupp", "Alias": "partsupp", "Startup Cost": 0.0, "Total Cost": 269987.72, "Plan Rows": 8000372, "Plan Width": 24}, {"Node Type": "Materialize", "Parent Relationship": "Inner", "Startup Cost": 0.0, "Total Cost": 67056.36, "Plan Rows": 22472, "Plan Width": 8, "Plans": [{"Node Type": "Seq Scan", "Parent Relationship": "Outer", "Relation Name": "part", "Alias": "part", "Startup Cost": 0.0, "Total Cost": 66944.0, "Plan Rows": 22472, "Plan Width": 8, "Filter": "((p_name)::text ~~ 'green%'::text)"}]}]}]}]}]}]}]}, "Unique SQL Id": 202076520, "Planner Runtime": 2}, "explain_analyze_plan": null}, "(64, 59)": {"explain_plan": {"Plan": {"Node Type": "Sort", "Startup Cost": 5018253561064.47, "Total Cost": 5018253561069.47, "Plan Rows": 2000, "Plan Width": 51, "Sort Key": ["supplier.s_name"], "Plans": [{"Node Type": "Nested Loop", "Parent Relationship": "Outer", "Join Type": "Semi", "Startup Cost": 1040805475552.94, "Total Cost": 5018253560954.81, "Plan Rows": 2000, "Plan Width": 51, "Inner Unique": false, "Join Filter": "(supplier.s_suppkey = subquery.\"?column?\")", "Plans": [{"Node Type": "Nested Loop", "Parent Relationship": "Outer", "Join Type": "Inner", "Startup Cost": 20000000000.0, "Total Cost": 2000000536223.13, "Plan Rows": 4000, "Plan Width": 59, "Inner Unique": true, "Join Filter": "(supplier.s_nationkey = nation.n_nationkey)", "Plans": [{"Node Type": "Index Scan", "Parent Relationship": "Outer", "Scan Direction": "Forward", "Index Name": "supplier_pkey", "Relation Name": "supplier", "Alias": "supplier", "Startup Cost": 10000000000.0, "Total Cost": 1000000533454.38, "Plan Rows": 100000, "Plan Width": 63}, {"Node Type": "Materialize", "Parent Relationship": "Inner", "Startup Cost": 10000000000.0, "Total Cost": 1000000001268.76, "Plan Rows": 1, "Plan Width": 4, "Plans": [{"Node Type": "Index Scan", "Parent Relationship": "Outer", "Scan Direction": "Forward", "Index Name": "nation_pkey", "Relation Name": "nation", "Alias": "nation", "Startup Cost": 10000000000.0, "Total Cost": 1000000001268.75, "Plan Rows": 1, "Plan Width": 4, "Filter": "(n_name = 'ALGERIA'::bpchar)"}]}]}, {"Node Type": "Materialize", "Parent Relationship": "Inner", "Startup Cost": 1020805475552.94, "Total Cost": 3018253024611.68, "Plan Rows": 2, "Plan Width": 16, "Plans": [{"Node Type": "Nested Loop", "Parent Relationship": "Outer", "Join Type": "Inner", "Startup Cost": 1020805475552.94, "Total Cost": 3018253024611.67, "Plan Rows": 2, "Plan Width": 16, "Inner Unique": true, "Join Filter": "((partsupp.ps_partkey = subquery.\"?column?\") AND (partsupp.ps_suppkey = subquery.\"?column?\") AND ((partsupp.ps_availqty)::double precision > (.5::double precision * subquery.\"?column?\")))", "Plans": [{"Node Type": "Nested Loop", "Parent Relationship": "Outer", "Join Type": "Semi", "Startup Cost": 20000000000.0, "Total Cost": 2002807445082.73, "Plan Rows": 64552, "Plan Width": 32, "Inner Unique": false, "Join Filter": "(partsupp.ps_partkey = part.p_partkey)", "Plans": [{"Node Type": "Index Scan", "Parent Relationship": "Outer", "Scan Direction": "Forward", "Index Name": "idx_partsupp_suppkey", "Relation Name": "partsupp", "Alias": "partsupp", "Startup Cost": 10000000000.0, "Total Cost": 1000100160480.77, "Plan Rows": 8000372, "Plan Width": 24}, {"Node Type": "Materialize", "Parent Relationship": "Inner", "Startup Cost": 10000000000.0, "Total Cost": 1000010580437.36, "Plan Rows": 22472, "Plan Width": 8, "Plans": [{"Node Type": "Index Scan", "Parent Relationship": "Outer", "Scan Direction": "Forward", "Index Name": "part_kpey", "Relation Name": "part", "Alias": "part", "Startup Cost": 10000000000.0, "Total Cost": 1000010580325.0, "Plan Rows": 22472, "Plan Width": 8, "Filter": "((p_name)::text ~~ 'green%'::text)"}]}]}, {"Node Type": "Materialize", "Parent Relationship": "Inner", "Startup Cost": 1000805475552.94, "Total Cost": 1000805725024.14, "Plan Rows": 9071680, "Plan Width": 24, "Plans": [{"Node Type": "Subquery Scan", "Parent Relationship": "Outer", "Alias": "subquery", "Startup Cost": 1000805475552.94, "Total Cost": 1000805679665.74, "Plan Rows": 9071680, "Plan Width": 24, "Plans": [{"Node Type": "Aggregate", "Strategy": "Hashed", "Parent Relationship": "Subquery", "Startup Cost": 1000805475552.94, "Total Cost": 1000805588948.94, "Plan Rows": 9071680, "Plan Width": 40, "Group By Key": ["lineitem.l_partkey", "lineitem.l_suppkey"], "Plans": [{"Node Type": "Index Scan", "Parent Relationship": "Outer", "Scan Direction": "Forward", "Index Name": "idx_lineitem_part_supp", "Relation Name": "lineitem", "Alias": "lineitem", "Startup Cost": 10000000000.0, "Total Cost": 1000805384836.14, "Plan Rows": 9071680, "Plan Width": 24, "Filter": "((l_shipdate >= '1993-01-01 00:00:00'::timestamp(0) without time zone) AND (l_shipdate < '1994-01-01 00:00:00'::timestamp without time zone)), (LLVM Optimized)"}]}]}]}]}]}]}]}, "Unique SQL Id": 202076520, "Planner Runtime": 2}, "explain_analyze_plan": null}, "(64, 60)": {"explain_plan": {"Plan": {"Node Type": "Sort", "Startup Cost": 6185115.22, "Total Cost": 6185120.22, "Plan Rows": 2000, "Plan Width": 51, "Sort Key": ["supplier.s_name"], "Plans": [{"Node Type": "Nested Loop", "Parent Relationship": "Outer", "Join Type": "Semi", "Startup Cost": 2405767.29, "Total Cost": 6185005.56, "Plan Rows": 2000, "Plan Width": 51, "Inner Unique": false, "Join Filter": "(supplier.s_suppkey = lineitem.l_suppkey)", "Plans": [{"Node Type": "Nested Loop", "Parent Relationship": "Outer", "Join Type": "Inner", "Startup Cost": 0.0, "Total Cost": 4534.31, "Plan Rows": 4000, "Plan Width": 59, "Inner Unique": false, "Join Filter": "(supplier.s_nationkey = nation.n_nationkey)", "Plans": [{"Node Type": "Seq Scan", "Parent Relationship": "Outer", "Relation Name": "nation", "Alias": "nation", "Startup Cost": 0.0, "Total Cost": 1.31, "Plan Rows": 1, "Plan Width": 4, "Filter": "(n_name = 'ALGERIA'::bpchar)"}, {"Node Type": "Seq Scan", "Parent Relationship": "Inner", "Relation Name": "supplier", "Alias": "supplier", "Startup Cost": 0.0, "Total Cost": 3283.0, "Plan Rows": 100000, "Plan Width": 63}]}, {"Node Type": "Materialize", "Parent Relationship": "Inner", "Startup Cost": 2405767.29, "Total Cost": 6180351.26, "Plan Rows": 2, "Plan Width": 16, "Plans": [{"Node Type": "Nested Loop", "Parent Relationship": "Outer", "Join Type": "Semi", "Startup Cost": 2405767.29, "Total Cost": 6180351.25, "Plan Rows": 2, "Plan Width": 16, "Inner Unique": false, "Plans": [{"Node Type": "Nested Loop", "Parent Relationship": "Outer", "Join Type": "Inner", "Startup Cost": 2405767.29, "Total Cost": 6180346.49, "Plan Rows": 15, "Plan Width": 32, "Inner Unique": true, "Plans": [{"Node Type": "Aggregate", "Strategy": "Hashed", "Parent Relationship": "Outer", "Startup Cost": 2405767.29, "Total Cost": 2519163.29, "Plan Rows": 9071680, "Plan Width": 40, "Group By Key": ["lineitem.l_partkey", "lineitem.l_suppkey"], "Plans": [{"Node Type": "Seq Scan", "Parent Relationship": "Outer", "Relation Name": "lineitem", "Alias": "lineitem", "Startup Cost": 119.57, "Total Cost": 2315050.5, "Plan Rows": 9071680, "Plan Width": 24, "Filter": "((l_shipdate >= '1993-01-01 00:00:00'::timestamp(0) without time zone) AND (l_shipdate < '1994-01-01 00:00:00'::timestamp without time zone)), (LLVM Optimized)"}]}, {"Node Type": "Index Scan", "Parent Relationship": "Inner", "Scan Direction": "Forward", "Index Name": "partsupp_pkey", "Relation Name": "partsupp", "Alias": "partsupp", "Startup Cost": 0.0, "Total Cost": 0.38, "Plan Rows": 1, "Plan Width": 24, "Index Cond": "((ps_partkey = lineitem.l_partkey) AND (ps_suppkey = lineitem.l_suppkey))", "Filter": "((ps_availqty)::double precision > (.5::double precision * (sum(lineitem.l_quantity))))"}]}, {"Node Type": "Index Scan", "Parent Relationship": "Inner", "Scan Direction": "Forward", "Index Name": "part_kpey", "Relation Name": "part", "Alias": "part", "Startup Cost": 0.0, "Total Cost": 0.3, "Plan Rows": 1, "Plan Width": 8, "Index Cond": "(p_partkey = partsupp.ps_partkey)", "Filter": "((p_name)::text ~~ 'green%'::text)"}]}]}]}]}, "Unique SQL Id": 202076520, "Planner Runtime": 2}, "explain_analyze_plan": null}, "(64, 61)": {"explain_plan": {"Plan": {"Node Type": "Sort", "Startup Cost": 9935869.48, "Total Cost": 9935874.48, "Plan Rows": 2000, "Plan Width": 51, "Sort Key": ["supplier.s_name"], "Plans": [{"Node Type": "Nested Loop", "Parent Relationship": "Outer", "Join Type": "Semi", "Startup Cost": 6154458.63, "Total Cost": 9935759.82, "Plan Rows": 2000, "Plan Width": 51, "Inner Unique": false, "Join Filter": "(supplier.s_suppkey = lineitem.l_suppkey)", "Plans": [{"Node Type": "Nested Loop", "Parent Relationship": "Outer", "Join Type": "Inner", "Startup Cost": 0.0, "Total Cost": 6597.23, "Plan Rows": 4000, "Plan Width": 59, "Inner Unique": false, "Join Filter": "(supplier.s_nationkey = nation.n_nationkey)", "Plans": [{"Node Type": "Index Scan", "Parent Relationship": "Outer", "Scan Direction": "Forward", "Index Name": "nation_pkey", "Relation Name": "nation", "Alias": "nation", "Startup Cost": 0.0, "Total Cost": 12.69, "Plan Rows": 1, "Plan Width": 4, "Filter": "(n_name = 'ALGERIA'::bpchar)"}, {"Node Type": "Index Scan", "Parent Relationship": "Inner", "Scan Direction": "Forward", "Index Name": "supplier_pkey", "Relation Name": "supplier", "Alias": "supplier", "Startup Cost": 0.0, "Total Cost": 5334.54, "Plan Rows": 100000, "Plan Width": 63}]}, {"Node Type": "Materialize", "Parent Relationship": "Inner", "Startup Cost": 6154458.63, "Total Cost": 9929042.6, "Plan Rows": 2, "Plan Width": 16, "Plans": [{"Node Type": "Nested Loop", "Parent Relationship": "Outer", "Join Type": "Semi", "Startup Cost": 6154458.63, "Total Cost": 9929042.59, "Plan Rows": 2, "Plan Width": 16, "Inner Unique": false, "Plans": [{"Node Type": "Nested Loop", "Parent Relationship": "Outer", "Join Type": "Inner", "Startup Cost": 6154458.63, "Total Cost": 9929037.83, "Plan Rows": 15, "Plan Width": 32, "Inner Unique": true, "Plans": [{"Node Type": "Aggregate", "Strategy": "Hashed", "Parent Relationship": "Outer", "Startup Cost": 6154458.63, "Total Cost": 6267854.63, "Plan Rows": 9071680, "Plan Width": 40, "Group By Key": ["lineitem.l_partkey", "lineitem.l_suppkey"], "Plans": [{"Node Type": "Index Scan", "Parent Relationship": "Outer", "Scan Direction": "Forward", "Index Name": "idx_lineitem_shipdate", "Relation Name": "lineitem", "Alias": "lineitem", "Startup Cost": 0.0, "Total Cost": 6063741.83, "Plan Rows": 9071680, "Plan Width": 24, "Index Cond": "((l_shipdate >= '1993-01-01 00:00:00'::timestamp(0) without time zone) AND (l_shipdate < '1994-01-01 00:00:00'::timestamp without time zone)), (LLVM Optimized)"}]}, {"Node Type": "Index Scan", "Parent Relationship": "Inner", "Scan Direction": "Forward", "Index Name": "partsupp_pkey", "Relation Name": "partsupp", "Alias": "partsupp", "Startup Cost": 0.0, "Total Cost": 0.38, "Plan Rows": 1, "Plan Width": 24, "Index Cond": "((ps_partkey = lineitem.l_partkey) AND (ps_suppkey = lineitem.l_suppkey))", "Filter": "((ps_availqty)::double precision > (.5::double precision * (sum(lineitem.l_quantity))))"}]}, {"Node Type": "Index Scan", "Parent Relationship": "Inner", "Scan Direction": "Forward", "Index Name": "part_kpey", "Relation Name": "part", "Alias": "part", "Startup Cost": 0.0, "Total Cost": 0.3, "Plan Rows": 1, "Plan Width": 8, "Index Cond": "(p_partkey = partsupp.ps_partkey)", "Filter": "((p_name)::text ~~ 'green%'::text)"}]}]}]}]}, "Unique SQL Id": 202076520, "Planner Runtime": 2}, "explain_analyze_plan": null}, "(64, 62)": {"explain_plan": {"Plan": {"Node Type": "Sort", "Startup Cost": 17339533198.13, "Total Cost": 17339533203.13, "Plan Rows": 2000, "Plan Width": 51, "Sort Key": ["supplier.s_name"], "Plans": [{"Node Type": "Nested Loop", "Parent Relationship": "Outer", "Join Type": "Semi", "Startup Cost": 2405767.29, "Total Cost": 17339533088.47, "Plan Rows": 2000, "Plan Width": 51, "Inner Unique": false, "Join Filter": "(supplier.s_suppkey = lineitem.l_suppkey)", "Plans": [{"Node Type": "Nested Loop", "Parent Relationship": "Outer", "Join Type": "Inner", "Startup Cost": 0.0, "Total Cost": 4534.31, "Plan Rows": 4000, "Plan Width": 59, "Inner Unique": false, "Join Filter": "(supplier.s_nationkey = nation.n_nationkey)", "Plans": [{"Node Type": "Seq Scan", "Parent Relationship": "Outer", "Relation Name": "nation", "Alias": "nation", "Startup Cost": 0.0, "Total Cost": 1.31, "Plan Rows": 1, "Plan Width": 4, "Filter": "(n_name = 'ALGERIA'::bpchar)"}, {"Node Type": "Seq Scan", "Parent Relationship": "Inner", "Relation Name": "supplier", "Alias": "supplier", "Startup Cost": 0.0, "Total Cost": 3283.0, "Plan Rows": 100000, "Plan Width": 63}]}, {"Node Type": "Materialize", "Parent Relationship": "Inner", "Startup Cost": 2405767.29, "Total Cost": 17339528434.16, "Plan Rows": 2, "Plan Width": 16, "Plans": [{"Node Type": "Nested Loop", "Parent Relationship": "Outer", "Join Type": "Inner", "Startup Cost": 2405767.29, "Total Cost": 17339528434.15, "Plan Rows": 2, "Plan Width": 16, "Inner Unique": false, "Join Filter": "((partsupp.ps_partkey = lineitem.l_partkey) AND (partsupp.ps_suppkey = lineitem.l_suppkey) AND ((partsupp.ps_availqty)::double precision > (.5::double precision * (sum(lineitem.l_quantity)))))", "Plans": [{"Node Type": "Aggregate", "Strategy": "Hashed", "Parent Relationship": "Outer", "Startup Cost": 2405767.29, "Total Cost": 2519163.29, "Plan Rows": 9071680, "Plan Width": 40, "Group By Key": ["lineitem.l_partkey", "lineitem.l_suppkey"], "Plans": [{"Node Type": "Seq Scan", "Parent Relationship": "Outer", "Relation Name": "lineitem", "Alias": "lineitem", "Startup Cost": 119.57, "Total Cost": 2315050.5, "Plan Rows": 9071680, "Plan Width": 24, "Filter": "((l_shipdate >= '1993-01-01 00:00:00'::timestamp(0) without time zone) AND (l_shipdate < '1994-01-01 00:00:00'::timestamp without time zone)), (LLVM Optimized)"}]}, {"Node Type": "Materialize", "Parent Relationship": "Inner", "Startup Cost": 0.0, "Total Cost": 2697041531.44, "Plan Rows": 64552, "Plan Width": 32, "Plans": [{"Node Type": "Nested Loop", "Parent Relationship": "Outer", "Join Type": "Semi", "Startup Cost": 0.0, "Total Cost": 2697041208.68, "Plan Rows": 64552, "Plan Width": 32, "Inner Unique": false, "Join Filter": "(partsupp.ps_partkey = part.p_partkey)", "Plans": [{"Node Type": "Seq Scan", "Parent Relationship": "Outer", "Relation Name": "partsupp", "Alias": "partsupp", "Startup Cost": 0.0, "Total Cost": 269987.72, "Plan Rows": 8000372, "Plan Width": 24}, {"Node Type": "Materialize", "Parent Relationship": "Inner", "Startup Cost": 0.0, "Total Cost": 67056.36, "Plan Rows": 22472, "Plan Width": 8, "Plans": [{"Node Type": "Seq Scan", "Parent Relationship": "Outer", "Relation Name": "part", "Alias": "part", "Startup Cost": 0.0, "Total Cost": 66944.0, "Plan Rows": 22472, "Plan Width": 8, "Filter": "((p_name)::text ~~ 'green%'::text)"}]}]}]}]}]}]}]}, "Unique SQL Id": 202076520, "Planner Runtime": 1}, "explain_analyze_plan": null}, "(64, 63)": {"explain_plan": {"Plan": {"Node Type": "Sort", "Startup Cost": 5018253561064.47, "Total Cost": 5018253561069.47, "Plan Rows": 2000, "Plan Width": 51, "Sort Key": ["supplier.s_name"], "Plans": [{"Node Type": "Nested Loop", "Parent Relationship": "Outer", "Join Type": "Semi", "Startup Cost": 1040805475552.94, "Total Cost": 5018253560954.81, "Plan Rows": 2000, "Plan Width": 51, "Inner Unique": false, "Join Filter": "(supplier.s_suppkey = subquery.\"?column?\")", "Plans": [{"Node Type": "Nested Loop", "Parent Relationship": "Outer", "Join Type": "Inner", "Startup Cost": 20000000000.0, "Total Cost": 2000000536223.13, "Plan Rows": 4000, "Plan Width": 59, "Inner Unique": true, "Join Filter": "(supplier.s_nationkey = nation.n_nationkey)", "Plans": [{"Node Type": "Index Scan", "Parent Relationship": "Outer", "Scan Direction": "Forward", "Index Name": "supplier_pkey", "Relation Name": "supplier", "Alias": "supplier", "Startup Cost": 10000000000.0, "Total Cost": 1000000533454.38, "Plan Rows": 100000, "Plan Width": 63}, {"Node Type": "Materialize", "Parent Relationship": "Inner", "Startup Cost": 10000000000.0, "Total Cost": 1000000001268.76, "Plan Rows": 1, "Plan Width": 4, "Plans": [{"Node Type": "Index Scan", "Parent Relationship": "Outer", "Scan Direction": "Forward", "Index Name": "nation_pkey", "Relation Name": "nation", "Alias": "nation", "Startup Cost": 10000000000.0, "Total Cost": 1000000001268.75, "Plan Rows": 1, "Plan Width": 4, "Filter": "(n_name = 'ALGERIA'::bpchar)"}]}]}, {"Node Type": "Materialize", "Parent Relationship": "Inner", "Startup Cost": 1020805475552.94, "Total Cost": 3018253024611.68, "Plan Rows": 2, "Plan Width": 16, "Plans": [{"Node Type": "Nested Loop", "Parent Relationship": "Outer", "Join Type": "Inner", "Startup Cost": 1020805475552.94, "Total Cost": 3018253024611.67, "Plan Rows": 2, "Plan Width": 16, "Inner Unique": true, "Join Filter": "((partsupp.ps_partkey = subquery.\"?column?\") AND (partsupp.ps_suppkey = subquery.\"?column?\") AND ((partsupp.ps_availqty)::double precision > (.5::double precision * subquery.\"?column?\")))", "Plans": [{"Node Type": "Nested Loop", "Parent Relationship": "Outer", "Join Type": "Semi", "Startup Cost": 20000000000.0, "Total Cost": 2002807445082.73, "Plan Rows": 64552, "Plan Width": 32, "Inner Unique": false, "Join Filter": "(partsupp.ps_partkey = part.p_partkey)", "Plans": [{"Node Type": "Index Scan", "Parent Relationship": "Outer", "Scan Direction": "Forward", "Index Name": "idx_partsupp_suppkey", "Relation Name": "partsupp", "Alias": "partsupp", "Startup Cost": 10000000000.0, "Total Cost": 1000100160480.77, "Plan Rows": 8000372, "Plan Width": 24}, {"Node Type": "Materialize", "Parent Relationship": "Inner", "Startup Cost": 10000000000.0, "Total Cost": 1000010580437.36, "Plan Rows": 22472, "Plan Width": 8, "Plans": [{"Node Type": "Index Scan", "Parent Relationship": "Outer", "Scan Direction": "Forward", "Index Name": "part_kpey", "Relation Name": "part", "Alias": "part", "Startup Cost": 10000000000.0, "Total Cost": 1000010580325.0, "Plan Rows": 22472, "Plan Width": 8, "Filter": "((p_name)::text ~~ 'green%'::text)"}]}]}, {"Node Type": "Materialize", "Parent Relationship": "Inner", "Startup Cost": 1000805475552.94, "Total Cost": 1000805725024.14, "Plan Rows": 9071680, "Plan Width": 24, "Plans": [{"Node Type": "Subquery Scan", "Parent Relationship": "Outer", "Alias": "subquery", "Startup Cost": 1000805475552.94, "Total Cost": 1000805679665.74, "Plan Rows": 9071680, "Plan Width": 24, "Plans": [{"Node Type": "Aggregate", "Strategy": "Hashed", "Parent Relationship": "Subquery", "Startup Cost": 1000805475552.94, "Total Cost": 1000805588948.94, "Plan Rows": 9071680, "Plan Width": 40, "Group By Key": ["lineitem.l_partkey", "lineitem.l_suppkey"], "Plans": [{"Node Type": "Index Scan", "Parent Relationship": "Outer", "Scan Direction": "Forward", "Index Name": "idx_lineitem_part_supp", "Relation Name": "lineitem", "Alias": "lineitem", "Startup Cost": 10000000000.0, "Total Cost": 1000805384836.14, "Plan Rows": 9071680, "Plan Width": 24, "Filter": "((l_shipdate >= '1993-01-01 00:00:00'::timestamp(0) without time zone) AND (l_shipdate < '1994-01-01 00:00:00'::timestamp without time zone)), (LLVM Optimized)"}]}]}]}]}]}]}]}, "Unique SQL Id": 202076520, "Planner Runtime": 1}, "explain_analyze_plan": null}, "(64, 64)": {"explain_plan": {"Plan": {"Node Type": "Sort", "Startup Cost": 2479933.5, "Total Cost": 2479938.5, "Plan Rows": 2000, "Plan Width": 51, "Sort Key": ["supplier.s_name"], "Plans": [{"Node Type": "Hash Join", "Parent Relationship": "Outer", "Join Type": "Right Semi", "Startup Cost": 2184974.13, "Total Cost": 2479823.85, "Plan Rows": 2000, "Plan Width": 51, "Inner Unique": false, "Hash Cond": "(lineitem.l_suppkey = supplier.s_suppkey)", "Plans": [{"Node Type": "Hash Join", "Parent Relationship": "Outer", "Join Type": "Inner", "Startup Cost": 2182390.78, "Total Cost": 2477220.49, "Plan Rows": 2, "Plan Width": 16, "Inner Unique": false, "Hash Cond": "((lineitem.l_partkey = partsupp.ps_partkey) AND (lineitem.l_suppkey = partsupp.ps_suppkey))", "Join Filter": "((partsupp.ps_availqty)::double precision > (.5::double precision * (sum(lineitem.l_quantity))))", "Plans": [{"Node Type": "Aggregate", "Strategy": "Hashed", "Parent Relationship": "Outer", "Startup Cost": 1956349.97, "Total Cost": 2069745.97, "Plan Rows": 9071680, "Plan Width": 40, "Group By Key": ["lineitem.l_partkey", "lineitem.l_suppkey"], "Plans": [{"Node Type": "Bitmap Heap Scan", "Parent Relationship": "Outer", "Relation Name": "lineitem", "Alias": "lineitem", "Startup Cost": 314312.97, "Total Cost": 1865633.17, "Plan Rows": 9071680, "Plan Width": 24, "Recheck Cond": "((l_shipdate >= '1993-01-01 00:00:00'::timestamp(0) without time zone) AND (l_shipdate < '1994-01-01 00:00:00'::timestamp without time zone)), (LLVM Optimized)", "Plans": [{"Node Type": "Bitmap Index Scan", "Parent Relationship": "Outer", "Index Name": "idx_lineitem_shipdate", "Startup Cost": 0.0, "Total Cost": 312045.05, "Plan Rows": 9071680, "Plan Width": 0, "Index Cond": "((l_shipdate >= '1993-01-01 00:00:00'::timestamp(0) without time zone) AND (l_shipdate < '1994-01-01 00:00:00'::timestamp without time zone))"}]}]}, {"Node Type": "Hash", "Parent Relationship": "Inner", "Startup Cost": 225072.53, "Total Cost": 225072.53, "Plan Rows": 64552, "Plan Width": 32, "Plans": [{"Node Type": "Nested Loop", "Parent Relationship": "Outer", "Join Type": "Inner", "Startup Cost": 0.0, "Total Cost": 225072.53, "Plan Rows": 64552, "Plan Width": 32, "Inner Unique": false, "Plans": [{"Node Type": "Seq Scan", "Parent Relationship": "Outer", "Relation Name": "part", "Alias": "part", "Startup Cost": 0.0, "Total Cost": 66944.0, "Plan Rows": 22472, "Plan Width": 8, "Filter": "((p_name)::text ~~ 'green%'::text)"}, {"Node Type": "Index Scan", "Parent Relationship": "Inner", "Scan Direction": "Forward", "Index Name": "idx_partsupp_partkey", "Relation Name": "partsupp", "Alias": "partsupp", "Startup Cost": 0.0, "Total Cost": 7.01, "Plan Rows": 3, "Plan Width": 24, "Index Cond": "(ps_partkey = part.p_partkey)"}]}]}]}, {"Node Type": "Hash", "Parent Relationship": "Inner", "Startup Cost": 2533.35, "Total Cost": 2533.35, "Plan Rows": 4000, "Plan Width": 59, "Plans": [{"Node Type": "Nested Loop", "Parent Relationship": "Outer", "Join Type": "Inner", "Startup Cost": 95.25, "Total Cost": 2533.35, "Plan Rows": 4000, "Plan Width": 59, "Inner Unique": false, "Plans": [{"Node Type": "Seq Scan", "Parent Relationship": "Outer", "Relation Name": "nation", "Alias": "nation", "Startup Cost": 0.0, "Total Cost": 1.31, "Plan Rows": 1, "Plan Width": 4, "Filter": "(n_name = 'ALGERIA'::bpchar)"}, {"Node Type": "Bitmap Heap Scan", "Parent Relationship": "Inner", "Relation Name": "supplier", "Alias": "supplier", "Startup Cost": 95.25, "Total Cost": 2492.04, "Plan Rows": 4000, "Plan Width": 63, "Recheck Cond": "(s_nationkey = nation.n_nationkey)", "Plans": [{"Node Type": "Bitmap Index Scan", "Parent Relationship": "Outer", "Index Name": "idx_supplier_nation_key", "Startup Cost": 0.0, "Total Cost": 94.25, "Plan Rows": 4000, "Plan Width": 0, "Index Cond": "(s_nationkey = nation.n_nationkey)"}]}]}]}]}]}, "Unique SQL Id": 202076520, "Planner Runtime": 3}, "explain_analyze_plan": {"Plan": {"Node Type": "Sort", "Startup Cost": 2479933.5, "Total Cost": 2479938.5, "Plan Rows": 2000, "Plan Width": 51, "Actual Startup Time": 25670.609, "Actual Total Time": 25670.777, "Actual Rows": 1746, "Actual Loops": 1, "Sort Key": ["supplier.s_name"], "Sort Method": "quicksort", "Sort Space Used": 309, "Sort Space Type": "Memory", "Plans": [{"Node Type": "Hash Join", "Parent Relationship": "Outer", "Join Type": "Right Semi", "Startup Cost": 2184974.13, "Total Cost": 2479823.85, "Plan Rows": 2000, "Plan Width": 51, "Actual Startup Time": 19874.966, "Actual Total Time": 25660.869, "Actual Rows": 1746, "Actual Loops": 1, "Inner Unique": false, "Hash Cond": "(lineitem.l_suppkey = supplier.s_suppkey)", "Plans": [{"Node Type": "Hash Join", "Parent Relationship": "Outer", "Join Type": "Inner", "Startup Cost": 2182390.78, "Total Cost": 2477220.49, "Plan Rows": 2, "Plan Width": 16, "Actual Startup Time": 19858.177, "Actual Total Time": 25630.099, "Actual Rows": 58537, "Actual Loops": 1, "Inner Unique": false, "Hash Cond": "((lineitem.l_partkey = partsupp.ps_partkey) AND (lineitem.l_suppkey = partsupp.ps_suppkey))", "Join Filter": "((partsupp.ps_availqty)::double precision > (.5::double precision * (sum(lineitem.l_quantity))))", "Rows Removed by Join Filter": 136, "Plans": [{"Node Type": "Aggregate", "Strategy": "Hashed", "Parent Relationship": "Outer", "Startup Cost": 1956349.97, "Total Cost": 2069745.97, "Plan Rows": 9071680, "Plan Width": 40, "Actual Startup Time": 18891.69, "Actual Total Time": 23080.121, "Actual Rows": 5442751, "Actual Loops": 1, "Group By Key": ["lineitem.l_partkey", "lineitem.l_suppkey"], "Plans": [{"Node Type": "Bitmap Heap Scan", "Parent Relationship": "Outer", "Relation Name": "lineitem", "Alias": "lineitem", "Startup Cost": 314312.97, "Total Cost": 1865633.17, "Plan Rows": 9071680, "Plan Width": 24, "Actual Startup Time": 4025.947, "Actual Total Time": 11800.709, "Actual Rows": 9109641, "Actual Loops": 1, "Recheck Cond": "((l_shipdate >= '1993-01-01 00:00:00'::timestamp(0) without time zone) AND (l_shipdate < '1994-01-01 00:00:00'::timestamp without time zone)), (LLVM Optimized, Jit Execute)", "Rows Removed by Index Recheck": 0, "Exact Heap Blocks": 1252335, "Lossy Heap Blocks": 1252335, "Plans": [{"Node Type": "Bitmap Index Scan", "Parent Relationship": "Outer", "Index Name": "idx_lineitem_shipdate", "Startup Cost": 0.0, "Total Cost": 312045.05, "Plan Rows": 9071680, "Plan Width": 0, "Actual Startup Time": 3378.209, "Actual Total Time": 3378.209, "Actual Rows": 9109641, "Actual Loops": 1, "Index Cond": "((l_shipdate >= '1993-01-01 00:00:00'::timestamp(0) without time zone) AND (l_shipdate < '1994-01-01 00:00:00'::timestamp without time zone))"}]}]}, {"Node Type": "Hash", "Parent Relationship": "Inner", "Startup Cost": 225072.53, "Total Cost": 225072.53, "Plan Rows": 64552, "Plan Width": 32, "Actual Startup Time": 966.267, "Actual Total Time": 966.267, "Actual Rows": 86224, "Actual Loops": 1, "Hash Buckets": 65536, "Hash Batches": 1, "Original Hash Batches": 1, "Peak Memory Usage": 5389, "Plans": [{"Node Type": "Nested Loop", "Parent Relationship": "Outer", "Join Type": "Inner", "Startup Cost": 0.0, "Total Cost": 225072.53, "Plan Rows": 64552, "Plan Width": 32, "Actual Startup Time": 0.082, "Actual Total Time": 933.817, "Actual Rows": 86224, "Actual Loops": 1, "Inner Unique": false, "Plans": [{"Node Type": "Seq Scan", "Parent Relationship": "Outer", "Relation Name": "part", "Alias": "part", "Startup Cost": 0.0, "Total Cost": 66944.0, "Plan Rows": 22472, "Plan Width": 8, "Actual Startup Time": 0.046, "Actual Total Time": 751.205, "Actual Rows": 21556, "Actual Loops": 1, "Filter": "((p_name)::text ~~ 'green%'::text)", "Rows Removed by Filter": 1978444}, {"Node Type": "Index Scan", "Parent Relationship": "Inner", "Scan Direction": "Forward", "Index Name": "idx_partsupp_partkey", "Relation Name": "partsupp", "Alias": "partsupp", "Startup Cost": 0.0, "Total Cost": 7.01, "Plan Rows": 3, "Plan Width": 24, "Actual Startup Time": 110.405, "Actual Total Time": 150.263, "Actual Rows": 86224, "Actual Loops": 21556, "Index Cond": "(ps_partkey = part.p_partkey)", "Rows Removed by Index Recheck": 0}]}]}]}, {"Node Type": "Hash", "Parent Relationship": "Inner", "Startup Cost": 2533.35, "Total Cost": 2533.35, "Plan Rows": 4000, "Plan Width": 59, "Actual Startup Time": 8.413, "Actual Total Time": 8.413, "Actual Rows": 3934, "Actual Loops": 1, "Hash Buckets": 32768, "Hash Batches": 1, "Original Hash Batches": 1, "Peak Memory Usage": 368, "Plans": [{"Node Type": "Nested Loop", "Parent Relationship": "Outer", "Join Type": "Inner", "Startup Cost": 95.25, "Total Cost": 2533.35, "Plan Rows": 4000, "Plan Width": 59, "Actual Startup Time": 1.333, "Actual Total Time": 7.002, "Actual Rows": 3934, "Actual Loops": 1, "Inner Unique": false, "Plans": [{"Node Type": "Seq Scan", "Parent Relationship": "Outer", "Relation Name": "nation", "Alias": "nation", "Startup Cost": 0.0, "Total Cost": 1.31, "Plan Rows": 1, "Plan Width": 4, "Actual Startup Time": 0.026, "Actual Total Time": 0.044, "Actual Rows": 1, "Actual Loops": 1, "Filter": "(n_name = 'ALGERIA'::bpchar)", "Rows Removed by Filter": 24}, {"Node Type": "Bitmap Heap Scan", "Parent Relationship": "Inner", "Relation Name": "supplier", "Alias": "supplier", "Startup Cost": 95.25, "Total Cost": 2492.04, "Plan Rows": 4000, "Plan Width": 63, "Actual Startup Time": 1.299, "Actual Total Time": 6.171, "Actual Rows": 3934, "Actual Loops": 1, "Recheck Cond": "(s_nationkey = nation.n_nationkey)", "Rows Removed by Index Recheck": 0, "Exact Heap Blocks": 1897, "Lossy Heap Blocks": 1897, "Plans": [{"Node Type": "Bitmap Index Scan", "Parent Relationship": "Outer", "Index Name": "idx_supplier_nation_key", "Startup Cost": 0.0, "Total Cost": 94.25, "Plan Rows": 4000, "Plan Width": 0, "Actual Startup Time": 0.986, "Actual Total Time": 0.986, "Actual Rows": 3934, "Actual Loops": 1, "Index Cond": "(s_nationkey = nation.n_nationkey)"}]}]}]}]}]}, "Triggers": [], "Planner Runtime": 2, "Total Runtime": 25682.348, "Unique SQL Id": 202076520}}, "(64, 65)": {"explain_plan": {"Plan": {"Node Type": "Sort", "Startup Cost": 2518804.13, "Total Cost": 2518809.13, "Plan Rows": 2000, "Plan Width": 51, "Sort Key": ["supplier.s_name"], "Plans": [{"Node Type": "Hash Join", "Parent Relationship": "Outer", "Join Type": "Right Semi", "Startup Cost": 2223844.76, "Total Cost": 2518694.47, "Plan Rows": 2000, "Plan Width": 51, "Inner Unique": false, "Hash Cond": "(lineitem.l_suppkey = supplier.s_suppkey)", "Plans": [{"Node Type": "Hash Join", "Parent Relationship": "Outer", "Join Type": "Inner", "Startup Cost": 2221250.03, "Total Cost": 2516079.74, "Plan Rows": 2, "Plan Width": 16, "Inner Unique": false, "Hash Cond": "((lineitem.l_partkey = partsupp.ps_partkey) AND (lineitem.l_suppkey = partsupp.ps_suppkey))", "Join Filter": "((partsupp.ps_availqty)::double precision > (.5::double precision * (sum(lineitem.l_quantity))))", "Plans": [{"Node Type": "Aggregate", "Strategy": "Hashed", "Parent Relationship": "Outer", "Startup Cost": 1956349.97, "Total Cost": 2069745.97, "Plan Rows": 9071680, "Plan Width": 40, "Group By Key": ["lineitem.l_partkey", "lineitem.l_suppkey"], "Plans": [{"Node Type": "Bitmap Heap Scan", "Parent Relationship": "Outer", "Relation Name": "lineitem", "Alias": "lineitem", "Startup Cost": 314312.97, "Total Cost": 1865633.17, "Plan Rows": 9071680, "Plan Width": 24, "Recheck Cond": "((l_shipdate >= '1993-01-01 00:00:00'::timestamp(0) without time zone) AND (l_shipdate < '1994-01-01 00:00:00'::timestamp without time zone)), (LLVM Optimized)", "Plans": [{"Node Type": "Bitmap Index Scan", "Parent Relationship": "Outer", "Index Name": "idx_lineitem_shipdate", "Startup Cost": 0.0, "Total Cost": 312045.05, "Plan Rows": 9071680, "Plan Width": 0, "Index Cond": "((l_shipdate >= '1993-01-01 00:00:00'::timestamp(0) without time zone) AND (l_shipdate < '1994-01-01 00:00:00'::timestamp without time zone))"}]}]}, {"Node Type": "Hash", "Parent Relationship": "Inner", "Startup Cost": 263931.78, "Total Cost": 263931.78, "Plan Rows": 64552, "Plan Width": 32, "Plans": [{"Node Type": "Nested Loop", "Parent Relationship": "Outer", "Join Type": "Inner", "Startup Cost": 0.0, "Total Cost": 263931.78, "Plan Rows": 64552, "Plan Width": 32, "Inner Unique": false, "Plans": [{"Node Type": "Index Scan", "Parent Relationship": "Outer", "Scan Direction": "Forward", "Index Name": "part_kpey", "Relation Name": "part", "Alias": "part", "Startup Cost": 0.0, "Total Cost": 105803.25, "Plan Rows": 22472, "Plan Width": 8, "Filter": "((p_name)::text ~~ 'green%'::text)"}, {"Node Type": "Index Scan", "Parent Relationship": "Inner", "Scan Direction": "Forward", "Index Name": "idx_partsupp_partkey", "Relation Name": "partsupp", "Alias": "partsupp", "Startup Cost": 0.0, "Total Cost": 7.01, "Plan Rows": 3, "Plan Width": 24, "Index Cond": "(ps_partkey = part.p_partkey)"}]}]}]}, {"Node Type": "Hash", "Parent Relationship": "Inner", "Startup Cost": 2544.73, "Total Cost": 2544.73, "Plan Rows": 4000, "Plan Width": 59, "Plans": [{"Node Type": "Nested Loop", "Parent Relationship": "Outer", "Join Type": "Inner", "Startup Cost": 95.25, "Total Cost": 2544.73, "Plan Rows": 4000, "Plan Width": 59, "Inner Unique": false, "Plans": [{"Node Type": "Index Scan", "Parent Relationship": "Outer", "Scan Direction": "Forward", "Index Name": "nation_pkey", "Relation Name": "nation", "Alias": "nation", "Startup Cost": 0.0, "Total Cost": 12.69, "Plan Rows": 1, "Plan Width": 4, "Filter": "(n_name = 'ALGERIA'::bpchar)"}, {"Node Type": "Bitmap Heap Scan", "Parent Relationship": "Inner", "Relation Name": "supplier", "Alias": "supplier", "Startup Cost": 95.25, "Total Cost": 2492.04, "Plan Rows": 4000, "Plan Width": 63, "Recheck Cond": "(s_nationkey = nation.n_nationkey)", "Plans": [{"Node Type": "Bitmap Index Scan", "Parent Relationship": "Outer", "Index Name": "idx_supplier_nation_key", "Startup Cost": 0.0, "Total Cost": 94.25, "Plan Rows": 4000, "Plan Width": 0, "Index Cond": "(s_nationkey = nation.n_nationkey)"}]}]}]}]}]}, "Unique SQL Id": 202076520, "Planner Runtime": 3}, "explain_analyze_plan": {"Plan": {"Node Type": "Sort", "Startup Cost": 2518804.13, "Total Cost": 2518809.13, "Plan Rows": 2000, "Plan Width": 51, "Actual Startup Time": 26161.176, "Actual Total Time": 26161.36, "Actual Rows": 1746, "Actual Loops": 1, "Sort Key": ["supplier.s_name"], "Sort Method": "quicksort", "Sort Space Used": 309, "Sort Space Type": "Memory", "Plans": [{"Node Type": "Hash Join", "Parent Relationship": "Outer", "Join Type": "Right Semi", "Startup Cost": 2223844.76, "Total Cost": 2518694.47, "Plan Rows": 2000, "Plan Width": 51, "Actual Startup Time": 21041.523, "Actual Total Time": 26151.288, "Actual Rows": 1746, "Actual Loops": 1, "Inner Unique": false, "Hash Cond": "(lineitem.l_suppkey = supplier.s_suppkey)", "Plans": [{"Node Type": "Hash Join", "Parent Relationship": "Outer", "Join Type": "Inner", "Startup Cost": 2221250.03, "Total Cost": 2516079.74, "Plan Rows": 2, "Plan Width": 16, "Actual Startup Time": 21022.943, "Actual Total Time": 26120.043, "Actual Rows": 58537, "Actual Loops": 1, "Inner Unique": false, "Hash Cond": "((lineitem.l_partkey = partsupp.ps_partkey) AND (lineitem.l_suppkey = partsupp.ps_suppkey))", "Join Filter": "((partsupp.ps_availqty)::double precision > (.5::double precision * (sum(lineitem.l_quantity))))", "Rows Removed by Join Filter": 136, "Plans": [{"Node Type": "Aggregate", "Strategy": "Hashed", "Parent Relationship": "Outer", "Startup Cost": 1956349.97, "Total Cost": 2069745.97, "Plan Rows": 9071680, "Plan Width": 40, "Actual Startup Time": 19317.429, "Actual Total Time": 22827.179, "Actual Rows": 5442751, "Actual Loops": 1, "Group By Key": ["lineitem.l_partkey", "lineitem.l_suppkey"], "Plans": [{"Node Type": "Bitmap Heap Scan", "Parent Relationship": "Outer", "Relation Name": "lineitem", "Alias": "lineitem", "Startup Cost": 314312.97, "Total Cost": 1865633.17, "Plan Rows": 9071680, "Plan Width": 24, "Actual Startup Time": 3934.987, "Actual Total Time": 11631.516, "Actual Rows": 9109641, "Actual Loops": 1, "Recheck Cond": "((l_shipdate >= '1993-01-01 00:00:00'::timestamp(0) without time zone) AND (l_shipdate < '1994-01-01 00:00:00'::timestamp without time zone)), (LLVM Optimized, Jit Execute)", "Rows Removed by Index Recheck": 0, "Exact Heap Blocks": 1252335, "Lossy Heap Blocks": 1252335, "Plans": [{"Node Type": "Bitmap Index Scan", "Parent Relationship": "Outer", "Index Name": "idx_lineitem_shipdate", "Startup Cost": 0.0, "Total Cost": 312045.05, "Plan Rows": 9071680, "Plan Width": 0, "Actual Startup Time": 3380.184, "Actual Total Time": 3380.184, "Actual Rows": 9109641, "Actual Loops": 1, "Index Cond": "((l_shipdate >= '1993-01-01 00:00:00'::timestamp(0) without time zone) AND (l_shipdate < '1994-01-01 00:00:00'::timestamp without time zone))"}]}]}, {"Node Type": "Hash", "Parent Relationship": "Inner", "Startup Cost": 263931.78, "Total Cost": 263931.78, "Plan Rows": 64552, "Plan Width": 32, "Actual Startup Time": 1704.881, "Actual Total Time": 1704.881, "Actual Rows": 86224, "Actual Loops": 1, "Hash Buckets": 65536, "Hash Batches": 1, "Original Hash Batches": 1, "Peak Memory Usage": 5389, "Plans": [{"Node Type": "Nested Loop", "Parent Relationship": "Outer", "Join Type": "Inner", "Startup Cost": 0.0, "Total Cost": 263931.78, "Plan Rows": 64552, "Plan Width": 32, "Actual Startup Time": 0.064, "Actual Total Time": 1667.709, "Actual Rows": 86224, "Actual Loops": 1, "Inner Unique": false, "Plans": [{"Node Type": "Index Scan", "Parent Relationship": "Outer", "Scan Direction": "Forward", "Index Name": "part_kpey", "Relation Name": "part", "Alias": "part", "Startup Cost": 0.0, "Total Cost": 105803.25, "Plan Rows": 22472, "Plan Width": 8, "Actual Startup Time": 0.051, "Actual Total Time": 1442.337, "Actual Rows": 21556, "Actual Loops": 1, "Filter": "((p_name)::text ~~ 'green%'::text)", "Rows Removed by Filter": 1978444}, {"Node Type": "Index Scan", "Parent Relationship": "Inner", "Scan Direction": "Forward", "Index Name": "idx_partsupp_partkey", "Relation Name": "partsupp", "Alias": "partsupp", "Startup Cost": 0.0, "Total Cost": 7.01, "Plan Rows": 3, "Plan Width": 24, "Actual Startup Time": 146.445, "Actual Total Time": 192.795, "Actual Rows": 86224, "Actual Loops": 21556, "Index Cond": "(ps_partkey = part.p_partkey)", "Rows Removed by Index Recheck": 0}]}]}]}, {"Node Type": "Hash", "Parent Relationship": "Inner", "Startup Cost": 2544.73, "Total Cost": 2544.73, "Plan Rows": 4000, "Plan Width": 59, "Actual Startup Time": 11.654, "Actual Total Time": 11.654, "Actual Rows": 3934, "Actual Loops": 1, "Hash Buckets": 32768, "Hash Batches": 1, "Original Hash Batches": 1, "Peak Memory Usage": 368, "Plans": [{"Node Type": "Nested Loop", "Parent Relationship": "Outer", "Join Type": "Inner", "Startup Cost": 95.25, "Total Cost": 2544.73, "Plan Rows": 4000, "Plan Width": 59, "Actual Startup Time": 1.074, "Actual Total Time": 10.102, "Actual Rows": 3934, "Actual Loops": 1, "Inner Unique": false, "Plans": [{"Node Type": "Index Scan", "Parent Relationship": "Outer", "Scan Direction": "Forward", "Index Name": "nation_pkey", "Relation Name": "nation", "Alias": "nation", "Startup Cost": 0.0, "Total Cost": 12.69, "Plan Rows": 1, "Plan Width": 4, "Actual Startup Time": 0.015, "Actual Total Time": 0.034, "Actual Rows": 1, "Actual Loops": 1, "Filter": "(n_name = 'ALGERIA'::bpchar)", "Rows Removed by Filter": 24}, {"Node Type": "Bitmap Heap Scan", "Parent Relationship": "Inner", "Relation Name": "supplier", "Alias": "supplier", "Startup Cost": 95.25, "Total Cost": 2492.04, "Plan Rows": 4000, "Plan Width": 63, "Actual Startup Time": 1.053, "Actual Total Time": 9.232, "Actual Rows": 3934, "Actual Loops": 1, "Recheck Cond": "(s_nationkey = nation.n_nationkey)", "Rows Removed by Index Recheck": 0, "Exact Heap Blocks": 1897, "Lossy Heap Blocks": 1897, "Plans": [{"Node Type": "Bitmap Index Scan", "Parent Relationship": "Outer", "Index Name": "idx_supplier_nation_key", "Startup Cost": 0.0, "Total Cost": 94.25, "Plan Rows": 4000, "Plan Width": 0, "Actual Startup Time": 0.767, "Actual Total Time": 0.767, "Actual Rows": 3934, "Actual Loops": 1, "Index Cond": "(s_nationkey = nation.n_nationkey)"}]}]}]}]}]}, "Triggers": [], "Planner Runtime": 2, "Total Runtime": 26172.979, "Unique SQL Id": 202076520}}, "(64, 66)": {"explain_plan": {"Plan": {"Node Type": "Sort", "Startup Cost": 2612723.68, "Total Cost": 2612728.68, "Plan Rows": 2000, "Plan Width": 51, "Sort Key": ["supplier.s_name"], "Plans": [{"Node Type": "Hash Join", "Parent Relationship": "Outer", "Join Type": "Right Semi", "Startup Cost": 2317764.31, "Total Cost": 2612614.02, "Plan Rows": 2000, "Plan Width": 51, "Inner Unique": false, "Hash Cond": "(lineitem.l_suppkey = supplier.s_suppkey)", "Plans": [{"Node Type": "Hash Join", "Parent Relationship": "Outer", "Join Type": "Inner", "Startup Cost": 2315180.96, "Total Cost": 2610010.67, "Plan Rows": 2, "Plan Width": 16, "Inner Unique": false, "Hash Cond": "((lineitem.l_partkey = partsupp.ps_partkey) AND (lineitem.l_suppkey = partsupp.ps_suppkey))", "Join Filter": "((partsupp.ps_availqty)::double precision > (.5::double precision * (sum(lineitem.l_quantity))))", "Plans": [{"Node Type": "Aggregate", "Strategy": "Hashed", "Parent Relationship": "Outer", "Startup Cost": 1956349.97, "Total Cost": 2069745.97, "Plan Rows": 9071680, "Plan Width": 40, "Group By Key": ["lineitem.l_partkey", "lineitem.l_suppkey"], "Plans": [{"Node Type": "Bitmap Heap Scan", "Parent Relationship": "Outer", "Relation Name": "lineitem", "Alias": "lineitem", "Startup Cost": 314312.97, "Total Cost": 1865633.17, "Plan Rows": 9071680, "Plan Width": 24, "Recheck Cond": "((l_shipdate >= '1993-01-01 00:00:00'::timestamp(0) without time zone) AND (l_shipdate < '1994-01-01 00:00:00'::timestamp without time zone)), (LLVM Optimized)", "Plans": [{"Node Type": "Bitmap Index Scan", "Parent Relationship": "Outer", "Index Name": "idx_lineitem_shipdate", "Startup Cost": 0.0, "Total Cost": 312045.05, "Plan Rows": 9071680, "Plan Width": 0, "Index Cond": "((l_shipdate >= '1993-01-01 00:00:00'::timestamp(0) without time zone) AND (l_shipdate < '1994-01-01 00:00:00'::timestamp without time zone))"}]}]}, {"Node Type": "Hash", "Parent Relationship": "Inner", "Startup Cost": 357862.71, "Total Cost": 357862.71, "Plan Rows": 64552, "Plan Width": 32, "Plans": [{"Node Type": "Hash Join", "Parent Relationship": "Outer", "Join Type": "Inner", "Startup Cost": 67224.9, "Total Cost": 357862.71, "Plan Rows": 64552, "Plan Width": 32, "Inner Unique": true, "Hash Cond": "(partsupp.ps_partkey = part.p_partkey)", "Plans": [{"Node Type": "Seq Scan", "Parent Relationship": "Outer", "Relation Name": "partsupp", "Alias": "partsupp", "Startup Cost": 0.0, "Total Cost": 269987.72, "Plan Rows": 8000372, "Plan Width": 24}, {"Node Type": "Hash", "Parent Relationship": "Inner", "Startup Cost": 66944.0, "Total Cost": 66944.0, "Plan Rows": 22472, "Plan Width": 8, "Plans": [{"Node Type": "Seq Scan", "Parent Relationship": "Outer", "Relation Name": "part", "Alias": "part", "Startup Cost": 0.0, "Total Cost": 66944.0, "Plan Rows": 22472, "Plan Width": 8, "Filter": "((p_name)::text ~~ 'green%'::text)"}]}]}]}]}, {"Node Type": "Hash", "Parent Relationship": "Inner", "Startup Cost": 2533.35, "Total Cost": 2533.35, "Plan Rows": 4000, "Plan Width": 59, "Plans": [{"Node Type": "Nested Loop", "Parent Relationship": "Outer", "Join Type": "Inner", "Startup Cost": 95.25, "Total Cost": 2533.35, "Plan Rows": 4000, "Plan Width": 59, "Inner Unique": false, "Plans": [{"Node Type": "Seq Scan", "Parent Relationship": "Outer", "Relation Name": "nation", "Alias": "nation", "Startup Cost": 0.0, "Total Cost": 1.31, "Plan Rows": 1, "Plan Width": 4, "Filter": "(n_name = 'ALGERIA'::bpchar)"}, {"Node Type": "Bitmap Heap Scan", "Parent Relationship": "Inner", "Relation Name": "supplier", "Alias": "supplier", "Startup Cost": 95.25, "Total Cost": 2492.04, "Plan Rows": 4000, "Plan Width": 63, "Recheck Cond": "(s_nationkey = nation.n_nationkey)", "Plans": [{"Node Type": "Bitmap Index Scan", "Parent Relationship": "Outer", "Index Name": "idx_supplier_nation_key", "Startup Cost": 0.0, "Total Cost": 94.25, "Plan Rows": 4000, "Plan Width": 0, "Index Cond": "(s_nationkey = nation.n_nationkey)"}]}]}]}]}]}, "Unique SQL Id": 202076520, "Planner Runtime": 3}, "explain_analyze_plan": {"Plan": {"Node Type": "Sort", "Startup Cost": 2612723.68, "Total Cost": 2612728.68, "Plan Rows": 2000, "Plan Width": 51, "Actual Startup Time": 30398.248, "Actual Total Time": 30398.396, "Actual Rows": 1746, "Actual Loops": 1, "Sort Key": ["supplier.s_name"], "Sort Method": "quicksort", "Sort Space Used": 309, "Sort Space Type": "Memory", "Plans": [{"Node Type": "Hash Join", "Parent Relationship": "Outer", "Join Type": "Right Semi", "Startup Cost": 2317764.31, "Total Cost": 2612614.02, "Plan Rows": 2000, "Plan Width": 51, "Actual Startup Time": 24808.711, "Actual Total Time": 30388.616, "Actual Rows": 1746, "Actual Loops": 1, "Inner Unique": false, "Hash Cond": "(lineitem.l_suppkey = supplier.s_suppkey)", "Plans": [{"Node Type": "Hash Join", "Parent Relationship": "Outer", "Join Type": "Inner", "Startup Cost": 2315180.96, "Total Cost": 2610010.67, "Plan Rows": 2, "Plan Width": 16, "Actual Startup Time": 24789.214, "Actual Total Time": 30356.903, "Actual Rows": 58537, "Actual Loops": 1, "Inner Unique": false, "Hash Cond": "((lineitem.l_partkey = partsupp.ps_partkey) AND (lineitem.l_suppkey = partsupp.ps_suppkey))", "Join Filter": "((partsupp.ps_availqty)::double precision > (.5::double precision * (sum(lineitem.l_quantity))))", "Rows Removed by Join Filter": 136, "Plans": [{"Node Type": "Aggregate", "Strategy": "Hashed", "Parent Relationship": "Outer", "Startup Cost": 1956349.97, "Total Cost": 2069745.97, "Plan Rows": 9071680, "Plan Width": 40, "Actual Startup Time": 19942.54, "Actual Total Time": 23957.898, "Actual Rows": 5442751, "Actual Loops": 1, "Group By Key": ["lineitem.l_partkey", "lineitem.l_suppkey"], "Plans": [{"Node Type": "Bitmap Heap Scan", "Parent Relationship": "Outer", "Relation Name": "lineitem", "Alias": "lineitem", "Startup Cost": 314312.97, "Total Cost": 1865633.17, "Plan Rows": 9071680, "Plan Width": 24, "Actual Startup Time": 4243.497, "Actual Total Time": 11941.504, "Actual Rows": 9109641, "Actual Loops": 1, "Recheck Cond": "((l_shipdate >= '1993-01-01 00:00:00'::timestamp(0) without time zone) AND (l_shipdate < '1994-01-01 00:00:00'::timestamp without time zone)), (LLVM Optimized, Jit Execute)", "Rows Removed by Index Recheck": 0, "Exact Heap Blocks": 1252335, "Lossy Heap Blocks": 1252335, "Plans": [{"Node Type": "Bitmap Index Scan", "Parent Relationship": "Outer", "Index Name": "idx_lineitem_shipdate", "Startup Cost": 0.0, "Total Cost": 312045.05, "Plan Rows": 9071680, "Plan Width": 0, "Actual Startup Time": 3615.342, "Actual Total Time": 3615.342, "Actual Rows": 9109641, "Actual Loops": 1, "Index Cond": "((l_shipdate >= '1993-01-01 00:00:00'::timestamp(0) without time zone) AND (l_shipdate < '1994-01-01 00:00:00'::timestamp without time zone))"}]}]}, {"Node Type": "Hash", "Parent Relationship": "Inner", "Startup Cost": 357862.71, "Total Cost": 357862.71, "Plan Rows": 64552, "Plan Width": 32, "Actual Startup Time": 4846.392, "Actual Total Time": 4846.392, "Actual Rows": 86224, "Actual Loops": 1, "Hash Buckets": 65536, "Hash Batches": 1, "Original Hash Batches": 1, "Peak Memory Usage": 5389, "Plans": [{"Node Type": "Hash Join", "Parent Relationship": "Outer", "Join Type": "Inner", "Startup Cost": 67224.9, "Total Cost": 357862.71, "Plan Rows": 64552, "Plan Width": 32, "Actual Startup Time": 818.835, "Actual Total Time": 4800.464, "Actual Rows": 86224, "Actual Loops": 1, "Inner Unique": true, "Hash Cond": "(partsupp.ps_partkey = part.p_partkey)", "Plans": [{"Node Type": "Seq Scan", "Parent Relationship": "Outer", "Relation Name": "partsupp", "Alias": "partsupp", "Startup Cost": 0.0, "Total Cost": 269987.72, "Plan Rows": 8000372, "Plan Width": 24, "Actual Startup Time": 0.015, "Actual Total Time": 2437.989, "Actual Rows": 8000000, "Actual Loops": 1}, {"Node Type": "Hash", "Parent Relationship": "Inner", "Startup Cost": 66944.0, "Total Cost": 66944.0, "Plan Rows": 22472, "Plan Width": 8, "Actual Startup Time": 818.655, "Actual Total Time": 818.655, "Actual Rows": 21556, "Actual Loops": 1, "Hash Buckets": 32768, "Hash Batches": 1, "Original Hash Batches": 1, "Peak Memory Usage": 843, "Plans": [{"Node Type": "Seq Scan", "Parent Relationship": "Outer", "Relation Name": "part", "Alias": "part", "Startup Cost": 0.0, "Total Cost": 66944.0, "Plan Rows": 22472, "Plan Width": 8, "Actual Startup Time": 0.036, "Actual Total Time": 809.264, "Actual Rows": 21556, "Actual Loops": 1, "Filter": "((p_name)::text ~~ 'green%'::text)", "Rows Removed by Filter": 1978444}]}]}]}]}, {"Node Type": "Hash", "Parent Relationship": "Inner", "Startup Cost": 2533.35, "Total Cost": 2533.35, "Plan Rows": 4000, "Plan Width": 59, "Actual Startup Time": 11.512, "Actual Total Time": 11.512, "Actual Rows": 3934, "Actual Loops": 1, "Hash Buckets": 32768, "Hash Batches": 1, "Original Hash Batches": 1, "Peak Memory Usage": 368, "Plans": [{"Node Type": "Nested Loop", "Parent Relationship": "Outer", "Join Type": "Inner", "Startup Cost": 95.25, "Total Cost": 2533.35, "Plan Rows": 4000, "Plan Width": 59, "Actual Startup Time": 1.073, "Actual Total Time": 10.095, "Actual Rows": 3934, "Actual Loops": 1, "Inner Unique": false, "Plans": [{"Node Type": "Seq Scan", "Parent Relationship": "Outer", "Relation Name": "nation", "Alias": "nation", "Startup Cost": 0.0, "Total Cost": 1.31, "Plan Rows": 1, "Plan Width": 4, "Actual Startup Time": 0.022, "Actual Total Time": 0.033, "Actual Rows": 1, "Actual Loops": 1, "Filter": "(n_name = 'ALGERIA'::bpchar)", "Rows Removed by Filter": 24}, {"Node Type": "Bitmap Heap Scan", "Parent Relationship": "Inner", "Relation Name": "supplier", "Alias": "supplier", "Startup Cost": 95.25, "Total Cost": 2492.04, "Plan Rows": 4000, "Plan Width": 63, "Actual Startup Time": 1.046, "Actual Total Time": 9.184, "Actual Rows": 3934, "Actual Loops": 1, "Recheck Cond": "(s_nationkey = nation.n_nationkey)", "Rows Removed by Index Recheck": 0, "Exact Heap Blocks": 1897, "Lossy Heap Blocks": 1897, "Plans": [{"Node Type": "Bitmap Index Scan", "Parent Relationship": "Outer", "Index Name": "idx_supplier_nation_key", "Startup Cost": 0.0, "Total Cost": 94.25, "Plan Rows": 4000, "Plan Width": 0, "Actual Startup Time": 0.744, "Actual Total Time": 0.744, "Actual Rows": 3934, "Actual Loops": 1, "Index Cond": "(s_nationkey = nation.n_nationkey)"}]}]}]}]}]}, "Triggers": [], "Planner Runtime": 2, "Total Runtime": 30409.547, "Unique SQL Id": 202076520}}, "(64, 67)": {"explain_plan": {"Plan": {"Node Type": "Sort", "Startup Cost": 41474309.17, "Total Cost": 41474314.17, "Plan Rows": 2000, "Plan Width": 51, "Sort Key": ["supplier.s_name"], "Plans": [{"Node Type": "Nested Loop", "Parent Relationship": "Outer", "Join Type": "Inner", "Startup Cost": 41260049.96, "Total Cost": 41474199.51, "Plan Rows": 2000, "Plan Width": 51, "Inner Unique": true, "Plans": [{"Node Type": "Nested Loop", "Parent Relationship": "Outer", "Join Type": "Inner", "Startup Cost": 41260049.7, "Total Cost": 41260058.01, "Plan Rows": 50000, "Plan Width": 55, "Inner Unique": true, "Plans": [{"Node Type": "Unique", "Parent Relationship": "Outer", "Startup Cost": 41260049.44, "Total Cost": 41260049.45, "Plan Rows": 2, "Plan Width": 16, "Plans": [{"Node Type": "Sort", "Parent Relationship": "Outer", "Startup Cost": 41260049.44, "Total Cost": 41260049.45, "Plan Rows": 2, "Plan Width": 16, "Sort Key": ["partsupp.ps_suppkey"], "Plans": [{"Node Type": "Nested Loop", "Parent Relationship": "Outer", "Join Type": "Semi", "Startup Cost": 1956350.51, "Total Cost": 41260049.43, "Plan Rows": 2, "Plan Width": 16, "Inner Unique": false, "Join Filter": "(partsupp.ps_partkey = part.p_partkey)", "Plans": [{"Node Type": "Nested Loop", "Parent Relationship": "Outer", "Join Type": "Inner", "Startup Cost": 1956350.25, "Total Cost": 41259981.09, "Plan Rows": 15, "Plan Width": 32, "Inner Unique": true, "Plans": [{"Node Type": "Aggregate", "Strategy": "Hashed", "Parent Relationship": "Outer", "Startup Cost": 1956349.97, "Total Cost": 2069745.97, "Plan Rows": 9071680, "Plan Width": 40, "Group By Key": ["lineitem.l_partkey", "lineitem.l_suppkey"], "Plans": [{"Node Type": "Bitmap Heap Scan", "Parent Relationship": "Outer", "Relation Name": "lineitem", "Alias": "lineitem", "Startup Cost": 314312.97, "Total Cost": 1865633.17, "Plan Rows": 9071680, "Plan Width": 24, "Recheck Cond": "((l_shipdate >= '1993-01-01 00:00:00'::timestamp(0) without time zone) AND (l_shipdate < '1994-01-01 00:00:00'::timestamp without time zone)), (LLVM Optimized)", "Plans": [{"Node Type": "Bitmap Index Scan", "Parent Relationship": "Outer", "Index Name": "idx_lineitem_shipdate", "Startup Cost": 0.0, "Total Cost": 312045.05, "Plan Rows": 9071680, "Plan Width": 0, "Index Cond": "((l_shipdate >= '1993-01-01 00:00:00'::timestamp(0) without time zone) AND (l_shipdate < '1994-01-01 00:00:00'::timestamp without time zone))"}]}]}, {"Node Type": "Bitmap Heap Scan", "Parent Relationship": "Inner", "Relation Name": "partsupp", "Alias": "partsupp", "Startup Cost": 0.28, "Total Cost": 4.3, "Plan Rows": 1, "Plan Width": 24, "Recheck Cond": "((ps_partkey = lineitem.l_partkey) AND (ps_suppkey = lineitem.l_suppkey))", "Filter": "((ps_availqty)::double precision > (.5::double precision * (sum(lineitem.l_quantity))))", "Plans": [{"Node Type": "Bitmap Index Scan", "Parent Relationship": "Outer", "Index Name": "partsupp_pkey", "Startup Cost": 0.0, "Total Cost": 0.28, "Plan Rows": 1, "Plan Width": 0, "Index Cond": "((ps_partkey = lineitem.l_partkey) AND (ps_suppkey = lineitem.l_suppkey))"}]}]}, {"Node Type": "Bitmap Heap Scan", "Parent Relationship": "Inner", "Relation Name": "part", "Alias": "part", "Startup Cost": 0.26, "Total Cost": 4.28, "Plan Rows": 1, "Plan Width": 8, "Recheck Cond": "(p_partkey = lineitem.l_partkey)", "Filter": "((p_name)::text ~~ 'green%'::text)", "Plans": [{"Node Type": "Bitmap Index Scan", "Parent Relationship": "Outer", "Index Name": "part_kpey", "Startup Cost": 0.0, "Total Cost": 0.26, "Plan Rows": 1, "Plan Width": 0, "Index Cond": "(p_partkey = lineitem.l_partkey)"}]}]}]}]}, {"Node Type": "Bitmap Heap Scan", "Parent Relationship": "Inner", "Relation Name": "supplier", "Alias": "supplier", "Startup Cost": 0.26, "Total Cost": 4.27, "Plan Rows": 1, "Plan Width": 63, "Recheck Cond": "(s_suppkey = lineitem.l_suppkey)", "Plans": [{"Node Type": "Bitmap Index Scan", "Parent Relationship": "Outer", "Index Name": "supplier_pkey", "Startup Cost": 0.0, "Total Cost": 0.26, "Plan Rows": 1, "Plan Width": 0, "Index Cond": "(s_suppkey = lineitem.l_suppkey)"}]}]}, {"Node Type": "Bitmap Heap Scan", "Parent Relationship": "Inner", "Relation Name": "nation", "Alias": "nation", "Startup Cost": 0.26, "Total Cost": 4.27, "Plan Rows": 1, "Plan Width": 4, "Recheck Cond": "(n_nationkey = supplier.s_nationkey)", "Filter": "(n_name = 'ALGERIA'::bpchar)", "Plans": [{"Node Type": "Bitmap Index Scan", "Parent Relationship": "Outer", "Index Name": "nation_pkey", "Startup Cost": 0.0, "Total Cost": 0.26, "Plan Rows": 1, "Plan Width": 0, "Index Cond": "(n_nationkey = supplier.s_nationkey)"}]}]}]}, "Unique SQL Id": 202076520, "Planner Runtime": 3}, "explain_analyze_plan": {"Plan": {"Node Type": "Sort", "Startup Cost": 41474309.17, "Total Cost": 41474314.17, "Plan Rows": 2000, "Plan Width": 51, "Actual Startup Time": 122895.801, "Actual Total Time": 122895.962, "Actual Rows": 1746, "Actual Loops": 1, "Sort Key": ["supplier.s_name"], "Sort Method": "quicksort", "Sort Space Used": 309, "Sort Space Type": "Memory", "Plans": [{"Node Type": "Nested Loop", "Parent Relationship": "Outer", "Join Type": "Inner", "Startup Cost": 41260049.96, "Total Cost": 41474199.51, "Plan Rows": 2000, "Plan Width": 51, "Actual Startup Time": 122484.703, "Actual Total Time": 122893.842, "Actual Rows": 1746, "Actual Loops": 1, "Inner Unique": true, "Plans": [{"Node Type": "Nested Loop", "Parent Relationship": "Outer", "Join Type": "Inner", "Startup Cost": 41260049.7, "Total Cost": 41260058.01, "Plan Rows": 50000, "Plan Width": 55, "Actual Startup Time": 122484.344, "Actual Total Time": 122721.997, "Actual Rows": 44487, "Actual Loops": 1, "Inner Unique": true, "Plans": [{"Node Type": "Unique", "Parent Relationship": "Outer", "Startup Cost": 41260049.44, "Total Cost": 41260049.45, "Plan Rows": 2, "Plan Width": 16, "Actual Startup Time": 122484.301, "Actual Total Time": 122514.18, "Actual Rows": 44487, "Actual Loops": 1, "Plans": [{"Node Type": "Sort", "Parent Relationship": "Outer", "Startup Cost": 41260049.44, "Total Cost": 41260049.45, "Plan Rows": 2, "Plan Width": 16, "Actual Startup Time": 122484.297, "Actual Total Time": 122495.718, "Actual Rows": 58537, "Actual Loops": 1, "Sort Key": ["partsupp.ps_suppkey"], "Sort Method": "quicksort", "Sort Space Used": 7024, "Sort Space Type": "Memory", "Plans": [{"Node Type": "Nested Loop", "Parent Relationship": "Outer", "Join Type": "Semi", "Startup Cost": 1956350.51, "Total Cost": 41260049.43, "Plan Rows": 2, "Plan Width": 16, "Actual Startup Time": 18667.862, "Actual Total Time": 122403.43, "Actual Rows": 58537, "Actual Loops": 1, "Inner Unique": false, "Join Filter": "(partsupp.ps_partkey = part.p_partkey)", "Rows Removed by Join Filter": 0, "Plans": [{"Node Type": "Nested Loop", "Parent Relationship": "Outer", "Join Type": "Inner", "Startup Cost": 1956350.25, "Total Cost": 41259981.09, "Plan Rows": 15, "Plan Width": 32, "Actual Startup Time": 18667.485, "Actual Total Time": 76318.413, "Actual Rows": 5431247, "Actual Loops": 1, "Inner Unique": true, "Plans": [{"Node Type": "Aggregate", "Strategy": "Hashed", "Parent Relationship": "Outer", "Startup Cost": 1956349.97, "Total Cost": 2069745.97, "Plan Rows": 9071680, "Plan Width": 40, "Actual Startup Time": 18667.332, "Actual Total Time": 23320.171, "Actual Rows": 5442751, "Actual Loops": 1, "Group By Key": ["lineitem.l_partkey", "lineitem.l_suppkey"], "Plans": [{"Node Type": "Bitmap Heap Scan", "Parent Relationship": "Outer", "Relation Name": "lineitem", "Alias": "lineitem", "Startup Cost": 314312.97, "Total Cost": 1865633.17, "Plan Rows": 9071680, "Plan Width": 24, "Actual Startup Time": 4229.766, "Actual Total Time": 11960.542, "Actual Rows": 9109641, "Actual Loops": 1, "Recheck Cond": "((l_shipdate >= '1993-01-01 00:00:00'::timestamp(0) without time zone) AND (l_shipdate < '1994-01-01 00:00:00'::timestamp without time zone)), (LLVM Optimized, Jit Execute)", "Rows Removed by Index Recheck": 0, "Exact Heap Blocks": 1252335, "Lossy Heap Blocks": 1252335, "Plans": [{"Node Type": "Bitmap Index Scan", "Parent Relationship": "Outer", "Index Name": "idx_lineitem_shipdate", "Startup Cost": 0.0, "Total Cost": 312045.05, "Plan Rows": 9071680, "Plan Width": 0, "Actual Startup Time": 3607.483, "Actual Total Time": 3607.483, "Actual Rows": 9109641, "Actual Loops": 1, "Index Cond": "((l_shipdate >= '1993-01-01 00:00:00'::timestamp(0) without time zone) AND (l_shipdate < '1994-01-01 00:00:00'::timestamp without time zone))"}]}]}, {"Node Type": "Bitmap Heap Scan", "Parent Relationship": "Inner", "Relation Name": "partsupp", "Alias": "partsupp", "Startup Cost": 0.28, "Total Cost": 4.3, "Plan Rows": 1, "Plan Width": 24, "Actual Startup Time": 45151.232, "Actual Total Time": 45151.232, "Actual Rows": 5431247, "Actual Loops": 5442751, "Recheck Cond": "((ps_partkey = lineitem.l_partkey) AND (ps_suppkey = lineitem.l_suppkey))", "Rows Removed by Index Recheck": 0, "Filter": "((ps_availqty)::double precision > (.5::double precision * (sum(lineitem.l_quantity))))", "Rows Removed by Filter": 11504, "Exact Heap Blocks": 5442751, "Lossy Heap Blocks": 5442751, "Plans": [{"Node Type": "Bitmap Index Scan", "Parent Relationship": "Outer", "Index Name": "partsupp_pkey", "Startup Cost": 0.0, "Total Cost": 0.28, "Plan Rows": 1, "Plan Width": 0, "Actual Startup Time": 27667.53, "Actual Total Time": 27667.53, "Actual Rows": 5442751, "Actual Loops": 5442751, "Index Cond": "((ps_partkey = lineitem.l_partkey) AND (ps_suppkey = lineitem.l_suppkey))"}]}]}, {"Node Type": "Bitmap Heap Scan", "Parent Relationship": "Inner", "Relation Name": "part", "Alias": "part", "Startup Cost": 0.26, "Total Cost": 4.28, "Plan Rows": 1, "Plan Width": 8, "Actual Startup Time": 39761.268, "Actual Total Time": 39761.268, "Actual Rows": 58537, "Actual Loops": 5431247, "Recheck Cond": "(p_partkey = lineitem.l_partkey)", "Rows Removed by Index Recheck": 0, "Filter": "((p_name)::text ~~ 'green%'::text)", "Rows Removed by Filter": 5372710, "Exact Heap Blocks": 5431247, "Lossy Heap Blocks": 5431247, "Plans": [{"Node Type": "Bitmap Index Scan", "Parent Relationship": "Outer", "Index Name": "part_kpey", "Startup Cost": 0.0, "Total Cost": 0.26, "Plan Rows": 1, "Plan Width": 0, "Actual Startup Time": 23528.84, "Actual Total Time": 23528.84, "Actual Rows": 5431247, "Actual Loops": 5431247, "Index Cond": "(p_partkey = lineitem.l_partkey)"}]}]}]}]}, {"Node Type": "Bitmap Heap Scan", "Parent Relationship": "Inner", "Relation Name": "supplier", "Alias": "supplier", "Startup Cost": 0.26, "Total Cost": 4.27, "Plan Rows": 1, "Plan Width": 63, "Actual Startup Time": 147.97, "Actual Total Time": 147.97, "Actual Rows": 44487, "Actual Loops": 44487, "Recheck Cond": "(s_suppkey = lineitem.l_suppkey)", "Rows Removed by Index Recheck": 0, "Exact Heap Blocks": 44487, "Lossy Heap Blocks": 44487, "Plans": [{"Node Type": "Bitmap Index Scan", "Parent Relationship": "Outer", "Index Name": "supplier_pkey", "Startup Cost": 0.0, "Total Cost": 0.26, "Plan Rows": 1, "Plan Width": 0, "Actual Startup Time": 82.176, "Actual Total Time": 82.176, "Actual Rows": 44487, "Actual Loops": 44487, "Index Cond": "(s_suppkey = lineitem.l_suppkey)"}]}]}, {"Node Type": "Bitmap Heap Scan", "Parent Relationship": "Inner", "Relation Name": "nation", "Alias": "nation", "Startup Cost": 0.26, "Total Cost": 4.27, "Plan Rows": 1, "Plan Width": 4, "Actual Startup Time": 121.742, "Actual Total Time": 121.742, "Actual Rows": 1746, "Actual Loops": 44487, "Recheck Cond": "(n_nationkey = supplier.s_nationkey)", "Rows Removed by Index Recheck": 0, "Filter": "(n_name = 'ALGERIA'::bpchar)", "Rows Removed by Filter": 42741, "Exact Heap Blocks": 44487, "Lossy Heap Blocks": 44487, "Plans": [{"Node Type": "Bitmap Index Scan", "Parent Relationship": "Outer", "Index Name": "nation_pkey", "Startup Cost": 0.0, "Total Cost": 0.26, "Plan Rows": 1, "Plan Width": 0, "Actual Startup Time": 45.415, "Actual Total Time": 45.415, "Actual Rows": 44487, "Actual Loops": 44487, "Index Cond": "(n_nationkey = supplier.s_nationkey)"}]}]}]}, "Triggers": [], "Planner Runtime": 2, "Total Runtime": 122906.738, "Unique SQL Id": 202076520}}, "(64, 68)": {"explain_plan": {"Plan": {"Node Type": "Sort", "Startup Cost": 2479933.5, "Total Cost": 2479938.5, "Plan Rows": 2000, "Plan Width": 51, "Sort Key": ["supplier.s_name"], "Plans": [{"Node Type": "Hash Join", "Parent Relationship": "Outer", "Join Type": "Right Semi", "Startup Cost": 2184974.13, "Total Cost": 2479823.85, "Plan Rows": 2000, "Plan Width": 51, "Inner Unique": false, "Hash Cond": "(lineitem.l_suppkey = supplier.s_suppkey)", "Plans": [{"Node Type": "Hash Join", "Parent Relationship": "Outer", "Join Type": "Inner", "Startup Cost": 2182390.78, "Total Cost": 2477220.49, "Plan Rows": 2, "Plan Width": 16, "Inner Unique": false, "Hash Cond": "((lineitem.l_partkey = partsupp.ps_partkey) AND (lineitem.l_suppkey = partsupp.ps_suppkey))", "Join Filter": "((partsupp.ps_availqty)::double precision > (.5::double precision * (sum(lineitem.l_quantity))))", "Plans": [{"Node Type": "Aggregate", "Strategy": "Hashed", "Parent Relationship": "Outer", "Startup Cost": 1956349.97, "Total Cost": 2069745.97, "Plan Rows": 9071680, "Plan Width": 40, "Group By Key": ["lineitem.l_partkey", "lineitem.l_suppkey"], "Plans": [{"Node Type": "Bitmap Heap Scan", "Parent Relationship": "Outer", "Relation Name": "lineitem", "Alias": "lineitem", "Startup Cost": 314312.97, "Total Cost": 1865633.17, "Plan Rows": 9071680, "Plan Width": 24, "Recheck Cond": "((l_shipdate >= '1993-01-01 00:00:00'::timestamp(0) without time zone) AND (l_shipdate < '1994-01-01 00:00:00'::timestamp without time zone)), (LLVM Optimized)", "Plans": [{"Node Type": "Bitmap Index Scan", "Parent Relationship": "Outer", "Index Name": "idx_lineitem_shipdate", "Startup Cost": 0.0, "Total Cost": 312045.05, "Plan Rows": 9071680, "Plan Width": 0, "Index Cond": "((l_shipdate >= '1993-01-01 00:00:00'::timestamp(0) without time zone) AND (l_shipdate < '1994-01-01 00:00:00'::timestamp without time zone))"}]}]}, {"Node Type": "Hash", "Parent Relationship": "Inner", "Startup Cost": 225072.53, "Total Cost": 225072.53, "Plan Rows": 64552, "Plan Width": 32, "Plans": [{"Node Type": "Nested Loop", "Parent Relationship": "Outer", "Join Type": "Inner", "Startup Cost": 0.0, "Total Cost": 225072.53, "Plan Rows": 64552, "Plan Width": 32, "Inner Unique": false, "Plans": [{"Node Type": "Seq Scan", "Parent Relationship": "Outer", "Relation Name": "part", "Alias": "part", "Startup Cost": 0.0, "Total Cost": 66944.0, "Plan Rows": 22472, "Plan Width": 8, "Filter": "((p_name)::text ~~ 'green%'::text)"}, {"Node Type": "Index Scan", "Parent Relationship": "Inner", "Scan Direction": "Forward", "Index Name": "idx_partsupp_partkey", "Relation Name": "partsupp", "Alias": "partsupp", "Startup Cost": 0.0, "Total Cost": 7.01, "Plan Rows": 3, "Plan Width": 24, "Index Cond": "(ps_partkey = part.p_partkey)"}]}]}]}, {"Node Type": "Hash", "Parent Relationship": "Inner", "Startup Cost": 2533.35, "Total Cost": 2533.35, "Plan Rows": 4000, "Plan Width": 59, "Plans": [{"Node Type": "Nested Loop", "Parent Relationship": "Outer", "Join Type": "Inner", "Startup Cost": 95.25, "Total Cost": 2533.35, "Plan Rows": 4000, "Plan Width": 59, "Inner Unique": false, "Plans": [{"Node Type": "Seq Scan", "Parent Relationship": "Outer", "Relation Name": "nation", "Alias": "nation", "Startup Cost": 0.0, "Total Cost": 1.31, "Plan Rows": 1, "Plan Width": 4, "Filter": "(n_name = 'ALGERIA'::bpchar)"}, {"Node Type": "Bitmap Heap Scan", "Parent Relationship": "Inner", "Relation Name": "supplier", "Alias": "supplier", "Startup Cost": 95.25, "Total Cost": 2492.04, "Plan Rows": 4000, "Plan Width": 63, "Recheck Cond": "(s_nationkey = nation.n_nationkey)", "Plans": [{"Node Type": "Bitmap Index Scan", "Parent Relationship": "Outer", "Index Name": "idx_supplier_nation_key", "Startup Cost": 0.0, "Total Cost": 94.25, "Plan Rows": 4000, "Plan Width": 0, "Index Cond": "(s_nationkey = nation.n_nationkey)"}]}]}]}]}]}, "Unique SQL Id": 202076520, "Planner Runtime": 3}, "explain_analyze_plan": {"Plan": {"Node Type": "Sort", "Startup Cost": 2479933.5, "Total Cost": 2479938.5, "Plan Rows": 2000, "Plan Width": 51, "Actual Startup Time": 25670.609, "Actual Total Time": 25670.777, "Actual Rows": 1746, "Actual Loops": 1, "Sort Key": ["supplier.s_name"], "Sort Method": "quicksort", "Sort Space Used": 309, "Sort Space Type": "Memory", "Plans": [{"Node Type": "Hash Join", "Parent Relationship": "Outer", "Join Type": "Right Semi", "Startup Cost": 2184974.13, "Total Cost": 2479823.85, "Plan Rows": 2000, "Plan Width": 51, "Actual Startup Time": 19874.966, "Actual Total Time": 25660.869, "Actual Rows": 1746, "Actual Loops": 1, "Inner Unique": false, "Hash Cond": "(lineitem.l_suppkey = supplier.s_suppkey)", "Plans": [{"Node Type": "Hash Join", "Parent Relationship": "Outer", "Join Type": "Inner", "Startup Cost": 2182390.78, "Total Cost": 2477220.49, "Plan Rows": 2, "Plan Width": 16, "Actual Startup Time": 19858.177, "Actual Total Time": 25630.099, "Actual Rows": 58537, "Actual Loops": 1, "Inner Unique": false, "Hash Cond": "((lineitem.l_partkey = partsupp.ps_partkey) AND (lineitem.l_suppkey = partsupp.ps_suppkey))", "Join Filter": "((partsupp.ps_availqty)::double precision > (.5::double precision * (sum(lineitem.l_quantity))))", "Rows Removed by Join Filter": 136, "Plans": [{"Node Type": "Aggregate", "Strategy": "Hashed", "Parent Relationship": "Outer", "Startup Cost": 1956349.97, "Total Cost": 2069745.97, "Plan Rows": 9071680, "Plan Width": 40, "Actual Startup Time": 18891.69, "Actual Total Time": 23080.121, "Actual Rows": 5442751, "Actual Loops": 1, "Group By Key": ["lineitem.l_partkey", "lineitem.l_suppkey"], "Plans": [{"Node Type": "Bitmap Heap Scan", "Parent Relationship": "Outer", "Relation Name": "lineitem", "Alias": "lineitem", "Startup Cost": 314312.97, "Total Cost": 1865633.17, "Plan Rows": 9071680, "Plan Width": 24, "Actual Startup Time": 4025.947, "Actual Total Time": 11800.709, "Actual Rows": 9109641, "Actual Loops": 1, "Recheck Cond": "((l_shipdate >= '1993-01-01 00:00:00'::timestamp(0) without time zone) AND (l_shipdate < '1994-01-01 00:00:00'::timestamp without time zone)), (LLVM Optimized, Jit Execute)", "Rows Removed by Index Recheck": 0, "Exact Heap Blocks": 1252335, "Lossy Heap Blocks": 1252335, "Plans": [{"Node Type": "Bitmap Index Scan", "Parent Relationship": "Outer", "Index Name": "idx_lineitem_shipdate", "Startup Cost": 0.0, "Total Cost": 312045.05, "Plan Rows": 9071680, "Plan Width": 0, "Actual Startup Time": 3378.209, "Actual Total Time": 3378.209, "Actual Rows": 9109641, "Actual Loops": 1, "Index Cond": "((l_shipdate >= '1993-01-01 00:00:00'::timestamp(0) without time zone) AND (l_shipdate < '1994-01-01 00:00:00'::timestamp without time zone))"}]}]}, {"Node Type": "Hash", "Parent Relationship": "Inner", "Startup Cost": 225072.53, "Total Cost": 225072.53, "Plan Rows": 64552, "Plan Width": 32, "Actual Startup Time": 966.267, "Actual Total Time": 966.267, "Actual Rows": 86224, "Actual Loops": 1, "Hash Buckets": 65536, "Hash Batches": 1, "Original Hash Batches": 1, "Peak Memory Usage": 5389, "Plans": [{"Node Type": "Nested Loop", "Parent Relationship": "Outer", "Join Type": "Inner", "Startup Cost": 0.0, "Total Cost": 225072.53, "Plan Rows": 64552, "Plan Width": 32, "Actual Startup Time": 0.082, "Actual Total Time": 933.817, "Actual Rows": 86224, "Actual Loops": 1, "Inner Unique": false, "Plans": [{"Node Type": "Seq Scan", "Parent Relationship": "Outer", "Relation Name": "part", "Alias": "part", "Startup Cost": 0.0, "Total Cost": 66944.0, "Plan Rows": 22472, "Plan Width": 8, "Actual Startup Time": 0.046, "Actual Total Time": 751.205, "Actual Rows": 21556, "Actual Loops": 1, "Filter": "((p_name)::text ~~ 'green%'::text)", "Rows Removed by Filter": 1978444}, {"Node Type": "Index Scan", "Parent Relationship": "Inner", "Scan Direction": "Forward", "Index Name": "idx_partsupp_partkey", "Relation Name": "partsupp", "Alias": "partsupp", "Startup Cost": 0.0, "Total Cost": 7.01, "Plan Rows": 3, "Plan Width": 24, "Actual Startup Time": 110.405, "Actual Total Time": 150.263, "Actual Rows": 86224, "Actual Loops": 21556, "Index Cond": "(ps_partkey = part.p_partkey)", "Rows Removed by Index Recheck": 0}]}]}]}, {"Node Type": "Hash", "Parent Relationship": "Inner", "Startup Cost": 2533.35, "Total Cost": 2533.35, "Plan Rows": 4000, "Plan Width": 59, "Actual Startup Time": 8.413, "Actual Total Time": 8.413, "Actual Rows": 3934, "Actual Loops": 1, "Hash Buckets": 32768, "Hash Batches": 1, "Original Hash Batches": 1, "Peak Memory Usage": 368, "Plans": [{"Node Type": "Nested Loop", "Parent Relationship": "Outer", "Join Type": "Inner", "Startup Cost": 95.25, "Total Cost": 2533.35, "Plan Rows": 4000, "Plan Width": 59, "Actual Startup Time": 1.333, "Actual Total Time": 7.002, "Actual Rows": 3934, "Actual Loops": 1, "Inner Unique": false, "Plans": [{"Node Type": "Seq Scan", "Parent Relationship": "Outer", "Relation Name": "nation", "Alias": "nation", "Startup Cost": 0.0, "Total Cost": 1.31, "Plan Rows": 1, "Plan Width": 4, "Actual Startup Time": 0.026, "Actual Total Time": 0.044, "Actual Rows": 1, "Actual Loops": 1, "Filter": "(n_name = 'ALGERIA'::bpchar)", "Rows Removed by Filter": 24}, {"Node Type": "Bitmap Heap Scan", "Parent Relationship": "Inner", "Relation Name": "supplier", "Alias": "supplier", "Startup Cost": 95.25, "Total Cost": 2492.04, "Plan Rows": 4000, "Plan Width": 63, "Actual Startup Time": 1.299, "Actual Total Time": 6.171, "Actual Rows": 3934, "Actual Loops": 1, "Recheck Cond": "(s_nationkey = nation.n_nationkey)", "Rows Removed by Index Recheck": 0, "Exact Heap Blocks": 1897, "Lossy Heap Blocks": 1897, "Plans": [{"Node Type": "Bitmap Index Scan", "Parent Relationship": "Outer", "Index Name": "idx_supplier_nation_key", "Startup Cost": 0.0, "Total Cost": 94.25, "Plan Rows": 4000, "Plan Width": 0, "Actual Startup Time": 0.986, "Actual Total Time": 0.986, "Actual Rows": 3934, "Actual Loops": 1, "Index Cond": "(s_nationkey = nation.n_nationkey)"}]}]}]}]}]}, "Triggers": [], "Planner Runtime": 2, "Total Runtime": 25682.348, "Unique SQL Id": 202076520}}, "(64, 69)": {"explain_plan": {"Plan": {"Node Type": "Sort", "Startup Cost": 2518804.13, "Total Cost": 2518809.13, "Plan Rows": 2000, "Plan Width": 51, "Sort Key": ["supplier.s_name"], "Plans": [{"Node Type": "Hash Join", "Parent Relationship": "Outer", "Join Type": "Right Semi", "Startup Cost": 2223844.76, "Total Cost": 2518694.47, "Plan Rows": 2000, "Plan Width": 51, "Inner Unique": false, "Hash Cond": "(lineitem.l_suppkey = supplier.s_suppkey)", "Plans": [{"Node Type": "Hash Join", "Parent Relationship": "Outer", "Join Type": "Inner", "Startup Cost": 2221250.03, "Total Cost": 2516079.74, "Plan Rows": 2, "Plan Width": 16, "Inner Unique": false, "Hash Cond": "((lineitem.l_partkey = partsupp.ps_partkey) AND (lineitem.l_suppkey = partsupp.ps_suppkey))", "Join Filter": "((partsupp.ps_availqty)::double precision > (.5::double precision * (sum(lineitem.l_quantity))))", "Plans": [{"Node Type": "Aggregate", "Strategy": "Hashed", "Parent Relationship": "Outer", "Startup Cost": 1956349.97, "Total Cost": 2069745.97, "Plan Rows": 9071680, "Plan Width": 40, "Group By Key": ["lineitem.l_partkey", "lineitem.l_suppkey"], "Plans": [{"Node Type": "Bitmap Heap Scan", "Parent Relationship": "Outer", "Relation Name": "lineitem", "Alias": "lineitem", "Startup Cost": 314312.97, "Total Cost": 1865633.17, "Plan Rows": 9071680, "Plan Width": 24, "Recheck Cond": "((l_shipdate >= '1993-01-01 00:00:00'::timestamp(0) without time zone) AND (l_shipdate < '1994-01-01 00:00:00'::timestamp without time zone)), (LLVM Optimized)", "Plans": [{"Node Type": "Bitmap Index Scan", "Parent Relationship": "Outer", "Index Name": "idx_lineitem_shipdate", "Startup Cost": 0.0, "Total Cost": 312045.05, "Plan Rows": 9071680, "Plan Width": 0, "Index Cond": "((l_shipdate >= '1993-01-01 00:00:00'::timestamp(0) without time zone) AND (l_shipdate < '1994-01-01 00:00:00'::timestamp without time zone))"}]}]}, {"Node Type": "Hash", "Parent Relationship": "Inner", "Startup Cost": 263931.78, "Total Cost": 263931.78, "Plan Rows": 64552, "Plan Width": 32, "Plans": [{"Node Type": "Nested Loop", "Parent Relationship": "Outer", "Join Type": "Inner", "Startup Cost": 0.0, "Total Cost": 263931.78, "Plan Rows": 64552, "Plan Width": 32, "Inner Unique": false, "Plans": [{"Node Type": "Index Scan", "Parent Relationship": "Outer", "Scan Direction": "Forward", "Index Name": "part_kpey", "Relation Name": "part", "Alias": "part", "Startup Cost": 0.0, "Total Cost": 105803.25, "Plan Rows": 22472, "Plan Width": 8, "Filter": "((p_name)::text ~~ 'green%'::text)"}, {"Node Type": "Index Scan", "Parent Relationship": "Inner", "Scan Direction": "Forward", "Index Name": "idx_partsupp_partkey", "Relation Name": "partsupp", "Alias": "partsupp", "Startup Cost": 0.0, "Total Cost": 7.01, "Plan Rows": 3, "Plan Width": 24, "Index Cond": "(ps_partkey = part.p_partkey)"}]}]}]}, {"Node Type": "Hash", "Parent Relationship": "Inner", "Startup Cost": 2544.73, "Total Cost": 2544.73, "Plan Rows": 4000, "Plan Width": 59, "Plans": [{"Node Type": "Nested Loop", "Parent Relationship": "Outer", "Join Type": "Inner", "Startup Cost": 95.25, "Total Cost": 2544.73, "Plan Rows": 4000, "Plan Width": 59, "Inner Unique": false, "Plans": [{"Node Type": "Index Scan", "Parent Relationship": "Outer", "Scan Direction": "Forward", "Index Name": "nation_pkey", "Relation Name": "nation", "Alias": "nation", "Startup Cost": 0.0, "Total Cost": 12.69, "Plan Rows": 1, "Plan Width": 4, "Filter": "(n_name = 'ALGERIA'::bpchar)"}, {"Node Type": "Bitmap Heap Scan", "Parent Relationship": "Inner", "Relation Name": "supplier", "Alias": "supplier", "Startup Cost": 95.25, "Total Cost": 2492.04, "Plan Rows": 4000, "Plan Width": 63, "Recheck Cond": "(s_nationkey = nation.n_nationkey)", "Plans": [{"Node Type": "Bitmap Index Scan", "Parent Relationship": "Outer", "Index Name": "idx_supplier_nation_key", "Startup Cost": 0.0, "Total Cost": 94.25, "Plan Rows": 4000, "Plan Width": 0, "Index Cond": "(s_nationkey = nation.n_nationkey)"}]}]}]}]}]}, "Unique SQL Id": 202076520, "Planner Runtime": 3}, "explain_analyze_plan": {"Plan": {"Node Type": "Sort", "Startup Cost": 2518804.13, "Total Cost": 2518809.13, "Plan Rows": 2000, "Plan Width": 51, "Actual Startup Time": 26161.176, "Actual Total Time": 26161.36, "Actual Rows": 1746, "Actual Loops": 1, "Sort Key": ["supplier.s_name"], "Sort Method": "quicksort", "Sort Space Used": 309, "Sort Space Type": "Memory", "Plans": [{"Node Type": "Hash Join", "Parent Relationship": "Outer", "Join Type": "Right Semi", "Startup Cost": 2223844.76, "Total Cost": 2518694.47, "Plan Rows": 2000, "Plan Width": 51, "Actual Startup Time": 21041.523, "Actual Total Time": 26151.288, "Actual Rows": 1746, "Actual Loops": 1, "Inner Unique": false, "Hash Cond": "(lineitem.l_suppkey = supplier.s_suppkey)", "Plans": [{"Node Type": "Hash Join", "Parent Relationship": "Outer", "Join Type": "Inner", "Startup Cost": 2221250.03, "Total Cost": 2516079.74, "Plan Rows": 2, "Plan Width": 16, "Actual Startup Time": 21022.943, "Actual Total Time": 26120.043, "Actual Rows": 58537, "Actual Loops": 1, "Inner Unique": false, "Hash Cond": "((lineitem.l_partkey = partsupp.ps_partkey) AND (lineitem.l_suppkey = partsupp.ps_suppkey))", "Join Filter": "((partsupp.ps_availqty)::double precision > (.5::double precision * (sum(lineitem.l_quantity))))", "Rows Removed by Join Filter": 136, "Plans": [{"Node Type": "Aggregate", "Strategy": "Hashed", "Parent Relationship": "Outer", "Startup Cost": 1956349.97, "Total Cost": 2069745.97, "Plan Rows": 9071680, "Plan Width": 40, "Actual Startup Time": 19317.429, "Actual Total Time": 22827.179, "Actual Rows": 5442751, "Actual Loops": 1, "Group By Key": ["lineitem.l_partkey", "lineitem.l_suppkey"], "Plans": [{"Node Type": "Bitmap Heap Scan", "Parent Relationship": "Outer", "Relation Name": "lineitem", "Alias": "lineitem", "Startup Cost": 314312.97, "Total Cost": 1865633.17, "Plan Rows": 9071680, "Plan Width": 24, "Actual Startup Time": 3934.987, "Actual Total Time": 11631.516, "Actual Rows": 9109641, "Actual Loops": 1, "Recheck Cond": "((l_shipdate >= '1993-01-01 00:00:00'::timestamp(0) without time zone) AND (l_shipdate < '1994-01-01 00:00:00'::timestamp without time zone)), (LLVM Optimized, Jit Execute)", "Rows Removed by Index Recheck": 0, "Exact Heap Blocks": 1252335, "Lossy Heap Blocks": 1252335, "Plans": [{"Node Type": "Bitmap Index Scan", "Parent Relationship": "Outer", "Index Name": "idx_lineitem_shipdate", "Startup Cost": 0.0, "Total Cost": 312045.05, "Plan Rows": 9071680, "Plan Width": 0, "Actual Startup Time": 3380.184, "Actual Total Time": 3380.184, "Actual Rows": 9109641, "Actual Loops": 1, "Index Cond": "((l_shipdate >= '1993-01-01 00:00:00'::timestamp(0) without time zone) AND (l_shipdate < '1994-01-01 00:00:00'::timestamp without time zone))"}]}]}, {"Node Type": "Hash", "Parent Relationship": "Inner", "Startup Cost": 263931.78, "Total Cost": 263931.78, "Plan Rows": 64552, "Plan Width": 32, "Actual Startup Time": 1704.881, "Actual Total Time": 1704.881, "Actual Rows": 86224, "Actual Loops": 1, "Hash Buckets": 65536, "Hash Batches": 1, "Original Hash Batches": 1, "Peak Memory Usage": 5389, "Plans": [{"Node Type": "Nested Loop", "Parent Relationship": "Outer", "Join Type": "Inner", "Startup Cost": 0.0, "Total Cost": 263931.78, "Plan Rows": 64552, "Plan Width": 32, "Actual Startup Time": 0.064, "Actual Total Time": 1667.709, "Actual Rows": 86224, "Actual Loops": 1, "Inner Unique": false, "Plans": [{"Node Type": "Index Scan", "Parent Relationship": "Outer", "Scan Direction": "Forward", "Index Name": "part_kpey", "Relation Name": "part", "Alias": "part", "Startup Cost": 0.0, "Total Cost": 105803.25, "Plan Rows": 22472, "Plan Width": 8, "Actual Startup Time": 0.051, "Actual Total Time": 1442.337, "Actual Rows": 21556, "Actual Loops": 1, "Filter": "((p_name)::text ~~ 'green%'::text)", "Rows Removed by Filter": 1978444}, {"Node Type": "Index Scan", "Parent Relationship": "Inner", "Scan Direction": "Forward", "Index Name": "idx_partsupp_partkey", "Relation Name": "partsupp", "Alias": "partsupp", "Startup Cost": 0.0, "Total Cost": 7.01, "Plan Rows": 3, "Plan Width": 24, "Actual Startup Time": 146.445, "Actual Total Time": 192.795, "Actual Rows": 86224, "Actual Loops": 21556, "Index Cond": "(ps_partkey = part.p_partkey)", "Rows Removed by Index Recheck": 0}]}]}]}, {"Node Type": "Hash", "Parent Relationship": "Inner", "Startup Cost": 2544.73, "Total Cost": 2544.73, "Plan Rows": 4000, "Plan Width": 59, "Actual Startup Time": 11.654, "Actual Total Time": 11.654, "Actual Rows": 3934, "Actual Loops": 1, "Hash Buckets": 32768, "Hash Batches": 1, "Original Hash Batches": 1, "Peak Memory Usage": 368, "Plans": [{"Node Type": "Nested Loop", "Parent Relationship": "Outer", "Join Type": "Inner", "Startup Cost": 95.25, "Total Cost": 2544.73, "Plan Rows": 4000, "Plan Width": 59, "Actual Startup Time": 1.074, "Actual Total Time": 10.102, "Actual Rows": 3934, "Actual Loops": 1, "Inner Unique": false, "Plans": [{"Node Type": "Index Scan", "Parent Relationship": "Outer", "Scan Direction": "Forward", "Index Name": "nation_pkey", "Relation Name": "nation", "Alias": "nation", "Startup Cost": 0.0, "Total Cost": 12.69, "Plan Rows": 1, "Plan Width": 4, "Actual Startup Time": 0.015, "Actual Total Time": 0.034, "Actual Rows": 1, "Actual Loops": 1, "Filter": "(n_name = 'ALGERIA'::bpchar)", "Rows Removed by Filter": 24}, {"Node Type": "Bitmap Heap Scan", "Parent Relationship": "Inner", "Relation Name": "supplier", "Alias": "supplier", "Startup Cost": 95.25, "Total Cost": 2492.04, "Plan Rows": 4000, "Plan Width": 63, "Actual Startup Time": 1.053, "Actual Total Time": 9.232, "Actual Rows": 3934, "Actual Loops": 1, "Recheck Cond": "(s_nationkey = nation.n_nationkey)", "Rows Removed by Index Recheck": 0, "Exact Heap Blocks": 1897, "Lossy Heap Blocks": 1897, "Plans": [{"Node Type": "Bitmap Index Scan", "Parent Relationship": "Outer", "Index Name": "idx_supplier_nation_key", "Startup Cost": 0.0, "Total Cost": 94.25, "Plan Rows": 4000, "Plan Width": 0, "Actual Startup Time": 0.767, "Actual Total Time": 0.767, "Actual Rows": 3934, "Actual Loops": 1, "Index Cond": "(s_nationkey = nation.n_nationkey)"}]}]}]}]}]}, "Triggers": [], "Planner Runtime": 2, "Total Runtime": 26172.979, "Unique SQL Id": 202076520}}, "(64, 70)": {"explain_plan": {"Plan": {"Node Type": "Sort", "Startup Cost": 2612723.68, "Total Cost": 2612728.68, "Plan Rows": 2000, "Plan Width": 51, "Sort Key": ["supplier.s_name"], "Plans": [{"Node Type": "Hash Join", "Parent Relationship": "Outer", "Join Type": "Right Semi", "Startup Cost": 2317764.31, "Total Cost": 2612614.02, "Plan Rows": 2000, "Plan Width": 51, "Inner Unique": false, "Hash Cond": "(lineitem.l_suppkey = supplier.s_suppkey)", "Plans": [{"Node Type": "Hash Join", "Parent Relationship": "Outer", "Join Type": "Inner", "Startup Cost": 2315180.96, "Total Cost": 2610010.67, "Plan Rows": 2, "Plan Width": 16, "Inner Unique": false, "Hash Cond": "((lineitem.l_partkey = partsupp.ps_partkey) AND (lineitem.l_suppkey = partsupp.ps_suppkey))", "Join Filter": "((partsupp.ps_availqty)::double precision > (.5::double precision * (sum(lineitem.l_quantity))))", "Plans": [{"Node Type": "Aggregate", "Strategy": "Hashed", "Parent Relationship": "Outer", "Startup Cost": 1956349.97, "Total Cost": 2069745.97, "Plan Rows": 9071680, "Plan Width": 40, "Group By Key": ["lineitem.l_partkey", "lineitem.l_suppkey"], "Plans": [{"Node Type": "Bitmap Heap Scan", "Parent Relationship": "Outer", "Relation Name": "lineitem", "Alias": "lineitem", "Startup Cost": 314312.97, "Total Cost": 1865633.17, "Plan Rows": 9071680, "Plan Width": 24, "Recheck Cond": "((l_shipdate >= '1993-01-01 00:00:00'::timestamp(0) without time zone) AND (l_shipdate < '1994-01-01 00:00:00'::timestamp without time zone)), (LLVM Optimized)", "Plans": [{"Node Type": "Bitmap Index Scan", "Parent Relationship": "Outer", "Index Name": "idx_lineitem_shipdate", "Startup Cost": 0.0, "Total Cost": 312045.05, "Plan Rows": 9071680, "Plan Width": 0, "Index Cond": "((l_shipdate >= '1993-01-01 00:00:00'::timestamp(0) without time zone) AND (l_shipdate < '1994-01-01 00:00:00'::timestamp without time zone))"}]}]}, {"Node Type": "Hash", "Parent Relationship": "Inner", "Startup Cost": 357862.71, "Total Cost": 357862.71, "Plan Rows": 64552, "Plan Width": 32, "Plans": [{"Node Type": "Hash Join", "Parent Relationship": "Outer", "Join Type": "Inner", "Startup Cost": 67224.9, "Total Cost": 357862.71, "Plan Rows": 64552, "Plan Width": 32, "Inner Unique": true, "Hash Cond": "(partsupp.ps_partkey = part.p_partkey)", "Plans": [{"Node Type": "Seq Scan", "Parent Relationship": "Outer", "Relation Name": "partsupp", "Alias": "partsupp", "Startup Cost": 0.0, "Total Cost": 269987.72, "Plan Rows": 8000372, "Plan Width": 24}, {"Node Type": "Hash", "Parent Relationship": "Inner", "Startup Cost": 66944.0, "Total Cost": 66944.0, "Plan Rows": 22472, "Plan Width": 8, "Plans": [{"Node Type": "Seq Scan", "Parent Relationship": "Outer", "Relation Name": "part", "Alias": "part", "Startup Cost": 0.0, "Total Cost": 66944.0, "Plan Rows": 22472, "Plan Width": 8, "Filter": "((p_name)::text ~~ 'green%'::text)"}]}]}]}]}, {"Node Type": "Hash", "Parent Relationship": "Inner", "Startup Cost": 2533.35, "Total Cost": 2533.35, "Plan Rows": 4000, "Plan Width": 59, "Plans": [{"Node Type": "Nested Loop", "Parent Relationship": "Outer", "Join Type": "Inner", "Startup Cost": 95.25, "Total Cost": 2533.35, "Plan Rows": 4000, "Plan Width": 59, "Inner Unique": false, "Plans": [{"Node Type": "Seq Scan", "Parent Relationship": "Outer", "Relation Name": "nation", "Alias": "nation", "Startup Cost": 0.0, "Total Cost": 1.31, "Plan Rows": 1, "Plan Width": 4, "Filter": "(n_name = 'ALGERIA'::bpchar)"}, {"Node Type": "Bitmap Heap Scan", "Parent Relationship": "Inner", "Relation Name": "supplier", "Alias": "supplier", "Startup Cost": 95.25, "Total Cost": 2492.04, "Plan Rows": 4000, "Plan Width": 63, "Recheck Cond": "(s_nationkey = nation.n_nationkey)", "Plans": [{"Node Type": "Bitmap Index Scan", "Parent Relationship": "Outer", "Index Name": "idx_supplier_nation_key", "Startup Cost": 0.0, "Total Cost": 94.25, "Plan Rows": 4000, "Plan Width": 0, "Index Cond": "(s_nationkey = nation.n_nationkey)"}]}]}]}]}]}, "Unique SQL Id": 202076520, "Planner Runtime": 3}, "explain_analyze_plan": {"Plan": {"Node Type": "Sort", "Startup Cost": 2612723.68, "Total Cost": 2612728.68, "Plan Rows": 2000, "Plan Width": 51, "Actual Startup Time": 30398.248, "Actual Total Time": 30398.396, "Actual Rows": 1746, "Actual Loops": 1, "Sort Key": ["supplier.s_name"], "Sort Method": "quicksort", "Sort Space Used": 309, "Sort Space Type": "Memory", "Plans": [{"Node Type": "Hash Join", "Parent Relationship": "Outer", "Join Type": "Right Semi", "Startup Cost": 2317764.31, "Total Cost": 2612614.02, "Plan Rows": 2000, "Plan Width": 51, "Actual Startup Time": 24808.711, "Actual Total Time": 30388.616, "Actual Rows": 1746, "Actual Loops": 1, "Inner Unique": false, "Hash Cond": "(lineitem.l_suppkey = supplier.s_suppkey)", "Plans": [{"Node Type": "Hash Join", "Parent Relationship": "Outer", "Join Type": "Inner", "Startup Cost": 2315180.96, "Total Cost": 2610010.67, "Plan Rows": 2, "Plan Width": 16, "Actual Startup Time": 24789.214, "Actual Total Time": 30356.903, "Actual Rows": 58537, "Actual Loops": 1, "Inner Unique": false, "Hash Cond": "((lineitem.l_partkey = partsupp.ps_partkey) AND (lineitem.l_suppkey = partsupp.ps_suppkey))", "Join Filter": "((partsupp.ps_availqty)::double precision > (.5::double precision * (sum(lineitem.l_quantity))))", "Rows Removed by Join Filter": 136, "Plans": [{"Node Type": "Aggregate", "Strategy": "Hashed", "Parent Relationship": "Outer", "Startup Cost": 1956349.97, "Total Cost": 2069745.97, "Plan Rows": 9071680, "Plan Width": 40, "Actual Startup Time": 19942.54, "Actual Total Time": 23957.898, "Actual Rows": 5442751, "Actual Loops": 1, "Group By Key": ["lineitem.l_partkey", "lineitem.l_suppkey"], "Plans": [{"Node Type": "Bitmap Heap Scan", "Parent Relationship": "Outer", "Relation Name": "lineitem", "Alias": "lineitem", "Startup Cost": 314312.97, "Total Cost": 1865633.17, "Plan Rows": 9071680, "Plan Width": 24, "Actual Startup Time": 4243.497, "Actual Total Time": 11941.504, "Actual Rows": 9109641, "Actual Loops": 1, "Recheck Cond": "((l_shipdate >= '1993-01-01 00:00:00'::timestamp(0) without time zone) AND (l_shipdate < '1994-01-01 00:00:00'::timestamp without time zone)), (LLVM Optimized, Jit Execute)", "Rows Removed by Index Recheck": 0, "Exact Heap Blocks": 1252335, "Lossy Heap Blocks": 1252335, "Plans": [{"Node Type": "Bitmap Index Scan", "Parent Relationship": "Outer", "Index Name": "idx_lineitem_shipdate", "Startup Cost": 0.0, "Total Cost": 312045.05, "Plan Rows": 9071680, "Plan Width": 0, "Actual Startup Time": 3615.342, "Actual Total Time": 3615.342, "Actual Rows": 9109641, "Actual Loops": 1, "Index Cond": "((l_shipdate >= '1993-01-01 00:00:00'::timestamp(0) without time zone) AND (l_shipdate < '1994-01-01 00:00:00'::timestamp without time zone))"}]}]}, {"Node Type": "Hash", "Parent Relationship": "Inner", "Startup Cost": 357862.71, "Total Cost": 357862.71, "Plan Rows": 64552, "Plan Width": 32, "Actual Startup Time": 4846.392, "Actual Total Time": 4846.392, "Actual Rows": 86224, "Actual Loops": 1, "Hash Buckets": 65536, "Hash Batches": 1, "Original Hash Batches": 1, "Peak Memory Usage": 5389, "Plans": [{"Node Type": "Hash Join", "Parent Relationship": "Outer", "Join Type": "Inner", "Startup Cost": 67224.9, "Total Cost": 357862.71, "Plan Rows": 64552, "Plan Width": 32, "Actual Startup Time": 818.835, "Actual Total Time": 4800.464, "Actual Rows": 86224, "Actual Loops": 1, "Inner Unique": true, "Hash Cond": "(partsupp.ps_partkey = part.p_partkey)", "Plans": [{"Node Type": "Seq Scan", "Parent Relationship": "Outer", "Relation Name": "partsupp", "Alias": "partsupp", "Startup Cost": 0.0, "Total Cost": 269987.72, "Plan Rows": 8000372, "Plan Width": 24, "Actual Startup Time": 0.015, "Actual Total Time": 2437.989, "Actual Rows": 8000000, "Actual Loops": 1}, {"Node Type": "Hash", "Parent Relationship": "Inner", "Startup Cost": 66944.0, "Total Cost": 66944.0, "Plan Rows": 22472, "Plan Width": 8, "Actual Startup Time": 818.655, "Actual Total Time": 818.655, "Actual Rows": 21556, "Actual Loops": 1, "Hash Buckets": 32768, "Hash Batches": 1, "Original Hash Batches": 1, "Peak Memory Usage": 843, "Plans": [{"Node Type": "Seq Scan", "Parent Relationship": "Outer", "Relation Name": "part", "Alias": "part", "Startup Cost": 0.0, "Total Cost": 66944.0, "Plan Rows": 22472, "Plan Width": 8, "Actual Startup Time": 0.036, "Actual Total Time": 809.264, "Actual Rows": 21556, "Actual Loops": 1, "Filter": "((p_name)::text ~~ 'green%'::text)", "Rows Removed by Filter": 1978444}]}]}]}]}, {"Node Type": "Hash", "Parent Relationship": "Inner", "Startup Cost": 2533.35, "Total Cost": 2533.35, "Plan Rows": 4000, "Plan Width": 59, "Actual Startup Time": 11.512, "Actual Total Time": 11.512, "Actual Rows": 3934, "Actual Loops": 1, "Hash Buckets": 32768, "Hash Batches": 1, "Original Hash Batches": 1, "Peak Memory Usage": 368, "Plans": [{"Node Type": "Nested Loop", "Parent Relationship": "Outer", "Join Type": "Inner", "Startup Cost": 95.25, "Total Cost": 2533.35, "Plan Rows": 4000, "Plan Width": 59, "Actual Startup Time": 1.073, "Actual Total Time": 10.095, "Actual Rows": 3934, "Actual Loops": 1, "Inner Unique": false, "Plans": [{"Node Type": "Seq Scan", "Parent Relationship": "Outer", "Relation Name": "nation", "Alias": "nation", "Startup Cost": 0.0, "Total Cost": 1.31, "Plan Rows": 1, "Plan Width": 4, "Actual Startup Time": 0.022, "Actual Total Time": 0.033, "Actual Rows": 1, "Actual Loops": 1, "Filter": "(n_name = 'ALGERIA'::bpchar)", "Rows Removed by Filter": 24}, {"Node Type": "Bitmap Heap Scan", "Parent Relationship": "Inner", "Relation Name": "supplier", "Alias": "supplier", "Startup Cost": 95.25, "Total Cost": 2492.04, "Plan Rows": 4000, "Plan Width": 63, "Actual Startup Time": 1.046, "Actual Total Time": 9.184, "Actual Rows": 3934, "Actual Loops": 1, "Recheck Cond": "(s_nationkey = nation.n_nationkey)", "Rows Removed by Index Recheck": 0, "Exact Heap Blocks": 1897, "Lossy Heap Blocks": 1897, "Plans": [{"Node Type": "Bitmap Index Scan", "Parent Relationship": "Outer", "Index Name": "idx_supplier_nation_key", "Startup Cost": 0.0, "Total Cost": 94.25, "Plan Rows": 4000, "Plan Width": 0, "Actual Startup Time": 0.744, "Actual Total Time": 0.744, "Actual Rows": 3934, "Actual Loops": 1, "Index Cond": "(s_nationkey = nation.n_nationkey)"}]}]}]}]}]}, "Triggers": [], "Planner Runtime": 2, "Total Runtime": 30409.547, "Unique SQL Id": 202076520}}, "(64, 71)": {"explain_plan": {"Plan": {"Node Type": "Sort", "Startup Cost": 41474309.17, "Total Cost": 41474314.17, "Plan Rows": 2000, "Plan Width": 51, "Sort Key": ["supplier.s_name"], "Plans": [{"Node Type": "Nested Loop", "Parent Relationship": "Outer", "Join Type": "Inner", "Startup Cost": 41260049.96, "Total Cost": 41474199.51, "Plan Rows": 2000, "Plan Width": 51, "Inner Unique": true, "Plans": [{"Node Type": "Nested Loop", "Parent Relationship": "Outer", "Join Type": "Inner", "Startup Cost": 41260049.7, "Total Cost": 41260058.01, "Plan Rows": 50000, "Plan Width": 55, "Inner Unique": true, "Plans": [{"Node Type": "Unique", "Parent Relationship": "Outer", "Startup Cost": 41260049.44, "Total Cost": 41260049.45, "Plan Rows": 2, "Plan Width": 16, "Plans": [{"Node Type": "Sort", "Parent Relationship": "Outer", "Startup Cost": 41260049.44, "Total Cost": 41260049.45, "Plan Rows": 2, "Plan Width": 16, "Sort Key": ["partsupp.ps_suppkey"], "Plans": [{"Node Type": "Nested Loop", "Parent Relationship": "Outer", "Join Type": "Semi", "Startup Cost": 1956350.51, "Total Cost": 41260049.43, "Plan Rows": 2, "Plan Width": 16, "Inner Unique": false, "Join Filter": "(partsupp.ps_partkey = part.p_partkey)", "Plans": [{"Node Type": "Nested Loop", "Parent Relationship": "Outer", "Join Type": "Inner", "Startup Cost": 1956350.25, "Total Cost": 41259981.09, "Plan Rows": 15, "Plan Width": 32, "Inner Unique": true, "Plans": [{"Node Type": "Aggregate", "Strategy": "Hashed", "Parent Relationship": "Outer", "Startup Cost": 1956349.97, "Total Cost": 2069745.97, "Plan Rows": 9071680, "Plan Width": 40, "Group By Key": ["lineitem.l_partkey", "lineitem.l_suppkey"], "Plans": [{"Node Type": "Bitmap Heap Scan", "Parent Relationship": "Outer", "Relation Name": "lineitem", "Alias": "lineitem", "Startup Cost": 314312.97, "Total Cost": 1865633.17, "Plan Rows": 9071680, "Plan Width": 24, "Recheck Cond": "((l_shipdate >= '1993-01-01 00:00:00'::timestamp(0) without time zone) AND (l_shipdate < '1994-01-01 00:00:00'::timestamp without time zone)), (LLVM Optimized)", "Plans": [{"Node Type": "Bitmap Index Scan", "Parent Relationship": "Outer", "Index Name": "idx_lineitem_shipdate", "Startup Cost": 0.0, "Total Cost": 312045.05, "Plan Rows": 9071680, "Plan Width": 0, "Index Cond": "((l_shipdate >= '1993-01-01 00:00:00'::timestamp(0) without time zone) AND (l_shipdate < '1994-01-01 00:00:00'::timestamp without time zone))"}]}]}, {"Node Type": "Bitmap Heap Scan", "Parent Relationship": "Inner", "Relation Name": "partsupp", "Alias": "partsupp", "Startup Cost": 0.28, "Total Cost": 4.3, "Plan Rows": 1, "Plan Width": 24, "Recheck Cond": "((ps_partkey = lineitem.l_partkey) AND (ps_suppkey = lineitem.l_suppkey))", "Filter": "((ps_availqty)::double precision > (.5::double precision * (sum(lineitem.l_quantity))))", "Plans": [{"Node Type": "Bitmap Index Scan", "Parent Relationship": "Outer", "Index Name": "partsupp_pkey", "Startup Cost": 0.0, "Total Cost": 0.28, "Plan Rows": 1, "Plan Width": 0, "Index Cond": "((ps_partkey = lineitem.l_partkey) AND (ps_suppkey = lineitem.l_suppkey))"}]}]}, {"Node Type": "Bitmap Heap Scan", "Parent Relationship": "Inner", "Relation Name": "part", "Alias": "part", "Startup Cost": 0.26, "Total Cost": 4.28, "Plan Rows": 1, "Plan Width": 8, "Recheck Cond": "(p_partkey = lineitem.l_partkey)", "Filter": "((p_name)::text ~~ 'green%'::text)", "Plans": [{"Node Type": "Bitmap Index Scan", "Parent Relationship": "Outer", "Index Name": "part_kpey", "Startup Cost": 0.0, "Total Cost": 0.26, "Plan Rows": 1, "Plan Width": 0, "Index Cond": "(p_partkey = lineitem.l_partkey)"}]}]}]}]}, {"Node Type": "Bitmap Heap Scan", "Parent Relationship": "Inner", "Relation Name": "supplier", "Alias": "supplier", "Startup Cost": 0.26, "Total Cost": 4.27, "Plan Rows": 1, "Plan Width": 63, "Recheck Cond": "(s_suppkey = lineitem.l_suppkey)", "Plans": [{"Node Type": "Bitmap Index Scan", "Parent Relationship": "Outer", "Index Name": "supplier_pkey", "Startup Cost": 0.0, "Total Cost": 0.26, "Plan Rows": 1, "Plan Width": 0, "Index Cond": "(s_suppkey = lineitem.l_suppkey)"}]}]}, {"Node Type": "Bitmap Heap Scan", "Parent Relationship": "Inner", "Relation Name": "nation", "Alias": "nation", "Startup Cost": 0.26, "Total Cost": 4.27, "Plan Rows": 1, "Plan Width": 4, "Recheck Cond": "(n_nationkey = supplier.s_nationkey)", "Filter": "(n_name = 'ALGERIA'::bpchar)", "Plans": [{"Node Type": "Bitmap Index Scan", "Parent Relationship": "Outer", "Index Name": "nation_pkey", "Startup Cost": 0.0, "Total Cost": 0.26, "Plan Rows": 1, "Plan Width": 0, "Index Cond": "(n_nationkey = supplier.s_nationkey)"}]}]}]}, "Unique SQL Id": 202076520, "Planner Runtime": 2}, "explain_analyze_plan": {"Plan": {"Node Type": "Sort", "Startup Cost": 41474309.17, "Total Cost": 41474314.17, "Plan Rows": 2000, "Plan Width": 51, "Actual Startup Time": 122895.801, "Actual Total Time": 122895.962, "Actual Rows": 1746, "Actual Loops": 1, "Sort Key": ["supplier.s_name"], "Sort Method": "quicksort", "Sort Space Used": 309, "Sort Space Type": "Memory", "Plans": [{"Node Type": "Nested Loop", "Parent Relationship": "Outer", "Join Type": "Inner", "Startup Cost": 41260049.96, "Total Cost": 41474199.51, "Plan Rows": 2000, "Plan Width": 51, "Actual Startup Time": 122484.703, "Actual Total Time": 122893.842, "Actual Rows": 1746, "Actual Loops": 1, "Inner Unique": true, "Plans": [{"Node Type": "Nested Loop", "Parent Relationship": "Outer", "Join Type": "Inner", "Startup Cost": 41260049.7, "Total Cost": 41260058.01, "Plan Rows": 50000, "Plan Width": 55, "Actual Startup Time": 122484.344, "Actual Total Time": 122721.997, "Actual Rows": 44487, "Actual Loops": 1, "Inner Unique": true, "Plans": [{"Node Type": "Unique", "Parent Relationship": "Outer", "Startup Cost": 41260049.44, "Total Cost": 41260049.45, "Plan Rows": 2, "Plan Width": 16, "Actual Startup Time": 122484.301, "Actual Total Time": 122514.18, "Actual Rows": 44487, "Actual Loops": 1, "Plans": [{"Node Type": "Sort", "Parent Relationship": "Outer", "Startup Cost": 41260049.44, "Total Cost": 41260049.45, "Plan Rows": 2, "Plan Width": 16, "Actual Startup Time": 122484.297, "Actual Total Time": 122495.718, "Actual Rows": 58537, "Actual Loops": 1, "Sort Key": ["partsupp.ps_suppkey"], "Sort Method": "quicksort", "Sort Space Used": 7024, "Sort Space Type": "Memory", "Plans": [{"Node Type": "Nested Loop", "Parent Relationship": "Outer", "Join Type": "Semi", "Startup Cost": 1956350.51, "Total Cost": 41260049.43, "Plan Rows": 2, "Plan Width": 16, "Actual Startup Time": 18667.862, "Actual Total Time": 122403.43, "Actual Rows": 58537, "Actual Loops": 1, "Inner Unique": false, "Join Filter": "(partsupp.ps_partkey = part.p_partkey)", "Rows Removed by Join Filter": 0, "Plans": [{"Node Type": "Nested Loop", "Parent Relationship": "Outer", "Join Type": "Inner", "Startup Cost": 1956350.25, "Total Cost": 41259981.09, "Plan Rows": 15, "Plan Width": 32, "Actual Startup Time": 18667.485, "Actual Total Time": 76318.413, "Actual Rows": 5431247, "Actual Loops": 1, "Inner Unique": true, "Plans": [{"Node Type": "Aggregate", "Strategy": "Hashed", "Parent Relationship": "Outer", "Startup Cost": 1956349.97, "Total Cost": 2069745.97, "Plan Rows": 9071680, "Plan Width": 40, "Actual Startup Time": 18667.332, "Actual Total Time": 23320.171, "Actual Rows": 5442751, "Actual Loops": 1, "Group By Key": ["lineitem.l_partkey", "lineitem.l_suppkey"], "Plans": [{"Node Type": "Bitmap Heap Scan", "Parent Relationship": "Outer", "Relation Name": "lineitem", "Alias": "lineitem", "Startup Cost": 314312.97, "Total Cost": 1865633.17, "Plan Rows": 9071680, "Plan Width": 24, "Actual Startup Time": 4229.766, "Actual Total Time": 11960.542, "Actual Rows": 9109641, "Actual Loops": 1, "Recheck Cond": "((l_shipdate >= '1993-01-01 00:00:00'::timestamp(0) without time zone) AND (l_shipdate < '1994-01-01 00:00:00'::timestamp without time zone)), (LLVM Optimized, Jit Execute)", "Rows Removed by Index Recheck": 0, "Exact Heap Blocks": 1252335, "Lossy Heap Blocks": 1252335, "Plans": [{"Node Type": "Bitmap Index Scan", "Parent Relationship": "Outer", "Index Name": "idx_lineitem_shipdate", "Startup Cost": 0.0, "Total Cost": 312045.05, "Plan Rows": 9071680, "Plan Width": 0, "Actual Startup Time": 3607.483, "Actual Total Time": 3607.483, "Actual Rows": 9109641, "Actual Loops": 1, "Index Cond": "((l_shipdate >= '1993-01-01 00:00:00'::timestamp(0) without time zone) AND (l_shipdate < '1994-01-01 00:00:00'::timestamp without time zone))"}]}]}, {"Node Type": "Bitmap Heap Scan", "Parent Relationship": "Inner", "Relation Name": "partsupp", "Alias": "partsupp", "Startup Cost": 0.28, "Total Cost": 4.3, "Plan Rows": 1, "Plan Width": 24, "Actual Startup Time": 45151.232, "Actual Total Time": 45151.232, "Actual Rows": 5431247, "Actual Loops": 5442751, "Recheck Cond": "((ps_partkey = lineitem.l_partkey) AND (ps_suppkey = lineitem.l_suppkey))", "Rows Removed by Index Recheck": 0, "Filter": "((ps_availqty)::double precision > (.5::double precision * (sum(lineitem.l_quantity))))", "Rows Removed by Filter": 11504, "Exact Heap Blocks": 5442751, "Lossy Heap Blocks": 5442751, "Plans": [{"Node Type": "Bitmap Index Scan", "Parent Relationship": "Outer", "Index Name": "partsupp_pkey", "Startup Cost": 0.0, "Total Cost": 0.28, "Plan Rows": 1, "Plan Width": 0, "Actual Startup Time": 27667.53, "Actual Total Time": 27667.53, "Actual Rows": 5442751, "Actual Loops": 5442751, "Index Cond": "((ps_partkey = lineitem.l_partkey) AND (ps_suppkey = lineitem.l_suppkey))"}]}]}, {"Node Type": "Bitmap Heap Scan", "Parent Relationship": "Inner", "Relation Name": "part", "Alias": "part", "Startup Cost": 0.26, "Total Cost": 4.28, "Plan Rows": 1, "Plan Width": 8, "Actual Startup Time": 39761.268, "Actual Total Time": 39761.268, "Actual Rows": 58537, "Actual Loops": 5431247, "Recheck Cond": "(p_partkey = lineitem.l_partkey)", "Rows Removed by Index Recheck": 0, "Filter": "((p_name)::text ~~ 'green%'::text)", "Rows Removed by Filter": 5372710, "Exact Heap Blocks": 5431247, "Lossy Heap Blocks": 5431247, "Plans": [{"Node Type": "Bitmap Index Scan", "Parent Relationship": "Outer", "Index Name": "part_kpey", "Startup Cost": 0.0, "Total Cost": 0.26, "Plan Rows": 1, "Plan Width": 0, "Actual Startup Time": 23528.84, "Actual Total Time": 23528.84, "Actual Rows": 5431247, "Actual Loops": 5431247, "Index Cond": "(p_partkey = lineitem.l_partkey)"}]}]}]}]}, {"Node Type": "Bitmap Heap Scan", "Parent Relationship": "Inner", "Relation Name": "supplier", "Alias": "supplier", "Startup Cost": 0.26, "Total Cost": 4.27, "Plan Rows": 1, "Plan Width": 63, "Actual Startup Time": 147.97, "Actual Total Time": 147.97, "Actual Rows": 44487, "Actual Loops": 44487, "Recheck Cond": "(s_suppkey = lineitem.l_suppkey)", "Rows Removed by Index Recheck": 0, "Exact Heap Blocks": 44487, "Lossy Heap Blocks": 44487, "Plans": [{"Node Type": "Bitmap Index Scan", "Parent Relationship": "Outer", "Index Name": "supplier_pkey", "Startup Cost": 0.0, "Total Cost": 0.26, "Plan Rows": 1, "Plan Width": 0, "Actual Startup Time": 82.176, "Actual Total Time": 82.176, "Actual Rows": 44487, "Actual Loops": 44487, "Index Cond": "(s_suppkey = lineitem.l_suppkey)"}]}]}, {"Node Type": "Bitmap Heap Scan", "Parent Relationship": "Inner", "Relation Name": "nation", "Alias": "nation", "Startup Cost": 0.26, "Total Cost": 4.27, "Plan Rows": 1, "Plan Width": 4, "Actual Startup Time": 121.742, "Actual Total Time": 121.742, "Actual Rows": 1746, "Actual Loops": 44487, "Recheck Cond": "(n_nationkey = supplier.s_nationkey)", "Rows Removed by Index Recheck": 0, "Filter": "(n_name = 'ALGERIA'::bpchar)", "Rows Removed by Filter": 42741, "Exact Heap Blocks": 44487, "Lossy Heap Blocks": 44487, "Plans": [{"Node Type": "Bitmap Index Scan", "Parent Relationship": "Outer", "Index Name": "nation_pkey", "Startup Cost": 0.0, "Total Cost": 0.26, "Plan Rows": 1, "Plan Width": 0, "Actual Startup Time": 45.415, "Actual Total Time": 45.415, "Actual Rows": 44487, "Actual Loops": 44487, "Index Cond": "(n_nationkey = supplier.s_nationkey)"}]}]}]}, "Triggers": [], "Planner Runtime": 2, "Total Runtime": 122906.738, "Unique SQL Id": 202076520}}, "(64, 72)": {"explain_plan": {"Plan": {"Node Type": "Sort", "Startup Cost": 2930392.43, "Total Cost": 2930397.43, "Plan Rows": 2000, "Plan Width": 51, "Sort Key": ["supplier.s_name"], "Plans": [{"Node Type": "Hash Join", "Parent Relationship": "Outer", "Join Type": "Right Semi", "Startup Cost": 2635433.06, "Total Cost": 2930282.77, "Plan Rows": 2000, "Plan Width": 51, "Inner Unique": false, "Hash Cond": "(lineitem.l_suppkey = supplier.s_suppkey)", "Plans": [{"Node Type": "Hash Join", "Parent Relationship": "Outer", "Join Type": "Inner", "Startup Cost": 2631808.11, "Total Cost": 2926637.81, "Plan Rows": 2, "Plan Width": 16, "Inner Unique": false, "Hash Cond": "((lineitem.l_partkey = partsupp.ps_partkey) AND (lineitem.l_suppkey = partsupp.ps_suppkey))", "Join Filter": "((partsupp.ps_availqty)::double precision > (.5::double precision * (sum(lineitem.l_quantity))))", "Plans": [{"Node Type": "Aggregate", "Strategy": "Hashed", "Parent Relationship": "Outer", "Startup Cost": 2405767.29, "Total Cost": 2519163.29, "Plan Rows": 9071680, "Plan Width": 40, "Group By Key": ["lineitem.l_partkey", "lineitem.l_suppkey"], "Plans": [{"Node Type": "Seq Scan", "Parent Relationship": "Outer", "Relation Name": "lineitem", "Alias": "lineitem", "Startup Cost": 119.57, "Total Cost": 2315050.5, "Plan Rows": 9071680, "Plan Width": 24, "Filter": "((l_shipdate >= '1993-01-01 00:00:00'::timestamp(0) without time zone) AND (l_shipdate < '1994-01-01 00:00:00'::timestamp without time zone)), (LLVM Optimized)"}]}, {"Node Type": "Hash", "Parent Relationship": "Inner", "Startup Cost": 225072.53, "Total Cost": 225072.53, "Plan Rows": 64552, "Plan Width": 32, "Plans": [{"Node Type": "Nested Loop", "Parent Relationship": "Outer", "Join Type": "Inner", "Startup Cost": 0.0, "Total Cost": 225072.53, "Plan Rows": 64552, "Plan Width": 32, "Inner Unique": false, "Plans": [{"Node Type": "Seq Scan", "Parent Relationship": "Outer", "Relation Name": "part", "Alias": "part", "Startup Cost": 0.0, "Total Cost": 66944.0, "Plan Rows": 22472, "Plan Width": 8, "Filter": "((p_name)::text ~~ 'green%'::text)"}, {"Node Type": "Index Scan", "Parent Relationship": "Inner", "Scan Direction": "Forward", "Index Name": "idx_partsupp_partkey", "Relation Name": "partsupp", "Alias": "partsupp", "Startup Cost": 0.0, "Total Cost": 7.01, "Plan Rows": 3, "Plan Width": 24, "Index Cond": "(ps_partkey = part.p_partkey)"}]}]}]}, {"Node Type": "Hash", "Parent Relationship": "Inner", "Startup Cost": 3574.95, "Total Cost": 3574.95, "Plan Rows": 4000, "Plan Width": 59, "Plans": [{"Node Type": "Hash Join", "Parent Relationship": "Outer", "Join Type": "Inner", "Startup Cost": 1.32, "Total Cost": 3574.95, "Plan Rows": 4000, "Plan Width": 59, "Inner Unique": true, "Hash Cond": "(supplier.s_nationkey = nation.n_nationkey)", "Plans": [{"Node Type": "Seq Scan", "Parent Relationship": "Outer", "Relation Name": "supplier", "Alias": "supplier", "Startup Cost": 0.0, "Total Cost": 3283.0, "Plan Rows": 100000, "Plan Width": 63}, {"Node Type": "Hash", "Parent Relationship": "Inner", "Startup Cost": 1.31, "Total Cost": 1.31, "Plan Rows": 1, "Plan Width": 4, "Plans": [{"Node Type": "Seq Scan", "Parent Relationship": "Outer", "Relation Name": "nation", "Alias": "nation", "Startup Cost": 0.0, "Total Cost": 1.31, "Plan Rows": 1, "Plan Width": 4, "Filter": "(n_name = 'ALGERIA'::bpchar)"}]}]}]}]}]}, "Unique SQL Id": 202076520, "Planner Runtime": 3}, "explain_analyze_plan": {"Plan": {"Node Type": "Sort", "Startup Cost": 2930392.43, "Total Cost": 2930397.43, "Plan Rows": 2000, "Plan Width": 51, "Actual Startup Time": 36485.5, "Actual Total Time": 36485.648, "Actual Rows": 1746, "Actual Loops": 1, "Sort Key": ["supplier.s_name"], "Sort Method": "quicksort", "Sort Space Used": 309, "Sort Space Type": "Memory", "Plans": [{"Node Type": "Hash Join", "Parent Relationship": "Outer", "Join Type": "Right Semi", "Startup Cost": 2635433.06, "Total Cost": 2930282.77, "Plan Rows": 2000, "Plan Width": 51, "Actual Startup Time": 31877.287, "Actual Total Time": 36475.909, "Actual Rows": 1746, "Actual Loops": 1, "Inner Unique": false, "Hash Cond": "(lineitem.l_suppkey = supplier.s_suppkey)", "Plans": [{"Node Type": "Hash Join", "Parent Relationship": "Outer", "Join Type": "Inner", "Startup Cost": 2631808.11, "Total Cost": 2926637.81, "Plan Rows": 2, "Plan Width": 16, "Actual Startup Time": 31823.034, "Actual Total Time": 36409.678, "Actual Rows": 58537, "Actual Loops": 1, "Inner Unique": false, "Hash Cond": "((lineitem.l_partkey = partsupp.ps_partkey) AND (lineitem.l_suppkey = partsupp.ps_suppkey))", "Join Filter": "((partsupp.ps_availqty)::double precision > (.5::double precision * (sum(lineitem.l_quantity))))", "Rows Removed by Join Filter": 136, "Plans": [{"Node Type": "Aggregate", "Strategy": "Hashed", "Parent Relationship": "Outer", "Startup Cost": 2405767.29, "Total Cost": 2519163.29, "Plan Rows": 9071680, "Plan Width": 40, "Actual Startup Time": 30820.882, "Actual Total Time": 33825.619, "Actual Rows": 5442751, "Actual Loops": 1, "Group By Key": ["lineitem.l_partkey", "lineitem.l_suppkey"], "Plans": [{"Node Type": "Seq Scan", "Parent Relationship": "Outer", "Relation Name": "lineitem", "Alias": "lineitem", "Startup Cost": 119.57, "Total Cost": 2315050.5, "Plan Rows": 9071680, "Plan Width": 24, "Actual Startup Time": 0.044, "Actual Total Time": 23190.171, "Actual Rows": 9109641, "Actual Loops": 1, "Filter": "((l_shipdate >= '1993-01-01 00:00:00'::timestamp(0) without time zone) AND (l_shipdate < '1994-01-01 00:00:00'::timestamp without time zone)), (LLVM Optimized, Jit Execute)", "Rows Removed by Filter": 50876411}]}, {"Node Type": "Hash", "Parent Relationship": "Inner", "Startup Cost": 225072.53, "Total Cost": 225072.53, "Plan Rows": 64552, "Plan Width": 32, "Actual Startup Time": 1001.922, "Actual Total Time": 1001.922, "Actual Rows": 86224, "Actual Loops": 1, "Hash Buckets": 65536, "Hash Batches": 1, "Original Hash Batches": 1, "Peak Memory Usage": 5389, "Plans": [{"Node Type": "Nested Loop", "Parent Relationship": "Outer", "Join Type": "Inner", "Startup Cost": 0.0, "Total Cost": 225072.53, "Plan Rows": 64552, "Plan Width": 32, "Actual Startup Time": 0.078, "Actual Total Time": 967.257, "Actual Rows": 86224, "Actual Loops": 1, "Inner Unique": false, "Plans": [{"Node Type": "Seq Scan", "Parent Relationship": "Outer", "Relation Name": "part", "Alias": "part", "Startup Cost": 0.0, "Total Cost": 66944.0, "Plan Rows": 22472, "Plan Width": 8, "Actual Startup Time": 0.039, "Actual Total Time": 767.135, "Actual Rows": 21556, "Actual Loops": 1, "Filter": "((p_name)::text ~~ 'green%'::text)", "Rows Removed by Filter": 1978444}, {"Node Type": "Index Scan", "Parent Relationship": "Inner", "Scan Direction": "Forward", "Index Name": "idx_partsupp_partkey", "Relation Name": "partsupp", "Alias": "partsupp", "Startup Cost": 0.0, "Total Cost": 7.01, "Plan Rows": 3, "Plan Width": 24, "Actual Startup Time": 124.65, "Actual Total Time": 167.192, "Actual Rows": 86224, "Actual Loops": 21556, "Index Cond": "(ps_partkey = part.p_partkey)", "Rows Removed by Index Recheck": 0}]}]}]}, {"Node Type": "Hash", "Parent Relationship": "Inner", "Startup Cost": 3574.95, "Total Cost": 3574.95, "Plan Rows": 4000, "Plan Width": 59, "Actual Startup Time": 48.411, "Actual Total Time": 48.411, "Actual Rows": 3934, "Actual Loops": 1, "Hash Buckets": 32768, "Hash Batches": 1, "Original Hash Batches": 1, "Peak Memory Usage": 368, "Plans": [{"Node Type": "Hash Join", "Parent Relationship": "Outer", "Join Type": "Inner", "Startup Cost": 1.32, "Total Cost": 3574.95, "Plan Rows": 4000, "Plan Width": 59, "Actual Startup Time": 0.099, "Actual Total Time": 46.953, "Actual Rows": 3934, "Actual Loops": 1, "Inner Unique": true, "Hash Cond": "(supplier.s_nationkey = nation.n_nationkey)", "Plans": [{"Node Type": "Seq Scan", "Parent Relationship": "Outer", "Relation Name": "supplier", "Alias": "supplier", "Startup Cost": 0.0, "Total Cost": 3283.0, "Plan Rows": 100000, "Plan Width": 63, "Actual Startup Time": 0.022, "Actual Total Time": 27.225, "Actual Rows": 100000, "Actual Loops": 1}, {"Node Type": "Hash", "Parent Relationship": "Inner", "Startup Cost": 1.31, "Total Cost": 1.31, "Plan Rows": 1, "Plan Width": 4, "Actual Startup Time": 0.035, "Actual Total Time": 0.035, "Actual Rows": 1, "Actual Loops": 1, "Hash Buckets": 32768, "Hash Batches": 1, "Original Hash Batches": 1, "Peak Memory Usage": 1, "Plans": [{"Node Type": "Seq Scan", "Parent Relationship": "Outer", "Relation Name": "nation", "Alias": "nation", "Startup Cost": 0.0, "Total Cost": 1.31, "Plan Rows": 1, "Plan Width": 4, "Actual Startup Time": 0.019, "Actual Total Time": 0.027, "Actual Rows": 1, "Actual Loops": 1, "Filter": "(n_name = 'ALGERIA'::bpchar)", "Rows Removed by Filter": 24}]}]}]}]}]}, "Triggers": [], "Planner Runtime": 2, "Total Runtime": 36495.226, "Unique SQL Id": 202076520}}, "(64, 73)": {"explain_plan": {"Plan": {"Node Type": "Sort", "Startup Cost": 6720005.94, "Total Cost": 6720010.94, "Plan Rows": 2000, "Plan Width": 51, "Sort Key": ["supplier.s_name"], "Plans": [{"Node Type": "Hash Join", "Parent Relationship": "Outer", "Join Type": "Right Semi", "Startup Cost": 6425046.57, "Total Cost": 6719896.28, "Plan Rows": 2000, "Plan Width": 51, "Inner Unique": false, "Hash Cond": "(lineitem.l_suppkey = supplier.s_suppkey)", "Plans": [{"Node Type": "Hash Join", "Parent Relationship": "Outer", "Join Type": "Inner", "Startup Cost": 6419358.7, "Total Cost": 6714188.4, "Plan Rows": 2, "Plan Width": 16, "Inner Unique": false, "Hash Cond": "((lineitem.l_partkey = partsupp.ps_partkey) AND (lineitem.l_suppkey = partsupp.ps_suppkey))", "Join Filter": "((partsupp.ps_availqty)::double precision > (.5::double precision * (sum(lineitem.l_quantity))))", "Plans": [{"Node Type": "Aggregate", "Strategy": "Hashed", "Parent Relationship": "Outer", "Startup Cost": 6154458.63, "Total Cost": 6267854.63, "Plan Rows": 9071680, "Plan Width": 40, "Group By Key": ["lineitem.l_partkey", "lineitem.l_suppkey"], "Plans": [{"Node Type": "Index Scan", "Parent Relationship": "Outer", "Scan Direction": "Forward", "Index Name": "idx_lineitem_shipdate", "Relation Name": "lineitem", "Alias": "lineitem", "Startup Cost": 0.0, "Total Cost": 6063741.83, "Plan Rows": 9071680, "Plan Width": 24, "Index Cond": "((l_shipdate >= '1993-01-01 00:00:00'::timestamp(0) without time zone) AND (l_shipdate < '1994-01-01 00:00:00'::timestamp without time zone)), (LLVM Optimized)"}]}, {"Node Type": "Hash", "Parent Relationship": "Inner", "Startup Cost": 263931.78, "Total Cost": 263931.78, "Plan Rows": 64552, "Plan Width": 32, "Plans": [{"Node Type": "Nested Loop", "Parent Relationship": "Outer", "Join Type": "Inner", "Startup Cost": 0.0, "Total Cost": 263931.78, "Plan Rows": 64552, "Plan Width": 32, "Inner Unique": false, "Plans": [{"Node Type": "Index Scan", "Parent Relationship": "Outer", "Scan Direction": "Forward", "Index Name": "part_kpey", "Relation Name": "part", "Alias": "part", "Startup Cost": 0.0, "Total Cost": 105803.25, "Plan Rows": 22472, "Plan Width": 8, "Filter": "((p_name)::text ~~ 'green%'::text)"}, {"Node Type": "Index Scan", "Parent Relationship": "Inner", "Scan Direction": "Forward", "Index Name": "idx_partsupp_partkey", "Relation Name": "partsupp", "Alias": "partsupp", "Startup Cost": 0.0, "Total Cost": 7.01, "Plan Rows": 3, "Plan Width": 24, "Index Cond": "(ps_partkey = part.p_partkey)"}]}]}]}, {"Node Type": "Hash", "Parent Relationship": "Inner", "Startup Cost": 5637.87, "Total Cost": 5637.87, "Plan Rows": 4000, "Plan Width": 59, "Plans": [{"Node Type": "Hash Join", "Parent Relationship": "Outer", "Join Type": "Inner", "Startup Cost": 12.7, "Total Cost": 5637.87, "Plan Rows": 4000, "Plan Width": 59, "Inner Unique": true, "Hash Cond": "(supplier.s_nationkey = nation.n_nationkey)", "Plans": [{"Node Type": "Index Scan", "Parent Relationship": "Outer", "Scan Direction": "Forward", "Index Name": "supplier_pkey", "Relation Name": "supplier", "Alias": "supplier", "Startup Cost": 0.0, "Total Cost": 5334.54, "Plan Rows": 100000, "Plan Width": 63}, {"Node Type": "Hash", "Parent Relationship": "Inner", "Startup Cost": 12.69, "Total Cost": 12.69, "Plan Rows": 1, "Plan Width": 4, "Plans": [{"Node Type": "Index Scan", "Parent Relationship": "Outer", "Scan Direction": "Forward", "Index Name": "nation_pkey", "Relation Name": "nation", "Alias": "nation", "Startup Cost": 0.0, "Total Cost": 12.69, "Plan Rows": 1, "Plan Width": 4, "Filter": "(n_name = 'ALGERIA'::bpchar)"}]}]}]}]}]}, "Unique SQL Id": 202076520, "Planner Runtime": 3}, "explain_analyze_plan": {"Plan": {"Node Type": "Sort", "Startup Cost": 6720005.94, "Total Cost": 6720010.94, "Plan Rows": 2000, "Plan Width": 51, "Actual Startup Time": 37951.991, "Actual Total Time": 37952.17, "Actual Rows": 1746, "Actual Loops": 1, "Sort Key": ["supplier.s_name"], "Sort Method": "quicksort", "Sort Space Used": 309, "Sort Space Type": "Memory", "Plans": [{"Node Type": "Hash Join", "Parent Relationship": "Outer", "Join Type": "Right Semi", "Startup Cost": 6425046.57, "Total Cost": 6719896.28, "Plan Rows": 2000, "Plan Width": 51, "Actual Startup Time": 33695.563, "Actual Total Time": 37941.802, "Actual Rows": 1746, "Actual Loops": 1, "Inner Unique": false, "Hash Cond": "(lineitem.l_suppkey = supplier.s_suppkey)", "Plans": [{"Node Type": "Hash Join", "Parent Relationship": "Outer", "Join Type": "Inner", "Startup Cost": 6419358.7, "Total Cost": 6714188.4, "Plan Rows": 2, "Plan Width": 16, "Actual Startup Time": 33617.215, "Actual Total Time": 37853.439, "Actual Rows": 58537, "Actual Loops": 1, "Inner Unique": false, "Hash Cond": "((lineitem.l_partkey = partsupp.ps_partkey) AND (lineitem.l_suppkey = partsupp.ps_suppkey))", "Join Filter": "((partsupp.ps_availqty)::double precision > (.5::double precision * (sum(lineitem.l_quantity))))", "Rows Removed by Join Filter": 136, "Plans": [{"Node Type": "Aggregate", "Strategy": "Hashed", "Parent Relationship": "Outer", "Startup Cost": 6154458.63, "Total Cost": 6267854.63, "Plan Rows": 9071680, "Plan Width": 40, "Actual Startup Time": 31806.716, "Actual Total Time": 34556.876, "Actual Rows": 5442751, "Actual Loops": 1, "Group By Key": ["lineitem.l_partkey", "lineitem.l_suppkey"], "Plans": [{"Node Type": "Index Scan", "Parent Relationship": "Outer", "Scan Direction": "Forward", "Index Name": "idx_lineitem_shipdate", "Relation Name": "lineitem", "Alias": "lineitem", "Startup Cost": 0.0, "Total Cost": 6063741.83, "Plan Rows": 9071680, "Plan Width": 24, "Actual Startup Time": 0.081, "Actual Total Time": 23380.249, "Actual Rows": 9109641, "Actual Loops": 1, "Index Cond": "((l_shipdate >= '1993-01-01 00:00:00'::timestamp(0) without time zone) AND (l_shipdate < '1994-01-01 00:00:00'::timestamp without time zone)), (LLVM Optimized, Jit Execute)", "Rows Removed by Index Recheck": 0}]}, {"Node Type": "Hash", "Parent Relationship": "Inner", "Startup Cost": 263931.78, "Total Cost": 263931.78, "Plan Rows": 64552, "Plan Width": 32, "Actual Startup Time": 1809.883, "Actual Total Time": 1809.883, "Actual Rows": 86224, "Actual Loops": 1, "Hash Buckets": 65536, "Hash Batches": 1, "Original Hash Batches": 1, "Peak Memory Usage": 5389, "Plans": [{"Node Type": "Nested Loop", "Parent Relationship": "Outer", "Join Type": "Inner", "Startup Cost": 0.0, "Total Cost": 263931.78, "Plan Rows": 64552, "Plan Width": 32, "Actual Startup Time": 0.091, "Actual Total Time": 1767.629, "Actual Rows": 86224, "Actual Loops": 1, "Inner Unique": false, "Plans": [{"Node Type": "Index Scan", "Parent Relationship": "Outer", "Scan Direction": "Forward", "Index Name": "part_kpey", "Relation Name": "part", "Alias": "part", "Startup Cost": 0.0, "Total Cost": 105803.25, "Plan Rows": 22472, "Plan Width": 8, "Actual Startup Time": 0.066, "Actual Total Time": 1527.871, "Actual Rows": 21556, "Actual Loops": 1, "Filter": "((p_name)::text ~~ 'green%'::text)", "Rows Removed by Filter": 1978444}, {"Node Type": "Index Scan", "Parent Relationship": "Inner", "Scan Direction": "Forward", "Index Name": "idx_partsupp_partkey", "Relation Name": "partsupp", "Alias": "partsupp", "Startup Cost": 0.0, "Total Cost": 7.01, "Plan Rows": 3, "Plan Width": 24, "Actual Startup Time": 158.221, "Actual Total Time": 206.922, "Actual Rows": 86224, "Actual Loops": 21556, "Index Cond": "(ps_partkey = part.p_partkey)", "Rows Removed by Index Recheck": 0}]}]}]}, {"Node Type": "Hash", "Parent Relationship": "Inner", "Startup Cost": 5637.87, "Total Cost": 5637.87, "Plan Rows": 4000, "Plan Width": 59, "Actual Startup Time": 71.42, "Actual Total Time": 71.42, "Actual Rows": 3934, "Actual Loops": 1, "Hash Buckets": 32768, "Hash Batches": 1, "Original Hash Batches": 1, "Peak Memory Usage": 368, "Plans": [{"Node Type": "Hash Join", "Parent Relationship": "Outer", "Join Type": "Inner", "Startup Cost": 12.7, "Total Cost": 5637.87, "Plan Rows": 4000, "Plan Width": 59, "Actual Startup Time": 0.112, "Actual Total Time": 69.871, "Actual Rows": 3934, "Actual Loops": 1, "Inner Unique": true, "Hash Cond": "(supplier.s_nationkey = nation.n_nationkey)", "Plans": [{"Node Type": "Index Scan", "Parent Relationship": "Outer", "Scan Direction": "Forward", "Index Name": "supplier_pkey", "Relation Name": "supplier", "Alias": "supplier", "Startup Cost": 0.0, "Total Cost": 5334.54, "Plan Rows": 100000, "Plan Width": 63, "Actual Startup Time": 0.029, "Actual Total Time": 49.925, "Actual Rows": 100000, "Actual Loops": 1}, {"Node Type": "Hash", "Parent Relationship": "Inner", "Startup Cost": 12.69, "Total Cost": 12.69, "Plan Rows": 1, "Plan Width": 4, "Actual Startup Time": 0.034, "Actual Total Time": 0.034, "Actual Rows": 1, "Actual Loops": 1, "Hash Buckets": 32768, "Hash Batches": 1, "Original Hash Batches": 1, "Peak Memory Usage": 1, "Plans": [{"Node Type": "Index Scan", "Parent Relationship": "Outer", "Scan Direction": "Forward", "Index Name": "nation_pkey", "Relation Name": "nation", "Alias": "nation", "Startup Cost": 0.0, "Total Cost": 12.69, "Plan Rows": 1, "Plan Width": 4, "Actual Startup Time": 0.013, "Actual Total Time": 0.029, "Actual Rows": 1, "Actual Loops": 1, "Filter": "(n_name = 'ALGERIA'::bpchar)", "Rows Removed by Filter": 24}]}]}]}]}]}, "Triggers": [], "Planner Runtime": 2, "Total Runtime": 37961.705, "Unique SQL Id": 202076520}}, "(64, 74)": {"explain_plan": {"Plan": {"Node Type": "Sort", "Startup Cost": 3063182.61, "Total Cost": 3063187.61, "Plan Rows": 2000, "Plan Width": 51, "Sort Key": ["supplier.s_name"], "Plans": [{"Node Type": "Hash Join", "Parent Relationship": "Outer", "Join Type": "Right Semi", "Startup Cost": 2768223.24, "Total Cost": 3063072.95, "Plan Rows": 2000, "Plan Width": 51, "Inner Unique": false, "Hash Cond": "(lineitem.l_suppkey = supplier.s_suppkey)", "Plans": [{"Node Type": "Hash Join", "Parent Relationship": "Outer", "Join Type": "Inner", "Startup Cost": 2764598.29, "Total Cost": 3059427.99, "Plan Rows": 2, "Plan Width": 16, "Inner Unique": false, "Hash Cond": "((lineitem.l_partkey = partsupp.ps_partkey) AND (lineitem.l_suppkey = partsupp.ps_suppkey))", "Join Filter": "((partsupp.ps_availqty)::double precision > (.5::double precision * (sum(lineitem.l_quantity))))", "Plans": [{"Node Type": "Aggregate", "Strategy": "Hashed", "Parent Relationship": "Outer", "Startup Cost": 2405767.29, "Total Cost": 2519163.29, "Plan Rows": 9071680, "Plan Width": 40, "Group By Key": ["lineitem.l_partkey", "lineitem.l_suppkey"], "Plans": [{"Node Type": "Seq Scan", "Parent Relationship": "Outer", "Relation Name": "lineitem", "Alias": "lineitem", "Startup Cost": 119.57, "Total Cost": 2315050.5, "Plan Rows": 9071680, "Plan Width": 24, "Filter": "((l_shipdate >= '1993-01-01 00:00:00'::timestamp(0) without time zone) AND (l_shipdate < '1994-01-01 00:00:00'::timestamp without time zone)), (LLVM Optimized)"}]}, {"Node Type": "Hash", "Parent Relationship": "Inner", "Startup Cost": 357862.71, "Total Cost": 357862.71, "Plan Rows": 64552, "Plan Width": 32, "Plans": [{"Node Type": "Hash Join", "Parent Relationship": "Outer", "Join Type": "Inner", "Startup Cost": 67224.9, "Total Cost": 357862.71, "Plan Rows": 64552, "Plan Width": 32, "Inner Unique": true, "Hash Cond": "(partsupp.ps_partkey = part.p_partkey)", "Plans": [{"Node Type": "Seq Scan", "Parent Relationship": "Outer", "Relation Name": "partsupp", "Alias": "partsupp", "Startup Cost": 0.0, "Total Cost": 269987.72, "Plan Rows": 8000372, "Plan Width": 24}, {"Node Type": "Hash", "Parent Relationship": "Inner", "Startup Cost": 66944.0, "Total Cost": 66944.0, "Plan Rows": 22472, "Plan Width": 8, "Plans": [{"Node Type": "Seq Scan", "Parent Relationship": "Outer", "Relation Name": "part", "Alias": "part", "Startup Cost": 0.0, "Total Cost": 66944.0, "Plan Rows": 22472, "Plan Width": 8, "Filter": "((p_name)::text ~~ 'green%'::text)"}]}]}]}]}, {"Node Type": "Hash", "Parent Relationship": "Inner", "Startup Cost": 3574.95, "Total Cost": 3574.95, "Plan Rows": 4000, "Plan Width": 59, "Plans": [{"Node Type": "Hash Join", "Parent Relationship": "Outer", "Join Type": "Inner", "Startup Cost": 1.32, "Total Cost": 3574.95, "Plan Rows": 4000, "Plan Width": 59, "Inner Unique": true, "Hash Cond": "(supplier.s_nationkey = nation.n_nationkey)", "Plans": [{"Node Type": "Seq Scan", "Parent Relationship": "Outer", "Relation Name": "supplier", "Alias": "supplier", "Startup Cost": 0.0, "Total Cost": 3283.0, "Plan Rows": 100000, "Plan Width": 63}, {"Node Type": "Hash", "Parent Relationship": "Inner", "Startup Cost": 1.31, "Total Cost": 1.31, "Plan Rows": 1, "Plan Width": 4, "Plans": [{"Node Type": "Seq Scan", "Parent Relationship": "Outer", "Relation Name": "nation", "Alias": "nation", "Startup Cost": 0.0, "Total Cost": 1.31, "Plan Rows": 1, "Plan Width": 4, "Filter": "(n_name = 'ALGERIA'::bpchar)"}]}]}]}]}]}, "Unique SQL Id": 202076520, "Planner Runtime": 3}, "explain_analyze_plan": {"Plan": {"Node Type": "Sort", "Startup Cost": 3063182.61, "Total Cost": 3063187.61, "Plan Rows": 2000, "Plan Width": 51, "Actual Startup Time": 40409.402, "Actual Total Time": 40409.557, "Actual Rows": 1746, "Actual Loops": 1, "Sort Key": ["supplier.s_name"], "Sort Method": "quicksort", "Sort Space Used": 309, "Sort Space Type": "Memory", "Plans": [{"Node Type": "Hash Join", "Parent Relationship": "Outer", "Join Type": "Right Semi", "Startup Cost": 2768223.24, "Total Cost": 3063072.95, "Plan Rows": 2000, "Plan Width": 51, "Actual Startup Time": 35140.2, "Actual Total Time": 40399.756, "Actual Rows": 1746, "Actual Loops": 1, "Inner Unique": false, "Hash Cond": "(lineitem.l_suppkey = supplier.s_suppkey)", "Plans": [{"Node Type": "Hash Join", "Parent Relationship": "Outer", "Join Type": "Inner", "Startup Cost": 2764598.29, "Total Cost": 3059427.99, "Plan Rows": 2, "Plan Width": 16, "Actual Startup Time": 35085.971, "Actual Total Time": 40331.182, "Actual Rows": 58537, "Actual Loops": 1, "Inner Unique": false, "Hash Cond": "((lineitem.l_partkey = partsupp.ps_partkey) AND (lineitem.l_suppkey = partsupp.ps_suppkey))", "Join Filter": "((partsupp.ps_availqty)::double precision > (.5::double precision * (sum(lineitem.l_quantity))))", "Rows Removed by Join Filter": 136, "Plans": [{"Node Type": "Aggregate", "Strategy": "Hashed", "Parent Relationship": "Outer", "Startup Cost": 2405767.29, "Total Cost": 2519163.29, "Plan Rows": 9071680, "Plan Width": 40, "Actual Startup Time": 30419.839, "Actual Total Time": 34121.602, "Actual Rows": 5442751, "Actual Loops": 1, "Group By Key": ["lineitem.l_partkey", "lineitem.l_suppkey"], "Plans": [{"Node Type": "Seq Scan", "Parent Relationship": "Outer", "Relation Name": "lineitem", "Alias": "lineitem", "Startup Cost": 119.57, "Total Cost": 2315050.5, "Plan Rows": 9071680, "Plan Width": 24, "Actual Startup Time": 0.051, "Actual Total Time": 23119.877, "Actual Rows": 9109641, "Actual Loops": 1, "Filter": "((l_shipdate >= '1993-01-01 00:00:00'::timestamp(0) without time zone) AND (l_shipdate < '1994-01-01 00:00:00'::timestamp without time zone)), (LLVM Optimized, Jit Execute)", "Rows Removed by Filter": 50876411}]}, {"Node Type": "Hash", "Parent Relationship": "Inner", "Startup Cost": 357862.71, "Total Cost": 357862.71, "Plan Rows": 64552, "Plan Width": 32, "Actual Startup Time": 4665.749, "Actual Total Time": 4665.749, "Actual Rows": 86224, "Actual Loops": 1, "Hash Buckets": 65536, "Hash Batches": 1, "Original Hash Batches": 1, "Peak Memory Usage": 5389, "Plans": [{"Node Type": "Hash Join", "Parent Relationship": "Outer", "Join Type": "Inner", "Startup Cost": 67224.9, "Total Cost": 357862.71, "Plan Rows": 64552, "Plan Width": 32, "Actual Startup Time": 766.655, "Actual Total Time": 4628.176, "Actual Rows": 86224, "Actual Loops": 1, "Inner Unique": true, "Hash Cond": "(partsupp.ps_partkey = part.p_partkey)", "Plans": [{"Node Type": "Seq Scan", "Parent Relationship": "Outer", "Relation Name": "partsupp", "Alias": "partsupp", "Startup Cost": 0.0, "Total Cost": 269987.72, "Plan Rows": 8000372, "Plan Width": 24, "Actual Startup Time": 0.022, "Actual Total Time": 2301.962, "Actual Rows": 8000000, "Actual Loops": 1}, {"Node Type": "Hash", "Parent Relationship": "Inner", "Startup Cost": 66944.0, "Total Cost": 66944.0, "Plan Rows": 22472, "Plan Width": 8, "Actual Startup Time": 766.484, "Actual Total Time": 766.484, "Actual Rows": 21556, "Actual Loops": 1, "Hash Buckets": 32768, "Hash Batches": 1, "Original Hash Batches": 1, "Peak Memory Usage": 843, "Plans": [{"Node Type": "Seq Scan", "Parent Relationship": "Outer", "Relation Name": "part", "Alias": "part", "Startup Cost": 0.0, "Total Cost": 66944.0, "Plan Rows": 22472, "Plan Width": 8, "Actual Startup Time": 0.033, "Actual Total Time": 757.233, "Actual Rows": 21556, "Actual Loops": 1, "Filter": "((p_name)::text ~~ 'green%'::text)", "Rows Removed by Filter": 1978444}]}]}]}]}, {"Node Type": "Hash", "Parent Relationship": "Inner", "Startup Cost": 3574.95, "Total Cost": 3574.95, "Plan Rows": 4000, "Plan Width": 59, "Actual Startup Time": 48.442, "Actual Total Time": 48.442, "Actual Rows": 3934, "Actual Loops": 1, "Hash Buckets": 32768, "Hash Batches": 1, "Original Hash Batches": 1, "Peak Memory Usage": 368, "Plans": [{"Node Type": "Hash Join", "Parent Relationship": "Outer", "Join Type": "Inner", "Startup Cost": 1.32, "Total Cost": 3574.95, "Plan Rows": 4000, "Plan Width": 59, "Actual Startup Time": 0.1, "Actual Total Time": 46.974, "Actual Rows": 3934, "Actual Loops": 1, "Inner Unique": true, "Hash Cond": "(supplier.s_nationkey = nation.n_nationkey)", "Plans": [{"Node Type": "Seq Scan", "Parent Relationship": "Outer", "Relation Name": "supplier", "Alias": "supplier", "Startup Cost": 0.0, "Total Cost": 3283.0, "Plan Rows": 100000, "Plan Width": 63, "Actual Startup Time": 0.021, "Actual Total Time": 27.134, "Actual Rows": 100000, "Actual Loops": 1}, {"Node Type": "Hash", "Parent Relationship": "Inner", "Startup Cost": 1.31, "Total Cost": 1.31, "Plan Rows": 1, "Plan Width": 4, "Actual Startup Time": 0.037, "Actual Total Time": 0.037, "Actual Rows": 1, "Actual Loops": 1, "Hash Buckets": 32768, "Hash Batches": 1, "Original Hash Batches": 1, "Peak Memory Usage": 1, "Plans": [{"Node Type": "Seq Scan", "Parent Relationship": "Outer", "Relation Name": "nation", "Alias": "nation", "Startup Cost": 0.0, "Total Cost": 1.31, "Plan Rows": 1, "Plan Width": 4, "Actual Startup Time": 0.017, "Actual Total Time": 0.026, "Actual Rows": 1, "Actual Loops": 1, "Filter": "(n_name = 'ALGERIA'::bpchar)", "Rows Removed by Filter": 24}]}]}]}]}]}, "Triggers": [], "Planner Runtime": 2, "Total Runtime": 40419.309, "Unique SQL Id": 202076520}}, "(64, 75)": {"explain_plan": {"Plan": {"Node Type": "Sort", "Startup Cost": 5001905877835.34, "Total Cost": 5001905877840.34, "Plan Rows": 2000, "Plan Width": 51, "Sort Key": ["supplier.s_name"], "Plans": [{"Node Type": "Nested Loop", "Parent Relationship": "Outer", "Join Type": "Semi", "Startup Cost": 3020816056870.46, "Total Cost": 5001905877725.68, "Plan Rows": 2000, "Plan Width": 51, "Inner Unique": false, "Plans": [{"Node Type": "Merge Join", "Parent Relationship": "Outer", "Join Type": "Inner", "Startup Cost": 20000000000.0, "Total Cost": 2000001219135.53, "Plan Rows": 4000, "Plan Width": 59, "Inner Unique": true, "Merge Cond": "(supplier.s_nationkey = nation.n_nationkey)", "Plans": [{"Node Type": "Index Scan", "Parent Relationship": "Outer", "Scan Direction": "Forward", "Index Name": "idx_supplier_nation_key", "Relation Name": "supplier", "Alias": "supplier", "Startup Cost": 10000000000.0, "Total Cost": 1000001217556.78, "Plan Rows": 100000, "Plan Width": 63}, {"Node Type": "Materialize", "Parent Relationship": "Inner", "Startup Cost": 10000000000.0, "Total Cost": 1000000001268.75, "Plan Rows": 1, "Plan Width": 4, "Plans": [{"Node Type": "Index Scan", "Parent Relationship": "Outer", "Scan Direction": "Forward", "Index Name": "nation_pkey", "Relation Name": "nation", "Alias": "nation", "Startup Cost": 10000000000.0, "Total Cost": 1000000001268.75, "Plan Rows": 1, "Plan Width": 4, "Filter": "(n_name = 'ALGERIA'::bpchar)"}]}]}, {"Node Type": "Hash Join", "Parent Relationship": "Inner", "Join Type": "Inner", "Startup Cost": 3000816056870.46, "Total Cost": 3000816329020.88, "Plan Rows": 1, "Plan Width": 16, "Inner Unique": false, "Hash Cond": "((lineitem.l_partkey = partsupp.ps_partkey) AND (lineitem.l_suppkey = partsupp.ps_suppkey))", "Join Filter": "((supplier.s_suppkey = lineitem.l_suppkey) AND ((partsupp.ps_availqty)::double precision > (.5::double precision * (sum(lineitem.l_quantity)))))", "Plans": [{"Node Type": "Aggregate", "Strategy": "Hashed", "Parent Relationship": "Outer", "Startup Cost": 1000805475552.94, "Total Cost": 1000805588948.94, "Plan Rows": 9071680, "Plan Width": 40, "Group By Key": ["lineitem.l_partkey", "lineitem.l_suppkey"], "Plans": [{"Node Type": "Index Scan", "Parent Relationship": "Outer", "Scan Direction": "Forward", "Index Name": "idx_lineitem_part_supp", "Relation Name": "lineitem", "Alias": "lineitem", "Startup Cost": 10000000000.0, "Total Cost": 1000805384836.14, "Plan Rows": 9071680, "Plan Width": 24, "Filter": "((l_shipdate >= '1993-01-01 00:00:00'::timestamp(0) without time zone) AND (l_shipdate < '1994-01-01 00:00:00'::timestamp without time zone)), (LLVM Optimized)"}]}, {"Node Type": "Hash", "Parent Relationship": "Inner", "Startup Cost": 2000010581317.5, "Total Cost": 2000010581317.5, "Plan Rows": 1, "Plan Width": 32, "Plans": [{"Node Type": "Hash Join", "Parent Relationship": "Outer", "Join Type": "Right Semi", "Startup Cost": 1010000000932.76, "Total Cost": 2000010581317.5, "Plan Rows": 1, "Plan Width": 32, "Inner Unique": false, "Hash Cond": "(part.p_partkey = partsupp.ps_partkey)", "Plans": [{"Node Type": "Index Scan", "Parent Relationship": "Outer", "Scan Direction": "Forward", "Index Name": "part_kpey", "Relation Name": "part", "Alias": "part", "Startup Cost": 10000000000.0, "Total Cost": 1000010580325.0, "Plan Rows": 22472, "Plan Width": 8, "Filter": "((p_name)::text ~~ 'green%'::text)"}, {"Node Type": "Hash", "Parent Relationship": "Inner", "Startup Cost": 1000000000932.6, "Total Cost": 1000000000932.6, "Plan Rows": 13, "Plan Width": 24, "Plans": [{"Node Type": "Index Scan", "Parent Relationship": "Outer", "Scan Direction": "Forward", "Index Name": "idx_partsupp_suppkey", "Relation Name": "partsupp", "Alias": "partsupp", "Startup Cost": 10000000000.0, "Total Cost": 1000000000932.6, "Plan Rows": 13, "Plan Width": 24, "Index Cond": "(ps_suppkey = supplier.s_suppkey)"}]}]}]}]}]}]}, "Unique SQL Id": 202076520, "Planner Runtime": 3}, "explain_analyze_plan": null}, "(64, 76)": {"explain_plan": {"Plan": {"Node Type": "Sort", "Startup Cost": 2930392.43, "Total Cost": 2930397.43, "Plan Rows": 2000, "Plan Width": 51, "Sort Key": ["supplier.s_name"], "Plans": [{"Node Type": "Hash Join", "Parent Relationship": "Outer", "Join Type": "Right Semi", "Startup Cost": 2635433.06, "Total Cost": 2930282.77, "Plan Rows": 2000, "Plan Width": 51, "Inner Unique": false, "Hash Cond": "(lineitem.l_suppkey = supplier.s_suppkey)", "Plans": [{"Node Type": "Hash Join", "Parent Relationship": "Outer", "Join Type": "Inner", "Startup Cost": 2631808.11, "Total Cost": 2926637.81, "Plan Rows": 2, "Plan Width": 16, "Inner Unique": false, "Hash Cond": "((lineitem.l_partkey = partsupp.ps_partkey) AND (lineitem.l_suppkey = partsupp.ps_suppkey))", "Join Filter": "((partsupp.ps_availqty)::double precision > (.5::double precision * (sum(lineitem.l_quantity))))", "Plans": [{"Node Type": "Aggregate", "Strategy": "Hashed", "Parent Relationship": "Outer", "Startup Cost": 2405767.29, "Total Cost": 2519163.29, "Plan Rows": 9071680, "Plan Width": 40, "Group By Key": ["lineitem.l_partkey", "lineitem.l_suppkey"], "Plans": [{"Node Type": "Seq Scan", "Parent Relationship": "Outer", "Relation Name": "lineitem", "Alias": "lineitem", "Startup Cost": 119.57, "Total Cost": 2315050.5, "Plan Rows": 9071680, "Plan Width": 24, "Filter": "((l_shipdate >= '1993-01-01 00:00:00'::timestamp(0) without time zone) AND (l_shipdate < '1994-01-01 00:00:00'::timestamp without time zone)), (LLVM Optimized)"}]}, {"Node Type": "Hash", "Parent Relationship": "Inner", "Startup Cost": 225072.53, "Total Cost": 225072.53, "Plan Rows": 64552, "Plan Width": 32, "Plans": [{"Node Type": "Nested Loop", "Parent Relationship": "Outer", "Join Type": "Inner", "Startup Cost": 0.0, "Total Cost": 225072.53, "Plan Rows": 64552, "Plan Width": 32, "Inner Unique": false, "Plans": [{"Node Type": "Seq Scan", "Parent Relationship": "Outer", "Relation Name": "part", "Alias": "part", "Startup Cost": 0.0, "Total Cost": 66944.0, "Plan Rows": 22472, "Plan Width": 8, "Filter": "((p_name)::text ~~ 'green%'::text)"}, {"Node Type": "Index Scan", "Parent Relationship": "Inner", "Scan Direction": "Forward", "Index Name": "idx_partsupp_partkey", "Relation Name": "partsupp", "Alias": "partsupp", "Startup Cost": 0.0, "Total Cost": 7.01, "Plan Rows": 3, "Plan Width": 24, "Index Cond": "(ps_partkey = part.p_partkey)"}]}]}]}, {"Node Type": "Hash", "Parent Relationship": "Inner", "Startup Cost": 3574.95, "Total Cost": 3574.95, "Plan Rows": 4000, "Plan Width": 59, "Plans": [{"Node Type": "Hash Join", "Parent Relationship": "Outer", "Join Type": "Inner", "Startup Cost": 1.32, "Total Cost": 3574.95, "Plan Rows": 4000, "Plan Width": 59, "Inner Unique": true, "Hash Cond": "(supplier.s_nationkey = nation.n_nationkey)", "Plans": [{"Node Type": "Seq Scan", "Parent Relationship": "Outer", "Relation Name": "supplier", "Alias": "supplier", "Startup Cost": 0.0, "Total Cost": 3283.0, "Plan Rows": 100000, "Plan Width": 63}, {"Node Type": "Hash", "Parent Relationship": "Inner", "Startup Cost": 1.31, "Total Cost": 1.31, "Plan Rows": 1, "Plan Width": 4, "Plans": [{"Node Type": "Seq Scan", "Parent Relationship": "Outer", "Relation Name": "nation", "Alias": "nation", "Startup Cost": 0.0, "Total Cost": 1.31, "Plan Rows": 1, "Plan Width": 4, "Filter": "(n_name = 'ALGERIA'::bpchar)"}]}]}]}]}]}, "Unique SQL Id": 202076520, "Planner Runtime": 3}, "explain_analyze_plan": {"Plan": {"Node Type": "Sort", "Startup Cost": 2930392.43, "Total Cost": 2930397.43, "Plan Rows": 2000, "Plan Width": 51, "Actual Startup Time": 36485.5, "Actual Total Time": 36485.648, "Actual Rows": 1746, "Actual Loops": 1, "Sort Key": ["supplier.s_name"], "Sort Method": "quicksort", "Sort Space Used": 309, "Sort Space Type": "Memory", "Plans": [{"Node Type": "Hash Join", "Parent Relationship": "Outer", "Join Type": "Right Semi", "Startup Cost": 2635433.06, "Total Cost": 2930282.77, "Plan Rows": 2000, "Plan Width": 51, "Actual Startup Time": 31877.287, "Actual Total Time": 36475.909, "Actual Rows": 1746, "Actual Loops": 1, "Inner Unique": false, "Hash Cond": "(lineitem.l_suppkey = supplier.s_suppkey)", "Plans": [{"Node Type": "Hash Join", "Parent Relationship": "Outer", "Join Type": "Inner", "Startup Cost": 2631808.11, "Total Cost": 2926637.81, "Plan Rows": 2, "Plan Width": 16, "Actual Startup Time": 31823.034, "Actual Total Time": 36409.678, "Actual Rows": 58537, "Actual Loops": 1, "Inner Unique": false, "Hash Cond": "((lineitem.l_partkey = partsupp.ps_partkey) AND (lineitem.l_suppkey = partsupp.ps_suppkey))", "Join Filter": "((partsupp.ps_availqty)::double precision > (.5::double precision * (sum(lineitem.l_quantity))))", "Rows Removed by Join Filter": 136, "Plans": [{"Node Type": "Aggregate", "Strategy": "Hashed", "Parent Relationship": "Outer", "Startup Cost": 2405767.29, "Total Cost": 2519163.29, "Plan Rows": 9071680, "Plan Width": 40, "Actual Startup Time": 30820.882, "Actual Total Time": 33825.619, "Actual Rows": 5442751, "Actual Loops": 1, "Group By Key": ["lineitem.l_partkey", "lineitem.l_suppkey"], "Plans": [{"Node Type": "Seq Scan", "Parent Relationship": "Outer", "Relation Name": "lineitem", "Alias": "lineitem", "Startup Cost": 119.57, "Total Cost": 2315050.5, "Plan Rows": 9071680, "Plan Width": 24, "Actual Startup Time": 0.044, "Actual Total Time": 23190.171, "Actual Rows": 9109641, "Actual Loops": 1, "Filter": "((l_shipdate >= '1993-01-01 00:00:00'::timestamp(0) without time zone) AND (l_shipdate < '1994-01-01 00:00:00'::timestamp without time zone)), (LLVM Optimized, Jit Execute)", "Rows Removed by Filter": 50876411}]}, {"Node Type": "Hash", "Parent Relationship": "Inner", "Startup Cost": 225072.53, "Total Cost": 225072.53, "Plan Rows": 64552, "Plan Width": 32, "Actual Startup Time": 1001.922, "Actual Total Time": 1001.922, "Actual Rows": 86224, "Actual Loops": 1, "Hash Buckets": 65536, "Hash Batches": 1, "Original Hash Batches": 1, "Peak Memory Usage": 5389, "Plans": [{"Node Type": "Nested Loop", "Parent Relationship": "Outer", "Join Type": "Inner", "Startup Cost": 0.0, "Total Cost": 225072.53, "Plan Rows": 64552, "Plan Width": 32, "Actual Startup Time": 0.078, "Actual Total Time": 967.257, "Actual Rows": 86224, "Actual Loops": 1, "Inner Unique": false, "Plans": [{"Node Type": "Seq Scan", "Parent Relationship": "Outer", "Relation Name": "part", "Alias": "part", "Startup Cost": 0.0, "Total Cost": 66944.0, "Plan Rows": 22472, "Plan Width": 8, "Actual Startup Time": 0.039, "Actual Total Time": 767.135, "Actual Rows": 21556, "Actual Loops": 1, "Filter": "((p_name)::text ~~ 'green%'::text)", "Rows Removed by Filter": 1978444}, {"Node Type": "Index Scan", "Parent Relationship": "Inner", "Scan Direction": "Forward", "Index Name": "idx_partsupp_partkey", "Relation Name": "partsupp", "Alias": "partsupp", "Startup Cost": 0.0, "Total Cost": 7.01, "Plan Rows": 3, "Plan Width": 24, "Actual Startup Time": 124.65, "Actual Total Time": 167.192, "Actual Rows": 86224, "Actual Loops": 21556, "Index Cond": "(ps_partkey = part.p_partkey)", "Rows Removed by Index Recheck": 0}]}]}]}, {"Node Type": "Hash", "Parent Relationship": "Inner", "Startup Cost": 3574.95, "Total Cost": 3574.95, "Plan Rows": 4000, "Plan Width": 59, "Actual Startup Time": 48.411, "Actual Total Time": 48.411, "Actual Rows": 3934, "Actual Loops": 1, "Hash Buckets": 32768, "Hash Batches": 1, "Original Hash Batches": 1, "Peak Memory Usage": 368, "Plans": [{"Node Type": "Hash Join", "Parent Relationship": "Outer", "Join Type": "Inner", "Startup Cost": 1.32, "Total Cost": 3574.95, "Plan Rows": 4000, "Plan Width": 59, "Actual Startup Time": 0.099, "Actual Total Time": 46.953, "Actual Rows": 3934, "Actual Loops": 1, "Inner Unique": true, "Hash Cond": "(supplier.s_nationkey = nation.n_nationkey)", "Plans": [{"Node Type": "Seq Scan", "Parent Relationship": "Outer", "Relation Name": "supplier", "Alias": "supplier", "Startup Cost": 0.0, "Total Cost": 3283.0, "Plan Rows": 100000, "Plan Width": 63, "Actual Startup Time": 0.022, "Actual Total Time": 27.225, "Actual Rows": 100000, "Actual Loops": 1}, {"Node Type": "Hash", "Parent Relationship": "Inner", "Startup Cost": 1.31, "Total Cost": 1.31, "Plan Rows": 1, "Plan Width": 4, "Actual Startup Time": 0.035, "Actual Total Time": 0.035, "Actual Rows": 1, "Actual Loops": 1, "Hash Buckets": 32768, "Hash Batches": 1, "Original Hash Batches": 1, "Peak Memory Usage": 1, "Plans": [{"Node Type": "Seq Scan", "Parent Relationship": "Outer", "Relation Name": "nation", "Alias": "nation", "Startup Cost": 0.0, "Total Cost": 1.31, "Plan Rows": 1, "Plan Width": 4, "Actual Startup Time": 0.019, "Actual Total Time": 0.027, "Actual Rows": 1, "Actual Loops": 1, "Filter": "(n_name = 'ALGERIA'::bpchar)", "Rows Removed by Filter": 24}]}]}]}]}]}, "Triggers": [], "Planner Runtime": 2, "Total Runtime": 36495.226, "Unique SQL Id": 202076520}}, "(64, 77)": {"explain_plan": {"Plan": {"Node Type": "Sort", "Startup Cost": 6720005.94, "Total Cost": 6720010.94, "Plan Rows": 2000, "Plan Width": 51, "Sort Key": ["supplier.s_name"], "Plans": [{"Node Type": "Hash Join", "Parent Relationship": "Outer", "Join Type": "Right Semi", "Startup Cost": 6425046.57, "Total Cost": 6719896.28, "Plan Rows": 2000, "Plan Width": 51, "Inner Unique": false, "Hash Cond": "(lineitem.l_suppkey = supplier.s_suppkey)", "Plans": [{"Node Type": "Hash Join", "Parent Relationship": "Outer", "Join Type": "Inner", "Startup Cost": 6419358.7, "Total Cost": 6714188.4, "Plan Rows": 2, "Plan Width": 16, "Inner Unique": false, "Hash Cond": "((lineitem.l_partkey = partsupp.ps_partkey) AND (lineitem.l_suppkey = partsupp.ps_suppkey))", "Join Filter": "((partsupp.ps_availqty)::double precision > (.5::double precision * (sum(lineitem.l_quantity))))", "Plans": [{"Node Type": "Aggregate", "Strategy": "Hashed", "Parent Relationship": "Outer", "Startup Cost": 6154458.63, "Total Cost": 6267854.63, "Plan Rows": 9071680, "Plan Width": 40, "Group By Key": ["lineitem.l_partkey", "lineitem.l_suppkey"], "Plans": [{"Node Type": "Index Scan", "Parent Relationship": "Outer", "Scan Direction": "Forward", "Index Name": "idx_lineitem_shipdate", "Relation Name": "lineitem", "Alias": "lineitem", "Startup Cost": 0.0, "Total Cost": 6063741.83, "Plan Rows": 9071680, "Plan Width": 24, "Index Cond": "((l_shipdate >= '1993-01-01 00:00:00'::timestamp(0) without time zone) AND (l_shipdate < '1994-01-01 00:00:00'::timestamp without time zone)), (LLVM Optimized)"}]}, {"Node Type": "Hash", "Parent Relationship": "Inner", "Startup Cost": 263931.78, "Total Cost": 263931.78, "Plan Rows": 64552, "Plan Width": 32, "Plans": [{"Node Type": "Nested Loop", "Parent Relationship": "Outer", "Join Type": "Inner", "Startup Cost": 0.0, "Total Cost": 263931.78, "Plan Rows": 64552, "Plan Width": 32, "Inner Unique": false, "Plans": [{"Node Type": "Index Scan", "Parent Relationship": "Outer", "Scan Direction": "Forward", "Index Name": "part_kpey", "Relation Name": "part", "Alias": "part", "Startup Cost": 0.0, "Total Cost": 105803.25, "Plan Rows": 22472, "Plan Width": 8, "Filter": "((p_name)::text ~~ 'green%'::text)"}, {"Node Type": "Index Scan", "Parent Relationship": "Inner", "Scan Direction": "Forward", "Index Name": "idx_partsupp_partkey", "Relation Name": "partsupp", "Alias": "partsupp", "Startup Cost": 0.0, "Total Cost": 7.01, "Plan Rows": 3, "Plan Width": 24, "Index Cond": "(ps_partkey = part.p_partkey)"}]}]}]}, {"Node Type": "Hash", "Parent Relationship": "Inner", "Startup Cost": 5637.87, "Total Cost": 5637.87, "Plan Rows": 4000, "Plan Width": 59, "Plans": [{"Node Type": "Hash Join", "Parent Relationship": "Outer", "Join Type": "Inner", "Startup Cost": 12.7, "Total Cost": 5637.87, "Plan Rows": 4000, "Plan Width": 59, "Inner Unique": true, "Hash Cond": "(supplier.s_nationkey = nation.n_nationkey)", "Plans": [{"Node Type": "Index Scan", "Parent Relationship": "Outer", "Scan Direction": "Forward", "Index Name": "supplier_pkey", "Relation Name": "supplier", "Alias": "supplier", "Startup Cost": 0.0, "Total Cost": 5334.54, "Plan Rows": 100000, "Plan Width": 63}, {"Node Type": "Hash", "Parent Relationship": "Inner", "Startup Cost": 12.69, "Total Cost": 12.69, "Plan Rows": 1, "Plan Width": 4, "Plans": [{"Node Type": "Index Scan", "Parent Relationship": "Outer", "Scan Direction": "Forward", "Index Name": "nation_pkey", "Relation Name": "nation", "Alias": "nation", "Startup Cost": 0.0, "Total Cost": 12.69, "Plan Rows": 1, "Plan Width": 4, "Filter": "(n_name = 'ALGERIA'::bpchar)"}]}]}]}]}]}, "Unique SQL Id": 202076520, "Planner Runtime": 3}, "explain_analyze_plan": {"Plan": {"Node Type": "Sort", "Startup Cost": 6720005.94, "Total Cost": 6720010.94, "Plan Rows": 2000, "Plan Width": 51, "Actual Startup Time": 37951.991, "Actual Total Time": 37952.17, "Actual Rows": 1746, "Actual Loops": 1, "Sort Key": ["supplier.s_name"], "Sort Method": "quicksort", "Sort Space Used": 309, "Sort Space Type": "Memory", "Plans": [{"Node Type": "Hash Join", "Parent Relationship": "Outer", "Join Type": "Right Semi", "Startup Cost": 6425046.57, "Total Cost": 6719896.28, "Plan Rows": 2000, "Plan Width": 51, "Actual Startup Time": 33695.563, "Actual Total Time": 37941.802, "Actual Rows": 1746, "Actual Loops": 1, "Inner Unique": false, "Hash Cond": "(lineitem.l_suppkey = supplier.s_suppkey)", "Plans": [{"Node Type": "Hash Join", "Parent Relationship": "Outer", "Join Type": "Inner", "Startup Cost": 6419358.7, "Total Cost": 6714188.4, "Plan Rows": 2, "Plan Width": 16, "Actual Startup Time": 33617.215, "Actual Total Time": 37853.439, "Actual Rows": 58537, "Actual Loops": 1, "Inner Unique": false, "Hash Cond": "((lineitem.l_partkey = partsupp.ps_partkey) AND (lineitem.l_suppkey = partsupp.ps_suppkey))", "Join Filter": "((partsupp.ps_availqty)::double precision > (.5::double precision * (sum(lineitem.l_quantity))))", "Rows Removed by Join Filter": 136, "Plans": [{"Node Type": "Aggregate", "Strategy": "Hashed", "Parent Relationship": "Outer", "Startup Cost": 6154458.63, "Total Cost": 6267854.63, "Plan Rows": 9071680, "Plan Width": 40, "Actual Startup Time": 31806.716, "Actual Total Time": 34556.876, "Actual Rows": 5442751, "Actual Loops": 1, "Group By Key": ["lineitem.l_partkey", "lineitem.l_suppkey"], "Plans": [{"Node Type": "Index Scan", "Parent Relationship": "Outer", "Scan Direction": "Forward", "Index Name": "idx_lineitem_shipdate", "Relation Name": "lineitem", "Alias": "lineitem", "Startup Cost": 0.0, "Total Cost": 6063741.83, "Plan Rows": 9071680, "Plan Width": 24, "Actual Startup Time": 0.081, "Actual Total Time": 23380.249, "Actual Rows": 9109641, "Actual Loops": 1, "Index Cond": "((l_shipdate >= '1993-01-01 00:00:00'::timestamp(0) without time zone) AND (l_shipdate < '1994-01-01 00:00:00'::timestamp without time zone)), (LLVM Optimized, Jit Execute)", "Rows Removed by Index Recheck": 0}]}, {"Node Type": "Hash", "Parent Relationship": "Inner", "Startup Cost": 263931.78, "Total Cost": 263931.78, "Plan Rows": 64552, "Plan Width": 32, "Actual Startup Time": 1809.883, "Actual Total Time": 1809.883, "Actual Rows": 86224, "Actual Loops": 1, "Hash Buckets": 65536, "Hash Batches": 1, "Original Hash Batches": 1, "Peak Memory Usage": 5389, "Plans": [{"Node Type": "Nested Loop", "Parent Relationship": "Outer", "Join Type": "Inner", "Startup Cost": 0.0, "Total Cost": 263931.78, "Plan Rows": 64552, "Plan Width": 32, "Actual Startup Time": 0.091, "Actual Total Time": 1767.629, "Actual Rows": 86224, "Actual Loops": 1, "Inner Unique": false, "Plans": [{"Node Type": "Index Scan", "Parent Relationship": "Outer", "Scan Direction": "Forward", "Index Name": "part_kpey", "Relation Name": "part", "Alias": "part", "Startup Cost": 0.0, "Total Cost": 105803.25, "Plan Rows": 22472, "Plan Width": 8, "Actual Startup Time": 0.066, "Actual Total Time": 1527.871, "Actual Rows": 21556, "Actual Loops": 1, "Filter": "((p_name)::text ~~ 'green%'::text)", "Rows Removed by Filter": 1978444}, {"Node Type": "Index Scan", "Parent Relationship": "Inner", "Scan Direction": "Forward", "Index Name": "idx_partsupp_partkey", "Relation Name": "partsupp", "Alias": "partsupp", "Startup Cost": 0.0, "Total Cost": 7.01, "Plan Rows": 3, "Plan Width": 24, "Actual Startup Time": 158.221, "Actual Total Time": 206.922, "Actual Rows": 86224, "Actual Loops": 21556, "Index Cond": "(ps_partkey = part.p_partkey)", "Rows Removed by Index Recheck": 0}]}]}]}, {"Node Type": "Hash", "Parent Relationship": "Inner", "Startup Cost": 5637.87, "Total Cost": 5637.87, "Plan Rows": 4000, "Plan Width": 59, "Actual Startup Time": 71.42, "Actual Total Time": 71.42, "Actual Rows": 3934, "Actual Loops": 1, "Hash Buckets": 32768, "Hash Batches": 1, "Original Hash Batches": 1, "Peak Memory Usage": 368, "Plans": [{"Node Type": "Hash Join", "Parent Relationship": "Outer", "Join Type": "Inner", "Startup Cost": 12.7, "Total Cost": 5637.87, "Plan Rows": 4000, "Plan Width": 59, "Actual Startup Time": 0.112, "Actual Total Time": 69.871, "Actual Rows": 3934, "Actual Loops": 1, "Inner Unique": true, "Hash Cond": "(supplier.s_nationkey = nation.n_nationkey)", "Plans": [{"Node Type": "Index Scan", "Parent Relationship": "Outer", "Scan Direction": "Forward", "Index Name": "supplier_pkey", "Relation Name": "supplier", "Alias": "supplier", "Startup Cost": 0.0, "Total Cost": 5334.54, "Plan Rows": 100000, "Plan Width": 63, "Actual Startup Time": 0.029, "Actual Total Time": 49.925, "Actual Rows": 100000, "Actual Loops": 1}, {"Node Type": "Hash", "Parent Relationship": "Inner", "Startup Cost": 12.69, "Total Cost": 12.69, "Plan Rows": 1, "Plan Width": 4, "Actual Startup Time": 0.034, "Actual Total Time": 0.034, "Actual Rows": 1, "Actual Loops": 1, "Hash Buckets": 32768, "Hash Batches": 1, "Original Hash Batches": 1, "Peak Memory Usage": 1, "Plans": [{"Node Type": "Index Scan", "Parent Relationship": "Outer", "Scan Direction": "Forward", "Index Name": "nation_pkey", "Relation Name": "nation", "Alias": "nation", "Startup Cost": 0.0, "Total Cost": 12.69, "Plan Rows": 1, "Plan Width": 4, "Actual Startup Time": 0.013, "Actual Total Time": 0.029, "Actual Rows": 1, "Actual Loops": 1, "Filter": "(n_name = 'ALGERIA'::bpchar)", "Rows Removed by Filter": 24}]}]}]}]}]}, "Triggers": [], "Planner Runtime": 2, "Total Runtime": 37961.705, "Unique SQL Id": 202076520}}, "(64, 78)": {"explain_plan": {"Plan": {"Node Type": "Sort", "Startup Cost": 3063182.61, "Total Cost": 3063187.61, "Plan Rows": 2000, "Plan Width": 51, "Sort Key": ["supplier.s_name"], "Plans": [{"Node Type": "Hash Join", "Parent Relationship": "Outer", "Join Type": "Right Semi", "Startup Cost": 2768223.24, "Total Cost": 3063072.95, "Plan Rows": 2000, "Plan Width": 51, "Inner Unique": false, "Hash Cond": "(lineitem.l_suppkey = supplier.s_suppkey)", "Plans": [{"Node Type": "Hash Join", "Parent Relationship": "Outer", "Join Type": "Inner", "Startup Cost": 2764598.29, "Total Cost": 3059427.99, "Plan Rows": 2, "Plan Width": 16, "Inner Unique": false, "Hash Cond": "((lineitem.l_partkey = partsupp.ps_partkey) AND (lineitem.l_suppkey = partsupp.ps_suppkey))", "Join Filter": "((partsupp.ps_availqty)::double precision > (.5::double precision * (sum(lineitem.l_quantity))))", "Plans": [{"Node Type": "Aggregate", "Strategy": "Hashed", "Parent Relationship": "Outer", "Startup Cost": 2405767.29, "Total Cost": 2519163.29, "Plan Rows": 9071680, "Plan Width": 40, "Group By Key": ["lineitem.l_partkey", "lineitem.l_suppkey"], "Plans": [{"Node Type": "Seq Scan", "Parent Relationship": "Outer", "Relation Name": "lineitem", "Alias": "lineitem", "Startup Cost": 119.57, "Total Cost": 2315050.5, "Plan Rows": 9071680, "Plan Width": 24, "Filter": "((l_shipdate >= '1993-01-01 00:00:00'::timestamp(0) without time zone) AND (l_shipdate < '1994-01-01 00:00:00'::timestamp without time zone)), (LLVM Optimized)"}]}, {"Node Type": "Hash", "Parent Relationship": "Inner", "Startup Cost": 357862.71, "Total Cost": 357862.71, "Plan Rows": 64552, "Plan Width": 32, "Plans": [{"Node Type": "Hash Join", "Parent Relationship": "Outer", "Join Type": "Inner", "Startup Cost": 67224.9, "Total Cost": 357862.71, "Plan Rows": 64552, "Plan Width": 32, "Inner Unique": true, "Hash Cond": "(partsupp.ps_partkey = part.p_partkey)", "Plans": [{"Node Type": "Seq Scan", "Parent Relationship": "Outer", "Relation Name": "partsupp", "Alias": "partsupp", "Startup Cost": 0.0, "Total Cost": 269987.72, "Plan Rows": 8000372, "Plan Width": 24}, {"Node Type": "Hash", "Parent Relationship": "Inner", "Startup Cost": 66944.0, "Total Cost": 66944.0, "Plan Rows": 22472, "Plan Width": 8, "Plans": [{"Node Type": "Seq Scan", "Parent Relationship": "Outer", "Relation Name": "part", "Alias": "part", "Startup Cost": 0.0, "Total Cost": 66944.0, "Plan Rows": 22472, "Plan Width": 8, "Filter": "((p_name)::text ~~ 'green%'::text)"}]}]}]}]}, {"Node Type": "Hash", "Parent Relationship": "Inner", "Startup Cost": 3574.95, "Total Cost": 3574.95, "Plan Rows": 4000, "Plan Width": 59, "Plans": [{"Node Type": "Hash Join", "Parent Relationship": "Outer", "Join Type": "Inner", "Startup Cost": 1.32, "Total Cost": 3574.95, "Plan Rows": 4000, "Plan Width": 59, "Inner Unique": true, "Hash Cond": "(supplier.s_nationkey = nation.n_nationkey)", "Plans": [{"Node Type": "Seq Scan", "Parent Relationship": "Outer", "Relation Name": "supplier", "Alias": "supplier", "Startup Cost": 0.0, "Total Cost": 3283.0, "Plan Rows": 100000, "Plan Width": 63}, {"Node Type": "Hash", "Parent Relationship": "Inner", "Startup Cost": 1.31, "Total Cost": 1.31, "Plan Rows": 1, "Plan Width": 4, "Plans": [{"Node Type": "Seq Scan", "Parent Relationship": "Outer", "Relation Name": "nation", "Alias": "nation", "Startup Cost": 0.0, "Total Cost": 1.31, "Plan Rows": 1, "Plan Width": 4, "Filter": "(n_name = 'ALGERIA'::bpchar)"}]}]}]}]}]}, "Unique SQL Id": 202076520, "Planner Runtime": 2}, "explain_analyze_plan": {"Plan": {"Node Type": "Sort", "Startup Cost": 3063182.61, "Total Cost": 3063187.61, "Plan Rows": 2000, "Plan Width": 51, "Actual Startup Time": 40409.402, "Actual Total Time": 40409.557, "Actual Rows": 1746, "Actual Loops": 1, "Sort Key": ["supplier.s_name"], "Sort Method": "quicksort", "Sort Space Used": 309, "Sort Space Type": "Memory", "Plans": [{"Node Type": "Hash Join", "Parent Relationship": "Outer", "Join Type": "Right Semi", "Startup Cost": 2768223.24, "Total Cost": 3063072.95, "Plan Rows": 2000, "Plan Width": 51, "Actual Startup Time": 35140.2, "Actual Total Time": 40399.756, "Actual Rows": 1746, "Actual Loops": 1, "Inner Unique": false, "Hash Cond": "(lineitem.l_suppkey = supplier.s_suppkey)", "Plans": [{"Node Type": "Hash Join", "Parent Relationship": "Outer", "Join Type": "Inner", "Startup Cost": 2764598.29, "Total Cost": 3059427.99, "Plan Rows": 2, "Plan Width": 16, "Actual Startup Time": 35085.971, "Actual Total Time": 40331.182, "Actual Rows": 58537, "Actual Loops": 1, "Inner Unique": false, "Hash Cond": "((lineitem.l_partkey = partsupp.ps_partkey) AND (lineitem.l_suppkey = partsupp.ps_suppkey))", "Join Filter": "((partsupp.ps_availqty)::double precision > (.5::double precision * (sum(lineitem.l_quantity))))", "Rows Removed by Join Filter": 136, "Plans": [{"Node Type": "Aggregate", "Strategy": "Hashed", "Parent Relationship": "Outer", "Startup Cost": 2405767.29, "Total Cost": 2519163.29, "Plan Rows": 9071680, "Plan Width": 40, "Actual Startup Time": 30419.839, "Actual Total Time": 34121.602, "Actual Rows": 5442751, "Actual Loops": 1, "Group By Key": ["lineitem.l_partkey", "lineitem.l_suppkey"], "Plans": [{"Node Type": "Seq Scan", "Parent Relationship": "Outer", "Relation Name": "lineitem", "Alias": "lineitem", "Startup Cost": 119.57, "Total Cost": 2315050.5, "Plan Rows": 9071680, "Plan Width": 24, "Actual Startup Time": 0.051, "Actual Total Time": 23119.877, "Actual Rows": 9109641, "Actual Loops": 1, "Filter": "((l_shipdate >= '1993-01-01 00:00:00'::timestamp(0) without time zone) AND (l_shipdate < '1994-01-01 00:00:00'::timestamp without time zone)), (LLVM Optimized, Jit Execute)", "Rows Removed by Filter": 50876411}]}, {"Node Type": "Hash", "Parent Relationship": "Inner", "Startup Cost": 357862.71, "Total Cost": 357862.71, "Plan Rows": 64552, "Plan Width": 32, "Actual Startup Time": 4665.749, "Actual Total Time": 4665.749, "Actual Rows": 86224, "Actual Loops": 1, "Hash Buckets": 65536, "Hash Batches": 1, "Original Hash Batches": 1, "Peak Memory Usage": 5389, "Plans": [{"Node Type": "Hash Join", "Parent Relationship": "Outer", "Join Type": "Inner", "Startup Cost": 67224.9, "Total Cost": 357862.71, "Plan Rows": 64552, "Plan Width": 32, "Actual Startup Time": 766.655, "Actual Total Time": 4628.176, "Actual Rows": 86224, "Actual Loops": 1, "Inner Unique": true, "Hash Cond": "(partsupp.ps_partkey = part.p_partkey)", "Plans": [{"Node Type": "Seq Scan", "Parent Relationship": "Outer", "Relation Name": "partsupp", "Alias": "partsupp", "Startup Cost": 0.0, "Total Cost": 269987.72, "Plan Rows": 8000372, "Plan Width": 24, "Actual Startup Time": 0.022, "Actual Total Time": 2301.962, "Actual Rows": 8000000, "Actual Loops": 1}, {"Node Type": "Hash", "Parent Relationship": "Inner", "Startup Cost": 66944.0, "Total Cost": 66944.0, "Plan Rows": 22472, "Plan Width": 8, "Actual Startup Time": 766.484, "Actual Total Time": 766.484, "Actual Rows": 21556, "Actual Loops": 1, "Hash Buckets": 32768, "Hash Batches": 1, "Original Hash Batches": 1, "Peak Memory Usage": 843, "Plans": [{"Node Type": "Seq Scan", "Parent Relationship": "Outer", "Relation Name": "part", "Alias": "part", "Startup Cost": 0.0, "Total Cost": 66944.0, "Plan Rows": 22472, "Plan Width": 8, "Actual Startup Time": 0.033, "Actual Total Time": 757.233, "Actual Rows": 21556, "Actual Loops": 1, "Filter": "((p_name)::text ~~ 'green%'::text)", "Rows Removed by Filter": 1978444}]}]}]}]}, {"Node Type": "Hash", "Parent Relationship": "Inner", "Startup Cost": 3574.95, "Total Cost": 3574.95, "Plan Rows": 4000, "Plan Width": 59, "Actual Startup Time": 48.442, "Actual Total Time": 48.442, "Actual Rows": 3934, "Actual Loops": 1, "Hash Buckets": 32768, "Hash Batches": 1, "Original Hash Batches": 1, "Peak Memory Usage": 368, "Plans": [{"Node Type": "Hash Join", "Parent Relationship": "Outer", "Join Type": "Inner", "Startup Cost": 1.32, "Total Cost": 3574.95, "Plan Rows": 4000, "Plan Width": 59, "Actual Startup Time": 0.1, "Actual Total Time": 46.974, "Actual Rows": 3934, "Actual Loops": 1, "Inner Unique": true, "Hash Cond": "(supplier.s_nationkey = nation.n_nationkey)", "Plans": [{"Node Type": "Seq Scan", "Parent Relationship": "Outer", "Relation Name": "supplier", "Alias": "supplier", "Startup Cost": 0.0, "Total Cost": 3283.0, "Plan Rows": 100000, "Plan Width": 63, "Actual Startup Time": 0.021, "Actual Total Time": 27.134, "Actual Rows": 100000, "Actual Loops": 1}, {"Node Type": "Hash", "Parent Relationship": "Inner", "Startup Cost": 1.31, "Total Cost": 1.31, "Plan Rows": 1, "Plan Width": 4, "Actual Startup Time": 0.037, "Actual Total Time": 0.037, "Actual Rows": 1, "Actual Loops": 1, "Hash Buckets": 32768, "Hash Batches": 1, "Original Hash Batches": 1, "Peak Memory Usage": 1, "Plans": [{"Node Type": "Seq Scan", "Parent Relationship": "Outer", "Relation Name": "nation", "Alias": "nation", "Startup Cost": 0.0, "Total Cost": 1.31, "Plan Rows": 1, "Plan Width": 4, "Actual Startup Time": 0.017, "Actual Total Time": 0.026, "Actual Rows": 1, "Actual Loops": 1, "Filter": "(n_name = 'ALGERIA'::bpchar)", "Rows Removed by Filter": 24}]}]}]}]}]}, "Triggers": [], "Planner Runtime": 2, "Total Runtime": 40419.309, "Unique SQL Id": 202076520}}, "(64, 79)": {"explain_plan": {"Plan": {"Node Type": "Sort", "Startup Cost": 5001905877835.34, "Total Cost": 5001905877840.34, "Plan Rows": 2000, "Plan Width": 51, "Sort Key": ["supplier.s_name"], "Plans": [{"Node Type": "Nested Loop", "Parent Relationship": "Outer", "Join Type": "Semi", "Startup Cost": 3020816056870.46, "Total Cost": 5001905877725.68, "Plan Rows": 2000, "Plan Width": 51, "Inner Unique": false, "Plans": [{"Node Type": "Merge Join", "Parent Relationship": "Outer", "Join Type": "Inner", "Startup Cost": 20000000000.0, "Total Cost": 2000001219135.53, "Plan Rows": 4000, "Plan Width": 59, "Inner Unique": true, "Merge Cond": "(supplier.s_nationkey = nation.n_nationkey)", "Plans": [{"Node Type": "Index Scan", "Parent Relationship": "Outer", "Scan Direction": "Forward", "Index Name": "idx_supplier_nation_key", "Relation Name": "supplier", "Alias": "supplier", "Startup Cost": 10000000000.0, "Total Cost": 1000001217556.78, "Plan Rows": 100000, "Plan Width": 63}, {"Node Type": "Materialize", "Parent Relationship": "Inner", "Startup Cost": 10000000000.0, "Total Cost": 1000000001268.75, "Plan Rows": 1, "Plan Width": 4, "Plans": [{"Node Type": "Index Scan", "Parent Relationship": "Outer", "Scan Direction": "Forward", "Index Name": "nation_pkey", "Relation Name": "nation", "Alias": "nation", "Startup Cost": 10000000000.0, "Total Cost": 1000000001268.75, "Plan Rows": 1, "Plan Width": 4, "Filter": "(n_name = 'ALGERIA'::bpchar)"}]}]}, {"Node Type": "Hash Join", "Parent Relationship": "Inner", "Join Type": "Inner", "Startup Cost": 3000816056870.46, "Total Cost": 3000816329020.88, "Plan Rows": 1, "Plan Width": 16, "Inner Unique": false, "Hash Cond": "((lineitem.l_partkey = partsupp.ps_partkey) AND (lineitem.l_suppkey = partsupp.ps_suppkey))", "Join Filter": "((supplier.s_suppkey = lineitem.l_suppkey) AND ((partsupp.ps_availqty)::double precision > (.5::double precision * (sum(lineitem.l_quantity)))))", "Plans": [{"Node Type": "Aggregate", "Strategy": "Hashed", "Parent Relationship": "Outer", "Startup Cost": 1000805475552.94, "Total Cost": 1000805588948.94, "Plan Rows": 9071680, "Plan Width": 40, "Group By Key": ["lineitem.l_partkey", "lineitem.l_suppkey"], "Plans": [{"Node Type": "Index Scan", "Parent Relationship": "Outer", "Scan Direction": "Forward", "Index Name": "idx_lineitem_part_supp", "Relation Name": "lineitem", "Alias": "lineitem", "Startup Cost": 10000000000.0, "Total Cost": 1000805384836.14, "Plan Rows": 9071680, "Plan Width": 24, "Filter": "((l_shipdate >= '1993-01-01 00:00:00'::timestamp(0) without time zone) AND (l_shipdate < '1994-01-01 00:00:00'::timestamp without time zone)), (LLVM Optimized)"}]}, {"Node Type": "Hash", "Parent Relationship": "Inner", "Startup Cost": 2000010581317.5, "Total Cost": 2000010581317.5, "Plan Rows": 1, "Plan Width": 32, "Plans": [{"Node Type": "Hash Join", "Parent Relationship": "Outer", "Join Type": "Right Semi", "Startup Cost": 1010000000932.76, "Total Cost": 2000010581317.5, "Plan Rows": 1, "Plan Width": 32, "Inner Unique": false, "Hash Cond": "(part.p_partkey = partsupp.ps_partkey)", "Plans": [{"Node Type": "Index Scan", "Parent Relationship": "Outer", "Scan Direction": "Forward", "Index Name": "part_kpey", "Relation Name": "part", "Alias": "part", "Startup Cost": 10000000000.0, "Total Cost": 1000010580325.0, "Plan Rows": 22472, "Plan Width": 8, "Filter": "((p_name)::text ~~ 'green%'::text)"}, {"Node Type": "Hash", "Parent Relationship": "Inner", "Startup Cost": 1000000000932.6, "Total Cost": 1000000000932.6, "Plan Rows": 13, "Plan Width": 24, "Plans": [{"Node Type": "Index Scan", "Parent Relationship": "Outer", "Scan Direction": "Forward", "Index Name": "idx_partsupp_suppkey", "Relation Name": "partsupp", "Alias": "partsupp", "Startup Cost": 10000000000.0, "Total Cost": 1000000000932.6, "Plan Rows": 13, "Plan Width": 24, "Index Cond": "(ps_suppkey = supplier.s_suppkey)"}]}]}]}]}]}]}, "Unique SQL Id": 202076520, "Planner Runtime": 3}, "explain_analyze_plan": null}, "(64, 80)": {"explain_plan": {"Plan": {"Node Type": "Sort", "Startup Cost": 3527405.4, "Total Cost": 3527410.4, "Plan Rows": 2000, "Plan Width": 51, "Sort Key": ["supplier.s_name"], "Plans": [{"Node Type": "Nested Loop", "Parent Relationship": "Outer", "Join Type": "Inner", "Startup Cost": 3439058.32, "Total Cost": 3527295.74, "Plan Rows": 2000, "Plan Width": 51, "Inner Unique": true, "Plans": [{"Node Type": "Merge Join", "Parent Relationship": "Outer", "Join Type": "Semi", "Startup Cost": 3439058.32, "Total Cost": 3513164.74, "Plan Rows": 50000, "Plan Width": 55, "Inner Unique": false, "Merge Cond": "(supplier.s_suppkey = subquery.\"?column?\")", "Plans": [{"Node Type": "Index Scan", "Parent Relationship": "Outer", "Scan Direction": "Forward", "Index Name": "supplier_pkey", "Relation Name": "supplier", "Alias": "supplier", "Startup Cost": 0.0, "Total Cost": 5334.54, "Plan Rows": 100000, "Plan Width": 63}, {"Node Type": "Materialize", "Parent Relationship": "Inner", "Startup Cost": 3439058.32, "Total Cost": 3507580.17, "Plan Rows": 2, "Plan Width": 16, "Plans": [{"Node Type": "Merge Join", "Parent Relationship": "Outer", "Join Type": "Inner", "Startup Cost": 3439058.32, "Total Cost": 3507580.16, "Plan Rows": 2, "Plan Width": 16, "Inner Unique": true, "Merge Cond": "((partsupp.ps_suppkey = subquery.\"?column?\") AND (partsupp.ps_partkey = subquery.\"?column?\"))", "Join Filter": "((partsupp.ps_availqty)::double precision > (.5::double precision * subquery.\"?column?\"))", "Plans": [{"Node Type": "Sort", "Parent Relationship": "Outer", "Startup Cost": 230229.65, "Total Cost": 230391.03, "Plan Rows": 64552, "Plan Width": 32, "Sort Key": ["partsupp.ps_suppkey", "partsupp.ps_partkey"], "Plans": [{"Node Type": "Nested Loop", "Parent Relationship": "Outer", "Join Type": "Inner", "Startup Cost": 0.0, "Total Cost": 225072.53, "Plan Rows": 64552, "Plan Width": 32, "Inner Unique": false, "Plans": [{"Node Type": "Seq Scan", "Parent Relationship": "Outer", "Relation Name": "part", "Alias": "part", "Startup Cost": 0.0, "Total Cost": 66944.0, "Plan Rows": 22472, "Plan Width": 8, "Filter": "((p_name)::text ~~ 'green%'::text)"}, {"Node Type": "Index Scan", "Parent Relationship": "Inner", "Scan Direction": "Forward", "Index Name": "idx_partsupp_partkey", "Relation Name": "partsupp", "Alias": "partsupp", "Startup Cost": 0.0, "Total Cost": 7.01, "Plan Rows": 3, "Plan Width": 24, "Index Cond": "(ps_partkey = part.p_partkey)"}]}]}, {"Node Type": "Sort", "Parent Relationship": "Inner", "Startup Cost": 3208828.67, "Total Cost": 3231507.87, "Plan Rows": 9071680, "Plan Width": 24, "Sort Key": ["subquery.\"?column?\"", "subquery.\"?column?\""], "Plans": [{"Node Type": "Subquery Scan", "Parent Relationship": "Outer", "Alias": "subquery", "Startup Cost": 1956349.97, "Total Cost": 2160462.77, "Plan Rows": 9071680, "Plan Width": 24, "Plans": [{"Node Type": "Aggregate", "Strategy": "Hashed", "Parent Relationship": "Subquery", "Startup Cost": 1956349.97, "Total Cost": 2069745.97, "Plan Rows": 9071680, "Plan Width": 40, "Group By Key": ["lineitem.l_partkey", "lineitem.l_suppkey"], "Plans": [{"Node Type": "Bitmap Heap Scan", "Parent Relationship": "Outer", "Relation Name": "lineitem", "Alias": "lineitem", "Startup Cost": 314312.97, "Total Cost": 1865633.17, "Plan Rows": 9071680, "Plan Width": 24, "Recheck Cond": "((l_shipdate >= '1993-01-01 00:00:00'::timestamp(0) without time zone) AND (l_shipdate < '1994-01-01 00:00:00'::timestamp without time zone)), (LLVM Optimized)", "Plans": [{"Node Type": "Bitmap Index Scan", "Parent Relationship": "Outer", "Index Name": "idx_lineitem_shipdate", "Startup Cost": 0.0, "Total Cost": 312045.05, "Plan Rows": 9071680, "Plan Width": 0, "Index Cond": "((l_shipdate >= '1993-01-01 00:00:00'::timestamp(0) without time zone) AND (l_shipdate < '1994-01-01 00:00:00'::timestamp without time zone))"}]}]}]}]}]}]}]}, {"Node Type": "Index Scan", "Parent Relationship": "Inner", "Scan Direction": "Forward", "Index Name": "nation_pkey", "Relation Name": "nation", "Alias": "nation", "Startup Cost": 0.0, "Total Cost": 0.27, "Plan Rows": 1, "Plan Width": 4, "Index Cond": "(n_nationkey = supplier.s_nationkey)", "Filter": "(n_name = 'ALGERIA'::bpchar)"}]}]}, "Unique SQL Id": 202076520, "Planner Runtime": 2}, "explain_analyze_plan": {"Plan": {"Node Type": "Sort", "Startup Cost": 3527405.4, "Total Cost": 3527410.4, "Plan Rows": 2000, "Plan Width": 51, "Actual Startup Time": 30282.126, "Actual Total Time": 30282.269, "Actual Rows": 1746, "Actual Loops": 1, "Sort Key": ["supplier.s_name"], "Sort Method": "quicksort", "Sort Space Used": 309, "Sort Space Type": "Memory", "Plans": [{"Node Type": "Nested Loop", "Parent Relationship": "Outer", "Join Type": "Inner", "Startup Cost": 3439058.32, "Total Cost": 3527295.74, "Plan Rows": 2000, "Plan Width": 51, "Actual Startup Time": 28127.251, "Actual Total Time": 30279.381, "Actual Rows": 1746, "Actual Loops": 1, "Inner Unique": true, "Plans": [{"Node Type": "Merge Join", "Parent Relationship": "Outer", "Join Type": "Semi", "Startup Cost": 3439058.32, "Total Cost": 3513164.74, "Plan Rows": 50000, "Plan Width": 55, "Actual Startup Time": 28126.068, "Actual Total Time": 30156.267, "Actual Rows": 44487, "Actual Loops": 1, "Inner Unique": false, "Merge Cond": "(supplier.s_suppkey = subquery.\"?column?\")", "Plans": [{"Node Type": "Index Scan", "Parent Relationship": "Outer", "Scan Direction": "Forward", "Index Name": "supplier_pkey", "Relation Name": "supplier", "Alias": "supplier", "Startup Cost": 0.0, "Total Cost": 5334.54, "Plan Rows": 100000, "Plan Width": 63, "Actual Startup Time": 0.029, "Actual Total Time": 59.003, "Actual Rows": 100000, "Actual Loops": 1}, {"Node Type": "Materialize", "Parent Relationship": "Inner", "Startup Cost": 3439058.32, "Total Cost": 3507580.17, "Plan Rows": 2, "Plan Width": 16, "Actual Startup Time": 28126.008, "Actual Total Time": 30052.61, "Actual Rows": 58537, "Actual Loops": 1, "Plans": [{"Node Type": "Merge Join", "Parent Relationship": "Outer", "Join Type": "Inner", "Startup Cost": 3439058.32, "Total Cost": 3507580.16, "Plan Rows": 2, "Plan Width": 16, "Actual Startup Time": 28126.006, "Actual Total Time": 30043.514, "Actual Rows": 58537, "Actual Loops": 1, "Inner Unique": true, "Merge Cond": "((partsupp.ps_suppkey = subquery.\"?column?\") AND (partsupp.ps_partkey = subquery.\"?column?\"))", "Join Filter": "((partsupp.ps_availqty)::double precision > (.5::double precision * subquery.\"?column?\"))", "Rows Removed by Join Filter": 0, "Plans": [{"Node Type": "Sort", "Parent Relationship": "Outer", "Startup Cost": 230229.65, "Total Cost": 230391.03, "Plan Rows": 64552, "Plan Width": 32, "Actual Startup Time": 1104.291, "Actual Total Time": 1127.214, "Actual Rows": 86224, "Actual Loops": 1, "Sort Key": ["partsupp.ps_suppkey", "partsupp.ps_partkey"], "Sort Method": "quicksort", "Sort Space Used": 11156, "Sort Space Type": "Memory", "Plans": [{"Node Type": "Nested Loop", "Parent Relationship": "Outer", "Join Type": "Inner", "Startup Cost": 0.0, "Total Cost": 225072.53, "Plan Rows": 64552, "Plan Width": 32, "Actual Startup Time": 0.042, "Actual Total Time": 1055.225, "Actual Rows": 86224, "Actual Loops": 1, "Inner Unique": false, "Plans": [{"Node Type": "Seq Scan", "Parent Relationship": "Outer", "Relation Name": "part", "Alias": "part", "Startup Cost": 0.0, "Total Cost": 66944.0, "Plan Rows": 22472, "Plan Width": 8, "Actual Startup Time": 0.026, "Actual Total Time": 808.518, "Actual Rows": 21556, "Actual Loops": 1, "Filter": "((p_name)::text ~~ 'green%'::text)", "Rows Removed by Filter": 1978444}, {"Node Type": "Index Scan", "Parent Relationship": "Inner", "Scan Direction": "Forward", "Index Name": "idx_partsupp_partkey", "Relation Name": "partsupp", "Alias": "partsupp", "Startup Cost": 0.0, "Total Cost": 7.01, "Plan Rows": 3, "Plan Width": 24, "Actual Startup Time": 165.165, "Actual Total Time": 216.205, "Actual Rows": 86224, "Actual Loops": 21556, "Index Cond": "(ps_partkey = part.p_partkey)", "Rows Removed by Index Recheck": 0}]}]}, {"Node Type": "Sort", "Parent Relationship": "Inner", "Startup Cost": 3208828.67, "Total Cost": 3231507.87, "Plan Rows": 9071680, "Plan Width": 24, "Actual Startup Time": 27021.446, "Actual Total Time": 28090.461, "Actual Rows": 5442737, "Actual Loops": 1, "Sort Key": ["subquery.\"?column?\"", "subquery.\"?column?\""], "Sort Method": "quicksort", "Sort Space Used": 706866, "Sort Space Type": "Memory", "Plans": [{"Node Type": "Subquery Scan", "Parent Relationship": "Outer", "Alias": "subquery", "Startup Cost": 1956349.97, "Total Cost": 2160462.77, "Plan Rows": 9071680, "Plan Width": 24, "Actual Startup Time": 18608.181, "Actual Total Time": 22568.159, "Actual Rows": 5442751, "Actual Loops": 1, "Plans": [{"Node Type": "Aggregate", "Strategy": "Hashed", "Parent Relationship": "Subquery", "Startup Cost": 1956349.97, "Total Cost": 2069745.97, "Plan Rows": 9071680, "Plan Width": 40, "Actual Startup Time": 18608.172, "Actual Total Time": 21558.573, "Actual Rows": 5442751, "Actual Loops": 1, "Group By Key": ["lineitem.l_partkey", "lineitem.l_suppkey"], "Plans": [{"Node Type": "Bitmap Heap Scan", "Parent Relationship": "Outer", "Relation Name": "lineitem", "Alias": "lineitem", "Startup Cost": 314312.97, "Total Cost": 1865633.17, "Plan Rows": 9071680, "Plan Width": 24, "Actual Startup Time": 4118.887, "Actual Total Time": 11908.413, "Actual Rows": 9109641, "Actual Loops": 1, "Recheck Cond": "((l_shipdate >= '1993-01-01 00:00:00'::timestamp(0) without time zone) AND (l_shipdate < '1994-01-01 00:00:00'::timestamp without time zone)), (LLVM Optimized, Jit Execute)", "Rows Removed by Index Recheck": 0, "Exact Heap Blocks": 1252335, "Lossy Heap Blocks": 1252335, "Plans": [{"Node Type": "Bitmap Index Scan", "Parent Relationship": "Outer", "Index Name": "idx_lineitem_shipdate", "Startup Cost": 0.0, "Total Cost": 312045.05, "Plan Rows": 9071680, "Plan Width": 0, "Actual Startup Time": 3539.503, "Actual Total Time": 3539.503, "Actual Rows": 9109641, "Actual Loops": 1, "Index Cond": "((l_shipdate >= '1993-01-01 00:00:00'::timestamp(0) without time zone) AND (l_shipdate < '1994-01-01 00:00:00'::timestamp without time zone))"}]}]}]}]}]}]}]}, {"Node Type": "Index Scan", "Parent Relationship": "Inner", "Scan Direction": "Forward", "Index Name": "nation_pkey", "Relation Name": "nation", "Alias": "nation", "Startup Cost": 0.0, "Total Cost": 0.27, "Plan Rows": 1, "Plan Width": 4, "Actual Startup Time": 98.032, "Actual Total Time": 98.032, "Actual Rows": 1746, "Actual Loops": 44487, "Index Cond": "(n_nationkey = supplier.s_nationkey)", "Rows Removed by Index Recheck": 0, "Filter": "(n_name = 'ALGERIA'::bpchar)", "Rows Removed by Filter": 42741}]}]}, "Triggers": [], "Planner Runtime": 2, "Total Runtime": 30293.412, "Unique SQL Id": 202076520}}, "(64, 81)": {"explain_plan": {"Plan": {"Node Type": "Sort", "Startup Cost": 3528034.41, "Total Cost": 3528039.41, "Plan Rows": 2000, "Plan Width": 51, "Sort Key": ["supplier.s_name"], "Plans": [{"Node Type": "Merge Join", "Parent Relationship": "Outer", "Join Type": "Semi", "Startup Cost": 3527904.72, "Total Cost": 3527924.75, "Plan Rows": 2000, "Plan Width": 51, "Inner Unique": false, "Merge Cond": "(supplier.s_suppkey = subquery.\"?column?\")", "Plans": [{"Node Type": "Sort", "Parent Relationship": "Outer", "Startup Cost": 2784.04, "Total Cost": 2794.04, "Plan Rows": 4000, "Plan Width": 59, "Sort Key": ["supplier.s_suppkey"], "Plans": [{"Node Type": "Nested Loop", "Parent Relationship": "Outer", "Join Type": "Inner", "Startup Cost": 95.25, "Total Cost": 2544.73, "Plan Rows": 4000, "Plan Width": 59, "Inner Unique": false, "Plans": [{"Node Type": "Index Scan", "Parent Relationship": "Outer", "Scan Direction": "Forward", "Index Name": "nation_pkey", "Relation Name": "nation", "Alias": "nation", "Startup Cost": 0.0, "Total Cost": 12.69, "Plan Rows": 1, "Plan Width": 4, "Filter": "(n_name = 'ALGERIA'::bpchar)"}, {"Node Type": "Bitmap Heap Scan", "Parent Relationship": "Inner", "Relation Name": "supplier", "Alias": "supplier", "Startup Cost": 95.25, "Total Cost": 2492.04, "Plan Rows": 4000, "Plan Width": 63, "Recheck Cond": "(s_nationkey = nation.n_nationkey)", "Plans": [{"Node Type": "Bitmap Index Scan", "Parent Relationship": "Outer", "Index Name": "idx_supplier_nation_key", "Startup Cost": 0.0, "Total Cost": 94.25, "Plan Rows": 4000, "Plan Width": 0, "Index Cond": "(s_nationkey = nation.n_nationkey)"}]}]}]}, {"Node Type": "Sort", "Parent Relationship": "Inner", "Startup Cost": 3525120.68, "Total Cost": 3525120.69, "Plan Rows": 2, "Plan Width": 16, "Sort Key": ["partsupp.ps_suppkey"], "Plans": [{"Node Type": "Merge Join", "Parent Relationship": "Outer", "Join Type": "Inner", "Startup Cost": 3208828.67, "Total Cost": 3525120.67, "Plan Rows": 2, "Plan Width": 16, "Inner Unique": true, "Merge Cond": "(partsupp.ps_partkey = subquery.\"?column?\")", "Join Filter": "((partsupp.ps_suppkey = subquery.\"?column?\") AND ((partsupp.ps_availqty)::double precision > (.5::double precision * subquery.\"?column?\")))", "Plans": [{"Node Type": "Nested Loop", "Parent Relationship": "Outer", "Join Type": "Inner", "Startup Cost": 0.0, "Total Cost": 263931.78, "Plan Rows": 64552, "Plan Width": 32, "Inner Unique": false, "Plans": [{"Node Type": "Index Scan", "Parent Relationship": "Outer", "Scan Direction": "Forward", "Index Name": "part_kpey", "Relation Name": "part", "Alias": "part", "Startup Cost": 0.0, "Total Cost": 105803.25, "Plan Rows": 22472, "Plan Width": 8, "Filter": "((p_name)::text ~~ 'green%'::text)"}, {"Node Type": "Index Scan", "Parent Relationship": "Inner", "Scan Direction": "Forward", "Index Name": "idx_partsupp_partkey", "Relation Name": "partsupp", "Alias": "partsupp", "Startup Cost": 0.0, "Total Cost": 7.01, "Plan Rows": 3, "Plan Width": 24, "Index Cond": "(ps_partkey = part.p_partkey)"}]}, {"Node Type": "Sort", "Parent Relationship": "Inner", "Startup Cost": 3208828.67, "Total Cost": 3231507.87, "Plan Rows": 9071680, "Plan Width": 24, "Sort Key": ["subquery.\"?column?\""], "Plans": [{"Node Type": "Subquery Scan", "Parent Relationship": "Outer", "Alias": "subquery", "Startup Cost": 1956349.97, "Total Cost": 2160462.77, "Plan Rows": 9071680, "Plan Width": 24, "Plans": [{"Node Type": "Aggregate", "Strategy": "Hashed", "Parent Relationship": "Subquery", "Startup Cost": 1956349.97, "Total Cost": 2069745.97, "Plan Rows": 9071680, "Plan Width": 40, "Group By Key": ["lineitem.l_partkey", "lineitem.l_suppkey"], "Plans": [{"Node Type": "Bitmap Heap Scan", "Parent Relationship": "Outer", "Relation Name": "lineitem", "Alias": "lineitem", "Startup Cost": 314312.97, "Total Cost": 1865633.17, "Plan Rows": 9071680, "Plan Width": 24, "Recheck Cond": "((l_shipdate >= '1993-01-01 00:00:00'::timestamp(0) without time zone) AND (l_shipdate < '1994-01-01 00:00:00'::timestamp without time zone)), (LLVM Optimized)", "Plans": [{"Node Type": "Bitmap Index Scan", "Parent Relationship": "Outer", "Index Name": "idx_lineitem_shipdate", "Startup Cost": 0.0, "Total Cost": 312045.05, "Plan Rows": 9071680, "Plan Width": 0, "Index Cond": "((l_shipdate >= '1993-01-01 00:00:00'::timestamp(0) without time zone) AND (l_shipdate < '1994-01-01 00:00:00'::timestamp without time zone))"}]}]}]}]}]}]}]}]}, "Unique SQL Id": 202076520, "Planner Runtime": 3}, "explain_analyze_plan": {"Plan": {"Node Type": "Sort", "Startup Cost": 3528034.41, "Total Cost": 3528039.41, "Plan Rows": 2000, "Plan Width": 51, "Actual Startup Time": 28333.842, "Actual Total Time": 28333.995, "Actual Rows": 1746, "Actual Loops": 1, "Sort Key": ["supplier.s_name"], "Sort Method": "quicksort", "Sort Space Used": 309, "Sort Space Type": "Memory", "Plans": [{"Node Type": "Merge Join", "Parent Relationship": "Outer", "Join Type": "Semi", "Startup Cost": 3527904.72, "Total Cost": 3527924.75, "Plan Rows": 2000, "Plan Width": 51, "Actual Startup Time": 28314.143, "Actual Total Time": 28332.423, "Actual Rows": 1746, "Actual Loops": 1, "Inner Unique": false, "Merge Cond": "(supplier.s_suppkey = subquery.\"?column?\")", "Plans": [{"Node Type": "Sort", "Parent Relationship": "Outer", "Startup Cost": 2784.04, "Total Cost": 2794.04, "Plan Rows": 4000, "Plan Width": 59, "Actual Startup Time": 7.706, "Actual Total Time": 8.193, "Actual Rows": 3934, "Actual Loops": 1, "Sort Key": ["supplier.s_suppkey"], "Sort Method": "quicksort", "Sort Space Used": 711, "Sort Space Type": "Memory", "Plans": [{"Node Type": "Nested Loop", "Parent Relationship": "Outer", "Join Type": "Inner", "Startup Cost": 95.25, "Total Cost": 2544.73, "Plan Rows": 4000, "Plan Width": 59, "Actual Startup Time": 0.943, "Actual Total Time": 6.297, "Actual Rows": 3934, "Actual Loops": 1, "Inner Unique": false, "Plans": [{"Node Type": "Index Scan", "Parent Relationship": "Outer", "Scan Direction": "Forward", "Index Name": "nation_pkey", "Relation Name": "nation", "Alias": "nation", "Startup Cost": 0.0, "Total Cost": 12.69, "Plan Rows": 1, "Plan Width": 4, "Actual Startup Time": 0.023, "Actual Total Time": 0.043, "Actual Rows": 1, "Actual Loops": 1, "Filter": "(n_name = 'ALGERIA'::bpchar)", "Rows Removed by Filter": 24}, {"Node Type": "Bitmap Heap Scan", "Parent Relationship": "Inner", "Relation Name": "supplier", "Alias": "supplier", "Startup Cost": 95.25, "Total Cost": 2492.04, "Plan Rows": 4000, "Plan Width": 63, "Actual Startup Time": 0.913, "Actual Total Time": 5.491, "Actual Rows": 3934, "Actual Loops": 1, "Recheck Cond": "(s_nationkey = nation.n_nationkey)", "Rows Removed by Index Recheck": 0, "Exact Heap Blocks": 1897, "Lossy Heap Blocks": 1897, "Plans": [{"Node Type": "Bitmap Index Scan", "Parent Relationship": "Outer", "Index Name": "idx_supplier_nation_key", "Startup Cost": 0.0, "Total Cost": 94.25, "Plan Rows": 4000, "Plan Width": 0, "Actual Startup Time": 0.626, "Actual Total Time": 0.626, "Actual Rows": 3934, "Actual Loops": 1, "Index Cond": "(s_nationkey = nation.n_nationkey)"}]}]}]}, {"Node Type": "Sort", "Parent Relationship": "Inner", "Startup Cost": 3525120.68, "Total Cost": 3525120.69, "Plan Rows": 2, "Plan Width": 16, "Actual Startup Time": 28306.413, "Actual Total Time": 28315.01, "Actual Rows": 58530, "Actual Loops": 1, "Sort Key": ["partsupp.ps_suppkey"], "Sort Method": "quicksort", "Sort Space Used": 7024, "Sort Space Type": "Memory", "Plans": [{"Node Type": "Merge Join", "Parent Relationship": "Outer", "Join Type": "Inner", "Startup Cost": 3208828.67, "Total Cost": 3525120.67, "Plan Rows": 2, "Plan Width": 16, "Actual Startup Time": 24708.644, "Actual Total Time": 28280.01, "Actual Rows": 58537, "Actual Loops": 1, "Inner Unique": true, "Merge Cond": "(partsupp.ps_partkey = subquery.\"?column?\")", "Join Filter": "((partsupp.ps_suppkey = subquery.\"?column?\") AND ((partsupp.ps_availqty)::double precision > (.5::double precision * subquery.\"?column?\")))", "Rows Removed by Join Filter": 0, "Plans": [{"Node Type": "Nested Loop", "Parent Relationship": "Outer", "Join Type": "Inner", "Startup Cost": 0.0, "Total Cost": 263931.78, "Plan Rows": 64552, "Plan Width": 32, "Actual Startup Time": 0.069, "Actual Total Time": 1551.397, "Actual Rows": 86224, "Actual Loops": 1, "Inner Unique": false, "Plans": [{"Node Type": "Index Scan", "Parent Relationship": "Outer", "Scan Direction": "Forward", "Index Name": "part_kpey", "Relation Name": "part", "Alias": "part", "Startup Cost": 0.0, "Total Cost": 105803.25, "Plan Rows": 22472, "Plan Width": 8, "Actual Startup Time": 0.053, "Actual Total Time": 1338.304, "Actual Rows": 21556, "Actual Loops": 1, "Filter": "((p_name)::text ~~ 'green%'::text)", "Rows Removed by Filter": 1978444}, {"Node Type": "Index Scan", "Parent Relationship": "Inner", "Scan Direction": "Forward", "Index Name": "idx_partsupp_partkey", "Relation Name": "partsupp", "Alias": "partsupp", "Startup Cost": 0.0, "Total Cost": 7.01, "Plan Rows": 3, "Plan Width": 24, "Actual Startup Time": 129.715, "Actual Total Time": 179.49, "Actual Rows": 86224, "Actual Loops": 21556, "Index Cond": "(ps_partkey = part.p_partkey)", "Rows Removed by Index Recheck": 0}]}, {"Node Type": "Sort", "Parent Relationship": "Inner", "Startup Cost": 3208828.67, "Total Cost": 3231507.87, "Plan Rows": 9071680, "Plan Width": 24, "Actual Startup Time": 24707.959, "Actual Total Time": 25943.617, "Actual Rows": 5530092, "Actual Loops": 1, "Sort Key": ["subquery.\"?column?\""], "Sort Method": "quicksort", "Sort Space Used": 706866, "Sort Space Type": "Memory", "Plans": [{"Node Type": "Subquery Scan", "Parent Relationship": "Outer", "Alias": "subquery", "Startup Cost": 1956349.97, "Total Cost": 2160462.77, "Plan Rows": 9071680, "Plan Width": 24, "Actual Startup Time": 18292.697, "Actual Total Time": 22396.374, "Actual Rows": 5442751, "Actual Loops": 1, "Plans": [{"Node Type": "Aggregate", "Strategy": "Hashed", "Parent Relationship": "Subquery", "Startup Cost": 1956349.97, "Total Cost": 2069745.97, "Plan Rows": 9071680, "Plan Width": 40, "Actual Startup Time": 18292.689, "Actual Total Time": 21382.749, "Actual Rows": 5442751, "Actual Loops": 1, "Group By Key": ["lineitem.l_partkey", "lineitem.l_suppkey"], "Plans": [{"Node Type": "Bitmap Heap Scan", "Parent Relationship": "Outer", "Relation Name": "lineitem", "Alias": "lineitem", "Startup Cost": 314312.97, "Total Cost": 1865633.17, "Plan Rows": 9071680, "Plan Width": 24, "Actual Startup Time": 3826.534, "Actual Total Time": 11605.608, "Actual Rows": 9109641, "Actual Loops": 1, "Recheck Cond": "((l_shipdate >= '1993-01-01 00:00:00'::timestamp(0) without time zone) AND (l_shipdate < '1994-01-01 00:00:00'::timestamp without time zone)), (LLVM Optimized, Jit Execute)", "Rows Removed by Index Recheck": 0, "Exact Heap Blocks": 1252335, "Lossy Heap Blocks": 1252335, "Plans": [{"Node Type": "Bitmap Index Scan", "Parent Relationship": "Outer", "Index Name": "idx_lineitem_shipdate", "Startup Cost": 0.0, "Total Cost": 312045.05, "Plan Rows": 9071680, "Plan Width": 0, "Actual Startup Time": 3271.249, "Actual Total Time": 3271.249, "Actual Rows": 9109641, "Actual Loops": 1, "Index Cond": "((l_shipdate >= '1993-01-01 00:00:00'::timestamp(0) without time zone) AND (l_shipdate < '1994-01-01 00:00:00'::timestamp without time zone))"}]}]}]}]}]}]}]}]}, "Triggers": [], "Planner Runtime": 2, "Total Runtime": 28345.064, "Unique SQL Id": 202076520}}, "(64, 82)": {"explain_plan": {"Plan": {"Node Type": "Sort", "Startup Cost": 3694487.63, "Total Cost": 3694492.63, "Plan Rows": 2000, "Plan Width": 51, "Sort Key": ["supplier.s_name"], "Plans": [{"Node Type": "Merge Join", "Parent Relationship": "Outer", "Join Type": "Semi", "Startup Cost": 3625836.1, "Total Cost": 3694377.98, "Plan Rows": 2000, "Plan Width": 51, "Inner Unique": false, "Merge Cond": "(supplier.s_suppkey = subquery.\"?column?\")", "Plans": [{"Node Type": "Sort", "Parent Relationship": "Outer", "Startup Cost": 2772.67, "Total Cost": 2782.67, "Plan Rows": 4000, "Plan Width": 59, "Sort Key": ["supplier.s_suppkey"], "Plans": [{"Node Type": "Nested Loop", "Parent Relationship": "Outer", "Join Type": "Inner", "Startup Cost": 95.25, "Total Cost": 2533.35, "Plan Rows": 4000, "Plan Width": 59, "Inner Unique": false, "Plans": [{"Node Type": "Seq Scan", "Parent Relationship": "Outer", "Relation Name": "nation", "Alias": "nation", "Startup Cost": 0.0, "Total Cost": 1.31, "Plan Rows": 1, "Plan Width": 4, "Filter": "(n_name = 'ALGERIA'::bpchar)"}, {"Node Type": "Bitmap Heap Scan", "Parent Relationship": "Inner", "Relation Name": "supplier", "Alias": "supplier", "Startup Cost": 95.25, "Total Cost": 2492.04, "Plan Rows": 4000, "Plan Width": 63, "Recheck Cond": "(s_nationkey = nation.n_nationkey)", "Plans": [{"Node Type": "Bitmap Index Scan", "Parent Relationship": "Outer", "Index Name": "idx_supplier_nation_key", "Startup Cost": 0.0, "Total Cost": 94.25, "Plan Rows": 4000, "Plan Width": 0, "Index Cond": "(s_nationkey = nation.n_nationkey)"}]}]}]}, {"Node Type": "Materialize", "Parent Relationship": "Inner", "Startup Cost": 3623063.44, "Total Cost": 3691585.29, "Plan Rows": 2, "Plan Width": 16, "Plans": [{"Node Type": "Merge Join", "Parent Relationship": "Outer", "Join Type": "Inner", "Startup Cost": 3623063.44, "Total Cost": 3691585.28, "Plan Rows": 2, "Plan Width": 16, "Inner Unique": true, "Merge Cond": "((partsupp.ps_suppkey = subquery.\"?column?\") AND (partsupp.ps_partkey = subquery.\"?column?\"))", "Join Filter": "((partsupp.ps_availqty)::double precision > (.5::double precision * subquery.\"?column?\"))", "Plans": [{"Node Type": "Sort", "Parent Relationship": "Outer", "Startup Cost": 414234.76, "Total Cost": 414396.14, "Plan Rows": 64552, "Plan Width": 32, "Sort Key": ["partsupp.ps_suppkey", "partsupp.ps_partkey"], "Plans": [{"Node Type": "Nested Loop", "Parent Relationship": "Outer", "Join Type": "Inner", "Startup Cost": 3.19, "Total Cost": 409077.65, "Plan Rows": 64552, "Plan Width": 32, "Inner Unique": false, "Plans": [{"Node Type": "Seq Scan", "Parent Relationship": "Outer", "Relation Name": "part", "Alias": "part", "Startup Cost": 0.0, "Total Cost": 66944.0, "Plan Rows": 22472, "Plan Width": 8, "Filter": "((p_name)::text ~~ 'green%'::text)"}, {"Node Type": "Bitmap Heap Scan", "Parent Relationship": "Inner", "Relation Name": "partsupp", "Alias": "partsupp", "Startup Cost": 3.19, "Total Cost": 15.19, "Plan Rows": 3, "Plan Width": 24, "Recheck Cond": "(ps_partkey = part.p_partkey)", "Plans": [{"Node Type": "Bitmap Index Scan", "Parent Relationship": "Outer", "Index Name": "idx_partsupp_partkey", "Startup Cost": 0.0, "Total Cost": 3.19, "Plan Rows": 3, "Plan Width": 0, "Index Cond": "(ps_partkey = part.p_partkey)"}]}]}]}, {"Node Type": "Sort", "Parent Relationship": "Inner", "Startup Cost": 3208828.67, "Total Cost": 3231507.87, "Plan Rows": 9071680, "Plan Width": 24, "Sort Key": ["subquery.\"?column?\"", "subquery.\"?column?\""], "Plans": [{"Node Type": "Subquery Scan", "Parent Relationship": "Outer", "Alias": "subquery", "Startup Cost": 1956349.97, "Total Cost": 2160462.77, "Plan Rows": 9071680, "Plan Width": 24, "Plans": [{"Node Type": "Aggregate", "Strategy": "Hashed", "Parent Relationship": "Subquery", "Startup Cost": 1956349.97, "Total Cost": 2069745.97, "Plan Rows": 9071680, "Plan Width": 40, "Group By Key": ["lineitem.l_partkey", "lineitem.l_suppkey"], "Plans": [{"Node Type": "Bitmap Heap Scan", "Parent Relationship": "Outer", "Relation Name": "lineitem", "Alias": "lineitem", "Startup Cost": 314312.97, "Total Cost": 1865633.17, "Plan Rows": 9071680, "Plan Width": 24, "Recheck Cond": "((l_shipdate >= '1993-01-01 00:00:00'::timestamp(0) without time zone) AND (l_shipdate < '1994-01-01 00:00:00'::timestamp without time zone)), (LLVM Optimized)", "Plans": [{"Node Type": "Bitmap Index Scan", "Parent Relationship": "Outer", "Index Name": "idx_lineitem_shipdate", "Startup Cost": 0.0, "Total Cost": 312045.05, "Plan Rows": 9071680, "Plan Width": 0, "Index Cond": "((l_shipdate >= '1993-01-01 00:00:00'::timestamp(0) without time zone) AND (l_shipdate < '1994-01-01 00:00:00'::timestamp without time zone))"}]}]}]}]}]}]}]}]}, "Unique SQL Id": 202076520, "Planner Runtime": 3}, "explain_analyze_plan": {"Plan": {"Node Type": "Sort", "Startup Cost": 3694487.63, "Total Cost": 3694492.63, "Plan Rows": 2000, "Plan Width": 51, "Actual Startup Time": 33259.928, "Actual Total Time": 33260.111, "Actual Rows": 1746, "Actual Loops": 1, "Sort Key": ["supplier.s_name"], "Sort Method": "quicksort", "Sort Space Used": 309, "Sort Space Type": "Memory", "Plans": [{"Node Type": "Merge Join", "Parent Relationship": "Outer", "Join Type": "Semi", "Startup Cost": 3625836.1, "Total Cost": 3694377.98, "Plan Rows": 2000, "Plan Width": 51, "Actual Startup Time": 30630.892, "Actual Total Time": 33257.613, "Actual Rows": 1746, "Actual Loops": 1, "Inner Unique": false, "Merge Cond": "(supplier.s_suppkey = subquery.\"?column?\")", "Plans": [{"Node Type": "Sort", "Parent Relationship": "Outer", "Startup Cost": 2772.67, "Total Cost": 2782.67, "Plan Rows": 4000, "Plan Width": 59, "Actual Startup Time": 7.678, "Actual Total Time": 8.584, "Actual Rows": 3934, "Actual Loops": 1, "Sort Key": ["supplier.s_suppkey"], "Sort Method": "quicksort", "Sort Space Used": 711, "Sort Space Type": "Memory", "Plans": [{"Node Type": "Nested Loop", "Parent Relationship": "Outer", "Join Type": "Inner", "Startup Cost": 95.25, "Total Cost": 2533.35, "Plan Rows": 4000, "Plan Width": 59, "Actual Startup Time": 0.955, "Actual Total Time": 6.264, "Actual Rows": 3934, "Actual Loops": 1, "Inner Unique": false, "Plans": [{"Node Type": "Seq Scan", "Parent Relationship": "Outer", "Relation Name": "nation", "Alias": "nation", "Startup Cost": 0.0, "Total Cost": 1.31, "Plan Rows": 1, "Plan Width": 4, "Actual Startup Time": 0.024, "Actual Total Time": 0.038, "Actual Rows": 1, "Actual Loops": 1, "Filter": "(n_name = 'ALGERIA'::bpchar)", "Rows Removed by Filter": 24}, {"Node Type": "Bitmap Heap Scan", "Parent Relationship": "Inner", "Relation Name": "supplier", "Alias": "supplier", "Startup Cost": 95.25, "Total Cost": 2492.04, "Plan Rows": 4000, "Plan Width": 63, "Actual Startup Time": 0.924, "Actual Total Time": 5.437, "Actual Rows": 3934, "Actual Loops": 1, "Recheck Cond": "(s_nationkey = nation.n_nationkey)", "Rows Removed by Index Recheck": 0, "Exact Heap Blocks": 1897, "Lossy Heap Blocks": 1897, "Plans": [{"Node Type": "Bitmap Index Scan", "Parent Relationship": "Outer", "Index Name": "idx_supplier_nation_key", "Startup Cost": 0.0, "Total Cost": 94.25, "Plan Rows": 4000, "Plan Width": 0, "Actual Startup Time": 0.634, "Actual Total Time": 0.634, "Actual Rows": 3934, "Actual Loops": 1, "Index Cond": "(s_nationkey = nation.n_nationkey)"}]}]}]}, {"Node Type": "Materialize", "Parent Relationship": "Inner", "Startup Cost": 3623063.44, "Total Cost": 3691585.29, "Plan Rows": 2, "Plan Width": 16, "Actual Startup Time": 30622.507, "Actual Total Time": 33231.88, "Actual Rows": 58530, "Actual Loops": 1, "Plans": [{"Node Type": "Merge Join", "Parent Relationship": "Outer", "Join Type": "Inner", "Startup Cost": 3623063.44, "Total Cost": 3691585.28, "Plan Rows": 2, "Plan Width": 16, "Actual Startup Time": 30622.505, "Actual Total Time": 33223.534, "Actual Rows": 58530, "Actual Loops": 1, "Inner Unique": true, "Merge Cond": "((partsupp.ps_suppkey = subquery.\"?column?\") AND (partsupp.ps_partkey = subquery.\"?column?\"))", "Join Filter": "((partsupp.ps_availqty)::double precision > (.5::double precision * subquery.\"?column?\"))", "Rows Removed by Join Filter": 0, "Plans": [{"Node Type": "Sort", "Parent Relationship": "Outer", "Startup Cost": 414234.76, "Total Cost": 414396.14, "Plan Rows": 64552, "Plan Width": 32, "Actual Startup Time": 1023.17, "Actual Total Time": 1051.543, "Actual Rows": 86215, "Actual Loops": 1, "Sort Key": ["partsupp.ps_suppkey", "partsupp.ps_partkey"], "Sort Method": "quicksort", "Sort Space Used": 11156, "Sort Space Type": "Memory", "Plans": [{"Node Type": "Nested Loop", "Parent Relationship": "Outer", "Join Type": "Inner", "Startup Cost": 3.19, "Total Cost": 409077.65, "Plan Rows": 64552, "Plan Width": 32, "Actual Startup Time": 0.069, "Actual Total Time": 976.051, "Actual Rows": 86224, "Actual Loops": 1, "Inner Unique": false, "Plans": [{"Node Type": "Seq Scan", "Parent Relationship": "Outer", "Relation Name": "part", "Alias": "part", "Startup Cost": 0.0, "Total Cost": 66944.0, "Plan Rows": 22472, "Plan Width": 8, "Actual Startup Time": 0.034, "Actual Total Time": 755.873, "Actual Rows": 21556, "Actual Loops": 1, "Filter": "((p_name)::text ~~ 'green%'::text)", "Rows Removed by Filter": 1978444}, {"Node Type": "Bitmap Heap Scan", "Parent Relationship": "Inner", "Relation Name": "partsupp", "Alias": "partsupp", "Startup Cost": 3.19, "Total Cost": 15.19, "Plan Rows": 3, "Plan Width": 24, "Actual Startup Time": 161.901, "Actual Total Time": 176.814, "Actual Rows": 86224, "Actual Loops": 21556, "Recheck Cond": "(ps_partkey = part.p_partkey)", "Rows Removed by Index Recheck": 0, "Exact Heap Blocks": 23502, "Lossy Heap Blocks": 23502, "Plans": [{"Node Type": "Bitmap Index Scan", "Parent Relationship": "Outer", "Index Name": "idx_partsupp_partkey", "Startup Cost": 0.0, "Total Cost": 3.19, "Plan Rows": 3, "Plan Width": 0, "Actual Startup Time": 89.46, "Actual Total Time": 89.46, "Actual Rows": 86224, "Actual Loops": 21556, "Index Cond": "(ps_partkey = part.p_partkey)"}]}]}]}, {"Node Type": "Sort", "Parent Relationship": "Inner", "Startup Cost": 3208828.67, "Total Cost": 3231507.87, "Plan Rows": 9071680, "Plan Width": 24, "Actual Startup Time": 29599.197, "Actual Total Time": 31345.119, "Actual Rows": 5442190, "Actual Loops": 1, "Sort Key": ["subquery.\"?column?\"", "subquery.\"?column?\""], "Sort Method": "quicksort", "Sort Space Used": 706866, "Sort Space Type": "Memory", "Plans": [{"Node Type": "Subquery Scan", "Parent Relationship": "Outer", "Alias": "subquery", "Startup Cost": 1956349.97, "Total Cost": 2160462.77, "Plan Rows": 9071680, "Plan Width": 24, "Actual Startup Time": 19593.348, "Actual Total Time": 24596.385, "Actual Rows": 5442751, "Actual Loops": 1, "Plans": [{"Node Type": "Aggregate", "Strategy": "Hashed", "Parent Relationship": "Subquery", "Startup Cost": 1956349.97, "Total Cost": 2069745.97, "Plan Rows": 9071680, "Plan Width": 40, "Actual Startup Time": 19593.336, "Actual Total Time": 23579.347, "Actual Rows": 5442751, "Actual Loops": 1, "Group By Key": ["lineitem.l_partkey", "lineitem.l_suppkey"], "Plans": [{"Node Type": "Bitmap Heap Scan", "Parent Relationship": "Outer", "Relation Name": "lineitem", "Alias": "lineitem", "Startup Cost": 314312.97, "Total Cost": 1865633.17, "Plan Rows": 9071680, "Plan Width": 24, "Actual Startup Time": 4291.716, "Actual Total Time": 12005.047, "Actual Rows": 9109641, "Actual Loops": 1, "Recheck Cond": "((l_shipdate >= '1993-01-01 00:00:00'::timestamp(0) without time zone) AND (l_shipdate < '1994-01-01 00:00:00'::timestamp without time zone)), (LLVM Optimized, Jit Execute)", "Rows Removed by Index Recheck": 0, "Exact Heap Blocks": 1252335, "Lossy Heap Blocks": 1252335, "Plans": [{"Node Type": "Bitmap Index Scan", "Parent Relationship": "Outer", "Index Name": "idx_lineitem_shipdate", "Startup Cost": 0.0, "Total Cost": 312045.05, "Plan Rows": 9071680, "Plan Width": 0, "Actual Startup Time": 3637.971, "Actual Total Time": 3637.971, "Actual Rows": 9109641, "Actual Loops": 1, "Index Cond": "((l_shipdate >= '1993-01-01 00:00:00'::timestamp(0) without time zone) AND (l_shipdate < '1994-01-01 00:00:00'::timestamp without time zone))"}]}]}]}]}]}]}]}]}, "Triggers": [], "Planner Runtime": 2, "Total Runtime": 33272.134, "Unique SQL Id": 202076520}}, "(64, 83)": {"explain_plan": {"Plan": {"Node Type": "Sort", "Startup Cost": 41474309.17, "Total Cost": 41474314.17, "Plan Rows": 2000, "Plan Width": 51, "Sort Key": ["supplier.s_name"], "Plans": [{"Node Type": "Nested Loop", "Parent Relationship": "Outer", "Join Type": "Inner", "Startup Cost": 41260049.96, "Total Cost": 41474199.51, "Plan Rows": 2000, "Plan Width": 51, "Inner Unique": true, "Plans": [{"Node Type": "Nested Loop", "Parent Relationship": "Outer", "Join Type": "Inner", "Startup Cost": 41260049.7, "Total Cost": 41260058.01, "Plan Rows": 50000, "Plan Width": 55, "Inner Unique": true, "Plans": [{"Node Type": "Unique", "Parent Relationship": "Outer", "Startup Cost": 41260049.44, "Total Cost": 41260049.45, "Plan Rows": 2, "Plan Width": 16, "Plans": [{"Node Type": "Sort", "Parent Relationship": "Outer", "Startup Cost": 41260049.44, "Total Cost": 41260049.45, "Plan Rows": 2, "Plan Width": 16, "Sort Key": ["partsupp.ps_suppkey"], "Plans": [{"Node Type": "Nested Loop", "Parent Relationship": "Outer", "Join Type": "Semi", "Startup Cost": 1956350.51, "Total Cost": 41260049.43, "Plan Rows": 2, "Plan Width": 16, "Inner Unique": false, "Join Filter": "(partsupp.ps_partkey = part.p_partkey)", "Plans": [{"Node Type": "Nested Loop", "Parent Relationship": "Outer", "Join Type": "Inner", "Startup Cost": 1956350.25, "Total Cost": 41259981.09, "Plan Rows": 15, "Plan Width": 32, "Inner Unique": true, "Plans": [{"Node Type": "Aggregate", "Strategy": "Hashed", "Parent Relationship": "Outer", "Startup Cost": 1956349.97, "Total Cost": 2069745.97, "Plan Rows": 9071680, "Plan Width": 40, "Group By Key": ["lineitem.l_partkey", "lineitem.l_suppkey"], "Plans": [{"Node Type": "Bitmap Heap Scan", "Parent Relationship": "Outer", "Relation Name": "lineitem", "Alias": "lineitem", "Startup Cost": 314312.97, "Total Cost": 1865633.17, "Plan Rows": 9071680, "Plan Width": 24, "Recheck Cond": "((l_shipdate >= '1993-01-01 00:00:00'::timestamp(0) without time zone) AND (l_shipdate < '1994-01-01 00:00:00'::timestamp without time zone)), (LLVM Optimized)", "Plans": [{"Node Type": "Bitmap Index Scan", "Parent Relationship": "Outer", "Index Name": "idx_lineitem_shipdate", "Startup Cost": 0.0, "Total Cost": 312045.05, "Plan Rows": 9071680, "Plan Width": 0, "Index Cond": "((l_shipdate >= '1993-01-01 00:00:00'::timestamp(0) without time zone) AND (l_shipdate < '1994-01-01 00:00:00'::timestamp without time zone))"}]}]}, {"Node Type": "Bitmap Heap Scan", "Parent Relationship": "Inner", "Relation Name": "partsupp", "Alias": "partsupp", "Startup Cost": 0.28, "Total Cost": 4.3, "Plan Rows": 1, "Plan Width": 24, "Recheck Cond": "((ps_partkey = lineitem.l_partkey) AND (ps_suppkey = lineitem.l_suppkey))", "Filter": "((ps_availqty)::double precision > (.5::double precision * (sum(lineitem.l_quantity))))", "Plans": [{"Node Type": "Bitmap Index Scan", "Parent Relationship": "Outer", "Index Name": "partsupp_pkey", "Startup Cost": 0.0, "Total Cost": 0.28, "Plan Rows": 1, "Plan Width": 0, "Index Cond": "((ps_partkey = lineitem.l_partkey) AND (ps_suppkey = lineitem.l_suppkey))"}]}]}, {"Node Type": "Bitmap Heap Scan", "Parent Relationship": "Inner", "Relation Name": "part", "Alias": "part", "Startup Cost": 0.26, "Total Cost": 4.28, "Plan Rows": 1, "Plan Width": 8, "Recheck Cond": "(p_partkey = lineitem.l_partkey)", "Filter": "((p_name)::text ~~ 'green%'::text)", "Plans": [{"Node Type": "Bitmap Index Scan", "Parent Relationship": "Outer", "Index Name": "part_kpey", "Startup Cost": 0.0, "Total Cost": 0.26, "Plan Rows": 1, "Plan Width": 0, "Index Cond": "(p_partkey = lineitem.l_partkey)"}]}]}]}]}, {"Node Type": "Bitmap Heap Scan", "Parent Relationship": "Inner", "Relation Name": "supplier", "Alias": "supplier", "Startup Cost": 0.26, "Total Cost": 4.27, "Plan Rows": 1, "Plan Width": 63, "Recheck Cond": "(s_suppkey = lineitem.l_suppkey)", "Plans": [{"Node Type": "Bitmap Index Scan", "Parent Relationship": "Outer", "Index Name": "supplier_pkey", "Startup Cost": 0.0, "Total Cost": 0.26, "Plan Rows": 1, "Plan Width": 0, "Index Cond": "(s_suppkey = lineitem.l_suppkey)"}]}]}, {"Node Type": "Bitmap Heap Scan", "Parent Relationship": "Inner", "Relation Name": "nation", "Alias": "nation", "Startup Cost": 0.26, "Total Cost": 4.27, "Plan Rows": 1, "Plan Width": 4, "Recheck Cond": "(n_nationkey = supplier.s_nationkey)", "Filter": "(n_name = 'ALGERIA'::bpchar)", "Plans": [{"Node Type": "Bitmap Index Scan", "Parent Relationship": "Outer", "Index Name": "nation_pkey", "Startup Cost": 0.0, "Total Cost": 0.26, "Plan Rows": 1, "Plan Width": 0, "Index Cond": "(n_nationkey = supplier.s_nationkey)"}]}]}]}, "Unique SQL Id": 202076520, "Planner Runtime": 3}, "explain_analyze_plan": {"Plan": {"Node Type": "Sort", "Startup Cost": 41474309.17, "Total Cost": 41474314.17, "Plan Rows": 2000, "Plan Width": 51, "Actual Startup Time": 122895.801, "Actual Total Time": 122895.962, "Actual Rows": 1746, "Actual Loops": 1, "Sort Key": ["supplier.s_name"], "Sort Method": "quicksort", "Sort Space Used": 309, "Sort Space Type": "Memory", "Plans": [{"Node Type": "Nested Loop", "Parent Relationship": "Outer", "Join Type": "Inner", "Startup Cost": 41260049.96, "Total Cost": 41474199.51, "Plan Rows": 2000, "Plan Width": 51, "Actual Startup Time": 122484.703, "Actual Total Time": 122893.842, "Actual Rows": 1746, "Actual Loops": 1, "Inner Unique": true, "Plans": [{"Node Type": "Nested Loop", "Parent Relationship": "Outer", "Join Type": "Inner", "Startup Cost": 41260049.7, "Total Cost": 41260058.01, "Plan Rows": 50000, "Plan Width": 55, "Actual Startup Time": 122484.344, "Actual Total Time": 122721.997, "Actual Rows": 44487, "Actual Loops": 1, "Inner Unique": true, "Plans": [{"Node Type": "Unique", "Parent Relationship": "Outer", "Startup Cost": 41260049.44, "Total Cost": 41260049.45, "Plan Rows": 2, "Plan Width": 16, "Actual Startup Time": 122484.301, "Actual Total Time": 122514.18, "Actual Rows": 44487, "Actual Loops": 1, "Plans": [{"Node Type": "Sort", "Parent Relationship": "Outer", "Startup Cost": 41260049.44, "Total Cost": 41260049.45, "Plan Rows": 2, "Plan Width": 16, "Actual Startup Time": 122484.297, "Actual Total Time": 122495.718, "Actual Rows": 58537, "Actual Loops": 1, "Sort Key": ["partsupp.ps_suppkey"], "Sort Method": "quicksort", "Sort Space Used": 7024, "Sort Space Type": "Memory", "Plans": [{"Node Type": "Nested Loop", "Parent Relationship": "Outer", "Join Type": "Semi", "Startup Cost": 1956350.51, "Total Cost": 41260049.43, "Plan Rows": 2, "Plan Width": 16, "Actual Startup Time": 18667.862, "Actual Total Time": 122403.43, "Actual Rows": 58537, "Actual Loops": 1, "Inner Unique": false, "Join Filter": "(partsupp.ps_partkey = part.p_partkey)", "Rows Removed by Join Filter": 0, "Plans": [{"Node Type": "Nested Loop", "Parent Relationship": "Outer", "Join Type": "Inner", "Startup Cost": 1956350.25, "Total Cost": 41259981.09, "Plan Rows": 15, "Plan Width": 32, "Actual Startup Time": 18667.485, "Actual Total Time": 76318.413, "Actual Rows": 5431247, "Actual Loops": 1, "Inner Unique": true, "Plans": [{"Node Type": "Aggregate", "Strategy": "Hashed", "Parent Relationship": "Outer", "Startup Cost": 1956349.97, "Total Cost": 2069745.97, "Plan Rows": 9071680, "Plan Width": 40, "Actual Startup Time": 18667.332, "Actual Total Time": 23320.171, "Actual Rows": 5442751, "Actual Loops": 1, "Group By Key": ["lineitem.l_partkey", "lineitem.l_suppkey"], "Plans": [{"Node Type": "Bitmap Heap Scan", "Parent Relationship": "Outer", "Relation Name": "lineitem", "Alias": "lineitem", "Startup Cost": 314312.97, "Total Cost": 1865633.17, "Plan Rows": 9071680, "Plan Width": 24, "Actual Startup Time": 4229.766, "Actual Total Time": 11960.542, "Actual Rows": 9109641, "Actual Loops": 1, "Recheck Cond": "((l_shipdate >= '1993-01-01 00:00:00'::timestamp(0) without time zone) AND (l_shipdate < '1994-01-01 00:00:00'::timestamp without time zone)), (LLVM Optimized, Jit Execute)", "Rows Removed by Index Recheck": 0, "Exact Heap Blocks": 1252335, "Lossy Heap Blocks": 1252335, "Plans": [{"Node Type": "Bitmap Index Scan", "Parent Relationship": "Outer", "Index Name": "idx_lineitem_shipdate", "Startup Cost": 0.0, "Total Cost": 312045.05, "Plan Rows": 9071680, "Plan Width": 0, "Actual Startup Time": 3607.483, "Actual Total Time": 3607.483, "Actual Rows": 9109641, "Actual Loops": 1, "Index Cond": "((l_shipdate >= '1993-01-01 00:00:00'::timestamp(0) without time zone) AND (l_shipdate < '1994-01-01 00:00:00'::timestamp without time zone))"}]}]}, {"Node Type": "Bitmap Heap Scan", "Parent Relationship": "Inner", "Relation Name": "partsupp", "Alias": "partsupp", "Startup Cost": 0.28, "Total Cost": 4.3, "Plan Rows": 1, "Plan Width": 24, "Actual Startup Time": 45151.232, "Actual Total Time": 45151.232, "Actual Rows": 5431247, "Actual Loops": 5442751, "Recheck Cond": "((ps_partkey = lineitem.l_partkey) AND (ps_suppkey = lineitem.l_suppkey))", "Rows Removed by Index Recheck": 0, "Filter": "((ps_availqty)::double precision > (.5::double precision * (sum(lineitem.l_quantity))))", "Rows Removed by Filter": 11504, "Exact Heap Blocks": 5442751, "Lossy Heap Blocks": 5442751, "Plans": [{"Node Type": "Bitmap Index Scan", "Parent Relationship": "Outer", "Index Name": "partsupp_pkey", "Startup Cost": 0.0, "Total Cost": 0.28, "Plan Rows": 1, "Plan Width": 0, "Actual Startup Time": 27667.53, "Actual Total Time": 27667.53, "Actual Rows": 5442751, "Actual Loops": 5442751, "Index Cond": "((ps_partkey = lineitem.l_partkey) AND (ps_suppkey = lineitem.l_suppkey))"}]}]}, {"Node Type": "Bitmap Heap Scan", "Parent Relationship": "Inner", "Relation Name": "part", "Alias": "part", "Startup Cost": 0.26, "Total Cost": 4.28, "Plan Rows": 1, "Plan Width": 8, "Actual Startup Time": 39761.268, "Actual Total Time": 39761.268, "Actual Rows": 58537, "Actual Loops": 5431247, "Recheck Cond": "(p_partkey = lineitem.l_partkey)", "Rows Removed by Index Recheck": 0, "Filter": "((p_name)::text ~~ 'green%'::text)", "Rows Removed by Filter": 5372710, "Exact Heap Blocks": 5431247, "Lossy Heap Blocks": 5431247, "Plans": [{"Node Type": "Bitmap Index Scan", "Parent Relationship": "Outer", "Index Name": "part_kpey", "Startup Cost": 0.0, "Total Cost": 0.26, "Plan Rows": 1, "Plan Width": 0, "Actual Startup Time": 23528.84, "Actual Total Time": 23528.84, "Actual Rows": 5431247, "Actual Loops": 5431247, "Index Cond": "(p_partkey = lineitem.l_partkey)"}]}]}]}]}, {"Node Type": "Bitmap Heap Scan", "Parent Relationship": "Inner", "Relation Name": "supplier", "Alias": "supplier", "Startup Cost": 0.26, "Total Cost": 4.27, "Plan Rows": 1, "Plan Width": 63, "Actual Startup Time": 147.97, "Actual Total Time": 147.97, "Actual Rows": 44487, "Actual Loops": 44487, "Recheck Cond": "(s_suppkey = lineitem.l_suppkey)", "Rows Removed by Index Recheck": 0, "Exact Heap Blocks": 44487, "Lossy Heap Blocks": 44487, "Plans": [{"Node Type": "Bitmap Index Scan", "Parent Relationship": "Outer", "Index Name": "supplier_pkey", "Startup Cost": 0.0, "Total Cost": 0.26, "Plan Rows": 1, "Plan Width": 0, "Actual Startup Time": 82.176, "Actual Total Time": 82.176, "Actual Rows": 44487, "Actual Loops": 44487, "Index Cond": "(s_suppkey = lineitem.l_suppkey)"}]}]}, {"Node Type": "Bitmap Heap Scan", "Parent Relationship": "Inner", "Relation Name": "nation", "Alias": "nation", "Startup Cost": 0.26, "Total Cost": 4.27, "Plan Rows": 1, "Plan Width": 4, "Actual Startup Time": 121.742, "Actual Total Time": 121.742, "Actual Rows": 1746, "Actual Loops": 44487, "Recheck Cond": "(n_nationkey = supplier.s_nationkey)", "Rows Removed by Index Recheck": 0, "Filter": "(n_name = 'ALGERIA'::bpchar)", "Rows Removed by Filter": 42741, "Exact Heap Blocks": 44487, "Lossy Heap Blocks": 44487, "Plans": [{"Node Type": "Bitmap Index Scan", "Parent Relationship": "Outer", "Index Name": "nation_pkey", "Startup Cost": 0.0, "Total Cost": 0.26, "Plan Rows": 1, "Plan Width": 0, "Actual Startup Time": 45.415, "Actual Total Time": 45.415, "Actual Rows": 44487, "Actual Loops": 44487, "Index Cond": "(n_nationkey = supplier.s_nationkey)"}]}]}]}, "Triggers": [], "Planner Runtime": 2, "Total Runtime": 122906.738, "Unique SQL Id": 202076520}}, "(64, 84)": {"explain_plan": {"Plan": {"Node Type": "Sort", "Startup Cost": 3527405.4, "Total Cost": 3527410.4, "Plan Rows": 2000, "Plan Width": 51, "Sort Key": ["supplier.s_name"], "Plans": [{"Node Type": "Nested Loop", "Parent Relationship": "Outer", "Join Type": "Inner", "Startup Cost": 3439058.32, "Total Cost": 3527295.74, "Plan Rows": 2000, "Plan Width": 51, "Inner Unique": true, "Plans": [{"Node Type": "Merge Join", "Parent Relationship": "Outer", "Join Type": "Semi", "Startup Cost": 3439058.32, "Total Cost": 3513164.74, "Plan Rows": 50000, "Plan Width": 55, "Inner Unique": false, "Merge Cond": "(supplier.s_suppkey = subquery.\"?column?\")", "Plans": [{"Node Type": "Index Scan", "Parent Relationship": "Outer", "Scan Direction": "Forward", "Index Name": "supplier_pkey", "Relation Name": "supplier", "Alias": "supplier", "Startup Cost": 0.0, "Total Cost": 5334.54, "Plan Rows": 100000, "Plan Width": 63}, {"Node Type": "Materialize", "Parent Relationship": "Inner", "Startup Cost": 3439058.32, "Total Cost": 3507580.17, "Plan Rows": 2, "Plan Width": 16, "Plans": [{"Node Type": "Merge Join", "Parent Relationship": "Outer", "Join Type": "Inner", "Startup Cost": 3439058.32, "Total Cost": 3507580.16, "Plan Rows": 2, "Plan Width": 16, "Inner Unique": true, "Merge Cond": "((partsupp.ps_suppkey = subquery.\"?column?\") AND (partsupp.ps_partkey = subquery.\"?column?\"))", "Join Filter": "((partsupp.ps_availqty)::double precision > (.5::double precision * subquery.\"?column?\"))", "Plans": [{"Node Type": "Sort", "Parent Relationship": "Outer", "Startup Cost": 230229.65, "Total Cost": 230391.03, "Plan Rows": 64552, "Plan Width": 32, "Sort Key": ["partsupp.ps_suppkey", "partsupp.ps_partkey"], "Plans": [{"Node Type": "Nested Loop", "Parent Relationship": "Outer", "Join Type": "Inner", "Startup Cost": 0.0, "Total Cost": 225072.53, "Plan Rows": 64552, "Plan Width": 32, "Inner Unique": false, "Plans": [{"Node Type": "Seq Scan", "Parent Relationship": "Outer", "Relation Name": "part", "Alias": "part", "Startup Cost": 0.0, "Total Cost": 66944.0, "Plan Rows": 22472, "Plan Width": 8, "Filter": "((p_name)::text ~~ 'green%'::text)"}, {"Node Type": "Index Scan", "Parent Relationship": "Inner", "Scan Direction": "Forward", "Index Name": "idx_partsupp_partkey", "Relation Name": "partsupp", "Alias": "partsupp", "Startup Cost": 0.0, "Total Cost": 7.01, "Plan Rows": 3, "Plan Width": 24, "Index Cond": "(ps_partkey = part.p_partkey)"}]}]}, {"Node Type": "Sort", "Parent Relationship": "Inner", "Startup Cost": 3208828.67, "Total Cost": 3231507.87, "Plan Rows": 9071680, "Plan Width": 24, "Sort Key": ["subquery.\"?column?\"", "subquery.\"?column?\""], "Plans": [{"Node Type": "Subquery Scan", "Parent Relationship": "Outer", "Alias": "subquery", "Startup Cost": 1956349.97, "Total Cost": 2160462.77, "Plan Rows": 9071680, "Plan Width": 24, "Plans": [{"Node Type": "Aggregate", "Strategy": "Hashed", "Parent Relationship": "Subquery", "Startup Cost": 1956349.97, "Total Cost": 2069745.97, "Plan Rows": 9071680, "Plan Width": 40, "Group By Key": ["lineitem.l_partkey", "lineitem.l_suppkey"], "Plans": [{"Node Type": "Bitmap Heap Scan", "Parent Relationship": "Outer", "Relation Name": "lineitem", "Alias": "lineitem", "Startup Cost": 314312.97, "Total Cost": 1865633.17, "Plan Rows": 9071680, "Plan Width": 24, "Recheck Cond": "((l_shipdate >= '1993-01-01 00:00:00'::timestamp(0) without time zone) AND (l_shipdate < '1994-01-01 00:00:00'::timestamp without time zone)), (LLVM Optimized)", "Plans": [{"Node Type": "Bitmap Index Scan", "Parent Relationship": "Outer", "Index Name": "idx_lineitem_shipdate", "Startup Cost": 0.0, "Total Cost": 312045.05, "Plan Rows": 9071680, "Plan Width": 0, "Index Cond": "((l_shipdate >= '1993-01-01 00:00:00'::timestamp(0) without time zone) AND (l_shipdate < '1994-01-01 00:00:00'::timestamp without time zone))"}]}]}]}]}]}]}]}, {"Node Type": "Index Scan", "Parent Relationship": "Inner", "Scan Direction": "Forward", "Index Name": "nation_pkey", "Relation Name": "nation", "Alias": "nation", "Startup Cost": 0.0, "Total Cost": 0.27, "Plan Rows": 1, "Plan Width": 4, "Index Cond": "(n_nationkey = supplier.s_nationkey)", "Filter": "(n_name = 'ALGERIA'::bpchar)"}]}]}, "Unique SQL Id": 202076520, "Planner Runtime": 2}, "explain_analyze_plan": {"Plan": {"Node Type": "Sort", "Startup Cost": 3527405.4, "Total Cost": 3527410.4, "Plan Rows": 2000, "Plan Width": 51, "Actual Startup Time": 30282.126, "Actual Total Time": 30282.269, "Actual Rows": 1746, "Actual Loops": 1, "Sort Key": ["supplier.s_name"], "Sort Method": "quicksort", "Sort Space Used": 309, "Sort Space Type": "Memory", "Plans": [{"Node Type": "Nested Loop", "Parent Relationship": "Outer", "Join Type": "Inner", "Startup Cost": 3439058.32, "Total Cost": 3527295.74, "Plan Rows": 2000, "Plan Width": 51, "Actual Startup Time": 28127.251, "Actual Total Time": 30279.381, "Actual Rows": 1746, "Actual Loops": 1, "Inner Unique": true, "Plans": [{"Node Type": "Merge Join", "Parent Relationship": "Outer", "Join Type": "Semi", "Startup Cost": 3439058.32, "Total Cost": 3513164.74, "Plan Rows": 50000, "Plan Width": 55, "Actual Startup Time": 28126.068, "Actual Total Time": 30156.267, "Actual Rows": 44487, "Actual Loops": 1, "Inner Unique": false, "Merge Cond": "(supplier.s_suppkey = subquery.\"?column?\")", "Plans": [{"Node Type": "Index Scan", "Parent Relationship": "Outer", "Scan Direction": "Forward", "Index Name": "supplier_pkey", "Relation Name": "supplier", "Alias": "supplier", "Startup Cost": 0.0, "Total Cost": 5334.54, "Plan Rows": 100000, "Plan Width": 63, "Actual Startup Time": 0.029, "Actual Total Time": 59.003, "Actual Rows": 100000, "Actual Loops": 1}, {"Node Type": "Materialize", "Parent Relationship": "Inner", "Startup Cost": 3439058.32, "Total Cost": 3507580.17, "Plan Rows": 2, "Plan Width": 16, "Actual Startup Time": 28126.008, "Actual Total Time": 30052.61, "Actual Rows": 58537, "Actual Loops": 1, "Plans": [{"Node Type": "Merge Join", "Parent Relationship": "Outer", "Join Type": "Inner", "Startup Cost": 3439058.32, "Total Cost": 3507580.16, "Plan Rows": 2, "Plan Width": 16, "Actual Startup Time": 28126.006, "Actual Total Time": 30043.514, "Actual Rows": 58537, "Actual Loops": 1, "Inner Unique": true, "Merge Cond": "((partsupp.ps_suppkey = subquery.\"?column?\") AND (partsupp.ps_partkey = subquery.\"?column?\"))", "Join Filter": "((partsupp.ps_availqty)::double precision > (.5::double precision * subquery.\"?column?\"))", "Rows Removed by Join Filter": 0, "Plans": [{"Node Type": "Sort", "Parent Relationship": "Outer", "Startup Cost": 230229.65, "Total Cost": 230391.03, "Plan Rows": 64552, "Plan Width": 32, "Actual Startup Time": 1104.291, "Actual Total Time": 1127.214, "Actual Rows": 86224, "Actual Loops": 1, "Sort Key": ["partsupp.ps_suppkey", "partsupp.ps_partkey"], "Sort Method": "quicksort", "Sort Space Used": 11156, "Sort Space Type": "Memory", "Plans": [{"Node Type": "Nested Loop", "Parent Relationship": "Outer", "Join Type": "Inner", "Startup Cost": 0.0, "Total Cost": 225072.53, "Plan Rows": 64552, "Plan Width": 32, "Actual Startup Time": 0.042, "Actual Total Time": 1055.225, "Actual Rows": 86224, "Actual Loops": 1, "Inner Unique": false, "Plans": [{"Node Type": "Seq Scan", "Parent Relationship": "Outer", "Relation Name": "part", "Alias": "part", "Startup Cost": 0.0, "Total Cost": 66944.0, "Plan Rows": 22472, "Plan Width": 8, "Actual Startup Time": 0.026, "Actual Total Time": 808.518, "Actual Rows": 21556, "Actual Loops": 1, "Filter": "((p_name)::text ~~ 'green%'::text)", "Rows Removed by Filter": 1978444}, {"Node Type": "Index Scan", "Parent Relationship": "Inner", "Scan Direction": "Forward", "Index Name": "idx_partsupp_partkey", "Relation Name": "partsupp", "Alias": "partsupp", "Startup Cost": 0.0, "Total Cost": 7.01, "Plan Rows": 3, "Plan Width": 24, "Actual Startup Time": 165.165, "Actual Total Time": 216.205, "Actual Rows": 86224, "Actual Loops": 21556, "Index Cond": "(ps_partkey = part.p_partkey)", "Rows Removed by Index Recheck": 0}]}]}, {"Node Type": "Sort", "Parent Relationship": "Inner", "Startup Cost": 3208828.67, "Total Cost": 3231507.87, "Plan Rows": 9071680, "Plan Width": 24, "Actual Startup Time": 27021.446, "Actual Total Time": 28090.461, "Actual Rows": 5442737, "Actual Loops": 1, "Sort Key": ["subquery.\"?column?\"", "subquery.\"?column?\""], "Sort Method": "quicksort", "Sort Space Used": 706866, "Sort Space Type": "Memory", "Plans": [{"Node Type": "Subquery Scan", "Parent Relationship": "Outer", "Alias": "subquery", "Startup Cost": 1956349.97, "Total Cost": 2160462.77, "Plan Rows": 9071680, "Plan Width": 24, "Actual Startup Time": 18608.181, "Actual Total Time": 22568.159, "Actual Rows": 5442751, "Actual Loops": 1, "Plans": [{"Node Type": "Aggregate", "Strategy": "Hashed", "Parent Relationship": "Subquery", "Startup Cost": 1956349.97, "Total Cost": 2069745.97, "Plan Rows": 9071680, "Plan Width": 40, "Actual Startup Time": 18608.172, "Actual Total Time": 21558.573, "Actual Rows": 5442751, "Actual Loops": 1, "Group By Key": ["lineitem.l_partkey", "lineitem.l_suppkey"], "Plans": [{"Node Type": "Bitmap Heap Scan", "Parent Relationship": "Outer", "Relation Name": "lineitem", "Alias": "lineitem", "Startup Cost": 314312.97, "Total Cost": 1865633.17, "Plan Rows": 9071680, "Plan Width": 24, "Actual Startup Time": 4118.887, "Actual Total Time": 11908.413, "Actual Rows": 9109641, "Actual Loops": 1, "Recheck Cond": "((l_shipdate >= '1993-01-01 00:00:00'::timestamp(0) without time zone) AND (l_shipdate < '1994-01-01 00:00:00'::timestamp without time zone)), (LLVM Optimized, Jit Execute)", "Rows Removed by Index Recheck": 0, "Exact Heap Blocks": 1252335, "Lossy Heap Blocks": 1252335, "Plans": [{"Node Type": "Bitmap Index Scan", "Parent Relationship": "Outer", "Index Name": "idx_lineitem_shipdate", "Startup Cost": 0.0, "Total Cost": 312045.05, "Plan Rows": 9071680, "Plan Width": 0, "Actual Startup Time": 3539.503, "Actual Total Time": 3539.503, "Actual Rows": 9109641, "Actual Loops": 1, "Index Cond": "((l_shipdate >= '1993-01-01 00:00:00'::timestamp(0) without time zone) AND (l_shipdate < '1994-01-01 00:00:00'::timestamp without time zone))"}]}]}]}]}]}]}]}, {"Node Type": "Index Scan", "Parent Relationship": "Inner", "Scan Direction": "Forward", "Index Name": "nation_pkey", "Relation Name": "nation", "Alias": "nation", "Startup Cost": 0.0, "Total Cost": 0.27, "Plan Rows": 1, "Plan Width": 4, "Actual Startup Time": 98.032, "Actual Total Time": 98.032, "Actual Rows": 1746, "Actual Loops": 44487, "Index Cond": "(n_nationkey = supplier.s_nationkey)", "Rows Removed by Index Recheck": 0, "Filter": "(n_name = 'ALGERIA'::bpchar)", "Rows Removed by Filter": 42741}]}]}, "Triggers": [], "Planner Runtime": 2, "Total Runtime": 30293.412, "Unique SQL Id": 202076520}}, "(64, 85)": {"explain_plan": {"Plan": {"Node Type": "Sort", "Startup Cost": 3528034.41, "Total Cost": 3528039.41, "Plan Rows": 2000, "Plan Width": 51, "Sort Key": ["supplier.s_name"], "Plans": [{"Node Type": "Merge Join", "Parent Relationship": "Outer", "Join Type": "Semi", "Startup Cost": 3527904.72, "Total Cost": 3527924.75, "Plan Rows": 2000, "Plan Width": 51, "Inner Unique": false, "Merge Cond": "(supplier.s_suppkey = subquery.\"?column?\")", "Plans": [{"Node Type": "Sort", "Parent Relationship": "Outer", "Startup Cost": 2784.04, "Total Cost": 2794.04, "Plan Rows": 4000, "Plan Width": 59, "Sort Key": ["supplier.s_suppkey"], "Plans": [{"Node Type": "Nested Loop", "Parent Relationship": "Outer", "Join Type": "Inner", "Startup Cost": 95.25, "Total Cost": 2544.73, "Plan Rows": 4000, "Plan Width": 59, "Inner Unique": false, "Plans": [{"Node Type": "Index Scan", "Parent Relationship": "Outer", "Scan Direction": "Forward", "Index Name": "nation_pkey", "Relation Name": "nation", "Alias": "nation", "Startup Cost": 0.0, "Total Cost": 12.69, "Plan Rows": 1, "Plan Width": 4, "Filter": "(n_name = 'ALGERIA'::bpchar)"}, {"Node Type": "Bitmap Heap Scan", "Parent Relationship": "Inner", "Relation Name": "supplier", "Alias": "supplier", "Startup Cost": 95.25, "Total Cost": 2492.04, "Plan Rows": 4000, "Plan Width": 63, "Recheck Cond": "(s_nationkey = nation.n_nationkey)", "Plans": [{"Node Type": "Bitmap Index Scan", "Parent Relationship": "Outer", "Index Name": "idx_supplier_nation_key", "Startup Cost": 0.0, "Total Cost": 94.25, "Plan Rows": 4000, "Plan Width": 0, "Index Cond": "(s_nationkey = nation.n_nationkey)"}]}]}]}, {"Node Type": "Sort", "Parent Relationship": "Inner", "Startup Cost": 3525120.68, "Total Cost": 3525120.69, "Plan Rows": 2, "Plan Width": 16, "Sort Key": ["partsupp.ps_suppkey"], "Plans": [{"Node Type": "Merge Join", "Parent Relationship": "Outer", "Join Type": "Inner", "Startup Cost": 3208828.67, "Total Cost": 3525120.67, "Plan Rows": 2, "Plan Width": 16, "Inner Unique": true, "Merge Cond": "(partsupp.ps_partkey = subquery.\"?column?\")", "Join Filter": "((partsupp.ps_suppkey = subquery.\"?column?\") AND ((partsupp.ps_availqty)::double precision > (.5::double precision * subquery.\"?column?\")))", "Plans": [{"Node Type": "Nested Loop", "Parent Relationship": "Outer", "Join Type": "Inner", "Startup Cost": 0.0, "Total Cost": 263931.78, "Plan Rows": 64552, "Plan Width": 32, "Inner Unique": false, "Plans": [{"Node Type": "Index Scan", "Parent Relationship": "Outer", "Scan Direction": "Forward", "Index Name": "part_kpey", "Relation Name": "part", "Alias": "part", "Startup Cost": 0.0, "Total Cost": 105803.25, "Plan Rows": 22472, "Plan Width": 8, "Filter": "((p_name)::text ~~ 'green%'::text)"}, {"Node Type": "Index Scan", "Parent Relationship": "Inner", "Scan Direction": "Forward", "Index Name": "idx_partsupp_partkey", "Relation Name": "partsupp", "Alias": "partsupp", "Startup Cost": 0.0, "Total Cost": 7.01, "Plan Rows": 3, "Plan Width": 24, "Index Cond": "(ps_partkey = part.p_partkey)"}]}, {"Node Type": "Sort", "Parent Relationship": "Inner", "Startup Cost": 3208828.67, "Total Cost": 3231507.87, "Plan Rows": 9071680, "Plan Width": 24, "Sort Key": ["subquery.\"?column?\""], "Plans": [{"Node Type": "Subquery Scan", "Parent Relationship": "Outer", "Alias": "subquery", "Startup Cost": 1956349.97, "Total Cost": 2160462.77, "Plan Rows": 9071680, "Plan Width": 24, "Plans": [{"Node Type": "Aggregate", "Strategy": "Hashed", "Parent Relationship": "Subquery", "Startup Cost": 1956349.97, "Total Cost": 2069745.97, "Plan Rows": 9071680, "Plan Width": 40, "Group By Key": ["lineitem.l_partkey", "lineitem.l_suppkey"], "Plans": [{"Node Type": "Bitmap Heap Scan", "Parent Relationship": "Outer", "Relation Name": "lineitem", "Alias": "lineitem", "Startup Cost": 314312.97, "Total Cost": 1865633.17, "Plan Rows": 9071680, "Plan Width": 24, "Recheck Cond": "((l_shipdate >= '1993-01-01 00:00:00'::timestamp(0) without time zone) AND (l_shipdate < '1994-01-01 00:00:00'::timestamp without time zone)), (LLVM Optimized)", "Plans": [{"Node Type": "Bitmap Index Scan", "Parent Relationship": "Outer", "Index Name": "idx_lineitem_shipdate", "Startup Cost": 0.0, "Total Cost": 312045.05, "Plan Rows": 9071680, "Plan Width": 0, "Index Cond": "((l_shipdate >= '1993-01-01 00:00:00'::timestamp(0) without time zone) AND (l_shipdate < '1994-01-01 00:00:00'::timestamp without time zone))"}]}]}]}]}]}]}]}]}, "Unique SQL Id": 202076520, "Planner Runtime": 2}, "explain_analyze_plan": {"Plan": {"Node Type": "Sort", "Startup Cost": 3528034.41, "Total Cost": 3528039.41, "Plan Rows": 2000, "Plan Width": 51, "Actual Startup Time": 28333.842, "Actual Total Time": 28333.995, "Actual Rows": 1746, "Actual Loops": 1, "Sort Key": ["supplier.s_name"], "Sort Method": "quicksort", "Sort Space Used": 309, "Sort Space Type": "Memory", "Plans": [{"Node Type": "Merge Join", "Parent Relationship": "Outer", "Join Type": "Semi", "Startup Cost": 3527904.72, "Total Cost": 3527924.75, "Plan Rows": 2000, "Plan Width": 51, "Actual Startup Time": 28314.143, "Actual Total Time": 28332.423, "Actual Rows": 1746, "Actual Loops": 1, "Inner Unique": false, "Merge Cond": "(supplier.s_suppkey = subquery.\"?column?\")", "Plans": [{"Node Type": "Sort", "Parent Relationship": "Outer", "Startup Cost": 2784.04, "Total Cost": 2794.04, "Plan Rows": 4000, "Plan Width": 59, "Actual Startup Time": 7.706, "Actual Total Time": 8.193, "Actual Rows": 3934, "Actual Loops": 1, "Sort Key": ["supplier.s_suppkey"], "Sort Method": "quicksort", "Sort Space Used": 711, "Sort Space Type": "Memory", "Plans": [{"Node Type": "Nested Loop", "Parent Relationship": "Outer", "Join Type": "Inner", "Startup Cost": 95.25, "Total Cost": 2544.73, "Plan Rows": 4000, "Plan Width": 59, "Actual Startup Time": 0.943, "Actual Total Time": 6.297, "Actual Rows": 3934, "Actual Loops": 1, "Inner Unique": false, "Plans": [{"Node Type": "Index Scan", "Parent Relationship": "Outer", "Scan Direction": "Forward", "Index Name": "nation_pkey", "Relation Name": "nation", "Alias": "nation", "Startup Cost": 0.0, "Total Cost": 12.69, "Plan Rows": 1, "Plan Width": 4, "Actual Startup Time": 0.023, "Actual Total Time": 0.043, "Actual Rows": 1, "Actual Loops": 1, "Filter": "(n_name = 'ALGERIA'::bpchar)", "Rows Removed by Filter": 24}, {"Node Type": "Bitmap Heap Scan", "Parent Relationship": "Inner", "Relation Name": "supplier", "Alias": "supplier", "Startup Cost": 95.25, "Total Cost": 2492.04, "Plan Rows": 4000, "Plan Width": 63, "Actual Startup Time": 0.913, "Actual Total Time": 5.491, "Actual Rows": 3934, "Actual Loops": 1, "Recheck Cond": "(s_nationkey = nation.n_nationkey)", "Rows Removed by Index Recheck": 0, "Exact Heap Blocks": 1897, "Lossy Heap Blocks": 1897, "Plans": [{"Node Type": "Bitmap Index Scan", "Parent Relationship": "Outer", "Index Name": "idx_supplier_nation_key", "Startup Cost": 0.0, "Total Cost": 94.25, "Plan Rows": 4000, "Plan Width": 0, "Actual Startup Time": 0.626, "Actual Total Time": 0.626, "Actual Rows": 3934, "Actual Loops": 1, "Index Cond": "(s_nationkey = nation.n_nationkey)"}]}]}]}, {"Node Type": "Sort", "Parent Relationship": "Inner", "Startup Cost": 3525120.68, "Total Cost": 3525120.69, "Plan Rows": 2, "Plan Width": 16, "Actual Startup Time": 28306.413, "Actual Total Time": 28315.01, "Actual Rows": 58530, "Actual Loops": 1, "Sort Key": ["partsupp.ps_suppkey"], "Sort Method": "quicksort", "Sort Space Used": 7024, "Sort Space Type": "Memory", "Plans": [{"Node Type": "Merge Join", "Parent Relationship": "Outer", "Join Type": "Inner", "Startup Cost": 3208828.67, "Total Cost": 3525120.67, "Plan Rows": 2, "Plan Width": 16, "Actual Startup Time": 24708.644, "Actual Total Time": 28280.01, "Actual Rows": 58537, "Actual Loops": 1, "Inner Unique": true, "Merge Cond": "(partsupp.ps_partkey = subquery.\"?column?\")", "Join Filter": "((partsupp.ps_suppkey = subquery.\"?column?\") AND ((partsupp.ps_availqty)::double precision > (.5::double precision * subquery.\"?column?\")))", "Rows Removed by Join Filter": 0, "Plans": [{"Node Type": "Nested Loop", "Parent Relationship": "Outer", "Join Type": "Inner", "Startup Cost": 0.0, "Total Cost": 263931.78, "Plan Rows": 64552, "Plan Width": 32, "Actual Startup Time": 0.069, "Actual Total Time": 1551.397, "Actual Rows": 86224, "Actual Loops": 1, "Inner Unique": false, "Plans": [{"Node Type": "Index Scan", "Parent Relationship": "Outer", "Scan Direction": "Forward", "Index Name": "part_kpey", "Relation Name": "part", "Alias": "part", "Startup Cost": 0.0, "Total Cost": 105803.25, "Plan Rows": 22472, "Plan Width": 8, "Actual Startup Time": 0.053, "Actual Total Time": 1338.304, "Actual Rows": 21556, "Actual Loops": 1, "Filter": "((p_name)::text ~~ 'green%'::text)", "Rows Removed by Filter": 1978444}, {"Node Type": "Index Scan", "Parent Relationship": "Inner", "Scan Direction": "Forward", "Index Name": "idx_partsupp_partkey", "Relation Name": "partsupp", "Alias": "partsupp", "Startup Cost": 0.0, "Total Cost": 7.01, "Plan Rows": 3, "Plan Width": 24, "Actual Startup Time": 129.715, "Actual Total Time": 179.49, "Actual Rows": 86224, "Actual Loops": 21556, "Index Cond": "(ps_partkey = part.p_partkey)", "Rows Removed by Index Recheck": 0}]}, {"Node Type": "Sort", "Parent Relationship": "Inner", "Startup Cost": 3208828.67, "Total Cost": 3231507.87, "Plan Rows": 9071680, "Plan Width": 24, "Actual Startup Time": 24707.959, "Actual Total Time": 25943.617, "Actual Rows": 5530092, "Actual Loops": 1, "Sort Key": ["subquery.\"?column?\""], "Sort Method": "quicksort", "Sort Space Used": 706866, "Sort Space Type": "Memory", "Plans": [{"Node Type": "Subquery Scan", "Parent Relationship": "Outer", "Alias": "subquery", "Startup Cost": 1956349.97, "Total Cost": 2160462.77, "Plan Rows": 9071680, "Plan Width": 24, "Actual Startup Time": 18292.697, "Actual Total Time": 22396.374, "Actual Rows": 5442751, "Actual Loops": 1, "Plans": [{"Node Type": "Aggregate", "Strategy": "Hashed", "Parent Relationship": "Subquery", "Startup Cost": 1956349.97, "Total Cost": 2069745.97, "Plan Rows": 9071680, "Plan Width": 40, "Actual Startup Time": 18292.689, "Actual Total Time": 21382.749, "Actual Rows": 5442751, "Actual Loops": 1, "Group By Key": ["lineitem.l_partkey", "lineitem.l_suppkey"], "Plans": [{"Node Type": "Bitmap Heap Scan", "Parent Relationship": "Outer", "Relation Name": "lineitem", "Alias": "lineitem", "Startup Cost": 314312.97, "Total Cost": 1865633.17, "Plan Rows": 9071680, "Plan Width": 24, "Actual Startup Time": 3826.534, "Actual Total Time": 11605.608, "Actual Rows": 9109641, "Actual Loops": 1, "Recheck Cond": "((l_shipdate >= '1993-01-01 00:00:00'::timestamp(0) without time zone) AND (l_shipdate < '1994-01-01 00:00:00'::timestamp without time zone)), (LLVM Optimized, Jit Execute)", "Rows Removed by Index Recheck": 0, "Exact Heap Blocks": 1252335, "Lossy Heap Blocks": 1252335, "Plans": [{"Node Type": "Bitmap Index Scan", "Parent Relationship": "Outer", "Index Name": "idx_lineitem_shipdate", "Startup Cost": 0.0, "Total Cost": 312045.05, "Plan Rows": 9071680, "Plan Width": 0, "Actual Startup Time": 3271.249, "Actual Total Time": 3271.249, "Actual Rows": 9109641, "Actual Loops": 1, "Index Cond": "((l_shipdate >= '1993-01-01 00:00:00'::timestamp(0) without time zone) AND (l_shipdate < '1994-01-01 00:00:00'::timestamp without time zone))"}]}]}]}]}]}]}]}]}, "Triggers": [], "Planner Runtime": 2, "Total Runtime": 28345.064, "Unique SQL Id": 202076520}}, "(64, 86)": {"explain_plan": {"Plan": {"Node Type": "Sort", "Startup Cost": 3694487.63, "Total Cost": 3694492.63, "Plan Rows": 2000, "Plan Width": 51, "Sort Key": ["supplier.s_name"], "Plans": [{"Node Type": "Merge Join", "Parent Relationship": "Outer", "Join Type": "Semi", "Startup Cost": 3625836.1, "Total Cost": 3694377.98, "Plan Rows": 2000, "Plan Width": 51, "Inner Unique": false, "Merge Cond": "(supplier.s_suppkey = subquery.\"?column?\")", "Plans": [{"Node Type": "Sort", "Parent Relationship": "Outer", "Startup Cost": 2772.67, "Total Cost": 2782.67, "Plan Rows": 4000, "Plan Width": 59, "Sort Key": ["supplier.s_suppkey"], "Plans": [{"Node Type": "Nested Loop", "Parent Relationship": "Outer", "Join Type": "Inner", "Startup Cost": 95.25, "Total Cost": 2533.35, "Plan Rows": 4000, "Plan Width": 59, "Inner Unique": false, "Plans": [{"Node Type": "Seq Scan", "Parent Relationship": "Outer", "Relation Name": "nation", "Alias": "nation", "Startup Cost": 0.0, "Total Cost": 1.31, "Plan Rows": 1, "Plan Width": 4, "Filter": "(n_name = 'ALGERIA'::bpchar)"}, {"Node Type": "Bitmap Heap Scan", "Parent Relationship": "Inner", "Relation Name": "supplier", "Alias": "supplier", "Startup Cost": 95.25, "Total Cost": 2492.04, "Plan Rows": 4000, "Plan Width": 63, "Recheck Cond": "(s_nationkey = nation.n_nationkey)", "Plans": [{"Node Type": "Bitmap Index Scan", "Parent Relationship": "Outer", "Index Name": "idx_supplier_nation_key", "Startup Cost": 0.0, "Total Cost": 94.25, "Plan Rows": 4000, "Plan Width": 0, "Index Cond": "(s_nationkey = nation.n_nationkey)"}]}]}]}, {"Node Type": "Materialize", "Parent Relationship": "Inner", "Startup Cost": 3623063.44, "Total Cost": 3691585.29, "Plan Rows": 2, "Plan Width": 16, "Plans": [{"Node Type": "Merge Join", "Parent Relationship": "Outer", "Join Type": "Inner", "Startup Cost": 3623063.44, "Total Cost": 3691585.28, "Plan Rows": 2, "Plan Width": 16, "Inner Unique": true, "Merge Cond": "((partsupp.ps_suppkey = subquery.\"?column?\") AND (partsupp.ps_partkey = subquery.\"?column?\"))", "Join Filter": "((partsupp.ps_availqty)::double precision > (.5::double precision * subquery.\"?column?\"))", "Plans": [{"Node Type": "Sort", "Parent Relationship": "Outer", "Startup Cost": 414234.76, "Total Cost": 414396.14, "Plan Rows": 64552, "Plan Width": 32, "Sort Key": ["partsupp.ps_suppkey", "partsupp.ps_partkey"], "Plans": [{"Node Type": "Nested Loop", "Parent Relationship": "Outer", "Join Type": "Inner", "Startup Cost": 3.19, "Total Cost": 409077.65, "Plan Rows": 64552, "Plan Width": 32, "Inner Unique": false, "Plans": [{"Node Type": "Seq Scan", "Parent Relationship": "Outer", "Relation Name": "part", "Alias": "part", "Startup Cost": 0.0, "Total Cost": 66944.0, "Plan Rows": 22472, "Plan Width": 8, "Filter": "((p_name)::text ~~ 'green%'::text)"}, {"Node Type": "Bitmap Heap Scan", "Parent Relationship": "Inner", "Relation Name": "partsupp", "Alias": "partsupp", "Startup Cost": 3.19, "Total Cost": 15.19, "Plan Rows": 3, "Plan Width": 24, "Recheck Cond": "(ps_partkey = part.p_partkey)", "Plans": [{"Node Type": "Bitmap Index Scan", "Parent Relationship": "Outer", "Index Name": "idx_partsupp_partkey", "Startup Cost": 0.0, "Total Cost": 3.19, "Plan Rows": 3, "Plan Width": 0, "Index Cond": "(ps_partkey = part.p_partkey)"}]}]}]}, {"Node Type": "Sort", "Parent Relationship": "Inner", "Startup Cost": 3208828.67, "Total Cost": 3231507.87, "Plan Rows": 9071680, "Plan Width": 24, "Sort Key": ["subquery.\"?column?\"", "subquery.\"?column?\""], "Plans": [{"Node Type": "Subquery Scan", "Parent Relationship": "Outer", "Alias": "subquery", "Startup Cost": 1956349.97, "Total Cost": 2160462.77, "Plan Rows": 9071680, "Plan Width": 24, "Plans": [{"Node Type": "Aggregate", "Strategy": "Hashed", "Parent Relationship": "Subquery", "Startup Cost": 1956349.97, "Total Cost": 2069745.97, "Plan Rows": 9071680, "Plan Width": 40, "Group By Key": ["lineitem.l_partkey", "lineitem.l_suppkey"], "Plans": [{"Node Type": "Bitmap Heap Scan", "Parent Relationship": "Outer", "Relation Name": "lineitem", "Alias": "lineitem", "Startup Cost": 314312.97, "Total Cost": 1865633.17, "Plan Rows": 9071680, "Plan Width": 24, "Recheck Cond": "((l_shipdate >= '1993-01-01 00:00:00'::timestamp(0) without time zone) AND (l_shipdate < '1994-01-01 00:00:00'::timestamp without time zone)), (LLVM Optimized)", "Plans": [{"Node Type": "Bitmap Index Scan", "Parent Relationship": "Outer", "Index Name": "idx_lineitem_shipdate", "Startup Cost": 0.0, "Total Cost": 312045.05, "Plan Rows": 9071680, "Plan Width": 0, "Index Cond": "((l_shipdate >= '1993-01-01 00:00:00'::timestamp(0) without time zone) AND (l_shipdate < '1994-01-01 00:00:00'::timestamp without time zone))"}]}]}]}]}]}]}]}]}, "Unique SQL Id": 202076520, "Planner Runtime": 2}, "explain_analyze_plan": {"Plan": {"Node Type": "Sort", "Startup Cost": 3694487.63, "Total Cost": 3694492.63, "Plan Rows": 2000, "Plan Width": 51, "Actual Startup Time": 33259.928, "Actual Total Time": 33260.111, "Actual Rows": 1746, "Actual Loops": 1, "Sort Key": ["supplier.s_name"], "Sort Method": "quicksort", "Sort Space Used": 309, "Sort Space Type": "Memory", "Plans": [{"Node Type": "Merge Join", "Parent Relationship": "Outer", "Join Type": "Semi", "Startup Cost": 3625836.1, "Total Cost": 3694377.98, "Plan Rows": 2000, "Plan Width": 51, "Actual Startup Time": 30630.892, "Actual Total Time": 33257.613, "Actual Rows": 1746, "Actual Loops": 1, "Inner Unique": false, "Merge Cond": "(supplier.s_suppkey = subquery.\"?column?\")", "Plans": [{"Node Type": "Sort", "Parent Relationship": "Outer", "Startup Cost": 2772.67, "Total Cost": 2782.67, "Plan Rows": 4000, "Plan Width": 59, "Actual Startup Time": 7.678, "Actual Total Time": 8.584, "Actual Rows": 3934, "Actual Loops": 1, "Sort Key": ["supplier.s_suppkey"], "Sort Method": "quicksort", "Sort Space Used": 711, "Sort Space Type": "Memory", "Plans": [{"Node Type": "Nested Loop", "Parent Relationship": "Outer", "Join Type": "Inner", "Startup Cost": 95.25, "Total Cost": 2533.35, "Plan Rows": 4000, "Plan Width": 59, "Actual Startup Time": 0.955, "Actual Total Time": 6.264, "Actual Rows": 3934, "Actual Loops": 1, "Inner Unique": false, "Plans": [{"Node Type": "Seq Scan", "Parent Relationship": "Outer", "Relation Name": "nation", "Alias": "nation", "Startup Cost": 0.0, "Total Cost": 1.31, "Plan Rows": 1, "Plan Width": 4, "Actual Startup Time": 0.024, "Actual Total Time": 0.038, "Actual Rows": 1, "Actual Loops": 1, "Filter": "(n_name = 'ALGERIA'::bpchar)", "Rows Removed by Filter": 24}, {"Node Type": "Bitmap Heap Scan", "Parent Relationship": "Inner", "Relation Name": "supplier", "Alias": "supplier", "Startup Cost": 95.25, "Total Cost": 2492.04, "Plan Rows": 4000, "Plan Width": 63, "Actual Startup Time": 0.924, "Actual Total Time": 5.437, "Actual Rows": 3934, "Actual Loops": 1, "Recheck Cond": "(s_nationkey = nation.n_nationkey)", "Rows Removed by Index Recheck": 0, "Exact Heap Blocks": 1897, "Lossy Heap Blocks": 1897, "Plans": [{"Node Type": "Bitmap Index Scan", "Parent Relationship": "Outer", "Index Name": "idx_supplier_nation_key", "Startup Cost": 0.0, "Total Cost": 94.25, "Plan Rows": 4000, "Plan Width": 0, "Actual Startup Time": 0.634, "Actual Total Time": 0.634, "Actual Rows": 3934, "Actual Loops": 1, "Index Cond": "(s_nationkey = nation.n_nationkey)"}]}]}]}, {"Node Type": "Materialize", "Parent Relationship": "Inner", "Startup Cost": 3623063.44, "Total Cost": 3691585.29, "Plan Rows": 2, "Plan Width": 16, "Actual Startup Time": 30622.507, "Actual Total Time": 33231.88, "Actual Rows": 58530, "Actual Loops": 1, "Plans": [{"Node Type": "Merge Join", "Parent Relationship": "Outer", "Join Type": "Inner", "Startup Cost": 3623063.44, "Total Cost": 3691585.28, "Plan Rows": 2, "Plan Width": 16, "Actual Startup Time": 30622.505, "Actual Total Time": 33223.534, "Actual Rows": 58530, "Actual Loops": 1, "Inner Unique": true, "Merge Cond": "((partsupp.ps_suppkey = subquery.\"?column?\") AND (partsupp.ps_partkey = subquery.\"?column?\"))", "Join Filter": "((partsupp.ps_availqty)::double precision > (.5::double precision * subquery.\"?column?\"))", "Rows Removed by Join Filter": 0, "Plans": [{"Node Type": "Sort", "Parent Relationship": "Outer", "Startup Cost": 414234.76, "Total Cost": 414396.14, "Plan Rows": 64552, "Plan Width": 32, "Actual Startup Time": 1023.17, "Actual Total Time": 1051.543, "Actual Rows": 86215, "Actual Loops": 1, "Sort Key": ["partsupp.ps_suppkey", "partsupp.ps_partkey"], "Sort Method": "quicksort", "Sort Space Used": 11156, "Sort Space Type": "Memory", "Plans": [{"Node Type": "Nested Loop", "Parent Relationship": "Outer", "Join Type": "Inner", "Startup Cost": 3.19, "Total Cost": 409077.65, "Plan Rows": 64552, "Plan Width": 32, "Actual Startup Time": 0.069, "Actual Total Time": 976.051, "Actual Rows": 86224, "Actual Loops": 1, "Inner Unique": false, "Plans": [{"Node Type": "Seq Scan", "Parent Relationship": "Outer", "Relation Name": "part", "Alias": "part", "Startup Cost": 0.0, "Total Cost": 66944.0, "Plan Rows": 22472, "Plan Width": 8, "Actual Startup Time": 0.034, "Actual Total Time": 755.873, "Actual Rows": 21556, "Actual Loops": 1, "Filter": "((p_name)::text ~~ 'green%'::text)", "Rows Removed by Filter": 1978444}, {"Node Type": "Bitmap Heap Scan", "Parent Relationship": "Inner", "Relation Name": "partsupp", "Alias": "partsupp", "Startup Cost": 3.19, "Total Cost": 15.19, "Plan Rows": 3, "Plan Width": 24, "Actual Startup Time": 161.901, "Actual Total Time": 176.814, "Actual Rows": 86224, "Actual Loops": 21556, "Recheck Cond": "(ps_partkey = part.p_partkey)", "Rows Removed by Index Recheck": 0, "Exact Heap Blocks": 23502, "Lossy Heap Blocks": 23502, "Plans": [{"Node Type": "Bitmap Index Scan", "Parent Relationship": "Outer", "Index Name": "idx_partsupp_partkey", "Startup Cost": 0.0, "Total Cost": 3.19, "Plan Rows": 3, "Plan Width": 0, "Actual Startup Time": 89.46, "Actual Total Time": 89.46, "Actual Rows": 86224, "Actual Loops": 21556, "Index Cond": "(ps_partkey = part.p_partkey)"}]}]}]}, {"Node Type": "Sort", "Parent Relationship": "Inner", "Startup Cost": 3208828.67, "Total Cost": 3231507.87, "Plan Rows": 9071680, "Plan Width": 24, "Actual Startup Time": 29599.197, "Actual Total Time": 31345.119, "Actual Rows": 5442190, "Actual Loops": 1, "Sort Key": ["subquery.\"?column?\"", "subquery.\"?column?\""], "Sort Method": "quicksort", "Sort Space Used": 706866, "Sort Space Type": "Memory", "Plans": [{"Node Type": "Subquery Scan", "Parent Relationship": "Outer", "Alias": "subquery", "Startup Cost": 1956349.97, "Total Cost": 2160462.77, "Plan Rows": 9071680, "Plan Width": 24, "Actual Startup Time": 19593.348, "Actual Total Time": 24596.385, "Actual Rows": 5442751, "Actual Loops": 1, "Plans": [{"Node Type": "Aggregate", "Strategy": "Hashed", "Parent Relationship": "Subquery", "Startup Cost": 1956349.97, "Total Cost": 2069745.97, "Plan Rows": 9071680, "Plan Width": 40, "Actual Startup Time": 19593.336, "Actual Total Time": 23579.347, "Actual Rows": 5442751, "Actual Loops": 1, "Group By Key": ["lineitem.l_partkey", "lineitem.l_suppkey"], "Plans": [{"Node Type": "Bitmap Heap Scan", "Parent Relationship": "Outer", "Relation Name": "lineitem", "Alias": "lineitem", "Startup Cost": 314312.97, "Total Cost": 1865633.17, "Plan Rows": 9071680, "Plan Width": 24, "Actual Startup Time": 4291.716, "Actual Total Time": 12005.047, "Actual Rows": 9109641, "Actual Loops": 1, "Recheck Cond": "((l_shipdate >= '1993-01-01 00:00:00'::timestamp(0) without time zone) AND (l_shipdate < '1994-01-01 00:00:00'::timestamp without time zone)), (LLVM Optimized, Jit Execute)", "Rows Removed by Index Recheck": 0, "Exact Heap Blocks": 1252335, "Lossy Heap Blocks": 1252335, "Plans": [{"Node Type": "Bitmap Index Scan", "Parent Relationship": "Outer", "Index Name": "idx_lineitem_shipdate", "Startup Cost": 0.0, "Total Cost": 312045.05, "Plan Rows": 9071680, "Plan Width": 0, "Actual Startup Time": 3637.971, "Actual Total Time": 3637.971, "Actual Rows": 9109641, "Actual Loops": 1, "Index Cond": "((l_shipdate >= '1993-01-01 00:00:00'::timestamp(0) without time zone) AND (l_shipdate < '1994-01-01 00:00:00'::timestamp without time zone))"}]}]}]}]}]}]}]}]}, "Triggers": [], "Planner Runtime": 2, "Total Runtime": 33272.134, "Unique SQL Id": 202076520}}, "(64, 87)": {"explain_plan": {"Plan": {"Node Type": "Sort", "Startup Cost": 41474309.17, "Total Cost": 41474314.17, "Plan Rows": 2000, "Plan Width": 51, "Sort Key": ["supplier.s_name"], "Plans": [{"Node Type": "Nested Loop", "Parent Relationship": "Outer", "Join Type": "Inner", "Startup Cost": 41260049.96, "Total Cost": 41474199.51, "Plan Rows": 2000, "Plan Width": 51, "Inner Unique": true, "Plans": [{"Node Type": "Nested Loop", "Parent Relationship": "Outer", "Join Type": "Inner", "Startup Cost": 41260049.7, "Total Cost": 41260058.01, "Plan Rows": 50000, "Plan Width": 55, "Inner Unique": true, "Plans": [{"Node Type": "Unique", "Parent Relationship": "Outer", "Startup Cost": 41260049.44, "Total Cost": 41260049.45, "Plan Rows": 2, "Plan Width": 16, "Plans": [{"Node Type": "Sort", "Parent Relationship": "Outer", "Startup Cost": 41260049.44, "Total Cost": 41260049.45, "Plan Rows": 2, "Plan Width": 16, "Sort Key": ["partsupp.ps_suppkey"], "Plans": [{"Node Type": "Nested Loop", "Parent Relationship": "Outer", "Join Type": "Semi", "Startup Cost": 1956350.51, "Total Cost": 41260049.43, "Plan Rows": 2, "Plan Width": 16, "Inner Unique": false, "Join Filter": "(partsupp.ps_partkey = part.p_partkey)", "Plans": [{"Node Type": "Nested Loop", "Parent Relationship": "Outer", "Join Type": "Inner", "Startup Cost": 1956350.25, "Total Cost": 41259981.09, "Plan Rows": 15, "Plan Width": 32, "Inner Unique": true, "Plans": [{"Node Type": "Aggregate", "Strategy": "Hashed", "Parent Relationship": "Outer", "Startup Cost": 1956349.97, "Total Cost": 2069745.97, "Plan Rows": 9071680, "Plan Width": 40, "Group By Key": ["lineitem.l_partkey", "lineitem.l_suppkey"], "Plans": [{"Node Type": "Bitmap Heap Scan", "Parent Relationship": "Outer", "Relation Name": "lineitem", "Alias": "lineitem", "Startup Cost": 314312.97, "Total Cost": 1865633.17, "Plan Rows": 9071680, "Plan Width": 24, "Recheck Cond": "((l_shipdate >= '1993-01-01 00:00:00'::timestamp(0) without time zone) AND (l_shipdate < '1994-01-01 00:00:00'::timestamp without time zone)), (LLVM Optimized)", "Plans": [{"Node Type": "Bitmap Index Scan", "Parent Relationship": "Outer", "Index Name": "idx_lineitem_shipdate", "Startup Cost": 0.0, "Total Cost": 312045.05, "Plan Rows": 9071680, "Plan Width": 0, "Index Cond": "((l_shipdate >= '1993-01-01 00:00:00'::timestamp(0) without time zone) AND (l_shipdate < '1994-01-01 00:00:00'::timestamp without time zone))"}]}]}, {"Node Type": "Bitmap Heap Scan", "Parent Relationship": "Inner", "Relation Name": "partsupp", "Alias": "partsupp", "Startup Cost": 0.28, "Total Cost": 4.3, "Plan Rows": 1, "Plan Width": 24, "Recheck Cond": "((ps_partkey = lineitem.l_partkey) AND (ps_suppkey = lineitem.l_suppkey))", "Filter": "((ps_availqty)::double precision > (.5::double precision * (sum(lineitem.l_quantity))))", "Plans": [{"Node Type": "Bitmap Index Scan", "Parent Relationship": "Outer", "Index Name": "partsupp_pkey", "Startup Cost": 0.0, "Total Cost": 0.28, "Plan Rows": 1, "Plan Width": 0, "Index Cond": "((ps_partkey = lineitem.l_partkey) AND (ps_suppkey = lineitem.l_suppkey))"}]}]}, {"Node Type": "Bitmap Heap Scan", "Parent Relationship": "Inner", "Relation Name": "part", "Alias": "part", "Startup Cost": 0.26, "Total Cost": 4.28, "Plan Rows": 1, "Plan Width": 8, "Recheck Cond": "(p_partkey = lineitem.l_partkey)", "Filter": "((p_name)::text ~~ 'green%'::text)", "Plans": [{"Node Type": "Bitmap Index Scan", "Parent Relationship": "Outer", "Index Name": "part_kpey", "Startup Cost": 0.0, "Total Cost": 0.26, "Plan Rows": 1, "Plan Width": 0, "Index Cond": "(p_partkey = lineitem.l_partkey)"}]}]}]}]}, {"Node Type": "Bitmap Heap Scan", "Parent Relationship": "Inner", "Relation Name": "supplier", "Alias": "supplier", "Startup Cost": 0.26, "Total Cost": 4.27, "Plan Rows": 1, "Plan Width": 63, "Recheck Cond": "(s_suppkey = lineitem.l_suppkey)", "Plans": [{"Node Type": "Bitmap Index Scan", "Parent Relationship": "Outer", "Index Name": "supplier_pkey", "Startup Cost": 0.0, "Total Cost": 0.26, "Plan Rows": 1, "Plan Width": 0, "Index Cond": "(s_suppkey = lineitem.l_suppkey)"}]}]}, {"Node Type": "Bitmap Heap Scan", "Parent Relationship": "Inner", "Relation Name": "nation", "Alias": "nation", "Startup Cost": 0.26, "Total Cost": 4.27, "Plan Rows": 1, "Plan Width": 4, "Recheck Cond": "(n_nationkey = supplier.s_nationkey)", "Filter": "(n_name = 'ALGERIA'::bpchar)", "Plans": [{"Node Type": "Bitmap Index Scan", "Parent Relationship": "Outer", "Index Name": "nation_pkey", "Startup Cost": 0.0, "Total Cost": 0.26, "Plan Rows": 1, "Plan Width": 0, "Index Cond": "(n_nationkey = supplier.s_nationkey)"}]}]}]}, "Unique SQL Id": 202076520, "Planner Runtime": 2}, "explain_analyze_plan": {"Plan": {"Node Type": "Sort", "Startup Cost": 41474309.17, "Total Cost": 41474314.17, "Plan Rows": 2000, "Plan Width": 51, "Actual Startup Time": 122895.801, "Actual Total Time": 122895.962, "Actual Rows": 1746, "Actual Loops": 1, "Sort Key": ["supplier.s_name"], "Sort Method": "quicksort", "Sort Space Used": 309, "Sort Space Type": "Memory", "Plans": [{"Node Type": "Nested Loop", "Parent Relationship": "Outer", "Join Type": "Inner", "Startup Cost": 41260049.96, "Total Cost": 41474199.51, "Plan Rows": 2000, "Plan Width": 51, "Actual Startup Time": 122484.703, "Actual Total Time": 122893.842, "Actual Rows": 1746, "Actual Loops": 1, "Inner Unique": true, "Plans": [{"Node Type": "Nested Loop", "Parent Relationship": "Outer", "Join Type": "Inner", "Startup Cost": 41260049.7, "Total Cost": 41260058.01, "Plan Rows": 50000, "Plan Width": 55, "Actual Startup Time": 122484.344, "Actual Total Time": 122721.997, "Actual Rows": 44487, "Actual Loops": 1, "Inner Unique": true, "Plans": [{"Node Type": "Unique", "Parent Relationship": "Outer", "Startup Cost": 41260049.44, "Total Cost": 41260049.45, "Plan Rows": 2, "Plan Width": 16, "Actual Startup Time": 122484.301, "Actual Total Time": 122514.18, "Actual Rows": 44487, "Actual Loops": 1, "Plans": [{"Node Type": "Sort", "Parent Relationship": "Outer", "Startup Cost": 41260049.44, "Total Cost": 41260049.45, "Plan Rows": 2, "Plan Width": 16, "Actual Startup Time": 122484.297, "Actual Total Time": 122495.718, "Actual Rows": 58537, "Actual Loops": 1, "Sort Key": ["partsupp.ps_suppkey"], "Sort Method": "quicksort", "Sort Space Used": 7024, "Sort Space Type": "Memory", "Plans": [{"Node Type": "Nested Loop", "Parent Relationship": "Outer", "Join Type": "Semi", "Startup Cost": 1956350.51, "Total Cost": 41260049.43, "Plan Rows": 2, "Plan Width": 16, "Actual Startup Time": 18667.862, "Actual Total Time": 122403.43, "Actual Rows": 58537, "Actual Loops": 1, "Inner Unique": false, "Join Filter": "(partsupp.ps_partkey = part.p_partkey)", "Rows Removed by Join Filter": 0, "Plans": [{"Node Type": "Nested Loop", "Parent Relationship": "Outer", "Join Type": "Inner", "Startup Cost": 1956350.25, "Total Cost": 41259981.09, "Plan Rows": 15, "Plan Width": 32, "Actual Startup Time": 18667.485, "Actual Total Time": 76318.413, "Actual Rows": 5431247, "Actual Loops": 1, "Inner Unique": true, "Plans": [{"Node Type": "Aggregate", "Strategy": "Hashed", "Parent Relationship": "Outer", "Startup Cost": 1956349.97, "Total Cost": 2069745.97, "Plan Rows": 9071680, "Plan Width": 40, "Actual Startup Time": 18667.332, "Actual Total Time": 23320.171, "Actual Rows": 5442751, "Actual Loops": 1, "Group By Key": ["lineitem.l_partkey", "lineitem.l_suppkey"], "Plans": [{"Node Type": "Bitmap Heap Scan", "Parent Relationship": "Outer", "Relation Name": "lineitem", "Alias": "lineitem", "Startup Cost": 314312.97, "Total Cost": 1865633.17, "Plan Rows": 9071680, "Plan Width": 24, "Actual Startup Time": 4229.766, "Actual Total Time": 11960.542, "Actual Rows": 9109641, "Actual Loops": 1, "Recheck Cond": "((l_shipdate >= '1993-01-01 00:00:00'::timestamp(0) without time zone) AND (l_shipdate < '1994-01-01 00:00:00'::timestamp without time zone)), (LLVM Optimized, Jit Execute)", "Rows Removed by Index Recheck": 0, "Exact Heap Blocks": 1252335, "Lossy Heap Blocks": 1252335, "Plans": [{"Node Type": "Bitmap Index Scan", "Parent Relationship": "Outer", "Index Name": "idx_lineitem_shipdate", "Startup Cost": 0.0, "Total Cost": 312045.05, "Plan Rows": 9071680, "Plan Width": 0, "Actual Startup Time": 3607.483, "Actual Total Time": 3607.483, "Actual Rows": 9109641, "Actual Loops": 1, "Index Cond": "((l_shipdate >= '1993-01-01 00:00:00'::timestamp(0) without time zone) AND (l_shipdate < '1994-01-01 00:00:00'::timestamp without time zone))"}]}]}, {"Node Type": "Bitmap Heap Scan", "Parent Relationship": "Inner", "Relation Name": "partsupp", "Alias": "partsupp", "Startup Cost": 0.28, "Total Cost": 4.3, "Plan Rows": 1, "Plan Width": 24, "Actual Startup Time": 45151.232, "Actual Total Time": 45151.232, "Actual Rows": 5431247, "Actual Loops": 5442751, "Recheck Cond": "((ps_partkey = lineitem.l_partkey) AND (ps_suppkey = lineitem.l_suppkey))", "Rows Removed by Index Recheck": 0, "Filter": "((ps_availqty)::double precision > (.5::double precision * (sum(lineitem.l_quantity))))", "Rows Removed by Filter": 11504, "Exact Heap Blocks": 5442751, "Lossy Heap Blocks": 5442751, "Plans": [{"Node Type": "Bitmap Index Scan", "Parent Relationship": "Outer", "Index Name": "partsupp_pkey", "Startup Cost": 0.0, "Total Cost": 0.28, "Plan Rows": 1, "Plan Width": 0, "Actual Startup Time": 27667.53, "Actual Total Time": 27667.53, "Actual Rows": 5442751, "Actual Loops": 5442751, "Index Cond": "((ps_partkey = lineitem.l_partkey) AND (ps_suppkey = lineitem.l_suppkey))"}]}]}, {"Node Type": "Bitmap Heap Scan", "Parent Relationship": "Inner", "Relation Name": "part", "Alias": "part", "Startup Cost": 0.26, "Total Cost": 4.28, "Plan Rows": 1, "Plan Width": 8, "Actual Startup Time": 39761.268, "Actual Total Time": 39761.268, "Actual Rows": 58537, "Actual Loops": 5431247, "Recheck Cond": "(p_partkey = lineitem.l_partkey)", "Rows Removed by Index Recheck": 0, "Filter": "((p_name)::text ~~ 'green%'::text)", "Rows Removed by Filter": 5372710, "Exact Heap Blocks": 5431247, "Lossy Heap Blocks": 5431247, "Plans": [{"Node Type": "Bitmap Index Scan", "Parent Relationship": "Outer", "Index Name": "part_kpey", "Startup Cost": 0.0, "Total Cost": 0.26, "Plan Rows": 1, "Plan Width": 0, "Actual Startup Time": 23528.84, "Actual Total Time": 23528.84, "Actual Rows": 5431247, "Actual Loops": 5431247, "Index Cond": "(p_partkey = lineitem.l_partkey)"}]}]}]}]}, {"Node Type": "Bitmap Heap Scan", "Parent Relationship": "Inner", "Relation Name": "supplier", "Alias": "supplier", "Startup Cost": 0.26, "Total Cost": 4.27, "Plan Rows": 1, "Plan Width": 63, "Actual Startup Time": 147.97, "Actual Total Time": 147.97, "Actual Rows": 44487, "Actual Loops": 44487, "Recheck Cond": "(s_suppkey = lineitem.l_suppkey)", "Rows Removed by Index Recheck": 0, "Exact Heap Blocks": 44487, "Lossy Heap Blocks": 44487, "Plans": [{"Node Type": "Bitmap Index Scan", "Parent Relationship": "Outer", "Index Name": "supplier_pkey", "Startup Cost": 0.0, "Total Cost": 0.26, "Plan Rows": 1, "Plan Width": 0, "Actual Startup Time": 82.176, "Actual Total Time": 82.176, "Actual Rows": 44487, "Actual Loops": 44487, "Index Cond": "(s_suppkey = lineitem.l_suppkey)"}]}]}, {"Node Type": "Bitmap Heap Scan", "Parent Relationship": "Inner", "Relation Name": "nation", "Alias": "nation", "Startup Cost": 0.26, "Total Cost": 4.27, "Plan Rows": 1, "Plan Width": 4, "Actual Startup Time": 121.742, "Actual Total Time": 121.742, "Actual Rows": 1746, "Actual Loops": 44487, "Recheck Cond": "(n_nationkey = supplier.s_nationkey)", "Rows Removed by Index Recheck": 0, "Filter": "(n_name = 'ALGERIA'::bpchar)", "Rows Removed by Filter": 42741, "Exact Heap Blocks": 44487, "Lossy Heap Blocks": 44487, "Plans": [{"Node Type": "Bitmap Index Scan", "Parent Relationship": "Outer", "Index Name": "nation_pkey", "Startup Cost": 0.0, "Total Cost": 0.26, "Plan Rows": 1, "Plan Width": 0, "Actual Startup Time": 45.415, "Actual Total Time": 45.415, "Actual Rows": 44487, "Actual Loops": 44487, "Index Cond": "(n_nationkey = supplier.s_nationkey)"}]}]}]}, "Triggers": [], "Planner Runtime": 2, "Total Runtime": 122906.738, "Unique SQL Id": 202076520}}, "(64, 88)": {"explain_plan": {"Plan": {"Node Type": "Sort", "Startup Cost": 3976822.72, "Total Cost": 3976827.72, "Plan Rows": 2000, "Plan Width": 51, "Sort Key": ["supplier.s_name"], "Plans": [{"Node Type": "Nested Loop", "Parent Relationship": "Outer", "Join Type": "Inner", "Startup Cost": 3888475.64, "Total Cost": 3976713.06, "Plan Rows": 2000, "Plan Width": 51, "Inner Unique": true, "Plans": [{"Node Type": "Merge Join", "Parent Relationship": "Outer", "Join Type": "Semi", "Startup Cost": 3888475.64, "Total Cost": 3962582.06, "Plan Rows": 50000, "Plan Width": 55, "Inner Unique": false, "Merge Cond": "(supplier.s_suppkey = subquery.\"?column?\")", "Plans": [{"Node Type": "Index Scan", "Parent Relationship": "Outer", "Scan Direction": "Forward", "Index Name": "supplier_pkey", "Relation Name": "supplier", "Alias": "supplier", "Startup Cost": 0.0, "Total Cost": 5334.54, "Plan Rows": 100000, "Plan Width": 63}, {"Node Type": "Materialize", "Parent Relationship": "Inner", "Startup Cost": 3888475.64, "Total Cost": 3956997.49, "Plan Rows": 2, "Plan Width": 16, "Plans": [{"Node Type": "Merge Join", "Parent Relationship": "Outer", "Join Type": "Inner", "Startup Cost": 3888475.64, "Total Cost": 3956997.49, "Plan Rows": 2, "Plan Width": 16, "Inner Unique": true, "Merge Cond": "((partsupp.ps_suppkey = subquery.\"?column?\") AND (partsupp.ps_partkey = subquery.\"?column?\"))", "Join Filter": "((partsupp.ps_availqty)::double precision > (.5::double precision * subquery.\"?column?\"))", "Plans": [{"Node Type": "Sort", "Parent Relationship": "Outer", "Startup Cost": 230229.65, "Total Cost": 230391.03, "Plan Rows": 64552, "Plan Width": 32, "Sort Key": ["partsupp.ps_suppkey", "partsupp.ps_partkey"], "Plans": [{"Node Type": "Nested Loop", "Parent Relationship": "Outer", "Join Type": "Inner", "Startup Cost": 0.0, "Total Cost": 225072.53, "Plan Rows": 64552, "Plan Width": 32, "Inner Unique": false, "Plans": [{"Node Type": "Seq Scan", "Parent Relationship": "Outer", "Relation Name": "part", "Alias": "part", "Startup Cost": 0.0, "Total Cost": 66944.0, "Plan Rows": 22472, "Plan Width": 8, "Filter": "((p_name)::text ~~ 'green%'::text)"}, {"Node Type": "Index Scan", "Parent Relationship": "Inner", "Scan Direction": "Forward", "Index Name": "idx_partsupp_partkey", "Relation Name": "partsupp", "Alias": "partsupp", "Startup Cost": 0.0, "Total Cost": 7.01, "Plan Rows": 3, "Plan Width": 24, "Index Cond": "(ps_partkey = part.p_partkey)"}]}]}, {"Node Type": "Sort", "Parent Relationship": "Inner", "Startup Cost": 3658246.0, "Total Cost": 3680925.2, "Plan Rows": 9071680, "Plan Width": 24, "Sort Key": ["subquery.\"?column?\"", "subquery.\"?column?\""], "Plans": [{"Node Type": "Subquery Scan", "Parent Relationship": "Outer", "Alias": "subquery", "Startup Cost": 2405767.29, "Total Cost": 2609880.09, "Plan Rows": 9071680, "Plan Width": 24, "Plans": [{"Node Type": "Aggregate", "Strategy": "Hashed", "Parent Relationship": "Subquery", "Startup Cost": 2405767.29, "Total Cost": 2519163.29, "Plan Rows": 9071680, "Plan Width": 40, "Group By Key": ["lineitem.l_partkey", "lineitem.l_suppkey"], "Plans": [{"Node Type": "Seq Scan", "Parent Relationship": "Outer", "Relation Name": "lineitem", "Alias": "lineitem", "Startup Cost": 119.57, "Total Cost": 2315050.5, "Plan Rows": 9071680, "Plan Width": 24, "Filter": "((l_shipdate >= '1993-01-01 00:00:00'::timestamp(0) without time zone) AND (l_shipdate < '1994-01-01 00:00:00'::timestamp without time zone)), (LLVM Optimized)"}]}]}]}]}]}]}, {"Node Type": "Index Scan", "Parent Relationship": "Inner", "Scan Direction": "Forward", "Index Name": "nation_pkey", "Relation Name": "nation", "Alias": "nation", "Startup Cost": 0.0, "Total Cost": 0.27, "Plan Rows": 1, "Plan Width": 4, "Index Cond": "(n_nationkey = supplier.s_nationkey)", "Filter": "(n_name = 'ALGERIA'::bpchar)"}]}]}, "Unique SQL Id": 202076520, "Planner Runtime": 3}, "explain_analyze_plan": {"Plan": {"Node Type": "Sort", "Startup Cost": 3976822.72, "Total Cost": 3976827.72, "Plan Rows": 2000, "Plan Width": 51, "Actual Startup Time": 42607.675, "Actual Total Time": 42607.865, "Actual Rows": 1746, "Actual Loops": 1, "Sort Key": ["supplier.s_name"], "Sort Method": "quicksort", "Sort Space Used": 309, "Sort Space Type": "Memory", "Plans": [{"Node Type": "Nested Loop", "Parent Relationship": "Outer", "Join Type": "Inner", "Startup Cost": 3888475.64, "Total Cost": 3976713.06, "Plan Rows": 2000, "Plan Width": 51, "Actual Startup Time": 40405.563, "Actual Total Time": 42604.995, "Actual Rows": 1746, "Actual Loops": 1, "Inner Unique": true, "Plans": [{"Node Type": "Merge Join", "Parent Relationship": "Outer", "Join Type": "Semi", "Startup Cost": 3888475.64, "Total Cost": 3962582.06, "Plan Rows": 50000, "Plan Width": 55, "Actual Startup Time": 40404.723, "Actual Total Time": 42486.504, "Actual Rows": 44487, "Actual Loops": 1, "Inner Unique": false, "Merge Cond": "(supplier.s_suppkey = subquery.\"?column?\")", "Plans": [{"Node Type": "Index Scan", "Parent Relationship": "Outer", "Scan Direction": "Forward", "Index Name": "supplier_pkey", "Relation Name": "supplier", "Alias": "supplier", "Startup Cost": 0.0, "Total Cost": 5334.54, "Plan Rows": 100000, "Plan Width": 63, "Actual Startup Time": 0.03, "Actual Total Time": 60.125, "Actual Rows": 100000, "Actual Loops": 1}, {"Node Type": "Materialize", "Parent Relationship": "Inner", "Startup Cost": 3888475.64, "Total Cost": 3956997.49, "Plan Rows": 2, "Plan Width": 16, "Actual Startup Time": 40404.661, "Actual Total Time": 42381.835, "Actual Rows": 58537, "Actual Loops": 1, "Plans": [{"Node Type": "Merge Join", "Parent Relationship": "Outer", "Join Type": "Inner", "Startup Cost": 3888475.64, "Total Cost": 3956997.49, "Plan Rows": 2, "Plan Width": 16, "Actual Startup Time": 40404.66, "Actual Total Time": 42372.895, "Actual Rows": 58537, "Actual Loops": 1, "Inner Unique": true, "Merge Cond": "((partsupp.ps_suppkey = subquery.\"?column?\") AND (partsupp.ps_partkey = subquery.\"?column?\"))", "Join Filter": "((partsupp.ps_availqty)::double precision > (.5::double precision * subquery.\"?column?\"))", "Rows Removed by Join Filter": 0, "Plans": [{"Node Type": "Sort", "Parent Relationship": "Outer", "Startup Cost": 230229.65, "Total Cost": 230391.03, "Plan Rows": 64552, "Plan Width": 32, "Actual Startup Time": 1105.447, "Actual Total Time": 1130.972, "Actual Rows": 86224, "Actual Loops": 1, "Sort Key": ["partsupp.ps_suppkey", "partsupp.ps_partkey"], "Sort Method": "quicksort", "Sort Space Used": 11156, "Sort Space Type": "Memory", "Plans": [{"Node Type": "Nested Loop", "Parent Relationship": "Outer", "Join Type": "Inner", "Startup Cost": 0.0, "Total Cost": 225072.53, "Plan Rows": 64552, "Plan Width": 32, "Actual Startup Time": 0.04, "Actual Total Time": 1056.432, "Actual Rows": 86224, "Actual Loops": 1, "Inner Unique": false, "Plans": [{"Node Type": "Seq Scan", "Parent Relationship": "Outer", "Relation Name": "part", "Alias": "part", "Startup Cost": 0.0, "Total Cost": 66944.0, "Plan Rows": 22472, "Plan Width": 8, "Actual Startup Time": 0.025, "Actual Total Time": 809.108, "Actual Rows": 21556, "Actual Loops": 1, "Filter": "((p_name)::text ~~ 'green%'::text)", "Rows Removed by Filter": 1978444}, {"Node Type": "Index Scan", "Parent Relationship": "Inner", "Scan Direction": "Forward", "Index Name": "idx_partsupp_partkey", "Relation Name": "partsupp", "Alias": "partsupp", "Startup Cost": 0.0, "Total Cost": 7.01, "Plan Rows": 3, "Plan Width": 24, "Actual Startup Time": 165.195, "Actual Total Time": 216.052, "Actual Rows": 86224, "Actual Loops": 21556, "Index Cond": "(ps_partkey = part.p_partkey)", "Rows Removed by Index Recheck": 0}]}]}, {"Node Type": "Sort", "Parent Relationship": "Inner", "Startup Cost": 3658246.0, "Total Cost": 3680925.2, "Plan Rows": 9071680, "Plan Width": 24, "Actual Startup Time": 39299.008, "Actual Total Time": 40418.531, "Actual Rows": 5442737, "Actual Loops": 1, "Sort Key": ["subquery.\"?column?\"", "subquery.\"?column?\""], "Sort Method": "quicksort", "Sort Space Used": 706866, "Sort Space Type": "Memory", "Plans": [{"Node Type": "Subquery Scan", "Parent Relationship": "Outer", "Alias": "subquery", "Startup Cost": 2405767.29, "Total Cost": 2609880.09, "Plan Rows": 9071680, "Plan Width": 24, "Actual Startup Time": 30603.461, "Actual Total Time": 34466.236, "Actual Rows": 5442751, "Actual Loops": 1, "Plans": [{"Node Type": "Aggregate", "Strategy": "Hashed", "Parent Relationship": "Subquery", "Startup Cost": 2405767.29, "Total Cost": 2519163.29, "Plan Rows": 9071680, "Plan Width": 40, "Actual Startup Time": 30603.366, "Actual Total Time": 33457.958, "Actual Rows": 5442751, "Actual Loops": 1, "Group By Key": ["lineitem.l_partkey", "lineitem.l_suppkey"], "Plans": [{"Node Type": "Seq Scan", "Parent Relationship": "Outer", "Relation Name": "lineitem", "Alias": "lineitem", "Startup Cost": 119.57, "Total Cost": 2315050.5, "Plan Rows": 9071680, "Plan Width": 24, "Actual Startup Time": 0.038, "Actual Total Time": 23127.388, "Actual Rows": 9109641, "Actual Loops": 1, "Filter": "((l_shipdate >= '1993-01-01 00:00:00'::timestamp(0) without time zone) AND (l_shipdate < '1994-01-01 00:00:00'::timestamp without time zone)), (LLVM Optimized, Jit Execute)", "Rows Removed by Filter": 50876411}]}]}]}]}]}]}, {"Node Type": "Index Scan", "Parent Relationship": "Inner", "Scan Direction": "Forward", "Index Name": "nation_pkey", "Relation Name": "nation", "Alias": "nation", "Startup Cost": 0.0, "Total Cost": 0.27, "Plan Rows": 1, "Plan Width": 4, "Actual Startup Time": 93.811, "Actual Total Time": 93.811, "Actual Rows": 1746, "Actual Loops": 44487, "Index Cond": "(n_nationkey = supplier.s_nationkey)", "Rows Removed by Index Recheck": 0, "Filter": "(n_name = 'ALGERIA'::bpchar)", "Rows Removed by Filter": 42741}]}]}, "Triggers": [], "Planner Runtime": 3, "Total Runtime": 42617.48, "Unique SQL Id": 202076520}}, "(64, 89)": {"explain_plan": {"Plan": {"Node Type": "Sort", "Startup Cost": 7727524.68, "Total Cost": 7727529.68, "Plan Rows": 2000, "Plan Width": 51, "Sort Key": ["supplier.s_name"], "Plans": [{"Node Type": "Merge Join", "Parent Relationship": "Outer", "Join Type": "Inner", "Startup Cost": 7727132.33, "Total Cost": 7727415.02, "Plan Rows": 2000, "Plan Width": 51, "Inner Unique": false, "Merge Cond": "(nation.n_nationkey = supplier.s_nationkey)", "Plans": [{"Node Type": "Index Scan", "Parent Relationship": "Outer", "Scan Direction": "Forward", "Index Name": "nation_pkey", "Relation Name": "nation", "Alias": "nation", "Startup Cost": 0.0, "Total Cost": 12.69, "Plan Rows": 1, "Plan Width": 4, "Filter": "(n_name = 'ALGERIA'::bpchar)"}, {"Node Type": "Sort", "Parent Relationship": "Inner", "Startup Cost": 7727132.33, "Total Cost": 7727257.33, "Plan Rows": 50000, "Plan Width": 55, "Sort Key": ["supplier.s_nationkey"], "Plans": [{"Node Type": "Nested Loop", "Parent Relationship": "Outer", "Join Type": "Inner", "Startup Cost": 7723229.35, "Total Cost": 7723229.92, "Plan Rows": 50000, "Plan Width": 55, "Inner Unique": true, "Plans": [{"Node Type": "Unique", "Parent Relationship": "Outer", "Startup Cost": 7723229.35, "Total Cost": 7723229.36, "Plan Rows": 2, "Plan Width": 16, "Plans": [{"Node Type": "Sort", "Parent Relationship": "Outer", "Startup Cost": 7723229.35, "Total Cost": 7723229.35, "Plan Rows": 2, "Plan Width": 16, "Sort Key": ["partsupp.ps_suppkey"], "Plans": [{"Node Type": "Merge Join", "Parent Relationship": "Outer", "Join Type": "Inner", "Startup Cost": 7406937.34, "Total Cost": 7723229.34, "Plan Rows": 2, "Plan Width": 16, "Inner Unique": true, "Merge Cond": "(partsupp.ps_partkey = subquery.\"?column?\")", "Join Filter": "((partsupp.ps_suppkey = subquery.\"?column?\") AND ((partsupp.ps_availqty)::double precision > (.5::double precision * subquery.\"?column?\")))", "Plans": [{"Node Type": "Nested Loop", "Parent Relationship": "Outer", "Join Type": "Inner", "Startup Cost": 0.0, "Total Cost": 263931.78, "Plan Rows": 64552, "Plan Width": 32, "Inner Unique": false, "Plans": [{"Node Type": "Index Scan", "Parent Relationship": "Outer", "Scan Direction": "Forward", "Index Name": "part_kpey", "Relation Name": "part", "Alias": "part", "Startup Cost": 0.0, "Total Cost": 105803.25, "Plan Rows": 22472, "Plan Width": 8, "Filter": "((p_name)::text ~~ 'green%'::text)"}, {"Node Type": "Index Scan", "Parent Relationship": "Inner", "Scan Direction": "Forward", "Index Name": "idx_partsupp_partkey", "Relation Name": "partsupp", "Alias": "partsupp", "Startup Cost": 0.0, "Total Cost": 7.01, "Plan Rows": 3, "Plan Width": 24, "Index Cond": "(ps_partkey = part.p_partkey)"}]}, {"Node Type": "Sort", "Parent Relationship": "Inner", "Startup Cost": 7406937.34, "Total Cost": 7429616.54, "Plan Rows": 9071680, "Plan Width": 24, "Sort Key": ["subquery.\"?column?\""], "Plans": [{"Node Type": "Subquery Scan", "Parent Relationship": "Outer", "Alias": "subquery", "Startup Cost": 6154458.63, "Total Cost": 6358571.43, "Plan Rows": 9071680, "Plan Width": 24, "Plans": [{"Node Type": "Aggregate", "Strategy": "Hashed", "Parent Relationship": "Subquery", "Startup Cost": 6154458.63, "Total Cost": 6267854.63, "Plan Rows": 9071680, "Plan Width": 40, "Group By Key": ["lineitem.l_partkey", "lineitem.l_suppkey"], "Plans": [{"Node Type": "Index Scan", "Parent Relationship": "Outer", "Scan Direction": "Forward", "Index Name": "idx_lineitem_shipdate", "Relation Name": "lineitem", "Alias": "lineitem", "Startup Cost": 0.0, "Total Cost": 6063741.83, "Plan Rows": 9071680, "Plan Width": 24, "Index Cond": "((l_shipdate >= '1993-01-01 00:00:00'::timestamp(0) without time zone) AND (l_shipdate < '1994-01-01 00:00:00'::timestamp without time zone)), (LLVM Optimized)"}]}]}]}]}]}]}, {"Node Type": "Index Scan", "Parent Relationship": "Inner", "Scan Direction": "Forward", "Index Name": "supplier_pkey", "Relation Name": "supplier", "Alias": "supplier", "Startup Cost": 0.0, "Total Cost": 0.27, "Plan Rows": 1, "Plan Width": 63, "Index Cond": "(s_suppkey = subquery.\"?column?\")"}]}]}]}]}, "Unique SQL Id": 202076520, "Planner Runtime": 3}, "explain_analyze_plan": {"Plan": {"Node Type": "Sort", "Startup Cost": 7727524.68, "Total Cost": 7727529.68, "Plan Rows": 2000, "Plan Width": 51, "Actual Startup Time": 43070.514, "Actual Total Time": 43070.655, "Actual Rows": 1746, "Actual Loops": 1, "Sort Key": ["supplier.s_name"], "Sort Method": "quicksort", "Sort Space Used": 309, "Sort Space Type": "Memory", "Plans": [{"Node Type": "Merge Join", "Parent Relationship": "Outer", "Join Type": "Inner", "Startup Cost": 7727132.33, "Total Cost": 7727415.02, "Plan Rows": 2000, "Plan Width": 51, "Actual Startup Time": 43061.907, "Actual Total Time": 43062.725, "Actual Rows": 1746, "Actual Loops": 1, "Inner Unique": false, "Merge Cond": "(nation.n_nationkey = supplier.s_nationkey)", "Plans": [{"Node Type": "Index Scan", "Parent Relationship": "Outer", "Scan Direction": "Forward", "Index Name": "nation_pkey", "Relation Name": "nation", "Alias": "nation", "Startup Cost": 0.0, "Total Cost": 12.69, "Plan Rows": 1, "Plan Width": 4, "Actual Startup Time": 0.023, "Actual Total Time": 0.053, "Actual Rows": 1, "Actual Loops": 1, "Filter": "(n_name = 'ALGERIA'::bpchar)", "Rows Removed by Filter": 24}, {"Node Type": "Sort", "Parent Relationship": "Inner", "Startup Cost": 7727132.33, "Total Cost": 7727257.33, "Plan Rows": 50000, "Plan Width": 55, "Actual Startup Time": 43061.872, "Actual Total Time": 43062.127, "Actual Rows": 1747, "Actual Loops": 1, "Sort Key": ["supplier.s_nationkey"], "Sort Method": "quicksort", "Sort Space Used": 8488, "Sort Space Type": "Memory", "Plans": [{"Node Type": "Nested Loop", "Parent Relationship": "Outer", "Join Type": "Inner", "Startup Cost": 7723229.35, "Total Cost": 7723229.92, "Plan Rows": 50000, "Plan Width": 55, "Actual Startup Time": 42880.197, "Actual Total Time": 43041.856, "Actual Rows": 44487, "Actual Loops": 1, "Inner Unique": true, "Plans": [{"Node Type": "Unique", "Parent Relationship": "Outer", "Startup Cost": 7723229.35, "Total Cost": 7723229.36, "Plan Rows": 2, "Plan Width": 16, "Actual Startup Time": 42880.163, "Actual Total Time": 42906.876, "Actual Rows": 44487, "Actual Loops": 1, "Plans": [{"Node Type": "Sort", "Parent Relationship": "Outer", "Startup Cost": 7723229.35, "Total Cost": 7723229.35, "Plan Rows": 2, "Plan Width": 16, "Actual Startup Time": 42880.16, "Actual Total Time": 42891.181, "Actual Rows": 58537, "Actual Loops": 1, "Sort Key": ["partsupp.ps_suppkey"], "Sort Method": "quicksort", "Sort Space Used": 7024, "Sort Space Type": "Memory", "Plans": [{"Node Type": "Merge Join", "Parent Relationship": "Outer", "Join Type": "Inner", "Startup Cost": 7406937.34, "Total Cost": 7723229.34, "Plan Rows": 2, "Plan Width": 16, "Actual Startup Time": 39060.98, "Actual Total Time": 42853.401, "Actual Rows": 58537, "Actual Loops": 1, "Inner Unique": true, "Merge Cond": "(partsupp.ps_partkey = subquery.\"?column?\")", "Join Filter": "((partsupp.ps_suppkey = subquery.\"?column?\") AND ((partsupp.ps_availqty)::double precision > (.5::double precision * subquery.\"?column?\")))", "Rows Removed by Join Filter": 0, "Plans": [{"Node Type": "Nested Loop", "Parent Relationship": "Outer", "Join Type": "Inner", "Startup Cost": 0.0, "Total Cost": 263931.78, "Plan Rows": 64552, "Plan Width": 32, "Actual Startup Time": 0.054, "Actual Total Time": 1550.893, "Actual Rows": 86224, "Actual Loops": 1, "Inner Unique": false, "Plans": [{"Node Type": "Index Scan", "Parent Relationship": "Outer", "Scan Direction": "Forward", "Index Name": "part_kpey", "Relation Name": "part", "Alias": "part", "Startup Cost": 0.0, "Total Cost": 105803.25, "Plan Rows": 22472, "Plan Width": 8, "Actual Startup Time": 0.04, "Actual Total Time": 1329.953, "Actual Rows": 21556, "Actual Loops": 1, "Filter": "((p_name)::text ~~ 'green%'::text)", "Rows Removed by Filter": 1978444}, {"Node Type": "Index Scan", "Parent Relationship": "Inner", "Scan Direction": "Forward", "Index Name": "idx_partsupp_partkey", "Relation Name": "partsupp", "Alias": "partsupp", "Startup Cost": 0.0, "Total Cost": 7.01, "Plan Rows": 3, "Plan Width": 24, "Actual Startup Time": 136.503, "Actual Total Time": 187.509, "Actual Rows": 86224, "Actual Loops": 21556, "Index Cond": "(ps_partkey = part.p_partkey)", "Rows Removed by Index Recheck": 0}]}, {"Node Type": "Sort", "Parent Relationship": "Inner", "Startup Cost": 7406937.34, "Total Cost": 7429616.54, "Plan Rows": 9071680, "Plan Width": 24, "Actual Startup Time": 39060.687, "Actual Total Time": 40515.381, "Actual Rows": 5530011, "Actual Loops": 1, "Sort Key": ["subquery.\"?column?\""], "Sort Method": "quicksort", "Sort Space Used": 706866, "Sort Space Type": "Memory", "Plans": [{"Node Type": "Subquery Scan", "Parent Relationship": "Outer", "Alias": "subquery", "Startup Cost": 6154458.63, "Total Cost": 6358571.43, "Plan Rows": 9071680, "Plan Width": 24, "Actual Startup Time": 31580.677, "Actual Total Time": 36732.674, "Actual Rows": 5442751, "Actual Loops": 1, "Plans": [{"Node Type": "Aggregate", "Strategy": "Hashed", "Parent Relationship": "Subquery", "Startup Cost": 6154458.63, "Total Cost": 6267854.63, "Plan Rows": 9071680, "Plan Width": 40, "Actual Startup Time": 31580.666, "Actual Total Time": 35715.09, "Actual Rows": 5442751, "Actual Loops": 1, "Group By Key": ["lineitem.l_partkey", "lineitem.l_suppkey"], "Plans": [{"Node Type": "Index Scan", "Parent Relationship": "Outer", "Scan Direction": "Forward", "Index Name": "idx_lineitem_shipdate", "Relation Name": "lineitem", "Alias": "lineitem", "Startup Cost": 0.0, "Total Cost": 6063741.83, "Plan Rows": 9071680, "Plan Width": 24, "Actual Startup Time": 0.075, "Actual Total Time": 23386.938, "Actual Rows": 9109641, "Actual Loops": 1, "Index Cond": "((l_shipdate >= '1993-01-01 00:00:00'::timestamp(0) without time zone) AND (l_shipdate < '1994-01-01 00:00:00'::timestamp without time zone)), (LLVM Optimized, Jit Execute)", "Rows Removed by Index Recheck": 0}]}]}]}]}]}]}, {"Node Type": "Index Scan", "Parent Relationship": "Inner", "Scan Direction": "Forward", "Index Name": "supplier_pkey", "Relation Name": "supplier", "Alias": "supplier", "Startup Cost": 0.0, "Total Cost": 0.27, "Plan Rows": 1, "Plan Width": 63, "Actual Startup Time": 101.78, "Actual Total Time": 101.78, "Actual Rows": 44487, "Actual Loops": 44487, "Index Cond": "(s_suppkey = subquery.\"?column?\")", "Rows Removed by Index Recheck": 0}]}]}]}]}, "Triggers": [], "Planner Runtime": 2, "Total Runtime": 43080.281, "Unique SQL Id": 202076520}}, "(64, 90)": {"explain_plan": {"Plan": {"Node Type": "Sort", "Startup Cost": 5041049.96, "Total Cost": 5041054.96, "Plan Rows": 2000, "Plan Width": 51, "Sort Key": ["supplier.s_name"], "Plans": [{"Node Type": "Merge Join", "Parent Relationship": "Outer", "Join Type": "Semi", "Startup Cost": 4972398.43, "Total Cost": 5040940.3, "Plan Rows": 2000, "Plan Width": 51, "Inner Unique": false, "Merge Cond": "(supplier.s_suppkey = subquery.\"?column?\")", "Plans": [{"Node Type": "Sort", "Parent Relationship": "Outer", "Startup Cost": 12368.47, "Total Cost": 12378.47, "Plan Rows": 4000, "Plan Width": 59, "Sort Key": ["supplier.s_suppkey"], "Plans": [{"Node Type": "Merge Join", "Parent Relationship": "Outer", "Join Type": "Inner", "Startup Cost": 11589.14, "Total Cost": 12129.15, "Plan Rows": 4000, "Plan Width": 59, "Inner Unique": false, "Merge Cond": "(nation.n_nationkey = supplier.s_nationkey)", "Plans": [{"Node Type": "Sort", "Parent Relationship": "Outer", "Startup Cost": 1.32, "Total Cost": 1.33, "Plan Rows": 1, "Plan Width": 4, "Sort Key": ["nation.n_nationkey"], "Plans": [{"Node Type": "Seq Scan", "Parent Relationship": "Outer", "Relation Name": "nation", "Alias": "nation", "Startup Cost": 0.0, "Total Cost": 1.31, "Plan Rows": 1, "Plan Width": 4, "Filter": "(n_name = 'ALGERIA'::bpchar)"}]}, {"Node Type": "Sort", "Parent Relationship": "Inner", "Startup Cost": 11587.82, "Total Cost": 11837.82, "Plan Rows": 100000, "Plan Width": 63, "Sort Key": ["supplier.s_nationkey"], "Plans": [{"Node Type": "Seq Scan", "Parent Relationship": "Outer", "Relation Name": "supplier", "Alias": "supplier", "Startup Cost": 0.0, "Total Cost": 3283.0, "Plan Rows": 100000, "Plan Width": 63}]}]}]}, {"Node Type": "Materialize", "Parent Relationship": "Inner", "Startup Cost": 4960029.96, "Total Cost": 5028551.81, "Plan Rows": 2, "Plan Width": 16, "Plans": [{"Node Type": "Merge Join", "Parent Relationship": "Outer", "Join Type": "Inner", "Startup Cost": 4960029.96, "Total Cost": 5028551.8, "Plan Rows": 2, "Plan Width": 16, "Inner Unique": true, "Merge Cond": "((partsupp.ps_suppkey = subquery.\"?column?\") AND (partsupp.ps_partkey = subquery.\"?column?\"))", "Join Filter": "((partsupp.ps_availqty)::double precision > (.5::double precision * subquery.\"?column?\"))", "Plans": [{"Node Type": "Sort", "Parent Relationship": "Outer", "Startup Cost": 1301783.96, "Total Cost": 1301945.34, "Plan Rows": 64552, "Plan Width": 32, "Sort Key": ["partsupp.ps_suppkey", "partsupp.ps_partkey"], "Plans": [{"Node Type": "Merge Join", "Parent Relationship": "Outer", "Join Type": "Inner", "Startup Cost": 1255864.76, "Total Cost": 1296626.85, "Plan Rows": 64552, "Plan Width": 32, "Inner Unique": false, "Merge Cond": "(part.p_partkey = partsupp.ps_partkey)", "Plans": [{"Node Type": "Sort", "Parent Relationship": "Outer", "Startup Cost": 68568.26, "Total Cost": 68624.44, "Plan Rows": 22472, "Plan Width": 8, "Sort Key": ["part.p_partkey"], "Plans": [{"Node Type": "Seq Scan", "Parent Relationship": "Outer", "Relation Name": "part", "Alias": "part", "Startup Cost": 0.0, "Total Cost": 66944.0, "Plan Rows": 22472, "Plan Width": 8, "Filter": "((p_name)::text ~~ 'green%'::text)"}]}, {"Node Type": "Sort", "Parent Relationship": "Inner", "Startup Cost": 1187295.8, "Total Cost": 1207296.73, "Plan Rows": 8000372, "Plan Width": 24, "Sort Key": ["partsupp.ps_partkey"], "Plans": [{"Node Type": "Seq Scan", "Parent Relationship": "Outer", "Relation Name": "partsupp", "Alias": "partsupp", "Startup Cost": 0.0, "Total Cost": 269987.72, "Plan Rows": 8000372, "Plan Width": 24}]}]}]}, {"Node Type": "Sort", "Parent Relationship": "Inner", "Startup Cost": 3658246.0, "Total Cost": 3680925.2, "Plan Rows": 9071680, "Plan Width": 24, "Sort Key": ["subquery.\"?column?\"", "subquery.\"?column?\""], "Plans": [{"Node Type": "Subquery Scan", "Parent Relationship": "Outer", "Alias": "subquery", "Startup Cost": 2405767.29, "Total Cost": 2609880.09, "Plan Rows": 9071680, "Plan Width": 24, "Plans": [{"Node Type": "Aggregate", "Strategy": "Hashed", "Parent Relationship": "Subquery", "Startup Cost": 2405767.29, "Total Cost": 2519163.29, "Plan Rows": 9071680, "Plan Width": 40, "Group By Key": ["lineitem.l_partkey", "lineitem.l_suppkey"], "Plans": [{"Node Type": "Seq Scan", "Parent Relationship": "Outer", "Relation Name": "lineitem", "Alias": "lineitem", "Startup Cost": 119.57, "Total Cost": 2315050.5, "Plan Rows": 9071680, "Plan Width": 24, "Filter": "((l_shipdate >= '1993-01-01 00:00:00'::timestamp(0) without time zone) AND (l_shipdate < '1994-01-01 00:00:00'::timestamp without time zone)), (LLVM Optimized)"}]}]}]}]}]}]}]}, "Unique SQL Id": 202076520, "Planner Runtime": 3}, "explain_analyze_plan": {"Plan": {"Node Type": "Sort", "Startup Cost": 5041049.96, "Total Cost": 5041054.96, "Plan Rows": 2000, "Plan Width": 51, "Actual Startup Time": 50241.177, "Actual Total Time": 50241.341, "Actual Rows": 1746, "Actual Loops": 1, "Sort Key": ["supplier.s_name"], "Sort Method": "quicksort", "Sort Space Used": 309, "Sort Space Type": "Memory", "Plans": [{"Node Type": "Merge Join", "Parent Relationship": "Outer", "Join Type": "Semi", "Startup Cost": 4972398.43, "Total Cost": 5040940.3, "Plan Rows": 2000, "Plan Width": 51, "Actual Startup Time": 48344.183, "Actual Total Time": 50239.1, "Actual Rows": 1746, "Actual Loops": 1, "Inner Unique": false, "Merge Cond": "(supplier.s_suppkey = subquery.\"?column?\")", "Plans": [{"Node Type": "Sort", "Parent Relationship": "Outer", "Startup Cost": 12368.47, "Total Cost": 12378.47, "Plan Rows": 4000, "Plan Width": 59, "Actual Startup Time": 70.201, "Actual Total Time": 71.014, "Actual Rows": 3934, "Actual Loops": 1, "Sort Key": ["supplier.s_suppkey"], "Sort Method": "quicksort", "Sort Space Used": 711, "Sort Space Type": "Memory", "Plans": [{"Node Type": "Merge Join", "Parent Relationship": "Outer", "Join Type": "Inner", "Startup Cost": 11589.14, "Total Cost": 12129.15, "Plan Rows": 4000, "Plan Width": 59, "Actual Startup Time": 66.818, "Actual Total Time": 68.604, "Actual Rows": 3934, "Actual Loops": 1, "Inner Unique": false, "Merge Cond": "(nation.n_nationkey = supplier.s_nationkey)", "Plans": [{"Node Type": "Sort", "Parent Relationship": "Outer", "Startup Cost": 1.32, "Total Cost": 1.33, "Plan Rows": 1, "Plan Width": 4, "Actual Startup Time": 0.042, "Actual Total Time": 0.043, "Actual Rows": 1, "Actual Loops": 1, "Sort Key": ["nation.n_nationkey"], "Sort Method": "quicksort", "Sort Space Used": 25, "Sort Space Type": "Memory", "Plans": [{"Node Type": "Seq Scan", "Parent Relationship": "Outer", "Relation Name": "nation", "Alias": "nation", "Startup Cost": 0.0, "Total Cost": 1.31, "Plan Rows": 1, "Plan Width": 4, "Actual Startup Time": 0.025, "Actual Total Time": 0.034, "Actual Rows": 1, "Actual Loops": 1, "Filter": "(n_name = 'ALGERIA'::bpchar)", "Rows Removed by Filter": 24}]}, {"Node Type": "Sort", "Parent Relationship": "Inner", "Startup Cost": 11587.82, "Total Cost": 11837.82, "Plan Rows": 100000, "Plan Width": 63, "Actual Startup Time": 66.765, "Actual Total Time": 67.291, "Actual Rows": 3935, "Actual Loops": 1, "Sort Key": ["supplier.s_nationkey"], "Sort Method": "quicksort", "Sort Space Used": 18698, "Sort Space Type": "Memory", "Plans": [{"Node Type": "Seq Scan", "Parent Relationship": "Outer", "Relation Name": "supplier", "Alias": "supplier", "Startup Cost": 0.0, "Total Cost": 3283.0, "Plan Rows": 100000, "Plan Width": 63, "Actual Startup Time": 0.011, "Actual Total Time": 33.608, "Actual Rows": 100000, "Actual Loops": 1}]}]}]}, {"Node Type": "Materialize", "Parent Relationship": "Inner", "Startup Cost": 4960029.96, "Total Cost": 5028551.81, "Plan Rows": 2, "Plan Width": 16, "Actual Startup Time": 48273.309, "Actual Total Time": 50154.896, "Actual Rows": 58530, "Actual Loops": 1, "Plans": [{"Node Type": "Merge Join", "Parent Relationship": "Outer", "Join Type": "Inner", "Startup Cost": 4960029.96, "Total Cost": 5028551.8, "Plan Rows": 2, "Plan Width": 16, "Actual Startup Time": 48273.307, "Actual Total Time": 50146.76, "Actual Rows": 58530, "Actual Loops": 1, "Inner Unique": true, "Merge Cond": "((partsupp.ps_suppkey = subquery.\"?column?\") AND (partsupp.ps_partkey = subquery.\"?column?\"))", "Join Filter": "((partsupp.ps_availqty)::double precision > (.5::double precision * subquery.\"?column?\"))", "Rows Removed by Join Filter": 0, "Plans": [{"Node Type": "Sort", "Parent Relationship": "Outer", "Startup Cost": 1301783.96, "Total Cost": 1301945.34, "Plan Rows": 64552, "Plan Width": 32, "Actual Startup Time": 8807.274, "Actual Total Time": 8825.971, "Actual Rows": 86215, "Actual Loops": 1, "Sort Key": ["partsupp.ps_suppkey", "partsupp.ps_partkey"], "Sort Method": "quicksort", "Sort Space Used": 11156, "Sort Space Type": "Memory", "Plans": [{"Node Type": "Merge Join", "Parent Relationship": "Outer", "Join Type": "Inner", "Startup Cost": 1255864.76, "Total Cost": 1296626.85, "Plan Rows": 64552, "Plan Width": 32, "Actual Startup Time": 6434.985, "Actual Total Time": 8761.429, "Actual Rows": 86224, "Actual Loops": 1, "Inner Unique": false, "Merge Cond": "(part.p_partkey = partsupp.ps_partkey)", "Plans": [{"Node Type": "Sort", "Parent Relationship": "Outer", "Startup Cost": 68568.26, "Total Cost": 68624.44, "Plan Rows": 22472, "Plan Width": 8, "Actual Startup Time": 794.269, "Actual Total Time": 796.472, "Actual Rows": 21556, "Actual Loops": 1, "Sort Key": ["part.p_partkey"], "Sort Method": "quicksort", "Sort Space Used": 2116, "Sort Space Type": "Memory", "Plans": [{"Node Type": "Seq Scan", "Parent Relationship": "Outer", "Relation Name": "part", "Alias": "part", "Startup Cost": 0.0, "Total Cost": 66944.0, "Plan Rows": 22472, "Plan Width": 8, "Actual Startup Time": 0.051, "Actual Total Time": 787.156, "Actual Rows": 21556, "Actual Loops": 1, "Filter": "((p_name)::text ~~ 'green%'::text)", "Rows Removed by Filter": 1978444}]}, {"Node Type": "Sort", "Parent Relationship": "Inner", "Startup Cost": 1187295.8, "Total Cost": 1207296.73, "Plan Rows": 8000372, "Plan Width": 24, "Actual Startup Time": 5640.66, "Actual Total Time": 6808.95, "Actual Rows": 7999953, "Actual Loops": 1, "Sort Key": ["partsupp.ps_partkey"], "Sort Method": "quicksort", "Sort Space Used": 946609, "Sort Space Type": "Memory", "Plans": [{"Node Type": "Seq Scan", "Parent Relationship": "Outer", "Relation Name": "partsupp", "Alias": "partsupp", "Startup Cost": 0.0, "Total Cost": 269987.72, "Plan Rows": 8000372, "Plan Width": 24, "Actual Startup Time": 0.028, "Actual Total Time": 2805.671, "Actual Rows": 8000000, "Actual Loops": 1}]}]}]}, {"Node Type": "Sort", "Parent Relationship": "Inner", "Startup Cost": 3658246.0, "Total Cost": 3680925.2, "Plan Rows": 9071680, "Plan Width": 24, "Actual Startup Time": 39465.856, "Actual Total Time": 40502.356, "Actual Rows": 5442190, "Actual Loops": 1, "Sort Key": ["subquery.\"?column?\"", "subquery.\"?column?\""], "Sort Method": "quicksort", "Sort Space Used": 706866, "Sort Space Type": "Memory", "Plans": [{"Node Type": "Subquery Scan", "Parent Relationship": "Outer", "Alias": "subquery", "Startup Cost": 2405767.29, "Total Cost": 2609880.09, "Plan Rows": 9071680, "Plan Width": 24, "Actual Startup Time": 30872.331, "Actual Total Time": 34742.638, "Actual Rows": 5442751, "Actual Loops": 1, "Plans": [{"Node Type": "Aggregate", "Strategy": "Hashed", "Parent Relationship": "Subquery", "Startup Cost": 2405767.29, "Total Cost": 2519163.29, "Plan Rows": 9071680, "Plan Width": 40, "Actual Startup Time": 30872.321, "Actual Total Time": 33711.651, "Actual Rows": 5442751, "Actual Loops": 1, "Group By Key": ["lineitem.l_partkey", "lineitem.l_suppkey"], "Plans": [{"Node Type": "Seq Scan", "Parent Relationship": "Outer", "Relation Name": "lineitem", "Alias": "lineitem", "Startup Cost": 119.57, "Total Cost": 2315050.5, "Plan Rows": 9071680, "Plan Width": 24, "Actual Startup Time": 0.052, "Actual Total Time": 23147.498, "Actual Rows": 9109641, "Actual Loops": 1, "Filter": "((l_shipdate >= '1993-01-01 00:00:00'::timestamp(0) without time zone) AND (l_shipdate < '1994-01-01 00:00:00'::timestamp without time zone)), (LLVM Optimized, Jit Execute)", "Rows Removed by Filter": 50876411}]}]}]}]}]}]}]}, "Triggers": [], "Planner Runtime": 2, "Total Runtime": 50250.892, "Unique SQL Id": 202076520}}, "(64, 91)": {"explain_plan": {"Plan": {"Node Type": "Sort", "Startup Cost": 5000920190857.93, "Total Cost": 5000920190862.93, "Plan Rows": 2000, "Plan Width": 51, "Sort Key": ["supplier.s_name"], "Plans": [{"Node Type": "Merge Join", "Parent Relationship": "Outer", "Join Type": "Inner", "Startup Cost": 4010920189199.52, "Total Cost": 5000920190748.27, "Plan Rows": 2000, "Plan Width": 51, "Inner Unique": true, "Merge Cond": "(supplier.s_nationkey = nation.n_nationkey)", "Plans": [{"Node Type": "Sort", "Parent Relationship": "Outer", "Startup Cost": 4000920189199.52, "Total Cost": 4000920189324.52, "Plan Rows": 50000, "Plan Width": 55, "Sort Key": ["supplier.s_nationkey"], "Plans": [{"Node Type": "Merge Join", "Parent Relationship": "Outer", "Join Type": "Semi", "Startup Cost": 2020817946503.29, "Total Cost": 4000920185297.11, "Plan Rows": 50000, "Plan Width": 55, "Inner Unique": false, "Merge Cond": "(supplier.s_suppkey = subquery.\"?column?\")", "Plans": [{"Node Type": "Index Scan", "Parent Relationship": "Outer", "Scan Direction": "Forward", "Index Name": "supplier_pkey", "Relation Name": "supplier", "Alias": "supplier", "Startup Cost": 10000000000.0, "Total Cost": 1000000533454.38, "Plan Rows": 100000, "Plan Width": 63}, {"Node Type": "Materialize", "Parent Relationship": "Inner", "Startup Cost": 2010817946503.29, "Total Cost": 3000919651592.7, "Plan Rows": 2, "Plan Width": 16, "Plans": [{"Node Type": "Merge Join", "Parent Relationship": "Outer", "Join Type": "Inner", "Startup Cost": 2010817946503.29, "Total Cost": 3000919651592.7, "Plan Rows": 2, "Plan Width": 16, "Inner Unique": false, "Merge Cond": "(partsupp.ps_suppkey = subquery.\"?column?\")", "Join Filter": "((part.p_partkey = partsupp.ps_partkey) AND ((partsupp.ps_availqty)::double precision > (.5::double precision * subquery.\"?column?\")))", "Plans": [{"Node Type": "Index Scan", "Parent Relationship": "Outer", "Scan Direction": "Forward", "Index Name": "idx_partsupp_suppkey", "Relation Name": "partsupp", "Alias": "partsupp", "Startup Cost": 10000000000.0, "Total Cost": 1000100160480.77, "Plan Rows": 8000372, "Plan Width": 24}, {"Node Type": "Sort", "Parent Relationship": "Inner", "Startup Cost": 2000817946503.29, "Total Cost": 2000817957842.89, "Plan Rows": 4535840, "Plan Width": 32, "Sort Key": ["subquery.\"?column?\""], "Plans": [{"Node Type": "Merge Join", "Parent Relationship": "Outer", "Join Type": "Inner", "Startup Cost": 1010806728031.64, "Total Cost": 2000817444999.54, "Plan Rows": 4535840, "Plan Width": 32, "Inner Unique": false, "Merge Cond": "(part.p_partkey = subquery.\"?column?\")", "Plans": [{"Node Type": "Index Scan", "Parent Relationship": "Outer", "Scan Direction": "Forward", "Index Name": "part_kpey", "Relation Name": "part", "Alias": "part", "Startup Cost": 10000000000.0, "Total Cost": 1000010580325.0, "Plan Rows": 22472, "Plan Width": 8, "Filter": "((p_name)::text ~~ 'green%'::text)"}, {"Node Type": "Sort", "Parent Relationship": "Inner", "Startup Cost": 1000806728031.64, "Total Cost": 1000806750710.84, "Plan Rows": 9071680, "Plan Width": 24, "Sort Key": ["subquery.\"?column?\""], "Plans": [{"Node Type": "Subquery Scan", "Parent Relationship": "Outer", "Alias": "subquery", "Startup Cost": 1000805475552.94, "Total Cost": 1000805679665.74, "Plan Rows": 9071680, "Plan Width": 24, "Plans": [{"Node Type": "Aggregate", "Strategy": "Hashed", "Parent Relationship": "Subquery", "Startup Cost": 1000805475552.94, "Total Cost": 1000805588948.94, "Plan Rows": 9071680, "Plan Width": 40, "Group By Key": ["lineitem.l_partkey", "lineitem.l_suppkey"], "Plans": [{"Node Type": "Index Scan", "Parent Relationship": "Outer", "Scan Direction": "Forward", "Index Name": "idx_lineitem_part_supp", "Relation Name": "lineitem", "Alias": "lineitem", "Startup Cost": 10000000000.0, "Total Cost": 1000805384836.14, "Plan Rows": 9071680, "Plan Width": 24, "Filter": "((l_shipdate >= '1993-01-01 00:00:00'::timestamp(0) without time zone) AND (l_shipdate < '1994-01-01 00:00:00'::timestamp without time zone)), (LLVM Optimized)"}]}]}]}]}]}]}]}]}]}, {"Node Type": "Materialize", "Parent Relationship": "Inner", "Startup Cost": 10000000000.0, "Total Cost": 1000000001268.75, "Plan Rows": 1, "Plan Width": 4, "Plans": [{"Node Type": "Index Scan", "Parent Relationship": "Outer", "Scan Direction": "Forward", "Index Name": "nation_pkey", "Relation Name": "nation", "Alias": "nation", "Startup Cost": 10000000000.0, "Total Cost": 1000000001268.75, "Plan Rows": 1, "Plan Width": 4, "Filter": "(n_name = 'ALGERIA'::bpchar)"}]}]}]}, "Unique SQL Id": 202076520, "Planner Runtime": 3}, "explain_analyze_plan": null}, "(64, 92)": {"explain_plan": {"Plan": {"Node Type": "Sort", "Startup Cost": 3976822.72, "Total Cost": 3976827.72, "Plan Rows": 2000, "Plan Width": 51, "Sort Key": ["supplier.s_name"], "Plans": [{"Node Type": "Nested Loop", "Parent Relationship": "Outer", "Join Type": "Inner", "Startup Cost": 3888475.64, "Total Cost": 3976713.06, "Plan Rows": 2000, "Plan Width": 51, "Inner Unique": true, "Plans": [{"Node Type": "Merge Join", "Parent Relationship": "Outer", "Join Type": "Semi", "Startup Cost": 3888475.64, "Total Cost": 3962582.06, "Plan Rows": 50000, "Plan Width": 55, "Inner Unique": false, "Merge Cond": "(supplier.s_suppkey = subquery.\"?column?\")", "Plans": [{"Node Type": "Index Scan", "Parent Relationship": "Outer", "Scan Direction": "Forward", "Index Name": "supplier_pkey", "Relation Name": "supplier", "Alias": "supplier", "Startup Cost": 0.0, "Total Cost": 5334.54, "Plan Rows": 100000, "Plan Width": 63}, {"Node Type": "Materialize", "Parent Relationship": "Inner", "Startup Cost": 3888475.64, "Total Cost": 3956997.49, "Plan Rows": 2, "Plan Width": 16, "Plans": [{"Node Type": "Merge Join", "Parent Relationship": "Outer", "Join Type": "Inner", "Startup Cost": 3888475.64, "Total Cost": 3956997.49, "Plan Rows": 2, "Plan Width": 16, "Inner Unique": true, "Merge Cond": "((partsupp.ps_suppkey = subquery.\"?column?\") AND (partsupp.ps_partkey = subquery.\"?column?\"))", "Join Filter": "((partsupp.ps_availqty)::double precision > (.5::double precision * subquery.\"?column?\"))", "Plans": [{"Node Type": "Sort", "Parent Relationship": "Outer", "Startup Cost": 230229.65, "Total Cost": 230391.03, "Plan Rows": 64552, "Plan Width": 32, "Sort Key": ["partsupp.ps_suppkey", "partsupp.ps_partkey"], "Plans": [{"Node Type": "Nested Loop", "Parent Relationship": "Outer", "Join Type": "Inner", "Startup Cost": 0.0, "Total Cost": 225072.53, "Plan Rows": 64552, "Plan Width": 32, "Inner Unique": false, "Plans": [{"Node Type": "Seq Scan", "Parent Relationship": "Outer", "Relation Name": "part", "Alias": "part", "Startup Cost": 0.0, "Total Cost": 66944.0, "Plan Rows": 22472, "Plan Width": 8, "Filter": "((p_name)::text ~~ 'green%'::text)"}, {"Node Type": "Index Scan", "Parent Relationship": "Inner", "Scan Direction": "Forward", "Index Name": "idx_partsupp_partkey", "Relation Name": "partsupp", "Alias": "partsupp", "Startup Cost": 0.0, "Total Cost": 7.01, "Plan Rows": 3, "Plan Width": 24, "Index Cond": "(ps_partkey = part.p_partkey)"}]}]}, {"Node Type": "Sort", "Parent Relationship": "Inner", "Startup Cost": 3658246.0, "Total Cost": 3680925.2, "Plan Rows": 9071680, "Plan Width": 24, "Sort Key": ["subquery.\"?column?\"", "subquery.\"?column?\""], "Plans": [{"Node Type": "Subquery Scan", "Parent Relationship": "Outer", "Alias": "subquery", "Startup Cost": 2405767.29, "Total Cost": 2609880.09, "Plan Rows": 9071680, "Plan Width": 24, "Plans": [{"Node Type": "Aggregate", "Strategy": "Hashed", "Parent Relationship": "Subquery", "Startup Cost": 2405767.29, "Total Cost": 2519163.29, "Plan Rows": 9071680, "Plan Width": 40, "Group By Key": ["lineitem.l_partkey", "lineitem.l_suppkey"], "Plans": [{"Node Type": "Seq Scan", "Parent Relationship": "Outer", "Relation Name": "lineitem", "Alias": "lineitem", "Startup Cost": 119.57, "Total Cost": 2315050.5, "Plan Rows": 9071680, "Plan Width": 24, "Filter": "((l_shipdate >= '1993-01-01 00:00:00'::timestamp(0) without time zone) AND (l_shipdate < '1994-01-01 00:00:00'::timestamp without time zone)), (LLVM Optimized)"}]}]}]}]}]}]}, {"Node Type": "Index Scan", "Parent Relationship": "Inner", "Scan Direction": "Forward", "Index Name": "nation_pkey", "Relation Name": "nation", "Alias": "nation", "Startup Cost": 0.0, "Total Cost": 0.27, "Plan Rows": 1, "Plan Width": 4, "Index Cond": "(n_nationkey = supplier.s_nationkey)", "Filter": "(n_name = 'ALGERIA'::bpchar)"}]}]}, "Unique SQL Id": 202076520, "Planner Runtime": 3}, "explain_analyze_plan": {"Plan": {"Node Type": "Sort", "Startup Cost": 3976822.72, "Total Cost": 3976827.72, "Plan Rows": 2000, "Plan Width": 51, "Actual Startup Time": 42607.675, "Actual Total Time": 42607.865, "Actual Rows": 1746, "Actual Loops": 1, "Sort Key": ["supplier.s_name"], "Sort Method": "quicksort", "Sort Space Used": 309, "Sort Space Type": "Memory", "Plans": [{"Node Type": "Nested Loop", "Parent Relationship": "Outer", "Join Type": "Inner", "Startup Cost": 3888475.64, "Total Cost": 3976713.06, "Plan Rows": 2000, "Plan Width": 51, "Actual Startup Time": 40405.563, "Actual Total Time": 42604.995, "Actual Rows": 1746, "Actual Loops": 1, "Inner Unique": true, "Plans": [{"Node Type": "Merge Join", "Parent Relationship": "Outer", "Join Type": "Semi", "Startup Cost": 3888475.64, "Total Cost": 3962582.06, "Plan Rows": 50000, "Plan Width": 55, "Actual Startup Time": 40404.723, "Actual Total Time": 42486.504, "Actual Rows": 44487, "Actual Loops": 1, "Inner Unique": false, "Merge Cond": "(supplier.s_suppkey = subquery.\"?column?\")", "Plans": [{"Node Type": "Index Scan", "Parent Relationship": "Outer", "Scan Direction": "Forward", "Index Name": "supplier_pkey", "Relation Name": "supplier", "Alias": "supplier", "Startup Cost": 0.0, "Total Cost": 5334.54, "Plan Rows": 100000, "Plan Width": 63, "Actual Startup Time": 0.03, "Actual Total Time": 60.125, "Actual Rows": 100000, "Actual Loops": 1}, {"Node Type": "Materialize", "Parent Relationship": "Inner", "Startup Cost": 3888475.64, "Total Cost": 3956997.49, "Plan Rows": 2, "Plan Width": 16, "Actual Startup Time": 40404.661, "Actual Total Time": 42381.835, "Actual Rows": 58537, "Actual Loops": 1, "Plans": [{"Node Type": "Merge Join", "Parent Relationship": "Outer", "Join Type": "Inner", "Startup Cost": 3888475.64, "Total Cost": 3956997.49, "Plan Rows": 2, "Plan Width": 16, "Actual Startup Time": 40404.66, "Actual Total Time": 42372.895, "Actual Rows": 58537, "Actual Loops": 1, "Inner Unique": true, "Merge Cond": "((partsupp.ps_suppkey = subquery.\"?column?\") AND (partsupp.ps_partkey = subquery.\"?column?\"))", "Join Filter": "((partsupp.ps_availqty)::double precision > (.5::double precision * subquery.\"?column?\"))", "Rows Removed by Join Filter": 0, "Plans": [{"Node Type": "Sort", "Parent Relationship": "Outer", "Startup Cost": 230229.65, "Total Cost": 230391.03, "Plan Rows": 64552, "Plan Width": 32, "Actual Startup Time": 1105.447, "Actual Total Time": 1130.972, "Actual Rows": 86224, "Actual Loops": 1, "Sort Key": ["partsupp.ps_suppkey", "partsupp.ps_partkey"], "Sort Method": "quicksort", "Sort Space Used": 11156, "Sort Space Type": "Memory", "Plans": [{"Node Type": "Nested Loop", "Parent Relationship": "Outer", "Join Type": "Inner", "Startup Cost": 0.0, "Total Cost": 225072.53, "Plan Rows": 64552, "Plan Width": 32, "Actual Startup Time": 0.04, "Actual Total Time": 1056.432, "Actual Rows": 86224, "Actual Loops": 1, "Inner Unique": false, "Plans": [{"Node Type": "Seq Scan", "Parent Relationship": "Outer", "Relation Name": "part", "Alias": "part", "Startup Cost": 0.0, "Total Cost": 66944.0, "Plan Rows": 22472, "Plan Width": 8, "Actual Startup Time": 0.025, "Actual Total Time": 809.108, "Actual Rows": 21556, "Actual Loops": 1, "Filter": "((p_name)::text ~~ 'green%'::text)", "Rows Removed by Filter": 1978444}, {"Node Type": "Index Scan", "Parent Relationship": "Inner", "Scan Direction": "Forward", "Index Name": "idx_partsupp_partkey", "Relation Name": "partsupp", "Alias": "partsupp", "Startup Cost": 0.0, "Total Cost": 7.01, "Plan Rows": 3, "Plan Width": 24, "Actual Startup Time": 165.195, "Actual Total Time": 216.052, "Actual Rows": 86224, "Actual Loops": 21556, "Index Cond": "(ps_partkey = part.p_partkey)", "Rows Removed by Index Recheck": 0}]}]}, {"Node Type": "Sort", "Parent Relationship": "Inner", "Startup Cost": 3658246.0, "Total Cost": 3680925.2, "Plan Rows": 9071680, "Plan Width": 24, "Actual Startup Time": 39299.008, "Actual Total Time": 40418.531, "Actual Rows": 5442737, "Actual Loops": 1, "Sort Key": ["subquery.\"?column?\"", "subquery.\"?column?\""], "Sort Method": "quicksort", "Sort Space Used": 706866, "Sort Space Type": "Memory", "Plans": [{"Node Type": "Subquery Scan", "Parent Relationship": "Outer", "Alias": "subquery", "Startup Cost": 2405767.29, "Total Cost": 2609880.09, "Plan Rows": 9071680, "Plan Width": 24, "Actual Startup Time": 30603.461, "Actual Total Time": 34466.236, "Actual Rows": 5442751, "Actual Loops": 1, "Plans": [{"Node Type": "Aggregate", "Strategy": "Hashed", "Parent Relationship": "Subquery", "Startup Cost": 2405767.29, "Total Cost": 2519163.29, "Plan Rows": 9071680, "Plan Width": 40, "Actual Startup Time": 30603.366, "Actual Total Time": 33457.958, "Actual Rows": 5442751, "Actual Loops": 1, "Group By Key": ["lineitem.l_partkey", "lineitem.l_suppkey"], "Plans": [{"Node Type": "Seq Scan", "Parent Relationship": "Outer", "Relation Name": "lineitem", "Alias": "lineitem", "Startup Cost": 119.57, "Total Cost": 2315050.5, "Plan Rows": 9071680, "Plan Width": 24, "Actual Startup Time": 0.038, "Actual Total Time": 23127.388, "Actual Rows": 9109641, "Actual Loops": 1, "Filter": "((l_shipdate >= '1993-01-01 00:00:00'::timestamp(0) without time zone) AND (l_shipdate < '1994-01-01 00:00:00'::timestamp without time zone)), (LLVM Optimized, Jit Execute)", "Rows Removed by Filter": 50876411}]}]}]}]}]}]}, {"Node Type": "Index Scan", "Parent Relationship": "Inner", "Scan Direction": "Forward", "Index Name": "nation_pkey", "Relation Name": "nation", "Alias": "nation", "Startup Cost": 0.0, "Total Cost": 0.27, "Plan Rows": 1, "Plan Width": 4, "Actual Startup Time": 93.811, "Actual Total Time": 93.811, "Actual Rows": 1746, "Actual Loops": 44487, "Index Cond": "(n_nationkey = supplier.s_nationkey)", "Rows Removed by Index Recheck": 0, "Filter": "(n_name = 'ALGERIA'::bpchar)", "Rows Removed by Filter": 42741}]}]}, "Triggers": [], "Planner Runtime": 3, "Total Runtime": 42617.48, "Unique SQL Id": 202076520}}, "(64, 93)": {"explain_plan": {"Plan": {"Node Type": "Sort", "Startup Cost": 7727524.68, "Total Cost": 7727529.68, "Plan Rows": 2000, "Plan Width": 51, "Sort Key": ["supplier.s_name"], "Plans": [{"Node Type": "Merge Join", "Parent Relationship": "Outer", "Join Type": "Inner", "Startup Cost": 7727132.33, "Total Cost": 7727415.02, "Plan Rows": 2000, "Plan Width": 51, "Inner Unique": false, "Merge Cond": "(nation.n_nationkey = supplier.s_nationkey)", "Plans": [{"Node Type": "Index Scan", "Parent Relationship": "Outer", "Scan Direction": "Forward", "Index Name": "nation_pkey", "Relation Name": "nation", "Alias": "nation", "Startup Cost": 0.0, "Total Cost": 12.69, "Plan Rows": 1, "Plan Width": 4, "Filter": "(n_name = 'ALGERIA'::bpchar)"}, {"Node Type": "Sort", "Parent Relationship": "Inner", "Startup Cost": 7727132.33, "Total Cost": 7727257.33, "Plan Rows": 50000, "Plan Width": 55, "Sort Key": ["supplier.s_nationkey"], "Plans": [{"Node Type": "Nested Loop", "Parent Relationship": "Outer", "Join Type": "Inner", "Startup Cost": 7723229.35, "Total Cost": 7723229.92, "Plan Rows": 50000, "Plan Width": 55, "Inner Unique": true, "Plans": [{"Node Type": "Unique", "Parent Relationship": "Outer", "Startup Cost": 7723229.35, "Total Cost": 7723229.36, "Plan Rows": 2, "Plan Width": 16, "Plans": [{"Node Type": "Sort", "Parent Relationship": "Outer", "Startup Cost": 7723229.35, "Total Cost": 7723229.35, "Plan Rows": 2, "Plan Width": 16, "Sort Key": ["partsupp.ps_suppkey"], "Plans": [{"Node Type": "Merge Join", "Parent Relationship": "Outer", "Join Type": "Inner", "Startup Cost": 7406937.34, "Total Cost": 7723229.34, "Plan Rows": 2, "Plan Width": 16, "Inner Unique": true, "Merge Cond": "(partsupp.ps_partkey = subquery.\"?column?\")", "Join Filter": "((partsupp.ps_suppkey = subquery.\"?column?\") AND ((partsupp.ps_availqty)::double precision > (.5::double precision * subquery.\"?column?\")))", "Plans": [{"Node Type": "Nested Loop", "Parent Relationship": "Outer", "Join Type": "Inner", "Startup Cost": 0.0, "Total Cost": 263931.78, "Plan Rows": 64552, "Plan Width": 32, "Inner Unique": false, "Plans": [{"Node Type": "Index Scan", "Parent Relationship": "Outer", "Scan Direction": "Forward", "Index Name": "part_kpey", "Relation Name": "part", "Alias": "part", "Startup Cost": 0.0, "Total Cost": 105803.25, "Plan Rows": 22472, "Plan Width": 8, "Filter": "((p_name)::text ~~ 'green%'::text)"}, {"Node Type": "Index Scan", "Parent Relationship": "Inner", "Scan Direction": "Forward", "Index Name": "idx_partsupp_partkey", "Relation Name": "partsupp", "Alias": "partsupp", "Startup Cost": 0.0, "Total Cost": 7.01, "Plan Rows": 3, "Plan Width": 24, "Index Cond": "(ps_partkey = part.p_partkey)"}]}, {"Node Type": "Sort", "Parent Relationship": "Inner", "Startup Cost": 7406937.34, "Total Cost": 7429616.54, "Plan Rows": 9071680, "Plan Width": 24, "Sort Key": ["subquery.\"?column?\""], "Plans": [{"Node Type": "Subquery Scan", "Parent Relationship": "Outer", "Alias": "subquery", "Startup Cost": 6154458.63, "Total Cost": 6358571.43, "Plan Rows": 9071680, "Plan Width": 24, "Plans": [{"Node Type": "Aggregate", "Strategy": "Hashed", "Parent Relationship": "Subquery", "Startup Cost": 6154458.63, "Total Cost": 6267854.63, "Plan Rows": 9071680, "Plan Width": 40, "Group By Key": ["lineitem.l_partkey", "lineitem.l_suppkey"], "Plans": [{"Node Type": "Index Scan", "Parent Relationship": "Outer", "Scan Direction": "Forward", "Index Name": "idx_lineitem_shipdate", "Relation Name": "lineitem", "Alias": "lineitem", "Startup Cost": 0.0, "Total Cost": 6063741.83, "Plan Rows": 9071680, "Plan Width": 24, "Index Cond": "((l_shipdate >= '1993-01-01 00:00:00'::timestamp(0) without time zone) AND (l_shipdate < '1994-01-01 00:00:00'::timestamp without time zone)), (LLVM Optimized)"}]}]}]}]}]}]}, {"Node Type": "Index Scan", "Parent Relationship": "Inner", "Scan Direction": "Forward", "Index Name": "supplier_pkey", "Relation Name": "supplier", "Alias": "supplier", "Startup Cost": 0.0, "Total Cost": 0.27, "Plan Rows": 1, "Plan Width": 63, "Index Cond": "(s_suppkey = subquery.\"?column?\")"}]}]}]}]}, "Unique SQL Id": 202076520, "Planner Runtime": 2}, "explain_analyze_plan": {"Plan": {"Node Type": "Sort", "Startup Cost": 7727524.68, "Total Cost": 7727529.68, "Plan Rows": 2000, "Plan Width": 51, "Actual Startup Time": 43070.514, "Actual Total Time": 43070.655, "Actual Rows": 1746, "Actual Loops": 1, "Sort Key": ["supplier.s_name"], "Sort Method": "quicksort", "Sort Space Used": 309, "Sort Space Type": "Memory", "Plans": [{"Node Type": "Merge Join", "Parent Relationship": "Outer", "Join Type": "Inner", "Startup Cost": 7727132.33, "Total Cost": 7727415.02, "Plan Rows": 2000, "Plan Width": 51, "Actual Startup Time": 43061.907, "Actual Total Time": 43062.725, "Actual Rows": 1746, "Actual Loops": 1, "Inner Unique": false, "Merge Cond": "(nation.n_nationkey = supplier.s_nationkey)", "Plans": [{"Node Type": "Index Scan", "Parent Relationship": "Outer", "Scan Direction": "Forward", "Index Name": "nation_pkey", "Relation Name": "nation", "Alias": "nation", "Startup Cost": 0.0, "Total Cost": 12.69, "Plan Rows": 1, "Plan Width": 4, "Actual Startup Time": 0.023, "Actual Total Time": 0.053, "Actual Rows": 1, "Actual Loops": 1, "Filter": "(n_name = 'ALGERIA'::bpchar)", "Rows Removed by Filter": 24}, {"Node Type": "Sort", "Parent Relationship": "Inner", "Startup Cost": 7727132.33, "Total Cost": 7727257.33, "Plan Rows": 50000, "Plan Width": 55, "Actual Startup Time": 43061.872, "Actual Total Time": 43062.127, "Actual Rows": 1747, "Actual Loops": 1, "Sort Key": ["supplier.s_nationkey"], "Sort Method": "quicksort", "Sort Space Used": 8488, "Sort Space Type": "Memory", "Plans": [{"Node Type": "Nested Loop", "Parent Relationship": "Outer", "Join Type": "Inner", "Startup Cost": 7723229.35, "Total Cost": 7723229.92, "Plan Rows": 50000, "Plan Width": 55, "Actual Startup Time": 42880.197, "Actual Total Time": 43041.856, "Actual Rows": 44487, "Actual Loops": 1, "Inner Unique": true, "Plans": [{"Node Type": "Unique", "Parent Relationship": "Outer", "Startup Cost": 7723229.35, "Total Cost": 7723229.36, "Plan Rows": 2, "Plan Width": 16, "Actual Startup Time": 42880.163, "Actual Total Time": 42906.876, "Actual Rows": 44487, "Actual Loops": 1, "Plans": [{"Node Type": "Sort", "Parent Relationship": "Outer", "Startup Cost": 7723229.35, "Total Cost": 7723229.35, "Plan Rows": 2, "Plan Width": 16, "Actual Startup Time": 42880.16, "Actual Total Time": 42891.181, "Actual Rows": 58537, "Actual Loops": 1, "Sort Key": ["partsupp.ps_suppkey"], "Sort Method": "quicksort", "Sort Space Used": 7024, "Sort Space Type": "Memory", "Plans": [{"Node Type": "Merge Join", "Parent Relationship": "Outer", "Join Type": "Inner", "Startup Cost": 7406937.34, "Total Cost": 7723229.34, "Plan Rows": 2, "Plan Width": 16, "Actual Startup Time": 39060.98, "Actual Total Time": 42853.401, "Actual Rows": 58537, "Actual Loops": 1, "Inner Unique": true, "Merge Cond": "(partsupp.ps_partkey = subquery.\"?column?\")", "Join Filter": "((partsupp.ps_suppkey = subquery.\"?column?\") AND ((partsupp.ps_availqty)::double precision > (.5::double precision * subquery.\"?column?\")))", "Rows Removed by Join Filter": 0, "Plans": [{"Node Type": "Nested Loop", "Parent Relationship": "Outer", "Join Type": "Inner", "Startup Cost": 0.0, "Total Cost": 263931.78, "Plan Rows": 64552, "Plan Width": 32, "Actual Startup Time": 0.054, "Actual Total Time": 1550.893, "Actual Rows": 86224, "Actual Loops": 1, "Inner Unique": false, "Plans": [{"Node Type": "Index Scan", "Parent Relationship": "Outer", "Scan Direction": "Forward", "Index Name": "part_kpey", "Relation Name": "part", "Alias": "part", "Startup Cost": 0.0, "Total Cost": 105803.25, "Plan Rows": 22472, "Plan Width": 8, "Actual Startup Time": 0.04, "Actual Total Time": 1329.953, "Actual Rows": 21556, "Actual Loops": 1, "Filter": "((p_name)::text ~~ 'green%'::text)", "Rows Removed by Filter": 1978444}, {"Node Type": "Index Scan", "Parent Relationship": "Inner", "Scan Direction": "Forward", "Index Name": "idx_partsupp_partkey", "Relation Name": "partsupp", "Alias": "partsupp", "Startup Cost": 0.0, "Total Cost": 7.01, "Plan Rows": 3, "Plan Width": 24, "Actual Startup Time": 136.503, "Actual Total Time": 187.509, "Actual Rows": 86224, "Actual Loops": 21556, "Index Cond": "(ps_partkey = part.p_partkey)", "Rows Removed by Index Recheck": 0}]}, {"Node Type": "Sort", "Parent Relationship": "Inner", "Startup Cost": 7406937.34, "Total Cost": 7429616.54, "Plan Rows": 9071680, "Plan Width": 24, "Actual Startup Time": 39060.687, "Actual Total Time": 40515.381, "Actual Rows": 5530011, "Actual Loops": 1, "Sort Key": ["subquery.\"?column?\""], "Sort Method": "quicksort", "Sort Space Used": 706866, "Sort Space Type": "Memory", "Plans": [{"Node Type": "Subquery Scan", "Parent Relationship": "Outer", "Alias": "subquery", "Startup Cost": 6154458.63, "Total Cost": 6358571.43, "Plan Rows": 9071680, "Plan Width": 24, "Actual Startup Time": 31580.677, "Actual Total Time": 36732.674, "Actual Rows": 5442751, "Actual Loops": 1, "Plans": [{"Node Type": "Aggregate", "Strategy": "Hashed", "Parent Relationship": "Subquery", "Startup Cost": 6154458.63, "Total Cost": 6267854.63, "Plan Rows": 9071680, "Plan Width": 40, "Actual Startup Time": 31580.666, "Actual Total Time": 35715.09, "Actual Rows": 5442751, "Actual Loops": 1, "Group By Key": ["lineitem.l_partkey", "lineitem.l_suppkey"], "Plans": [{"Node Type": "Index Scan", "Parent Relationship": "Outer", "Scan Direction": "Forward", "Index Name": "idx_lineitem_shipdate", "Relation Name": "lineitem", "Alias": "lineitem", "Startup Cost": 0.0, "Total Cost": 6063741.83, "Plan Rows": 9071680, "Plan Width": 24, "Actual Startup Time": 0.075, "Actual Total Time": 23386.938, "Actual Rows": 9109641, "Actual Loops": 1, "Index Cond": "((l_shipdate >= '1993-01-01 00:00:00'::timestamp(0) without time zone) AND (l_shipdate < '1994-01-01 00:00:00'::timestamp without time zone)), (LLVM Optimized, Jit Execute)", "Rows Removed by Index Recheck": 0}]}]}]}]}]}]}, {"Node Type": "Index Scan", "Parent Relationship": "Inner", "Scan Direction": "Forward", "Index Name": "supplier_pkey", "Relation Name": "supplier", "Alias": "supplier", "Startup Cost": 0.0, "Total Cost": 0.27, "Plan Rows": 1, "Plan Width": 63, "Actual Startup Time": 101.78, "Actual Total Time": 101.78, "Actual Rows": 44487, "Actual Loops": 44487, "Index Cond": "(s_suppkey = subquery.\"?column?\")", "Rows Removed by Index Recheck": 0}]}]}]}]}, "Triggers": [], "Planner Runtime": 2, "Total Runtime": 43080.281, "Unique SQL Id": 202076520}}, "(64, 94)": {"explain_plan": {"Plan": {"Node Type": "Sort", "Startup Cost": 5041049.96, "Total Cost": 5041054.96, "Plan Rows": 2000, "Plan Width": 51, "Sort Key": ["supplier.s_name"], "Plans": [{"Node Type": "Merge Join", "Parent Relationship": "Outer", "Join Type": "Semi", "Startup Cost": 4972398.43, "Total Cost": 5040940.3, "Plan Rows": 2000, "Plan Width": 51, "Inner Unique": false, "Merge Cond": "(supplier.s_suppkey = subquery.\"?column?\")", "Plans": [{"Node Type": "Sort", "Parent Relationship": "Outer", "Startup Cost": 12368.47, "Total Cost": 12378.47, "Plan Rows": 4000, "Plan Width": 59, "Sort Key": ["supplier.s_suppkey"], "Plans": [{"Node Type": "Merge Join", "Parent Relationship": "Outer", "Join Type": "Inner", "Startup Cost": 11589.14, "Total Cost": 12129.15, "Plan Rows": 4000, "Plan Width": 59, "Inner Unique": false, "Merge Cond": "(nation.n_nationkey = supplier.s_nationkey)", "Plans": [{"Node Type": "Sort", "Parent Relationship": "Outer", "Startup Cost": 1.32, "Total Cost": 1.33, "Plan Rows": 1, "Plan Width": 4, "Sort Key": ["nation.n_nationkey"], "Plans": [{"Node Type": "Seq Scan", "Parent Relationship": "Outer", "Relation Name": "nation", "Alias": "nation", "Startup Cost": 0.0, "Total Cost": 1.31, "Plan Rows": 1, "Plan Width": 4, "Filter": "(n_name = 'ALGERIA'::bpchar)"}]}, {"Node Type": "Sort", "Parent Relationship": "Inner", "Startup Cost": 11587.82, "Total Cost": 11837.82, "Plan Rows": 100000, "Plan Width": 63, "Sort Key": ["supplier.s_nationkey"], "Plans": [{"Node Type": "Seq Scan", "Parent Relationship": "Outer", "Relation Name": "supplier", "Alias": "supplier", "Startup Cost": 0.0, "Total Cost": 3283.0, "Plan Rows": 100000, "Plan Width": 63}]}]}]}, {"Node Type": "Materialize", "Parent Relationship": "Inner", "Startup Cost": 4960029.96, "Total Cost": 5028551.81, "Plan Rows": 2, "Plan Width": 16, "Plans": [{"Node Type": "Merge Join", "Parent Relationship": "Outer", "Join Type": "Inner", "Startup Cost": 4960029.96, "Total Cost": 5028551.8, "Plan Rows": 2, "Plan Width": 16, "Inner Unique": true, "Merge Cond": "((partsupp.ps_suppkey = subquery.\"?column?\") AND (partsupp.ps_partkey = subquery.\"?column?\"))", "Join Filter": "((partsupp.ps_availqty)::double precision > (.5::double precision * subquery.\"?column?\"))", "Plans": [{"Node Type": "Sort", "Parent Relationship": "Outer", "Startup Cost": 1301783.96, "Total Cost": 1301945.34, "Plan Rows": 64552, "Plan Width": 32, "Sort Key": ["partsupp.ps_suppkey", "partsupp.ps_partkey"], "Plans": [{"Node Type": "Merge Join", "Parent Relationship": "Outer", "Join Type": "Inner", "Startup Cost": 1255864.76, "Total Cost": 1296626.85, "Plan Rows": 64552, "Plan Width": 32, "Inner Unique": false, "Merge Cond": "(part.p_partkey = partsupp.ps_partkey)", "Plans": [{"Node Type": "Sort", "Parent Relationship": "Outer", "Startup Cost": 68568.26, "Total Cost": 68624.44, "Plan Rows": 22472, "Plan Width": 8, "Sort Key": ["part.p_partkey"], "Plans": [{"Node Type": "Seq Scan", "Parent Relationship": "Outer", "Relation Name": "part", "Alias": "part", "Startup Cost": 0.0, "Total Cost": 66944.0, "Plan Rows": 22472, "Plan Width": 8, "Filter": "((p_name)::text ~~ 'green%'::text)"}]}, {"Node Type": "Sort", "Parent Relationship": "Inner", "Startup Cost": 1187295.8, "Total Cost": 1207296.73, "Plan Rows": 8000372, "Plan Width": 24, "Sort Key": ["partsupp.ps_partkey"], "Plans": [{"Node Type": "Seq Scan", "Parent Relationship": "Outer", "Relation Name": "partsupp", "Alias": "partsupp", "Startup Cost": 0.0, "Total Cost": 269987.72, "Plan Rows": 8000372, "Plan Width": 24}]}]}]}, {"Node Type": "Sort", "Parent Relationship": "Inner", "Startup Cost": 3658246.0, "Total Cost": 3680925.2, "Plan Rows": 9071680, "Plan Width": 24, "Sort Key": ["subquery.\"?column?\"", "subquery.\"?column?\""], "Plans": [{"Node Type": "Subquery Scan", "Parent Relationship": "Outer", "Alias": "subquery", "Startup Cost": 2405767.29, "Total Cost": 2609880.09, "Plan Rows": 9071680, "Plan Width": 24, "Plans": [{"Node Type": "Aggregate", "Strategy": "Hashed", "Parent Relationship": "Subquery", "Startup Cost": 2405767.29, "Total Cost": 2519163.29, "Plan Rows": 9071680, "Plan Width": 40, "Group By Key": ["lineitem.l_partkey", "lineitem.l_suppkey"], "Plans": [{"Node Type": "Seq Scan", "Parent Relationship": "Outer", "Relation Name": "lineitem", "Alias": "lineitem", "Startup Cost": 119.57, "Total Cost": 2315050.5, "Plan Rows": 9071680, "Plan Width": 24, "Filter": "((l_shipdate >= '1993-01-01 00:00:00'::timestamp(0) without time zone) AND (l_shipdate < '1994-01-01 00:00:00'::timestamp without time zone)), (LLVM Optimized)"}]}]}]}]}]}]}]}, "Unique SQL Id": 202076520, "Planner Runtime": 2}, "explain_analyze_plan": {"Plan": {"Node Type": "Sort", "Startup Cost": 5041049.96, "Total Cost": 5041054.96, "Plan Rows": 2000, "Plan Width": 51, "Actual Startup Time": 50241.177, "Actual Total Time": 50241.341, "Actual Rows": 1746, "Actual Loops": 1, "Sort Key": ["supplier.s_name"], "Sort Method": "quicksort", "Sort Space Used": 309, "Sort Space Type": "Memory", "Plans": [{"Node Type": "Merge Join", "Parent Relationship": "Outer", "Join Type": "Semi", "Startup Cost": 4972398.43, "Total Cost": 5040940.3, "Plan Rows": 2000, "Plan Width": 51, "Actual Startup Time": 48344.183, "Actual Total Time": 50239.1, "Actual Rows": 1746, "Actual Loops": 1, "Inner Unique": false, "Merge Cond": "(supplier.s_suppkey = subquery.\"?column?\")", "Plans": [{"Node Type": "Sort", "Parent Relationship": "Outer", "Startup Cost": 12368.47, "Total Cost": 12378.47, "Plan Rows": 4000, "Plan Width": 59, "Actual Startup Time": 70.201, "Actual Total Time": 71.014, "Actual Rows": 3934, "Actual Loops": 1, "Sort Key": ["supplier.s_suppkey"], "Sort Method": "quicksort", "Sort Space Used": 711, "Sort Space Type": "Memory", "Plans": [{"Node Type": "Merge Join", "Parent Relationship": "Outer", "Join Type": "Inner", "Startup Cost": 11589.14, "Total Cost": 12129.15, "Plan Rows": 4000, "Plan Width": 59, "Actual Startup Time": 66.818, "Actual Total Time": 68.604, "Actual Rows": 3934, "Actual Loops": 1, "Inner Unique": false, "Merge Cond": "(nation.n_nationkey = supplier.s_nationkey)", "Plans": [{"Node Type": "Sort", "Parent Relationship": "Outer", "Startup Cost": 1.32, "Total Cost": 1.33, "Plan Rows": 1, "Plan Width": 4, "Actual Startup Time": 0.042, "Actual Total Time": 0.043, "Actual Rows": 1, "Actual Loops": 1, "Sort Key": ["nation.n_nationkey"], "Sort Method": "quicksort", "Sort Space Used": 25, "Sort Space Type": "Memory", "Plans": [{"Node Type": "Seq Scan", "Parent Relationship": "Outer", "Relation Name": "nation", "Alias": "nation", "Startup Cost": 0.0, "Total Cost": 1.31, "Plan Rows": 1, "Plan Width": 4, "Actual Startup Time": 0.025, "Actual Total Time": 0.034, "Actual Rows": 1, "Actual Loops": 1, "Filter": "(n_name = 'ALGERIA'::bpchar)", "Rows Removed by Filter": 24}]}, {"Node Type": "Sort", "Parent Relationship": "Inner", "Startup Cost": 11587.82, "Total Cost": 11837.82, "Plan Rows": 100000, "Plan Width": 63, "Actual Startup Time": 66.765, "Actual Total Time": 67.291, "Actual Rows": 3935, "Actual Loops": 1, "Sort Key": ["supplier.s_nationkey"], "Sort Method": "quicksort", "Sort Space Used": 18698, "Sort Space Type": "Memory", "Plans": [{"Node Type": "Seq Scan", "Parent Relationship": "Outer", "Relation Name": "supplier", "Alias": "supplier", "Startup Cost": 0.0, "Total Cost": 3283.0, "Plan Rows": 100000, "Plan Width": 63, "Actual Startup Time": 0.011, "Actual Total Time": 33.608, "Actual Rows": 100000, "Actual Loops": 1}]}]}]}, {"Node Type": "Materialize", "Parent Relationship": "Inner", "Startup Cost": 4960029.96, "Total Cost": 5028551.81, "Plan Rows": 2, "Plan Width": 16, "Actual Startup Time": 48273.309, "Actual Total Time": 50154.896, "Actual Rows": 58530, "Actual Loops": 1, "Plans": [{"Node Type": "Merge Join", "Parent Relationship": "Outer", "Join Type": "Inner", "Startup Cost": 4960029.96, "Total Cost": 5028551.8, "Plan Rows": 2, "Plan Width": 16, "Actual Startup Time": 48273.307, "Actual Total Time": 50146.76, "Actual Rows": 58530, "Actual Loops": 1, "Inner Unique": true, "Merge Cond": "((partsupp.ps_suppkey = subquery.\"?column?\") AND (partsupp.ps_partkey = subquery.\"?column?\"))", "Join Filter": "((partsupp.ps_availqty)::double precision > (.5::double precision * subquery.\"?column?\"))", "Rows Removed by Join Filter": 0, "Plans": [{"Node Type": "Sort", "Parent Relationship": "Outer", "Startup Cost": 1301783.96, "Total Cost": 1301945.34, "Plan Rows": 64552, "Plan Width": 32, "Actual Startup Time": 8807.274, "Actual Total Time": 8825.971, "Actual Rows": 86215, "Actual Loops": 1, "Sort Key": ["partsupp.ps_suppkey", "partsupp.ps_partkey"], "Sort Method": "quicksort", "Sort Space Used": 11156, "Sort Space Type": "Memory", "Plans": [{"Node Type": "Merge Join", "Parent Relationship": "Outer", "Join Type": "Inner", "Startup Cost": 1255864.76, "Total Cost": 1296626.85, "Plan Rows": 64552, "Plan Width": 32, "Actual Startup Time": 6434.985, "Actual Total Time": 8761.429, "Actual Rows": 86224, "Actual Loops": 1, "Inner Unique": false, "Merge Cond": "(part.p_partkey = partsupp.ps_partkey)", "Plans": [{"Node Type": "Sort", "Parent Relationship": "Outer", "Startup Cost": 68568.26, "Total Cost": 68624.44, "Plan Rows": 22472, "Plan Width": 8, "Actual Startup Time": 794.269, "Actual Total Time": 796.472, "Actual Rows": 21556, "Actual Loops": 1, "Sort Key": ["part.p_partkey"], "Sort Method": "quicksort", "Sort Space Used": 2116, "Sort Space Type": "Memory", "Plans": [{"Node Type": "Seq Scan", "Parent Relationship": "Outer", "Relation Name": "part", "Alias": "part", "Startup Cost": 0.0, "Total Cost": 66944.0, "Plan Rows": 22472, "Plan Width": 8, "Actual Startup Time": 0.051, "Actual Total Time": 787.156, "Actual Rows": 21556, "Actual Loops": 1, "Filter": "((p_name)::text ~~ 'green%'::text)", "Rows Removed by Filter": 1978444}]}, {"Node Type": "Sort", "Parent Relationship": "Inner", "Startup Cost": 1187295.8, "Total Cost": 1207296.73, "Plan Rows": 8000372, "Plan Width": 24, "Actual Startup Time": 5640.66, "Actual Total Time": 6808.95, "Actual Rows": 7999953, "Actual Loops": 1, "Sort Key": ["partsupp.ps_partkey"], "Sort Method": "quicksort", "Sort Space Used": 946609, "Sort Space Type": "Memory", "Plans": [{"Node Type": "Seq Scan", "Parent Relationship": "Outer", "Relation Name": "partsupp", "Alias": "partsupp", "Startup Cost": 0.0, "Total Cost": 269987.72, "Plan Rows": 8000372, "Plan Width": 24, "Actual Startup Time": 0.028, "Actual Total Time": 2805.671, "Actual Rows": 8000000, "Actual Loops": 1}]}]}]}, {"Node Type": "Sort", "Parent Relationship": "Inner", "Startup Cost": 3658246.0, "Total Cost": 3680925.2, "Plan Rows": 9071680, "Plan Width": 24, "Actual Startup Time": 39465.856, "Actual Total Time": 40502.356, "Actual Rows": 5442190, "Actual Loops": 1, "Sort Key": ["subquery.\"?column?\"", "subquery.\"?column?\""], "Sort Method": "quicksort", "Sort Space Used": 706866, "Sort Space Type": "Memory", "Plans": [{"Node Type": "Subquery Scan", "Parent Relationship": "Outer", "Alias": "subquery", "Startup Cost": 2405767.29, "Total Cost": 2609880.09, "Plan Rows": 9071680, "Plan Width": 24, "Actual Startup Time": 30872.331, "Actual Total Time": 34742.638, "Actual Rows": 5442751, "Actual Loops": 1, "Plans": [{"Node Type": "Aggregate", "Strategy": "Hashed", "Parent Relationship": "Subquery", "Startup Cost": 2405767.29, "Total Cost": 2519163.29, "Plan Rows": 9071680, "Plan Width": 40, "Actual Startup Time": 30872.321, "Actual Total Time": 33711.651, "Actual Rows": 5442751, "Actual Loops": 1, "Group By Key": ["lineitem.l_partkey", "lineitem.l_suppkey"], "Plans": [{"Node Type": "Seq Scan", "Parent Relationship": "Outer", "Relation Name": "lineitem", "Alias": "lineitem", "Startup Cost": 119.57, "Total Cost": 2315050.5, "Plan Rows": 9071680, "Plan Width": 24, "Actual Startup Time": 0.052, "Actual Total Time": 23147.498, "Actual Rows": 9109641, "Actual Loops": 1, "Filter": "((l_shipdate >= '1993-01-01 00:00:00'::timestamp(0) without time zone) AND (l_shipdate < '1994-01-01 00:00:00'::timestamp without time zone)), (LLVM Optimized, Jit Execute)", "Rows Removed by Filter": 50876411}]}]}]}]}]}]}]}, "Triggers": [], "Planner Runtime": 2, "Total Runtime": 50250.892, "Unique SQL Id": 202076520}}, "(64, 95)": {"explain_plan": {"Plan": {"Node Type": "Sort", "Startup Cost": 5000920190857.93, "Total Cost": 5000920190862.93, "Plan Rows": 2000, "Plan Width": 51, "Sort Key": ["supplier.s_name"], "Plans": [{"Node Type": "Merge Join", "Parent Relationship": "Outer", "Join Type": "Inner", "Startup Cost": 4010920189199.52, "Total Cost": 5000920190748.27, "Plan Rows": 2000, "Plan Width": 51, "Inner Unique": true, "Merge Cond": "(supplier.s_nationkey = nation.n_nationkey)", "Plans": [{"Node Type": "Sort", "Parent Relationship": "Outer", "Startup Cost": 4000920189199.52, "Total Cost": 4000920189324.52, "Plan Rows": 50000, "Plan Width": 55, "Sort Key": ["supplier.s_nationkey"], "Plans": [{"Node Type": "Merge Join", "Parent Relationship": "Outer", "Join Type": "Semi", "Startup Cost": 2020817946503.29, "Total Cost": 4000920185297.11, "Plan Rows": 50000, "Plan Width": 55, "Inner Unique": false, "Merge Cond": "(supplier.s_suppkey = subquery.\"?column?\")", "Plans": [{"Node Type": "Index Scan", "Parent Relationship": "Outer", "Scan Direction": "Forward", "Index Name": "supplier_pkey", "Relation Name": "supplier", "Alias": "supplier", "Startup Cost": 10000000000.0, "Total Cost": 1000000533454.38, "Plan Rows": 100000, "Plan Width": 63}, {"Node Type": "Materialize", "Parent Relationship": "Inner", "Startup Cost": 2010817946503.29, "Total Cost": 3000919651592.7, "Plan Rows": 2, "Plan Width": 16, "Plans": [{"Node Type": "Merge Join", "Parent Relationship": "Outer", "Join Type": "Inner", "Startup Cost": 2010817946503.29, "Total Cost": 3000919651592.7, "Plan Rows": 2, "Plan Width": 16, "Inner Unique": false, "Merge Cond": "(partsupp.ps_suppkey = subquery.\"?column?\")", "Join Filter": "((part.p_partkey = partsupp.ps_partkey) AND ((partsupp.ps_availqty)::double precision > (.5::double precision * subquery.\"?column?\")))", "Plans": [{"Node Type": "Index Scan", "Parent Relationship": "Outer", "Scan Direction": "Forward", "Index Name": "idx_partsupp_suppkey", "Relation Name": "partsupp", "Alias": "partsupp", "Startup Cost": 10000000000.0, "Total Cost": 1000100160480.77, "Plan Rows": 8000372, "Plan Width": 24}, {"Node Type": "Sort", "Parent Relationship": "Inner", "Startup Cost": 2000817946503.29, "Total Cost": 2000817957842.89, "Plan Rows": 4535840, "Plan Width": 32, "Sort Key": ["subquery.\"?column?\""], "Plans": [{"Node Type": "Merge Join", "Parent Relationship": "Outer", "Join Type": "Inner", "Startup Cost": 1010806728031.64, "Total Cost": 2000817444999.54, "Plan Rows": 4535840, "Plan Width": 32, "Inner Unique": false, "Merge Cond": "(part.p_partkey = subquery.\"?column?\")", "Plans": [{"Node Type": "Index Scan", "Parent Relationship": "Outer", "Scan Direction": "Forward", "Index Name": "part_kpey", "Relation Name": "part", "Alias": "part", "Startup Cost": 10000000000.0, "Total Cost": 1000010580325.0, "Plan Rows": 22472, "Plan Width": 8, "Filter": "((p_name)::text ~~ 'green%'::text)"}, {"Node Type": "Sort", "Parent Relationship": "Inner", "Startup Cost": 1000806728031.64, "Total Cost": 1000806750710.84, "Plan Rows": 9071680, "Plan Width": 24, "Sort Key": ["subquery.\"?column?\""], "Plans": [{"Node Type": "Subquery Scan", "Parent Relationship": "Outer", "Alias": "subquery", "Startup Cost": 1000805475552.94, "Total Cost": 1000805679665.74, "Plan Rows": 9071680, "Plan Width": 24, "Plans": [{"Node Type": "Aggregate", "Strategy": "Hashed", "Parent Relationship": "Subquery", "Startup Cost": 1000805475552.94, "Total Cost": 1000805588948.94, "Plan Rows": 9071680, "Plan Width": 40, "Group By Key": ["lineitem.l_partkey", "lineitem.l_suppkey"], "Plans": [{"Node Type": "Index Scan", "Parent Relationship": "Outer", "Scan Direction": "Forward", "Index Name": "idx_lineitem_part_supp", "Relation Name": "lineitem", "Alias": "lineitem", "Startup Cost": 10000000000.0, "Total Cost": 1000805384836.14, "Plan Rows": 9071680, "Plan Width": 24, "Filter": "((l_shipdate >= '1993-01-01 00:00:00'::timestamp(0) without time zone) AND (l_shipdate < '1994-01-01 00:00:00'::timestamp without time zone)), (LLVM Optimized)"}]}]}]}]}]}]}]}]}]}, {"Node Type": "Materialize", "Parent Relationship": "Inner", "Startup Cost": 10000000000.0, "Total Cost": 1000000001268.75, "Plan Rows": 1, "Plan Width": 4, "Plans": [{"Node Type": "Index Scan", "Parent Relationship": "Outer", "Scan Direction": "Forward", "Index Name": "nation_pkey", "Relation Name": "nation", "Alias": "nation", "Startup Cost": 10000000000.0, "Total Cost": 1000000001268.75, "Plan Rows": 1, "Plan Width": 4, "Filter": "(n_name = 'ALGERIA'::bpchar)"}]}]}]}, "Unique SQL Id": 202076520, "Planner Runtime": 2}, "explain_analyze_plan": null}, "(64, 96)": {"explain_plan": {"Plan": {"Node Type": "Sort", "Startup Cost": 2479933.5, "Total Cost": 2479938.5, "Plan Rows": 2000, "Plan Width": 51, "Sort Key": ["supplier.s_name"], "Plans": [{"Node Type": "Hash Join", "Parent Relationship": "Outer", "Join Type": "Right Semi", "Startup Cost": 2184974.13, "Total Cost": 2479823.85, "Plan Rows": 2000, "Plan Width": 51, "Inner Unique": false, "Hash Cond": "(lineitem.l_suppkey = supplier.s_suppkey)", "Plans": [{"Node Type": "Hash Join", "Parent Relationship": "Outer", "Join Type": "Inner", "Startup Cost": 2182390.78, "Total Cost": 2477220.49, "Plan Rows": 2, "Plan Width": 16, "Inner Unique": false, "Hash Cond": "((lineitem.l_partkey = partsupp.ps_partkey) AND (lineitem.l_suppkey = partsupp.ps_suppkey))", "Join Filter": "((partsupp.ps_availqty)::double precision > (.5::double precision * (sum(lineitem.l_quantity))))", "Plans": [{"Node Type": "Aggregate", "Strategy": "Hashed", "Parent Relationship": "Outer", "Startup Cost": 1956349.97, "Total Cost": 2069745.97, "Plan Rows": 9071680, "Plan Width": 40, "Group By Key": ["lineitem.l_partkey", "lineitem.l_suppkey"], "Plans": [{"Node Type": "Bitmap Heap Scan", "Parent Relationship": "Outer", "Relation Name": "lineitem", "Alias": "lineitem", "Startup Cost": 314312.97, "Total Cost": 1865633.17, "Plan Rows": 9071680, "Plan Width": 24, "Recheck Cond": "((l_shipdate >= '1993-01-01 00:00:00'::timestamp(0) without time zone) AND (l_shipdate < '1994-01-01 00:00:00'::timestamp without time zone)), (LLVM Optimized)", "Plans": [{"Node Type": "Bitmap Index Scan", "Parent Relationship": "Outer", "Index Name": "idx_lineitem_shipdate", "Startup Cost": 0.0, "Total Cost": 312045.05, "Plan Rows": 9071680, "Plan Width": 0, "Index Cond": "((l_shipdate >= '1993-01-01 00:00:00'::timestamp(0) without time zone) AND (l_shipdate < '1994-01-01 00:00:00'::timestamp without time zone))"}]}]}, {"Node Type": "Hash", "Parent Relationship": "Inner", "Startup Cost": 225072.53, "Total Cost": 225072.53, "Plan Rows": 64552, "Plan Width": 32, "Plans": [{"Node Type": "Nested Loop", "Parent Relationship": "Outer", "Join Type": "Inner", "Startup Cost": 0.0, "Total Cost": 225072.53, "Plan Rows": 64552, "Plan Width": 32, "Inner Unique": false, "Plans": [{"Node Type": "Seq Scan", "Parent Relationship": "Outer", "Relation Name": "part", "Alias": "part", "Startup Cost": 0.0, "Total Cost": 66944.0, "Plan Rows": 22472, "Plan Width": 8, "Filter": "((p_name)::text ~~ 'green%'::text)"}, {"Node Type": "Index Scan", "Parent Relationship": "Inner", "Scan Direction": "Forward", "Index Name": "idx_partsupp_partkey", "Relation Name": "partsupp", "Alias": "partsupp", "Startup Cost": 0.0, "Total Cost": 7.01, "Plan Rows": 3, "Plan Width": 24, "Index Cond": "(ps_partkey = part.p_partkey)"}]}]}]}, {"Node Type": "Hash", "Parent Relationship": "Inner", "Startup Cost": 2533.35, "Total Cost": 2533.35, "Plan Rows": 4000, "Plan Width": 59, "Plans": [{"Node Type": "Nested Loop", "Parent Relationship": "Outer", "Join Type": "Inner", "Startup Cost": 95.25, "Total Cost": 2533.35, "Plan Rows": 4000, "Plan Width": 59, "Inner Unique": false, "Plans": [{"Node Type": "Seq Scan", "Parent Relationship": "Outer", "Relation Name": "nation", "Alias": "nation", "Startup Cost": 0.0, "Total Cost": 1.31, "Plan Rows": 1, "Plan Width": 4, "Filter": "(n_name = 'ALGERIA'::bpchar)"}, {"Node Type": "Bitmap Heap Scan", "Parent Relationship": "Inner", "Relation Name": "supplier", "Alias": "supplier", "Startup Cost": 95.25, "Total Cost": 2492.04, "Plan Rows": 4000, "Plan Width": 63, "Recheck Cond": "(s_nationkey = nation.n_nationkey)", "Plans": [{"Node Type": "Bitmap Index Scan", "Parent Relationship": "Outer", "Index Name": "idx_supplier_nation_key", "Startup Cost": 0.0, "Total Cost": 94.25, "Plan Rows": 4000, "Plan Width": 0, "Index Cond": "(s_nationkey = nation.n_nationkey)"}]}]}]}]}]}, "Unique SQL Id": 202076520, "Planner Runtime": 2}, "explain_analyze_plan": {"Plan": {"Node Type": "Sort", "Startup Cost": 2479933.5, "Total Cost": 2479938.5, "Plan Rows": 2000, "Plan Width": 51, "Actual Startup Time": 25670.609, "Actual Total Time": 25670.777, "Actual Rows": 1746, "Actual Loops": 1, "Sort Key": ["supplier.s_name"], "Sort Method": "quicksort", "Sort Space Used": 309, "Sort Space Type": "Memory", "Plans": [{"Node Type": "Hash Join", "Parent Relationship": "Outer", "Join Type": "Right Semi", "Startup Cost": 2184974.13, "Total Cost": 2479823.85, "Plan Rows": 2000, "Plan Width": 51, "Actual Startup Time": 19874.966, "Actual Total Time": 25660.869, "Actual Rows": 1746, "Actual Loops": 1, "Inner Unique": false, "Hash Cond": "(lineitem.l_suppkey = supplier.s_suppkey)", "Plans": [{"Node Type": "Hash Join", "Parent Relationship": "Outer", "Join Type": "Inner", "Startup Cost": 2182390.78, "Total Cost": 2477220.49, "Plan Rows": 2, "Plan Width": 16, "Actual Startup Time": 19858.177, "Actual Total Time": 25630.099, "Actual Rows": 58537, "Actual Loops": 1, "Inner Unique": false, "Hash Cond": "((lineitem.l_partkey = partsupp.ps_partkey) AND (lineitem.l_suppkey = partsupp.ps_suppkey))", "Join Filter": "((partsupp.ps_availqty)::double precision > (.5::double precision * (sum(lineitem.l_quantity))))", "Rows Removed by Join Filter": 136, "Plans": [{"Node Type": "Aggregate", "Strategy": "Hashed", "Parent Relationship": "Outer", "Startup Cost": 1956349.97, "Total Cost": 2069745.97, "Plan Rows": 9071680, "Plan Width": 40, "Actual Startup Time": 18891.69, "Actual Total Time": 23080.121, "Actual Rows": 5442751, "Actual Loops": 1, "Group By Key": ["lineitem.l_partkey", "lineitem.l_suppkey"], "Plans": [{"Node Type": "Bitmap Heap Scan", "Parent Relationship": "Outer", "Relation Name": "lineitem", "Alias": "lineitem", "Startup Cost": 314312.97, "Total Cost": 1865633.17, "Plan Rows": 9071680, "Plan Width": 24, "Actual Startup Time": 4025.947, "Actual Total Time": 11800.709, "Actual Rows": 9109641, "Actual Loops": 1, "Recheck Cond": "((l_shipdate >= '1993-01-01 00:00:00'::timestamp(0) without time zone) AND (l_shipdate < '1994-01-01 00:00:00'::timestamp without time zone)), (LLVM Optimized, Jit Execute)", "Rows Removed by Index Recheck": 0, "Exact Heap Blocks": 1252335, "Lossy Heap Blocks": 1252335, "Plans": [{"Node Type": "Bitmap Index Scan", "Parent Relationship": "Outer", "Index Name": "idx_lineitem_shipdate", "Startup Cost": 0.0, "Total Cost": 312045.05, "Plan Rows": 9071680, "Plan Width": 0, "Actual Startup Time": 3378.209, "Actual Total Time": 3378.209, "Actual Rows": 9109641, "Actual Loops": 1, "Index Cond": "((l_shipdate >= '1993-01-01 00:00:00'::timestamp(0) without time zone) AND (l_shipdate < '1994-01-01 00:00:00'::timestamp without time zone))"}]}]}, {"Node Type": "Hash", "Parent Relationship": "Inner", "Startup Cost": 225072.53, "Total Cost": 225072.53, "Plan Rows": 64552, "Plan Width": 32, "Actual Startup Time": 966.267, "Actual Total Time": 966.267, "Actual Rows": 86224, "Actual Loops": 1, "Hash Buckets": 65536, "Hash Batches": 1, "Original Hash Batches": 1, "Peak Memory Usage": 5389, "Plans": [{"Node Type": "Nested Loop", "Parent Relationship": "Outer", "Join Type": "Inner", "Startup Cost": 0.0, "Total Cost": 225072.53, "Plan Rows": 64552, "Plan Width": 32, "Actual Startup Time": 0.082, "Actual Total Time": 933.817, "Actual Rows": 86224, "Actual Loops": 1, "Inner Unique": false, "Plans": [{"Node Type": "Seq Scan", "Parent Relationship": "Outer", "Relation Name": "part", "Alias": "part", "Startup Cost": 0.0, "Total Cost": 66944.0, "Plan Rows": 22472, "Plan Width": 8, "Actual Startup Time": 0.046, "Actual Total Time": 751.205, "Actual Rows": 21556, "Actual Loops": 1, "Filter": "((p_name)::text ~~ 'green%'::text)", "Rows Removed by Filter": 1978444}, {"Node Type": "Index Scan", "Parent Relationship": "Inner", "Scan Direction": "Forward", "Index Name": "idx_partsupp_partkey", "Relation Name": "partsupp", "Alias": "partsupp", "Startup Cost": 0.0, "Total Cost": 7.01, "Plan Rows": 3, "Plan Width": 24, "Actual Startup Time": 110.405, "Actual Total Time": 150.263, "Actual Rows": 86224, "Actual Loops": 21556, "Index Cond": "(ps_partkey = part.p_partkey)", "Rows Removed by Index Recheck": 0}]}]}]}, {"Node Type": "Hash", "Parent Relationship": "Inner", "Startup Cost": 2533.35, "Total Cost": 2533.35, "Plan Rows": 4000, "Plan Width": 59, "Actual Startup Time": 8.413, "Actual Total Time": 8.413, "Actual Rows": 3934, "Actual Loops": 1, "Hash Buckets": 32768, "Hash Batches": 1, "Original Hash Batches": 1, "Peak Memory Usage": 368, "Plans": [{"Node Type": "Nested Loop", "Parent Relationship": "Outer", "Join Type": "Inner", "Startup Cost": 95.25, "Total Cost": 2533.35, "Plan Rows": 4000, "Plan Width": 59, "Actual Startup Time": 1.333, "Actual Total Time": 7.002, "Actual Rows": 3934, "Actual Loops": 1, "Inner Unique": false, "Plans": [{"Node Type": "Seq Scan", "Parent Relationship": "Outer", "Relation Name": "nation", "Alias": "nation", "Startup Cost": 0.0, "Total Cost": 1.31, "Plan Rows": 1, "Plan Width": 4, "Actual Startup Time": 0.026, "Actual Total Time": 0.044, "Actual Rows": 1, "Actual Loops": 1, "Filter": "(n_name = 'ALGERIA'::bpchar)", "Rows Removed by Filter": 24}, {"Node Type": "Bitmap Heap Scan", "Parent Relationship": "Inner", "Relation Name": "supplier", "Alias": "supplier", "Startup Cost": 95.25, "Total Cost": 2492.04, "Plan Rows": 4000, "Plan Width": 63, "Actual Startup Time": 1.299, "Actual Total Time": 6.171, "Actual Rows": 3934, "Actual Loops": 1, "Recheck Cond": "(s_nationkey = nation.n_nationkey)", "Rows Removed by Index Recheck": 0, "Exact Heap Blocks": 1897, "Lossy Heap Blocks": 1897, "Plans": [{"Node Type": "Bitmap Index Scan", "Parent Relationship": "Outer", "Index Name": "idx_supplier_nation_key", "Startup Cost": 0.0, "Total Cost": 94.25, "Plan Rows": 4000, "Plan Width": 0, "Actual Startup Time": 0.986, "Actual Total Time": 0.986, "Actual Rows": 3934, "Actual Loops": 1, "Index Cond": "(s_nationkey = nation.n_nationkey)"}]}]}]}]}]}, "Triggers": [], "Planner Runtime": 2, "Total Runtime": 25682.348, "Unique SQL Id": 202076520}}, "(64, 97)": {"explain_plan": {"Plan": {"Node Type": "Sort", "Startup Cost": 2518804.13, "Total Cost": 2518809.13, "Plan Rows": 2000, "Plan Width": 51, "Sort Key": ["supplier.s_name"], "Plans": [{"Node Type": "Hash Join", "Parent Relationship": "Outer", "Join Type": "Right Semi", "Startup Cost": 2223844.76, "Total Cost": 2518694.47, "Plan Rows": 2000, "Plan Width": 51, "Inner Unique": false, "Hash Cond": "(lineitem.l_suppkey = supplier.s_suppkey)", "Plans": [{"Node Type": "Hash Join", "Parent Relationship": "Outer", "Join Type": "Inner", "Startup Cost": 2221250.03, "Total Cost": 2516079.74, "Plan Rows": 2, "Plan Width": 16, "Inner Unique": false, "Hash Cond": "((lineitem.l_partkey = partsupp.ps_partkey) AND (lineitem.l_suppkey = partsupp.ps_suppkey))", "Join Filter": "((partsupp.ps_availqty)::double precision > (.5::double precision * (sum(lineitem.l_quantity))))", "Plans": [{"Node Type": "Aggregate", "Strategy": "Hashed", "Parent Relationship": "Outer", "Startup Cost": 1956349.97, "Total Cost": 2069745.97, "Plan Rows": 9071680, "Plan Width": 40, "Group By Key": ["lineitem.l_partkey", "lineitem.l_suppkey"], "Plans": [{"Node Type": "Bitmap Heap Scan", "Parent Relationship": "Outer", "Relation Name": "lineitem", "Alias": "lineitem", "Startup Cost": 314312.97, "Total Cost": 1865633.17, "Plan Rows": 9071680, "Plan Width": 24, "Recheck Cond": "((l_shipdate >= '1993-01-01 00:00:00'::timestamp(0) without time zone) AND (l_shipdate < '1994-01-01 00:00:00'::timestamp without time zone)), (LLVM Optimized)", "Plans": [{"Node Type": "Bitmap Index Scan", "Parent Relationship": "Outer", "Index Name": "idx_lineitem_shipdate", "Startup Cost": 0.0, "Total Cost": 312045.05, "Plan Rows": 9071680, "Plan Width": 0, "Index Cond": "((l_shipdate >= '1993-01-01 00:00:00'::timestamp(0) without time zone) AND (l_shipdate < '1994-01-01 00:00:00'::timestamp without time zone))"}]}]}, {"Node Type": "Hash", "Parent Relationship": "Inner", "Startup Cost": 263931.78, "Total Cost": 263931.78, "Plan Rows": 64552, "Plan Width": 32, "Plans": [{"Node Type": "Nested Loop", "Parent Relationship": "Outer", "Join Type": "Inner", "Startup Cost": 0.0, "Total Cost": 263931.78, "Plan Rows": 64552, "Plan Width": 32, "Inner Unique": false, "Plans": [{"Node Type": "Index Scan", "Parent Relationship": "Outer", "Scan Direction": "Forward", "Index Name": "part_kpey", "Relation Name": "part", "Alias": "part", "Startup Cost": 0.0, "Total Cost": 105803.25, "Plan Rows": 22472, "Plan Width": 8, "Filter": "((p_name)::text ~~ 'green%'::text)"}, {"Node Type": "Index Scan", "Parent Relationship": "Inner", "Scan Direction": "Forward", "Index Name": "idx_partsupp_partkey", "Relation Name": "partsupp", "Alias": "partsupp", "Startup Cost": 0.0, "Total Cost": 7.01, "Plan Rows": 3, "Plan Width": 24, "Index Cond": "(ps_partkey = part.p_partkey)"}]}]}]}, {"Node Type": "Hash", "Parent Relationship": "Inner", "Startup Cost": 2544.73, "Total Cost": 2544.73, "Plan Rows": 4000, "Plan Width": 59, "Plans": [{"Node Type": "Nested Loop", "Parent Relationship": "Outer", "Join Type": "Inner", "Startup Cost": 95.25, "Total Cost": 2544.73, "Plan Rows": 4000, "Plan Width": 59, "Inner Unique": false, "Plans": [{"Node Type": "Index Scan", "Parent Relationship": "Outer", "Scan Direction": "Forward", "Index Name": "nation_pkey", "Relation Name": "nation", "Alias": "nation", "Startup Cost": 0.0, "Total Cost": 12.69, "Plan Rows": 1, "Plan Width": 4, "Filter": "(n_name = 'ALGERIA'::bpchar)"}, {"Node Type": "Bitmap Heap Scan", "Parent Relationship": "Inner", "Relation Name": "supplier", "Alias": "supplier", "Startup Cost": 95.25, "Total Cost": 2492.04, "Plan Rows": 4000, "Plan Width": 63, "Recheck Cond": "(s_nationkey = nation.n_nationkey)", "Plans": [{"Node Type": "Bitmap Index Scan", "Parent Relationship": "Outer", "Index Name": "idx_supplier_nation_key", "Startup Cost": 0.0, "Total Cost": 94.25, "Plan Rows": 4000, "Plan Width": 0, "Index Cond": "(s_nationkey = nation.n_nationkey)"}]}]}]}]}]}, "Unique SQL Id": 202076520, "Planner Runtime": 2}, "explain_analyze_plan": {"Plan": {"Node Type": "Sort", "Startup Cost": 2518804.13, "Total Cost": 2518809.13, "Plan Rows": 2000, "Plan Width": 51, "Actual Startup Time": 26161.176, "Actual Total Time": 26161.36, "Actual Rows": 1746, "Actual Loops": 1, "Sort Key": ["supplier.s_name"], "Sort Method": "quicksort", "Sort Space Used": 309, "Sort Space Type": "Memory", "Plans": [{"Node Type": "Hash Join", "Parent Relationship": "Outer", "Join Type": "Right Semi", "Startup Cost": 2223844.76, "Total Cost": 2518694.47, "Plan Rows": 2000, "Plan Width": 51, "Actual Startup Time": 21041.523, "Actual Total Time": 26151.288, "Actual Rows": 1746, "Actual Loops": 1, "Inner Unique": false, "Hash Cond": "(lineitem.l_suppkey = supplier.s_suppkey)", "Plans": [{"Node Type": "Hash Join", "Parent Relationship": "Outer", "Join Type": "Inner", "Startup Cost": 2221250.03, "Total Cost": 2516079.74, "Plan Rows": 2, "Plan Width": 16, "Actual Startup Time": 21022.943, "Actual Total Time": 26120.043, "Actual Rows": 58537, "Actual Loops": 1, "Inner Unique": false, "Hash Cond": "((lineitem.l_partkey = partsupp.ps_partkey) AND (lineitem.l_suppkey = partsupp.ps_suppkey))", "Join Filter": "((partsupp.ps_availqty)::double precision > (.5::double precision * (sum(lineitem.l_quantity))))", "Rows Removed by Join Filter": 136, "Plans": [{"Node Type": "Aggregate", "Strategy": "Hashed", "Parent Relationship": "Outer", "Startup Cost": 1956349.97, "Total Cost": 2069745.97, "Plan Rows": 9071680, "Plan Width": 40, "Actual Startup Time": 19317.429, "Actual Total Time": 22827.179, "Actual Rows": 5442751, "Actual Loops": 1, "Group By Key": ["lineitem.l_partkey", "lineitem.l_suppkey"], "Plans": [{"Node Type": "Bitmap Heap Scan", "Parent Relationship": "Outer", "Relation Name": "lineitem", "Alias": "lineitem", "Startup Cost": 314312.97, "Total Cost": 1865633.17, "Plan Rows": 9071680, "Plan Width": 24, "Actual Startup Time": 3934.987, "Actual Total Time": 11631.516, "Actual Rows": 9109641, "Actual Loops": 1, "Recheck Cond": "((l_shipdate >= '1993-01-01 00:00:00'::timestamp(0) without time zone) AND (l_shipdate < '1994-01-01 00:00:00'::timestamp without time zone)), (LLVM Optimized, Jit Execute)", "Rows Removed by Index Recheck": 0, "Exact Heap Blocks": 1252335, "Lossy Heap Blocks": 1252335, "Plans": [{"Node Type": "Bitmap Index Scan", "Parent Relationship": "Outer", "Index Name": "idx_lineitem_shipdate", "Startup Cost": 0.0, "Total Cost": 312045.05, "Plan Rows": 9071680, "Plan Width": 0, "Actual Startup Time": 3380.184, "Actual Total Time": 3380.184, "Actual Rows": 9109641, "Actual Loops": 1, "Index Cond": "((l_shipdate >= '1993-01-01 00:00:00'::timestamp(0) without time zone) AND (l_shipdate < '1994-01-01 00:00:00'::timestamp without time zone))"}]}]}, {"Node Type": "Hash", "Parent Relationship": "Inner", "Startup Cost": 263931.78, "Total Cost": 263931.78, "Plan Rows": 64552, "Plan Width": 32, "Actual Startup Time": 1704.881, "Actual Total Time": 1704.881, "Actual Rows": 86224, "Actual Loops": 1, "Hash Buckets": 65536, "Hash Batches": 1, "Original Hash Batches": 1, "Peak Memory Usage": 5389, "Plans": [{"Node Type": "Nested Loop", "Parent Relationship": "Outer", "Join Type": "Inner", "Startup Cost": 0.0, "Total Cost": 263931.78, "Plan Rows": 64552, "Plan Width": 32, "Actual Startup Time": 0.064, "Actual Total Time": 1667.709, "Actual Rows": 86224, "Actual Loops": 1, "Inner Unique": false, "Plans": [{"Node Type": "Index Scan", "Parent Relationship": "Outer", "Scan Direction": "Forward", "Index Name": "part_kpey", "Relation Name": "part", "Alias": "part", "Startup Cost": 0.0, "Total Cost": 105803.25, "Plan Rows": 22472, "Plan Width": 8, "Actual Startup Time": 0.051, "Actual Total Time": 1442.337, "Actual Rows": 21556, "Actual Loops": 1, "Filter": "((p_name)::text ~~ 'green%'::text)", "Rows Removed by Filter": 1978444}, {"Node Type": "Index Scan", "Parent Relationship": "Inner", "Scan Direction": "Forward", "Index Name": "idx_partsupp_partkey", "Relation Name": "partsupp", "Alias": "partsupp", "Startup Cost": 0.0, "Total Cost": 7.01, "Plan Rows": 3, "Plan Width": 24, "Actual Startup Time": 146.445, "Actual Total Time": 192.795, "Actual Rows": 86224, "Actual Loops": 21556, "Index Cond": "(ps_partkey = part.p_partkey)", "Rows Removed by Index Recheck": 0}]}]}]}, {"Node Type": "Hash", "Parent Relationship": "Inner", "Startup Cost": 2544.73, "Total Cost": 2544.73, "Plan Rows": 4000, "Plan Width": 59, "Actual Startup Time": 11.654, "Actual Total Time": 11.654, "Actual Rows": 3934, "Actual Loops": 1, "Hash Buckets": 32768, "Hash Batches": 1, "Original Hash Batches": 1, "Peak Memory Usage": 368, "Plans": [{"Node Type": "Nested Loop", "Parent Relationship": "Outer", "Join Type": "Inner", "Startup Cost": 95.25, "Total Cost": 2544.73, "Plan Rows": 4000, "Plan Width": 59, "Actual Startup Time": 1.074, "Actual Total Time": 10.102, "Actual Rows": 3934, "Actual Loops": 1, "Inner Unique": false, "Plans": [{"Node Type": "Index Scan", "Parent Relationship": "Outer", "Scan Direction": "Forward", "Index Name": "nation_pkey", "Relation Name": "nation", "Alias": "nation", "Startup Cost": 0.0, "Total Cost": 12.69, "Plan Rows": 1, "Plan Width": 4, "Actual Startup Time": 0.015, "Actual Total Time": 0.034, "Actual Rows": 1, "Actual Loops": 1, "Filter": "(n_name = 'ALGERIA'::bpchar)", "Rows Removed by Filter": 24}, {"Node Type": "Bitmap Heap Scan", "Parent Relationship": "Inner", "Relation Name": "supplier", "Alias": "supplier", "Startup Cost": 95.25, "Total Cost": 2492.04, "Plan Rows": 4000, "Plan Width": 63, "Actual Startup Time": 1.053, "Actual Total Time": 9.232, "Actual Rows": 3934, "Actual Loops": 1, "Recheck Cond": "(s_nationkey = nation.n_nationkey)", "Rows Removed by Index Recheck": 0, "Exact Heap Blocks": 1897, "Lossy Heap Blocks": 1897, "Plans": [{"Node Type": "Bitmap Index Scan", "Parent Relationship": "Outer", "Index Name": "idx_supplier_nation_key", "Startup Cost": 0.0, "Total Cost": 94.25, "Plan Rows": 4000, "Plan Width": 0, "Actual Startup Time": 0.767, "Actual Total Time": 0.767, "Actual Rows": 3934, "Actual Loops": 1, "Index Cond": "(s_nationkey = nation.n_nationkey)"}]}]}]}]}]}, "Triggers": [], "Planner Runtime": 2, "Total Runtime": 26172.979, "Unique SQL Id": 202076520}}, "(64, 98)": {"explain_plan": {"Plan": {"Node Type": "Sort", "Startup Cost": 2612723.68, "Total Cost": 2612728.68, "Plan Rows": 2000, "Plan Width": 51, "Sort Key": ["supplier.s_name"], "Plans": [{"Node Type": "Hash Join", "Parent Relationship": "Outer", "Join Type": "Right Semi", "Startup Cost": 2317764.31, "Total Cost": 2612614.02, "Plan Rows": 2000, "Plan Width": 51, "Inner Unique": false, "Hash Cond": "(lineitem.l_suppkey = supplier.s_suppkey)", "Plans": [{"Node Type": "Hash Join", "Parent Relationship": "Outer", "Join Type": "Inner", "Startup Cost": 2315180.96, "Total Cost": 2610010.67, "Plan Rows": 2, "Plan Width": 16, "Inner Unique": false, "Hash Cond": "((lineitem.l_partkey = partsupp.ps_partkey) AND (lineitem.l_suppkey = partsupp.ps_suppkey))", "Join Filter": "((partsupp.ps_availqty)::double precision > (.5::double precision * (sum(lineitem.l_quantity))))", "Plans": [{"Node Type": "Aggregate", "Strategy": "Hashed", "Parent Relationship": "Outer", "Startup Cost": 1956349.97, "Total Cost": 2069745.97, "Plan Rows": 9071680, "Plan Width": 40, "Group By Key": ["lineitem.l_partkey", "lineitem.l_suppkey"], "Plans": [{"Node Type": "Bitmap Heap Scan", "Parent Relationship": "Outer", "Relation Name": "lineitem", "Alias": "lineitem", "Startup Cost": 314312.97, "Total Cost": 1865633.17, "Plan Rows": 9071680, "Plan Width": 24, "Recheck Cond": "((l_shipdate >= '1993-01-01 00:00:00'::timestamp(0) without time zone) AND (l_shipdate < '1994-01-01 00:00:00'::timestamp without time zone)), (LLVM Optimized)", "Plans": [{"Node Type": "Bitmap Index Scan", "Parent Relationship": "Outer", "Index Name": "idx_lineitem_shipdate", "Startup Cost": 0.0, "Total Cost": 312045.05, "Plan Rows": 9071680, "Plan Width": 0, "Index Cond": "((l_shipdate >= '1993-01-01 00:00:00'::timestamp(0) without time zone) AND (l_shipdate < '1994-01-01 00:00:00'::timestamp without time zone))"}]}]}, {"Node Type": "Hash", "Parent Relationship": "Inner", "Startup Cost": 357862.71, "Total Cost": 357862.71, "Plan Rows": 64552, "Plan Width": 32, "Plans": [{"Node Type": "Hash Join", "Parent Relationship": "Outer", "Join Type": "Inner", "Startup Cost": 67224.9, "Total Cost": 357862.71, "Plan Rows": 64552, "Plan Width": 32, "Inner Unique": true, "Hash Cond": "(partsupp.ps_partkey = part.p_partkey)", "Plans": [{"Node Type": "Seq Scan", "Parent Relationship": "Outer", "Relation Name": "partsupp", "Alias": "partsupp", "Startup Cost": 0.0, "Total Cost": 269987.72, "Plan Rows": 8000372, "Plan Width": 24}, {"Node Type": "Hash", "Parent Relationship": "Inner", "Startup Cost": 66944.0, "Total Cost": 66944.0, "Plan Rows": 22472, "Plan Width": 8, "Plans": [{"Node Type": "Seq Scan", "Parent Relationship": "Outer", "Relation Name": "part", "Alias": "part", "Startup Cost": 0.0, "Total Cost": 66944.0, "Plan Rows": 22472, "Plan Width": 8, "Filter": "((p_name)::text ~~ 'green%'::text)"}]}]}]}]}, {"Node Type": "Hash", "Parent Relationship": "Inner", "Startup Cost": 2533.35, "Total Cost": 2533.35, "Plan Rows": 4000, "Plan Width": 59, "Plans": [{"Node Type": "Nested Loop", "Parent Relationship": "Outer", "Join Type": "Inner", "Startup Cost": 95.25, "Total Cost": 2533.35, "Plan Rows": 4000, "Plan Width": 59, "Inner Unique": false, "Plans": [{"Node Type": "Seq Scan", "Parent Relationship": "Outer", "Relation Name": "nation", "Alias": "nation", "Startup Cost": 0.0, "Total Cost": 1.31, "Plan Rows": 1, "Plan Width": 4, "Filter": "(n_name = 'ALGERIA'::bpchar)"}, {"Node Type": "Bitmap Heap Scan", "Parent Relationship": "Inner", "Relation Name": "supplier", "Alias": "supplier", "Startup Cost": 95.25, "Total Cost": 2492.04, "Plan Rows": 4000, "Plan Width": 63, "Recheck Cond": "(s_nationkey = nation.n_nationkey)", "Plans": [{"Node Type": "Bitmap Index Scan", "Parent Relationship": "Outer", "Index Name": "idx_supplier_nation_key", "Startup Cost": 0.0, "Total Cost": 94.25, "Plan Rows": 4000, "Plan Width": 0, "Index Cond": "(s_nationkey = nation.n_nationkey)"}]}]}]}]}]}, "Unique SQL Id": 202076520, "Planner Runtime": 2}, "explain_analyze_plan": {"Plan": {"Node Type": "Sort", "Startup Cost": 2612723.68, "Total Cost": 2612728.68, "Plan Rows": 2000, "Plan Width": 51, "Actual Startup Time": 30398.248, "Actual Total Time": 30398.396, "Actual Rows": 1746, "Actual Loops": 1, "Sort Key": ["supplier.s_name"], "Sort Method": "quicksort", "Sort Space Used": 309, "Sort Space Type": "Memory", "Plans": [{"Node Type": "Hash Join", "Parent Relationship": "Outer", "Join Type": "Right Semi", "Startup Cost": 2317764.31, "Total Cost": 2612614.02, "Plan Rows": 2000, "Plan Width": 51, "Actual Startup Time": 24808.711, "Actual Total Time": 30388.616, "Actual Rows": 1746, "Actual Loops": 1, "Inner Unique": false, "Hash Cond": "(lineitem.l_suppkey = supplier.s_suppkey)", "Plans": [{"Node Type": "Hash Join", "Parent Relationship": "Outer", "Join Type": "Inner", "Startup Cost": 2315180.96, "Total Cost": 2610010.67, "Plan Rows": 2, "Plan Width": 16, "Actual Startup Time": 24789.214, "Actual Total Time": 30356.903, "Actual Rows": 58537, "Actual Loops": 1, "Inner Unique": false, "Hash Cond": "((lineitem.l_partkey = partsupp.ps_partkey) AND (lineitem.l_suppkey = partsupp.ps_suppkey))", "Join Filter": "((partsupp.ps_availqty)::double precision > (.5::double precision * (sum(lineitem.l_quantity))))", "Rows Removed by Join Filter": 136, "Plans": [{"Node Type": "Aggregate", "Strategy": "Hashed", "Parent Relationship": "Outer", "Startup Cost": 1956349.97, "Total Cost": 2069745.97, "Plan Rows": 9071680, "Plan Width": 40, "Actual Startup Time": 19942.54, "Actual Total Time": 23957.898, "Actual Rows": 5442751, "Actual Loops": 1, "Group By Key": ["lineitem.l_partkey", "lineitem.l_suppkey"], "Plans": [{"Node Type": "Bitmap Heap Scan", "Parent Relationship": "Outer", "Relation Name": "lineitem", "Alias": "lineitem", "Startup Cost": 314312.97, "Total Cost": 1865633.17, "Plan Rows": 9071680, "Plan Width": 24, "Actual Startup Time": 4243.497, "Actual Total Time": 11941.504, "Actual Rows": 9109641, "Actual Loops": 1, "Recheck Cond": "((l_shipdate >= '1993-01-01 00:00:00'::timestamp(0) without time zone) AND (l_shipdate < '1994-01-01 00:00:00'::timestamp without time zone)), (LLVM Optimized, Jit Execute)", "Rows Removed by Index Recheck": 0, "Exact Heap Blocks": 1252335, "Lossy Heap Blocks": 1252335, "Plans": [{"Node Type": "Bitmap Index Scan", "Parent Relationship": "Outer", "Index Name": "idx_lineitem_shipdate", "Startup Cost": 0.0, "Total Cost": 312045.05, "Plan Rows": 9071680, "Plan Width": 0, "Actual Startup Time": 3615.342, "Actual Total Time": 3615.342, "Actual Rows": 9109641, "Actual Loops": 1, "Index Cond": "((l_shipdate >= '1993-01-01 00:00:00'::timestamp(0) without time zone) AND (l_shipdate < '1994-01-01 00:00:00'::timestamp without time zone))"}]}]}, {"Node Type": "Hash", "Parent Relationship": "Inner", "Startup Cost": 357862.71, "Total Cost": 357862.71, "Plan Rows": 64552, "Plan Width": 32, "Actual Startup Time": 4846.392, "Actual Total Time": 4846.392, "Actual Rows": 86224, "Actual Loops": 1, "Hash Buckets": 65536, "Hash Batches": 1, "Original Hash Batches": 1, "Peak Memory Usage": 5389, "Plans": [{"Node Type": "Hash Join", "Parent Relationship": "Outer", "Join Type": "Inner", "Startup Cost": 67224.9, "Total Cost": 357862.71, "Plan Rows": 64552, "Plan Width": 32, "Actual Startup Time": 818.835, "Actual Total Time": 4800.464, "Actual Rows": 86224, "Actual Loops": 1, "Inner Unique": true, "Hash Cond": "(partsupp.ps_partkey = part.p_partkey)", "Plans": [{"Node Type": "Seq Scan", "Parent Relationship": "Outer", "Relation Name": "partsupp", "Alias": "partsupp", "Startup Cost": 0.0, "Total Cost": 269987.72, "Plan Rows": 8000372, "Plan Width": 24, "Actual Startup Time": 0.015, "Actual Total Time": 2437.989, "Actual Rows": 8000000, "Actual Loops": 1}, {"Node Type": "Hash", "Parent Relationship": "Inner", "Startup Cost": 66944.0, "Total Cost": 66944.0, "Plan Rows": 22472, "Plan Width": 8, "Actual Startup Time": 818.655, "Actual Total Time": 818.655, "Actual Rows": 21556, "Actual Loops": 1, "Hash Buckets": 32768, "Hash Batches": 1, "Original Hash Batches": 1, "Peak Memory Usage": 843, "Plans": [{"Node Type": "Seq Scan", "Parent Relationship": "Outer", "Relation Name": "part", "Alias": "part", "Startup Cost": 0.0, "Total Cost": 66944.0, "Plan Rows": 22472, "Plan Width": 8, "Actual Startup Time": 0.036, "Actual Total Time": 809.264, "Actual Rows": 21556, "Actual Loops": 1, "Filter": "((p_name)::text ~~ 'green%'::text)", "Rows Removed by Filter": 1978444}]}]}]}]}, {"Node Type": "Hash", "Parent Relationship": "Inner", "Startup Cost": 2533.35, "Total Cost": 2533.35, "Plan Rows": 4000, "Plan Width": 59, "Actual Startup Time": 11.512, "Actual Total Time": 11.512, "Actual Rows": 3934, "Actual Loops": 1, "Hash Buckets": 32768, "Hash Batches": 1, "Original Hash Batches": 1, "Peak Memory Usage": 368, "Plans": [{"Node Type": "Nested Loop", "Parent Relationship": "Outer", "Join Type": "Inner", "Startup Cost": 95.25, "Total Cost": 2533.35, "Plan Rows": 4000, "Plan Width": 59, "Actual Startup Time": 1.073, "Actual Total Time": 10.095, "Actual Rows": 3934, "Actual Loops": 1, "Inner Unique": false, "Plans": [{"Node Type": "Seq Scan", "Parent Relationship": "Outer", "Relation Name": "nation", "Alias": "nation", "Startup Cost": 0.0, "Total Cost": 1.31, "Plan Rows": 1, "Plan Width": 4, "Actual Startup Time": 0.022, "Actual Total Time": 0.033, "Actual Rows": 1, "Actual Loops": 1, "Filter": "(n_name = 'ALGERIA'::bpchar)", "Rows Removed by Filter": 24}, {"Node Type": "Bitmap Heap Scan", "Parent Relationship": "Inner", "Relation Name": "supplier", "Alias": "supplier", "Startup Cost": 95.25, "Total Cost": 2492.04, "Plan Rows": 4000, "Plan Width": 63, "Actual Startup Time": 1.046, "Actual Total Time": 9.184, "Actual Rows": 3934, "Actual Loops": 1, "Recheck Cond": "(s_nationkey = nation.n_nationkey)", "Rows Removed by Index Recheck": 0, "Exact Heap Blocks": 1897, "Lossy Heap Blocks": 1897, "Plans": [{"Node Type": "Bitmap Index Scan", "Parent Relationship": "Outer", "Index Name": "idx_supplier_nation_key", "Startup Cost": 0.0, "Total Cost": 94.25, "Plan Rows": 4000, "Plan Width": 0, "Actual Startup Time": 0.744, "Actual Total Time": 0.744, "Actual Rows": 3934, "Actual Loops": 1, "Index Cond": "(s_nationkey = nation.n_nationkey)"}]}]}]}]}]}, "Triggers": [], "Planner Runtime": 2, "Total Runtime": 30409.547, "Unique SQL Id": 202076520}}, "(64, 99)": {"explain_plan": {"Plan": {"Node Type": "Sort", "Startup Cost": 41474309.17, "Total Cost": 41474314.17, "Plan Rows": 2000, "Plan Width": 51, "Sort Key": ["supplier.s_name"], "Plans": [{"Node Type": "Nested Loop", "Parent Relationship": "Outer", "Join Type": "Inner", "Startup Cost": 41260049.96, "Total Cost": 41474199.51, "Plan Rows": 2000, "Plan Width": 51, "Inner Unique": true, "Plans": [{"Node Type": "Nested Loop", "Parent Relationship": "Outer", "Join Type": "Inner", "Startup Cost": 41260049.7, "Total Cost": 41260058.01, "Plan Rows": 50000, "Plan Width": 55, "Inner Unique": true, "Plans": [{"Node Type": "Unique", "Parent Relationship": "Outer", "Startup Cost": 41260049.44, "Total Cost": 41260049.45, "Plan Rows": 2, "Plan Width": 16, "Plans": [{"Node Type": "Sort", "Parent Relationship": "Outer", "Startup Cost": 41260049.44, "Total Cost": 41260049.45, "Plan Rows": 2, "Plan Width": 16, "Sort Key": ["partsupp.ps_suppkey"], "Plans": [{"Node Type": "Nested Loop", "Parent Relationship": "Outer", "Join Type": "Semi", "Startup Cost": 1956350.51, "Total Cost": 41260049.43, "Plan Rows": 2, "Plan Width": 16, "Inner Unique": false, "Join Filter": "(partsupp.ps_partkey = part.p_partkey)", "Plans": [{"Node Type": "Nested Loop", "Parent Relationship": "Outer", "Join Type": "Inner", "Startup Cost": 1956350.25, "Total Cost": 41259981.09, "Plan Rows": 15, "Plan Width": 32, "Inner Unique": true, "Plans": [{"Node Type": "Aggregate", "Strategy": "Hashed", "Parent Relationship": "Outer", "Startup Cost": 1956349.97, "Total Cost": 2069745.97, "Plan Rows": 9071680, "Plan Width": 40, "Group By Key": ["lineitem.l_partkey", "lineitem.l_suppkey"], "Plans": [{"Node Type": "Bitmap Heap Scan", "Parent Relationship": "Outer", "Relation Name": "lineitem", "Alias": "lineitem", "Startup Cost": 314312.97, "Total Cost": 1865633.17, "Plan Rows": 9071680, "Plan Width": 24, "Recheck Cond": "((l_shipdate >= '1993-01-01 00:00:00'::timestamp(0) without time zone) AND (l_shipdate < '1994-01-01 00:00:00'::timestamp without time zone)), (LLVM Optimized)", "Plans": [{"Node Type": "Bitmap Index Scan", "Parent Relationship": "Outer", "Index Name": "idx_lineitem_shipdate", "Startup Cost": 0.0, "Total Cost": 312045.05, "Plan Rows": 9071680, "Plan Width": 0, "Index Cond": "((l_shipdate >= '1993-01-01 00:00:00'::timestamp(0) without time zone) AND (l_shipdate < '1994-01-01 00:00:00'::timestamp without time zone))"}]}]}, {"Node Type": "Bitmap Heap Scan", "Parent Relationship": "Inner", "Relation Name": "partsupp", "Alias": "partsupp", "Startup Cost": 0.28, "Total Cost": 4.3, "Plan Rows": 1, "Plan Width": 24, "Recheck Cond": "((ps_partkey = lineitem.l_partkey) AND (ps_suppkey = lineitem.l_suppkey))", "Filter": "((ps_availqty)::double precision > (.5::double precision * (sum(lineitem.l_quantity))))", "Plans": [{"Node Type": "Bitmap Index Scan", "Parent Relationship": "Outer", "Index Name": "partsupp_pkey", "Startup Cost": 0.0, "Total Cost": 0.28, "Plan Rows": 1, "Plan Width": 0, "Index Cond": "((ps_partkey = lineitem.l_partkey) AND (ps_suppkey = lineitem.l_suppkey))"}]}]}, {"Node Type": "Bitmap Heap Scan", "Parent Relationship": "Inner", "Relation Name": "part", "Alias": "part", "Startup Cost": 0.26, "Total Cost": 4.28, "Plan Rows": 1, "Plan Width": 8, "Recheck Cond": "(p_partkey = lineitem.l_partkey)", "Filter": "((p_name)::text ~~ 'green%'::text)", "Plans": [{"Node Type": "Bitmap Index Scan", "Parent Relationship": "Outer", "Index Name": "part_kpey", "Startup Cost": 0.0, "Total Cost": 0.26, "Plan Rows": 1, "Plan Width": 0, "Index Cond": "(p_partkey = lineitem.l_partkey)"}]}]}]}]}, {"Node Type": "Bitmap Heap Scan", "Parent Relationship": "Inner", "Relation Name": "supplier", "Alias": "supplier", "Startup Cost": 0.26, "Total Cost": 4.27, "Plan Rows": 1, "Plan Width": 63, "Recheck Cond": "(s_suppkey = lineitem.l_suppkey)", "Plans": [{"Node Type": "Bitmap Index Scan", "Parent Relationship": "Outer", "Index Name": "supplier_pkey", "Startup Cost": 0.0, "Total Cost": 0.26, "Plan Rows": 1, "Plan Width": 0, "Index Cond": "(s_suppkey = lineitem.l_suppkey)"}]}]}, {"Node Type": "Bitmap Heap Scan", "Parent Relationship": "Inner", "Relation Name": "nation", "Alias": "nation", "Startup Cost": 0.26, "Total Cost": 4.27, "Plan Rows": 1, "Plan Width": 4, "Recheck Cond": "(n_nationkey = supplier.s_nationkey)", "Filter": "(n_name = 'ALGERIA'::bpchar)", "Plans": [{"Node Type": "Bitmap Index Scan", "Parent Relationship": "Outer", "Index Name": "nation_pkey", "Startup Cost": 0.0, "Total Cost": 0.26, "Plan Rows": 1, "Plan Width": 0, "Index Cond": "(n_nationkey = supplier.s_nationkey)"}]}]}]}, "Unique SQL Id": 202076520, "Planner Runtime": 2}, "explain_analyze_plan": {"Plan": {"Node Type": "Sort", "Startup Cost": 41474309.17, "Total Cost": 41474314.17, "Plan Rows": 2000, "Plan Width": 51, "Actual Startup Time": 122895.801, "Actual Total Time": 122895.962, "Actual Rows": 1746, "Actual Loops": 1, "Sort Key": ["supplier.s_name"], "Sort Method": "quicksort", "Sort Space Used": 309, "Sort Space Type": "Memory", "Plans": [{"Node Type": "Nested Loop", "Parent Relationship": "Outer", "Join Type": "Inner", "Startup Cost": 41260049.96, "Total Cost": 41474199.51, "Plan Rows": 2000, "Plan Width": 51, "Actual Startup Time": 122484.703, "Actual Total Time": 122893.842, "Actual Rows": 1746, "Actual Loops": 1, "Inner Unique": true, "Plans": [{"Node Type": "Nested Loop", "Parent Relationship": "Outer", "Join Type": "Inner", "Startup Cost": 41260049.7, "Total Cost": 41260058.01, "Plan Rows": 50000, "Plan Width": 55, "Actual Startup Time": 122484.344, "Actual Total Time": 122721.997, "Actual Rows": 44487, "Actual Loops": 1, "Inner Unique": true, "Plans": [{"Node Type": "Unique", "Parent Relationship": "Outer", "Startup Cost": 41260049.44, "Total Cost": 41260049.45, "Plan Rows": 2, "Plan Width": 16, "Actual Startup Time": 122484.301, "Actual Total Time": 122514.18, "Actual Rows": 44487, "Actual Loops": 1, "Plans": [{"Node Type": "Sort", "Parent Relationship": "Outer", "Startup Cost": 41260049.44, "Total Cost": 41260049.45, "Plan Rows": 2, "Plan Width": 16, "Actual Startup Time": 122484.297, "Actual Total Time": 122495.718, "Actual Rows": 58537, "Actual Loops": 1, "Sort Key": ["partsupp.ps_suppkey"], "Sort Method": "quicksort", "Sort Space Used": 7024, "Sort Space Type": "Memory", "Plans": [{"Node Type": "Nested Loop", "Parent Relationship": "Outer", "Join Type": "Semi", "Startup Cost": 1956350.51, "Total Cost": 41260049.43, "Plan Rows": 2, "Plan Width": 16, "Actual Startup Time": 18667.862, "Actual Total Time": 122403.43, "Actual Rows": 58537, "Actual Loops": 1, "Inner Unique": false, "Join Filter": "(partsupp.ps_partkey = part.p_partkey)", "Rows Removed by Join Filter": 0, "Plans": [{"Node Type": "Nested Loop", "Parent Relationship": "Outer", "Join Type": "Inner", "Startup Cost": 1956350.25, "Total Cost": 41259981.09, "Plan Rows": 15, "Plan Width": 32, "Actual Startup Time": 18667.485, "Actual Total Time": 76318.413, "Actual Rows": 5431247, "Actual Loops": 1, "Inner Unique": true, "Plans": [{"Node Type": "Aggregate", "Strategy": "Hashed", "Parent Relationship": "Outer", "Startup Cost": 1956349.97, "Total Cost": 2069745.97, "Plan Rows": 9071680, "Plan Width": 40, "Actual Startup Time": 18667.332, "Actual Total Time": 23320.171, "Actual Rows": 5442751, "Actual Loops": 1, "Group By Key": ["lineitem.l_partkey", "lineitem.l_suppkey"], "Plans": [{"Node Type": "Bitmap Heap Scan", "Parent Relationship": "Outer", "Relation Name": "lineitem", "Alias": "lineitem", "Startup Cost": 314312.97, "Total Cost": 1865633.17, "Plan Rows": 9071680, "Plan Width": 24, "Actual Startup Time": 4229.766, "Actual Total Time": 11960.542, "Actual Rows": 9109641, "Actual Loops": 1, "Recheck Cond": "((l_shipdate >= '1993-01-01 00:00:00'::timestamp(0) without time zone) AND (l_shipdate < '1994-01-01 00:00:00'::timestamp without time zone)), (LLVM Optimized, Jit Execute)", "Rows Removed by Index Recheck": 0, "Exact Heap Blocks": 1252335, "Lossy Heap Blocks": 1252335, "Plans": [{"Node Type": "Bitmap Index Scan", "Parent Relationship": "Outer", "Index Name": "idx_lineitem_shipdate", "Startup Cost": 0.0, "Total Cost": 312045.05, "Plan Rows": 9071680, "Plan Width": 0, "Actual Startup Time": 3607.483, "Actual Total Time": 3607.483, "Actual Rows": 9109641, "Actual Loops": 1, "Index Cond": "((l_shipdate >= '1993-01-01 00:00:00'::timestamp(0) without time zone) AND (l_shipdate < '1994-01-01 00:00:00'::timestamp without time zone))"}]}]}, {"Node Type": "Bitmap Heap Scan", "Parent Relationship": "Inner", "Relation Name": "partsupp", "Alias": "partsupp", "Startup Cost": 0.28, "Total Cost": 4.3, "Plan Rows": 1, "Plan Width": 24, "Actual Startup Time": 45151.232, "Actual Total Time": 45151.232, "Actual Rows": 5431247, "Actual Loops": 5442751, "Recheck Cond": "((ps_partkey = lineitem.l_partkey) AND (ps_suppkey = lineitem.l_suppkey))", "Rows Removed by Index Recheck": 0, "Filter": "((ps_availqty)::double precision > (.5::double precision * (sum(lineitem.l_quantity))))", "Rows Removed by Filter": 11504, "Exact Heap Blocks": 5442751, "Lossy Heap Blocks": 5442751, "Plans": [{"Node Type": "Bitmap Index Scan", "Parent Relationship": "Outer", "Index Name": "partsupp_pkey", "Startup Cost": 0.0, "Total Cost": 0.28, "Plan Rows": 1, "Plan Width": 0, "Actual Startup Time": 27667.53, "Actual Total Time": 27667.53, "Actual Rows": 5442751, "Actual Loops": 5442751, "Index Cond": "((ps_partkey = lineitem.l_partkey) AND (ps_suppkey = lineitem.l_suppkey))"}]}]}, {"Node Type": "Bitmap Heap Scan", "Parent Relationship": "Inner", "Relation Name": "part", "Alias": "part", "Startup Cost": 0.26, "Total Cost": 4.28, "Plan Rows": 1, "Plan Width": 8, "Actual Startup Time": 39761.268, "Actual Total Time": 39761.268, "Actual Rows": 58537, "Actual Loops": 5431247, "Recheck Cond": "(p_partkey = lineitem.l_partkey)", "Rows Removed by Index Recheck": 0, "Filter": "((p_name)::text ~~ 'green%'::text)", "Rows Removed by Filter": 5372710, "Exact Heap Blocks": 5431247, "Lossy Heap Blocks": 5431247, "Plans": [{"Node Type": "Bitmap Index Scan", "Parent Relationship": "Outer", "Index Name": "part_kpey", "Startup Cost": 0.0, "Total Cost": 0.26, "Plan Rows": 1, "Plan Width": 0, "Actual Startup Time": 23528.84, "Actual Total Time": 23528.84, "Actual Rows": 5431247, "Actual Loops": 5431247, "Index Cond": "(p_partkey = lineitem.l_partkey)"}]}]}]}]}, {"Node Type": "Bitmap Heap Scan", "Parent Relationship": "Inner", "Relation Name": "supplier", "Alias": "supplier", "Startup Cost": 0.26, "Total Cost": 4.27, "Plan Rows": 1, "Plan Width": 63, "Actual Startup Time": 147.97, "Actual Total Time": 147.97, "Actual Rows": 44487, "Actual Loops": 44487, "Recheck Cond": "(s_suppkey = lineitem.l_suppkey)", "Rows Removed by Index Recheck": 0, "Exact Heap Blocks": 44487, "Lossy Heap Blocks": 44487, "Plans": [{"Node Type": "Bitmap Index Scan", "Parent Relationship": "Outer", "Index Name": "supplier_pkey", "Startup Cost": 0.0, "Total Cost": 0.26, "Plan Rows": 1, "Plan Width": 0, "Actual Startup Time": 82.176, "Actual Total Time": 82.176, "Actual Rows": 44487, "Actual Loops": 44487, "Index Cond": "(s_suppkey = lineitem.l_suppkey)"}]}]}, {"Node Type": "Bitmap Heap Scan", "Parent Relationship": "Inner", "Relation Name": "nation", "Alias": "nation", "Startup Cost": 0.26, "Total Cost": 4.27, "Plan Rows": 1, "Plan Width": 4, "Actual Startup Time": 121.742, "Actual Total Time": 121.742, "Actual Rows": 1746, "Actual Loops": 44487, "Recheck Cond": "(n_nationkey = supplier.s_nationkey)", "Rows Removed by Index Recheck": 0, "Filter": "(n_name = 'ALGERIA'::bpchar)", "Rows Removed by Filter": 42741, "Exact Heap Blocks": 44487, "Lossy Heap Blocks": 44487, "Plans": [{"Node Type": "Bitmap Index Scan", "Parent Relationship": "Outer", "Index Name": "nation_pkey", "Startup Cost": 0.0, "Total Cost": 0.26, "Plan Rows": 1, "Plan Width": 0, "Actual Startup Time": 45.415, "Actual Total Time": 45.415, "Actual Rows": 44487, "Actual Loops": 44487, "Index Cond": "(n_nationkey = supplier.s_nationkey)"}]}]}]}, "Triggers": [], "Planner Runtime": 2, "Total Runtime": 122906.738, "Unique SQL Id": 202076520}}, "(64, 100)": {"explain_plan": {"Plan": {"Node Type": "Sort", "Startup Cost": 2479933.5, "Total Cost": 2479938.5, "Plan Rows": 2000, "Plan Width": 51, "Sort Key": ["supplier.s_name"], "Plans": [{"Node Type": "Hash Join", "Parent Relationship": "Outer", "Join Type": "Right Semi", "Startup Cost": 2184974.13, "Total Cost": 2479823.85, "Plan Rows": 2000, "Plan Width": 51, "Inner Unique": false, "Hash Cond": "(lineitem.l_suppkey = supplier.s_suppkey)", "Plans": [{"Node Type": "Hash Join", "Parent Relationship": "Outer", "Join Type": "Inner", "Startup Cost": 2182390.78, "Total Cost": 2477220.49, "Plan Rows": 2, "Plan Width": 16, "Inner Unique": false, "Hash Cond": "((lineitem.l_partkey = partsupp.ps_partkey) AND (lineitem.l_suppkey = partsupp.ps_suppkey))", "Join Filter": "((partsupp.ps_availqty)::double precision > (.5::double precision * (sum(lineitem.l_quantity))))", "Plans": [{"Node Type": "Aggregate", "Strategy": "Hashed", "Parent Relationship": "Outer", "Startup Cost": 1956349.97, "Total Cost": 2069745.97, "Plan Rows": 9071680, "Plan Width": 40, "Group By Key": ["lineitem.l_partkey", "lineitem.l_suppkey"], "Plans": [{"Node Type": "Bitmap Heap Scan", "Parent Relationship": "Outer", "Relation Name": "lineitem", "Alias": "lineitem", "Startup Cost": 314312.97, "Total Cost": 1865633.17, "Plan Rows": 9071680, "Plan Width": 24, "Recheck Cond": "((l_shipdate >= '1993-01-01 00:00:00'::timestamp(0) without time zone) AND (l_shipdate < '1994-01-01 00:00:00'::timestamp without time zone)), (LLVM Optimized)", "Plans": [{"Node Type": "Bitmap Index Scan", "Parent Relationship": "Outer", "Index Name": "idx_lineitem_shipdate", "Startup Cost": 0.0, "Total Cost": 312045.05, "Plan Rows": 9071680, "Plan Width": 0, "Index Cond": "((l_shipdate >= '1993-01-01 00:00:00'::timestamp(0) without time zone) AND (l_shipdate < '1994-01-01 00:00:00'::timestamp without time zone))"}]}]}, {"Node Type": "Hash", "Parent Relationship": "Inner", "Startup Cost": 225072.53, "Total Cost": 225072.53, "Plan Rows": 64552, "Plan Width": 32, "Plans": [{"Node Type": "Nested Loop", "Parent Relationship": "Outer", "Join Type": "Inner", "Startup Cost": 0.0, "Total Cost": 225072.53, "Plan Rows": 64552, "Plan Width": 32, "Inner Unique": false, "Plans": [{"Node Type": "Seq Scan", "Parent Relationship": "Outer", "Relation Name": "part", "Alias": "part", "Startup Cost": 0.0, "Total Cost": 66944.0, "Plan Rows": 22472, "Plan Width": 8, "Filter": "((p_name)::text ~~ 'green%'::text)"}, {"Node Type": "Index Scan", "Parent Relationship": "Inner", "Scan Direction": "Forward", "Index Name": "idx_partsupp_partkey", "Relation Name": "partsupp", "Alias": "partsupp", "Startup Cost": 0.0, "Total Cost": 7.01, "Plan Rows": 3, "Plan Width": 24, "Index Cond": "(ps_partkey = part.p_partkey)"}]}]}]}, {"Node Type": "Hash", "Parent Relationship": "Inner", "Startup Cost": 2533.35, "Total Cost": 2533.35, "Plan Rows": 4000, "Plan Width": 59, "Plans": [{"Node Type": "Nested Loop", "Parent Relationship": "Outer", "Join Type": "Inner", "Startup Cost": 95.25, "Total Cost": 2533.35, "Plan Rows": 4000, "Plan Width": 59, "Inner Unique": false, "Plans": [{"Node Type": "Seq Scan", "Parent Relationship": "Outer", "Relation Name": "nation", "Alias": "nation", "Startup Cost": 0.0, "Total Cost": 1.31, "Plan Rows": 1, "Plan Width": 4, "Filter": "(n_name = 'ALGERIA'::bpchar)"}, {"Node Type": "Bitmap Heap Scan", "Parent Relationship": "Inner", "Relation Name": "supplier", "Alias": "supplier", "Startup Cost": 95.25, "Total Cost": 2492.04, "Plan Rows": 4000, "Plan Width": 63, "Recheck Cond": "(s_nationkey = nation.n_nationkey)", "Plans": [{"Node Type": "Bitmap Index Scan", "Parent Relationship": "Outer", "Index Name": "idx_supplier_nation_key", "Startup Cost": 0.0, "Total Cost": 94.25, "Plan Rows": 4000, "Plan Width": 0, "Index Cond": "(s_nationkey = nation.n_nationkey)"}]}]}]}]}]}, "Unique SQL Id": 202076520, "Planner Runtime": 2}, "explain_analyze_plan": {"Plan": {"Node Type": "Sort", "Startup Cost": 2479933.5, "Total Cost": 2479938.5, "Plan Rows": 2000, "Plan Width": 51, "Actual Startup Time": 25670.609, "Actual Total Time": 25670.777, "Actual Rows": 1746, "Actual Loops": 1, "Sort Key": ["supplier.s_name"], "Sort Method": "quicksort", "Sort Space Used": 309, "Sort Space Type": "Memory", "Plans": [{"Node Type": "Hash Join", "Parent Relationship": "Outer", "Join Type": "Right Semi", "Startup Cost": 2184974.13, "Total Cost": 2479823.85, "Plan Rows": 2000, "Plan Width": 51, "Actual Startup Time": 19874.966, "Actual Total Time": 25660.869, "Actual Rows": 1746, "Actual Loops": 1, "Inner Unique": false, "Hash Cond": "(lineitem.l_suppkey = supplier.s_suppkey)", "Plans": [{"Node Type": "Hash Join", "Parent Relationship": "Outer", "Join Type": "Inner", "Startup Cost": 2182390.78, "Total Cost": 2477220.49, "Plan Rows": 2, "Plan Width": 16, "Actual Startup Time": 19858.177, "Actual Total Time": 25630.099, "Actual Rows": 58537, "Actual Loops": 1, "Inner Unique": false, "Hash Cond": "((lineitem.l_partkey = partsupp.ps_partkey) AND (lineitem.l_suppkey = partsupp.ps_suppkey))", "Join Filter": "((partsupp.ps_availqty)::double precision > (.5::double precision * (sum(lineitem.l_quantity))))", "Rows Removed by Join Filter": 136, "Plans": [{"Node Type": "Aggregate", "Strategy": "Hashed", "Parent Relationship": "Outer", "Startup Cost": 1956349.97, "Total Cost": 2069745.97, "Plan Rows": 9071680, "Plan Width": 40, "Actual Startup Time": 18891.69, "Actual Total Time": 23080.121, "Actual Rows": 5442751, "Actual Loops": 1, "Group By Key": ["lineitem.l_partkey", "lineitem.l_suppkey"], "Plans": [{"Node Type": "Bitmap Heap Scan", "Parent Relationship": "Outer", "Relation Name": "lineitem", "Alias": "lineitem", "Startup Cost": 314312.97, "Total Cost": 1865633.17, "Plan Rows": 9071680, "Plan Width": 24, "Actual Startup Time": 4025.947, "Actual Total Time": 11800.709, "Actual Rows": 9109641, "Actual Loops": 1, "Recheck Cond": "((l_shipdate >= '1993-01-01 00:00:00'::timestamp(0) without time zone) AND (l_shipdate < '1994-01-01 00:00:00'::timestamp without time zone)), (LLVM Optimized, Jit Execute)", "Rows Removed by Index Recheck": 0, "Exact Heap Blocks": 1252335, "Lossy Heap Blocks": 1252335, "Plans": [{"Node Type": "Bitmap Index Scan", "Parent Relationship": "Outer", "Index Name": "idx_lineitem_shipdate", "Startup Cost": 0.0, "Total Cost": 312045.05, "Plan Rows": 9071680, "Plan Width": 0, "Actual Startup Time": 3378.209, "Actual Total Time": 3378.209, "Actual Rows": 9109641, "Actual Loops": 1, "Index Cond": "((l_shipdate >= '1993-01-01 00:00:00'::timestamp(0) without time zone) AND (l_shipdate < '1994-01-01 00:00:00'::timestamp without time zone))"}]}]}, {"Node Type": "Hash", "Parent Relationship": "Inner", "Startup Cost": 225072.53, "Total Cost": 225072.53, "Plan Rows": 64552, "Plan Width": 32, "Actual Startup Time": 966.267, "Actual Total Time": 966.267, "Actual Rows": 86224, "Actual Loops": 1, "Hash Buckets": 65536, "Hash Batches": 1, "Original Hash Batches": 1, "Peak Memory Usage": 5389, "Plans": [{"Node Type": "Nested Loop", "Parent Relationship": "Outer", "Join Type": "Inner", "Startup Cost": 0.0, "Total Cost": 225072.53, "Plan Rows": 64552, "Plan Width": 32, "Actual Startup Time": 0.082, "Actual Total Time": 933.817, "Actual Rows": 86224, "Actual Loops": 1, "Inner Unique": false, "Plans": [{"Node Type": "Seq Scan", "Parent Relationship": "Outer", "Relation Name": "part", "Alias": "part", "Startup Cost": 0.0, "Total Cost": 66944.0, "Plan Rows": 22472, "Plan Width": 8, "Actual Startup Time": 0.046, "Actual Total Time": 751.205, "Actual Rows": 21556, "Actual Loops": 1, "Filter": "((p_name)::text ~~ 'green%'::text)", "Rows Removed by Filter": 1978444}, {"Node Type": "Index Scan", "Parent Relationship": "Inner", "Scan Direction": "Forward", "Index Name": "idx_partsupp_partkey", "Relation Name": "partsupp", "Alias": "partsupp", "Startup Cost": 0.0, "Total Cost": 7.01, "Plan Rows": 3, "Plan Width": 24, "Actual Startup Time": 110.405, "Actual Total Time": 150.263, "Actual Rows": 86224, "Actual Loops": 21556, "Index Cond": "(ps_partkey = part.p_partkey)", "Rows Removed by Index Recheck": 0}]}]}]}, {"Node Type": "Hash", "Parent Relationship": "Inner", "Startup Cost": 2533.35, "Total Cost": 2533.35, "Plan Rows": 4000, "Plan Width": 59, "Actual Startup Time": 8.413, "Actual Total Time": 8.413, "Actual Rows": 3934, "Actual Loops": 1, "Hash Buckets": 32768, "Hash Batches": 1, "Original Hash Batches": 1, "Peak Memory Usage": 368, "Plans": [{"Node Type": "Nested Loop", "Parent Relationship": "Outer", "Join Type": "Inner", "Startup Cost": 95.25, "Total Cost": 2533.35, "Plan Rows": 4000, "Plan Width": 59, "Actual Startup Time": 1.333, "Actual Total Time": 7.002, "Actual Rows": 3934, "Actual Loops": 1, "Inner Unique": false, "Plans": [{"Node Type": "Seq Scan", "Parent Relationship": "Outer", "Relation Name": "nation", "Alias": "nation", "Startup Cost": 0.0, "Total Cost": 1.31, "Plan Rows": 1, "Plan Width": 4, "Actual Startup Time": 0.026, "Actual Total Time": 0.044, "Actual Rows": 1, "Actual Loops": 1, "Filter": "(n_name = 'ALGERIA'::bpchar)", "Rows Removed by Filter": 24}, {"Node Type": "Bitmap Heap Scan", "Parent Relationship": "Inner", "Relation Name": "supplier", "Alias": "supplier", "Startup Cost": 95.25, "Total Cost": 2492.04, "Plan Rows": 4000, "Plan Width": 63, "Actual Startup Time": 1.299, "Actual Total Time": 6.171, "Actual Rows": 3934, "Actual Loops": 1, "Recheck Cond": "(s_nationkey = nation.n_nationkey)", "Rows Removed by Index Recheck": 0, "Exact Heap Blocks": 1897, "Lossy Heap Blocks": 1897, "Plans": [{"Node Type": "Bitmap Index Scan", "Parent Relationship": "Outer", "Index Name": "idx_supplier_nation_key", "Startup Cost": 0.0, "Total Cost": 94.25, "Plan Rows": 4000, "Plan Width": 0, "Actual Startup Time": 0.986, "Actual Total Time": 0.986, "Actual Rows": 3934, "Actual Loops": 1, "Index Cond": "(s_nationkey = nation.n_nationkey)"}]}]}]}]}]}, "Triggers": [], "Planner Runtime": 2, "Total Runtime": 25682.348, "Unique SQL Id": 202076520}}, "(64, 101)": {"explain_plan": {"Plan": {"Node Type": "Sort", "Startup Cost": 2518804.13, "Total Cost": 2518809.13, "Plan Rows": 2000, "Plan Width": 51, "Sort Key": ["supplier.s_name"], "Plans": [{"Node Type": "Hash Join", "Parent Relationship": "Outer", "Join Type": "Right Semi", "Startup Cost": 2223844.76, "Total Cost": 2518694.47, "Plan Rows": 2000, "Plan Width": 51, "Inner Unique": false, "Hash Cond": "(lineitem.l_suppkey = supplier.s_suppkey)", "Plans": [{"Node Type": "Hash Join", "Parent Relationship": "Outer", "Join Type": "Inner", "Startup Cost": 2221250.03, "Total Cost": 2516079.74, "Plan Rows": 2, "Plan Width": 16, "Inner Unique": false, "Hash Cond": "((lineitem.l_partkey = partsupp.ps_partkey) AND (lineitem.l_suppkey = partsupp.ps_suppkey))", "Join Filter": "((partsupp.ps_availqty)::double precision > (.5::double precision * (sum(lineitem.l_quantity))))", "Plans": [{"Node Type": "Aggregate", "Strategy": "Hashed", "Parent Relationship": "Outer", "Startup Cost": 1956349.97, "Total Cost": 2069745.97, "Plan Rows": 9071680, "Plan Width": 40, "Group By Key": ["lineitem.l_partkey", "lineitem.l_suppkey"], "Plans": [{"Node Type": "Bitmap Heap Scan", "Parent Relationship": "Outer", "Relation Name": "lineitem", "Alias": "lineitem", "Startup Cost": 314312.97, "Total Cost": 1865633.17, "Plan Rows": 9071680, "Plan Width": 24, "Recheck Cond": "((l_shipdate >= '1993-01-01 00:00:00'::timestamp(0) without time zone) AND (l_shipdate < '1994-01-01 00:00:00'::timestamp without time zone)), (LLVM Optimized)", "Plans": [{"Node Type": "Bitmap Index Scan", "Parent Relationship": "Outer", "Index Name": "idx_lineitem_shipdate", "Startup Cost": 0.0, "Total Cost": 312045.05, "Plan Rows": 9071680, "Plan Width": 0, "Index Cond": "((l_shipdate >= '1993-01-01 00:00:00'::timestamp(0) without time zone) AND (l_shipdate < '1994-01-01 00:00:00'::timestamp without time zone))"}]}]}, {"Node Type": "Hash", "Parent Relationship": "Inner", "Startup Cost": 263931.78, "Total Cost": 263931.78, "Plan Rows": 64552, "Plan Width": 32, "Plans": [{"Node Type": "Nested Loop", "Parent Relationship": "Outer", "Join Type": "Inner", "Startup Cost": 0.0, "Total Cost": 263931.78, "Plan Rows": 64552, "Plan Width": 32, "Inner Unique": false, "Plans": [{"Node Type": "Index Scan", "Parent Relationship": "Outer", "Scan Direction": "Forward", "Index Name": "part_kpey", "Relation Name": "part", "Alias": "part", "Startup Cost": 0.0, "Total Cost": 105803.25, "Plan Rows": 22472, "Plan Width": 8, "Filter": "((p_name)::text ~~ 'green%'::text)"}, {"Node Type": "Index Scan", "Parent Relationship": "Inner", "Scan Direction": "Forward", "Index Name": "idx_partsupp_partkey", "Relation Name": "partsupp", "Alias": "partsupp", "Startup Cost": 0.0, "Total Cost": 7.01, "Plan Rows": 3, "Plan Width": 24, "Index Cond": "(ps_partkey = part.p_partkey)"}]}]}]}, {"Node Type": "Hash", "Parent Relationship": "Inner", "Startup Cost": 2544.73, "Total Cost": 2544.73, "Plan Rows": 4000, "Plan Width": 59, "Plans": [{"Node Type": "Nested Loop", "Parent Relationship": "Outer", "Join Type": "Inner", "Startup Cost": 95.25, "Total Cost": 2544.73, "Plan Rows": 4000, "Plan Width": 59, "Inner Unique": false, "Plans": [{"Node Type": "Index Scan", "Parent Relationship": "Outer", "Scan Direction": "Forward", "Index Name": "nation_pkey", "Relation Name": "nation", "Alias": "nation", "Startup Cost": 0.0, "Total Cost": 12.69, "Plan Rows": 1, "Plan Width": 4, "Filter": "(n_name = 'ALGERIA'::bpchar)"}, {"Node Type": "Bitmap Heap Scan", "Parent Relationship": "Inner", "Relation Name": "supplier", "Alias": "supplier", "Startup Cost": 95.25, "Total Cost": 2492.04, "Plan Rows": 4000, "Plan Width": 63, "Recheck Cond": "(s_nationkey = nation.n_nationkey)", "Plans": [{"Node Type": "Bitmap Index Scan", "Parent Relationship": "Outer", "Index Name": "idx_supplier_nation_key", "Startup Cost": 0.0, "Total Cost": 94.25, "Plan Rows": 4000, "Plan Width": 0, "Index Cond": "(s_nationkey = nation.n_nationkey)"}]}]}]}]}]}, "Unique SQL Id": 202076520, "Planner Runtime": 2}, "explain_analyze_plan": {"Plan": {"Node Type": "Sort", "Startup Cost": 2518804.13, "Total Cost": 2518809.13, "Plan Rows": 2000, "Plan Width": 51, "Actual Startup Time": 26161.176, "Actual Total Time": 26161.36, "Actual Rows": 1746, "Actual Loops": 1, "Sort Key": ["supplier.s_name"], "Sort Method": "quicksort", "Sort Space Used": 309, "Sort Space Type": "Memory", "Plans": [{"Node Type": "Hash Join", "Parent Relationship": "Outer", "Join Type": "Right Semi", "Startup Cost": 2223844.76, "Total Cost": 2518694.47, "Plan Rows": 2000, "Plan Width": 51, "Actual Startup Time": 21041.523, "Actual Total Time": 26151.288, "Actual Rows": 1746, "Actual Loops": 1, "Inner Unique": false, "Hash Cond": "(lineitem.l_suppkey = supplier.s_suppkey)", "Plans": [{"Node Type": "Hash Join", "Parent Relationship": "Outer", "Join Type": "Inner", "Startup Cost": 2221250.03, "Total Cost": 2516079.74, "Plan Rows": 2, "Plan Width": 16, "Actual Startup Time": 21022.943, "Actual Total Time": 26120.043, "Actual Rows": 58537, "Actual Loops": 1, "Inner Unique": false, "Hash Cond": "((lineitem.l_partkey = partsupp.ps_partkey) AND (lineitem.l_suppkey = partsupp.ps_suppkey))", "Join Filter": "((partsupp.ps_availqty)::double precision > (.5::double precision * (sum(lineitem.l_quantity))))", "Rows Removed by Join Filter": 136, "Plans": [{"Node Type": "Aggregate", "Strategy": "Hashed", "Parent Relationship": "Outer", "Startup Cost": 1956349.97, "Total Cost": 2069745.97, "Plan Rows": 9071680, "Plan Width": 40, "Actual Startup Time": 19317.429, "Actual Total Time": 22827.179, "Actual Rows": 5442751, "Actual Loops": 1, "Group By Key": ["lineitem.l_partkey", "lineitem.l_suppkey"], "Plans": [{"Node Type": "Bitmap Heap Scan", "Parent Relationship": "Outer", "Relation Name": "lineitem", "Alias": "lineitem", "Startup Cost": 314312.97, "Total Cost": 1865633.17, "Plan Rows": 9071680, "Plan Width": 24, "Actual Startup Time": 3934.987, "Actual Total Time": 11631.516, "Actual Rows": 9109641, "Actual Loops": 1, "Recheck Cond": "((l_shipdate >= '1993-01-01 00:00:00'::timestamp(0) without time zone) AND (l_shipdate < '1994-01-01 00:00:00'::timestamp without time zone)), (LLVM Optimized, Jit Execute)", "Rows Removed by Index Recheck": 0, "Exact Heap Blocks": 1252335, "Lossy Heap Blocks": 1252335, "Plans": [{"Node Type": "Bitmap Index Scan", "Parent Relationship": "Outer", "Index Name": "idx_lineitem_shipdate", "Startup Cost": 0.0, "Total Cost": 312045.05, "Plan Rows": 9071680, "Plan Width": 0, "Actual Startup Time": 3380.184, "Actual Total Time": 3380.184, "Actual Rows": 9109641, "Actual Loops": 1, "Index Cond": "((l_shipdate >= '1993-01-01 00:00:00'::timestamp(0) without time zone) AND (l_shipdate < '1994-01-01 00:00:00'::timestamp without time zone))"}]}]}, {"Node Type": "Hash", "Parent Relationship": "Inner", "Startup Cost": 263931.78, "Total Cost": 263931.78, "Plan Rows": 64552, "Plan Width": 32, "Actual Startup Time": 1704.881, "Actual Total Time": 1704.881, "Actual Rows": 86224, "Actual Loops": 1, "Hash Buckets": 65536, "Hash Batches": 1, "Original Hash Batches": 1, "Peak Memory Usage": 5389, "Plans": [{"Node Type": "Nested Loop", "Parent Relationship": "Outer", "Join Type": "Inner", "Startup Cost": 0.0, "Total Cost": 263931.78, "Plan Rows": 64552, "Plan Width": 32, "Actual Startup Time": 0.064, "Actual Total Time": 1667.709, "Actual Rows": 86224, "Actual Loops": 1, "Inner Unique": false, "Plans": [{"Node Type": "Index Scan", "Parent Relationship": "Outer", "Scan Direction": "Forward", "Index Name": "part_kpey", "Relation Name": "part", "Alias": "part", "Startup Cost": 0.0, "Total Cost": 105803.25, "Plan Rows": 22472, "Plan Width": 8, "Actual Startup Time": 0.051, "Actual Total Time": 1442.337, "Actual Rows": 21556, "Actual Loops": 1, "Filter": "((p_name)::text ~~ 'green%'::text)", "Rows Removed by Filter": 1978444}, {"Node Type": "Index Scan", "Parent Relationship": "Inner", "Scan Direction": "Forward", "Index Name": "idx_partsupp_partkey", "Relation Name": "partsupp", "Alias": "partsupp", "Startup Cost": 0.0, "Total Cost": 7.01, "Plan Rows": 3, "Plan Width": 24, "Actual Startup Time": 146.445, "Actual Total Time": 192.795, "Actual Rows": 86224, "Actual Loops": 21556, "Index Cond": "(ps_partkey = part.p_partkey)", "Rows Removed by Index Recheck": 0}]}]}]}, {"Node Type": "Hash", "Parent Relationship": "Inner", "Startup Cost": 2544.73, "Total Cost": 2544.73, "Plan Rows": 4000, "Plan Width": 59, "Actual Startup Time": 11.654, "Actual Total Time": 11.654, "Actual Rows": 3934, "Actual Loops": 1, "Hash Buckets": 32768, "Hash Batches": 1, "Original Hash Batches": 1, "Peak Memory Usage": 368, "Plans": [{"Node Type": "Nested Loop", "Parent Relationship": "Outer", "Join Type": "Inner", "Startup Cost": 95.25, "Total Cost": 2544.73, "Plan Rows": 4000, "Plan Width": 59, "Actual Startup Time": 1.074, "Actual Total Time": 10.102, "Actual Rows": 3934, "Actual Loops": 1, "Inner Unique": false, "Plans": [{"Node Type": "Index Scan", "Parent Relationship": "Outer", "Scan Direction": "Forward", "Index Name": "nation_pkey", "Relation Name": "nation", "Alias": "nation", "Startup Cost": 0.0, "Total Cost": 12.69, "Plan Rows": 1, "Plan Width": 4, "Actual Startup Time": 0.015, "Actual Total Time": 0.034, "Actual Rows": 1, "Actual Loops": 1, "Filter": "(n_name = 'ALGERIA'::bpchar)", "Rows Removed by Filter": 24}, {"Node Type": "Bitmap Heap Scan", "Parent Relationship": "Inner", "Relation Name": "supplier", "Alias": "supplier", "Startup Cost": 95.25, "Total Cost": 2492.04, "Plan Rows": 4000, "Plan Width": 63, "Actual Startup Time": 1.053, "Actual Total Time": 9.232, "Actual Rows": 3934, "Actual Loops": 1, "Recheck Cond": "(s_nationkey = nation.n_nationkey)", "Rows Removed by Index Recheck": 0, "Exact Heap Blocks": 1897, "Lossy Heap Blocks": 1897, "Plans": [{"Node Type": "Bitmap Index Scan", "Parent Relationship": "Outer", "Index Name": "idx_supplier_nation_key", "Startup Cost": 0.0, "Total Cost": 94.25, "Plan Rows": 4000, "Plan Width": 0, "Actual Startup Time": 0.767, "Actual Total Time": 0.767, "Actual Rows": 3934, "Actual Loops": 1, "Index Cond": "(s_nationkey = nation.n_nationkey)"}]}]}]}]}]}, "Triggers": [], "Planner Runtime": 2, "Total Runtime": 26172.979, "Unique SQL Id": 202076520}}, "(64, 102)": {"explain_plan": {"Plan": {"Node Type": "Sort", "Startup Cost": 2612723.68, "Total Cost": 2612728.68, "Plan Rows": 2000, "Plan Width": 51, "Sort Key": ["supplier.s_name"], "Plans": [{"Node Type": "Hash Join", "Parent Relationship": "Outer", "Join Type": "Right Semi", "Startup Cost": 2317764.31, "Total Cost": 2612614.02, "Plan Rows": 2000, "Plan Width": 51, "Inner Unique": false, "Hash Cond": "(lineitem.l_suppkey = supplier.s_suppkey)", "Plans": [{"Node Type": "Hash Join", "Parent Relationship": "Outer", "Join Type": "Inner", "Startup Cost": 2315180.96, "Total Cost": 2610010.67, "Plan Rows": 2, "Plan Width": 16, "Inner Unique": false, "Hash Cond": "((lineitem.l_partkey = partsupp.ps_partkey) AND (lineitem.l_suppkey = partsupp.ps_suppkey))", "Join Filter": "((partsupp.ps_availqty)::double precision > (.5::double precision * (sum(lineitem.l_quantity))))", "Plans": [{"Node Type": "Aggregate", "Strategy": "Hashed", "Parent Relationship": "Outer", "Startup Cost": 1956349.97, "Total Cost": 2069745.97, "Plan Rows": 9071680, "Plan Width": 40, "Group By Key": ["lineitem.l_partkey", "lineitem.l_suppkey"], "Plans": [{"Node Type": "Bitmap Heap Scan", "Parent Relationship": "Outer", "Relation Name": "lineitem", "Alias": "lineitem", "Startup Cost": 314312.97, "Total Cost": 1865633.17, "Plan Rows": 9071680, "Plan Width": 24, "Recheck Cond": "((l_shipdate >= '1993-01-01 00:00:00'::timestamp(0) without time zone) AND (l_shipdate < '1994-01-01 00:00:00'::timestamp without time zone)), (LLVM Optimized)", "Plans": [{"Node Type": "Bitmap Index Scan", "Parent Relationship": "Outer", "Index Name": "idx_lineitem_shipdate", "Startup Cost": 0.0, "Total Cost": 312045.05, "Plan Rows": 9071680, "Plan Width": 0, "Index Cond": "((l_shipdate >= '1993-01-01 00:00:00'::timestamp(0) without time zone) AND (l_shipdate < '1994-01-01 00:00:00'::timestamp without time zone))"}]}]}, {"Node Type": "Hash", "Parent Relationship": "Inner", "Startup Cost": 357862.71, "Total Cost": 357862.71, "Plan Rows": 64552, "Plan Width": 32, "Plans": [{"Node Type": "Hash Join", "Parent Relationship": "Outer", "Join Type": "Inner", "Startup Cost": 67224.9, "Total Cost": 357862.71, "Plan Rows": 64552, "Plan Width": 32, "Inner Unique": true, "Hash Cond": "(partsupp.ps_partkey = part.p_partkey)", "Plans": [{"Node Type": "Seq Scan", "Parent Relationship": "Outer", "Relation Name": "partsupp", "Alias": "partsupp", "Startup Cost": 0.0, "Total Cost": 269987.72, "Plan Rows": 8000372, "Plan Width": 24}, {"Node Type": "Hash", "Parent Relationship": "Inner", "Startup Cost": 66944.0, "Total Cost": 66944.0, "Plan Rows": 22472, "Plan Width": 8, "Plans": [{"Node Type": "Seq Scan", "Parent Relationship": "Outer", "Relation Name": "part", "Alias": "part", "Startup Cost": 0.0, "Total Cost": 66944.0, "Plan Rows": 22472, "Plan Width": 8, "Filter": "((p_name)::text ~~ 'green%'::text)"}]}]}]}]}, {"Node Type": "Hash", "Parent Relationship": "Inner", "Startup Cost": 2533.35, "Total Cost": 2533.35, "Plan Rows": 4000, "Plan Width": 59, "Plans": [{"Node Type": "Nested Loop", "Parent Relationship": "Outer", "Join Type": "Inner", "Startup Cost": 95.25, "Total Cost": 2533.35, "Plan Rows": 4000, "Plan Width": 59, "Inner Unique": false, "Plans": [{"Node Type": "Seq Scan", "Parent Relationship": "Outer", "Relation Name": "nation", "Alias": "nation", "Startup Cost": 0.0, "Total Cost": 1.31, "Plan Rows": 1, "Plan Width": 4, "Filter": "(n_name = 'ALGERIA'::bpchar)"}, {"Node Type": "Bitmap Heap Scan", "Parent Relationship": "Inner", "Relation Name": "supplier", "Alias": "supplier", "Startup Cost": 95.25, "Total Cost": 2492.04, "Plan Rows": 4000, "Plan Width": 63, "Recheck Cond": "(s_nationkey = nation.n_nationkey)", "Plans": [{"Node Type": "Bitmap Index Scan", "Parent Relationship": "Outer", "Index Name": "idx_supplier_nation_key", "Startup Cost": 0.0, "Total Cost": 94.25, "Plan Rows": 4000, "Plan Width": 0, "Index Cond": "(s_nationkey = nation.n_nationkey)"}]}]}]}]}]}, "Unique SQL Id": 202076520, "Planner Runtime": 2}, "explain_analyze_plan": {"Plan": {"Node Type": "Sort", "Startup Cost": 2612723.68, "Total Cost": 2612728.68, "Plan Rows": 2000, "Plan Width": 51, "Actual Startup Time": 30398.248, "Actual Total Time": 30398.396, "Actual Rows": 1746, "Actual Loops": 1, "Sort Key": ["supplier.s_name"], "Sort Method": "quicksort", "Sort Space Used": 309, "Sort Space Type": "Memory", "Plans": [{"Node Type": "Hash Join", "Parent Relationship": "Outer", "Join Type": "Right Semi", "Startup Cost": 2317764.31, "Total Cost": 2612614.02, "Plan Rows": 2000, "Plan Width": 51, "Actual Startup Time": 24808.711, "Actual Total Time": 30388.616, "Actual Rows": 1746, "Actual Loops": 1, "Inner Unique": false, "Hash Cond": "(lineitem.l_suppkey = supplier.s_suppkey)", "Plans": [{"Node Type": "Hash Join", "Parent Relationship": "Outer", "Join Type": "Inner", "Startup Cost": 2315180.96, "Total Cost": 2610010.67, "Plan Rows": 2, "Plan Width": 16, "Actual Startup Time": 24789.214, "Actual Total Time": 30356.903, "Actual Rows": 58537, "Actual Loops": 1, "Inner Unique": false, "Hash Cond": "((lineitem.l_partkey = partsupp.ps_partkey) AND (lineitem.l_suppkey = partsupp.ps_suppkey))", "Join Filter": "((partsupp.ps_availqty)::double precision > (.5::double precision * (sum(lineitem.l_quantity))))", "Rows Removed by Join Filter": 136, "Plans": [{"Node Type": "Aggregate", "Strategy": "Hashed", "Parent Relationship": "Outer", "Startup Cost": 1956349.97, "Total Cost": 2069745.97, "Plan Rows": 9071680, "Plan Width": 40, "Actual Startup Time": 19942.54, "Actual Total Time": 23957.898, "Actual Rows": 5442751, "Actual Loops": 1, "Group By Key": ["lineitem.l_partkey", "lineitem.l_suppkey"], "Plans": [{"Node Type": "Bitmap Heap Scan", "Parent Relationship": "Outer", "Relation Name": "lineitem", "Alias": "lineitem", "Startup Cost": 314312.97, "Total Cost": 1865633.17, "Plan Rows": 9071680, "Plan Width": 24, "Actual Startup Time": 4243.497, "Actual Total Time": 11941.504, "Actual Rows": 9109641, "Actual Loops": 1, "Recheck Cond": "((l_shipdate >= '1993-01-01 00:00:00'::timestamp(0) without time zone) AND (l_shipdate < '1994-01-01 00:00:00'::timestamp without time zone)), (LLVM Optimized, Jit Execute)", "Rows Removed by Index Recheck": 0, "Exact Heap Blocks": 1252335, "Lossy Heap Blocks": 1252335, "Plans": [{"Node Type": "Bitmap Index Scan", "Parent Relationship": "Outer", "Index Name": "idx_lineitem_shipdate", "Startup Cost": 0.0, "Total Cost": 312045.05, "Plan Rows": 9071680, "Plan Width": 0, "Actual Startup Time": 3615.342, "Actual Total Time": 3615.342, "Actual Rows": 9109641, "Actual Loops": 1, "Index Cond": "((l_shipdate >= '1993-01-01 00:00:00'::timestamp(0) without time zone) AND (l_shipdate < '1994-01-01 00:00:00'::timestamp without time zone))"}]}]}, {"Node Type": "Hash", "Parent Relationship": "Inner", "Startup Cost": 357862.71, "Total Cost": 357862.71, "Plan Rows": 64552, "Plan Width": 32, "Actual Startup Time": 4846.392, "Actual Total Time": 4846.392, "Actual Rows": 86224, "Actual Loops": 1, "Hash Buckets": 65536, "Hash Batches": 1, "Original Hash Batches": 1, "Peak Memory Usage": 5389, "Plans": [{"Node Type": "Hash Join", "Parent Relationship": "Outer", "Join Type": "Inner", "Startup Cost": 67224.9, "Total Cost": 357862.71, "Plan Rows": 64552, "Plan Width": 32, "Actual Startup Time": 818.835, "Actual Total Time": 4800.464, "Actual Rows": 86224, "Actual Loops": 1, "Inner Unique": true, "Hash Cond": "(partsupp.ps_partkey = part.p_partkey)", "Plans": [{"Node Type": "Seq Scan", "Parent Relationship": "Outer", "Relation Name": "partsupp", "Alias": "partsupp", "Startup Cost": 0.0, "Total Cost": 269987.72, "Plan Rows": 8000372, "Plan Width": 24, "Actual Startup Time": 0.015, "Actual Total Time": 2437.989, "Actual Rows": 8000000, "Actual Loops": 1}, {"Node Type": "Hash", "Parent Relationship": "Inner", "Startup Cost": 66944.0, "Total Cost": 66944.0, "Plan Rows": 22472, "Plan Width": 8, "Actual Startup Time": 818.655, "Actual Total Time": 818.655, "Actual Rows": 21556, "Actual Loops": 1, "Hash Buckets": 32768, "Hash Batches": 1, "Original Hash Batches": 1, "Peak Memory Usage": 843, "Plans": [{"Node Type": "Seq Scan", "Parent Relationship": "Outer", "Relation Name": "part", "Alias": "part", "Startup Cost": 0.0, "Total Cost": 66944.0, "Plan Rows": 22472, "Plan Width": 8, "Actual Startup Time": 0.036, "Actual Total Time": 809.264, "Actual Rows": 21556, "Actual Loops": 1, "Filter": "((p_name)::text ~~ 'green%'::text)", "Rows Removed by Filter": 1978444}]}]}]}]}, {"Node Type": "Hash", "Parent Relationship": "Inner", "Startup Cost": 2533.35, "Total Cost": 2533.35, "Plan Rows": 4000, "Plan Width": 59, "Actual Startup Time": 11.512, "Actual Total Time": 11.512, "Actual Rows": 3934, "Actual Loops": 1, "Hash Buckets": 32768, "Hash Batches": 1, "Original Hash Batches": 1, "Peak Memory Usage": 368, "Plans": [{"Node Type": "Nested Loop", "Parent Relationship": "Outer", "Join Type": "Inner", "Startup Cost": 95.25, "Total Cost": 2533.35, "Plan Rows": 4000, "Plan Width": 59, "Actual Startup Time": 1.073, "Actual Total Time": 10.095, "Actual Rows": 3934, "Actual Loops": 1, "Inner Unique": false, "Plans": [{"Node Type": "Seq Scan", "Parent Relationship": "Outer", "Relation Name": "nation", "Alias": "nation", "Startup Cost": 0.0, "Total Cost": 1.31, "Plan Rows": 1, "Plan Width": 4, "Actual Startup Time": 0.022, "Actual Total Time": 0.033, "Actual Rows": 1, "Actual Loops": 1, "Filter": "(n_name = 'ALGERIA'::bpchar)", "Rows Removed by Filter": 24}, {"Node Type": "Bitmap Heap Scan", "Parent Relationship": "Inner", "Relation Name": "supplier", "Alias": "supplier", "Startup Cost": 95.25, "Total Cost": 2492.04, "Plan Rows": 4000, "Plan Width": 63, "Actual Startup Time": 1.046, "Actual Total Time": 9.184, "Actual Rows": 3934, "Actual Loops": 1, "Recheck Cond": "(s_nationkey = nation.n_nationkey)", "Rows Removed by Index Recheck": 0, "Exact Heap Blocks": 1897, "Lossy Heap Blocks": 1897, "Plans": [{"Node Type": "Bitmap Index Scan", "Parent Relationship": "Outer", "Index Name": "idx_supplier_nation_key", "Startup Cost": 0.0, "Total Cost": 94.25, "Plan Rows": 4000, "Plan Width": 0, "Actual Startup Time": 0.744, "Actual Total Time": 0.744, "Actual Rows": 3934, "Actual Loops": 1, "Index Cond": "(s_nationkey = nation.n_nationkey)"}]}]}]}]}]}, "Triggers": [], "Planner Runtime": 2, "Total Runtime": 30409.547, "Unique SQL Id": 202076520}}, "(64, 103)": {"explain_plan": {"Plan": {"Node Type": "Sort", "Startup Cost": 41474309.17, "Total Cost": 41474314.17, "Plan Rows": 2000, "Plan Width": 51, "Sort Key": ["supplier.s_name"], "Plans": [{"Node Type": "Nested Loop", "Parent Relationship": "Outer", "Join Type": "Inner", "Startup Cost": 41260049.96, "Total Cost": 41474199.51, "Plan Rows": 2000, "Plan Width": 51, "Inner Unique": true, "Plans": [{"Node Type": "Nested Loop", "Parent Relationship": "Outer", "Join Type": "Inner", "Startup Cost": 41260049.7, "Total Cost": 41260058.01, "Plan Rows": 50000, "Plan Width": 55, "Inner Unique": true, "Plans": [{"Node Type": "Unique", "Parent Relationship": "Outer", "Startup Cost": 41260049.44, "Total Cost": 41260049.45, "Plan Rows": 2, "Plan Width": 16, "Plans": [{"Node Type": "Sort", "Parent Relationship": "Outer", "Startup Cost": 41260049.44, "Total Cost": 41260049.45, "Plan Rows": 2, "Plan Width": 16, "Sort Key": ["partsupp.ps_suppkey"], "Plans": [{"Node Type": "Nested Loop", "Parent Relationship": "Outer", "Join Type": "Semi", "Startup Cost": 1956350.51, "Total Cost": 41260049.43, "Plan Rows": 2, "Plan Width": 16, "Inner Unique": false, "Join Filter": "(partsupp.ps_partkey = part.p_partkey)", "Plans": [{"Node Type": "Nested Loop", "Parent Relationship": "Outer", "Join Type": "Inner", "Startup Cost": 1956350.25, "Total Cost": 41259981.09, "Plan Rows": 15, "Plan Width": 32, "Inner Unique": true, "Plans": [{"Node Type": "Aggregate", "Strategy": "Hashed", "Parent Relationship": "Outer", "Startup Cost": 1956349.97, "Total Cost": 2069745.97, "Plan Rows": 9071680, "Plan Width": 40, "Group By Key": ["lineitem.l_partkey", "lineitem.l_suppkey"], "Plans": [{"Node Type": "Bitmap Heap Scan", "Parent Relationship": "Outer", "Relation Name": "lineitem", "Alias": "lineitem", "Startup Cost": 314312.97, "Total Cost": 1865633.17, "Plan Rows": 9071680, "Plan Width": 24, "Recheck Cond": "((l_shipdate >= '1993-01-01 00:00:00'::timestamp(0) without time zone) AND (l_shipdate < '1994-01-01 00:00:00'::timestamp without time zone)), (LLVM Optimized)", "Plans": [{"Node Type": "Bitmap Index Scan", "Parent Relationship": "Outer", "Index Name": "idx_lineitem_shipdate", "Startup Cost": 0.0, "Total Cost": 312045.05, "Plan Rows": 9071680, "Plan Width": 0, "Index Cond": "((l_shipdate >= '1993-01-01 00:00:00'::timestamp(0) without time zone) AND (l_shipdate < '1994-01-01 00:00:00'::timestamp without time zone))"}]}]}, {"Node Type": "Bitmap Heap Scan", "Parent Relationship": "Inner", "Relation Name": "partsupp", "Alias": "partsupp", "Startup Cost": 0.28, "Total Cost": 4.3, "Plan Rows": 1, "Plan Width": 24, "Recheck Cond": "((ps_partkey = lineitem.l_partkey) AND (ps_suppkey = lineitem.l_suppkey))", "Filter": "((ps_availqty)::double precision > (.5::double precision * (sum(lineitem.l_quantity))))", "Plans": [{"Node Type": "Bitmap Index Scan", "Parent Relationship": "Outer", "Index Name": "partsupp_pkey", "Startup Cost": 0.0, "Total Cost": 0.28, "Plan Rows": 1, "Plan Width": 0, "Index Cond": "((ps_partkey = lineitem.l_partkey) AND (ps_suppkey = lineitem.l_suppkey))"}]}]}, {"Node Type": "Bitmap Heap Scan", "Parent Relationship": "Inner", "Relation Name": "part", "Alias": "part", "Startup Cost": 0.26, "Total Cost": 4.28, "Plan Rows": 1, "Plan Width": 8, "Recheck Cond": "(p_partkey = lineitem.l_partkey)", "Filter": "((p_name)::text ~~ 'green%'::text)", "Plans": [{"Node Type": "Bitmap Index Scan", "Parent Relationship": "Outer", "Index Name": "part_kpey", "Startup Cost": 0.0, "Total Cost": 0.26, "Plan Rows": 1, "Plan Width": 0, "Index Cond": "(p_partkey = lineitem.l_partkey)"}]}]}]}]}, {"Node Type": "Bitmap Heap Scan", "Parent Relationship": "Inner", "Relation Name": "supplier", "Alias": "supplier", "Startup Cost": 0.26, "Total Cost": 4.27, "Plan Rows": 1, "Plan Width": 63, "Recheck Cond": "(s_suppkey = lineitem.l_suppkey)", "Plans": [{"Node Type": "Bitmap Index Scan", "Parent Relationship": "Outer", "Index Name": "supplier_pkey", "Startup Cost": 0.0, "Total Cost": 0.26, "Plan Rows": 1, "Plan Width": 0, "Index Cond": "(s_suppkey = lineitem.l_suppkey)"}]}]}, {"Node Type": "Bitmap Heap Scan", "Parent Relationship": "Inner", "Relation Name": "nation", "Alias": "nation", "Startup Cost": 0.26, "Total Cost": 4.27, "Plan Rows": 1, "Plan Width": 4, "Recheck Cond": "(n_nationkey = supplier.s_nationkey)", "Filter": "(n_name = 'ALGERIA'::bpchar)", "Plans": [{"Node Type": "Bitmap Index Scan", "Parent Relationship": "Outer", "Index Name": "nation_pkey", "Startup Cost": 0.0, "Total Cost": 0.26, "Plan Rows": 1, "Plan Width": 0, "Index Cond": "(n_nationkey = supplier.s_nationkey)"}]}]}]}, "Unique SQL Id": 202076520, "Planner Runtime": 2}, "explain_analyze_plan": {"Plan": {"Node Type": "Sort", "Startup Cost": 41474309.17, "Total Cost": 41474314.17, "Plan Rows": 2000, "Plan Width": 51, "Actual Startup Time": 122895.801, "Actual Total Time": 122895.962, "Actual Rows": 1746, "Actual Loops": 1, "Sort Key": ["supplier.s_name"], "Sort Method": "quicksort", "Sort Space Used": 309, "Sort Space Type": "Memory", "Plans": [{"Node Type": "Nested Loop", "Parent Relationship": "Outer", "Join Type": "Inner", "Startup Cost": 41260049.96, "Total Cost": 41474199.51, "Plan Rows": 2000, "Plan Width": 51, "Actual Startup Time": 122484.703, "Actual Total Time": 122893.842, "Actual Rows": 1746, "Actual Loops": 1, "Inner Unique": true, "Plans": [{"Node Type": "Nested Loop", "Parent Relationship": "Outer", "Join Type": "Inner", "Startup Cost": 41260049.7, "Total Cost": 41260058.01, "Plan Rows": 50000, "Plan Width": 55, "Actual Startup Time": 122484.344, "Actual Total Time": 122721.997, "Actual Rows": 44487, "Actual Loops": 1, "Inner Unique": true, "Plans": [{"Node Type": "Unique", "Parent Relationship": "Outer", "Startup Cost": 41260049.44, "Total Cost": 41260049.45, "Plan Rows": 2, "Plan Width": 16, "Actual Startup Time": 122484.301, "Actual Total Time": 122514.18, "Actual Rows": 44487, "Actual Loops": 1, "Plans": [{"Node Type": "Sort", "Parent Relationship": "Outer", "Startup Cost": 41260049.44, "Total Cost": 41260049.45, "Plan Rows": 2, "Plan Width": 16, "Actual Startup Time": 122484.297, "Actual Total Time": 122495.718, "Actual Rows": 58537, "Actual Loops": 1, "Sort Key": ["partsupp.ps_suppkey"], "Sort Method": "quicksort", "Sort Space Used": 7024, "Sort Space Type": "Memory", "Plans": [{"Node Type": "Nested Loop", "Parent Relationship": "Outer", "Join Type": "Semi", "Startup Cost": 1956350.51, "Total Cost": 41260049.43, "Plan Rows": 2, "Plan Width": 16, "Actual Startup Time": 18667.862, "Actual Total Time": 122403.43, "Actual Rows": 58537, "Actual Loops": 1, "Inner Unique": false, "Join Filter": "(partsupp.ps_partkey = part.p_partkey)", "Rows Removed by Join Filter": 0, "Plans": [{"Node Type": "Nested Loop", "Parent Relationship": "Outer", "Join Type": "Inner", "Startup Cost": 1956350.25, "Total Cost": 41259981.09, "Plan Rows": 15, "Plan Width": 32, "Actual Startup Time": 18667.485, "Actual Total Time": 76318.413, "Actual Rows": 5431247, "Actual Loops": 1, "Inner Unique": true, "Plans": [{"Node Type": "Aggregate", "Strategy": "Hashed", "Parent Relationship": "Outer", "Startup Cost": 1956349.97, "Total Cost": 2069745.97, "Plan Rows": 9071680, "Plan Width": 40, "Actual Startup Time": 18667.332, "Actual Total Time": 23320.171, "Actual Rows": 5442751, "Actual Loops": 1, "Group By Key": ["lineitem.l_partkey", "lineitem.l_suppkey"], "Plans": [{"Node Type": "Bitmap Heap Scan", "Parent Relationship": "Outer", "Relation Name": "lineitem", "Alias": "lineitem", "Startup Cost": 314312.97, "Total Cost": 1865633.17, "Plan Rows": 9071680, "Plan Width": 24, "Actual Startup Time": 4229.766, "Actual Total Time": 11960.542, "Actual Rows": 9109641, "Actual Loops": 1, "Recheck Cond": "((l_shipdate >= '1993-01-01 00:00:00'::timestamp(0) without time zone) AND (l_shipdate < '1994-01-01 00:00:00'::timestamp without time zone)), (LLVM Optimized, Jit Execute)", "Rows Removed by Index Recheck": 0, "Exact Heap Blocks": 1252335, "Lossy Heap Blocks": 1252335, "Plans": [{"Node Type": "Bitmap Index Scan", "Parent Relationship": "Outer", "Index Name": "idx_lineitem_shipdate", "Startup Cost": 0.0, "Total Cost": 312045.05, "Plan Rows": 9071680, "Plan Width": 0, "Actual Startup Time": 3607.483, "Actual Total Time": 3607.483, "Actual Rows": 9109641, "Actual Loops": 1, "Index Cond": "((l_shipdate >= '1993-01-01 00:00:00'::timestamp(0) without time zone) AND (l_shipdate < '1994-01-01 00:00:00'::timestamp without time zone))"}]}]}, {"Node Type": "Bitmap Heap Scan", "Parent Relationship": "Inner", "Relation Name": "partsupp", "Alias": "partsupp", "Startup Cost": 0.28, "Total Cost": 4.3, "Plan Rows": 1, "Plan Width": 24, "Actual Startup Time": 45151.232, "Actual Total Time": 45151.232, "Actual Rows": 5431247, "Actual Loops": 5442751, "Recheck Cond": "((ps_partkey = lineitem.l_partkey) AND (ps_suppkey = lineitem.l_suppkey))", "Rows Removed by Index Recheck": 0, "Filter": "((ps_availqty)::double precision > (.5::double precision * (sum(lineitem.l_quantity))))", "Rows Removed by Filter": 11504, "Exact Heap Blocks": 5442751, "Lossy Heap Blocks": 5442751, "Plans": [{"Node Type": "Bitmap Index Scan", "Parent Relationship": "Outer", "Index Name": "partsupp_pkey", "Startup Cost": 0.0, "Total Cost": 0.28, "Plan Rows": 1, "Plan Width": 0, "Actual Startup Time": 27667.53, "Actual Total Time": 27667.53, "Actual Rows": 5442751, "Actual Loops": 5442751, "Index Cond": "((ps_partkey = lineitem.l_partkey) AND (ps_suppkey = lineitem.l_suppkey))"}]}]}, {"Node Type": "Bitmap Heap Scan", "Parent Relationship": "Inner", "Relation Name": "part", "Alias": "part", "Startup Cost": 0.26, "Total Cost": 4.28, "Plan Rows": 1, "Plan Width": 8, "Actual Startup Time": 39761.268, "Actual Total Time": 39761.268, "Actual Rows": 58537, "Actual Loops": 5431247, "Recheck Cond": "(p_partkey = lineitem.l_partkey)", "Rows Removed by Index Recheck": 0, "Filter": "((p_name)::text ~~ 'green%'::text)", "Rows Removed by Filter": 5372710, "Exact Heap Blocks": 5431247, "Lossy Heap Blocks": 5431247, "Plans": [{"Node Type": "Bitmap Index Scan", "Parent Relationship": "Outer", "Index Name": "part_kpey", "Startup Cost": 0.0, "Total Cost": 0.26, "Plan Rows": 1, "Plan Width": 0, "Actual Startup Time": 23528.84, "Actual Total Time": 23528.84, "Actual Rows": 5431247, "Actual Loops": 5431247, "Index Cond": "(p_partkey = lineitem.l_partkey)"}]}]}]}]}, {"Node Type": "Bitmap Heap Scan", "Parent Relationship": "Inner", "Relation Name": "supplier", "Alias": "supplier", "Startup Cost": 0.26, "Total Cost": 4.27, "Plan Rows": 1, "Plan Width": 63, "Actual Startup Time": 147.97, "Actual Total Time": 147.97, "Actual Rows": 44487, "Actual Loops": 44487, "Recheck Cond": "(s_suppkey = lineitem.l_suppkey)", "Rows Removed by Index Recheck": 0, "Exact Heap Blocks": 44487, "Lossy Heap Blocks": 44487, "Plans": [{"Node Type": "Bitmap Index Scan", "Parent Relationship": "Outer", "Index Name": "supplier_pkey", "Startup Cost": 0.0, "Total Cost": 0.26, "Plan Rows": 1, "Plan Width": 0, "Actual Startup Time": 82.176, "Actual Total Time": 82.176, "Actual Rows": 44487, "Actual Loops": 44487, "Index Cond": "(s_suppkey = lineitem.l_suppkey)"}]}]}, {"Node Type": "Bitmap Heap Scan", "Parent Relationship": "Inner", "Relation Name": "nation", "Alias": "nation", "Startup Cost": 0.26, "Total Cost": 4.27, "Plan Rows": 1, "Plan Width": 4, "Actual Startup Time": 121.742, "Actual Total Time": 121.742, "Actual Rows": 1746, "Actual Loops": 44487, "Recheck Cond": "(n_nationkey = supplier.s_nationkey)", "Rows Removed by Index Recheck": 0, "Filter": "(n_name = 'ALGERIA'::bpchar)", "Rows Removed by Filter": 42741, "Exact Heap Blocks": 44487, "Lossy Heap Blocks": 44487, "Plans": [{"Node Type": "Bitmap Index Scan", "Parent Relationship": "Outer", "Index Name": "nation_pkey", "Startup Cost": 0.0, "Total Cost": 0.26, "Plan Rows": 1, "Plan Width": 0, "Actual Startup Time": 45.415, "Actual Total Time": 45.415, "Actual Rows": 44487, "Actual Loops": 44487, "Index Cond": "(n_nationkey = supplier.s_nationkey)"}]}]}]}, "Triggers": [], "Planner Runtime": 2, "Total Runtime": 122906.738, "Unique SQL Id": 202076520}}, "(64, 104)": {"explain_plan": {"Plan": {"Node Type": "Sort", "Startup Cost": 2930392.43, "Total Cost": 2930397.43, "Plan Rows": 2000, "Plan Width": 51, "Sort Key": ["supplier.s_name"], "Plans": [{"Node Type": "Hash Join", "Parent Relationship": "Outer", "Join Type": "Right Semi", "Startup Cost": 2635433.06, "Total Cost": 2930282.77, "Plan Rows": 2000, "Plan Width": 51, "Inner Unique": false, "Hash Cond": "(lineitem.l_suppkey = supplier.s_suppkey)", "Plans": [{"Node Type": "Hash Join", "Parent Relationship": "Outer", "Join Type": "Inner", "Startup Cost": 2631808.11, "Total Cost": 2926637.81, "Plan Rows": 2, "Plan Width": 16, "Inner Unique": false, "Hash Cond": "((lineitem.l_partkey = partsupp.ps_partkey) AND (lineitem.l_suppkey = partsupp.ps_suppkey))", "Join Filter": "((partsupp.ps_availqty)::double precision > (.5::double precision * (sum(lineitem.l_quantity))))", "Plans": [{"Node Type": "Aggregate", "Strategy": "Hashed", "Parent Relationship": "Outer", "Startup Cost": 2405767.29, "Total Cost": 2519163.29, "Plan Rows": 9071680, "Plan Width": 40, "Group By Key": ["lineitem.l_partkey", "lineitem.l_suppkey"], "Plans": [{"Node Type": "Seq Scan", "Parent Relationship": "Outer", "Relation Name": "lineitem", "Alias": "lineitem", "Startup Cost": 119.57, "Total Cost": 2315050.5, "Plan Rows": 9071680, "Plan Width": 24, "Filter": "((l_shipdate >= '1993-01-01 00:00:00'::timestamp(0) without time zone) AND (l_shipdate < '1994-01-01 00:00:00'::timestamp without time zone)), (LLVM Optimized)"}]}, {"Node Type": "Hash", "Parent Relationship": "Inner", "Startup Cost": 225072.53, "Total Cost": 225072.53, "Plan Rows": 64552, "Plan Width": 32, "Plans": [{"Node Type": "Nested Loop", "Parent Relationship": "Outer", "Join Type": "Inner", "Startup Cost": 0.0, "Total Cost": 225072.53, "Plan Rows": 64552, "Plan Width": 32, "Inner Unique": false, "Plans": [{"Node Type": "Seq Scan", "Parent Relationship": "Outer", "Relation Name": "part", "Alias": "part", "Startup Cost": 0.0, "Total Cost": 66944.0, "Plan Rows": 22472, "Plan Width": 8, "Filter": "((p_name)::text ~~ 'green%'::text)"}, {"Node Type": "Index Scan", "Parent Relationship": "Inner", "Scan Direction": "Forward", "Index Name": "idx_partsupp_partkey", "Relation Name": "partsupp", "Alias": "partsupp", "Startup Cost": 0.0, "Total Cost": 7.01, "Plan Rows": 3, "Plan Width": 24, "Index Cond": "(ps_partkey = part.p_partkey)"}]}]}]}, {"Node Type": "Hash", "Parent Relationship": "Inner", "Startup Cost": 3574.95, "Total Cost": 3574.95, "Plan Rows": 4000, "Plan Width": 59, "Plans": [{"Node Type": "Hash Join", "Parent Relationship": "Outer", "Join Type": "Inner", "Startup Cost": 1.32, "Total Cost": 3574.95, "Plan Rows": 4000, "Plan Width": 59, "Inner Unique": true, "Hash Cond": "(supplier.s_nationkey = nation.n_nationkey)", "Plans": [{"Node Type": "Seq Scan", "Parent Relationship": "Outer", "Relation Name": "supplier", "Alias": "supplier", "Startup Cost": 0.0, "Total Cost": 3283.0, "Plan Rows": 100000, "Plan Width": 63}, {"Node Type": "Hash", "Parent Relationship": "Inner", "Startup Cost": 1.31, "Total Cost": 1.31, "Plan Rows": 1, "Plan Width": 4, "Plans": [{"Node Type": "Seq Scan", "Parent Relationship": "Outer", "Relation Name": "nation", "Alias": "nation", "Startup Cost": 0.0, "Total Cost": 1.31, "Plan Rows": 1, "Plan Width": 4, "Filter": "(n_name = 'ALGERIA'::bpchar)"}]}]}]}]}]}, "Unique SQL Id": 202076520, "Planner Runtime": 2}, "explain_analyze_plan": {"Plan": {"Node Type": "Sort", "Startup Cost": 2930392.43, "Total Cost": 2930397.43, "Plan Rows": 2000, "Plan Width": 51, "Actual Startup Time": 36485.5, "Actual Total Time": 36485.648, "Actual Rows": 1746, "Actual Loops": 1, "Sort Key": ["supplier.s_name"], "Sort Method": "quicksort", "Sort Space Used": 309, "Sort Space Type": "Memory", "Plans": [{"Node Type": "Hash Join", "Parent Relationship": "Outer", "Join Type": "Right Semi", "Startup Cost": 2635433.06, "Total Cost": 2930282.77, "Plan Rows": 2000, "Plan Width": 51, "Actual Startup Time": 31877.287, "Actual Total Time": 36475.909, "Actual Rows": 1746, "Actual Loops": 1, "Inner Unique": false, "Hash Cond": "(lineitem.l_suppkey = supplier.s_suppkey)", "Plans": [{"Node Type": "Hash Join", "Parent Relationship": "Outer", "Join Type": "Inner", "Startup Cost": 2631808.11, "Total Cost": 2926637.81, "Plan Rows": 2, "Plan Width": 16, "Actual Startup Time": 31823.034, "Actual Total Time": 36409.678, "Actual Rows": 58537, "Actual Loops": 1, "Inner Unique": false, "Hash Cond": "((lineitem.l_partkey = partsupp.ps_partkey) AND (lineitem.l_suppkey = partsupp.ps_suppkey))", "Join Filter": "((partsupp.ps_availqty)::double precision > (.5::double precision * (sum(lineitem.l_quantity))))", "Rows Removed by Join Filter": 136, "Plans": [{"Node Type": "Aggregate", "Strategy": "Hashed", "Parent Relationship": "Outer", "Startup Cost": 2405767.29, "Total Cost": 2519163.29, "Plan Rows": 9071680, "Plan Width": 40, "Actual Startup Time": 30820.882, "Actual Total Time": 33825.619, "Actual Rows": 5442751, "Actual Loops": 1, "Group By Key": ["lineitem.l_partkey", "lineitem.l_suppkey"], "Plans": [{"Node Type": "Seq Scan", "Parent Relationship": "Outer", "Relation Name": "lineitem", "Alias": "lineitem", "Startup Cost": 119.57, "Total Cost": 2315050.5, "Plan Rows": 9071680, "Plan Width": 24, "Actual Startup Time": 0.044, "Actual Total Time": 23190.171, "Actual Rows": 9109641, "Actual Loops": 1, "Filter": "((l_shipdate >= '1993-01-01 00:00:00'::timestamp(0) without time zone) AND (l_shipdate < '1994-01-01 00:00:00'::timestamp without time zone)), (LLVM Optimized, Jit Execute)", "Rows Removed by Filter": 50876411}]}, {"Node Type": "Hash", "Parent Relationship": "Inner", "Startup Cost": 225072.53, "Total Cost": 225072.53, "Plan Rows": 64552, "Plan Width": 32, "Actual Startup Time": 1001.922, "Actual Total Time": 1001.922, "Actual Rows": 86224, "Actual Loops": 1, "Hash Buckets": 65536, "Hash Batches": 1, "Original Hash Batches": 1, "Peak Memory Usage": 5389, "Plans": [{"Node Type": "Nested Loop", "Parent Relationship": "Outer", "Join Type": "Inner", "Startup Cost": 0.0, "Total Cost": 225072.53, "Plan Rows": 64552, "Plan Width": 32, "Actual Startup Time": 0.078, "Actual Total Time": 967.257, "Actual Rows": 86224, "Actual Loops": 1, "Inner Unique": false, "Plans": [{"Node Type": "Seq Scan", "Parent Relationship": "Outer", "Relation Name": "part", "Alias": "part", "Startup Cost": 0.0, "Total Cost": 66944.0, "Plan Rows": 22472, "Plan Width": 8, "Actual Startup Time": 0.039, "Actual Total Time": 767.135, "Actual Rows": 21556, "Actual Loops": 1, "Filter": "((p_name)::text ~~ 'green%'::text)", "Rows Removed by Filter": 1978444}, {"Node Type": "Index Scan", "Parent Relationship": "Inner", "Scan Direction": "Forward", "Index Name": "idx_partsupp_partkey", "Relation Name": "partsupp", "Alias": "partsupp", "Startup Cost": 0.0, "Total Cost": 7.01, "Plan Rows": 3, "Plan Width": 24, "Actual Startup Time": 124.65, "Actual Total Time": 167.192, "Actual Rows": 86224, "Actual Loops": 21556, "Index Cond": "(ps_partkey = part.p_partkey)", "Rows Removed by Index Recheck": 0}]}]}]}, {"Node Type": "Hash", "Parent Relationship": "Inner", "Startup Cost": 3574.95, "Total Cost": 3574.95, "Plan Rows": 4000, "Plan Width": 59, "Actual Startup Time": 48.411, "Actual Total Time": 48.411, "Actual Rows": 3934, "Actual Loops": 1, "Hash Buckets": 32768, "Hash Batches": 1, "Original Hash Batches": 1, "Peak Memory Usage": 368, "Plans": [{"Node Type": "Hash Join", "Parent Relationship": "Outer", "Join Type": "Inner", "Startup Cost": 1.32, "Total Cost": 3574.95, "Plan Rows": 4000, "Plan Width": 59, "Actual Startup Time": 0.099, "Actual Total Time": 46.953, "Actual Rows": 3934, "Actual Loops": 1, "Inner Unique": true, "Hash Cond": "(supplier.s_nationkey = nation.n_nationkey)", "Plans": [{"Node Type": "Seq Scan", "Parent Relationship": "Outer", "Relation Name": "supplier", "Alias": "supplier", "Startup Cost": 0.0, "Total Cost": 3283.0, "Plan Rows": 100000, "Plan Width": 63, "Actual Startup Time": 0.022, "Actual Total Time": 27.225, "Actual Rows": 100000, "Actual Loops": 1}, {"Node Type": "Hash", "Parent Relationship": "Inner", "Startup Cost": 1.31, "Total Cost": 1.31, "Plan Rows": 1, "Plan Width": 4, "Actual Startup Time": 0.035, "Actual Total Time": 0.035, "Actual Rows": 1, "Actual Loops": 1, "Hash Buckets": 32768, "Hash Batches": 1, "Original Hash Batches": 1, "Peak Memory Usage": 1, "Plans": [{"Node Type": "Seq Scan", "Parent Relationship": "Outer", "Relation Name": "nation", "Alias": "nation", "Startup Cost": 0.0, "Total Cost": 1.31, "Plan Rows": 1, "Plan Width": 4, "Actual Startup Time": 0.019, "Actual Total Time": 0.027, "Actual Rows": 1, "Actual Loops": 1, "Filter": "(n_name = 'ALGERIA'::bpchar)", "Rows Removed by Filter": 24}]}]}]}]}]}, "Triggers": [], "Planner Runtime": 2, "Total Runtime": 36495.226, "Unique SQL Id": 202076520}}, "(64, 105)": {"explain_plan": {"Plan": {"Node Type": "Sort", "Startup Cost": 6720005.94, "Total Cost": 6720010.94, "Plan Rows": 2000, "Plan Width": 51, "Sort Key": ["supplier.s_name"], "Plans": [{"Node Type": "Hash Join", "Parent Relationship": "Outer", "Join Type": "Right Semi", "Startup Cost": 6425046.57, "Total Cost": 6719896.28, "Plan Rows": 2000, "Plan Width": 51, "Inner Unique": false, "Hash Cond": "(lineitem.l_suppkey = supplier.s_suppkey)", "Plans": [{"Node Type": "Hash Join", "Parent Relationship": "Outer", "Join Type": "Inner", "Startup Cost": 6419358.7, "Total Cost": 6714188.4, "Plan Rows": 2, "Plan Width": 16, "Inner Unique": false, "Hash Cond": "((lineitem.l_partkey = partsupp.ps_partkey) AND (lineitem.l_suppkey = partsupp.ps_suppkey))", "Join Filter": "((partsupp.ps_availqty)::double precision > (.5::double precision * (sum(lineitem.l_quantity))))", "Plans": [{"Node Type": "Aggregate", "Strategy": "Hashed", "Parent Relationship": "Outer", "Startup Cost": 6154458.63, "Total Cost": 6267854.63, "Plan Rows": 9071680, "Plan Width": 40, "Group By Key": ["lineitem.l_partkey", "lineitem.l_suppkey"], "Plans": [{"Node Type": "Index Scan", "Parent Relationship": "Outer", "Scan Direction": "Forward", "Index Name": "idx_lineitem_shipdate", "Relation Name": "lineitem", "Alias": "lineitem", "Startup Cost": 0.0, "Total Cost": 6063741.83, "Plan Rows": 9071680, "Plan Width": 24, "Index Cond": "((l_shipdate >= '1993-01-01 00:00:00'::timestamp(0) without time zone) AND (l_shipdate < '1994-01-01 00:00:00'::timestamp without time zone)), (LLVM Optimized)"}]}, {"Node Type": "Hash", "Parent Relationship": "Inner", "Startup Cost": 263931.78, "Total Cost": 263931.78, "Plan Rows": 64552, "Plan Width": 32, "Plans": [{"Node Type": "Nested Loop", "Parent Relationship": "Outer", "Join Type": "Inner", "Startup Cost": 0.0, "Total Cost": 263931.78, "Plan Rows": 64552, "Plan Width": 32, "Inner Unique": false, "Plans": [{"Node Type": "Index Scan", "Parent Relationship": "Outer", "Scan Direction": "Forward", "Index Name": "part_kpey", "Relation Name": "part", "Alias": "part", "Startup Cost": 0.0, "Total Cost": 105803.25, "Plan Rows": 22472, "Plan Width": 8, "Filter": "((p_name)::text ~~ 'green%'::text)"}, {"Node Type": "Index Scan", "Parent Relationship": "Inner", "Scan Direction": "Forward", "Index Name": "idx_partsupp_partkey", "Relation Name": "partsupp", "Alias": "partsupp", "Startup Cost": 0.0, "Total Cost": 7.01, "Plan Rows": 3, "Plan Width": 24, "Index Cond": "(ps_partkey = part.p_partkey)"}]}]}]}, {"Node Type": "Hash", "Parent Relationship": "Inner", "Startup Cost": 5637.87, "Total Cost": 5637.87, "Plan Rows": 4000, "Plan Width": 59, "Plans": [{"Node Type": "Hash Join", "Parent Relationship": "Outer", "Join Type": "Inner", "Startup Cost": 12.7, "Total Cost": 5637.87, "Plan Rows": 4000, "Plan Width": 59, "Inner Unique": true, "Hash Cond": "(supplier.s_nationkey = nation.n_nationkey)", "Plans": [{"Node Type": "Index Scan", "Parent Relationship": "Outer", "Scan Direction": "Forward", "Index Name": "supplier_pkey", "Relation Name": "supplier", "Alias": "supplier", "Startup Cost": 0.0, "Total Cost": 5334.54, "Plan Rows": 100000, "Plan Width": 63}, {"Node Type": "Hash", "Parent Relationship": "Inner", "Startup Cost": 12.69, "Total Cost": 12.69, "Plan Rows": 1, "Plan Width": 4, "Plans": [{"Node Type": "Index Scan", "Parent Relationship": "Outer", "Scan Direction": "Forward", "Index Name": "nation_pkey", "Relation Name": "nation", "Alias": "nation", "Startup Cost": 0.0, "Total Cost": 12.69, "Plan Rows": 1, "Plan Width": 4, "Filter": "(n_name = 'ALGERIA'::bpchar)"}]}]}]}]}]}, "Unique SQL Id": 202076520, "Planner Runtime": 2}, "explain_analyze_plan": {"Plan": {"Node Type": "Sort", "Startup Cost": 6720005.94, "Total Cost": 6720010.94, "Plan Rows": 2000, "Plan Width": 51, "Actual Startup Time": 37951.991, "Actual Total Time": 37952.17, "Actual Rows": 1746, "Actual Loops": 1, "Sort Key": ["supplier.s_name"], "Sort Method": "quicksort", "Sort Space Used": 309, "Sort Space Type": "Memory", "Plans": [{"Node Type": "Hash Join", "Parent Relationship": "Outer", "Join Type": "Right Semi", "Startup Cost": 6425046.57, "Total Cost": 6719896.28, "Plan Rows": 2000, "Plan Width": 51, "Actual Startup Time": 33695.563, "Actual Total Time": 37941.802, "Actual Rows": 1746, "Actual Loops": 1, "Inner Unique": false, "Hash Cond": "(lineitem.l_suppkey = supplier.s_suppkey)", "Plans": [{"Node Type": "Hash Join", "Parent Relationship": "Outer", "Join Type": "Inner", "Startup Cost": 6419358.7, "Total Cost": 6714188.4, "Plan Rows": 2, "Plan Width": 16, "Actual Startup Time": 33617.215, "Actual Total Time": 37853.439, "Actual Rows": 58537, "Actual Loops": 1, "Inner Unique": false, "Hash Cond": "((lineitem.l_partkey = partsupp.ps_partkey) AND (lineitem.l_suppkey = partsupp.ps_suppkey))", "Join Filter": "((partsupp.ps_availqty)::double precision > (.5::double precision * (sum(lineitem.l_quantity))))", "Rows Removed by Join Filter": 136, "Plans": [{"Node Type": "Aggregate", "Strategy": "Hashed", "Parent Relationship": "Outer", "Startup Cost": 6154458.63, "Total Cost": 6267854.63, "Plan Rows": 9071680, "Plan Width": 40, "Actual Startup Time": 31806.716, "Actual Total Time": 34556.876, "Actual Rows": 5442751, "Actual Loops": 1, "Group By Key": ["lineitem.l_partkey", "lineitem.l_suppkey"], "Plans": [{"Node Type": "Index Scan", "Parent Relationship": "Outer", "Scan Direction": "Forward", "Index Name": "idx_lineitem_shipdate", "Relation Name": "lineitem", "Alias": "lineitem", "Startup Cost": 0.0, "Total Cost": 6063741.83, "Plan Rows": 9071680, "Plan Width": 24, "Actual Startup Time": 0.081, "Actual Total Time": 23380.249, "Actual Rows": 9109641, "Actual Loops": 1, "Index Cond": "((l_shipdate >= '1993-01-01 00:00:00'::timestamp(0) without time zone) AND (l_shipdate < '1994-01-01 00:00:00'::timestamp without time zone)), (LLVM Optimized, Jit Execute)", "Rows Removed by Index Recheck": 0}]}, {"Node Type": "Hash", "Parent Relationship": "Inner", "Startup Cost": 263931.78, "Total Cost": 263931.78, "Plan Rows": 64552, "Plan Width": 32, "Actual Startup Time": 1809.883, "Actual Total Time": 1809.883, "Actual Rows": 86224, "Actual Loops": 1, "Hash Buckets": 65536, "Hash Batches": 1, "Original Hash Batches": 1, "Peak Memory Usage": 5389, "Plans": [{"Node Type": "Nested Loop", "Parent Relationship": "Outer", "Join Type": "Inner", "Startup Cost": 0.0, "Total Cost": 263931.78, "Plan Rows": 64552, "Plan Width": 32, "Actual Startup Time": 0.091, "Actual Total Time": 1767.629, "Actual Rows": 86224, "Actual Loops": 1, "Inner Unique": false, "Plans": [{"Node Type": "Index Scan", "Parent Relationship": "Outer", "Scan Direction": "Forward", "Index Name": "part_kpey", "Relation Name": "part", "Alias": "part", "Startup Cost": 0.0, "Total Cost": 105803.25, "Plan Rows": 22472, "Plan Width": 8, "Actual Startup Time": 0.066, "Actual Total Time": 1527.871, "Actual Rows": 21556, "Actual Loops": 1, "Filter": "((p_name)::text ~~ 'green%'::text)", "Rows Removed by Filter": 1978444}, {"Node Type": "Index Scan", "Parent Relationship": "Inner", "Scan Direction": "Forward", "Index Name": "idx_partsupp_partkey", "Relation Name": "partsupp", "Alias": "partsupp", "Startup Cost": 0.0, "Total Cost": 7.01, "Plan Rows": 3, "Plan Width": 24, "Actual Startup Time": 158.221, "Actual Total Time": 206.922, "Actual Rows": 86224, "Actual Loops": 21556, "Index Cond": "(ps_partkey = part.p_partkey)", "Rows Removed by Index Recheck": 0}]}]}]}, {"Node Type": "Hash", "Parent Relationship": "Inner", "Startup Cost": 5637.87, "Total Cost": 5637.87, "Plan Rows": 4000, "Plan Width": 59, "Actual Startup Time": 71.42, "Actual Total Time": 71.42, "Actual Rows": 3934, "Actual Loops": 1, "Hash Buckets": 32768, "Hash Batches": 1, "Original Hash Batches": 1, "Peak Memory Usage": 368, "Plans": [{"Node Type": "Hash Join", "Parent Relationship": "Outer", "Join Type": "Inner", "Startup Cost": 12.7, "Total Cost": 5637.87, "Plan Rows": 4000, "Plan Width": 59, "Actual Startup Time": 0.112, "Actual Total Time": 69.871, "Actual Rows": 3934, "Actual Loops": 1, "Inner Unique": true, "Hash Cond": "(supplier.s_nationkey = nation.n_nationkey)", "Plans": [{"Node Type": "Index Scan", "Parent Relationship": "Outer", "Scan Direction": "Forward", "Index Name": "supplier_pkey", "Relation Name": "supplier", "Alias": "supplier", "Startup Cost": 0.0, "Total Cost": 5334.54, "Plan Rows": 100000, "Plan Width": 63, "Actual Startup Time": 0.029, "Actual Total Time": 49.925, "Actual Rows": 100000, "Actual Loops": 1}, {"Node Type": "Hash", "Parent Relationship": "Inner", "Startup Cost": 12.69, "Total Cost": 12.69, "Plan Rows": 1, "Plan Width": 4, "Actual Startup Time": 0.034, "Actual Total Time": 0.034, "Actual Rows": 1, "Actual Loops": 1, "Hash Buckets": 32768, "Hash Batches": 1, "Original Hash Batches": 1, "Peak Memory Usage": 1, "Plans": [{"Node Type": "Index Scan", "Parent Relationship": "Outer", "Scan Direction": "Forward", "Index Name": "nation_pkey", "Relation Name": "nation", "Alias": "nation", "Startup Cost": 0.0, "Total Cost": 12.69, "Plan Rows": 1, "Plan Width": 4, "Actual Startup Time": 0.013, "Actual Total Time": 0.029, "Actual Rows": 1, "Actual Loops": 1, "Filter": "(n_name = 'ALGERIA'::bpchar)", "Rows Removed by Filter": 24}]}]}]}]}]}, "Triggers": [], "Planner Runtime": 2, "Total Runtime": 37961.705, "Unique SQL Id": 202076520}}, "(64, 106)": {"explain_plan": {"Plan": {"Node Type": "Sort", "Startup Cost": 3063182.61, "Total Cost": 3063187.61, "Plan Rows": 2000, "Plan Width": 51, "Sort Key": ["supplier.s_name"], "Plans": [{"Node Type": "Hash Join", "Parent Relationship": "Outer", "Join Type": "Right Semi", "Startup Cost": 2768223.24, "Total Cost": 3063072.95, "Plan Rows": 2000, "Plan Width": 51, "Inner Unique": false, "Hash Cond": "(lineitem.l_suppkey = supplier.s_suppkey)", "Plans": [{"Node Type": "Hash Join", "Parent Relationship": "Outer", "Join Type": "Inner", "Startup Cost": 2764598.29, "Total Cost": 3059427.99, "Plan Rows": 2, "Plan Width": 16, "Inner Unique": false, "Hash Cond": "((lineitem.l_partkey = partsupp.ps_partkey) AND (lineitem.l_suppkey = partsupp.ps_suppkey))", "Join Filter": "((partsupp.ps_availqty)::double precision > (.5::double precision * (sum(lineitem.l_quantity))))", "Plans": [{"Node Type": "Aggregate", "Strategy": "Hashed", "Parent Relationship": "Outer", "Startup Cost": 2405767.29, "Total Cost": 2519163.29, "Plan Rows": 9071680, "Plan Width": 40, "Group By Key": ["lineitem.l_partkey", "lineitem.l_suppkey"], "Plans": [{"Node Type": "Seq Scan", "Parent Relationship": "Outer", "Relation Name": "lineitem", "Alias": "lineitem", "Startup Cost": 119.57, "Total Cost": 2315050.5, "Plan Rows": 9071680, "Plan Width": 24, "Filter": "((l_shipdate >= '1993-01-01 00:00:00'::timestamp(0) without time zone) AND (l_shipdate < '1994-01-01 00:00:00'::timestamp without time zone)), (LLVM Optimized)"}]}, {"Node Type": "Hash", "Parent Relationship": "Inner", "Startup Cost": 357862.71, "Total Cost": 357862.71, "Plan Rows": 64552, "Plan Width": 32, "Plans": [{"Node Type": "Hash Join", "Parent Relationship": "Outer", "Join Type": "Inner", "Startup Cost": 67224.9, "Total Cost": 357862.71, "Plan Rows": 64552, "Plan Width": 32, "Inner Unique": true, "Hash Cond": "(partsupp.ps_partkey = part.p_partkey)", "Plans": [{"Node Type": "Seq Scan", "Parent Relationship": "Outer", "Relation Name": "partsupp", "Alias": "partsupp", "Startup Cost": 0.0, "Total Cost": 269987.72, "Plan Rows": 8000372, "Plan Width": 24}, {"Node Type": "Hash", "Parent Relationship": "Inner", "Startup Cost": 66944.0, "Total Cost": 66944.0, "Plan Rows": 22472, "Plan Width": 8, "Plans": [{"Node Type": "Seq Scan", "Parent Relationship": "Outer", "Relation Name": "part", "Alias": "part", "Startup Cost": 0.0, "Total Cost": 66944.0, "Plan Rows": 22472, "Plan Width": 8, "Filter": "((p_name)::text ~~ 'green%'::text)"}]}]}]}]}, {"Node Type": "Hash", "Parent Relationship": "Inner", "Startup Cost": 3574.95, "Total Cost": 3574.95, "Plan Rows": 4000, "Plan Width": 59, "Plans": [{"Node Type": "Hash Join", "Parent Relationship": "Outer", "Join Type": "Inner", "Startup Cost": 1.32, "Total Cost": 3574.95, "Plan Rows": 4000, "Plan Width": 59, "Inner Unique": true, "Hash Cond": "(supplier.s_nationkey = nation.n_nationkey)", "Plans": [{"Node Type": "Seq Scan", "Parent Relationship": "Outer", "Relation Name": "supplier", "Alias": "supplier", "Startup Cost": 0.0, "Total Cost": 3283.0, "Plan Rows": 100000, "Plan Width": 63}, {"Node Type": "Hash", "Parent Relationship": "Inner", "Startup Cost": 1.31, "Total Cost": 1.31, "Plan Rows": 1, "Plan Width": 4, "Plans": [{"Node Type": "Seq Scan", "Parent Relationship": "Outer", "Relation Name": "nation", "Alias": "nation", "Startup Cost": 0.0, "Total Cost": 1.31, "Plan Rows": 1, "Plan Width": 4, "Filter": "(n_name = 'ALGERIA'::bpchar)"}]}]}]}]}]}, "Unique SQL Id": 202076520, "Planner Runtime": 2}, "explain_analyze_plan": {"Plan": {"Node Type": "Sort", "Startup Cost": 3063182.61, "Total Cost": 3063187.61, "Plan Rows": 2000, "Plan Width": 51, "Actual Startup Time": 40409.402, "Actual Total Time": 40409.557, "Actual Rows": 1746, "Actual Loops": 1, "Sort Key": ["supplier.s_name"], "Sort Method": "quicksort", "Sort Space Used": 309, "Sort Space Type": "Memory", "Plans": [{"Node Type": "Hash Join", "Parent Relationship": "Outer", "Join Type": "Right Semi", "Startup Cost": 2768223.24, "Total Cost": 3063072.95, "Plan Rows": 2000, "Plan Width": 51, "Actual Startup Time": 35140.2, "Actual Total Time": 40399.756, "Actual Rows": 1746, "Actual Loops": 1, "Inner Unique": false, "Hash Cond": "(lineitem.l_suppkey = supplier.s_suppkey)", "Plans": [{"Node Type": "Hash Join", "Parent Relationship": "Outer", "Join Type": "Inner", "Startup Cost": 2764598.29, "Total Cost": 3059427.99, "Plan Rows": 2, "Plan Width": 16, "Actual Startup Time": 35085.971, "Actual Total Time": 40331.182, "Actual Rows": 58537, "Actual Loops": 1, "Inner Unique": false, "Hash Cond": "((lineitem.l_partkey = partsupp.ps_partkey) AND (lineitem.l_suppkey = partsupp.ps_suppkey))", "Join Filter": "((partsupp.ps_availqty)::double precision > (.5::double precision * (sum(lineitem.l_quantity))))", "Rows Removed by Join Filter": 136, "Plans": [{"Node Type": "Aggregate", "Strategy": "Hashed", "Parent Relationship": "Outer", "Startup Cost": 2405767.29, "Total Cost": 2519163.29, "Plan Rows": 9071680, "Plan Width": 40, "Actual Startup Time": 30419.839, "Actual Total Time": 34121.602, "Actual Rows": 5442751, "Actual Loops": 1, "Group By Key": ["lineitem.l_partkey", "lineitem.l_suppkey"], "Plans": [{"Node Type": "Seq Scan", "Parent Relationship": "Outer", "Relation Name": "lineitem", "Alias": "lineitem", "Startup Cost": 119.57, "Total Cost": 2315050.5, "Plan Rows": 9071680, "Plan Width": 24, "Actual Startup Time": 0.051, "Actual Total Time": 23119.877, "Actual Rows": 9109641, "Actual Loops": 1, "Filter": "((l_shipdate >= '1993-01-01 00:00:00'::timestamp(0) without time zone) AND (l_shipdate < '1994-01-01 00:00:00'::timestamp without time zone)), (LLVM Optimized, Jit Execute)", "Rows Removed by Filter": 50876411}]}, {"Node Type": "Hash", "Parent Relationship": "Inner", "Startup Cost": 357862.71, "Total Cost": 357862.71, "Plan Rows": 64552, "Plan Width": 32, "Actual Startup Time": 4665.749, "Actual Total Time": 4665.749, "Actual Rows": 86224, "Actual Loops": 1, "Hash Buckets": 65536, "Hash Batches": 1, "Original Hash Batches": 1, "Peak Memory Usage": 5389, "Plans": [{"Node Type": "Hash Join", "Parent Relationship": "Outer", "Join Type": "Inner", "Startup Cost": 67224.9, "Total Cost": 357862.71, "Plan Rows": 64552, "Plan Width": 32, "Actual Startup Time": 766.655, "Actual Total Time": 4628.176, "Actual Rows": 86224, "Actual Loops": 1, "Inner Unique": true, "Hash Cond": "(partsupp.ps_partkey = part.p_partkey)", "Plans": [{"Node Type": "Seq Scan", "Parent Relationship": "Outer", "Relation Name": "partsupp", "Alias": "partsupp", "Startup Cost": 0.0, "Total Cost": 269987.72, "Plan Rows": 8000372, "Plan Width": 24, "Actual Startup Time": 0.022, "Actual Total Time": 2301.962, "Actual Rows": 8000000, "Actual Loops": 1}, {"Node Type": "Hash", "Parent Relationship": "Inner", "Startup Cost": 66944.0, "Total Cost": 66944.0, "Plan Rows": 22472, "Plan Width": 8, "Actual Startup Time": 766.484, "Actual Total Time": 766.484, "Actual Rows": 21556, "Actual Loops": 1, "Hash Buckets": 32768, "Hash Batches": 1, "Original Hash Batches": 1, "Peak Memory Usage": 843, "Plans": [{"Node Type": "Seq Scan", "Parent Relationship": "Outer", "Relation Name": "part", "Alias": "part", "Startup Cost": 0.0, "Total Cost": 66944.0, "Plan Rows": 22472, "Plan Width": 8, "Actual Startup Time": 0.033, "Actual Total Time": 757.233, "Actual Rows": 21556, "Actual Loops": 1, "Filter": "((p_name)::text ~~ 'green%'::text)", "Rows Removed by Filter": 1978444}]}]}]}]}, {"Node Type": "Hash", "Parent Relationship": "Inner", "Startup Cost": 3574.95, "Total Cost": 3574.95, "Plan Rows": 4000, "Plan Width": 59, "Actual Startup Time": 48.442, "Actual Total Time": 48.442, "Actual Rows": 3934, "Actual Loops": 1, "Hash Buckets": 32768, "Hash Batches": 1, "Original Hash Batches": 1, "Peak Memory Usage": 368, "Plans": [{"Node Type": "Hash Join", "Parent Relationship": "Outer", "Join Type": "Inner", "Startup Cost": 1.32, "Total Cost": 3574.95, "Plan Rows": 4000, "Plan Width": 59, "Actual Startup Time": 0.1, "Actual Total Time": 46.974, "Actual Rows": 3934, "Actual Loops": 1, "Inner Unique": true, "Hash Cond": "(supplier.s_nationkey = nation.n_nationkey)", "Plans": [{"Node Type": "Seq Scan", "Parent Relationship": "Outer", "Relation Name": "supplier", "Alias": "supplier", "Startup Cost": 0.0, "Total Cost": 3283.0, "Plan Rows": 100000, "Plan Width": 63, "Actual Startup Time": 0.021, "Actual Total Time": 27.134, "Actual Rows": 100000, "Actual Loops": 1}, {"Node Type": "Hash", "Parent Relationship": "Inner", "Startup Cost": 1.31, "Total Cost": 1.31, "Plan Rows": 1, "Plan Width": 4, "Actual Startup Time": 0.037, "Actual Total Time": 0.037, "Actual Rows": 1, "Actual Loops": 1, "Hash Buckets": 32768, "Hash Batches": 1, "Original Hash Batches": 1, "Peak Memory Usage": 1, "Plans": [{"Node Type": "Seq Scan", "Parent Relationship": "Outer", "Relation Name": "nation", "Alias": "nation", "Startup Cost": 0.0, "Total Cost": 1.31, "Plan Rows": 1, "Plan Width": 4, "Actual Startup Time": 0.017, "Actual Total Time": 0.026, "Actual Rows": 1, "Actual Loops": 1, "Filter": "(n_name = 'ALGERIA'::bpchar)", "Rows Removed by Filter": 24}]}]}]}]}]}, "Triggers": [], "Planner Runtime": 2, "Total Runtime": 40419.309, "Unique SQL Id": 202076520}}, "(64, 107)": {"explain_plan": {"Plan": {"Node Type": "Sort", "Startup Cost": 5001904909212.37, "Total Cost": 5001904909217.37, "Plan Rows": 2000, "Plan Width": 51, "Sort Key": ["supplier.s_name"], "Plans": [{"Node Type": "Nested Loop", "Parent Relationship": "Outer", "Join Type": "Semi", "Startup Cost": 3020816056965.71, "Total Cost": 5001904909102.71, "Plan Rows": 2000, "Plan Width": 51, "Inner Unique": false, "Plans": [{"Node Type": "Nested Loop", "Parent Relationship": "Outer", "Join Type": "Inner", "Startup Cost": 20000000095.25, "Total Cost": 2000000250512.56, "Plan Rows": 4000, "Plan Width": 59, "Inner Unique": false, "Plans": [{"Node Type": "Index Scan", "Parent Relationship": "Outer", "Scan Direction": "Forward", "Index Name": "nation_pkey", "Relation Name": "nation", "Alias": "nation", "Startup Cost": 10000000000.0, "Total Cost": 1000000001268.75, "Plan Rows": 1, "Plan Width": 4, "Filter": "(n_name = 'ALGERIA'::bpchar)"}, {"Node Type": "Bitmap Heap Scan", "Parent Relationship": "Inner", "Relation Name": "supplier", "Alias": "supplier", "Startup Cost": 10000000095.25, "Total Cost": 1000000249203.81, "Plan Rows": 4000, "Plan Width": 63, "Recheck Cond": "(s_nationkey = nation.n_nationkey)", "Plans": [{"Node Type": "Bitmap Index Scan", "Parent Relationship": "Outer", "Index Name": "idx_supplier_nation_key", "Startup Cost": 0.0, "Total Cost": 94.25, "Plan Rows": 4000, "Plan Width": 0, "Index Cond": "(s_nationkey = nation.n_nationkey)"}]}]}, {"Node Type": "Hash Join", "Parent Relationship": "Inner", "Join Type": "Inner", "Startup Cost": 3000816056870.46, "Total Cost": 3000816329020.88, "Plan Rows": 1, "Plan Width": 16, "Inner Unique": false, "Hash Cond": "((lineitem.l_partkey = partsupp.ps_partkey) AND (lineitem.l_suppkey = partsupp.ps_suppkey))", "Join Filter": "((supplier.s_suppkey = lineitem.l_suppkey) AND ((partsupp.ps_availqty)::double precision > (.5::double precision * (sum(lineitem.l_quantity)))))", "Plans": [{"Node Type": "Aggregate", "Strategy": "Hashed", "Parent Relationship": "Outer", "Startup Cost": 1000805475552.94, "Total Cost": 1000805588948.94, "Plan Rows": 9071680, "Plan Width": 40, "Group By Key": ["lineitem.l_partkey", "lineitem.l_suppkey"], "Plans": [{"Node Type": "Index Scan", "Parent Relationship": "Outer", "Scan Direction": "Forward", "Index Name": "idx_lineitem_part_supp", "Relation Name": "lineitem", "Alias": "lineitem", "Startup Cost": 10000000000.0, "Total Cost": 1000805384836.14, "Plan Rows": 9071680, "Plan Width": 24, "Filter": "((l_shipdate >= '1993-01-01 00:00:00'::timestamp(0) without time zone) AND (l_shipdate < '1994-01-01 00:00:00'::timestamp without time zone)), (LLVM Optimized)"}]}, {"Node Type": "Hash", "Parent Relationship": "Inner", "Startup Cost": 2000010581317.5, "Total Cost": 2000010581317.5, "Plan Rows": 1, "Plan Width": 32, "Plans": [{"Node Type": "Hash Join", "Parent Relationship": "Outer", "Join Type": "Right Semi", "Startup Cost": 1010000000932.76, "Total Cost": 2000010581317.5, "Plan Rows": 1, "Plan Width": 32, "Inner Unique": false, "Hash Cond": "(part.p_partkey = partsupp.ps_partkey)", "Plans": [{"Node Type": "Index Scan", "Parent Relationship": "Outer", "Scan Direction": "Forward", "Index Name": "part_kpey", "Relation Name": "part", "Alias": "part", "Startup Cost": 10000000000.0, "Total Cost": 1000010580325.0, "Plan Rows": 22472, "Plan Width": 8, "Filter": "((p_name)::text ~~ 'green%'::text)"}, {"Node Type": "Hash", "Parent Relationship": "Inner", "Startup Cost": 1000000000932.6, "Total Cost": 1000000000932.6, "Plan Rows": 13, "Plan Width": 24, "Plans": [{"Node Type": "Index Scan", "Parent Relationship": "Outer", "Scan Direction": "Forward", "Index Name": "idx_partsupp_suppkey", "Relation Name": "partsupp", "Alias": "partsupp", "Startup Cost": 10000000000.0, "Total Cost": 1000000000932.6, "Plan Rows": 13, "Plan Width": 24, "Index Cond": "(ps_suppkey = supplier.s_suppkey)"}]}]}]}]}]}]}, "Unique SQL Id": 202076520, "Planner Runtime": 2}, "explain_analyze_plan": null}, "(64, 108)": {"explain_plan": {"Plan": {"Node Type": "Sort", "Startup Cost": 2930392.43, "Total Cost": 2930397.43, "Plan Rows": 2000, "Plan Width": 51, "Sort Key": ["supplier.s_name"], "Plans": [{"Node Type": "Hash Join", "Parent Relationship": "Outer", "Join Type": "Right Semi", "Startup Cost": 2635433.06, "Total Cost": 2930282.77, "Plan Rows": 2000, "Plan Width": 51, "Inner Unique": false, "Hash Cond": "(lineitem.l_suppkey = supplier.s_suppkey)", "Plans": [{"Node Type": "Hash Join", "Parent Relationship": "Outer", "Join Type": "Inner", "Startup Cost": 2631808.11, "Total Cost": 2926637.81, "Plan Rows": 2, "Plan Width": 16, "Inner Unique": false, "Hash Cond": "((lineitem.l_partkey = partsupp.ps_partkey) AND (lineitem.l_suppkey = partsupp.ps_suppkey))", "Join Filter": "((partsupp.ps_availqty)::double precision > (.5::double precision * (sum(lineitem.l_quantity))))", "Plans": [{"Node Type": "Aggregate", "Strategy": "Hashed", "Parent Relationship": "Outer", "Startup Cost": 2405767.29, "Total Cost": 2519163.29, "Plan Rows": 9071680, "Plan Width": 40, "Group By Key": ["lineitem.l_partkey", "lineitem.l_suppkey"], "Plans": [{"Node Type": "Seq Scan", "Parent Relationship": "Outer", "Relation Name": "lineitem", "Alias": "lineitem", "Startup Cost": 119.57, "Total Cost": 2315050.5, "Plan Rows": 9071680, "Plan Width": 24, "Filter": "((l_shipdate >= '1993-01-01 00:00:00'::timestamp(0) without time zone) AND (l_shipdate < '1994-01-01 00:00:00'::timestamp without time zone)), (LLVM Optimized)"}]}, {"Node Type": "Hash", "Parent Relationship": "Inner", "Startup Cost": 225072.53, "Total Cost": 225072.53, "Plan Rows": 64552, "Plan Width": 32, "Plans": [{"Node Type": "Nested Loop", "Parent Relationship": "Outer", "Join Type": "Inner", "Startup Cost": 0.0, "Total Cost": 225072.53, "Plan Rows": 64552, "Plan Width": 32, "Inner Unique": false, "Plans": [{"Node Type": "Seq Scan", "Parent Relationship": "Outer", "Relation Name": "part", "Alias": "part", "Startup Cost": 0.0, "Total Cost": 66944.0, "Plan Rows": 22472, "Plan Width": 8, "Filter": "((p_name)::text ~~ 'green%'::text)"}, {"Node Type": "Index Scan", "Parent Relationship": "Inner", "Scan Direction": "Forward", "Index Name": "idx_partsupp_partkey", "Relation Name": "partsupp", "Alias": "partsupp", "Startup Cost": 0.0, "Total Cost": 7.01, "Plan Rows": 3, "Plan Width": 24, "Index Cond": "(ps_partkey = part.p_partkey)"}]}]}]}, {"Node Type": "Hash", "Parent Relationship": "Inner", "Startup Cost": 3574.95, "Total Cost": 3574.95, "Plan Rows": 4000, "Plan Width": 59, "Plans": [{"Node Type": "Hash Join", "Parent Relationship": "Outer", "Join Type": "Inner", "Startup Cost": 1.32, "Total Cost": 3574.95, "Plan Rows": 4000, "Plan Width": 59, "Inner Unique": true, "Hash Cond": "(supplier.s_nationkey = nation.n_nationkey)", "Plans": [{"Node Type": "Seq Scan", "Parent Relationship": "Outer", "Relation Name": "supplier", "Alias": "supplier", "Startup Cost": 0.0, "Total Cost": 3283.0, "Plan Rows": 100000, "Plan Width": 63}, {"Node Type": "Hash", "Parent Relationship": "Inner", "Startup Cost": 1.31, "Total Cost": 1.31, "Plan Rows": 1, "Plan Width": 4, "Plans": [{"Node Type": "Seq Scan", "Parent Relationship": "Outer", "Relation Name": "nation", "Alias": "nation", "Startup Cost": 0.0, "Total Cost": 1.31, "Plan Rows": 1, "Plan Width": 4, "Filter": "(n_name = 'ALGERIA'::bpchar)"}]}]}]}]}]}, "Unique SQL Id": 202076520, "Planner Runtime": 2}, "explain_analyze_plan": {"Plan": {"Node Type": "Sort", "Startup Cost": 2930392.43, "Total Cost": 2930397.43, "Plan Rows": 2000, "Plan Width": 51, "Actual Startup Time": 36485.5, "Actual Total Time": 36485.648, "Actual Rows": 1746, "Actual Loops": 1, "Sort Key": ["supplier.s_name"], "Sort Method": "quicksort", "Sort Space Used": 309, "Sort Space Type": "Memory", "Plans": [{"Node Type": "Hash Join", "Parent Relationship": "Outer", "Join Type": "Right Semi", "Startup Cost": 2635433.06, "Total Cost": 2930282.77, "Plan Rows": 2000, "Plan Width": 51, "Actual Startup Time": 31877.287, "Actual Total Time": 36475.909, "Actual Rows": 1746, "Actual Loops": 1, "Inner Unique": false, "Hash Cond": "(lineitem.l_suppkey = supplier.s_suppkey)", "Plans": [{"Node Type": "Hash Join", "Parent Relationship": "Outer", "Join Type": "Inner", "Startup Cost": 2631808.11, "Total Cost": 2926637.81, "Plan Rows": 2, "Plan Width": 16, "Actual Startup Time": 31823.034, "Actual Total Time": 36409.678, "Actual Rows": 58537, "Actual Loops": 1, "Inner Unique": false, "Hash Cond": "((lineitem.l_partkey = partsupp.ps_partkey) AND (lineitem.l_suppkey = partsupp.ps_suppkey))", "Join Filter": "((partsupp.ps_availqty)::double precision > (.5::double precision * (sum(lineitem.l_quantity))))", "Rows Removed by Join Filter": 136, "Plans": [{"Node Type": "Aggregate", "Strategy": "Hashed", "Parent Relationship": "Outer", "Startup Cost": 2405767.29, "Total Cost": 2519163.29, "Plan Rows": 9071680, "Plan Width": 40, "Actual Startup Time": 30820.882, "Actual Total Time": 33825.619, "Actual Rows": 5442751, "Actual Loops": 1, "Group By Key": ["lineitem.l_partkey", "lineitem.l_suppkey"], "Plans": [{"Node Type": "Seq Scan", "Parent Relationship": "Outer", "Relation Name": "lineitem", "Alias": "lineitem", "Startup Cost": 119.57, "Total Cost": 2315050.5, "Plan Rows": 9071680, "Plan Width": 24, "Actual Startup Time": 0.044, "Actual Total Time": 23190.171, "Actual Rows": 9109641, "Actual Loops": 1, "Filter": "((l_shipdate >= '1993-01-01 00:00:00'::timestamp(0) without time zone) AND (l_shipdate < '1994-01-01 00:00:00'::timestamp without time zone)), (LLVM Optimized, Jit Execute)", "Rows Removed by Filter": 50876411}]}, {"Node Type": "Hash", "Parent Relationship": "Inner", "Startup Cost": 225072.53, "Total Cost": 225072.53, "Plan Rows": 64552, "Plan Width": 32, "Actual Startup Time": 1001.922, "Actual Total Time": 1001.922, "Actual Rows": 86224, "Actual Loops": 1, "Hash Buckets": 65536, "Hash Batches": 1, "Original Hash Batches": 1, "Peak Memory Usage": 5389, "Plans": [{"Node Type": "Nested Loop", "Parent Relationship": "Outer", "Join Type": "Inner", "Startup Cost": 0.0, "Total Cost": 225072.53, "Plan Rows": 64552, "Plan Width": 32, "Actual Startup Time": 0.078, "Actual Total Time": 967.257, "Actual Rows": 86224, "Actual Loops": 1, "Inner Unique": false, "Plans": [{"Node Type": "Seq Scan", "Parent Relationship": "Outer", "Relation Name": "part", "Alias": "part", "Startup Cost": 0.0, "Total Cost": 66944.0, "Plan Rows": 22472, "Plan Width": 8, "Actual Startup Time": 0.039, "Actual Total Time": 767.135, "Actual Rows": 21556, "Actual Loops": 1, "Filter": "((p_name)::text ~~ 'green%'::text)", "Rows Removed by Filter": 1978444}, {"Node Type": "Index Scan", "Parent Relationship": "Inner", "Scan Direction": "Forward", "Index Name": "idx_partsupp_partkey", "Relation Name": "partsupp", "Alias": "partsupp", "Startup Cost": 0.0, "Total Cost": 7.01, "Plan Rows": 3, "Plan Width": 24, "Actual Startup Time": 124.65, "Actual Total Time": 167.192, "Actual Rows": 86224, "Actual Loops": 21556, "Index Cond": "(ps_partkey = part.p_partkey)", "Rows Removed by Index Recheck": 0}]}]}]}, {"Node Type": "Hash", "Parent Relationship": "Inner", "Startup Cost": 3574.95, "Total Cost": 3574.95, "Plan Rows": 4000, "Plan Width": 59, "Actual Startup Time": 48.411, "Actual Total Time": 48.411, "Actual Rows": 3934, "Actual Loops": 1, "Hash Buckets": 32768, "Hash Batches": 1, "Original Hash Batches": 1, "Peak Memory Usage": 368, "Plans": [{"Node Type": "Hash Join", "Parent Relationship": "Outer", "Join Type": "Inner", "Startup Cost": 1.32, "Total Cost": 3574.95, "Plan Rows": 4000, "Plan Width": 59, "Actual Startup Time": 0.099, "Actual Total Time": 46.953, "Actual Rows": 3934, "Actual Loops": 1, "Inner Unique": true, "Hash Cond": "(supplier.s_nationkey = nation.n_nationkey)", "Plans": [{"Node Type": "Seq Scan", "Parent Relationship": "Outer", "Relation Name": "supplier", "Alias": "supplier", "Startup Cost": 0.0, "Total Cost": 3283.0, "Plan Rows": 100000, "Plan Width": 63, "Actual Startup Time": 0.022, "Actual Total Time": 27.225, "Actual Rows": 100000, "Actual Loops": 1}, {"Node Type": "Hash", "Parent Relationship": "Inner", "Startup Cost": 1.31, "Total Cost": 1.31, "Plan Rows": 1, "Plan Width": 4, "Actual Startup Time": 0.035, "Actual Total Time": 0.035, "Actual Rows": 1, "Actual Loops": 1, "Hash Buckets": 32768, "Hash Batches": 1, "Original Hash Batches": 1, "Peak Memory Usage": 1, "Plans": [{"Node Type": "Seq Scan", "Parent Relationship": "Outer", "Relation Name": "nation", "Alias": "nation", "Startup Cost": 0.0, "Total Cost": 1.31, "Plan Rows": 1, "Plan Width": 4, "Actual Startup Time": 0.019, "Actual Total Time": 0.027, "Actual Rows": 1, "Actual Loops": 1, "Filter": "(n_name = 'ALGERIA'::bpchar)", "Rows Removed by Filter": 24}]}]}]}]}]}, "Triggers": [], "Planner Runtime": 2, "Total Runtime": 36495.226, "Unique SQL Id": 202076520}}, "(64, 109)": {"explain_plan": {"Plan": {"Node Type": "Sort", "Startup Cost": 6720005.94, "Total Cost": 6720010.94, "Plan Rows": 2000, "Plan Width": 51, "Sort Key": ["supplier.s_name"], "Plans": [{"Node Type": "Hash Join", "Parent Relationship": "Outer", "Join Type": "Right Semi", "Startup Cost": 6425046.57, "Total Cost": 6719896.28, "Plan Rows": 2000, "Plan Width": 51, "Inner Unique": false, "Hash Cond": "(lineitem.l_suppkey = supplier.s_suppkey)", "Plans": [{"Node Type": "Hash Join", "Parent Relationship": "Outer", "Join Type": "Inner", "Startup Cost": 6419358.7, "Total Cost": 6714188.4, "Plan Rows": 2, "Plan Width": 16, "Inner Unique": false, "Hash Cond": "((lineitem.l_partkey = partsupp.ps_partkey) AND (lineitem.l_suppkey = partsupp.ps_suppkey))", "Join Filter": "((partsupp.ps_availqty)::double precision > (.5::double precision * (sum(lineitem.l_quantity))))", "Plans": [{"Node Type": "Aggregate", "Strategy": "Hashed", "Parent Relationship": "Outer", "Startup Cost": 6154458.63, "Total Cost": 6267854.63, "Plan Rows": 9071680, "Plan Width": 40, "Group By Key": ["lineitem.l_partkey", "lineitem.l_suppkey"], "Plans": [{"Node Type": "Index Scan", "Parent Relationship": "Outer", "Scan Direction": "Forward", "Index Name": "idx_lineitem_shipdate", "Relation Name": "lineitem", "Alias": "lineitem", "Startup Cost": 0.0, "Total Cost": 6063741.83, "Plan Rows": 9071680, "Plan Width": 24, "Index Cond": "((l_shipdate >= '1993-01-01 00:00:00'::timestamp(0) without time zone) AND (l_shipdate < '1994-01-01 00:00:00'::timestamp without time zone)), (LLVM Optimized)"}]}, {"Node Type": "Hash", "Parent Relationship": "Inner", "Startup Cost": 263931.78, "Total Cost": 263931.78, "Plan Rows": 64552, "Plan Width": 32, "Plans": [{"Node Type": "Nested Loop", "Parent Relationship": "Outer", "Join Type": "Inner", "Startup Cost": 0.0, "Total Cost": 263931.78, "Plan Rows": 64552, "Plan Width": 32, "Inner Unique": false, "Plans": [{"Node Type": "Index Scan", "Parent Relationship": "Outer", "Scan Direction": "Forward", "Index Name": "part_kpey", "Relation Name": "part", "Alias": "part", "Startup Cost": 0.0, "Total Cost": 105803.25, "Plan Rows": 22472, "Plan Width": 8, "Filter": "((p_name)::text ~~ 'green%'::text)"}, {"Node Type": "Index Scan", "Parent Relationship": "Inner", "Scan Direction": "Forward", "Index Name": "idx_partsupp_partkey", "Relation Name": "partsupp", "Alias": "partsupp", "Startup Cost": 0.0, "Total Cost": 7.01, "Plan Rows": 3, "Plan Width": 24, "Index Cond": "(ps_partkey = part.p_partkey)"}]}]}]}, {"Node Type": "Hash", "Parent Relationship": "Inner", "Startup Cost": 5637.87, "Total Cost": 5637.87, "Plan Rows": 4000, "Plan Width": 59, "Plans": [{"Node Type": "Hash Join", "Parent Relationship": "Outer", "Join Type": "Inner", "Startup Cost": 12.7, "Total Cost": 5637.87, "Plan Rows": 4000, "Plan Width": 59, "Inner Unique": true, "Hash Cond": "(supplier.s_nationkey = nation.n_nationkey)", "Plans": [{"Node Type": "Index Scan", "Parent Relationship": "Outer", "Scan Direction": "Forward", "Index Name": "supplier_pkey", "Relation Name": "supplier", "Alias": "supplier", "Startup Cost": 0.0, "Total Cost": 5334.54, "Plan Rows": 100000, "Plan Width": 63}, {"Node Type": "Hash", "Parent Relationship": "Inner", "Startup Cost": 12.69, "Total Cost": 12.69, "Plan Rows": 1, "Plan Width": 4, "Plans": [{"Node Type": "Index Scan", "Parent Relationship": "Outer", "Scan Direction": "Forward", "Index Name": "nation_pkey", "Relation Name": "nation", "Alias": "nation", "Startup Cost": 0.0, "Total Cost": 12.69, "Plan Rows": 1, "Plan Width": 4, "Filter": "(n_name = 'ALGERIA'::bpchar)"}]}]}]}]}]}, "Unique SQL Id": 202076520, "Planner Runtime": 2}, "explain_analyze_plan": {"Plan": {"Node Type": "Sort", "Startup Cost": 6720005.94, "Total Cost": 6720010.94, "Plan Rows": 2000, "Plan Width": 51, "Actual Startup Time": 37951.991, "Actual Total Time": 37952.17, "Actual Rows": 1746, "Actual Loops": 1, "Sort Key": ["supplier.s_name"], "Sort Method": "quicksort", "Sort Space Used": 309, "Sort Space Type": "Memory", "Plans": [{"Node Type": "Hash Join", "Parent Relationship": "Outer", "Join Type": "Right Semi", "Startup Cost": 6425046.57, "Total Cost": 6719896.28, "Plan Rows": 2000, "Plan Width": 51, "Actual Startup Time": 33695.563, "Actual Total Time": 37941.802, "Actual Rows": 1746, "Actual Loops": 1, "Inner Unique": false, "Hash Cond": "(lineitem.l_suppkey = supplier.s_suppkey)", "Plans": [{"Node Type": "Hash Join", "Parent Relationship": "Outer", "Join Type": "Inner", "Startup Cost": 6419358.7, "Total Cost": 6714188.4, "Plan Rows": 2, "Plan Width": 16, "Actual Startup Time": 33617.215, "Actual Total Time": 37853.439, "Actual Rows": 58537, "Actual Loops": 1, "Inner Unique": false, "Hash Cond": "((lineitem.l_partkey = partsupp.ps_partkey) AND (lineitem.l_suppkey = partsupp.ps_suppkey))", "Join Filter": "((partsupp.ps_availqty)::double precision > (.5::double precision * (sum(lineitem.l_quantity))))", "Rows Removed by Join Filter": 136, "Plans": [{"Node Type": "Aggregate", "Strategy": "Hashed", "Parent Relationship": "Outer", "Startup Cost": 6154458.63, "Total Cost": 6267854.63, "Plan Rows": 9071680, "Plan Width": 40, "Actual Startup Time": 31806.716, "Actual Total Time": 34556.876, "Actual Rows": 5442751, "Actual Loops": 1, "Group By Key": ["lineitem.l_partkey", "lineitem.l_suppkey"], "Plans": [{"Node Type": "Index Scan", "Parent Relationship": "Outer", "Scan Direction": "Forward", "Index Name": "idx_lineitem_shipdate", "Relation Name": "lineitem", "Alias": "lineitem", "Startup Cost": 0.0, "Total Cost": 6063741.83, "Plan Rows": 9071680, "Plan Width": 24, "Actual Startup Time": 0.081, "Actual Total Time": 23380.249, "Actual Rows": 9109641, "Actual Loops": 1, "Index Cond": "((l_shipdate >= '1993-01-01 00:00:00'::timestamp(0) without time zone) AND (l_shipdate < '1994-01-01 00:00:00'::timestamp without time zone)), (LLVM Optimized, Jit Execute)", "Rows Removed by Index Recheck": 0}]}, {"Node Type": "Hash", "Parent Relationship": "Inner", "Startup Cost": 263931.78, "Total Cost": 263931.78, "Plan Rows": 64552, "Plan Width": 32, "Actual Startup Time": 1809.883, "Actual Total Time": 1809.883, "Actual Rows": 86224, "Actual Loops": 1, "Hash Buckets": 65536, "Hash Batches": 1, "Original Hash Batches": 1, "Peak Memory Usage": 5389, "Plans": [{"Node Type": "Nested Loop", "Parent Relationship": "Outer", "Join Type": "Inner", "Startup Cost": 0.0, "Total Cost": 263931.78, "Plan Rows": 64552, "Plan Width": 32, "Actual Startup Time": 0.091, "Actual Total Time": 1767.629, "Actual Rows": 86224, "Actual Loops": 1, "Inner Unique": false, "Plans": [{"Node Type": "Index Scan", "Parent Relationship": "Outer", "Scan Direction": "Forward", "Index Name": "part_kpey", "Relation Name": "part", "Alias": "part", "Startup Cost": 0.0, "Total Cost": 105803.25, "Plan Rows": 22472, "Plan Width": 8, "Actual Startup Time": 0.066, "Actual Total Time": 1527.871, "Actual Rows": 21556, "Actual Loops": 1, "Filter": "((p_name)::text ~~ 'green%'::text)", "Rows Removed by Filter": 1978444}, {"Node Type": "Index Scan", "Parent Relationship": "Inner", "Scan Direction": "Forward", "Index Name": "idx_partsupp_partkey", "Relation Name": "partsupp", "Alias": "partsupp", "Startup Cost": 0.0, "Total Cost": 7.01, "Plan Rows": 3, "Plan Width": 24, "Actual Startup Time": 158.221, "Actual Total Time": 206.922, "Actual Rows": 86224, "Actual Loops": 21556, "Index Cond": "(ps_partkey = part.p_partkey)", "Rows Removed by Index Recheck": 0}]}]}]}, {"Node Type": "Hash", "Parent Relationship": "Inner", "Startup Cost": 5637.87, "Total Cost": 5637.87, "Plan Rows": 4000, "Plan Width": 59, "Actual Startup Time": 71.42, "Actual Total Time": 71.42, "Actual Rows": 3934, "Actual Loops": 1, "Hash Buckets": 32768, "Hash Batches": 1, "Original Hash Batches": 1, "Peak Memory Usage": 368, "Plans": [{"Node Type": "Hash Join", "Parent Relationship": "Outer", "Join Type": "Inner", "Startup Cost": 12.7, "Total Cost": 5637.87, "Plan Rows": 4000, "Plan Width": 59, "Actual Startup Time": 0.112, "Actual Total Time": 69.871, "Actual Rows": 3934, "Actual Loops": 1, "Inner Unique": true, "Hash Cond": "(supplier.s_nationkey = nation.n_nationkey)", "Plans": [{"Node Type": "Index Scan", "Parent Relationship": "Outer", "Scan Direction": "Forward", "Index Name": "supplier_pkey", "Relation Name": "supplier", "Alias": "supplier", "Startup Cost": 0.0, "Total Cost": 5334.54, "Plan Rows": 100000, "Plan Width": 63, "Actual Startup Time": 0.029, "Actual Total Time": 49.925, "Actual Rows": 100000, "Actual Loops": 1}, {"Node Type": "Hash", "Parent Relationship": "Inner", "Startup Cost": 12.69, "Total Cost": 12.69, "Plan Rows": 1, "Plan Width": 4, "Actual Startup Time": 0.034, "Actual Total Time": 0.034, "Actual Rows": 1, "Actual Loops": 1, "Hash Buckets": 32768, "Hash Batches": 1, "Original Hash Batches": 1, "Peak Memory Usage": 1, "Plans": [{"Node Type": "Index Scan", "Parent Relationship": "Outer", "Scan Direction": "Forward", "Index Name": "nation_pkey", "Relation Name": "nation", "Alias": "nation", "Startup Cost": 0.0, "Total Cost": 12.69, "Plan Rows": 1, "Plan Width": 4, "Actual Startup Time": 0.013, "Actual Total Time": 0.029, "Actual Rows": 1, "Actual Loops": 1, "Filter": "(n_name = 'ALGERIA'::bpchar)", "Rows Removed by Filter": 24}]}]}]}]}]}, "Triggers": [], "Planner Runtime": 2, "Total Runtime": 37961.705, "Unique SQL Id": 202076520}}, "(64, 110)": {"explain_plan": {"Plan": {"Node Type": "Sort", "Startup Cost": 3063182.61, "Total Cost": 3063187.61, "Plan Rows": 2000, "Plan Width": 51, "Sort Key": ["supplier.s_name"], "Plans": [{"Node Type": "Hash Join", "Parent Relationship": "Outer", "Join Type": "Right Semi", "Startup Cost": 2768223.24, "Total Cost": 3063072.95, "Plan Rows": 2000, "Plan Width": 51, "Inner Unique": false, "Hash Cond": "(lineitem.l_suppkey = supplier.s_suppkey)", "Plans": [{"Node Type": "Hash Join", "Parent Relationship": "Outer", "Join Type": "Inner", "Startup Cost": 2764598.29, "Total Cost": 3059427.99, "Plan Rows": 2, "Plan Width": 16, "Inner Unique": false, "Hash Cond": "((lineitem.l_partkey = partsupp.ps_partkey) AND (lineitem.l_suppkey = partsupp.ps_suppkey))", "Join Filter": "((partsupp.ps_availqty)::double precision > (.5::double precision * (sum(lineitem.l_quantity))))", "Plans": [{"Node Type": "Aggregate", "Strategy": "Hashed", "Parent Relationship": "Outer", "Startup Cost": 2405767.29, "Total Cost": 2519163.29, "Plan Rows": 9071680, "Plan Width": 40, "Group By Key": ["lineitem.l_partkey", "lineitem.l_suppkey"], "Plans": [{"Node Type": "Seq Scan", "Parent Relationship": "Outer", "Relation Name": "lineitem", "Alias": "lineitem", "Startup Cost": 119.57, "Total Cost": 2315050.5, "Plan Rows": 9071680, "Plan Width": 24, "Filter": "((l_shipdate >= '1993-01-01 00:00:00'::timestamp(0) without time zone) AND (l_shipdate < '1994-01-01 00:00:00'::timestamp without time zone)), (LLVM Optimized)"}]}, {"Node Type": "Hash", "Parent Relationship": "Inner", "Startup Cost": 357862.71, "Total Cost": 357862.71, "Plan Rows": 64552, "Plan Width": 32, "Plans": [{"Node Type": "Hash Join", "Parent Relationship": "Outer", "Join Type": "Inner", "Startup Cost": 67224.9, "Total Cost": 357862.71, "Plan Rows": 64552, "Plan Width": 32, "Inner Unique": true, "Hash Cond": "(partsupp.ps_partkey = part.p_partkey)", "Plans": [{"Node Type": "Seq Scan", "Parent Relationship": "Outer", "Relation Name": "partsupp", "Alias": "partsupp", "Startup Cost": 0.0, "Total Cost": 269987.72, "Plan Rows": 8000372, "Plan Width": 24}, {"Node Type": "Hash", "Parent Relationship": "Inner", "Startup Cost": 66944.0, "Total Cost": 66944.0, "Plan Rows": 22472, "Plan Width": 8, "Plans": [{"Node Type": "Seq Scan", "Parent Relationship": "Outer", "Relation Name": "part", "Alias": "part", "Startup Cost": 0.0, "Total Cost": 66944.0, "Plan Rows": 22472, "Plan Width": 8, "Filter": "((p_name)::text ~~ 'green%'::text)"}]}]}]}]}, {"Node Type": "Hash", "Parent Relationship": "Inner", "Startup Cost": 3574.95, "Total Cost": 3574.95, "Plan Rows": 4000, "Plan Width": 59, "Plans": [{"Node Type": "Hash Join", "Parent Relationship": "Outer", "Join Type": "Inner", "Startup Cost": 1.32, "Total Cost": 3574.95, "Plan Rows": 4000, "Plan Width": 59, "Inner Unique": true, "Hash Cond": "(supplier.s_nationkey = nation.n_nationkey)", "Plans": [{"Node Type": "Seq Scan", "Parent Relationship": "Outer", "Relation Name": "supplier", "Alias": "supplier", "Startup Cost": 0.0, "Total Cost": 3283.0, "Plan Rows": 100000, "Plan Width": 63}, {"Node Type": "Hash", "Parent Relationship": "Inner", "Startup Cost": 1.31, "Total Cost": 1.31, "Plan Rows": 1, "Plan Width": 4, "Plans": [{"Node Type": "Seq Scan", "Parent Relationship": "Outer", "Relation Name": "nation", "Alias": "nation", "Startup Cost": 0.0, "Total Cost": 1.31, "Plan Rows": 1, "Plan Width": 4, "Filter": "(n_name = 'ALGERIA'::bpchar)"}]}]}]}]}]}, "Unique SQL Id": 202076520, "Planner Runtime": 2}, "explain_analyze_plan": {"Plan": {"Node Type": "Sort", "Startup Cost": 3063182.61, "Total Cost": 3063187.61, "Plan Rows": 2000, "Plan Width": 51, "Actual Startup Time": 40409.402, "Actual Total Time": 40409.557, "Actual Rows": 1746, "Actual Loops": 1, "Sort Key": ["supplier.s_name"], "Sort Method": "quicksort", "Sort Space Used": 309, "Sort Space Type": "Memory", "Plans": [{"Node Type": "Hash Join", "Parent Relationship": "Outer", "Join Type": "Right Semi", "Startup Cost": 2768223.24, "Total Cost": 3063072.95, "Plan Rows": 2000, "Plan Width": 51, "Actual Startup Time": 35140.2, "Actual Total Time": 40399.756, "Actual Rows": 1746, "Actual Loops": 1, "Inner Unique": false, "Hash Cond": "(lineitem.l_suppkey = supplier.s_suppkey)", "Plans": [{"Node Type": "Hash Join", "Parent Relationship": "Outer", "Join Type": "Inner", "Startup Cost": 2764598.29, "Total Cost": 3059427.99, "Plan Rows": 2, "Plan Width": 16, "Actual Startup Time": 35085.971, "Actual Total Time": 40331.182, "Actual Rows": 58537, "Actual Loops": 1, "Inner Unique": false, "Hash Cond": "((lineitem.l_partkey = partsupp.ps_partkey) AND (lineitem.l_suppkey = partsupp.ps_suppkey))", "Join Filter": "((partsupp.ps_availqty)::double precision > (.5::double precision * (sum(lineitem.l_quantity))))", "Rows Removed by Join Filter": 136, "Plans": [{"Node Type": "Aggregate", "Strategy": "Hashed", "Parent Relationship": "Outer", "Startup Cost": 2405767.29, "Total Cost": 2519163.29, "Plan Rows": 9071680, "Plan Width": 40, "Actual Startup Time": 30419.839, "Actual Total Time": 34121.602, "Actual Rows": 5442751, "Actual Loops": 1, "Group By Key": ["lineitem.l_partkey", "lineitem.l_suppkey"], "Plans": [{"Node Type": "Seq Scan", "Parent Relationship": "Outer", "Relation Name": "lineitem", "Alias": "lineitem", "Startup Cost": 119.57, "Total Cost": 2315050.5, "Plan Rows": 9071680, "Plan Width": 24, "Actual Startup Time": 0.051, "Actual Total Time": 23119.877, "Actual Rows": 9109641, "Actual Loops": 1, "Filter": "((l_shipdate >= '1993-01-01 00:00:00'::timestamp(0) without time zone) AND (l_shipdate < '1994-01-01 00:00:00'::timestamp without time zone)), (LLVM Optimized, Jit Execute)", "Rows Removed by Filter": 50876411}]}, {"Node Type": "Hash", "Parent Relationship": "Inner", "Startup Cost": 357862.71, "Total Cost": 357862.71, "Plan Rows": 64552, "Plan Width": 32, "Actual Startup Time": 4665.749, "Actual Total Time": 4665.749, "Actual Rows": 86224, "Actual Loops": 1, "Hash Buckets": 65536, "Hash Batches": 1, "Original Hash Batches": 1, "Peak Memory Usage": 5389, "Plans": [{"Node Type": "Hash Join", "Parent Relationship": "Outer", "Join Type": "Inner", "Startup Cost": 67224.9, "Total Cost": 357862.71, "Plan Rows": 64552, "Plan Width": 32, "Actual Startup Time": 766.655, "Actual Total Time": 4628.176, "Actual Rows": 86224, "Actual Loops": 1, "Inner Unique": true, "Hash Cond": "(partsupp.ps_partkey = part.p_partkey)", "Plans": [{"Node Type": "Seq Scan", "Parent Relationship": "Outer", "Relation Name": "partsupp", "Alias": "partsupp", "Startup Cost": 0.0, "Total Cost": 269987.72, "Plan Rows": 8000372, "Plan Width": 24, "Actual Startup Time": 0.022, "Actual Total Time": 2301.962, "Actual Rows": 8000000, "Actual Loops": 1}, {"Node Type": "Hash", "Parent Relationship": "Inner", "Startup Cost": 66944.0, "Total Cost": 66944.0, "Plan Rows": 22472, "Plan Width": 8, "Actual Startup Time": 766.484, "Actual Total Time": 766.484, "Actual Rows": 21556, "Actual Loops": 1, "Hash Buckets": 32768, "Hash Batches": 1, "Original Hash Batches": 1, "Peak Memory Usage": 843, "Plans": [{"Node Type": "Seq Scan", "Parent Relationship": "Outer", "Relation Name": "part", "Alias": "part", "Startup Cost": 0.0, "Total Cost": 66944.0, "Plan Rows": 22472, "Plan Width": 8, "Actual Startup Time": 0.033, "Actual Total Time": 757.233, "Actual Rows": 21556, "Actual Loops": 1, "Filter": "((p_name)::text ~~ 'green%'::text)", "Rows Removed by Filter": 1978444}]}]}]}]}, {"Node Type": "Hash", "Parent Relationship": "Inner", "Startup Cost": 3574.95, "Total Cost": 3574.95, "Plan Rows": 4000, "Plan Width": 59, "Actual Startup Time": 48.442, "Actual Total Time": 48.442, "Actual Rows": 3934, "Actual Loops": 1, "Hash Buckets": 32768, "Hash Batches": 1, "Original Hash Batches": 1, "Peak Memory Usage": 368, "Plans": [{"Node Type": "Hash Join", "Parent Relationship": "Outer", "Join Type": "Inner", "Startup Cost": 1.32, "Total Cost": 3574.95, "Plan Rows": 4000, "Plan Width": 59, "Actual Startup Time": 0.1, "Actual Total Time": 46.974, "Actual Rows": 3934, "Actual Loops": 1, "Inner Unique": true, "Hash Cond": "(supplier.s_nationkey = nation.n_nationkey)", "Plans": [{"Node Type": "Seq Scan", "Parent Relationship": "Outer", "Relation Name": "supplier", "Alias": "supplier", "Startup Cost": 0.0, "Total Cost": 3283.0, "Plan Rows": 100000, "Plan Width": 63, "Actual Startup Time": 0.021, "Actual Total Time": 27.134, "Actual Rows": 100000, "Actual Loops": 1}, {"Node Type": "Hash", "Parent Relationship": "Inner", "Startup Cost": 1.31, "Total Cost": 1.31, "Plan Rows": 1, "Plan Width": 4, "Actual Startup Time": 0.037, "Actual Total Time": 0.037, "Actual Rows": 1, "Actual Loops": 1, "Hash Buckets": 32768, "Hash Batches": 1, "Original Hash Batches": 1, "Peak Memory Usage": 1, "Plans": [{"Node Type": "Seq Scan", "Parent Relationship": "Outer", "Relation Name": "nation", "Alias": "nation", "Startup Cost": 0.0, "Total Cost": 1.31, "Plan Rows": 1, "Plan Width": 4, "Actual Startup Time": 0.017, "Actual Total Time": 0.026, "Actual Rows": 1, "Actual Loops": 1, "Filter": "(n_name = 'ALGERIA'::bpchar)", "Rows Removed by Filter": 24}]}]}]}]}]}, "Triggers": [], "Planner Runtime": 2, "Total Runtime": 40419.309, "Unique SQL Id": 202076520}}, "(64, 111)": {"explain_plan": {"Plan": {"Node Type": "Sort", "Startup Cost": 5001904909212.37, "Total Cost": 5001904909217.37, "Plan Rows": 2000, "Plan Width": 51, "Sort Key": ["supplier.s_name"], "Plans": [{"Node Type": "Nested Loop", "Parent Relationship": "Outer", "Join Type": "Semi", "Startup Cost": 3020816056965.71, "Total Cost": 5001904909102.71, "Plan Rows": 2000, "Plan Width": 51, "Inner Unique": false, "Plans": [{"Node Type": "Nested Loop", "Parent Relationship": "Outer", "Join Type": "Inner", "Startup Cost": 20000000095.25, "Total Cost": 2000000250512.56, "Plan Rows": 4000, "Plan Width": 59, "Inner Unique": false, "Plans": [{"Node Type": "Index Scan", "Parent Relationship": "Outer", "Scan Direction": "Forward", "Index Name": "nation_pkey", "Relation Name": "nation", "Alias": "nation", "Startup Cost": 10000000000.0, "Total Cost": 1000000001268.75, "Plan Rows": 1, "Plan Width": 4, "Filter": "(n_name = 'ALGERIA'::bpchar)"}, {"Node Type": "Bitmap Heap Scan", "Parent Relationship": "Inner", "Relation Name": "supplier", "Alias": "supplier", "Startup Cost": 10000000095.25, "Total Cost": 1000000249203.81, "Plan Rows": 4000, "Plan Width": 63, "Recheck Cond": "(s_nationkey = nation.n_nationkey)", "Plans": [{"Node Type": "Bitmap Index Scan", "Parent Relationship": "Outer", "Index Name": "idx_supplier_nation_key", "Startup Cost": 0.0, "Total Cost": 94.25, "Plan Rows": 4000, "Plan Width": 0, "Index Cond": "(s_nationkey = nation.n_nationkey)"}]}]}, {"Node Type": "Hash Join", "Parent Relationship": "Inner", "Join Type": "Inner", "Startup Cost": 3000816056870.46, "Total Cost": 3000816329020.88, "Plan Rows": 1, "Plan Width": 16, "Inner Unique": false, "Hash Cond": "((lineitem.l_partkey = partsupp.ps_partkey) AND (lineitem.l_suppkey = partsupp.ps_suppkey))", "Join Filter": "((supplier.s_suppkey = lineitem.l_suppkey) AND ((partsupp.ps_availqty)::double precision > (.5::double precision * (sum(lineitem.l_quantity)))))", "Plans": [{"Node Type": "Aggregate", "Strategy": "Hashed", "Parent Relationship": "Outer", "Startup Cost": 1000805475552.94, "Total Cost": 1000805588948.94, "Plan Rows": 9071680, "Plan Width": 40, "Group By Key": ["lineitem.l_partkey", "lineitem.l_suppkey"], "Plans": [{"Node Type": "Index Scan", "Parent Relationship": "Outer", "Scan Direction": "Forward", "Index Name": "idx_lineitem_part_supp", "Relation Name": "lineitem", "Alias": "lineitem", "Startup Cost": 10000000000.0, "Total Cost": 1000805384836.14, "Plan Rows": 9071680, "Plan Width": 24, "Filter": "((l_shipdate >= '1993-01-01 00:00:00'::timestamp(0) without time zone) AND (l_shipdate < '1994-01-01 00:00:00'::timestamp without time zone)), (LLVM Optimized)"}]}, {"Node Type": "Hash", "Parent Relationship": "Inner", "Startup Cost": 2000010581317.5, "Total Cost": 2000010581317.5, "Plan Rows": 1, "Plan Width": 32, "Plans": [{"Node Type": "Hash Join", "Parent Relationship": "Outer", "Join Type": "Right Semi", "Startup Cost": 1010000000932.76, "Total Cost": 2000010581317.5, "Plan Rows": 1, "Plan Width": 32, "Inner Unique": false, "Hash Cond": "(part.p_partkey = partsupp.ps_partkey)", "Plans": [{"Node Type": "Index Scan", "Parent Relationship": "Outer", "Scan Direction": "Forward", "Index Name": "part_kpey", "Relation Name": "part", "Alias": "part", "Startup Cost": 10000000000.0, "Total Cost": 1000010580325.0, "Plan Rows": 22472, "Plan Width": 8, "Filter": "((p_name)::text ~~ 'green%'::text)"}, {"Node Type": "Hash", "Parent Relationship": "Inner", "Startup Cost": 1000000000932.6, "Total Cost": 1000000000932.6, "Plan Rows": 13, "Plan Width": 24, "Plans": [{"Node Type": "Index Scan", "Parent Relationship": "Outer", "Scan Direction": "Forward", "Index Name": "idx_partsupp_suppkey", "Relation Name": "partsupp", "Alias": "partsupp", "Startup Cost": 10000000000.0, "Total Cost": 1000000000932.6, "Plan Rows": 13, "Plan Width": 24, "Index Cond": "(ps_suppkey = supplier.s_suppkey)"}]}]}]}]}]}]}, "Unique SQL Id": 202076520, "Planner Runtime": 2}, "explain_analyze_plan": null}, "(64, 112)": {"explain_plan": {"Plan": {"Node Type": "Sort", "Startup Cost": 5735697.9, "Total Cost": 5735702.9, "Plan Rows": 2000, "Plan Width": 51, "Sort Key": ["supplier.s_name"], "Plans": [{"Node Type": "Nested Loop", "Parent Relationship": "Outer", "Join Type": "Semi", "Startup Cost": 1956349.97, "Total Cost": 5735588.24, "Plan Rows": 2000, "Plan Width": 51, "Inner Unique": false, "Join Filter": "(supplier.s_suppkey = lineitem.l_suppkey)", "Plans": [{"Node Type": "Nested Loop", "Parent Relationship": "Outer", "Join Type": "Inner", "Startup Cost": 0.0, "Total Cost": 4534.31, "Plan Rows": 4000, "Plan Width": 59, "Inner Unique": false, "Join Filter": "(supplier.s_nationkey = nation.n_nationkey)", "Plans": [{"Node Type": "Seq Scan", "Parent Relationship": "Outer", "Relation Name": "nation", "Alias": "nation", "Startup Cost": 0.0, "Total Cost": 1.31, "Plan Rows": 1, "Plan Width": 4, "Filter": "(n_name = 'ALGERIA'::bpchar)"}, {"Node Type": "Seq Scan", "Parent Relationship": "Inner", "Relation Name": "supplier", "Alias": "supplier", "Startup Cost": 0.0, "Total Cost": 3283.0, "Plan Rows": 100000, "Plan Width": 63}]}, {"Node Type": "Materialize", "Parent Relationship": "Inner", "Startup Cost": 1956349.97, "Total Cost": 5730933.93, "Plan Rows": 2, "Plan Width": 16, "Plans": [{"Node Type": "Nested Loop", "Parent Relationship": "Outer", "Join Type": "Semi", "Startup Cost": 1956349.97, "Total Cost": 5730933.92, "Plan Rows": 2, "Plan Width": 16, "Inner Unique": false, "Plans": [{"Node Type": "Nested Loop", "Parent Relationship": "Outer", "Join Type": "Inner", "Startup Cost": 1956349.97, "Total Cost": 5730929.17, "Plan Rows": 15, "Plan Width": 32, "Inner Unique": true, "Plans": [{"Node Type": "Aggregate", "Strategy": "Hashed", "Parent Relationship": "Outer", "Startup Cost": 1956349.97, "Total Cost": 2069745.97, "Plan Rows": 9071680, "Plan Width": 40, "Group By Key": ["lineitem.l_partkey", "lineitem.l_suppkey"], "Plans": [{"Node Type": "Bitmap Heap Scan", "Parent Relationship": "Outer", "Relation Name": "lineitem", "Alias": "lineitem", "Startup Cost": 314312.97, "Total Cost": 1865633.17, "Plan Rows": 9071680, "Plan Width": 24, "Recheck Cond": "((l_shipdate >= '1993-01-01 00:00:00'::timestamp(0) without time zone) AND (l_shipdate < '1994-01-01 00:00:00'::timestamp without time zone)), (LLVM Optimized)", "Plans": [{"Node Type": "Bitmap Index Scan", "Parent Relationship": "Outer", "Index Name": "idx_lineitem_shipdate", "Startup Cost": 0.0, "Total Cost": 312045.05, "Plan Rows": 9071680, "Plan Width": 0, "Index Cond": "((l_shipdate >= '1993-01-01 00:00:00'::timestamp(0) without time zone) AND (l_shipdate < '1994-01-01 00:00:00'::timestamp without time zone))"}]}]}, {"Node Type": "Index Scan", "Parent Relationship": "Inner", "Scan Direction": "Forward", "Index Name": "partsupp_pkey", "Relation Name": "partsupp", "Alias": "partsupp", "Startup Cost": 0.0, "Total Cost": 0.38, "Plan Rows": 1, "Plan Width": 24, "Index Cond": "((ps_partkey = lineitem.l_partkey) AND (ps_suppkey = lineitem.l_suppkey))", "Filter": "((ps_availqty)::double precision > (.5::double precision * (sum(lineitem.l_quantity))))"}]}, {"Node Type": "Index Scan", "Parent Relationship": "Inner", "Scan Direction": "Forward", "Index Name": "part_kpey", "Relation Name": "part", "Alias": "part", "Startup Cost": 0.0, "Total Cost": 0.3, "Plan Rows": 1, "Plan Width": 8, "Index Cond": "(p_partkey = partsupp.ps_partkey)", "Filter": "((p_name)::text ~~ 'green%'::text)"}]}]}]}]}, "Unique SQL Id": 202076520, "Planner Runtime": 2}, "explain_analyze_plan": null}, "(64, 113)": {"explain_plan": {"Plan": {"Node Type": "Sort", "Startup Cost": 5737760.82, "Total Cost": 5737765.82, "Plan Rows": 2000, "Plan Width": 51, "Sort Key": ["supplier.s_name"], "Plans": [{"Node Type": "Nested Loop", "Parent Relationship": "Outer", "Join Type": "Semi", "Startup Cost": 1956349.97, "Total Cost": 5737651.16, "Plan Rows": 2000, "Plan Width": 51, "Inner Unique": false, "Join Filter": "(supplier.s_suppkey = lineitem.l_suppkey)", "Plans": [{"Node Type": "Nested Loop", "Parent Relationship": "Outer", "Join Type": "Inner", "Startup Cost": 0.0, "Total Cost": 6597.23, "Plan Rows": 4000, "Plan Width": 59, "Inner Unique": false, "Join Filter": "(supplier.s_nationkey = nation.n_nationkey)", "Plans": [{"Node Type": "Index Scan", "Parent Relationship": "Outer", "Scan Direction": "Forward", "Index Name": "nation_pkey", "Relation Name": "nation", "Alias": "nation", "Startup Cost": 0.0, "Total Cost": 12.69, "Plan Rows": 1, "Plan Width": 4, "Filter": "(n_name = 'ALGERIA'::bpchar)"}, {"Node Type": "Index Scan", "Parent Relationship": "Inner", "Scan Direction": "Forward", "Index Name": "supplier_pkey", "Relation Name": "supplier", "Alias": "supplier", "Startup Cost": 0.0, "Total Cost": 5334.54, "Plan Rows": 100000, "Plan Width": 63}]}, {"Node Type": "Materialize", "Parent Relationship": "Inner", "Startup Cost": 1956349.97, "Total Cost": 5730933.93, "Plan Rows": 2, "Plan Width": 16, "Plans": [{"Node Type": "Nested Loop", "Parent Relationship": "Outer", "Join Type": "Semi", "Startup Cost": 1956349.97, "Total Cost": 5730933.92, "Plan Rows": 2, "Plan Width": 16, "Inner Unique": false, "Plans": [{"Node Type": "Nested Loop", "Parent Relationship": "Outer", "Join Type": "Inner", "Startup Cost": 1956349.97, "Total Cost": 5730929.17, "Plan Rows": 15, "Plan Width": 32, "Inner Unique": true, "Plans": [{"Node Type": "Aggregate", "Strategy": "Hashed", "Parent Relationship": "Outer", "Startup Cost": 1956349.97, "Total Cost": 2069745.97, "Plan Rows": 9071680, "Plan Width": 40, "Group By Key": ["lineitem.l_partkey", "lineitem.l_suppkey"], "Plans": [{"Node Type": "Bitmap Heap Scan", "Parent Relationship": "Outer", "Relation Name": "lineitem", "Alias": "lineitem", "Startup Cost": 314312.97, "Total Cost": 1865633.17, "Plan Rows": 9071680, "Plan Width": 24, "Recheck Cond": "((l_shipdate >= '1993-01-01 00:00:00'::timestamp(0) without time zone) AND (l_shipdate < '1994-01-01 00:00:00'::timestamp without time zone)), (LLVM Optimized)", "Plans": [{"Node Type": "Bitmap Index Scan", "Parent Relationship": "Outer", "Index Name": "idx_lineitem_shipdate", "Startup Cost": 0.0, "Total Cost": 312045.05, "Plan Rows": 9071680, "Plan Width": 0, "Index Cond": "((l_shipdate >= '1993-01-01 00:00:00'::timestamp(0) without time zone) AND (l_shipdate < '1994-01-01 00:00:00'::timestamp without time zone))"}]}]}, {"Node Type": "Index Scan", "Parent Relationship": "Inner", "Scan Direction": "Forward", "Index Name": "partsupp_pkey", "Relation Name": "partsupp", "Alias": "partsupp", "Startup Cost": 0.0, "Total Cost": 0.38, "Plan Rows": 1, "Plan Width": 24, "Index Cond": "((ps_partkey = lineitem.l_partkey) AND (ps_suppkey = lineitem.l_suppkey))", "Filter": "((ps_availqty)::double precision > (.5::double precision * (sum(lineitem.l_quantity))))"}]}, {"Node Type": "Index Scan", "Parent Relationship": "Inner", "Scan Direction": "Forward", "Index Name": "part_kpey", "Relation Name": "part", "Alias": "part", "Startup Cost": 0.0, "Total Cost": 0.3, "Plan Rows": 1, "Plan Width": 8, "Index Cond": "(p_partkey = partsupp.ps_partkey)", "Filter": "((p_name)::text ~~ 'green%'::text)"}]}]}]}]}, "Unique SQL Id": 202076520, "Planner Runtime": 1}, "explain_analyze_plan": null}, "(64, 114)": {"explain_plan": {"Plan": {"Node Type": "Sort", "Startup Cost": 41264813.41, "Total Cost": 41264818.41, "Plan Rows": 2000, "Plan Width": 51, "Sort Key": ["supplier.s_name"], "Plans": [{"Node Type": "Nested Loop", "Parent Relationship": "Outer", "Join Type": "Semi", "Startup Cost": 1956350.51, "Total Cost": 41264703.75, "Plan Rows": 2000, "Plan Width": 51, "Inner Unique": false, "Join Filter": "(supplier.s_suppkey = lineitem.l_suppkey)", "Plans": [{"Node Type": "Nested Loop", "Parent Relationship": "Outer", "Join Type": "Inner", "Startup Cost": 0.0, "Total Cost": 4534.31, "Plan Rows": 4000, "Plan Width": 59, "Inner Unique": false, "Join Filter": "(supplier.s_nationkey = nation.n_nationkey)", "Plans": [{"Node Type": "Seq Scan", "Parent Relationship": "Outer", "Relation Name": "nation", "Alias": "nation", "Startup Cost": 0.0, "Total Cost": 1.31, "Plan Rows": 1, "Plan Width": 4, "Filter": "(n_name = 'ALGERIA'::bpchar)"}, {"Node Type": "Seq Scan", "Parent Relationship": "Inner", "Relation Name": "supplier", "Alias": "supplier", "Startup Cost": 0.0, "Total Cost": 3283.0, "Plan Rows": 100000, "Plan Width": 63}]}, {"Node Type": "Materialize", "Parent Relationship": "Inner", "Startup Cost": 1956350.51, "Total Cost": 41260049.44, "Plan Rows": 2, "Plan Width": 16, "Plans": [{"Node Type": "Nested Loop", "Parent Relationship": "Outer", "Join Type": "Semi", "Startup Cost": 1956350.51, "Total Cost": 41260049.43, "Plan Rows": 2, "Plan Width": 16, "Inner Unique": false, "Join Filter": "(partsupp.ps_partkey = part.p_partkey)", "Plans": [{"Node Type": "Nested Loop", "Parent Relationship": "Outer", "Join Type": "Inner", "Startup Cost": 1956350.25, "Total Cost": 41259981.09, "Plan Rows": 15, "Plan Width": 32, "Inner Unique": true, "Plans": [{"Node Type": "Aggregate", "Strategy": "Hashed", "Parent Relationship": "Outer", "Startup Cost": 1956349.97, "Total Cost": 2069745.97, "Plan Rows": 9071680, "Plan Width": 40, "Group By Key": ["lineitem.l_partkey", "lineitem.l_suppkey"], "Plans": [{"Node Type": "Bitmap Heap Scan", "Parent Relationship": "Outer", "Relation Name": "lineitem", "Alias": "lineitem", "Startup Cost": 314312.97, "Total Cost": 1865633.17, "Plan Rows": 9071680, "Plan Width": 24, "Recheck Cond": "((l_shipdate >= '1993-01-01 00:00:00'::timestamp(0) without time zone) AND (l_shipdate < '1994-01-01 00:00:00'::timestamp without time zone)), (LLVM Optimized)", "Plans": [{"Node Type": "Bitmap Index Scan", "Parent Relationship": "Outer", "Index Name": "idx_lineitem_shipdate", "Startup Cost": 0.0, "Total Cost": 312045.05, "Plan Rows": 9071680, "Plan Width": 0, "Index Cond": "((l_shipdate >= '1993-01-01 00:00:00'::timestamp(0) without time zone) AND (l_shipdate < '1994-01-01 00:00:00'::timestamp without time zone))"}]}]}, {"Node Type": "Bitmap Heap Scan", "Parent Relationship": "Inner", "Relation Name": "partsupp", "Alias": "partsupp", "Startup Cost": 0.28, "Total Cost": 4.3, "Plan Rows": 1, "Plan Width": 24, "Recheck Cond": "((ps_partkey = lineitem.l_partkey) AND (ps_suppkey = lineitem.l_suppkey))", "Filter": "((ps_availqty)::double precision > (.5::double precision * (sum(lineitem.l_quantity))))", "Plans": [{"Node Type": "Bitmap Index Scan", "Parent Relationship": "Outer", "Index Name": "partsupp_pkey", "Startup Cost": 0.0, "Total Cost": 0.28, "Plan Rows": 1, "Plan Width": 0, "Index Cond": "((ps_partkey = lineitem.l_partkey) AND (ps_suppkey = lineitem.l_suppkey))"}]}]}, {"Node Type": "Bitmap Heap Scan", "Parent Relationship": "Inner", "Relation Name": "part", "Alias": "part", "Startup Cost": 0.26, "Total Cost": 4.28, "Plan Rows": 1, "Plan Width": 8, "Recheck Cond": "(p_partkey = lineitem.l_partkey)", "Filter": "((p_name)::text ~~ 'green%'::text)", "Plans": [{"Node Type": "Bitmap Index Scan", "Parent Relationship": "Outer", "Index Name": "part_kpey", "Startup Cost": 0.0, "Total Cost": 0.26, "Plan Rows": 1, "Plan Width": 0, "Index Cond": "(p_partkey = lineitem.l_partkey)"}]}]}]}]}]}, "Unique SQL Id": 202076520, "Planner Runtime": 2}, "explain_analyze_plan": null}, "(64, 115)": {"explain_plan": {"Plan": {"Node Type": "Sort", "Startup Cost": 41474309.17, "Total Cost": 41474314.17, "Plan Rows": 2000, "Plan Width": 51, "Sort Key": ["supplier.s_name"], "Plans": [{"Node Type": "Nested Loop", "Parent Relationship": "Outer", "Join Type": "Inner", "Startup Cost": 41260049.96, "Total Cost": 41474199.51, "Plan Rows": 2000, "Plan Width": 51, "Inner Unique": true, "Plans": [{"Node Type": "Nested Loop", "Parent Relationship": "Outer", "Join Type": "Inner", "Startup Cost": 41260049.7, "Total Cost": 41260058.01, "Plan Rows": 50000, "Plan Width": 55, "Inner Unique": true, "Plans": [{"Node Type": "Unique", "Parent Relationship": "Outer", "Startup Cost": 41260049.44, "Total Cost": 41260049.45, "Plan Rows": 2, "Plan Width": 16, "Plans": [{"Node Type": "Sort", "Parent Relationship": "Outer", "Startup Cost": 41260049.44, "Total Cost": 41260049.45, "Plan Rows": 2, "Plan Width": 16, "Sort Key": ["partsupp.ps_suppkey"], "Plans": [{"Node Type": "Nested Loop", "Parent Relationship": "Outer", "Join Type": "Semi", "Startup Cost": 1956350.51, "Total Cost": 41260049.43, "Plan Rows": 2, "Plan Width": 16, "Inner Unique": false, "Join Filter": "(partsupp.ps_partkey = part.p_partkey)", "Plans": [{"Node Type": "Nested Loop", "Parent Relationship": "Outer", "Join Type": "Inner", "Startup Cost": 1956350.25, "Total Cost": 41259981.09, "Plan Rows": 15, "Plan Width": 32, "Inner Unique": true, "Plans": [{"Node Type": "Aggregate", "Strategy": "Hashed", "Parent Relationship": "Outer", "Startup Cost": 1956349.97, "Total Cost": 2069745.97, "Plan Rows": 9071680, "Plan Width": 40, "Group By Key": ["lineitem.l_partkey", "lineitem.l_suppkey"], "Plans": [{"Node Type": "Bitmap Heap Scan", "Parent Relationship": "Outer", "Relation Name": "lineitem", "Alias": "lineitem", "Startup Cost": 314312.97, "Total Cost": 1865633.17, "Plan Rows": 9071680, "Plan Width": 24, "Recheck Cond": "((l_shipdate >= '1993-01-01 00:00:00'::timestamp(0) without time zone) AND (l_shipdate < '1994-01-01 00:00:00'::timestamp without time zone)), (LLVM Optimized)", "Plans": [{"Node Type": "Bitmap Index Scan", "Parent Relationship": "Outer", "Index Name": "idx_lineitem_shipdate", "Startup Cost": 0.0, "Total Cost": 312045.05, "Plan Rows": 9071680, "Plan Width": 0, "Index Cond": "((l_shipdate >= '1993-01-01 00:00:00'::timestamp(0) without time zone) AND (l_shipdate < '1994-01-01 00:00:00'::timestamp without time zone))"}]}]}, {"Node Type": "Bitmap Heap Scan", "Parent Relationship": "Inner", "Relation Name": "partsupp", "Alias": "partsupp", "Startup Cost": 0.28, "Total Cost": 4.3, "Plan Rows": 1, "Plan Width": 24, "Recheck Cond": "((ps_partkey = lineitem.l_partkey) AND (ps_suppkey = lineitem.l_suppkey))", "Filter": "((ps_availqty)::double precision > (.5::double precision * (sum(lineitem.l_quantity))))", "Plans": [{"Node Type": "Bitmap Index Scan", "Parent Relationship": "Outer", "Index Name": "partsupp_pkey", "Startup Cost": 0.0, "Total Cost": 0.28, "Plan Rows": 1, "Plan Width": 0, "Index Cond": "((ps_partkey = lineitem.l_partkey) AND (ps_suppkey = lineitem.l_suppkey))"}]}]}, {"Node Type": "Bitmap Heap Scan", "Parent Relationship": "Inner", "Relation Name": "part", "Alias": "part", "Startup Cost": 0.26, "Total Cost": 4.28, "Plan Rows": 1, "Plan Width": 8, "Recheck Cond": "(p_partkey = lineitem.l_partkey)", "Filter": "((p_name)::text ~~ 'green%'::text)", "Plans": [{"Node Type": "Bitmap Index Scan", "Parent Relationship": "Outer", "Index Name": "part_kpey", "Startup Cost": 0.0, "Total Cost": 0.26, "Plan Rows": 1, "Plan Width": 0, "Index Cond": "(p_partkey = lineitem.l_partkey)"}]}]}]}]}, {"Node Type": "Bitmap Heap Scan", "Parent Relationship": "Inner", "Relation Name": "supplier", "Alias": "supplier", "Startup Cost": 0.26, "Total Cost": 4.27, "Plan Rows": 1, "Plan Width": 63, "Recheck Cond": "(s_suppkey = lineitem.l_suppkey)", "Plans": [{"Node Type": "Bitmap Index Scan", "Parent Relationship": "Outer", "Index Name": "supplier_pkey", "Startup Cost": 0.0, "Total Cost": 0.26, "Plan Rows": 1, "Plan Width": 0, "Index Cond": "(s_suppkey = lineitem.l_suppkey)"}]}]}, {"Node Type": "Bitmap Heap Scan", "Parent Relationship": "Inner", "Relation Name": "nation", "Alias": "nation", "Startup Cost": 0.26, "Total Cost": 4.27, "Plan Rows": 1, "Plan Width": 4, "Recheck Cond": "(n_nationkey = supplier.s_nationkey)", "Filter": "(n_name = 'ALGERIA'::bpchar)", "Plans": [{"Node Type": "Bitmap Index Scan", "Parent Relationship": "Outer", "Index Name": "nation_pkey", "Startup Cost": 0.0, "Total Cost": 0.26, "Plan Rows": 1, "Plan Width": 0, "Index Cond": "(n_nationkey = supplier.s_nationkey)"}]}]}]}, "Unique SQL Id": 202076520, "Planner Runtime": 1}, "explain_analyze_plan": {"Plan": {"Node Type": "Sort", "Startup Cost": 41474309.17, "Total Cost": 41474314.17, "Plan Rows": 2000, "Plan Width": 51, "Actual Startup Time": 122895.801, "Actual Total Time": 122895.962, "Actual Rows": 1746, "Actual Loops": 1, "Sort Key": ["supplier.s_name"], "Sort Method": "quicksort", "Sort Space Used": 309, "Sort Space Type": "Memory", "Plans": [{"Node Type": "Nested Loop", "Parent Relationship": "Outer", "Join Type": "Inner", "Startup Cost": 41260049.96, "Total Cost": 41474199.51, "Plan Rows": 2000, "Plan Width": 51, "Actual Startup Time": 122484.703, "Actual Total Time": 122893.842, "Actual Rows": 1746, "Actual Loops": 1, "Inner Unique": true, "Plans": [{"Node Type": "Nested Loop", "Parent Relationship": "Outer", "Join Type": "Inner", "Startup Cost": 41260049.7, "Total Cost": 41260058.01, "Plan Rows": 50000, "Plan Width": 55, "Actual Startup Time": 122484.344, "Actual Total Time": 122721.997, "Actual Rows": 44487, "Actual Loops": 1, "Inner Unique": true, "Plans": [{"Node Type": "Unique", "Parent Relationship": "Outer", "Startup Cost": 41260049.44, "Total Cost": 41260049.45, "Plan Rows": 2, "Plan Width": 16, "Actual Startup Time": 122484.301, "Actual Total Time": 122514.18, "Actual Rows": 44487, "Actual Loops": 1, "Plans": [{"Node Type": "Sort", "Parent Relationship": "Outer", "Startup Cost": 41260049.44, "Total Cost": 41260049.45, "Plan Rows": 2, "Plan Width": 16, "Actual Startup Time": 122484.297, "Actual Total Time": 122495.718, "Actual Rows": 58537, "Actual Loops": 1, "Sort Key": ["partsupp.ps_suppkey"], "Sort Method": "quicksort", "Sort Space Used": 7024, "Sort Space Type": "Memory", "Plans": [{"Node Type": "Nested Loop", "Parent Relationship": "Outer", "Join Type": "Semi", "Startup Cost": 1956350.51, "Total Cost": 41260049.43, "Plan Rows": 2, "Plan Width": 16, "Actual Startup Time": 18667.862, "Actual Total Time": 122403.43, "Actual Rows": 58537, "Actual Loops": 1, "Inner Unique": false, "Join Filter": "(partsupp.ps_partkey = part.p_partkey)", "Rows Removed by Join Filter": 0, "Plans": [{"Node Type": "Nested Loop", "Parent Relationship": "Outer", "Join Type": "Inner", "Startup Cost": 1956350.25, "Total Cost": 41259981.09, "Plan Rows": 15, "Plan Width": 32, "Actual Startup Time": 18667.485, "Actual Total Time": 76318.413, "Actual Rows": 5431247, "Actual Loops": 1, "Inner Unique": true, "Plans": [{"Node Type": "Aggregate", "Strategy": "Hashed", "Parent Relationship": "Outer", "Startup Cost": 1956349.97, "Total Cost": 2069745.97, "Plan Rows": 9071680, "Plan Width": 40, "Actual Startup Time": 18667.332, "Actual Total Time": 23320.171, "Actual Rows": 5442751, "Actual Loops": 1, "Group By Key": ["lineitem.l_partkey", "lineitem.l_suppkey"], "Plans": [{"Node Type": "Bitmap Heap Scan", "Parent Relationship": "Outer", "Relation Name": "lineitem", "Alias": "lineitem", "Startup Cost": 314312.97, "Total Cost": 1865633.17, "Plan Rows": 9071680, "Plan Width": 24, "Actual Startup Time": 4229.766, "Actual Total Time": 11960.542, "Actual Rows": 9109641, "Actual Loops": 1, "Recheck Cond": "((l_shipdate >= '1993-01-01 00:00:00'::timestamp(0) without time zone) AND (l_shipdate < '1994-01-01 00:00:00'::timestamp without time zone)), (LLVM Optimized, Jit Execute)", "Rows Removed by Index Recheck": 0, "Exact Heap Blocks": 1252335, "Lossy Heap Blocks": 1252335, "Plans": [{"Node Type": "Bitmap Index Scan", "Parent Relationship": "Outer", "Index Name": "idx_lineitem_shipdate", "Startup Cost": 0.0, "Total Cost": 312045.05, "Plan Rows": 9071680, "Plan Width": 0, "Actual Startup Time": 3607.483, "Actual Total Time": 3607.483, "Actual Rows": 9109641, "Actual Loops": 1, "Index Cond": "((l_shipdate >= '1993-01-01 00:00:00'::timestamp(0) without time zone) AND (l_shipdate < '1994-01-01 00:00:00'::timestamp without time zone))"}]}]}, {"Node Type": "Bitmap Heap Scan", "Parent Relationship": "Inner", "Relation Name": "partsupp", "Alias": "partsupp", "Startup Cost": 0.28, "Total Cost": 4.3, "Plan Rows": 1, "Plan Width": 24, "Actual Startup Time": 45151.232, "Actual Total Time": 45151.232, "Actual Rows": 5431247, "Actual Loops": 5442751, "Recheck Cond": "((ps_partkey = lineitem.l_partkey) AND (ps_suppkey = lineitem.l_suppkey))", "Rows Removed by Index Recheck": 0, "Filter": "((ps_availqty)::double precision > (.5::double precision * (sum(lineitem.l_quantity))))", "Rows Removed by Filter": 11504, "Exact Heap Blocks": 5442751, "Lossy Heap Blocks": 5442751, "Plans": [{"Node Type": "Bitmap Index Scan", "Parent Relationship": "Outer", "Index Name": "partsupp_pkey", "Startup Cost": 0.0, "Total Cost": 0.28, "Plan Rows": 1, "Plan Width": 0, "Actual Startup Time": 27667.53, "Actual Total Time": 27667.53, "Actual Rows": 5442751, "Actual Loops": 5442751, "Index Cond": "((ps_partkey = lineitem.l_partkey) AND (ps_suppkey = lineitem.l_suppkey))"}]}]}, {"Node Type": "Bitmap Heap Scan", "Parent Relationship": "Inner", "Relation Name": "part", "Alias": "part", "Startup Cost": 0.26, "Total Cost": 4.28, "Plan Rows": 1, "Plan Width": 8, "Actual Startup Time": 39761.268, "Actual Total Time": 39761.268, "Actual Rows": 58537, "Actual Loops": 5431247, "Recheck Cond": "(p_partkey = lineitem.l_partkey)", "Rows Removed by Index Recheck": 0, "Filter": "((p_name)::text ~~ 'green%'::text)", "Rows Removed by Filter": 5372710, "Exact Heap Blocks": 5431247, "Lossy Heap Blocks": 5431247, "Plans": [{"Node Type": "Bitmap Index Scan", "Parent Relationship": "Outer", "Index Name": "part_kpey", "Startup Cost": 0.0, "Total Cost": 0.26, "Plan Rows": 1, "Plan Width": 0, "Actual Startup Time": 23528.84, "Actual Total Time": 23528.84, "Actual Rows": 5431247, "Actual Loops": 5431247, "Index Cond": "(p_partkey = lineitem.l_partkey)"}]}]}]}]}, {"Node Type": "Bitmap Heap Scan", "Parent Relationship": "Inner", "Relation Name": "supplier", "Alias": "supplier", "Startup Cost": 0.26, "Total Cost": 4.27, "Plan Rows": 1, "Plan Width": 63, "Actual Startup Time": 147.97, "Actual Total Time": 147.97, "Actual Rows": 44487, "Actual Loops": 44487, "Recheck Cond": "(s_suppkey = lineitem.l_suppkey)", "Rows Removed by Index Recheck": 0, "Exact Heap Blocks": 44487, "Lossy Heap Blocks": 44487, "Plans": [{"Node Type": "Bitmap Index Scan", "Parent Relationship": "Outer", "Index Name": "supplier_pkey", "Startup Cost": 0.0, "Total Cost": 0.26, "Plan Rows": 1, "Plan Width": 0, "Actual Startup Time": 82.176, "Actual Total Time": 82.176, "Actual Rows": 44487, "Actual Loops": 44487, "Index Cond": "(s_suppkey = lineitem.l_suppkey)"}]}]}, {"Node Type": "Bitmap Heap Scan", "Parent Relationship": "Inner", "Relation Name": "nation", "Alias": "nation", "Startup Cost": 0.26, "Total Cost": 4.27, "Plan Rows": 1, "Plan Width": 4, "Actual Startup Time": 121.742, "Actual Total Time": 121.742, "Actual Rows": 1746, "Actual Loops": 44487, "Recheck Cond": "(n_nationkey = supplier.s_nationkey)", "Rows Removed by Index Recheck": 0, "Filter": "(n_name = 'ALGERIA'::bpchar)", "Rows Removed by Filter": 42741, "Exact Heap Blocks": 44487, "Lossy Heap Blocks": 44487, "Plans": [{"Node Type": "Bitmap Index Scan", "Parent Relationship": "Outer", "Index Name": "nation_pkey", "Startup Cost": 0.0, "Total Cost": 0.26, "Plan Rows": 1, "Plan Width": 0, "Actual Startup Time": 45.415, "Actual Total Time": 45.415, "Actual Rows": 44487, "Actual Loops": 44487, "Index Cond": "(n_nationkey = supplier.s_nationkey)"}]}]}]}, "Triggers": [], "Planner Runtime": 2, "Total Runtime": 122906.738, "Unique SQL Id": 202076520}}, "(64, 116)": {"explain_plan": {"Plan": {"Node Type": "Sort", "Startup Cost": 5735697.9, "Total Cost": 5735702.9, "Plan Rows": 2000, "Plan Width": 51, "Sort Key": ["supplier.s_name"], "Plans": [{"Node Type": "Nested Loop", "Parent Relationship": "Outer", "Join Type": "Semi", "Startup Cost": 1956349.97, "Total Cost": 5735588.24, "Plan Rows": 2000, "Plan Width": 51, "Inner Unique": false, "Join Filter": "(supplier.s_suppkey = lineitem.l_suppkey)", "Plans": [{"Node Type": "Nested Loop", "Parent Relationship": "Outer", "Join Type": "Inner", "Startup Cost": 0.0, "Total Cost": 4534.31, "Plan Rows": 4000, "Plan Width": 59, "Inner Unique": false, "Join Filter": "(supplier.s_nationkey = nation.n_nationkey)", "Plans": [{"Node Type": "Seq Scan", "Parent Relationship": "Outer", "Relation Name": "nation", "Alias": "nation", "Startup Cost": 0.0, "Total Cost": 1.31, "Plan Rows": 1, "Plan Width": 4, "Filter": "(n_name = 'ALGERIA'::bpchar)"}, {"Node Type": "Seq Scan", "Parent Relationship": "Inner", "Relation Name": "supplier", "Alias": "supplier", "Startup Cost": 0.0, "Total Cost": 3283.0, "Plan Rows": 100000, "Plan Width": 63}]}, {"Node Type": "Materialize", "Parent Relationship": "Inner", "Startup Cost": 1956349.97, "Total Cost": 5730933.93, "Plan Rows": 2, "Plan Width": 16, "Plans": [{"Node Type": "Nested Loop", "Parent Relationship": "Outer", "Join Type": "Semi", "Startup Cost": 1956349.97, "Total Cost": 5730933.92, "Plan Rows": 2, "Plan Width": 16, "Inner Unique": false, "Plans": [{"Node Type": "Nested Loop", "Parent Relationship": "Outer", "Join Type": "Inner", "Startup Cost": 1956349.97, "Total Cost": 5730929.17, "Plan Rows": 15, "Plan Width": 32, "Inner Unique": true, "Plans": [{"Node Type": "Aggregate", "Strategy": "Hashed", "Parent Relationship": "Outer", "Startup Cost": 1956349.97, "Total Cost": 2069745.97, "Plan Rows": 9071680, "Plan Width": 40, "Group By Key": ["lineitem.l_partkey", "lineitem.l_suppkey"], "Plans": [{"Node Type": "Bitmap Heap Scan", "Parent Relationship": "Outer", "Relation Name": "lineitem", "Alias": "lineitem", "Startup Cost": 314312.97, "Total Cost": 1865633.17, "Plan Rows": 9071680, "Plan Width": 24, "Recheck Cond": "((l_shipdate >= '1993-01-01 00:00:00'::timestamp(0) without time zone) AND (l_shipdate < '1994-01-01 00:00:00'::timestamp without time zone)), (LLVM Optimized)", "Plans": [{"Node Type": "Bitmap Index Scan", "Parent Relationship": "Outer", "Index Name": "idx_lineitem_shipdate", "Startup Cost": 0.0, "Total Cost": 312045.05, "Plan Rows": 9071680, "Plan Width": 0, "Index Cond": "((l_shipdate >= '1993-01-01 00:00:00'::timestamp(0) without time zone) AND (l_shipdate < '1994-01-01 00:00:00'::timestamp without time zone))"}]}]}, {"Node Type": "Index Scan", "Parent Relationship": "Inner", "Scan Direction": "Forward", "Index Name": "partsupp_pkey", "Relation Name": "partsupp", "Alias": "partsupp", "Startup Cost": 0.0, "Total Cost": 0.38, "Plan Rows": 1, "Plan Width": 24, "Index Cond": "((ps_partkey = lineitem.l_partkey) AND (ps_suppkey = lineitem.l_suppkey))", "Filter": "((ps_availqty)::double precision > (.5::double precision * (sum(lineitem.l_quantity))))"}]}, {"Node Type": "Index Scan", "Parent Relationship": "Inner", "Scan Direction": "Forward", "Index Name": "part_kpey", "Relation Name": "part", "Alias": "part", "Startup Cost": 0.0, "Total Cost": 0.3, "Plan Rows": 1, "Plan Width": 8, "Index Cond": "(p_partkey = partsupp.ps_partkey)", "Filter": "((p_name)::text ~~ 'green%'::text)"}]}]}]}]}, "Unique SQL Id": 202076520, "Planner Runtime": 2}, "explain_analyze_plan": null}, "(64, 117)": {"explain_plan": {"Plan": {"Node Type": "Sort", "Startup Cost": 5737760.82, "Total Cost": 5737765.82, "Plan Rows": 2000, "Plan Width": 51, "Sort Key": ["supplier.s_name"], "Plans": [{"Node Type": "Nested Loop", "Parent Relationship": "Outer", "Join Type": "Semi", "Startup Cost": 1956349.97, "Total Cost": 5737651.16, "Plan Rows": 2000, "Plan Width": 51, "Inner Unique": false, "Join Filter": "(supplier.s_suppkey = lineitem.l_suppkey)", "Plans": [{"Node Type": "Nested Loop", "Parent Relationship": "Outer", "Join Type": "Inner", "Startup Cost": 0.0, "Total Cost": 6597.23, "Plan Rows": 4000, "Plan Width": 59, "Inner Unique": false, "Join Filter": "(supplier.s_nationkey = nation.n_nationkey)", "Plans": [{"Node Type": "Index Scan", "Parent Relationship": "Outer", "Scan Direction": "Forward", "Index Name": "nation_pkey", "Relation Name": "nation", "Alias": "nation", "Startup Cost": 0.0, "Total Cost": 12.69, "Plan Rows": 1, "Plan Width": 4, "Filter": "(n_name = 'ALGERIA'::bpchar)"}, {"Node Type": "Index Scan", "Parent Relationship": "Inner", "Scan Direction": "Forward", "Index Name": "supplier_pkey", "Relation Name": "supplier", "Alias": "supplier", "Startup Cost": 0.0, "Total Cost": 5334.54, "Plan Rows": 100000, "Plan Width": 63}]}, {"Node Type": "Materialize", "Parent Relationship": "Inner", "Startup Cost": 1956349.97, "Total Cost": 5730933.93, "Plan Rows": 2, "Plan Width": 16, "Plans": [{"Node Type": "Nested Loop", "Parent Relationship": "Outer", "Join Type": "Semi", "Startup Cost": 1956349.97, "Total Cost": 5730933.92, "Plan Rows": 2, "Plan Width": 16, "Inner Unique": false, "Plans": [{"Node Type": "Nested Loop", "Parent Relationship": "Outer", "Join Type": "Inner", "Startup Cost": 1956349.97, "Total Cost": 5730929.17, "Plan Rows": 15, "Plan Width": 32, "Inner Unique": true, "Plans": [{"Node Type": "Aggregate", "Strategy": "Hashed", "Parent Relationship": "Outer", "Startup Cost": 1956349.97, "Total Cost": 2069745.97, "Plan Rows": 9071680, "Plan Width": 40, "Group By Key": ["lineitem.l_partkey", "lineitem.l_suppkey"], "Plans": [{"Node Type": "Bitmap Heap Scan", "Parent Relationship": "Outer", "Relation Name": "lineitem", "Alias": "lineitem", "Startup Cost": 314312.97, "Total Cost": 1865633.17, "Plan Rows": 9071680, "Plan Width": 24, "Recheck Cond": "((l_shipdate >= '1993-01-01 00:00:00'::timestamp(0) without time zone) AND (l_shipdate < '1994-01-01 00:00:00'::timestamp without time zone)), (LLVM Optimized)", "Plans": [{"Node Type": "Bitmap Index Scan", "Parent Relationship": "Outer", "Index Name": "idx_lineitem_shipdate", "Startup Cost": 0.0, "Total Cost": 312045.05, "Plan Rows": 9071680, "Plan Width": 0, "Index Cond": "((l_shipdate >= '1993-01-01 00:00:00'::timestamp(0) without time zone) AND (l_shipdate < '1994-01-01 00:00:00'::timestamp without time zone))"}]}]}, {"Node Type": "Index Scan", "Parent Relationship": "Inner", "Scan Direction": "Forward", "Index Name": "partsupp_pkey", "Relation Name": "partsupp", "Alias": "partsupp", "Startup Cost": 0.0, "Total Cost": 0.38, "Plan Rows": 1, "Plan Width": 24, "Index Cond": "((ps_partkey = lineitem.l_partkey) AND (ps_suppkey = lineitem.l_suppkey))", "Filter": "((ps_availqty)::double precision > (.5::double precision * (sum(lineitem.l_quantity))))"}]}, {"Node Type": "Index Scan", "Parent Relationship": "Inner", "Scan Direction": "Forward", "Index Name": "part_kpey", "Relation Name": "part", "Alias": "part", "Startup Cost": 0.0, "Total Cost": 0.3, "Plan Rows": 1, "Plan Width": 8, "Index Cond": "(p_partkey = partsupp.ps_partkey)", "Filter": "((p_name)::text ~~ 'green%'::text)"}]}]}]}]}, "Unique SQL Id": 202076520, "Planner Runtime": 1}, "explain_analyze_plan": null}, "(64, 118)": {"explain_plan": {"Plan": {"Node Type": "Sort", "Startup Cost": 41264813.41, "Total Cost": 41264818.41, "Plan Rows": 2000, "Plan Width": 51, "Sort Key": ["supplier.s_name"], "Plans": [{"Node Type": "Nested Loop", "Parent Relationship": "Outer", "Join Type": "Semi", "Startup Cost": 1956350.51, "Total Cost": 41264703.75, "Plan Rows": 2000, "Plan Width": 51, "Inner Unique": false, "Join Filter": "(supplier.s_suppkey = lineitem.l_suppkey)", "Plans": [{"Node Type": "Nested Loop", "Parent Relationship": "Outer", "Join Type": "Inner", "Startup Cost": 0.0, "Total Cost": 4534.31, "Plan Rows": 4000, "Plan Width": 59, "Inner Unique": false, "Join Filter": "(supplier.s_nationkey = nation.n_nationkey)", "Plans": [{"Node Type": "Seq Scan", "Parent Relationship": "Outer", "Relation Name": "nation", "Alias": "nation", "Startup Cost": 0.0, "Total Cost": 1.31, "Plan Rows": 1, "Plan Width": 4, "Filter": "(n_name = 'ALGERIA'::bpchar)"}, {"Node Type": "Seq Scan", "Parent Relationship": "Inner", "Relation Name": "supplier", "Alias": "supplier", "Startup Cost": 0.0, "Total Cost": 3283.0, "Plan Rows": 100000, "Plan Width": 63}]}, {"Node Type": "Materialize", "Parent Relationship": "Inner", "Startup Cost": 1956350.51, "Total Cost": 41260049.44, "Plan Rows": 2, "Plan Width": 16, "Plans": [{"Node Type": "Nested Loop", "Parent Relationship": "Outer", "Join Type": "Semi", "Startup Cost": 1956350.51, "Total Cost": 41260049.43, "Plan Rows": 2, "Plan Width": 16, "Inner Unique": false, "Join Filter": "(partsupp.ps_partkey = part.p_partkey)", "Plans": [{"Node Type": "Nested Loop", "Parent Relationship": "Outer", "Join Type": "Inner", "Startup Cost": 1956350.25, "Total Cost": 41259981.09, "Plan Rows": 15, "Plan Width": 32, "Inner Unique": true, "Plans": [{"Node Type": "Aggregate", "Strategy": "Hashed", "Parent Relationship": "Outer", "Startup Cost": 1956349.97, "Total Cost": 2069745.97, "Plan Rows": 9071680, "Plan Width": 40, "Group By Key": ["lineitem.l_partkey", "lineitem.l_suppkey"], "Plans": [{"Node Type": "Bitmap Heap Scan", "Parent Relationship": "Outer", "Relation Name": "lineitem", "Alias": "lineitem", "Startup Cost": 314312.97, "Total Cost": 1865633.17, "Plan Rows": 9071680, "Plan Width": 24, "Recheck Cond": "((l_shipdate >= '1993-01-01 00:00:00'::timestamp(0) without time zone) AND (l_shipdate < '1994-01-01 00:00:00'::timestamp without time zone)), (LLVM Optimized)", "Plans": [{"Node Type": "Bitmap Index Scan", "Parent Relationship": "Outer", "Index Name": "idx_lineitem_shipdate", "Startup Cost": 0.0, "Total Cost": 312045.05, "Plan Rows": 9071680, "Plan Width": 0, "Index Cond": "((l_shipdate >= '1993-01-01 00:00:00'::timestamp(0) without time zone) AND (l_shipdate < '1994-01-01 00:00:00'::timestamp without time zone))"}]}]}, {"Node Type": "Bitmap Heap Scan", "Parent Relationship": "Inner", "Relation Name": "partsupp", "Alias": "partsupp", "Startup Cost": 0.28, "Total Cost": 4.3, "Plan Rows": 1, "Plan Width": 24, "Recheck Cond": "((ps_partkey = lineitem.l_partkey) AND (ps_suppkey = lineitem.l_suppkey))", "Filter": "((ps_availqty)::double precision > (.5::double precision * (sum(lineitem.l_quantity))))", "Plans": [{"Node Type": "Bitmap Index Scan", "Parent Relationship": "Outer", "Index Name": "partsupp_pkey", "Startup Cost": 0.0, "Total Cost": 0.28, "Plan Rows": 1, "Plan Width": 0, "Index Cond": "((ps_partkey = lineitem.l_partkey) AND (ps_suppkey = lineitem.l_suppkey))"}]}]}, {"Node Type": "Bitmap Heap Scan", "Parent Relationship": "Inner", "Relation Name": "part", "Alias": "part", "Startup Cost": 0.26, "Total Cost": 4.28, "Plan Rows": 1, "Plan Width": 8, "Recheck Cond": "(p_partkey = lineitem.l_partkey)", "Filter": "((p_name)::text ~~ 'green%'::text)", "Plans": [{"Node Type": "Bitmap Index Scan", "Parent Relationship": "Outer", "Index Name": "part_kpey", "Startup Cost": 0.0, "Total Cost": 0.26, "Plan Rows": 1, "Plan Width": 0, "Index Cond": "(p_partkey = lineitem.l_partkey)"}]}]}]}]}]}, "Unique SQL Id": 202076520, "Planner Runtime": 2}, "explain_analyze_plan": null}, "(64, 119)": {"explain_plan": {"Plan": {"Node Type": "Sort", "Startup Cost": 41474309.17, "Total Cost": 41474314.17, "Plan Rows": 2000, "Plan Width": 51, "Sort Key": ["supplier.s_name"], "Plans": [{"Node Type": "Nested Loop", "Parent Relationship": "Outer", "Join Type": "Inner", "Startup Cost": 41260049.96, "Total Cost": 41474199.51, "Plan Rows": 2000, "Plan Width": 51, "Inner Unique": true, "Plans": [{"Node Type": "Nested Loop", "Parent Relationship": "Outer", "Join Type": "Inner", "Startup Cost": 41260049.7, "Total Cost": 41260058.01, "Plan Rows": 50000, "Plan Width": 55, "Inner Unique": true, "Plans": [{"Node Type": "Unique", "Parent Relationship": "Outer", "Startup Cost": 41260049.44, "Total Cost": 41260049.45, "Plan Rows": 2, "Plan Width": 16, "Plans": [{"Node Type": "Sort", "Parent Relationship": "Outer", "Startup Cost": 41260049.44, "Total Cost": 41260049.45, "Plan Rows": 2, "Plan Width": 16, "Sort Key": ["partsupp.ps_suppkey"], "Plans": [{"Node Type": "Nested Loop", "Parent Relationship": "Outer", "Join Type": "Semi", "Startup Cost": 1956350.51, "Total Cost": 41260049.43, "Plan Rows": 2, "Plan Width": 16, "Inner Unique": false, "Join Filter": "(partsupp.ps_partkey = part.p_partkey)", "Plans": [{"Node Type": "Nested Loop", "Parent Relationship": "Outer", "Join Type": "Inner", "Startup Cost": 1956350.25, "Total Cost": 41259981.09, "Plan Rows": 15, "Plan Width": 32, "Inner Unique": true, "Plans": [{"Node Type": "Aggregate", "Strategy": "Hashed", "Parent Relationship": "Outer", "Startup Cost": 1956349.97, "Total Cost": 2069745.97, "Plan Rows": 9071680, "Plan Width": 40, "Group By Key": ["lineitem.l_partkey", "lineitem.l_suppkey"], "Plans": [{"Node Type": "Bitmap Heap Scan", "Parent Relationship": "Outer", "Relation Name": "lineitem", "Alias": "lineitem", "Startup Cost": 314312.97, "Total Cost": 1865633.17, "Plan Rows": 9071680, "Plan Width": 24, "Recheck Cond": "((l_shipdate >= '1993-01-01 00:00:00'::timestamp(0) without time zone) AND (l_shipdate < '1994-01-01 00:00:00'::timestamp without time zone)), (LLVM Optimized)", "Plans": [{"Node Type": "Bitmap Index Scan", "Parent Relationship": "Outer", "Index Name": "idx_lineitem_shipdate", "Startup Cost": 0.0, "Total Cost": 312045.05, "Plan Rows": 9071680, "Plan Width": 0, "Index Cond": "((l_shipdate >= '1993-01-01 00:00:00'::timestamp(0) without time zone) AND (l_shipdate < '1994-01-01 00:00:00'::timestamp without time zone))"}]}]}, {"Node Type": "Bitmap Heap Scan", "Parent Relationship": "Inner", "Relation Name": "partsupp", "Alias": "partsupp", "Startup Cost": 0.28, "Total Cost": 4.3, "Plan Rows": 1, "Plan Width": 24, "Recheck Cond": "((ps_partkey = lineitem.l_partkey) AND (ps_suppkey = lineitem.l_suppkey))", "Filter": "((ps_availqty)::double precision > (.5::double precision * (sum(lineitem.l_quantity))))", "Plans": [{"Node Type": "Bitmap Index Scan", "Parent Relationship": "Outer", "Index Name": "partsupp_pkey", "Startup Cost": 0.0, "Total Cost": 0.28, "Plan Rows": 1, "Plan Width": 0, "Index Cond": "((ps_partkey = lineitem.l_partkey) AND (ps_suppkey = lineitem.l_suppkey))"}]}]}, {"Node Type": "Bitmap Heap Scan", "Parent Relationship": "Inner", "Relation Name": "part", "Alias": "part", "Startup Cost": 0.26, "Total Cost": 4.28, "Plan Rows": 1, "Plan Width": 8, "Recheck Cond": "(p_partkey = lineitem.l_partkey)", "Filter": "((p_name)::text ~~ 'green%'::text)", "Plans": [{"Node Type": "Bitmap Index Scan", "Parent Relationship": "Outer", "Index Name": "part_kpey", "Startup Cost": 0.0, "Total Cost": 0.26, "Plan Rows": 1, "Plan Width": 0, "Index Cond": "(p_partkey = lineitem.l_partkey)"}]}]}]}]}, {"Node Type": "Bitmap Heap Scan", "Parent Relationship": "Inner", "Relation Name": "supplier", "Alias": "supplier", "Startup Cost": 0.26, "Total Cost": 4.27, "Plan Rows": 1, "Plan Width": 63, "Recheck Cond": "(s_suppkey = lineitem.l_suppkey)", "Plans": [{"Node Type": "Bitmap Index Scan", "Parent Relationship": "Outer", "Index Name": "supplier_pkey", "Startup Cost": 0.0, "Total Cost": 0.26, "Plan Rows": 1, "Plan Width": 0, "Index Cond": "(s_suppkey = lineitem.l_suppkey)"}]}]}, {"Node Type": "Bitmap Heap Scan", "Parent Relationship": "Inner", "Relation Name": "nation", "Alias": "nation", "Startup Cost": 0.26, "Total Cost": 4.27, "Plan Rows": 1, "Plan Width": 4, "Recheck Cond": "(n_nationkey = supplier.s_nationkey)", "Filter": "(n_name = 'ALGERIA'::bpchar)", "Plans": [{"Node Type": "Bitmap Index Scan", "Parent Relationship": "Outer", "Index Name": "nation_pkey", "Startup Cost": 0.0, "Total Cost": 0.26, "Plan Rows": 1, "Plan Width": 0, "Index Cond": "(n_nationkey = supplier.s_nationkey)"}]}]}]}, "Unique SQL Id": 202076520, "Planner Runtime": 2}, "explain_analyze_plan": {"Plan": {"Node Type": "Sort", "Startup Cost": 41474309.17, "Total Cost": 41474314.17, "Plan Rows": 2000, "Plan Width": 51, "Actual Startup Time": 122895.801, "Actual Total Time": 122895.962, "Actual Rows": 1746, "Actual Loops": 1, "Sort Key": ["supplier.s_name"], "Sort Method": "quicksort", "Sort Space Used": 309, "Sort Space Type": "Memory", "Plans": [{"Node Type": "Nested Loop", "Parent Relationship": "Outer", "Join Type": "Inner", "Startup Cost": 41260049.96, "Total Cost": 41474199.51, "Plan Rows": 2000, "Plan Width": 51, "Actual Startup Time": 122484.703, "Actual Total Time": 122893.842, "Actual Rows": 1746, "Actual Loops": 1, "Inner Unique": true, "Plans": [{"Node Type": "Nested Loop", "Parent Relationship": "Outer", "Join Type": "Inner", "Startup Cost": 41260049.7, "Total Cost": 41260058.01, "Plan Rows": 50000, "Plan Width": 55, "Actual Startup Time": 122484.344, "Actual Total Time": 122721.997, "Actual Rows": 44487, "Actual Loops": 1, "Inner Unique": true, "Plans": [{"Node Type": "Unique", "Parent Relationship": "Outer", "Startup Cost": 41260049.44, "Total Cost": 41260049.45, "Plan Rows": 2, "Plan Width": 16, "Actual Startup Time": 122484.301, "Actual Total Time": 122514.18, "Actual Rows": 44487, "Actual Loops": 1, "Plans": [{"Node Type": "Sort", "Parent Relationship": "Outer", "Startup Cost": 41260049.44, "Total Cost": 41260049.45, "Plan Rows": 2, "Plan Width": 16, "Actual Startup Time": 122484.297, "Actual Total Time": 122495.718, "Actual Rows": 58537, "Actual Loops": 1, "Sort Key": ["partsupp.ps_suppkey"], "Sort Method": "quicksort", "Sort Space Used": 7024, "Sort Space Type": "Memory", "Plans": [{"Node Type": "Nested Loop", "Parent Relationship": "Outer", "Join Type": "Semi", "Startup Cost": 1956350.51, "Total Cost": 41260049.43, "Plan Rows": 2, "Plan Width": 16, "Actual Startup Time": 18667.862, "Actual Total Time": 122403.43, "Actual Rows": 58537, "Actual Loops": 1, "Inner Unique": false, "Join Filter": "(partsupp.ps_partkey = part.p_partkey)", "Rows Removed by Join Filter": 0, "Plans": [{"Node Type": "Nested Loop", "Parent Relationship": "Outer", "Join Type": "Inner", "Startup Cost": 1956350.25, "Total Cost": 41259981.09, "Plan Rows": 15, "Plan Width": 32, "Actual Startup Time": 18667.485, "Actual Total Time": 76318.413, "Actual Rows": 5431247, "Actual Loops": 1, "Inner Unique": true, "Plans": [{"Node Type": "Aggregate", "Strategy": "Hashed", "Parent Relationship": "Outer", "Startup Cost": 1956349.97, "Total Cost": 2069745.97, "Plan Rows": 9071680, "Plan Width": 40, "Actual Startup Time": 18667.332, "Actual Total Time": 23320.171, "Actual Rows": 5442751, "Actual Loops": 1, "Group By Key": ["lineitem.l_partkey", "lineitem.l_suppkey"], "Plans": [{"Node Type": "Bitmap Heap Scan", "Parent Relationship": "Outer", "Relation Name": "lineitem", "Alias": "lineitem", "Startup Cost": 314312.97, "Total Cost": 1865633.17, "Plan Rows": 9071680, "Plan Width": 24, "Actual Startup Time": 4229.766, "Actual Total Time": 11960.542, "Actual Rows": 9109641, "Actual Loops": 1, "Recheck Cond": "((l_shipdate >= '1993-01-01 00:00:00'::timestamp(0) without time zone) AND (l_shipdate < '1994-01-01 00:00:00'::timestamp without time zone)), (LLVM Optimized, Jit Execute)", "Rows Removed by Index Recheck": 0, "Exact Heap Blocks": 1252335, "Lossy Heap Blocks": 1252335, "Plans": [{"Node Type": "Bitmap Index Scan", "Parent Relationship": "Outer", "Index Name": "idx_lineitem_shipdate", "Startup Cost": 0.0, "Total Cost": 312045.05, "Plan Rows": 9071680, "Plan Width": 0, "Actual Startup Time": 3607.483, "Actual Total Time": 3607.483, "Actual Rows": 9109641, "Actual Loops": 1, "Index Cond": "((l_shipdate >= '1993-01-01 00:00:00'::timestamp(0) without time zone) AND (l_shipdate < '1994-01-01 00:00:00'::timestamp without time zone))"}]}]}, {"Node Type": "Bitmap Heap Scan", "Parent Relationship": "Inner", "Relation Name": "partsupp", "Alias": "partsupp", "Startup Cost": 0.28, "Total Cost": 4.3, "Plan Rows": 1, "Plan Width": 24, "Actual Startup Time": 45151.232, "Actual Total Time": 45151.232, "Actual Rows": 5431247, "Actual Loops": 5442751, "Recheck Cond": "((ps_partkey = lineitem.l_partkey) AND (ps_suppkey = lineitem.l_suppkey))", "Rows Removed by Index Recheck": 0, "Filter": "((ps_availqty)::double precision > (.5::double precision * (sum(lineitem.l_quantity))))", "Rows Removed by Filter": 11504, "Exact Heap Blocks": 5442751, "Lossy Heap Blocks": 5442751, "Plans": [{"Node Type": "Bitmap Index Scan", "Parent Relationship": "Outer", "Index Name": "partsupp_pkey", "Startup Cost": 0.0, "Total Cost": 0.28, "Plan Rows": 1, "Plan Width": 0, "Actual Startup Time": 27667.53, "Actual Total Time": 27667.53, "Actual Rows": 5442751, "Actual Loops": 5442751, "Index Cond": "((ps_partkey = lineitem.l_partkey) AND (ps_suppkey = lineitem.l_suppkey))"}]}]}, {"Node Type": "Bitmap Heap Scan", "Parent Relationship": "Inner", "Relation Name": "part", "Alias": "part", "Startup Cost": 0.26, "Total Cost": 4.28, "Plan Rows": 1, "Plan Width": 8, "Actual Startup Time": 39761.268, "Actual Total Time": 39761.268, "Actual Rows": 58537, "Actual Loops": 5431247, "Recheck Cond": "(p_partkey = lineitem.l_partkey)", "Rows Removed by Index Recheck": 0, "Filter": "((p_name)::text ~~ 'green%'::text)", "Rows Removed by Filter": 5372710, "Exact Heap Blocks": 5431247, "Lossy Heap Blocks": 5431247, "Plans": [{"Node Type": "Bitmap Index Scan", "Parent Relationship": "Outer", "Index Name": "part_kpey", "Startup Cost": 0.0, "Total Cost": 0.26, "Plan Rows": 1, "Plan Width": 0, "Actual Startup Time": 23528.84, "Actual Total Time": 23528.84, "Actual Rows": 5431247, "Actual Loops": 5431247, "Index Cond": "(p_partkey = lineitem.l_partkey)"}]}]}]}]}, {"Node Type": "Bitmap Heap Scan", "Parent Relationship": "Inner", "Relation Name": "supplier", "Alias": "supplier", "Startup Cost": 0.26, "Total Cost": 4.27, "Plan Rows": 1, "Plan Width": 63, "Actual Startup Time": 147.97, "Actual Total Time": 147.97, "Actual Rows": 44487, "Actual Loops": 44487, "Recheck Cond": "(s_suppkey = lineitem.l_suppkey)", "Rows Removed by Index Recheck": 0, "Exact Heap Blocks": 44487, "Lossy Heap Blocks": 44487, "Plans": [{"Node Type": "Bitmap Index Scan", "Parent Relationship": "Outer", "Index Name": "supplier_pkey", "Startup Cost": 0.0, "Total Cost": 0.26, "Plan Rows": 1, "Plan Width": 0, "Actual Startup Time": 82.176, "Actual Total Time": 82.176, "Actual Rows": 44487, "Actual Loops": 44487, "Index Cond": "(s_suppkey = lineitem.l_suppkey)"}]}]}, {"Node Type": "Bitmap Heap Scan", "Parent Relationship": "Inner", "Relation Name": "nation", "Alias": "nation", "Startup Cost": 0.26, "Total Cost": 4.27, "Plan Rows": 1, "Plan Width": 4, "Actual Startup Time": 121.742, "Actual Total Time": 121.742, "Actual Rows": 1746, "Actual Loops": 44487, "Recheck Cond": "(n_nationkey = supplier.s_nationkey)", "Rows Removed by Index Recheck": 0, "Filter": "(n_name = 'ALGERIA'::bpchar)", "Rows Removed by Filter": 42741, "Exact Heap Blocks": 44487, "Lossy Heap Blocks": 44487, "Plans": [{"Node Type": "Bitmap Index Scan", "Parent Relationship": "Outer", "Index Name": "nation_pkey", "Startup Cost": 0.0, "Total Cost": 0.26, "Plan Rows": 1, "Plan Width": 0, "Actual Startup Time": 45.415, "Actual Total Time": 45.415, "Actual Rows": 44487, "Actual Loops": 44487, "Index Cond": "(n_nationkey = supplier.s_nationkey)"}]}]}]}, "Triggers": [], "Planner Runtime": 2, "Total Runtime": 122906.738, "Unique SQL Id": 202076520}}, "(64, 120)": {"explain_plan": {"Plan": {"Node Type": "Sort", "Startup Cost": 6185115.22, "Total Cost": 6185120.22, "Plan Rows": 2000, "Plan Width": 51, "Sort Key": ["supplier.s_name"], "Plans": [{"Node Type": "Nested Loop", "Parent Relationship": "Outer", "Join Type": "Semi", "Startup Cost": 2405767.29, "Total Cost": 6185005.56, "Plan Rows": 2000, "Plan Width": 51, "Inner Unique": false, "Join Filter": "(supplier.s_suppkey = lineitem.l_suppkey)", "Plans": [{"Node Type": "Nested Loop", "Parent Relationship": "Outer", "Join Type": "Inner", "Startup Cost": 0.0, "Total Cost": 4534.31, "Plan Rows": 4000, "Plan Width": 59, "Inner Unique": false, "Join Filter": "(supplier.s_nationkey = nation.n_nationkey)", "Plans": [{"Node Type": "Seq Scan", "Parent Relationship": "Outer", "Relation Name": "nation", "Alias": "nation", "Startup Cost": 0.0, "Total Cost": 1.31, "Plan Rows": 1, "Plan Width": 4, "Filter": "(n_name = 'ALGERIA'::bpchar)"}, {"Node Type": "Seq Scan", "Parent Relationship": "Inner", "Relation Name": "supplier", "Alias": "supplier", "Startup Cost": 0.0, "Total Cost": 3283.0, "Plan Rows": 100000, "Plan Width": 63}]}, {"Node Type": "Materialize", "Parent Relationship": "Inner", "Startup Cost": 2405767.29, "Total Cost": 6180351.26, "Plan Rows": 2, "Plan Width": 16, "Plans": [{"Node Type": "Nested Loop", "Parent Relationship": "Outer", "Join Type": "Semi", "Startup Cost": 2405767.29, "Total Cost": 6180351.25, "Plan Rows": 2, "Plan Width": 16, "Inner Unique": false, "Plans": [{"Node Type": "Nested Loop", "Parent Relationship": "Outer", "Join Type": "Inner", "Startup Cost": 2405767.29, "Total Cost": 6180346.49, "Plan Rows": 15, "Plan Width": 32, "Inner Unique": true, "Plans": [{"Node Type": "Aggregate", "Strategy": "Hashed", "Parent Relationship": "Outer", "Startup Cost": 2405767.29, "Total Cost": 2519163.29, "Plan Rows": 9071680, "Plan Width": 40, "Group By Key": ["lineitem.l_partkey", "lineitem.l_suppkey"], "Plans": [{"Node Type": "Seq Scan", "Parent Relationship": "Outer", "Relation Name": "lineitem", "Alias": "lineitem", "Startup Cost": 119.57, "Total Cost": 2315050.5, "Plan Rows": 9071680, "Plan Width": 24, "Filter": "((l_shipdate >= '1993-01-01 00:00:00'::timestamp(0) without time zone) AND (l_shipdate < '1994-01-01 00:00:00'::timestamp without time zone)), (LLVM Optimized)"}]}, {"Node Type": "Index Scan", "Parent Relationship": "Inner", "Scan Direction": "Forward", "Index Name": "partsupp_pkey", "Relation Name": "partsupp", "Alias": "partsupp", "Startup Cost": 0.0, "Total Cost": 0.38, "Plan Rows": 1, "Plan Width": 24, "Index Cond": "((ps_partkey = lineitem.l_partkey) AND (ps_suppkey = lineitem.l_suppkey))", "Filter": "((ps_availqty)::double precision > (.5::double precision * (sum(lineitem.l_quantity))))"}]}, {"Node Type": "Index Scan", "Parent Relationship": "Inner", "Scan Direction": "Forward", "Index Name": "part_kpey", "Relation Name": "part", "Alias": "part", "Startup Cost": 0.0, "Total Cost": 0.3, "Plan Rows": 1, "Plan Width": 8, "Index Cond": "(p_partkey = partsupp.ps_partkey)", "Filter": "((p_name)::text ~~ 'green%'::text)"}]}]}]}]}, "Unique SQL Id": 202076520, "Planner Runtime": 2}, "explain_analyze_plan": null}, "(64, 121)": {"explain_plan": {"Plan": {"Node Type": "Sort", "Startup Cost": 9935869.48, "Total Cost": 9935874.48, "Plan Rows": 2000, "Plan Width": 51, "Sort Key": ["supplier.s_name"], "Plans": [{"Node Type": "Nested Loop", "Parent Relationship": "Outer", "Join Type": "Semi", "Startup Cost": 6154458.63, "Total Cost": 9935759.82, "Plan Rows": 2000, "Plan Width": 51, "Inner Unique": false, "Join Filter": "(supplier.s_suppkey = lineitem.l_suppkey)", "Plans": [{"Node Type": "Nested Loop", "Parent Relationship": "Outer", "Join Type": "Inner", "Startup Cost": 0.0, "Total Cost": 6597.23, "Plan Rows": 4000, "Plan Width": 59, "Inner Unique": false, "Join Filter": "(supplier.s_nationkey = nation.n_nationkey)", "Plans": [{"Node Type": "Index Scan", "Parent Relationship": "Outer", "Scan Direction": "Forward", "Index Name": "nation_pkey", "Relation Name": "nation", "Alias": "nation", "Startup Cost": 0.0, "Total Cost": 12.69, "Plan Rows": 1, "Plan Width": 4, "Filter": "(n_name = 'ALGERIA'::bpchar)"}, {"Node Type": "Index Scan", "Parent Relationship": "Inner", "Scan Direction": "Forward", "Index Name": "supplier_pkey", "Relation Name": "supplier", "Alias": "supplier", "Startup Cost": 0.0, "Total Cost": 5334.54, "Plan Rows": 100000, "Plan Width": 63}]}, {"Node Type": "Materialize", "Parent Relationship": "Inner", "Startup Cost": 6154458.63, "Total Cost": 9929042.6, "Plan Rows": 2, "Plan Width": 16, "Plans": [{"Node Type": "Nested Loop", "Parent Relationship": "Outer", "Join Type": "Semi", "Startup Cost": 6154458.63, "Total Cost": 9929042.59, "Plan Rows": 2, "Plan Width": 16, "Inner Unique": false, "Plans": [{"Node Type": "Nested Loop", "Parent Relationship": "Outer", "Join Type": "Inner", "Startup Cost": 6154458.63, "Total Cost": 9929037.83, "Plan Rows": 15, "Plan Width": 32, "Inner Unique": true, "Plans": [{"Node Type": "Aggregate", "Strategy": "Hashed", "Parent Relationship": "Outer", "Startup Cost": 6154458.63, "Total Cost": 6267854.63, "Plan Rows": 9071680, "Plan Width": 40, "Group By Key": ["lineitem.l_partkey", "lineitem.l_suppkey"], "Plans": [{"Node Type": "Index Scan", "Parent Relationship": "Outer", "Scan Direction": "Forward", "Index Name": "idx_lineitem_shipdate", "Relation Name": "lineitem", "Alias": "lineitem", "Startup Cost": 0.0, "Total Cost": 6063741.83, "Plan Rows": 9071680, "Plan Width": 24, "Index Cond": "((l_shipdate >= '1993-01-01 00:00:00'::timestamp(0) without time zone) AND (l_shipdate < '1994-01-01 00:00:00'::timestamp without time zone)), (LLVM Optimized)"}]}, {"Node Type": "Index Scan", "Parent Relationship": "Inner", "Scan Direction": "Forward", "Index Name": "partsupp_pkey", "Relation Name": "partsupp", "Alias": "partsupp", "Startup Cost": 0.0, "Total Cost": 0.38, "Plan Rows": 1, "Plan Width": 24, "Index Cond": "((ps_partkey = lineitem.l_partkey) AND (ps_suppkey = lineitem.l_suppkey))", "Filter": "((ps_availqty)::double precision > (.5::double precision * (sum(lineitem.l_quantity))))"}]}, {"Node Type": "Index Scan", "Parent Relationship": "Inner", "Scan Direction": "Forward", "Index Name": "part_kpey", "Relation Name": "part", "Alias": "part", "Startup Cost": 0.0, "Total Cost": 0.3, "Plan Rows": 1, "Plan Width": 8, "Index Cond": "(p_partkey = partsupp.ps_partkey)", "Filter": "((p_name)::text ~~ 'green%'::text)"}]}]}]}]}, "Unique SQL Id": 202076520, "Planner Runtime": 2}, "explain_analyze_plan": null}, "(64, 122)": {"explain_plan": {"Plan": {"Node Type": "Sort", "Startup Cost": 17339533198.13, "Total Cost": 17339533203.13, "Plan Rows": 2000, "Plan Width": 51, "Sort Key": ["supplier.s_name"], "Plans": [{"Node Type": "Nested Loop", "Parent Relationship": "Outer", "Join Type": "Semi", "Startup Cost": 2405767.29, "Total Cost": 17339533088.47, "Plan Rows": 2000, "Plan Width": 51, "Inner Unique": false, "Join Filter": "(supplier.s_suppkey = lineitem.l_suppkey)", "Plans": [{"Node Type": "Nested Loop", "Parent Relationship": "Outer", "Join Type": "Inner", "Startup Cost": 0.0, "Total Cost": 4534.31, "Plan Rows": 4000, "Plan Width": 59, "Inner Unique": false, "Join Filter": "(supplier.s_nationkey = nation.n_nationkey)", "Plans": [{"Node Type": "Seq Scan", "Parent Relationship": "Outer", "Relation Name": "nation", "Alias": "nation", "Startup Cost": 0.0, "Total Cost": 1.31, "Plan Rows": 1, "Plan Width": 4, "Filter": "(n_name = 'ALGERIA'::bpchar)"}, {"Node Type": "Seq Scan", "Parent Relationship": "Inner", "Relation Name": "supplier", "Alias": "supplier", "Startup Cost": 0.0, "Total Cost": 3283.0, "Plan Rows": 100000, "Plan Width": 63}]}, {"Node Type": "Materialize", "Parent Relationship": "Inner", "Startup Cost": 2405767.29, "Total Cost": 17339528434.16, "Plan Rows": 2, "Plan Width": 16, "Plans": [{"Node Type": "Nested Loop", "Parent Relationship": "Outer", "Join Type": "Inner", "Startup Cost": 2405767.29, "Total Cost": 17339528434.15, "Plan Rows": 2, "Plan Width": 16, "Inner Unique": false, "Join Filter": "((partsupp.ps_partkey = lineitem.l_partkey) AND (partsupp.ps_suppkey = lineitem.l_suppkey) AND ((partsupp.ps_availqty)::double precision > (.5::double precision * (sum(lineitem.l_quantity)))))", "Plans": [{"Node Type": "Aggregate", "Strategy": "Hashed", "Parent Relationship": "Outer", "Startup Cost": 2405767.29, "Total Cost": 2519163.29, "Plan Rows": 9071680, "Plan Width": 40, "Group By Key": ["lineitem.l_partkey", "lineitem.l_suppkey"], "Plans": [{"Node Type": "Seq Scan", "Parent Relationship": "Outer", "Relation Name": "lineitem", "Alias": "lineitem", "Startup Cost": 119.57, "Total Cost": 2315050.5, "Plan Rows": 9071680, "Plan Width": 24, "Filter": "((l_shipdate >= '1993-01-01 00:00:00'::timestamp(0) without time zone) AND (l_shipdate < '1994-01-01 00:00:00'::timestamp without time zone)), (LLVM Optimized)"}]}, {"Node Type": "Materialize", "Parent Relationship": "Inner", "Startup Cost": 0.0, "Total Cost": 2697041531.44, "Plan Rows": 64552, "Plan Width": 32, "Plans": [{"Node Type": "Nested Loop", "Parent Relationship": "Outer", "Join Type": "Semi", "Startup Cost": 0.0, "Total Cost": 2697041208.68, "Plan Rows": 64552, "Plan Width": 32, "Inner Unique": false, "Join Filter": "(partsupp.ps_partkey = part.p_partkey)", "Plans": [{"Node Type": "Seq Scan", "Parent Relationship": "Outer", "Relation Name": "partsupp", "Alias": "partsupp", "Startup Cost": 0.0, "Total Cost": 269987.72, "Plan Rows": 8000372, "Plan Width": 24}, {"Node Type": "Materialize", "Parent Relationship": "Inner", "Startup Cost": 0.0, "Total Cost": 67056.36, "Plan Rows": 22472, "Plan Width": 8, "Plans": [{"Node Type": "Seq Scan", "Parent Relationship": "Outer", "Relation Name": "part", "Alias": "part", "Startup Cost": 0.0, "Total Cost": 66944.0, "Plan Rows": 22472, "Plan Width": 8, "Filter": "((p_name)::text ~~ 'green%'::text)"}]}]}]}]}]}]}]}, "Unique SQL Id": 202076520, "Planner Runtime": 2}, "explain_analyze_plan": null}, "(64, 123)": {"explain_plan": {"Plan": {"Node Type": "Sort", "Startup Cost": 5018253561064.47, "Total Cost": 5018253561069.47, "Plan Rows": 2000, "Plan Width": 51, "Sort Key": ["supplier.s_name"], "Plans": [{"Node Type": "Nested Loop", "Parent Relationship": "Outer", "Join Type": "Semi", "Startup Cost": 1040805475552.94, "Total Cost": 5018253560954.81, "Plan Rows": 2000, "Plan Width": 51, "Inner Unique": false, "Join Filter": "(supplier.s_suppkey = subquery.\"?column?\")", "Plans": [{"Node Type": "Nested Loop", "Parent Relationship": "Outer", "Join Type": "Inner", "Startup Cost": 20000000000.0, "Total Cost": 2000000536223.13, "Plan Rows": 4000, "Plan Width": 59, "Inner Unique": true, "Join Filter": "(supplier.s_nationkey = nation.n_nationkey)", "Plans": [{"Node Type": "Index Scan", "Parent Relationship": "Outer", "Scan Direction": "Forward", "Index Name": "supplier_pkey", "Relation Name": "supplier", "Alias": "supplier", "Startup Cost": 10000000000.0, "Total Cost": 1000000533454.38, "Plan Rows": 100000, "Plan Width": 63}, {"Node Type": "Materialize", "Parent Relationship": "Inner", "Startup Cost": 10000000000.0, "Total Cost": 1000000001268.76, "Plan Rows": 1, "Plan Width": 4, "Plans": [{"Node Type": "Index Scan", "Parent Relationship": "Outer", "Scan Direction": "Forward", "Index Name": "nation_pkey", "Relation Name": "nation", "Alias": "nation", "Startup Cost": 10000000000.0, "Total Cost": 1000000001268.75, "Plan Rows": 1, "Plan Width": 4, "Filter": "(n_name = 'ALGERIA'::bpchar)"}]}]}, {"Node Type": "Materialize", "Parent Relationship": "Inner", "Startup Cost": 1020805475552.94, "Total Cost": 3018253024611.68, "Plan Rows": 2, "Plan Width": 16, "Plans": [{"Node Type": "Nested Loop", "Parent Relationship": "Outer", "Join Type": "Inner", "Startup Cost": 1020805475552.94, "Total Cost": 3018253024611.67, "Plan Rows": 2, "Plan Width": 16, "Inner Unique": true, "Join Filter": "((partsupp.ps_partkey = subquery.\"?column?\") AND (partsupp.ps_suppkey = subquery.\"?column?\") AND ((partsupp.ps_availqty)::double precision > (.5::double precision * subquery.\"?column?\")))", "Plans": [{"Node Type": "Nested Loop", "Parent Relationship": "Outer", "Join Type": "Semi", "Startup Cost": 20000000000.0, "Total Cost": 2002807445082.73, "Plan Rows": 64552, "Plan Width": 32, "Inner Unique": false, "Join Filter": "(partsupp.ps_partkey = part.p_partkey)", "Plans": [{"Node Type": "Index Scan", "Parent Relationship": "Outer", "Scan Direction": "Forward", "Index Name": "idx_partsupp_suppkey", "Relation Name": "partsupp", "Alias": "partsupp", "Startup Cost": 10000000000.0, "Total Cost": 1000100160480.77, "Plan Rows": 8000372, "Plan Width": 24}, {"Node Type": "Materialize", "Parent Relationship": "Inner", "Startup Cost": 10000000000.0, "Total Cost": 1000010580437.36, "Plan Rows": 22472, "Plan Width": 8, "Plans": [{"Node Type": "Index Scan", "Parent Relationship": "Outer", "Scan Direction": "Forward", "Index Name": "part_kpey", "Relation Name": "part", "Alias": "part", "Startup Cost": 10000000000.0, "Total Cost": 1000010580325.0, "Plan Rows": 22472, "Plan Width": 8, "Filter": "((p_name)::text ~~ 'green%'::text)"}]}]}, {"Node Type": "Materialize", "Parent Relationship": "Inner", "Startup Cost": 1000805475552.94, "Total Cost": 1000805725024.14, "Plan Rows": 9071680, "Plan Width": 24, "Plans": [{"Node Type": "Subquery Scan", "Parent Relationship": "Outer", "Alias": "subquery", "Startup Cost": 1000805475552.94, "Total Cost": 1000805679665.74, "Plan Rows": 9071680, "Plan Width": 24, "Plans": [{"Node Type": "Aggregate", "Strategy": "Hashed", "Parent Relationship": "Subquery", "Startup Cost": 1000805475552.94, "Total Cost": 1000805588948.94, "Plan Rows": 9071680, "Plan Width": 40, "Group By Key": ["lineitem.l_partkey", "lineitem.l_suppkey"], "Plans": [{"Node Type": "Index Scan", "Parent Relationship": "Outer", "Scan Direction": "Forward", "Index Name": "idx_lineitem_part_supp", "Relation Name": "lineitem", "Alias": "lineitem", "Startup Cost": 10000000000.0, "Total Cost": 1000805384836.14, "Plan Rows": 9071680, "Plan Width": 24, "Filter": "((l_shipdate >= '1993-01-01 00:00:00'::timestamp(0) without time zone) AND (l_shipdate < '1994-01-01 00:00:00'::timestamp without time zone)), (LLVM Optimized)"}]}]}]}]}]}]}]}, "Unique SQL Id": 202076520, "Planner Runtime": 1}, "explain_analyze_plan": null}, "(64, 124)": {"explain_plan": {"Plan": {"Node Type": "Sort", "Startup Cost": 6185115.22, "Total Cost": 6185120.22, "Plan Rows": 2000, "Plan Width": 51, "Sort Key": ["supplier.s_name"], "Plans": [{"Node Type": "Nested Loop", "Parent Relationship": "Outer", "Join Type": "Semi", "Startup Cost": 2405767.29, "Total Cost": 6185005.56, "Plan Rows": 2000, "Plan Width": 51, "Inner Unique": false, "Join Filter": "(supplier.s_suppkey = lineitem.l_suppkey)", "Plans": [{"Node Type": "Nested Loop", "Parent Relationship": "Outer", "Join Type": "Inner", "Startup Cost": 0.0, "Total Cost": 4534.31, "Plan Rows": 4000, "Plan Width": 59, "Inner Unique": false, "Join Filter": "(supplier.s_nationkey = nation.n_nationkey)", "Plans": [{"Node Type": "Seq Scan", "Parent Relationship": "Outer", "Relation Name": "nation", "Alias": "nation", "Startup Cost": 0.0, "Total Cost": 1.31, "Plan Rows": 1, "Plan Width": 4, "Filter": "(n_name = 'ALGERIA'::bpchar)"}, {"Node Type": "Seq Scan", "Parent Relationship": "Inner", "Relation Name": "supplier", "Alias": "supplier", "Startup Cost": 0.0, "Total Cost": 3283.0, "Plan Rows": 100000, "Plan Width": 63}]}, {"Node Type": "Materialize", "Parent Relationship": "Inner", "Startup Cost": 2405767.29, "Total Cost": 6180351.26, "Plan Rows": 2, "Plan Width": 16, "Plans": [{"Node Type": "Nested Loop", "Parent Relationship": "Outer", "Join Type": "Semi", "Startup Cost": 2405767.29, "Total Cost": 6180351.25, "Plan Rows": 2, "Plan Width": 16, "Inner Unique": false, "Plans": [{"Node Type": "Nested Loop", "Parent Relationship": "Outer", "Join Type": "Inner", "Startup Cost": 2405767.29, "Total Cost": 6180346.49, "Plan Rows": 15, "Plan Width": 32, "Inner Unique": true, "Plans": [{"Node Type": "Aggregate", "Strategy": "Hashed", "Parent Relationship": "Outer", "Startup Cost": 2405767.29, "Total Cost": 2519163.29, "Plan Rows": 9071680, "Plan Width": 40, "Group By Key": ["lineitem.l_partkey", "lineitem.l_suppkey"], "Plans": [{"Node Type": "Seq Scan", "Parent Relationship": "Outer", "Relation Name": "lineitem", "Alias": "lineitem", "Startup Cost": 119.57, "Total Cost": 2315050.5, "Plan Rows": 9071680, "Plan Width": 24, "Filter": "((l_shipdate >= '1993-01-01 00:00:00'::timestamp(0) without time zone) AND (l_shipdate < '1994-01-01 00:00:00'::timestamp without time zone)), (LLVM Optimized)"}]}, {"Node Type": "Index Scan", "Parent Relationship": "Inner", "Scan Direction": "Forward", "Index Name": "partsupp_pkey", "Relation Name": "partsupp", "Alias": "partsupp", "Startup Cost": 0.0, "Total Cost": 0.38, "Plan Rows": 1, "Plan Width": 24, "Index Cond": "((ps_partkey = lineitem.l_partkey) AND (ps_suppkey = lineitem.l_suppkey))", "Filter": "((ps_availqty)::double precision > (.5::double precision * (sum(lineitem.l_quantity))))"}]}, {"Node Type": "Index Scan", "Parent Relationship": "Inner", "Scan Direction": "Forward", "Index Name": "part_kpey", "Relation Name": "part", "Alias": "part", "Startup Cost": 0.0, "Total Cost": 0.3, "Plan Rows": 1, "Plan Width": 8, "Index Cond": "(p_partkey = partsupp.ps_partkey)", "Filter": "((p_name)::text ~~ 'green%'::text)"}]}]}]}]}, "Unique SQL Id": 202076520, "Planner Runtime": 2}, "explain_analyze_plan": null}, "(64, 125)": {"explain_plan": {"Plan": {"Node Type": "Sort", "Startup Cost": 9935869.48, "Total Cost": 9935874.48, "Plan Rows": 2000, "Plan Width": 51, "Sort Key": ["supplier.s_name"], "Plans": [{"Node Type": "Nested Loop", "Parent Relationship": "Outer", "Join Type": "Semi", "Startup Cost": 6154458.63, "Total Cost": 9935759.82, "Plan Rows": 2000, "Plan Width": 51, "Inner Unique": false, "Join Filter": "(supplier.s_suppkey = lineitem.l_suppkey)", "Plans": [{"Node Type": "Nested Loop", "Parent Relationship": "Outer", "Join Type": "Inner", "Startup Cost": 0.0, "Total Cost": 6597.23, "Plan Rows": 4000, "Plan Width": 59, "Inner Unique": false, "Join Filter": "(supplier.s_nationkey = nation.n_nationkey)", "Plans": [{"Node Type": "Index Scan", "Parent Relationship": "Outer", "Scan Direction": "Forward", "Index Name": "nation_pkey", "Relation Name": "nation", "Alias": "nation", "Startup Cost": 0.0, "Total Cost": 12.69, "Plan Rows": 1, "Plan Width": 4, "Filter": "(n_name = 'ALGERIA'::bpchar)"}, {"Node Type": "Index Scan", "Parent Relationship": "Inner", "Scan Direction": "Forward", "Index Name": "supplier_pkey", "Relation Name": "supplier", "Alias": "supplier", "Startup Cost": 0.0, "Total Cost": 5334.54, "Plan Rows": 100000, "Plan Width": 63}]}, {"Node Type": "Materialize", "Parent Relationship": "Inner", "Startup Cost": 6154458.63, "Total Cost": 9929042.6, "Plan Rows": 2, "Plan Width": 16, "Plans": [{"Node Type": "Nested Loop", "Parent Relationship": "Outer", "Join Type": "Semi", "Startup Cost": 6154458.63, "Total Cost": 9929042.59, "Plan Rows": 2, "Plan Width": 16, "Inner Unique": false, "Plans": [{"Node Type": "Nested Loop", "Parent Relationship": "Outer", "Join Type": "Inner", "Startup Cost": 6154458.63, "Total Cost": 9929037.83, "Plan Rows": 15, "Plan Width": 32, "Inner Unique": true, "Plans": [{"Node Type": "Aggregate", "Strategy": "Hashed", "Parent Relationship": "Outer", "Startup Cost": 6154458.63, "Total Cost": 6267854.63, "Plan Rows": 9071680, "Plan Width": 40, "Group By Key": ["lineitem.l_partkey", "lineitem.l_suppkey"], "Plans": [{"Node Type": "Index Scan", "Parent Relationship": "Outer", "Scan Direction": "Forward", "Index Name": "idx_lineitem_shipdate", "Relation Name": "lineitem", "Alias": "lineitem", "Startup Cost": 0.0, "Total Cost": 6063741.83, "Plan Rows": 9071680, "Plan Width": 24, "Index Cond": "((l_shipdate >= '1993-01-01 00:00:00'::timestamp(0) without time zone) AND (l_shipdate < '1994-01-01 00:00:00'::timestamp without time zone)), (LLVM Optimized)"}]}, {"Node Type": "Index Scan", "Parent Relationship": "Inner", "Scan Direction": "Forward", "Index Name": "partsupp_pkey", "Relation Name": "partsupp", "Alias": "partsupp", "Startup Cost": 0.0, "Total Cost": 0.38, "Plan Rows": 1, "Plan Width": 24, "Index Cond": "((ps_partkey = lineitem.l_partkey) AND (ps_suppkey = lineitem.l_suppkey))", "Filter": "((ps_availqty)::double precision > (.5::double precision * (sum(lineitem.l_quantity))))"}]}, {"Node Type": "Index Scan", "Parent Relationship": "Inner", "Scan Direction": "Forward", "Index Name": "part_kpey", "Relation Name": "part", "Alias": "part", "Startup Cost": 0.0, "Total Cost": 0.3, "Plan Rows": 1, "Plan Width": 8, "Index Cond": "(p_partkey = partsupp.ps_partkey)", "Filter": "((p_name)::text ~~ 'green%'::text)"}]}]}]}]}, "Unique SQL Id": 202076520, "Planner Runtime": 2}, "explain_analyze_plan": null}, "(64, 126)": {"explain_plan": {"Plan": {"Node Type": "Sort", "Startup Cost": 17339533198.13, "Total Cost": 17339533203.13, "Plan Rows": 2000, "Plan Width": 51, "Sort Key": ["supplier.s_name"], "Plans": [{"Node Type": "Nested Loop", "Parent Relationship": "Outer", "Join Type": "Semi", "Startup Cost": 2405767.29, "Total Cost": 17339533088.47, "Plan Rows": 2000, "Plan Width": 51, "Inner Unique": false, "Join Filter": "(supplier.s_suppkey = lineitem.l_suppkey)", "Plans": [{"Node Type": "Nested Loop", "Parent Relationship": "Outer", "Join Type": "Inner", "Startup Cost": 0.0, "Total Cost": 4534.31, "Plan Rows": 4000, "Plan Width": 59, "Inner Unique": false, "Join Filter": "(supplier.s_nationkey = nation.n_nationkey)", "Plans": [{"Node Type": "Seq Scan", "Parent Relationship": "Outer", "Relation Name": "nation", "Alias": "nation", "Startup Cost": 0.0, "Total Cost": 1.31, "Plan Rows": 1, "Plan Width": 4, "Filter": "(n_name = 'ALGERIA'::bpchar)"}, {"Node Type": "Seq Scan", "Parent Relationship": "Inner", "Relation Name": "supplier", "Alias": "supplier", "Startup Cost": 0.0, "Total Cost": 3283.0, "Plan Rows": 100000, "Plan Width": 63}]}, {"Node Type": "Materialize", "Parent Relationship": "Inner", "Startup Cost": 2405767.29, "Total Cost": 17339528434.16, "Plan Rows": 2, "Plan Width": 16, "Plans": [{"Node Type": "Nested Loop", "Parent Relationship": "Outer", "Join Type": "Inner", "Startup Cost": 2405767.29, "Total Cost": 17339528434.15, "Plan Rows": 2, "Plan Width": 16, "Inner Unique": false, "Join Filter": "((partsupp.ps_partkey = lineitem.l_partkey) AND (partsupp.ps_suppkey = lineitem.l_suppkey) AND ((partsupp.ps_availqty)::double precision > (.5::double precision * (sum(lineitem.l_quantity)))))", "Plans": [{"Node Type": "Aggregate", "Strategy": "Hashed", "Parent Relationship": "Outer", "Startup Cost": 2405767.29, "Total Cost": 2519163.29, "Plan Rows": 9071680, "Plan Width": 40, "Group By Key": ["lineitem.l_partkey", "lineitem.l_suppkey"], "Plans": [{"Node Type": "Seq Scan", "Parent Relationship": "Outer", "Relation Name": "lineitem", "Alias": "lineitem", "Startup Cost": 119.57, "Total Cost": 2315050.5, "Plan Rows": 9071680, "Plan Width": 24, "Filter": "((l_shipdate >= '1993-01-01 00:00:00'::timestamp(0) without time zone) AND (l_shipdate < '1994-01-01 00:00:00'::timestamp without time zone)), (LLVM Optimized)"}]}, {"Node Type": "Materialize", "Parent Relationship": "Inner", "Startup Cost": 0.0, "Total Cost": 2697041531.44, "Plan Rows": 64552, "Plan Width": 32, "Plans": [{"Node Type": "Nested Loop", "Parent Relationship": "Outer", "Join Type": "Semi", "Startup Cost": 0.0, "Total Cost": 2697041208.68, "Plan Rows": 64552, "Plan Width": 32, "Inner Unique": false, "Join Filter": "(partsupp.ps_partkey = part.p_partkey)", "Plans": [{"Node Type": "Seq Scan", "Parent Relationship": "Outer", "Relation Name": "partsupp", "Alias": "partsupp", "Startup Cost": 0.0, "Total Cost": 269987.72, "Plan Rows": 8000372, "Plan Width": 24}, {"Node Type": "Materialize", "Parent Relationship": "Inner", "Startup Cost": 0.0, "Total Cost": 67056.36, "Plan Rows": 22472, "Plan Width": 8, "Plans": [{"Node Type": "Seq Scan", "Parent Relationship": "Outer", "Relation Name": "part", "Alias": "part", "Startup Cost": 0.0, "Total Cost": 66944.0, "Plan Rows": 22472, "Plan Width": 8, "Filter": "((p_name)::text ~~ 'green%'::text)"}]}]}]}]}]}]}]}, "Unique SQL Id": 202076520, "Planner Runtime": 2}, "explain_analyze_plan": null}, "(64, 127)": {"explain_plan": {"Plan": {"Node Type": "Sort", "Startup Cost": 5018253561064.47, "Total Cost": 5018253561069.47, "Plan Rows": 2000, "Plan Width": 51, "Sort Key": ["supplier.s_name"], "Plans": [{"Node Type": "Nested Loop", "Parent Relationship": "Outer", "Join Type": "Semi", "Startup Cost": 1040805475552.94, "Total Cost": 5018253560954.81, "Plan Rows": 2000, "Plan Width": 51, "Inner Unique": false, "Join Filter": "(supplier.s_suppkey = subquery.\"?column?\")", "Plans": [{"Node Type": "Nested Loop", "Parent Relationship": "Outer", "Join Type": "Inner", "Startup Cost": 20000000000.0, "Total Cost": 2000000536223.13, "Plan Rows": 4000, "Plan Width": 59, "Inner Unique": true, "Join Filter": "(supplier.s_nationkey = nation.n_nationkey)", "Plans": [{"Node Type": "Index Scan", "Parent Relationship": "Outer", "Scan Direction": "Forward", "Index Name": "supplier_pkey", "Relation Name": "supplier", "Alias": "supplier", "Startup Cost": 10000000000.0, "Total Cost": 1000000533454.38, "Plan Rows": 100000, "Plan Width": 63}, {"Node Type": "Materialize", "Parent Relationship": "Inner", "Startup Cost": 10000000000.0, "Total Cost": 1000000001268.76, "Plan Rows": 1, "Plan Width": 4, "Plans": [{"Node Type": "Index Scan", "Parent Relationship": "Outer", "Scan Direction": "Forward", "Index Name": "nation_pkey", "Relation Name": "nation", "Alias": "nation", "Startup Cost": 10000000000.0, "Total Cost": 1000000001268.75, "Plan Rows": 1, "Plan Width": 4, "Filter": "(n_name = 'ALGERIA'::bpchar)"}]}]}, {"Node Type": "Materialize", "Parent Relationship": "Inner", "Startup Cost": 1020805475552.94, "Total Cost": 3018253024611.68, "Plan Rows": 2, "Plan Width": 16, "Plans": [{"Node Type": "Nested Loop", "Parent Relationship": "Outer", "Join Type": "Inner", "Startup Cost": 1020805475552.94, "Total Cost": 3018253024611.67, "Plan Rows": 2, "Plan Width": 16, "Inner Unique": true, "Join Filter": "((partsupp.ps_partkey = subquery.\"?column?\") AND (partsupp.ps_suppkey = subquery.\"?column?\") AND ((partsupp.ps_availqty)::double precision > (.5::double precision * subquery.\"?column?\")))", "Plans": [{"Node Type": "Nested Loop", "Parent Relationship": "Outer", "Join Type": "Semi", "Startup Cost": 20000000000.0, "Total Cost": 2002807445082.73, "Plan Rows": 64552, "Plan Width": 32, "Inner Unique": false, "Join Filter": "(partsupp.ps_partkey = part.p_partkey)", "Plans": [{"Node Type": "Index Scan", "Parent Relationship": "Outer", "Scan Direction": "Forward", "Index Name": "idx_partsupp_suppkey", "Relation Name": "partsupp", "Alias": "partsupp", "Startup Cost": 10000000000.0, "Total Cost": 1000100160480.77, "Plan Rows": 8000372, "Plan Width": 24}, {"Node Type": "Materialize", "Parent Relationship": "Inner", "Startup Cost": 10000000000.0, "Total Cost": 1000010580437.36, "Plan Rows": 22472, "Plan Width": 8, "Plans": [{"Node Type": "Index Scan", "Parent Relationship": "Outer", "Scan Direction": "Forward", "Index Name": "part_kpey", "Relation Name": "part", "Alias": "part", "Startup Cost": 10000000000.0, "Total Cost": 1000010580325.0, "Plan Rows": 22472, "Plan Width": 8, "Filter": "((p_name)::text ~~ 'green%'::text)"}]}]}, {"Node Type": "Materialize", "Parent Relationship": "Inner", "Startup Cost": 1000805475552.94, "Total Cost": 1000805725024.14, "Plan Rows": 9071680, "Plan Width": 24, "Plans": [{"Node Type": "Subquery Scan", "Parent Relationship": "Outer", "Alias": "subquery", "Startup Cost": 1000805475552.94, "Total Cost": 1000805679665.74, "Plan Rows": 9071680, "Plan Width": 24, "Plans": [{"Node Type": "Aggregate", "Strategy": "Hashed", "Parent Relationship": "Subquery", "Startup Cost": 1000805475552.94, "Total Cost": 1000805588948.94, "Plan Rows": 9071680, "Plan Width": 40, "Group By Key": ["lineitem.l_partkey", "lineitem.l_suppkey"], "Plans": [{"Node Type": "Index Scan", "Parent Relationship": "Outer", "Scan Direction": "Forward", "Index Name": "idx_lineitem_part_supp", "Relation Name": "lineitem", "Alias": "lineitem", "Startup Cost": 10000000000.0, "Total Cost": 1000805384836.14, "Plan Rows": 9071680, "Plan Width": 24, "Filter": "((l_shipdate >= '1993-01-01 00:00:00'::timestamp(0) without time zone) AND (l_shipdate < '1994-01-01 00:00:00'::timestamp without time zone)), (LLVM Optimized)"}]}]}]}]}]}]}]}, "Unique SQL Id": 202076520, "Planner Runtime": 1}, "explain_analyze_plan": null}}