{"(1, '0')": {"explain_plan": {"Plan": {"Node Type": "Limit", "Startup Cost": 1728598.43, "Total Cost": 1728598.46, "Plan Rows": 10, "Plan Width": 36, "Plans": [{"Node Type": "Sort", "Parent Relationship": "Outer", "Startup Cost": 1728598.43, "Total Cost": 1737496.55, "Plan Rows": 10, "Plan Width": 36, "Sort Key": ["(sum((lineitem.l_extendedprice * (1::double precision - lineitem.l_discount)))) DESC", "orders.o_orderdate"], "Plans": [{"Node Type": "Aggregate", "Strategy": "Hashed", "Parent Relationship": "Outer", "Startup Cost": 1616091.91, "Total Cost": 1651684.38, "Plan Rows": 3559247, "Plan Width": 36, "Group By Key": ["lineitem.l_orderkey", "orders.o_orderdate", "orders.o_shippriority"], "Plans": [{"Node Type": "Nested Loop", "Parent Relationship": "Outer", "Join Type": "Inner", "Startup Cost": 60061.81, "Total Cost": 1562703.21, "Plan Rows": 3559247, "Plan Width": 36, "Inner Unique": false, "Plans": [{"Node Type": "Hash Join", "Parent Relationship": "Outer", "Join Type": "Inner", "Startup Cost": 60061.81, "Total Cost": 558158.87, "Plan Rows": 715772, "Plan Width": 20, "Inner Unique": true, "Hash Cond": "(orders.o_custkey = customer.c_custkey), (LLVM Optimized)", "Plans": [{"Node Type": "Seq Scan", "Parent Relationship": "Outer", "Relation Name": "orders", "Alias": "orders", "Startup Cost": 386.46, "Total Cost": 463912.49, "Plan Rows": 7310217, "Plan Width": 28, "Filter": "(o_orderdate < '1995-03-13 00:00:00'::timestamp(0) without time zone), (LLVM Optimized)"}, {"Node Type": "Hash", "Parent Relationship": "Inner", "Startup Cost": 55876.0, "Total Cost": 55876.0, "Plan Rows": 303948, "Plan Width": 8, "Plans": [{"Node Type": "Seq Scan", "Parent Relationship": "Outer", "Relation Name": "customer", "Alias": "customer", "Startup Cost": 0.0, "Total Cost": 55876.0, "Plan Rows": 303948, "Plan Width": 8, "Filter": "(c_mktsegment = 'AUTOMOBILE'::bpchar), (LLVM Optimized)"}]}]}, {"Node Type": "Index Scan", "Parent Relationship": "Inner", "Scan Direction": "Forward", "Index Name": "idx_lineitem_orderkey", "Relation Name": "lineitem", "Alias": "lineitem", "Startup Cost": 0.0, "Total Cost": 1.35, "Plan Rows": 5, "Plan Width": 24, "Index Cond": "(l_orderkey = orders.o_orderkey)", "Filter": "(l_shipdate > '1995-03-13 00:00:00'::timestamp(0) without time zone)"}]}]}]}]}, "Unique SQL Id": 3929762122, "Planner Runtime": 1}, "explain_analyze_plan": {"Plan": {"Node Type": "Limit", "Startup Cost": 1728598.43, "Total Cost": 1728598.46, "Plan Rows": 10, "Plan Width": 36, "Actual Startup Time": 21120.337, "Actual Total Time": 21120.34, "Actual Rows": 10, "Actual Loops": 1, "Plans": [{"Node Type": "Sort", "Parent Relationship": "Outer", "Startup Cost": 1728598.43, "Total Cost": 1737496.55, "Plan Rows": 10, "Plan Width": 36, "Actual Startup Time": 21120.334, "Actual Total Time": 21120.335, "Actual Rows": 10, "Actual Loops": 1, "Sort Key": ["(sum((lineitem.l_extendedprice * (1::double precision - lineitem.l_discount)))) DESC", "orders.o_orderdate"], "Sort Method": "top-N heapsort", "Sort Space Used": 26, "Sort Space Type": "Memory", "Plans": [{"Node Type": "Aggregate", "Strategy": "Hashed", "Parent Relationship": "Outer", "Startup Cost": 1616091.91, "Total Cost": 1651684.38, "Plan Rows": 3559247, "Plan Width": 36, "Actual Startup Time": 21032.242, "Actual Total Time": 21092.975, "Actual Rows": 113719, "Actual Loops": 1, "Group By Key": ["lineitem.l_orderkey", "orders.o_orderdate", "orders.o_shippriority"], "Plans": [{"Node Type": "Nested Loop", "Parent Relationship": "Outer", "Join Type": "Inner", "Startup Cost": 60061.81, "Total Cost": 1562703.21, "Plan Rows": 3559247, "Plan Width": 36, "Actual Startup Time": 739.304, "Actual Total Time": 20734.32, "Actual Rows": 300219, "Actual Loops": 1, "Inner Unique": false, "Plans": [{"Node Type": "Hash Join", "Parent Relationship": "Outer", "Join Type": "Inner", "Startup Cost": 60061.81, "Total Cost": 558158.87, "Plan Rows": 715772, "Plan Width": 20, "Actual Startup Time": 739.077, "Actual Total Time": 8940.97, "Actual Rows": 1455173, "Actual Loops": 1, "Inner Unique": true, "Hash Cond": "(orders.o_custkey = customer.c_custkey), (LLVM Optimized, Jit Execute)", "Plans": [{"Node Type": "Seq Scan", "Parent Relationship": "Outer", "Relation Name": "orders", "Alias": "orders", "Startup Cost": 386.46, "Total Cost": 463912.49, "Plan Rows": 7310217, "Plan Width": 28, "Actual Startup Time": 0.056, "Actual Total Time": 4941.534, "Actual Rows": 7276947, "Actual Loops": 1, "Filter": "(o_orderdate < '1995-03-13 00:00:00'::timestamp(0) without time zone), (LLVM Optimized, Jit Execute)", "Rows Removed by Filter": 7723053}, {"Node Type": "Hash", "Parent Relationship": "Inner", "Startup Cost": 55876.0, "Total Cost": 55876.0, "Plan Rows": 303948, "Plan Width": 8, "Actual Startup Time": 738.343, "Actual Total Time": 738.343, "Actual Rows": 300036, "Actual Loops": 1, "Hash Buckets": 524288, "Hash Batches": 1, "Original Hash Batches": 1, "Peak Memory Usage": 11721, "Plans": [{"Node Type": "Seq Scan", "Parent Relationship": "Outer", "Relation Name": "customer", "Alias": "customer", "Startup Cost": 0.0, "Total Cost": 55876.0, "Plan Rows": 303948, "Plan Width": 8, "Actual Startup Time": 0.021, "Actual Total Time": 643.423, "Actual Rows": 300036, "Actual Loops": 1, "Filter": "(c_mktsegment = 'AUTOMOBILE'::bpchar), (LLVM Optimized, Jit Execute)", "Rows Removed by Filter": 1199964}]}]}, {"Node Type": "Index Scan", "Parent Relationship": "Inner", "Scan Direction": "Forward", "Index Name": "idx_lineitem_orderkey", "Relation Name": "lineitem", "Alias": "lineitem", "Startup Cost": 0.0, "Total Cost": 1.35, "Plan Rows": 5, "Plan Width": 24, "Actual Startup Time": 10703.081, "Actual Total Time": 10988.174, "Actual Rows": 300219, "Actual Loops": 1455173, "Index Cond": "(l_orderkey = orders.o_orderkey)", "Rows Removed by Index Recheck": 0, "Filter": "(l_shipdate > '1995-03-13 00:00:00'::timestamp(0) without time zone)", "Rows Removed by Filter": 5519788}]}]}]}]}, "Triggers": [], "Planner Runtime": 1.233, "Total Runtime": 21130.306, "Unique SQL Id": 3929762122}}, "(1, '1')": {"explain_plan": {"Plan": {"Node Type": "Limit", "Startup Cost": 1829820.45, "Total Cost": 1829820.47, "Plan Rows": 10, "Plan Width": 36, "Plans": [{"Node Type": "Sort", "Parent Relationship": "Outer", "Startup Cost": 1829820.45, "Total Cost": 1838718.56, "Plan Rows": 10, "Plan Width": 36, "Sort Key": ["(sum((lineitem.l_extendedprice * (1::double precision - lineitem.l_discount)))) DESC", "orders.o_orderdate"], "Plans": [{"Node Type": "Aggregate", "Strategy": "Hashed", "Parent Relationship": "Outer", "Startup Cost": 1717313.93, "Total Cost": 1752906.4, "Plan Rows": 3559247, "Plan Width": 36, "Group By Key": ["lineitem.l_orderkey", "orders.o_orderdate", "orders.o_shippriority"], "Plans": [{"Node Type": "Nested Loop", "Parent Relationship": "Outer", "Join Type": "Inner", "Startup Cost": 257013.14, "Total Cost": 1663925.22, "Plan Rows": 3559247, "Plan Width": 36, "Inner Unique": false, "Plans": [{"Node Type": "Hash Join", "Parent Relationship": "Outer", "Join Type": "Inner", "Startup Cost": 257013.14, "Total Cost": 659380.88, "Plan Rows": 715772, "Plan Width": 20, "Inner Unique": true, "Hash Cond": "(orders.o_custkey = customer.c_custkey), (LLVM Optimized)", "Plans": [{"Node Type": "Bitmap Heap Scan", "Parent Relationship": "Outer", "Relation Name": "orders", "Alias": "orders", "Startup Cost": 168698.43, "Total Cost": 536495.14, "Plan Rows": 7310217, "Plan Width": 28, "Recheck Cond": "(o_orderdate < '1995-03-13 00:00:00'::timestamp(0) without time zone), (LLVM Optimized)", "Plans": [{"Node Type": "Bitmap Index Scan", "Parent Relationship": "Outer", "Index Name": "idx_orders_orderdate", "Startup Cost": 0.0, "Total Cost": 166870.88, "Plan Rows": 7310217, "Plan Width": 0, "Index Cond": "(o_orderdate < '1995-03-13 00:00:00'::timestamp(0) without time zone)"}]}, {"Node Type": "Hash", "Parent Relationship": "Inner", "Startup Cost": 84515.36, "Total Cost": 84515.36, "Plan Rows": 303948, "Plan Width": 8, "Plans": [{"Node Type": "Index Scan", "Parent Relationship": "Outer", "Scan Direction": "Forward", "Index Name": "customer_pkey", "Relation Name": "customer", "Alias": "customer", "Startup Cost": 0.0, "Total Cost": 84515.36, "Plan Rows": 303948, "Plan Width": 8, "Filter": "(c_mktsegment = 'AUTOMOBILE'::bpchar), (LLVM Optimized)"}]}]}, {"Node Type": "Index Scan", "Parent Relationship": "Inner", "Scan Direction": "Forward", "Index Name": "idx_lineitem_orderkey", "Relation Name": "lineitem", "Alias": "lineitem", "Startup Cost": 0.0, "Total Cost": 1.35, "Plan Rows": 5, "Plan Width": 24, "Index Cond": "(l_orderkey = orders.o_orderkey)", "Filter": "(l_shipdate > '1995-03-13 00:00:00'::timestamp(0) without time zone)"}]}]}]}]}, "Unique SQL Id": 3929762122, "Planner Runtime": 1}, "explain_analyze_plan": {"Plan": {"Node Type": "Limit", "Startup Cost": 1829820.45, "Total Cost": 1829820.47, "Plan Rows": 10, "Plan Width": 36, "Actual Startup Time": 22842.596, "Actual Total Time": 22842.599, "Actual Rows": 10, "Actual Loops": 1, "Plans": [{"Node Type": "Sort", "Parent Relationship": "Outer", "Startup Cost": 1829820.45, "Total Cost": 1838718.56, "Plan Rows": 10, "Plan Width": 36, "Actual Startup Time": 22842.593, "Actual Total Time": 22842.595, "Actual Rows": 10, "Actual Loops": 1, "Sort Key": ["(sum((lineitem.l_extendedprice * (1::double precision - lineitem.l_discount)))) DESC", "orders.o_orderdate"], "Sort Method": "top-N heapsort", "Sort Space Used": 26, "Sort Space Type": "Memory", "Plans": [{"Node Type": "Aggregate", "Strategy": "Hashed", "Parent Relationship": "Outer", "Startup Cost": 1717313.93, "Total Cost": 1752906.4, "Plan Rows": 3559247, "Plan Width": 36, "Actual Startup Time": 22737.205, "Actual Total Time": 22815.188, "Actual Rows": 113719, "Actual Loops": 1, "Group By Key": ["lineitem.l_orderkey", "orders.o_orderdate", "orders.o_shippriority"], "Plans": [{"Node Type": "Nested Loop", "Parent Relationship": "Outer", "Join Type": "Inner", "Startup Cost": 257013.14, "Total Cost": 1663925.22, "Plan Rows": 3559247, "Plan Width": 36, "Actual Startup Time": 3356.38, "Actual Total Time": 22441.654, "Actual Rows": 300219, "Actual Loops": 1, "Inner Unique": false, "Plans": [{"Node Type": "Hash Join", "Parent Relationship": "Outer", "Join Type": "Inner", "Startup Cost": 257013.14, "Total Cost": 659380.88, "Plan Rows": 715772, "Plan Width": 20, "Actual Startup Time": 3356.159, "Actual Total Time": 10560.793, "Actual Rows": 1455173, "Actual Loops": 1, "Inner Unique": true, "Hash Cond": "(orders.o_custkey = customer.c_custkey), (LLVM Optimized, Jit Execute)", "Plans": [{"Node Type": "Bitmap Heap Scan", "Parent Relationship": "Outer", "Relation Name": "orders", "Alias": "orders", "Startup Cost": 168698.43, "Total Cost": 536495.14, "Plan Rows": 7310217, "Plan Width": 28, "Actual Startup Time": 1970.259, "Actual Total Time": 5988.433, "Actual Rows": 7276947, "Actual Loops": 1, "Recheck Cond": "(o_orderdate < '1995-03-13 00:00:00'::timestamp(0) without time zone), (LLVM Optimized, Jit Execute)", "Rows Removed by Index Recheck": 0, "Exact Heap Blocks": 276419, "Lossy Heap Blocks": 276419, "Plans": [{"Node Type": "Bitmap Index Scan", "Parent Relationship": "Outer", "Index Name": "idx_orders_orderdate", "Startup Cost": 0.0, "Total Cost": 166870.88, "Plan Rows": 7310217, "Plan Width": 0, "Actual Startup Time": 1875.647, "Actual Total Time": 1875.647, "Actual Rows": 7276947, "Actual Loops": 1, "Index Cond": "(o_orderdate < '1995-03-13 00:00:00'::timestamp(0) without time zone)"}]}, {"Node Type": "Hash", "Parent Relationship": "Inner", "Startup Cost": 84515.36, "Total Cost": 84515.36, "Plan Rows": 303948, "Plan Width": 8, "Actual Startup Time": 1385.528, "Actual Total Time": 1385.528, "Actual Rows": 300036, "Actual Loops": 1, "Hash Buckets": 524288, "Hash Batches": 1, "Original Hash Batches": 1, "Peak Memory Usage": 11721, "Plans": [{"Node Type": "Index Scan", "Parent Relationship": "Outer", "Scan Direction": "Forward", "Index Name": "customer_pkey", "Relation Name": "customer", "Alias": "customer", "Startup Cost": 0.0, "Total Cost": 84515.36, "Plan Rows": 303948, "Plan Width": 8, "Actual Startup Time": 0.066, "Actual Total Time": 1257.479, "Actual Rows": 300036, "Actual Loops": 1, "Filter": "(c_mktsegment = 'AUTOMOBILE'::bpchar), (LLVM Optimized, Jit Execute)", "Rows Removed by Filter": 1199964}]}]}, {"Node Type": "Index Scan", "Parent Relationship": "Inner", "Scan Direction": "Forward", "Index Name": "idx_lineitem_orderkey", "Relation Name": "lineitem", "Alias": "lineitem", "Startup Cost": 0.0, "Total Cost": 1.35, "Plan Rows": 5, "Plan Width": 24, "Actual Startup Time": 10784.11, "Actual Total Time": 11073.459, "Actual Rows": 300219, "Actual Loops": 1455173, "Index Cond": "(l_orderkey = orders.o_orderkey)", "Rows Removed by Index Recheck": 0, "Filter": "(l_shipdate > '1995-03-13 00:00:00'::timestamp(0) without time zone)", "Rows Removed by Filter": 5519788}]}]}]}]}, "Triggers": [], "Planner Runtime": 1.152, "Total Runtime": 22853.179, "Unique SQL Id": 3929762122}}, "(1, '2')": {"explain_plan": {"Plan": {"Node Type": "Limit", "Startup Cost": 3055991.15, "Total Cost": 3055991.17, "Plan Rows": 10, "Plan Width": 36, "Plans": [{"Node Type": "Sort", "Parent Relationship": "Outer", "Startup Cost": 3055991.15, "Total Cost": 3064889.27, "Plan Rows": 10, "Plan Width": 36, "Sort Key": ["(sum((lineitem.l_extendedprice * (1::double precision - lineitem.l_discount)))) DESC", "orders.o_orderdate"], "Plans": [{"Node Type": "Aggregate", "Strategy": "Hashed", "Parent Relationship": "Outer", "Startup Cost": 2943484.63, "Total Cost": 2979077.1, "Plan Rows": 3559247, "Plan Width": 36, "Group By Key": ["lineitem.l_orderkey", "orders.o_orderdate", "orders.o_shippriority"], "Plans": [{"Node Type": "Hash Join", "Parent Relationship": "Outer", "Join Type": "Inner", "Startup Cost": 567106.02, "Total Cost": 2890095.93, "Plan Rows": 3559247, "Plan Width": 36, "Inner Unique": false, "Hash Cond": "(lineitem.l_orderkey = orders.o_orderkey), (LLVM Optimized)", "Plans": [{"Node Type": "Seq Scan", "Parent Relationship": "Outer", "Relation Name": "lineitem", "Alias": "lineitem", "Startup Cost": 0.0, "Total Cost": 2165082.91, "Plan Rows": 32617206, "Plan Width": 24, "Filter": "(l_shipdate > '1995-03-13 00:00:00'::timestamp(0) without time zone), (LLVM Optimized)"}, {"Node Type": "Hash", "Parent Relationship": "Inner", "Startup Cost": 558158.87, "Total Cost": 558158.87, "Plan Rows": 715772, "Plan Width": 20, "Plans": [{"Node Type": "Hash Join", "Parent Relationship": "Outer", "Join Type": "Inner", "Startup Cost": 60061.81, "Total Cost": 558158.87, "Plan Rows": 715772, "Plan Width": 20, "Inner Unique": true, "Hash Cond": "(orders.o_custkey = customer.c_custkey), (LLVM Optimized)", "Plans": [{"Node Type": "Seq Scan", "Parent Relationship": "Outer", "Relation Name": "orders", "Alias": "orders", "Startup Cost": 386.46, "Total Cost": 463912.49, "Plan Rows": 7310217, "Plan Width": 28, "Filter": "(o_orderdate < '1995-03-13 00:00:00'::timestamp(0) without time zone), (LLVM Optimized)"}, {"Node Type": "Hash", "Parent Relationship": "Inner", "Startup Cost": 55876.0, "Total Cost": 55876.0, "Plan Rows": 303948, "Plan Width": 8, "Plans": [{"Node Type": "Seq Scan", "Parent Relationship": "Outer", "Relation Name": "customer", "Alias": "customer", "Startup Cost": 0.0, "Total Cost": 55876.0, "Plan Rows": 303948, "Plan Width": 8, "Filter": "(c_mktsegment = 'AUTOMOBILE'::bpchar), (LLVM Optimized)"}]}]}]}]}]}]}]}, "Unique SQL Id": 3929762122, "Planner Runtime": 1}, "explain_analyze_plan": {"Plan": {"Node Type": "Limit", "Startup Cost": 3055991.15, "Total Cost": 3055991.17, "Plan Rows": 10, "Plan Width": 36, "Actual Startup Time": 39912.957, "Actual Total Time": 39912.961, "Actual Rows": 10, "Actual Loops": 1, "Plans": [{"Node Type": "Sort", "Parent Relationship": "Outer", "Startup Cost": 3055991.15, "Total Cost": 3064889.27, "Plan Rows": 10, "Plan Width": 36, "Actual Startup Time": 39912.953, "Actual Total Time": 39912.956, "Actual Rows": 10, "Actual Loops": 1, "Sort Key": ["(sum((lineitem.l_extendedprice * (1::double precision - lineitem.l_discount)))) DESC", "orders.o_orderdate"], "Sort Method": "top-N heapsort", "Sort Space Used": 26, "Sort Space Type": "Memory", "Plans": [{"Node Type": "Aggregate", "Strategy": "Hashed", "Parent Relationship": "Outer", "Startup Cost": 2943484.63, "Total Cost": 2979077.1, "Plan Rows": 3559247, "Plan Width": 36, "Actual Startup Time": 39821.735, "Actual Total Time": 39885.752, "Actual Rows": 113719, "Actual Loops": 1, "Group By Key": ["lineitem.l_orderkey", "orders.o_orderdate", "orders.o_shippriority"], "Plans": [{"Node Type": "Hash Join", "Parent Relationship": "Outer", "Join Type": "Inner", "Startup Cost": 567106.02, "Total Cost": 2890095.93, "Plan Rows": 3559247, "Plan Width": 36, "Actual Startup Time": 9286.806, "Actual Total Time": 39528.201, "Actual Rows": 300219, "Actual Loops": 1, "Inner Unique": false, "Hash Cond": "(lineitem.l_orderkey = orders.o_orderkey), (LLVM Optimized, Jit Execute)", "Plans": [{"Node Type": "Seq Scan", "Parent Relationship": "Outer", "Relation Name": "lineitem", "Alias": "lineitem", "Startup Cost": 0.0, "Total Cost": 2165082.91, "Plan Rows": 32617206, "Plan Width": 24, "Actual Startup Time": 0.109, "Actual Total Time": 21259.675, "Actual Rows": 32384344, "Actual Loops": 1, "Filter": "(l_shipdate > '1995-03-13 00:00:00'::timestamp(0) without time zone), (LLVM Optimized, Jit Execute)", "Rows Removed by Filter": 27601708}, {"Node Type": "Hash", "Parent Relationship": "Inner", "Startup Cost": 558158.87, "Total Cost": 558158.87, "Plan Rows": 715772, "Plan Width": 20, "Actual Startup Time": 9285.133, "Actual Total Time": 9285.133, "Actual Rows": 1455173, "Actual Loops": 1, "Hash Buckets": 1048576, "Hash Batches": 1, "Original Hash Batches": 1, "Peak Memory Usage": 79580, "Plans": [{"Node Type": "Hash Join", "Parent Relationship": "Outer", "Join Type": "Inner", "Startup Cost": 60061.81, "Total Cost": 558158.87, "Plan Rows": 715772, "Plan Width": 20, "Actual Startup Time": 672.836, "Actual Total Time": 8567.114, "Actual Rows": 1455173, "Actual Loops": 1, "Inner Unique": true, "Hash Cond": "(orders.o_custkey = customer.c_custkey), (LLVM Optimized, Jit Execute)", "Plans": [{"Node Type": "Seq Scan", "Parent Relationship": "Outer", "Relation Name": "orders", "Alias": "orders", "Startup Cost": 386.46, "Total Cost": 463912.49, "Plan Rows": 7310217, "Plan Width": 28, "Actual Startup Time": 0.024, "Actual Total Time": 4947.226, "Actual Rows": 7276947, "Actual Loops": 1, "Filter": "(o_orderdate < '1995-03-13 00:00:00'::timestamp(0) without time zone), (LLVM Optimized, Jit Execute)", "Rows Removed by Filter": 7723053}, {"Node Type": "Hash", "Parent Relationship": "Inner", "Startup Cost": 55876.0, "Total Cost": 55876.0, "Plan Rows": 303948, "Plan Width": 8, "Actual Startup Time": 672.467, "Actual Total Time": 672.467, "Actual Rows": 300036, "Actual Loops": 1, "Hash Buckets": 524288, "Hash Batches": 1, "Original Hash Batches": 1, "Peak Memory Usage": 11721, "Plans": [{"Node Type": "Seq Scan", "Parent Relationship": "Outer", "Relation Name": "customer", "Alias": "customer", "Startup Cost": 0.0, "Total Cost": 55876.0, "Plan Rows": 303948, "Plan Width": 8, "Actual Startup Time": 0.027, "Actual Total Time": 584.45, "Actual Rows": 300036, "Actual Loops": 1, "Filter": "(c_mktsegment = 'AUTOMOBILE'::bpchar), (LLVM Optimized, Jit Execute)", "Rows Removed by Filter": 1199964}]}]}]}]}]}]}]}, "Triggers": [], "Planner Runtime": 1.09, "Total Runtime": 39923.34, "Unique SQL Id": 3929762122}}, "(1, '3')": {"explain_plan": {"Plan": {"Node Type": "Limit", "Startup Cost": 35345596.54, "Total Cost": 35345596.56, "Plan Rows": 10, "Plan Width": 36, "Plans": [{"Node Type": "Sort", "Parent Relationship": "Outer", "Startup Cost": 35345596.54, "Total Cost": 35354494.65, "Plan Rows": 10, "Plan Width": 36, "Sort Key": ["(sum((lineitem.l_extendedprice * (1::double precision - lineitem.l_discount)))) DESC", "orders.o_orderdate"], "Plans": [{"Node Type": "Aggregate", "Strategy": "Hashed", "Parent Relationship": "Outer", "Startup Cost": 35233090.02, "Total Cost": 35268682.49, "Plan Rows": 3559247, "Plan Width": 36, "Group By Key": ["lineitem.l_orderkey", "orders.o_orderdate", "orders.o_shippriority"], "Plans": [{"Node Type": "Nested Loop", "Parent Relationship": "Outer", "Join Type": "Inner", "Startup Cost": 168699.14, "Total Cost": 35179701.31, "Plan Rows": 3559247, "Plan Width": 36, "Inner Unique": false, "Plans": [{"Node Type": "Nested Loop", "Parent Relationship": "Outer", "Join Type": "Inner", "Startup Cost": 168698.69, "Total Cost": 31865463.0, "Plan Rows": 715772, "Plan Width": 20, "Inner Unique": true, "Plans": [{"Node Type": "Bitmap Heap Scan", "Parent Relationship": "Outer", "Relation Name": "orders", "Alias": "orders", "Startup Cost": 168698.43, "Total Cost": 536495.14, "Plan Rows": 7310217, "Plan Width": 28, "Recheck Cond": "(o_orderdate < '1995-03-13 00:00:00'::timestamp(0) without time zone), (LLVM Optimized)", "Plans": [{"Node Type": "Bitmap Index Scan", "Parent Relationship": "Outer", "Index Name": "idx_orders_orderdate", "Startup Cost": 0.0, "Total Cost": 166870.88, "Plan Rows": 7310217, "Plan Width": 0, "Index Cond": "(o_orderdate < '1995-03-13 00:00:00'::timestamp(0) without time zone)"}]}, {"Node Type": "Bitmap Heap Scan", "Parent Relationship": "Inner", "Relation Name": "customer", "Alias": "customer", "Startup Cost": 0.26, "Total Cost": 4.28, "Plan Rows": 1, "Plan Width": 8, "Recheck Cond": "(c_custkey = orders.o_custkey)", "Filter": "(c_mktsegment = 'AUTOMOBILE'::bpchar)", "Plans": [{"Node Type": "Bitmap Index Scan", "Parent Relationship": "Outer", "Index Name": "customer_pkey", "Startup Cost": 0.0, "Total Cost": 0.26, "Plan Rows": 1, "Plan Width": 0, "Index Cond": "(c_custkey = orders.o_custkey)"}]}]}, {"Node Type": "Bitmap Heap Scan", "Parent Relationship": "Inner", "Relation Name": "lineitem", "Alias": "lineitem", "Startup Cost": 0.45, "Total Cost": 4.58, "Plan Rows": 5, "Plan Width": 24, "Recheck Cond": "(l_orderkey = orders.o_orderkey)", "Filter": "(l_shipdate > '1995-03-13 00:00:00'::timestamp(0) without time zone)", "Plans": [{"Node Type": "Bitmap Index Scan", "Parent Relationship": "Outer", "Index Name": "idx_lineitem_orderkey", "Startup Cost": 0.0, "Total Cost": 0.44, "Plan Rows": 9, "Plan Width": 0, "Index Cond": "(l_orderkey = orders.o_orderkey)"}]}]}]}]}]}, "Unique SQL Id": 3929762122, "Planner Runtime": 1}, "explain_analyze_plan": null}, "(1, '4')": {"explain_plan": {"Plan": {"Node Type": "Limit", "Startup Cost": 1728598.43, "Total Cost": 1728598.46, "Plan Rows": 10, "Plan Width": 36, "Plans": [{"Node Type": "Sort", "Parent Relationship": "Outer", "Startup Cost": 1728598.43, "Total Cost": 1737496.55, "Plan Rows": 10, "Plan Width": 36, "Sort Key": ["(sum((lineitem.l_extendedprice * (1::double precision - lineitem.l_discount)))) DESC", "orders.o_orderdate"], "Plans": [{"Node Type": "Aggregate", "Strategy": "Hashed", "Parent Relationship": "Outer", "Startup Cost": 1616091.91, "Total Cost": 1651684.38, "Plan Rows": 3559247, "Plan Width": 36, "Group By Key": ["lineitem.l_orderkey", "orders.o_orderdate", "orders.o_shippriority"], "Plans": [{"Node Type": "Nested Loop", "Parent Relationship": "Outer", "Join Type": "Inner", "Startup Cost": 60061.81, "Total Cost": 1562703.21, "Plan Rows": 3559247, "Plan Width": 36, "Inner Unique": false, "Plans": [{"Node Type": "Hash Join", "Parent Relationship": "Outer", "Join Type": "Inner", "Startup Cost": 60061.81, "Total Cost": 558158.87, "Plan Rows": 715772, "Plan Width": 20, "Inner Unique": true, "Hash Cond": "(orders.o_custkey = customer.c_custkey), (LLVM Optimized)", "Plans": [{"Node Type": "Seq Scan", "Parent Relationship": "Outer", "Relation Name": "orders", "Alias": "orders", "Startup Cost": 386.46, "Total Cost": 463912.49, "Plan Rows": 7310217, "Plan Width": 28, "Filter": "(o_orderdate < '1995-03-13 00:00:00'::timestamp(0) without time zone), (LLVM Optimized)"}, {"Node Type": "Hash", "Parent Relationship": "Inner", "Startup Cost": 55876.0, "Total Cost": 55876.0, "Plan Rows": 303948, "Plan Width": 8, "Plans": [{"Node Type": "Seq Scan", "Parent Relationship": "Outer", "Relation Name": "customer", "Alias": "customer", "Startup Cost": 0.0, "Total Cost": 55876.0, "Plan Rows": 303948, "Plan Width": 8, "Filter": "(c_mktsegment = 'AUTOMOBILE'::bpchar), (LLVM Optimized)"}]}]}, {"Node Type": "Index Scan", "Parent Relationship": "Inner", "Scan Direction": "Forward", "Index Name": "idx_lineitem_orderkey", "Relation Name": "lineitem", "Alias": "lineitem", "Startup Cost": 0.0, "Total Cost": 1.35, "Plan Rows": 5, "Plan Width": 24, "Index Cond": "(l_orderkey = orders.o_orderkey)", "Filter": "(l_shipdate > '1995-03-13 00:00:00'::timestamp(0) without time zone)"}]}]}]}]}, "Unique SQL Id": 3929762122, "Planner Runtime": 1}, "explain_analyze_plan": {"Plan": {"Node Type": "Limit", "Startup Cost": 1728598.43, "Total Cost": 1728598.46, "Plan Rows": 10, "Plan Width": 36, "Actual Startup Time": 21120.337, "Actual Total Time": 21120.34, "Actual Rows": 10, "Actual Loops": 1, "Plans": [{"Node Type": "Sort", "Parent Relationship": "Outer", "Startup Cost": 1728598.43, "Total Cost": 1737496.55, "Plan Rows": 10, "Plan Width": 36, "Actual Startup Time": 21120.334, "Actual Total Time": 21120.335, "Actual Rows": 10, "Actual Loops": 1, "Sort Key": ["(sum((lineitem.l_extendedprice * (1::double precision - lineitem.l_discount)))) DESC", "orders.o_orderdate"], "Sort Method": "top-N heapsort", "Sort Space Used": 26, "Sort Space Type": "Memory", "Plans": [{"Node Type": "Aggregate", "Strategy": "Hashed", "Parent Relationship": "Outer", "Startup Cost": 1616091.91, "Total Cost": 1651684.38, "Plan Rows": 3559247, "Plan Width": 36, "Actual Startup Time": 21032.242, "Actual Total Time": 21092.975, "Actual Rows": 113719, "Actual Loops": 1, "Group By Key": ["lineitem.l_orderkey", "orders.o_orderdate", "orders.o_shippriority"], "Plans": [{"Node Type": "Nested Loop", "Parent Relationship": "Outer", "Join Type": "Inner", "Startup Cost": 60061.81, "Total Cost": 1562703.21, "Plan Rows": 3559247, "Plan Width": 36, "Actual Startup Time": 739.304, "Actual Total Time": 20734.32, "Actual Rows": 300219, "Actual Loops": 1, "Inner Unique": false, "Plans": [{"Node Type": "Hash Join", "Parent Relationship": "Outer", "Join Type": "Inner", "Startup Cost": 60061.81, "Total Cost": 558158.87, "Plan Rows": 715772, "Plan Width": 20, "Actual Startup Time": 739.077, "Actual Total Time": 8940.97, "Actual Rows": 1455173, "Actual Loops": 1, "Inner Unique": true, "Hash Cond": "(orders.o_custkey = customer.c_custkey), (LLVM Optimized, Jit Execute)", "Plans": [{"Node Type": "Seq Scan", "Parent Relationship": "Outer", "Relation Name": "orders", "Alias": "orders", "Startup Cost": 386.46, "Total Cost": 463912.49, "Plan Rows": 7310217, "Plan Width": 28, "Actual Startup Time": 0.056, "Actual Total Time": 4941.534, "Actual Rows": 7276947, "Actual Loops": 1, "Filter": "(o_orderdate < '1995-03-13 00:00:00'::timestamp(0) without time zone), (LLVM Optimized, Jit Execute)", "Rows Removed by Filter": 7723053}, {"Node Type": "Hash", "Parent Relationship": "Inner", "Startup Cost": 55876.0, "Total Cost": 55876.0, "Plan Rows": 303948, "Plan Width": 8, "Actual Startup Time": 738.343, "Actual Total Time": 738.343, "Actual Rows": 300036, "Actual Loops": 1, "Hash Buckets": 524288, "Hash Batches": 1, "Original Hash Batches": 1, "Peak Memory Usage": 11721, "Plans": [{"Node Type": "Seq Scan", "Parent Relationship": "Outer", "Relation Name": "customer", "Alias": "customer", "Startup Cost": 0.0, "Total Cost": 55876.0, "Plan Rows": 303948, "Plan Width": 8, "Actual Startup Time": 0.021, "Actual Total Time": 643.423, "Actual Rows": 300036, "Actual Loops": 1, "Filter": "(c_mktsegment = 'AUTOMOBILE'::bpchar), (LLVM Optimized, Jit Execute)", "Rows Removed by Filter": 1199964}]}]}, {"Node Type": "Index Scan", "Parent Relationship": "Inner", "Scan Direction": "Forward", "Index Name": "idx_lineitem_orderkey", "Relation Name": "lineitem", "Alias": "lineitem", "Startup Cost": 0.0, "Total Cost": 1.35, "Plan Rows": 5, "Plan Width": 24, "Actual Startup Time": 10703.081, "Actual Total Time": 10988.174, "Actual Rows": 300219, "Actual Loops": 1455173, "Index Cond": "(l_orderkey = orders.o_orderkey)", "Rows Removed by Index Recheck": 0, "Filter": "(l_shipdate > '1995-03-13 00:00:00'::timestamp(0) without time zone)", "Rows Removed by Filter": 5519788}]}]}]}]}, "Triggers": [], "Planner Runtime": 1.233, "Total Runtime": 21130.306, "Unique SQL Id": 3929762122}}, "(1, '5')": {"explain_plan": {"Plan": {"Node Type": "Limit", "Startup Cost": 1829820.45, "Total Cost": 1829820.47, "Plan Rows": 10, "Plan Width": 36, "Plans": [{"Node Type": "Sort", "Parent Relationship": "Outer", "Startup Cost": 1829820.45, "Total Cost": 1838718.56, "Plan Rows": 10, "Plan Width": 36, "Sort Key": ["(sum((lineitem.l_extendedprice * (1::double precision - lineitem.l_discount)))) DESC", "orders.o_orderdate"], "Plans": [{"Node Type": "Aggregate", "Strategy": "Hashed", "Parent Relationship": "Outer", "Startup Cost": 1717313.93, "Total Cost": 1752906.4, "Plan Rows": 3559247, "Plan Width": 36, "Group By Key": ["lineitem.l_orderkey", "orders.o_orderdate", "orders.o_shippriority"], "Plans": [{"Node Type": "Nested Loop", "Parent Relationship": "Outer", "Join Type": "Inner", "Startup Cost": 257013.14, "Total Cost": 1663925.22, "Plan Rows": 3559247, "Plan Width": 36, "Inner Unique": false, "Plans": [{"Node Type": "Hash Join", "Parent Relationship": "Outer", "Join Type": "Inner", "Startup Cost": 257013.14, "Total Cost": 659380.88, "Plan Rows": 715772, "Plan Width": 20, "Inner Unique": true, "Hash Cond": "(orders.o_custkey = customer.c_custkey), (LLVM Optimized)", "Plans": [{"Node Type": "Bitmap Heap Scan", "Parent Relationship": "Outer", "Relation Name": "orders", "Alias": "orders", "Startup Cost": 168698.43, "Total Cost": 536495.14, "Plan Rows": 7310217, "Plan Width": 28, "Recheck Cond": "(o_orderdate < '1995-03-13 00:00:00'::timestamp(0) without time zone), (LLVM Optimized)", "Plans": [{"Node Type": "Bitmap Index Scan", "Parent Relationship": "Outer", "Index Name": "idx_orders_orderdate", "Startup Cost": 0.0, "Total Cost": 166870.88, "Plan Rows": 7310217, "Plan Width": 0, "Index Cond": "(o_orderdate < '1995-03-13 00:00:00'::timestamp(0) without time zone)"}]}, {"Node Type": "Hash", "Parent Relationship": "Inner", "Startup Cost": 84515.36, "Total Cost": 84515.36, "Plan Rows": 303948, "Plan Width": 8, "Plans": [{"Node Type": "Index Scan", "Parent Relationship": "Outer", "Scan Direction": "Forward", "Index Name": "customer_pkey", "Relation Name": "customer", "Alias": "customer", "Startup Cost": 0.0, "Total Cost": 84515.36, "Plan Rows": 303948, "Plan Width": 8, "Filter": "(c_mktsegment = 'AUTOMOBILE'::bpchar), (LLVM Optimized)"}]}]}, {"Node Type": "Index Scan", "Parent Relationship": "Inner", "Scan Direction": "Forward", "Index Name": "idx_lineitem_orderkey", "Relation Name": "lineitem", "Alias": "lineitem", "Startup Cost": 0.0, "Total Cost": 1.35, "Plan Rows": 5, "Plan Width": 24, "Index Cond": "(l_orderkey = orders.o_orderkey)", "Filter": "(l_shipdate > '1995-03-13 00:00:00'::timestamp(0) without time zone)"}]}]}]}]}, "Unique SQL Id": 3929762122, "Planner Runtime": 1}, "explain_analyze_plan": {"Plan": {"Node Type": "Limit", "Startup Cost": 1829820.45, "Total Cost": 1829820.47, "Plan Rows": 10, "Plan Width": 36, "Actual Startup Time": 22842.596, "Actual Total Time": 22842.599, "Actual Rows": 10, "Actual Loops": 1, "Plans": [{"Node Type": "Sort", "Parent Relationship": "Outer", "Startup Cost": 1829820.45, "Total Cost": 1838718.56, "Plan Rows": 10, "Plan Width": 36, "Actual Startup Time": 22842.593, "Actual Total Time": 22842.595, "Actual Rows": 10, "Actual Loops": 1, "Sort Key": ["(sum((lineitem.l_extendedprice * (1::double precision - lineitem.l_discount)))) DESC", "orders.o_orderdate"], "Sort Method": "top-N heapsort", "Sort Space Used": 26, "Sort Space Type": "Memory", "Plans": [{"Node Type": "Aggregate", "Strategy": "Hashed", "Parent Relationship": "Outer", "Startup Cost": 1717313.93, "Total Cost": 1752906.4, "Plan Rows": 3559247, "Plan Width": 36, "Actual Startup Time": 22737.205, "Actual Total Time": 22815.188, "Actual Rows": 113719, "Actual Loops": 1, "Group By Key": ["lineitem.l_orderkey", "orders.o_orderdate", "orders.o_shippriority"], "Plans": [{"Node Type": "Nested Loop", "Parent Relationship": "Outer", "Join Type": "Inner", "Startup Cost": 257013.14, "Total Cost": 1663925.22, "Plan Rows": 3559247, "Plan Width": 36, "Actual Startup Time": 3356.38, "Actual Total Time": 22441.654, "Actual Rows": 300219, "Actual Loops": 1, "Inner Unique": false, "Plans": [{"Node Type": "Hash Join", "Parent Relationship": "Outer", "Join Type": "Inner", "Startup Cost": 257013.14, "Total Cost": 659380.88, "Plan Rows": 715772, "Plan Width": 20, "Actual Startup Time": 3356.159, "Actual Total Time": 10560.793, "Actual Rows": 1455173, "Actual Loops": 1, "Inner Unique": true, "Hash Cond": "(orders.o_custkey = customer.c_custkey), (LLVM Optimized, Jit Execute)", "Plans": [{"Node Type": "Bitmap Heap Scan", "Parent Relationship": "Outer", "Relation Name": "orders", "Alias": "orders", "Startup Cost": 168698.43, "Total Cost": 536495.14, "Plan Rows": 7310217, "Plan Width": 28, "Actual Startup Time": 1970.259, "Actual Total Time": 5988.433, "Actual Rows": 7276947, "Actual Loops": 1, "Recheck Cond": "(o_orderdate < '1995-03-13 00:00:00'::timestamp(0) without time zone), (LLVM Optimized, Jit Execute)", "Rows Removed by Index Recheck": 0, "Exact Heap Blocks": 276419, "Lossy Heap Blocks": 276419, "Plans": [{"Node Type": "Bitmap Index Scan", "Parent Relationship": "Outer", "Index Name": "idx_orders_orderdate", "Startup Cost": 0.0, "Total Cost": 166870.88, "Plan Rows": 7310217, "Plan Width": 0, "Actual Startup Time": 1875.647, "Actual Total Time": 1875.647, "Actual Rows": 7276947, "Actual Loops": 1, "Index Cond": "(o_orderdate < '1995-03-13 00:00:00'::timestamp(0) without time zone)"}]}, {"Node Type": "Hash", "Parent Relationship": "Inner", "Startup Cost": 84515.36, "Total Cost": 84515.36, "Plan Rows": 303948, "Plan Width": 8, "Actual Startup Time": 1385.528, "Actual Total Time": 1385.528, "Actual Rows": 300036, "Actual Loops": 1, "Hash Buckets": 524288, "Hash Batches": 1, "Original Hash Batches": 1, "Peak Memory Usage": 11721, "Plans": [{"Node Type": "Index Scan", "Parent Relationship": "Outer", "Scan Direction": "Forward", "Index Name": "customer_pkey", "Relation Name": "customer", "Alias": "customer", "Startup Cost": 0.0, "Total Cost": 84515.36, "Plan Rows": 303948, "Plan Width": 8, "Actual Startup Time": 0.066, "Actual Total Time": 1257.479, "Actual Rows": 300036, "Actual Loops": 1, "Filter": "(c_mktsegment = 'AUTOMOBILE'::bpchar), (LLVM Optimized, Jit Execute)", "Rows Removed by Filter": 1199964}]}]}, {"Node Type": "Index Scan", "Parent Relationship": "Inner", "Scan Direction": "Forward", "Index Name": "idx_lineitem_orderkey", "Relation Name": "lineitem", "Alias": "lineitem", "Startup Cost": 0.0, "Total Cost": 1.35, "Plan Rows": 5, "Plan Width": 24, "Actual Startup Time": 10784.11, "Actual Total Time": 11073.459, "Actual Rows": 300219, "Actual Loops": 1455173, "Index Cond": "(l_orderkey = orders.o_orderkey)", "Rows Removed by Index Recheck": 0, "Filter": "(l_shipdate > '1995-03-13 00:00:00'::timestamp(0) without time zone)", "Rows Removed by Filter": 5519788}]}]}]}]}, "Triggers": [], "Planner Runtime": 1.152, "Total Runtime": 22853.179, "Unique SQL Id": 3929762122}}, "(1, '6')": {"explain_plan": {"Plan": {"Node Type": "Limit", "Startup Cost": 3055991.15, "Total Cost": 3055991.17, "Plan Rows": 10, "Plan Width": 36, "Plans": [{"Node Type": "Sort", "Parent Relationship": "Outer", "Startup Cost": 3055991.15, "Total Cost": 3064889.27, "Plan Rows": 10, "Plan Width": 36, "Sort Key": ["(sum((lineitem.l_extendedprice * (1::double precision - lineitem.l_discount)))) DESC", "orders.o_orderdate"], "Plans": [{"Node Type": "Aggregate", "Strategy": "Hashed", "Parent Relationship": "Outer", "Startup Cost": 2943484.63, "Total Cost": 2979077.1, "Plan Rows": 3559247, "Plan Width": 36, "Group By Key": ["lineitem.l_orderkey", "orders.o_orderdate", "orders.o_shippriority"], "Plans": [{"Node Type": "Hash Join", "Parent Relationship": "Outer", "Join Type": "Inner", "Startup Cost": 567106.02, "Total Cost": 2890095.93, "Plan Rows": 3559247, "Plan Width": 36, "Inner Unique": false, "Hash Cond": "(lineitem.l_orderkey = orders.o_orderkey), (LLVM Optimized)", "Plans": [{"Node Type": "Seq Scan", "Parent Relationship": "Outer", "Relation Name": "lineitem", "Alias": "lineitem", "Startup Cost": 0.0, "Total Cost": 2165082.91, "Plan Rows": 32617206, "Plan Width": 24, "Filter": "(l_shipdate > '1995-03-13 00:00:00'::timestamp(0) without time zone), (LLVM Optimized)"}, {"Node Type": "Hash", "Parent Relationship": "Inner", "Startup Cost": 558158.87, "Total Cost": 558158.87, "Plan Rows": 715772, "Plan Width": 20, "Plans": [{"Node Type": "Hash Join", "Parent Relationship": "Outer", "Join Type": "Inner", "Startup Cost": 60061.81, "Total Cost": 558158.87, "Plan Rows": 715772, "Plan Width": 20, "Inner Unique": true, "Hash Cond": "(orders.o_custkey = customer.c_custkey), (LLVM Optimized)", "Plans": [{"Node Type": "Seq Scan", "Parent Relationship": "Outer", "Relation Name": "orders", "Alias": "orders", "Startup Cost": 386.46, "Total Cost": 463912.49, "Plan Rows": 7310217, "Plan Width": 28, "Filter": "(o_orderdate < '1995-03-13 00:00:00'::timestamp(0) without time zone), (LLVM Optimized)"}, {"Node Type": "Hash", "Parent Relationship": "Inner", "Startup Cost": 55876.0, "Total Cost": 55876.0, "Plan Rows": 303948, "Plan Width": 8, "Plans": [{"Node Type": "Seq Scan", "Parent Relationship": "Outer", "Relation Name": "customer", "Alias": "customer", "Startup Cost": 0.0, "Total Cost": 55876.0, "Plan Rows": 303948, "Plan Width": 8, "Filter": "(c_mktsegment = 'AUTOMOBILE'::bpchar), (LLVM Optimized)"}]}]}]}]}]}]}]}, "Unique SQL Id": 3929762122, "Planner Runtime": 1}, "explain_analyze_plan": {"Plan": {"Node Type": "Limit", "Startup Cost": 3055991.15, "Total Cost": 3055991.17, "Plan Rows": 10, "Plan Width": 36, "Actual Startup Time": 39912.957, "Actual Total Time": 39912.961, "Actual Rows": 10, "Actual Loops": 1, "Plans": [{"Node Type": "Sort", "Parent Relationship": "Outer", "Startup Cost": 3055991.15, "Total Cost": 3064889.27, "Plan Rows": 10, "Plan Width": 36, "Actual Startup Time": 39912.953, "Actual Total Time": 39912.956, "Actual Rows": 10, "Actual Loops": 1, "Sort Key": ["(sum((lineitem.l_extendedprice * (1::double precision - lineitem.l_discount)))) DESC", "orders.o_orderdate"], "Sort Method": "top-N heapsort", "Sort Space Used": 26, "Sort Space Type": "Memory", "Plans": [{"Node Type": "Aggregate", "Strategy": "Hashed", "Parent Relationship": "Outer", "Startup Cost": 2943484.63, "Total Cost": 2979077.1, "Plan Rows": 3559247, "Plan Width": 36, "Actual Startup Time": 39821.735, "Actual Total Time": 39885.752, "Actual Rows": 113719, "Actual Loops": 1, "Group By Key": ["lineitem.l_orderkey", "orders.o_orderdate", "orders.o_shippriority"], "Plans": [{"Node Type": "Hash Join", "Parent Relationship": "Outer", "Join Type": "Inner", "Startup Cost": 567106.02, "Total Cost": 2890095.93, "Plan Rows": 3559247, "Plan Width": 36, "Actual Startup Time": 9286.806, "Actual Total Time": 39528.201, "Actual Rows": 300219, "Actual Loops": 1, "Inner Unique": false, "Hash Cond": "(lineitem.l_orderkey = orders.o_orderkey), (LLVM Optimized, Jit Execute)", "Plans": [{"Node Type": "Seq Scan", "Parent Relationship": "Outer", "Relation Name": "lineitem", "Alias": "lineitem", "Startup Cost": 0.0, "Total Cost": 2165082.91, "Plan Rows": 32617206, "Plan Width": 24, "Actual Startup Time": 0.109, "Actual Total Time": 21259.675, "Actual Rows": 32384344, "Actual Loops": 1, "Filter": "(l_shipdate > '1995-03-13 00:00:00'::timestamp(0) without time zone), (LLVM Optimized, Jit Execute)", "Rows Removed by Filter": 27601708}, {"Node Type": "Hash", "Parent Relationship": "Inner", "Startup Cost": 558158.87, "Total Cost": 558158.87, "Plan Rows": 715772, "Plan Width": 20, "Actual Startup Time": 9285.133, "Actual Total Time": 9285.133, "Actual Rows": 1455173, "Actual Loops": 1, "Hash Buckets": 1048576, "Hash Batches": 1, "Original Hash Batches": 1, "Peak Memory Usage": 79580, "Plans": [{"Node Type": "Hash Join", "Parent Relationship": "Outer", "Join Type": "Inner", "Startup Cost": 60061.81, "Total Cost": 558158.87, "Plan Rows": 715772, "Plan Width": 20, "Actual Startup Time": 672.836, "Actual Total Time": 8567.114, "Actual Rows": 1455173, "Actual Loops": 1, "Inner Unique": true, "Hash Cond": "(orders.o_custkey = customer.c_custkey), (LLVM Optimized, Jit Execute)", "Plans": [{"Node Type": "Seq Scan", "Parent Relationship": "Outer", "Relation Name": "orders", "Alias": "orders", "Startup Cost": 386.46, "Total Cost": 463912.49, "Plan Rows": 7310217, "Plan Width": 28, "Actual Startup Time": 0.024, "Actual Total Time": 4947.226, "Actual Rows": 7276947, "Actual Loops": 1, "Filter": "(o_orderdate < '1995-03-13 00:00:00'::timestamp(0) without time zone), (LLVM Optimized, Jit Execute)", "Rows Removed by Filter": 7723053}, {"Node Type": "Hash", "Parent Relationship": "Inner", "Startup Cost": 55876.0, "Total Cost": 55876.0, "Plan Rows": 303948, "Plan Width": 8, "Actual Startup Time": 672.467, "Actual Total Time": 672.467, "Actual Rows": 300036, "Actual Loops": 1, "Hash Buckets": 524288, "Hash Batches": 1, "Original Hash Batches": 1, "Peak Memory Usage": 11721, "Plans": [{"Node Type": "Seq Scan", "Parent Relationship": "Outer", "Relation Name": "customer", "Alias": "customer", "Startup Cost": 0.0, "Total Cost": 55876.0, "Plan Rows": 303948, "Plan Width": 8, "Actual Startup Time": 0.027, "Actual Total Time": 584.45, "Actual Rows": 300036, "Actual Loops": 1, "Filter": "(c_mktsegment = 'AUTOMOBILE'::bpchar), (LLVM Optimized, Jit Execute)", "Rows Removed by Filter": 1199964}]}]}]}]}]}]}]}, "Triggers": [], "Planner Runtime": 1.09, "Total Runtime": 39923.34, "Unique SQL Id": 3929762122}}, "(1, '7')": {"explain_plan": {"Plan": {"Node Type": "Limit", "Startup Cost": 35345596.54, "Total Cost": 35345596.56, "Plan Rows": 10, "Plan Width": 36, "Plans": [{"Node Type": "Sort", "Parent Relationship": "Outer", "Startup Cost": 35345596.54, "Total Cost": 35354494.65, "Plan Rows": 10, "Plan Width": 36, "Sort Key": ["(sum((lineitem.l_extendedprice * (1::double precision - lineitem.l_discount)))) DESC", "orders.o_orderdate"], "Plans": [{"Node Type": "Aggregate", "Strategy": "Hashed", "Parent Relationship": "Outer", "Startup Cost": 35233090.02, "Total Cost": 35268682.49, "Plan Rows": 3559247, "Plan Width": 36, "Group By Key": ["lineitem.l_orderkey", "orders.o_orderdate", "orders.o_shippriority"], "Plans": [{"Node Type": "Nested Loop", "Parent Relationship": "Outer", "Join Type": "Inner", "Startup Cost": 168699.14, "Total Cost": 35179701.31, "Plan Rows": 3559247, "Plan Width": 36, "Inner Unique": false, "Plans": [{"Node Type": "Nested Loop", "Parent Relationship": "Outer", "Join Type": "Inner", "Startup Cost": 168698.69, "Total Cost": 31865463.0, "Plan Rows": 715772, "Plan Width": 20, "Inner Unique": true, "Plans": [{"Node Type": "Bitmap Heap Scan", "Parent Relationship": "Outer", "Relation Name": "orders", "Alias": "orders", "Startup Cost": 168698.43, "Total Cost": 536495.14, "Plan Rows": 7310217, "Plan Width": 28, "Recheck Cond": "(o_orderdate < '1995-03-13 00:00:00'::timestamp(0) without time zone), (LLVM Optimized)", "Plans": [{"Node Type": "Bitmap Index Scan", "Parent Relationship": "Outer", "Index Name": "idx_orders_orderdate", "Startup Cost": 0.0, "Total Cost": 166870.88, "Plan Rows": 7310217, "Plan Width": 0, "Index Cond": "(o_orderdate < '1995-03-13 00:00:00'::timestamp(0) without time zone)"}]}, {"Node Type": "Bitmap Heap Scan", "Parent Relationship": "Inner", "Relation Name": "customer", "Alias": "customer", "Startup Cost": 0.26, "Total Cost": 4.28, "Plan Rows": 1, "Plan Width": 8, "Recheck Cond": "(c_custkey = orders.o_custkey)", "Filter": "(c_mktsegment = 'AUTOMOBILE'::bpchar)", "Plans": [{"Node Type": "Bitmap Index Scan", "Parent Relationship": "Outer", "Index Name": "customer_pkey", "Startup Cost": 0.0, "Total Cost": 0.26, "Plan Rows": 1, "Plan Width": 0, "Index Cond": "(c_custkey = orders.o_custkey)"}]}]}, {"Node Type": "Bitmap Heap Scan", "Parent Relationship": "Inner", "Relation Name": "lineitem", "Alias": "lineitem", "Startup Cost": 0.45, "Total Cost": 4.58, "Plan Rows": 5, "Plan Width": 24, "Recheck Cond": "(l_orderkey = orders.o_orderkey)", "Filter": "(l_shipdate > '1995-03-13 00:00:00'::timestamp(0) without time zone)", "Plans": [{"Node Type": "Bitmap Index Scan", "Parent Relationship": "Outer", "Index Name": "idx_lineitem_orderkey", "Startup Cost": 0.0, "Total Cost": 0.44, "Plan Rows": 9, "Plan Width": 0, "Index Cond": "(l_orderkey = orders.o_orderkey)"}]}]}]}]}]}, "Unique SQL Id": 3929762122, "Planner Runtime": 1}, "explain_analyze_plan": null}, "(1, '8')": {"explain_plan": {"Plan": {"Node Type": "Limit", "Startup Cost": 1728598.43, "Total Cost": 1728598.46, "Plan Rows": 10, "Plan Width": 36, "Plans": [{"Node Type": "Sort", "Parent Relationship": "Outer", "Startup Cost": 1728598.43, "Total Cost": 1737496.55, "Plan Rows": 10, "Plan Width": 36, "Sort Key": ["(sum((lineitem.l_extendedprice * (1::double precision - lineitem.l_discount)))) DESC", "orders.o_orderdate"], "Plans": [{"Node Type": "Aggregate", "Strategy": "Hashed", "Parent Relationship": "Outer", "Startup Cost": 1616091.91, "Total Cost": 1651684.38, "Plan Rows": 3559247, "Plan Width": 36, "Group By Key": ["lineitem.l_orderkey", "orders.o_orderdate", "orders.o_shippriority"], "Plans": [{"Node Type": "Nested Loop", "Parent Relationship": "Outer", "Join Type": "Inner", "Startup Cost": 60061.81, "Total Cost": 1562703.21, "Plan Rows": 3559247, "Plan Width": 36, "Inner Unique": false, "Plans": [{"Node Type": "Hash Join", "Parent Relationship": "Outer", "Join Type": "Inner", "Startup Cost": 60061.81, "Total Cost": 558158.87, "Plan Rows": 715772, "Plan Width": 20, "Inner Unique": true, "Hash Cond": "(orders.o_custkey = customer.c_custkey), (LLVM Optimized)", "Plans": [{"Node Type": "Seq Scan", "Parent Relationship": "Outer", "Relation Name": "orders", "Alias": "orders", "Startup Cost": 386.46, "Total Cost": 463912.49, "Plan Rows": 7310217, "Plan Width": 28, "Filter": "(o_orderdate < '1995-03-13 00:00:00'::timestamp(0) without time zone), (LLVM Optimized)"}, {"Node Type": "Hash", "Parent Relationship": "Inner", "Startup Cost": 55876.0, "Total Cost": 55876.0, "Plan Rows": 303948, "Plan Width": 8, "Plans": [{"Node Type": "Seq Scan", "Parent Relationship": "Outer", "Relation Name": "customer", "Alias": "customer", "Startup Cost": 0.0, "Total Cost": 55876.0, "Plan Rows": 303948, "Plan Width": 8, "Filter": "(c_mktsegment = 'AUTOMOBILE'::bpchar), (LLVM Optimized)"}]}]}, {"Node Type": "Index Scan", "Parent Relationship": "Inner", "Scan Direction": "Forward", "Index Name": "idx_lineitem_orderkey", "Relation Name": "lineitem", "Alias": "lineitem", "Startup Cost": 0.0, "Total Cost": 1.35, "Plan Rows": 5, "Plan Width": 24, "Index Cond": "(l_orderkey = orders.o_orderkey)", "Filter": "(l_shipdate > '1995-03-13 00:00:00'::timestamp(0) without time zone)"}]}]}]}]}, "Unique SQL Id": 3929762122, "Planner Runtime": 1}, "explain_analyze_plan": {"Plan": {"Node Type": "Limit", "Startup Cost": 1728598.43, "Total Cost": 1728598.46, "Plan Rows": 10, "Plan Width": 36, "Actual Startup Time": 21120.337, "Actual Total Time": 21120.34, "Actual Rows": 10, "Actual Loops": 1, "Plans": [{"Node Type": "Sort", "Parent Relationship": "Outer", "Startup Cost": 1728598.43, "Total Cost": 1737496.55, "Plan Rows": 10, "Plan Width": 36, "Actual Startup Time": 21120.334, "Actual Total Time": 21120.335, "Actual Rows": 10, "Actual Loops": 1, "Sort Key": ["(sum((lineitem.l_extendedprice * (1::double precision - lineitem.l_discount)))) DESC", "orders.o_orderdate"], "Sort Method": "top-N heapsort", "Sort Space Used": 26, "Sort Space Type": "Memory", "Plans": [{"Node Type": "Aggregate", "Strategy": "Hashed", "Parent Relationship": "Outer", "Startup Cost": 1616091.91, "Total Cost": 1651684.38, "Plan Rows": 3559247, "Plan Width": 36, "Actual Startup Time": 21032.242, "Actual Total Time": 21092.975, "Actual Rows": 113719, "Actual Loops": 1, "Group By Key": ["lineitem.l_orderkey", "orders.o_orderdate", "orders.o_shippriority"], "Plans": [{"Node Type": "Nested Loop", "Parent Relationship": "Outer", "Join Type": "Inner", "Startup Cost": 60061.81, "Total Cost": 1562703.21, "Plan Rows": 3559247, "Plan Width": 36, "Actual Startup Time": 739.304, "Actual Total Time": 20734.32, "Actual Rows": 300219, "Actual Loops": 1, "Inner Unique": false, "Plans": [{"Node Type": "Hash Join", "Parent Relationship": "Outer", "Join Type": "Inner", "Startup Cost": 60061.81, "Total Cost": 558158.87, "Plan Rows": 715772, "Plan Width": 20, "Actual Startup Time": 739.077, "Actual Total Time": 8940.97, "Actual Rows": 1455173, "Actual Loops": 1, "Inner Unique": true, "Hash Cond": "(orders.o_custkey = customer.c_custkey), (LLVM Optimized, Jit Execute)", "Plans": [{"Node Type": "Seq Scan", "Parent Relationship": "Outer", "Relation Name": "orders", "Alias": "orders", "Startup Cost": 386.46, "Total Cost": 463912.49, "Plan Rows": 7310217, "Plan Width": 28, "Actual Startup Time": 0.056, "Actual Total Time": 4941.534, "Actual Rows": 7276947, "Actual Loops": 1, "Filter": "(o_orderdate < '1995-03-13 00:00:00'::timestamp(0) without time zone), (LLVM Optimized, Jit Execute)", "Rows Removed by Filter": 7723053}, {"Node Type": "Hash", "Parent Relationship": "Inner", "Startup Cost": 55876.0, "Total Cost": 55876.0, "Plan Rows": 303948, "Plan Width": 8, "Actual Startup Time": 738.343, "Actual Total Time": 738.343, "Actual Rows": 300036, "Actual Loops": 1, "Hash Buckets": 524288, "Hash Batches": 1, "Original Hash Batches": 1, "Peak Memory Usage": 11721, "Plans": [{"Node Type": "Seq Scan", "Parent Relationship": "Outer", "Relation Name": "customer", "Alias": "customer", "Startup Cost": 0.0, "Total Cost": 55876.0, "Plan Rows": 303948, "Plan Width": 8, "Actual Startup Time": 0.021, "Actual Total Time": 643.423, "Actual Rows": 300036, "Actual Loops": 1, "Filter": "(c_mktsegment = 'AUTOMOBILE'::bpchar), (LLVM Optimized, Jit Execute)", "Rows Removed by Filter": 1199964}]}]}, {"Node Type": "Index Scan", "Parent Relationship": "Inner", "Scan Direction": "Forward", "Index Name": "idx_lineitem_orderkey", "Relation Name": "lineitem", "Alias": "lineitem", "Startup Cost": 0.0, "Total Cost": 1.35, "Plan Rows": 5, "Plan Width": 24, "Actual Startup Time": 10703.081, "Actual Total Time": 10988.174, "Actual Rows": 300219, "Actual Loops": 1455173, "Index Cond": "(l_orderkey = orders.o_orderkey)", "Rows Removed by Index Recheck": 0, "Filter": "(l_shipdate > '1995-03-13 00:00:00'::timestamp(0) without time zone)", "Rows Removed by Filter": 5519788}]}]}]}]}, "Triggers": [], "Planner Runtime": 1.233, "Total Runtime": 21130.306, "Unique SQL Id": 3929762122}}, "(1, '9')": {"explain_plan": {"Plan": {"Node Type": "Limit", "Startup Cost": 2061802.43, "Total Cost": 2061802.46, "Plan Rows": 10, "Plan Width": 36, "Plans": [{"Node Type": "Sort", "Parent Relationship": "Outer", "Startup Cost": 2061802.43, "Total Cost": 2070700.55, "Plan Rows": 10, "Plan Width": 36, "Sort Key": ["(sum((lineitem.l_extendedprice * (1::double precision - lineitem.l_discount)))) DESC", "orders.o_orderdate"], "Plans": [{"Node Type": "Aggregate", "Strategy": "Hashed", "Parent Relationship": "Outer", "Startup Cost": 1949295.92, "Total Cost": 1984888.39, "Plan Rows": 3559247, "Plan Width": 36, "Group By Key": ["lineitem.l_orderkey", "orders.o_orderdate", "orders.o_shippriority"], "Plans": [{"Node Type": "Nested Loop", "Parent Relationship": "Outer", "Join Type": "Inner", "Startup Cost": 88314.71, "Total Cost": 1895907.21, "Plan Rows": 3559247, "Plan Width": 36, "Inner Unique": false, "Plans": [{"Node Type": "Hash Join", "Parent Relationship": "Outer", "Join Type": "Inner", "Startup Cost": 88314.71, "Total Cost": 891362.87, "Plan Rows": 715772, "Plan Width": 20, "Inner Unique": true, "Hash Cond": "(orders.o_custkey = customer.c_custkey), (LLVM Optimized)", "Plans": [{"Node Type": "Index Scan", "Parent Relationship": "Outer", "Scan Direction": "Forward", "Index Name": "orders_pkey", "Relation Name": "orders", "Alias": "orders", "Startup Cost": 0.0, "Total Cost": 768477.13, "Plan Rows": 7310217, "Plan Width": 28, "Filter": "(o_orderdate < '1995-03-13 00:00:00'::timestamp(0) without time zone), (LLVM Optimized)"}, {"Node Type": "Hash", "Parent Relationship": "Inner", "Startup Cost": 84515.36, "Total Cost": 84515.36, "Plan Rows": 303948, "Plan Width": 8, "Plans": [{"Node Type": "Index Scan", "Parent Relationship": "Outer", "Scan Direction": "Forward", "Index Name": "customer_pkey", "Relation Name": "customer", "Alias": "customer", "Startup Cost": 0.0, "Total Cost": 84515.36, "Plan Rows": 303948, "Plan Width": 8, "Filter": "(c_mktsegment = 'AUTOMOBILE'::bpchar), (LLVM Optimized)"}]}]}, {"Node Type": "Index Scan", "Parent Relationship": "Inner", "Scan Direction": "Forward", "Index Name": "idx_lineitem_orderkey", "Relation Name": "lineitem", "Alias": "lineitem", "Startup Cost": 0.0, "Total Cost": 1.35, "Plan Rows": 5, "Plan Width": 24, "Index Cond": "(l_orderkey = orders.o_orderkey)", "Filter": "(l_shipdate > '1995-03-13 00:00:00'::timestamp(0) without time zone)"}]}]}]}]}, "Unique SQL Id": 3929762122, "Planner Runtime": 1}, "explain_analyze_plan": {"Plan": {"Node Type": "Limit", "Startup Cost": 2061802.43, "Total Cost": 2061802.46, "Plan Rows": 10, "Plan Width": 36, "Actual Startup Time": 26072.017, "Actual Total Time": 26072.02, "Actual Rows": 10, "Actual Loops": 1, "Plans": [{"Node Type": "Sort", "Parent Relationship": "Outer", "Startup Cost": 2061802.43, "Total Cost": 2070700.55, "Plan Rows": 10, "Plan Width": 36, "Actual Startup Time": 26072.014, "Actual Total Time": 26072.015, "Actual Rows": 10, "Actual Loops": 1, "Sort Key": ["(sum((lineitem.l_extendedprice * (1::double precision - lineitem.l_discount)))) DESC", "orders.o_orderdate"], "Sort Method": "top-N heapsort", "Sort Space Used": 26, "Sort Space Type": "Memory", "Plans": [{"Node Type": "Aggregate", "Strategy": "Hashed", "Parent Relationship": "Outer", "Startup Cost": 1949295.92, "Total Cost": 1984888.39, "Plan Rows": 3559247, "Plan Width": 36, "Actual Startup Time": 25984.937, "Actual Total Time": 26044.604, "Actual Rows": 113719, "Actual Loops": 1, "Group By Key": ["lineitem.l_orderkey", "orders.o_orderdate", "orders.o_shippriority"], "Plans": [{"Node Type": "Nested Loop", "Parent Relationship": "Outer", "Join Type": "Inner", "Startup Cost": 88314.71, "Total Cost": 1895907.21, "Plan Rows": 3559247, "Plan Width": 36, "Actual Startup Time": 1095.907, "Actual Total Time": 25691.367, "Actual Rows": 300219, "Actual Loops": 1, "Inner Unique": false, "Plans": [{"Node Type": "Hash Join", "Parent Relationship": "Outer", "Join Type": "Inner", "Startup Cost": 88314.71, "Total Cost": 891362.87, "Plan Rows": 715772, "Plan Width": 20, "Actual Startup Time": 1095.689, "Actual Total Time": 14132.106, "Actual Rows": 1455173, "Actual Loops": 1, "Inner Unique": true, "Hash Cond": "(orders.o_custkey = customer.c_custkey), (LLVM Optimized, Jit Execute)", "Plans": [{"Node Type": "Index Scan", "Parent Relationship": "Outer", "Scan Direction": "Forward", "Index Name": "orders_pkey", "Relation Name": "orders", "Alias": "orders", "Startup Cost": 0.0, "Total Cost": 768477.13, "Plan Rows": 7310217, "Plan Width": 28, "Actual Startup Time": 0.069, "Actual Total Time": 9774.272, "Actual Rows": 7276947, "Actual Loops": 1, "Filter": "(o_orderdate < '1995-03-13 00:00:00'::timestamp(0) without time zone), (LLVM Optimized, Jit Execute)", "Rows Removed by Filter": 7723053}, {"Node Type": "Hash", "Parent Relationship": "Inner", "Startup Cost": 84515.36, "Total Cost": 84515.36, "Plan Rows": 303948, "Plan Width": 8, "Actual Startup Time": 1095.244, "Actual Total Time": 1095.244, "Actual Rows": 300036, "Actual Loops": 1, "Hash Buckets": 524288, "Hash Batches": 1, "Original Hash Batches": 1, "Peak Memory Usage": 11721, "Plans": [{"Node Type": "Index Scan", "Parent Relationship": "Outer", "Scan Direction": "Forward", "Index Name": "customer_pkey", "Relation Name": "customer", "Alias": "customer", "Startup Cost": 0.0, "Total Cost": 84515.36, "Plan Rows": 303948, "Plan Width": 8, "Actual Startup Time": 0.031, "Actual Total Time": 1005.343, "Actual Rows": 300036, "Actual Loops": 1, "Filter": "(c_mktsegment = 'AUTOMOBILE'::bpchar), (LLVM Optimized, Jit Execute)", "Rows Removed by Filter": 1199964}]}]}, {"Node Type": "Index Scan", "Parent Relationship": "Inner", "Scan Direction": "Forward", "Index Name": "idx_lineitem_orderkey", "Relation Name": "lineitem", "Alias": "lineitem", "Startup Cost": 0.0, "Total Cost": 1.35, "Plan Rows": 5, "Plan Width": 24, "Actual Startup Time": 10496.908, "Actual Total Time": 10775.019, "Actual Rows": 300219, "Actual Loops": 1455173, "Index Cond": "(l_orderkey = orders.o_orderkey)", "Rows Removed by Index Recheck": 0, "Filter": "(l_shipdate > '1995-03-13 00:00:00'::timestamp(0) without time zone)", "Rows Removed by Filter": 5519788}]}]}]}]}, "Triggers": [], "Planner Runtime": 1.097, "Total Runtime": 26081.823, "Unique SQL Id": 3929762122}}, "(1, '10')": {"explain_plan": {"Plan": {"Node Type": "Limit", "Startup Cost": 3055991.15, "Total Cost": 3055991.17, "Plan Rows": 10, "Plan Width": 36, "Plans": [{"Node Type": "Sort", "Parent Relationship": "Outer", "Startup Cost": 3055991.15, "Total Cost": 3064889.27, "Plan Rows": 10, "Plan Width": 36, "Sort Key": ["(sum((lineitem.l_extendedprice * (1::double precision - lineitem.l_discount)))) DESC", "orders.o_orderdate"], "Plans": [{"Node Type": "Aggregate", "Strategy": "Hashed", "Parent Relationship": "Outer", "Startup Cost": 2943484.63, "Total Cost": 2979077.1, "Plan Rows": 3559247, "Plan Width": 36, "Group By Key": ["lineitem.l_orderkey", "orders.o_orderdate", "orders.o_shippriority"], "Plans": [{"Node Type": "Hash Join", "Parent Relationship": "Outer", "Join Type": "Inner", "Startup Cost": 567106.02, "Total Cost": 2890095.93, "Plan Rows": 3559247, "Plan Width": 36, "Inner Unique": false, "Hash Cond": "(lineitem.l_orderkey = orders.o_orderkey), (LLVM Optimized)", "Plans": [{"Node Type": "Seq Scan", "Parent Relationship": "Outer", "Relation Name": "lineitem", "Alias": "lineitem", "Startup Cost": 0.0, "Total Cost": 2165082.91, "Plan Rows": 32617206, "Plan Width": 24, "Filter": "(l_shipdate > '1995-03-13 00:00:00'::timestamp(0) without time zone), (LLVM Optimized)"}, {"Node Type": "Hash", "Parent Relationship": "Inner", "Startup Cost": 558158.87, "Total Cost": 558158.87, "Plan Rows": 715772, "Plan Width": 20, "Plans": [{"Node Type": "Hash Join", "Parent Relationship": "Outer", "Join Type": "Inner", "Startup Cost": 60061.81, "Total Cost": 558158.87, "Plan Rows": 715772, "Plan Width": 20, "Inner Unique": true, "Hash Cond": "(orders.o_custkey = customer.c_custkey), (LLVM Optimized)", "Plans": [{"Node Type": "Seq Scan", "Parent Relationship": "Outer", "Relation Name": "orders", "Alias": "orders", "Startup Cost": 386.46, "Total Cost": 463912.49, "Plan Rows": 7310217, "Plan Width": 28, "Filter": "(o_orderdate < '1995-03-13 00:00:00'::timestamp(0) without time zone), (LLVM Optimized)"}, {"Node Type": "Hash", "Parent Relationship": "Inner", "Startup Cost": 55876.0, "Total Cost": 55876.0, "Plan Rows": 303948, "Plan Width": 8, "Plans": [{"Node Type": "Seq Scan", "Parent Relationship": "Outer", "Relation Name": "customer", "Alias": "customer", "Startup Cost": 0.0, "Total Cost": 55876.0, "Plan Rows": 303948, "Plan Width": 8, "Filter": "(c_mktsegment = 'AUTOMOBILE'::bpchar), (LLVM Optimized)"}]}]}]}]}]}]}]}, "Unique SQL Id": 3929762122, "Planner Runtime": 1}, "explain_analyze_plan": {"Plan": {"Node Type": "Limit", "Startup Cost": 3055991.15, "Total Cost": 3055991.17, "Plan Rows": 10, "Plan Width": 36, "Actual Startup Time": 39912.957, "Actual Total Time": 39912.961, "Actual Rows": 10, "Actual Loops": 1, "Plans": [{"Node Type": "Sort", "Parent Relationship": "Outer", "Startup Cost": 3055991.15, "Total Cost": 3064889.27, "Plan Rows": 10, "Plan Width": 36, "Actual Startup Time": 39912.953, "Actual Total Time": 39912.956, "Actual Rows": 10, "Actual Loops": 1, "Sort Key": ["(sum((lineitem.l_extendedprice * (1::double precision - lineitem.l_discount)))) DESC", "orders.o_orderdate"], "Sort Method": "top-N heapsort", "Sort Space Used": 26, "Sort Space Type": "Memory", "Plans": [{"Node Type": "Aggregate", "Strategy": "Hashed", "Parent Relationship": "Outer", "Startup Cost": 2943484.63, "Total Cost": 2979077.1, "Plan Rows": 3559247, "Plan Width": 36, "Actual Startup Time": 39821.735, "Actual Total Time": 39885.752, "Actual Rows": 113719, "Actual Loops": 1, "Group By Key": ["lineitem.l_orderkey", "orders.o_orderdate", "orders.o_shippriority"], "Plans": [{"Node Type": "Hash Join", "Parent Relationship": "Outer", "Join Type": "Inner", "Startup Cost": 567106.02, "Total Cost": 2890095.93, "Plan Rows": 3559247, "Plan Width": 36, "Actual Startup Time": 9286.806, "Actual Total Time": 39528.201, "Actual Rows": 300219, "Actual Loops": 1, "Inner Unique": false, "Hash Cond": "(lineitem.l_orderkey = orders.o_orderkey), (LLVM Optimized, Jit Execute)", "Plans": [{"Node Type": "Seq Scan", "Parent Relationship": "Outer", "Relation Name": "lineitem", "Alias": "lineitem", "Startup Cost": 0.0, "Total Cost": 2165082.91, "Plan Rows": 32617206, "Plan Width": 24, "Actual Startup Time": 0.109, "Actual Total Time": 21259.675, "Actual Rows": 32384344, "Actual Loops": 1, "Filter": "(l_shipdate > '1995-03-13 00:00:00'::timestamp(0) without time zone), (LLVM Optimized, Jit Execute)", "Rows Removed by Filter": 27601708}, {"Node Type": "Hash", "Parent Relationship": "Inner", "Startup Cost": 558158.87, "Total Cost": 558158.87, "Plan Rows": 715772, "Plan Width": 20, "Actual Startup Time": 9285.133, "Actual Total Time": 9285.133, "Actual Rows": 1455173, "Actual Loops": 1, "Hash Buckets": 1048576, "Hash Batches": 1, "Original Hash Batches": 1, "Peak Memory Usage": 79580, "Plans": [{"Node Type": "Hash Join", "Parent Relationship": "Outer", "Join Type": "Inner", "Startup Cost": 60061.81, "Total Cost": 558158.87, "Plan Rows": 715772, "Plan Width": 20, "Actual Startup Time": 672.836, "Actual Total Time": 8567.114, "Actual Rows": 1455173, "Actual Loops": 1, "Inner Unique": true, "Hash Cond": "(orders.o_custkey = customer.c_custkey), (LLVM Optimized, Jit Execute)", "Plans": [{"Node Type": "Seq Scan", "Parent Relationship": "Outer", "Relation Name": "orders", "Alias": "orders", "Startup Cost": 386.46, "Total Cost": 463912.49, "Plan Rows": 7310217, "Plan Width": 28, "Actual Startup Time": 0.024, "Actual Total Time": 4947.226, "Actual Rows": 7276947, "Actual Loops": 1, "Filter": "(o_orderdate < '1995-03-13 00:00:00'::timestamp(0) without time zone), (LLVM Optimized, Jit Execute)", "Rows Removed by Filter": 7723053}, {"Node Type": "Hash", "Parent Relationship": "Inner", "Startup Cost": 55876.0, "Total Cost": 55876.0, "Plan Rows": 303948, "Plan Width": 8, "Actual Startup Time": 672.467, "Actual Total Time": 672.467, "Actual Rows": 300036, "Actual Loops": 1, "Hash Buckets": 524288, "Hash Batches": 1, "Original Hash Batches": 1, "Peak Memory Usage": 11721, "Plans": [{"Node Type": "Seq Scan", "Parent Relationship": "Outer", "Relation Name": "customer", "Alias": "customer", "Startup Cost": 0.0, "Total Cost": 55876.0, "Plan Rows": 303948, "Plan Width": 8, "Actual Startup Time": 0.027, "Actual Total Time": 584.45, "Actual Rows": 300036, "Actual Loops": 1, "Filter": "(c_mktsegment = 'AUTOMOBILE'::bpchar), (LLVM Optimized, Jit Execute)", "Rows Removed by Filter": 1199964}]}]}]}]}]}]}]}, "Triggers": [], "Planner Runtime": 1.09, "Total Runtime": 39923.34, "Unique SQL Id": 3929762122}}, "(1, '11')": {"explain_plan": {"Plan": {"Node Type": "Limit", "Startup Cost": 3000409063684.59, "Total Cost": 3000409063684.62, "Plan Rows": 10, "Plan Width": 36, "Plans": [{"Node Type": "Sort", "Parent Relationship": "Outer", "Startup Cost": 3000409063684.59, "Total Cost": 3000409072582.71, "Plan Rows": 10, "Plan Width": 36, "Sort Key": ["(sum((lineitem.l_extendedprice * (1::double precision - lineitem.l_discount)))) DESC", "orders.o_orderdate"], "Plans": [{"Node Type": "Aggregate", "Strategy": "Hashed", "Parent Relationship": "Outer", "Startup Cost": 3000408951178.08, "Total Cost": 3000408986770.55, "Plan Rows": 3559247, "Plan Width": 36, "Group By Key": ["lineitem.l_orderkey", "orders.o_orderdate", "orders.o_shippriority"], "Plans": [{"Node Type": "Hash Join", "Parent Relationship": "Outer", "Join Type": "Inner", "Startup Cost": 1020044887998.59, "Total Cost": 3000408897789.37, "Plan Rows": 3559247, "Plan Width": 36, "Inner Unique": true, "Hash Cond": "(orders.o_custkey = customer.c_custkey), (LLVM Optimized)", "Plans": [{"Node Type": "Merge Join", "Parent Relationship": "Outer", "Join Type": "Inner", "Startup Cost": 20036432663.62, "Total Cost": 2000400270546.49, "Plan Rows": 36350778, "Plan Width": 44, "Inner Unique": false, "Merge Cond": "(orders.o_orderkey = lineitem.l_orderkey)", "Plans": [{"Node Type": "Index Scan", "Parent Relationship": "Outer", "Scan Direction": "Forward", "Index Name": "orders_pkey", "Relation Name": "orders", "Alias": "orders", "Startup Cost": 10000000000.0, "Total Cost": 1000076847713.25, "Plan Rows": 7310217, "Plan Width": 28, "Filter": "(o_orderdate < '1995-03-13 00:00:00'::timestamp(0) without time zone), (LLVM Optimized)"}, {"Node Type": "Materialize", "Parent Relationship": "Inner", "Startup Cost": 10000000000.0, "Total Cost": 1000339093675.77, "Plan Rows": 32617206, "Plan Width": 24, "Plans": [{"Node Type": "Index Scan", "Parent Relationship": "Outer", "Scan Direction": "Forward", "Index Name": "idx_lineitem_orderkey", "Relation Name": "lineitem", "Alias": "lineitem", "Startup Cost": 10000000000.0, "Total Cost": 1000339012132.75, "Plan Rows": 32617206, "Plan Width": 24, "Filter": "(l_shipdate > '1995-03-13 00:00:00'::timestamp(0) without time zone), (LLVM Optimized)"}]}]}, {"Node Type": "Hash", "Parent Relationship": "Inner", "Startup Cost": 1000008451535.62, "Total Cost": 1000008451535.62, "Plan Rows": 303948, "Plan Width": 8, "Plans": [{"Node Type": "Index Scan", "Parent Relationship": "Outer", "Scan Direction": "Forward", "Index Name": "customer_pkey", "Relation Name": "customer", "Alias": "customer", "Startup Cost": 10000000000.0, "Total Cost": 1000008451535.62, "Plan Rows": 303948, "Plan Width": 8, "Filter": "(c_mktsegment = 'AUTOMOBILE'::bpchar), (LLVM Optimized)"}]}]}]}]}]}, "Unique SQL Id": 3929762122, "Planner Runtime": 1}, "explain_analyze_plan": null}, "(1, '12')": {"explain_plan": {"Plan": {"Node Type": "Limit", "Startup Cost": 1728598.43, "Total Cost": 1728598.46, "Plan Rows": 10, "Plan Width": 36, "Plans": [{"Node Type": "Sort", "Parent Relationship": "Outer", "Startup Cost": 1728598.43, "Total Cost": 1737496.55, "Plan Rows": 10, "Plan Width": 36, "Sort Key": ["(sum((lineitem.l_extendedprice * (1::double precision - lineitem.l_discount)))) DESC", "orders.o_orderdate"], "Plans": [{"Node Type": "Aggregate", "Strategy": "Hashed", "Parent Relationship": "Outer", "Startup Cost": 1616091.91, "Total Cost": 1651684.38, "Plan Rows": 3559247, "Plan Width": 36, "Group By Key": ["lineitem.l_orderkey", "orders.o_orderdate", "orders.o_shippriority"], "Plans": [{"Node Type": "Nested Loop", "Parent Relationship": "Outer", "Join Type": "Inner", "Startup Cost": 60061.81, "Total Cost": 1562703.21, "Plan Rows": 3559247, "Plan Width": 36, "Inner Unique": false, "Plans": [{"Node Type": "Hash Join", "Parent Relationship": "Outer", "Join Type": "Inner", "Startup Cost": 60061.81, "Total Cost": 558158.87, "Plan Rows": 715772, "Plan Width": 20, "Inner Unique": true, "Hash Cond": "(orders.o_custkey = customer.c_custkey), (LLVM Optimized)", "Plans": [{"Node Type": "Seq Scan", "Parent Relationship": "Outer", "Relation Name": "orders", "Alias": "orders", "Startup Cost": 386.46, "Total Cost": 463912.49, "Plan Rows": 7310217, "Plan Width": 28, "Filter": "(o_orderdate < '1995-03-13 00:00:00'::timestamp(0) without time zone), (LLVM Optimized)"}, {"Node Type": "Hash", "Parent Relationship": "Inner", "Startup Cost": 55876.0, "Total Cost": 55876.0, "Plan Rows": 303948, "Plan Width": 8, "Plans": [{"Node Type": "Seq Scan", "Parent Relationship": "Outer", "Relation Name": "customer", "Alias": "customer", "Startup Cost": 0.0, "Total Cost": 55876.0, "Plan Rows": 303948, "Plan Width": 8, "Filter": "(c_mktsegment = 'AUTOMOBILE'::bpchar), (LLVM Optimized)"}]}]}, {"Node Type": "Index Scan", "Parent Relationship": "Inner", "Scan Direction": "Forward", "Index Name": "idx_lineitem_orderkey", "Relation Name": "lineitem", "Alias": "lineitem", "Startup Cost": 0.0, "Total Cost": 1.35, "Plan Rows": 5, "Plan Width": 24, "Index Cond": "(l_orderkey = orders.o_orderkey)", "Filter": "(l_shipdate > '1995-03-13 00:00:00'::timestamp(0) without time zone)"}]}]}]}]}, "Unique SQL Id": 3929762122, "Planner Runtime": 1}, "explain_analyze_plan": {"Plan": {"Node Type": "Limit", "Startup Cost": 1728598.43, "Total Cost": 1728598.46, "Plan Rows": 10, "Plan Width": 36, "Actual Startup Time": 21120.337, "Actual Total Time": 21120.34, "Actual Rows": 10, "Actual Loops": 1, "Plans": [{"Node Type": "Sort", "Parent Relationship": "Outer", "Startup Cost": 1728598.43, "Total Cost": 1737496.55, "Plan Rows": 10, "Plan Width": 36, "Actual Startup Time": 21120.334, "Actual Total Time": 21120.335, "Actual Rows": 10, "Actual Loops": 1, "Sort Key": ["(sum((lineitem.l_extendedprice * (1::double precision - lineitem.l_discount)))) DESC", "orders.o_orderdate"], "Sort Method": "top-N heapsort", "Sort Space Used": 26, "Sort Space Type": "Memory", "Plans": [{"Node Type": "Aggregate", "Strategy": "Hashed", "Parent Relationship": "Outer", "Startup Cost": 1616091.91, "Total Cost": 1651684.38, "Plan Rows": 3559247, "Plan Width": 36, "Actual Startup Time": 21032.242, "Actual Total Time": 21092.975, "Actual Rows": 113719, "Actual Loops": 1, "Group By Key": ["lineitem.l_orderkey", "orders.o_orderdate", "orders.o_shippriority"], "Plans": [{"Node Type": "Nested Loop", "Parent Relationship": "Outer", "Join Type": "Inner", "Startup Cost": 60061.81, "Total Cost": 1562703.21, "Plan Rows": 3559247, "Plan Width": 36, "Actual Startup Time": 739.304, "Actual Total Time": 20734.32, "Actual Rows": 300219, "Actual Loops": 1, "Inner Unique": false, "Plans": [{"Node Type": "Hash Join", "Parent Relationship": "Outer", "Join Type": "Inner", "Startup Cost": 60061.81, "Total Cost": 558158.87, "Plan Rows": 715772, "Plan Width": 20, "Actual Startup Time": 739.077, "Actual Total Time": 8940.97, "Actual Rows": 1455173, "Actual Loops": 1, "Inner Unique": true, "Hash Cond": "(orders.o_custkey = customer.c_custkey), (LLVM Optimized, Jit Execute)", "Plans": [{"Node Type": "Seq Scan", "Parent Relationship": "Outer", "Relation Name": "orders", "Alias": "orders", "Startup Cost": 386.46, "Total Cost": 463912.49, "Plan Rows": 7310217, "Plan Width": 28, "Actual Startup Time": 0.056, "Actual Total Time": 4941.534, "Actual Rows": 7276947, "Actual Loops": 1, "Filter": "(o_orderdate < '1995-03-13 00:00:00'::timestamp(0) without time zone), (LLVM Optimized, Jit Execute)", "Rows Removed by Filter": 7723053}, {"Node Type": "Hash", "Parent Relationship": "Inner", "Startup Cost": 55876.0, "Total Cost": 55876.0, "Plan Rows": 303948, "Plan Width": 8, "Actual Startup Time": 738.343, "Actual Total Time": 738.343, "Actual Rows": 300036, "Actual Loops": 1, "Hash Buckets": 524288, "Hash Batches": 1, "Original Hash Batches": 1, "Peak Memory Usage": 11721, "Plans": [{"Node Type": "Seq Scan", "Parent Relationship": "Outer", "Relation Name": "customer", "Alias": "customer", "Startup Cost": 0.0, "Total Cost": 55876.0, "Plan Rows": 303948, "Plan Width": 8, "Actual Startup Time": 0.021, "Actual Total Time": 643.423, "Actual Rows": 300036, "Actual Loops": 1, "Filter": "(c_mktsegment = 'AUTOMOBILE'::bpchar), (LLVM Optimized, Jit Execute)", "Rows Removed by Filter": 1199964}]}]}, {"Node Type": "Index Scan", "Parent Relationship": "Inner", "Scan Direction": "Forward", "Index Name": "idx_lineitem_orderkey", "Relation Name": "lineitem", "Alias": "lineitem", "Startup Cost": 0.0, "Total Cost": 1.35, "Plan Rows": 5, "Plan Width": 24, "Actual Startup Time": 10703.081, "Actual Total Time": 10988.174, "Actual Rows": 300219, "Actual Loops": 1455173, "Index Cond": "(l_orderkey = orders.o_orderkey)", "Rows Removed by Index Recheck": 0, "Filter": "(l_shipdate > '1995-03-13 00:00:00'::timestamp(0) without time zone)", "Rows Removed by Filter": 5519788}]}]}]}]}, "Triggers": [], "Planner Runtime": 1.233, "Total Runtime": 21130.306, "Unique SQL Id": 3929762122}}, "(1, '13')": {"explain_plan": {"Plan": {"Node Type": "Limit", "Startup Cost": 2061802.43, "Total Cost": 2061802.46, "Plan Rows": 10, "Plan Width": 36, "Plans": [{"Node Type": "Sort", "Parent Relationship": "Outer", "Startup Cost": 2061802.43, "Total Cost": 2070700.55, "Plan Rows": 10, "Plan Width": 36, "Sort Key": ["(sum((lineitem.l_extendedprice * (1::double precision - lineitem.l_discount)))) DESC", "orders.o_orderdate"], "Plans": [{"Node Type": "Aggregate", "Strategy": "Hashed", "Parent Relationship": "Outer", "Startup Cost": 1949295.92, "Total Cost": 1984888.39, "Plan Rows": 3559247, "Plan Width": 36, "Group By Key": ["lineitem.l_orderkey", "orders.o_orderdate", "orders.o_shippriority"], "Plans": [{"Node Type": "Nested Loop", "Parent Relationship": "Outer", "Join Type": "Inner", "Startup Cost": 88314.71, "Total Cost": 1895907.21, "Plan Rows": 3559247, "Plan Width": 36, "Inner Unique": false, "Plans": [{"Node Type": "Hash Join", "Parent Relationship": "Outer", "Join Type": "Inner", "Startup Cost": 88314.71, "Total Cost": 891362.87, "Plan Rows": 715772, "Plan Width": 20, "Inner Unique": true, "Hash Cond": "(orders.o_custkey = customer.c_custkey), (LLVM Optimized)", "Plans": [{"Node Type": "Index Scan", "Parent Relationship": "Outer", "Scan Direction": "Forward", "Index Name": "orders_pkey", "Relation Name": "orders", "Alias": "orders", "Startup Cost": 0.0, "Total Cost": 768477.13, "Plan Rows": 7310217, "Plan Width": 28, "Filter": "(o_orderdate < '1995-03-13 00:00:00'::timestamp(0) without time zone), (LLVM Optimized)"}, {"Node Type": "Hash", "Parent Relationship": "Inner", "Startup Cost": 84515.36, "Total Cost": 84515.36, "Plan Rows": 303948, "Plan Width": 8, "Plans": [{"Node Type": "Index Scan", "Parent Relationship": "Outer", "Scan Direction": "Forward", "Index Name": "customer_pkey", "Relation Name": "customer", "Alias": "customer", "Startup Cost": 0.0, "Total Cost": 84515.36, "Plan Rows": 303948, "Plan Width": 8, "Filter": "(c_mktsegment = 'AUTOMOBILE'::bpchar), (LLVM Optimized)"}]}]}, {"Node Type": "Index Scan", "Parent Relationship": "Inner", "Scan Direction": "Forward", "Index Name": "idx_lineitem_orderkey", "Relation Name": "lineitem", "Alias": "lineitem", "Startup Cost": 0.0, "Total Cost": 1.35, "Plan Rows": 5, "Plan Width": 24, "Index Cond": "(l_orderkey = orders.o_orderkey)", "Filter": "(l_shipdate > '1995-03-13 00:00:00'::timestamp(0) without time zone)"}]}]}]}]}, "Unique SQL Id": 3929762122, "Planner Runtime": 1}, "explain_analyze_plan": {"Plan": {"Node Type": "Limit", "Startup Cost": 2061802.43, "Total Cost": 2061802.46, "Plan Rows": 10, "Plan Width": 36, "Actual Startup Time": 26072.017, "Actual Total Time": 26072.02, "Actual Rows": 10, "Actual Loops": 1, "Plans": [{"Node Type": "Sort", "Parent Relationship": "Outer", "Startup Cost": 2061802.43, "Total Cost": 2070700.55, "Plan Rows": 10, "Plan Width": 36, "Actual Startup Time": 26072.014, "Actual Total Time": 26072.015, "Actual Rows": 10, "Actual Loops": 1, "Sort Key": ["(sum((lineitem.l_extendedprice * (1::double precision - lineitem.l_discount)))) DESC", "orders.o_orderdate"], "Sort Method": "top-N heapsort", "Sort Space Used": 26, "Sort Space Type": "Memory", "Plans": [{"Node Type": "Aggregate", "Strategy": "Hashed", "Parent Relationship": "Outer", "Startup Cost": 1949295.92, "Total Cost": 1984888.39, "Plan Rows": 3559247, "Plan Width": 36, "Actual Startup Time": 25984.937, "Actual Total Time": 26044.604, "Actual Rows": 113719, "Actual Loops": 1, "Group By Key": ["lineitem.l_orderkey", "orders.o_orderdate", "orders.o_shippriority"], "Plans": [{"Node Type": "Nested Loop", "Parent Relationship": "Outer", "Join Type": "Inner", "Startup Cost": 88314.71, "Total Cost": 1895907.21, "Plan Rows": 3559247, "Plan Width": 36, "Actual Startup Time": 1095.907, "Actual Total Time": 25691.367, "Actual Rows": 300219, "Actual Loops": 1, "Inner Unique": false, "Plans": [{"Node Type": "Hash Join", "Parent Relationship": "Outer", "Join Type": "Inner", "Startup Cost": 88314.71, "Total Cost": 891362.87, "Plan Rows": 715772, "Plan Width": 20, "Actual Startup Time": 1095.689, "Actual Total Time": 14132.106, "Actual Rows": 1455173, "Actual Loops": 1, "Inner Unique": true, "Hash Cond": "(orders.o_custkey = customer.c_custkey), (LLVM Optimized, Jit Execute)", "Plans": [{"Node Type": "Index Scan", "Parent Relationship": "Outer", "Scan Direction": "Forward", "Index Name": "orders_pkey", "Relation Name": "orders", "Alias": "orders", "Startup Cost": 0.0, "Total Cost": 768477.13, "Plan Rows": 7310217, "Plan Width": 28, "Actual Startup Time": 0.069, "Actual Total Time": 9774.272, "Actual Rows": 7276947, "Actual Loops": 1, "Filter": "(o_orderdate < '1995-03-13 00:00:00'::timestamp(0) without time zone), (LLVM Optimized, Jit Execute)", "Rows Removed by Filter": 7723053}, {"Node Type": "Hash", "Parent Relationship": "Inner", "Startup Cost": 84515.36, "Total Cost": 84515.36, "Plan Rows": 303948, "Plan Width": 8, "Actual Startup Time": 1095.244, "Actual Total Time": 1095.244, "Actual Rows": 300036, "Actual Loops": 1, "Hash Buckets": 524288, "Hash Batches": 1, "Original Hash Batches": 1, "Peak Memory Usage": 11721, "Plans": [{"Node Type": "Index Scan", "Parent Relationship": "Outer", "Scan Direction": "Forward", "Index Name": "customer_pkey", "Relation Name": "customer", "Alias": "customer", "Startup Cost": 0.0, "Total Cost": 84515.36, "Plan Rows": 303948, "Plan Width": 8, "Actual Startup Time": 0.031, "Actual Total Time": 1005.343, "Actual Rows": 300036, "Actual Loops": 1, "Filter": "(c_mktsegment = 'AUTOMOBILE'::bpchar), (LLVM Optimized, Jit Execute)", "Rows Removed by Filter": 1199964}]}]}, {"Node Type": "Index Scan", "Parent Relationship": "Inner", "Scan Direction": "Forward", "Index Name": "idx_lineitem_orderkey", "Relation Name": "lineitem", "Alias": "lineitem", "Startup Cost": 0.0, "Total Cost": 1.35, "Plan Rows": 5, "Plan Width": 24, "Actual Startup Time": 10496.908, "Actual Total Time": 10775.019, "Actual Rows": 300219, "Actual Loops": 1455173, "Index Cond": "(l_orderkey = orders.o_orderkey)", "Rows Removed by Index Recheck": 0, "Filter": "(l_shipdate > '1995-03-13 00:00:00'::timestamp(0) without time zone)", "Rows Removed by Filter": 5519788}]}]}]}]}, "Triggers": [], "Planner Runtime": 1.097, "Total Runtime": 26081.823, "Unique SQL Id": 3929762122}}, "(1, '14')": {"explain_plan": {"Plan": {"Node Type": "Limit", "Startup Cost": 3055991.15, "Total Cost": 3055991.17, "Plan Rows": 10, "Plan Width": 36, "Plans": [{"Node Type": "Sort", "Parent Relationship": "Outer", "Startup Cost": 3055991.15, "Total Cost": 3064889.27, "Plan Rows": 10, "Plan Width": 36, "Sort Key": ["(sum((lineitem.l_extendedprice * (1::double precision - lineitem.l_discount)))) DESC", "orders.o_orderdate"], "Plans": [{"Node Type": "Aggregate", "Strategy": "Hashed", "Parent Relationship": "Outer", "Startup Cost": 2943484.63, "Total Cost": 2979077.1, "Plan Rows": 3559247, "Plan Width": 36, "Group By Key": ["lineitem.l_orderkey", "orders.o_orderdate", "orders.o_shippriority"], "Plans": [{"Node Type": "Hash Join", "Parent Relationship": "Outer", "Join Type": "Inner", "Startup Cost": 567106.02, "Total Cost": 2890095.93, "Plan Rows": 3559247, "Plan Width": 36, "Inner Unique": false, "Hash Cond": "(lineitem.l_orderkey = orders.o_orderkey), (LLVM Optimized)", "Plans": [{"Node Type": "Seq Scan", "Parent Relationship": "Outer", "Relation Name": "lineitem", "Alias": "lineitem", "Startup Cost": 0.0, "Total Cost": 2165082.91, "Plan Rows": 32617206, "Plan Width": 24, "Filter": "(l_shipdate > '1995-03-13 00:00:00'::timestamp(0) without time zone), (LLVM Optimized)"}, {"Node Type": "Hash", "Parent Relationship": "Inner", "Startup Cost": 558158.87, "Total Cost": 558158.87, "Plan Rows": 715772, "Plan Width": 20, "Plans": [{"Node Type": "Hash Join", "Parent Relationship": "Outer", "Join Type": "Inner", "Startup Cost": 60061.81, "Total Cost": 558158.87, "Plan Rows": 715772, "Plan Width": 20, "Inner Unique": true, "Hash Cond": "(orders.o_custkey = customer.c_custkey), (LLVM Optimized)", "Plans": [{"Node Type": "Seq Scan", "Parent Relationship": "Outer", "Relation Name": "orders", "Alias": "orders", "Startup Cost": 386.46, "Total Cost": 463912.49, "Plan Rows": 7310217, "Plan Width": 28, "Filter": "(o_orderdate < '1995-03-13 00:00:00'::timestamp(0) without time zone), (LLVM Optimized)"}, {"Node Type": "Hash", "Parent Relationship": "Inner", "Startup Cost": 55876.0, "Total Cost": 55876.0, "Plan Rows": 303948, "Plan Width": 8, "Plans": [{"Node Type": "Seq Scan", "Parent Relationship": "Outer", "Relation Name": "customer", "Alias": "customer", "Startup Cost": 0.0, "Total Cost": 55876.0, "Plan Rows": 303948, "Plan Width": 8, "Filter": "(c_mktsegment = 'AUTOMOBILE'::bpchar), (LLVM Optimized)"}]}]}]}]}]}]}]}, "Unique SQL Id": 3929762122, "Planner Runtime": 1}, "explain_analyze_plan": {"Plan": {"Node Type": "Limit", "Startup Cost": 3055991.15, "Total Cost": 3055991.17, "Plan Rows": 10, "Plan Width": 36, "Actual Startup Time": 39912.957, "Actual Total Time": 39912.961, "Actual Rows": 10, "Actual Loops": 1, "Plans": [{"Node Type": "Sort", "Parent Relationship": "Outer", "Startup Cost": 3055991.15, "Total Cost": 3064889.27, "Plan Rows": 10, "Plan Width": 36, "Actual Startup Time": 39912.953, "Actual Total Time": 39912.956, "Actual Rows": 10, "Actual Loops": 1, "Sort Key": ["(sum((lineitem.l_extendedprice * (1::double precision - lineitem.l_discount)))) DESC", "orders.o_orderdate"], "Sort Method": "top-N heapsort", "Sort Space Used": 26, "Sort Space Type": "Memory", "Plans": [{"Node Type": "Aggregate", "Strategy": "Hashed", "Parent Relationship": "Outer", "Startup Cost": 2943484.63, "Total Cost": 2979077.1, "Plan Rows": 3559247, "Plan Width": 36, "Actual Startup Time": 39821.735, "Actual Total Time": 39885.752, "Actual Rows": 113719, "Actual Loops": 1, "Group By Key": ["lineitem.l_orderkey", "orders.o_orderdate", "orders.o_shippriority"], "Plans": [{"Node Type": "Hash Join", "Parent Relationship": "Outer", "Join Type": "Inner", "Startup Cost": 567106.02, "Total Cost": 2890095.93, "Plan Rows": 3559247, "Plan Width": 36, "Actual Startup Time": 9286.806, "Actual Total Time": 39528.201, "Actual Rows": 300219, "Actual Loops": 1, "Inner Unique": false, "Hash Cond": "(lineitem.l_orderkey = orders.o_orderkey), (LLVM Optimized, Jit Execute)", "Plans": [{"Node Type": "Seq Scan", "Parent Relationship": "Outer", "Relation Name": "lineitem", "Alias": "lineitem", "Startup Cost": 0.0, "Total Cost": 2165082.91, "Plan Rows": 32617206, "Plan Width": 24, "Actual Startup Time": 0.109, "Actual Total Time": 21259.675, "Actual Rows": 32384344, "Actual Loops": 1, "Filter": "(l_shipdate > '1995-03-13 00:00:00'::timestamp(0) without time zone), (LLVM Optimized, Jit Execute)", "Rows Removed by Filter": 27601708}, {"Node Type": "Hash", "Parent Relationship": "Inner", "Startup Cost": 558158.87, "Total Cost": 558158.87, "Plan Rows": 715772, "Plan Width": 20, "Actual Startup Time": 9285.133, "Actual Total Time": 9285.133, "Actual Rows": 1455173, "Actual Loops": 1, "Hash Buckets": 1048576, "Hash Batches": 1, "Original Hash Batches": 1, "Peak Memory Usage": 79580, "Plans": [{"Node Type": "Hash Join", "Parent Relationship": "Outer", "Join Type": "Inner", "Startup Cost": 60061.81, "Total Cost": 558158.87, "Plan Rows": 715772, "Plan Width": 20, "Actual Startup Time": 672.836, "Actual Total Time": 8567.114, "Actual Rows": 1455173, "Actual Loops": 1, "Inner Unique": true, "Hash Cond": "(orders.o_custkey = customer.c_custkey), (LLVM Optimized, Jit Execute)", "Plans": [{"Node Type": "Seq Scan", "Parent Relationship": "Outer", "Relation Name": "orders", "Alias": "orders", "Startup Cost": 386.46, "Total Cost": 463912.49, "Plan Rows": 7310217, "Plan Width": 28, "Actual Startup Time": 0.024, "Actual Total Time": 4947.226, "Actual Rows": 7276947, "Actual Loops": 1, "Filter": "(o_orderdate < '1995-03-13 00:00:00'::timestamp(0) without time zone), (LLVM Optimized, Jit Execute)", "Rows Removed by Filter": 7723053}, {"Node Type": "Hash", "Parent Relationship": "Inner", "Startup Cost": 55876.0, "Total Cost": 55876.0, "Plan Rows": 303948, "Plan Width": 8, "Actual Startup Time": 672.467, "Actual Total Time": 672.467, "Actual Rows": 300036, "Actual Loops": 1, "Hash Buckets": 524288, "Hash Batches": 1, "Original Hash Batches": 1, "Peak Memory Usage": 11721, "Plans": [{"Node Type": "Seq Scan", "Parent Relationship": "Outer", "Relation Name": "customer", "Alias": "customer", "Startup Cost": 0.0, "Total Cost": 55876.0, "Plan Rows": 303948, "Plan Width": 8, "Actual Startup Time": 0.027, "Actual Total Time": 584.45, "Actual Rows": 300036, "Actual Loops": 1, "Filter": "(c_mktsegment = 'AUTOMOBILE'::bpchar), (LLVM Optimized, Jit Execute)", "Rows Removed by Filter": 1199964}]}]}]}]}]}]}]}, "Triggers": [], "Planner Runtime": 1.09, "Total Runtime": 39923.34, "Unique SQL Id": 3929762122}}, "(1, '15')": {"explain_plan": {"Plan": {"Node Type": "Limit", "Startup Cost": 3000409063684.59, "Total Cost": 3000409063684.62, "Plan Rows": 10, "Plan Width": 36, "Plans": [{"Node Type": "Sort", "Parent Relationship": "Outer", "Startup Cost": 3000409063684.59, "Total Cost": 3000409072582.71, "Plan Rows": 10, "Plan Width": 36, "Sort Key": ["(sum((lineitem.l_extendedprice * (1::double precision - lineitem.l_discount)))) DESC", "orders.o_orderdate"], "Plans": [{"Node Type": "Aggregate", "Strategy": "Hashed", "Parent Relationship": "Outer", "Startup Cost": 3000408951178.08, "Total Cost": 3000408986770.55, "Plan Rows": 3559247, "Plan Width": 36, "Group By Key": ["lineitem.l_orderkey", "orders.o_orderdate", "orders.o_shippriority"], "Plans": [{"Node Type": "Hash Join", "Parent Relationship": "Outer", "Join Type": "Inner", "Startup Cost": 1020044887998.59, "Total Cost": 3000408897789.37, "Plan Rows": 3559247, "Plan Width": 36, "Inner Unique": true, "Hash Cond": "(orders.o_custkey = customer.c_custkey), (LLVM Optimized)", "Plans": [{"Node Type": "Merge Join", "Parent Relationship": "Outer", "Join Type": "Inner", "Startup Cost": 20036432663.62, "Total Cost": 2000400270546.49, "Plan Rows": 36350778, "Plan Width": 44, "Inner Unique": false, "Merge Cond": "(orders.o_orderkey = lineitem.l_orderkey)", "Plans": [{"Node Type": "Index Scan", "Parent Relationship": "Outer", "Scan Direction": "Forward", "Index Name": "orders_pkey", "Relation Name": "orders", "Alias": "orders", "Startup Cost": 10000000000.0, "Total Cost": 1000076847713.25, "Plan Rows": 7310217, "Plan Width": 28, "Filter": "(o_orderdate < '1995-03-13 00:00:00'::timestamp(0) without time zone), (LLVM Optimized)"}, {"Node Type": "Materialize", "Parent Relationship": "Inner", "Startup Cost": 10000000000.0, "Total Cost": 1000339093675.77, "Plan Rows": 32617206, "Plan Width": 24, "Plans": [{"Node Type": "Index Scan", "Parent Relationship": "Outer", "Scan Direction": "Forward", "Index Name": "idx_lineitem_orderkey", "Relation Name": "lineitem", "Alias": "lineitem", "Startup Cost": 10000000000.0, "Total Cost": 1000339012132.75, "Plan Rows": 32617206, "Plan Width": 24, "Filter": "(l_shipdate > '1995-03-13 00:00:00'::timestamp(0) without time zone), (LLVM Optimized)"}]}]}, {"Node Type": "Hash", "Parent Relationship": "Inner", "Startup Cost": 1000008451535.62, "Total Cost": 1000008451535.62, "Plan Rows": 303948, "Plan Width": 8, "Plans": [{"Node Type": "Index Scan", "Parent Relationship": "Outer", "Scan Direction": "Forward", "Index Name": "customer_pkey", "Relation Name": "customer", "Alias": "customer", "Startup Cost": 10000000000.0, "Total Cost": 1000008451535.62, "Plan Rows": 303948, "Plan Width": 8, "Filter": "(c_mktsegment = 'AUTOMOBILE'::bpchar), (LLVM Optimized)"}]}]}]}]}]}, "Unique SQL Id": 3929762122, "Planner Runtime": 1}, "explain_analyze_plan": null}, "(1, '16')": {"explain_plan": {"Plan": {"Node Type": "Limit", "Startup Cost": 2596753.82, "Total Cost": 2596753.85, "Plan Rows": 10, "Plan Width": 36, "Plans": [{"Node Type": "Sort", "Parent Relationship": "Outer", "Startup Cost": 2596753.82, "Total Cost": 2605651.94, "Plan Rows": 10, "Plan Width": 36, "Sort Key": ["(sum((lineitem.l_extendedprice * (1::double precision - lineitem.l_discount)))) DESC", "orders.o_orderdate"], "Plans": [{"Node Type": "Aggregate", "Strategy": "Hashed", "Parent Relationship": "Outer", "Startup Cost": 2484247.3, "Total Cost": 2519839.77, "Plan Rows": 3559247, "Plan Width": 36, "Group By Key": ["lineitem.l_orderkey", "orders.o_orderdate", "orders.o_shippriority"], "Plans": [{"Node Type": "Nested Loop", "Parent Relationship": "Outer", "Join Type": "Inner", "Startup Cost": 1297333.67, "Total Cost": 2430858.6, "Plan Rows": 3559247, "Plan Width": 36, "Inner Unique": false, "Plans": [{"Node Type": "Merge Join", "Parent Relationship": "Outer", "Join Type": "Inner", "Startup Cost": 1297333.67, "Total Cost": 1426314.26, "Plan Rows": 715772, "Plan Width": 20, "Inner Unique": false, "Merge Cond": "(customer.c_custkey = orders.o_custkey)", "Plans": [{"Node Type": "Index Scan", "Parent Relationship": "Outer", "Scan Direction": "Forward", "Index Name": "customer_pkey", "Relation Name": "customer", "Alias": "customer", "Startup Cost": 0.0, "Total Cost": 84515.36, "Plan Rows": 303948, "Plan Width": 8, "Filter": "(c_mktsegment = 'AUTOMOBILE'::bpchar), (LLVM Optimized)"}, {"Node Type": "Sort", "Parent Relationship": "Inner", "Startup Cost": 1297331.42, "Total Cost": 1315606.97, "Plan Rows": 7310217, "Plan Width": 28, "Sort Key": ["orders.o_custkey"], "Plans": [{"Node Type": "Seq Scan", "Parent Relationship": "Outer", "Relation Name": "orders", "Alias": "orders", "Startup Cost": 386.46, "Total Cost": 463912.49, "Plan Rows": 7310217, "Plan Width": 28, "Filter": "(o_orderdate < '1995-03-13 00:00:00'::timestamp(0) without time zone), (LLVM Optimized)"}]}]}, {"Node Type": "Index Scan", "Parent Relationship": "Inner", "Scan Direction": "Forward", "Index Name": "idx_lineitem_orderkey", "Relation Name": "lineitem", "Alias": "lineitem", "Startup Cost": 0.0, "Total Cost": 1.35, "Plan Rows": 5, "Plan Width": 24, "Index Cond": "(l_orderkey = orders.o_orderkey)", "Filter": "(l_shipdate > '1995-03-13 00:00:00'::timestamp(0) without time zone)"}]}]}]}]}, "Unique SQL Id": 3929762122, "Planner Runtime": 1}, "explain_analyze_plan": {"Plan": {"Node Type": "Limit", "Startup Cost": 2596753.82, "Total Cost": 2596753.85, "Plan Rows": 10, "Plan Width": 36, "Actual Startup Time": 32725.592, "Actual Total Time": 32725.594, "Actual Rows": 10, "Actual Loops": 1, "Plans": [{"Node Type": "Sort", "Parent Relationship": "Outer", "Startup Cost": 2596753.82, "Total Cost": 2605651.94, "Plan Rows": 10, "Plan Width": 36, "Actual Startup Time": 32725.588, "Actual Total Time": 32725.589, "Actual Rows": 10, "Actual Loops": 1, "Sort Key": ["(sum((lineitem.l_extendedprice * (1::double precision - lineitem.l_discount)))) DESC", "orders.o_orderdate"], "Sort Method": "top-N heapsort", "Sort Space Used": 26, "Sort Space Type": "Memory", "Plans": [{"Node Type": "Aggregate", "Strategy": "Hashed", "Parent Relationship": "Outer", "Startup Cost": 2484247.3, "Total Cost": 2519839.77, "Plan Rows": 3559247, "Plan Width": 36, "Actual Startup Time": 32632.763, "Actual Total Time": 32698.205, "Actual Rows": 113719, "Actual Loops": 1, "Group By Key": ["lineitem.l_orderkey", "orders.o_orderdate", "orders.o_shippriority"], "Plans": [{"Node Type": "Nested Loop", "Parent Relationship": "Outer", "Join Type": "Inner", "Startup Cost": 1297333.67, "Total Cost": 2430858.6, "Plan Rows": 3559247, "Plan Width": 36, "Actual Startup Time": 8398.072, "Actual Total Time": 32297.727, "Actual Rows": 300219, "Actual Loops": 1, "Inner Unique": false, "Plans": [{"Node Type": "Merge Join", "Parent Relationship": "Outer", "Join Type": "Inner", "Startup Cost": 1297333.67, "Total Cost": 1426314.26, "Plan Rows": 715772, "Plan Width": 20, "Actual Startup Time": 8397.847, "Actual Total Time": 13321.034, "Actual Rows": 1455173, "Actual Loops": 1, "Inner Unique": false, "Merge Cond": "(customer.c_custkey = orders.o_custkey)", "Plans": [{"Node Type": "Index Scan", "Parent Relationship": "Outer", "Scan Direction": "Forward", "Index Name": "customer_pkey", "Relation Name": "customer", "Alias": "customer", "Startup Cost": 0.0, "Total Cost": 84515.36, "Plan Rows": 303948, "Plan Width": 8, "Actual Startup Time": 0.065, "Actual Total Time": 1235.814, "Actual Rows": 300036, "Actual Loops": 1, "Filter": "(c_mktsegment = 'AUTOMOBILE'::bpchar), (LLVM Optimized, Jit Execute)", "Rows Removed by Filter": 1199964}, {"Node Type": "Sort", "Parent Relationship": "Inner", "Startup Cost": 1297331.42, "Total Cost": 1315606.97, "Plan Rows": 7310217, "Plan Width": 28, "Actual Startup Time": 8397.759, "Actual Total Time": 10665.765, "Actual Rows": 7276927, "Actual Loops": 1, "Sort Key": ["orders.o_custkey"], "Sort Method": "quicksort", "Sort Space Used": 878822, "Sort Space Type": "Memory", "Plans": [{"Node Type": "Seq Scan", "Parent Relationship": "Outer", "Relation Name": "orders", "Alias": "orders", "Startup Cost": 386.46, "Total Cost": 463912.49, "Plan Rows": 7310217, "Plan Width": 28, "Actual Startup Time": 0.039, "Actual Total Time": 5266.222, "Actual Rows": 7276947, "Actual Loops": 1, "Filter": "(o_orderdate < '1995-03-13 00:00:00'::timestamp(0) without time zone), (LLVM Optimized, Jit Execute)", "Rows Removed by Filter": 7723053}]}]}, {"Node Type": "Index Scan", "Parent Relationship": "Inner", "Scan Direction": "Forward", "Index Name": "idx_lineitem_orderkey", "Relation Name": "lineitem", "Alias": "lineitem", "Startup Cost": 0.0, "Total Cost": 1.35, "Plan Rows": 5, "Plan Width": 24, "Actual Startup Time": 17849.344, "Actual Total Time": 18156.174, "Actual Rows": 300219, "Actual Loops": 1455173, "Index Cond": "(l_orderkey = orders.o_orderkey)", "Rows Removed by Index Recheck": 0, "Filter": "(l_shipdate > '1995-03-13 00:00:00'::timestamp(0) without time zone)", "Rows Removed by Filter": 5519788}]}]}]}]}, "Triggers": [], "Planner Runtime": 1.055, "Total Runtime": 32735.185, "Unique SQL Id": 3929762122}}, "(1, '17')": {"explain_plan": {"Plan": {"Node Type": "Limit", "Startup Cost": 2669336.48, "Total Cost": 2669336.5, "Plan Rows": 10, "Plan Width": 36, "Plans": [{"Node Type": "Sort", "Parent Relationship": "Outer", "Startup Cost": 2669336.48, "Total Cost": 2678234.59, "Plan Rows": 10, "Plan Width": 36, "Sort Key": ["(sum((lineitem.l_extendedprice * (1::double precision - lineitem.l_discount)))) DESC", "orders.o_orderdate"], "Plans": [{"Node Type": "Aggregate", "Strategy": "Hashed", "Parent Relationship": "Outer", "Startup Cost": 2556829.96, "Total Cost": 2592422.43, "Plan Rows": 3559247, "Plan Width": 36, "Group By Key": ["lineitem.l_orderkey", "orders.o_orderdate", "orders.o_shippriority"], "Plans": [{"Node Type": "Nested Loop", "Parent Relationship": "Outer", "Join Type": "Inner", "Startup Cost": 1369916.32, "Total Cost": 2503441.25, "Plan Rows": 3559247, "Plan Width": 36, "Inner Unique": false, "Plans": [{"Node Type": "Merge Join", "Parent Relationship": "Outer", "Join Type": "Inner", "Startup Cost": 1369916.32, "Total Cost": 1498896.92, "Plan Rows": 715772, "Plan Width": 20, "Inner Unique": false, "Merge Cond": "(customer.c_custkey = orders.o_custkey)", "Plans": [{"Node Type": "Index Scan", "Parent Relationship": "Outer", "Scan Direction": "Forward", "Index Name": "customer_pkey", "Relation Name": "customer", "Alias": "customer", "Startup Cost": 0.0, "Total Cost": 84515.36, "Plan Rows": 303948, "Plan Width": 8, "Filter": "(c_mktsegment = 'AUTOMOBILE'::bpchar), (LLVM Optimized)"}, {"Node Type": "Sort", "Parent Relationship": "Inner", "Startup Cost": 1369914.08, "Total Cost": 1388189.62, "Plan Rows": 7310217, "Plan Width": 28, "Sort Key": ["orders.o_custkey"], "Plans": [{"Node Type": "Bitmap Heap Scan", "Parent Relationship": "Outer", "Relation Name": "orders", "Alias": "orders", "Startup Cost": 168698.43, "Total Cost": 536495.14, "Plan Rows": 7310217, "Plan Width": 28, "Recheck Cond": "(o_orderdate < '1995-03-13 00:00:00'::timestamp(0) without time zone), (LLVM Optimized)", "Plans": [{"Node Type": "Bitmap Index Scan", "Parent Relationship": "Outer", "Index Name": "idx_orders_orderdate", "Startup Cost": 0.0, "Total Cost": 166870.88, "Plan Rows": 7310217, "Plan Width": 0, "Index Cond": "(o_orderdate < '1995-03-13 00:00:00'::timestamp(0) without time zone)"}]}]}]}, {"Node Type": "Index Scan", "Parent Relationship": "Inner", "Scan Direction": "Forward", "Index Name": "idx_lineitem_orderkey", "Relation Name": "lineitem", "Alias": "lineitem", "Startup Cost": 0.0, "Total Cost": 1.35, "Plan Rows": 5, "Plan Width": 24, "Index Cond": "(l_orderkey = orders.o_orderkey)", "Filter": "(l_shipdate > '1995-03-13 00:00:00'::timestamp(0) without time zone)"}]}]}]}]}, "Unique SQL Id": 3929762122, "Planner Runtime": 1}, "explain_analyze_plan": {"Plan": {"Node Type": "Limit", "Startup Cost": 2669336.48, "Total Cost": 2669336.5, "Plan Rows": 10, "Plan Width": 36, "Actual Startup Time": 31227.134, "Actual Total Time": 31227.137, "Actual Rows": 10, "Actual Loops": 1, "Plans": [{"Node Type": "Sort", "Parent Relationship": "Outer", "Startup Cost": 2669336.48, "Total Cost": 2678234.59, "Plan Rows": 10, "Plan Width": 36, "Actual Startup Time": 31227.129, "Actual Total Time": 31227.131, "Actual Rows": 10, "Actual Loops": 1, "Sort Key": ["(sum((lineitem.l_extendedprice * (1::double precision - lineitem.l_discount)))) DESC", "orders.o_orderdate"], "Sort Method": "top-N heapsort", "Sort Space Used": 26, "Sort Space Type": "Memory", "Plans": [{"Node Type": "Aggregate", "Strategy": "Hashed", "Parent Relationship": "Outer", "Startup Cost": 2556829.96, "Total Cost": 2592422.43, "Plan Rows": 3559247, "Plan Width": 36, "Actual Startup Time": 31117.01, "Actual Total Time": 31199.687, "Actual Rows": 113719, "Actual Loops": 1, "Group By Key": ["lineitem.l_orderkey", "orders.o_orderdate", "orders.o_shippriority"], "Plans": [{"Node Type": "Nested Loop", "Parent Relationship": "Outer", "Join Type": "Inner", "Startup Cost": 1369916.32, "Total Cost": 2503441.25, "Plan Rows": 3559247, "Plan Width": 36, "Actual Startup Time": 9033.28, "Actual Total Time": 30802.099, "Actual Rows": 300219, "Actual Loops": 1, "Inner Unique": false, "Plans": [{"Node Type": "Merge Join", "Parent Relationship": "Outer", "Join Type": "Inner", "Startup Cost": 1369916.32, "Total Cost": 1498896.92, "Plan Rows": 715772, "Plan Width": 20, "Actual Startup Time": 9032.902, "Actual Total Time": 13768.861, "Actual Rows": 1455173, "Actual Loops": 1, "Inner Unique": false, "Merge Cond": "(customer.c_custkey = orders.o_custkey)", "Plans": [{"Node Type": "Index Scan", "Parent Relationship": "Outer", "Scan Direction": "Forward", "Index Name": "customer_pkey", "Relation Name": "customer", "Alias": "customer", "Startup Cost": 0.0, "Total Cost": 84515.36, "Plan Rows": 303948, "Plan Width": 8, "Actual Startup Time": 0.07, "Actual Total Time": 1116.386, "Actual Rows": 300036, "Actual Loops": 1, "Filter": "(c_mktsegment = 'AUTOMOBILE'::bpchar), (LLVM Optimized, Jit Execute)", "Rows Removed by Filter": 1199964}, {"Node Type": "Sort", "Parent Relationship": "Inner", "Startup Cost": 1369914.08, "Total Cost": 1388189.62, "Plan Rows": 7310217, "Plan Width": 28, "Actual Startup Time": 9032.805, "Actual Total Time": 11232.861, "Actual Rows": 7276927, "Actual Loops": 1, "Sort Key": ["orders.o_custkey"], "Sort Method": "quicksort", "Sort Space Used": 878822, "Sort Space Type": "Memory", "Plans": [{"Node Type": "Bitmap Heap Scan", "Parent Relationship": "Outer", "Relation Name": "orders", "Alias": "orders", "Startup Cost": 168698.43, "Total Cost": 536495.14, "Plan Rows": 7310217, "Plan Width": 28, "Actual Startup Time": 1539.777, "Actual Total Time": 5919.325, "Actual Rows": 7276947, "Actual Loops": 1, "Recheck Cond": "(o_orderdate < '1995-03-13 00:00:00'::timestamp(0) without time zone), (LLVM Optimized, Jit Execute)", "Rows Removed by Index Recheck": 0, "Exact Heap Blocks": 276419, "Lossy Heap Blocks": 276419, "Plans": [{"Node Type": "Bitmap Index Scan", "Parent Relationship": "Outer", "Index Name": "idx_orders_orderdate", "Startup Cost": 0.0, "Total Cost": 166870.88, "Plan Rows": 7310217, "Plan Width": 0, "Actual Startup Time": 1454.014, "Actual Total Time": 1454.014, "Actual Rows": 7276947, "Actual Loops": 1, "Index Cond": "(o_orderdate < '1995-03-13 00:00:00'::timestamp(0) without time zone)"}]}]}]}, {"Node Type": "Index Scan", "Parent Relationship": "Inner", "Scan Direction": "Forward", "Index Name": "idx_lineitem_orderkey", "Relation Name": "lineitem", "Alias": "lineitem", "Startup Cost": 0.0, "Total Cost": 1.35, "Plan Rows": 5, "Plan Width": 24, "Actual Startup Time": 15938.011, "Actual Total Time": 16222.391, "Actual Rows": 300219, "Actual Loops": 1455173, "Index Cond": "(l_orderkey = orders.o_orderkey)", "Rows Removed by Index Recheck": 0, "Filter": "(l_shipdate > '1995-03-13 00:00:00'::timestamp(0) without time zone)", "Rows Removed by Filter": 5519788}]}]}]}]}, "Triggers": [], "Planner Runtime": 1.092, "Total Runtime": 31237.578, "Unique SQL Id": 3929762122}}, "(1, '18')": {"explain_plan": {"Plan": {"Node Type": "Limit", "Startup Cost": 4906248.04, "Total Cost": 4906248.06, "Plan Rows": 10, "Plan Width": 36, "Plans": [{"Node Type": "Sort", "Parent Relationship": "Outer", "Startup Cost": 4906248.04, "Total Cost": 4915146.16, "Plan Rows": 10, "Plan Width": 36, "Sort Key": ["(sum((lineitem.l_extendedprice * (1::double precision - lineitem.l_discount)))) DESC", "orders.o_orderdate"], "Plans": [{"Node Type": "Aggregate", "Strategy": "Hashed", "Parent Relationship": "Outer", "Startup Cost": 4793741.52, "Total Cost": 4829333.99, "Plan Rows": 3559247, "Plan Width": 36, "Group By Key": ["lineitem.l_orderkey", "orders.o_orderdate", "orders.o_shippriority"], "Plans": [{"Node Type": "Nested Loop", "Parent Relationship": "Outer", "Join Type": "Inner", "Startup Cost": 1380887.64, "Total Cost": 4740352.82, "Plan Rows": 3559247, "Plan Width": 36, "Inner Unique": false, "Plans": [{"Node Type": "Merge Join", "Parent Relationship": "Outer", "Join Type": "Inner", "Startup Cost": 1380887.19, "Total Cost": 1426114.5, "Plan Rows": 715772, "Plan Width": 20, "Inner Unique": false, "Merge Cond": "(customer.c_custkey = orders.o_custkey)", "Plans": [{"Node Type": "Sort", "Parent Relationship": "Outer", "Startup Cost": 83555.73, "Total Cost": 84315.6, "Plan Rows": 303948, "Plan Width": 8, "Sort Key": ["customer.c_custkey"], "Plans": [{"Node Type": "Seq Scan", "Parent Relationship": "Outer", "Relation Name": "customer", "Alias": "customer", "Startup Cost": 0.0, "Total Cost": 55876.0, "Plan Rows": 303948, "Plan Width": 8, "Filter": "(c_mktsegment = 'AUTOMOBILE'::bpchar), (LLVM Optimized)"}]}, {"Node Type": "Sort", "Parent Relationship": "Inner", "Startup Cost": 1297331.42, "Total Cost": 1315606.97, "Plan Rows": 7310217, "Plan Width": 28, "Sort Key": ["orders.o_custkey"], "Plans": [{"Node Type": "Seq Scan", "Parent Relationship": "Outer", "Relation Name": "orders", "Alias": "orders", "Startup Cost": 386.46, "Total Cost": 463912.49, "Plan Rows": 7310217, "Plan Width": 28, "Filter": "(o_orderdate < '1995-03-13 00:00:00'::timestamp(0) without time zone), (LLVM Optimized)"}]}]}, {"Node Type": "Bitmap Heap Scan", "Parent Relationship": "Inner", "Relation Name": "lineitem", "Alias": "lineitem", "Startup Cost": 0.45, "Total Cost": 4.58, "Plan Rows": 5, "Plan Width": 24, "Recheck Cond": "(l_orderkey = orders.o_orderkey)", "Filter": "(l_shipdate > '1995-03-13 00:00:00'::timestamp(0) without time zone)", "Plans": [{"Node Type": "Bitmap Index Scan", "Parent Relationship": "Outer", "Index Name": "idx_lineitem_orderkey", "Startup Cost": 0.0, "Total Cost": 0.44, "Plan Rows": 9, "Plan Width": 0, "Index Cond": "(l_orderkey = orders.o_orderkey)"}]}]}]}]}]}, "Unique SQL Id": 3929762122, "Planner Runtime": 1}, "explain_analyze_plan": {"Plan": {"Node Type": "Limit", "Startup Cost": 4906248.04, "Total Cost": 4906248.06, "Plan Rows": 10, "Plan Width": 36, "Actual Startup Time": 32088.816, "Actual Total Time": 32088.819, "Actual Rows": 10, "Actual Loops": 1, "Plans": [{"Node Type": "Sort", "Parent Relationship": "Outer", "Startup Cost": 4906248.04, "Total Cost": 4915146.16, "Plan Rows": 10, "Plan Width": 36, "Actual Startup Time": 32088.811, "Actual Total Time": 32088.813, "Actual Rows": 10, "Actual Loops": 1, "Sort Key": ["(sum((lineitem.l_extendedprice * (1::double precision - lineitem.l_discount)))) DESC", "orders.o_orderdate"], "Sort Method": "top-N heapsort", "Sort Space Used": 26, "Sort Space Type": "Memory", "Plans": [{"Node Type": "Aggregate", "Strategy": "Hashed", "Parent Relationship": "Outer", "Startup Cost": 4793741.52, "Total Cost": 4829333.99, "Plan Rows": 3559247, "Plan Width": 36, "Actual Startup Time": 31986.767, "Actual Total Time": 32061.108, "Actual Rows": 113719, "Actual Loops": 1, "Group By Key": ["lineitem.l_orderkey", "orders.o_orderdate", "orders.o_shippriority"], "Plans": [{"Node Type": "Nested Loop", "Parent Relationship": "Outer", "Join Type": "Inner", "Startup Cost": 1380887.64, "Total Cost": 4740352.82, "Plan Rows": 3559247, "Plan Width": 36, "Actual Startup Time": 9087.524, "Actual Total Time": 31630.226, "Actual Rows": 300219, "Actual Loops": 1, "Inner Unique": false, "Plans": [{"Node Type": "Merge Join", "Parent Relationship": "Outer", "Join Type": "Inner", "Startup Cost": 1380887.19, "Total Cost": 1426114.5, "Plan Rows": 715772, "Plan Width": 20, "Actual Startup Time": 9087.272, "Actual Total Time": 12930.135, "Actual Rows": 1455173, "Actual Loops": 1, "Inner Unique": false, "Merge Cond": "(customer.c_custkey = orders.o_custkey)", "Plans": [{"Node Type": "Sort", "Parent Relationship": "Outer", "Startup Cost": 83555.73, "Total Cost": 84315.6, "Plan Rows": 303948, "Plan Width": 8, "Actual Startup Time": 730.149, "Actual Total Time": 769.313, "Actual Rows": 300036, "Actual Loops": 1, "Sort Key": ["customer.c_custkey"], "Sort Method": "quicksort", "Sort Space Used": 31041, "Sort Space Type": "Memory", "Plans": [{"Node Type": "Seq Scan", "Parent Relationship": "Outer", "Relation Name": "customer", "Alias": "customer", "Startup Cost": 0.0, "Total Cost": 55876.0, "Plan Rows": 303948, "Plan Width": 8, "Actual Startup Time": 0.048, "Actual Total Time": 635.139, "Actual Rows": 300036, "Actual Loops": 1, "Filter": "(c_mktsegment = 'AUTOMOBILE'::bpchar), (LLVM Optimized, Jit Execute)", "Rows Removed by Filter": 1199964}]}, {"Node Type": "Sort", "Parent Relationship": "Inner", "Startup Cost": 1297331.42, "Total Cost": 1315606.97, "Plan Rows": 7310217, "Plan Width": 28, "Actual Startup Time": 8357.004, "Actual Total Time": 10682.053, "Actual Rows": 7276927, "Actual Loops": 1, "Sort Key": ["orders.o_custkey"], "Sort Method": "quicksort", "Sort Space Used": 878822, "Sort Space Type": "Memory", "Plans": [{"Node Type": "Seq Scan", "Parent Relationship": "Outer", "Relation Name": "orders", "Alias": "orders", "Startup Cost": 386.46, "Total Cost": 463912.49, "Plan Rows": 7310217, "Plan Width": 28, "Actual Startup Time": 0.031, "Actual Total Time": 5259.947, "Actual Rows": 7276947, "Actual Loops": 1, "Filter": "(o_orderdate < '1995-03-13 00:00:00'::timestamp(0) without time zone), (LLVM Optimized, Jit Execute)", "Rows Removed by Filter": 7723053}]}]}, {"Node Type": "Bitmap Heap Scan", "Parent Relationship": "Inner", "Relation Name": "lineitem", "Alias": "lineitem", "Startup Cost": 0.45, "Total Cost": 4.58, "Plan Rows": 5, "Plan Width": 24, "Actual Startup Time": 16758.06, "Actual Total Time": 16875.501, "Actual Rows": 300219, "Actual Loops": 1455173, "Recheck Cond": "(l_orderkey = orders.o_orderkey)", "Rows Removed by Index Recheck": 0, "Filter": "(l_shipdate > '1995-03-13 00:00:00'::timestamp(0) without time zone)", "Rows Removed by Filter": 5519788, "Exact Heap Blocks": 1558994, "Lossy Heap Blocks": 1558994, "Plans": [{"Node Type": "Bitmap Index Scan", "Parent Relationship": "Outer", "Index Name": "idx_lineitem_orderkey", "Startup Cost": 0.0, "Total Cost": 0.44, "Plan Rows": 9, "Plan Width": 0, "Actual Startup Time": 9545.986, "Actual Total Time": 9545.986, "Actual Rows": 5820007, "Actual Loops": 1455173, "Index Cond": "(l_orderkey = orders.o_orderkey)"}]}]}]}]}]}, "Triggers": [], "Planner Runtime": 1.1, "Total Runtime": 32098.518, "Unique SQL Id": 3929762122}}, "(1, '19')": {"explain_plan": {"Plan": {"Node Type": "Limit", "Startup Cost": 35345596.54, "Total Cost": 35345596.56, "Plan Rows": 10, "Plan Width": 36, "Plans": [{"Node Type": "Sort", "Parent Relationship": "Outer", "Startup Cost": 35345596.54, "Total Cost": 35354494.65, "Plan Rows": 10, "Plan Width": 36, "Sort Key": ["(sum((lineitem.l_extendedprice * (1::double precision - lineitem.l_discount)))) DESC", "orders.o_orderdate"], "Plans": [{"Node Type": "Aggregate", "Strategy": "Hashed", "Parent Relationship": "Outer", "Startup Cost": 35233090.02, "Total Cost": 35268682.49, "Plan Rows": 3559247, "Plan Width": 36, "Group By Key": ["lineitem.l_orderkey", "orders.o_orderdate", "orders.o_shippriority"], "Plans": [{"Node Type": "Nested Loop", "Parent Relationship": "Outer", "Join Type": "Inner", "Startup Cost": 168699.14, "Total Cost": 35179701.31, "Plan Rows": 3559247, "Plan Width": 36, "Inner Unique": false, "Plans": [{"Node Type": "Nested Loop", "Parent Relationship": "Outer", "Join Type": "Inner", "Startup Cost": 168698.69, "Total Cost": 31865463.0, "Plan Rows": 715772, "Plan Width": 20, "Inner Unique": true, "Plans": [{"Node Type": "Bitmap Heap Scan", "Parent Relationship": "Outer", "Relation Name": "orders", "Alias": "orders", "Startup Cost": 168698.43, "Total Cost": 536495.14, "Plan Rows": 7310217, "Plan Width": 28, "Recheck Cond": "(o_orderdate < '1995-03-13 00:00:00'::timestamp(0) without time zone), (LLVM Optimized)", "Plans": [{"Node Type": "Bitmap Index Scan", "Parent Relationship": "Outer", "Index Name": "idx_orders_orderdate", "Startup Cost": 0.0, "Total Cost": 166870.88, "Plan Rows": 7310217, "Plan Width": 0, "Index Cond": "(o_orderdate < '1995-03-13 00:00:00'::timestamp(0) without time zone)"}]}, {"Node Type": "Bitmap Heap Scan", "Parent Relationship": "Inner", "Relation Name": "customer", "Alias": "customer", "Startup Cost": 0.26, "Total Cost": 4.28, "Plan Rows": 1, "Plan Width": 8, "Recheck Cond": "(c_custkey = orders.o_custkey)", "Filter": "(c_mktsegment = 'AUTOMOBILE'::bpchar)", "Plans": [{"Node Type": "Bitmap Index Scan", "Parent Relationship": "Outer", "Index Name": "customer_pkey", "Startup Cost": 0.0, "Total Cost": 0.26, "Plan Rows": 1, "Plan Width": 0, "Index Cond": "(c_custkey = orders.o_custkey)"}]}]}, {"Node Type": "Bitmap Heap Scan", "Parent Relationship": "Inner", "Relation Name": "lineitem", "Alias": "lineitem", "Startup Cost": 0.45, "Total Cost": 4.58, "Plan Rows": 5, "Plan Width": 24, "Recheck Cond": "(l_orderkey = orders.o_orderkey)", "Filter": "(l_shipdate > '1995-03-13 00:00:00'::timestamp(0) without time zone)", "Plans": [{"Node Type": "Bitmap Index Scan", "Parent Relationship": "Outer", "Index Name": "idx_lineitem_orderkey", "Startup Cost": 0.0, "Total Cost": 0.44, "Plan Rows": 9, "Plan Width": 0, "Index Cond": "(l_orderkey = orders.o_orderkey)"}]}]}]}]}]}, "Unique SQL Id": 3929762122, "Planner Runtime": 1}, "explain_analyze_plan": null}, "(1, '20')": {"explain_plan": {"Plan": {"Node Type": "Limit", "Startup Cost": 2596753.82, "Total Cost": 2596753.85, "Plan Rows": 10, "Plan Width": 36, "Plans": [{"Node Type": "Sort", "Parent Relationship": "Outer", "Startup Cost": 2596753.82, "Total Cost": 2605651.94, "Plan Rows": 10, "Plan Width": 36, "Sort Key": ["(sum((lineitem.l_extendedprice * (1::double precision - lineitem.l_discount)))) DESC", "orders.o_orderdate"], "Plans": [{"Node Type": "Aggregate", "Strategy": "Hashed", "Parent Relationship": "Outer", "Startup Cost": 2484247.3, "Total Cost": 2519839.77, "Plan Rows": 3559247, "Plan Width": 36, "Group By Key": ["lineitem.l_orderkey", "orders.o_orderdate", "orders.o_shippriority"], "Plans": [{"Node Type": "Nested Loop", "Parent Relationship": "Outer", "Join Type": "Inner", "Startup Cost": 1297333.67, "Total Cost": 2430858.6, "Plan Rows": 3559247, "Plan Width": 36, "Inner Unique": false, "Plans": [{"Node Type": "Merge Join", "Parent Relationship": "Outer", "Join Type": "Inner", "Startup Cost": 1297333.67, "Total Cost": 1426314.26, "Plan Rows": 715772, "Plan Width": 20, "Inner Unique": false, "Merge Cond": "(customer.c_custkey = orders.o_custkey)", "Plans": [{"Node Type": "Index Scan", "Parent Relationship": "Outer", "Scan Direction": "Forward", "Index Name": "customer_pkey", "Relation Name": "customer", "Alias": "customer", "Startup Cost": 0.0, "Total Cost": 84515.36, "Plan Rows": 303948, "Plan Width": 8, "Filter": "(c_mktsegment = 'AUTOMOBILE'::bpchar), (LLVM Optimized)"}, {"Node Type": "Sort", "Parent Relationship": "Inner", "Startup Cost": 1297331.42, "Total Cost": 1315606.97, "Plan Rows": 7310217, "Plan Width": 28, "Sort Key": ["orders.o_custkey"], "Plans": [{"Node Type": "Seq Scan", "Parent Relationship": "Outer", "Relation Name": "orders", "Alias": "orders", "Startup Cost": 386.46, "Total Cost": 463912.49, "Plan Rows": 7310217, "Plan Width": 28, "Filter": "(o_orderdate < '1995-03-13 00:00:00'::timestamp(0) without time zone), (LLVM Optimized)"}]}]}, {"Node Type": "Index Scan", "Parent Relationship": "Inner", "Scan Direction": "Forward", "Index Name": "idx_lineitem_orderkey", "Relation Name": "lineitem", "Alias": "lineitem", "Startup Cost": 0.0, "Total Cost": 1.35, "Plan Rows": 5, "Plan Width": 24, "Index Cond": "(l_orderkey = orders.o_orderkey)", "Filter": "(l_shipdate > '1995-03-13 00:00:00'::timestamp(0) without time zone)"}]}]}]}]}, "Unique SQL Id": 3929762122, "Planner Runtime": 1}, "explain_analyze_plan": {"Plan": {"Node Type": "Limit", "Startup Cost": 2596753.82, "Total Cost": 2596753.85, "Plan Rows": 10, "Plan Width": 36, "Actual Startup Time": 32725.592, "Actual Total Time": 32725.594, "Actual Rows": 10, "Actual Loops": 1, "Plans": [{"Node Type": "Sort", "Parent Relationship": "Outer", "Startup Cost": 2596753.82, "Total Cost": 2605651.94, "Plan Rows": 10, "Plan Width": 36, "Actual Startup Time": 32725.588, "Actual Total Time": 32725.589, "Actual Rows": 10, "Actual Loops": 1, "Sort Key": ["(sum((lineitem.l_extendedprice * (1::double precision - lineitem.l_discount)))) DESC", "orders.o_orderdate"], "Sort Method": "top-N heapsort", "Sort Space Used": 26, "Sort Space Type": "Memory", "Plans": [{"Node Type": "Aggregate", "Strategy": "Hashed", "Parent Relationship": "Outer", "Startup Cost": 2484247.3, "Total Cost": 2519839.77, "Plan Rows": 3559247, "Plan Width": 36, "Actual Startup Time": 32632.763, "Actual Total Time": 32698.205, "Actual Rows": 113719, "Actual Loops": 1, "Group By Key": ["lineitem.l_orderkey", "orders.o_orderdate", "orders.o_shippriority"], "Plans": [{"Node Type": "Nested Loop", "Parent Relationship": "Outer", "Join Type": "Inner", "Startup Cost": 1297333.67, "Total Cost": 2430858.6, "Plan Rows": 3559247, "Plan Width": 36, "Actual Startup Time": 8398.072, "Actual Total Time": 32297.727, "Actual Rows": 300219, "Actual Loops": 1, "Inner Unique": false, "Plans": [{"Node Type": "Merge Join", "Parent Relationship": "Outer", "Join Type": "Inner", "Startup Cost": 1297333.67, "Total Cost": 1426314.26, "Plan Rows": 715772, "Plan Width": 20, "Actual Startup Time": 8397.847, "Actual Total Time": 13321.034, "Actual Rows": 1455173, "Actual Loops": 1, "Inner Unique": false, "Merge Cond": "(customer.c_custkey = orders.o_custkey)", "Plans": [{"Node Type": "Index Scan", "Parent Relationship": "Outer", "Scan Direction": "Forward", "Index Name": "customer_pkey", "Relation Name": "customer", "Alias": "customer", "Startup Cost": 0.0, "Total Cost": 84515.36, "Plan Rows": 303948, "Plan Width": 8, "Actual Startup Time": 0.065, "Actual Total Time": 1235.814, "Actual Rows": 300036, "Actual Loops": 1, "Filter": "(c_mktsegment = 'AUTOMOBILE'::bpchar), (LLVM Optimized, Jit Execute)", "Rows Removed by Filter": 1199964}, {"Node Type": "Sort", "Parent Relationship": "Inner", "Startup Cost": 1297331.42, "Total Cost": 1315606.97, "Plan Rows": 7310217, "Plan Width": 28, "Actual Startup Time": 8397.759, "Actual Total Time": 10665.765, "Actual Rows": 7276927, "Actual Loops": 1, "Sort Key": ["orders.o_custkey"], "Sort Method": "quicksort", "Sort Space Used": 878822, "Sort Space Type": "Memory", "Plans": [{"Node Type": "Seq Scan", "Parent Relationship": "Outer", "Relation Name": "orders", "Alias": "orders", "Startup Cost": 386.46, "Total Cost": 463912.49, "Plan Rows": 7310217, "Plan Width": 28, "Actual Startup Time": 0.039, "Actual Total Time": 5266.222, "Actual Rows": 7276947, "Actual Loops": 1, "Filter": "(o_orderdate < '1995-03-13 00:00:00'::timestamp(0) without time zone), (LLVM Optimized, Jit Execute)", "Rows Removed by Filter": 7723053}]}]}, {"Node Type": "Index Scan", "Parent Relationship": "Inner", "Scan Direction": "Forward", "Index Name": "idx_lineitem_orderkey", "Relation Name": "lineitem", "Alias": "lineitem", "Startup Cost": 0.0, "Total Cost": 1.35, "Plan Rows": 5, "Plan Width": 24, "Actual Startup Time": 17849.344, "Actual Total Time": 18156.174, "Actual Rows": 300219, "Actual Loops": 1455173, "Index Cond": "(l_orderkey = orders.o_orderkey)", "Rows Removed by Index Recheck": 0, "Filter": "(l_shipdate > '1995-03-13 00:00:00'::timestamp(0) without time zone)", "Rows Removed by Filter": 5519788}]}]}]}]}, "Triggers": [], "Planner Runtime": 1.055, "Total Runtime": 32735.185, "Unique SQL Id": 3929762122}}, "(1, '21')": {"explain_plan": {"Plan": {"Node Type": "Limit", "Startup Cost": 2669336.48, "Total Cost": 2669336.5, "Plan Rows": 10, "Plan Width": 36, "Plans": [{"Node Type": "Sort", "Parent Relationship": "Outer", "Startup Cost": 2669336.48, "Total Cost": 2678234.59, "Plan Rows": 10, "Plan Width": 36, "Sort Key": ["(sum((lineitem.l_extendedprice * (1::double precision - lineitem.l_discount)))) DESC", "orders.o_orderdate"], "Plans": [{"Node Type": "Aggregate", "Strategy": "Hashed", "Parent Relationship": "Outer", "Startup Cost": 2556829.96, "Total Cost": 2592422.43, "Plan Rows": 3559247, "Plan Width": 36, "Group By Key": ["lineitem.l_orderkey", "orders.o_orderdate", "orders.o_shippriority"], "Plans": [{"Node Type": "Nested Loop", "Parent Relationship": "Outer", "Join Type": "Inner", "Startup Cost": 1369916.32, "Total Cost": 2503441.25, "Plan Rows": 3559247, "Plan Width": 36, "Inner Unique": false, "Plans": [{"Node Type": "Merge Join", "Parent Relationship": "Outer", "Join Type": "Inner", "Startup Cost": 1369916.32, "Total Cost": 1498896.92, "Plan Rows": 715772, "Plan Width": 20, "Inner Unique": false, "Merge Cond": "(customer.c_custkey = orders.o_custkey)", "Plans": [{"Node Type": "Index Scan", "Parent Relationship": "Outer", "Scan Direction": "Forward", "Index Name": "customer_pkey", "Relation Name": "customer", "Alias": "customer", "Startup Cost": 0.0, "Total Cost": 84515.36, "Plan Rows": 303948, "Plan Width": 8, "Filter": "(c_mktsegment = 'AUTOMOBILE'::bpchar), (LLVM Optimized)"}, {"Node Type": "Sort", "Parent Relationship": "Inner", "Startup Cost": 1369914.08, "Total Cost": 1388189.62, "Plan Rows": 7310217, "Plan Width": 28, "Sort Key": ["orders.o_custkey"], "Plans": [{"Node Type": "Bitmap Heap Scan", "Parent Relationship": "Outer", "Relation Name": "orders", "Alias": "orders", "Startup Cost": 168698.43, "Total Cost": 536495.14, "Plan Rows": 7310217, "Plan Width": 28, "Recheck Cond": "(o_orderdate < '1995-03-13 00:00:00'::timestamp(0) without time zone), (LLVM Optimized)", "Plans": [{"Node Type": "Bitmap Index Scan", "Parent Relationship": "Outer", "Index Name": "idx_orders_orderdate", "Startup Cost": 0.0, "Total Cost": 166870.88, "Plan Rows": 7310217, "Plan Width": 0, "Index Cond": "(o_orderdate < '1995-03-13 00:00:00'::timestamp(0) without time zone)"}]}]}]}, {"Node Type": "Index Scan", "Parent Relationship": "Inner", "Scan Direction": "Forward", "Index Name": "idx_lineitem_orderkey", "Relation Name": "lineitem", "Alias": "lineitem", "Startup Cost": 0.0, "Total Cost": 1.35, "Plan Rows": 5, "Plan Width": 24, "Index Cond": "(l_orderkey = orders.o_orderkey)", "Filter": "(l_shipdate > '1995-03-13 00:00:00'::timestamp(0) without time zone)"}]}]}]}]}, "Unique SQL Id": 3929762122, "Planner Runtime": 1}, "explain_analyze_plan": {"Plan": {"Node Type": "Limit", "Startup Cost": 2669336.48, "Total Cost": 2669336.5, "Plan Rows": 10, "Plan Width": 36, "Actual Startup Time": 31227.134, "Actual Total Time": 31227.137, "Actual Rows": 10, "Actual Loops": 1, "Plans": [{"Node Type": "Sort", "Parent Relationship": "Outer", "Startup Cost": 2669336.48, "Total Cost": 2678234.59, "Plan Rows": 10, "Plan Width": 36, "Actual Startup Time": 31227.129, "Actual Total Time": 31227.131, "Actual Rows": 10, "Actual Loops": 1, "Sort Key": ["(sum((lineitem.l_extendedprice * (1::double precision - lineitem.l_discount)))) DESC", "orders.o_orderdate"], "Sort Method": "top-N heapsort", "Sort Space Used": 26, "Sort Space Type": "Memory", "Plans": [{"Node Type": "Aggregate", "Strategy": "Hashed", "Parent Relationship": "Outer", "Startup Cost": 2556829.96, "Total Cost": 2592422.43, "Plan Rows": 3559247, "Plan Width": 36, "Actual Startup Time": 31117.01, "Actual Total Time": 31199.687, "Actual Rows": 113719, "Actual Loops": 1, "Group By Key": ["lineitem.l_orderkey", "orders.o_orderdate", "orders.o_shippriority"], "Plans": [{"Node Type": "Nested Loop", "Parent Relationship": "Outer", "Join Type": "Inner", "Startup Cost": 1369916.32, "Total Cost": 2503441.25, "Plan Rows": 3559247, "Plan Width": 36, "Actual Startup Time": 9033.28, "Actual Total Time": 30802.099, "Actual Rows": 300219, "Actual Loops": 1, "Inner Unique": false, "Plans": [{"Node Type": "Merge Join", "Parent Relationship": "Outer", "Join Type": "Inner", "Startup Cost": 1369916.32, "Total Cost": 1498896.92, "Plan Rows": 715772, "Plan Width": 20, "Actual Startup Time": 9032.902, "Actual Total Time": 13768.861, "Actual Rows": 1455173, "Actual Loops": 1, "Inner Unique": false, "Merge Cond": "(customer.c_custkey = orders.o_custkey)", "Plans": [{"Node Type": "Index Scan", "Parent Relationship": "Outer", "Scan Direction": "Forward", "Index Name": "customer_pkey", "Relation Name": "customer", "Alias": "customer", "Startup Cost": 0.0, "Total Cost": 84515.36, "Plan Rows": 303948, "Plan Width": 8, "Actual Startup Time": 0.07, "Actual Total Time": 1116.386, "Actual Rows": 300036, "Actual Loops": 1, "Filter": "(c_mktsegment = 'AUTOMOBILE'::bpchar), (LLVM Optimized, Jit Execute)", "Rows Removed by Filter": 1199964}, {"Node Type": "Sort", "Parent Relationship": "Inner", "Startup Cost": 1369914.08, "Total Cost": 1388189.62, "Plan Rows": 7310217, "Plan Width": 28, "Actual Startup Time": 9032.805, "Actual Total Time": 11232.861, "Actual Rows": 7276927, "Actual Loops": 1, "Sort Key": ["orders.o_custkey"], "Sort Method": "quicksort", "Sort Space Used": 878822, "Sort Space Type": "Memory", "Plans": [{"Node Type": "Bitmap Heap Scan", "Parent Relationship": "Outer", "Relation Name": "orders", "Alias": "orders", "Startup Cost": 168698.43, "Total Cost": 536495.14, "Plan Rows": 7310217, "Plan Width": 28, "Actual Startup Time": 1539.777, "Actual Total Time": 5919.325, "Actual Rows": 7276947, "Actual Loops": 1, "Recheck Cond": "(o_orderdate < '1995-03-13 00:00:00'::timestamp(0) without time zone), (LLVM Optimized, Jit Execute)", "Rows Removed by Index Recheck": 0, "Exact Heap Blocks": 276419, "Lossy Heap Blocks": 276419, "Plans": [{"Node Type": "Bitmap Index Scan", "Parent Relationship": "Outer", "Index Name": "idx_orders_orderdate", "Startup Cost": 0.0, "Total Cost": 166870.88, "Plan Rows": 7310217, "Plan Width": 0, "Actual Startup Time": 1454.014, "Actual Total Time": 1454.014, "Actual Rows": 7276947, "Actual Loops": 1, "Index Cond": "(o_orderdate < '1995-03-13 00:00:00'::timestamp(0) without time zone)"}]}]}]}, {"Node Type": "Index Scan", "Parent Relationship": "Inner", "Scan Direction": "Forward", "Index Name": "idx_lineitem_orderkey", "Relation Name": "lineitem", "Alias": "lineitem", "Startup Cost": 0.0, "Total Cost": 1.35, "Plan Rows": 5, "Plan Width": 24, "Actual Startup Time": 15938.011, "Actual Total Time": 16222.391, "Actual Rows": 300219, "Actual Loops": 1455173, "Index Cond": "(l_orderkey = orders.o_orderkey)", "Rows Removed by Index Recheck": 0, "Filter": "(l_shipdate > '1995-03-13 00:00:00'::timestamp(0) without time zone)", "Rows Removed by Filter": 5519788}]}]}]}]}, "Triggers": [], "Planner Runtime": 1.092, "Total Runtime": 31237.578, "Unique SQL Id": 3929762122}}, "(1, '22')": {"explain_plan": {"Plan": {"Node Type": "Limit", "Startup Cost": 4906248.04, "Total Cost": 4906248.06, "Plan Rows": 10, "Plan Width": 36, "Plans": [{"Node Type": "Sort", "Parent Relationship": "Outer", "Startup Cost": 4906248.04, "Total Cost": 4915146.16, "Plan Rows": 10, "Plan Width": 36, "Sort Key": ["(sum((lineitem.l_extendedprice * (1::double precision - lineitem.l_discount)))) DESC", "orders.o_orderdate"], "Plans": [{"Node Type": "Aggregate", "Strategy": "Hashed", "Parent Relationship": "Outer", "Startup Cost": 4793741.52, "Total Cost": 4829333.99, "Plan Rows": 3559247, "Plan Width": 36, "Group By Key": ["lineitem.l_orderkey", "orders.o_orderdate", "orders.o_shippriority"], "Plans": [{"Node Type": "Nested Loop", "Parent Relationship": "Outer", "Join Type": "Inner", "Startup Cost": 1380887.64, "Total Cost": 4740352.82, "Plan Rows": 3559247, "Plan Width": 36, "Inner Unique": false, "Plans": [{"Node Type": "Merge Join", "Parent Relationship": "Outer", "Join Type": "Inner", "Startup Cost": 1380887.19, "Total Cost": 1426114.5, "Plan Rows": 715772, "Plan Width": 20, "Inner Unique": false, "Merge Cond": "(customer.c_custkey = orders.o_custkey)", "Plans": [{"Node Type": "Sort", "Parent Relationship": "Outer", "Startup Cost": 83555.73, "Total Cost": 84315.6, "Plan Rows": 303948, "Plan Width": 8, "Sort Key": ["customer.c_custkey"], "Plans": [{"Node Type": "Seq Scan", "Parent Relationship": "Outer", "Relation Name": "customer", "Alias": "customer", "Startup Cost": 0.0, "Total Cost": 55876.0, "Plan Rows": 303948, "Plan Width": 8, "Filter": "(c_mktsegment = 'AUTOMOBILE'::bpchar), (LLVM Optimized)"}]}, {"Node Type": "Sort", "Parent Relationship": "Inner", "Startup Cost": 1297331.42, "Total Cost": 1315606.97, "Plan Rows": 7310217, "Plan Width": 28, "Sort Key": ["orders.o_custkey"], "Plans": [{"Node Type": "Seq Scan", "Parent Relationship": "Outer", "Relation Name": "orders", "Alias": "orders", "Startup Cost": 386.46, "Total Cost": 463912.49, "Plan Rows": 7310217, "Plan Width": 28, "Filter": "(o_orderdate < '1995-03-13 00:00:00'::timestamp(0) without time zone), (LLVM Optimized)"}]}]}, {"Node Type": "Bitmap Heap Scan", "Parent Relationship": "Inner", "Relation Name": "lineitem", "Alias": "lineitem", "Startup Cost": 0.45, "Total Cost": 4.58, "Plan Rows": 5, "Plan Width": 24, "Recheck Cond": "(l_orderkey = orders.o_orderkey)", "Filter": "(l_shipdate > '1995-03-13 00:00:00'::timestamp(0) without time zone)", "Plans": [{"Node Type": "Bitmap Index Scan", "Parent Relationship": "Outer", "Index Name": "idx_lineitem_orderkey", "Startup Cost": 0.0, "Total Cost": 0.44, "Plan Rows": 9, "Plan Width": 0, "Index Cond": "(l_orderkey = orders.o_orderkey)"}]}]}]}]}]}, "Unique SQL Id": 3929762122, "Planner Runtime": 1}, "explain_analyze_plan": {"Plan": {"Node Type": "Limit", "Startup Cost": 4906248.04, "Total Cost": 4906248.06, "Plan Rows": 10, "Plan Width": 36, "Actual Startup Time": 32088.816, "Actual Total Time": 32088.819, "Actual Rows": 10, "Actual Loops": 1, "Plans": [{"Node Type": "Sort", "Parent Relationship": "Outer", "Startup Cost": 4906248.04, "Total Cost": 4915146.16, "Plan Rows": 10, "Plan Width": 36, "Actual Startup Time": 32088.811, "Actual Total Time": 32088.813, "Actual Rows": 10, "Actual Loops": 1, "Sort Key": ["(sum((lineitem.l_extendedprice * (1::double precision - lineitem.l_discount)))) DESC", "orders.o_orderdate"], "Sort Method": "top-N heapsort", "Sort Space Used": 26, "Sort Space Type": "Memory", "Plans": [{"Node Type": "Aggregate", "Strategy": "Hashed", "Parent Relationship": "Outer", "Startup Cost": 4793741.52, "Total Cost": 4829333.99, "Plan Rows": 3559247, "Plan Width": 36, "Actual Startup Time": 31986.767, "Actual Total Time": 32061.108, "Actual Rows": 113719, "Actual Loops": 1, "Group By Key": ["lineitem.l_orderkey", "orders.o_orderdate", "orders.o_shippriority"], "Plans": [{"Node Type": "Nested Loop", "Parent Relationship": "Outer", "Join Type": "Inner", "Startup Cost": 1380887.64, "Total Cost": 4740352.82, "Plan Rows": 3559247, "Plan Width": 36, "Actual Startup Time": 9087.524, "Actual Total Time": 31630.226, "Actual Rows": 300219, "Actual Loops": 1, "Inner Unique": false, "Plans": [{"Node Type": "Merge Join", "Parent Relationship": "Outer", "Join Type": "Inner", "Startup Cost": 1380887.19, "Total Cost": 1426114.5, "Plan Rows": 715772, "Plan Width": 20, "Actual Startup Time": 9087.272, "Actual Total Time": 12930.135, "Actual Rows": 1455173, "Actual Loops": 1, "Inner Unique": false, "Merge Cond": "(customer.c_custkey = orders.o_custkey)", "Plans": [{"Node Type": "Sort", "Parent Relationship": "Outer", "Startup Cost": 83555.73, "Total Cost": 84315.6, "Plan Rows": 303948, "Plan Width": 8, "Actual Startup Time": 730.149, "Actual Total Time": 769.313, "Actual Rows": 300036, "Actual Loops": 1, "Sort Key": ["customer.c_custkey"], "Sort Method": "quicksort", "Sort Space Used": 31041, "Sort Space Type": "Memory", "Plans": [{"Node Type": "Seq Scan", "Parent Relationship": "Outer", "Relation Name": "customer", "Alias": "customer", "Startup Cost": 0.0, "Total Cost": 55876.0, "Plan Rows": 303948, "Plan Width": 8, "Actual Startup Time": 0.048, "Actual Total Time": 635.139, "Actual Rows": 300036, "Actual Loops": 1, "Filter": "(c_mktsegment = 'AUTOMOBILE'::bpchar), (LLVM Optimized, Jit Execute)", "Rows Removed by Filter": 1199964}]}, {"Node Type": "Sort", "Parent Relationship": "Inner", "Startup Cost": 1297331.42, "Total Cost": 1315606.97, "Plan Rows": 7310217, "Plan Width": 28, "Actual Startup Time": 8357.004, "Actual Total Time": 10682.053, "Actual Rows": 7276927, "Actual Loops": 1, "Sort Key": ["orders.o_custkey"], "Sort Method": "quicksort", "Sort Space Used": 878822, "Sort Space Type": "Memory", "Plans": [{"Node Type": "Seq Scan", "Parent Relationship": "Outer", "Relation Name": "orders", "Alias": "orders", "Startup Cost": 386.46, "Total Cost": 463912.49, "Plan Rows": 7310217, "Plan Width": 28, "Actual Startup Time": 0.031, "Actual Total Time": 5259.947, "Actual Rows": 7276947, "Actual Loops": 1, "Filter": "(o_orderdate < '1995-03-13 00:00:00'::timestamp(0) without time zone), (LLVM Optimized, Jit Execute)", "Rows Removed by Filter": 7723053}]}]}, {"Node Type": "Bitmap Heap Scan", "Parent Relationship": "Inner", "Relation Name": "lineitem", "Alias": "lineitem", "Startup Cost": 0.45, "Total Cost": 4.58, "Plan Rows": 5, "Plan Width": 24, "Actual Startup Time": 16758.06, "Actual Total Time": 16875.501, "Actual Rows": 300219, "Actual Loops": 1455173, "Recheck Cond": "(l_orderkey = orders.o_orderkey)", "Rows Removed by Index Recheck": 0, "Filter": "(l_shipdate > '1995-03-13 00:00:00'::timestamp(0) without time zone)", "Rows Removed by Filter": 5519788, "Exact Heap Blocks": 1558994, "Lossy Heap Blocks": 1558994, "Plans": [{"Node Type": "Bitmap Index Scan", "Parent Relationship": "Outer", "Index Name": "idx_lineitem_orderkey", "Startup Cost": 0.0, "Total Cost": 0.44, "Plan Rows": 9, "Plan Width": 0, "Actual Startup Time": 9545.986, "Actual Total Time": 9545.986, "Actual Rows": 5820007, "Actual Loops": 1455173, "Index Cond": "(l_orderkey = orders.o_orderkey)"}]}]}]}]}]}, "Triggers": [], "Planner Runtime": 1.1, "Total Runtime": 32098.518, "Unique SQL Id": 3929762122}}, "(1, '23')": {"explain_plan": {"Plan": {"Node Type": "Limit", "Startup Cost": 35345596.54, "Total Cost": 35345596.56, "Plan Rows": 10, "Plan Width": 36, "Plans": [{"Node Type": "Sort", "Parent Relationship": "Outer", "Startup Cost": 35345596.54, "Total Cost": 35354494.65, "Plan Rows": 10, "Plan Width": 36, "Sort Key": ["(sum((lineitem.l_extendedprice * (1::double precision - lineitem.l_discount)))) DESC", "orders.o_orderdate"], "Plans": [{"Node Type": "Aggregate", "Strategy": "Hashed", "Parent Relationship": "Outer", "Startup Cost": 35233090.02, "Total Cost": 35268682.49, "Plan Rows": 3559247, "Plan Width": 36, "Group By Key": ["lineitem.l_orderkey", "orders.o_orderdate", "orders.o_shippriority"], "Plans": [{"Node Type": "Nested Loop", "Parent Relationship": "Outer", "Join Type": "Inner", "Startup Cost": 168699.14, "Total Cost": 35179701.31, "Plan Rows": 3559247, "Plan Width": 36, "Inner Unique": false, "Plans": [{"Node Type": "Nested Loop", "Parent Relationship": "Outer", "Join Type": "Inner", "Startup Cost": 168698.69, "Total Cost": 31865463.0, "Plan Rows": 715772, "Plan Width": 20, "Inner Unique": true, "Plans": [{"Node Type": "Bitmap Heap Scan", "Parent Relationship": "Outer", "Relation Name": "orders", "Alias": "orders", "Startup Cost": 168698.43, "Total Cost": 536495.14, "Plan Rows": 7310217, "Plan Width": 28, "Recheck Cond": "(o_orderdate < '1995-03-13 00:00:00'::timestamp(0) without time zone), (LLVM Optimized)", "Plans": [{"Node Type": "Bitmap Index Scan", "Parent Relationship": "Outer", "Index Name": "idx_orders_orderdate", "Startup Cost": 0.0, "Total Cost": 166870.88, "Plan Rows": 7310217, "Plan Width": 0, "Index Cond": "(o_orderdate < '1995-03-13 00:00:00'::timestamp(0) without time zone)"}]}, {"Node Type": "Bitmap Heap Scan", "Parent Relationship": "Inner", "Relation Name": "customer", "Alias": "customer", "Startup Cost": 0.26, "Total Cost": 4.28, "Plan Rows": 1, "Plan Width": 8, "Recheck Cond": "(c_custkey = orders.o_custkey)", "Filter": "(c_mktsegment = 'AUTOMOBILE'::bpchar)", "Plans": [{"Node Type": "Bitmap Index Scan", "Parent Relationship": "Outer", "Index Name": "customer_pkey", "Startup Cost": 0.0, "Total Cost": 0.26, "Plan Rows": 1, "Plan Width": 0, "Index Cond": "(c_custkey = orders.o_custkey)"}]}]}, {"Node Type": "Bitmap Heap Scan", "Parent Relationship": "Inner", "Relation Name": "lineitem", "Alias": "lineitem", "Startup Cost": 0.45, "Total Cost": 4.58, "Plan Rows": 5, "Plan Width": 24, "Recheck Cond": "(l_orderkey = orders.o_orderkey)", "Filter": "(l_shipdate > '1995-03-13 00:00:00'::timestamp(0) without time zone)", "Plans": [{"Node Type": "Bitmap Index Scan", "Parent Relationship": "Outer", "Index Name": "idx_lineitem_orderkey", "Startup Cost": 0.0, "Total Cost": 0.44, "Plan Rows": 9, "Plan Width": 0, "Index Cond": "(l_orderkey = orders.o_orderkey)"}]}]}]}]}]}, "Unique SQL Id": 3929762122, "Planner Runtime": 1}, "explain_analyze_plan": null}, "(1, '24')": {"explain_plan": {"Plan": {"Node Type": "Limit", "Startup Cost": 2596753.82, "Total Cost": 2596753.85, "Plan Rows": 10, "Plan Width": 36, "Plans": [{"Node Type": "Sort", "Parent Relationship": "Outer", "Startup Cost": 2596753.82, "Total Cost": 2605651.94, "Plan Rows": 10, "Plan Width": 36, "Sort Key": ["(sum((lineitem.l_extendedprice * (1::double precision - lineitem.l_discount)))) DESC", "orders.o_orderdate"], "Plans": [{"Node Type": "Aggregate", "Strategy": "Hashed", "Parent Relationship": "Outer", "Startup Cost": 2484247.3, "Total Cost": 2519839.77, "Plan Rows": 3559247, "Plan Width": 36, "Group By Key": ["lineitem.l_orderkey", "orders.o_orderdate", "orders.o_shippriority"], "Plans": [{"Node Type": "Nested Loop", "Parent Relationship": "Outer", "Join Type": "Inner", "Startup Cost": 1297333.67, "Total Cost": 2430858.6, "Plan Rows": 3559247, "Plan Width": 36, "Inner Unique": false, "Plans": [{"Node Type": "Merge Join", "Parent Relationship": "Outer", "Join Type": "Inner", "Startup Cost": 1297333.67, "Total Cost": 1426314.26, "Plan Rows": 715772, "Plan Width": 20, "Inner Unique": false, "Merge Cond": "(customer.c_custkey = orders.o_custkey)", "Plans": [{"Node Type": "Index Scan", "Parent Relationship": "Outer", "Scan Direction": "Forward", "Index Name": "customer_pkey", "Relation Name": "customer", "Alias": "customer", "Startup Cost": 0.0, "Total Cost": 84515.36, "Plan Rows": 303948, "Plan Width": 8, "Filter": "(c_mktsegment = 'AUTOMOBILE'::bpchar), (LLVM Optimized)"}, {"Node Type": "Sort", "Parent Relationship": "Inner", "Startup Cost": 1297331.42, "Total Cost": 1315606.97, "Plan Rows": 7310217, "Plan Width": 28, "Sort Key": ["orders.o_custkey"], "Plans": [{"Node Type": "Seq Scan", "Parent Relationship": "Outer", "Relation Name": "orders", "Alias": "orders", "Startup Cost": 386.46, "Total Cost": 463912.49, "Plan Rows": 7310217, "Plan Width": 28, "Filter": "(o_orderdate < '1995-03-13 00:00:00'::timestamp(0) without time zone), (LLVM Optimized)"}]}]}, {"Node Type": "Index Scan", "Parent Relationship": "Inner", "Scan Direction": "Forward", "Index Name": "idx_lineitem_orderkey", "Relation Name": "lineitem", "Alias": "lineitem", "Startup Cost": 0.0, "Total Cost": 1.35, "Plan Rows": 5, "Plan Width": 24, "Index Cond": "(l_orderkey = orders.o_orderkey)", "Filter": "(l_shipdate > '1995-03-13 00:00:00'::timestamp(0) without time zone)"}]}]}]}]}, "Unique SQL Id": 3929762122, "Planner Runtime": 1}, "explain_analyze_plan": {"Plan": {"Node Type": "Limit", "Startup Cost": 2596753.82, "Total Cost": 2596753.85, "Plan Rows": 10, "Plan Width": 36, "Actual Startup Time": 32725.592, "Actual Total Time": 32725.594, "Actual Rows": 10, "Actual Loops": 1, "Plans": [{"Node Type": "Sort", "Parent Relationship": "Outer", "Startup Cost": 2596753.82, "Total Cost": 2605651.94, "Plan Rows": 10, "Plan Width": 36, "Actual Startup Time": 32725.588, "Actual Total Time": 32725.589, "Actual Rows": 10, "Actual Loops": 1, "Sort Key": ["(sum((lineitem.l_extendedprice * (1::double precision - lineitem.l_discount)))) DESC", "orders.o_orderdate"], "Sort Method": "top-N heapsort", "Sort Space Used": 26, "Sort Space Type": "Memory", "Plans": [{"Node Type": "Aggregate", "Strategy": "Hashed", "Parent Relationship": "Outer", "Startup Cost": 2484247.3, "Total Cost": 2519839.77, "Plan Rows": 3559247, "Plan Width": 36, "Actual Startup Time": 32632.763, "Actual Total Time": 32698.205, "Actual Rows": 113719, "Actual Loops": 1, "Group By Key": ["lineitem.l_orderkey", "orders.o_orderdate", "orders.o_shippriority"], "Plans": [{"Node Type": "Nested Loop", "Parent Relationship": "Outer", "Join Type": "Inner", "Startup Cost": 1297333.67, "Total Cost": 2430858.6, "Plan Rows": 3559247, "Plan Width": 36, "Actual Startup Time": 8398.072, "Actual Total Time": 32297.727, "Actual Rows": 300219, "Actual Loops": 1, "Inner Unique": false, "Plans": [{"Node Type": "Merge Join", "Parent Relationship": "Outer", "Join Type": "Inner", "Startup Cost": 1297333.67, "Total Cost": 1426314.26, "Plan Rows": 715772, "Plan Width": 20, "Actual Startup Time": 8397.847, "Actual Total Time": 13321.034, "Actual Rows": 1455173, "Actual Loops": 1, "Inner Unique": false, "Merge Cond": "(customer.c_custkey = orders.o_custkey)", "Plans": [{"Node Type": "Index Scan", "Parent Relationship": "Outer", "Scan Direction": "Forward", "Index Name": "customer_pkey", "Relation Name": "customer", "Alias": "customer", "Startup Cost": 0.0, "Total Cost": 84515.36, "Plan Rows": 303948, "Plan Width": 8, "Actual Startup Time": 0.065, "Actual Total Time": 1235.814, "Actual Rows": 300036, "Actual Loops": 1, "Filter": "(c_mktsegment = 'AUTOMOBILE'::bpchar), (LLVM Optimized, Jit Execute)", "Rows Removed by Filter": 1199964}, {"Node Type": "Sort", "Parent Relationship": "Inner", "Startup Cost": 1297331.42, "Total Cost": 1315606.97, "Plan Rows": 7310217, "Plan Width": 28, "Actual Startup Time": 8397.759, "Actual Total Time": 10665.765, "Actual Rows": 7276927, "Actual Loops": 1, "Sort Key": ["orders.o_custkey"], "Sort Method": "quicksort", "Sort Space Used": 878822, "Sort Space Type": "Memory", "Plans": [{"Node Type": "Seq Scan", "Parent Relationship": "Outer", "Relation Name": "orders", "Alias": "orders", "Startup Cost": 386.46, "Total Cost": 463912.49, "Plan Rows": 7310217, "Plan Width": 28, "Actual Startup Time": 0.039, "Actual Total Time": 5266.222, "Actual Rows": 7276947, "Actual Loops": 1, "Filter": "(o_orderdate < '1995-03-13 00:00:00'::timestamp(0) without time zone), (LLVM Optimized, Jit Execute)", "Rows Removed by Filter": 7723053}]}]}, {"Node Type": "Index Scan", "Parent Relationship": "Inner", "Scan Direction": "Forward", "Index Name": "idx_lineitem_orderkey", "Relation Name": "lineitem", "Alias": "lineitem", "Startup Cost": 0.0, "Total Cost": 1.35, "Plan Rows": 5, "Plan Width": 24, "Actual Startup Time": 17849.344, "Actual Total Time": 18156.174, "Actual Rows": 300219, "Actual Loops": 1455173, "Index Cond": "(l_orderkey = orders.o_orderkey)", "Rows Removed by Index Recheck": 0, "Filter": "(l_shipdate > '1995-03-13 00:00:00'::timestamp(0) without time zone)", "Rows Removed by Filter": 5519788}]}]}]}]}, "Triggers": [], "Planner Runtime": 1.055, "Total Runtime": 32735.185, "Unique SQL Id": 3929762122}}, "(1, '25')": {"explain_plan": {"Plan": {"Node Type": "Limit", "Startup Cost": 2699912.01, "Total Cost": 2699912.03, "Plan Rows": 10, "Plan Width": 36, "Plans": [{"Node Type": "Sort", "Parent Relationship": "Outer", "Startup Cost": 2699912.01, "Total Cost": 2708810.13, "Plan Rows": 10, "Plan Width": 36, "Sort Key": ["(sum((lineitem.l_extendedprice * (1::double precision - lineitem.l_discount)))) DESC", "orders.o_orderdate"], "Plans": [{"Node Type": "Aggregate", "Strategy": "Hashed", "Parent Relationship": "Outer", "Startup Cost": 2587405.49, "Total Cost": 2622997.96, "Plan Rows": 3559247, "Plan Width": 36, "Group By Key": ["lineitem.l_orderkey", "orders.o_orderdate", "orders.o_shippriority"], "Plans": [{"Node Type": "Nested Loop", "Parent Relationship": "Outer", "Join Type": "Inner", "Startup Cost": 0.0, "Total Cost": 2534016.78, "Plan Rows": 3559247, "Plan Width": 36, "Inner Unique": false, "Plans": [{"Node Type": "Nested Loop", "Parent Relationship": "Outer", "Join Type": "Inner", "Startup Cost": 0.0, "Total Cost": 1529472.45, "Plan Rows": 715772, "Plan Width": 20, "Inner Unique": false, "Plans": [{"Node Type": "Index Scan", "Parent Relationship": "Outer", "Scan Direction": "Forward", "Index Name": "customer_pkey", "Relation Name": "customer", "Alias": "customer", "Startup Cost": 0.0, "Total Cost": 84515.36, "Plan Rows": 303948, "Plan Width": 8, "Filter": "(c_mktsegment = 'AUTOMOBILE'::bpchar), (LLVM Optimized)"}, {"Node Type": "Index Scan", "Parent Relationship": "Inner", "Scan Direction": "Forward", "Index Name": "idx_orders_custkey", "Relation Name": "orders", "Alias": "orders", "Startup Cost": 0.0, "Total Cost": 4.73, "Plan Rows": 2, "Plan Width": 28, "Index Cond": "(o_custkey = customer.c_custkey)", "Filter": "(o_orderdate < '1995-03-13 00:00:00'::timestamp(0) without time zone)"}]}, {"Node Type": "Index Scan", "Parent Relationship": "Inner", "Scan Direction": "Forward", "Index Name": "idx_lineitem_orderkey", "Relation Name": "lineitem", "Alias": "lineitem", "Startup Cost": 0.0, "Total Cost": 1.35, "Plan Rows": 5, "Plan Width": 24, "Index Cond": "(l_orderkey = orders.o_orderkey)", "Filter": "(l_shipdate > '1995-03-13 00:00:00'::timestamp(0) without time zone)"}]}]}]}]}, "Unique SQL Id": 3929762122, "Planner Runtime": 1}, "explain_analyze_plan": {"Plan": {"Node Type": "Limit", "Startup Cost": 2699912.01, "Total Cost": 2699912.03, "Plan Rows": 10, "Plan Width": 36, "Actual Startup Time": 28682.927, "Actual Total Time": 28682.93, "Actual Rows": 10, "Actual Loops": 1, "Plans": [{"Node Type": "Sort", "Parent Relationship": "Outer", "Startup Cost": 2699912.01, "Total Cost": 2708810.13, "Plan Rows": 10, "Plan Width": 36, "Actual Startup Time": 28682.924, "Actual Total Time": 28682.927, "Actual Rows": 10, "Actual Loops": 1, "Sort Key": ["(sum((lineitem.l_extendedprice * (1::double precision - lineitem.l_discount)))) DESC", "orders.o_orderdate"], "Sort Method": "top-N heapsort", "Sort Space Used": 26, "Sort Space Type": "Memory", "Plans": [{"Node Type": "Aggregate", "Strategy": "Hashed", "Parent Relationship": "Outer", "Startup Cost": 2587405.49, "Total Cost": 2622997.96, "Plan Rows": 3559247, "Plan Width": 36, "Actual Startup Time": 28589.273, "Actual Total Time": 28655.673, "Actual Rows": 113719, "Actual Loops": 1, "Group By Key": ["lineitem.l_orderkey", "orders.o_orderdate", "orders.o_shippriority"], "Plans": [{"Node Type": "Nested Loop", "Parent Relationship": "Outer", "Join Type": "Inner", "Startup Cost": 0.0, "Total Cost": 2534016.78, "Plan Rows": 3559247, "Plan Width": 36, "Actual Startup Time": 0.188, "Actual Total Time": 28265.178, "Actual Rows": 300219, "Actual Loops": 1, "Inner Unique": false, "Plans": [{"Node Type": "Nested Loop", "Parent Relationship": "Outer", "Join Type": "Inner", "Startup Cost": 0.0, "Total Cost": 1529472.45, "Plan Rows": 715772, "Plan Width": 20, "Actual Startup Time": 0.091, "Actual Total Time": 10349.336, "Actual Rows": 1455173, "Actual Loops": 1, "Inner Unique": false, "Plans": [{"Node Type": "Index Scan", "Parent Relationship": "Outer", "Scan Direction": "Forward", "Index Name": "customer_pkey", "Relation Name": "customer", "Alias": "customer", "Startup Cost": 0.0, "Total Cost": 84515.36, "Plan Rows": 303948, "Plan Width": 8, "Actual Startup Time": 0.064, "Actual Total Time": 1190.084, "Actual Rows": 300036, "Actual Loops": 1, "Filter": "(c_mktsegment = 'AUTOMOBILE'::bpchar), (LLVM Optimized, Jit Execute)", "Rows Removed by Filter": 1199964}, {"Node Type": "Index Scan", "Parent Relationship": "Inner", "Scan Direction": "Forward", "Index Name": "idx_orders_custkey", "Relation Name": "orders", "Alias": "orders", "Startup Cost": 0.0, "Total Cost": 4.73, "Plan Rows": 2, "Plan Width": 28, "Actual Startup Time": 2137.39, "Actual Total Time": 8636.858, "Actual Rows": 1455173, "Actual Loops": 300036, "Index Cond": "(o_custkey = customer.c_custkey)", "Rows Removed by Index Recheck": 0, "Filter": "(o_orderdate < '1995-03-13 00:00:00'::timestamp(0) without time zone)", "Rows Removed by Filter": 1545367}]}, {"Node Type": "Index Scan", "Parent Relationship": "Inner", "Scan Direction": "Forward", "Index Name": "idx_lineitem_orderkey", "Relation Name": "lineitem", "Alias": "lineitem", "Startup Cost": 0.0, "Total Cost": 1.35, "Plan Rows": 5, "Plan Width": 24, "Actual Startup Time": 16806.131, "Actual Total Time": 17097.677, "Actual Rows": 300219, "Actual Loops": 1455173, "Index Cond": "(l_orderkey = orders.o_orderkey)", "Rows Removed by Index Recheck": 0, "Filter": "(l_shipdate > '1995-03-13 00:00:00'::timestamp(0) without time zone)", "Rows Removed by Filter": 5519788}]}]}]}]}, "Triggers": [], "Planner Runtime": 1.026, "Total Runtime": 28692.282, "Unique SQL Id": 3929762122}}, "(1, '26')": {"explain_plan": {"Plan": {"Node Type": "Limit", "Startup Cost": 8099438.49, "Total Cost": 8099438.52, "Plan Rows": 10, "Plan Width": 36, "Plans": [{"Node Type": "Sort", "Parent Relationship": "Outer", "Startup Cost": 8099438.49, "Total Cost": 8108336.61, "Plan Rows": 10, "Plan Width": 36, "Sort Key": ["(sum((lineitem.l_extendedprice * (1::double precision - lineitem.l_discount)))) DESC", "orders.o_orderdate"], "Plans": [{"Node Type": "Aggregate", "Strategy": "Hashed", "Parent Relationship": "Outer", "Startup Cost": 7986931.98, "Total Cost": 8022524.45, "Plan Rows": 3559247, "Plan Width": 36, "Group By Key": ["lineitem.l_orderkey", "orders.o_orderdate", "orders.o_shippriority"], "Plans": [{"Node Type": "Merge Join", "Parent Relationship": "Outer", "Join Type": "Inner", "Startup Cost": 7731288.7, "Total Cost": 7933543.27, "Plan Rows": 3559247, "Plan Width": 36, "Inner Unique": false, "Merge Cond": "(orders.o_orderkey = lineitem.l_orderkey)", "Plans": [{"Node Type": "Sort", "Parent Relationship": "Outer", "Startup Cost": 1495720.26, "Total Cost": 1497509.69, "Plan Rows": 715772, "Plan Width": 20, "Sort Key": ["orders.o_orderkey"], "Plans": [{"Node Type": "Merge Join", "Parent Relationship": "Outer", "Join Type": "Inner", "Startup Cost": 1380887.19, "Total Cost": 1426114.5, "Plan Rows": 715772, "Plan Width": 20, "Inner Unique": false, "Merge Cond": "(customer.c_custkey = orders.o_custkey)", "Plans": [{"Node Type": "Sort", "Parent Relationship": "Outer", "Startup Cost": 83555.73, "Total Cost": 84315.6, "Plan Rows": 303948, "Plan Width": 8, "Sort Key": ["customer.c_custkey"], "Plans": [{"Node Type": "Seq Scan", "Parent Relationship": "Outer", "Relation Name": "customer", "Alias": "customer", "Startup Cost": 0.0, "Total Cost": 55876.0, "Plan Rows": 303948, "Plan Width": 8, "Filter": "(c_mktsegment = 'AUTOMOBILE'::bpchar), (LLVM Optimized)"}]}, {"Node Type": "Sort", "Parent Relationship": "Inner", "Startup Cost": 1297331.42, "Total Cost": 1315606.97, "Plan Rows": 7310217, "Plan Width": 28, "Sort Key": ["orders.o_custkey"], "Plans": [{"Node Type": "Seq Scan", "Parent Relationship": "Outer", "Relation Name": "orders", "Alias": "orders", "Startup Cost": 386.46, "Total Cost": 463912.49, "Plan Rows": 7310217, "Plan Width": 28, "Filter": "(o_orderdate < '1995-03-13 00:00:00'::timestamp(0) without time zone), (LLVM Optimized)"}]}]}]}, {"Node Type": "Sort", "Parent Relationship": "Inner", "Startup Cost": 6235568.32, "Total Cost": 6317111.33, "Plan Rows": 32617206, "Plan Width": 24, "Sort Key": ["lineitem.l_orderkey"], "Plans": [{"Node Type": "Seq Scan", "Parent Relationship": "Outer", "Relation Name": "lineitem", "Alias": "lineitem", "Startup Cost": 0.0, "Total Cost": 2165082.91, "Plan Rows": 32617206, "Plan Width": 24, "Filter": "(l_shipdate > '1995-03-13 00:00:00'::timestamp(0) without time zone), (LLVM Optimized)"}]}]}]}]}]}, "Unique SQL Id": 3929762122, "Planner Runtime": 1}, "explain_analyze_plan": null}, "(1, '27')": {"explain_plan": {"Plan": {"Node Type": "Limit", "Startup Cost": 3000459122385.72, "Total Cost": 3000459122385.74, "Plan Rows": 10, "Plan Width": 36, "Plans": [{"Node Type": "Sort", "Parent Relationship": "Outer", "Startup Cost": 3000459122385.72, "Total Cost": 3000459131283.84, "Plan Rows": 10, "Plan Width": 36, "Sort Key": ["(sum((lineitem.l_extendedprice * (1::double precision - lineitem.l_discount)))) DESC", "orders.o_orderdate"], "Plans": [{"Node Type": "Aggregate", "Strategy": "Hashed", "Parent Relationship": "Outer", "Startup Cost": 3000459009879.2, "Total Cost": 3000459045471.67, "Plan Rows": 3559247, "Plan Width": 36, "Group By Key": ["lineitem.l_orderkey", "orders.o_orderdate", "orders.o_shippriority"], "Plans": [{"Node Type": "Merge Join", "Parent Relationship": "Outer", "Join Type": "Inner", "Startup Cost": 2010135976480.1, "Total Cost": 3000458956490.5, "Plan Rows": 3559247, "Plan Width": 36, "Inner Unique": false, "Merge Cond": "(orders.o_orderkey = lineitem.l_orderkey)", "Plans": [{"Node Type": "Sort", "Parent Relationship": "Outer", "Startup Cost": 2000135976479.97, "Total Cost": 2000135978269.4, "Plan Rows": 715772, "Plan Width": 20, "Sort Key": ["orders.o_orderkey"], "Plans": [{"Node Type": "Merge Join", "Parent Relationship": "Outer", "Join Type": "Inner", "Startup Cost": 20026057311.18, "Total Cost": 2000135906874.22, "Plan Rows": 715772, "Plan Width": 20, "Inner Unique": false, "Merge Cond": "(customer.c_custkey = orders.o_custkey)", "Plans": [{"Node Type": "Index Scan", "Parent Relationship": "Outer", "Scan Direction": "Forward", "Index Name": "customer_pkey", "Relation Name": "customer", "Alias": "customer", "Startup Cost": 10000000000.0, "Total Cost": 1000008451535.62, "Plan Rows": 303948, "Plan Width": 8, "Filter": "(c_mktsegment = 'AUTOMOBILE'::bpchar), (LLVM Optimized)"}, {"Node Type": "Index Scan", "Parent Relationship": "Inner", "Scan Direction": "Forward", "Index Name": "idx_orders_custkey", "Relation Name": "orders", "Alias": "orders", "Startup Cost": 10000000000.0, "Total Cost": 1000159801398.83, "Plan Rows": 7310217, "Plan Width": 28, "Filter": "(o_orderdate < '1995-03-13 00:00:00'::timestamp(0) without time zone), (LLVM Optimized)"}]}]}, {"Node Type": "Index Scan", "Parent Relationship": "Inner", "Scan Direction": "Forward", "Index Name": "idx_lineitem_orderkey", "Relation Name": "lineitem", "Alias": "lineitem", "Startup Cost": 10000000000.0, "Total Cost": 1000339012132.75, "Plan Rows": 32617206, "Plan Width": 24, "Filter": "(l_shipdate > '1995-03-13 00:00:00'::timestamp(0) without time zone), (LLVM Optimized)"}]}]}]}]}, "Unique SQL Id": 3929762122, "Planner Runtime": 1}, "explain_analyze_plan": null}, "(1, '28')": {"explain_plan": {"Plan": {"Node Type": "Limit", "Startup Cost": 2596753.82, "Total Cost": 2596753.85, "Plan Rows": 10, "Plan Width": 36, "Plans": [{"Node Type": "Sort", "Parent Relationship": "Outer", "Startup Cost": 2596753.82, "Total Cost": 2605651.94, "Plan Rows": 10, "Plan Width": 36, "Sort Key": ["(sum((lineitem.l_extendedprice * (1::double precision - lineitem.l_discount)))) DESC", "orders.o_orderdate"], "Plans": [{"Node Type": "Aggregate", "Strategy": "Hashed", "Parent Relationship": "Outer", "Startup Cost": 2484247.3, "Total Cost": 2519839.77, "Plan Rows": 3559247, "Plan Width": 36, "Group By Key": ["lineitem.l_orderkey", "orders.o_orderdate", "orders.o_shippriority"], "Plans": [{"Node Type": "Nested Loop", "Parent Relationship": "Outer", "Join Type": "Inner", "Startup Cost": 1297333.67, "Total Cost": 2430858.6, "Plan Rows": 3559247, "Plan Width": 36, "Inner Unique": false, "Plans": [{"Node Type": "Merge Join", "Parent Relationship": "Outer", "Join Type": "Inner", "Startup Cost": 1297333.67, "Total Cost": 1426314.26, "Plan Rows": 715772, "Plan Width": 20, "Inner Unique": false, "Merge Cond": "(customer.c_custkey = orders.o_custkey)", "Plans": [{"Node Type": "Index Scan", "Parent Relationship": "Outer", "Scan Direction": "Forward", "Index Name": "customer_pkey", "Relation Name": "customer", "Alias": "customer", "Startup Cost": 0.0, "Total Cost": 84515.36, "Plan Rows": 303948, "Plan Width": 8, "Filter": "(c_mktsegment = 'AUTOMOBILE'::bpchar), (LLVM Optimized)"}, {"Node Type": "Sort", "Parent Relationship": "Inner", "Startup Cost": 1297331.42, "Total Cost": 1315606.97, "Plan Rows": 7310217, "Plan Width": 28, "Sort Key": ["orders.o_custkey"], "Plans": [{"Node Type": "Seq Scan", "Parent Relationship": "Outer", "Relation Name": "orders", "Alias": "orders", "Startup Cost": 386.46, "Total Cost": 463912.49, "Plan Rows": 7310217, "Plan Width": 28, "Filter": "(o_orderdate < '1995-03-13 00:00:00'::timestamp(0) without time zone), (LLVM Optimized)"}]}]}, {"Node Type": "Index Scan", "Parent Relationship": "Inner", "Scan Direction": "Forward", "Index Name": "idx_lineitem_orderkey", "Relation Name": "lineitem", "Alias": "lineitem", "Startup Cost": 0.0, "Total Cost": 1.35, "Plan Rows": 5, "Plan Width": 24, "Index Cond": "(l_orderkey = orders.o_orderkey)", "Filter": "(l_shipdate > '1995-03-13 00:00:00'::timestamp(0) without time zone)"}]}]}]}]}, "Unique SQL Id": 3929762122, "Planner Runtime": 1}, "explain_analyze_plan": {"Plan": {"Node Type": "Limit", "Startup Cost": 2596753.82, "Total Cost": 2596753.85, "Plan Rows": 10, "Plan Width": 36, "Actual Startup Time": 32725.592, "Actual Total Time": 32725.594, "Actual Rows": 10, "Actual Loops": 1, "Plans": [{"Node Type": "Sort", "Parent Relationship": "Outer", "Startup Cost": 2596753.82, "Total Cost": 2605651.94, "Plan Rows": 10, "Plan Width": 36, "Actual Startup Time": 32725.588, "Actual Total Time": 32725.589, "Actual Rows": 10, "Actual Loops": 1, "Sort Key": ["(sum((lineitem.l_extendedprice * (1::double precision - lineitem.l_discount)))) DESC", "orders.o_orderdate"], "Sort Method": "top-N heapsort", "Sort Space Used": 26, "Sort Space Type": "Memory", "Plans": [{"Node Type": "Aggregate", "Strategy": "Hashed", "Parent Relationship": "Outer", "Startup Cost": 2484247.3, "Total Cost": 2519839.77, "Plan Rows": 3559247, "Plan Width": 36, "Actual Startup Time": 32632.763, "Actual Total Time": 32698.205, "Actual Rows": 113719, "Actual Loops": 1, "Group By Key": ["lineitem.l_orderkey", "orders.o_orderdate", "orders.o_shippriority"], "Plans": [{"Node Type": "Nested Loop", "Parent Relationship": "Outer", "Join Type": "Inner", "Startup Cost": 1297333.67, "Total Cost": 2430858.6, "Plan Rows": 3559247, "Plan Width": 36, "Actual Startup Time": 8398.072, "Actual Total Time": 32297.727, "Actual Rows": 300219, "Actual Loops": 1, "Inner Unique": false, "Plans": [{"Node Type": "Merge Join", "Parent Relationship": "Outer", "Join Type": "Inner", "Startup Cost": 1297333.67, "Total Cost": 1426314.26, "Plan Rows": 715772, "Plan Width": 20, "Actual Startup Time": 8397.847, "Actual Total Time": 13321.034, "Actual Rows": 1455173, "Actual Loops": 1, "Inner Unique": false, "Merge Cond": "(customer.c_custkey = orders.o_custkey)", "Plans": [{"Node Type": "Index Scan", "Parent Relationship": "Outer", "Scan Direction": "Forward", "Index Name": "customer_pkey", "Relation Name": "customer", "Alias": "customer", "Startup Cost": 0.0, "Total Cost": 84515.36, "Plan Rows": 303948, "Plan Width": 8, "Actual Startup Time": 0.065, "Actual Total Time": 1235.814, "Actual Rows": 300036, "Actual Loops": 1, "Filter": "(c_mktsegment = 'AUTOMOBILE'::bpchar), (LLVM Optimized, Jit Execute)", "Rows Removed by Filter": 1199964}, {"Node Type": "Sort", "Parent Relationship": "Inner", "Startup Cost": 1297331.42, "Total Cost": 1315606.97, "Plan Rows": 7310217, "Plan Width": 28, "Actual Startup Time": 8397.759, "Actual Total Time": 10665.765, "Actual Rows": 7276927, "Actual Loops": 1, "Sort Key": ["orders.o_custkey"], "Sort Method": "quicksort", "Sort Space Used": 878822, "Sort Space Type": "Memory", "Plans": [{"Node Type": "Seq Scan", "Parent Relationship": "Outer", "Relation Name": "orders", "Alias": "orders", "Startup Cost": 386.46, "Total Cost": 463912.49, "Plan Rows": 7310217, "Plan Width": 28, "Actual Startup Time": 0.039, "Actual Total Time": 5266.222, "Actual Rows": 7276947, "Actual Loops": 1, "Filter": "(o_orderdate < '1995-03-13 00:00:00'::timestamp(0) without time zone), (LLVM Optimized, Jit Execute)", "Rows Removed by Filter": 7723053}]}]}, {"Node Type": "Index Scan", "Parent Relationship": "Inner", "Scan Direction": "Forward", "Index Name": "idx_lineitem_orderkey", "Relation Name": "lineitem", "Alias": "lineitem", "Startup Cost": 0.0, "Total Cost": 1.35, "Plan Rows": 5, "Plan Width": 24, "Actual Startup Time": 17849.344, "Actual Total Time": 18156.174, "Actual Rows": 300219, "Actual Loops": 1455173, "Index Cond": "(l_orderkey = orders.o_orderkey)", "Rows Removed by Index Recheck": 0, "Filter": "(l_shipdate > '1995-03-13 00:00:00'::timestamp(0) without time zone)", "Rows Removed by Filter": 5519788}]}]}]}]}, "Triggers": [], "Planner Runtime": 1.055, "Total Runtime": 32735.185, "Unique SQL Id": 3929762122}}, "(1, '29')": {"explain_plan": {"Plan": {"Node Type": "Limit", "Startup Cost": 2699912.01, "Total Cost": 2699912.03, "Plan Rows": 10, "Plan Width": 36, "Plans": [{"Node Type": "Sort", "Parent Relationship": "Outer", "Startup Cost": 2699912.01, "Total Cost": 2708810.13, "Plan Rows": 10, "Plan Width": 36, "Sort Key": ["(sum((lineitem.l_extendedprice * (1::double precision - lineitem.l_discount)))) DESC", "orders.o_orderdate"], "Plans": [{"Node Type": "Aggregate", "Strategy": "Hashed", "Parent Relationship": "Outer", "Startup Cost": 2587405.49, "Total Cost": 2622997.96, "Plan Rows": 3559247, "Plan Width": 36, "Group By Key": ["lineitem.l_orderkey", "orders.o_orderdate", "orders.o_shippriority"], "Plans": [{"Node Type": "Nested Loop", "Parent Relationship": "Outer", "Join Type": "Inner", "Startup Cost": 0.0, "Total Cost": 2534016.78, "Plan Rows": 3559247, "Plan Width": 36, "Inner Unique": false, "Plans": [{"Node Type": "Nested Loop", "Parent Relationship": "Outer", "Join Type": "Inner", "Startup Cost": 0.0, "Total Cost": 1529472.45, "Plan Rows": 715772, "Plan Width": 20, "Inner Unique": false, "Plans": [{"Node Type": "Index Scan", "Parent Relationship": "Outer", "Scan Direction": "Forward", "Index Name": "customer_pkey", "Relation Name": "customer", "Alias": "customer", "Startup Cost": 0.0, "Total Cost": 84515.36, "Plan Rows": 303948, "Plan Width": 8, "Filter": "(c_mktsegment = 'AUTOMOBILE'::bpchar), (LLVM Optimized)"}, {"Node Type": "Index Scan", "Parent Relationship": "Inner", "Scan Direction": "Forward", "Index Name": "idx_orders_custkey", "Relation Name": "orders", "Alias": "orders", "Startup Cost": 0.0, "Total Cost": 4.73, "Plan Rows": 2, "Plan Width": 28, "Index Cond": "(o_custkey = customer.c_custkey)", "Filter": "(o_orderdate < '1995-03-13 00:00:00'::timestamp(0) without time zone)"}]}, {"Node Type": "Index Scan", "Parent Relationship": "Inner", "Scan Direction": "Forward", "Index Name": "idx_lineitem_orderkey", "Relation Name": "lineitem", "Alias": "lineitem", "Startup Cost": 0.0, "Total Cost": 1.35, "Plan Rows": 5, "Plan Width": 24, "Index Cond": "(l_orderkey = orders.o_orderkey)", "Filter": "(l_shipdate > '1995-03-13 00:00:00'::timestamp(0) without time zone)"}]}]}]}]}, "Unique SQL Id": 3929762122, "Planner Runtime": 1}, "explain_analyze_plan": {"Plan": {"Node Type": "Limit", "Startup Cost": 2699912.01, "Total Cost": 2699912.03, "Plan Rows": 10, "Plan Width": 36, "Actual Startup Time": 28682.927, "Actual Total Time": 28682.93, "Actual Rows": 10, "Actual Loops": 1, "Plans": [{"Node Type": "Sort", "Parent Relationship": "Outer", "Startup Cost": 2699912.01, "Total Cost": 2708810.13, "Plan Rows": 10, "Plan Width": 36, "Actual Startup Time": 28682.924, "Actual Total Time": 28682.927, "Actual Rows": 10, "Actual Loops": 1, "Sort Key": ["(sum((lineitem.l_extendedprice * (1::double precision - lineitem.l_discount)))) DESC", "orders.o_orderdate"], "Sort Method": "top-N heapsort", "Sort Space Used": 26, "Sort Space Type": "Memory", "Plans": [{"Node Type": "Aggregate", "Strategy": "Hashed", "Parent Relationship": "Outer", "Startup Cost": 2587405.49, "Total Cost": 2622997.96, "Plan Rows": 3559247, "Plan Width": 36, "Actual Startup Time": 28589.273, "Actual Total Time": 28655.673, "Actual Rows": 113719, "Actual Loops": 1, "Group By Key": ["lineitem.l_orderkey", "orders.o_orderdate", "orders.o_shippriority"], "Plans": [{"Node Type": "Nested Loop", "Parent Relationship": "Outer", "Join Type": "Inner", "Startup Cost": 0.0, "Total Cost": 2534016.78, "Plan Rows": 3559247, "Plan Width": 36, "Actual Startup Time": 0.188, "Actual Total Time": 28265.178, "Actual Rows": 300219, "Actual Loops": 1, "Inner Unique": false, "Plans": [{"Node Type": "Nested Loop", "Parent Relationship": "Outer", "Join Type": "Inner", "Startup Cost": 0.0, "Total Cost": 1529472.45, "Plan Rows": 715772, "Plan Width": 20, "Actual Startup Time": 0.091, "Actual Total Time": 10349.336, "Actual Rows": 1455173, "Actual Loops": 1, "Inner Unique": false, "Plans": [{"Node Type": "Index Scan", "Parent Relationship": "Outer", "Scan Direction": "Forward", "Index Name": "customer_pkey", "Relation Name": "customer", "Alias": "customer", "Startup Cost": 0.0, "Total Cost": 84515.36, "Plan Rows": 303948, "Plan Width": 8, "Actual Startup Time": 0.064, "Actual Total Time": 1190.084, "Actual Rows": 300036, "Actual Loops": 1, "Filter": "(c_mktsegment = 'AUTOMOBILE'::bpchar), (LLVM Optimized, Jit Execute)", "Rows Removed by Filter": 1199964}, {"Node Type": "Index Scan", "Parent Relationship": "Inner", "Scan Direction": "Forward", "Index Name": "idx_orders_custkey", "Relation Name": "orders", "Alias": "orders", "Startup Cost": 0.0, "Total Cost": 4.73, "Plan Rows": 2, "Plan Width": 28, "Actual Startup Time": 2137.39, "Actual Total Time": 8636.858, "Actual Rows": 1455173, "Actual Loops": 300036, "Index Cond": "(o_custkey = customer.c_custkey)", "Rows Removed by Index Recheck": 0, "Filter": "(o_orderdate < '1995-03-13 00:00:00'::timestamp(0) without time zone)", "Rows Removed by Filter": 1545367}]}, {"Node Type": "Index Scan", "Parent Relationship": "Inner", "Scan Direction": "Forward", "Index Name": "idx_lineitem_orderkey", "Relation Name": "lineitem", "Alias": "lineitem", "Startup Cost": 0.0, "Total Cost": 1.35, "Plan Rows": 5, "Plan Width": 24, "Actual Startup Time": 16806.131, "Actual Total Time": 17097.677, "Actual Rows": 300219, "Actual Loops": 1455173, "Index Cond": "(l_orderkey = orders.o_orderkey)", "Rows Removed by Index Recheck": 0, "Filter": "(l_shipdate > '1995-03-13 00:00:00'::timestamp(0) without time zone)", "Rows Removed by Filter": 5519788}]}]}]}]}, "Triggers": [], "Planner Runtime": 1.026, "Total Runtime": 28692.282, "Unique SQL Id": 3929762122}}, "(1, '30')": {"explain_plan": {"Plan": {"Node Type": "Limit", "Startup Cost": 8099438.49, "Total Cost": 8099438.52, "Plan Rows": 10, "Plan Width": 36, "Plans": [{"Node Type": "Sort", "Parent Relationship": "Outer", "Startup Cost": 8099438.49, "Total Cost": 8108336.61, "Plan Rows": 10, "Plan Width": 36, "Sort Key": ["(sum((lineitem.l_extendedprice * (1::double precision - lineitem.l_discount)))) DESC", "orders.o_orderdate"], "Plans": [{"Node Type": "Aggregate", "Strategy": "Hashed", "Parent Relationship": "Outer", "Startup Cost": 7986931.98, "Total Cost": 8022524.45, "Plan Rows": 3559247, "Plan Width": 36, "Group By Key": ["lineitem.l_orderkey", "orders.o_orderdate", "orders.o_shippriority"], "Plans": [{"Node Type": "Merge Join", "Parent Relationship": "Outer", "Join Type": "Inner", "Startup Cost": 7731288.7, "Total Cost": 7933543.27, "Plan Rows": 3559247, "Plan Width": 36, "Inner Unique": false, "Merge Cond": "(orders.o_orderkey = lineitem.l_orderkey)", "Plans": [{"Node Type": "Sort", "Parent Relationship": "Outer", "Startup Cost": 1495720.26, "Total Cost": 1497509.69, "Plan Rows": 715772, "Plan Width": 20, "Sort Key": ["orders.o_orderkey"], "Plans": [{"Node Type": "Merge Join", "Parent Relationship": "Outer", "Join Type": "Inner", "Startup Cost": 1380887.19, "Total Cost": 1426114.5, "Plan Rows": 715772, "Plan Width": 20, "Inner Unique": false, "Merge Cond": "(customer.c_custkey = orders.o_custkey)", "Plans": [{"Node Type": "Sort", "Parent Relationship": "Outer", "Startup Cost": 83555.73, "Total Cost": 84315.6, "Plan Rows": 303948, "Plan Width": 8, "Sort Key": ["customer.c_custkey"], "Plans": [{"Node Type": "Seq Scan", "Parent Relationship": "Outer", "Relation Name": "customer", "Alias": "customer", "Startup Cost": 0.0, "Total Cost": 55876.0, "Plan Rows": 303948, "Plan Width": 8, "Filter": "(c_mktsegment = 'AUTOMOBILE'::bpchar), (LLVM Optimized)"}]}, {"Node Type": "Sort", "Parent Relationship": "Inner", "Startup Cost": 1297331.42, "Total Cost": 1315606.97, "Plan Rows": 7310217, "Plan Width": 28, "Sort Key": ["orders.o_custkey"], "Plans": [{"Node Type": "Seq Scan", "Parent Relationship": "Outer", "Relation Name": "orders", "Alias": "orders", "Startup Cost": 386.46, "Total Cost": 463912.49, "Plan Rows": 7310217, "Plan Width": 28, "Filter": "(o_orderdate < '1995-03-13 00:00:00'::timestamp(0) without time zone), (LLVM Optimized)"}]}]}]}, {"Node Type": "Sort", "Parent Relationship": "Inner", "Startup Cost": 6235568.32, "Total Cost": 6317111.33, "Plan Rows": 32617206, "Plan Width": 24, "Sort Key": ["lineitem.l_orderkey"], "Plans": [{"Node Type": "Seq Scan", "Parent Relationship": "Outer", "Relation Name": "lineitem", "Alias": "lineitem", "Startup Cost": 0.0, "Total Cost": 2165082.91, "Plan Rows": 32617206, "Plan Width": 24, "Filter": "(l_shipdate > '1995-03-13 00:00:00'::timestamp(0) without time zone), (LLVM Optimized)"}]}]}]}]}]}, "Unique SQL Id": 3929762122, "Planner Runtime": 1}, "explain_analyze_plan": null}, "(1, '31')": {"explain_plan": {"Plan": {"Node Type": "Limit", "Startup Cost": 3000459122385.72, "Total Cost": 3000459122385.74, "Plan Rows": 10, "Plan Width": 36, "Plans": [{"Node Type": "Sort", "Parent Relationship": "Outer", "Startup Cost": 3000459122385.72, "Total Cost": 3000459131283.84, "Plan Rows": 10, "Plan Width": 36, "Sort Key": ["(sum((lineitem.l_extendedprice * (1::double precision - lineitem.l_discount)))) DESC", "orders.o_orderdate"], "Plans": [{"Node Type": "Aggregate", "Strategy": "Hashed", "Parent Relationship": "Outer", "Startup Cost": 3000459009879.2, "Total Cost": 3000459045471.67, "Plan Rows": 3559247, "Plan Width": 36, "Group By Key": ["lineitem.l_orderkey", "orders.o_orderdate", "orders.o_shippriority"], "Plans": [{"Node Type": "Merge Join", "Parent Relationship": "Outer", "Join Type": "Inner", "Startup Cost": 2010135976480.1, "Total Cost": 3000458956490.5, "Plan Rows": 3559247, "Plan Width": 36, "Inner Unique": false, "Merge Cond": "(orders.o_orderkey = lineitem.l_orderkey)", "Plans": [{"Node Type": "Sort", "Parent Relationship": "Outer", "Startup Cost": 2000135976479.97, "Total Cost": 2000135978269.4, "Plan Rows": 715772, "Plan Width": 20, "Sort Key": ["orders.o_orderkey"], "Plans": [{"Node Type": "Merge Join", "Parent Relationship": "Outer", "Join Type": "Inner", "Startup Cost": 20026057311.18, "Total Cost": 2000135906874.22, "Plan Rows": 715772, "Plan Width": 20, "Inner Unique": false, "Merge Cond": "(customer.c_custkey = orders.o_custkey)", "Plans": [{"Node Type": "Index Scan", "Parent Relationship": "Outer", "Scan Direction": "Forward", "Index Name": "customer_pkey", "Relation Name": "customer", "Alias": "customer", "Startup Cost": 10000000000.0, "Total Cost": 1000008451535.62, "Plan Rows": 303948, "Plan Width": 8, "Filter": "(c_mktsegment = 'AUTOMOBILE'::bpchar), (LLVM Optimized)"}, {"Node Type": "Index Scan", "Parent Relationship": "Inner", "Scan Direction": "Forward", "Index Name": "idx_orders_custkey", "Relation Name": "orders", "Alias": "orders", "Startup Cost": 10000000000.0, "Total Cost": 1000159801398.83, "Plan Rows": 7310217, "Plan Width": 28, "Filter": "(o_orderdate < '1995-03-13 00:00:00'::timestamp(0) without time zone), (LLVM Optimized)"}]}]}, {"Node Type": "Index Scan", "Parent Relationship": "Inner", "Scan Direction": "Forward", "Index Name": "idx_lineitem_orderkey", "Relation Name": "lineitem", "Alias": "lineitem", "Startup Cost": 10000000000.0, "Total Cost": 1000339012132.75, "Plan Rows": 32617206, "Plan Width": 24, "Filter": "(l_shipdate > '1995-03-13 00:00:00'::timestamp(0) without time zone), (LLVM Optimized)"}]}]}]}]}, "Unique SQL Id": 3929762122, "Planner Runtime": 1}, "explain_analyze_plan": null}, "(1, '32')": {"explain_plan": {"Plan": {"Node Type": "Limit", "Startup Cost": 1728598.43, "Total Cost": 1728598.46, "Plan Rows": 10, "Plan Width": 36, "Plans": [{"Node Type": "Sort", "Parent Relationship": "Outer", "Startup Cost": 1728598.43, "Total Cost": 1737496.55, "Plan Rows": 10, "Plan Width": 36, "Sort Key": ["(sum((lineitem.l_extendedprice * (1::double precision - lineitem.l_discount)))) DESC", "orders.o_orderdate"], "Plans": [{"Node Type": "Aggregate", "Strategy": "Hashed", "Parent Relationship": "Outer", "Startup Cost": 1616091.91, "Total Cost": 1651684.38, "Plan Rows": 3559247, "Plan Width": 36, "Group By Key": ["lineitem.l_orderkey", "orders.o_orderdate", "orders.o_shippriority"], "Plans": [{"Node Type": "Nested Loop", "Parent Relationship": "Outer", "Join Type": "Inner", "Startup Cost": 60061.81, "Total Cost": 1562703.21, "Plan Rows": 3559247, "Plan Width": 36, "Inner Unique": false, "Plans": [{"Node Type": "Hash Join", "Parent Relationship": "Outer", "Join Type": "Inner", "Startup Cost": 60061.81, "Total Cost": 558158.87, "Plan Rows": 715772, "Plan Width": 20, "Inner Unique": true, "Hash Cond": "(orders.o_custkey = customer.c_custkey), (LLVM Optimized)", "Plans": [{"Node Type": "Seq Scan", "Parent Relationship": "Outer", "Relation Name": "orders", "Alias": "orders", "Startup Cost": 386.46, "Total Cost": 463912.49, "Plan Rows": 7310217, "Plan Width": 28, "Filter": "(o_orderdate < '1995-03-13 00:00:00'::timestamp(0) without time zone), (LLVM Optimized)"}, {"Node Type": "Hash", "Parent Relationship": "Inner", "Startup Cost": 55876.0, "Total Cost": 55876.0, "Plan Rows": 303948, "Plan Width": 8, "Plans": [{"Node Type": "Seq Scan", "Parent Relationship": "Outer", "Relation Name": "customer", "Alias": "customer", "Startup Cost": 0.0, "Total Cost": 55876.0, "Plan Rows": 303948, "Plan Width": 8, "Filter": "(c_mktsegment = 'AUTOMOBILE'::bpchar), (LLVM Optimized)"}]}]}, {"Node Type": "Index Scan", "Parent Relationship": "Inner", "Scan Direction": "Forward", "Index Name": "idx_lineitem_orderkey", "Relation Name": "lineitem", "Alias": "lineitem", "Startup Cost": 0.0, "Total Cost": 1.35, "Plan Rows": 5, "Plan Width": 24, "Index Cond": "(l_orderkey = orders.o_orderkey)", "Filter": "(l_shipdate > '1995-03-13 00:00:00'::timestamp(0) without time zone)"}]}]}]}]}, "Unique SQL Id": 3929762122, "Planner Runtime": 0}, "explain_analyze_plan": {"Plan": {"Node Type": "Limit", "Startup Cost": 1728598.43, "Total Cost": 1728598.46, "Plan Rows": 10, "Plan Width": 36, "Actual Startup Time": 21120.337, "Actual Total Time": 21120.34, "Actual Rows": 10, "Actual Loops": 1, "Plans": [{"Node Type": "Sort", "Parent Relationship": "Outer", "Startup Cost": 1728598.43, "Total Cost": 1737496.55, "Plan Rows": 10, "Plan Width": 36, "Actual Startup Time": 21120.334, "Actual Total Time": 21120.335, "Actual Rows": 10, "Actual Loops": 1, "Sort Key": ["(sum((lineitem.l_extendedprice * (1::double precision - lineitem.l_discount)))) DESC", "orders.o_orderdate"], "Sort Method": "top-N heapsort", "Sort Space Used": 26, "Sort Space Type": "Memory", "Plans": [{"Node Type": "Aggregate", "Strategy": "Hashed", "Parent Relationship": "Outer", "Startup Cost": 1616091.91, "Total Cost": 1651684.38, "Plan Rows": 3559247, "Plan Width": 36, "Actual Startup Time": 21032.242, "Actual Total Time": 21092.975, "Actual Rows": 113719, "Actual Loops": 1, "Group By Key": ["lineitem.l_orderkey", "orders.o_orderdate", "orders.o_shippriority"], "Plans": [{"Node Type": "Nested Loop", "Parent Relationship": "Outer", "Join Type": "Inner", "Startup Cost": 60061.81, "Total Cost": 1562703.21, "Plan Rows": 3559247, "Plan Width": 36, "Actual Startup Time": 739.304, "Actual Total Time": 20734.32, "Actual Rows": 300219, "Actual Loops": 1, "Inner Unique": false, "Plans": [{"Node Type": "Hash Join", "Parent Relationship": "Outer", "Join Type": "Inner", "Startup Cost": 60061.81, "Total Cost": 558158.87, "Plan Rows": 715772, "Plan Width": 20, "Actual Startup Time": 739.077, "Actual Total Time": 8940.97, "Actual Rows": 1455173, "Actual Loops": 1, "Inner Unique": true, "Hash Cond": "(orders.o_custkey = customer.c_custkey), (LLVM Optimized, Jit Execute)", "Plans": [{"Node Type": "Seq Scan", "Parent Relationship": "Outer", "Relation Name": "orders", "Alias": "orders", "Startup Cost": 386.46, "Total Cost": 463912.49, "Plan Rows": 7310217, "Plan Width": 28, "Actual Startup Time": 0.056, "Actual Total Time": 4941.534, "Actual Rows": 7276947, "Actual Loops": 1, "Filter": "(o_orderdate < '1995-03-13 00:00:00'::timestamp(0) without time zone), (LLVM Optimized, Jit Execute)", "Rows Removed by Filter": 7723053}, {"Node Type": "Hash", "Parent Relationship": "Inner", "Startup Cost": 55876.0, "Total Cost": 55876.0, "Plan Rows": 303948, "Plan Width": 8, "Actual Startup Time": 738.343, "Actual Total Time": 738.343, "Actual Rows": 300036, "Actual Loops": 1, "Hash Buckets": 524288, "Hash Batches": 1, "Original Hash Batches": 1, "Peak Memory Usage": 11721, "Plans": [{"Node Type": "Seq Scan", "Parent Relationship": "Outer", "Relation Name": "customer", "Alias": "customer", "Startup Cost": 0.0, "Total Cost": 55876.0, "Plan Rows": 303948, "Plan Width": 8, "Actual Startup Time": 0.021, "Actual Total Time": 643.423, "Actual Rows": 300036, "Actual Loops": 1, "Filter": "(c_mktsegment = 'AUTOMOBILE'::bpchar), (LLVM Optimized, Jit Execute)", "Rows Removed by Filter": 1199964}]}]}, {"Node Type": "Index Scan", "Parent Relationship": "Inner", "Scan Direction": "Forward", "Index Name": "idx_lineitem_orderkey", "Relation Name": "lineitem", "Alias": "lineitem", "Startup Cost": 0.0, "Total Cost": 1.35, "Plan Rows": 5, "Plan Width": 24, "Actual Startup Time": 10703.081, "Actual Total Time": 10988.174, "Actual Rows": 300219, "Actual Loops": 1455173, "Index Cond": "(l_orderkey = orders.o_orderkey)", "Rows Removed by Index Recheck": 0, "Filter": "(l_shipdate > '1995-03-13 00:00:00'::timestamp(0) without time zone)", "Rows Removed by Filter": 5519788}]}]}]}]}, "Triggers": [], "Planner Runtime": 1.233, "Total Runtime": 21130.306, "Unique SQL Id": 3929762122}}, "(1, '33')": {"explain_plan": {"Plan": {"Node Type": "Limit", "Startup Cost": 1829820.45, "Total Cost": 1829820.47, "Plan Rows": 10, "Plan Width": 36, "Plans": [{"Node Type": "Sort", "Parent Relationship": "Outer", "Startup Cost": 1829820.45, "Total Cost": 1838718.56, "Plan Rows": 10, "Plan Width": 36, "Sort Key": ["(sum((lineitem.l_extendedprice * (1::double precision - lineitem.l_discount)))) DESC", "orders.o_orderdate"], "Plans": [{"Node Type": "Aggregate", "Strategy": "Hashed", "Parent Relationship": "Outer", "Startup Cost": 1717313.93, "Total Cost": 1752906.4, "Plan Rows": 3559247, "Plan Width": 36, "Group By Key": ["lineitem.l_orderkey", "orders.o_orderdate", "orders.o_shippriority"], "Plans": [{"Node Type": "Nested Loop", "Parent Relationship": "Outer", "Join Type": "Inner", "Startup Cost": 257013.14, "Total Cost": 1663925.22, "Plan Rows": 3559247, "Plan Width": 36, "Inner Unique": false, "Plans": [{"Node Type": "Hash Join", "Parent Relationship": "Outer", "Join Type": "Inner", "Startup Cost": 257013.14, "Total Cost": 659380.88, "Plan Rows": 715772, "Plan Width": 20, "Inner Unique": true, "Hash Cond": "(orders.o_custkey = customer.c_custkey), (LLVM Optimized)", "Plans": [{"Node Type": "Bitmap Heap Scan", "Parent Relationship": "Outer", "Relation Name": "orders", "Alias": "orders", "Startup Cost": 168698.43, "Total Cost": 536495.14, "Plan Rows": 7310217, "Plan Width": 28, "Recheck Cond": "(o_orderdate < '1995-03-13 00:00:00'::timestamp(0) without time zone), (LLVM Optimized)", "Plans": [{"Node Type": "Bitmap Index Scan", "Parent Relationship": "Outer", "Index Name": "idx_orders_orderdate", "Startup Cost": 0.0, "Total Cost": 166870.88, "Plan Rows": 7310217, "Plan Width": 0, "Index Cond": "(o_orderdate < '1995-03-13 00:00:00'::timestamp(0) without time zone)"}]}, {"Node Type": "Hash", "Parent Relationship": "Inner", "Startup Cost": 84515.36, "Total Cost": 84515.36, "Plan Rows": 303948, "Plan Width": 8, "Plans": [{"Node Type": "Index Scan", "Parent Relationship": "Outer", "Scan Direction": "Forward", "Index Name": "customer_pkey", "Relation Name": "customer", "Alias": "customer", "Startup Cost": 0.0, "Total Cost": 84515.36, "Plan Rows": 303948, "Plan Width": 8, "Filter": "(c_mktsegment = 'AUTOMOBILE'::bpchar), (LLVM Optimized)"}]}]}, {"Node Type": "Index Scan", "Parent Relationship": "Inner", "Scan Direction": "Forward", "Index Name": "idx_lineitem_orderkey", "Relation Name": "lineitem", "Alias": "lineitem", "Startup Cost": 0.0, "Total Cost": 1.35, "Plan Rows": 5, "Plan Width": 24, "Index Cond": "(l_orderkey = orders.o_orderkey)", "Filter": "(l_shipdate > '1995-03-13 00:00:00'::timestamp(0) without time zone)"}]}]}]}]}, "Unique SQL Id": 3929762122, "Planner Runtime": 0}, "explain_analyze_plan": {"Plan": {"Node Type": "Limit", "Startup Cost": 1829820.45, "Total Cost": 1829820.47, "Plan Rows": 10, "Plan Width": 36, "Actual Startup Time": 22842.596, "Actual Total Time": 22842.599, "Actual Rows": 10, "Actual Loops": 1, "Plans": [{"Node Type": "Sort", "Parent Relationship": "Outer", "Startup Cost": 1829820.45, "Total Cost": 1838718.56, "Plan Rows": 10, "Plan Width": 36, "Actual Startup Time": 22842.593, "Actual Total Time": 22842.595, "Actual Rows": 10, "Actual Loops": 1, "Sort Key": ["(sum((lineitem.l_extendedprice * (1::double precision - lineitem.l_discount)))) DESC", "orders.o_orderdate"], "Sort Method": "top-N heapsort", "Sort Space Used": 26, "Sort Space Type": "Memory", "Plans": [{"Node Type": "Aggregate", "Strategy": "Hashed", "Parent Relationship": "Outer", "Startup Cost": 1717313.93, "Total Cost": 1752906.4, "Plan Rows": 3559247, "Plan Width": 36, "Actual Startup Time": 22737.205, "Actual Total Time": 22815.188, "Actual Rows": 113719, "Actual Loops": 1, "Group By Key": ["lineitem.l_orderkey", "orders.o_orderdate", "orders.o_shippriority"], "Plans": [{"Node Type": "Nested Loop", "Parent Relationship": "Outer", "Join Type": "Inner", "Startup Cost": 257013.14, "Total Cost": 1663925.22, "Plan Rows": 3559247, "Plan Width": 36, "Actual Startup Time": 3356.38, "Actual Total Time": 22441.654, "Actual Rows": 300219, "Actual Loops": 1, "Inner Unique": false, "Plans": [{"Node Type": "Hash Join", "Parent Relationship": "Outer", "Join Type": "Inner", "Startup Cost": 257013.14, "Total Cost": 659380.88, "Plan Rows": 715772, "Plan Width": 20, "Actual Startup Time": 3356.159, "Actual Total Time": 10560.793, "Actual Rows": 1455173, "Actual Loops": 1, "Inner Unique": true, "Hash Cond": "(orders.o_custkey = customer.c_custkey), (LLVM Optimized, Jit Execute)", "Plans": [{"Node Type": "Bitmap Heap Scan", "Parent Relationship": "Outer", "Relation Name": "orders", "Alias": "orders", "Startup Cost": 168698.43, "Total Cost": 536495.14, "Plan Rows": 7310217, "Plan Width": 28, "Actual Startup Time": 1970.259, "Actual Total Time": 5988.433, "Actual Rows": 7276947, "Actual Loops": 1, "Recheck Cond": "(o_orderdate < '1995-03-13 00:00:00'::timestamp(0) without time zone), (LLVM Optimized, Jit Execute)", "Rows Removed by Index Recheck": 0, "Exact Heap Blocks": 276419, "Lossy Heap Blocks": 276419, "Plans": [{"Node Type": "Bitmap Index Scan", "Parent Relationship": "Outer", "Index Name": "idx_orders_orderdate", "Startup Cost": 0.0, "Total Cost": 166870.88, "Plan Rows": 7310217, "Plan Width": 0, "Actual Startup Time": 1875.647, "Actual Total Time": 1875.647, "Actual Rows": 7276947, "Actual Loops": 1, "Index Cond": "(o_orderdate < '1995-03-13 00:00:00'::timestamp(0) without time zone)"}]}, {"Node Type": "Hash", "Parent Relationship": "Inner", "Startup Cost": 84515.36, "Total Cost": 84515.36, "Plan Rows": 303948, "Plan Width": 8, "Actual Startup Time": 1385.528, "Actual Total Time": 1385.528, "Actual Rows": 300036, "Actual Loops": 1, "Hash Buckets": 524288, "Hash Batches": 1, "Original Hash Batches": 1, "Peak Memory Usage": 11721, "Plans": [{"Node Type": "Index Scan", "Parent Relationship": "Outer", "Scan Direction": "Forward", "Index Name": "customer_pkey", "Relation Name": "customer", "Alias": "customer", "Startup Cost": 0.0, "Total Cost": 84515.36, "Plan Rows": 303948, "Plan Width": 8, "Actual Startup Time": 0.066, "Actual Total Time": 1257.479, "Actual Rows": 300036, "Actual Loops": 1, "Filter": "(c_mktsegment = 'AUTOMOBILE'::bpchar), (LLVM Optimized, Jit Execute)", "Rows Removed by Filter": 1199964}]}]}, {"Node Type": "Index Scan", "Parent Relationship": "Inner", "Scan Direction": "Forward", "Index Name": "idx_lineitem_orderkey", "Relation Name": "lineitem", "Alias": "lineitem", "Startup Cost": 0.0, "Total Cost": 1.35, "Plan Rows": 5, "Plan Width": 24, "Actual Startup Time": 10784.11, "Actual Total Time": 11073.459, "Actual Rows": 300219, "Actual Loops": 1455173, "Index Cond": "(l_orderkey = orders.o_orderkey)", "Rows Removed by Index Recheck": 0, "Filter": "(l_shipdate > '1995-03-13 00:00:00'::timestamp(0) without time zone)", "Rows Removed by Filter": 5519788}]}]}]}]}, "Triggers": [], "Planner Runtime": 1.152, "Total Runtime": 22853.179, "Unique SQL Id": 3929762122}}, "(1, '34')": {"explain_plan": {"Plan": {"Node Type": "Limit", "Startup Cost": 3055991.15, "Total Cost": 3055991.17, "Plan Rows": 10, "Plan Width": 36, "Plans": [{"Node Type": "Sort", "Parent Relationship": "Outer", "Startup Cost": 3055991.15, "Total Cost": 3064889.27, "Plan Rows": 10, "Plan Width": 36, "Sort Key": ["(sum((lineitem.l_extendedprice * (1::double precision - lineitem.l_discount)))) DESC", "orders.o_orderdate"], "Plans": [{"Node Type": "Aggregate", "Strategy": "Hashed", "Parent Relationship": "Outer", "Startup Cost": 2943484.63, "Total Cost": 2979077.1, "Plan Rows": 3559247, "Plan Width": 36, "Group By Key": ["lineitem.l_orderkey", "orders.o_orderdate", "orders.o_shippriority"], "Plans": [{"Node Type": "Hash Join", "Parent Relationship": "Outer", "Join Type": "Inner", "Startup Cost": 567106.02, "Total Cost": 2890095.93, "Plan Rows": 3559247, "Plan Width": 36, "Inner Unique": false, "Hash Cond": "(lineitem.l_orderkey = orders.o_orderkey), (LLVM Optimized)", "Plans": [{"Node Type": "Seq Scan", "Parent Relationship": "Outer", "Relation Name": "lineitem", "Alias": "lineitem", "Startup Cost": 0.0, "Total Cost": 2165082.91, "Plan Rows": 32617206, "Plan Width": 24, "Filter": "(l_shipdate > '1995-03-13 00:00:00'::timestamp(0) without time zone), (LLVM Optimized)"}, {"Node Type": "Hash", "Parent Relationship": "Inner", "Startup Cost": 558158.87, "Total Cost": 558158.87, "Plan Rows": 715772, "Plan Width": 20, "Plans": [{"Node Type": "Hash Join", "Parent Relationship": "Outer", "Join Type": "Inner", "Startup Cost": 60061.81, "Total Cost": 558158.87, "Plan Rows": 715772, "Plan Width": 20, "Inner Unique": true, "Hash Cond": "(orders.o_custkey = customer.c_custkey), (LLVM Optimized)", "Plans": [{"Node Type": "Seq Scan", "Parent Relationship": "Outer", "Relation Name": "orders", "Alias": "orders", "Startup Cost": 386.46, "Total Cost": 463912.49, "Plan Rows": 7310217, "Plan Width": 28, "Filter": "(o_orderdate < '1995-03-13 00:00:00'::timestamp(0) without time zone), (LLVM Optimized)"}, {"Node Type": "Hash", "Parent Relationship": "Inner", "Startup Cost": 55876.0, "Total Cost": 55876.0, "Plan Rows": 303948, "Plan Width": 8, "Plans": [{"Node Type": "Seq Scan", "Parent Relationship": "Outer", "Relation Name": "customer", "Alias": "customer", "Startup Cost": 0.0, "Total Cost": 55876.0, "Plan Rows": 303948, "Plan Width": 8, "Filter": "(c_mktsegment = 'AUTOMOBILE'::bpchar), (LLVM Optimized)"}]}]}]}]}]}]}]}, "Unique SQL Id": 3929762122, "Planner Runtime": 0}, "explain_analyze_plan": {"Plan": {"Node Type": "Limit", "Startup Cost": 3055991.15, "Total Cost": 3055991.17, "Plan Rows": 10, "Plan Width": 36, "Actual Startup Time": 39912.957, "Actual Total Time": 39912.961, "Actual Rows": 10, "Actual Loops": 1, "Plans": [{"Node Type": "Sort", "Parent Relationship": "Outer", "Startup Cost": 3055991.15, "Total Cost": 3064889.27, "Plan Rows": 10, "Plan Width": 36, "Actual Startup Time": 39912.953, "Actual Total Time": 39912.956, "Actual Rows": 10, "Actual Loops": 1, "Sort Key": ["(sum((lineitem.l_extendedprice * (1::double precision - lineitem.l_discount)))) DESC", "orders.o_orderdate"], "Sort Method": "top-N heapsort", "Sort Space Used": 26, "Sort Space Type": "Memory", "Plans": [{"Node Type": "Aggregate", "Strategy": "Hashed", "Parent Relationship": "Outer", "Startup Cost": 2943484.63, "Total Cost": 2979077.1, "Plan Rows": 3559247, "Plan Width": 36, "Actual Startup Time": 39821.735, "Actual Total Time": 39885.752, "Actual Rows": 113719, "Actual Loops": 1, "Group By Key": ["lineitem.l_orderkey", "orders.o_orderdate", "orders.o_shippriority"], "Plans": [{"Node Type": "Hash Join", "Parent Relationship": "Outer", "Join Type": "Inner", "Startup Cost": 567106.02, "Total Cost": 2890095.93, "Plan Rows": 3559247, "Plan Width": 36, "Actual Startup Time": 9286.806, "Actual Total Time": 39528.201, "Actual Rows": 300219, "Actual Loops": 1, "Inner Unique": false, "Hash Cond": "(lineitem.l_orderkey = orders.o_orderkey), (LLVM Optimized, Jit Execute)", "Plans": [{"Node Type": "Seq Scan", "Parent Relationship": "Outer", "Relation Name": "lineitem", "Alias": "lineitem", "Startup Cost": 0.0, "Total Cost": 2165082.91, "Plan Rows": 32617206, "Plan Width": 24, "Actual Startup Time": 0.109, "Actual Total Time": 21259.675, "Actual Rows": 32384344, "Actual Loops": 1, "Filter": "(l_shipdate > '1995-03-13 00:00:00'::timestamp(0) without time zone), (LLVM Optimized, Jit Execute)", "Rows Removed by Filter": 27601708}, {"Node Type": "Hash", "Parent Relationship": "Inner", "Startup Cost": 558158.87, "Total Cost": 558158.87, "Plan Rows": 715772, "Plan Width": 20, "Actual Startup Time": 9285.133, "Actual Total Time": 9285.133, "Actual Rows": 1455173, "Actual Loops": 1, "Hash Buckets": 1048576, "Hash Batches": 1, "Original Hash Batches": 1, "Peak Memory Usage": 79580, "Plans": [{"Node Type": "Hash Join", "Parent Relationship": "Outer", "Join Type": "Inner", "Startup Cost": 60061.81, "Total Cost": 558158.87, "Plan Rows": 715772, "Plan Width": 20, "Actual Startup Time": 672.836, "Actual Total Time": 8567.114, "Actual Rows": 1455173, "Actual Loops": 1, "Inner Unique": true, "Hash Cond": "(orders.o_custkey = customer.c_custkey), (LLVM Optimized, Jit Execute)", "Plans": [{"Node Type": "Seq Scan", "Parent Relationship": "Outer", "Relation Name": "orders", "Alias": "orders", "Startup Cost": 386.46, "Total Cost": 463912.49, "Plan Rows": 7310217, "Plan Width": 28, "Actual Startup Time": 0.024, "Actual Total Time": 4947.226, "Actual Rows": 7276947, "Actual Loops": 1, "Filter": "(o_orderdate < '1995-03-13 00:00:00'::timestamp(0) without time zone), (LLVM Optimized, Jit Execute)", "Rows Removed by Filter": 7723053}, {"Node Type": "Hash", "Parent Relationship": "Inner", "Startup Cost": 55876.0, "Total Cost": 55876.0, "Plan Rows": 303948, "Plan Width": 8, "Actual Startup Time": 672.467, "Actual Total Time": 672.467, "Actual Rows": 300036, "Actual Loops": 1, "Hash Buckets": 524288, "Hash Batches": 1, "Original Hash Batches": 1, "Peak Memory Usage": 11721, "Plans": [{"Node Type": "Seq Scan", "Parent Relationship": "Outer", "Relation Name": "customer", "Alias": "customer", "Startup Cost": 0.0, "Total Cost": 55876.0, "Plan Rows": 303948, "Plan Width": 8, "Actual Startup Time": 0.027, "Actual Total Time": 584.45, "Actual Rows": 300036, "Actual Loops": 1, "Filter": "(c_mktsegment = 'AUTOMOBILE'::bpchar), (LLVM Optimized, Jit Execute)", "Rows Removed by Filter": 1199964}]}]}]}]}]}]}]}, "Triggers": [], "Planner Runtime": 1.09, "Total Runtime": 39923.34, "Unique SQL Id": 3929762122}}, "(1, '35')": {"explain_plan": {"Plan": {"Node Type": "Limit", "Startup Cost": 35345596.54, "Total Cost": 35345596.56, "Plan Rows": 10, "Plan Width": 36, "Plans": [{"Node Type": "Sort", "Parent Relationship": "Outer", "Startup Cost": 35345596.54, "Total Cost": 35354494.65, "Plan Rows": 10, "Plan Width": 36, "Sort Key": ["(sum((lineitem.l_extendedprice * (1::double precision - lineitem.l_discount)))) DESC", "orders.o_orderdate"], "Plans": [{"Node Type": "Aggregate", "Strategy": "Hashed", "Parent Relationship": "Outer", "Startup Cost": 35233090.02, "Total Cost": 35268682.49, "Plan Rows": 3559247, "Plan Width": 36, "Group By Key": ["lineitem.l_orderkey", "orders.o_orderdate", "orders.o_shippriority"], "Plans": [{"Node Type": "Nested Loop", "Parent Relationship": "Outer", "Join Type": "Inner", "Startup Cost": 168699.14, "Total Cost": 35179701.31, "Plan Rows": 3559247, "Plan Width": 36, "Inner Unique": false, "Plans": [{"Node Type": "Nested Loop", "Parent Relationship": "Outer", "Join Type": "Inner", "Startup Cost": 168698.69, "Total Cost": 31865463.0, "Plan Rows": 715772, "Plan Width": 20, "Inner Unique": true, "Plans": [{"Node Type": "Bitmap Heap Scan", "Parent Relationship": "Outer", "Relation Name": "orders", "Alias": "orders", "Startup Cost": 168698.43, "Total Cost": 536495.14, "Plan Rows": 7310217, "Plan Width": 28, "Recheck Cond": "(o_orderdate < '1995-03-13 00:00:00'::timestamp(0) without time zone), (LLVM Optimized)", "Plans": [{"Node Type": "Bitmap Index Scan", "Parent Relationship": "Outer", "Index Name": "idx_orders_orderdate", "Startup Cost": 0.0, "Total Cost": 166870.88, "Plan Rows": 7310217, "Plan Width": 0, "Index Cond": "(o_orderdate < '1995-03-13 00:00:00'::timestamp(0) without time zone)"}]}, {"Node Type": "Bitmap Heap Scan", "Parent Relationship": "Inner", "Relation Name": "customer", "Alias": "customer", "Startup Cost": 0.26, "Total Cost": 4.28, "Plan Rows": 1, "Plan Width": 8, "Recheck Cond": "(c_custkey = orders.o_custkey)", "Filter": "(c_mktsegment = 'AUTOMOBILE'::bpchar)", "Plans": [{"Node Type": "Bitmap Index Scan", "Parent Relationship": "Outer", "Index Name": "customer_pkey", "Startup Cost": 0.0, "Total Cost": 0.26, "Plan Rows": 1, "Plan Width": 0, "Index Cond": "(c_custkey = orders.o_custkey)"}]}]}, {"Node Type": "Bitmap Heap Scan", "Parent Relationship": "Inner", "Relation Name": "lineitem", "Alias": "lineitem", "Startup Cost": 0.45, "Total Cost": 4.58, "Plan Rows": 5, "Plan Width": 24, "Recheck Cond": "(l_orderkey = orders.o_orderkey)", "Filter": "(l_shipdate > '1995-03-13 00:00:00'::timestamp(0) without time zone)", "Plans": [{"Node Type": "Bitmap Index Scan", "Parent Relationship": "Outer", "Index Name": "idx_lineitem_orderkey", "Startup Cost": 0.0, "Total Cost": 0.44, "Plan Rows": 9, "Plan Width": 0, "Index Cond": "(l_orderkey = orders.o_orderkey)"}]}]}]}]}]}, "Unique SQL Id": 3929762122, "Planner Runtime": 0}, "explain_analyze_plan": null}, "(1, '36')": {"explain_plan": {"Plan": {"Node Type": "Limit", "Startup Cost": 1728598.43, "Total Cost": 1728598.46, "Plan Rows": 10, "Plan Width": 36, "Plans": [{"Node Type": "Sort", "Parent Relationship": "Outer", "Startup Cost": 1728598.43, "Total Cost": 1737496.55, "Plan Rows": 10, "Plan Width": 36, "Sort Key": ["(sum((lineitem.l_extendedprice * (1::double precision - lineitem.l_discount)))) DESC", "orders.o_orderdate"], "Plans": [{"Node Type": "Aggregate", "Strategy": "Hashed", "Parent Relationship": "Outer", "Startup Cost": 1616091.91, "Total Cost": 1651684.38, "Plan Rows": 3559247, "Plan Width": 36, "Group By Key": ["lineitem.l_orderkey", "orders.o_orderdate", "orders.o_shippriority"], "Plans": [{"Node Type": "Nested Loop", "Parent Relationship": "Outer", "Join Type": "Inner", "Startup Cost": 60061.81, "Total Cost": 1562703.21, "Plan Rows": 3559247, "Plan Width": 36, "Inner Unique": false, "Plans": [{"Node Type": "Hash Join", "Parent Relationship": "Outer", "Join Type": "Inner", "Startup Cost": 60061.81, "Total Cost": 558158.87, "Plan Rows": 715772, "Plan Width": 20, "Inner Unique": true, "Hash Cond": "(orders.o_custkey = customer.c_custkey), (LLVM Optimized)", "Plans": [{"Node Type": "Seq Scan", "Parent Relationship": "Outer", "Relation Name": "orders", "Alias": "orders", "Startup Cost": 386.46, "Total Cost": 463912.49, "Plan Rows": 7310217, "Plan Width": 28, "Filter": "(o_orderdate < '1995-03-13 00:00:00'::timestamp(0) without time zone), (LLVM Optimized)"}, {"Node Type": "Hash", "Parent Relationship": "Inner", "Startup Cost": 55876.0, "Total Cost": 55876.0, "Plan Rows": 303948, "Plan Width": 8, "Plans": [{"Node Type": "Seq Scan", "Parent Relationship": "Outer", "Relation Name": "customer", "Alias": "customer", "Startup Cost": 0.0, "Total Cost": 55876.0, "Plan Rows": 303948, "Plan Width": 8, "Filter": "(c_mktsegment = 'AUTOMOBILE'::bpchar), (LLVM Optimized)"}]}]}, {"Node Type": "Index Scan", "Parent Relationship": "Inner", "Scan Direction": "Forward", "Index Name": "idx_lineitem_orderkey", "Relation Name": "lineitem", "Alias": "lineitem", "Startup Cost": 0.0, "Total Cost": 1.35, "Plan Rows": 5, "Plan Width": 24, "Index Cond": "(l_orderkey = orders.o_orderkey)", "Filter": "(l_shipdate > '1995-03-13 00:00:00'::timestamp(0) without time zone)"}]}]}]}]}, "Unique SQL Id": 3929762122, "Planner Runtime": 0}, "explain_analyze_plan": {"Plan": {"Node Type": "Limit", "Startup Cost": 1728598.43, "Total Cost": 1728598.46, "Plan Rows": 10, "Plan Width": 36, "Actual Startup Time": 21120.337, "Actual Total Time": 21120.34, "Actual Rows": 10, "Actual Loops": 1, "Plans": [{"Node Type": "Sort", "Parent Relationship": "Outer", "Startup Cost": 1728598.43, "Total Cost": 1737496.55, "Plan Rows": 10, "Plan Width": 36, "Actual Startup Time": 21120.334, "Actual Total Time": 21120.335, "Actual Rows": 10, "Actual Loops": 1, "Sort Key": ["(sum((lineitem.l_extendedprice * (1::double precision - lineitem.l_discount)))) DESC", "orders.o_orderdate"], "Sort Method": "top-N heapsort", "Sort Space Used": 26, "Sort Space Type": "Memory", "Plans": [{"Node Type": "Aggregate", "Strategy": "Hashed", "Parent Relationship": "Outer", "Startup Cost": 1616091.91, "Total Cost": 1651684.38, "Plan Rows": 3559247, "Plan Width": 36, "Actual Startup Time": 21032.242, "Actual Total Time": 21092.975, "Actual Rows": 113719, "Actual Loops": 1, "Group By Key": ["lineitem.l_orderkey", "orders.o_orderdate", "orders.o_shippriority"], "Plans": [{"Node Type": "Nested Loop", "Parent Relationship": "Outer", "Join Type": "Inner", "Startup Cost": 60061.81, "Total Cost": 1562703.21, "Plan Rows": 3559247, "Plan Width": 36, "Actual Startup Time": 739.304, "Actual Total Time": 20734.32, "Actual Rows": 300219, "Actual Loops": 1, "Inner Unique": false, "Plans": [{"Node Type": "Hash Join", "Parent Relationship": "Outer", "Join Type": "Inner", "Startup Cost": 60061.81, "Total Cost": 558158.87, "Plan Rows": 715772, "Plan Width": 20, "Actual Startup Time": 739.077, "Actual Total Time": 8940.97, "Actual Rows": 1455173, "Actual Loops": 1, "Inner Unique": true, "Hash Cond": "(orders.o_custkey = customer.c_custkey), (LLVM Optimized, Jit Execute)", "Plans": [{"Node Type": "Seq Scan", "Parent Relationship": "Outer", "Relation Name": "orders", "Alias": "orders", "Startup Cost": 386.46, "Total Cost": 463912.49, "Plan Rows": 7310217, "Plan Width": 28, "Actual Startup Time": 0.056, "Actual Total Time": 4941.534, "Actual Rows": 7276947, "Actual Loops": 1, "Filter": "(o_orderdate < '1995-03-13 00:00:00'::timestamp(0) without time zone), (LLVM Optimized, Jit Execute)", "Rows Removed by Filter": 7723053}, {"Node Type": "Hash", "Parent Relationship": "Inner", "Startup Cost": 55876.0, "Total Cost": 55876.0, "Plan Rows": 303948, "Plan Width": 8, "Actual Startup Time": 738.343, "Actual Total Time": 738.343, "Actual Rows": 300036, "Actual Loops": 1, "Hash Buckets": 524288, "Hash Batches": 1, "Original Hash Batches": 1, "Peak Memory Usage": 11721, "Plans": [{"Node Type": "Seq Scan", "Parent Relationship": "Outer", "Relation Name": "customer", "Alias": "customer", "Startup Cost": 0.0, "Total Cost": 55876.0, "Plan Rows": 303948, "Plan Width": 8, "Actual Startup Time": 0.021, "Actual Total Time": 643.423, "Actual Rows": 300036, "Actual Loops": 1, "Filter": "(c_mktsegment = 'AUTOMOBILE'::bpchar), (LLVM Optimized, Jit Execute)", "Rows Removed by Filter": 1199964}]}]}, {"Node Type": "Index Scan", "Parent Relationship": "Inner", "Scan Direction": "Forward", "Index Name": "idx_lineitem_orderkey", "Relation Name": "lineitem", "Alias": "lineitem", "Startup Cost": 0.0, "Total Cost": 1.35, "Plan Rows": 5, "Plan Width": 24, "Actual Startup Time": 10703.081, "Actual Total Time": 10988.174, "Actual Rows": 300219, "Actual Loops": 1455173, "Index Cond": "(l_orderkey = orders.o_orderkey)", "Rows Removed by Index Recheck": 0, "Filter": "(l_shipdate > '1995-03-13 00:00:00'::timestamp(0) without time zone)", "Rows Removed by Filter": 5519788}]}]}]}]}, "Triggers": [], "Planner Runtime": 1.233, "Total Runtime": 21130.306, "Unique SQL Id": 3929762122}}, "(1, '37')": {"explain_plan": {"Plan": {"Node Type": "Limit", "Startup Cost": 1829820.45, "Total Cost": 1829820.47, "Plan Rows": 10, "Plan Width": 36, "Plans": [{"Node Type": "Sort", "Parent Relationship": "Outer", "Startup Cost": 1829820.45, "Total Cost": 1838718.56, "Plan Rows": 10, "Plan Width": 36, "Sort Key": ["(sum((lineitem.l_extendedprice * (1::double precision - lineitem.l_discount)))) DESC", "orders.o_orderdate"], "Plans": [{"Node Type": "Aggregate", "Strategy": "Hashed", "Parent Relationship": "Outer", "Startup Cost": 1717313.93, "Total Cost": 1752906.4, "Plan Rows": 3559247, "Plan Width": 36, "Group By Key": ["lineitem.l_orderkey", "orders.o_orderdate", "orders.o_shippriority"], "Plans": [{"Node Type": "Nested Loop", "Parent Relationship": "Outer", "Join Type": "Inner", "Startup Cost": 257013.14, "Total Cost": 1663925.22, "Plan Rows": 3559247, "Plan Width": 36, "Inner Unique": false, "Plans": [{"Node Type": "Hash Join", "Parent Relationship": "Outer", "Join Type": "Inner", "Startup Cost": 257013.14, "Total Cost": 659380.88, "Plan Rows": 715772, "Plan Width": 20, "Inner Unique": true, "Hash Cond": "(orders.o_custkey = customer.c_custkey), (LLVM Optimized)", "Plans": [{"Node Type": "Bitmap Heap Scan", "Parent Relationship": "Outer", "Relation Name": "orders", "Alias": "orders", "Startup Cost": 168698.43, "Total Cost": 536495.14, "Plan Rows": 7310217, "Plan Width": 28, "Recheck Cond": "(o_orderdate < '1995-03-13 00:00:00'::timestamp(0) without time zone), (LLVM Optimized)", "Plans": [{"Node Type": "Bitmap Index Scan", "Parent Relationship": "Outer", "Index Name": "idx_orders_orderdate", "Startup Cost": 0.0, "Total Cost": 166870.88, "Plan Rows": 7310217, "Plan Width": 0, "Index Cond": "(o_orderdate < '1995-03-13 00:00:00'::timestamp(0) without time zone)"}]}, {"Node Type": "Hash", "Parent Relationship": "Inner", "Startup Cost": 84515.36, "Total Cost": 84515.36, "Plan Rows": 303948, "Plan Width": 8, "Plans": [{"Node Type": "Index Scan", "Parent Relationship": "Outer", "Scan Direction": "Forward", "Index Name": "customer_pkey", "Relation Name": "customer", "Alias": "customer", "Startup Cost": 0.0, "Total Cost": 84515.36, "Plan Rows": 303948, "Plan Width": 8, "Filter": "(c_mktsegment = 'AUTOMOBILE'::bpchar), (LLVM Optimized)"}]}]}, {"Node Type": "Index Scan", "Parent Relationship": "Inner", "Scan Direction": "Forward", "Index Name": "idx_lineitem_orderkey", "Relation Name": "lineitem", "Alias": "lineitem", "Startup Cost": 0.0, "Total Cost": 1.35, "Plan Rows": 5, "Plan Width": 24, "Index Cond": "(l_orderkey = orders.o_orderkey)", "Filter": "(l_shipdate > '1995-03-13 00:00:00'::timestamp(0) without time zone)"}]}]}]}]}, "Unique SQL Id": 3929762122, "Planner Runtime": 0}, "explain_analyze_plan": {"Plan": {"Node Type": "Limit", "Startup Cost": 1829820.45, "Total Cost": 1829820.47, "Plan Rows": 10, "Plan Width": 36, "Actual Startup Time": 22842.596, "Actual Total Time": 22842.599, "Actual Rows": 10, "Actual Loops": 1, "Plans": [{"Node Type": "Sort", "Parent Relationship": "Outer", "Startup Cost": 1829820.45, "Total Cost": 1838718.56, "Plan Rows": 10, "Plan Width": 36, "Actual Startup Time": 22842.593, "Actual Total Time": 22842.595, "Actual Rows": 10, "Actual Loops": 1, "Sort Key": ["(sum((lineitem.l_extendedprice * (1::double precision - lineitem.l_discount)))) DESC", "orders.o_orderdate"], "Sort Method": "top-N heapsort", "Sort Space Used": 26, "Sort Space Type": "Memory", "Plans": [{"Node Type": "Aggregate", "Strategy": "Hashed", "Parent Relationship": "Outer", "Startup Cost": 1717313.93, "Total Cost": 1752906.4, "Plan Rows": 3559247, "Plan Width": 36, "Actual Startup Time": 22737.205, "Actual Total Time": 22815.188, "Actual Rows": 113719, "Actual Loops": 1, "Group By Key": ["lineitem.l_orderkey", "orders.o_orderdate", "orders.o_shippriority"], "Plans": [{"Node Type": "Nested Loop", "Parent Relationship": "Outer", "Join Type": "Inner", "Startup Cost": 257013.14, "Total Cost": 1663925.22, "Plan Rows": 3559247, "Plan Width": 36, "Actual Startup Time": 3356.38, "Actual Total Time": 22441.654, "Actual Rows": 300219, "Actual Loops": 1, "Inner Unique": false, "Plans": [{"Node Type": "Hash Join", "Parent Relationship": "Outer", "Join Type": "Inner", "Startup Cost": 257013.14, "Total Cost": 659380.88, "Plan Rows": 715772, "Plan Width": 20, "Actual Startup Time": 3356.159, "Actual Total Time": 10560.793, "Actual Rows": 1455173, "Actual Loops": 1, "Inner Unique": true, "Hash Cond": "(orders.o_custkey = customer.c_custkey), (LLVM Optimized, Jit Execute)", "Plans": [{"Node Type": "Bitmap Heap Scan", "Parent Relationship": "Outer", "Relation Name": "orders", "Alias": "orders", "Startup Cost": 168698.43, "Total Cost": 536495.14, "Plan Rows": 7310217, "Plan Width": 28, "Actual Startup Time": 1970.259, "Actual Total Time": 5988.433, "Actual Rows": 7276947, "Actual Loops": 1, "Recheck Cond": "(o_orderdate < '1995-03-13 00:00:00'::timestamp(0) without time zone), (LLVM Optimized, Jit Execute)", "Rows Removed by Index Recheck": 0, "Exact Heap Blocks": 276419, "Lossy Heap Blocks": 276419, "Plans": [{"Node Type": "Bitmap Index Scan", "Parent Relationship": "Outer", "Index Name": "idx_orders_orderdate", "Startup Cost": 0.0, "Total Cost": 166870.88, "Plan Rows": 7310217, "Plan Width": 0, "Actual Startup Time": 1875.647, "Actual Total Time": 1875.647, "Actual Rows": 7276947, "Actual Loops": 1, "Index Cond": "(o_orderdate < '1995-03-13 00:00:00'::timestamp(0) without time zone)"}]}, {"Node Type": "Hash", "Parent Relationship": "Inner", "Startup Cost": 84515.36, "Total Cost": 84515.36, "Plan Rows": 303948, "Plan Width": 8, "Actual Startup Time": 1385.528, "Actual Total Time": 1385.528, "Actual Rows": 300036, "Actual Loops": 1, "Hash Buckets": 524288, "Hash Batches": 1, "Original Hash Batches": 1, "Peak Memory Usage": 11721, "Plans": [{"Node Type": "Index Scan", "Parent Relationship": "Outer", "Scan Direction": "Forward", "Index Name": "customer_pkey", "Relation Name": "customer", "Alias": "customer", "Startup Cost": 0.0, "Total Cost": 84515.36, "Plan Rows": 303948, "Plan Width": 8, "Actual Startup Time": 0.066, "Actual Total Time": 1257.479, "Actual Rows": 300036, "Actual Loops": 1, "Filter": "(c_mktsegment = 'AUTOMOBILE'::bpchar), (LLVM Optimized, Jit Execute)", "Rows Removed by Filter": 1199964}]}]}, {"Node Type": "Index Scan", "Parent Relationship": "Inner", "Scan Direction": "Forward", "Index Name": "idx_lineitem_orderkey", "Relation Name": "lineitem", "Alias": "lineitem", "Startup Cost": 0.0, "Total Cost": 1.35, "Plan Rows": 5, "Plan Width": 24, "Actual Startup Time": 10784.11, "Actual Total Time": 11073.459, "Actual Rows": 300219, "Actual Loops": 1455173, "Index Cond": "(l_orderkey = orders.o_orderkey)", "Rows Removed by Index Recheck": 0, "Filter": "(l_shipdate > '1995-03-13 00:00:00'::timestamp(0) without time zone)", "Rows Removed by Filter": 5519788}]}]}]}]}, "Triggers": [], "Planner Runtime": 1.152, "Total Runtime": 22853.179, "Unique SQL Id": 3929762122}}, "(1, '38')": {"explain_plan": {"Plan": {"Node Type": "Limit", "Startup Cost": 3055991.15, "Total Cost": 3055991.17, "Plan Rows": 10, "Plan Width": 36, "Plans": [{"Node Type": "Sort", "Parent Relationship": "Outer", "Startup Cost": 3055991.15, "Total Cost": 3064889.27, "Plan Rows": 10, "Plan Width": 36, "Sort Key": ["(sum((lineitem.l_extendedprice * (1::double precision - lineitem.l_discount)))) DESC", "orders.o_orderdate"], "Plans": [{"Node Type": "Aggregate", "Strategy": "Hashed", "Parent Relationship": "Outer", "Startup Cost": 2943484.63, "Total Cost": 2979077.1, "Plan Rows": 3559247, "Plan Width": 36, "Group By Key": ["lineitem.l_orderkey", "orders.o_orderdate", "orders.o_shippriority"], "Plans": [{"Node Type": "Hash Join", "Parent Relationship": "Outer", "Join Type": "Inner", "Startup Cost": 567106.02, "Total Cost": 2890095.93, "Plan Rows": 3559247, "Plan Width": 36, "Inner Unique": false, "Hash Cond": "(lineitem.l_orderkey = orders.o_orderkey), (LLVM Optimized)", "Plans": [{"Node Type": "Seq Scan", "Parent Relationship": "Outer", "Relation Name": "lineitem", "Alias": "lineitem", "Startup Cost": 0.0, "Total Cost": 2165082.91, "Plan Rows": 32617206, "Plan Width": 24, "Filter": "(l_shipdate > '1995-03-13 00:00:00'::timestamp(0) without time zone), (LLVM Optimized)"}, {"Node Type": "Hash", "Parent Relationship": "Inner", "Startup Cost": 558158.87, "Total Cost": 558158.87, "Plan Rows": 715772, "Plan Width": 20, "Plans": [{"Node Type": "Hash Join", "Parent Relationship": "Outer", "Join Type": "Inner", "Startup Cost": 60061.81, "Total Cost": 558158.87, "Plan Rows": 715772, "Plan Width": 20, "Inner Unique": true, "Hash Cond": "(orders.o_custkey = customer.c_custkey), (LLVM Optimized)", "Plans": [{"Node Type": "Seq Scan", "Parent Relationship": "Outer", "Relation Name": "orders", "Alias": "orders", "Startup Cost": 386.46, "Total Cost": 463912.49, "Plan Rows": 7310217, "Plan Width": 28, "Filter": "(o_orderdate < '1995-03-13 00:00:00'::timestamp(0) without time zone), (LLVM Optimized)"}, {"Node Type": "Hash", "Parent Relationship": "Inner", "Startup Cost": 55876.0, "Total Cost": 55876.0, "Plan Rows": 303948, "Plan Width": 8, "Plans": [{"Node Type": "Seq Scan", "Parent Relationship": "Outer", "Relation Name": "customer", "Alias": "customer", "Startup Cost": 0.0, "Total Cost": 55876.0, "Plan Rows": 303948, "Plan Width": 8, "Filter": "(c_mktsegment = 'AUTOMOBILE'::bpchar), (LLVM Optimized)"}]}]}]}]}]}]}]}, "Unique SQL Id": 3929762122, "Planner Runtime": 0}, "explain_analyze_plan": {"Plan": {"Node Type": "Limit", "Startup Cost": 3055991.15, "Total Cost": 3055991.17, "Plan Rows": 10, "Plan Width": 36, "Actual Startup Time": 39912.957, "Actual Total Time": 39912.961, "Actual Rows": 10, "Actual Loops": 1, "Plans": [{"Node Type": "Sort", "Parent Relationship": "Outer", "Startup Cost": 3055991.15, "Total Cost": 3064889.27, "Plan Rows": 10, "Plan Width": 36, "Actual Startup Time": 39912.953, "Actual Total Time": 39912.956, "Actual Rows": 10, "Actual Loops": 1, "Sort Key": ["(sum((lineitem.l_extendedprice * (1::double precision - lineitem.l_discount)))) DESC", "orders.o_orderdate"], "Sort Method": "top-N heapsort", "Sort Space Used": 26, "Sort Space Type": "Memory", "Plans": [{"Node Type": "Aggregate", "Strategy": "Hashed", "Parent Relationship": "Outer", "Startup Cost": 2943484.63, "Total Cost": 2979077.1, "Plan Rows": 3559247, "Plan Width": 36, "Actual Startup Time": 39821.735, "Actual Total Time": 39885.752, "Actual Rows": 113719, "Actual Loops": 1, "Group By Key": ["lineitem.l_orderkey", "orders.o_orderdate", "orders.o_shippriority"], "Plans": [{"Node Type": "Hash Join", "Parent Relationship": "Outer", "Join Type": "Inner", "Startup Cost": 567106.02, "Total Cost": 2890095.93, "Plan Rows": 3559247, "Plan Width": 36, "Actual Startup Time": 9286.806, "Actual Total Time": 39528.201, "Actual Rows": 300219, "Actual Loops": 1, "Inner Unique": false, "Hash Cond": "(lineitem.l_orderkey = orders.o_orderkey), (LLVM Optimized, Jit Execute)", "Plans": [{"Node Type": "Seq Scan", "Parent Relationship": "Outer", "Relation Name": "lineitem", "Alias": "lineitem", "Startup Cost": 0.0, "Total Cost": 2165082.91, "Plan Rows": 32617206, "Plan Width": 24, "Actual Startup Time": 0.109, "Actual Total Time": 21259.675, "Actual Rows": 32384344, "Actual Loops": 1, "Filter": "(l_shipdate > '1995-03-13 00:00:00'::timestamp(0) without time zone), (LLVM Optimized, Jit Execute)", "Rows Removed by Filter": 27601708}, {"Node Type": "Hash", "Parent Relationship": "Inner", "Startup Cost": 558158.87, "Total Cost": 558158.87, "Plan Rows": 715772, "Plan Width": 20, "Actual Startup Time": 9285.133, "Actual Total Time": 9285.133, "Actual Rows": 1455173, "Actual Loops": 1, "Hash Buckets": 1048576, "Hash Batches": 1, "Original Hash Batches": 1, "Peak Memory Usage": 79580, "Plans": [{"Node Type": "Hash Join", "Parent Relationship": "Outer", "Join Type": "Inner", "Startup Cost": 60061.81, "Total Cost": 558158.87, "Plan Rows": 715772, "Plan Width": 20, "Actual Startup Time": 672.836, "Actual Total Time": 8567.114, "Actual Rows": 1455173, "Actual Loops": 1, "Inner Unique": true, "Hash Cond": "(orders.o_custkey = customer.c_custkey), (LLVM Optimized, Jit Execute)", "Plans": [{"Node Type": "Seq Scan", "Parent Relationship": "Outer", "Relation Name": "orders", "Alias": "orders", "Startup Cost": 386.46, "Total Cost": 463912.49, "Plan Rows": 7310217, "Plan Width": 28, "Actual Startup Time": 0.024, "Actual Total Time": 4947.226, "Actual Rows": 7276947, "Actual Loops": 1, "Filter": "(o_orderdate < '1995-03-13 00:00:00'::timestamp(0) without time zone), (LLVM Optimized, Jit Execute)", "Rows Removed by Filter": 7723053}, {"Node Type": "Hash", "Parent Relationship": "Inner", "Startup Cost": 55876.0, "Total Cost": 55876.0, "Plan Rows": 303948, "Plan Width": 8, "Actual Startup Time": 672.467, "Actual Total Time": 672.467, "Actual Rows": 300036, "Actual Loops": 1, "Hash Buckets": 524288, "Hash Batches": 1, "Original Hash Batches": 1, "Peak Memory Usage": 11721, "Plans": [{"Node Type": "Seq Scan", "Parent Relationship": "Outer", "Relation Name": "customer", "Alias": "customer", "Startup Cost": 0.0, "Total Cost": 55876.0, "Plan Rows": 303948, "Plan Width": 8, "Actual Startup Time": 0.027, "Actual Total Time": 584.45, "Actual Rows": 300036, "Actual Loops": 1, "Filter": "(c_mktsegment = 'AUTOMOBILE'::bpchar), (LLVM Optimized, Jit Execute)", "Rows Removed by Filter": 1199964}]}]}]}]}]}]}]}, "Triggers": [], "Planner Runtime": 1.09, "Total Runtime": 39923.34, "Unique SQL Id": 3929762122}}, "(1, '39')": {"explain_plan": {"Plan": {"Node Type": "Limit", "Startup Cost": 35345596.54, "Total Cost": 35345596.56, "Plan Rows": 10, "Plan Width": 36, "Plans": [{"Node Type": "Sort", "Parent Relationship": "Outer", "Startup Cost": 35345596.54, "Total Cost": 35354494.65, "Plan Rows": 10, "Plan Width": 36, "Sort Key": ["(sum((lineitem.l_extendedprice * (1::double precision - lineitem.l_discount)))) DESC", "orders.o_orderdate"], "Plans": [{"Node Type": "Aggregate", "Strategy": "Hashed", "Parent Relationship": "Outer", "Startup Cost": 35233090.02, "Total Cost": 35268682.49, "Plan Rows": 3559247, "Plan Width": 36, "Group By Key": ["lineitem.l_orderkey", "orders.o_orderdate", "orders.o_shippriority"], "Plans": [{"Node Type": "Nested Loop", "Parent Relationship": "Outer", "Join Type": "Inner", "Startup Cost": 168699.14, "Total Cost": 35179701.31, "Plan Rows": 3559247, "Plan Width": 36, "Inner Unique": false, "Plans": [{"Node Type": "Nested Loop", "Parent Relationship": "Outer", "Join Type": "Inner", "Startup Cost": 168698.69, "Total Cost": 31865463.0, "Plan Rows": 715772, "Plan Width": 20, "Inner Unique": true, "Plans": [{"Node Type": "Bitmap Heap Scan", "Parent Relationship": "Outer", "Relation Name": "orders", "Alias": "orders", "Startup Cost": 168698.43, "Total Cost": 536495.14, "Plan Rows": 7310217, "Plan Width": 28, "Recheck Cond": "(o_orderdate < '1995-03-13 00:00:00'::timestamp(0) without time zone), (LLVM Optimized)", "Plans": [{"Node Type": "Bitmap Index Scan", "Parent Relationship": "Outer", "Index Name": "idx_orders_orderdate", "Startup Cost": 0.0, "Total Cost": 166870.88, "Plan Rows": 7310217, "Plan Width": 0, "Index Cond": "(o_orderdate < '1995-03-13 00:00:00'::timestamp(0) without time zone)"}]}, {"Node Type": "Bitmap Heap Scan", "Parent Relationship": "Inner", "Relation Name": "customer", "Alias": "customer", "Startup Cost": 0.26, "Total Cost": 4.28, "Plan Rows": 1, "Plan Width": 8, "Recheck Cond": "(c_custkey = orders.o_custkey)", "Filter": "(c_mktsegment = 'AUTOMOBILE'::bpchar)", "Plans": [{"Node Type": "Bitmap Index Scan", "Parent Relationship": "Outer", "Index Name": "customer_pkey", "Startup Cost": 0.0, "Total Cost": 0.26, "Plan Rows": 1, "Plan Width": 0, "Index Cond": "(c_custkey = orders.o_custkey)"}]}]}, {"Node Type": "Bitmap Heap Scan", "Parent Relationship": "Inner", "Relation Name": "lineitem", "Alias": "lineitem", "Startup Cost": 0.45, "Total Cost": 4.58, "Plan Rows": 5, "Plan Width": 24, "Recheck Cond": "(l_orderkey = orders.o_orderkey)", "Filter": "(l_shipdate > '1995-03-13 00:00:00'::timestamp(0) without time zone)", "Plans": [{"Node Type": "Bitmap Index Scan", "Parent Relationship": "Outer", "Index Name": "idx_lineitem_orderkey", "Startup Cost": 0.0, "Total Cost": 0.44, "Plan Rows": 9, "Plan Width": 0, "Index Cond": "(l_orderkey = orders.o_orderkey)"}]}]}]}]}]}, "Unique SQL Id": 3929762122, "Planner Runtime": 0}, "explain_analyze_plan": null}, "(1, '40')": {"explain_plan": {"Plan": {"Node Type": "Limit", "Startup Cost": 1728598.43, "Total Cost": 1728598.46, "Plan Rows": 10, "Plan Width": 36, "Plans": [{"Node Type": "Sort", "Parent Relationship": "Outer", "Startup Cost": 1728598.43, "Total Cost": 1737496.55, "Plan Rows": 10, "Plan Width": 36, "Sort Key": ["(sum((lineitem.l_extendedprice * (1::double precision - lineitem.l_discount)))) DESC", "orders.o_orderdate"], "Plans": [{"Node Type": "Aggregate", "Strategy": "Hashed", "Parent Relationship": "Outer", "Startup Cost": 1616091.91, "Total Cost": 1651684.38, "Plan Rows": 3559247, "Plan Width": 36, "Group By Key": ["lineitem.l_orderkey", "orders.o_orderdate", "orders.o_shippriority"], "Plans": [{"Node Type": "Nested Loop", "Parent Relationship": "Outer", "Join Type": "Inner", "Startup Cost": 60061.81, "Total Cost": 1562703.21, "Plan Rows": 3559247, "Plan Width": 36, "Inner Unique": false, "Plans": [{"Node Type": "Hash Join", "Parent Relationship": "Outer", "Join Type": "Inner", "Startup Cost": 60061.81, "Total Cost": 558158.87, "Plan Rows": 715772, "Plan Width": 20, "Inner Unique": true, "Hash Cond": "(orders.o_custkey = customer.c_custkey), (LLVM Optimized)", "Plans": [{"Node Type": "Seq Scan", "Parent Relationship": "Outer", "Relation Name": "orders", "Alias": "orders", "Startup Cost": 386.46, "Total Cost": 463912.49, "Plan Rows": 7310217, "Plan Width": 28, "Filter": "(o_orderdate < '1995-03-13 00:00:00'::timestamp(0) without time zone), (LLVM Optimized)"}, {"Node Type": "Hash", "Parent Relationship": "Inner", "Startup Cost": 55876.0, "Total Cost": 55876.0, "Plan Rows": 303948, "Plan Width": 8, "Plans": [{"Node Type": "Seq Scan", "Parent Relationship": "Outer", "Relation Name": "customer", "Alias": "customer", "Startup Cost": 0.0, "Total Cost": 55876.0, "Plan Rows": 303948, "Plan Width": 8, "Filter": "(c_mktsegment = 'AUTOMOBILE'::bpchar), (LLVM Optimized)"}]}]}, {"Node Type": "Index Scan", "Parent Relationship": "Inner", "Scan Direction": "Forward", "Index Name": "idx_lineitem_orderkey", "Relation Name": "lineitem", "Alias": "lineitem", "Startup Cost": 0.0, "Total Cost": 1.35, "Plan Rows": 5, "Plan Width": 24, "Index Cond": "(l_orderkey = orders.o_orderkey)", "Filter": "(l_shipdate > '1995-03-13 00:00:00'::timestamp(0) without time zone)"}]}]}]}]}, "Unique SQL Id": 3929762122, "Planner Runtime": 0}, "explain_analyze_plan": {"Plan": {"Node Type": "Limit", "Startup Cost": 1728598.43, "Total Cost": 1728598.46, "Plan Rows": 10, "Plan Width": 36, "Actual Startup Time": 21120.337, "Actual Total Time": 21120.34, "Actual Rows": 10, "Actual Loops": 1, "Plans": [{"Node Type": "Sort", "Parent Relationship": "Outer", "Startup Cost": 1728598.43, "Total Cost": 1737496.55, "Plan Rows": 10, "Plan Width": 36, "Actual Startup Time": 21120.334, "Actual Total Time": 21120.335, "Actual Rows": 10, "Actual Loops": 1, "Sort Key": ["(sum((lineitem.l_extendedprice * (1::double precision - lineitem.l_discount)))) DESC", "orders.o_orderdate"], "Sort Method": "top-N heapsort", "Sort Space Used": 26, "Sort Space Type": "Memory", "Plans": [{"Node Type": "Aggregate", "Strategy": "Hashed", "Parent Relationship": "Outer", "Startup Cost": 1616091.91, "Total Cost": 1651684.38, "Plan Rows": 3559247, "Plan Width": 36, "Actual Startup Time": 21032.242, "Actual Total Time": 21092.975, "Actual Rows": 113719, "Actual Loops": 1, "Group By Key": ["lineitem.l_orderkey", "orders.o_orderdate", "orders.o_shippriority"], "Plans": [{"Node Type": "Nested Loop", "Parent Relationship": "Outer", "Join Type": "Inner", "Startup Cost": 60061.81, "Total Cost": 1562703.21, "Plan Rows": 3559247, "Plan Width": 36, "Actual Startup Time": 739.304, "Actual Total Time": 20734.32, "Actual Rows": 300219, "Actual Loops": 1, "Inner Unique": false, "Plans": [{"Node Type": "Hash Join", "Parent Relationship": "Outer", "Join Type": "Inner", "Startup Cost": 60061.81, "Total Cost": 558158.87, "Plan Rows": 715772, "Plan Width": 20, "Actual Startup Time": 739.077, "Actual Total Time": 8940.97, "Actual Rows": 1455173, "Actual Loops": 1, "Inner Unique": true, "Hash Cond": "(orders.o_custkey = customer.c_custkey), (LLVM Optimized, Jit Execute)", "Plans": [{"Node Type": "Seq Scan", "Parent Relationship": "Outer", "Relation Name": "orders", "Alias": "orders", "Startup Cost": 386.46, "Total Cost": 463912.49, "Plan Rows": 7310217, "Plan Width": 28, "Actual Startup Time": 0.056, "Actual Total Time": 4941.534, "Actual Rows": 7276947, "Actual Loops": 1, "Filter": "(o_orderdate < '1995-03-13 00:00:00'::timestamp(0) without time zone), (LLVM Optimized, Jit Execute)", "Rows Removed by Filter": 7723053}, {"Node Type": "Hash", "Parent Relationship": "Inner", "Startup Cost": 55876.0, "Total Cost": 55876.0, "Plan Rows": 303948, "Plan Width": 8, "Actual Startup Time": 738.343, "Actual Total Time": 738.343, "Actual Rows": 300036, "Actual Loops": 1, "Hash Buckets": 524288, "Hash Batches": 1, "Original Hash Batches": 1, "Peak Memory Usage": 11721, "Plans": [{"Node Type": "Seq Scan", "Parent Relationship": "Outer", "Relation Name": "customer", "Alias": "customer", "Startup Cost": 0.0, "Total Cost": 55876.0, "Plan Rows": 303948, "Plan Width": 8, "Actual Startup Time": 0.021, "Actual Total Time": 643.423, "Actual Rows": 300036, "Actual Loops": 1, "Filter": "(c_mktsegment = 'AUTOMOBILE'::bpchar), (LLVM Optimized, Jit Execute)", "Rows Removed by Filter": 1199964}]}]}, {"Node Type": "Index Scan", "Parent Relationship": "Inner", "Scan Direction": "Forward", "Index Name": "idx_lineitem_orderkey", "Relation Name": "lineitem", "Alias": "lineitem", "Startup Cost": 0.0, "Total Cost": 1.35, "Plan Rows": 5, "Plan Width": 24, "Actual Startup Time": 10703.081, "Actual Total Time": 10988.174, "Actual Rows": 300219, "Actual Loops": 1455173, "Index Cond": "(l_orderkey = orders.o_orderkey)", "Rows Removed by Index Recheck": 0, "Filter": "(l_shipdate > '1995-03-13 00:00:00'::timestamp(0) without time zone)", "Rows Removed by Filter": 5519788}]}]}]}]}, "Triggers": [], "Planner Runtime": 1.233, "Total Runtime": 21130.306, "Unique SQL Id": 3929762122}}, "(1, '41')": {"explain_plan": {"Plan": {"Node Type": "Limit", "Startup Cost": 2061802.43, "Total Cost": 2061802.46, "Plan Rows": 10, "Plan Width": 36, "Plans": [{"Node Type": "Sort", "Parent Relationship": "Outer", "Startup Cost": 2061802.43, "Total Cost": 2070700.55, "Plan Rows": 10, "Plan Width": 36, "Sort Key": ["(sum((lineitem.l_extendedprice * (1::double precision - lineitem.l_discount)))) DESC", "orders.o_orderdate"], "Plans": [{"Node Type": "Aggregate", "Strategy": "Hashed", "Parent Relationship": "Outer", "Startup Cost": 1949295.92, "Total Cost": 1984888.39, "Plan Rows": 3559247, "Plan Width": 36, "Group By Key": ["lineitem.l_orderkey", "orders.o_orderdate", "orders.o_shippriority"], "Plans": [{"Node Type": "Nested Loop", "Parent Relationship": "Outer", "Join Type": "Inner", "Startup Cost": 88314.71, "Total Cost": 1895907.21, "Plan Rows": 3559247, "Plan Width": 36, "Inner Unique": false, "Plans": [{"Node Type": "Hash Join", "Parent Relationship": "Outer", "Join Type": "Inner", "Startup Cost": 88314.71, "Total Cost": 891362.87, "Plan Rows": 715772, "Plan Width": 20, "Inner Unique": true, "Hash Cond": "(orders.o_custkey = customer.c_custkey), (LLVM Optimized)", "Plans": [{"Node Type": "Index Scan", "Parent Relationship": "Outer", "Scan Direction": "Forward", "Index Name": "orders_pkey", "Relation Name": "orders", "Alias": "orders", "Startup Cost": 0.0, "Total Cost": 768477.13, "Plan Rows": 7310217, "Plan Width": 28, "Filter": "(o_orderdate < '1995-03-13 00:00:00'::timestamp(0) without time zone), (LLVM Optimized)"}, {"Node Type": "Hash", "Parent Relationship": "Inner", "Startup Cost": 84515.36, "Total Cost": 84515.36, "Plan Rows": 303948, "Plan Width": 8, "Plans": [{"Node Type": "Index Scan", "Parent Relationship": "Outer", "Scan Direction": "Forward", "Index Name": "customer_pkey", "Relation Name": "customer", "Alias": "customer", "Startup Cost": 0.0, "Total Cost": 84515.36, "Plan Rows": 303948, "Plan Width": 8, "Filter": "(c_mktsegment = 'AUTOMOBILE'::bpchar), (LLVM Optimized)"}]}]}, {"Node Type": "Index Scan", "Parent Relationship": "Inner", "Scan Direction": "Forward", "Index Name": "idx_lineitem_orderkey", "Relation Name": "lineitem", "Alias": "lineitem", "Startup Cost": 0.0, "Total Cost": 1.35, "Plan Rows": 5, "Plan Width": 24, "Index Cond": "(l_orderkey = orders.o_orderkey)", "Filter": "(l_shipdate > '1995-03-13 00:00:00'::timestamp(0) without time zone)"}]}]}]}]}, "Unique SQL Id": 3929762122, "Planner Runtime": 0}, "explain_analyze_plan": {"Plan": {"Node Type": "Limit", "Startup Cost": 2061802.43, "Total Cost": 2061802.46, "Plan Rows": 10, "Plan Width": 36, "Actual Startup Time": 26072.017, "Actual Total Time": 26072.02, "Actual Rows": 10, "Actual Loops": 1, "Plans": [{"Node Type": "Sort", "Parent Relationship": "Outer", "Startup Cost": 2061802.43, "Total Cost": 2070700.55, "Plan Rows": 10, "Plan Width": 36, "Actual Startup Time": 26072.014, "Actual Total Time": 26072.015, "Actual Rows": 10, "Actual Loops": 1, "Sort Key": ["(sum((lineitem.l_extendedprice * (1::double precision - lineitem.l_discount)))) DESC", "orders.o_orderdate"], "Sort Method": "top-N heapsort", "Sort Space Used": 26, "Sort Space Type": "Memory", "Plans": [{"Node Type": "Aggregate", "Strategy": "Hashed", "Parent Relationship": "Outer", "Startup Cost": 1949295.92, "Total Cost": 1984888.39, "Plan Rows": 3559247, "Plan Width": 36, "Actual Startup Time": 25984.937, "Actual Total Time": 26044.604, "Actual Rows": 113719, "Actual Loops": 1, "Group By Key": ["lineitem.l_orderkey", "orders.o_orderdate", "orders.o_shippriority"], "Plans": [{"Node Type": "Nested Loop", "Parent Relationship": "Outer", "Join Type": "Inner", "Startup Cost": 88314.71, "Total Cost": 1895907.21, "Plan Rows": 3559247, "Plan Width": 36, "Actual Startup Time": 1095.907, "Actual Total Time": 25691.367, "Actual Rows": 300219, "Actual Loops": 1, "Inner Unique": false, "Plans": [{"Node Type": "Hash Join", "Parent Relationship": "Outer", "Join Type": "Inner", "Startup Cost": 88314.71, "Total Cost": 891362.87, "Plan Rows": 715772, "Plan Width": 20, "Actual Startup Time": 1095.689, "Actual Total Time": 14132.106, "Actual Rows": 1455173, "Actual Loops": 1, "Inner Unique": true, "Hash Cond": "(orders.o_custkey = customer.c_custkey), (LLVM Optimized, Jit Execute)", "Plans": [{"Node Type": "Index Scan", "Parent Relationship": "Outer", "Scan Direction": "Forward", "Index Name": "orders_pkey", "Relation Name": "orders", "Alias": "orders", "Startup Cost": 0.0, "Total Cost": 768477.13, "Plan Rows": 7310217, "Plan Width": 28, "Actual Startup Time": 0.069, "Actual Total Time": 9774.272, "Actual Rows": 7276947, "Actual Loops": 1, "Filter": "(o_orderdate < '1995-03-13 00:00:00'::timestamp(0) without time zone), (LLVM Optimized, Jit Execute)", "Rows Removed by Filter": 7723053}, {"Node Type": "Hash", "Parent Relationship": "Inner", "Startup Cost": 84515.36, "Total Cost": 84515.36, "Plan Rows": 303948, "Plan Width": 8, "Actual Startup Time": 1095.244, "Actual Total Time": 1095.244, "Actual Rows": 300036, "Actual Loops": 1, "Hash Buckets": 524288, "Hash Batches": 1, "Original Hash Batches": 1, "Peak Memory Usage": 11721, "Plans": [{"Node Type": "Index Scan", "Parent Relationship": "Outer", "Scan Direction": "Forward", "Index Name": "customer_pkey", "Relation Name": "customer", "Alias": "customer", "Startup Cost": 0.0, "Total Cost": 84515.36, "Plan Rows": 303948, "Plan Width": 8, "Actual Startup Time": 0.031, "Actual Total Time": 1005.343, "Actual Rows": 300036, "Actual Loops": 1, "Filter": "(c_mktsegment = 'AUTOMOBILE'::bpchar), (LLVM Optimized, Jit Execute)", "Rows Removed by Filter": 1199964}]}]}, {"Node Type": "Index Scan", "Parent Relationship": "Inner", "Scan Direction": "Forward", "Index Name": "idx_lineitem_orderkey", "Relation Name": "lineitem", "Alias": "lineitem", "Startup Cost": 0.0, "Total Cost": 1.35, "Plan Rows": 5, "Plan Width": 24, "Actual Startup Time": 10496.908, "Actual Total Time": 10775.019, "Actual Rows": 300219, "Actual Loops": 1455173, "Index Cond": "(l_orderkey = orders.o_orderkey)", "Rows Removed by Index Recheck": 0, "Filter": "(l_shipdate > '1995-03-13 00:00:00'::timestamp(0) without time zone)", "Rows Removed by Filter": 5519788}]}]}]}]}, "Triggers": [], "Planner Runtime": 1.097, "Total Runtime": 26081.823, "Unique SQL Id": 3929762122}}, "(1, '42')": {"explain_plan": {"Plan": {"Node Type": "Limit", "Startup Cost": 3055991.15, "Total Cost": 3055991.17, "Plan Rows": 10, "Plan Width": 36, "Plans": [{"Node Type": "Sort", "Parent Relationship": "Outer", "Startup Cost": 3055991.15, "Total Cost": 3064889.27, "Plan Rows": 10, "Plan Width": 36, "Sort Key": ["(sum((lineitem.l_extendedprice * (1::double precision - lineitem.l_discount)))) DESC", "orders.o_orderdate"], "Plans": [{"Node Type": "Aggregate", "Strategy": "Hashed", "Parent Relationship": "Outer", "Startup Cost": 2943484.63, "Total Cost": 2979077.1, "Plan Rows": 3559247, "Plan Width": 36, "Group By Key": ["lineitem.l_orderkey", "orders.o_orderdate", "orders.o_shippriority"], "Plans": [{"Node Type": "Hash Join", "Parent Relationship": "Outer", "Join Type": "Inner", "Startup Cost": 567106.02, "Total Cost": 2890095.93, "Plan Rows": 3559247, "Plan Width": 36, "Inner Unique": false, "Hash Cond": "(lineitem.l_orderkey = orders.o_orderkey), (LLVM Optimized)", "Plans": [{"Node Type": "Seq Scan", "Parent Relationship": "Outer", "Relation Name": "lineitem", "Alias": "lineitem", "Startup Cost": 0.0, "Total Cost": 2165082.91, "Plan Rows": 32617206, "Plan Width": 24, "Filter": "(l_shipdate > '1995-03-13 00:00:00'::timestamp(0) without time zone), (LLVM Optimized)"}, {"Node Type": "Hash", "Parent Relationship": "Inner", "Startup Cost": 558158.87, "Total Cost": 558158.87, "Plan Rows": 715772, "Plan Width": 20, "Plans": [{"Node Type": "Hash Join", "Parent Relationship": "Outer", "Join Type": "Inner", "Startup Cost": 60061.81, "Total Cost": 558158.87, "Plan Rows": 715772, "Plan Width": 20, "Inner Unique": true, "Hash Cond": "(orders.o_custkey = customer.c_custkey), (LLVM Optimized)", "Plans": [{"Node Type": "Seq Scan", "Parent Relationship": "Outer", "Relation Name": "orders", "Alias": "orders", "Startup Cost": 386.46, "Total Cost": 463912.49, "Plan Rows": 7310217, "Plan Width": 28, "Filter": "(o_orderdate < '1995-03-13 00:00:00'::timestamp(0) without time zone), (LLVM Optimized)"}, {"Node Type": "Hash", "Parent Relationship": "Inner", "Startup Cost": 55876.0, "Total Cost": 55876.0, "Plan Rows": 303948, "Plan Width": 8, "Plans": [{"Node Type": "Seq Scan", "Parent Relationship": "Outer", "Relation Name": "customer", "Alias": "customer", "Startup Cost": 0.0, "Total Cost": 55876.0, "Plan Rows": 303948, "Plan Width": 8, "Filter": "(c_mktsegment = 'AUTOMOBILE'::bpchar), (LLVM Optimized)"}]}]}]}]}]}]}]}, "Unique SQL Id": 3929762122, "Planner Runtime": 0}, "explain_analyze_plan": {"Plan": {"Node Type": "Limit", "Startup Cost": 3055991.15, "Total Cost": 3055991.17, "Plan Rows": 10, "Plan Width": 36, "Actual Startup Time": 39912.957, "Actual Total Time": 39912.961, "Actual Rows": 10, "Actual Loops": 1, "Plans": [{"Node Type": "Sort", "Parent Relationship": "Outer", "Startup Cost": 3055991.15, "Total Cost": 3064889.27, "Plan Rows": 10, "Plan Width": 36, "Actual Startup Time": 39912.953, "Actual Total Time": 39912.956, "Actual Rows": 10, "Actual Loops": 1, "Sort Key": ["(sum((lineitem.l_extendedprice * (1::double precision - lineitem.l_discount)))) DESC", "orders.o_orderdate"], "Sort Method": "top-N heapsort", "Sort Space Used": 26, "Sort Space Type": "Memory", "Plans": [{"Node Type": "Aggregate", "Strategy": "Hashed", "Parent Relationship": "Outer", "Startup Cost": 2943484.63, "Total Cost": 2979077.1, "Plan Rows": 3559247, "Plan Width": 36, "Actual Startup Time": 39821.735, "Actual Total Time": 39885.752, "Actual Rows": 113719, "Actual Loops": 1, "Group By Key": ["lineitem.l_orderkey", "orders.o_orderdate", "orders.o_shippriority"], "Plans": [{"Node Type": "Hash Join", "Parent Relationship": "Outer", "Join Type": "Inner", "Startup Cost": 567106.02, "Total Cost": 2890095.93, "Plan Rows": 3559247, "Plan Width": 36, "Actual Startup Time": 9286.806, "Actual Total Time": 39528.201, "Actual Rows": 300219, "Actual Loops": 1, "Inner Unique": false, "Hash Cond": "(lineitem.l_orderkey = orders.o_orderkey), (LLVM Optimized, Jit Execute)", "Plans": [{"Node Type": "Seq Scan", "Parent Relationship": "Outer", "Relation Name": "lineitem", "Alias": "lineitem", "Startup Cost": 0.0, "Total Cost": 2165082.91, "Plan Rows": 32617206, "Plan Width": 24, "Actual Startup Time": 0.109, "Actual Total Time": 21259.675, "Actual Rows": 32384344, "Actual Loops": 1, "Filter": "(l_shipdate > '1995-03-13 00:00:00'::timestamp(0) without time zone), (LLVM Optimized, Jit Execute)", "Rows Removed by Filter": 27601708}, {"Node Type": "Hash", "Parent Relationship": "Inner", "Startup Cost": 558158.87, "Total Cost": 558158.87, "Plan Rows": 715772, "Plan Width": 20, "Actual Startup Time": 9285.133, "Actual Total Time": 9285.133, "Actual Rows": 1455173, "Actual Loops": 1, "Hash Buckets": 1048576, "Hash Batches": 1, "Original Hash Batches": 1, "Peak Memory Usage": 79580, "Plans": [{"Node Type": "Hash Join", "Parent Relationship": "Outer", "Join Type": "Inner", "Startup Cost": 60061.81, "Total Cost": 558158.87, "Plan Rows": 715772, "Plan Width": 20, "Actual Startup Time": 672.836, "Actual Total Time": 8567.114, "Actual Rows": 1455173, "Actual Loops": 1, "Inner Unique": true, "Hash Cond": "(orders.o_custkey = customer.c_custkey), (LLVM Optimized, Jit Execute)", "Plans": [{"Node Type": "Seq Scan", "Parent Relationship": "Outer", "Relation Name": "orders", "Alias": "orders", "Startup Cost": 386.46, "Total Cost": 463912.49, "Plan Rows": 7310217, "Plan Width": 28, "Actual Startup Time": 0.024, "Actual Total Time": 4947.226, "Actual Rows": 7276947, "Actual Loops": 1, "Filter": "(o_orderdate < '1995-03-13 00:00:00'::timestamp(0) without time zone), (LLVM Optimized, Jit Execute)", "Rows Removed by Filter": 7723053}, {"Node Type": "Hash", "Parent Relationship": "Inner", "Startup Cost": 55876.0, "Total Cost": 55876.0, "Plan Rows": 303948, "Plan Width": 8, "Actual Startup Time": 672.467, "Actual Total Time": 672.467, "Actual Rows": 300036, "Actual Loops": 1, "Hash Buckets": 524288, "Hash Batches": 1, "Original Hash Batches": 1, "Peak Memory Usage": 11721, "Plans": [{"Node Type": "Seq Scan", "Parent Relationship": "Outer", "Relation Name": "customer", "Alias": "customer", "Startup Cost": 0.0, "Total Cost": 55876.0, "Plan Rows": 303948, "Plan Width": 8, "Actual Startup Time": 0.027, "Actual Total Time": 584.45, "Actual Rows": 300036, "Actual Loops": 1, "Filter": "(c_mktsegment = 'AUTOMOBILE'::bpchar), (LLVM Optimized, Jit Execute)", "Rows Removed by Filter": 1199964}]}]}]}]}]}]}]}, "Triggers": [], "Planner Runtime": 1.09, "Total Runtime": 39923.34, "Unique SQL Id": 3929762122}}, "(1, '43')": {"explain_plan": {"Plan": {"Node Type": "Limit", "Startup Cost": 3000424682501.37, "Total Cost": 3000424682501.4, "Plan Rows": 10, "Plan Width": 36, "Plans": [{"Node Type": "Sort", "Parent Relationship": "Outer", "Startup Cost": 3000424682501.37, "Total Cost": 3000424691399.49, "Plan Rows": 10, "Plan Width": 36, "Sort Key": ["(sum((lineitem.l_extendedprice * (1::double precision - lineitem.l_discount)))) DESC", "orders.o_orderdate"], "Plans": [{"Node Type": "Aggregate", "Strategy": "Hashed", "Parent Relationship": "Outer", "Startup Cost": 3000424569994.85, "Total Cost": 3000424605587.32, "Plan Rows": 3559247, "Plan Width": 36, "Group By Key": ["lineitem.l_orderkey", "orders.o_orderdate", "orders.o_shippriority"], "Plans": [{"Node Type": "Hash Join", "Parent Relationship": "Outer", "Join Type": "Inner", "Startup Cost": 2010085346566.41, "Total Cost": 3000424516606.15, "Plan Rows": 3559247, "Plan Width": 36, "Inner Unique": false, "Hash Cond": "(lineitem.l_orderkey = orders.o_orderkey), (LLVM Optimized)", "Plans": [{"Node Type": "Index Scan", "Parent Relationship": "Outer", "Scan Direction": "Forward", "Index Name": "idx_lineitem_orderkey", "Relation Name": "lineitem", "Alias": "lineitem", "Startup Cost": 10000000000.0, "Total Cost": 1000339012132.75, "Plan Rows": 32617206, "Plan Width": 24, "Filter": "(l_shipdate > '1995-03-13 00:00:00'::timestamp(0) without time zone), (LLVM Optimized)"}, {"Node Type": "Hash", "Parent Relationship": "Inner", "Startup Cost": 2000085337619.26, "Total Cost": 2000085337619.26, "Plan Rows": 715772, "Plan Width": 20, "Plans": [{"Node Type": "Hash Join", "Parent Relationship": "Outer", "Join Type": "Inner", "Startup Cost": 1010008455334.97, "Total Cost": 2000085337619.26, "Plan Rows": 715772, "Plan Width": 20, "Inner Unique": true, "Hash Cond": "(orders.o_custkey = customer.c_custkey), (LLVM Optimized)", "Plans": [{"Node Type": "Index Scan", "Parent Relationship": "Outer", "Scan Direction": "Forward", "Index Name": "orders_pkey", "Relation Name": "orders", "Alias": "orders", "Startup Cost": 10000000000.0, "Total Cost": 1000076847713.25, "Plan Rows": 7310217, "Plan Width": 28, "Filter": "(o_orderdate < '1995-03-13 00:00:00'::timestamp(0) without time zone), (LLVM Optimized)"}, {"Node Type": "Hash", "Parent Relationship": "Inner", "Startup Cost": 1000008451535.62, "Total Cost": 1000008451535.62, "Plan Rows": 303948, "Plan Width": 8, "Plans": [{"Node Type": "Index Scan", "Parent Relationship": "Outer", "Scan Direction": "Forward", "Index Name": "customer_pkey", "Relation Name": "customer", "Alias": "customer", "Startup Cost": 10000000000.0, "Total Cost": 1000008451535.62, "Plan Rows": 303948, "Plan Width": 8, "Filter": "(c_mktsegment = 'AUTOMOBILE'::bpchar), (LLVM Optimized)"}]}]}]}]}]}]}]}, "Unique SQL Id": 3929762122, "Planner Runtime": 0}, "explain_analyze_plan": null}, "(1, '44')": {"explain_plan": {"Plan": {"Node Type": "Limit", "Startup Cost": 1728598.43, "Total Cost": 1728598.46, "Plan Rows": 10, "Plan Width": 36, "Plans": [{"Node Type": "Sort", "Parent Relationship": "Outer", "Startup Cost": 1728598.43, "Total Cost": 1737496.55, "Plan Rows": 10, "Plan Width": 36, "Sort Key": ["(sum((lineitem.l_extendedprice * (1::double precision - lineitem.l_discount)))) DESC", "orders.o_orderdate"], "Plans": [{"Node Type": "Aggregate", "Strategy": "Hashed", "Parent Relationship": "Outer", "Startup Cost": 1616091.91, "Total Cost": 1651684.38, "Plan Rows": 3559247, "Plan Width": 36, "Group By Key": ["lineitem.l_orderkey", "orders.o_orderdate", "orders.o_shippriority"], "Plans": [{"Node Type": "Nested Loop", "Parent Relationship": "Outer", "Join Type": "Inner", "Startup Cost": 60061.81, "Total Cost": 1562703.21, "Plan Rows": 3559247, "Plan Width": 36, "Inner Unique": false, "Plans": [{"Node Type": "Hash Join", "Parent Relationship": "Outer", "Join Type": "Inner", "Startup Cost": 60061.81, "Total Cost": 558158.87, "Plan Rows": 715772, "Plan Width": 20, "Inner Unique": true, "Hash Cond": "(orders.o_custkey = customer.c_custkey), (LLVM Optimized)", "Plans": [{"Node Type": "Seq Scan", "Parent Relationship": "Outer", "Relation Name": "orders", "Alias": "orders", "Startup Cost": 386.46, "Total Cost": 463912.49, "Plan Rows": 7310217, "Plan Width": 28, "Filter": "(o_orderdate < '1995-03-13 00:00:00'::timestamp(0) without time zone), (LLVM Optimized)"}, {"Node Type": "Hash", "Parent Relationship": "Inner", "Startup Cost": 55876.0, "Total Cost": 55876.0, "Plan Rows": 303948, "Plan Width": 8, "Plans": [{"Node Type": "Seq Scan", "Parent Relationship": "Outer", "Relation Name": "customer", "Alias": "customer", "Startup Cost": 0.0, "Total Cost": 55876.0, "Plan Rows": 303948, "Plan Width": 8, "Filter": "(c_mktsegment = 'AUTOMOBILE'::bpchar), (LLVM Optimized)"}]}]}, {"Node Type": "Index Scan", "Parent Relationship": "Inner", "Scan Direction": "Forward", "Index Name": "idx_lineitem_orderkey", "Relation Name": "lineitem", "Alias": "lineitem", "Startup Cost": 0.0, "Total Cost": 1.35, "Plan Rows": 5, "Plan Width": 24, "Index Cond": "(l_orderkey = orders.o_orderkey)", "Filter": "(l_shipdate > '1995-03-13 00:00:00'::timestamp(0) without time zone)"}]}]}]}]}, "Unique SQL Id": 3929762122, "Planner Runtime": 0}, "explain_analyze_plan": {"Plan": {"Node Type": "Limit", "Startup Cost": 1728598.43, "Total Cost": 1728598.46, "Plan Rows": 10, "Plan Width": 36, "Actual Startup Time": 21120.337, "Actual Total Time": 21120.34, "Actual Rows": 10, "Actual Loops": 1, "Plans": [{"Node Type": "Sort", "Parent Relationship": "Outer", "Startup Cost": 1728598.43, "Total Cost": 1737496.55, "Plan Rows": 10, "Plan Width": 36, "Actual Startup Time": 21120.334, "Actual Total Time": 21120.335, "Actual Rows": 10, "Actual Loops": 1, "Sort Key": ["(sum((lineitem.l_extendedprice * (1::double precision - lineitem.l_discount)))) DESC", "orders.o_orderdate"], "Sort Method": "top-N heapsort", "Sort Space Used": 26, "Sort Space Type": "Memory", "Plans": [{"Node Type": "Aggregate", "Strategy": "Hashed", "Parent Relationship": "Outer", "Startup Cost": 1616091.91, "Total Cost": 1651684.38, "Plan Rows": 3559247, "Plan Width": 36, "Actual Startup Time": 21032.242, "Actual Total Time": 21092.975, "Actual Rows": 113719, "Actual Loops": 1, "Group By Key": ["lineitem.l_orderkey", "orders.o_orderdate", "orders.o_shippriority"], "Plans": [{"Node Type": "Nested Loop", "Parent Relationship": "Outer", "Join Type": "Inner", "Startup Cost": 60061.81, "Total Cost": 1562703.21, "Plan Rows": 3559247, "Plan Width": 36, "Actual Startup Time": 739.304, "Actual Total Time": 20734.32, "Actual Rows": 300219, "Actual Loops": 1, "Inner Unique": false, "Plans": [{"Node Type": "Hash Join", "Parent Relationship": "Outer", "Join Type": "Inner", "Startup Cost": 60061.81, "Total Cost": 558158.87, "Plan Rows": 715772, "Plan Width": 20, "Actual Startup Time": 739.077, "Actual Total Time": 8940.97, "Actual Rows": 1455173, "Actual Loops": 1, "Inner Unique": true, "Hash Cond": "(orders.o_custkey = customer.c_custkey), (LLVM Optimized, Jit Execute)", "Plans": [{"Node Type": "Seq Scan", "Parent Relationship": "Outer", "Relation Name": "orders", "Alias": "orders", "Startup Cost": 386.46, "Total Cost": 463912.49, "Plan Rows": 7310217, "Plan Width": 28, "Actual Startup Time": 0.056, "Actual Total Time": 4941.534, "Actual Rows": 7276947, "Actual Loops": 1, "Filter": "(o_orderdate < '1995-03-13 00:00:00'::timestamp(0) without time zone), (LLVM Optimized, Jit Execute)", "Rows Removed by Filter": 7723053}, {"Node Type": "Hash", "Parent Relationship": "Inner", "Startup Cost": 55876.0, "Total Cost": 55876.0, "Plan Rows": 303948, "Plan Width": 8, "Actual Startup Time": 738.343, "Actual Total Time": 738.343, "Actual Rows": 300036, "Actual Loops": 1, "Hash Buckets": 524288, "Hash Batches": 1, "Original Hash Batches": 1, "Peak Memory Usage": 11721, "Plans": [{"Node Type": "Seq Scan", "Parent Relationship": "Outer", "Relation Name": "customer", "Alias": "customer", "Startup Cost": 0.0, "Total Cost": 55876.0, "Plan Rows": 303948, "Plan Width": 8, "Actual Startup Time": 0.021, "Actual Total Time": 643.423, "Actual Rows": 300036, "Actual Loops": 1, "Filter": "(c_mktsegment = 'AUTOMOBILE'::bpchar), (LLVM Optimized, Jit Execute)", "Rows Removed by Filter": 1199964}]}]}, {"Node Type": "Index Scan", "Parent Relationship": "Inner", "Scan Direction": "Forward", "Index Name": "idx_lineitem_orderkey", "Relation Name": "lineitem", "Alias": "lineitem", "Startup Cost": 0.0, "Total Cost": 1.35, "Plan Rows": 5, "Plan Width": 24, "Actual Startup Time": 10703.081, "Actual Total Time": 10988.174, "Actual Rows": 300219, "Actual Loops": 1455173, "Index Cond": "(l_orderkey = orders.o_orderkey)", "Rows Removed by Index Recheck": 0, "Filter": "(l_shipdate > '1995-03-13 00:00:00'::timestamp(0) without time zone)", "Rows Removed by Filter": 5519788}]}]}]}]}, "Triggers": [], "Planner Runtime": 1.233, "Total Runtime": 21130.306, "Unique SQL Id": 3929762122}}, "(1, '45')": {"explain_plan": {"Plan": {"Node Type": "Limit", "Startup Cost": 2061802.43, "Total Cost": 2061802.46, "Plan Rows": 10, "Plan Width": 36, "Plans": [{"Node Type": "Sort", "Parent Relationship": "Outer", "Startup Cost": 2061802.43, "Total Cost": 2070700.55, "Plan Rows": 10, "Plan Width": 36, "Sort Key": ["(sum((lineitem.l_extendedprice * (1::double precision - lineitem.l_discount)))) DESC", "orders.o_orderdate"], "Plans": [{"Node Type": "Aggregate", "Strategy": "Hashed", "Parent Relationship": "Outer", "Startup Cost": 1949295.92, "Total Cost": 1984888.39, "Plan Rows": 3559247, "Plan Width": 36, "Group By Key": ["lineitem.l_orderkey", "orders.o_orderdate", "orders.o_shippriority"], "Plans": [{"Node Type": "Nested Loop", "Parent Relationship": "Outer", "Join Type": "Inner", "Startup Cost": 88314.71, "Total Cost": 1895907.21, "Plan Rows": 3559247, "Plan Width": 36, "Inner Unique": false, "Plans": [{"Node Type": "Hash Join", "Parent Relationship": "Outer", "Join Type": "Inner", "Startup Cost": 88314.71, "Total Cost": 891362.87, "Plan Rows": 715772, "Plan Width": 20, "Inner Unique": true, "Hash Cond": "(orders.o_custkey = customer.c_custkey), (LLVM Optimized)", "Plans": [{"Node Type": "Index Scan", "Parent Relationship": "Outer", "Scan Direction": "Forward", "Index Name": "orders_pkey", "Relation Name": "orders", "Alias": "orders", "Startup Cost": 0.0, "Total Cost": 768477.13, "Plan Rows": 7310217, "Plan Width": 28, "Filter": "(o_orderdate < '1995-03-13 00:00:00'::timestamp(0) without time zone), (LLVM Optimized)"}, {"Node Type": "Hash", "Parent Relationship": "Inner", "Startup Cost": 84515.36, "Total Cost": 84515.36, "Plan Rows": 303948, "Plan Width": 8, "Plans": [{"Node Type": "Index Scan", "Parent Relationship": "Outer", "Scan Direction": "Forward", "Index Name": "customer_pkey", "Relation Name": "customer", "Alias": "customer", "Startup Cost": 0.0, "Total Cost": 84515.36, "Plan Rows": 303948, "Plan Width": 8, "Filter": "(c_mktsegment = 'AUTOMOBILE'::bpchar), (LLVM Optimized)"}]}]}, {"Node Type": "Index Scan", "Parent Relationship": "Inner", "Scan Direction": "Forward", "Index Name": "idx_lineitem_orderkey", "Relation Name": "lineitem", "Alias": "lineitem", "Startup Cost": 0.0, "Total Cost": 1.35, "Plan Rows": 5, "Plan Width": 24, "Index Cond": "(l_orderkey = orders.o_orderkey)", "Filter": "(l_shipdate > '1995-03-13 00:00:00'::timestamp(0) without time zone)"}]}]}]}]}, "Unique SQL Id": 3929762122, "Planner Runtime": 0}, "explain_analyze_plan": {"Plan": {"Node Type": "Limit", "Startup Cost": 2061802.43, "Total Cost": 2061802.46, "Plan Rows": 10, "Plan Width": 36, "Actual Startup Time": 26072.017, "Actual Total Time": 26072.02, "Actual Rows": 10, "Actual Loops": 1, "Plans": [{"Node Type": "Sort", "Parent Relationship": "Outer", "Startup Cost": 2061802.43, "Total Cost": 2070700.55, "Plan Rows": 10, "Plan Width": 36, "Actual Startup Time": 26072.014, "Actual Total Time": 26072.015, "Actual Rows": 10, "Actual Loops": 1, "Sort Key": ["(sum((lineitem.l_extendedprice * (1::double precision - lineitem.l_discount)))) DESC", "orders.o_orderdate"], "Sort Method": "top-N heapsort", "Sort Space Used": 26, "Sort Space Type": "Memory", "Plans": [{"Node Type": "Aggregate", "Strategy": "Hashed", "Parent Relationship": "Outer", "Startup Cost": 1949295.92, "Total Cost": 1984888.39, "Plan Rows": 3559247, "Plan Width": 36, "Actual Startup Time": 25984.937, "Actual Total Time": 26044.604, "Actual Rows": 113719, "Actual Loops": 1, "Group By Key": ["lineitem.l_orderkey", "orders.o_orderdate", "orders.o_shippriority"], "Plans": [{"Node Type": "Nested Loop", "Parent Relationship": "Outer", "Join Type": "Inner", "Startup Cost": 88314.71, "Total Cost": 1895907.21, "Plan Rows": 3559247, "Plan Width": 36, "Actual Startup Time": 1095.907, "Actual Total Time": 25691.367, "Actual Rows": 300219, "Actual Loops": 1, "Inner Unique": false, "Plans": [{"Node Type": "Hash Join", "Parent Relationship": "Outer", "Join Type": "Inner", "Startup Cost": 88314.71, "Total Cost": 891362.87, "Plan Rows": 715772, "Plan Width": 20, "Actual Startup Time": 1095.689, "Actual Total Time": 14132.106, "Actual Rows": 1455173, "Actual Loops": 1, "Inner Unique": true, "Hash Cond": "(orders.o_custkey = customer.c_custkey), (LLVM Optimized, Jit Execute)", "Plans": [{"Node Type": "Index Scan", "Parent Relationship": "Outer", "Scan Direction": "Forward", "Index Name": "orders_pkey", "Relation Name": "orders", "Alias": "orders", "Startup Cost": 0.0, "Total Cost": 768477.13, "Plan Rows": 7310217, "Plan Width": 28, "Actual Startup Time": 0.069, "Actual Total Time": 9774.272, "Actual Rows": 7276947, "Actual Loops": 1, "Filter": "(o_orderdate < '1995-03-13 00:00:00'::timestamp(0) without time zone), (LLVM Optimized, Jit Execute)", "Rows Removed by Filter": 7723053}, {"Node Type": "Hash", "Parent Relationship": "Inner", "Startup Cost": 84515.36, "Total Cost": 84515.36, "Plan Rows": 303948, "Plan Width": 8, "Actual Startup Time": 1095.244, "Actual Total Time": 1095.244, "Actual Rows": 300036, "Actual Loops": 1, "Hash Buckets": 524288, "Hash Batches": 1, "Original Hash Batches": 1, "Peak Memory Usage": 11721, "Plans": [{"Node Type": "Index Scan", "Parent Relationship": "Outer", "Scan Direction": "Forward", "Index Name": "customer_pkey", "Relation Name": "customer", "Alias": "customer", "Startup Cost": 0.0, "Total Cost": 84515.36, "Plan Rows": 303948, "Plan Width": 8, "Actual Startup Time": 0.031, "Actual Total Time": 1005.343, "Actual Rows": 300036, "Actual Loops": 1, "Filter": "(c_mktsegment = 'AUTOMOBILE'::bpchar), (LLVM Optimized, Jit Execute)", "Rows Removed by Filter": 1199964}]}]}, {"Node Type": "Index Scan", "Parent Relationship": "Inner", "Scan Direction": "Forward", "Index Name": "idx_lineitem_orderkey", "Relation Name": "lineitem", "Alias": "lineitem", "Startup Cost": 0.0, "Total Cost": 1.35, "Plan Rows": 5, "Plan Width": 24, "Actual Startup Time": 10496.908, "Actual Total Time": 10775.019, "Actual Rows": 300219, "Actual Loops": 1455173, "Index Cond": "(l_orderkey = orders.o_orderkey)", "Rows Removed by Index Recheck": 0, "Filter": "(l_shipdate > '1995-03-13 00:00:00'::timestamp(0) without time zone)", "Rows Removed by Filter": 5519788}]}]}]}]}, "Triggers": [], "Planner Runtime": 1.097, "Total Runtime": 26081.823, "Unique SQL Id": 3929762122}}, "(1, '46')": {"explain_plan": {"Plan": {"Node Type": "Limit", "Startup Cost": 3055991.15, "Total Cost": 3055991.17, "Plan Rows": 10, "Plan Width": 36, "Plans": [{"Node Type": "Sort", "Parent Relationship": "Outer", "Startup Cost": 3055991.15, "Total Cost": 3064889.27, "Plan Rows": 10, "Plan Width": 36, "Sort Key": ["(sum((lineitem.l_extendedprice * (1::double precision - lineitem.l_discount)))) DESC", "orders.o_orderdate"], "Plans": [{"Node Type": "Aggregate", "Strategy": "Hashed", "Parent Relationship": "Outer", "Startup Cost": 2943484.63, "Total Cost": 2979077.1, "Plan Rows": 3559247, "Plan Width": 36, "Group By Key": ["lineitem.l_orderkey", "orders.o_orderdate", "orders.o_shippriority"], "Plans": [{"Node Type": "Hash Join", "Parent Relationship": "Outer", "Join Type": "Inner", "Startup Cost": 567106.02, "Total Cost": 2890095.93, "Plan Rows": 3559247, "Plan Width": 36, "Inner Unique": false, "Hash Cond": "(lineitem.l_orderkey = orders.o_orderkey), (LLVM Optimized)", "Plans": [{"Node Type": "Seq Scan", "Parent Relationship": "Outer", "Relation Name": "lineitem", "Alias": "lineitem", "Startup Cost": 0.0, "Total Cost": 2165082.91, "Plan Rows": 32617206, "Plan Width": 24, "Filter": "(l_shipdate > '1995-03-13 00:00:00'::timestamp(0) without time zone), (LLVM Optimized)"}, {"Node Type": "Hash", "Parent Relationship": "Inner", "Startup Cost": 558158.87, "Total Cost": 558158.87, "Plan Rows": 715772, "Plan Width": 20, "Plans": [{"Node Type": "Hash Join", "Parent Relationship": "Outer", "Join Type": "Inner", "Startup Cost": 60061.81, "Total Cost": 558158.87, "Plan Rows": 715772, "Plan Width": 20, "Inner Unique": true, "Hash Cond": "(orders.o_custkey = customer.c_custkey), (LLVM Optimized)", "Plans": [{"Node Type": "Seq Scan", "Parent Relationship": "Outer", "Relation Name": "orders", "Alias": "orders", "Startup Cost": 386.46, "Total Cost": 463912.49, "Plan Rows": 7310217, "Plan Width": 28, "Filter": "(o_orderdate < '1995-03-13 00:00:00'::timestamp(0) without time zone), (LLVM Optimized)"}, {"Node Type": "Hash", "Parent Relationship": "Inner", "Startup Cost": 55876.0, "Total Cost": 55876.0, "Plan Rows": 303948, "Plan Width": 8, "Plans": [{"Node Type": "Seq Scan", "Parent Relationship": "Outer", "Relation Name": "customer", "Alias": "customer", "Startup Cost": 0.0, "Total Cost": 55876.0, "Plan Rows": 303948, "Plan Width": 8, "Filter": "(c_mktsegment = 'AUTOMOBILE'::bpchar), (LLVM Optimized)"}]}]}]}]}]}]}]}, "Unique SQL Id": 3929762122, "Planner Runtime": 0}, "explain_analyze_plan": {"Plan": {"Node Type": "Limit", "Startup Cost": 3055991.15, "Total Cost": 3055991.17, "Plan Rows": 10, "Plan Width": 36, "Actual Startup Time": 39912.957, "Actual Total Time": 39912.961, "Actual Rows": 10, "Actual Loops": 1, "Plans": [{"Node Type": "Sort", "Parent Relationship": "Outer", "Startup Cost": 3055991.15, "Total Cost": 3064889.27, "Plan Rows": 10, "Plan Width": 36, "Actual Startup Time": 39912.953, "Actual Total Time": 39912.956, "Actual Rows": 10, "Actual Loops": 1, "Sort Key": ["(sum((lineitem.l_extendedprice * (1::double precision - lineitem.l_discount)))) DESC", "orders.o_orderdate"], "Sort Method": "top-N heapsort", "Sort Space Used": 26, "Sort Space Type": "Memory", "Plans": [{"Node Type": "Aggregate", "Strategy": "Hashed", "Parent Relationship": "Outer", "Startup Cost": 2943484.63, "Total Cost": 2979077.1, "Plan Rows": 3559247, "Plan Width": 36, "Actual Startup Time": 39821.735, "Actual Total Time": 39885.752, "Actual Rows": 113719, "Actual Loops": 1, "Group By Key": ["lineitem.l_orderkey", "orders.o_orderdate", "orders.o_shippriority"], "Plans": [{"Node Type": "Hash Join", "Parent Relationship": "Outer", "Join Type": "Inner", "Startup Cost": 567106.02, "Total Cost": 2890095.93, "Plan Rows": 3559247, "Plan Width": 36, "Actual Startup Time": 9286.806, "Actual Total Time": 39528.201, "Actual Rows": 300219, "Actual Loops": 1, "Inner Unique": false, "Hash Cond": "(lineitem.l_orderkey = orders.o_orderkey), (LLVM Optimized, Jit Execute)", "Plans": [{"Node Type": "Seq Scan", "Parent Relationship": "Outer", "Relation Name": "lineitem", "Alias": "lineitem", "Startup Cost": 0.0, "Total Cost": 2165082.91, "Plan Rows": 32617206, "Plan Width": 24, "Actual Startup Time": 0.109, "Actual Total Time": 21259.675, "Actual Rows": 32384344, "Actual Loops": 1, "Filter": "(l_shipdate > '1995-03-13 00:00:00'::timestamp(0) without time zone), (LLVM Optimized, Jit Execute)", "Rows Removed by Filter": 27601708}, {"Node Type": "Hash", "Parent Relationship": "Inner", "Startup Cost": 558158.87, "Total Cost": 558158.87, "Plan Rows": 715772, "Plan Width": 20, "Actual Startup Time": 9285.133, "Actual Total Time": 9285.133, "Actual Rows": 1455173, "Actual Loops": 1, "Hash Buckets": 1048576, "Hash Batches": 1, "Original Hash Batches": 1, "Peak Memory Usage": 79580, "Plans": [{"Node Type": "Hash Join", "Parent Relationship": "Outer", "Join Type": "Inner", "Startup Cost": 60061.81, "Total Cost": 558158.87, "Plan Rows": 715772, "Plan Width": 20, "Actual Startup Time": 672.836, "Actual Total Time": 8567.114, "Actual Rows": 1455173, "Actual Loops": 1, "Inner Unique": true, "Hash Cond": "(orders.o_custkey = customer.c_custkey), (LLVM Optimized, Jit Execute)", "Plans": [{"Node Type": "Seq Scan", "Parent Relationship": "Outer", "Relation Name": "orders", "Alias": "orders", "Startup Cost": 386.46, "Total Cost": 463912.49, "Plan Rows": 7310217, "Plan Width": 28, "Actual Startup Time": 0.024, "Actual Total Time": 4947.226, "Actual Rows": 7276947, "Actual Loops": 1, "Filter": "(o_orderdate < '1995-03-13 00:00:00'::timestamp(0) without time zone), (LLVM Optimized, Jit Execute)", "Rows Removed by Filter": 7723053}, {"Node Type": "Hash", "Parent Relationship": "Inner", "Startup Cost": 55876.0, "Total Cost": 55876.0, "Plan Rows": 303948, "Plan Width": 8, "Actual Startup Time": 672.467, "Actual Total Time": 672.467, "Actual Rows": 300036, "Actual Loops": 1, "Hash Buckets": 524288, "Hash Batches": 1, "Original Hash Batches": 1, "Peak Memory Usage": 11721, "Plans": [{"Node Type": "Seq Scan", "Parent Relationship": "Outer", "Relation Name": "customer", "Alias": "customer", "Startup Cost": 0.0, "Total Cost": 55876.0, "Plan Rows": 303948, "Plan Width": 8, "Actual Startup Time": 0.027, "Actual Total Time": 584.45, "Actual Rows": 300036, "Actual Loops": 1, "Filter": "(c_mktsegment = 'AUTOMOBILE'::bpchar), (LLVM Optimized, Jit Execute)", "Rows Removed by Filter": 1199964}]}]}]}]}]}]}]}, "Triggers": [], "Planner Runtime": 1.09, "Total Runtime": 39923.34, "Unique SQL Id": 3929762122}}, "(1, '47')": {"explain_plan": {"Plan": {"Node Type": "Limit", "Startup Cost": 3000424682501.37, "Total Cost": 3000424682501.4, "Plan Rows": 10, "Plan Width": 36, "Plans": [{"Node Type": "Sort", "Parent Relationship": "Outer", "Startup Cost": 3000424682501.37, "Total Cost": 3000424691399.49, "Plan Rows": 10, "Plan Width": 36, "Sort Key": ["(sum((lineitem.l_extendedprice * (1::double precision - lineitem.l_discount)))) DESC", "orders.o_orderdate"], "Plans": [{"Node Type": "Aggregate", "Strategy": "Hashed", "Parent Relationship": "Outer", "Startup Cost": 3000424569994.85, "Total Cost": 3000424605587.32, "Plan Rows": 3559247, "Plan Width": 36, "Group By Key": ["lineitem.l_orderkey", "orders.o_orderdate", "orders.o_shippriority"], "Plans": [{"Node Type": "Hash Join", "Parent Relationship": "Outer", "Join Type": "Inner", "Startup Cost": 2010085346566.41, "Total Cost": 3000424516606.15, "Plan Rows": 3559247, "Plan Width": 36, "Inner Unique": false, "Hash Cond": "(lineitem.l_orderkey = orders.o_orderkey), (LLVM Optimized)", "Plans": [{"Node Type": "Index Scan", "Parent Relationship": "Outer", "Scan Direction": "Forward", "Index Name": "idx_lineitem_orderkey", "Relation Name": "lineitem", "Alias": "lineitem", "Startup Cost": 10000000000.0, "Total Cost": 1000339012132.75, "Plan Rows": 32617206, "Plan Width": 24, "Filter": "(l_shipdate > '1995-03-13 00:00:00'::timestamp(0) without time zone), (LLVM Optimized)"}, {"Node Type": "Hash", "Parent Relationship": "Inner", "Startup Cost": 2000085337619.26, "Total Cost": 2000085337619.26, "Plan Rows": 715772, "Plan Width": 20, "Plans": [{"Node Type": "Hash Join", "Parent Relationship": "Outer", "Join Type": "Inner", "Startup Cost": 1010008455334.97, "Total Cost": 2000085337619.26, "Plan Rows": 715772, "Plan Width": 20, "Inner Unique": true, "Hash Cond": "(orders.o_custkey = customer.c_custkey), (LLVM Optimized)", "Plans": [{"Node Type": "Index Scan", "Parent Relationship": "Outer", "Scan Direction": "Forward", "Index Name": "orders_pkey", "Relation Name": "orders", "Alias": "orders", "Startup Cost": 10000000000.0, "Total Cost": 1000076847713.25, "Plan Rows": 7310217, "Plan Width": 28, "Filter": "(o_orderdate < '1995-03-13 00:00:00'::timestamp(0) without time zone), (LLVM Optimized)"}, {"Node Type": "Hash", "Parent Relationship": "Inner", "Startup Cost": 1000008451535.62, "Total Cost": 1000008451535.62, "Plan Rows": 303948, "Plan Width": 8, "Plans": [{"Node Type": "Index Scan", "Parent Relationship": "Outer", "Scan Direction": "Forward", "Index Name": "customer_pkey", "Relation Name": "customer", "Alias": "customer", "Startup Cost": 10000000000.0, "Total Cost": 1000008451535.62, "Plan Rows": 303948, "Plan Width": 8, "Filter": "(c_mktsegment = 'AUTOMOBILE'::bpchar), (LLVM Optimized)"}]}]}]}]}]}]}]}, "Unique SQL Id": 3929762122, "Planner Runtime": 0}, "explain_analyze_plan": null}, "(1, '48')": {"explain_plan": {"Plan": {"Node Type": "Limit", "Startup Cost": 2671272.65, "Total Cost": 2671272.68, "Plan Rows": 10, "Plan Width": 36, "Plans": [{"Node Type": "Sort", "Parent Relationship": "Outer", "Startup Cost": 2671272.65, "Total Cost": 2680170.77, "Plan Rows": 10, "Plan Width": 36, "Sort Key": ["(sum((lineitem.l_extendedprice * (1::double precision - lineitem.l_discount)))) DESC", "orders.o_orderdate"], "Plans": [{"Node Type": "Aggregate", "Strategy": "Hashed", "Parent Relationship": "Outer", "Startup Cost": 2558766.13, "Total Cost": 2594358.6, "Plan Rows": 3559247, "Plan Width": 36, "Group By Key": ["lineitem.l_orderkey", "orders.o_orderdate", "orders.o_shippriority"], "Plans": [{"Node Type": "Nested Loop", "Parent Relationship": "Outer", "Join Type": "Inner", "Startup Cost": 0.0, "Total Cost": 2505377.43, "Plan Rows": 3559247, "Plan Width": 36, "Inner Unique": false, "Plans": [{"Node Type": "Nested Loop", "Parent Relationship": "Outer", "Join Type": "Inner", "Startup Cost": 0.0, "Total Cost": 1500833.09, "Plan Rows": 715772, "Plan Width": 20, "Inner Unique": false, "Plans": [{"Node Type": "Seq Scan", "Parent Relationship": "Outer", "Relation Name": "customer", "Alias": "customer", "Startup Cost": 0.0, "Total Cost": 55876.0, "Plan Rows": 303948, "Plan Width": 8, "Filter": "(c_mktsegment = 'AUTOMOBILE'::bpchar), (LLVM Optimized)"}, {"Node Type": "Index Scan", "Parent Relationship": "Inner", "Scan Direction": "Forward", "Index Name": "idx_orders_custkey", "Relation Name": "orders", "Alias": "orders", "Startup Cost": 0.0, "Total Cost": 4.73, "Plan Rows": 2, "Plan Width": 28, "Index Cond": "(o_custkey = customer.c_custkey)", "Filter": "(o_orderdate < '1995-03-13 00:00:00'::timestamp(0) without time zone)"}]}, {"Node Type": "Index Scan", "Parent Relationship": "Inner", "Scan Direction": "Forward", "Index Name": "idx_lineitem_orderkey", "Relation Name": "lineitem", "Alias": "lineitem", "Startup Cost": 0.0, "Total Cost": 1.35, "Plan Rows": 5, "Plan Width": 24, "Index Cond": "(l_orderkey = orders.o_orderkey)", "Filter": "(l_shipdate > '1995-03-13 00:00:00'::timestamp(0) without time zone)"}]}]}]}]}, "Unique SQL Id": 3929762122, "Planner Runtime": 0}, "explain_analyze_plan": {"Plan": {"Node Type": "Limit", "Startup Cost": 2671272.65, "Total Cost": 2671272.68, "Plan Rows": 10, "Plan Width": 36, "Actual Startup Time": 27779.044, "Actual Total Time": 27779.047, "Actual Rows": 10, "Actual Loops": 1, "Plans": [{"Node Type": "Sort", "Parent Relationship": "Outer", "Startup Cost": 2671272.65, "Total Cost": 2680170.77, "Plan Rows": 10, "Plan Width": 36, "Actual Startup Time": 27779.04, "Actual Total Time": 27779.042, "Actual Rows": 10, "Actual Loops": 1, "Sort Key": ["(sum((lineitem.l_extendedprice * (1::double precision - lineitem.l_discount)))) DESC", "orders.o_orderdate"], "Sort Method": "top-N heapsort", "Sort Space Used": 26, "Sort Space Type": "Memory", "Plans": [{"Node Type": "Aggregate", "Strategy": "Hashed", "Parent Relationship": "Outer", "Startup Cost": 2558766.13, "Total Cost": 2594358.6, "Plan Rows": 3559247, "Plan Width": 36, "Actual Startup Time": 27666.934, "Actual Total Time": 27751.675, "Actual Rows": 113719, "Actual Loops": 1, "Group By Key": ["lineitem.l_orderkey", "orders.o_orderdate", "orders.o_shippriority"], "Plans": [{"Node Type": "Nested Loop", "Parent Relationship": "Outer", "Join Type": "Inner", "Startup Cost": 0.0, "Total Cost": 2505377.43, "Plan Rows": 3559247, "Plan Width": 36, "Actual Startup Time": 0.192, "Actual Total Time": 27341.729, "Actual Rows": 300219, "Actual Loops": 1, "Inner Unique": false, "Plans": [{"Node Type": "Nested Loop", "Parent Relationship": "Outer", "Join Type": "Inner", "Startup Cost": 0.0, "Total Cost": 1500833.09, "Plan Rows": 715772, "Plan Width": 20, "Actual Startup Time": 0.095, "Actual Total Time": 9668.336, "Actual Rows": 1455173, "Actual Loops": 1, "Inner Unique": false, "Plans": [{"Node Type": "Seq Scan", "Parent Relationship": "Outer", "Relation Name": "customer", "Alias": "customer", "Startup Cost": 0.0, "Total Cost": 55876.0, "Plan Rows": 303948, "Plan Width": 8, "Actual Startup Time": 0.049, "Actual Total Time": 635.908, "Actual Rows": 300036, "Actual Loops": 1, "Filter": "(c_mktsegment = 'AUTOMOBILE'::bpchar), (LLVM Optimized, Jit Execute)", "Rows Removed by Filter": 1199964}, {"Node Type": "Index Scan", "Parent Relationship": "Inner", "Scan Direction": "Forward", "Index Name": "idx_orders_custkey", "Relation Name": "orders", "Alias": "orders", "Startup Cost": 0.0, "Total Cost": 4.73, "Plan Rows": 2, "Plan Width": 28, "Actual Startup Time": 2118.749, "Actual Total Time": 8508.063, "Actual Rows": 1455173, "Actual Loops": 300036, "Index Cond": "(o_custkey = customer.c_custkey)", "Rows Removed by Index Recheck": 0, "Filter": "(o_orderdate < '1995-03-13 00:00:00'::timestamp(0) without time zone)", "Rows Removed by Filter": 1545367}]}, {"Node Type": "Index Scan", "Parent Relationship": "Inner", "Scan Direction": "Forward", "Index Name": "idx_lineitem_orderkey", "Relation Name": "lineitem", "Alias": "lineitem", "Startup Cost": 0.0, "Total Cost": 1.35, "Plan Rows": 5, "Plan Width": 24, "Actual Startup Time": 16561.04, "Actual Total Time": 16849.911, "Actual Rows": 300219, "Actual Loops": 1455173, "Index Cond": "(l_orderkey = orders.o_orderkey)", "Rows Removed by Index Recheck": 0, "Filter": "(l_shipdate > '1995-03-13 00:00:00'::timestamp(0) without time zone)", "Rows Removed by Filter": 5519788}]}]}]}]}, "Triggers": [], "Planner Runtime": 0.562, "Total Runtime": 27788.418, "Unique SQL Id": 3929762122}}, "(1, '49')": {"explain_plan": {"Plan": {"Node Type": "Limit", "Startup Cost": 2699912.01, "Total Cost": 2699912.03, "Plan Rows": 10, "Plan Width": 36, "Plans": [{"Node Type": "Sort", "Parent Relationship": "Outer", "Startup Cost": 2699912.01, "Total Cost": 2708810.13, "Plan Rows": 10, "Plan Width": 36, "Sort Key": ["(sum((lineitem.l_extendedprice * (1::double precision - lineitem.l_discount)))) DESC", "orders.o_orderdate"], "Plans": [{"Node Type": "Aggregate", "Strategy": "Hashed", "Parent Relationship": "Outer", "Startup Cost": 2587405.49, "Total Cost": 2622997.96, "Plan Rows": 3559247, "Plan Width": 36, "Group By Key": ["lineitem.l_orderkey", "orders.o_orderdate", "orders.o_shippriority"], "Plans": [{"Node Type": "Nested Loop", "Parent Relationship": "Outer", "Join Type": "Inner", "Startup Cost": 0.0, "Total Cost": 2534016.78, "Plan Rows": 3559247, "Plan Width": 36, "Inner Unique": false, "Plans": [{"Node Type": "Nested Loop", "Parent Relationship": "Outer", "Join Type": "Inner", "Startup Cost": 0.0, "Total Cost": 1529472.45, "Plan Rows": 715772, "Plan Width": 20, "Inner Unique": false, "Plans": [{"Node Type": "Index Scan", "Parent Relationship": "Outer", "Scan Direction": "Forward", "Index Name": "customer_pkey", "Relation Name": "customer", "Alias": "customer", "Startup Cost": 0.0, "Total Cost": 84515.36, "Plan Rows": 303948, "Plan Width": 8, "Filter": "(c_mktsegment = 'AUTOMOBILE'::bpchar), (LLVM Optimized)"}, {"Node Type": "Index Scan", "Parent Relationship": "Inner", "Scan Direction": "Forward", "Index Name": "idx_orders_custkey", "Relation Name": "orders", "Alias": "orders", "Startup Cost": 0.0, "Total Cost": 4.73, "Plan Rows": 2, "Plan Width": 28, "Index Cond": "(o_custkey = customer.c_custkey)", "Filter": "(o_orderdate < '1995-03-13 00:00:00'::timestamp(0) without time zone)"}]}, {"Node Type": "Index Scan", "Parent Relationship": "Inner", "Scan Direction": "Forward", "Index Name": "idx_lineitem_orderkey", "Relation Name": "lineitem", "Alias": "lineitem", "Startup Cost": 0.0, "Total Cost": 1.35, "Plan Rows": 5, "Plan Width": 24, "Index Cond": "(l_orderkey = orders.o_orderkey)", "Filter": "(l_shipdate > '1995-03-13 00:00:00'::timestamp(0) without time zone)"}]}]}]}]}, "Unique SQL Id": 3929762122, "Planner Runtime": 0}, "explain_analyze_plan": {"Plan": {"Node Type": "Limit", "Startup Cost": 2699912.01, "Total Cost": 2699912.03, "Plan Rows": 10, "Plan Width": 36, "Actual Startup Time": 28682.927, "Actual Total Time": 28682.93, "Actual Rows": 10, "Actual Loops": 1, "Plans": [{"Node Type": "Sort", "Parent Relationship": "Outer", "Startup Cost": 2699912.01, "Total Cost": 2708810.13, "Plan Rows": 10, "Plan Width": 36, "Actual Startup Time": 28682.924, "Actual Total Time": 28682.927, "Actual Rows": 10, "Actual Loops": 1, "Sort Key": ["(sum((lineitem.l_extendedprice * (1::double precision - lineitem.l_discount)))) DESC", "orders.o_orderdate"], "Sort Method": "top-N heapsort", "Sort Space Used": 26, "Sort Space Type": "Memory", "Plans": [{"Node Type": "Aggregate", "Strategy": "Hashed", "Parent Relationship": "Outer", "Startup Cost": 2587405.49, "Total Cost": 2622997.96, "Plan Rows": 3559247, "Plan Width": 36, "Actual Startup Time": 28589.273, "Actual Total Time": 28655.673, "Actual Rows": 113719, "Actual Loops": 1, "Group By Key": ["lineitem.l_orderkey", "orders.o_orderdate", "orders.o_shippriority"], "Plans": [{"Node Type": "Nested Loop", "Parent Relationship": "Outer", "Join Type": "Inner", "Startup Cost": 0.0, "Total Cost": 2534016.78, "Plan Rows": 3559247, "Plan Width": 36, "Actual Startup Time": 0.188, "Actual Total Time": 28265.178, "Actual Rows": 300219, "Actual Loops": 1, "Inner Unique": false, "Plans": [{"Node Type": "Nested Loop", "Parent Relationship": "Outer", "Join Type": "Inner", "Startup Cost": 0.0, "Total Cost": 1529472.45, "Plan Rows": 715772, "Plan Width": 20, "Actual Startup Time": 0.091, "Actual Total Time": 10349.336, "Actual Rows": 1455173, "Actual Loops": 1, "Inner Unique": false, "Plans": [{"Node Type": "Index Scan", "Parent Relationship": "Outer", "Scan Direction": "Forward", "Index Name": "customer_pkey", "Relation Name": "customer", "Alias": "customer", "Startup Cost": 0.0, "Total Cost": 84515.36, "Plan Rows": 303948, "Plan Width": 8, "Actual Startup Time": 0.064, "Actual Total Time": 1190.084, "Actual Rows": 300036, "Actual Loops": 1, "Filter": "(c_mktsegment = 'AUTOMOBILE'::bpchar), (LLVM Optimized, Jit Execute)", "Rows Removed by Filter": 1199964}, {"Node Type": "Index Scan", "Parent Relationship": "Inner", "Scan Direction": "Forward", "Index Name": "idx_orders_custkey", "Relation Name": "orders", "Alias": "orders", "Startup Cost": 0.0, "Total Cost": 4.73, "Plan Rows": 2, "Plan Width": 28, "Actual Startup Time": 2137.39, "Actual Total Time": 8636.858, "Actual Rows": 1455173, "Actual Loops": 300036, "Index Cond": "(o_custkey = customer.c_custkey)", "Rows Removed by Index Recheck": 0, "Filter": "(o_orderdate < '1995-03-13 00:00:00'::timestamp(0) without time zone)", "Rows Removed by Filter": 1545367}]}, {"Node Type": "Index Scan", "Parent Relationship": "Inner", "Scan Direction": "Forward", "Index Name": "idx_lineitem_orderkey", "Relation Name": "lineitem", "Alias": "lineitem", "Startup Cost": 0.0, "Total Cost": 1.35, "Plan Rows": 5, "Plan Width": 24, "Actual Startup Time": 16806.131, "Actual Total Time": 17097.677, "Actual Rows": 300219, "Actual Loops": 1455173, "Index Cond": "(l_orderkey = orders.o_orderkey)", "Rows Removed by Index Recheck": 0, "Filter": "(l_shipdate > '1995-03-13 00:00:00'::timestamp(0) without time zone)", "Rows Removed by Filter": 5519788}]}]}]}]}, "Triggers": [], "Planner Runtime": 1.026, "Total Runtime": 28692.282, "Unique SQL Id": 3929762122}}, "(1, '50')": {"explain_plan": {"Plan": {"Node Type": "Limit", "Startup Cost": 5091242.79, "Total Cost": 5091242.81, "Plan Rows": 10, "Plan Width": 36, "Plans": [{"Node Type": "Sort", "Parent Relationship": "Outer", "Startup Cost": 5091242.79, "Total Cost": 5100140.91, "Plan Rows": 10, "Plan Width": 36, "Sort Key": ["(sum((lineitem.l_extendedprice * (1::double precision - lineitem.l_discount)))) DESC", "orders.o_orderdate"], "Plans": [{"Node Type": "Aggregate", "Strategy": "Hashed", "Parent Relationship": "Outer", "Startup Cost": 4978736.27, "Total Cost": 5014328.74, "Plan Rows": 3559247, "Plan Width": 36, "Group By Key": ["lineitem.l_orderkey", "orders.o_orderdate", "orders.o_shippriority"], "Plans": [{"Node Type": "Nested Loop", "Parent Relationship": "Outer", "Join Type": "Inner", "Startup Cost": 1.48, "Total Cost": 4925347.57, "Plan Rows": 3559247, "Plan Width": 36, "Inner Unique": false, "Plans": [{"Node Type": "Nested Loop", "Parent Relationship": "Outer", "Join Type": "Inner", "Startup Cost": 1.04, "Total Cost": 1611109.25, "Plan Rows": 715772, "Plan Width": 20, "Inner Unique": false, "Plans": [{"Node Type": "Seq Scan", "Parent Relationship": "Outer", "Relation Name": "customer", "Alias": "customer", "Startup Cost": 0.0, "Total Cost": 55876.0, "Plan Rows": 303948, "Plan Width": 8, "Filter": "(c_mktsegment = 'AUTOMOBILE'::bpchar), (LLVM Optimized)"}, {"Node Type": "Bitmap Heap Scan", "Parent Relationship": "Inner", "Relation Name": "orders", "Alias": "orders", "Startup Cost": 1.04, "Total Cost": 5.1, "Plan Rows": 2, "Plan Width": 28, "Recheck Cond": "(o_custkey = customer.c_custkey)", "Filter": "(o_orderdate < '1995-03-13 00:00:00'::timestamp(0) without time zone)", "Plans": [{"Node Type": "Bitmap Index Scan", "Parent Relationship": "Outer", "Index Name": "idx_orders_custkey", "Startup Cost": 0.0, "Total Cost": 1.04, "Plan Rows": 4, "Plan Width": 0, "Index Cond": "(o_custkey = customer.c_custkey)"}]}]}, {"Node Type": "Bitmap Heap Scan", "Parent Relationship": "Inner", "Relation Name": "lineitem", "Alias": "lineitem", "Startup Cost": 0.45, "Total Cost": 4.58, "Plan Rows": 5, "Plan Width": 24, "Recheck Cond": "(l_orderkey = orders.o_orderkey)", "Filter": "(l_shipdate > '1995-03-13 00:00:00'::timestamp(0) without time zone)", "Plans": [{"Node Type": "Bitmap Index Scan", "Parent Relationship": "Outer", "Index Name": "idx_lineitem_orderkey", "Startup Cost": 0.0, "Total Cost": 0.44, "Plan Rows": 9, "Plan Width": 0, "Index Cond": "(l_orderkey = orders.o_orderkey)"}]}]}]}]}]}, "Unique SQL Id": 3929762122, "Planner Runtime": 0}, "explain_analyze_plan": {"Plan": {"Node Type": "Limit", "Startup Cost": 5091242.79, "Total Cost": 5091242.81, "Plan Rows": 10, "Plan Width": 36, "Actual Startup Time": 31249.263, "Actual Total Time": 31249.267, "Actual Rows": 10, "Actual Loops": 1, "Plans": [{"Node Type": "Sort", "Parent Relationship": "Outer", "Startup Cost": 5091242.79, "Total Cost": 5100140.91, "Plan Rows": 10, "Plan Width": 36, "Actual Startup Time": 31249.259, "Actual Total Time": 31249.259, "Actual Rows": 10, "Actual Loops": 1, "Sort Key": ["(sum((lineitem.l_extendedprice * (1::double precision - lineitem.l_discount)))) DESC", "orders.o_orderdate"], "Sort Method": "top-N heapsort", "Sort Space Used": 26, "Sort Space Type": "Memory", "Plans": [{"Node Type": "Aggregate", "Strategy": "Hashed", "Parent Relationship": "Outer", "Startup Cost": 4978736.27, "Total Cost": 5014328.74, "Plan Rows": 3559247, "Plan Width": 36, "Actual Startup Time": 31158.208, "Actual Total Time": 31221.902, "Actual Rows": 113719, "Actual Loops": 1, "Group By Key": ["lineitem.l_orderkey", "orders.o_orderdate", "orders.o_shippriority"], "Plans": [{"Node Type": "Nested Loop", "Parent Relationship": "Outer", "Join Type": "Inner", "Startup Cost": 1.48, "Total Cost": 4925347.57, "Plan Rows": 3559247, "Plan Width": 36, "Actual Startup Time": 0.253, "Actual Total Time": 30789.484, "Actual Rows": 300219, "Actual Loops": 1, "Inner Unique": false, "Plans": [{"Node Type": "Nested Loop", "Parent Relationship": "Outer", "Join Type": "Inner", "Startup Cost": 1.04, "Total Cost": 1611109.25, "Plan Rows": 715772, "Plan Width": 20, "Actual Startup Time": 0.131, "Actual Total Time": 11323.579, "Actual Rows": 1455173, "Actual Loops": 1, "Inner Unique": false, "Plans": [{"Node Type": "Seq Scan", "Parent Relationship": "Outer", "Relation Name": "customer", "Alias": "customer", "Startup Cost": 0.0, "Total Cost": 55876.0, "Plan Rows": 303948, "Plan Width": 8, "Actual Startup Time": 0.053, "Actual Total Time": 659.557, "Actual Rows": 300036, "Actual Loops": 1, "Filter": "(c_mktsegment = 'AUTOMOBILE'::bpchar), (LLVM Optimized, Jit Execute)", "Rows Removed by Filter": 1199964}, {"Node Type": "Bitmap Heap Scan", "Parent Relationship": "Inner", "Relation Name": "orders", "Alias": "orders", "Startup Cost": 1.04, "Total Cost": 5.1, "Plan Rows": 2, "Plan Width": 28, "Actual Startup Time": 3169.52, "Actual Total Time": 9903.348, "Actual Rows": 1455173, "Actual Loops": 300036, "Recheck Cond": "(o_custkey = customer.c_custkey)", "Rows Removed by Index Recheck": 0, "Filter": "(o_orderdate < '1995-03-13 00:00:00'::timestamp(0) without time zone)", "Rows Removed by Filter": 1545367, "Exact Heap Blocks": 3000452, "Lossy Heap Blocks": 3000452, "Plans": [{"Node Type": "Bitmap Index Scan", "Parent Relationship": "Outer", "Index Name": "idx_orders_custkey", "Startup Cost": 0.0, "Total Cost": 1.04, "Plan Rows": 4, "Plan Width": 0, "Actual Startup Time": 1489.754, "Actual Total Time": 1489.754, "Actual Rows": 3000540, "Actual Loops": 300036, "Index Cond": "(o_custkey = customer.c_custkey)"}]}]}, {"Node Type": "Bitmap Heap Scan", "Parent Relationship": "Inner", "Relation Name": "lineitem", "Alias": "lineitem", "Startup Cost": 0.45, "Total Cost": 4.58, "Plan Rows": 5, "Plan Width": 24, "Actual Startup Time": 17544.561, "Actual Total Time": 17667.041, "Actual Rows": 300219, "Actual Loops": 1455173, "Recheck Cond": "(l_orderkey = orders.o_orderkey)", "Rows Removed by Index Recheck": 0, "Filter": "(l_shipdate > '1995-03-13 00:00:00'::timestamp(0) without time zone)", "Rows Removed by Filter": 5519788, "Exact Heap Blocks": 1558994, "Lossy Heap Blocks": 1558994, "Plans": [{"Node Type": "Bitmap Index Scan", "Parent Relationship": "Outer", "Index Name": "idx_lineitem_orderkey", "Startup Cost": 0.0, "Total Cost": 0.44, "Plan Rows": 9, "Plan Width": 0, "Actual Startup Time": 10053.452, "Actual Total Time": 10053.452, "Actual Rows": 5820007, "Actual Loops": 1455173, "Index Cond": "(l_orderkey = orders.o_orderkey)"}]}]}]}]}]}, "Triggers": [], "Planner Runtime": 0.581, "Total Runtime": 31258.584, "Unique SQL Id": 3929762122}}, "(1, '51')": {"explain_plan": {"Plan": {"Node Type": "Limit", "Startup Cost": 35345596.54, "Total Cost": 35345596.56, "Plan Rows": 10, "Plan Width": 36, "Plans": [{"Node Type": "Sort", "Parent Relationship": "Outer", "Startup Cost": 35345596.54, "Total Cost": 35354494.65, "Plan Rows": 10, "Plan Width": 36, "Sort Key": ["(sum((lineitem.l_extendedprice * (1::double precision - lineitem.l_discount)))) DESC", "orders.o_orderdate"], "Plans": [{"Node Type": "Aggregate", "Strategy": "Hashed", "Parent Relationship": "Outer", "Startup Cost": 35233090.02, "Total Cost": 35268682.49, "Plan Rows": 3559247, "Plan Width": 36, "Group By Key": ["lineitem.l_orderkey", "orders.o_orderdate", "orders.o_shippriority"], "Plans": [{"Node Type": "Nested Loop", "Parent Relationship": "Outer", "Join Type": "Inner", "Startup Cost": 168699.14, "Total Cost": 35179701.31, "Plan Rows": 3559247, "Plan Width": 36, "Inner Unique": false, "Plans": [{"Node Type": "Nested Loop", "Parent Relationship": "Outer", "Join Type": "Inner", "Startup Cost": 168698.69, "Total Cost": 31865463.0, "Plan Rows": 715772, "Plan Width": 20, "Inner Unique": true, "Plans": [{"Node Type": "Bitmap Heap Scan", "Parent Relationship": "Outer", "Relation Name": "orders", "Alias": "orders", "Startup Cost": 168698.43, "Total Cost": 536495.14, "Plan Rows": 7310217, "Plan Width": 28, "Recheck Cond": "(o_orderdate < '1995-03-13 00:00:00'::timestamp(0) without time zone), (LLVM Optimized)", "Plans": [{"Node Type": "Bitmap Index Scan", "Parent Relationship": "Outer", "Index Name": "idx_orders_orderdate", "Startup Cost": 0.0, "Total Cost": 166870.88, "Plan Rows": 7310217, "Plan Width": 0, "Index Cond": "(o_orderdate < '1995-03-13 00:00:00'::timestamp(0) without time zone)"}]}, {"Node Type": "Bitmap Heap Scan", "Parent Relationship": "Inner", "Relation Name": "customer", "Alias": "customer", "Startup Cost": 0.26, "Total Cost": 4.28, "Plan Rows": 1, "Plan Width": 8, "Recheck Cond": "(c_custkey = orders.o_custkey)", "Filter": "(c_mktsegment = 'AUTOMOBILE'::bpchar)", "Plans": [{"Node Type": "Bitmap Index Scan", "Parent Relationship": "Outer", "Index Name": "customer_pkey", "Startup Cost": 0.0, "Total Cost": 0.26, "Plan Rows": 1, "Plan Width": 0, "Index Cond": "(c_custkey = orders.o_custkey)"}]}]}, {"Node Type": "Bitmap Heap Scan", "Parent Relationship": "Inner", "Relation Name": "lineitem", "Alias": "lineitem", "Startup Cost": 0.45, "Total Cost": 4.58, "Plan Rows": 5, "Plan Width": 24, "Recheck Cond": "(l_orderkey = orders.o_orderkey)", "Filter": "(l_shipdate > '1995-03-13 00:00:00'::timestamp(0) without time zone)", "Plans": [{"Node Type": "Bitmap Index Scan", "Parent Relationship": "Outer", "Index Name": "idx_lineitem_orderkey", "Startup Cost": 0.0, "Total Cost": 0.44, "Plan Rows": 9, "Plan Width": 0, "Index Cond": "(l_orderkey = orders.o_orderkey)"}]}]}]}]}]}, "Unique SQL Id": 3929762122, "Planner Runtime": 0}, "explain_analyze_plan": null}, "(1, '52')": {"explain_plan": {"Plan": {"Node Type": "Limit", "Startup Cost": 2671272.65, "Total Cost": 2671272.68, "Plan Rows": 10, "Plan Width": 36, "Plans": [{"Node Type": "Sort", "Parent Relationship": "Outer", "Startup Cost": 2671272.65, "Total Cost": 2680170.77, "Plan Rows": 10, "Plan Width": 36, "Sort Key": ["(sum((lineitem.l_extendedprice * (1::double precision - lineitem.l_discount)))) DESC", "orders.o_orderdate"], "Plans": [{"Node Type": "Aggregate", "Strategy": "Hashed", "Parent Relationship": "Outer", "Startup Cost": 2558766.13, "Total Cost": 2594358.6, "Plan Rows": 3559247, "Plan Width": 36, "Group By Key": ["lineitem.l_orderkey", "orders.o_orderdate", "orders.o_shippriority"], "Plans": [{"Node Type": "Nested Loop", "Parent Relationship": "Outer", "Join Type": "Inner", "Startup Cost": 0.0, "Total Cost": 2505377.43, "Plan Rows": 3559247, "Plan Width": 36, "Inner Unique": false, "Plans": [{"Node Type": "Nested Loop", "Parent Relationship": "Outer", "Join Type": "Inner", "Startup Cost": 0.0, "Total Cost": 1500833.09, "Plan Rows": 715772, "Plan Width": 20, "Inner Unique": false, "Plans": [{"Node Type": "Seq Scan", "Parent Relationship": "Outer", "Relation Name": "customer", "Alias": "customer", "Startup Cost": 0.0, "Total Cost": 55876.0, "Plan Rows": 303948, "Plan Width": 8, "Filter": "(c_mktsegment = 'AUTOMOBILE'::bpchar), (LLVM Optimized)"}, {"Node Type": "Index Scan", "Parent Relationship": "Inner", "Scan Direction": "Forward", "Index Name": "idx_orders_custkey", "Relation Name": "orders", "Alias": "orders", "Startup Cost": 0.0, "Total Cost": 4.73, "Plan Rows": 2, "Plan Width": 28, "Index Cond": "(o_custkey = customer.c_custkey)", "Filter": "(o_orderdate < '1995-03-13 00:00:00'::timestamp(0) without time zone)"}]}, {"Node Type": "Index Scan", "Parent Relationship": "Inner", "Scan Direction": "Forward", "Index Name": "idx_lineitem_orderkey", "Relation Name": "lineitem", "Alias": "lineitem", "Startup Cost": 0.0, "Total Cost": 1.35, "Plan Rows": 5, "Plan Width": 24, "Index Cond": "(l_orderkey = orders.o_orderkey)", "Filter": "(l_shipdate > '1995-03-13 00:00:00'::timestamp(0) without time zone)"}]}]}]}]}, "Unique SQL Id": 3929762122, "Planner Runtime": 0}, "explain_analyze_plan": {"Plan": {"Node Type": "Limit", "Startup Cost": 2671272.65, "Total Cost": 2671272.68, "Plan Rows": 10, "Plan Width": 36, "Actual Startup Time": 27779.044, "Actual Total Time": 27779.047, "Actual Rows": 10, "Actual Loops": 1, "Plans": [{"Node Type": "Sort", "Parent Relationship": "Outer", "Startup Cost": 2671272.65, "Total Cost": 2680170.77, "Plan Rows": 10, "Plan Width": 36, "Actual Startup Time": 27779.04, "Actual Total Time": 27779.042, "Actual Rows": 10, "Actual Loops": 1, "Sort Key": ["(sum((lineitem.l_extendedprice * (1::double precision - lineitem.l_discount)))) DESC", "orders.o_orderdate"], "Sort Method": "top-N heapsort", "Sort Space Used": 26, "Sort Space Type": "Memory", "Plans": [{"Node Type": "Aggregate", "Strategy": "Hashed", "Parent Relationship": "Outer", "Startup Cost": 2558766.13, "Total Cost": 2594358.6, "Plan Rows": 3559247, "Plan Width": 36, "Actual Startup Time": 27666.934, "Actual Total Time": 27751.675, "Actual Rows": 113719, "Actual Loops": 1, "Group By Key": ["lineitem.l_orderkey", "orders.o_orderdate", "orders.o_shippriority"], "Plans": [{"Node Type": "Nested Loop", "Parent Relationship": "Outer", "Join Type": "Inner", "Startup Cost": 0.0, "Total Cost": 2505377.43, "Plan Rows": 3559247, "Plan Width": 36, "Actual Startup Time": 0.192, "Actual Total Time": 27341.729, "Actual Rows": 300219, "Actual Loops": 1, "Inner Unique": false, "Plans": [{"Node Type": "Nested Loop", "Parent Relationship": "Outer", "Join Type": "Inner", "Startup Cost": 0.0, "Total Cost": 1500833.09, "Plan Rows": 715772, "Plan Width": 20, "Actual Startup Time": 0.095, "Actual Total Time": 9668.336, "Actual Rows": 1455173, "Actual Loops": 1, "Inner Unique": false, "Plans": [{"Node Type": "Seq Scan", "Parent Relationship": "Outer", "Relation Name": "customer", "Alias": "customer", "Startup Cost": 0.0, "Total Cost": 55876.0, "Plan Rows": 303948, "Plan Width": 8, "Actual Startup Time": 0.049, "Actual Total Time": 635.908, "Actual Rows": 300036, "Actual Loops": 1, "Filter": "(c_mktsegment = 'AUTOMOBILE'::bpchar), (LLVM Optimized, Jit Execute)", "Rows Removed by Filter": 1199964}, {"Node Type": "Index Scan", "Parent Relationship": "Inner", "Scan Direction": "Forward", "Index Name": "idx_orders_custkey", "Relation Name": "orders", "Alias": "orders", "Startup Cost": 0.0, "Total Cost": 4.73, "Plan Rows": 2, "Plan Width": 28, "Actual Startup Time": 2118.749, "Actual Total Time": 8508.063, "Actual Rows": 1455173, "Actual Loops": 300036, "Index Cond": "(o_custkey = customer.c_custkey)", "Rows Removed by Index Recheck": 0, "Filter": "(o_orderdate < '1995-03-13 00:00:00'::timestamp(0) without time zone)", "Rows Removed by Filter": 1545367}]}, {"Node Type": "Index Scan", "Parent Relationship": "Inner", "Scan Direction": "Forward", "Index Name": "idx_lineitem_orderkey", "Relation Name": "lineitem", "Alias": "lineitem", "Startup Cost": 0.0, "Total Cost": 1.35, "Plan Rows": 5, "Plan Width": 24, "Actual Startup Time": 16561.04, "Actual Total Time": 16849.911, "Actual Rows": 300219, "Actual Loops": 1455173, "Index Cond": "(l_orderkey = orders.o_orderkey)", "Rows Removed by Index Recheck": 0, "Filter": "(l_shipdate > '1995-03-13 00:00:00'::timestamp(0) without time zone)", "Rows Removed by Filter": 5519788}]}]}]}]}, "Triggers": [], "Planner Runtime": 0.562, "Total Runtime": 27788.418, "Unique SQL Id": 3929762122}}, "(1, '53')": {"explain_plan": {"Plan": {"Node Type": "Limit", "Startup Cost": 2699912.01, "Total Cost": 2699912.03, "Plan Rows": 10, "Plan Width": 36, "Plans": [{"Node Type": "Sort", "Parent Relationship": "Outer", "Startup Cost": 2699912.01, "Total Cost": 2708810.13, "Plan Rows": 10, "Plan Width": 36, "Sort Key": ["(sum((lineitem.l_extendedprice * (1::double precision - lineitem.l_discount)))) DESC", "orders.o_orderdate"], "Plans": [{"Node Type": "Aggregate", "Strategy": "Hashed", "Parent Relationship": "Outer", "Startup Cost": 2587405.49, "Total Cost": 2622997.96, "Plan Rows": 3559247, "Plan Width": 36, "Group By Key": ["lineitem.l_orderkey", "orders.o_orderdate", "orders.o_shippriority"], "Plans": [{"Node Type": "Nested Loop", "Parent Relationship": "Outer", "Join Type": "Inner", "Startup Cost": 0.0, "Total Cost": 2534016.78, "Plan Rows": 3559247, "Plan Width": 36, "Inner Unique": false, "Plans": [{"Node Type": "Nested Loop", "Parent Relationship": "Outer", "Join Type": "Inner", "Startup Cost": 0.0, "Total Cost": 1529472.45, "Plan Rows": 715772, "Plan Width": 20, "Inner Unique": false, "Plans": [{"Node Type": "Index Scan", "Parent Relationship": "Outer", "Scan Direction": "Forward", "Index Name": "customer_pkey", "Relation Name": "customer", "Alias": "customer", "Startup Cost": 0.0, "Total Cost": 84515.36, "Plan Rows": 303948, "Plan Width": 8, "Filter": "(c_mktsegment = 'AUTOMOBILE'::bpchar), (LLVM Optimized)"}, {"Node Type": "Index Scan", "Parent Relationship": "Inner", "Scan Direction": "Forward", "Index Name": "idx_orders_custkey", "Relation Name": "orders", "Alias": "orders", "Startup Cost": 0.0, "Total Cost": 4.73, "Plan Rows": 2, "Plan Width": 28, "Index Cond": "(o_custkey = customer.c_custkey)", "Filter": "(o_orderdate < '1995-03-13 00:00:00'::timestamp(0) without time zone)"}]}, {"Node Type": "Index Scan", "Parent Relationship": "Inner", "Scan Direction": "Forward", "Index Name": "idx_lineitem_orderkey", "Relation Name": "lineitem", "Alias": "lineitem", "Startup Cost": 0.0, "Total Cost": 1.35, "Plan Rows": 5, "Plan Width": 24, "Index Cond": "(l_orderkey = orders.o_orderkey)", "Filter": "(l_shipdate > '1995-03-13 00:00:00'::timestamp(0) without time zone)"}]}]}]}]}, "Unique SQL Id": 3929762122, "Planner Runtime": 0}, "explain_analyze_plan": {"Plan": {"Node Type": "Limit", "Startup Cost": 2699912.01, "Total Cost": 2699912.03, "Plan Rows": 10, "Plan Width": 36, "Actual Startup Time": 28682.927, "Actual Total Time": 28682.93, "Actual Rows": 10, "Actual Loops": 1, "Plans": [{"Node Type": "Sort", "Parent Relationship": "Outer", "Startup Cost": 2699912.01, "Total Cost": 2708810.13, "Plan Rows": 10, "Plan Width": 36, "Actual Startup Time": 28682.924, "Actual Total Time": 28682.927, "Actual Rows": 10, "Actual Loops": 1, "Sort Key": ["(sum((lineitem.l_extendedprice * (1::double precision - lineitem.l_discount)))) DESC", "orders.o_orderdate"], "Sort Method": "top-N heapsort", "Sort Space Used": 26, "Sort Space Type": "Memory", "Plans": [{"Node Type": "Aggregate", "Strategy": "Hashed", "Parent Relationship": "Outer", "Startup Cost": 2587405.49, "Total Cost": 2622997.96, "Plan Rows": 3559247, "Plan Width": 36, "Actual Startup Time": 28589.273, "Actual Total Time": 28655.673, "Actual Rows": 113719, "Actual Loops": 1, "Group By Key": ["lineitem.l_orderkey", "orders.o_orderdate", "orders.o_shippriority"], "Plans": [{"Node Type": "Nested Loop", "Parent Relationship": "Outer", "Join Type": "Inner", "Startup Cost": 0.0, "Total Cost": 2534016.78, "Plan Rows": 3559247, "Plan Width": 36, "Actual Startup Time": 0.188, "Actual Total Time": 28265.178, "Actual Rows": 300219, "Actual Loops": 1, "Inner Unique": false, "Plans": [{"Node Type": "Nested Loop", "Parent Relationship": "Outer", "Join Type": "Inner", "Startup Cost": 0.0, "Total Cost": 1529472.45, "Plan Rows": 715772, "Plan Width": 20, "Actual Startup Time": 0.091, "Actual Total Time": 10349.336, "Actual Rows": 1455173, "Actual Loops": 1, "Inner Unique": false, "Plans": [{"Node Type": "Index Scan", "Parent Relationship": "Outer", "Scan Direction": "Forward", "Index Name": "customer_pkey", "Relation Name": "customer", "Alias": "customer", "Startup Cost": 0.0, "Total Cost": 84515.36, "Plan Rows": 303948, "Plan Width": 8, "Actual Startup Time": 0.064, "Actual Total Time": 1190.084, "Actual Rows": 300036, "Actual Loops": 1, "Filter": "(c_mktsegment = 'AUTOMOBILE'::bpchar), (LLVM Optimized, Jit Execute)", "Rows Removed by Filter": 1199964}, {"Node Type": "Index Scan", "Parent Relationship": "Inner", "Scan Direction": "Forward", "Index Name": "idx_orders_custkey", "Relation Name": "orders", "Alias": "orders", "Startup Cost": 0.0, "Total Cost": 4.73, "Plan Rows": 2, "Plan Width": 28, "Actual Startup Time": 2137.39, "Actual Total Time": 8636.858, "Actual Rows": 1455173, "Actual Loops": 300036, "Index Cond": "(o_custkey = customer.c_custkey)", "Rows Removed by Index Recheck": 0, "Filter": "(o_orderdate < '1995-03-13 00:00:00'::timestamp(0) without time zone)", "Rows Removed by Filter": 1545367}]}, {"Node Type": "Index Scan", "Parent Relationship": "Inner", "Scan Direction": "Forward", "Index Name": "idx_lineitem_orderkey", "Relation Name": "lineitem", "Alias": "lineitem", "Startup Cost": 0.0, "Total Cost": 1.35, "Plan Rows": 5, "Plan Width": 24, "Actual Startup Time": 16806.131, "Actual Total Time": 17097.677, "Actual Rows": 300219, "Actual Loops": 1455173, "Index Cond": "(l_orderkey = orders.o_orderkey)", "Rows Removed by Index Recheck": 0, "Filter": "(l_shipdate > '1995-03-13 00:00:00'::timestamp(0) without time zone)", "Rows Removed by Filter": 5519788}]}]}]}]}, "Triggers": [], "Planner Runtime": 1.026, "Total Runtime": 28692.282, "Unique SQL Id": 3929762122}}, "(1, '54')": {"explain_plan": {"Plan": {"Node Type": "Limit", "Startup Cost": 5091242.79, "Total Cost": 5091242.81, "Plan Rows": 10, "Plan Width": 36, "Plans": [{"Node Type": "Sort", "Parent Relationship": "Outer", "Startup Cost": 5091242.79, "Total Cost": 5100140.91, "Plan Rows": 10, "Plan Width": 36, "Sort Key": ["(sum((lineitem.l_extendedprice * (1::double precision - lineitem.l_discount)))) DESC", "orders.o_orderdate"], "Plans": [{"Node Type": "Aggregate", "Strategy": "Hashed", "Parent Relationship": "Outer", "Startup Cost": 4978736.27, "Total Cost": 5014328.74, "Plan Rows": 3559247, "Plan Width": 36, "Group By Key": ["lineitem.l_orderkey", "orders.o_orderdate", "orders.o_shippriority"], "Plans": [{"Node Type": "Nested Loop", "Parent Relationship": "Outer", "Join Type": "Inner", "Startup Cost": 1.48, "Total Cost": 4925347.57, "Plan Rows": 3559247, "Plan Width": 36, "Inner Unique": false, "Plans": [{"Node Type": "Nested Loop", "Parent Relationship": "Outer", "Join Type": "Inner", "Startup Cost": 1.04, "Total Cost": 1611109.25, "Plan Rows": 715772, "Plan Width": 20, "Inner Unique": false, "Plans": [{"Node Type": "Seq Scan", "Parent Relationship": "Outer", "Relation Name": "customer", "Alias": "customer", "Startup Cost": 0.0, "Total Cost": 55876.0, "Plan Rows": 303948, "Plan Width": 8, "Filter": "(c_mktsegment = 'AUTOMOBILE'::bpchar), (LLVM Optimized)"}, {"Node Type": "Bitmap Heap Scan", "Parent Relationship": "Inner", "Relation Name": "orders", "Alias": "orders", "Startup Cost": 1.04, "Total Cost": 5.1, "Plan Rows": 2, "Plan Width": 28, "Recheck Cond": "(o_custkey = customer.c_custkey)", "Filter": "(o_orderdate < '1995-03-13 00:00:00'::timestamp(0) without time zone)", "Plans": [{"Node Type": "Bitmap Index Scan", "Parent Relationship": "Outer", "Index Name": "idx_orders_custkey", "Startup Cost": 0.0, "Total Cost": 1.04, "Plan Rows": 4, "Plan Width": 0, "Index Cond": "(o_custkey = customer.c_custkey)"}]}]}, {"Node Type": "Bitmap Heap Scan", "Parent Relationship": "Inner", "Relation Name": "lineitem", "Alias": "lineitem", "Startup Cost": 0.45, "Total Cost": 4.58, "Plan Rows": 5, "Plan Width": 24, "Recheck Cond": "(l_orderkey = orders.o_orderkey)", "Filter": "(l_shipdate > '1995-03-13 00:00:00'::timestamp(0) without time zone)", "Plans": [{"Node Type": "Bitmap Index Scan", "Parent Relationship": "Outer", "Index Name": "idx_lineitem_orderkey", "Startup Cost": 0.0, "Total Cost": 0.44, "Plan Rows": 9, "Plan Width": 0, "Index Cond": "(l_orderkey = orders.o_orderkey)"}]}]}]}]}]}, "Unique SQL Id": 3929762122, "Planner Runtime": 0}, "explain_analyze_plan": {"Plan": {"Node Type": "Limit", "Startup Cost": 5091242.79, "Total Cost": 5091242.81, "Plan Rows": 10, "Plan Width": 36, "Actual Startup Time": 31249.263, "Actual Total Time": 31249.267, "Actual Rows": 10, "Actual Loops": 1, "Plans": [{"Node Type": "Sort", "Parent Relationship": "Outer", "Startup Cost": 5091242.79, "Total Cost": 5100140.91, "Plan Rows": 10, "Plan Width": 36, "Actual Startup Time": 31249.259, "Actual Total Time": 31249.259, "Actual Rows": 10, "Actual Loops": 1, "Sort Key": ["(sum((lineitem.l_extendedprice * (1::double precision - lineitem.l_discount)))) DESC", "orders.o_orderdate"], "Sort Method": "top-N heapsort", "Sort Space Used": 26, "Sort Space Type": "Memory", "Plans": [{"Node Type": "Aggregate", "Strategy": "Hashed", "Parent Relationship": "Outer", "Startup Cost": 4978736.27, "Total Cost": 5014328.74, "Plan Rows": 3559247, "Plan Width": 36, "Actual Startup Time": 31158.208, "Actual Total Time": 31221.902, "Actual Rows": 113719, "Actual Loops": 1, "Group By Key": ["lineitem.l_orderkey", "orders.o_orderdate", "orders.o_shippriority"], "Plans": [{"Node Type": "Nested Loop", "Parent Relationship": "Outer", "Join Type": "Inner", "Startup Cost": 1.48, "Total Cost": 4925347.57, "Plan Rows": 3559247, "Plan Width": 36, "Actual Startup Time": 0.253, "Actual Total Time": 30789.484, "Actual Rows": 300219, "Actual Loops": 1, "Inner Unique": false, "Plans": [{"Node Type": "Nested Loop", "Parent Relationship": "Outer", "Join Type": "Inner", "Startup Cost": 1.04, "Total Cost": 1611109.25, "Plan Rows": 715772, "Plan Width": 20, "Actual Startup Time": 0.131, "Actual Total Time": 11323.579, "Actual Rows": 1455173, "Actual Loops": 1, "Inner Unique": false, "Plans": [{"Node Type": "Seq Scan", "Parent Relationship": "Outer", "Relation Name": "customer", "Alias": "customer", "Startup Cost": 0.0, "Total Cost": 55876.0, "Plan Rows": 303948, "Plan Width": 8, "Actual Startup Time": 0.053, "Actual Total Time": 659.557, "Actual Rows": 300036, "Actual Loops": 1, "Filter": "(c_mktsegment = 'AUTOMOBILE'::bpchar), (LLVM Optimized, Jit Execute)", "Rows Removed by Filter": 1199964}, {"Node Type": "Bitmap Heap Scan", "Parent Relationship": "Inner", "Relation Name": "orders", "Alias": "orders", "Startup Cost": 1.04, "Total Cost": 5.1, "Plan Rows": 2, "Plan Width": 28, "Actual Startup Time": 3169.52, "Actual Total Time": 9903.348, "Actual Rows": 1455173, "Actual Loops": 300036, "Recheck Cond": "(o_custkey = customer.c_custkey)", "Rows Removed by Index Recheck": 0, "Filter": "(o_orderdate < '1995-03-13 00:00:00'::timestamp(0) without time zone)", "Rows Removed by Filter": 1545367, "Exact Heap Blocks": 3000452, "Lossy Heap Blocks": 3000452, "Plans": [{"Node Type": "Bitmap Index Scan", "Parent Relationship": "Outer", "Index Name": "idx_orders_custkey", "Startup Cost": 0.0, "Total Cost": 1.04, "Plan Rows": 4, "Plan Width": 0, "Actual Startup Time": 1489.754, "Actual Total Time": 1489.754, "Actual Rows": 3000540, "Actual Loops": 300036, "Index Cond": "(o_custkey = customer.c_custkey)"}]}]}, {"Node Type": "Bitmap Heap Scan", "Parent Relationship": "Inner", "Relation Name": "lineitem", "Alias": "lineitem", "Startup Cost": 0.45, "Total Cost": 4.58, "Plan Rows": 5, "Plan Width": 24, "Actual Startup Time": 17544.561, "Actual Total Time": 17667.041, "Actual Rows": 300219, "Actual Loops": 1455173, "Recheck Cond": "(l_orderkey = orders.o_orderkey)", "Rows Removed by Index Recheck": 0, "Filter": "(l_shipdate > '1995-03-13 00:00:00'::timestamp(0) without time zone)", "Rows Removed by Filter": 5519788, "Exact Heap Blocks": 1558994, "Lossy Heap Blocks": 1558994, "Plans": [{"Node Type": "Bitmap Index Scan", "Parent Relationship": "Outer", "Index Name": "idx_lineitem_orderkey", "Startup Cost": 0.0, "Total Cost": 0.44, "Plan Rows": 9, "Plan Width": 0, "Actual Startup Time": 10053.452, "Actual Total Time": 10053.452, "Actual Rows": 5820007, "Actual Loops": 1455173, "Index Cond": "(l_orderkey = orders.o_orderkey)"}]}]}]}]}]}, "Triggers": [], "Planner Runtime": 0.581, "Total Runtime": 31258.584, "Unique SQL Id": 3929762122}}, "(1, '55')": {"explain_plan": {"Plan": {"Node Type": "Limit", "Startup Cost": 35345596.54, "Total Cost": 35345596.56, "Plan Rows": 10, "Plan Width": 36, "Plans": [{"Node Type": "Sort", "Parent Relationship": "Outer", "Startup Cost": 35345596.54, "Total Cost": 35354494.65, "Plan Rows": 10, "Plan Width": 36, "Sort Key": ["(sum((lineitem.l_extendedprice * (1::double precision - lineitem.l_discount)))) DESC", "orders.o_orderdate"], "Plans": [{"Node Type": "Aggregate", "Strategy": "Hashed", "Parent Relationship": "Outer", "Startup Cost": 35233090.02, "Total Cost": 35268682.49, "Plan Rows": 3559247, "Plan Width": 36, "Group By Key": ["lineitem.l_orderkey", "orders.o_orderdate", "orders.o_shippriority"], "Plans": [{"Node Type": "Nested Loop", "Parent Relationship": "Outer", "Join Type": "Inner", "Startup Cost": 168699.14, "Total Cost": 35179701.31, "Plan Rows": 3559247, "Plan Width": 36, "Inner Unique": false, "Plans": [{"Node Type": "Nested Loop", "Parent Relationship": "Outer", "Join Type": "Inner", "Startup Cost": 168698.69, "Total Cost": 31865463.0, "Plan Rows": 715772, "Plan Width": 20, "Inner Unique": true, "Plans": [{"Node Type": "Bitmap Heap Scan", "Parent Relationship": "Outer", "Relation Name": "orders", "Alias": "orders", "Startup Cost": 168698.43, "Total Cost": 536495.14, "Plan Rows": 7310217, "Plan Width": 28, "Recheck Cond": "(o_orderdate < '1995-03-13 00:00:00'::timestamp(0) without time zone), (LLVM Optimized)", "Plans": [{"Node Type": "Bitmap Index Scan", "Parent Relationship": "Outer", "Index Name": "idx_orders_orderdate", "Startup Cost": 0.0, "Total Cost": 166870.88, "Plan Rows": 7310217, "Plan Width": 0, "Index Cond": "(o_orderdate < '1995-03-13 00:00:00'::timestamp(0) without time zone)"}]}, {"Node Type": "Bitmap Heap Scan", "Parent Relationship": "Inner", "Relation Name": "customer", "Alias": "customer", "Startup Cost": 0.26, "Total Cost": 4.28, "Plan Rows": 1, "Plan Width": 8, "Recheck Cond": "(c_custkey = orders.o_custkey)", "Filter": "(c_mktsegment = 'AUTOMOBILE'::bpchar)", "Plans": [{"Node Type": "Bitmap Index Scan", "Parent Relationship": "Outer", "Index Name": "customer_pkey", "Startup Cost": 0.0, "Total Cost": 0.26, "Plan Rows": 1, "Plan Width": 0, "Index Cond": "(c_custkey = orders.o_custkey)"}]}]}, {"Node Type": "Bitmap Heap Scan", "Parent Relationship": "Inner", "Relation Name": "lineitem", "Alias": "lineitem", "Startup Cost": 0.45, "Total Cost": 4.58, "Plan Rows": 5, "Plan Width": 24, "Recheck Cond": "(l_orderkey = orders.o_orderkey)", "Filter": "(l_shipdate > '1995-03-13 00:00:00'::timestamp(0) without time zone)", "Plans": [{"Node Type": "Bitmap Index Scan", "Parent Relationship": "Outer", "Index Name": "idx_lineitem_orderkey", "Startup Cost": 0.0, "Total Cost": 0.44, "Plan Rows": 9, "Plan Width": 0, "Index Cond": "(l_orderkey = orders.o_orderkey)"}]}]}]}]}]}, "Unique SQL Id": 3929762122, "Planner Runtime": 0}, "explain_analyze_plan": null}, "(1, '56')": {"explain_plan": {"Plan": {"Node Type": "Limit", "Startup Cost": 2671272.65, "Total Cost": 2671272.68, "Plan Rows": 10, "Plan Width": 36, "Plans": [{"Node Type": "Sort", "Parent Relationship": "Outer", "Startup Cost": 2671272.65, "Total Cost": 2680170.77, "Plan Rows": 10, "Plan Width": 36, "Sort Key": ["(sum((lineitem.l_extendedprice * (1::double precision - lineitem.l_discount)))) DESC", "orders.o_orderdate"], "Plans": [{"Node Type": "Aggregate", "Strategy": "Hashed", "Parent Relationship": "Outer", "Startup Cost": 2558766.13, "Total Cost": 2594358.6, "Plan Rows": 3559247, "Plan Width": 36, "Group By Key": ["lineitem.l_orderkey", "orders.o_orderdate", "orders.o_shippriority"], "Plans": [{"Node Type": "Nested Loop", "Parent Relationship": "Outer", "Join Type": "Inner", "Startup Cost": 0.0, "Total Cost": 2505377.43, "Plan Rows": 3559247, "Plan Width": 36, "Inner Unique": false, "Plans": [{"Node Type": "Nested Loop", "Parent Relationship": "Outer", "Join Type": "Inner", "Startup Cost": 0.0, "Total Cost": 1500833.09, "Plan Rows": 715772, "Plan Width": 20, "Inner Unique": false, "Plans": [{"Node Type": "Seq Scan", "Parent Relationship": "Outer", "Relation Name": "customer", "Alias": "customer", "Startup Cost": 0.0, "Total Cost": 55876.0, "Plan Rows": 303948, "Plan Width": 8, "Filter": "(c_mktsegment = 'AUTOMOBILE'::bpchar), (LLVM Optimized)"}, {"Node Type": "Index Scan", "Parent Relationship": "Inner", "Scan Direction": "Forward", "Index Name": "idx_orders_custkey", "Relation Name": "orders", "Alias": "orders", "Startup Cost": 0.0, "Total Cost": 4.73, "Plan Rows": 2, "Plan Width": 28, "Index Cond": "(o_custkey = customer.c_custkey)", "Filter": "(o_orderdate < '1995-03-13 00:00:00'::timestamp(0) without time zone)"}]}, {"Node Type": "Index Scan", "Parent Relationship": "Inner", "Scan Direction": "Forward", "Index Name": "idx_lineitem_orderkey", "Relation Name": "lineitem", "Alias": "lineitem", "Startup Cost": 0.0, "Total Cost": 1.35, "Plan Rows": 5, "Plan Width": 24, "Index Cond": "(l_orderkey = orders.o_orderkey)", "Filter": "(l_shipdate > '1995-03-13 00:00:00'::timestamp(0) without time zone)"}]}]}]}]}, "Unique SQL Id": 3929762122, "Planner Runtime": 0}, "explain_analyze_plan": {"Plan": {"Node Type": "Limit", "Startup Cost": 2671272.65, "Total Cost": 2671272.68, "Plan Rows": 10, "Plan Width": 36, "Actual Startup Time": 27779.044, "Actual Total Time": 27779.047, "Actual Rows": 10, "Actual Loops": 1, "Plans": [{"Node Type": "Sort", "Parent Relationship": "Outer", "Startup Cost": 2671272.65, "Total Cost": 2680170.77, "Plan Rows": 10, "Plan Width": 36, "Actual Startup Time": 27779.04, "Actual Total Time": 27779.042, "Actual Rows": 10, "Actual Loops": 1, "Sort Key": ["(sum((lineitem.l_extendedprice * (1::double precision - lineitem.l_discount)))) DESC", "orders.o_orderdate"], "Sort Method": "top-N heapsort", "Sort Space Used": 26, "Sort Space Type": "Memory", "Plans": [{"Node Type": "Aggregate", "Strategy": "Hashed", "Parent Relationship": "Outer", "Startup Cost": 2558766.13, "Total Cost": 2594358.6, "Plan Rows": 3559247, "Plan Width": 36, "Actual Startup Time": 27666.934, "Actual Total Time": 27751.675, "Actual Rows": 113719, "Actual Loops": 1, "Group By Key": ["lineitem.l_orderkey", "orders.o_orderdate", "orders.o_shippriority"], "Plans": [{"Node Type": "Nested Loop", "Parent Relationship": "Outer", "Join Type": "Inner", "Startup Cost": 0.0, "Total Cost": 2505377.43, "Plan Rows": 3559247, "Plan Width": 36, "Actual Startup Time": 0.192, "Actual Total Time": 27341.729, "Actual Rows": 300219, "Actual Loops": 1, "Inner Unique": false, "Plans": [{"Node Type": "Nested Loop", "Parent Relationship": "Outer", "Join Type": "Inner", "Startup Cost": 0.0, "Total Cost": 1500833.09, "Plan Rows": 715772, "Plan Width": 20, "Actual Startup Time": 0.095, "Actual Total Time": 9668.336, "Actual Rows": 1455173, "Actual Loops": 1, "Inner Unique": false, "Plans": [{"Node Type": "Seq Scan", "Parent Relationship": "Outer", "Relation Name": "customer", "Alias": "customer", "Startup Cost": 0.0, "Total Cost": 55876.0, "Plan Rows": 303948, "Plan Width": 8, "Actual Startup Time": 0.049, "Actual Total Time": 635.908, "Actual Rows": 300036, "Actual Loops": 1, "Filter": "(c_mktsegment = 'AUTOMOBILE'::bpchar), (LLVM Optimized, Jit Execute)", "Rows Removed by Filter": 1199964}, {"Node Type": "Index Scan", "Parent Relationship": "Inner", "Scan Direction": "Forward", "Index Name": "idx_orders_custkey", "Relation Name": "orders", "Alias": "orders", "Startup Cost": 0.0, "Total Cost": 4.73, "Plan Rows": 2, "Plan Width": 28, "Actual Startup Time": 2118.749, "Actual Total Time": 8508.063, "Actual Rows": 1455173, "Actual Loops": 300036, "Index Cond": "(o_custkey = customer.c_custkey)", "Rows Removed by Index Recheck": 0, "Filter": "(o_orderdate < '1995-03-13 00:00:00'::timestamp(0) without time zone)", "Rows Removed by Filter": 1545367}]}, {"Node Type": "Index Scan", "Parent Relationship": "Inner", "Scan Direction": "Forward", "Index Name": "idx_lineitem_orderkey", "Relation Name": "lineitem", "Alias": "lineitem", "Startup Cost": 0.0, "Total Cost": 1.35, "Plan Rows": 5, "Plan Width": 24, "Actual Startup Time": 16561.04, "Actual Total Time": 16849.911, "Actual Rows": 300219, "Actual Loops": 1455173, "Index Cond": "(l_orderkey = orders.o_orderkey)", "Rows Removed by Index Recheck": 0, "Filter": "(l_shipdate > '1995-03-13 00:00:00'::timestamp(0) without time zone)", "Rows Removed by Filter": 5519788}]}]}]}]}, "Triggers": [], "Planner Runtime": 0.562, "Total Runtime": 27788.418, "Unique SQL Id": 3929762122}}, "(1, '57')": {"explain_plan": {"Plan": {"Node Type": "Limit", "Startup Cost": 2699912.01, "Total Cost": 2699912.03, "Plan Rows": 10, "Plan Width": 36, "Plans": [{"Node Type": "Sort", "Parent Relationship": "Outer", "Startup Cost": 2699912.01, "Total Cost": 2708810.13, "Plan Rows": 10, "Plan Width": 36, "Sort Key": ["(sum((lineitem.l_extendedprice * (1::double precision - lineitem.l_discount)))) DESC", "orders.o_orderdate"], "Plans": [{"Node Type": "Aggregate", "Strategy": "Hashed", "Parent Relationship": "Outer", "Startup Cost": 2587405.49, "Total Cost": 2622997.96, "Plan Rows": 3559247, "Plan Width": 36, "Group By Key": ["lineitem.l_orderkey", "orders.o_orderdate", "orders.o_shippriority"], "Plans": [{"Node Type": "Nested Loop", "Parent Relationship": "Outer", "Join Type": "Inner", "Startup Cost": 0.0, "Total Cost": 2534016.78, "Plan Rows": 3559247, "Plan Width": 36, "Inner Unique": false, "Plans": [{"Node Type": "Nested Loop", "Parent Relationship": "Outer", "Join Type": "Inner", "Startup Cost": 0.0, "Total Cost": 1529472.45, "Plan Rows": 715772, "Plan Width": 20, "Inner Unique": false, "Plans": [{"Node Type": "Index Scan", "Parent Relationship": "Outer", "Scan Direction": "Forward", "Index Name": "customer_pkey", "Relation Name": "customer", "Alias": "customer", "Startup Cost": 0.0, "Total Cost": 84515.36, "Plan Rows": 303948, "Plan Width": 8, "Filter": "(c_mktsegment = 'AUTOMOBILE'::bpchar), (LLVM Optimized)"}, {"Node Type": "Index Scan", "Parent Relationship": "Inner", "Scan Direction": "Forward", "Index Name": "idx_orders_custkey", "Relation Name": "orders", "Alias": "orders", "Startup Cost": 0.0, "Total Cost": 4.73, "Plan Rows": 2, "Plan Width": 28, "Index Cond": "(o_custkey = customer.c_custkey)", "Filter": "(o_orderdate < '1995-03-13 00:00:00'::timestamp(0) without time zone)"}]}, {"Node Type": "Index Scan", "Parent Relationship": "Inner", "Scan Direction": "Forward", "Index Name": "idx_lineitem_orderkey", "Relation Name": "lineitem", "Alias": "lineitem", "Startup Cost": 0.0, "Total Cost": 1.35, "Plan Rows": 5, "Plan Width": 24, "Index Cond": "(l_orderkey = orders.o_orderkey)", "Filter": "(l_shipdate > '1995-03-13 00:00:00'::timestamp(0) without time zone)"}]}]}]}]}, "Unique SQL Id": 3929762122, "Planner Runtime": 0}, "explain_analyze_plan": {"Plan": {"Node Type": "Limit", "Startup Cost": 2699912.01, "Total Cost": 2699912.03, "Plan Rows": 10, "Plan Width": 36, "Actual Startup Time": 28682.927, "Actual Total Time": 28682.93, "Actual Rows": 10, "Actual Loops": 1, "Plans": [{"Node Type": "Sort", "Parent Relationship": "Outer", "Startup Cost": 2699912.01, "Total Cost": 2708810.13, "Plan Rows": 10, "Plan Width": 36, "Actual Startup Time": 28682.924, "Actual Total Time": 28682.927, "Actual Rows": 10, "Actual Loops": 1, "Sort Key": ["(sum((lineitem.l_extendedprice * (1::double precision - lineitem.l_discount)))) DESC", "orders.o_orderdate"], "Sort Method": "top-N heapsort", "Sort Space Used": 26, "Sort Space Type": "Memory", "Plans": [{"Node Type": "Aggregate", "Strategy": "Hashed", "Parent Relationship": "Outer", "Startup Cost": 2587405.49, "Total Cost": 2622997.96, "Plan Rows": 3559247, "Plan Width": 36, "Actual Startup Time": 28589.273, "Actual Total Time": 28655.673, "Actual Rows": 113719, "Actual Loops": 1, "Group By Key": ["lineitem.l_orderkey", "orders.o_orderdate", "orders.o_shippriority"], "Plans": [{"Node Type": "Nested Loop", "Parent Relationship": "Outer", "Join Type": "Inner", "Startup Cost": 0.0, "Total Cost": 2534016.78, "Plan Rows": 3559247, "Plan Width": 36, "Actual Startup Time": 0.188, "Actual Total Time": 28265.178, "Actual Rows": 300219, "Actual Loops": 1, "Inner Unique": false, "Plans": [{"Node Type": "Nested Loop", "Parent Relationship": "Outer", "Join Type": "Inner", "Startup Cost": 0.0, "Total Cost": 1529472.45, "Plan Rows": 715772, "Plan Width": 20, "Actual Startup Time": 0.091, "Actual Total Time": 10349.336, "Actual Rows": 1455173, "Actual Loops": 1, "Inner Unique": false, "Plans": [{"Node Type": "Index Scan", "Parent Relationship": "Outer", "Scan Direction": "Forward", "Index Name": "customer_pkey", "Relation Name": "customer", "Alias": "customer", "Startup Cost": 0.0, "Total Cost": 84515.36, "Plan Rows": 303948, "Plan Width": 8, "Actual Startup Time": 0.064, "Actual Total Time": 1190.084, "Actual Rows": 300036, "Actual Loops": 1, "Filter": "(c_mktsegment = 'AUTOMOBILE'::bpchar), (LLVM Optimized, Jit Execute)", "Rows Removed by Filter": 1199964}, {"Node Type": "Index Scan", "Parent Relationship": "Inner", "Scan Direction": "Forward", "Index Name": "idx_orders_custkey", "Relation Name": "orders", "Alias": "orders", "Startup Cost": 0.0, "Total Cost": 4.73, "Plan Rows": 2, "Plan Width": 28, "Actual Startup Time": 2137.39, "Actual Total Time": 8636.858, "Actual Rows": 1455173, "Actual Loops": 300036, "Index Cond": "(o_custkey = customer.c_custkey)", "Rows Removed by Index Recheck": 0, "Filter": "(o_orderdate < '1995-03-13 00:00:00'::timestamp(0) without time zone)", "Rows Removed by Filter": 1545367}]}, {"Node Type": "Index Scan", "Parent Relationship": "Inner", "Scan Direction": "Forward", "Index Name": "idx_lineitem_orderkey", "Relation Name": "lineitem", "Alias": "lineitem", "Startup Cost": 0.0, "Total Cost": 1.35, "Plan Rows": 5, "Plan Width": 24, "Actual Startup Time": 16806.131, "Actual Total Time": 17097.677, "Actual Rows": 300219, "Actual Loops": 1455173, "Index Cond": "(l_orderkey = orders.o_orderkey)", "Rows Removed by Index Recheck": 0, "Filter": "(l_shipdate > '1995-03-13 00:00:00'::timestamp(0) without time zone)", "Rows Removed by Filter": 5519788}]}]}]}]}, "Triggers": [], "Planner Runtime": 1.026, "Total Runtime": 28692.282, "Unique SQL Id": 3929762122}}, "(1, '58')": {"explain_plan": {"Plan": {"Node Type": "Limit", "Startup Cost": 383528982462.14, "Total Cost": 383528982462.17, "Plan Rows": 10, "Plan Width": 36, "Plans": [{"Node Type": "Sort", "Parent Relationship": "Outer", "Startup Cost": 383528982462.14, "Total Cost": 383528991360.26, "Plan Rows": 10, "Plan Width": 36, "Sort Key": ["(sum((lineitem.l_extendedprice * (1::double precision - lineitem.l_discount)))) DESC", "orders.o_orderdate"], "Plans": [{"Node Type": "Aggregate", "Strategy": "Hashed", "Parent Relationship": "Outer", "Startup Cost": 383528869955.62, "Total Cost": 383528905548.09, "Plan Rows": 3559247, "Plan Width": 36, "Group By Key": ["lineitem.l_orderkey", "orders.o_orderdate", "orders.o_shippriority"], "Plans": [{"Node Type": "Nested Loop", "Parent Relationship": "Outer", "Join Type": "Inner", "Startup Cost": 386.46, "Total Cost": 383528816566.92, "Plan Rows": 3559247, "Plan Width": 36, "Inner Unique": false, "Join Filter": "(orders.o_orderkey = lineitem.l_orderkey), (LLVM Optimized)", "Plans": [{"Node Type": "Seq Scan", "Parent Relationship": "Outer", "Relation Name": "lineitem", "Alias": "lineitem", "Startup Cost": 0.0, "Total Cost": 2165082.91, "Plan Rows": 32617206, "Plan Width": 24, "Filter": "(l_shipdate > '1995-03-13 00:00:00'::timestamp(0) without time zone), (LLVM Optimized)"}, {"Node Type": "Materialize", "Parent Relationship": "Inner", "Startup Cost": 386.46, "Total Cost": 33329411677.96, "Plan Rows": 715772, "Plan Width": 20, "Plans": [{"Node Type": "Nested Loop", "Parent Relationship": "Outer", "Join Type": "Inner", "Startup Cost": 386.46, "Total Cost": 33329408099.1, "Plan Rows": 715772, "Plan Width": 20, "Inner Unique": true, "Join Filter": "(customer.c_custkey = orders.o_custkey), (LLVM Optimized)", "Plans": [{"Node Type": "Seq Scan", "Parent Relationship": "Outer", "Relation Name": "orders", "Alias": "orders", "Startup Cost": 386.46, "Total Cost": 463912.49, "Plan Rows": 7310217, "Plan Width": 28, "Filter": "(o_orderdate < '1995-03-13 00:00:00'::timestamp(0) without time zone), (LLVM Optimized)"}, {"Node Type": "Materialize", "Parent Relationship": "Inner", "Startup Cost": 0.0, "Total Cost": 57395.74, "Plan Rows": 303948, "Plan Width": 8, "Plans": [{"Node Type": "Seq Scan", "Parent Relationship": "Outer", "Relation Name": "customer", "Alias": "customer", "Startup Cost": 0.0, "Total Cost": 55876.0, "Plan Rows": 303948, "Plan Width": 8, "Filter": "(c_mktsegment = 'AUTOMOBILE'::bpchar), (LLVM Optimized)"}]}]}]}]}]}]}]}, "Unique SQL Id": 3929762122, "Planner Runtime": 0}, "explain_analyze_plan": null}, "(1, '59')": {"explain_plan": {"Plan": {"Node Type": "Limit", "Startup Cost": 3383950608972.36, "Total Cost": 3383950608972.39, "Plan Rows": 10, "Plan Width": 36, "Plans": [{"Node Type": "Sort", "Parent Relationship": "Outer", "Startup Cost": 3383950608972.36, "Total Cost": 3383950617870.48, "Plan Rows": 10, "Plan Width": 36, "Sort Key": ["(sum((lineitem.l_extendedprice * (1::double precision - lineitem.l_discount)))) DESC", "orders.o_orderdate"], "Plans": [{"Node Type": "Aggregate", "Strategy": "Hashed", "Parent Relationship": "Outer", "Startup Cost": 3383950496465.85, "Total Cost": 3383950532058.32, "Plan Rows": 3559247, "Plan Width": 36, "Group By Key": ["lineitem.l_orderkey", "orders.o_orderdate", "orders.o_shippriority"], "Plans": [{"Node Type": "Nested Loop", "Parent Relationship": "Outer", "Join Type": "Inner", "Startup Cost": 30000000000.0, "Total Cost": 3383950443077.14, "Plan Rows": 3559247, "Plan Width": 36, "Inner Unique": false, "Join Filter": "(orders.o_orderkey = lineitem.l_orderkey), (LLVM Optimized)", "Plans": [{"Node Type": "Index Scan", "Parent Relationship": "Outer", "Scan Direction": "Forward", "Index Name": "idx_lineitem_orderkey", "Relation Name": "lineitem", "Alias": "lineitem", "Startup Cost": 10000000000.0, "Total Cost": 1000339012132.75, "Plan Rows": 32617206, "Plan Width": 24, "Filter": "(l_shipdate > '1995-03-13 00:00:00'::timestamp(0) without time zone), (LLVM Optimized)"}, {"Node Type": "Materialize", "Parent Relationship": "Inner", "Startup Cost": 20000000000.0, "Total Cost": 2033414191138.34, "Plan Rows": 715772, "Plan Width": 20, "Plans": [{"Node Type": "Nested Loop", "Parent Relationship": "Outer", "Join Type": "Inner", "Startup Cost": 20000000000.0, "Total Cost": 2033414187559.48, "Plan Rows": 715772, "Plan Width": 20, "Inner Unique": true, "Join Filter": "(customer.c_custkey = orders.o_custkey), (LLVM Optimized)", "Plans": [{"Node Type": "Index Scan", "Parent Relationship": "Outer", "Scan Direction": "Forward", "Index Name": "orders_pkey", "Relation Name": "orders", "Alias": "orders", "Startup Cost": 10000000000.0, "Total Cost": 1000076847713.25, "Plan Rows": 7310217, "Plan Width": 28, "Filter": "(o_orderdate < '1995-03-13 00:00:00'::timestamp(0) without time zone), (LLVM Optimized)"}, {"Node Type": "Materialize", "Parent Relationship": "Inner", "Startup Cost": 10000000000.0, "Total Cost": 1000008453055.36, "Plan Rows": 303948, "Plan Width": 8, "Plans": [{"Node Type": "Index Scan", "Parent Relationship": "Outer", "Scan Direction": "Forward", "Index Name": "customer_pkey", "Relation Name": "customer", "Alias": "customer", "Startup Cost": 10000000000.0, "Total Cost": 1000008451535.62, "Plan Rows": 303948, "Plan Width": 8, "Filter": "(c_mktsegment = 'AUTOMOBILE'::bpchar), (LLVM Optimized)"}]}]}]}]}]}]}]}, "Unique SQL Id": 3929762122, "Planner Runtime": 0}, "explain_analyze_plan": null}, "(1, '60')": {"explain_plan": {"Plan": {"Node Type": "Limit", "Startup Cost": 2671272.65, "Total Cost": 2671272.68, "Plan Rows": 10, "Plan Width": 36, "Plans": [{"Node Type": "Sort", "Parent Relationship": "Outer", "Startup Cost": 2671272.65, "Total Cost": 2680170.77, "Plan Rows": 10, "Plan Width": 36, "Sort Key": ["(sum((lineitem.l_extendedprice * (1::double precision - lineitem.l_discount)))) DESC", "orders.o_orderdate"], "Plans": [{"Node Type": "Aggregate", "Strategy": "Hashed", "Parent Relationship": "Outer", "Startup Cost": 2558766.13, "Total Cost": 2594358.6, "Plan Rows": 3559247, "Plan Width": 36, "Group By Key": ["lineitem.l_orderkey", "orders.o_orderdate", "orders.o_shippriority"], "Plans": [{"Node Type": "Nested Loop", "Parent Relationship": "Outer", "Join Type": "Inner", "Startup Cost": 0.0, "Total Cost": 2505377.43, "Plan Rows": 3559247, "Plan Width": 36, "Inner Unique": false, "Plans": [{"Node Type": "Nested Loop", "Parent Relationship": "Outer", "Join Type": "Inner", "Startup Cost": 0.0, "Total Cost": 1500833.09, "Plan Rows": 715772, "Plan Width": 20, "Inner Unique": false, "Plans": [{"Node Type": "Seq Scan", "Parent Relationship": "Outer", "Relation Name": "customer", "Alias": "customer", "Startup Cost": 0.0, "Total Cost": 55876.0, "Plan Rows": 303948, "Plan Width": 8, "Filter": "(c_mktsegment = 'AUTOMOBILE'::bpchar), (LLVM Optimized)"}, {"Node Type": "Index Scan", "Parent Relationship": "Inner", "Scan Direction": "Forward", "Index Name": "idx_orders_custkey", "Relation Name": "orders", "Alias": "orders", "Startup Cost": 0.0, "Total Cost": 4.73, "Plan Rows": 2, "Plan Width": 28, "Index Cond": "(o_custkey = customer.c_custkey)", "Filter": "(o_orderdate < '1995-03-13 00:00:00'::timestamp(0) without time zone)"}]}, {"Node Type": "Index Scan", "Parent Relationship": "Inner", "Scan Direction": "Forward", "Index Name": "idx_lineitem_orderkey", "Relation Name": "lineitem", "Alias": "lineitem", "Startup Cost": 0.0, "Total Cost": 1.35, "Plan Rows": 5, "Plan Width": 24, "Index Cond": "(l_orderkey = orders.o_orderkey)", "Filter": "(l_shipdate > '1995-03-13 00:00:00'::timestamp(0) without time zone)"}]}]}]}]}, "Unique SQL Id": 3929762122, "Planner Runtime": 0}, "explain_analyze_plan": {"Plan": {"Node Type": "Limit", "Startup Cost": 2671272.65, "Total Cost": 2671272.68, "Plan Rows": 10, "Plan Width": 36, "Actual Startup Time": 27779.044, "Actual Total Time": 27779.047, "Actual Rows": 10, "Actual Loops": 1, "Plans": [{"Node Type": "Sort", "Parent Relationship": "Outer", "Startup Cost": 2671272.65, "Total Cost": 2680170.77, "Plan Rows": 10, "Plan Width": 36, "Actual Startup Time": 27779.04, "Actual Total Time": 27779.042, "Actual Rows": 10, "Actual Loops": 1, "Sort Key": ["(sum((lineitem.l_extendedprice * (1::double precision - lineitem.l_discount)))) DESC", "orders.o_orderdate"], "Sort Method": "top-N heapsort", "Sort Space Used": 26, "Sort Space Type": "Memory", "Plans": [{"Node Type": "Aggregate", "Strategy": "Hashed", "Parent Relationship": "Outer", "Startup Cost": 2558766.13, "Total Cost": 2594358.6, "Plan Rows": 3559247, "Plan Width": 36, "Actual Startup Time": 27666.934, "Actual Total Time": 27751.675, "Actual Rows": 113719, "Actual Loops": 1, "Group By Key": ["lineitem.l_orderkey", "orders.o_orderdate", "orders.o_shippriority"], "Plans": [{"Node Type": "Nested Loop", "Parent Relationship": "Outer", "Join Type": "Inner", "Startup Cost": 0.0, "Total Cost": 2505377.43, "Plan Rows": 3559247, "Plan Width": 36, "Actual Startup Time": 0.192, "Actual Total Time": 27341.729, "Actual Rows": 300219, "Actual Loops": 1, "Inner Unique": false, "Plans": [{"Node Type": "Nested Loop", "Parent Relationship": "Outer", "Join Type": "Inner", "Startup Cost": 0.0, "Total Cost": 1500833.09, "Plan Rows": 715772, "Plan Width": 20, "Actual Startup Time": 0.095, "Actual Total Time": 9668.336, "Actual Rows": 1455173, "Actual Loops": 1, "Inner Unique": false, "Plans": [{"Node Type": "Seq Scan", "Parent Relationship": "Outer", "Relation Name": "customer", "Alias": "customer", "Startup Cost": 0.0, "Total Cost": 55876.0, "Plan Rows": 303948, "Plan Width": 8, "Actual Startup Time": 0.049, "Actual Total Time": 635.908, "Actual Rows": 300036, "Actual Loops": 1, "Filter": "(c_mktsegment = 'AUTOMOBILE'::bpchar), (LLVM Optimized, Jit Execute)", "Rows Removed by Filter": 1199964}, {"Node Type": "Index Scan", "Parent Relationship": "Inner", "Scan Direction": "Forward", "Index Name": "idx_orders_custkey", "Relation Name": "orders", "Alias": "orders", "Startup Cost": 0.0, "Total Cost": 4.73, "Plan Rows": 2, "Plan Width": 28, "Actual Startup Time": 2118.749, "Actual Total Time": 8508.063, "Actual Rows": 1455173, "Actual Loops": 300036, "Index Cond": "(o_custkey = customer.c_custkey)", "Rows Removed by Index Recheck": 0, "Filter": "(o_orderdate < '1995-03-13 00:00:00'::timestamp(0) without time zone)", "Rows Removed by Filter": 1545367}]}, {"Node Type": "Index Scan", "Parent Relationship": "Inner", "Scan Direction": "Forward", "Index Name": "idx_lineitem_orderkey", "Relation Name": "lineitem", "Alias": "lineitem", "Startup Cost": 0.0, "Total Cost": 1.35, "Plan Rows": 5, "Plan Width": 24, "Actual Startup Time": 16561.04, "Actual Total Time": 16849.911, "Actual Rows": 300219, "Actual Loops": 1455173, "Index Cond": "(l_orderkey = orders.o_orderkey)", "Rows Removed by Index Recheck": 0, "Filter": "(l_shipdate > '1995-03-13 00:00:00'::timestamp(0) without time zone)", "Rows Removed by Filter": 5519788}]}]}]}]}, "Triggers": [], "Planner Runtime": 0.562, "Total Runtime": 27788.418, "Unique SQL Id": 3929762122}}, "(1, '61')": {"explain_plan": {"Plan": {"Node Type": "Limit", "Startup Cost": 2699912.01, "Total Cost": 2699912.03, "Plan Rows": 10, "Plan Width": 36, "Plans": [{"Node Type": "Sort", "Parent Relationship": "Outer", "Startup Cost": 2699912.01, "Total Cost": 2708810.13, "Plan Rows": 10, "Plan Width": 36, "Sort Key": ["(sum((lineitem.l_extendedprice * (1::double precision - lineitem.l_discount)))) DESC", "orders.o_orderdate"], "Plans": [{"Node Type": "Aggregate", "Strategy": "Hashed", "Parent Relationship": "Outer", "Startup Cost": 2587405.49, "Total Cost": 2622997.96, "Plan Rows": 3559247, "Plan Width": 36, "Group By Key": ["lineitem.l_orderkey", "orders.o_orderdate", "orders.o_shippriority"], "Plans": [{"Node Type": "Nested Loop", "Parent Relationship": "Outer", "Join Type": "Inner", "Startup Cost": 0.0, "Total Cost": 2534016.78, "Plan Rows": 3559247, "Plan Width": 36, "Inner Unique": false, "Plans": [{"Node Type": "Nested Loop", "Parent Relationship": "Outer", "Join Type": "Inner", "Startup Cost": 0.0, "Total Cost": 1529472.45, "Plan Rows": 715772, "Plan Width": 20, "Inner Unique": false, "Plans": [{"Node Type": "Index Scan", "Parent Relationship": "Outer", "Scan Direction": "Forward", "Index Name": "customer_pkey", "Relation Name": "customer", "Alias": "customer", "Startup Cost": 0.0, "Total Cost": 84515.36, "Plan Rows": 303948, "Plan Width": 8, "Filter": "(c_mktsegment = 'AUTOMOBILE'::bpchar), (LLVM Optimized)"}, {"Node Type": "Index Scan", "Parent Relationship": "Inner", "Scan Direction": "Forward", "Index Name": "idx_orders_custkey", "Relation Name": "orders", "Alias": "orders", "Startup Cost": 0.0, "Total Cost": 4.73, "Plan Rows": 2, "Plan Width": 28, "Index Cond": "(o_custkey = customer.c_custkey)", "Filter": "(o_orderdate < '1995-03-13 00:00:00'::timestamp(0) without time zone)"}]}, {"Node Type": "Index Scan", "Parent Relationship": "Inner", "Scan Direction": "Forward", "Index Name": "idx_lineitem_orderkey", "Relation Name": "lineitem", "Alias": "lineitem", "Startup Cost": 0.0, "Total Cost": 1.35, "Plan Rows": 5, "Plan Width": 24, "Index Cond": "(l_orderkey = orders.o_orderkey)", "Filter": "(l_shipdate > '1995-03-13 00:00:00'::timestamp(0) without time zone)"}]}]}]}]}, "Unique SQL Id": 3929762122, "Planner Runtime": 0}, "explain_analyze_plan": {"Plan": {"Node Type": "Limit", "Startup Cost": 2699912.01, "Total Cost": 2699912.03, "Plan Rows": 10, "Plan Width": 36, "Actual Startup Time": 28682.927, "Actual Total Time": 28682.93, "Actual Rows": 10, "Actual Loops": 1, "Plans": [{"Node Type": "Sort", "Parent Relationship": "Outer", "Startup Cost": 2699912.01, "Total Cost": 2708810.13, "Plan Rows": 10, "Plan Width": 36, "Actual Startup Time": 28682.924, "Actual Total Time": 28682.927, "Actual Rows": 10, "Actual Loops": 1, "Sort Key": ["(sum((lineitem.l_extendedprice * (1::double precision - lineitem.l_discount)))) DESC", "orders.o_orderdate"], "Sort Method": "top-N heapsort", "Sort Space Used": 26, "Sort Space Type": "Memory", "Plans": [{"Node Type": "Aggregate", "Strategy": "Hashed", "Parent Relationship": "Outer", "Startup Cost": 2587405.49, "Total Cost": 2622997.96, "Plan Rows": 3559247, "Plan Width": 36, "Actual Startup Time": 28589.273, "Actual Total Time": 28655.673, "Actual Rows": 113719, "Actual Loops": 1, "Group By Key": ["lineitem.l_orderkey", "orders.o_orderdate", "orders.o_shippriority"], "Plans": [{"Node Type": "Nested Loop", "Parent Relationship": "Outer", "Join Type": "Inner", "Startup Cost": 0.0, "Total Cost": 2534016.78, "Plan Rows": 3559247, "Plan Width": 36, "Actual Startup Time": 0.188, "Actual Total Time": 28265.178, "Actual Rows": 300219, "Actual Loops": 1, "Inner Unique": false, "Plans": [{"Node Type": "Nested Loop", "Parent Relationship": "Outer", "Join Type": "Inner", "Startup Cost": 0.0, "Total Cost": 1529472.45, "Plan Rows": 715772, "Plan Width": 20, "Actual Startup Time": 0.091, "Actual Total Time": 10349.336, "Actual Rows": 1455173, "Actual Loops": 1, "Inner Unique": false, "Plans": [{"Node Type": "Index Scan", "Parent Relationship": "Outer", "Scan Direction": "Forward", "Index Name": "customer_pkey", "Relation Name": "customer", "Alias": "customer", "Startup Cost": 0.0, "Total Cost": 84515.36, "Plan Rows": 303948, "Plan Width": 8, "Actual Startup Time": 0.064, "Actual Total Time": 1190.084, "Actual Rows": 300036, "Actual Loops": 1, "Filter": "(c_mktsegment = 'AUTOMOBILE'::bpchar), (LLVM Optimized, Jit Execute)", "Rows Removed by Filter": 1199964}, {"Node Type": "Index Scan", "Parent Relationship": "Inner", "Scan Direction": "Forward", "Index Name": "idx_orders_custkey", "Relation Name": "orders", "Alias": "orders", "Startup Cost": 0.0, "Total Cost": 4.73, "Plan Rows": 2, "Plan Width": 28, "Actual Startup Time": 2137.39, "Actual Total Time": 8636.858, "Actual Rows": 1455173, "Actual Loops": 300036, "Index Cond": "(o_custkey = customer.c_custkey)", "Rows Removed by Index Recheck": 0, "Filter": "(o_orderdate < '1995-03-13 00:00:00'::timestamp(0) without time zone)", "Rows Removed by Filter": 1545367}]}, {"Node Type": "Index Scan", "Parent Relationship": "Inner", "Scan Direction": "Forward", "Index Name": "idx_lineitem_orderkey", "Relation Name": "lineitem", "Alias": "lineitem", "Startup Cost": 0.0, "Total Cost": 1.35, "Plan Rows": 5, "Plan Width": 24, "Actual Startup Time": 16806.131, "Actual Total Time": 17097.677, "Actual Rows": 300219, "Actual Loops": 1455173, "Index Cond": "(l_orderkey = orders.o_orderkey)", "Rows Removed by Index Recheck": 0, "Filter": "(l_shipdate > '1995-03-13 00:00:00'::timestamp(0) without time zone)", "Rows Removed by Filter": 5519788}]}]}]}]}, "Triggers": [], "Planner Runtime": 1.026, "Total Runtime": 28692.282, "Unique SQL Id": 3929762122}}, "(1, '62')": {"explain_plan": {"Plan": {"Node Type": "Limit", "Startup Cost": 383528982462.14, "Total Cost": 383528982462.17, "Plan Rows": 10, "Plan Width": 36, "Plans": [{"Node Type": "Sort", "Parent Relationship": "Outer", "Startup Cost": 383528982462.14, "Total Cost": 383528991360.26, "Plan Rows": 10, "Plan Width": 36, "Sort Key": ["(sum((lineitem.l_extendedprice * (1::double precision - lineitem.l_discount)))) DESC", "orders.o_orderdate"], "Plans": [{"Node Type": "Aggregate", "Strategy": "Hashed", "Parent Relationship": "Outer", "Startup Cost": 383528869955.62, "Total Cost": 383528905548.09, "Plan Rows": 3559247, "Plan Width": 36, "Group By Key": ["lineitem.l_orderkey", "orders.o_orderdate", "orders.o_shippriority"], "Plans": [{"Node Type": "Nested Loop", "Parent Relationship": "Outer", "Join Type": "Inner", "Startup Cost": 386.46, "Total Cost": 383528816566.92, "Plan Rows": 3559247, "Plan Width": 36, "Inner Unique": false, "Join Filter": "(orders.o_orderkey = lineitem.l_orderkey), (LLVM Optimized)", "Plans": [{"Node Type": "Seq Scan", "Parent Relationship": "Outer", "Relation Name": "lineitem", "Alias": "lineitem", "Startup Cost": 0.0, "Total Cost": 2165082.91, "Plan Rows": 32617206, "Plan Width": 24, "Filter": "(l_shipdate > '1995-03-13 00:00:00'::timestamp(0) without time zone), (LLVM Optimized)"}, {"Node Type": "Materialize", "Parent Relationship": "Inner", "Startup Cost": 386.46, "Total Cost": 33329411677.96, "Plan Rows": 715772, "Plan Width": 20, "Plans": [{"Node Type": "Nested Loop", "Parent Relationship": "Outer", "Join Type": "Inner", "Startup Cost": 386.46, "Total Cost": 33329408099.1, "Plan Rows": 715772, "Plan Width": 20, "Inner Unique": true, "Join Filter": "(customer.c_custkey = orders.o_custkey), (LLVM Optimized)", "Plans": [{"Node Type": "Seq Scan", "Parent Relationship": "Outer", "Relation Name": "orders", "Alias": "orders", "Startup Cost": 386.46, "Total Cost": 463912.49, "Plan Rows": 7310217, "Plan Width": 28, "Filter": "(o_orderdate < '1995-03-13 00:00:00'::timestamp(0) without time zone), (LLVM Optimized)"}, {"Node Type": "Materialize", "Parent Relationship": "Inner", "Startup Cost": 0.0, "Total Cost": 57395.74, "Plan Rows": 303948, "Plan Width": 8, "Plans": [{"Node Type": "Seq Scan", "Parent Relationship": "Outer", "Relation Name": "customer", "Alias": "customer", "Startup Cost": 0.0, "Total Cost": 55876.0, "Plan Rows": 303948, "Plan Width": 8, "Filter": "(c_mktsegment = 'AUTOMOBILE'::bpchar), (LLVM Optimized)"}]}]}]}]}]}]}]}, "Unique SQL Id": 3929762122, "Planner Runtime": 0}, "explain_analyze_plan": null}, "(1, '63')": {"explain_plan": {"Plan": {"Node Type": "Limit", "Startup Cost": 3383950608972.36, "Total Cost": 3383950608972.39, "Plan Rows": 10, "Plan Width": 36, "Plans": [{"Node Type": "Sort", "Parent Relationship": "Outer", "Startup Cost": 3383950608972.36, "Total Cost": 3383950617870.48, "Plan Rows": 10, "Plan Width": 36, "Sort Key": ["(sum((lineitem.l_extendedprice * (1::double precision - lineitem.l_discount)))) DESC", "orders.o_orderdate"], "Plans": [{"Node Type": "Aggregate", "Strategy": "Hashed", "Parent Relationship": "Outer", "Startup Cost": 3383950496465.85, "Total Cost": 3383950532058.32, "Plan Rows": 3559247, "Plan Width": 36, "Group By Key": ["lineitem.l_orderkey", "orders.o_orderdate", "orders.o_shippriority"], "Plans": [{"Node Type": "Nested Loop", "Parent Relationship": "Outer", "Join Type": "Inner", "Startup Cost": 30000000000.0, "Total Cost": 3383950443077.14, "Plan Rows": 3559247, "Plan Width": 36, "Inner Unique": false, "Join Filter": "(orders.o_orderkey = lineitem.l_orderkey), (LLVM Optimized)", "Plans": [{"Node Type": "Index Scan", "Parent Relationship": "Outer", "Scan Direction": "Forward", "Index Name": "idx_lineitem_orderkey", "Relation Name": "lineitem", "Alias": "lineitem", "Startup Cost": 10000000000.0, "Total Cost": 1000339012132.75, "Plan Rows": 32617206, "Plan Width": 24, "Filter": "(l_shipdate > '1995-03-13 00:00:00'::timestamp(0) without time zone), (LLVM Optimized)"}, {"Node Type": "Materialize", "Parent Relationship": "Inner", "Startup Cost": 20000000000.0, "Total Cost": 2033414191138.34, "Plan Rows": 715772, "Plan Width": 20, "Plans": [{"Node Type": "Nested Loop", "Parent Relationship": "Outer", "Join Type": "Inner", "Startup Cost": 20000000000.0, "Total Cost": 2033414187559.48, "Plan Rows": 715772, "Plan Width": 20, "Inner Unique": true, "Join Filter": "(customer.c_custkey = orders.o_custkey), (LLVM Optimized)", "Plans": [{"Node Type": "Index Scan", "Parent Relationship": "Outer", "Scan Direction": "Forward", "Index Name": "orders_pkey", "Relation Name": "orders", "Alias": "orders", "Startup Cost": 10000000000.0, "Total Cost": 1000076847713.25, "Plan Rows": 7310217, "Plan Width": 28, "Filter": "(o_orderdate < '1995-03-13 00:00:00'::timestamp(0) without time zone), (LLVM Optimized)"}, {"Node Type": "Materialize", "Parent Relationship": "Inner", "Startup Cost": 10000000000.0, "Total Cost": 1000008453055.36, "Plan Rows": 303948, "Plan Width": 8, "Plans": [{"Node Type": "Index Scan", "Parent Relationship": "Outer", "Scan Direction": "Forward", "Index Name": "customer_pkey", "Relation Name": "customer", "Alias": "customer", "Startup Cost": 10000000000.0, "Total Cost": 1000008451535.62, "Plan Rows": 303948, "Plan Width": 8, "Filter": "(c_mktsegment = 'AUTOMOBILE'::bpchar), (LLVM Optimized)"}]}]}]}]}]}]}]}, "Unique SQL Id": 3929762122, "Planner Runtime": 0}, "explain_analyze_plan": null}, "(1, '64')": {"explain_plan": {"Plan": {"Node Type": "Limit", "Startup Cost": 1728598.43, "Total Cost": 1728598.46, "Plan Rows": 10, "Plan Width": 36, "Plans": [{"Node Type": "Sort", "Parent Relationship": "Outer", "Startup Cost": 1728598.43, "Total Cost": 1737496.55, "Plan Rows": 10, "Plan Width": 36, "Sort Key": ["(sum((lineitem.l_extendedprice * (1::double precision - lineitem.l_discount)))) DESC", "orders.o_orderdate"], "Plans": [{"Node Type": "Aggregate", "Strategy": "Hashed", "Parent Relationship": "Outer", "Startup Cost": 1616091.91, "Total Cost": 1651684.38, "Plan Rows": 3559247, "Plan Width": 36, "Group By Key": ["lineitem.l_orderkey", "orders.o_orderdate", "orders.o_shippriority"], "Plans": [{"Node Type": "Nested Loop", "Parent Relationship": "Outer", "Join Type": "Inner", "Startup Cost": 60061.81, "Total Cost": 1562703.21, "Plan Rows": 3559247, "Plan Width": 36, "Inner Unique": false, "Plans": [{"Node Type": "Hash Join", "Parent Relationship": "Outer", "Join Type": "Inner", "Startup Cost": 60061.81, "Total Cost": 558158.87, "Plan Rows": 715772, "Plan Width": 20, "Inner Unique": true, "Hash Cond": "(orders.o_custkey = customer.c_custkey), (LLVM Optimized)", "Plans": [{"Node Type": "Seq Scan", "Parent Relationship": "Outer", "Relation Name": "orders", "Alias": "orders", "Startup Cost": 386.46, "Total Cost": 463912.49, "Plan Rows": 7310217, "Plan Width": 28, "Filter": "(o_orderdate < '1995-03-13 00:00:00'::timestamp(0) without time zone), (LLVM Optimized)"}, {"Node Type": "Hash", "Parent Relationship": "Inner", "Startup Cost": 55876.0, "Total Cost": 55876.0, "Plan Rows": 303948, "Plan Width": 8, "Plans": [{"Node Type": "Seq Scan", "Parent Relationship": "Outer", "Relation Name": "customer", "Alias": "customer", "Startup Cost": 0.0, "Total Cost": 55876.0, "Plan Rows": 303948, "Plan Width": 8, "Filter": "(c_mktsegment = 'AUTOMOBILE'::bpchar), (LLVM Optimized)"}]}]}, {"Node Type": "Index Scan", "Parent Relationship": "Inner", "Scan Direction": "Forward", "Index Name": "idx_lineitem_orderkey", "Relation Name": "lineitem", "Alias": "lineitem", "Startup Cost": 0.0, "Total Cost": 1.35, "Plan Rows": 5, "Plan Width": 24, "Index Cond": "(l_orderkey = orders.o_orderkey)", "Filter": "(l_shipdate > '1995-03-13 00:00:00'::timestamp(0) without time zone)"}]}]}]}]}, "Unique SQL Id": 3929762122, "Planner Runtime": 1}, "explain_analyze_plan": {"Plan": {"Node Type": "Limit", "Startup Cost": 1728598.43, "Total Cost": 1728598.46, "Plan Rows": 10, "Plan Width": 36, "Actual Startup Time": 21120.337, "Actual Total Time": 21120.34, "Actual Rows": 10, "Actual Loops": 1, "Plans": [{"Node Type": "Sort", "Parent Relationship": "Outer", "Startup Cost": 1728598.43, "Total Cost": 1737496.55, "Plan Rows": 10, "Plan Width": 36, "Actual Startup Time": 21120.334, "Actual Total Time": 21120.335, "Actual Rows": 10, "Actual Loops": 1, "Sort Key": ["(sum((lineitem.l_extendedprice * (1::double precision - lineitem.l_discount)))) DESC", "orders.o_orderdate"], "Sort Method": "top-N heapsort", "Sort Space Used": 26, "Sort Space Type": "Memory", "Plans": [{"Node Type": "Aggregate", "Strategy": "Hashed", "Parent Relationship": "Outer", "Startup Cost": 1616091.91, "Total Cost": 1651684.38, "Plan Rows": 3559247, "Plan Width": 36, "Actual Startup Time": 21032.242, "Actual Total Time": 21092.975, "Actual Rows": 113719, "Actual Loops": 1, "Group By Key": ["lineitem.l_orderkey", "orders.o_orderdate", "orders.o_shippriority"], "Plans": [{"Node Type": "Nested Loop", "Parent Relationship": "Outer", "Join Type": "Inner", "Startup Cost": 60061.81, "Total Cost": 1562703.21, "Plan Rows": 3559247, "Plan Width": 36, "Actual Startup Time": 739.304, "Actual Total Time": 20734.32, "Actual Rows": 300219, "Actual Loops": 1, "Inner Unique": false, "Plans": [{"Node Type": "Hash Join", "Parent Relationship": "Outer", "Join Type": "Inner", "Startup Cost": 60061.81, "Total Cost": 558158.87, "Plan Rows": 715772, "Plan Width": 20, "Actual Startup Time": 739.077, "Actual Total Time": 8940.97, "Actual Rows": 1455173, "Actual Loops": 1, "Inner Unique": true, "Hash Cond": "(orders.o_custkey = customer.c_custkey), (LLVM Optimized, Jit Execute)", "Plans": [{"Node Type": "Seq Scan", "Parent Relationship": "Outer", "Relation Name": "orders", "Alias": "orders", "Startup Cost": 386.46, "Total Cost": 463912.49, "Plan Rows": 7310217, "Plan Width": 28, "Actual Startup Time": 0.056, "Actual Total Time": 4941.534, "Actual Rows": 7276947, "Actual Loops": 1, "Filter": "(o_orderdate < '1995-03-13 00:00:00'::timestamp(0) without time zone), (LLVM Optimized, Jit Execute)", "Rows Removed by Filter": 7723053}, {"Node Type": "Hash", "Parent Relationship": "Inner", "Startup Cost": 55876.0, "Total Cost": 55876.0, "Plan Rows": 303948, "Plan Width": 8, "Actual Startup Time": 738.343, "Actual Total Time": 738.343, "Actual Rows": 300036, "Actual Loops": 1, "Hash Buckets": 524288, "Hash Batches": 1, "Original Hash Batches": 1, "Peak Memory Usage": 11721, "Plans": [{"Node Type": "Seq Scan", "Parent Relationship": "Outer", "Relation Name": "customer", "Alias": "customer", "Startup Cost": 0.0, "Total Cost": 55876.0, "Plan Rows": 303948, "Plan Width": 8, "Actual Startup Time": 0.021, "Actual Total Time": 643.423, "Actual Rows": 300036, "Actual Loops": 1, "Filter": "(c_mktsegment = 'AUTOMOBILE'::bpchar), (LLVM Optimized, Jit Execute)", "Rows Removed by Filter": 1199964}]}]}, {"Node Type": "Index Scan", "Parent Relationship": "Inner", "Scan Direction": "Forward", "Index Name": "idx_lineitem_orderkey", "Relation Name": "lineitem", "Alias": "lineitem", "Startup Cost": 0.0, "Total Cost": 1.35, "Plan Rows": 5, "Plan Width": 24, "Actual Startup Time": 10703.081, "Actual Total Time": 10988.174, "Actual Rows": 300219, "Actual Loops": 1455173, "Index Cond": "(l_orderkey = orders.o_orderkey)", "Rows Removed by Index Recheck": 0, "Filter": "(l_shipdate > '1995-03-13 00:00:00'::timestamp(0) without time zone)", "Rows Removed by Filter": 5519788}]}]}]}]}, "Triggers": [], "Planner Runtime": 1.233, "Total Runtime": 21130.306, "Unique SQL Id": 3929762122}}, "(1, '65')": {"explain_plan": {"Plan": {"Node Type": "Limit", "Startup Cost": 1829820.45, "Total Cost": 1829820.47, "Plan Rows": 10, "Plan Width": 36, "Plans": [{"Node Type": "Sort", "Parent Relationship": "Outer", "Startup Cost": 1829820.45, "Total Cost": 1838718.56, "Plan Rows": 10, "Plan Width": 36, "Sort Key": ["(sum((lineitem.l_extendedprice * (1::double precision - lineitem.l_discount)))) DESC", "orders.o_orderdate"], "Plans": [{"Node Type": "Aggregate", "Strategy": "Hashed", "Parent Relationship": "Outer", "Startup Cost": 1717313.93, "Total Cost": 1752906.4, "Plan Rows": 3559247, "Plan Width": 36, "Group By Key": ["lineitem.l_orderkey", "orders.o_orderdate", "orders.o_shippriority"], "Plans": [{"Node Type": "Nested Loop", "Parent Relationship": "Outer", "Join Type": "Inner", "Startup Cost": 257013.14, "Total Cost": 1663925.22, "Plan Rows": 3559247, "Plan Width": 36, "Inner Unique": false, "Plans": [{"Node Type": "Hash Join", "Parent Relationship": "Outer", "Join Type": "Inner", "Startup Cost": 257013.14, "Total Cost": 659380.88, "Plan Rows": 715772, "Plan Width": 20, "Inner Unique": true, "Hash Cond": "(orders.o_custkey = customer.c_custkey), (LLVM Optimized)", "Plans": [{"Node Type": "Bitmap Heap Scan", "Parent Relationship": "Outer", "Relation Name": "orders", "Alias": "orders", "Startup Cost": 168698.43, "Total Cost": 536495.14, "Plan Rows": 7310217, "Plan Width": 28, "Recheck Cond": "(o_orderdate < '1995-03-13 00:00:00'::timestamp(0) without time zone), (LLVM Optimized)", "Plans": [{"Node Type": "Bitmap Index Scan", "Parent Relationship": "Outer", "Index Name": "idx_orders_orderdate", "Startup Cost": 0.0, "Total Cost": 166870.88, "Plan Rows": 7310217, "Plan Width": 0, "Index Cond": "(o_orderdate < '1995-03-13 00:00:00'::timestamp(0) without time zone)"}]}, {"Node Type": "Hash", "Parent Relationship": "Inner", "Startup Cost": 84515.36, "Total Cost": 84515.36, "Plan Rows": 303948, "Plan Width": 8, "Plans": [{"Node Type": "Index Scan", "Parent Relationship": "Outer", "Scan Direction": "Forward", "Index Name": "customer_pkey", "Relation Name": "customer", "Alias": "customer", "Startup Cost": 0.0, "Total Cost": 84515.36, "Plan Rows": 303948, "Plan Width": 8, "Filter": "(c_mktsegment = 'AUTOMOBILE'::bpchar), (LLVM Optimized)"}]}]}, {"Node Type": "Index Scan", "Parent Relationship": "Inner", "Scan Direction": "Forward", "Index Name": "idx_lineitem_orderkey", "Relation Name": "lineitem", "Alias": "lineitem", "Startup Cost": 0.0, "Total Cost": 1.35, "Plan Rows": 5, "Plan Width": 24, "Index Cond": "(l_orderkey = orders.o_orderkey)", "Filter": "(l_shipdate > '1995-03-13 00:00:00'::timestamp(0) without time zone)"}]}]}]}]}, "Unique SQL Id": 3929762122, "Planner Runtime": 1}, "explain_analyze_plan": {"Plan": {"Node Type": "Limit", "Startup Cost": 1829820.45, "Total Cost": 1829820.47, "Plan Rows": 10, "Plan Width": 36, "Actual Startup Time": 22842.596, "Actual Total Time": 22842.599, "Actual Rows": 10, "Actual Loops": 1, "Plans": [{"Node Type": "Sort", "Parent Relationship": "Outer", "Startup Cost": 1829820.45, "Total Cost": 1838718.56, "Plan Rows": 10, "Plan Width": 36, "Actual Startup Time": 22842.593, "Actual Total Time": 22842.595, "Actual Rows": 10, "Actual Loops": 1, "Sort Key": ["(sum((lineitem.l_extendedprice * (1::double precision - lineitem.l_discount)))) DESC", "orders.o_orderdate"], "Sort Method": "top-N heapsort", "Sort Space Used": 26, "Sort Space Type": "Memory", "Plans": [{"Node Type": "Aggregate", "Strategy": "Hashed", "Parent Relationship": "Outer", "Startup Cost": 1717313.93, "Total Cost": 1752906.4, "Plan Rows": 3559247, "Plan Width": 36, "Actual Startup Time": 22737.205, "Actual Total Time": 22815.188, "Actual Rows": 113719, "Actual Loops": 1, "Group By Key": ["lineitem.l_orderkey", "orders.o_orderdate", "orders.o_shippriority"], "Plans": [{"Node Type": "Nested Loop", "Parent Relationship": "Outer", "Join Type": "Inner", "Startup Cost": 257013.14, "Total Cost": 1663925.22, "Plan Rows": 3559247, "Plan Width": 36, "Actual Startup Time": 3356.38, "Actual Total Time": 22441.654, "Actual Rows": 300219, "Actual Loops": 1, "Inner Unique": false, "Plans": [{"Node Type": "Hash Join", "Parent Relationship": "Outer", "Join Type": "Inner", "Startup Cost": 257013.14, "Total Cost": 659380.88, "Plan Rows": 715772, "Plan Width": 20, "Actual Startup Time": 3356.159, "Actual Total Time": 10560.793, "Actual Rows": 1455173, "Actual Loops": 1, "Inner Unique": true, "Hash Cond": "(orders.o_custkey = customer.c_custkey), (LLVM Optimized, Jit Execute)", "Plans": [{"Node Type": "Bitmap Heap Scan", "Parent Relationship": "Outer", "Relation Name": "orders", "Alias": "orders", "Startup Cost": 168698.43, "Total Cost": 536495.14, "Plan Rows": 7310217, "Plan Width": 28, "Actual Startup Time": 1970.259, "Actual Total Time": 5988.433, "Actual Rows": 7276947, "Actual Loops": 1, "Recheck Cond": "(o_orderdate < '1995-03-13 00:00:00'::timestamp(0) without time zone), (LLVM Optimized, Jit Execute)", "Rows Removed by Index Recheck": 0, "Exact Heap Blocks": 276419, "Lossy Heap Blocks": 276419, "Plans": [{"Node Type": "Bitmap Index Scan", "Parent Relationship": "Outer", "Index Name": "idx_orders_orderdate", "Startup Cost": 0.0, "Total Cost": 166870.88, "Plan Rows": 7310217, "Plan Width": 0, "Actual Startup Time": 1875.647, "Actual Total Time": 1875.647, "Actual Rows": 7276947, "Actual Loops": 1, "Index Cond": "(o_orderdate < '1995-03-13 00:00:00'::timestamp(0) without time zone)"}]}, {"Node Type": "Hash", "Parent Relationship": "Inner", "Startup Cost": 84515.36, "Total Cost": 84515.36, "Plan Rows": 303948, "Plan Width": 8, "Actual Startup Time": 1385.528, "Actual Total Time": 1385.528, "Actual Rows": 300036, "Actual Loops": 1, "Hash Buckets": 524288, "Hash Batches": 1, "Original Hash Batches": 1, "Peak Memory Usage": 11721, "Plans": [{"Node Type": "Index Scan", "Parent Relationship": "Outer", "Scan Direction": "Forward", "Index Name": "customer_pkey", "Relation Name": "customer", "Alias": "customer", "Startup Cost": 0.0, "Total Cost": 84515.36, "Plan Rows": 303948, "Plan Width": 8, "Actual Startup Time": 0.066, "Actual Total Time": 1257.479, "Actual Rows": 300036, "Actual Loops": 1, "Filter": "(c_mktsegment = 'AUTOMOBILE'::bpchar), (LLVM Optimized, Jit Execute)", "Rows Removed by Filter": 1199964}]}]}, {"Node Type": "Index Scan", "Parent Relationship": "Inner", "Scan Direction": "Forward", "Index Name": "idx_lineitem_orderkey", "Relation Name": "lineitem", "Alias": "lineitem", "Startup Cost": 0.0, "Total Cost": 1.35, "Plan Rows": 5, "Plan Width": 24, "Actual Startup Time": 10784.11, "Actual Total Time": 11073.459, "Actual Rows": 300219, "Actual Loops": 1455173, "Index Cond": "(l_orderkey = orders.o_orderkey)", "Rows Removed by Index Recheck": 0, "Filter": "(l_shipdate > '1995-03-13 00:00:00'::timestamp(0) without time zone)", "Rows Removed by Filter": 5519788}]}]}]}]}, "Triggers": [], "Planner Runtime": 1.152, "Total Runtime": 22853.179, "Unique SQL Id": 3929762122}}, "(1, '66')": {"explain_plan": {"Plan": {"Node Type": "Limit", "Startup Cost": 3055991.15, "Total Cost": 3055991.17, "Plan Rows": 10, "Plan Width": 36, "Plans": [{"Node Type": "Sort", "Parent Relationship": "Outer", "Startup Cost": 3055991.15, "Total Cost": 3064889.27, "Plan Rows": 10, "Plan Width": 36, "Sort Key": ["(sum((lineitem.l_extendedprice * (1::double precision - lineitem.l_discount)))) DESC", "orders.o_orderdate"], "Plans": [{"Node Type": "Aggregate", "Strategy": "Hashed", "Parent Relationship": "Outer", "Startup Cost": 2943484.63, "Total Cost": 2979077.1, "Plan Rows": 3559247, "Plan Width": 36, "Group By Key": ["lineitem.l_orderkey", "orders.o_orderdate", "orders.o_shippriority"], "Plans": [{"Node Type": "Hash Join", "Parent Relationship": "Outer", "Join Type": "Inner", "Startup Cost": 567106.02, "Total Cost": 2890095.93, "Plan Rows": 3559247, "Plan Width": 36, "Inner Unique": false, "Hash Cond": "(lineitem.l_orderkey = orders.o_orderkey), (LLVM Optimized)", "Plans": [{"Node Type": "Seq Scan", "Parent Relationship": "Outer", "Relation Name": "lineitem", "Alias": "lineitem", "Startup Cost": 0.0, "Total Cost": 2165082.91, "Plan Rows": 32617206, "Plan Width": 24, "Filter": "(l_shipdate > '1995-03-13 00:00:00'::timestamp(0) without time zone), (LLVM Optimized)"}, {"Node Type": "Hash", "Parent Relationship": "Inner", "Startup Cost": 558158.87, "Total Cost": 558158.87, "Plan Rows": 715772, "Plan Width": 20, "Plans": [{"Node Type": "Hash Join", "Parent Relationship": "Outer", "Join Type": "Inner", "Startup Cost": 60061.81, "Total Cost": 558158.87, "Plan Rows": 715772, "Plan Width": 20, "Inner Unique": true, "Hash Cond": "(orders.o_custkey = customer.c_custkey), (LLVM Optimized)", "Plans": [{"Node Type": "Seq Scan", "Parent Relationship": "Outer", "Relation Name": "orders", "Alias": "orders", "Startup Cost": 386.46, "Total Cost": 463912.49, "Plan Rows": 7310217, "Plan Width": 28, "Filter": "(o_orderdate < '1995-03-13 00:00:00'::timestamp(0) without time zone), (LLVM Optimized)"}, {"Node Type": "Hash", "Parent Relationship": "Inner", "Startup Cost": 55876.0, "Total Cost": 55876.0, "Plan Rows": 303948, "Plan Width": 8, "Plans": [{"Node Type": "Seq Scan", "Parent Relationship": "Outer", "Relation Name": "customer", "Alias": "customer", "Startup Cost": 0.0, "Total Cost": 55876.0, "Plan Rows": 303948, "Plan Width": 8, "Filter": "(c_mktsegment = 'AUTOMOBILE'::bpchar), (LLVM Optimized)"}]}]}]}]}]}]}]}, "Unique SQL Id": 3929762122, "Planner Runtime": 1}, "explain_analyze_plan": {"Plan": {"Node Type": "Limit", "Startup Cost": 3055991.15, "Total Cost": 3055991.17, "Plan Rows": 10, "Plan Width": 36, "Actual Startup Time": 39912.957, "Actual Total Time": 39912.961, "Actual Rows": 10, "Actual Loops": 1, "Plans": [{"Node Type": "Sort", "Parent Relationship": "Outer", "Startup Cost": 3055991.15, "Total Cost": 3064889.27, "Plan Rows": 10, "Plan Width": 36, "Actual Startup Time": 39912.953, "Actual Total Time": 39912.956, "Actual Rows": 10, "Actual Loops": 1, "Sort Key": ["(sum((lineitem.l_extendedprice * (1::double precision - lineitem.l_discount)))) DESC", "orders.o_orderdate"], "Sort Method": "top-N heapsort", "Sort Space Used": 26, "Sort Space Type": "Memory", "Plans": [{"Node Type": "Aggregate", "Strategy": "Hashed", "Parent Relationship": "Outer", "Startup Cost": 2943484.63, "Total Cost": 2979077.1, "Plan Rows": 3559247, "Plan Width": 36, "Actual Startup Time": 39821.735, "Actual Total Time": 39885.752, "Actual Rows": 113719, "Actual Loops": 1, "Group By Key": ["lineitem.l_orderkey", "orders.o_orderdate", "orders.o_shippriority"], "Plans": [{"Node Type": "Hash Join", "Parent Relationship": "Outer", "Join Type": "Inner", "Startup Cost": 567106.02, "Total Cost": 2890095.93, "Plan Rows": 3559247, "Plan Width": 36, "Actual Startup Time": 9286.806, "Actual Total Time": 39528.201, "Actual Rows": 300219, "Actual Loops": 1, "Inner Unique": false, "Hash Cond": "(lineitem.l_orderkey = orders.o_orderkey), (LLVM Optimized, Jit Execute)", "Plans": [{"Node Type": "Seq Scan", "Parent Relationship": "Outer", "Relation Name": "lineitem", "Alias": "lineitem", "Startup Cost": 0.0, "Total Cost": 2165082.91, "Plan Rows": 32617206, "Plan Width": 24, "Actual Startup Time": 0.109, "Actual Total Time": 21259.675, "Actual Rows": 32384344, "Actual Loops": 1, "Filter": "(l_shipdate > '1995-03-13 00:00:00'::timestamp(0) without time zone), (LLVM Optimized, Jit Execute)", "Rows Removed by Filter": 27601708}, {"Node Type": "Hash", "Parent Relationship": "Inner", "Startup Cost": 558158.87, "Total Cost": 558158.87, "Plan Rows": 715772, "Plan Width": 20, "Actual Startup Time": 9285.133, "Actual Total Time": 9285.133, "Actual Rows": 1455173, "Actual Loops": 1, "Hash Buckets": 1048576, "Hash Batches": 1, "Original Hash Batches": 1, "Peak Memory Usage": 79580, "Plans": [{"Node Type": "Hash Join", "Parent Relationship": "Outer", "Join Type": "Inner", "Startup Cost": 60061.81, "Total Cost": 558158.87, "Plan Rows": 715772, "Plan Width": 20, "Actual Startup Time": 672.836, "Actual Total Time": 8567.114, "Actual Rows": 1455173, "Actual Loops": 1, "Inner Unique": true, "Hash Cond": "(orders.o_custkey = customer.c_custkey), (LLVM Optimized, Jit Execute)", "Plans": [{"Node Type": "Seq Scan", "Parent Relationship": "Outer", "Relation Name": "orders", "Alias": "orders", "Startup Cost": 386.46, "Total Cost": 463912.49, "Plan Rows": 7310217, "Plan Width": 28, "Actual Startup Time": 0.024, "Actual Total Time": 4947.226, "Actual Rows": 7276947, "Actual Loops": 1, "Filter": "(o_orderdate < '1995-03-13 00:00:00'::timestamp(0) without time zone), (LLVM Optimized, Jit Execute)", "Rows Removed by Filter": 7723053}, {"Node Type": "Hash", "Parent Relationship": "Inner", "Startup Cost": 55876.0, "Total Cost": 55876.0, "Plan Rows": 303948, "Plan Width": 8, "Actual Startup Time": 672.467, "Actual Total Time": 672.467, "Actual Rows": 300036, "Actual Loops": 1, "Hash Buckets": 524288, "Hash Batches": 1, "Original Hash Batches": 1, "Peak Memory Usage": 11721, "Plans": [{"Node Type": "Seq Scan", "Parent Relationship": "Outer", "Relation Name": "customer", "Alias": "customer", "Startup Cost": 0.0, "Total Cost": 55876.0, "Plan Rows": 303948, "Plan Width": 8, "Actual Startup Time": 0.027, "Actual Total Time": 584.45, "Actual Rows": 300036, "Actual Loops": 1, "Filter": "(c_mktsegment = 'AUTOMOBILE'::bpchar), (LLVM Optimized, Jit Execute)", "Rows Removed by Filter": 1199964}]}]}]}]}]}]}]}, "Triggers": [], "Planner Runtime": 1.09, "Total Runtime": 39923.34, "Unique SQL Id": 3929762122}}, "(1, '67')": {"explain_plan": {"Plan": {"Node Type": "Limit", "Startup Cost": 35345596.54, "Total Cost": 35345596.56, "Plan Rows": 10, "Plan Width": 36, "Plans": [{"Node Type": "Sort", "Parent Relationship": "Outer", "Startup Cost": 35345596.54, "Total Cost": 35354494.65, "Plan Rows": 10, "Plan Width": 36, "Sort Key": ["(sum((lineitem.l_extendedprice * (1::double precision - lineitem.l_discount)))) DESC", "orders.o_orderdate"], "Plans": [{"Node Type": "Aggregate", "Strategy": "Hashed", "Parent Relationship": "Outer", "Startup Cost": 35233090.02, "Total Cost": 35268682.49, "Plan Rows": 3559247, "Plan Width": 36, "Group By Key": ["lineitem.l_orderkey", "orders.o_orderdate", "orders.o_shippriority"], "Plans": [{"Node Type": "Nested Loop", "Parent Relationship": "Outer", "Join Type": "Inner", "Startup Cost": 168699.14, "Total Cost": 35179701.31, "Plan Rows": 3559247, "Plan Width": 36, "Inner Unique": false, "Plans": [{"Node Type": "Nested Loop", "Parent Relationship": "Outer", "Join Type": "Inner", "Startup Cost": 168698.69, "Total Cost": 31865463.0, "Plan Rows": 715772, "Plan Width": 20, "Inner Unique": true, "Plans": [{"Node Type": "Bitmap Heap Scan", "Parent Relationship": "Outer", "Relation Name": "orders", "Alias": "orders", "Startup Cost": 168698.43, "Total Cost": 536495.14, "Plan Rows": 7310217, "Plan Width": 28, "Recheck Cond": "(o_orderdate < '1995-03-13 00:00:00'::timestamp(0) without time zone), (LLVM Optimized)", "Plans": [{"Node Type": "Bitmap Index Scan", "Parent Relationship": "Outer", "Index Name": "idx_orders_orderdate", "Startup Cost": 0.0, "Total Cost": 166870.88, "Plan Rows": 7310217, "Plan Width": 0, "Index Cond": "(o_orderdate < '1995-03-13 00:00:00'::timestamp(0) without time zone)"}]}, {"Node Type": "Bitmap Heap Scan", "Parent Relationship": "Inner", "Relation Name": "customer", "Alias": "customer", "Startup Cost": 0.26, "Total Cost": 4.28, "Plan Rows": 1, "Plan Width": 8, "Recheck Cond": "(c_custkey = orders.o_custkey)", "Filter": "(c_mktsegment = 'AUTOMOBILE'::bpchar)", "Plans": [{"Node Type": "Bitmap Index Scan", "Parent Relationship": "Outer", "Index Name": "customer_pkey", "Startup Cost": 0.0, "Total Cost": 0.26, "Plan Rows": 1, "Plan Width": 0, "Index Cond": "(c_custkey = orders.o_custkey)"}]}]}, {"Node Type": "Bitmap Heap Scan", "Parent Relationship": "Inner", "Relation Name": "lineitem", "Alias": "lineitem", "Startup Cost": 0.45, "Total Cost": 4.58, "Plan Rows": 5, "Plan Width": 24, "Recheck Cond": "(l_orderkey = orders.o_orderkey)", "Filter": "(l_shipdate > '1995-03-13 00:00:00'::timestamp(0) without time zone)", "Plans": [{"Node Type": "Bitmap Index Scan", "Parent Relationship": "Outer", "Index Name": "idx_lineitem_orderkey", "Startup Cost": 0.0, "Total Cost": 0.44, "Plan Rows": 9, "Plan Width": 0, "Index Cond": "(l_orderkey = orders.o_orderkey)"}]}]}]}]}]}, "Unique SQL Id": 3929762122, "Planner Runtime": 1}, "explain_analyze_plan": null}, "(1, '68')": {"explain_plan": {"Plan": {"Node Type": "Limit", "Startup Cost": 1728598.43, "Total Cost": 1728598.46, "Plan Rows": 10, "Plan Width": 36, "Plans": [{"Node Type": "Sort", "Parent Relationship": "Outer", "Startup Cost": 1728598.43, "Total Cost": 1737496.55, "Plan Rows": 10, "Plan Width": 36, "Sort Key": ["(sum((lineitem.l_extendedprice * (1::double precision - lineitem.l_discount)))) DESC", "orders.o_orderdate"], "Plans": [{"Node Type": "Aggregate", "Strategy": "Hashed", "Parent Relationship": "Outer", "Startup Cost": 1616091.91, "Total Cost": 1651684.38, "Plan Rows": 3559247, "Plan Width": 36, "Group By Key": ["lineitem.l_orderkey", "orders.o_orderdate", "orders.o_shippriority"], "Plans": [{"Node Type": "Nested Loop", "Parent Relationship": "Outer", "Join Type": "Inner", "Startup Cost": 60061.81, "Total Cost": 1562703.21, "Plan Rows": 3559247, "Plan Width": 36, "Inner Unique": false, "Plans": [{"Node Type": "Hash Join", "Parent Relationship": "Outer", "Join Type": "Inner", "Startup Cost": 60061.81, "Total Cost": 558158.87, "Plan Rows": 715772, "Plan Width": 20, "Inner Unique": true, "Hash Cond": "(orders.o_custkey = customer.c_custkey), (LLVM Optimized)", "Plans": [{"Node Type": "Seq Scan", "Parent Relationship": "Outer", "Relation Name": "orders", "Alias": "orders", "Startup Cost": 386.46, "Total Cost": 463912.49, "Plan Rows": 7310217, "Plan Width": 28, "Filter": "(o_orderdate < '1995-03-13 00:00:00'::timestamp(0) without time zone), (LLVM Optimized)"}, {"Node Type": "Hash", "Parent Relationship": "Inner", "Startup Cost": 55876.0, "Total Cost": 55876.0, "Plan Rows": 303948, "Plan Width": 8, "Plans": [{"Node Type": "Seq Scan", "Parent Relationship": "Outer", "Relation Name": "customer", "Alias": "customer", "Startup Cost": 0.0, "Total Cost": 55876.0, "Plan Rows": 303948, "Plan Width": 8, "Filter": "(c_mktsegment = 'AUTOMOBILE'::bpchar), (LLVM Optimized)"}]}]}, {"Node Type": "Index Scan", "Parent Relationship": "Inner", "Scan Direction": "Forward", "Index Name": "idx_lineitem_orderkey", "Relation Name": "lineitem", "Alias": "lineitem", "Startup Cost": 0.0, "Total Cost": 1.35, "Plan Rows": 5, "Plan Width": 24, "Index Cond": "(l_orderkey = orders.o_orderkey)", "Filter": "(l_shipdate > '1995-03-13 00:00:00'::timestamp(0) without time zone)"}]}]}]}]}, "Unique SQL Id": 3929762122, "Planner Runtime": 1}, "explain_analyze_plan": {"Plan": {"Node Type": "Limit", "Startup Cost": 1728598.43, "Total Cost": 1728598.46, "Plan Rows": 10, "Plan Width": 36, "Actual Startup Time": 21120.337, "Actual Total Time": 21120.34, "Actual Rows": 10, "Actual Loops": 1, "Plans": [{"Node Type": "Sort", "Parent Relationship": "Outer", "Startup Cost": 1728598.43, "Total Cost": 1737496.55, "Plan Rows": 10, "Plan Width": 36, "Actual Startup Time": 21120.334, "Actual Total Time": 21120.335, "Actual Rows": 10, "Actual Loops": 1, "Sort Key": ["(sum((lineitem.l_extendedprice * (1::double precision - lineitem.l_discount)))) DESC", "orders.o_orderdate"], "Sort Method": "top-N heapsort", "Sort Space Used": 26, "Sort Space Type": "Memory", "Plans": [{"Node Type": "Aggregate", "Strategy": "Hashed", "Parent Relationship": "Outer", "Startup Cost": 1616091.91, "Total Cost": 1651684.38, "Plan Rows": 3559247, "Plan Width": 36, "Actual Startup Time": 21032.242, "Actual Total Time": 21092.975, "Actual Rows": 113719, "Actual Loops": 1, "Group By Key": ["lineitem.l_orderkey", "orders.o_orderdate", "orders.o_shippriority"], "Plans": [{"Node Type": "Nested Loop", "Parent Relationship": "Outer", "Join Type": "Inner", "Startup Cost": 60061.81, "Total Cost": 1562703.21, "Plan Rows": 3559247, "Plan Width": 36, "Actual Startup Time": 739.304, "Actual Total Time": 20734.32, "Actual Rows": 300219, "Actual Loops": 1, "Inner Unique": false, "Plans": [{"Node Type": "Hash Join", "Parent Relationship": "Outer", "Join Type": "Inner", "Startup Cost": 60061.81, "Total Cost": 558158.87, "Plan Rows": 715772, "Plan Width": 20, "Actual Startup Time": 739.077, "Actual Total Time": 8940.97, "Actual Rows": 1455173, "Actual Loops": 1, "Inner Unique": true, "Hash Cond": "(orders.o_custkey = customer.c_custkey), (LLVM Optimized, Jit Execute)", "Plans": [{"Node Type": "Seq Scan", "Parent Relationship": "Outer", "Relation Name": "orders", "Alias": "orders", "Startup Cost": 386.46, "Total Cost": 463912.49, "Plan Rows": 7310217, "Plan Width": 28, "Actual Startup Time": 0.056, "Actual Total Time": 4941.534, "Actual Rows": 7276947, "Actual Loops": 1, "Filter": "(o_orderdate < '1995-03-13 00:00:00'::timestamp(0) without time zone), (LLVM Optimized, Jit Execute)", "Rows Removed by Filter": 7723053}, {"Node Type": "Hash", "Parent Relationship": "Inner", "Startup Cost": 55876.0, "Total Cost": 55876.0, "Plan Rows": 303948, "Plan Width": 8, "Actual Startup Time": 738.343, "Actual Total Time": 738.343, "Actual Rows": 300036, "Actual Loops": 1, "Hash Buckets": 524288, "Hash Batches": 1, "Original Hash Batches": 1, "Peak Memory Usage": 11721, "Plans": [{"Node Type": "Seq Scan", "Parent Relationship": "Outer", "Relation Name": "customer", "Alias": "customer", "Startup Cost": 0.0, "Total Cost": 55876.0, "Plan Rows": 303948, "Plan Width": 8, "Actual Startup Time": 0.021, "Actual Total Time": 643.423, "Actual Rows": 300036, "Actual Loops": 1, "Filter": "(c_mktsegment = 'AUTOMOBILE'::bpchar), (LLVM Optimized, Jit Execute)", "Rows Removed by Filter": 1199964}]}]}, {"Node Type": "Index Scan", "Parent Relationship": "Inner", "Scan Direction": "Forward", "Index Name": "idx_lineitem_orderkey", "Relation Name": "lineitem", "Alias": "lineitem", "Startup Cost": 0.0, "Total Cost": 1.35, "Plan Rows": 5, "Plan Width": 24, "Actual Startup Time": 10703.081, "Actual Total Time": 10988.174, "Actual Rows": 300219, "Actual Loops": 1455173, "Index Cond": "(l_orderkey = orders.o_orderkey)", "Rows Removed by Index Recheck": 0, "Filter": "(l_shipdate > '1995-03-13 00:00:00'::timestamp(0) without time zone)", "Rows Removed by Filter": 5519788}]}]}]}]}, "Triggers": [], "Planner Runtime": 1.233, "Total Runtime": 21130.306, "Unique SQL Id": 3929762122}}, "(1, '69')": {"explain_plan": {"Plan": {"Node Type": "Limit", "Startup Cost": 1829820.45, "Total Cost": 1829820.47, "Plan Rows": 10, "Plan Width": 36, "Plans": [{"Node Type": "Sort", "Parent Relationship": "Outer", "Startup Cost": 1829820.45, "Total Cost": 1838718.56, "Plan Rows": 10, "Plan Width": 36, "Sort Key": ["(sum((lineitem.l_extendedprice * (1::double precision - lineitem.l_discount)))) DESC", "orders.o_orderdate"], "Plans": [{"Node Type": "Aggregate", "Strategy": "Hashed", "Parent Relationship": "Outer", "Startup Cost": 1717313.93, "Total Cost": 1752906.4, "Plan Rows": 3559247, "Plan Width": 36, "Group By Key": ["lineitem.l_orderkey", "orders.o_orderdate", "orders.o_shippriority"], "Plans": [{"Node Type": "Nested Loop", "Parent Relationship": "Outer", "Join Type": "Inner", "Startup Cost": 257013.14, "Total Cost": 1663925.22, "Plan Rows": 3559247, "Plan Width": 36, "Inner Unique": false, "Plans": [{"Node Type": "Hash Join", "Parent Relationship": "Outer", "Join Type": "Inner", "Startup Cost": 257013.14, "Total Cost": 659380.88, "Plan Rows": 715772, "Plan Width": 20, "Inner Unique": true, "Hash Cond": "(orders.o_custkey = customer.c_custkey), (LLVM Optimized)", "Plans": [{"Node Type": "Bitmap Heap Scan", "Parent Relationship": "Outer", "Relation Name": "orders", "Alias": "orders", "Startup Cost": 168698.43, "Total Cost": 536495.14, "Plan Rows": 7310217, "Plan Width": 28, "Recheck Cond": "(o_orderdate < '1995-03-13 00:00:00'::timestamp(0) without time zone), (LLVM Optimized)", "Plans": [{"Node Type": "Bitmap Index Scan", "Parent Relationship": "Outer", "Index Name": "idx_orders_orderdate", "Startup Cost": 0.0, "Total Cost": 166870.88, "Plan Rows": 7310217, "Plan Width": 0, "Index Cond": "(o_orderdate < '1995-03-13 00:00:00'::timestamp(0) without time zone)"}]}, {"Node Type": "Hash", "Parent Relationship": "Inner", "Startup Cost": 84515.36, "Total Cost": 84515.36, "Plan Rows": 303948, "Plan Width": 8, "Plans": [{"Node Type": "Index Scan", "Parent Relationship": "Outer", "Scan Direction": "Forward", "Index Name": "customer_pkey", "Relation Name": "customer", "Alias": "customer", "Startup Cost": 0.0, "Total Cost": 84515.36, "Plan Rows": 303948, "Plan Width": 8, "Filter": "(c_mktsegment = 'AUTOMOBILE'::bpchar), (LLVM Optimized)"}]}]}, {"Node Type": "Index Scan", "Parent Relationship": "Inner", "Scan Direction": "Forward", "Index Name": "idx_lineitem_orderkey", "Relation Name": "lineitem", "Alias": "lineitem", "Startup Cost": 0.0, "Total Cost": 1.35, "Plan Rows": 5, "Plan Width": 24, "Index Cond": "(l_orderkey = orders.o_orderkey)", "Filter": "(l_shipdate > '1995-03-13 00:00:00'::timestamp(0) without time zone)"}]}]}]}]}, "Unique SQL Id": 3929762122, "Planner Runtime": 1}, "explain_analyze_plan": {"Plan": {"Node Type": "Limit", "Startup Cost": 1829820.45, "Total Cost": 1829820.47, "Plan Rows": 10, "Plan Width": 36, "Actual Startup Time": 22842.596, "Actual Total Time": 22842.599, "Actual Rows": 10, "Actual Loops": 1, "Plans": [{"Node Type": "Sort", "Parent Relationship": "Outer", "Startup Cost": 1829820.45, "Total Cost": 1838718.56, "Plan Rows": 10, "Plan Width": 36, "Actual Startup Time": 22842.593, "Actual Total Time": 22842.595, "Actual Rows": 10, "Actual Loops": 1, "Sort Key": ["(sum((lineitem.l_extendedprice * (1::double precision - lineitem.l_discount)))) DESC", "orders.o_orderdate"], "Sort Method": "top-N heapsort", "Sort Space Used": 26, "Sort Space Type": "Memory", "Plans": [{"Node Type": "Aggregate", "Strategy": "Hashed", "Parent Relationship": "Outer", "Startup Cost": 1717313.93, "Total Cost": 1752906.4, "Plan Rows": 3559247, "Plan Width": 36, "Actual Startup Time": 22737.205, "Actual Total Time": 22815.188, "Actual Rows": 113719, "Actual Loops": 1, "Group By Key": ["lineitem.l_orderkey", "orders.o_orderdate", "orders.o_shippriority"], "Plans": [{"Node Type": "Nested Loop", "Parent Relationship": "Outer", "Join Type": "Inner", "Startup Cost": 257013.14, "Total Cost": 1663925.22, "Plan Rows": 3559247, "Plan Width": 36, "Actual Startup Time": 3356.38, "Actual Total Time": 22441.654, "Actual Rows": 300219, "Actual Loops": 1, "Inner Unique": false, "Plans": [{"Node Type": "Hash Join", "Parent Relationship": "Outer", "Join Type": "Inner", "Startup Cost": 257013.14, "Total Cost": 659380.88, "Plan Rows": 715772, "Plan Width": 20, "Actual Startup Time": 3356.159, "Actual Total Time": 10560.793, "Actual Rows": 1455173, "Actual Loops": 1, "Inner Unique": true, "Hash Cond": "(orders.o_custkey = customer.c_custkey), (LLVM Optimized, Jit Execute)", "Plans": [{"Node Type": "Bitmap Heap Scan", "Parent Relationship": "Outer", "Relation Name": "orders", "Alias": "orders", "Startup Cost": 168698.43, "Total Cost": 536495.14, "Plan Rows": 7310217, "Plan Width": 28, "Actual Startup Time": 1970.259, "Actual Total Time": 5988.433, "Actual Rows": 7276947, "Actual Loops": 1, "Recheck Cond": "(o_orderdate < '1995-03-13 00:00:00'::timestamp(0) without time zone), (LLVM Optimized, Jit Execute)", "Rows Removed by Index Recheck": 0, "Exact Heap Blocks": 276419, "Lossy Heap Blocks": 276419, "Plans": [{"Node Type": "Bitmap Index Scan", "Parent Relationship": "Outer", "Index Name": "idx_orders_orderdate", "Startup Cost": 0.0, "Total Cost": 166870.88, "Plan Rows": 7310217, "Plan Width": 0, "Actual Startup Time": 1875.647, "Actual Total Time": 1875.647, "Actual Rows": 7276947, "Actual Loops": 1, "Index Cond": "(o_orderdate < '1995-03-13 00:00:00'::timestamp(0) without time zone)"}]}, {"Node Type": "Hash", "Parent Relationship": "Inner", "Startup Cost": 84515.36, "Total Cost": 84515.36, "Plan Rows": 303948, "Plan Width": 8, "Actual Startup Time": 1385.528, "Actual Total Time": 1385.528, "Actual Rows": 300036, "Actual Loops": 1, "Hash Buckets": 524288, "Hash Batches": 1, "Original Hash Batches": 1, "Peak Memory Usage": 11721, "Plans": [{"Node Type": "Index Scan", "Parent Relationship": "Outer", "Scan Direction": "Forward", "Index Name": "customer_pkey", "Relation Name": "customer", "Alias": "customer", "Startup Cost": 0.0, "Total Cost": 84515.36, "Plan Rows": 303948, "Plan Width": 8, "Actual Startup Time": 0.066, "Actual Total Time": 1257.479, "Actual Rows": 300036, "Actual Loops": 1, "Filter": "(c_mktsegment = 'AUTOMOBILE'::bpchar), (LLVM Optimized, Jit Execute)", "Rows Removed by Filter": 1199964}]}]}, {"Node Type": "Index Scan", "Parent Relationship": "Inner", "Scan Direction": "Forward", "Index Name": "idx_lineitem_orderkey", "Relation Name": "lineitem", "Alias": "lineitem", "Startup Cost": 0.0, "Total Cost": 1.35, "Plan Rows": 5, "Plan Width": 24, "Actual Startup Time": 10784.11, "Actual Total Time": 11073.459, "Actual Rows": 300219, "Actual Loops": 1455173, "Index Cond": "(l_orderkey = orders.o_orderkey)", "Rows Removed by Index Recheck": 0, "Filter": "(l_shipdate > '1995-03-13 00:00:00'::timestamp(0) without time zone)", "Rows Removed by Filter": 5519788}]}]}]}]}, "Triggers": [], "Planner Runtime": 1.152, "Total Runtime": 22853.179, "Unique SQL Id": 3929762122}}, "(1, '70')": {"explain_plan": {"Plan": {"Node Type": "Limit", "Startup Cost": 3055991.15, "Total Cost": 3055991.17, "Plan Rows": 10, "Plan Width": 36, "Plans": [{"Node Type": "Sort", "Parent Relationship": "Outer", "Startup Cost": 3055991.15, "Total Cost": 3064889.27, "Plan Rows": 10, "Plan Width": 36, "Sort Key": ["(sum((lineitem.l_extendedprice * (1::double precision - lineitem.l_discount)))) DESC", "orders.o_orderdate"], "Plans": [{"Node Type": "Aggregate", "Strategy": "Hashed", "Parent Relationship": "Outer", "Startup Cost": 2943484.63, "Total Cost": 2979077.1, "Plan Rows": 3559247, "Plan Width": 36, "Group By Key": ["lineitem.l_orderkey", "orders.o_orderdate", "orders.o_shippriority"], "Plans": [{"Node Type": "Hash Join", "Parent Relationship": "Outer", "Join Type": "Inner", "Startup Cost": 567106.02, "Total Cost": 2890095.93, "Plan Rows": 3559247, "Plan Width": 36, "Inner Unique": false, "Hash Cond": "(lineitem.l_orderkey = orders.o_orderkey), (LLVM Optimized)", "Plans": [{"Node Type": "Seq Scan", "Parent Relationship": "Outer", "Relation Name": "lineitem", "Alias": "lineitem", "Startup Cost": 0.0, "Total Cost": 2165082.91, "Plan Rows": 32617206, "Plan Width": 24, "Filter": "(l_shipdate > '1995-03-13 00:00:00'::timestamp(0) without time zone), (LLVM Optimized)"}, {"Node Type": "Hash", "Parent Relationship": "Inner", "Startup Cost": 558158.87, "Total Cost": 558158.87, "Plan Rows": 715772, "Plan Width": 20, "Plans": [{"Node Type": "Hash Join", "Parent Relationship": "Outer", "Join Type": "Inner", "Startup Cost": 60061.81, "Total Cost": 558158.87, "Plan Rows": 715772, "Plan Width": 20, "Inner Unique": true, "Hash Cond": "(orders.o_custkey = customer.c_custkey), (LLVM Optimized)", "Plans": [{"Node Type": "Seq Scan", "Parent Relationship": "Outer", "Relation Name": "orders", "Alias": "orders", "Startup Cost": 386.46, "Total Cost": 463912.49, "Plan Rows": 7310217, "Plan Width": 28, "Filter": "(o_orderdate < '1995-03-13 00:00:00'::timestamp(0) without time zone), (LLVM Optimized)"}, {"Node Type": "Hash", "Parent Relationship": "Inner", "Startup Cost": 55876.0, "Total Cost": 55876.0, "Plan Rows": 303948, "Plan Width": 8, "Plans": [{"Node Type": "Seq Scan", "Parent Relationship": "Outer", "Relation Name": "customer", "Alias": "customer", "Startup Cost": 0.0, "Total Cost": 55876.0, "Plan Rows": 303948, "Plan Width": 8, "Filter": "(c_mktsegment = 'AUTOMOBILE'::bpchar), (LLVM Optimized)"}]}]}]}]}]}]}]}, "Unique SQL Id": 3929762122, "Planner Runtime": 1}, "explain_analyze_plan": {"Plan": {"Node Type": "Limit", "Startup Cost": 3055991.15, "Total Cost": 3055991.17, "Plan Rows": 10, "Plan Width": 36, "Actual Startup Time": 39912.957, "Actual Total Time": 39912.961, "Actual Rows": 10, "Actual Loops": 1, "Plans": [{"Node Type": "Sort", "Parent Relationship": "Outer", "Startup Cost": 3055991.15, "Total Cost": 3064889.27, "Plan Rows": 10, "Plan Width": 36, "Actual Startup Time": 39912.953, "Actual Total Time": 39912.956, "Actual Rows": 10, "Actual Loops": 1, "Sort Key": ["(sum((lineitem.l_extendedprice * (1::double precision - lineitem.l_discount)))) DESC", "orders.o_orderdate"], "Sort Method": "top-N heapsort", "Sort Space Used": 26, "Sort Space Type": "Memory", "Plans": [{"Node Type": "Aggregate", "Strategy": "Hashed", "Parent Relationship": "Outer", "Startup Cost": 2943484.63, "Total Cost": 2979077.1, "Plan Rows": 3559247, "Plan Width": 36, "Actual Startup Time": 39821.735, "Actual Total Time": 39885.752, "Actual Rows": 113719, "Actual Loops": 1, "Group By Key": ["lineitem.l_orderkey", "orders.o_orderdate", "orders.o_shippriority"], "Plans": [{"Node Type": "Hash Join", "Parent Relationship": "Outer", "Join Type": "Inner", "Startup Cost": 567106.02, "Total Cost": 2890095.93, "Plan Rows": 3559247, "Plan Width": 36, "Actual Startup Time": 9286.806, "Actual Total Time": 39528.201, "Actual Rows": 300219, "Actual Loops": 1, "Inner Unique": false, "Hash Cond": "(lineitem.l_orderkey = orders.o_orderkey), (LLVM Optimized, Jit Execute)", "Plans": [{"Node Type": "Seq Scan", "Parent Relationship": "Outer", "Relation Name": "lineitem", "Alias": "lineitem", "Startup Cost": 0.0, "Total Cost": 2165082.91, "Plan Rows": 32617206, "Plan Width": 24, "Actual Startup Time": 0.109, "Actual Total Time": 21259.675, "Actual Rows": 32384344, "Actual Loops": 1, "Filter": "(l_shipdate > '1995-03-13 00:00:00'::timestamp(0) without time zone), (LLVM Optimized, Jit Execute)", "Rows Removed by Filter": 27601708}, {"Node Type": "Hash", "Parent Relationship": "Inner", "Startup Cost": 558158.87, "Total Cost": 558158.87, "Plan Rows": 715772, "Plan Width": 20, "Actual Startup Time": 9285.133, "Actual Total Time": 9285.133, "Actual Rows": 1455173, "Actual Loops": 1, "Hash Buckets": 1048576, "Hash Batches": 1, "Original Hash Batches": 1, "Peak Memory Usage": 79580, "Plans": [{"Node Type": "Hash Join", "Parent Relationship": "Outer", "Join Type": "Inner", "Startup Cost": 60061.81, "Total Cost": 558158.87, "Plan Rows": 715772, "Plan Width": 20, "Actual Startup Time": 672.836, "Actual Total Time": 8567.114, "Actual Rows": 1455173, "Actual Loops": 1, "Inner Unique": true, "Hash Cond": "(orders.o_custkey = customer.c_custkey), (LLVM Optimized, Jit Execute)", "Plans": [{"Node Type": "Seq Scan", "Parent Relationship": "Outer", "Relation Name": "orders", "Alias": "orders", "Startup Cost": 386.46, "Total Cost": 463912.49, "Plan Rows": 7310217, "Plan Width": 28, "Actual Startup Time": 0.024, "Actual Total Time": 4947.226, "Actual Rows": 7276947, "Actual Loops": 1, "Filter": "(o_orderdate < '1995-03-13 00:00:00'::timestamp(0) without time zone), (LLVM Optimized, Jit Execute)", "Rows Removed by Filter": 7723053}, {"Node Type": "Hash", "Parent Relationship": "Inner", "Startup Cost": 55876.0, "Total Cost": 55876.0, "Plan Rows": 303948, "Plan Width": 8, "Actual Startup Time": 672.467, "Actual Total Time": 672.467, "Actual Rows": 300036, "Actual Loops": 1, "Hash Buckets": 524288, "Hash Batches": 1, "Original Hash Batches": 1, "Peak Memory Usage": 11721, "Plans": [{"Node Type": "Seq Scan", "Parent Relationship": "Outer", "Relation Name": "customer", "Alias": "customer", "Startup Cost": 0.0, "Total Cost": 55876.0, "Plan Rows": 303948, "Plan Width": 8, "Actual Startup Time": 0.027, "Actual Total Time": 584.45, "Actual Rows": 300036, "Actual Loops": 1, "Filter": "(c_mktsegment = 'AUTOMOBILE'::bpchar), (LLVM Optimized, Jit Execute)", "Rows Removed by Filter": 1199964}]}]}]}]}]}]}]}, "Triggers": [], "Planner Runtime": 1.09, "Total Runtime": 39923.34, "Unique SQL Id": 3929762122}}, "(1, '71')": {"explain_plan": {"Plan": {"Node Type": "Limit", "Startup Cost": 35345596.54, "Total Cost": 35345596.56, "Plan Rows": 10, "Plan Width": 36, "Plans": [{"Node Type": "Sort", "Parent Relationship": "Outer", "Startup Cost": 35345596.54, "Total Cost": 35354494.65, "Plan Rows": 10, "Plan Width": 36, "Sort Key": ["(sum((lineitem.l_extendedprice * (1::double precision - lineitem.l_discount)))) DESC", "orders.o_orderdate"], "Plans": [{"Node Type": "Aggregate", "Strategy": "Hashed", "Parent Relationship": "Outer", "Startup Cost": 35233090.02, "Total Cost": 35268682.49, "Plan Rows": 3559247, "Plan Width": 36, "Group By Key": ["lineitem.l_orderkey", "orders.o_orderdate", "orders.o_shippriority"], "Plans": [{"Node Type": "Nested Loop", "Parent Relationship": "Outer", "Join Type": "Inner", "Startup Cost": 168699.14, "Total Cost": 35179701.31, "Plan Rows": 3559247, "Plan Width": 36, "Inner Unique": false, "Plans": [{"Node Type": "Nested Loop", "Parent Relationship": "Outer", "Join Type": "Inner", "Startup Cost": 168698.69, "Total Cost": 31865463.0, "Plan Rows": 715772, "Plan Width": 20, "Inner Unique": true, "Plans": [{"Node Type": "Bitmap Heap Scan", "Parent Relationship": "Outer", "Relation Name": "orders", "Alias": "orders", "Startup Cost": 168698.43, "Total Cost": 536495.14, "Plan Rows": 7310217, "Plan Width": 28, "Recheck Cond": "(o_orderdate < '1995-03-13 00:00:00'::timestamp(0) without time zone), (LLVM Optimized)", "Plans": [{"Node Type": "Bitmap Index Scan", "Parent Relationship": "Outer", "Index Name": "idx_orders_orderdate", "Startup Cost": 0.0, "Total Cost": 166870.88, "Plan Rows": 7310217, "Plan Width": 0, "Index Cond": "(o_orderdate < '1995-03-13 00:00:00'::timestamp(0) without time zone)"}]}, {"Node Type": "Bitmap Heap Scan", "Parent Relationship": "Inner", "Relation Name": "customer", "Alias": "customer", "Startup Cost": 0.26, "Total Cost": 4.28, "Plan Rows": 1, "Plan Width": 8, "Recheck Cond": "(c_custkey = orders.o_custkey)", "Filter": "(c_mktsegment = 'AUTOMOBILE'::bpchar)", "Plans": [{"Node Type": "Bitmap Index Scan", "Parent Relationship": "Outer", "Index Name": "customer_pkey", "Startup Cost": 0.0, "Total Cost": 0.26, "Plan Rows": 1, "Plan Width": 0, "Index Cond": "(c_custkey = orders.o_custkey)"}]}]}, {"Node Type": "Bitmap Heap Scan", "Parent Relationship": "Inner", "Relation Name": "lineitem", "Alias": "lineitem", "Startup Cost": 0.45, "Total Cost": 4.58, "Plan Rows": 5, "Plan Width": 24, "Recheck Cond": "(l_orderkey = orders.o_orderkey)", "Filter": "(l_shipdate > '1995-03-13 00:00:00'::timestamp(0) without time zone)", "Plans": [{"Node Type": "Bitmap Index Scan", "Parent Relationship": "Outer", "Index Name": "idx_lineitem_orderkey", "Startup Cost": 0.0, "Total Cost": 0.44, "Plan Rows": 9, "Plan Width": 0, "Index Cond": "(l_orderkey = orders.o_orderkey)"}]}]}]}]}]}, "Unique SQL Id": 3929762122, "Planner Runtime": 1}, "explain_analyze_plan": null}, "(1, '72')": {"explain_plan": {"Plan": {"Node Type": "Limit", "Startup Cost": 1728598.43, "Total Cost": 1728598.46, "Plan Rows": 10, "Plan Width": 36, "Plans": [{"Node Type": "Sort", "Parent Relationship": "Outer", "Startup Cost": 1728598.43, "Total Cost": 1737496.55, "Plan Rows": 10, "Plan Width": 36, "Sort Key": ["(sum((lineitem.l_extendedprice * (1::double precision - lineitem.l_discount)))) DESC", "orders.o_orderdate"], "Plans": [{"Node Type": "Aggregate", "Strategy": "Hashed", "Parent Relationship": "Outer", "Startup Cost": 1616091.91, "Total Cost": 1651684.38, "Plan Rows": 3559247, "Plan Width": 36, "Group By Key": ["lineitem.l_orderkey", "orders.o_orderdate", "orders.o_shippriority"], "Plans": [{"Node Type": "Nested Loop", "Parent Relationship": "Outer", "Join Type": "Inner", "Startup Cost": 60061.81, "Total Cost": 1562703.21, "Plan Rows": 3559247, "Plan Width": 36, "Inner Unique": false, "Plans": [{"Node Type": "Hash Join", "Parent Relationship": "Outer", "Join Type": "Inner", "Startup Cost": 60061.81, "Total Cost": 558158.87, "Plan Rows": 715772, "Plan Width": 20, "Inner Unique": true, "Hash Cond": "(orders.o_custkey = customer.c_custkey), (LLVM Optimized)", "Plans": [{"Node Type": "Seq Scan", "Parent Relationship": "Outer", "Relation Name": "orders", "Alias": "orders", "Startup Cost": 386.46, "Total Cost": 463912.49, "Plan Rows": 7310217, "Plan Width": 28, "Filter": "(o_orderdate < '1995-03-13 00:00:00'::timestamp(0) without time zone), (LLVM Optimized)"}, {"Node Type": "Hash", "Parent Relationship": "Inner", "Startup Cost": 55876.0, "Total Cost": 55876.0, "Plan Rows": 303948, "Plan Width": 8, "Plans": [{"Node Type": "Seq Scan", "Parent Relationship": "Outer", "Relation Name": "customer", "Alias": "customer", "Startup Cost": 0.0, "Total Cost": 55876.0, "Plan Rows": 303948, "Plan Width": 8, "Filter": "(c_mktsegment = 'AUTOMOBILE'::bpchar), (LLVM Optimized)"}]}]}, {"Node Type": "Index Scan", "Parent Relationship": "Inner", "Scan Direction": "Forward", "Index Name": "idx_lineitem_orderkey", "Relation Name": "lineitem", "Alias": "lineitem", "Startup Cost": 0.0, "Total Cost": 1.35, "Plan Rows": 5, "Plan Width": 24, "Index Cond": "(l_orderkey = orders.o_orderkey)", "Filter": "(l_shipdate > '1995-03-13 00:00:00'::timestamp(0) without time zone)"}]}]}]}]}, "Unique SQL Id": 3929762122, "Planner Runtime": 1}, "explain_analyze_plan": {"Plan": {"Node Type": "Limit", "Startup Cost": 1728598.43, "Total Cost": 1728598.46, "Plan Rows": 10, "Plan Width": 36, "Actual Startup Time": 21120.337, "Actual Total Time": 21120.34, "Actual Rows": 10, "Actual Loops": 1, "Plans": [{"Node Type": "Sort", "Parent Relationship": "Outer", "Startup Cost": 1728598.43, "Total Cost": 1737496.55, "Plan Rows": 10, "Plan Width": 36, "Actual Startup Time": 21120.334, "Actual Total Time": 21120.335, "Actual Rows": 10, "Actual Loops": 1, "Sort Key": ["(sum((lineitem.l_extendedprice * (1::double precision - lineitem.l_discount)))) DESC", "orders.o_orderdate"], "Sort Method": "top-N heapsort", "Sort Space Used": 26, "Sort Space Type": "Memory", "Plans": [{"Node Type": "Aggregate", "Strategy": "Hashed", "Parent Relationship": "Outer", "Startup Cost": 1616091.91, "Total Cost": 1651684.38, "Plan Rows": 3559247, "Plan Width": 36, "Actual Startup Time": 21032.242, "Actual Total Time": 21092.975, "Actual Rows": 113719, "Actual Loops": 1, "Group By Key": ["lineitem.l_orderkey", "orders.o_orderdate", "orders.o_shippriority"], "Plans": [{"Node Type": "Nested Loop", "Parent Relationship": "Outer", "Join Type": "Inner", "Startup Cost": 60061.81, "Total Cost": 1562703.21, "Plan Rows": 3559247, "Plan Width": 36, "Actual Startup Time": 739.304, "Actual Total Time": 20734.32, "Actual Rows": 300219, "Actual Loops": 1, "Inner Unique": false, "Plans": [{"Node Type": "Hash Join", "Parent Relationship": "Outer", "Join Type": "Inner", "Startup Cost": 60061.81, "Total Cost": 558158.87, "Plan Rows": 715772, "Plan Width": 20, "Actual Startup Time": 739.077, "Actual Total Time": 8940.97, "Actual Rows": 1455173, "Actual Loops": 1, "Inner Unique": true, "Hash Cond": "(orders.o_custkey = customer.c_custkey), (LLVM Optimized, Jit Execute)", "Plans": [{"Node Type": "Seq Scan", "Parent Relationship": "Outer", "Relation Name": "orders", "Alias": "orders", "Startup Cost": 386.46, "Total Cost": 463912.49, "Plan Rows": 7310217, "Plan Width": 28, "Actual Startup Time": 0.056, "Actual Total Time": 4941.534, "Actual Rows": 7276947, "Actual Loops": 1, "Filter": "(o_orderdate < '1995-03-13 00:00:00'::timestamp(0) without time zone), (LLVM Optimized, Jit Execute)", "Rows Removed by Filter": 7723053}, {"Node Type": "Hash", "Parent Relationship": "Inner", "Startup Cost": 55876.0, "Total Cost": 55876.0, "Plan Rows": 303948, "Plan Width": 8, "Actual Startup Time": 738.343, "Actual Total Time": 738.343, "Actual Rows": 300036, "Actual Loops": 1, "Hash Buckets": 524288, "Hash Batches": 1, "Original Hash Batches": 1, "Peak Memory Usage": 11721, "Plans": [{"Node Type": "Seq Scan", "Parent Relationship": "Outer", "Relation Name": "customer", "Alias": "customer", "Startup Cost": 0.0, "Total Cost": 55876.0, "Plan Rows": 303948, "Plan Width": 8, "Actual Startup Time": 0.021, "Actual Total Time": 643.423, "Actual Rows": 300036, "Actual Loops": 1, "Filter": "(c_mktsegment = 'AUTOMOBILE'::bpchar), (LLVM Optimized, Jit Execute)", "Rows Removed by Filter": 1199964}]}]}, {"Node Type": "Index Scan", "Parent Relationship": "Inner", "Scan Direction": "Forward", "Index Name": "idx_lineitem_orderkey", "Relation Name": "lineitem", "Alias": "lineitem", "Startup Cost": 0.0, "Total Cost": 1.35, "Plan Rows": 5, "Plan Width": 24, "Actual Startup Time": 10703.081, "Actual Total Time": 10988.174, "Actual Rows": 300219, "Actual Loops": 1455173, "Index Cond": "(l_orderkey = orders.o_orderkey)", "Rows Removed by Index Recheck": 0, "Filter": "(l_shipdate > '1995-03-13 00:00:00'::timestamp(0) without time zone)", "Rows Removed by Filter": 5519788}]}]}]}]}, "Triggers": [], "Planner Runtime": 1.233, "Total Runtime": 21130.306, "Unique SQL Id": 3929762122}}, "(1, '73')": {"explain_plan": {"Plan": {"Node Type": "Limit", "Startup Cost": 2061802.43, "Total Cost": 2061802.46, "Plan Rows": 10, "Plan Width": 36, "Plans": [{"Node Type": "Sort", "Parent Relationship": "Outer", "Startup Cost": 2061802.43, "Total Cost": 2070700.55, "Plan Rows": 10, "Plan Width": 36, "Sort Key": ["(sum((lineitem.l_extendedprice * (1::double precision - lineitem.l_discount)))) DESC", "orders.o_orderdate"], "Plans": [{"Node Type": "Aggregate", "Strategy": "Hashed", "Parent Relationship": "Outer", "Startup Cost": 1949295.92, "Total Cost": 1984888.39, "Plan Rows": 3559247, "Plan Width": 36, "Group By Key": ["lineitem.l_orderkey", "orders.o_orderdate", "orders.o_shippriority"], "Plans": [{"Node Type": "Nested Loop", "Parent Relationship": "Outer", "Join Type": "Inner", "Startup Cost": 88314.71, "Total Cost": 1895907.21, "Plan Rows": 3559247, "Plan Width": 36, "Inner Unique": false, "Plans": [{"Node Type": "Hash Join", "Parent Relationship": "Outer", "Join Type": "Inner", "Startup Cost": 88314.71, "Total Cost": 891362.87, "Plan Rows": 715772, "Plan Width": 20, "Inner Unique": true, "Hash Cond": "(orders.o_custkey = customer.c_custkey), (LLVM Optimized)", "Plans": [{"Node Type": "Index Scan", "Parent Relationship": "Outer", "Scan Direction": "Forward", "Index Name": "orders_pkey", "Relation Name": "orders", "Alias": "orders", "Startup Cost": 0.0, "Total Cost": 768477.13, "Plan Rows": 7310217, "Plan Width": 28, "Filter": "(o_orderdate < '1995-03-13 00:00:00'::timestamp(0) without time zone), (LLVM Optimized)"}, {"Node Type": "Hash", "Parent Relationship": "Inner", "Startup Cost": 84515.36, "Total Cost": 84515.36, "Plan Rows": 303948, "Plan Width": 8, "Plans": [{"Node Type": "Index Scan", "Parent Relationship": "Outer", "Scan Direction": "Forward", "Index Name": "customer_pkey", "Relation Name": "customer", "Alias": "customer", "Startup Cost": 0.0, "Total Cost": 84515.36, "Plan Rows": 303948, "Plan Width": 8, "Filter": "(c_mktsegment = 'AUTOMOBILE'::bpchar), (LLVM Optimized)"}]}]}, {"Node Type": "Index Scan", "Parent Relationship": "Inner", "Scan Direction": "Forward", "Index Name": "idx_lineitem_orderkey", "Relation Name": "lineitem", "Alias": "lineitem", "Startup Cost": 0.0, "Total Cost": 1.35, "Plan Rows": 5, "Plan Width": 24, "Index Cond": "(l_orderkey = orders.o_orderkey)", "Filter": "(l_shipdate > '1995-03-13 00:00:00'::timestamp(0) without time zone)"}]}]}]}]}, "Unique SQL Id": 3929762122, "Planner Runtime": 1}, "explain_analyze_plan": {"Plan": {"Node Type": "Limit", "Startup Cost": 2061802.43, "Total Cost": 2061802.46, "Plan Rows": 10, "Plan Width": 36, "Actual Startup Time": 26072.017, "Actual Total Time": 26072.02, "Actual Rows": 10, "Actual Loops": 1, "Plans": [{"Node Type": "Sort", "Parent Relationship": "Outer", "Startup Cost": 2061802.43, "Total Cost": 2070700.55, "Plan Rows": 10, "Plan Width": 36, "Actual Startup Time": 26072.014, "Actual Total Time": 26072.015, "Actual Rows": 10, "Actual Loops": 1, "Sort Key": ["(sum((lineitem.l_extendedprice * (1::double precision - lineitem.l_discount)))) DESC", "orders.o_orderdate"], "Sort Method": "top-N heapsort", "Sort Space Used": 26, "Sort Space Type": "Memory", "Plans": [{"Node Type": "Aggregate", "Strategy": "Hashed", "Parent Relationship": "Outer", "Startup Cost": 1949295.92, "Total Cost": 1984888.39, "Plan Rows": 3559247, "Plan Width": 36, "Actual Startup Time": 25984.937, "Actual Total Time": 26044.604, "Actual Rows": 113719, "Actual Loops": 1, "Group By Key": ["lineitem.l_orderkey", "orders.o_orderdate", "orders.o_shippriority"], "Plans": [{"Node Type": "Nested Loop", "Parent Relationship": "Outer", "Join Type": "Inner", "Startup Cost": 88314.71, "Total Cost": 1895907.21, "Plan Rows": 3559247, "Plan Width": 36, "Actual Startup Time": 1095.907, "Actual Total Time": 25691.367, "Actual Rows": 300219, "Actual Loops": 1, "Inner Unique": false, "Plans": [{"Node Type": "Hash Join", "Parent Relationship": "Outer", "Join Type": "Inner", "Startup Cost": 88314.71, "Total Cost": 891362.87, "Plan Rows": 715772, "Plan Width": 20, "Actual Startup Time": 1095.689, "Actual Total Time": 14132.106, "Actual Rows": 1455173, "Actual Loops": 1, "Inner Unique": true, "Hash Cond": "(orders.o_custkey = customer.c_custkey), (LLVM Optimized, Jit Execute)", "Plans": [{"Node Type": "Index Scan", "Parent Relationship": "Outer", "Scan Direction": "Forward", "Index Name": "orders_pkey", "Relation Name": "orders", "Alias": "orders", "Startup Cost": 0.0, "Total Cost": 768477.13, "Plan Rows": 7310217, "Plan Width": 28, "Actual Startup Time": 0.069, "Actual Total Time": 9774.272, "Actual Rows": 7276947, "Actual Loops": 1, "Filter": "(o_orderdate < '1995-03-13 00:00:00'::timestamp(0) without time zone), (LLVM Optimized, Jit Execute)", "Rows Removed by Filter": 7723053}, {"Node Type": "Hash", "Parent Relationship": "Inner", "Startup Cost": 84515.36, "Total Cost": 84515.36, "Plan Rows": 303948, "Plan Width": 8, "Actual Startup Time": 1095.244, "Actual Total Time": 1095.244, "Actual Rows": 300036, "Actual Loops": 1, "Hash Buckets": 524288, "Hash Batches": 1, "Original Hash Batches": 1, "Peak Memory Usage": 11721, "Plans": [{"Node Type": "Index Scan", "Parent Relationship": "Outer", "Scan Direction": "Forward", "Index Name": "customer_pkey", "Relation Name": "customer", "Alias": "customer", "Startup Cost": 0.0, "Total Cost": 84515.36, "Plan Rows": 303948, "Plan Width": 8, "Actual Startup Time": 0.031, "Actual Total Time": 1005.343, "Actual Rows": 300036, "Actual Loops": 1, "Filter": "(c_mktsegment = 'AUTOMOBILE'::bpchar), (LLVM Optimized, Jit Execute)", "Rows Removed by Filter": 1199964}]}]}, {"Node Type": "Index Scan", "Parent Relationship": "Inner", "Scan Direction": "Forward", "Index Name": "idx_lineitem_orderkey", "Relation Name": "lineitem", "Alias": "lineitem", "Startup Cost": 0.0, "Total Cost": 1.35, "Plan Rows": 5, "Plan Width": 24, "Actual Startup Time": 10496.908, "Actual Total Time": 10775.019, "Actual Rows": 300219, "Actual Loops": 1455173, "Index Cond": "(l_orderkey = orders.o_orderkey)", "Rows Removed by Index Recheck": 0, "Filter": "(l_shipdate > '1995-03-13 00:00:00'::timestamp(0) without time zone)", "Rows Removed by Filter": 5519788}]}]}]}]}, "Triggers": [], "Planner Runtime": 1.097, "Total Runtime": 26081.823, "Unique SQL Id": 3929762122}}, "(1, '74')": {"explain_plan": {"Plan": {"Node Type": "Limit", "Startup Cost": 3055991.15, "Total Cost": 3055991.17, "Plan Rows": 10, "Plan Width": 36, "Plans": [{"Node Type": "Sort", "Parent Relationship": "Outer", "Startup Cost": 3055991.15, "Total Cost": 3064889.27, "Plan Rows": 10, "Plan Width": 36, "Sort Key": ["(sum((lineitem.l_extendedprice * (1::double precision - lineitem.l_discount)))) DESC", "orders.o_orderdate"], "Plans": [{"Node Type": "Aggregate", "Strategy": "Hashed", "Parent Relationship": "Outer", "Startup Cost": 2943484.63, "Total Cost": 2979077.1, "Plan Rows": 3559247, "Plan Width": 36, "Group By Key": ["lineitem.l_orderkey", "orders.o_orderdate", "orders.o_shippriority"], "Plans": [{"Node Type": "Hash Join", "Parent Relationship": "Outer", "Join Type": "Inner", "Startup Cost": 567106.02, "Total Cost": 2890095.93, "Plan Rows": 3559247, "Plan Width": 36, "Inner Unique": false, "Hash Cond": "(lineitem.l_orderkey = orders.o_orderkey), (LLVM Optimized)", "Plans": [{"Node Type": "Seq Scan", "Parent Relationship": "Outer", "Relation Name": "lineitem", "Alias": "lineitem", "Startup Cost": 0.0, "Total Cost": 2165082.91, "Plan Rows": 32617206, "Plan Width": 24, "Filter": "(l_shipdate > '1995-03-13 00:00:00'::timestamp(0) without time zone), (LLVM Optimized)"}, {"Node Type": "Hash", "Parent Relationship": "Inner", "Startup Cost": 558158.87, "Total Cost": 558158.87, "Plan Rows": 715772, "Plan Width": 20, "Plans": [{"Node Type": "Hash Join", "Parent Relationship": "Outer", "Join Type": "Inner", "Startup Cost": 60061.81, "Total Cost": 558158.87, "Plan Rows": 715772, "Plan Width": 20, "Inner Unique": true, "Hash Cond": "(orders.o_custkey = customer.c_custkey), (LLVM Optimized)", "Plans": [{"Node Type": "Seq Scan", "Parent Relationship": "Outer", "Relation Name": "orders", "Alias": "orders", "Startup Cost": 386.46, "Total Cost": 463912.49, "Plan Rows": 7310217, "Plan Width": 28, "Filter": "(o_orderdate < '1995-03-13 00:00:00'::timestamp(0) without time zone), (LLVM Optimized)"}, {"Node Type": "Hash", "Parent Relationship": "Inner", "Startup Cost": 55876.0, "Total Cost": 55876.0, "Plan Rows": 303948, "Plan Width": 8, "Plans": [{"Node Type": "Seq Scan", "Parent Relationship": "Outer", "Relation Name": "customer", "Alias": "customer", "Startup Cost": 0.0, "Total Cost": 55876.0, "Plan Rows": 303948, "Plan Width": 8, "Filter": "(c_mktsegment = 'AUTOMOBILE'::bpchar), (LLVM Optimized)"}]}]}]}]}]}]}]}, "Unique SQL Id": 3929762122, "Planner Runtime": 1}, "explain_analyze_plan": {"Plan": {"Node Type": "Limit", "Startup Cost": 3055991.15, "Total Cost": 3055991.17, "Plan Rows": 10, "Plan Width": 36, "Actual Startup Time": 39912.957, "Actual Total Time": 39912.961, "Actual Rows": 10, "Actual Loops": 1, "Plans": [{"Node Type": "Sort", "Parent Relationship": "Outer", "Startup Cost": 3055991.15, "Total Cost": 3064889.27, "Plan Rows": 10, "Plan Width": 36, "Actual Startup Time": 39912.953, "Actual Total Time": 39912.956, "Actual Rows": 10, "Actual Loops": 1, "Sort Key": ["(sum((lineitem.l_extendedprice * (1::double precision - lineitem.l_discount)))) DESC", "orders.o_orderdate"], "Sort Method": "top-N heapsort", "Sort Space Used": 26, "Sort Space Type": "Memory", "Plans": [{"Node Type": "Aggregate", "Strategy": "Hashed", "Parent Relationship": "Outer", "Startup Cost": 2943484.63, "Total Cost": 2979077.1, "Plan Rows": 3559247, "Plan Width": 36, "Actual Startup Time": 39821.735, "Actual Total Time": 39885.752, "Actual Rows": 113719, "Actual Loops": 1, "Group By Key": ["lineitem.l_orderkey", "orders.o_orderdate", "orders.o_shippriority"], "Plans": [{"Node Type": "Hash Join", "Parent Relationship": "Outer", "Join Type": "Inner", "Startup Cost": 567106.02, "Total Cost": 2890095.93, "Plan Rows": 3559247, "Plan Width": 36, "Actual Startup Time": 9286.806, "Actual Total Time": 39528.201, "Actual Rows": 300219, "Actual Loops": 1, "Inner Unique": false, "Hash Cond": "(lineitem.l_orderkey = orders.o_orderkey), (LLVM Optimized, Jit Execute)", "Plans": [{"Node Type": "Seq Scan", "Parent Relationship": "Outer", "Relation Name": "lineitem", "Alias": "lineitem", "Startup Cost": 0.0, "Total Cost": 2165082.91, "Plan Rows": 32617206, "Plan Width": 24, "Actual Startup Time": 0.109, "Actual Total Time": 21259.675, "Actual Rows": 32384344, "Actual Loops": 1, "Filter": "(l_shipdate > '1995-03-13 00:00:00'::timestamp(0) without time zone), (LLVM Optimized, Jit Execute)", "Rows Removed by Filter": 27601708}, {"Node Type": "Hash", "Parent Relationship": "Inner", "Startup Cost": 558158.87, "Total Cost": 558158.87, "Plan Rows": 715772, "Plan Width": 20, "Actual Startup Time": 9285.133, "Actual Total Time": 9285.133, "Actual Rows": 1455173, "Actual Loops": 1, "Hash Buckets": 1048576, "Hash Batches": 1, "Original Hash Batches": 1, "Peak Memory Usage": 79580, "Plans": [{"Node Type": "Hash Join", "Parent Relationship": "Outer", "Join Type": "Inner", "Startup Cost": 60061.81, "Total Cost": 558158.87, "Plan Rows": 715772, "Plan Width": 20, "Actual Startup Time": 672.836, "Actual Total Time": 8567.114, "Actual Rows": 1455173, "Actual Loops": 1, "Inner Unique": true, "Hash Cond": "(orders.o_custkey = customer.c_custkey), (LLVM Optimized, Jit Execute)", "Plans": [{"Node Type": "Seq Scan", "Parent Relationship": "Outer", "Relation Name": "orders", "Alias": "orders", "Startup Cost": 386.46, "Total Cost": 463912.49, "Plan Rows": 7310217, "Plan Width": 28, "Actual Startup Time": 0.024, "Actual Total Time": 4947.226, "Actual Rows": 7276947, "Actual Loops": 1, "Filter": "(o_orderdate < '1995-03-13 00:00:00'::timestamp(0) without time zone), (LLVM Optimized, Jit Execute)", "Rows Removed by Filter": 7723053}, {"Node Type": "Hash", "Parent Relationship": "Inner", "Startup Cost": 55876.0, "Total Cost": 55876.0, "Plan Rows": 303948, "Plan Width": 8, "Actual Startup Time": 672.467, "Actual Total Time": 672.467, "Actual Rows": 300036, "Actual Loops": 1, "Hash Buckets": 524288, "Hash Batches": 1, "Original Hash Batches": 1, "Peak Memory Usage": 11721, "Plans": [{"Node Type": "Seq Scan", "Parent Relationship": "Outer", "Relation Name": "customer", "Alias": "customer", "Startup Cost": 0.0, "Total Cost": 55876.0, "Plan Rows": 303948, "Plan Width": 8, "Actual Startup Time": 0.027, "Actual Total Time": 584.45, "Actual Rows": 300036, "Actual Loops": 1, "Filter": "(c_mktsegment = 'AUTOMOBILE'::bpchar), (LLVM Optimized, Jit Execute)", "Rows Removed by Filter": 1199964}]}]}]}]}]}]}]}, "Triggers": [], "Planner Runtime": 1.09, "Total Runtime": 39923.34, "Unique SQL Id": 3929762122}}, "(1, '75')": {"explain_plan": {"Plan": {"Node Type": "Limit", "Startup Cost": 3000409063684.59, "Total Cost": 3000409063684.62, "Plan Rows": 10, "Plan Width": 36, "Plans": [{"Node Type": "Sort", "Parent Relationship": "Outer", "Startup Cost": 3000409063684.59, "Total Cost": 3000409072582.71, "Plan Rows": 10, "Plan Width": 36, "Sort Key": ["(sum((lineitem.l_extendedprice * (1::double precision - lineitem.l_discount)))) DESC", "orders.o_orderdate"], "Plans": [{"Node Type": "Aggregate", "Strategy": "Hashed", "Parent Relationship": "Outer", "Startup Cost": 3000408951178.08, "Total Cost": 3000408986770.55, "Plan Rows": 3559247, "Plan Width": 36, "Group By Key": ["lineitem.l_orderkey", "orders.o_orderdate", "orders.o_shippriority"], "Plans": [{"Node Type": "Hash Join", "Parent Relationship": "Outer", "Join Type": "Inner", "Startup Cost": 1020044887998.59, "Total Cost": 3000408897789.37, "Plan Rows": 3559247, "Plan Width": 36, "Inner Unique": true, "Hash Cond": "(orders.o_custkey = customer.c_custkey), (LLVM Optimized)", "Plans": [{"Node Type": "Merge Join", "Parent Relationship": "Outer", "Join Type": "Inner", "Startup Cost": 20036432663.62, "Total Cost": 2000400270546.49, "Plan Rows": 36350778, "Plan Width": 44, "Inner Unique": false, "Merge Cond": "(orders.o_orderkey = lineitem.l_orderkey)", "Plans": [{"Node Type": "Index Scan", "Parent Relationship": "Outer", "Scan Direction": "Forward", "Index Name": "orders_pkey", "Relation Name": "orders", "Alias": "orders", "Startup Cost": 10000000000.0, "Total Cost": 1000076847713.25, "Plan Rows": 7310217, "Plan Width": 28, "Filter": "(o_orderdate < '1995-03-13 00:00:00'::timestamp(0) without time zone), (LLVM Optimized)"}, {"Node Type": "Materialize", "Parent Relationship": "Inner", "Startup Cost": 10000000000.0, "Total Cost": 1000339093675.77, "Plan Rows": 32617206, "Plan Width": 24, "Plans": [{"Node Type": "Index Scan", "Parent Relationship": "Outer", "Scan Direction": "Forward", "Index Name": "idx_lineitem_orderkey", "Relation Name": "lineitem", "Alias": "lineitem", "Startup Cost": 10000000000.0, "Total Cost": 1000339012132.75, "Plan Rows": 32617206, "Plan Width": 24, "Filter": "(l_shipdate > '1995-03-13 00:00:00'::timestamp(0) without time zone), (LLVM Optimized)"}]}]}, {"Node Type": "Hash", "Parent Relationship": "Inner", "Startup Cost": 1000008451535.62, "Total Cost": 1000008451535.62, "Plan Rows": 303948, "Plan Width": 8, "Plans": [{"Node Type": "Index Scan", "Parent Relationship": "Outer", "Scan Direction": "Forward", "Index Name": "customer_pkey", "Relation Name": "customer", "Alias": "customer", "Startup Cost": 10000000000.0, "Total Cost": 1000008451535.62, "Plan Rows": 303948, "Plan Width": 8, "Filter": "(c_mktsegment = 'AUTOMOBILE'::bpchar), (LLVM Optimized)"}]}]}]}]}]}, "Unique SQL Id": 3929762122, "Planner Runtime": 1}, "explain_analyze_plan": null}, "(1, '76')": {"explain_plan": {"Plan": {"Node Type": "Limit", "Startup Cost": 1728598.43, "Total Cost": 1728598.46, "Plan Rows": 10, "Plan Width": 36, "Plans": [{"Node Type": "Sort", "Parent Relationship": "Outer", "Startup Cost": 1728598.43, "Total Cost": 1737496.55, "Plan Rows": 10, "Plan Width": 36, "Sort Key": ["(sum((lineitem.l_extendedprice * (1::double precision - lineitem.l_discount)))) DESC", "orders.o_orderdate"], "Plans": [{"Node Type": "Aggregate", "Strategy": "Hashed", "Parent Relationship": "Outer", "Startup Cost": 1616091.91, "Total Cost": 1651684.38, "Plan Rows": 3559247, "Plan Width": 36, "Group By Key": ["lineitem.l_orderkey", "orders.o_orderdate", "orders.o_shippriority"], "Plans": [{"Node Type": "Nested Loop", "Parent Relationship": "Outer", "Join Type": "Inner", "Startup Cost": 60061.81, "Total Cost": 1562703.21, "Plan Rows": 3559247, "Plan Width": 36, "Inner Unique": false, "Plans": [{"Node Type": "Hash Join", "Parent Relationship": "Outer", "Join Type": "Inner", "Startup Cost": 60061.81, "Total Cost": 558158.87, "Plan Rows": 715772, "Plan Width": 20, "Inner Unique": true, "Hash Cond": "(orders.o_custkey = customer.c_custkey), (LLVM Optimized)", "Plans": [{"Node Type": "Seq Scan", "Parent Relationship": "Outer", "Relation Name": "orders", "Alias": "orders", "Startup Cost": 386.46, "Total Cost": 463912.49, "Plan Rows": 7310217, "Plan Width": 28, "Filter": "(o_orderdate < '1995-03-13 00:00:00'::timestamp(0) without time zone), (LLVM Optimized)"}, {"Node Type": "Hash", "Parent Relationship": "Inner", "Startup Cost": 55876.0, "Total Cost": 55876.0, "Plan Rows": 303948, "Plan Width": 8, "Plans": [{"Node Type": "Seq Scan", "Parent Relationship": "Outer", "Relation Name": "customer", "Alias": "customer", "Startup Cost": 0.0, "Total Cost": 55876.0, "Plan Rows": 303948, "Plan Width": 8, "Filter": "(c_mktsegment = 'AUTOMOBILE'::bpchar), (LLVM Optimized)"}]}]}, {"Node Type": "Index Scan", "Parent Relationship": "Inner", "Scan Direction": "Forward", "Index Name": "idx_lineitem_orderkey", "Relation Name": "lineitem", "Alias": "lineitem", "Startup Cost": 0.0, "Total Cost": 1.35, "Plan Rows": 5, "Plan Width": 24, "Index Cond": "(l_orderkey = orders.o_orderkey)", "Filter": "(l_shipdate > '1995-03-13 00:00:00'::timestamp(0) without time zone)"}]}]}]}]}, "Unique SQL Id": 3929762122, "Planner Runtime": 1}, "explain_analyze_plan": {"Plan": {"Node Type": "Limit", "Startup Cost": 1728598.43, "Total Cost": 1728598.46, "Plan Rows": 10, "Plan Width": 36, "Actual Startup Time": 21120.337, "Actual Total Time": 21120.34, "Actual Rows": 10, "Actual Loops": 1, "Plans": [{"Node Type": "Sort", "Parent Relationship": "Outer", "Startup Cost": 1728598.43, "Total Cost": 1737496.55, "Plan Rows": 10, "Plan Width": 36, "Actual Startup Time": 21120.334, "Actual Total Time": 21120.335, "Actual Rows": 10, "Actual Loops": 1, "Sort Key": ["(sum((lineitem.l_extendedprice * (1::double precision - lineitem.l_discount)))) DESC", "orders.o_orderdate"], "Sort Method": "top-N heapsort", "Sort Space Used": 26, "Sort Space Type": "Memory", "Plans": [{"Node Type": "Aggregate", "Strategy": "Hashed", "Parent Relationship": "Outer", "Startup Cost": 1616091.91, "Total Cost": 1651684.38, "Plan Rows": 3559247, "Plan Width": 36, "Actual Startup Time": 21032.242, "Actual Total Time": 21092.975, "Actual Rows": 113719, "Actual Loops": 1, "Group By Key": ["lineitem.l_orderkey", "orders.o_orderdate", "orders.o_shippriority"], "Plans": [{"Node Type": "Nested Loop", "Parent Relationship": "Outer", "Join Type": "Inner", "Startup Cost": 60061.81, "Total Cost": 1562703.21, "Plan Rows": 3559247, "Plan Width": 36, "Actual Startup Time": 739.304, "Actual Total Time": 20734.32, "Actual Rows": 300219, "Actual Loops": 1, "Inner Unique": false, "Plans": [{"Node Type": "Hash Join", "Parent Relationship": "Outer", "Join Type": "Inner", "Startup Cost": 60061.81, "Total Cost": 558158.87, "Plan Rows": 715772, "Plan Width": 20, "Actual Startup Time": 739.077, "Actual Total Time": 8940.97, "Actual Rows": 1455173, "Actual Loops": 1, "Inner Unique": true, "Hash Cond": "(orders.o_custkey = customer.c_custkey), (LLVM Optimized, Jit Execute)", "Plans": [{"Node Type": "Seq Scan", "Parent Relationship": "Outer", "Relation Name": "orders", "Alias": "orders", "Startup Cost": 386.46, "Total Cost": 463912.49, "Plan Rows": 7310217, "Plan Width": 28, "Actual Startup Time": 0.056, "Actual Total Time": 4941.534, "Actual Rows": 7276947, "Actual Loops": 1, "Filter": "(o_orderdate < '1995-03-13 00:00:00'::timestamp(0) without time zone), (LLVM Optimized, Jit Execute)", "Rows Removed by Filter": 7723053}, {"Node Type": "Hash", "Parent Relationship": "Inner", "Startup Cost": 55876.0, "Total Cost": 55876.0, "Plan Rows": 303948, "Plan Width": 8, "Actual Startup Time": 738.343, "Actual Total Time": 738.343, "Actual Rows": 300036, "Actual Loops": 1, "Hash Buckets": 524288, "Hash Batches": 1, "Original Hash Batches": 1, "Peak Memory Usage": 11721, "Plans": [{"Node Type": "Seq Scan", "Parent Relationship": "Outer", "Relation Name": "customer", "Alias": "customer", "Startup Cost": 0.0, "Total Cost": 55876.0, "Plan Rows": 303948, "Plan Width": 8, "Actual Startup Time": 0.021, "Actual Total Time": 643.423, "Actual Rows": 300036, "Actual Loops": 1, "Filter": "(c_mktsegment = 'AUTOMOBILE'::bpchar), (LLVM Optimized, Jit Execute)", "Rows Removed by Filter": 1199964}]}]}, {"Node Type": "Index Scan", "Parent Relationship": "Inner", "Scan Direction": "Forward", "Index Name": "idx_lineitem_orderkey", "Relation Name": "lineitem", "Alias": "lineitem", "Startup Cost": 0.0, "Total Cost": 1.35, "Plan Rows": 5, "Plan Width": 24, "Actual Startup Time": 10703.081, "Actual Total Time": 10988.174, "Actual Rows": 300219, "Actual Loops": 1455173, "Index Cond": "(l_orderkey = orders.o_orderkey)", "Rows Removed by Index Recheck": 0, "Filter": "(l_shipdate > '1995-03-13 00:00:00'::timestamp(0) without time zone)", "Rows Removed by Filter": 5519788}]}]}]}]}, "Triggers": [], "Planner Runtime": 1.233, "Total Runtime": 21130.306, "Unique SQL Id": 3929762122}}, "(1, '77')": {"explain_plan": {"Plan": {"Node Type": "Limit", "Startup Cost": 2061802.43, "Total Cost": 2061802.46, "Plan Rows": 10, "Plan Width": 36, "Plans": [{"Node Type": "Sort", "Parent Relationship": "Outer", "Startup Cost": 2061802.43, "Total Cost": 2070700.55, "Plan Rows": 10, "Plan Width": 36, "Sort Key": ["(sum((lineitem.l_extendedprice * (1::double precision - lineitem.l_discount)))) DESC", "orders.o_orderdate"], "Plans": [{"Node Type": "Aggregate", "Strategy": "Hashed", "Parent Relationship": "Outer", "Startup Cost": 1949295.92, "Total Cost": 1984888.39, "Plan Rows": 3559247, "Plan Width": 36, "Group By Key": ["lineitem.l_orderkey", "orders.o_orderdate", "orders.o_shippriority"], "Plans": [{"Node Type": "Nested Loop", "Parent Relationship": "Outer", "Join Type": "Inner", "Startup Cost": 88314.71, "Total Cost": 1895907.21, "Plan Rows": 3559247, "Plan Width": 36, "Inner Unique": false, "Plans": [{"Node Type": "Hash Join", "Parent Relationship": "Outer", "Join Type": "Inner", "Startup Cost": 88314.71, "Total Cost": 891362.87, "Plan Rows": 715772, "Plan Width": 20, "Inner Unique": true, "Hash Cond": "(orders.o_custkey = customer.c_custkey), (LLVM Optimized)", "Plans": [{"Node Type": "Index Scan", "Parent Relationship": "Outer", "Scan Direction": "Forward", "Index Name": "orders_pkey", "Relation Name": "orders", "Alias": "orders", "Startup Cost": 0.0, "Total Cost": 768477.13, "Plan Rows": 7310217, "Plan Width": 28, "Filter": "(o_orderdate < '1995-03-13 00:00:00'::timestamp(0) without time zone), (LLVM Optimized)"}, {"Node Type": "Hash", "Parent Relationship": "Inner", "Startup Cost": 84515.36, "Total Cost": 84515.36, "Plan Rows": 303948, "Plan Width": 8, "Plans": [{"Node Type": "Index Scan", "Parent Relationship": "Outer", "Scan Direction": "Forward", "Index Name": "customer_pkey", "Relation Name": "customer", "Alias": "customer", "Startup Cost": 0.0, "Total Cost": 84515.36, "Plan Rows": 303948, "Plan Width": 8, "Filter": "(c_mktsegment = 'AUTOMOBILE'::bpchar), (LLVM Optimized)"}]}]}, {"Node Type": "Index Scan", "Parent Relationship": "Inner", "Scan Direction": "Forward", "Index Name": "idx_lineitem_orderkey", "Relation Name": "lineitem", "Alias": "lineitem", "Startup Cost": 0.0, "Total Cost": 1.35, "Plan Rows": 5, "Plan Width": 24, "Index Cond": "(l_orderkey = orders.o_orderkey)", "Filter": "(l_shipdate > '1995-03-13 00:00:00'::timestamp(0) without time zone)"}]}]}]}]}, "Unique SQL Id": 3929762122, "Planner Runtime": 1}, "explain_analyze_plan": {"Plan": {"Node Type": "Limit", "Startup Cost": 2061802.43, "Total Cost": 2061802.46, "Plan Rows": 10, "Plan Width": 36, "Actual Startup Time": 26072.017, "Actual Total Time": 26072.02, "Actual Rows": 10, "Actual Loops": 1, "Plans": [{"Node Type": "Sort", "Parent Relationship": "Outer", "Startup Cost": 2061802.43, "Total Cost": 2070700.55, "Plan Rows": 10, "Plan Width": 36, "Actual Startup Time": 26072.014, "Actual Total Time": 26072.015, "Actual Rows": 10, "Actual Loops": 1, "Sort Key": ["(sum((lineitem.l_extendedprice * (1::double precision - lineitem.l_discount)))) DESC", "orders.o_orderdate"], "Sort Method": "top-N heapsort", "Sort Space Used": 26, "Sort Space Type": "Memory", "Plans": [{"Node Type": "Aggregate", "Strategy": "Hashed", "Parent Relationship": "Outer", "Startup Cost": 1949295.92, "Total Cost": 1984888.39, "Plan Rows": 3559247, "Plan Width": 36, "Actual Startup Time": 25984.937, "Actual Total Time": 26044.604, "Actual Rows": 113719, "Actual Loops": 1, "Group By Key": ["lineitem.l_orderkey", "orders.o_orderdate", "orders.o_shippriority"], "Plans": [{"Node Type": "Nested Loop", "Parent Relationship": "Outer", "Join Type": "Inner", "Startup Cost": 88314.71, "Total Cost": 1895907.21, "Plan Rows": 3559247, "Plan Width": 36, "Actual Startup Time": 1095.907, "Actual Total Time": 25691.367, "Actual Rows": 300219, "Actual Loops": 1, "Inner Unique": false, "Plans": [{"Node Type": "Hash Join", "Parent Relationship": "Outer", "Join Type": "Inner", "Startup Cost": 88314.71, "Total Cost": 891362.87, "Plan Rows": 715772, "Plan Width": 20, "Actual Startup Time": 1095.689, "Actual Total Time": 14132.106, "Actual Rows": 1455173, "Actual Loops": 1, "Inner Unique": true, "Hash Cond": "(orders.o_custkey = customer.c_custkey), (LLVM Optimized, Jit Execute)", "Plans": [{"Node Type": "Index Scan", "Parent Relationship": "Outer", "Scan Direction": "Forward", "Index Name": "orders_pkey", "Relation Name": "orders", "Alias": "orders", "Startup Cost": 0.0, "Total Cost": 768477.13, "Plan Rows": 7310217, "Plan Width": 28, "Actual Startup Time": 0.069, "Actual Total Time": 9774.272, "Actual Rows": 7276947, "Actual Loops": 1, "Filter": "(o_orderdate < '1995-03-13 00:00:00'::timestamp(0) without time zone), (LLVM Optimized, Jit Execute)", "Rows Removed by Filter": 7723053}, {"Node Type": "Hash", "Parent Relationship": "Inner", "Startup Cost": 84515.36, "Total Cost": 84515.36, "Plan Rows": 303948, "Plan Width": 8, "Actual Startup Time": 1095.244, "Actual Total Time": 1095.244, "Actual Rows": 300036, "Actual Loops": 1, "Hash Buckets": 524288, "Hash Batches": 1, "Original Hash Batches": 1, "Peak Memory Usage": 11721, "Plans": [{"Node Type": "Index Scan", "Parent Relationship": "Outer", "Scan Direction": "Forward", "Index Name": "customer_pkey", "Relation Name": "customer", "Alias": "customer", "Startup Cost": 0.0, "Total Cost": 84515.36, "Plan Rows": 303948, "Plan Width": 8, "Actual Startup Time": 0.031, "Actual Total Time": 1005.343, "Actual Rows": 300036, "Actual Loops": 1, "Filter": "(c_mktsegment = 'AUTOMOBILE'::bpchar), (LLVM Optimized, Jit Execute)", "Rows Removed by Filter": 1199964}]}]}, {"Node Type": "Index Scan", "Parent Relationship": "Inner", "Scan Direction": "Forward", "Index Name": "idx_lineitem_orderkey", "Relation Name": "lineitem", "Alias": "lineitem", "Startup Cost": 0.0, "Total Cost": 1.35, "Plan Rows": 5, "Plan Width": 24, "Actual Startup Time": 10496.908, "Actual Total Time": 10775.019, "Actual Rows": 300219, "Actual Loops": 1455173, "Index Cond": "(l_orderkey = orders.o_orderkey)", "Rows Removed by Index Recheck": 0, "Filter": "(l_shipdate > '1995-03-13 00:00:00'::timestamp(0) without time zone)", "Rows Removed by Filter": 5519788}]}]}]}]}, "Triggers": [], "Planner Runtime": 1.097, "Total Runtime": 26081.823, "Unique SQL Id": 3929762122}}, "(1, '78')": {"explain_plan": {"Plan": {"Node Type": "Limit", "Startup Cost": 3055991.15, "Total Cost": 3055991.17, "Plan Rows": 10, "Plan Width": 36, "Plans": [{"Node Type": "Sort", "Parent Relationship": "Outer", "Startup Cost": 3055991.15, "Total Cost": 3064889.27, "Plan Rows": 10, "Plan Width": 36, "Sort Key": ["(sum((lineitem.l_extendedprice * (1::double precision - lineitem.l_discount)))) DESC", "orders.o_orderdate"], "Plans": [{"Node Type": "Aggregate", "Strategy": "Hashed", "Parent Relationship": "Outer", "Startup Cost": 2943484.63, "Total Cost": 2979077.1, "Plan Rows": 3559247, "Plan Width": 36, "Group By Key": ["lineitem.l_orderkey", "orders.o_orderdate", "orders.o_shippriority"], "Plans": [{"Node Type": "Hash Join", "Parent Relationship": "Outer", "Join Type": "Inner", "Startup Cost": 567106.02, "Total Cost": 2890095.93, "Plan Rows": 3559247, "Plan Width": 36, "Inner Unique": false, "Hash Cond": "(lineitem.l_orderkey = orders.o_orderkey), (LLVM Optimized)", "Plans": [{"Node Type": "Seq Scan", "Parent Relationship": "Outer", "Relation Name": "lineitem", "Alias": "lineitem", "Startup Cost": 0.0, "Total Cost": 2165082.91, "Plan Rows": 32617206, "Plan Width": 24, "Filter": "(l_shipdate > '1995-03-13 00:00:00'::timestamp(0) without time zone), (LLVM Optimized)"}, {"Node Type": "Hash", "Parent Relationship": "Inner", "Startup Cost": 558158.87, "Total Cost": 558158.87, "Plan Rows": 715772, "Plan Width": 20, "Plans": [{"Node Type": "Hash Join", "Parent Relationship": "Outer", "Join Type": "Inner", "Startup Cost": 60061.81, "Total Cost": 558158.87, "Plan Rows": 715772, "Plan Width": 20, "Inner Unique": true, "Hash Cond": "(orders.o_custkey = customer.c_custkey), (LLVM Optimized)", "Plans": [{"Node Type": "Seq Scan", "Parent Relationship": "Outer", "Relation Name": "orders", "Alias": "orders", "Startup Cost": 386.46, "Total Cost": 463912.49, "Plan Rows": 7310217, "Plan Width": 28, "Filter": "(o_orderdate < '1995-03-13 00:00:00'::timestamp(0) without time zone), (LLVM Optimized)"}, {"Node Type": "Hash", "Parent Relationship": "Inner", "Startup Cost": 55876.0, "Total Cost": 55876.0, "Plan Rows": 303948, "Plan Width": 8, "Plans": [{"Node Type": "Seq Scan", "Parent Relationship": "Outer", "Relation Name": "customer", "Alias": "customer", "Startup Cost": 0.0, "Total Cost": 55876.0, "Plan Rows": 303948, "Plan Width": 8, "Filter": "(c_mktsegment = 'AUTOMOBILE'::bpchar), (LLVM Optimized)"}]}]}]}]}]}]}]}, "Unique SQL Id": 3929762122, "Planner Runtime": 1}, "explain_analyze_plan": {"Plan": {"Node Type": "Limit", "Startup Cost": 3055991.15, "Total Cost": 3055991.17, "Plan Rows": 10, "Plan Width": 36, "Actual Startup Time": 39912.957, "Actual Total Time": 39912.961, "Actual Rows": 10, "Actual Loops": 1, "Plans": [{"Node Type": "Sort", "Parent Relationship": "Outer", "Startup Cost": 3055991.15, "Total Cost": 3064889.27, "Plan Rows": 10, "Plan Width": 36, "Actual Startup Time": 39912.953, "Actual Total Time": 39912.956, "Actual Rows": 10, "Actual Loops": 1, "Sort Key": ["(sum((lineitem.l_extendedprice * (1::double precision - lineitem.l_discount)))) DESC", "orders.o_orderdate"], "Sort Method": "top-N heapsort", "Sort Space Used": 26, "Sort Space Type": "Memory", "Plans": [{"Node Type": "Aggregate", "Strategy": "Hashed", "Parent Relationship": "Outer", "Startup Cost": 2943484.63, "Total Cost": 2979077.1, "Plan Rows": 3559247, "Plan Width": 36, "Actual Startup Time": 39821.735, "Actual Total Time": 39885.752, "Actual Rows": 113719, "Actual Loops": 1, "Group By Key": ["lineitem.l_orderkey", "orders.o_orderdate", "orders.o_shippriority"], "Plans": [{"Node Type": "Hash Join", "Parent Relationship": "Outer", "Join Type": "Inner", "Startup Cost": 567106.02, "Total Cost": 2890095.93, "Plan Rows": 3559247, "Plan Width": 36, "Actual Startup Time": 9286.806, "Actual Total Time": 39528.201, "Actual Rows": 300219, "Actual Loops": 1, "Inner Unique": false, "Hash Cond": "(lineitem.l_orderkey = orders.o_orderkey), (LLVM Optimized, Jit Execute)", "Plans": [{"Node Type": "Seq Scan", "Parent Relationship": "Outer", "Relation Name": "lineitem", "Alias": "lineitem", "Startup Cost": 0.0, "Total Cost": 2165082.91, "Plan Rows": 32617206, "Plan Width": 24, "Actual Startup Time": 0.109, "Actual Total Time": 21259.675, "Actual Rows": 32384344, "Actual Loops": 1, "Filter": "(l_shipdate > '1995-03-13 00:00:00'::timestamp(0) without time zone), (LLVM Optimized, Jit Execute)", "Rows Removed by Filter": 27601708}, {"Node Type": "Hash", "Parent Relationship": "Inner", "Startup Cost": 558158.87, "Total Cost": 558158.87, "Plan Rows": 715772, "Plan Width": 20, "Actual Startup Time": 9285.133, "Actual Total Time": 9285.133, "Actual Rows": 1455173, "Actual Loops": 1, "Hash Buckets": 1048576, "Hash Batches": 1, "Original Hash Batches": 1, "Peak Memory Usage": 79580, "Plans": [{"Node Type": "Hash Join", "Parent Relationship": "Outer", "Join Type": "Inner", "Startup Cost": 60061.81, "Total Cost": 558158.87, "Plan Rows": 715772, "Plan Width": 20, "Actual Startup Time": 672.836, "Actual Total Time": 8567.114, "Actual Rows": 1455173, "Actual Loops": 1, "Inner Unique": true, "Hash Cond": "(orders.o_custkey = customer.c_custkey), (LLVM Optimized, Jit Execute)", "Plans": [{"Node Type": "Seq Scan", "Parent Relationship": "Outer", "Relation Name": "orders", "Alias": "orders", "Startup Cost": 386.46, "Total Cost": 463912.49, "Plan Rows": 7310217, "Plan Width": 28, "Actual Startup Time": 0.024, "Actual Total Time": 4947.226, "Actual Rows": 7276947, "Actual Loops": 1, "Filter": "(o_orderdate < '1995-03-13 00:00:00'::timestamp(0) without time zone), (LLVM Optimized, Jit Execute)", "Rows Removed by Filter": 7723053}, {"Node Type": "Hash", "Parent Relationship": "Inner", "Startup Cost": 55876.0, "Total Cost": 55876.0, "Plan Rows": 303948, "Plan Width": 8, "Actual Startup Time": 672.467, "Actual Total Time": 672.467, "Actual Rows": 300036, "Actual Loops": 1, "Hash Buckets": 524288, "Hash Batches": 1, "Original Hash Batches": 1, "Peak Memory Usage": 11721, "Plans": [{"Node Type": "Seq Scan", "Parent Relationship": "Outer", "Relation Name": "customer", "Alias": "customer", "Startup Cost": 0.0, "Total Cost": 55876.0, "Plan Rows": 303948, "Plan Width": 8, "Actual Startup Time": 0.027, "Actual Total Time": 584.45, "Actual Rows": 300036, "Actual Loops": 1, "Filter": "(c_mktsegment = 'AUTOMOBILE'::bpchar), (LLVM Optimized, Jit Execute)", "Rows Removed by Filter": 1199964}]}]}]}]}]}]}]}, "Triggers": [], "Planner Runtime": 1.09, "Total Runtime": 39923.34, "Unique SQL Id": 3929762122}}, "(1, '79')": {"explain_plan": {"Plan": {"Node Type": "Limit", "Startup Cost": 3000409063684.59, "Total Cost": 3000409063684.62, "Plan Rows": 10, "Plan Width": 36, "Plans": [{"Node Type": "Sort", "Parent Relationship": "Outer", "Startup Cost": 3000409063684.59, "Total Cost": 3000409072582.71, "Plan Rows": 10, "Plan Width": 36, "Sort Key": ["(sum((lineitem.l_extendedprice * (1::double precision - lineitem.l_discount)))) DESC", "orders.o_orderdate"], "Plans": [{"Node Type": "Aggregate", "Strategy": "Hashed", "Parent Relationship": "Outer", "Startup Cost": 3000408951178.08, "Total Cost": 3000408986770.55, "Plan Rows": 3559247, "Plan Width": 36, "Group By Key": ["lineitem.l_orderkey", "orders.o_orderdate", "orders.o_shippriority"], "Plans": [{"Node Type": "Hash Join", "Parent Relationship": "Outer", "Join Type": "Inner", "Startup Cost": 1020044887998.59, "Total Cost": 3000408897789.37, "Plan Rows": 3559247, "Plan Width": 36, "Inner Unique": true, "Hash Cond": "(orders.o_custkey = customer.c_custkey), (LLVM Optimized)", "Plans": [{"Node Type": "Merge Join", "Parent Relationship": "Outer", "Join Type": "Inner", "Startup Cost": 20036432663.62, "Total Cost": 2000400270546.49, "Plan Rows": 36350778, "Plan Width": 44, "Inner Unique": false, "Merge Cond": "(orders.o_orderkey = lineitem.l_orderkey)", "Plans": [{"Node Type": "Index Scan", "Parent Relationship": "Outer", "Scan Direction": "Forward", "Index Name": "orders_pkey", "Relation Name": "orders", "Alias": "orders", "Startup Cost": 10000000000.0, "Total Cost": 1000076847713.25, "Plan Rows": 7310217, "Plan Width": 28, "Filter": "(o_orderdate < '1995-03-13 00:00:00'::timestamp(0) without time zone), (LLVM Optimized)"}, {"Node Type": "Materialize", "Parent Relationship": "Inner", "Startup Cost": 10000000000.0, "Total Cost": 1000339093675.77, "Plan Rows": 32617206, "Plan Width": 24, "Plans": [{"Node Type": "Index Scan", "Parent Relationship": "Outer", "Scan Direction": "Forward", "Index Name": "idx_lineitem_orderkey", "Relation Name": "lineitem", "Alias": "lineitem", "Startup Cost": 10000000000.0, "Total Cost": 1000339012132.75, "Plan Rows": 32617206, "Plan Width": 24, "Filter": "(l_shipdate > '1995-03-13 00:00:00'::timestamp(0) without time zone), (LLVM Optimized)"}]}]}, {"Node Type": "Hash", "Parent Relationship": "Inner", "Startup Cost": 1000008451535.62, "Total Cost": 1000008451535.62, "Plan Rows": 303948, "Plan Width": 8, "Plans": [{"Node Type": "Index Scan", "Parent Relationship": "Outer", "Scan Direction": "Forward", "Index Name": "customer_pkey", "Relation Name": "customer", "Alias": "customer", "Startup Cost": 10000000000.0, "Total Cost": 1000008451535.62, "Plan Rows": 303948, "Plan Width": 8, "Filter": "(c_mktsegment = 'AUTOMOBILE'::bpchar), (LLVM Optimized)"}]}]}]}]}]}, "Unique SQL Id": 3929762122, "Planner Runtime": 1}, "explain_analyze_plan": null}, "(1, '80')": {"explain_plan": {"Plan": {"Node Type": "Limit", "Startup Cost": 2596753.82, "Total Cost": 2596753.85, "Plan Rows": 10, "Plan Width": 36, "Plans": [{"Node Type": "Sort", "Parent Relationship": "Outer", "Startup Cost": 2596753.82, "Total Cost": 2605651.94, "Plan Rows": 10, "Plan Width": 36, "Sort Key": ["(sum((lineitem.l_extendedprice * (1::double precision - lineitem.l_discount)))) DESC", "orders.o_orderdate"], "Plans": [{"Node Type": "Aggregate", "Strategy": "Hashed", "Parent Relationship": "Outer", "Startup Cost": 2484247.3, "Total Cost": 2519839.77, "Plan Rows": 3559247, "Plan Width": 36, "Group By Key": ["lineitem.l_orderkey", "orders.o_orderdate", "orders.o_shippriority"], "Plans": [{"Node Type": "Nested Loop", "Parent Relationship": "Outer", "Join Type": "Inner", "Startup Cost": 1297333.67, "Total Cost": 2430858.6, "Plan Rows": 3559247, "Plan Width": 36, "Inner Unique": false, "Plans": [{"Node Type": "Merge Join", "Parent Relationship": "Outer", "Join Type": "Inner", "Startup Cost": 1297333.67, "Total Cost": 1426314.26, "Plan Rows": 715772, "Plan Width": 20, "Inner Unique": false, "Merge Cond": "(customer.c_custkey = orders.o_custkey)", "Plans": [{"Node Type": "Index Scan", "Parent Relationship": "Outer", "Scan Direction": "Forward", "Index Name": "customer_pkey", "Relation Name": "customer", "Alias": "customer", "Startup Cost": 0.0, "Total Cost": 84515.36, "Plan Rows": 303948, "Plan Width": 8, "Filter": "(c_mktsegment = 'AUTOMOBILE'::bpchar), (LLVM Optimized)"}, {"Node Type": "Sort", "Parent Relationship": "Inner", "Startup Cost": 1297331.42, "Total Cost": 1315606.97, "Plan Rows": 7310217, "Plan Width": 28, "Sort Key": ["orders.o_custkey"], "Plans": [{"Node Type": "Seq Scan", "Parent Relationship": "Outer", "Relation Name": "orders", "Alias": "orders", "Startup Cost": 386.46, "Total Cost": 463912.49, "Plan Rows": 7310217, "Plan Width": 28, "Filter": "(o_orderdate < '1995-03-13 00:00:00'::timestamp(0) without time zone), (LLVM Optimized)"}]}]}, {"Node Type": "Index Scan", "Parent Relationship": "Inner", "Scan Direction": "Forward", "Index Name": "idx_lineitem_orderkey", "Relation Name": "lineitem", "Alias": "lineitem", "Startup Cost": 0.0, "Total Cost": 1.35, "Plan Rows": 5, "Plan Width": 24, "Index Cond": "(l_orderkey = orders.o_orderkey)", "Filter": "(l_shipdate > '1995-03-13 00:00:00'::timestamp(0) without time zone)"}]}]}]}]}, "Unique SQL Id": 3929762122, "Planner Runtime": 1}, "explain_analyze_plan": {"Plan": {"Node Type": "Limit", "Startup Cost": 2596753.82, "Total Cost": 2596753.85, "Plan Rows": 10, "Plan Width": 36, "Actual Startup Time": 32725.592, "Actual Total Time": 32725.594, "Actual Rows": 10, "Actual Loops": 1, "Plans": [{"Node Type": "Sort", "Parent Relationship": "Outer", "Startup Cost": 2596753.82, "Total Cost": 2605651.94, "Plan Rows": 10, "Plan Width": 36, "Actual Startup Time": 32725.588, "Actual Total Time": 32725.589, "Actual Rows": 10, "Actual Loops": 1, "Sort Key": ["(sum((lineitem.l_extendedprice * (1::double precision - lineitem.l_discount)))) DESC", "orders.o_orderdate"], "Sort Method": "top-N heapsort", "Sort Space Used": 26, "Sort Space Type": "Memory", "Plans": [{"Node Type": "Aggregate", "Strategy": "Hashed", "Parent Relationship": "Outer", "Startup Cost": 2484247.3, "Total Cost": 2519839.77, "Plan Rows": 3559247, "Plan Width": 36, "Actual Startup Time": 32632.763, "Actual Total Time": 32698.205, "Actual Rows": 113719, "Actual Loops": 1, "Group By Key": ["lineitem.l_orderkey", "orders.o_orderdate", "orders.o_shippriority"], "Plans": [{"Node Type": "Nested Loop", "Parent Relationship": "Outer", "Join Type": "Inner", "Startup Cost": 1297333.67, "Total Cost": 2430858.6, "Plan Rows": 3559247, "Plan Width": 36, "Actual Startup Time": 8398.072, "Actual Total Time": 32297.727, "Actual Rows": 300219, "Actual Loops": 1, "Inner Unique": false, "Plans": [{"Node Type": "Merge Join", "Parent Relationship": "Outer", "Join Type": "Inner", "Startup Cost": 1297333.67, "Total Cost": 1426314.26, "Plan Rows": 715772, "Plan Width": 20, "Actual Startup Time": 8397.847, "Actual Total Time": 13321.034, "Actual Rows": 1455173, "Actual Loops": 1, "Inner Unique": false, "Merge Cond": "(customer.c_custkey = orders.o_custkey)", "Plans": [{"Node Type": "Index Scan", "Parent Relationship": "Outer", "Scan Direction": "Forward", "Index Name": "customer_pkey", "Relation Name": "customer", "Alias": "customer", "Startup Cost": 0.0, "Total Cost": 84515.36, "Plan Rows": 303948, "Plan Width": 8, "Actual Startup Time": 0.065, "Actual Total Time": 1235.814, "Actual Rows": 300036, "Actual Loops": 1, "Filter": "(c_mktsegment = 'AUTOMOBILE'::bpchar), (LLVM Optimized, Jit Execute)", "Rows Removed by Filter": 1199964}, {"Node Type": "Sort", "Parent Relationship": "Inner", "Startup Cost": 1297331.42, "Total Cost": 1315606.97, "Plan Rows": 7310217, "Plan Width": 28, "Actual Startup Time": 8397.759, "Actual Total Time": 10665.765, "Actual Rows": 7276927, "Actual Loops": 1, "Sort Key": ["orders.o_custkey"], "Sort Method": "quicksort", "Sort Space Used": 878822, "Sort Space Type": "Memory", "Plans": [{"Node Type": "Seq Scan", "Parent Relationship": "Outer", "Relation Name": "orders", "Alias": "orders", "Startup Cost": 386.46, "Total Cost": 463912.49, "Plan Rows": 7310217, "Plan Width": 28, "Actual Startup Time": 0.039, "Actual Total Time": 5266.222, "Actual Rows": 7276947, "Actual Loops": 1, "Filter": "(o_orderdate < '1995-03-13 00:00:00'::timestamp(0) without time zone), (LLVM Optimized, Jit Execute)", "Rows Removed by Filter": 7723053}]}]}, {"Node Type": "Index Scan", "Parent Relationship": "Inner", "Scan Direction": "Forward", "Index Name": "idx_lineitem_orderkey", "Relation Name": "lineitem", "Alias": "lineitem", "Startup Cost": 0.0, "Total Cost": 1.35, "Plan Rows": 5, "Plan Width": 24, "Actual Startup Time": 17849.344, "Actual Total Time": 18156.174, "Actual Rows": 300219, "Actual Loops": 1455173, "Index Cond": "(l_orderkey = orders.o_orderkey)", "Rows Removed by Index Recheck": 0, "Filter": "(l_shipdate > '1995-03-13 00:00:00'::timestamp(0) without time zone)", "Rows Removed by Filter": 5519788}]}]}]}]}, "Triggers": [], "Planner Runtime": 1.055, "Total Runtime": 32735.185, "Unique SQL Id": 3929762122}}, "(1, '81')": {"explain_plan": {"Plan": {"Node Type": "Limit", "Startup Cost": 2669336.48, "Total Cost": 2669336.5, "Plan Rows": 10, "Plan Width": 36, "Plans": [{"Node Type": "Sort", "Parent Relationship": "Outer", "Startup Cost": 2669336.48, "Total Cost": 2678234.59, "Plan Rows": 10, "Plan Width": 36, "Sort Key": ["(sum((lineitem.l_extendedprice * (1::double precision - lineitem.l_discount)))) DESC", "orders.o_orderdate"], "Plans": [{"Node Type": "Aggregate", "Strategy": "Hashed", "Parent Relationship": "Outer", "Startup Cost": 2556829.96, "Total Cost": 2592422.43, "Plan Rows": 3559247, "Plan Width": 36, "Group By Key": ["lineitem.l_orderkey", "orders.o_orderdate", "orders.o_shippriority"], "Plans": [{"Node Type": "Nested Loop", "Parent Relationship": "Outer", "Join Type": "Inner", "Startup Cost": 1369916.32, "Total Cost": 2503441.25, "Plan Rows": 3559247, "Plan Width": 36, "Inner Unique": false, "Plans": [{"Node Type": "Merge Join", "Parent Relationship": "Outer", "Join Type": "Inner", "Startup Cost": 1369916.32, "Total Cost": 1498896.92, "Plan Rows": 715772, "Plan Width": 20, "Inner Unique": false, "Merge Cond": "(customer.c_custkey = orders.o_custkey)", "Plans": [{"Node Type": "Index Scan", "Parent Relationship": "Outer", "Scan Direction": "Forward", "Index Name": "customer_pkey", "Relation Name": "customer", "Alias": "customer", "Startup Cost": 0.0, "Total Cost": 84515.36, "Plan Rows": 303948, "Plan Width": 8, "Filter": "(c_mktsegment = 'AUTOMOBILE'::bpchar), (LLVM Optimized)"}, {"Node Type": "Sort", "Parent Relationship": "Inner", "Startup Cost": 1369914.08, "Total Cost": 1388189.62, "Plan Rows": 7310217, "Plan Width": 28, "Sort Key": ["orders.o_custkey"], "Plans": [{"Node Type": "Bitmap Heap Scan", "Parent Relationship": "Outer", "Relation Name": "orders", "Alias": "orders", "Startup Cost": 168698.43, "Total Cost": 536495.14, "Plan Rows": 7310217, "Plan Width": 28, "Recheck Cond": "(o_orderdate < '1995-03-13 00:00:00'::timestamp(0) without time zone), (LLVM Optimized)", "Plans": [{"Node Type": "Bitmap Index Scan", "Parent Relationship": "Outer", "Index Name": "idx_orders_orderdate", "Startup Cost": 0.0, "Total Cost": 166870.88, "Plan Rows": 7310217, "Plan Width": 0, "Index Cond": "(o_orderdate < '1995-03-13 00:00:00'::timestamp(0) without time zone)"}]}]}]}, {"Node Type": "Index Scan", "Parent Relationship": "Inner", "Scan Direction": "Forward", "Index Name": "idx_lineitem_orderkey", "Relation Name": "lineitem", "Alias": "lineitem", "Startup Cost": 0.0, "Total Cost": 1.35, "Plan Rows": 5, "Plan Width": 24, "Index Cond": "(l_orderkey = orders.o_orderkey)", "Filter": "(l_shipdate > '1995-03-13 00:00:00'::timestamp(0) without time zone)"}]}]}]}]}, "Unique SQL Id": 3929762122, "Planner Runtime": 1}, "explain_analyze_plan": {"Plan": {"Node Type": "Limit", "Startup Cost": 2669336.48, "Total Cost": 2669336.5, "Plan Rows": 10, "Plan Width": 36, "Actual Startup Time": 31227.134, "Actual Total Time": 31227.137, "Actual Rows": 10, "Actual Loops": 1, "Plans": [{"Node Type": "Sort", "Parent Relationship": "Outer", "Startup Cost": 2669336.48, "Total Cost": 2678234.59, "Plan Rows": 10, "Plan Width": 36, "Actual Startup Time": 31227.129, "Actual Total Time": 31227.131, "Actual Rows": 10, "Actual Loops": 1, "Sort Key": ["(sum((lineitem.l_extendedprice * (1::double precision - lineitem.l_discount)))) DESC", "orders.o_orderdate"], "Sort Method": "top-N heapsort", "Sort Space Used": 26, "Sort Space Type": "Memory", "Plans": [{"Node Type": "Aggregate", "Strategy": "Hashed", "Parent Relationship": "Outer", "Startup Cost": 2556829.96, "Total Cost": 2592422.43, "Plan Rows": 3559247, "Plan Width": 36, "Actual Startup Time": 31117.01, "Actual Total Time": 31199.687, "Actual Rows": 113719, "Actual Loops": 1, "Group By Key": ["lineitem.l_orderkey", "orders.o_orderdate", "orders.o_shippriority"], "Plans": [{"Node Type": "Nested Loop", "Parent Relationship": "Outer", "Join Type": "Inner", "Startup Cost": 1369916.32, "Total Cost": 2503441.25, "Plan Rows": 3559247, "Plan Width": 36, "Actual Startup Time": 9033.28, "Actual Total Time": 30802.099, "Actual Rows": 300219, "Actual Loops": 1, "Inner Unique": false, "Plans": [{"Node Type": "Merge Join", "Parent Relationship": "Outer", "Join Type": "Inner", "Startup Cost": 1369916.32, "Total Cost": 1498896.92, "Plan Rows": 715772, "Plan Width": 20, "Actual Startup Time": 9032.902, "Actual Total Time": 13768.861, "Actual Rows": 1455173, "Actual Loops": 1, "Inner Unique": false, "Merge Cond": "(customer.c_custkey = orders.o_custkey)", "Plans": [{"Node Type": "Index Scan", "Parent Relationship": "Outer", "Scan Direction": "Forward", "Index Name": "customer_pkey", "Relation Name": "customer", "Alias": "customer", "Startup Cost": 0.0, "Total Cost": 84515.36, "Plan Rows": 303948, "Plan Width": 8, "Actual Startup Time": 0.07, "Actual Total Time": 1116.386, "Actual Rows": 300036, "Actual Loops": 1, "Filter": "(c_mktsegment = 'AUTOMOBILE'::bpchar), (LLVM Optimized, Jit Execute)", "Rows Removed by Filter": 1199964}, {"Node Type": "Sort", "Parent Relationship": "Inner", "Startup Cost": 1369914.08, "Total Cost": 1388189.62, "Plan Rows": 7310217, "Plan Width": 28, "Actual Startup Time": 9032.805, "Actual Total Time": 11232.861, "Actual Rows": 7276927, "Actual Loops": 1, "Sort Key": ["orders.o_custkey"], "Sort Method": "quicksort", "Sort Space Used": 878822, "Sort Space Type": "Memory", "Plans": [{"Node Type": "Bitmap Heap Scan", "Parent Relationship": "Outer", "Relation Name": "orders", "Alias": "orders", "Startup Cost": 168698.43, "Total Cost": 536495.14, "Plan Rows": 7310217, "Plan Width": 28, "Actual Startup Time": 1539.777, "Actual Total Time": 5919.325, "Actual Rows": 7276947, "Actual Loops": 1, "Recheck Cond": "(o_orderdate < '1995-03-13 00:00:00'::timestamp(0) without time zone), (LLVM Optimized, Jit Execute)", "Rows Removed by Index Recheck": 0, "Exact Heap Blocks": 276419, "Lossy Heap Blocks": 276419, "Plans": [{"Node Type": "Bitmap Index Scan", "Parent Relationship": "Outer", "Index Name": "idx_orders_orderdate", "Startup Cost": 0.0, "Total Cost": 166870.88, "Plan Rows": 7310217, "Plan Width": 0, "Actual Startup Time": 1454.014, "Actual Total Time": 1454.014, "Actual Rows": 7276947, "Actual Loops": 1, "Index Cond": "(o_orderdate < '1995-03-13 00:00:00'::timestamp(0) without time zone)"}]}]}]}, {"Node Type": "Index Scan", "Parent Relationship": "Inner", "Scan Direction": "Forward", "Index Name": "idx_lineitem_orderkey", "Relation Name": "lineitem", "Alias": "lineitem", "Startup Cost": 0.0, "Total Cost": 1.35, "Plan Rows": 5, "Plan Width": 24, "Actual Startup Time": 15938.011, "Actual Total Time": 16222.391, "Actual Rows": 300219, "Actual Loops": 1455173, "Index Cond": "(l_orderkey = orders.o_orderkey)", "Rows Removed by Index Recheck": 0, "Filter": "(l_shipdate > '1995-03-13 00:00:00'::timestamp(0) without time zone)", "Rows Removed by Filter": 5519788}]}]}]}]}, "Triggers": [], "Planner Runtime": 1.092, "Total Runtime": 31237.578, "Unique SQL Id": 3929762122}}, "(1, '82')": {"explain_plan": {"Plan": {"Node Type": "Limit", "Startup Cost": 4906248.04, "Total Cost": 4906248.06, "Plan Rows": 10, "Plan Width": 36, "Plans": [{"Node Type": "Sort", "Parent Relationship": "Outer", "Startup Cost": 4906248.04, "Total Cost": 4915146.16, "Plan Rows": 10, "Plan Width": 36, "Sort Key": ["(sum((lineitem.l_extendedprice * (1::double precision - lineitem.l_discount)))) DESC", "orders.o_orderdate"], "Plans": [{"Node Type": "Aggregate", "Strategy": "Hashed", "Parent Relationship": "Outer", "Startup Cost": 4793741.52, "Total Cost": 4829333.99, "Plan Rows": 3559247, "Plan Width": 36, "Group By Key": ["lineitem.l_orderkey", "orders.o_orderdate", "orders.o_shippriority"], "Plans": [{"Node Type": "Nested Loop", "Parent Relationship": "Outer", "Join Type": "Inner", "Startup Cost": 1380887.64, "Total Cost": 4740352.82, "Plan Rows": 3559247, "Plan Width": 36, "Inner Unique": false, "Plans": [{"Node Type": "Merge Join", "Parent Relationship": "Outer", "Join Type": "Inner", "Startup Cost": 1380887.19, "Total Cost": 1426114.5, "Plan Rows": 715772, "Plan Width": 20, "Inner Unique": false, "Merge Cond": "(customer.c_custkey = orders.o_custkey)", "Plans": [{"Node Type": "Sort", "Parent Relationship": "Outer", "Startup Cost": 83555.73, "Total Cost": 84315.6, "Plan Rows": 303948, "Plan Width": 8, "Sort Key": ["customer.c_custkey"], "Plans": [{"Node Type": "Seq Scan", "Parent Relationship": "Outer", "Relation Name": "customer", "Alias": "customer", "Startup Cost": 0.0, "Total Cost": 55876.0, "Plan Rows": 303948, "Plan Width": 8, "Filter": "(c_mktsegment = 'AUTOMOBILE'::bpchar), (LLVM Optimized)"}]}, {"Node Type": "Sort", "Parent Relationship": "Inner", "Startup Cost": 1297331.42, "Total Cost": 1315606.97, "Plan Rows": 7310217, "Plan Width": 28, "Sort Key": ["orders.o_custkey"], "Plans": [{"Node Type": "Seq Scan", "Parent Relationship": "Outer", "Relation Name": "orders", "Alias": "orders", "Startup Cost": 386.46, "Total Cost": 463912.49, "Plan Rows": 7310217, "Plan Width": 28, "Filter": "(o_orderdate < '1995-03-13 00:00:00'::timestamp(0) without time zone), (LLVM Optimized)"}]}]}, {"Node Type": "Bitmap Heap Scan", "Parent Relationship": "Inner", "Relation Name": "lineitem", "Alias": "lineitem", "Startup Cost": 0.45, "Total Cost": 4.58, "Plan Rows": 5, "Plan Width": 24, "Recheck Cond": "(l_orderkey = orders.o_orderkey)", "Filter": "(l_shipdate > '1995-03-13 00:00:00'::timestamp(0) without time zone)", "Plans": [{"Node Type": "Bitmap Index Scan", "Parent Relationship": "Outer", "Index Name": "idx_lineitem_orderkey", "Startup Cost": 0.0, "Total Cost": 0.44, "Plan Rows": 9, "Plan Width": 0, "Index Cond": "(l_orderkey = orders.o_orderkey)"}]}]}]}]}]}, "Unique SQL Id": 3929762122, "Planner Runtime": 1}, "explain_analyze_plan": {"Plan": {"Node Type": "Limit", "Startup Cost": 4906248.04, "Total Cost": 4906248.06, "Plan Rows": 10, "Plan Width": 36, "Actual Startup Time": 32088.816, "Actual Total Time": 32088.819, "Actual Rows": 10, "Actual Loops": 1, "Plans": [{"Node Type": "Sort", "Parent Relationship": "Outer", "Startup Cost": 4906248.04, "Total Cost": 4915146.16, "Plan Rows": 10, "Plan Width": 36, "Actual Startup Time": 32088.811, "Actual Total Time": 32088.813, "Actual Rows": 10, "Actual Loops": 1, "Sort Key": ["(sum((lineitem.l_extendedprice * (1::double precision - lineitem.l_discount)))) DESC", "orders.o_orderdate"], "Sort Method": "top-N heapsort", "Sort Space Used": 26, "Sort Space Type": "Memory", "Plans": [{"Node Type": "Aggregate", "Strategy": "Hashed", "Parent Relationship": "Outer", "Startup Cost": 4793741.52, "Total Cost": 4829333.99, "Plan Rows": 3559247, "Plan Width": 36, "Actual Startup Time": 31986.767, "Actual Total Time": 32061.108, "Actual Rows": 113719, "Actual Loops": 1, "Group By Key": ["lineitem.l_orderkey", "orders.o_orderdate", "orders.o_shippriority"], "Plans": [{"Node Type": "Nested Loop", "Parent Relationship": "Outer", "Join Type": "Inner", "Startup Cost": 1380887.64, "Total Cost": 4740352.82, "Plan Rows": 3559247, "Plan Width": 36, "Actual Startup Time": 9087.524, "Actual Total Time": 31630.226, "Actual Rows": 300219, "Actual Loops": 1, "Inner Unique": false, "Plans": [{"Node Type": "Merge Join", "Parent Relationship": "Outer", "Join Type": "Inner", "Startup Cost": 1380887.19, "Total Cost": 1426114.5, "Plan Rows": 715772, "Plan Width": 20, "Actual Startup Time": 9087.272, "Actual Total Time": 12930.135, "Actual Rows": 1455173, "Actual Loops": 1, "Inner Unique": false, "Merge Cond": "(customer.c_custkey = orders.o_custkey)", "Plans": [{"Node Type": "Sort", "Parent Relationship": "Outer", "Startup Cost": 83555.73, "Total Cost": 84315.6, "Plan Rows": 303948, "Plan Width": 8, "Actual Startup Time": 730.149, "Actual Total Time": 769.313, "Actual Rows": 300036, "Actual Loops": 1, "Sort Key": ["customer.c_custkey"], "Sort Method": "quicksort", "Sort Space Used": 31041, "Sort Space Type": "Memory", "Plans": [{"Node Type": "Seq Scan", "Parent Relationship": "Outer", "Relation Name": "customer", "Alias": "customer", "Startup Cost": 0.0, "Total Cost": 55876.0, "Plan Rows": 303948, "Plan Width": 8, "Actual Startup Time": 0.048, "Actual Total Time": 635.139, "Actual Rows": 300036, "Actual Loops": 1, "Filter": "(c_mktsegment = 'AUTOMOBILE'::bpchar), (LLVM Optimized, Jit Execute)", "Rows Removed by Filter": 1199964}]}, {"Node Type": "Sort", "Parent Relationship": "Inner", "Startup Cost": 1297331.42, "Total Cost": 1315606.97, "Plan Rows": 7310217, "Plan Width": 28, "Actual Startup Time": 8357.004, "Actual Total Time": 10682.053, "Actual Rows": 7276927, "Actual Loops": 1, "Sort Key": ["orders.o_custkey"], "Sort Method": "quicksort", "Sort Space Used": 878822, "Sort Space Type": "Memory", "Plans": [{"Node Type": "Seq Scan", "Parent Relationship": "Outer", "Relation Name": "orders", "Alias": "orders", "Startup Cost": 386.46, "Total Cost": 463912.49, "Plan Rows": 7310217, "Plan Width": 28, "Actual Startup Time": 0.031, "Actual Total Time": 5259.947, "Actual Rows": 7276947, "Actual Loops": 1, "Filter": "(o_orderdate < '1995-03-13 00:00:00'::timestamp(0) without time zone), (LLVM Optimized, Jit Execute)", "Rows Removed by Filter": 7723053}]}]}, {"Node Type": "Bitmap Heap Scan", "Parent Relationship": "Inner", "Relation Name": "lineitem", "Alias": "lineitem", "Startup Cost": 0.45, "Total Cost": 4.58, "Plan Rows": 5, "Plan Width": 24, "Actual Startup Time": 16758.06, "Actual Total Time": 16875.501, "Actual Rows": 300219, "Actual Loops": 1455173, "Recheck Cond": "(l_orderkey = orders.o_orderkey)", "Rows Removed by Index Recheck": 0, "Filter": "(l_shipdate > '1995-03-13 00:00:00'::timestamp(0) without time zone)", "Rows Removed by Filter": 5519788, "Exact Heap Blocks": 1558994, "Lossy Heap Blocks": 1558994, "Plans": [{"Node Type": "Bitmap Index Scan", "Parent Relationship": "Outer", "Index Name": "idx_lineitem_orderkey", "Startup Cost": 0.0, "Total Cost": 0.44, "Plan Rows": 9, "Plan Width": 0, "Actual Startup Time": 9545.986, "Actual Total Time": 9545.986, "Actual Rows": 5820007, "Actual Loops": 1455173, "Index Cond": "(l_orderkey = orders.o_orderkey)"}]}]}]}]}]}, "Triggers": [], "Planner Runtime": 1.1, "Total Runtime": 32098.518, "Unique SQL Id": 3929762122}}, "(1, '83')": {"explain_plan": {"Plan": {"Node Type": "Limit", "Startup Cost": 35345596.54, "Total Cost": 35345596.56, "Plan Rows": 10, "Plan Width": 36, "Plans": [{"Node Type": "Sort", "Parent Relationship": "Outer", "Startup Cost": 35345596.54, "Total Cost": 35354494.65, "Plan Rows": 10, "Plan Width": 36, "Sort Key": ["(sum((lineitem.l_extendedprice * (1::double precision - lineitem.l_discount)))) DESC", "orders.o_orderdate"], "Plans": [{"Node Type": "Aggregate", "Strategy": "Hashed", "Parent Relationship": "Outer", "Startup Cost": 35233090.02, "Total Cost": 35268682.49, "Plan Rows": 3559247, "Plan Width": 36, "Group By Key": ["lineitem.l_orderkey", "orders.o_orderdate", "orders.o_shippriority"], "Plans": [{"Node Type": "Nested Loop", "Parent Relationship": "Outer", "Join Type": "Inner", "Startup Cost": 168699.14, "Total Cost": 35179701.31, "Plan Rows": 3559247, "Plan Width": 36, "Inner Unique": false, "Plans": [{"Node Type": "Nested Loop", "Parent Relationship": "Outer", "Join Type": "Inner", "Startup Cost": 168698.69, "Total Cost": 31865463.0, "Plan Rows": 715772, "Plan Width": 20, "Inner Unique": true, "Plans": [{"Node Type": "Bitmap Heap Scan", "Parent Relationship": "Outer", "Relation Name": "orders", "Alias": "orders", "Startup Cost": 168698.43, "Total Cost": 536495.14, "Plan Rows": 7310217, "Plan Width": 28, "Recheck Cond": "(o_orderdate < '1995-03-13 00:00:00'::timestamp(0) without time zone), (LLVM Optimized)", "Plans": [{"Node Type": "Bitmap Index Scan", "Parent Relationship": "Outer", "Index Name": "idx_orders_orderdate", "Startup Cost": 0.0, "Total Cost": 166870.88, "Plan Rows": 7310217, "Plan Width": 0, "Index Cond": "(o_orderdate < '1995-03-13 00:00:00'::timestamp(0) without time zone)"}]}, {"Node Type": "Bitmap Heap Scan", "Parent Relationship": "Inner", "Relation Name": "customer", "Alias": "customer", "Startup Cost": 0.26, "Total Cost": 4.28, "Plan Rows": 1, "Plan Width": 8, "Recheck Cond": "(c_custkey = orders.o_custkey)", "Filter": "(c_mktsegment = 'AUTOMOBILE'::bpchar)", "Plans": [{"Node Type": "Bitmap Index Scan", "Parent Relationship": "Outer", "Index Name": "customer_pkey", "Startup Cost": 0.0, "Total Cost": 0.26, "Plan Rows": 1, "Plan Width": 0, "Index Cond": "(c_custkey = orders.o_custkey)"}]}]}, {"Node Type": "Bitmap Heap Scan", "Parent Relationship": "Inner", "Relation Name": "lineitem", "Alias": "lineitem", "Startup Cost": 0.45, "Total Cost": 4.58, "Plan Rows": 5, "Plan Width": 24, "Recheck Cond": "(l_orderkey = orders.o_orderkey)", "Filter": "(l_shipdate > '1995-03-13 00:00:00'::timestamp(0) without time zone)", "Plans": [{"Node Type": "Bitmap Index Scan", "Parent Relationship": "Outer", "Index Name": "idx_lineitem_orderkey", "Startup Cost": 0.0, "Total Cost": 0.44, "Plan Rows": 9, "Plan Width": 0, "Index Cond": "(l_orderkey = orders.o_orderkey)"}]}]}]}]}]}, "Unique SQL Id": 3929762122, "Planner Runtime": 1}, "explain_analyze_plan": null}, "(1, '84')": {"explain_plan": {"Plan": {"Node Type": "Limit", "Startup Cost": 2596753.82, "Total Cost": 2596753.85, "Plan Rows": 10, "Plan Width": 36, "Plans": [{"Node Type": "Sort", "Parent Relationship": "Outer", "Startup Cost": 2596753.82, "Total Cost": 2605651.94, "Plan Rows": 10, "Plan Width": 36, "Sort Key": ["(sum((lineitem.l_extendedprice * (1::double precision - lineitem.l_discount)))) DESC", "orders.o_orderdate"], "Plans": [{"Node Type": "Aggregate", "Strategy": "Hashed", "Parent Relationship": "Outer", "Startup Cost": 2484247.3, "Total Cost": 2519839.77, "Plan Rows": 3559247, "Plan Width": 36, "Group By Key": ["lineitem.l_orderkey", "orders.o_orderdate", "orders.o_shippriority"], "Plans": [{"Node Type": "Nested Loop", "Parent Relationship": "Outer", "Join Type": "Inner", "Startup Cost": 1297333.67, "Total Cost": 2430858.6, "Plan Rows": 3559247, "Plan Width": 36, "Inner Unique": false, "Plans": [{"Node Type": "Merge Join", "Parent Relationship": "Outer", "Join Type": "Inner", "Startup Cost": 1297333.67, "Total Cost": 1426314.26, "Plan Rows": 715772, "Plan Width": 20, "Inner Unique": false, "Merge Cond": "(customer.c_custkey = orders.o_custkey)", "Plans": [{"Node Type": "Index Scan", "Parent Relationship": "Outer", "Scan Direction": "Forward", "Index Name": "customer_pkey", "Relation Name": "customer", "Alias": "customer", "Startup Cost": 0.0, "Total Cost": 84515.36, "Plan Rows": 303948, "Plan Width": 8, "Filter": "(c_mktsegment = 'AUTOMOBILE'::bpchar), (LLVM Optimized)"}, {"Node Type": "Sort", "Parent Relationship": "Inner", "Startup Cost": 1297331.42, "Total Cost": 1315606.97, "Plan Rows": 7310217, "Plan Width": 28, "Sort Key": ["orders.o_custkey"], "Plans": [{"Node Type": "Seq Scan", "Parent Relationship": "Outer", "Relation Name": "orders", "Alias": "orders", "Startup Cost": 386.46, "Total Cost": 463912.49, "Plan Rows": 7310217, "Plan Width": 28, "Filter": "(o_orderdate < '1995-03-13 00:00:00'::timestamp(0) without time zone), (LLVM Optimized)"}]}]}, {"Node Type": "Index Scan", "Parent Relationship": "Inner", "Scan Direction": "Forward", "Index Name": "idx_lineitem_orderkey", "Relation Name": "lineitem", "Alias": "lineitem", "Startup Cost": 0.0, "Total Cost": 1.35, "Plan Rows": 5, "Plan Width": 24, "Index Cond": "(l_orderkey = orders.o_orderkey)", "Filter": "(l_shipdate > '1995-03-13 00:00:00'::timestamp(0) without time zone)"}]}]}]}]}, "Unique SQL Id": 3929762122, "Planner Runtime": 1}, "explain_analyze_plan": {"Plan": {"Node Type": "Limit", "Startup Cost": 2596753.82, "Total Cost": 2596753.85, "Plan Rows": 10, "Plan Width": 36, "Actual Startup Time": 32725.592, "Actual Total Time": 32725.594, "Actual Rows": 10, "Actual Loops": 1, "Plans": [{"Node Type": "Sort", "Parent Relationship": "Outer", "Startup Cost": 2596753.82, "Total Cost": 2605651.94, "Plan Rows": 10, "Plan Width": 36, "Actual Startup Time": 32725.588, "Actual Total Time": 32725.589, "Actual Rows": 10, "Actual Loops": 1, "Sort Key": ["(sum((lineitem.l_extendedprice * (1::double precision - lineitem.l_discount)))) DESC", "orders.o_orderdate"], "Sort Method": "top-N heapsort", "Sort Space Used": 26, "Sort Space Type": "Memory", "Plans": [{"Node Type": "Aggregate", "Strategy": "Hashed", "Parent Relationship": "Outer", "Startup Cost": 2484247.3, "Total Cost": 2519839.77, "Plan Rows": 3559247, "Plan Width": 36, "Actual Startup Time": 32632.763, "Actual Total Time": 32698.205, "Actual Rows": 113719, "Actual Loops": 1, "Group By Key": ["lineitem.l_orderkey", "orders.o_orderdate", "orders.o_shippriority"], "Plans": [{"Node Type": "Nested Loop", "Parent Relationship": "Outer", "Join Type": "Inner", "Startup Cost": 1297333.67, "Total Cost": 2430858.6, "Plan Rows": 3559247, "Plan Width": 36, "Actual Startup Time": 8398.072, "Actual Total Time": 32297.727, "Actual Rows": 300219, "Actual Loops": 1, "Inner Unique": false, "Plans": [{"Node Type": "Merge Join", "Parent Relationship": "Outer", "Join Type": "Inner", "Startup Cost": 1297333.67, "Total Cost": 1426314.26, "Plan Rows": 715772, "Plan Width": 20, "Actual Startup Time": 8397.847, "Actual Total Time": 13321.034, "Actual Rows": 1455173, "Actual Loops": 1, "Inner Unique": false, "Merge Cond": "(customer.c_custkey = orders.o_custkey)", "Plans": [{"Node Type": "Index Scan", "Parent Relationship": "Outer", "Scan Direction": "Forward", "Index Name": "customer_pkey", "Relation Name": "customer", "Alias": "customer", "Startup Cost": 0.0, "Total Cost": 84515.36, "Plan Rows": 303948, "Plan Width": 8, "Actual Startup Time": 0.065, "Actual Total Time": 1235.814, "Actual Rows": 300036, "Actual Loops": 1, "Filter": "(c_mktsegment = 'AUTOMOBILE'::bpchar), (LLVM Optimized, Jit Execute)", "Rows Removed by Filter": 1199964}, {"Node Type": "Sort", "Parent Relationship": "Inner", "Startup Cost": 1297331.42, "Total Cost": 1315606.97, "Plan Rows": 7310217, "Plan Width": 28, "Actual Startup Time": 8397.759, "Actual Total Time": 10665.765, "Actual Rows": 7276927, "Actual Loops": 1, "Sort Key": ["orders.o_custkey"], "Sort Method": "quicksort", "Sort Space Used": 878822, "Sort Space Type": "Memory", "Plans": [{"Node Type": "Seq Scan", "Parent Relationship": "Outer", "Relation Name": "orders", "Alias": "orders", "Startup Cost": 386.46, "Total Cost": 463912.49, "Plan Rows": 7310217, "Plan Width": 28, "Actual Startup Time": 0.039, "Actual Total Time": 5266.222, "Actual Rows": 7276947, "Actual Loops": 1, "Filter": "(o_orderdate < '1995-03-13 00:00:00'::timestamp(0) without time zone), (LLVM Optimized, Jit Execute)", "Rows Removed by Filter": 7723053}]}]}, {"Node Type": "Index Scan", "Parent Relationship": "Inner", "Scan Direction": "Forward", "Index Name": "idx_lineitem_orderkey", "Relation Name": "lineitem", "Alias": "lineitem", "Startup Cost": 0.0, "Total Cost": 1.35, "Plan Rows": 5, "Plan Width": 24, "Actual Startup Time": 17849.344, "Actual Total Time": 18156.174, "Actual Rows": 300219, "Actual Loops": 1455173, "Index Cond": "(l_orderkey = orders.o_orderkey)", "Rows Removed by Index Recheck": 0, "Filter": "(l_shipdate > '1995-03-13 00:00:00'::timestamp(0) without time zone)", "Rows Removed by Filter": 5519788}]}]}]}]}, "Triggers": [], "Planner Runtime": 1.055, "Total Runtime": 32735.185, "Unique SQL Id": 3929762122}}, "(1, '85')": {"explain_plan": {"Plan": {"Node Type": "Limit", "Startup Cost": 2669336.48, "Total Cost": 2669336.5, "Plan Rows": 10, "Plan Width": 36, "Plans": [{"Node Type": "Sort", "Parent Relationship": "Outer", "Startup Cost": 2669336.48, "Total Cost": 2678234.59, "Plan Rows": 10, "Plan Width": 36, "Sort Key": ["(sum((lineitem.l_extendedprice * (1::double precision - lineitem.l_discount)))) DESC", "orders.o_orderdate"], "Plans": [{"Node Type": "Aggregate", "Strategy": "Hashed", "Parent Relationship": "Outer", "Startup Cost": 2556829.96, "Total Cost": 2592422.43, "Plan Rows": 3559247, "Plan Width": 36, "Group By Key": ["lineitem.l_orderkey", "orders.o_orderdate", "orders.o_shippriority"], "Plans": [{"Node Type": "Nested Loop", "Parent Relationship": "Outer", "Join Type": "Inner", "Startup Cost": 1369916.32, "Total Cost": 2503441.25, "Plan Rows": 3559247, "Plan Width": 36, "Inner Unique": false, "Plans": [{"Node Type": "Merge Join", "Parent Relationship": "Outer", "Join Type": "Inner", "Startup Cost": 1369916.32, "Total Cost": 1498896.92, "Plan Rows": 715772, "Plan Width": 20, "Inner Unique": false, "Merge Cond": "(customer.c_custkey = orders.o_custkey)", "Plans": [{"Node Type": "Index Scan", "Parent Relationship": "Outer", "Scan Direction": "Forward", "Index Name": "customer_pkey", "Relation Name": "customer", "Alias": "customer", "Startup Cost": 0.0, "Total Cost": 84515.36, "Plan Rows": 303948, "Plan Width": 8, "Filter": "(c_mktsegment = 'AUTOMOBILE'::bpchar), (LLVM Optimized)"}, {"Node Type": "Sort", "Parent Relationship": "Inner", "Startup Cost": 1369914.08, "Total Cost": 1388189.62, "Plan Rows": 7310217, "Plan Width": 28, "Sort Key": ["orders.o_custkey"], "Plans": [{"Node Type": "Bitmap Heap Scan", "Parent Relationship": "Outer", "Relation Name": "orders", "Alias": "orders", "Startup Cost": 168698.43, "Total Cost": 536495.14, "Plan Rows": 7310217, "Plan Width": 28, "Recheck Cond": "(o_orderdate < '1995-03-13 00:00:00'::timestamp(0) without time zone), (LLVM Optimized)", "Plans": [{"Node Type": "Bitmap Index Scan", "Parent Relationship": "Outer", "Index Name": "idx_orders_orderdate", "Startup Cost": 0.0, "Total Cost": 166870.88, "Plan Rows": 7310217, "Plan Width": 0, "Index Cond": "(o_orderdate < '1995-03-13 00:00:00'::timestamp(0) without time zone)"}]}]}]}, {"Node Type": "Index Scan", "Parent Relationship": "Inner", "Scan Direction": "Forward", "Index Name": "idx_lineitem_orderkey", "Relation Name": "lineitem", "Alias": "lineitem", "Startup Cost": 0.0, "Total Cost": 1.35, "Plan Rows": 5, "Plan Width": 24, "Index Cond": "(l_orderkey = orders.o_orderkey)", "Filter": "(l_shipdate > '1995-03-13 00:00:00'::timestamp(0) without time zone)"}]}]}]}]}, "Unique SQL Id": 3929762122, "Planner Runtime": 1}, "explain_analyze_plan": {"Plan": {"Node Type": "Limit", "Startup Cost": 2669336.48, "Total Cost": 2669336.5, "Plan Rows": 10, "Plan Width": 36, "Actual Startup Time": 31227.134, "Actual Total Time": 31227.137, "Actual Rows": 10, "Actual Loops": 1, "Plans": [{"Node Type": "Sort", "Parent Relationship": "Outer", "Startup Cost": 2669336.48, "Total Cost": 2678234.59, "Plan Rows": 10, "Plan Width": 36, "Actual Startup Time": 31227.129, "Actual Total Time": 31227.131, "Actual Rows": 10, "Actual Loops": 1, "Sort Key": ["(sum((lineitem.l_extendedprice * (1::double precision - lineitem.l_discount)))) DESC", "orders.o_orderdate"], "Sort Method": "top-N heapsort", "Sort Space Used": 26, "Sort Space Type": "Memory", "Plans": [{"Node Type": "Aggregate", "Strategy": "Hashed", "Parent Relationship": "Outer", "Startup Cost": 2556829.96, "Total Cost": 2592422.43, "Plan Rows": 3559247, "Plan Width": 36, "Actual Startup Time": 31117.01, "Actual Total Time": 31199.687, "Actual Rows": 113719, "Actual Loops": 1, "Group By Key": ["lineitem.l_orderkey", "orders.o_orderdate", "orders.o_shippriority"], "Plans": [{"Node Type": "Nested Loop", "Parent Relationship": "Outer", "Join Type": "Inner", "Startup Cost": 1369916.32, "Total Cost": 2503441.25, "Plan Rows": 3559247, "Plan Width": 36, "Actual Startup Time": 9033.28, "Actual Total Time": 30802.099, "Actual Rows": 300219, "Actual Loops": 1, "Inner Unique": false, "Plans": [{"Node Type": "Merge Join", "Parent Relationship": "Outer", "Join Type": "Inner", "Startup Cost": 1369916.32, "Total Cost": 1498896.92, "Plan Rows": 715772, "Plan Width": 20, "Actual Startup Time": 9032.902, "Actual Total Time": 13768.861, "Actual Rows": 1455173, "Actual Loops": 1, "Inner Unique": false, "Merge Cond": "(customer.c_custkey = orders.o_custkey)", "Plans": [{"Node Type": "Index Scan", "Parent Relationship": "Outer", "Scan Direction": "Forward", "Index Name": "customer_pkey", "Relation Name": "customer", "Alias": "customer", "Startup Cost": 0.0, "Total Cost": 84515.36, "Plan Rows": 303948, "Plan Width": 8, "Actual Startup Time": 0.07, "Actual Total Time": 1116.386, "Actual Rows": 300036, "Actual Loops": 1, "Filter": "(c_mktsegment = 'AUTOMOBILE'::bpchar), (LLVM Optimized, Jit Execute)", "Rows Removed by Filter": 1199964}, {"Node Type": "Sort", "Parent Relationship": "Inner", "Startup Cost": 1369914.08, "Total Cost": 1388189.62, "Plan Rows": 7310217, "Plan Width": 28, "Actual Startup Time": 9032.805, "Actual Total Time": 11232.861, "Actual Rows": 7276927, "Actual Loops": 1, "Sort Key": ["orders.o_custkey"], "Sort Method": "quicksort", "Sort Space Used": 878822, "Sort Space Type": "Memory", "Plans": [{"Node Type": "Bitmap Heap Scan", "Parent Relationship": "Outer", "Relation Name": "orders", "Alias": "orders", "Startup Cost": 168698.43, "Total Cost": 536495.14, "Plan Rows": 7310217, "Plan Width": 28, "Actual Startup Time": 1539.777, "Actual Total Time": 5919.325, "Actual Rows": 7276947, "Actual Loops": 1, "Recheck Cond": "(o_orderdate < '1995-03-13 00:00:00'::timestamp(0) without time zone), (LLVM Optimized, Jit Execute)", "Rows Removed by Index Recheck": 0, "Exact Heap Blocks": 276419, "Lossy Heap Blocks": 276419, "Plans": [{"Node Type": "Bitmap Index Scan", "Parent Relationship": "Outer", "Index Name": "idx_orders_orderdate", "Startup Cost": 0.0, "Total Cost": 166870.88, "Plan Rows": 7310217, "Plan Width": 0, "Actual Startup Time": 1454.014, "Actual Total Time": 1454.014, "Actual Rows": 7276947, "Actual Loops": 1, "Index Cond": "(o_orderdate < '1995-03-13 00:00:00'::timestamp(0) without time zone)"}]}]}]}, {"Node Type": "Index Scan", "Parent Relationship": "Inner", "Scan Direction": "Forward", "Index Name": "idx_lineitem_orderkey", "Relation Name": "lineitem", "Alias": "lineitem", "Startup Cost": 0.0, "Total Cost": 1.35, "Plan Rows": 5, "Plan Width": 24, "Actual Startup Time": 15938.011, "Actual Total Time": 16222.391, "Actual Rows": 300219, "Actual Loops": 1455173, "Index Cond": "(l_orderkey = orders.o_orderkey)", "Rows Removed by Index Recheck": 0, "Filter": "(l_shipdate > '1995-03-13 00:00:00'::timestamp(0) without time zone)", "Rows Removed by Filter": 5519788}]}]}]}]}, "Triggers": [], "Planner Runtime": 1.092, "Total Runtime": 31237.578, "Unique SQL Id": 3929762122}}, "(1, '86')": {"explain_plan": {"Plan": {"Node Type": "Limit", "Startup Cost": 4906248.04, "Total Cost": 4906248.06, "Plan Rows": 10, "Plan Width": 36, "Plans": [{"Node Type": "Sort", "Parent Relationship": "Outer", "Startup Cost": 4906248.04, "Total Cost": 4915146.16, "Plan Rows": 10, "Plan Width": 36, "Sort Key": ["(sum((lineitem.l_extendedprice * (1::double precision - lineitem.l_discount)))) DESC", "orders.o_orderdate"], "Plans": [{"Node Type": "Aggregate", "Strategy": "Hashed", "Parent Relationship": "Outer", "Startup Cost": 4793741.52, "Total Cost": 4829333.99, "Plan Rows": 3559247, "Plan Width": 36, "Group By Key": ["lineitem.l_orderkey", "orders.o_orderdate", "orders.o_shippriority"], "Plans": [{"Node Type": "Nested Loop", "Parent Relationship": "Outer", "Join Type": "Inner", "Startup Cost": 1380887.64, "Total Cost": 4740352.82, "Plan Rows": 3559247, "Plan Width": 36, "Inner Unique": false, "Plans": [{"Node Type": "Merge Join", "Parent Relationship": "Outer", "Join Type": "Inner", "Startup Cost": 1380887.19, "Total Cost": 1426114.5, "Plan Rows": 715772, "Plan Width": 20, "Inner Unique": false, "Merge Cond": "(customer.c_custkey = orders.o_custkey)", "Plans": [{"Node Type": "Sort", "Parent Relationship": "Outer", "Startup Cost": 83555.73, "Total Cost": 84315.6, "Plan Rows": 303948, "Plan Width": 8, "Sort Key": ["customer.c_custkey"], "Plans": [{"Node Type": "Seq Scan", "Parent Relationship": "Outer", "Relation Name": "customer", "Alias": "customer", "Startup Cost": 0.0, "Total Cost": 55876.0, "Plan Rows": 303948, "Plan Width": 8, "Filter": "(c_mktsegment = 'AUTOMOBILE'::bpchar), (LLVM Optimized)"}]}, {"Node Type": "Sort", "Parent Relationship": "Inner", "Startup Cost": 1297331.42, "Total Cost": 1315606.97, "Plan Rows": 7310217, "Plan Width": 28, "Sort Key": ["orders.o_custkey"], "Plans": [{"Node Type": "Seq Scan", "Parent Relationship": "Outer", "Relation Name": "orders", "Alias": "orders", "Startup Cost": 386.46, "Total Cost": 463912.49, "Plan Rows": 7310217, "Plan Width": 28, "Filter": "(o_orderdate < '1995-03-13 00:00:00'::timestamp(0) without time zone), (LLVM Optimized)"}]}]}, {"Node Type": "Bitmap Heap Scan", "Parent Relationship": "Inner", "Relation Name": "lineitem", "Alias": "lineitem", "Startup Cost": 0.45, "Total Cost": 4.58, "Plan Rows": 5, "Plan Width": 24, "Recheck Cond": "(l_orderkey = orders.o_orderkey)", "Filter": "(l_shipdate > '1995-03-13 00:00:00'::timestamp(0) without time zone)", "Plans": [{"Node Type": "Bitmap Index Scan", "Parent Relationship": "Outer", "Index Name": "idx_lineitem_orderkey", "Startup Cost": 0.0, "Total Cost": 0.44, "Plan Rows": 9, "Plan Width": 0, "Index Cond": "(l_orderkey = orders.o_orderkey)"}]}]}]}]}]}, "Unique SQL Id": 3929762122, "Planner Runtime": 1}, "explain_analyze_plan": {"Plan": {"Node Type": "Limit", "Startup Cost": 4906248.04, "Total Cost": 4906248.06, "Plan Rows": 10, "Plan Width": 36, "Actual Startup Time": 32088.816, "Actual Total Time": 32088.819, "Actual Rows": 10, "Actual Loops": 1, "Plans": [{"Node Type": "Sort", "Parent Relationship": "Outer", "Startup Cost": 4906248.04, "Total Cost": 4915146.16, "Plan Rows": 10, "Plan Width": 36, "Actual Startup Time": 32088.811, "Actual Total Time": 32088.813, "Actual Rows": 10, "Actual Loops": 1, "Sort Key": ["(sum((lineitem.l_extendedprice * (1::double precision - lineitem.l_discount)))) DESC", "orders.o_orderdate"], "Sort Method": "top-N heapsort", "Sort Space Used": 26, "Sort Space Type": "Memory", "Plans": [{"Node Type": "Aggregate", "Strategy": "Hashed", "Parent Relationship": "Outer", "Startup Cost": 4793741.52, "Total Cost": 4829333.99, "Plan Rows": 3559247, "Plan Width": 36, "Actual Startup Time": 31986.767, "Actual Total Time": 32061.108, "Actual Rows": 113719, "Actual Loops": 1, "Group By Key": ["lineitem.l_orderkey", "orders.o_orderdate", "orders.o_shippriority"], "Plans": [{"Node Type": "Nested Loop", "Parent Relationship": "Outer", "Join Type": "Inner", "Startup Cost": 1380887.64, "Total Cost": 4740352.82, "Plan Rows": 3559247, "Plan Width": 36, "Actual Startup Time": 9087.524, "Actual Total Time": 31630.226, "Actual Rows": 300219, "Actual Loops": 1, "Inner Unique": false, "Plans": [{"Node Type": "Merge Join", "Parent Relationship": "Outer", "Join Type": "Inner", "Startup Cost": 1380887.19, "Total Cost": 1426114.5, "Plan Rows": 715772, "Plan Width": 20, "Actual Startup Time": 9087.272, "Actual Total Time": 12930.135, "Actual Rows": 1455173, "Actual Loops": 1, "Inner Unique": false, "Merge Cond": "(customer.c_custkey = orders.o_custkey)", "Plans": [{"Node Type": "Sort", "Parent Relationship": "Outer", "Startup Cost": 83555.73, "Total Cost": 84315.6, "Plan Rows": 303948, "Plan Width": 8, "Actual Startup Time": 730.149, "Actual Total Time": 769.313, "Actual Rows": 300036, "Actual Loops": 1, "Sort Key": ["customer.c_custkey"], "Sort Method": "quicksort", "Sort Space Used": 31041, "Sort Space Type": "Memory", "Plans": [{"Node Type": "Seq Scan", "Parent Relationship": "Outer", "Relation Name": "customer", "Alias": "customer", "Startup Cost": 0.0, "Total Cost": 55876.0, "Plan Rows": 303948, "Plan Width": 8, "Actual Startup Time": 0.048, "Actual Total Time": 635.139, "Actual Rows": 300036, "Actual Loops": 1, "Filter": "(c_mktsegment = 'AUTOMOBILE'::bpchar), (LLVM Optimized, Jit Execute)", "Rows Removed by Filter": 1199964}]}, {"Node Type": "Sort", "Parent Relationship": "Inner", "Startup Cost": 1297331.42, "Total Cost": 1315606.97, "Plan Rows": 7310217, "Plan Width": 28, "Actual Startup Time": 8357.004, "Actual Total Time": 10682.053, "Actual Rows": 7276927, "Actual Loops": 1, "Sort Key": ["orders.o_custkey"], "Sort Method": "quicksort", "Sort Space Used": 878822, "Sort Space Type": "Memory", "Plans": [{"Node Type": "Seq Scan", "Parent Relationship": "Outer", "Relation Name": "orders", "Alias": "orders", "Startup Cost": 386.46, "Total Cost": 463912.49, "Plan Rows": 7310217, "Plan Width": 28, "Actual Startup Time": 0.031, "Actual Total Time": 5259.947, "Actual Rows": 7276947, "Actual Loops": 1, "Filter": "(o_orderdate < '1995-03-13 00:00:00'::timestamp(0) without time zone), (LLVM Optimized, Jit Execute)", "Rows Removed by Filter": 7723053}]}]}, {"Node Type": "Bitmap Heap Scan", "Parent Relationship": "Inner", "Relation Name": "lineitem", "Alias": "lineitem", "Startup Cost": 0.45, "Total Cost": 4.58, "Plan Rows": 5, "Plan Width": 24, "Actual Startup Time": 16758.06, "Actual Total Time": 16875.501, "Actual Rows": 300219, "Actual Loops": 1455173, "Recheck Cond": "(l_orderkey = orders.o_orderkey)", "Rows Removed by Index Recheck": 0, "Filter": "(l_shipdate > '1995-03-13 00:00:00'::timestamp(0) without time zone)", "Rows Removed by Filter": 5519788, "Exact Heap Blocks": 1558994, "Lossy Heap Blocks": 1558994, "Plans": [{"Node Type": "Bitmap Index Scan", "Parent Relationship": "Outer", "Index Name": "idx_lineitem_orderkey", "Startup Cost": 0.0, "Total Cost": 0.44, "Plan Rows": 9, "Plan Width": 0, "Actual Startup Time": 9545.986, "Actual Total Time": 9545.986, "Actual Rows": 5820007, "Actual Loops": 1455173, "Index Cond": "(l_orderkey = orders.o_orderkey)"}]}]}]}]}]}, "Triggers": [], "Planner Runtime": 1.1, "Total Runtime": 32098.518, "Unique SQL Id": 3929762122}}, "(1, '87')": {"explain_plan": {"Plan": {"Node Type": "Limit", "Startup Cost": 35345596.54, "Total Cost": 35345596.56, "Plan Rows": 10, "Plan Width": 36, "Plans": [{"Node Type": "Sort", "Parent Relationship": "Outer", "Startup Cost": 35345596.54, "Total Cost": 35354494.65, "Plan Rows": 10, "Plan Width": 36, "Sort Key": ["(sum((lineitem.l_extendedprice * (1::double precision - lineitem.l_discount)))) DESC", "orders.o_orderdate"], "Plans": [{"Node Type": "Aggregate", "Strategy": "Hashed", "Parent Relationship": "Outer", "Startup Cost": 35233090.02, "Total Cost": 35268682.49, "Plan Rows": 3559247, "Plan Width": 36, "Group By Key": ["lineitem.l_orderkey", "orders.o_orderdate", "orders.o_shippriority"], "Plans": [{"Node Type": "Nested Loop", "Parent Relationship": "Outer", "Join Type": "Inner", "Startup Cost": 168699.14, "Total Cost": 35179701.31, "Plan Rows": 3559247, "Plan Width": 36, "Inner Unique": false, "Plans": [{"Node Type": "Nested Loop", "Parent Relationship": "Outer", "Join Type": "Inner", "Startup Cost": 168698.69, "Total Cost": 31865463.0, "Plan Rows": 715772, "Plan Width": 20, "Inner Unique": true, "Plans": [{"Node Type": "Bitmap Heap Scan", "Parent Relationship": "Outer", "Relation Name": "orders", "Alias": "orders", "Startup Cost": 168698.43, "Total Cost": 536495.14, "Plan Rows": 7310217, "Plan Width": 28, "Recheck Cond": "(o_orderdate < '1995-03-13 00:00:00'::timestamp(0) without time zone), (LLVM Optimized)", "Plans": [{"Node Type": "Bitmap Index Scan", "Parent Relationship": "Outer", "Index Name": "idx_orders_orderdate", "Startup Cost": 0.0, "Total Cost": 166870.88, "Plan Rows": 7310217, "Plan Width": 0, "Index Cond": "(o_orderdate < '1995-03-13 00:00:00'::timestamp(0) without time zone)"}]}, {"Node Type": "Bitmap Heap Scan", "Parent Relationship": "Inner", "Relation Name": "customer", "Alias": "customer", "Startup Cost": 0.26, "Total Cost": 4.28, "Plan Rows": 1, "Plan Width": 8, "Recheck Cond": "(c_custkey = orders.o_custkey)", "Filter": "(c_mktsegment = 'AUTOMOBILE'::bpchar)", "Plans": [{"Node Type": "Bitmap Index Scan", "Parent Relationship": "Outer", "Index Name": "customer_pkey", "Startup Cost": 0.0, "Total Cost": 0.26, "Plan Rows": 1, "Plan Width": 0, "Index Cond": "(c_custkey = orders.o_custkey)"}]}]}, {"Node Type": "Bitmap Heap Scan", "Parent Relationship": "Inner", "Relation Name": "lineitem", "Alias": "lineitem", "Startup Cost": 0.45, "Total Cost": 4.58, "Plan Rows": 5, "Plan Width": 24, "Recheck Cond": "(l_orderkey = orders.o_orderkey)", "Filter": "(l_shipdate > '1995-03-13 00:00:00'::timestamp(0) without time zone)", "Plans": [{"Node Type": "Bitmap Index Scan", "Parent Relationship": "Outer", "Index Name": "idx_lineitem_orderkey", "Startup Cost": 0.0, "Total Cost": 0.44, "Plan Rows": 9, "Plan Width": 0, "Index Cond": "(l_orderkey = orders.o_orderkey)"}]}]}]}]}]}, "Unique SQL Id": 3929762122, "Planner Runtime": 1}, "explain_analyze_plan": null}, "(1, '88')": {"explain_plan": {"Plan": {"Node Type": "Limit", "Startup Cost": 2596753.82, "Total Cost": 2596753.85, "Plan Rows": 10, "Plan Width": 36, "Plans": [{"Node Type": "Sort", "Parent Relationship": "Outer", "Startup Cost": 2596753.82, "Total Cost": 2605651.94, "Plan Rows": 10, "Plan Width": 36, "Sort Key": ["(sum((lineitem.l_extendedprice * (1::double precision - lineitem.l_discount)))) DESC", "orders.o_orderdate"], "Plans": [{"Node Type": "Aggregate", "Strategy": "Hashed", "Parent Relationship": "Outer", "Startup Cost": 2484247.3, "Total Cost": 2519839.77, "Plan Rows": 3559247, "Plan Width": 36, "Group By Key": ["lineitem.l_orderkey", "orders.o_orderdate", "orders.o_shippriority"], "Plans": [{"Node Type": "Nested Loop", "Parent Relationship": "Outer", "Join Type": "Inner", "Startup Cost": 1297333.67, "Total Cost": 2430858.6, "Plan Rows": 3559247, "Plan Width": 36, "Inner Unique": false, "Plans": [{"Node Type": "Merge Join", "Parent Relationship": "Outer", "Join Type": "Inner", "Startup Cost": 1297333.67, "Total Cost": 1426314.26, "Plan Rows": 715772, "Plan Width": 20, "Inner Unique": false, "Merge Cond": "(customer.c_custkey = orders.o_custkey)", "Plans": [{"Node Type": "Index Scan", "Parent Relationship": "Outer", "Scan Direction": "Forward", "Index Name": "customer_pkey", "Relation Name": "customer", "Alias": "customer", "Startup Cost": 0.0, "Total Cost": 84515.36, "Plan Rows": 303948, "Plan Width": 8, "Filter": "(c_mktsegment = 'AUTOMOBILE'::bpchar), (LLVM Optimized)"}, {"Node Type": "Sort", "Parent Relationship": "Inner", "Startup Cost": 1297331.42, "Total Cost": 1315606.97, "Plan Rows": 7310217, "Plan Width": 28, "Sort Key": ["orders.o_custkey"], "Plans": [{"Node Type": "Seq Scan", "Parent Relationship": "Outer", "Relation Name": "orders", "Alias": "orders", "Startup Cost": 386.46, "Total Cost": 463912.49, "Plan Rows": 7310217, "Plan Width": 28, "Filter": "(o_orderdate < '1995-03-13 00:00:00'::timestamp(0) without time zone), (LLVM Optimized)"}]}]}, {"Node Type": "Index Scan", "Parent Relationship": "Inner", "Scan Direction": "Forward", "Index Name": "idx_lineitem_orderkey", "Relation Name": "lineitem", "Alias": "lineitem", "Startup Cost": 0.0, "Total Cost": 1.35, "Plan Rows": 5, "Plan Width": 24, "Index Cond": "(l_orderkey = orders.o_orderkey)", "Filter": "(l_shipdate > '1995-03-13 00:00:00'::timestamp(0) without time zone)"}]}]}]}]}, "Unique SQL Id": 3929762122, "Planner Runtime": 1}, "explain_analyze_plan": {"Plan": {"Node Type": "Limit", "Startup Cost": 2596753.82, "Total Cost": 2596753.85, "Plan Rows": 10, "Plan Width": 36, "Actual Startup Time": 32725.592, "Actual Total Time": 32725.594, "Actual Rows": 10, "Actual Loops": 1, "Plans": [{"Node Type": "Sort", "Parent Relationship": "Outer", "Startup Cost": 2596753.82, "Total Cost": 2605651.94, "Plan Rows": 10, "Plan Width": 36, "Actual Startup Time": 32725.588, "Actual Total Time": 32725.589, "Actual Rows": 10, "Actual Loops": 1, "Sort Key": ["(sum((lineitem.l_extendedprice * (1::double precision - lineitem.l_discount)))) DESC", "orders.o_orderdate"], "Sort Method": "top-N heapsort", "Sort Space Used": 26, "Sort Space Type": "Memory", "Plans": [{"Node Type": "Aggregate", "Strategy": "Hashed", "Parent Relationship": "Outer", "Startup Cost": 2484247.3, "Total Cost": 2519839.77, "Plan Rows": 3559247, "Plan Width": 36, "Actual Startup Time": 32632.763, "Actual Total Time": 32698.205, "Actual Rows": 113719, "Actual Loops": 1, "Group By Key": ["lineitem.l_orderkey", "orders.o_orderdate", "orders.o_shippriority"], "Plans": [{"Node Type": "Nested Loop", "Parent Relationship": "Outer", "Join Type": "Inner", "Startup Cost": 1297333.67, "Total Cost": 2430858.6, "Plan Rows": 3559247, "Plan Width": 36, "Actual Startup Time": 8398.072, "Actual Total Time": 32297.727, "Actual Rows": 300219, "Actual Loops": 1, "Inner Unique": false, "Plans": [{"Node Type": "Merge Join", "Parent Relationship": "Outer", "Join Type": "Inner", "Startup Cost": 1297333.67, "Total Cost": 1426314.26, "Plan Rows": 715772, "Plan Width": 20, "Actual Startup Time": 8397.847, "Actual Total Time": 13321.034, "Actual Rows": 1455173, "Actual Loops": 1, "Inner Unique": false, "Merge Cond": "(customer.c_custkey = orders.o_custkey)", "Plans": [{"Node Type": "Index Scan", "Parent Relationship": "Outer", "Scan Direction": "Forward", "Index Name": "customer_pkey", "Relation Name": "customer", "Alias": "customer", "Startup Cost": 0.0, "Total Cost": 84515.36, "Plan Rows": 303948, "Plan Width": 8, "Actual Startup Time": 0.065, "Actual Total Time": 1235.814, "Actual Rows": 300036, "Actual Loops": 1, "Filter": "(c_mktsegment = 'AUTOMOBILE'::bpchar), (LLVM Optimized, Jit Execute)", "Rows Removed by Filter": 1199964}, {"Node Type": "Sort", "Parent Relationship": "Inner", "Startup Cost": 1297331.42, "Total Cost": 1315606.97, "Plan Rows": 7310217, "Plan Width": 28, "Actual Startup Time": 8397.759, "Actual Total Time": 10665.765, "Actual Rows": 7276927, "Actual Loops": 1, "Sort Key": ["orders.o_custkey"], "Sort Method": "quicksort", "Sort Space Used": 878822, "Sort Space Type": "Memory", "Plans": [{"Node Type": "Seq Scan", "Parent Relationship": "Outer", "Relation Name": "orders", "Alias": "orders", "Startup Cost": 386.46, "Total Cost": 463912.49, "Plan Rows": 7310217, "Plan Width": 28, "Actual Startup Time": 0.039, "Actual Total Time": 5266.222, "Actual Rows": 7276947, "Actual Loops": 1, "Filter": "(o_orderdate < '1995-03-13 00:00:00'::timestamp(0) without time zone), (LLVM Optimized, Jit Execute)", "Rows Removed by Filter": 7723053}]}]}, {"Node Type": "Index Scan", "Parent Relationship": "Inner", "Scan Direction": "Forward", "Index Name": "idx_lineitem_orderkey", "Relation Name": "lineitem", "Alias": "lineitem", "Startup Cost": 0.0, "Total Cost": 1.35, "Plan Rows": 5, "Plan Width": 24, "Actual Startup Time": 17849.344, "Actual Total Time": 18156.174, "Actual Rows": 300219, "Actual Loops": 1455173, "Index Cond": "(l_orderkey = orders.o_orderkey)", "Rows Removed by Index Recheck": 0, "Filter": "(l_shipdate > '1995-03-13 00:00:00'::timestamp(0) without time zone)", "Rows Removed by Filter": 5519788}]}]}]}]}, "Triggers": [], "Planner Runtime": 1.055, "Total Runtime": 32735.185, "Unique SQL Id": 3929762122}}, "(1, '89')": {"explain_plan": {"Plan": {"Node Type": "Limit", "Startup Cost": 2699912.01, "Total Cost": 2699912.03, "Plan Rows": 10, "Plan Width": 36, "Plans": [{"Node Type": "Sort", "Parent Relationship": "Outer", "Startup Cost": 2699912.01, "Total Cost": 2708810.13, "Plan Rows": 10, "Plan Width": 36, "Sort Key": ["(sum((lineitem.l_extendedprice * (1::double precision - lineitem.l_discount)))) DESC", "orders.o_orderdate"], "Plans": [{"Node Type": "Aggregate", "Strategy": "Hashed", "Parent Relationship": "Outer", "Startup Cost": 2587405.49, "Total Cost": 2622997.96, "Plan Rows": 3559247, "Plan Width": 36, "Group By Key": ["lineitem.l_orderkey", "orders.o_orderdate", "orders.o_shippriority"], "Plans": [{"Node Type": "Nested Loop", "Parent Relationship": "Outer", "Join Type": "Inner", "Startup Cost": 0.0, "Total Cost": 2534016.78, "Plan Rows": 3559247, "Plan Width": 36, "Inner Unique": false, "Plans": [{"Node Type": "Nested Loop", "Parent Relationship": "Outer", "Join Type": "Inner", "Startup Cost": 0.0, "Total Cost": 1529472.45, "Plan Rows": 715772, "Plan Width": 20, "Inner Unique": false, "Plans": [{"Node Type": "Index Scan", "Parent Relationship": "Outer", "Scan Direction": "Forward", "Index Name": "customer_pkey", "Relation Name": "customer", "Alias": "customer", "Startup Cost": 0.0, "Total Cost": 84515.36, "Plan Rows": 303948, "Plan Width": 8, "Filter": "(c_mktsegment = 'AUTOMOBILE'::bpchar), (LLVM Optimized)"}, {"Node Type": "Index Scan", "Parent Relationship": "Inner", "Scan Direction": "Forward", "Index Name": "idx_orders_custkey", "Relation Name": "orders", "Alias": "orders", "Startup Cost": 0.0, "Total Cost": 4.73, "Plan Rows": 2, "Plan Width": 28, "Index Cond": "(o_custkey = customer.c_custkey)", "Filter": "(o_orderdate < '1995-03-13 00:00:00'::timestamp(0) without time zone)"}]}, {"Node Type": "Index Scan", "Parent Relationship": "Inner", "Scan Direction": "Forward", "Index Name": "idx_lineitem_orderkey", "Relation Name": "lineitem", "Alias": "lineitem", "Startup Cost": 0.0, "Total Cost": 1.35, "Plan Rows": 5, "Plan Width": 24, "Index Cond": "(l_orderkey = orders.o_orderkey)", "Filter": "(l_shipdate > '1995-03-13 00:00:00'::timestamp(0) without time zone)"}]}]}]}]}, "Unique SQL Id": 3929762122, "Planner Runtime": 1}, "explain_analyze_plan": {"Plan": {"Node Type": "Limit", "Startup Cost": 2699912.01, "Total Cost": 2699912.03, "Plan Rows": 10, "Plan Width": 36, "Actual Startup Time": 28682.927, "Actual Total Time": 28682.93, "Actual Rows": 10, "Actual Loops": 1, "Plans": [{"Node Type": "Sort", "Parent Relationship": "Outer", "Startup Cost": 2699912.01, "Total Cost": 2708810.13, "Plan Rows": 10, "Plan Width": 36, "Actual Startup Time": 28682.924, "Actual Total Time": 28682.927, "Actual Rows": 10, "Actual Loops": 1, "Sort Key": ["(sum((lineitem.l_extendedprice * (1::double precision - lineitem.l_discount)))) DESC", "orders.o_orderdate"], "Sort Method": "top-N heapsort", "Sort Space Used": 26, "Sort Space Type": "Memory", "Plans": [{"Node Type": "Aggregate", "Strategy": "Hashed", "Parent Relationship": "Outer", "Startup Cost": 2587405.49, "Total Cost": 2622997.96, "Plan Rows": 3559247, "Plan Width": 36, "Actual Startup Time": 28589.273, "Actual Total Time": 28655.673, "Actual Rows": 113719, "Actual Loops": 1, "Group By Key": ["lineitem.l_orderkey", "orders.o_orderdate", "orders.o_shippriority"], "Plans": [{"Node Type": "Nested Loop", "Parent Relationship": "Outer", "Join Type": "Inner", "Startup Cost": 0.0, "Total Cost": 2534016.78, "Plan Rows": 3559247, "Plan Width": 36, "Actual Startup Time": 0.188, "Actual Total Time": 28265.178, "Actual Rows": 300219, "Actual Loops": 1, "Inner Unique": false, "Plans": [{"Node Type": "Nested Loop", "Parent Relationship": "Outer", "Join Type": "Inner", "Startup Cost": 0.0, "Total Cost": 1529472.45, "Plan Rows": 715772, "Plan Width": 20, "Actual Startup Time": 0.091, "Actual Total Time": 10349.336, "Actual Rows": 1455173, "Actual Loops": 1, "Inner Unique": false, "Plans": [{"Node Type": "Index Scan", "Parent Relationship": "Outer", "Scan Direction": "Forward", "Index Name": "customer_pkey", "Relation Name": "customer", "Alias": "customer", "Startup Cost": 0.0, "Total Cost": 84515.36, "Plan Rows": 303948, "Plan Width": 8, "Actual Startup Time": 0.064, "Actual Total Time": 1190.084, "Actual Rows": 300036, "Actual Loops": 1, "Filter": "(c_mktsegment = 'AUTOMOBILE'::bpchar), (LLVM Optimized, Jit Execute)", "Rows Removed by Filter": 1199964}, {"Node Type": "Index Scan", "Parent Relationship": "Inner", "Scan Direction": "Forward", "Index Name": "idx_orders_custkey", "Relation Name": "orders", "Alias": "orders", "Startup Cost": 0.0, "Total Cost": 4.73, "Plan Rows": 2, "Plan Width": 28, "Actual Startup Time": 2137.39, "Actual Total Time": 8636.858, "Actual Rows": 1455173, "Actual Loops": 300036, "Index Cond": "(o_custkey = customer.c_custkey)", "Rows Removed by Index Recheck": 0, "Filter": "(o_orderdate < '1995-03-13 00:00:00'::timestamp(0) without time zone)", "Rows Removed by Filter": 1545367}]}, {"Node Type": "Index Scan", "Parent Relationship": "Inner", "Scan Direction": "Forward", "Index Name": "idx_lineitem_orderkey", "Relation Name": "lineitem", "Alias": "lineitem", "Startup Cost": 0.0, "Total Cost": 1.35, "Plan Rows": 5, "Plan Width": 24, "Actual Startup Time": 16806.131, "Actual Total Time": 17097.677, "Actual Rows": 300219, "Actual Loops": 1455173, "Index Cond": "(l_orderkey = orders.o_orderkey)", "Rows Removed by Index Recheck": 0, "Filter": "(l_shipdate > '1995-03-13 00:00:00'::timestamp(0) without time zone)", "Rows Removed by Filter": 5519788}]}]}]}]}, "Triggers": [], "Planner Runtime": 1.026, "Total Runtime": 28692.282, "Unique SQL Id": 3929762122}}, "(1, '90')": {"explain_plan": {"Plan": {"Node Type": "Limit", "Startup Cost": 8099438.49, "Total Cost": 8099438.52, "Plan Rows": 10, "Plan Width": 36, "Plans": [{"Node Type": "Sort", "Parent Relationship": "Outer", "Startup Cost": 8099438.49, "Total Cost": 8108336.61, "Plan Rows": 10, "Plan Width": 36, "Sort Key": ["(sum((lineitem.l_extendedprice * (1::double precision - lineitem.l_discount)))) DESC", "orders.o_orderdate"], "Plans": [{"Node Type": "Aggregate", "Strategy": "Hashed", "Parent Relationship": "Outer", "Startup Cost": 7986931.98, "Total Cost": 8022524.45, "Plan Rows": 3559247, "Plan Width": 36, "Group By Key": ["lineitem.l_orderkey", "orders.o_orderdate", "orders.o_shippriority"], "Plans": [{"Node Type": "Merge Join", "Parent Relationship": "Outer", "Join Type": "Inner", "Startup Cost": 7731288.7, "Total Cost": 7933543.27, "Plan Rows": 3559247, "Plan Width": 36, "Inner Unique": false, "Merge Cond": "(orders.o_orderkey = lineitem.l_orderkey)", "Plans": [{"Node Type": "Sort", "Parent Relationship": "Outer", "Startup Cost": 1495720.26, "Total Cost": 1497509.69, "Plan Rows": 715772, "Plan Width": 20, "Sort Key": ["orders.o_orderkey"], "Plans": [{"Node Type": "Merge Join", "Parent Relationship": "Outer", "Join Type": "Inner", "Startup Cost": 1380887.19, "Total Cost": 1426114.5, "Plan Rows": 715772, "Plan Width": 20, "Inner Unique": false, "Merge Cond": "(customer.c_custkey = orders.o_custkey)", "Plans": [{"Node Type": "Sort", "Parent Relationship": "Outer", "Startup Cost": 83555.73, "Total Cost": 84315.6, "Plan Rows": 303948, "Plan Width": 8, "Sort Key": ["customer.c_custkey"], "Plans": [{"Node Type": "Seq Scan", "Parent Relationship": "Outer", "Relation Name": "customer", "Alias": "customer", "Startup Cost": 0.0, "Total Cost": 55876.0, "Plan Rows": 303948, "Plan Width": 8, "Filter": "(c_mktsegment = 'AUTOMOBILE'::bpchar), (LLVM Optimized)"}]}, {"Node Type": "Sort", "Parent Relationship": "Inner", "Startup Cost": 1297331.42, "Total Cost": 1315606.97, "Plan Rows": 7310217, "Plan Width": 28, "Sort Key": ["orders.o_custkey"], "Plans": [{"Node Type": "Seq Scan", "Parent Relationship": "Outer", "Relation Name": "orders", "Alias": "orders", "Startup Cost": 386.46, "Total Cost": 463912.49, "Plan Rows": 7310217, "Plan Width": 28, "Filter": "(o_orderdate < '1995-03-13 00:00:00'::timestamp(0) without time zone), (LLVM Optimized)"}]}]}]}, {"Node Type": "Sort", "Parent Relationship": "Inner", "Startup Cost": 6235568.32, "Total Cost": 6317111.33, "Plan Rows": 32617206, "Plan Width": 24, "Sort Key": ["lineitem.l_orderkey"], "Plans": [{"Node Type": "Seq Scan", "Parent Relationship": "Outer", "Relation Name": "lineitem", "Alias": "lineitem", "Startup Cost": 0.0, "Total Cost": 2165082.91, "Plan Rows": 32617206, "Plan Width": 24, "Filter": "(l_shipdate > '1995-03-13 00:00:00'::timestamp(0) without time zone), (LLVM Optimized)"}]}]}]}]}]}, "Unique SQL Id": 3929762122, "Planner Runtime": 1}, "explain_analyze_plan": null}, "(1, '91')": {"explain_plan": {"Plan": {"Node Type": "Limit", "Startup Cost": 3000459122385.72, "Total Cost": 3000459122385.74, "Plan Rows": 10, "Plan Width": 36, "Plans": [{"Node Type": "Sort", "Parent Relationship": "Outer", "Startup Cost": 3000459122385.72, "Total Cost": 3000459131283.84, "Plan Rows": 10, "Plan Width": 36, "Sort Key": ["(sum((lineitem.l_extendedprice * (1::double precision - lineitem.l_discount)))) DESC", "orders.o_orderdate"], "Plans": [{"Node Type": "Aggregate", "Strategy": "Hashed", "Parent Relationship": "Outer", "Startup Cost": 3000459009879.2, "Total Cost": 3000459045471.67, "Plan Rows": 3559247, "Plan Width": 36, "Group By Key": ["lineitem.l_orderkey", "orders.o_orderdate", "orders.o_shippriority"], "Plans": [{"Node Type": "Merge Join", "Parent Relationship": "Outer", "Join Type": "Inner", "Startup Cost": 2010135976480.1, "Total Cost": 3000458956490.5, "Plan Rows": 3559247, "Plan Width": 36, "Inner Unique": false, "Merge Cond": "(orders.o_orderkey = lineitem.l_orderkey)", "Plans": [{"Node Type": "Sort", "Parent Relationship": "Outer", "Startup Cost": 2000135976479.97, "Total Cost": 2000135978269.4, "Plan Rows": 715772, "Plan Width": 20, "Sort Key": ["orders.o_orderkey"], "Plans": [{"Node Type": "Merge Join", "Parent Relationship": "Outer", "Join Type": "Inner", "Startup Cost": 20026057311.18, "Total Cost": 2000135906874.22, "Plan Rows": 715772, "Plan Width": 20, "Inner Unique": false, "Merge Cond": "(customer.c_custkey = orders.o_custkey)", "Plans": [{"Node Type": "Index Scan", "Parent Relationship": "Outer", "Scan Direction": "Forward", "Index Name": "customer_pkey", "Relation Name": "customer", "Alias": "customer", "Startup Cost": 10000000000.0, "Total Cost": 1000008451535.62, "Plan Rows": 303948, "Plan Width": 8, "Filter": "(c_mktsegment = 'AUTOMOBILE'::bpchar), (LLVM Optimized)"}, {"Node Type": "Index Scan", "Parent Relationship": "Inner", "Scan Direction": "Forward", "Index Name": "idx_orders_custkey", "Relation Name": "orders", "Alias": "orders", "Startup Cost": 10000000000.0, "Total Cost": 1000159801398.83, "Plan Rows": 7310217, "Plan Width": 28, "Filter": "(o_orderdate < '1995-03-13 00:00:00'::timestamp(0) without time zone), (LLVM Optimized)"}]}]}, {"Node Type": "Index Scan", "Parent Relationship": "Inner", "Scan Direction": "Forward", "Index Name": "idx_lineitem_orderkey", "Relation Name": "lineitem", "Alias": "lineitem", "Startup Cost": 10000000000.0, "Total Cost": 1000339012132.75, "Plan Rows": 32617206, "Plan Width": 24, "Filter": "(l_shipdate > '1995-03-13 00:00:00'::timestamp(0) without time zone), (LLVM Optimized)"}]}]}]}]}, "Unique SQL Id": 3929762122, "Planner Runtime": 1}, "explain_analyze_plan": null}, "(1, '92')": {"explain_plan": {"Plan": {"Node Type": "Limit", "Startup Cost": 2596753.82, "Total Cost": 2596753.85, "Plan Rows": 10, "Plan Width": 36, "Plans": [{"Node Type": "Sort", "Parent Relationship": "Outer", "Startup Cost": 2596753.82, "Total Cost": 2605651.94, "Plan Rows": 10, "Plan Width": 36, "Sort Key": ["(sum((lineitem.l_extendedprice * (1::double precision - lineitem.l_discount)))) DESC", "orders.o_orderdate"], "Plans": [{"Node Type": "Aggregate", "Strategy": "Hashed", "Parent Relationship": "Outer", "Startup Cost": 2484247.3, "Total Cost": 2519839.77, "Plan Rows": 3559247, "Plan Width": 36, "Group By Key": ["lineitem.l_orderkey", "orders.o_orderdate", "orders.o_shippriority"], "Plans": [{"Node Type": "Nested Loop", "Parent Relationship": "Outer", "Join Type": "Inner", "Startup Cost": 1297333.67, "Total Cost": 2430858.6, "Plan Rows": 3559247, "Plan Width": 36, "Inner Unique": false, "Plans": [{"Node Type": "Merge Join", "Parent Relationship": "Outer", "Join Type": "Inner", "Startup Cost": 1297333.67, "Total Cost": 1426314.26, "Plan Rows": 715772, "Plan Width": 20, "Inner Unique": false, "Merge Cond": "(customer.c_custkey = orders.o_custkey)", "Plans": [{"Node Type": "Index Scan", "Parent Relationship": "Outer", "Scan Direction": "Forward", "Index Name": "customer_pkey", "Relation Name": "customer", "Alias": "customer", "Startup Cost": 0.0, "Total Cost": 84515.36, "Plan Rows": 303948, "Plan Width": 8, "Filter": "(c_mktsegment = 'AUTOMOBILE'::bpchar), (LLVM Optimized)"}, {"Node Type": "Sort", "Parent Relationship": "Inner", "Startup Cost": 1297331.42, "Total Cost": 1315606.97, "Plan Rows": 7310217, "Plan Width": 28, "Sort Key": ["orders.o_custkey"], "Plans": [{"Node Type": "Seq Scan", "Parent Relationship": "Outer", "Relation Name": "orders", "Alias": "orders", "Startup Cost": 386.46, "Total Cost": 463912.49, "Plan Rows": 7310217, "Plan Width": 28, "Filter": "(o_orderdate < '1995-03-13 00:00:00'::timestamp(0) without time zone), (LLVM Optimized)"}]}]}, {"Node Type": "Index Scan", "Parent Relationship": "Inner", "Scan Direction": "Forward", "Index Name": "idx_lineitem_orderkey", "Relation Name": "lineitem", "Alias": "lineitem", "Startup Cost": 0.0, "Total Cost": 1.35, "Plan Rows": 5, "Plan Width": 24, "Index Cond": "(l_orderkey = orders.o_orderkey)", "Filter": "(l_shipdate > '1995-03-13 00:00:00'::timestamp(0) without time zone)"}]}]}]}]}, "Unique SQL Id": 3929762122, "Planner Runtime": 1}, "explain_analyze_plan": {"Plan": {"Node Type": "Limit", "Startup Cost": 2596753.82, "Total Cost": 2596753.85, "Plan Rows": 10, "Plan Width": 36, "Actual Startup Time": 32725.592, "Actual Total Time": 32725.594, "Actual Rows": 10, "Actual Loops": 1, "Plans": [{"Node Type": "Sort", "Parent Relationship": "Outer", "Startup Cost": 2596753.82, "Total Cost": 2605651.94, "Plan Rows": 10, "Plan Width": 36, "Actual Startup Time": 32725.588, "Actual Total Time": 32725.589, "Actual Rows": 10, "Actual Loops": 1, "Sort Key": ["(sum((lineitem.l_extendedprice * (1::double precision - lineitem.l_discount)))) DESC", "orders.o_orderdate"], "Sort Method": "top-N heapsort", "Sort Space Used": 26, "Sort Space Type": "Memory", "Plans": [{"Node Type": "Aggregate", "Strategy": "Hashed", "Parent Relationship": "Outer", "Startup Cost": 2484247.3, "Total Cost": 2519839.77, "Plan Rows": 3559247, "Plan Width": 36, "Actual Startup Time": 32632.763, "Actual Total Time": 32698.205, "Actual Rows": 113719, "Actual Loops": 1, "Group By Key": ["lineitem.l_orderkey", "orders.o_orderdate", "orders.o_shippriority"], "Plans": [{"Node Type": "Nested Loop", "Parent Relationship": "Outer", "Join Type": "Inner", "Startup Cost": 1297333.67, "Total Cost": 2430858.6, "Plan Rows": 3559247, "Plan Width": 36, "Actual Startup Time": 8398.072, "Actual Total Time": 32297.727, "Actual Rows": 300219, "Actual Loops": 1, "Inner Unique": false, "Plans": [{"Node Type": "Merge Join", "Parent Relationship": "Outer", "Join Type": "Inner", "Startup Cost": 1297333.67, "Total Cost": 1426314.26, "Plan Rows": 715772, "Plan Width": 20, "Actual Startup Time": 8397.847, "Actual Total Time": 13321.034, "Actual Rows": 1455173, "Actual Loops": 1, "Inner Unique": false, "Merge Cond": "(customer.c_custkey = orders.o_custkey)", "Plans": [{"Node Type": "Index Scan", "Parent Relationship": "Outer", "Scan Direction": "Forward", "Index Name": "customer_pkey", "Relation Name": "customer", "Alias": "customer", "Startup Cost": 0.0, "Total Cost": 84515.36, "Plan Rows": 303948, "Plan Width": 8, "Actual Startup Time": 0.065, "Actual Total Time": 1235.814, "Actual Rows": 300036, "Actual Loops": 1, "Filter": "(c_mktsegment = 'AUTOMOBILE'::bpchar), (LLVM Optimized, Jit Execute)", "Rows Removed by Filter": 1199964}, {"Node Type": "Sort", "Parent Relationship": "Inner", "Startup Cost": 1297331.42, "Total Cost": 1315606.97, "Plan Rows": 7310217, "Plan Width": 28, "Actual Startup Time": 8397.759, "Actual Total Time": 10665.765, "Actual Rows": 7276927, "Actual Loops": 1, "Sort Key": ["orders.o_custkey"], "Sort Method": "quicksort", "Sort Space Used": 878822, "Sort Space Type": "Memory", "Plans": [{"Node Type": "Seq Scan", "Parent Relationship": "Outer", "Relation Name": "orders", "Alias": "orders", "Startup Cost": 386.46, "Total Cost": 463912.49, "Plan Rows": 7310217, "Plan Width": 28, "Actual Startup Time": 0.039, "Actual Total Time": 5266.222, "Actual Rows": 7276947, "Actual Loops": 1, "Filter": "(o_orderdate < '1995-03-13 00:00:00'::timestamp(0) without time zone), (LLVM Optimized, Jit Execute)", "Rows Removed by Filter": 7723053}]}]}, {"Node Type": "Index Scan", "Parent Relationship": "Inner", "Scan Direction": "Forward", "Index Name": "idx_lineitem_orderkey", "Relation Name": "lineitem", "Alias": "lineitem", "Startup Cost": 0.0, "Total Cost": 1.35, "Plan Rows": 5, "Plan Width": 24, "Actual Startup Time": 17849.344, "Actual Total Time": 18156.174, "Actual Rows": 300219, "Actual Loops": 1455173, "Index Cond": "(l_orderkey = orders.o_orderkey)", "Rows Removed by Index Recheck": 0, "Filter": "(l_shipdate > '1995-03-13 00:00:00'::timestamp(0) without time zone)", "Rows Removed by Filter": 5519788}]}]}]}]}, "Triggers": [], "Planner Runtime": 1.055, "Total Runtime": 32735.185, "Unique SQL Id": 3929762122}}, "(1, '93')": {"explain_plan": {"Plan": {"Node Type": "Limit", "Startup Cost": 2699912.01, "Total Cost": 2699912.03, "Plan Rows": 10, "Plan Width": 36, "Plans": [{"Node Type": "Sort", "Parent Relationship": "Outer", "Startup Cost": 2699912.01, "Total Cost": 2708810.13, "Plan Rows": 10, "Plan Width": 36, "Sort Key": ["(sum((lineitem.l_extendedprice * (1::double precision - lineitem.l_discount)))) DESC", "orders.o_orderdate"], "Plans": [{"Node Type": "Aggregate", "Strategy": "Hashed", "Parent Relationship": "Outer", "Startup Cost": 2587405.49, "Total Cost": 2622997.96, "Plan Rows": 3559247, "Plan Width": 36, "Group By Key": ["lineitem.l_orderkey", "orders.o_orderdate", "orders.o_shippriority"], "Plans": [{"Node Type": "Nested Loop", "Parent Relationship": "Outer", "Join Type": "Inner", "Startup Cost": 0.0, "Total Cost": 2534016.78, "Plan Rows": 3559247, "Plan Width": 36, "Inner Unique": false, "Plans": [{"Node Type": "Nested Loop", "Parent Relationship": "Outer", "Join Type": "Inner", "Startup Cost": 0.0, "Total Cost": 1529472.45, "Plan Rows": 715772, "Plan Width": 20, "Inner Unique": false, "Plans": [{"Node Type": "Index Scan", "Parent Relationship": "Outer", "Scan Direction": "Forward", "Index Name": "customer_pkey", "Relation Name": "customer", "Alias": "customer", "Startup Cost": 0.0, "Total Cost": 84515.36, "Plan Rows": 303948, "Plan Width": 8, "Filter": "(c_mktsegment = 'AUTOMOBILE'::bpchar), (LLVM Optimized)"}, {"Node Type": "Index Scan", "Parent Relationship": "Inner", "Scan Direction": "Forward", "Index Name": "idx_orders_custkey", "Relation Name": "orders", "Alias": "orders", "Startup Cost": 0.0, "Total Cost": 4.73, "Plan Rows": 2, "Plan Width": 28, "Index Cond": "(o_custkey = customer.c_custkey)", "Filter": "(o_orderdate < '1995-03-13 00:00:00'::timestamp(0) without time zone)"}]}, {"Node Type": "Index Scan", "Parent Relationship": "Inner", "Scan Direction": "Forward", "Index Name": "idx_lineitem_orderkey", "Relation Name": "lineitem", "Alias": "lineitem", "Startup Cost": 0.0, "Total Cost": 1.35, "Plan Rows": 5, "Plan Width": 24, "Index Cond": "(l_orderkey = orders.o_orderkey)", "Filter": "(l_shipdate > '1995-03-13 00:00:00'::timestamp(0) without time zone)"}]}]}]}]}, "Unique SQL Id": 3929762122, "Planner Runtime": 1}, "explain_analyze_plan": {"Plan": {"Node Type": "Limit", "Startup Cost": 2699912.01, "Total Cost": 2699912.03, "Plan Rows": 10, "Plan Width": 36, "Actual Startup Time": 28682.927, "Actual Total Time": 28682.93, "Actual Rows": 10, "Actual Loops": 1, "Plans": [{"Node Type": "Sort", "Parent Relationship": "Outer", "Startup Cost": 2699912.01, "Total Cost": 2708810.13, "Plan Rows": 10, "Plan Width": 36, "Actual Startup Time": 28682.924, "Actual Total Time": 28682.927, "Actual Rows": 10, "Actual Loops": 1, "Sort Key": ["(sum((lineitem.l_extendedprice * (1::double precision - lineitem.l_discount)))) DESC", "orders.o_orderdate"], "Sort Method": "top-N heapsort", "Sort Space Used": 26, "Sort Space Type": "Memory", "Plans": [{"Node Type": "Aggregate", "Strategy": "Hashed", "Parent Relationship": "Outer", "Startup Cost": 2587405.49, "Total Cost": 2622997.96, "Plan Rows": 3559247, "Plan Width": 36, "Actual Startup Time": 28589.273, "Actual Total Time": 28655.673, "Actual Rows": 113719, "Actual Loops": 1, "Group By Key": ["lineitem.l_orderkey", "orders.o_orderdate", "orders.o_shippriority"], "Plans": [{"Node Type": "Nested Loop", "Parent Relationship": "Outer", "Join Type": "Inner", "Startup Cost": 0.0, "Total Cost": 2534016.78, "Plan Rows": 3559247, "Plan Width": 36, "Actual Startup Time": 0.188, "Actual Total Time": 28265.178, "Actual Rows": 300219, "Actual Loops": 1, "Inner Unique": false, "Plans": [{"Node Type": "Nested Loop", "Parent Relationship": "Outer", "Join Type": "Inner", "Startup Cost": 0.0, "Total Cost": 1529472.45, "Plan Rows": 715772, "Plan Width": 20, "Actual Startup Time": 0.091, "Actual Total Time": 10349.336, "Actual Rows": 1455173, "Actual Loops": 1, "Inner Unique": false, "Plans": [{"Node Type": "Index Scan", "Parent Relationship": "Outer", "Scan Direction": "Forward", "Index Name": "customer_pkey", "Relation Name": "customer", "Alias": "customer", "Startup Cost": 0.0, "Total Cost": 84515.36, "Plan Rows": 303948, "Plan Width": 8, "Actual Startup Time": 0.064, "Actual Total Time": 1190.084, "Actual Rows": 300036, "Actual Loops": 1, "Filter": "(c_mktsegment = 'AUTOMOBILE'::bpchar), (LLVM Optimized, Jit Execute)", "Rows Removed by Filter": 1199964}, {"Node Type": "Index Scan", "Parent Relationship": "Inner", "Scan Direction": "Forward", "Index Name": "idx_orders_custkey", "Relation Name": "orders", "Alias": "orders", "Startup Cost": 0.0, "Total Cost": 4.73, "Plan Rows": 2, "Plan Width": 28, "Actual Startup Time": 2137.39, "Actual Total Time": 8636.858, "Actual Rows": 1455173, "Actual Loops": 300036, "Index Cond": "(o_custkey = customer.c_custkey)", "Rows Removed by Index Recheck": 0, "Filter": "(o_orderdate < '1995-03-13 00:00:00'::timestamp(0) without time zone)", "Rows Removed by Filter": 1545367}]}, {"Node Type": "Index Scan", "Parent Relationship": "Inner", "Scan Direction": "Forward", "Index Name": "idx_lineitem_orderkey", "Relation Name": "lineitem", "Alias": "lineitem", "Startup Cost": 0.0, "Total Cost": 1.35, "Plan Rows": 5, "Plan Width": 24, "Actual Startup Time": 16806.131, "Actual Total Time": 17097.677, "Actual Rows": 300219, "Actual Loops": 1455173, "Index Cond": "(l_orderkey = orders.o_orderkey)", "Rows Removed by Index Recheck": 0, "Filter": "(l_shipdate > '1995-03-13 00:00:00'::timestamp(0) without time zone)", "Rows Removed by Filter": 5519788}]}]}]}]}, "Triggers": [], "Planner Runtime": 1.026, "Total Runtime": 28692.282, "Unique SQL Id": 3929762122}}, "(1, '94')": {"explain_plan": {"Plan": {"Node Type": "Limit", "Startup Cost": 8099438.49, "Total Cost": 8099438.52, "Plan Rows": 10, "Plan Width": 36, "Plans": [{"Node Type": "Sort", "Parent Relationship": "Outer", "Startup Cost": 8099438.49, "Total Cost": 8108336.61, "Plan Rows": 10, "Plan Width": 36, "Sort Key": ["(sum((lineitem.l_extendedprice * (1::double precision - lineitem.l_discount)))) DESC", "orders.o_orderdate"], "Plans": [{"Node Type": "Aggregate", "Strategy": "Hashed", "Parent Relationship": "Outer", "Startup Cost": 7986931.98, "Total Cost": 8022524.45, "Plan Rows": 3559247, "Plan Width": 36, "Group By Key": ["lineitem.l_orderkey", "orders.o_orderdate", "orders.o_shippriority"], "Plans": [{"Node Type": "Merge Join", "Parent Relationship": "Outer", "Join Type": "Inner", "Startup Cost": 7731288.7, "Total Cost": 7933543.27, "Plan Rows": 3559247, "Plan Width": 36, "Inner Unique": false, "Merge Cond": "(orders.o_orderkey = lineitem.l_orderkey)", "Plans": [{"Node Type": "Sort", "Parent Relationship": "Outer", "Startup Cost": 1495720.26, "Total Cost": 1497509.69, "Plan Rows": 715772, "Plan Width": 20, "Sort Key": ["orders.o_orderkey"], "Plans": [{"Node Type": "Merge Join", "Parent Relationship": "Outer", "Join Type": "Inner", "Startup Cost": 1380887.19, "Total Cost": 1426114.5, "Plan Rows": 715772, "Plan Width": 20, "Inner Unique": false, "Merge Cond": "(customer.c_custkey = orders.o_custkey)", "Plans": [{"Node Type": "Sort", "Parent Relationship": "Outer", "Startup Cost": 83555.73, "Total Cost": 84315.6, "Plan Rows": 303948, "Plan Width": 8, "Sort Key": ["customer.c_custkey"], "Plans": [{"Node Type": "Seq Scan", "Parent Relationship": "Outer", "Relation Name": "customer", "Alias": "customer", "Startup Cost": 0.0, "Total Cost": 55876.0, "Plan Rows": 303948, "Plan Width": 8, "Filter": "(c_mktsegment = 'AUTOMOBILE'::bpchar), (LLVM Optimized)"}]}, {"Node Type": "Sort", "Parent Relationship": "Inner", "Startup Cost": 1297331.42, "Total Cost": 1315606.97, "Plan Rows": 7310217, "Plan Width": 28, "Sort Key": ["orders.o_custkey"], "Plans": [{"Node Type": "Seq Scan", "Parent Relationship": "Outer", "Relation Name": "orders", "Alias": "orders", "Startup Cost": 386.46, "Total Cost": 463912.49, "Plan Rows": 7310217, "Plan Width": 28, "Filter": "(o_orderdate < '1995-03-13 00:00:00'::timestamp(0) without time zone), (LLVM Optimized)"}]}]}]}, {"Node Type": "Sort", "Parent Relationship": "Inner", "Startup Cost": 6235568.32, "Total Cost": 6317111.33, "Plan Rows": 32617206, "Plan Width": 24, "Sort Key": ["lineitem.l_orderkey"], "Plans": [{"Node Type": "Seq Scan", "Parent Relationship": "Outer", "Relation Name": "lineitem", "Alias": "lineitem", "Startup Cost": 0.0, "Total Cost": 2165082.91, "Plan Rows": 32617206, "Plan Width": 24, "Filter": "(l_shipdate > '1995-03-13 00:00:00'::timestamp(0) without time zone), (LLVM Optimized)"}]}]}]}]}]}, "Unique SQL Id": 3929762122, "Planner Runtime": 1}, "explain_analyze_plan": null}, "(1, '95')": {"explain_plan": {"Plan": {"Node Type": "Limit", "Startup Cost": 3000459122385.72, "Total Cost": 3000459122385.74, "Plan Rows": 10, "Plan Width": 36, "Plans": [{"Node Type": "Sort", "Parent Relationship": "Outer", "Startup Cost": 3000459122385.72, "Total Cost": 3000459131283.84, "Plan Rows": 10, "Plan Width": 36, "Sort Key": ["(sum((lineitem.l_extendedprice * (1::double precision - lineitem.l_discount)))) DESC", "orders.o_orderdate"], "Plans": [{"Node Type": "Aggregate", "Strategy": "Hashed", "Parent Relationship": "Outer", "Startup Cost": 3000459009879.2, "Total Cost": 3000459045471.67, "Plan Rows": 3559247, "Plan Width": 36, "Group By Key": ["lineitem.l_orderkey", "orders.o_orderdate", "orders.o_shippriority"], "Plans": [{"Node Type": "Merge Join", "Parent Relationship": "Outer", "Join Type": "Inner", "Startup Cost": 2010135976480.1, "Total Cost": 3000458956490.5, "Plan Rows": 3559247, "Plan Width": 36, "Inner Unique": false, "Merge Cond": "(orders.o_orderkey = lineitem.l_orderkey)", "Plans": [{"Node Type": "Sort", "Parent Relationship": "Outer", "Startup Cost": 2000135976479.97, "Total Cost": 2000135978269.4, "Plan Rows": 715772, "Plan Width": 20, "Sort Key": ["orders.o_orderkey"], "Plans": [{"Node Type": "Merge Join", "Parent Relationship": "Outer", "Join Type": "Inner", "Startup Cost": 20026057311.18, "Total Cost": 2000135906874.22, "Plan Rows": 715772, "Plan Width": 20, "Inner Unique": false, "Merge Cond": "(customer.c_custkey = orders.o_custkey)", "Plans": [{"Node Type": "Index Scan", "Parent Relationship": "Outer", "Scan Direction": "Forward", "Index Name": "customer_pkey", "Relation Name": "customer", "Alias": "customer", "Startup Cost": 10000000000.0, "Total Cost": 1000008451535.62, "Plan Rows": 303948, "Plan Width": 8, "Filter": "(c_mktsegment = 'AUTOMOBILE'::bpchar), (LLVM Optimized)"}, {"Node Type": "Index Scan", "Parent Relationship": "Inner", "Scan Direction": "Forward", "Index Name": "idx_orders_custkey", "Relation Name": "orders", "Alias": "orders", "Startup Cost": 10000000000.0, "Total Cost": 1000159801398.83, "Plan Rows": 7310217, "Plan Width": 28, "Filter": "(o_orderdate < '1995-03-13 00:00:00'::timestamp(0) without time zone), (LLVM Optimized)"}]}]}, {"Node Type": "Index Scan", "Parent Relationship": "Inner", "Scan Direction": "Forward", "Index Name": "idx_lineitem_orderkey", "Relation Name": "lineitem", "Alias": "lineitem", "Startup Cost": 10000000000.0, "Total Cost": 1000339012132.75, "Plan Rows": 32617206, "Plan Width": 24, "Filter": "(l_shipdate > '1995-03-13 00:00:00'::timestamp(0) without time zone), (LLVM Optimized)"}]}]}]}]}, "Unique SQL Id": 3929762122, "Planner Runtime": 1}, "explain_analyze_plan": null}, "(1, '96')": {"explain_plan": {"Plan": {"Node Type": "Limit", "Startup Cost": 1728598.43, "Total Cost": 1728598.46, "Plan Rows": 10, "Plan Width": 36, "Plans": [{"Node Type": "Sort", "Parent Relationship": "Outer", "Startup Cost": 1728598.43, "Total Cost": 1737496.55, "Plan Rows": 10, "Plan Width": 36, "Sort Key": ["(sum((lineitem.l_extendedprice * (1::double precision - lineitem.l_discount)))) DESC", "orders.o_orderdate"], "Plans": [{"Node Type": "Aggregate", "Strategy": "Hashed", "Parent Relationship": "Outer", "Startup Cost": 1616091.91, "Total Cost": 1651684.38, "Plan Rows": 3559247, "Plan Width": 36, "Group By Key": ["lineitem.l_orderkey", "orders.o_orderdate", "orders.o_shippriority"], "Plans": [{"Node Type": "Nested Loop", "Parent Relationship": "Outer", "Join Type": "Inner", "Startup Cost": 60061.81, "Total Cost": 1562703.21, "Plan Rows": 3559247, "Plan Width": 36, "Inner Unique": false, "Plans": [{"Node Type": "Hash Join", "Parent Relationship": "Outer", "Join Type": "Inner", "Startup Cost": 60061.81, "Total Cost": 558158.87, "Plan Rows": 715772, "Plan Width": 20, "Inner Unique": true, "Hash Cond": "(orders.o_custkey = customer.c_custkey), (LLVM Optimized)", "Plans": [{"Node Type": "Seq Scan", "Parent Relationship": "Outer", "Relation Name": "orders", "Alias": "orders", "Startup Cost": 386.46, "Total Cost": 463912.49, "Plan Rows": 7310217, "Plan Width": 28, "Filter": "(o_orderdate < '1995-03-13 00:00:00'::timestamp(0) without time zone), (LLVM Optimized)"}, {"Node Type": "Hash", "Parent Relationship": "Inner", "Startup Cost": 55876.0, "Total Cost": 55876.0, "Plan Rows": 303948, "Plan Width": 8, "Plans": [{"Node Type": "Seq Scan", "Parent Relationship": "Outer", "Relation Name": "customer", "Alias": "customer", "Startup Cost": 0.0, "Total Cost": 55876.0, "Plan Rows": 303948, "Plan Width": 8, "Filter": "(c_mktsegment = 'AUTOMOBILE'::bpchar), (LLVM Optimized)"}]}]}, {"Node Type": "Index Scan", "Parent Relationship": "Inner", "Scan Direction": "Forward", "Index Name": "idx_lineitem_orderkey", "Relation Name": "lineitem", "Alias": "lineitem", "Startup Cost": 0.0, "Total Cost": 1.35, "Plan Rows": 5, "Plan Width": 24, "Index Cond": "(l_orderkey = orders.o_orderkey)", "Filter": "(l_shipdate > '1995-03-13 00:00:00'::timestamp(0) without time zone)"}]}]}]}]}, "Unique SQL Id": 3929762122, "Planner Runtime": 0}, "explain_analyze_plan": {"Plan": {"Node Type": "Limit", "Startup Cost": 1728598.43, "Total Cost": 1728598.46, "Plan Rows": 10, "Plan Width": 36, "Actual Startup Time": 21120.337, "Actual Total Time": 21120.34, "Actual Rows": 10, "Actual Loops": 1, "Plans": [{"Node Type": "Sort", "Parent Relationship": "Outer", "Startup Cost": 1728598.43, "Total Cost": 1737496.55, "Plan Rows": 10, "Plan Width": 36, "Actual Startup Time": 21120.334, "Actual Total Time": 21120.335, "Actual Rows": 10, "Actual Loops": 1, "Sort Key": ["(sum((lineitem.l_extendedprice * (1::double precision - lineitem.l_discount)))) DESC", "orders.o_orderdate"], "Sort Method": "top-N heapsort", "Sort Space Used": 26, "Sort Space Type": "Memory", "Plans": [{"Node Type": "Aggregate", "Strategy": "Hashed", "Parent Relationship": "Outer", "Startup Cost": 1616091.91, "Total Cost": 1651684.38, "Plan Rows": 3559247, "Plan Width": 36, "Actual Startup Time": 21032.242, "Actual Total Time": 21092.975, "Actual Rows": 113719, "Actual Loops": 1, "Group By Key": ["lineitem.l_orderkey", "orders.o_orderdate", "orders.o_shippriority"], "Plans": [{"Node Type": "Nested Loop", "Parent Relationship": "Outer", "Join Type": "Inner", "Startup Cost": 60061.81, "Total Cost": 1562703.21, "Plan Rows": 3559247, "Plan Width": 36, "Actual Startup Time": 739.304, "Actual Total Time": 20734.32, "Actual Rows": 300219, "Actual Loops": 1, "Inner Unique": false, "Plans": [{"Node Type": "Hash Join", "Parent Relationship": "Outer", "Join Type": "Inner", "Startup Cost": 60061.81, "Total Cost": 558158.87, "Plan Rows": 715772, "Plan Width": 20, "Actual Startup Time": 739.077, "Actual Total Time": 8940.97, "Actual Rows": 1455173, "Actual Loops": 1, "Inner Unique": true, "Hash Cond": "(orders.o_custkey = customer.c_custkey), (LLVM Optimized, Jit Execute)", "Plans": [{"Node Type": "Seq Scan", "Parent Relationship": "Outer", "Relation Name": "orders", "Alias": "orders", "Startup Cost": 386.46, "Total Cost": 463912.49, "Plan Rows": 7310217, "Plan Width": 28, "Actual Startup Time": 0.056, "Actual Total Time": 4941.534, "Actual Rows": 7276947, "Actual Loops": 1, "Filter": "(o_orderdate < '1995-03-13 00:00:00'::timestamp(0) without time zone), (LLVM Optimized, Jit Execute)", "Rows Removed by Filter": 7723053}, {"Node Type": "Hash", "Parent Relationship": "Inner", "Startup Cost": 55876.0, "Total Cost": 55876.0, "Plan Rows": 303948, "Plan Width": 8, "Actual Startup Time": 738.343, "Actual Total Time": 738.343, "Actual Rows": 300036, "Actual Loops": 1, "Hash Buckets": 524288, "Hash Batches": 1, "Original Hash Batches": 1, "Peak Memory Usage": 11721, "Plans": [{"Node Type": "Seq Scan", "Parent Relationship": "Outer", "Relation Name": "customer", "Alias": "customer", "Startup Cost": 0.0, "Total Cost": 55876.0, "Plan Rows": 303948, "Plan Width": 8, "Actual Startup Time": 0.021, "Actual Total Time": 643.423, "Actual Rows": 300036, "Actual Loops": 1, "Filter": "(c_mktsegment = 'AUTOMOBILE'::bpchar), (LLVM Optimized, Jit Execute)", "Rows Removed by Filter": 1199964}]}]}, {"Node Type": "Index Scan", "Parent Relationship": "Inner", "Scan Direction": "Forward", "Index Name": "idx_lineitem_orderkey", "Relation Name": "lineitem", "Alias": "lineitem", "Startup Cost": 0.0, "Total Cost": 1.35, "Plan Rows": 5, "Plan Width": 24, "Actual Startup Time": 10703.081, "Actual Total Time": 10988.174, "Actual Rows": 300219, "Actual Loops": 1455173, "Index Cond": "(l_orderkey = orders.o_orderkey)", "Rows Removed by Index Recheck": 0, "Filter": "(l_shipdate > '1995-03-13 00:00:00'::timestamp(0) without time zone)", "Rows Removed by Filter": 5519788}]}]}]}]}, "Triggers": [], "Planner Runtime": 1.233, "Total Runtime": 21130.306, "Unique SQL Id": 3929762122}}, "(1, '97')": {"explain_plan": {"Plan": {"Node Type": "Limit", "Startup Cost": 1829820.45, "Total Cost": 1829820.47, "Plan Rows": 10, "Plan Width": 36, "Plans": [{"Node Type": "Sort", "Parent Relationship": "Outer", "Startup Cost": 1829820.45, "Total Cost": 1838718.56, "Plan Rows": 10, "Plan Width": 36, "Sort Key": ["(sum((lineitem.l_extendedprice * (1::double precision - lineitem.l_discount)))) DESC", "orders.o_orderdate"], "Plans": [{"Node Type": "Aggregate", "Strategy": "Hashed", "Parent Relationship": "Outer", "Startup Cost": 1717313.93, "Total Cost": 1752906.4, "Plan Rows": 3559247, "Plan Width": 36, "Group By Key": ["lineitem.l_orderkey", "orders.o_orderdate", "orders.o_shippriority"], "Plans": [{"Node Type": "Nested Loop", "Parent Relationship": "Outer", "Join Type": "Inner", "Startup Cost": 257013.14, "Total Cost": 1663925.22, "Plan Rows": 3559247, "Plan Width": 36, "Inner Unique": false, "Plans": [{"Node Type": "Hash Join", "Parent Relationship": "Outer", "Join Type": "Inner", "Startup Cost": 257013.14, "Total Cost": 659380.88, "Plan Rows": 715772, "Plan Width": 20, "Inner Unique": true, "Hash Cond": "(orders.o_custkey = customer.c_custkey), (LLVM Optimized)", "Plans": [{"Node Type": "Bitmap Heap Scan", "Parent Relationship": "Outer", "Relation Name": "orders", "Alias": "orders", "Startup Cost": 168698.43, "Total Cost": 536495.14, "Plan Rows": 7310217, "Plan Width": 28, "Recheck Cond": "(o_orderdate < '1995-03-13 00:00:00'::timestamp(0) without time zone), (LLVM Optimized)", "Plans": [{"Node Type": "Bitmap Index Scan", "Parent Relationship": "Outer", "Index Name": "idx_orders_orderdate", "Startup Cost": 0.0, "Total Cost": 166870.88, "Plan Rows": 7310217, "Plan Width": 0, "Index Cond": "(o_orderdate < '1995-03-13 00:00:00'::timestamp(0) without time zone)"}]}, {"Node Type": "Hash", "Parent Relationship": "Inner", "Startup Cost": 84515.36, "Total Cost": 84515.36, "Plan Rows": 303948, "Plan Width": 8, "Plans": [{"Node Type": "Index Scan", "Parent Relationship": "Outer", "Scan Direction": "Forward", "Index Name": "customer_pkey", "Relation Name": "customer", "Alias": "customer", "Startup Cost": 0.0, "Total Cost": 84515.36, "Plan Rows": 303948, "Plan Width": 8, "Filter": "(c_mktsegment = 'AUTOMOBILE'::bpchar), (LLVM Optimized)"}]}]}, {"Node Type": "Index Scan", "Parent Relationship": "Inner", "Scan Direction": "Forward", "Index Name": "idx_lineitem_orderkey", "Relation Name": "lineitem", "Alias": "lineitem", "Startup Cost": 0.0, "Total Cost": 1.35, "Plan Rows": 5, "Plan Width": 24, "Index Cond": "(l_orderkey = orders.o_orderkey)", "Filter": "(l_shipdate > '1995-03-13 00:00:00'::timestamp(0) without time zone)"}]}]}]}]}, "Unique SQL Id": 3929762122, "Planner Runtime": 0}, "explain_analyze_plan": {"Plan": {"Node Type": "Limit", "Startup Cost": 1829820.45, "Total Cost": 1829820.47, "Plan Rows": 10, "Plan Width": 36, "Actual Startup Time": 22842.596, "Actual Total Time": 22842.599, "Actual Rows": 10, "Actual Loops": 1, "Plans": [{"Node Type": "Sort", "Parent Relationship": "Outer", "Startup Cost": 1829820.45, "Total Cost": 1838718.56, "Plan Rows": 10, "Plan Width": 36, "Actual Startup Time": 22842.593, "Actual Total Time": 22842.595, "Actual Rows": 10, "Actual Loops": 1, "Sort Key": ["(sum((lineitem.l_extendedprice * (1::double precision - lineitem.l_discount)))) DESC", "orders.o_orderdate"], "Sort Method": "top-N heapsort", "Sort Space Used": 26, "Sort Space Type": "Memory", "Plans": [{"Node Type": "Aggregate", "Strategy": "Hashed", "Parent Relationship": "Outer", "Startup Cost": 1717313.93, "Total Cost": 1752906.4, "Plan Rows": 3559247, "Plan Width": 36, "Actual Startup Time": 22737.205, "Actual Total Time": 22815.188, "Actual Rows": 113719, "Actual Loops": 1, "Group By Key": ["lineitem.l_orderkey", "orders.o_orderdate", "orders.o_shippriority"], "Plans": [{"Node Type": "Nested Loop", "Parent Relationship": "Outer", "Join Type": "Inner", "Startup Cost": 257013.14, "Total Cost": 1663925.22, "Plan Rows": 3559247, "Plan Width": 36, "Actual Startup Time": 3356.38, "Actual Total Time": 22441.654, "Actual Rows": 300219, "Actual Loops": 1, "Inner Unique": false, "Plans": [{"Node Type": "Hash Join", "Parent Relationship": "Outer", "Join Type": "Inner", "Startup Cost": 257013.14, "Total Cost": 659380.88, "Plan Rows": 715772, "Plan Width": 20, "Actual Startup Time": 3356.159, "Actual Total Time": 10560.793, "Actual Rows": 1455173, "Actual Loops": 1, "Inner Unique": true, "Hash Cond": "(orders.o_custkey = customer.c_custkey), (LLVM Optimized, Jit Execute)", "Plans": [{"Node Type": "Bitmap Heap Scan", "Parent Relationship": "Outer", "Relation Name": "orders", "Alias": "orders", "Startup Cost": 168698.43, "Total Cost": 536495.14, "Plan Rows": 7310217, "Plan Width": 28, "Actual Startup Time": 1970.259, "Actual Total Time": 5988.433, "Actual Rows": 7276947, "Actual Loops": 1, "Recheck Cond": "(o_orderdate < '1995-03-13 00:00:00'::timestamp(0) without time zone), (LLVM Optimized, Jit Execute)", "Rows Removed by Index Recheck": 0, "Exact Heap Blocks": 276419, "Lossy Heap Blocks": 276419, "Plans": [{"Node Type": "Bitmap Index Scan", "Parent Relationship": "Outer", "Index Name": "idx_orders_orderdate", "Startup Cost": 0.0, "Total Cost": 166870.88, "Plan Rows": 7310217, "Plan Width": 0, "Actual Startup Time": 1875.647, "Actual Total Time": 1875.647, "Actual Rows": 7276947, "Actual Loops": 1, "Index Cond": "(o_orderdate < '1995-03-13 00:00:00'::timestamp(0) without time zone)"}]}, {"Node Type": "Hash", "Parent Relationship": "Inner", "Startup Cost": 84515.36, "Total Cost": 84515.36, "Plan Rows": 303948, "Plan Width": 8, "Actual Startup Time": 1385.528, "Actual Total Time": 1385.528, "Actual Rows": 300036, "Actual Loops": 1, "Hash Buckets": 524288, "Hash Batches": 1, "Original Hash Batches": 1, "Peak Memory Usage": 11721, "Plans": [{"Node Type": "Index Scan", "Parent Relationship": "Outer", "Scan Direction": "Forward", "Index Name": "customer_pkey", "Relation Name": "customer", "Alias": "customer", "Startup Cost": 0.0, "Total Cost": 84515.36, "Plan Rows": 303948, "Plan Width": 8, "Actual Startup Time": 0.066, "Actual Total Time": 1257.479, "Actual Rows": 300036, "Actual Loops": 1, "Filter": "(c_mktsegment = 'AUTOMOBILE'::bpchar), (LLVM Optimized, Jit Execute)", "Rows Removed by Filter": 1199964}]}]}, {"Node Type": "Index Scan", "Parent Relationship": "Inner", "Scan Direction": "Forward", "Index Name": "idx_lineitem_orderkey", "Relation Name": "lineitem", "Alias": "lineitem", "Startup Cost": 0.0, "Total Cost": 1.35, "Plan Rows": 5, "Plan Width": 24, "Actual Startup Time": 10784.11, "Actual Total Time": 11073.459, "Actual Rows": 300219, "Actual Loops": 1455173, "Index Cond": "(l_orderkey = orders.o_orderkey)", "Rows Removed by Index Recheck": 0, "Filter": "(l_shipdate > '1995-03-13 00:00:00'::timestamp(0) without time zone)", "Rows Removed by Filter": 5519788}]}]}]}]}, "Triggers": [], "Planner Runtime": 1.152, "Total Runtime": 22853.179, "Unique SQL Id": 3929762122}}, "(1, '98')": {"explain_plan": {"Plan": {"Node Type": "Limit", "Startup Cost": 3055991.15, "Total Cost": 3055991.17, "Plan Rows": 10, "Plan Width": 36, "Plans": [{"Node Type": "Sort", "Parent Relationship": "Outer", "Startup Cost": 3055991.15, "Total Cost": 3064889.27, "Plan Rows": 10, "Plan Width": 36, "Sort Key": ["(sum((lineitem.l_extendedprice * (1::double precision - lineitem.l_discount)))) DESC", "orders.o_orderdate"], "Plans": [{"Node Type": "Aggregate", "Strategy": "Hashed", "Parent Relationship": "Outer", "Startup Cost": 2943484.63, "Total Cost": 2979077.1, "Plan Rows": 3559247, "Plan Width": 36, "Group By Key": ["lineitem.l_orderkey", "orders.o_orderdate", "orders.o_shippriority"], "Plans": [{"Node Type": "Hash Join", "Parent Relationship": "Outer", "Join Type": "Inner", "Startup Cost": 567106.02, "Total Cost": 2890095.93, "Plan Rows": 3559247, "Plan Width": 36, "Inner Unique": false, "Hash Cond": "(lineitem.l_orderkey = orders.o_orderkey), (LLVM Optimized)", "Plans": [{"Node Type": "Seq Scan", "Parent Relationship": "Outer", "Relation Name": "lineitem", "Alias": "lineitem", "Startup Cost": 0.0, "Total Cost": 2165082.91, "Plan Rows": 32617206, "Plan Width": 24, "Filter": "(l_shipdate > '1995-03-13 00:00:00'::timestamp(0) without time zone), (LLVM Optimized)"}, {"Node Type": "Hash", "Parent Relationship": "Inner", "Startup Cost": 558158.87, "Total Cost": 558158.87, "Plan Rows": 715772, "Plan Width": 20, "Plans": [{"Node Type": "Hash Join", "Parent Relationship": "Outer", "Join Type": "Inner", "Startup Cost": 60061.81, "Total Cost": 558158.87, "Plan Rows": 715772, "Plan Width": 20, "Inner Unique": true, "Hash Cond": "(orders.o_custkey = customer.c_custkey), (LLVM Optimized)", "Plans": [{"Node Type": "Seq Scan", "Parent Relationship": "Outer", "Relation Name": "orders", "Alias": "orders", "Startup Cost": 386.46, "Total Cost": 463912.49, "Plan Rows": 7310217, "Plan Width": 28, "Filter": "(o_orderdate < '1995-03-13 00:00:00'::timestamp(0) without time zone), (LLVM Optimized)"}, {"Node Type": "Hash", "Parent Relationship": "Inner", "Startup Cost": 55876.0, "Total Cost": 55876.0, "Plan Rows": 303948, "Plan Width": 8, "Plans": [{"Node Type": "Seq Scan", "Parent Relationship": "Outer", "Relation Name": "customer", "Alias": "customer", "Startup Cost": 0.0, "Total Cost": 55876.0, "Plan Rows": 303948, "Plan Width": 8, "Filter": "(c_mktsegment = 'AUTOMOBILE'::bpchar), (LLVM Optimized)"}]}]}]}]}]}]}]}, "Unique SQL Id": 3929762122, "Planner Runtime": 0}, "explain_analyze_plan": {"Plan": {"Node Type": "Limit", "Startup Cost": 3055991.15, "Total Cost": 3055991.17, "Plan Rows": 10, "Plan Width": 36, "Actual Startup Time": 39912.957, "Actual Total Time": 39912.961, "Actual Rows": 10, "Actual Loops": 1, "Plans": [{"Node Type": "Sort", "Parent Relationship": "Outer", "Startup Cost": 3055991.15, "Total Cost": 3064889.27, "Plan Rows": 10, "Plan Width": 36, "Actual Startup Time": 39912.953, "Actual Total Time": 39912.956, "Actual Rows": 10, "Actual Loops": 1, "Sort Key": ["(sum((lineitem.l_extendedprice * (1::double precision - lineitem.l_discount)))) DESC", "orders.o_orderdate"], "Sort Method": "top-N heapsort", "Sort Space Used": 26, "Sort Space Type": "Memory", "Plans": [{"Node Type": "Aggregate", "Strategy": "Hashed", "Parent Relationship": "Outer", "Startup Cost": 2943484.63, "Total Cost": 2979077.1, "Plan Rows": 3559247, "Plan Width": 36, "Actual Startup Time": 39821.735, "Actual Total Time": 39885.752, "Actual Rows": 113719, "Actual Loops": 1, "Group By Key": ["lineitem.l_orderkey", "orders.o_orderdate", "orders.o_shippriority"], "Plans": [{"Node Type": "Hash Join", "Parent Relationship": "Outer", "Join Type": "Inner", "Startup Cost": 567106.02, "Total Cost": 2890095.93, "Plan Rows": 3559247, "Plan Width": 36, "Actual Startup Time": 9286.806, "Actual Total Time": 39528.201, "Actual Rows": 300219, "Actual Loops": 1, "Inner Unique": false, "Hash Cond": "(lineitem.l_orderkey = orders.o_orderkey), (LLVM Optimized, Jit Execute)", "Plans": [{"Node Type": "Seq Scan", "Parent Relationship": "Outer", "Relation Name": "lineitem", "Alias": "lineitem", "Startup Cost": 0.0, "Total Cost": 2165082.91, "Plan Rows": 32617206, "Plan Width": 24, "Actual Startup Time": 0.109, "Actual Total Time": 21259.675, "Actual Rows": 32384344, "Actual Loops": 1, "Filter": "(l_shipdate > '1995-03-13 00:00:00'::timestamp(0) without time zone), (LLVM Optimized, Jit Execute)", "Rows Removed by Filter": 27601708}, {"Node Type": "Hash", "Parent Relationship": "Inner", "Startup Cost": 558158.87, "Total Cost": 558158.87, "Plan Rows": 715772, "Plan Width": 20, "Actual Startup Time": 9285.133, "Actual Total Time": 9285.133, "Actual Rows": 1455173, "Actual Loops": 1, "Hash Buckets": 1048576, "Hash Batches": 1, "Original Hash Batches": 1, "Peak Memory Usage": 79580, "Plans": [{"Node Type": "Hash Join", "Parent Relationship": "Outer", "Join Type": "Inner", "Startup Cost": 60061.81, "Total Cost": 558158.87, "Plan Rows": 715772, "Plan Width": 20, "Actual Startup Time": 672.836, "Actual Total Time": 8567.114, "Actual Rows": 1455173, "Actual Loops": 1, "Inner Unique": true, "Hash Cond": "(orders.o_custkey = customer.c_custkey), (LLVM Optimized, Jit Execute)", "Plans": [{"Node Type": "Seq Scan", "Parent Relationship": "Outer", "Relation Name": "orders", "Alias": "orders", "Startup Cost": 386.46, "Total Cost": 463912.49, "Plan Rows": 7310217, "Plan Width": 28, "Actual Startup Time": 0.024, "Actual Total Time": 4947.226, "Actual Rows": 7276947, "Actual Loops": 1, "Filter": "(o_orderdate < '1995-03-13 00:00:00'::timestamp(0) without time zone), (LLVM Optimized, Jit Execute)", "Rows Removed by Filter": 7723053}, {"Node Type": "Hash", "Parent Relationship": "Inner", "Startup Cost": 55876.0, "Total Cost": 55876.0, "Plan Rows": 303948, "Plan Width": 8, "Actual Startup Time": 672.467, "Actual Total Time": 672.467, "Actual Rows": 300036, "Actual Loops": 1, "Hash Buckets": 524288, "Hash Batches": 1, "Original Hash Batches": 1, "Peak Memory Usage": 11721, "Plans": [{"Node Type": "Seq Scan", "Parent Relationship": "Outer", "Relation Name": "customer", "Alias": "customer", "Startup Cost": 0.0, "Total Cost": 55876.0, "Plan Rows": 303948, "Plan Width": 8, "Actual Startup Time": 0.027, "Actual Total Time": 584.45, "Actual Rows": 300036, "Actual Loops": 1, "Filter": "(c_mktsegment = 'AUTOMOBILE'::bpchar), (LLVM Optimized, Jit Execute)", "Rows Removed by Filter": 1199964}]}]}]}]}]}]}]}, "Triggers": [], "Planner Runtime": 1.09, "Total Runtime": 39923.34, "Unique SQL Id": 3929762122}}, "(1, '99')": {"explain_plan": {"Plan": {"Node Type": "Limit", "Startup Cost": 35345596.54, "Total Cost": 35345596.56, "Plan Rows": 10, "Plan Width": 36, "Plans": [{"Node Type": "Sort", "Parent Relationship": "Outer", "Startup Cost": 35345596.54, "Total Cost": 35354494.65, "Plan Rows": 10, "Plan Width": 36, "Sort Key": ["(sum((lineitem.l_extendedprice * (1::double precision - lineitem.l_discount)))) DESC", "orders.o_orderdate"], "Plans": [{"Node Type": "Aggregate", "Strategy": "Hashed", "Parent Relationship": "Outer", "Startup Cost": 35233090.02, "Total Cost": 35268682.49, "Plan Rows": 3559247, "Plan Width": 36, "Group By Key": ["lineitem.l_orderkey", "orders.o_orderdate", "orders.o_shippriority"], "Plans": [{"Node Type": "Nested Loop", "Parent Relationship": "Outer", "Join Type": "Inner", "Startup Cost": 168699.14, "Total Cost": 35179701.31, "Plan Rows": 3559247, "Plan Width": 36, "Inner Unique": false, "Plans": [{"Node Type": "Nested Loop", "Parent Relationship": "Outer", "Join Type": "Inner", "Startup Cost": 168698.69, "Total Cost": 31865463.0, "Plan Rows": 715772, "Plan Width": 20, "Inner Unique": true, "Plans": [{"Node Type": "Bitmap Heap Scan", "Parent Relationship": "Outer", "Relation Name": "orders", "Alias": "orders", "Startup Cost": 168698.43, "Total Cost": 536495.14, "Plan Rows": 7310217, "Plan Width": 28, "Recheck Cond": "(o_orderdate < '1995-03-13 00:00:00'::timestamp(0) without time zone), (LLVM Optimized)", "Plans": [{"Node Type": "Bitmap Index Scan", "Parent Relationship": "Outer", "Index Name": "idx_orders_orderdate", "Startup Cost": 0.0, "Total Cost": 166870.88, "Plan Rows": 7310217, "Plan Width": 0, "Index Cond": "(o_orderdate < '1995-03-13 00:00:00'::timestamp(0) without time zone)"}]}, {"Node Type": "Bitmap Heap Scan", "Parent Relationship": "Inner", "Relation Name": "customer", "Alias": "customer", "Startup Cost": 0.26, "Total Cost": 4.28, "Plan Rows": 1, "Plan Width": 8, "Recheck Cond": "(c_custkey = orders.o_custkey)", "Filter": "(c_mktsegment = 'AUTOMOBILE'::bpchar)", "Plans": [{"Node Type": "Bitmap Index Scan", "Parent Relationship": "Outer", "Index Name": "customer_pkey", "Startup Cost": 0.0, "Total Cost": 0.26, "Plan Rows": 1, "Plan Width": 0, "Index Cond": "(c_custkey = orders.o_custkey)"}]}]}, {"Node Type": "Bitmap Heap Scan", "Parent Relationship": "Inner", "Relation Name": "lineitem", "Alias": "lineitem", "Startup Cost": 0.45, "Total Cost": 4.58, "Plan Rows": 5, "Plan Width": 24, "Recheck Cond": "(l_orderkey = orders.o_orderkey)", "Filter": "(l_shipdate > '1995-03-13 00:00:00'::timestamp(0) without time zone)", "Plans": [{"Node Type": "Bitmap Index Scan", "Parent Relationship": "Outer", "Index Name": "idx_lineitem_orderkey", "Startup Cost": 0.0, "Total Cost": 0.44, "Plan Rows": 9, "Plan Width": 0, "Index Cond": "(l_orderkey = orders.o_orderkey)"}]}]}]}]}]}, "Unique SQL Id": 3929762122, "Planner Runtime": 0}, "explain_analyze_plan": null}, "(1, '100')": {"explain_plan": {"Plan": {"Node Type": "Limit", "Startup Cost": 1728598.43, "Total Cost": 1728598.46, "Plan Rows": 10, "Plan Width": 36, "Plans": [{"Node Type": "Sort", "Parent Relationship": "Outer", "Startup Cost": 1728598.43, "Total Cost": 1737496.55, "Plan Rows": 10, "Plan Width": 36, "Sort Key": ["(sum((lineitem.l_extendedprice * (1::double precision - lineitem.l_discount)))) DESC", "orders.o_orderdate"], "Plans": [{"Node Type": "Aggregate", "Strategy": "Hashed", "Parent Relationship": "Outer", "Startup Cost": 1616091.91, "Total Cost": 1651684.38, "Plan Rows": 3559247, "Plan Width": 36, "Group By Key": ["lineitem.l_orderkey", "orders.o_orderdate", "orders.o_shippriority"], "Plans": [{"Node Type": "Nested Loop", "Parent Relationship": "Outer", "Join Type": "Inner", "Startup Cost": 60061.81, "Total Cost": 1562703.21, "Plan Rows": 3559247, "Plan Width": 36, "Inner Unique": false, "Plans": [{"Node Type": "Hash Join", "Parent Relationship": "Outer", "Join Type": "Inner", "Startup Cost": 60061.81, "Total Cost": 558158.87, "Plan Rows": 715772, "Plan Width": 20, "Inner Unique": true, "Hash Cond": "(orders.o_custkey = customer.c_custkey), (LLVM Optimized)", "Plans": [{"Node Type": "Seq Scan", "Parent Relationship": "Outer", "Relation Name": "orders", "Alias": "orders", "Startup Cost": 386.46, "Total Cost": 463912.49, "Plan Rows": 7310217, "Plan Width": 28, "Filter": "(o_orderdate < '1995-03-13 00:00:00'::timestamp(0) without time zone), (LLVM Optimized)"}, {"Node Type": "Hash", "Parent Relationship": "Inner", "Startup Cost": 55876.0, "Total Cost": 55876.0, "Plan Rows": 303948, "Plan Width": 8, "Plans": [{"Node Type": "Seq Scan", "Parent Relationship": "Outer", "Relation Name": "customer", "Alias": "customer", "Startup Cost": 0.0, "Total Cost": 55876.0, "Plan Rows": 303948, "Plan Width": 8, "Filter": "(c_mktsegment = 'AUTOMOBILE'::bpchar), (LLVM Optimized)"}]}]}, {"Node Type": "Index Scan", "Parent Relationship": "Inner", "Scan Direction": "Forward", "Index Name": "idx_lineitem_orderkey", "Relation Name": "lineitem", "Alias": "lineitem", "Startup Cost": 0.0, "Total Cost": 1.35, "Plan Rows": 5, "Plan Width": 24, "Index Cond": "(l_orderkey = orders.o_orderkey)", "Filter": "(l_shipdate > '1995-03-13 00:00:00'::timestamp(0) without time zone)"}]}]}]}]}, "Unique SQL Id": 3929762122, "Planner Runtime": 0}, "explain_analyze_plan": {"Plan": {"Node Type": "Limit", "Startup Cost": 1728598.43, "Total Cost": 1728598.46, "Plan Rows": 10, "Plan Width": 36, "Actual Startup Time": 21120.337, "Actual Total Time": 21120.34, "Actual Rows": 10, "Actual Loops": 1, "Plans": [{"Node Type": "Sort", "Parent Relationship": "Outer", "Startup Cost": 1728598.43, "Total Cost": 1737496.55, "Plan Rows": 10, "Plan Width": 36, "Actual Startup Time": 21120.334, "Actual Total Time": 21120.335, "Actual Rows": 10, "Actual Loops": 1, "Sort Key": ["(sum((lineitem.l_extendedprice * (1::double precision - lineitem.l_discount)))) DESC", "orders.o_orderdate"], "Sort Method": "top-N heapsort", "Sort Space Used": 26, "Sort Space Type": "Memory", "Plans": [{"Node Type": "Aggregate", "Strategy": "Hashed", "Parent Relationship": "Outer", "Startup Cost": 1616091.91, "Total Cost": 1651684.38, "Plan Rows": 3559247, "Plan Width": 36, "Actual Startup Time": 21032.242, "Actual Total Time": 21092.975, "Actual Rows": 113719, "Actual Loops": 1, "Group By Key": ["lineitem.l_orderkey", "orders.o_orderdate", "orders.o_shippriority"], "Plans": [{"Node Type": "Nested Loop", "Parent Relationship": "Outer", "Join Type": "Inner", "Startup Cost": 60061.81, "Total Cost": 1562703.21, "Plan Rows": 3559247, "Plan Width": 36, "Actual Startup Time": 739.304, "Actual Total Time": 20734.32, "Actual Rows": 300219, "Actual Loops": 1, "Inner Unique": false, "Plans": [{"Node Type": "Hash Join", "Parent Relationship": "Outer", "Join Type": "Inner", "Startup Cost": 60061.81, "Total Cost": 558158.87, "Plan Rows": 715772, "Plan Width": 20, "Actual Startup Time": 739.077, "Actual Total Time": 8940.97, "Actual Rows": 1455173, "Actual Loops": 1, "Inner Unique": true, "Hash Cond": "(orders.o_custkey = customer.c_custkey), (LLVM Optimized, Jit Execute)", "Plans": [{"Node Type": "Seq Scan", "Parent Relationship": "Outer", "Relation Name": "orders", "Alias": "orders", "Startup Cost": 386.46, "Total Cost": 463912.49, "Plan Rows": 7310217, "Plan Width": 28, "Actual Startup Time": 0.056, "Actual Total Time": 4941.534, "Actual Rows": 7276947, "Actual Loops": 1, "Filter": "(o_orderdate < '1995-03-13 00:00:00'::timestamp(0) without time zone), (LLVM Optimized, Jit Execute)", "Rows Removed by Filter": 7723053}, {"Node Type": "Hash", "Parent Relationship": "Inner", "Startup Cost": 55876.0, "Total Cost": 55876.0, "Plan Rows": 303948, "Plan Width": 8, "Actual Startup Time": 738.343, "Actual Total Time": 738.343, "Actual Rows": 300036, "Actual Loops": 1, "Hash Buckets": 524288, "Hash Batches": 1, "Original Hash Batches": 1, "Peak Memory Usage": 11721, "Plans": [{"Node Type": "Seq Scan", "Parent Relationship": "Outer", "Relation Name": "customer", "Alias": "customer", "Startup Cost": 0.0, "Total Cost": 55876.0, "Plan Rows": 303948, "Plan Width": 8, "Actual Startup Time": 0.021, "Actual Total Time": 643.423, "Actual Rows": 300036, "Actual Loops": 1, "Filter": "(c_mktsegment = 'AUTOMOBILE'::bpchar), (LLVM Optimized, Jit Execute)", "Rows Removed by Filter": 1199964}]}]}, {"Node Type": "Index Scan", "Parent Relationship": "Inner", "Scan Direction": "Forward", "Index Name": "idx_lineitem_orderkey", "Relation Name": "lineitem", "Alias": "lineitem", "Startup Cost": 0.0, "Total Cost": 1.35, "Plan Rows": 5, "Plan Width": 24, "Actual Startup Time": 10703.081, "Actual Total Time": 10988.174, "Actual Rows": 300219, "Actual Loops": 1455173, "Index Cond": "(l_orderkey = orders.o_orderkey)", "Rows Removed by Index Recheck": 0, "Filter": "(l_shipdate > '1995-03-13 00:00:00'::timestamp(0) without time zone)", "Rows Removed by Filter": 5519788}]}]}]}]}, "Triggers": [], "Planner Runtime": 1.233, "Total Runtime": 21130.306, "Unique SQL Id": 3929762122}}, "(1, '101')": {"explain_plan": {"Plan": {"Node Type": "Limit", "Startup Cost": 1829820.45, "Total Cost": 1829820.47, "Plan Rows": 10, "Plan Width": 36, "Plans": [{"Node Type": "Sort", "Parent Relationship": "Outer", "Startup Cost": 1829820.45, "Total Cost": 1838718.56, "Plan Rows": 10, "Plan Width": 36, "Sort Key": ["(sum((lineitem.l_extendedprice * (1::double precision - lineitem.l_discount)))) DESC", "orders.o_orderdate"], "Plans": [{"Node Type": "Aggregate", "Strategy": "Hashed", "Parent Relationship": "Outer", "Startup Cost": 1717313.93, "Total Cost": 1752906.4, "Plan Rows": 3559247, "Plan Width": 36, "Group By Key": ["lineitem.l_orderkey", "orders.o_orderdate", "orders.o_shippriority"], "Plans": [{"Node Type": "Nested Loop", "Parent Relationship": "Outer", "Join Type": "Inner", "Startup Cost": 257013.14, "Total Cost": 1663925.22, "Plan Rows": 3559247, "Plan Width": 36, "Inner Unique": false, "Plans": [{"Node Type": "Hash Join", "Parent Relationship": "Outer", "Join Type": "Inner", "Startup Cost": 257013.14, "Total Cost": 659380.88, "Plan Rows": 715772, "Plan Width": 20, "Inner Unique": true, "Hash Cond": "(orders.o_custkey = customer.c_custkey), (LLVM Optimized)", "Plans": [{"Node Type": "Bitmap Heap Scan", "Parent Relationship": "Outer", "Relation Name": "orders", "Alias": "orders", "Startup Cost": 168698.43, "Total Cost": 536495.14, "Plan Rows": 7310217, "Plan Width": 28, "Recheck Cond": "(o_orderdate < '1995-03-13 00:00:00'::timestamp(0) without time zone), (LLVM Optimized)", "Plans": [{"Node Type": "Bitmap Index Scan", "Parent Relationship": "Outer", "Index Name": "idx_orders_orderdate", "Startup Cost": 0.0, "Total Cost": 166870.88, "Plan Rows": 7310217, "Plan Width": 0, "Index Cond": "(o_orderdate < '1995-03-13 00:00:00'::timestamp(0) without time zone)"}]}, {"Node Type": "Hash", "Parent Relationship": "Inner", "Startup Cost": 84515.36, "Total Cost": 84515.36, "Plan Rows": 303948, "Plan Width": 8, "Plans": [{"Node Type": "Index Scan", "Parent Relationship": "Outer", "Scan Direction": "Forward", "Index Name": "customer_pkey", "Relation Name": "customer", "Alias": "customer", "Startup Cost": 0.0, "Total Cost": 84515.36, "Plan Rows": 303948, "Plan Width": 8, "Filter": "(c_mktsegment = 'AUTOMOBILE'::bpchar), (LLVM Optimized)"}]}]}, {"Node Type": "Index Scan", "Parent Relationship": "Inner", "Scan Direction": "Forward", "Index Name": "idx_lineitem_orderkey", "Relation Name": "lineitem", "Alias": "lineitem", "Startup Cost": 0.0, "Total Cost": 1.35, "Plan Rows": 5, "Plan Width": 24, "Index Cond": "(l_orderkey = orders.o_orderkey)", "Filter": "(l_shipdate > '1995-03-13 00:00:00'::timestamp(0) without time zone)"}]}]}]}]}, "Unique SQL Id": 3929762122, "Planner Runtime": 0}, "explain_analyze_plan": {"Plan": {"Node Type": "Limit", "Startup Cost": 1829820.45, "Total Cost": 1829820.47, "Plan Rows": 10, "Plan Width": 36, "Actual Startup Time": 22842.596, "Actual Total Time": 22842.599, "Actual Rows": 10, "Actual Loops": 1, "Plans": [{"Node Type": "Sort", "Parent Relationship": "Outer", "Startup Cost": 1829820.45, "Total Cost": 1838718.56, "Plan Rows": 10, "Plan Width": 36, "Actual Startup Time": 22842.593, "Actual Total Time": 22842.595, "Actual Rows": 10, "Actual Loops": 1, "Sort Key": ["(sum((lineitem.l_extendedprice * (1::double precision - lineitem.l_discount)))) DESC", "orders.o_orderdate"], "Sort Method": "top-N heapsort", "Sort Space Used": 26, "Sort Space Type": "Memory", "Plans": [{"Node Type": "Aggregate", "Strategy": "Hashed", "Parent Relationship": "Outer", "Startup Cost": 1717313.93, "Total Cost": 1752906.4, "Plan Rows": 3559247, "Plan Width": 36, "Actual Startup Time": 22737.205, "Actual Total Time": 22815.188, "Actual Rows": 113719, "Actual Loops": 1, "Group By Key": ["lineitem.l_orderkey", "orders.o_orderdate", "orders.o_shippriority"], "Plans": [{"Node Type": "Nested Loop", "Parent Relationship": "Outer", "Join Type": "Inner", "Startup Cost": 257013.14, "Total Cost": 1663925.22, "Plan Rows": 3559247, "Plan Width": 36, "Actual Startup Time": 3356.38, "Actual Total Time": 22441.654, "Actual Rows": 300219, "Actual Loops": 1, "Inner Unique": false, "Plans": [{"Node Type": "Hash Join", "Parent Relationship": "Outer", "Join Type": "Inner", "Startup Cost": 257013.14, "Total Cost": 659380.88, "Plan Rows": 715772, "Plan Width": 20, "Actual Startup Time": 3356.159, "Actual Total Time": 10560.793, "Actual Rows": 1455173, "Actual Loops": 1, "Inner Unique": true, "Hash Cond": "(orders.o_custkey = customer.c_custkey), (LLVM Optimized, Jit Execute)", "Plans": [{"Node Type": "Bitmap Heap Scan", "Parent Relationship": "Outer", "Relation Name": "orders", "Alias": "orders", "Startup Cost": 168698.43, "Total Cost": 536495.14, "Plan Rows": 7310217, "Plan Width": 28, "Actual Startup Time": 1970.259, "Actual Total Time": 5988.433, "Actual Rows": 7276947, "Actual Loops": 1, "Recheck Cond": "(o_orderdate < '1995-03-13 00:00:00'::timestamp(0) without time zone), (LLVM Optimized, Jit Execute)", "Rows Removed by Index Recheck": 0, "Exact Heap Blocks": 276419, "Lossy Heap Blocks": 276419, "Plans": [{"Node Type": "Bitmap Index Scan", "Parent Relationship": "Outer", "Index Name": "idx_orders_orderdate", "Startup Cost": 0.0, "Total Cost": 166870.88, "Plan Rows": 7310217, "Plan Width": 0, "Actual Startup Time": 1875.647, "Actual Total Time": 1875.647, "Actual Rows": 7276947, "Actual Loops": 1, "Index Cond": "(o_orderdate < '1995-03-13 00:00:00'::timestamp(0) without time zone)"}]}, {"Node Type": "Hash", "Parent Relationship": "Inner", "Startup Cost": 84515.36, "Total Cost": 84515.36, "Plan Rows": 303948, "Plan Width": 8, "Actual Startup Time": 1385.528, "Actual Total Time": 1385.528, "Actual Rows": 300036, "Actual Loops": 1, "Hash Buckets": 524288, "Hash Batches": 1, "Original Hash Batches": 1, "Peak Memory Usage": 11721, "Plans": [{"Node Type": "Index Scan", "Parent Relationship": "Outer", "Scan Direction": "Forward", "Index Name": "customer_pkey", "Relation Name": "customer", "Alias": "customer", "Startup Cost": 0.0, "Total Cost": 84515.36, "Plan Rows": 303948, "Plan Width": 8, "Actual Startup Time": 0.066, "Actual Total Time": 1257.479, "Actual Rows": 300036, "Actual Loops": 1, "Filter": "(c_mktsegment = 'AUTOMOBILE'::bpchar), (LLVM Optimized, Jit Execute)", "Rows Removed by Filter": 1199964}]}]}, {"Node Type": "Index Scan", "Parent Relationship": "Inner", "Scan Direction": "Forward", "Index Name": "idx_lineitem_orderkey", "Relation Name": "lineitem", "Alias": "lineitem", "Startup Cost": 0.0, "Total Cost": 1.35, "Plan Rows": 5, "Plan Width": 24, "Actual Startup Time": 10784.11, "Actual Total Time": 11073.459, "Actual Rows": 300219, "Actual Loops": 1455173, "Index Cond": "(l_orderkey = orders.o_orderkey)", "Rows Removed by Index Recheck": 0, "Filter": "(l_shipdate > '1995-03-13 00:00:00'::timestamp(0) without time zone)", "Rows Removed by Filter": 5519788}]}]}]}]}, "Triggers": [], "Planner Runtime": 1.152, "Total Runtime": 22853.179, "Unique SQL Id": 3929762122}}, "(1, '102')": {"explain_plan": {"Plan": {"Node Type": "Limit", "Startup Cost": 3055991.15, "Total Cost": 3055991.17, "Plan Rows": 10, "Plan Width": 36, "Plans": [{"Node Type": "Sort", "Parent Relationship": "Outer", "Startup Cost": 3055991.15, "Total Cost": 3064889.27, "Plan Rows": 10, "Plan Width": 36, "Sort Key": ["(sum((lineitem.l_extendedprice * (1::double precision - lineitem.l_discount)))) DESC", "orders.o_orderdate"], "Plans": [{"Node Type": "Aggregate", "Strategy": "Hashed", "Parent Relationship": "Outer", "Startup Cost": 2943484.63, "Total Cost": 2979077.1, "Plan Rows": 3559247, "Plan Width": 36, "Group By Key": ["lineitem.l_orderkey", "orders.o_orderdate", "orders.o_shippriority"], "Plans": [{"Node Type": "Hash Join", "Parent Relationship": "Outer", "Join Type": "Inner", "Startup Cost": 567106.02, "Total Cost": 2890095.93, "Plan Rows": 3559247, "Plan Width": 36, "Inner Unique": false, "Hash Cond": "(lineitem.l_orderkey = orders.o_orderkey), (LLVM Optimized)", "Plans": [{"Node Type": "Seq Scan", "Parent Relationship": "Outer", "Relation Name": "lineitem", "Alias": "lineitem", "Startup Cost": 0.0, "Total Cost": 2165082.91, "Plan Rows": 32617206, "Plan Width": 24, "Filter": "(l_shipdate > '1995-03-13 00:00:00'::timestamp(0) without time zone), (LLVM Optimized)"}, {"Node Type": "Hash", "Parent Relationship": "Inner", "Startup Cost": 558158.87, "Total Cost": 558158.87, "Plan Rows": 715772, "Plan Width": 20, "Plans": [{"Node Type": "Hash Join", "Parent Relationship": "Outer", "Join Type": "Inner", "Startup Cost": 60061.81, "Total Cost": 558158.87, "Plan Rows": 715772, "Plan Width": 20, "Inner Unique": true, "Hash Cond": "(orders.o_custkey = customer.c_custkey), (LLVM Optimized)", "Plans": [{"Node Type": "Seq Scan", "Parent Relationship": "Outer", "Relation Name": "orders", "Alias": "orders", "Startup Cost": 386.46, "Total Cost": 463912.49, "Plan Rows": 7310217, "Plan Width": 28, "Filter": "(o_orderdate < '1995-03-13 00:00:00'::timestamp(0) without time zone), (LLVM Optimized)"}, {"Node Type": "Hash", "Parent Relationship": "Inner", "Startup Cost": 55876.0, "Total Cost": 55876.0, "Plan Rows": 303948, "Plan Width": 8, "Plans": [{"Node Type": "Seq Scan", "Parent Relationship": "Outer", "Relation Name": "customer", "Alias": "customer", "Startup Cost": 0.0, "Total Cost": 55876.0, "Plan Rows": 303948, "Plan Width": 8, "Filter": "(c_mktsegment = 'AUTOMOBILE'::bpchar), (LLVM Optimized)"}]}]}]}]}]}]}]}, "Unique SQL Id": 3929762122, "Planner Runtime": 0}, "explain_analyze_plan": {"Plan": {"Node Type": "Limit", "Startup Cost": 3055991.15, "Total Cost": 3055991.17, "Plan Rows": 10, "Plan Width": 36, "Actual Startup Time": 39912.957, "Actual Total Time": 39912.961, "Actual Rows": 10, "Actual Loops": 1, "Plans": [{"Node Type": "Sort", "Parent Relationship": "Outer", "Startup Cost": 3055991.15, "Total Cost": 3064889.27, "Plan Rows": 10, "Plan Width": 36, "Actual Startup Time": 39912.953, "Actual Total Time": 39912.956, "Actual Rows": 10, "Actual Loops": 1, "Sort Key": ["(sum((lineitem.l_extendedprice * (1::double precision - lineitem.l_discount)))) DESC", "orders.o_orderdate"], "Sort Method": "top-N heapsort", "Sort Space Used": 26, "Sort Space Type": "Memory", "Plans": [{"Node Type": "Aggregate", "Strategy": "Hashed", "Parent Relationship": "Outer", "Startup Cost": 2943484.63, "Total Cost": 2979077.1, "Plan Rows": 3559247, "Plan Width": 36, "Actual Startup Time": 39821.735, "Actual Total Time": 39885.752, "Actual Rows": 113719, "Actual Loops": 1, "Group By Key": ["lineitem.l_orderkey", "orders.o_orderdate", "orders.o_shippriority"], "Plans": [{"Node Type": "Hash Join", "Parent Relationship": "Outer", "Join Type": "Inner", "Startup Cost": 567106.02, "Total Cost": 2890095.93, "Plan Rows": 3559247, "Plan Width": 36, "Actual Startup Time": 9286.806, "Actual Total Time": 39528.201, "Actual Rows": 300219, "Actual Loops": 1, "Inner Unique": false, "Hash Cond": "(lineitem.l_orderkey = orders.o_orderkey), (LLVM Optimized, Jit Execute)", "Plans": [{"Node Type": "Seq Scan", "Parent Relationship": "Outer", "Relation Name": "lineitem", "Alias": "lineitem", "Startup Cost": 0.0, "Total Cost": 2165082.91, "Plan Rows": 32617206, "Plan Width": 24, "Actual Startup Time": 0.109, "Actual Total Time": 21259.675, "Actual Rows": 32384344, "Actual Loops": 1, "Filter": "(l_shipdate > '1995-03-13 00:00:00'::timestamp(0) without time zone), (LLVM Optimized, Jit Execute)", "Rows Removed by Filter": 27601708}, {"Node Type": "Hash", "Parent Relationship": "Inner", "Startup Cost": 558158.87, "Total Cost": 558158.87, "Plan Rows": 715772, "Plan Width": 20, "Actual Startup Time": 9285.133, "Actual Total Time": 9285.133, "Actual Rows": 1455173, "Actual Loops": 1, "Hash Buckets": 1048576, "Hash Batches": 1, "Original Hash Batches": 1, "Peak Memory Usage": 79580, "Plans": [{"Node Type": "Hash Join", "Parent Relationship": "Outer", "Join Type": "Inner", "Startup Cost": 60061.81, "Total Cost": 558158.87, "Plan Rows": 715772, "Plan Width": 20, "Actual Startup Time": 672.836, "Actual Total Time": 8567.114, "Actual Rows": 1455173, "Actual Loops": 1, "Inner Unique": true, "Hash Cond": "(orders.o_custkey = customer.c_custkey), (LLVM Optimized, Jit Execute)", "Plans": [{"Node Type": "Seq Scan", "Parent Relationship": "Outer", "Relation Name": "orders", "Alias": "orders", "Startup Cost": 386.46, "Total Cost": 463912.49, "Plan Rows": 7310217, "Plan Width": 28, "Actual Startup Time": 0.024, "Actual Total Time": 4947.226, "Actual Rows": 7276947, "Actual Loops": 1, "Filter": "(o_orderdate < '1995-03-13 00:00:00'::timestamp(0) without time zone), (LLVM Optimized, Jit Execute)", "Rows Removed by Filter": 7723053}, {"Node Type": "Hash", "Parent Relationship": "Inner", "Startup Cost": 55876.0, "Total Cost": 55876.0, "Plan Rows": 303948, "Plan Width": 8, "Actual Startup Time": 672.467, "Actual Total Time": 672.467, "Actual Rows": 300036, "Actual Loops": 1, "Hash Buckets": 524288, "Hash Batches": 1, "Original Hash Batches": 1, "Peak Memory Usage": 11721, "Plans": [{"Node Type": "Seq Scan", "Parent Relationship": "Outer", "Relation Name": "customer", "Alias": "customer", "Startup Cost": 0.0, "Total Cost": 55876.0, "Plan Rows": 303948, "Plan Width": 8, "Actual Startup Time": 0.027, "Actual Total Time": 584.45, "Actual Rows": 300036, "Actual Loops": 1, "Filter": "(c_mktsegment = 'AUTOMOBILE'::bpchar), (LLVM Optimized, Jit Execute)", "Rows Removed by Filter": 1199964}]}]}]}]}]}]}]}, "Triggers": [], "Planner Runtime": 1.09, "Total Runtime": 39923.34, "Unique SQL Id": 3929762122}}, "(1, '103')": {"explain_plan": {"Plan": {"Node Type": "Limit", "Startup Cost": 35345596.54, "Total Cost": 35345596.56, "Plan Rows": 10, "Plan Width": 36, "Plans": [{"Node Type": "Sort", "Parent Relationship": "Outer", "Startup Cost": 35345596.54, "Total Cost": 35354494.65, "Plan Rows": 10, "Plan Width": 36, "Sort Key": ["(sum((lineitem.l_extendedprice * (1::double precision - lineitem.l_discount)))) DESC", "orders.o_orderdate"], "Plans": [{"Node Type": "Aggregate", "Strategy": "Hashed", "Parent Relationship": "Outer", "Startup Cost": 35233090.02, "Total Cost": 35268682.49, "Plan Rows": 3559247, "Plan Width": 36, "Group By Key": ["lineitem.l_orderkey", "orders.o_orderdate", "orders.o_shippriority"], "Plans": [{"Node Type": "Nested Loop", "Parent Relationship": "Outer", "Join Type": "Inner", "Startup Cost": 168699.14, "Total Cost": 35179701.31, "Plan Rows": 3559247, "Plan Width": 36, "Inner Unique": false, "Plans": [{"Node Type": "Nested Loop", "Parent Relationship": "Outer", "Join Type": "Inner", "Startup Cost": 168698.69, "Total Cost": 31865463.0, "Plan Rows": 715772, "Plan Width": 20, "Inner Unique": true, "Plans": [{"Node Type": "Bitmap Heap Scan", "Parent Relationship": "Outer", "Relation Name": "orders", "Alias": "orders", "Startup Cost": 168698.43, "Total Cost": 536495.14, "Plan Rows": 7310217, "Plan Width": 28, "Recheck Cond": "(o_orderdate < '1995-03-13 00:00:00'::timestamp(0) without time zone), (LLVM Optimized)", "Plans": [{"Node Type": "Bitmap Index Scan", "Parent Relationship": "Outer", "Index Name": "idx_orders_orderdate", "Startup Cost": 0.0, "Total Cost": 166870.88, "Plan Rows": 7310217, "Plan Width": 0, "Index Cond": "(o_orderdate < '1995-03-13 00:00:00'::timestamp(0) without time zone)"}]}, {"Node Type": "Bitmap Heap Scan", "Parent Relationship": "Inner", "Relation Name": "customer", "Alias": "customer", "Startup Cost": 0.26, "Total Cost": 4.28, "Plan Rows": 1, "Plan Width": 8, "Recheck Cond": "(c_custkey = orders.o_custkey)", "Filter": "(c_mktsegment = 'AUTOMOBILE'::bpchar)", "Plans": [{"Node Type": "Bitmap Index Scan", "Parent Relationship": "Outer", "Index Name": "customer_pkey", "Startup Cost": 0.0, "Total Cost": 0.26, "Plan Rows": 1, "Plan Width": 0, "Index Cond": "(c_custkey = orders.o_custkey)"}]}]}, {"Node Type": "Bitmap Heap Scan", "Parent Relationship": "Inner", "Relation Name": "lineitem", "Alias": "lineitem", "Startup Cost": 0.45, "Total Cost": 4.58, "Plan Rows": 5, "Plan Width": 24, "Recheck Cond": "(l_orderkey = orders.o_orderkey)", "Filter": "(l_shipdate > '1995-03-13 00:00:00'::timestamp(0) without time zone)", "Plans": [{"Node Type": "Bitmap Index Scan", "Parent Relationship": "Outer", "Index Name": "idx_lineitem_orderkey", "Startup Cost": 0.0, "Total Cost": 0.44, "Plan Rows": 9, "Plan Width": 0, "Index Cond": "(l_orderkey = orders.o_orderkey)"}]}]}]}]}]}, "Unique SQL Id": 3929762122, "Planner Runtime": 0}, "explain_analyze_plan": null}, "(1, '104')": {"explain_plan": {"Plan": {"Node Type": "Limit", "Startup Cost": 1728598.43, "Total Cost": 1728598.46, "Plan Rows": 10, "Plan Width": 36, "Plans": [{"Node Type": "Sort", "Parent Relationship": "Outer", "Startup Cost": 1728598.43, "Total Cost": 1737496.55, "Plan Rows": 10, "Plan Width": 36, "Sort Key": ["(sum((lineitem.l_extendedprice * (1::double precision - lineitem.l_discount)))) DESC", "orders.o_orderdate"], "Plans": [{"Node Type": "Aggregate", "Strategy": "Hashed", "Parent Relationship": "Outer", "Startup Cost": 1616091.91, "Total Cost": 1651684.38, "Plan Rows": 3559247, "Plan Width": 36, "Group By Key": ["lineitem.l_orderkey", "orders.o_orderdate", "orders.o_shippriority"], "Plans": [{"Node Type": "Nested Loop", "Parent Relationship": "Outer", "Join Type": "Inner", "Startup Cost": 60061.81, "Total Cost": 1562703.21, "Plan Rows": 3559247, "Plan Width": 36, "Inner Unique": false, "Plans": [{"Node Type": "Hash Join", "Parent Relationship": "Outer", "Join Type": "Inner", "Startup Cost": 60061.81, "Total Cost": 558158.87, "Plan Rows": 715772, "Plan Width": 20, "Inner Unique": true, "Hash Cond": "(orders.o_custkey = customer.c_custkey), (LLVM Optimized)", "Plans": [{"Node Type": "Seq Scan", "Parent Relationship": "Outer", "Relation Name": "orders", "Alias": "orders", "Startup Cost": 386.46, "Total Cost": 463912.49, "Plan Rows": 7310217, "Plan Width": 28, "Filter": "(o_orderdate < '1995-03-13 00:00:00'::timestamp(0) without time zone), (LLVM Optimized)"}, {"Node Type": "Hash", "Parent Relationship": "Inner", "Startup Cost": 55876.0, "Total Cost": 55876.0, "Plan Rows": 303948, "Plan Width": 8, "Plans": [{"Node Type": "Seq Scan", "Parent Relationship": "Outer", "Relation Name": "customer", "Alias": "customer", "Startup Cost": 0.0, "Total Cost": 55876.0, "Plan Rows": 303948, "Plan Width": 8, "Filter": "(c_mktsegment = 'AUTOMOBILE'::bpchar), (LLVM Optimized)"}]}]}, {"Node Type": "Index Scan", "Parent Relationship": "Inner", "Scan Direction": "Forward", "Index Name": "idx_lineitem_orderkey", "Relation Name": "lineitem", "Alias": "lineitem", "Startup Cost": 0.0, "Total Cost": 1.35, "Plan Rows": 5, "Plan Width": 24, "Index Cond": "(l_orderkey = orders.o_orderkey)", "Filter": "(l_shipdate > '1995-03-13 00:00:00'::timestamp(0) without time zone)"}]}]}]}]}, "Unique SQL Id": 3929762122, "Planner Runtime": 0}, "explain_analyze_plan": {"Plan": {"Node Type": "Limit", "Startup Cost": 1728598.43, "Total Cost": 1728598.46, "Plan Rows": 10, "Plan Width": 36, "Actual Startup Time": 21120.337, "Actual Total Time": 21120.34, "Actual Rows": 10, "Actual Loops": 1, "Plans": [{"Node Type": "Sort", "Parent Relationship": "Outer", "Startup Cost": 1728598.43, "Total Cost": 1737496.55, "Plan Rows": 10, "Plan Width": 36, "Actual Startup Time": 21120.334, "Actual Total Time": 21120.335, "Actual Rows": 10, "Actual Loops": 1, "Sort Key": ["(sum((lineitem.l_extendedprice * (1::double precision - lineitem.l_discount)))) DESC", "orders.o_orderdate"], "Sort Method": "top-N heapsort", "Sort Space Used": 26, "Sort Space Type": "Memory", "Plans": [{"Node Type": "Aggregate", "Strategy": "Hashed", "Parent Relationship": "Outer", "Startup Cost": 1616091.91, "Total Cost": 1651684.38, "Plan Rows": 3559247, "Plan Width": 36, "Actual Startup Time": 21032.242, "Actual Total Time": 21092.975, "Actual Rows": 113719, "Actual Loops": 1, "Group By Key": ["lineitem.l_orderkey", "orders.o_orderdate", "orders.o_shippriority"], "Plans": [{"Node Type": "Nested Loop", "Parent Relationship": "Outer", "Join Type": "Inner", "Startup Cost": 60061.81, "Total Cost": 1562703.21, "Plan Rows": 3559247, "Plan Width": 36, "Actual Startup Time": 739.304, "Actual Total Time": 20734.32, "Actual Rows": 300219, "Actual Loops": 1, "Inner Unique": false, "Plans": [{"Node Type": "Hash Join", "Parent Relationship": "Outer", "Join Type": "Inner", "Startup Cost": 60061.81, "Total Cost": 558158.87, "Plan Rows": 715772, "Plan Width": 20, "Actual Startup Time": 739.077, "Actual Total Time": 8940.97, "Actual Rows": 1455173, "Actual Loops": 1, "Inner Unique": true, "Hash Cond": "(orders.o_custkey = customer.c_custkey), (LLVM Optimized, Jit Execute)", "Plans": [{"Node Type": "Seq Scan", "Parent Relationship": "Outer", "Relation Name": "orders", "Alias": "orders", "Startup Cost": 386.46, "Total Cost": 463912.49, "Plan Rows": 7310217, "Plan Width": 28, "Actual Startup Time": 0.056, "Actual Total Time": 4941.534, "Actual Rows": 7276947, "Actual Loops": 1, "Filter": "(o_orderdate < '1995-03-13 00:00:00'::timestamp(0) without time zone), (LLVM Optimized, Jit Execute)", "Rows Removed by Filter": 7723053}, {"Node Type": "Hash", "Parent Relationship": "Inner", "Startup Cost": 55876.0, "Total Cost": 55876.0, "Plan Rows": 303948, "Plan Width": 8, "Actual Startup Time": 738.343, "Actual Total Time": 738.343, "Actual Rows": 300036, "Actual Loops": 1, "Hash Buckets": 524288, "Hash Batches": 1, "Original Hash Batches": 1, "Peak Memory Usage": 11721, "Plans": [{"Node Type": "Seq Scan", "Parent Relationship": "Outer", "Relation Name": "customer", "Alias": "customer", "Startup Cost": 0.0, "Total Cost": 55876.0, "Plan Rows": 303948, "Plan Width": 8, "Actual Startup Time": 0.021, "Actual Total Time": 643.423, "Actual Rows": 300036, "Actual Loops": 1, "Filter": "(c_mktsegment = 'AUTOMOBILE'::bpchar), (LLVM Optimized, Jit Execute)", "Rows Removed by Filter": 1199964}]}]}, {"Node Type": "Index Scan", "Parent Relationship": "Inner", "Scan Direction": "Forward", "Index Name": "idx_lineitem_orderkey", "Relation Name": "lineitem", "Alias": "lineitem", "Startup Cost": 0.0, "Total Cost": 1.35, "Plan Rows": 5, "Plan Width": 24, "Actual Startup Time": 10703.081, "Actual Total Time": 10988.174, "Actual Rows": 300219, "Actual Loops": 1455173, "Index Cond": "(l_orderkey = orders.o_orderkey)", "Rows Removed by Index Recheck": 0, "Filter": "(l_shipdate > '1995-03-13 00:00:00'::timestamp(0) without time zone)", "Rows Removed by Filter": 5519788}]}]}]}]}, "Triggers": [], "Planner Runtime": 1.233, "Total Runtime": 21130.306, "Unique SQL Id": 3929762122}}, "(1, '105')": {"explain_plan": {"Plan": {"Node Type": "Limit", "Startup Cost": 2061802.43, "Total Cost": 2061802.46, "Plan Rows": 10, "Plan Width": 36, "Plans": [{"Node Type": "Sort", "Parent Relationship": "Outer", "Startup Cost": 2061802.43, "Total Cost": 2070700.55, "Plan Rows": 10, "Plan Width": 36, "Sort Key": ["(sum((lineitem.l_extendedprice * (1::double precision - lineitem.l_discount)))) DESC", "orders.o_orderdate"], "Plans": [{"Node Type": "Aggregate", "Strategy": "Hashed", "Parent Relationship": "Outer", "Startup Cost": 1949295.92, "Total Cost": 1984888.39, "Plan Rows": 3559247, "Plan Width": 36, "Group By Key": ["lineitem.l_orderkey", "orders.o_orderdate", "orders.o_shippriority"], "Plans": [{"Node Type": "Nested Loop", "Parent Relationship": "Outer", "Join Type": "Inner", "Startup Cost": 88314.71, "Total Cost": 1895907.21, "Plan Rows": 3559247, "Plan Width": 36, "Inner Unique": false, "Plans": [{"Node Type": "Hash Join", "Parent Relationship": "Outer", "Join Type": "Inner", "Startup Cost": 88314.71, "Total Cost": 891362.87, "Plan Rows": 715772, "Plan Width": 20, "Inner Unique": true, "Hash Cond": "(orders.o_custkey = customer.c_custkey), (LLVM Optimized)", "Plans": [{"Node Type": "Index Scan", "Parent Relationship": "Outer", "Scan Direction": "Forward", "Index Name": "orders_pkey", "Relation Name": "orders", "Alias": "orders", "Startup Cost": 0.0, "Total Cost": 768477.13, "Plan Rows": 7310217, "Plan Width": 28, "Filter": "(o_orderdate < '1995-03-13 00:00:00'::timestamp(0) without time zone), (LLVM Optimized)"}, {"Node Type": "Hash", "Parent Relationship": "Inner", "Startup Cost": 84515.36, "Total Cost": 84515.36, "Plan Rows": 303948, "Plan Width": 8, "Plans": [{"Node Type": "Index Scan", "Parent Relationship": "Outer", "Scan Direction": "Forward", "Index Name": "customer_pkey", "Relation Name": "customer", "Alias": "customer", "Startup Cost": 0.0, "Total Cost": 84515.36, "Plan Rows": 303948, "Plan Width": 8, "Filter": "(c_mktsegment = 'AUTOMOBILE'::bpchar), (LLVM Optimized)"}]}]}, {"Node Type": "Index Scan", "Parent Relationship": "Inner", "Scan Direction": "Forward", "Index Name": "idx_lineitem_orderkey", "Relation Name": "lineitem", "Alias": "lineitem", "Startup Cost": 0.0, "Total Cost": 1.35, "Plan Rows": 5, "Plan Width": 24, "Index Cond": "(l_orderkey = orders.o_orderkey)", "Filter": "(l_shipdate > '1995-03-13 00:00:00'::timestamp(0) without time zone)"}]}]}]}]}, "Unique SQL Id": 3929762122, "Planner Runtime": 0}, "explain_analyze_plan": {"Plan": {"Node Type": "Limit", "Startup Cost": 2061802.43, "Total Cost": 2061802.46, "Plan Rows": 10, "Plan Width": 36, "Actual Startup Time": 26072.017, "Actual Total Time": 26072.02, "Actual Rows": 10, "Actual Loops": 1, "Plans": [{"Node Type": "Sort", "Parent Relationship": "Outer", "Startup Cost": 2061802.43, "Total Cost": 2070700.55, "Plan Rows": 10, "Plan Width": 36, "Actual Startup Time": 26072.014, "Actual Total Time": 26072.015, "Actual Rows": 10, "Actual Loops": 1, "Sort Key": ["(sum((lineitem.l_extendedprice * (1::double precision - lineitem.l_discount)))) DESC", "orders.o_orderdate"], "Sort Method": "top-N heapsort", "Sort Space Used": 26, "Sort Space Type": "Memory", "Plans": [{"Node Type": "Aggregate", "Strategy": "Hashed", "Parent Relationship": "Outer", "Startup Cost": 1949295.92, "Total Cost": 1984888.39, "Plan Rows": 3559247, "Plan Width": 36, "Actual Startup Time": 25984.937, "Actual Total Time": 26044.604, "Actual Rows": 113719, "Actual Loops": 1, "Group By Key": ["lineitem.l_orderkey", "orders.o_orderdate", "orders.o_shippriority"], "Plans": [{"Node Type": "Nested Loop", "Parent Relationship": "Outer", "Join Type": "Inner", "Startup Cost": 88314.71, "Total Cost": 1895907.21, "Plan Rows": 3559247, "Plan Width": 36, "Actual Startup Time": 1095.907, "Actual Total Time": 25691.367, "Actual Rows": 300219, "Actual Loops": 1, "Inner Unique": false, "Plans": [{"Node Type": "Hash Join", "Parent Relationship": "Outer", "Join Type": "Inner", "Startup Cost": 88314.71, "Total Cost": 891362.87, "Plan Rows": 715772, "Plan Width": 20, "Actual Startup Time": 1095.689, "Actual Total Time": 14132.106, "Actual Rows": 1455173, "Actual Loops": 1, "Inner Unique": true, "Hash Cond": "(orders.o_custkey = customer.c_custkey), (LLVM Optimized, Jit Execute)", "Plans": [{"Node Type": "Index Scan", "Parent Relationship": "Outer", "Scan Direction": "Forward", "Index Name": "orders_pkey", "Relation Name": "orders", "Alias": "orders", "Startup Cost": 0.0, "Total Cost": 768477.13, "Plan Rows": 7310217, "Plan Width": 28, "Actual Startup Time": 0.069, "Actual Total Time": 9774.272, "Actual Rows": 7276947, "Actual Loops": 1, "Filter": "(o_orderdate < '1995-03-13 00:00:00'::timestamp(0) without time zone), (LLVM Optimized, Jit Execute)", "Rows Removed by Filter": 7723053}, {"Node Type": "Hash", "Parent Relationship": "Inner", "Startup Cost": 84515.36, "Total Cost": 84515.36, "Plan Rows": 303948, "Plan Width": 8, "Actual Startup Time": 1095.244, "Actual Total Time": 1095.244, "Actual Rows": 300036, "Actual Loops": 1, "Hash Buckets": 524288, "Hash Batches": 1, "Original Hash Batches": 1, "Peak Memory Usage": 11721, "Plans": [{"Node Type": "Index Scan", "Parent Relationship": "Outer", "Scan Direction": "Forward", "Index Name": "customer_pkey", "Relation Name": "customer", "Alias": "customer", "Startup Cost": 0.0, "Total Cost": 84515.36, "Plan Rows": 303948, "Plan Width": 8, "Actual Startup Time": 0.031, "Actual Total Time": 1005.343, "Actual Rows": 300036, "Actual Loops": 1, "Filter": "(c_mktsegment = 'AUTOMOBILE'::bpchar), (LLVM Optimized, Jit Execute)", "Rows Removed by Filter": 1199964}]}]}, {"Node Type": "Index Scan", "Parent Relationship": "Inner", "Scan Direction": "Forward", "Index Name": "idx_lineitem_orderkey", "Relation Name": "lineitem", "Alias": "lineitem", "Startup Cost": 0.0, "Total Cost": 1.35, "Plan Rows": 5, "Plan Width": 24, "Actual Startup Time": 10496.908, "Actual Total Time": 10775.019, "Actual Rows": 300219, "Actual Loops": 1455173, "Index Cond": "(l_orderkey = orders.o_orderkey)", "Rows Removed by Index Recheck": 0, "Filter": "(l_shipdate > '1995-03-13 00:00:00'::timestamp(0) without time zone)", "Rows Removed by Filter": 5519788}]}]}]}]}, "Triggers": [], "Planner Runtime": 1.097, "Total Runtime": 26081.823, "Unique SQL Id": 3929762122}}, "(1, '106')": {"explain_plan": {"Plan": {"Node Type": "Limit", "Startup Cost": 3055991.15, "Total Cost": 3055991.17, "Plan Rows": 10, "Plan Width": 36, "Plans": [{"Node Type": "Sort", "Parent Relationship": "Outer", "Startup Cost": 3055991.15, "Total Cost": 3064889.27, "Plan Rows": 10, "Plan Width": 36, "Sort Key": ["(sum((lineitem.l_extendedprice * (1::double precision - lineitem.l_discount)))) DESC", "orders.o_orderdate"], "Plans": [{"Node Type": "Aggregate", "Strategy": "Hashed", "Parent Relationship": "Outer", "Startup Cost": 2943484.63, "Total Cost": 2979077.1, "Plan Rows": 3559247, "Plan Width": 36, "Group By Key": ["lineitem.l_orderkey", "orders.o_orderdate", "orders.o_shippriority"], "Plans": [{"Node Type": "Hash Join", "Parent Relationship": "Outer", "Join Type": "Inner", "Startup Cost": 567106.02, "Total Cost": 2890095.93, "Plan Rows": 3559247, "Plan Width": 36, "Inner Unique": false, "Hash Cond": "(lineitem.l_orderkey = orders.o_orderkey), (LLVM Optimized)", "Plans": [{"Node Type": "Seq Scan", "Parent Relationship": "Outer", "Relation Name": "lineitem", "Alias": "lineitem", "Startup Cost": 0.0, "Total Cost": 2165082.91, "Plan Rows": 32617206, "Plan Width": 24, "Filter": "(l_shipdate > '1995-03-13 00:00:00'::timestamp(0) without time zone), (LLVM Optimized)"}, {"Node Type": "Hash", "Parent Relationship": "Inner", "Startup Cost": 558158.87, "Total Cost": 558158.87, "Plan Rows": 715772, "Plan Width": 20, "Plans": [{"Node Type": "Hash Join", "Parent Relationship": "Outer", "Join Type": "Inner", "Startup Cost": 60061.81, "Total Cost": 558158.87, "Plan Rows": 715772, "Plan Width": 20, "Inner Unique": true, "Hash Cond": "(orders.o_custkey = customer.c_custkey), (LLVM Optimized)", "Plans": [{"Node Type": "Seq Scan", "Parent Relationship": "Outer", "Relation Name": "orders", "Alias": "orders", "Startup Cost": 386.46, "Total Cost": 463912.49, "Plan Rows": 7310217, "Plan Width": 28, "Filter": "(o_orderdate < '1995-03-13 00:00:00'::timestamp(0) without time zone), (LLVM Optimized)"}, {"Node Type": "Hash", "Parent Relationship": "Inner", "Startup Cost": 55876.0, "Total Cost": 55876.0, "Plan Rows": 303948, "Plan Width": 8, "Plans": [{"Node Type": "Seq Scan", "Parent Relationship": "Outer", "Relation Name": "customer", "Alias": "customer", "Startup Cost": 0.0, "Total Cost": 55876.0, "Plan Rows": 303948, "Plan Width": 8, "Filter": "(c_mktsegment = 'AUTOMOBILE'::bpchar), (LLVM Optimized)"}]}]}]}]}]}]}]}, "Unique SQL Id": 3929762122, "Planner Runtime": 0}, "explain_analyze_plan": {"Plan": {"Node Type": "Limit", "Startup Cost": 3055991.15, "Total Cost": 3055991.17, "Plan Rows": 10, "Plan Width": 36, "Actual Startup Time": 39912.957, "Actual Total Time": 39912.961, "Actual Rows": 10, "Actual Loops": 1, "Plans": [{"Node Type": "Sort", "Parent Relationship": "Outer", "Startup Cost": 3055991.15, "Total Cost": 3064889.27, "Plan Rows": 10, "Plan Width": 36, "Actual Startup Time": 39912.953, "Actual Total Time": 39912.956, "Actual Rows": 10, "Actual Loops": 1, "Sort Key": ["(sum((lineitem.l_extendedprice * (1::double precision - lineitem.l_discount)))) DESC", "orders.o_orderdate"], "Sort Method": "top-N heapsort", "Sort Space Used": 26, "Sort Space Type": "Memory", "Plans": [{"Node Type": "Aggregate", "Strategy": "Hashed", "Parent Relationship": "Outer", "Startup Cost": 2943484.63, "Total Cost": 2979077.1, "Plan Rows": 3559247, "Plan Width": 36, "Actual Startup Time": 39821.735, "Actual Total Time": 39885.752, "Actual Rows": 113719, "Actual Loops": 1, "Group By Key": ["lineitem.l_orderkey", "orders.o_orderdate", "orders.o_shippriority"], "Plans": [{"Node Type": "Hash Join", "Parent Relationship": "Outer", "Join Type": "Inner", "Startup Cost": 567106.02, "Total Cost": 2890095.93, "Plan Rows": 3559247, "Plan Width": 36, "Actual Startup Time": 9286.806, "Actual Total Time": 39528.201, "Actual Rows": 300219, "Actual Loops": 1, "Inner Unique": false, "Hash Cond": "(lineitem.l_orderkey = orders.o_orderkey), (LLVM Optimized, Jit Execute)", "Plans": [{"Node Type": "Seq Scan", "Parent Relationship": "Outer", "Relation Name": "lineitem", "Alias": "lineitem", "Startup Cost": 0.0, "Total Cost": 2165082.91, "Plan Rows": 32617206, "Plan Width": 24, "Actual Startup Time": 0.109, "Actual Total Time": 21259.675, "Actual Rows": 32384344, "Actual Loops": 1, "Filter": "(l_shipdate > '1995-03-13 00:00:00'::timestamp(0) without time zone), (LLVM Optimized, Jit Execute)", "Rows Removed by Filter": 27601708}, {"Node Type": "Hash", "Parent Relationship": "Inner", "Startup Cost": 558158.87, "Total Cost": 558158.87, "Plan Rows": 715772, "Plan Width": 20, "Actual Startup Time": 9285.133, "Actual Total Time": 9285.133, "Actual Rows": 1455173, "Actual Loops": 1, "Hash Buckets": 1048576, "Hash Batches": 1, "Original Hash Batches": 1, "Peak Memory Usage": 79580, "Plans": [{"Node Type": "Hash Join", "Parent Relationship": "Outer", "Join Type": "Inner", "Startup Cost": 60061.81, "Total Cost": 558158.87, "Plan Rows": 715772, "Plan Width": 20, "Actual Startup Time": 672.836, "Actual Total Time": 8567.114, "Actual Rows": 1455173, "Actual Loops": 1, "Inner Unique": true, "Hash Cond": "(orders.o_custkey = customer.c_custkey), (LLVM Optimized, Jit Execute)", "Plans": [{"Node Type": "Seq Scan", "Parent Relationship": "Outer", "Relation Name": "orders", "Alias": "orders", "Startup Cost": 386.46, "Total Cost": 463912.49, "Plan Rows": 7310217, "Plan Width": 28, "Actual Startup Time": 0.024, "Actual Total Time": 4947.226, "Actual Rows": 7276947, "Actual Loops": 1, "Filter": "(o_orderdate < '1995-03-13 00:00:00'::timestamp(0) without time zone), (LLVM Optimized, Jit Execute)", "Rows Removed by Filter": 7723053}, {"Node Type": "Hash", "Parent Relationship": "Inner", "Startup Cost": 55876.0, "Total Cost": 55876.0, "Plan Rows": 303948, "Plan Width": 8, "Actual Startup Time": 672.467, "Actual Total Time": 672.467, "Actual Rows": 300036, "Actual Loops": 1, "Hash Buckets": 524288, "Hash Batches": 1, "Original Hash Batches": 1, "Peak Memory Usage": 11721, "Plans": [{"Node Type": "Seq Scan", "Parent Relationship": "Outer", "Relation Name": "customer", "Alias": "customer", "Startup Cost": 0.0, "Total Cost": 55876.0, "Plan Rows": 303948, "Plan Width": 8, "Actual Startup Time": 0.027, "Actual Total Time": 584.45, "Actual Rows": 300036, "Actual Loops": 1, "Filter": "(c_mktsegment = 'AUTOMOBILE'::bpchar), (LLVM Optimized, Jit Execute)", "Rows Removed by Filter": 1199964}]}]}]}]}]}]}]}, "Triggers": [], "Planner Runtime": 1.09, "Total Runtime": 39923.34, "Unique SQL Id": 3929762122}}, "(1, '107')": {"explain_plan": {"Plan": {"Node Type": "Limit", "Startup Cost": 3000424682501.37, "Total Cost": 3000424682501.4, "Plan Rows": 10, "Plan Width": 36, "Plans": [{"Node Type": "Sort", "Parent Relationship": "Outer", "Startup Cost": 3000424682501.37, "Total Cost": 3000424691399.49, "Plan Rows": 10, "Plan Width": 36, "Sort Key": ["(sum((lineitem.l_extendedprice * (1::double precision - lineitem.l_discount)))) DESC", "orders.o_orderdate"], "Plans": [{"Node Type": "Aggregate", "Strategy": "Hashed", "Parent Relationship": "Outer", "Startup Cost": 3000424569994.85, "Total Cost": 3000424605587.32, "Plan Rows": 3559247, "Plan Width": 36, "Group By Key": ["lineitem.l_orderkey", "orders.o_orderdate", "orders.o_shippriority"], "Plans": [{"Node Type": "Hash Join", "Parent Relationship": "Outer", "Join Type": "Inner", "Startup Cost": 2010085346566.41, "Total Cost": 3000424516606.15, "Plan Rows": 3559247, "Plan Width": 36, "Inner Unique": false, "Hash Cond": "(lineitem.l_orderkey = orders.o_orderkey), (LLVM Optimized)", "Plans": [{"Node Type": "Index Scan", "Parent Relationship": "Outer", "Scan Direction": "Forward", "Index Name": "idx_lineitem_orderkey", "Relation Name": "lineitem", "Alias": "lineitem", "Startup Cost": 10000000000.0, "Total Cost": 1000339012132.75, "Plan Rows": 32617206, "Plan Width": 24, "Filter": "(l_shipdate > '1995-03-13 00:00:00'::timestamp(0) without time zone), (LLVM Optimized)"}, {"Node Type": "Hash", "Parent Relationship": "Inner", "Startup Cost": 2000085337619.26, "Total Cost": 2000085337619.26, "Plan Rows": 715772, "Plan Width": 20, "Plans": [{"Node Type": "Hash Join", "Parent Relationship": "Outer", "Join Type": "Inner", "Startup Cost": 1010008455334.97, "Total Cost": 2000085337619.26, "Plan Rows": 715772, "Plan Width": 20, "Inner Unique": true, "Hash Cond": "(orders.o_custkey = customer.c_custkey), (LLVM Optimized)", "Plans": [{"Node Type": "Index Scan", "Parent Relationship": "Outer", "Scan Direction": "Forward", "Index Name": "orders_pkey", "Relation Name": "orders", "Alias": "orders", "Startup Cost": 10000000000.0, "Total Cost": 1000076847713.25, "Plan Rows": 7310217, "Plan Width": 28, "Filter": "(o_orderdate < '1995-03-13 00:00:00'::timestamp(0) without time zone), (LLVM Optimized)"}, {"Node Type": "Hash", "Parent Relationship": "Inner", "Startup Cost": 1000008451535.62, "Total Cost": 1000008451535.62, "Plan Rows": 303948, "Plan Width": 8, "Plans": [{"Node Type": "Index Scan", "Parent Relationship": "Outer", "Scan Direction": "Forward", "Index Name": "customer_pkey", "Relation Name": "customer", "Alias": "customer", "Startup Cost": 10000000000.0, "Total Cost": 1000008451535.62, "Plan Rows": 303948, "Plan Width": 8, "Filter": "(c_mktsegment = 'AUTOMOBILE'::bpchar), (LLVM Optimized)"}]}]}]}]}]}]}]}, "Unique SQL Id": 3929762122, "Planner Runtime": 0}, "explain_analyze_plan": null}, "(1, '108')": {"explain_plan": {"Plan": {"Node Type": "Limit", "Startup Cost": 1728598.43, "Total Cost": 1728598.46, "Plan Rows": 10, "Plan Width": 36, "Plans": [{"Node Type": "Sort", "Parent Relationship": "Outer", "Startup Cost": 1728598.43, "Total Cost": 1737496.55, "Plan Rows": 10, "Plan Width": 36, "Sort Key": ["(sum((lineitem.l_extendedprice * (1::double precision - lineitem.l_discount)))) DESC", "orders.o_orderdate"], "Plans": [{"Node Type": "Aggregate", "Strategy": "Hashed", "Parent Relationship": "Outer", "Startup Cost": 1616091.91, "Total Cost": 1651684.38, "Plan Rows": 3559247, "Plan Width": 36, "Group By Key": ["lineitem.l_orderkey", "orders.o_orderdate", "orders.o_shippriority"], "Plans": [{"Node Type": "Nested Loop", "Parent Relationship": "Outer", "Join Type": "Inner", "Startup Cost": 60061.81, "Total Cost": 1562703.21, "Plan Rows": 3559247, "Plan Width": 36, "Inner Unique": false, "Plans": [{"Node Type": "Hash Join", "Parent Relationship": "Outer", "Join Type": "Inner", "Startup Cost": 60061.81, "Total Cost": 558158.87, "Plan Rows": 715772, "Plan Width": 20, "Inner Unique": true, "Hash Cond": "(orders.o_custkey = customer.c_custkey), (LLVM Optimized)", "Plans": [{"Node Type": "Seq Scan", "Parent Relationship": "Outer", "Relation Name": "orders", "Alias": "orders", "Startup Cost": 386.46, "Total Cost": 463912.49, "Plan Rows": 7310217, "Plan Width": 28, "Filter": "(o_orderdate < '1995-03-13 00:00:00'::timestamp(0) without time zone), (LLVM Optimized)"}, {"Node Type": "Hash", "Parent Relationship": "Inner", "Startup Cost": 55876.0, "Total Cost": 55876.0, "Plan Rows": 303948, "Plan Width": 8, "Plans": [{"Node Type": "Seq Scan", "Parent Relationship": "Outer", "Relation Name": "customer", "Alias": "customer", "Startup Cost": 0.0, "Total Cost": 55876.0, "Plan Rows": 303948, "Plan Width": 8, "Filter": "(c_mktsegment = 'AUTOMOBILE'::bpchar), (LLVM Optimized)"}]}]}, {"Node Type": "Index Scan", "Parent Relationship": "Inner", "Scan Direction": "Forward", "Index Name": "idx_lineitem_orderkey", "Relation Name": "lineitem", "Alias": "lineitem", "Startup Cost": 0.0, "Total Cost": 1.35, "Plan Rows": 5, "Plan Width": 24, "Index Cond": "(l_orderkey = orders.o_orderkey)", "Filter": "(l_shipdate > '1995-03-13 00:00:00'::timestamp(0) without time zone)"}]}]}]}]}, "Unique SQL Id": 3929762122, "Planner Runtime": 0}, "explain_analyze_plan": {"Plan": {"Node Type": "Limit", "Startup Cost": 1728598.43, "Total Cost": 1728598.46, "Plan Rows": 10, "Plan Width": 36, "Actual Startup Time": 21120.337, "Actual Total Time": 21120.34, "Actual Rows": 10, "Actual Loops": 1, "Plans": [{"Node Type": "Sort", "Parent Relationship": "Outer", "Startup Cost": 1728598.43, "Total Cost": 1737496.55, "Plan Rows": 10, "Plan Width": 36, "Actual Startup Time": 21120.334, "Actual Total Time": 21120.335, "Actual Rows": 10, "Actual Loops": 1, "Sort Key": ["(sum((lineitem.l_extendedprice * (1::double precision - lineitem.l_discount)))) DESC", "orders.o_orderdate"], "Sort Method": "top-N heapsort", "Sort Space Used": 26, "Sort Space Type": "Memory", "Plans": [{"Node Type": "Aggregate", "Strategy": "Hashed", "Parent Relationship": "Outer", "Startup Cost": 1616091.91, "Total Cost": 1651684.38, "Plan Rows": 3559247, "Plan Width": 36, "Actual Startup Time": 21032.242, "Actual Total Time": 21092.975, "Actual Rows": 113719, "Actual Loops": 1, "Group By Key": ["lineitem.l_orderkey", "orders.o_orderdate", "orders.o_shippriority"], "Plans": [{"Node Type": "Nested Loop", "Parent Relationship": "Outer", "Join Type": "Inner", "Startup Cost": 60061.81, "Total Cost": 1562703.21, "Plan Rows": 3559247, "Plan Width": 36, "Actual Startup Time": 739.304, "Actual Total Time": 20734.32, "Actual Rows": 300219, "Actual Loops": 1, "Inner Unique": false, "Plans": [{"Node Type": "Hash Join", "Parent Relationship": "Outer", "Join Type": "Inner", "Startup Cost": 60061.81, "Total Cost": 558158.87, "Plan Rows": 715772, "Plan Width": 20, "Actual Startup Time": 739.077, "Actual Total Time": 8940.97, "Actual Rows": 1455173, "Actual Loops": 1, "Inner Unique": true, "Hash Cond": "(orders.o_custkey = customer.c_custkey), (LLVM Optimized, Jit Execute)", "Plans": [{"Node Type": "Seq Scan", "Parent Relationship": "Outer", "Relation Name": "orders", "Alias": "orders", "Startup Cost": 386.46, "Total Cost": 463912.49, "Plan Rows": 7310217, "Plan Width": 28, "Actual Startup Time": 0.056, "Actual Total Time": 4941.534, "Actual Rows": 7276947, "Actual Loops": 1, "Filter": "(o_orderdate < '1995-03-13 00:00:00'::timestamp(0) without time zone), (LLVM Optimized, Jit Execute)", "Rows Removed by Filter": 7723053}, {"Node Type": "Hash", "Parent Relationship": "Inner", "Startup Cost": 55876.0, "Total Cost": 55876.0, "Plan Rows": 303948, "Plan Width": 8, "Actual Startup Time": 738.343, "Actual Total Time": 738.343, "Actual Rows": 300036, "Actual Loops": 1, "Hash Buckets": 524288, "Hash Batches": 1, "Original Hash Batches": 1, "Peak Memory Usage": 11721, "Plans": [{"Node Type": "Seq Scan", "Parent Relationship": "Outer", "Relation Name": "customer", "Alias": "customer", "Startup Cost": 0.0, "Total Cost": 55876.0, "Plan Rows": 303948, "Plan Width": 8, "Actual Startup Time": 0.021, "Actual Total Time": 643.423, "Actual Rows": 300036, "Actual Loops": 1, "Filter": "(c_mktsegment = 'AUTOMOBILE'::bpchar), (LLVM Optimized, Jit Execute)", "Rows Removed by Filter": 1199964}]}]}, {"Node Type": "Index Scan", "Parent Relationship": "Inner", "Scan Direction": "Forward", "Index Name": "idx_lineitem_orderkey", "Relation Name": "lineitem", "Alias": "lineitem", "Startup Cost": 0.0, "Total Cost": 1.35, "Plan Rows": 5, "Plan Width": 24, "Actual Startup Time": 10703.081, "Actual Total Time": 10988.174, "Actual Rows": 300219, "Actual Loops": 1455173, "Index Cond": "(l_orderkey = orders.o_orderkey)", "Rows Removed by Index Recheck": 0, "Filter": "(l_shipdate > '1995-03-13 00:00:00'::timestamp(0) without time zone)", "Rows Removed by Filter": 5519788}]}]}]}]}, "Triggers": [], "Planner Runtime": 1.233, "Total Runtime": 21130.306, "Unique SQL Id": 3929762122}}, "(1, '109')": {"explain_plan": {"Plan": {"Node Type": "Limit", "Startup Cost": 2061802.43, "Total Cost": 2061802.46, "Plan Rows": 10, "Plan Width": 36, "Plans": [{"Node Type": "Sort", "Parent Relationship": "Outer", "Startup Cost": 2061802.43, "Total Cost": 2070700.55, "Plan Rows": 10, "Plan Width": 36, "Sort Key": ["(sum((lineitem.l_extendedprice * (1::double precision - lineitem.l_discount)))) DESC", "orders.o_orderdate"], "Plans": [{"Node Type": "Aggregate", "Strategy": "Hashed", "Parent Relationship": "Outer", "Startup Cost": 1949295.92, "Total Cost": 1984888.39, "Plan Rows": 3559247, "Plan Width": 36, "Group By Key": ["lineitem.l_orderkey", "orders.o_orderdate", "orders.o_shippriority"], "Plans": [{"Node Type": "Nested Loop", "Parent Relationship": "Outer", "Join Type": "Inner", "Startup Cost": 88314.71, "Total Cost": 1895907.21, "Plan Rows": 3559247, "Plan Width": 36, "Inner Unique": false, "Plans": [{"Node Type": "Hash Join", "Parent Relationship": "Outer", "Join Type": "Inner", "Startup Cost": 88314.71, "Total Cost": 891362.87, "Plan Rows": 715772, "Plan Width": 20, "Inner Unique": true, "Hash Cond": "(orders.o_custkey = customer.c_custkey), (LLVM Optimized)", "Plans": [{"Node Type": "Index Scan", "Parent Relationship": "Outer", "Scan Direction": "Forward", "Index Name": "orders_pkey", "Relation Name": "orders", "Alias": "orders", "Startup Cost": 0.0, "Total Cost": 768477.13, "Plan Rows": 7310217, "Plan Width": 28, "Filter": "(o_orderdate < '1995-03-13 00:00:00'::timestamp(0) without time zone), (LLVM Optimized)"}, {"Node Type": "Hash", "Parent Relationship": "Inner", "Startup Cost": 84515.36, "Total Cost": 84515.36, "Plan Rows": 303948, "Plan Width": 8, "Plans": [{"Node Type": "Index Scan", "Parent Relationship": "Outer", "Scan Direction": "Forward", "Index Name": "customer_pkey", "Relation Name": "customer", "Alias": "customer", "Startup Cost": 0.0, "Total Cost": 84515.36, "Plan Rows": 303948, "Plan Width": 8, "Filter": "(c_mktsegment = 'AUTOMOBILE'::bpchar), (LLVM Optimized)"}]}]}, {"Node Type": "Index Scan", "Parent Relationship": "Inner", "Scan Direction": "Forward", "Index Name": "idx_lineitem_orderkey", "Relation Name": "lineitem", "Alias": "lineitem", "Startup Cost": 0.0, "Total Cost": 1.35, "Plan Rows": 5, "Plan Width": 24, "Index Cond": "(l_orderkey = orders.o_orderkey)", "Filter": "(l_shipdate > '1995-03-13 00:00:00'::timestamp(0) without time zone)"}]}]}]}]}, "Unique SQL Id": 3929762122, "Planner Runtime": 0}, "explain_analyze_plan": {"Plan": {"Node Type": "Limit", "Startup Cost": 2061802.43, "Total Cost": 2061802.46, "Plan Rows": 10, "Plan Width": 36, "Actual Startup Time": 26072.017, "Actual Total Time": 26072.02, "Actual Rows": 10, "Actual Loops": 1, "Plans": [{"Node Type": "Sort", "Parent Relationship": "Outer", "Startup Cost": 2061802.43, "Total Cost": 2070700.55, "Plan Rows": 10, "Plan Width": 36, "Actual Startup Time": 26072.014, "Actual Total Time": 26072.015, "Actual Rows": 10, "Actual Loops": 1, "Sort Key": ["(sum((lineitem.l_extendedprice * (1::double precision - lineitem.l_discount)))) DESC", "orders.o_orderdate"], "Sort Method": "top-N heapsort", "Sort Space Used": 26, "Sort Space Type": "Memory", "Plans": [{"Node Type": "Aggregate", "Strategy": "Hashed", "Parent Relationship": "Outer", "Startup Cost": 1949295.92, "Total Cost": 1984888.39, "Plan Rows": 3559247, "Plan Width": 36, "Actual Startup Time": 25984.937, "Actual Total Time": 26044.604, "Actual Rows": 113719, "Actual Loops": 1, "Group By Key": ["lineitem.l_orderkey", "orders.o_orderdate", "orders.o_shippriority"], "Plans": [{"Node Type": "Nested Loop", "Parent Relationship": "Outer", "Join Type": "Inner", "Startup Cost": 88314.71, "Total Cost": 1895907.21, "Plan Rows": 3559247, "Plan Width": 36, "Actual Startup Time": 1095.907, "Actual Total Time": 25691.367, "Actual Rows": 300219, "Actual Loops": 1, "Inner Unique": false, "Plans": [{"Node Type": "Hash Join", "Parent Relationship": "Outer", "Join Type": "Inner", "Startup Cost": 88314.71, "Total Cost": 891362.87, "Plan Rows": 715772, "Plan Width": 20, "Actual Startup Time": 1095.689, "Actual Total Time": 14132.106, "Actual Rows": 1455173, "Actual Loops": 1, "Inner Unique": true, "Hash Cond": "(orders.o_custkey = customer.c_custkey), (LLVM Optimized, Jit Execute)", "Plans": [{"Node Type": "Index Scan", "Parent Relationship": "Outer", "Scan Direction": "Forward", "Index Name": "orders_pkey", "Relation Name": "orders", "Alias": "orders", "Startup Cost": 0.0, "Total Cost": 768477.13, "Plan Rows": 7310217, "Plan Width": 28, "Actual Startup Time": 0.069, "Actual Total Time": 9774.272, "Actual Rows": 7276947, "Actual Loops": 1, "Filter": "(o_orderdate < '1995-03-13 00:00:00'::timestamp(0) without time zone), (LLVM Optimized, Jit Execute)", "Rows Removed by Filter": 7723053}, {"Node Type": "Hash", "Parent Relationship": "Inner", "Startup Cost": 84515.36, "Total Cost": 84515.36, "Plan Rows": 303948, "Plan Width": 8, "Actual Startup Time": 1095.244, "Actual Total Time": 1095.244, "Actual Rows": 300036, "Actual Loops": 1, "Hash Buckets": 524288, "Hash Batches": 1, "Original Hash Batches": 1, "Peak Memory Usage": 11721, "Plans": [{"Node Type": "Index Scan", "Parent Relationship": "Outer", "Scan Direction": "Forward", "Index Name": "customer_pkey", "Relation Name": "customer", "Alias": "customer", "Startup Cost": 0.0, "Total Cost": 84515.36, "Plan Rows": 303948, "Plan Width": 8, "Actual Startup Time": 0.031, "Actual Total Time": 1005.343, "Actual Rows": 300036, "Actual Loops": 1, "Filter": "(c_mktsegment = 'AUTOMOBILE'::bpchar), (LLVM Optimized, Jit Execute)", "Rows Removed by Filter": 1199964}]}]}, {"Node Type": "Index Scan", "Parent Relationship": "Inner", "Scan Direction": "Forward", "Index Name": "idx_lineitem_orderkey", "Relation Name": "lineitem", "Alias": "lineitem", "Startup Cost": 0.0, "Total Cost": 1.35, "Plan Rows": 5, "Plan Width": 24, "Actual Startup Time": 10496.908, "Actual Total Time": 10775.019, "Actual Rows": 300219, "Actual Loops": 1455173, "Index Cond": "(l_orderkey = orders.o_orderkey)", "Rows Removed by Index Recheck": 0, "Filter": "(l_shipdate > '1995-03-13 00:00:00'::timestamp(0) without time zone)", "Rows Removed by Filter": 5519788}]}]}]}]}, "Triggers": [], "Planner Runtime": 1.097, "Total Runtime": 26081.823, "Unique SQL Id": 3929762122}}, "(1, '110')": {"explain_plan": {"Plan": {"Node Type": "Limit", "Startup Cost": 3055991.15, "Total Cost": 3055991.17, "Plan Rows": 10, "Plan Width": 36, "Plans": [{"Node Type": "Sort", "Parent Relationship": "Outer", "Startup Cost": 3055991.15, "Total Cost": 3064889.27, "Plan Rows": 10, "Plan Width": 36, "Sort Key": ["(sum((lineitem.l_extendedprice * (1::double precision - lineitem.l_discount)))) DESC", "orders.o_orderdate"], "Plans": [{"Node Type": "Aggregate", "Strategy": "Hashed", "Parent Relationship": "Outer", "Startup Cost": 2943484.63, "Total Cost": 2979077.1, "Plan Rows": 3559247, "Plan Width": 36, "Group By Key": ["lineitem.l_orderkey", "orders.o_orderdate", "orders.o_shippriority"], "Plans": [{"Node Type": "Hash Join", "Parent Relationship": "Outer", "Join Type": "Inner", "Startup Cost": 567106.02, "Total Cost": 2890095.93, "Plan Rows": 3559247, "Plan Width": 36, "Inner Unique": false, "Hash Cond": "(lineitem.l_orderkey = orders.o_orderkey), (LLVM Optimized)", "Plans": [{"Node Type": "Seq Scan", "Parent Relationship": "Outer", "Relation Name": "lineitem", "Alias": "lineitem", "Startup Cost": 0.0, "Total Cost": 2165082.91, "Plan Rows": 32617206, "Plan Width": 24, "Filter": "(l_shipdate > '1995-03-13 00:00:00'::timestamp(0) without time zone), (LLVM Optimized)"}, {"Node Type": "Hash", "Parent Relationship": "Inner", "Startup Cost": 558158.87, "Total Cost": 558158.87, "Plan Rows": 715772, "Plan Width": 20, "Plans": [{"Node Type": "Hash Join", "Parent Relationship": "Outer", "Join Type": "Inner", "Startup Cost": 60061.81, "Total Cost": 558158.87, "Plan Rows": 715772, "Plan Width": 20, "Inner Unique": true, "Hash Cond": "(orders.o_custkey = customer.c_custkey), (LLVM Optimized)", "Plans": [{"Node Type": "Seq Scan", "Parent Relationship": "Outer", "Relation Name": "orders", "Alias": "orders", "Startup Cost": 386.46, "Total Cost": 463912.49, "Plan Rows": 7310217, "Plan Width": 28, "Filter": "(o_orderdate < '1995-03-13 00:00:00'::timestamp(0) without time zone), (LLVM Optimized)"}, {"Node Type": "Hash", "Parent Relationship": "Inner", "Startup Cost": 55876.0, "Total Cost": 55876.0, "Plan Rows": 303948, "Plan Width": 8, "Plans": [{"Node Type": "Seq Scan", "Parent Relationship": "Outer", "Relation Name": "customer", "Alias": "customer", "Startup Cost": 0.0, "Total Cost": 55876.0, "Plan Rows": 303948, "Plan Width": 8, "Filter": "(c_mktsegment = 'AUTOMOBILE'::bpchar), (LLVM Optimized)"}]}]}]}]}]}]}]}, "Unique SQL Id": 3929762122, "Planner Runtime": 0}, "explain_analyze_plan": {"Plan": {"Node Type": "Limit", "Startup Cost": 3055991.15, "Total Cost": 3055991.17, "Plan Rows": 10, "Plan Width": 36, "Actual Startup Time": 39912.957, "Actual Total Time": 39912.961, "Actual Rows": 10, "Actual Loops": 1, "Plans": [{"Node Type": "Sort", "Parent Relationship": "Outer", "Startup Cost": 3055991.15, "Total Cost": 3064889.27, "Plan Rows": 10, "Plan Width": 36, "Actual Startup Time": 39912.953, "Actual Total Time": 39912.956, "Actual Rows": 10, "Actual Loops": 1, "Sort Key": ["(sum((lineitem.l_extendedprice * (1::double precision - lineitem.l_discount)))) DESC", "orders.o_orderdate"], "Sort Method": "top-N heapsort", "Sort Space Used": 26, "Sort Space Type": "Memory", "Plans": [{"Node Type": "Aggregate", "Strategy": "Hashed", "Parent Relationship": "Outer", "Startup Cost": 2943484.63, "Total Cost": 2979077.1, "Plan Rows": 3559247, "Plan Width": 36, "Actual Startup Time": 39821.735, "Actual Total Time": 39885.752, "Actual Rows": 113719, "Actual Loops": 1, "Group By Key": ["lineitem.l_orderkey", "orders.o_orderdate", "orders.o_shippriority"], "Plans": [{"Node Type": "Hash Join", "Parent Relationship": "Outer", "Join Type": "Inner", "Startup Cost": 567106.02, "Total Cost": 2890095.93, "Plan Rows": 3559247, "Plan Width": 36, "Actual Startup Time": 9286.806, "Actual Total Time": 39528.201, "Actual Rows": 300219, "Actual Loops": 1, "Inner Unique": false, "Hash Cond": "(lineitem.l_orderkey = orders.o_orderkey), (LLVM Optimized, Jit Execute)", "Plans": [{"Node Type": "Seq Scan", "Parent Relationship": "Outer", "Relation Name": "lineitem", "Alias": "lineitem", "Startup Cost": 0.0, "Total Cost": 2165082.91, "Plan Rows": 32617206, "Plan Width": 24, "Actual Startup Time": 0.109, "Actual Total Time": 21259.675, "Actual Rows": 32384344, "Actual Loops": 1, "Filter": "(l_shipdate > '1995-03-13 00:00:00'::timestamp(0) without time zone), (LLVM Optimized, Jit Execute)", "Rows Removed by Filter": 27601708}, {"Node Type": "Hash", "Parent Relationship": "Inner", "Startup Cost": 558158.87, "Total Cost": 558158.87, "Plan Rows": 715772, "Plan Width": 20, "Actual Startup Time": 9285.133, "Actual Total Time": 9285.133, "Actual Rows": 1455173, "Actual Loops": 1, "Hash Buckets": 1048576, "Hash Batches": 1, "Original Hash Batches": 1, "Peak Memory Usage": 79580, "Plans": [{"Node Type": "Hash Join", "Parent Relationship": "Outer", "Join Type": "Inner", "Startup Cost": 60061.81, "Total Cost": 558158.87, "Plan Rows": 715772, "Plan Width": 20, "Actual Startup Time": 672.836, "Actual Total Time": 8567.114, "Actual Rows": 1455173, "Actual Loops": 1, "Inner Unique": true, "Hash Cond": "(orders.o_custkey = customer.c_custkey), (LLVM Optimized, Jit Execute)", "Plans": [{"Node Type": "Seq Scan", "Parent Relationship": "Outer", "Relation Name": "orders", "Alias": "orders", "Startup Cost": 386.46, "Total Cost": 463912.49, "Plan Rows": 7310217, "Plan Width": 28, "Actual Startup Time": 0.024, "Actual Total Time": 4947.226, "Actual Rows": 7276947, "Actual Loops": 1, "Filter": "(o_orderdate < '1995-03-13 00:00:00'::timestamp(0) without time zone), (LLVM Optimized, Jit Execute)", "Rows Removed by Filter": 7723053}, {"Node Type": "Hash", "Parent Relationship": "Inner", "Startup Cost": 55876.0, "Total Cost": 55876.0, "Plan Rows": 303948, "Plan Width": 8, "Actual Startup Time": 672.467, "Actual Total Time": 672.467, "Actual Rows": 300036, "Actual Loops": 1, "Hash Buckets": 524288, "Hash Batches": 1, "Original Hash Batches": 1, "Peak Memory Usage": 11721, "Plans": [{"Node Type": "Seq Scan", "Parent Relationship": "Outer", "Relation Name": "customer", "Alias": "customer", "Startup Cost": 0.0, "Total Cost": 55876.0, "Plan Rows": 303948, "Plan Width": 8, "Actual Startup Time": 0.027, "Actual Total Time": 584.45, "Actual Rows": 300036, "Actual Loops": 1, "Filter": "(c_mktsegment = 'AUTOMOBILE'::bpchar), (LLVM Optimized, Jit Execute)", "Rows Removed by Filter": 1199964}]}]}]}]}]}]}]}, "Triggers": [], "Planner Runtime": 1.09, "Total Runtime": 39923.34, "Unique SQL Id": 3929762122}}, "(1, '111')": {"explain_plan": {"Plan": {"Node Type": "Limit", "Startup Cost": 3000424682501.37, "Total Cost": 3000424682501.4, "Plan Rows": 10, "Plan Width": 36, "Plans": [{"Node Type": "Sort", "Parent Relationship": "Outer", "Startup Cost": 3000424682501.37, "Total Cost": 3000424691399.49, "Plan Rows": 10, "Plan Width": 36, "Sort Key": ["(sum((lineitem.l_extendedprice * (1::double precision - lineitem.l_discount)))) DESC", "orders.o_orderdate"], "Plans": [{"Node Type": "Aggregate", "Strategy": "Hashed", "Parent Relationship": "Outer", "Startup Cost": 3000424569994.85, "Total Cost": 3000424605587.32, "Plan Rows": 3559247, "Plan Width": 36, "Group By Key": ["lineitem.l_orderkey", "orders.o_orderdate", "orders.o_shippriority"], "Plans": [{"Node Type": "Hash Join", "Parent Relationship": "Outer", "Join Type": "Inner", "Startup Cost": 2010085346566.41, "Total Cost": 3000424516606.15, "Plan Rows": 3559247, "Plan Width": 36, "Inner Unique": false, "Hash Cond": "(lineitem.l_orderkey = orders.o_orderkey), (LLVM Optimized)", "Plans": [{"Node Type": "Index Scan", "Parent Relationship": "Outer", "Scan Direction": "Forward", "Index Name": "idx_lineitem_orderkey", "Relation Name": "lineitem", "Alias": "lineitem", "Startup Cost": 10000000000.0, "Total Cost": 1000339012132.75, "Plan Rows": 32617206, "Plan Width": 24, "Filter": "(l_shipdate > '1995-03-13 00:00:00'::timestamp(0) without time zone), (LLVM Optimized)"}, {"Node Type": "Hash", "Parent Relationship": "Inner", "Startup Cost": 2000085337619.26, "Total Cost": 2000085337619.26, "Plan Rows": 715772, "Plan Width": 20, "Plans": [{"Node Type": "Hash Join", "Parent Relationship": "Outer", "Join Type": "Inner", "Startup Cost": 1010008455334.97, "Total Cost": 2000085337619.26, "Plan Rows": 715772, "Plan Width": 20, "Inner Unique": true, "Hash Cond": "(orders.o_custkey = customer.c_custkey), (LLVM Optimized)", "Plans": [{"Node Type": "Index Scan", "Parent Relationship": "Outer", "Scan Direction": "Forward", "Index Name": "orders_pkey", "Relation Name": "orders", "Alias": "orders", "Startup Cost": 10000000000.0, "Total Cost": 1000076847713.25, "Plan Rows": 7310217, "Plan Width": 28, "Filter": "(o_orderdate < '1995-03-13 00:00:00'::timestamp(0) without time zone), (LLVM Optimized)"}, {"Node Type": "Hash", "Parent Relationship": "Inner", "Startup Cost": 1000008451535.62, "Total Cost": 1000008451535.62, "Plan Rows": 303948, "Plan Width": 8, "Plans": [{"Node Type": "Index Scan", "Parent Relationship": "Outer", "Scan Direction": "Forward", "Index Name": "customer_pkey", "Relation Name": "customer", "Alias": "customer", "Startup Cost": 10000000000.0, "Total Cost": 1000008451535.62, "Plan Rows": 303948, "Plan Width": 8, "Filter": "(c_mktsegment = 'AUTOMOBILE'::bpchar), (LLVM Optimized)"}]}]}]}]}]}]}]}, "Unique SQL Id": 3929762122, "Planner Runtime": 0}, "explain_analyze_plan": null}, "(1, '112')": {"explain_plan": {"Plan": {"Node Type": "Limit", "Startup Cost": 2671272.65, "Total Cost": 2671272.68, "Plan Rows": 10, "Plan Width": 36, "Plans": [{"Node Type": "Sort", "Parent Relationship": "Outer", "Startup Cost": 2671272.65, "Total Cost": 2680170.77, "Plan Rows": 10, "Plan Width": 36, "Sort Key": ["(sum((lineitem.l_extendedprice * (1::double precision - lineitem.l_discount)))) DESC", "orders.o_orderdate"], "Plans": [{"Node Type": "Aggregate", "Strategy": "Hashed", "Parent Relationship": "Outer", "Startup Cost": 2558766.13, "Total Cost": 2594358.6, "Plan Rows": 3559247, "Plan Width": 36, "Group By Key": ["lineitem.l_orderkey", "orders.o_orderdate", "orders.o_shippriority"], "Plans": [{"Node Type": "Nested Loop", "Parent Relationship": "Outer", "Join Type": "Inner", "Startup Cost": 0.0, "Total Cost": 2505377.43, "Plan Rows": 3559247, "Plan Width": 36, "Inner Unique": false, "Plans": [{"Node Type": "Nested Loop", "Parent Relationship": "Outer", "Join Type": "Inner", "Startup Cost": 0.0, "Total Cost": 1500833.09, "Plan Rows": 715772, "Plan Width": 20, "Inner Unique": false, "Plans": [{"Node Type": "Seq Scan", "Parent Relationship": "Outer", "Relation Name": "customer", "Alias": "customer", "Startup Cost": 0.0, "Total Cost": 55876.0, "Plan Rows": 303948, "Plan Width": 8, "Filter": "(c_mktsegment = 'AUTOMOBILE'::bpchar), (LLVM Optimized)"}, {"Node Type": "Index Scan", "Parent Relationship": "Inner", "Scan Direction": "Forward", "Index Name": "idx_orders_custkey", "Relation Name": "orders", "Alias": "orders", "Startup Cost": 0.0, "Total Cost": 4.73, "Plan Rows": 2, "Plan Width": 28, "Index Cond": "(o_custkey = customer.c_custkey)", "Filter": "(o_orderdate < '1995-03-13 00:00:00'::timestamp(0) without time zone)"}]}, {"Node Type": "Index Scan", "Parent Relationship": "Inner", "Scan Direction": "Forward", "Index Name": "idx_lineitem_orderkey", "Relation Name": "lineitem", "Alias": "lineitem", "Startup Cost": 0.0, "Total Cost": 1.35, "Plan Rows": 5, "Plan Width": 24, "Index Cond": "(l_orderkey = orders.o_orderkey)", "Filter": "(l_shipdate > '1995-03-13 00:00:00'::timestamp(0) without time zone)"}]}]}]}]}, "Unique SQL Id": 3929762122, "Planner Runtime": 0}, "explain_analyze_plan": {"Plan": {"Node Type": "Limit", "Startup Cost": 2671272.65, "Total Cost": 2671272.68, "Plan Rows": 10, "Plan Width": 36, "Actual Startup Time": 27779.044, "Actual Total Time": 27779.047, "Actual Rows": 10, "Actual Loops": 1, "Plans": [{"Node Type": "Sort", "Parent Relationship": "Outer", "Startup Cost": 2671272.65, "Total Cost": 2680170.77, "Plan Rows": 10, "Plan Width": 36, "Actual Startup Time": 27779.04, "Actual Total Time": 27779.042, "Actual Rows": 10, "Actual Loops": 1, "Sort Key": ["(sum((lineitem.l_extendedprice * (1::double precision - lineitem.l_discount)))) DESC", "orders.o_orderdate"], "Sort Method": "top-N heapsort", "Sort Space Used": 26, "Sort Space Type": "Memory", "Plans": [{"Node Type": "Aggregate", "Strategy": "Hashed", "Parent Relationship": "Outer", "Startup Cost": 2558766.13, "Total Cost": 2594358.6, "Plan Rows": 3559247, "Plan Width": 36, "Actual Startup Time": 27666.934, "Actual Total Time": 27751.675, "Actual Rows": 113719, "Actual Loops": 1, "Group By Key": ["lineitem.l_orderkey", "orders.o_orderdate", "orders.o_shippriority"], "Plans": [{"Node Type": "Nested Loop", "Parent Relationship": "Outer", "Join Type": "Inner", "Startup Cost": 0.0, "Total Cost": 2505377.43, "Plan Rows": 3559247, "Plan Width": 36, "Actual Startup Time": 0.192, "Actual Total Time": 27341.729, "Actual Rows": 300219, "Actual Loops": 1, "Inner Unique": false, "Plans": [{"Node Type": "Nested Loop", "Parent Relationship": "Outer", "Join Type": "Inner", "Startup Cost": 0.0, "Total Cost": 1500833.09, "Plan Rows": 715772, "Plan Width": 20, "Actual Startup Time": 0.095, "Actual Total Time": 9668.336, "Actual Rows": 1455173, "Actual Loops": 1, "Inner Unique": false, "Plans": [{"Node Type": "Seq Scan", "Parent Relationship": "Outer", "Relation Name": "customer", "Alias": "customer", "Startup Cost": 0.0, "Total Cost": 55876.0, "Plan Rows": 303948, "Plan Width": 8, "Actual Startup Time": 0.049, "Actual Total Time": 635.908, "Actual Rows": 300036, "Actual Loops": 1, "Filter": "(c_mktsegment = 'AUTOMOBILE'::bpchar), (LLVM Optimized, Jit Execute)", "Rows Removed by Filter": 1199964}, {"Node Type": "Index Scan", "Parent Relationship": "Inner", "Scan Direction": "Forward", "Index Name": "idx_orders_custkey", "Relation Name": "orders", "Alias": "orders", "Startup Cost": 0.0, "Total Cost": 4.73, "Plan Rows": 2, "Plan Width": 28, "Actual Startup Time": 2118.749, "Actual Total Time": 8508.063, "Actual Rows": 1455173, "Actual Loops": 300036, "Index Cond": "(o_custkey = customer.c_custkey)", "Rows Removed by Index Recheck": 0, "Filter": "(o_orderdate < '1995-03-13 00:00:00'::timestamp(0) without time zone)", "Rows Removed by Filter": 1545367}]}, {"Node Type": "Index Scan", "Parent Relationship": "Inner", "Scan Direction": "Forward", "Index Name": "idx_lineitem_orderkey", "Relation Name": "lineitem", "Alias": "lineitem", "Startup Cost": 0.0, "Total Cost": 1.35, "Plan Rows": 5, "Plan Width": 24, "Actual Startup Time": 16561.04, "Actual Total Time": 16849.911, "Actual Rows": 300219, "Actual Loops": 1455173, "Index Cond": "(l_orderkey = orders.o_orderkey)", "Rows Removed by Index Recheck": 0, "Filter": "(l_shipdate > '1995-03-13 00:00:00'::timestamp(0) without time zone)", "Rows Removed by Filter": 5519788}]}]}]}]}, "Triggers": [], "Planner Runtime": 0.562, "Total Runtime": 27788.418, "Unique SQL Id": 3929762122}}, "(1, '113')": {"explain_plan": {"Plan": {"Node Type": "Limit", "Startup Cost": 2699912.01, "Total Cost": 2699912.03, "Plan Rows": 10, "Plan Width": 36, "Plans": [{"Node Type": "Sort", "Parent Relationship": "Outer", "Startup Cost": 2699912.01, "Total Cost": 2708810.13, "Plan Rows": 10, "Plan Width": 36, "Sort Key": ["(sum((lineitem.l_extendedprice * (1::double precision - lineitem.l_discount)))) DESC", "orders.o_orderdate"], "Plans": [{"Node Type": "Aggregate", "Strategy": "Hashed", "Parent Relationship": "Outer", "Startup Cost": 2587405.49, "Total Cost": 2622997.96, "Plan Rows": 3559247, "Plan Width": 36, "Group By Key": ["lineitem.l_orderkey", "orders.o_orderdate", "orders.o_shippriority"], "Plans": [{"Node Type": "Nested Loop", "Parent Relationship": "Outer", "Join Type": "Inner", "Startup Cost": 0.0, "Total Cost": 2534016.78, "Plan Rows": 3559247, "Plan Width": 36, "Inner Unique": false, "Plans": [{"Node Type": "Nested Loop", "Parent Relationship": "Outer", "Join Type": "Inner", "Startup Cost": 0.0, "Total Cost": 1529472.45, "Plan Rows": 715772, "Plan Width": 20, "Inner Unique": false, "Plans": [{"Node Type": "Index Scan", "Parent Relationship": "Outer", "Scan Direction": "Forward", "Index Name": "customer_pkey", "Relation Name": "customer", "Alias": "customer", "Startup Cost": 0.0, "Total Cost": 84515.36, "Plan Rows": 303948, "Plan Width": 8, "Filter": "(c_mktsegment = 'AUTOMOBILE'::bpchar), (LLVM Optimized)"}, {"Node Type": "Index Scan", "Parent Relationship": "Inner", "Scan Direction": "Forward", "Index Name": "idx_orders_custkey", "Relation Name": "orders", "Alias": "orders", "Startup Cost": 0.0, "Total Cost": 4.73, "Plan Rows": 2, "Plan Width": 28, "Index Cond": "(o_custkey = customer.c_custkey)", "Filter": "(o_orderdate < '1995-03-13 00:00:00'::timestamp(0) without time zone)"}]}, {"Node Type": "Index Scan", "Parent Relationship": "Inner", "Scan Direction": "Forward", "Index Name": "idx_lineitem_orderkey", "Relation Name": "lineitem", "Alias": "lineitem", "Startup Cost": 0.0, "Total Cost": 1.35, "Plan Rows": 5, "Plan Width": 24, "Index Cond": "(l_orderkey = orders.o_orderkey)", "Filter": "(l_shipdate > '1995-03-13 00:00:00'::timestamp(0) without time zone)"}]}]}]}]}, "Unique SQL Id": 3929762122, "Planner Runtime": 0}, "explain_analyze_plan": {"Plan": {"Node Type": "Limit", "Startup Cost": 2699912.01, "Total Cost": 2699912.03, "Plan Rows": 10, "Plan Width": 36, "Actual Startup Time": 28682.927, "Actual Total Time": 28682.93, "Actual Rows": 10, "Actual Loops": 1, "Plans": [{"Node Type": "Sort", "Parent Relationship": "Outer", "Startup Cost": 2699912.01, "Total Cost": 2708810.13, "Plan Rows": 10, "Plan Width": 36, "Actual Startup Time": 28682.924, "Actual Total Time": 28682.927, "Actual Rows": 10, "Actual Loops": 1, "Sort Key": ["(sum((lineitem.l_extendedprice * (1::double precision - lineitem.l_discount)))) DESC", "orders.o_orderdate"], "Sort Method": "top-N heapsort", "Sort Space Used": 26, "Sort Space Type": "Memory", "Plans": [{"Node Type": "Aggregate", "Strategy": "Hashed", "Parent Relationship": "Outer", "Startup Cost": 2587405.49, "Total Cost": 2622997.96, "Plan Rows": 3559247, "Plan Width": 36, "Actual Startup Time": 28589.273, "Actual Total Time": 28655.673, "Actual Rows": 113719, "Actual Loops": 1, "Group By Key": ["lineitem.l_orderkey", "orders.o_orderdate", "orders.o_shippriority"], "Plans": [{"Node Type": "Nested Loop", "Parent Relationship": "Outer", "Join Type": "Inner", "Startup Cost": 0.0, "Total Cost": 2534016.78, "Plan Rows": 3559247, "Plan Width": 36, "Actual Startup Time": 0.188, "Actual Total Time": 28265.178, "Actual Rows": 300219, "Actual Loops": 1, "Inner Unique": false, "Plans": [{"Node Type": "Nested Loop", "Parent Relationship": "Outer", "Join Type": "Inner", "Startup Cost": 0.0, "Total Cost": 1529472.45, "Plan Rows": 715772, "Plan Width": 20, "Actual Startup Time": 0.091, "Actual Total Time": 10349.336, "Actual Rows": 1455173, "Actual Loops": 1, "Inner Unique": false, "Plans": [{"Node Type": "Index Scan", "Parent Relationship": "Outer", "Scan Direction": "Forward", "Index Name": "customer_pkey", "Relation Name": "customer", "Alias": "customer", "Startup Cost": 0.0, "Total Cost": 84515.36, "Plan Rows": 303948, "Plan Width": 8, "Actual Startup Time": 0.064, "Actual Total Time": 1190.084, "Actual Rows": 300036, "Actual Loops": 1, "Filter": "(c_mktsegment = 'AUTOMOBILE'::bpchar), (LLVM Optimized, Jit Execute)", "Rows Removed by Filter": 1199964}, {"Node Type": "Index Scan", "Parent Relationship": "Inner", "Scan Direction": "Forward", "Index Name": "idx_orders_custkey", "Relation Name": "orders", "Alias": "orders", "Startup Cost": 0.0, "Total Cost": 4.73, "Plan Rows": 2, "Plan Width": 28, "Actual Startup Time": 2137.39, "Actual Total Time": 8636.858, "Actual Rows": 1455173, "Actual Loops": 300036, "Index Cond": "(o_custkey = customer.c_custkey)", "Rows Removed by Index Recheck": 0, "Filter": "(o_orderdate < '1995-03-13 00:00:00'::timestamp(0) without time zone)", "Rows Removed by Filter": 1545367}]}, {"Node Type": "Index Scan", "Parent Relationship": "Inner", "Scan Direction": "Forward", "Index Name": "idx_lineitem_orderkey", "Relation Name": "lineitem", "Alias": "lineitem", "Startup Cost": 0.0, "Total Cost": 1.35, "Plan Rows": 5, "Plan Width": 24, "Actual Startup Time": 16806.131, "Actual Total Time": 17097.677, "Actual Rows": 300219, "Actual Loops": 1455173, "Index Cond": "(l_orderkey = orders.o_orderkey)", "Rows Removed by Index Recheck": 0, "Filter": "(l_shipdate > '1995-03-13 00:00:00'::timestamp(0) without time zone)", "Rows Removed by Filter": 5519788}]}]}]}]}, "Triggers": [], "Planner Runtime": 1.026, "Total Runtime": 28692.282, "Unique SQL Id": 3929762122}}, "(1, '114')": {"explain_plan": {"Plan": {"Node Type": "Limit", "Startup Cost": 5091242.79, "Total Cost": 5091242.81, "Plan Rows": 10, "Plan Width": 36, "Plans": [{"Node Type": "Sort", "Parent Relationship": "Outer", "Startup Cost": 5091242.79, "Total Cost": 5100140.91, "Plan Rows": 10, "Plan Width": 36, "Sort Key": ["(sum((lineitem.l_extendedprice * (1::double precision - lineitem.l_discount)))) DESC", "orders.o_orderdate"], "Plans": [{"Node Type": "Aggregate", "Strategy": "Hashed", "Parent Relationship": "Outer", "Startup Cost": 4978736.27, "Total Cost": 5014328.74, "Plan Rows": 3559247, "Plan Width": 36, "Group By Key": ["lineitem.l_orderkey", "orders.o_orderdate", "orders.o_shippriority"], "Plans": [{"Node Type": "Nested Loop", "Parent Relationship": "Outer", "Join Type": "Inner", "Startup Cost": 1.48, "Total Cost": 4925347.57, "Plan Rows": 3559247, "Plan Width": 36, "Inner Unique": false, "Plans": [{"Node Type": "Nested Loop", "Parent Relationship": "Outer", "Join Type": "Inner", "Startup Cost": 1.04, "Total Cost": 1611109.25, "Plan Rows": 715772, "Plan Width": 20, "Inner Unique": false, "Plans": [{"Node Type": "Seq Scan", "Parent Relationship": "Outer", "Relation Name": "customer", "Alias": "customer", "Startup Cost": 0.0, "Total Cost": 55876.0, "Plan Rows": 303948, "Plan Width": 8, "Filter": "(c_mktsegment = 'AUTOMOBILE'::bpchar), (LLVM Optimized)"}, {"Node Type": "Bitmap Heap Scan", "Parent Relationship": "Inner", "Relation Name": "orders", "Alias": "orders", "Startup Cost": 1.04, "Total Cost": 5.1, "Plan Rows": 2, "Plan Width": 28, "Recheck Cond": "(o_custkey = customer.c_custkey)", "Filter": "(o_orderdate < '1995-03-13 00:00:00'::timestamp(0) without time zone)", "Plans": [{"Node Type": "Bitmap Index Scan", "Parent Relationship": "Outer", "Index Name": "idx_orders_custkey", "Startup Cost": 0.0, "Total Cost": 1.04, "Plan Rows": 4, "Plan Width": 0, "Index Cond": "(o_custkey = customer.c_custkey)"}]}]}, {"Node Type": "Bitmap Heap Scan", "Parent Relationship": "Inner", "Relation Name": "lineitem", "Alias": "lineitem", "Startup Cost": 0.45, "Total Cost": 4.58, "Plan Rows": 5, "Plan Width": 24, "Recheck Cond": "(l_orderkey = orders.o_orderkey)", "Filter": "(l_shipdate > '1995-03-13 00:00:00'::timestamp(0) without time zone)", "Plans": [{"Node Type": "Bitmap Index Scan", "Parent Relationship": "Outer", "Index Name": "idx_lineitem_orderkey", "Startup Cost": 0.0, "Total Cost": 0.44, "Plan Rows": 9, "Plan Width": 0, "Index Cond": "(l_orderkey = orders.o_orderkey)"}]}]}]}]}]}, "Unique SQL Id": 3929762122, "Planner Runtime": 0}, "explain_analyze_plan": {"Plan": {"Node Type": "Limit", "Startup Cost": 5091242.79, "Total Cost": 5091242.81, "Plan Rows": 10, "Plan Width": 36, "Actual Startup Time": 31249.263, "Actual Total Time": 31249.267, "Actual Rows": 10, "Actual Loops": 1, "Plans": [{"Node Type": "Sort", "Parent Relationship": "Outer", "Startup Cost": 5091242.79, "Total Cost": 5100140.91, "Plan Rows": 10, "Plan Width": 36, "Actual Startup Time": 31249.259, "Actual Total Time": 31249.259, "Actual Rows": 10, "Actual Loops": 1, "Sort Key": ["(sum((lineitem.l_extendedprice * (1::double precision - lineitem.l_discount)))) DESC", "orders.o_orderdate"], "Sort Method": "top-N heapsort", "Sort Space Used": 26, "Sort Space Type": "Memory", "Plans": [{"Node Type": "Aggregate", "Strategy": "Hashed", "Parent Relationship": "Outer", "Startup Cost": 4978736.27, "Total Cost": 5014328.74, "Plan Rows": 3559247, "Plan Width": 36, "Actual Startup Time": 31158.208, "Actual Total Time": 31221.902, "Actual Rows": 113719, "Actual Loops": 1, "Group By Key": ["lineitem.l_orderkey", "orders.o_orderdate", "orders.o_shippriority"], "Plans": [{"Node Type": "Nested Loop", "Parent Relationship": "Outer", "Join Type": "Inner", "Startup Cost": 1.48, "Total Cost": 4925347.57, "Plan Rows": 3559247, "Plan Width": 36, "Actual Startup Time": 0.253, "Actual Total Time": 30789.484, "Actual Rows": 300219, "Actual Loops": 1, "Inner Unique": false, "Plans": [{"Node Type": "Nested Loop", "Parent Relationship": "Outer", "Join Type": "Inner", "Startup Cost": 1.04, "Total Cost": 1611109.25, "Plan Rows": 715772, "Plan Width": 20, "Actual Startup Time": 0.131, "Actual Total Time": 11323.579, "Actual Rows": 1455173, "Actual Loops": 1, "Inner Unique": false, "Plans": [{"Node Type": "Seq Scan", "Parent Relationship": "Outer", "Relation Name": "customer", "Alias": "customer", "Startup Cost": 0.0, "Total Cost": 55876.0, "Plan Rows": 303948, "Plan Width": 8, "Actual Startup Time": 0.053, "Actual Total Time": 659.557, "Actual Rows": 300036, "Actual Loops": 1, "Filter": "(c_mktsegment = 'AUTOMOBILE'::bpchar), (LLVM Optimized, Jit Execute)", "Rows Removed by Filter": 1199964}, {"Node Type": "Bitmap Heap Scan", "Parent Relationship": "Inner", "Relation Name": "orders", "Alias": "orders", "Startup Cost": 1.04, "Total Cost": 5.1, "Plan Rows": 2, "Plan Width": 28, "Actual Startup Time": 3169.52, "Actual Total Time": 9903.348, "Actual Rows": 1455173, "Actual Loops": 300036, "Recheck Cond": "(o_custkey = customer.c_custkey)", "Rows Removed by Index Recheck": 0, "Filter": "(o_orderdate < '1995-03-13 00:00:00'::timestamp(0) without time zone)", "Rows Removed by Filter": 1545367, "Exact Heap Blocks": 3000452, "Lossy Heap Blocks": 3000452, "Plans": [{"Node Type": "Bitmap Index Scan", "Parent Relationship": "Outer", "Index Name": "idx_orders_custkey", "Startup Cost": 0.0, "Total Cost": 1.04, "Plan Rows": 4, "Plan Width": 0, "Actual Startup Time": 1489.754, "Actual Total Time": 1489.754, "Actual Rows": 3000540, "Actual Loops": 300036, "Index Cond": "(o_custkey = customer.c_custkey)"}]}]}, {"Node Type": "Bitmap Heap Scan", "Parent Relationship": "Inner", "Relation Name": "lineitem", "Alias": "lineitem", "Startup Cost": 0.45, "Total Cost": 4.58, "Plan Rows": 5, "Plan Width": 24, "Actual Startup Time": 17544.561, "Actual Total Time": 17667.041, "Actual Rows": 300219, "Actual Loops": 1455173, "Recheck Cond": "(l_orderkey = orders.o_orderkey)", "Rows Removed by Index Recheck": 0, "Filter": "(l_shipdate > '1995-03-13 00:00:00'::timestamp(0) without time zone)", "Rows Removed by Filter": 5519788, "Exact Heap Blocks": 1558994, "Lossy Heap Blocks": 1558994, "Plans": [{"Node Type": "Bitmap Index Scan", "Parent Relationship": "Outer", "Index Name": "idx_lineitem_orderkey", "Startup Cost": 0.0, "Total Cost": 0.44, "Plan Rows": 9, "Plan Width": 0, "Actual Startup Time": 10053.452, "Actual Total Time": 10053.452, "Actual Rows": 5820007, "Actual Loops": 1455173, "Index Cond": "(l_orderkey = orders.o_orderkey)"}]}]}]}]}]}, "Triggers": [], "Planner Runtime": 0.581, "Total Runtime": 31258.584, "Unique SQL Id": 3929762122}}, "(1, '115')": {"explain_plan": {"Plan": {"Node Type": "Limit", "Startup Cost": 35345596.54, "Total Cost": 35345596.56, "Plan Rows": 10, "Plan Width": 36, "Plans": [{"Node Type": "Sort", "Parent Relationship": "Outer", "Startup Cost": 35345596.54, "Total Cost": 35354494.65, "Plan Rows": 10, "Plan Width": 36, "Sort Key": ["(sum((lineitem.l_extendedprice * (1::double precision - lineitem.l_discount)))) DESC", "orders.o_orderdate"], "Plans": [{"Node Type": "Aggregate", "Strategy": "Hashed", "Parent Relationship": "Outer", "Startup Cost": 35233090.02, "Total Cost": 35268682.49, "Plan Rows": 3559247, "Plan Width": 36, "Group By Key": ["lineitem.l_orderkey", "orders.o_orderdate", "orders.o_shippriority"], "Plans": [{"Node Type": "Nested Loop", "Parent Relationship": "Outer", "Join Type": "Inner", "Startup Cost": 168699.14, "Total Cost": 35179701.31, "Plan Rows": 3559247, "Plan Width": 36, "Inner Unique": false, "Plans": [{"Node Type": "Nested Loop", "Parent Relationship": "Outer", "Join Type": "Inner", "Startup Cost": 168698.69, "Total Cost": 31865463.0, "Plan Rows": 715772, "Plan Width": 20, "Inner Unique": true, "Plans": [{"Node Type": "Bitmap Heap Scan", "Parent Relationship": "Outer", "Relation Name": "orders", "Alias": "orders", "Startup Cost": 168698.43, "Total Cost": 536495.14, "Plan Rows": 7310217, "Plan Width": 28, "Recheck Cond": "(o_orderdate < '1995-03-13 00:00:00'::timestamp(0) without time zone), (LLVM Optimized)", "Plans": [{"Node Type": "Bitmap Index Scan", "Parent Relationship": "Outer", "Index Name": "idx_orders_orderdate", "Startup Cost": 0.0, "Total Cost": 166870.88, "Plan Rows": 7310217, "Plan Width": 0, "Index Cond": "(o_orderdate < '1995-03-13 00:00:00'::timestamp(0) without time zone)"}]}, {"Node Type": "Bitmap Heap Scan", "Parent Relationship": "Inner", "Relation Name": "customer", "Alias": "customer", "Startup Cost": 0.26, "Total Cost": 4.28, "Plan Rows": 1, "Plan Width": 8, "Recheck Cond": "(c_custkey = orders.o_custkey)", "Filter": "(c_mktsegment = 'AUTOMOBILE'::bpchar)", "Plans": [{"Node Type": "Bitmap Index Scan", "Parent Relationship": "Outer", "Index Name": "customer_pkey", "Startup Cost": 0.0, "Total Cost": 0.26, "Plan Rows": 1, "Plan Width": 0, "Index Cond": "(c_custkey = orders.o_custkey)"}]}]}, {"Node Type": "Bitmap Heap Scan", "Parent Relationship": "Inner", "Relation Name": "lineitem", "Alias": "lineitem", "Startup Cost": 0.45, "Total Cost": 4.58, "Plan Rows": 5, "Plan Width": 24, "Recheck Cond": "(l_orderkey = orders.o_orderkey)", "Filter": "(l_shipdate > '1995-03-13 00:00:00'::timestamp(0) without time zone)", "Plans": [{"Node Type": "Bitmap Index Scan", "Parent Relationship": "Outer", "Index Name": "idx_lineitem_orderkey", "Startup Cost": 0.0, "Total Cost": 0.44, "Plan Rows": 9, "Plan Width": 0, "Index Cond": "(l_orderkey = orders.o_orderkey)"}]}]}]}]}]}, "Unique SQL Id": 3929762122, "Planner Runtime": 0}, "explain_analyze_plan": null}, "(1, '116')": {"explain_plan": {"Plan": {"Node Type": "Limit", "Startup Cost": 2671272.65, "Total Cost": 2671272.68, "Plan Rows": 10, "Plan Width": 36, "Plans": [{"Node Type": "Sort", "Parent Relationship": "Outer", "Startup Cost": 2671272.65, "Total Cost": 2680170.77, "Plan Rows": 10, "Plan Width": 36, "Sort Key": ["(sum((lineitem.l_extendedprice * (1::double precision - lineitem.l_discount)))) DESC", "orders.o_orderdate"], "Plans": [{"Node Type": "Aggregate", "Strategy": "Hashed", "Parent Relationship": "Outer", "Startup Cost": 2558766.13, "Total Cost": 2594358.6, "Plan Rows": 3559247, "Plan Width": 36, "Group By Key": ["lineitem.l_orderkey", "orders.o_orderdate", "orders.o_shippriority"], "Plans": [{"Node Type": "Nested Loop", "Parent Relationship": "Outer", "Join Type": "Inner", "Startup Cost": 0.0, "Total Cost": 2505377.43, "Plan Rows": 3559247, "Plan Width": 36, "Inner Unique": false, "Plans": [{"Node Type": "Nested Loop", "Parent Relationship": "Outer", "Join Type": "Inner", "Startup Cost": 0.0, "Total Cost": 1500833.09, "Plan Rows": 715772, "Plan Width": 20, "Inner Unique": false, "Plans": [{"Node Type": "Seq Scan", "Parent Relationship": "Outer", "Relation Name": "customer", "Alias": "customer", "Startup Cost": 0.0, "Total Cost": 55876.0, "Plan Rows": 303948, "Plan Width": 8, "Filter": "(c_mktsegment = 'AUTOMOBILE'::bpchar), (LLVM Optimized)"}, {"Node Type": "Index Scan", "Parent Relationship": "Inner", "Scan Direction": "Forward", "Index Name": "idx_orders_custkey", "Relation Name": "orders", "Alias": "orders", "Startup Cost": 0.0, "Total Cost": 4.73, "Plan Rows": 2, "Plan Width": 28, "Index Cond": "(o_custkey = customer.c_custkey)", "Filter": "(o_orderdate < '1995-03-13 00:00:00'::timestamp(0) without time zone)"}]}, {"Node Type": "Index Scan", "Parent Relationship": "Inner", "Scan Direction": "Forward", "Index Name": "idx_lineitem_orderkey", "Relation Name": "lineitem", "Alias": "lineitem", "Startup Cost": 0.0, "Total Cost": 1.35, "Plan Rows": 5, "Plan Width": 24, "Index Cond": "(l_orderkey = orders.o_orderkey)", "Filter": "(l_shipdate > '1995-03-13 00:00:00'::timestamp(0) without time zone)"}]}]}]}]}, "Unique SQL Id": 3929762122, "Planner Runtime": 0}, "explain_analyze_plan": {"Plan": {"Node Type": "Limit", "Startup Cost": 2671272.65, "Total Cost": 2671272.68, "Plan Rows": 10, "Plan Width": 36, "Actual Startup Time": 27779.044, "Actual Total Time": 27779.047, "Actual Rows": 10, "Actual Loops": 1, "Plans": [{"Node Type": "Sort", "Parent Relationship": "Outer", "Startup Cost": 2671272.65, "Total Cost": 2680170.77, "Plan Rows": 10, "Plan Width": 36, "Actual Startup Time": 27779.04, "Actual Total Time": 27779.042, "Actual Rows": 10, "Actual Loops": 1, "Sort Key": ["(sum((lineitem.l_extendedprice * (1::double precision - lineitem.l_discount)))) DESC", "orders.o_orderdate"], "Sort Method": "top-N heapsort", "Sort Space Used": 26, "Sort Space Type": "Memory", "Plans": [{"Node Type": "Aggregate", "Strategy": "Hashed", "Parent Relationship": "Outer", "Startup Cost": 2558766.13, "Total Cost": 2594358.6, "Plan Rows": 3559247, "Plan Width": 36, "Actual Startup Time": 27666.934, "Actual Total Time": 27751.675, "Actual Rows": 113719, "Actual Loops": 1, "Group By Key": ["lineitem.l_orderkey", "orders.o_orderdate", "orders.o_shippriority"], "Plans": [{"Node Type": "Nested Loop", "Parent Relationship": "Outer", "Join Type": "Inner", "Startup Cost": 0.0, "Total Cost": 2505377.43, "Plan Rows": 3559247, "Plan Width": 36, "Actual Startup Time": 0.192, "Actual Total Time": 27341.729, "Actual Rows": 300219, "Actual Loops": 1, "Inner Unique": false, "Plans": [{"Node Type": "Nested Loop", "Parent Relationship": "Outer", "Join Type": "Inner", "Startup Cost": 0.0, "Total Cost": 1500833.09, "Plan Rows": 715772, "Plan Width": 20, "Actual Startup Time": 0.095, "Actual Total Time": 9668.336, "Actual Rows": 1455173, "Actual Loops": 1, "Inner Unique": false, "Plans": [{"Node Type": "Seq Scan", "Parent Relationship": "Outer", "Relation Name": "customer", "Alias": "customer", "Startup Cost": 0.0, "Total Cost": 55876.0, "Plan Rows": 303948, "Plan Width": 8, "Actual Startup Time": 0.049, "Actual Total Time": 635.908, "Actual Rows": 300036, "Actual Loops": 1, "Filter": "(c_mktsegment = 'AUTOMOBILE'::bpchar), (LLVM Optimized, Jit Execute)", "Rows Removed by Filter": 1199964}, {"Node Type": "Index Scan", "Parent Relationship": "Inner", "Scan Direction": "Forward", "Index Name": "idx_orders_custkey", "Relation Name": "orders", "Alias": "orders", "Startup Cost": 0.0, "Total Cost": 4.73, "Plan Rows": 2, "Plan Width": 28, "Actual Startup Time": 2118.749, "Actual Total Time": 8508.063, "Actual Rows": 1455173, "Actual Loops": 300036, "Index Cond": "(o_custkey = customer.c_custkey)", "Rows Removed by Index Recheck": 0, "Filter": "(o_orderdate < '1995-03-13 00:00:00'::timestamp(0) without time zone)", "Rows Removed by Filter": 1545367}]}, {"Node Type": "Index Scan", "Parent Relationship": "Inner", "Scan Direction": "Forward", "Index Name": "idx_lineitem_orderkey", "Relation Name": "lineitem", "Alias": "lineitem", "Startup Cost": 0.0, "Total Cost": 1.35, "Plan Rows": 5, "Plan Width": 24, "Actual Startup Time": 16561.04, "Actual Total Time": 16849.911, "Actual Rows": 300219, "Actual Loops": 1455173, "Index Cond": "(l_orderkey = orders.o_orderkey)", "Rows Removed by Index Recheck": 0, "Filter": "(l_shipdate > '1995-03-13 00:00:00'::timestamp(0) without time zone)", "Rows Removed by Filter": 5519788}]}]}]}]}, "Triggers": [], "Planner Runtime": 0.562, "Total Runtime": 27788.418, "Unique SQL Id": 3929762122}}, "(1, '117')": {"explain_plan": {"Plan": {"Node Type": "Limit", "Startup Cost": 2699912.01, "Total Cost": 2699912.03, "Plan Rows": 10, "Plan Width": 36, "Plans": [{"Node Type": "Sort", "Parent Relationship": "Outer", "Startup Cost": 2699912.01, "Total Cost": 2708810.13, "Plan Rows": 10, "Plan Width": 36, "Sort Key": ["(sum((lineitem.l_extendedprice * (1::double precision - lineitem.l_discount)))) DESC", "orders.o_orderdate"], "Plans": [{"Node Type": "Aggregate", "Strategy": "Hashed", "Parent Relationship": "Outer", "Startup Cost": 2587405.49, "Total Cost": 2622997.96, "Plan Rows": 3559247, "Plan Width": 36, "Group By Key": ["lineitem.l_orderkey", "orders.o_orderdate", "orders.o_shippriority"], "Plans": [{"Node Type": "Nested Loop", "Parent Relationship": "Outer", "Join Type": "Inner", "Startup Cost": 0.0, "Total Cost": 2534016.78, "Plan Rows": 3559247, "Plan Width": 36, "Inner Unique": false, "Plans": [{"Node Type": "Nested Loop", "Parent Relationship": "Outer", "Join Type": "Inner", "Startup Cost": 0.0, "Total Cost": 1529472.45, "Plan Rows": 715772, "Plan Width": 20, "Inner Unique": false, "Plans": [{"Node Type": "Index Scan", "Parent Relationship": "Outer", "Scan Direction": "Forward", "Index Name": "customer_pkey", "Relation Name": "customer", "Alias": "customer", "Startup Cost": 0.0, "Total Cost": 84515.36, "Plan Rows": 303948, "Plan Width": 8, "Filter": "(c_mktsegment = 'AUTOMOBILE'::bpchar), (LLVM Optimized)"}, {"Node Type": "Index Scan", "Parent Relationship": "Inner", "Scan Direction": "Forward", "Index Name": "idx_orders_custkey", "Relation Name": "orders", "Alias": "orders", "Startup Cost": 0.0, "Total Cost": 4.73, "Plan Rows": 2, "Plan Width": 28, "Index Cond": "(o_custkey = customer.c_custkey)", "Filter": "(o_orderdate < '1995-03-13 00:00:00'::timestamp(0) without time zone)"}]}, {"Node Type": "Index Scan", "Parent Relationship": "Inner", "Scan Direction": "Forward", "Index Name": "idx_lineitem_orderkey", "Relation Name": "lineitem", "Alias": "lineitem", "Startup Cost": 0.0, "Total Cost": 1.35, "Plan Rows": 5, "Plan Width": 24, "Index Cond": "(l_orderkey = orders.o_orderkey)", "Filter": "(l_shipdate > '1995-03-13 00:00:00'::timestamp(0) without time zone)"}]}]}]}]}, "Unique SQL Id": 3929762122, "Planner Runtime": 0}, "explain_analyze_plan": {"Plan": {"Node Type": "Limit", "Startup Cost": 2699912.01, "Total Cost": 2699912.03, "Plan Rows": 10, "Plan Width": 36, "Actual Startup Time": 28682.927, "Actual Total Time": 28682.93, "Actual Rows": 10, "Actual Loops": 1, "Plans": [{"Node Type": "Sort", "Parent Relationship": "Outer", "Startup Cost": 2699912.01, "Total Cost": 2708810.13, "Plan Rows": 10, "Plan Width": 36, "Actual Startup Time": 28682.924, "Actual Total Time": 28682.927, "Actual Rows": 10, "Actual Loops": 1, "Sort Key": ["(sum((lineitem.l_extendedprice * (1::double precision - lineitem.l_discount)))) DESC", "orders.o_orderdate"], "Sort Method": "top-N heapsort", "Sort Space Used": 26, "Sort Space Type": "Memory", "Plans": [{"Node Type": "Aggregate", "Strategy": "Hashed", "Parent Relationship": "Outer", "Startup Cost": 2587405.49, "Total Cost": 2622997.96, "Plan Rows": 3559247, "Plan Width": 36, "Actual Startup Time": 28589.273, "Actual Total Time": 28655.673, "Actual Rows": 113719, "Actual Loops": 1, "Group By Key": ["lineitem.l_orderkey", "orders.o_orderdate", "orders.o_shippriority"], "Plans": [{"Node Type": "Nested Loop", "Parent Relationship": "Outer", "Join Type": "Inner", "Startup Cost": 0.0, "Total Cost": 2534016.78, "Plan Rows": 3559247, "Plan Width": 36, "Actual Startup Time": 0.188, "Actual Total Time": 28265.178, "Actual Rows": 300219, "Actual Loops": 1, "Inner Unique": false, "Plans": [{"Node Type": "Nested Loop", "Parent Relationship": "Outer", "Join Type": "Inner", "Startup Cost": 0.0, "Total Cost": 1529472.45, "Plan Rows": 715772, "Plan Width": 20, "Actual Startup Time": 0.091, "Actual Total Time": 10349.336, "Actual Rows": 1455173, "Actual Loops": 1, "Inner Unique": false, "Plans": [{"Node Type": "Index Scan", "Parent Relationship": "Outer", "Scan Direction": "Forward", "Index Name": "customer_pkey", "Relation Name": "customer", "Alias": "customer", "Startup Cost": 0.0, "Total Cost": 84515.36, "Plan Rows": 303948, "Plan Width": 8, "Actual Startup Time": 0.064, "Actual Total Time": 1190.084, "Actual Rows": 300036, "Actual Loops": 1, "Filter": "(c_mktsegment = 'AUTOMOBILE'::bpchar), (LLVM Optimized, Jit Execute)", "Rows Removed by Filter": 1199964}, {"Node Type": "Index Scan", "Parent Relationship": "Inner", "Scan Direction": "Forward", "Index Name": "idx_orders_custkey", "Relation Name": "orders", "Alias": "orders", "Startup Cost": 0.0, "Total Cost": 4.73, "Plan Rows": 2, "Plan Width": 28, "Actual Startup Time": 2137.39, "Actual Total Time": 8636.858, "Actual Rows": 1455173, "Actual Loops": 300036, "Index Cond": "(o_custkey = customer.c_custkey)", "Rows Removed by Index Recheck": 0, "Filter": "(o_orderdate < '1995-03-13 00:00:00'::timestamp(0) without time zone)", "Rows Removed by Filter": 1545367}]}, {"Node Type": "Index Scan", "Parent Relationship": "Inner", "Scan Direction": "Forward", "Index Name": "idx_lineitem_orderkey", "Relation Name": "lineitem", "Alias": "lineitem", "Startup Cost": 0.0, "Total Cost": 1.35, "Plan Rows": 5, "Plan Width": 24, "Actual Startup Time": 16806.131, "Actual Total Time": 17097.677, "Actual Rows": 300219, "Actual Loops": 1455173, "Index Cond": "(l_orderkey = orders.o_orderkey)", "Rows Removed by Index Recheck": 0, "Filter": "(l_shipdate > '1995-03-13 00:00:00'::timestamp(0) without time zone)", "Rows Removed by Filter": 5519788}]}]}]}]}, "Triggers": [], "Planner Runtime": 1.026, "Total Runtime": 28692.282, "Unique SQL Id": 3929762122}}, "(1, '118')": {"explain_plan": {"Plan": {"Node Type": "Limit", "Startup Cost": 5091242.79, "Total Cost": 5091242.81, "Plan Rows": 10, "Plan Width": 36, "Plans": [{"Node Type": "Sort", "Parent Relationship": "Outer", "Startup Cost": 5091242.79, "Total Cost": 5100140.91, "Plan Rows": 10, "Plan Width": 36, "Sort Key": ["(sum((lineitem.l_extendedprice * (1::double precision - lineitem.l_discount)))) DESC", "orders.o_orderdate"], "Plans": [{"Node Type": "Aggregate", "Strategy": "Hashed", "Parent Relationship": "Outer", "Startup Cost": 4978736.27, "Total Cost": 5014328.74, "Plan Rows": 3559247, "Plan Width": 36, "Group By Key": ["lineitem.l_orderkey", "orders.o_orderdate", "orders.o_shippriority"], "Plans": [{"Node Type": "Nested Loop", "Parent Relationship": "Outer", "Join Type": "Inner", "Startup Cost": 1.48, "Total Cost": 4925347.57, "Plan Rows": 3559247, "Plan Width": 36, "Inner Unique": false, "Plans": [{"Node Type": "Nested Loop", "Parent Relationship": "Outer", "Join Type": "Inner", "Startup Cost": 1.04, "Total Cost": 1611109.25, "Plan Rows": 715772, "Plan Width": 20, "Inner Unique": false, "Plans": [{"Node Type": "Seq Scan", "Parent Relationship": "Outer", "Relation Name": "customer", "Alias": "customer", "Startup Cost": 0.0, "Total Cost": 55876.0, "Plan Rows": 303948, "Plan Width": 8, "Filter": "(c_mktsegment = 'AUTOMOBILE'::bpchar), (LLVM Optimized)"}, {"Node Type": "Bitmap Heap Scan", "Parent Relationship": "Inner", "Relation Name": "orders", "Alias": "orders", "Startup Cost": 1.04, "Total Cost": 5.1, "Plan Rows": 2, "Plan Width": 28, "Recheck Cond": "(o_custkey = customer.c_custkey)", "Filter": "(o_orderdate < '1995-03-13 00:00:00'::timestamp(0) without time zone)", "Plans": [{"Node Type": "Bitmap Index Scan", "Parent Relationship": "Outer", "Index Name": "idx_orders_custkey", "Startup Cost": 0.0, "Total Cost": 1.04, "Plan Rows": 4, "Plan Width": 0, "Index Cond": "(o_custkey = customer.c_custkey)"}]}]}, {"Node Type": "Bitmap Heap Scan", "Parent Relationship": "Inner", "Relation Name": "lineitem", "Alias": "lineitem", "Startup Cost": 0.45, "Total Cost": 4.58, "Plan Rows": 5, "Plan Width": 24, "Recheck Cond": "(l_orderkey = orders.o_orderkey)", "Filter": "(l_shipdate > '1995-03-13 00:00:00'::timestamp(0) without time zone)", "Plans": [{"Node Type": "Bitmap Index Scan", "Parent Relationship": "Outer", "Index Name": "idx_lineitem_orderkey", "Startup Cost": 0.0, "Total Cost": 0.44, "Plan Rows": 9, "Plan Width": 0, "Index Cond": "(l_orderkey = orders.o_orderkey)"}]}]}]}]}]}, "Unique SQL Id": 3929762122, "Planner Runtime": 0}, "explain_analyze_plan": {"Plan": {"Node Type": "Limit", "Startup Cost": 5091242.79, "Total Cost": 5091242.81, "Plan Rows": 10, "Plan Width": 36, "Actual Startup Time": 31249.263, "Actual Total Time": 31249.267, "Actual Rows": 10, "Actual Loops": 1, "Plans": [{"Node Type": "Sort", "Parent Relationship": "Outer", "Startup Cost": 5091242.79, "Total Cost": 5100140.91, "Plan Rows": 10, "Plan Width": 36, "Actual Startup Time": 31249.259, "Actual Total Time": 31249.259, "Actual Rows": 10, "Actual Loops": 1, "Sort Key": ["(sum((lineitem.l_extendedprice * (1::double precision - lineitem.l_discount)))) DESC", "orders.o_orderdate"], "Sort Method": "top-N heapsort", "Sort Space Used": 26, "Sort Space Type": "Memory", "Plans": [{"Node Type": "Aggregate", "Strategy": "Hashed", "Parent Relationship": "Outer", "Startup Cost": 4978736.27, "Total Cost": 5014328.74, "Plan Rows": 3559247, "Plan Width": 36, "Actual Startup Time": 31158.208, "Actual Total Time": 31221.902, "Actual Rows": 113719, "Actual Loops": 1, "Group By Key": ["lineitem.l_orderkey", "orders.o_orderdate", "orders.o_shippriority"], "Plans": [{"Node Type": "Nested Loop", "Parent Relationship": "Outer", "Join Type": "Inner", "Startup Cost": 1.48, "Total Cost": 4925347.57, "Plan Rows": 3559247, "Plan Width": 36, "Actual Startup Time": 0.253, "Actual Total Time": 30789.484, "Actual Rows": 300219, "Actual Loops": 1, "Inner Unique": false, "Plans": [{"Node Type": "Nested Loop", "Parent Relationship": "Outer", "Join Type": "Inner", "Startup Cost": 1.04, "Total Cost": 1611109.25, "Plan Rows": 715772, "Plan Width": 20, "Actual Startup Time": 0.131, "Actual Total Time": 11323.579, "Actual Rows": 1455173, "Actual Loops": 1, "Inner Unique": false, "Plans": [{"Node Type": "Seq Scan", "Parent Relationship": "Outer", "Relation Name": "customer", "Alias": "customer", "Startup Cost": 0.0, "Total Cost": 55876.0, "Plan Rows": 303948, "Plan Width": 8, "Actual Startup Time": 0.053, "Actual Total Time": 659.557, "Actual Rows": 300036, "Actual Loops": 1, "Filter": "(c_mktsegment = 'AUTOMOBILE'::bpchar), (LLVM Optimized, Jit Execute)", "Rows Removed by Filter": 1199964}, {"Node Type": "Bitmap Heap Scan", "Parent Relationship": "Inner", "Relation Name": "orders", "Alias": "orders", "Startup Cost": 1.04, "Total Cost": 5.1, "Plan Rows": 2, "Plan Width": 28, "Actual Startup Time": 3169.52, "Actual Total Time": 9903.348, "Actual Rows": 1455173, "Actual Loops": 300036, "Recheck Cond": "(o_custkey = customer.c_custkey)", "Rows Removed by Index Recheck": 0, "Filter": "(o_orderdate < '1995-03-13 00:00:00'::timestamp(0) without time zone)", "Rows Removed by Filter": 1545367, "Exact Heap Blocks": 3000452, "Lossy Heap Blocks": 3000452, "Plans": [{"Node Type": "Bitmap Index Scan", "Parent Relationship": "Outer", "Index Name": "idx_orders_custkey", "Startup Cost": 0.0, "Total Cost": 1.04, "Plan Rows": 4, "Plan Width": 0, "Actual Startup Time": 1489.754, "Actual Total Time": 1489.754, "Actual Rows": 3000540, "Actual Loops": 300036, "Index Cond": "(o_custkey = customer.c_custkey)"}]}]}, {"Node Type": "Bitmap Heap Scan", "Parent Relationship": "Inner", "Relation Name": "lineitem", "Alias": "lineitem", "Startup Cost": 0.45, "Total Cost": 4.58, "Plan Rows": 5, "Plan Width": 24, "Actual Startup Time": 17544.561, "Actual Total Time": 17667.041, "Actual Rows": 300219, "Actual Loops": 1455173, "Recheck Cond": "(l_orderkey = orders.o_orderkey)", "Rows Removed by Index Recheck": 0, "Filter": "(l_shipdate > '1995-03-13 00:00:00'::timestamp(0) without time zone)", "Rows Removed by Filter": 5519788, "Exact Heap Blocks": 1558994, "Lossy Heap Blocks": 1558994, "Plans": [{"Node Type": "Bitmap Index Scan", "Parent Relationship": "Outer", "Index Name": "idx_lineitem_orderkey", "Startup Cost": 0.0, "Total Cost": 0.44, "Plan Rows": 9, "Plan Width": 0, "Actual Startup Time": 10053.452, "Actual Total Time": 10053.452, "Actual Rows": 5820007, "Actual Loops": 1455173, "Index Cond": "(l_orderkey = orders.o_orderkey)"}]}]}]}]}]}, "Triggers": [], "Planner Runtime": 0.581, "Total Runtime": 31258.584, "Unique SQL Id": 3929762122}}, "(1, '119')": {"explain_plan": {"Plan": {"Node Type": "Limit", "Startup Cost": 35345596.54, "Total Cost": 35345596.56, "Plan Rows": 10, "Plan Width": 36, "Plans": [{"Node Type": "Sort", "Parent Relationship": "Outer", "Startup Cost": 35345596.54, "Total Cost": 35354494.65, "Plan Rows": 10, "Plan Width": 36, "Sort Key": ["(sum((lineitem.l_extendedprice * (1::double precision - lineitem.l_discount)))) DESC", "orders.o_orderdate"], "Plans": [{"Node Type": "Aggregate", "Strategy": "Hashed", "Parent Relationship": "Outer", "Startup Cost": 35233090.02, "Total Cost": 35268682.49, "Plan Rows": 3559247, "Plan Width": 36, "Group By Key": ["lineitem.l_orderkey", "orders.o_orderdate", "orders.o_shippriority"], "Plans": [{"Node Type": "Nested Loop", "Parent Relationship": "Outer", "Join Type": "Inner", "Startup Cost": 168699.14, "Total Cost": 35179701.31, "Plan Rows": 3559247, "Plan Width": 36, "Inner Unique": false, "Plans": [{"Node Type": "Nested Loop", "Parent Relationship": "Outer", "Join Type": "Inner", "Startup Cost": 168698.69, "Total Cost": 31865463.0, "Plan Rows": 715772, "Plan Width": 20, "Inner Unique": true, "Plans": [{"Node Type": "Bitmap Heap Scan", "Parent Relationship": "Outer", "Relation Name": "orders", "Alias": "orders", "Startup Cost": 168698.43, "Total Cost": 536495.14, "Plan Rows": 7310217, "Plan Width": 28, "Recheck Cond": "(o_orderdate < '1995-03-13 00:00:00'::timestamp(0) without time zone), (LLVM Optimized)", "Plans": [{"Node Type": "Bitmap Index Scan", "Parent Relationship": "Outer", "Index Name": "idx_orders_orderdate", "Startup Cost": 0.0, "Total Cost": 166870.88, "Plan Rows": 7310217, "Plan Width": 0, "Index Cond": "(o_orderdate < '1995-03-13 00:00:00'::timestamp(0) without time zone)"}]}, {"Node Type": "Bitmap Heap Scan", "Parent Relationship": "Inner", "Relation Name": "customer", "Alias": "customer", "Startup Cost": 0.26, "Total Cost": 4.28, "Plan Rows": 1, "Plan Width": 8, "Recheck Cond": "(c_custkey = orders.o_custkey)", "Filter": "(c_mktsegment = 'AUTOMOBILE'::bpchar)", "Plans": [{"Node Type": "Bitmap Index Scan", "Parent Relationship": "Outer", "Index Name": "customer_pkey", "Startup Cost": 0.0, "Total Cost": 0.26, "Plan Rows": 1, "Plan Width": 0, "Index Cond": "(c_custkey = orders.o_custkey)"}]}]}, {"Node Type": "Bitmap Heap Scan", "Parent Relationship": "Inner", "Relation Name": "lineitem", "Alias": "lineitem", "Startup Cost": 0.45, "Total Cost": 4.58, "Plan Rows": 5, "Plan Width": 24, "Recheck Cond": "(l_orderkey = orders.o_orderkey)", "Filter": "(l_shipdate > '1995-03-13 00:00:00'::timestamp(0) without time zone)", "Plans": [{"Node Type": "Bitmap Index Scan", "Parent Relationship": "Outer", "Index Name": "idx_lineitem_orderkey", "Startup Cost": 0.0, "Total Cost": 0.44, "Plan Rows": 9, "Plan Width": 0, "Index Cond": "(l_orderkey = orders.o_orderkey)"}]}]}]}]}]}, "Unique SQL Id": 3929762122, "Planner Runtime": 0}, "explain_analyze_plan": null}, "(1, '120')": {"explain_plan": {"Plan": {"Node Type": "Limit", "Startup Cost": 2671272.65, "Total Cost": 2671272.68, "Plan Rows": 10, "Plan Width": 36, "Plans": [{"Node Type": "Sort", "Parent Relationship": "Outer", "Startup Cost": 2671272.65, "Total Cost": 2680170.77, "Plan Rows": 10, "Plan Width": 36, "Sort Key": ["(sum((lineitem.l_extendedprice * (1::double precision - lineitem.l_discount)))) DESC", "orders.o_orderdate"], "Plans": [{"Node Type": "Aggregate", "Strategy": "Hashed", "Parent Relationship": "Outer", "Startup Cost": 2558766.13, "Total Cost": 2594358.6, "Plan Rows": 3559247, "Plan Width": 36, "Group By Key": ["lineitem.l_orderkey", "orders.o_orderdate", "orders.o_shippriority"], "Plans": [{"Node Type": "Nested Loop", "Parent Relationship": "Outer", "Join Type": "Inner", "Startup Cost": 0.0, "Total Cost": 2505377.43, "Plan Rows": 3559247, "Plan Width": 36, "Inner Unique": false, "Plans": [{"Node Type": "Nested Loop", "Parent Relationship": "Outer", "Join Type": "Inner", "Startup Cost": 0.0, "Total Cost": 1500833.09, "Plan Rows": 715772, "Plan Width": 20, "Inner Unique": false, "Plans": [{"Node Type": "Seq Scan", "Parent Relationship": "Outer", "Relation Name": "customer", "Alias": "customer", "Startup Cost": 0.0, "Total Cost": 55876.0, "Plan Rows": 303948, "Plan Width": 8, "Filter": "(c_mktsegment = 'AUTOMOBILE'::bpchar), (LLVM Optimized)"}, {"Node Type": "Index Scan", "Parent Relationship": "Inner", "Scan Direction": "Forward", "Index Name": "idx_orders_custkey", "Relation Name": "orders", "Alias": "orders", "Startup Cost": 0.0, "Total Cost": 4.73, "Plan Rows": 2, "Plan Width": 28, "Index Cond": "(o_custkey = customer.c_custkey)", "Filter": "(o_orderdate < '1995-03-13 00:00:00'::timestamp(0) without time zone)"}]}, {"Node Type": "Index Scan", "Parent Relationship": "Inner", "Scan Direction": "Forward", "Index Name": "idx_lineitem_orderkey", "Relation Name": "lineitem", "Alias": "lineitem", "Startup Cost": 0.0, "Total Cost": 1.35, "Plan Rows": 5, "Plan Width": 24, "Index Cond": "(l_orderkey = orders.o_orderkey)", "Filter": "(l_shipdate > '1995-03-13 00:00:00'::timestamp(0) without time zone)"}]}]}]}]}, "Unique SQL Id": 3929762122, "Planner Runtime": 0}, "explain_analyze_plan": {"Plan": {"Node Type": "Limit", "Startup Cost": 2671272.65, "Total Cost": 2671272.68, "Plan Rows": 10, "Plan Width": 36, "Actual Startup Time": 27779.044, "Actual Total Time": 27779.047, "Actual Rows": 10, "Actual Loops": 1, "Plans": [{"Node Type": "Sort", "Parent Relationship": "Outer", "Startup Cost": 2671272.65, "Total Cost": 2680170.77, "Plan Rows": 10, "Plan Width": 36, "Actual Startup Time": 27779.04, "Actual Total Time": 27779.042, "Actual Rows": 10, "Actual Loops": 1, "Sort Key": ["(sum((lineitem.l_extendedprice * (1::double precision - lineitem.l_discount)))) DESC", "orders.o_orderdate"], "Sort Method": "top-N heapsort", "Sort Space Used": 26, "Sort Space Type": "Memory", "Plans": [{"Node Type": "Aggregate", "Strategy": "Hashed", "Parent Relationship": "Outer", "Startup Cost": 2558766.13, "Total Cost": 2594358.6, "Plan Rows": 3559247, "Plan Width": 36, "Actual Startup Time": 27666.934, "Actual Total Time": 27751.675, "Actual Rows": 113719, "Actual Loops": 1, "Group By Key": ["lineitem.l_orderkey", "orders.o_orderdate", "orders.o_shippriority"], "Plans": [{"Node Type": "Nested Loop", "Parent Relationship": "Outer", "Join Type": "Inner", "Startup Cost": 0.0, "Total Cost": 2505377.43, "Plan Rows": 3559247, "Plan Width": 36, "Actual Startup Time": 0.192, "Actual Total Time": 27341.729, "Actual Rows": 300219, "Actual Loops": 1, "Inner Unique": false, "Plans": [{"Node Type": "Nested Loop", "Parent Relationship": "Outer", "Join Type": "Inner", "Startup Cost": 0.0, "Total Cost": 1500833.09, "Plan Rows": 715772, "Plan Width": 20, "Actual Startup Time": 0.095, "Actual Total Time": 9668.336, "Actual Rows": 1455173, "Actual Loops": 1, "Inner Unique": false, "Plans": [{"Node Type": "Seq Scan", "Parent Relationship": "Outer", "Relation Name": "customer", "Alias": "customer", "Startup Cost": 0.0, "Total Cost": 55876.0, "Plan Rows": 303948, "Plan Width": 8, "Actual Startup Time": 0.049, "Actual Total Time": 635.908, "Actual Rows": 300036, "Actual Loops": 1, "Filter": "(c_mktsegment = 'AUTOMOBILE'::bpchar), (LLVM Optimized, Jit Execute)", "Rows Removed by Filter": 1199964}, {"Node Type": "Index Scan", "Parent Relationship": "Inner", "Scan Direction": "Forward", "Index Name": "idx_orders_custkey", "Relation Name": "orders", "Alias": "orders", "Startup Cost": 0.0, "Total Cost": 4.73, "Plan Rows": 2, "Plan Width": 28, "Actual Startup Time": 2118.749, "Actual Total Time": 8508.063, "Actual Rows": 1455173, "Actual Loops": 300036, "Index Cond": "(o_custkey = customer.c_custkey)", "Rows Removed by Index Recheck": 0, "Filter": "(o_orderdate < '1995-03-13 00:00:00'::timestamp(0) without time zone)", "Rows Removed by Filter": 1545367}]}, {"Node Type": "Index Scan", "Parent Relationship": "Inner", "Scan Direction": "Forward", "Index Name": "idx_lineitem_orderkey", "Relation Name": "lineitem", "Alias": "lineitem", "Startup Cost": 0.0, "Total Cost": 1.35, "Plan Rows": 5, "Plan Width": 24, "Actual Startup Time": 16561.04, "Actual Total Time": 16849.911, "Actual Rows": 300219, "Actual Loops": 1455173, "Index Cond": "(l_orderkey = orders.o_orderkey)", "Rows Removed by Index Recheck": 0, "Filter": "(l_shipdate > '1995-03-13 00:00:00'::timestamp(0) without time zone)", "Rows Removed by Filter": 5519788}]}]}]}]}, "Triggers": [], "Planner Runtime": 0.562, "Total Runtime": 27788.418, "Unique SQL Id": 3929762122}}, "(1, '121')": {"explain_plan": {"Plan": {"Node Type": "Limit", "Startup Cost": 2699912.01, "Total Cost": 2699912.03, "Plan Rows": 10, "Plan Width": 36, "Plans": [{"Node Type": "Sort", "Parent Relationship": "Outer", "Startup Cost": 2699912.01, "Total Cost": 2708810.13, "Plan Rows": 10, "Plan Width": 36, "Sort Key": ["(sum((lineitem.l_extendedprice * (1::double precision - lineitem.l_discount)))) DESC", "orders.o_orderdate"], "Plans": [{"Node Type": "Aggregate", "Strategy": "Hashed", "Parent Relationship": "Outer", "Startup Cost": 2587405.49, "Total Cost": 2622997.96, "Plan Rows": 3559247, "Plan Width": 36, "Group By Key": ["lineitem.l_orderkey", "orders.o_orderdate", "orders.o_shippriority"], "Plans": [{"Node Type": "Nested Loop", "Parent Relationship": "Outer", "Join Type": "Inner", "Startup Cost": 0.0, "Total Cost": 2534016.78, "Plan Rows": 3559247, "Plan Width": 36, "Inner Unique": false, "Plans": [{"Node Type": "Nested Loop", "Parent Relationship": "Outer", "Join Type": "Inner", "Startup Cost": 0.0, "Total Cost": 1529472.45, "Plan Rows": 715772, "Plan Width": 20, "Inner Unique": false, "Plans": [{"Node Type": "Index Scan", "Parent Relationship": "Outer", "Scan Direction": "Forward", "Index Name": "customer_pkey", "Relation Name": "customer", "Alias": "customer", "Startup Cost": 0.0, "Total Cost": 84515.36, "Plan Rows": 303948, "Plan Width": 8, "Filter": "(c_mktsegment = 'AUTOMOBILE'::bpchar), (LLVM Optimized)"}, {"Node Type": "Index Scan", "Parent Relationship": "Inner", "Scan Direction": "Forward", "Index Name": "idx_orders_custkey", "Relation Name": "orders", "Alias": "orders", "Startup Cost": 0.0, "Total Cost": 4.73, "Plan Rows": 2, "Plan Width": 28, "Index Cond": "(o_custkey = customer.c_custkey)", "Filter": "(o_orderdate < '1995-03-13 00:00:00'::timestamp(0) without time zone)"}]}, {"Node Type": "Index Scan", "Parent Relationship": "Inner", "Scan Direction": "Forward", "Index Name": "idx_lineitem_orderkey", "Relation Name": "lineitem", "Alias": "lineitem", "Startup Cost": 0.0, "Total Cost": 1.35, "Plan Rows": 5, "Plan Width": 24, "Index Cond": "(l_orderkey = orders.o_orderkey)", "Filter": "(l_shipdate > '1995-03-13 00:00:00'::timestamp(0) without time zone)"}]}]}]}]}, "Unique SQL Id": 3929762122, "Planner Runtime": 0}, "explain_analyze_plan": {"Plan": {"Node Type": "Limit", "Startup Cost": 2699912.01, "Total Cost": 2699912.03, "Plan Rows": 10, "Plan Width": 36, "Actual Startup Time": 28682.927, "Actual Total Time": 28682.93, "Actual Rows": 10, "Actual Loops": 1, "Plans": [{"Node Type": "Sort", "Parent Relationship": "Outer", "Startup Cost": 2699912.01, "Total Cost": 2708810.13, "Plan Rows": 10, "Plan Width": 36, "Actual Startup Time": 28682.924, "Actual Total Time": 28682.927, "Actual Rows": 10, "Actual Loops": 1, "Sort Key": ["(sum((lineitem.l_extendedprice * (1::double precision - lineitem.l_discount)))) DESC", "orders.o_orderdate"], "Sort Method": "top-N heapsort", "Sort Space Used": 26, "Sort Space Type": "Memory", "Plans": [{"Node Type": "Aggregate", "Strategy": "Hashed", "Parent Relationship": "Outer", "Startup Cost": 2587405.49, "Total Cost": 2622997.96, "Plan Rows": 3559247, "Plan Width": 36, "Actual Startup Time": 28589.273, "Actual Total Time": 28655.673, "Actual Rows": 113719, "Actual Loops": 1, "Group By Key": ["lineitem.l_orderkey", "orders.o_orderdate", "orders.o_shippriority"], "Plans": [{"Node Type": "Nested Loop", "Parent Relationship": "Outer", "Join Type": "Inner", "Startup Cost": 0.0, "Total Cost": 2534016.78, "Plan Rows": 3559247, "Plan Width": 36, "Actual Startup Time": 0.188, "Actual Total Time": 28265.178, "Actual Rows": 300219, "Actual Loops": 1, "Inner Unique": false, "Plans": [{"Node Type": "Nested Loop", "Parent Relationship": "Outer", "Join Type": "Inner", "Startup Cost": 0.0, "Total Cost": 1529472.45, "Plan Rows": 715772, "Plan Width": 20, "Actual Startup Time": 0.091, "Actual Total Time": 10349.336, "Actual Rows": 1455173, "Actual Loops": 1, "Inner Unique": false, "Plans": [{"Node Type": "Index Scan", "Parent Relationship": "Outer", "Scan Direction": "Forward", "Index Name": "customer_pkey", "Relation Name": "customer", "Alias": "customer", "Startup Cost": 0.0, "Total Cost": 84515.36, "Plan Rows": 303948, "Plan Width": 8, "Actual Startup Time": 0.064, "Actual Total Time": 1190.084, "Actual Rows": 300036, "Actual Loops": 1, "Filter": "(c_mktsegment = 'AUTOMOBILE'::bpchar), (LLVM Optimized, Jit Execute)", "Rows Removed by Filter": 1199964}, {"Node Type": "Index Scan", "Parent Relationship": "Inner", "Scan Direction": "Forward", "Index Name": "idx_orders_custkey", "Relation Name": "orders", "Alias": "orders", "Startup Cost": 0.0, "Total Cost": 4.73, "Plan Rows": 2, "Plan Width": 28, "Actual Startup Time": 2137.39, "Actual Total Time": 8636.858, "Actual Rows": 1455173, "Actual Loops": 300036, "Index Cond": "(o_custkey = customer.c_custkey)", "Rows Removed by Index Recheck": 0, "Filter": "(o_orderdate < '1995-03-13 00:00:00'::timestamp(0) without time zone)", "Rows Removed by Filter": 1545367}]}, {"Node Type": "Index Scan", "Parent Relationship": "Inner", "Scan Direction": "Forward", "Index Name": "idx_lineitem_orderkey", "Relation Name": "lineitem", "Alias": "lineitem", "Startup Cost": 0.0, "Total Cost": 1.35, "Plan Rows": 5, "Plan Width": 24, "Actual Startup Time": 16806.131, "Actual Total Time": 17097.677, "Actual Rows": 300219, "Actual Loops": 1455173, "Index Cond": "(l_orderkey = orders.o_orderkey)", "Rows Removed by Index Recheck": 0, "Filter": "(l_shipdate > '1995-03-13 00:00:00'::timestamp(0) without time zone)", "Rows Removed by Filter": 5519788}]}]}]}]}, "Triggers": [], "Planner Runtime": 1.026, "Total Runtime": 28692.282, "Unique SQL Id": 3929762122}}, "(1, '122')": {"explain_plan": {"Plan": {"Node Type": "Limit", "Startup Cost": 383528982462.14, "Total Cost": 383528982462.17, "Plan Rows": 10, "Plan Width": 36, "Plans": [{"Node Type": "Sort", "Parent Relationship": "Outer", "Startup Cost": 383528982462.14, "Total Cost": 383528991360.26, "Plan Rows": 10, "Plan Width": 36, "Sort Key": ["(sum((lineitem.l_extendedprice * (1::double precision - lineitem.l_discount)))) DESC", "orders.o_orderdate"], "Plans": [{"Node Type": "Aggregate", "Strategy": "Hashed", "Parent Relationship": "Outer", "Startup Cost": 383528869955.62, "Total Cost": 383528905548.09, "Plan Rows": 3559247, "Plan Width": 36, "Group By Key": ["lineitem.l_orderkey", "orders.o_orderdate", "orders.o_shippriority"], "Plans": [{"Node Type": "Nested Loop", "Parent Relationship": "Outer", "Join Type": "Inner", "Startup Cost": 386.46, "Total Cost": 383528816566.92, "Plan Rows": 3559247, "Plan Width": 36, "Inner Unique": false, "Join Filter": "(orders.o_orderkey = lineitem.l_orderkey), (LLVM Optimized)", "Plans": [{"Node Type": "Seq Scan", "Parent Relationship": "Outer", "Relation Name": "lineitem", "Alias": "lineitem", "Startup Cost": 0.0, "Total Cost": 2165082.91, "Plan Rows": 32617206, "Plan Width": 24, "Filter": "(l_shipdate > '1995-03-13 00:00:00'::timestamp(0) without time zone), (LLVM Optimized)"}, {"Node Type": "Materialize", "Parent Relationship": "Inner", "Startup Cost": 386.46, "Total Cost": 33329411677.96, "Plan Rows": 715772, "Plan Width": 20, "Plans": [{"Node Type": "Nested Loop", "Parent Relationship": "Outer", "Join Type": "Inner", "Startup Cost": 386.46, "Total Cost": 33329408099.1, "Plan Rows": 715772, "Plan Width": 20, "Inner Unique": true, "Join Filter": "(customer.c_custkey = orders.o_custkey), (LLVM Optimized)", "Plans": [{"Node Type": "Seq Scan", "Parent Relationship": "Outer", "Relation Name": "orders", "Alias": "orders", "Startup Cost": 386.46, "Total Cost": 463912.49, "Plan Rows": 7310217, "Plan Width": 28, "Filter": "(o_orderdate < '1995-03-13 00:00:00'::timestamp(0) without time zone), (LLVM Optimized)"}, {"Node Type": "Materialize", "Parent Relationship": "Inner", "Startup Cost": 0.0, "Total Cost": 57395.74, "Plan Rows": 303948, "Plan Width": 8, "Plans": [{"Node Type": "Seq Scan", "Parent Relationship": "Outer", "Relation Name": "customer", "Alias": "customer", "Startup Cost": 0.0, "Total Cost": 55876.0, "Plan Rows": 303948, "Plan Width": 8, "Filter": "(c_mktsegment = 'AUTOMOBILE'::bpchar), (LLVM Optimized)"}]}]}]}]}]}]}]}, "Unique SQL Id": 3929762122, "Planner Runtime": 0}, "explain_analyze_plan": null}, "(1, '123')": {"explain_plan": {"Plan": {"Node Type": "Limit", "Startup Cost": 3383950608972.36, "Total Cost": 3383950608972.39, "Plan Rows": 10, "Plan Width": 36, "Plans": [{"Node Type": "Sort", "Parent Relationship": "Outer", "Startup Cost": 3383950608972.36, "Total Cost": 3383950617870.48, "Plan Rows": 10, "Plan Width": 36, "Sort Key": ["(sum((lineitem.l_extendedprice * (1::double precision - lineitem.l_discount)))) DESC", "orders.o_orderdate"], "Plans": [{"Node Type": "Aggregate", "Strategy": "Hashed", "Parent Relationship": "Outer", "Startup Cost": 3383950496465.85, "Total Cost": 3383950532058.32, "Plan Rows": 3559247, "Plan Width": 36, "Group By Key": ["lineitem.l_orderkey", "orders.o_orderdate", "orders.o_shippriority"], "Plans": [{"Node Type": "Nested Loop", "Parent Relationship": "Outer", "Join Type": "Inner", "Startup Cost": 30000000000.0, "Total Cost": 3383950443077.14, "Plan Rows": 3559247, "Plan Width": 36, "Inner Unique": false, "Join Filter": "(orders.o_orderkey = lineitem.l_orderkey), (LLVM Optimized)", "Plans": [{"Node Type": "Index Scan", "Parent Relationship": "Outer", "Scan Direction": "Forward", "Index Name": "idx_lineitem_orderkey", "Relation Name": "lineitem", "Alias": "lineitem", "Startup Cost": 10000000000.0, "Total Cost": 1000339012132.75, "Plan Rows": 32617206, "Plan Width": 24, "Filter": "(l_shipdate > '1995-03-13 00:00:00'::timestamp(0) without time zone), (LLVM Optimized)"}, {"Node Type": "Materialize", "Parent Relationship": "Inner", "Startup Cost": 20000000000.0, "Total Cost": 2033414191138.34, "Plan Rows": 715772, "Plan Width": 20, "Plans": [{"Node Type": "Nested Loop", "Parent Relationship": "Outer", "Join Type": "Inner", "Startup Cost": 20000000000.0, "Total Cost": 2033414187559.48, "Plan Rows": 715772, "Plan Width": 20, "Inner Unique": true, "Join Filter": "(customer.c_custkey = orders.o_custkey), (LLVM Optimized)", "Plans": [{"Node Type": "Index Scan", "Parent Relationship": "Outer", "Scan Direction": "Forward", "Index Name": "orders_pkey", "Relation Name": "orders", "Alias": "orders", "Startup Cost": 10000000000.0, "Total Cost": 1000076847713.25, "Plan Rows": 7310217, "Plan Width": 28, "Filter": "(o_orderdate < '1995-03-13 00:00:00'::timestamp(0) without time zone), (LLVM Optimized)"}, {"Node Type": "Materialize", "Parent Relationship": "Inner", "Startup Cost": 10000000000.0, "Total Cost": 1000008453055.36, "Plan Rows": 303948, "Plan Width": 8, "Plans": [{"Node Type": "Index Scan", "Parent Relationship": "Outer", "Scan Direction": "Forward", "Index Name": "customer_pkey", "Relation Name": "customer", "Alias": "customer", "Startup Cost": 10000000000.0, "Total Cost": 1000008451535.62, "Plan Rows": 303948, "Plan Width": 8, "Filter": "(c_mktsegment = 'AUTOMOBILE'::bpchar), (LLVM Optimized)"}]}]}]}]}]}]}]}, "Unique SQL Id": 3929762122, "Planner Runtime": 0}, "explain_analyze_plan": null}, "(1, '124')": {"explain_plan": {"Plan": {"Node Type": "Limit", "Startup Cost": 2671272.65, "Total Cost": 2671272.68, "Plan Rows": 10, "Plan Width": 36, "Plans": [{"Node Type": "Sort", "Parent Relationship": "Outer", "Startup Cost": 2671272.65, "Total Cost": 2680170.77, "Plan Rows": 10, "Plan Width": 36, "Sort Key": ["(sum((lineitem.l_extendedprice * (1::double precision - lineitem.l_discount)))) DESC", "orders.o_orderdate"], "Plans": [{"Node Type": "Aggregate", "Strategy": "Hashed", "Parent Relationship": "Outer", "Startup Cost": 2558766.13, "Total Cost": 2594358.6, "Plan Rows": 3559247, "Plan Width": 36, "Group By Key": ["lineitem.l_orderkey", "orders.o_orderdate", "orders.o_shippriority"], "Plans": [{"Node Type": "Nested Loop", "Parent Relationship": "Outer", "Join Type": "Inner", "Startup Cost": 0.0, "Total Cost": 2505377.43, "Plan Rows": 3559247, "Plan Width": 36, "Inner Unique": false, "Plans": [{"Node Type": "Nested Loop", "Parent Relationship": "Outer", "Join Type": "Inner", "Startup Cost": 0.0, "Total Cost": 1500833.09, "Plan Rows": 715772, "Plan Width": 20, "Inner Unique": false, "Plans": [{"Node Type": "Seq Scan", "Parent Relationship": "Outer", "Relation Name": "customer", "Alias": "customer", "Startup Cost": 0.0, "Total Cost": 55876.0, "Plan Rows": 303948, "Plan Width": 8, "Filter": "(c_mktsegment = 'AUTOMOBILE'::bpchar), (LLVM Optimized)"}, {"Node Type": "Index Scan", "Parent Relationship": "Inner", "Scan Direction": "Forward", "Index Name": "idx_orders_custkey", "Relation Name": "orders", "Alias": "orders", "Startup Cost": 0.0, "Total Cost": 4.73, "Plan Rows": 2, "Plan Width": 28, "Index Cond": "(o_custkey = customer.c_custkey)", "Filter": "(o_orderdate < '1995-03-13 00:00:00'::timestamp(0) without time zone)"}]}, {"Node Type": "Index Scan", "Parent Relationship": "Inner", "Scan Direction": "Forward", "Index Name": "idx_lineitem_orderkey", "Relation Name": "lineitem", "Alias": "lineitem", "Startup Cost": 0.0, "Total Cost": 1.35, "Plan Rows": 5, "Plan Width": 24, "Index Cond": "(l_orderkey = orders.o_orderkey)", "Filter": "(l_shipdate > '1995-03-13 00:00:00'::timestamp(0) without time zone)"}]}]}]}]}, "Unique SQL Id": 3929762122, "Planner Runtime": 0}, "explain_analyze_plan": {"Plan": {"Node Type": "Limit", "Startup Cost": 2671272.65, "Total Cost": 2671272.68, "Plan Rows": 10, "Plan Width": 36, "Actual Startup Time": 27779.044, "Actual Total Time": 27779.047, "Actual Rows": 10, "Actual Loops": 1, "Plans": [{"Node Type": "Sort", "Parent Relationship": "Outer", "Startup Cost": 2671272.65, "Total Cost": 2680170.77, "Plan Rows": 10, "Plan Width": 36, "Actual Startup Time": 27779.04, "Actual Total Time": 27779.042, "Actual Rows": 10, "Actual Loops": 1, "Sort Key": ["(sum((lineitem.l_extendedprice * (1::double precision - lineitem.l_discount)))) DESC", "orders.o_orderdate"], "Sort Method": "top-N heapsort", "Sort Space Used": 26, "Sort Space Type": "Memory", "Plans": [{"Node Type": "Aggregate", "Strategy": "Hashed", "Parent Relationship": "Outer", "Startup Cost": 2558766.13, "Total Cost": 2594358.6, "Plan Rows": 3559247, "Plan Width": 36, "Actual Startup Time": 27666.934, "Actual Total Time": 27751.675, "Actual Rows": 113719, "Actual Loops": 1, "Group By Key": ["lineitem.l_orderkey", "orders.o_orderdate", "orders.o_shippriority"], "Plans": [{"Node Type": "Nested Loop", "Parent Relationship": "Outer", "Join Type": "Inner", "Startup Cost": 0.0, "Total Cost": 2505377.43, "Plan Rows": 3559247, "Plan Width": 36, "Actual Startup Time": 0.192, "Actual Total Time": 27341.729, "Actual Rows": 300219, "Actual Loops": 1, "Inner Unique": false, "Plans": [{"Node Type": "Nested Loop", "Parent Relationship": "Outer", "Join Type": "Inner", "Startup Cost": 0.0, "Total Cost": 1500833.09, "Plan Rows": 715772, "Plan Width": 20, "Actual Startup Time": 0.095, "Actual Total Time": 9668.336, "Actual Rows": 1455173, "Actual Loops": 1, "Inner Unique": false, "Plans": [{"Node Type": "Seq Scan", "Parent Relationship": "Outer", "Relation Name": "customer", "Alias": "customer", "Startup Cost": 0.0, "Total Cost": 55876.0, "Plan Rows": 303948, "Plan Width": 8, "Actual Startup Time": 0.049, "Actual Total Time": 635.908, "Actual Rows": 300036, "Actual Loops": 1, "Filter": "(c_mktsegment = 'AUTOMOBILE'::bpchar), (LLVM Optimized, Jit Execute)", "Rows Removed by Filter": 1199964}, {"Node Type": "Index Scan", "Parent Relationship": "Inner", "Scan Direction": "Forward", "Index Name": "idx_orders_custkey", "Relation Name": "orders", "Alias": "orders", "Startup Cost": 0.0, "Total Cost": 4.73, "Plan Rows": 2, "Plan Width": 28, "Actual Startup Time": 2118.749, "Actual Total Time": 8508.063, "Actual Rows": 1455173, "Actual Loops": 300036, "Index Cond": "(o_custkey = customer.c_custkey)", "Rows Removed by Index Recheck": 0, "Filter": "(o_orderdate < '1995-03-13 00:00:00'::timestamp(0) without time zone)", "Rows Removed by Filter": 1545367}]}, {"Node Type": "Index Scan", "Parent Relationship": "Inner", "Scan Direction": "Forward", "Index Name": "idx_lineitem_orderkey", "Relation Name": "lineitem", "Alias": "lineitem", "Startup Cost": 0.0, "Total Cost": 1.35, "Plan Rows": 5, "Plan Width": 24, "Actual Startup Time": 16561.04, "Actual Total Time": 16849.911, "Actual Rows": 300219, "Actual Loops": 1455173, "Index Cond": "(l_orderkey = orders.o_orderkey)", "Rows Removed by Index Recheck": 0, "Filter": "(l_shipdate > '1995-03-13 00:00:00'::timestamp(0) without time zone)", "Rows Removed by Filter": 5519788}]}]}]}]}, "Triggers": [], "Planner Runtime": 0.562, "Total Runtime": 27788.418, "Unique SQL Id": 3929762122}}, "(1, '125')": {"explain_plan": {"Plan": {"Node Type": "Limit", "Startup Cost": 2699912.01, "Total Cost": 2699912.03, "Plan Rows": 10, "Plan Width": 36, "Plans": [{"Node Type": "Sort", "Parent Relationship": "Outer", "Startup Cost": 2699912.01, "Total Cost": 2708810.13, "Plan Rows": 10, "Plan Width": 36, "Sort Key": ["(sum((lineitem.l_extendedprice * (1::double precision - lineitem.l_discount)))) DESC", "orders.o_orderdate"], "Plans": [{"Node Type": "Aggregate", "Strategy": "Hashed", "Parent Relationship": "Outer", "Startup Cost": 2587405.49, "Total Cost": 2622997.96, "Plan Rows": 3559247, "Plan Width": 36, "Group By Key": ["lineitem.l_orderkey", "orders.o_orderdate", "orders.o_shippriority"], "Plans": [{"Node Type": "Nested Loop", "Parent Relationship": "Outer", "Join Type": "Inner", "Startup Cost": 0.0, "Total Cost": 2534016.78, "Plan Rows": 3559247, "Plan Width": 36, "Inner Unique": false, "Plans": [{"Node Type": "Nested Loop", "Parent Relationship": "Outer", "Join Type": "Inner", "Startup Cost": 0.0, "Total Cost": 1529472.45, "Plan Rows": 715772, "Plan Width": 20, "Inner Unique": false, "Plans": [{"Node Type": "Index Scan", "Parent Relationship": "Outer", "Scan Direction": "Forward", "Index Name": "customer_pkey", "Relation Name": "customer", "Alias": "customer", "Startup Cost": 0.0, "Total Cost": 84515.36, "Plan Rows": 303948, "Plan Width": 8, "Filter": "(c_mktsegment = 'AUTOMOBILE'::bpchar), (LLVM Optimized)"}, {"Node Type": "Index Scan", "Parent Relationship": "Inner", "Scan Direction": "Forward", "Index Name": "idx_orders_custkey", "Relation Name": "orders", "Alias": "orders", "Startup Cost": 0.0, "Total Cost": 4.73, "Plan Rows": 2, "Plan Width": 28, "Index Cond": "(o_custkey = customer.c_custkey)", "Filter": "(o_orderdate < '1995-03-13 00:00:00'::timestamp(0) without time zone)"}]}, {"Node Type": "Index Scan", "Parent Relationship": "Inner", "Scan Direction": "Forward", "Index Name": "idx_lineitem_orderkey", "Relation Name": "lineitem", "Alias": "lineitem", "Startup Cost": 0.0, "Total Cost": 1.35, "Plan Rows": 5, "Plan Width": 24, "Index Cond": "(l_orderkey = orders.o_orderkey)", "Filter": "(l_shipdate > '1995-03-13 00:00:00'::timestamp(0) without time zone)"}]}]}]}]}, "Unique SQL Id": 3929762122, "Planner Runtime": 0}, "explain_analyze_plan": {"Plan": {"Node Type": "Limit", "Startup Cost": 2699912.01, "Total Cost": 2699912.03, "Plan Rows": 10, "Plan Width": 36, "Actual Startup Time": 28682.927, "Actual Total Time": 28682.93, "Actual Rows": 10, "Actual Loops": 1, "Plans": [{"Node Type": "Sort", "Parent Relationship": "Outer", "Startup Cost": 2699912.01, "Total Cost": 2708810.13, "Plan Rows": 10, "Plan Width": 36, "Actual Startup Time": 28682.924, "Actual Total Time": 28682.927, "Actual Rows": 10, "Actual Loops": 1, "Sort Key": ["(sum((lineitem.l_extendedprice * (1::double precision - lineitem.l_discount)))) DESC", "orders.o_orderdate"], "Sort Method": "top-N heapsort", "Sort Space Used": 26, "Sort Space Type": "Memory", "Plans": [{"Node Type": "Aggregate", "Strategy": "Hashed", "Parent Relationship": "Outer", "Startup Cost": 2587405.49, "Total Cost": 2622997.96, "Plan Rows": 3559247, "Plan Width": 36, "Actual Startup Time": 28589.273, "Actual Total Time": 28655.673, "Actual Rows": 113719, "Actual Loops": 1, "Group By Key": ["lineitem.l_orderkey", "orders.o_orderdate", "orders.o_shippriority"], "Plans": [{"Node Type": "Nested Loop", "Parent Relationship": "Outer", "Join Type": "Inner", "Startup Cost": 0.0, "Total Cost": 2534016.78, "Plan Rows": 3559247, "Plan Width": 36, "Actual Startup Time": 0.188, "Actual Total Time": 28265.178, "Actual Rows": 300219, "Actual Loops": 1, "Inner Unique": false, "Plans": [{"Node Type": "Nested Loop", "Parent Relationship": "Outer", "Join Type": "Inner", "Startup Cost": 0.0, "Total Cost": 1529472.45, "Plan Rows": 715772, "Plan Width": 20, "Actual Startup Time": 0.091, "Actual Total Time": 10349.336, "Actual Rows": 1455173, "Actual Loops": 1, "Inner Unique": false, "Plans": [{"Node Type": "Index Scan", "Parent Relationship": "Outer", "Scan Direction": "Forward", "Index Name": "customer_pkey", "Relation Name": "customer", "Alias": "customer", "Startup Cost": 0.0, "Total Cost": 84515.36, "Plan Rows": 303948, "Plan Width": 8, "Actual Startup Time": 0.064, "Actual Total Time": 1190.084, "Actual Rows": 300036, "Actual Loops": 1, "Filter": "(c_mktsegment = 'AUTOMOBILE'::bpchar), (LLVM Optimized, Jit Execute)", "Rows Removed by Filter": 1199964}, {"Node Type": "Index Scan", "Parent Relationship": "Inner", "Scan Direction": "Forward", "Index Name": "idx_orders_custkey", "Relation Name": "orders", "Alias": "orders", "Startup Cost": 0.0, "Total Cost": 4.73, "Plan Rows": 2, "Plan Width": 28, "Actual Startup Time": 2137.39, "Actual Total Time": 8636.858, "Actual Rows": 1455173, "Actual Loops": 300036, "Index Cond": "(o_custkey = customer.c_custkey)", "Rows Removed by Index Recheck": 0, "Filter": "(o_orderdate < '1995-03-13 00:00:00'::timestamp(0) without time zone)", "Rows Removed by Filter": 1545367}]}, {"Node Type": "Index Scan", "Parent Relationship": "Inner", "Scan Direction": "Forward", "Index Name": "idx_lineitem_orderkey", "Relation Name": "lineitem", "Alias": "lineitem", "Startup Cost": 0.0, "Total Cost": 1.35, "Plan Rows": 5, "Plan Width": 24, "Actual Startup Time": 16806.131, "Actual Total Time": 17097.677, "Actual Rows": 300219, "Actual Loops": 1455173, "Index Cond": "(l_orderkey = orders.o_orderkey)", "Rows Removed by Index Recheck": 0, "Filter": "(l_shipdate > '1995-03-13 00:00:00'::timestamp(0) without time zone)", "Rows Removed by Filter": 5519788}]}]}]}]}, "Triggers": [], "Planner Runtime": 1.026, "Total Runtime": 28692.282, "Unique SQL Id": 3929762122}}, "(1, '126')": {"explain_plan": {"Plan": {"Node Type": "Limit", "Startup Cost": 383528982462.14, "Total Cost": 383528982462.17, "Plan Rows": 10, "Plan Width": 36, "Plans": [{"Node Type": "Sort", "Parent Relationship": "Outer", "Startup Cost": 383528982462.14, "Total Cost": 383528991360.26, "Plan Rows": 10, "Plan Width": 36, "Sort Key": ["(sum((lineitem.l_extendedprice * (1::double precision - lineitem.l_discount)))) DESC", "orders.o_orderdate"], "Plans": [{"Node Type": "Aggregate", "Strategy": "Hashed", "Parent Relationship": "Outer", "Startup Cost": 383528869955.62, "Total Cost": 383528905548.09, "Plan Rows": 3559247, "Plan Width": 36, "Group By Key": ["lineitem.l_orderkey", "orders.o_orderdate", "orders.o_shippriority"], "Plans": [{"Node Type": "Nested Loop", "Parent Relationship": "Outer", "Join Type": "Inner", "Startup Cost": 386.46, "Total Cost": 383528816566.92, "Plan Rows": 3559247, "Plan Width": 36, "Inner Unique": false, "Join Filter": "(orders.o_orderkey = lineitem.l_orderkey), (LLVM Optimized)", "Plans": [{"Node Type": "Seq Scan", "Parent Relationship": "Outer", "Relation Name": "lineitem", "Alias": "lineitem", "Startup Cost": 0.0, "Total Cost": 2165082.91, "Plan Rows": 32617206, "Plan Width": 24, "Filter": "(l_shipdate > '1995-03-13 00:00:00'::timestamp(0) without time zone), (LLVM Optimized)"}, {"Node Type": "Materialize", "Parent Relationship": "Inner", "Startup Cost": 386.46, "Total Cost": 33329411677.96, "Plan Rows": 715772, "Plan Width": 20, "Plans": [{"Node Type": "Nested Loop", "Parent Relationship": "Outer", "Join Type": "Inner", "Startup Cost": 386.46, "Total Cost": 33329408099.1, "Plan Rows": 715772, "Plan Width": 20, "Inner Unique": true, "Join Filter": "(customer.c_custkey = orders.o_custkey), (LLVM Optimized)", "Plans": [{"Node Type": "Seq Scan", "Parent Relationship": "Outer", "Relation Name": "orders", "Alias": "orders", "Startup Cost": 386.46, "Total Cost": 463912.49, "Plan Rows": 7310217, "Plan Width": 28, "Filter": "(o_orderdate < '1995-03-13 00:00:00'::timestamp(0) without time zone), (LLVM Optimized)"}, {"Node Type": "Materialize", "Parent Relationship": "Inner", "Startup Cost": 0.0, "Total Cost": 57395.74, "Plan Rows": 303948, "Plan Width": 8, "Plans": [{"Node Type": "Seq Scan", "Parent Relationship": "Outer", "Relation Name": "customer", "Alias": "customer", "Startup Cost": 0.0, "Total Cost": 55876.0, "Plan Rows": 303948, "Plan Width": 8, "Filter": "(c_mktsegment = 'AUTOMOBILE'::bpchar), (LLVM Optimized)"}]}]}]}]}]}]}]}, "Unique SQL Id": 3929762122, "Planner Runtime": 0}, "explain_analyze_plan": null}, "(1, '127')": {"explain_plan": {"Plan": {"Node Type": "Limit", "Startup Cost": 3383950608972.36, "Total Cost": 3383950608972.39, "Plan Rows": 10, "Plan Width": 36, "Plans": [{"Node Type": "Sort", "Parent Relationship": "Outer", "Startup Cost": 3383950608972.36, "Total Cost": 3383950617870.48, "Plan Rows": 10, "Plan Width": 36, "Sort Key": ["(sum((lineitem.l_extendedprice * (1::double precision - lineitem.l_discount)))) DESC", "orders.o_orderdate"], "Plans": [{"Node Type": "Aggregate", "Strategy": "Hashed", "Parent Relationship": "Outer", "Startup Cost": 3383950496465.85, "Total Cost": 3383950532058.32, "Plan Rows": 3559247, "Plan Width": 36, "Group By Key": ["lineitem.l_orderkey", "orders.o_orderdate", "orders.o_shippriority"], "Plans": [{"Node Type": "Nested Loop", "Parent Relationship": "Outer", "Join Type": "Inner", "Startup Cost": 30000000000.0, "Total Cost": 3383950443077.14, "Plan Rows": 3559247, "Plan Width": 36, "Inner Unique": false, "Join Filter": "(orders.o_orderkey = lineitem.l_orderkey), (LLVM Optimized)", "Plans": [{"Node Type": "Index Scan", "Parent Relationship": "Outer", "Scan Direction": "Forward", "Index Name": "idx_lineitem_orderkey", "Relation Name": "lineitem", "Alias": "lineitem", "Startup Cost": 10000000000.0, "Total Cost": 1000339012132.75, "Plan Rows": 32617206, "Plan Width": 24, "Filter": "(l_shipdate > '1995-03-13 00:00:00'::timestamp(0) without time zone), (LLVM Optimized)"}, {"Node Type": "Materialize", "Parent Relationship": "Inner", "Startup Cost": 20000000000.0, "Total Cost": 2033414191138.34, "Plan Rows": 715772, "Plan Width": 20, "Plans": [{"Node Type": "Nested Loop", "Parent Relationship": "Outer", "Join Type": "Inner", "Startup Cost": 20000000000.0, "Total Cost": 2033414187559.48, "Plan Rows": 715772, "Plan Width": 20, "Inner Unique": true, "Join Filter": "(customer.c_custkey = orders.o_custkey), (LLVM Optimized)", "Plans": [{"Node Type": "Index Scan", "Parent Relationship": "Outer", "Scan Direction": "Forward", "Index Name": "orders_pkey", "Relation Name": "orders", "Alias": "orders", "Startup Cost": 10000000000.0, "Total Cost": 1000076847713.25, "Plan Rows": 7310217, "Plan Width": 28, "Filter": "(o_orderdate < '1995-03-13 00:00:00'::timestamp(0) without time zone), (LLVM Optimized)"}, {"Node Type": "Materialize", "Parent Relationship": "Inner", "Startup Cost": 10000000000.0, "Total Cost": 1000008453055.36, "Plan Rows": 303948, "Plan Width": 8, "Plans": [{"Node Type": "Index Scan", "Parent Relationship": "Outer", "Scan Direction": "Forward", "Index Name": "customer_pkey", "Relation Name": "customer", "Alias": "customer", "Startup Cost": 10000000000.0, "Total Cost": 1000008451535.62, "Plan Rows": 303948, "Plan Width": 8, "Filter": "(c_mktsegment = 'AUTOMOBILE'::bpchar), (LLVM Optimized)"}]}]}]}]}]}]}]}, "Unique SQL Id": 3929762122, "Planner Runtime": 0}, "explain_analyze_plan": null}, "(16, '0')": {"explain_plan": {"Plan": {"Node Type": "Limit", "Startup Cost": 1728598.43, "Total Cost": 1728598.46, "Plan Rows": 10, "Plan Width": 44, "Plans": [{"Node Type": "Sort", "Parent Relationship": "Outer", "Startup Cost": 1728598.43, "Total Cost": 1737496.55, "Plan Rows": 10, "Plan Width": 44, "Sort Key": ["(sum((lineitem.l_extendedprice * (1::double precision - lineitem.l_discount)))) DESC", "orders.o_orderdate"], "Plans": [{"Node Type": "Aggregate", "Strategy": "Hashed", "Parent Relationship": "Outer", "Startup Cost": 1616091.91, "Total Cost": 1651684.38, "Plan Rows": 3559247, "Plan Width": 44, "Group By Key": ["lineitem.l_orderkey", "orders.o_orderdate", "orders.o_shippriority"], "Plans": [{"Node Type": "Nested Loop", "Parent Relationship": "Outer", "Join Type": "Inner", "Startup Cost": 60061.08, "Total Cost": 1562703.21, "Plan Rows": 3559247, "Plan Width": 36, "Inner Unique": false, "Plans": [{"Node Type": "Hash Join", "Parent Relationship": "Outer", "Join Type": "Inner", "Startup Cost": 60061.08, "Total Cost": 558158.87, "Plan Rows": 715772, "Plan Width": 20, "Inner Unique": true, "Hash Cond": "(orders.o_custkey = customer.c_custkey), (LLVM Optimized)", "Plans": [{"Node Type": "Seq Scan", "Parent Relationship": "Outer", "Relation Name": "orders", "Alias": "orders", "Startup Cost": 385.73, "Total Cost": 463912.49, "Plan Rows": 7310217, "Plan Width": 28, "Filter": "(o_orderdate < '1995-03-13 00:00:00'::timestamp(0) without time zone), (LLVM Optimized)"}, {"Node Type": "Hash", "Parent Relationship": "Inner", "Startup Cost": 55876.0, "Total Cost": 55876.0, "Plan Rows": 303948, "Plan Width": 8, "Plans": [{"Node Type": "Seq Scan", "Parent Relationship": "Outer", "Relation Name": "customer", "Alias": "customer", "Startup Cost": 0.0, "Total Cost": 55876.0, "Plan Rows": 303948, "Plan Width": 8, "Filter": "(c_mktsegment = 'AUTOMOBILE'::bpchar), (LLVM Optimized)"}]}]}, {"Node Type": "Index Scan", "Parent Relationship": "Inner", "Scan Direction": "Forward", "Index Name": "idx_lineitem_orderkey", "Relation Name": "lineitem", "Alias": "lineitem", "Startup Cost": 0.0, "Total Cost": 1.35, "Plan Rows": 5, "Plan Width": 24, "Index Cond": "(l_orderkey = orders.o_orderkey)", "Filter": "(l_shipdate > '1995-03-13 00:00:00'::timestamp(0) without time zone)"}]}]}]}]}, "Unique SQL Id": 3929762122, "Planner Runtime": 1}, "explain_analyze_plan": {"Plan": {"Node Type": "Limit", "Startup Cost": 1728598.43, "Total Cost": 1728598.46, "Plan Rows": 10, "Plan Width": 44, "Actual Startup Time": 21274.526, "Actual Total Time": 21274.53, "Actual Rows": 10, "Actual Loops": 1, "Plans": [{"Node Type": "Sort", "Parent Relationship": "Outer", "Startup Cost": 1728598.43, "Total Cost": 1737496.55, "Plan Rows": 10, "Plan Width": 44, "Actual Startup Time": 21274.522, "Actual Total Time": 21274.523, "Actual Rows": 10, "Actual Loops": 1, "Sort Key": ["(sum((lineitem.l_extendedprice * (1::double precision - lineitem.l_discount)))) DESC", "orders.o_orderdate"], "Sort Method": "top-N heapsort", "Sort Space Used": 26, "Sort Space Type": "Memory", "Plans": [{"Node Type": "Aggregate", "Strategy": "Hashed", "Parent Relationship": "Outer", "Startup Cost": 1616091.91, "Total Cost": 1651684.38, "Plan Rows": 3559247, "Plan Width": 44, "Actual Startup Time": 21187.648, "Actual Total Time": 21247.237, "Actual Rows": 113719, "Actual Loops": 1, "Group By Key": ["lineitem.l_orderkey", "orders.o_orderdate", "orders.o_shippriority"], "Plans": [{"Node Type": "Nested Loop", "Parent Relationship": "Outer", "Join Type": "Inner", "Startup Cost": 60061.08, "Total Cost": 1562703.21, "Plan Rows": 3559247, "Plan Width": 36, "Actual Startup Time": 793.168, "Actual Total Time": 20886.923, "Actual Rows": 300219, "Actual Loops": 1, "Inner Unique": false, "Plans": [{"Node Type": "Hash Join", "Parent Relationship": "Outer", "Join Type": "Inner", "Startup Cost": 60061.08, "Total Cost": 558158.87, "Plan Rows": 715772, "Plan Width": 20, "Actual Startup Time": 792.942, "Actual Total Time": 8869.255, "Actual Rows": 1455173, "Actual Loops": 1, "Inner Unique": true, "Hash Cond": "(orders.o_custkey = customer.c_custkey), (LLVM Optimized, Jit Execute)", "Plans": [{"Node Type": "Seq Scan", "Parent Relationship": "Outer", "Relation Name": "orders", "Alias": "orders", "Startup Cost": 385.73, "Total Cost": 463912.49, "Plan Rows": 7310217, "Plan Width": 28, "Actual Startup Time": 0.046, "Actual Total Time": 4908.861, "Actual Rows": 7276947, "Actual Loops": 1, "Filter": "(o_orderdate < '1995-03-13 00:00:00'::timestamp(0) without time zone), (LLVM Optimized, Jit Execute)", "Rows Removed by Filter": 7723053}, {"Node Type": "Hash", "Parent Relationship": "Inner", "Startup Cost": 55876.0, "Total Cost": 55876.0, "Plan Rows": 303948, "Plan Width": 8, "Actual Startup Time": 792.498, "Actual Total Time": 792.498, "Actual Rows": 300036, "Actual Loops": 1, "Hash Buckets": 524288, "Hash Batches": 1, "Original Hash Batches": 1, "Peak Memory Usage": 11721, "Plans": [{"Node Type": "Seq Scan", "Parent Relationship": "Outer", "Relation Name": "customer", "Alias": "customer", "Startup Cost": 0.0, "Total Cost": 55876.0, "Plan Rows": 303948, "Plan Width": 8, "Actual Startup Time": 0.027, "Actual Total Time": 665.896, "Actual Rows": 300036, "Actual Loops": 1, "Filter": "(c_mktsegment = 'AUTOMOBILE'::bpchar), (LLVM Optimized, Jit Execute)", "Rows Removed by Filter": 1199964}]}]}, {"Node Type": "Index Scan", "Parent Relationship": "Inner", "Scan Direction": "Forward", "Index Name": "idx_lineitem_orderkey", "Relation Name": "lineitem", "Alias": "lineitem", "Startup Cost": 0.0, "Total Cost": 1.35, "Plan Rows": 5, "Plan Width": 24, "Actual Startup Time": 10931.776, "Actual Total Time": 11224.045, "Actual Rows": 300219, "Actual Loops": 1455173, "Index Cond": "(l_orderkey = orders.o_orderkey)", "Rows Removed by Index Recheck": 0, "Filter": "(l_shipdate > '1995-03-13 00:00:00'::timestamp(0) without time zone)", "Rows Removed by Filter": 5519788}]}]}]}]}, "Triggers": [], "Planner Runtime": 1.3, "Total Runtime": 21284.503, "Unique SQL Id": 3929762122}}, "(16, '1')": {"explain_plan": {"Plan": {"Node Type": "Limit", "Startup Cost": 1829820.45, "Total Cost": 1829820.47, "Plan Rows": 10, "Plan Width": 44, "Plans": [{"Node Type": "Sort", "Parent Relationship": "Outer", "Startup Cost": 1829820.45, "Total Cost": 1838718.56, "Plan Rows": 10, "Plan Width": 44, "Sort Key": ["(sum((lineitem.l_extendedprice * (1::double precision - lineitem.l_discount)))) DESC", "orders.o_orderdate"], "Plans": [{"Node Type": "Aggregate", "Strategy": "Hashed", "Parent Relationship": "Outer", "Startup Cost": 1717313.93, "Total Cost": 1752906.4, "Plan Rows": 3559247, "Plan Width": 44, "Group By Key": ["lineitem.l_orderkey", "orders.o_orderdate", "orders.o_shippriority"], "Plans": [{"Node Type": "Nested Loop", "Parent Relationship": "Outer", "Join Type": "Inner", "Startup Cost": 257013.14, "Total Cost": 1663925.22, "Plan Rows": 3559247, "Plan Width": 36, "Inner Unique": false, "Plans": [{"Node Type": "Hash Join", "Parent Relationship": "Outer", "Join Type": "Inner", "Startup Cost": 257013.14, "Total Cost": 659380.88, "Plan Rows": 715772, "Plan Width": 20, "Inner Unique": true, "Hash Cond": "(orders.o_custkey = customer.c_custkey), (LLVM Optimized)", "Plans": [{"Node Type": "Bitmap Heap Scan", "Parent Relationship": "Outer", "Relation Name": "orders", "Alias": "orders", "Startup Cost": 168698.43, "Total Cost": 536495.14, "Plan Rows": 7310217, "Plan Width": 28, "Recheck Cond": "(o_orderdate < '1995-03-13 00:00:00'::timestamp(0) without time zone), (LLVM Optimized)", "Plans": [{"Node Type": "Bitmap Index Scan", "Parent Relationship": "Outer", "Index Name": "idx_orders_orderdate", "Startup Cost": 0.0, "Total Cost": 166870.88, "Plan Rows": 7310217, "Plan Width": 0, "Index Cond": "(o_orderdate < '1995-03-13 00:00:00'::timestamp(0) without time zone)"}]}, {"Node Type": "Hash", "Parent Relationship": "Inner", "Startup Cost": 84515.36, "Total Cost": 84515.36, "Plan Rows": 303948, "Plan Width": 8, "Plans": [{"Node Type": "Index Scan", "Parent Relationship": "Outer", "Scan Direction": "Forward", "Index Name": "customer_pkey", "Relation Name": "customer", "Alias": "customer", "Startup Cost": 0.0, "Total Cost": 84515.36, "Plan Rows": 303948, "Plan Width": 8, "Filter": "(c_mktsegment = 'AUTOMOBILE'::bpchar), (LLVM Optimized)"}]}]}, {"Node Type": "Index Scan", "Parent Relationship": "Inner", "Scan Direction": "Forward", "Index Name": "idx_lineitem_orderkey", "Relation Name": "lineitem", "Alias": "lineitem", "Startup Cost": 0.0, "Total Cost": 1.35, "Plan Rows": 5, "Plan Width": 24, "Index Cond": "(l_orderkey = orders.o_orderkey)", "Filter": "(l_shipdate > '1995-03-13 00:00:00'::timestamp(0) without time zone)"}]}]}]}]}, "Unique SQL Id": 3929762122, "Planner Runtime": 1}, "explain_analyze_plan": {"Plan": {"Node Type": "Limit", "Startup Cost": 1829820.45, "Total Cost": 1829820.47, "Plan Rows": 10, "Plan Width": 44, "Actual Startup Time": 22258.734, "Actual Total Time": 22258.737, "Actual Rows": 10, "Actual Loops": 1, "Plans": [{"Node Type": "Sort", "Parent Relationship": "Outer", "Startup Cost": 1829820.45, "Total Cost": 1838718.56, "Plan Rows": 10, "Plan Width": 44, "Actual Startup Time": 22258.732, "Actual Total Time": 22258.733, "Actual Rows": 10, "Actual Loops": 1, "Sort Key": ["(sum((lineitem.l_extendedprice * (1::double precision - lineitem.l_discount)))) DESC", "orders.o_orderdate"], "Sort Method": "top-N heapsort", "Sort Space Used": 26, "Sort Space Type": "Memory", "Plans": [{"Node Type": "Aggregate", "Strategy": "Hashed", "Parent Relationship": "Outer", "Startup Cost": 1717313.93, "Total Cost": 1752906.4, "Plan Rows": 3559247, "Plan Width": 44, "Actual Startup Time": 22173.758, "Actual Total Time": 22231.615, "Actual Rows": 113719, "Actual Loops": 1, "Group By Key": ["lineitem.l_orderkey", "orders.o_orderdate", "orders.o_shippriority"], "Plans": [{"Node Type": "Nested Loop", "Parent Relationship": "Outer", "Join Type": "Inner", "Startup Cost": 257013.14, "Total Cost": 1663925.22, "Plan Rows": 3559247, "Plan Width": 36, "Actual Startup Time": 2984.674, "Actual Total Time": 21881.489, "Actual Rows": 300219, "Actual Loops": 1, "Inner Unique": false, "Plans": [{"Node Type": "Hash Join", "Parent Relationship": "Outer", "Join Type": "Inner", "Startup Cost": 257013.14, "Total Cost": 659380.88, "Plan Rows": 715772, "Plan Width": 20, "Actual Startup Time": 2984.449, "Actual Total Time": 9955.282, "Actual Rows": 1455173, "Actual Loops": 1, "Inner Unique": true, "Hash Cond": "(orders.o_custkey = customer.c_custkey), (LLVM Optimized, Jit Execute)", "Plans": [{"Node Type": "Bitmap Heap Scan", "Parent Relationship": "Outer", "Relation Name": "orders", "Alias": "orders", "Startup Cost": 168698.43, "Total Cost": 536495.14, "Plan Rows": 7310217, "Plan Width": 28, "Actual Startup Time": 1860.45, "Actual Total Time": 5689.544, "Actual Rows": 7276947, "Actual Loops": 1, "Recheck Cond": "(o_orderdate < '1995-03-13 00:00:00'::timestamp(0) without time zone), (LLVM Optimized, Jit Execute)", "Rows Removed by Index Recheck": 0, "Exact Heap Blocks": 276419, "Lossy Heap Blocks": 276419, "Plans": [{"Node Type": "Bitmap Index Scan", "Parent Relationship": "Outer", "Index Name": "idx_orders_orderdate", "Startup Cost": 0.0, "Total Cost": 166870.88, "Plan Rows": 7310217, "Plan Width": 0, "Actual Startup Time": 1772.184, "Actual Total Time": 1772.184, "Actual Rows": 7276947, "Actual Loops": 1, "Index Cond": "(o_orderdate < '1995-03-13 00:00:00'::timestamp(0) without time zone)"}]}, {"Node Type": "Hash", "Parent Relationship": "Inner", "Startup Cost": 84515.36, "Total Cost": 84515.36, "Plan Rows": 303948, "Plan Width": 8, "Actual Startup Time": 1123.612, "Actual Total Time": 1123.612, "Actual Rows": 300036, "Actual Loops": 1, "Hash Buckets": 524288, "Hash Batches": 1, "Original Hash Batches": 1, "Peak Memory Usage": 11721, "Plans": [{"Node Type": "Index Scan", "Parent Relationship": "Outer", "Scan Direction": "Forward", "Index Name": "customer_pkey", "Relation Name": "customer", "Alias": "customer", "Startup Cost": 0.0, "Total Cost": 84515.36, "Plan Rows": 303948, "Plan Width": 8, "Actual Startup Time": 0.065, "Actual Total Time": 1011.283, "Actual Rows": 300036, "Actual Loops": 1, "Filter": "(c_mktsegment = 'AUTOMOBILE'::bpchar), (LLVM Optimized, Jit Execute)", "Rows Removed by Filter": 1199964}]}]}, {"Node Type": "Index Scan", "Parent Relationship": "Inner", "Scan Direction": "Forward", "Index Name": "idx_lineitem_orderkey", "Relation Name": "lineitem", "Alias": "lineitem", "Startup Cost": 0.0, "Total Cost": 1.35, "Plan Rows": 5, "Plan Width": 24, "Actual Startup Time": 10827.429, "Actual Total Time": 11122.722, "Actual Rows": 300219, "Actual Loops": 1455173, "Index Cond": "(l_orderkey = orders.o_orderkey)", "Rows Removed by Index Recheck": 0, "Filter": "(l_shipdate > '1995-03-13 00:00:00'::timestamp(0) without time zone)", "Rows Removed by Filter": 5519788}]}]}]}]}, "Triggers": [], "Planner Runtime": 1.356, "Total Runtime": 22269.035, "Unique SQL Id": 3929762122}}, "(16, '2')": {"explain_plan": {"Plan": {"Node Type": "Limit", "Startup Cost": 3055991.15, "Total Cost": 3055991.17, "Plan Rows": 10, "Plan Width": 44, "Plans": [{"Node Type": "Sort", "Parent Relationship": "Outer", "Startup Cost": 3055991.15, "Total Cost": 3064889.27, "Plan Rows": 10, "Plan Width": 44, "Sort Key": ["(sum((lineitem.l_extendedprice * (1::double precision - lineitem.l_discount)))) DESC", "orders.o_orderdate"], "Plans": [{"Node Type": "Aggregate", "Strategy": "Hashed", "Parent Relationship": "Outer", "Startup Cost": 2943484.63, "Total Cost": 2979077.1, "Plan Rows": 3559247, "Plan Width": 44, "Group By Key": ["lineitem.l_orderkey", "orders.o_orderdate", "orders.o_shippriority"], "Plans": [{"Node Type": "Hash Join", "Parent Relationship": "Outer", "Join Type": "Inner", "Startup Cost": 567106.02, "Total Cost": 2890095.93, "Plan Rows": 3559247, "Plan Width": 36, "Inner Unique": false, "Hash Cond": "(lineitem.l_orderkey = orders.o_orderkey), (LLVM Optimized)", "Plans": [{"Node Type": "Seq Scan", "Parent Relationship": "Outer", "Relation Name": "lineitem", "Alias": "lineitem", "Startup Cost": 0.0, "Total Cost": 2165082.91, "Plan Rows": 32617206, "Plan Width": 24, "Filter": "(l_shipdate > '1995-03-13 00:00:00'::timestamp(0) without time zone), (LLVM Optimized)"}, {"Node Type": "Hash", "Parent Relationship": "Inner", "Startup Cost": 558158.87, "Total Cost": 558158.87, "Plan Rows": 715772, "Plan Width": 20, "Plans": [{"Node Type": "Hash Join", "Parent Relationship": "Outer", "Join Type": "Inner", "Startup Cost": 60061.08, "Total Cost": 558158.87, "Plan Rows": 715772, "Plan Width": 20, "Inner Unique": true, "Hash Cond": "(orders.o_custkey = customer.c_custkey), (LLVM Optimized)", "Plans": [{"Node Type": "Seq Scan", "Parent Relationship": "Outer", "Relation Name": "orders", "Alias": "orders", "Startup Cost": 385.73, "Total Cost": 463912.49, "Plan Rows": 7310217, "Plan Width": 28, "Filter": "(o_orderdate < '1995-03-13 00:00:00'::timestamp(0) without time zone), (LLVM Optimized)"}, {"Node Type": "Hash", "Parent Relationship": "Inner", "Startup Cost": 55876.0, "Total Cost": 55876.0, "Plan Rows": 303948, "Plan Width": 8, "Plans": [{"Node Type": "Seq Scan", "Parent Relationship": "Outer", "Relation Name": "customer", "Alias": "customer", "Startup Cost": 0.0, "Total Cost": 55876.0, "Plan Rows": 303948, "Plan Width": 8, "Filter": "(c_mktsegment = 'AUTOMOBILE'::bpchar), (LLVM Optimized)"}]}]}]}]}]}]}]}, "Unique SQL Id": 3929762122, "Planner Runtime": 1}, "explain_analyze_plan": {"Plan": {"Node Type": "Limit", "Startup Cost": 3055991.15, "Total Cost": 3055991.17, "Plan Rows": 10, "Plan Width": 44, "Actual Startup Time": 40025.392, "Actual Total Time": 40025.394, "Actual Rows": 10, "Actual Loops": 1, "Plans": [{"Node Type": "Sort", "Parent Relationship": "Outer", "Startup Cost": 3055991.15, "Total Cost": 3064889.27, "Plan Rows": 10, "Plan Width": 44, "Actual Startup Time": 40025.388, "Actual Total Time": 40025.39, "Actual Rows": 10, "Actual Loops": 1, "Sort Key": ["(sum((lineitem.l_extendedprice * (1::double precision - lineitem.l_discount)))) DESC", "orders.o_orderdate"], "Sort Method": "top-N heapsort", "Sort Space Used": 26, "Sort Space Type": "Memory", "Plans": [{"Node Type": "Aggregate", "Strategy": "Hashed", "Parent Relationship": "Outer", "Startup Cost": 2943484.63, "Total Cost": 2979077.1, "Plan Rows": 3559247, "Plan Width": 44, "Actual Startup Time": 39915.609, "Actual Total Time": 39997.925, "Actual Rows": 113719, "Actual Loops": 1, "Group By Key": ["lineitem.l_orderkey", "orders.o_orderdate", "orders.o_shippriority"], "Plans": [{"Node Type": "Hash Join", "Parent Relationship": "Outer", "Join Type": "Inner", "Startup Cost": 567106.02, "Total Cost": 2890095.93, "Plan Rows": 3559247, "Plan Width": 36, "Actual Startup Time": 8962.319, "Actual Total Time": 39619.186, "Actual Rows": 300219, "Actual Loops": 1, "Inner Unique": false, "Hash Cond": "(lineitem.l_orderkey = orders.o_orderkey), (LLVM Optimized, Jit Execute)", "Plans": [{"Node Type": "Seq Scan", "Parent Relationship": "Outer", "Relation Name": "lineitem", "Alias": "lineitem", "Startup Cost": 0.0, "Total Cost": 2165082.91, "Plan Rows": 32617206, "Plan Width": 24, "Actual Startup Time": 0.047, "Actual Total Time": 21133.06, "Actual Rows": 32384344, "Actual Loops": 1, "Filter": "(l_shipdate > '1995-03-13 00:00:00'::timestamp(0) without time zone), (LLVM Optimized, Jit Execute)", "Rows Removed by Filter": 27601708}, {"Node Type": "Hash", "Parent Relationship": "Inner", "Startup Cost": 558158.87, "Total Cost": 558158.87, "Plan Rows": 715772, "Plan Width": 20, "Actual Startup Time": 8960.726, "Actual Total Time": 8960.726, "Actual Rows": 1455173, "Actual Loops": 1, "Hash Buckets": 1048576, "Hash Batches": 1, "Original Hash Batches": 1, "Peak Memory Usage": 79580, "Plans": [{"Node Type": "Hash Join", "Parent Relationship": "Outer", "Join Type": "Inner", "Startup Cost": 60061.08, "Total Cost": 558158.87, "Plan Rows": 715772, "Plan Width": 20, "Actual Startup Time": 743.077, "Actual Total Time": 8364.754, "Actual Rows": 1455173, "Actual Loops": 1, "Inner Unique": true, "Hash Cond": "(orders.o_custkey = customer.c_custkey), (LLVM Optimized, Jit Execute)", "Plans": [{"Node Type": "Seq Scan", "Parent Relationship": "Outer", "Relation Name": "orders", "Alias": "orders", "Startup Cost": 385.73, "Total Cost": 463912.49, "Plan Rows": 7310217, "Plan Width": 28, "Actual Startup Time": 0.03, "Actual Total Time": 4801.961, "Actual Rows": 7276947, "Actual Loops": 1, "Filter": "(o_orderdate < '1995-03-13 00:00:00'::timestamp(0) without time zone), (LLVM Optimized, Jit Execute)", "Rows Removed by Filter": 7723053}, {"Node Type": "Hash", "Parent Relationship": "Inner", "Startup Cost": 55876.0, "Total Cost": 55876.0, "Plan Rows": 303948, "Plan Width": 8, "Actual Startup Time": 742.689, "Actual Total Time": 742.689, "Actual Rows": 300036, "Actual Loops": 1, "Hash Buckets": 524288, "Hash Batches": 1, "Original Hash Batches": 1, "Peak Memory Usage": 11721, "Plans": [{"Node Type": "Seq Scan", "Parent Relationship": "Outer", "Relation Name": "customer", "Alias": "customer", "Startup Cost": 0.0, "Total Cost": 55876.0, "Plan Rows": 303948, "Plan Width": 8, "Actual Startup Time": 0.019, "Actual Total Time": 655.461, "Actual Rows": 300036, "Actual Loops": 1, "Filter": "(c_mktsegment = 'AUTOMOBILE'::bpchar), (LLVM Optimized, Jit Execute)", "Rows Removed by Filter": 1199964}]}]}]}]}]}]}]}, "Triggers": [], "Planner Runtime": 1.242, "Total Runtime": 40035.753, "Unique SQL Id": 3929762122}}, "(16, '3')": {"explain_plan": {"Plan": {"Node Type": "Limit", "Startup Cost": 35345596.54, "Total Cost": 35345596.56, "Plan Rows": 10, "Plan Width": 44, "Plans": [{"Node Type": "Sort", "Parent Relationship": "Outer", "Startup Cost": 35345596.54, "Total Cost": 35354494.65, "Plan Rows": 10, "Plan Width": 44, "Sort Key": ["(sum((lineitem.l_extendedprice * (1::double precision - lineitem.l_discount)))) DESC", "orders.o_orderdate"], "Plans": [{"Node Type": "Aggregate", "Strategy": "Hashed", "Parent Relationship": "Outer", "Startup Cost": 35233090.02, "Total Cost": 35268682.49, "Plan Rows": 3559247, "Plan Width": 44, "Group By Key": ["lineitem.l_orderkey", "orders.o_orderdate", "orders.o_shippriority"], "Plans": [{"Node Type": "Nested Loop", "Parent Relationship": "Outer", "Join Type": "Inner", "Startup Cost": 168699.14, "Total Cost": 35179701.31, "Plan Rows": 3559247, "Plan Width": 36, "Inner Unique": false, "Plans": [{"Node Type": "Nested Loop", "Parent Relationship": "Outer", "Join Type": "Inner", "Startup Cost": 168698.69, "Total Cost": 31865463.0, "Plan Rows": 715772, "Plan Width": 20, "Inner Unique": true, "Plans": [{"Node Type": "Bitmap Heap Scan", "Parent Relationship": "Outer", "Relation Name": "orders", "Alias": "orders", "Startup Cost": 168698.43, "Total Cost": 536495.14, "Plan Rows": 7310217, "Plan Width": 28, "Recheck Cond": "(o_orderdate < '1995-03-13 00:00:00'::timestamp(0) without time zone), (LLVM Optimized)", "Plans": [{"Node Type": "Bitmap Index Scan", "Parent Relationship": "Outer", "Index Name": "idx_orders_orderdate", "Startup Cost": 0.0, "Total Cost": 166870.88, "Plan Rows": 7310217, "Plan Width": 0, "Index Cond": "(o_orderdate < '1995-03-13 00:00:00'::timestamp(0) without time zone)"}]}, {"Node Type": "Bitmap Heap Scan", "Parent Relationship": "Inner", "Relation Name": "customer", "Alias": "customer", "Startup Cost": 0.26, "Total Cost": 4.28, "Plan Rows": 1, "Plan Width": 8, "Recheck Cond": "(c_custkey = orders.o_custkey)", "Filter": "(c_mktsegment = 'AUTOMOBILE'::bpchar)", "Plans": [{"Node Type": "Bitmap Index Scan", "Parent Relationship": "Outer", "Index Name": "customer_pkey", "Startup Cost": 0.0, "Total Cost": 0.26, "Plan Rows": 1, "Plan Width": 0, "Index Cond": "(c_custkey = orders.o_custkey)"}]}]}, {"Node Type": "Bitmap Heap Scan", "Parent Relationship": "Inner", "Relation Name": "lineitem", "Alias": "lineitem", "Startup Cost": 0.45, "Total Cost": 4.58, "Plan Rows": 5, "Plan Width": 24, "Recheck Cond": "(l_orderkey = orders.o_orderkey)", "Filter": "(l_shipdate > '1995-03-13 00:00:00'::timestamp(0) without time zone)", "Plans": [{"Node Type": "Bitmap Index Scan", "Parent Relationship": "Outer", "Index Name": "idx_lineitem_orderkey", "Startup Cost": 0.0, "Total Cost": 0.44, "Plan Rows": 9, "Plan Width": 0, "Index Cond": "(l_orderkey = orders.o_orderkey)"}]}]}]}]}]}, "Unique SQL Id": 3929762122, "Planner Runtime": 1}, "explain_analyze_plan": null}, "(16, '4')": {"explain_plan": {"Plan": {"Node Type": "Limit", "Startup Cost": 1728598.43, "Total Cost": 1728598.46, "Plan Rows": 10, "Plan Width": 44, "Plans": [{"Node Type": "Sort", "Parent Relationship": "Outer", "Startup Cost": 1728598.43, "Total Cost": 1737496.55, "Plan Rows": 10, "Plan Width": 44, "Sort Key": ["(sum((lineitem.l_extendedprice * (1::double precision - lineitem.l_discount)))) DESC", "orders.o_orderdate"], "Plans": [{"Node Type": "Aggregate", "Strategy": "Hashed", "Parent Relationship": "Outer", "Startup Cost": 1616091.91, "Total Cost": 1651684.38, "Plan Rows": 3559247, "Plan Width": 44, "Group By Key": ["lineitem.l_orderkey", "orders.o_orderdate", "orders.o_shippriority"], "Plans": [{"Node Type": "Nested Loop", "Parent Relationship": "Outer", "Join Type": "Inner", "Startup Cost": 60061.08, "Total Cost": 1562703.21, "Plan Rows": 3559247, "Plan Width": 36, "Inner Unique": false, "Plans": [{"Node Type": "Hash Join", "Parent Relationship": "Outer", "Join Type": "Inner", "Startup Cost": 60061.08, "Total Cost": 558158.87, "Plan Rows": 715772, "Plan Width": 20, "Inner Unique": true, "Hash Cond": "(orders.o_custkey = customer.c_custkey), (LLVM Optimized)", "Plans": [{"Node Type": "Seq Scan", "Parent Relationship": "Outer", "Relation Name": "orders", "Alias": "orders", "Startup Cost": 385.73, "Total Cost": 463912.49, "Plan Rows": 7310217, "Plan Width": 28, "Filter": "(o_orderdate < '1995-03-13 00:00:00'::timestamp(0) without time zone), (LLVM Optimized)"}, {"Node Type": "Hash", "Parent Relationship": "Inner", "Startup Cost": 55876.0, "Total Cost": 55876.0, "Plan Rows": 303948, "Plan Width": 8, "Plans": [{"Node Type": "Seq Scan", "Parent Relationship": "Outer", "Relation Name": "customer", "Alias": "customer", "Startup Cost": 0.0, "Total Cost": 55876.0, "Plan Rows": 303948, "Plan Width": 8, "Filter": "(c_mktsegment = 'AUTOMOBILE'::bpchar), (LLVM Optimized)"}]}]}, {"Node Type": "Index Scan", "Parent Relationship": "Inner", "Scan Direction": "Forward", "Index Name": "idx_lineitem_orderkey", "Relation Name": "lineitem", "Alias": "lineitem", "Startup Cost": 0.0, "Total Cost": 1.35, "Plan Rows": 5, "Plan Width": 24, "Index Cond": "(l_orderkey = orders.o_orderkey)", "Filter": "(l_shipdate > '1995-03-13 00:00:00'::timestamp(0) without time zone)"}]}]}]}]}, "Unique SQL Id": 3929762122, "Planner Runtime": 1}, "explain_analyze_plan": {"Plan": {"Node Type": "Limit", "Startup Cost": 1728598.43, "Total Cost": 1728598.46, "Plan Rows": 10, "Plan Width": 44, "Actual Startup Time": 21274.526, "Actual Total Time": 21274.53, "Actual Rows": 10, "Actual Loops": 1, "Plans": [{"Node Type": "Sort", "Parent Relationship": "Outer", "Startup Cost": 1728598.43, "Total Cost": 1737496.55, "Plan Rows": 10, "Plan Width": 44, "Actual Startup Time": 21274.522, "Actual Total Time": 21274.523, "Actual Rows": 10, "Actual Loops": 1, "Sort Key": ["(sum((lineitem.l_extendedprice * (1::double precision - lineitem.l_discount)))) DESC", "orders.o_orderdate"], "Sort Method": "top-N heapsort", "Sort Space Used": 26, "Sort Space Type": "Memory", "Plans": [{"Node Type": "Aggregate", "Strategy": "Hashed", "Parent Relationship": "Outer", "Startup Cost": 1616091.91, "Total Cost": 1651684.38, "Plan Rows": 3559247, "Plan Width": 44, "Actual Startup Time": 21187.648, "Actual Total Time": 21247.237, "Actual Rows": 113719, "Actual Loops": 1, "Group By Key": ["lineitem.l_orderkey", "orders.o_orderdate", "orders.o_shippriority"], "Plans": [{"Node Type": "Nested Loop", "Parent Relationship": "Outer", "Join Type": "Inner", "Startup Cost": 60061.08, "Total Cost": 1562703.21, "Plan Rows": 3559247, "Plan Width": 36, "Actual Startup Time": 793.168, "Actual Total Time": 20886.923, "Actual Rows": 300219, "Actual Loops": 1, "Inner Unique": false, "Plans": [{"Node Type": "Hash Join", "Parent Relationship": "Outer", "Join Type": "Inner", "Startup Cost": 60061.08, "Total Cost": 558158.87, "Plan Rows": 715772, "Plan Width": 20, "Actual Startup Time": 792.942, "Actual Total Time": 8869.255, "Actual Rows": 1455173, "Actual Loops": 1, "Inner Unique": true, "Hash Cond": "(orders.o_custkey = customer.c_custkey), (LLVM Optimized, Jit Execute)", "Plans": [{"Node Type": "Seq Scan", "Parent Relationship": "Outer", "Relation Name": "orders", "Alias": "orders", "Startup Cost": 385.73, "Total Cost": 463912.49, "Plan Rows": 7310217, "Plan Width": 28, "Actual Startup Time": 0.046, "Actual Total Time": 4908.861, "Actual Rows": 7276947, "Actual Loops": 1, "Filter": "(o_orderdate < '1995-03-13 00:00:00'::timestamp(0) without time zone), (LLVM Optimized, Jit Execute)", "Rows Removed by Filter": 7723053}, {"Node Type": "Hash", "Parent Relationship": "Inner", "Startup Cost": 55876.0, "Total Cost": 55876.0, "Plan Rows": 303948, "Plan Width": 8, "Actual Startup Time": 792.498, "Actual Total Time": 792.498, "Actual Rows": 300036, "Actual Loops": 1, "Hash Buckets": 524288, "Hash Batches": 1, "Original Hash Batches": 1, "Peak Memory Usage": 11721, "Plans": [{"Node Type": "Seq Scan", "Parent Relationship": "Outer", "Relation Name": "customer", "Alias": "customer", "Startup Cost": 0.0, "Total Cost": 55876.0, "Plan Rows": 303948, "Plan Width": 8, "Actual Startup Time": 0.027, "Actual Total Time": 665.896, "Actual Rows": 300036, "Actual Loops": 1, "Filter": "(c_mktsegment = 'AUTOMOBILE'::bpchar), (LLVM Optimized, Jit Execute)", "Rows Removed by Filter": 1199964}]}]}, {"Node Type": "Index Scan", "Parent Relationship": "Inner", "Scan Direction": "Forward", "Index Name": "idx_lineitem_orderkey", "Relation Name": "lineitem", "Alias": "lineitem", "Startup Cost": 0.0, "Total Cost": 1.35, "Plan Rows": 5, "Plan Width": 24, "Actual Startup Time": 10931.776, "Actual Total Time": 11224.045, "Actual Rows": 300219, "Actual Loops": 1455173, "Index Cond": "(l_orderkey = orders.o_orderkey)", "Rows Removed by Index Recheck": 0, "Filter": "(l_shipdate > '1995-03-13 00:00:00'::timestamp(0) without time zone)", "Rows Removed by Filter": 5519788}]}]}]}]}, "Triggers": [], "Planner Runtime": 1.3, "Total Runtime": 21284.503, "Unique SQL Id": 3929762122}}, "(16, '5')": {"explain_plan": {"Plan": {"Node Type": "Limit", "Startup Cost": 1829820.45, "Total Cost": 1829820.47, "Plan Rows": 10, "Plan Width": 44, "Plans": [{"Node Type": "Sort", "Parent Relationship": "Outer", "Startup Cost": 1829820.45, "Total Cost": 1838718.56, "Plan Rows": 10, "Plan Width": 44, "Sort Key": ["(sum((lineitem.l_extendedprice * (1::double precision - lineitem.l_discount)))) DESC", "orders.o_orderdate"], "Plans": [{"Node Type": "Aggregate", "Strategy": "Hashed", "Parent Relationship": "Outer", "Startup Cost": 1717313.93, "Total Cost": 1752906.4, "Plan Rows": 3559247, "Plan Width": 44, "Group By Key": ["lineitem.l_orderkey", "orders.o_orderdate", "orders.o_shippriority"], "Plans": [{"Node Type": "Nested Loop", "Parent Relationship": "Outer", "Join Type": "Inner", "Startup Cost": 257013.14, "Total Cost": 1663925.22, "Plan Rows": 3559247, "Plan Width": 36, "Inner Unique": false, "Plans": [{"Node Type": "Hash Join", "Parent Relationship": "Outer", "Join Type": "Inner", "Startup Cost": 257013.14, "Total Cost": 659380.88, "Plan Rows": 715772, "Plan Width": 20, "Inner Unique": true, "Hash Cond": "(orders.o_custkey = customer.c_custkey), (LLVM Optimized)", "Plans": [{"Node Type": "Bitmap Heap Scan", "Parent Relationship": "Outer", "Relation Name": "orders", "Alias": "orders", "Startup Cost": 168698.43, "Total Cost": 536495.14, "Plan Rows": 7310217, "Plan Width": 28, "Recheck Cond": "(o_orderdate < '1995-03-13 00:00:00'::timestamp(0) without time zone), (LLVM Optimized)", "Plans": [{"Node Type": "Bitmap Index Scan", "Parent Relationship": "Outer", "Index Name": "idx_orders_orderdate", "Startup Cost": 0.0, "Total Cost": 166870.88, "Plan Rows": 7310217, "Plan Width": 0, "Index Cond": "(o_orderdate < '1995-03-13 00:00:00'::timestamp(0) without time zone)"}]}, {"Node Type": "Hash", "Parent Relationship": "Inner", "Startup Cost": 84515.36, "Total Cost": 84515.36, "Plan Rows": 303948, "Plan Width": 8, "Plans": [{"Node Type": "Index Scan", "Parent Relationship": "Outer", "Scan Direction": "Forward", "Index Name": "customer_pkey", "Relation Name": "customer", "Alias": "customer", "Startup Cost": 0.0, "Total Cost": 84515.36, "Plan Rows": 303948, "Plan Width": 8, "Filter": "(c_mktsegment = 'AUTOMOBILE'::bpchar), (LLVM Optimized)"}]}]}, {"Node Type": "Index Scan", "Parent Relationship": "Inner", "Scan Direction": "Forward", "Index Name": "idx_lineitem_orderkey", "Relation Name": "lineitem", "Alias": "lineitem", "Startup Cost": 0.0, "Total Cost": 1.35, "Plan Rows": 5, "Plan Width": 24, "Index Cond": "(l_orderkey = orders.o_orderkey)", "Filter": "(l_shipdate > '1995-03-13 00:00:00'::timestamp(0) without time zone)"}]}]}]}]}, "Unique SQL Id": 3929762122, "Planner Runtime": 1}, "explain_analyze_plan": {"Plan": {"Node Type": "Limit", "Startup Cost": 1829820.45, "Total Cost": 1829820.47, "Plan Rows": 10, "Plan Width": 44, "Actual Startup Time": 22258.734, "Actual Total Time": 22258.737, "Actual Rows": 10, "Actual Loops": 1, "Plans": [{"Node Type": "Sort", "Parent Relationship": "Outer", "Startup Cost": 1829820.45, "Total Cost": 1838718.56, "Plan Rows": 10, "Plan Width": 44, "Actual Startup Time": 22258.732, "Actual Total Time": 22258.733, "Actual Rows": 10, "Actual Loops": 1, "Sort Key": ["(sum((lineitem.l_extendedprice * (1::double precision - lineitem.l_discount)))) DESC", "orders.o_orderdate"], "Sort Method": "top-N heapsort", "Sort Space Used": 26, "Sort Space Type": "Memory", "Plans": [{"Node Type": "Aggregate", "Strategy": "Hashed", "Parent Relationship": "Outer", "Startup Cost": 1717313.93, "Total Cost": 1752906.4, "Plan Rows": 3559247, "Plan Width": 44, "Actual Startup Time": 22173.758, "Actual Total Time": 22231.615, "Actual Rows": 113719, "Actual Loops": 1, "Group By Key": ["lineitem.l_orderkey", "orders.o_orderdate", "orders.o_shippriority"], "Plans": [{"Node Type": "Nested Loop", "Parent Relationship": "Outer", "Join Type": "Inner", "Startup Cost": 257013.14, "Total Cost": 1663925.22, "Plan Rows": 3559247, "Plan Width": 36, "Actual Startup Time": 2984.674, "Actual Total Time": 21881.489, "Actual Rows": 300219, "Actual Loops": 1, "Inner Unique": false, "Plans": [{"Node Type": "Hash Join", "Parent Relationship": "Outer", "Join Type": "Inner", "Startup Cost": 257013.14, "Total Cost": 659380.88, "Plan Rows": 715772, "Plan Width": 20, "Actual Startup Time": 2984.449, "Actual Total Time": 9955.282, "Actual Rows": 1455173, "Actual Loops": 1, "Inner Unique": true, "Hash Cond": "(orders.o_custkey = customer.c_custkey), (LLVM Optimized, Jit Execute)", "Plans": [{"Node Type": "Bitmap Heap Scan", "Parent Relationship": "Outer", "Relation Name": "orders", "Alias": "orders", "Startup Cost": 168698.43, "Total Cost": 536495.14, "Plan Rows": 7310217, "Plan Width": 28, "Actual Startup Time": 1860.45, "Actual Total Time": 5689.544, "Actual Rows": 7276947, "Actual Loops": 1, "Recheck Cond": "(o_orderdate < '1995-03-13 00:00:00'::timestamp(0) without time zone), (LLVM Optimized, Jit Execute)", "Rows Removed by Index Recheck": 0, "Exact Heap Blocks": 276419, "Lossy Heap Blocks": 276419, "Plans": [{"Node Type": "Bitmap Index Scan", "Parent Relationship": "Outer", "Index Name": "idx_orders_orderdate", "Startup Cost": 0.0, "Total Cost": 166870.88, "Plan Rows": 7310217, "Plan Width": 0, "Actual Startup Time": 1772.184, "Actual Total Time": 1772.184, "Actual Rows": 7276947, "Actual Loops": 1, "Index Cond": "(o_orderdate < '1995-03-13 00:00:00'::timestamp(0) without time zone)"}]}, {"Node Type": "Hash", "Parent Relationship": "Inner", "Startup Cost": 84515.36, "Total Cost": 84515.36, "Plan Rows": 303948, "Plan Width": 8, "Actual Startup Time": 1123.612, "Actual Total Time": 1123.612, "Actual Rows": 300036, "Actual Loops": 1, "Hash Buckets": 524288, "Hash Batches": 1, "Original Hash Batches": 1, "Peak Memory Usage": 11721, "Plans": [{"Node Type": "Index Scan", "Parent Relationship": "Outer", "Scan Direction": "Forward", "Index Name": "customer_pkey", "Relation Name": "customer", "Alias": "customer", "Startup Cost": 0.0, "Total Cost": 84515.36, "Plan Rows": 303948, "Plan Width": 8, "Actual Startup Time": 0.065, "Actual Total Time": 1011.283, "Actual Rows": 300036, "Actual Loops": 1, "Filter": "(c_mktsegment = 'AUTOMOBILE'::bpchar), (LLVM Optimized, Jit Execute)", "Rows Removed by Filter": 1199964}]}]}, {"Node Type": "Index Scan", "Parent Relationship": "Inner", "Scan Direction": "Forward", "Index Name": "idx_lineitem_orderkey", "Relation Name": "lineitem", "Alias": "lineitem", "Startup Cost": 0.0, "Total Cost": 1.35, "Plan Rows": 5, "Plan Width": 24, "Actual Startup Time": 10827.429, "Actual Total Time": 11122.722, "Actual Rows": 300219, "Actual Loops": 1455173, "Index Cond": "(l_orderkey = orders.o_orderkey)", "Rows Removed by Index Recheck": 0, "Filter": "(l_shipdate > '1995-03-13 00:00:00'::timestamp(0) without time zone)", "Rows Removed by Filter": 5519788}]}]}]}]}, "Triggers": [], "Planner Runtime": 1.356, "Total Runtime": 22269.035, "Unique SQL Id": 3929762122}}, "(16, '6')": {"explain_plan": {"Plan": {"Node Type": "Limit", "Startup Cost": 3055991.15, "Total Cost": 3055991.17, "Plan Rows": 10, "Plan Width": 44, "Plans": [{"Node Type": "Sort", "Parent Relationship": "Outer", "Startup Cost": 3055991.15, "Total Cost": 3064889.27, "Plan Rows": 10, "Plan Width": 44, "Sort Key": ["(sum((lineitem.l_extendedprice * (1::double precision - lineitem.l_discount)))) DESC", "orders.o_orderdate"], "Plans": [{"Node Type": "Aggregate", "Strategy": "Hashed", "Parent Relationship": "Outer", "Startup Cost": 2943484.63, "Total Cost": 2979077.1, "Plan Rows": 3559247, "Plan Width": 44, "Group By Key": ["lineitem.l_orderkey", "orders.o_orderdate", "orders.o_shippriority"], "Plans": [{"Node Type": "Hash Join", "Parent Relationship": "Outer", "Join Type": "Inner", "Startup Cost": 567106.02, "Total Cost": 2890095.93, "Plan Rows": 3559247, "Plan Width": 36, "Inner Unique": false, "Hash Cond": "(lineitem.l_orderkey = orders.o_orderkey), (LLVM Optimized)", "Plans": [{"Node Type": "Seq Scan", "Parent Relationship": "Outer", "Relation Name": "lineitem", "Alias": "lineitem", "Startup Cost": 0.0, "Total Cost": 2165082.91, "Plan Rows": 32617206, "Plan Width": 24, "Filter": "(l_shipdate > '1995-03-13 00:00:00'::timestamp(0) without time zone), (LLVM Optimized)"}, {"Node Type": "Hash", "Parent Relationship": "Inner", "Startup Cost": 558158.87, "Total Cost": 558158.87, "Plan Rows": 715772, "Plan Width": 20, "Plans": [{"Node Type": "Hash Join", "Parent Relationship": "Outer", "Join Type": "Inner", "Startup Cost": 60061.08, "Total Cost": 558158.87, "Plan Rows": 715772, "Plan Width": 20, "Inner Unique": true, "Hash Cond": "(orders.o_custkey = customer.c_custkey), (LLVM Optimized)", "Plans": [{"Node Type": "Seq Scan", "Parent Relationship": "Outer", "Relation Name": "orders", "Alias": "orders", "Startup Cost": 385.73, "Total Cost": 463912.49, "Plan Rows": 7310217, "Plan Width": 28, "Filter": "(o_orderdate < '1995-03-13 00:00:00'::timestamp(0) without time zone), (LLVM Optimized)"}, {"Node Type": "Hash", "Parent Relationship": "Inner", "Startup Cost": 55876.0, "Total Cost": 55876.0, "Plan Rows": 303948, "Plan Width": 8, "Plans": [{"Node Type": "Seq Scan", "Parent Relationship": "Outer", "Relation Name": "customer", "Alias": "customer", "Startup Cost": 0.0, "Total Cost": 55876.0, "Plan Rows": 303948, "Plan Width": 8, "Filter": "(c_mktsegment = 'AUTOMOBILE'::bpchar), (LLVM Optimized)"}]}]}]}]}]}]}]}, "Unique SQL Id": 3929762122, "Planner Runtime": 1}, "explain_analyze_plan": {"Plan": {"Node Type": "Limit", "Startup Cost": 3055991.15, "Total Cost": 3055991.17, "Plan Rows": 10, "Plan Width": 44, "Actual Startup Time": 40025.392, "Actual Total Time": 40025.394, "Actual Rows": 10, "Actual Loops": 1, "Plans": [{"Node Type": "Sort", "Parent Relationship": "Outer", "Startup Cost": 3055991.15, "Total Cost": 3064889.27, "Plan Rows": 10, "Plan Width": 44, "Actual Startup Time": 40025.388, "Actual Total Time": 40025.39, "Actual Rows": 10, "Actual Loops": 1, "Sort Key": ["(sum((lineitem.l_extendedprice * (1::double precision - lineitem.l_discount)))) DESC", "orders.o_orderdate"], "Sort Method": "top-N heapsort", "Sort Space Used": 26, "Sort Space Type": "Memory", "Plans": [{"Node Type": "Aggregate", "Strategy": "Hashed", "Parent Relationship": "Outer", "Startup Cost": 2943484.63, "Total Cost": 2979077.1, "Plan Rows": 3559247, "Plan Width": 44, "Actual Startup Time": 39915.609, "Actual Total Time": 39997.925, "Actual Rows": 113719, "Actual Loops": 1, "Group By Key": ["lineitem.l_orderkey", "orders.o_orderdate", "orders.o_shippriority"], "Plans": [{"Node Type": "Hash Join", "Parent Relationship": "Outer", "Join Type": "Inner", "Startup Cost": 567106.02, "Total Cost": 2890095.93, "Plan Rows": 3559247, "Plan Width": 36, "Actual Startup Time": 8962.319, "Actual Total Time": 39619.186, "Actual Rows": 300219, "Actual Loops": 1, "Inner Unique": false, "Hash Cond": "(lineitem.l_orderkey = orders.o_orderkey), (LLVM Optimized, Jit Execute)", "Plans": [{"Node Type": "Seq Scan", "Parent Relationship": "Outer", "Relation Name": "lineitem", "Alias": "lineitem", "Startup Cost": 0.0, "Total Cost": 2165082.91, "Plan Rows": 32617206, "Plan Width": 24, "Actual Startup Time": 0.047, "Actual Total Time": 21133.06, "Actual Rows": 32384344, "Actual Loops": 1, "Filter": "(l_shipdate > '1995-03-13 00:00:00'::timestamp(0) without time zone), (LLVM Optimized, Jit Execute)", "Rows Removed by Filter": 27601708}, {"Node Type": "Hash", "Parent Relationship": "Inner", "Startup Cost": 558158.87, "Total Cost": 558158.87, "Plan Rows": 715772, "Plan Width": 20, "Actual Startup Time": 8960.726, "Actual Total Time": 8960.726, "Actual Rows": 1455173, "Actual Loops": 1, "Hash Buckets": 1048576, "Hash Batches": 1, "Original Hash Batches": 1, "Peak Memory Usage": 79580, "Plans": [{"Node Type": "Hash Join", "Parent Relationship": "Outer", "Join Type": "Inner", "Startup Cost": 60061.08, "Total Cost": 558158.87, "Plan Rows": 715772, "Plan Width": 20, "Actual Startup Time": 743.077, "Actual Total Time": 8364.754, "Actual Rows": 1455173, "Actual Loops": 1, "Inner Unique": true, "Hash Cond": "(orders.o_custkey = customer.c_custkey), (LLVM Optimized, Jit Execute)", "Plans": [{"Node Type": "Seq Scan", "Parent Relationship": "Outer", "Relation Name": "orders", "Alias": "orders", "Startup Cost": 385.73, "Total Cost": 463912.49, "Plan Rows": 7310217, "Plan Width": 28, "Actual Startup Time": 0.03, "Actual Total Time": 4801.961, "Actual Rows": 7276947, "Actual Loops": 1, "Filter": "(o_orderdate < '1995-03-13 00:00:00'::timestamp(0) without time zone), (LLVM Optimized, Jit Execute)", "Rows Removed by Filter": 7723053}, {"Node Type": "Hash", "Parent Relationship": "Inner", "Startup Cost": 55876.0, "Total Cost": 55876.0, "Plan Rows": 303948, "Plan Width": 8, "Actual Startup Time": 742.689, "Actual Total Time": 742.689, "Actual Rows": 300036, "Actual Loops": 1, "Hash Buckets": 524288, "Hash Batches": 1, "Original Hash Batches": 1, "Peak Memory Usage": 11721, "Plans": [{"Node Type": "Seq Scan", "Parent Relationship": "Outer", "Relation Name": "customer", "Alias": "customer", "Startup Cost": 0.0, "Total Cost": 55876.0, "Plan Rows": 303948, "Plan Width": 8, "Actual Startup Time": 0.019, "Actual Total Time": 655.461, "Actual Rows": 300036, "Actual Loops": 1, "Filter": "(c_mktsegment = 'AUTOMOBILE'::bpchar), (LLVM Optimized, Jit Execute)", "Rows Removed by Filter": 1199964}]}]}]}]}]}]}]}, "Triggers": [], "Planner Runtime": 1.242, "Total Runtime": 40035.753, "Unique SQL Id": 3929762122}}, "(16, '7')": {"explain_plan": {"Plan": {"Node Type": "Limit", "Startup Cost": 35345596.54, "Total Cost": 35345596.56, "Plan Rows": 10, "Plan Width": 44, "Plans": [{"Node Type": "Sort", "Parent Relationship": "Outer", "Startup Cost": 35345596.54, "Total Cost": 35354494.65, "Plan Rows": 10, "Plan Width": 44, "Sort Key": ["(sum((lineitem.l_extendedprice * (1::double precision - lineitem.l_discount)))) DESC", "orders.o_orderdate"], "Plans": [{"Node Type": "Aggregate", "Strategy": "Hashed", "Parent Relationship": "Outer", "Startup Cost": 35233090.02, "Total Cost": 35268682.49, "Plan Rows": 3559247, "Plan Width": 44, "Group By Key": ["lineitem.l_orderkey", "orders.o_orderdate", "orders.o_shippriority"], "Plans": [{"Node Type": "Nested Loop", "Parent Relationship": "Outer", "Join Type": "Inner", "Startup Cost": 168699.14, "Total Cost": 35179701.31, "Plan Rows": 3559247, "Plan Width": 36, "Inner Unique": false, "Plans": [{"Node Type": "Nested Loop", "Parent Relationship": "Outer", "Join Type": "Inner", "Startup Cost": 168698.69, "Total Cost": 31865463.0, "Plan Rows": 715772, "Plan Width": 20, "Inner Unique": true, "Plans": [{"Node Type": "Bitmap Heap Scan", "Parent Relationship": "Outer", "Relation Name": "orders", "Alias": "orders", "Startup Cost": 168698.43, "Total Cost": 536495.14, "Plan Rows": 7310217, "Plan Width": 28, "Recheck Cond": "(o_orderdate < '1995-03-13 00:00:00'::timestamp(0) without time zone), (LLVM Optimized)", "Plans": [{"Node Type": "Bitmap Index Scan", "Parent Relationship": "Outer", "Index Name": "idx_orders_orderdate", "Startup Cost": 0.0, "Total Cost": 166870.88, "Plan Rows": 7310217, "Plan Width": 0, "Index Cond": "(o_orderdate < '1995-03-13 00:00:00'::timestamp(0) without time zone)"}]}, {"Node Type": "Bitmap Heap Scan", "Parent Relationship": "Inner", "Relation Name": "customer", "Alias": "customer", "Startup Cost": 0.26, "Total Cost": 4.28, "Plan Rows": 1, "Plan Width": 8, "Recheck Cond": "(c_custkey = orders.o_custkey)", "Filter": "(c_mktsegment = 'AUTOMOBILE'::bpchar)", "Plans": [{"Node Type": "Bitmap Index Scan", "Parent Relationship": "Outer", "Index Name": "customer_pkey", "Startup Cost": 0.0, "Total Cost": 0.26, "Plan Rows": 1, "Plan Width": 0, "Index Cond": "(c_custkey = orders.o_custkey)"}]}]}, {"Node Type": "Bitmap Heap Scan", "Parent Relationship": "Inner", "Relation Name": "lineitem", "Alias": "lineitem", "Startup Cost": 0.45, "Total Cost": 4.58, "Plan Rows": 5, "Plan Width": 24, "Recheck Cond": "(l_orderkey = orders.o_orderkey)", "Filter": "(l_shipdate > '1995-03-13 00:00:00'::timestamp(0) without time zone)", "Plans": [{"Node Type": "Bitmap Index Scan", "Parent Relationship": "Outer", "Index Name": "idx_lineitem_orderkey", "Startup Cost": 0.0, "Total Cost": 0.44, "Plan Rows": 9, "Plan Width": 0, "Index Cond": "(l_orderkey = orders.o_orderkey)"}]}]}]}]}]}, "Unique SQL Id": 3929762122, "Planner Runtime": 1}, "explain_analyze_plan": null}, "(16, '8')": {"explain_plan": {"Plan": {"Node Type": "Limit", "Startup Cost": 1728598.43, "Total Cost": 1728598.46, "Plan Rows": 10, "Plan Width": 44, "Plans": [{"Node Type": "Sort", "Parent Relationship": "Outer", "Startup Cost": 1728598.43, "Total Cost": 1737496.55, "Plan Rows": 10, "Plan Width": 44, "Sort Key": ["(sum((lineitem.l_extendedprice * (1::double precision - lineitem.l_discount)))) DESC", "orders.o_orderdate"], "Plans": [{"Node Type": "Aggregate", "Strategy": "Hashed", "Parent Relationship": "Outer", "Startup Cost": 1616091.91, "Total Cost": 1651684.38, "Plan Rows": 3559247, "Plan Width": 44, "Group By Key": ["lineitem.l_orderkey", "orders.o_orderdate", "orders.o_shippriority"], "Plans": [{"Node Type": "Nested Loop", "Parent Relationship": "Outer", "Join Type": "Inner", "Startup Cost": 60061.08, "Total Cost": 1562703.21, "Plan Rows": 3559247, "Plan Width": 36, "Inner Unique": false, "Plans": [{"Node Type": "Hash Join", "Parent Relationship": "Outer", "Join Type": "Inner", "Startup Cost": 60061.08, "Total Cost": 558158.87, "Plan Rows": 715772, "Plan Width": 20, "Inner Unique": true, "Hash Cond": "(orders.o_custkey = customer.c_custkey), (LLVM Optimized)", "Plans": [{"Node Type": "Seq Scan", "Parent Relationship": "Outer", "Relation Name": "orders", "Alias": "orders", "Startup Cost": 385.73, "Total Cost": 463912.49, "Plan Rows": 7310217, "Plan Width": 28, "Filter": "(o_orderdate < '1995-03-13 00:00:00'::timestamp(0) without time zone), (LLVM Optimized)"}, {"Node Type": "Hash", "Parent Relationship": "Inner", "Startup Cost": 55876.0, "Total Cost": 55876.0, "Plan Rows": 303948, "Plan Width": 8, "Plans": [{"Node Type": "Seq Scan", "Parent Relationship": "Outer", "Relation Name": "customer", "Alias": "customer", "Startup Cost": 0.0, "Total Cost": 55876.0, "Plan Rows": 303948, "Plan Width": 8, "Filter": "(c_mktsegment = 'AUTOMOBILE'::bpchar), (LLVM Optimized)"}]}]}, {"Node Type": "Index Scan", "Parent Relationship": "Inner", "Scan Direction": "Forward", "Index Name": "idx_lineitem_orderkey", "Relation Name": "lineitem", "Alias": "lineitem", "Startup Cost": 0.0, "Total Cost": 1.35, "Plan Rows": 5, "Plan Width": 24, "Index Cond": "(l_orderkey = orders.o_orderkey)", "Filter": "(l_shipdate > '1995-03-13 00:00:00'::timestamp(0) without time zone)"}]}]}]}]}, "Unique SQL Id": 3929762122, "Planner Runtime": 1}, "explain_analyze_plan": {"Plan": {"Node Type": "Limit", "Startup Cost": 1728598.43, "Total Cost": 1728598.46, "Plan Rows": 10, "Plan Width": 44, "Actual Startup Time": 21274.526, "Actual Total Time": 21274.53, "Actual Rows": 10, "Actual Loops": 1, "Plans": [{"Node Type": "Sort", "Parent Relationship": "Outer", "Startup Cost": 1728598.43, "Total Cost": 1737496.55, "Plan Rows": 10, "Plan Width": 44, "Actual Startup Time": 21274.522, "Actual Total Time": 21274.523, "Actual Rows": 10, "Actual Loops": 1, "Sort Key": ["(sum((lineitem.l_extendedprice * (1::double precision - lineitem.l_discount)))) DESC", "orders.o_orderdate"], "Sort Method": "top-N heapsort", "Sort Space Used": 26, "Sort Space Type": "Memory", "Plans": [{"Node Type": "Aggregate", "Strategy": "Hashed", "Parent Relationship": "Outer", "Startup Cost": 1616091.91, "Total Cost": 1651684.38, "Plan Rows": 3559247, "Plan Width": 44, "Actual Startup Time": 21187.648, "Actual Total Time": 21247.237, "Actual Rows": 113719, "Actual Loops": 1, "Group By Key": ["lineitem.l_orderkey", "orders.o_orderdate", "orders.o_shippriority"], "Plans": [{"Node Type": "Nested Loop", "Parent Relationship": "Outer", "Join Type": "Inner", "Startup Cost": 60061.08, "Total Cost": 1562703.21, "Plan Rows": 3559247, "Plan Width": 36, "Actual Startup Time": 793.168, "Actual Total Time": 20886.923, "Actual Rows": 300219, "Actual Loops": 1, "Inner Unique": false, "Plans": [{"Node Type": "Hash Join", "Parent Relationship": "Outer", "Join Type": "Inner", "Startup Cost": 60061.08, "Total Cost": 558158.87, "Plan Rows": 715772, "Plan Width": 20, "Actual Startup Time": 792.942, "Actual Total Time": 8869.255, "Actual Rows": 1455173, "Actual Loops": 1, "Inner Unique": true, "Hash Cond": "(orders.o_custkey = customer.c_custkey), (LLVM Optimized, Jit Execute)", "Plans": [{"Node Type": "Seq Scan", "Parent Relationship": "Outer", "Relation Name": "orders", "Alias": "orders", "Startup Cost": 385.73, "Total Cost": 463912.49, "Plan Rows": 7310217, "Plan Width": 28, "Actual Startup Time": 0.046, "Actual Total Time": 4908.861, "Actual Rows": 7276947, "Actual Loops": 1, "Filter": "(o_orderdate < '1995-03-13 00:00:00'::timestamp(0) without time zone), (LLVM Optimized, Jit Execute)", "Rows Removed by Filter": 7723053}, {"Node Type": "Hash", "Parent Relationship": "Inner", "Startup Cost": 55876.0, "Total Cost": 55876.0, "Plan Rows": 303948, "Plan Width": 8, "Actual Startup Time": 792.498, "Actual Total Time": 792.498, "Actual Rows": 300036, "Actual Loops": 1, "Hash Buckets": 524288, "Hash Batches": 1, "Original Hash Batches": 1, "Peak Memory Usage": 11721, "Plans": [{"Node Type": "Seq Scan", "Parent Relationship": "Outer", "Relation Name": "customer", "Alias": "customer", "Startup Cost": 0.0, "Total Cost": 55876.0, "Plan Rows": 303948, "Plan Width": 8, "Actual Startup Time": 0.027, "Actual Total Time": 665.896, "Actual Rows": 300036, "Actual Loops": 1, "Filter": "(c_mktsegment = 'AUTOMOBILE'::bpchar), (LLVM Optimized, Jit Execute)", "Rows Removed by Filter": 1199964}]}]}, {"Node Type": "Index Scan", "Parent Relationship": "Inner", "Scan Direction": "Forward", "Index Name": "idx_lineitem_orderkey", "Relation Name": "lineitem", "Alias": "lineitem", "Startup Cost": 0.0, "Total Cost": 1.35, "Plan Rows": 5, "Plan Width": 24, "Actual Startup Time": 10931.776, "Actual Total Time": 11224.045, "Actual Rows": 300219, "Actual Loops": 1455173, "Index Cond": "(l_orderkey = orders.o_orderkey)", "Rows Removed by Index Recheck": 0, "Filter": "(l_shipdate > '1995-03-13 00:00:00'::timestamp(0) without time zone)", "Rows Removed by Filter": 5519788}]}]}]}]}, "Triggers": [], "Planner Runtime": 1.3, "Total Runtime": 21284.503, "Unique SQL Id": 3929762122}}, "(16, '9')": {"explain_plan": {"Plan": {"Node Type": "Limit", "Startup Cost": 2061802.43, "Total Cost": 2061802.46, "Plan Rows": 10, "Plan Width": 44, "Plans": [{"Node Type": "Sort", "Parent Relationship": "Outer", "Startup Cost": 2061802.43, "Total Cost": 2070700.55, "Plan Rows": 10, "Plan Width": 44, "Sort Key": ["(sum((lineitem.l_extendedprice * (1::double precision - lineitem.l_discount)))) DESC", "orders.o_orderdate"], "Plans": [{"Node Type": "Aggregate", "Strategy": "Hashed", "Parent Relationship": "Outer", "Startup Cost": 1949295.92, "Total Cost": 1984888.39, "Plan Rows": 3559247, "Plan Width": 44, "Group By Key": ["lineitem.l_orderkey", "orders.o_orderdate", "orders.o_shippriority"], "Plans": [{"Node Type": "Nested Loop", "Parent Relationship": "Outer", "Join Type": "Inner", "Startup Cost": 88314.71, "Total Cost": 1895907.21, "Plan Rows": 3559247, "Plan Width": 36, "Inner Unique": false, "Plans": [{"Node Type": "Hash Join", "Parent Relationship": "Outer", "Join Type": "Inner", "Startup Cost": 88314.71, "Total Cost": 891362.87, "Plan Rows": 715772, "Plan Width": 20, "Inner Unique": true, "Hash Cond": "(orders.o_custkey = customer.c_custkey), (LLVM Optimized)", "Plans": [{"Node Type": "Index Scan", "Parent Relationship": "Outer", "Scan Direction": "Forward", "Index Name": "orders_pkey", "Relation Name": "orders", "Alias": "orders", "Startup Cost": 0.0, "Total Cost": 768477.13, "Plan Rows": 7310217, "Plan Width": 28, "Filter": "(o_orderdate < '1995-03-13 00:00:00'::timestamp(0) without time zone), (LLVM Optimized)"}, {"Node Type": "Hash", "Parent Relationship": "Inner", "Startup Cost": 84515.36, "Total Cost": 84515.36, "Plan Rows": 303948, "Plan Width": 8, "Plans": [{"Node Type": "Index Scan", "Parent Relationship": "Outer", "Scan Direction": "Forward", "Index Name": "customer_pkey", "Relation Name": "customer", "Alias": "customer", "Startup Cost": 0.0, "Total Cost": 84515.36, "Plan Rows": 303948, "Plan Width": 8, "Filter": "(c_mktsegment = 'AUTOMOBILE'::bpchar), (LLVM Optimized)"}]}]}, {"Node Type": "Index Scan", "Parent Relationship": "Inner", "Scan Direction": "Forward", "Index Name": "idx_lineitem_orderkey", "Relation Name": "lineitem", "Alias": "lineitem", "Startup Cost": 0.0, "Total Cost": 1.35, "Plan Rows": 5, "Plan Width": 24, "Index Cond": "(l_orderkey = orders.o_orderkey)", "Filter": "(l_shipdate > '1995-03-13 00:00:00'::timestamp(0) without time zone)"}]}]}]}]}, "Unique SQL Id": 3929762122, "Planner Runtime": 1}, "explain_analyze_plan": {"Plan": {"Node Type": "Limit", "Startup Cost": 2061802.43, "Total Cost": 2061802.46, "Plan Rows": 10, "Plan Width": 44, "Actual Startup Time": 26780.809, "Actual Total Time": 26780.812, "Actual Rows": 10, "Actual Loops": 1, "Plans": [{"Node Type": "Sort", "Parent Relationship": "Outer", "Startup Cost": 2061802.43, "Total Cost": 2070700.55, "Plan Rows": 10, "Plan Width": 44, "Actual Startup Time": 26780.806, "Actual Total Time": 26780.807, "Actual Rows": 10, "Actual Loops": 1, "Sort Key": ["(sum((lineitem.l_extendedprice * (1::double precision - lineitem.l_discount)))) DESC", "orders.o_orderdate"], "Sort Method": "top-N heapsort", "Sort Space Used": 26, "Sort Space Type": "Memory", "Plans": [{"Node Type": "Aggregate", "Strategy": "Hashed", "Parent Relationship": "Outer", "Startup Cost": 1949295.92, "Total Cost": 1984888.39, "Plan Rows": 3559247, "Plan Width": 44, "Actual Startup Time": 26671.704, "Actual Total Time": 26753.285, "Actual Rows": 113719, "Actual Loops": 1, "Group By Key": ["lineitem.l_orderkey", "orders.o_orderdate", "orders.o_shippriority"], "Plans": [{"Node Type": "Nested Loop", "Parent Relationship": "Outer", "Join Type": "Inner", "Startup Cost": 88314.71, "Total Cost": 1895907.21, "Plan Rows": 3559247, "Plan Width": 36, "Actual Startup Time": 1197.087, "Actual Total Time": 26368.067, "Actual Rows": 300219, "Actual Loops": 1, "Inner Unique": false, "Plans": [{"Node Type": "Hash Join", "Parent Relationship": "Outer", "Join Type": "Inner", "Startup Cost": 88314.71, "Total Cost": 891362.87, "Plan Rows": 715772, "Plan Width": 20, "Actual Startup Time": 1196.855, "Actual Total Time": 14651.439, "Actual Rows": 1455173, "Actual Loops": 1, "Inner Unique": true, "Hash Cond": "(orders.o_custkey = customer.c_custkey), (LLVM Optimized, Jit Execute)", "Plans": [{"Node Type": "Index Scan", "Parent Relationship": "Outer", "Scan Direction": "Forward", "Index Name": "orders_pkey", "Relation Name": "orders", "Alias": "orders", "Startup Cost": 0.0, "Total Cost": 768477.13, "Plan Rows": 7310217, "Plan Width": 28, "Actual Startup Time": 0.066, "Actual Total Time": 10057.981, "Actual Rows": 7276947, "Actual Loops": 1, "Filter": "(o_orderdate < '1995-03-13 00:00:00'::timestamp(0) without time zone), (LLVM Optimized, Jit Execute)", "Rows Removed by Filter": 7723053}, {"Node Type": "Hash", "Parent Relationship": "Inner", "Startup Cost": 84515.36, "Total Cost": 84515.36, "Plan Rows": 303948, "Plan Width": 8, "Actual Startup Time": 1196.409, "Actual Total Time": 1196.409, "Actual Rows": 300036, "Actual Loops": 1, "Hash Buckets": 524288, "Hash Batches": 1, "Original Hash Batches": 1, "Peak Memory Usage": 11721, "Plans": [{"Node Type": "Index Scan", "Parent Relationship": "Outer", "Scan Direction": "Forward", "Index Name": "customer_pkey", "Relation Name": "customer", "Alias": "customer", "Startup Cost": 0.0, "Total Cost": 84515.36, "Plan Rows": 303948, "Plan Width": 8, "Actual Startup Time": 0.033, "Actual Total Time": 1104.528, "Actual Rows": 300036, "Actual Loops": 1, "Filter": "(c_mktsegment = 'AUTOMOBILE'::bpchar), (LLVM Optimized, Jit Execute)", "Rows Removed by Filter": 1199964}]}]}, {"Node Type": "Index Scan", "Parent Relationship": "Inner", "Scan Direction": "Forward", "Index Name": "idx_lineitem_orderkey", "Relation Name": "lineitem", "Alias": "lineitem", "Startup Cost": 0.0, "Total Cost": 1.35, "Plan Rows": 5, "Plan Width": 24, "Actual Startup Time": 10649.647, "Actual Total Time": 10927.106, "Actual Rows": 300219, "Actual Loops": 1455173, "Index Cond": "(l_orderkey = orders.o_orderkey)", "Rows Removed by Index Recheck": 0, "Filter": "(l_shipdate > '1995-03-13 00:00:00'::timestamp(0) without time zone)", "Rows Removed by Filter": 5519788}]}]}]}]}, "Triggers": [], "Planner Runtime": 1.171, "Total Runtime": 26790.704, "Unique SQL Id": 3929762122}}, "(16, '10')": {"explain_plan": {"Plan": {"Node Type": "Limit", "Startup Cost": 3055991.15, "Total Cost": 3055991.17, "Plan Rows": 10, "Plan Width": 44, "Plans": [{"Node Type": "Sort", "Parent Relationship": "Outer", "Startup Cost": 3055991.15, "Total Cost": 3064889.27, "Plan Rows": 10, "Plan Width": 44, "Sort Key": ["(sum((lineitem.l_extendedprice * (1::double precision - lineitem.l_discount)))) DESC", "orders.o_orderdate"], "Plans": [{"Node Type": "Aggregate", "Strategy": "Hashed", "Parent Relationship": "Outer", "Startup Cost": 2943484.63, "Total Cost": 2979077.1, "Plan Rows": 3559247, "Plan Width": 44, "Group By Key": ["lineitem.l_orderkey", "orders.o_orderdate", "orders.o_shippriority"], "Plans": [{"Node Type": "Hash Join", "Parent Relationship": "Outer", "Join Type": "Inner", "Startup Cost": 567106.02, "Total Cost": 2890095.93, "Plan Rows": 3559247, "Plan Width": 36, "Inner Unique": false, "Hash Cond": "(lineitem.l_orderkey = orders.o_orderkey), (LLVM Optimized)", "Plans": [{"Node Type": "Seq Scan", "Parent Relationship": "Outer", "Relation Name": "lineitem", "Alias": "lineitem", "Startup Cost": 0.0, "Total Cost": 2165082.91, "Plan Rows": 32617206, "Plan Width": 24, "Filter": "(l_shipdate > '1995-03-13 00:00:00'::timestamp(0) without time zone), (LLVM Optimized)"}, {"Node Type": "Hash", "Parent Relationship": "Inner", "Startup Cost": 558158.87, "Total Cost": 558158.87, "Plan Rows": 715772, "Plan Width": 20, "Plans": [{"Node Type": "Hash Join", "Parent Relationship": "Outer", "Join Type": "Inner", "Startup Cost": 60061.08, "Total Cost": 558158.87, "Plan Rows": 715772, "Plan Width": 20, "Inner Unique": true, "Hash Cond": "(orders.o_custkey = customer.c_custkey), (LLVM Optimized)", "Plans": [{"Node Type": "Seq Scan", "Parent Relationship": "Outer", "Relation Name": "orders", "Alias": "orders", "Startup Cost": 385.73, "Total Cost": 463912.49, "Plan Rows": 7310217, "Plan Width": 28, "Filter": "(o_orderdate < '1995-03-13 00:00:00'::timestamp(0) without time zone), (LLVM Optimized)"}, {"Node Type": "Hash", "Parent Relationship": "Inner", "Startup Cost": 55876.0, "Total Cost": 55876.0, "Plan Rows": 303948, "Plan Width": 8, "Plans": [{"Node Type": "Seq Scan", "Parent Relationship": "Outer", "Relation Name": "customer", "Alias": "customer", "Startup Cost": 0.0, "Total Cost": 55876.0, "Plan Rows": 303948, "Plan Width": 8, "Filter": "(c_mktsegment = 'AUTOMOBILE'::bpchar), (LLVM Optimized)"}]}]}]}]}]}]}]}, "Unique SQL Id": 3929762122, "Planner Runtime": 1}, "explain_analyze_plan": {"Plan": {"Node Type": "Limit", "Startup Cost": 3055991.15, "Total Cost": 3055991.17, "Plan Rows": 10, "Plan Width": 44, "Actual Startup Time": 40025.392, "Actual Total Time": 40025.394, "Actual Rows": 10, "Actual Loops": 1, "Plans": [{"Node Type": "Sort", "Parent Relationship": "Outer", "Startup Cost": 3055991.15, "Total Cost": 3064889.27, "Plan Rows": 10, "Plan Width": 44, "Actual Startup Time": 40025.388, "Actual Total Time": 40025.39, "Actual Rows": 10, "Actual Loops": 1, "Sort Key": ["(sum((lineitem.l_extendedprice * (1::double precision - lineitem.l_discount)))) DESC", "orders.o_orderdate"], "Sort Method": "top-N heapsort", "Sort Space Used": 26, "Sort Space Type": "Memory", "Plans": [{"Node Type": "Aggregate", "Strategy": "Hashed", "Parent Relationship": "Outer", "Startup Cost": 2943484.63, "Total Cost": 2979077.1, "Plan Rows": 3559247, "Plan Width": 44, "Actual Startup Time": 39915.609, "Actual Total Time": 39997.925, "Actual Rows": 113719, "Actual Loops": 1, "Group By Key": ["lineitem.l_orderkey", "orders.o_orderdate", "orders.o_shippriority"], "Plans": [{"Node Type": "Hash Join", "Parent Relationship": "Outer", "Join Type": "Inner", "Startup Cost": 567106.02, "Total Cost": 2890095.93, "Plan Rows": 3559247, "Plan Width": 36, "Actual Startup Time": 8962.319, "Actual Total Time": 39619.186, "Actual Rows": 300219, "Actual Loops": 1, "Inner Unique": false, "Hash Cond": "(lineitem.l_orderkey = orders.o_orderkey), (LLVM Optimized, Jit Execute)", "Plans": [{"Node Type": "Seq Scan", "Parent Relationship": "Outer", "Relation Name": "lineitem", "Alias": "lineitem", "Startup Cost": 0.0, "Total Cost": 2165082.91, "Plan Rows": 32617206, "Plan Width": 24, "Actual Startup Time": 0.047, "Actual Total Time": 21133.06, "Actual Rows": 32384344, "Actual Loops": 1, "Filter": "(l_shipdate > '1995-03-13 00:00:00'::timestamp(0) without time zone), (LLVM Optimized, Jit Execute)", "Rows Removed by Filter": 27601708}, {"Node Type": "Hash", "Parent Relationship": "Inner", "Startup Cost": 558158.87, "Total Cost": 558158.87, "Plan Rows": 715772, "Plan Width": 20, "Actual Startup Time": 8960.726, "Actual Total Time": 8960.726, "Actual Rows": 1455173, "Actual Loops": 1, "Hash Buckets": 1048576, "Hash Batches": 1, "Original Hash Batches": 1, "Peak Memory Usage": 79580, "Plans": [{"Node Type": "Hash Join", "Parent Relationship": "Outer", "Join Type": "Inner", "Startup Cost": 60061.08, "Total Cost": 558158.87, "Plan Rows": 715772, "Plan Width": 20, "Actual Startup Time": 743.077, "Actual Total Time": 8364.754, "Actual Rows": 1455173, "Actual Loops": 1, "Inner Unique": true, "Hash Cond": "(orders.o_custkey = customer.c_custkey), (LLVM Optimized, Jit Execute)", "Plans": [{"Node Type": "Seq Scan", "Parent Relationship": "Outer", "Relation Name": "orders", "Alias": "orders", "Startup Cost": 385.73, "Total Cost": 463912.49, "Plan Rows": 7310217, "Plan Width": 28, "Actual Startup Time": 0.03, "Actual Total Time": 4801.961, "Actual Rows": 7276947, "Actual Loops": 1, "Filter": "(o_orderdate < '1995-03-13 00:00:00'::timestamp(0) without time zone), (LLVM Optimized, Jit Execute)", "Rows Removed by Filter": 7723053}, {"Node Type": "Hash", "Parent Relationship": "Inner", "Startup Cost": 55876.0, "Total Cost": 55876.0, "Plan Rows": 303948, "Plan Width": 8, "Actual Startup Time": 742.689, "Actual Total Time": 742.689, "Actual Rows": 300036, "Actual Loops": 1, "Hash Buckets": 524288, "Hash Batches": 1, "Original Hash Batches": 1, "Peak Memory Usage": 11721, "Plans": [{"Node Type": "Seq Scan", "Parent Relationship": "Outer", "Relation Name": "customer", "Alias": "customer", "Startup Cost": 0.0, "Total Cost": 55876.0, "Plan Rows": 303948, "Plan Width": 8, "Actual Startup Time": 0.019, "Actual Total Time": 655.461, "Actual Rows": 300036, "Actual Loops": 1, "Filter": "(c_mktsegment = 'AUTOMOBILE'::bpchar), (LLVM Optimized, Jit Execute)", "Rows Removed by Filter": 1199964}]}]}]}]}]}]}]}, "Triggers": [], "Planner Runtime": 1.242, "Total Runtime": 40035.753, "Unique SQL Id": 3929762122}}, "(16, '11')": {"explain_plan": {"Plan": {"Node Type": "Limit", "Startup Cost": 3000409063684.59, "Total Cost": 3000409063684.62, "Plan Rows": 10, "Plan Width": 44, "Plans": [{"Node Type": "Sort", "Parent Relationship": "Outer", "Startup Cost": 3000409063684.59, "Total Cost": 3000409072582.71, "Plan Rows": 10, "Plan Width": 44, "Sort Key": ["(sum((lineitem.l_extendedprice * (1::double precision - lineitem.l_discount)))) DESC", "orders.o_orderdate"], "Plans": [{"Node Type": "Aggregate", "Strategy": "Hashed", "Parent Relationship": "Outer", "Startup Cost": 3000408951178.08, "Total Cost": 3000408986770.55, "Plan Rows": 3559247, "Plan Width": 44, "Group By Key": ["lineitem.l_orderkey", "orders.o_orderdate", "orders.o_shippriority"], "Plans": [{"Node Type": "Hash Join", "Parent Relationship": "Outer", "Join Type": "Inner", "Startup Cost": 1020044887998.59, "Total Cost": 3000408897789.37, "Plan Rows": 3559247, "Plan Width": 36, "Inner Unique": true, "Hash Cond": "(orders.o_custkey = customer.c_custkey), (LLVM Optimized)", "Plans": [{"Node Type": "Merge Join", "Parent Relationship": "Outer", "Join Type": "Inner", "Startup Cost": 20036432663.62, "Total Cost": 2000400270546.49, "Plan Rows": 36350778, "Plan Width": 44, "Inner Unique": false, "Merge Cond": "(orders.o_orderkey = lineitem.l_orderkey)", "Plans": [{"Node Type": "Index Scan", "Parent Relationship": "Outer", "Scan Direction": "Forward", "Index Name": "orders_pkey", "Relation Name": "orders", "Alias": "orders", "Startup Cost": 10000000000.0, "Total Cost": 1000076847713.25, "Plan Rows": 7310217, "Plan Width": 28, "Filter": "(o_orderdate < '1995-03-13 00:00:00'::timestamp(0) without time zone), (LLVM Optimized)"}, {"Node Type": "Materialize", "Parent Relationship": "Inner", "Startup Cost": 10000000000.0, "Total Cost": 1000339093675.77, "Plan Rows": 32617206, "Plan Width": 24, "Plans": [{"Node Type": "Index Scan", "Parent Relationship": "Outer", "Scan Direction": "Forward", "Index Name": "idx_lineitem_orderkey", "Relation Name": "lineitem", "Alias": "lineitem", "Startup Cost": 10000000000.0, "Total Cost": 1000339012132.75, "Plan Rows": 32617206, "Plan Width": 24, "Filter": "(l_shipdate > '1995-03-13 00:00:00'::timestamp(0) without time zone), (LLVM Optimized)"}]}]}, {"Node Type": "Hash", "Parent Relationship": "Inner", "Startup Cost": 1000008451535.62, "Total Cost": 1000008451535.62, "Plan Rows": 303948, "Plan Width": 8, "Plans": [{"Node Type": "Index Scan", "Parent Relationship": "Outer", "Scan Direction": "Forward", "Index Name": "customer_pkey", "Relation Name": "customer", "Alias": "customer", "Startup Cost": 10000000000.0, "Total Cost": 1000008451535.62, "Plan Rows": 303948, "Plan Width": 8, "Filter": "(c_mktsegment = 'AUTOMOBILE'::bpchar), (LLVM Optimized)"}]}]}]}]}]}, "Unique SQL Id": 3929762122, "Planner Runtime": 1}, "explain_analyze_plan": null}, "(16, '12')": {"explain_plan": {"Plan": {"Node Type": "Limit", "Startup Cost": 1728598.43, "Total Cost": 1728598.46, "Plan Rows": 10, "Plan Width": 44, "Plans": [{"Node Type": "Sort", "Parent Relationship": "Outer", "Startup Cost": 1728598.43, "Total Cost": 1737496.55, "Plan Rows": 10, "Plan Width": 44, "Sort Key": ["(sum((lineitem.l_extendedprice * (1::double precision - lineitem.l_discount)))) DESC", "orders.o_orderdate"], "Plans": [{"Node Type": "Aggregate", "Strategy": "Hashed", "Parent Relationship": "Outer", "Startup Cost": 1616091.91, "Total Cost": 1651684.38, "Plan Rows": 3559247, "Plan Width": 44, "Group By Key": ["lineitem.l_orderkey", "orders.o_orderdate", "orders.o_shippriority"], "Plans": [{"Node Type": "Nested Loop", "Parent Relationship": "Outer", "Join Type": "Inner", "Startup Cost": 60061.08, "Total Cost": 1562703.21, "Plan Rows": 3559247, "Plan Width": 36, "Inner Unique": false, "Plans": [{"Node Type": "Hash Join", "Parent Relationship": "Outer", "Join Type": "Inner", "Startup Cost": 60061.08, "Total Cost": 558158.87, "Plan Rows": 715772, "Plan Width": 20, "Inner Unique": true, "Hash Cond": "(orders.o_custkey = customer.c_custkey), (LLVM Optimized)", "Plans": [{"Node Type": "Seq Scan", "Parent Relationship": "Outer", "Relation Name": "orders", "Alias": "orders", "Startup Cost": 385.73, "Total Cost": 463912.49, "Plan Rows": 7310217, "Plan Width": 28, "Filter": "(o_orderdate < '1995-03-13 00:00:00'::timestamp(0) without time zone), (LLVM Optimized)"}, {"Node Type": "Hash", "Parent Relationship": "Inner", "Startup Cost": 55876.0, "Total Cost": 55876.0, "Plan Rows": 303948, "Plan Width": 8, "Plans": [{"Node Type": "Seq Scan", "Parent Relationship": "Outer", "Relation Name": "customer", "Alias": "customer", "Startup Cost": 0.0, "Total Cost": 55876.0, "Plan Rows": 303948, "Plan Width": 8, "Filter": "(c_mktsegment = 'AUTOMOBILE'::bpchar), (LLVM Optimized)"}]}]}, {"Node Type": "Index Scan", "Parent Relationship": "Inner", "Scan Direction": "Forward", "Index Name": "idx_lineitem_orderkey", "Relation Name": "lineitem", "Alias": "lineitem", "Startup Cost": 0.0, "Total Cost": 1.35, "Plan Rows": 5, "Plan Width": 24, "Index Cond": "(l_orderkey = orders.o_orderkey)", "Filter": "(l_shipdate > '1995-03-13 00:00:00'::timestamp(0) without time zone)"}]}]}]}]}, "Unique SQL Id": 3929762122, "Planner Runtime": 1}, "explain_analyze_plan": {"Plan": {"Node Type": "Limit", "Startup Cost": 1728598.43, "Total Cost": 1728598.46, "Plan Rows": 10, "Plan Width": 44, "Actual Startup Time": 21274.526, "Actual Total Time": 21274.53, "Actual Rows": 10, "Actual Loops": 1, "Plans": [{"Node Type": "Sort", "Parent Relationship": "Outer", "Startup Cost": 1728598.43, "Total Cost": 1737496.55, "Plan Rows": 10, "Plan Width": 44, "Actual Startup Time": 21274.522, "Actual Total Time": 21274.523, "Actual Rows": 10, "Actual Loops": 1, "Sort Key": ["(sum((lineitem.l_extendedprice * (1::double precision - lineitem.l_discount)))) DESC", "orders.o_orderdate"], "Sort Method": "top-N heapsort", "Sort Space Used": 26, "Sort Space Type": "Memory", "Plans": [{"Node Type": "Aggregate", "Strategy": "Hashed", "Parent Relationship": "Outer", "Startup Cost": 1616091.91, "Total Cost": 1651684.38, "Plan Rows": 3559247, "Plan Width": 44, "Actual Startup Time": 21187.648, "Actual Total Time": 21247.237, "Actual Rows": 113719, "Actual Loops": 1, "Group By Key": ["lineitem.l_orderkey", "orders.o_orderdate", "orders.o_shippriority"], "Plans": [{"Node Type": "Nested Loop", "Parent Relationship": "Outer", "Join Type": "Inner", "Startup Cost": 60061.08, "Total Cost": 1562703.21, "Plan Rows": 3559247, "Plan Width": 36, "Actual Startup Time": 793.168, "Actual Total Time": 20886.923, "Actual Rows": 300219, "Actual Loops": 1, "Inner Unique": false, "Plans": [{"Node Type": "Hash Join", "Parent Relationship": "Outer", "Join Type": "Inner", "Startup Cost": 60061.08, "Total Cost": 558158.87, "Plan Rows": 715772, "Plan Width": 20, "Actual Startup Time": 792.942, "Actual Total Time": 8869.255, "Actual Rows": 1455173, "Actual Loops": 1, "Inner Unique": true, "Hash Cond": "(orders.o_custkey = customer.c_custkey), (LLVM Optimized, Jit Execute)", "Plans": [{"Node Type": "Seq Scan", "Parent Relationship": "Outer", "Relation Name": "orders", "Alias": "orders", "Startup Cost": 385.73, "Total Cost": 463912.49, "Plan Rows": 7310217, "Plan Width": 28, "Actual Startup Time": 0.046, "Actual Total Time": 4908.861, "Actual Rows": 7276947, "Actual Loops": 1, "Filter": "(o_orderdate < '1995-03-13 00:00:00'::timestamp(0) without time zone), (LLVM Optimized, Jit Execute)", "Rows Removed by Filter": 7723053}, {"Node Type": "Hash", "Parent Relationship": "Inner", "Startup Cost": 55876.0, "Total Cost": 55876.0, "Plan Rows": 303948, "Plan Width": 8, "Actual Startup Time": 792.498, "Actual Total Time": 792.498, "Actual Rows": 300036, "Actual Loops": 1, "Hash Buckets": 524288, "Hash Batches": 1, "Original Hash Batches": 1, "Peak Memory Usage": 11721, "Plans": [{"Node Type": "Seq Scan", "Parent Relationship": "Outer", "Relation Name": "customer", "Alias": "customer", "Startup Cost": 0.0, "Total Cost": 55876.0, "Plan Rows": 303948, "Plan Width": 8, "Actual Startup Time": 0.027, "Actual Total Time": 665.896, "Actual Rows": 300036, "Actual Loops": 1, "Filter": "(c_mktsegment = 'AUTOMOBILE'::bpchar), (LLVM Optimized, Jit Execute)", "Rows Removed by Filter": 1199964}]}]}, {"Node Type": "Index Scan", "Parent Relationship": "Inner", "Scan Direction": "Forward", "Index Name": "idx_lineitem_orderkey", "Relation Name": "lineitem", "Alias": "lineitem", "Startup Cost": 0.0, "Total Cost": 1.35, "Plan Rows": 5, "Plan Width": 24, "Actual Startup Time": 10931.776, "Actual Total Time": 11224.045, "Actual Rows": 300219, "Actual Loops": 1455173, "Index Cond": "(l_orderkey = orders.o_orderkey)", "Rows Removed by Index Recheck": 0, "Filter": "(l_shipdate > '1995-03-13 00:00:00'::timestamp(0) without time zone)", "Rows Removed by Filter": 5519788}]}]}]}]}, "Triggers": [], "Planner Runtime": 1.3, "Total Runtime": 21284.503, "Unique SQL Id": 3929762122}}, "(16, '13')": {"explain_plan": {"Plan": {"Node Type": "Limit", "Startup Cost": 2061802.43, "Total Cost": 2061802.46, "Plan Rows": 10, "Plan Width": 44, "Plans": [{"Node Type": "Sort", "Parent Relationship": "Outer", "Startup Cost": 2061802.43, "Total Cost": 2070700.55, "Plan Rows": 10, "Plan Width": 44, "Sort Key": ["(sum((lineitem.l_extendedprice * (1::double precision - lineitem.l_discount)))) DESC", "orders.o_orderdate"], "Plans": [{"Node Type": "Aggregate", "Strategy": "Hashed", "Parent Relationship": "Outer", "Startup Cost": 1949295.92, "Total Cost": 1984888.39, "Plan Rows": 3559247, "Plan Width": 44, "Group By Key": ["lineitem.l_orderkey", "orders.o_orderdate", "orders.o_shippriority"], "Plans": [{"Node Type": "Nested Loop", "Parent Relationship": "Outer", "Join Type": "Inner", "Startup Cost": 88314.71, "Total Cost": 1895907.21, "Plan Rows": 3559247, "Plan Width": 36, "Inner Unique": false, "Plans": [{"Node Type": "Hash Join", "Parent Relationship": "Outer", "Join Type": "Inner", "Startup Cost": 88314.71, "Total Cost": 891362.87, "Plan Rows": 715772, "Plan Width": 20, "Inner Unique": true, "Hash Cond": "(orders.o_custkey = customer.c_custkey), (LLVM Optimized)", "Plans": [{"Node Type": "Index Scan", "Parent Relationship": "Outer", "Scan Direction": "Forward", "Index Name": "orders_pkey", "Relation Name": "orders", "Alias": "orders", "Startup Cost": 0.0, "Total Cost": 768477.13, "Plan Rows": 7310217, "Plan Width": 28, "Filter": "(o_orderdate < '1995-03-13 00:00:00'::timestamp(0) without time zone), (LLVM Optimized)"}, {"Node Type": "Hash", "Parent Relationship": "Inner", "Startup Cost": 84515.36, "Total Cost": 84515.36, "Plan Rows": 303948, "Plan Width": 8, "Plans": [{"Node Type": "Index Scan", "Parent Relationship": "Outer", "Scan Direction": "Forward", "Index Name": "customer_pkey", "Relation Name": "customer", "Alias": "customer", "Startup Cost": 0.0, "Total Cost": 84515.36, "Plan Rows": 303948, "Plan Width": 8, "Filter": "(c_mktsegment = 'AUTOMOBILE'::bpchar), (LLVM Optimized)"}]}]}, {"Node Type": "Index Scan", "Parent Relationship": "Inner", "Scan Direction": "Forward", "Index Name": "idx_lineitem_orderkey", "Relation Name": "lineitem", "Alias": "lineitem", "Startup Cost": 0.0, "Total Cost": 1.35, "Plan Rows": 5, "Plan Width": 24, "Index Cond": "(l_orderkey = orders.o_orderkey)", "Filter": "(l_shipdate > '1995-03-13 00:00:00'::timestamp(0) without time zone)"}]}]}]}]}, "Unique SQL Id": 3929762122, "Planner Runtime": 1}, "explain_analyze_plan": {"Plan": {"Node Type": "Limit", "Startup Cost": 2061802.43, "Total Cost": 2061802.46, "Plan Rows": 10, "Plan Width": 44, "Actual Startup Time": 26780.809, "Actual Total Time": 26780.812, "Actual Rows": 10, "Actual Loops": 1, "Plans": [{"Node Type": "Sort", "Parent Relationship": "Outer", "Startup Cost": 2061802.43, "Total Cost": 2070700.55, "Plan Rows": 10, "Plan Width": 44, "Actual Startup Time": 26780.806, "Actual Total Time": 26780.807, "Actual Rows": 10, "Actual Loops": 1, "Sort Key": ["(sum((lineitem.l_extendedprice * (1::double precision - lineitem.l_discount)))) DESC", "orders.o_orderdate"], "Sort Method": "top-N heapsort", "Sort Space Used": 26, "Sort Space Type": "Memory", "Plans": [{"Node Type": "Aggregate", "Strategy": "Hashed", "Parent Relationship": "Outer", "Startup Cost": 1949295.92, "Total Cost": 1984888.39, "Plan Rows": 3559247, "Plan Width": 44, "Actual Startup Time": 26671.704, "Actual Total Time": 26753.285, "Actual Rows": 113719, "Actual Loops": 1, "Group By Key": ["lineitem.l_orderkey", "orders.o_orderdate", "orders.o_shippriority"], "Plans": [{"Node Type": "Nested Loop", "Parent Relationship": "Outer", "Join Type": "Inner", "Startup Cost": 88314.71, "Total Cost": 1895907.21, "Plan Rows": 3559247, "Plan Width": 36, "Actual Startup Time": 1197.087, "Actual Total Time": 26368.067, "Actual Rows": 300219, "Actual Loops": 1, "Inner Unique": false, "Plans": [{"Node Type": "Hash Join", "Parent Relationship": "Outer", "Join Type": "Inner", "Startup Cost": 88314.71, "Total Cost": 891362.87, "Plan Rows": 715772, "Plan Width": 20, "Actual Startup Time": 1196.855, "Actual Total Time": 14651.439, "Actual Rows": 1455173, "Actual Loops": 1, "Inner Unique": true, "Hash Cond": "(orders.o_custkey = customer.c_custkey), (LLVM Optimized, Jit Execute)", "Plans": [{"Node Type": "Index Scan", "Parent Relationship": "Outer", "Scan Direction": "Forward", "Index Name": "orders_pkey", "Relation Name": "orders", "Alias": "orders", "Startup Cost": 0.0, "Total Cost": 768477.13, "Plan Rows": 7310217, "Plan Width": 28, "Actual Startup Time": 0.066, "Actual Total Time": 10057.981, "Actual Rows": 7276947, "Actual Loops": 1, "Filter": "(o_orderdate < '1995-03-13 00:00:00'::timestamp(0) without time zone), (LLVM Optimized, Jit Execute)", "Rows Removed by Filter": 7723053}, {"Node Type": "Hash", "Parent Relationship": "Inner", "Startup Cost": 84515.36, "Total Cost": 84515.36, "Plan Rows": 303948, "Plan Width": 8, "Actual Startup Time": 1196.409, "Actual Total Time": 1196.409, "Actual Rows": 300036, "Actual Loops": 1, "Hash Buckets": 524288, "Hash Batches": 1, "Original Hash Batches": 1, "Peak Memory Usage": 11721, "Plans": [{"Node Type": "Index Scan", "Parent Relationship": "Outer", "Scan Direction": "Forward", "Index Name": "customer_pkey", "Relation Name": "customer", "Alias": "customer", "Startup Cost": 0.0, "Total Cost": 84515.36, "Plan Rows": 303948, "Plan Width": 8, "Actual Startup Time": 0.033, "Actual Total Time": 1104.528, "Actual Rows": 300036, "Actual Loops": 1, "Filter": "(c_mktsegment = 'AUTOMOBILE'::bpchar), (LLVM Optimized, Jit Execute)", "Rows Removed by Filter": 1199964}]}]}, {"Node Type": "Index Scan", "Parent Relationship": "Inner", "Scan Direction": "Forward", "Index Name": "idx_lineitem_orderkey", "Relation Name": "lineitem", "Alias": "lineitem", "Startup Cost": 0.0, "Total Cost": 1.35, "Plan Rows": 5, "Plan Width": 24, "Actual Startup Time": 10649.647, "Actual Total Time": 10927.106, "Actual Rows": 300219, "Actual Loops": 1455173, "Index Cond": "(l_orderkey = orders.o_orderkey)", "Rows Removed by Index Recheck": 0, "Filter": "(l_shipdate > '1995-03-13 00:00:00'::timestamp(0) without time zone)", "Rows Removed by Filter": 5519788}]}]}]}]}, "Triggers": [], "Planner Runtime": 1.171, "Total Runtime": 26790.704, "Unique SQL Id": 3929762122}}, "(16, '14')": {"explain_plan": {"Plan": {"Node Type": "Limit", "Startup Cost": 3055991.15, "Total Cost": 3055991.17, "Plan Rows": 10, "Plan Width": 44, "Plans": [{"Node Type": "Sort", "Parent Relationship": "Outer", "Startup Cost": 3055991.15, "Total Cost": 3064889.27, "Plan Rows": 10, "Plan Width": 44, "Sort Key": ["(sum((lineitem.l_extendedprice * (1::double precision - lineitem.l_discount)))) DESC", "orders.o_orderdate"], "Plans": [{"Node Type": "Aggregate", "Strategy": "Hashed", "Parent Relationship": "Outer", "Startup Cost": 2943484.63, "Total Cost": 2979077.1, "Plan Rows": 3559247, "Plan Width": 44, "Group By Key": ["lineitem.l_orderkey", "orders.o_orderdate", "orders.o_shippriority"], "Plans": [{"Node Type": "Hash Join", "Parent Relationship": "Outer", "Join Type": "Inner", "Startup Cost": 567106.02, "Total Cost": 2890095.93, "Plan Rows": 3559247, "Plan Width": 36, "Inner Unique": false, "Hash Cond": "(lineitem.l_orderkey = orders.o_orderkey), (LLVM Optimized)", "Plans": [{"Node Type": "Seq Scan", "Parent Relationship": "Outer", "Relation Name": "lineitem", "Alias": "lineitem", "Startup Cost": 0.0, "Total Cost": 2165082.91, "Plan Rows": 32617206, "Plan Width": 24, "Filter": "(l_shipdate > '1995-03-13 00:00:00'::timestamp(0) without time zone), (LLVM Optimized)"}, {"Node Type": "Hash", "Parent Relationship": "Inner", "Startup Cost": 558158.87, "Total Cost": 558158.87, "Plan Rows": 715772, "Plan Width": 20, "Plans": [{"Node Type": "Hash Join", "Parent Relationship": "Outer", "Join Type": "Inner", "Startup Cost": 60061.08, "Total Cost": 558158.87, "Plan Rows": 715772, "Plan Width": 20, "Inner Unique": true, "Hash Cond": "(orders.o_custkey = customer.c_custkey), (LLVM Optimized)", "Plans": [{"Node Type": "Seq Scan", "Parent Relationship": "Outer", "Relation Name": "orders", "Alias": "orders", "Startup Cost": 385.73, "Total Cost": 463912.49, "Plan Rows": 7310217, "Plan Width": 28, "Filter": "(o_orderdate < '1995-03-13 00:00:00'::timestamp(0) without time zone), (LLVM Optimized)"}, {"Node Type": "Hash", "Parent Relationship": "Inner", "Startup Cost": 55876.0, "Total Cost": 55876.0, "Plan Rows": 303948, "Plan Width": 8, "Plans": [{"Node Type": "Seq Scan", "Parent Relationship": "Outer", "Relation Name": "customer", "Alias": "customer", "Startup Cost": 0.0, "Total Cost": 55876.0, "Plan Rows": 303948, "Plan Width": 8, "Filter": "(c_mktsegment = 'AUTOMOBILE'::bpchar), (LLVM Optimized)"}]}]}]}]}]}]}]}, "Unique SQL Id": 3929762122, "Planner Runtime": 1}, "explain_analyze_plan": {"Plan": {"Node Type": "Limit", "Startup Cost": 3055991.15, "Total Cost": 3055991.17, "Plan Rows": 10, "Plan Width": 44, "Actual Startup Time": 40025.392, "Actual Total Time": 40025.394, "Actual Rows": 10, "Actual Loops": 1, "Plans": [{"Node Type": "Sort", "Parent Relationship": "Outer", "Startup Cost": 3055991.15, "Total Cost": 3064889.27, "Plan Rows": 10, "Plan Width": 44, "Actual Startup Time": 40025.388, "Actual Total Time": 40025.39, "Actual Rows": 10, "Actual Loops": 1, "Sort Key": ["(sum((lineitem.l_extendedprice * (1::double precision - lineitem.l_discount)))) DESC", "orders.o_orderdate"], "Sort Method": "top-N heapsort", "Sort Space Used": 26, "Sort Space Type": "Memory", "Plans": [{"Node Type": "Aggregate", "Strategy": "Hashed", "Parent Relationship": "Outer", "Startup Cost": 2943484.63, "Total Cost": 2979077.1, "Plan Rows": 3559247, "Plan Width": 44, "Actual Startup Time": 39915.609, "Actual Total Time": 39997.925, "Actual Rows": 113719, "Actual Loops": 1, "Group By Key": ["lineitem.l_orderkey", "orders.o_orderdate", "orders.o_shippriority"], "Plans": [{"Node Type": "Hash Join", "Parent Relationship": "Outer", "Join Type": "Inner", "Startup Cost": 567106.02, "Total Cost": 2890095.93, "Plan Rows": 3559247, "Plan Width": 36, "Actual Startup Time": 8962.319, "Actual Total Time": 39619.186, "Actual Rows": 300219, "Actual Loops": 1, "Inner Unique": false, "Hash Cond": "(lineitem.l_orderkey = orders.o_orderkey), (LLVM Optimized, Jit Execute)", "Plans": [{"Node Type": "Seq Scan", "Parent Relationship": "Outer", "Relation Name": "lineitem", "Alias": "lineitem", "Startup Cost": 0.0, "Total Cost": 2165082.91, "Plan Rows": 32617206, "Plan Width": 24, "Actual Startup Time": 0.047, "Actual Total Time": 21133.06, "Actual Rows": 32384344, "Actual Loops": 1, "Filter": "(l_shipdate > '1995-03-13 00:00:00'::timestamp(0) without time zone), (LLVM Optimized, Jit Execute)", "Rows Removed by Filter": 27601708}, {"Node Type": "Hash", "Parent Relationship": "Inner", "Startup Cost": 558158.87, "Total Cost": 558158.87, "Plan Rows": 715772, "Plan Width": 20, "Actual Startup Time": 8960.726, "Actual Total Time": 8960.726, "Actual Rows": 1455173, "Actual Loops": 1, "Hash Buckets": 1048576, "Hash Batches": 1, "Original Hash Batches": 1, "Peak Memory Usage": 79580, "Plans": [{"Node Type": "Hash Join", "Parent Relationship": "Outer", "Join Type": "Inner", "Startup Cost": 60061.08, "Total Cost": 558158.87, "Plan Rows": 715772, "Plan Width": 20, "Actual Startup Time": 743.077, "Actual Total Time": 8364.754, "Actual Rows": 1455173, "Actual Loops": 1, "Inner Unique": true, "Hash Cond": "(orders.o_custkey = customer.c_custkey), (LLVM Optimized, Jit Execute)", "Plans": [{"Node Type": "Seq Scan", "Parent Relationship": "Outer", "Relation Name": "orders", "Alias": "orders", "Startup Cost": 385.73, "Total Cost": 463912.49, "Plan Rows": 7310217, "Plan Width": 28, "Actual Startup Time": 0.03, "Actual Total Time": 4801.961, "Actual Rows": 7276947, "Actual Loops": 1, "Filter": "(o_orderdate < '1995-03-13 00:00:00'::timestamp(0) without time zone), (LLVM Optimized, Jit Execute)", "Rows Removed by Filter": 7723053}, {"Node Type": "Hash", "Parent Relationship": "Inner", "Startup Cost": 55876.0, "Total Cost": 55876.0, "Plan Rows": 303948, "Plan Width": 8, "Actual Startup Time": 742.689, "Actual Total Time": 742.689, "Actual Rows": 300036, "Actual Loops": 1, "Hash Buckets": 524288, "Hash Batches": 1, "Original Hash Batches": 1, "Peak Memory Usage": 11721, "Plans": [{"Node Type": "Seq Scan", "Parent Relationship": "Outer", "Relation Name": "customer", "Alias": "customer", "Startup Cost": 0.0, "Total Cost": 55876.0, "Plan Rows": 303948, "Plan Width": 8, "Actual Startup Time": 0.019, "Actual Total Time": 655.461, "Actual Rows": 300036, "Actual Loops": 1, "Filter": "(c_mktsegment = 'AUTOMOBILE'::bpchar), (LLVM Optimized, Jit Execute)", "Rows Removed by Filter": 1199964}]}]}]}]}]}]}]}, "Triggers": [], "Planner Runtime": 1.242, "Total Runtime": 40035.753, "Unique SQL Id": 3929762122}}, "(16, '15')": {"explain_plan": {"Plan": {"Node Type": "Limit", "Startup Cost": 3000409063684.59, "Total Cost": 3000409063684.62, "Plan Rows": 10, "Plan Width": 44, "Plans": [{"Node Type": "Sort", "Parent Relationship": "Outer", "Startup Cost": 3000409063684.59, "Total Cost": 3000409072582.71, "Plan Rows": 10, "Plan Width": 44, "Sort Key": ["(sum((lineitem.l_extendedprice * (1::double precision - lineitem.l_discount)))) DESC", "orders.o_orderdate"], "Plans": [{"Node Type": "Aggregate", "Strategy": "Hashed", "Parent Relationship": "Outer", "Startup Cost": 3000408951178.08, "Total Cost": 3000408986770.55, "Plan Rows": 3559247, "Plan Width": 44, "Group By Key": ["lineitem.l_orderkey", "orders.o_orderdate", "orders.o_shippriority"], "Plans": [{"Node Type": "Hash Join", "Parent Relationship": "Outer", "Join Type": "Inner", "Startup Cost": 1020044887998.59, "Total Cost": 3000408897789.37, "Plan Rows": 3559247, "Plan Width": 36, "Inner Unique": true, "Hash Cond": "(orders.o_custkey = customer.c_custkey), (LLVM Optimized)", "Plans": [{"Node Type": "Merge Join", "Parent Relationship": "Outer", "Join Type": "Inner", "Startup Cost": 20036432663.62, "Total Cost": 2000400270546.49, "Plan Rows": 36350778, "Plan Width": 44, "Inner Unique": false, "Merge Cond": "(orders.o_orderkey = lineitem.l_orderkey)", "Plans": [{"Node Type": "Index Scan", "Parent Relationship": "Outer", "Scan Direction": "Forward", "Index Name": "orders_pkey", "Relation Name": "orders", "Alias": "orders", "Startup Cost": 10000000000.0, "Total Cost": 1000076847713.25, "Plan Rows": 7310217, "Plan Width": 28, "Filter": "(o_orderdate < '1995-03-13 00:00:00'::timestamp(0) without time zone), (LLVM Optimized)"}, {"Node Type": "Materialize", "Parent Relationship": "Inner", "Startup Cost": 10000000000.0, "Total Cost": 1000339093675.77, "Plan Rows": 32617206, "Plan Width": 24, "Plans": [{"Node Type": "Index Scan", "Parent Relationship": "Outer", "Scan Direction": "Forward", "Index Name": "idx_lineitem_orderkey", "Relation Name": "lineitem", "Alias": "lineitem", "Startup Cost": 10000000000.0, "Total Cost": 1000339012132.75, "Plan Rows": 32617206, "Plan Width": 24, "Filter": "(l_shipdate > '1995-03-13 00:00:00'::timestamp(0) without time zone), (LLVM Optimized)"}]}]}, {"Node Type": "Hash", "Parent Relationship": "Inner", "Startup Cost": 1000008451535.62, "Total Cost": 1000008451535.62, "Plan Rows": 303948, "Plan Width": 8, "Plans": [{"Node Type": "Index Scan", "Parent Relationship": "Outer", "Scan Direction": "Forward", "Index Name": "customer_pkey", "Relation Name": "customer", "Alias": "customer", "Startup Cost": 10000000000.0, "Total Cost": 1000008451535.62, "Plan Rows": 303948, "Plan Width": 8, "Filter": "(c_mktsegment = 'AUTOMOBILE'::bpchar), (LLVM Optimized)"}]}]}]}]}]}, "Unique SQL Id": 3929762122, "Planner Runtime": 1}, "explain_analyze_plan": null}, "(16, '16')": {"explain_plan": {"Plan": {"Node Type": "Limit", "Startup Cost": 2596753.82, "Total Cost": 2596753.85, "Plan Rows": 10, "Plan Width": 44, "Plans": [{"Node Type": "Sort", "Parent Relationship": "Outer", "Startup Cost": 2596753.82, "Total Cost": 2605651.94, "Plan Rows": 10, "Plan Width": 44, "Sort Key": ["(sum((lineitem.l_extendedprice * (1::double precision - lineitem.l_discount)))) DESC", "orders.o_orderdate"], "Plans": [{"Node Type": "Aggregate", "Strategy": "Hashed", "Parent Relationship": "Outer", "Startup Cost": 2484247.3, "Total Cost": 2519839.77, "Plan Rows": 3559247, "Plan Width": 44, "Group By Key": ["lineitem.l_orderkey", "orders.o_orderdate", "orders.o_shippriority"], "Plans": [{"Node Type": "Nested Loop", "Parent Relationship": "Outer", "Join Type": "Inner", "Startup Cost": 1297333.67, "Total Cost": 2430858.6, "Plan Rows": 3559247, "Plan Width": 36, "Inner Unique": false, "Plans": [{"Node Type": "Merge Join", "Parent Relationship": "Outer", "Join Type": "Inner", "Startup Cost": 1297333.67, "Total Cost": 1426314.26, "Plan Rows": 715772, "Plan Width": 20, "Inner Unique": false, "Merge Cond": "(customer.c_custkey = orders.o_custkey)", "Plans": [{"Node Type": "Index Scan", "Parent Relationship": "Outer", "Scan Direction": "Forward", "Index Name": "customer_pkey", "Relation Name": "customer", "Alias": "customer", "Startup Cost": 0.0, "Total Cost": 84515.36, "Plan Rows": 303948, "Plan Width": 8, "Filter": "(c_mktsegment = 'AUTOMOBILE'::bpchar), (LLVM Optimized)"}, {"Node Type": "Sort", "Parent Relationship": "Inner", "Startup Cost": 1297331.42, "Total Cost": 1315606.97, "Plan Rows": 7310217, "Plan Width": 28, "Sort Key": ["orders.o_custkey"], "Plans": [{"Node Type": "Seq Scan", "Parent Relationship": "Outer", "Relation Name": "orders", "Alias": "orders", "Startup Cost": 385.73, "Total Cost": 463912.49, "Plan Rows": 7310217, "Plan Width": 28, "Filter": "(o_orderdate < '1995-03-13 00:00:00'::timestamp(0) without time zone), (LLVM Optimized)"}]}]}, {"Node Type": "Index Scan", "Parent Relationship": "Inner", "Scan Direction": "Forward", "Index Name": "idx_lineitem_orderkey", "Relation Name": "lineitem", "Alias": "lineitem", "Startup Cost": 0.0, "Total Cost": 1.35, "Plan Rows": 5, "Plan Width": 24, "Index Cond": "(l_orderkey = orders.o_orderkey)", "Filter": "(l_shipdate > '1995-03-13 00:00:00'::timestamp(0) without time zone)"}]}]}]}]}, "Unique SQL Id": 3929762122, "Planner Runtime": 1}, "explain_analyze_plan": {"Plan": {"Node Type": "Limit", "Startup Cost": 2596753.82, "Total Cost": 2596753.85, "Plan Rows": 10, "Plan Width": 44, "Actual Startup Time": 31027.407, "Actual Total Time": 31027.412, "Actual Rows": 10, "Actual Loops": 1, "Plans": [{"Node Type": "Sort", "Parent Relationship": "Outer", "Startup Cost": 2596753.82, "Total Cost": 2605651.94, "Plan Rows": 10, "Plan Width": 44, "Actual Startup Time": 31027.403, "Actual Total Time": 31027.405, "Actual Rows": 10, "Actual Loops": 1, "Sort Key": ["(sum((lineitem.l_extendedprice * (1::double precision - lineitem.l_discount)))) DESC", "orders.o_orderdate"], "Sort Method": "top-N heapsort", "Sort Space Used": 26, "Sort Space Type": "Memory", "Plans": [{"Node Type": "Aggregate", "Strategy": "Hashed", "Parent Relationship": "Outer", "Startup Cost": 2484247.3, "Total Cost": 2519839.77, "Plan Rows": 3559247, "Plan Width": 44, "Actual Startup Time": 30923.217, "Actual Total Time": 30999.522, "Actual Rows": 113719, "Actual Loops": 1, "Group By Key": ["lineitem.l_orderkey", "orders.o_orderdate", "orders.o_shippriority"], "Plans": [{"Node Type": "Nested Loop", "Parent Relationship": "Outer", "Join Type": "Inner", "Startup Cost": 1297333.67, "Total Cost": 2430858.6, "Plan Rows": 3559247, "Plan Width": 36, "Actual Startup Time": 8368.061, "Actual Total Time": 30584.295, "Actual Rows": 300219, "Actual Loops": 1, "Inner Unique": false, "Plans": [{"Node Type": "Merge Join", "Parent Relationship": "Outer", "Join Type": "Inner", "Startup Cost": 1297333.67, "Total Cost": 1426314.26, "Plan Rows": 715772, "Plan Width": 20, "Actual Startup Time": 8367.818, "Actual Total Time": 13236.095, "Actual Rows": 1455173, "Actual Loops": 1, "Inner Unique": false, "Merge Cond": "(customer.c_custkey = orders.o_custkey)", "Plans": [{"Node Type": "Index Scan", "Parent Relationship": "Outer", "Scan Direction": "Forward", "Index Name": "customer_pkey", "Relation Name": "customer", "Alias": "customer", "Startup Cost": 0.0, "Total Cost": 84515.36, "Plan Rows": 303948, "Plan Width": 8, "Actual Startup Time": 0.061, "Actual Total Time": 1140.491, "Actual Rows": 300036, "Actual Loops": 1, "Filter": "(c_mktsegment = 'AUTOMOBILE'::bpchar), (LLVM Optimized, Jit Execute)", "Rows Removed by Filter": 1199964}, {"Node Type": "Sort", "Parent Relationship": "Inner", "Startup Cost": 1297331.42, "Total Cost": 1315606.97, "Plan Rows": 7310217, "Plan Width": 28, "Actual Startup Time": 8367.599, "Actual Total Time": 10675.611, "Actual Rows": 7276927, "Actual Loops": 1, "Sort Key": ["orders.o_custkey"], "Sort Method": "quicksort", "Sort Space Used": 878822, "Sort Space Type": "Memory", "Plans": [{"Node Type": "Seq Scan", "Parent Relationship": "Outer", "Relation Name": "orders", "Alias": "orders", "Startup Cost": 385.73, "Total Cost": 463912.49, "Plan Rows": 7310217, "Plan Width": 28, "Actual Startup Time": 0.028, "Actual Total Time": 5228.66, "Actual Rows": 7276947, "Actual Loops": 1, "Filter": "(o_orderdate < '1995-03-13 00:00:00'::timestamp(0) without time zone), (LLVM Optimized, Jit Execute)", "Rows Removed by Filter": 7723053}]}]}, {"Node Type": "Index Scan", "Parent Relationship": "Inner", "Scan Direction": "Forward", "Index Name": "idx_lineitem_orderkey", "Relation Name": "lineitem", "Alias": "lineitem", "Startup Cost": 0.0, "Total Cost": 1.35, "Plan Rows": 5, "Plan Width": 24, "Actual Startup Time": 16229.506, "Actual Total Time": 16523.195, "Actual Rows": 300219, "Actual Loops": 1455173, "Index Cond": "(l_orderkey = orders.o_orderkey)", "Rows Removed by Index Recheck": 0, "Filter": "(l_shipdate > '1995-03-13 00:00:00'::timestamp(0) without time zone)", "Rows Removed by Filter": 5519788}]}]}]}]}, "Triggers": [], "Planner Runtime": 1.161, "Total Runtime": 31037.135, "Unique SQL Id": 3929762122}}, "(16, '17')": {"explain_plan": {"Plan": {"Node Type": "Limit", "Startup Cost": 2669336.48, "Total Cost": 2669336.5, "Plan Rows": 10, "Plan Width": 44, "Plans": [{"Node Type": "Sort", "Parent Relationship": "Outer", "Startup Cost": 2669336.48, "Total Cost": 2678234.59, "Plan Rows": 10, "Plan Width": 44, "Sort Key": ["(sum((lineitem.l_extendedprice * (1::double precision - lineitem.l_discount)))) DESC", "orders.o_orderdate"], "Plans": [{"Node Type": "Aggregate", "Strategy": "Hashed", "Parent Relationship": "Outer", "Startup Cost": 2556829.96, "Total Cost": 2592422.43, "Plan Rows": 3559247, "Plan Width": 44, "Group By Key": ["lineitem.l_orderkey", "orders.o_orderdate", "orders.o_shippriority"], "Plans": [{"Node Type": "Nested Loop", "Parent Relationship": "Outer", "Join Type": "Inner", "Startup Cost": 1369916.32, "Total Cost": 2503441.25, "Plan Rows": 3559247, "Plan Width": 36, "Inner Unique": false, "Plans": [{"Node Type": "Merge Join", "Parent Relationship": "Outer", "Join Type": "Inner", "Startup Cost": 1369916.32, "Total Cost": 1498896.92, "Plan Rows": 715772, "Plan Width": 20, "Inner Unique": false, "Merge Cond": "(customer.c_custkey = orders.o_custkey)", "Plans": [{"Node Type": "Index Scan", "Parent Relationship": "Outer", "Scan Direction": "Forward", "Index Name": "customer_pkey", "Relation Name": "customer", "Alias": "customer", "Startup Cost": 0.0, "Total Cost": 84515.36, "Plan Rows": 303948, "Plan Width": 8, "Filter": "(c_mktsegment = 'AUTOMOBILE'::bpchar), (LLVM Optimized)"}, {"Node Type": "Sort", "Parent Relationship": "Inner", "Startup Cost": 1369914.08, "Total Cost": 1388189.62, "Plan Rows": 7310217, "Plan Width": 28, "Sort Key": ["orders.o_custkey"], "Plans": [{"Node Type": "Bitmap Heap Scan", "Parent Relationship": "Outer", "Relation Name": "orders", "Alias": "orders", "Startup Cost": 168698.43, "Total Cost": 536495.14, "Plan Rows": 7310217, "Plan Width": 28, "Recheck Cond": "(o_orderdate < '1995-03-13 00:00:00'::timestamp(0) without time zone), (LLVM Optimized)", "Plans": [{"Node Type": "Bitmap Index Scan", "Parent Relationship": "Outer", "Index Name": "idx_orders_orderdate", "Startup Cost": 0.0, "Total Cost": 166870.88, "Plan Rows": 7310217, "Plan Width": 0, "Index Cond": "(o_orderdate < '1995-03-13 00:00:00'::timestamp(0) without time zone)"}]}]}]}, {"Node Type": "Index Scan", "Parent Relationship": "Inner", "Scan Direction": "Forward", "Index Name": "idx_lineitem_orderkey", "Relation Name": "lineitem", "Alias": "lineitem", "Startup Cost": 0.0, "Total Cost": 1.35, "Plan Rows": 5, "Plan Width": 24, "Index Cond": "(l_orderkey = orders.o_orderkey)", "Filter": "(l_shipdate > '1995-03-13 00:00:00'::timestamp(0) without time zone)"}]}]}]}]}, "Unique SQL Id": 3929762122, "Planner Runtime": 1}, "explain_analyze_plan": {"Plan": {"Node Type": "Limit", "Startup Cost": 2669336.48, "Total Cost": 2669336.5, "Plan Rows": 10, "Plan Width": 44, "Actual Startup Time": 31722.948, "Actual Total Time": 31722.951, "Actual Rows": 10, "Actual Loops": 1, "Plans": [{"Node Type": "Sort", "Parent Relationship": "Outer", "Startup Cost": 2669336.48, "Total Cost": 2678234.59, "Plan Rows": 10, "Plan Width": 44, "Actual Startup Time": 31722.946, "Actual Total Time": 31722.947, "Actual Rows": 10, "Actual Loops": 1, "Sort Key": ["(sum((lineitem.l_extendedprice * (1::double precision - lineitem.l_discount)))) DESC", "orders.o_orderdate"], "Sort Method": "top-N heapsort", "Sort Space Used": 26, "Sort Space Type": "Memory", "Plans": [{"Node Type": "Aggregate", "Strategy": "Hashed", "Parent Relationship": "Outer", "Startup Cost": 2556829.96, "Total Cost": 2592422.43, "Plan Rows": 3559247, "Plan Width": 44, "Actual Startup Time": 31611.534, "Actual Total Time": 31695.171, "Actual Rows": 113719, "Actual Loops": 1, "Group By Key": ["lineitem.l_orderkey", "orders.o_orderdate", "orders.o_shippriority"], "Plans": [{"Node Type": "Nested Loop", "Parent Relationship": "Outer", "Join Type": "Inner", "Startup Cost": 1369916.32, "Total Cost": 2503441.25, "Plan Rows": 3559247, "Plan Width": 36, "Actual Startup Time": 9176.782, "Actual Total Time": 31297.662, "Actual Rows": 300219, "Actual Loops": 1, "Inner Unique": false, "Plans": [{"Node Type": "Merge Join", "Parent Relationship": "Outer", "Join Type": "Inner", "Startup Cost": 1369916.32, "Total Cost": 1498896.92, "Plan Rows": 715772, "Plan Width": 20, "Actual Startup Time": 9176.456, "Actual Total Time": 13899.231, "Actual Rows": 1455173, "Actual Loops": 1, "Inner Unique": false, "Merge Cond": "(customer.c_custkey = orders.o_custkey)", "Plans": [{"Node Type": "Index Scan", "Parent Relationship": "Outer", "Scan Direction": "Forward", "Index Name": "customer_pkey", "Relation Name": "customer", "Alias": "customer", "Startup Cost": 0.0, "Total Cost": 84515.36, "Plan Rows": 303948, "Plan Width": 8, "Actual Startup Time": 0.067, "Actual Total Time": 1185.532, "Actual Rows": 300036, "Actual Loops": 1, "Filter": "(c_mktsegment = 'AUTOMOBILE'::bpchar), (LLVM Optimized, Jit Execute)", "Rows Removed by Filter": 1199964}, {"Node Type": "Sort", "Parent Relationship": "Inner", "Startup Cost": 1369914.08, "Total Cost": 1388189.62, "Plan Rows": 7310217, "Plan Width": 28, "Actual Startup Time": 9176.248, "Actual Total Time": 11297.4, "Actual Rows": 7276927, "Actual Loops": 1, "Sort Key": ["orders.o_custkey"], "Sort Method": "quicksort", "Sort Space Used": 878822, "Sort Space Type": "Memory", "Plans": [{"Node Type": "Bitmap Heap Scan", "Parent Relationship": "Outer", "Relation Name": "orders", "Alias": "orders", "Startup Cost": 168698.43, "Total Cost": 536495.14, "Plan Rows": 7310217, "Plan Width": 28, "Actual Startup Time": 1941.902, "Actual Total Time": 6032.8, "Actual Rows": 7276947, "Actual Loops": 1, "Recheck Cond": "(o_orderdate < '1995-03-13 00:00:00'::timestamp(0) without time zone), (LLVM Optimized, Jit Execute)", "Rows Removed by Index Recheck": 0, "Exact Heap Blocks": 276419, "Lossy Heap Blocks": 276419, "Plans": [{"Node Type": "Bitmap Index Scan", "Parent Relationship": "Outer", "Index Name": "idx_orders_orderdate", "Startup Cost": 0.0, "Total Cost": 166870.88, "Plan Rows": 7310217, "Plan Width": 0, "Actual Startup Time": 1847.849, "Actual Total Time": 1847.849, "Actual Rows": 7276947, "Actual Loops": 1, "Index Cond": "(o_orderdate < '1995-03-13 00:00:00'::timestamp(0) without time zone)"}]}]}]}, {"Node Type": "Index Scan", "Parent Relationship": "Inner", "Scan Direction": "Forward", "Index Name": "idx_lineitem_orderkey", "Relation Name": "lineitem", "Alias": "lineitem", "Startup Cost": 0.0, "Total Cost": 1.35, "Plan Rows": 5, "Plan Width": 24, "Actual Startup Time": 16280.679, "Actual Total Time": 16575.34, "Actual Rows": 300219, "Actual Loops": 1455173, "Index Cond": "(l_orderkey = orders.o_orderkey)", "Rows Removed by Index Recheck": 0, "Filter": "(l_shipdate > '1995-03-13 00:00:00'::timestamp(0) without time zone)", "Rows Removed by Filter": 5519788}]}]}]}]}, "Triggers": [], "Planner Runtime": 1.226, "Total Runtime": 31733.286, "Unique SQL Id": 3929762122}}, "(16, '18')": {"explain_plan": {"Plan": {"Node Type": "Limit", "Startup Cost": 4906248.04, "Total Cost": 4906248.06, "Plan Rows": 10, "Plan Width": 44, "Plans": [{"Node Type": "Sort", "Parent Relationship": "Outer", "Startup Cost": 4906248.04, "Total Cost": 4915146.16, "Plan Rows": 10, "Plan Width": 44, "Sort Key": ["(sum((lineitem.l_extendedprice * (1::double precision - lineitem.l_discount)))) DESC", "orders.o_orderdate"], "Plans": [{"Node Type": "Aggregate", "Strategy": "Hashed", "Parent Relationship": "Outer", "Startup Cost": 4793741.52, "Total Cost": 4829333.99, "Plan Rows": 3559247, "Plan Width": 44, "Group By Key": ["lineitem.l_orderkey", "orders.o_orderdate", "orders.o_shippriority"], "Plans": [{"Node Type": "Nested Loop", "Parent Relationship": "Outer", "Join Type": "Inner", "Startup Cost": 1380887.64, "Total Cost": 4740352.82, "Plan Rows": 3559247, "Plan Width": 36, "Inner Unique": false, "Plans": [{"Node Type": "Merge Join", "Parent Relationship": "Outer", "Join Type": "Inner", "Startup Cost": 1380887.19, "Total Cost": 1426114.5, "Plan Rows": 715772, "Plan Width": 20, "Inner Unique": false, "Merge Cond": "(customer.c_custkey = orders.o_custkey)", "Plans": [{"Node Type": "Sort", "Parent Relationship": "Outer", "Startup Cost": 83555.73, "Total Cost": 84315.6, "Plan Rows": 303948, "Plan Width": 8, "Sort Key": ["customer.c_custkey"], "Plans": [{"Node Type": "Seq Scan", "Parent Relationship": "Outer", "Relation Name": "customer", "Alias": "customer", "Startup Cost": 0.0, "Total Cost": 55876.0, "Plan Rows": 303948, "Plan Width": 8, "Filter": "(c_mktsegment = 'AUTOMOBILE'::bpchar), (LLVM Optimized)"}]}, {"Node Type": "Sort", "Parent Relationship": "Inner", "Startup Cost": 1297331.42, "Total Cost": 1315606.97, "Plan Rows": 7310217, "Plan Width": 28, "Sort Key": ["orders.o_custkey"], "Plans": [{"Node Type": "Seq Scan", "Parent Relationship": "Outer", "Relation Name": "orders", "Alias": "orders", "Startup Cost": 385.73, "Total Cost": 463912.49, "Plan Rows": 7310217, "Plan Width": 28, "Filter": "(o_orderdate < '1995-03-13 00:00:00'::timestamp(0) without time zone), (LLVM Optimized)"}]}]}, {"Node Type": "Bitmap Heap Scan", "Parent Relationship": "Inner", "Relation Name": "lineitem", "Alias": "lineitem", "Startup Cost": 0.45, "Total Cost": 4.58, "Plan Rows": 5, "Plan Width": 24, "Recheck Cond": "(l_orderkey = orders.o_orderkey)", "Filter": "(l_shipdate > '1995-03-13 00:00:00'::timestamp(0) without time zone)", "Plans": [{"Node Type": "Bitmap Index Scan", "Parent Relationship": "Outer", "Index Name": "idx_lineitem_orderkey", "Startup Cost": 0.0, "Total Cost": 0.44, "Plan Rows": 9, "Plan Width": 0, "Index Cond": "(l_orderkey = orders.o_orderkey)"}]}]}]}]}]}, "Unique SQL Id": 3929762122, "Planner Runtime": 1}, "explain_analyze_plan": {"Plan": {"Node Type": "Limit", "Startup Cost": 4906248.04, "Total Cost": 4906248.06, "Plan Rows": 10, "Plan Width": 44, "Actual Startup Time": 33740.117, "Actual Total Time": 33740.12, "Actual Rows": 10, "Actual Loops": 1, "Plans": [{"Node Type": "Sort", "Parent Relationship": "Outer", "Startup Cost": 4906248.04, "Total Cost": 4915146.16, "Plan Rows": 10, "Plan Width": 44, "Actual Startup Time": 33740.114, "Actual Total Time": 33740.115, "Actual Rows": 10, "Actual Loops": 1, "Sort Key": ["(sum((lineitem.l_extendedprice * (1::double precision - lineitem.l_discount)))) DESC", "orders.o_orderdate"], "Sort Method": "top-N heapsort", "Sort Space Used": 26, "Sort Space Type": "Memory", "Plans": [{"Node Type": "Aggregate", "Strategy": "Hashed", "Parent Relationship": "Outer", "Startup Cost": 4793741.52, "Total Cost": 4829333.99, "Plan Rows": 3559247, "Plan Width": 44, "Actual Startup Time": 33640.181, "Actual Total Time": 33712.622, "Actual Rows": 113719, "Actual Loops": 1, "Group By Key": ["lineitem.l_orderkey", "orders.o_orderdate", "orders.o_shippriority"], "Plans": [{"Node Type": "Nested Loop", "Parent Relationship": "Outer", "Join Type": "Inner", "Startup Cost": 1380887.64, "Total Cost": 4740352.82, "Plan Rows": 3559247, "Plan Width": 36, "Actual Startup Time": 9293.368, "Actual Total Time": 33300.224, "Actual Rows": 300219, "Actual Loops": 1, "Inner Unique": false, "Plans": [{"Node Type": "Merge Join", "Parent Relationship": "Outer", "Join Type": "Inner", "Startup Cost": 1380887.19, "Total Cost": 1426114.5, "Plan Rows": 715772, "Plan Width": 20, "Actual Startup Time": 9292.773, "Actual Total Time": 13350.592, "Actual Rows": 1455173, "Actual Loops": 1, "Inner Unique": false, "Merge Cond": "(customer.c_custkey = orders.o_custkey)", "Plans": [{"Node Type": "Sort", "Parent Relationship": "Outer", "Startup Cost": 83555.73, "Total Cost": 84315.6, "Plan Rows": 303948, "Plan Width": 8, "Actual Startup Time": 753.971, "Actual Total Time": 798.393, "Actual Rows": 300036, "Actual Loops": 1, "Sort Key": ["customer.c_custkey"], "Sort Method": "quicksort", "Sort Space Used": 31041, "Sort Space Type": "Memory", "Plans": [{"Node Type": "Seq Scan", "Parent Relationship": "Outer", "Relation Name": "customer", "Alias": "customer", "Startup Cost": 0.0, "Total Cost": 55876.0, "Plan Rows": 303948, "Plan Width": 8, "Actual Startup Time": 0.045, "Actual Total Time": 652.06, "Actual Rows": 300036, "Actual Loops": 1, "Filter": "(c_mktsegment = 'AUTOMOBILE'::bpchar), (LLVM Optimized, Jit Execute)", "Rows Removed by Filter": 1199964}]}, {"Node Type": "Sort", "Parent Relationship": "Inner", "Startup Cost": 1297331.42, "Total Cost": 1315606.97, "Plan Rows": 7310217, "Plan Width": 28, "Actual Startup Time": 8538.639, "Actual Total Time": 11088.523, "Actual Rows": 7276927, "Actual Loops": 1, "Sort Key": ["orders.o_custkey"], "Sort Method": "quicksort", "Sort Space Used": 878822, "Sort Space Type": "Memory", "Plans": [{"Node Type": "Seq Scan", "Parent Relationship": "Outer", "Relation Name": "orders", "Alias": "orders", "Startup Cost": 385.73, "Total Cost": 463912.49, "Plan Rows": 7310217, "Plan Width": 28, "Actual Startup Time": 0.046, "Actual Total Time": 5328.225, "Actual Rows": 7276947, "Actual Loops": 1, "Filter": "(o_orderdate < '1995-03-13 00:00:00'::timestamp(0) without time zone), (LLVM Optimized, Jit Execute)", "Rows Removed by Filter": 7723053}]}]}, {"Node Type": "Bitmap Heap Scan", "Parent Relationship": "Inner", "Relation Name": "lineitem", "Alias": "lineitem", "Startup Cost": 0.45, "Total Cost": 4.58, "Plan Rows": 5, "Plan Width": 24, "Actual Startup Time": 18049.25, "Actual Total Time": 18168.922, "Actual Rows": 300219, "Actual Loops": 1455173, "Recheck Cond": "(l_orderkey = orders.o_orderkey)", "Rows Removed by Index Recheck": 0, "Filter": "(l_shipdate > '1995-03-13 00:00:00'::timestamp(0) without time zone)", "Rows Removed by Filter": 5519788, "Exact Heap Blocks": 1558994, "Lossy Heap Blocks": 1558994, "Plans": [{"Node Type": "Bitmap Index Scan", "Parent Relationship": "Outer", "Index Name": "idx_lineitem_orderkey", "Startup Cost": 0.0, "Total Cost": 0.44, "Plan Rows": 9, "Plan Width": 0, "Actual Startup Time": 10197.273, "Actual Total Time": 10197.273, "Actual Rows": 5820007, "Actual Loops": 1455173, "Index Cond": "(l_orderkey = orders.o_orderkey)"}]}]}]}]}]}, "Triggers": [], "Planner Runtime": 1.199, "Total Runtime": 33749.94, "Unique SQL Id": 3929762122}}, "(16, '19')": {"explain_plan": {"Plan": {"Node Type": "Limit", "Startup Cost": 35345596.54, "Total Cost": 35345596.56, "Plan Rows": 10, "Plan Width": 44, "Plans": [{"Node Type": "Sort", "Parent Relationship": "Outer", "Startup Cost": 35345596.54, "Total Cost": 35354494.65, "Plan Rows": 10, "Plan Width": 44, "Sort Key": ["(sum((lineitem.l_extendedprice * (1::double precision - lineitem.l_discount)))) DESC", "orders.o_orderdate"], "Plans": [{"Node Type": "Aggregate", "Strategy": "Hashed", "Parent Relationship": "Outer", "Startup Cost": 35233090.02, "Total Cost": 35268682.49, "Plan Rows": 3559247, "Plan Width": 44, "Group By Key": ["lineitem.l_orderkey", "orders.o_orderdate", "orders.o_shippriority"], "Plans": [{"Node Type": "Nested Loop", "Parent Relationship": "Outer", "Join Type": "Inner", "Startup Cost": 168699.14, "Total Cost": 35179701.31, "Plan Rows": 3559247, "Plan Width": 36, "Inner Unique": false, "Plans": [{"Node Type": "Nested Loop", "Parent Relationship": "Outer", "Join Type": "Inner", "Startup Cost": 168698.69, "Total Cost": 31865463.0, "Plan Rows": 715772, "Plan Width": 20, "Inner Unique": true, "Plans": [{"Node Type": "Bitmap Heap Scan", "Parent Relationship": "Outer", "Relation Name": "orders", "Alias": "orders", "Startup Cost": 168698.43, "Total Cost": 536495.14, "Plan Rows": 7310217, "Plan Width": 28, "Recheck Cond": "(o_orderdate < '1995-03-13 00:00:00'::timestamp(0) without time zone), (LLVM Optimized)", "Plans": [{"Node Type": "Bitmap Index Scan", "Parent Relationship": "Outer", "Index Name": "idx_orders_orderdate", "Startup Cost": 0.0, "Total Cost": 166870.88, "Plan Rows": 7310217, "Plan Width": 0, "Index Cond": "(o_orderdate < '1995-03-13 00:00:00'::timestamp(0) without time zone)"}]}, {"Node Type": "Bitmap Heap Scan", "Parent Relationship": "Inner", "Relation Name": "customer", "Alias": "customer", "Startup Cost": 0.26, "Total Cost": 4.28, "Plan Rows": 1, "Plan Width": 8, "Recheck Cond": "(c_custkey = orders.o_custkey)", "Filter": "(c_mktsegment = 'AUTOMOBILE'::bpchar)", "Plans": [{"Node Type": "Bitmap Index Scan", "Parent Relationship": "Outer", "Index Name": "customer_pkey", "Startup Cost": 0.0, "Total Cost": 0.26, "Plan Rows": 1, "Plan Width": 0, "Index Cond": "(c_custkey = orders.o_custkey)"}]}]}, {"Node Type": "Bitmap Heap Scan", "Parent Relationship": "Inner", "Relation Name": "lineitem", "Alias": "lineitem", "Startup Cost": 0.45, "Total Cost": 4.58, "Plan Rows": 5, "Plan Width": 24, "Recheck Cond": "(l_orderkey = orders.o_orderkey)", "Filter": "(l_shipdate > '1995-03-13 00:00:00'::timestamp(0) without time zone)", "Plans": [{"Node Type": "Bitmap Index Scan", "Parent Relationship": "Outer", "Index Name": "idx_lineitem_orderkey", "Startup Cost": 0.0, "Total Cost": 0.44, "Plan Rows": 9, "Plan Width": 0, "Index Cond": "(l_orderkey = orders.o_orderkey)"}]}]}]}]}]}, "Unique SQL Id": 3929762122, "Planner Runtime": 1}, "explain_analyze_plan": null}, "(16, '20')": {"explain_plan": {"Plan": {"Node Type": "Limit", "Startup Cost": 2596753.82, "Total Cost": 2596753.85, "Plan Rows": 10, "Plan Width": 44, "Plans": [{"Node Type": "Sort", "Parent Relationship": "Outer", "Startup Cost": 2596753.82, "Total Cost": 2605651.94, "Plan Rows": 10, "Plan Width": 44, "Sort Key": ["(sum((lineitem.l_extendedprice * (1::double precision - lineitem.l_discount)))) DESC", "orders.o_orderdate"], "Plans": [{"Node Type": "Aggregate", "Strategy": "Hashed", "Parent Relationship": "Outer", "Startup Cost": 2484247.3, "Total Cost": 2519839.77, "Plan Rows": 3559247, "Plan Width": 44, "Group By Key": ["lineitem.l_orderkey", "orders.o_orderdate", "orders.o_shippriority"], "Plans": [{"Node Type": "Nested Loop", "Parent Relationship": "Outer", "Join Type": "Inner", "Startup Cost": 1297333.67, "Total Cost": 2430858.6, "Plan Rows": 3559247, "Plan Width": 36, "Inner Unique": false, "Plans": [{"Node Type": "Merge Join", "Parent Relationship": "Outer", "Join Type": "Inner", "Startup Cost": 1297333.67, "Total Cost": 1426314.26, "Plan Rows": 715772, "Plan Width": 20, "Inner Unique": false, "Merge Cond": "(customer.c_custkey = orders.o_custkey)", "Plans": [{"Node Type": "Index Scan", "Parent Relationship": "Outer", "Scan Direction": "Forward", "Index Name": "customer_pkey", "Relation Name": "customer", "Alias": "customer", "Startup Cost": 0.0, "Total Cost": 84515.36, "Plan Rows": 303948, "Plan Width": 8, "Filter": "(c_mktsegment = 'AUTOMOBILE'::bpchar), (LLVM Optimized)"}, {"Node Type": "Sort", "Parent Relationship": "Inner", "Startup Cost": 1297331.42, "Total Cost": 1315606.97, "Plan Rows": 7310217, "Plan Width": 28, "Sort Key": ["orders.o_custkey"], "Plans": [{"Node Type": "Seq Scan", "Parent Relationship": "Outer", "Relation Name": "orders", "Alias": "orders", "Startup Cost": 385.73, "Total Cost": 463912.49, "Plan Rows": 7310217, "Plan Width": 28, "Filter": "(o_orderdate < '1995-03-13 00:00:00'::timestamp(0) without time zone), (LLVM Optimized)"}]}]}, {"Node Type": "Index Scan", "Parent Relationship": "Inner", "Scan Direction": "Forward", "Index Name": "idx_lineitem_orderkey", "Relation Name": "lineitem", "Alias": "lineitem", "Startup Cost": 0.0, "Total Cost": 1.35, "Plan Rows": 5, "Plan Width": 24, "Index Cond": "(l_orderkey = orders.o_orderkey)", "Filter": "(l_shipdate > '1995-03-13 00:00:00'::timestamp(0) without time zone)"}]}]}]}]}, "Unique SQL Id": 3929762122, "Planner Runtime": 1}, "explain_analyze_plan": {"Plan": {"Node Type": "Limit", "Startup Cost": 2596753.82, "Total Cost": 2596753.85, "Plan Rows": 10, "Plan Width": 44, "Actual Startup Time": 31027.407, "Actual Total Time": 31027.412, "Actual Rows": 10, "Actual Loops": 1, "Plans": [{"Node Type": "Sort", "Parent Relationship": "Outer", "Startup Cost": 2596753.82, "Total Cost": 2605651.94, "Plan Rows": 10, "Plan Width": 44, "Actual Startup Time": 31027.403, "Actual Total Time": 31027.405, "Actual Rows": 10, "Actual Loops": 1, "Sort Key": ["(sum((lineitem.l_extendedprice * (1::double precision - lineitem.l_discount)))) DESC", "orders.o_orderdate"], "Sort Method": "top-N heapsort", "Sort Space Used": 26, "Sort Space Type": "Memory", "Plans": [{"Node Type": "Aggregate", "Strategy": "Hashed", "Parent Relationship": "Outer", "Startup Cost": 2484247.3, "Total Cost": 2519839.77, "Plan Rows": 3559247, "Plan Width": 44, "Actual Startup Time": 30923.217, "Actual Total Time": 30999.522, "Actual Rows": 113719, "Actual Loops": 1, "Group By Key": ["lineitem.l_orderkey", "orders.o_orderdate", "orders.o_shippriority"], "Plans": [{"Node Type": "Nested Loop", "Parent Relationship": "Outer", "Join Type": "Inner", "Startup Cost": 1297333.67, "Total Cost": 2430858.6, "Plan Rows": 3559247, "Plan Width": 36, "Actual Startup Time": 8368.061, "Actual Total Time": 30584.295, "Actual Rows": 300219, "Actual Loops": 1, "Inner Unique": false, "Plans": [{"Node Type": "Merge Join", "Parent Relationship": "Outer", "Join Type": "Inner", "Startup Cost": 1297333.67, "Total Cost": 1426314.26, "Plan Rows": 715772, "Plan Width": 20, "Actual Startup Time": 8367.818, "Actual Total Time": 13236.095, "Actual Rows": 1455173, "Actual Loops": 1, "Inner Unique": false, "Merge Cond": "(customer.c_custkey = orders.o_custkey)", "Plans": [{"Node Type": "Index Scan", "Parent Relationship": "Outer", "Scan Direction": "Forward", "Index Name": "customer_pkey", "Relation Name": "customer", "Alias": "customer", "Startup Cost": 0.0, "Total Cost": 84515.36, "Plan Rows": 303948, "Plan Width": 8, "Actual Startup Time": 0.061, "Actual Total Time": 1140.491, "Actual Rows": 300036, "Actual Loops": 1, "Filter": "(c_mktsegment = 'AUTOMOBILE'::bpchar), (LLVM Optimized, Jit Execute)", "Rows Removed by Filter": 1199964}, {"Node Type": "Sort", "Parent Relationship": "Inner", "Startup Cost": 1297331.42, "Total Cost": 1315606.97, "Plan Rows": 7310217, "Plan Width": 28, "Actual Startup Time": 8367.599, "Actual Total Time": 10675.611, "Actual Rows": 7276927, "Actual Loops": 1, "Sort Key": ["orders.o_custkey"], "Sort Method": "quicksort", "Sort Space Used": 878822, "Sort Space Type": "Memory", "Plans": [{"Node Type": "Seq Scan", "Parent Relationship": "Outer", "Relation Name": "orders", "Alias": "orders", "Startup Cost": 385.73, "Total Cost": 463912.49, "Plan Rows": 7310217, "Plan Width": 28, "Actual Startup Time": 0.028, "Actual Total Time": 5228.66, "Actual Rows": 7276947, "Actual Loops": 1, "Filter": "(o_orderdate < '1995-03-13 00:00:00'::timestamp(0) without time zone), (LLVM Optimized, Jit Execute)", "Rows Removed by Filter": 7723053}]}]}, {"Node Type": "Index Scan", "Parent Relationship": "Inner", "Scan Direction": "Forward", "Index Name": "idx_lineitem_orderkey", "Relation Name": "lineitem", "Alias": "lineitem", "Startup Cost": 0.0, "Total Cost": 1.35, "Plan Rows": 5, "Plan Width": 24, "Actual Startup Time": 16229.506, "Actual Total Time": 16523.195, "Actual Rows": 300219, "Actual Loops": 1455173, "Index Cond": "(l_orderkey = orders.o_orderkey)", "Rows Removed by Index Recheck": 0, "Filter": "(l_shipdate > '1995-03-13 00:00:00'::timestamp(0) without time zone)", "Rows Removed by Filter": 5519788}]}]}]}]}, "Triggers": [], "Planner Runtime": 1.161, "Total Runtime": 31037.135, "Unique SQL Id": 3929762122}}, "(16, '21')": {"explain_plan": {"Plan": {"Node Type": "Limit", "Startup Cost": 2669336.48, "Total Cost": 2669336.5, "Plan Rows": 10, "Plan Width": 44, "Plans": [{"Node Type": "Sort", "Parent Relationship": "Outer", "Startup Cost": 2669336.48, "Total Cost": 2678234.59, "Plan Rows": 10, "Plan Width": 44, "Sort Key": ["(sum((lineitem.l_extendedprice * (1::double precision - lineitem.l_discount)))) DESC", "orders.o_orderdate"], "Plans": [{"Node Type": "Aggregate", "Strategy": "Hashed", "Parent Relationship": "Outer", "Startup Cost": 2556829.96, "Total Cost": 2592422.43, "Plan Rows": 3559247, "Plan Width": 44, "Group By Key": ["lineitem.l_orderkey", "orders.o_orderdate", "orders.o_shippriority"], "Plans": [{"Node Type": "Nested Loop", "Parent Relationship": "Outer", "Join Type": "Inner", "Startup Cost": 1369916.32, "Total Cost": 2503441.25, "Plan Rows": 3559247, "Plan Width": 36, "Inner Unique": false, "Plans": [{"Node Type": "Merge Join", "Parent Relationship": "Outer", "Join Type": "Inner", "Startup Cost": 1369916.32, "Total Cost": 1498896.92, "Plan Rows": 715772, "Plan Width": 20, "Inner Unique": false, "Merge Cond": "(customer.c_custkey = orders.o_custkey)", "Plans": [{"Node Type": "Index Scan", "Parent Relationship": "Outer", "Scan Direction": "Forward", "Index Name": "customer_pkey", "Relation Name": "customer", "Alias": "customer", "Startup Cost": 0.0, "Total Cost": 84515.36, "Plan Rows": 303948, "Plan Width": 8, "Filter": "(c_mktsegment = 'AUTOMOBILE'::bpchar), (LLVM Optimized)"}, {"Node Type": "Sort", "Parent Relationship": "Inner", "Startup Cost": 1369914.08, "Total Cost": 1388189.62, "Plan Rows": 7310217, "Plan Width": 28, "Sort Key": ["orders.o_custkey"], "Plans": [{"Node Type": "Bitmap Heap Scan", "Parent Relationship": "Outer", "Relation Name": "orders", "Alias": "orders", "Startup Cost": 168698.43, "Total Cost": 536495.14, "Plan Rows": 7310217, "Plan Width": 28, "Recheck Cond": "(o_orderdate < '1995-03-13 00:00:00'::timestamp(0) without time zone), (LLVM Optimized)", "Plans": [{"Node Type": "Bitmap Index Scan", "Parent Relationship": "Outer", "Index Name": "idx_orders_orderdate", "Startup Cost": 0.0, "Total Cost": 166870.88, "Plan Rows": 7310217, "Plan Width": 0, "Index Cond": "(o_orderdate < '1995-03-13 00:00:00'::timestamp(0) without time zone)"}]}]}]}, {"Node Type": "Index Scan", "Parent Relationship": "Inner", "Scan Direction": "Forward", "Index Name": "idx_lineitem_orderkey", "Relation Name": "lineitem", "Alias": "lineitem", "Startup Cost": 0.0, "Total Cost": 1.35, "Plan Rows": 5, "Plan Width": 24, "Index Cond": "(l_orderkey = orders.o_orderkey)", "Filter": "(l_shipdate > '1995-03-13 00:00:00'::timestamp(0) without time zone)"}]}]}]}]}, "Unique SQL Id": 3929762122, "Planner Runtime": 1}, "explain_analyze_plan": {"Plan": {"Node Type": "Limit", "Startup Cost": 2669336.48, "Total Cost": 2669336.5, "Plan Rows": 10, "Plan Width": 44, "Actual Startup Time": 31722.948, "Actual Total Time": 31722.951, "Actual Rows": 10, "Actual Loops": 1, "Plans": [{"Node Type": "Sort", "Parent Relationship": "Outer", "Startup Cost": 2669336.48, "Total Cost": 2678234.59, "Plan Rows": 10, "Plan Width": 44, "Actual Startup Time": 31722.946, "Actual Total Time": 31722.947, "Actual Rows": 10, "Actual Loops": 1, "Sort Key": ["(sum((lineitem.l_extendedprice * (1::double precision - lineitem.l_discount)))) DESC", "orders.o_orderdate"], "Sort Method": "top-N heapsort", "Sort Space Used": 26, "Sort Space Type": "Memory", "Plans": [{"Node Type": "Aggregate", "Strategy": "Hashed", "Parent Relationship": "Outer", "Startup Cost": 2556829.96, "Total Cost": 2592422.43, "Plan Rows": 3559247, "Plan Width": 44, "Actual Startup Time": 31611.534, "Actual Total Time": 31695.171, "Actual Rows": 113719, "Actual Loops": 1, "Group By Key": ["lineitem.l_orderkey", "orders.o_orderdate", "orders.o_shippriority"], "Plans": [{"Node Type": "Nested Loop", "Parent Relationship": "Outer", "Join Type": "Inner", "Startup Cost": 1369916.32, "Total Cost": 2503441.25, "Plan Rows": 3559247, "Plan Width": 36, "Actual Startup Time": 9176.782, "Actual Total Time": 31297.662, "Actual Rows": 300219, "Actual Loops": 1, "Inner Unique": false, "Plans": [{"Node Type": "Merge Join", "Parent Relationship": "Outer", "Join Type": "Inner", "Startup Cost": 1369916.32, "Total Cost": 1498896.92, "Plan Rows": 715772, "Plan Width": 20, "Actual Startup Time": 9176.456, "Actual Total Time": 13899.231, "Actual Rows": 1455173, "Actual Loops": 1, "Inner Unique": false, "Merge Cond": "(customer.c_custkey = orders.o_custkey)", "Plans": [{"Node Type": "Index Scan", "Parent Relationship": "Outer", "Scan Direction": "Forward", "Index Name": "customer_pkey", "Relation Name": "customer", "Alias": "customer", "Startup Cost": 0.0, "Total Cost": 84515.36, "Plan Rows": 303948, "Plan Width": 8, "Actual Startup Time": 0.067, "Actual Total Time": 1185.532, "Actual Rows": 300036, "Actual Loops": 1, "Filter": "(c_mktsegment = 'AUTOMOBILE'::bpchar), (LLVM Optimized, Jit Execute)", "Rows Removed by Filter": 1199964}, {"Node Type": "Sort", "Parent Relationship": "Inner", "Startup Cost": 1369914.08, "Total Cost": 1388189.62, "Plan Rows": 7310217, "Plan Width": 28, "Actual Startup Time": 9176.248, "Actual Total Time": 11297.4, "Actual Rows": 7276927, "Actual Loops": 1, "Sort Key": ["orders.o_custkey"], "Sort Method": "quicksort", "Sort Space Used": 878822, "Sort Space Type": "Memory", "Plans": [{"Node Type": "Bitmap Heap Scan", "Parent Relationship": "Outer", "Relation Name": "orders", "Alias": "orders", "Startup Cost": 168698.43, "Total Cost": 536495.14, "Plan Rows": 7310217, "Plan Width": 28, "Actual Startup Time": 1941.902, "Actual Total Time": 6032.8, "Actual Rows": 7276947, "Actual Loops": 1, "Recheck Cond": "(o_orderdate < '1995-03-13 00:00:00'::timestamp(0) without time zone), (LLVM Optimized, Jit Execute)", "Rows Removed by Index Recheck": 0, "Exact Heap Blocks": 276419, "Lossy Heap Blocks": 276419, "Plans": [{"Node Type": "Bitmap Index Scan", "Parent Relationship": "Outer", "Index Name": "idx_orders_orderdate", "Startup Cost": 0.0, "Total Cost": 166870.88, "Plan Rows": 7310217, "Plan Width": 0, "Actual Startup Time": 1847.849, "Actual Total Time": 1847.849, "Actual Rows": 7276947, "Actual Loops": 1, "Index Cond": "(o_orderdate < '1995-03-13 00:00:00'::timestamp(0) without time zone)"}]}]}]}, {"Node Type": "Index Scan", "Parent Relationship": "Inner", "Scan Direction": "Forward", "Index Name": "idx_lineitem_orderkey", "Relation Name": "lineitem", "Alias": "lineitem", "Startup Cost": 0.0, "Total Cost": 1.35, "Plan Rows": 5, "Plan Width": 24, "Actual Startup Time": 16280.679, "Actual Total Time": 16575.34, "Actual Rows": 300219, "Actual Loops": 1455173, "Index Cond": "(l_orderkey = orders.o_orderkey)", "Rows Removed by Index Recheck": 0, "Filter": "(l_shipdate > '1995-03-13 00:00:00'::timestamp(0) without time zone)", "Rows Removed by Filter": 5519788}]}]}]}]}, "Triggers": [], "Planner Runtime": 1.226, "Total Runtime": 31733.286, "Unique SQL Id": 3929762122}}, "(16, '22')": {"explain_plan": {"Plan": {"Node Type": "Limit", "Startup Cost": 4906248.04, "Total Cost": 4906248.06, "Plan Rows": 10, "Plan Width": 44, "Plans": [{"Node Type": "Sort", "Parent Relationship": "Outer", "Startup Cost": 4906248.04, "Total Cost": 4915146.16, "Plan Rows": 10, "Plan Width": 44, "Sort Key": ["(sum((lineitem.l_extendedprice * (1::double precision - lineitem.l_discount)))) DESC", "orders.o_orderdate"], "Plans": [{"Node Type": "Aggregate", "Strategy": "Hashed", "Parent Relationship": "Outer", "Startup Cost": 4793741.52, "Total Cost": 4829333.99, "Plan Rows": 3559247, "Plan Width": 44, "Group By Key": ["lineitem.l_orderkey", "orders.o_orderdate", "orders.o_shippriority"], "Plans": [{"Node Type": "Nested Loop", "Parent Relationship": "Outer", "Join Type": "Inner", "Startup Cost": 1380887.64, "Total Cost": 4740352.82, "Plan Rows": 3559247, "Plan Width": 36, "Inner Unique": false, "Plans": [{"Node Type": "Merge Join", "Parent Relationship": "Outer", "Join Type": "Inner", "Startup Cost": 1380887.19, "Total Cost": 1426114.5, "Plan Rows": 715772, "Plan Width": 20, "Inner Unique": false, "Merge Cond": "(customer.c_custkey = orders.o_custkey)", "Plans": [{"Node Type": "Sort", "Parent Relationship": "Outer", "Startup Cost": 83555.73, "Total Cost": 84315.6, "Plan Rows": 303948, "Plan Width": 8, "Sort Key": ["customer.c_custkey"], "Plans": [{"Node Type": "Seq Scan", "Parent Relationship": "Outer", "Relation Name": "customer", "Alias": "customer", "Startup Cost": 0.0, "Total Cost": 55876.0, "Plan Rows": 303948, "Plan Width": 8, "Filter": "(c_mktsegment = 'AUTOMOBILE'::bpchar), (LLVM Optimized)"}]}, {"Node Type": "Sort", "Parent Relationship": "Inner", "Startup Cost": 1297331.42, "Total Cost": 1315606.97, "Plan Rows": 7310217, "Plan Width": 28, "Sort Key": ["orders.o_custkey"], "Plans": [{"Node Type": "Seq Scan", "Parent Relationship": "Outer", "Relation Name": "orders", "Alias": "orders", "Startup Cost": 385.73, "Total Cost": 463912.49, "Plan Rows": 7310217, "Plan Width": 28, "Filter": "(o_orderdate < '1995-03-13 00:00:00'::timestamp(0) without time zone), (LLVM Optimized)"}]}]}, {"Node Type": "Bitmap Heap Scan", "Parent Relationship": "Inner", "Relation Name": "lineitem", "Alias": "lineitem", "Startup Cost": 0.45, "Total Cost": 4.58, "Plan Rows": 5, "Plan Width": 24, "Recheck Cond": "(l_orderkey = orders.o_orderkey)", "Filter": "(l_shipdate > '1995-03-13 00:00:00'::timestamp(0) without time zone)", "Plans": [{"Node Type": "Bitmap Index Scan", "Parent Relationship": "Outer", "Index Name": "idx_lineitem_orderkey", "Startup Cost": 0.0, "Total Cost": 0.44, "Plan Rows": 9, "Plan Width": 0, "Index Cond": "(l_orderkey = orders.o_orderkey)"}]}]}]}]}]}, "Unique SQL Id": 3929762122, "Planner Runtime": 1}, "explain_analyze_plan": {"Plan": {"Node Type": "Limit", "Startup Cost": 4906248.04, "Total Cost": 4906248.06, "Plan Rows": 10, "Plan Width": 44, "Actual Startup Time": 33740.117, "Actual Total Time": 33740.12, "Actual Rows": 10, "Actual Loops": 1, "Plans": [{"Node Type": "Sort", "Parent Relationship": "Outer", "Startup Cost": 4906248.04, "Total Cost": 4915146.16, "Plan Rows": 10, "Plan Width": 44, "Actual Startup Time": 33740.114, "Actual Total Time": 33740.115, "Actual Rows": 10, "Actual Loops": 1, "Sort Key": ["(sum((lineitem.l_extendedprice * (1::double precision - lineitem.l_discount)))) DESC", "orders.o_orderdate"], "Sort Method": "top-N heapsort", "Sort Space Used": 26, "Sort Space Type": "Memory", "Plans": [{"Node Type": "Aggregate", "Strategy": "Hashed", "Parent Relationship": "Outer", "Startup Cost": 4793741.52, "Total Cost": 4829333.99, "Plan Rows": 3559247, "Plan Width": 44, "Actual Startup Time": 33640.181, "Actual Total Time": 33712.622, "Actual Rows": 113719, "Actual Loops": 1, "Group By Key": ["lineitem.l_orderkey", "orders.o_orderdate", "orders.o_shippriority"], "Plans": [{"Node Type": "Nested Loop", "Parent Relationship": "Outer", "Join Type": "Inner", "Startup Cost": 1380887.64, "Total Cost": 4740352.82, "Plan Rows": 3559247, "Plan Width": 36, "Actual Startup Time": 9293.368, "Actual Total Time": 33300.224, "Actual Rows": 300219, "Actual Loops": 1, "Inner Unique": false, "Plans": [{"Node Type": "Merge Join", "Parent Relationship": "Outer", "Join Type": "Inner", "Startup Cost": 1380887.19, "Total Cost": 1426114.5, "Plan Rows": 715772, "Plan Width": 20, "Actual Startup Time": 9292.773, "Actual Total Time": 13350.592, "Actual Rows": 1455173, "Actual Loops": 1, "Inner Unique": false, "Merge Cond": "(customer.c_custkey = orders.o_custkey)", "Plans": [{"Node Type": "Sort", "Parent Relationship": "Outer", "Startup Cost": 83555.73, "Total Cost": 84315.6, "Plan Rows": 303948, "Plan Width": 8, "Actual Startup Time": 753.971, "Actual Total Time": 798.393, "Actual Rows": 300036, "Actual Loops": 1, "Sort Key": ["customer.c_custkey"], "Sort Method": "quicksort", "Sort Space Used": 31041, "Sort Space Type": "Memory", "Plans": [{"Node Type": "Seq Scan", "Parent Relationship": "Outer", "Relation Name": "customer", "Alias": "customer", "Startup Cost": 0.0, "Total Cost": 55876.0, "Plan Rows": 303948, "Plan Width": 8, "Actual Startup Time": 0.045, "Actual Total Time": 652.06, "Actual Rows": 300036, "Actual Loops": 1, "Filter": "(c_mktsegment = 'AUTOMOBILE'::bpchar), (LLVM Optimized, Jit Execute)", "Rows Removed by Filter": 1199964}]}, {"Node Type": "Sort", "Parent Relationship": "Inner", "Startup Cost": 1297331.42, "Total Cost": 1315606.97, "Plan Rows": 7310217, "Plan Width": 28, "Actual Startup Time": 8538.639, "Actual Total Time": 11088.523, "Actual Rows": 7276927, "Actual Loops": 1, "Sort Key": ["orders.o_custkey"], "Sort Method": "quicksort", "Sort Space Used": 878822, "Sort Space Type": "Memory", "Plans": [{"Node Type": "Seq Scan", "Parent Relationship": "Outer", "Relation Name": "orders", "Alias": "orders", "Startup Cost": 385.73, "Total Cost": 463912.49, "Plan Rows": 7310217, "Plan Width": 28, "Actual Startup Time": 0.046, "Actual Total Time": 5328.225, "Actual Rows": 7276947, "Actual Loops": 1, "Filter": "(o_orderdate < '1995-03-13 00:00:00'::timestamp(0) without time zone), (LLVM Optimized, Jit Execute)", "Rows Removed by Filter": 7723053}]}]}, {"Node Type": "Bitmap Heap Scan", "Parent Relationship": "Inner", "Relation Name": "lineitem", "Alias": "lineitem", "Startup Cost": 0.45, "Total Cost": 4.58, "Plan Rows": 5, "Plan Width": 24, "Actual Startup Time": 18049.25, "Actual Total Time": 18168.922, "Actual Rows": 300219, "Actual Loops": 1455173, "Recheck Cond": "(l_orderkey = orders.o_orderkey)", "Rows Removed by Index Recheck": 0, "Filter": "(l_shipdate > '1995-03-13 00:00:00'::timestamp(0) without time zone)", "Rows Removed by Filter": 5519788, "Exact Heap Blocks": 1558994, "Lossy Heap Blocks": 1558994, "Plans": [{"Node Type": "Bitmap Index Scan", "Parent Relationship": "Outer", "Index Name": "idx_lineitem_orderkey", "Startup Cost": 0.0, "Total Cost": 0.44, "Plan Rows": 9, "Plan Width": 0, "Actual Startup Time": 10197.273, "Actual Total Time": 10197.273, "Actual Rows": 5820007, "Actual Loops": 1455173, "Index Cond": "(l_orderkey = orders.o_orderkey)"}]}]}]}]}]}, "Triggers": [], "Planner Runtime": 1.199, "Total Runtime": 33749.94, "Unique SQL Id": 3929762122}}, "(16, '23')": {"explain_plan": {"Plan": {"Node Type": "Limit", "Startup Cost": 35345596.54, "Total Cost": 35345596.56, "Plan Rows": 10, "Plan Width": 44, "Plans": [{"Node Type": "Sort", "Parent Relationship": "Outer", "Startup Cost": 35345596.54, "Total Cost": 35354494.65, "Plan Rows": 10, "Plan Width": 44, "Sort Key": ["(sum((lineitem.l_extendedprice * (1::double precision - lineitem.l_discount)))) DESC", "orders.o_orderdate"], "Plans": [{"Node Type": "Aggregate", "Strategy": "Hashed", "Parent Relationship": "Outer", "Startup Cost": 35233090.02, "Total Cost": 35268682.49, "Plan Rows": 3559247, "Plan Width": 44, "Group By Key": ["lineitem.l_orderkey", "orders.o_orderdate", "orders.o_shippriority"], "Plans": [{"Node Type": "Nested Loop", "Parent Relationship": "Outer", "Join Type": "Inner", "Startup Cost": 168699.14, "Total Cost": 35179701.31, "Plan Rows": 3559247, "Plan Width": 36, "Inner Unique": false, "Plans": [{"Node Type": "Nested Loop", "Parent Relationship": "Outer", "Join Type": "Inner", "Startup Cost": 168698.69, "Total Cost": 31865463.0, "Plan Rows": 715772, "Plan Width": 20, "Inner Unique": true, "Plans": [{"Node Type": "Bitmap Heap Scan", "Parent Relationship": "Outer", "Relation Name": "orders", "Alias": "orders", "Startup Cost": 168698.43, "Total Cost": 536495.14, "Plan Rows": 7310217, "Plan Width": 28, "Recheck Cond": "(o_orderdate < '1995-03-13 00:00:00'::timestamp(0) without time zone), (LLVM Optimized)", "Plans": [{"Node Type": "Bitmap Index Scan", "Parent Relationship": "Outer", "Index Name": "idx_orders_orderdate", "Startup Cost": 0.0, "Total Cost": 166870.88, "Plan Rows": 7310217, "Plan Width": 0, "Index Cond": "(o_orderdate < '1995-03-13 00:00:00'::timestamp(0) without time zone)"}]}, {"Node Type": "Bitmap Heap Scan", "Parent Relationship": "Inner", "Relation Name": "customer", "Alias": "customer", "Startup Cost": 0.26, "Total Cost": 4.28, "Plan Rows": 1, "Plan Width": 8, "Recheck Cond": "(c_custkey = orders.o_custkey)", "Filter": "(c_mktsegment = 'AUTOMOBILE'::bpchar)", "Plans": [{"Node Type": "Bitmap Index Scan", "Parent Relationship": "Outer", "Index Name": "customer_pkey", "Startup Cost": 0.0, "Total Cost": 0.26, "Plan Rows": 1, "Plan Width": 0, "Index Cond": "(c_custkey = orders.o_custkey)"}]}]}, {"Node Type": "Bitmap Heap Scan", "Parent Relationship": "Inner", "Relation Name": "lineitem", "Alias": "lineitem", "Startup Cost": 0.45, "Total Cost": 4.58, "Plan Rows": 5, "Plan Width": 24, "Recheck Cond": "(l_orderkey = orders.o_orderkey)", "Filter": "(l_shipdate > '1995-03-13 00:00:00'::timestamp(0) without time zone)", "Plans": [{"Node Type": "Bitmap Index Scan", "Parent Relationship": "Outer", "Index Name": "idx_lineitem_orderkey", "Startup Cost": 0.0, "Total Cost": 0.44, "Plan Rows": 9, "Plan Width": 0, "Index Cond": "(l_orderkey = orders.o_orderkey)"}]}]}]}]}]}, "Unique SQL Id": 3929762122, "Planner Runtime": 1}, "explain_analyze_plan": null}, "(16, '24')": {"explain_plan": {"Plan": {"Node Type": "Limit", "Startup Cost": 2596753.82, "Total Cost": 2596753.85, "Plan Rows": 10, "Plan Width": 44, "Plans": [{"Node Type": "Sort", "Parent Relationship": "Outer", "Startup Cost": 2596753.82, "Total Cost": 2605651.94, "Plan Rows": 10, "Plan Width": 44, "Sort Key": ["(sum((lineitem.l_extendedprice * (1::double precision - lineitem.l_discount)))) DESC", "orders.o_orderdate"], "Plans": [{"Node Type": "Aggregate", "Strategy": "Hashed", "Parent Relationship": "Outer", "Startup Cost": 2484247.3, "Total Cost": 2519839.77, "Plan Rows": 3559247, "Plan Width": 44, "Group By Key": ["lineitem.l_orderkey", "orders.o_orderdate", "orders.o_shippriority"], "Plans": [{"Node Type": "Nested Loop", "Parent Relationship": "Outer", "Join Type": "Inner", "Startup Cost": 1297333.67, "Total Cost": 2430858.6, "Plan Rows": 3559247, "Plan Width": 36, "Inner Unique": false, "Plans": [{"Node Type": "Merge Join", "Parent Relationship": "Outer", "Join Type": "Inner", "Startup Cost": 1297333.67, "Total Cost": 1426314.26, "Plan Rows": 715772, "Plan Width": 20, "Inner Unique": false, "Merge Cond": "(customer.c_custkey = orders.o_custkey)", "Plans": [{"Node Type": "Index Scan", "Parent Relationship": "Outer", "Scan Direction": "Forward", "Index Name": "customer_pkey", "Relation Name": "customer", "Alias": "customer", "Startup Cost": 0.0, "Total Cost": 84515.36, "Plan Rows": 303948, "Plan Width": 8, "Filter": "(c_mktsegment = 'AUTOMOBILE'::bpchar), (LLVM Optimized)"}, {"Node Type": "Sort", "Parent Relationship": "Inner", "Startup Cost": 1297331.42, "Total Cost": 1315606.97, "Plan Rows": 7310217, "Plan Width": 28, "Sort Key": ["orders.o_custkey"], "Plans": [{"Node Type": "Seq Scan", "Parent Relationship": "Outer", "Relation Name": "orders", "Alias": "orders", "Startup Cost": 385.73, "Total Cost": 463912.49, "Plan Rows": 7310217, "Plan Width": 28, "Filter": "(o_orderdate < '1995-03-13 00:00:00'::timestamp(0) without time zone), (LLVM Optimized)"}]}]}, {"Node Type": "Index Scan", "Parent Relationship": "Inner", "Scan Direction": "Forward", "Index Name": "idx_lineitem_orderkey", "Relation Name": "lineitem", "Alias": "lineitem", "Startup Cost": 0.0, "Total Cost": 1.35, "Plan Rows": 5, "Plan Width": 24, "Index Cond": "(l_orderkey = orders.o_orderkey)", "Filter": "(l_shipdate > '1995-03-13 00:00:00'::timestamp(0) without time zone)"}]}]}]}]}, "Unique SQL Id": 3929762122, "Planner Runtime": 1}, "explain_analyze_plan": {"Plan": {"Node Type": "Limit", "Startup Cost": 2596753.82, "Total Cost": 2596753.85, "Plan Rows": 10, "Plan Width": 44, "Actual Startup Time": 31027.407, "Actual Total Time": 31027.412, "Actual Rows": 10, "Actual Loops": 1, "Plans": [{"Node Type": "Sort", "Parent Relationship": "Outer", "Startup Cost": 2596753.82, "Total Cost": 2605651.94, "Plan Rows": 10, "Plan Width": 44, "Actual Startup Time": 31027.403, "Actual Total Time": 31027.405, "Actual Rows": 10, "Actual Loops": 1, "Sort Key": ["(sum((lineitem.l_extendedprice * (1::double precision - lineitem.l_discount)))) DESC", "orders.o_orderdate"], "Sort Method": "top-N heapsort", "Sort Space Used": 26, "Sort Space Type": "Memory", "Plans": [{"Node Type": "Aggregate", "Strategy": "Hashed", "Parent Relationship": "Outer", "Startup Cost": 2484247.3, "Total Cost": 2519839.77, "Plan Rows": 3559247, "Plan Width": 44, "Actual Startup Time": 30923.217, "Actual Total Time": 30999.522, "Actual Rows": 113719, "Actual Loops": 1, "Group By Key": ["lineitem.l_orderkey", "orders.o_orderdate", "orders.o_shippriority"], "Plans": [{"Node Type": "Nested Loop", "Parent Relationship": "Outer", "Join Type": "Inner", "Startup Cost": 1297333.67, "Total Cost": 2430858.6, "Plan Rows": 3559247, "Plan Width": 36, "Actual Startup Time": 8368.061, "Actual Total Time": 30584.295, "Actual Rows": 300219, "Actual Loops": 1, "Inner Unique": false, "Plans": [{"Node Type": "Merge Join", "Parent Relationship": "Outer", "Join Type": "Inner", "Startup Cost": 1297333.67, "Total Cost": 1426314.26, "Plan Rows": 715772, "Plan Width": 20, "Actual Startup Time": 8367.818, "Actual Total Time": 13236.095, "Actual Rows": 1455173, "Actual Loops": 1, "Inner Unique": false, "Merge Cond": "(customer.c_custkey = orders.o_custkey)", "Plans": [{"Node Type": "Index Scan", "Parent Relationship": "Outer", "Scan Direction": "Forward", "Index Name": "customer_pkey", "Relation Name": "customer", "Alias": "customer", "Startup Cost": 0.0, "Total Cost": 84515.36, "Plan Rows": 303948, "Plan Width": 8, "Actual Startup Time": 0.061, "Actual Total Time": 1140.491, "Actual Rows": 300036, "Actual Loops": 1, "Filter": "(c_mktsegment = 'AUTOMOBILE'::bpchar), (LLVM Optimized, Jit Execute)", "Rows Removed by Filter": 1199964}, {"Node Type": "Sort", "Parent Relationship": "Inner", "Startup Cost": 1297331.42, "Total Cost": 1315606.97, "Plan Rows": 7310217, "Plan Width": 28, "Actual Startup Time": 8367.599, "Actual Total Time": 10675.611, "Actual Rows": 7276927, "Actual Loops": 1, "Sort Key": ["orders.o_custkey"], "Sort Method": "quicksort", "Sort Space Used": 878822, "Sort Space Type": "Memory", "Plans": [{"Node Type": "Seq Scan", "Parent Relationship": "Outer", "Relation Name": "orders", "Alias": "orders", "Startup Cost": 385.73, "Total Cost": 463912.49, "Plan Rows": 7310217, "Plan Width": 28, "Actual Startup Time": 0.028, "Actual Total Time": 5228.66, "Actual Rows": 7276947, "Actual Loops": 1, "Filter": "(o_orderdate < '1995-03-13 00:00:00'::timestamp(0) without time zone), (LLVM Optimized, Jit Execute)", "Rows Removed by Filter": 7723053}]}]}, {"Node Type": "Index Scan", "Parent Relationship": "Inner", "Scan Direction": "Forward", "Index Name": "idx_lineitem_orderkey", "Relation Name": "lineitem", "Alias": "lineitem", "Startup Cost": 0.0, "Total Cost": 1.35, "Plan Rows": 5, "Plan Width": 24, "Actual Startup Time": 16229.506, "Actual Total Time": 16523.195, "Actual Rows": 300219, "Actual Loops": 1455173, "Index Cond": "(l_orderkey = orders.o_orderkey)", "Rows Removed by Index Recheck": 0, "Filter": "(l_shipdate > '1995-03-13 00:00:00'::timestamp(0) without time zone)", "Rows Removed by Filter": 5519788}]}]}]}]}, "Triggers": [], "Planner Runtime": 1.161, "Total Runtime": 31037.135, "Unique SQL Id": 3929762122}}, "(16, '25')": {"explain_plan": {"Plan": {"Node Type": "Limit", "Startup Cost": 2699912.01, "Total Cost": 2699912.03, "Plan Rows": 10, "Plan Width": 44, "Plans": [{"Node Type": "Sort", "Parent Relationship": "Outer", "Startup Cost": 2699912.01, "Total Cost": 2708810.13, "Plan Rows": 10, "Plan Width": 44, "Sort Key": ["(sum((lineitem.l_extendedprice * (1::double precision - lineitem.l_discount)))) DESC", "orders.o_orderdate"], "Plans": [{"Node Type": "Aggregate", "Strategy": "Hashed", "Parent Relationship": "Outer", "Startup Cost": 2587405.49, "Total Cost": 2622997.96, "Plan Rows": 3559247, "Plan Width": 44, "Group By Key": ["lineitem.l_orderkey", "orders.o_orderdate", "orders.o_shippriority"], "Plans": [{"Node Type": "Nested Loop", "Parent Relationship": "Outer", "Join Type": "Inner", "Startup Cost": 0.0, "Total Cost": 2534016.78, "Plan Rows": 3559247, "Plan Width": 36, "Inner Unique": false, "Plans": [{"Node Type": "Nested Loop", "Parent Relationship": "Outer", "Join Type": "Inner", "Startup Cost": 0.0, "Total Cost": 1529472.45, "Plan Rows": 715772, "Plan Width": 20, "Inner Unique": false, "Plans": [{"Node Type": "Index Scan", "Parent Relationship": "Outer", "Scan Direction": "Forward", "Index Name": "customer_pkey", "Relation Name": "customer", "Alias": "customer", "Startup Cost": 0.0, "Total Cost": 84515.36, "Plan Rows": 303948, "Plan Width": 8, "Filter": "(c_mktsegment = 'AUTOMOBILE'::bpchar), (LLVM Optimized)"}, {"Node Type": "Index Scan", "Parent Relationship": "Inner", "Scan Direction": "Forward", "Index Name": "idx_orders_custkey", "Relation Name": "orders", "Alias": "orders", "Startup Cost": 0.0, "Total Cost": 4.73, "Plan Rows": 2, "Plan Width": 28, "Index Cond": "(o_custkey = customer.c_custkey)", "Filter": "(o_orderdate < '1995-03-13 00:00:00'::timestamp(0) without time zone)"}]}, {"Node Type": "Index Scan", "Parent Relationship": "Inner", "Scan Direction": "Forward", "Index Name": "idx_lineitem_orderkey", "Relation Name": "lineitem", "Alias": "lineitem", "Startup Cost": 0.0, "Total Cost": 1.35, "Plan Rows": 5, "Plan Width": 24, "Index Cond": "(l_orderkey = orders.o_orderkey)", "Filter": "(l_shipdate > '1995-03-13 00:00:00'::timestamp(0) without time zone)"}]}]}]}]}, "Unique SQL Id": 3929762122, "Planner Runtime": 1}, "explain_analyze_plan": {"Plan": {"Node Type": "Limit", "Startup Cost": 2699912.01, "Total Cost": 2699912.03, "Plan Rows": 10, "Plan Width": 44, "Actual Startup Time": 27778.236, "Actual Total Time": 27778.239, "Actual Rows": 10, "Actual Loops": 1, "Plans": [{"Node Type": "Sort", "Parent Relationship": "Outer", "Startup Cost": 2699912.01, "Total Cost": 2708810.13, "Plan Rows": 10, "Plan Width": 44, "Actual Startup Time": 27778.233, "Actual Total Time": 27778.235, "Actual Rows": 10, "Actual Loops": 1, "Sort Key": ["(sum((lineitem.l_extendedprice * (1::double precision - lineitem.l_discount)))) DESC", "orders.o_orderdate"], "Sort Method": "top-N heapsort", "Sort Space Used": 26, "Sort Space Type": "Memory", "Plans": [{"Node Type": "Aggregate", "Strategy": "Hashed", "Parent Relationship": "Outer", "Startup Cost": 2587405.49, "Total Cost": 2622997.96, "Plan Rows": 3559247, "Plan Width": 44, "Actual Startup Time": 27694.368, "Actual Total Time": 27751.144, "Actual Rows": 113719, "Actual Loops": 1, "Group By Key": ["lineitem.l_orderkey", "orders.o_orderdate", "orders.o_shippriority"], "Plans": [{"Node Type": "Nested Loop", "Parent Relationship": "Outer", "Join Type": "Inner", "Startup Cost": 0.0, "Total Cost": 2534016.78, "Plan Rows": 3559247, "Plan Width": 36, "Actual Startup Time": 0.221, "Actual Total Time": 27347.965, "Actual Rows": 300219, "Actual Loops": 1, "Inner Unique": false, "Plans": [{"Node Type": "Nested Loop", "Parent Relationship": "Outer", "Join Type": "Inner", "Startup Cost": 0.0, "Total Cost": 1529472.45, "Plan Rows": 715772, "Plan Width": 20, "Actual Startup Time": 0.102, "Actual Total Time": 9832.13, "Actual Rows": 1455173, "Actual Loops": 1, "Inner Unique": false, "Plans": [{"Node Type": "Index Scan", "Parent Relationship": "Outer", "Scan Direction": "Forward", "Index Name": "customer_pkey", "Relation Name": "customer", "Alias": "customer", "Startup Cost": 0.0, "Total Cost": 84515.36, "Plan Rows": 303948, "Plan Width": 8, "Actual Startup Time": 0.073, "Actual Total Time": 1122.937, "Actual Rows": 300036, "Actual Loops": 1, "Filter": "(c_mktsegment = 'AUTOMOBILE'::bpchar), (LLVM Optimized, Jit Execute)", "Rows Removed by Filter": 1199964}, {"Node Type": "Index Scan", "Parent Relationship": "Inner", "Scan Direction": "Forward", "Index Name": "idx_orders_custkey", "Relation Name": "orders", "Alias": "orders", "Startup Cost": 0.0, "Total Cost": 4.73, "Plan Rows": 2, "Plan Width": 28, "Actual Startup Time": 2071.576, "Actual Total Time": 8180.225, "Actual Rows": 1455173, "Actual Loops": 300036, "Index Cond": "(o_custkey = customer.c_custkey)", "Rows Removed by Index Recheck": 0, "Filter": "(o_orderdate < '1995-03-13 00:00:00'::timestamp(0) without time zone)", "Rows Removed by Filter": 1545367}]}, {"Node Type": "Index Scan", "Parent Relationship": "Inner", "Scan Direction": "Forward", "Index Name": "idx_lineitem_orderkey", "Relation Name": "lineitem", "Alias": "lineitem", "Startup Cost": 0.0, "Total Cost": 1.35, "Plan Rows": 5, "Plan Width": 24, "Actual Startup Time": 16408.608, "Actual Total Time": 16700.86, "Actual Rows": 300219, "Actual Loops": 1455173, "Index Cond": "(l_orderkey = orders.o_orderkey)", "Rows Removed by Index Recheck": 0, "Filter": "(l_shipdate > '1995-03-13 00:00:00'::timestamp(0) without time zone)", "Rows Removed by Filter": 5519788}]}]}]}]}, "Triggers": [], "Planner Runtime": 1.143, "Total Runtime": 27787.738, "Unique SQL Id": 3929762122}}, "(16, '26')": {"explain_plan": {"Plan": {"Node Type": "Limit", "Startup Cost": 8099438.49, "Total Cost": 8099438.52, "Plan Rows": 10, "Plan Width": 44, "Plans": [{"Node Type": "Sort", "Parent Relationship": "Outer", "Startup Cost": 8099438.49, "Total Cost": 8108336.61, "Plan Rows": 10, "Plan Width": 44, "Sort Key": ["(sum((lineitem.l_extendedprice * (1::double precision - lineitem.l_discount)))) DESC", "orders.o_orderdate"], "Plans": [{"Node Type": "Aggregate", "Strategy": "Hashed", "Parent Relationship": "Outer", "Startup Cost": 7986931.98, "Total Cost": 8022524.45, "Plan Rows": 3559247, "Plan Width": 44, "Group By Key": ["lineitem.l_orderkey", "orders.o_orderdate", "orders.o_shippriority"], "Plans": [{"Node Type": "Merge Join", "Parent Relationship": "Outer", "Join Type": "Inner", "Startup Cost": 7731288.7, "Total Cost": 7933543.27, "Plan Rows": 3559247, "Plan Width": 36, "Inner Unique": false, "Merge Cond": "(orders.o_orderkey = lineitem.l_orderkey)", "Plans": [{"Node Type": "Sort", "Parent Relationship": "Outer", "Startup Cost": 1495720.26, "Total Cost": 1497509.69, "Plan Rows": 715772, "Plan Width": 20, "Sort Key": ["orders.o_orderkey"], "Plans": [{"Node Type": "Merge Join", "Parent Relationship": "Outer", "Join Type": "Inner", "Startup Cost": 1380887.19, "Total Cost": 1426114.5, "Plan Rows": 715772, "Plan Width": 20, "Inner Unique": false, "Merge Cond": "(customer.c_custkey = orders.o_custkey)", "Plans": [{"Node Type": "Sort", "Parent Relationship": "Outer", "Startup Cost": 83555.73, "Total Cost": 84315.6, "Plan Rows": 303948, "Plan Width": 8, "Sort Key": ["customer.c_custkey"], "Plans": [{"Node Type": "Seq Scan", "Parent Relationship": "Outer", "Relation Name": "customer", "Alias": "customer", "Startup Cost": 0.0, "Total Cost": 55876.0, "Plan Rows": 303948, "Plan Width": 8, "Filter": "(c_mktsegment = 'AUTOMOBILE'::bpchar), (LLVM Optimized)"}]}, {"Node Type": "Sort", "Parent Relationship": "Inner", "Startup Cost": 1297331.42, "Total Cost": 1315606.97, "Plan Rows": 7310217, "Plan Width": 28, "Sort Key": ["orders.o_custkey"], "Plans": [{"Node Type": "Seq Scan", "Parent Relationship": "Outer", "Relation Name": "orders", "Alias": "orders", "Startup Cost": 385.73, "Total Cost": 463912.49, "Plan Rows": 7310217, "Plan Width": 28, "Filter": "(o_orderdate < '1995-03-13 00:00:00'::timestamp(0) without time zone), (LLVM Optimized)"}]}]}]}, {"Node Type": "Sort", "Parent Relationship": "Inner", "Startup Cost": 6235568.32, "Total Cost": 6317111.33, "Plan Rows": 32617206, "Plan Width": 24, "Sort Key": ["lineitem.l_orderkey"], "Plans": [{"Node Type": "Seq Scan", "Parent Relationship": "Outer", "Relation Name": "lineitem", "Alias": "lineitem", "Startup Cost": 0.0, "Total Cost": 2165082.91, "Plan Rows": 32617206, "Plan Width": 24, "Filter": "(l_shipdate > '1995-03-13 00:00:00'::timestamp(0) without time zone), (LLVM Optimized)"}]}]}]}]}]}, "Unique SQL Id": 3929762122, "Planner Runtime": 1}, "explain_analyze_plan": null}, "(16, '27')": {"explain_plan": {"Plan": {"Node Type": "Limit", "Startup Cost": 3000459122385.72, "Total Cost": 3000459122385.74, "Plan Rows": 10, "Plan Width": 44, "Plans": [{"Node Type": "Sort", "Parent Relationship": "Outer", "Startup Cost": 3000459122385.72, "Total Cost": 3000459131283.84, "Plan Rows": 10, "Plan Width": 44, "Sort Key": ["(sum((lineitem.l_extendedprice * (1::double precision - lineitem.l_discount)))) DESC", "orders.o_orderdate"], "Plans": [{"Node Type": "Aggregate", "Strategy": "Hashed", "Parent Relationship": "Outer", "Startup Cost": 3000459009879.2, "Total Cost": 3000459045471.67, "Plan Rows": 3559247, "Plan Width": 44, "Group By Key": ["lineitem.l_orderkey", "orders.o_orderdate", "orders.o_shippriority"], "Plans": [{"Node Type": "Merge Join", "Parent Relationship": "Outer", "Join Type": "Inner", "Startup Cost": 2010135976480.1, "Total Cost": 3000458956490.5, "Plan Rows": 3559247, "Plan Width": 36, "Inner Unique": false, "Merge Cond": "(orders.o_orderkey = lineitem.l_orderkey)", "Plans": [{"Node Type": "Sort", "Parent Relationship": "Outer", "Startup Cost": 2000135976479.97, "Total Cost": 2000135978269.4, "Plan Rows": 715772, "Plan Width": 20, "Sort Key": ["orders.o_orderkey"], "Plans": [{"Node Type": "Merge Join", "Parent Relationship": "Outer", "Join Type": "Inner", "Startup Cost": 20026057311.18, "Total Cost": 2000135906874.22, "Plan Rows": 715772, "Plan Width": 20, "Inner Unique": false, "Merge Cond": "(customer.c_custkey = orders.o_custkey)", "Plans": [{"Node Type": "Index Scan", "Parent Relationship": "Outer", "Scan Direction": "Forward", "Index Name": "customer_pkey", "Relation Name": "customer", "Alias": "customer", "Startup Cost": 10000000000.0, "Total Cost": 1000008451535.62, "Plan Rows": 303948, "Plan Width": 8, "Filter": "(c_mktsegment = 'AUTOMOBILE'::bpchar), (LLVM Optimized)"}, {"Node Type": "Index Scan", "Parent Relationship": "Inner", "Scan Direction": "Forward", "Index Name": "idx_orders_custkey", "Relation Name": "orders", "Alias": "orders", "Startup Cost": 10000000000.0, "Total Cost": 1000159801398.83, "Plan Rows": 7310217, "Plan Width": 28, "Filter": "(o_orderdate < '1995-03-13 00:00:00'::timestamp(0) without time zone), (LLVM Optimized)"}]}]}, {"Node Type": "Index Scan", "Parent Relationship": "Inner", "Scan Direction": "Forward", "Index Name": "idx_lineitem_orderkey", "Relation Name": "lineitem", "Alias": "lineitem", "Startup Cost": 10000000000.0, "Total Cost": 1000339012132.75, "Plan Rows": 32617206, "Plan Width": 24, "Filter": "(l_shipdate > '1995-03-13 00:00:00'::timestamp(0) without time zone), (LLVM Optimized)"}]}]}]}]}, "Unique SQL Id": 3929762122, "Planner Runtime": 1}, "explain_analyze_plan": null}, "(16, '28')": {"explain_plan": {"Plan": {"Node Type": "Limit", "Startup Cost": 2596753.82, "Total Cost": 2596753.85, "Plan Rows": 10, "Plan Width": 44, "Plans": [{"Node Type": "Sort", "Parent Relationship": "Outer", "Startup Cost": 2596753.82, "Total Cost": 2605651.94, "Plan Rows": 10, "Plan Width": 44, "Sort Key": ["(sum((lineitem.l_extendedprice * (1::double precision - lineitem.l_discount)))) DESC", "orders.o_orderdate"], "Plans": [{"Node Type": "Aggregate", "Strategy": "Hashed", "Parent Relationship": "Outer", "Startup Cost": 2484247.3, "Total Cost": 2519839.77, "Plan Rows": 3559247, "Plan Width": 44, "Group By Key": ["lineitem.l_orderkey", "orders.o_orderdate", "orders.o_shippriority"], "Plans": [{"Node Type": "Nested Loop", "Parent Relationship": "Outer", "Join Type": "Inner", "Startup Cost": 1297333.67, "Total Cost": 2430858.6, "Plan Rows": 3559247, "Plan Width": 36, "Inner Unique": false, "Plans": [{"Node Type": "Merge Join", "Parent Relationship": "Outer", "Join Type": "Inner", "Startup Cost": 1297333.67, "Total Cost": 1426314.26, "Plan Rows": 715772, "Plan Width": 20, "Inner Unique": false, "Merge Cond": "(customer.c_custkey = orders.o_custkey)", "Plans": [{"Node Type": "Index Scan", "Parent Relationship": "Outer", "Scan Direction": "Forward", "Index Name": "customer_pkey", "Relation Name": "customer", "Alias": "customer", "Startup Cost": 0.0, "Total Cost": 84515.36, "Plan Rows": 303948, "Plan Width": 8, "Filter": "(c_mktsegment = 'AUTOMOBILE'::bpchar), (LLVM Optimized)"}, {"Node Type": "Sort", "Parent Relationship": "Inner", "Startup Cost": 1297331.42, "Total Cost": 1315606.97, "Plan Rows": 7310217, "Plan Width": 28, "Sort Key": ["orders.o_custkey"], "Plans": [{"Node Type": "Seq Scan", "Parent Relationship": "Outer", "Relation Name": "orders", "Alias": "orders", "Startup Cost": 385.73, "Total Cost": 463912.49, "Plan Rows": 7310217, "Plan Width": 28, "Filter": "(o_orderdate < '1995-03-13 00:00:00'::timestamp(0) without time zone), (LLVM Optimized)"}]}]}, {"Node Type": "Index Scan", "Parent Relationship": "Inner", "Scan Direction": "Forward", "Index Name": "idx_lineitem_orderkey", "Relation Name": "lineitem", "Alias": "lineitem", "Startup Cost": 0.0, "Total Cost": 1.35, "Plan Rows": 5, "Plan Width": 24, "Index Cond": "(l_orderkey = orders.o_orderkey)", "Filter": "(l_shipdate > '1995-03-13 00:00:00'::timestamp(0) without time zone)"}]}]}]}]}, "Unique SQL Id": 3929762122, "Planner Runtime": 1}, "explain_analyze_plan": {"Plan": {"Node Type": "Limit", "Startup Cost": 2596753.82, "Total Cost": 2596753.85, "Plan Rows": 10, "Plan Width": 44, "Actual Startup Time": 31027.407, "Actual Total Time": 31027.412, "Actual Rows": 10, "Actual Loops": 1, "Plans": [{"Node Type": "Sort", "Parent Relationship": "Outer", "Startup Cost": 2596753.82, "Total Cost": 2605651.94, "Plan Rows": 10, "Plan Width": 44, "Actual Startup Time": 31027.403, "Actual Total Time": 31027.405, "Actual Rows": 10, "Actual Loops": 1, "Sort Key": ["(sum((lineitem.l_extendedprice * (1::double precision - lineitem.l_discount)))) DESC", "orders.o_orderdate"], "Sort Method": "top-N heapsort", "Sort Space Used": 26, "Sort Space Type": "Memory", "Plans": [{"Node Type": "Aggregate", "Strategy": "Hashed", "Parent Relationship": "Outer", "Startup Cost": 2484247.3, "Total Cost": 2519839.77, "Plan Rows": 3559247, "Plan Width": 44, "Actual Startup Time": 30923.217, "Actual Total Time": 30999.522, "Actual Rows": 113719, "Actual Loops": 1, "Group By Key": ["lineitem.l_orderkey", "orders.o_orderdate", "orders.o_shippriority"], "Plans": [{"Node Type": "Nested Loop", "Parent Relationship": "Outer", "Join Type": "Inner", "Startup Cost": 1297333.67, "Total Cost": 2430858.6, "Plan Rows": 3559247, "Plan Width": 36, "Actual Startup Time": 8368.061, "Actual Total Time": 30584.295, "Actual Rows": 300219, "Actual Loops": 1, "Inner Unique": false, "Plans": [{"Node Type": "Merge Join", "Parent Relationship": "Outer", "Join Type": "Inner", "Startup Cost": 1297333.67, "Total Cost": 1426314.26, "Plan Rows": 715772, "Plan Width": 20, "Actual Startup Time": 8367.818, "Actual Total Time": 13236.095, "Actual Rows": 1455173, "Actual Loops": 1, "Inner Unique": false, "Merge Cond": "(customer.c_custkey = orders.o_custkey)", "Plans": [{"Node Type": "Index Scan", "Parent Relationship": "Outer", "Scan Direction": "Forward", "Index Name": "customer_pkey", "Relation Name": "customer", "Alias": "customer", "Startup Cost": 0.0, "Total Cost": 84515.36, "Plan Rows": 303948, "Plan Width": 8, "Actual Startup Time": 0.061, "Actual Total Time": 1140.491, "Actual Rows": 300036, "Actual Loops": 1, "Filter": "(c_mktsegment = 'AUTOMOBILE'::bpchar), (LLVM Optimized, Jit Execute)", "Rows Removed by Filter": 1199964}, {"Node Type": "Sort", "Parent Relationship": "Inner", "Startup Cost": 1297331.42, "Total Cost": 1315606.97, "Plan Rows": 7310217, "Plan Width": 28, "Actual Startup Time": 8367.599, "Actual Total Time": 10675.611, "Actual Rows": 7276927, "Actual Loops": 1, "Sort Key": ["orders.o_custkey"], "Sort Method": "quicksort", "Sort Space Used": 878822, "Sort Space Type": "Memory", "Plans": [{"Node Type": "Seq Scan", "Parent Relationship": "Outer", "Relation Name": "orders", "Alias": "orders", "Startup Cost": 385.73, "Total Cost": 463912.49, "Plan Rows": 7310217, "Plan Width": 28, "Actual Startup Time": 0.028, "Actual Total Time": 5228.66, "Actual Rows": 7276947, "Actual Loops": 1, "Filter": "(o_orderdate < '1995-03-13 00:00:00'::timestamp(0) without time zone), (LLVM Optimized, Jit Execute)", "Rows Removed by Filter": 7723053}]}]}, {"Node Type": "Index Scan", "Parent Relationship": "Inner", "Scan Direction": "Forward", "Index Name": "idx_lineitem_orderkey", "Relation Name": "lineitem", "Alias": "lineitem", "Startup Cost": 0.0, "Total Cost": 1.35, "Plan Rows": 5, "Plan Width": 24, "Actual Startup Time": 16229.506, "Actual Total Time": 16523.195, "Actual Rows": 300219, "Actual Loops": 1455173, "Index Cond": "(l_orderkey = orders.o_orderkey)", "Rows Removed by Index Recheck": 0, "Filter": "(l_shipdate > '1995-03-13 00:00:00'::timestamp(0) without time zone)", "Rows Removed by Filter": 5519788}]}]}]}]}, "Triggers": [], "Planner Runtime": 1.161, "Total Runtime": 31037.135, "Unique SQL Id": 3929762122}}, "(16, '29')": {"explain_plan": {"Plan": {"Node Type": "Limit", "Startup Cost": 2699912.01, "Total Cost": 2699912.03, "Plan Rows": 10, "Plan Width": 44, "Plans": [{"Node Type": "Sort", "Parent Relationship": "Outer", "Startup Cost": 2699912.01, "Total Cost": 2708810.13, "Plan Rows": 10, "Plan Width": 44, "Sort Key": ["(sum((lineitem.l_extendedprice * (1::double precision - lineitem.l_discount)))) DESC", "orders.o_orderdate"], "Plans": [{"Node Type": "Aggregate", "Strategy": "Hashed", "Parent Relationship": "Outer", "Startup Cost": 2587405.49, "Total Cost": 2622997.96, "Plan Rows": 3559247, "Plan Width": 44, "Group By Key": ["lineitem.l_orderkey", "orders.o_orderdate", "orders.o_shippriority"], "Plans": [{"Node Type": "Nested Loop", "Parent Relationship": "Outer", "Join Type": "Inner", "Startup Cost": 0.0, "Total Cost": 2534016.78, "Plan Rows": 3559247, "Plan Width": 36, "Inner Unique": false, "Plans": [{"Node Type": "Nested Loop", "Parent Relationship": "Outer", "Join Type": "Inner", "Startup Cost": 0.0, "Total Cost": 1529472.45, "Plan Rows": 715772, "Plan Width": 20, "Inner Unique": false, "Plans": [{"Node Type": "Index Scan", "Parent Relationship": "Outer", "Scan Direction": "Forward", "Index Name": "customer_pkey", "Relation Name": "customer", "Alias": "customer", "Startup Cost": 0.0, "Total Cost": 84515.36, "Plan Rows": 303948, "Plan Width": 8, "Filter": "(c_mktsegment = 'AUTOMOBILE'::bpchar), (LLVM Optimized)"}, {"Node Type": "Index Scan", "Parent Relationship": "Inner", "Scan Direction": "Forward", "Index Name": "idx_orders_custkey", "Relation Name": "orders", "Alias": "orders", "Startup Cost": 0.0, "Total Cost": 4.73, "Plan Rows": 2, "Plan Width": 28, "Index Cond": "(o_custkey = customer.c_custkey)", "Filter": "(o_orderdate < '1995-03-13 00:00:00'::timestamp(0) without time zone)"}]}, {"Node Type": "Index Scan", "Parent Relationship": "Inner", "Scan Direction": "Forward", "Index Name": "idx_lineitem_orderkey", "Relation Name": "lineitem", "Alias": "lineitem", "Startup Cost": 0.0, "Total Cost": 1.35, "Plan Rows": 5, "Plan Width": 24, "Index Cond": "(l_orderkey = orders.o_orderkey)", "Filter": "(l_shipdate > '1995-03-13 00:00:00'::timestamp(0) without time zone)"}]}]}]}]}, "Unique SQL Id": 3929762122, "Planner Runtime": 1}, "explain_analyze_plan": {"Plan": {"Node Type": "Limit", "Startup Cost": 2699912.01, "Total Cost": 2699912.03, "Plan Rows": 10, "Plan Width": 44, "Actual Startup Time": 27778.236, "Actual Total Time": 27778.239, "Actual Rows": 10, "Actual Loops": 1, "Plans": [{"Node Type": "Sort", "Parent Relationship": "Outer", "Startup Cost": 2699912.01, "Total Cost": 2708810.13, "Plan Rows": 10, "Plan Width": 44, "Actual Startup Time": 27778.233, "Actual Total Time": 27778.235, "Actual Rows": 10, "Actual Loops": 1, "Sort Key": ["(sum((lineitem.l_extendedprice * (1::double precision - lineitem.l_discount)))) DESC", "orders.o_orderdate"], "Sort Method": "top-N heapsort", "Sort Space Used": 26, "Sort Space Type": "Memory", "Plans": [{"Node Type": "Aggregate", "Strategy": "Hashed", "Parent Relationship": "Outer", "Startup Cost": 2587405.49, "Total Cost": 2622997.96, "Plan Rows": 3559247, "Plan Width": 44, "Actual Startup Time": 27694.368, "Actual Total Time": 27751.144, "Actual Rows": 113719, "Actual Loops": 1, "Group By Key": ["lineitem.l_orderkey", "orders.o_orderdate", "orders.o_shippriority"], "Plans": [{"Node Type": "Nested Loop", "Parent Relationship": "Outer", "Join Type": "Inner", "Startup Cost": 0.0, "Total Cost": 2534016.78, "Plan Rows": 3559247, "Plan Width": 36, "Actual Startup Time": 0.221, "Actual Total Time": 27347.965, "Actual Rows": 300219, "Actual Loops": 1, "Inner Unique": false, "Plans": [{"Node Type": "Nested Loop", "Parent Relationship": "Outer", "Join Type": "Inner", "Startup Cost": 0.0, "Total Cost": 1529472.45, "Plan Rows": 715772, "Plan Width": 20, "Actual Startup Time": 0.102, "Actual Total Time": 9832.13, "Actual Rows": 1455173, "Actual Loops": 1, "Inner Unique": false, "Plans": [{"Node Type": "Index Scan", "Parent Relationship": "Outer", "Scan Direction": "Forward", "Index Name": "customer_pkey", "Relation Name": "customer", "Alias": "customer", "Startup Cost": 0.0, "Total Cost": 84515.36, "Plan Rows": 303948, "Plan Width": 8, "Actual Startup Time": 0.073, "Actual Total Time": 1122.937, "Actual Rows": 300036, "Actual Loops": 1, "Filter": "(c_mktsegment = 'AUTOMOBILE'::bpchar), (LLVM Optimized, Jit Execute)", "Rows Removed by Filter": 1199964}, {"Node Type": "Index Scan", "Parent Relationship": "Inner", "Scan Direction": "Forward", "Index Name": "idx_orders_custkey", "Relation Name": "orders", "Alias": "orders", "Startup Cost": 0.0, "Total Cost": 4.73, "Plan Rows": 2, "Plan Width": 28, "Actual Startup Time": 2071.576, "Actual Total Time": 8180.225, "Actual Rows": 1455173, "Actual Loops": 300036, "Index Cond": "(o_custkey = customer.c_custkey)", "Rows Removed by Index Recheck": 0, "Filter": "(o_orderdate < '1995-03-13 00:00:00'::timestamp(0) without time zone)", "Rows Removed by Filter": 1545367}]}, {"Node Type": "Index Scan", "Parent Relationship": "Inner", "Scan Direction": "Forward", "Index Name": "idx_lineitem_orderkey", "Relation Name": "lineitem", "Alias": "lineitem", "Startup Cost": 0.0, "Total Cost": 1.35, "Plan Rows": 5, "Plan Width": 24, "Actual Startup Time": 16408.608, "Actual Total Time": 16700.86, "Actual Rows": 300219, "Actual Loops": 1455173, "Index Cond": "(l_orderkey = orders.o_orderkey)", "Rows Removed by Index Recheck": 0, "Filter": "(l_shipdate > '1995-03-13 00:00:00'::timestamp(0) without time zone)", "Rows Removed by Filter": 5519788}]}]}]}]}, "Triggers": [], "Planner Runtime": 1.143, "Total Runtime": 27787.738, "Unique SQL Id": 3929762122}}, "(16, '30')": {"explain_plan": {"Plan": {"Node Type": "Limit", "Startup Cost": 8099438.49, "Total Cost": 8099438.52, "Plan Rows": 10, "Plan Width": 44, "Plans": [{"Node Type": "Sort", "Parent Relationship": "Outer", "Startup Cost": 8099438.49, "Total Cost": 8108336.61, "Plan Rows": 10, "Plan Width": 44, "Sort Key": ["(sum((lineitem.l_extendedprice * (1::double precision - lineitem.l_discount)))) DESC", "orders.o_orderdate"], "Plans": [{"Node Type": "Aggregate", "Strategy": "Hashed", "Parent Relationship": "Outer", "Startup Cost": 7986931.98, "Total Cost": 8022524.45, "Plan Rows": 3559247, "Plan Width": 44, "Group By Key": ["lineitem.l_orderkey", "orders.o_orderdate", "orders.o_shippriority"], "Plans": [{"Node Type": "Merge Join", "Parent Relationship": "Outer", "Join Type": "Inner", "Startup Cost": 7731288.7, "Total Cost": 7933543.27, "Plan Rows": 3559247, "Plan Width": 36, "Inner Unique": false, "Merge Cond": "(orders.o_orderkey = lineitem.l_orderkey)", "Plans": [{"Node Type": "Sort", "Parent Relationship": "Outer", "Startup Cost": 1495720.26, "Total Cost": 1497509.69, "Plan Rows": 715772, "Plan Width": 20, "Sort Key": ["orders.o_orderkey"], "Plans": [{"Node Type": "Merge Join", "Parent Relationship": "Outer", "Join Type": "Inner", "Startup Cost": 1380887.19, "Total Cost": 1426114.5, "Plan Rows": 715772, "Plan Width": 20, "Inner Unique": false, "Merge Cond": "(customer.c_custkey = orders.o_custkey)", "Plans": [{"Node Type": "Sort", "Parent Relationship": "Outer", "Startup Cost": 83555.73, "Total Cost": 84315.6, "Plan Rows": 303948, "Plan Width": 8, "Sort Key": ["customer.c_custkey"], "Plans": [{"Node Type": "Seq Scan", "Parent Relationship": "Outer", "Relation Name": "customer", "Alias": "customer", "Startup Cost": 0.0, "Total Cost": 55876.0, "Plan Rows": 303948, "Plan Width": 8, "Filter": "(c_mktsegment = 'AUTOMOBILE'::bpchar), (LLVM Optimized)"}]}, {"Node Type": "Sort", "Parent Relationship": "Inner", "Startup Cost": 1297331.42, "Total Cost": 1315606.97, "Plan Rows": 7310217, "Plan Width": 28, "Sort Key": ["orders.o_custkey"], "Plans": [{"Node Type": "Seq Scan", "Parent Relationship": "Outer", "Relation Name": "orders", "Alias": "orders", "Startup Cost": 385.73, "Total Cost": 463912.49, "Plan Rows": 7310217, "Plan Width": 28, "Filter": "(o_orderdate < '1995-03-13 00:00:00'::timestamp(0) without time zone), (LLVM Optimized)"}]}]}]}, {"Node Type": "Sort", "Parent Relationship": "Inner", "Startup Cost": 6235568.32, "Total Cost": 6317111.33, "Plan Rows": 32617206, "Plan Width": 24, "Sort Key": ["lineitem.l_orderkey"], "Plans": [{"Node Type": "Seq Scan", "Parent Relationship": "Outer", "Relation Name": "lineitem", "Alias": "lineitem", "Startup Cost": 0.0, "Total Cost": 2165082.91, "Plan Rows": 32617206, "Plan Width": 24, "Filter": "(l_shipdate > '1995-03-13 00:00:00'::timestamp(0) without time zone), (LLVM Optimized)"}]}]}]}]}]}, "Unique SQL Id": 3929762122, "Planner Runtime": 1}, "explain_analyze_plan": null}, "(16, '31')": {"explain_plan": {"Plan": {"Node Type": "Limit", "Startup Cost": 3000459122385.72, "Total Cost": 3000459122385.74, "Plan Rows": 10, "Plan Width": 44, "Plans": [{"Node Type": "Sort", "Parent Relationship": "Outer", "Startup Cost": 3000459122385.72, "Total Cost": 3000459131283.84, "Plan Rows": 10, "Plan Width": 44, "Sort Key": ["(sum((lineitem.l_extendedprice * (1::double precision - lineitem.l_discount)))) DESC", "orders.o_orderdate"], "Plans": [{"Node Type": "Aggregate", "Strategy": "Hashed", "Parent Relationship": "Outer", "Startup Cost": 3000459009879.2, "Total Cost": 3000459045471.67, "Plan Rows": 3559247, "Plan Width": 44, "Group By Key": ["lineitem.l_orderkey", "orders.o_orderdate", "orders.o_shippriority"], "Plans": [{"Node Type": "Merge Join", "Parent Relationship": "Outer", "Join Type": "Inner", "Startup Cost": 2010135976480.1, "Total Cost": 3000458956490.5, "Plan Rows": 3559247, "Plan Width": 36, "Inner Unique": false, "Merge Cond": "(orders.o_orderkey = lineitem.l_orderkey)", "Plans": [{"Node Type": "Sort", "Parent Relationship": "Outer", "Startup Cost": 2000135976479.97, "Total Cost": 2000135978269.4, "Plan Rows": 715772, "Plan Width": 20, "Sort Key": ["orders.o_orderkey"], "Plans": [{"Node Type": "Merge Join", "Parent Relationship": "Outer", "Join Type": "Inner", "Startup Cost": 20026057311.18, "Total Cost": 2000135906874.22, "Plan Rows": 715772, "Plan Width": 20, "Inner Unique": false, "Merge Cond": "(customer.c_custkey = orders.o_custkey)", "Plans": [{"Node Type": "Index Scan", "Parent Relationship": "Outer", "Scan Direction": "Forward", "Index Name": "customer_pkey", "Relation Name": "customer", "Alias": "customer", "Startup Cost": 10000000000.0, "Total Cost": 1000008451535.62, "Plan Rows": 303948, "Plan Width": 8, "Filter": "(c_mktsegment = 'AUTOMOBILE'::bpchar), (LLVM Optimized)"}, {"Node Type": "Index Scan", "Parent Relationship": "Inner", "Scan Direction": "Forward", "Index Name": "idx_orders_custkey", "Relation Name": "orders", "Alias": "orders", "Startup Cost": 10000000000.0, "Total Cost": 1000159801398.83, "Plan Rows": 7310217, "Plan Width": 28, "Filter": "(o_orderdate < '1995-03-13 00:00:00'::timestamp(0) without time zone), (LLVM Optimized)"}]}]}, {"Node Type": "Index Scan", "Parent Relationship": "Inner", "Scan Direction": "Forward", "Index Name": "idx_lineitem_orderkey", "Relation Name": "lineitem", "Alias": "lineitem", "Startup Cost": 10000000000.0, "Total Cost": 1000339012132.75, "Plan Rows": 32617206, "Plan Width": 24, "Filter": "(l_shipdate > '1995-03-13 00:00:00'::timestamp(0) without time zone), (LLVM Optimized)"}]}]}]}]}, "Unique SQL Id": 3929762122, "Planner Runtime": 1}, "explain_analyze_plan": null}, "(16, '32')": {"explain_plan": {"Plan": {"Node Type": "Limit", "Startup Cost": 1728598.43, "Total Cost": 1728598.46, "Plan Rows": 10, "Plan Width": 44, "Plans": [{"Node Type": "Sort", "Parent Relationship": "Outer", "Startup Cost": 1728598.43, "Total Cost": 1737496.55, "Plan Rows": 10, "Plan Width": 44, "Sort Key": ["(sum((lineitem.l_extendedprice * (1::double precision - lineitem.l_discount)))) DESC", "orders.o_orderdate"], "Plans": [{"Node Type": "Aggregate", "Strategy": "Hashed", "Parent Relationship": "Outer", "Startup Cost": 1616091.91, "Total Cost": 1651684.38, "Plan Rows": 3559247, "Plan Width": 44, "Group By Key": ["lineitem.l_orderkey", "orders.o_orderdate", "orders.o_shippriority"], "Plans": [{"Node Type": "Nested Loop", "Parent Relationship": "Outer", "Join Type": "Inner", "Startup Cost": 60061.08, "Total Cost": 1562703.21, "Plan Rows": 3559247, "Plan Width": 36, "Inner Unique": false, "Plans": [{"Node Type": "Hash Join", "Parent Relationship": "Outer", "Join Type": "Inner", "Startup Cost": 60061.08, "Total Cost": 558158.87, "Plan Rows": 715772, "Plan Width": 20, "Inner Unique": true, "Hash Cond": "(orders.o_custkey = customer.c_custkey), (LLVM Optimized)", "Plans": [{"Node Type": "Seq Scan", "Parent Relationship": "Outer", "Relation Name": "orders", "Alias": "orders", "Startup Cost": 385.73, "Total Cost": 463912.49, "Plan Rows": 7310217, "Plan Width": 28, "Filter": "(o_orderdate < '1995-03-13 00:00:00'::timestamp(0) without time zone), (LLVM Optimized)"}, {"Node Type": "Hash", "Parent Relationship": "Inner", "Startup Cost": 55876.0, "Total Cost": 55876.0, "Plan Rows": 303948, "Plan Width": 8, "Plans": [{"Node Type": "Seq Scan", "Parent Relationship": "Outer", "Relation Name": "customer", "Alias": "customer", "Startup Cost": 0.0, "Total Cost": 55876.0, "Plan Rows": 303948, "Plan Width": 8, "Filter": "(c_mktsegment = 'AUTOMOBILE'::bpchar), (LLVM Optimized)"}]}]}, {"Node Type": "Index Scan", "Parent Relationship": "Inner", "Scan Direction": "Forward", "Index Name": "idx_lineitem_orderkey", "Relation Name": "lineitem", "Alias": "lineitem", "Startup Cost": 0.0, "Total Cost": 1.35, "Plan Rows": 5, "Plan Width": 24, "Index Cond": "(l_orderkey = orders.o_orderkey)", "Filter": "(l_shipdate > '1995-03-13 00:00:00'::timestamp(0) without time zone)"}]}]}]}]}, "Unique SQL Id": 3929762122, "Planner Runtime": 0}, "explain_analyze_plan": {"Plan": {"Node Type": "Limit", "Startup Cost": 1728598.43, "Total Cost": 1728598.46, "Plan Rows": 10, "Plan Width": 44, "Actual Startup Time": 21274.526, "Actual Total Time": 21274.53, "Actual Rows": 10, "Actual Loops": 1, "Plans": [{"Node Type": "Sort", "Parent Relationship": "Outer", "Startup Cost": 1728598.43, "Total Cost": 1737496.55, "Plan Rows": 10, "Plan Width": 44, "Actual Startup Time": 21274.522, "Actual Total Time": 21274.523, "Actual Rows": 10, "Actual Loops": 1, "Sort Key": ["(sum((lineitem.l_extendedprice * (1::double precision - lineitem.l_discount)))) DESC", "orders.o_orderdate"], "Sort Method": "top-N heapsort", "Sort Space Used": 26, "Sort Space Type": "Memory", "Plans": [{"Node Type": "Aggregate", "Strategy": "Hashed", "Parent Relationship": "Outer", "Startup Cost": 1616091.91, "Total Cost": 1651684.38, "Plan Rows": 3559247, "Plan Width": 44, "Actual Startup Time": 21187.648, "Actual Total Time": 21247.237, "Actual Rows": 113719, "Actual Loops": 1, "Group By Key": ["lineitem.l_orderkey", "orders.o_orderdate", "orders.o_shippriority"], "Plans": [{"Node Type": "Nested Loop", "Parent Relationship": "Outer", "Join Type": "Inner", "Startup Cost": 60061.08, "Total Cost": 1562703.21, "Plan Rows": 3559247, "Plan Width": 36, "Actual Startup Time": 793.168, "Actual Total Time": 20886.923, "Actual Rows": 300219, "Actual Loops": 1, "Inner Unique": false, "Plans": [{"Node Type": "Hash Join", "Parent Relationship": "Outer", "Join Type": "Inner", "Startup Cost": 60061.08, "Total Cost": 558158.87, "Plan Rows": 715772, "Plan Width": 20, "Actual Startup Time": 792.942, "Actual Total Time": 8869.255, "Actual Rows": 1455173, "Actual Loops": 1, "Inner Unique": true, "Hash Cond": "(orders.o_custkey = customer.c_custkey), (LLVM Optimized, Jit Execute)", "Plans": [{"Node Type": "Seq Scan", "Parent Relationship": "Outer", "Relation Name": "orders", "Alias": "orders", "Startup Cost": 385.73, "Total Cost": 463912.49, "Plan Rows": 7310217, "Plan Width": 28, "Actual Startup Time": 0.046, "Actual Total Time": 4908.861, "Actual Rows": 7276947, "Actual Loops": 1, "Filter": "(o_orderdate < '1995-03-13 00:00:00'::timestamp(0) without time zone), (LLVM Optimized, Jit Execute)", "Rows Removed by Filter": 7723053}, {"Node Type": "Hash", "Parent Relationship": "Inner", "Startup Cost": 55876.0, "Total Cost": 55876.0, "Plan Rows": 303948, "Plan Width": 8, "Actual Startup Time": 792.498, "Actual Total Time": 792.498, "Actual Rows": 300036, "Actual Loops": 1, "Hash Buckets": 524288, "Hash Batches": 1, "Original Hash Batches": 1, "Peak Memory Usage": 11721, "Plans": [{"Node Type": "Seq Scan", "Parent Relationship": "Outer", "Relation Name": "customer", "Alias": "customer", "Startup Cost": 0.0, "Total Cost": 55876.0, "Plan Rows": 303948, "Plan Width": 8, "Actual Startup Time": 0.027, "Actual Total Time": 665.896, "Actual Rows": 300036, "Actual Loops": 1, "Filter": "(c_mktsegment = 'AUTOMOBILE'::bpchar), (LLVM Optimized, Jit Execute)", "Rows Removed by Filter": 1199964}]}]}, {"Node Type": "Index Scan", "Parent Relationship": "Inner", "Scan Direction": "Forward", "Index Name": "idx_lineitem_orderkey", "Relation Name": "lineitem", "Alias": "lineitem", "Startup Cost": 0.0, "Total Cost": 1.35, "Plan Rows": 5, "Plan Width": 24, "Actual Startup Time": 10931.776, "Actual Total Time": 11224.045, "Actual Rows": 300219, "Actual Loops": 1455173, "Index Cond": "(l_orderkey = orders.o_orderkey)", "Rows Removed by Index Recheck": 0, "Filter": "(l_shipdate > '1995-03-13 00:00:00'::timestamp(0) without time zone)", "Rows Removed by Filter": 5519788}]}]}]}]}, "Triggers": [], "Planner Runtime": 1.3, "Total Runtime": 21284.503, "Unique SQL Id": 3929762122}}, "(16, '33')": {"explain_plan": {"Plan": {"Node Type": "Limit", "Startup Cost": 1829820.45, "Total Cost": 1829820.47, "Plan Rows": 10, "Plan Width": 44, "Plans": [{"Node Type": "Sort", "Parent Relationship": "Outer", "Startup Cost": 1829820.45, "Total Cost": 1838718.56, "Plan Rows": 10, "Plan Width": 44, "Sort Key": ["(sum((lineitem.l_extendedprice * (1::double precision - lineitem.l_discount)))) DESC", "orders.o_orderdate"], "Plans": [{"Node Type": "Aggregate", "Strategy": "Hashed", "Parent Relationship": "Outer", "Startup Cost": 1717313.93, "Total Cost": 1752906.4, "Plan Rows": 3559247, "Plan Width": 44, "Group By Key": ["lineitem.l_orderkey", "orders.o_orderdate", "orders.o_shippriority"], "Plans": [{"Node Type": "Nested Loop", "Parent Relationship": "Outer", "Join Type": "Inner", "Startup Cost": 257013.14, "Total Cost": 1663925.22, "Plan Rows": 3559247, "Plan Width": 36, "Inner Unique": false, "Plans": [{"Node Type": "Hash Join", "Parent Relationship": "Outer", "Join Type": "Inner", "Startup Cost": 257013.14, "Total Cost": 659380.88, "Plan Rows": 715772, "Plan Width": 20, "Inner Unique": true, "Hash Cond": "(orders.o_custkey = customer.c_custkey), (LLVM Optimized)", "Plans": [{"Node Type": "Bitmap Heap Scan", "Parent Relationship": "Outer", "Relation Name": "orders", "Alias": "orders", "Startup Cost": 168698.43, "Total Cost": 536495.14, "Plan Rows": 7310217, "Plan Width": 28, "Recheck Cond": "(o_orderdate < '1995-03-13 00:00:00'::timestamp(0) without time zone), (LLVM Optimized)", "Plans": [{"Node Type": "Bitmap Index Scan", "Parent Relationship": "Outer", "Index Name": "idx_orders_orderdate", "Startup Cost": 0.0, "Total Cost": 166870.88, "Plan Rows": 7310217, "Plan Width": 0, "Index Cond": "(o_orderdate < '1995-03-13 00:00:00'::timestamp(0) without time zone)"}]}, {"Node Type": "Hash", "Parent Relationship": "Inner", "Startup Cost": 84515.36, "Total Cost": 84515.36, "Plan Rows": 303948, "Plan Width": 8, "Plans": [{"Node Type": "Index Scan", "Parent Relationship": "Outer", "Scan Direction": "Forward", "Index Name": "customer_pkey", "Relation Name": "customer", "Alias": "customer", "Startup Cost": 0.0, "Total Cost": 84515.36, "Plan Rows": 303948, "Plan Width": 8, "Filter": "(c_mktsegment = 'AUTOMOBILE'::bpchar), (LLVM Optimized)"}]}]}, {"Node Type": "Index Scan", "Parent Relationship": "Inner", "Scan Direction": "Forward", "Index Name": "idx_lineitem_orderkey", "Relation Name": "lineitem", "Alias": "lineitem", "Startup Cost": 0.0, "Total Cost": 1.35, "Plan Rows": 5, "Plan Width": 24, "Index Cond": "(l_orderkey = orders.o_orderkey)", "Filter": "(l_shipdate > '1995-03-13 00:00:00'::timestamp(0) without time zone)"}]}]}]}]}, "Unique SQL Id": 3929762122, "Planner Runtime": 0}, "explain_analyze_plan": {"Plan": {"Node Type": "Limit", "Startup Cost": 1829820.45, "Total Cost": 1829820.47, "Plan Rows": 10, "Plan Width": 44, "Actual Startup Time": 22258.734, "Actual Total Time": 22258.737, "Actual Rows": 10, "Actual Loops": 1, "Plans": [{"Node Type": "Sort", "Parent Relationship": "Outer", "Startup Cost": 1829820.45, "Total Cost": 1838718.56, "Plan Rows": 10, "Plan Width": 44, "Actual Startup Time": 22258.732, "Actual Total Time": 22258.733, "Actual Rows": 10, "Actual Loops": 1, "Sort Key": ["(sum((lineitem.l_extendedprice * (1::double precision - lineitem.l_discount)))) DESC", "orders.o_orderdate"], "Sort Method": "top-N heapsort", "Sort Space Used": 26, "Sort Space Type": "Memory", "Plans": [{"Node Type": "Aggregate", "Strategy": "Hashed", "Parent Relationship": "Outer", "Startup Cost": 1717313.93, "Total Cost": 1752906.4, "Plan Rows": 3559247, "Plan Width": 44, "Actual Startup Time": 22173.758, "Actual Total Time": 22231.615, "Actual Rows": 113719, "Actual Loops": 1, "Group By Key": ["lineitem.l_orderkey", "orders.o_orderdate", "orders.o_shippriority"], "Plans": [{"Node Type": "Nested Loop", "Parent Relationship": "Outer", "Join Type": "Inner", "Startup Cost": 257013.14, "Total Cost": 1663925.22, "Plan Rows": 3559247, "Plan Width": 36, "Actual Startup Time": 2984.674, "Actual Total Time": 21881.489, "Actual Rows": 300219, "Actual Loops": 1, "Inner Unique": false, "Plans": [{"Node Type": "Hash Join", "Parent Relationship": "Outer", "Join Type": "Inner", "Startup Cost": 257013.14, "Total Cost": 659380.88, "Plan Rows": 715772, "Plan Width": 20, "Actual Startup Time": 2984.449, "Actual Total Time": 9955.282, "Actual Rows": 1455173, "Actual Loops": 1, "Inner Unique": true, "Hash Cond": "(orders.o_custkey = customer.c_custkey), (LLVM Optimized, Jit Execute)", "Plans": [{"Node Type": "Bitmap Heap Scan", "Parent Relationship": "Outer", "Relation Name": "orders", "Alias": "orders", "Startup Cost": 168698.43, "Total Cost": 536495.14, "Plan Rows": 7310217, "Plan Width": 28, "Actual Startup Time": 1860.45, "Actual Total Time": 5689.544, "Actual Rows": 7276947, "Actual Loops": 1, "Recheck Cond": "(o_orderdate < '1995-03-13 00:00:00'::timestamp(0) without time zone), (LLVM Optimized, Jit Execute)", "Rows Removed by Index Recheck": 0, "Exact Heap Blocks": 276419, "Lossy Heap Blocks": 276419, "Plans": [{"Node Type": "Bitmap Index Scan", "Parent Relationship": "Outer", "Index Name": "idx_orders_orderdate", "Startup Cost": 0.0, "Total Cost": 166870.88, "Plan Rows": 7310217, "Plan Width": 0, "Actual Startup Time": 1772.184, "Actual Total Time": 1772.184, "Actual Rows": 7276947, "Actual Loops": 1, "Index Cond": "(o_orderdate < '1995-03-13 00:00:00'::timestamp(0) without time zone)"}]}, {"Node Type": "Hash", "Parent Relationship": "Inner", "Startup Cost": 84515.36, "Total Cost": 84515.36, "Plan Rows": 303948, "Plan Width": 8, "Actual Startup Time": 1123.612, "Actual Total Time": 1123.612, "Actual Rows": 300036, "Actual Loops": 1, "Hash Buckets": 524288, "Hash Batches": 1, "Original Hash Batches": 1, "Peak Memory Usage": 11721, "Plans": [{"Node Type": "Index Scan", "Parent Relationship": "Outer", "Scan Direction": "Forward", "Index Name": "customer_pkey", "Relation Name": "customer", "Alias": "customer", "Startup Cost": 0.0, "Total Cost": 84515.36, "Plan Rows": 303948, "Plan Width": 8, "Actual Startup Time": 0.065, "Actual Total Time": 1011.283, "Actual Rows": 300036, "Actual Loops": 1, "Filter": "(c_mktsegment = 'AUTOMOBILE'::bpchar), (LLVM Optimized, Jit Execute)", "Rows Removed by Filter": 1199964}]}]}, {"Node Type": "Index Scan", "Parent Relationship": "Inner", "Scan Direction": "Forward", "Index Name": "idx_lineitem_orderkey", "Relation Name": "lineitem", "Alias": "lineitem", "Startup Cost": 0.0, "Total Cost": 1.35, "Plan Rows": 5, "Plan Width": 24, "Actual Startup Time": 10827.429, "Actual Total Time": 11122.722, "Actual Rows": 300219, "Actual Loops": 1455173, "Index Cond": "(l_orderkey = orders.o_orderkey)", "Rows Removed by Index Recheck": 0, "Filter": "(l_shipdate > '1995-03-13 00:00:00'::timestamp(0) without time zone)", "Rows Removed by Filter": 5519788}]}]}]}]}, "Triggers": [], "Planner Runtime": 1.356, "Total Runtime": 22269.035, "Unique SQL Id": 3929762122}}, "(16, '34')": {"explain_plan": {"Plan": {"Node Type": "Limit", "Startup Cost": 3055991.15, "Total Cost": 3055991.17, "Plan Rows": 10, "Plan Width": 44, "Plans": [{"Node Type": "Sort", "Parent Relationship": "Outer", "Startup Cost": 3055991.15, "Total Cost": 3064889.27, "Plan Rows": 10, "Plan Width": 44, "Sort Key": ["(sum((lineitem.l_extendedprice * (1::double precision - lineitem.l_discount)))) DESC", "orders.o_orderdate"], "Plans": [{"Node Type": "Aggregate", "Strategy": "Hashed", "Parent Relationship": "Outer", "Startup Cost": 2943484.63, "Total Cost": 2979077.1, "Plan Rows": 3559247, "Plan Width": 44, "Group By Key": ["lineitem.l_orderkey", "orders.o_orderdate", "orders.o_shippriority"], "Plans": [{"Node Type": "Hash Join", "Parent Relationship": "Outer", "Join Type": "Inner", "Startup Cost": 567106.02, "Total Cost": 2890095.93, "Plan Rows": 3559247, "Plan Width": 36, "Inner Unique": false, "Hash Cond": "(lineitem.l_orderkey = orders.o_orderkey), (LLVM Optimized)", "Plans": [{"Node Type": "Seq Scan", "Parent Relationship": "Outer", "Relation Name": "lineitem", "Alias": "lineitem", "Startup Cost": 0.0, "Total Cost": 2165082.91, "Plan Rows": 32617206, "Plan Width": 24, "Filter": "(l_shipdate > '1995-03-13 00:00:00'::timestamp(0) without time zone), (LLVM Optimized)"}, {"Node Type": "Hash", "Parent Relationship": "Inner", "Startup Cost": 558158.87, "Total Cost": 558158.87, "Plan Rows": 715772, "Plan Width": 20, "Plans": [{"Node Type": "Hash Join", "Parent Relationship": "Outer", "Join Type": "Inner", "Startup Cost": 60061.08, "Total Cost": 558158.87, "Plan Rows": 715772, "Plan Width": 20, "Inner Unique": true, "Hash Cond": "(orders.o_custkey = customer.c_custkey), (LLVM Optimized)", "Plans": [{"Node Type": "Seq Scan", "Parent Relationship": "Outer", "Relation Name": "orders", "Alias": "orders", "Startup Cost": 385.73, "Total Cost": 463912.49, "Plan Rows": 7310217, "Plan Width": 28, "Filter": "(o_orderdate < '1995-03-13 00:00:00'::timestamp(0) without time zone), (LLVM Optimized)"}, {"Node Type": "Hash", "Parent Relationship": "Inner", "Startup Cost": 55876.0, "Total Cost": 55876.0, "Plan Rows": 303948, "Plan Width": 8, "Plans": [{"Node Type": "Seq Scan", "Parent Relationship": "Outer", "Relation Name": "customer", "Alias": "customer", "Startup Cost": 0.0, "Total Cost": 55876.0, "Plan Rows": 303948, "Plan Width": 8, "Filter": "(c_mktsegment = 'AUTOMOBILE'::bpchar), (LLVM Optimized)"}]}]}]}]}]}]}]}, "Unique SQL Id": 3929762122, "Planner Runtime": 0}, "explain_analyze_plan": {"Plan": {"Node Type": "Limit", "Startup Cost": 3055991.15, "Total Cost": 3055991.17, "Plan Rows": 10, "Plan Width": 44, "Actual Startup Time": 40025.392, "Actual Total Time": 40025.394, "Actual Rows": 10, "Actual Loops": 1, "Plans": [{"Node Type": "Sort", "Parent Relationship": "Outer", "Startup Cost": 3055991.15, "Total Cost": 3064889.27, "Plan Rows": 10, "Plan Width": 44, "Actual Startup Time": 40025.388, "Actual Total Time": 40025.39, "Actual Rows": 10, "Actual Loops": 1, "Sort Key": ["(sum((lineitem.l_extendedprice * (1::double precision - lineitem.l_discount)))) DESC", "orders.o_orderdate"], "Sort Method": "top-N heapsort", "Sort Space Used": 26, "Sort Space Type": "Memory", "Plans": [{"Node Type": "Aggregate", "Strategy": "Hashed", "Parent Relationship": "Outer", "Startup Cost": 2943484.63, "Total Cost": 2979077.1, "Plan Rows": 3559247, "Plan Width": 44, "Actual Startup Time": 39915.609, "Actual Total Time": 39997.925, "Actual Rows": 113719, "Actual Loops": 1, "Group By Key": ["lineitem.l_orderkey", "orders.o_orderdate", "orders.o_shippriority"], "Plans": [{"Node Type": "Hash Join", "Parent Relationship": "Outer", "Join Type": "Inner", "Startup Cost": 567106.02, "Total Cost": 2890095.93, "Plan Rows": 3559247, "Plan Width": 36, "Actual Startup Time": 8962.319, "Actual Total Time": 39619.186, "Actual Rows": 300219, "Actual Loops": 1, "Inner Unique": false, "Hash Cond": "(lineitem.l_orderkey = orders.o_orderkey), (LLVM Optimized, Jit Execute)", "Plans": [{"Node Type": "Seq Scan", "Parent Relationship": "Outer", "Relation Name": "lineitem", "Alias": "lineitem", "Startup Cost": 0.0, "Total Cost": 2165082.91, "Plan Rows": 32617206, "Plan Width": 24, "Actual Startup Time": 0.047, "Actual Total Time": 21133.06, "Actual Rows": 32384344, "Actual Loops": 1, "Filter": "(l_shipdate > '1995-03-13 00:00:00'::timestamp(0) without time zone), (LLVM Optimized, Jit Execute)", "Rows Removed by Filter": 27601708}, {"Node Type": "Hash", "Parent Relationship": "Inner", "Startup Cost": 558158.87, "Total Cost": 558158.87, "Plan Rows": 715772, "Plan Width": 20, "Actual Startup Time": 8960.726, "Actual Total Time": 8960.726, "Actual Rows": 1455173, "Actual Loops": 1, "Hash Buckets": 1048576, "Hash Batches": 1, "Original Hash Batches": 1, "Peak Memory Usage": 79580, "Plans": [{"Node Type": "Hash Join", "Parent Relationship": "Outer", "Join Type": "Inner", "Startup Cost": 60061.08, "Total Cost": 558158.87, "Plan Rows": 715772, "Plan Width": 20, "Actual Startup Time": 743.077, "Actual Total Time": 8364.754, "Actual Rows": 1455173, "Actual Loops": 1, "Inner Unique": true, "Hash Cond": "(orders.o_custkey = customer.c_custkey), (LLVM Optimized, Jit Execute)", "Plans": [{"Node Type": "Seq Scan", "Parent Relationship": "Outer", "Relation Name": "orders", "Alias": "orders", "Startup Cost": 385.73, "Total Cost": 463912.49, "Plan Rows": 7310217, "Plan Width": 28, "Actual Startup Time": 0.03, "Actual Total Time": 4801.961, "Actual Rows": 7276947, "Actual Loops": 1, "Filter": "(o_orderdate < '1995-03-13 00:00:00'::timestamp(0) without time zone), (LLVM Optimized, Jit Execute)", "Rows Removed by Filter": 7723053}, {"Node Type": "Hash", "Parent Relationship": "Inner", "Startup Cost": 55876.0, "Total Cost": 55876.0, "Plan Rows": 303948, "Plan Width": 8, "Actual Startup Time": 742.689, "Actual Total Time": 742.689, "Actual Rows": 300036, "Actual Loops": 1, "Hash Buckets": 524288, "Hash Batches": 1, "Original Hash Batches": 1, "Peak Memory Usage": 11721, "Plans": [{"Node Type": "Seq Scan", "Parent Relationship": "Outer", "Relation Name": "customer", "Alias": "customer", "Startup Cost": 0.0, "Total Cost": 55876.0, "Plan Rows": 303948, "Plan Width": 8, "Actual Startup Time": 0.019, "Actual Total Time": 655.461, "Actual Rows": 300036, "Actual Loops": 1, "Filter": "(c_mktsegment = 'AUTOMOBILE'::bpchar), (LLVM Optimized, Jit Execute)", "Rows Removed by Filter": 1199964}]}]}]}]}]}]}]}, "Triggers": [], "Planner Runtime": 1.242, "Total Runtime": 40035.753, "Unique SQL Id": 3929762122}}, "(16, '35')": {"explain_plan": {"Plan": {"Node Type": "Limit", "Startup Cost": 35345596.54, "Total Cost": 35345596.56, "Plan Rows": 10, "Plan Width": 44, "Plans": [{"Node Type": "Sort", "Parent Relationship": "Outer", "Startup Cost": 35345596.54, "Total Cost": 35354494.65, "Plan Rows": 10, "Plan Width": 44, "Sort Key": ["(sum((lineitem.l_extendedprice * (1::double precision - lineitem.l_discount)))) DESC", "orders.o_orderdate"], "Plans": [{"Node Type": "Aggregate", "Strategy": "Hashed", "Parent Relationship": "Outer", "Startup Cost": 35233090.02, "Total Cost": 35268682.49, "Plan Rows": 3559247, "Plan Width": 44, "Group By Key": ["lineitem.l_orderkey", "orders.o_orderdate", "orders.o_shippriority"], "Plans": [{"Node Type": "Nested Loop", "Parent Relationship": "Outer", "Join Type": "Inner", "Startup Cost": 168699.14, "Total Cost": 35179701.31, "Plan Rows": 3559247, "Plan Width": 36, "Inner Unique": false, "Plans": [{"Node Type": "Nested Loop", "Parent Relationship": "Outer", "Join Type": "Inner", "Startup Cost": 168698.69, "Total Cost": 31865463.0, "Plan Rows": 715772, "Plan Width": 20, "Inner Unique": true, "Plans": [{"Node Type": "Bitmap Heap Scan", "Parent Relationship": "Outer", "Relation Name": "orders", "Alias": "orders", "Startup Cost": 168698.43, "Total Cost": 536495.14, "Plan Rows": 7310217, "Plan Width": 28, "Recheck Cond": "(o_orderdate < '1995-03-13 00:00:00'::timestamp(0) without time zone), (LLVM Optimized)", "Plans": [{"Node Type": "Bitmap Index Scan", "Parent Relationship": "Outer", "Index Name": "idx_orders_orderdate", "Startup Cost": 0.0, "Total Cost": 166870.88, "Plan Rows": 7310217, "Plan Width": 0, "Index Cond": "(o_orderdate < '1995-03-13 00:00:00'::timestamp(0) without time zone)"}]}, {"Node Type": "Bitmap Heap Scan", "Parent Relationship": "Inner", "Relation Name": "customer", "Alias": "customer", "Startup Cost": 0.26, "Total Cost": 4.28, "Plan Rows": 1, "Plan Width": 8, "Recheck Cond": "(c_custkey = orders.o_custkey)", "Filter": "(c_mktsegment = 'AUTOMOBILE'::bpchar)", "Plans": [{"Node Type": "Bitmap Index Scan", "Parent Relationship": "Outer", "Index Name": "customer_pkey", "Startup Cost": 0.0, "Total Cost": 0.26, "Plan Rows": 1, "Plan Width": 0, "Index Cond": "(c_custkey = orders.o_custkey)"}]}]}, {"Node Type": "Bitmap Heap Scan", "Parent Relationship": "Inner", "Relation Name": "lineitem", "Alias": "lineitem", "Startup Cost": 0.45, "Total Cost": 4.58, "Plan Rows": 5, "Plan Width": 24, "Recheck Cond": "(l_orderkey = orders.o_orderkey)", "Filter": "(l_shipdate > '1995-03-13 00:00:00'::timestamp(0) without time zone)", "Plans": [{"Node Type": "Bitmap Index Scan", "Parent Relationship": "Outer", "Index Name": "idx_lineitem_orderkey", "Startup Cost": 0.0, "Total Cost": 0.44, "Plan Rows": 9, "Plan Width": 0, "Index Cond": "(l_orderkey = orders.o_orderkey)"}]}]}]}]}]}, "Unique SQL Id": 3929762122, "Planner Runtime": 0}, "explain_analyze_plan": null}, "(16, '36')": {"explain_plan": {"Plan": {"Node Type": "Limit", "Startup Cost": 1728598.43, "Total Cost": 1728598.46, "Plan Rows": 10, "Plan Width": 44, "Plans": [{"Node Type": "Sort", "Parent Relationship": "Outer", "Startup Cost": 1728598.43, "Total Cost": 1737496.55, "Plan Rows": 10, "Plan Width": 44, "Sort Key": ["(sum((lineitem.l_extendedprice * (1::double precision - lineitem.l_discount)))) DESC", "orders.o_orderdate"], "Plans": [{"Node Type": "Aggregate", "Strategy": "Hashed", "Parent Relationship": "Outer", "Startup Cost": 1616091.91, "Total Cost": 1651684.38, "Plan Rows": 3559247, "Plan Width": 44, "Group By Key": ["lineitem.l_orderkey", "orders.o_orderdate", "orders.o_shippriority"], "Plans": [{"Node Type": "Nested Loop", "Parent Relationship": "Outer", "Join Type": "Inner", "Startup Cost": 60061.08, "Total Cost": 1562703.21, "Plan Rows": 3559247, "Plan Width": 36, "Inner Unique": false, "Plans": [{"Node Type": "Hash Join", "Parent Relationship": "Outer", "Join Type": "Inner", "Startup Cost": 60061.08, "Total Cost": 558158.87, "Plan Rows": 715772, "Plan Width": 20, "Inner Unique": true, "Hash Cond": "(orders.o_custkey = customer.c_custkey), (LLVM Optimized)", "Plans": [{"Node Type": "Seq Scan", "Parent Relationship": "Outer", "Relation Name": "orders", "Alias": "orders", "Startup Cost": 385.73, "Total Cost": 463912.49, "Plan Rows": 7310217, "Plan Width": 28, "Filter": "(o_orderdate < '1995-03-13 00:00:00'::timestamp(0) without time zone), (LLVM Optimized)"}, {"Node Type": "Hash", "Parent Relationship": "Inner", "Startup Cost": 55876.0, "Total Cost": 55876.0, "Plan Rows": 303948, "Plan Width": 8, "Plans": [{"Node Type": "Seq Scan", "Parent Relationship": "Outer", "Relation Name": "customer", "Alias": "customer", "Startup Cost": 0.0, "Total Cost": 55876.0, "Plan Rows": 303948, "Plan Width": 8, "Filter": "(c_mktsegment = 'AUTOMOBILE'::bpchar), (LLVM Optimized)"}]}]}, {"Node Type": "Index Scan", "Parent Relationship": "Inner", "Scan Direction": "Forward", "Index Name": "idx_lineitem_orderkey", "Relation Name": "lineitem", "Alias": "lineitem", "Startup Cost": 0.0, "Total Cost": 1.35, "Plan Rows": 5, "Plan Width": 24, "Index Cond": "(l_orderkey = orders.o_orderkey)", "Filter": "(l_shipdate > '1995-03-13 00:00:00'::timestamp(0) without time zone)"}]}]}]}]}, "Unique SQL Id": 3929762122, "Planner Runtime": 0}, "explain_analyze_plan": {"Plan": {"Node Type": "Limit", "Startup Cost": 1728598.43, "Total Cost": 1728598.46, "Plan Rows": 10, "Plan Width": 44, "Actual Startup Time": 21274.526, "Actual Total Time": 21274.53, "Actual Rows": 10, "Actual Loops": 1, "Plans": [{"Node Type": "Sort", "Parent Relationship": "Outer", "Startup Cost": 1728598.43, "Total Cost": 1737496.55, "Plan Rows": 10, "Plan Width": 44, "Actual Startup Time": 21274.522, "Actual Total Time": 21274.523, "Actual Rows": 10, "Actual Loops": 1, "Sort Key": ["(sum((lineitem.l_extendedprice * (1::double precision - lineitem.l_discount)))) DESC", "orders.o_orderdate"], "Sort Method": "top-N heapsort", "Sort Space Used": 26, "Sort Space Type": "Memory", "Plans": [{"Node Type": "Aggregate", "Strategy": "Hashed", "Parent Relationship": "Outer", "Startup Cost": 1616091.91, "Total Cost": 1651684.38, "Plan Rows": 3559247, "Plan Width": 44, "Actual Startup Time": 21187.648, "Actual Total Time": 21247.237, "Actual Rows": 113719, "Actual Loops": 1, "Group By Key": ["lineitem.l_orderkey", "orders.o_orderdate", "orders.o_shippriority"], "Plans": [{"Node Type": "Nested Loop", "Parent Relationship": "Outer", "Join Type": "Inner", "Startup Cost": 60061.08, "Total Cost": 1562703.21, "Plan Rows": 3559247, "Plan Width": 36, "Actual Startup Time": 793.168, "Actual Total Time": 20886.923, "Actual Rows": 300219, "Actual Loops": 1, "Inner Unique": false, "Plans": [{"Node Type": "Hash Join", "Parent Relationship": "Outer", "Join Type": "Inner", "Startup Cost": 60061.08, "Total Cost": 558158.87, "Plan Rows": 715772, "Plan Width": 20, "Actual Startup Time": 792.942, "Actual Total Time": 8869.255, "Actual Rows": 1455173, "Actual Loops": 1, "Inner Unique": true, "Hash Cond": "(orders.o_custkey = customer.c_custkey), (LLVM Optimized, Jit Execute)", "Plans": [{"Node Type": "Seq Scan", "Parent Relationship": "Outer", "Relation Name": "orders", "Alias": "orders", "Startup Cost": 385.73, "Total Cost": 463912.49, "Plan Rows": 7310217, "Plan Width": 28, "Actual Startup Time": 0.046, "Actual Total Time": 4908.861, "Actual Rows": 7276947, "Actual Loops": 1, "Filter": "(o_orderdate < '1995-03-13 00:00:00'::timestamp(0) without time zone), (LLVM Optimized, Jit Execute)", "Rows Removed by Filter": 7723053}, {"Node Type": "Hash", "Parent Relationship": "Inner", "Startup Cost": 55876.0, "Total Cost": 55876.0, "Plan Rows": 303948, "Plan Width": 8, "Actual Startup Time": 792.498, "Actual Total Time": 792.498, "Actual Rows": 300036, "Actual Loops": 1, "Hash Buckets": 524288, "Hash Batches": 1, "Original Hash Batches": 1, "Peak Memory Usage": 11721, "Plans": [{"Node Type": "Seq Scan", "Parent Relationship": "Outer", "Relation Name": "customer", "Alias": "customer", "Startup Cost": 0.0, "Total Cost": 55876.0, "Plan Rows": 303948, "Plan Width": 8, "Actual Startup Time": 0.027, "Actual Total Time": 665.896, "Actual Rows": 300036, "Actual Loops": 1, "Filter": "(c_mktsegment = 'AUTOMOBILE'::bpchar), (LLVM Optimized, Jit Execute)", "Rows Removed by Filter": 1199964}]}]}, {"Node Type": "Index Scan", "Parent Relationship": "Inner", "Scan Direction": "Forward", "Index Name": "idx_lineitem_orderkey", "Relation Name": "lineitem", "Alias": "lineitem", "Startup Cost": 0.0, "Total Cost": 1.35, "Plan Rows": 5, "Plan Width": 24, "Actual Startup Time": 10931.776, "Actual Total Time": 11224.045, "Actual Rows": 300219, "Actual Loops": 1455173, "Index Cond": "(l_orderkey = orders.o_orderkey)", "Rows Removed by Index Recheck": 0, "Filter": "(l_shipdate > '1995-03-13 00:00:00'::timestamp(0) without time zone)", "Rows Removed by Filter": 5519788}]}]}]}]}, "Triggers": [], "Planner Runtime": 1.3, "Total Runtime": 21284.503, "Unique SQL Id": 3929762122}}, "(16, '37')": {"explain_plan": {"Plan": {"Node Type": "Limit", "Startup Cost": 1829820.45, "Total Cost": 1829820.47, "Plan Rows": 10, "Plan Width": 44, "Plans": [{"Node Type": "Sort", "Parent Relationship": "Outer", "Startup Cost": 1829820.45, "Total Cost": 1838718.56, "Plan Rows": 10, "Plan Width": 44, "Sort Key": ["(sum((lineitem.l_extendedprice * (1::double precision - lineitem.l_discount)))) DESC", "orders.o_orderdate"], "Plans": [{"Node Type": "Aggregate", "Strategy": "Hashed", "Parent Relationship": "Outer", "Startup Cost": 1717313.93, "Total Cost": 1752906.4, "Plan Rows": 3559247, "Plan Width": 44, "Group By Key": ["lineitem.l_orderkey", "orders.o_orderdate", "orders.o_shippriority"], "Plans": [{"Node Type": "Nested Loop", "Parent Relationship": "Outer", "Join Type": "Inner", "Startup Cost": 257013.14, "Total Cost": 1663925.22, "Plan Rows": 3559247, "Plan Width": 36, "Inner Unique": false, "Plans": [{"Node Type": "Hash Join", "Parent Relationship": "Outer", "Join Type": "Inner", "Startup Cost": 257013.14, "Total Cost": 659380.88, "Plan Rows": 715772, "Plan Width": 20, "Inner Unique": true, "Hash Cond": "(orders.o_custkey = customer.c_custkey), (LLVM Optimized)", "Plans": [{"Node Type": "Bitmap Heap Scan", "Parent Relationship": "Outer", "Relation Name": "orders", "Alias": "orders", "Startup Cost": 168698.43, "Total Cost": 536495.14, "Plan Rows": 7310217, "Plan Width": 28, "Recheck Cond": "(o_orderdate < '1995-03-13 00:00:00'::timestamp(0) without time zone), (LLVM Optimized)", "Plans": [{"Node Type": "Bitmap Index Scan", "Parent Relationship": "Outer", "Index Name": "idx_orders_orderdate", "Startup Cost": 0.0, "Total Cost": 166870.88, "Plan Rows": 7310217, "Plan Width": 0, "Index Cond": "(o_orderdate < '1995-03-13 00:00:00'::timestamp(0) without time zone)"}]}, {"Node Type": "Hash", "Parent Relationship": "Inner", "Startup Cost": 84515.36, "Total Cost": 84515.36, "Plan Rows": 303948, "Plan Width": 8, "Plans": [{"Node Type": "Index Scan", "Parent Relationship": "Outer", "Scan Direction": "Forward", "Index Name": "customer_pkey", "Relation Name": "customer", "Alias": "customer", "Startup Cost": 0.0, "Total Cost": 84515.36, "Plan Rows": 303948, "Plan Width": 8, "Filter": "(c_mktsegment = 'AUTOMOBILE'::bpchar), (LLVM Optimized)"}]}]}, {"Node Type": "Index Scan", "Parent Relationship": "Inner", "Scan Direction": "Forward", "Index Name": "idx_lineitem_orderkey", "Relation Name": "lineitem", "Alias": "lineitem", "Startup Cost": 0.0, "Total Cost": 1.35, "Plan Rows": 5, "Plan Width": 24, "Index Cond": "(l_orderkey = orders.o_orderkey)", "Filter": "(l_shipdate > '1995-03-13 00:00:00'::timestamp(0) without time zone)"}]}]}]}]}, "Unique SQL Id": 3929762122, "Planner Runtime": 0}, "explain_analyze_plan": {"Plan": {"Node Type": "Limit", "Startup Cost": 1829820.45, "Total Cost": 1829820.47, "Plan Rows": 10, "Plan Width": 44, "Actual Startup Time": 22258.734, "Actual Total Time": 22258.737, "Actual Rows": 10, "Actual Loops": 1, "Plans": [{"Node Type": "Sort", "Parent Relationship": "Outer", "Startup Cost": 1829820.45, "Total Cost": 1838718.56, "Plan Rows": 10, "Plan Width": 44, "Actual Startup Time": 22258.732, "Actual Total Time": 22258.733, "Actual Rows": 10, "Actual Loops": 1, "Sort Key": ["(sum((lineitem.l_extendedprice * (1::double precision - lineitem.l_discount)))) DESC", "orders.o_orderdate"], "Sort Method": "top-N heapsort", "Sort Space Used": 26, "Sort Space Type": "Memory", "Plans": [{"Node Type": "Aggregate", "Strategy": "Hashed", "Parent Relationship": "Outer", "Startup Cost": 1717313.93, "Total Cost": 1752906.4, "Plan Rows": 3559247, "Plan Width": 44, "Actual Startup Time": 22173.758, "Actual Total Time": 22231.615, "Actual Rows": 113719, "Actual Loops": 1, "Group By Key": ["lineitem.l_orderkey", "orders.o_orderdate", "orders.o_shippriority"], "Plans": [{"Node Type": "Nested Loop", "Parent Relationship": "Outer", "Join Type": "Inner", "Startup Cost": 257013.14, "Total Cost": 1663925.22, "Plan Rows": 3559247, "Plan Width": 36, "Actual Startup Time": 2984.674, "Actual Total Time": 21881.489, "Actual Rows": 300219, "Actual Loops": 1, "Inner Unique": false, "Plans": [{"Node Type": "Hash Join", "Parent Relationship": "Outer", "Join Type": "Inner", "Startup Cost": 257013.14, "Total Cost": 659380.88, "Plan Rows": 715772, "Plan Width": 20, "Actual Startup Time": 2984.449, "Actual Total Time": 9955.282, "Actual Rows": 1455173, "Actual Loops": 1, "Inner Unique": true, "Hash Cond": "(orders.o_custkey = customer.c_custkey), (LLVM Optimized, Jit Execute)", "Plans": [{"Node Type": "Bitmap Heap Scan", "Parent Relationship": "Outer", "Relation Name": "orders", "Alias": "orders", "Startup Cost": 168698.43, "Total Cost": 536495.14, "Plan Rows": 7310217, "Plan Width": 28, "Actual Startup Time": 1860.45, "Actual Total Time": 5689.544, "Actual Rows": 7276947, "Actual Loops": 1, "Recheck Cond": "(o_orderdate < '1995-03-13 00:00:00'::timestamp(0) without time zone), (LLVM Optimized, Jit Execute)", "Rows Removed by Index Recheck": 0, "Exact Heap Blocks": 276419, "Lossy Heap Blocks": 276419, "Plans": [{"Node Type": "Bitmap Index Scan", "Parent Relationship": "Outer", "Index Name": "idx_orders_orderdate", "Startup Cost": 0.0, "Total Cost": 166870.88, "Plan Rows": 7310217, "Plan Width": 0, "Actual Startup Time": 1772.184, "Actual Total Time": 1772.184, "Actual Rows": 7276947, "Actual Loops": 1, "Index Cond": "(o_orderdate < '1995-03-13 00:00:00'::timestamp(0) without time zone)"}]}, {"Node Type": "Hash", "Parent Relationship": "Inner", "Startup Cost": 84515.36, "Total Cost": 84515.36, "Plan Rows": 303948, "Plan Width": 8, "Actual Startup Time": 1123.612, "Actual Total Time": 1123.612, "Actual Rows": 300036, "Actual Loops": 1, "Hash Buckets": 524288, "Hash Batches": 1, "Original Hash Batches": 1, "Peak Memory Usage": 11721, "Plans": [{"Node Type": "Index Scan", "Parent Relationship": "Outer", "Scan Direction": "Forward", "Index Name": "customer_pkey", "Relation Name": "customer", "Alias": "customer", "Startup Cost": 0.0, "Total Cost": 84515.36, "Plan Rows": 303948, "Plan Width": 8, "Actual Startup Time": 0.065, "Actual Total Time": 1011.283, "Actual Rows": 300036, "Actual Loops": 1, "Filter": "(c_mktsegment = 'AUTOMOBILE'::bpchar), (LLVM Optimized, Jit Execute)", "Rows Removed by Filter": 1199964}]}]}, {"Node Type": "Index Scan", "Parent Relationship": "Inner", "Scan Direction": "Forward", "Index Name": "idx_lineitem_orderkey", "Relation Name": "lineitem", "Alias": "lineitem", "Startup Cost": 0.0, "Total Cost": 1.35, "Plan Rows": 5, "Plan Width": 24, "Actual Startup Time": 10827.429, "Actual Total Time": 11122.722, "Actual Rows": 300219, "Actual Loops": 1455173, "Index Cond": "(l_orderkey = orders.o_orderkey)", "Rows Removed by Index Recheck": 0, "Filter": "(l_shipdate > '1995-03-13 00:00:00'::timestamp(0) without time zone)", "Rows Removed by Filter": 5519788}]}]}]}]}, "Triggers": [], "Planner Runtime": 1.356, "Total Runtime": 22269.035, "Unique SQL Id": 3929762122}}, "(16, '38')": {"explain_plan": {"Plan": {"Node Type": "Limit", "Startup Cost": 3055991.15, "Total Cost": 3055991.17, "Plan Rows": 10, "Plan Width": 44, "Plans": [{"Node Type": "Sort", "Parent Relationship": "Outer", "Startup Cost": 3055991.15, "Total Cost": 3064889.27, "Plan Rows": 10, "Plan Width": 44, "Sort Key": ["(sum((lineitem.l_extendedprice * (1::double precision - lineitem.l_discount)))) DESC", "orders.o_orderdate"], "Plans": [{"Node Type": "Aggregate", "Strategy": "Hashed", "Parent Relationship": "Outer", "Startup Cost": 2943484.63, "Total Cost": 2979077.1, "Plan Rows": 3559247, "Plan Width": 44, "Group By Key": ["lineitem.l_orderkey", "orders.o_orderdate", "orders.o_shippriority"], "Plans": [{"Node Type": "Hash Join", "Parent Relationship": "Outer", "Join Type": "Inner", "Startup Cost": 567106.02, "Total Cost": 2890095.93, "Plan Rows": 3559247, "Plan Width": 36, "Inner Unique": false, "Hash Cond": "(lineitem.l_orderkey = orders.o_orderkey), (LLVM Optimized)", "Plans": [{"Node Type": "Seq Scan", "Parent Relationship": "Outer", "Relation Name": "lineitem", "Alias": "lineitem", "Startup Cost": 0.0, "Total Cost": 2165082.91, "Plan Rows": 32617206, "Plan Width": 24, "Filter": "(l_shipdate > '1995-03-13 00:00:00'::timestamp(0) without time zone), (LLVM Optimized)"}, {"Node Type": "Hash", "Parent Relationship": "Inner", "Startup Cost": 558158.87, "Total Cost": 558158.87, "Plan Rows": 715772, "Plan Width": 20, "Plans": [{"Node Type": "Hash Join", "Parent Relationship": "Outer", "Join Type": "Inner", "Startup Cost": 60061.08, "Total Cost": 558158.87, "Plan Rows": 715772, "Plan Width": 20, "Inner Unique": true, "Hash Cond": "(orders.o_custkey = customer.c_custkey), (LLVM Optimized)", "Plans": [{"Node Type": "Seq Scan", "Parent Relationship": "Outer", "Relation Name": "orders", "Alias": "orders", "Startup Cost": 385.73, "Total Cost": 463912.49, "Plan Rows": 7310217, "Plan Width": 28, "Filter": "(o_orderdate < '1995-03-13 00:00:00'::timestamp(0) without time zone), (LLVM Optimized)"}, {"Node Type": "Hash", "Parent Relationship": "Inner", "Startup Cost": 55876.0, "Total Cost": 55876.0, "Plan Rows": 303948, "Plan Width": 8, "Plans": [{"Node Type": "Seq Scan", "Parent Relationship": "Outer", "Relation Name": "customer", "Alias": "customer", "Startup Cost": 0.0, "Total Cost": 55876.0, "Plan Rows": 303948, "Plan Width": 8, "Filter": "(c_mktsegment = 'AUTOMOBILE'::bpchar), (LLVM Optimized)"}]}]}]}]}]}]}]}, "Unique SQL Id": 3929762122, "Planner Runtime": 0}, "explain_analyze_plan": {"Plan": {"Node Type": "Limit", "Startup Cost": 3055991.15, "Total Cost": 3055991.17, "Plan Rows": 10, "Plan Width": 44, "Actual Startup Time": 40025.392, "Actual Total Time": 40025.394, "Actual Rows": 10, "Actual Loops": 1, "Plans": [{"Node Type": "Sort", "Parent Relationship": "Outer", "Startup Cost": 3055991.15, "Total Cost": 3064889.27, "Plan Rows": 10, "Plan Width": 44, "Actual Startup Time": 40025.388, "Actual Total Time": 40025.39, "Actual Rows": 10, "Actual Loops": 1, "Sort Key": ["(sum((lineitem.l_extendedprice * (1::double precision - lineitem.l_discount)))) DESC", "orders.o_orderdate"], "Sort Method": "top-N heapsort", "Sort Space Used": 26, "Sort Space Type": "Memory", "Plans": [{"Node Type": "Aggregate", "Strategy": "Hashed", "Parent Relationship": "Outer", "Startup Cost": 2943484.63, "Total Cost": 2979077.1, "Plan Rows": 3559247, "Plan Width": 44, "Actual Startup Time": 39915.609, "Actual Total Time": 39997.925, "Actual Rows": 113719, "Actual Loops": 1, "Group By Key": ["lineitem.l_orderkey", "orders.o_orderdate", "orders.o_shippriority"], "Plans": [{"Node Type": "Hash Join", "Parent Relationship": "Outer", "Join Type": "Inner", "Startup Cost": 567106.02, "Total Cost": 2890095.93, "Plan Rows": 3559247, "Plan Width": 36, "Actual Startup Time": 8962.319, "Actual Total Time": 39619.186, "Actual Rows": 300219, "Actual Loops": 1, "Inner Unique": false, "Hash Cond": "(lineitem.l_orderkey = orders.o_orderkey), (LLVM Optimized, Jit Execute)", "Plans": [{"Node Type": "Seq Scan", "Parent Relationship": "Outer", "Relation Name": "lineitem", "Alias": "lineitem", "Startup Cost": 0.0, "Total Cost": 2165082.91, "Plan Rows": 32617206, "Plan Width": 24, "Actual Startup Time": 0.047, "Actual Total Time": 21133.06, "Actual Rows": 32384344, "Actual Loops": 1, "Filter": "(l_shipdate > '1995-03-13 00:00:00'::timestamp(0) without time zone), (LLVM Optimized, Jit Execute)", "Rows Removed by Filter": 27601708}, {"Node Type": "Hash", "Parent Relationship": "Inner", "Startup Cost": 558158.87, "Total Cost": 558158.87, "Plan Rows": 715772, "Plan Width": 20, "Actual Startup Time": 8960.726, "Actual Total Time": 8960.726, "Actual Rows": 1455173, "Actual Loops": 1, "Hash Buckets": 1048576, "Hash Batches": 1, "Original Hash Batches": 1, "Peak Memory Usage": 79580, "Plans": [{"Node Type": "Hash Join", "Parent Relationship": "Outer", "Join Type": "Inner", "Startup Cost": 60061.08, "Total Cost": 558158.87, "Plan Rows": 715772, "Plan Width": 20, "Actual Startup Time": 743.077, "Actual Total Time": 8364.754, "Actual Rows": 1455173, "Actual Loops": 1, "Inner Unique": true, "Hash Cond": "(orders.o_custkey = customer.c_custkey), (LLVM Optimized, Jit Execute)", "Plans": [{"Node Type": "Seq Scan", "Parent Relationship": "Outer", "Relation Name": "orders", "Alias": "orders", "Startup Cost": 385.73, "Total Cost": 463912.49, "Plan Rows": 7310217, "Plan Width": 28, "Actual Startup Time": 0.03, "Actual Total Time": 4801.961, "Actual Rows": 7276947, "Actual Loops": 1, "Filter": "(o_orderdate < '1995-03-13 00:00:00'::timestamp(0) without time zone), (LLVM Optimized, Jit Execute)", "Rows Removed by Filter": 7723053}, {"Node Type": "Hash", "Parent Relationship": "Inner", "Startup Cost": 55876.0, "Total Cost": 55876.0, "Plan Rows": 303948, "Plan Width": 8, "Actual Startup Time": 742.689, "Actual Total Time": 742.689, "Actual Rows": 300036, "Actual Loops": 1, "Hash Buckets": 524288, "Hash Batches": 1, "Original Hash Batches": 1, "Peak Memory Usage": 11721, "Plans": [{"Node Type": "Seq Scan", "Parent Relationship": "Outer", "Relation Name": "customer", "Alias": "customer", "Startup Cost": 0.0, "Total Cost": 55876.0, "Plan Rows": 303948, "Plan Width": 8, "Actual Startup Time": 0.019, "Actual Total Time": 655.461, "Actual Rows": 300036, "Actual Loops": 1, "Filter": "(c_mktsegment = 'AUTOMOBILE'::bpchar), (LLVM Optimized, Jit Execute)", "Rows Removed by Filter": 1199964}]}]}]}]}]}]}]}, "Triggers": [], "Planner Runtime": 1.242, "Total Runtime": 40035.753, "Unique SQL Id": 3929762122}}, "(16, '39')": {"explain_plan": {"Plan": {"Node Type": "Limit", "Startup Cost": 35345596.54, "Total Cost": 35345596.56, "Plan Rows": 10, "Plan Width": 44, "Plans": [{"Node Type": "Sort", "Parent Relationship": "Outer", "Startup Cost": 35345596.54, "Total Cost": 35354494.65, "Plan Rows": 10, "Plan Width": 44, "Sort Key": ["(sum((lineitem.l_extendedprice * (1::double precision - lineitem.l_discount)))) DESC", "orders.o_orderdate"], "Plans": [{"Node Type": "Aggregate", "Strategy": "Hashed", "Parent Relationship": "Outer", "Startup Cost": 35233090.02, "Total Cost": 35268682.49, "Plan Rows": 3559247, "Plan Width": 44, "Group By Key": ["lineitem.l_orderkey", "orders.o_orderdate", "orders.o_shippriority"], "Plans": [{"Node Type": "Nested Loop", "Parent Relationship": "Outer", "Join Type": "Inner", "Startup Cost": 168699.14, "Total Cost": 35179701.31, "Plan Rows": 3559247, "Plan Width": 36, "Inner Unique": false, "Plans": [{"Node Type": "Nested Loop", "Parent Relationship": "Outer", "Join Type": "Inner", "Startup Cost": 168698.69, "Total Cost": 31865463.0, "Plan Rows": 715772, "Plan Width": 20, "Inner Unique": true, "Plans": [{"Node Type": "Bitmap Heap Scan", "Parent Relationship": "Outer", "Relation Name": "orders", "Alias": "orders", "Startup Cost": 168698.43, "Total Cost": 536495.14, "Plan Rows": 7310217, "Plan Width": 28, "Recheck Cond": "(o_orderdate < '1995-03-13 00:00:00'::timestamp(0) without time zone), (LLVM Optimized)", "Plans": [{"Node Type": "Bitmap Index Scan", "Parent Relationship": "Outer", "Index Name": "idx_orders_orderdate", "Startup Cost": 0.0, "Total Cost": 166870.88, "Plan Rows": 7310217, "Plan Width": 0, "Index Cond": "(o_orderdate < '1995-03-13 00:00:00'::timestamp(0) without time zone)"}]}, {"Node Type": "Bitmap Heap Scan", "Parent Relationship": "Inner", "Relation Name": "customer", "Alias": "customer", "Startup Cost": 0.26, "Total Cost": 4.28, "Plan Rows": 1, "Plan Width": 8, "Recheck Cond": "(c_custkey = orders.o_custkey)", "Filter": "(c_mktsegment = 'AUTOMOBILE'::bpchar)", "Plans": [{"Node Type": "Bitmap Index Scan", "Parent Relationship": "Outer", "Index Name": "customer_pkey", "Startup Cost": 0.0, "Total Cost": 0.26, "Plan Rows": 1, "Plan Width": 0, "Index Cond": "(c_custkey = orders.o_custkey)"}]}]}, {"Node Type": "Bitmap Heap Scan", "Parent Relationship": "Inner", "Relation Name": "lineitem", "Alias": "lineitem", "Startup Cost": 0.45, "Total Cost": 4.58, "Plan Rows": 5, "Plan Width": 24, "Recheck Cond": "(l_orderkey = orders.o_orderkey)", "Filter": "(l_shipdate > '1995-03-13 00:00:00'::timestamp(0) without time zone)", "Plans": [{"Node Type": "Bitmap Index Scan", "Parent Relationship": "Outer", "Index Name": "idx_lineitem_orderkey", "Startup Cost": 0.0, "Total Cost": 0.44, "Plan Rows": 9, "Plan Width": 0, "Index Cond": "(l_orderkey = orders.o_orderkey)"}]}]}]}]}]}, "Unique SQL Id": 3929762122, "Planner Runtime": 0}, "explain_analyze_plan": null}, "(16, '40')": {"explain_plan": {"Plan": {"Node Type": "Limit", "Startup Cost": 1728598.43, "Total Cost": 1728598.46, "Plan Rows": 10, "Plan Width": 44, "Plans": [{"Node Type": "Sort", "Parent Relationship": "Outer", "Startup Cost": 1728598.43, "Total Cost": 1737496.55, "Plan Rows": 10, "Plan Width": 44, "Sort Key": ["(sum((lineitem.l_extendedprice * (1::double precision - lineitem.l_discount)))) DESC", "orders.o_orderdate"], "Plans": [{"Node Type": "Aggregate", "Strategy": "Hashed", "Parent Relationship": "Outer", "Startup Cost": 1616091.91, "Total Cost": 1651684.38, "Plan Rows": 3559247, "Plan Width": 44, "Group By Key": ["lineitem.l_orderkey", "orders.o_orderdate", "orders.o_shippriority"], "Plans": [{"Node Type": "Nested Loop", "Parent Relationship": "Outer", "Join Type": "Inner", "Startup Cost": 60061.08, "Total Cost": 1562703.21, "Plan Rows": 3559247, "Plan Width": 36, "Inner Unique": false, "Plans": [{"Node Type": "Hash Join", "Parent Relationship": "Outer", "Join Type": "Inner", "Startup Cost": 60061.08, "Total Cost": 558158.87, "Plan Rows": 715772, "Plan Width": 20, "Inner Unique": true, "Hash Cond": "(orders.o_custkey = customer.c_custkey), (LLVM Optimized)", "Plans": [{"Node Type": "Seq Scan", "Parent Relationship": "Outer", "Relation Name": "orders", "Alias": "orders", "Startup Cost": 385.73, "Total Cost": 463912.49, "Plan Rows": 7310217, "Plan Width": 28, "Filter": "(o_orderdate < '1995-03-13 00:00:00'::timestamp(0) without time zone), (LLVM Optimized)"}, {"Node Type": "Hash", "Parent Relationship": "Inner", "Startup Cost": 55876.0, "Total Cost": 55876.0, "Plan Rows": 303948, "Plan Width": 8, "Plans": [{"Node Type": "Seq Scan", "Parent Relationship": "Outer", "Relation Name": "customer", "Alias": "customer", "Startup Cost": 0.0, "Total Cost": 55876.0, "Plan Rows": 303948, "Plan Width": 8, "Filter": "(c_mktsegment = 'AUTOMOBILE'::bpchar), (LLVM Optimized)"}]}]}, {"Node Type": "Index Scan", "Parent Relationship": "Inner", "Scan Direction": "Forward", "Index Name": "idx_lineitem_orderkey", "Relation Name": "lineitem", "Alias": "lineitem", "Startup Cost": 0.0, "Total Cost": 1.35, "Plan Rows": 5, "Plan Width": 24, "Index Cond": "(l_orderkey = orders.o_orderkey)", "Filter": "(l_shipdate > '1995-03-13 00:00:00'::timestamp(0) without time zone)"}]}]}]}]}, "Unique SQL Id": 3929762122, "Planner Runtime": 0}, "explain_analyze_plan": {"Plan": {"Node Type": "Limit", "Startup Cost": 1728598.43, "Total Cost": 1728598.46, "Plan Rows": 10, "Plan Width": 44, "Actual Startup Time": 21274.526, "Actual Total Time": 21274.53, "Actual Rows": 10, "Actual Loops": 1, "Plans": [{"Node Type": "Sort", "Parent Relationship": "Outer", "Startup Cost": 1728598.43, "Total Cost": 1737496.55, "Plan Rows": 10, "Plan Width": 44, "Actual Startup Time": 21274.522, "Actual Total Time": 21274.523, "Actual Rows": 10, "Actual Loops": 1, "Sort Key": ["(sum((lineitem.l_extendedprice * (1::double precision - lineitem.l_discount)))) DESC", "orders.o_orderdate"], "Sort Method": "top-N heapsort", "Sort Space Used": 26, "Sort Space Type": "Memory", "Plans": [{"Node Type": "Aggregate", "Strategy": "Hashed", "Parent Relationship": "Outer", "Startup Cost": 1616091.91, "Total Cost": 1651684.38, "Plan Rows": 3559247, "Plan Width": 44, "Actual Startup Time": 21187.648, "Actual Total Time": 21247.237, "Actual Rows": 113719, "Actual Loops": 1, "Group By Key": ["lineitem.l_orderkey", "orders.o_orderdate", "orders.o_shippriority"], "Plans": [{"Node Type": "Nested Loop", "Parent Relationship": "Outer", "Join Type": "Inner", "Startup Cost": 60061.08, "Total Cost": 1562703.21, "Plan Rows": 3559247, "Plan Width": 36, "Actual Startup Time": 793.168, "Actual Total Time": 20886.923, "Actual Rows": 300219, "Actual Loops": 1, "Inner Unique": false, "Plans": [{"Node Type": "Hash Join", "Parent Relationship": "Outer", "Join Type": "Inner", "Startup Cost": 60061.08, "Total Cost": 558158.87, "Plan Rows": 715772, "Plan Width": 20, "Actual Startup Time": 792.942, "Actual Total Time": 8869.255, "Actual Rows": 1455173, "Actual Loops": 1, "Inner Unique": true, "Hash Cond": "(orders.o_custkey = customer.c_custkey), (LLVM Optimized, Jit Execute)", "Plans": [{"Node Type": "Seq Scan", "Parent Relationship": "Outer", "Relation Name": "orders", "Alias": "orders", "Startup Cost": 385.73, "Total Cost": 463912.49, "Plan Rows": 7310217, "Plan Width": 28, "Actual Startup Time": 0.046, "Actual Total Time": 4908.861, "Actual Rows": 7276947, "Actual Loops": 1, "Filter": "(o_orderdate < '1995-03-13 00:00:00'::timestamp(0) without time zone), (LLVM Optimized, Jit Execute)", "Rows Removed by Filter": 7723053}, {"Node Type": "Hash", "Parent Relationship": "Inner", "Startup Cost": 55876.0, "Total Cost": 55876.0, "Plan Rows": 303948, "Plan Width": 8, "Actual Startup Time": 792.498, "Actual Total Time": 792.498, "Actual Rows": 300036, "Actual Loops": 1, "Hash Buckets": 524288, "Hash Batches": 1, "Original Hash Batches": 1, "Peak Memory Usage": 11721, "Plans": [{"Node Type": "Seq Scan", "Parent Relationship": "Outer", "Relation Name": "customer", "Alias": "customer", "Startup Cost": 0.0, "Total Cost": 55876.0, "Plan Rows": 303948, "Plan Width": 8, "Actual Startup Time": 0.027, "Actual Total Time": 665.896, "Actual Rows": 300036, "Actual Loops": 1, "Filter": "(c_mktsegment = 'AUTOMOBILE'::bpchar), (LLVM Optimized, Jit Execute)", "Rows Removed by Filter": 1199964}]}]}, {"Node Type": "Index Scan", "Parent Relationship": "Inner", "Scan Direction": "Forward", "Index Name": "idx_lineitem_orderkey", "Relation Name": "lineitem", "Alias": "lineitem", "Startup Cost": 0.0, "Total Cost": 1.35, "Plan Rows": 5, "Plan Width": 24, "Actual Startup Time": 10931.776, "Actual Total Time": 11224.045, "Actual Rows": 300219, "Actual Loops": 1455173, "Index Cond": "(l_orderkey = orders.o_orderkey)", "Rows Removed by Index Recheck": 0, "Filter": "(l_shipdate > '1995-03-13 00:00:00'::timestamp(0) without time zone)", "Rows Removed by Filter": 5519788}]}]}]}]}, "Triggers": [], "Planner Runtime": 1.3, "Total Runtime": 21284.503, "Unique SQL Id": 3929762122}}, "(16, '41')": {"explain_plan": {"Plan": {"Node Type": "Limit", "Startup Cost": 2061802.43, "Total Cost": 2061802.46, "Plan Rows": 10, "Plan Width": 44, "Plans": [{"Node Type": "Sort", "Parent Relationship": "Outer", "Startup Cost": 2061802.43, "Total Cost": 2070700.55, "Plan Rows": 10, "Plan Width": 44, "Sort Key": ["(sum((lineitem.l_extendedprice * (1::double precision - lineitem.l_discount)))) DESC", "orders.o_orderdate"], "Plans": [{"Node Type": "Aggregate", "Strategy": "Hashed", "Parent Relationship": "Outer", "Startup Cost": 1949295.92, "Total Cost": 1984888.39, "Plan Rows": 3559247, "Plan Width": 44, "Group By Key": ["lineitem.l_orderkey", "orders.o_orderdate", "orders.o_shippriority"], "Plans": [{"Node Type": "Nested Loop", "Parent Relationship": "Outer", "Join Type": "Inner", "Startup Cost": 88314.71, "Total Cost": 1895907.21, "Plan Rows": 3559247, "Plan Width": 36, "Inner Unique": false, "Plans": [{"Node Type": "Hash Join", "Parent Relationship": "Outer", "Join Type": "Inner", "Startup Cost": 88314.71, "Total Cost": 891362.87, "Plan Rows": 715772, "Plan Width": 20, "Inner Unique": true, "Hash Cond": "(orders.o_custkey = customer.c_custkey), (LLVM Optimized)", "Plans": [{"Node Type": "Index Scan", "Parent Relationship": "Outer", "Scan Direction": "Forward", "Index Name": "orders_pkey", "Relation Name": "orders", "Alias": "orders", "Startup Cost": 0.0, "Total Cost": 768477.13, "Plan Rows": 7310217, "Plan Width": 28, "Filter": "(o_orderdate < '1995-03-13 00:00:00'::timestamp(0) without time zone), (LLVM Optimized)"}, {"Node Type": "Hash", "Parent Relationship": "Inner", "Startup Cost": 84515.36, "Total Cost": 84515.36, "Plan Rows": 303948, "Plan Width": 8, "Plans": [{"Node Type": "Index Scan", "Parent Relationship": "Outer", "Scan Direction": "Forward", "Index Name": "customer_pkey", "Relation Name": "customer", "Alias": "customer", "Startup Cost": 0.0, "Total Cost": 84515.36, "Plan Rows": 303948, "Plan Width": 8, "Filter": "(c_mktsegment = 'AUTOMOBILE'::bpchar), (LLVM Optimized)"}]}]}, {"Node Type": "Index Scan", "Parent Relationship": "Inner", "Scan Direction": "Forward", "Index Name": "idx_lineitem_orderkey", "Relation Name": "lineitem", "Alias": "lineitem", "Startup Cost": 0.0, "Total Cost": 1.35, "Plan Rows": 5, "Plan Width": 24, "Index Cond": "(l_orderkey = orders.o_orderkey)", "Filter": "(l_shipdate > '1995-03-13 00:00:00'::timestamp(0) without time zone)"}]}]}]}]}, "Unique SQL Id": 3929762122, "Planner Runtime": 0}, "explain_analyze_plan": {"Plan": {"Node Type": "Limit", "Startup Cost": 2061802.43, "Total Cost": 2061802.46, "Plan Rows": 10, "Plan Width": 44, "Actual Startup Time": 26780.809, "Actual Total Time": 26780.812, "Actual Rows": 10, "Actual Loops": 1, "Plans": [{"Node Type": "Sort", "Parent Relationship": "Outer", "Startup Cost": 2061802.43, "Total Cost": 2070700.55, "Plan Rows": 10, "Plan Width": 44, "Actual Startup Time": 26780.806, "Actual Total Time": 26780.807, "Actual Rows": 10, "Actual Loops": 1, "Sort Key": ["(sum((lineitem.l_extendedprice * (1::double precision - lineitem.l_discount)))) DESC", "orders.o_orderdate"], "Sort Method": "top-N heapsort", "Sort Space Used": 26, "Sort Space Type": "Memory", "Plans": [{"Node Type": "Aggregate", "Strategy": "Hashed", "Parent Relationship": "Outer", "Startup Cost": 1949295.92, "Total Cost": 1984888.39, "Plan Rows": 3559247, "Plan Width": 44, "Actual Startup Time": 26671.704, "Actual Total Time": 26753.285, "Actual Rows": 113719, "Actual Loops": 1, "Group By Key": ["lineitem.l_orderkey", "orders.o_orderdate", "orders.o_shippriority"], "Plans": [{"Node Type": "Nested Loop", "Parent Relationship": "Outer", "Join Type": "Inner", "Startup Cost": 88314.71, "Total Cost": 1895907.21, "Plan Rows": 3559247, "Plan Width": 36, "Actual Startup Time": 1197.087, "Actual Total Time": 26368.067, "Actual Rows": 300219, "Actual Loops": 1, "Inner Unique": false, "Plans": [{"Node Type": "Hash Join", "Parent Relationship": "Outer", "Join Type": "Inner", "Startup Cost": 88314.71, "Total Cost": 891362.87, "Plan Rows": 715772, "Plan Width": 20, "Actual Startup Time": 1196.855, "Actual Total Time": 14651.439, "Actual Rows": 1455173, "Actual Loops": 1, "Inner Unique": true, "Hash Cond": "(orders.o_custkey = customer.c_custkey), (LLVM Optimized, Jit Execute)", "Plans": [{"Node Type": "Index Scan", "Parent Relationship": "Outer", "Scan Direction": "Forward", "Index Name": "orders_pkey", "Relation Name": "orders", "Alias": "orders", "Startup Cost": 0.0, "Total Cost": 768477.13, "Plan Rows": 7310217, "Plan Width": 28, "Actual Startup Time": 0.066, "Actual Total Time": 10057.981, "Actual Rows": 7276947, "Actual Loops": 1, "Filter": "(o_orderdate < '1995-03-13 00:00:00'::timestamp(0) without time zone), (LLVM Optimized, Jit Execute)", "Rows Removed by Filter": 7723053}, {"Node Type": "Hash", "Parent Relationship": "Inner", "Startup Cost": 84515.36, "Total Cost": 84515.36, "Plan Rows": 303948, "Plan Width": 8, "Actual Startup Time": 1196.409, "Actual Total Time": 1196.409, "Actual Rows": 300036, "Actual Loops": 1, "Hash Buckets": 524288, "Hash Batches": 1, "Original Hash Batches": 1, "Peak Memory Usage": 11721, "Plans": [{"Node Type": "Index Scan", "Parent Relationship": "Outer", "Scan Direction": "Forward", "Index Name": "customer_pkey", "Relation Name": "customer", "Alias": "customer", "Startup Cost": 0.0, "Total Cost": 84515.36, "Plan Rows": 303948, "Plan Width": 8, "Actual Startup Time": 0.033, "Actual Total Time": 1104.528, "Actual Rows": 300036, "Actual Loops": 1, "Filter": "(c_mktsegment = 'AUTOMOBILE'::bpchar), (LLVM Optimized, Jit Execute)", "Rows Removed by Filter": 1199964}]}]}, {"Node Type": "Index Scan", "Parent Relationship": "Inner", "Scan Direction": "Forward", "Index Name": "idx_lineitem_orderkey", "Relation Name": "lineitem", "Alias": "lineitem", "Startup Cost": 0.0, "Total Cost": 1.35, "Plan Rows": 5, "Plan Width": 24, "Actual Startup Time": 10649.647, "Actual Total Time": 10927.106, "Actual Rows": 300219, "Actual Loops": 1455173, "Index Cond": "(l_orderkey = orders.o_orderkey)", "Rows Removed by Index Recheck": 0, "Filter": "(l_shipdate > '1995-03-13 00:00:00'::timestamp(0) without time zone)", "Rows Removed by Filter": 5519788}]}]}]}]}, "Triggers": [], "Planner Runtime": 1.171, "Total Runtime": 26790.704, "Unique SQL Id": 3929762122}}, "(16, '42')": {"explain_plan": {"Plan": {"Node Type": "Limit", "Startup Cost": 3055991.15, "Total Cost": 3055991.17, "Plan Rows": 10, "Plan Width": 44, "Plans": [{"Node Type": "Sort", "Parent Relationship": "Outer", "Startup Cost": 3055991.15, "Total Cost": 3064889.27, "Plan Rows": 10, "Plan Width": 44, "Sort Key": ["(sum((lineitem.l_extendedprice * (1::double precision - lineitem.l_discount)))) DESC", "orders.o_orderdate"], "Plans": [{"Node Type": "Aggregate", "Strategy": "Hashed", "Parent Relationship": "Outer", "Startup Cost": 2943484.63, "Total Cost": 2979077.1, "Plan Rows": 3559247, "Plan Width": 44, "Group By Key": ["lineitem.l_orderkey", "orders.o_orderdate", "orders.o_shippriority"], "Plans": [{"Node Type": "Hash Join", "Parent Relationship": "Outer", "Join Type": "Inner", "Startup Cost": 567106.02, "Total Cost": 2890095.93, "Plan Rows": 3559247, "Plan Width": 36, "Inner Unique": false, "Hash Cond": "(lineitem.l_orderkey = orders.o_orderkey), (LLVM Optimized)", "Plans": [{"Node Type": "Seq Scan", "Parent Relationship": "Outer", "Relation Name": "lineitem", "Alias": "lineitem", "Startup Cost": 0.0, "Total Cost": 2165082.91, "Plan Rows": 32617206, "Plan Width": 24, "Filter": "(l_shipdate > '1995-03-13 00:00:00'::timestamp(0) without time zone), (LLVM Optimized)"}, {"Node Type": "Hash", "Parent Relationship": "Inner", "Startup Cost": 558158.87, "Total Cost": 558158.87, "Plan Rows": 715772, "Plan Width": 20, "Plans": [{"Node Type": "Hash Join", "Parent Relationship": "Outer", "Join Type": "Inner", "Startup Cost": 60061.08, "Total Cost": 558158.87, "Plan Rows": 715772, "Plan Width": 20, "Inner Unique": true, "Hash Cond": "(orders.o_custkey = customer.c_custkey), (LLVM Optimized)", "Plans": [{"Node Type": "Seq Scan", "Parent Relationship": "Outer", "Relation Name": "orders", "Alias": "orders", "Startup Cost": 385.73, "Total Cost": 463912.49, "Plan Rows": 7310217, "Plan Width": 28, "Filter": "(o_orderdate < '1995-03-13 00:00:00'::timestamp(0) without time zone), (LLVM Optimized)"}, {"Node Type": "Hash", "Parent Relationship": "Inner", "Startup Cost": 55876.0, "Total Cost": 55876.0, "Plan Rows": 303948, "Plan Width": 8, "Plans": [{"Node Type": "Seq Scan", "Parent Relationship": "Outer", "Relation Name": "customer", "Alias": "customer", "Startup Cost": 0.0, "Total Cost": 55876.0, "Plan Rows": 303948, "Plan Width": 8, "Filter": "(c_mktsegment = 'AUTOMOBILE'::bpchar), (LLVM Optimized)"}]}]}]}]}]}]}]}, "Unique SQL Id": 3929762122, "Planner Runtime": 0}, "explain_analyze_plan": {"Plan": {"Node Type": "Limit", "Startup Cost": 3055991.15, "Total Cost": 3055991.17, "Plan Rows": 10, "Plan Width": 44, "Actual Startup Time": 40025.392, "Actual Total Time": 40025.394, "Actual Rows": 10, "Actual Loops": 1, "Plans": [{"Node Type": "Sort", "Parent Relationship": "Outer", "Startup Cost": 3055991.15, "Total Cost": 3064889.27, "Plan Rows": 10, "Plan Width": 44, "Actual Startup Time": 40025.388, "Actual Total Time": 40025.39, "Actual Rows": 10, "Actual Loops": 1, "Sort Key": ["(sum((lineitem.l_extendedprice * (1::double precision - lineitem.l_discount)))) DESC", "orders.o_orderdate"], "Sort Method": "top-N heapsort", "Sort Space Used": 26, "Sort Space Type": "Memory", "Plans": [{"Node Type": "Aggregate", "Strategy": "Hashed", "Parent Relationship": "Outer", "Startup Cost": 2943484.63, "Total Cost": 2979077.1, "Plan Rows": 3559247, "Plan Width": 44, "Actual Startup Time": 39915.609, "Actual Total Time": 39997.925, "Actual Rows": 113719, "Actual Loops": 1, "Group By Key": ["lineitem.l_orderkey", "orders.o_orderdate", "orders.o_shippriority"], "Plans": [{"Node Type": "Hash Join", "Parent Relationship": "Outer", "Join Type": "Inner", "Startup Cost": 567106.02, "Total Cost": 2890095.93, "Plan Rows": 3559247, "Plan Width": 36, "Actual Startup Time": 8962.319, "Actual Total Time": 39619.186, "Actual Rows": 300219, "Actual Loops": 1, "Inner Unique": false, "Hash Cond": "(lineitem.l_orderkey = orders.o_orderkey), (LLVM Optimized, Jit Execute)", "Plans": [{"Node Type": "Seq Scan", "Parent Relationship": "Outer", "Relation Name": "lineitem", "Alias": "lineitem", "Startup Cost": 0.0, "Total Cost": 2165082.91, "Plan Rows": 32617206, "Plan Width": 24, "Actual Startup Time": 0.047, "Actual Total Time": 21133.06, "Actual Rows": 32384344, "Actual Loops": 1, "Filter": "(l_shipdate > '1995-03-13 00:00:00'::timestamp(0) without time zone), (LLVM Optimized, Jit Execute)", "Rows Removed by Filter": 27601708}, {"Node Type": "Hash", "Parent Relationship": "Inner", "Startup Cost": 558158.87, "Total Cost": 558158.87, "Plan Rows": 715772, "Plan Width": 20, "Actual Startup Time": 8960.726, "Actual Total Time": 8960.726, "Actual Rows": 1455173, "Actual Loops": 1, "Hash Buckets": 1048576, "Hash Batches": 1, "Original Hash Batches": 1, "Peak Memory Usage": 79580, "Plans": [{"Node Type": "Hash Join", "Parent Relationship": "Outer", "Join Type": "Inner", "Startup Cost": 60061.08, "Total Cost": 558158.87, "Plan Rows": 715772, "Plan Width": 20, "Actual Startup Time": 743.077, "Actual Total Time": 8364.754, "Actual Rows": 1455173, "Actual Loops": 1, "Inner Unique": true, "Hash Cond": "(orders.o_custkey = customer.c_custkey), (LLVM Optimized, Jit Execute)", "Plans": [{"Node Type": "Seq Scan", "Parent Relationship": "Outer", "Relation Name": "orders", "Alias": "orders", "Startup Cost": 385.73, "Total Cost": 463912.49, "Plan Rows": 7310217, "Plan Width": 28, "Actual Startup Time": 0.03, "Actual Total Time": 4801.961, "Actual Rows": 7276947, "Actual Loops": 1, "Filter": "(o_orderdate < '1995-03-13 00:00:00'::timestamp(0) without time zone), (LLVM Optimized, Jit Execute)", "Rows Removed by Filter": 7723053}, {"Node Type": "Hash", "Parent Relationship": "Inner", "Startup Cost": 55876.0, "Total Cost": 55876.0, "Plan Rows": 303948, "Plan Width": 8, "Actual Startup Time": 742.689, "Actual Total Time": 742.689, "Actual Rows": 300036, "Actual Loops": 1, "Hash Buckets": 524288, "Hash Batches": 1, "Original Hash Batches": 1, "Peak Memory Usage": 11721, "Plans": [{"Node Type": "Seq Scan", "Parent Relationship": "Outer", "Relation Name": "customer", "Alias": "customer", "Startup Cost": 0.0, "Total Cost": 55876.0, "Plan Rows": 303948, "Plan Width": 8, "Actual Startup Time": 0.019, "Actual Total Time": 655.461, "Actual Rows": 300036, "Actual Loops": 1, "Filter": "(c_mktsegment = 'AUTOMOBILE'::bpchar), (LLVM Optimized, Jit Execute)", "Rows Removed by Filter": 1199964}]}]}]}]}]}]}]}, "Triggers": [], "Planner Runtime": 1.242, "Total Runtime": 40035.753, "Unique SQL Id": 3929762122}}, "(16, '43')": {"explain_plan": {"Plan": {"Node Type": "Limit", "Startup Cost": 3000424682501.37, "Total Cost": 3000424682501.4, "Plan Rows": 10, "Plan Width": 44, "Plans": [{"Node Type": "Sort", "Parent Relationship": "Outer", "Startup Cost": 3000424682501.37, "Total Cost": 3000424691399.49, "Plan Rows": 10, "Plan Width": 44, "Sort Key": ["(sum((lineitem.l_extendedprice * (1::double precision - lineitem.l_discount)))) DESC", "orders.o_orderdate"], "Plans": [{"Node Type": "Aggregate", "Strategy": "Hashed", "Parent Relationship": "Outer", "Startup Cost": 3000424569994.85, "Total Cost": 3000424605587.32, "Plan Rows": 3559247, "Plan Width": 44, "Group By Key": ["lineitem.l_orderkey", "orders.o_orderdate", "orders.o_shippriority"], "Plans": [{"Node Type": "Hash Join", "Parent Relationship": "Outer", "Join Type": "Inner", "Startup Cost": 2010085346566.41, "Total Cost": 3000424516606.15, "Plan Rows": 3559247, "Plan Width": 36, "Inner Unique": false, "Hash Cond": "(lineitem.l_orderkey = orders.o_orderkey), (LLVM Optimized)", "Plans": [{"Node Type": "Index Scan", "Parent Relationship": "Outer", "Scan Direction": "Forward", "Index Name": "idx_lineitem_orderkey", "Relation Name": "lineitem", "Alias": "lineitem", "Startup Cost": 10000000000.0, "Total Cost": 1000339012132.75, "Plan Rows": 32617206, "Plan Width": 24, "Filter": "(l_shipdate > '1995-03-13 00:00:00'::timestamp(0) without time zone), (LLVM Optimized)"}, {"Node Type": "Hash", "Parent Relationship": "Inner", "Startup Cost": 2000085337619.26, "Total Cost": 2000085337619.26, "Plan Rows": 715772, "Plan Width": 20, "Plans": [{"Node Type": "Hash Join", "Parent Relationship": "Outer", "Join Type": "Inner", "Startup Cost": 1010008455334.97, "Total Cost": 2000085337619.26, "Plan Rows": 715772, "Plan Width": 20, "Inner Unique": true, "Hash Cond": "(orders.o_custkey = customer.c_custkey), (LLVM Optimized)", "Plans": [{"Node Type": "Index Scan", "Parent Relationship": "Outer", "Scan Direction": "Forward", "Index Name": "orders_pkey", "Relation Name": "orders", "Alias": "orders", "Startup Cost": 10000000000.0, "Total Cost": 1000076847713.25, "Plan Rows": 7310217, "Plan Width": 28, "Filter": "(o_orderdate < '1995-03-13 00:00:00'::timestamp(0) without time zone), (LLVM Optimized)"}, {"Node Type": "Hash", "Parent Relationship": "Inner", "Startup Cost": 1000008451535.62, "Total Cost": 1000008451535.62, "Plan Rows": 303948, "Plan Width": 8, "Plans": [{"Node Type": "Index Scan", "Parent Relationship": "Outer", "Scan Direction": "Forward", "Index Name": "customer_pkey", "Relation Name": "customer", "Alias": "customer", "Startup Cost": 10000000000.0, "Total Cost": 1000008451535.62, "Plan Rows": 303948, "Plan Width": 8, "Filter": "(c_mktsegment = 'AUTOMOBILE'::bpchar), (LLVM Optimized)"}]}]}]}]}]}]}]}, "Unique SQL Id": 3929762122, "Planner Runtime": 0}, "explain_analyze_plan": null}, "(16, '44')": {"explain_plan": {"Plan": {"Node Type": "Limit", "Startup Cost": 1728598.43, "Total Cost": 1728598.46, "Plan Rows": 10, "Plan Width": 44, "Plans": [{"Node Type": "Sort", "Parent Relationship": "Outer", "Startup Cost": 1728598.43, "Total Cost": 1737496.55, "Plan Rows": 10, "Plan Width": 44, "Sort Key": ["(sum((lineitem.l_extendedprice * (1::double precision - lineitem.l_discount)))) DESC", "orders.o_orderdate"], "Plans": [{"Node Type": "Aggregate", "Strategy": "Hashed", "Parent Relationship": "Outer", "Startup Cost": 1616091.91, "Total Cost": 1651684.38, "Plan Rows": 3559247, "Plan Width": 44, "Group By Key": ["lineitem.l_orderkey", "orders.o_orderdate", "orders.o_shippriority"], "Plans": [{"Node Type": "Nested Loop", "Parent Relationship": "Outer", "Join Type": "Inner", "Startup Cost": 60061.08, "Total Cost": 1562703.21, "Plan Rows": 3559247, "Plan Width": 36, "Inner Unique": false, "Plans": [{"Node Type": "Hash Join", "Parent Relationship": "Outer", "Join Type": "Inner", "Startup Cost": 60061.08, "Total Cost": 558158.87, "Plan Rows": 715772, "Plan Width": 20, "Inner Unique": true, "Hash Cond": "(orders.o_custkey = customer.c_custkey), (LLVM Optimized)", "Plans": [{"Node Type": "Seq Scan", "Parent Relationship": "Outer", "Relation Name": "orders", "Alias": "orders", "Startup Cost": 385.73, "Total Cost": 463912.49, "Plan Rows": 7310217, "Plan Width": 28, "Filter": "(o_orderdate < '1995-03-13 00:00:00'::timestamp(0) without time zone), (LLVM Optimized)"}, {"Node Type": "Hash", "Parent Relationship": "Inner", "Startup Cost": 55876.0, "Total Cost": 55876.0, "Plan Rows": 303948, "Plan Width": 8, "Plans": [{"Node Type": "Seq Scan", "Parent Relationship": "Outer", "Relation Name": "customer", "Alias": "customer", "Startup Cost": 0.0, "Total Cost": 55876.0, "Plan Rows": 303948, "Plan Width": 8, "Filter": "(c_mktsegment = 'AUTOMOBILE'::bpchar), (LLVM Optimized)"}]}]}, {"Node Type": "Index Scan", "Parent Relationship": "Inner", "Scan Direction": "Forward", "Index Name": "idx_lineitem_orderkey", "Relation Name": "lineitem", "Alias": "lineitem", "Startup Cost": 0.0, "Total Cost": 1.35, "Plan Rows": 5, "Plan Width": 24, "Index Cond": "(l_orderkey = orders.o_orderkey)", "Filter": "(l_shipdate > '1995-03-13 00:00:00'::timestamp(0) without time zone)"}]}]}]}]}, "Unique SQL Id": 3929762122, "Planner Runtime": 1}, "explain_analyze_plan": {"Plan": {"Node Type": "Limit", "Startup Cost": 1728598.43, "Total Cost": 1728598.46, "Plan Rows": 10, "Plan Width": 44, "Actual Startup Time": 21274.526, "Actual Total Time": 21274.53, "Actual Rows": 10, "Actual Loops": 1, "Plans": [{"Node Type": "Sort", "Parent Relationship": "Outer", "Startup Cost": 1728598.43, "Total Cost": 1737496.55, "Plan Rows": 10, "Plan Width": 44, "Actual Startup Time": 21274.522, "Actual Total Time": 21274.523, "Actual Rows": 10, "Actual Loops": 1, "Sort Key": ["(sum((lineitem.l_extendedprice * (1::double precision - lineitem.l_discount)))) DESC", "orders.o_orderdate"], "Sort Method": "top-N heapsort", "Sort Space Used": 26, "Sort Space Type": "Memory", "Plans": [{"Node Type": "Aggregate", "Strategy": "Hashed", "Parent Relationship": "Outer", "Startup Cost": 1616091.91, "Total Cost": 1651684.38, "Plan Rows": 3559247, "Plan Width": 44, "Actual Startup Time": 21187.648, "Actual Total Time": 21247.237, "Actual Rows": 113719, "Actual Loops": 1, "Group By Key": ["lineitem.l_orderkey", "orders.o_orderdate", "orders.o_shippriority"], "Plans": [{"Node Type": "Nested Loop", "Parent Relationship": "Outer", "Join Type": "Inner", "Startup Cost": 60061.08, "Total Cost": 1562703.21, "Plan Rows": 3559247, "Plan Width": 36, "Actual Startup Time": 793.168, "Actual Total Time": 20886.923, "Actual Rows": 300219, "Actual Loops": 1, "Inner Unique": false, "Plans": [{"Node Type": "Hash Join", "Parent Relationship": "Outer", "Join Type": "Inner", "Startup Cost": 60061.08, "Total Cost": 558158.87, "Plan Rows": 715772, "Plan Width": 20, "Actual Startup Time": 792.942, "Actual Total Time": 8869.255, "Actual Rows": 1455173, "Actual Loops": 1, "Inner Unique": true, "Hash Cond": "(orders.o_custkey = customer.c_custkey), (LLVM Optimized, Jit Execute)", "Plans": [{"Node Type": "Seq Scan", "Parent Relationship": "Outer", "Relation Name": "orders", "Alias": "orders", "Startup Cost": 385.73, "Total Cost": 463912.49, "Plan Rows": 7310217, "Plan Width": 28, "Actual Startup Time": 0.046, "Actual Total Time": 4908.861, "Actual Rows": 7276947, "Actual Loops": 1, "Filter": "(o_orderdate < '1995-03-13 00:00:00'::timestamp(0) without time zone), (LLVM Optimized, Jit Execute)", "Rows Removed by Filter": 7723053}, {"Node Type": "Hash", "Parent Relationship": "Inner", "Startup Cost": 55876.0, "Total Cost": 55876.0, "Plan Rows": 303948, "Plan Width": 8, "Actual Startup Time": 792.498, "Actual Total Time": 792.498, "Actual Rows": 300036, "Actual Loops": 1, "Hash Buckets": 524288, "Hash Batches": 1, "Original Hash Batches": 1, "Peak Memory Usage": 11721, "Plans": [{"Node Type": "Seq Scan", "Parent Relationship": "Outer", "Relation Name": "customer", "Alias": "customer", "Startup Cost": 0.0, "Total Cost": 55876.0, "Plan Rows": 303948, "Plan Width": 8, "Actual Startup Time": 0.027, "Actual Total Time": 665.896, "Actual Rows": 300036, "Actual Loops": 1, "Filter": "(c_mktsegment = 'AUTOMOBILE'::bpchar), (LLVM Optimized, Jit Execute)", "Rows Removed by Filter": 1199964}]}]}, {"Node Type": "Index Scan", "Parent Relationship": "Inner", "Scan Direction": "Forward", "Index Name": "idx_lineitem_orderkey", "Relation Name": "lineitem", "Alias": "lineitem", "Startup Cost": 0.0, "Total Cost": 1.35, "Plan Rows": 5, "Plan Width": 24, "Actual Startup Time": 10931.776, "Actual Total Time": 11224.045, "Actual Rows": 300219, "Actual Loops": 1455173, "Index Cond": "(l_orderkey = orders.o_orderkey)", "Rows Removed by Index Recheck": 0, "Filter": "(l_shipdate > '1995-03-13 00:00:00'::timestamp(0) without time zone)", "Rows Removed by Filter": 5519788}]}]}]}]}, "Triggers": [], "Planner Runtime": 1.3, "Total Runtime": 21284.503, "Unique SQL Id": 3929762122}}, "(16, '45')": {"explain_plan": {"Plan": {"Node Type": "Limit", "Startup Cost": 2061802.43, "Total Cost": 2061802.46, "Plan Rows": 10, "Plan Width": 44, "Plans": [{"Node Type": "Sort", "Parent Relationship": "Outer", "Startup Cost": 2061802.43, "Total Cost": 2070700.55, "Plan Rows": 10, "Plan Width": 44, "Sort Key": ["(sum((lineitem.l_extendedprice * (1::double precision - lineitem.l_discount)))) DESC", "orders.o_orderdate"], "Plans": [{"Node Type": "Aggregate", "Strategy": "Hashed", "Parent Relationship": "Outer", "Startup Cost": 1949295.92, "Total Cost": 1984888.39, "Plan Rows": 3559247, "Plan Width": 44, "Group By Key": ["lineitem.l_orderkey", "orders.o_orderdate", "orders.o_shippriority"], "Plans": [{"Node Type": "Nested Loop", "Parent Relationship": "Outer", "Join Type": "Inner", "Startup Cost": 88314.71, "Total Cost": 1895907.21, "Plan Rows": 3559247, "Plan Width": 36, "Inner Unique": false, "Plans": [{"Node Type": "Hash Join", "Parent Relationship": "Outer", "Join Type": "Inner", "Startup Cost": 88314.71, "Total Cost": 891362.87, "Plan Rows": 715772, "Plan Width": 20, "Inner Unique": true, "Hash Cond": "(orders.o_custkey = customer.c_custkey), (LLVM Optimized)", "Plans": [{"Node Type": "Index Scan", "Parent Relationship": "Outer", "Scan Direction": "Forward", "Index Name": "orders_pkey", "Relation Name": "orders", "Alias": "orders", "Startup Cost": 0.0, "Total Cost": 768477.13, "Plan Rows": 7310217, "Plan Width": 28, "Filter": "(o_orderdate < '1995-03-13 00:00:00'::timestamp(0) without time zone), (LLVM Optimized)"}, {"Node Type": "Hash", "Parent Relationship": "Inner", "Startup Cost": 84515.36, "Total Cost": 84515.36, "Plan Rows": 303948, "Plan Width": 8, "Plans": [{"Node Type": "Index Scan", "Parent Relationship": "Outer", "Scan Direction": "Forward", "Index Name": "customer_pkey", "Relation Name": "customer", "Alias": "customer", "Startup Cost": 0.0, "Total Cost": 84515.36, "Plan Rows": 303948, "Plan Width": 8, "Filter": "(c_mktsegment = 'AUTOMOBILE'::bpchar), (LLVM Optimized)"}]}]}, {"Node Type": "Index Scan", "Parent Relationship": "Inner", "Scan Direction": "Forward", "Index Name": "idx_lineitem_orderkey", "Relation Name": "lineitem", "Alias": "lineitem", "Startup Cost": 0.0, "Total Cost": 1.35, "Plan Rows": 5, "Plan Width": 24, "Index Cond": "(l_orderkey = orders.o_orderkey)", "Filter": "(l_shipdate > '1995-03-13 00:00:00'::timestamp(0) without time zone)"}]}]}]}]}, "Unique SQL Id": 3929762122, "Planner Runtime": 0}, "explain_analyze_plan": {"Plan": {"Node Type": "Limit", "Startup Cost": 2061802.43, "Total Cost": 2061802.46, "Plan Rows": 10, "Plan Width": 44, "Actual Startup Time": 26780.809, "Actual Total Time": 26780.812, "Actual Rows": 10, "Actual Loops": 1, "Plans": [{"Node Type": "Sort", "Parent Relationship": "Outer", "Startup Cost": 2061802.43, "Total Cost": 2070700.55, "Plan Rows": 10, "Plan Width": 44, "Actual Startup Time": 26780.806, "Actual Total Time": 26780.807, "Actual Rows": 10, "Actual Loops": 1, "Sort Key": ["(sum((lineitem.l_extendedprice * (1::double precision - lineitem.l_discount)))) DESC", "orders.o_orderdate"], "Sort Method": "top-N heapsort", "Sort Space Used": 26, "Sort Space Type": "Memory", "Plans": [{"Node Type": "Aggregate", "Strategy": "Hashed", "Parent Relationship": "Outer", "Startup Cost": 1949295.92, "Total Cost": 1984888.39, "Plan Rows": 3559247, "Plan Width": 44, "Actual Startup Time": 26671.704, "Actual Total Time": 26753.285, "Actual Rows": 113719, "Actual Loops": 1, "Group By Key": ["lineitem.l_orderkey", "orders.o_orderdate", "orders.o_shippriority"], "Plans": [{"Node Type": "Nested Loop", "Parent Relationship": "Outer", "Join Type": "Inner", "Startup Cost": 88314.71, "Total Cost": 1895907.21, "Plan Rows": 3559247, "Plan Width": 36, "Actual Startup Time": 1197.087, "Actual Total Time": 26368.067, "Actual Rows": 300219, "Actual Loops": 1, "Inner Unique": false, "Plans": [{"Node Type": "Hash Join", "Parent Relationship": "Outer", "Join Type": "Inner", "Startup Cost": 88314.71, "Total Cost": 891362.87, "Plan Rows": 715772, "Plan Width": 20, "Actual Startup Time": 1196.855, "Actual Total Time": 14651.439, "Actual Rows": 1455173, "Actual Loops": 1, "Inner Unique": true, "Hash Cond": "(orders.o_custkey = customer.c_custkey), (LLVM Optimized, Jit Execute)", "Plans": [{"Node Type": "Index Scan", "Parent Relationship": "Outer", "Scan Direction": "Forward", "Index Name": "orders_pkey", "Relation Name": "orders", "Alias": "orders", "Startup Cost": 0.0, "Total Cost": 768477.13, "Plan Rows": 7310217, "Plan Width": 28, "Actual Startup Time": 0.066, "Actual Total Time": 10057.981, "Actual Rows": 7276947, "Actual Loops": 1, "Filter": "(o_orderdate < '1995-03-13 00:00:00'::timestamp(0) without time zone), (LLVM Optimized, Jit Execute)", "Rows Removed by Filter": 7723053}, {"Node Type": "Hash", "Parent Relationship": "Inner", "Startup Cost": 84515.36, "Total Cost": 84515.36, "Plan Rows": 303948, "Plan Width": 8, "Actual Startup Time": 1196.409, "Actual Total Time": 1196.409, "Actual Rows": 300036, "Actual Loops": 1, "Hash Buckets": 524288, "Hash Batches": 1, "Original Hash Batches": 1, "Peak Memory Usage": 11721, "Plans": [{"Node Type": "Index Scan", "Parent Relationship": "Outer", "Scan Direction": "Forward", "Index Name": "customer_pkey", "Relation Name": "customer", "Alias": "customer", "Startup Cost": 0.0, "Total Cost": 84515.36, "Plan Rows": 303948, "Plan Width": 8, "Actual Startup Time": 0.033, "Actual Total Time": 1104.528, "Actual Rows": 300036, "Actual Loops": 1, "Filter": "(c_mktsegment = 'AUTOMOBILE'::bpchar), (LLVM Optimized, Jit Execute)", "Rows Removed by Filter": 1199964}]}]}, {"Node Type": "Index Scan", "Parent Relationship": "Inner", "Scan Direction": "Forward", "Index Name": "idx_lineitem_orderkey", "Relation Name": "lineitem", "Alias": "lineitem", "Startup Cost": 0.0, "Total Cost": 1.35, "Plan Rows": 5, "Plan Width": 24, "Actual Startup Time": 10649.647, "Actual Total Time": 10927.106, "Actual Rows": 300219, "Actual Loops": 1455173, "Index Cond": "(l_orderkey = orders.o_orderkey)", "Rows Removed by Index Recheck": 0, "Filter": "(l_shipdate > '1995-03-13 00:00:00'::timestamp(0) without time zone)", "Rows Removed by Filter": 5519788}]}]}]}]}, "Triggers": [], "Planner Runtime": 1.171, "Total Runtime": 26790.704, "Unique SQL Id": 3929762122}}, "(16, '46')": {"explain_plan": {"Plan": {"Node Type": "Limit", "Startup Cost": 3055991.15, "Total Cost": 3055991.17, "Plan Rows": 10, "Plan Width": 44, "Plans": [{"Node Type": "Sort", "Parent Relationship": "Outer", "Startup Cost": 3055991.15, "Total Cost": 3064889.27, "Plan Rows": 10, "Plan Width": 44, "Sort Key": ["(sum((lineitem.l_extendedprice * (1::double precision - lineitem.l_discount)))) DESC", "orders.o_orderdate"], "Plans": [{"Node Type": "Aggregate", "Strategy": "Hashed", "Parent Relationship": "Outer", "Startup Cost": 2943484.63, "Total Cost": 2979077.1, "Plan Rows": 3559247, "Plan Width": 44, "Group By Key": ["lineitem.l_orderkey", "orders.o_orderdate", "orders.o_shippriority"], "Plans": [{"Node Type": "Hash Join", "Parent Relationship": "Outer", "Join Type": "Inner", "Startup Cost": 567106.02, "Total Cost": 2890095.93, "Plan Rows": 3559247, "Plan Width": 36, "Inner Unique": false, "Hash Cond": "(lineitem.l_orderkey = orders.o_orderkey), (LLVM Optimized)", "Plans": [{"Node Type": "Seq Scan", "Parent Relationship": "Outer", "Relation Name": "lineitem", "Alias": "lineitem", "Startup Cost": 0.0, "Total Cost": 2165082.91, "Plan Rows": 32617206, "Plan Width": 24, "Filter": "(l_shipdate > '1995-03-13 00:00:00'::timestamp(0) without time zone), (LLVM Optimized)"}, {"Node Type": "Hash", "Parent Relationship": "Inner", "Startup Cost": 558158.87, "Total Cost": 558158.87, "Plan Rows": 715772, "Plan Width": 20, "Plans": [{"Node Type": "Hash Join", "Parent Relationship": "Outer", "Join Type": "Inner", "Startup Cost": 60061.08, "Total Cost": 558158.87, "Plan Rows": 715772, "Plan Width": 20, "Inner Unique": true, "Hash Cond": "(orders.o_custkey = customer.c_custkey), (LLVM Optimized)", "Plans": [{"Node Type": "Seq Scan", "Parent Relationship": "Outer", "Relation Name": "orders", "Alias": "orders", "Startup Cost": 385.73, "Total Cost": 463912.49, "Plan Rows": 7310217, "Plan Width": 28, "Filter": "(o_orderdate < '1995-03-13 00:00:00'::timestamp(0) without time zone), (LLVM Optimized)"}, {"Node Type": "Hash", "Parent Relationship": "Inner", "Startup Cost": 55876.0, "Total Cost": 55876.0, "Plan Rows": 303948, "Plan Width": 8, "Plans": [{"Node Type": "Seq Scan", "Parent Relationship": "Outer", "Relation Name": "customer", "Alias": "customer", "Startup Cost": 0.0, "Total Cost": 55876.0, "Plan Rows": 303948, "Plan Width": 8, "Filter": "(c_mktsegment = 'AUTOMOBILE'::bpchar), (LLVM Optimized)"}]}]}]}]}]}]}]}, "Unique SQL Id": 3929762122, "Planner Runtime": 0}, "explain_analyze_plan": {"Plan": {"Node Type": "Limit", "Startup Cost": 3055991.15, "Total Cost": 3055991.17, "Plan Rows": 10, "Plan Width": 44, "Actual Startup Time": 40025.392, "Actual Total Time": 40025.394, "Actual Rows": 10, "Actual Loops": 1, "Plans": [{"Node Type": "Sort", "Parent Relationship": "Outer", "Startup Cost": 3055991.15, "Total Cost": 3064889.27, "Plan Rows": 10, "Plan Width": 44, "Actual Startup Time": 40025.388, "Actual Total Time": 40025.39, "Actual Rows": 10, "Actual Loops": 1, "Sort Key": ["(sum((lineitem.l_extendedprice * (1::double precision - lineitem.l_discount)))) DESC", "orders.o_orderdate"], "Sort Method": "top-N heapsort", "Sort Space Used": 26, "Sort Space Type": "Memory", "Plans": [{"Node Type": "Aggregate", "Strategy": "Hashed", "Parent Relationship": "Outer", "Startup Cost": 2943484.63, "Total Cost": 2979077.1, "Plan Rows": 3559247, "Plan Width": 44, "Actual Startup Time": 39915.609, "Actual Total Time": 39997.925, "Actual Rows": 113719, "Actual Loops": 1, "Group By Key": ["lineitem.l_orderkey", "orders.o_orderdate", "orders.o_shippriority"], "Plans": [{"Node Type": "Hash Join", "Parent Relationship": "Outer", "Join Type": "Inner", "Startup Cost": 567106.02, "Total Cost": 2890095.93, "Plan Rows": 3559247, "Plan Width": 36, "Actual Startup Time": 8962.319, "Actual Total Time": 39619.186, "Actual Rows": 300219, "Actual Loops": 1, "Inner Unique": false, "Hash Cond": "(lineitem.l_orderkey = orders.o_orderkey), (LLVM Optimized, Jit Execute)", "Plans": [{"Node Type": "Seq Scan", "Parent Relationship": "Outer", "Relation Name": "lineitem", "Alias": "lineitem", "Startup Cost": 0.0, "Total Cost": 2165082.91, "Plan Rows": 32617206, "Plan Width": 24, "Actual Startup Time": 0.047, "Actual Total Time": 21133.06, "Actual Rows": 32384344, "Actual Loops": 1, "Filter": "(l_shipdate > '1995-03-13 00:00:00'::timestamp(0) without time zone), (LLVM Optimized, Jit Execute)", "Rows Removed by Filter": 27601708}, {"Node Type": "Hash", "Parent Relationship": "Inner", "Startup Cost": 558158.87, "Total Cost": 558158.87, "Plan Rows": 715772, "Plan Width": 20, "Actual Startup Time": 8960.726, "Actual Total Time": 8960.726, "Actual Rows": 1455173, "Actual Loops": 1, "Hash Buckets": 1048576, "Hash Batches": 1, "Original Hash Batches": 1, "Peak Memory Usage": 79580, "Plans": [{"Node Type": "Hash Join", "Parent Relationship": "Outer", "Join Type": "Inner", "Startup Cost": 60061.08, "Total Cost": 558158.87, "Plan Rows": 715772, "Plan Width": 20, "Actual Startup Time": 743.077, "Actual Total Time": 8364.754, "Actual Rows": 1455173, "Actual Loops": 1, "Inner Unique": true, "Hash Cond": "(orders.o_custkey = customer.c_custkey), (LLVM Optimized, Jit Execute)", "Plans": [{"Node Type": "Seq Scan", "Parent Relationship": "Outer", "Relation Name": "orders", "Alias": "orders", "Startup Cost": 385.73, "Total Cost": 463912.49, "Plan Rows": 7310217, "Plan Width": 28, "Actual Startup Time": 0.03, "Actual Total Time": 4801.961, "Actual Rows": 7276947, "Actual Loops": 1, "Filter": "(o_orderdate < '1995-03-13 00:00:00'::timestamp(0) without time zone), (LLVM Optimized, Jit Execute)", "Rows Removed by Filter": 7723053}, {"Node Type": "Hash", "Parent Relationship": "Inner", "Startup Cost": 55876.0, "Total Cost": 55876.0, "Plan Rows": 303948, "Plan Width": 8, "Actual Startup Time": 742.689, "Actual Total Time": 742.689, "Actual Rows": 300036, "Actual Loops": 1, "Hash Buckets": 524288, "Hash Batches": 1, "Original Hash Batches": 1, "Peak Memory Usage": 11721, "Plans": [{"Node Type": "Seq Scan", "Parent Relationship": "Outer", "Relation Name": "customer", "Alias": "customer", "Startup Cost": 0.0, "Total Cost": 55876.0, "Plan Rows": 303948, "Plan Width": 8, "Actual Startup Time": 0.019, "Actual Total Time": 655.461, "Actual Rows": 300036, "Actual Loops": 1, "Filter": "(c_mktsegment = 'AUTOMOBILE'::bpchar), (LLVM Optimized, Jit Execute)", "Rows Removed by Filter": 1199964}]}]}]}]}]}]}]}, "Triggers": [], "Planner Runtime": 1.242, "Total Runtime": 40035.753, "Unique SQL Id": 3929762122}}, "(16, '47')": {"explain_plan": {"Plan": {"Node Type": "Limit", "Startup Cost": 3000424682501.37, "Total Cost": 3000424682501.4, "Plan Rows": 10, "Plan Width": 44, "Plans": [{"Node Type": "Sort", "Parent Relationship": "Outer", "Startup Cost": 3000424682501.37, "Total Cost": 3000424691399.49, "Plan Rows": 10, "Plan Width": 44, "Sort Key": ["(sum((lineitem.l_extendedprice * (1::double precision - lineitem.l_discount)))) DESC", "orders.o_orderdate"], "Plans": [{"Node Type": "Aggregate", "Strategy": "Hashed", "Parent Relationship": "Outer", "Startup Cost": 3000424569994.85, "Total Cost": 3000424605587.32, "Plan Rows": 3559247, "Plan Width": 44, "Group By Key": ["lineitem.l_orderkey", "orders.o_orderdate", "orders.o_shippriority"], "Plans": [{"Node Type": "Hash Join", "Parent Relationship": "Outer", "Join Type": "Inner", "Startup Cost": 2010085346566.41, "Total Cost": 3000424516606.15, "Plan Rows": 3559247, "Plan Width": 36, "Inner Unique": false, "Hash Cond": "(lineitem.l_orderkey = orders.o_orderkey), (LLVM Optimized)", "Plans": [{"Node Type": "Index Scan", "Parent Relationship": "Outer", "Scan Direction": "Forward", "Index Name": "idx_lineitem_orderkey", "Relation Name": "lineitem", "Alias": "lineitem", "Startup Cost": 10000000000.0, "Total Cost": 1000339012132.75, "Plan Rows": 32617206, "Plan Width": 24, "Filter": "(l_shipdate > '1995-03-13 00:00:00'::timestamp(0) without time zone), (LLVM Optimized)"}, {"Node Type": "Hash", "Parent Relationship": "Inner", "Startup Cost": 2000085337619.26, "Total Cost": 2000085337619.26, "Plan Rows": 715772, "Plan Width": 20, "Plans": [{"Node Type": "Hash Join", "Parent Relationship": "Outer", "Join Type": "Inner", "Startup Cost": 1010008455334.97, "Total Cost": 2000085337619.26, "Plan Rows": 715772, "Plan Width": 20, "Inner Unique": true, "Hash Cond": "(orders.o_custkey = customer.c_custkey), (LLVM Optimized)", "Plans": [{"Node Type": "Index Scan", "Parent Relationship": "Outer", "Scan Direction": "Forward", "Index Name": "orders_pkey", "Relation Name": "orders", "Alias": "orders", "Startup Cost": 10000000000.0, "Total Cost": 1000076847713.25, "Plan Rows": 7310217, "Plan Width": 28, "Filter": "(o_orderdate < '1995-03-13 00:00:00'::timestamp(0) without time zone), (LLVM Optimized)"}, {"Node Type": "Hash", "Parent Relationship": "Inner", "Startup Cost": 1000008451535.62, "Total Cost": 1000008451535.62, "Plan Rows": 303948, "Plan Width": 8, "Plans": [{"Node Type": "Index Scan", "Parent Relationship": "Outer", "Scan Direction": "Forward", "Index Name": "customer_pkey", "Relation Name": "customer", "Alias": "customer", "Startup Cost": 10000000000.0, "Total Cost": 1000008451535.62, "Plan Rows": 303948, "Plan Width": 8, "Filter": "(c_mktsegment = 'AUTOMOBILE'::bpchar), (LLVM Optimized)"}]}]}]}]}]}]}]}, "Unique SQL Id": 3929762122, "Planner Runtime": 0}, "explain_analyze_plan": null}, "(16, '48')": {"explain_plan": {"Plan": {"Node Type": "Limit", "Startup Cost": 2671272.65, "Total Cost": 2671272.68, "Plan Rows": 10, "Plan Width": 44, "Plans": [{"Node Type": "Sort", "Parent Relationship": "Outer", "Startup Cost": 2671272.65, "Total Cost": 2680170.77, "Plan Rows": 10, "Plan Width": 44, "Sort Key": ["(sum((lineitem.l_extendedprice * (1::double precision - lineitem.l_discount)))) DESC", "orders.o_orderdate"], "Plans": [{"Node Type": "Aggregate", "Strategy": "Hashed", "Parent Relationship": "Outer", "Startup Cost": 2558766.13, "Total Cost": 2594358.6, "Plan Rows": 3559247, "Plan Width": 44, "Group By Key": ["lineitem.l_orderkey", "orders.o_orderdate", "orders.o_shippriority"], "Plans": [{"Node Type": "Nested Loop", "Parent Relationship": "Outer", "Join Type": "Inner", "Startup Cost": 0.0, "Total Cost": 2505377.43, "Plan Rows": 3559247, "Plan Width": 36, "Inner Unique": false, "Plans": [{"Node Type": "Nested Loop", "Parent Relationship": "Outer", "Join Type": "Inner", "Startup Cost": 0.0, "Total Cost": 1500833.09, "Plan Rows": 715772, "Plan Width": 20, "Inner Unique": false, "Plans": [{"Node Type": "Seq Scan", "Parent Relationship": "Outer", "Relation Name": "customer", "Alias": "customer", "Startup Cost": 0.0, "Total Cost": 55876.0, "Plan Rows": 303948, "Plan Width": 8, "Filter": "(c_mktsegment = 'AUTOMOBILE'::bpchar), (LLVM Optimized)"}, {"Node Type": "Index Scan", "Parent Relationship": "Inner", "Scan Direction": "Forward", "Index Name": "idx_orders_custkey", "Relation Name": "orders", "Alias": "orders", "Startup Cost": 0.0, "Total Cost": 4.73, "Plan Rows": 2, "Plan Width": 28, "Index Cond": "(o_custkey = customer.c_custkey)", "Filter": "(o_orderdate < '1995-03-13 00:00:00'::timestamp(0) without time zone)"}]}, {"Node Type": "Index Scan", "Parent Relationship": "Inner", "Scan Direction": "Forward", "Index Name": "idx_lineitem_orderkey", "Relation Name": "lineitem", "Alias": "lineitem", "Startup Cost": 0.0, "Total Cost": 1.35, "Plan Rows": 5, "Plan Width": 24, "Index Cond": "(l_orderkey = orders.o_orderkey)", "Filter": "(l_shipdate > '1995-03-13 00:00:00'::timestamp(0) without time zone)"}]}]}]}]}, "Unique SQL Id": 3929762122, "Planner Runtime": 0}, "explain_analyze_plan": {"Plan": {"Node Type": "Limit", "Startup Cost": 2671272.65, "Total Cost": 2671272.68, "Plan Rows": 10, "Plan Width": 44, "Actual Startup Time": 27307.658, "Actual Total Time": 27307.661, "Actual Rows": 10, "Actual Loops": 1, "Plans": [{"Node Type": "Sort", "Parent Relationship": "Outer", "Startup Cost": 2671272.65, "Total Cost": 2680170.77, "Plan Rows": 10, "Plan Width": 44, "Actual Startup Time": 27307.656, "Actual Total Time": 27307.657, "Actual Rows": 10, "Actual Loops": 1, "Sort Key": ["(sum((lineitem.l_extendedprice * (1::double precision - lineitem.l_discount)))) DESC", "orders.o_orderdate"], "Sort Method": "top-N heapsort", "Sort Space Used": 26, "Sort Space Type": "Memory", "Plans": [{"Node Type": "Aggregate", "Strategy": "Hashed", "Parent Relationship": "Outer", "Startup Cost": 2558766.13, "Total Cost": 2594358.6, "Plan Rows": 3559247, "Plan Width": 44, "Actual Startup Time": 27198.835, "Actual Total Time": 27279.953, "Actual Rows": 113719, "Actual Loops": 1, "Group By Key": ["lineitem.l_orderkey", "orders.o_orderdate", "orders.o_shippriority"], "Plans": [{"Node Type": "Nested Loop", "Parent Relationship": "Outer", "Join Type": "Inner", "Startup Cost": 0.0, "Total Cost": 2505377.43, "Plan Rows": 3559247, "Plan Width": 36, "Actual Startup Time": 0.206, "Actual Total Time": 26869.94, "Actual Rows": 300219, "Actual Loops": 1, "Inner Unique": false, "Plans": [{"Node Type": "Nested Loop", "Parent Relationship": "Outer", "Join Type": "Inner", "Startup Cost": 0.0, "Total Cost": 1500833.09, "Plan Rows": 715772, "Plan Width": 20, "Actual Startup Time": 0.099, "Actual Total Time": 9483.207, "Actual Rows": 1455173, "Actual Loops": 1, "Inner Unique": false, "Plans": [{"Node Type": "Seq Scan", "Parent Relationship": "Outer", "Relation Name": "customer", "Alias": "customer", "Startup Cost": 0.0, "Total Cost": 55876.0, "Plan Rows": 303948, "Plan Width": 8, "Actual Startup Time": 0.05, "Actual Total Time": 634.296, "Actual Rows": 300036, "Actual Loops": 1, "Filter": "(c_mktsegment = 'AUTOMOBILE'::bpchar), (LLVM Optimized, Jit Execute)", "Rows Removed by Filter": 1199964}, {"Node Type": "Index Scan", "Parent Relationship": "Inner", "Scan Direction": "Forward", "Index Name": "idx_orders_custkey", "Relation Name": "orders", "Alias": "orders", "Startup Cost": 0.0, "Total Cost": 4.73, "Plan Rows": 2, "Plan Width": 28, "Actual Startup Time": 2084.306, "Actual Total Time": 8313.681, "Actual Rows": 1455173, "Actual Loops": 300036, "Index Cond": "(o_custkey = customer.c_custkey)", "Rows Removed by Index Recheck": 0, "Filter": "(o_orderdate < '1995-03-13 00:00:00'::timestamp(0) without time zone)", "Rows Removed by Filter": 1545367}]}, {"Node Type": "Index Scan", "Parent Relationship": "Inner", "Scan Direction": "Forward", "Index Name": "idx_lineitem_orderkey", "Relation Name": "lineitem", "Alias": "lineitem", "Startup Cost": 0.0, "Total Cost": 1.35, "Plan Rows": 5, "Plan Width": 24, "Actual Startup Time": 16270.859, "Actual Total Time": 16558.196, "Actual Rows": 300219, "Actual Loops": 1455173, "Index Cond": "(l_orderkey = orders.o_orderkey)", "Rows Removed by Index Recheck": 0, "Filter": "(l_shipdate > '1995-03-13 00:00:00'::timestamp(0) without time zone)", "Rows Removed by Filter": 5519788}]}]}]}]}, "Triggers": [], "Planner Runtime": 0.649, "Total Runtime": 27317.051, "Unique SQL Id": 3929762122}}, "(16, '49')": {"explain_plan": {"Plan": {"Node Type": "Limit", "Startup Cost": 2699912.01, "Total Cost": 2699912.03, "Plan Rows": 10, "Plan Width": 44, "Plans": [{"Node Type": "Sort", "Parent Relationship": "Outer", "Startup Cost": 2699912.01, "Total Cost": 2708810.13, "Plan Rows": 10, "Plan Width": 44, "Sort Key": ["(sum((lineitem.l_extendedprice * (1::double precision - lineitem.l_discount)))) DESC", "orders.o_orderdate"], "Plans": [{"Node Type": "Aggregate", "Strategy": "Hashed", "Parent Relationship": "Outer", "Startup Cost": 2587405.49, "Total Cost": 2622997.96, "Plan Rows": 3559247, "Plan Width": 44, "Group By Key": ["lineitem.l_orderkey", "orders.o_orderdate", "orders.o_shippriority"], "Plans": [{"Node Type": "Nested Loop", "Parent Relationship": "Outer", "Join Type": "Inner", "Startup Cost": 0.0, "Total Cost": 2534016.78, "Plan Rows": 3559247, "Plan Width": 36, "Inner Unique": false, "Plans": [{"Node Type": "Nested Loop", "Parent Relationship": "Outer", "Join Type": "Inner", "Startup Cost": 0.0, "Total Cost": 1529472.45, "Plan Rows": 715772, "Plan Width": 20, "Inner Unique": false, "Plans": [{"Node Type": "Index Scan", "Parent Relationship": "Outer", "Scan Direction": "Forward", "Index Name": "customer_pkey", "Relation Name": "customer", "Alias": "customer", "Startup Cost": 0.0, "Total Cost": 84515.36, "Plan Rows": 303948, "Plan Width": 8, "Filter": "(c_mktsegment = 'AUTOMOBILE'::bpchar), (LLVM Optimized)"}, {"Node Type": "Index Scan", "Parent Relationship": "Inner", "Scan Direction": "Forward", "Index Name": "idx_orders_custkey", "Relation Name": "orders", "Alias": "orders", "Startup Cost": 0.0, "Total Cost": 4.73, "Plan Rows": 2, "Plan Width": 28, "Index Cond": "(o_custkey = customer.c_custkey)", "Filter": "(o_orderdate < '1995-03-13 00:00:00'::timestamp(0) without time zone)"}]}, {"Node Type": "Index Scan", "Parent Relationship": "Inner", "Scan Direction": "Forward", "Index Name": "idx_lineitem_orderkey", "Relation Name": "lineitem", "Alias": "lineitem", "Startup Cost": 0.0, "Total Cost": 1.35, "Plan Rows": 5, "Plan Width": 24, "Index Cond": "(l_orderkey = orders.o_orderkey)", "Filter": "(l_shipdate > '1995-03-13 00:00:00'::timestamp(0) without time zone)"}]}]}]}]}, "Unique SQL Id": 3929762122, "Planner Runtime": 0}, "explain_analyze_plan": {"Plan": {"Node Type": "Limit", "Startup Cost": 2699912.01, "Total Cost": 2699912.03, "Plan Rows": 10, "Plan Width": 44, "Actual Startup Time": 27778.236, "Actual Total Time": 27778.239, "Actual Rows": 10, "Actual Loops": 1, "Plans": [{"Node Type": "Sort", "Parent Relationship": "Outer", "Startup Cost": 2699912.01, "Total Cost": 2708810.13, "Plan Rows": 10, "Plan Width": 44, "Actual Startup Time": 27778.233, "Actual Total Time": 27778.235, "Actual Rows": 10, "Actual Loops": 1, "Sort Key": ["(sum((lineitem.l_extendedprice * (1::double precision - lineitem.l_discount)))) DESC", "orders.o_orderdate"], "Sort Method": "top-N heapsort", "Sort Space Used": 26, "Sort Space Type": "Memory", "Plans": [{"Node Type": "Aggregate", "Strategy": "Hashed", "Parent Relationship": "Outer", "Startup Cost": 2587405.49, "Total Cost": 2622997.96, "Plan Rows": 3559247, "Plan Width": 44, "Actual Startup Time": 27694.368, "Actual Total Time": 27751.144, "Actual Rows": 113719, "Actual Loops": 1, "Group By Key": ["lineitem.l_orderkey", "orders.o_orderdate", "orders.o_shippriority"], "Plans": [{"Node Type": "Nested Loop", "Parent Relationship": "Outer", "Join Type": "Inner", "Startup Cost": 0.0, "Total Cost": 2534016.78, "Plan Rows": 3559247, "Plan Width": 36, "Actual Startup Time": 0.221, "Actual Total Time": 27347.965, "Actual Rows": 300219, "Actual Loops": 1, "Inner Unique": false, "Plans": [{"Node Type": "Nested Loop", "Parent Relationship": "Outer", "Join Type": "Inner", "Startup Cost": 0.0, "Total Cost": 1529472.45, "Plan Rows": 715772, "Plan Width": 20, "Actual Startup Time": 0.102, "Actual Total Time": 9832.13, "Actual Rows": 1455173, "Actual Loops": 1, "Inner Unique": false, "Plans": [{"Node Type": "Index Scan", "Parent Relationship": "Outer", "Scan Direction": "Forward", "Index Name": "customer_pkey", "Relation Name": "customer", "Alias": "customer", "Startup Cost": 0.0, "Total Cost": 84515.36, "Plan Rows": 303948, "Plan Width": 8, "Actual Startup Time": 0.073, "Actual Total Time": 1122.937, "Actual Rows": 300036, "Actual Loops": 1, "Filter": "(c_mktsegment = 'AUTOMOBILE'::bpchar), (LLVM Optimized, Jit Execute)", "Rows Removed by Filter": 1199964}, {"Node Type": "Index Scan", "Parent Relationship": "Inner", "Scan Direction": "Forward", "Index Name": "idx_orders_custkey", "Relation Name": "orders", "Alias": "orders", "Startup Cost": 0.0, "Total Cost": 4.73, "Plan Rows": 2, "Plan Width": 28, "Actual Startup Time": 2071.576, "Actual Total Time": 8180.225, "Actual Rows": 1455173, "Actual Loops": 300036, "Index Cond": "(o_custkey = customer.c_custkey)", "Rows Removed by Index Recheck": 0, "Filter": "(o_orderdate < '1995-03-13 00:00:00'::timestamp(0) without time zone)", "Rows Removed by Filter": 1545367}]}, {"Node Type": "Index Scan", "Parent Relationship": "Inner", "Scan Direction": "Forward", "Index Name": "idx_lineitem_orderkey", "Relation Name": "lineitem", "Alias": "lineitem", "Startup Cost": 0.0, "Total Cost": 1.35, "Plan Rows": 5, "Plan Width": 24, "Actual Startup Time": 16408.608, "Actual Total Time": 16700.86, "Actual Rows": 300219, "Actual Loops": 1455173, "Index Cond": "(l_orderkey = orders.o_orderkey)", "Rows Removed by Index Recheck": 0, "Filter": "(l_shipdate > '1995-03-13 00:00:00'::timestamp(0) without time zone)", "Rows Removed by Filter": 5519788}]}]}]}]}, "Triggers": [], "Planner Runtime": 1.143, "Total Runtime": 27787.738, "Unique SQL Id": 3929762122}}, "(16, '50')": {"explain_plan": {"Plan": {"Node Type": "Limit", "Startup Cost": 5091242.79, "Total Cost": 5091242.81, "Plan Rows": 10, "Plan Width": 44, "Plans": [{"Node Type": "Sort", "Parent Relationship": "Outer", "Startup Cost": 5091242.79, "Total Cost": 5100140.91, "Plan Rows": 10, "Plan Width": 44, "Sort Key": ["(sum((lineitem.l_extendedprice * (1::double precision - lineitem.l_discount)))) DESC", "orders.o_orderdate"], "Plans": [{"Node Type": "Aggregate", "Strategy": "Hashed", "Parent Relationship": "Outer", "Startup Cost": 4978736.27, "Total Cost": 5014328.74, "Plan Rows": 3559247, "Plan Width": 44, "Group By Key": ["lineitem.l_orderkey", "orders.o_orderdate", "orders.o_shippriority"], "Plans": [{"Node Type": "Nested Loop", "Parent Relationship": "Outer", "Join Type": "Inner", "Startup Cost": 1.48, "Total Cost": 4925347.57, "Plan Rows": 3559247, "Plan Width": 36, "Inner Unique": false, "Plans": [{"Node Type": "Nested Loop", "Parent Relationship": "Outer", "Join Type": "Inner", "Startup Cost": 1.04, "Total Cost": 1611109.25, "Plan Rows": 715772, "Plan Width": 20, "Inner Unique": false, "Plans": [{"Node Type": "Seq Scan", "Parent Relationship": "Outer", "Relation Name": "customer", "Alias": "customer", "Startup Cost": 0.0, "Total Cost": 55876.0, "Plan Rows": 303948, "Plan Width": 8, "Filter": "(c_mktsegment = 'AUTOMOBILE'::bpchar), (LLVM Optimized)"}, {"Node Type": "Bitmap Heap Scan", "Parent Relationship": "Inner", "Relation Name": "orders", "Alias": "orders", "Startup Cost": 1.04, "Total Cost": 5.1, "Plan Rows": 2, "Plan Width": 28, "Recheck Cond": "(o_custkey = customer.c_custkey)", "Filter": "(o_orderdate < '1995-03-13 00:00:00'::timestamp(0) without time zone)", "Plans": [{"Node Type": "Bitmap Index Scan", "Parent Relationship": "Outer", "Index Name": "idx_orders_custkey", "Startup Cost": 0.0, "Total Cost": 1.04, "Plan Rows": 4, "Plan Width": 0, "Index Cond": "(o_custkey = customer.c_custkey)"}]}]}, {"Node Type": "Bitmap Heap Scan", "Parent Relationship": "Inner", "Relation Name": "lineitem", "Alias": "lineitem", "Startup Cost": 0.45, "Total Cost": 4.58, "Plan Rows": 5, "Plan Width": 24, "Recheck Cond": "(l_orderkey = orders.o_orderkey)", "Filter": "(l_shipdate > '1995-03-13 00:00:00'::timestamp(0) without time zone)", "Plans": [{"Node Type": "Bitmap Index Scan", "Parent Relationship": "Outer", "Index Name": "idx_lineitem_orderkey", "Startup Cost": 0.0, "Total Cost": 0.44, "Plan Rows": 9, "Plan Width": 0, "Index Cond": "(l_orderkey = orders.o_orderkey)"}]}]}]}]}]}, "Unique SQL Id": 3929762122, "Planner Runtime": 0}, "explain_analyze_plan": {"Plan": {"Node Type": "Limit", "Startup Cost": 5091242.79, "Total Cost": 5091242.81, "Plan Rows": 10, "Plan Width": 44, "Actual Startup Time": 32039.985, "Actual Total Time": 32039.988, "Actual Rows": 10, "Actual Loops": 1, "Plans": [{"Node Type": "Sort", "Parent Relationship": "Outer", "Startup Cost": 5091242.79, "Total Cost": 5100140.91, "Plan Rows": 10, "Plan Width": 44, "Actual Startup Time": 32039.981, "Actual Total Time": 32039.982, "Actual Rows": 10, "Actual Loops": 1, "Sort Key": ["(sum((lineitem.l_extendedprice * (1::double precision - lineitem.l_discount)))) DESC", "orders.o_orderdate"], "Sort Method": "top-N heapsort", "Sort Space Used": 26, "Sort Space Type": "Memory", "Plans": [{"Node Type": "Aggregate", "Strategy": "Hashed", "Parent Relationship": "Outer", "Startup Cost": 4978736.27, "Total Cost": 5014328.74, "Plan Rows": 3559247, "Plan Width": 44, "Actual Startup Time": 31956.19, "Actual Total Time": 32012.719, "Actual Rows": 113719, "Actual Loops": 1, "Group By Key": ["lineitem.l_orderkey", "orders.o_orderdate", "orders.o_shippriority"], "Plans": [{"Node Type": "Nested Loop", "Parent Relationship": "Outer", "Join Type": "Inner", "Startup Cost": 1.48, "Total Cost": 4925347.57, "Plan Rows": 3559247, "Plan Width": 36, "Actual Startup Time": 0.26, "Actual Total Time": 31574.83, "Actual Rows": 300219, "Actual Loops": 1, "Inner Unique": false, "Plans": [{"Node Type": "Nested Loop", "Parent Relationship": "Outer", "Join Type": "Inner", "Startup Cost": 1.04, "Total Cost": 1611109.25, "Plan Rows": 715772, "Plan Width": 20, "Actual Startup Time": 0.119, "Actual Total Time": 11427.093, "Actual Rows": 1455173, "Actual Loops": 1, "Inner Unique": false, "Plans": [{"Node Type": "Seq Scan", "Parent Relationship": "Outer", "Relation Name": "customer", "Alias": "customer", "Startup Cost": 0.0, "Total Cost": 55876.0, "Plan Rows": 303948, "Plan Width": 8, "Actual Startup Time": 0.052, "Actual Total Time": 661.009, "Actual Rows": 300036, "Actual Loops": 1, "Filter": "(c_mktsegment = 'AUTOMOBILE'::bpchar), (LLVM Optimized, Jit Execute)", "Rows Removed by Filter": 1199964}, {"Node Type": "Bitmap Heap Scan", "Parent Relationship": "Inner", "Relation Name": "orders", "Alias": "orders", "Startup Cost": 1.04, "Total Cost": 5.1, "Plan Rows": 2, "Plan Width": 28, "Actual Startup Time": 3204.715, "Actual Total Time": 10006.773, "Actual Rows": 1455173, "Actual Loops": 300036, "Recheck Cond": "(o_custkey = customer.c_custkey)", "Rows Removed by Index Recheck": 0, "Filter": "(o_orderdate < '1995-03-13 00:00:00'::timestamp(0) without time zone)", "Rows Removed by Filter": 1545367, "Exact Heap Blocks": 3000452, "Lossy Heap Blocks": 3000452, "Plans": [{"Node Type": "Bitmap Index Scan", "Parent Relationship": "Outer", "Index Name": "idx_orders_custkey", "Startup Cost": 0.0, "Total Cost": 1.04, "Plan Rows": 4, "Plan Width": 0, "Actual Startup Time": 1523.913, "Actual Total Time": 1523.913, "Actual Rows": 3000540, "Actual Loops": 300036, "Index Cond": "(o_custkey = customer.c_custkey)"}]}]}, {"Node Type": "Bitmap Heap Scan", "Parent Relationship": "Inner", "Relation Name": "lineitem", "Alias": "lineitem", "Startup Cost": 0.45, "Total Cost": 4.58, "Plan Rows": 5, "Plan Width": 24, "Actual Startup Time": 18248.569, "Actual Total Time": 18371.242, "Actual Rows": 300219, "Actual Loops": 1455173, "Recheck Cond": "(l_orderkey = orders.o_orderkey)", "Rows Removed by Index Recheck": 0, "Filter": "(l_shipdate > '1995-03-13 00:00:00'::timestamp(0) without time zone)", "Rows Removed by Filter": 5519788, "Exact Heap Blocks": 1558994, "Lossy Heap Blocks": 1558994, "Plans": [{"Node Type": "Bitmap Index Scan", "Parent Relationship": "Outer", "Index Name": "idx_lineitem_orderkey", "Startup Cost": 0.0, "Total Cost": 0.44, "Plan Rows": 9, "Plan Width": 0, "Actual Startup Time": 10382.283, "Actual Total Time": 10382.283, "Actual Rows": 5820007, "Actual Loops": 1455173, "Index Cond": "(l_orderkey = orders.o_orderkey)"}]}]}]}]}]}, "Triggers": [], "Planner Runtime": 0.683, "Total Runtime": 32049.538, "Unique SQL Id": 3929762122}}, "(16, '51')": {"explain_plan": {"Plan": {"Node Type": "Limit", "Startup Cost": 35345596.54, "Total Cost": 35345596.56, "Plan Rows": 10, "Plan Width": 44, "Plans": [{"Node Type": "Sort", "Parent Relationship": "Outer", "Startup Cost": 35345596.54, "Total Cost": 35354494.65, "Plan Rows": 10, "Plan Width": 44, "Sort Key": ["(sum((lineitem.l_extendedprice * (1::double precision - lineitem.l_discount)))) DESC", "orders.o_orderdate"], "Plans": [{"Node Type": "Aggregate", "Strategy": "Hashed", "Parent Relationship": "Outer", "Startup Cost": 35233090.02, "Total Cost": 35268682.49, "Plan Rows": 3559247, "Plan Width": 44, "Group By Key": ["lineitem.l_orderkey", "orders.o_orderdate", "orders.o_shippriority"], "Plans": [{"Node Type": "Nested Loop", "Parent Relationship": "Outer", "Join Type": "Inner", "Startup Cost": 168699.14, "Total Cost": 35179701.31, "Plan Rows": 3559247, "Plan Width": 36, "Inner Unique": false, "Plans": [{"Node Type": "Nested Loop", "Parent Relationship": "Outer", "Join Type": "Inner", "Startup Cost": 168698.69, "Total Cost": 31865463.0, "Plan Rows": 715772, "Plan Width": 20, "Inner Unique": true, "Plans": [{"Node Type": "Bitmap Heap Scan", "Parent Relationship": "Outer", "Relation Name": "orders", "Alias": "orders", "Startup Cost": 168698.43, "Total Cost": 536495.14, "Plan Rows": 7310217, "Plan Width": 28, "Recheck Cond": "(o_orderdate < '1995-03-13 00:00:00'::timestamp(0) without time zone), (LLVM Optimized)", "Plans": [{"Node Type": "Bitmap Index Scan", "Parent Relationship": "Outer", "Index Name": "idx_orders_orderdate", "Startup Cost": 0.0, "Total Cost": 166870.88, "Plan Rows": 7310217, "Plan Width": 0, "Index Cond": "(o_orderdate < '1995-03-13 00:00:00'::timestamp(0) without time zone)"}]}, {"Node Type": "Bitmap Heap Scan", "Parent Relationship": "Inner", "Relation Name": "customer", "Alias": "customer", "Startup Cost": 0.26, "Total Cost": 4.28, "Plan Rows": 1, "Plan Width": 8, "Recheck Cond": "(c_custkey = orders.o_custkey)", "Filter": "(c_mktsegment = 'AUTOMOBILE'::bpchar)", "Plans": [{"Node Type": "Bitmap Index Scan", "Parent Relationship": "Outer", "Index Name": "customer_pkey", "Startup Cost": 0.0, "Total Cost": 0.26, "Plan Rows": 1, "Plan Width": 0, "Index Cond": "(c_custkey = orders.o_custkey)"}]}]}, {"Node Type": "Bitmap Heap Scan", "Parent Relationship": "Inner", "Relation Name": "lineitem", "Alias": "lineitem", "Startup Cost": 0.45, "Total Cost": 4.58, "Plan Rows": 5, "Plan Width": 24, "Recheck Cond": "(l_orderkey = orders.o_orderkey)", "Filter": "(l_shipdate > '1995-03-13 00:00:00'::timestamp(0) without time zone)", "Plans": [{"Node Type": "Bitmap Index Scan", "Parent Relationship": "Outer", "Index Name": "idx_lineitem_orderkey", "Startup Cost": 0.0, "Total Cost": 0.44, "Plan Rows": 9, "Plan Width": 0, "Index Cond": "(l_orderkey = orders.o_orderkey)"}]}]}]}]}]}, "Unique SQL Id": 3929762122, "Planner Runtime": 1}, "explain_analyze_plan": null}, "(16, '52')": {"explain_plan": {"Plan": {"Node Type": "Limit", "Startup Cost": 2671272.65, "Total Cost": 2671272.68, "Plan Rows": 10, "Plan Width": 44, "Plans": [{"Node Type": "Sort", "Parent Relationship": "Outer", "Startup Cost": 2671272.65, "Total Cost": 2680170.77, "Plan Rows": 10, "Plan Width": 44, "Sort Key": ["(sum((lineitem.l_extendedprice * (1::double precision - lineitem.l_discount)))) DESC", "orders.o_orderdate"], "Plans": [{"Node Type": "Aggregate", "Strategy": "Hashed", "Parent Relationship": "Outer", "Startup Cost": 2558766.13, "Total Cost": 2594358.6, "Plan Rows": 3559247, "Plan Width": 44, "Group By Key": ["lineitem.l_orderkey", "orders.o_orderdate", "orders.o_shippriority"], "Plans": [{"Node Type": "Nested Loop", "Parent Relationship": "Outer", "Join Type": "Inner", "Startup Cost": 0.0, "Total Cost": 2505377.43, "Plan Rows": 3559247, "Plan Width": 36, "Inner Unique": false, "Plans": [{"Node Type": "Nested Loop", "Parent Relationship": "Outer", "Join Type": "Inner", "Startup Cost": 0.0, "Total Cost": 1500833.09, "Plan Rows": 715772, "Plan Width": 20, "Inner Unique": false, "Plans": [{"Node Type": "Seq Scan", "Parent Relationship": "Outer", "Relation Name": "customer", "Alias": "customer", "Startup Cost": 0.0, "Total Cost": 55876.0, "Plan Rows": 303948, "Plan Width": 8, "Filter": "(c_mktsegment = 'AUTOMOBILE'::bpchar), (LLVM Optimized)"}, {"Node Type": "Index Scan", "Parent Relationship": "Inner", "Scan Direction": "Forward", "Index Name": "idx_orders_custkey", "Relation Name": "orders", "Alias": "orders", "Startup Cost": 0.0, "Total Cost": 4.73, "Plan Rows": 2, "Plan Width": 28, "Index Cond": "(o_custkey = customer.c_custkey)", "Filter": "(o_orderdate < '1995-03-13 00:00:00'::timestamp(0) without time zone)"}]}, {"Node Type": "Index Scan", "Parent Relationship": "Inner", "Scan Direction": "Forward", "Index Name": "idx_lineitem_orderkey", "Relation Name": "lineitem", "Alias": "lineitem", "Startup Cost": 0.0, "Total Cost": 1.35, "Plan Rows": 5, "Plan Width": 24, "Index Cond": "(l_orderkey = orders.o_orderkey)", "Filter": "(l_shipdate > '1995-03-13 00:00:00'::timestamp(0) without time zone)"}]}]}]}]}, "Unique SQL Id": 3929762122, "Planner Runtime": 0}, "explain_analyze_plan": {"Plan": {"Node Type": "Limit", "Startup Cost": 2671272.65, "Total Cost": 2671272.68, "Plan Rows": 10, "Plan Width": 44, "Actual Startup Time": 27307.658, "Actual Total Time": 27307.661, "Actual Rows": 10, "Actual Loops": 1, "Plans": [{"Node Type": "Sort", "Parent Relationship": "Outer", "Startup Cost": 2671272.65, "Total Cost": 2680170.77, "Plan Rows": 10, "Plan Width": 44, "Actual Startup Time": 27307.656, "Actual Total Time": 27307.657, "Actual Rows": 10, "Actual Loops": 1, "Sort Key": ["(sum((lineitem.l_extendedprice * (1::double precision - lineitem.l_discount)))) DESC", "orders.o_orderdate"], "Sort Method": "top-N heapsort", "Sort Space Used": 26, "Sort Space Type": "Memory", "Plans": [{"Node Type": "Aggregate", "Strategy": "Hashed", "Parent Relationship": "Outer", "Startup Cost": 2558766.13, "Total Cost": 2594358.6, "Plan Rows": 3559247, "Plan Width": 44, "Actual Startup Time": 27198.835, "Actual Total Time": 27279.953, "Actual Rows": 113719, "Actual Loops": 1, "Group By Key": ["lineitem.l_orderkey", "orders.o_orderdate", "orders.o_shippriority"], "Plans": [{"Node Type": "Nested Loop", "Parent Relationship": "Outer", "Join Type": "Inner", "Startup Cost": 0.0, "Total Cost": 2505377.43, "Plan Rows": 3559247, "Plan Width": 36, "Actual Startup Time": 0.206, "Actual Total Time": 26869.94, "Actual Rows": 300219, "Actual Loops": 1, "Inner Unique": false, "Plans": [{"Node Type": "Nested Loop", "Parent Relationship": "Outer", "Join Type": "Inner", "Startup Cost": 0.0, "Total Cost": 1500833.09, "Plan Rows": 715772, "Plan Width": 20, "Actual Startup Time": 0.099, "Actual Total Time": 9483.207, "Actual Rows": 1455173, "Actual Loops": 1, "Inner Unique": false, "Plans": [{"Node Type": "Seq Scan", "Parent Relationship": "Outer", "Relation Name": "customer", "Alias": "customer", "Startup Cost": 0.0, "Total Cost": 55876.0, "Plan Rows": 303948, "Plan Width": 8, "Actual Startup Time": 0.05, "Actual Total Time": 634.296, "Actual Rows": 300036, "Actual Loops": 1, "Filter": "(c_mktsegment = 'AUTOMOBILE'::bpchar), (LLVM Optimized, Jit Execute)", "Rows Removed by Filter": 1199964}, {"Node Type": "Index Scan", "Parent Relationship": "Inner", "Scan Direction": "Forward", "Index Name": "idx_orders_custkey", "Relation Name": "orders", "Alias": "orders", "Startup Cost": 0.0, "Total Cost": 4.73, "Plan Rows": 2, "Plan Width": 28, "Actual Startup Time": 2084.306, "Actual Total Time": 8313.681, "Actual Rows": 1455173, "Actual Loops": 300036, "Index Cond": "(o_custkey = customer.c_custkey)", "Rows Removed by Index Recheck": 0, "Filter": "(o_orderdate < '1995-03-13 00:00:00'::timestamp(0) without time zone)", "Rows Removed by Filter": 1545367}]}, {"Node Type": "Index Scan", "Parent Relationship": "Inner", "Scan Direction": "Forward", "Index Name": "idx_lineitem_orderkey", "Relation Name": "lineitem", "Alias": "lineitem", "Startup Cost": 0.0, "Total Cost": 1.35, "Plan Rows": 5, "Plan Width": 24, "Actual Startup Time": 16270.859, "Actual Total Time": 16558.196, "Actual Rows": 300219, "Actual Loops": 1455173, "Index Cond": "(l_orderkey = orders.o_orderkey)", "Rows Removed by Index Recheck": 0, "Filter": "(l_shipdate > '1995-03-13 00:00:00'::timestamp(0) without time zone)", "Rows Removed by Filter": 5519788}]}]}]}]}, "Triggers": [], "Planner Runtime": 0.649, "Total Runtime": 27317.051, "Unique SQL Id": 3929762122}}, "(16, '53')": {"explain_plan": {"Plan": {"Node Type": "Limit", "Startup Cost": 2699912.01, "Total Cost": 2699912.03, "Plan Rows": 10, "Plan Width": 44, "Plans": [{"Node Type": "Sort", "Parent Relationship": "Outer", "Startup Cost": 2699912.01, "Total Cost": 2708810.13, "Plan Rows": 10, "Plan Width": 44, "Sort Key": ["(sum((lineitem.l_extendedprice * (1::double precision - lineitem.l_discount)))) DESC", "orders.o_orderdate"], "Plans": [{"Node Type": "Aggregate", "Strategy": "Hashed", "Parent Relationship": "Outer", "Startup Cost": 2587405.49, "Total Cost": 2622997.96, "Plan Rows": 3559247, "Plan Width": 44, "Group By Key": ["lineitem.l_orderkey", "orders.o_orderdate", "orders.o_shippriority"], "Plans": [{"Node Type": "Nested Loop", "Parent Relationship": "Outer", "Join Type": "Inner", "Startup Cost": 0.0, "Total Cost": 2534016.78, "Plan Rows": 3559247, "Plan Width": 36, "Inner Unique": false, "Plans": [{"Node Type": "Nested Loop", "Parent Relationship": "Outer", "Join Type": "Inner", "Startup Cost": 0.0, "Total Cost": 1529472.45, "Plan Rows": 715772, "Plan Width": 20, "Inner Unique": false, "Plans": [{"Node Type": "Index Scan", "Parent Relationship": "Outer", "Scan Direction": "Forward", "Index Name": "customer_pkey", "Relation Name": "customer", "Alias": "customer", "Startup Cost": 0.0, "Total Cost": 84515.36, "Plan Rows": 303948, "Plan Width": 8, "Filter": "(c_mktsegment = 'AUTOMOBILE'::bpchar), (LLVM Optimized)"}, {"Node Type": "Index Scan", "Parent Relationship": "Inner", "Scan Direction": "Forward", "Index Name": "idx_orders_custkey", "Relation Name": "orders", "Alias": "orders", "Startup Cost": 0.0, "Total Cost": 4.73, "Plan Rows": 2, "Plan Width": 28, "Index Cond": "(o_custkey = customer.c_custkey)", "Filter": "(o_orderdate < '1995-03-13 00:00:00'::timestamp(0) without time zone)"}]}, {"Node Type": "Index Scan", "Parent Relationship": "Inner", "Scan Direction": "Forward", "Index Name": "idx_lineitem_orderkey", "Relation Name": "lineitem", "Alias": "lineitem", "Startup Cost": 0.0, "Total Cost": 1.35, "Plan Rows": 5, "Plan Width": 24, "Index Cond": "(l_orderkey = orders.o_orderkey)", "Filter": "(l_shipdate > '1995-03-13 00:00:00'::timestamp(0) without time zone)"}]}]}]}]}, "Unique SQL Id": 3929762122, "Planner Runtime": 0}, "explain_analyze_plan": {"Plan": {"Node Type": "Limit", "Startup Cost": 2699912.01, "Total Cost": 2699912.03, "Plan Rows": 10, "Plan Width": 44, "Actual Startup Time": 27778.236, "Actual Total Time": 27778.239, "Actual Rows": 10, "Actual Loops": 1, "Plans": [{"Node Type": "Sort", "Parent Relationship": "Outer", "Startup Cost": 2699912.01, "Total Cost": 2708810.13, "Plan Rows": 10, "Plan Width": 44, "Actual Startup Time": 27778.233, "Actual Total Time": 27778.235, "Actual Rows": 10, "Actual Loops": 1, "Sort Key": ["(sum((lineitem.l_extendedprice * (1::double precision - lineitem.l_discount)))) DESC", "orders.o_orderdate"], "Sort Method": "top-N heapsort", "Sort Space Used": 26, "Sort Space Type": "Memory", "Plans": [{"Node Type": "Aggregate", "Strategy": "Hashed", "Parent Relationship": "Outer", "Startup Cost": 2587405.49, "Total Cost": 2622997.96, "Plan Rows": 3559247, "Plan Width": 44, "Actual Startup Time": 27694.368, "Actual Total Time": 27751.144, "Actual Rows": 113719, "Actual Loops": 1, "Group By Key": ["lineitem.l_orderkey", "orders.o_orderdate", "orders.o_shippriority"], "Plans": [{"Node Type": "Nested Loop", "Parent Relationship": "Outer", "Join Type": "Inner", "Startup Cost": 0.0, "Total Cost": 2534016.78, "Plan Rows": 3559247, "Plan Width": 36, "Actual Startup Time": 0.221, "Actual Total Time": 27347.965, "Actual Rows": 300219, "Actual Loops": 1, "Inner Unique": false, "Plans": [{"Node Type": "Nested Loop", "Parent Relationship": "Outer", "Join Type": "Inner", "Startup Cost": 0.0, "Total Cost": 1529472.45, "Plan Rows": 715772, "Plan Width": 20, "Actual Startup Time": 0.102, "Actual Total Time": 9832.13, "Actual Rows": 1455173, "Actual Loops": 1, "Inner Unique": false, "Plans": [{"Node Type": "Index Scan", "Parent Relationship": "Outer", "Scan Direction": "Forward", "Index Name": "customer_pkey", "Relation Name": "customer", "Alias": "customer", "Startup Cost": 0.0, "Total Cost": 84515.36, "Plan Rows": 303948, "Plan Width": 8, "Actual Startup Time": 0.073, "Actual Total Time": 1122.937, "Actual Rows": 300036, "Actual Loops": 1, "Filter": "(c_mktsegment = 'AUTOMOBILE'::bpchar), (LLVM Optimized, Jit Execute)", "Rows Removed by Filter": 1199964}, {"Node Type": "Index Scan", "Parent Relationship": "Inner", "Scan Direction": "Forward", "Index Name": "idx_orders_custkey", "Relation Name": "orders", "Alias": "orders", "Startup Cost": 0.0, "Total Cost": 4.73, "Plan Rows": 2, "Plan Width": 28, "Actual Startup Time": 2071.576, "Actual Total Time": 8180.225, "Actual Rows": 1455173, "Actual Loops": 300036, "Index Cond": "(o_custkey = customer.c_custkey)", "Rows Removed by Index Recheck": 0, "Filter": "(o_orderdate < '1995-03-13 00:00:00'::timestamp(0) without time zone)", "Rows Removed by Filter": 1545367}]}, {"Node Type": "Index Scan", "Parent Relationship": "Inner", "Scan Direction": "Forward", "Index Name": "idx_lineitem_orderkey", "Relation Name": "lineitem", "Alias": "lineitem", "Startup Cost": 0.0, "Total Cost": 1.35, "Plan Rows": 5, "Plan Width": 24, "Actual Startup Time": 16408.608, "Actual Total Time": 16700.86, "Actual Rows": 300219, "Actual Loops": 1455173, "Index Cond": "(l_orderkey = orders.o_orderkey)", "Rows Removed by Index Recheck": 0, "Filter": "(l_shipdate > '1995-03-13 00:00:00'::timestamp(0) without time zone)", "Rows Removed by Filter": 5519788}]}]}]}]}, "Triggers": [], "Planner Runtime": 1.143, "Total Runtime": 27787.738, "Unique SQL Id": 3929762122}}, "(16, '54')": {"explain_plan": {"Plan": {"Node Type": "Limit", "Startup Cost": 5091242.79, "Total Cost": 5091242.81, "Plan Rows": 10, "Plan Width": 44, "Plans": [{"Node Type": "Sort", "Parent Relationship": "Outer", "Startup Cost": 5091242.79, "Total Cost": 5100140.91, "Plan Rows": 10, "Plan Width": 44, "Sort Key": ["(sum((lineitem.l_extendedprice * (1::double precision - lineitem.l_discount)))) DESC", "orders.o_orderdate"], "Plans": [{"Node Type": "Aggregate", "Strategy": "Hashed", "Parent Relationship": "Outer", "Startup Cost": 4978736.27, "Total Cost": 5014328.74, "Plan Rows": 3559247, "Plan Width": 44, "Group By Key": ["lineitem.l_orderkey", "orders.o_orderdate", "orders.o_shippriority"], "Plans": [{"Node Type": "Nested Loop", "Parent Relationship": "Outer", "Join Type": "Inner", "Startup Cost": 1.48, "Total Cost": 4925347.57, "Plan Rows": 3559247, "Plan Width": 36, "Inner Unique": false, "Plans": [{"Node Type": "Nested Loop", "Parent Relationship": "Outer", "Join Type": "Inner", "Startup Cost": 1.04, "Total Cost": 1611109.25, "Plan Rows": 715772, "Plan Width": 20, "Inner Unique": false, "Plans": [{"Node Type": "Seq Scan", "Parent Relationship": "Outer", "Relation Name": "customer", "Alias": "customer", "Startup Cost": 0.0, "Total Cost": 55876.0, "Plan Rows": 303948, "Plan Width": 8, "Filter": "(c_mktsegment = 'AUTOMOBILE'::bpchar), (LLVM Optimized)"}, {"Node Type": "Bitmap Heap Scan", "Parent Relationship": "Inner", "Relation Name": "orders", "Alias": "orders", "Startup Cost": 1.04, "Total Cost": 5.1, "Plan Rows": 2, "Plan Width": 28, "Recheck Cond": "(o_custkey = customer.c_custkey)", "Filter": "(o_orderdate < '1995-03-13 00:00:00'::timestamp(0) without time zone)", "Plans": [{"Node Type": "Bitmap Index Scan", "Parent Relationship": "Outer", "Index Name": "idx_orders_custkey", "Startup Cost": 0.0, "Total Cost": 1.04, "Plan Rows": 4, "Plan Width": 0, "Index Cond": "(o_custkey = customer.c_custkey)"}]}]}, {"Node Type": "Bitmap Heap Scan", "Parent Relationship": "Inner", "Relation Name": "lineitem", "Alias": "lineitem", "Startup Cost": 0.45, "Total Cost": 4.58, "Plan Rows": 5, "Plan Width": 24, "Recheck Cond": "(l_orderkey = orders.o_orderkey)", "Filter": "(l_shipdate > '1995-03-13 00:00:00'::timestamp(0) without time zone)", "Plans": [{"Node Type": "Bitmap Index Scan", "Parent Relationship": "Outer", "Index Name": "idx_lineitem_orderkey", "Startup Cost": 0.0, "Total Cost": 0.44, "Plan Rows": 9, "Plan Width": 0, "Index Cond": "(l_orderkey = orders.o_orderkey)"}]}]}]}]}]}, "Unique SQL Id": 3929762122, "Planner Runtime": 0}, "explain_analyze_plan": {"Plan": {"Node Type": "Limit", "Startup Cost": 5091242.79, "Total Cost": 5091242.81, "Plan Rows": 10, "Plan Width": 44, "Actual Startup Time": 32039.985, "Actual Total Time": 32039.988, "Actual Rows": 10, "Actual Loops": 1, "Plans": [{"Node Type": "Sort", "Parent Relationship": "Outer", "Startup Cost": 5091242.79, "Total Cost": 5100140.91, "Plan Rows": 10, "Plan Width": 44, "Actual Startup Time": 32039.981, "Actual Total Time": 32039.982, "Actual Rows": 10, "Actual Loops": 1, "Sort Key": ["(sum((lineitem.l_extendedprice * (1::double precision - lineitem.l_discount)))) DESC", "orders.o_orderdate"], "Sort Method": "top-N heapsort", "Sort Space Used": 26, "Sort Space Type": "Memory", "Plans": [{"Node Type": "Aggregate", "Strategy": "Hashed", "Parent Relationship": "Outer", "Startup Cost": 4978736.27, "Total Cost": 5014328.74, "Plan Rows": 3559247, "Plan Width": 44, "Actual Startup Time": 31956.19, "Actual Total Time": 32012.719, "Actual Rows": 113719, "Actual Loops": 1, "Group By Key": ["lineitem.l_orderkey", "orders.o_orderdate", "orders.o_shippriority"], "Plans": [{"Node Type": "Nested Loop", "Parent Relationship": "Outer", "Join Type": "Inner", "Startup Cost": 1.48, "Total Cost": 4925347.57, "Plan Rows": 3559247, "Plan Width": 36, "Actual Startup Time": 0.26, "Actual Total Time": 31574.83, "Actual Rows": 300219, "Actual Loops": 1, "Inner Unique": false, "Plans": [{"Node Type": "Nested Loop", "Parent Relationship": "Outer", "Join Type": "Inner", "Startup Cost": 1.04, "Total Cost": 1611109.25, "Plan Rows": 715772, "Plan Width": 20, "Actual Startup Time": 0.119, "Actual Total Time": 11427.093, "Actual Rows": 1455173, "Actual Loops": 1, "Inner Unique": false, "Plans": [{"Node Type": "Seq Scan", "Parent Relationship": "Outer", "Relation Name": "customer", "Alias": "customer", "Startup Cost": 0.0, "Total Cost": 55876.0, "Plan Rows": 303948, "Plan Width": 8, "Actual Startup Time": 0.052, "Actual Total Time": 661.009, "Actual Rows": 300036, "Actual Loops": 1, "Filter": "(c_mktsegment = 'AUTOMOBILE'::bpchar), (LLVM Optimized, Jit Execute)", "Rows Removed by Filter": 1199964}, {"Node Type": "Bitmap Heap Scan", "Parent Relationship": "Inner", "Relation Name": "orders", "Alias": "orders", "Startup Cost": 1.04, "Total Cost": 5.1, "Plan Rows": 2, "Plan Width": 28, "Actual Startup Time": 3204.715, "Actual Total Time": 10006.773, "Actual Rows": 1455173, "Actual Loops": 300036, "Recheck Cond": "(o_custkey = customer.c_custkey)", "Rows Removed by Index Recheck": 0, "Filter": "(o_orderdate < '1995-03-13 00:00:00'::timestamp(0) without time zone)", "Rows Removed by Filter": 1545367, "Exact Heap Blocks": 3000452, "Lossy Heap Blocks": 3000452, "Plans": [{"Node Type": "Bitmap Index Scan", "Parent Relationship": "Outer", "Index Name": "idx_orders_custkey", "Startup Cost": 0.0, "Total Cost": 1.04, "Plan Rows": 4, "Plan Width": 0, "Actual Startup Time": 1523.913, "Actual Total Time": 1523.913, "Actual Rows": 3000540, "Actual Loops": 300036, "Index Cond": "(o_custkey = customer.c_custkey)"}]}]}, {"Node Type": "Bitmap Heap Scan", "Parent Relationship": "Inner", "Relation Name": "lineitem", "Alias": "lineitem", "Startup Cost": 0.45, "Total Cost": 4.58, "Plan Rows": 5, "Plan Width": 24, "Actual Startup Time": 18248.569, "Actual Total Time": 18371.242, "Actual Rows": 300219, "Actual Loops": 1455173, "Recheck Cond": "(l_orderkey = orders.o_orderkey)", "Rows Removed by Index Recheck": 0, "Filter": "(l_shipdate > '1995-03-13 00:00:00'::timestamp(0) without time zone)", "Rows Removed by Filter": 5519788, "Exact Heap Blocks": 1558994, "Lossy Heap Blocks": 1558994, "Plans": [{"Node Type": "Bitmap Index Scan", "Parent Relationship": "Outer", "Index Name": "idx_lineitem_orderkey", "Startup Cost": 0.0, "Total Cost": 0.44, "Plan Rows": 9, "Plan Width": 0, "Actual Startup Time": 10382.283, "Actual Total Time": 10382.283, "Actual Rows": 5820007, "Actual Loops": 1455173, "Index Cond": "(l_orderkey = orders.o_orderkey)"}]}]}]}]}]}, "Triggers": [], "Planner Runtime": 0.683, "Total Runtime": 32049.538, "Unique SQL Id": 3929762122}}, "(16, '55')": {"explain_plan": {"Plan": {"Node Type": "Limit", "Startup Cost": 35345596.54, "Total Cost": 35345596.56, "Plan Rows": 10, "Plan Width": 44, "Plans": [{"Node Type": "Sort", "Parent Relationship": "Outer", "Startup Cost": 35345596.54, "Total Cost": 35354494.65, "Plan Rows": 10, "Plan Width": 44, "Sort Key": ["(sum((lineitem.l_extendedprice * (1::double precision - lineitem.l_discount)))) DESC", "orders.o_orderdate"], "Plans": [{"Node Type": "Aggregate", "Strategy": "Hashed", "Parent Relationship": "Outer", "Startup Cost": 35233090.02, "Total Cost": 35268682.49, "Plan Rows": 3559247, "Plan Width": 44, "Group By Key": ["lineitem.l_orderkey", "orders.o_orderdate", "orders.o_shippriority"], "Plans": [{"Node Type": "Nested Loop", "Parent Relationship": "Outer", "Join Type": "Inner", "Startup Cost": 168699.14, "Total Cost": 35179701.31, "Plan Rows": 3559247, "Plan Width": 36, "Inner Unique": false, "Plans": [{"Node Type": "Nested Loop", "Parent Relationship": "Outer", "Join Type": "Inner", "Startup Cost": 168698.69, "Total Cost": 31865463.0, "Plan Rows": 715772, "Plan Width": 20, "Inner Unique": true, "Plans": [{"Node Type": "Bitmap Heap Scan", "Parent Relationship": "Outer", "Relation Name": "orders", "Alias": "orders", "Startup Cost": 168698.43, "Total Cost": 536495.14, "Plan Rows": 7310217, "Plan Width": 28, "Recheck Cond": "(o_orderdate < '1995-03-13 00:00:00'::timestamp(0) without time zone), (LLVM Optimized)", "Plans": [{"Node Type": "Bitmap Index Scan", "Parent Relationship": "Outer", "Index Name": "idx_orders_orderdate", "Startup Cost": 0.0, "Total Cost": 166870.88, "Plan Rows": 7310217, "Plan Width": 0, "Index Cond": "(o_orderdate < '1995-03-13 00:00:00'::timestamp(0) without time zone)"}]}, {"Node Type": "Bitmap Heap Scan", "Parent Relationship": "Inner", "Relation Name": "customer", "Alias": "customer", "Startup Cost": 0.26, "Total Cost": 4.28, "Plan Rows": 1, "Plan Width": 8, "Recheck Cond": "(c_custkey = orders.o_custkey)", "Filter": "(c_mktsegment = 'AUTOMOBILE'::bpchar)", "Plans": [{"Node Type": "Bitmap Index Scan", "Parent Relationship": "Outer", "Index Name": "customer_pkey", "Startup Cost": 0.0, "Total Cost": 0.26, "Plan Rows": 1, "Plan Width": 0, "Index Cond": "(c_custkey = orders.o_custkey)"}]}]}, {"Node Type": "Bitmap Heap Scan", "Parent Relationship": "Inner", "Relation Name": "lineitem", "Alias": "lineitem", "Startup Cost": 0.45, "Total Cost": 4.58, "Plan Rows": 5, "Plan Width": 24, "Recheck Cond": "(l_orderkey = orders.o_orderkey)", "Filter": "(l_shipdate > '1995-03-13 00:00:00'::timestamp(0) without time zone)", "Plans": [{"Node Type": "Bitmap Index Scan", "Parent Relationship": "Outer", "Index Name": "idx_lineitem_orderkey", "Startup Cost": 0.0, "Total Cost": 0.44, "Plan Rows": 9, "Plan Width": 0, "Index Cond": "(l_orderkey = orders.o_orderkey)"}]}]}]}]}]}, "Unique SQL Id": 3929762122, "Planner Runtime": 0}, "explain_analyze_plan": null}, "(16, '56')": {"explain_plan": {"Plan": {"Node Type": "Limit", "Startup Cost": 2671272.65, "Total Cost": 2671272.68, "Plan Rows": 10, "Plan Width": 44, "Plans": [{"Node Type": "Sort", "Parent Relationship": "Outer", "Startup Cost": 2671272.65, "Total Cost": 2680170.77, "Plan Rows": 10, "Plan Width": 44, "Sort Key": ["(sum((lineitem.l_extendedprice * (1::double precision - lineitem.l_discount)))) DESC", "orders.o_orderdate"], "Plans": [{"Node Type": "Aggregate", "Strategy": "Hashed", "Parent Relationship": "Outer", "Startup Cost": 2558766.13, "Total Cost": 2594358.6, "Plan Rows": 3559247, "Plan Width": 44, "Group By Key": ["lineitem.l_orderkey", "orders.o_orderdate", "orders.o_shippriority"], "Plans": [{"Node Type": "Nested Loop", "Parent Relationship": "Outer", "Join Type": "Inner", "Startup Cost": 0.0, "Total Cost": 2505377.43, "Plan Rows": 3559247, "Plan Width": 36, "Inner Unique": false, "Plans": [{"Node Type": "Nested Loop", "Parent Relationship": "Outer", "Join Type": "Inner", "Startup Cost": 0.0, "Total Cost": 1500833.09, "Plan Rows": 715772, "Plan Width": 20, "Inner Unique": false, "Plans": [{"Node Type": "Seq Scan", "Parent Relationship": "Outer", "Relation Name": "customer", "Alias": "customer", "Startup Cost": 0.0, "Total Cost": 55876.0, "Plan Rows": 303948, "Plan Width": 8, "Filter": "(c_mktsegment = 'AUTOMOBILE'::bpchar), (LLVM Optimized)"}, {"Node Type": "Index Scan", "Parent Relationship": "Inner", "Scan Direction": "Forward", "Index Name": "idx_orders_custkey", "Relation Name": "orders", "Alias": "orders", "Startup Cost": 0.0, "Total Cost": 4.73, "Plan Rows": 2, "Plan Width": 28, "Index Cond": "(o_custkey = customer.c_custkey)", "Filter": "(o_orderdate < '1995-03-13 00:00:00'::timestamp(0) without time zone)"}]}, {"Node Type": "Index Scan", "Parent Relationship": "Inner", "Scan Direction": "Forward", "Index Name": "idx_lineitem_orderkey", "Relation Name": "lineitem", "Alias": "lineitem", "Startup Cost": 0.0, "Total Cost": 1.35, "Plan Rows": 5, "Plan Width": 24, "Index Cond": "(l_orderkey = orders.o_orderkey)", "Filter": "(l_shipdate > '1995-03-13 00:00:00'::timestamp(0) without time zone)"}]}]}]}]}, "Unique SQL Id": 3929762122, "Planner Runtime": 0}, "explain_analyze_plan": {"Plan": {"Node Type": "Limit", "Startup Cost": 2671272.65, "Total Cost": 2671272.68, "Plan Rows": 10, "Plan Width": 44, "Actual Startup Time": 27307.658, "Actual Total Time": 27307.661, "Actual Rows": 10, "Actual Loops": 1, "Plans": [{"Node Type": "Sort", "Parent Relationship": "Outer", "Startup Cost": 2671272.65, "Total Cost": 2680170.77, "Plan Rows": 10, "Plan Width": 44, "Actual Startup Time": 27307.656, "Actual Total Time": 27307.657, "Actual Rows": 10, "Actual Loops": 1, "Sort Key": ["(sum((lineitem.l_extendedprice * (1::double precision - lineitem.l_discount)))) DESC", "orders.o_orderdate"], "Sort Method": "top-N heapsort", "Sort Space Used": 26, "Sort Space Type": "Memory", "Plans": [{"Node Type": "Aggregate", "Strategy": "Hashed", "Parent Relationship": "Outer", "Startup Cost": 2558766.13, "Total Cost": 2594358.6, "Plan Rows": 3559247, "Plan Width": 44, "Actual Startup Time": 27198.835, "Actual Total Time": 27279.953, "Actual Rows": 113719, "Actual Loops": 1, "Group By Key": ["lineitem.l_orderkey", "orders.o_orderdate", "orders.o_shippriority"], "Plans": [{"Node Type": "Nested Loop", "Parent Relationship": "Outer", "Join Type": "Inner", "Startup Cost": 0.0, "Total Cost": 2505377.43, "Plan Rows": 3559247, "Plan Width": 36, "Actual Startup Time": 0.206, "Actual Total Time": 26869.94, "Actual Rows": 300219, "Actual Loops": 1, "Inner Unique": false, "Plans": [{"Node Type": "Nested Loop", "Parent Relationship": "Outer", "Join Type": "Inner", "Startup Cost": 0.0, "Total Cost": 1500833.09, "Plan Rows": 715772, "Plan Width": 20, "Actual Startup Time": 0.099, "Actual Total Time": 9483.207, "Actual Rows": 1455173, "Actual Loops": 1, "Inner Unique": false, "Plans": [{"Node Type": "Seq Scan", "Parent Relationship": "Outer", "Relation Name": "customer", "Alias": "customer", "Startup Cost": 0.0, "Total Cost": 55876.0, "Plan Rows": 303948, "Plan Width": 8, "Actual Startup Time": 0.05, "Actual Total Time": 634.296, "Actual Rows": 300036, "Actual Loops": 1, "Filter": "(c_mktsegment = 'AUTOMOBILE'::bpchar), (LLVM Optimized, Jit Execute)", "Rows Removed by Filter": 1199964}, {"Node Type": "Index Scan", "Parent Relationship": "Inner", "Scan Direction": "Forward", "Index Name": "idx_orders_custkey", "Relation Name": "orders", "Alias": "orders", "Startup Cost": 0.0, "Total Cost": 4.73, "Plan Rows": 2, "Plan Width": 28, "Actual Startup Time": 2084.306, "Actual Total Time": 8313.681, "Actual Rows": 1455173, "Actual Loops": 300036, "Index Cond": "(o_custkey = customer.c_custkey)", "Rows Removed by Index Recheck": 0, "Filter": "(o_orderdate < '1995-03-13 00:00:00'::timestamp(0) without time zone)", "Rows Removed by Filter": 1545367}]}, {"Node Type": "Index Scan", "Parent Relationship": "Inner", "Scan Direction": "Forward", "Index Name": "idx_lineitem_orderkey", "Relation Name": "lineitem", "Alias": "lineitem", "Startup Cost": 0.0, "Total Cost": 1.35, "Plan Rows": 5, "Plan Width": 24, "Actual Startup Time": 16270.859, "Actual Total Time": 16558.196, "Actual Rows": 300219, "Actual Loops": 1455173, "Index Cond": "(l_orderkey = orders.o_orderkey)", "Rows Removed by Index Recheck": 0, "Filter": "(l_shipdate > '1995-03-13 00:00:00'::timestamp(0) without time zone)", "Rows Removed by Filter": 5519788}]}]}]}]}, "Triggers": [], "Planner Runtime": 0.649, "Total Runtime": 27317.051, "Unique SQL Id": 3929762122}}, "(16, '57')": {"explain_plan": {"Plan": {"Node Type": "Limit", "Startup Cost": 2699912.01, "Total Cost": 2699912.03, "Plan Rows": 10, "Plan Width": 44, "Plans": [{"Node Type": "Sort", "Parent Relationship": "Outer", "Startup Cost": 2699912.01, "Total Cost": 2708810.13, "Plan Rows": 10, "Plan Width": 44, "Sort Key": ["(sum((lineitem.l_extendedprice * (1::double precision - lineitem.l_discount)))) DESC", "orders.o_orderdate"], "Plans": [{"Node Type": "Aggregate", "Strategy": "Hashed", "Parent Relationship": "Outer", "Startup Cost": 2587405.49, "Total Cost": 2622997.96, "Plan Rows": 3559247, "Plan Width": 44, "Group By Key": ["lineitem.l_orderkey", "orders.o_orderdate", "orders.o_shippriority"], "Plans": [{"Node Type": "Nested Loop", "Parent Relationship": "Outer", "Join Type": "Inner", "Startup Cost": 0.0, "Total Cost": 2534016.78, "Plan Rows": 3559247, "Plan Width": 36, "Inner Unique": false, "Plans": [{"Node Type": "Nested Loop", "Parent Relationship": "Outer", "Join Type": "Inner", "Startup Cost": 0.0, "Total Cost": 1529472.45, "Plan Rows": 715772, "Plan Width": 20, "Inner Unique": false, "Plans": [{"Node Type": "Index Scan", "Parent Relationship": "Outer", "Scan Direction": "Forward", "Index Name": "customer_pkey", "Relation Name": "customer", "Alias": "customer", "Startup Cost": 0.0, "Total Cost": 84515.36, "Plan Rows": 303948, "Plan Width": 8, "Filter": "(c_mktsegment = 'AUTOMOBILE'::bpchar), (LLVM Optimized)"}, {"Node Type": "Index Scan", "Parent Relationship": "Inner", "Scan Direction": "Forward", "Index Name": "idx_orders_custkey", "Relation Name": "orders", "Alias": "orders", "Startup Cost": 0.0, "Total Cost": 4.73, "Plan Rows": 2, "Plan Width": 28, "Index Cond": "(o_custkey = customer.c_custkey)", "Filter": "(o_orderdate < '1995-03-13 00:00:00'::timestamp(0) without time zone)"}]}, {"Node Type": "Index Scan", "Parent Relationship": "Inner", "Scan Direction": "Forward", "Index Name": "idx_lineitem_orderkey", "Relation Name": "lineitem", "Alias": "lineitem", "Startup Cost": 0.0, "Total Cost": 1.35, "Plan Rows": 5, "Plan Width": 24, "Index Cond": "(l_orderkey = orders.o_orderkey)", "Filter": "(l_shipdate > '1995-03-13 00:00:00'::timestamp(0) without time zone)"}]}]}]}]}, "Unique SQL Id": 3929762122, "Planner Runtime": 0}, "explain_analyze_plan": {"Plan": {"Node Type": "Limit", "Startup Cost": 2699912.01, "Total Cost": 2699912.03, "Plan Rows": 10, "Plan Width": 44, "Actual Startup Time": 27778.236, "Actual Total Time": 27778.239, "Actual Rows": 10, "Actual Loops": 1, "Plans": [{"Node Type": "Sort", "Parent Relationship": "Outer", "Startup Cost": 2699912.01, "Total Cost": 2708810.13, "Plan Rows": 10, "Plan Width": 44, "Actual Startup Time": 27778.233, "Actual Total Time": 27778.235, "Actual Rows": 10, "Actual Loops": 1, "Sort Key": ["(sum((lineitem.l_extendedprice * (1::double precision - lineitem.l_discount)))) DESC", "orders.o_orderdate"], "Sort Method": "top-N heapsort", "Sort Space Used": 26, "Sort Space Type": "Memory", "Plans": [{"Node Type": "Aggregate", "Strategy": "Hashed", "Parent Relationship": "Outer", "Startup Cost": 2587405.49, "Total Cost": 2622997.96, "Plan Rows": 3559247, "Plan Width": 44, "Actual Startup Time": 27694.368, "Actual Total Time": 27751.144, "Actual Rows": 113719, "Actual Loops": 1, "Group By Key": ["lineitem.l_orderkey", "orders.o_orderdate", "orders.o_shippriority"], "Plans": [{"Node Type": "Nested Loop", "Parent Relationship": "Outer", "Join Type": "Inner", "Startup Cost": 0.0, "Total Cost": 2534016.78, "Plan Rows": 3559247, "Plan Width": 36, "Actual Startup Time": 0.221, "Actual Total Time": 27347.965, "Actual Rows": 300219, "Actual Loops": 1, "Inner Unique": false, "Plans": [{"Node Type": "Nested Loop", "Parent Relationship": "Outer", "Join Type": "Inner", "Startup Cost": 0.0, "Total Cost": 1529472.45, "Plan Rows": 715772, "Plan Width": 20, "Actual Startup Time": 0.102, "Actual Total Time": 9832.13, "Actual Rows": 1455173, "Actual Loops": 1, "Inner Unique": false, "Plans": [{"Node Type": "Index Scan", "Parent Relationship": "Outer", "Scan Direction": "Forward", "Index Name": "customer_pkey", "Relation Name": "customer", "Alias": "customer", "Startup Cost": 0.0, "Total Cost": 84515.36, "Plan Rows": 303948, "Plan Width": 8, "Actual Startup Time": 0.073, "Actual Total Time": 1122.937, "Actual Rows": 300036, "Actual Loops": 1, "Filter": "(c_mktsegment = 'AUTOMOBILE'::bpchar), (LLVM Optimized, Jit Execute)", "Rows Removed by Filter": 1199964}, {"Node Type": "Index Scan", "Parent Relationship": "Inner", "Scan Direction": "Forward", "Index Name": "idx_orders_custkey", "Relation Name": "orders", "Alias": "orders", "Startup Cost": 0.0, "Total Cost": 4.73, "Plan Rows": 2, "Plan Width": 28, "Actual Startup Time": 2071.576, "Actual Total Time": 8180.225, "Actual Rows": 1455173, "Actual Loops": 300036, "Index Cond": "(o_custkey = customer.c_custkey)", "Rows Removed by Index Recheck": 0, "Filter": "(o_orderdate < '1995-03-13 00:00:00'::timestamp(0) without time zone)", "Rows Removed by Filter": 1545367}]}, {"Node Type": "Index Scan", "Parent Relationship": "Inner", "Scan Direction": "Forward", "Index Name": "idx_lineitem_orderkey", "Relation Name": "lineitem", "Alias": "lineitem", "Startup Cost": 0.0, "Total Cost": 1.35, "Plan Rows": 5, "Plan Width": 24, "Actual Startup Time": 16408.608, "Actual Total Time": 16700.86, "Actual Rows": 300219, "Actual Loops": 1455173, "Index Cond": "(l_orderkey = orders.o_orderkey)", "Rows Removed by Index Recheck": 0, "Filter": "(l_shipdate > '1995-03-13 00:00:00'::timestamp(0) without time zone)", "Rows Removed by Filter": 5519788}]}]}]}]}, "Triggers": [], "Planner Runtime": 1.143, "Total Runtime": 27787.738, "Unique SQL Id": 3929762122}}, "(16, '58')": {"explain_plan": {"Plan": {"Node Type": "Limit", "Startup Cost": 383528982462.14, "Total Cost": 383528982462.17, "Plan Rows": 10, "Plan Width": 44, "Plans": [{"Node Type": "Sort", "Parent Relationship": "Outer", "Startup Cost": 383528982462.14, "Total Cost": 383528991360.26, "Plan Rows": 10, "Plan Width": 44, "Sort Key": ["(sum((lineitem.l_extendedprice * (1::double precision - lineitem.l_discount)))) DESC", "orders.o_orderdate"], "Plans": [{"Node Type": "Aggregate", "Strategy": "Hashed", "Parent Relationship": "Outer", "Startup Cost": 383528869955.62, "Total Cost": 383528905548.09, "Plan Rows": 3559247, "Plan Width": 44, "Group By Key": ["lineitem.l_orderkey", "orders.o_orderdate", "orders.o_shippriority"], "Plans": [{"Node Type": "Nested Loop", "Parent Relationship": "Outer", "Join Type": "Inner", "Startup Cost": 385.28, "Total Cost": 383528816566.92, "Plan Rows": 3559247, "Plan Width": 36, "Inner Unique": false, "Join Filter": "(orders.o_orderkey = lineitem.l_orderkey), (LLVM Optimized)", "Plans": [{"Node Type": "Seq Scan", "Parent Relationship": "Outer", "Relation Name": "lineitem", "Alias": "lineitem", "Startup Cost": 0.0, "Total Cost": 2165082.91, "Plan Rows": 32617206, "Plan Width": 24, "Filter": "(l_shipdate > '1995-03-13 00:00:00'::timestamp(0) without time zone), (LLVM Optimized)"}, {"Node Type": "Materialize", "Parent Relationship": "Inner", "Startup Cost": 385.28, "Total Cost": 33329411677.96, "Plan Rows": 715772, "Plan Width": 20, "Plans": [{"Node Type": "Nested Loop", "Parent Relationship": "Outer", "Join Type": "Inner", "Startup Cost": 385.28, "Total Cost": 33329408099.1, "Plan Rows": 715772, "Plan Width": 20, "Inner Unique": true, "Join Filter": "(customer.c_custkey = orders.o_custkey), (LLVM Optimized)", "Plans": [{"Node Type": "Seq Scan", "Parent Relationship": "Outer", "Relation Name": "orders", "Alias": "orders", "Startup Cost": 385.28, "Total Cost": 463912.49, "Plan Rows": 7310217, "Plan Width": 28, "Filter": "(o_orderdate < '1995-03-13 00:00:00'::timestamp(0) without time zone), (LLVM Optimized)"}, {"Node Type": "Materialize", "Parent Relationship": "Inner", "Startup Cost": 0.0, "Total Cost": 57395.74, "Plan Rows": 303948, "Plan Width": 8, "Plans": [{"Node Type": "Seq Scan", "Parent Relationship": "Outer", "Relation Name": "customer", "Alias": "customer", "Startup Cost": 0.0, "Total Cost": 55876.0, "Plan Rows": 303948, "Plan Width": 8, "Filter": "(c_mktsegment = 'AUTOMOBILE'::bpchar), (LLVM Optimized)"}]}]}]}]}]}]}]}, "Unique SQL Id": 3929762122, "Planner Runtime": 0}, "explain_analyze_plan": null}, "(16, '59')": {"explain_plan": {"Plan": {"Node Type": "Limit", "Startup Cost": 3383950608972.36, "Total Cost": 3383950608972.39, "Plan Rows": 10, "Plan Width": 44, "Plans": [{"Node Type": "Sort", "Parent Relationship": "Outer", "Startup Cost": 3383950608972.36, "Total Cost": 3383950617870.48, "Plan Rows": 10, "Plan Width": 44, "Sort Key": ["(sum((lineitem.l_extendedprice * (1::double precision - lineitem.l_discount)))) DESC", "orders.o_orderdate"], "Plans": [{"Node Type": "Aggregate", "Strategy": "Hashed", "Parent Relationship": "Outer", "Startup Cost": 3383950496465.85, "Total Cost": 3383950532058.32, "Plan Rows": 3559247, "Plan Width": 44, "Group By Key": ["lineitem.l_orderkey", "orders.o_orderdate", "orders.o_shippriority"], "Plans": [{"Node Type": "Nested Loop", "Parent Relationship": "Outer", "Join Type": "Inner", "Startup Cost": 30000000000.0, "Total Cost": 3383950443077.14, "Plan Rows": 3559247, "Plan Width": 36, "Inner Unique": false, "Join Filter": "(orders.o_orderkey = lineitem.l_orderkey), (LLVM Optimized)", "Plans": [{"Node Type": "Index Scan", "Parent Relationship": "Outer", "Scan Direction": "Forward", "Index Name": "idx_lineitem_orderkey", "Relation Name": "lineitem", "Alias": "lineitem", "Startup Cost": 10000000000.0, "Total Cost": 1000339012132.75, "Plan Rows": 32617206, "Plan Width": 24, "Filter": "(l_shipdate > '1995-03-13 00:00:00'::timestamp(0) without time zone), (LLVM Optimized)"}, {"Node Type": "Materialize", "Parent Relationship": "Inner", "Startup Cost": 20000000000.0, "Total Cost": 2033414191138.34, "Plan Rows": 715772, "Plan Width": 20, "Plans": [{"Node Type": "Nested Loop", "Parent Relationship": "Outer", "Join Type": "Inner", "Startup Cost": 20000000000.0, "Total Cost": 2033414187559.48, "Plan Rows": 715772, "Plan Width": 20, "Inner Unique": true, "Join Filter": "(customer.c_custkey = orders.o_custkey), (LLVM Optimized)", "Plans": [{"Node Type": "Index Scan", "Parent Relationship": "Outer", "Scan Direction": "Forward", "Index Name": "orders_pkey", "Relation Name": "orders", "Alias": "orders", "Startup Cost": 10000000000.0, "Total Cost": 1000076847713.25, "Plan Rows": 7310217, "Plan Width": 28, "Filter": "(o_orderdate < '1995-03-13 00:00:00'::timestamp(0) without time zone), (LLVM Optimized)"}, {"Node Type": "Materialize", "Parent Relationship": "Inner", "Startup Cost": 10000000000.0, "Total Cost": 1000008453055.36, "Plan Rows": 303948, "Plan Width": 8, "Plans": [{"Node Type": "Index Scan", "Parent Relationship": "Outer", "Scan Direction": "Forward", "Index Name": "customer_pkey", "Relation Name": "customer", "Alias": "customer", "Startup Cost": 10000000000.0, "Total Cost": 1000008451535.62, "Plan Rows": 303948, "Plan Width": 8, "Filter": "(c_mktsegment = 'AUTOMOBILE'::bpchar), (LLVM Optimized)"}]}]}]}]}]}]}]}, "Unique SQL Id": 3929762122, "Planner Runtime": 1}, "explain_analyze_plan": null}, "(16, '60')": {"explain_plan": {"Plan": {"Node Type": "Limit", "Startup Cost": 2671272.65, "Total Cost": 2671272.68, "Plan Rows": 10, "Plan Width": 44, "Plans": [{"Node Type": "Sort", "Parent Relationship": "Outer", "Startup Cost": 2671272.65, "Total Cost": 2680170.77, "Plan Rows": 10, "Plan Width": 44, "Sort Key": ["(sum((lineitem.l_extendedprice * (1::double precision - lineitem.l_discount)))) DESC", "orders.o_orderdate"], "Plans": [{"Node Type": "Aggregate", "Strategy": "Hashed", "Parent Relationship": "Outer", "Startup Cost": 2558766.13, "Total Cost": 2594358.6, "Plan Rows": 3559247, "Plan Width": 44, "Group By Key": ["lineitem.l_orderkey", "orders.o_orderdate", "orders.o_shippriority"], "Plans": [{"Node Type": "Nested Loop", "Parent Relationship": "Outer", "Join Type": "Inner", "Startup Cost": 0.0, "Total Cost": 2505377.43, "Plan Rows": 3559247, "Plan Width": 36, "Inner Unique": false, "Plans": [{"Node Type": "Nested Loop", "Parent Relationship": "Outer", "Join Type": "Inner", "Startup Cost": 0.0, "Total Cost": 1500833.09, "Plan Rows": 715772, "Plan Width": 20, "Inner Unique": false, "Plans": [{"Node Type": "Seq Scan", "Parent Relationship": "Outer", "Relation Name": "customer", "Alias": "customer", "Startup Cost": 0.0, "Total Cost": 55876.0, "Plan Rows": 303948, "Plan Width": 8, "Filter": "(c_mktsegment = 'AUTOMOBILE'::bpchar), (LLVM Optimized)"}, {"Node Type": "Index Scan", "Parent Relationship": "Inner", "Scan Direction": "Forward", "Index Name": "idx_orders_custkey", "Relation Name": "orders", "Alias": "orders", "Startup Cost": 0.0, "Total Cost": 4.73, "Plan Rows": 2, "Plan Width": 28, "Index Cond": "(o_custkey = customer.c_custkey)", "Filter": "(o_orderdate < '1995-03-13 00:00:00'::timestamp(0) without time zone)"}]}, {"Node Type": "Index Scan", "Parent Relationship": "Inner", "Scan Direction": "Forward", "Index Name": "idx_lineitem_orderkey", "Relation Name": "lineitem", "Alias": "lineitem", "Startup Cost": 0.0, "Total Cost": 1.35, "Plan Rows": 5, "Plan Width": 24, "Index Cond": "(l_orderkey = orders.o_orderkey)", "Filter": "(l_shipdate > '1995-03-13 00:00:00'::timestamp(0) without time zone)"}]}]}]}]}, "Unique SQL Id": 3929762122, "Planner Runtime": 1}, "explain_analyze_plan": {"Plan": {"Node Type": "Limit", "Startup Cost": 2671272.65, "Total Cost": 2671272.68, "Plan Rows": 10, "Plan Width": 44, "Actual Startup Time": 27307.658, "Actual Total Time": 27307.661, "Actual Rows": 10, "Actual Loops": 1, "Plans": [{"Node Type": "Sort", "Parent Relationship": "Outer", "Startup Cost": 2671272.65, "Total Cost": 2680170.77, "Plan Rows": 10, "Plan Width": 44, "Actual Startup Time": 27307.656, "Actual Total Time": 27307.657, "Actual Rows": 10, "Actual Loops": 1, "Sort Key": ["(sum((lineitem.l_extendedprice * (1::double precision - lineitem.l_discount)))) DESC", "orders.o_orderdate"], "Sort Method": "top-N heapsort", "Sort Space Used": 26, "Sort Space Type": "Memory", "Plans": [{"Node Type": "Aggregate", "Strategy": "Hashed", "Parent Relationship": "Outer", "Startup Cost": 2558766.13, "Total Cost": 2594358.6, "Plan Rows": 3559247, "Plan Width": 44, "Actual Startup Time": 27198.835, "Actual Total Time": 27279.953, "Actual Rows": 113719, "Actual Loops": 1, "Group By Key": ["lineitem.l_orderkey", "orders.o_orderdate", "orders.o_shippriority"], "Plans": [{"Node Type": "Nested Loop", "Parent Relationship": "Outer", "Join Type": "Inner", "Startup Cost": 0.0, "Total Cost": 2505377.43, "Plan Rows": 3559247, "Plan Width": 36, "Actual Startup Time": 0.206, "Actual Total Time": 26869.94, "Actual Rows": 300219, "Actual Loops": 1, "Inner Unique": false, "Plans": [{"Node Type": "Nested Loop", "Parent Relationship": "Outer", "Join Type": "Inner", "Startup Cost": 0.0, "Total Cost": 1500833.09, "Plan Rows": 715772, "Plan Width": 20, "Actual Startup Time": 0.099, "Actual Total Time": 9483.207, "Actual Rows": 1455173, "Actual Loops": 1, "Inner Unique": false, "Plans": [{"Node Type": "Seq Scan", "Parent Relationship": "Outer", "Relation Name": "customer", "Alias": "customer", "Startup Cost": 0.0, "Total Cost": 55876.0, "Plan Rows": 303948, "Plan Width": 8, "Actual Startup Time": 0.05, "Actual Total Time": 634.296, "Actual Rows": 300036, "Actual Loops": 1, "Filter": "(c_mktsegment = 'AUTOMOBILE'::bpchar), (LLVM Optimized, Jit Execute)", "Rows Removed by Filter": 1199964}, {"Node Type": "Index Scan", "Parent Relationship": "Inner", "Scan Direction": "Forward", "Index Name": "idx_orders_custkey", "Relation Name": "orders", "Alias": "orders", "Startup Cost": 0.0, "Total Cost": 4.73, "Plan Rows": 2, "Plan Width": 28, "Actual Startup Time": 2084.306, "Actual Total Time": 8313.681, "Actual Rows": 1455173, "Actual Loops": 300036, "Index Cond": "(o_custkey = customer.c_custkey)", "Rows Removed by Index Recheck": 0, "Filter": "(o_orderdate < '1995-03-13 00:00:00'::timestamp(0) without time zone)", "Rows Removed by Filter": 1545367}]}, {"Node Type": "Index Scan", "Parent Relationship": "Inner", "Scan Direction": "Forward", "Index Name": "idx_lineitem_orderkey", "Relation Name": "lineitem", "Alias": "lineitem", "Startup Cost": 0.0, "Total Cost": 1.35, "Plan Rows": 5, "Plan Width": 24, "Actual Startup Time": 16270.859, "Actual Total Time": 16558.196, "Actual Rows": 300219, "Actual Loops": 1455173, "Index Cond": "(l_orderkey = orders.o_orderkey)", "Rows Removed by Index Recheck": 0, "Filter": "(l_shipdate > '1995-03-13 00:00:00'::timestamp(0) without time zone)", "Rows Removed by Filter": 5519788}]}]}]}]}, "Triggers": [], "Planner Runtime": 0.649, "Total Runtime": 27317.051, "Unique SQL Id": 3929762122}}, "(16, '61')": {"explain_plan": {"Plan": {"Node Type": "Limit", "Startup Cost": 2699912.01, "Total Cost": 2699912.03, "Plan Rows": 10, "Plan Width": 44, "Plans": [{"Node Type": "Sort", "Parent Relationship": "Outer", "Startup Cost": 2699912.01, "Total Cost": 2708810.13, "Plan Rows": 10, "Plan Width": 44, "Sort Key": ["(sum((lineitem.l_extendedprice * (1::double precision - lineitem.l_discount)))) DESC", "orders.o_orderdate"], "Plans": [{"Node Type": "Aggregate", "Strategy": "Hashed", "Parent Relationship": "Outer", "Startup Cost": 2587405.49, "Total Cost": 2622997.96, "Plan Rows": 3559247, "Plan Width": 44, "Group By Key": ["lineitem.l_orderkey", "orders.o_orderdate", "orders.o_shippriority"], "Plans": [{"Node Type": "Nested Loop", "Parent Relationship": "Outer", "Join Type": "Inner", "Startup Cost": 0.0, "Total Cost": 2534016.78, "Plan Rows": 3559247, "Plan Width": 36, "Inner Unique": false, "Plans": [{"Node Type": "Nested Loop", "Parent Relationship": "Outer", "Join Type": "Inner", "Startup Cost": 0.0, "Total Cost": 1529472.45, "Plan Rows": 715772, "Plan Width": 20, "Inner Unique": false, "Plans": [{"Node Type": "Index Scan", "Parent Relationship": "Outer", "Scan Direction": "Forward", "Index Name": "customer_pkey", "Relation Name": "customer", "Alias": "customer", "Startup Cost": 0.0, "Total Cost": 84515.36, "Plan Rows": 303948, "Plan Width": 8, "Filter": "(c_mktsegment = 'AUTOMOBILE'::bpchar), (LLVM Optimized)"}, {"Node Type": "Index Scan", "Parent Relationship": "Inner", "Scan Direction": "Forward", "Index Name": "idx_orders_custkey", "Relation Name": "orders", "Alias": "orders", "Startup Cost": 0.0, "Total Cost": 4.73, "Plan Rows": 2, "Plan Width": 28, "Index Cond": "(o_custkey = customer.c_custkey)", "Filter": "(o_orderdate < '1995-03-13 00:00:00'::timestamp(0) without time zone)"}]}, {"Node Type": "Index Scan", "Parent Relationship": "Inner", "Scan Direction": "Forward", "Index Name": "idx_lineitem_orderkey", "Relation Name": "lineitem", "Alias": "lineitem", "Startup Cost": 0.0, "Total Cost": 1.35, "Plan Rows": 5, "Plan Width": 24, "Index Cond": "(l_orderkey = orders.o_orderkey)", "Filter": "(l_shipdate > '1995-03-13 00:00:00'::timestamp(0) without time zone)"}]}]}]}]}, "Unique SQL Id": 3929762122, "Planner Runtime": 0}, "explain_analyze_plan": {"Plan": {"Node Type": "Limit", "Startup Cost": 2699912.01, "Total Cost": 2699912.03, "Plan Rows": 10, "Plan Width": 44, "Actual Startup Time": 27778.236, "Actual Total Time": 27778.239, "Actual Rows": 10, "Actual Loops": 1, "Plans": [{"Node Type": "Sort", "Parent Relationship": "Outer", "Startup Cost": 2699912.01, "Total Cost": 2708810.13, "Plan Rows": 10, "Plan Width": 44, "Actual Startup Time": 27778.233, "Actual Total Time": 27778.235, "Actual Rows": 10, "Actual Loops": 1, "Sort Key": ["(sum((lineitem.l_extendedprice * (1::double precision - lineitem.l_discount)))) DESC", "orders.o_orderdate"], "Sort Method": "top-N heapsort", "Sort Space Used": 26, "Sort Space Type": "Memory", "Plans": [{"Node Type": "Aggregate", "Strategy": "Hashed", "Parent Relationship": "Outer", "Startup Cost": 2587405.49, "Total Cost": 2622997.96, "Plan Rows": 3559247, "Plan Width": 44, "Actual Startup Time": 27694.368, "Actual Total Time": 27751.144, "Actual Rows": 113719, "Actual Loops": 1, "Group By Key": ["lineitem.l_orderkey", "orders.o_orderdate", "orders.o_shippriority"], "Plans": [{"Node Type": "Nested Loop", "Parent Relationship": "Outer", "Join Type": "Inner", "Startup Cost": 0.0, "Total Cost": 2534016.78, "Plan Rows": 3559247, "Plan Width": 36, "Actual Startup Time": 0.221, "Actual Total Time": 27347.965, "Actual Rows": 300219, "Actual Loops": 1, "Inner Unique": false, "Plans": [{"Node Type": "Nested Loop", "Parent Relationship": "Outer", "Join Type": "Inner", "Startup Cost": 0.0, "Total Cost": 1529472.45, "Plan Rows": 715772, "Plan Width": 20, "Actual Startup Time": 0.102, "Actual Total Time": 9832.13, "Actual Rows": 1455173, "Actual Loops": 1, "Inner Unique": false, "Plans": [{"Node Type": "Index Scan", "Parent Relationship": "Outer", "Scan Direction": "Forward", "Index Name": "customer_pkey", "Relation Name": "customer", "Alias": "customer", "Startup Cost": 0.0, "Total Cost": 84515.36, "Plan Rows": 303948, "Plan Width": 8, "Actual Startup Time": 0.073, "Actual Total Time": 1122.937, "Actual Rows": 300036, "Actual Loops": 1, "Filter": "(c_mktsegment = 'AUTOMOBILE'::bpchar), (LLVM Optimized, Jit Execute)", "Rows Removed by Filter": 1199964}, {"Node Type": "Index Scan", "Parent Relationship": "Inner", "Scan Direction": "Forward", "Index Name": "idx_orders_custkey", "Relation Name": "orders", "Alias": "orders", "Startup Cost": 0.0, "Total Cost": 4.73, "Plan Rows": 2, "Plan Width": 28, "Actual Startup Time": 2071.576, "Actual Total Time": 8180.225, "Actual Rows": 1455173, "Actual Loops": 300036, "Index Cond": "(o_custkey = customer.c_custkey)", "Rows Removed by Index Recheck": 0, "Filter": "(o_orderdate < '1995-03-13 00:00:00'::timestamp(0) without time zone)", "Rows Removed by Filter": 1545367}]}, {"Node Type": "Index Scan", "Parent Relationship": "Inner", "Scan Direction": "Forward", "Index Name": "idx_lineitem_orderkey", "Relation Name": "lineitem", "Alias": "lineitem", "Startup Cost": 0.0, "Total Cost": 1.35, "Plan Rows": 5, "Plan Width": 24, "Actual Startup Time": 16408.608, "Actual Total Time": 16700.86, "Actual Rows": 300219, "Actual Loops": 1455173, "Index Cond": "(l_orderkey = orders.o_orderkey)", "Rows Removed by Index Recheck": 0, "Filter": "(l_shipdate > '1995-03-13 00:00:00'::timestamp(0) without time zone)", "Rows Removed by Filter": 5519788}]}]}]}]}, "Triggers": [], "Planner Runtime": 1.143, "Total Runtime": 27787.738, "Unique SQL Id": 3929762122}}, "(16, '62')": {"explain_plan": {"Plan": {"Node Type": "Limit", "Startup Cost": 383528982462.14, "Total Cost": 383528982462.17, "Plan Rows": 10, "Plan Width": 44, "Plans": [{"Node Type": "Sort", "Parent Relationship": "Outer", "Startup Cost": 383528982462.14, "Total Cost": 383528991360.26, "Plan Rows": 10, "Plan Width": 44, "Sort Key": ["(sum((lineitem.l_extendedprice * (1::double precision - lineitem.l_discount)))) DESC", "orders.o_orderdate"], "Plans": [{"Node Type": "Aggregate", "Strategy": "Hashed", "Parent Relationship": "Outer", "Startup Cost": 383528869955.62, "Total Cost": 383528905548.09, "Plan Rows": 3559247, "Plan Width": 44, "Group By Key": ["lineitem.l_orderkey", "orders.o_orderdate", "orders.o_shippriority"], "Plans": [{"Node Type": "Nested Loop", "Parent Relationship": "Outer", "Join Type": "Inner", "Startup Cost": 385.28, "Total Cost": 383528816566.92, "Plan Rows": 3559247, "Plan Width": 36, "Inner Unique": false, "Join Filter": "(orders.o_orderkey = lineitem.l_orderkey), (LLVM Optimized)", "Plans": [{"Node Type": "Seq Scan", "Parent Relationship": "Outer", "Relation Name": "lineitem", "Alias": "lineitem", "Startup Cost": 0.0, "Total Cost": 2165082.91, "Plan Rows": 32617206, "Plan Width": 24, "Filter": "(l_shipdate > '1995-03-13 00:00:00'::timestamp(0) without time zone), (LLVM Optimized)"}, {"Node Type": "Materialize", "Parent Relationship": "Inner", "Startup Cost": 385.28, "Total Cost": 33329411677.96, "Plan Rows": 715772, "Plan Width": 20, "Plans": [{"Node Type": "Nested Loop", "Parent Relationship": "Outer", "Join Type": "Inner", "Startup Cost": 385.28, "Total Cost": 33329408099.1, "Plan Rows": 715772, "Plan Width": 20, "Inner Unique": true, "Join Filter": "(customer.c_custkey = orders.o_custkey), (LLVM Optimized)", "Plans": [{"Node Type": "Seq Scan", "Parent Relationship": "Outer", "Relation Name": "orders", "Alias": "orders", "Startup Cost": 385.28, "Total Cost": 463912.49, "Plan Rows": 7310217, "Plan Width": 28, "Filter": "(o_orderdate < '1995-03-13 00:00:00'::timestamp(0) without time zone), (LLVM Optimized)"}, {"Node Type": "Materialize", "Parent Relationship": "Inner", "Startup Cost": 0.0, "Total Cost": 57395.74, "Plan Rows": 303948, "Plan Width": 8, "Plans": [{"Node Type": "Seq Scan", "Parent Relationship": "Outer", "Relation Name": "customer", "Alias": "customer", "Startup Cost": 0.0, "Total Cost": 55876.0, "Plan Rows": 303948, "Plan Width": 8, "Filter": "(c_mktsegment = 'AUTOMOBILE'::bpchar), (LLVM Optimized)"}]}]}]}]}]}]}]}, "Unique SQL Id": 3929762122, "Planner Runtime": 0}, "explain_analyze_plan": null}, "(16, '63')": {"explain_plan": {"Plan": {"Node Type": "Limit", "Startup Cost": 3383950608972.36, "Total Cost": 3383950608972.39, "Plan Rows": 10, "Plan Width": 44, "Plans": [{"Node Type": "Sort", "Parent Relationship": "Outer", "Startup Cost": 3383950608972.36, "Total Cost": 3383950617870.48, "Plan Rows": 10, "Plan Width": 44, "Sort Key": ["(sum((lineitem.l_extendedprice * (1::double precision - lineitem.l_discount)))) DESC", "orders.o_orderdate"], "Plans": [{"Node Type": "Aggregate", "Strategy": "Hashed", "Parent Relationship": "Outer", "Startup Cost": 3383950496465.85, "Total Cost": 3383950532058.32, "Plan Rows": 3559247, "Plan Width": 44, "Group By Key": ["lineitem.l_orderkey", "orders.o_orderdate", "orders.o_shippriority"], "Plans": [{"Node Type": "Nested Loop", "Parent Relationship": "Outer", "Join Type": "Inner", "Startup Cost": 30000000000.0, "Total Cost": 3383950443077.14, "Plan Rows": 3559247, "Plan Width": 36, "Inner Unique": false, "Join Filter": "(orders.o_orderkey = lineitem.l_orderkey), (LLVM Optimized)", "Plans": [{"Node Type": "Index Scan", "Parent Relationship": "Outer", "Scan Direction": "Forward", "Index Name": "idx_lineitem_orderkey", "Relation Name": "lineitem", "Alias": "lineitem", "Startup Cost": 10000000000.0, "Total Cost": 1000339012132.75, "Plan Rows": 32617206, "Plan Width": 24, "Filter": "(l_shipdate > '1995-03-13 00:00:00'::timestamp(0) without time zone), (LLVM Optimized)"}, {"Node Type": "Materialize", "Parent Relationship": "Inner", "Startup Cost": 20000000000.0, "Total Cost": 2033414191138.34, "Plan Rows": 715772, "Plan Width": 20, "Plans": [{"Node Type": "Nested Loop", "Parent Relationship": "Outer", "Join Type": "Inner", "Startup Cost": 20000000000.0, "Total Cost": 2033414187559.48, "Plan Rows": 715772, "Plan Width": 20, "Inner Unique": true, "Join Filter": "(customer.c_custkey = orders.o_custkey), (LLVM Optimized)", "Plans": [{"Node Type": "Index Scan", "Parent Relationship": "Outer", "Scan Direction": "Forward", "Index Name": "orders_pkey", "Relation Name": "orders", "Alias": "orders", "Startup Cost": 10000000000.0, "Total Cost": 1000076847713.25, "Plan Rows": 7310217, "Plan Width": 28, "Filter": "(o_orderdate < '1995-03-13 00:00:00'::timestamp(0) without time zone), (LLVM Optimized)"}, {"Node Type": "Materialize", "Parent Relationship": "Inner", "Startup Cost": 10000000000.0, "Total Cost": 1000008453055.36, "Plan Rows": 303948, "Plan Width": 8, "Plans": [{"Node Type": "Index Scan", "Parent Relationship": "Outer", "Scan Direction": "Forward", "Index Name": "customer_pkey", "Relation Name": "customer", "Alias": "customer", "Startup Cost": 10000000000.0, "Total Cost": 1000008451535.62, "Plan Rows": 303948, "Plan Width": 8, "Filter": "(c_mktsegment = 'AUTOMOBILE'::bpchar), (LLVM Optimized)"}]}]}]}]}]}]}]}, "Unique SQL Id": 3929762122, "Planner Runtime": 0}, "explain_analyze_plan": null}, "(16, '64')": {"explain_plan": {"Plan": {"Node Type": "Limit", "Startup Cost": 1728598.43, "Total Cost": 1728598.46, "Plan Rows": 10, "Plan Width": 44, "Plans": [{"Node Type": "Sort", "Parent Relationship": "Outer", "Startup Cost": 1728598.43, "Total Cost": 1737496.55, "Plan Rows": 10, "Plan Width": 44, "Sort Key": ["(sum((lineitem.l_extendedprice * (1::double precision - lineitem.l_discount)))) DESC", "orders.o_orderdate"], "Plans": [{"Node Type": "Aggregate", "Strategy": "Hashed", "Parent Relationship": "Outer", "Startup Cost": 1616091.91, "Total Cost": 1651684.38, "Plan Rows": 3559247, "Plan Width": 44, "Group By Key": ["lineitem.l_orderkey", "orders.o_orderdate", "orders.o_shippriority"], "Plans": [{"Node Type": "Nested Loop", "Parent Relationship": "Outer", "Join Type": "Inner", "Startup Cost": 60060.63, "Total Cost": 1562703.21, "Plan Rows": 3559247, "Plan Width": 36, "Inner Unique": false, "Plans": [{"Node Type": "Hash Join", "Parent Relationship": "Outer", "Join Type": "Inner", "Startup Cost": 60060.63, "Total Cost": 558158.87, "Plan Rows": 715772, "Plan Width": 20, "Inner Unique": true, "Hash Cond": "(orders.o_custkey = customer.c_custkey), (LLVM Optimized)", "Plans": [{"Node Type": "Seq Scan", "Parent Relationship": "Outer", "Relation Name": "orders", "Alias": "orders", "Startup Cost": 385.28, "Total Cost": 463912.49, "Plan Rows": 7310217, "Plan Width": 28, "Filter": "(o_orderdate < '1995-03-13 00:00:00'::timestamp(0) without time zone), (LLVM Optimized)"}, {"Node Type": "Hash", "Parent Relationship": "Inner", "Startup Cost": 55876.0, "Total Cost": 55876.0, "Plan Rows": 303948, "Plan Width": 8, "Plans": [{"Node Type": "Seq Scan", "Parent Relationship": "Outer", "Relation Name": "customer", "Alias": "customer", "Startup Cost": 0.0, "Total Cost": 55876.0, "Plan Rows": 303948, "Plan Width": 8, "Filter": "(c_mktsegment = 'AUTOMOBILE'::bpchar), (LLVM Optimized)"}]}]}, {"Node Type": "Index Scan", "Parent Relationship": "Inner", "Scan Direction": "Forward", "Index Name": "idx_lineitem_orderkey", "Relation Name": "lineitem", "Alias": "lineitem", "Startup Cost": 0.0, "Total Cost": 1.35, "Plan Rows": 5, "Plan Width": 24, "Index Cond": "(l_orderkey = orders.o_orderkey)", "Filter": "(l_shipdate > '1995-03-13 00:00:00'::timestamp(0) without time zone)"}]}]}]}]}, "Unique SQL Id": 3929762122, "Planner Runtime": 1}, "explain_analyze_plan": {"Plan": {"Node Type": "Limit", "Startup Cost": 1728598.43, "Total Cost": 1728598.46, "Plan Rows": 10, "Plan Width": 44, "Actual Startup Time": 21057.673, "Actual Total Time": 21057.676, "Actual Rows": 10, "Actual Loops": 1, "Plans": [{"Node Type": "Sort", "Parent Relationship": "Outer", "Startup Cost": 1728598.43, "Total Cost": 1737496.55, "Plan Rows": 10, "Plan Width": 44, "Actual Startup Time": 21057.669, "Actual Total Time": 21057.671, "Actual Rows": 10, "Actual Loops": 1, "Sort Key": ["(sum((lineitem.l_extendedprice * (1::double precision - lineitem.l_discount)))) DESC", "orders.o_orderdate"], "Sort Method": "top-N heapsort", "Sort Space Used": 26, "Sort Space Type": "Memory", "Plans": [{"Node Type": "Aggregate", "Strategy": "Hashed", "Parent Relationship": "Outer", "Startup Cost": 1616091.91, "Total Cost": 1651684.38, "Plan Rows": 3559247, "Plan Width": 44, "Actual Startup Time": 20966.575, "Actual Total Time": 21030.343, "Actual Rows": 113719, "Actual Loops": 1, "Group By Key": ["lineitem.l_orderkey", "orders.o_orderdate", "orders.o_shippriority"], "Plans": [{"Node Type": "Nested Loop", "Parent Relationship": "Outer", "Join Type": "Inner", "Startup Cost": 60060.63, "Total Cost": 1562703.21, "Plan Rows": 3559247, "Plan Width": 36, "Actual Startup Time": 763.259, "Actual Total Time": 20649.316, "Actual Rows": 300219, "Actual Loops": 1, "Inner Unique": false, "Plans": [{"Node Type": "Hash Join", "Parent Relationship": "Outer", "Join Type": "Inner", "Startup Cost": 60060.63, "Total Cost": 558158.87, "Plan Rows": 715772, "Plan Width": 20, "Actual Startup Time": 763.021, "Actual Total Time": 8834.817, "Actual Rows": 1455173, "Actual Loops": 1, "Inner Unique": true, "Hash Cond": "(orders.o_custkey = customer.c_custkey), (LLVM Optimized, Jit Execute)", "Plans": [{"Node Type": "Seq Scan", "Parent Relationship": "Outer", "Relation Name": "orders", "Alias": "orders", "Startup Cost": 385.28, "Total Cost": 463912.49, "Plan Rows": 7310217, "Plan Width": 28, "Actual Startup Time": 0.045, "Actual Total Time": 4909.997, "Actual Rows": 7276947, "Actual Loops": 1, "Filter": "(o_orderdate < '1995-03-13 00:00:00'::timestamp(0) without time zone), (LLVM Optimized, Jit Execute)", "Rows Removed by Filter": 7723053}, {"Node Type": "Hash", "Parent Relationship": "Inner", "Startup Cost": 55876.0, "Total Cost": 55876.0, "Plan Rows": 303948, "Plan Width": 8, "Actual Startup Time": 762.556, "Actual Total Time": 762.556, "Actual Rows": 300036, "Actual Loops": 1, "Hash Buckets": 524288, "Hash Batches": 1, "Original Hash Batches": 1, "Peak Memory Usage": 11721, "Plans": [{"Node Type": "Seq Scan", "Parent Relationship": "Outer", "Relation Name": "customer", "Alias": "customer", "Startup Cost": 0.0, "Total Cost": 55876.0, "Plan Rows": 303948, "Plan Width": 8, "Actual Startup Time": 0.031, "Actual Total Time": 648.707, "Actual Rows": 300036, "Actual Loops": 1, "Filter": "(c_mktsegment = 'AUTOMOBILE'::bpchar), (LLVM Optimized, Jit Execute)", "Rows Removed by Filter": 1199964}]}]}, {"Node Type": "Index Scan", "Parent Relationship": "Inner", "Scan Direction": "Forward", "Index Name": "idx_lineitem_orderkey", "Relation Name": "lineitem", "Alias": "lineitem", "Startup Cost": 0.0, "Total Cost": 1.35, "Plan Rows": 5, "Plan Width": 24, "Actual Startup Time": 10726.875, "Actual Total Time": 11015.442, "Actual Rows": 300219, "Actual Loops": 1455173, "Index Cond": "(l_orderkey = orders.o_orderkey)", "Rows Removed by Index Recheck": 0, "Filter": "(l_shipdate > '1995-03-13 00:00:00'::timestamp(0) without time zone)", "Rows Removed by Filter": 5519788}]}]}]}]}, "Triggers": [], "Planner Runtime": 1.214, "Total Runtime": 21067.656, "Unique SQL Id": 3929762122}}, "(16, '65')": {"explain_plan": {"Plan": {"Node Type": "Limit", "Startup Cost": 1829820.45, "Total Cost": 1829820.47, "Plan Rows": 10, "Plan Width": 44, "Plans": [{"Node Type": "Sort", "Parent Relationship": "Outer", "Startup Cost": 1829820.45, "Total Cost": 1838718.56, "Plan Rows": 10, "Plan Width": 44, "Sort Key": ["(sum((lineitem.l_extendedprice * (1::double precision - lineitem.l_discount)))) DESC", "orders.o_orderdate"], "Plans": [{"Node Type": "Aggregate", "Strategy": "Hashed", "Parent Relationship": "Outer", "Startup Cost": 1717313.93, "Total Cost": 1752906.4, "Plan Rows": 3559247, "Plan Width": 44, "Group By Key": ["lineitem.l_orderkey", "orders.o_orderdate", "orders.o_shippriority"], "Plans": [{"Node Type": "Nested Loop", "Parent Relationship": "Outer", "Join Type": "Inner", "Startup Cost": 257013.14, "Total Cost": 1663925.22, "Plan Rows": 3559247, "Plan Width": 36, "Inner Unique": false, "Plans": [{"Node Type": "Hash Join", "Parent Relationship": "Outer", "Join Type": "Inner", "Startup Cost": 257013.14, "Total Cost": 659380.88, "Plan Rows": 715772, "Plan Width": 20, "Inner Unique": true, "Hash Cond": "(orders.o_custkey = customer.c_custkey), (LLVM Optimized)", "Plans": [{"Node Type": "Bitmap Heap Scan", "Parent Relationship": "Outer", "Relation Name": "orders", "Alias": "orders", "Startup Cost": 168698.43, "Total Cost": 536495.14, "Plan Rows": 7310217, "Plan Width": 28, "Recheck Cond": "(o_orderdate < '1995-03-13 00:00:00'::timestamp(0) without time zone), (LLVM Optimized)", "Plans": [{"Node Type": "Bitmap Index Scan", "Parent Relationship": "Outer", "Index Name": "idx_orders_orderdate", "Startup Cost": 0.0, "Total Cost": 166870.88, "Plan Rows": 7310217, "Plan Width": 0, "Index Cond": "(o_orderdate < '1995-03-13 00:00:00'::timestamp(0) without time zone)"}]}, {"Node Type": "Hash", "Parent Relationship": "Inner", "Startup Cost": 84515.36, "Total Cost": 84515.36, "Plan Rows": 303948, "Plan Width": 8, "Plans": [{"Node Type": "Index Scan", "Parent Relationship": "Outer", "Scan Direction": "Forward", "Index Name": "customer_pkey", "Relation Name": "customer", "Alias": "customer", "Startup Cost": 0.0, "Total Cost": 84515.36, "Plan Rows": 303948, "Plan Width": 8, "Filter": "(c_mktsegment = 'AUTOMOBILE'::bpchar), (LLVM Optimized)"}]}]}, {"Node Type": "Index Scan", "Parent Relationship": "Inner", "Scan Direction": "Forward", "Index Name": "idx_lineitem_orderkey", "Relation Name": "lineitem", "Alias": "lineitem", "Startup Cost": 0.0, "Total Cost": 1.35, "Plan Rows": 5, "Plan Width": 24, "Index Cond": "(l_orderkey = orders.o_orderkey)", "Filter": "(l_shipdate > '1995-03-13 00:00:00'::timestamp(0) without time zone)"}]}]}]}]}, "Unique SQL Id": 3929762122, "Planner Runtime": 1}, "explain_analyze_plan": {"Plan": {"Node Type": "Limit", "Startup Cost": 1829820.45, "Total Cost": 1829820.47, "Plan Rows": 10, "Plan Width": 44, "Actual Startup Time": 22258.734, "Actual Total Time": 22258.737, "Actual Rows": 10, "Actual Loops": 1, "Plans": [{"Node Type": "Sort", "Parent Relationship": "Outer", "Startup Cost": 1829820.45, "Total Cost": 1838718.56, "Plan Rows": 10, "Plan Width": 44, "Actual Startup Time": 22258.732, "Actual Total Time": 22258.733, "Actual Rows": 10, "Actual Loops": 1, "Sort Key": ["(sum((lineitem.l_extendedprice * (1::double precision - lineitem.l_discount)))) DESC", "orders.o_orderdate"], "Sort Method": "top-N heapsort", "Sort Space Used": 26, "Sort Space Type": "Memory", "Plans": [{"Node Type": "Aggregate", "Strategy": "Hashed", "Parent Relationship": "Outer", "Startup Cost": 1717313.93, "Total Cost": 1752906.4, "Plan Rows": 3559247, "Plan Width": 44, "Actual Startup Time": 22173.758, "Actual Total Time": 22231.615, "Actual Rows": 113719, "Actual Loops": 1, "Group By Key": ["lineitem.l_orderkey", "orders.o_orderdate", "orders.o_shippriority"], "Plans": [{"Node Type": "Nested Loop", "Parent Relationship": "Outer", "Join Type": "Inner", "Startup Cost": 257013.14, "Total Cost": 1663925.22, "Plan Rows": 3559247, "Plan Width": 36, "Actual Startup Time": 2984.674, "Actual Total Time": 21881.489, "Actual Rows": 300219, "Actual Loops": 1, "Inner Unique": false, "Plans": [{"Node Type": "Hash Join", "Parent Relationship": "Outer", "Join Type": "Inner", "Startup Cost": 257013.14, "Total Cost": 659380.88, "Plan Rows": 715772, "Plan Width": 20, "Actual Startup Time": 2984.449, "Actual Total Time": 9955.282, "Actual Rows": 1455173, "Actual Loops": 1, "Inner Unique": true, "Hash Cond": "(orders.o_custkey = customer.c_custkey), (LLVM Optimized, Jit Execute)", "Plans": [{"Node Type": "Bitmap Heap Scan", "Parent Relationship": "Outer", "Relation Name": "orders", "Alias": "orders", "Startup Cost": 168698.43, "Total Cost": 536495.14, "Plan Rows": 7310217, "Plan Width": 28, "Actual Startup Time": 1860.45, "Actual Total Time": 5689.544, "Actual Rows": 7276947, "Actual Loops": 1, "Recheck Cond": "(o_orderdate < '1995-03-13 00:00:00'::timestamp(0) without time zone), (LLVM Optimized, Jit Execute)", "Rows Removed by Index Recheck": 0, "Exact Heap Blocks": 276419, "Lossy Heap Blocks": 276419, "Plans": [{"Node Type": "Bitmap Index Scan", "Parent Relationship": "Outer", "Index Name": "idx_orders_orderdate", "Startup Cost": 0.0, "Total Cost": 166870.88, "Plan Rows": 7310217, "Plan Width": 0, "Actual Startup Time": 1772.184, "Actual Total Time": 1772.184, "Actual Rows": 7276947, "Actual Loops": 1, "Index Cond": "(o_orderdate < '1995-03-13 00:00:00'::timestamp(0) without time zone)"}]}, {"Node Type": "Hash", "Parent Relationship": "Inner", "Startup Cost": 84515.36, "Total Cost": 84515.36, "Plan Rows": 303948, "Plan Width": 8, "Actual Startup Time": 1123.612, "Actual Total Time": 1123.612, "Actual Rows": 300036, "Actual Loops": 1, "Hash Buckets": 524288, "Hash Batches": 1, "Original Hash Batches": 1, "Peak Memory Usage": 11721, "Plans": [{"Node Type": "Index Scan", "Parent Relationship": "Outer", "Scan Direction": "Forward", "Index Name": "customer_pkey", "Relation Name": "customer", "Alias": "customer", "Startup Cost": 0.0, "Total Cost": 84515.36, "Plan Rows": 303948, "Plan Width": 8, "Actual Startup Time": 0.065, "Actual Total Time": 1011.283, "Actual Rows": 300036, "Actual Loops": 1, "Filter": "(c_mktsegment = 'AUTOMOBILE'::bpchar), (LLVM Optimized, Jit Execute)", "Rows Removed by Filter": 1199964}]}]}, {"Node Type": "Index Scan", "Parent Relationship": "Inner", "Scan Direction": "Forward", "Index Name": "idx_lineitem_orderkey", "Relation Name": "lineitem", "Alias": "lineitem", "Startup Cost": 0.0, "Total Cost": 1.35, "Plan Rows": 5, "Plan Width": 24, "Actual Startup Time": 10827.429, "Actual Total Time": 11122.722, "Actual Rows": 300219, "Actual Loops": 1455173, "Index Cond": "(l_orderkey = orders.o_orderkey)", "Rows Removed by Index Recheck": 0, "Filter": "(l_shipdate > '1995-03-13 00:00:00'::timestamp(0) without time zone)", "Rows Removed by Filter": 5519788}]}]}]}]}, "Triggers": [], "Planner Runtime": 1.356, "Total Runtime": 22269.035, "Unique SQL Id": 3929762122}}, "(16, '66')": {"explain_plan": {"Plan": {"Node Type": "Limit", "Startup Cost": 3055991.15, "Total Cost": 3055991.17, "Plan Rows": 10, "Plan Width": 44, "Plans": [{"Node Type": "Sort", "Parent Relationship": "Outer", "Startup Cost": 3055991.15, "Total Cost": 3064889.27, "Plan Rows": 10, "Plan Width": 44, "Sort Key": ["(sum((lineitem.l_extendedprice * (1::double precision - lineitem.l_discount)))) DESC", "orders.o_orderdate"], "Plans": [{"Node Type": "Aggregate", "Strategy": "Hashed", "Parent Relationship": "Outer", "Startup Cost": 2943484.63, "Total Cost": 2979077.1, "Plan Rows": 3559247, "Plan Width": 44, "Group By Key": ["lineitem.l_orderkey", "orders.o_orderdate", "orders.o_shippriority"], "Plans": [{"Node Type": "Hash Join", "Parent Relationship": "Outer", "Join Type": "Inner", "Startup Cost": 567106.02, "Total Cost": 2890095.93, "Plan Rows": 3559247, "Plan Width": 36, "Inner Unique": false, "Hash Cond": "(lineitem.l_orderkey = orders.o_orderkey), (LLVM Optimized)", "Plans": [{"Node Type": "Seq Scan", "Parent Relationship": "Outer", "Relation Name": "lineitem", "Alias": "lineitem", "Startup Cost": 0.0, "Total Cost": 2165082.91, "Plan Rows": 32617206, "Plan Width": 24, "Filter": "(l_shipdate > '1995-03-13 00:00:00'::timestamp(0) without time zone), (LLVM Optimized)"}, {"Node Type": "Hash", "Parent Relationship": "Inner", "Startup Cost": 558158.87, "Total Cost": 558158.87, "Plan Rows": 715772, "Plan Width": 20, "Plans": [{"Node Type": "Hash Join", "Parent Relationship": "Outer", "Join Type": "Inner", "Startup Cost": 60060.63, "Total Cost": 558158.87, "Plan Rows": 715772, "Plan Width": 20, "Inner Unique": true, "Hash Cond": "(orders.o_custkey = customer.c_custkey), (LLVM Optimized)", "Plans": [{"Node Type": "Seq Scan", "Parent Relationship": "Outer", "Relation Name": "orders", "Alias": "orders", "Startup Cost": 385.28, "Total Cost": 463912.49, "Plan Rows": 7310217, "Plan Width": 28, "Filter": "(o_orderdate < '1995-03-13 00:00:00'::timestamp(0) without time zone), (LLVM Optimized)"}, {"Node Type": "Hash", "Parent Relationship": "Inner", "Startup Cost": 55876.0, "Total Cost": 55876.0, "Plan Rows": 303948, "Plan Width": 8, "Plans": [{"Node Type": "Seq Scan", "Parent Relationship": "Outer", "Relation Name": "customer", "Alias": "customer", "Startup Cost": 0.0, "Total Cost": 55876.0, "Plan Rows": 303948, "Plan Width": 8, "Filter": "(c_mktsegment = 'AUTOMOBILE'::bpchar), (LLVM Optimized)"}]}]}]}]}]}]}]}, "Unique SQL Id": 3929762122, "Planner Runtime": 1}, "explain_analyze_plan": {"Plan": {"Node Type": "Limit", "Startup Cost": 3055991.15, "Total Cost": 3055991.17, "Plan Rows": 10, "Plan Width": 44, "Actual Startup Time": 39713.629, "Actual Total Time": 39713.634, "Actual Rows": 10, "Actual Loops": 1, "Plans": [{"Node Type": "Sort", "Parent Relationship": "Outer", "Startup Cost": 3055991.15, "Total Cost": 3064889.27, "Plan Rows": 10, "Plan Width": 44, "Actual Startup Time": 39713.626, "Actual Total Time": 39713.628, "Actual Rows": 10, "Actual Loops": 1, "Sort Key": ["(sum((lineitem.l_extendedprice * (1::double precision - lineitem.l_discount)))) DESC", "orders.o_orderdate"], "Sort Method": "top-N heapsort", "Sort Space Used": 26, "Sort Space Type": "Memory", "Plans": [{"Node Type": "Aggregate", "Strategy": "Hashed", "Parent Relationship": "Outer", "Startup Cost": 2943484.63, "Total Cost": 2979077.1, "Plan Rows": 3559247, "Plan Width": 44, "Actual Startup Time": 39626.411, "Actual Total Time": 39686.275, "Actual Rows": 113719, "Actual Loops": 1, "Group By Key": ["lineitem.l_orderkey", "orders.o_orderdate", "orders.o_shippriority"], "Plans": [{"Node Type": "Hash Join", "Parent Relationship": "Outer", "Join Type": "Inner", "Startup Cost": 567106.02, "Total Cost": 2890095.93, "Plan Rows": 3559247, "Plan Width": 36, "Actual Startup Time": 9131.902, "Actual Total Time": 39338.873, "Actual Rows": 300219, "Actual Loops": 1, "Inner Unique": false, "Hash Cond": "(lineitem.l_orderkey = orders.o_orderkey), (LLVM Optimized, Jit Execute)", "Plans": [{"Node Type": "Seq Scan", "Parent Relationship": "Outer", "Relation Name": "lineitem", "Alias": "lineitem", "Startup Cost": 0.0, "Total Cost": 2165082.91, "Plan Rows": 32617206, "Plan Width": 24, "Actual Startup Time": 0.053, "Actual Total Time": 21301.113, "Actual Rows": 32384344, "Actual Loops": 1, "Filter": "(l_shipdate > '1995-03-13 00:00:00'::timestamp(0) without time zone), (LLVM Optimized, Jit Execute)", "Rows Removed by Filter": 27601708}, {"Node Type": "Hash", "Parent Relationship": "Inner", "Startup Cost": 558158.87, "Total Cost": 558158.87, "Plan Rows": 715772, "Plan Width": 20, "Actual Startup Time": 9130.472, "Actual Total Time": 9130.472, "Actual Rows": 1455173, "Actual Loops": 1, "Hash Buckets": 1048576, "Hash Batches": 1, "Original Hash Batches": 1, "Peak Memory Usage": 79580, "Plans": [{"Node Type": "Hash Join", "Parent Relationship": "Outer", "Join Type": "Inner", "Startup Cost": 60060.63, "Total Cost": 558158.87, "Plan Rows": 715772, "Plan Width": 20, "Actual Startup Time": 778.207, "Actual Total Time": 8478.744, "Actual Rows": 1455173, "Actual Loops": 1, "Inner Unique": true, "Hash Cond": "(orders.o_custkey = customer.c_custkey), (LLVM Optimized, Jit Execute)", "Plans": [{"Node Type": "Seq Scan", "Parent Relationship": "Outer", "Relation Name": "orders", "Alias": "orders", "Startup Cost": 385.28, "Total Cost": 463912.49, "Plan Rows": 7310217, "Plan Width": 28, "Actual Startup Time": 0.027, "Actual Total Time": 4887.817, "Actual Rows": 7276947, "Actual Loops": 1, "Filter": "(o_orderdate < '1995-03-13 00:00:00'::timestamp(0) without time zone), (LLVM Optimized, Jit Execute)", "Rows Removed by Filter": 7723053}, {"Node Type": "Hash", "Parent Relationship": "Inner", "Startup Cost": 55876.0, "Total Cost": 55876.0, "Plan Rows": 303948, "Plan Width": 8, "Actual Startup Time": 777.811, "Actual Total Time": 777.811, "Actual Rows": 300036, "Actual Loops": 1, "Hash Buckets": 524288, "Hash Batches": 1, "Original Hash Batches": 1, "Peak Memory Usage": 11721, "Plans": [{"Node Type": "Seq Scan", "Parent Relationship": "Outer", "Relation Name": "customer", "Alias": "customer", "Startup Cost": 0.0, "Total Cost": 55876.0, "Plan Rows": 303948, "Plan Width": 8, "Actual Startup Time": 0.027, "Actual Total Time": 662.042, "Actual Rows": 300036, "Actual Loops": 1, "Filter": "(c_mktsegment = 'AUTOMOBILE'::bpchar), (LLVM Optimized, Jit Execute)", "Rows Removed by Filter": 1199964}]}]}]}]}]}]}]}, "Triggers": [], "Planner Runtime": 1.217, "Total Runtime": 39723.964, "Unique SQL Id": 3929762122}}, "(16, '67')": {"explain_plan": {"Plan": {"Node Type": "Limit", "Startup Cost": 35345596.54, "Total Cost": 35345596.56, "Plan Rows": 10, "Plan Width": 44, "Plans": [{"Node Type": "Sort", "Parent Relationship": "Outer", "Startup Cost": 35345596.54, "Total Cost": 35354494.65, "Plan Rows": 10, "Plan Width": 44, "Sort Key": ["(sum((lineitem.l_extendedprice * (1::double precision - lineitem.l_discount)))) DESC", "orders.o_orderdate"], "Plans": [{"Node Type": "Aggregate", "Strategy": "Hashed", "Parent Relationship": "Outer", "Startup Cost": 35233090.02, "Total Cost": 35268682.49, "Plan Rows": 3559247, "Plan Width": 44, "Group By Key": ["lineitem.l_orderkey", "orders.o_orderdate", "orders.o_shippriority"], "Plans": [{"Node Type": "Nested Loop", "Parent Relationship": "Outer", "Join Type": "Inner", "Startup Cost": 168699.14, "Total Cost": 35179701.31, "Plan Rows": 3559247, "Plan Width": 36, "Inner Unique": false, "Plans": [{"Node Type": "Nested Loop", "Parent Relationship": "Outer", "Join Type": "Inner", "Startup Cost": 168698.69, "Total Cost": 31865463.0, "Plan Rows": 715772, "Plan Width": 20, "Inner Unique": true, "Plans": [{"Node Type": "Bitmap Heap Scan", "Parent Relationship": "Outer", "Relation Name": "orders", "Alias": "orders", "Startup Cost": 168698.43, "Total Cost": 536495.14, "Plan Rows": 7310217, "Plan Width": 28, "Recheck Cond": "(o_orderdate < '1995-03-13 00:00:00'::timestamp(0) without time zone), (LLVM Optimized)", "Plans": [{"Node Type": "Bitmap Index Scan", "Parent Relationship": "Outer", "Index Name": "idx_orders_orderdate", "Startup Cost": 0.0, "Total Cost": 166870.88, "Plan Rows": 7310217, "Plan Width": 0, "Index Cond": "(o_orderdate < '1995-03-13 00:00:00'::timestamp(0) without time zone)"}]}, {"Node Type": "Bitmap Heap Scan", "Parent Relationship": "Inner", "Relation Name": "customer", "Alias": "customer", "Startup Cost": 0.26, "Total Cost": 4.28, "Plan Rows": 1, "Plan Width": 8, "Recheck Cond": "(c_custkey = orders.o_custkey)", "Filter": "(c_mktsegment = 'AUTOMOBILE'::bpchar)", "Plans": [{"Node Type": "Bitmap Index Scan", "Parent Relationship": "Outer", "Index Name": "customer_pkey", "Startup Cost": 0.0, "Total Cost": 0.26, "Plan Rows": 1, "Plan Width": 0, "Index Cond": "(c_custkey = orders.o_custkey)"}]}]}, {"Node Type": "Bitmap Heap Scan", "Parent Relationship": "Inner", "Relation Name": "lineitem", "Alias": "lineitem", "Startup Cost": 0.45, "Total Cost": 4.58, "Plan Rows": 5, "Plan Width": 24, "Recheck Cond": "(l_orderkey = orders.o_orderkey)", "Filter": "(l_shipdate > '1995-03-13 00:00:00'::timestamp(0) without time zone)", "Plans": [{"Node Type": "Bitmap Index Scan", "Parent Relationship": "Outer", "Index Name": "idx_lineitem_orderkey", "Startup Cost": 0.0, "Total Cost": 0.44, "Plan Rows": 9, "Plan Width": 0, "Index Cond": "(l_orderkey = orders.o_orderkey)"}]}]}]}]}]}, "Unique SQL Id": 3929762122, "Planner Runtime": 1}, "explain_analyze_plan": null}, "(16, '68')": {"explain_plan": {"Plan": {"Node Type": "Limit", "Startup Cost": 1728598.43, "Total Cost": 1728598.46, "Plan Rows": 10, "Plan Width": 44, "Plans": [{"Node Type": "Sort", "Parent Relationship": "Outer", "Startup Cost": 1728598.43, "Total Cost": 1737496.55, "Plan Rows": 10, "Plan Width": 44, "Sort Key": ["(sum((lineitem.l_extendedprice * (1::double precision - lineitem.l_discount)))) DESC", "orders.o_orderdate"], "Plans": [{"Node Type": "Aggregate", "Strategy": "Hashed", "Parent Relationship": "Outer", "Startup Cost": 1616091.91, "Total Cost": 1651684.38, "Plan Rows": 3559247, "Plan Width": 44, "Group By Key": ["lineitem.l_orderkey", "orders.o_orderdate", "orders.o_shippriority"], "Plans": [{"Node Type": "Nested Loop", "Parent Relationship": "Outer", "Join Type": "Inner", "Startup Cost": 60060.63, "Total Cost": 1562703.21, "Plan Rows": 3559247, "Plan Width": 36, "Inner Unique": false, "Plans": [{"Node Type": "Hash Join", "Parent Relationship": "Outer", "Join Type": "Inner", "Startup Cost": 60060.63, "Total Cost": 558158.87, "Plan Rows": 715772, "Plan Width": 20, "Inner Unique": true, "Hash Cond": "(orders.o_custkey = customer.c_custkey), (LLVM Optimized)", "Plans": [{"Node Type": "Seq Scan", "Parent Relationship": "Outer", "Relation Name": "orders", "Alias": "orders", "Startup Cost": 385.28, "Total Cost": 463912.49, "Plan Rows": 7310217, "Plan Width": 28, "Filter": "(o_orderdate < '1995-03-13 00:00:00'::timestamp(0) without time zone), (LLVM Optimized)"}, {"Node Type": "Hash", "Parent Relationship": "Inner", "Startup Cost": 55876.0, "Total Cost": 55876.0, "Plan Rows": 303948, "Plan Width": 8, "Plans": [{"Node Type": "Seq Scan", "Parent Relationship": "Outer", "Relation Name": "customer", "Alias": "customer", "Startup Cost": 0.0, "Total Cost": 55876.0, "Plan Rows": 303948, "Plan Width": 8, "Filter": "(c_mktsegment = 'AUTOMOBILE'::bpchar), (LLVM Optimized)"}]}]}, {"Node Type": "Index Scan", "Parent Relationship": "Inner", "Scan Direction": "Forward", "Index Name": "idx_lineitem_orderkey", "Relation Name": "lineitem", "Alias": "lineitem", "Startup Cost": 0.0, "Total Cost": 1.35, "Plan Rows": 5, "Plan Width": 24, "Index Cond": "(l_orderkey = orders.o_orderkey)", "Filter": "(l_shipdate > '1995-03-13 00:00:00'::timestamp(0) without time zone)"}]}]}]}]}, "Unique SQL Id": 3929762122, "Planner Runtime": 1}, "explain_analyze_plan": {"Plan": {"Node Type": "Limit", "Startup Cost": 1728598.43, "Total Cost": 1728598.46, "Plan Rows": 10, "Plan Width": 44, "Actual Startup Time": 21057.673, "Actual Total Time": 21057.676, "Actual Rows": 10, "Actual Loops": 1, "Plans": [{"Node Type": "Sort", "Parent Relationship": "Outer", "Startup Cost": 1728598.43, "Total Cost": 1737496.55, "Plan Rows": 10, "Plan Width": 44, "Actual Startup Time": 21057.669, "Actual Total Time": 21057.671, "Actual Rows": 10, "Actual Loops": 1, "Sort Key": ["(sum((lineitem.l_extendedprice * (1::double precision - lineitem.l_discount)))) DESC", "orders.o_orderdate"], "Sort Method": "top-N heapsort", "Sort Space Used": 26, "Sort Space Type": "Memory", "Plans": [{"Node Type": "Aggregate", "Strategy": "Hashed", "Parent Relationship": "Outer", "Startup Cost": 1616091.91, "Total Cost": 1651684.38, "Plan Rows": 3559247, "Plan Width": 44, "Actual Startup Time": 20966.575, "Actual Total Time": 21030.343, "Actual Rows": 113719, "Actual Loops": 1, "Group By Key": ["lineitem.l_orderkey", "orders.o_orderdate", "orders.o_shippriority"], "Plans": [{"Node Type": "Nested Loop", "Parent Relationship": "Outer", "Join Type": "Inner", "Startup Cost": 60060.63, "Total Cost": 1562703.21, "Plan Rows": 3559247, "Plan Width": 36, "Actual Startup Time": 763.259, "Actual Total Time": 20649.316, "Actual Rows": 300219, "Actual Loops": 1, "Inner Unique": false, "Plans": [{"Node Type": "Hash Join", "Parent Relationship": "Outer", "Join Type": "Inner", "Startup Cost": 60060.63, "Total Cost": 558158.87, "Plan Rows": 715772, "Plan Width": 20, "Actual Startup Time": 763.021, "Actual Total Time": 8834.817, "Actual Rows": 1455173, "Actual Loops": 1, "Inner Unique": true, "Hash Cond": "(orders.o_custkey = customer.c_custkey), (LLVM Optimized, Jit Execute)", "Plans": [{"Node Type": "Seq Scan", "Parent Relationship": "Outer", "Relation Name": "orders", "Alias": "orders", "Startup Cost": 385.28, "Total Cost": 463912.49, "Plan Rows": 7310217, "Plan Width": 28, "Actual Startup Time": 0.045, "Actual Total Time": 4909.997, "Actual Rows": 7276947, "Actual Loops": 1, "Filter": "(o_orderdate < '1995-03-13 00:00:00'::timestamp(0) without time zone), (LLVM Optimized, Jit Execute)", "Rows Removed by Filter": 7723053}, {"Node Type": "Hash", "Parent Relationship": "Inner", "Startup Cost": 55876.0, "Total Cost": 55876.0, "Plan Rows": 303948, "Plan Width": 8, "Actual Startup Time": 762.556, "Actual Total Time": 762.556, "Actual Rows": 300036, "Actual Loops": 1, "Hash Buckets": 524288, "Hash Batches": 1, "Original Hash Batches": 1, "Peak Memory Usage": 11721, "Plans": [{"Node Type": "Seq Scan", "Parent Relationship": "Outer", "Relation Name": "customer", "Alias": "customer", "Startup Cost": 0.0, "Total Cost": 55876.0, "Plan Rows": 303948, "Plan Width": 8, "Actual Startup Time": 0.031, "Actual Total Time": 648.707, "Actual Rows": 300036, "Actual Loops": 1, "Filter": "(c_mktsegment = 'AUTOMOBILE'::bpchar), (LLVM Optimized, Jit Execute)", "Rows Removed by Filter": 1199964}]}]}, {"Node Type": "Index Scan", "Parent Relationship": "Inner", "Scan Direction": "Forward", "Index Name": "idx_lineitem_orderkey", "Relation Name": "lineitem", "Alias": "lineitem", "Startup Cost": 0.0, "Total Cost": 1.35, "Plan Rows": 5, "Plan Width": 24, "Actual Startup Time": 10726.875, "Actual Total Time": 11015.442, "Actual Rows": 300219, "Actual Loops": 1455173, "Index Cond": "(l_orderkey = orders.o_orderkey)", "Rows Removed by Index Recheck": 0, "Filter": "(l_shipdate > '1995-03-13 00:00:00'::timestamp(0) without time zone)", "Rows Removed by Filter": 5519788}]}]}]}]}, "Triggers": [], "Planner Runtime": 1.214, "Total Runtime": 21067.656, "Unique SQL Id": 3929762122}}, "(16, '69')": {"explain_plan": {"Plan": {"Node Type": "Limit", "Startup Cost": 1829820.45, "Total Cost": 1829820.47, "Plan Rows": 10, "Plan Width": 44, "Plans": [{"Node Type": "Sort", "Parent Relationship": "Outer", "Startup Cost": 1829820.45, "Total Cost": 1838718.56, "Plan Rows": 10, "Plan Width": 44, "Sort Key": ["(sum((lineitem.l_extendedprice * (1::double precision - lineitem.l_discount)))) DESC", "orders.o_orderdate"], "Plans": [{"Node Type": "Aggregate", "Strategy": "Hashed", "Parent Relationship": "Outer", "Startup Cost": 1717313.93, "Total Cost": 1752906.4, "Plan Rows": 3559247, "Plan Width": 44, "Group By Key": ["lineitem.l_orderkey", "orders.o_orderdate", "orders.o_shippriority"], "Plans": [{"Node Type": "Nested Loop", "Parent Relationship": "Outer", "Join Type": "Inner", "Startup Cost": 257013.14, "Total Cost": 1663925.22, "Plan Rows": 3559247, "Plan Width": 36, "Inner Unique": false, "Plans": [{"Node Type": "Hash Join", "Parent Relationship": "Outer", "Join Type": "Inner", "Startup Cost": 257013.14, "Total Cost": 659380.88, "Plan Rows": 715772, "Plan Width": 20, "Inner Unique": true, "Hash Cond": "(orders.o_custkey = customer.c_custkey), (LLVM Optimized)", "Plans": [{"Node Type": "Bitmap Heap Scan", "Parent Relationship": "Outer", "Relation Name": "orders", "Alias": "orders", "Startup Cost": 168698.43, "Total Cost": 536495.14, "Plan Rows": 7310217, "Plan Width": 28, "Recheck Cond": "(o_orderdate < '1995-03-13 00:00:00'::timestamp(0) without time zone), (LLVM Optimized)", "Plans": [{"Node Type": "Bitmap Index Scan", "Parent Relationship": "Outer", "Index Name": "idx_orders_orderdate", "Startup Cost": 0.0, "Total Cost": 166870.88, "Plan Rows": 7310217, "Plan Width": 0, "Index Cond": "(o_orderdate < '1995-03-13 00:00:00'::timestamp(0) without time zone)"}]}, {"Node Type": "Hash", "Parent Relationship": "Inner", "Startup Cost": 84515.36, "Total Cost": 84515.36, "Plan Rows": 303948, "Plan Width": 8, "Plans": [{"Node Type": "Index Scan", "Parent Relationship": "Outer", "Scan Direction": "Forward", "Index Name": "customer_pkey", "Relation Name": "customer", "Alias": "customer", "Startup Cost": 0.0, "Total Cost": 84515.36, "Plan Rows": 303948, "Plan Width": 8, "Filter": "(c_mktsegment = 'AUTOMOBILE'::bpchar), (LLVM Optimized)"}]}]}, {"Node Type": "Index Scan", "Parent Relationship": "Inner", "Scan Direction": "Forward", "Index Name": "idx_lineitem_orderkey", "Relation Name": "lineitem", "Alias": "lineitem", "Startup Cost": 0.0, "Total Cost": 1.35, "Plan Rows": 5, "Plan Width": 24, "Index Cond": "(l_orderkey = orders.o_orderkey)", "Filter": "(l_shipdate > '1995-03-13 00:00:00'::timestamp(0) without time zone)"}]}]}]}]}, "Unique SQL Id": 3929762122, "Planner Runtime": 1}, "explain_analyze_plan": {"Plan": {"Node Type": "Limit", "Startup Cost": 1829820.45, "Total Cost": 1829820.47, "Plan Rows": 10, "Plan Width": 44, "Actual Startup Time": 22258.734, "Actual Total Time": 22258.737, "Actual Rows": 10, "Actual Loops": 1, "Plans": [{"Node Type": "Sort", "Parent Relationship": "Outer", "Startup Cost": 1829820.45, "Total Cost": 1838718.56, "Plan Rows": 10, "Plan Width": 44, "Actual Startup Time": 22258.732, "Actual Total Time": 22258.733, "Actual Rows": 10, "Actual Loops": 1, "Sort Key": ["(sum((lineitem.l_extendedprice * (1::double precision - lineitem.l_discount)))) DESC", "orders.o_orderdate"], "Sort Method": "top-N heapsort", "Sort Space Used": 26, "Sort Space Type": "Memory", "Plans": [{"Node Type": "Aggregate", "Strategy": "Hashed", "Parent Relationship": "Outer", "Startup Cost": 1717313.93, "Total Cost": 1752906.4, "Plan Rows": 3559247, "Plan Width": 44, "Actual Startup Time": 22173.758, "Actual Total Time": 22231.615, "Actual Rows": 113719, "Actual Loops": 1, "Group By Key": ["lineitem.l_orderkey", "orders.o_orderdate", "orders.o_shippriority"], "Plans": [{"Node Type": "Nested Loop", "Parent Relationship": "Outer", "Join Type": "Inner", "Startup Cost": 257013.14, "Total Cost": 1663925.22, "Plan Rows": 3559247, "Plan Width": 36, "Actual Startup Time": 2984.674, "Actual Total Time": 21881.489, "Actual Rows": 300219, "Actual Loops": 1, "Inner Unique": false, "Plans": [{"Node Type": "Hash Join", "Parent Relationship": "Outer", "Join Type": "Inner", "Startup Cost": 257013.14, "Total Cost": 659380.88, "Plan Rows": 715772, "Plan Width": 20, "Actual Startup Time": 2984.449, "Actual Total Time": 9955.282, "Actual Rows": 1455173, "Actual Loops": 1, "Inner Unique": true, "Hash Cond": "(orders.o_custkey = customer.c_custkey), (LLVM Optimized, Jit Execute)", "Plans": [{"Node Type": "Bitmap Heap Scan", "Parent Relationship": "Outer", "Relation Name": "orders", "Alias": "orders", "Startup Cost": 168698.43, "Total Cost": 536495.14, "Plan Rows": 7310217, "Plan Width": 28, "Actual Startup Time": 1860.45, "Actual Total Time": 5689.544, "Actual Rows": 7276947, "Actual Loops": 1, "Recheck Cond": "(o_orderdate < '1995-03-13 00:00:00'::timestamp(0) without time zone), (LLVM Optimized, Jit Execute)", "Rows Removed by Index Recheck": 0, "Exact Heap Blocks": 276419, "Lossy Heap Blocks": 276419, "Plans": [{"Node Type": "Bitmap Index Scan", "Parent Relationship": "Outer", "Index Name": "idx_orders_orderdate", "Startup Cost": 0.0, "Total Cost": 166870.88, "Plan Rows": 7310217, "Plan Width": 0, "Actual Startup Time": 1772.184, "Actual Total Time": 1772.184, "Actual Rows": 7276947, "Actual Loops": 1, "Index Cond": "(o_orderdate < '1995-03-13 00:00:00'::timestamp(0) without time zone)"}]}, {"Node Type": "Hash", "Parent Relationship": "Inner", "Startup Cost": 84515.36, "Total Cost": 84515.36, "Plan Rows": 303948, "Plan Width": 8, "Actual Startup Time": 1123.612, "Actual Total Time": 1123.612, "Actual Rows": 300036, "Actual Loops": 1, "Hash Buckets": 524288, "Hash Batches": 1, "Original Hash Batches": 1, "Peak Memory Usage": 11721, "Plans": [{"Node Type": "Index Scan", "Parent Relationship": "Outer", "Scan Direction": "Forward", "Index Name": "customer_pkey", "Relation Name": "customer", "Alias": "customer", "Startup Cost": 0.0, "Total Cost": 84515.36, "Plan Rows": 303948, "Plan Width": 8, "Actual Startup Time": 0.065, "Actual Total Time": 1011.283, "Actual Rows": 300036, "Actual Loops": 1, "Filter": "(c_mktsegment = 'AUTOMOBILE'::bpchar), (LLVM Optimized, Jit Execute)", "Rows Removed by Filter": 1199964}]}]}, {"Node Type": "Index Scan", "Parent Relationship": "Inner", "Scan Direction": "Forward", "Index Name": "idx_lineitem_orderkey", "Relation Name": "lineitem", "Alias": "lineitem", "Startup Cost": 0.0, "Total Cost": 1.35, "Plan Rows": 5, "Plan Width": 24, "Actual Startup Time": 10827.429, "Actual Total Time": 11122.722, "Actual Rows": 300219, "Actual Loops": 1455173, "Index Cond": "(l_orderkey = orders.o_orderkey)", "Rows Removed by Index Recheck": 0, "Filter": "(l_shipdate > '1995-03-13 00:00:00'::timestamp(0) without time zone)", "Rows Removed by Filter": 5519788}]}]}]}]}, "Triggers": [], "Planner Runtime": 1.356, "Total Runtime": 22269.035, "Unique SQL Id": 3929762122}}, "(16, '70')": {"explain_plan": {"Plan": {"Node Type": "Limit", "Startup Cost": 3055991.15, "Total Cost": 3055991.17, "Plan Rows": 10, "Plan Width": 44, "Plans": [{"Node Type": "Sort", "Parent Relationship": "Outer", "Startup Cost": 3055991.15, "Total Cost": 3064889.27, "Plan Rows": 10, "Plan Width": 44, "Sort Key": ["(sum((lineitem.l_extendedprice * (1::double precision - lineitem.l_discount)))) DESC", "orders.o_orderdate"], "Plans": [{"Node Type": "Aggregate", "Strategy": "Hashed", "Parent Relationship": "Outer", "Startup Cost": 2943484.63, "Total Cost": 2979077.1, "Plan Rows": 3559247, "Plan Width": 44, "Group By Key": ["lineitem.l_orderkey", "orders.o_orderdate", "orders.o_shippriority"], "Plans": [{"Node Type": "Hash Join", "Parent Relationship": "Outer", "Join Type": "Inner", "Startup Cost": 567106.02, "Total Cost": 2890095.93, "Plan Rows": 3559247, "Plan Width": 36, "Inner Unique": false, "Hash Cond": "(lineitem.l_orderkey = orders.o_orderkey), (LLVM Optimized)", "Plans": [{"Node Type": "Seq Scan", "Parent Relationship": "Outer", "Relation Name": "lineitem", "Alias": "lineitem", "Startup Cost": 0.0, "Total Cost": 2165082.91, "Plan Rows": 32617206, "Plan Width": 24, "Filter": "(l_shipdate > '1995-03-13 00:00:00'::timestamp(0) without time zone), (LLVM Optimized)"}, {"Node Type": "Hash", "Parent Relationship": "Inner", "Startup Cost": 558158.87, "Total Cost": 558158.87, "Plan Rows": 715772, "Plan Width": 20, "Plans": [{"Node Type": "Hash Join", "Parent Relationship": "Outer", "Join Type": "Inner", "Startup Cost": 60060.63, "Total Cost": 558158.87, "Plan Rows": 715772, "Plan Width": 20, "Inner Unique": true, "Hash Cond": "(orders.o_custkey = customer.c_custkey), (LLVM Optimized)", "Plans": [{"Node Type": "Seq Scan", "Parent Relationship": "Outer", "Relation Name": "orders", "Alias": "orders", "Startup Cost": 385.28, "Total Cost": 463912.49, "Plan Rows": 7310217, "Plan Width": 28, "Filter": "(o_orderdate < '1995-03-13 00:00:00'::timestamp(0) without time zone), (LLVM Optimized)"}, {"Node Type": "Hash", "Parent Relationship": "Inner", "Startup Cost": 55876.0, "Total Cost": 55876.0, "Plan Rows": 303948, "Plan Width": 8, "Plans": [{"Node Type": "Seq Scan", "Parent Relationship": "Outer", "Relation Name": "customer", "Alias": "customer", "Startup Cost": 0.0, "Total Cost": 55876.0, "Plan Rows": 303948, "Plan Width": 8, "Filter": "(c_mktsegment = 'AUTOMOBILE'::bpchar), (LLVM Optimized)"}]}]}]}]}]}]}]}, "Unique SQL Id": 3929762122, "Planner Runtime": 1}, "explain_analyze_plan": {"Plan": {"Node Type": "Limit", "Startup Cost": 3055991.15, "Total Cost": 3055991.17, "Plan Rows": 10, "Plan Width": 44, "Actual Startup Time": 39713.629, "Actual Total Time": 39713.634, "Actual Rows": 10, "Actual Loops": 1, "Plans": [{"Node Type": "Sort", "Parent Relationship": "Outer", "Startup Cost": 3055991.15, "Total Cost": 3064889.27, "Plan Rows": 10, "Plan Width": 44, "Actual Startup Time": 39713.626, "Actual Total Time": 39713.628, "Actual Rows": 10, "Actual Loops": 1, "Sort Key": ["(sum((lineitem.l_extendedprice * (1::double precision - lineitem.l_discount)))) DESC", "orders.o_orderdate"], "Sort Method": "top-N heapsort", "Sort Space Used": 26, "Sort Space Type": "Memory", "Plans": [{"Node Type": "Aggregate", "Strategy": "Hashed", "Parent Relationship": "Outer", "Startup Cost": 2943484.63, "Total Cost": 2979077.1, "Plan Rows": 3559247, "Plan Width": 44, "Actual Startup Time": 39626.411, "Actual Total Time": 39686.275, "Actual Rows": 113719, "Actual Loops": 1, "Group By Key": ["lineitem.l_orderkey", "orders.o_orderdate", "orders.o_shippriority"], "Plans": [{"Node Type": "Hash Join", "Parent Relationship": "Outer", "Join Type": "Inner", "Startup Cost": 567106.02, "Total Cost": 2890095.93, "Plan Rows": 3559247, "Plan Width": 36, "Actual Startup Time": 9131.902, "Actual Total Time": 39338.873, "Actual Rows": 300219, "Actual Loops": 1, "Inner Unique": false, "Hash Cond": "(lineitem.l_orderkey = orders.o_orderkey), (LLVM Optimized, Jit Execute)", "Plans": [{"Node Type": "Seq Scan", "Parent Relationship": "Outer", "Relation Name": "lineitem", "Alias": "lineitem", "Startup Cost": 0.0, "Total Cost": 2165082.91, "Plan Rows": 32617206, "Plan Width": 24, "Actual Startup Time": 0.053, "Actual Total Time": 21301.113, "Actual Rows": 32384344, "Actual Loops": 1, "Filter": "(l_shipdate > '1995-03-13 00:00:00'::timestamp(0) without time zone), (LLVM Optimized, Jit Execute)", "Rows Removed by Filter": 27601708}, {"Node Type": "Hash", "Parent Relationship": "Inner", "Startup Cost": 558158.87, "Total Cost": 558158.87, "Plan Rows": 715772, "Plan Width": 20, "Actual Startup Time": 9130.472, "Actual Total Time": 9130.472, "Actual Rows": 1455173, "Actual Loops": 1, "Hash Buckets": 1048576, "Hash Batches": 1, "Original Hash Batches": 1, "Peak Memory Usage": 79580, "Plans": [{"Node Type": "Hash Join", "Parent Relationship": "Outer", "Join Type": "Inner", "Startup Cost": 60060.63, "Total Cost": 558158.87, "Plan Rows": 715772, "Plan Width": 20, "Actual Startup Time": 778.207, "Actual Total Time": 8478.744, "Actual Rows": 1455173, "Actual Loops": 1, "Inner Unique": true, "Hash Cond": "(orders.o_custkey = customer.c_custkey), (LLVM Optimized, Jit Execute)", "Plans": [{"Node Type": "Seq Scan", "Parent Relationship": "Outer", "Relation Name": "orders", "Alias": "orders", "Startup Cost": 385.28, "Total Cost": 463912.49, "Plan Rows": 7310217, "Plan Width": 28, "Actual Startup Time": 0.027, "Actual Total Time": 4887.817, "Actual Rows": 7276947, "Actual Loops": 1, "Filter": "(o_orderdate < '1995-03-13 00:00:00'::timestamp(0) without time zone), (LLVM Optimized, Jit Execute)", "Rows Removed by Filter": 7723053}, {"Node Type": "Hash", "Parent Relationship": "Inner", "Startup Cost": 55876.0, "Total Cost": 55876.0, "Plan Rows": 303948, "Plan Width": 8, "Actual Startup Time": 777.811, "Actual Total Time": 777.811, "Actual Rows": 300036, "Actual Loops": 1, "Hash Buckets": 524288, "Hash Batches": 1, "Original Hash Batches": 1, "Peak Memory Usage": 11721, "Plans": [{"Node Type": "Seq Scan", "Parent Relationship": "Outer", "Relation Name": "customer", "Alias": "customer", "Startup Cost": 0.0, "Total Cost": 55876.0, "Plan Rows": 303948, "Plan Width": 8, "Actual Startup Time": 0.027, "Actual Total Time": 662.042, "Actual Rows": 300036, "Actual Loops": 1, "Filter": "(c_mktsegment = 'AUTOMOBILE'::bpchar), (LLVM Optimized, Jit Execute)", "Rows Removed by Filter": 1199964}]}]}]}]}]}]}]}, "Triggers": [], "Planner Runtime": 1.217, "Total Runtime": 39723.964, "Unique SQL Id": 3929762122}}, "(16, '71')": {"explain_plan": {"Plan": {"Node Type": "Limit", "Startup Cost": 35345596.54, "Total Cost": 35345596.56, "Plan Rows": 10, "Plan Width": 44, "Plans": [{"Node Type": "Sort", "Parent Relationship": "Outer", "Startup Cost": 35345596.54, "Total Cost": 35354494.65, "Plan Rows": 10, "Plan Width": 44, "Sort Key": ["(sum((lineitem.l_extendedprice * (1::double precision - lineitem.l_discount)))) DESC", "orders.o_orderdate"], "Plans": [{"Node Type": "Aggregate", "Strategy": "Hashed", "Parent Relationship": "Outer", "Startup Cost": 35233090.02, "Total Cost": 35268682.49, "Plan Rows": 3559247, "Plan Width": 44, "Group By Key": ["lineitem.l_orderkey", "orders.o_orderdate", "orders.o_shippriority"], "Plans": [{"Node Type": "Nested Loop", "Parent Relationship": "Outer", "Join Type": "Inner", "Startup Cost": 168699.14, "Total Cost": 35179701.31, "Plan Rows": 3559247, "Plan Width": 36, "Inner Unique": false, "Plans": [{"Node Type": "Nested Loop", "Parent Relationship": "Outer", "Join Type": "Inner", "Startup Cost": 168698.69, "Total Cost": 31865463.0, "Plan Rows": 715772, "Plan Width": 20, "Inner Unique": true, "Plans": [{"Node Type": "Bitmap Heap Scan", "Parent Relationship": "Outer", "Relation Name": "orders", "Alias": "orders", "Startup Cost": 168698.43, "Total Cost": 536495.14, "Plan Rows": 7310217, "Plan Width": 28, "Recheck Cond": "(o_orderdate < '1995-03-13 00:00:00'::timestamp(0) without time zone), (LLVM Optimized)", "Plans": [{"Node Type": "Bitmap Index Scan", "Parent Relationship": "Outer", "Index Name": "idx_orders_orderdate", "Startup Cost": 0.0, "Total Cost": 166870.88, "Plan Rows": 7310217, "Plan Width": 0, "Index Cond": "(o_orderdate < '1995-03-13 00:00:00'::timestamp(0) without time zone)"}]}, {"Node Type": "Bitmap Heap Scan", "Parent Relationship": "Inner", "Relation Name": "customer", "Alias": "customer", "Startup Cost": 0.26, "Total Cost": 4.28, "Plan Rows": 1, "Plan Width": 8, "Recheck Cond": "(c_custkey = orders.o_custkey)", "Filter": "(c_mktsegment = 'AUTOMOBILE'::bpchar)", "Plans": [{"Node Type": "Bitmap Index Scan", "Parent Relationship": "Outer", "Index Name": "customer_pkey", "Startup Cost": 0.0, "Total Cost": 0.26, "Plan Rows": 1, "Plan Width": 0, "Index Cond": "(c_custkey = orders.o_custkey)"}]}]}, {"Node Type": "Bitmap Heap Scan", "Parent Relationship": "Inner", "Relation Name": "lineitem", "Alias": "lineitem", "Startup Cost": 0.45, "Total Cost": 4.58, "Plan Rows": 5, "Plan Width": 24, "Recheck Cond": "(l_orderkey = orders.o_orderkey)", "Filter": "(l_shipdate > '1995-03-13 00:00:00'::timestamp(0) without time zone)", "Plans": [{"Node Type": "Bitmap Index Scan", "Parent Relationship": "Outer", "Index Name": "idx_lineitem_orderkey", "Startup Cost": 0.0, "Total Cost": 0.44, "Plan Rows": 9, "Plan Width": 0, "Index Cond": "(l_orderkey = orders.o_orderkey)"}]}]}]}]}]}, "Unique SQL Id": 3929762122, "Planner Runtime": 1}, "explain_analyze_plan": null}, "(16, '72')": {"explain_plan": {"Plan": {"Node Type": "Limit", "Startup Cost": 1728598.43, "Total Cost": 1728598.46, "Plan Rows": 10, "Plan Width": 44, "Plans": [{"Node Type": "Sort", "Parent Relationship": "Outer", "Startup Cost": 1728598.43, "Total Cost": 1737496.55, "Plan Rows": 10, "Plan Width": 44, "Sort Key": ["(sum((lineitem.l_extendedprice * (1::double precision - lineitem.l_discount)))) DESC", "orders.o_orderdate"], "Plans": [{"Node Type": "Aggregate", "Strategy": "Hashed", "Parent Relationship": "Outer", "Startup Cost": 1616091.91, "Total Cost": 1651684.38, "Plan Rows": 3559247, "Plan Width": 44, "Group By Key": ["lineitem.l_orderkey", "orders.o_orderdate", "orders.o_shippriority"], "Plans": [{"Node Type": "Nested Loop", "Parent Relationship": "Outer", "Join Type": "Inner", "Startup Cost": 60060.63, "Total Cost": 1562703.21, "Plan Rows": 3559247, "Plan Width": 36, "Inner Unique": false, "Plans": [{"Node Type": "Hash Join", "Parent Relationship": "Outer", "Join Type": "Inner", "Startup Cost": 60060.63, "Total Cost": 558158.87, "Plan Rows": 715772, "Plan Width": 20, "Inner Unique": true, "Hash Cond": "(orders.o_custkey = customer.c_custkey), (LLVM Optimized)", "Plans": [{"Node Type": "Seq Scan", "Parent Relationship": "Outer", "Relation Name": "orders", "Alias": "orders", "Startup Cost": 385.28, "Total Cost": 463912.49, "Plan Rows": 7310217, "Plan Width": 28, "Filter": "(o_orderdate < '1995-03-13 00:00:00'::timestamp(0) without time zone), (LLVM Optimized)"}, {"Node Type": "Hash", "Parent Relationship": "Inner", "Startup Cost": 55876.0, "Total Cost": 55876.0, "Plan Rows": 303948, "Plan Width": 8, "Plans": [{"Node Type": "Seq Scan", "Parent Relationship": "Outer", "Relation Name": "customer", "Alias": "customer", "Startup Cost": 0.0, "Total Cost": 55876.0, "Plan Rows": 303948, "Plan Width": 8, "Filter": "(c_mktsegment = 'AUTOMOBILE'::bpchar), (LLVM Optimized)"}]}]}, {"Node Type": "Index Scan", "Parent Relationship": "Inner", "Scan Direction": "Forward", "Index Name": "idx_lineitem_orderkey", "Relation Name": "lineitem", "Alias": "lineitem", "Startup Cost": 0.0, "Total Cost": 1.35, "Plan Rows": 5, "Plan Width": 24, "Index Cond": "(l_orderkey = orders.o_orderkey)", "Filter": "(l_shipdate > '1995-03-13 00:00:00'::timestamp(0) without time zone)"}]}]}]}]}, "Unique SQL Id": 3929762122, "Planner Runtime": 1}, "explain_analyze_plan": {"Plan": {"Node Type": "Limit", "Startup Cost": 1728598.43, "Total Cost": 1728598.46, "Plan Rows": 10, "Plan Width": 44, "Actual Startup Time": 21057.673, "Actual Total Time": 21057.676, "Actual Rows": 10, "Actual Loops": 1, "Plans": [{"Node Type": "Sort", "Parent Relationship": "Outer", "Startup Cost": 1728598.43, "Total Cost": 1737496.55, "Plan Rows": 10, "Plan Width": 44, "Actual Startup Time": 21057.669, "Actual Total Time": 21057.671, "Actual Rows": 10, "Actual Loops": 1, "Sort Key": ["(sum((lineitem.l_extendedprice * (1::double precision - lineitem.l_discount)))) DESC", "orders.o_orderdate"], "Sort Method": "top-N heapsort", "Sort Space Used": 26, "Sort Space Type": "Memory", "Plans": [{"Node Type": "Aggregate", "Strategy": "Hashed", "Parent Relationship": "Outer", "Startup Cost": 1616091.91, "Total Cost": 1651684.38, "Plan Rows": 3559247, "Plan Width": 44, "Actual Startup Time": 20966.575, "Actual Total Time": 21030.343, "Actual Rows": 113719, "Actual Loops": 1, "Group By Key": ["lineitem.l_orderkey", "orders.o_orderdate", "orders.o_shippriority"], "Plans": [{"Node Type": "Nested Loop", "Parent Relationship": "Outer", "Join Type": "Inner", "Startup Cost": 60060.63, "Total Cost": 1562703.21, "Plan Rows": 3559247, "Plan Width": 36, "Actual Startup Time": 763.259, "Actual Total Time": 20649.316, "Actual Rows": 300219, "Actual Loops": 1, "Inner Unique": false, "Plans": [{"Node Type": "Hash Join", "Parent Relationship": "Outer", "Join Type": "Inner", "Startup Cost": 60060.63, "Total Cost": 558158.87, "Plan Rows": 715772, "Plan Width": 20, "Actual Startup Time": 763.021, "Actual Total Time": 8834.817, "Actual Rows": 1455173, "Actual Loops": 1, "Inner Unique": true, "Hash Cond": "(orders.o_custkey = customer.c_custkey), (LLVM Optimized, Jit Execute)", "Plans": [{"Node Type": "Seq Scan", "Parent Relationship": "Outer", "Relation Name": "orders", "Alias": "orders", "Startup Cost": 385.28, "Total Cost": 463912.49, "Plan Rows": 7310217, "Plan Width": 28, "Actual Startup Time": 0.045, "Actual Total Time": 4909.997, "Actual Rows": 7276947, "Actual Loops": 1, "Filter": "(o_orderdate < '1995-03-13 00:00:00'::timestamp(0) without time zone), (LLVM Optimized, Jit Execute)", "Rows Removed by Filter": 7723053}, {"Node Type": "Hash", "Parent Relationship": "Inner", "Startup Cost": 55876.0, "Total Cost": 55876.0, "Plan Rows": 303948, "Plan Width": 8, "Actual Startup Time": 762.556, "Actual Total Time": 762.556, "Actual Rows": 300036, "Actual Loops": 1, "Hash Buckets": 524288, "Hash Batches": 1, "Original Hash Batches": 1, "Peak Memory Usage": 11721, "Plans": [{"Node Type": "Seq Scan", "Parent Relationship": "Outer", "Relation Name": "customer", "Alias": "customer", "Startup Cost": 0.0, "Total Cost": 55876.0, "Plan Rows": 303948, "Plan Width": 8, "Actual Startup Time": 0.031, "Actual Total Time": 648.707, "Actual Rows": 300036, "Actual Loops": 1, "Filter": "(c_mktsegment = 'AUTOMOBILE'::bpchar), (LLVM Optimized, Jit Execute)", "Rows Removed by Filter": 1199964}]}]}, {"Node Type": "Index Scan", "Parent Relationship": "Inner", "Scan Direction": "Forward", "Index Name": "idx_lineitem_orderkey", "Relation Name": "lineitem", "Alias": "lineitem", "Startup Cost": 0.0, "Total Cost": 1.35, "Plan Rows": 5, "Plan Width": 24, "Actual Startup Time": 10726.875, "Actual Total Time": 11015.442, "Actual Rows": 300219, "Actual Loops": 1455173, "Index Cond": "(l_orderkey = orders.o_orderkey)", "Rows Removed by Index Recheck": 0, "Filter": "(l_shipdate > '1995-03-13 00:00:00'::timestamp(0) without time zone)", "Rows Removed by Filter": 5519788}]}]}]}]}, "Triggers": [], "Planner Runtime": 1.214, "Total Runtime": 21067.656, "Unique SQL Id": 3929762122}}, "(16, '73')": {"explain_plan": {"Plan": {"Node Type": "Limit", "Startup Cost": 2061802.43, "Total Cost": 2061802.46, "Plan Rows": 10, "Plan Width": 44, "Plans": [{"Node Type": "Sort", "Parent Relationship": "Outer", "Startup Cost": 2061802.43, "Total Cost": 2070700.55, "Plan Rows": 10, "Plan Width": 44, "Sort Key": ["(sum((lineitem.l_extendedprice * (1::double precision - lineitem.l_discount)))) DESC", "orders.o_orderdate"], "Plans": [{"Node Type": "Aggregate", "Strategy": "Hashed", "Parent Relationship": "Outer", "Startup Cost": 1949295.92, "Total Cost": 1984888.39, "Plan Rows": 3559247, "Plan Width": 44, "Group By Key": ["lineitem.l_orderkey", "orders.o_orderdate", "orders.o_shippriority"], "Plans": [{"Node Type": "Nested Loop", "Parent Relationship": "Outer", "Join Type": "Inner", "Startup Cost": 88314.71, "Total Cost": 1895907.21, "Plan Rows": 3559247, "Plan Width": 36, "Inner Unique": false, "Plans": [{"Node Type": "Hash Join", "Parent Relationship": "Outer", "Join Type": "Inner", "Startup Cost": 88314.71, "Total Cost": 891362.87, "Plan Rows": 715772, "Plan Width": 20, "Inner Unique": true, "Hash Cond": "(orders.o_custkey = customer.c_custkey), (LLVM Optimized)", "Plans": [{"Node Type": "Index Scan", "Parent Relationship": "Outer", "Scan Direction": "Forward", "Index Name": "orders_pkey", "Relation Name": "orders", "Alias": "orders", "Startup Cost": 0.0, "Total Cost": 768477.13, "Plan Rows": 7310217, "Plan Width": 28, "Filter": "(o_orderdate < '1995-03-13 00:00:00'::timestamp(0) without time zone), (LLVM Optimized)"}, {"Node Type": "Hash", "Parent Relationship": "Inner", "Startup Cost": 84515.36, "Total Cost": 84515.36, "Plan Rows": 303948, "Plan Width": 8, "Plans": [{"Node Type": "Index Scan", "Parent Relationship": "Outer", "Scan Direction": "Forward", "Index Name": "customer_pkey", "Relation Name": "customer", "Alias": "customer", "Startup Cost": 0.0, "Total Cost": 84515.36, "Plan Rows": 303948, "Plan Width": 8, "Filter": "(c_mktsegment = 'AUTOMOBILE'::bpchar), (LLVM Optimized)"}]}]}, {"Node Type": "Index Scan", "Parent Relationship": "Inner", "Scan Direction": "Forward", "Index Name": "idx_lineitem_orderkey", "Relation Name": "lineitem", "Alias": "lineitem", "Startup Cost": 0.0, "Total Cost": 1.35, "Plan Rows": 5, "Plan Width": 24, "Index Cond": "(l_orderkey = orders.o_orderkey)", "Filter": "(l_shipdate > '1995-03-13 00:00:00'::timestamp(0) without time zone)"}]}]}]}]}, "Unique SQL Id": 3929762122, "Planner Runtime": 1}, "explain_analyze_plan": {"Plan": {"Node Type": "Limit", "Startup Cost": 2061802.43, "Total Cost": 2061802.46, "Plan Rows": 10, "Plan Width": 44, "Actual Startup Time": 26780.809, "Actual Total Time": 26780.812, "Actual Rows": 10, "Actual Loops": 1, "Plans": [{"Node Type": "Sort", "Parent Relationship": "Outer", "Startup Cost": 2061802.43, "Total Cost": 2070700.55, "Plan Rows": 10, "Plan Width": 44, "Actual Startup Time": 26780.806, "Actual Total Time": 26780.807, "Actual Rows": 10, "Actual Loops": 1, "Sort Key": ["(sum((lineitem.l_extendedprice * (1::double precision - lineitem.l_discount)))) DESC", "orders.o_orderdate"], "Sort Method": "top-N heapsort", "Sort Space Used": 26, "Sort Space Type": "Memory", "Plans": [{"Node Type": "Aggregate", "Strategy": "Hashed", "Parent Relationship": "Outer", "Startup Cost": 1949295.92, "Total Cost": 1984888.39, "Plan Rows": 3559247, "Plan Width": 44, "Actual Startup Time": 26671.704, "Actual Total Time": 26753.285, "Actual Rows": 113719, "Actual Loops": 1, "Group By Key": ["lineitem.l_orderkey", "orders.o_orderdate", "orders.o_shippriority"], "Plans": [{"Node Type": "Nested Loop", "Parent Relationship": "Outer", "Join Type": "Inner", "Startup Cost": 88314.71, "Total Cost": 1895907.21, "Plan Rows": 3559247, "Plan Width": 36, "Actual Startup Time": 1197.087, "Actual Total Time": 26368.067, "Actual Rows": 300219, "Actual Loops": 1, "Inner Unique": false, "Plans": [{"Node Type": "Hash Join", "Parent Relationship": "Outer", "Join Type": "Inner", "Startup Cost": 88314.71, "Total Cost": 891362.87, "Plan Rows": 715772, "Plan Width": 20, "Actual Startup Time": 1196.855, "Actual Total Time": 14651.439, "Actual Rows": 1455173, "Actual Loops": 1, "Inner Unique": true, "Hash Cond": "(orders.o_custkey = customer.c_custkey), (LLVM Optimized, Jit Execute)", "Plans": [{"Node Type": "Index Scan", "Parent Relationship": "Outer", "Scan Direction": "Forward", "Index Name": "orders_pkey", "Relation Name": "orders", "Alias": "orders", "Startup Cost": 0.0, "Total Cost": 768477.13, "Plan Rows": 7310217, "Plan Width": 28, "Actual Startup Time": 0.066, "Actual Total Time": 10057.981, "Actual Rows": 7276947, "Actual Loops": 1, "Filter": "(o_orderdate < '1995-03-13 00:00:00'::timestamp(0) without time zone), (LLVM Optimized, Jit Execute)", "Rows Removed by Filter": 7723053}, {"Node Type": "Hash", "Parent Relationship": "Inner", "Startup Cost": 84515.36, "Total Cost": 84515.36, "Plan Rows": 303948, "Plan Width": 8, "Actual Startup Time": 1196.409, "Actual Total Time": 1196.409, "Actual Rows": 300036, "Actual Loops": 1, "Hash Buckets": 524288, "Hash Batches": 1, "Original Hash Batches": 1, "Peak Memory Usage": 11721, "Plans": [{"Node Type": "Index Scan", "Parent Relationship": "Outer", "Scan Direction": "Forward", "Index Name": "customer_pkey", "Relation Name": "customer", "Alias": "customer", "Startup Cost": 0.0, "Total Cost": 84515.36, "Plan Rows": 303948, "Plan Width": 8, "Actual Startup Time": 0.033, "Actual Total Time": 1104.528, "Actual Rows": 300036, "Actual Loops": 1, "Filter": "(c_mktsegment = 'AUTOMOBILE'::bpchar), (LLVM Optimized, Jit Execute)", "Rows Removed by Filter": 1199964}]}]}, {"Node Type": "Index Scan", "Parent Relationship": "Inner", "Scan Direction": "Forward", "Index Name": "idx_lineitem_orderkey", "Relation Name": "lineitem", "Alias": "lineitem", "Startup Cost": 0.0, "Total Cost": 1.35, "Plan Rows": 5, "Plan Width": 24, "Actual Startup Time": 10649.647, "Actual Total Time": 10927.106, "Actual Rows": 300219, "Actual Loops": 1455173, "Index Cond": "(l_orderkey = orders.o_orderkey)", "Rows Removed by Index Recheck": 0, "Filter": "(l_shipdate > '1995-03-13 00:00:00'::timestamp(0) without time zone)", "Rows Removed by Filter": 5519788}]}]}]}]}, "Triggers": [], "Planner Runtime": 1.171, "Total Runtime": 26790.704, "Unique SQL Id": 3929762122}}, "(16, '74')": {"explain_plan": {"Plan": {"Node Type": "Limit", "Startup Cost": 3055991.15, "Total Cost": 3055991.17, "Plan Rows": 10, "Plan Width": 44, "Plans": [{"Node Type": "Sort", "Parent Relationship": "Outer", "Startup Cost": 3055991.15, "Total Cost": 3064889.27, "Plan Rows": 10, "Plan Width": 44, "Sort Key": ["(sum((lineitem.l_extendedprice * (1::double precision - lineitem.l_discount)))) DESC", "orders.o_orderdate"], "Plans": [{"Node Type": "Aggregate", "Strategy": "Hashed", "Parent Relationship": "Outer", "Startup Cost": 2943484.63, "Total Cost": 2979077.1, "Plan Rows": 3559247, "Plan Width": 44, "Group By Key": ["lineitem.l_orderkey", "orders.o_orderdate", "orders.o_shippriority"], "Plans": [{"Node Type": "Hash Join", "Parent Relationship": "Outer", "Join Type": "Inner", "Startup Cost": 567106.02, "Total Cost": 2890095.93, "Plan Rows": 3559247, "Plan Width": 36, "Inner Unique": false, "Hash Cond": "(lineitem.l_orderkey = orders.o_orderkey), (LLVM Optimized)", "Plans": [{"Node Type": "Seq Scan", "Parent Relationship": "Outer", "Relation Name": "lineitem", "Alias": "lineitem", "Startup Cost": 0.0, "Total Cost": 2165082.91, "Plan Rows": 32617206, "Plan Width": 24, "Filter": "(l_shipdate > '1995-03-13 00:00:00'::timestamp(0) without time zone), (LLVM Optimized)"}, {"Node Type": "Hash", "Parent Relationship": "Inner", "Startup Cost": 558158.87, "Total Cost": 558158.87, "Plan Rows": 715772, "Plan Width": 20, "Plans": [{"Node Type": "Hash Join", "Parent Relationship": "Outer", "Join Type": "Inner", "Startup Cost": 60060.63, "Total Cost": 558158.87, "Plan Rows": 715772, "Plan Width": 20, "Inner Unique": true, "Hash Cond": "(orders.o_custkey = customer.c_custkey), (LLVM Optimized)", "Plans": [{"Node Type": "Seq Scan", "Parent Relationship": "Outer", "Relation Name": "orders", "Alias": "orders", "Startup Cost": 385.28, "Total Cost": 463912.49, "Plan Rows": 7310217, "Plan Width": 28, "Filter": "(o_orderdate < '1995-03-13 00:00:00'::timestamp(0) without time zone), (LLVM Optimized)"}, {"Node Type": "Hash", "Parent Relationship": "Inner", "Startup Cost": 55876.0, "Total Cost": 55876.0, "Plan Rows": 303948, "Plan Width": 8, "Plans": [{"Node Type": "Seq Scan", "Parent Relationship": "Outer", "Relation Name": "customer", "Alias": "customer", "Startup Cost": 0.0, "Total Cost": 55876.0, "Plan Rows": 303948, "Plan Width": 8, "Filter": "(c_mktsegment = 'AUTOMOBILE'::bpchar), (LLVM Optimized)"}]}]}]}]}]}]}]}, "Unique SQL Id": 3929762122, "Planner Runtime": 1}, "explain_analyze_plan": {"Plan": {"Node Type": "Limit", "Startup Cost": 3055991.15, "Total Cost": 3055991.17, "Plan Rows": 10, "Plan Width": 44, "Actual Startup Time": 39713.629, "Actual Total Time": 39713.634, "Actual Rows": 10, "Actual Loops": 1, "Plans": [{"Node Type": "Sort", "Parent Relationship": "Outer", "Startup Cost": 3055991.15, "Total Cost": 3064889.27, "Plan Rows": 10, "Plan Width": 44, "Actual Startup Time": 39713.626, "Actual Total Time": 39713.628, "Actual Rows": 10, "Actual Loops": 1, "Sort Key": ["(sum((lineitem.l_extendedprice * (1::double precision - lineitem.l_discount)))) DESC", "orders.o_orderdate"], "Sort Method": "top-N heapsort", "Sort Space Used": 26, "Sort Space Type": "Memory", "Plans": [{"Node Type": "Aggregate", "Strategy": "Hashed", "Parent Relationship": "Outer", "Startup Cost": 2943484.63, "Total Cost": 2979077.1, "Plan Rows": 3559247, "Plan Width": 44, "Actual Startup Time": 39626.411, "Actual Total Time": 39686.275, "Actual Rows": 113719, "Actual Loops": 1, "Group By Key": ["lineitem.l_orderkey", "orders.o_orderdate", "orders.o_shippriority"], "Plans": [{"Node Type": "Hash Join", "Parent Relationship": "Outer", "Join Type": "Inner", "Startup Cost": 567106.02, "Total Cost": 2890095.93, "Plan Rows": 3559247, "Plan Width": 36, "Actual Startup Time": 9131.902, "Actual Total Time": 39338.873, "Actual Rows": 300219, "Actual Loops": 1, "Inner Unique": false, "Hash Cond": "(lineitem.l_orderkey = orders.o_orderkey), (LLVM Optimized, Jit Execute)", "Plans": [{"Node Type": "Seq Scan", "Parent Relationship": "Outer", "Relation Name": "lineitem", "Alias": "lineitem", "Startup Cost": 0.0, "Total Cost": 2165082.91, "Plan Rows": 32617206, "Plan Width": 24, "Actual Startup Time": 0.053, "Actual Total Time": 21301.113, "Actual Rows": 32384344, "Actual Loops": 1, "Filter": "(l_shipdate > '1995-03-13 00:00:00'::timestamp(0) without time zone), (LLVM Optimized, Jit Execute)", "Rows Removed by Filter": 27601708}, {"Node Type": "Hash", "Parent Relationship": "Inner", "Startup Cost": 558158.87, "Total Cost": 558158.87, "Plan Rows": 715772, "Plan Width": 20, "Actual Startup Time": 9130.472, "Actual Total Time": 9130.472, "Actual Rows": 1455173, "Actual Loops": 1, "Hash Buckets": 1048576, "Hash Batches": 1, "Original Hash Batches": 1, "Peak Memory Usage": 79580, "Plans": [{"Node Type": "Hash Join", "Parent Relationship": "Outer", "Join Type": "Inner", "Startup Cost": 60060.63, "Total Cost": 558158.87, "Plan Rows": 715772, "Plan Width": 20, "Actual Startup Time": 778.207, "Actual Total Time": 8478.744, "Actual Rows": 1455173, "Actual Loops": 1, "Inner Unique": true, "Hash Cond": "(orders.o_custkey = customer.c_custkey), (LLVM Optimized, Jit Execute)", "Plans": [{"Node Type": "Seq Scan", "Parent Relationship": "Outer", "Relation Name": "orders", "Alias": "orders", "Startup Cost": 385.28, "Total Cost": 463912.49, "Plan Rows": 7310217, "Plan Width": 28, "Actual Startup Time": 0.027, "Actual Total Time": 4887.817, "Actual Rows": 7276947, "Actual Loops": 1, "Filter": "(o_orderdate < '1995-03-13 00:00:00'::timestamp(0) without time zone), (LLVM Optimized, Jit Execute)", "Rows Removed by Filter": 7723053}, {"Node Type": "Hash", "Parent Relationship": "Inner", "Startup Cost": 55876.0, "Total Cost": 55876.0, "Plan Rows": 303948, "Plan Width": 8, "Actual Startup Time": 777.811, "Actual Total Time": 777.811, "Actual Rows": 300036, "Actual Loops": 1, "Hash Buckets": 524288, "Hash Batches": 1, "Original Hash Batches": 1, "Peak Memory Usage": 11721, "Plans": [{"Node Type": "Seq Scan", "Parent Relationship": "Outer", "Relation Name": "customer", "Alias": "customer", "Startup Cost": 0.0, "Total Cost": 55876.0, "Plan Rows": 303948, "Plan Width": 8, "Actual Startup Time": 0.027, "Actual Total Time": 662.042, "Actual Rows": 300036, "Actual Loops": 1, "Filter": "(c_mktsegment = 'AUTOMOBILE'::bpchar), (LLVM Optimized, Jit Execute)", "Rows Removed by Filter": 1199964}]}]}]}]}]}]}]}, "Triggers": [], "Planner Runtime": 1.217, "Total Runtime": 39723.964, "Unique SQL Id": 3929762122}}, "(16, '75')": {"explain_plan": {"Plan": {"Node Type": "Limit", "Startup Cost": 3000409063684.59, "Total Cost": 3000409063684.62, "Plan Rows": 10, "Plan Width": 44, "Plans": [{"Node Type": "Sort", "Parent Relationship": "Outer", "Startup Cost": 3000409063684.59, "Total Cost": 3000409072582.71, "Plan Rows": 10, "Plan Width": 44, "Sort Key": ["(sum((lineitem.l_extendedprice * (1::double precision - lineitem.l_discount)))) DESC", "orders.o_orderdate"], "Plans": [{"Node Type": "Aggregate", "Strategy": "Hashed", "Parent Relationship": "Outer", "Startup Cost": 3000408951178.08, "Total Cost": 3000408986770.55, "Plan Rows": 3559247, "Plan Width": 44, "Group By Key": ["lineitem.l_orderkey", "orders.o_orderdate", "orders.o_shippriority"], "Plans": [{"Node Type": "Hash Join", "Parent Relationship": "Outer", "Join Type": "Inner", "Startup Cost": 1020044887998.59, "Total Cost": 3000408897789.37, "Plan Rows": 3559247, "Plan Width": 36, "Inner Unique": true, "Hash Cond": "(orders.o_custkey = customer.c_custkey), (LLVM Optimized)", "Plans": [{"Node Type": "Merge Join", "Parent Relationship": "Outer", "Join Type": "Inner", "Startup Cost": 20036432663.62, "Total Cost": 2000400270546.49, "Plan Rows": 36350778, "Plan Width": 44, "Inner Unique": false, "Merge Cond": "(orders.o_orderkey = lineitem.l_orderkey)", "Plans": [{"Node Type": "Index Scan", "Parent Relationship": "Outer", "Scan Direction": "Forward", "Index Name": "orders_pkey", "Relation Name": "orders", "Alias": "orders", "Startup Cost": 10000000000.0, "Total Cost": 1000076847713.25, "Plan Rows": 7310217, "Plan Width": 28, "Filter": "(o_orderdate < '1995-03-13 00:00:00'::timestamp(0) without time zone), (LLVM Optimized)"}, {"Node Type": "Materialize", "Parent Relationship": "Inner", "Startup Cost": 10000000000.0, "Total Cost": 1000339093675.77, "Plan Rows": 32617206, "Plan Width": 24, "Plans": [{"Node Type": "Index Scan", "Parent Relationship": "Outer", "Scan Direction": "Forward", "Index Name": "idx_lineitem_orderkey", "Relation Name": "lineitem", "Alias": "lineitem", "Startup Cost": 10000000000.0, "Total Cost": 1000339012132.75, "Plan Rows": 32617206, "Plan Width": 24, "Filter": "(l_shipdate > '1995-03-13 00:00:00'::timestamp(0) without time zone), (LLVM Optimized)"}]}]}, {"Node Type": "Hash", "Parent Relationship": "Inner", "Startup Cost": 1000008451535.62, "Total Cost": 1000008451535.62, "Plan Rows": 303948, "Plan Width": 8, "Plans": [{"Node Type": "Index Scan", "Parent Relationship": "Outer", "Scan Direction": "Forward", "Index Name": "customer_pkey", "Relation Name": "customer", "Alias": "customer", "Startup Cost": 10000000000.0, "Total Cost": 1000008451535.62, "Plan Rows": 303948, "Plan Width": 8, "Filter": "(c_mktsegment = 'AUTOMOBILE'::bpchar), (LLVM Optimized)"}]}]}]}]}]}, "Unique SQL Id": 3929762122, "Planner Runtime": 1}, "explain_analyze_plan": null}, "(16, '76')": {"explain_plan": {"Plan": {"Node Type": "Limit", "Startup Cost": 1728598.43, "Total Cost": 1728598.46, "Plan Rows": 10, "Plan Width": 44, "Plans": [{"Node Type": "Sort", "Parent Relationship": "Outer", "Startup Cost": 1728598.43, "Total Cost": 1737496.55, "Plan Rows": 10, "Plan Width": 44, "Sort Key": ["(sum((lineitem.l_extendedprice * (1::double precision - lineitem.l_discount)))) DESC", "orders.o_orderdate"], "Plans": [{"Node Type": "Aggregate", "Strategy": "Hashed", "Parent Relationship": "Outer", "Startup Cost": 1616091.91, "Total Cost": 1651684.38, "Plan Rows": 3559247, "Plan Width": 44, "Group By Key": ["lineitem.l_orderkey", "orders.o_orderdate", "orders.o_shippriority"], "Plans": [{"Node Type": "Nested Loop", "Parent Relationship": "Outer", "Join Type": "Inner", "Startup Cost": 60060.63, "Total Cost": 1562703.21, "Plan Rows": 3559247, "Plan Width": 36, "Inner Unique": false, "Plans": [{"Node Type": "Hash Join", "Parent Relationship": "Outer", "Join Type": "Inner", "Startup Cost": 60060.63, "Total Cost": 558158.87, "Plan Rows": 715772, "Plan Width": 20, "Inner Unique": true, "Hash Cond": "(orders.o_custkey = customer.c_custkey), (LLVM Optimized)", "Plans": [{"Node Type": "Seq Scan", "Parent Relationship": "Outer", "Relation Name": "orders", "Alias": "orders", "Startup Cost": 385.28, "Total Cost": 463912.49, "Plan Rows": 7310217, "Plan Width": 28, "Filter": "(o_orderdate < '1995-03-13 00:00:00'::timestamp(0) without time zone), (LLVM Optimized)"}, {"Node Type": "Hash", "Parent Relationship": "Inner", "Startup Cost": 55876.0, "Total Cost": 55876.0, "Plan Rows": 303948, "Plan Width": 8, "Plans": [{"Node Type": "Seq Scan", "Parent Relationship": "Outer", "Relation Name": "customer", "Alias": "customer", "Startup Cost": 0.0, "Total Cost": 55876.0, "Plan Rows": 303948, "Plan Width": 8, "Filter": "(c_mktsegment = 'AUTOMOBILE'::bpchar), (LLVM Optimized)"}]}]}, {"Node Type": "Index Scan", "Parent Relationship": "Inner", "Scan Direction": "Forward", "Index Name": "idx_lineitem_orderkey", "Relation Name": "lineitem", "Alias": "lineitem", "Startup Cost": 0.0, "Total Cost": 1.35, "Plan Rows": 5, "Plan Width": 24, "Index Cond": "(l_orderkey = orders.o_orderkey)", "Filter": "(l_shipdate > '1995-03-13 00:00:00'::timestamp(0) without time zone)"}]}]}]}]}, "Unique SQL Id": 3929762122, "Planner Runtime": 1}, "explain_analyze_plan": {"Plan": {"Node Type": "Limit", "Startup Cost": 1728598.43, "Total Cost": 1728598.46, "Plan Rows": 10, "Plan Width": 44, "Actual Startup Time": 21057.673, "Actual Total Time": 21057.676, "Actual Rows": 10, "Actual Loops": 1, "Plans": [{"Node Type": "Sort", "Parent Relationship": "Outer", "Startup Cost": 1728598.43, "Total Cost": 1737496.55, "Plan Rows": 10, "Plan Width": 44, "Actual Startup Time": 21057.669, "Actual Total Time": 21057.671, "Actual Rows": 10, "Actual Loops": 1, "Sort Key": ["(sum((lineitem.l_extendedprice * (1::double precision - lineitem.l_discount)))) DESC", "orders.o_orderdate"], "Sort Method": "top-N heapsort", "Sort Space Used": 26, "Sort Space Type": "Memory", "Plans": [{"Node Type": "Aggregate", "Strategy": "Hashed", "Parent Relationship": "Outer", "Startup Cost": 1616091.91, "Total Cost": 1651684.38, "Plan Rows": 3559247, "Plan Width": 44, "Actual Startup Time": 20966.575, "Actual Total Time": 21030.343, "Actual Rows": 113719, "Actual Loops": 1, "Group By Key": ["lineitem.l_orderkey", "orders.o_orderdate", "orders.o_shippriority"], "Plans": [{"Node Type": "Nested Loop", "Parent Relationship": "Outer", "Join Type": "Inner", "Startup Cost": 60060.63, "Total Cost": 1562703.21, "Plan Rows": 3559247, "Plan Width": 36, "Actual Startup Time": 763.259, "Actual Total Time": 20649.316, "Actual Rows": 300219, "Actual Loops": 1, "Inner Unique": false, "Plans": [{"Node Type": "Hash Join", "Parent Relationship": "Outer", "Join Type": "Inner", "Startup Cost": 60060.63, "Total Cost": 558158.87, "Plan Rows": 715772, "Plan Width": 20, "Actual Startup Time": 763.021, "Actual Total Time": 8834.817, "Actual Rows": 1455173, "Actual Loops": 1, "Inner Unique": true, "Hash Cond": "(orders.o_custkey = customer.c_custkey), (LLVM Optimized, Jit Execute)", "Plans": [{"Node Type": "Seq Scan", "Parent Relationship": "Outer", "Relation Name": "orders", "Alias": "orders", "Startup Cost": 385.28, "Total Cost": 463912.49, "Plan Rows": 7310217, "Plan Width": 28, "Actual Startup Time": 0.045, "Actual Total Time": 4909.997, "Actual Rows": 7276947, "Actual Loops": 1, "Filter": "(o_orderdate < '1995-03-13 00:00:00'::timestamp(0) without time zone), (LLVM Optimized, Jit Execute)", "Rows Removed by Filter": 7723053}, {"Node Type": "Hash", "Parent Relationship": "Inner", "Startup Cost": 55876.0, "Total Cost": 55876.0, "Plan Rows": 303948, "Plan Width": 8, "Actual Startup Time": 762.556, "Actual Total Time": 762.556, "Actual Rows": 300036, "Actual Loops": 1, "Hash Buckets": 524288, "Hash Batches": 1, "Original Hash Batches": 1, "Peak Memory Usage": 11721, "Plans": [{"Node Type": "Seq Scan", "Parent Relationship": "Outer", "Relation Name": "customer", "Alias": "customer", "Startup Cost": 0.0, "Total Cost": 55876.0, "Plan Rows": 303948, "Plan Width": 8, "Actual Startup Time": 0.031, "Actual Total Time": 648.707, "Actual Rows": 300036, "Actual Loops": 1, "Filter": "(c_mktsegment = 'AUTOMOBILE'::bpchar), (LLVM Optimized, Jit Execute)", "Rows Removed by Filter": 1199964}]}]}, {"Node Type": "Index Scan", "Parent Relationship": "Inner", "Scan Direction": "Forward", "Index Name": "idx_lineitem_orderkey", "Relation Name": "lineitem", "Alias": "lineitem", "Startup Cost": 0.0, "Total Cost": 1.35, "Plan Rows": 5, "Plan Width": 24, "Actual Startup Time": 10726.875, "Actual Total Time": 11015.442, "Actual Rows": 300219, "Actual Loops": 1455173, "Index Cond": "(l_orderkey = orders.o_orderkey)", "Rows Removed by Index Recheck": 0, "Filter": "(l_shipdate > '1995-03-13 00:00:00'::timestamp(0) without time zone)", "Rows Removed by Filter": 5519788}]}]}]}]}, "Triggers": [], "Planner Runtime": 1.214, "Total Runtime": 21067.656, "Unique SQL Id": 3929762122}}, "(16, '77')": {"explain_plan": {"Plan": {"Node Type": "Limit", "Startup Cost": 2061802.43, "Total Cost": 2061802.46, "Plan Rows": 10, "Plan Width": 44, "Plans": [{"Node Type": "Sort", "Parent Relationship": "Outer", "Startup Cost": 2061802.43, "Total Cost": 2070700.55, "Plan Rows": 10, "Plan Width": 44, "Sort Key": ["(sum((lineitem.l_extendedprice * (1::double precision - lineitem.l_discount)))) DESC", "orders.o_orderdate"], "Plans": [{"Node Type": "Aggregate", "Strategy": "Hashed", "Parent Relationship": "Outer", "Startup Cost": 1949295.92, "Total Cost": 1984888.39, "Plan Rows": 3559247, "Plan Width": 44, "Group By Key": ["lineitem.l_orderkey", "orders.o_orderdate", "orders.o_shippriority"], "Plans": [{"Node Type": "Nested Loop", "Parent Relationship": "Outer", "Join Type": "Inner", "Startup Cost": 88314.71, "Total Cost": 1895907.21, "Plan Rows": 3559247, "Plan Width": 36, "Inner Unique": false, "Plans": [{"Node Type": "Hash Join", "Parent Relationship": "Outer", "Join Type": "Inner", "Startup Cost": 88314.71, "Total Cost": 891362.87, "Plan Rows": 715772, "Plan Width": 20, "Inner Unique": true, "Hash Cond": "(orders.o_custkey = customer.c_custkey), (LLVM Optimized)", "Plans": [{"Node Type": "Index Scan", "Parent Relationship": "Outer", "Scan Direction": "Forward", "Index Name": "orders_pkey", "Relation Name": "orders", "Alias": "orders", "Startup Cost": 0.0, "Total Cost": 768477.13, "Plan Rows": 7310217, "Plan Width": 28, "Filter": "(o_orderdate < '1995-03-13 00:00:00'::timestamp(0) without time zone), (LLVM Optimized)"}, {"Node Type": "Hash", "Parent Relationship": "Inner", "Startup Cost": 84515.36, "Total Cost": 84515.36, "Plan Rows": 303948, "Plan Width": 8, "Plans": [{"Node Type": "Index Scan", "Parent Relationship": "Outer", "Scan Direction": "Forward", "Index Name": "customer_pkey", "Relation Name": "customer", "Alias": "customer", "Startup Cost": 0.0, "Total Cost": 84515.36, "Plan Rows": 303948, "Plan Width": 8, "Filter": "(c_mktsegment = 'AUTOMOBILE'::bpchar), (LLVM Optimized)"}]}]}, {"Node Type": "Index Scan", "Parent Relationship": "Inner", "Scan Direction": "Forward", "Index Name": "idx_lineitem_orderkey", "Relation Name": "lineitem", "Alias": "lineitem", "Startup Cost": 0.0, "Total Cost": 1.35, "Plan Rows": 5, "Plan Width": 24, "Index Cond": "(l_orderkey = orders.o_orderkey)", "Filter": "(l_shipdate > '1995-03-13 00:00:00'::timestamp(0) without time zone)"}]}]}]}]}, "Unique SQL Id": 3929762122, "Planner Runtime": 1}, "explain_analyze_plan": {"Plan": {"Node Type": "Limit", "Startup Cost": 2061802.43, "Total Cost": 2061802.46, "Plan Rows": 10, "Plan Width": 44, "Actual Startup Time": 26780.809, "Actual Total Time": 26780.812, "Actual Rows": 10, "Actual Loops": 1, "Plans": [{"Node Type": "Sort", "Parent Relationship": "Outer", "Startup Cost": 2061802.43, "Total Cost": 2070700.55, "Plan Rows": 10, "Plan Width": 44, "Actual Startup Time": 26780.806, "Actual Total Time": 26780.807, "Actual Rows": 10, "Actual Loops": 1, "Sort Key": ["(sum((lineitem.l_extendedprice * (1::double precision - lineitem.l_discount)))) DESC", "orders.o_orderdate"], "Sort Method": "top-N heapsort", "Sort Space Used": 26, "Sort Space Type": "Memory", "Plans": [{"Node Type": "Aggregate", "Strategy": "Hashed", "Parent Relationship": "Outer", "Startup Cost": 1949295.92, "Total Cost": 1984888.39, "Plan Rows": 3559247, "Plan Width": 44, "Actual Startup Time": 26671.704, "Actual Total Time": 26753.285, "Actual Rows": 113719, "Actual Loops": 1, "Group By Key": ["lineitem.l_orderkey", "orders.o_orderdate", "orders.o_shippriority"], "Plans": [{"Node Type": "Nested Loop", "Parent Relationship": "Outer", "Join Type": "Inner", "Startup Cost": 88314.71, "Total Cost": 1895907.21, "Plan Rows": 3559247, "Plan Width": 36, "Actual Startup Time": 1197.087, "Actual Total Time": 26368.067, "Actual Rows": 300219, "Actual Loops": 1, "Inner Unique": false, "Plans": [{"Node Type": "Hash Join", "Parent Relationship": "Outer", "Join Type": "Inner", "Startup Cost": 88314.71, "Total Cost": 891362.87, "Plan Rows": 715772, "Plan Width": 20, "Actual Startup Time": 1196.855, "Actual Total Time": 14651.439, "Actual Rows": 1455173, "Actual Loops": 1, "Inner Unique": true, "Hash Cond": "(orders.o_custkey = customer.c_custkey), (LLVM Optimized, Jit Execute)", "Plans": [{"Node Type": "Index Scan", "Parent Relationship": "Outer", "Scan Direction": "Forward", "Index Name": "orders_pkey", "Relation Name": "orders", "Alias": "orders", "Startup Cost": 0.0, "Total Cost": 768477.13, "Plan Rows": 7310217, "Plan Width": 28, "Actual Startup Time": 0.066, "Actual Total Time": 10057.981, "Actual Rows": 7276947, "Actual Loops": 1, "Filter": "(o_orderdate < '1995-03-13 00:00:00'::timestamp(0) without time zone), (LLVM Optimized, Jit Execute)", "Rows Removed by Filter": 7723053}, {"Node Type": "Hash", "Parent Relationship": "Inner", "Startup Cost": 84515.36, "Total Cost": 84515.36, "Plan Rows": 303948, "Plan Width": 8, "Actual Startup Time": 1196.409, "Actual Total Time": 1196.409, "Actual Rows": 300036, "Actual Loops": 1, "Hash Buckets": 524288, "Hash Batches": 1, "Original Hash Batches": 1, "Peak Memory Usage": 11721, "Plans": [{"Node Type": "Index Scan", "Parent Relationship": "Outer", "Scan Direction": "Forward", "Index Name": "customer_pkey", "Relation Name": "customer", "Alias": "customer", "Startup Cost": 0.0, "Total Cost": 84515.36, "Plan Rows": 303948, "Plan Width": 8, "Actual Startup Time": 0.033, "Actual Total Time": 1104.528, "Actual Rows": 300036, "Actual Loops": 1, "Filter": "(c_mktsegment = 'AUTOMOBILE'::bpchar), (LLVM Optimized, Jit Execute)", "Rows Removed by Filter": 1199964}]}]}, {"Node Type": "Index Scan", "Parent Relationship": "Inner", "Scan Direction": "Forward", "Index Name": "idx_lineitem_orderkey", "Relation Name": "lineitem", "Alias": "lineitem", "Startup Cost": 0.0, "Total Cost": 1.35, "Plan Rows": 5, "Plan Width": 24, "Actual Startup Time": 10649.647, "Actual Total Time": 10927.106, "Actual Rows": 300219, "Actual Loops": 1455173, "Index Cond": "(l_orderkey = orders.o_orderkey)", "Rows Removed by Index Recheck": 0, "Filter": "(l_shipdate > '1995-03-13 00:00:00'::timestamp(0) without time zone)", "Rows Removed by Filter": 5519788}]}]}]}]}, "Triggers": [], "Planner Runtime": 1.171, "Total Runtime": 26790.704, "Unique SQL Id": 3929762122}}, "(16, '78')": {"explain_plan": {"Plan": {"Node Type": "Limit", "Startup Cost": 3055991.15, "Total Cost": 3055991.17, "Plan Rows": 10, "Plan Width": 44, "Plans": [{"Node Type": "Sort", "Parent Relationship": "Outer", "Startup Cost": 3055991.15, "Total Cost": 3064889.27, "Plan Rows": 10, "Plan Width": 44, "Sort Key": ["(sum((lineitem.l_extendedprice * (1::double precision - lineitem.l_discount)))) DESC", "orders.o_orderdate"], "Plans": [{"Node Type": "Aggregate", "Strategy": "Hashed", "Parent Relationship": "Outer", "Startup Cost": 2943484.63, "Total Cost": 2979077.1, "Plan Rows": 3559247, "Plan Width": 44, "Group By Key": ["lineitem.l_orderkey", "orders.o_orderdate", "orders.o_shippriority"], "Plans": [{"Node Type": "Hash Join", "Parent Relationship": "Outer", "Join Type": "Inner", "Startup Cost": 567106.02, "Total Cost": 2890095.93, "Plan Rows": 3559247, "Plan Width": 36, "Inner Unique": false, "Hash Cond": "(lineitem.l_orderkey = orders.o_orderkey), (LLVM Optimized)", "Plans": [{"Node Type": "Seq Scan", "Parent Relationship": "Outer", "Relation Name": "lineitem", "Alias": "lineitem", "Startup Cost": 0.0, "Total Cost": 2165082.91, "Plan Rows": 32617206, "Plan Width": 24, "Filter": "(l_shipdate > '1995-03-13 00:00:00'::timestamp(0) without time zone), (LLVM Optimized)"}, {"Node Type": "Hash", "Parent Relationship": "Inner", "Startup Cost": 558158.87, "Total Cost": 558158.87, "Plan Rows": 715772, "Plan Width": 20, "Plans": [{"Node Type": "Hash Join", "Parent Relationship": "Outer", "Join Type": "Inner", "Startup Cost": 60060.63, "Total Cost": 558158.87, "Plan Rows": 715772, "Plan Width": 20, "Inner Unique": true, "Hash Cond": "(orders.o_custkey = customer.c_custkey), (LLVM Optimized)", "Plans": [{"Node Type": "Seq Scan", "Parent Relationship": "Outer", "Relation Name": "orders", "Alias": "orders", "Startup Cost": 385.28, "Total Cost": 463912.49, "Plan Rows": 7310217, "Plan Width": 28, "Filter": "(o_orderdate < '1995-03-13 00:00:00'::timestamp(0) without time zone), (LLVM Optimized)"}, {"Node Type": "Hash", "Parent Relationship": "Inner", "Startup Cost": 55876.0, "Total Cost": 55876.0, "Plan Rows": 303948, "Plan Width": 8, "Plans": [{"Node Type": "Seq Scan", "Parent Relationship": "Outer", "Relation Name": "customer", "Alias": "customer", "Startup Cost": 0.0, "Total Cost": 55876.0, "Plan Rows": 303948, "Plan Width": 8, "Filter": "(c_mktsegment = 'AUTOMOBILE'::bpchar), (LLVM Optimized)"}]}]}]}]}]}]}]}, "Unique SQL Id": 3929762122, "Planner Runtime": 1}, "explain_analyze_plan": {"Plan": {"Node Type": "Limit", "Startup Cost": 3055991.15, "Total Cost": 3055991.17, "Plan Rows": 10, "Plan Width": 44, "Actual Startup Time": 39713.629, "Actual Total Time": 39713.634, "Actual Rows": 10, "Actual Loops": 1, "Plans": [{"Node Type": "Sort", "Parent Relationship": "Outer", "Startup Cost": 3055991.15, "Total Cost": 3064889.27, "Plan Rows": 10, "Plan Width": 44, "Actual Startup Time": 39713.626, "Actual Total Time": 39713.628, "Actual Rows": 10, "Actual Loops": 1, "Sort Key": ["(sum((lineitem.l_extendedprice * (1::double precision - lineitem.l_discount)))) DESC", "orders.o_orderdate"], "Sort Method": "top-N heapsort", "Sort Space Used": 26, "Sort Space Type": "Memory", "Plans": [{"Node Type": "Aggregate", "Strategy": "Hashed", "Parent Relationship": "Outer", "Startup Cost": 2943484.63, "Total Cost": 2979077.1, "Plan Rows": 3559247, "Plan Width": 44, "Actual Startup Time": 39626.411, "Actual Total Time": 39686.275, "Actual Rows": 113719, "Actual Loops": 1, "Group By Key": ["lineitem.l_orderkey", "orders.o_orderdate", "orders.o_shippriority"], "Plans": [{"Node Type": "Hash Join", "Parent Relationship": "Outer", "Join Type": "Inner", "Startup Cost": 567106.02, "Total Cost": 2890095.93, "Plan Rows": 3559247, "Plan Width": 36, "Actual Startup Time": 9131.902, "Actual Total Time": 39338.873, "Actual Rows": 300219, "Actual Loops": 1, "Inner Unique": false, "Hash Cond": "(lineitem.l_orderkey = orders.o_orderkey), (LLVM Optimized, Jit Execute)", "Plans": [{"Node Type": "Seq Scan", "Parent Relationship": "Outer", "Relation Name": "lineitem", "Alias": "lineitem", "Startup Cost": 0.0, "Total Cost": 2165082.91, "Plan Rows": 32617206, "Plan Width": 24, "Actual Startup Time": 0.053, "Actual Total Time": 21301.113, "Actual Rows": 32384344, "Actual Loops": 1, "Filter": "(l_shipdate > '1995-03-13 00:00:00'::timestamp(0) without time zone), (LLVM Optimized, Jit Execute)", "Rows Removed by Filter": 27601708}, {"Node Type": "Hash", "Parent Relationship": "Inner", "Startup Cost": 558158.87, "Total Cost": 558158.87, "Plan Rows": 715772, "Plan Width": 20, "Actual Startup Time": 9130.472, "Actual Total Time": 9130.472, "Actual Rows": 1455173, "Actual Loops": 1, "Hash Buckets": 1048576, "Hash Batches": 1, "Original Hash Batches": 1, "Peak Memory Usage": 79580, "Plans": [{"Node Type": "Hash Join", "Parent Relationship": "Outer", "Join Type": "Inner", "Startup Cost": 60060.63, "Total Cost": 558158.87, "Plan Rows": 715772, "Plan Width": 20, "Actual Startup Time": 778.207, "Actual Total Time": 8478.744, "Actual Rows": 1455173, "Actual Loops": 1, "Inner Unique": true, "Hash Cond": "(orders.o_custkey = customer.c_custkey), (LLVM Optimized, Jit Execute)", "Plans": [{"Node Type": "Seq Scan", "Parent Relationship": "Outer", "Relation Name": "orders", "Alias": "orders", "Startup Cost": 385.28, "Total Cost": 463912.49, "Plan Rows": 7310217, "Plan Width": 28, "Actual Startup Time": 0.027, "Actual Total Time": 4887.817, "Actual Rows": 7276947, "Actual Loops": 1, "Filter": "(o_orderdate < '1995-03-13 00:00:00'::timestamp(0) without time zone), (LLVM Optimized, Jit Execute)", "Rows Removed by Filter": 7723053}, {"Node Type": "Hash", "Parent Relationship": "Inner", "Startup Cost": 55876.0, "Total Cost": 55876.0, "Plan Rows": 303948, "Plan Width": 8, "Actual Startup Time": 777.811, "Actual Total Time": 777.811, "Actual Rows": 300036, "Actual Loops": 1, "Hash Buckets": 524288, "Hash Batches": 1, "Original Hash Batches": 1, "Peak Memory Usage": 11721, "Plans": [{"Node Type": "Seq Scan", "Parent Relationship": "Outer", "Relation Name": "customer", "Alias": "customer", "Startup Cost": 0.0, "Total Cost": 55876.0, "Plan Rows": 303948, "Plan Width": 8, "Actual Startup Time": 0.027, "Actual Total Time": 662.042, "Actual Rows": 300036, "Actual Loops": 1, "Filter": "(c_mktsegment = 'AUTOMOBILE'::bpchar), (LLVM Optimized, Jit Execute)", "Rows Removed by Filter": 1199964}]}]}]}]}]}]}]}, "Triggers": [], "Planner Runtime": 1.217, "Total Runtime": 39723.964, "Unique SQL Id": 3929762122}}, "(16, '79')": {"explain_plan": {"Plan": {"Node Type": "Limit", "Startup Cost": 3000409063684.59, "Total Cost": 3000409063684.62, "Plan Rows": 10, "Plan Width": 44, "Plans": [{"Node Type": "Sort", "Parent Relationship": "Outer", "Startup Cost": 3000409063684.59, "Total Cost": 3000409072582.71, "Plan Rows": 10, "Plan Width": 44, "Sort Key": ["(sum((lineitem.l_extendedprice * (1::double precision - lineitem.l_discount)))) DESC", "orders.o_orderdate"], "Plans": [{"Node Type": "Aggregate", "Strategy": "Hashed", "Parent Relationship": "Outer", "Startup Cost": 3000408951178.08, "Total Cost": 3000408986770.55, "Plan Rows": 3559247, "Plan Width": 44, "Group By Key": ["lineitem.l_orderkey", "orders.o_orderdate", "orders.o_shippriority"], "Plans": [{"Node Type": "Hash Join", "Parent Relationship": "Outer", "Join Type": "Inner", "Startup Cost": 1020044887998.59, "Total Cost": 3000408897789.37, "Plan Rows": 3559247, "Plan Width": 36, "Inner Unique": true, "Hash Cond": "(orders.o_custkey = customer.c_custkey), (LLVM Optimized)", "Plans": [{"Node Type": "Merge Join", "Parent Relationship": "Outer", "Join Type": "Inner", "Startup Cost": 20036432663.62, "Total Cost": 2000400270546.49, "Plan Rows": 36350778, "Plan Width": 44, "Inner Unique": false, "Merge Cond": "(orders.o_orderkey = lineitem.l_orderkey)", "Plans": [{"Node Type": "Index Scan", "Parent Relationship": "Outer", "Scan Direction": "Forward", "Index Name": "orders_pkey", "Relation Name": "orders", "Alias": "orders", "Startup Cost": 10000000000.0, "Total Cost": 1000076847713.25, "Plan Rows": 7310217, "Plan Width": 28, "Filter": "(o_orderdate < '1995-03-13 00:00:00'::timestamp(0) without time zone), (LLVM Optimized)"}, {"Node Type": "Materialize", "Parent Relationship": "Inner", "Startup Cost": 10000000000.0, "Total Cost": 1000339093675.77, "Plan Rows": 32617206, "Plan Width": 24, "Plans": [{"Node Type": "Index Scan", "Parent Relationship": "Outer", "Scan Direction": "Forward", "Index Name": "idx_lineitem_orderkey", "Relation Name": "lineitem", "Alias": "lineitem", "Startup Cost": 10000000000.0, "Total Cost": 1000339012132.75, "Plan Rows": 32617206, "Plan Width": 24, "Filter": "(l_shipdate > '1995-03-13 00:00:00'::timestamp(0) without time zone), (LLVM Optimized)"}]}]}, {"Node Type": "Hash", "Parent Relationship": "Inner", "Startup Cost": 1000008451535.62, "Total Cost": 1000008451535.62, "Plan Rows": 303948, "Plan Width": 8, "Plans": [{"Node Type": "Index Scan", "Parent Relationship": "Outer", "Scan Direction": "Forward", "Index Name": "customer_pkey", "Relation Name": "customer", "Alias": "customer", "Startup Cost": 10000000000.0, "Total Cost": 1000008451535.62, "Plan Rows": 303948, "Plan Width": 8, "Filter": "(c_mktsegment = 'AUTOMOBILE'::bpchar), (LLVM Optimized)"}]}]}]}]}]}, "Unique SQL Id": 3929762122, "Planner Runtime": 1}, "explain_analyze_plan": null}, "(16, '80')": {"explain_plan": {"Plan": {"Node Type": "Limit", "Startup Cost": 2596753.82, "Total Cost": 2596753.85, "Plan Rows": 10, "Plan Width": 44, "Plans": [{"Node Type": "Sort", "Parent Relationship": "Outer", "Startup Cost": 2596753.82, "Total Cost": 2605651.94, "Plan Rows": 10, "Plan Width": 44, "Sort Key": ["(sum((lineitem.l_extendedprice * (1::double precision - lineitem.l_discount)))) DESC", "orders.o_orderdate"], "Plans": [{"Node Type": "Aggregate", "Strategy": "Hashed", "Parent Relationship": "Outer", "Startup Cost": 2484247.3, "Total Cost": 2519839.77, "Plan Rows": 3559247, "Plan Width": 44, "Group By Key": ["lineitem.l_orderkey", "orders.o_orderdate", "orders.o_shippriority"], "Plans": [{"Node Type": "Nested Loop", "Parent Relationship": "Outer", "Join Type": "Inner", "Startup Cost": 1297333.67, "Total Cost": 2430858.6, "Plan Rows": 3559247, "Plan Width": 36, "Inner Unique": false, "Plans": [{"Node Type": "Merge Join", "Parent Relationship": "Outer", "Join Type": "Inner", "Startup Cost": 1297333.67, "Total Cost": 1426314.26, "Plan Rows": 715772, "Plan Width": 20, "Inner Unique": false, "Merge Cond": "(customer.c_custkey = orders.o_custkey)", "Plans": [{"Node Type": "Index Scan", "Parent Relationship": "Outer", "Scan Direction": "Forward", "Index Name": "customer_pkey", "Relation Name": "customer", "Alias": "customer", "Startup Cost": 0.0, "Total Cost": 84515.36, "Plan Rows": 303948, "Plan Width": 8, "Filter": "(c_mktsegment = 'AUTOMOBILE'::bpchar), (LLVM Optimized)"}, {"Node Type": "Sort", "Parent Relationship": "Inner", "Startup Cost": 1297331.42, "Total Cost": 1315606.97, "Plan Rows": 7310217, "Plan Width": 28, "Sort Key": ["orders.o_custkey"], "Plans": [{"Node Type": "Seq Scan", "Parent Relationship": "Outer", "Relation Name": "orders", "Alias": "orders", "Startup Cost": 385.28, "Total Cost": 463912.49, "Plan Rows": 7310217, "Plan Width": 28, "Filter": "(o_orderdate < '1995-03-13 00:00:00'::timestamp(0) without time zone), (LLVM Optimized)"}]}]}, {"Node Type": "Index Scan", "Parent Relationship": "Inner", "Scan Direction": "Forward", "Index Name": "idx_lineitem_orderkey", "Relation Name": "lineitem", "Alias": "lineitem", "Startup Cost": 0.0, "Total Cost": 1.35, "Plan Rows": 5, "Plan Width": 24, "Index Cond": "(l_orderkey = orders.o_orderkey)", "Filter": "(l_shipdate > '1995-03-13 00:00:00'::timestamp(0) without time zone)"}]}]}]}]}, "Unique SQL Id": 3929762122, "Planner Runtime": 1}, "explain_analyze_plan": {"Plan": {"Node Type": "Limit", "Startup Cost": 2596753.82, "Total Cost": 2596753.85, "Plan Rows": 10, "Plan Width": 44, "Actual Startup Time": 31187.624, "Actual Total Time": 31187.626, "Actual Rows": 10, "Actual Loops": 1, "Plans": [{"Node Type": "Sort", "Parent Relationship": "Outer", "Startup Cost": 2596753.82, "Total Cost": 2605651.94, "Plan Rows": 10, "Plan Width": 44, "Actual Startup Time": 31187.621, "Actual Total Time": 31187.623, "Actual Rows": 10, "Actual Loops": 1, "Sort Key": ["(sum((lineitem.l_extendedprice * (1::double precision - lineitem.l_discount)))) DESC", "orders.o_orderdate"], "Sort Method": "top-N heapsort", "Sort Space Used": 26, "Sort Space Type": "Memory", "Plans": [{"Node Type": "Aggregate", "Strategy": "Hashed", "Parent Relationship": "Outer", "Startup Cost": 2484247.3, "Total Cost": 2519839.77, "Plan Rows": 3559247, "Plan Width": 44, "Actual Startup Time": 31079.762, "Actual Total Time": 31159.951, "Actual Rows": 113719, "Actual Loops": 1, "Group By Key": ["lineitem.l_orderkey", "orders.o_orderdate", "orders.o_shippriority"], "Plans": [{"Node Type": "Nested Loop", "Parent Relationship": "Outer", "Join Type": "Inner", "Startup Cost": 1297333.67, "Total Cost": 2430858.6, "Plan Rows": 3559247, "Plan Width": 36, "Actual Startup Time": 8453.434, "Actual Total Time": 30757.696, "Actual Rows": 300219, "Actual Loops": 1, "Inner Unique": false, "Plans": [{"Node Type": "Merge Join", "Parent Relationship": "Outer", "Join Type": "Inner", "Startup Cost": 1297333.67, "Total Cost": 1426314.26, "Plan Rows": 715772, "Plan Width": 20, "Actual Startup Time": 8453.085, "Actual Total Time": 13444.336, "Actual Rows": 1455173, "Actual Loops": 1, "Inner Unique": false, "Merge Cond": "(customer.c_custkey = orders.o_custkey)", "Plans": [{"Node Type": "Index Scan", "Parent Relationship": "Outer", "Scan Direction": "Forward", "Index Name": "customer_pkey", "Relation Name": "customer", "Alias": "customer", "Startup Cost": 0.0, "Total Cost": 84515.36, "Plan Rows": 303948, "Plan Width": 8, "Actual Startup Time": 0.072, "Actual Total Time": 1136.376, "Actual Rows": 300036, "Actual Loops": 1, "Filter": "(c_mktsegment = 'AUTOMOBILE'::bpchar), (LLVM Optimized, Jit Execute)", "Rows Removed by Filter": 1199964}, {"Node Type": "Sort", "Parent Relationship": "Inner", "Startup Cost": 1297331.42, "Total Cost": 1315606.97, "Plan Rows": 7310217, "Plan Width": 28, "Actual Startup Time": 8452.921, "Actual Total Time": 10889.098, "Actual Rows": 7276927, "Actual Loops": 1, "Sort Key": ["orders.o_custkey"], "Sort Method": "quicksort", "Sort Space Used": 878822, "Sort Space Type": "Memory", "Plans": [{"Node Type": "Seq Scan", "Parent Relationship": "Outer", "Relation Name": "orders", "Alias": "orders", "Startup Cost": 385.28, "Total Cost": 463912.49, "Plan Rows": 7310217, "Plan Width": 28, "Actual Startup Time": 0.027, "Actual Total Time": 5302.319, "Actual Rows": 7276947, "Actual Loops": 1, "Filter": "(o_orderdate < '1995-03-13 00:00:00'::timestamp(0) without time zone), (LLVM Optimized, Jit Execute)", "Rows Removed by Filter": 7723053}]}]}, {"Node Type": "Index Scan", "Parent Relationship": "Inner", "Scan Direction": "Forward", "Index Name": "idx_lineitem_orderkey", "Relation Name": "lineitem", "Alias": "lineitem", "Startup Cost": 0.0, "Total Cost": 1.35, "Plan Rows": 5, "Plan Width": 24, "Actual Startup Time": 16199.674, "Actual Total Time": 16487.459, "Actual Rows": 300219, "Actual Loops": 1455173, "Index Cond": "(l_orderkey = orders.o_orderkey)", "Rows Removed by Index Recheck": 0, "Filter": "(l_shipdate > '1995-03-13 00:00:00'::timestamp(0) without time zone)", "Rows Removed by Filter": 5519788}]}]}]}]}, "Triggers": [], "Planner Runtime": 1.165, "Total Runtime": 31197.251, "Unique SQL Id": 3929762122}}, "(16, '81')": {"explain_plan": {"Plan": {"Node Type": "Limit", "Startup Cost": 2669336.48, "Total Cost": 2669336.5, "Plan Rows": 10, "Plan Width": 44, "Plans": [{"Node Type": "Sort", "Parent Relationship": "Outer", "Startup Cost": 2669336.48, "Total Cost": 2678234.59, "Plan Rows": 10, "Plan Width": 44, "Sort Key": ["(sum((lineitem.l_extendedprice * (1::double precision - lineitem.l_discount)))) DESC", "orders.o_orderdate"], "Plans": [{"Node Type": "Aggregate", "Strategy": "Hashed", "Parent Relationship": "Outer", "Startup Cost": 2556829.96, "Total Cost": 2592422.43, "Plan Rows": 3559247, "Plan Width": 44, "Group By Key": ["lineitem.l_orderkey", "orders.o_orderdate", "orders.o_shippriority"], "Plans": [{"Node Type": "Nested Loop", "Parent Relationship": "Outer", "Join Type": "Inner", "Startup Cost": 1369916.32, "Total Cost": 2503441.25, "Plan Rows": 3559247, "Plan Width": 36, "Inner Unique": false, "Plans": [{"Node Type": "Merge Join", "Parent Relationship": "Outer", "Join Type": "Inner", "Startup Cost": 1369916.32, "Total Cost": 1498896.92, "Plan Rows": 715772, "Plan Width": 20, "Inner Unique": false, "Merge Cond": "(customer.c_custkey = orders.o_custkey)", "Plans": [{"Node Type": "Index Scan", "Parent Relationship": "Outer", "Scan Direction": "Forward", "Index Name": "customer_pkey", "Relation Name": "customer", "Alias": "customer", "Startup Cost": 0.0, "Total Cost": 84515.36, "Plan Rows": 303948, "Plan Width": 8, "Filter": "(c_mktsegment = 'AUTOMOBILE'::bpchar), (LLVM Optimized)"}, {"Node Type": "Sort", "Parent Relationship": "Inner", "Startup Cost": 1369914.08, "Total Cost": 1388189.62, "Plan Rows": 7310217, "Plan Width": 28, "Sort Key": ["orders.o_custkey"], "Plans": [{"Node Type": "Bitmap Heap Scan", "Parent Relationship": "Outer", "Relation Name": "orders", "Alias": "orders", "Startup Cost": 168698.43, "Total Cost": 536495.14, "Plan Rows": 7310217, "Plan Width": 28, "Recheck Cond": "(o_orderdate < '1995-03-13 00:00:00'::timestamp(0) without time zone), (LLVM Optimized)", "Plans": [{"Node Type": "Bitmap Index Scan", "Parent Relationship": "Outer", "Index Name": "idx_orders_orderdate", "Startup Cost": 0.0, "Total Cost": 166870.88, "Plan Rows": 7310217, "Plan Width": 0, "Index Cond": "(o_orderdate < '1995-03-13 00:00:00'::timestamp(0) without time zone)"}]}]}]}, {"Node Type": "Index Scan", "Parent Relationship": "Inner", "Scan Direction": "Forward", "Index Name": "idx_lineitem_orderkey", "Relation Name": "lineitem", "Alias": "lineitem", "Startup Cost": 0.0, "Total Cost": 1.35, "Plan Rows": 5, "Plan Width": 24, "Index Cond": "(l_orderkey = orders.o_orderkey)", "Filter": "(l_shipdate > '1995-03-13 00:00:00'::timestamp(0) without time zone)"}]}]}]}]}, "Unique SQL Id": 3929762122, "Planner Runtime": 1}, "explain_analyze_plan": {"Plan": {"Node Type": "Limit", "Startup Cost": 2669336.48, "Total Cost": 2669336.5, "Plan Rows": 10, "Plan Width": 44, "Actual Startup Time": 31722.948, "Actual Total Time": 31722.951, "Actual Rows": 10, "Actual Loops": 1, "Plans": [{"Node Type": "Sort", "Parent Relationship": "Outer", "Startup Cost": 2669336.48, "Total Cost": 2678234.59, "Plan Rows": 10, "Plan Width": 44, "Actual Startup Time": 31722.946, "Actual Total Time": 31722.947, "Actual Rows": 10, "Actual Loops": 1, "Sort Key": ["(sum((lineitem.l_extendedprice * (1::double precision - lineitem.l_discount)))) DESC", "orders.o_orderdate"], "Sort Method": "top-N heapsort", "Sort Space Used": 26, "Sort Space Type": "Memory", "Plans": [{"Node Type": "Aggregate", "Strategy": "Hashed", "Parent Relationship": "Outer", "Startup Cost": 2556829.96, "Total Cost": 2592422.43, "Plan Rows": 3559247, "Plan Width": 44, "Actual Startup Time": 31611.534, "Actual Total Time": 31695.171, "Actual Rows": 113719, "Actual Loops": 1, "Group By Key": ["lineitem.l_orderkey", "orders.o_orderdate", "orders.o_shippriority"], "Plans": [{"Node Type": "Nested Loop", "Parent Relationship": "Outer", "Join Type": "Inner", "Startup Cost": 1369916.32, "Total Cost": 2503441.25, "Plan Rows": 3559247, "Plan Width": 36, "Actual Startup Time": 9176.782, "Actual Total Time": 31297.662, "Actual Rows": 300219, "Actual Loops": 1, "Inner Unique": false, "Plans": [{"Node Type": "Merge Join", "Parent Relationship": "Outer", "Join Type": "Inner", "Startup Cost": 1369916.32, "Total Cost": 1498896.92, "Plan Rows": 715772, "Plan Width": 20, "Actual Startup Time": 9176.456, "Actual Total Time": 13899.231, "Actual Rows": 1455173, "Actual Loops": 1, "Inner Unique": false, "Merge Cond": "(customer.c_custkey = orders.o_custkey)", "Plans": [{"Node Type": "Index Scan", "Parent Relationship": "Outer", "Scan Direction": "Forward", "Index Name": "customer_pkey", "Relation Name": "customer", "Alias": "customer", "Startup Cost": 0.0, "Total Cost": 84515.36, "Plan Rows": 303948, "Plan Width": 8, "Actual Startup Time": 0.067, "Actual Total Time": 1185.532, "Actual Rows": 300036, "Actual Loops": 1, "Filter": "(c_mktsegment = 'AUTOMOBILE'::bpchar), (LLVM Optimized, Jit Execute)", "Rows Removed by Filter": 1199964}, {"Node Type": "Sort", "Parent Relationship": "Inner", "Startup Cost": 1369914.08, "Total Cost": 1388189.62, "Plan Rows": 7310217, "Plan Width": 28, "Actual Startup Time": 9176.248, "Actual Total Time": 11297.4, "Actual Rows": 7276927, "Actual Loops": 1, "Sort Key": ["orders.o_custkey"], "Sort Method": "quicksort", "Sort Space Used": 878822, "Sort Space Type": "Memory", "Plans": [{"Node Type": "Bitmap Heap Scan", "Parent Relationship": "Outer", "Relation Name": "orders", "Alias": "orders", "Startup Cost": 168698.43, "Total Cost": 536495.14, "Plan Rows": 7310217, "Plan Width": 28, "Actual Startup Time": 1941.902, "Actual Total Time": 6032.8, "Actual Rows": 7276947, "Actual Loops": 1, "Recheck Cond": "(o_orderdate < '1995-03-13 00:00:00'::timestamp(0) without time zone), (LLVM Optimized, Jit Execute)", "Rows Removed by Index Recheck": 0, "Exact Heap Blocks": 276419, "Lossy Heap Blocks": 276419, "Plans": [{"Node Type": "Bitmap Index Scan", "Parent Relationship": "Outer", "Index Name": "idx_orders_orderdate", "Startup Cost": 0.0, "Total Cost": 166870.88, "Plan Rows": 7310217, "Plan Width": 0, "Actual Startup Time": 1847.849, "Actual Total Time": 1847.849, "Actual Rows": 7276947, "Actual Loops": 1, "Index Cond": "(o_orderdate < '1995-03-13 00:00:00'::timestamp(0) without time zone)"}]}]}]}, {"Node Type": "Index Scan", "Parent Relationship": "Inner", "Scan Direction": "Forward", "Index Name": "idx_lineitem_orderkey", "Relation Name": "lineitem", "Alias": "lineitem", "Startup Cost": 0.0, "Total Cost": 1.35, "Plan Rows": 5, "Plan Width": 24, "Actual Startup Time": 16280.679, "Actual Total Time": 16575.34, "Actual Rows": 300219, "Actual Loops": 1455173, "Index Cond": "(l_orderkey = orders.o_orderkey)", "Rows Removed by Index Recheck": 0, "Filter": "(l_shipdate > '1995-03-13 00:00:00'::timestamp(0) without time zone)", "Rows Removed by Filter": 5519788}]}]}]}]}, "Triggers": [], "Planner Runtime": 1.226, "Total Runtime": 31733.286, "Unique SQL Id": 3929762122}}, "(16, '82')": {"explain_plan": {"Plan": {"Node Type": "Limit", "Startup Cost": 4906248.04, "Total Cost": 4906248.06, "Plan Rows": 10, "Plan Width": 44, "Plans": [{"Node Type": "Sort", "Parent Relationship": "Outer", "Startup Cost": 4906248.04, "Total Cost": 4915146.16, "Plan Rows": 10, "Plan Width": 44, "Sort Key": ["(sum((lineitem.l_extendedprice * (1::double precision - lineitem.l_discount)))) DESC", "orders.o_orderdate"], "Plans": [{"Node Type": "Aggregate", "Strategy": "Hashed", "Parent Relationship": "Outer", "Startup Cost": 4793741.52, "Total Cost": 4829333.99, "Plan Rows": 3559247, "Plan Width": 44, "Group By Key": ["lineitem.l_orderkey", "orders.o_orderdate", "orders.o_shippriority"], "Plans": [{"Node Type": "Nested Loop", "Parent Relationship": "Outer", "Join Type": "Inner", "Startup Cost": 1380887.64, "Total Cost": 4740352.82, "Plan Rows": 3559247, "Plan Width": 36, "Inner Unique": false, "Plans": [{"Node Type": "Merge Join", "Parent Relationship": "Outer", "Join Type": "Inner", "Startup Cost": 1380887.19, "Total Cost": 1426114.5, "Plan Rows": 715772, "Plan Width": 20, "Inner Unique": false, "Merge Cond": "(customer.c_custkey = orders.o_custkey)", "Plans": [{"Node Type": "Sort", "Parent Relationship": "Outer", "Startup Cost": 83555.73, "Total Cost": 84315.6, "Plan Rows": 303948, "Plan Width": 8, "Sort Key": ["customer.c_custkey"], "Plans": [{"Node Type": "Seq Scan", "Parent Relationship": "Outer", "Relation Name": "customer", "Alias": "customer", "Startup Cost": 0.0, "Total Cost": 55876.0, "Plan Rows": 303948, "Plan Width": 8, "Filter": "(c_mktsegment = 'AUTOMOBILE'::bpchar), (LLVM Optimized)"}]}, {"Node Type": "Sort", "Parent Relationship": "Inner", "Startup Cost": 1297331.42, "Total Cost": 1315606.97, "Plan Rows": 7310217, "Plan Width": 28, "Sort Key": ["orders.o_custkey"], "Plans": [{"Node Type": "Seq Scan", "Parent Relationship": "Outer", "Relation Name": "orders", "Alias": "orders", "Startup Cost": 385.28, "Total Cost": 463912.49, "Plan Rows": 7310217, "Plan Width": 28, "Filter": "(o_orderdate < '1995-03-13 00:00:00'::timestamp(0) without time zone), (LLVM Optimized)"}]}]}, {"Node Type": "Bitmap Heap Scan", "Parent Relationship": "Inner", "Relation Name": "lineitem", "Alias": "lineitem", "Startup Cost": 0.45, "Total Cost": 4.58, "Plan Rows": 5, "Plan Width": 24, "Recheck Cond": "(l_orderkey = orders.o_orderkey)", "Filter": "(l_shipdate > '1995-03-13 00:00:00'::timestamp(0) without time zone)", "Plans": [{"Node Type": "Bitmap Index Scan", "Parent Relationship": "Outer", "Index Name": "idx_lineitem_orderkey", "Startup Cost": 0.0, "Total Cost": 0.44, "Plan Rows": 9, "Plan Width": 0, "Index Cond": "(l_orderkey = orders.o_orderkey)"}]}]}]}]}]}, "Unique SQL Id": 3929762122, "Planner Runtime": 1}, "explain_analyze_plan": {"Plan": {"Node Type": "Limit", "Startup Cost": 4906248.04, "Total Cost": 4906248.06, "Plan Rows": 10, "Plan Width": 44, "Actual Startup Time": 33551.77, "Actual Total Time": 33551.774, "Actual Rows": 10, "Actual Loops": 1, "Plans": [{"Node Type": "Sort", "Parent Relationship": "Outer", "Startup Cost": 4906248.04, "Total Cost": 4915146.16, "Plan Rows": 10, "Plan Width": 44, "Actual Startup Time": 33551.766, "Actual Total Time": 33551.769, "Actual Rows": 10, "Actual Loops": 1, "Sort Key": ["(sum((lineitem.l_extendedprice * (1::double precision - lineitem.l_discount)))) DESC", "orders.o_orderdate"], "Sort Method": "top-N heapsort", "Sort Space Used": 26, "Sort Space Type": "Memory", "Plans": [{"Node Type": "Aggregate", "Strategy": "Hashed", "Parent Relationship": "Outer", "Startup Cost": 4793741.52, "Total Cost": 4829333.99, "Plan Rows": 3559247, "Plan Width": 44, "Actual Startup Time": 33444.945, "Actual Total Time": 33524.193, "Actual Rows": 113719, "Actual Loops": 1, "Group By Key": ["lineitem.l_orderkey", "orders.o_orderdate", "orders.o_shippriority"], "Plans": [{"Node Type": "Nested Loop", "Parent Relationship": "Outer", "Join Type": "Inner", "Startup Cost": 1380887.64, "Total Cost": 4740352.82, "Plan Rows": 3559247, "Plan Width": 36, "Actual Startup Time": 9195.878, "Actual Total Time": 33106.722, "Actual Rows": 300219, "Actual Loops": 1, "Inner Unique": false, "Plans": [{"Node Type": "Merge Join", "Parent Relationship": "Outer", "Join Type": "Inner", "Startup Cost": 1380887.19, "Total Cost": 1426114.5, "Plan Rows": 715772, "Plan Width": 20, "Actual Startup Time": 9195.485, "Actual Total Time": 13221.447, "Actual Rows": 1455173, "Actual Loops": 1, "Inner Unique": false, "Merge Cond": "(customer.c_custkey = orders.o_custkey)", "Plans": [{"Node Type": "Sort", "Parent Relationship": "Outer", "Startup Cost": 83555.73, "Total Cost": 84315.6, "Plan Rows": 303948, "Plan Width": 8, "Actual Startup Time": 746.797, "Actual Total Time": 788.697, "Actual Rows": 300036, "Actual Loops": 1, "Sort Key": ["customer.c_custkey"], "Sort Method": "quicksort", "Sort Space Used": 31041, "Sort Space Type": "Memory", "Plans": [{"Node Type": "Seq Scan", "Parent Relationship": "Outer", "Relation Name": "customer", "Alias": "customer", "Startup Cost": 0.0, "Total Cost": 55876.0, "Plan Rows": 303948, "Plan Width": 8, "Actual Startup Time": 0.052, "Actual Total Time": 649.515, "Actual Rows": 300036, "Actual Loops": 1, "Filter": "(c_mktsegment = 'AUTOMOBILE'::bpchar), (LLVM Optimized, Jit Execute)", "Rows Removed by Filter": 1199964}]}, {"Node Type": "Sort", "Parent Relationship": "Inner", "Startup Cost": 1297331.42, "Total Cost": 1315606.97, "Plan Rows": 7310217, "Plan Width": 28, "Actual Startup Time": 8448.661, "Actual Total Time": 10974.463, "Actual Rows": 7276927, "Actual Loops": 1, "Sort Key": ["orders.o_custkey"], "Sort Method": "quicksort", "Sort Space Used": 878822, "Sort Space Type": "Memory", "Plans": [{"Node Type": "Seq Scan", "Parent Relationship": "Outer", "Relation Name": "orders", "Alias": "orders", "Startup Cost": 385.28, "Total Cost": 463912.49, "Plan Rows": 7310217, "Plan Width": 28, "Actual Startup Time": 0.049, "Actual Total Time": 5268.545, "Actual Rows": 7276947, "Actual Loops": 1, "Filter": "(o_orderdate < '1995-03-13 00:00:00'::timestamp(0) without time zone), (LLVM Optimized, Jit Execute)", "Rows Removed by Filter": 7723053}]}]}, {"Node Type": "Bitmap Heap Scan", "Parent Relationship": "Inner", "Relation Name": "lineitem", "Alias": "lineitem", "Startup Cost": 0.45, "Total Cost": 4.58, "Plan Rows": 5, "Plan Width": 24, "Actual Startup Time": 17973.664, "Actual Total Time": 18092.491, "Actual Rows": 300219, "Actual Loops": 1455173, "Recheck Cond": "(l_orderkey = orders.o_orderkey)", "Rows Removed by Index Recheck": 0, "Filter": "(l_shipdate > '1995-03-13 00:00:00'::timestamp(0) without time zone)", "Rows Removed by Filter": 5519788, "Exact Heap Blocks": 1558994, "Lossy Heap Blocks": 1558994, "Plans": [{"Node Type": "Bitmap Index Scan", "Parent Relationship": "Outer", "Index Name": "idx_lineitem_orderkey", "Startup Cost": 0.0, "Total Cost": 0.44, "Plan Rows": 9, "Plan Width": 0, "Actual Startup Time": 10147.492, "Actual Total Time": 10147.492, "Actual Rows": 5820007, "Actual Loops": 1455173, "Index Cond": "(l_orderkey = orders.o_orderkey)"}]}]}]}]}]}, "Triggers": [], "Planner Runtime": 1.195, "Total Runtime": 33561.405, "Unique SQL Id": 3929762122}}, "(16, '83')": {"explain_plan": {"Plan": {"Node Type": "Limit", "Startup Cost": 35345596.54, "Total Cost": 35345596.56, "Plan Rows": 10, "Plan Width": 44, "Plans": [{"Node Type": "Sort", "Parent Relationship": "Outer", "Startup Cost": 35345596.54, "Total Cost": 35354494.65, "Plan Rows": 10, "Plan Width": 44, "Sort Key": ["(sum((lineitem.l_extendedprice * (1::double precision - lineitem.l_discount)))) DESC", "orders.o_orderdate"], "Plans": [{"Node Type": "Aggregate", "Strategy": "Hashed", "Parent Relationship": "Outer", "Startup Cost": 35233090.02, "Total Cost": 35268682.49, "Plan Rows": 3559247, "Plan Width": 44, "Group By Key": ["lineitem.l_orderkey", "orders.o_orderdate", "orders.o_shippriority"], "Plans": [{"Node Type": "Nested Loop", "Parent Relationship": "Outer", "Join Type": "Inner", "Startup Cost": 168699.14, "Total Cost": 35179701.31, "Plan Rows": 3559247, "Plan Width": 36, "Inner Unique": false, "Plans": [{"Node Type": "Nested Loop", "Parent Relationship": "Outer", "Join Type": "Inner", "Startup Cost": 168698.69, "Total Cost": 31865463.0, "Plan Rows": 715772, "Plan Width": 20, "Inner Unique": true, "Plans": [{"Node Type": "Bitmap Heap Scan", "Parent Relationship": "Outer", "Relation Name": "orders", "Alias": "orders", "Startup Cost": 168698.43, "Total Cost": 536495.14, "Plan Rows": 7310217, "Plan Width": 28, "Recheck Cond": "(o_orderdate < '1995-03-13 00:00:00'::timestamp(0) without time zone), (LLVM Optimized)", "Plans": [{"Node Type": "Bitmap Index Scan", "Parent Relationship": "Outer", "Index Name": "idx_orders_orderdate", "Startup Cost": 0.0, "Total Cost": 166870.88, "Plan Rows": 7310217, "Plan Width": 0, "Index Cond": "(o_orderdate < '1995-03-13 00:00:00'::timestamp(0) without time zone)"}]}, {"Node Type": "Bitmap Heap Scan", "Parent Relationship": "Inner", "Relation Name": "customer", "Alias": "customer", "Startup Cost": 0.26, "Total Cost": 4.28, "Plan Rows": 1, "Plan Width": 8, "Recheck Cond": "(c_custkey = orders.o_custkey)", "Filter": "(c_mktsegment = 'AUTOMOBILE'::bpchar)", "Plans": [{"Node Type": "Bitmap Index Scan", "Parent Relationship": "Outer", "Index Name": "customer_pkey", "Startup Cost": 0.0, "Total Cost": 0.26, "Plan Rows": 1, "Plan Width": 0, "Index Cond": "(c_custkey = orders.o_custkey)"}]}]}, {"Node Type": "Bitmap Heap Scan", "Parent Relationship": "Inner", "Relation Name": "lineitem", "Alias": "lineitem", "Startup Cost": 0.45, "Total Cost": 4.58, "Plan Rows": 5, "Plan Width": 24, "Recheck Cond": "(l_orderkey = orders.o_orderkey)", "Filter": "(l_shipdate > '1995-03-13 00:00:00'::timestamp(0) without time zone)", "Plans": [{"Node Type": "Bitmap Index Scan", "Parent Relationship": "Outer", "Index Name": "idx_lineitem_orderkey", "Startup Cost": 0.0, "Total Cost": 0.44, "Plan Rows": 9, "Plan Width": 0, "Index Cond": "(l_orderkey = orders.o_orderkey)"}]}]}]}]}]}, "Unique SQL Id": 3929762122, "Planner Runtime": 1}, "explain_analyze_plan": null}, "(16, '84')": {"explain_plan": {"Plan": {"Node Type": "Limit", "Startup Cost": 2596753.82, "Total Cost": 2596753.85, "Plan Rows": 10, "Plan Width": 44, "Plans": [{"Node Type": "Sort", "Parent Relationship": "Outer", "Startup Cost": 2596753.82, "Total Cost": 2605651.94, "Plan Rows": 10, "Plan Width": 44, "Sort Key": ["(sum((lineitem.l_extendedprice * (1::double precision - lineitem.l_discount)))) DESC", "orders.o_orderdate"], "Plans": [{"Node Type": "Aggregate", "Strategy": "Hashed", "Parent Relationship": "Outer", "Startup Cost": 2484247.3, "Total Cost": 2519839.77, "Plan Rows": 3559247, "Plan Width": 44, "Group By Key": ["lineitem.l_orderkey", "orders.o_orderdate", "orders.o_shippriority"], "Plans": [{"Node Type": "Nested Loop", "Parent Relationship": "Outer", "Join Type": "Inner", "Startup Cost": 1297333.67, "Total Cost": 2430858.6, "Plan Rows": 3559247, "Plan Width": 36, "Inner Unique": false, "Plans": [{"Node Type": "Merge Join", "Parent Relationship": "Outer", "Join Type": "Inner", "Startup Cost": 1297333.67, "Total Cost": 1426314.26, "Plan Rows": 715772, "Plan Width": 20, "Inner Unique": false, "Merge Cond": "(customer.c_custkey = orders.o_custkey)", "Plans": [{"Node Type": "Index Scan", "Parent Relationship": "Outer", "Scan Direction": "Forward", "Index Name": "customer_pkey", "Relation Name": "customer", "Alias": "customer", "Startup Cost": 0.0, "Total Cost": 84515.36, "Plan Rows": 303948, "Plan Width": 8, "Filter": "(c_mktsegment = 'AUTOMOBILE'::bpchar), (LLVM Optimized)"}, {"Node Type": "Sort", "Parent Relationship": "Inner", "Startup Cost": 1297331.42, "Total Cost": 1315606.97, "Plan Rows": 7310217, "Plan Width": 28, "Sort Key": ["orders.o_custkey"], "Plans": [{"Node Type": "Seq Scan", "Parent Relationship": "Outer", "Relation Name": "orders", "Alias": "orders", "Startup Cost": 385.28, "Total Cost": 463912.49, "Plan Rows": 7310217, "Plan Width": 28, "Filter": "(o_orderdate < '1995-03-13 00:00:00'::timestamp(0) without time zone), (LLVM Optimized)"}]}]}, {"Node Type": "Index Scan", "Parent Relationship": "Inner", "Scan Direction": "Forward", "Index Name": "idx_lineitem_orderkey", "Relation Name": "lineitem", "Alias": "lineitem", "Startup Cost": 0.0, "Total Cost": 1.35, "Plan Rows": 5, "Plan Width": 24, "Index Cond": "(l_orderkey = orders.o_orderkey)", "Filter": "(l_shipdate > '1995-03-13 00:00:00'::timestamp(0) without time zone)"}]}]}]}]}, "Unique SQL Id": 3929762122, "Planner Runtime": 1}, "explain_analyze_plan": {"Plan": {"Node Type": "Limit", "Startup Cost": 2596753.82, "Total Cost": 2596753.85, "Plan Rows": 10, "Plan Width": 44, "Actual Startup Time": 31187.624, "Actual Total Time": 31187.626, "Actual Rows": 10, "Actual Loops": 1, "Plans": [{"Node Type": "Sort", "Parent Relationship": "Outer", "Startup Cost": 2596753.82, "Total Cost": 2605651.94, "Plan Rows": 10, "Plan Width": 44, "Actual Startup Time": 31187.621, "Actual Total Time": 31187.623, "Actual Rows": 10, "Actual Loops": 1, "Sort Key": ["(sum((lineitem.l_extendedprice * (1::double precision - lineitem.l_discount)))) DESC", "orders.o_orderdate"], "Sort Method": "top-N heapsort", "Sort Space Used": 26, "Sort Space Type": "Memory", "Plans": [{"Node Type": "Aggregate", "Strategy": "Hashed", "Parent Relationship": "Outer", "Startup Cost": 2484247.3, "Total Cost": 2519839.77, "Plan Rows": 3559247, "Plan Width": 44, "Actual Startup Time": 31079.762, "Actual Total Time": 31159.951, "Actual Rows": 113719, "Actual Loops": 1, "Group By Key": ["lineitem.l_orderkey", "orders.o_orderdate", "orders.o_shippriority"], "Plans": [{"Node Type": "Nested Loop", "Parent Relationship": "Outer", "Join Type": "Inner", "Startup Cost": 1297333.67, "Total Cost": 2430858.6, "Plan Rows": 3559247, "Plan Width": 36, "Actual Startup Time": 8453.434, "Actual Total Time": 30757.696, "Actual Rows": 300219, "Actual Loops": 1, "Inner Unique": false, "Plans": [{"Node Type": "Merge Join", "Parent Relationship": "Outer", "Join Type": "Inner", "Startup Cost": 1297333.67, "Total Cost": 1426314.26, "Plan Rows": 715772, "Plan Width": 20, "Actual Startup Time": 8453.085, "Actual Total Time": 13444.336, "Actual Rows": 1455173, "Actual Loops": 1, "Inner Unique": false, "Merge Cond": "(customer.c_custkey = orders.o_custkey)", "Plans": [{"Node Type": "Index Scan", "Parent Relationship": "Outer", "Scan Direction": "Forward", "Index Name": "customer_pkey", "Relation Name": "customer", "Alias": "customer", "Startup Cost": 0.0, "Total Cost": 84515.36, "Plan Rows": 303948, "Plan Width": 8, "Actual Startup Time": 0.072, "Actual Total Time": 1136.376, "Actual Rows": 300036, "Actual Loops": 1, "Filter": "(c_mktsegment = 'AUTOMOBILE'::bpchar), (LLVM Optimized, Jit Execute)", "Rows Removed by Filter": 1199964}, {"Node Type": "Sort", "Parent Relationship": "Inner", "Startup Cost": 1297331.42, "Total Cost": 1315606.97, "Plan Rows": 7310217, "Plan Width": 28, "Actual Startup Time": 8452.921, "Actual Total Time": 10889.098, "Actual Rows": 7276927, "Actual Loops": 1, "Sort Key": ["orders.o_custkey"], "Sort Method": "quicksort", "Sort Space Used": 878822, "Sort Space Type": "Memory", "Plans": [{"Node Type": "Seq Scan", "Parent Relationship": "Outer", "Relation Name": "orders", "Alias": "orders", "Startup Cost": 385.28, "Total Cost": 463912.49, "Plan Rows": 7310217, "Plan Width": 28, "Actual Startup Time": 0.027, "Actual Total Time": 5302.319, "Actual Rows": 7276947, "Actual Loops": 1, "Filter": "(o_orderdate < '1995-03-13 00:00:00'::timestamp(0) without time zone), (LLVM Optimized, Jit Execute)", "Rows Removed by Filter": 7723053}]}]}, {"Node Type": "Index Scan", "Parent Relationship": "Inner", "Scan Direction": "Forward", "Index Name": "idx_lineitem_orderkey", "Relation Name": "lineitem", "Alias": "lineitem", "Startup Cost": 0.0, "Total Cost": 1.35, "Plan Rows": 5, "Plan Width": 24, "Actual Startup Time": 16199.674, "Actual Total Time": 16487.459, "Actual Rows": 300219, "Actual Loops": 1455173, "Index Cond": "(l_orderkey = orders.o_orderkey)", "Rows Removed by Index Recheck": 0, "Filter": "(l_shipdate > '1995-03-13 00:00:00'::timestamp(0) without time zone)", "Rows Removed by Filter": 5519788}]}]}]}]}, "Triggers": [], "Planner Runtime": 1.165, "Total Runtime": 31197.251, "Unique SQL Id": 3929762122}}, "(16, '85')": {"explain_plan": {"Plan": {"Node Type": "Limit", "Startup Cost": 2669336.48, "Total Cost": 2669336.5, "Plan Rows": 10, "Plan Width": 44, "Plans": [{"Node Type": "Sort", "Parent Relationship": "Outer", "Startup Cost": 2669336.48, "Total Cost": 2678234.59, "Plan Rows": 10, "Plan Width": 44, "Sort Key": ["(sum((lineitem.l_extendedprice * (1::double precision - lineitem.l_discount)))) DESC", "orders.o_orderdate"], "Plans": [{"Node Type": "Aggregate", "Strategy": "Hashed", "Parent Relationship": "Outer", "Startup Cost": 2556829.96, "Total Cost": 2592422.43, "Plan Rows": 3559247, "Plan Width": 44, "Group By Key": ["lineitem.l_orderkey", "orders.o_orderdate", "orders.o_shippriority"], "Plans": [{"Node Type": "Nested Loop", "Parent Relationship": "Outer", "Join Type": "Inner", "Startup Cost": 1369916.32, "Total Cost": 2503441.25, "Plan Rows": 3559247, "Plan Width": 36, "Inner Unique": false, "Plans": [{"Node Type": "Merge Join", "Parent Relationship": "Outer", "Join Type": "Inner", "Startup Cost": 1369916.32, "Total Cost": 1498896.92, "Plan Rows": 715772, "Plan Width": 20, "Inner Unique": false, "Merge Cond": "(customer.c_custkey = orders.o_custkey)", "Plans": [{"Node Type": "Index Scan", "Parent Relationship": "Outer", "Scan Direction": "Forward", "Index Name": "customer_pkey", "Relation Name": "customer", "Alias": "customer", "Startup Cost": 0.0, "Total Cost": 84515.36, "Plan Rows": 303948, "Plan Width": 8, "Filter": "(c_mktsegment = 'AUTOMOBILE'::bpchar), (LLVM Optimized)"}, {"Node Type": "Sort", "Parent Relationship": "Inner", "Startup Cost": 1369914.08, "Total Cost": 1388189.62, "Plan Rows": 7310217, "Plan Width": 28, "Sort Key": ["orders.o_custkey"], "Plans": [{"Node Type": "Bitmap Heap Scan", "Parent Relationship": "Outer", "Relation Name": "orders", "Alias": "orders", "Startup Cost": 168698.43, "Total Cost": 536495.14, "Plan Rows": 7310217, "Plan Width": 28, "Recheck Cond": "(o_orderdate < '1995-03-13 00:00:00'::timestamp(0) without time zone), (LLVM Optimized)", "Plans": [{"Node Type": "Bitmap Index Scan", "Parent Relationship": "Outer", "Index Name": "idx_orders_orderdate", "Startup Cost": 0.0, "Total Cost": 166870.88, "Plan Rows": 7310217, "Plan Width": 0, "Index Cond": "(o_orderdate < '1995-03-13 00:00:00'::timestamp(0) without time zone)"}]}]}]}, {"Node Type": "Index Scan", "Parent Relationship": "Inner", "Scan Direction": "Forward", "Index Name": "idx_lineitem_orderkey", "Relation Name": "lineitem", "Alias": "lineitem", "Startup Cost": 0.0, "Total Cost": 1.35, "Plan Rows": 5, "Plan Width": 24, "Index Cond": "(l_orderkey = orders.o_orderkey)", "Filter": "(l_shipdate > '1995-03-13 00:00:00'::timestamp(0) without time zone)"}]}]}]}]}, "Unique SQL Id": 3929762122, "Planner Runtime": 1}, "explain_analyze_plan": {"Plan": {"Node Type": "Limit", "Startup Cost": 2669336.48, "Total Cost": 2669336.5, "Plan Rows": 10, "Plan Width": 44, "Actual Startup Time": 31722.948, "Actual Total Time": 31722.951, "Actual Rows": 10, "Actual Loops": 1, "Plans": [{"Node Type": "Sort", "Parent Relationship": "Outer", "Startup Cost": 2669336.48, "Total Cost": 2678234.59, "Plan Rows": 10, "Plan Width": 44, "Actual Startup Time": 31722.946, "Actual Total Time": 31722.947, "Actual Rows": 10, "Actual Loops": 1, "Sort Key": ["(sum((lineitem.l_extendedprice * (1::double precision - lineitem.l_discount)))) DESC", "orders.o_orderdate"], "Sort Method": "top-N heapsort", "Sort Space Used": 26, "Sort Space Type": "Memory", "Plans": [{"Node Type": "Aggregate", "Strategy": "Hashed", "Parent Relationship": "Outer", "Startup Cost": 2556829.96, "Total Cost": 2592422.43, "Plan Rows": 3559247, "Plan Width": 44, "Actual Startup Time": 31611.534, "Actual Total Time": 31695.171, "Actual Rows": 113719, "Actual Loops": 1, "Group By Key": ["lineitem.l_orderkey", "orders.o_orderdate", "orders.o_shippriority"], "Plans": [{"Node Type": "Nested Loop", "Parent Relationship": "Outer", "Join Type": "Inner", "Startup Cost": 1369916.32, "Total Cost": 2503441.25, "Plan Rows": 3559247, "Plan Width": 36, "Actual Startup Time": 9176.782, "Actual Total Time": 31297.662, "Actual Rows": 300219, "Actual Loops": 1, "Inner Unique": false, "Plans": [{"Node Type": "Merge Join", "Parent Relationship": "Outer", "Join Type": "Inner", "Startup Cost": 1369916.32, "Total Cost": 1498896.92, "Plan Rows": 715772, "Plan Width": 20, "Actual Startup Time": 9176.456, "Actual Total Time": 13899.231, "Actual Rows": 1455173, "Actual Loops": 1, "Inner Unique": false, "Merge Cond": "(customer.c_custkey = orders.o_custkey)", "Plans": [{"Node Type": "Index Scan", "Parent Relationship": "Outer", "Scan Direction": "Forward", "Index Name": "customer_pkey", "Relation Name": "customer", "Alias": "customer", "Startup Cost": 0.0, "Total Cost": 84515.36, "Plan Rows": 303948, "Plan Width": 8, "Actual Startup Time": 0.067, "Actual Total Time": 1185.532, "Actual Rows": 300036, "Actual Loops": 1, "Filter": "(c_mktsegment = 'AUTOMOBILE'::bpchar), (LLVM Optimized, Jit Execute)", "Rows Removed by Filter": 1199964}, {"Node Type": "Sort", "Parent Relationship": "Inner", "Startup Cost": 1369914.08, "Total Cost": 1388189.62, "Plan Rows": 7310217, "Plan Width": 28, "Actual Startup Time": 9176.248, "Actual Total Time": 11297.4, "Actual Rows": 7276927, "Actual Loops": 1, "Sort Key": ["orders.o_custkey"], "Sort Method": "quicksort", "Sort Space Used": 878822, "Sort Space Type": "Memory", "Plans": [{"Node Type": "Bitmap Heap Scan", "Parent Relationship": "Outer", "Relation Name": "orders", "Alias": "orders", "Startup Cost": 168698.43, "Total Cost": 536495.14, "Plan Rows": 7310217, "Plan Width": 28, "Actual Startup Time": 1941.902, "Actual Total Time": 6032.8, "Actual Rows": 7276947, "Actual Loops": 1, "Recheck Cond": "(o_orderdate < '1995-03-13 00:00:00'::timestamp(0) without time zone), (LLVM Optimized, Jit Execute)", "Rows Removed by Index Recheck": 0, "Exact Heap Blocks": 276419, "Lossy Heap Blocks": 276419, "Plans": [{"Node Type": "Bitmap Index Scan", "Parent Relationship": "Outer", "Index Name": "idx_orders_orderdate", "Startup Cost": 0.0, "Total Cost": 166870.88, "Plan Rows": 7310217, "Plan Width": 0, "Actual Startup Time": 1847.849, "Actual Total Time": 1847.849, "Actual Rows": 7276947, "Actual Loops": 1, "Index Cond": "(o_orderdate < '1995-03-13 00:00:00'::timestamp(0) without time zone)"}]}]}]}, {"Node Type": "Index Scan", "Parent Relationship": "Inner", "Scan Direction": "Forward", "Index Name": "idx_lineitem_orderkey", "Relation Name": "lineitem", "Alias": "lineitem", "Startup Cost": 0.0, "Total Cost": 1.35, "Plan Rows": 5, "Plan Width": 24, "Actual Startup Time": 16280.679, "Actual Total Time": 16575.34, "Actual Rows": 300219, "Actual Loops": 1455173, "Index Cond": "(l_orderkey = orders.o_orderkey)", "Rows Removed by Index Recheck": 0, "Filter": "(l_shipdate > '1995-03-13 00:00:00'::timestamp(0) without time zone)", "Rows Removed by Filter": 5519788}]}]}]}]}, "Triggers": [], "Planner Runtime": 1.226, "Total Runtime": 31733.286, "Unique SQL Id": 3929762122}}, "(16, '86')": {"explain_plan": {"Plan": {"Node Type": "Limit", "Startup Cost": 4906248.04, "Total Cost": 4906248.06, "Plan Rows": 10, "Plan Width": 44, "Plans": [{"Node Type": "Sort", "Parent Relationship": "Outer", "Startup Cost": 4906248.04, "Total Cost": 4915146.16, "Plan Rows": 10, "Plan Width": 44, "Sort Key": ["(sum((lineitem.l_extendedprice * (1::double precision - lineitem.l_discount)))) DESC", "orders.o_orderdate"], "Plans": [{"Node Type": "Aggregate", "Strategy": "Hashed", "Parent Relationship": "Outer", "Startup Cost": 4793741.52, "Total Cost": 4829333.99, "Plan Rows": 3559247, "Plan Width": 44, "Group By Key": ["lineitem.l_orderkey", "orders.o_orderdate", "orders.o_shippriority"], "Plans": [{"Node Type": "Nested Loop", "Parent Relationship": "Outer", "Join Type": "Inner", "Startup Cost": 1380887.64, "Total Cost": 4740352.82, "Plan Rows": 3559247, "Plan Width": 36, "Inner Unique": false, "Plans": [{"Node Type": "Merge Join", "Parent Relationship": "Outer", "Join Type": "Inner", "Startup Cost": 1380887.19, "Total Cost": 1426114.5, "Plan Rows": 715772, "Plan Width": 20, "Inner Unique": false, "Merge Cond": "(customer.c_custkey = orders.o_custkey)", "Plans": [{"Node Type": "Sort", "Parent Relationship": "Outer", "Startup Cost": 83555.73, "Total Cost": 84315.6, "Plan Rows": 303948, "Plan Width": 8, "Sort Key": ["customer.c_custkey"], "Plans": [{"Node Type": "Seq Scan", "Parent Relationship": "Outer", "Relation Name": "customer", "Alias": "customer", "Startup Cost": 0.0, "Total Cost": 55876.0, "Plan Rows": 303948, "Plan Width": 8, "Filter": "(c_mktsegment = 'AUTOMOBILE'::bpchar), (LLVM Optimized)"}]}, {"Node Type": "Sort", "Parent Relationship": "Inner", "Startup Cost": 1297331.42, "Total Cost": 1315606.97, "Plan Rows": 7310217, "Plan Width": 28, "Sort Key": ["orders.o_custkey"], "Plans": [{"Node Type": "Seq Scan", "Parent Relationship": "Outer", "Relation Name": "orders", "Alias": "orders", "Startup Cost": 385.28, "Total Cost": 463912.49, "Plan Rows": 7310217, "Plan Width": 28, "Filter": "(o_orderdate < '1995-03-13 00:00:00'::timestamp(0) without time zone), (LLVM Optimized)"}]}]}, {"Node Type": "Bitmap Heap Scan", "Parent Relationship": "Inner", "Relation Name": "lineitem", "Alias": "lineitem", "Startup Cost": 0.45, "Total Cost": 4.58, "Plan Rows": 5, "Plan Width": 24, "Recheck Cond": "(l_orderkey = orders.o_orderkey)", "Filter": "(l_shipdate > '1995-03-13 00:00:00'::timestamp(0) without time zone)", "Plans": [{"Node Type": "Bitmap Index Scan", "Parent Relationship": "Outer", "Index Name": "idx_lineitem_orderkey", "Startup Cost": 0.0, "Total Cost": 0.44, "Plan Rows": 9, "Plan Width": 0, "Index Cond": "(l_orderkey = orders.o_orderkey)"}]}]}]}]}]}, "Unique SQL Id": 3929762122, "Planner Runtime": 1}, "explain_analyze_plan": {"Plan": {"Node Type": "Limit", "Startup Cost": 4906248.04, "Total Cost": 4906248.06, "Plan Rows": 10, "Plan Width": 44, "Actual Startup Time": 33551.77, "Actual Total Time": 33551.774, "Actual Rows": 10, "Actual Loops": 1, "Plans": [{"Node Type": "Sort", "Parent Relationship": "Outer", "Startup Cost": 4906248.04, "Total Cost": 4915146.16, "Plan Rows": 10, "Plan Width": 44, "Actual Startup Time": 33551.766, "Actual Total Time": 33551.769, "Actual Rows": 10, "Actual Loops": 1, "Sort Key": ["(sum((lineitem.l_extendedprice * (1::double precision - lineitem.l_discount)))) DESC", "orders.o_orderdate"], "Sort Method": "top-N heapsort", "Sort Space Used": 26, "Sort Space Type": "Memory", "Plans": [{"Node Type": "Aggregate", "Strategy": "Hashed", "Parent Relationship": "Outer", "Startup Cost": 4793741.52, "Total Cost": 4829333.99, "Plan Rows": 3559247, "Plan Width": 44, "Actual Startup Time": 33444.945, "Actual Total Time": 33524.193, "Actual Rows": 113719, "Actual Loops": 1, "Group By Key": ["lineitem.l_orderkey", "orders.o_orderdate", "orders.o_shippriority"], "Plans": [{"Node Type": "Nested Loop", "Parent Relationship": "Outer", "Join Type": "Inner", "Startup Cost": 1380887.64, "Total Cost": 4740352.82, "Plan Rows": 3559247, "Plan Width": 36, "Actual Startup Time": 9195.878, "Actual Total Time": 33106.722, "Actual Rows": 300219, "Actual Loops": 1, "Inner Unique": false, "Plans": [{"Node Type": "Merge Join", "Parent Relationship": "Outer", "Join Type": "Inner", "Startup Cost": 1380887.19, "Total Cost": 1426114.5, "Plan Rows": 715772, "Plan Width": 20, "Actual Startup Time": 9195.485, "Actual Total Time": 13221.447, "Actual Rows": 1455173, "Actual Loops": 1, "Inner Unique": false, "Merge Cond": "(customer.c_custkey = orders.o_custkey)", "Plans": [{"Node Type": "Sort", "Parent Relationship": "Outer", "Startup Cost": 83555.73, "Total Cost": 84315.6, "Plan Rows": 303948, "Plan Width": 8, "Actual Startup Time": 746.797, "Actual Total Time": 788.697, "Actual Rows": 300036, "Actual Loops": 1, "Sort Key": ["customer.c_custkey"], "Sort Method": "quicksort", "Sort Space Used": 31041, "Sort Space Type": "Memory", "Plans": [{"Node Type": "Seq Scan", "Parent Relationship": "Outer", "Relation Name": "customer", "Alias": "customer", "Startup Cost": 0.0, "Total Cost": 55876.0, "Plan Rows": 303948, "Plan Width": 8, "Actual Startup Time": 0.052, "Actual Total Time": 649.515, "Actual Rows": 300036, "Actual Loops": 1, "Filter": "(c_mktsegment = 'AUTOMOBILE'::bpchar), (LLVM Optimized, Jit Execute)", "Rows Removed by Filter": 1199964}]}, {"Node Type": "Sort", "Parent Relationship": "Inner", "Startup Cost": 1297331.42, "Total Cost": 1315606.97, "Plan Rows": 7310217, "Plan Width": 28, "Actual Startup Time": 8448.661, "Actual Total Time": 10974.463, "Actual Rows": 7276927, "Actual Loops": 1, "Sort Key": ["orders.o_custkey"], "Sort Method": "quicksort", "Sort Space Used": 878822, "Sort Space Type": "Memory", "Plans": [{"Node Type": "Seq Scan", "Parent Relationship": "Outer", "Relation Name": "orders", "Alias": "orders", "Startup Cost": 385.28, "Total Cost": 463912.49, "Plan Rows": 7310217, "Plan Width": 28, "Actual Startup Time": 0.049, "Actual Total Time": 5268.545, "Actual Rows": 7276947, "Actual Loops": 1, "Filter": "(o_orderdate < '1995-03-13 00:00:00'::timestamp(0) without time zone), (LLVM Optimized, Jit Execute)", "Rows Removed by Filter": 7723053}]}]}, {"Node Type": "Bitmap Heap Scan", "Parent Relationship": "Inner", "Relation Name": "lineitem", "Alias": "lineitem", "Startup Cost": 0.45, "Total Cost": 4.58, "Plan Rows": 5, "Plan Width": 24, "Actual Startup Time": 17973.664, "Actual Total Time": 18092.491, "Actual Rows": 300219, "Actual Loops": 1455173, "Recheck Cond": "(l_orderkey = orders.o_orderkey)", "Rows Removed by Index Recheck": 0, "Filter": "(l_shipdate > '1995-03-13 00:00:00'::timestamp(0) without time zone)", "Rows Removed by Filter": 5519788, "Exact Heap Blocks": 1558994, "Lossy Heap Blocks": 1558994, "Plans": [{"Node Type": "Bitmap Index Scan", "Parent Relationship": "Outer", "Index Name": "idx_lineitem_orderkey", "Startup Cost": 0.0, "Total Cost": 0.44, "Plan Rows": 9, "Plan Width": 0, "Actual Startup Time": 10147.492, "Actual Total Time": 10147.492, "Actual Rows": 5820007, "Actual Loops": 1455173, "Index Cond": "(l_orderkey = orders.o_orderkey)"}]}]}]}]}]}, "Triggers": [], "Planner Runtime": 1.195, "Total Runtime": 33561.405, "Unique SQL Id": 3929762122}}, "(16, '87')": {"explain_plan": {"Plan": {"Node Type": "Limit", "Startup Cost": 35345596.54, "Total Cost": 35345596.56, "Plan Rows": 10, "Plan Width": 44, "Plans": [{"Node Type": "Sort", "Parent Relationship": "Outer", "Startup Cost": 35345596.54, "Total Cost": 35354494.65, "Plan Rows": 10, "Plan Width": 44, "Sort Key": ["(sum((lineitem.l_extendedprice * (1::double precision - lineitem.l_discount)))) DESC", "orders.o_orderdate"], "Plans": [{"Node Type": "Aggregate", "Strategy": "Hashed", "Parent Relationship": "Outer", "Startup Cost": 35233090.02, "Total Cost": 35268682.49, "Plan Rows": 3559247, "Plan Width": 44, "Group By Key": ["lineitem.l_orderkey", "orders.o_orderdate", "orders.o_shippriority"], "Plans": [{"Node Type": "Nested Loop", "Parent Relationship": "Outer", "Join Type": "Inner", "Startup Cost": 168699.14, "Total Cost": 35179701.31, "Plan Rows": 3559247, "Plan Width": 36, "Inner Unique": false, "Plans": [{"Node Type": "Nested Loop", "Parent Relationship": "Outer", "Join Type": "Inner", "Startup Cost": 168698.69, "Total Cost": 31865463.0, "Plan Rows": 715772, "Plan Width": 20, "Inner Unique": true, "Plans": [{"Node Type": "Bitmap Heap Scan", "Parent Relationship": "Outer", "Relation Name": "orders", "Alias": "orders", "Startup Cost": 168698.43, "Total Cost": 536495.14, "Plan Rows": 7310217, "Plan Width": 28, "Recheck Cond": "(o_orderdate < '1995-03-13 00:00:00'::timestamp(0) without time zone), (LLVM Optimized)", "Plans": [{"Node Type": "Bitmap Index Scan", "Parent Relationship": "Outer", "Index Name": "idx_orders_orderdate", "Startup Cost": 0.0, "Total Cost": 166870.88, "Plan Rows": 7310217, "Plan Width": 0, "Index Cond": "(o_orderdate < '1995-03-13 00:00:00'::timestamp(0) without time zone)"}]}, {"Node Type": "Bitmap Heap Scan", "Parent Relationship": "Inner", "Relation Name": "customer", "Alias": "customer", "Startup Cost": 0.26, "Total Cost": 4.28, "Plan Rows": 1, "Plan Width": 8, "Recheck Cond": "(c_custkey = orders.o_custkey)", "Filter": "(c_mktsegment = 'AUTOMOBILE'::bpchar)", "Plans": [{"Node Type": "Bitmap Index Scan", "Parent Relationship": "Outer", "Index Name": "customer_pkey", "Startup Cost": 0.0, "Total Cost": 0.26, "Plan Rows": 1, "Plan Width": 0, "Index Cond": "(c_custkey = orders.o_custkey)"}]}]}, {"Node Type": "Bitmap Heap Scan", "Parent Relationship": "Inner", "Relation Name": "lineitem", "Alias": "lineitem", "Startup Cost": 0.45, "Total Cost": 4.58, "Plan Rows": 5, "Plan Width": 24, "Recheck Cond": "(l_orderkey = orders.o_orderkey)", "Filter": "(l_shipdate > '1995-03-13 00:00:00'::timestamp(0) without time zone)", "Plans": [{"Node Type": "Bitmap Index Scan", "Parent Relationship": "Outer", "Index Name": "idx_lineitem_orderkey", "Startup Cost": 0.0, "Total Cost": 0.44, "Plan Rows": 9, "Plan Width": 0, "Index Cond": "(l_orderkey = orders.o_orderkey)"}]}]}]}]}]}, "Unique SQL Id": 3929762122, "Planner Runtime": 1}, "explain_analyze_plan": null}, "(16, '88')": {"explain_plan": {"Plan": {"Node Type": "Limit", "Startup Cost": 2596753.82, "Total Cost": 2596753.85, "Plan Rows": 10, "Plan Width": 44, "Plans": [{"Node Type": "Sort", "Parent Relationship": "Outer", "Startup Cost": 2596753.82, "Total Cost": 2605651.94, "Plan Rows": 10, "Plan Width": 44, "Sort Key": ["(sum((lineitem.l_extendedprice * (1::double precision - lineitem.l_discount)))) DESC", "orders.o_orderdate"], "Plans": [{"Node Type": "Aggregate", "Strategy": "Hashed", "Parent Relationship": "Outer", "Startup Cost": 2484247.3, "Total Cost": 2519839.77, "Plan Rows": 3559247, "Plan Width": 44, "Group By Key": ["lineitem.l_orderkey", "orders.o_orderdate", "orders.o_shippriority"], "Plans": [{"Node Type": "Nested Loop", "Parent Relationship": "Outer", "Join Type": "Inner", "Startup Cost": 1297333.67, "Total Cost": 2430858.6, "Plan Rows": 3559247, "Plan Width": 36, "Inner Unique": false, "Plans": [{"Node Type": "Merge Join", "Parent Relationship": "Outer", "Join Type": "Inner", "Startup Cost": 1297333.67, "Total Cost": 1426314.26, "Plan Rows": 715772, "Plan Width": 20, "Inner Unique": false, "Merge Cond": "(customer.c_custkey = orders.o_custkey)", "Plans": [{"Node Type": "Index Scan", "Parent Relationship": "Outer", "Scan Direction": "Forward", "Index Name": "customer_pkey", "Relation Name": "customer", "Alias": "customer", "Startup Cost": 0.0, "Total Cost": 84515.36, "Plan Rows": 303948, "Plan Width": 8, "Filter": "(c_mktsegment = 'AUTOMOBILE'::bpchar), (LLVM Optimized)"}, {"Node Type": "Sort", "Parent Relationship": "Inner", "Startup Cost": 1297331.42, "Total Cost": 1315606.97, "Plan Rows": 7310217, "Plan Width": 28, "Sort Key": ["orders.o_custkey"], "Plans": [{"Node Type": "Seq Scan", "Parent Relationship": "Outer", "Relation Name": "orders", "Alias": "orders", "Startup Cost": 385.28, "Total Cost": 463912.49, "Plan Rows": 7310217, "Plan Width": 28, "Filter": "(o_orderdate < '1995-03-13 00:00:00'::timestamp(0) without time zone), (LLVM Optimized)"}]}]}, {"Node Type": "Index Scan", "Parent Relationship": "Inner", "Scan Direction": "Forward", "Index Name": "idx_lineitem_orderkey", "Relation Name": "lineitem", "Alias": "lineitem", "Startup Cost": 0.0, "Total Cost": 1.35, "Plan Rows": 5, "Plan Width": 24, "Index Cond": "(l_orderkey = orders.o_orderkey)", "Filter": "(l_shipdate > '1995-03-13 00:00:00'::timestamp(0) without time zone)"}]}]}]}]}, "Unique SQL Id": 3929762122, "Planner Runtime": 1}, "explain_analyze_plan": {"Plan": {"Node Type": "Limit", "Startup Cost": 2596753.82, "Total Cost": 2596753.85, "Plan Rows": 10, "Plan Width": 44, "Actual Startup Time": 31187.624, "Actual Total Time": 31187.626, "Actual Rows": 10, "Actual Loops": 1, "Plans": [{"Node Type": "Sort", "Parent Relationship": "Outer", "Startup Cost": 2596753.82, "Total Cost": 2605651.94, "Plan Rows": 10, "Plan Width": 44, "Actual Startup Time": 31187.621, "Actual Total Time": 31187.623, "Actual Rows": 10, "Actual Loops": 1, "Sort Key": ["(sum((lineitem.l_extendedprice * (1::double precision - lineitem.l_discount)))) DESC", "orders.o_orderdate"], "Sort Method": "top-N heapsort", "Sort Space Used": 26, "Sort Space Type": "Memory", "Plans": [{"Node Type": "Aggregate", "Strategy": "Hashed", "Parent Relationship": "Outer", "Startup Cost": 2484247.3, "Total Cost": 2519839.77, "Plan Rows": 3559247, "Plan Width": 44, "Actual Startup Time": 31079.762, "Actual Total Time": 31159.951, "Actual Rows": 113719, "Actual Loops": 1, "Group By Key": ["lineitem.l_orderkey", "orders.o_orderdate", "orders.o_shippriority"], "Plans": [{"Node Type": "Nested Loop", "Parent Relationship": "Outer", "Join Type": "Inner", "Startup Cost": 1297333.67, "Total Cost": 2430858.6, "Plan Rows": 3559247, "Plan Width": 36, "Actual Startup Time": 8453.434, "Actual Total Time": 30757.696, "Actual Rows": 300219, "Actual Loops": 1, "Inner Unique": false, "Plans": [{"Node Type": "Merge Join", "Parent Relationship": "Outer", "Join Type": "Inner", "Startup Cost": 1297333.67, "Total Cost": 1426314.26, "Plan Rows": 715772, "Plan Width": 20, "Actual Startup Time": 8453.085, "Actual Total Time": 13444.336, "Actual Rows": 1455173, "Actual Loops": 1, "Inner Unique": false, "Merge Cond": "(customer.c_custkey = orders.o_custkey)", "Plans": [{"Node Type": "Index Scan", "Parent Relationship": "Outer", "Scan Direction": "Forward", "Index Name": "customer_pkey", "Relation Name": "customer", "Alias": "customer", "Startup Cost": 0.0, "Total Cost": 84515.36, "Plan Rows": 303948, "Plan Width": 8, "Actual Startup Time": 0.072, "Actual Total Time": 1136.376, "Actual Rows": 300036, "Actual Loops": 1, "Filter": "(c_mktsegment = 'AUTOMOBILE'::bpchar), (LLVM Optimized, Jit Execute)", "Rows Removed by Filter": 1199964}, {"Node Type": "Sort", "Parent Relationship": "Inner", "Startup Cost": 1297331.42, "Total Cost": 1315606.97, "Plan Rows": 7310217, "Plan Width": 28, "Actual Startup Time": 8452.921, "Actual Total Time": 10889.098, "Actual Rows": 7276927, "Actual Loops": 1, "Sort Key": ["orders.o_custkey"], "Sort Method": "quicksort", "Sort Space Used": 878822, "Sort Space Type": "Memory", "Plans": [{"Node Type": "Seq Scan", "Parent Relationship": "Outer", "Relation Name": "orders", "Alias": "orders", "Startup Cost": 385.28, "Total Cost": 463912.49, "Plan Rows": 7310217, "Plan Width": 28, "Actual Startup Time": 0.027, "Actual Total Time": 5302.319, "Actual Rows": 7276947, "Actual Loops": 1, "Filter": "(o_orderdate < '1995-03-13 00:00:00'::timestamp(0) without time zone), (LLVM Optimized, Jit Execute)", "Rows Removed by Filter": 7723053}]}]}, {"Node Type": "Index Scan", "Parent Relationship": "Inner", "Scan Direction": "Forward", "Index Name": "idx_lineitem_orderkey", "Relation Name": "lineitem", "Alias": "lineitem", "Startup Cost": 0.0, "Total Cost": 1.35, "Plan Rows": 5, "Plan Width": 24, "Actual Startup Time": 16199.674, "Actual Total Time": 16487.459, "Actual Rows": 300219, "Actual Loops": 1455173, "Index Cond": "(l_orderkey = orders.o_orderkey)", "Rows Removed by Index Recheck": 0, "Filter": "(l_shipdate > '1995-03-13 00:00:00'::timestamp(0) without time zone)", "Rows Removed by Filter": 5519788}]}]}]}]}, "Triggers": [], "Planner Runtime": 1.165, "Total Runtime": 31197.251, "Unique SQL Id": 3929762122}}, "(16, '89')": {"explain_plan": {"Plan": {"Node Type": "Limit", "Startup Cost": 2699912.01, "Total Cost": 2699912.03, "Plan Rows": 10, "Plan Width": 44, "Plans": [{"Node Type": "Sort", "Parent Relationship": "Outer", "Startup Cost": 2699912.01, "Total Cost": 2708810.13, "Plan Rows": 10, "Plan Width": 44, "Sort Key": ["(sum((lineitem.l_extendedprice * (1::double precision - lineitem.l_discount)))) DESC", "orders.o_orderdate"], "Plans": [{"Node Type": "Aggregate", "Strategy": "Hashed", "Parent Relationship": "Outer", "Startup Cost": 2587405.49, "Total Cost": 2622997.96, "Plan Rows": 3559247, "Plan Width": 44, "Group By Key": ["lineitem.l_orderkey", "orders.o_orderdate", "orders.o_shippriority"], "Plans": [{"Node Type": "Nested Loop", "Parent Relationship": "Outer", "Join Type": "Inner", "Startup Cost": 0.0, "Total Cost": 2534016.78, "Plan Rows": 3559247, "Plan Width": 36, "Inner Unique": false, "Plans": [{"Node Type": "Nested Loop", "Parent Relationship": "Outer", "Join Type": "Inner", "Startup Cost": 0.0, "Total Cost": 1529472.45, "Plan Rows": 715772, "Plan Width": 20, "Inner Unique": false, "Plans": [{"Node Type": "Index Scan", "Parent Relationship": "Outer", "Scan Direction": "Forward", "Index Name": "customer_pkey", "Relation Name": "customer", "Alias": "customer", "Startup Cost": 0.0, "Total Cost": 84515.36, "Plan Rows": 303948, "Plan Width": 8, "Filter": "(c_mktsegment = 'AUTOMOBILE'::bpchar), (LLVM Optimized)"}, {"Node Type": "Index Scan", "Parent Relationship": "Inner", "Scan Direction": "Forward", "Index Name": "idx_orders_custkey", "Relation Name": "orders", "Alias": "orders", "Startup Cost": 0.0, "Total Cost": 4.73, "Plan Rows": 2, "Plan Width": 28, "Index Cond": "(o_custkey = customer.c_custkey)", "Filter": "(o_orderdate < '1995-03-13 00:00:00'::timestamp(0) without time zone)"}]}, {"Node Type": "Index Scan", "Parent Relationship": "Inner", "Scan Direction": "Forward", "Index Name": "idx_lineitem_orderkey", "Relation Name": "lineitem", "Alias": "lineitem", "Startup Cost": 0.0, "Total Cost": 1.35, "Plan Rows": 5, "Plan Width": 24, "Index Cond": "(l_orderkey = orders.o_orderkey)", "Filter": "(l_shipdate > '1995-03-13 00:00:00'::timestamp(0) without time zone)"}]}]}]}]}, "Unique SQL Id": 3929762122, "Planner Runtime": 1}, "explain_analyze_plan": {"Plan": {"Node Type": "Limit", "Startup Cost": 2699912.01, "Total Cost": 2699912.03, "Plan Rows": 10, "Plan Width": 44, "Actual Startup Time": 27778.236, "Actual Total Time": 27778.239, "Actual Rows": 10, "Actual Loops": 1, "Plans": [{"Node Type": "Sort", "Parent Relationship": "Outer", "Startup Cost": 2699912.01, "Total Cost": 2708810.13, "Plan Rows": 10, "Plan Width": 44, "Actual Startup Time": 27778.233, "Actual Total Time": 27778.235, "Actual Rows": 10, "Actual Loops": 1, "Sort Key": ["(sum((lineitem.l_extendedprice * (1::double precision - lineitem.l_discount)))) DESC", "orders.o_orderdate"], "Sort Method": "top-N heapsort", "Sort Space Used": 26, "Sort Space Type": "Memory", "Plans": [{"Node Type": "Aggregate", "Strategy": "Hashed", "Parent Relationship": "Outer", "Startup Cost": 2587405.49, "Total Cost": 2622997.96, "Plan Rows": 3559247, "Plan Width": 44, "Actual Startup Time": 27694.368, "Actual Total Time": 27751.144, "Actual Rows": 113719, "Actual Loops": 1, "Group By Key": ["lineitem.l_orderkey", "orders.o_orderdate", "orders.o_shippriority"], "Plans": [{"Node Type": "Nested Loop", "Parent Relationship": "Outer", "Join Type": "Inner", "Startup Cost": 0.0, "Total Cost": 2534016.78, "Plan Rows": 3559247, "Plan Width": 36, "Actual Startup Time": 0.221, "Actual Total Time": 27347.965, "Actual Rows": 300219, "Actual Loops": 1, "Inner Unique": false, "Plans": [{"Node Type": "Nested Loop", "Parent Relationship": "Outer", "Join Type": "Inner", "Startup Cost": 0.0, "Total Cost": 1529472.45, "Plan Rows": 715772, "Plan Width": 20, "Actual Startup Time": 0.102, "Actual Total Time": 9832.13, "Actual Rows": 1455173, "Actual Loops": 1, "Inner Unique": false, "Plans": [{"Node Type": "Index Scan", "Parent Relationship": "Outer", "Scan Direction": "Forward", "Index Name": "customer_pkey", "Relation Name": "customer", "Alias": "customer", "Startup Cost": 0.0, "Total Cost": 84515.36, "Plan Rows": 303948, "Plan Width": 8, "Actual Startup Time": 0.073, "Actual Total Time": 1122.937, "Actual Rows": 300036, "Actual Loops": 1, "Filter": "(c_mktsegment = 'AUTOMOBILE'::bpchar), (LLVM Optimized, Jit Execute)", "Rows Removed by Filter": 1199964}, {"Node Type": "Index Scan", "Parent Relationship": "Inner", "Scan Direction": "Forward", "Index Name": "idx_orders_custkey", "Relation Name": "orders", "Alias": "orders", "Startup Cost": 0.0, "Total Cost": 4.73, "Plan Rows": 2, "Plan Width": 28, "Actual Startup Time": 2071.576, "Actual Total Time": 8180.225, "Actual Rows": 1455173, "Actual Loops": 300036, "Index Cond": "(o_custkey = customer.c_custkey)", "Rows Removed by Index Recheck": 0, "Filter": "(o_orderdate < '1995-03-13 00:00:00'::timestamp(0) without time zone)", "Rows Removed by Filter": 1545367}]}, {"Node Type": "Index Scan", "Parent Relationship": "Inner", "Scan Direction": "Forward", "Index Name": "idx_lineitem_orderkey", "Relation Name": "lineitem", "Alias": "lineitem", "Startup Cost": 0.0, "Total Cost": 1.35, "Plan Rows": 5, "Plan Width": 24, "Actual Startup Time": 16408.608, "Actual Total Time": 16700.86, "Actual Rows": 300219, "Actual Loops": 1455173, "Index Cond": "(l_orderkey = orders.o_orderkey)", "Rows Removed by Index Recheck": 0, "Filter": "(l_shipdate > '1995-03-13 00:00:00'::timestamp(0) without time zone)", "Rows Removed by Filter": 5519788}]}]}]}]}, "Triggers": [], "Planner Runtime": 1.143, "Total Runtime": 27787.738, "Unique SQL Id": 3929762122}}, "(16, '90')": {"explain_plan": {"Plan": {"Node Type": "Limit", "Startup Cost": 8099438.49, "Total Cost": 8099438.52, "Plan Rows": 10, "Plan Width": 44, "Plans": [{"Node Type": "Sort", "Parent Relationship": "Outer", "Startup Cost": 8099438.49, "Total Cost": 8108336.61, "Plan Rows": 10, "Plan Width": 44, "Sort Key": ["(sum((lineitem.l_extendedprice * (1::double precision - lineitem.l_discount)))) DESC", "orders.o_orderdate"], "Plans": [{"Node Type": "Aggregate", "Strategy": "Hashed", "Parent Relationship": "Outer", "Startup Cost": 7986931.98, "Total Cost": 8022524.45, "Plan Rows": 3559247, "Plan Width": 44, "Group By Key": ["lineitem.l_orderkey", "orders.o_orderdate", "orders.o_shippriority"], "Plans": [{"Node Type": "Merge Join", "Parent Relationship": "Outer", "Join Type": "Inner", "Startup Cost": 7731288.7, "Total Cost": 7933543.27, "Plan Rows": 3559247, "Plan Width": 36, "Inner Unique": false, "Merge Cond": "(orders.o_orderkey = lineitem.l_orderkey)", "Plans": [{"Node Type": "Sort", "Parent Relationship": "Outer", "Startup Cost": 1495720.26, "Total Cost": 1497509.69, "Plan Rows": 715772, "Plan Width": 20, "Sort Key": ["orders.o_orderkey"], "Plans": [{"Node Type": "Merge Join", "Parent Relationship": "Outer", "Join Type": "Inner", "Startup Cost": 1380887.19, "Total Cost": 1426114.5, "Plan Rows": 715772, "Plan Width": 20, "Inner Unique": false, "Merge Cond": "(customer.c_custkey = orders.o_custkey)", "Plans": [{"Node Type": "Sort", "Parent Relationship": "Outer", "Startup Cost": 83555.73, "Total Cost": 84315.6, "Plan Rows": 303948, "Plan Width": 8, "Sort Key": ["customer.c_custkey"], "Plans": [{"Node Type": "Seq Scan", "Parent Relationship": "Outer", "Relation Name": "customer", "Alias": "customer", "Startup Cost": 0.0, "Total Cost": 55876.0, "Plan Rows": 303948, "Plan Width": 8, "Filter": "(c_mktsegment = 'AUTOMOBILE'::bpchar), (LLVM Optimized)"}]}, {"Node Type": "Sort", "Parent Relationship": "Inner", "Startup Cost": 1297331.42, "Total Cost": 1315606.97, "Plan Rows": 7310217, "Plan Width": 28, "Sort Key": ["orders.o_custkey"], "Plans": [{"Node Type": "Seq Scan", "Parent Relationship": "Outer", "Relation Name": "orders", "Alias": "orders", "Startup Cost": 385.28, "Total Cost": 463912.49, "Plan Rows": 7310217, "Plan Width": 28, "Filter": "(o_orderdate < '1995-03-13 00:00:00'::timestamp(0) without time zone), (LLVM Optimized)"}]}]}]}, {"Node Type": "Sort", "Parent Relationship": "Inner", "Startup Cost": 6235568.32, "Total Cost": 6317111.33, "Plan Rows": 32617206, "Plan Width": 24, "Sort Key": ["lineitem.l_orderkey"], "Plans": [{"Node Type": "Seq Scan", "Parent Relationship": "Outer", "Relation Name": "lineitem", "Alias": "lineitem", "Startup Cost": 0.0, "Total Cost": 2165082.91, "Plan Rows": 32617206, "Plan Width": 24, "Filter": "(l_shipdate > '1995-03-13 00:00:00'::timestamp(0) without time zone), (LLVM Optimized)"}]}]}]}]}]}, "Unique SQL Id": 3929762122, "Planner Runtime": 1}, "explain_analyze_plan": null}, "(16, '91')": {"explain_plan": {"Plan": {"Node Type": "Limit", "Startup Cost": 3000459122385.72, "Total Cost": 3000459122385.74, "Plan Rows": 10, "Plan Width": 44, "Plans": [{"Node Type": "Sort", "Parent Relationship": "Outer", "Startup Cost": 3000459122385.72, "Total Cost": 3000459131283.84, "Plan Rows": 10, "Plan Width": 44, "Sort Key": ["(sum((lineitem.l_extendedprice * (1::double precision - lineitem.l_discount)))) DESC", "orders.o_orderdate"], "Plans": [{"Node Type": "Aggregate", "Strategy": "Hashed", "Parent Relationship": "Outer", "Startup Cost": 3000459009879.2, "Total Cost": 3000459045471.67, "Plan Rows": 3559247, "Plan Width": 44, "Group By Key": ["lineitem.l_orderkey", "orders.o_orderdate", "orders.o_shippriority"], "Plans": [{"Node Type": "Merge Join", "Parent Relationship": "Outer", "Join Type": "Inner", "Startup Cost": 2010135976480.1, "Total Cost": 3000458956490.5, "Plan Rows": 3559247, "Plan Width": 36, "Inner Unique": false, "Merge Cond": "(orders.o_orderkey = lineitem.l_orderkey)", "Plans": [{"Node Type": "Sort", "Parent Relationship": "Outer", "Startup Cost": 2000135976479.97, "Total Cost": 2000135978269.4, "Plan Rows": 715772, "Plan Width": 20, "Sort Key": ["orders.o_orderkey"], "Plans": [{"Node Type": "Merge Join", "Parent Relationship": "Outer", "Join Type": "Inner", "Startup Cost": 20026057311.18, "Total Cost": 2000135906874.22, "Plan Rows": 715772, "Plan Width": 20, "Inner Unique": false, "Merge Cond": "(customer.c_custkey = orders.o_custkey)", "Plans": [{"Node Type": "Index Scan", "Parent Relationship": "Outer", "Scan Direction": "Forward", "Index Name": "customer_pkey", "Relation Name": "customer", "Alias": "customer", "Startup Cost": 10000000000.0, "Total Cost": 1000008451535.62, "Plan Rows": 303948, "Plan Width": 8, "Filter": "(c_mktsegment = 'AUTOMOBILE'::bpchar), (LLVM Optimized)"}, {"Node Type": "Index Scan", "Parent Relationship": "Inner", "Scan Direction": "Forward", "Index Name": "idx_orders_custkey", "Relation Name": "orders", "Alias": "orders", "Startup Cost": 10000000000.0, "Total Cost": 1000159801398.83, "Plan Rows": 7310217, "Plan Width": 28, "Filter": "(o_orderdate < '1995-03-13 00:00:00'::timestamp(0) without time zone), (LLVM Optimized)"}]}]}, {"Node Type": "Index Scan", "Parent Relationship": "Inner", "Scan Direction": "Forward", "Index Name": "idx_lineitem_orderkey", "Relation Name": "lineitem", "Alias": "lineitem", "Startup Cost": 10000000000.0, "Total Cost": 1000339012132.75, "Plan Rows": 32617206, "Plan Width": 24, "Filter": "(l_shipdate > '1995-03-13 00:00:00'::timestamp(0) without time zone), (LLVM Optimized)"}]}]}]}]}, "Unique SQL Id": 3929762122, "Planner Runtime": 1}, "explain_analyze_plan": null}, "(16, '92')": {"explain_plan": {"Plan": {"Node Type": "Limit", "Startup Cost": 2596753.82, "Total Cost": 2596753.85, "Plan Rows": 10, "Plan Width": 44, "Plans": [{"Node Type": "Sort", "Parent Relationship": "Outer", "Startup Cost": 2596753.82, "Total Cost": 2605651.94, "Plan Rows": 10, "Plan Width": 44, "Sort Key": ["(sum((lineitem.l_extendedprice * (1::double precision - lineitem.l_discount)))) DESC", "orders.o_orderdate"], "Plans": [{"Node Type": "Aggregate", "Strategy": "Hashed", "Parent Relationship": "Outer", "Startup Cost": 2484247.3, "Total Cost": 2519839.77, "Plan Rows": 3559247, "Plan Width": 44, "Group By Key": ["lineitem.l_orderkey", "orders.o_orderdate", "orders.o_shippriority"], "Plans": [{"Node Type": "Nested Loop", "Parent Relationship": "Outer", "Join Type": "Inner", "Startup Cost": 1297333.67, "Total Cost": 2430858.6, "Plan Rows": 3559247, "Plan Width": 36, "Inner Unique": false, "Plans": [{"Node Type": "Merge Join", "Parent Relationship": "Outer", "Join Type": "Inner", "Startup Cost": 1297333.67, "Total Cost": 1426314.26, "Plan Rows": 715772, "Plan Width": 20, "Inner Unique": false, "Merge Cond": "(customer.c_custkey = orders.o_custkey)", "Plans": [{"Node Type": "Index Scan", "Parent Relationship": "Outer", "Scan Direction": "Forward", "Index Name": "customer_pkey", "Relation Name": "customer", "Alias": "customer", "Startup Cost": 0.0, "Total Cost": 84515.36, "Plan Rows": 303948, "Plan Width": 8, "Filter": "(c_mktsegment = 'AUTOMOBILE'::bpchar), (LLVM Optimized)"}, {"Node Type": "Sort", "Parent Relationship": "Inner", "Startup Cost": 1297331.42, "Total Cost": 1315606.97, "Plan Rows": 7310217, "Plan Width": 28, "Sort Key": ["orders.o_custkey"], "Plans": [{"Node Type": "Seq Scan", "Parent Relationship": "Outer", "Relation Name": "orders", "Alias": "orders", "Startup Cost": 385.28, "Total Cost": 463912.49, "Plan Rows": 7310217, "Plan Width": 28, "Filter": "(o_orderdate < '1995-03-13 00:00:00'::timestamp(0) without time zone), (LLVM Optimized)"}]}]}, {"Node Type": "Index Scan", "Parent Relationship": "Inner", "Scan Direction": "Forward", "Index Name": "idx_lineitem_orderkey", "Relation Name": "lineitem", "Alias": "lineitem", "Startup Cost": 0.0, "Total Cost": 1.35, "Plan Rows": 5, "Plan Width": 24, "Index Cond": "(l_orderkey = orders.o_orderkey)", "Filter": "(l_shipdate > '1995-03-13 00:00:00'::timestamp(0) without time zone)"}]}]}]}]}, "Unique SQL Id": 3929762122, "Planner Runtime": 1}, "explain_analyze_plan": {"Plan": {"Node Type": "Limit", "Startup Cost": 2596753.82, "Total Cost": 2596753.85, "Plan Rows": 10, "Plan Width": 44, "Actual Startup Time": 31187.624, "Actual Total Time": 31187.626, "Actual Rows": 10, "Actual Loops": 1, "Plans": [{"Node Type": "Sort", "Parent Relationship": "Outer", "Startup Cost": 2596753.82, "Total Cost": 2605651.94, "Plan Rows": 10, "Plan Width": 44, "Actual Startup Time": 31187.621, "Actual Total Time": 31187.623, "Actual Rows": 10, "Actual Loops": 1, "Sort Key": ["(sum((lineitem.l_extendedprice * (1::double precision - lineitem.l_discount)))) DESC", "orders.o_orderdate"], "Sort Method": "top-N heapsort", "Sort Space Used": 26, "Sort Space Type": "Memory", "Plans": [{"Node Type": "Aggregate", "Strategy": "Hashed", "Parent Relationship": "Outer", "Startup Cost": 2484247.3, "Total Cost": 2519839.77, "Plan Rows": 3559247, "Plan Width": 44, "Actual Startup Time": 31079.762, "Actual Total Time": 31159.951, "Actual Rows": 113719, "Actual Loops": 1, "Group By Key": ["lineitem.l_orderkey", "orders.o_orderdate", "orders.o_shippriority"], "Plans": [{"Node Type": "Nested Loop", "Parent Relationship": "Outer", "Join Type": "Inner", "Startup Cost": 1297333.67, "Total Cost": 2430858.6, "Plan Rows": 3559247, "Plan Width": 36, "Actual Startup Time": 8453.434, "Actual Total Time": 30757.696, "Actual Rows": 300219, "Actual Loops": 1, "Inner Unique": false, "Plans": [{"Node Type": "Merge Join", "Parent Relationship": "Outer", "Join Type": "Inner", "Startup Cost": 1297333.67, "Total Cost": 1426314.26, "Plan Rows": 715772, "Plan Width": 20, "Actual Startup Time": 8453.085, "Actual Total Time": 13444.336, "Actual Rows": 1455173, "Actual Loops": 1, "Inner Unique": false, "Merge Cond": "(customer.c_custkey = orders.o_custkey)", "Plans": [{"Node Type": "Index Scan", "Parent Relationship": "Outer", "Scan Direction": "Forward", "Index Name": "customer_pkey", "Relation Name": "customer", "Alias": "customer", "Startup Cost": 0.0, "Total Cost": 84515.36, "Plan Rows": 303948, "Plan Width": 8, "Actual Startup Time": 0.072, "Actual Total Time": 1136.376, "Actual Rows": 300036, "Actual Loops": 1, "Filter": "(c_mktsegment = 'AUTOMOBILE'::bpchar), (LLVM Optimized, Jit Execute)", "Rows Removed by Filter": 1199964}, {"Node Type": "Sort", "Parent Relationship": "Inner", "Startup Cost": 1297331.42, "Total Cost": 1315606.97, "Plan Rows": 7310217, "Plan Width": 28, "Actual Startup Time": 8452.921, "Actual Total Time": 10889.098, "Actual Rows": 7276927, "Actual Loops": 1, "Sort Key": ["orders.o_custkey"], "Sort Method": "quicksort", "Sort Space Used": 878822, "Sort Space Type": "Memory", "Plans": [{"Node Type": "Seq Scan", "Parent Relationship": "Outer", "Relation Name": "orders", "Alias": "orders", "Startup Cost": 385.28, "Total Cost": 463912.49, "Plan Rows": 7310217, "Plan Width": 28, "Actual Startup Time": 0.027, "Actual Total Time": 5302.319, "Actual Rows": 7276947, "Actual Loops": 1, "Filter": "(o_orderdate < '1995-03-13 00:00:00'::timestamp(0) without time zone), (LLVM Optimized, Jit Execute)", "Rows Removed by Filter": 7723053}]}]}, {"Node Type": "Index Scan", "Parent Relationship": "Inner", "Scan Direction": "Forward", "Index Name": "idx_lineitem_orderkey", "Relation Name": "lineitem", "Alias": "lineitem", "Startup Cost": 0.0, "Total Cost": 1.35, "Plan Rows": 5, "Plan Width": 24, "Actual Startup Time": 16199.674, "Actual Total Time": 16487.459, "Actual Rows": 300219, "Actual Loops": 1455173, "Index Cond": "(l_orderkey = orders.o_orderkey)", "Rows Removed by Index Recheck": 0, "Filter": "(l_shipdate > '1995-03-13 00:00:00'::timestamp(0) without time zone)", "Rows Removed by Filter": 5519788}]}]}]}]}, "Triggers": [], "Planner Runtime": 1.165, "Total Runtime": 31197.251, "Unique SQL Id": 3929762122}}, "(16, '93')": {"explain_plan": {"Plan": {"Node Type": "Limit", "Startup Cost": 2699912.01, "Total Cost": 2699912.03, "Plan Rows": 10, "Plan Width": 44, "Plans": [{"Node Type": "Sort", "Parent Relationship": "Outer", "Startup Cost": 2699912.01, "Total Cost": 2708810.13, "Plan Rows": 10, "Plan Width": 44, "Sort Key": ["(sum((lineitem.l_extendedprice * (1::double precision - lineitem.l_discount)))) DESC", "orders.o_orderdate"], "Plans": [{"Node Type": "Aggregate", "Strategy": "Hashed", "Parent Relationship": "Outer", "Startup Cost": 2587405.49, "Total Cost": 2622997.96, "Plan Rows": 3559247, "Plan Width": 44, "Group By Key": ["lineitem.l_orderkey", "orders.o_orderdate", "orders.o_shippriority"], "Plans": [{"Node Type": "Nested Loop", "Parent Relationship": "Outer", "Join Type": "Inner", "Startup Cost": 0.0, "Total Cost": 2534016.78, "Plan Rows": 3559247, "Plan Width": 36, "Inner Unique": false, "Plans": [{"Node Type": "Nested Loop", "Parent Relationship": "Outer", "Join Type": "Inner", "Startup Cost": 0.0, "Total Cost": 1529472.45, "Plan Rows": 715772, "Plan Width": 20, "Inner Unique": false, "Plans": [{"Node Type": "Index Scan", "Parent Relationship": "Outer", "Scan Direction": "Forward", "Index Name": "customer_pkey", "Relation Name": "customer", "Alias": "customer", "Startup Cost": 0.0, "Total Cost": 84515.36, "Plan Rows": 303948, "Plan Width": 8, "Filter": "(c_mktsegment = 'AUTOMOBILE'::bpchar), (LLVM Optimized)"}, {"Node Type": "Index Scan", "Parent Relationship": "Inner", "Scan Direction": "Forward", "Index Name": "idx_orders_custkey", "Relation Name": "orders", "Alias": "orders", "Startup Cost": 0.0, "Total Cost": 4.73, "Plan Rows": 2, "Plan Width": 28, "Index Cond": "(o_custkey = customer.c_custkey)", "Filter": "(o_orderdate < '1995-03-13 00:00:00'::timestamp(0) without time zone)"}]}, {"Node Type": "Index Scan", "Parent Relationship": "Inner", "Scan Direction": "Forward", "Index Name": "idx_lineitem_orderkey", "Relation Name": "lineitem", "Alias": "lineitem", "Startup Cost": 0.0, "Total Cost": 1.35, "Plan Rows": 5, "Plan Width": 24, "Index Cond": "(l_orderkey = orders.o_orderkey)", "Filter": "(l_shipdate > '1995-03-13 00:00:00'::timestamp(0) without time zone)"}]}]}]}]}, "Unique SQL Id": 3929762122, "Planner Runtime": 1}, "explain_analyze_plan": {"Plan": {"Node Type": "Limit", "Startup Cost": 2699912.01, "Total Cost": 2699912.03, "Plan Rows": 10, "Plan Width": 44, "Actual Startup Time": 27778.236, "Actual Total Time": 27778.239, "Actual Rows": 10, "Actual Loops": 1, "Plans": [{"Node Type": "Sort", "Parent Relationship": "Outer", "Startup Cost": 2699912.01, "Total Cost": 2708810.13, "Plan Rows": 10, "Plan Width": 44, "Actual Startup Time": 27778.233, "Actual Total Time": 27778.235, "Actual Rows": 10, "Actual Loops": 1, "Sort Key": ["(sum((lineitem.l_extendedprice * (1::double precision - lineitem.l_discount)))) DESC", "orders.o_orderdate"], "Sort Method": "top-N heapsort", "Sort Space Used": 26, "Sort Space Type": "Memory", "Plans": [{"Node Type": "Aggregate", "Strategy": "Hashed", "Parent Relationship": "Outer", "Startup Cost": 2587405.49, "Total Cost": 2622997.96, "Plan Rows": 3559247, "Plan Width": 44, "Actual Startup Time": 27694.368, "Actual Total Time": 27751.144, "Actual Rows": 113719, "Actual Loops": 1, "Group By Key": ["lineitem.l_orderkey", "orders.o_orderdate", "orders.o_shippriority"], "Plans": [{"Node Type": "Nested Loop", "Parent Relationship": "Outer", "Join Type": "Inner", "Startup Cost": 0.0, "Total Cost": 2534016.78, "Plan Rows": 3559247, "Plan Width": 36, "Actual Startup Time": 0.221, "Actual Total Time": 27347.965, "Actual Rows": 300219, "Actual Loops": 1, "Inner Unique": false, "Plans": [{"Node Type": "Nested Loop", "Parent Relationship": "Outer", "Join Type": "Inner", "Startup Cost": 0.0, "Total Cost": 1529472.45, "Plan Rows": 715772, "Plan Width": 20, "Actual Startup Time": 0.102, "Actual Total Time": 9832.13, "Actual Rows": 1455173, "Actual Loops": 1, "Inner Unique": false, "Plans": [{"Node Type": "Index Scan", "Parent Relationship": "Outer", "Scan Direction": "Forward", "Index Name": "customer_pkey", "Relation Name": "customer", "Alias": "customer", "Startup Cost": 0.0, "Total Cost": 84515.36, "Plan Rows": 303948, "Plan Width": 8, "Actual Startup Time": 0.073, "Actual Total Time": 1122.937, "Actual Rows": 300036, "Actual Loops": 1, "Filter": "(c_mktsegment = 'AUTOMOBILE'::bpchar), (LLVM Optimized, Jit Execute)", "Rows Removed by Filter": 1199964}, {"Node Type": "Index Scan", "Parent Relationship": "Inner", "Scan Direction": "Forward", "Index Name": "idx_orders_custkey", "Relation Name": "orders", "Alias": "orders", "Startup Cost": 0.0, "Total Cost": 4.73, "Plan Rows": 2, "Plan Width": 28, "Actual Startup Time": 2071.576, "Actual Total Time": 8180.225, "Actual Rows": 1455173, "Actual Loops": 300036, "Index Cond": "(o_custkey = customer.c_custkey)", "Rows Removed by Index Recheck": 0, "Filter": "(o_orderdate < '1995-03-13 00:00:00'::timestamp(0) without time zone)", "Rows Removed by Filter": 1545367}]}, {"Node Type": "Index Scan", "Parent Relationship": "Inner", "Scan Direction": "Forward", "Index Name": "idx_lineitem_orderkey", "Relation Name": "lineitem", "Alias": "lineitem", "Startup Cost": 0.0, "Total Cost": 1.35, "Plan Rows": 5, "Plan Width": 24, "Actual Startup Time": 16408.608, "Actual Total Time": 16700.86, "Actual Rows": 300219, "Actual Loops": 1455173, "Index Cond": "(l_orderkey = orders.o_orderkey)", "Rows Removed by Index Recheck": 0, "Filter": "(l_shipdate > '1995-03-13 00:00:00'::timestamp(0) without time zone)", "Rows Removed by Filter": 5519788}]}]}]}]}, "Triggers": [], "Planner Runtime": 1.143, "Total Runtime": 27787.738, "Unique SQL Id": 3929762122}}, "(16, '94')": {"explain_plan": {"Plan": {"Node Type": "Limit", "Startup Cost": 8099438.49, "Total Cost": 8099438.52, "Plan Rows": 10, "Plan Width": 44, "Plans": [{"Node Type": "Sort", "Parent Relationship": "Outer", "Startup Cost": 8099438.49, "Total Cost": 8108336.61, "Plan Rows": 10, "Plan Width": 44, "Sort Key": ["(sum((lineitem.l_extendedprice * (1::double precision - lineitem.l_discount)))) DESC", "orders.o_orderdate"], "Plans": [{"Node Type": "Aggregate", "Strategy": "Hashed", "Parent Relationship": "Outer", "Startup Cost": 7986931.98, "Total Cost": 8022524.45, "Plan Rows": 3559247, "Plan Width": 44, "Group By Key": ["lineitem.l_orderkey", "orders.o_orderdate", "orders.o_shippriority"], "Plans": [{"Node Type": "Merge Join", "Parent Relationship": "Outer", "Join Type": "Inner", "Startup Cost": 7731288.7, "Total Cost": 7933543.27, "Plan Rows": 3559247, "Plan Width": 36, "Inner Unique": false, "Merge Cond": "(orders.o_orderkey = lineitem.l_orderkey)", "Plans": [{"Node Type": "Sort", "Parent Relationship": "Outer", "Startup Cost": 1495720.26, "Total Cost": 1497509.69, "Plan Rows": 715772, "Plan Width": 20, "Sort Key": ["orders.o_orderkey"], "Plans": [{"Node Type": "Merge Join", "Parent Relationship": "Outer", "Join Type": "Inner", "Startup Cost": 1380887.19, "Total Cost": 1426114.5, "Plan Rows": 715772, "Plan Width": 20, "Inner Unique": false, "Merge Cond": "(customer.c_custkey = orders.o_custkey)", "Plans": [{"Node Type": "Sort", "Parent Relationship": "Outer", "Startup Cost": 83555.73, "Total Cost": 84315.6, "Plan Rows": 303948, "Plan Width": 8, "Sort Key": ["customer.c_custkey"], "Plans": [{"Node Type": "Seq Scan", "Parent Relationship": "Outer", "Relation Name": "customer", "Alias": "customer", "Startup Cost": 0.0, "Total Cost": 55876.0, "Plan Rows": 303948, "Plan Width": 8, "Filter": "(c_mktsegment = 'AUTOMOBILE'::bpchar), (LLVM Optimized)"}]}, {"Node Type": "Sort", "Parent Relationship": "Inner", "Startup Cost": 1297331.42, "Total Cost": 1315606.97, "Plan Rows": 7310217, "Plan Width": 28, "Sort Key": ["orders.o_custkey"], "Plans": [{"Node Type": "Seq Scan", "Parent Relationship": "Outer", "Relation Name": "orders", "Alias": "orders", "Startup Cost": 385.28, "Total Cost": 463912.49, "Plan Rows": 7310217, "Plan Width": 28, "Filter": "(o_orderdate < '1995-03-13 00:00:00'::timestamp(0) without time zone), (LLVM Optimized)"}]}]}]}, {"Node Type": "Sort", "Parent Relationship": "Inner", "Startup Cost": 6235568.32, "Total Cost": 6317111.33, "Plan Rows": 32617206, "Plan Width": 24, "Sort Key": ["lineitem.l_orderkey"], "Plans": [{"Node Type": "Seq Scan", "Parent Relationship": "Outer", "Relation Name": "lineitem", "Alias": "lineitem", "Startup Cost": 0.0, "Total Cost": 2165082.91, "Plan Rows": 32617206, "Plan Width": 24, "Filter": "(l_shipdate > '1995-03-13 00:00:00'::timestamp(0) without time zone), (LLVM Optimized)"}]}]}]}]}]}, "Unique SQL Id": 3929762122, "Planner Runtime": 1}, "explain_analyze_plan": null}, "(16, '95')": {"explain_plan": {"Plan": {"Node Type": "Limit", "Startup Cost": 3000459122385.72, "Total Cost": 3000459122385.74, "Plan Rows": 10, "Plan Width": 44, "Plans": [{"Node Type": "Sort", "Parent Relationship": "Outer", "Startup Cost": 3000459122385.72, "Total Cost": 3000459131283.84, "Plan Rows": 10, "Plan Width": 44, "Sort Key": ["(sum((lineitem.l_extendedprice * (1::double precision - lineitem.l_discount)))) DESC", "orders.o_orderdate"], "Plans": [{"Node Type": "Aggregate", "Strategy": "Hashed", "Parent Relationship": "Outer", "Startup Cost": 3000459009879.2, "Total Cost": 3000459045471.67, "Plan Rows": 3559247, "Plan Width": 44, "Group By Key": ["lineitem.l_orderkey", "orders.o_orderdate", "orders.o_shippriority"], "Plans": [{"Node Type": "Merge Join", "Parent Relationship": "Outer", "Join Type": "Inner", "Startup Cost": 2010135976480.1, "Total Cost": 3000458956490.5, "Plan Rows": 3559247, "Plan Width": 36, "Inner Unique": false, "Merge Cond": "(orders.o_orderkey = lineitem.l_orderkey)", "Plans": [{"Node Type": "Sort", "Parent Relationship": "Outer", "Startup Cost": 2000135976479.97, "Total Cost": 2000135978269.4, "Plan Rows": 715772, "Plan Width": 20, "Sort Key": ["orders.o_orderkey"], "Plans": [{"Node Type": "Merge Join", "Parent Relationship": "Outer", "Join Type": "Inner", "Startup Cost": 20026057311.18, "Total Cost": 2000135906874.22, "Plan Rows": 715772, "Plan Width": 20, "Inner Unique": false, "Merge Cond": "(customer.c_custkey = orders.o_custkey)", "Plans": [{"Node Type": "Index Scan", "Parent Relationship": "Outer", "Scan Direction": "Forward", "Index Name": "customer_pkey", "Relation Name": "customer", "Alias": "customer", "Startup Cost": 10000000000.0, "Total Cost": 1000008451535.62, "Plan Rows": 303948, "Plan Width": 8, "Filter": "(c_mktsegment = 'AUTOMOBILE'::bpchar), (LLVM Optimized)"}, {"Node Type": "Index Scan", "Parent Relationship": "Inner", "Scan Direction": "Forward", "Index Name": "idx_orders_custkey", "Relation Name": "orders", "Alias": "orders", "Startup Cost": 10000000000.0, "Total Cost": 1000159801398.83, "Plan Rows": 7310217, "Plan Width": 28, "Filter": "(o_orderdate < '1995-03-13 00:00:00'::timestamp(0) without time zone), (LLVM Optimized)"}]}]}, {"Node Type": "Index Scan", "Parent Relationship": "Inner", "Scan Direction": "Forward", "Index Name": "idx_lineitem_orderkey", "Relation Name": "lineitem", "Alias": "lineitem", "Startup Cost": 10000000000.0, "Total Cost": 1000339012132.75, "Plan Rows": 32617206, "Plan Width": 24, "Filter": "(l_shipdate > '1995-03-13 00:00:00'::timestamp(0) without time zone), (LLVM Optimized)"}]}]}]}]}, "Unique SQL Id": 3929762122, "Planner Runtime": 1}, "explain_analyze_plan": null}, "(16, '96')": {"explain_plan": {"Plan": {"Node Type": "Limit", "Startup Cost": 1728598.43, "Total Cost": 1728598.46, "Plan Rows": 10, "Plan Width": 44, "Plans": [{"Node Type": "Sort", "Parent Relationship": "Outer", "Startup Cost": 1728598.43, "Total Cost": 1737496.55, "Plan Rows": 10, "Plan Width": 44, "Sort Key": ["(sum((lineitem.l_extendedprice * (1::double precision - lineitem.l_discount)))) DESC", "orders.o_orderdate"], "Plans": [{"Node Type": "Aggregate", "Strategy": "Hashed", "Parent Relationship": "Outer", "Startup Cost": 1616091.91, "Total Cost": 1651684.38, "Plan Rows": 3559247, "Plan Width": 44, "Group By Key": ["lineitem.l_orderkey", "orders.o_orderdate", "orders.o_shippriority"], "Plans": [{"Node Type": "Nested Loop", "Parent Relationship": "Outer", "Join Type": "Inner", "Startup Cost": 60060.63, "Total Cost": 1562703.21, "Plan Rows": 3559247, "Plan Width": 36, "Inner Unique": false, "Plans": [{"Node Type": "Hash Join", "Parent Relationship": "Outer", "Join Type": "Inner", "Startup Cost": 60060.63, "Total Cost": 558158.87, "Plan Rows": 715772, "Plan Width": 20, "Inner Unique": true, "Hash Cond": "(orders.o_custkey = customer.c_custkey), (LLVM Optimized)", "Plans": [{"Node Type": "Seq Scan", "Parent Relationship": "Outer", "Relation Name": "orders", "Alias": "orders", "Startup Cost": 385.28, "Total Cost": 463912.49, "Plan Rows": 7310217, "Plan Width": 28, "Filter": "(o_orderdate < '1995-03-13 00:00:00'::timestamp(0) without time zone), (LLVM Optimized)"}, {"Node Type": "Hash", "Parent Relationship": "Inner", "Startup Cost": 55876.0, "Total Cost": 55876.0, "Plan Rows": 303948, "Plan Width": 8, "Plans": [{"Node Type": "Seq Scan", "Parent Relationship": "Outer", "Relation Name": "customer", "Alias": "customer", "Startup Cost": 0.0, "Total Cost": 55876.0, "Plan Rows": 303948, "Plan Width": 8, "Filter": "(c_mktsegment = 'AUTOMOBILE'::bpchar), (LLVM Optimized)"}]}]}, {"Node Type": "Index Scan", "Parent Relationship": "Inner", "Scan Direction": "Forward", "Index Name": "idx_lineitem_orderkey", "Relation Name": "lineitem", "Alias": "lineitem", "Startup Cost": 0.0, "Total Cost": 1.35, "Plan Rows": 5, "Plan Width": 24, "Index Cond": "(l_orderkey = orders.o_orderkey)", "Filter": "(l_shipdate > '1995-03-13 00:00:00'::timestamp(0) without time zone)"}]}]}]}]}, "Unique SQL Id": 3929762122, "Planner Runtime": 0}, "explain_analyze_plan": {"Plan": {"Node Type": "Limit", "Startup Cost": 1728598.43, "Total Cost": 1728598.46, "Plan Rows": 10, "Plan Width": 44, "Actual Startup Time": 21057.673, "Actual Total Time": 21057.676, "Actual Rows": 10, "Actual Loops": 1, "Plans": [{"Node Type": "Sort", "Parent Relationship": "Outer", "Startup Cost": 1728598.43, "Total Cost": 1737496.55, "Plan Rows": 10, "Plan Width": 44, "Actual Startup Time": 21057.669, "Actual Total Time": 21057.671, "Actual Rows": 10, "Actual Loops": 1, "Sort Key": ["(sum((lineitem.l_extendedprice * (1::double precision - lineitem.l_discount)))) DESC", "orders.o_orderdate"], "Sort Method": "top-N heapsort", "Sort Space Used": 26, "Sort Space Type": "Memory", "Plans": [{"Node Type": "Aggregate", "Strategy": "Hashed", "Parent Relationship": "Outer", "Startup Cost": 1616091.91, "Total Cost": 1651684.38, "Plan Rows": 3559247, "Plan Width": 44, "Actual Startup Time": 20966.575, "Actual Total Time": 21030.343, "Actual Rows": 113719, "Actual Loops": 1, "Group By Key": ["lineitem.l_orderkey", "orders.o_orderdate", "orders.o_shippriority"], "Plans": [{"Node Type": "Nested Loop", "Parent Relationship": "Outer", "Join Type": "Inner", "Startup Cost": 60060.63, "Total Cost": 1562703.21, "Plan Rows": 3559247, "Plan Width": 36, "Actual Startup Time": 763.259, "Actual Total Time": 20649.316, "Actual Rows": 300219, "Actual Loops": 1, "Inner Unique": false, "Plans": [{"Node Type": "Hash Join", "Parent Relationship": "Outer", "Join Type": "Inner", "Startup Cost": 60060.63, "Total Cost": 558158.87, "Plan Rows": 715772, "Plan Width": 20, "Actual Startup Time": 763.021, "Actual Total Time": 8834.817, "Actual Rows": 1455173, "Actual Loops": 1, "Inner Unique": true, "Hash Cond": "(orders.o_custkey = customer.c_custkey), (LLVM Optimized, Jit Execute)", "Plans": [{"Node Type": "Seq Scan", "Parent Relationship": "Outer", "Relation Name": "orders", "Alias": "orders", "Startup Cost": 385.28, "Total Cost": 463912.49, "Plan Rows": 7310217, "Plan Width": 28, "Actual Startup Time": 0.045, "Actual Total Time": 4909.997, "Actual Rows": 7276947, "Actual Loops": 1, "Filter": "(o_orderdate < '1995-03-13 00:00:00'::timestamp(0) without time zone), (LLVM Optimized, Jit Execute)", "Rows Removed by Filter": 7723053}, {"Node Type": "Hash", "Parent Relationship": "Inner", "Startup Cost": 55876.0, "Total Cost": 55876.0, "Plan Rows": 303948, "Plan Width": 8, "Actual Startup Time": 762.556, "Actual Total Time": 762.556, "Actual Rows": 300036, "Actual Loops": 1, "Hash Buckets": 524288, "Hash Batches": 1, "Original Hash Batches": 1, "Peak Memory Usage": 11721, "Plans": [{"Node Type": "Seq Scan", "Parent Relationship": "Outer", "Relation Name": "customer", "Alias": "customer", "Startup Cost": 0.0, "Total Cost": 55876.0, "Plan Rows": 303948, "Plan Width": 8, "Actual Startup Time": 0.031, "Actual Total Time": 648.707, "Actual Rows": 300036, "Actual Loops": 1, "Filter": "(c_mktsegment = 'AUTOMOBILE'::bpchar), (LLVM Optimized, Jit Execute)", "Rows Removed by Filter": 1199964}]}]}, {"Node Type": "Index Scan", "Parent Relationship": "Inner", "Scan Direction": "Forward", "Index Name": "idx_lineitem_orderkey", "Relation Name": "lineitem", "Alias": "lineitem", "Startup Cost": 0.0, "Total Cost": 1.35, "Plan Rows": 5, "Plan Width": 24, "Actual Startup Time": 10726.875, "Actual Total Time": 11015.442, "Actual Rows": 300219, "Actual Loops": 1455173, "Index Cond": "(l_orderkey = orders.o_orderkey)", "Rows Removed by Index Recheck": 0, "Filter": "(l_shipdate > '1995-03-13 00:00:00'::timestamp(0) without time zone)", "Rows Removed by Filter": 5519788}]}]}]}]}, "Triggers": [], "Planner Runtime": 1.214, "Total Runtime": 21067.656, "Unique SQL Id": 3929762122}}, "(16, '97')": {"explain_plan": {"Plan": {"Node Type": "Limit", "Startup Cost": 1829820.45, "Total Cost": 1829820.47, "Plan Rows": 10, "Plan Width": 44, "Plans": [{"Node Type": "Sort", "Parent Relationship": "Outer", "Startup Cost": 1829820.45, "Total Cost": 1838718.56, "Plan Rows": 10, "Plan Width": 44, "Sort Key": ["(sum((lineitem.l_extendedprice * (1::double precision - lineitem.l_discount)))) DESC", "orders.o_orderdate"], "Plans": [{"Node Type": "Aggregate", "Strategy": "Hashed", "Parent Relationship": "Outer", "Startup Cost": 1717313.93, "Total Cost": 1752906.4, "Plan Rows": 3559247, "Plan Width": 44, "Group By Key": ["lineitem.l_orderkey", "orders.o_orderdate", "orders.o_shippriority"], "Plans": [{"Node Type": "Nested Loop", "Parent Relationship": "Outer", "Join Type": "Inner", "Startup Cost": 257013.14, "Total Cost": 1663925.22, "Plan Rows": 3559247, "Plan Width": 36, "Inner Unique": false, "Plans": [{"Node Type": "Hash Join", "Parent Relationship": "Outer", "Join Type": "Inner", "Startup Cost": 257013.14, "Total Cost": 659380.88, "Plan Rows": 715772, "Plan Width": 20, "Inner Unique": true, "Hash Cond": "(orders.o_custkey = customer.c_custkey), (LLVM Optimized)", "Plans": [{"Node Type": "Bitmap Heap Scan", "Parent Relationship": "Outer", "Relation Name": "orders", "Alias": "orders", "Startup Cost": 168698.43, "Total Cost": 536495.14, "Plan Rows": 7310217, "Plan Width": 28, "Recheck Cond": "(o_orderdate < '1995-03-13 00:00:00'::timestamp(0) without time zone), (LLVM Optimized)", "Plans": [{"Node Type": "Bitmap Index Scan", "Parent Relationship": "Outer", "Index Name": "idx_orders_orderdate", "Startup Cost": 0.0, "Total Cost": 166870.88, "Plan Rows": 7310217, "Plan Width": 0, "Index Cond": "(o_orderdate < '1995-03-13 00:00:00'::timestamp(0) without time zone)"}]}, {"Node Type": "Hash", "Parent Relationship": "Inner", "Startup Cost": 84515.36, "Total Cost": 84515.36, "Plan Rows": 303948, "Plan Width": 8, "Plans": [{"Node Type": "Index Scan", "Parent Relationship": "Outer", "Scan Direction": "Forward", "Index Name": "customer_pkey", "Relation Name": "customer", "Alias": "customer", "Startup Cost": 0.0, "Total Cost": 84515.36, "Plan Rows": 303948, "Plan Width": 8, "Filter": "(c_mktsegment = 'AUTOMOBILE'::bpchar), (LLVM Optimized)"}]}]}, {"Node Type": "Index Scan", "Parent Relationship": "Inner", "Scan Direction": "Forward", "Index Name": "idx_lineitem_orderkey", "Relation Name": "lineitem", "Alias": "lineitem", "Startup Cost": 0.0, "Total Cost": 1.35, "Plan Rows": 5, "Plan Width": 24, "Index Cond": "(l_orderkey = orders.o_orderkey)", "Filter": "(l_shipdate > '1995-03-13 00:00:00'::timestamp(0) without time zone)"}]}]}]}]}, "Unique SQL Id": 3929762122, "Planner Runtime": 0}, "explain_analyze_plan": {"Plan": {"Node Type": "Limit", "Startup Cost": 1829820.45, "Total Cost": 1829820.47, "Plan Rows": 10, "Plan Width": 44, "Actual Startup Time": 22258.734, "Actual Total Time": 22258.737, "Actual Rows": 10, "Actual Loops": 1, "Plans": [{"Node Type": "Sort", "Parent Relationship": "Outer", "Startup Cost": 1829820.45, "Total Cost": 1838718.56, "Plan Rows": 10, "Plan Width": 44, "Actual Startup Time": 22258.732, "Actual Total Time": 22258.733, "Actual Rows": 10, "Actual Loops": 1, "Sort Key": ["(sum((lineitem.l_extendedprice * (1::double precision - lineitem.l_discount)))) DESC", "orders.o_orderdate"], "Sort Method": "top-N heapsort", "Sort Space Used": 26, "Sort Space Type": "Memory", "Plans": [{"Node Type": "Aggregate", "Strategy": "Hashed", "Parent Relationship": "Outer", "Startup Cost": 1717313.93, "Total Cost": 1752906.4, "Plan Rows": 3559247, "Plan Width": 44, "Actual Startup Time": 22173.758, "Actual Total Time": 22231.615, "Actual Rows": 113719, "Actual Loops": 1, "Group By Key": ["lineitem.l_orderkey", "orders.o_orderdate", "orders.o_shippriority"], "Plans": [{"Node Type": "Nested Loop", "Parent Relationship": "Outer", "Join Type": "Inner", "Startup Cost": 257013.14, "Total Cost": 1663925.22, "Plan Rows": 3559247, "Plan Width": 36, "Actual Startup Time": 2984.674, "Actual Total Time": 21881.489, "Actual Rows": 300219, "Actual Loops": 1, "Inner Unique": false, "Plans": [{"Node Type": "Hash Join", "Parent Relationship": "Outer", "Join Type": "Inner", "Startup Cost": 257013.14, "Total Cost": 659380.88, "Plan Rows": 715772, "Plan Width": 20, "Actual Startup Time": 2984.449, "Actual Total Time": 9955.282, "Actual Rows": 1455173, "Actual Loops": 1, "Inner Unique": true, "Hash Cond": "(orders.o_custkey = customer.c_custkey), (LLVM Optimized, Jit Execute)", "Plans": [{"Node Type": "Bitmap Heap Scan", "Parent Relationship": "Outer", "Relation Name": "orders", "Alias": "orders", "Startup Cost": 168698.43, "Total Cost": 536495.14, "Plan Rows": 7310217, "Plan Width": 28, "Actual Startup Time": 1860.45, "Actual Total Time": 5689.544, "Actual Rows": 7276947, "Actual Loops": 1, "Recheck Cond": "(o_orderdate < '1995-03-13 00:00:00'::timestamp(0) without time zone), (LLVM Optimized, Jit Execute)", "Rows Removed by Index Recheck": 0, "Exact Heap Blocks": 276419, "Lossy Heap Blocks": 276419, "Plans": [{"Node Type": "Bitmap Index Scan", "Parent Relationship": "Outer", "Index Name": "idx_orders_orderdate", "Startup Cost": 0.0, "Total Cost": 166870.88, "Plan Rows": 7310217, "Plan Width": 0, "Actual Startup Time": 1772.184, "Actual Total Time": 1772.184, "Actual Rows": 7276947, "Actual Loops": 1, "Index Cond": "(o_orderdate < '1995-03-13 00:00:00'::timestamp(0) without time zone)"}]}, {"Node Type": "Hash", "Parent Relationship": "Inner", "Startup Cost": 84515.36, "Total Cost": 84515.36, "Plan Rows": 303948, "Plan Width": 8, "Actual Startup Time": 1123.612, "Actual Total Time": 1123.612, "Actual Rows": 300036, "Actual Loops": 1, "Hash Buckets": 524288, "Hash Batches": 1, "Original Hash Batches": 1, "Peak Memory Usage": 11721, "Plans": [{"Node Type": "Index Scan", "Parent Relationship": "Outer", "Scan Direction": "Forward", "Index Name": "customer_pkey", "Relation Name": "customer", "Alias": "customer", "Startup Cost": 0.0, "Total Cost": 84515.36, "Plan Rows": 303948, "Plan Width": 8, "Actual Startup Time": 0.065, "Actual Total Time": 1011.283, "Actual Rows": 300036, "Actual Loops": 1, "Filter": "(c_mktsegment = 'AUTOMOBILE'::bpchar), (LLVM Optimized, Jit Execute)", "Rows Removed by Filter": 1199964}]}]}, {"Node Type": "Index Scan", "Parent Relationship": "Inner", "Scan Direction": "Forward", "Index Name": "idx_lineitem_orderkey", "Relation Name": "lineitem", "Alias": "lineitem", "Startup Cost": 0.0, "Total Cost": 1.35, "Plan Rows": 5, "Plan Width": 24, "Actual Startup Time": 10827.429, "Actual Total Time": 11122.722, "Actual Rows": 300219, "Actual Loops": 1455173, "Index Cond": "(l_orderkey = orders.o_orderkey)", "Rows Removed by Index Recheck": 0, "Filter": "(l_shipdate > '1995-03-13 00:00:00'::timestamp(0) without time zone)", "Rows Removed by Filter": 5519788}]}]}]}]}, "Triggers": [], "Planner Runtime": 1.356, "Total Runtime": 22269.035, "Unique SQL Id": 3929762122}}, "(16, '98')": {"explain_plan": {"Plan": {"Node Type": "Limit", "Startup Cost": 3055991.15, "Total Cost": 3055991.17, "Plan Rows": 10, "Plan Width": 44, "Plans": [{"Node Type": "Sort", "Parent Relationship": "Outer", "Startup Cost": 3055991.15, "Total Cost": 3064889.27, "Plan Rows": 10, "Plan Width": 44, "Sort Key": ["(sum((lineitem.l_extendedprice * (1::double precision - lineitem.l_discount)))) DESC", "orders.o_orderdate"], "Plans": [{"Node Type": "Aggregate", "Strategy": "Hashed", "Parent Relationship": "Outer", "Startup Cost": 2943484.63, "Total Cost": 2979077.1, "Plan Rows": 3559247, "Plan Width": 44, "Group By Key": ["lineitem.l_orderkey", "orders.o_orderdate", "orders.o_shippriority"], "Plans": [{"Node Type": "Hash Join", "Parent Relationship": "Outer", "Join Type": "Inner", "Startup Cost": 567106.02, "Total Cost": 2890095.93, "Plan Rows": 3559247, "Plan Width": 36, "Inner Unique": false, "Hash Cond": "(lineitem.l_orderkey = orders.o_orderkey), (LLVM Optimized)", "Plans": [{"Node Type": "Seq Scan", "Parent Relationship": "Outer", "Relation Name": "lineitem", "Alias": "lineitem", "Startup Cost": 0.0, "Total Cost": 2165082.91, "Plan Rows": 32617206, "Plan Width": 24, "Filter": "(l_shipdate > '1995-03-13 00:00:00'::timestamp(0) without time zone), (LLVM Optimized)"}, {"Node Type": "Hash", "Parent Relationship": "Inner", "Startup Cost": 558158.87, "Total Cost": 558158.87, "Plan Rows": 715772, "Plan Width": 20, "Plans": [{"Node Type": "Hash Join", "Parent Relationship": "Outer", "Join Type": "Inner", "Startup Cost": 60060.63, "Total Cost": 558158.87, "Plan Rows": 715772, "Plan Width": 20, "Inner Unique": true, "Hash Cond": "(orders.o_custkey = customer.c_custkey), (LLVM Optimized)", "Plans": [{"Node Type": "Seq Scan", "Parent Relationship": "Outer", "Relation Name": "orders", "Alias": "orders", "Startup Cost": 385.28, "Total Cost": 463912.49, "Plan Rows": 7310217, "Plan Width": 28, "Filter": "(o_orderdate < '1995-03-13 00:00:00'::timestamp(0) without time zone), (LLVM Optimized)"}, {"Node Type": "Hash", "Parent Relationship": "Inner", "Startup Cost": 55876.0, "Total Cost": 55876.0, "Plan Rows": 303948, "Plan Width": 8, "Plans": [{"Node Type": "Seq Scan", "Parent Relationship": "Outer", "Relation Name": "customer", "Alias": "customer", "Startup Cost": 0.0, "Total Cost": 55876.0, "Plan Rows": 303948, "Plan Width": 8, "Filter": "(c_mktsegment = 'AUTOMOBILE'::bpchar), (LLVM Optimized)"}]}]}]}]}]}]}]}, "Unique SQL Id": 3929762122, "Planner Runtime": 0}, "explain_analyze_plan": {"Plan": {"Node Type": "Limit", "Startup Cost": 3055991.15, "Total Cost": 3055991.17, "Plan Rows": 10, "Plan Width": 44, "Actual Startup Time": 39713.629, "Actual Total Time": 39713.634, "Actual Rows": 10, "Actual Loops": 1, "Plans": [{"Node Type": "Sort", "Parent Relationship": "Outer", "Startup Cost": 3055991.15, "Total Cost": 3064889.27, "Plan Rows": 10, "Plan Width": 44, "Actual Startup Time": 39713.626, "Actual Total Time": 39713.628, "Actual Rows": 10, "Actual Loops": 1, "Sort Key": ["(sum((lineitem.l_extendedprice * (1::double precision - lineitem.l_discount)))) DESC", "orders.o_orderdate"], "Sort Method": "top-N heapsort", "Sort Space Used": 26, "Sort Space Type": "Memory", "Plans": [{"Node Type": "Aggregate", "Strategy": "Hashed", "Parent Relationship": "Outer", "Startup Cost": 2943484.63, "Total Cost": 2979077.1, "Plan Rows": 3559247, "Plan Width": 44, "Actual Startup Time": 39626.411, "Actual Total Time": 39686.275, "Actual Rows": 113719, "Actual Loops": 1, "Group By Key": ["lineitem.l_orderkey", "orders.o_orderdate", "orders.o_shippriority"], "Plans": [{"Node Type": "Hash Join", "Parent Relationship": "Outer", "Join Type": "Inner", "Startup Cost": 567106.02, "Total Cost": 2890095.93, "Plan Rows": 3559247, "Plan Width": 36, "Actual Startup Time": 9131.902, "Actual Total Time": 39338.873, "Actual Rows": 300219, "Actual Loops": 1, "Inner Unique": false, "Hash Cond": "(lineitem.l_orderkey = orders.o_orderkey), (LLVM Optimized, Jit Execute)", "Plans": [{"Node Type": "Seq Scan", "Parent Relationship": "Outer", "Relation Name": "lineitem", "Alias": "lineitem", "Startup Cost": 0.0, "Total Cost": 2165082.91, "Plan Rows": 32617206, "Plan Width": 24, "Actual Startup Time": 0.053, "Actual Total Time": 21301.113, "Actual Rows": 32384344, "Actual Loops": 1, "Filter": "(l_shipdate > '1995-03-13 00:00:00'::timestamp(0) without time zone), (LLVM Optimized, Jit Execute)", "Rows Removed by Filter": 27601708}, {"Node Type": "Hash", "Parent Relationship": "Inner", "Startup Cost": 558158.87, "Total Cost": 558158.87, "Plan Rows": 715772, "Plan Width": 20, "Actual Startup Time": 9130.472, "Actual Total Time": 9130.472, "Actual Rows": 1455173, "Actual Loops": 1, "Hash Buckets": 1048576, "Hash Batches": 1, "Original Hash Batches": 1, "Peak Memory Usage": 79580, "Plans": [{"Node Type": "Hash Join", "Parent Relationship": "Outer", "Join Type": "Inner", "Startup Cost": 60060.63, "Total Cost": 558158.87, "Plan Rows": 715772, "Plan Width": 20, "Actual Startup Time": 778.207, "Actual Total Time": 8478.744, "Actual Rows": 1455173, "Actual Loops": 1, "Inner Unique": true, "Hash Cond": "(orders.o_custkey = customer.c_custkey), (LLVM Optimized, Jit Execute)", "Plans": [{"Node Type": "Seq Scan", "Parent Relationship": "Outer", "Relation Name": "orders", "Alias": "orders", "Startup Cost": 385.28, "Total Cost": 463912.49, "Plan Rows": 7310217, "Plan Width": 28, "Actual Startup Time": 0.027, "Actual Total Time": 4887.817, "Actual Rows": 7276947, "Actual Loops": 1, "Filter": "(o_orderdate < '1995-03-13 00:00:00'::timestamp(0) without time zone), (LLVM Optimized, Jit Execute)", "Rows Removed by Filter": 7723053}, {"Node Type": "Hash", "Parent Relationship": "Inner", "Startup Cost": 55876.0, "Total Cost": 55876.0, "Plan Rows": 303948, "Plan Width": 8, "Actual Startup Time": 777.811, "Actual Total Time": 777.811, "Actual Rows": 300036, "Actual Loops": 1, "Hash Buckets": 524288, "Hash Batches": 1, "Original Hash Batches": 1, "Peak Memory Usage": 11721, "Plans": [{"Node Type": "Seq Scan", "Parent Relationship": "Outer", "Relation Name": "customer", "Alias": "customer", "Startup Cost": 0.0, "Total Cost": 55876.0, "Plan Rows": 303948, "Plan Width": 8, "Actual Startup Time": 0.027, "Actual Total Time": 662.042, "Actual Rows": 300036, "Actual Loops": 1, "Filter": "(c_mktsegment = 'AUTOMOBILE'::bpchar), (LLVM Optimized, Jit Execute)", "Rows Removed by Filter": 1199964}]}]}]}]}]}]}]}, "Triggers": [], "Planner Runtime": 1.217, "Total Runtime": 39723.964, "Unique SQL Id": 3929762122}}, "(16, '99')": {"explain_plan": {"Plan": {"Node Type": "Limit", "Startup Cost": 35345596.54, "Total Cost": 35345596.56, "Plan Rows": 10, "Plan Width": 44, "Plans": [{"Node Type": "Sort", "Parent Relationship": "Outer", "Startup Cost": 35345596.54, "Total Cost": 35354494.65, "Plan Rows": 10, "Plan Width": 44, "Sort Key": ["(sum((lineitem.l_extendedprice * (1::double precision - lineitem.l_discount)))) DESC", "orders.o_orderdate"], "Plans": [{"Node Type": "Aggregate", "Strategy": "Hashed", "Parent Relationship": "Outer", "Startup Cost": 35233090.02, "Total Cost": 35268682.49, "Plan Rows": 3559247, "Plan Width": 44, "Group By Key": ["lineitem.l_orderkey", "orders.o_orderdate", "orders.o_shippriority"], "Plans": [{"Node Type": "Nested Loop", "Parent Relationship": "Outer", "Join Type": "Inner", "Startup Cost": 168699.14, "Total Cost": 35179701.31, "Plan Rows": 3559247, "Plan Width": 36, "Inner Unique": false, "Plans": [{"Node Type": "Nested Loop", "Parent Relationship": "Outer", "Join Type": "Inner", "Startup Cost": 168698.69, "Total Cost": 31865463.0, "Plan Rows": 715772, "Plan Width": 20, "Inner Unique": true, "Plans": [{"Node Type": "Bitmap Heap Scan", "Parent Relationship": "Outer", "Relation Name": "orders", "Alias": "orders", "Startup Cost": 168698.43, "Total Cost": 536495.14, "Plan Rows": 7310217, "Plan Width": 28, "Recheck Cond": "(o_orderdate < '1995-03-13 00:00:00'::timestamp(0) without time zone), (LLVM Optimized)", "Plans": [{"Node Type": "Bitmap Index Scan", "Parent Relationship": "Outer", "Index Name": "idx_orders_orderdate", "Startup Cost": 0.0, "Total Cost": 166870.88, "Plan Rows": 7310217, "Plan Width": 0, "Index Cond": "(o_orderdate < '1995-03-13 00:00:00'::timestamp(0) without time zone)"}]}, {"Node Type": "Bitmap Heap Scan", "Parent Relationship": "Inner", "Relation Name": "customer", "Alias": "customer", "Startup Cost": 0.26, "Total Cost": 4.28, "Plan Rows": 1, "Plan Width": 8, "Recheck Cond": "(c_custkey = orders.o_custkey)", "Filter": "(c_mktsegment = 'AUTOMOBILE'::bpchar)", "Plans": [{"Node Type": "Bitmap Index Scan", "Parent Relationship": "Outer", "Index Name": "customer_pkey", "Startup Cost": 0.0, "Total Cost": 0.26, "Plan Rows": 1, "Plan Width": 0, "Index Cond": "(c_custkey = orders.o_custkey)"}]}]}, {"Node Type": "Bitmap Heap Scan", "Parent Relationship": "Inner", "Relation Name": "lineitem", "Alias": "lineitem", "Startup Cost": 0.45, "Total Cost": 4.58, "Plan Rows": 5, "Plan Width": 24, "Recheck Cond": "(l_orderkey = orders.o_orderkey)", "Filter": "(l_shipdate > '1995-03-13 00:00:00'::timestamp(0) without time zone)", "Plans": [{"Node Type": "Bitmap Index Scan", "Parent Relationship": "Outer", "Index Name": "idx_lineitem_orderkey", "Startup Cost": 0.0, "Total Cost": 0.44, "Plan Rows": 9, "Plan Width": 0, "Index Cond": "(l_orderkey = orders.o_orderkey)"}]}]}]}]}]}, "Unique SQL Id": 3929762122, "Planner Runtime": 0}, "explain_analyze_plan": null}, "(16, '100')": {"explain_plan": {"Plan": {"Node Type": "Limit", "Startup Cost": 1728598.43, "Total Cost": 1728598.46, "Plan Rows": 10, "Plan Width": 44, "Plans": [{"Node Type": "Sort", "Parent Relationship": "Outer", "Startup Cost": 1728598.43, "Total Cost": 1737496.55, "Plan Rows": 10, "Plan Width": 44, "Sort Key": ["(sum((lineitem.l_extendedprice * (1::double precision - lineitem.l_discount)))) DESC", "orders.o_orderdate"], "Plans": [{"Node Type": "Aggregate", "Strategy": "Hashed", "Parent Relationship": "Outer", "Startup Cost": 1616091.91, "Total Cost": 1651684.38, "Plan Rows": 3559247, "Plan Width": 44, "Group By Key": ["lineitem.l_orderkey", "orders.o_orderdate", "orders.o_shippriority"], "Plans": [{"Node Type": "Nested Loop", "Parent Relationship": "Outer", "Join Type": "Inner", "Startup Cost": 60060.63, "Total Cost": 1562703.21, "Plan Rows": 3559247, "Plan Width": 36, "Inner Unique": false, "Plans": [{"Node Type": "Hash Join", "Parent Relationship": "Outer", "Join Type": "Inner", "Startup Cost": 60060.63, "Total Cost": 558158.87, "Plan Rows": 715772, "Plan Width": 20, "Inner Unique": true, "Hash Cond": "(orders.o_custkey = customer.c_custkey), (LLVM Optimized)", "Plans": [{"Node Type": "Seq Scan", "Parent Relationship": "Outer", "Relation Name": "orders", "Alias": "orders", "Startup Cost": 385.28, "Total Cost": 463912.49, "Plan Rows": 7310217, "Plan Width": 28, "Filter": "(o_orderdate < '1995-03-13 00:00:00'::timestamp(0) without time zone), (LLVM Optimized)"}, {"Node Type": "Hash", "Parent Relationship": "Inner", "Startup Cost": 55876.0, "Total Cost": 55876.0, "Plan Rows": 303948, "Plan Width": 8, "Plans": [{"Node Type": "Seq Scan", "Parent Relationship": "Outer", "Relation Name": "customer", "Alias": "customer", "Startup Cost": 0.0, "Total Cost": 55876.0, "Plan Rows": 303948, "Plan Width": 8, "Filter": "(c_mktsegment = 'AUTOMOBILE'::bpchar), (LLVM Optimized)"}]}]}, {"Node Type": "Index Scan", "Parent Relationship": "Inner", "Scan Direction": "Forward", "Index Name": "idx_lineitem_orderkey", "Relation Name": "lineitem", "Alias": "lineitem", "Startup Cost": 0.0, "Total Cost": 1.35, "Plan Rows": 5, "Plan Width": 24, "Index Cond": "(l_orderkey = orders.o_orderkey)", "Filter": "(l_shipdate > '1995-03-13 00:00:00'::timestamp(0) without time zone)"}]}]}]}]}, "Unique SQL Id": 3929762122, "Planner Runtime": 0}, "explain_analyze_plan": {"Plan": {"Node Type": "Limit", "Startup Cost": 1728598.43, "Total Cost": 1728598.46, "Plan Rows": 10, "Plan Width": 44, "Actual Startup Time": 21057.673, "Actual Total Time": 21057.676, "Actual Rows": 10, "Actual Loops": 1, "Plans": [{"Node Type": "Sort", "Parent Relationship": "Outer", "Startup Cost": 1728598.43, "Total Cost": 1737496.55, "Plan Rows": 10, "Plan Width": 44, "Actual Startup Time": 21057.669, "Actual Total Time": 21057.671, "Actual Rows": 10, "Actual Loops": 1, "Sort Key": ["(sum((lineitem.l_extendedprice * (1::double precision - lineitem.l_discount)))) DESC", "orders.o_orderdate"], "Sort Method": "top-N heapsort", "Sort Space Used": 26, "Sort Space Type": "Memory", "Plans": [{"Node Type": "Aggregate", "Strategy": "Hashed", "Parent Relationship": "Outer", "Startup Cost": 1616091.91, "Total Cost": 1651684.38, "Plan Rows": 3559247, "Plan Width": 44, "Actual Startup Time": 20966.575, "Actual Total Time": 21030.343, "Actual Rows": 113719, "Actual Loops": 1, "Group By Key": ["lineitem.l_orderkey", "orders.o_orderdate", "orders.o_shippriority"], "Plans": [{"Node Type": "Nested Loop", "Parent Relationship": "Outer", "Join Type": "Inner", "Startup Cost": 60060.63, "Total Cost": 1562703.21, "Plan Rows": 3559247, "Plan Width": 36, "Actual Startup Time": 763.259, "Actual Total Time": 20649.316, "Actual Rows": 300219, "Actual Loops": 1, "Inner Unique": false, "Plans": [{"Node Type": "Hash Join", "Parent Relationship": "Outer", "Join Type": "Inner", "Startup Cost": 60060.63, "Total Cost": 558158.87, "Plan Rows": 715772, "Plan Width": 20, "Actual Startup Time": 763.021, "Actual Total Time": 8834.817, "Actual Rows": 1455173, "Actual Loops": 1, "Inner Unique": true, "Hash Cond": "(orders.o_custkey = customer.c_custkey), (LLVM Optimized, Jit Execute)", "Plans": [{"Node Type": "Seq Scan", "Parent Relationship": "Outer", "Relation Name": "orders", "Alias": "orders", "Startup Cost": 385.28, "Total Cost": 463912.49, "Plan Rows": 7310217, "Plan Width": 28, "Actual Startup Time": 0.045, "Actual Total Time": 4909.997, "Actual Rows": 7276947, "Actual Loops": 1, "Filter": "(o_orderdate < '1995-03-13 00:00:00'::timestamp(0) without time zone), (LLVM Optimized, Jit Execute)", "Rows Removed by Filter": 7723053}, {"Node Type": "Hash", "Parent Relationship": "Inner", "Startup Cost": 55876.0, "Total Cost": 55876.0, "Plan Rows": 303948, "Plan Width": 8, "Actual Startup Time": 762.556, "Actual Total Time": 762.556, "Actual Rows": 300036, "Actual Loops": 1, "Hash Buckets": 524288, "Hash Batches": 1, "Original Hash Batches": 1, "Peak Memory Usage": 11721, "Plans": [{"Node Type": "Seq Scan", "Parent Relationship": "Outer", "Relation Name": "customer", "Alias": "customer", "Startup Cost": 0.0, "Total Cost": 55876.0, "Plan Rows": 303948, "Plan Width": 8, "Actual Startup Time": 0.031, "Actual Total Time": 648.707, "Actual Rows": 300036, "Actual Loops": 1, "Filter": "(c_mktsegment = 'AUTOMOBILE'::bpchar), (LLVM Optimized, Jit Execute)", "Rows Removed by Filter": 1199964}]}]}, {"Node Type": "Index Scan", "Parent Relationship": "Inner", "Scan Direction": "Forward", "Index Name": "idx_lineitem_orderkey", "Relation Name": "lineitem", "Alias": "lineitem", "Startup Cost": 0.0, "Total Cost": 1.35, "Plan Rows": 5, "Plan Width": 24, "Actual Startup Time": 10726.875, "Actual Total Time": 11015.442, "Actual Rows": 300219, "Actual Loops": 1455173, "Index Cond": "(l_orderkey = orders.o_orderkey)", "Rows Removed by Index Recheck": 0, "Filter": "(l_shipdate > '1995-03-13 00:00:00'::timestamp(0) without time zone)", "Rows Removed by Filter": 5519788}]}]}]}]}, "Triggers": [], "Planner Runtime": 1.214, "Total Runtime": 21067.656, "Unique SQL Id": 3929762122}}, "(16, '101')": {"explain_plan": {"Plan": {"Node Type": "Limit", "Startup Cost": 1829820.45, "Total Cost": 1829820.47, "Plan Rows": 10, "Plan Width": 44, "Plans": [{"Node Type": "Sort", "Parent Relationship": "Outer", "Startup Cost": 1829820.45, "Total Cost": 1838718.56, "Plan Rows": 10, "Plan Width": 44, "Sort Key": ["(sum((lineitem.l_extendedprice * (1::double precision - lineitem.l_discount)))) DESC", "orders.o_orderdate"], "Plans": [{"Node Type": "Aggregate", "Strategy": "Hashed", "Parent Relationship": "Outer", "Startup Cost": 1717313.93, "Total Cost": 1752906.4, "Plan Rows": 3559247, "Plan Width": 44, "Group By Key": ["lineitem.l_orderkey", "orders.o_orderdate", "orders.o_shippriority"], "Plans": [{"Node Type": "Nested Loop", "Parent Relationship": "Outer", "Join Type": "Inner", "Startup Cost": 257013.14, "Total Cost": 1663925.22, "Plan Rows": 3559247, "Plan Width": 36, "Inner Unique": false, "Plans": [{"Node Type": "Hash Join", "Parent Relationship": "Outer", "Join Type": "Inner", "Startup Cost": 257013.14, "Total Cost": 659380.88, "Plan Rows": 715772, "Plan Width": 20, "Inner Unique": true, "Hash Cond": "(orders.o_custkey = customer.c_custkey), (LLVM Optimized)", "Plans": [{"Node Type": "Bitmap Heap Scan", "Parent Relationship": "Outer", "Relation Name": "orders", "Alias": "orders", "Startup Cost": 168698.43, "Total Cost": 536495.14, "Plan Rows": 7310217, "Plan Width": 28, "Recheck Cond": "(o_orderdate < '1995-03-13 00:00:00'::timestamp(0) without time zone), (LLVM Optimized)", "Plans": [{"Node Type": "Bitmap Index Scan", "Parent Relationship": "Outer", "Index Name": "idx_orders_orderdate", "Startup Cost": 0.0, "Total Cost": 166870.88, "Plan Rows": 7310217, "Plan Width": 0, "Index Cond": "(o_orderdate < '1995-03-13 00:00:00'::timestamp(0) without time zone)"}]}, {"Node Type": "Hash", "Parent Relationship": "Inner", "Startup Cost": 84515.36, "Total Cost": 84515.36, "Plan Rows": 303948, "Plan Width": 8, "Plans": [{"Node Type": "Index Scan", "Parent Relationship": "Outer", "Scan Direction": "Forward", "Index Name": "customer_pkey", "Relation Name": "customer", "Alias": "customer", "Startup Cost": 0.0, "Total Cost": 84515.36, "Plan Rows": 303948, "Plan Width": 8, "Filter": "(c_mktsegment = 'AUTOMOBILE'::bpchar), (LLVM Optimized)"}]}]}, {"Node Type": "Index Scan", "Parent Relationship": "Inner", "Scan Direction": "Forward", "Index Name": "idx_lineitem_orderkey", "Relation Name": "lineitem", "Alias": "lineitem", "Startup Cost": 0.0, "Total Cost": 1.35, "Plan Rows": 5, "Plan Width": 24, "Index Cond": "(l_orderkey = orders.o_orderkey)", "Filter": "(l_shipdate > '1995-03-13 00:00:00'::timestamp(0) without time zone)"}]}]}]}]}, "Unique SQL Id": 3929762122, "Planner Runtime": 0}, "explain_analyze_plan": {"Plan": {"Node Type": "Limit", "Startup Cost": 1829820.45, "Total Cost": 1829820.47, "Plan Rows": 10, "Plan Width": 44, "Actual Startup Time": 22258.734, "Actual Total Time": 22258.737, "Actual Rows": 10, "Actual Loops": 1, "Plans": [{"Node Type": "Sort", "Parent Relationship": "Outer", "Startup Cost": 1829820.45, "Total Cost": 1838718.56, "Plan Rows": 10, "Plan Width": 44, "Actual Startup Time": 22258.732, "Actual Total Time": 22258.733, "Actual Rows": 10, "Actual Loops": 1, "Sort Key": ["(sum((lineitem.l_extendedprice * (1::double precision - lineitem.l_discount)))) DESC", "orders.o_orderdate"], "Sort Method": "top-N heapsort", "Sort Space Used": 26, "Sort Space Type": "Memory", "Plans": [{"Node Type": "Aggregate", "Strategy": "Hashed", "Parent Relationship": "Outer", "Startup Cost": 1717313.93, "Total Cost": 1752906.4, "Plan Rows": 3559247, "Plan Width": 44, "Actual Startup Time": 22173.758, "Actual Total Time": 22231.615, "Actual Rows": 113719, "Actual Loops": 1, "Group By Key": ["lineitem.l_orderkey", "orders.o_orderdate", "orders.o_shippriority"], "Plans": [{"Node Type": "Nested Loop", "Parent Relationship": "Outer", "Join Type": "Inner", "Startup Cost": 257013.14, "Total Cost": 1663925.22, "Plan Rows": 3559247, "Plan Width": 36, "Actual Startup Time": 2984.674, "Actual Total Time": 21881.489, "Actual Rows": 300219, "Actual Loops": 1, "Inner Unique": false, "Plans": [{"Node Type": "Hash Join", "Parent Relationship": "Outer", "Join Type": "Inner", "Startup Cost": 257013.14, "Total Cost": 659380.88, "Plan Rows": 715772, "Plan Width": 20, "Actual Startup Time": 2984.449, "Actual Total Time": 9955.282, "Actual Rows": 1455173, "Actual Loops": 1, "Inner Unique": true, "Hash Cond": "(orders.o_custkey = customer.c_custkey), (LLVM Optimized, Jit Execute)", "Plans": [{"Node Type": "Bitmap Heap Scan", "Parent Relationship": "Outer", "Relation Name": "orders", "Alias": "orders", "Startup Cost": 168698.43, "Total Cost": 536495.14, "Plan Rows": 7310217, "Plan Width": 28, "Actual Startup Time": 1860.45, "Actual Total Time": 5689.544, "Actual Rows": 7276947, "Actual Loops": 1, "Recheck Cond": "(o_orderdate < '1995-03-13 00:00:00'::timestamp(0) without time zone), (LLVM Optimized, Jit Execute)", "Rows Removed by Index Recheck": 0, "Exact Heap Blocks": 276419, "Lossy Heap Blocks": 276419, "Plans": [{"Node Type": "Bitmap Index Scan", "Parent Relationship": "Outer", "Index Name": "idx_orders_orderdate", "Startup Cost": 0.0, "Total Cost": 166870.88, "Plan Rows": 7310217, "Plan Width": 0, "Actual Startup Time": 1772.184, "Actual Total Time": 1772.184, "Actual Rows": 7276947, "Actual Loops": 1, "Index Cond": "(o_orderdate < '1995-03-13 00:00:00'::timestamp(0) without time zone)"}]}, {"Node Type": "Hash", "Parent Relationship": "Inner", "Startup Cost": 84515.36, "Total Cost": 84515.36, "Plan Rows": 303948, "Plan Width": 8, "Actual Startup Time": 1123.612, "Actual Total Time": 1123.612, "Actual Rows": 300036, "Actual Loops": 1, "Hash Buckets": 524288, "Hash Batches": 1, "Original Hash Batches": 1, "Peak Memory Usage": 11721, "Plans": [{"Node Type": "Index Scan", "Parent Relationship": "Outer", "Scan Direction": "Forward", "Index Name": "customer_pkey", "Relation Name": "customer", "Alias": "customer", "Startup Cost": 0.0, "Total Cost": 84515.36, "Plan Rows": 303948, "Plan Width": 8, "Actual Startup Time": 0.065, "Actual Total Time": 1011.283, "Actual Rows": 300036, "Actual Loops": 1, "Filter": "(c_mktsegment = 'AUTOMOBILE'::bpchar), (LLVM Optimized, Jit Execute)", "Rows Removed by Filter": 1199964}]}]}, {"Node Type": "Index Scan", "Parent Relationship": "Inner", "Scan Direction": "Forward", "Index Name": "idx_lineitem_orderkey", "Relation Name": "lineitem", "Alias": "lineitem", "Startup Cost": 0.0, "Total Cost": 1.35, "Plan Rows": 5, "Plan Width": 24, "Actual Startup Time": 10827.429, "Actual Total Time": 11122.722, "Actual Rows": 300219, "Actual Loops": 1455173, "Index Cond": "(l_orderkey = orders.o_orderkey)", "Rows Removed by Index Recheck": 0, "Filter": "(l_shipdate > '1995-03-13 00:00:00'::timestamp(0) without time zone)", "Rows Removed by Filter": 5519788}]}]}]}]}, "Triggers": [], "Planner Runtime": 1.356, "Total Runtime": 22269.035, "Unique SQL Id": 3929762122}}, "(16, '102')": {"explain_plan": {"Plan": {"Node Type": "Limit", "Startup Cost": 3055991.15, "Total Cost": 3055991.17, "Plan Rows": 10, "Plan Width": 44, "Plans": [{"Node Type": "Sort", "Parent Relationship": "Outer", "Startup Cost": 3055991.15, "Total Cost": 3064889.27, "Plan Rows": 10, "Plan Width": 44, "Sort Key": ["(sum((lineitem.l_extendedprice * (1::double precision - lineitem.l_discount)))) DESC", "orders.o_orderdate"], "Plans": [{"Node Type": "Aggregate", "Strategy": "Hashed", "Parent Relationship": "Outer", "Startup Cost": 2943484.63, "Total Cost": 2979077.1, "Plan Rows": 3559247, "Plan Width": 44, "Group By Key": ["lineitem.l_orderkey", "orders.o_orderdate", "orders.o_shippriority"], "Plans": [{"Node Type": "Hash Join", "Parent Relationship": "Outer", "Join Type": "Inner", "Startup Cost": 567106.02, "Total Cost": 2890095.93, "Plan Rows": 3559247, "Plan Width": 36, "Inner Unique": false, "Hash Cond": "(lineitem.l_orderkey = orders.o_orderkey), (LLVM Optimized)", "Plans": [{"Node Type": "Seq Scan", "Parent Relationship": "Outer", "Relation Name": "lineitem", "Alias": "lineitem", "Startup Cost": 0.0, "Total Cost": 2165082.91, "Plan Rows": 32617206, "Plan Width": 24, "Filter": "(l_shipdate > '1995-03-13 00:00:00'::timestamp(0) without time zone), (LLVM Optimized)"}, {"Node Type": "Hash", "Parent Relationship": "Inner", "Startup Cost": 558158.87, "Total Cost": 558158.87, "Plan Rows": 715772, "Plan Width": 20, "Plans": [{"Node Type": "Hash Join", "Parent Relationship": "Outer", "Join Type": "Inner", "Startup Cost": 60060.63, "Total Cost": 558158.87, "Plan Rows": 715772, "Plan Width": 20, "Inner Unique": true, "Hash Cond": "(orders.o_custkey = customer.c_custkey), (LLVM Optimized)", "Plans": [{"Node Type": "Seq Scan", "Parent Relationship": "Outer", "Relation Name": "orders", "Alias": "orders", "Startup Cost": 385.28, "Total Cost": 463912.49, "Plan Rows": 7310217, "Plan Width": 28, "Filter": "(o_orderdate < '1995-03-13 00:00:00'::timestamp(0) without time zone), (LLVM Optimized)"}, {"Node Type": "Hash", "Parent Relationship": "Inner", "Startup Cost": 55876.0, "Total Cost": 55876.0, "Plan Rows": 303948, "Plan Width": 8, "Plans": [{"Node Type": "Seq Scan", "Parent Relationship": "Outer", "Relation Name": "customer", "Alias": "customer", "Startup Cost": 0.0, "Total Cost": 55876.0, "Plan Rows": 303948, "Plan Width": 8, "Filter": "(c_mktsegment = 'AUTOMOBILE'::bpchar), (LLVM Optimized)"}]}]}]}]}]}]}]}, "Unique SQL Id": 3929762122, "Planner Runtime": 0}, "explain_analyze_plan": {"Plan": {"Node Type": "Limit", "Startup Cost": 3055991.15, "Total Cost": 3055991.17, "Plan Rows": 10, "Plan Width": 44, "Actual Startup Time": 39713.629, "Actual Total Time": 39713.634, "Actual Rows": 10, "Actual Loops": 1, "Plans": [{"Node Type": "Sort", "Parent Relationship": "Outer", "Startup Cost": 3055991.15, "Total Cost": 3064889.27, "Plan Rows": 10, "Plan Width": 44, "Actual Startup Time": 39713.626, "Actual Total Time": 39713.628, "Actual Rows": 10, "Actual Loops": 1, "Sort Key": ["(sum((lineitem.l_extendedprice * (1::double precision - lineitem.l_discount)))) DESC", "orders.o_orderdate"], "Sort Method": "top-N heapsort", "Sort Space Used": 26, "Sort Space Type": "Memory", "Plans": [{"Node Type": "Aggregate", "Strategy": "Hashed", "Parent Relationship": "Outer", "Startup Cost": 2943484.63, "Total Cost": 2979077.1, "Plan Rows": 3559247, "Plan Width": 44, "Actual Startup Time": 39626.411, "Actual Total Time": 39686.275, "Actual Rows": 113719, "Actual Loops": 1, "Group By Key": ["lineitem.l_orderkey", "orders.o_orderdate", "orders.o_shippriority"], "Plans": [{"Node Type": "Hash Join", "Parent Relationship": "Outer", "Join Type": "Inner", "Startup Cost": 567106.02, "Total Cost": 2890095.93, "Plan Rows": 3559247, "Plan Width": 36, "Actual Startup Time": 9131.902, "Actual Total Time": 39338.873, "Actual Rows": 300219, "Actual Loops": 1, "Inner Unique": false, "Hash Cond": "(lineitem.l_orderkey = orders.o_orderkey), (LLVM Optimized, Jit Execute)", "Plans": [{"Node Type": "Seq Scan", "Parent Relationship": "Outer", "Relation Name": "lineitem", "Alias": "lineitem", "Startup Cost": 0.0, "Total Cost": 2165082.91, "Plan Rows": 32617206, "Plan Width": 24, "Actual Startup Time": 0.053, "Actual Total Time": 21301.113, "Actual Rows": 32384344, "Actual Loops": 1, "Filter": "(l_shipdate > '1995-03-13 00:00:00'::timestamp(0) without time zone), (LLVM Optimized, Jit Execute)", "Rows Removed by Filter": 27601708}, {"Node Type": "Hash", "Parent Relationship": "Inner", "Startup Cost": 558158.87, "Total Cost": 558158.87, "Plan Rows": 715772, "Plan Width": 20, "Actual Startup Time": 9130.472, "Actual Total Time": 9130.472, "Actual Rows": 1455173, "Actual Loops": 1, "Hash Buckets": 1048576, "Hash Batches": 1, "Original Hash Batches": 1, "Peak Memory Usage": 79580, "Plans": [{"Node Type": "Hash Join", "Parent Relationship": "Outer", "Join Type": "Inner", "Startup Cost": 60060.63, "Total Cost": 558158.87, "Plan Rows": 715772, "Plan Width": 20, "Actual Startup Time": 778.207, "Actual Total Time": 8478.744, "Actual Rows": 1455173, "Actual Loops": 1, "Inner Unique": true, "Hash Cond": "(orders.o_custkey = customer.c_custkey), (LLVM Optimized, Jit Execute)", "Plans": [{"Node Type": "Seq Scan", "Parent Relationship": "Outer", "Relation Name": "orders", "Alias": "orders", "Startup Cost": 385.28, "Total Cost": 463912.49, "Plan Rows": 7310217, "Plan Width": 28, "Actual Startup Time": 0.027, "Actual Total Time": 4887.817, "Actual Rows": 7276947, "Actual Loops": 1, "Filter": "(o_orderdate < '1995-03-13 00:00:00'::timestamp(0) without time zone), (LLVM Optimized, Jit Execute)", "Rows Removed by Filter": 7723053}, {"Node Type": "Hash", "Parent Relationship": "Inner", "Startup Cost": 55876.0, "Total Cost": 55876.0, "Plan Rows": 303948, "Plan Width": 8, "Actual Startup Time": 777.811, "Actual Total Time": 777.811, "Actual Rows": 300036, "Actual Loops": 1, "Hash Buckets": 524288, "Hash Batches": 1, "Original Hash Batches": 1, "Peak Memory Usage": 11721, "Plans": [{"Node Type": "Seq Scan", "Parent Relationship": "Outer", "Relation Name": "customer", "Alias": "customer", "Startup Cost": 0.0, "Total Cost": 55876.0, "Plan Rows": 303948, "Plan Width": 8, "Actual Startup Time": 0.027, "Actual Total Time": 662.042, "Actual Rows": 300036, "Actual Loops": 1, "Filter": "(c_mktsegment = 'AUTOMOBILE'::bpchar), (LLVM Optimized, Jit Execute)", "Rows Removed by Filter": 1199964}]}]}]}]}]}]}]}, "Triggers": [], "Planner Runtime": 1.217, "Total Runtime": 39723.964, "Unique SQL Id": 3929762122}}, "(16, '103')": {"explain_plan": {"Plan": {"Node Type": "Limit", "Startup Cost": 35345596.54, "Total Cost": 35345596.56, "Plan Rows": 10, "Plan Width": 44, "Plans": [{"Node Type": "Sort", "Parent Relationship": "Outer", "Startup Cost": 35345596.54, "Total Cost": 35354494.65, "Plan Rows": 10, "Plan Width": 44, "Sort Key": ["(sum((lineitem.l_extendedprice * (1::double precision - lineitem.l_discount)))) DESC", "orders.o_orderdate"], "Plans": [{"Node Type": "Aggregate", "Strategy": "Hashed", "Parent Relationship": "Outer", "Startup Cost": 35233090.02, "Total Cost": 35268682.49, "Plan Rows": 3559247, "Plan Width": 44, "Group By Key": ["lineitem.l_orderkey", "orders.o_orderdate", "orders.o_shippriority"], "Plans": [{"Node Type": "Nested Loop", "Parent Relationship": "Outer", "Join Type": "Inner", "Startup Cost": 168699.14, "Total Cost": 35179701.31, "Plan Rows": 3559247, "Plan Width": 36, "Inner Unique": false, "Plans": [{"Node Type": "Nested Loop", "Parent Relationship": "Outer", "Join Type": "Inner", "Startup Cost": 168698.69, "Total Cost": 31865463.0, "Plan Rows": 715772, "Plan Width": 20, "Inner Unique": true, "Plans": [{"Node Type": "Bitmap Heap Scan", "Parent Relationship": "Outer", "Relation Name": "orders", "Alias": "orders", "Startup Cost": 168698.43, "Total Cost": 536495.14, "Plan Rows": 7310217, "Plan Width": 28, "Recheck Cond": "(o_orderdate < '1995-03-13 00:00:00'::timestamp(0) without time zone), (LLVM Optimized)", "Plans": [{"Node Type": "Bitmap Index Scan", "Parent Relationship": "Outer", "Index Name": "idx_orders_orderdate", "Startup Cost": 0.0, "Total Cost": 166870.88, "Plan Rows": 7310217, "Plan Width": 0, "Index Cond": "(o_orderdate < '1995-03-13 00:00:00'::timestamp(0) without time zone)"}]}, {"Node Type": "Bitmap Heap Scan", "Parent Relationship": "Inner", "Relation Name": "customer", "Alias": "customer", "Startup Cost": 0.26, "Total Cost": 4.28, "Plan Rows": 1, "Plan Width": 8, "Recheck Cond": "(c_custkey = orders.o_custkey)", "Filter": "(c_mktsegment = 'AUTOMOBILE'::bpchar)", "Plans": [{"Node Type": "Bitmap Index Scan", "Parent Relationship": "Outer", "Index Name": "customer_pkey", "Startup Cost": 0.0, "Total Cost": 0.26, "Plan Rows": 1, "Plan Width": 0, "Index Cond": "(c_custkey = orders.o_custkey)"}]}]}, {"Node Type": "Bitmap Heap Scan", "Parent Relationship": "Inner", "Relation Name": "lineitem", "Alias": "lineitem", "Startup Cost": 0.45, "Total Cost": 4.58, "Plan Rows": 5, "Plan Width": 24, "Recheck Cond": "(l_orderkey = orders.o_orderkey)", "Filter": "(l_shipdate > '1995-03-13 00:00:00'::timestamp(0) without time zone)", "Plans": [{"Node Type": "Bitmap Index Scan", "Parent Relationship": "Outer", "Index Name": "idx_lineitem_orderkey", "Startup Cost": 0.0, "Total Cost": 0.44, "Plan Rows": 9, "Plan Width": 0, "Index Cond": "(l_orderkey = orders.o_orderkey)"}]}]}]}]}]}, "Unique SQL Id": 3929762122, "Planner Runtime": 0}, "explain_analyze_plan": null}, "(16, '104')": {"explain_plan": {"Plan": {"Node Type": "Limit", "Startup Cost": 1728598.43, "Total Cost": 1728598.46, "Plan Rows": 10, "Plan Width": 44, "Plans": [{"Node Type": "Sort", "Parent Relationship": "Outer", "Startup Cost": 1728598.43, "Total Cost": 1737496.55, "Plan Rows": 10, "Plan Width": 44, "Sort Key": ["(sum((lineitem.l_extendedprice * (1::double precision - lineitem.l_discount)))) DESC", "orders.o_orderdate"], "Plans": [{"Node Type": "Aggregate", "Strategy": "Hashed", "Parent Relationship": "Outer", "Startup Cost": 1616091.91, "Total Cost": 1651684.38, "Plan Rows": 3559247, "Plan Width": 44, "Group By Key": ["lineitem.l_orderkey", "orders.o_orderdate", "orders.o_shippriority"], "Plans": [{"Node Type": "Nested Loop", "Parent Relationship": "Outer", "Join Type": "Inner", "Startup Cost": 60060.63, "Total Cost": 1562703.21, "Plan Rows": 3559247, "Plan Width": 36, "Inner Unique": false, "Plans": [{"Node Type": "Hash Join", "Parent Relationship": "Outer", "Join Type": "Inner", "Startup Cost": 60060.63, "Total Cost": 558158.87, "Plan Rows": 715772, "Plan Width": 20, "Inner Unique": true, "Hash Cond": "(orders.o_custkey = customer.c_custkey), (LLVM Optimized)", "Plans": [{"Node Type": "Seq Scan", "Parent Relationship": "Outer", "Relation Name": "orders", "Alias": "orders", "Startup Cost": 385.28, "Total Cost": 463912.49, "Plan Rows": 7310217, "Plan Width": 28, "Filter": "(o_orderdate < '1995-03-13 00:00:00'::timestamp(0) without time zone), (LLVM Optimized)"}, {"Node Type": "Hash", "Parent Relationship": "Inner", "Startup Cost": 55876.0, "Total Cost": 55876.0, "Plan Rows": 303948, "Plan Width": 8, "Plans": [{"Node Type": "Seq Scan", "Parent Relationship": "Outer", "Relation Name": "customer", "Alias": "customer", "Startup Cost": 0.0, "Total Cost": 55876.0, "Plan Rows": 303948, "Plan Width": 8, "Filter": "(c_mktsegment = 'AUTOMOBILE'::bpchar), (LLVM Optimized)"}]}]}, {"Node Type": "Index Scan", "Parent Relationship": "Inner", "Scan Direction": "Forward", "Index Name": "idx_lineitem_orderkey", "Relation Name": "lineitem", "Alias": "lineitem", "Startup Cost": 0.0, "Total Cost": 1.35, "Plan Rows": 5, "Plan Width": 24, "Index Cond": "(l_orderkey = orders.o_orderkey)", "Filter": "(l_shipdate > '1995-03-13 00:00:00'::timestamp(0) without time zone)"}]}]}]}]}, "Unique SQL Id": 3929762122, "Planner Runtime": 0}, "explain_analyze_plan": {"Plan": {"Node Type": "Limit", "Startup Cost": 1728598.43, "Total Cost": 1728598.46, "Plan Rows": 10, "Plan Width": 44, "Actual Startup Time": 21057.673, "Actual Total Time": 21057.676, "Actual Rows": 10, "Actual Loops": 1, "Plans": [{"Node Type": "Sort", "Parent Relationship": "Outer", "Startup Cost": 1728598.43, "Total Cost": 1737496.55, "Plan Rows": 10, "Plan Width": 44, "Actual Startup Time": 21057.669, "Actual Total Time": 21057.671, "Actual Rows": 10, "Actual Loops": 1, "Sort Key": ["(sum((lineitem.l_extendedprice * (1::double precision - lineitem.l_discount)))) DESC", "orders.o_orderdate"], "Sort Method": "top-N heapsort", "Sort Space Used": 26, "Sort Space Type": "Memory", "Plans": [{"Node Type": "Aggregate", "Strategy": "Hashed", "Parent Relationship": "Outer", "Startup Cost": 1616091.91, "Total Cost": 1651684.38, "Plan Rows": 3559247, "Plan Width": 44, "Actual Startup Time": 20966.575, "Actual Total Time": 21030.343, "Actual Rows": 113719, "Actual Loops": 1, "Group By Key": ["lineitem.l_orderkey", "orders.o_orderdate", "orders.o_shippriority"], "Plans": [{"Node Type": "Nested Loop", "Parent Relationship": "Outer", "Join Type": "Inner", "Startup Cost": 60060.63, "Total Cost": 1562703.21, "Plan Rows": 3559247, "Plan Width": 36, "Actual Startup Time": 763.259, "Actual Total Time": 20649.316, "Actual Rows": 300219, "Actual Loops": 1, "Inner Unique": false, "Plans": [{"Node Type": "Hash Join", "Parent Relationship": "Outer", "Join Type": "Inner", "Startup Cost": 60060.63, "Total Cost": 558158.87, "Plan Rows": 715772, "Plan Width": 20, "Actual Startup Time": 763.021, "Actual Total Time": 8834.817, "Actual Rows": 1455173, "Actual Loops": 1, "Inner Unique": true, "Hash Cond": "(orders.o_custkey = customer.c_custkey), (LLVM Optimized, Jit Execute)", "Plans": [{"Node Type": "Seq Scan", "Parent Relationship": "Outer", "Relation Name": "orders", "Alias": "orders", "Startup Cost": 385.28, "Total Cost": 463912.49, "Plan Rows": 7310217, "Plan Width": 28, "Actual Startup Time": 0.045, "Actual Total Time": 4909.997, "Actual Rows": 7276947, "Actual Loops": 1, "Filter": "(o_orderdate < '1995-03-13 00:00:00'::timestamp(0) without time zone), (LLVM Optimized, Jit Execute)", "Rows Removed by Filter": 7723053}, {"Node Type": "Hash", "Parent Relationship": "Inner", "Startup Cost": 55876.0, "Total Cost": 55876.0, "Plan Rows": 303948, "Plan Width": 8, "Actual Startup Time": 762.556, "Actual Total Time": 762.556, "Actual Rows": 300036, "Actual Loops": 1, "Hash Buckets": 524288, "Hash Batches": 1, "Original Hash Batches": 1, "Peak Memory Usage": 11721, "Plans": [{"Node Type": "Seq Scan", "Parent Relationship": "Outer", "Relation Name": "customer", "Alias": "customer", "Startup Cost": 0.0, "Total Cost": 55876.0, "Plan Rows": 303948, "Plan Width": 8, "Actual Startup Time": 0.031, "Actual Total Time": 648.707, "Actual Rows": 300036, "Actual Loops": 1, "Filter": "(c_mktsegment = 'AUTOMOBILE'::bpchar), (LLVM Optimized, Jit Execute)", "Rows Removed by Filter": 1199964}]}]}, {"Node Type": "Index Scan", "Parent Relationship": "Inner", "Scan Direction": "Forward", "Index Name": "idx_lineitem_orderkey", "Relation Name": "lineitem", "Alias": "lineitem", "Startup Cost": 0.0, "Total Cost": 1.35, "Plan Rows": 5, "Plan Width": 24, "Actual Startup Time": 10726.875, "Actual Total Time": 11015.442, "Actual Rows": 300219, "Actual Loops": 1455173, "Index Cond": "(l_orderkey = orders.o_orderkey)", "Rows Removed by Index Recheck": 0, "Filter": "(l_shipdate > '1995-03-13 00:00:00'::timestamp(0) without time zone)", "Rows Removed by Filter": 5519788}]}]}]}]}, "Triggers": [], "Planner Runtime": 1.214, "Total Runtime": 21067.656, "Unique SQL Id": 3929762122}}, "(16, '105')": {"explain_plan": {"Plan": {"Node Type": "Limit", "Startup Cost": 2061802.43, "Total Cost": 2061802.46, "Plan Rows": 10, "Plan Width": 44, "Plans": [{"Node Type": "Sort", "Parent Relationship": "Outer", "Startup Cost": 2061802.43, "Total Cost": 2070700.55, "Plan Rows": 10, "Plan Width": 44, "Sort Key": ["(sum((lineitem.l_extendedprice * (1::double precision - lineitem.l_discount)))) DESC", "orders.o_orderdate"], "Plans": [{"Node Type": "Aggregate", "Strategy": "Hashed", "Parent Relationship": "Outer", "Startup Cost": 1949295.92, "Total Cost": 1984888.39, "Plan Rows": 3559247, "Plan Width": 44, "Group By Key": ["lineitem.l_orderkey", "orders.o_orderdate", "orders.o_shippriority"], "Plans": [{"Node Type": "Nested Loop", "Parent Relationship": "Outer", "Join Type": "Inner", "Startup Cost": 88314.71, "Total Cost": 1895907.21, "Plan Rows": 3559247, "Plan Width": 36, "Inner Unique": false, "Plans": [{"Node Type": "Hash Join", "Parent Relationship": "Outer", "Join Type": "Inner", "Startup Cost": 88314.71, "Total Cost": 891362.87, "Plan Rows": 715772, "Plan Width": 20, "Inner Unique": true, "Hash Cond": "(orders.o_custkey = customer.c_custkey), (LLVM Optimized)", "Plans": [{"Node Type": "Index Scan", "Parent Relationship": "Outer", "Scan Direction": "Forward", "Index Name": "orders_pkey", "Relation Name": "orders", "Alias": "orders", "Startup Cost": 0.0, "Total Cost": 768477.13, "Plan Rows": 7310217, "Plan Width": 28, "Filter": "(o_orderdate < '1995-03-13 00:00:00'::timestamp(0) without time zone), (LLVM Optimized)"}, {"Node Type": "Hash", "Parent Relationship": "Inner", "Startup Cost": 84515.36, "Total Cost": 84515.36, "Plan Rows": 303948, "Plan Width": 8, "Plans": [{"Node Type": "Index Scan", "Parent Relationship": "Outer", "Scan Direction": "Forward", "Index Name": "customer_pkey", "Relation Name": "customer", "Alias": "customer", "Startup Cost": 0.0, "Total Cost": 84515.36, "Plan Rows": 303948, "Plan Width": 8, "Filter": "(c_mktsegment = 'AUTOMOBILE'::bpchar), (LLVM Optimized)"}]}]}, {"Node Type": "Index Scan", "Parent Relationship": "Inner", "Scan Direction": "Forward", "Index Name": "idx_lineitem_orderkey", "Relation Name": "lineitem", "Alias": "lineitem", "Startup Cost": 0.0, "Total Cost": 1.35, "Plan Rows": 5, "Plan Width": 24, "Index Cond": "(l_orderkey = orders.o_orderkey)", "Filter": "(l_shipdate > '1995-03-13 00:00:00'::timestamp(0) without time zone)"}]}]}]}]}, "Unique SQL Id": 3929762122, "Planner Runtime": 0}, "explain_analyze_plan": {"Plan": {"Node Type": "Limit", "Startup Cost": 2061802.43, "Total Cost": 2061802.46, "Plan Rows": 10, "Plan Width": 44, "Actual Startup Time": 26780.809, "Actual Total Time": 26780.812, "Actual Rows": 10, "Actual Loops": 1, "Plans": [{"Node Type": "Sort", "Parent Relationship": "Outer", "Startup Cost": 2061802.43, "Total Cost": 2070700.55, "Plan Rows": 10, "Plan Width": 44, "Actual Startup Time": 26780.806, "Actual Total Time": 26780.807, "Actual Rows": 10, "Actual Loops": 1, "Sort Key": ["(sum((lineitem.l_extendedprice * (1::double precision - lineitem.l_discount)))) DESC", "orders.o_orderdate"], "Sort Method": "top-N heapsort", "Sort Space Used": 26, "Sort Space Type": "Memory", "Plans": [{"Node Type": "Aggregate", "Strategy": "Hashed", "Parent Relationship": "Outer", "Startup Cost": 1949295.92, "Total Cost": 1984888.39, "Plan Rows": 3559247, "Plan Width": 44, "Actual Startup Time": 26671.704, "Actual Total Time": 26753.285, "Actual Rows": 113719, "Actual Loops": 1, "Group By Key": ["lineitem.l_orderkey", "orders.o_orderdate", "orders.o_shippriority"], "Plans": [{"Node Type": "Nested Loop", "Parent Relationship": "Outer", "Join Type": "Inner", "Startup Cost": 88314.71, "Total Cost": 1895907.21, "Plan Rows": 3559247, "Plan Width": 36, "Actual Startup Time": 1197.087, "Actual Total Time": 26368.067, "Actual Rows": 300219, "Actual Loops": 1, "Inner Unique": false, "Plans": [{"Node Type": "Hash Join", "Parent Relationship": "Outer", "Join Type": "Inner", "Startup Cost": 88314.71, "Total Cost": 891362.87, "Plan Rows": 715772, "Plan Width": 20, "Actual Startup Time": 1196.855, "Actual Total Time": 14651.439, "Actual Rows": 1455173, "Actual Loops": 1, "Inner Unique": true, "Hash Cond": "(orders.o_custkey = customer.c_custkey), (LLVM Optimized, Jit Execute)", "Plans": [{"Node Type": "Index Scan", "Parent Relationship": "Outer", "Scan Direction": "Forward", "Index Name": "orders_pkey", "Relation Name": "orders", "Alias": "orders", "Startup Cost": 0.0, "Total Cost": 768477.13, "Plan Rows": 7310217, "Plan Width": 28, "Actual Startup Time": 0.066, "Actual Total Time": 10057.981, "Actual Rows": 7276947, "Actual Loops": 1, "Filter": "(o_orderdate < '1995-03-13 00:00:00'::timestamp(0) without time zone), (LLVM Optimized, Jit Execute)", "Rows Removed by Filter": 7723053}, {"Node Type": "Hash", "Parent Relationship": "Inner", "Startup Cost": 84515.36, "Total Cost": 84515.36, "Plan Rows": 303948, "Plan Width": 8, "Actual Startup Time": 1196.409, "Actual Total Time": 1196.409, "Actual Rows": 300036, "Actual Loops": 1, "Hash Buckets": 524288, "Hash Batches": 1, "Original Hash Batches": 1, "Peak Memory Usage": 11721, "Plans": [{"Node Type": "Index Scan", "Parent Relationship": "Outer", "Scan Direction": "Forward", "Index Name": "customer_pkey", "Relation Name": "customer", "Alias": "customer", "Startup Cost": 0.0, "Total Cost": 84515.36, "Plan Rows": 303948, "Plan Width": 8, "Actual Startup Time": 0.033, "Actual Total Time": 1104.528, "Actual Rows": 300036, "Actual Loops": 1, "Filter": "(c_mktsegment = 'AUTOMOBILE'::bpchar), (LLVM Optimized, Jit Execute)", "Rows Removed by Filter": 1199964}]}]}, {"Node Type": "Index Scan", "Parent Relationship": "Inner", "Scan Direction": "Forward", "Index Name": "idx_lineitem_orderkey", "Relation Name": "lineitem", "Alias": "lineitem", "Startup Cost": 0.0, "Total Cost": 1.35, "Plan Rows": 5, "Plan Width": 24, "Actual Startup Time": 10649.647, "Actual Total Time": 10927.106, "Actual Rows": 300219, "Actual Loops": 1455173, "Index Cond": "(l_orderkey = orders.o_orderkey)", "Rows Removed by Index Recheck": 0, "Filter": "(l_shipdate > '1995-03-13 00:00:00'::timestamp(0) without time zone)", "Rows Removed by Filter": 5519788}]}]}]}]}, "Triggers": [], "Planner Runtime": 1.171, "Total Runtime": 26790.704, "Unique SQL Id": 3929762122}}, "(16, '106')": {"explain_plan": {"Plan": {"Node Type": "Limit", "Startup Cost": 3055991.15, "Total Cost": 3055991.17, "Plan Rows": 10, "Plan Width": 44, "Plans": [{"Node Type": "Sort", "Parent Relationship": "Outer", "Startup Cost": 3055991.15, "Total Cost": 3064889.27, "Plan Rows": 10, "Plan Width": 44, "Sort Key": ["(sum((lineitem.l_extendedprice * (1::double precision - lineitem.l_discount)))) DESC", "orders.o_orderdate"], "Plans": [{"Node Type": "Aggregate", "Strategy": "Hashed", "Parent Relationship": "Outer", "Startup Cost": 2943484.63, "Total Cost": 2979077.1, "Plan Rows": 3559247, "Plan Width": 44, "Group By Key": ["lineitem.l_orderkey", "orders.o_orderdate", "orders.o_shippriority"], "Plans": [{"Node Type": "Hash Join", "Parent Relationship": "Outer", "Join Type": "Inner", "Startup Cost": 567106.02, "Total Cost": 2890095.93, "Plan Rows": 3559247, "Plan Width": 36, "Inner Unique": false, "Hash Cond": "(lineitem.l_orderkey = orders.o_orderkey), (LLVM Optimized)", "Plans": [{"Node Type": "Seq Scan", "Parent Relationship": "Outer", "Relation Name": "lineitem", "Alias": "lineitem", "Startup Cost": 0.0, "Total Cost": 2165082.91, "Plan Rows": 32617206, "Plan Width": 24, "Filter": "(l_shipdate > '1995-03-13 00:00:00'::timestamp(0) without time zone), (LLVM Optimized)"}, {"Node Type": "Hash", "Parent Relationship": "Inner", "Startup Cost": 558158.87, "Total Cost": 558158.87, "Plan Rows": 715772, "Plan Width": 20, "Plans": [{"Node Type": "Hash Join", "Parent Relationship": "Outer", "Join Type": "Inner", "Startup Cost": 60060.63, "Total Cost": 558158.87, "Plan Rows": 715772, "Plan Width": 20, "Inner Unique": true, "Hash Cond": "(orders.o_custkey = customer.c_custkey), (LLVM Optimized)", "Plans": [{"Node Type": "Seq Scan", "Parent Relationship": "Outer", "Relation Name": "orders", "Alias": "orders", "Startup Cost": 385.28, "Total Cost": 463912.49, "Plan Rows": 7310217, "Plan Width": 28, "Filter": "(o_orderdate < '1995-03-13 00:00:00'::timestamp(0) without time zone), (LLVM Optimized)"}, {"Node Type": "Hash", "Parent Relationship": "Inner", "Startup Cost": 55876.0, "Total Cost": 55876.0, "Plan Rows": 303948, "Plan Width": 8, "Plans": [{"Node Type": "Seq Scan", "Parent Relationship": "Outer", "Relation Name": "customer", "Alias": "customer", "Startup Cost": 0.0, "Total Cost": 55876.0, "Plan Rows": 303948, "Plan Width": 8, "Filter": "(c_mktsegment = 'AUTOMOBILE'::bpchar), (LLVM Optimized)"}]}]}]}]}]}]}]}, "Unique SQL Id": 3929762122, "Planner Runtime": 0}, "explain_analyze_plan": {"Plan": {"Node Type": "Limit", "Startup Cost": 3055991.15, "Total Cost": 3055991.17, "Plan Rows": 10, "Plan Width": 44, "Actual Startup Time": 39713.629, "Actual Total Time": 39713.634, "Actual Rows": 10, "Actual Loops": 1, "Plans": [{"Node Type": "Sort", "Parent Relationship": "Outer", "Startup Cost": 3055991.15, "Total Cost": 3064889.27, "Plan Rows": 10, "Plan Width": 44, "Actual Startup Time": 39713.626, "Actual Total Time": 39713.628, "Actual Rows": 10, "Actual Loops": 1, "Sort Key": ["(sum((lineitem.l_extendedprice * (1::double precision - lineitem.l_discount)))) DESC", "orders.o_orderdate"], "Sort Method": "top-N heapsort", "Sort Space Used": 26, "Sort Space Type": "Memory", "Plans": [{"Node Type": "Aggregate", "Strategy": "Hashed", "Parent Relationship": "Outer", "Startup Cost": 2943484.63, "Total Cost": 2979077.1, "Plan Rows": 3559247, "Plan Width": 44, "Actual Startup Time": 39626.411, "Actual Total Time": 39686.275, "Actual Rows": 113719, "Actual Loops": 1, "Group By Key": ["lineitem.l_orderkey", "orders.o_orderdate", "orders.o_shippriority"], "Plans": [{"Node Type": "Hash Join", "Parent Relationship": "Outer", "Join Type": "Inner", "Startup Cost": 567106.02, "Total Cost": 2890095.93, "Plan Rows": 3559247, "Plan Width": 36, "Actual Startup Time": 9131.902, "Actual Total Time": 39338.873, "Actual Rows": 300219, "Actual Loops": 1, "Inner Unique": false, "Hash Cond": "(lineitem.l_orderkey = orders.o_orderkey), (LLVM Optimized, Jit Execute)", "Plans": [{"Node Type": "Seq Scan", "Parent Relationship": "Outer", "Relation Name": "lineitem", "Alias": "lineitem", "Startup Cost": 0.0, "Total Cost": 2165082.91, "Plan Rows": 32617206, "Plan Width": 24, "Actual Startup Time": 0.053, "Actual Total Time": 21301.113, "Actual Rows": 32384344, "Actual Loops": 1, "Filter": "(l_shipdate > '1995-03-13 00:00:00'::timestamp(0) without time zone), (LLVM Optimized, Jit Execute)", "Rows Removed by Filter": 27601708}, {"Node Type": "Hash", "Parent Relationship": "Inner", "Startup Cost": 558158.87, "Total Cost": 558158.87, "Plan Rows": 715772, "Plan Width": 20, "Actual Startup Time": 9130.472, "Actual Total Time": 9130.472, "Actual Rows": 1455173, "Actual Loops": 1, "Hash Buckets": 1048576, "Hash Batches": 1, "Original Hash Batches": 1, "Peak Memory Usage": 79580, "Plans": [{"Node Type": "Hash Join", "Parent Relationship": "Outer", "Join Type": "Inner", "Startup Cost": 60060.63, "Total Cost": 558158.87, "Plan Rows": 715772, "Plan Width": 20, "Actual Startup Time": 778.207, "Actual Total Time": 8478.744, "Actual Rows": 1455173, "Actual Loops": 1, "Inner Unique": true, "Hash Cond": "(orders.o_custkey = customer.c_custkey), (LLVM Optimized, Jit Execute)", "Plans": [{"Node Type": "Seq Scan", "Parent Relationship": "Outer", "Relation Name": "orders", "Alias": "orders", "Startup Cost": 385.28, "Total Cost": 463912.49, "Plan Rows": 7310217, "Plan Width": 28, "Actual Startup Time": 0.027, "Actual Total Time": 4887.817, "Actual Rows": 7276947, "Actual Loops": 1, "Filter": "(o_orderdate < '1995-03-13 00:00:00'::timestamp(0) without time zone), (LLVM Optimized, Jit Execute)", "Rows Removed by Filter": 7723053}, {"Node Type": "Hash", "Parent Relationship": "Inner", "Startup Cost": 55876.0, "Total Cost": 55876.0, "Plan Rows": 303948, "Plan Width": 8, "Actual Startup Time": 777.811, "Actual Total Time": 777.811, "Actual Rows": 300036, "Actual Loops": 1, "Hash Buckets": 524288, "Hash Batches": 1, "Original Hash Batches": 1, "Peak Memory Usage": 11721, "Plans": [{"Node Type": "Seq Scan", "Parent Relationship": "Outer", "Relation Name": "customer", "Alias": "customer", "Startup Cost": 0.0, "Total Cost": 55876.0, "Plan Rows": 303948, "Plan Width": 8, "Actual Startup Time": 0.027, "Actual Total Time": 662.042, "Actual Rows": 300036, "Actual Loops": 1, "Filter": "(c_mktsegment = 'AUTOMOBILE'::bpchar), (LLVM Optimized, Jit Execute)", "Rows Removed by Filter": 1199964}]}]}]}]}]}]}]}, "Triggers": [], "Planner Runtime": 1.217, "Total Runtime": 39723.964, "Unique SQL Id": 3929762122}}, "(16, '107')": {"explain_plan": {"Plan": {"Node Type": "Limit", "Startup Cost": 3000424682501.37, "Total Cost": 3000424682501.4, "Plan Rows": 10, "Plan Width": 44, "Plans": [{"Node Type": "Sort", "Parent Relationship": "Outer", "Startup Cost": 3000424682501.37, "Total Cost": 3000424691399.49, "Plan Rows": 10, "Plan Width": 44, "Sort Key": ["(sum((lineitem.l_extendedprice * (1::double precision - lineitem.l_discount)))) DESC", "orders.o_orderdate"], "Plans": [{"Node Type": "Aggregate", "Strategy": "Hashed", "Parent Relationship": "Outer", "Startup Cost": 3000424569994.85, "Total Cost": 3000424605587.32, "Plan Rows": 3559247, "Plan Width": 44, "Group By Key": ["lineitem.l_orderkey", "orders.o_orderdate", "orders.o_shippriority"], "Plans": [{"Node Type": "Hash Join", "Parent Relationship": "Outer", "Join Type": "Inner", "Startup Cost": 2010085346566.41, "Total Cost": 3000424516606.15, "Plan Rows": 3559247, "Plan Width": 36, "Inner Unique": false, "Hash Cond": "(lineitem.l_orderkey = orders.o_orderkey), (LLVM Optimized)", "Plans": [{"Node Type": "Index Scan", "Parent Relationship": "Outer", "Scan Direction": "Forward", "Index Name": "idx_lineitem_orderkey", "Relation Name": "lineitem", "Alias": "lineitem", "Startup Cost": 10000000000.0, "Total Cost": 1000339012132.75, "Plan Rows": 32617206, "Plan Width": 24, "Filter": "(l_shipdate > '1995-03-13 00:00:00'::timestamp(0) without time zone), (LLVM Optimized)"}, {"Node Type": "Hash", "Parent Relationship": "Inner", "Startup Cost": 2000085337619.26, "Total Cost": 2000085337619.26, "Plan Rows": 715772, "Plan Width": 20, "Plans": [{"Node Type": "Hash Join", "Parent Relationship": "Outer", "Join Type": "Inner", "Startup Cost": 1010008455334.97, "Total Cost": 2000085337619.26, "Plan Rows": 715772, "Plan Width": 20, "Inner Unique": true, "Hash Cond": "(orders.o_custkey = customer.c_custkey), (LLVM Optimized)", "Plans": [{"Node Type": "Index Scan", "Parent Relationship": "Outer", "Scan Direction": "Forward", "Index Name": "orders_pkey", "Relation Name": "orders", "Alias": "orders", "Startup Cost": 10000000000.0, "Total Cost": 1000076847713.25, "Plan Rows": 7310217, "Plan Width": 28, "Filter": "(o_orderdate < '1995-03-13 00:00:00'::timestamp(0) without time zone), (LLVM Optimized)"}, {"Node Type": "Hash", "Parent Relationship": "Inner", "Startup Cost": 1000008451535.62, "Total Cost": 1000008451535.62, "Plan Rows": 303948, "Plan Width": 8, "Plans": [{"Node Type": "Index Scan", "Parent Relationship": "Outer", "Scan Direction": "Forward", "Index Name": "customer_pkey", "Relation Name": "customer", "Alias": "customer", "Startup Cost": 10000000000.0, "Total Cost": 1000008451535.62, "Plan Rows": 303948, "Plan Width": 8, "Filter": "(c_mktsegment = 'AUTOMOBILE'::bpchar), (LLVM Optimized)"}]}]}]}]}]}]}]}, "Unique SQL Id": 3929762122, "Planner Runtime": 0}, "explain_analyze_plan": null}, "(16, '108')": {"explain_plan": {"Plan": {"Node Type": "Limit", "Startup Cost": 1728598.43, "Total Cost": 1728598.46, "Plan Rows": 10, "Plan Width": 44, "Plans": [{"Node Type": "Sort", "Parent Relationship": "Outer", "Startup Cost": 1728598.43, "Total Cost": 1737496.55, "Plan Rows": 10, "Plan Width": 44, "Sort Key": ["(sum((lineitem.l_extendedprice * (1::double precision - lineitem.l_discount)))) DESC", "orders.o_orderdate"], "Plans": [{"Node Type": "Aggregate", "Strategy": "Hashed", "Parent Relationship": "Outer", "Startup Cost": 1616091.91, "Total Cost": 1651684.38, "Plan Rows": 3559247, "Plan Width": 44, "Group By Key": ["lineitem.l_orderkey", "orders.o_orderdate", "orders.o_shippriority"], "Plans": [{"Node Type": "Nested Loop", "Parent Relationship": "Outer", "Join Type": "Inner", "Startup Cost": 60060.63, "Total Cost": 1562703.21, "Plan Rows": 3559247, "Plan Width": 36, "Inner Unique": false, "Plans": [{"Node Type": "Hash Join", "Parent Relationship": "Outer", "Join Type": "Inner", "Startup Cost": 60060.63, "Total Cost": 558158.87, "Plan Rows": 715772, "Plan Width": 20, "Inner Unique": true, "Hash Cond": "(orders.o_custkey = customer.c_custkey), (LLVM Optimized)", "Plans": [{"Node Type": "Seq Scan", "Parent Relationship": "Outer", "Relation Name": "orders", "Alias": "orders", "Startup Cost": 385.28, "Total Cost": 463912.49, "Plan Rows": 7310217, "Plan Width": 28, "Filter": "(o_orderdate < '1995-03-13 00:00:00'::timestamp(0) without time zone), (LLVM Optimized)"}, {"Node Type": "Hash", "Parent Relationship": "Inner", "Startup Cost": 55876.0, "Total Cost": 55876.0, "Plan Rows": 303948, "Plan Width": 8, "Plans": [{"Node Type": "Seq Scan", "Parent Relationship": "Outer", "Relation Name": "customer", "Alias": "customer", "Startup Cost": 0.0, "Total Cost": 55876.0, "Plan Rows": 303948, "Plan Width": 8, "Filter": "(c_mktsegment = 'AUTOMOBILE'::bpchar), (LLVM Optimized)"}]}]}, {"Node Type": "Index Scan", "Parent Relationship": "Inner", "Scan Direction": "Forward", "Index Name": "idx_lineitem_orderkey", "Relation Name": "lineitem", "Alias": "lineitem", "Startup Cost": 0.0, "Total Cost": 1.35, "Plan Rows": 5, "Plan Width": 24, "Index Cond": "(l_orderkey = orders.o_orderkey)", "Filter": "(l_shipdate > '1995-03-13 00:00:00'::timestamp(0) without time zone)"}]}]}]}]}, "Unique SQL Id": 3929762122, "Planner Runtime": 0}, "explain_analyze_plan": {"Plan": {"Node Type": "Limit", "Startup Cost": 1728598.43, "Total Cost": 1728598.46, "Plan Rows": 10, "Plan Width": 44, "Actual Startup Time": 21057.673, "Actual Total Time": 21057.676, "Actual Rows": 10, "Actual Loops": 1, "Plans": [{"Node Type": "Sort", "Parent Relationship": "Outer", "Startup Cost": 1728598.43, "Total Cost": 1737496.55, "Plan Rows": 10, "Plan Width": 44, "Actual Startup Time": 21057.669, "Actual Total Time": 21057.671, "Actual Rows": 10, "Actual Loops": 1, "Sort Key": ["(sum((lineitem.l_extendedprice * (1::double precision - lineitem.l_discount)))) DESC", "orders.o_orderdate"], "Sort Method": "top-N heapsort", "Sort Space Used": 26, "Sort Space Type": "Memory", "Plans": [{"Node Type": "Aggregate", "Strategy": "Hashed", "Parent Relationship": "Outer", "Startup Cost": 1616091.91, "Total Cost": 1651684.38, "Plan Rows": 3559247, "Plan Width": 44, "Actual Startup Time": 20966.575, "Actual Total Time": 21030.343, "Actual Rows": 113719, "Actual Loops": 1, "Group By Key": ["lineitem.l_orderkey", "orders.o_orderdate", "orders.o_shippriority"], "Plans": [{"Node Type": "Nested Loop", "Parent Relationship": "Outer", "Join Type": "Inner", "Startup Cost": 60060.63, "Total Cost": 1562703.21, "Plan Rows": 3559247, "Plan Width": 36, "Actual Startup Time": 763.259, "Actual Total Time": 20649.316, "Actual Rows": 300219, "Actual Loops": 1, "Inner Unique": false, "Plans": [{"Node Type": "Hash Join", "Parent Relationship": "Outer", "Join Type": "Inner", "Startup Cost": 60060.63, "Total Cost": 558158.87, "Plan Rows": 715772, "Plan Width": 20, "Actual Startup Time": 763.021, "Actual Total Time": 8834.817, "Actual Rows": 1455173, "Actual Loops": 1, "Inner Unique": true, "Hash Cond": "(orders.o_custkey = customer.c_custkey), (LLVM Optimized, Jit Execute)", "Plans": [{"Node Type": "Seq Scan", "Parent Relationship": "Outer", "Relation Name": "orders", "Alias": "orders", "Startup Cost": 385.28, "Total Cost": 463912.49, "Plan Rows": 7310217, "Plan Width": 28, "Actual Startup Time": 0.045, "Actual Total Time": 4909.997, "Actual Rows": 7276947, "Actual Loops": 1, "Filter": "(o_orderdate < '1995-03-13 00:00:00'::timestamp(0) without time zone), (LLVM Optimized, Jit Execute)", "Rows Removed by Filter": 7723053}, {"Node Type": "Hash", "Parent Relationship": "Inner", "Startup Cost": 55876.0, "Total Cost": 55876.0, "Plan Rows": 303948, "Plan Width": 8, "Actual Startup Time": 762.556, "Actual Total Time": 762.556, "Actual Rows": 300036, "Actual Loops": 1, "Hash Buckets": 524288, "Hash Batches": 1, "Original Hash Batches": 1, "Peak Memory Usage": 11721, "Plans": [{"Node Type": "Seq Scan", "Parent Relationship": "Outer", "Relation Name": "customer", "Alias": "customer", "Startup Cost": 0.0, "Total Cost": 55876.0, "Plan Rows": 303948, "Plan Width": 8, "Actual Startup Time": 0.031, "Actual Total Time": 648.707, "Actual Rows": 300036, "Actual Loops": 1, "Filter": "(c_mktsegment = 'AUTOMOBILE'::bpchar), (LLVM Optimized, Jit Execute)", "Rows Removed by Filter": 1199964}]}]}, {"Node Type": "Index Scan", "Parent Relationship": "Inner", "Scan Direction": "Forward", "Index Name": "idx_lineitem_orderkey", "Relation Name": "lineitem", "Alias": "lineitem", "Startup Cost": 0.0, "Total Cost": 1.35, "Plan Rows": 5, "Plan Width": 24, "Actual Startup Time": 10726.875, "Actual Total Time": 11015.442, "Actual Rows": 300219, "Actual Loops": 1455173, "Index Cond": "(l_orderkey = orders.o_orderkey)", "Rows Removed by Index Recheck": 0, "Filter": "(l_shipdate > '1995-03-13 00:00:00'::timestamp(0) without time zone)", "Rows Removed by Filter": 5519788}]}]}]}]}, "Triggers": [], "Planner Runtime": 1.214, "Total Runtime": 21067.656, "Unique SQL Id": 3929762122}}, "(16, '109')": {"explain_plan": {"Plan": {"Node Type": "Limit", "Startup Cost": 2061802.43, "Total Cost": 2061802.46, "Plan Rows": 10, "Plan Width": 44, "Plans": [{"Node Type": "Sort", "Parent Relationship": "Outer", "Startup Cost": 2061802.43, "Total Cost": 2070700.55, "Plan Rows": 10, "Plan Width": 44, "Sort Key": ["(sum((lineitem.l_extendedprice * (1::double precision - lineitem.l_discount)))) DESC", "orders.o_orderdate"], "Plans": [{"Node Type": "Aggregate", "Strategy": "Hashed", "Parent Relationship": "Outer", "Startup Cost": 1949295.92, "Total Cost": 1984888.39, "Plan Rows": 3559247, "Plan Width": 44, "Group By Key": ["lineitem.l_orderkey", "orders.o_orderdate", "orders.o_shippriority"], "Plans": [{"Node Type": "Nested Loop", "Parent Relationship": "Outer", "Join Type": "Inner", "Startup Cost": 88314.71, "Total Cost": 1895907.21, "Plan Rows": 3559247, "Plan Width": 36, "Inner Unique": false, "Plans": [{"Node Type": "Hash Join", "Parent Relationship": "Outer", "Join Type": "Inner", "Startup Cost": 88314.71, "Total Cost": 891362.87, "Plan Rows": 715772, "Plan Width": 20, "Inner Unique": true, "Hash Cond": "(orders.o_custkey = customer.c_custkey), (LLVM Optimized)", "Plans": [{"Node Type": "Index Scan", "Parent Relationship": "Outer", "Scan Direction": "Forward", "Index Name": "orders_pkey", "Relation Name": "orders", "Alias": "orders", "Startup Cost": 0.0, "Total Cost": 768477.13, "Plan Rows": 7310217, "Plan Width": 28, "Filter": "(o_orderdate < '1995-03-13 00:00:00'::timestamp(0) without time zone), (LLVM Optimized)"}, {"Node Type": "Hash", "Parent Relationship": "Inner", "Startup Cost": 84515.36, "Total Cost": 84515.36, "Plan Rows": 303948, "Plan Width": 8, "Plans": [{"Node Type": "Index Scan", "Parent Relationship": "Outer", "Scan Direction": "Forward", "Index Name": "customer_pkey", "Relation Name": "customer", "Alias": "customer", "Startup Cost": 0.0, "Total Cost": 84515.36, "Plan Rows": 303948, "Plan Width": 8, "Filter": "(c_mktsegment = 'AUTOMOBILE'::bpchar), (LLVM Optimized)"}]}]}, {"Node Type": "Index Scan", "Parent Relationship": "Inner", "Scan Direction": "Forward", "Index Name": "idx_lineitem_orderkey", "Relation Name": "lineitem", "Alias": "lineitem", "Startup Cost": 0.0, "Total Cost": 1.35, "Plan Rows": 5, "Plan Width": 24, "Index Cond": "(l_orderkey = orders.o_orderkey)", "Filter": "(l_shipdate > '1995-03-13 00:00:00'::timestamp(0) without time zone)"}]}]}]}]}, "Unique SQL Id": 3929762122, "Planner Runtime": 0}, "explain_analyze_plan": {"Plan": {"Node Type": "Limit", "Startup Cost": 2061802.43, "Total Cost": 2061802.46, "Plan Rows": 10, "Plan Width": 44, "Actual Startup Time": 26780.809, "Actual Total Time": 26780.812, "Actual Rows": 10, "Actual Loops": 1, "Plans": [{"Node Type": "Sort", "Parent Relationship": "Outer", "Startup Cost": 2061802.43, "Total Cost": 2070700.55, "Plan Rows": 10, "Plan Width": 44, "Actual Startup Time": 26780.806, "Actual Total Time": 26780.807, "Actual Rows": 10, "Actual Loops": 1, "Sort Key": ["(sum((lineitem.l_extendedprice * (1::double precision - lineitem.l_discount)))) DESC", "orders.o_orderdate"], "Sort Method": "top-N heapsort", "Sort Space Used": 26, "Sort Space Type": "Memory", "Plans": [{"Node Type": "Aggregate", "Strategy": "Hashed", "Parent Relationship": "Outer", "Startup Cost": 1949295.92, "Total Cost": 1984888.39, "Plan Rows": 3559247, "Plan Width": 44, "Actual Startup Time": 26671.704, "Actual Total Time": 26753.285, "Actual Rows": 113719, "Actual Loops": 1, "Group By Key": ["lineitem.l_orderkey", "orders.o_orderdate", "orders.o_shippriority"], "Plans": [{"Node Type": "Nested Loop", "Parent Relationship": "Outer", "Join Type": "Inner", "Startup Cost": 88314.71, "Total Cost": 1895907.21, "Plan Rows": 3559247, "Plan Width": 36, "Actual Startup Time": 1197.087, "Actual Total Time": 26368.067, "Actual Rows": 300219, "Actual Loops": 1, "Inner Unique": false, "Plans": [{"Node Type": "Hash Join", "Parent Relationship": "Outer", "Join Type": "Inner", "Startup Cost": 88314.71, "Total Cost": 891362.87, "Plan Rows": 715772, "Plan Width": 20, "Actual Startup Time": 1196.855, "Actual Total Time": 14651.439, "Actual Rows": 1455173, "Actual Loops": 1, "Inner Unique": true, "Hash Cond": "(orders.o_custkey = customer.c_custkey), (LLVM Optimized, Jit Execute)", "Plans": [{"Node Type": "Index Scan", "Parent Relationship": "Outer", "Scan Direction": "Forward", "Index Name": "orders_pkey", "Relation Name": "orders", "Alias": "orders", "Startup Cost": 0.0, "Total Cost": 768477.13, "Plan Rows": 7310217, "Plan Width": 28, "Actual Startup Time": 0.066, "Actual Total Time": 10057.981, "Actual Rows": 7276947, "Actual Loops": 1, "Filter": "(o_orderdate < '1995-03-13 00:00:00'::timestamp(0) without time zone), (LLVM Optimized, Jit Execute)", "Rows Removed by Filter": 7723053}, {"Node Type": "Hash", "Parent Relationship": "Inner", "Startup Cost": 84515.36, "Total Cost": 84515.36, "Plan Rows": 303948, "Plan Width": 8, "Actual Startup Time": 1196.409, "Actual Total Time": 1196.409, "Actual Rows": 300036, "Actual Loops": 1, "Hash Buckets": 524288, "Hash Batches": 1, "Original Hash Batches": 1, "Peak Memory Usage": 11721, "Plans": [{"Node Type": "Index Scan", "Parent Relationship": "Outer", "Scan Direction": "Forward", "Index Name": "customer_pkey", "Relation Name": "customer", "Alias": "customer", "Startup Cost": 0.0, "Total Cost": 84515.36, "Plan Rows": 303948, "Plan Width": 8, "Actual Startup Time": 0.033, "Actual Total Time": 1104.528, "Actual Rows": 300036, "Actual Loops": 1, "Filter": "(c_mktsegment = 'AUTOMOBILE'::bpchar), (LLVM Optimized, Jit Execute)", "Rows Removed by Filter": 1199964}]}]}, {"Node Type": "Index Scan", "Parent Relationship": "Inner", "Scan Direction": "Forward", "Index Name": "idx_lineitem_orderkey", "Relation Name": "lineitem", "Alias": "lineitem", "Startup Cost": 0.0, "Total Cost": 1.35, "Plan Rows": 5, "Plan Width": 24, "Actual Startup Time": 10649.647, "Actual Total Time": 10927.106, "Actual Rows": 300219, "Actual Loops": 1455173, "Index Cond": "(l_orderkey = orders.o_orderkey)", "Rows Removed by Index Recheck": 0, "Filter": "(l_shipdate > '1995-03-13 00:00:00'::timestamp(0) without time zone)", "Rows Removed by Filter": 5519788}]}]}]}]}, "Triggers": [], "Planner Runtime": 1.171, "Total Runtime": 26790.704, "Unique SQL Id": 3929762122}}, "(16, '110')": {"explain_plan": {"Plan": {"Node Type": "Limit", "Startup Cost": 3055991.15, "Total Cost": 3055991.17, "Plan Rows": 10, "Plan Width": 44, "Plans": [{"Node Type": "Sort", "Parent Relationship": "Outer", "Startup Cost": 3055991.15, "Total Cost": 3064889.27, "Plan Rows": 10, "Plan Width": 44, "Sort Key": ["(sum((lineitem.l_extendedprice * (1::double precision - lineitem.l_discount)))) DESC", "orders.o_orderdate"], "Plans": [{"Node Type": "Aggregate", "Strategy": "Hashed", "Parent Relationship": "Outer", "Startup Cost": 2943484.63, "Total Cost": 2979077.1, "Plan Rows": 3559247, "Plan Width": 44, "Group By Key": ["lineitem.l_orderkey", "orders.o_orderdate", "orders.o_shippriority"], "Plans": [{"Node Type": "Hash Join", "Parent Relationship": "Outer", "Join Type": "Inner", "Startup Cost": 567106.02, "Total Cost": 2890095.93, "Plan Rows": 3559247, "Plan Width": 36, "Inner Unique": false, "Hash Cond": "(lineitem.l_orderkey = orders.o_orderkey), (LLVM Optimized)", "Plans": [{"Node Type": "Seq Scan", "Parent Relationship": "Outer", "Relation Name": "lineitem", "Alias": "lineitem", "Startup Cost": 0.0, "Total Cost": 2165082.91, "Plan Rows": 32617206, "Plan Width": 24, "Filter": "(l_shipdate > '1995-03-13 00:00:00'::timestamp(0) without time zone), (LLVM Optimized)"}, {"Node Type": "Hash", "Parent Relationship": "Inner", "Startup Cost": 558158.87, "Total Cost": 558158.87, "Plan Rows": 715772, "Plan Width": 20, "Plans": [{"Node Type": "Hash Join", "Parent Relationship": "Outer", "Join Type": "Inner", "Startup Cost": 60060.63, "Total Cost": 558158.87, "Plan Rows": 715772, "Plan Width": 20, "Inner Unique": true, "Hash Cond": "(orders.o_custkey = customer.c_custkey), (LLVM Optimized)", "Plans": [{"Node Type": "Seq Scan", "Parent Relationship": "Outer", "Relation Name": "orders", "Alias": "orders", "Startup Cost": 385.28, "Total Cost": 463912.49, "Plan Rows": 7310217, "Plan Width": 28, "Filter": "(o_orderdate < '1995-03-13 00:00:00'::timestamp(0) without time zone), (LLVM Optimized)"}, {"Node Type": "Hash", "Parent Relationship": "Inner", "Startup Cost": 55876.0, "Total Cost": 55876.0, "Plan Rows": 303948, "Plan Width": 8, "Plans": [{"Node Type": "Seq Scan", "Parent Relationship": "Outer", "Relation Name": "customer", "Alias": "customer", "Startup Cost": 0.0, "Total Cost": 55876.0, "Plan Rows": 303948, "Plan Width": 8, "Filter": "(c_mktsegment = 'AUTOMOBILE'::bpchar), (LLVM Optimized)"}]}]}]}]}]}]}]}, "Unique SQL Id": 3929762122, "Planner Runtime": 0}, "explain_analyze_plan": {"Plan": {"Node Type": "Limit", "Startup Cost": 3055991.15, "Total Cost": 3055991.17, "Plan Rows": 10, "Plan Width": 44, "Actual Startup Time": 39713.629, "Actual Total Time": 39713.634, "Actual Rows": 10, "Actual Loops": 1, "Plans": [{"Node Type": "Sort", "Parent Relationship": "Outer", "Startup Cost": 3055991.15, "Total Cost": 3064889.27, "Plan Rows": 10, "Plan Width": 44, "Actual Startup Time": 39713.626, "Actual Total Time": 39713.628, "Actual Rows": 10, "Actual Loops": 1, "Sort Key": ["(sum((lineitem.l_extendedprice * (1::double precision - lineitem.l_discount)))) DESC", "orders.o_orderdate"], "Sort Method": "top-N heapsort", "Sort Space Used": 26, "Sort Space Type": "Memory", "Plans": [{"Node Type": "Aggregate", "Strategy": "Hashed", "Parent Relationship": "Outer", "Startup Cost": 2943484.63, "Total Cost": 2979077.1, "Plan Rows": 3559247, "Plan Width": 44, "Actual Startup Time": 39626.411, "Actual Total Time": 39686.275, "Actual Rows": 113719, "Actual Loops": 1, "Group By Key": ["lineitem.l_orderkey", "orders.o_orderdate", "orders.o_shippriority"], "Plans": [{"Node Type": "Hash Join", "Parent Relationship": "Outer", "Join Type": "Inner", "Startup Cost": 567106.02, "Total Cost": 2890095.93, "Plan Rows": 3559247, "Plan Width": 36, "Actual Startup Time": 9131.902, "Actual Total Time": 39338.873, "Actual Rows": 300219, "Actual Loops": 1, "Inner Unique": false, "Hash Cond": "(lineitem.l_orderkey = orders.o_orderkey), (LLVM Optimized, Jit Execute)", "Plans": [{"Node Type": "Seq Scan", "Parent Relationship": "Outer", "Relation Name": "lineitem", "Alias": "lineitem", "Startup Cost": 0.0, "Total Cost": 2165082.91, "Plan Rows": 32617206, "Plan Width": 24, "Actual Startup Time": 0.053, "Actual Total Time": 21301.113, "Actual Rows": 32384344, "Actual Loops": 1, "Filter": "(l_shipdate > '1995-03-13 00:00:00'::timestamp(0) without time zone), (LLVM Optimized, Jit Execute)", "Rows Removed by Filter": 27601708}, {"Node Type": "Hash", "Parent Relationship": "Inner", "Startup Cost": 558158.87, "Total Cost": 558158.87, "Plan Rows": 715772, "Plan Width": 20, "Actual Startup Time": 9130.472, "Actual Total Time": 9130.472, "Actual Rows": 1455173, "Actual Loops": 1, "Hash Buckets": 1048576, "Hash Batches": 1, "Original Hash Batches": 1, "Peak Memory Usage": 79580, "Plans": [{"Node Type": "Hash Join", "Parent Relationship": "Outer", "Join Type": "Inner", "Startup Cost": 60060.63, "Total Cost": 558158.87, "Plan Rows": 715772, "Plan Width": 20, "Actual Startup Time": 778.207, "Actual Total Time": 8478.744, "Actual Rows": 1455173, "Actual Loops": 1, "Inner Unique": true, "Hash Cond": "(orders.o_custkey = customer.c_custkey), (LLVM Optimized, Jit Execute)", "Plans": [{"Node Type": "Seq Scan", "Parent Relationship": "Outer", "Relation Name": "orders", "Alias": "orders", "Startup Cost": 385.28, "Total Cost": 463912.49, "Plan Rows": 7310217, "Plan Width": 28, "Actual Startup Time": 0.027, "Actual Total Time": 4887.817, "Actual Rows": 7276947, "Actual Loops": 1, "Filter": "(o_orderdate < '1995-03-13 00:00:00'::timestamp(0) without time zone), (LLVM Optimized, Jit Execute)", "Rows Removed by Filter": 7723053}, {"Node Type": "Hash", "Parent Relationship": "Inner", "Startup Cost": 55876.0, "Total Cost": 55876.0, "Plan Rows": 303948, "Plan Width": 8, "Actual Startup Time": 777.811, "Actual Total Time": 777.811, "Actual Rows": 300036, "Actual Loops": 1, "Hash Buckets": 524288, "Hash Batches": 1, "Original Hash Batches": 1, "Peak Memory Usage": 11721, "Plans": [{"Node Type": "Seq Scan", "Parent Relationship": "Outer", "Relation Name": "customer", "Alias": "customer", "Startup Cost": 0.0, "Total Cost": 55876.0, "Plan Rows": 303948, "Plan Width": 8, "Actual Startup Time": 0.027, "Actual Total Time": 662.042, "Actual Rows": 300036, "Actual Loops": 1, "Filter": "(c_mktsegment = 'AUTOMOBILE'::bpchar), (LLVM Optimized, Jit Execute)", "Rows Removed by Filter": 1199964}]}]}]}]}]}]}]}, "Triggers": [], "Planner Runtime": 1.217, "Total Runtime": 39723.964, "Unique SQL Id": 3929762122}}, "(16, '111')": {"explain_plan": {"Plan": {"Node Type": "Limit", "Startup Cost": 3000424682501.37, "Total Cost": 3000424682501.4, "Plan Rows": 10, "Plan Width": 44, "Plans": [{"Node Type": "Sort", "Parent Relationship": "Outer", "Startup Cost": 3000424682501.37, "Total Cost": 3000424691399.49, "Plan Rows": 10, "Plan Width": 44, "Sort Key": ["(sum((lineitem.l_extendedprice * (1::double precision - lineitem.l_discount)))) DESC", "orders.o_orderdate"], "Plans": [{"Node Type": "Aggregate", "Strategy": "Hashed", "Parent Relationship": "Outer", "Startup Cost": 3000424569994.85, "Total Cost": 3000424605587.32, "Plan Rows": 3559247, "Plan Width": 44, "Group By Key": ["lineitem.l_orderkey", "orders.o_orderdate", "orders.o_shippriority"], "Plans": [{"Node Type": "Hash Join", "Parent Relationship": "Outer", "Join Type": "Inner", "Startup Cost": 2010085346566.41, "Total Cost": 3000424516606.15, "Plan Rows": 3559247, "Plan Width": 36, "Inner Unique": false, "Hash Cond": "(lineitem.l_orderkey = orders.o_orderkey), (LLVM Optimized)", "Plans": [{"Node Type": "Index Scan", "Parent Relationship": "Outer", "Scan Direction": "Forward", "Index Name": "idx_lineitem_orderkey", "Relation Name": "lineitem", "Alias": "lineitem", "Startup Cost": 10000000000.0, "Total Cost": 1000339012132.75, "Plan Rows": 32617206, "Plan Width": 24, "Filter": "(l_shipdate > '1995-03-13 00:00:00'::timestamp(0) without time zone), (LLVM Optimized)"}, {"Node Type": "Hash", "Parent Relationship": "Inner", "Startup Cost": 2000085337619.26, "Total Cost": 2000085337619.26, "Plan Rows": 715772, "Plan Width": 20, "Plans": [{"Node Type": "Hash Join", "Parent Relationship": "Outer", "Join Type": "Inner", "Startup Cost": 1010008455334.97, "Total Cost": 2000085337619.26, "Plan Rows": 715772, "Plan Width": 20, "Inner Unique": true, "Hash Cond": "(orders.o_custkey = customer.c_custkey), (LLVM Optimized)", "Plans": [{"Node Type": "Index Scan", "Parent Relationship": "Outer", "Scan Direction": "Forward", "Index Name": "orders_pkey", "Relation Name": "orders", "Alias": "orders", "Startup Cost": 10000000000.0, "Total Cost": 1000076847713.25, "Plan Rows": 7310217, "Plan Width": 28, "Filter": "(o_orderdate < '1995-03-13 00:00:00'::timestamp(0) without time zone), (LLVM Optimized)"}, {"Node Type": "Hash", "Parent Relationship": "Inner", "Startup Cost": 1000008451535.62, "Total Cost": 1000008451535.62, "Plan Rows": 303948, "Plan Width": 8, "Plans": [{"Node Type": "Index Scan", "Parent Relationship": "Outer", "Scan Direction": "Forward", "Index Name": "customer_pkey", "Relation Name": "customer", "Alias": "customer", "Startup Cost": 10000000000.0, "Total Cost": 1000008451535.62, "Plan Rows": 303948, "Plan Width": 8, "Filter": "(c_mktsegment = 'AUTOMOBILE'::bpchar), (LLVM Optimized)"}]}]}]}]}]}]}]}, "Unique SQL Id": 3929762122, "Planner Runtime": 0}, "explain_analyze_plan": null}, "(16, '112')": {"explain_plan": {"Plan": {"Node Type": "Limit", "Startup Cost": 2671272.65, "Total Cost": 2671272.68, "Plan Rows": 10, "Plan Width": 44, "Plans": [{"Node Type": "Sort", "Parent Relationship": "Outer", "Startup Cost": 2671272.65, "Total Cost": 2680170.77, "Plan Rows": 10, "Plan Width": 44, "Sort Key": ["(sum((lineitem.l_extendedprice * (1::double precision - lineitem.l_discount)))) DESC", "orders.o_orderdate"], "Plans": [{"Node Type": "Aggregate", "Strategy": "Hashed", "Parent Relationship": "Outer", "Startup Cost": 2558766.13, "Total Cost": 2594358.6, "Plan Rows": 3559247, "Plan Width": 44, "Group By Key": ["lineitem.l_orderkey", "orders.o_orderdate", "orders.o_shippriority"], "Plans": [{"Node Type": "Nested Loop", "Parent Relationship": "Outer", "Join Type": "Inner", "Startup Cost": 0.0, "Total Cost": 2505377.43, "Plan Rows": 3559247, "Plan Width": 36, "Inner Unique": false, "Plans": [{"Node Type": "Nested Loop", "Parent Relationship": "Outer", "Join Type": "Inner", "Startup Cost": 0.0, "Total Cost": 1500833.09, "Plan Rows": 715772, "Plan Width": 20, "Inner Unique": false, "Plans": [{"Node Type": "Seq Scan", "Parent Relationship": "Outer", "Relation Name": "customer", "Alias": "customer", "Startup Cost": 0.0, "Total Cost": 55876.0, "Plan Rows": 303948, "Plan Width": 8, "Filter": "(c_mktsegment = 'AUTOMOBILE'::bpchar), (LLVM Optimized)"}, {"Node Type": "Index Scan", "Parent Relationship": "Inner", "Scan Direction": "Forward", "Index Name": "idx_orders_custkey", "Relation Name": "orders", "Alias": "orders", "Startup Cost": 0.0, "Total Cost": 4.73, "Plan Rows": 2, "Plan Width": 28, "Index Cond": "(o_custkey = customer.c_custkey)", "Filter": "(o_orderdate < '1995-03-13 00:00:00'::timestamp(0) without time zone)"}]}, {"Node Type": "Index Scan", "Parent Relationship": "Inner", "Scan Direction": "Forward", "Index Name": "idx_lineitem_orderkey", "Relation Name": "lineitem", "Alias": "lineitem", "Startup Cost": 0.0, "Total Cost": 1.35, "Plan Rows": 5, "Plan Width": 24, "Index Cond": "(l_orderkey = orders.o_orderkey)", "Filter": "(l_shipdate > '1995-03-13 00:00:00'::timestamp(0) without time zone)"}]}]}]}]}, "Unique SQL Id": 3929762122, "Planner Runtime": 0}, "explain_analyze_plan": {"Plan": {"Node Type": "Limit", "Startup Cost": 2671272.65, "Total Cost": 2671272.68, "Plan Rows": 10, "Plan Width": 44, "Actual Startup Time": 27307.658, "Actual Total Time": 27307.661, "Actual Rows": 10, "Actual Loops": 1, "Plans": [{"Node Type": "Sort", "Parent Relationship": "Outer", "Startup Cost": 2671272.65, "Total Cost": 2680170.77, "Plan Rows": 10, "Plan Width": 44, "Actual Startup Time": 27307.656, "Actual Total Time": 27307.657, "Actual Rows": 10, "Actual Loops": 1, "Sort Key": ["(sum((lineitem.l_extendedprice * (1::double precision - lineitem.l_discount)))) DESC", "orders.o_orderdate"], "Sort Method": "top-N heapsort", "Sort Space Used": 26, "Sort Space Type": "Memory", "Plans": [{"Node Type": "Aggregate", "Strategy": "Hashed", "Parent Relationship": "Outer", "Startup Cost": 2558766.13, "Total Cost": 2594358.6, "Plan Rows": 3559247, "Plan Width": 44, "Actual Startup Time": 27198.835, "Actual Total Time": 27279.953, "Actual Rows": 113719, "Actual Loops": 1, "Group By Key": ["lineitem.l_orderkey", "orders.o_orderdate", "orders.o_shippriority"], "Plans": [{"Node Type": "Nested Loop", "Parent Relationship": "Outer", "Join Type": "Inner", "Startup Cost": 0.0, "Total Cost": 2505377.43, "Plan Rows": 3559247, "Plan Width": 36, "Actual Startup Time": 0.206, "Actual Total Time": 26869.94, "Actual Rows": 300219, "Actual Loops": 1, "Inner Unique": false, "Plans": [{"Node Type": "Nested Loop", "Parent Relationship": "Outer", "Join Type": "Inner", "Startup Cost": 0.0, "Total Cost": 1500833.09, "Plan Rows": 715772, "Plan Width": 20, "Actual Startup Time": 0.099, "Actual Total Time": 9483.207, "Actual Rows": 1455173, "Actual Loops": 1, "Inner Unique": false, "Plans": [{"Node Type": "Seq Scan", "Parent Relationship": "Outer", "Relation Name": "customer", "Alias": "customer", "Startup Cost": 0.0, "Total Cost": 55876.0, "Plan Rows": 303948, "Plan Width": 8, "Actual Startup Time": 0.05, "Actual Total Time": 634.296, "Actual Rows": 300036, "Actual Loops": 1, "Filter": "(c_mktsegment = 'AUTOMOBILE'::bpchar), (LLVM Optimized, Jit Execute)", "Rows Removed by Filter": 1199964}, {"Node Type": "Index Scan", "Parent Relationship": "Inner", "Scan Direction": "Forward", "Index Name": "idx_orders_custkey", "Relation Name": "orders", "Alias": "orders", "Startup Cost": 0.0, "Total Cost": 4.73, "Plan Rows": 2, "Plan Width": 28, "Actual Startup Time": 2084.306, "Actual Total Time": 8313.681, "Actual Rows": 1455173, "Actual Loops": 300036, "Index Cond": "(o_custkey = customer.c_custkey)", "Rows Removed by Index Recheck": 0, "Filter": "(o_orderdate < '1995-03-13 00:00:00'::timestamp(0) without time zone)", "Rows Removed by Filter": 1545367}]}, {"Node Type": "Index Scan", "Parent Relationship": "Inner", "Scan Direction": "Forward", "Index Name": "idx_lineitem_orderkey", "Relation Name": "lineitem", "Alias": "lineitem", "Startup Cost": 0.0, "Total Cost": 1.35, "Plan Rows": 5, "Plan Width": 24, "Actual Startup Time": 16270.859, "Actual Total Time": 16558.196, "Actual Rows": 300219, "Actual Loops": 1455173, "Index Cond": "(l_orderkey = orders.o_orderkey)", "Rows Removed by Index Recheck": 0, "Filter": "(l_shipdate > '1995-03-13 00:00:00'::timestamp(0) without time zone)", "Rows Removed by Filter": 5519788}]}]}]}]}, "Triggers": [], "Planner Runtime": 0.649, "Total Runtime": 27317.051, "Unique SQL Id": 3929762122}}, "(16, '113')": {"explain_plan": {"Plan": {"Node Type": "Limit", "Startup Cost": 2699912.01, "Total Cost": 2699912.03, "Plan Rows": 10, "Plan Width": 44, "Plans": [{"Node Type": "Sort", "Parent Relationship": "Outer", "Startup Cost": 2699912.01, "Total Cost": 2708810.13, "Plan Rows": 10, "Plan Width": 44, "Sort Key": ["(sum((lineitem.l_extendedprice * (1::double precision - lineitem.l_discount)))) DESC", "orders.o_orderdate"], "Plans": [{"Node Type": "Aggregate", "Strategy": "Hashed", "Parent Relationship": "Outer", "Startup Cost": 2587405.49, "Total Cost": 2622997.96, "Plan Rows": 3559247, "Plan Width": 44, "Group By Key": ["lineitem.l_orderkey", "orders.o_orderdate", "orders.o_shippriority"], "Plans": [{"Node Type": "Nested Loop", "Parent Relationship": "Outer", "Join Type": "Inner", "Startup Cost": 0.0, "Total Cost": 2534016.78, "Plan Rows": 3559247, "Plan Width": 36, "Inner Unique": false, "Plans": [{"Node Type": "Nested Loop", "Parent Relationship": "Outer", "Join Type": "Inner", "Startup Cost": 0.0, "Total Cost": 1529472.45, "Plan Rows": 715772, "Plan Width": 20, "Inner Unique": false, "Plans": [{"Node Type": "Index Scan", "Parent Relationship": "Outer", "Scan Direction": "Forward", "Index Name": "customer_pkey", "Relation Name": "customer", "Alias": "customer", "Startup Cost": 0.0, "Total Cost": 84515.36, "Plan Rows": 303948, "Plan Width": 8, "Filter": "(c_mktsegment = 'AUTOMOBILE'::bpchar), (LLVM Optimized)"}, {"Node Type": "Index Scan", "Parent Relationship": "Inner", "Scan Direction": "Forward", "Index Name": "idx_orders_custkey", "Relation Name": "orders", "Alias": "orders", "Startup Cost": 0.0, "Total Cost": 4.73, "Plan Rows": 2, "Plan Width": 28, "Index Cond": "(o_custkey = customer.c_custkey)", "Filter": "(o_orderdate < '1995-03-13 00:00:00'::timestamp(0) without time zone)"}]}, {"Node Type": "Index Scan", "Parent Relationship": "Inner", "Scan Direction": "Forward", "Index Name": "idx_lineitem_orderkey", "Relation Name": "lineitem", "Alias": "lineitem", "Startup Cost": 0.0, "Total Cost": 1.35, "Plan Rows": 5, "Plan Width": 24, "Index Cond": "(l_orderkey = orders.o_orderkey)", "Filter": "(l_shipdate > '1995-03-13 00:00:00'::timestamp(0) without time zone)"}]}]}]}]}, "Unique SQL Id": 3929762122, "Planner Runtime": 0}, "explain_analyze_plan": {"Plan": {"Node Type": "Limit", "Startup Cost": 2699912.01, "Total Cost": 2699912.03, "Plan Rows": 10, "Plan Width": 44, "Actual Startup Time": 27778.236, "Actual Total Time": 27778.239, "Actual Rows": 10, "Actual Loops": 1, "Plans": [{"Node Type": "Sort", "Parent Relationship": "Outer", "Startup Cost": 2699912.01, "Total Cost": 2708810.13, "Plan Rows": 10, "Plan Width": 44, "Actual Startup Time": 27778.233, "Actual Total Time": 27778.235, "Actual Rows": 10, "Actual Loops": 1, "Sort Key": ["(sum((lineitem.l_extendedprice * (1::double precision - lineitem.l_discount)))) DESC", "orders.o_orderdate"], "Sort Method": "top-N heapsort", "Sort Space Used": 26, "Sort Space Type": "Memory", "Plans": [{"Node Type": "Aggregate", "Strategy": "Hashed", "Parent Relationship": "Outer", "Startup Cost": 2587405.49, "Total Cost": 2622997.96, "Plan Rows": 3559247, "Plan Width": 44, "Actual Startup Time": 27694.368, "Actual Total Time": 27751.144, "Actual Rows": 113719, "Actual Loops": 1, "Group By Key": ["lineitem.l_orderkey", "orders.o_orderdate", "orders.o_shippriority"], "Plans": [{"Node Type": "Nested Loop", "Parent Relationship": "Outer", "Join Type": "Inner", "Startup Cost": 0.0, "Total Cost": 2534016.78, "Plan Rows": 3559247, "Plan Width": 36, "Actual Startup Time": 0.221, "Actual Total Time": 27347.965, "Actual Rows": 300219, "Actual Loops": 1, "Inner Unique": false, "Plans": [{"Node Type": "Nested Loop", "Parent Relationship": "Outer", "Join Type": "Inner", "Startup Cost": 0.0, "Total Cost": 1529472.45, "Plan Rows": 715772, "Plan Width": 20, "Actual Startup Time": 0.102, "Actual Total Time": 9832.13, "Actual Rows": 1455173, "Actual Loops": 1, "Inner Unique": false, "Plans": [{"Node Type": "Index Scan", "Parent Relationship": "Outer", "Scan Direction": "Forward", "Index Name": "customer_pkey", "Relation Name": "customer", "Alias": "customer", "Startup Cost": 0.0, "Total Cost": 84515.36, "Plan Rows": 303948, "Plan Width": 8, "Actual Startup Time": 0.073, "Actual Total Time": 1122.937, "Actual Rows": 300036, "Actual Loops": 1, "Filter": "(c_mktsegment = 'AUTOMOBILE'::bpchar), (LLVM Optimized, Jit Execute)", "Rows Removed by Filter": 1199964}, {"Node Type": "Index Scan", "Parent Relationship": "Inner", "Scan Direction": "Forward", "Index Name": "idx_orders_custkey", "Relation Name": "orders", "Alias": "orders", "Startup Cost": 0.0, "Total Cost": 4.73, "Plan Rows": 2, "Plan Width": 28, "Actual Startup Time": 2071.576, "Actual Total Time": 8180.225, "Actual Rows": 1455173, "Actual Loops": 300036, "Index Cond": "(o_custkey = customer.c_custkey)", "Rows Removed by Index Recheck": 0, "Filter": "(o_orderdate < '1995-03-13 00:00:00'::timestamp(0) without time zone)", "Rows Removed by Filter": 1545367}]}, {"Node Type": "Index Scan", "Parent Relationship": "Inner", "Scan Direction": "Forward", "Index Name": "idx_lineitem_orderkey", "Relation Name": "lineitem", "Alias": "lineitem", "Startup Cost": 0.0, "Total Cost": 1.35, "Plan Rows": 5, "Plan Width": 24, "Actual Startup Time": 16408.608, "Actual Total Time": 16700.86, "Actual Rows": 300219, "Actual Loops": 1455173, "Index Cond": "(l_orderkey = orders.o_orderkey)", "Rows Removed by Index Recheck": 0, "Filter": "(l_shipdate > '1995-03-13 00:00:00'::timestamp(0) without time zone)", "Rows Removed by Filter": 5519788}]}]}]}]}, "Triggers": [], "Planner Runtime": 1.143, "Total Runtime": 27787.738, "Unique SQL Id": 3929762122}}, "(16, '114')": {"explain_plan": {"Plan": {"Node Type": "Limit", "Startup Cost": 5091242.79, "Total Cost": 5091242.81, "Plan Rows": 10, "Plan Width": 44, "Plans": [{"Node Type": "Sort", "Parent Relationship": "Outer", "Startup Cost": 5091242.79, "Total Cost": 5100140.91, "Plan Rows": 10, "Plan Width": 44, "Sort Key": ["(sum((lineitem.l_extendedprice * (1::double precision - lineitem.l_discount)))) DESC", "orders.o_orderdate"], "Plans": [{"Node Type": "Aggregate", "Strategy": "Hashed", "Parent Relationship": "Outer", "Startup Cost": 4978736.27, "Total Cost": 5014328.74, "Plan Rows": 3559247, "Plan Width": 44, "Group By Key": ["lineitem.l_orderkey", "orders.o_orderdate", "orders.o_shippriority"], "Plans": [{"Node Type": "Nested Loop", "Parent Relationship": "Outer", "Join Type": "Inner", "Startup Cost": 1.48, "Total Cost": 4925347.57, "Plan Rows": 3559247, "Plan Width": 36, "Inner Unique": false, "Plans": [{"Node Type": "Nested Loop", "Parent Relationship": "Outer", "Join Type": "Inner", "Startup Cost": 1.04, "Total Cost": 1611109.25, "Plan Rows": 715772, "Plan Width": 20, "Inner Unique": false, "Plans": [{"Node Type": "Seq Scan", "Parent Relationship": "Outer", "Relation Name": "customer", "Alias": "customer", "Startup Cost": 0.0, "Total Cost": 55876.0, "Plan Rows": 303948, "Plan Width": 8, "Filter": "(c_mktsegment = 'AUTOMOBILE'::bpchar), (LLVM Optimized)"}, {"Node Type": "Bitmap Heap Scan", "Parent Relationship": "Inner", "Relation Name": "orders", "Alias": "orders", "Startup Cost": 1.04, "Total Cost": 5.1, "Plan Rows": 2, "Plan Width": 28, "Recheck Cond": "(o_custkey = customer.c_custkey)", "Filter": "(o_orderdate < '1995-03-13 00:00:00'::timestamp(0) without time zone)", "Plans": [{"Node Type": "Bitmap Index Scan", "Parent Relationship": "Outer", "Index Name": "idx_orders_custkey", "Startup Cost": 0.0, "Total Cost": 1.04, "Plan Rows": 4, "Plan Width": 0, "Index Cond": "(o_custkey = customer.c_custkey)"}]}]}, {"Node Type": "Bitmap Heap Scan", "Parent Relationship": "Inner", "Relation Name": "lineitem", "Alias": "lineitem", "Startup Cost": 0.45, "Total Cost": 4.58, "Plan Rows": 5, "Plan Width": 24, "Recheck Cond": "(l_orderkey = orders.o_orderkey)", "Filter": "(l_shipdate > '1995-03-13 00:00:00'::timestamp(0) without time zone)", "Plans": [{"Node Type": "Bitmap Index Scan", "Parent Relationship": "Outer", "Index Name": "idx_lineitem_orderkey", "Startup Cost": 0.0, "Total Cost": 0.44, "Plan Rows": 9, "Plan Width": 0, "Index Cond": "(l_orderkey = orders.o_orderkey)"}]}]}]}]}]}, "Unique SQL Id": 3929762122, "Planner Runtime": 0}, "explain_analyze_plan": {"Plan": {"Node Type": "Limit", "Startup Cost": 5091242.79, "Total Cost": 5091242.81, "Plan Rows": 10, "Plan Width": 44, "Actual Startup Time": 32039.985, "Actual Total Time": 32039.988, "Actual Rows": 10, "Actual Loops": 1, "Plans": [{"Node Type": "Sort", "Parent Relationship": "Outer", "Startup Cost": 5091242.79, "Total Cost": 5100140.91, "Plan Rows": 10, "Plan Width": 44, "Actual Startup Time": 32039.981, "Actual Total Time": 32039.982, "Actual Rows": 10, "Actual Loops": 1, "Sort Key": ["(sum((lineitem.l_extendedprice * (1::double precision - lineitem.l_discount)))) DESC", "orders.o_orderdate"], "Sort Method": "top-N heapsort", "Sort Space Used": 26, "Sort Space Type": "Memory", "Plans": [{"Node Type": "Aggregate", "Strategy": "Hashed", "Parent Relationship": "Outer", "Startup Cost": 4978736.27, "Total Cost": 5014328.74, "Plan Rows": 3559247, "Plan Width": 44, "Actual Startup Time": 31956.19, "Actual Total Time": 32012.719, "Actual Rows": 113719, "Actual Loops": 1, "Group By Key": ["lineitem.l_orderkey", "orders.o_orderdate", "orders.o_shippriority"], "Plans": [{"Node Type": "Nested Loop", "Parent Relationship": "Outer", "Join Type": "Inner", "Startup Cost": 1.48, "Total Cost": 4925347.57, "Plan Rows": 3559247, "Plan Width": 36, "Actual Startup Time": 0.26, "Actual Total Time": 31574.83, "Actual Rows": 300219, "Actual Loops": 1, "Inner Unique": false, "Plans": [{"Node Type": "Nested Loop", "Parent Relationship": "Outer", "Join Type": "Inner", "Startup Cost": 1.04, "Total Cost": 1611109.25, "Plan Rows": 715772, "Plan Width": 20, "Actual Startup Time": 0.119, "Actual Total Time": 11427.093, "Actual Rows": 1455173, "Actual Loops": 1, "Inner Unique": false, "Plans": [{"Node Type": "Seq Scan", "Parent Relationship": "Outer", "Relation Name": "customer", "Alias": "customer", "Startup Cost": 0.0, "Total Cost": 55876.0, "Plan Rows": 303948, "Plan Width": 8, "Actual Startup Time": 0.052, "Actual Total Time": 661.009, "Actual Rows": 300036, "Actual Loops": 1, "Filter": "(c_mktsegment = 'AUTOMOBILE'::bpchar), (LLVM Optimized, Jit Execute)", "Rows Removed by Filter": 1199964}, {"Node Type": "Bitmap Heap Scan", "Parent Relationship": "Inner", "Relation Name": "orders", "Alias": "orders", "Startup Cost": 1.04, "Total Cost": 5.1, "Plan Rows": 2, "Plan Width": 28, "Actual Startup Time": 3204.715, "Actual Total Time": 10006.773, "Actual Rows": 1455173, "Actual Loops": 300036, "Recheck Cond": "(o_custkey = customer.c_custkey)", "Rows Removed by Index Recheck": 0, "Filter": "(o_orderdate < '1995-03-13 00:00:00'::timestamp(0) without time zone)", "Rows Removed by Filter": 1545367, "Exact Heap Blocks": 3000452, "Lossy Heap Blocks": 3000452, "Plans": [{"Node Type": "Bitmap Index Scan", "Parent Relationship": "Outer", "Index Name": "idx_orders_custkey", "Startup Cost": 0.0, "Total Cost": 1.04, "Plan Rows": 4, "Plan Width": 0, "Actual Startup Time": 1523.913, "Actual Total Time": 1523.913, "Actual Rows": 3000540, "Actual Loops": 300036, "Index Cond": "(o_custkey = customer.c_custkey)"}]}]}, {"Node Type": "Bitmap Heap Scan", "Parent Relationship": "Inner", "Relation Name": "lineitem", "Alias": "lineitem", "Startup Cost": 0.45, "Total Cost": 4.58, "Plan Rows": 5, "Plan Width": 24, "Actual Startup Time": 18248.569, "Actual Total Time": 18371.242, "Actual Rows": 300219, "Actual Loops": 1455173, "Recheck Cond": "(l_orderkey = orders.o_orderkey)", "Rows Removed by Index Recheck": 0, "Filter": "(l_shipdate > '1995-03-13 00:00:00'::timestamp(0) without time zone)", "Rows Removed by Filter": 5519788, "Exact Heap Blocks": 1558994, "Lossy Heap Blocks": 1558994, "Plans": [{"Node Type": "Bitmap Index Scan", "Parent Relationship": "Outer", "Index Name": "idx_lineitem_orderkey", "Startup Cost": 0.0, "Total Cost": 0.44, "Plan Rows": 9, "Plan Width": 0, "Actual Startup Time": 10382.283, "Actual Total Time": 10382.283, "Actual Rows": 5820007, "Actual Loops": 1455173, "Index Cond": "(l_orderkey = orders.o_orderkey)"}]}]}]}]}]}, "Triggers": [], "Planner Runtime": 0.683, "Total Runtime": 32049.538, "Unique SQL Id": 3929762122}}, "(16, '115')": {"explain_plan": {"Plan": {"Node Type": "Limit", "Startup Cost": 35345596.54, "Total Cost": 35345596.56, "Plan Rows": 10, "Plan Width": 44, "Plans": [{"Node Type": "Sort", "Parent Relationship": "Outer", "Startup Cost": 35345596.54, "Total Cost": 35354494.65, "Plan Rows": 10, "Plan Width": 44, "Sort Key": ["(sum((lineitem.l_extendedprice * (1::double precision - lineitem.l_discount)))) DESC", "orders.o_orderdate"], "Plans": [{"Node Type": "Aggregate", "Strategy": "Hashed", "Parent Relationship": "Outer", "Startup Cost": 35233090.02, "Total Cost": 35268682.49, "Plan Rows": 3559247, "Plan Width": 44, "Group By Key": ["lineitem.l_orderkey", "orders.o_orderdate", "orders.o_shippriority"], "Plans": [{"Node Type": "Nested Loop", "Parent Relationship": "Outer", "Join Type": "Inner", "Startup Cost": 168699.14, "Total Cost": 35179701.31, "Plan Rows": 3559247, "Plan Width": 36, "Inner Unique": false, "Plans": [{"Node Type": "Nested Loop", "Parent Relationship": "Outer", "Join Type": "Inner", "Startup Cost": 168698.69, "Total Cost": 31865463.0, "Plan Rows": 715772, "Plan Width": 20, "Inner Unique": true, "Plans": [{"Node Type": "Bitmap Heap Scan", "Parent Relationship": "Outer", "Relation Name": "orders", "Alias": "orders", "Startup Cost": 168698.43, "Total Cost": 536495.14, "Plan Rows": 7310217, "Plan Width": 28, "Recheck Cond": "(o_orderdate < '1995-03-13 00:00:00'::timestamp(0) without time zone), (LLVM Optimized)", "Plans": [{"Node Type": "Bitmap Index Scan", "Parent Relationship": "Outer", "Index Name": "idx_orders_orderdate", "Startup Cost": 0.0, "Total Cost": 166870.88, "Plan Rows": 7310217, "Plan Width": 0, "Index Cond": "(o_orderdate < '1995-03-13 00:00:00'::timestamp(0) without time zone)"}]}, {"Node Type": "Bitmap Heap Scan", "Parent Relationship": "Inner", "Relation Name": "customer", "Alias": "customer", "Startup Cost": 0.26, "Total Cost": 4.28, "Plan Rows": 1, "Plan Width": 8, "Recheck Cond": "(c_custkey = orders.o_custkey)", "Filter": "(c_mktsegment = 'AUTOMOBILE'::bpchar)", "Plans": [{"Node Type": "Bitmap Index Scan", "Parent Relationship": "Outer", "Index Name": "customer_pkey", "Startup Cost": 0.0, "Total Cost": 0.26, "Plan Rows": 1, "Plan Width": 0, "Index Cond": "(c_custkey = orders.o_custkey)"}]}]}, {"Node Type": "Bitmap Heap Scan", "Parent Relationship": "Inner", "Relation Name": "lineitem", "Alias": "lineitem", "Startup Cost": 0.45, "Total Cost": 4.58, "Plan Rows": 5, "Plan Width": 24, "Recheck Cond": "(l_orderkey = orders.o_orderkey)", "Filter": "(l_shipdate > '1995-03-13 00:00:00'::timestamp(0) without time zone)", "Plans": [{"Node Type": "Bitmap Index Scan", "Parent Relationship": "Outer", "Index Name": "idx_lineitem_orderkey", "Startup Cost": 0.0, "Total Cost": 0.44, "Plan Rows": 9, "Plan Width": 0, "Index Cond": "(l_orderkey = orders.o_orderkey)"}]}]}]}]}]}, "Unique SQL Id": 3929762122, "Planner Runtime": 0}, "explain_analyze_plan": null}, "(16, '116')": {"explain_plan": {"Plan": {"Node Type": "Limit", "Startup Cost": 2671272.65, "Total Cost": 2671272.68, "Plan Rows": 10, "Plan Width": 44, "Plans": [{"Node Type": "Sort", "Parent Relationship": "Outer", "Startup Cost": 2671272.65, "Total Cost": 2680170.77, "Plan Rows": 10, "Plan Width": 44, "Sort Key": ["(sum((lineitem.l_extendedprice * (1::double precision - lineitem.l_discount)))) DESC", "orders.o_orderdate"], "Plans": [{"Node Type": "Aggregate", "Strategy": "Hashed", "Parent Relationship": "Outer", "Startup Cost": 2558766.13, "Total Cost": 2594358.6, "Plan Rows": 3559247, "Plan Width": 44, "Group By Key": ["lineitem.l_orderkey", "orders.o_orderdate", "orders.o_shippriority"], "Plans": [{"Node Type": "Nested Loop", "Parent Relationship": "Outer", "Join Type": "Inner", "Startup Cost": 0.0, "Total Cost": 2505377.43, "Plan Rows": 3559247, "Plan Width": 36, "Inner Unique": false, "Plans": [{"Node Type": "Nested Loop", "Parent Relationship": "Outer", "Join Type": "Inner", "Startup Cost": 0.0, "Total Cost": 1500833.09, "Plan Rows": 715772, "Plan Width": 20, "Inner Unique": false, "Plans": [{"Node Type": "Seq Scan", "Parent Relationship": "Outer", "Relation Name": "customer", "Alias": "customer", "Startup Cost": 0.0, "Total Cost": 55876.0, "Plan Rows": 303948, "Plan Width": 8, "Filter": "(c_mktsegment = 'AUTOMOBILE'::bpchar), (LLVM Optimized)"}, {"Node Type": "Index Scan", "Parent Relationship": "Inner", "Scan Direction": "Forward", "Index Name": "idx_orders_custkey", "Relation Name": "orders", "Alias": "orders", "Startup Cost": 0.0, "Total Cost": 4.73, "Plan Rows": 2, "Plan Width": 28, "Index Cond": "(o_custkey = customer.c_custkey)", "Filter": "(o_orderdate < '1995-03-13 00:00:00'::timestamp(0) without time zone)"}]}, {"Node Type": "Index Scan", "Parent Relationship": "Inner", "Scan Direction": "Forward", "Index Name": "idx_lineitem_orderkey", "Relation Name": "lineitem", "Alias": "lineitem", "Startup Cost": 0.0, "Total Cost": 1.35, "Plan Rows": 5, "Plan Width": 24, "Index Cond": "(l_orderkey = orders.o_orderkey)", "Filter": "(l_shipdate > '1995-03-13 00:00:00'::timestamp(0) without time zone)"}]}]}]}]}, "Unique SQL Id": 3929762122, "Planner Runtime": 0}, "explain_analyze_plan": {"Plan": {"Node Type": "Limit", "Startup Cost": 2671272.65, "Total Cost": 2671272.68, "Plan Rows": 10, "Plan Width": 44, "Actual Startup Time": 27307.658, "Actual Total Time": 27307.661, "Actual Rows": 10, "Actual Loops": 1, "Plans": [{"Node Type": "Sort", "Parent Relationship": "Outer", "Startup Cost": 2671272.65, "Total Cost": 2680170.77, "Plan Rows": 10, "Plan Width": 44, "Actual Startup Time": 27307.656, "Actual Total Time": 27307.657, "Actual Rows": 10, "Actual Loops": 1, "Sort Key": ["(sum((lineitem.l_extendedprice * (1::double precision - lineitem.l_discount)))) DESC", "orders.o_orderdate"], "Sort Method": "top-N heapsort", "Sort Space Used": 26, "Sort Space Type": "Memory", "Plans": [{"Node Type": "Aggregate", "Strategy": "Hashed", "Parent Relationship": "Outer", "Startup Cost": 2558766.13, "Total Cost": 2594358.6, "Plan Rows": 3559247, "Plan Width": 44, "Actual Startup Time": 27198.835, "Actual Total Time": 27279.953, "Actual Rows": 113719, "Actual Loops": 1, "Group By Key": ["lineitem.l_orderkey", "orders.o_orderdate", "orders.o_shippriority"], "Plans": [{"Node Type": "Nested Loop", "Parent Relationship": "Outer", "Join Type": "Inner", "Startup Cost": 0.0, "Total Cost": 2505377.43, "Plan Rows": 3559247, "Plan Width": 36, "Actual Startup Time": 0.206, "Actual Total Time": 26869.94, "Actual Rows": 300219, "Actual Loops": 1, "Inner Unique": false, "Plans": [{"Node Type": "Nested Loop", "Parent Relationship": "Outer", "Join Type": "Inner", "Startup Cost": 0.0, "Total Cost": 1500833.09, "Plan Rows": 715772, "Plan Width": 20, "Actual Startup Time": 0.099, "Actual Total Time": 9483.207, "Actual Rows": 1455173, "Actual Loops": 1, "Inner Unique": false, "Plans": [{"Node Type": "Seq Scan", "Parent Relationship": "Outer", "Relation Name": "customer", "Alias": "customer", "Startup Cost": 0.0, "Total Cost": 55876.0, "Plan Rows": 303948, "Plan Width": 8, "Actual Startup Time": 0.05, "Actual Total Time": 634.296, "Actual Rows": 300036, "Actual Loops": 1, "Filter": "(c_mktsegment = 'AUTOMOBILE'::bpchar), (LLVM Optimized, Jit Execute)", "Rows Removed by Filter": 1199964}, {"Node Type": "Index Scan", "Parent Relationship": "Inner", "Scan Direction": "Forward", "Index Name": "idx_orders_custkey", "Relation Name": "orders", "Alias": "orders", "Startup Cost": 0.0, "Total Cost": 4.73, "Plan Rows": 2, "Plan Width": 28, "Actual Startup Time": 2084.306, "Actual Total Time": 8313.681, "Actual Rows": 1455173, "Actual Loops": 300036, "Index Cond": "(o_custkey = customer.c_custkey)", "Rows Removed by Index Recheck": 0, "Filter": "(o_orderdate < '1995-03-13 00:00:00'::timestamp(0) without time zone)", "Rows Removed by Filter": 1545367}]}, {"Node Type": "Index Scan", "Parent Relationship": "Inner", "Scan Direction": "Forward", "Index Name": "idx_lineitem_orderkey", "Relation Name": "lineitem", "Alias": "lineitem", "Startup Cost": 0.0, "Total Cost": 1.35, "Plan Rows": 5, "Plan Width": 24, "Actual Startup Time": 16270.859, "Actual Total Time": 16558.196, "Actual Rows": 300219, "Actual Loops": 1455173, "Index Cond": "(l_orderkey = orders.o_orderkey)", "Rows Removed by Index Recheck": 0, "Filter": "(l_shipdate > '1995-03-13 00:00:00'::timestamp(0) without time zone)", "Rows Removed by Filter": 5519788}]}]}]}]}, "Triggers": [], "Planner Runtime": 0.649, "Total Runtime": 27317.051, "Unique SQL Id": 3929762122}}, "(16, '117')": {"explain_plan": {"Plan": {"Node Type": "Limit", "Startup Cost": 2699912.01, "Total Cost": 2699912.03, "Plan Rows": 10, "Plan Width": 44, "Plans": [{"Node Type": "Sort", "Parent Relationship": "Outer", "Startup Cost": 2699912.01, "Total Cost": 2708810.13, "Plan Rows": 10, "Plan Width": 44, "Sort Key": ["(sum((lineitem.l_extendedprice * (1::double precision - lineitem.l_discount)))) DESC", "orders.o_orderdate"], "Plans": [{"Node Type": "Aggregate", "Strategy": "Hashed", "Parent Relationship": "Outer", "Startup Cost": 2587405.49, "Total Cost": 2622997.96, "Plan Rows": 3559247, "Plan Width": 44, "Group By Key": ["lineitem.l_orderkey", "orders.o_orderdate", "orders.o_shippriority"], "Plans": [{"Node Type": "Nested Loop", "Parent Relationship": "Outer", "Join Type": "Inner", "Startup Cost": 0.0, "Total Cost": 2534016.78, "Plan Rows": 3559247, "Plan Width": 36, "Inner Unique": false, "Plans": [{"Node Type": "Nested Loop", "Parent Relationship": "Outer", "Join Type": "Inner", "Startup Cost": 0.0, "Total Cost": 1529472.45, "Plan Rows": 715772, "Plan Width": 20, "Inner Unique": false, "Plans": [{"Node Type": "Index Scan", "Parent Relationship": "Outer", "Scan Direction": "Forward", "Index Name": "customer_pkey", "Relation Name": "customer", "Alias": "customer", "Startup Cost": 0.0, "Total Cost": 84515.36, "Plan Rows": 303948, "Plan Width": 8, "Filter": "(c_mktsegment = 'AUTOMOBILE'::bpchar), (LLVM Optimized)"}, {"Node Type": "Index Scan", "Parent Relationship": "Inner", "Scan Direction": "Forward", "Index Name": "idx_orders_custkey", "Relation Name": "orders", "Alias": "orders", "Startup Cost": 0.0, "Total Cost": 4.73, "Plan Rows": 2, "Plan Width": 28, "Index Cond": "(o_custkey = customer.c_custkey)", "Filter": "(o_orderdate < '1995-03-13 00:00:00'::timestamp(0) without time zone)"}]}, {"Node Type": "Index Scan", "Parent Relationship": "Inner", "Scan Direction": "Forward", "Index Name": "idx_lineitem_orderkey", "Relation Name": "lineitem", "Alias": "lineitem", "Startup Cost": 0.0, "Total Cost": 1.35, "Plan Rows": 5, "Plan Width": 24, "Index Cond": "(l_orderkey = orders.o_orderkey)", "Filter": "(l_shipdate > '1995-03-13 00:00:00'::timestamp(0) without time zone)"}]}]}]}]}, "Unique SQL Id": 3929762122, "Planner Runtime": 0}, "explain_analyze_plan": {"Plan": {"Node Type": "Limit", "Startup Cost": 2699912.01, "Total Cost": 2699912.03, "Plan Rows": 10, "Plan Width": 44, "Actual Startup Time": 27778.236, "Actual Total Time": 27778.239, "Actual Rows": 10, "Actual Loops": 1, "Plans": [{"Node Type": "Sort", "Parent Relationship": "Outer", "Startup Cost": 2699912.01, "Total Cost": 2708810.13, "Plan Rows": 10, "Plan Width": 44, "Actual Startup Time": 27778.233, "Actual Total Time": 27778.235, "Actual Rows": 10, "Actual Loops": 1, "Sort Key": ["(sum((lineitem.l_extendedprice * (1::double precision - lineitem.l_discount)))) DESC", "orders.o_orderdate"], "Sort Method": "top-N heapsort", "Sort Space Used": 26, "Sort Space Type": "Memory", "Plans": [{"Node Type": "Aggregate", "Strategy": "Hashed", "Parent Relationship": "Outer", "Startup Cost": 2587405.49, "Total Cost": 2622997.96, "Plan Rows": 3559247, "Plan Width": 44, "Actual Startup Time": 27694.368, "Actual Total Time": 27751.144, "Actual Rows": 113719, "Actual Loops": 1, "Group By Key": ["lineitem.l_orderkey", "orders.o_orderdate", "orders.o_shippriority"], "Plans": [{"Node Type": "Nested Loop", "Parent Relationship": "Outer", "Join Type": "Inner", "Startup Cost": 0.0, "Total Cost": 2534016.78, "Plan Rows": 3559247, "Plan Width": 36, "Actual Startup Time": 0.221, "Actual Total Time": 27347.965, "Actual Rows": 300219, "Actual Loops": 1, "Inner Unique": false, "Plans": [{"Node Type": "Nested Loop", "Parent Relationship": "Outer", "Join Type": "Inner", "Startup Cost": 0.0, "Total Cost": 1529472.45, "Plan Rows": 715772, "Plan Width": 20, "Actual Startup Time": 0.102, "Actual Total Time": 9832.13, "Actual Rows": 1455173, "Actual Loops": 1, "Inner Unique": false, "Plans": [{"Node Type": "Index Scan", "Parent Relationship": "Outer", "Scan Direction": "Forward", "Index Name": "customer_pkey", "Relation Name": "customer", "Alias": "customer", "Startup Cost": 0.0, "Total Cost": 84515.36, "Plan Rows": 303948, "Plan Width": 8, "Actual Startup Time": 0.073, "Actual Total Time": 1122.937, "Actual Rows": 300036, "Actual Loops": 1, "Filter": "(c_mktsegment = 'AUTOMOBILE'::bpchar), (LLVM Optimized, Jit Execute)", "Rows Removed by Filter": 1199964}, {"Node Type": "Index Scan", "Parent Relationship": "Inner", "Scan Direction": "Forward", "Index Name": "idx_orders_custkey", "Relation Name": "orders", "Alias": "orders", "Startup Cost": 0.0, "Total Cost": 4.73, "Plan Rows": 2, "Plan Width": 28, "Actual Startup Time": 2071.576, "Actual Total Time": 8180.225, "Actual Rows": 1455173, "Actual Loops": 300036, "Index Cond": "(o_custkey = customer.c_custkey)", "Rows Removed by Index Recheck": 0, "Filter": "(o_orderdate < '1995-03-13 00:00:00'::timestamp(0) without time zone)", "Rows Removed by Filter": 1545367}]}, {"Node Type": "Index Scan", "Parent Relationship": "Inner", "Scan Direction": "Forward", "Index Name": "idx_lineitem_orderkey", "Relation Name": "lineitem", "Alias": "lineitem", "Startup Cost": 0.0, "Total Cost": 1.35, "Plan Rows": 5, "Plan Width": 24, "Actual Startup Time": 16408.608, "Actual Total Time": 16700.86, "Actual Rows": 300219, "Actual Loops": 1455173, "Index Cond": "(l_orderkey = orders.o_orderkey)", "Rows Removed by Index Recheck": 0, "Filter": "(l_shipdate > '1995-03-13 00:00:00'::timestamp(0) without time zone)", "Rows Removed by Filter": 5519788}]}]}]}]}, "Triggers": [], "Planner Runtime": 1.143, "Total Runtime": 27787.738, "Unique SQL Id": 3929762122}}, "(16, '118')": {"explain_plan": {"Plan": {"Node Type": "Limit", "Startup Cost": 5091242.79, "Total Cost": 5091242.81, "Plan Rows": 10, "Plan Width": 44, "Plans": [{"Node Type": "Sort", "Parent Relationship": "Outer", "Startup Cost": 5091242.79, "Total Cost": 5100140.91, "Plan Rows": 10, "Plan Width": 44, "Sort Key": ["(sum((lineitem.l_extendedprice * (1::double precision - lineitem.l_discount)))) DESC", "orders.o_orderdate"], "Plans": [{"Node Type": "Aggregate", "Strategy": "Hashed", "Parent Relationship": "Outer", "Startup Cost": 4978736.27, "Total Cost": 5014328.74, "Plan Rows": 3559247, "Plan Width": 44, "Group By Key": ["lineitem.l_orderkey", "orders.o_orderdate", "orders.o_shippriority"], "Plans": [{"Node Type": "Nested Loop", "Parent Relationship": "Outer", "Join Type": "Inner", "Startup Cost": 1.48, "Total Cost": 4925347.57, "Plan Rows": 3559247, "Plan Width": 36, "Inner Unique": false, "Plans": [{"Node Type": "Nested Loop", "Parent Relationship": "Outer", "Join Type": "Inner", "Startup Cost": 1.04, "Total Cost": 1611109.25, "Plan Rows": 715772, "Plan Width": 20, "Inner Unique": false, "Plans": [{"Node Type": "Seq Scan", "Parent Relationship": "Outer", "Relation Name": "customer", "Alias": "customer", "Startup Cost": 0.0, "Total Cost": 55876.0, "Plan Rows": 303948, "Plan Width": 8, "Filter": "(c_mktsegment = 'AUTOMOBILE'::bpchar), (LLVM Optimized)"}, {"Node Type": "Bitmap Heap Scan", "Parent Relationship": "Inner", "Relation Name": "orders", "Alias": "orders", "Startup Cost": 1.04, "Total Cost": 5.1, "Plan Rows": 2, "Plan Width": 28, "Recheck Cond": "(o_custkey = customer.c_custkey)", "Filter": "(o_orderdate < '1995-03-13 00:00:00'::timestamp(0) without time zone)", "Plans": [{"Node Type": "Bitmap Index Scan", "Parent Relationship": "Outer", "Index Name": "idx_orders_custkey", "Startup Cost": 0.0, "Total Cost": 1.04, "Plan Rows": 4, "Plan Width": 0, "Index Cond": "(o_custkey = customer.c_custkey)"}]}]}, {"Node Type": "Bitmap Heap Scan", "Parent Relationship": "Inner", "Relation Name": "lineitem", "Alias": "lineitem", "Startup Cost": 0.45, "Total Cost": 4.58, "Plan Rows": 5, "Plan Width": 24, "Recheck Cond": "(l_orderkey = orders.o_orderkey)", "Filter": "(l_shipdate > '1995-03-13 00:00:00'::timestamp(0) without time zone)", "Plans": [{"Node Type": "Bitmap Index Scan", "Parent Relationship": "Outer", "Index Name": "idx_lineitem_orderkey", "Startup Cost": 0.0, "Total Cost": 0.44, "Plan Rows": 9, "Plan Width": 0, "Index Cond": "(l_orderkey = orders.o_orderkey)"}]}]}]}]}]}, "Unique SQL Id": 3929762122, "Planner Runtime": 0}, "explain_analyze_plan": {"Plan": {"Node Type": "Limit", "Startup Cost": 5091242.79, "Total Cost": 5091242.81, "Plan Rows": 10, "Plan Width": 44, "Actual Startup Time": 32039.985, "Actual Total Time": 32039.988, "Actual Rows": 10, "Actual Loops": 1, "Plans": [{"Node Type": "Sort", "Parent Relationship": "Outer", "Startup Cost": 5091242.79, "Total Cost": 5100140.91, "Plan Rows": 10, "Plan Width": 44, "Actual Startup Time": 32039.981, "Actual Total Time": 32039.982, "Actual Rows": 10, "Actual Loops": 1, "Sort Key": ["(sum((lineitem.l_extendedprice * (1::double precision - lineitem.l_discount)))) DESC", "orders.o_orderdate"], "Sort Method": "top-N heapsort", "Sort Space Used": 26, "Sort Space Type": "Memory", "Plans": [{"Node Type": "Aggregate", "Strategy": "Hashed", "Parent Relationship": "Outer", "Startup Cost": 4978736.27, "Total Cost": 5014328.74, "Plan Rows": 3559247, "Plan Width": 44, "Actual Startup Time": 31956.19, "Actual Total Time": 32012.719, "Actual Rows": 113719, "Actual Loops": 1, "Group By Key": ["lineitem.l_orderkey", "orders.o_orderdate", "orders.o_shippriority"], "Plans": [{"Node Type": "Nested Loop", "Parent Relationship": "Outer", "Join Type": "Inner", "Startup Cost": 1.48, "Total Cost": 4925347.57, "Plan Rows": 3559247, "Plan Width": 36, "Actual Startup Time": 0.26, "Actual Total Time": 31574.83, "Actual Rows": 300219, "Actual Loops": 1, "Inner Unique": false, "Plans": [{"Node Type": "Nested Loop", "Parent Relationship": "Outer", "Join Type": "Inner", "Startup Cost": 1.04, "Total Cost": 1611109.25, "Plan Rows": 715772, "Plan Width": 20, "Actual Startup Time": 0.119, "Actual Total Time": 11427.093, "Actual Rows": 1455173, "Actual Loops": 1, "Inner Unique": false, "Plans": [{"Node Type": "Seq Scan", "Parent Relationship": "Outer", "Relation Name": "customer", "Alias": "customer", "Startup Cost": 0.0, "Total Cost": 55876.0, "Plan Rows": 303948, "Plan Width": 8, "Actual Startup Time": 0.052, "Actual Total Time": 661.009, "Actual Rows": 300036, "Actual Loops": 1, "Filter": "(c_mktsegment = 'AUTOMOBILE'::bpchar), (LLVM Optimized, Jit Execute)", "Rows Removed by Filter": 1199964}, {"Node Type": "Bitmap Heap Scan", "Parent Relationship": "Inner", "Relation Name": "orders", "Alias": "orders", "Startup Cost": 1.04, "Total Cost": 5.1, "Plan Rows": 2, "Plan Width": 28, "Actual Startup Time": 3204.715, "Actual Total Time": 10006.773, "Actual Rows": 1455173, "Actual Loops": 300036, "Recheck Cond": "(o_custkey = customer.c_custkey)", "Rows Removed by Index Recheck": 0, "Filter": "(o_orderdate < '1995-03-13 00:00:00'::timestamp(0) without time zone)", "Rows Removed by Filter": 1545367, "Exact Heap Blocks": 3000452, "Lossy Heap Blocks": 3000452, "Plans": [{"Node Type": "Bitmap Index Scan", "Parent Relationship": "Outer", "Index Name": "idx_orders_custkey", "Startup Cost": 0.0, "Total Cost": 1.04, "Plan Rows": 4, "Plan Width": 0, "Actual Startup Time": 1523.913, "Actual Total Time": 1523.913, "Actual Rows": 3000540, "Actual Loops": 300036, "Index Cond": "(o_custkey = customer.c_custkey)"}]}]}, {"Node Type": "Bitmap Heap Scan", "Parent Relationship": "Inner", "Relation Name": "lineitem", "Alias": "lineitem", "Startup Cost": 0.45, "Total Cost": 4.58, "Plan Rows": 5, "Plan Width": 24, "Actual Startup Time": 18248.569, "Actual Total Time": 18371.242, "Actual Rows": 300219, "Actual Loops": 1455173, "Recheck Cond": "(l_orderkey = orders.o_orderkey)", "Rows Removed by Index Recheck": 0, "Filter": "(l_shipdate > '1995-03-13 00:00:00'::timestamp(0) without time zone)", "Rows Removed by Filter": 5519788, "Exact Heap Blocks": 1558994, "Lossy Heap Blocks": 1558994, "Plans": [{"Node Type": "Bitmap Index Scan", "Parent Relationship": "Outer", "Index Name": "idx_lineitem_orderkey", "Startup Cost": 0.0, "Total Cost": 0.44, "Plan Rows": 9, "Plan Width": 0, "Actual Startup Time": 10382.283, "Actual Total Time": 10382.283, "Actual Rows": 5820007, "Actual Loops": 1455173, "Index Cond": "(l_orderkey = orders.o_orderkey)"}]}]}]}]}]}, "Triggers": [], "Planner Runtime": 0.683, "Total Runtime": 32049.538, "Unique SQL Id": 3929762122}}, "(16, '119')": {"explain_plan": {"Plan": {"Node Type": "Limit", "Startup Cost": 35345596.54, "Total Cost": 35345596.56, "Plan Rows": 10, "Plan Width": 44, "Plans": [{"Node Type": "Sort", "Parent Relationship": "Outer", "Startup Cost": 35345596.54, "Total Cost": 35354494.65, "Plan Rows": 10, "Plan Width": 44, "Sort Key": ["(sum((lineitem.l_extendedprice * (1::double precision - lineitem.l_discount)))) DESC", "orders.o_orderdate"], "Plans": [{"Node Type": "Aggregate", "Strategy": "Hashed", "Parent Relationship": "Outer", "Startup Cost": 35233090.02, "Total Cost": 35268682.49, "Plan Rows": 3559247, "Plan Width": 44, "Group By Key": ["lineitem.l_orderkey", "orders.o_orderdate", "orders.o_shippriority"], "Plans": [{"Node Type": "Nested Loop", "Parent Relationship": "Outer", "Join Type": "Inner", "Startup Cost": 168699.14, "Total Cost": 35179701.31, "Plan Rows": 3559247, "Plan Width": 36, "Inner Unique": false, "Plans": [{"Node Type": "Nested Loop", "Parent Relationship": "Outer", "Join Type": "Inner", "Startup Cost": 168698.69, "Total Cost": 31865463.0, "Plan Rows": 715772, "Plan Width": 20, "Inner Unique": true, "Plans": [{"Node Type": "Bitmap Heap Scan", "Parent Relationship": "Outer", "Relation Name": "orders", "Alias": "orders", "Startup Cost": 168698.43, "Total Cost": 536495.14, "Plan Rows": 7310217, "Plan Width": 28, "Recheck Cond": "(o_orderdate < '1995-03-13 00:00:00'::timestamp(0) without time zone), (LLVM Optimized)", "Plans": [{"Node Type": "Bitmap Index Scan", "Parent Relationship": "Outer", "Index Name": "idx_orders_orderdate", "Startup Cost": 0.0, "Total Cost": 166870.88, "Plan Rows": 7310217, "Plan Width": 0, "Index Cond": "(o_orderdate < '1995-03-13 00:00:00'::timestamp(0) without time zone)"}]}, {"Node Type": "Bitmap Heap Scan", "Parent Relationship": "Inner", "Relation Name": "customer", "Alias": "customer", "Startup Cost": 0.26, "Total Cost": 4.28, "Plan Rows": 1, "Plan Width": 8, "Recheck Cond": "(c_custkey = orders.o_custkey)", "Filter": "(c_mktsegment = 'AUTOMOBILE'::bpchar)", "Plans": [{"Node Type": "Bitmap Index Scan", "Parent Relationship": "Outer", "Index Name": "customer_pkey", "Startup Cost": 0.0, "Total Cost": 0.26, "Plan Rows": 1, "Plan Width": 0, "Index Cond": "(c_custkey = orders.o_custkey)"}]}]}, {"Node Type": "Bitmap Heap Scan", "Parent Relationship": "Inner", "Relation Name": "lineitem", "Alias": "lineitem", "Startup Cost": 0.45, "Total Cost": 4.58, "Plan Rows": 5, "Plan Width": 24, "Recheck Cond": "(l_orderkey = orders.o_orderkey)", "Filter": "(l_shipdate > '1995-03-13 00:00:00'::timestamp(0) without time zone)", "Plans": [{"Node Type": "Bitmap Index Scan", "Parent Relationship": "Outer", "Index Name": "idx_lineitem_orderkey", "Startup Cost": 0.0, "Total Cost": 0.44, "Plan Rows": 9, "Plan Width": 0, "Index Cond": "(l_orderkey = orders.o_orderkey)"}]}]}]}]}]}, "Unique SQL Id": 3929762122, "Planner Runtime": 0}, "explain_analyze_plan": null}, "(16, '120')": {"explain_plan": {"Plan": {"Node Type": "Limit", "Startup Cost": 2671272.65, "Total Cost": 2671272.68, "Plan Rows": 10, "Plan Width": 44, "Plans": [{"Node Type": "Sort", "Parent Relationship": "Outer", "Startup Cost": 2671272.65, "Total Cost": 2680170.77, "Plan Rows": 10, "Plan Width": 44, "Sort Key": ["(sum((lineitem.l_extendedprice * (1::double precision - lineitem.l_discount)))) DESC", "orders.o_orderdate"], "Plans": [{"Node Type": "Aggregate", "Strategy": "Hashed", "Parent Relationship": "Outer", "Startup Cost": 2558766.13, "Total Cost": 2594358.6, "Plan Rows": 3559247, "Plan Width": 44, "Group By Key": ["lineitem.l_orderkey", "orders.o_orderdate", "orders.o_shippriority"], "Plans": [{"Node Type": "Nested Loop", "Parent Relationship": "Outer", "Join Type": "Inner", "Startup Cost": 0.0, "Total Cost": 2505377.43, "Plan Rows": 3559247, "Plan Width": 36, "Inner Unique": false, "Plans": [{"Node Type": "Nested Loop", "Parent Relationship": "Outer", "Join Type": "Inner", "Startup Cost": 0.0, "Total Cost": 1500833.09, "Plan Rows": 715772, "Plan Width": 20, "Inner Unique": false, "Plans": [{"Node Type": "Seq Scan", "Parent Relationship": "Outer", "Relation Name": "customer", "Alias": "customer", "Startup Cost": 0.0, "Total Cost": 55876.0, "Plan Rows": 303948, "Plan Width": 8, "Filter": "(c_mktsegment = 'AUTOMOBILE'::bpchar), (LLVM Optimized)"}, {"Node Type": "Index Scan", "Parent Relationship": "Inner", "Scan Direction": "Forward", "Index Name": "idx_orders_custkey", "Relation Name": "orders", "Alias": "orders", "Startup Cost": 0.0, "Total Cost": 4.73, "Plan Rows": 2, "Plan Width": 28, "Index Cond": "(o_custkey = customer.c_custkey)", "Filter": "(o_orderdate < '1995-03-13 00:00:00'::timestamp(0) without time zone)"}]}, {"Node Type": "Index Scan", "Parent Relationship": "Inner", "Scan Direction": "Forward", "Index Name": "idx_lineitem_orderkey", "Relation Name": "lineitem", "Alias": "lineitem", "Startup Cost": 0.0, "Total Cost": 1.35, "Plan Rows": 5, "Plan Width": 24, "Index Cond": "(l_orderkey = orders.o_orderkey)", "Filter": "(l_shipdate > '1995-03-13 00:00:00'::timestamp(0) without time zone)"}]}]}]}]}, "Unique SQL Id": 3929762122, "Planner Runtime": 0}, "explain_analyze_plan": {"Plan": {"Node Type": "Limit", "Startup Cost": 2671272.65, "Total Cost": 2671272.68, "Plan Rows": 10, "Plan Width": 44, "Actual Startup Time": 27307.658, "Actual Total Time": 27307.661, "Actual Rows": 10, "Actual Loops": 1, "Plans": [{"Node Type": "Sort", "Parent Relationship": "Outer", "Startup Cost": 2671272.65, "Total Cost": 2680170.77, "Plan Rows": 10, "Plan Width": 44, "Actual Startup Time": 27307.656, "Actual Total Time": 27307.657, "Actual Rows": 10, "Actual Loops": 1, "Sort Key": ["(sum((lineitem.l_extendedprice * (1::double precision - lineitem.l_discount)))) DESC", "orders.o_orderdate"], "Sort Method": "top-N heapsort", "Sort Space Used": 26, "Sort Space Type": "Memory", "Plans": [{"Node Type": "Aggregate", "Strategy": "Hashed", "Parent Relationship": "Outer", "Startup Cost": 2558766.13, "Total Cost": 2594358.6, "Plan Rows": 3559247, "Plan Width": 44, "Actual Startup Time": 27198.835, "Actual Total Time": 27279.953, "Actual Rows": 113719, "Actual Loops": 1, "Group By Key": ["lineitem.l_orderkey", "orders.o_orderdate", "orders.o_shippriority"], "Plans": [{"Node Type": "Nested Loop", "Parent Relationship": "Outer", "Join Type": "Inner", "Startup Cost": 0.0, "Total Cost": 2505377.43, "Plan Rows": 3559247, "Plan Width": 36, "Actual Startup Time": 0.206, "Actual Total Time": 26869.94, "Actual Rows": 300219, "Actual Loops": 1, "Inner Unique": false, "Plans": [{"Node Type": "Nested Loop", "Parent Relationship": "Outer", "Join Type": "Inner", "Startup Cost": 0.0, "Total Cost": 1500833.09, "Plan Rows": 715772, "Plan Width": 20, "Actual Startup Time": 0.099, "Actual Total Time": 9483.207, "Actual Rows": 1455173, "Actual Loops": 1, "Inner Unique": false, "Plans": [{"Node Type": "Seq Scan", "Parent Relationship": "Outer", "Relation Name": "customer", "Alias": "customer", "Startup Cost": 0.0, "Total Cost": 55876.0, "Plan Rows": 303948, "Plan Width": 8, "Actual Startup Time": 0.05, "Actual Total Time": 634.296, "Actual Rows": 300036, "Actual Loops": 1, "Filter": "(c_mktsegment = 'AUTOMOBILE'::bpchar), (LLVM Optimized, Jit Execute)", "Rows Removed by Filter": 1199964}, {"Node Type": "Index Scan", "Parent Relationship": "Inner", "Scan Direction": "Forward", "Index Name": "idx_orders_custkey", "Relation Name": "orders", "Alias": "orders", "Startup Cost": 0.0, "Total Cost": 4.73, "Plan Rows": 2, "Plan Width": 28, "Actual Startup Time": 2084.306, "Actual Total Time": 8313.681, "Actual Rows": 1455173, "Actual Loops": 300036, "Index Cond": "(o_custkey = customer.c_custkey)", "Rows Removed by Index Recheck": 0, "Filter": "(o_orderdate < '1995-03-13 00:00:00'::timestamp(0) without time zone)", "Rows Removed by Filter": 1545367}]}, {"Node Type": "Index Scan", "Parent Relationship": "Inner", "Scan Direction": "Forward", "Index Name": "idx_lineitem_orderkey", "Relation Name": "lineitem", "Alias": "lineitem", "Startup Cost": 0.0, "Total Cost": 1.35, "Plan Rows": 5, "Plan Width": 24, "Actual Startup Time": 16270.859, "Actual Total Time": 16558.196, "Actual Rows": 300219, "Actual Loops": 1455173, "Index Cond": "(l_orderkey = orders.o_orderkey)", "Rows Removed by Index Recheck": 0, "Filter": "(l_shipdate > '1995-03-13 00:00:00'::timestamp(0) without time zone)", "Rows Removed by Filter": 5519788}]}]}]}]}, "Triggers": [], "Planner Runtime": 0.649, "Total Runtime": 27317.051, "Unique SQL Id": 3929762122}}, "(16, '121')": {"explain_plan": {"Plan": {"Node Type": "Limit", "Startup Cost": 2699912.01, "Total Cost": 2699912.03, "Plan Rows": 10, "Plan Width": 44, "Plans": [{"Node Type": "Sort", "Parent Relationship": "Outer", "Startup Cost": 2699912.01, "Total Cost": 2708810.13, "Plan Rows": 10, "Plan Width": 44, "Sort Key": ["(sum((lineitem.l_extendedprice * (1::double precision - lineitem.l_discount)))) DESC", "orders.o_orderdate"], "Plans": [{"Node Type": "Aggregate", "Strategy": "Hashed", "Parent Relationship": "Outer", "Startup Cost": 2587405.49, "Total Cost": 2622997.96, "Plan Rows": 3559247, "Plan Width": 44, "Group By Key": ["lineitem.l_orderkey", "orders.o_orderdate", "orders.o_shippriority"], "Plans": [{"Node Type": "Nested Loop", "Parent Relationship": "Outer", "Join Type": "Inner", "Startup Cost": 0.0, "Total Cost": 2534016.78, "Plan Rows": 3559247, "Plan Width": 36, "Inner Unique": false, "Plans": [{"Node Type": "Nested Loop", "Parent Relationship": "Outer", "Join Type": "Inner", "Startup Cost": 0.0, "Total Cost": 1529472.45, "Plan Rows": 715772, "Plan Width": 20, "Inner Unique": false, "Plans": [{"Node Type": "Index Scan", "Parent Relationship": "Outer", "Scan Direction": "Forward", "Index Name": "customer_pkey", "Relation Name": "customer", "Alias": "customer", "Startup Cost": 0.0, "Total Cost": 84515.36, "Plan Rows": 303948, "Plan Width": 8, "Filter": "(c_mktsegment = 'AUTOMOBILE'::bpchar), (LLVM Optimized)"}, {"Node Type": "Index Scan", "Parent Relationship": "Inner", "Scan Direction": "Forward", "Index Name": "idx_orders_custkey", "Relation Name": "orders", "Alias": "orders", "Startup Cost": 0.0, "Total Cost": 4.73, "Plan Rows": 2, "Plan Width": 28, "Index Cond": "(o_custkey = customer.c_custkey)", "Filter": "(o_orderdate < '1995-03-13 00:00:00'::timestamp(0) without time zone)"}]}, {"Node Type": "Index Scan", "Parent Relationship": "Inner", "Scan Direction": "Forward", "Index Name": "idx_lineitem_orderkey", "Relation Name": "lineitem", "Alias": "lineitem", "Startup Cost": 0.0, "Total Cost": 1.35, "Plan Rows": 5, "Plan Width": 24, "Index Cond": "(l_orderkey = orders.o_orderkey)", "Filter": "(l_shipdate > '1995-03-13 00:00:00'::timestamp(0) without time zone)"}]}]}]}]}, "Unique SQL Id": 3929762122, "Planner Runtime": 0}, "explain_analyze_plan": {"Plan": {"Node Type": "Limit", "Startup Cost": 2699912.01, "Total Cost": 2699912.03, "Plan Rows": 10, "Plan Width": 44, "Actual Startup Time": 27778.236, "Actual Total Time": 27778.239, "Actual Rows": 10, "Actual Loops": 1, "Plans": [{"Node Type": "Sort", "Parent Relationship": "Outer", "Startup Cost": 2699912.01, "Total Cost": 2708810.13, "Plan Rows": 10, "Plan Width": 44, "Actual Startup Time": 27778.233, "Actual Total Time": 27778.235, "Actual Rows": 10, "Actual Loops": 1, "Sort Key": ["(sum((lineitem.l_extendedprice * (1::double precision - lineitem.l_discount)))) DESC", "orders.o_orderdate"], "Sort Method": "top-N heapsort", "Sort Space Used": 26, "Sort Space Type": "Memory", "Plans": [{"Node Type": "Aggregate", "Strategy": "Hashed", "Parent Relationship": "Outer", "Startup Cost": 2587405.49, "Total Cost": 2622997.96, "Plan Rows": 3559247, "Plan Width": 44, "Actual Startup Time": 27694.368, "Actual Total Time": 27751.144, "Actual Rows": 113719, "Actual Loops": 1, "Group By Key": ["lineitem.l_orderkey", "orders.o_orderdate", "orders.o_shippriority"], "Plans": [{"Node Type": "Nested Loop", "Parent Relationship": "Outer", "Join Type": "Inner", "Startup Cost": 0.0, "Total Cost": 2534016.78, "Plan Rows": 3559247, "Plan Width": 36, "Actual Startup Time": 0.221, "Actual Total Time": 27347.965, "Actual Rows": 300219, "Actual Loops": 1, "Inner Unique": false, "Plans": [{"Node Type": "Nested Loop", "Parent Relationship": "Outer", "Join Type": "Inner", "Startup Cost": 0.0, "Total Cost": 1529472.45, "Plan Rows": 715772, "Plan Width": 20, "Actual Startup Time": 0.102, "Actual Total Time": 9832.13, "Actual Rows": 1455173, "Actual Loops": 1, "Inner Unique": false, "Plans": [{"Node Type": "Index Scan", "Parent Relationship": "Outer", "Scan Direction": "Forward", "Index Name": "customer_pkey", "Relation Name": "customer", "Alias": "customer", "Startup Cost": 0.0, "Total Cost": 84515.36, "Plan Rows": 303948, "Plan Width": 8, "Actual Startup Time": 0.073, "Actual Total Time": 1122.937, "Actual Rows": 300036, "Actual Loops": 1, "Filter": "(c_mktsegment = 'AUTOMOBILE'::bpchar), (LLVM Optimized, Jit Execute)", "Rows Removed by Filter": 1199964}, {"Node Type": "Index Scan", "Parent Relationship": "Inner", "Scan Direction": "Forward", "Index Name": "idx_orders_custkey", "Relation Name": "orders", "Alias": "orders", "Startup Cost": 0.0, "Total Cost": 4.73, "Plan Rows": 2, "Plan Width": 28, "Actual Startup Time": 2071.576, "Actual Total Time": 8180.225, "Actual Rows": 1455173, "Actual Loops": 300036, "Index Cond": "(o_custkey = customer.c_custkey)", "Rows Removed by Index Recheck": 0, "Filter": "(o_orderdate < '1995-03-13 00:00:00'::timestamp(0) without time zone)", "Rows Removed by Filter": 1545367}]}, {"Node Type": "Index Scan", "Parent Relationship": "Inner", "Scan Direction": "Forward", "Index Name": "idx_lineitem_orderkey", "Relation Name": "lineitem", "Alias": "lineitem", "Startup Cost": 0.0, "Total Cost": 1.35, "Plan Rows": 5, "Plan Width": 24, "Actual Startup Time": 16408.608, "Actual Total Time": 16700.86, "Actual Rows": 300219, "Actual Loops": 1455173, "Index Cond": "(l_orderkey = orders.o_orderkey)", "Rows Removed by Index Recheck": 0, "Filter": "(l_shipdate > '1995-03-13 00:00:00'::timestamp(0) without time zone)", "Rows Removed by Filter": 5519788}]}]}]}]}, "Triggers": [], "Planner Runtime": 1.143, "Total Runtime": 27787.738, "Unique SQL Id": 3929762122}}, "(16, '122')": {"explain_plan": {"Plan": {"Node Type": "Limit", "Startup Cost": 383528982462.14, "Total Cost": 383528982462.17, "Plan Rows": 10, "Plan Width": 44, "Plans": [{"Node Type": "Sort", "Parent Relationship": "Outer", "Startup Cost": 383528982462.14, "Total Cost": 383528991360.26, "Plan Rows": 10, "Plan Width": 44, "Sort Key": ["(sum((lineitem.l_extendedprice * (1::double precision - lineitem.l_discount)))) DESC", "orders.o_orderdate"], "Plans": [{"Node Type": "Aggregate", "Strategy": "Hashed", "Parent Relationship": "Outer", "Startup Cost": 383528869955.62, "Total Cost": 383528905548.09, "Plan Rows": 3559247, "Plan Width": 44, "Group By Key": ["lineitem.l_orderkey", "orders.o_orderdate", "orders.o_shippriority"], "Plans": [{"Node Type": "Nested Loop", "Parent Relationship": "Outer", "Join Type": "Inner", "Startup Cost": 385.28, "Total Cost": 383528816566.92, "Plan Rows": 3559247, "Plan Width": 36, "Inner Unique": false, "Join Filter": "(orders.o_orderkey = lineitem.l_orderkey), (LLVM Optimized)", "Plans": [{"Node Type": "Seq Scan", "Parent Relationship": "Outer", "Relation Name": "lineitem", "Alias": "lineitem", "Startup Cost": 0.0, "Total Cost": 2165082.91, "Plan Rows": 32617206, "Plan Width": 24, "Filter": "(l_shipdate > '1995-03-13 00:00:00'::timestamp(0) without time zone), (LLVM Optimized)"}, {"Node Type": "Materialize", "Parent Relationship": "Inner", "Startup Cost": 385.28, "Total Cost": 33329411677.96, "Plan Rows": 715772, "Plan Width": 20, "Plans": [{"Node Type": "Nested Loop", "Parent Relationship": "Outer", "Join Type": "Inner", "Startup Cost": 385.28, "Total Cost": 33329408099.1, "Plan Rows": 715772, "Plan Width": 20, "Inner Unique": true, "Join Filter": "(customer.c_custkey = orders.o_custkey), (LLVM Optimized)", "Plans": [{"Node Type": "Seq Scan", "Parent Relationship": "Outer", "Relation Name": "orders", "Alias": "orders", "Startup Cost": 385.28, "Total Cost": 463912.49, "Plan Rows": 7310217, "Plan Width": 28, "Filter": "(o_orderdate < '1995-03-13 00:00:00'::timestamp(0) without time zone), (LLVM Optimized)"}, {"Node Type": "Materialize", "Parent Relationship": "Inner", "Startup Cost": 0.0, "Total Cost": 57395.74, "Plan Rows": 303948, "Plan Width": 8, "Plans": [{"Node Type": "Seq Scan", "Parent Relationship": "Outer", "Relation Name": "customer", "Alias": "customer", "Startup Cost": 0.0, "Total Cost": 55876.0, "Plan Rows": 303948, "Plan Width": 8, "Filter": "(c_mktsegment = 'AUTOMOBILE'::bpchar), (LLVM Optimized)"}]}]}]}]}]}]}]}, "Unique SQL Id": 3929762122, "Planner Runtime": 0}, "explain_analyze_plan": null}, "(16, '123')": {"explain_plan": {"Plan": {"Node Type": "Limit", "Startup Cost": 3383950608972.36, "Total Cost": 3383950608972.39, "Plan Rows": 10, "Plan Width": 44, "Plans": [{"Node Type": "Sort", "Parent Relationship": "Outer", "Startup Cost": 3383950608972.36, "Total Cost": 3383950617870.48, "Plan Rows": 10, "Plan Width": 44, "Sort Key": ["(sum((lineitem.l_extendedprice * (1::double precision - lineitem.l_discount)))) DESC", "orders.o_orderdate"], "Plans": [{"Node Type": "Aggregate", "Strategy": "Hashed", "Parent Relationship": "Outer", "Startup Cost": 3383950496465.85, "Total Cost": 3383950532058.32, "Plan Rows": 3559247, "Plan Width": 44, "Group By Key": ["lineitem.l_orderkey", "orders.o_orderdate", "orders.o_shippriority"], "Plans": [{"Node Type": "Nested Loop", "Parent Relationship": "Outer", "Join Type": "Inner", "Startup Cost": 30000000000.0, "Total Cost": 3383950443077.14, "Plan Rows": 3559247, "Plan Width": 36, "Inner Unique": false, "Join Filter": "(orders.o_orderkey = lineitem.l_orderkey), (LLVM Optimized)", "Plans": [{"Node Type": "Index Scan", "Parent Relationship": "Outer", "Scan Direction": "Forward", "Index Name": "idx_lineitem_orderkey", "Relation Name": "lineitem", "Alias": "lineitem", "Startup Cost": 10000000000.0, "Total Cost": 1000339012132.75, "Plan Rows": 32617206, "Plan Width": 24, "Filter": "(l_shipdate > '1995-03-13 00:00:00'::timestamp(0) without time zone), (LLVM Optimized)"}, {"Node Type": "Materialize", "Parent Relationship": "Inner", "Startup Cost": 20000000000.0, "Total Cost": 2033414191138.34, "Plan Rows": 715772, "Plan Width": 20, "Plans": [{"Node Type": "Nested Loop", "Parent Relationship": "Outer", "Join Type": "Inner", "Startup Cost": 20000000000.0, "Total Cost": 2033414187559.48, "Plan Rows": 715772, "Plan Width": 20, "Inner Unique": true, "Join Filter": "(customer.c_custkey = orders.o_custkey), (LLVM Optimized)", "Plans": [{"Node Type": "Index Scan", "Parent Relationship": "Outer", "Scan Direction": "Forward", "Index Name": "orders_pkey", "Relation Name": "orders", "Alias": "orders", "Startup Cost": 10000000000.0, "Total Cost": 1000076847713.25, "Plan Rows": 7310217, "Plan Width": 28, "Filter": "(o_orderdate < '1995-03-13 00:00:00'::timestamp(0) without time zone), (LLVM Optimized)"}, {"Node Type": "Materialize", "Parent Relationship": "Inner", "Startup Cost": 10000000000.0, "Total Cost": 1000008453055.36, "Plan Rows": 303948, "Plan Width": 8, "Plans": [{"Node Type": "Index Scan", "Parent Relationship": "Outer", "Scan Direction": "Forward", "Index Name": "customer_pkey", "Relation Name": "customer", "Alias": "customer", "Startup Cost": 10000000000.0, "Total Cost": 1000008451535.62, "Plan Rows": 303948, "Plan Width": 8, "Filter": "(c_mktsegment = 'AUTOMOBILE'::bpchar), (LLVM Optimized)"}]}]}]}]}]}]}]}, "Unique SQL Id": 3929762122, "Planner Runtime": 0}, "explain_analyze_plan": null}, "(16, '124')": {"explain_plan": {"Plan": {"Node Type": "Limit", "Startup Cost": 2671272.65, "Total Cost": 2671272.68, "Plan Rows": 10, "Plan Width": 44, "Plans": [{"Node Type": "Sort", "Parent Relationship": "Outer", "Startup Cost": 2671272.65, "Total Cost": 2680170.77, "Plan Rows": 10, "Plan Width": 44, "Sort Key": ["(sum((lineitem.l_extendedprice * (1::double precision - lineitem.l_discount)))) DESC", "orders.o_orderdate"], "Plans": [{"Node Type": "Aggregate", "Strategy": "Hashed", "Parent Relationship": "Outer", "Startup Cost": 2558766.13, "Total Cost": 2594358.6, "Plan Rows": 3559247, "Plan Width": 44, "Group By Key": ["lineitem.l_orderkey", "orders.o_orderdate", "orders.o_shippriority"], "Plans": [{"Node Type": "Nested Loop", "Parent Relationship": "Outer", "Join Type": "Inner", "Startup Cost": 0.0, "Total Cost": 2505377.43, "Plan Rows": 3559247, "Plan Width": 36, "Inner Unique": false, "Plans": [{"Node Type": "Nested Loop", "Parent Relationship": "Outer", "Join Type": "Inner", "Startup Cost": 0.0, "Total Cost": 1500833.09, "Plan Rows": 715772, "Plan Width": 20, "Inner Unique": false, "Plans": [{"Node Type": "Seq Scan", "Parent Relationship": "Outer", "Relation Name": "customer", "Alias": "customer", "Startup Cost": 0.0, "Total Cost": 55876.0, "Plan Rows": 303948, "Plan Width": 8, "Filter": "(c_mktsegment = 'AUTOMOBILE'::bpchar), (LLVM Optimized)"}, {"Node Type": "Index Scan", "Parent Relationship": "Inner", "Scan Direction": "Forward", "Index Name": "idx_orders_custkey", "Relation Name": "orders", "Alias": "orders", "Startup Cost": 0.0, "Total Cost": 4.73, "Plan Rows": 2, "Plan Width": 28, "Index Cond": "(o_custkey = customer.c_custkey)", "Filter": "(o_orderdate < '1995-03-13 00:00:00'::timestamp(0) without time zone)"}]}, {"Node Type": "Index Scan", "Parent Relationship": "Inner", "Scan Direction": "Forward", "Index Name": "idx_lineitem_orderkey", "Relation Name": "lineitem", "Alias": "lineitem", "Startup Cost": 0.0, "Total Cost": 1.35, "Plan Rows": 5, "Plan Width": 24, "Index Cond": "(l_orderkey = orders.o_orderkey)", "Filter": "(l_shipdate > '1995-03-13 00:00:00'::timestamp(0) without time zone)"}]}]}]}]}, "Unique SQL Id": 3929762122, "Planner Runtime": 0}, "explain_analyze_plan": {"Plan": {"Node Type": "Limit", "Startup Cost": 2671272.65, "Total Cost": 2671272.68, "Plan Rows": 10, "Plan Width": 44, "Actual Startup Time": 27307.658, "Actual Total Time": 27307.661, "Actual Rows": 10, "Actual Loops": 1, "Plans": [{"Node Type": "Sort", "Parent Relationship": "Outer", "Startup Cost": 2671272.65, "Total Cost": 2680170.77, "Plan Rows": 10, "Plan Width": 44, "Actual Startup Time": 27307.656, "Actual Total Time": 27307.657, "Actual Rows": 10, "Actual Loops": 1, "Sort Key": ["(sum((lineitem.l_extendedprice * (1::double precision - lineitem.l_discount)))) DESC", "orders.o_orderdate"], "Sort Method": "top-N heapsort", "Sort Space Used": 26, "Sort Space Type": "Memory", "Plans": [{"Node Type": "Aggregate", "Strategy": "Hashed", "Parent Relationship": "Outer", "Startup Cost": 2558766.13, "Total Cost": 2594358.6, "Plan Rows": 3559247, "Plan Width": 44, "Actual Startup Time": 27198.835, "Actual Total Time": 27279.953, "Actual Rows": 113719, "Actual Loops": 1, "Group By Key": ["lineitem.l_orderkey", "orders.o_orderdate", "orders.o_shippriority"], "Plans": [{"Node Type": "Nested Loop", "Parent Relationship": "Outer", "Join Type": "Inner", "Startup Cost": 0.0, "Total Cost": 2505377.43, "Plan Rows": 3559247, "Plan Width": 36, "Actual Startup Time": 0.206, "Actual Total Time": 26869.94, "Actual Rows": 300219, "Actual Loops": 1, "Inner Unique": false, "Plans": [{"Node Type": "Nested Loop", "Parent Relationship": "Outer", "Join Type": "Inner", "Startup Cost": 0.0, "Total Cost": 1500833.09, "Plan Rows": 715772, "Plan Width": 20, "Actual Startup Time": 0.099, "Actual Total Time": 9483.207, "Actual Rows": 1455173, "Actual Loops": 1, "Inner Unique": false, "Plans": [{"Node Type": "Seq Scan", "Parent Relationship": "Outer", "Relation Name": "customer", "Alias": "customer", "Startup Cost": 0.0, "Total Cost": 55876.0, "Plan Rows": 303948, "Plan Width": 8, "Actual Startup Time": 0.05, "Actual Total Time": 634.296, "Actual Rows": 300036, "Actual Loops": 1, "Filter": "(c_mktsegment = 'AUTOMOBILE'::bpchar), (LLVM Optimized, Jit Execute)", "Rows Removed by Filter": 1199964}, {"Node Type": "Index Scan", "Parent Relationship": "Inner", "Scan Direction": "Forward", "Index Name": "idx_orders_custkey", "Relation Name": "orders", "Alias": "orders", "Startup Cost": 0.0, "Total Cost": 4.73, "Plan Rows": 2, "Plan Width": 28, "Actual Startup Time": 2084.306, "Actual Total Time": 8313.681, "Actual Rows": 1455173, "Actual Loops": 300036, "Index Cond": "(o_custkey = customer.c_custkey)", "Rows Removed by Index Recheck": 0, "Filter": "(o_orderdate < '1995-03-13 00:00:00'::timestamp(0) without time zone)", "Rows Removed by Filter": 1545367}]}, {"Node Type": "Index Scan", "Parent Relationship": "Inner", "Scan Direction": "Forward", "Index Name": "idx_lineitem_orderkey", "Relation Name": "lineitem", "Alias": "lineitem", "Startup Cost": 0.0, "Total Cost": 1.35, "Plan Rows": 5, "Plan Width": 24, "Actual Startup Time": 16270.859, "Actual Total Time": 16558.196, "Actual Rows": 300219, "Actual Loops": 1455173, "Index Cond": "(l_orderkey = orders.o_orderkey)", "Rows Removed by Index Recheck": 0, "Filter": "(l_shipdate > '1995-03-13 00:00:00'::timestamp(0) without time zone)", "Rows Removed by Filter": 5519788}]}]}]}]}, "Triggers": [], "Planner Runtime": 0.649, "Total Runtime": 27317.051, "Unique SQL Id": 3929762122}}, "(16, '125')": {"explain_plan": {"Plan": {"Node Type": "Limit", "Startup Cost": 2699912.01, "Total Cost": 2699912.03, "Plan Rows": 10, "Plan Width": 44, "Plans": [{"Node Type": "Sort", "Parent Relationship": "Outer", "Startup Cost": 2699912.01, "Total Cost": 2708810.13, "Plan Rows": 10, "Plan Width": 44, "Sort Key": ["(sum((lineitem.l_extendedprice * (1::double precision - lineitem.l_discount)))) DESC", "orders.o_orderdate"], "Plans": [{"Node Type": "Aggregate", "Strategy": "Hashed", "Parent Relationship": "Outer", "Startup Cost": 2587405.49, "Total Cost": 2622997.96, "Plan Rows": 3559247, "Plan Width": 44, "Group By Key": ["lineitem.l_orderkey", "orders.o_orderdate", "orders.o_shippriority"], "Plans": [{"Node Type": "Nested Loop", "Parent Relationship": "Outer", "Join Type": "Inner", "Startup Cost": 0.0, "Total Cost": 2534016.78, "Plan Rows": 3559247, "Plan Width": 36, "Inner Unique": false, "Plans": [{"Node Type": "Nested Loop", "Parent Relationship": "Outer", "Join Type": "Inner", "Startup Cost": 0.0, "Total Cost": 1529472.45, "Plan Rows": 715772, "Plan Width": 20, "Inner Unique": false, "Plans": [{"Node Type": "Index Scan", "Parent Relationship": "Outer", "Scan Direction": "Forward", "Index Name": "customer_pkey", "Relation Name": "customer", "Alias": "customer", "Startup Cost": 0.0, "Total Cost": 84515.36, "Plan Rows": 303948, "Plan Width": 8, "Filter": "(c_mktsegment = 'AUTOMOBILE'::bpchar), (LLVM Optimized)"}, {"Node Type": "Index Scan", "Parent Relationship": "Inner", "Scan Direction": "Forward", "Index Name": "idx_orders_custkey", "Relation Name": "orders", "Alias": "orders", "Startup Cost": 0.0, "Total Cost": 4.73, "Plan Rows": 2, "Plan Width": 28, "Index Cond": "(o_custkey = customer.c_custkey)", "Filter": "(o_orderdate < '1995-03-13 00:00:00'::timestamp(0) without time zone)"}]}, {"Node Type": "Index Scan", "Parent Relationship": "Inner", "Scan Direction": "Forward", "Index Name": "idx_lineitem_orderkey", "Relation Name": "lineitem", "Alias": "lineitem", "Startup Cost": 0.0, "Total Cost": 1.35, "Plan Rows": 5, "Plan Width": 24, "Index Cond": "(l_orderkey = orders.o_orderkey)", "Filter": "(l_shipdate > '1995-03-13 00:00:00'::timestamp(0) without time zone)"}]}]}]}]}, "Unique SQL Id": 3929762122, "Planner Runtime": 0}, "explain_analyze_plan": {"Plan": {"Node Type": "Limit", "Startup Cost": 2699912.01, "Total Cost": 2699912.03, "Plan Rows": 10, "Plan Width": 44, "Actual Startup Time": 27778.236, "Actual Total Time": 27778.239, "Actual Rows": 10, "Actual Loops": 1, "Plans": [{"Node Type": "Sort", "Parent Relationship": "Outer", "Startup Cost": 2699912.01, "Total Cost": 2708810.13, "Plan Rows": 10, "Plan Width": 44, "Actual Startup Time": 27778.233, "Actual Total Time": 27778.235, "Actual Rows": 10, "Actual Loops": 1, "Sort Key": ["(sum((lineitem.l_extendedprice * (1::double precision - lineitem.l_discount)))) DESC", "orders.o_orderdate"], "Sort Method": "top-N heapsort", "Sort Space Used": 26, "Sort Space Type": "Memory", "Plans": [{"Node Type": "Aggregate", "Strategy": "Hashed", "Parent Relationship": "Outer", "Startup Cost": 2587405.49, "Total Cost": 2622997.96, "Plan Rows": 3559247, "Plan Width": 44, "Actual Startup Time": 27694.368, "Actual Total Time": 27751.144, "Actual Rows": 113719, "Actual Loops": 1, "Group By Key": ["lineitem.l_orderkey", "orders.o_orderdate", "orders.o_shippriority"], "Plans": [{"Node Type": "Nested Loop", "Parent Relationship": "Outer", "Join Type": "Inner", "Startup Cost": 0.0, "Total Cost": 2534016.78, "Plan Rows": 3559247, "Plan Width": 36, "Actual Startup Time": 0.221, "Actual Total Time": 27347.965, "Actual Rows": 300219, "Actual Loops": 1, "Inner Unique": false, "Plans": [{"Node Type": "Nested Loop", "Parent Relationship": "Outer", "Join Type": "Inner", "Startup Cost": 0.0, "Total Cost": 1529472.45, "Plan Rows": 715772, "Plan Width": 20, "Actual Startup Time": 0.102, "Actual Total Time": 9832.13, "Actual Rows": 1455173, "Actual Loops": 1, "Inner Unique": false, "Plans": [{"Node Type": "Index Scan", "Parent Relationship": "Outer", "Scan Direction": "Forward", "Index Name": "customer_pkey", "Relation Name": "customer", "Alias": "customer", "Startup Cost": 0.0, "Total Cost": 84515.36, "Plan Rows": 303948, "Plan Width": 8, "Actual Startup Time": 0.073, "Actual Total Time": 1122.937, "Actual Rows": 300036, "Actual Loops": 1, "Filter": "(c_mktsegment = 'AUTOMOBILE'::bpchar), (LLVM Optimized, Jit Execute)", "Rows Removed by Filter": 1199964}, {"Node Type": "Index Scan", "Parent Relationship": "Inner", "Scan Direction": "Forward", "Index Name": "idx_orders_custkey", "Relation Name": "orders", "Alias": "orders", "Startup Cost": 0.0, "Total Cost": 4.73, "Plan Rows": 2, "Plan Width": 28, "Actual Startup Time": 2071.576, "Actual Total Time": 8180.225, "Actual Rows": 1455173, "Actual Loops": 300036, "Index Cond": "(o_custkey = customer.c_custkey)", "Rows Removed by Index Recheck": 0, "Filter": "(o_orderdate < '1995-03-13 00:00:00'::timestamp(0) without time zone)", "Rows Removed by Filter": 1545367}]}, {"Node Type": "Index Scan", "Parent Relationship": "Inner", "Scan Direction": "Forward", "Index Name": "idx_lineitem_orderkey", "Relation Name": "lineitem", "Alias": "lineitem", "Startup Cost": 0.0, "Total Cost": 1.35, "Plan Rows": 5, "Plan Width": 24, "Actual Startup Time": 16408.608, "Actual Total Time": 16700.86, "Actual Rows": 300219, "Actual Loops": 1455173, "Index Cond": "(l_orderkey = orders.o_orderkey)", "Rows Removed by Index Recheck": 0, "Filter": "(l_shipdate > '1995-03-13 00:00:00'::timestamp(0) without time zone)", "Rows Removed by Filter": 5519788}]}]}]}]}, "Triggers": [], "Planner Runtime": 1.143, "Total Runtime": 27787.738, "Unique SQL Id": 3929762122}}, "(16, '126')": {"explain_plan": {"Plan": {"Node Type": "Limit", "Startup Cost": 383528982462.14, "Total Cost": 383528982462.17, "Plan Rows": 10, "Plan Width": 44, "Plans": [{"Node Type": "Sort", "Parent Relationship": "Outer", "Startup Cost": 383528982462.14, "Total Cost": 383528991360.26, "Plan Rows": 10, "Plan Width": 44, "Sort Key": ["(sum((lineitem.l_extendedprice * (1::double precision - lineitem.l_discount)))) DESC", "orders.o_orderdate"], "Plans": [{"Node Type": "Aggregate", "Strategy": "Hashed", "Parent Relationship": "Outer", "Startup Cost": 383528869955.62, "Total Cost": 383528905548.09, "Plan Rows": 3559247, "Plan Width": 44, "Group By Key": ["lineitem.l_orderkey", "orders.o_orderdate", "orders.o_shippriority"], "Plans": [{"Node Type": "Nested Loop", "Parent Relationship": "Outer", "Join Type": "Inner", "Startup Cost": 385.28, "Total Cost": 383528816566.92, "Plan Rows": 3559247, "Plan Width": 36, "Inner Unique": false, "Join Filter": "(orders.o_orderkey = lineitem.l_orderkey), (LLVM Optimized)", "Plans": [{"Node Type": "Seq Scan", "Parent Relationship": "Outer", "Relation Name": "lineitem", "Alias": "lineitem", "Startup Cost": 0.0, "Total Cost": 2165082.91, "Plan Rows": 32617206, "Plan Width": 24, "Filter": "(l_shipdate > '1995-03-13 00:00:00'::timestamp(0) without time zone), (LLVM Optimized)"}, {"Node Type": "Materialize", "Parent Relationship": "Inner", "Startup Cost": 385.28, "Total Cost": 33329411677.96, "Plan Rows": 715772, "Plan Width": 20, "Plans": [{"Node Type": "Nested Loop", "Parent Relationship": "Outer", "Join Type": "Inner", "Startup Cost": 385.28, "Total Cost": 33329408099.1, "Plan Rows": 715772, "Plan Width": 20, "Inner Unique": true, "Join Filter": "(customer.c_custkey = orders.o_custkey), (LLVM Optimized)", "Plans": [{"Node Type": "Seq Scan", "Parent Relationship": "Outer", "Relation Name": "orders", "Alias": "orders", "Startup Cost": 385.28, "Total Cost": 463912.49, "Plan Rows": 7310217, "Plan Width": 28, "Filter": "(o_orderdate < '1995-03-13 00:00:00'::timestamp(0) without time zone), (LLVM Optimized)"}, {"Node Type": "Materialize", "Parent Relationship": "Inner", "Startup Cost": 0.0, "Total Cost": 57395.74, "Plan Rows": 303948, "Plan Width": 8, "Plans": [{"Node Type": "Seq Scan", "Parent Relationship": "Outer", "Relation Name": "customer", "Alias": "customer", "Startup Cost": 0.0, "Total Cost": 55876.0, "Plan Rows": 303948, "Plan Width": 8, "Filter": "(c_mktsegment = 'AUTOMOBILE'::bpchar), (LLVM Optimized)"}]}]}]}]}]}]}]}, "Unique SQL Id": 3929762122, "Planner Runtime": 0}, "explain_analyze_plan": null}, "(16, '127')": {"explain_plan": {"Plan": {"Node Type": "Limit", "Startup Cost": 3383950608972.36, "Total Cost": 3383950608972.39, "Plan Rows": 10, "Plan Width": 44, "Plans": [{"Node Type": "Sort", "Parent Relationship": "Outer", "Startup Cost": 3383950608972.36, "Total Cost": 3383950617870.48, "Plan Rows": 10, "Plan Width": 44, "Sort Key": ["(sum((lineitem.l_extendedprice * (1::double precision - lineitem.l_discount)))) DESC", "orders.o_orderdate"], "Plans": [{"Node Type": "Aggregate", "Strategy": "Hashed", "Parent Relationship": "Outer", "Startup Cost": 3383950496465.85, "Total Cost": 3383950532058.32, "Plan Rows": 3559247, "Plan Width": 44, "Group By Key": ["lineitem.l_orderkey", "orders.o_orderdate", "orders.o_shippriority"], "Plans": [{"Node Type": "Nested Loop", "Parent Relationship": "Outer", "Join Type": "Inner", "Startup Cost": 30000000000.0, "Total Cost": 3383950443077.14, "Plan Rows": 3559247, "Plan Width": 36, "Inner Unique": false, "Join Filter": "(orders.o_orderkey = lineitem.l_orderkey), (LLVM Optimized)", "Plans": [{"Node Type": "Index Scan", "Parent Relationship": "Outer", "Scan Direction": "Forward", "Index Name": "idx_lineitem_orderkey", "Relation Name": "lineitem", "Alias": "lineitem", "Startup Cost": 10000000000.0, "Total Cost": 1000339012132.75, "Plan Rows": 32617206, "Plan Width": 24, "Filter": "(l_shipdate > '1995-03-13 00:00:00'::timestamp(0) without time zone), (LLVM Optimized)"}, {"Node Type": "Materialize", "Parent Relationship": "Inner", "Startup Cost": 20000000000.0, "Total Cost": 2033414191138.34, "Plan Rows": 715772, "Plan Width": 20, "Plans": [{"Node Type": "Nested Loop", "Parent Relationship": "Outer", "Join Type": "Inner", "Startup Cost": 20000000000.0, "Total Cost": 2033414187559.48, "Plan Rows": 715772, "Plan Width": 20, "Inner Unique": true, "Join Filter": "(customer.c_custkey = orders.o_custkey), (LLVM Optimized)", "Plans": [{"Node Type": "Index Scan", "Parent Relationship": "Outer", "Scan Direction": "Forward", "Index Name": "orders_pkey", "Relation Name": "orders", "Alias": "orders", "Startup Cost": 10000000000.0, "Total Cost": 1000076847713.25, "Plan Rows": 7310217, "Plan Width": 28, "Filter": "(o_orderdate < '1995-03-13 00:00:00'::timestamp(0) without time zone), (LLVM Optimized)"}, {"Node Type": "Materialize", "Parent Relationship": "Inner", "Startup Cost": 10000000000.0, "Total Cost": 1000008453055.36, "Plan Rows": 303948, "Plan Width": 8, "Plans": [{"Node Type": "Index Scan", "Parent Relationship": "Outer", "Scan Direction": "Forward", "Index Name": "customer_pkey", "Relation Name": "customer", "Alias": "customer", "Startup Cost": 10000000000.0, "Total Cost": 1000008451535.62, "Plan Rows": 303948, "Plan Width": 8, "Filter": "(c_mktsegment = 'AUTOMOBILE'::bpchar), (LLVM Optimized)"}]}]}]}]}]}]}]}, "Unique SQL Id": 3929762122, "Planner Runtime": 0}, "explain_analyze_plan": null}, "(64, '0')": {"explain_plan": {"Plan": {"Node Type": "Limit", "Startup Cost": 1728598.43, "Total Cost": 1728598.46, "Plan Rows": 10, "Plan Width": 44, "Plans": [{"Node Type": "Sort", "Parent Relationship": "Outer", "Startup Cost": 1728598.43, "Total Cost": 1737496.55, "Plan Rows": 10, "Plan Width": 44, "Sort Key": ["(sum((lineitem.l_extendedprice * (1::double precision - lineitem.l_discount)))) DESC", "orders.o_orderdate"], "Plans": [{"Node Type": "Aggregate", "Strategy": "Hashed", "Parent Relationship": "Outer", "Startup Cost": 1616091.91, "Total Cost": 1651684.38, "Plan Rows": 3559247, "Plan Width": 44, "Group By Key": ["lineitem.l_orderkey", "orders.o_orderdate", "orders.o_shippriority"], "Plans": [{"Node Type": "Nested Loop", "Parent Relationship": "Outer", "Join Type": "Inner", "Startup Cost": 60061.09, "Total Cost": 1562703.21, "Plan Rows": 3559247, "Plan Width": 36, "Inner Unique": false, "Plans": [{"Node Type": "Hash Join", "Parent Relationship": "Outer", "Join Type": "Inner", "Startup Cost": 60061.09, "Total Cost": 558158.87, "Plan Rows": 715772, "Plan Width": 20, "Inner Unique": true, "Hash Cond": "(orders.o_custkey = customer.c_custkey), (LLVM Optimized)", "Plans": [{"Node Type": "Seq Scan", "Parent Relationship": "Outer", "Relation Name": "orders", "Alias": "orders", "Startup Cost": 385.74, "Total Cost": 463912.49, "Plan Rows": 7310217, "Plan Width": 28, "Filter": "(o_orderdate < '1995-03-13 00:00:00'::timestamp(0) without time zone), (LLVM Optimized)"}, {"Node Type": "Hash", "Parent Relationship": "Inner", "Startup Cost": 55876.0, "Total Cost": 55876.0, "Plan Rows": 303948, "Plan Width": 8, "Plans": [{"Node Type": "Seq Scan", "Parent Relationship": "Outer", "Relation Name": "customer", "Alias": "customer", "Startup Cost": 0.0, "Total Cost": 55876.0, "Plan Rows": 303948, "Plan Width": 8, "Filter": "(c_mktsegment = 'AUTOMOBILE'::bpchar), (LLVM Optimized)"}]}]}, {"Node Type": "Index Scan", "Parent Relationship": "Inner", "Scan Direction": "Forward", "Index Name": "idx_lineitem_orderkey", "Relation Name": "lineitem", "Alias": "lineitem", "Startup Cost": 0.0, "Total Cost": 1.35, "Plan Rows": 5, "Plan Width": 24, "Index Cond": "(l_orderkey = orders.o_orderkey)", "Filter": "(l_shipdate > '1995-03-13 00:00:00'::timestamp(0) without time zone)"}]}]}]}]}, "Unique SQL Id": 3929762122, "Planner Runtime": 1}, "explain_analyze_plan": {"Plan": {"Node Type": "Limit", "Startup Cost": 1728598.43, "Total Cost": 1728598.46, "Plan Rows": 10, "Plan Width": 44, "Actual Startup Time": 20936.588, "Actual Total Time": 20936.592, "Actual Rows": 10, "Actual Loops": 1, "Plans": [{"Node Type": "Sort", "Parent Relationship": "Outer", "Startup Cost": 1728598.43, "Total Cost": 1737496.55, "Plan Rows": 10, "Plan Width": 44, "Actual Startup Time": 20936.583, "Actual Total Time": 20936.585, "Actual Rows": 10, "Actual Loops": 1, "Sort Key": ["(sum((lineitem.l_extendedprice * (1::double precision - lineitem.l_discount)))) DESC", "orders.o_orderdate"], "Sort Method": "top-N heapsort", "Sort Space Used": 26, "Sort Space Type": "Memory", "Plans": [{"Node Type": "Aggregate", "Strategy": "Hashed", "Parent Relationship": "Outer", "Startup Cost": 1616091.91, "Total Cost": 1651684.38, "Plan Rows": 3559247, "Plan Width": 44, "Actual Startup Time": 20852.87, "Actual Total Time": 20909.326, "Actual Rows": 113719, "Actual Loops": 1, "Group By Key": ["lineitem.l_orderkey", "orders.o_orderdate", "orders.o_shippriority"], "Plans": [{"Node Type": "Nested Loop", "Parent Relationship": "Outer", "Join Type": "Inner", "Startup Cost": 60061.09, "Total Cost": 1562703.21, "Plan Rows": 3559247, "Plan Width": 36, "Actual Startup Time": 794.406, "Actual Total Time": 20559.114, "Actual Rows": 300219, "Actual Loops": 1, "Inner Unique": false, "Plans": [{"Node Type": "Hash Join", "Parent Relationship": "Outer", "Join Type": "Inner", "Startup Cost": 60061.09, "Total Cost": 558158.87, "Plan Rows": 715772, "Plan Width": 20, "Actual Startup Time": 794.164, "Actual Total Time": 8763.213, "Actual Rows": 1455173, "Actual Loops": 1, "Inner Unique": true, "Hash Cond": "(orders.o_custkey = customer.c_custkey), (LLVM Optimized, Jit Execute)", "Plans": [{"Node Type": "Seq Scan", "Parent Relationship": "Outer", "Relation Name": "orders", "Alias": "orders", "Startup Cost": 385.74, "Total Cost": 463912.49, "Plan Rows": 7310217, "Plan Width": 28, "Actual Startup Time": 0.051, "Actual Total Time": 4845.533, "Actual Rows": 7276947, "Actual Loops": 1, "Filter": "(o_orderdate < '1995-03-13 00:00:00'::timestamp(0) without time zone), (LLVM Optimized, Jit Execute)", "Rows Removed by Filter": 7723053}, {"Node Type": "Hash", "Parent Relationship": "Inner", "Startup Cost": 55876.0, "Total Cost": 55876.0, "Plan Rows": 303948, "Plan Width": 8, "Actual Startup Time": 793.74, "Actual Total Time": 793.74, "Actual Rows": 300036, "Actual Loops": 1, "Hash Buckets": 524288, "Hash Batches": 1, "Original Hash Batches": 1, "Peak Memory Usage": 11721, "Plans": [{"Node Type": "Seq Scan", "Parent Relationship": "Outer", "Relation Name": "customer", "Alias": "customer", "Startup Cost": 0.0, "Total Cost": 55876.0, "Plan Rows": 303948, "Plan Width": 8, "Actual Startup Time": 0.019, "Actual Total Time": 669.81, "Actual Rows": 300036, "Actual Loops": 1, "Filter": "(c_mktsegment = 'AUTOMOBILE'::bpchar), (LLVM Optimized, Jit Execute)", "Rows Removed by Filter": 1199964}]}]}, {"Node Type": "Index Scan", "Parent Relationship": "Inner", "Scan Direction": "Forward", "Index Name": "idx_lineitem_orderkey", "Relation Name": "lineitem", "Alias": "lineitem", "Startup Cost": 0.0, "Total Cost": 1.35, "Plan Rows": 5, "Plan Width": 24, "Actual Startup Time": 10711.642, "Actual Total Time": 11003.512, "Actual Rows": 300219, "Actual Loops": 1455173, "Index Cond": "(l_orderkey = orders.o_orderkey)", "Rows Removed by Index Recheck": 0, "Filter": "(l_shipdate > '1995-03-13 00:00:00'::timestamp(0) without time zone)", "Rows Removed by Filter": 5519788}]}]}]}]}, "Triggers": [], "Planner Runtime": 1.236, "Total Runtime": 20946.451, "Unique SQL Id": 3929762122}}, "(64, '1')": {"explain_plan": {"Plan": {"Node Type": "Limit", "Startup Cost": 1829820.45, "Total Cost": 1829820.47, "Plan Rows": 10, "Plan Width": 44, "Plans": [{"Node Type": "Sort", "Parent Relationship": "Outer", "Startup Cost": 1829820.45, "Total Cost": 1838718.56, "Plan Rows": 10, "Plan Width": 44, "Sort Key": ["(sum((lineitem.l_extendedprice * (1::double precision - lineitem.l_discount)))) DESC", "orders.o_orderdate"], "Plans": [{"Node Type": "Aggregate", "Strategy": "Hashed", "Parent Relationship": "Outer", "Startup Cost": 1717313.93, "Total Cost": 1752906.4, "Plan Rows": 3559247, "Plan Width": 44, "Group By Key": ["lineitem.l_orderkey", "orders.o_orderdate", "orders.o_shippriority"], "Plans": [{"Node Type": "Nested Loop", "Parent Relationship": "Outer", "Join Type": "Inner", "Startup Cost": 257013.14, "Total Cost": 1663925.22, "Plan Rows": 3559247, "Plan Width": 36, "Inner Unique": false, "Plans": [{"Node Type": "Hash Join", "Parent Relationship": "Outer", "Join Type": "Inner", "Startup Cost": 257013.14, "Total Cost": 659380.88, "Plan Rows": 715772, "Plan Width": 20, "Inner Unique": true, "Hash Cond": "(orders.o_custkey = customer.c_custkey), (LLVM Optimized)", "Plans": [{"Node Type": "Bitmap Heap Scan", "Parent Relationship": "Outer", "Relation Name": "orders", "Alias": "orders", "Startup Cost": 168698.43, "Total Cost": 536495.14, "Plan Rows": 7310217, "Plan Width": 28, "Recheck Cond": "(o_orderdate < '1995-03-13 00:00:00'::timestamp(0) without time zone), (LLVM Optimized)", "Plans": [{"Node Type": "Bitmap Index Scan", "Parent Relationship": "Outer", "Index Name": "idx_orders_orderdate", "Startup Cost": 0.0, "Total Cost": 166870.88, "Plan Rows": 7310217, "Plan Width": 0, "Index Cond": "(o_orderdate < '1995-03-13 00:00:00'::timestamp(0) without time zone)"}]}, {"Node Type": "Hash", "Parent Relationship": "Inner", "Startup Cost": 84515.36, "Total Cost": 84515.36, "Plan Rows": 303948, "Plan Width": 8, "Plans": [{"Node Type": "Index Scan", "Parent Relationship": "Outer", "Scan Direction": "Forward", "Index Name": "customer_pkey", "Relation Name": "customer", "Alias": "customer", "Startup Cost": 0.0, "Total Cost": 84515.36, "Plan Rows": 303948, "Plan Width": 8, "Filter": "(c_mktsegment = 'AUTOMOBILE'::bpchar), (LLVM Optimized)"}]}]}, {"Node Type": "Index Scan", "Parent Relationship": "Inner", "Scan Direction": "Forward", "Index Name": "idx_lineitem_orderkey", "Relation Name": "lineitem", "Alias": "lineitem", "Startup Cost": 0.0, "Total Cost": 1.35, "Plan Rows": 5, "Plan Width": 24, "Index Cond": "(l_orderkey = orders.o_orderkey)", "Filter": "(l_shipdate > '1995-03-13 00:00:00'::timestamp(0) without time zone)"}]}]}]}]}, "Unique SQL Id": 3929762122, "Planner Runtime": 1}, "explain_analyze_plan": {"Plan": {"Node Type": "Limit", "Startup Cost": 1829820.45, "Total Cost": 1829820.47, "Plan Rows": 10, "Plan Width": 44, "Actual Startup Time": 22613.581, "Actual Total Time": 22613.584, "Actual Rows": 10, "Actual Loops": 1, "Plans": [{"Node Type": "Sort", "Parent Relationship": "Outer", "Startup Cost": 1829820.45, "Total Cost": 1838718.56, "Plan Rows": 10, "Plan Width": 44, "Actual Startup Time": 22613.577, "Actual Total Time": 22613.578, "Actual Rows": 10, "Actual Loops": 1, "Sort Key": ["(sum((lineitem.l_extendedprice * (1::double precision - lineitem.l_discount)))) DESC", "orders.o_orderdate"], "Sort Method": "top-N heapsort", "Sort Space Used": 26, "Sort Space Type": "Memory", "Plans": [{"Node Type": "Aggregate", "Strategy": "Hashed", "Parent Relationship": "Outer", "Startup Cost": 1717313.93, "Total Cost": 1752906.4, "Plan Rows": 3559247, "Plan Width": 44, "Actual Startup Time": 22530.245, "Actual Total Time": 22586.346, "Actual Rows": 113719, "Actual Loops": 1, "Group By Key": ["lineitem.l_orderkey", "orders.o_orderdate", "orders.o_shippriority"], "Plans": [{"Node Type": "Nested Loop", "Parent Relationship": "Outer", "Join Type": "Inner", "Startup Cost": 257013.14, "Total Cost": 1663925.22, "Plan Rows": 3559247, "Plan Width": 36, "Actual Startup Time": 3499.217, "Actual Total Time": 22242.047, "Actual Rows": 300219, "Actual Loops": 1, "Inner Unique": false, "Plans": [{"Node Type": "Hash Join", "Parent Relationship": "Outer", "Join Type": "Inner", "Startup Cost": 257013.14, "Total Cost": 659380.88, "Plan Rows": 715772, "Plan Width": 20, "Actual Startup Time": 3498.97, "Actual Total Time": 10470.555, "Actual Rows": 1455173, "Actual Loops": 1, "Inner Unique": true, "Hash Cond": "(orders.o_custkey = customer.c_custkey), (LLVM Optimized, Jit Execute)", "Plans": [{"Node Type": "Bitmap Heap Scan", "Parent Relationship": "Outer", "Relation Name": "orders", "Alias": "orders", "Startup Cost": 168698.43, "Total Cost": 536495.14, "Plan Rows": 7310217, "Plan Width": 28, "Actual Startup Time": 2285.018, "Actual Total Time": 6196.804, "Actual Rows": 7276947, "Actual Loops": 1, "Recheck Cond": "(o_orderdate < '1995-03-13 00:00:00'::timestamp(0) without time zone), (LLVM Optimized, Jit Execute)", "Rows Removed by Index Recheck": 0, "Exact Heap Blocks": 276419, "Lossy Heap Blocks": 276419, "Plans": [{"Node Type": "Bitmap Index Scan", "Parent Relationship": "Outer", "Index Name": "idx_orders_orderdate", "Startup Cost": 0.0, "Total Cost": 166870.88, "Plan Rows": 7310217, "Plan Width": 0, "Actual Startup Time": 2184.08, "Actual Total Time": 2184.08, "Actual Rows": 7276947, "Actual Loops": 1, "Index Cond": "(o_orderdate < '1995-03-13 00:00:00'::timestamp(0) without time zone)"}]}, {"Node Type": "Hash", "Parent Relationship": "Inner", "Startup Cost": 84515.36, "Total Cost": 84515.36, "Plan Rows": 303948, "Plan Width": 8, "Actual Startup Time": 1213.579, "Actual Total Time": 1213.579, "Actual Rows": 300036, "Actual Loops": 1, "Hash Buckets": 524288, "Hash Batches": 1, "Original Hash Batches": 1, "Peak Memory Usage": 11721, "Plans": [{"Node Type": "Index Scan", "Parent Relationship": "Outer", "Scan Direction": "Forward", "Index Name": "customer_pkey", "Relation Name": "customer", "Alias": "customer", "Startup Cost": 0.0, "Total Cost": 84515.36, "Plan Rows": 303948, "Plan Width": 8, "Actual Startup Time": 0.074, "Actual Total Time": 1102.735, "Actual Rows": 300036, "Actual Loops": 1, "Filter": "(c_mktsegment = 'AUTOMOBILE'::bpchar), (LLVM Optimized, Jit Execute)", "Rows Removed by Filter": 1199964}]}]}, {"Node Type": "Index Scan", "Parent Relationship": "Inner", "Scan Direction": "Forward", "Index Name": "idx_lineitem_orderkey", "Relation Name": "lineitem", "Alias": "lineitem", "Startup Cost": 0.0, "Total Cost": 1.35, "Plan Rows": 5, "Plan Width": 24, "Actual Startup Time": 10674.421, "Actual Total Time": 10965.74, "Actual Rows": 300219, "Actual Loops": 1455173, "Index Cond": "(l_orderkey = orders.o_orderkey)", "Rows Removed by Index Recheck": 0, "Filter": "(l_shipdate > '1995-03-13 00:00:00'::timestamp(0) without time zone)", "Rows Removed by Filter": 5519788}]}]}]}]}, "Triggers": [], "Planner Runtime": 1.278, "Total Runtime": 22623.875, "Unique SQL Id": 3929762122}}, "(64, '2')": {"explain_plan": {"Plan": {"Node Type": "Limit", "Startup Cost": 3055991.15, "Total Cost": 3055991.17, "Plan Rows": 10, "Plan Width": 44, "Plans": [{"Node Type": "Sort", "Parent Relationship": "Outer", "Startup Cost": 3055991.15, "Total Cost": 3064889.27, "Plan Rows": 10, "Plan Width": 44, "Sort Key": ["(sum((lineitem.l_extendedprice * (1::double precision - lineitem.l_discount)))) DESC", "orders.o_orderdate"], "Plans": [{"Node Type": "Aggregate", "Strategy": "Hashed", "Parent Relationship": "Outer", "Startup Cost": 2943484.63, "Total Cost": 2979077.1, "Plan Rows": 3559247, "Plan Width": 44, "Group By Key": ["lineitem.l_orderkey", "orders.o_orderdate", "orders.o_shippriority"], "Plans": [{"Node Type": "Hash Join", "Parent Relationship": "Outer", "Join Type": "Inner", "Startup Cost": 567106.02, "Total Cost": 2890095.93, "Plan Rows": 3559247, "Plan Width": 36, "Inner Unique": false, "Hash Cond": "(lineitem.l_orderkey = orders.o_orderkey), (LLVM Optimized)", "Plans": [{"Node Type": "Seq Scan", "Parent Relationship": "Outer", "Relation Name": "lineitem", "Alias": "lineitem", "Startup Cost": 0.0, "Total Cost": 2165082.91, "Plan Rows": 32617206, "Plan Width": 24, "Filter": "(l_shipdate > '1995-03-13 00:00:00'::timestamp(0) without time zone), (LLVM Optimized)"}, {"Node Type": "Hash", "Parent Relationship": "Inner", "Startup Cost": 558158.87, "Total Cost": 558158.87, "Plan Rows": 715772, "Plan Width": 20, "Plans": [{"Node Type": "Hash Join", "Parent Relationship": "Outer", "Join Type": "Inner", "Startup Cost": 60061.09, "Total Cost": 558158.87, "Plan Rows": 715772, "Plan Width": 20, "Inner Unique": true, "Hash Cond": "(orders.o_custkey = customer.c_custkey), (LLVM Optimized)", "Plans": [{"Node Type": "Seq Scan", "Parent Relationship": "Outer", "Relation Name": "orders", "Alias": "orders", "Startup Cost": 385.74, "Total Cost": 463912.49, "Plan Rows": 7310217, "Plan Width": 28, "Filter": "(o_orderdate < '1995-03-13 00:00:00'::timestamp(0) without time zone), (LLVM Optimized)"}, {"Node Type": "Hash", "Parent Relationship": "Inner", "Startup Cost": 55876.0, "Total Cost": 55876.0, "Plan Rows": 303948, "Plan Width": 8, "Plans": [{"Node Type": "Seq Scan", "Parent Relationship": "Outer", "Relation Name": "customer", "Alias": "customer", "Startup Cost": 0.0, "Total Cost": 55876.0, "Plan Rows": 303948, "Plan Width": 8, "Filter": "(c_mktsegment = 'AUTOMOBILE'::bpchar), (LLVM Optimized)"}]}]}]}]}]}]}]}, "Unique SQL Id": 3929762122, "Planner Runtime": 1}, "explain_analyze_plan": {"Plan": {"Node Type": "Limit", "Startup Cost": 3055991.15, "Total Cost": 3055991.17, "Plan Rows": 10, "Plan Width": 44, "Actual Startup Time": 39516.846, "Actual Total Time": 39516.85, "Actual Rows": 10, "Actual Loops": 1, "Plans": [{"Node Type": "Sort", "Parent Relationship": "Outer", "Startup Cost": 3055991.15, "Total Cost": 3064889.27, "Plan Rows": 10, "Plan Width": 44, "Actual Startup Time": 39516.843, "Actual Total Time": 39516.844, "Actual Rows": 10, "Actual Loops": 1, "Sort Key": ["(sum((lineitem.l_extendedprice * (1::double precision - lineitem.l_discount)))) DESC", "orders.o_orderdate"], "Sort Method": "top-N heapsort", "Sort Space Used": 26, "Sort Space Type": "Memory", "Plans": [{"Node Type": "Aggregate", "Strategy": "Hashed", "Parent Relationship": "Outer", "Startup Cost": 2943484.63, "Total Cost": 2979077.1, "Plan Rows": 3559247, "Plan Width": 44, "Actual Startup Time": 39434.101, "Actual Total Time": 39489.776, "Actual Rows": 113719, "Actual Loops": 1, "Group By Key": ["lineitem.l_orderkey", "orders.o_orderdate", "orders.o_shippriority"], "Plans": [{"Node Type": "Hash Join", "Parent Relationship": "Outer", "Join Type": "Inner", "Startup Cost": 567106.02, "Total Cost": 2890095.93, "Plan Rows": 3559247, "Plan Width": 36, "Actual Startup Time": 9000.813, "Actual Total Time": 39142.959, "Actual Rows": 300219, "Actual Loops": 1, "Inner Unique": false, "Hash Cond": "(lineitem.l_orderkey = orders.o_orderkey), (LLVM Optimized, Jit Execute)", "Plans": [{"Node Type": "Seq Scan", "Parent Relationship": "Outer", "Relation Name": "lineitem", "Alias": "lineitem", "Startup Cost": 0.0, "Total Cost": 2165082.91, "Plan Rows": 32617206, "Plan Width": 24, "Actual Startup Time": 0.047, "Actual Total Time": 21094.063, "Actual Rows": 32384344, "Actual Loops": 1, "Filter": "(l_shipdate > '1995-03-13 00:00:00'::timestamp(0) without time zone), (LLVM Optimized, Jit Execute)", "Rows Removed by Filter": 27601708}, {"Node Type": "Hash", "Parent Relationship": "Inner", "Startup Cost": 558158.87, "Total Cost": 558158.87, "Plan Rows": 715772, "Plan Width": 20, "Actual Startup Time": 8999.234, "Actual Total Time": 8999.234, "Actual Rows": 1455173, "Actual Loops": 1, "Hash Buckets": 1048576, "Hash Batches": 1, "Original Hash Batches": 1, "Peak Memory Usage": 79580, "Plans": [{"Node Type": "Hash Join", "Parent Relationship": "Outer", "Join Type": "Inner", "Startup Cost": 60061.09, "Total Cost": 558158.87, "Plan Rows": 715772, "Plan Width": 20, "Actual Startup Time": 689.634, "Actual Total Time": 8382.487, "Actual Rows": 1455173, "Actual Loops": 1, "Inner Unique": true, "Hash Cond": "(orders.o_custkey = customer.c_custkey), (LLVM Optimized, Jit Execute)", "Plans": [{"Node Type": "Seq Scan", "Parent Relationship": "Outer", "Relation Name": "orders", "Alias": "orders", "Startup Cost": 385.74, "Total Cost": 463912.49, "Plan Rows": 7310217, "Plan Width": 28, "Actual Startup Time": 0.024, "Actual Total Time": 4815.307, "Actual Rows": 7276947, "Actual Loops": 1, "Filter": "(o_orderdate < '1995-03-13 00:00:00'::timestamp(0) without time zone), (LLVM Optimized, Jit Execute)", "Rows Removed by Filter": 7723053}, {"Node Type": "Hash", "Parent Relationship": "Inner", "Startup Cost": 55876.0, "Total Cost": 55876.0, "Plan Rows": 303948, "Plan Width": 8, "Actual Startup Time": 689.253, "Actual Total Time": 689.253, "Actual Rows": 300036, "Actual Loops": 1, "Hash Buckets": 524288, "Hash Batches": 1, "Original Hash Batches": 1, "Peak Memory Usage": 11721, "Plans": [{"Node Type": "Seq Scan", "Parent Relationship": "Outer", "Relation Name": "customer", "Alias": "customer", "Startup Cost": 0.0, "Total Cost": 55876.0, "Plan Rows": 303948, "Plan Width": 8, "Actual Startup Time": 0.022, "Actual Total Time": 601.693, "Actual Rows": 300036, "Actual Loops": 1, "Filter": "(c_mktsegment = 'AUTOMOBILE'::bpchar), (LLVM Optimized, Jit Execute)", "Rows Removed by Filter": 1199964}]}]}]}]}]}]}]}, "Triggers": [], "Planner Runtime": 1.23, "Total Runtime": 39527.144, "Unique SQL Id": 3929762122}}, "(64, '3')": {"explain_plan": {"Plan": {"Node Type": "Limit", "Startup Cost": 35345596.54, "Total Cost": 35345596.56, "Plan Rows": 10, "Plan Width": 44, "Plans": [{"Node Type": "Sort", "Parent Relationship": "Outer", "Startup Cost": 35345596.54, "Total Cost": 35354494.65, "Plan Rows": 10, "Plan Width": 44, "Sort Key": ["(sum((lineitem.l_extendedprice * (1::double precision - lineitem.l_discount)))) DESC", "orders.o_orderdate"], "Plans": [{"Node Type": "Aggregate", "Strategy": "Hashed", "Parent Relationship": "Outer", "Startup Cost": 35233090.02, "Total Cost": 35268682.49, "Plan Rows": 3559247, "Plan Width": 44, "Group By Key": ["lineitem.l_orderkey", "orders.o_orderdate", "orders.o_shippriority"], "Plans": [{"Node Type": "Nested Loop", "Parent Relationship": "Outer", "Join Type": "Inner", "Startup Cost": 168699.14, "Total Cost": 35179701.31, "Plan Rows": 3559247, "Plan Width": 36, "Inner Unique": false, "Plans": [{"Node Type": "Nested Loop", "Parent Relationship": "Outer", "Join Type": "Inner", "Startup Cost": 168698.69, "Total Cost": 31865463.0, "Plan Rows": 715772, "Plan Width": 20, "Inner Unique": true, "Plans": [{"Node Type": "Bitmap Heap Scan", "Parent Relationship": "Outer", "Relation Name": "orders", "Alias": "orders", "Startup Cost": 168698.43, "Total Cost": 536495.14, "Plan Rows": 7310217, "Plan Width": 28, "Recheck Cond": "(o_orderdate < '1995-03-13 00:00:00'::timestamp(0) without time zone), (LLVM Optimized)", "Plans": [{"Node Type": "Bitmap Index Scan", "Parent Relationship": "Outer", "Index Name": "idx_orders_orderdate", "Startup Cost": 0.0, "Total Cost": 166870.88, "Plan Rows": 7310217, "Plan Width": 0, "Index Cond": "(o_orderdate < '1995-03-13 00:00:00'::timestamp(0) without time zone)"}]}, {"Node Type": "Bitmap Heap Scan", "Parent Relationship": "Inner", "Relation Name": "customer", "Alias": "customer", "Startup Cost": 0.26, "Total Cost": 4.28, "Plan Rows": 1, "Plan Width": 8, "Recheck Cond": "(c_custkey = orders.o_custkey)", "Filter": "(c_mktsegment = 'AUTOMOBILE'::bpchar)", "Plans": [{"Node Type": "Bitmap Index Scan", "Parent Relationship": "Outer", "Index Name": "customer_pkey", "Startup Cost": 0.0, "Total Cost": 0.26, "Plan Rows": 1, "Plan Width": 0, "Index Cond": "(c_custkey = orders.o_custkey)"}]}]}, {"Node Type": "Bitmap Heap Scan", "Parent Relationship": "Inner", "Relation Name": "lineitem", "Alias": "lineitem", "Startup Cost": 0.45, "Total Cost": 4.58, "Plan Rows": 5, "Plan Width": 24, "Recheck Cond": "(l_orderkey = orders.o_orderkey)", "Filter": "(l_shipdate > '1995-03-13 00:00:00'::timestamp(0) without time zone)", "Plans": [{"Node Type": "Bitmap Index Scan", "Parent Relationship": "Outer", "Index Name": "idx_lineitem_orderkey", "Startup Cost": 0.0, "Total Cost": 0.44, "Plan Rows": 9, "Plan Width": 0, "Index Cond": "(l_orderkey = orders.o_orderkey)"}]}]}]}]}]}, "Unique SQL Id": 3929762122, "Planner Runtime": 1}, "explain_analyze_plan": null}, "(64, '4')": {"explain_plan": {"Plan": {"Node Type": "Limit", "Startup Cost": 1728598.43, "Total Cost": 1728598.46, "Plan Rows": 10, "Plan Width": 44, "Plans": [{"Node Type": "Sort", "Parent Relationship": "Outer", "Startup Cost": 1728598.43, "Total Cost": 1737496.55, "Plan Rows": 10, "Plan Width": 44, "Sort Key": ["(sum((lineitem.l_extendedprice * (1::double precision - lineitem.l_discount)))) DESC", "orders.o_orderdate"], "Plans": [{"Node Type": "Aggregate", "Strategy": "Hashed", "Parent Relationship": "Outer", "Startup Cost": 1616091.91, "Total Cost": 1651684.38, "Plan Rows": 3559247, "Plan Width": 44, "Group By Key": ["lineitem.l_orderkey", "orders.o_orderdate", "orders.o_shippriority"], "Plans": [{"Node Type": "Nested Loop", "Parent Relationship": "Outer", "Join Type": "Inner", "Startup Cost": 60061.09, "Total Cost": 1562703.21, "Plan Rows": 3559247, "Plan Width": 36, "Inner Unique": false, "Plans": [{"Node Type": "Hash Join", "Parent Relationship": "Outer", "Join Type": "Inner", "Startup Cost": 60061.09, "Total Cost": 558158.87, "Plan Rows": 715772, "Plan Width": 20, "Inner Unique": true, "Hash Cond": "(orders.o_custkey = customer.c_custkey), (LLVM Optimized)", "Plans": [{"Node Type": "Seq Scan", "Parent Relationship": "Outer", "Relation Name": "orders", "Alias": "orders", "Startup Cost": 385.74, "Total Cost": 463912.49, "Plan Rows": 7310217, "Plan Width": 28, "Filter": "(o_orderdate < '1995-03-13 00:00:00'::timestamp(0) without time zone), (LLVM Optimized)"}, {"Node Type": "Hash", "Parent Relationship": "Inner", "Startup Cost": 55876.0, "Total Cost": 55876.0, "Plan Rows": 303948, "Plan Width": 8, "Plans": [{"Node Type": "Seq Scan", "Parent Relationship": "Outer", "Relation Name": "customer", "Alias": "customer", "Startup Cost": 0.0, "Total Cost": 55876.0, "Plan Rows": 303948, "Plan Width": 8, "Filter": "(c_mktsegment = 'AUTOMOBILE'::bpchar), (LLVM Optimized)"}]}]}, {"Node Type": "Index Scan", "Parent Relationship": "Inner", "Scan Direction": "Forward", "Index Name": "idx_lineitem_orderkey", "Relation Name": "lineitem", "Alias": "lineitem", "Startup Cost": 0.0, "Total Cost": 1.35, "Plan Rows": 5, "Plan Width": 24, "Index Cond": "(l_orderkey = orders.o_orderkey)", "Filter": "(l_shipdate > '1995-03-13 00:00:00'::timestamp(0) without time zone)"}]}]}]}]}, "Unique SQL Id": 3929762122, "Planner Runtime": 1}, "explain_analyze_plan": {"Plan": {"Node Type": "Limit", "Startup Cost": 1728598.43, "Total Cost": 1728598.46, "Plan Rows": 10, "Plan Width": 44, "Actual Startup Time": 20936.588, "Actual Total Time": 20936.592, "Actual Rows": 10, "Actual Loops": 1, "Plans": [{"Node Type": "Sort", "Parent Relationship": "Outer", "Startup Cost": 1728598.43, "Total Cost": 1737496.55, "Plan Rows": 10, "Plan Width": 44, "Actual Startup Time": 20936.583, "Actual Total Time": 20936.585, "Actual Rows": 10, "Actual Loops": 1, "Sort Key": ["(sum((lineitem.l_extendedprice * (1::double precision - lineitem.l_discount)))) DESC", "orders.o_orderdate"], "Sort Method": "top-N heapsort", "Sort Space Used": 26, "Sort Space Type": "Memory", "Plans": [{"Node Type": "Aggregate", "Strategy": "Hashed", "Parent Relationship": "Outer", "Startup Cost": 1616091.91, "Total Cost": 1651684.38, "Plan Rows": 3559247, "Plan Width": 44, "Actual Startup Time": 20852.87, "Actual Total Time": 20909.326, "Actual Rows": 113719, "Actual Loops": 1, "Group By Key": ["lineitem.l_orderkey", "orders.o_orderdate", "orders.o_shippriority"], "Plans": [{"Node Type": "Nested Loop", "Parent Relationship": "Outer", "Join Type": "Inner", "Startup Cost": 60061.09, "Total Cost": 1562703.21, "Plan Rows": 3559247, "Plan Width": 36, "Actual Startup Time": 794.406, "Actual Total Time": 20559.114, "Actual Rows": 300219, "Actual Loops": 1, "Inner Unique": false, "Plans": [{"Node Type": "Hash Join", "Parent Relationship": "Outer", "Join Type": "Inner", "Startup Cost": 60061.09, "Total Cost": 558158.87, "Plan Rows": 715772, "Plan Width": 20, "Actual Startup Time": 794.164, "Actual Total Time": 8763.213, "Actual Rows": 1455173, "Actual Loops": 1, "Inner Unique": true, "Hash Cond": "(orders.o_custkey = customer.c_custkey), (LLVM Optimized, Jit Execute)", "Plans": [{"Node Type": "Seq Scan", "Parent Relationship": "Outer", "Relation Name": "orders", "Alias": "orders", "Startup Cost": 385.74, "Total Cost": 463912.49, "Plan Rows": 7310217, "Plan Width": 28, "Actual Startup Time": 0.051, "Actual Total Time": 4845.533, "Actual Rows": 7276947, "Actual Loops": 1, "Filter": "(o_orderdate < '1995-03-13 00:00:00'::timestamp(0) without time zone), (LLVM Optimized, Jit Execute)", "Rows Removed by Filter": 7723053}, {"Node Type": "Hash", "Parent Relationship": "Inner", "Startup Cost": 55876.0, "Total Cost": 55876.0, "Plan Rows": 303948, "Plan Width": 8, "Actual Startup Time": 793.74, "Actual Total Time": 793.74, "Actual Rows": 300036, "Actual Loops": 1, "Hash Buckets": 524288, "Hash Batches": 1, "Original Hash Batches": 1, "Peak Memory Usage": 11721, "Plans": [{"Node Type": "Seq Scan", "Parent Relationship": "Outer", "Relation Name": "customer", "Alias": "customer", "Startup Cost": 0.0, "Total Cost": 55876.0, "Plan Rows": 303948, "Plan Width": 8, "Actual Startup Time": 0.019, "Actual Total Time": 669.81, "Actual Rows": 300036, "Actual Loops": 1, "Filter": "(c_mktsegment = 'AUTOMOBILE'::bpchar), (LLVM Optimized, Jit Execute)", "Rows Removed by Filter": 1199964}]}]}, {"Node Type": "Index Scan", "Parent Relationship": "Inner", "Scan Direction": "Forward", "Index Name": "idx_lineitem_orderkey", "Relation Name": "lineitem", "Alias": "lineitem", "Startup Cost": 0.0, "Total Cost": 1.35, "Plan Rows": 5, "Plan Width": 24, "Actual Startup Time": 10711.642, "Actual Total Time": 11003.512, "Actual Rows": 300219, "Actual Loops": 1455173, "Index Cond": "(l_orderkey = orders.o_orderkey)", "Rows Removed by Index Recheck": 0, "Filter": "(l_shipdate > '1995-03-13 00:00:00'::timestamp(0) without time zone)", "Rows Removed by Filter": 5519788}]}]}]}]}, "Triggers": [], "Planner Runtime": 1.236, "Total Runtime": 20946.451, "Unique SQL Id": 3929762122}}, "(64, '5')": {"explain_plan": {"Plan": {"Node Type": "Limit", "Startup Cost": 1829820.45, "Total Cost": 1829820.47, "Plan Rows": 10, "Plan Width": 44, "Plans": [{"Node Type": "Sort", "Parent Relationship": "Outer", "Startup Cost": 1829820.45, "Total Cost": 1838718.56, "Plan Rows": 10, "Plan Width": 44, "Sort Key": ["(sum((lineitem.l_extendedprice * (1::double precision - lineitem.l_discount)))) DESC", "orders.o_orderdate"], "Plans": [{"Node Type": "Aggregate", "Strategy": "Hashed", "Parent Relationship": "Outer", "Startup Cost": 1717313.93, "Total Cost": 1752906.4, "Plan Rows": 3559247, "Plan Width": 44, "Group By Key": ["lineitem.l_orderkey", "orders.o_orderdate", "orders.o_shippriority"], "Plans": [{"Node Type": "Nested Loop", "Parent Relationship": "Outer", "Join Type": "Inner", "Startup Cost": 257013.14, "Total Cost": 1663925.22, "Plan Rows": 3559247, "Plan Width": 36, "Inner Unique": false, "Plans": [{"Node Type": "Hash Join", "Parent Relationship": "Outer", "Join Type": "Inner", "Startup Cost": 257013.14, "Total Cost": 659380.88, "Plan Rows": 715772, "Plan Width": 20, "Inner Unique": true, "Hash Cond": "(orders.o_custkey = customer.c_custkey), (LLVM Optimized)", "Plans": [{"Node Type": "Bitmap Heap Scan", "Parent Relationship": "Outer", "Relation Name": "orders", "Alias": "orders", "Startup Cost": 168698.43, "Total Cost": 536495.14, "Plan Rows": 7310217, "Plan Width": 28, "Recheck Cond": "(o_orderdate < '1995-03-13 00:00:00'::timestamp(0) without time zone), (LLVM Optimized)", "Plans": [{"Node Type": "Bitmap Index Scan", "Parent Relationship": "Outer", "Index Name": "idx_orders_orderdate", "Startup Cost": 0.0, "Total Cost": 166870.88, "Plan Rows": 7310217, "Plan Width": 0, "Index Cond": "(o_orderdate < '1995-03-13 00:00:00'::timestamp(0) without time zone)"}]}, {"Node Type": "Hash", "Parent Relationship": "Inner", "Startup Cost": 84515.36, "Total Cost": 84515.36, "Plan Rows": 303948, "Plan Width": 8, "Plans": [{"Node Type": "Index Scan", "Parent Relationship": "Outer", "Scan Direction": "Forward", "Index Name": "customer_pkey", "Relation Name": "customer", "Alias": "customer", "Startup Cost": 0.0, "Total Cost": 84515.36, "Plan Rows": 303948, "Plan Width": 8, "Filter": "(c_mktsegment = 'AUTOMOBILE'::bpchar), (LLVM Optimized)"}]}]}, {"Node Type": "Index Scan", "Parent Relationship": "Inner", "Scan Direction": "Forward", "Index Name": "idx_lineitem_orderkey", "Relation Name": "lineitem", "Alias": "lineitem", "Startup Cost": 0.0, "Total Cost": 1.35, "Plan Rows": 5, "Plan Width": 24, "Index Cond": "(l_orderkey = orders.o_orderkey)", "Filter": "(l_shipdate > '1995-03-13 00:00:00'::timestamp(0) without time zone)"}]}]}]}]}, "Unique SQL Id": 3929762122, "Planner Runtime": 1}, "explain_analyze_plan": {"Plan": {"Node Type": "Limit", "Startup Cost": 1829820.45, "Total Cost": 1829820.47, "Plan Rows": 10, "Plan Width": 44, "Actual Startup Time": 22613.581, "Actual Total Time": 22613.584, "Actual Rows": 10, "Actual Loops": 1, "Plans": [{"Node Type": "Sort", "Parent Relationship": "Outer", "Startup Cost": 1829820.45, "Total Cost": 1838718.56, "Plan Rows": 10, "Plan Width": 44, "Actual Startup Time": 22613.577, "Actual Total Time": 22613.578, "Actual Rows": 10, "Actual Loops": 1, "Sort Key": ["(sum((lineitem.l_extendedprice * (1::double precision - lineitem.l_discount)))) DESC", "orders.o_orderdate"], "Sort Method": "top-N heapsort", "Sort Space Used": 26, "Sort Space Type": "Memory", "Plans": [{"Node Type": "Aggregate", "Strategy": "Hashed", "Parent Relationship": "Outer", "Startup Cost": 1717313.93, "Total Cost": 1752906.4, "Plan Rows": 3559247, "Plan Width": 44, "Actual Startup Time": 22530.245, "Actual Total Time": 22586.346, "Actual Rows": 113719, "Actual Loops": 1, "Group By Key": ["lineitem.l_orderkey", "orders.o_orderdate", "orders.o_shippriority"], "Plans": [{"Node Type": "Nested Loop", "Parent Relationship": "Outer", "Join Type": "Inner", "Startup Cost": 257013.14, "Total Cost": 1663925.22, "Plan Rows": 3559247, "Plan Width": 36, "Actual Startup Time": 3499.217, "Actual Total Time": 22242.047, "Actual Rows": 300219, "Actual Loops": 1, "Inner Unique": false, "Plans": [{"Node Type": "Hash Join", "Parent Relationship": "Outer", "Join Type": "Inner", "Startup Cost": 257013.14, "Total Cost": 659380.88, "Plan Rows": 715772, "Plan Width": 20, "Actual Startup Time": 3498.97, "Actual Total Time": 10470.555, "Actual Rows": 1455173, "Actual Loops": 1, "Inner Unique": true, "Hash Cond": "(orders.o_custkey = customer.c_custkey), (LLVM Optimized, Jit Execute)", "Plans": [{"Node Type": "Bitmap Heap Scan", "Parent Relationship": "Outer", "Relation Name": "orders", "Alias": "orders", "Startup Cost": 168698.43, "Total Cost": 536495.14, "Plan Rows": 7310217, "Plan Width": 28, "Actual Startup Time": 2285.018, "Actual Total Time": 6196.804, "Actual Rows": 7276947, "Actual Loops": 1, "Recheck Cond": "(o_orderdate < '1995-03-13 00:00:00'::timestamp(0) without time zone), (LLVM Optimized, Jit Execute)", "Rows Removed by Index Recheck": 0, "Exact Heap Blocks": 276419, "Lossy Heap Blocks": 276419, "Plans": [{"Node Type": "Bitmap Index Scan", "Parent Relationship": "Outer", "Index Name": "idx_orders_orderdate", "Startup Cost": 0.0, "Total Cost": 166870.88, "Plan Rows": 7310217, "Plan Width": 0, "Actual Startup Time": 2184.08, "Actual Total Time": 2184.08, "Actual Rows": 7276947, "Actual Loops": 1, "Index Cond": "(o_orderdate < '1995-03-13 00:00:00'::timestamp(0) without time zone)"}]}, {"Node Type": "Hash", "Parent Relationship": "Inner", "Startup Cost": 84515.36, "Total Cost": 84515.36, "Plan Rows": 303948, "Plan Width": 8, "Actual Startup Time": 1213.579, "Actual Total Time": 1213.579, "Actual Rows": 300036, "Actual Loops": 1, "Hash Buckets": 524288, "Hash Batches": 1, "Original Hash Batches": 1, "Peak Memory Usage": 11721, "Plans": [{"Node Type": "Index Scan", "Parent Relationship": "Outer", "Scan Direction": "Forward", "Index Name": "customer_pkey", "Relation Name": "customer", "Alias": "customer", "Startup Cost": 0.0, "Total Cost": 84515.36, "Plan Rows": 303948, "Plan Width": 8, "Actual Startup Time": 0.074, "Actual Total Time": 1102.735, "Actual Rows": 300036, "Actual Loops": 1, "Filter": "(c_mktsegment = 'AUTOMOBILE'::bpchar), (LLVM Optimized, Jit Execute)", "Rows Removed by Filter": 1199964}]}]}, {"Node Type": "Index Scan", "Parent Relationship": "Inner", "Scan Direction": "Forward", "Index Name": "idx_lineitem_orderkey", "Relation Name": "lineitem", "Alias": "lineitem", "Startup Cost": 0.0, "Total Cost": 1.35, "Plan Rows": 5, "Plan Width": 24, "Actual Startup Time": 10674.421, "Actual Total Time": 10965.74, "Actual Rows": 300219, "Actual Loops": 1455173, "Index Cond": "(l_orderkey = orders.o_orderkey)", "Rows Removed by Index Recheck": 0, "Filter": "(l_shipdate > '1995-03-13 00:00:00'::timestamp(0) without time zone)", "Rows Removed by Filter": 5519788}]}]}]}]}, "Triggers": [], "Planner Runtime": 1.278, "Total Runtime": 22623.875, "Unique SQL Id": 3929762122}}, "(64, '6')": {"explain_plan": {"Plan": {"Node Type": "Limit", "Startup Cost": 3055991.15, "Total Cost": 3055991.17, "Plan Rows": 10, "Plan Width": 44, "Plans": [{"Node Type": "Sort", "Parent Relationship": "Outer", "Startup Cost": 3055991.15, "Total Cost": 3064889.27, "Plan Rows": 10, "Plan Width": 44, "Sort Key": ["(sum((lineitem.l_extendedprice * (1::double precision - lineitem.l_discount)))) DESC", "orders.o_orderdate"], "Plans": [{"Node Type": "Aggregate", "Strategy": "Hashed", "Parent Relationship": "Outer", "Startup Cost": 2943484.63, "Total Cost": 2979077.1, "Plan Rows": 3559247, "Plan Width": 44, "Group By Key": ["lineitem.l_orderkey", "orders.o_orderdate", "orders.o_shippriority"], "Plans": [{"Node Type": "Hash Join", "Parent Relationship": "Outer", "Join Type": "Inner", "Startup Cost": 567106.02, "Total Cost": 2890095.93, "Plan Rows": 3559247, "Plan Width": 36, "Inner Unique": false, "Hash Cond": "(lineitem.l_orderkey = orders.o_orderkey), (LLVM Optimized)", "Plans": [{"Node Type": "Seq Scan", "Parent Relationship": "Outer", "Relation Name": "lineitem", "Alias": "lineitem", "Startup Cost": 0.0, "Total Cost": 2165082.91, "Plan Rows": 32617206, "Plan Width": 24, "Filter": "(l_shipdate > '1995-03-13 00:00:00'::timestamp(0) without time zone), (LLVM Optimized)"}, {"Node Type": "Hash", "Parent Relationship": "Inner", "Startup Cost": 558158.87, "Total Cost": 558158.87, "Plan Rows": 715772, "Plan Width": 20, "Plans": [{"Node Type": "Hash Join", "Parent Relationship": "Outer", "Join Type": "Inner", "Startup Cost": 60061.09, "Total Cost": 558158.87, "Plan Rows": 715772, "Plan Width": 20, "Inner Unique": true, "Hash Cond": "(orders.o_custkey = customer.c_custkey), (LLVM Optimized)", "Plans": [{"Node Type": "Seq Scan", "Parent Relationship": "Outer", "Relation Name": "orders", "Alias": "orders", "Startup Cost": 385.74, "Total Cost": 463912.49, "Plan Rows": 7310217, "Plan Width": 28, "Filter": "(o_orderdate < '1995-03-13 00:00:00'::timestamp(0) without time zone), (LLVM Optimized)"}, {"Node Type": "Hash", "Parent Relationship": "Inner", "Startup Cost": 55876.0, "Total Cost": 55876.0, "Plan Rows": 303948, "Plan Width": 8, "Plans": [{"Node Type": "Seq Scan", "Parent Relationship": "Outer", "Relation Name": "customer", "Alias": "customer", "Startup Cost": 0.0, "Total Cost": 55876.0, "Plan Rows": 303948, "Plan Width": 8, "Filter": "(c_mktsegment = 'AUTOMOBILE'::bpchar), (LLVM Optimized)"}]}]}]}]}]}]}]}, "Unique SQL Id": 3929762122, "Planner Runtime": 1}, "explain_analyze_plan": {"Plan": {"Node Type": "Limit", "Startup Cost": 3055991.15, "Total Cost": 3055991.17, "Plan Rows": 10, "Plan Width": 44, "Actual Startup Time": 39516.846, "Actual Total Time": 39516.85, "Actual Rows": 10, "Actual Loops": 1, "Plans": [{"Node Type": "Sort", "Parent Relationship": "Outer", "Startup Cost": 3055991.15, "Total Cost": 3064889.27, "Plan Rows": 10, "Plan Width": 44, "Actual Startup Time": 39516.843, "Actual Total Time": 39516.844, "Actual Rows": 10, "Actual Loops": 1, "Sort Key": ["(sum((lineitem.l_extendedprice * (1::double precision - lineitem.l_discount)))) DESC", "orders.o_orderdate"], "Sort Method": "top-N heapsort", "Sort Space Used": 26, "Sort Space Type": "Memory", "Plans": [{"Node Type": "Aggregate", "Strategy": "Hashed", "Parent Relationship": "Outer", "Startup Cost": 2943484.63, "Total Cost": 2979077.1, "Plan Rows": 3559247, "Plan Width": 44, "Actual Startup Time": 39434.101, "Actual Total Time": 39489.776, "Actual Rows": 113719, "Actual Loops": 1, "Group By Key": ["lineitem.l_orderkey", "orders.o_orderdate", "orders.o_shippriority"], "Plans": [{"Node Type": "Hash Join", "Parent Relationship": "Outer", "Join Type": "Inner", "Startup Cost": 567106.02, "Total Cost": 2890095.93, "Plan Rows": 3559247, "Plan Width": 36, "Actual Startup Time": 9000.813, "Actual Total Time": 39142.959, "Actual Rows": 300219, "Actual Loops": 1, "Inner Unique": false, "Hash Cond": "(lineitem.l_orderkey = orders.o_orderkey), (LLVM Optimized, Jit Execute)", "Plans": [{"Node Type": "Seq Scan", "Parent Relationship": "Outer", "Relation Name": "lineitem", "Alias": "lineitem", "Startup Cost": 0.0, "Total Cost": 2165082.91, "Plan Rows": 32617206, "Plan Width": 24, "Actual Startup Time": 0.047, "Actual Total Time": 21094.063, "Actual Rows": 32384344, "Actual Loops": 1, "Filter": "(l_shipdate > '1995-03-13 00:00:00'::timestamp(0) without time zone), (LLVM Optimized, Jit Execute)", "Rows Removed by Filter": 27601708}, {"Node Type": "Hash", "Parent Relationship": "Inner", "Startup Cost": 558158.87, "Total Cost": 558158.87, "Plan Rows": 715772, "Plan Width": 20, "Actual Startup Time": 8999.234, "Actual Total Time": 8999.234, "Actual Rows": 1455173, "Actual Loops": 1, "Hash Buckets": 1048576, "Hash Batches": 1, "Original Hash Batches": 1, "Peak Memory Usage": 79580, "Plans": [{"Node Type": "Hash Join", "Parent Relationship": "Outer", "Join Type": "Inner", "Startup Cost": 60061.09, "Total Cost": 558158.87, "Plan Rows": 715772, "Plan Width": 20, "Actual Startup Time": 689.634, "Actual Total Time": 8382.487, "Actual Rows": 1455173, "Actual Loops": 1, "Inner Unique": true, "Hash Cond": "(orders.o_custkey = customer.c_custkey), (LLVM Optimized, Jit Execute)", "Plans": [{"Node Type": "Seq Scan", "Parent Relationship": "Outer", "Relation Name": "orders", "Alias": "orders", "Startup Cost": 385.74, "Total Cost": 463912.49, "Plan Rows": 7310217, "Plan Width": 28, "Actual Startup Time": 0.024, "Actual Total Time": 4815.307, "Actual Rows": 7276947, "Actual Loops": 1, "Filter": "(o_orderdate < '1995-03-13 00:00:00'::timestamp(0) without time zone), (LLVM Optimized, Jit Execute)", "Rows Removed by Filter": 7723053}, {"Node Type": "Hash", "Parent Relationship": "Inner", "Startup Cost": 55876.0, "Total Cost": 55876.0, "Plan Rows": 303948, "Plan Width": 8, "Actual Startup Time": 689.253, "Actual Total Time": 689.253, "Actual Rows": 300036, "Actual Loops": 1, "Hash Buckets": 524288, "Hash Batches": 1, "Original Hash Batches": 1, "Peak Memory Usage": 11721, "Plans": [{"Node Type": "Seq Scan", "Parent Relationship": "Outer", "Relation Name": "customer", "Alias": "customer", "Startup Cost": 0.0, "Total Cost": 55876.0, "Plan Rows": 303948, "Plan Width": 8, "Actual Startup Time": 0.022, "Actual Total Time": 601.693, "Actual Rows": 300036, "Actual Loops": 1, "Filter": "(c_mktsegment = 'AUTOMOBILE'::bpchar), (LLVM Optimized, Jit Execute)", "Rows Removed by Filter": 1199964}]}]}]}]}]}]}]}, "Triggers": [], "Planner Runtime": 1.23, "Total Runtime": 39527.144, "Unique SQL Id": 3929762122}}, "(64, '7')": {"explain_plan": {"Plan": {"Node Type": "Limit", "Startup Cost": 35345596.54, "Total Cost": 35345596.56, "Plan Rows": 10, "Plan Width": 44, "Plans": [{"Node Type": "Sort", "Parent Relationship": "Outer", "Startup Cost": 35345596.54, "Total Cost": 35354494.65, "Plan Rows": 10, "Plan Width": 44, "Sort Key": ["(sum((lineitem.l_extendedprice * (1::double precision - lineitem.l_discount)))) DESC", "orders.o_orderdate"], "Plans": [{"Node Type": "Aggregate", "Strategy": "Hashed", "Parent Relationship": "Outer", "Startup Cost": 35233090.02, "Total Cost": 35268682.49, "Plan Rows": 3559247, "Plan Width": 44, "Group By Key": ["lineitem.l_orderkey", "orders.o_orderdate", "orders.o_shippriority"], "Plans": [{"Node Type": "Nested Loop", "Parent Relationship": "Outer", "Join Type": "Inner", "Startup Cost": 168699.14, "Total Cost": 35179701.31, "Plan Rows": 3559247, "Plan Width": 36, "Inner Unique": false, "Plans": [{"Node Type": "Nested Loop", "Parent Relationship": "Outer", "Join Type": "Inner", "Startup Cost": 168698.69, "Total Cost": 31865463.0, "Plan Rows": 715772, "Plan Width": 20, "Inner Unique": true, "Plans": [{"Node Type": "Bitmap Heap Scan", "Parent Relationship": "Outer", "Relation Name": "orders", "Alias": "orders", "Startup Cost": 168698.43, "Total Cost": 536495.14, "Plan Rows": 7310217, "Plan Width": 28, "Recheck Cond": "(o_orderdate < '1995-03-13 00:00:00'::timestamp(0) without time zone), (LLVM Optimized)", "Plans": [{"Node Type": "Bitmap Index Scan", "Parent Relationship": "Outer", "Index Name": "idx_orders_orderdate", "Startup Cost": 0.0, "Total Cost": 166870.88, "Plan Rows": 7310217, "Plan Width": 0, "Index Cond": "(o_orderdate < '1995-03-13 00:00:00'::timestamp(0) without time zone)"}]}, {"Node Type": "Bitmap Heap Scan", "Parent Relationship": "Inner", "Relation Name": "customer", "Alias": "customer", "Startup Cost": 0.26, "Total Cost": 4.28, "Plan Rows": 1, "Plan Width": 8, "Recheck Cond": "(c_custkey = orders.o_custkey)", "Filter": "(c_mktsegment = 'AUTOMOBILE'::bpchar)", "Plans": [{"Node Type": "Bitmap Index Scan", "Parent Relationship": "Outer", "Index Name": "customer_pkey", "Startup Cost": 0.0, "Total Cost": 0.26, "Plan Rows": 1, "Plan Width": 0, "Index Cond": "(c_custkey = orders.o_custkey)"}]}]}, {"Node Type": "Bitmap Heap Scan", "Parent Relationship": "Inner", "Relation Name": "lineitem", "Alias": "lineitem", "Startup Cost": 0.45, "Total Cost": 4.58, "Plan Rows": 5, "Plan Width": 24, "Recheck Cond": "(l_orderkey = orders.o_orderkey)", "Filter": "(l_shipdate > '1995-03-13 00:00:00'::timestamp(0) without time zone)", "Plans": [{"Node Type": "Bitmap Index Scan", "Parent Relationship": "Outer", "Index Name": "idx_lineitem_orderkey", "Startup Cost": 0.0, "Total Cost": 0.44, "Plan Rows": 9, "Plan Width": 0, "Index Cond": "(l_orderkey = orders.o_orderkey)"}]}]}]}]}]}, "Unique SQL Id": 3929762122, "Planner Runtime": 1}, "explain_analyze_plan": null}, "(64, '8')": {"explain_plan": {"Plan": {"Node Type": "Limit", "Startup Cost": 1728598.43, "Total Cost": 1728598.46, "Plan Rows": 10, "Plan Width": 44, "Plans": [{"Node Type": "Sort", "Parent Relationship": "Outer", "Startup Cost": 1728598.43, "Total Cost": 1737496.55, "Plan Rows": 10, "Plan Width": 44, "Sort Key": ["(sum((lineitem.l_extendedprice * (1::double precision - lineitem.l_discount)))) DESC", "orders.o_orderdate"], "Plans": [{"Node Type": "Aggregate", "Strategy": "Hashed", "Parent Relationship": "Outer", "Startup Cost": 1616091.91, "Total Cost": 1651684.38, "Plan Rows": 3559247, "Plan Width": 44, "Group By Key": ["lineitem.l_orderkey", "orders.o_orderdate", "orders.o_shippriority"], "Plans": [{"Node Type": "Nested Loop", "Parent Relationship": "Outer", "Join Type": "Inner", "Startup Cost": 60061.09, "Total Cost": 1562703.21, "Plan Rows": 3559247, "Plan Width": 36, "Inner Unique": false, "Plans": [{"Node Type": "Hash Join", "Parent Relationship": "Outer", "Join Type": "Inner", "Startup Cost": 60061.09, "Total Cost": 558158.87, "Plan Rows": 715772, "Plan Width": 20, "Inner Unique": true, "Hash Cond": "(orders.o_custkey = customer.c_custkey), (LLVM Optimized)", "Plans": [{"Node Type": "Seq Scan", "Parent Relationship": "Outer", "Relation Name": "orders", "Alias": "orders", "Startup Cost": 385.74, "Total Cost": 463912.49, "Plan Rows": 7310217, "Plan Width": 28, "Filter": "(o_orderdate < '1995-03-13 00:00:00'::timestamp(0) without time zone), (LLVM Optimized)"}, {"Node Type": "Hash", "Parent Relationship": "Inner", "Startup Cost": 55876.0, "Total Cost": 55876.0, "Plan Rows": 303948, "Plan Width": 8, "Plans": [{"Node Type": "Seq Scan", "Parent Relationship": "Outer", "Relation Name": "customer", "Alias": "customer", "Startup Cost": 0.0, "Total Cost": 55876.0, "Plan Rows": 303948, "Plan Width": 8, "Filter": "(c_mktsegment = 'AUTOMOBILE'::bpchar), (LLVM Optimized)"}]}]}, {"Node Type": "Index Scan", "Parent Relationship": "Inner", "Scan Direction": "Forward", "Index Name": "idx_lineitem_orderkey", "Relation Name": "lineitem", "Alias": "lineitem", "Startup Cost": 0.0, "Total Cost": 1.35, "Plan Rows": 5, "Plan Width": 24, "Index Cond": "(l_orderkey = orders.o_orderkey)", "Filter": "(l_shipdate > '1995-03-13 00:00:00'::timestamp(0) without time zone)"}]}]}]}]}, "Unique SQL Id": 3929762122, "Planner Runtime": 1}, "explain_analyze_plan": {"Plan": {"Node Type": "Limit", "Startup Cost": 1728598.43, "Total Cost": 1728598.46, "Plan Rows": 10, "Plan Width": 44, "Actual Startup Time": 20936.588, "Actual Total Time": 20936.592, "Actual Rows": 10, "Actual Loops": 1, "Plans": [{"Node Type": "Sort", "Parent Relationship": "Outer", "Startup Cost": 1728598.43, "Total Cost": 1737496.55, "Plan Rows": 10, "Plan Width": 44, "Actual Startup Time": 20936.583, "Actual Total Time": 20936.585, "Actual Rows": 10, "Actual Loops": 1, "Sort Key": ["(sum((lineitem.l_extendedprice * (1::double precision - lineitem.l_discount)))) DESC", "orders.o_orderdate"], "Sort Method": "top-N heapsort", "Sort Space Used": 26, "Sort Space Type": "Memory", "Plans": [{"Node Type": "Aggregate", "Strategy": "Hashed", "Parent Relationship": "Outer", "Startup Cost": 1616091.91, "Total Cost": 1651684.38, "Plan Rows": 3559247, "Plan Width": 44, "Actual Startup Time": 20852.87, "Actual Total Time": 20909.326, "Actual Rows": 113719, "Actual Loops": 1, "Group By Key": ["lineitem.l_orderkey", "orders.o_orderdate", "orders.o_shippriority"], "Plans": [{"Node Type": "Nested Loop", "Parent Relationship": "Outer", "Join Type": "Inner", "Startup Cost": 60061.09, "Total Cost": 1562703.21, "Plan Rows": 3559247, "Plan Width": 36, "Actual Startup Time": 794.406, "Actual Total Time": 20559.114, "Actual Rows": 300219, "Actual Loops": 1, "Inner Unique": false, "Plans": [{"Node Type": "Hash Join", "Parent Relationship": "Outer", "Join Type": "Inner", "Startup Cost": 60061.09, "Total Cost": 558158.87, "Plan Rows": 715772, "Plan Width": 20, "Actual Startup Time": 794.164, "Actual Total Time": 8763.213, "Actual Rows": 1455173, "Actual Loops": 1, "Inner Unique": true, "Hash Cond": "(orders.o_custkey = customer.c_custkey), (LLVM Optimized, Jit Execute)", "Plans": [{"Node Type": "Seq Scan", "Parent Relationship": "Outer", "Relation Name": "orders", "Alias": "orders", "Startup Cost": 385.74, "Total Cost": 463912.49, "Plan Rows": 7310217, "Plan Width": 28, "Actual Startup Time": 0.051, "Actual Total Time": 4845.533, "Actual Rows": 7276947, "Actual Loops": 1, "Filter": "(o_orderdate < '1995-03-13 00:00:00'::timestamp(0) without time zone), (LLVM Optimized, Jit Execute)", "Rows Removed by Filter": 7723053}, {"Node Type": "Hash", "Parent Relationship": "Inner", "Startup Cost": 55876.0, "Total Cost": 55876.0, "Plan Rows": 303948, "Plan Width": 8, "Actual Startup Time": 793.74, "Actual Total Time": 793.74, "Actual Rows": 300036, "Actual Loops": 1, "Hash Buckets": 524288, "Hash Batches": 1, "Original Hash Batches": 1, "Peak Memory Usage": 11721, "Plans": [{"Node Type": "Seq Scan", "Parent Relationship": "Outer", "Relation Name": "customer", "Alias": "customer", "Startup Cost": 0.0, "Total Cost": 55876.0, "Plan Rows": 303948, "Plan Width": 8, "Actual Startup Time": 0.019, "Actual Total Time": 669.81, "Actual Rows": 300036, "Actual Loops": 1, "Filter": "(c_mktsegment = 'AUTOMOBILE'::bpchar), (LLVM Optimized, Jit Execute)", "Rows Removed by Filter": 1199964}]}]}, {"Node Type": "Index Scan", "Parent Relationship": "Inner", "Scan Direction": "Forward", "Index Name": "idx_lineitem_orderkey", "Relation Name": "lineitem", "Alias": "lineitem", "Startup Cost": 0.0, "Total Cost": 1.35, "Plan Rows": 5, "Plan Width": 24, "Actual Startup Time": 10711.642, "Actual Total Time": 11003.512, "Actual Rows": 300219, "Actual Loops": 1455173, "Index Cond": "(l_orderkey = orders.o_orderkey)", "Rows Removed by Index Recheck": 0, "Filter": "(l_shipdate > '1995-03-13 00:00:00'::timestamp(0) without time zone)", "Rows Removed by Filter": 5519788}]}]}]}]}, "Triggers": [], "Planner Runtime": 1.236, "Total Runtime": 20946.451, "Unique SQL Id": 3929762122}}, "(64, '9')": {"explain_plan": {"Plan": {"Node Type": "Limit", "Startup Cost": 2061802.43, "Total Cost": 2061802.46, "Plan Rows": 10, "Plan Width": 44, "Plans": [{"Node Type": "Sort", "Parent Relationship": "Outer", "Startup Cost": 2061802.43, "Total Cost": 2070700.55, "Plan Rows": 10, "Plan Width": 44, "Sort Key": ["(sum((lineitem.l_extendedprice * (1::double precision - lineitem.l_discount)))) DESC", "orders.o_orderdate"], "Plans": [{"Node Type": "Aggregate", "Strategy": "Hashed", "Parent Relationship": "Outer", "Startup Cost": 1949295.92, "Total Cost": 1984888.39, "Plan Rows": 3559247, "Plan Width": 44, "Group By Key": ["lineitem.l_orderkey", "orders.o_orderdate", "orders.o_shippriority"], "Plans": [{"Node Type": "Nested Loop", "Parent Relationship": "Outer", "Join Type": "Inner", "Startup Cost": 88314.71, "Total Cost": 1895907.21, "Plan Rows": 3559247, "Plan Width": 36, "Inner Unique": false, "Plans": [{"Node Type": "Hash Join", "Parent Relationship": "Outer", "Join Type": "Inner", "Startup Cost": 88314.71, "Total Cost": 891362.87, "Plan Rows": 715772, "Plan Width": 20, "Inner Unique": true, "Hash Cond": "(orders.o_custkey = customer.c_custkey), (LLVM Optimized)", "Plans": [{"Node Type": "Index Scan", "Parent Relationship": "Outer", "Scan Direction": "Forward", "Index Name": "orders_pkey", "Relation Name": "orders", "Alias": "orders", "Startup Cost": 0.0, "Total Cost": 768477.13, "Plan Rows": 7310217, "Plan Width": 28, "Filter": "(o_orderdate < '1995-03-13 00:00:00'::timestamp(0) without time zone), (LLVM Optimized)"}, {"Node Type": "Hash", "Parent Relationship": "Inner", "Startup Cost": 84515.36, "Total Cost": 84515.36, "Plan Rows": 303948, "Plan Width": 8, "Plans": [{"Node Type": "Index Scan", "Parent Relationship": "Outer", "Scan Direction": "Forward", "Index Name": "customer_pkey", "Relation Name": "customer", "Alias": "customer", "Startup Cost": 0.0, "Total Cost": 84515.36, "Plan Rows": 303948, "Plan Width": 8, "Filter": "(c_mktsegment = 'AUTOMOBILE'::bpchar), (LLVM Optimized)"}]}]}, {"Node Type": "Index Scan", "Parent Relationship": "Inner", "Scan Direction": "Forward", "Index Name": "idx_lineitem_orderkey", "Relation Name": "lineitem", "Alias": "lineitem", "Startup Cost": 0.0, "Total Cost": 1.35, "Plan Rows": 5, "Plan Width": 24, "Index Cond": "(l_orderkey = orders.o_orderkey)", "Filter": "(l_shipdate > '1995-03-13 00:00:00'::timestamp(0) without time zone)"}]}]}]}]}, "Unique SQL Id": 3929762122, "Planner Runtime": 1}, "explain_analyze_plan": {"Plan": {"Node Type": "Limit", "Startup Cost": 2061802.43, "Total Cost": 2061802.46, "Plan Rows": 10, "Plan Width": 44, "Actual Startup Time": 25672.05, "Actual Total Time": 25672.053, "Actual Rows": 10, "Actual Loops": 1, "Plans": [{"Node Type": "Sort", "Parent Relationship": "Outer", "Startup Cost": 2061802.43, "Total Cost": 2070700.55, "Plan Rows": 10, "Plan Width": 44, "Actual Startup Time": 25672.047, "Actual Total Time": 25672.048, "Actual Rows": 10, "Actual Loops": 1, "Sort Key": ["(sum((lineitem.l_extendedprice * (1::double precision - lineitem.l_discount)))) DESC", "orders.o_orderdate"], "Sort Method": "top-N heapsort", "Sort Space Used": 26, "Sort Space Type": "Memory", "Plans": [{"Node Type": "Aggregate", "Strategy": "Hashed", "Parent Relationship": "Outer", "Startup Cost": 1949295.92, "Total Cost": 1984888.39, "Plan Rows": 3559247, "Plan Width": 44, "Actual Startup Time": 25588.41, "Actual Total Time": 25644.782, "Actual Rows": 113719, "Actual Loops": 1, "Group By Key": ["lineitem.l_orderkey", "orders.o_orderdate", "orders.o_shippriority"], "Plans": [{"Node Type": "Nested Loop", "Parent Relationship": "Outer", "Join Type": "Inner", "Startup Cost": 88314.71, "Total Cost": 1895907.21, "Plan Rows": 3559247, "Plan Width": 36, "Actual Startup Time": 1062.211, "Actual Total Time": 25289.084, "Actual Rows": 300219, "Actual Loops": 1, "Inner Unique": false, "Plans": [{"Node Type": "Hash Join", "Parent Relationship": "Outer", "Join Type": "Inner", "Startup Cost": 88314.71, "Total Cost": 891362.87, "Plan Rows": 715772, "Plan Width": 20, "Actual Startup Time": 1061.984, "Actual Total Time": 13602.54, "Actual Rows": 1455173, "Actual Loops": 1, "Inner Unique": true, "Hash Cond": "(orders.o_custkey = customer.c_custkey), (LLVM Optimized, Jit Execute)", "Plans": [{"Node Type": "Index Scan", "Parent Relationship": "Outer", "Scan Direction": "Forward", "Index Name": "orders_pkey", "Relation Name": "orders", "Alias": "orders", "Startup Cost": 0.0, "Total Cost": 768477.13, "Plan Rows": 7310217, "Plan Width": 28, "Actual Startup Time": 0.071, "Actual Total Time": 9446.102, "Actual Rows": 7276947, "Actual Loops": 1, "Filter": "(o_orderdate < '1995-03-13 00:00:00'::timestamp(0) without time zone), (LLVM Optimized, Jit Execute)", "Rows Removed by Filter": 7723053}, {"Node Type": "Hash", "Parent Relationship": "Inner", "Startup Cost": 84515.36, "Total Cost": 84515.36, "Plan Rows": 303948, "Plan Width": 8, "Actual Startup Time": 1061.528, "Actual Total Time": 1061.528, "Actual Rows": 300036, "Actual Loops": 1, "Hash Buckets": 524288, "Hash Batches": 1, "Original Hash Batches": 1, "Peak Memory Usage": 11721, "Plans": [{"Node Type": "Index Scan", "Parent Relationship": "Outer", "Scan Direction": "Forward", "Index Name": "customer_pkey", "Relation Name": "customer", "Alias": "customer", "Startup Cost": 0.0, "Total Cost": 84515.36, "Plan Rows": 303948, "Plan Width": 8, "Actual Startup Time": 0.027, "Actual Total Time": 960.549, "Actual Rows": 300036, "Actual Loops": 1, "Filter": "(c_mktsegment = 'AUTOMOBILE'::bpchar), (LLVM Optimized, Jit Execute)", "Rows Removed by Filter": 1199964}]}]}, {"Node Type": "Index Scan", "Parent Relationship": "Inner", "Scan Direction": "Forward", "Index Name": "idx_lineitem_orderkey", "Relation Name": "lineitem", "Alias": "lineitem", "Startup Cost": 0.0, "Total Cost": 1.35, "Plan Rows": 5, "Plan Width": 24, "Actual Startup Time": 10601.802, "Actual Total Time": 10891.035, "Actual Rows": 300219, "Actual Loops": 1455173, "Index Cond": "(l_orderkey = orders.o_orderkey)", "Rows Removed by Index Recheck": 0, "Filter": "(l_shipdate > '1995-03-13 00:00:00'::timestamp(0) without time zone)", "Rows Removed by Filter": 5519788}]}]}]}]}, "Triggers": [], "Planner Runtime": 1.227, "Total Runtime": 25681.824, "Unique SQL Id": 3929762122}}, "(64, '10')": {"explain_plan": {"Plan": {"Node Type": "Limit", "Startup Cost": 3055991.15, "Total Cost": 3055991.17, "Plan Rows": 10, "Plan Width": 44, "Plans": [{"Node Type": "Sort", "Parent Relationship": "Outer", "Startup Cost": 3055991.15, "Total Cost": 3064889.27, "Plan Rows": 10, "Plan Width": 44, "Sort Key": ["(sum((lineitem.l_extendedprice * (1::double precision - lineitem.l_discount)))) DESC", "orders.o_orderdate"], "Plans": [{"Node Type": "Aggregate", "Strategy": "Hashed", "Parent Relationship": "Outer", "Startup Cost": 2943484.63, "Total Cost": 2979077.1, "Plan Rows": 3559247, "Plan Width": 44, "Group By Key": ["lineitem.l_orderkey", "orders.o_orderdate", "orders.o_shippriority"], "Plans": [{"Node Type": "Hash Join", "Parent Relationship": "Outer", "Join Type": "Inner", "Startup Cost": 567106.02, "Total Cost": 2890095.93, "Plan Rows": 3559247, "Plan Width": 36, "Inner Unique": false, "Hash Cond": "(lineitem.l_orderkey = orders.o_orderkey), (LLVM Optimized)", "Plans": [{"Node Type": "Seq Scan", "Parent Relationship": "Outer", "Relation Name": "lineitem", "Alias": "lineitem", "Startup Cost": 0.0, "Total Cost": 2165082.91, "Plan Rows": 32617206, "Plan Width": 24, "Filter": "(l_shipdate > '1995-03-13 00:00:00'::timestamp(0) without time zone), (LLVM Optimized)"}, {"Node Type": "Hash", "Parent Relationship": "Inner", "Startup Cost": 558158.87, "Total Cost": 558158.87, "Plan Rows": 715772, "Plan Width": 20, "Plans": [{"Node Type": "Hash Join", "Parent Relationship": "Outer", "Join Type": "Inner", "Startup Cost": 60061.09, "Total Cost": 558158.87, "Plan Rows": 715772, "Plan Width": 20, "Inner Unique": true, "Hash Cond": "(orders.o_custkey = customer.c_custkey), (LLVM Optimized)", "Plans": [{"Node Type": "Seq Scan", "Parent Relationship": "Outer", "Relation Name": "orders", "Alias": "orders", "Startup Cost": 385.74, "Total Cost": 463912.49, "Plan Rows": 7310217, "Plan Width": 28, "Filter": "(o_orderdate < '1995-03-13 00:00:00'::timestamp(0) without time zone), (LLVM Optimized)"}, {"Node Type": "Hash", "Parent Relationship": "Inner", "Startup Cost": 55876.0, "Total Cost": 55876.0, "Plan Rows": 303948, "Plan Width": 8, "Plans": [{"Node Type": "Seq Scan", "Parent Relationship": "Outer", "Relation Name": "customer", "Alias": "customer", "Startup Cost": 0.0, "Total Cost": 55876.0, "Plan Rows": 303948, "Plan Width": 8, "Filter": "(c_mktsegment = 'AUTOMOBILE'::bpchar), (LLVM Optimized)"}]}]}]}]}]}]}]}, "Unique SQL Id": 3929762122, "Planner Runtime": 1}, "explain_analyze_plan": {"Plan": {"Node Type": "Limit", "Startup Cost": 3055991.15, "Total Cost": 3055991.17, "Plan Rows": 10, "Plan Width": 44, "Actual Startup Time": 39516.846, "Actual Total Time": 39516.85, "Actual Rows": 10, "Actual Loops": 1, "Plans": [{"Node Type": "Sort", "Parent Relationship": "Outer", "Startup Cost": 3055991.15, "Total Cost": 3064889.27, "Plan Rows": 10, "Plan Width": 44, "Actual Startup Time": 39516.843, "Actual Total Time": 39516.844, "Actual Rows": 10, "Actual Loops": 1, "Sort Key": ["(sum((lineitem.l_extendedprice * (1::double precision - lineitem.l_discount)))) DESC", "orders.o_orderdate"], "Sort Method": "top-N heapsort", "Sort Space Used": 26, "Sort Space Type": "Memory", "Plans": [{"Node Type": "Aggregate", "Strategy": "Hashed", "Parent Relationship": "Outer", "Startup Cost": 2943484.63, "Total Cost": 2979077.1, "Plan Rows": 3559247, "Plan Width": 44, "Actual Startup Time": 39434.101, "Actual Total Time": 39489.776, "Actual Rows": 113719, "Actual Loops": 1, "Group By Key": ["lineitem.l_orderkey", "orders.o_orderdate", "orders.o_shippriority"], "Plans": [{"Node Type": "Hash Join", "Parent Relationship": "Outer", "Join Type": "Inner", "Startup Cost": 567106.02, "Total Cost": 2890095.93, "Plan Rows": 3559247, "Plan Width": 36, "Actual Startup Time": 9000.813, "Actual Total Time": 39142.959, "Actual Rows": 300219, "Actual Loops": 1, "Inner Unique": false, "Hash Cond": "(lineitem.l_orderkey = orders.o_orderkey), (LLVM Optimized, Jit Execute)", "Plans": [{"Node Type": "Seq Scan", "Parent Relationship": "Outer", "Relation Name": "lineitem", "Alias": "lineitem", "Startup Cost": 0.0, "Total Cost": 2165082.91, "Plan Rows": 32617206, "Plan Width": 24, "Actual Startup Time": 0.047, "Actual Total Time": 21094.063, "Actual Rows": 32384344, "Actual Loops": 1, "Filter": "(l_shipdate > '1995-03-13 00:00:00'::timestamp(0) without time zone), (LLVM Optimized, Jit Execute)", "Rows Removed by Filter": 27601708}, {"Node Type": "Hash", "Parent Relationship": "Inner", "Startup Cost": 558158.87, "Total Cost": 558158.87, "Plan Rows": 715772, "Plan Width": 20, "Actual Startup Time": 8999.234, "Actual Total Time": 8999.234, "Actual Rows": 1455173, "Actual Loops": 1, "Hash Buckets": 1048576, "Hash Batches": 1, "Original Hash Batches": 1, "Peak Memory Usage": 79580, "Plans": [{"Node Type": "Hash Join", "Parent Relationship": "Outer", "Join Type": "Inner", "Startup Cost": 60061.09, "Total Cost": 558158.87, "Plan Rows": 715772, "Plan Width": 20, "Actual Startup Time": 689.634, "Actual Total Time": 8382.487, "Actual Rows": 1455173, "Actual Loops": 1, "Inner Unique": true, "Hash Cond": "(orders.o_custkey = customer.c_custkey), (LLVM Optimized, Jit Execute)", "Plans": [{"Node Type": "Seq Scan", "Parent Relationship": "Outer", "Relation Name": "orders", "Alias": "orders", "Startup Cost": 385.74, "Total Cost": 463912.49, "Plan Rows": 7310217, "Plan Width": 28, "Actual Startup Time": 0.024, "Actual Total Time": 4815.307, "Actual Rows": 7276947, "Actual Loops": 1, "Filter": "(o_orderdate < '1995-03-13 00:00:00'::timestamp(0) without time zone), (LLVM Optimized, Jit Execute)", "Rows Removed by Filter": 7723053}, {"Node Type": "Hash", "Parent Relationship": "Inner", "Startup Cost": 55876.0, "Total Cost": 55876.0, "Plan Rows": 303948, "Plan Width": 8, "Actual Startup Time": 689.253, "Actual Total Time": 689.253, "Actual Rows": 300036, "Actual Loops": 1, "Hash Buckets": 524288, "Hash Batches": 1, "Original Hash Batches": 1, "Peak Memory Usage": 11721, "Plans": [{"Node Type": "Seq Scan", "Parent Relationship": "Outer", "Relation Name": "customer", "Alias": "customer", "Startup Cost": 0.0, "Total Cost": 55876.0, "Plan Rows": 303948, "Plan Width": 8, "Actual Startup Time": 0.022, "Actual Total Time": 601.693, "Actual Rows": 300036, "Actual Loops": 1, "Filter": "(c_mktsegment = 'AUTOMOBILE'::bpchar), (LLVM Optimized, Jit Execute)", "Rows Removed by Filter": 1199964}]}]}]}]}]}]}]}, "Triggers": [], "Planner Runtime": 1.23, "Total Runtime": 39527.144, "Unique SQL Id": 3929762122}}, "(64, '11')": {"explain_plan": {"Plan": {"Node Type": "Limit", "Startup Cost": 3000409063684.59, "Total Cost": 3000409063684.62, "Plan Rows": 10, "Plan Width": 44, "Plans": [{"Node Type": "Sort", "Parent Relationship": "Outer", "Startup Cost": 3000409063684.59, "Total Cost": 3000409072582.71, "Plan Rows": 10, "Plan Width": 44, "Sort Key": ["(sum((lineitem.l_extendedprice * (1::double precision - lineitem.l_discount)))) DESC", "orders.o_orderdate"], "Plans": [{"Node Type": "Aggregate", "Strategy": "Hashed", "Parent Relationship": "Outer", "Startup Cost": 3000408951178.08, "Total Cost": 3000408986770.55, "Plan Rows": 3559247, "Plan Width": 44, "Group By Key": ["lineitem.l_orderkey", "orders.o_orderdate", "orders.o_shippriority"], "Plans": [{"Node Type": "Hash Join", "Parent Relationship": "Outer", "Join Type": "Inner", "Startup Cost": 1020044887998.59, "Total Cost": 3000408897789.37, "Plan Rows": 3559247, "Plan Width": 36, "Inner Unique": true, "Hash Cond": "(orders.o_custkey = customer.c_custkey), (LLVM Optimized)", "Plans": [{"Node Type": "Merge Join", "Parent Relationship": "Outer", "Join Type": "Inner", "Startup Cost": 20036432663.62, "Total Cost": 2000400270546.49, "Plan Rows": 36350778, "Plan Width": 44, "Inner Unique": false, "Merge Cond": "(orders.o_orderkey = lineitem.l_orderkey)", "Plans": [{"Node Type": "Index Scan", "Parent Relationship": "Outer", "Scan Direction": "Forward", "Index Name": "orders_pkey", "Relation Name": "orders", "Alias": "orders", "Startup Cost": 10000000000.0, "Total Cost": 1000076847713.25, "Plan Rows": 7310217, "Plan Width": 28, "Filter": "(o_orderdate < '1995-03-13 00:00:00'::timestamp(0) without time zone), (LLVM Optimized)"}, {"Node Type": "Materialize", "Parent Relationship": "Inner", "Startup Cost": 10000000000.0, "Total Cost": 1000339093675.77, "Plan Rows": 32617206, "Plan Width": 24, "Plans": [{"Node Type": "Index Scan", "Parent Relationship": "Outer", "Scan Direction": "Forward", "Index Name": "idx_lineitem_orderkey", "Relation Name": "lineitem", "Alias": "lineitem", "Startup Cost": 10000000000.0, "Total Cost": 1000339012132.75, "Plan Rows": 32617206, "Plan Width": 24, "Filter": "(l_shipdate > '1995-03-13 00:00:00'::timestamp(0) without time zone), (LLVM Optimized)"}]}]}, {"Node Type": "Hash", "Parent Relationship": "Inner", "Startup Cost": 1000008451535.62, "Total Cost": 1000008451535.62, "Plan Rows": 303948, "Plan Width": 8, "Plans": [{"Node Type": "Index Scan", "Parent Relationship": "Outer", "Scan Direction": "Forward", "Index Name": "customer_pkey", "Relation Name": "customer", "Alias": "customer", "Startup Cost": 10000000000.0, "Total Cost": 1000008451535.62, "Plan Rows": 303948, "Plan Width": 8, "Filter": "(c_mktsegment = 'AUTOMOBILE'::bpchar), (LLVM Optimized)"}]}]}]}]}]}, "Unique SQL Id": 3929762122, "Planner Runtime": 1}, "explain_analyze_plan": null}, "(64, '12')": {"explain_plan": {"Plan": {"Node Type": "Limit", "Startup Cost": 1728598.43, "Total Cost": 1728598.46, "Plan Rows": 10, "Plan Width": 44, "Plans": [{"Node Type": "Sort", "Parent Relationship": "Outer", "Startup Cost": 1728598.43, "Total Cost": 1737496.55, "Plan Rows": 10, "Plan Width": 44, "Sort Key": ["(sum((lineitem.l_extendedprice * (1::double precision - lineitem.l_discount)))) DESC", "orders.o_orderdate"], "Plans": [{"Node Type": "Aggregate", "Strategy": "Hashed", "Parent Relationship": "Outer", "Startup Cost": 1616091.91, "Total Cost": 1651684.38, "Plan Rows": 3559247, "Plan Width": 44, "Group By Key": ["lineitem.l_orderkey", "orders.o_orderdate", "orders.o_shippriority"], "Plans": [{"Node Type": "Nested Loop", "Parent Relationship": "Outer", "Join Type": "Inner", "Startup Cost": 60061.09, "Total Cost": 1562703.21, "Plan Rows": 3559247, "Plan Width": 36, "Inner Unique": false, "Plans": [{"Node Type": "Hash Join", "Parent Relationship": "Outer", "Join Type": "Inner", "Startup Cost": 60061.09, "Total Cost": 558158.87, "Plan Rows": 715772, "Plan Width": 20, "Inner Unique": true, "Hash Cond": "(orders.o_custkey = customer.c_custkey), (LLVM Optimized)", "Plans": [{"Node Type": "Seq Scan", "Parent Relationship": "Outer", "Relation Name": "orders", "Alias": "orders", "Startup Cost": 385.74, "Total Cost": 463912.49, "Plan Rows": 7310217, "Plan Width": 28, "Filter": "(o_orderdate < '1995-03-13 00:00:00'::timestamp(0) without time zone), (LLVM Optimized)"}, {"Node Type": "Hash", "Parent Relationship": "Inner", "Startup Cost": 55876.0, "Total Cost": 55876.0, "Plan Rows": 303948, "Plan Width": 8, "Plans": [{"Node Type": "Seq Scan", "Parent Relationship": "Outer", "Relation Name": "customer", "Alias": "customer", "Startup Cost": 0.0, "Total Cost": 55876.0, "Plan Rows": 303948, "Plan Width": 8, "Filter": "(c_mktsegment = 'AUTOMOBILE'::bpchar), (LLVM Optimized)"}]}]}, {"Node Type": "Index Scan", "Parent Relationship": "Inner", "Scan Direction": "Forward", "Index Name": "idx_lineitem_orderkey", "Relation Name": "lineitem", "Alias": "lineitem", "Startup Cost": 0.0, "Total Cost": 1.35, "Plan Rows": 5, "Plan Width": 24, "Index Cond": "(l_orderkey = orders.o_orderkey)", "Filter": "(l_shipdate > '1995-03-13 00:00:00'::timestamp(0) without time zone)"}]}]}]}]}, "Unique SQL Id": 3929762122, "Planner Runtime": 1}, "explain_analyze_plan": {"Plan": {"Node Type": "Limit", "Startup Cost": 1728598.43, "Total Cost": 1728598.46, "Plan Rows": 10, "Plan Width": 44, "Actual Startup Time": 20936.588, "Actual Total Time": 20936.592, "Actual Rows": 10, "Actual Loops": 1, "Plans": [{"Node Type": "Sort", "Parent Relationship": "Outer", "Startup Cost": 1728598.43, "Total Cost": 1737496.55, "Plan Rows": 10, "Plan Width": 44, "Actual Startup Time": 20936.583, "Actual Total Time": 20936.585, "Actual Rows": 10, "Actual Loops": 1, "Sort Key": ["(sum((lineitem.l_extendedprice * (1::double precision - lineitem.l_discount)))) DESC", "orders.o_orderdate"], "Sort Method": "top-N heapsort", "Sort Space Used": 26, "Sort Space Type": "Memory", "Plans": [{"Node Type": "Aggregate", "Strategy": "Hashed", "Parent Relationship": "Outer", "Startup Cost": 1616091.91, "Total Cost": 1651684.38, "Plan Rows": 3559247, "Plan Width": 44, "Actual Startup Time": 20852.87, "Actual Total Time": 20909.326, "Actual Rows": 113719, "Actual Loops": 1, "Group By Key": ["lineitem.l_orderkey", "orders.o_orderdate", "orders.o_shippriority"], "Plans": [{"Node Type": "Nested Loop", "Parent Relationship": "Outer", "Join Type": "Inner", "Startup Cost": 60061.09, "Total Cost": 1562703.21, "Plan Rows": 3559247, "Plan Width": 36, "Actual Startup Time": 794.406, "Actual Total Time": 20559.114, "Actual Rows": 300219, "Actual Loops": 1, "Inner Unique": false, "Plans": [{"Node Type": "Hash Join", "Parent Relationship": "Outer", "Join Type": "Inner", "Startup Cost": 60061.09, "Total Cost": 558158.87, "Plan Rows": 715772, "Plan Width": 20, "Actual Startup Time": 794.164, "Actual Total Time": 8763.213, "Actual Rows": 1455173, "Actual Loops": 1, "Inner Unique": true, "Hash Cond": "(orders.o_custkey = customer.c_custkey), (LLVM Optimized, Jit Execute)", "Plans": [{"Node Type": "Seq Scan", "Parent Relationship": "Outer", "Relation Name": "orders", "Alias": "orders", "Startup Cost": 385.74, "Total Cost": 463912.49, "Plan Rows": 7310217, "Plan Width": 28, "Actual Startup Time": 0.051, "Actual Total Time": 4845.533, "Actual Rows": 7276947, "Actual Loops": 1, "Filter": "(o_orderdate < '1995-03-13 00:00:00'::timestamp(0) without time zone), (LLVM Optimized, Jit Execute)", "Rows Removed by Filter": 7723053}, {"Node Type": "Hash", "Parent Relationship": "Inner", "Startup Cost": 55876.0, "Total Cost": 55876.0, "Plan Rows": 303948, "Plan Width": 8, "Actual Startup Time": 793.74, "Actual Total Time": 793.74, "Actual Rows": 300036, "Actual Loops": 1, "Hash Buckets": 524288, "Hash Batches": 1, "Original Hash Batches": 1, "Peak Memory Usage": 11721, "Plans": [{"Node Type": "Seq Scan", "Parent Relationship": "Outer", "Relation Name": "customer", "Alias": "customer", "Startup Cost": 0.0, "Total Cost": 55876.0, "Plan Rows": 303948, "Plan Width": 8, "Actual Startup Time": 0.019, "Actual Total Time": 669.81, "Actual Rows": 300036, "Actual Loops": 1, "Filter": "(c_mktsegment = 'AUTOMOBILE'::bpchar), (LLVM Optimized, Jit Execute)", "Rows Removed by Filter": 1199964}]}]}, {"Node Type": "Index Scan", "Parent Relationship": "Inner", "Scan Direction": "Forward", "Index Name": "idx_lineitem_orderkey", "Relation Name": "lineitem", "Alias": "lineitem", "Startup Cost": 0.0, "Total Cost": 1.35, "Plan Rows": 5, "Plan Width": 24, "Actual Startup Time": 10711.642, "Actual Total Time": 11003.512, "Actual Rows": 300219, "Actual Loops": 1455173, "Index Cond": "(l_orderkey = orders.o_orderkey)", "Rows Removed by Index Recheck": 0, "Filter": "(l_shipdate > '1995-03-13 00:00:00'::timestamp(0) without time zone)", "Rows Removed by Filter": 5519788}]}]}]}]}, "Triggers": [], "Planner Runtime": 1.236, "Total Runtime": 20946.451, "Unique SQL Id": 3929762122}}, "(64, '13')": {"explain_plan": {"Plan": {"Node Type": "Limit", "Startup Cost": 2061802.43, "Total Cost": 2061802.46, "Plan Rows": 10, "Plan Width": 44, "Plans": [{"Node Type": "Sort", "Parent Relationship": "Outer", "Startup Cost": 2061802.43, "Total Cost": 2070700.55, "Plan Rows": 10, "Plan Width": 44, "Sort Key": ["(sum((lineitem.l_extendedprice * (1::double precision - lineitem.l_discount)))) DESC", "orders.o_orderdate"], "Plans": [{"Node Type": "Aggregate", "Strategy": "Hashed", "Parent Relationship": "Outer", "Startup Cost": 1949295.92, "Total Cost": 1984888.39, "Plan Rows": 3559247, "Plan Width": 44, "Group By Key": ["lineitem.l_orderkey", "orders.o_orderdate", "orders.o_shippriority"], "Plans": [{"Node Type": "Nested Loop", "Parent Relationship": "Outer", "Join Type": "Inner", "Startup Cost": 88314.71, "Total Cost": 1895907.21, "Plan Rows": 3559247, "Plan Width": 36, "Inner Unique": false, "Plans": [{"Node Type": "Hash Join", "Parent Relationship": "Outer", "Join Type": "Inner", "Startup Cost": 88314.71, "Total Cost": 891362.87, "Plan Rows": 715772, "Plan Width": 20, "Inner Unique": true, "Hash Cond": "(orders.o_custkey = customer.c_custkey), (LLVM Optimized)", "Plans": [{"Node Type": "Index Scan", "Parent Relationship": "Outer", "Scan Direction": "Forward", "Index Name": "orders_pkey", "Relation Name": "orders", "Alias": "orders", "Startup Cost": 0.0, "Total Cost": 768477.13, "Plan Rows": 7310217, "Plan Width": 28, "Filter": "(o_orderdate < '1995-03-13 00:00:00'::timestamp(0) without time zone), (LLVM Optimized)"}, {"Node Type": "Hash", "Parent Relationship": "Inner", "Startup Cost": 84515.36, "Total Cost": 84515.36, "Plan Rows": 303948, "Plan Width": 8, "Plans": [{"Node Type": "Index Scan", "Parent Relationship": "Outer", "Scan Direction": "Forward", "Index Name": "customer_pkey", "Relation Name": "customer", "Alias": "customer", "Startup Cost": 0.0, "Total Cost": 84515.36, "Plan Rows": 303948, "Plan Width": 8, "Filter": "(c_mktsegment = 'AUTOMOBILE'::bpchar), (LLVM Optimized)"}]}]}, {"Node Type": "Index Scan", "Parent Relationship": "Inner", "Scan Direction": "Forward", "Index Name": "idx_lineitem_orderkey", "Relation Name": "lineitem", "Alias": "lineitem", "Startup Cost": 0.0, "Total Cost": 1.35, "Plan Rows": 5, "Plan Width": 24, "Index Cond": "(l_orderkey = orders.o_orderkey)", "Filter": "(l_shipdate > '1995-03-13 00:00:00'::timestamp(0) without time zone)"}]}]}]}]}, "Unique SQL Id": 3929762122, "Planner Runtime": 1}, "explain_analyze_plan": {"Plan": {"Node Type": "Limit", "Startup Cost": 2061802.43, "Total Cost": 2061802.46, "Plan Rows": 10, "Plan Width": 44, "Actual Startup Time": 25672.05, "Actual Total Time": 25672.053, "Actual Rows": 10, "Actual Loops": 1, "Plans": [{"Node Type": "Sort", "Parent Relationship": "Outer", "Startup Cost": 2061802.43, "Total Cost": 2070700.55, "Plan Rows": 10, "Plan Width": 44, "Actual Startup Time": 25672.047, "Actual Total Time": 25672.048, "Actual Rows": 10, "Actual Loops": 1, "Sort Key": ["(sum((lineitem.l_extendedprice * (1::double precision - lineitem.l_discount)))) DESC", "orders.o_orderdate"], "Sort Method": "top-N heapsort", "Sort Space Used": 26, "Sort Space Type": "Memory", "Plans": [{"Node Type": "Aggregate", "Strategy": "Hashed", "Parent Relationship": "Outer", "Startup Cost": 1949295.92, "Total Cost": 1984888.39, "Plan Rows": 3559247, "Plan Width": 44, "Actual Startup Time": 25588.41, "Actual Total Time": 25644.782, "Actual Rows": 113719, "Actual Loops": 1, "Group By Key": ["lineitem.l_orderkey", "orders.o_orderdate", "orders.o_shippriority"], "Plans": [{"Node Type": "Nested Loop", "Parent Relationship": "Outer", "Join Type": "Inner", "Startup Cost": 88314.71, "Total Cost": 1895907.21, "Plan Rows": 3559247, "Plan Width": 36, "Actual Startup Time": 1062.211, "Actual Total Time": 25289.084, "Actual Rows": 300219, "Actual Loops": 1, "Inner Unique": false, "Plans": [{"Node Type": "Hash Join", "Parent Relationship": "Outer", "Join Type": "Inner", "Startup Cost": 88314.71, "Total Cost": 891362.87, "Plan Rows": 715772, "Plan Width": 20, "Actual Startup Time": 1061.984, "Actual Total Time": 13602.54, "Actual Rows": 1455173, "Actual Loops": 1, "Inner Unique": true, "Hash Cond": "(orders.o_custkey = customer.c_custkey), (LLVM Optimized, Jit Execute)", "Plans": [{"Node Type": "Index Scan", "Parent Relationship": "Outer", "Scan Direction": "Forward", "Index Name": "orders_pkey", "Relation Name": "orders", "Alias": "orders", "Startup Cost": 0.0, "Total Cost": 768477.13, "Plan Rows": 7310217, "Plan Width": 28, "Actual Startup Time": 0.071, "Actual Total Time": 9446.102, "Actual Rows": 7276947, "Actual Loops": 1, "Filter": "(o_orderdate < '1995-03-13 00:00:00'::timestamp(0) without time zone), (LLVM Optimized, Jit Execute)", "Rows Removed by Filter": 7723053}, {"Node Type": "Hash", "Parent Relationship": "Inner", "Startup Cost": 84515.36, "Total Cost": 84515.36, "Plan Rows": 303948, "Plan Width": 8, "Actual Startup Time": 1061.528, "Actual Total Time": 1061.528, "Actual Rows": 300036, "Actual Loops": 1, "Hash Buckets": 524288, "Hash Batches": 1, "Original Hash Batches": 1, "Peak Memory Usage": 11721, "Plans": [{"Node Type": "Index Scan", "Parent Relationship": "Outer", "Scan Direction": "Forward", "Index Name": "customer_pkey", "Relation Name": "customer", "Alias": "customer", "Startup Cost": 0.0, "Total Cost": 84515.36, "Plan Rows": 303948, "Plan Width": 8, "Actual Startup Time": 0.027, "Actual Total Time": 960.549, "Actual Rows": 300036, "Actual Loops": 1, "Filter": "(c_mktsegment = 'AUTOMOBILE'::bpchar), (LLVM Optimized, Jit Execute)", "Rows Removed by Filter": 1199964}]}]}, {"Node Type": "Index Scan", "Parent Relationship": "Inner", "Scan Direction": "Forward", "Index Name": "idx_lineitem_orderkey", "Relation Name": "lineitem", "Alias": "lineitem", "Startup Cost": 0.0, "Total Cost": 1.35, "Plan Rows": 5, "Plan Width": 24, "Actual Startup Time": 10601.802, "Actual Total Time": 10891.035, "Actual Rows": 300219, "Actual Loops": 1455173, "Index Cond": "(l_orderkey = orders.o_orderkey)", "Rows Removed by Index Recheck": 0, "Filter": "(l_shipdate > '1995-03-13 00:00:00'::timestamp(0) without time zone)", "Rows Removed by Filter": 5519788}]}]}]}]}, "Triggers": [], "Planner Runtime": 1.227, "Total Runtime": 25681.824, "Unique SQL Id": 3929762122}}, "(64, '14')": {"explain_plan": {"Plan": {"Node Type": "Limit", "Startup Cost": 3055991.15, "Total Cost": 3055991.17, "Plan Rows": 10, "Plan Width": 44, "Plans": [{"Node Type": "Sort", "Parent Relationship": "Outer", "Startup Cost": 3055991.15, "Total Cost": 3064889.27, "Plan Rows": 10, "Plan Width": 44, "Sort Key": ["(sum((lineitem.l_extendedprice * (1::double precision - lineitem.l_discount)))) DESC", "orders.o_orderdate"], "Plans": [{"Node Type": "Aggregate", "Strategy": "Hashed", "Parent Relationship": "Outer", "Startup Cost": 2943484.63, "Total Cost": 2979077.1, "Plan Rows": 3559247, "Plan Width": 44, "Group By Key": ["lineitem.l_orderkey", "orders.o_orderdate", "orders.o_shippriority"], "Plans": [{"Node Type": "Hash Join", "Parent Relationship": "Outer", "Join Type": "Inner", "Startup Cost": 567106.02, "Total Cost": 2890095.93, "Plan Rows": 3559247, "Plan Width": 36, "Inner Unique": false, "Hash Cond": "(lineitem.l_orderkey = orders.o_orderkey), (LLVM Optimized)", "Plans": [{"Node Type": "Seq Scan", "Parent Relationship": "Outer", "Relation Name": "lineitem", "Alias": "lineitem", "Startup Cost": 0.0, "Total Cost": 2165082.91, "Plan Rows": 32617206, "Plan Width": 24, "Filter": "(l_shipdate > '1995-03-13 00:00:00'::timestamp(0) without time zone), (LLVM Optimized)"}, {"Node Type": "Hash", "Parent Relationship": "Inner", "Startup Cost": 558158.87, "Total Cost": 558158.87, "Plan Rows": 715772, "Plan Width": 20, "Plans": [{"Node Type": "Hash Join", "Parent Relationship": "Outer", "Join Type": "Inner", "Startup Cost": 60061.09, "Total Cost": 558158.87, "Plan Rows": 715772, "Plan Width": 20, "Inner Unique": true, "Hash Cond": "(orders.o_custkey = customer.c_custkey), (LLVM Optimized)", "Plans": [{"Node Type": "Seq Scan", "Parent Relationship": "Outer", "Relation Name": "orders", "Alias": "orders", "Startup Cost": 385.74, "Total Cost": 463912.49, "Plan Rows": 7310217, "Plan Width": 28, "Filter": "(o_orderdate < '1995-03-13 00:00:00'::timestamp(0) without time zone), (LLVM Optimized)"}, {"Node Type": "Hash", "Parent Relationship": "Inner", "Startup Cost": 55876.0, "Total Cost": 55876.0, "Plan Rows": 303948, "Plan Width": 8, "Plans": [{"Node Type": "Seq Scan", "Parent Relationship": "Outer", "Relation Name": "customer", "Alias": "customer", "Startup Cost": 0.0, "Total Cost": 55876.0, "Plan Rows": 303948, "Plan Width": 8, "Filter": "(c_mktsegment = 'AUTOMOBILE'::bpchar), (LLVM Optimized)"}]}]}]}]}]}]}]}, "Unique SQL Id": 3929762122, "Planner Runtime": 1}, "explain_analyze_plan": {"Plan": {"Node Type": "Limit", "Startup Cost": 3055991.15, "Total Cost": 3055991.17, "Plan Rows": 10, "Plan Width": 44, "Actual Startup Time": 39516.846, "Actual Total Time": 39516.85, "Actual Rows": 10, "Actual Loops": 1, "Plans": [{"Node Type": "Sort", "Parent Relationship": "Outer", "Startup Cost": 3055991.15, "Total Cost": 3064889.27, "Plan Rows": 10, "Plan Width": 44, "Actual Startup Time": 39516.843, "Actual Total Time": 39516.844, "Actual Rows": 10, "Actual Loops": 1, "Sort Key": ["(sum((lineitem.l_extendedprice * (1::double precision - lineitem.l_discount)))) DESC", "orders.o_orderdate"], "Sort Method": "top-N heapsort", "Sort Space Used": 26, "Sort Space Type": "Memory", "Plans": [{"Node Type": "Aggregate", "Strategy": "Hashed", "Parent Relationship": "Outer", "Startup Cost": 2943484.63, "Total Cost": 2979077.1, "Plan Rows": 3559247, "Plan Width": 44, "Actual Startup Time": 39434.101, "Actual Total Time": 39489.776, "Actual Rows": 113719, "Actual Loops": 1, "Group By Key": ["lineitem.l_orderkey", "orders.o_orderdate", "orders.o_shippriority"], "Plans": [{"Node Type": "Hash Join", "Parent Relationship": "Outer", "Join Type": "Inner", "Startup Cost": 567106.02, "Total Cost": 2890095.93, "Plan Rows": 3559247, "Plan Width": 36, "Actual Startup Time": 9000.813, "Actual Total Time": 39142.959, "Actual Rows": 300219, "Actual Loops": 1, "Inner Unique": false, "Hash Cond": "(lineitem.l_orderkey = orders.o_orderkey), (LLVM Optimized, Jit Execute)", "Plans": [{"Node Type": "Seq Scan", "Parent Relationship": "Outer", "Relation Name": "lineitem", "Alias": "lineitem", "Startup Cost": 0.0, "Total Cost": 2165082.91, "Plan Rows": 32617206, "Plan Width": 24, "Actual Startup Time": 0.047, "Actual Total Time": 21094.063, "Actual Rows": 32384344, "Actual Loops": 1, "Filter": "(l_shipdate > '1995-03-13 00:00:00'::timestamp(0) without time zone), (LLVM Optimized, Jit Execute)", "Rows Removed by Filter": 27601708}, {"Node Type": "Hash", "Parent Relationship": "Inner", "Startup Cost": 558158.87, "Total Cost": 558158.87, "Plan Rows": 715772, "Plan Width": 20, "Actual Startup Time": 8999.234, "Actual Total Time": 8999.234, "Actual Rows": 1455173, "Actual Loops": 1, "Hash Buckets": 1048576, "Hash Batches": 1, "Original Hash Batches": 1, "Peak Memory Usage": 79580, "Plans": [{"Node Type": "Hash Join", "Parent Relationship": "Outer", "Join Type": "Inner", "Startup Cost": 60061.09, "Total Cost": 558158.87, "Plan Rows": 715772, "Plan Width": 20, "Actual Startup Time": 689.634, "Actual Total Time": 8382.487, "Actual Rows": 1455173, "Actual Loops": 1, "Inner Unique": true, "Hash Cond": "(orders.o_custkey = customer.c_custkey), (LLVM Optimized, Jit Execute)", "Plans": [{"Node Type": "Seq Scan", "Parent Relationship": "Outer", "Relation Name": "orders", "Alias": "orders", "Startup Cost": 385.74, "Total Cost": 463912.49, "Plan Rows": 7310217, "Plan Width": 28, "Actual Startup Time": 0.024, "Actual Total Time": 4815.307, "Actual Rows": 7276947, "Actual Loops": 1, "Filter": "(o_orderdate < '1995-03-13 00:00:00'::timestamp(0) without time zone), (LLVM Optimized, Jit Execute)", "Rows Removed by Filter": 7723053}, {"Node Type": "Hash", "Parent Relationship": "Inner", "Startup Cost": 55876.0, "Total Cost": 55876.0, "Plan Rows": 303948, "Plan Width": 8, "Actual Startup Time": 689.253, "Actual Total Time": 689.253, "Actual Rows": 300036, "Actual Loops": 1, "Hash Buckets": 524288, "Hash Batches": 1, "Original Hash Batches": 1, "Peak Memory Usage": 11721, "Plans": [{"Node Type": "Seq Scan", "Parent Relationship": "Outer", "Relation Name": "customer", "Alias": "customer", "Startup Cost": 0.0, "Total Cost": 55876.0, "Plan Rows": 303948, "Plan Width": 8, "Actual Startup Time": 0.022, "Actual Total Time": 601.693, "Actual Rows": 300036, "Actual Loops": 1, "Filter": "(c_mktsegment = 'AUTOMOBILE'::bpchar), (LLVM Optimized, Jit Execute)", "Rows Removed by Filter": 1199964}]}]}]}]}]}]}]}, "Triggers": [], "Planner Runtime": 1.23, "Total Runtime": 39527.144, "Unique SQL Id": 3929762122}}, "(64, '15')": {"explain_plan": {"Plan": {"Node Type": "Limit", "Startup Cost": 3000409063684.59, "Total Cost": 3000409063684.62, "Plan Rows": 10, "Plan Width": 44, "Plans": [{"Node Type": "Sort", "Parent Relationship": "Outer", "Startup Cost": 3000409063684.59, "Total Cost": 3000409072582.71, "Plan Rows": 10, "Plan Width": 44, "Sort Key": ["(sum((lineitem.l_extendedprice * (1::double precision - lineitem.l_discount)))) DESC", "orders.o_orderdate"], "Plans": [{"Node Type": "Aggregate", "Strategy": "Hashed", "Parent Relationship": "Outer", "Startup Cost": 3000408951178.08, "Total Cost": 3000408986770.55, "Plan Rows": 3559247, "Plan Width": 44, "Group By Key": ["lineitem.l_orderkey", "orders.o_orderdate", "orders.o_shippriority"], "Plans": [{"Node Type": "Hash Join", "Parent Relationship": "Outer", "Join Type": "Inner", "Startup Cost": 1020044887998.59, "Total Cost": 3000408897789.37, "Plan Rows": 3559247, "Plan Width": 36, "Inner Unique": true, "Hash Cond": "(orders.o_custkey = customer.c_custkey), (LLVM Optimized)", "Plans": [{"Node Type": "Merge Join", "Parent Relationship": "Outer", "Join Type": "Inner", "Startup Cost": 20036432663.62, "Total Cost": 2000400270546.49, "Plan Rows": 36350778, "Plan Width": 44, "Inner Unique": false, "Merge Cond": "(orders.o_orderkey = lineitem.l_orderkey)", "Plans": [{"Node Type": "Index Scan", "Parent Relationship": "Outer", "Scan Direction": "Forward", "Index Name": "orders_pkey", "Relation Name": "orders", "Alias": "orders", "Startup Cost": 10000000000.0, "Total Cost": 1000076847713.25, "Plan Rows": 7310217, "Plan Width": 28, "Filter": "(o_orderdate < '1995-03-13 00:00:00'::timestamp(0) without time zone), (LLVM Optimized)"}, {"Node Type": "Materialize", "Parent Relationship": "Inner", "Startup Cost": 10000000000.0, "Total Cost": 1000339093675.77, "Plan Rows": 32617206, "Plan Width": 24, "Plans": [{"Node Type": "Index Scan", "Parent Relationship": "Outer", "Scan Direction": "Forward", "Index Name": "idx_lineitem_orderkey", "Relation Name": "lineitem", "Alias": "lineitem", "Startup Cost": 10000000000.0, "Total Cost": 1000339012132.75, "Plan Rows": 32617206, "Plan Width": 24, "Filter": "(l_shipdate > '1995-03-13 00:00:00'::timestamp(0) without time zone), (LLVM Optimized)"}]}]}, {"Node Type": "Hash", "Parent Relationship": "Inner", "Startup Cost": 1000008451535.62, "Total Cost": 1000008451535.62, "Plan Rows": 303948, "Plan Width": 8, "Plans": [{"Node Type": "Index Scan", "Parent Relationship": "Outer", "Scan Direction": "Forward", "Index Name": "customer_pkey", "Relation Name": "customer", "Alias": "customer", "Startup Cost": 10000000000.0, "Total Cost": 1000008451535.62, "Plan Rows": 303948, "Plan Width": 8, "Filter": "(c_mktsegment = 'AUTOMOBILE'::bpchar), (LLVM Optimized)"}]}]}]}]}]}, "Unique SQL Id": 3929762122, "Planner Runtime": 1}, "explain_analyze_plan": null}, "(64, '16')": {"explain_plan": {"Plan": {"Node Type": "Limit", "Startup Cost": 2596753.82, "Total Cost": 2596753.85, "Plan Rows": 10, "Plan Width": 44, "Plans": [{"Node Type": "Sort", "Parent Relationship": "Outer", "Startup Cost": 2596753.82, "Total Cost": 2605651.94, "Plan Rows": 10, "Plan Width": 44, "Sort Key": ["(sum((lineitem.l_extendedprice * (1::double precision - lineitem.l_discount)))) DESC", "orders.o_orderdate"], "Plans": [{"Node Type": "Aggregate", "Strategy": "Hashed", "Parent Relationship": "Outer", "Startup Cost": 2484247.3, "Total Cost": 2519839.77, "Plan Rows": 3559247, "Plan Width": 44, "Group By Key": ["lineitem.l_orderkey", "orders.o_orderdate", "orders.o_shippriority"], "Plans": [{"Node Type": "Nested Loop", "Parent Relationship": "Outer", "Join Type": "Inner", "Startup Cost": 1297333.67, "Total Cost": 2430858.6, "Plan Rows": 3559247, "Plan Width": 36, "Inner Unique": false, "Plans": [{"Node Type": "Merge Join", "Parent Relationship": "Outer", "Join Type": "Inner", "Startup Cost": 1297333.67, "Total Cost": 1426314.26, "Plan Rows": 715772, "Plan Width": 20, "Inner Unique": false, "Merge Cond": "(customer.c_custkey = orders.o_custkey)", "Plans": [{"Node Type": "Index Scan", "Parent Relationship": "Outer", "Scan Direction": "Forward", "Index Name": "customer_pkey", "Relation Name": "customer", "Alias": "customer", "Startup Cost": 0.0, "Total Cost": 84515.36, "Plan Rows": 303948, "Plan Width": 8, "Filter": "(c_mktsegment = 'AUTOMOBILE'::bpchar), (LLVM Optimized)"}, {"Node Type": "Sort", "Parent Relationship": "Inner", "Startup Cost": 1297331.42, "Total Cost": 1315606.97, "Plan Rows": 7310217, "Plan Width": 28, "Sort Key": ["orders.o_custkey"], "Plans": [{"Node Type": "Seq Scan", "Parent Relationship": "Outer", "Relation Name": "orders", "Alias": "orders", "Startup Cost": 385.74, "Total Cost": 463912.49, "Plan Rows": 7310217, "Plan Width": 28, "Filter": "(o_orderdate < '1995-03-13 00:00:00'::timestamp(0) without time zone), (LLVM Optimized)"}]}]}, {"Node Type": "Index Scan", "Parent Relationship": "Inner", "Scan Direction": "Forward", "Index Name": "idx_lineitem_orderkey", "Relation Name": "lineitem", "Alias": "lineitem", "Startup Cost": 0.0, "Total Cost": 1.35, "Plan Rows": 5, "Plan Width": 24, "Index Cond": "(l_orderkey = orders.o_orderkey)", "Filter": "(l_shipdate > '1995-03-13 00:00:00'::timestamp(0) without time zone)"}]}]}]}]}, "Unique SQL Id": 3929762122, "Planner Runtime": 1}, "explain_analyze_plan": {"Plan": {"Node Type": "Limit", "Startup Cost": 2596753.82, "Total Cost": 2596753.85, "Plan Rows": 10, "Plan Width": 44, "Actual Startup Time": 30056.008, "Actual Total Time": 30056.011, "Actual Rows": 10, "Actual Loops": 1, "Plans": [{"Node Type": "Sort", "Parent Relationship": "Outer", "Startup Cost": 2596753.82, "Total Cost": 2605651.94, "Plan Rows": 10, "Plan Width": 44, "Actual Startup Time": 30056.005, "Actual Total Time": 30056.006, "Actual Rows": 10, "Actual Loops": 1, "Sort Key": ["(sum((lineitem.l_extendedprice * (1::double precision - lineitem.l_discount)))) DESC", "orders.o_orderdate"], "Sort Method": "top-N heapsort", "Sort Space Used": 26, "Sort Space Type": "Memory", "Plans": [{"Node Type": "Aggregate", "Strategy": "Hashed", "Parent Relationship": "Outer", "Startup Cost": 2484247.3, "Total Cost": 2519839.77, "Plan Rows": 3559247, "Plan Width": 44, "Actual Startup Time": 29973.47, "Actual Total Time": 30028.912, "Actual Rows": 113719, "Actual Loops": 1, "Group By Key": ["lineitem.l_orderkey", "orders.o_orderdate", "orders.o_shippriority"], "Plans": [{"Node Type": "Nested Loop", "Parent Relationship": "Outer", "Join Type": "Inner", "Startup Cost": 1297333.67, "Total Cost": 2430858.6, "Plan Rows": 3559247, "Plan Width": 36, "Actual Startup Time": 8450.104, "Actual Total Time": 29658.662, "Actual Rows": 300219, "Actual Loops": 1, "Inner Unique": false, "Plans": [{"Node Type": "Merge Join", "Parent Relationship": "Outer", "Join Type": "Inner", "Startup Cost": 1297333.67, "Total Cost": 1426314.26, "Plan Rows": 715772, "Plan Width": 20, "Actual Startup Time": 8449.881, "Actual Total Time": 12868.43, "Actual Rows": 1455173, "Actual Loops": 1, "Inner Unique": false, "Merge Cond": "(customer.c_custkey = orders.o_custkey)", "Plans": [{"Node Type": "Index Scan", "Parent Relationship": "Outer", "Scan Direction": "Forward", "Index Name": "customer_pkey", "Relation Name": "customer", "Alias": "customer", "Startup Cost": 0.0, "Total Cost": 84515.36, "Plan Rows": 303948, "Plan Width": 8, "Actual Startup Time": 0.066, "Actual Total Time": 1022.262, "Actual Rows": 300036, "Actual Loops": 1, "Filter": "(c_mktsegment = 'AUTOMOBILE'::bpchar), (LLVM Optimized, Jit Execute)", "Rows Removed by Filter": 1199964}, {"Node Type": "Sort", "Parent Relationship": "Inner", "Startup Cost": 1297331.42, "Total Cost": 1315606.97, "Plan Rows": 7310217, "Plan Width": 28, "Actual Startup Time": 8449.782, "Actual Total Time": 10429.292, "Actual Rows": 7276927, "Actual Loops": 1, "Sort Key": ["orders.o_custkey"], "Sort Method": "quicksort", "Sort Space Used": 878822, "Sort Space Type": "Memory", "Plans": [{"Node Type": "Seq Scan", "Parent Relationship": "Outer", "Relation Name": "orders", "Alias": "orders", "Startup Cost": 385.74, "Total Cost": 463912.49, "Plan Rows": 7310217, "Plan Width": 28, "Actual Startup Time": 0.033, "Actual Total Time": 5276.985, "Actual Rows": 7276947, "Actual Loops": 1, "Filter": "(o_orderdate < '1995-03-13 00:00:00'::timestamp(0) without time zone), (LLVM Optimized, Jit Execute)", "Rows Removed by Filter": 7723053}]}]}, {"Node Type": "Index Scan", "Parent Relationship": "Inner", "Scan Direction": "Forward", "Index Name": "idx_lineitem_orderkey", "Relation Name": "lineitem", "Alias": "lineitem", "Startup Cost": 0.0, "Total Cost": 1.35, "Plan Rows": 5, "Plan Width": 24, "Actual Startup Time": 15666.47, "Actual Total Time": 15969.887, "Actual Rows": 300219, "Actual Loops": 1455173, "Index Cond": "(l_orderkey = orders.o_orderkey)", "Rows Removed by Index Recheck": 0, "Filter": "(l_shipdate > '1995-03-13 00:00:00'::timestamp(0) without time zone)", "Rows Removed by Filter": 5519788}]}]}]}]}, "Triggers": [], "Planner Runtime": 1.172, "Total Runtime": 30065.502, "Unique SQL Id": 3929762122}}, "(64, '17')": {"explain_plan": {"Plan": {"Node Type": "Limit", "Startup Cost": 2669336.48, "Total Cost": 2669336.5, "Plan Rows": 10, "Plan Width": 44, "Plans": [{"Node Type": "Sort", "Parent Relationship": "Outer", "Startup Cost": 2669336.48, "Total Cost": 2678234.59, "Plan Rows": 10, "Plan Width": 44, "Sort Key": ["(sum((lineitem.l_extendedprice * (1::double precision - lineitem.l_discount)))) DESC", "orders.o_orderdate"], "Plans": [{"Node Type": "Aggregate", "Strategy": "Hashed", "Parent Relationship": "Outer", "Startup Cost": 2556829.96, "Total Cost": 2592422.43, "Plan Rows": 3559247, "Plan Width": 44, "Group By Key": ["lineitem.l_orderkey", "orders.o_orderdate", "orders.o_shippriority"], "Plans": [{"Node Type": "Nested Loop", "Parent Relationship": "Outer", "Join Type": "Inner", "Startup Cost": 1369916.32, "Total Cost": 2503441.25, "Plan Rows": 3559247, "Plan Width": 36, "Inner Unique": false, "Plans": [{"Node Type": "Merge Join", "Parent Relationship": "Outer", "Join Type": "Inner", "Startup Cost": 1369916.32, "Total Cost": 1498896.92, "Plan Rows": 715772, "Plan Width": 20, "Inner Unique": false, "Merge Cond": "(customer.c_custkey = orders.o_custkey)", "Plans": [{"Node Type": "Index Scan", "Parent Relationship": "Outer", "Scan Direction": "Forward", "Index Name": "customer_pkey", "Relation Name": "customer", "Alias": "customer", "Startup Cost": 0.0, "Total Cost": 84515.36, "Plan Rows": 303948, "Plan Width": 8, "Filter": "(c_mktsegment = 'AUTOMOBILE'::bpchar), (LLVM Optimized)"}, {"Node Type": "Sort", "Parent Relationship": "Inner", "Startup Cost": 1369914.08, "Total Cost": 1388189.62, "Plan Rows": 7310217, "Plan Width": 28, "Sort Key": ["orders.o_custkey"], "Plans": [{"Node Type": "Bitmap Heap Scan", "Parent Relationship": "Outer", "Relation Name": "orders", "Alias": "orders", "Startup Cost": 168698.43, "Total Cost": 536495.14, "Plan Rows": 7310217, "Plan Width": 28, "Recheck Cond": "(o_orderdate < '1995-03-13 00:00:00'::timestamp(0) without time zone), (LLVM Optimized)", "Plans": [{"Node Type": "Bitmap Index Scan", "Parent Relationship": "Outer", "Index Name": "idx_orders_orderdate", "Startup Cost": 0.0, "Total Cost": 166870.88, "Plan Rows": 7310217, "Plan Width": 0, "Index Cond": "(o_orderdate < '1995-03-13 00:00:00'::timestamp(0) without time zone)"}]}]}]}, {"Node Type": "Index Scan", "Parent Relationship": "Inner", "Scan Direction": "Forward", "Index Name": "idx_lineitem_orderkey", "Relation Name": "lineitem", "Alias": "lineitem", "Startup Cost": 0.0, "Total Cost": 1.35, "Plan Rows": 5, "Plan Width": 24, "Index Cond": "(l_orderkey = orders.o_orderkey)", "Filter": "(l_shipdate > '1995-03-13 00:00:00'::timestamp(0) without time zone)"}]}]}]}]}, "Unique SQL Id": 3929762122, "Planner Runtime": 1}, "explain_analyze_plan": {"Plan": {"Node Type": "Limit", "Startup Cost": 2669336.48, "Total Cost": 2669336.5, "Plan Rows": 10, "Plan Width": 44, "Actual Startup Time": 30233.689, "Actual Total Time": 30233.693, "Actual Rows": 10, "Actual Loops": 1, "Plans": [{"Node Type": "Sort", "Parent Relationship": "Outer", "Startup Cost": 2669336.48, "Total Cost": 2678234.59, "Plan Rows": 10, "Plan Width": 44, "Actual Startup Time": 30233.687, "Actual Total Time": 30233.688, "Actual Rows": 10, "Actual Loops": 1, "Sort Key": ["(sum((lineitem.l_extendedprice * (1::double precision - lineitem.l_discount)))) DESC", "orders.o_orderdate"], "Sort Method": "top-N heapsort", "Sort Space Used": 26, "Sort Space Type": "Memory", "Plans": [{"Node Type": "Aggregate", "Strategy": "Hashed", "Parent Relationship": "Outer", "Startup Cost": 2556829.96, "Total Cost": 2592422.43, "Plan Rows": 3559247, "Plan Width": 44, "Actual Startup Time": 30151.164, "Actual Total Time": 30206.335, "Actual Rows": 113719, "Actual Loops": 1, "Group By Key": ["lineitem.l_orderkey", "orders.o_orderdate", "orders.o_shippriority"], "Plans": [{"Node Type": "Nested Loop", "Parent Relationship": "Outer", "Join Type": "Inner", "Startup Cost": 1369916.32, "Total Cost": 2503441.25, "Plan Rows": 3559247, "Plan Width": 36, "Actual Startup Time": 8791.66, "Actual Total Time": 29843.199, "Actual Rows": 300219, "Actual Loops": 1, "Inner Unique": false, "Plans": [{"Node Type": "Merge Join", "Parent Relationship": "Outer", "Join Type": "Inner", "Startup Cost": 1369916.32, "Total Cost": 1498896.92, "Plan Rows": 715772, "Plan Width": 20, "Actual Startup Time": 8791.367, "Actual Total Time": 13117.731, "Actual Rows": 1455173, "Actual Loops": 1, "Inner Unique": false, "Merge Cond": "(customer.c_custkey = orders.o_custkey)", "Plans": [{"Node Type": "Index Scan", "Parent Relationship": "Outer", "Scan Direction": "Forward", "Index Name": "customer_pkey", "Relation Name": "customer", "Alias": "customer", "Startup Cost": 0.0, "Total Cost": 84515.36, "Plan Rows": 303948, "Plan Width": 8, "Actual Startup Time": 0.06, "Actual Total Time": 1011.1, "Actual Rows": 300036, "Actual Loops": 1, "Filter": "(c_mktsegment = 'AUTOMOBILE'::bpchar), (LLVM Optimized, Jit Execute)", "Rows Removed by Filter": 1199964}, {"Node Type": "Sort", "Parent Relationship": "Inner", "Startup Cost": 1369914.08, "Total Cost": 1388189.62, "Plan Rows": 7310217, "Plan Width": 28, "Actual Startup Time": 8791.2, "Actual Total Time": 10691.523, "Actual Rows": 7276927, "Actual Loops": 1, "Sort Key": ["orders.o_custkey"], "Sort Method": "quicksort", "Sort Space Used": 878822, "Sort Space Type": "Memory", "Plans": [{"Node Type": "Bitmap Heap Scan", "Parent Relationship": "Outer", "Relation Name": "orders", "Alias": "orders", "Startup Cost": 168698.43, "Total Cost": 536495.14, "Plan Rows": 7310217, "Plan Width": 28, "Actual Startup Time": 1756.079, "Actual Total Time": 5658.571, "Actual Rows": 7276947, "Actual Loops": 1, "Recheck Cond": "(o_orderdate < '1995-03-13 00:00:00'::timestamp(0) without time zone), (LLVM Optimized, Jit Execute)", "Rows Removed by Index Recheck": 0, "Exact Heap Blocks": 276419, "Lossy Heap Blocks": 276419, "Plans": [{"Node Type": "Bitmap Index Scan", "Parent Relationship": "Outer", "Index Name": "idx_orders_orderdate", "Startup Cost": 0.0, "Total Cost": 166870.88, "Plan Rows": 7310217, "Plan Width": 0, "Actual Startup Time": 1651.94, "Actual Total Time": 1651.94, "Actual Rows": 7276947, "Actual Loops": 1, "Index Cond": "(o_orderdate < '1995-03-13 00:00:00'::timestamp(0) without time zone)"}]}]}]}, {"Node Type": "Index Scan", "Parent Relationship": "Inner", "Scan Direction": "Forward", "Index Name": "idx_lineitem_orderkey", "Relation Name": "lineitem", "Alias": "lineitem", "Startup Cost": 0.0, "Total Cost": 1.35, "Plan Rows": 5, "Plan Width": 24, "Actual Startup Time": 15612.478, "Actual Total Time": 15914.42, "Actual Rows": 300219, "Actual Loops": 1455173, "Index Cond": "(l_orderkey = orders.o_orderkey)", "Rows Removed by Index Recheck": 0, "Filter": "(l_shipdate > '1995-03-13 00:00:00'::timestamp(0) without time zone)", "Rows Removed by Filter": 5519788}]}]}]}]}, "Triggers": [], "Planner Runtime": 1.197, "Total Runtime": 30243.736, "Unique SQL Id": 3929762122}}, "(64, '18')": {"explain_plan": {"Plan": {"Node Type": "Limit", "Startup Cost": 4906248.04, "Total Cost": 4906248.06, "Plan Rows": 10, "Plan Width": 44, "Plans": [{"Node Type": "Sort", "Parent Relationship": "Outer", "Startup Cost": 4906248.04, "Total Cost": 4915146.16, "Plan Rows": 10, "Plan Width": 44, "Sort Key": ["(sum((lineitem.l_extendedprice * (1::double precision - lineitem.l_discount)))) DESC", "orders.o_orderdate"], "Plans": [{"Node Type": "Aggregate", "Strategy": "Hashed", "Parent Relationship": "Outer", "Startup Cost": 4793741.52, "Total Cost": 4829333.99, "Plan Rows": 3559247, "Plan Width": 44, "Group By Key": ["lineitem.l_orderkey", "orders.o_orderdate", "orders.o_shippriority"], "Plans": [{"Node Type": "Nested Loop", "Parent Relationship": "Outer", "Join Type": "Inner", "Startup Cost": 1380887.64, "Total Cost": 4740352.82, "Plan Rows": 3559247, "Plan Width": 36, "Inner Unique": false, "Plans": [{"Node Type": "Merge Join", "Parent Relationship": "Outer", "Join Type": "Inner", "Startup Cost": 1380887.19, "Total Cost": 1426114.5, "Plan Rows": 715772, "Plan Width": 20, "Inner Unique": false, "Merge Cond": "(customer.c_custkey = orders.o_custkey)", "Plans": [{"Node Type": "Sort", "Parent Relationship": "Outer", "Startup Cost": 83555.73, "Total Cost": 84315.6, "Plan Rows": 303948, "Plan Width": 8, "Sort Key": ["customer.c_custkey"], "Plans": [{"Node Type": "Seq Scan", "Parent Relationship": "Outer", "Relation Name": "customer", "Alias": "customer", "Startup Cost": 0.0, "Total Cost": 55876.0, "Plan Rows": 303948, "Plan Width": 8, "Filter": "(c_mktsegment = 'AUTOMOBILE'::bpchar), (LLVM Optimized)"}]}, {"Node Type": "Sort", "Parent Relationship": "Inner", "Startup Cost": 1297331.42, "Total Cost": 1315606.97, "Plan Rows": 7310217, "Plan Width": 28, "Sort Key": ["orders.o_custkey"], "Plans": [{"Node Type": "Seq Scan", "Parent Relationship": "Outer", "Relation Name": "orders", "Alias": "orders", "Startup Cost": 385.74, "Total Cost": 463912.49, "Plan Rows": 7310217, "Plan Width": 28, "Filter": "(o_orderdate < '1995-03-13 00:00:00'::timestamp(0) without time zone), (LLVM Optimized)"}]}]}, {"Node Type": "Bitmap Heap Scan", "Parent Relationship": "Inner", "Relation Name": "lineitem", "Alias": "lineitem", "Startup Cost": 0.45, "Total Cost": 4.58, "Plan Rows": 5, "Plan Width": 24, "Recheck Cond": "(l_orderkey = orders.o_orderkey)", "Filter": "(l_shipdate > '1995-03-13 00:00:00'::timestamp(0) without time zone)", "Plans": [{"Node Type": "Bitmap Index Scan", "Parent Relationship": "Outer", "Index Name": "idx_lineitem_orderkey", "Startup Cost": 0.0, "Total Cost": 0.44, "Plan Rows": 9, "Plan Width": 0, "Index Cond": "(l_orderkey = orders.o_orderkey)"}]}]}]}]}]}, "Unique SQL Id": 3929762122, "Planner Runtime": 1}, "explain_analyze_plan": {"Plan": {"Node Type": "Limit", "Startup Cost": 4906248.04, "Total Cost": 4906248.06, "Plan Rows": 10, "Plan Width": 44, "Actual Startup Time": 34001.178, "Actual Total Time": 34001.18, "Actual Rows": 10, "Actual Loops": 1, "Plans": [{"Node Type": "Sort", "Parent Relationship": "Outer", "Startup Cost": 4906248.04, "Total Cost": 4915146.16, "Plan Rows": 10, "Plan Width": 44, "Actual Startup Time": 34001.174, "Actual Total Time": 34001.174, "Actual Rows": 10, "Actual Loops": 1, "Sort Key": ["(sum((lineitem.l_extendedprice * (1::double precision - lineitem.l_discount)))) DESC", "orders.o_orderdate"], "Sort Method": "top-N heapsort", "Sort Space Used": 26, "Sort Space Type": "Memory", "Plans": [{"Node Type": "Aggregate", "Strategy": "Hashed", "Parent Relationship": "Outer", "Startup Cost": 4793741.52, "Total Cost": 4829333.99, "Plan Rows": 3559247, "Plan Width": 44, "Actual Startup Time": 33890.701, "Actual Total Time": 33973.764, "Actual Rows": 113719, "Actual Loops": 1, "Group By Key": ["lineitem.l_orderkey", "orders.o_orderdate", "orders.o_shippriority"], "Plans": [{"Node Type": "Nested Loop", "Parent Relationship": "Outer", "Join Type": "Inner", "Startup Cost": 1380887.64, "Total Cost": 4740352.82, "Plan Rows": 3559247, "Plan Width": 36, "Actual Startup Time": 9230.775, "Actual Total Time": 33550.665, "Actual Rows": 300219, "Actual Loops": 1, "Inner Unique": false, "Plans": [{"Node Type": "Merge Join", "Parent Relationship": "Outer", "Join Type": "Inner", "Startup Cost": 1380887.19, "Total Cost": 1426114.5, "Plan Rows": 715772, "Plan Width": 20, "Actual Startup Time": 9230.52, "Actual Total Time": 13350.503, "Actual Rows": 1455173, "Actual Loops": 1, "Inner Unique": false, "Merge Cond": "(customer.c_custkey = orders.o_custkey)", "Plans": [{"Node Type": "Sort", "Parent Relationship": "Outer", "Startup Cost": 83555.73, "Total Cost": 84315.6, "Plan Rows": 303948, "Plan Width": 8, "Actual Startup Time": 668.143, "Actual Total Time": 716.739, "Actual Rows": 300036, "Actual Loops": 1, "Sort Key": ["customer.c_custkey"], "Sort Method": "quicksort", "Sort Space Used": 31041, "Sort Space Type": "Memory", "Plans": [{"Node Type": "Seq Scan", "Parent Relationship": "Outer", "Relation Name": "customer", "Alias": "customer", "Startup Cost": 0.0, "Total Cost": 55876.0, "Plan Rows": 303948, "Plan Width": 8, "Actual Startup Time": 0.046, "Actual Total Time": 572.135, "Actual Rows": 300036, "Actual Loops": 1, "Filter": "(c_mktsegment = 'AUTOMOBILE'::bpchar), (LLVM Optimized, Jit Execute)", "Rows Removed by Filter": 1199964}]}, {"Node Type": "Sort", "Parent Relationship": "Inner", "Startup Cost": 1297331.42, "Total Cost": 1315606.97, "Plan Rows": 7310217, "Plan Width": 28, "Actual Startup Time": 8562.336, "Actual Total Time": 11169.457, "Actual Rows": 7276927, "Actual Loops": 1, "Sort Key": ["orders.o_custkey"], "Sort Method": "quicksort", "Sort Space Used": 878822, "Sort Space Type": "Memory", "Plans": [{"Node Type": "Seq Scan", "Parent Relationship": "Outer", "Relation Name": "orders", "Alias": "orders", "Startup Cost": 385.74, "Total Cost": 463912.49, "Plan Rows": 7310217, "Plan Width": 28, "Actual Startup Time": 0.047, "Actual Total Time": 5336.101, "Actual Rows": 7276947, "Actual Loops": 1, "Filter": "(o_orderdate < '1995-03-13 00:00:00'::timestamp(0) without time zone), (LLVM Optimized, Jit Execute)", "Rows Removed by Filter": 7723053}]}]}, {"Node Type": "Bitmap Heap Scan", "Parent Relationship": "Inner", "Relation Name": "lineitem", "Alias": "lineitem", "Startup Cost": 0.45, "Total Cost": 4.58, "Plan Rows": 5, "Plan Width": 24, "Actual Startup Time": 18284.497, "Actual Total Time": 18403.302, "Actual Rows": 300219, "Actual Loops": 1455173, "Recheck Cond": "(l_orderkey = orders.o_orderkey)", "Rows Removed by Index Recheck": 0, "Filter": "(l_shipdate > '1995-03-13 00:00:00'::timestamp(0) without time zone)", "Rows Removed by Filter": 5519788, "Exact Heap Blocks": 1558994, "Lossy Heap Blocks": 1558994, "Plans": [{"Node Type": "Bitmap Index Scan", "Parent Relationship": "Outer", "Index Name": "idx_lineitem_orderkey", "Startup Cost": 0.0, "Total Cost": 0.44, "Plan Rows": 9, "Plan Width": 0, "Actual Startup Time": 10467.718, "Actual Total Time": 10467.718, "Actual Rows": 5820007, "Actual Loops": 1455173, "Index Cond": "(l_orderkey = orders.o_orderkey)"}]}]}]}]}]}, "Triggers": [], "Planner Runtime": 1.32, "Total Runtime": 34011.269, "Unique SQL Id": 3929762122}}, "(64, '19')": {"explain_plan": {"Plan": {"Node Type": "Limit", "Startup Cost": 35345596.54, "Total Cost": 35345596.56, "Plan Rows": 10, "Plan Width": 44, "Plans": [{"Node Type": "Sort", "Parent Relationship": "Outer", "Startup Cost": 35345596.54, "Total Cost": 35354494.65, "Plan Rows": 10, "Plan Width": 44, "Sort Key": ["(sum((lineitem.l_extendedprice * (1::double precision - lineitem.l_discount)))) DESC", "orders.o_orderdate"], "Plans": [{"Node Type": "Aggregate", "Strategy": "Hashed", "Parent Relationship": "Outer", "Startup Cost": 35233090.02, "Total Cost": 35268682.49, "Plan Rows": 3559247, "Plan Width": 44, "Group By Key": ["lineitem.l_orderkey", "orders.o_orderdate", "orders.o_shippriority"], "Plans": [{"Node Type": "Nested Loop", "Parent Relationship": "Outer", "Join Type": "Inner", "Startup Cost": 168699.14, "Total Cost": 35179701.31, "Plan Rows": 3559247, "Plan Width": 36, "Inner Unique": false, "Plans": [{"Node Type": "Nested Loop", "Parent Relationship": "Outer", "Join Type": "Inner", "Startup Cost": 168698.69, "Total Cost": 31865463.0, "Plan Rows": 715772, "Plan Width": 20, "Inner Unique": true, "Plans": [{"Node Type": "Bitmap Heap Scan", "Parent Relationship": "Outer", "Relation Name": "orders", "Alias": "orders", "Startup Cost": 168698.43, "Total Cost": 536495.14, "Plan Rows": 7310217, "Plan Width": 28, "Recheck Cond": "(o_orderdate < '1995-03-13 00:00:00'::timestamp(0) without time zone), (LLVM Optimized)", "Plans": [{"Node Type": "Bitmap Index Scan", "Parent Relationship": "Outer", "Index Name": "idx_orders_orderdate", "Startup Cost": 0.0, "Total Cost": 166870.88, "Plan Rows": 7310217, "Plan Width": 0, "Index Cond": "(o_orderdate < '1995-03-13 00:00:00'::timestamp(0) without time zone)"}]}, {"Node Type": "Bitmap Heap Scan", "Parent Relationship": "Inner", "Relation Name": "customer", "Alias": "customer", "Startup Cost": 0.26, "Total Cost": 4.28, "Plan Rows": 1, "Plan Width": 8, "Recheck Cond": "(c_custkey = orders.o_custkey)", "Filter": "(c_mktsegment = 'AUTOMOBILE'::bpchar)", "Plans": [{"Node Type": "Bitmap Index Scan", "Parent Relationship": "Outer", "Index Name": "customer_pkey", "Startup Cost": 0.0, "Total Cost": 0.26, "Plan Rows": 1, "Plan Width": 0, "Index Cond": "(c_custkey = orders.o_custkey)"}]}]}, {"Node Type": "Bitmap Heap Scan", "Parent Relationship": "Inner", "Relation Name": "lineitem", "Alias": "lineitem", "Startup Cost": 0.45, "Total Cost": 4.58, "Plan Rows": 5, "Plan Width": 24, "Recheck Cond": "(l_orderkey = orders.o_orderkey)", "Filter": "(l_shipdate > '1995-03-13 00:00:00'::timestamp(0) without time zone)", "Plans": [{"Node Type": "Bitmap Index Scan", "Parent Relationship": "Outer", "Index Name": "idx_lineitem_orderkey", "Startup Cost": 0.0, "Total Cost": 0.44, "Plan Rows": 9, "Plan Width": 0, "Index Cond": "(l_orderkey = orders.o_orderkey)"}]}]}]}]}]}, "Unique SQL Id": 3929762122, "Planner Runtime": 1}, "explain_analyze_plan": null}, "(64, '20')": {"explain_plan": {"Plan": {"Node Type": "Limit", "Startup Cost": 2596753.82, "Total Cost": 2596753.85, "Plan Rows": 10, "Plan Width": 44, "Plans": [{"Node Type": "Sort", "Parent Relationship": "Outer", "Startup Cost": 2596753.82, "Total Cost": 2605651.94, "Plan Rows": 10, "Plan Width": 44, "Sort Key": ["(sum((lineitem.l_extendedprice * (1::double precision - lineitem.l_discount)))) DESC", "orders.o_orderdate"], "Plans": [{"Node Type": "Aggregate", "Strategy": "Hashed", "Parent Relationship": "Outer", "Startup Cost": 2484247.3, "Total Cost": 2519839.77, "Plan Rows": 3559247, "Plan Width": 44, "Group By Key": ["lineitem.l_orderkey", "orders.o_orderdate", "orders.o_shippriority"], "Plans": [{"Node Type": "Nested Loop", "Parent Relationship": "Outer", "Join Type": "Inner", "Startup Cost": 1297333.67, "Total Cost": 2430858.6, "Plan Rows": 3559247, "Plan Width": 36, "Inner Unique": false, "Plans": [{"Node Type": "Merge Join", "Parent Relationship": "Outer", "Join Type": "Inner", "Startup Cost": 1297333.67, "Total Cost": 1426314.26, "Plan Rows": 715772, "Plan Width": 20, "Inner Unique": false, "Merge Cond": "(customer.c_custkey = orders.o_custkey)", "Plans": [{"Node Type": "Index Scan", "Parent Relationship": "Outer", "Scan Direction": "Forward", "Index Name": "customer_pkey", "Relation Name": "customer", "Alias": "customer", "Startup Cost": 0.0, "Total Cost": 84515.36, "Plan Rows": 303948, "Plan Width": 8, "Filter": "(c_mktsegment = 'AUTOMOBILE'::bpchar), (LLVM Optimized)"}, {"Node Type": "Sort", "Parent Relationship": "Inner", "Startup Cost": 1297331.42, "Total Cost": 1315606.97, "Plan Rows": 7310217, "Plan Width": 28, "Sort Key": ["orders.o_custkey"], "Plans": [{"Node Type": "Seq Scan", "Parent Relationship": "Outer", "Relation Name": "orders", "Alias": "orders", "Startup Cost": 385.74, "Total Cost": 463912.49, "Plan Rows": 7310217, "Plan Width": 28, "Filter": "(o_orderdate < '1995-03-13 00:00:00'::timestamp(0) without time zone), (LLVM Optimized)"}]}]}, {"Node Type": "Index Scan", "Parent Relationship": "Inner", "Scan Direction": "Forward", "Index Name": "idx_lineitem_orderkey", "Relation Name": "lineitem", "Alias": "lineitem", "Startup Cost": 0.0, "Total Cost": 1.35, "Plan Rows": 5, "Plan Width": 24, "Index Cond": "(l_orderkey = orders.o_orderkey)", "Filter": "(l_shipdate > '1995-03-13 00:00:00'::timestamp(0) without time zone)"}]}]}]}]}, "Unique SQL Id": 3929762122, "Planner Runtime": 1}, "explain_analyze_plan": {"Plan": {"Node Type": "Limit", "Startup Cost": 2596753.82, "Total Cost": 2596753.85, "Plan Rows": 10, "Plan Width": 44, "Actual Startup Time": 30056.008, "Actual Total Time": 30056.011, "Actual Rows": 10, "Actual Loops": 1, "Plans": [{"Node Type": "Sort", "Parent Relationship": "Outer", "Startup Cost": 2596753.82, "Total Cost": 2605651.94, "Plan Rows": 10, "Plan Width": 44, "Actual Startup Time": 30056.005, "Actual Total Time": 30056.006, "Actual Rows": 10, "Actual Loops": 1, "Sort Key": ["(sum((lineitem.l_extendedprice * (1::double precision - lineitem.l_discount)))) DESC", "orders.o_orderdate"], "Sort Method": "top-N heapsort", "Sort Space Used": 26, "Sort Space Type": "Memory", "Plans": [{"Node Type": "Aggregate", "Strategy": "Hashed", "Parent Relationship": "Outer", "Startup Cost": 2484247.3, "Total Cost": 2519839.77, "Plan Rows": 3559247, "Plan Width": 44, "Actual Startup Time": 29973.47, "Actual Total Time": 30028.912, "Actual Rows": 113719, "Actual Loops": 1, "Group By Key": ["lineitem.l_orderkey", "orders.o_orderdate", "orders.o_shippriority"], "Plans": [{"Node Type": "Nested Loop", "Parent Relationship": "Outer", "Join Type": "Inner", "Startup Cost": 1297333.67, "Total Cost": 2430858.6, "Plan Rows": 3559247, "Plan Width": 36, "Actual Startup Time": 8450.104, "Actual Total Time": 29658.662, "Actual Rows": 300219, "Actual Loops": 1, "Inner Unique": false, "Plans": [{"Node Type": "Merge Join", "Parent Relationship": "Outer", "Join Type": "Inner", "Startup Cost": 1297333.67, "Total Cost": 1426314.26, "Plan Rows": 715772, "Plan Width": 20, "Actual Startup Time": 8449.881, "Actual Total Time": 12868.43, "Actual Rows": 1455173, "Actual Loops": 1, "Inner Unique": false, "Merge Cond": "(customer.c_custkey = orders.o_custkey)", "Plans": [{"Node Type": "Index Scan", "Parent Relationship": "Outer", "Scan Direction": "Forward", "Index Name": "customer_pkey", "Relation Name": "customer", "Alias": "customer", "Startup Cost": 0.0, "Total Cost": 84515.36, "Plan Rows": 303948, "Plan Width": 8, "Actual Startup Time": 0.066, "Actual Total Time": 1022.262, "Actual Rows": 300036, "Actual Loops": 1, "Filter": "(c_mktsegment = 'AUTOMOBILE'::bpchar), (LLVM Optimized, Jit Execute)", "Rows Removed by Filter": 1199964}, {"Node Type": "Sort", "Parent Relationship": "Inner", "Startup Cost": 1297331.42, "Total Cost": 1315606.97, "Plan Rows": 7310217, "Plan Width": 28, "Actual Startup Time": 8449.782, "Actual Total Time": 10429.292, "Actual Rows": 7276927, "Actual Loops": 1, "Sort Key": ["orders.o_custkey"], "Sort Method": "quicksort", "Sort Space Used": 878822, "Sort Space Type": "Memory", "Plans": [{"Node Type": "Seq Scan", "Parent Relationship": "Outer", "Relation Name": "orders", "Alias": "orders", "Startup Cost": 385.74, "Total Cost": 463912.49, "Plan Rows": 7310217, "Plan Width": 28, "Actual Startup Time": 0.033, "Actual Total Time": 5276.985, "Actual Rows": 7276947, "Actual Loops": 1, "Filter": "(o_orderdate < '1995-03-13 00:00:00'::timestamp(0) without time zone), (LLVM Optimized, Jit Execute)", "Rows Removed by Filter": 7723053}]}]}, {"Node Type": "Index Scan", "Parent Relationship": "Inner", "Scan Direction": "Forward", "Index Name": "idx_lineitem_orderkey", "Relation Name": "lineitem", "Alias": "lineitem", "Startup Cost": 0.0, "Total Cost": 1.35, "Plan Rows": 5, "Plan Width": 24, "Actual Startup Time": 15666.47, "Actual Total Time": 15969.887, "Actual Rows": 300219, "Actual Loops": 1455173, "Index Cond": "(l_orderkey = orders.o_orderkey)", "Rows Removed by Index Recheck": 0, "Filter": "(l_shipdate > '1995-03-13 00:00:00'::timestamp(0) without time zone)", "Rows Removed by Filter": 5519788}]}]}]}]}, "Triggers": [], "Planner Runtime": 1.172, "Total Runtime": 30065.502, "Unique SQL Id": 3929762122}}, "(64, '21')": {"explain_plan": {"Plan": {"Node Type": "Limit", "Startup Cost": 2669336.48, "Total Cost": 2669336.5, "Plan Rows": 10, "Plan Width": 44, "Plans": [{"Node Type": "Sort", "Parent Relationship": "Outer", "Startup Cost": 2669336.48, "Total Cost": 2678234.59, "Plan Rows": 10, "Plan Width": 44, "Sort Key": ["(sum((lineitem.l_extendedprice * (1::double precision - lineitem.l_discount)))) DESC", "orders.o_orderdate"], "Plans": [{"Node Type": "Aggregate", "Strategy": "Hashed", "Parent Relationship": "Outer", "Startup Cost": 2556829.96, "Total Cost": 2592422.43, "Plan Rows": 3559247, "Plan Width": 44, "Group By Key": ["lineitem.l_orderkey", "orders.o_orderdate", "orders.o_shippriority"], "Plans": [{"Node Type": "Nested Loop", "Parent Relationship": "Outer", "Join Type": "Inner", "Startup Cost": 1369916.32, "Total Cost": 2503441.25, "Plan Rows": 3559247, "Plan Width": 36, "Inner Unique": false, "Plans": [{"Node Type": "Merge Join", "Parent Relationship": "Outer", "Join Type": "Inner", "Startup Cost": 1369916.32, "Total Cost": 1498896.92, "Plan Rows": 715772, "Plan Width": 20, "Inner Unique": false, "Merge Cond": "(customer.c_custkey = orders.o_custkey)", "Plans": [{"Node Type": "Index Scan", "Parent Relationship": "Outer", "Scan Direction": "Forward", "Index Name": "customer_pkey", "Relation Name": "customer", "Alias": "customer", "Startup Cost": 0.0, "Total Cost": 84515.36, "Plan Rows": 303948, "Plan Width": 8, "Filter": "(c_mktsegment = 'AUTOMOBILE'::bpchar), (LLVM Optimized)"}, {"Node Type": "Sort", "Parent Relationship": "Inner", "Startup Cost": 1369914.08, "Total Cost": 1388189.62, "Plan Rows": 7310217, "Plan Width": 28, "Sort Key": ["orders.o_custkey"], "Plans": [{"Node Type": "Bitmap Heap Scan", "Parent Relationship": "Outer", "Relation Name": "orders", "Alias": "orders", "Startup Cost": 168698.43, "Total Cost": 536495.14, "Plan Rows": 7310217, "Plan Width": 28, "Recheck Cond": "(o_orderdate < '1995-03-13 00:00:00'::timestamp(0) without time zone), (LLVM Optimized)", "Plans": [{"Node Type": "Bitmap Index Scan", "Parent Relationship": "Outer", "Index Name": "idx_orders_orderdate", "Startup Cost": 0.0, "Total Cost": 166870.88, "Plan Rows": 7310217, "Plan Width": 0, "Index Cond": "(o_orderdate < '1995-03-13 00:00:00'::timestamp(0) without time zone)"}]}]}]}, {"Node Type": "Index Scan", "Parent Relationship": "Inner", "Scan Direction": "Forward", "Index Name": "idx_lineitem_orderkey", "Relation Name": "lineitem", "Alias": "lineitem", "Startup Cost": 0.0, "Total Cost": 1.35, "Plan Rows": 5, "Plan Width": 24, "Index Cond": "(l_orderkey = orders.o_orderkey)", "Filter": "(l_shipdate > '1995-03-13 00:00:00'::timestamp(0) without time zone)"}]}]}]}]}, "Unique SQL Id": 3929762122, "Planner Runtime": 1}, "explain_analyze_plan": {"Plan": {"Node Type": "Limit", "Startup Cost": 2669336.48, "Total Cost": 2669336.5, "Plan Rows": 10, "Plan Width": 44, "Actual Startup Time": 30233.689, "Actual Total Time": 30233.693, "Actual Rows": 10, "Actual Loops": 1, "Plans": [{"Node Type": "Sort", "Parent Relationship": "Outer", "Startup Cost": 2669336.48, "Total Cost": 2678234.59, "Plan Rows": 10, "Plan Width": 44, "Actual Startup Time": 30233.687, "Actual Total Time": 30233.688, "Actual Rows": 10, "Actual Loops": 1, "Sort Key": ["(sum((lineitem.l_extendedprice * (1::double precision - lineitem.l_discount)))) DESC", "orders.o_orderdate"], "Sort Method": "top-N heapsort", "Sort Space Used": 26, "Sort Space Type": "Memory", "Plans": [{"Node Type": "Aggregate", "Strategy": "Hashed", "Parent Relationship": "Outer", "Startup Cost": 2556829.96, "Total Cost": 2592422.43, "Plan Rows": 3559247, "Plan Width": 44, "Actual Startup Time": 30151.164, "Actual Total Time": 30206.335, "Actual Rows": 113719, "Actual Loops": 1, "Group By Key": ["lineitem.l_orderkey", "orders.o_orderdate", "orders.o_shippriority"], "Plans": [{"Node Type": "Nested Loop", "Parent Relationship": "Outer", "Join Type": "Inner", "Startup Cost": 1369916.32, "Total Cost": 2503441.25, "Plan Rows": 3559247, "Plan Width": 36, "Actual Startup Time": 8791.66, "Actual Total Time": 29843.199, "Actual Rows": 300219, "Actual Loops": 1, "Inner Unique": false, "Plans": [{"Node Type": "Merge Join", "Parent Relationship": "Outer", "Join Type": "Inner", "Startup Cost": 1369916.32, "Total Cost": 1498896.92, "Plan Rows": 715772, "Plan Width": 20, "Actual Startup Time": 8791.367, "Actual Total Time": 13117.731, "Actual Rows": 1455173, "Actual Loops": 1, "Inner Unique": false, "Merge Cond": "(customer.c_custkey = orders.o_custkey)", "Plans": [{"Node Type": "Index Scan", "Parent Relationship": "Outer", "Scan Direction": "Forward", "Index Name": "customer_pkey", "Relation Name": "customer", "Alias": "customer", "Startup Cost": 0.0, "Total Cost": 84515.36, "Plan Rows": 303948, "Plan Width": 8, "Actual Startup Time": 0.06, "Actual Total Time": 1011.1, "Actual Rows": 300036, "Actual Loops": 1, "Filter": "(c_mktsegment = 'AUTOMOBILE'::bpchar), (LLVM Optimized, Jit Execute)", "Rows Removed by Filter": 1199964}, {"Node Type": "Sort", "Parent Relationship": "Inner", "Startup Cost": 1369914.08, "Total Cost": 1388189.62, "Plan Rows": 7310217, "Plan Width": 28, "Actual Startup Time": 8791.2, "Actual Total Time": 10691.523, "Actual Rows": 7276927, "Actual Loops": 1, "Sort Key": ["orders.o_custkey"], "Sort Method": "quicksort", "Sort Space Used": 878822, "Sort Space Type": "Memory", "Plans": [{"Node Type": "Bitmap Heap Scan", "Parent Relationship": "Outer", "Relation Name": "orders", "Alias": "orders", "Startup Cost": 168698.43, "Total Cost": 536495.14, "Plan Rows": 7310217, "Plan Width": 28, "Actual Startup Time": 1756.079, "Actual Total Time": 5658.571, "Actual Rows": 7276947, "Actual Loops": 1, "Recheck Cond": "(o_orderdate < '1995-03-13 00:00:00'::timestamp(0) without time zone), (LLVM Optimized, Jit Execute)", "Rows Removed by Index Recheck": 0, "Exact Heap Blocks": 276419, "Lossy Heap Blocks": 276419, "Plans": [{"Node Type": "Bitmap Index Scan", "Parent Relationship": "Outer", "Index Name": "idx_orders_orderdate", "Startup Cost": 0.0, "Total Cost": 166870.88, "Plan Rows": 7310217, "Plan Width": 0, "Actual Startup Time": 1651.94, "Actual Total Time": 1651.94, "Actual Rows": 7276947, "Actual Loops": 1, "Index Cond": "(o_orderdate < '1995-03-13 00:00:00'::timestamp(0) without time zone)"}]}]}]}, {"Node Type": "Index Scan", "Parent Relationship": "Inner", "Scan Direction": "Forward", "Index Name": "idx_lineitem_orderkey", "Relation Name": "lineitem", "Alias": "lineitem", "Startup Cost": 0.0, "Total Cost": 1.35, "Plan Rows": 5, "Plan Width": 24, "Actual Startup Time": 15612.478, "Actual Total Time": 15914.42, "Actual Rows": 300219, "Actual Loops": 1455173, "Index Cond": "(l_orderkey = orders.o_orderkey)", "Rows Removed by Index Recheck": 0, "Filter": "(l_shipdate > '1995-03-13 00:00:00'::timestamp(0) without time zone)", "Rows Removed by Filter": 5519788}]}]}]}]}, "Triggers": [], "Planner Runtime": 1.197, "Total Runtime": 30243.736, "Unique SQL Id": 3929762122}}, "(64, '22')": {"explain_plan": {"Plan": {"Node Type": "Limit", "Startup Cost": 4906248.04, "Total Cost": 4906248.06, "Plan Rows": 10, "Plan Width": 44, "Plans": [{"Node Type": "Sort", "Parent Relationship": "Outer", "Startup Cost": 4906248.04, "Total Cost": 4915146.16, "Plan Rows": 10, "Plan Width": 44, "Sort Key": ["(sum((lineitem.l_extendedprice * (1::double precision - lineitem.l_discount)))) DESC", "orders.o_orderdate"], "Plans": [{"Node Type": "Aggregate", "Strategy": "Hashed", "Parent Relationship": "Outer", "Startup Cost": 4793741.52, "Total Cost": 4829333.99, "Plan Rows": 3559247, "Plan Width": 44, "Group By Key": ["lineitem.l_orderkey", "orders.o_orderdate", "orders.o_shippriority"], "Plans": [{"Node Type": "Nested Loop", "Parent Relationship": "Outer", "Join Type": "Inner", "Startup Cost": 1380887.64, "Total Cost": 4740352.82, "Plan Rows": 3559247, "Plan Width": 36, "Inner Unique": false, "Plans": [{"Node Type": "Merge Join", "Parent Relationship": "Outer", "Join Type": "Inner", "Startup Cost": 1380887.19, "Total Cost": 1426114.5, "Plan Rows": 715772, "Plan Width": 20, "Inner Unique": false, "Merge Cond": "(customer.c_custkey = orders.o_custkey)", "Plans": [{"Node Type": "Sort", "Parent Relationship": "Outer", "Startup Cost": 83555.73, "Total Cost": 84315.6, "Plan Rows": 303948, "Plan Width": 8, "Sort Key": ["customer.c_custkey"], "Plans": [{"Node Type": "Seq Scan", "Parent Relationship": "Outer", "Relation Name": "customer", "Alias": "customer", "Startup Cost": 0.0, "Total Cost": 55876.0, "Plan Rows": 303948, "Plan Width": 8, "Filter": "(c_mktsegment = 'AUTOMOBILE'::bpchar), (LLVM Optimized)"}]}, {"Node Type": "Sort", "Parent Relationship": "Inner", "Startup Cost": 1297331.42, "Total Cost": 1315606.97, "Plan Rows": 7310217, "Plan Width": 28, "Sort Key": ["orders.o_custkey"], "Plans": [{"Node Type": "Seq Scan", "Parent Relationship": "Outer", "Relation Name": "orders", "Alias": "orders", "Startup Cost": 385.74, "Total Cost": 463912.49, "Plan Rows": 7310217, "Plan Width": 28, "Filter": "(o_orderdate < '1995-03-13 00:00:00'::timestamp(0) without time zone), (LLVM Optimized)"}]}]}, {"Node Type": "Bitmap Heap Scan", "Parent Relationship": "Inner", "Relation Name": "lineitem", "Alias": "lineitem", "Startup Cost": 0.45, "Total Cost": 4.58, "Plan Rows": 5, "Plan Width": 24, "Recheck Cond": "(l_orderkey = orders.o_orderkey)", "Filter": "(l_shipdate > '1995-03-13 00:00:00'::timestamp(0) without time zone)", "Plans": [{"Node Type": "Bitmap Index Scan", "Parent Relationship": "Outer", "Index Name": "idx_lineitem_orderkey", "Startup Cost": 0.0, "Total Cost": 0.44, "Plan Rows": 9, "Plan Width": 0, "Index Cond": "(l_orderkey = orders.o_orderkey)"}]}]}]}]}]}, "Unique SQL Id": 3929762122, "Planner Runtime": 1}, "explain_analyze_plan": {"Plan": {"Node Type": "Limit", "Startup Cost": 4906248.04, "Total Cost": 4906248.06, "Plan Rows": 10, "Plan Width": 44, "Actual Startup Time": 34001.178, "Actual Total Time": 34001.18, "Actual Rows": 10, "Actual Loops": 1, "Plans": [{"Node Type": "Sort", "Parent Relationship": "Outer", "Startup Cost": 4906248.04, "Total Cost": 4915146.16, "Plan Rows": 10, "Plan Width": 44, "Actual Startup Time": 34001.174, "Actual Total Time": 34001.174, "Actual Rows": 10, "Actual Loops": 1, "Sort Key": ["(sum((lineitem.l_extendedprice * (1::double precision - lineitem.l_discount)))) DESC", "orders.o_orderdate"], "Sort Method": "top-N heapsort", "Sort Space Used": 26, "Sort Space Type": "Memory", "Plans": [{"Node Type": "Aggregate", "Strategy": "Hashed", "Parent Relationship": "Outer", "Startup Cost": 4793741.52, "Total Cost": 4829333.99, "Plan Rows": 3559247, "Plan Width": 44, "Actual Startup Time": 33890.701, "Actual Total Time": 33973.764, "Actual Rows": 113719, "Actual Loops": 1, "Group By Key": ["lineitem.l_orderkey", "orders.o_orderdate", "orders.o_shippriority"], "Plans": [{"Node Type": "Nested Loop", "Parent Relationship": "Outer", "Join Type": "Inner", "Startup Cost": 1380887.64, "Total Cost": 4740352.82, "Plan Rows": 3559247, "Plan Width": 36, "Actual Startup Time": 9230.775, "Actual Total Time": 33550.665, "Actual Rows": 300219, "Actual Loops": 1, "Inner Unique": false, "Plans": [{"Node Type": "Merge Join", "Parent Relationship": "Outer", "Join Type": "Inner", "Startup Cost": 1380887.19, "Total Cost": 1426114.5, "Plan Rows": 715772, "Plan Width": 20, "Actual Startup Time": 9230.52, "Actual Total Time": 13350.503, "Actual Rows": 1455173, "Actual Loops": 1, "Inner Unique": false, "Merge Cond": "(customer.c_custkey = orders.o_custkey)", "Plans": [{"Node Type": "Sort", "Parent Relationship": "Outer", "Startup Cost": 83555.73, "Total Cost": 84315.6, "Plan Rows": 303948, "Plan Width": 8, "Actual Startup Time": 668.143, "Actual Total Time": 716.739, "Actual Rows": 300036, "Actual Loops": 1, "Sort Key": ["customer.c_custkey"], "Sort Method": "quicksort", "Sort Space Used": 31041, "Sort Space Type": "Memory", "Plans": [{"Node Type": "Seq Scan", "Parent Relationship": "Outer", "Relation Name": "customer", "Alias": "customer", "Startup Cost": 0.0, "Total Cost": 55876.0, "Plan Rows": 303948, "Plan Width": 8, "Actual Startup Time": 0.046, "Actual Total Time": 572.135, "Actual Rows": 300036, "Actual Loops": 1, "Filter": "(c_mktsegment = 'AUTOMOBILE'::bpchar), (LLVM Optimized, Jit Execute)", "Rows Removed by Filter": 1199964}]}, {"Node Type": "Sort", "Parent Relationship": "Inner", "Startup Cost": 1297331.42, "Total Cost": 1315606.97, "Plan Rows": 7310217, "Plan Width": 28, "Actual Startup Time": 8562.336, "Actual Total Time": 11169.457, "Actual Rows": 7276927, "Actual Loops": 1, "Sort Key": ["orders.o_custkey"], "Sort Method": "quicksort", "Sort Space Used": 878822, "Sort Space Type": "Memory", "Plans": [{"Node Type": "Seq Scan", "Parent Relationship": "Outer", "Relation Name": "orders", "Alias": "orders", "Startup Cost": 385.74, "Total Cost": 463912.49, "Plan Rows": 7310217, "Plan Width": 28, "Actual Startup Time": 0.047, "Actual Total Time": 5336.101, "Actual Rows": 7276947, "Actual Loops": 1, "Filter": "(o_orderdate < '1995-03-13 00:00:00'::timestamp(0) without time zone), (LLVM Optimized, Jit Execute)", "Rows Removed by Filter": 7723053}]}]}, {"Node Type": "Bitmap Heap Scan", "Parent Relationship": "Inner", "Relation Name": "lineitem", "Alias": "lineitem", "Startup Cost": 0.45, "Total Cost": 4.58, "Plan Rows": 5, "Plan Width": 24, "Actual Startup Time": 18284.497, "Actual Total Time": 18403.302, "Actual Rows": 300219, "Actual Loops": 1455173, "Recheck Cond": "(l_orderkey = orders.o_orderkey)", "Rows Removed by Index Recheck": 0, "Filter": "(l_shipdate > '1995-03-13 00:00:00'::timestamp(0) without time zone)", "Rows Removed by Filter": 5519788, "Exact Heap Blocks": 1558994, "Lossy Heap Blocks": 1558994, "Plans": [{"Node Type": "Bitmap Index Scan", "Parent Relationship": "Outer", "Index Name": "idx_lineitem_orderkey", "Startup Cost": 0.0, "Total Cost": 0.44, "Plan Rows": 9, "Plan Width": 0, "Actual Startup Time": 10467.718, "Actual Total Time": 10467.718, "Actual Rows": 5820007, "Actual Loops": 1455173, "Index Cond": "(l_orderkey = orders.o_orderkey)"}]}]}]}]}]}, "Triggers": [], "Planner Runtime": 1.32, "Total Runtime": 34011.269, "Unique SQL Id": 3929762122}}, "(64, '23')": {"explain_plan": {"Plan": {"Node Type": "Limit", "Startup Cost": 35345596.54, "Total Cost": 35345596.56, "Plan Rows": 10, "Plan Width": 44, "Plans": [{"Node Type": "Sort", "Parent Relationship": "Outer", "Startup Cost": 35345596.54, "Total Cost": 35354494.65, "Plan Rows": 10, "Plan Width": 44, "Sort Key": ["(sum((lineitem.l_extendedprice * (1::double precision - lineitem.l_discount)))) DESC", "orders.o_orderdate"], "Plans": [{"Node Type": "Aggregate", "Strategy": "Hashed", "Parent Relationship": "Outer", "Startup Cost": 35233090.02, "Total Cost": 35268682.49, "Plan Rows": 3559247, "Plan Width": 44, "Group By Key": ["lineitem.l_orderkey", "orders.o_orderdate", "orders.o_shippriority"], "Plans": [{"Node Type": "Nested Loop", "Parent Relationship": "Outer", "Join Type": "Inner", "Startup Cost": 168699.14, "Total Cost": 35179701.31, "Plan Rows": 3559247, "Plan Width": 36, "Inner Unique": false, "Plans": [{"Node Type": "Nested Loop", "Parent Relationship": "Outer", "Join Type": "Inner", "Startup Cost": 168698.69, "Total Cost": 31865463.0, "Plan Rows": 715772, "Plan Width": 20, "Inner Unique": true, "Plans": [{"Node Type": "Bitmap Heap Scan", "Parent Relationship": "Outer", "Relation Name": "orders", "Alias": "orders", "Startup Cost": 168698.43, "Total Cost": 536495.14, "Plan Rows": 7310217, "Plan Width": 28, "Recheck Cond": "(o_orderdate < '1995-03-13 00:00:00'::timestamp(0) without time zone), (LLVM Optimized)", "Plans": [{"Node Type": "Bitmap Index Scan", "Parent Relationship": "Outer", "Index Name": "idx_orders_orderdate", "Startup Cost": 0.0, "Total Cost": 166870.88, "Plan Rows": 7310217, "Plan Width": 0, "Index Cond": "(o_orderdate < '1995-03-13 00:00:00'::timestamp(0) without time zone)"}]}, {"Node Type": "Bitmap Heap Scan", "Parent Relationship": "Inner", "Relation Name": "customer", "Alias": "customer", "Startup Cost": 0.26, "Total Cost": 4.28, "Plan Rows": 1, "Plan Width": 8, "Recheck Cond": "(c_custkey = orders.o_custkey)", "Filter": "(c_mktsegment = 'AUTOMOBILE'::bpchar)", "Plans": [{"Node Type": "Bitmap Index Scan", "Parent Relationship": "Outer", "Index Name": "customer_pkey", "Startup Cost": 0.0, "Total Cost": 0.26, "Plan Rows": 1, "Plan Width": 0, "Index Cond": "(c_custkey = orders.o_custkey)"}]}]}, {"Node Type": "Bitmap Heap Scan", "Parent Relationship": "Inner", "Relation Name": "lineitem", "Alias": "lineitem", "Startup Cost": 0.45, "Total Cost": 4.58, "Plan Rows": 5, "Plan Width": 24, "Recheck Cond": "(l_orderkey = orders.o_orderkey)", "Filter": "(l_shipdate > '1995-03-13 00:00:00'::timestamp(0) without time zone)", "Plans": [{"Node Type": "Bitmap Index Scan", "Parent Relationship": "Outer", "Index Name": "idx_lineitem_orderkey", "Startup Cost": 0.0, "Total Cost": 0.44, "Plan Rows": 9, "Plan Width": 0, "Index Cond": "(l_orderkey = orders.o_orderkey)"}]}]}]}]}]}, "Unique SQL Id": 3929762122, "Planner Runtime": 1}, "explain_analyze_plan": null}, "(64, '24')": {"explain_plan": {"Plan": {"Node Type": "Limit", "Startup Cost": 2596753.82, "Total Cost": 2596753.85, "Plan Rows": 10, "Plan Width": 44, "Plans": [{"Node Type": "Sort", "Parent Relationship": "Outer", "Startup Cost": 2596753.82, "Total Cost": 2605651.94, "Plan Rows": 10, "Plan Width": 44, "Sort Key": ["(sum((lineitem.l_extendedprice * (1::double precision - lineitem.l_discount)))) DESC", "orders.o_orderdate"], "Plans": [{"Node Type": "Aggregate", "Strategy": "Hashed", "Parent Relationship": "Outer", "Startup Cost": 2484247.3, "Total Cost": 2519839.77, "Plan Rows": 3559247, "Plan Width": 44, "Group By Key": ["lineitem.l_orderkey", "orders.o_orderdate", "orders.o_shippriority"], "Plans": [{"Node Type": "Nested Loop", "Parent Relationship": "Outer", "Join Type": "Inner", "Startup Cost": 1297333.67, "Total Cost": 2430858.6, "Plan Rows": 3559247, "Plan Width": 36, "Inner Unique": false, "Plans": [{"Node Type": "Merge Join", "Parent Relationship": "Outer", "Join Type": "Inner", "Startup Cost": 1297333.67, "Total Cost": 1426314.26, "Plan Rows": 715772, "Plan Width": 20, "Inner Unique": false, "Merge Cond": "(customer.c_custkey = orders.o_custkey)", "Plans": [{"Node Type": "Index Scan", "Parent Relationship": "Outer", "Scan Direction": "Forward", "Index Name": "customer_pkey", "Relation Name": "customer", "Alias": "customer", "Startup Cost": 0.0, "Total Cost": 84515.36, "Plan Rows": 303948, "Plan Width": 8, "Filter": "(c_mktsegment = 'AUTOMOBILE'::bpchar), (LLVM Optimized)"}, {"Node Type": "Sort", "Parent Relationship": "Inner", "Startup Cost": 1297331.42, "Total Cost": 1315606.97, "Plan Rows": 7310217, "Plan Width": 28, "Sort Key": ["orders.o_custkey"], "Plans": [{"Node Type": "Seq Scan", "Parent Relationship": "Outer", "Relation Name": "orders", "Alias": "orders", "Startup Cost": 385.74, "Total Cost": 463912.49, "Plan Rows": 7310217, "Plan Width": 28, "Filter": "(o_orderdate < '1995-03-13 00:00:00'::timestamp(0) without time zone), (LLVM Optimized)"}]}]}, {"Node Type": "Index Scan", "Parent Relationship": "Inner", "Scan Direction": "Forward", "Index Name": "idx_lineitem_orderkey", "Relation Name": "lineitem", "Alias": "lineitem", "Startup Cost": 0.0, "Total Cost": 1.35, "Plan Rows": 5, "Plan Width": 24, "Index Cond": "(l_orderkey = orders.o_orderkey)", "Filter": "(l_shipdate > '1995-03-13 00:00:00'::timestamp(0) without time zone)"}]}]}]}]}, "Unique SQL Id": 3929762122, "Planner Runtime": 1}, "explain_analyze_plan": {"Plan": {"Node Type": "Limit", "Startup Cost": 2596753.82, "Total Cost": 2596753.85, "Plan Rows": 10, "Plan Width": 44, "Actual Startup Time": 30056.008, "Actual Total Time": 30056.011, "Actual Rows": 10, "Actual Loops": 1, "Plans": [{"Node Type": "Sort", "Parent Relationship": "Outer", "Startup Cost": 2596753.82, "Total Cost": 2605651.94, "Plan Rows": 10, "Plan Width": 44, "Actual Startup Time": 30056.005, "Actual Total Time": 30056.006, "Actual Rows": 10, "Actual Loops": 1, "Sort Key": ["(sum((lineitem.l_extendedprice * (1::double precision - lineitem.l_discount)))) DESC", "orders.o_orderdate"], "Sort Method": "top-N heapsort", "Sort Space Used": 26, "Sort Space Type": "Memory", "Plans": [{"Node Type": "Aggregate", "Strategy": "Hashed", "Parent Relationship": "Outer", "Startup Cost": 2484247.3, "Total Cost": 2519839.77, "Plan Rows": 3559247, "Plan Width": 44, "Actual Startup Time": 29973.47, "Actual Total Time": 30028.912, "Actual Rows": 113719, "Actual Loops": 1, "Group By Key": ["lineitem.l_orderkey", "orders.o_orderdate", "orders.o_shippriority"], "Plans": [{"Node Type": "Nested Loop", "Parent Relationship": "Outer", "Join Type": "Inner", "Startup Cost": 1297333.67, "Total Cost": 2430858.6, "Plan Rows": 3559247, "Plan Width": 36, "Actual Startup Time": 8450.104, "Actual Total Time": 29658.662, "Actual Rows": 300219, "Actual Loops": 1, "Inner Unique": false, "Plans": [{"Node Type": "Merge Join", "Parent Relationship": "Outer", "Join Type": "Inner", "Startup Cost": 1297333.67, "Total Cost": 1426314.26, "Plan Rows": 715772, "Plan Width": 20, "Actual Startup Time": 8449.881, "Actual Total Time": 12868.43, "Actual Rows": 1455173, "Actual Loops": 1, "Inner Unique": false, "Merge Cond": "(customer.c_custkey = orders.o_custkey)", "Plans": [{"Node Type": "Index Scan", "Parent Relationship": "Outer", "Scan Direction": "Forward", "Index Name": "customer_pkey", "Relation Name": "customer", "Alias": "customer", "Startup Cost": 0.0, "Total Cost": 84515.36, "Plan Rows": 303948, "Plan Width": 8, "Actual Startup Time": 0.066, "Actual Total Time": 1022.262, "Actual Rows": 300036, "Actual Loops": 1, "Filter": "(c_mktsegment = 'AUTOMOBILE'::bpchar), (LLVM Optimized, Jit Execute)", "Rows Removed by Filter": 1199964}, {"Node Type": "Sort", "Parent Relationship": "Inner", "Startup Cost": 1297331.42, "Total Cost": 1315606.97, "Plan Rows": 7310217, "Plan Width": 28, "Actual Startup Time": 8449.782, "Actual Total Time": 10429.292, "Actual Rows": 7276927, "Actual Loops": 1, "Sort Key": ["orders.o_custkey"], "Sort Method": "quicksort", "Sort Space Used": 878822, "Sort Space Type": "Memory", "Plans": [{"Node Type": "Seq Scan", "Parent Relationship": "Outer", "Relation Name": "orders", "Alias": "orders", "Startup Cost": 385.74, "Total Cost": 463912.49, "Plan Rows": 7310217, "Plan Width": 28, "Actual Startup Time": 0.033, "Actual Total Time": 5276.985, "Actual Rows": 7276947, "Actual Loops": 1, "Filter": "(o_orderdate < '1995-03-13 00:00:00'::timestamp(0) without time zone), (LLVM Optimized, Jit Execute)", "Rows Removed by Filter": 7723053}]}]}, {"Node Type": "Index Scan", "Parent Relationship": "Inner", "Scan Direction": "Forward", "Index Name": "idx_lineitem_orderkey", "Relation Name": "lineitem", "Alias": "lineitem", "Startup Cost": 0.0, "Total Cost": 1.35, "Plan Rows": 5, "Plan Width": 24, "Actual Startup Time": 15666.47, "Actual Total Time": 15969.887, "Actual Rows": 300219, "Actual Loops": 1455173, "Index Cond": "(l_orderkey = orders.o_orderkey)", "Rows Removed by Index Recheck": 0, "Filter": "(l_shipdate > '1995-03-13 00:00:00'::timestamp(0) without time zone)", "Rows Removed by Filter": 5519788}]}]}]}]}, "Triggers": [], "Planner Runtime": 1.172, "Total Runtime": 30065.502, "Unique SQL Id": 3929762122}}, "(64, '25')": {"explain_plan": {"Plan": {"Node Type": "Limit", "Startup Cost": 2699912.01, "Total Cost": 2699912.03, "Plan Rows": 10, "Plan Width": 44, "Plans": [{"Node Type": "Sort", "Parent Relationship": "Outer", "Startup Cost": 2699912.01, "Total Cost": 2708810.13, "Plan Rows": 10, "Plan Width": 44, "Sort Key": ["(sum((lineitem.l_extendedprice * (1::double precision - lineitem.l_discount)))) DESC", "orders.o_orderdate"], "Plans": [{"Node Type": "Aggregate", "Strategy": "Hashed", "Parent Relationship": "Outer", "Startup Cost": 2587405.49, "Total Cost": 2622997.96, "Plan Rows": 3559247, "Plan Width": 44, "Group By Key": ["lineitem.l_orderkey", "orders.o_orderdate", "orders.o_shippriority"], "Plans": [{"Node Type": "Nested Loop", "Parent Relationship": "Outer", "Join Type": "Inner", "Startup Cost": 0.0, "Total Cost": 2534016.78, "Plan Rows": 3559247, "Plan Width": 36, "Inner Unique": false, "Plans": [{"Node Type": "Nested Loop", "Parent Relationship": "Outer", "Join Type": "Inner", "Startup Cost": 0.0, "Total Cost": 1529472.45, "Plan Rows": 715772, "Plan Width": 20, "Inner Unique": false, "Plans": [{"Node Type": "Index Scan", "Parent Relationship": "Outer", "Scan Direction": "Forward", "Index Name": "customer_pkey", "Relation Name": "customer", "Alias": "customer", "Startup Cost": 0.0, "Total Cost": 84515.36, "Plan Rows": 303948, "Plan Width": 8, "Filter": "(c_mktsegment = 'AUTOMOBILE'::bpchar), (LLVM Optimized)"}, {"Node Type": "Index Scan", "Parent Relationship": "Inner", "Scan Direction": "Forward", "Index Name": "idx_orders_custkey", "Relation Name": "orders", "Alias": "orders", "Startup Cost": 0.0, "Total Cost": 4.73, "Plan Rows": 2, "Plan Width": 28, "Index Cond": "(o_custkey = customer.c_custkey)", "Filter": "(o_orderdate < '1995-03-13 00:00:00'::timestamp(0) without time zone)"}]}, {"Node Type": "Index Scan", "Parent Relationship": "Inner", "Scan Direction": "Forward", "Index Name": "idx_lineitem_orderkey", "Relation Name": "lineitem", "Alias": "lineitem", "Startup Cost": 0.0, "Total Cost": 1.35, "Plan Rows": 5, "Plan Width": 24, "Index Cond": "(l_orderkey = orders.o_orderkey)", "Filter": "(l_shipdate > '1995-03-13 00:00:00'::timestamp(0) without time zone)"}]}]}]}]}, "Unique SQL Id": 3929762122, "Planner Runtime": 1}, "explain_analyze_plan": {"Plan": {"Node Type": "Limit", "Startup Cost": 2699912.01, "Total Cost": 2699912.03, "Plan Rows": 10, "Plan Width": 44, "Actual Startup Time": 26685.581, "Actual Total Time": 26685.584, "Actual Rows": 10, "Actual Loops": 1, "Plans": [{"Node Type": "Sort", "Parent Relationship": "Outer", "Startup Cost": 2699912.01, "Total Cost": 2708810.13, "Plan Rows": 10, "Plan Width": 44, "Actual Startup Time": 26685.578, "Actual Total Time": 26685.58, "Actual Rows": 10, "Actual Loops": 1, "Sort Key": ["(sum((lineitem.l_extendedprice * (1::double precision - lineitem.l_discount)))) DESC", "orders.o_orderdate"], "Sort Method": "top-N heapsort", "Sort Space Used": 26, "Sort Space Type": "Memory", "Plans": [{"Node Type": "Aggregate", "Strategy": "Hashed", "Parent Relationship": "Outer", "Startup Cost": 2587405.49, "Total Cost": 2622997.96, "Plan Rows": 3559247, "Plan Width": 44, "Actual Startup Time": 26602.076, "Actual Total Time": 26658.408, "Actual Rows": 113719, "Actual Loops": 1, "Group By Key": ["lineitem.l_orderkey", "orders.o_orderdate", "orders.o_shippriority"], "Plans": [{"Node Type": "Nested Loop", "Parent Relationship": "Outer", "Join Type": "Inner", "Startup Cost": 0.0, "Total Cost": 2534016.78, "Plan Rows": 3559247, "Plan Width": 36, "Actual Startup Time": 0.213, "Actual Total Time": 26263.183, "Actual Rows": 300219, "Actual Loops": 1, "Inner Unique": false, "Plans": [{"Node Type": "Nested Loop", "Parent Relationship": "Outer", "Join Type": "Inner", "Startup Cost": 0.0, "Total Cost": 1529472.45, "Plan Rows": 715772, "Plan Width": 20, "Actual Startup Time": 0.08, "Actual Total Time": 9128.536, "Actual Rows": 1455173, "Actual Loops": 1, "Inner Unique": false, "Plans": [{"Node Type": "Index Scan", "Parent Relationship": "Outer", "Scan Direction": "Forward", "Index Name": "customer_pkey", "Relation Name": "customer", "Alias": "customer", "Startup Cost": 0.0, "Total Cost": 84515.36, "Plan Rows": 303948, "Plan Width": 8, "Actual Startup Time": 0.053, "Actual Total Time": 1062.354, "Actual Rows": 300036, "Actual Loops": 1, "Filter": "(c_mktsegment = 'AUTOMOBILE'::bpchar), (LLVM Optimized, Jit Execute)", "Rows Removed by Filter": 1199964}, {"Node Type": "Index Scan", "Parent Relationship": "Inner", "Scan Direction": "Forward", "Index Name": "idx_orders_custkey", "Relation Name": "orders", "Alias": "orders", "Startup Cost": 0.0, "Total Cost": 4.73, "Plan Rows": 2, "Plan Width": 28, "Actual Startup Time": 1928.711, "Actual Total Time": 7530.701, "Actual Rows": 1455173, "Actual Loops": 300036, "Index Cond": "(o_custkey = customer.c_custkey)", "Rows Removed by Index Recheck": 0, "Filter": "(o_orderdate < '1995-03-13 00:00:00'::timestamp(0) without time zone)", "Rows Removed by Filter": 1545367}]}, {"Node Type": "Index Scan", "Parent Relationship": "Inner", "Scan Direction": "Forward", "Index Name": "idx_lineitem_orderkey", "Relation Name": "lineitem", "Alias": "lineitem", "Startup Cost": 0.0, "Total Cost": 1.35, "Plan Rows": 5, "Plan Width": 24, "Actual Startup Time": 16010.7, "Actual Total Time": 16309.937, "Actual Rows": 300219, "Actual Loops": 1455173, "Index Cond": "(l_orderkey = orders.o_orderkey)", "Rows Removed by Index Recheck": 0, "Filter": "(l_shipdate > '1995-03-13 00:00:00'::timestamp(0) without time zone)", "Rows Removed by Filter": 5519788}]}]}]}]}, "Triggers": [], "Planner Runtime": 1.117, "Total Runtime": 26695.09, "Unique SQL Id": 3929762122}}, "(64, '26')": {"explain_plan": {"Plan": {"Node Type": "Limit", "Startup Cost": 8099438.49, "Total Cost": 8099438.52, "Plan Rows": 10, "Plan Width": 44, "Plans": [{"Node Type": "Sort", "Parent Relationship": "Outer", "Startup Cost": 8099438.49, "Total Cost": 8108336.61, "Plan Rows": 10, "Plan Width": 44, "Sort Key": ["(sum((lineitem.l_extendedprice * (1::double precision - lineitem.l_discount)))) DESC", "orders.o_orderdate"], "Plans": [{"Node Type": "Aggregate", "Strategy": "Hashed", "Parent Relationship": "Outer", "Startup Cost": 7986931.98, "Total Cost": 8022524.45, "Plan Rows": 3559247, "Plan Width": 44, "Group By Key": ["lineitem.l_orderkey", "orders.o_orderdate", "orders.o_shippriority"], "Plans": [{"Node Type": "Merge Join", "Parent Relationship": "Outer", "Join Type": "Inner", "Startup Cost": 7731288.7, "Total Cost": 7933543.27, "Plan Rows": 3559247, "Plan Width": 36, "Inner Unique": false, "Merge Cond": "(orders.o_orderkey = lineitem.l_orderkey)", "Plans": [{"Node Type": "Sort", "Parent Relationship": "Outer", "Startup Cost": 1495720.26, "Total Cost": 1497509.69, "Plan Rows": 715772, "Plan Width": 20, "Sort Key": ["orders.o_orderkey"], "Plans": [{"Node Type": "Merge Join", "Parent Relationship": "Outer", "Join Type": "Inner", "Startup Cost": 1380887.19, "Total Cost": 1426114.5, "Plan Rows": 715772, "Plan Width": 20, "Inner Unique": false, "Merge Cond": "(customer.c_custkey = orders.o_custkey)", "Plans": [{"Node Type": "Sort", "Parent Relationship": "Outer", "Startup Cost": 83555.73, "Total Cost": 84315.6, "Plan Rows": 303948, "Plan Width": 8, "Sort Key": ["customer.c_custkey"], "Plans": [{"Node Type": "Seq Scan", "Parent Relationship": "Outer", "Relation Name": "customer", "Alias": "customer", "Startup Cost": 0.0, "Total Cost": 55876.0, "Plan Rows": 303948, "Plan Width": 8, "Filter": "(c_mktsegment = 'AUTOMOBILE'::bpchar), (LLVM Optimized)"}]}, {"Node Type": "Sort", "Parent Relationship": "Inner", "Startup Cost": 1297331.42, "Total Cost": 1315606.97, "Plan Rows": 7310217, "Plan Width": 28, "Sort Key": ["orders.o_custkey"], "Plans": [{"Node Type": "Seq Scan", "Parent Relationship": "Outer", "Relation Name": "orders", "Alias": "orders", "Startup Cost": 385.74, "Total Cost": 463912.49, "Plan Rows": 7310217, "Plan Width": 28, "Filter": "(o_orderdate < '1995-03-13 00:00:00'::timestamp(0) without time zone), (LLVM Optimized)"}]}]}]}, {"Node Type": "Sort", "Parent Relationship": "Inner", "Startup Cost": 6235568.32, "Total Cost": 6317111.33, "Plan Rows": 32617206, "Plan Width": 24, "Sort Key": ["lineitem.l_orderkey"], "Plans": [{"Node Type": "Seq Scan", "Parent Relationship": "Outer", "Relation Name": "lineitem", "Alias": "lineitem", "Startup Cost": 0.0, "Total Cost": 2165082.91, "Plan Rows": 32617206, "Plan Width": 24, "Filter": "(l_shipdate > '1995-03-13 00:00:00'::timestamp(0) without time zone), (LLVM Optimized)"}]}]}]}]}]}, "Unique SQL Id": 3929762122, "Planner Runtime": 1}, "explain_analyze_plan": null}, "(64, '27')": {"explain_plan": {"Plan": {"Node Type": "Limit", "Startup Cost": 3000459122385.72, "Total Cost": 3000459122385.74, "Plan Rows": 10, "Plan Width": 44, "Plans": [{"Node Type": "Sort", "Parent Relationship": "Outer", "Startup Cost": 3000459122385.72, "Total Cost": 3000459131283.84, "Plan Rows": 10, "Plan Width": 44, "Sort Key": ["(sum((lineitem.l_extendedprice * (1::double precision - lineitem.l_discount)))) DESC", "orders.o_orderdate"], "Plans": [{"Node Type": "Aggregate", "Strategy": "Hashed", "Parent Relationship": "Outer", "Startup Cost": 3000459009879.2, "Total Cost": 3000459045471.67, "Plan Rows": 3559247, "Plan Width": 44, "Group By Key": ["lineitem.l_orderkey", "orders.o_orderdate", "orders.o_shippriority"], "Plans": [{"Node Type": "Merge Join", "Parent Relationship": "Outer", "Join Type": "Inner", "Startup Cost": 2010135976480.1, "Total Cost": 3000458956490.5, "Plan Rows": 3559247, "Plan Width": 36, "Inner Unique": false, "Merge Cond": "(orders.o_orderkey = lineitem.l_orderkey)", "Plans": [{"Node Type": "Sort", "Parent Relationship": "Outer", "Startup Cost": 2000135976479.97, "Total Cost": 2000135978269.4, "Plan Rows": 715772, "Plan Width": 20, "Sort Key": ["orders.o_orderkey"], "Plans": [{"Node Type": "Merge Join", "Parent Relationship": "Outer", "Join Type": "Inner", "Startup Cost": 20026057311.18, "Total Cost": 2000135906874.22, "Plan Rows": 715772, "Plan Width": 20, "Inner Unique": false, "Merge Cond": "(customer.c_custkey = orders.o_custkey)", "Plans": [{"Node Type": "Index Scan", "Parent Relationship": "Outer", "Scan Direction": "Forward", "Index Name": "customer_pkey", "Relation Name": "customer", "Alias": "customer", "Startup Cost": 10000000000.0, "Total Cost": 1000008451535.62, "Plan Rows": 303948, "Plan Width": 8, "Filter": "(c_mktsegment = 'AUTOMOBILE'::bpchar), (LLVM Optimized)"}, {"Node Type": "Index Scan", "Parent Relationship": "Inner", "Scan Direction": "Forward", "Index Name": "idx_orders_custkey", "Relation Name": "orders", "Alias": "orders", "Startup Cost": 10000000000.0, "Total Cost": 1000159801398.83, "Plan Rows": 7310217, "Plan Width": 28, "Filter": "(o_orderdate < '1995-03-13 00:00:00'::timestamp(0) without time zone), (LLVM Optimized)"}]}]}, {"Node Type": "Index Scan", "Parent Relationship": "Inner", "Scan Direction": "Forward", "Index Name": "idx_lineitem_orderkey", "Relation Name": "lineitem", "Alias": "lineitem", "Startup Cost": 10000000000.0, "Total Cost": 1000339012132.75, "Plan Rows": 32617206, "Plan Width": 24, "Filter": "(l_shipdate > '1995-03-13 00:00:00'::timestamp(0) without time zone), (LLVM Optimized)"}]}]}]}]}, "Unique SQL Id": 3929762122, "Planner Runtime": 1}, "explain_analyze_plan": null}, "(64, '28')": {"explain_plan": {"Plan": {"Node Type": "Limit", "Startup Cost": 2596753.82, "Total Cost": 2596753.85, "Plan Rows": 10, "Plan Width": 44, "Plans": [{"Node Type": "Sort", "Parent Relationship": "Outer", "Startup Cost": 2596753.82, "Total Cost": 2605651.94, "Plan Rows": 10, "Plan Width": 44, "Sort Key": ["(sum((lineitem.l_extendedprice * (1::double precision - lineitem.l_discount)))) DESC", "orders.o_orderdate"], "Plans": [{"Node Type": "Aggregate", "Strategy": "Hashed", "Parent Relationship": "Outer", "Startup Cost": 2484247.3, "Total Cost": 2519839.77, "Plan Rows": 3559247, "Plan Width": 44, "Group By Key": ["lineitem.l_orderkey", "orders.o_orderdate", "orders.o_shippriority"], "Plans": [{"Node Type": "Nested Loop", "Parent Relationship": "Outer", "Join Type": "Inner", "Startup Cost": 1297333.67, "Total Cost": 2430858.6, "Plan Rows": 3559247, "Plan Width": 36, "Inner Unique": false, "Plans": [{"Node Type": "Merge Join", "Parent Relationship": "Outer", "Join Type": "Inner", "Startup Cost": 1297333.67, "Total Cost": 1426314.26, "Plan Rows": 715772, "Plan Width": 20, "Inner Unique": false, "Merge Cond": "(customer.c_custkey = orders.o_custkey)", "Plans": [{"Node Type": "Index Scan", "Parent Relationship": "Outer", "Scan Direction": "Forward", "Index Name": "customer_pkey", "Relation Name": "customer", "Alias": "customer", "Startup Cost": 0.0, "Total Cost": 84515.36, "Plan Rows": 303948, "Plan Width": 8, "Filter": "(c_mktsegment = 'AUTOMOBILE'::bpchar), (LLVM Optimized)"}, {"Node Type": "Sort", "Parent Relationship": "Inner", "Startup Cost": 1297331.42, "Total Cost": 1315606.97, "Plan Rows": 7310217, "Plan Width": 28, "Sort Key": ["orders.o_custkey"], "Plans": [{"Node Type": "Seq Scan", "Parent Relationship": "Outer", "Relation Name": "orders", "Alias": "orders", "Startup Cost": 385.74, "Total Cost": 463912.49, "Plan Rows": 7310217, "Plan Width": 28, "Filter": "(o_orderdate < '1995-03-13 00:00:00'::timestamp(0) without time zone), (LLVM Optimized)"}]}]}, {"Node Type": "Index Scan", "Parent Relationship": "Inner", "Scan Direction": "Forward", "Index Name": "idx_lineitem_orderkey", "Relation Name": "lineitem", "Alias": "lineitem", "Startup Cost": 0.0, "Total Cost": 1.35, "Plan Rows": 5, "Plan Width": 24, "Index Cond": "(l_orderkey = orders.o_orderkey)", "Filter": "(l_shipdate > '1995-03-13 00:00:00'::timestamp(0) without time zone)"}]}]}]}]}, "Unique SQL Id": 3929762122, "Planner Runtime": 1}, "explain_analyze_plan": {"Plan": {"Node Type": "Limit", "Startup Cost": 2596753.82, "Total Cost": 2596753.85, "Plan Rows": 10, "Plan Width": 44, "Actual Startup Time": 30056.008, "Actual Total Time": 30056.011, "Actual Rows": 10, "Actual Loops": 1, "Plans": [{"Node Type": "Sort", "Parent Relationship": "Outer", "Startup Cost": 2596753.82, "Total Cost": 2605651.94, "Plan Rows": 10, "Plan Width": 44, "Actual Startup Time": 30056.005, "Actual Total Time": 30056.006, "Actual Rows": 10, "Actual Loops": 1, "Sort Key": ["(sum((lineitem.l_extendedprice * (1::double precision - lineitem.l_discount)))) DESC", "orders.o_orderdate"], "Sort Method": "top-N heapsort", "Sort Space Used": 26, "Sort Space Type": "Memory", "Plans": [{"Node Type": "Aggregate", "Strategy": "Hashed", "Parent Relationship": "Outer", "Startup Cost": 2484247.3, "Total Cost": 2519839.77, "Plan Rows": 3559247, "Plan Width": 44, "Actual Startup Time": 29973.47, "Actual Total Time": 30028.912, "Actual Rows": 113719, "Actual Loops": 1, "Group By Key": ["lineitem.l_orderkey", "orders.o_orderdate", "orders.o_shippriority"], "Plans": [{"Node Type": "Nested Loop", "Parent Relationship": "Outer", "Join Type": "Inner", "Startup Cost": 1297333.67, "Total Cost": 2430858.6, "Plan Rows": 3559247, "Plan Width": 36, "Actual Startup Time": 8450.104, "Actual Total Time": 29658.662, "Actual Rows": 300219, "Actual Loops": 1, "Inner Unique": false, "Plans": [{"Node Type": "Merge Join", "Parent Relationship": "Outer", "Join Type": "Inner", "Startup Cost": 1297333.67, "Total Cost": 1426314.26, "Plan Rows": 715772, "Plan Width": 20, "Actual Startup Time": 8449.881, "Actual Total Time": 12868.43, "Actual Rows": 1455173, "Actual Loops": 1, "Inner Unique": false, "Merge Cond": "(customer.c_custkey = orders.o_custkey)", "Plans": [{"Node Type": "Index Scan", "Parent Relationship": "Outer", "Scan Direction": "Forward", "Index Name": "customer_pkey", "Relation Name": "customer", "Alias": "customer", "Startup Cost": 0.0, "Total Cost": 84515.36, "Plan Rows": 303948, "Plan Width": 8, "Actual Startup Time": 0.066, "Actual Total Time": 1022.262, "Actual Rows": 300036, "Actual Loops": 1, "Filter": "(c_mktsegment = 'AUTOMOBILE'::bpchar), (LLVM Optimized, Jit Execute)", "Rows Removed by Filter": 1199964}, {"Node Type": "Sort", "Parent Relationship": "Inner", "Startup Cost": 1297331.42, "Total Cost": 1315606.97, "Plan Rows": 7310217, "Plan Width": 28, "Actual Startup Time": 8449.782, "Actual Total Time": 10429.292, "Actual Rows": 7276927, "Actual Loops": 1, "Sort Key": ["orders.o_custkey"], "Sort Method": "quicksort", "Sort Space Used": 878822, "Sort Space Type": "Memory", "Plans": [{"Node Type": "Seq Scan", "Parent Relationship": "Outer", "Relation Name": "orders", "Alias": "orders", "Startup Cost": 385.74, "Total Cost": 463912.49, "Plan Rows": 7310217, "Plan Width": 28, "Actual Startup Time": 0.033, "Actual Total Time": 5276.985, "Actual Rows": 7276947, "Actual Loops": 1, "Filter": "(o_orderdate < '1995-03-13 00:00:00'::timestamp(0) without time zone), (LLVM Optimized, Jit Execute)", "Rows Removed by Filter": 7723053}]}]}, {"Node Type": "Index Scan", "Parent Relationship": "Inner", "Scan Direction": "Forward", "Index Name": "idx_lineitem_orderkey", "Relation Name": "lineitem", "Alias": "lineitem", "Startup Cost": 0.0, "Total Cost": 1.35, "Plan Rows": 5, "Plan Width": 24, "Actual Startup Time": 15666.47, "Actual Total Time": 15969.887, "Actual Rows": 300219, "Actual Loops": 1455173, "Index Cond": "(l_orderkey = orders.o_orderkey)", "Rows Removed by Index Recheck": 0, "Filter": "(l_shipdate > '1995-03-13 00:00:00'::timestamp(0) without time zone)", "Rows Removed by Filter": 5519788}]}]}]}]}, "Triggers": [], "Planner Runtime": 1.172, "Total Runtime": 30065.502, "Unique SQL Id": 3929762122}}, "(64, '29')": {"explain_plan": {"Plan": {"Node Type": "Limit", "Startup Cost": 2699912.01, "Total Cost": 2699912.03, "Plan Rows": 10, "Plan Width": 44, "Plans": [{"Node Type": "Sort", "Parent Relationship": "Outer", "Startup Cost": 2699912.01, "Total Cost": 2708810.13, "Plan Rows": 10, "Plan Width": 44, "Sort Key": ["(sum((lineitem.l_extendedprice * (1::double precision - lineitem.l_discount)))) DESC", "orders.o_orderdate"], "Plans": [{"Node Type": "Aggregate", "Strategy": "Hashed", "Parent Relationship": "Outer", "Startup Cost": 2587405.49, "Total Cost": 2622997.96, "Plan Rows": 3559247, "Plan Width": 44, "Group By Key": ["lineitem.l_orderkey", "orders.o_orderdate", "orders.o_shippriority"], "Plans": [{"Node Type": "Nested Loop", "Parent Relationship": "Outer", "Join Type": "Inner", "Startup Cost": 0.0, "Total Cost": 2534016.78, "Plan Rows": 3559247, "Plan Width": 36, "Inner Unique": false, "Plans": [{"Node Type": "Nested Loop", "Parent Relationship": "Outer", "Join Type": "Inner", "Startup Cost": 0.0, "Total Cost": 1529472.45, "Plan Rows": 715772, "Plan Width": 20, "Inner Unique": false, "Plans": [{"Node Type": "Index Scan", "Parent Relationship": "Outer", "Scan Direction": "Forward", "Index Name": "customer_pkey", "Relation Name": "customer", "Alias": "customer", "Startup Cost": 0.0, "Total Cost": 84515.36, "Plan Rows": 303948, "Plan Width": 8, "Filter": "(c_mktsegment = 'AUTOMOBILE'::bpchar), (LLVM Optimized)"}, {"Node Type": "Index Scan", "Parent Relationship": "Inner", "Scan Direction": "Forward", "Index Name": "idx_orders_custkey", "Relation Name": "orders", "Alias": "orders", "Startup Cost": 0.0, "Total Cost": 4.73, "Plan Rows": 2, "Plan Width": 28, "Index Cond": "(o_custkey = customer.c_custkey)", "Filter": "(o_orderdate < '1995-03-13 00:00:00'::timestamp(0) without time zone)"}]}, {"Node Type": "Index Scan", "Parent Relationship": "Inner", "Scan Direction": "Forward", "Index Name": "idx_lineitem_orderkey", "Relation Name": "lineitem", "Alias": "lineitem", "Startup Cost": 0.0, "Total Cost": 1.35, "Plan Rows": 5, "Plan Width": 24, "Index Cond": "(l_orderkey = orders.o_orderkey)", "Filter": "(l_shipdate > '1995-03-13 00:00:00'::timestamp(0) without time zone)"}]}]}]}]}, "Unique SQL Id": 3929762122, "Planner Runtime": 1}, "explain_analyze_plan": {"Plan": {"Node Type": "Limit", "Startup Cost": 2699912.01, "Total Cost": 2699912.03, "Plan Rows": 10, "Plan Width": 44, "Actual Startup Time": 26685.581, "Actual Total Time": 26685.584, "Actual Rows": 10, "Actual Loops": 1, "Plans": [{"Node Type": "Sort", "Parent Relationship": "Outer", "Startup Cost": 2699912.01, "Total Cost": 2708810.13, "Plan Rows": 10, "Plan Width": 44, "Actual Startup Time": 26685.578, "Actual Total Time": 26685.58, "Actual Rows": 10, "Actual Loops": 1, "Sort Key": ["(sum((lineitem.l_extendedprice * (1::double precision - lineitem.l_discount)))) DESC", "orders.o_orderdate"], "Sort Method": "top-N heapsort", "Sort Space Used": 26, "Sort Space Type": "Memory", "Plans": [{"Node Type": "Aggregate", "Strategy": "Hashed", "Parent Relationship": "Outer", "Startup Cost": 2587405.49, "Total Cost": 2622997.96, "Plan Rows": 3559247, "Plan Width": 44, "Actual Startup Time": 26602.076, "Actual Total Time": 26658.408, "Actual Rows": 113719, "Actual Loops": 1, "Group By Key": ["lineitem.l_orderkey", "orders.o_orderdate", "orders.o_shippriority"], "Plans": [{"Node Type": "Nested Loop", "Parent Relationship": "Outer", "Join Type": "Inner", "Startup Cost": 0.0, "Total Cost": 2534016.78, "Plan Rows": 3559247, "Plan Width": 36, "Actual Startup Time": 0.213, "Actual Total Time": 26263.183, "Actual Rows": 300219, "Actual Loops": 1, "Inner Unique": false, "Plans": [{"Node Type": "Nested Loop", "Parent Relationship": "Outer", "Join Type": "Inner", "Startup Cost": 0.0, "Total Cost": 1529472.45, "Plan Rows": 715772, "Plan Width": 20, "Actual Startup Time": 0.08, "Actual Total Time": 9128.536, "Actual Rows": 1455173, "Actual Loops": 1, "Inner Unique": false, "Plans": [{"Node Type": "Index Scan", "Parent Relationship": "Outer", "Scan Direction": "Forward", "Index Name": "customer_pkey", "Relation Name": "customer", "Alias": "customer", "Startup Cost": 0.0, "Total Cost": 84515.36, "Plan Rows": 303948, "Plan Width": 8, "Actual Startup Time": 0.053, "Actual Total Time": 1062.354, "Actual Rows": 300036, "Actual Loops": 1, "Filter": "(c_mktsegment = 'AUTOMOBILE'::bpchar), (LLVM Optimized, Jit Execute)", "Rows Removed by Filter": 1199964}, {"Node Type": "Index Scan", "Parent Relationship": "Inner", "Scan Direction": "Forward", "Index Name": "idx_orders_custkey", "Relation Name": "orders", "Alias": "orders", "Startup Cost": 0.0, "Total Cost": 4.73, "Plan Rows": 2, "Plan Width": 28, "Actual Startup Time": 1928.711, "Actual Total Time": 7530.701, "Actual Rows": 1455173, "Actual Loops": 300036, "Index Cond": "(o_custkey = customer.c_custkey)", "Rows Removed by Index Recheck": 0, "Filter": "(o_orderdate < '1995-03-13 00:00:00'::timestamp(0) without time zone)", "Rows Removed by Filter": 1545367}]}, {"Node Type": "Index Scan", "Parent Relationship": "Inner", "Scan Direction": "Forward", "Index Name": "idx_lineitem_orderkey", "Relation Name": "lineitem", "Alias": "lineitem", "Startup Cost": 0.0, "Total Cost": 1.35, "Plan Rows": 5, "Plan Width": 24, "Actual Startup Time": 16010.7, "Actual Total Time": 16309.937, "Actual Rows": 300219, "Actual Loops": 1455173, "Index Cond": "(l_orderkey = orders.o_orderkey)", "Rows Removed by Index Recheck": 0, "Filter": "(l_shipdate > '1995-03-13 00:00:00'::timestamp(0) without time zone)", "Rows Removed by Filter": 5519788}]}]}]}]}, "Triggers": [], "Planner Runtime": 1.117, "Total Runtime": 26695.09, "Unique SQL Id": 3929762122}}, "(64, '30')": {"explain_plan": {"Plan": {"Node Type": "Limit", "Startup Cost": 8099438.49, "Total Cost": 8099438.52, "Plan Rows": 10, "Plan Width": 44, "Plans": [{"Node Type": "Sort", "Parent Relationship": "Outer", "Startup Cost": 8099438.49, "Total Cost": 8108336.61, "Plan Rows": 10, "Plan Width": 44, "Sort Key": ["(sum((lineitem.l_extendedprice * (1::double precision - lineitem.l_discount)))) DESC", "orders.o_orderdate"], "Plans": [{"Node Type": "Aggregate", "Strategy": "Hashed", "Parent Relationship": "Outer", "Startup Cost": 7986931.98, "Total Cost": 8022524.45, "Plan Rows": 3559247, "Plan Width": 44, "Group By Key": ["lineitem.l_orderkey", "orders.o_orderdate", "orders.o_shippriority"], "Plans": [{"Node Type": "Merge Join", "Parent Relationship": "Outer", "Join Type": "Inner", "Startup Cost": 7731288.7, "Total Cost": 7933543.27, "Plan Rows": 3559247, "Plan Width": 36, "Inner Unique": false, "Merge Cond": "(orders.o_orderkey = lineitem.l_orderkey)", "Plans": [{"Node Type": "Sort", "Parent Relationship": "Outer", "Startup Cost": 1495720.26, "Total Cost": 1497509.69, "Plan Rows": 715772, "Plan Width": 20, "Sort Key": ["orders.o_orderkey"], "Plans": [{"Node Type": "Merge Join", "Parent Relationship": "Outer", "Join Type": "Inner", "Startup Cost": 1380887.19, "Total Cost": 1426114.5, "Plan Rows": 715772, "Plan Width": 20, "Inner Unique": false, "Merge Cond": "(customer.c_custkey = orders.o_custkey)", "Plans": [{"Node Type": "Sort", "Parent Relationship": "Outer", "Startup Cost": 83555.73, "Total Cost": 84315.6, "Plan Rows": 303948, "Plan Width": 8, "Sort Key": ["customer.c_custkey"], "Plans": [{"Node Type": "Seq Scan", "Parent Relationship": "Outer", "Relation Name": "customer", "Alias": "customer", "Startup Cost": 0.0, "Total Cost": 55876.0, "Plan Rows": 303948, "Plan Width": 8, "Filter": "(c_mktsegment = 'AUTOMOBILE'::bpchar), (LLVM Optimized)"}]}, {"Node Type": "Sort", "Parent Relationship": "Inner", "Startup Cost": 1297331.42, "Total Cost": 1315606.97, "Plan Rows": 7310217, "Plan Width": 28, "Sort Key": ["orders.o_custkey"], "Plans": [{"Node Type": "Seq Scan", "Parent Relationship": "Outer", "Relation Name": "orders", "Alias": "orders", "Startup Cost": 385.74, "Total Cost": 463912.49, "Plan Rows": 7310217, "Plan Width": 28, "Filter": "(o_orderdate < '1995-03-13 00:00:00'::timestamp(0) without time zone), (LLVM Optimized)"}]}]}]}, {"Node Type": "Sort", "Parent Relationship": "Inner", "Startup Cost": 6235568.32, "Total Cost": 6317111.33, "Plan Rows": 32617206, "Plan Width": 24, "Sort Key": ["lineitem.l_orderkey"], "Plans": [{"Node Type": "Seq Scan", "Parent Relationship": "Outer", "Relation Name": "lineitem", "Alias": "lineitem", "Startup Cost": 0.0, "Total Cost": 2165082.91, "Plan Rows": 32617206, "Plan Width": 24, "Filter": "(l_shipdate > '1995-03-13 00:00:00'::timestamp(0) without time zone), (LLVM Optimized)"}]}]}]}]}]}, "Unique SQL Id": 3929762122, "Planner Runtime": 1}, "explain_analyze_plan": null}, "(64, '31')": {"explain_plan": {"Plan": {"Node Type": "Limit", "Startup Cost": 3000459122385.72, "Total Cost": 3000459122385.74, "Plan Rows": 10, "Plan Width": 44, "Plans": [{"Node Type": "Sort", "Parent Relationship": "Outer", "Startup Cost": 3000459122385.72, "Total Cost": 3000459131283.84, "Plan Rows": 10, "Plan Width": 44, "Sort Key": ["(sum((lineitem.l_extendedprice * (1::double precision - lineitem.l_discount)))) DESC", "orders.o_orderdate"], "Plans": [{"Node Type": "Aggregate", "Strategy": "Hashed", "Parent Relationship": "Outer", "Startup Cost": 3000459009879.2, "Total Cost": 3000459045471.67, "Plan Rows": 3559247, "Plan Width": 44, "Group By Key": ["lineitem.l_orderkey", "orders.o_orderdate", "orders.o_shippriority"], "Plans": [{"Node Type": "Merge Join", "Parent Relationship": "Outer", "Join Type": "Inner", "Startup Cost": 2010135976480.1, "Total Cost": 3000458956490.5, "Plan Rows": 3559247, "Plan Width": 36, "Inner Unique": false, "Merge Cond": "(orders.o_orderkey = lineitem.l_orderkey)", "Plans": [{"Node Type": "Sort", "Parent Relationship": "Outer", "Startup Cost": 2000135976479.97, "Total Cost": 2000135978269.4, "Plan Rows": 715772, "Plan Width": 20, "Sort Key": ["orders.o_orderkey"], "Plans": [{"Node Type": "Merge Join", "Parent Relationship": "Outer", "Join Type": "Inner", "Startup Cost": 20026057311.18, "Total Cost": 2000135906874.22, "Plan Rows": 715772, "Plan Width": 20, "Inner Unique": false, "Merge Cond": "(customer.c_custkey = orders.o_custkey)", "Plans": [{"Node Type": "Index Scan", "Parent Relationship": "Outer", "Scan Direction": "Forward", "Index Name": "customer_pkey", "Relation Name": "customer", "Alias": "customer", "Startup Cost": 10000000000.0, "Total Cost": 1000008451535.62, "Plan Rows": 303948, "Plan Width": 8, "Filter": "(c_mktsegment = 'AUTOMOBILE'::bpchar), (LLVM Optimized)"}, {"Node Type": "Index Scan", "Parent Relationship": "Inner", "Scan Direction": "Forward", "Index Name": "idx_orders_custkey", "Relation Name": "orders", "Alias": "orders", "Startup Cost": 10000000000.0, "Total Cost": 1000159801398.83, "Plan Rows": 7310217, "Plan Width": 28, "Filter": "(o_orderdate < '1995-03-13 00:00:00'::timestamp(0) without time zone), (LLVM Optimized)"}]}]}, {"Node Type": "Index Scan", "Parent Relationship": "Inner", "Scan Direction": "Forward", "Index Name": "idx_lineitem_orderkey", "Relation Name": "lineitem", "Alias": "lineitem", "Startup Cost": 10000000000.0, "Total Cost": 1000339012132.75, "Plan Rows": 32617206, "Plan Width": 24, "Filter": "(l_shipdate > '1995-03-13 00:00:00'::timestamp(0) without time zone), (LLVM Optimized)"}]}]}]}]}, "Unique SQL Id": 3929762122, "Planner Runtime": 1}, "explain_analyze_plan": null}, "(64, '32')": {"explain_plan": {"Plan": {"Node Type": "Limit", "Startup Cost": 1728598.43, "Total Cost": 1728598.46, "Plan Rows": 10, "Plan Width": 44, "Plans": [{"Node Type": "Sort", "Parent Relationship": "Outer", "Startup Cost": 1728598.43, "Total Cost": 1737496.55, "Plan Rows": 10, "Plan Width": 44, "Sort Key": ["(sum((lineitem.l_extendedprice * (1::double precision - lineitem.l_discount)))) DESC", "orders.o_orderdate"], "Plans": [{"Node Type": "Aggregate", "Strategy": "Hashed", "Parent Relationship": "Outer", "Startup Cost": 1616091.91, "Total Cost": 1651684.38, "Plan Rows": 3559247, "Plan Width": 44, "Group By Key": ["lineitem.l_orderkey", "orders.o_orderdate", "orders.o_shippriority"], "Plans": [{"Node Type": "Nested Loop", "Parent Relationship": "Outer", "Join Type": "Inner", "Startup Cost": 60061.09, "Total Cost": 1562703.21, "Plan Rows": 3559247, "Plan Width": 36, "Inner Unique": false, "Plans": [{"Node Type": "Hash Join", "Parent Relationship": "Outer", "Join Type": "Inner", "Startup Cost": 60061.09, "Total Cost": 558158.87, "Plan Rows": 715772, "Plan Width": 20, "Inner Unique": true, "Hash Cond": "(orders.o_custkey = customer.c_custkey), (LLVM Optimized)", "Plans": [{"Node Type": "Seq Scan", "Parent Relationship": "Outer", "Relation Name": "orders", "Alias": "orders", "Startup Cost": 385.74, "Total Cost": 463912.49, "Plan Rows": 7310217, "Plan Width": 28, "Filter": "(o_orderdate < '1995-03-13 00:00:00'::timestamp(0) without time zone), (LLVM Optimized)"}, {"Node Type": "Hash", "Parent Relationship": "Inner", "Startup Cost": 55876.0, "Total Cost": 55876.0, "Plan Rows": 303948, "Plan Width": 8, "Plans": [{"Node Type": "Seq Scan", "Parent Relationship": "Outer", "Relation Name": "customer", "Alias": "customer", "Startup Cost": 0.0, "Total Cost": 55876.0, "Plan Rows": 303948, "Plan Width": 8, "Filter": "(c_mktsegment = 'AUTOMOBILE'::bpchar), (LLVM Optimized)"}]}]}, {"Node Type": "Index Scan", "Parent Relationship": "Inner", "Scan Direction": "Forward", "Index Name": "idx_lineitem_orderkey", "Relation Name": "lineitem", "Alias": "lineitem", "Startup Cost": 0.0, "Total Cost": 1.35, "Plan Rows": 5, "Plan Width": 24, "Index Cond": "(l_orderkey = orders.o_orderkey)", "Filter": "(l_shipdate > '1995-03-13 00:00:00'::timestamp(0) without time zone)"}]}]}]}]}, "Unique SQL Id": 3929762122, "Planner Runtime": 0}, "explain_analyze_plan": {"Plan": {"Node Type": "Limit", "Startup Cost": 1728598.43, "Total Cost": 1728598.46, "Plan Rows": 10, "Plan Width": 44, "Actual Startup Time": 20936.588, "Actual Total Time": 20936.592, "Actual Rows": 10, "Actual Loops": 1, "Plans": [{"Node Type": "Sort", "Parent Relationship": "Outer", "Startup Cost": 1728598.43, "Total Cost": 1737496.55, "Plan Rows": 10, "Plan Width": 44, "Actual Startup Time": 20936.583, "Actual Total Time": 20936.585, "Actual Rows": 10, "Actual Loops": 1, "Sort Key": ["(sum((lineitem.l_extendedprice * (1::double precision - lineitem.l_discount)))) DESC", "orders.o_orderdate"], "Sort Method": "top-N heapsort", "Sort Space Used": 26, "Sort Space Type": "Memory", "Plans": [{"Node Type": "Aggregate", "Strategy": "Hashed", "Parent Relationship": "Outer", "Startup Cost": 1616091.91, "Total Cost": 1651684.38, "Plan Rows": 3559247, "Plan Width": 44, "Actual Startup Time": 20852.87, "Actual Total Time": 20909.326, "Actual Rows": 113719, "Actual Loops": 1, "Group By Key": ["lineitem.l_orderkey", "orders.o_orderdate", "orders.o_shippriority"], "Plans": [{"Node Type": "Nested Loop", "Parent Relationship": "Outer", "Join Type": "Inner", "Startup Cost": 60061.09, "Total Cost": 1562703.21, "Plan Rows": 3559247, "Plan Width": 36, "Actual Startup Time": 794.406, "Actual Total Time": 20559.114, "Actual Rows": 300219, "Actual Loops": 1, "Inner Unique": false, "Plans": [{"Node Type": "Hash Join", "Parent Relationship": "Outer", "Join Type": "Inner", "Startup Cost": 60061.09, "Total Cost": 558158.87, "Plan Rows": 715772, "Plan Width": 20, "Actual Startup Time": 794.164, "Actual Total Time": 8763.213, "Actual Rows": 1455173, "Actual Loops": 1, "Inner Unique": true, "Hash Cond": "(orders.o_custkey = customer.c_custkey), (LLVM Optimized, Jit Execute)", "Plans": [{"Node Type": "Seq Scan", "Parent Relationship": "Outer", "Relation Name": "orders", "Alias": "orders", "Startup Cost": 385.74, "Total Cost": 463912.49, "Plan Rows": 7310217, "Plan Width": 28, "Actual Startup Time": 0.051, "Actual Total Time": 4845.533, "Actual Rows": 7276947, "Actual Loops": 1, "Filter": "(o_orderdate < '1995-03-13 00:00:00'::timestamp(0) without time zone), (LLVM Optimized, Jit Execute)", "Rows Removed by Filter": 7723053}, {"Node Type": "Hash", "Parent Relationship": "Inner", "Startup Cost": 55876.0, "Total Cost": 55876.0, "Plan Rows": 303948, "Plan Width": 8, "Actual Startup Time": 793.74, "Actual Total Time": 793.74, "Actual Rows": 300036, "Actual Loops": 1, "Hash Buckets": 524288, "Hash Batches": 1, "Original Hash Batches": 1, "Peak Memory Usage": 11721, "Plans": [{"Node Type": "Seq Scan", "Parent Relationship": "Outer", "Relation Name": "customer", "Alias": "customer", "Startup Cost": 0.0, "Total Cost": 55876.0, "Plan Rows": 303948, "Plan Width": 8, "Actual Startup Time": 0.019, "Actual Total Time": 669.81, "Actual Rows": 300036, "Actual Loops": 1, "Filter": "(c_mktsegment = 'AUTOMOBILE'::bpchar), (LLVM Optimized, Jit Execute)", "Rows Removed by Filter": 1199964}]}]}, {"Node Type": "Index Scan", "Parent Relationship": "Inner", "Scan Direction": "Forward", "Index Name": "idx_lineitem_orderkey", "Relation Name": "lineitem", "Alias": "lineitem", "Startup Cost": 0.0, "Total Cost": 1.35, "Plan Rows": 5, "Plan Width": 24, "Actual Startup Time": 10711.642, "Actual Total Time": 11003.512, "Actual Rows": 300219, "Actual Loops": 1455173, "Index Cond": "(l_orderkey = orders.o_orderkey)", "Rows Removed by Index Recheck": 0, "Filter": "(l_shipdate > '1995-03-13 00:00:00'::timestamp(0) without time zone)", "Rows Removed by Filter": 5519788}]}]}]}]}, "Triggers": [], "Planner Runtime": 1.236, "Total Runtime": 20946.451, "Unique SQL Id": 3929762122}}, "(64, '33')": {"explain_plan": {"Plan": {"Node Type": "Limit", "Startup Cost": 1829820.45, "Total Cost": 1829820.47, "Plan Rows": 10, "Plan Width": 44, "Plans": [{"Node Type": "Sort", "Parent Relationship": "Outer", "Startup Cost": 1829820.45, "Total Cost": 1838718.56, "Plan Rows": 10, "Plan Width": 44, "Sort Key": ["(sum((lineitem.l_extendedprice * (1::double precision - lineitem.l_discount)))) DESC", "orders.o_orderdate"], "Plans": [{"Node Type": "Aggregate", "Strategy": "Hashed", "Parent Relationship": "Outer", "Startup Cost": 1717313.93, "Total Cost": 1752906.4, "Plan Rows": 3559247, "Plan Width": 44, "Group By Key": ["lineitem.l_orderkey", "orders.o_orderdate", "orders.o_shippriority"], "Plans": [{"Node Type": "Nested Loop", "Parent Relationship": "Outer", "Join Type": "Inner", "Startup Cost": 257013.14, "Total Cost": 1663925.22, "Plan Rows": 3559247, "Plan Width": 36, "Inner Unique": false, "Plans": [{"Node Type": "Hash Join", "Parent Relationship": "Outer", "Join Type": "Inner", "Startup Cost": 257013.14, "Total Cost": 659380.88, "Plan Rows": 715772, "Plan Width": 20, "Inner Unique": true, "Hash Cond": "(orders.o_custkey = customer.c_custkey), (LLVM Optimized)", "Plans": [{"Node Type": "Bitmap Heap Scan", "Parent Relationship": "Outer", "Relation Name": "orders", "Alias": "orders", "Startup Cost": 168698.43, "Total Cost": 536495.14, "Plan Rows": 7310217, "Plan Width": 28, "Recheck Cond": "(o_orderdate < '1995-03-13 00:00:00'::timestamp(0) without time zone), (LLVM Optimized)", "Plans": [{"Node Type": "Bitmap Index Scan", "Parent Relationship": "Outer", "Index Name": "idx_orders_orderdate", "Startup Cost": 0.0, "Total Cost": 166870.88, "Plan Rows": 7310217, "Plan Width": 0, "Index Cond": "(o_orderdate < '1995-03-13 00:00:00'::timestamp(0) without time zone)"}]}, {"Node Type": "Hash", "Parent Relationship": "Inner", "Startup Cost": 84515.36, "Total Cost": 84515.36, "Plan Rows": 303948, "Plan Width": 8, "Plans": [{"Node Type": "Index Scan", "Parent Relationship": "Outer", "Scan Direction": "Forward", "Index Name": "customer_pkey", "Relation Name": "customer", "Alias": "customer", "Startup Cost": 0.0, "Total Cost": 84515.36, "Plan Rows": 303948, "Plan Width": 8, "Filter": "(c_mktsegment = 'AUTOMOBILE'::bpchar), (LLVM Optimized)"}]}]}, {"Node Type": "Index Scan", "Parent Relationship": "Inner", "Scan Direction": "Forward", "Index Name": "idx_lineitem_orderkey", "Relation Name": "lineitem", "Alias": "lineitem", "Startup Cost": 0.0, "Total Cost": 1.35, "Plan Rows": 5, "Plan Width": 24, "Index Cond": "(l_orderkey = orders.o_orderkey)", "Filter": "(l_shipdate > '1995-03-13 00:00:00'::timestamp(0) without time zone)"}]}]}]}]}, "Unique SQL Id": 3929762122, "Planner Runtime": 0}, "explain_analyze_plan": {"Plan": {"Node Type": "Limit", "Startup Cost": 1829820.45, "Total Cost": 1829820.47, "Plan Rows": 10, "Plan Width": 44, "Actual Startup Time": 22613.581, "Actual Total Time": 22613.584, "Actual Rows": 10, "Actual Loops": 1, "Plans": [{"Node Type": "Sort", "Parent Relationship": "Outer", "Startup Cost": 1829820.45, "Total Cost": 1838718.56, "Plan Rows": 10, "Plan Width": 44, "Actual Startup Time": 22613.577, "Actual Total Time": 22613.578, "Actual Rows": 10, "Actual Loops": 1, "Sort Key": ["(sum((lineitem.l_extendedprice * (1::double precision - lineitem.l_discount)))) DESC", "orders.o_orderdate"], "Sort Method": "top-N heapsort", "Sort Space Used": 26, "Sort Space Type": "Memory", "Plans": [{"Node Type": "Aggregate", "Strategy": "Hashed", "Parent Relationship": "Outer", "Startup Cost": 1717313.93, "Total Cost": 1752906.4, "Plan Rows": 3559247, "Plan Width": 44, "Actual Startup Time": 22530.245, "Actual Total Time": 22586.346, "Actual Rows": 113719, "Actual Loops": 1, "Group By Key": ["lineitem.l_orderkey", "orders.o_orderdate", "orders.o_shippriority"], "Plans": [{"Node Type": "Nested Loop", "Parent Relationship": "Outer", "Join Type": "Inner", "Startup Cost": 257013.14, "Total Cost": 1663925.22, "Plan Rows": 3559247, "Plan Width": 36, "Actual Startup Time": 3499.217, "Actual Total Time": 22242.047, "Actual Rows": 300219, "Actual Loops": 1, "Inner Unique": false, "Plans": [{"Node Type": "Hash Join", "Parent Relationship": "Outer", "Join Type": "Inner", "Startup Cost": 257013.14, "Total Cost": 659380.88, "Plan Rows": 715772, "Plan Width": 20, "Actual Startup Time": 3498.97, "Actual Total Time": 10470.555, "Actual Rows": 1455173, "Actual Loops": 1, "Inner Unique": true, "Hash Cond": "(orders.o_custkey = customer.c_custkey), (LLVM Optimized, Jit Execute)", "Plans": [{"Node Type": "Bitmap Heap Scan", "Parent Relationship": "Outer", "Relation Name": "orders", "Alias": "orders", "Startup Cost": 168698.43, "Total Cost": 536495.14, "Plan Rows": 7310217, "Plan Width": 28, "Actual Startup Time": 2285.018, "Actual Total Time": 6196.804, "Actual Rows": 7276947, "Actual Loops": 1, "Recheck Cond": "(o_orderdate < '1995-03-13 00:00:00'::timestamp(0) without time zone), (LLVM Optimized, Jit Execute)", "Rows Removed by Index Recheck": 0, "Exact Heap Blocks": 276419, "Lossy Heap Blocks": 276419, "Plans": [{"Node Type": "Bitmap Index Scan", "Parent Relationship": "Outer", "Index Name": "idx_orders_orderdate", "Startup Cost": 0.0, "Total Cost": 166870.88, "Plan Rows": 7310217, "Plan Width": 0, "Actual Startup Time": 2184.08, "Actual Total Time": 2184.08, "Actual Rows": 7276947, "Actual Loops": 1, "Index Cond": "(o_orderdate < '1995-03-13 00:00:00'::timestamp(0) without time zone)"}]}, {"Node Type": "Hash", "Parent Relationship": "Inner", "Startup Cost": 84515.36, "Total Cost": 84515.36, "Plan Rows": 303948, "Plan Width": 8, "Actual Startup Time": 1213.579, "Actual Total Time": 1213.579, "Actual Rows": 300036, "Actual Loops": 1, "Hash Buckets": 524288, "Hash Batches": 1, "Original Hash Batches": 1, "Peak Memory Usage": 11721, "Plans": [{"Node Type": "Index Scan", "Parent Relationship": "Outer", "Scan Direction": "Forward", "Index Name": "customer_pkey", "Relation Name": "customer", "Alias": "customer", "Startup Cost": 0.0, "Total Cost": 84515.36, "Plan Rows": 303948, "Plan Width": 8, "Actual Startup Time": 0.074, "Actual Total Time": 1102.735, "Actual Rows": 300036, "Actual Loops": 1, "Filter": "(c_mktsegment = 'AUTOMOBILE'::bpchar), (LLVM Optimized, Jit Execute)", "Rows Removed by Filter": 1199964}]}]}, {"Node Type": "Index Scan", "Parent Relationship": "Inner", "Scan Direction": "Forward", "Index Name": "idx_lineitem_orderkey", "Relation Name": "lineitem", "Alias": "lineitem", "Startup Cost": 0.0, "Total Cost": 1.35, "Plan Rows": 5, "Plan Width": 24, "Actual Startup Time": 10674.421, "Actual Total Time": 10965.74, "Actual Rows": 300219, "Actual Loops": 1455173, "Index Cond": "(l_orderkey = orders.o_orderkey)", "Rows Removed by Index Recheck": 0, "Filter": "(l_shipdate > '1995-03-13 00:00:00'::timestamp(0) without time zone)", "Rows Removed by Filter": 5519788}]}]}]}]}, "Triggers": [], "Planner Runtime": 1.278, "Total Runtime": 22623.875, "Unique SQL Id": 3929762122}}, "(64, '34')": {"explain_plan": {"Plan": {"Node Type": "Limit", "Startup Cost": 3055991.15, "Total Cost": 3055991.17, "Plan Rows": 10, "Plan Width": 44, "Plans": [{"Node Type": "Sort", "Parent Relationship": "Outer", "Startup Cost": 3055991.15, "Total Cost": 3064889.27, "Plan Rows": 10, "Plan Width": 44, "Sort Key": ["(sum((lineitem.l_extendedprice * (1::double precision - lineitem.l_discount)))) DESC", "orders.o_orderdate"], "Plans": [{"Node Type": "Aggregate", "Strategy": "Hashed", "Parent Relationship": "Outer", "Startup Cost": 2943484.63, "Total Cost": 2979077.1, "Plan Rows": 3559247, "Plan Width": 44, "Group By Key": ["lineitem.l_orderkey", "orders.o_orderdate", "orders.o_shippriority"], "Plans": [{"Node Type": "Hash Join", "Parent Relationship": "Outer", "Join Type": "Inner", "Startup Cost": 567106.02, "Total Cost": 2890095.93, "Plan Rows": 3559247, "Plan Width": 36, "Inner Unique": false, "Hash Cond": "(lineitem.l_orderkey = orders.o_orderkey), (LLVM Optimized)", "Plans": [{"Node Type": "Seq Scan", "Parent Relationship": "Outer", "Relation Name": "lineitem", "Alias": "lineitem", "Startup Cost": 0.0, "Total Cost": 2165082.91, "Plan Rows": 32617206, "Plan Width": 24, "Filter": "(l_shipdate > '1995-03-13 00:00:00'::timestamp(0) without time zone), (LLVM Optimized)"}, {"Node Type": "Hash", "Parent Relationship": "Inner", "Startup Cost": 558158.87, "Total Cost": 558158.87, "Plan Rows": 715772, "Plan Width": 20, "Plans": [{"Node Type": "Hash Join", "Parent Relationship": "Outer", "Join Type": "Inner", "Startup Cost": 60061.09, "Total Cost": 558158.87, "Plan Rows": 715772, "Plan Width": 20, "Inner Unique": true, "Hash Cond": "(orders.o_custkey = customer.c_custkey), (LLVM Optimized)", "Plans": [{"Node Type": "Seq Scan", "Parent Relationship": "Outer", "Relation Name": "orders", "Alias": "orders", "Startup Cost": 385.74, "Total Cost": 463912.49, "Plan Rows": 7310217, "Plan Width": 28, "Filter": "(o_orderdate < '1995-03-13 00:00:00'::timestamp(0) without time zone), (LLVM Optimized)"}, {"Node Type": "Hash", "Parent Relationship": "Inner", "Startup Cost": 55876.0, "Total Cost": 55876.0, "Plan Rows": 303948, "Plan Width": 8, "Plans": [{"Node Type": "Seq Scan", "Parent Relationship": "Outer", "Relation Name": "customer", "Alias": "customer", "Startup Cost": 0.0, "Total Cost": 55876.0, "Plan Rows": 303948, "Plan Width": 8, "Filter": "(c_mktsegment = 'AUTOMOBILE'::bpchar), (LLVM Optimized)"}]}]}]}]}]}]}]}, "Unique SQL Id": 3929762122, "Planner Runtime": 0}, "explain_analyze_plan": {"Plan": {"Node Type": "Limit", "Startup Cost": 3055991.15, "Total Cost": 3055991.17, "Plan Rows": 10, "Plan Width": 44, "Actual Startup Time": 39516.846, "Actual Total Time": 39516.85, "Actual Rows": 10, "Actual Loops": 1, "Plans": [{"Node Type": "Sort", "Parent Relationship": "Outer", "Startup Cost": 3055991.15, "Total Cost": 3064889.27, "Plan Rows": 10, "Plan Width": 44, "Actual Startup Time": 39516.843, "Actual Total Time": 39516.844, "Actual Rows": 10, "Actual Loops": 1, "Sort Key": ["(sum((lineitem.l_extendedprice * (1::double precision - lineitem.l_discount)))) DESC", "orders.o_orderdate"], "Sort Method": "top-N heapsort", "Sort Space Used": 26, "Sort Space Type": "Memory", "Plans": [{"Node Type": "Aggregate", "Strategy": "Hashed", "Parent Relationship": "Outer", "Startup Cost": 2943484.63, "Total Cost": 2979077.1, "Plan Rows": 3559247, "Plan Width": 44, "Actual Startup Time": 39434.101, "Actual Total Time": 39489.776, "Actual Rows": 113719, "Actual Loops": 1, "Group By Key": ["lineitem.l_orderkey", "orders.o_orderdate", "orders.o_shippriority"], "Plans": [{"Node Type": "Hash Join", "Parent Relationship": "Outer", "Join Type": "Inner", "Startup Cost": 567106.02, "Total Cost": 2890095.93, "Plan Rows": 3559247, "Plan Width": 36, "Actual Startup Time": 9000.813, "Actual Total Time": 39142.959, "Actual Rows": 300219, "Actual Loops": 1, "Inner Unique": false, "Hash Cond": "(lineitem.l_orderkey = orders.o_orderkey), (LLVM Optimized, Jit Execute)", "Plans": [{"Node Type": "Seq Scan", "Parent Relationship": "Outer", "Relation Name": "lineitem", "Alias": "lineitem", "Startup Cost": 0.0, "Total Cost": 2165082.91, "Plan Rows": 32617206, "Plan Width": 24, "Actual Startup Time": 0.047, "Actual Total Time": 21094.063, "Actual Rows": 32384344, "Actual Loops": 1, "Filter": "(l_shipdate > '1995-03-13 00:00:00'::timestamp(0) without time zone), (LLVM Optimized, Jit Execute)", "Rows Removed by Filter": 27601708}, {"Node Type": "Hash", "Parent Relationship": "Inner", "Startup Cost": 558158.87, "Total Cost": 558158.87, "Plan Rows": 715772, "Plan Width": 20, "Actual Startup Time": 8999.234, "Actual Total Time": 8999.234, "Actual Rows": 1455173, "Actual Loops": 1, "Hash Buckets": 1048576, "Hash Batches": 1, "Original Hash Batches": 1, "Peak Memory Usage": 79580, "Plans": [{"Node Type": "Hash Join", "Parent Relationship": "Outer", "Join Type": "Inner", "Startup Cost": 60061.09, "Total Cost": 558158.87, "Plan Rows": 715772, "Plan Width": 20, "Actual Startup Time": 689.634, "Actual Total Time": 8382.487, "Actual Rows": 1455173, "Actual Loops": 1, "Inner Unique": true, "Hash Cond": "(orders.o_custkey = customer.c_custkey), (LLVM Optimized, Jit Execute)", "Plans": [{"Node Type": "Seq Scan", "Parent Relationship": "Outer", "Relation Name": "orders", "Alias": "orders", "Startup Cost": 385.74, "Total Cost": 463912.49, "Plan Rows": 7310217, "Plan Width": 28, "Actual Startup Time": 0.024, "Actual Total Time": 4815.307, "Actual Rows": 7276947, "Actual Loops": 1, "Filter": "(o_orderdate < '1995-03-13 00:00:00'::timestamp(0) without time zone), (LLVM Optimized, Jit Execute)", "Rows Removed by Filter": 7723053}, {"Node Type": "Hash", "Parent Relationship": "Inner", "Startup Cost": 55876.0, "Total Cost": 55876.0, "Plan Rows": 303948, "Plan Width": 8, "Actual Startup Time": 689.253, "Actual Total Time": 689.253, "Actual Rows": 300036, "Actual Loops": 1, "Hash Buckets": 524288, "Hash Batches": 1, "Original Hash Batches": 1, "Peak Memory Usage": 11721, "Plans": [{"Node Type": "Seq Scan", "Parent Relationship": "Outer", "Relation Name": "customer", "Alias": "customer", "Startup Cost": 0.0, "Total Cost": 55876.0, "Plan Rows": 303948, "Plan Width": 8, "Actual Startup Time": 0.022, "Actual Total Time": 601.693, "Actual Rows": 300036, "Actual Loops": 1, "Filter": "(c_mktsegment = 'AUTOMOBILE'::bpchar), (LLVM Optimized, Jit Execute)", "Rows Removed by Filter": 1199964}]}]}]}]}]}]}]}, "Triggers": [], "Planner Runtime": 1.23, "Total Runtime": 39527.144, "Unique SQL Id": 3929762122}}, "(64, '35')": {"explain_plan": {"Plan": {"Node Type": "Limit", "Startup Cost": 35345596.54, "Total Cost": 35345596.56, "Plan Rows": 10, "Plan Width": 44, "Plans": [{"Node Type": "Sort", "Parent Relationship": "Outer", "Startup Cost": 35345596.54, "Total Cost": 35354494.65, "Plan Rows": 10, "Plan Width": 44, "Sort Key": ["(sum((lineitem.l_extendedprice * (1::double precision - lineitem.l_discount)))) DESC", "orders.o_orderdate"], "Plans": [{"Node Type": "Aggregate", "Strategy": "Hashed", "Parent Relationship": "Outer", "Startup Cost": 35233090.02, "Total Cost": 35268682.49, "Plan Rows": 3559247, "Plan Width": 44, "Group By Key": ["lineitem.l_orderkey", "orders.o_orderdate", "orders.o_shippriority"], "Plans": [{"Node Type": "Nested Loop", "Parent Relationship": "Outer", "Join Type": "Inner", "Startup Cost": 168699.14, "Total Cost": 35179701.31, "Plan Rows": 3559247, "Plan Width": 36, "Inner Unique": false, "Plans": [{"Node Type": "Nested Loop", "Parent Relationship": "Outer", "Join Type": "Inner", "Startup Cost": 168698.69, "Total Cost": 31865463.0, "Plan Rows": 715772, "Plan Width": 20, "Inner Unique": true, "Plans": [{"Node Type": "Bitmap Heap Scan", "Parent Relationship": "Outer", "Relation Name": "orders", "Alias": "orders", "Startup Cost": 168698.43, "Total Cost": 536495.14, "Plan Rows": 7310217, "Plan Width": 28, "Recheck Cond": "(o_orderdate < '1995-03-13 00:00:00'::timestamp(0) without time zone), (LLVM Optimized)", "Plans": [{"Node Type": "Bitmap Index Scan", "Parent Relationship": "Outer", "Index Name": "idx_orders_orderdate", "Startup Cost": 0.0, "Total Cost": 166870.88, "Plan Rows": 7310217, "Plan Width": 0, "Index Cond": "(o_orderdate < '1995-03-13 00:00:00'::timestamp(0) without time zone)"}]}, {"Node Type": "Bitmap Heap Scan", "Parent Relationship": "Inner", "Relation Name": "customer", "Alias": "customer", "Startup Cost": 0.26, "Total Cost": 4.28, "Plan Rows": 1, "Plan Width": 8, "Recheck Cond": "(c_custkey = orders.o_custkey)", "Filter": "(c_mktsegment = 'AUTOMOBILE'::bpchar)", "Plans": [{"Node Type": "Bitmap Index Scan", "Parent Relationship": "Outer", "Index Name": "customer_pkey", "Startup Cost": 0.0, "Total Cost": 0.26, "Plan Rows": 1, "Plan Width": 0, "Index Cond": "(c_custkey = orders.o_custkey)"}]}]}, {"Node Type": "Bitmap Heap Scan", "Parent Relationship": "Inner", "Relation Name": "lineitem", "Alias": "lineitem", "Startup Cost": 0.45, "Total Cost": 4.58, "Plan Rows": 5, "Plan Width": 24, "Recheck Cond": "(l_orderkey = orders.o_orderkey)", "Filter": "(l_shipdate > '1995-03-13 00:00:00'::timestamp(0) without time zone)", "Plans": [{"Node Type": "Bitmap Index Scan", "Parent Relationship": "Outer", "Index Name": "idx_lineitem_orderkey", "Startup Cost": 0.0, "Total Cost": 0.44, "Plan Rows": 9, "Plan Width": 0, "Index Cond": "(l_orderkey = orders.o_orderkey)"}]}]}]}]}]}, "Unique SQL Id": 3929762122, "Planner Runtime": 0}, "explain_analyze_plan": null}, "(64, '36')": {"explain_plan": {"Plan": {"Node Type": "Limit", "Startup Cost": 1728598.43, "Total Cost": 1728598.46, "Plan Rows": 10, "Plan Width": 44, "Plans": [{"Node Type": "Sort", "Parent Relationship": "Outer", "Startup Cost": 1728598.43, "Total Cost": 1737496.55, "Plan Rows": 10, "Plan Width": 44, "Sort Key": ["(sum((lineitem.l_extendedprice * (1::double precision - lineitem.l_discount)))) DESC", "orders.o_orderdate"], "Plans": [{"Node Type": "Aggregate", "Strategy": "Hashed", "Parent Relationship": "Outer", "Startup Cost": 1616091.91, "Total Cost": 1651684.38, "Plan Rows": 3559247, "Plan Width": 44, "Group By Key": ["lineitem.l_orderkey", "orders.o_orderdate", "orders.o_shippriority"], "Plans": [{"Node Type": "Nested Loop", "Parent Relationship": "Outer", "Join Type": "Inner", "Startup Cost": 60061.09, "Total Cost": 1562703.21, "Plan Rows": 3559247, "Plan Width": 36, "Inner Unique": false, "Plans": [{"Node Type": "Hash Join", "Parent Relationship": "Outer", "Join Type": "Inner", "Startup Cost": 60061.09, "Total Cost": 558158.87, "Plan Rows": 715772, "Plan Width": 20, "Inner Unique": true, "Hash Cond": "(orders.o_custkey = customer.c_custkey), (LLVM Optimized)", "Plans": [{"Node Type": "Seq Scan", "Parent Relationship": "Outer", "Relation Name": "orders", "Alias": "orders", "Startup Cost": 385.74, "Total Cost": 463912.49, "Plan Rows": 7310217, "Plan Width": 28, "Filter": "(o_orderdate < '1995-03-13 00:00:00'::timestamp(0) without time zone), (LLVM Optimized)"}, {"Node Type": "Hash", "Parent Relationship": "Inner", "Startup Cost": 55876.0, "Total Cost": 55876.0, "Plan Rows": 303948, "Plan Width": 8, "Plans": [{"Node Type": "Seq Scan", "Parent Relationship": "Outer", "Relation Name": "customer", "Alias": "customer", "Startup Cost": 0.0, "Total Cost": 55876.0, "Plan Rows": 303948, "Plan Width": 8, "Filter": "(c_mktsegment = 'AUTOMOBILE'::bpchar), (LLVM Optimized)"}]}]}, {"Node Type": "Index Scan", "Parent Relationship": "Inner", "Scan Direction": "Forward", "Index Name": "idx_lineitem_orderkey", "Relation Name": "lineitem", "Alias": "lineitem", "Startup Cost": 0.0, "Total Cost": 1.35, "Plan Rows": 5, "Plan Width": 24, "Index Cond": "(l_orderkey = orders.o_orderkey)", "Filter": "(l_shipdate > '1995-03-13 00:00:00'::timestamp(0) without time zone)"}]}]}]}]}, "Unique SQL Id": 3929762122, "Planner Runtime": 0}, "explain_analyze_plan": {"Plan": {"Node Type": "Limit", "Startup Cost": 1728598.43, "Total Cost": 1728598.46, "Plan Rows": 10, "Plan Width": 44, "Actual Startup Time": 20936.588, "Actual Total Time": 20936.592, "Actual Rows": 10, "Actual Loops": 1, "Plans": [{"Node Type": "Sort", "Parent Relationship": "Outer", "Startup Cost": 1728598.43, "Total Cost": 1737496.55, "Plan Rows": 10, "Plan Width": 44, "Actual Startup Time": 20936.583, "Actual Total Time": 20936.585, "Actual Rows": 10, "Actual Loops": 1, "Sort Key": ["(sum((lineitem.l_extendedprice * (1::double precision - lineitem.l_discount)))) DESC", "orders.o_orderdate"], "Sort Method": "top-N heapsort", "Sort Space Used": 26, "Sort Space Type": "Memory", "Plans": [{"Node Type": "Aggregate", "Strategy": "Hashed", "Parent Relationship": "Outer", "Startup Cost": 1616091.91, "Total Cost": 1651684.38, "Plan Rows": 3559247, "Plan Width": 44, "Actual Startup Time": 20852.87, "Actual Total Time": 20909.326, "Actual Rows": 113719, "Actual Loops": 1, "Group By Key": ["lineitem.l_orderkey", "orders.o_orderdate", "orders.o_shippriority"], "Plans": [{"Node Type": "Nested Loop", "Parent Relationship": "Outer", "Join Type": "Inner", "Startup Cost": 60061.09, "Total Cost": 1562703.21, "Plan Rows": 3559247, "Plan Width": 36, "Actual Startup Time": 794.406, "Actual Total Time": 20559.114, "Actual Rows": 300219, "Actual Loops": 1, "Inner Unique": false, "Plans": [{"Node Type": "Hash Join", "Parent Relationship": "Outer", "Join Type": "Inner", "Startup Cost": 60061.09, "Total Cost": 558158.87, "Plan Rows": 715772, "Plan Width": 20, "Actual Startup Time": 794.164, "Actual Total Time": 8763.213, "Actual Rows": 1455173, "Actual Loops": 1, "Inner Unique": true, "Hash Cond": "(orders.o_custkey = customer.c_custkey), (LLVM Optimized, Jit Execute)", "Plans": [{"Node Type": "Seq Scan", "Parent Relationship": "Outer", "Relation Name": "orders", "Alias": "orders", "Startup Cost": 385.74, "Total Cost": 463912.49, "Plan Rows": 7310217, "Plan Width": 28, "Actual Startup Time": 0.051, "Actual Total Time": 4845.533, "Actual Rows": 7276947, "Actual Loops": 1, "Filter": "(o_orderdate < '1995-03-13 00:00:00'::timestamp(0) without time zone), (LLVM Optimized, Jit Execute)", "Rows Removed by Filter": 7723053}, {"Node Type": "Hash", "Parent Relationship": "Inner", "Startup Cost": 55876.0, "Total Cost": 55876.0, "Plan Rows": 303948, "Plan Width": 8, "Actual Startup Time": 793.74, "Actual Total Time": 793.74, "Actual Rows": 300036, "Actual Loops": 1, "Hash Buckets": 524288, "Hash Batches": 1, "Original Hash Batches": 1, "Peak Memory Usage": 11721, "Plans": [{"Node Type": "Seq Scan", "Parent Relationship": "Outer", "Relation Name": "customer", "Alias": "customer", "Startup Cost": 0.0, "Total Cost": 55876.0, "Plan Rows": 303948, "Plan Width": 8, "Actual Startup Time": 0.019, "Actual Total Time": 669.81, "Actual Rows": 300036, "Actual Loops": 1, "Filter": "(c_mktsegment = 'AUTOMOBILE'::bpchar), (LLVM Optimized, Jit Execute)", "Rows Removed by Filter": 1199964}]}]}, {"Node Type": "Index Scan", "Parent Relationship": "Inner", "Scan Direction": "Forward", "Index Name": "idx_lineitem_orderkey", "Relation Name": "lineitem", "Alias": "lineitem", "Startup Cost": 0.0, "Total Cost": 1.35, "Plan Rows": 5, "Plan Width": 24, "Actual Startup Time": 10711.642, "Actual Total Time": 11003.512, "Actual Rows": 300219, "Actual Loops": 1455173, "Index Cond": "(l_orderkey = orders.o_orderkey)", "Rows Removed by Index Recheck": 0, "Filter": "(l_shipdate > '1995-03-13 00:00:00'::timestamp(0) without time zone)", "Rows Removed by Filter": 5519788}]}]}]}]}, "Triggers": [], "Planner Runtime": 1.236, "Total Runtime": 20946.451, "Unique SQL Id": 3929762122}}, "(64, '37')": {"explain_plan": {"Plan": {"Node Type": "Limit", "Startup Cost": 1829820.45, "Total Cost": 1829820.47, "Plan Rows": 10, "Plan Width": 44, "Plans": [{"Node Type": "Sort", "Parent Relationship": "Outer", "Startup Cost": 1829820.45, "Total Cost": 1838718.56, "Plan Rows": 10, "Plan Width": 44, "Sort Key": ["(sum((lineitem.l_extendedprice * (1::double precision - lineitem.l_discount)))) DESC", "orders.o_orderdate"], "Plans": [{"Node Type": "Aggregate", "Strategy": "Hashed", "Parent Relationship": "Outer", "Startup Cost": 1717313.93, "Total Cost": 1752906.4, "Plan Rows": 3559247, "Plan Width": 44, "Group By Key": ["lineitem.l_orderkey", "orders.o_orderdate", "orders.o_shippriority"], "Plans": [{"Node Type": "Nested Loop", "Parent Relationship": "Outer", "Join Type": "Inner", "Startup Cost": 257013.14, "Total Cost": 1663925.22, "Plan Rows": 3559247, "Plan Width": 36, "Inner Unique": false, "Plans": [{"Node Type": "Hash Join", "Parent Relationship": "Outer", "Join Type": "Inner", "Startup Cost": 257013.14, "Total Cost": 659380.88, "Plan Rows": 715772, "Plan Width": 20, "Inner Unique": true, "Hash Cond": "(orders.o_custkey = customer.c_custkey), (LLVM Optimized)", "Plans": [{"Node Type": "Bitmap Heap Scan", "Parent Relationship": "Outer", "Relation Name": "orders", "Alias": "orders", "Startup Cost": 168698.43, "Total Cost": 536495.14, "Plan Rows": 7310217, "Plan Width": 28, "Recheck Cond": "(o_orderdate < '1995-03-13 00:00:00'::timestamp(0) without time zone), (LLVM Optimized)", "Plans": [{"Node Type": "Bitmap Index Scan", "Parent Relationship": "Outer", "Index Name": "idx_orders_orderdate", "Startup Cost": 0.0, "Total Cost": 166870.88, "Plan Rows": 7310217, "Plan Width": 0, "Index Cond": "(o_orderdate < '1995-03-13 00:00:00'::timestamp(0) without time zone)"}]}, {"Node Type": "Hash", "Parent Relationship": "Inner", "Startup Cost": 84515.36, "Total Cost": 84515.36, "Plan Rows": 303948, "Plan Width": 8, "Plans": [{"Node Type": "Index Scan", "Parent Relationship": "Outer", "Scan Direction": "Forward", "Index Name": "customer_pkey", "Relation Name": "customer", "Alias": "customer", "Startup Cost": 0.0, "Total Cost": 84515.36, "Plan Rows": 303948, "Plan Width": 8, "Filter": "(c_mktsegment = 'AUTOMOBILE'::bpchar), (LLVM Optimized)"}]}]}, {"Node Type": "Index Scan", "Parent Relationship": "Inner", "Scan Direction": "Forward", "Index Name": "idx_lineitem_orderkey", "Relation Name": "lineitem", "Alias": "lineitem", "Startup Cost": 0.0, "Total Cost": 1.35, "Plan Rows": 5, "Plan Width": 24, "Index Cond": "(l_orderkey = orders.o_orderkey)", "Filter": "(l_shipdate > '1995-03-13 00:00:00'::timestamp(0) without time zone)"}]}]}]}]}, "Unique SQL Id": 3929762122, "Planner Runtime": 0}, "explain_analyze_plan": {"Plan": {"Node Type": "Limit", "Startup Cost": 1829820.45, "Total Cost": 1829820.47, "Plan Rows": 10, "Plan Width": 44, "Actual Startup Time": 22613.581, "Actual Total Time": 22613.584, "Actual Rows": 10, "Actual Loops": 1, "Plans": [{"Node Type": "Sort", "Parent Relationship": "Outer", "Startup Cost": 1829820.45, "Total Cost": 1838718.56, "Plan Rows": 10, "Plan Width": 44, "Actual Startup Time": 22613.577, "Actual Total Time": 22613.578, "Actual Rows": 10, "Actual Loops": 1, "Sort Key": ["(sum((lineitem.l_extendedprice * (1::double precision - lineitem.l_discount)))) DESC", "orders.o_orderdate"], "Sort Method": "top-N heapsort", "Sort Space Used": 26, "Sort Space Type": "Memory", "Plans": [{"Node Type": "Aggregate", "Strategy": "Hashed", "Parent Relationship": "Outer", "Startup Cost": 1717313.93, "Total Cost": 1752906.4, "Plan Rows": 3559247, "Plan Width": 44, "Actual Startup Time": 22530.245, "Actual Total Time": 22586.346, "Actual Rows": 113719, "Actual Loops": 1, "Group By Key": ["lineitem.l_orderkey", "orders.o_orderdate", "orders.o_shippriority"], "Plans": [{"Node Type": "Nested Loop", "Parent Relationship": "Outer", "Join Type": "Inner", "Startup Cost": 257013.14, "Total Cost": 1663925.22, "Plan Rows": 3559247, "Plan Width": 36, "Actual Startup Time": 3499.217, "Actual Total Time": 22242.047, "Actual Rows": 300219, "Actual Loops": 1, "Inner Unique": false, "Plans": [{"Node Type": "Hash Join", "Parent Relationship": "Outer", "Join Type": "Inner", "Startup Cost": 257013.14, "Total Cost": 659380.88, "Plan Rows": 715772, "Plan Width": 20, "Actual Startup Time": 3498.97, "Actual Total Time": 10470.555, "Actual Rows": 1455173, "Actual Loops": 1, "Inner Unique": true, "Hash Cond": "(orders.o_custkey = customer.c_custkey), (LLVM Optimized, Jit Execute)", "Plans": [{"Node Type": "Bitmap Heap Scan", "Parent Relationship": "Outer", "Relation Name": "orders", "Alias": "orders", "Startup Cost": 168698.43, "Total Cost": 536495.14, "Plan Rows": 7310217, "Plan Width": 28, "Actual Startup Time": 2285.018, "Actual Total Time": 6196.804, "Actual Rows": 7276947, "Actual Loops": 1, "Recheck Cond": "(o_orderdate < '1995-03-13 00:00:00'::timestamp(0) without time zone), (LLVM Optimized, Jit Execute)", "Rows Removed by Index Recheck": 0, "Exact Heap Blocks": 276419, "Lossy Heap Blocks": 276419, "Plans": [{"Node Type": "Bitmap Index Scan", "Parent Relationship": "Outer", "Index Name": "idx_orders_orderdate", "Startup Cost": 0.0, "Total Cost": 166870.88, "Plan Rows": 7310217, "Plan Width": 0, "Actual Startup Time": 2184.08, "Actual Total Time": 2184.08, "Actual Rows": 7276947, "Actual Loops": 1, "Index Cond": "(o_orderdate < '1995-03-13 00:00:00'::timestamp(0) without time zone)"}]}, {"Node Type": "Hash", "Parent Relationship": "Inner", "Startup Cost": 84515.36, "Total Cost": 84515.36, "Plan Rows": 303948, "Plan Width": 8, "Actual Startup Time": 1213.579, "Actual Total Time": 1213.579, "Actual Rows": 300036, "Actual Loops": 1, "Hash Buckets": 524288, "Hash Batches": 1, "Original Hash Batches": 1, "Peak Memory Usage": 11721, "Plans": [{"Node Type": "Index Scan", "Parent Relationship": "Outer", "Scan Direction": "Forward", "Index Name": "customer_pkey", "Relation Name": "customer", "Alias": "customer", "Startup Cost": 0.0, "Total Cost": 84515.36, "Plan Rows": 303948, "Plan Width": 8, "Actual Startup Time": 0.074, "Actual Total Time": 1102.735, "Actual Rows": 300036, "Actual Loops": 1, "Filter": "(c_mktsegment = 'AUTOMOBILE'::bpchar), (LLVM Optimized, Jit Execute)", "Rows Removed by Filter": 1199964}]}]}, {"Node Type": "Index Scan", "Parent Relationship": "Inner", "Scan Direction": "Forward", "Index Name": "idx_lineitem_orderkey", "Relation Name": "lineitem", "Alias": "lineitem", "Startup Cost": 0.0, "Total Cost": 1.35, "Plan Rows": 5, "Plan Width": 24, "Actual Startup Time": 10674.421, "Actual Total Time": 10965.74, "Actual Rows": 300219, "Actual Loops": 1455173, "Index Cond": "(l_orderkey = orders.o_orderkey)", "Rows Removed by Index Recheck": 0, "Filter": "(l_shipdate > '1995-03-13 00:00:00'::timestamp(0) without time zone)", "Rows Removed by Filter": 5519788}]}]}]}]}, "Triggers": [], "Planner Runtime": 1.278, "Total Runtime": 22623.875, "Unique SQL Id": 3929762122}}, "(64, '38')": {"explain_plan": {"Plan": {"Node Type": "Limit", "Startup Cost": 3055991.15, "Total Cost": 3055991.17, "Plan Rows": 10, "Plan Width": 44, "Plans": [{"Node Type": "Sort", "Parent Relationship": "Outer", "Startup Cost": 3055991.15, "Total Cost": 3064889.27, "Plan Rows": 10, "Plan Width": 44, "Sort Key": ["(sum((lineitem.l_extendedprice * (1::double precision - lineitem.l_discount)))) DESC", "orders.o_orderdate"], "Plans": [{"Node Type": "Aggregate", "Strategy": "Hashed", "Parent Relationship": "Outer", "Startup Cost": 2943484.63, "Total Cost": 2979077.1, "Plan Rows": 3559247, "Plan Width": 44, "Group By Key": ["lineitem.l_orderkey", "orders.o_orderdate", "orders.o_shippriority"], "Plans": [{"Node Type": "Hash Join", "Parent Relationship": "Outer", "Join Type": "Inner", "Startup Cost": 567106.02, "Total Cost": 2890095.93, "Plan Rows": 3559247, "Plan Width": 36, "Inner Unique": false, "Hash Cond": "(lineitem.l_orderkey = orders.o_orderkey), (LLVM Optimized)", "Plans": [{"Node Type": "Seq Scan", "Parent Relationship": "Outer", "Relation Name": "lineitem", "Alias": "lineitem", "Startup Cost": 0.0, "Total Cost": 2165082.91, "Plan Rows": 32617206, "Plan Width": 24, "Filter": "(l_shipdate > '1995-03-13 00:00:00'::timestamp(0) without time zone), (LLVM Optimized)"}, {"Node Type": "Hash", "Parent Relationship": "Inner", "Startup Cost": 558158.87, "Total Cost": 558158.87, "Plan Rows": 715772, "Plan Width": 20, "Plans": [{"Node Type": "Hash Join", "Parent Relationship": "Outer", "Join Type": "Inner", "Startup Cost": 60061.09, "Total Cost": 558158.87, "Plan Rows": 715772, "Plan Width": 20, "Inner Unique": true, "Hash Cond": "(orders.o_custkey = customer.c_custkey), (LLVM Optimized)", "Plans": [{"Node Type": "Seq Scan", "Parent Relationship": "Outer", "Relation Name": "orders", "Alias": "orders", "Startup Cost": 385.74, "Total Cost": 463912.49, "Plan Rows": 7310217, "Plan Width": 28, "Filter": "(o_orderdate < '1995-03-13 00:00:00'::timestamp(0) without time zone), (LLVM Optimized)"}, {"Node Type": "Hash", "Parent Relationship": "Inner", "Startup Cost": 55876.0, "Total Cost": 55876.0, "Plan Rows": 303948, "Plan Width": 8, "Plans": [{"Node Type": "Seq Scan", "Parent Relationship": "Outer", "Relation Name": "customer", "Alias": "customer", "Startup Cost": 0.0, "Total Cost": 55876.0, "Plan Rows": 303948, "Plan Width": 8, "Filter": "(c_mktsegment = 'AUTOMOBILE'::bpchar), (LLVM Optimized)"}]}]}]}]}]}]}]}, "Unique SQL Id": 3929762122, "Planner Runtime": 0}, "explain_analyze_plan": {"Plan": {"Node Type": "Limit", "Startup Cost": 3055991.15, "Total Cost": 3055991.17, "Plan Rows": 10, "Plan Width": 44, "Actual Startup Time": 39516.846, "Actual Total Time": 39516.85, "Actual Rows": 10, "Actual Loops": 1, "Plans": [{"Node Type": "Sort", "Parent Relationship": "Outer", "Startup Cost": 3055991.15, "Total Cost": 3064889.27, "Plan Rows": 10, "Plan Width": 44, "Actual Startup Time": 39516.843, "Actual Total Time": 39516.844, "Actual Rows": 10, "Actual Loops": 1, "Sort Key": ["(sum((lineitem.l_extendedprice * (1::double precision - lineitem.l_discount)))) DESC", "orders.o_orderdate"], "Sort Method": "top-N heapsort", "Sort Space Used": 26, "Sort Space Type": "Memory", "Plans": [{"Node Type": "Aggregate", "Strategy": "Hashed", "Parent Relationship": "Outer", "Startup Cost": 2943484.63, "Total Cost": 2979077.1, "Plan Rows": 3559247, "Plan Width": 44, "Actual Startup Time": 39434.101, "Actual Total Time": 39489.776, "Actual Rows": 113719, "Actual Loops": 1, "Group By Key": ["lineitem.l_orderkey", "orders.o_orderdate", "orders.o_shippriority"], "Plans": [{"Node Type": "Hash Join", "Parent Relationship": "Outer", "Join Type": "Inner", "Startup Cost": 567106.02, "Total Cost": 2890095.93, "Plan Rows": 3559247, "Plan Width": 36, "Actual Startup Time": 9000.813, "Actual Total Time": 39142.959, "Actual Rows": 300219, "Actual Loops": 1, "Inner Unique": false, "Hash Cond": "(lineitem.l_orderkey = orders.o_orderkey), (LLVM Optimized, Jit Execute)", "Plans": [{"Node Type": "Seq Scan", "Parent Relationship": "Outer", "Relation Name": "lineitem", "Alias": "lineitem", "Startup Cost": 0.0, "Total Cost": 2165082.91, "Plan Rows": 32617206, "Plan Width": 24, "Actual Startup Time": 0.047, "Actual Total Time": 21094.063, "Actual Rows": 32384344, "Actual Loops": 1, "Filter": "(l_shipdate > '1995-03-13 00:00:00'::timestamp(0) without time zone), (LLVM Optimized, Jit Execute)", "Rows Removed by Filter": 27601708}, {"Node Type": "Hash", "Parent Relationship": "Inner", "Startup Cost": 558158.87, "Total Cost": 558158.87, "Plan Rows": 715772, "Plan Width": 20, "Actual Startup Time": 8999.234, "Actual Total Time": 8999.234, "Actual Rows": 1455173, "Actual Loops": 1, "Hash Buckets": 1048576, "Hash Batches": 1, "Original Hash Batches": 1, "Peak Memory Usage": 79580, "Plans": [{"Node Type": "Hash Join", "Parent Relationship": "Outer", "Join Type": "Inner", "Startup Cost": 60061.09, "Total Cost": 558158.87, "Plan Rows": 715772, "Plan Width": 20, "Actual Startup Time": 689.634, "Actual Total Time": 8382.487, "Actual Rows": 1455173, "Actual Loops": 1, "Inner Unique": true, "Hash Cond": "(orders.o_custkey = customer.c_custkey), (LLVM Optimized, Jit Execute)", "Plans": [{"Node Type": "Seq Scan", "Parent Relationship": "Outer", "Relation Name": "orders", "Alias": "orders", "Startup Cost": 385.74, "Total Cost": 463912.49, "Plan Rows": 7310217, "Plan Width": 28, "Actual Startup Time": 0.024, "Actual Total Time": 4815.307, "Actual Rows": 7276947, "Actual Loops": 1, "Filter": "(o_orderdate < '1995-03-13 00:00:00'::timestamp(0) without time zone), (LLVM Optimized, Jit Execute)", "Rows Removed by Filter": 7723053}, {"Node Type": "Hash", "Parent Relationship": "Inner", "Startup Cost": 55876.0, "Total Cost": 55876.0, "Plan Rows": 303948, "Plan Width": 8, "Actual Startup Time": 689.253, "Actual Total Time": 689.253, "Actual Rows": 300036, "Actual Loops": 1, "Hash Buckets": 524288, "Hash Batches": 1, "Original Hash Batches": 1, "Peak Memory Usage": 11721, "Plans": [{"Node Type": "Seq Scan", "Parent Relationship": "Outer", "Relation Name": "customer", "Alias": "customer", "Startup Cost": 0.0, "Total Cost": 55876.0, "Plan Rows": 303948, "Plan Width": 8, "Actual Startup Time": 0.022, "Actual Total Time": 601.693, "Actual Rows": 300036, "Actual Loops": 1, "Filter": "(c_mktsegment = 'AUTOMOBILE'::bpchar), (LLVM Optimized, Jit Execute)", "Rows Removed by Filter": 1199964}]}]}]}]}]}]}]}, "Triggers": [], "Planner Runtime": 1.23, "Total Runtime": 39527.144, "Unique SQL Id": 3929762122}}, "(64, '39')": {"explain_plan": {"Plan": {"Node Type": "Limit", "Startup Cost": 35345596.54, "Total Cost": 35345596.56, "Plan Rows": 10, "Plan Width": 44, "Plans": [{"Node Type": "Sort", "Parent Relationship": "Outer", "Startup Cost": 35345596.54, "Total Cost": 35354494.65, "Plan Rows": 10, "Plan Width": 44, "Sort Key": ["(sum((lineitem.l_extendedprice * (1::double precision - lineitem.l_discount)))) DESC", "orders.o_orderdate"], "Plans": [{"Node Type": "Aggregate", "Strategy": "Hashed", "Parent Relationship": "Outer", "Startup Cost": 35233090.02, "Total Cost": 35268682.49, "Plan Rows": 3559247, "Plan Width": 44, "Group By Key": ["lineitem.l_orderkey", "orders.o_orderdate", "orders.o_shippriority"], "Plans": [{"Node Type": "Nested Loop", "Parent Relationship": "Outer", "Join Type": "Inner", "Startup Cost": 168699.14, "Total Cost": 35179701.31, "Plan Rows": 3559247, "Plan Width": 36, "Inner Unique": false, "Plans": [{"Node Type": "Nested Loop", "Parent Relationship": "Outer", "Join Type": "Inner", "Startup Cost": 168698.69, "Total Cost": 31865463.0, "Plan Rows": 715772, "Plan Width": 20, "Inner Unique": true, "Plans": [{"Node Type": "Bitmap Heap Scan", "Parent Relationship": "Outer", "Relation Name": "orders", "Alias": "orders", "Startup Cost": 168698.43, "Total Cost": 536495.14, "Plan Rows": 7310217, "Plan Width": 28, "Recheck Cond": "(o_orderdate < '1995-03-13 00:00:00'::timestamp(0) without time zone), (LLVM Optimized)", "Plans": [{"Node Type": "Bitmap Index Scan", "Parent Relationship": "Outer", "Index Name": "idx_orders_orderdate", "Startup Cost": 0.0, "Total Cost": 166870.88, "Plan Rows": 7310217, "Plan Width": 0, "Index Cond": "(o_orderdate < '1995-03-13 00:00:00'::timestamp(0) without time zone)"}]}, {"Node Type": "Bitmap Heap Scan", "Parent Relationship": "Inner", "Relation Name": "customer", "Alias": "customer", "Startup Cost": 0.26, "Total Cost": 4.28, "Plan Rows": 1, "Plan Width": 8, "Recheck Cond": "(c_custkey = orders.o_custkey)", "Filter": "(c_mktsegment = 'AUTOMOBILE'::bpchar)", "Plans": [{"Node Type": "Bitmap Index Scan", "Parent Relationship": "Outer", "Index Name": "customer_pkey", "Startup Cost": 0.0, "Total Cost": 0.26, "Plan Rows": 1, "Plan Width": 0, "Index Cond": "(c_custkey = orders.o_custkey)"}]}]}, {"Node Type": "Bitmap Heap Scan", "Parent Relationship": "Inner", "Relation Name": "lineitem", "Alias": "lineitem", "Startup Cost": 0.45, "Total Cost": 4.58, "Plan Rows": 5, "Plan Width": 24, "Recheck Cond": "(l_orderkey = orders.o_orderkey)", "Filter": "(l_shipdate > '1995-03-13 00:00:00'::timestamp(0) without time zone)", "Plans": [{"Node Type": "Bitmap Index Scan", "Parent Relationship": "Outer", "Index Name": "idx_lineitem_orderkey", "Startup Cost": 0.0, "Total Cost": 0.44, "Plan Rows": 9, "Plan Width": 0, "Index Cond": "(l_orderkey = orders.o_orderkey)"}]}]}]}]}]}, "Unique SQL Id": 3929762122, "Planner Runtime": 0}, "explain_analyze_plan": null}, "(64, '40')": {"explain_plan": {"Plan": {"Node Type": "Limit", "Startup Cost": 1728598.43, "Total Cost": 1728598.46, "Plan Rows": 10, "Plan Width": 44, "Plans": [{"Node Type": "Sort", "Parent Relationship": "Outer", "Startup Cost": 1728598.43, "Total Cost": 1737496.55, "Plan Rows": 10, "Plan Width": 44, "Sort Key": ["(sum((lineitem.l_extendedprice * (1::double precision - lineitem.l_discount)))) DESC", "orders.o_orderdate"], "Plans": [{"Node Type": "Aggregate", "Strategy": "Hashed", "Parent Relationship": "Outer", "Startup Cost": 1616091.91, "Total Cost": 1651684.38, "Plan Rows": 3559247, "Plan Width": 44, "Group By Key": ["lineitem.l_orderkey", "orders.o_orderdate", "orders.o_shippriority"], "Plans": [{"Node Type": "Nested Loop", "Parent Relationship": "Outer", "Join Type": "Inner", "Startup Cost": 60061.09, "Total Cost": 1562703.21, "Plan Rows": 3559247, "Plan Width": 36, "Inner Unique": false, "Plans": [{"Node Type": "Hash Join", "Parent Relationship": "Outer", "Join Type": "Inner", "Startup Cost": 60061.09, "Total Cost": 558158.87, "Plan Rows": 715772, "Plan Width": 20, "Inner Unique": true, "Hash Cond": "(orders.o_custkey = customer.c_custkey), (LLVM Optimized)", "Plans": [{"Node Type": "Seq Scan", "Parent Relationship": "Outer", "Relation Name": "orders", "Alias": "orders", "Startup Cost": 385.74, "Total Cost": 463912.49, "Plan Rows": 7310217, "Plan Width": 28, "Filter": "(o_orderdate < '1995-03-13 00:00:00'::timestamp(0) without time zone), (LLVM Optimized)"}, {"Node Type": "Hash", "Parent Relationship": "Inner", "Startup Cost": 55876.0, "Total Cost": 55876.0, "Plan Rows": 303948, "Plan Width": 8, "Plans": [{"Node Type": "Seq Scan", "Parent Relationship": "Outer", "Relation Name": "customer", "Alias": "customer", "Startup Cost": 0.0, "Total Cost": 55876.0, "Plan Rows": 303948, "Plan Width": 8, "Filter": "(c_mktsegment = 'AUTOMOBILE'::bpchar), (LLVM Optimized)"}]}]}, {"Node Type": "Index Scan", "Parent Relationship": "Inner", "Scan Direction": "Forward", "Index Name": "idx_lineitem_orderkey", "Relation Name": "lineitem", "Alias": "lineitem", "Startup Cost": 0.0, "Total Cost": 1.35, "Plan Rows": 5, "Plan Width": 24, "Index Cond": "(l_orderkey = orders.o_orderkey)", "Filter": "(l_shipdate > '1995-03-13 00:00:00'::timestamp(0) without time zone)"}]}]}]}]}, "Unique SQL Id": 3929762122, "Planner Runtime": 0}, "explain_analyze_plan": {"Plan": {"Node Type": "Limit", "Startup Cost": 1728598.43, "Total Cost": 1728598.46, "Plan Rows": 10, "Plan Width": 44, "Actual Startup Time": 20936.588, "Actual Total Time": 20936.592, "Actual Rows": 10, "Actual Loops": 1, "Plans": [{"Node Type": "Sort", "Parent Relationship": "Outer", "Startup Cost": 1728598.43, "Total Cost": 1737496.55, "Plan Rows": 10, "Plan Width": 44, "Actual Startup Time": 20936.583, "Actual Total Time": 20936.585, "Actual Rows": 10, "Actual Loops": 1, "Sort Key": ["(sum((lineitem.l_extendedprice * (1::double precision - lineitem.l_discount)))) DESC", "orders.o_orderdate"], "Sort Method": "top-N heapsort", "Sort Space Used": 26, "Sort Space Type": "Memory", "Plans": [{"Node Type": "Aggregate", "Strategy": "Hashed", "Parent Relationship": "Outer", "Startup Cost": 1616091.91, "Total Cost": 1651684.38, "Plan Rows": 3559247, "Plan Width": 44, "Actual Startup Time": 20852.87, "Actual Total Time": 20909.326, "Actual Rows": 113719, "Actual Loops": 1, "Group By Key": ["lineitem.l_orderkey", "orders.o_orderdate", "orders.o_shippriority"], "Plans": [{"Node Type": "Nested Loop", "Parent Relationship": "Outer", "Join Type": "Inner", "Startup Cost": 60061.09, "Total Cost": 1562703.21, "Plan Rows": 3559247, "Plan Width": 36, "Actual Startup Time": 794.406, "Actual Total Time": 20559.114, "Actual Rows": 300219, "Actual Loops": 1, "Inner Unique": false, "Plans": [{"Node Type": "Hash Join", "Parent Relationship": "Outer", "Join Type": "Inner", "Startup Cost": 60061.09, "Total Cost": 558158.87, "Plan Rows": 715772, "Plan Width": 20, "Actual Startup Time": 794.164, "Actual Total Time": 8763.213, "Actual Rows": 1455173, "Actual Loops": 1, "Inner Unique": true, "Hash Cond": "(orders.o_custkey = customer.c_custkey), (LLVM Optimized, Jit Execute)", "Plans": [{"Node Type": "Seq Scan", "Parent Relationship": "Outer", "Relation Name": "orders", "Alias": "orders", "Startup Cost": 385.74, "Total Cost": 463912.49, "Plan Rows": 7310217, "Plan Width": 28, "Actual Startup Time": 0.051, "Actual Total Time": 4845.533, "Actual Rows": 7276947, "Actual Loops": 1, "Filter": "(o_orderdate < '1995-03-13 00:00:00'::timestamp(0) without time zone), (LLVM Optimized, Jit Execute)", "Rows Removed by Filter": 7723053}, {"Node Type": "Hash", "Parent Relationship": "Inner", "Startup Cost": 55876.0, "Total Cost": 55876.0, "Plan Rows": 303948, "Plan Width": 8, "Actual Startup Time": 793.74, "Actual Total Time": 793.74, "Actual Rows": 300036, "Actual Loops": 1, "Hash Buckets": 524288, "Hash Batches": 1, "Original Hash Batches": 1, "Peak Memory Usage": 11721, "Plans": [{"Node Type": "Seq Scan", "Parent Relationship": "Outer", "Relation Name": "customer", "Alias": "customer", "Startup Cost": 0.0, "Total Cost": 55876.0, "Plan Rows": 303948, "Plan Width": 8, "Actual Startup Time": 0.019, "Actual Total Time": 669.81, "Actual Rows": 300036, "Actual Loops": 1, "Filter": "(c_mktsegment = 'AUTOMOBILE'::bpchar), (LLVM Optimized, Jit Execute)", "Rows Removed by Filter": 1199964}]}]}, {"Node Type": "Index Scan", "Parent Relationship": "Inner", "Scan Direction": "Forward", "Index Name": "idx_lineitem_orderkey", "Relation Name": "lineitem", "Alias": "lineitem", "Startup Cost": 0.0, "Total Cost": 1.35, "Plan Rows": 5, "Plan Width": 24, "Actual Startup Time": 10711.642, "Actual Total Time": 11003.512, "Actual Rows": 300219, "Actual Loops": 1455173, "Index Cond": "(l_orderkey = orders.o_orderkey)", "Rows Removed by Index Recheck": 0, "Filter": "(l_shipdate > '1995-03-13 00:00:00'::timestamp(0) without time zone)", "Rows Removed by Filter": 5519788}]}]}]}]}, "Triggers": [], "Planner Runtime": 1.236, "Total Runtime": 20946.451, "Unique SQL Id": 3929762122}}, "(64, '41')": {"explain_plan": {"Plan": {"Node Type": "Limit", "Startup Cost": 2061802.43, "Total Cost": 2061802.46, "Plan Rows": 10, "Plan Width": 44, "Plans": [{"Node Type": "Sort", "Parent Relationship": "Outer", "Startup Cost": 2061802.43, "Total Cost": 2070700.55, "Plan Rows": 10, "Plan Width": 44, "Sort Key": ["(sum((lineitem.l_extendedprice * (1::double precision - lineitem.l_discount)))) DESC", "orders.o_orderdate"], "Plans": [{"Node Type": "Aggregate", "Strategy": "Hashed", "Parent Relationship": "Outer", "Startup Cost": 1949295.92, "Total Cost": 1984888.39, "Plan Rows": 3559247, "Plan Width": 44, "Group By Key": ["lineitem.l_orderkey", "orders.o_orderdate", "orders.o_shippriority"], "Plans": [{"Node Type": "Nested Loop", "Parent Relationship": "Outer", "Join Type": "Inner", "Startup Cost": 88314.71, "Total Cost": 1895907.21, "Plan Rows": 3559247, "Plan Width": 36, "Inner Unique": false, "Plans": [{"Node Type": "Hash Join", "Parent Relationship": "Outer", "Join Type": "Inner", "Startup Cost": 88314.71, "Total Cost": 891362.87, "Plan Rows": 715772, "Plan Width": 20, "Inner Unique": true, "Hash Cond": "(orders.o_custkey = customer.c_custkey), (LLVM Optimized)", "Plans": [{"Node Type": "Index Scan", "Parent Relationship": "Outer", "Scan Direction": "Forward", "Index Name": "orders_pkey", "Relation Name": "orders", "Alias": "orders", "Startup Cost": 0.0, "Total Cost": 768477.13, "Plan Rows": 7310217, "Plan Width": 28, "Filter": "(o_orderdate < '1995-03-13 00:00:00'::timestamp(0) without time zone), (LLVM Optimized)"}, {"Node Type": "Hash", "Parent Relationship": "Inner", "Startup Cost": 84515.36, "Total Cost": 84515.36, "Plan Rows": 303948, "Plan Width": 8, "Plans": [{"Node Type": "Index Scan", "Parent Relationship": "Outer", "Scan Direction": "Forward", "Index Name": "customer_pkey", "Relation Name": "customer", "Alias": "customer", "Startup Cost": 0.0, "Total Cost": 84515.36, "Plan Rows": 303948, "Plan Width": 8, "Filter": "(c_mktsegment = 'AUTOMOBILE'::bpchar), (LLVM Optimized)"}]}]}, {"Node Type": "Index Scan", "Parent Relationship": "Inner", "Scan Direction": "Forward", "Index Name": "idx_lineitem_orderkey", "Relation Name": "lineitem", "Alias": "lineitem", "Startup Cost": 0.0, "Total Cost": 1.35, "Plan Rows": 5, "Plan Width": 24, "Index Cond": "(l_orderkey = orders.o_orderkey)", "Filter": "(l_shipdate > '1995-03-13 00:00:00'::timestamp(0) without time zone)"}]}]}]}]}, "Unique SQL Id": 3929762122, "Planner Runtime": 0}, "explain_analyze_plan": {"Plan": {"Node Type": "Limit", "Startup Cost": 2061802.43, "Total Cost": 2061802.46, "Plan Rows": 10, "Plan Width": 44, "Actual Startup Time": 25672.05, "Actual Total Time": 25672.053, "Actual Rows": 10, "Actual Loops": 1, "Plans": [{"Node Type": "Sort", "Parent Relationship": "Outer", "Startup Cost": 2061802.43, "Total Cost": 2070700.55, "Plan Rows": 10, "Plan Width": 44, "Actual Startup Time": 25672.047, "Actual Total Time": 25672.048, "Actual Rows": 10, "Actual Loops": 1, "Sort Key": ["(sum((lineitem.l_extendedprice * (1::double precision - lineitem.l_discount)))) DESC", "orders.o_orderdate"], "Sort Method": "top-N heapsort", "Sort Space Used": 26, "Sort Space Type": "Memory", "Plans": [{"Node Type": "Aggregate", "Strategy": "Hashed", "Parent Relationship": "Outer", "Startup Cost": 1949295.92, "Total Cost": 1984888.39, "Plan Rows": 3559247, "Plan Width": 44, "Actual Startup Time": 25588.41, "Actual Total Time": 25644.782, "Actual Rows": 113719, "Actual Loops": 1, "Group By Key": ["lineitem.l_orderkey", "orders.o_orderdate", "orders.o_shippriority"], "Plans": [{"Node Type": "Nested Loop", "Parent Relationship": "Outer", "Join Type": "Inner", "Startup Cost": 88314.71, "Total Cost": 1895907.21, "Plan Rows": 3559247, "Plan Width": 36, "Actual Startup Time": 1062.211, "Actual Total Time": 25289.084, "Actual Rows": 300219, "Actual Loops": 1, "Inner Unique": false, "Plans": [{"Node Type": "Hash Join", "Parent Relationship": "Outer", "Join Type": "Inner", "Startup Cost": 88314.71, "Total Cost": 891362.87, "Plan Rows": 715772, "Plan Width": 20, "Actual Startup Time": 1061.984, "Actual Total Time": 13602.54, "Actual Rows": 1455173, "Actual Loops": 1, "Inner Unique": true, "Hash Cond": "(orders.o_custkey = customer.c_custkey), (LLVM Optimized, Jit Execute)", "Plans": [{"Node Type": "Index Scan", "Parent Relationship": "Outer", "Scan Direction": "Forward", "Index Name": "orders_pkey", "Relation Name": "orders", "Alias": "orders", "Startup Cost": 0.0, "Total Cost": 768477.13, "Plan Rows": 7310217, "Plan Width": 28, "Actual Startup Time": 0.071, "Actual Total Time": 9446.102, "Actual Rows": 7276947, "Actual Loops": 1, "Filter": "(o_orderdate < '1995-03-13 00:00:00'::timestamp(0) without time zone), (LLVM Optimized, Jit Execute)", "Rows Removed by Filter": 7723053}, {"Node Type": "Hash", "Parent Relationship": "Inner", "Startup Cost": 84515.36, "Total Cost": 84515.36, "Plan Rows": 303948, "Plan Width": 8, "Actual Startup Time": 1061.528, "Actual Total Time": 1061.528, "Actual Rows": 300036, "Actual Loops": 1, "Hash Buckets": 524288, "Hash Batches": 1, "Original Hash Batches": 1, "Peak Memory Usage": 11721, "Plans": [{"Node Type": "Index Scan", "Parent Relationship": "Outer", "Scan Direction": "Forward", "Index Name": "customer_pkey", "Relation Name": "customer", "Alias": "customer", "Startup Cost": 0.0, "Total Cost": 84515.36, "Plan Rows": 303948, "Plan Width": 8, "Actual Startup Time": 0.027, "Actual Total Time": 960.549, "Actual Rows": 300036, "Actual Loops": 1, "Filter": "(c_mktsegment = 'AUTOMOBILE'::bpchar), (LLVM Optimized, Jit Execute)", "Rows Removed by Filter": 1199964}]}]}, {"Node Type": "Index Scan", "Parent Relationship": "Inner", "Scan Direction": "Forward", "Index Name": "idx_lineitem_orderkey", "Relation Name": "lineitem", "Alias": "lineitem", "Startup Cost": 0.0, "Total Cost": 1.35, "Plan Rows": 5, "Plan Width": 24, "Actual Startup Time": 10601.802, "Actual Total Time": 10891.035, "Actual Rows": 300219, "Actual Loops": 1455173, "Index Cond": "(l_orderkey = orders.o_orderkey)", "Rows Removed by Index Recheck": 0, "Filter": "(l_shipdate > '1995-03-13 00:00:00'::timestamp(0) without time zone)", "Rows Removed by Filter": 5519788}]}]}]}]}, "Triggers": [], "Planner Runtime": 1.227, "Total Runtime": 25681.824, "Unique SQL Id": 3929762122}}, "(64, '42')": {"explain_plan": {"Plan": {"Node Type": "Limit", "Startup Cost": 3055991.15, "Total Cost": 3055991.17, "Plan Rows": 10, "Plan Width": 44, "Plans": [{"Node Type": "Sort", "Parent Relationship": "Outer", "Startup Cost": 3055991.15, "Total Cost": 3064889.27, "Plan Rows": 10, "Plan Width": 44, "Sort Key": ["(sum((lineitem.l_extendedprice * (1::double precision - lineitem.l_discount)))) DESC", "orders.o_orderdate"], "Plans": [{"Node Type": "Aggregate", "Strategy": "Hashed", "Parent Relationship": "Outer", "Startup Cost": 2943484.63, "Total Cost": 2979077.1, "Plan Rows": 3559247, "Plan Width": 44, "Group By Key": ["lineitem.l_orderkey", "orders.o_orderdate", "orders.o_shippriority"], "Plans": [{"Node Type": "Hash Join", "Parent Relationship": "Outer", "Join Type": "Inner", "Startup Cost": 567106.02, "Total Cost": 2890095.93, "Plan Rows": 3559247, "Plan Width": 36, "Inner Unique": false, "Hash Cond": "(lineitem.l_orderkey = orders.o_orderkey), (LLVM Optimized)", "Plans": [{"Node Type": "Seq Scan", "Parent Relationship": "Outer", "Relation Name": "lineitem", "Alias": "lineitem", "Startup Cost": 0.0, "Total Cost": 2165082.91, "Plan Rows": 32617206, "Plan Width": 24, "Filter": "(l_shipdate > '1995-03-13 00:00:00'::timestamp(0) without time zone), (LLVM Optimized)"}, {"Node Type": "Hash", "Parent Relationship": "Inner", "Startup Cost": 558158.87, "Total Cost": 558158.87, "Plan Rows": 715772, "Plan Width": 20, "Plans": [{"Node Type": "Hash Join", "Parent Relationship": "Outer", "Join Type": "Inner", "Startup Cost": 60061.09, "Total Cost": 558158.87, "Plan Rows": 715772, "Plan Width": 20, "Inner Unique": true, "Hash Cond": "(orders.o_custkey = customer.c_custkey), (LLVM Optimized)", "Plans": [{"Node Type": "Seq Scan", "Parent Relationship": "Outer", "Relation Name": "orders", "Alias": "orders", "Startup Cost": 385.74, "Total Cost": 463912.49, "Plan Rows": 7310217, "Plan Width": 28, "Filter": "(o_orderdate < '1995-03-13 00:00:00'::timestamp(0) without time zone), (LLVM Optimized)"}, {"Node Type": "Hash", "Parent Relationship": "Inner", "Startup Cost": 55876.0, "Total Cost": 55876.0, "Plan Rows": 303948, "Plan Width": 8, "Plans": [{"Node Type": "Seq Scan", "Parent Relationship": "Outer", "Relation Name": "customer", "Alias": "customer", "Startup Cost": 0.0, "Total Cost": 55876.0, "Plan Rows": 303948, "Plan Width": 8, "Filter": "(c_mktsegment = 'AUTOMOBILE'::bpchar), (LLVM Optimized)"}]}]}]}]}]}]}]}, "Unique SQL Id": 3929762122, "Planner Runtime": 0}, "explain_analyze_plan": {"Plan": {"Node Type": "Limit", "Startup Cost": 3055991.15, "Total Cost": 3055991.17, "Plan Rows": 10, "Plan Width": 44, "Actual Startup Time": 39516.846, "Actual Total Time": 39516.85, "Actual Rows": 10, "Actual Loops": 1, "Plans": [{"Node Type": "Sort", "Parent Relationship": "Outer", "Startup Cost": 3055991.15, "Total Cost": 3064889.27, "Plan Rows": 10, "Plan Width": 44, "Actual Startup Time": 39516.843, "Actual Total Time": 39516.844, "Actual Rows": 10, "Actual Loops": 1, "Sort Key": ["(sum((lineitem.l_extendedprice * (1::double precision - lineitem.l_discount)))) DESC", "orders.o_orderdate"], "Sort Method": "top-N heapsort", "Sort Space Used": 26, "Sort Space Type": "Memory", "Plans": [{"Node Type": "Aggregate", "Strategy": "Hashed", "Parent Relationship": "Outer", "Startup Cost": 2943484.63, "Total Cost": 2979077.1, "Plan Rows": 3559247, "Plan Width": 44, "Actual Startup Time": 39434.101, "Actual Total Time": 39489.776, "Actual Rows": 113719, "Actual Loops": 1, "Group By Key": ["lineitem.l_orderkey", "orders.o_orderdate", "orders.o_shippriority"], "Plans": [{"Node Type": "Hash Join", "Parent Relationship": "Outer", "Join Type": "Inner", "Startup Cost": 567106.02, "Total Cost": 2890095.93, "Plan Rows": 3559247, "Plan Width": 36, "Actual Startup Time": 9000.813, "Actual Total Time": 39142.959, "Actual Rows": 300219, "Actual Loops": 1, "Inner Unique": false, "Hash Cond": "(lineitem.l_orderkey = orders.o_orderkey), (LLVM Optimized, Jit Execute)", "Plans": [{"Node Type": "Seq Scan", "Parent Relationship": "Outer", "Relation Name": "lineitem", "Alias": "lineitem", "Startup Cost": 0.0, "Total Cost": 2165082.91, "Plan Rows": 32617206, "Plan Width": 24, "Actual Startup Time": 0.047, "Actual Total Time": 21094.063, "Actual Rows": 32384344, "Actual Loops": 1, "Filter": "(l_shipdate > '1995-03-13 00:00:00'::timestamp(0) without time zone), (LLVM Optimized, Jit Execute)", "Rows Removed by Filter": 27601708}, {"Node Type": "Hash", "Parent Relationship": "Inner", "Startup Cost": 558158.87, "Total Cost": 558158.87, "Plan Rows": 715772, "Plan Width": 20, "Actual Startup Time": 8999.234, "Actual Total Time": 8999.234, "Actual Rows": 1455173, "Actual Loops": 1, "Hash Buckets": 1048576, "Hash Batches": 1, "Original Hash Batches": 1, "Peak Memory Usage": 79580, "Plans": [{"Node Type": "Hash Join", "Parent Relationship": "Outer", "Join Type": "Inner", "Startup Cost": 60061.09, "Total Cost": 558158.87, "Plan Rows": 715772, "Plan Width": 20, "Actual Startup Time": 689.634, "Actual Total Time": 8382.487, "Actual Rows": 1455173, "Actual Loops": 1, "Inner Unique": true, "Hash Cond": "(orders.o_custkey = customer.c_custkey), (LLVM Optimized, Jit Execute)", "Plans": [{"Node Type": "Seq Scan", "Parent Relationship": "Outer", "Relation Name": "orders", "Alias": "orders", "Startup Cost": 385.74, "Total Cost": 463912.49, "Plan Rows": 7310217, "Plan Width": 28, "Actual Startup Time": 0.024, "Actual Total Time": 4815.307, "Actual Rows": 7276947, "Actual Loops": 1, "Filter": "(o_orderdate < '1995-03-13 00:00:00'::timestamp(0) without time zone), (LLVM Optimized, Jit Execute)", "Rows Removed by Filter": 7723053}, {"Node Type": "Hash", "Parent Relationship": "Inner", "Startup Cost": 55876.0, "Total Cost": 55876.0, "Plan Rows": 303948, "Plan Width": 8, "Actual Startup Time": 689.253, "Actual Total Time": 689.253, "Actual Rows": 300036, "Actual Loops": 1, "Hash Buckets": 524288, "Hash Batches": 1, "Original Hash Batches": 1, "Peak Memory Usage": 11721, "Plans": [{"Node Type": "Seq Scan", "Parent Relationship": "Outer", "Relation Name": "customer", "Alias": "customer", "Startup Cost": 0.0, "Total Cost": 55876.0, "Plan Rows": 303948, "Plan Width": 8, "Actual Startup Time": 0.022, "Actual Total Time": 601.693, "Actual Rows": 300036, "Actual Loops": 1, "Filter": "(c_mktsegment = 'AUTOMOBILE'::bpchar), (LLVM Optimized, Jit Execute)", "Rows Removed by Filter": 1199964}]}]}]}]}]}]}]}, "Triggers": [], "Planner Runtime": 1.23, "Total Runtime": 39527.144, "Unique SQL Id": 3929762122}}, "(64, '43')": {"explain_plan": {"Plan": {"Node Type": "Limit", "Startup Cost": 3000424682501.37, "Total Cost": 3000424682501.4, "Plan Rows": 10, "Plan Width": 44, "Plans": [{"Node Type": "Sort", "Parent Relationship": "Outer", "Startup Cost": 3000424682501.37, "Total Cost": 3000424691399.49, "Plan Rows": 10, "Plan Width": 44, "Sort Key": ["(sum((lineitem.l_extendedprice * (1::double precision - lineitem.l_discount)))) DESC", "orders.o_orderdate"], "Plans": [{"Node Type": "Aggregate", "Strategy": "Hashed", "Parent Relationship": "Outer", "Startup Cost": 3000424569994.85, "Total Cost": 3000424605587.32, "Plan Rows": 3559247, "Plan Width": 44, "Group By Key": ["lineitem.l_orderkey", "orders.o_orderdate", "orders.o_shippriority"], "Plans": [{"Node Type": "Hash Join", "Parent Relationship": "Outer", "Join Type": "Inner", "Startup Cost": 2010085346566.41, "Total Cost": 3000424516606.15, "Plan Rows": 3559247, "Plan Width": 36, "Inner Unique": false, "Hash Cond": "(lineitem.l_orderkey = orders.o_orderkey), (LLVM Optimized)", "Plans": [{"Node Type": "Index Scan", "Parent Relationship": "Outer", "Scan Direction": "Forward", "Index Name": "idx_lineitem_orderkey", "Relation Name": "lineitem", "Alias": "lineitem", "Startup Cost": 10000000000.0, "Total Cost": 1000339012132.75, "Plan Rows": 32617206, "Plan Width": 24, "Filter": "(l_shipdate > '1995-03-13 00:00:00'::timestamp(0) without time zone), (LLVM Optimized)"}, {"Node Type": "Hash", "Parent Relationship": "Inner", "Startup Cost": 2000085337619.26, "Total Cost": 2000085337619.26, "Plan Rows": 715772, "Plan Width": 20, "Plans": [{"Node Type": "Hash Join", "Parent Relationship": "Outer", "Join Type": "Inner", "Startup Cost": 1010008455334.97, "Total Cost": 2000085337619.26, "Plan Rows": 715772, "Plan Width": 20, "Inner Unique": true, "Hash Cond": "(orders.o_custkey = customer.c_custkey), (LLVM Optimized)", "Plans": [{"Node Type": "Index Scan", "Parent Relationship": "Outer", "Scan Direction": "Forward", "Index Name": "orders_pkey", "Relation Name": "orders", "Alias": "orders", "Startup Cost": 10000000000.0, "Total Cost": 1000076847713.25, "Plan Rows": 7310217, "Plan Width": 28, "Filter": "(o_orderdate < '1995-03-13 00:00:00'::timestamp(0) without time zone), (LLVM Optimized)"}, {"Node Type": "Hash", "Parent Relationship": "Inner", "Startup Cost": 1000008451535.62, "Total Cost": 1000008451535.62, "Plan Rows": 303948, "Plan Width": 8, "Plans": [{"Node Type": "Index Scan", "Parent Relationship": "Outer", "Scan Direction": "Forward", "Index Name": "customer_pkey", "Relation Name": "customer", "Alias": "customer", "Startup Cost": 10000000000.0, "Total Cost": 1000008451535.62, "Plan Rows": 303948, "Plan Width": 8, "Filter": "(c_mktsegment = 'AUTOMOBILE'::bpchar), (LLVM Optimized)"}]}]}]}]}]}]}]}, "Unique SQL Id": 3929762122, "Planner Runtime": 0}, "explain_analyze_plan": null}, "(64, '44')": {"explain_plan": {"Plan": {"Node Type": "Limit", "Startup Cost": 1728598.43, "Total Cost": 1728598.46, "Plan Rows": 10, "Plan Width": 44, "Plans": [{"Node Type": "Sort", "Parent Relationship": "Outer", "Startup Cost": 1728598.43, "Total Cost": 1737496.55, "Plan Rows": 10, "Plan Width": 44, "Sort Key": ["(sum((lineitem.l_extendedprice * (1::double precision - lineitem.l_discount)))) DESC", "orders.o_orderdate"], "Plans": [{"Node Type": "Aggregate", "Strategy": "Hashed", "Parent Relationship": "Outer", "Startup Cost": 1616091.91, "Total Cost": 1651684.38, "Plan Rows": 3559247, "Plan Width": 44, "Group By Key": ["lineitem.l_orderkey", "orders.o_orderdate", "orders.o_shippriority"], "Plans": [{"Node Type": "Nested Loop", "Parent Relationship": "Outer", "Join Type": "Inner", "Startup Cost": 60061.09, "Total Cost": 1562703.21, "Plan Rows": 3559247, "Plan Width": 36, "Inner Unique": false, "Plans": [{"Node Type": "Hash Join", "Parent Relationship": "Outer", "Join Type": "Inner", "Startup Cost": 60061.09, "Total Cost": 558158.87, "Plan Rows": 715772, "Plan Width": 20, "Inner Unique": true, "Hash Cond": "(orders.o_custkey = customer.c_custkey), (LLVM Optimized)", "Plans": [{"Node Type": "Seq Scan", "Parent Relationship": "Outer", "Relation Name": "orders", "Alias": "orders", "Startup Cost": 385.74, "Total Cost": 463912.49, "Plan Rows": 7310217, "Plan Width": 28, "Filter": "(o_orderdate < '1995-03-13 00:00:00'::timestamp(0) without time zone), (LLVM Optimized)"}, {"Node Type": "Hash", "Parent Relationship": "Inner", "Startup Cost": 55876.0, "Total Cost": 55876.0, "Plan Rows": 303948, "Plan Width": 8, "Plans": [{"Node Type": "Seq Scan", "Parent Relationship": "Outer", "Relation Name": "customer", "Alias": "customer", "Startup Cost": 0.0, "Total Cost": 55876.0, "Plan Rows": 303948, "Plan Width": 8, "Filter": "(c_mktsegment = 'AUTOMOBILE'::bpchar), (LLVM Optimized)"}]}]}, {"Node Type": "Index Scan", "Parent Relationship": "Inner", "Scan Direction": "Forward", "Index Name": "idx_lineitem_orderkey", "Relation Name": "lineitem", "Alias": "lineitem", "Startup Cost": 0.0, "Total Cost": 1.35, "Plan Rows": 5, "Plan Width": 24, "Index Cond": "(l_orderkey = orders.o_orderkey)", "Filter": "(l_shipdate > '1995-03-13 00:00:00'::timestamp(0) without time zone)"}]}]}]}]}, "Unique SQL Id": 3929762122, "Planner Runtime": 1}, "explain_analyze_plan": {"Plan": {"Node Type": "Limit", "Startup Cost": 1728598.43, "Total Cost": 1728598.46, "Plan Rows": 10, "Plan Width": 44, "Actual Startup Time": 20936.588, "Actual Total Time": 20936.592, "Actual Rows": 10, "Actual Loops": 1, "Plans": [{"Node Type": "Sort", "Parent Relationship": "Outer", "Startup Cost": 1728598.43, "Total Cost": 1737496.55, "Plan Rows": 10, "Plan Width": 44, "Actual Startup Time": 20936.583, "Actual Total Time": 20936.585, "Actual Rows": 10, "Actual Loops": 1, "Sort Key": ["(sum((lineitem.l_extendedprice * (1::double precision - lineitem.l_discount)))) DESC", "orders.o_orderdate"], "Sort Method": "top-N heapsort", "Sort Space Used": 26, "Sort Space Type": "Memory", "Plans": [{"Node Type": "Aggregate", "Strategy": "Hashed", "Parent Relationship": "Outer", "Startup Cost": 1616091.91, "Total Cost": 1651684.38, "Plan Rows": 3559247, "Plan Width": 44, "Actual Startup Time": 20852.87, "Actual Total Time": 20909.326, "Actual Rows": 113719, "Actual Loops": 1, "Group By Key": ["lineitem.l_orderkey", "orders.o_orderdate", "orders.o_shippriority"], "Plans": [{"Node Type": "Nested Loop", "Parent Relationship": "Outer", "Join Type": "Inner", "Startup Cost": 60061.09, "Total Cost": 1562703.21, "Plan Rows": 3559247, "Plan Width": 36, "Actual Startup Time": 794.406, "Actual Total Time": 20559.114, "Actual Rows": 300219, "Actual Loops": 1, "Inner Unique": false, "Plans": [{"Node Type": "Hash Join", "Parent Relationship": "Outer", "Join Type": "Inner", "Startup Cost": 60061.09, "Total Cost": 558158.87, "Plan Rows": 715772, "Plan Width": 20, "Actual Startup Time": 794.164, "Actual Total Time": 8763.213, "Actual Rows": 1455173, "Actual Loops": 1, "Inner Unique": true, "Hash Cond": "(orders.o_custkey = customer.c_custkey), (LLVM Optimized, Jit Execute)", "Plans": [{"Node Type": "Seq Scan", "Parent Relationship": "Outer", "Relation Name": "orders", "Alias": "orders", "Startup Cost": 385.74, "Total Cost": 463912.49, "Plan Rows": 7310217, "Plan Width": 28, "Actual Startup Time": 0.051, "Actual Total Time": 4845.533, "Actual Rows": 7276947, "Actual Loops": 1, "Filter": "(o_orderdate < '1995-03-13 00:00:00'::timestamp(0) without time zone), (LLVM Optimized, Jit Execute)", "Rows Removed by Filter": 7723053}, {"Node Type": "Hash", "Parent Relationship": "Inner", "Startup Cost": 55876.0, "Total Cost": 55876.0, "Plan Rows": 303948, "Plan Width": 8, "Actual Startup Time": 793.74, "Actual Total Time": 793.74, "Actual Rows": 300036, "Actual Loops": 1, "Hash Buckets": 524288, "Hash Batches": 1, "Original Hash Batches": 1, "Peak Memory Usage": 11721, "Plans": [{"Node Type": "Seq Scan", "Parent Relationship": "Outer", "Relation Name": "customer", "Alias": "customer", "Startup Cost": 0.0, "Total Cost": 55876.0, "Plan Rows": 303948, "Plan Width": 8, "Actual Startup Time": 0.019, "Actual Total Time": 669.81, "Actual Rows": 300036, "Actual Loops": 1, "Filter": "(c_mktsegment = 'AUTOMOBILE'::bpchar), (LLVM Optimized, Jit Execute)", "Rows Removed by Filter": 1199964}]}]}, {"Node Type": "Index Scan", "Parent Relationship": "Inner", "Scan Direction": "Forward", "Index Name": "idx_lineitem_orderkey", "Relation Name": "lineitem", "Alias": "lineitem", "Startup Cost": 0.0, "Total Cost": 1.35, "Plan Rows": 5, "Plan Width": 24, "Actual Startup Time": 10711.642, "Actual Total Time": 11003.512, "Actual Rows": 300219, "Actual Loops": 1455173, "Index Cond": "(l_orderkey = orders.o_orderkey)", "Rows Removed by Index Recheck": 0, "Filter": "(l_shipdate > '1995-03-13 00:00:00'::timestamp(0) without time zone)", "Rows Removed by Filter": 5519788}]}]}]}]}, "Triggers": [], "Planner Runtime": 1.236, "Total Runtime": 20946.451, "Unique SQL Id": 3929762122}}, "(64, '45')": {"explain_plan": {"Plan": {"Node Type": "Limit", "Startup Cost": 2061802.43, "Total Cost": 2061802.46, "Plan Rows": 10, "Plan Width": 44, "Plans": [{"Node Type": "Sort", "Parent Relationship": "Outer", "Startup Cost": 2061802.43, "Total Cost": 2070700.55, "Plan Rows": 10, "Plan Width": 44, "Sort Key": ["(sum((lineitem.l_extendedprice * (1::double precision - lineitem.l_discount)))) DESC", "orders.o_orderdate"], "Plans": [{"Node Type": "Aggregate", "Strategy": "Hashed", "Parent Relationship": "Outer", "Startup Cost": 1949295.92, "Total Cost": 1984888.39, "Plan Rows": 3559247, "Plan Width": 44, "Group By Key": ["lineitem.l_orderkey", "orders.o_orderdate", "orders.o_shippriority"], "Plans": [{"Node Type": "Nested Loop", "Parent Relationship": "Outer", "Join Type": "Inner", "Startup Cost": 88314.71, "Total Cost": 1895907.21, "Plan Rows": 3559247, "Plan Width": 36, "Inner Unique": false, "Plans": [{"Node Type": "Hash Join", "Parent Relationship": "Outer", "Join Type": "Inner", "Startup Cost": 88314.71, "Total Cost": 891362.87, "Plan Rows": 715772, "Plan Width": 20, "Inner Unique": true, "Hash Cond": "(orders.o_custkey = customer.c_custkey), (LLVM Optimized)", "Plans": [{"Node Type": "Index Scan", "Parent Relationship": "Outer", "Scan Direction": "Forward", "Index Name": "orders_pkey", "Relation Name": "orders", "Alias": "orders", "Startup Cost": 0.0, "Total Cost": 768477.13, "Plan Rows": 7310217, "Plan Width": 28, "Filter": "(o_orderdate < '1995-03-13 00:00:00'::timestamp(0) without time zone), (LLVM Optimized)"}, {"Node Type": "Hash", "Parent Relationship": "Inner", "Startup Cost": 84515.36, "Total Cost": 84515.36, "Plan Rows": 303948, "Plan Width": 8, "Plans": [{"Node Type": "Index Scan", "Parent Relationship": "Outer", "Scan Direction": "Forward", "Index Name": "customer_pkey", "Relation Name": "customer", "Alias": "customer", "Startup Cost": 0.0, "Total Cost": 84515.36, "Plan Rows": 303948, "Plan Width": 8, "Filter": "(c_mktsegment = 'AUTOMOBILE'::bpchar), (LLVM Optimized)"}]}]}, {"Node Type": "Index Scan", "Parent Relationship": "Inner", "Scan Direction": "Forward", "Index Name": "idx_lineitem_orderkey", "Relation Name": "lineitem", "Alias": "lineitem", "Startup Cost": 0.0, "Total Cost": 1.35, "Plan Rows": 5, "Plan Width": 24, "Index Cond": "(l_orderkey = orders.o_orderkey)", "Filter": "(l_shipdate > '1995-03-13 00:00:00'::timestamp(0) without time zone)"}]}]}]}]}, "Unique SQL Id": 3929762122, "Planner Runtime": 0}, "explain_analyze_plan": {"Plan": {"Node Type": "Limit", "Startup Cost": 2061802.43, "Total Cost": 2061802.46, "Plan Rows": 10, "Plan Width": 44, "Actual Startup Time": 25672.05, "Actual Total Time": 25672.053, "Actual Rows": 10, "Actual Loops": 1, "Plans": [{"Node Type": "Sort", "Parent Relationship": "Outer", "Startup Cost": 2061802.43, "Total Cost": 2070700.55, "Plan Rows": 10, "Plan Width": 44, "Actual Startup Time": 25672.047, "Actual Total Time": 25672.048, "Actual Rows": 10, "Actual Loops": 1, "Sort Key": ["(sum((lineitem.l_extendedprice * (1::double precision - lineitem.l_discount)))) DESC", "orders.o_orderdate"], "Sort Method": "top-N heapsort", "Sort Space Used": 26, "Sort Space Type": "Memory", "Plans": [{"Node Type": "Aggregate", "Strategy": "Hashed", "Parent Relationship": "Outer", "Startup Cost": 1949295.92, "Total Cost": 1984888.39, "Plan Rows": 3559247, "Plan Width": 44, "Actual Startup Time": 25588.41, "Actual Total Time": 25644.782, "Actual Rows": 113719, "Actual Loops": 1, "Group By Key": ["lineitem.l_orderkey", "orders.o_orderdate", "orders.o_shippriority"], "Plans": [{"Node Type": "Nested Loop", "Parent Relationship": "Outer", "Join Type": "Inner", "Startup Cost": 88314.71, "Total Cost": 1895907.21, "Plan Rows": 3559247, "Plan Width": 36, "Actual Startup Time": 1062.211, "Actual Total Time": 25289.084, "Actual Rows": 300219, "Actual Loops": 1, "Inner Unique": false, "Plans": [{"Node Type": "Hash Join", "Parent Relationship": "Outer", "Join Type": "Inner", "Startup Cost": 88314.71, "Total Cost": 891362.87, "Plan Rows": 715772, "Plan Width": 20, "Actual Startup Time": 1061.984, "Actual Total Time": 13602.54, "Actual Rows": 1455173, "Actual Loops": 1, "Inner Unique": true, "Hash Cond": "(orders.o_custkey = customer.c_custkey), (LLVM Optimized, Jit Execute)", "Plans": [{"Node Type": "Index Scan", "Parent Relationship": "Outer", "Scan Direction": "Forward", "Index Name": "orders_pkey", "Relation Name": "orders", "Alias": "orders", "Startup Cost": 0.0, "Total Cost": 768477.13, "Plan Rows": 7310217, "Plan Width": 28, "Actual Startup Time": 0.071, "Actual Total Time": 9446.102, "Actual Rows": 7276947, "Actual Loops": 1, "Filter": "(o_orderdate < '1995-03-13 00:00:00'::timestamp(0) without time zone), (LLVM Optimized, Jit Execute)", "Rows Removed by Filter": 7723053}, {"Node Type": "Hash", "Parent Relationship": "Inner", "Startup Cost": 84515.36, "Total Cost": 84515.36, "Plan Rows": 303948, "Plan Width": 8, "Actual Startup Time": 1061.528, "Actual Total Time": 1061.528, "Actual Rows": 300036, "Actual Loops": 1, "Hash Buckets": 524288, "Hash Batches": 1, "Original Hash Batches": 1, "Peak Memory Usage": 11721, "Plans": [{"Node Type": "Index Scan", "Parent Relationship": "Outer", "Scan Direction": "Forward", "Index Name": "customer_pkey", "Relation Name": "customer", "Alias": "customer", "Startup Cost": 0.0, "Total Cost": 84515.36, "Plan Rows": 303948, "Plan Width": 8, "Actual Startup Time": 0.027, "Actual Total Time": 960.549, "Actual Rows": 300036, "Actual Loops": 1, "Filter": "(c_mktsegment = 'AUTOMOBILE'::bpchar), (LLVM Optimized, Jit Execute)", "Rows Removed by Filter": 1199964}]}]}, {"Node Type": "Index Scan", "Parent Relationship": "Inner", "Scan Direction": "Forward", "Index Name": "idx_lineitem_orderkey", "Relation Name": "lineitem", "Alias": "lineitem", "Startup Cost": 0.0, "Total Cost": 1.35, "Plan Rows": 5, "Plan Width": 24, "Actual Startup Time": 10601.802, "Actual Total Time": 10891.035, "Actual Rows": 300219, "Actual Loops": 1455173, "Index Cond": "(l_orderkey = orders.o_orderkey)", "Rows Removed by Index Recheck": 0, "Filter": "(l_shipdate > '1995-03-13 00:00:00'::timestamp(0) without time zone)", "Rows Removed by Filter": 5519788}]}]}]}]}, "Triggers": [], "Planner Runtime": 1.227, "Total Runtime": 25681.824, "Unique SQL Id": 3929762122}}, "(64, '46')": {"explain_plan": {"Plan": {"Node Type": "Limit", "Startup Cost": 3055991.15, "Total Cost": 3055991.17, "Plan Rows": 10, "Plan Width": 44, "Plans": [{"Node Type": "Sort", "Parent Relationship": "Outer", "Startup Cost": 3055991.15, "Total Cost": 3064889.27, "Plan Rows": 10, "Plan Width": 44, "Sort Key": ["(sum((lineitem.l_extendedprice * (1::double precision - lineitem.l_discount)))) DESC", "orders.o_orderdate"], "Plans": [{"Node Type": "Aggregate", "Strategy": "Hashed", "Parent Relationship": "Outer", "Startup Cost": 2943484.63, "Total Cost": 2979077.1, "Plan Rows": 3559247, "Plan Width": 44, "Group By Key": ["lineitem.l_orderkey", "orders.o_orderdate", "orders.o_shippriority"], "Plans": [{"Node Type": "Hash Join", "Parent Relationship": "Outer", "Join Type": "Inner", "Startup Cost": 567106.02, "Total Cost": 2890095.93, "Plan Rows": 3559247, "Plan Width": 36, "Inner Unique": false, "Hash Cond": "(lineitem.l_orderkey = orders.o_orderkey), (LLVM Optimized)", "Plans": [{"Node Type": "Seq Scan", "Parent Relationship": "Outer", "Relation Name": "lineitem", "Alias": "lineitem", "Startup Cost": 0.0, "Total Cost": 2165082.91, "Plan Rows": 32617206, "Plan Width": 24, "Filter": "(l_shipdate > '1995-03-13 00:00:00'::timestamp(0) without time zone), (LLVM Optimized)"}, {"Node Type": "Hash", "Parent Relationship": "Inner", "Startup Cost": 558158.87, "Total Cost": 558158.87, "Plan Rows": 715772, "Plan Width": 20, "Plans": [{"Node Type": "Hash Join", "Parent Relationship": "Outer", "Join Type": "Inner", "Startup Cost": 60061.09, "Total Cost": 558158.87, "Plan Rows": 715772, "Plan Width": 20, "Inner Unique": true, "Hash Cond": "(orders.o_custkey = customer.c_custkey), (LLVM Optimized)", "Plans": [{"Node Type": "Seq Scan", "Parent Relationship": "Outer", "Relation Name": "orders", "Alias": "orders", "Startup Cost": 385.74, "Total Cost": 463912.49, "Plan Rows": 7310217, "Plan Width": 28, "Filter": "(o_orderdate < '1995-03-13 00:00:00'::timestamp(0) without time zone), (LLVM Optimized)"}, {"Node Type": "Hash", "Parent Relationship": "Inner", "Startup Cost": 55876.0, "Total Cost": 55876.0, "Plan Rows": 303948, "Plan Width": 8, "Plans": [{"Node Type": "Seq Scan", "Parent Relationship": "Outer", "Relation Name": "customer", "Alias": "customer", "Startup Cost": 0.0, "Total Cost": 55876.0, "Plan Rows": 303948, "Plan Width": 8, "Filter": "(c_mktsegment = 'AUTOMOBILE'::bpchar), (LLVM Optimized)"}]}]}]}]}]}]}]}, "Unique SQL Id": 3929762122, "Planner Runtime": 0}, "explain_analyze_plan": {"Plan": {"Node Type": "Limit", "Startup Cost": 3055991.15, "Total Cost": 3055991.17, "Plan Rows": 10, "Plan Width": 44, "Actual Startup Time": 39516.846, "Actual Total Time": 39516.85, "Actual Rows": 10, "Actual Loops": 1, "Plans": [{"Node Type": "Sort", "Parent Relationship": "Outer", "Startup Cost": 3055991.15, "Total Cost": 3064889.27, "Plan Rows": 10, "Plan Width": 44, "Actual Startup Time": 39516.843, "Actual Total Time": 39516.844, "Actual Rows": 10, "Actual Loops": 1, "Sort Key": ["(sum((lineitem.l_extendedprice * (1::double precision - lineitem.l_discount)))) DESC", "orders.o_orderdate"], "Sort Method": "top-N heapsort", "Sort Space Used": 26, "Sort Space Type": "Memory", "Plans": [{"Node Type": "Aggregate", "Strategy": "Hashed", "Parent Relationship": "Outer", "Startup Cost": 2943484.63, "Total Cost": 2979077.1, "Plan Rows": 3559247, "Plan Width": 44, "Actual Startup Time": 39434.101, "Actual Total Time": 39489.776, "Actual Rows": 113719, "Actual Loops": 1, "Group By Key": ["lineitem.l_orderkey", "orders.o_orderdate", "orders.o_shippriority"], "Plans": [{"Node Type": "Hash Join", "Parent Relationship": "Outer", "Join Type": "Inner", "Startup Cost": 567106.02, "Total Cost": 2890095.93, "Plan Rows": 3559247, "Plan Width": 36, "Actual Startup Time": 9000.813, "Actual Total Time": 39142.959, "Actual Rows": 300219, "Actual Loops": 1, "Inner Unique": false, "Hash Cond": "(lineitem.l_orderkey = orders.o_orderkey), (LLVM Optimized, Jit Execute)", "Plans": [{"Node Type": "Seq Scan", "Parent Relationship": "Outer", "Relation Name": "lineitem", "Alias": "lineitem", "Startup Cost": 0.0, "Total Cost": 2165082.91, "Plan Rows": 32617206, "Plan Width": 24, "Actual Startup Time": 0.047, "Actual Total Time": 21094.063, "Actual Rows": 32384344, "Actual Loops": 1, "Filter": "(l_shipdate > '1995-03-13 00:00:00'::timestamp(0) without time zone), (LLVM Optimized, Jit Execute)", "Rows Removed by Filter": 27601708}, {"Node Type": "Hash", "Parent Relationship": "Inner", "Startup Cost": 558158.87, "Total Cost": 558158.87, "Plan Rows": 715772, "Plan Width": 20, "Actual Startup Time": 8999.234, "Actual Total Time": 8999.234, "Actual Rows": 1455173, "Actual Loops": 1, "Hash Buckets": 1048576, "Hash Batches": 1, "Original Hash Batches": 1, "Peak Memory Usage": 79580, "Plans": [{"Node Type": "Hash Join", "Parent Relationship": "Outer", "Join Type": "Inner", "Startup Cost": 60061.09, "Total Cost": 558158.87, "Plan Rows": 715772, "Plan Width": 20, "Actual Startup Time": 689.634, "Actual Total Time": 8382.487, "Actual Rows": 1455173, "Actual Loops": 1, "Inner Unique": true, "Hash Cond": "(orders.o_custkey = customer.c_custkey), (LLVM Optimized, Jit Execute)", "Plans": [{"Node Type": "Seq Scan", "Parent Relationship": "Outer", "Relation Name": "orders", "Alias": "orders", "Startup Cost": 385.74, "Total Cost": 463912.49, "Plan Rows": 7310217, "Plan Width": 28, "Actual Startup Time": 0.024, "Actual Total Time": 4815.307, "Actual Rows": 7276947, "Actual Loops": 1, "Filter": "(o_orderdate < '1995-03-13 00:00:00'::timestamp(0) without time zone), (LLVM Optimized, Jit Execute)", "Rows Removed by Filter": 7723053}, {"Node Type": "Hash", "Parent Relationship": "Inner", "Startup Cost": 55876.0, "Total Cost": 55876.0, "Plan Rows": 303948, "Plan Width": 8, "Actual Startup Time": 689.253, "Actual Total Time": 689.253, "Actual Rows": 300036, "Actual Loops": 1, "Hash Buckets": 524288, "Hash Batches": 1, "Original Hash Batches": 1, "Peak Memory Usage": 11721, "Plans": [{"Node Type": "Seq Scan", "Parent Relationship": "Outer", "Relation Name": "customer", "Alias": "customer", "Startup Cost": 0.0, "Total Cost": 55876.0, "Plan Rows": 303948, "Plan Width": 8, "Actual Startup Time": 0.022, "Actual Total Time": 601.693, "Actual Rows": 300036, "Actual Loops": 1, "Filter": "(c_mktsegment = 'AUTOMOBILE'::bpchar), (LLVM Optimized, Jit Execute)", "Rows Removed by Filter": 1199964}]}]}]}]}]}]}]}, "Triggers": [], "Planner Runtime": 1.23, "Total Runtime": 39527.144, "Unique SQL Id": 3929762122}}, "(64, '47')": {"explain_plan": {"Plan": {"Node Type": "Limit", "Startup Cost": 3000424682501.37, "Total Cost": 3000424682501.4, "Plan Rows": 10, "Plan Width": 44, "Plans": [{"Node Type": "Sort", "Parent Relationship": "Outer", "Startup Cost": 3000424682501.37, "Total Cost": 3000424691399.49, "Plan Rows": 10, "Plan Width": 44, "Sort Key": ["(sum((lineitem.l_extendedprice * (1::double precision - lineitem.l_discount)))) DESC", "orders.o_orderdate"], "Plans": [{"Node Type": "Aggregate", "Strategy": "Hashed", "Parent Relationship": "Outer", "Startup Cost": 3000424569994.85, "Total Cost": 3000424605587.32, "Plan Rows": 3559247, "Plan Width": 44, "Group By Key": ["lineitem.l_orderkey", "orders.o_orderdate", "orders.o_shippriority"], "Plans": [{"Node Type": "Hash Join", "Parent Relationship": "Outer", "Join Type": "Inner", "Startup Cost": 2010085346566.41, "Total Cost": 3000424516606.15, "Plan Rows": 3559247, "Plan Width": 36, "Inner Unique": false, "Hash Cond": "(lineitem.l_orderkey = orders.o_orderkey), (LLVM Optimized)", "Plans": [{"Node Type": "Index Scan", "Parent Relationship": "Outer", "Scan Direction": "Forward", "Index Name": "idx_lineitem_orderkey", "Relation Name": "lineitem", "Alias": "lineitem", "Startup Cost": 10000000000.0, "Total Cost": 1000339012132.75, "Plan Rows": 32617206, "Plan Width": 24, "Filter": "(l_shipdate > '1995-03-13 00:00:00'::timestamp(0) without time zone), (LLVM Optimized)"}, {"Node Type": "Hash", "Parent Relationship": "Inner", "Startup Cost": 2000085337619.26, "Total Cost": 2000085337619.26, "Plan Rows": 715772, "Plan Width": 20, "Plans": [{"Node Type": "Hash Join", "Parent Relationship": "Outer", "Join Type": "Inner", "Startup Cost": 1010008455334.97, "Total Cost": 2000085337619.26, "Plan Rows": 715772, "Plan Width": 20, "Inner Unique": true, "Hash Cond": "(orders.o_custkey = customer.c_custkey), (LLVM Optimized)", "Plans": [{"Node Type": "Index Scan", "Parent Relationship": "Outer", "Scan Direction": "Forward", "Index Name": "orders_pkey", "Relation Name": "orders", "Alias": "orders", "Startup Cost": 10000000000.0, "Total Cost": 1000076847713.25, "Plan Rows": 7310217, "Plan Width": 28, "Filter": "(o_orderdate < '1995-03-13 00:00:00'::timestamp(0) without time zone), (LLVM Optimized)"}, {"Node Type": "Hash", "Parent Relationship": "Inner", "Startup Cost": 1000008451535.62, "Total Cost": 1000008451535.62, "Plan Rows": 303948, "Plan Width": 8, "Plans": [{"Node Type": "Index Scan", "Parent Relationship": "Outer", "Scan Direction": "Forward", "Index Name": "customer_pkey", "Relation Name": "customer", "Alias": "customer", "Startup Cost": 10000000000.0, "Total Cost": 1000008451535.62, "Plan Rows": 303948, "Plan Width": 8, "Filter": "(c_mktsegment = 'AUTOMOBILE'::bpchar), (LLVM Optimized)"}]}]}]}]}]}]}]}, "Unique SQL Id": 3929762122, "Planner Runtime": 0}, "explain_analyze_plan": null}, "(64, '48')": {"explain_plan": {"Plan": {"Node Type": "Limit", "Startup Cost": 2671272.65, "Total Cost": 2671272.68, "Plan Rows": 10, "Plan Width": 44, "Plans": [{"Node Type": "Sort", "Parent Relationship": "Outer", "Startup Cost": 2671272.65, "Total Cost": 2680170.77, "Plan Rows": 10, "Plan Width": 44, "Sort Key": ["(sum((lineitem.l_extendedprice * (1::double precision - lineitem.l_discount)))) DESC", "orders.o_orderdate"], "Plans": [{"Node Type": "Aggregate", "Strategy": "Hashed", "Parent Relationship": "Outer", "Startup Cost": 2558766.13, "Total Cost": 2594358.6, "Plan Rows": 3559247, "Plan Width": 44, "Group By Key": ["lineitem.l_orderkey", "orders.o_orderdate", "orders.o_shippriority"], "Plans": [{"Node Type": "Nested Loop", "Parent Relationship": "Outer", "Join Type": "Inner", "Startup Cost": 0.0, "Total Cost": 2505377.43, "Plan Rows": 3559247, "Plan Width": 36, "Inner Unique": false, "Plans": [{"Node Type": "Nested Loop", "Parent Relationship": "Outer", "Join Type": "Inner", "Startup Cost": 0.0, "Total Cost": 1500833.09, "Plan Rows": 715772, "Plan Width": 20, "Inner Unique": false, "Plans": [{"Node Type": "Seq Scan", "Parent Relationship": "Outer", "Relation Name": "customer", "Alias": "customer", "Startup Cost": 0.0, "Total Cost": 55876.0, "Plan Rows": 303948, "Plan Width": 8, "Filter": "(c_mktsegment = 'AUTOMOBILE'::bpchar), (LLVM Optimized)"}, {"Node Type": "Index Scan", "Parent Relationship": "Inner", "Scan Direction": "Forward", "Index Name": "idx_orders_custkey", "Relation Name": "orders", "Alias": "orders", "Startup Cost": 0.0, "Total Cost": 4.73, "Plan Rows": 2, "Plan Width": 28, "Index Cond": "(o_custkey = customer.c_custkey)", "Filter": "(o_orderdate < '1995-03-13 00:00:00'::timestamp(0) without time zone)"}]}, {"Node Type": "Index Scan", "Parent Relationship": "Inner", "Scan Direction": "Forward", "Index Name": "idx_lineitem_orderkey", "Relation Name": "lineitem", "Alias": "lineitem", "Startup Cost": 0.0, "Total Cost": 1.35, "Plan Rows": 5, "Plan Width": 24, "Index Cond": "(l_orderkey = orders.o_orderkey)", "Filter": "(l_shipdate > '1995-03-13 00:00:00'::timestamp(0) without time zone)"}]}]}]}]}, "Unique SQL Id": 3929762122, "Planner Runtime": 0}, "explain_analyze_plan": {"Plan": {"Node Type": "Limit", "Startup Cost": 2671272.65, "Total Cost": 2671272.68, "Plan Rows": 10, "Plan Width": 44, "Actual Startup Time": 26214.652, "Actual Total Time": 26214.655, "Actual Rows": 10, "Actual Loops": 1, "Plans": [{"Node Type": "Sort", "Parent Relationship": "Outer", "Startup Cost": 2671272.65, "Total Cost": 2680170.77, "Plan Rows": 10, "Plan Width": 44, "Actual Startup Time": 26214.648, "Actual Total Time": 26214.648, "Actual Rows": 10, "Actual Loops": 1, "Sort Key": ["(sum((lineitem.l_extendedprice * (1::double precision - lineitem.l_discount)))) DESC", "orders.o_orderdate"], "Sort Method": "top-N heapsort", "Sort Space Used": 26, "Sort Space Type": "Memory", "Plans": [{"Node Type": "Aggregate", "Strategy": "Hashed", "Parent Relationship": "Outer", "Startup Cost": 2558766.13, "Total Cost": 2594358.6, "Plan Rows": 3559247, "Plan Width": 44, "Actual Startup Time": 26099.03, "Actual Total Time": 26186.826, "Actual Rows": 113719, "Actual Loops": 1, "Group By Key": ["lineitem.l_orderkey", "orders.o_orderdate", "orders.o_shippriority"], "Plans": [{"Node Type": "Nested Loop", "Parent Relationship": "Outer", "Join Type": "Inner", "Startup Cost": 0.0, "Total Cost": 2505377.43, "Plan Rows": 3559247, "Plan Width": 36, "Actual Startup Time": 0.183, "Actual Total Time": 25776.007, "Actual Rows": 300219, "Actual Loops": 1, "Inner Unique": false, "Plans": [{"Node Type": "Nested Loop", "Parent Relationship": "Outer", "Join Type": "Inner", "Startup Cost": 0.0, "Total Cost": 1500833.09, "Plan Rows": 715772, "Plan Width": 20, "Actual Startup Time": 0.09, "Actual Total Time": 8701.521, "Actual Rows": 1455173, "Actual Loops": 1, "Inner Unique": false, "Plans": [{"Node Type": "Seq Scan", "Parent Relationship": "Outer", "Relation Name": "customer", "Alias": "customer", "Startup Cost": 0.0, "Total Cost": 55876.0, "Plan Rows": 303948, "Plan Width": 8, "Actual Startup Time": 0.044, "Actual Total Time": 618.892, "Actual Rows": 300036, "Actual Loops": 1, "Filter": "(c_mktsegment = 'AUTOMOBILE'::bpchar), (LLVM Optimized, Jit Execute)", "Rows Removed by Filter": 1199964}, {"Node Type": "Index Scan", "Parent Relationship": "Inner", "Scan Direction": "Forward", "Index Name": "idx_orders_custkey", "Relation Name": "orders", "Alias": "orders", "Startup Cost": 0.0, "Total Cost": 4.73, "Plan Rows": 2, "Plan Width": 28, "Actual Startup Time": 1930.754, "Actual Total Time": 7545.624, "Actual Rows": 1455173, "Actual Loops": 300036, "Index Cond": "(o_custkey = customer.c_custkey)", "Rows Removed by Index Recheck": 0, "Filter": "(o_orderdate < '1995-03-13 00:00:00'::timestamp(0) without time zone)", "Rows Removed by Filter": 1545367}]}, {"Node Type": "Index Scan", "Parent Relationship": "Inner", "Scan Direction": "Forward", "Index Name": "idx_lineitem_orderkey", "Relation Name": "lineitem", "Alias": "lineitem", "Startup Cost": 0.0, "Total Cost": 1.35, "Plan Rows": 5, "Plan Width": 24, "Actual Startup Time": 15967.791, "Actual Total Time": 16264.523, "Actual Rows": 300219, "Actual Loops": 1455173, "Index Cond": "(l_orderkey = orders.o_orderkey)", "Rows Removed by Index Recheck": 0, "Filter": "(l_shipdate > '1995-03-13 00:00:00'::timestamp(0) without time zone)", "Rows Removed by Filter": 5519788}]}]}]}]}, "Triggers": [], "Planner Runtime": 0.651, "Total Runtime": 26223.963, "Unique SQL Id": 3929762122}}, "(64, '49')": {"explain_plan": {"Plan": {"Node Type": "Limit", "Startup Cost": 2699912.01, "Total Cost": 2699912.03, "Plan Rows": 10, "Plan Width": 44, "Plans": [{"Node Type": "Sort", "Parent Relationship": "Outer", "Startup Cost": 2699912.01, "Total Cost": 2708810.13, "Plan Rows": 10, "Plan Width": 44, "Sort Key": ["(sum((lineitem.l_extendedprice * (1::double precision - lineitem.l_discount)))) DESC", "orders.o_orderdate"], "Plans": [{"Node Type": "Aggregate", "Strategy": "Hashed", "Parent Relationship": "Outer", "Startup Cost": 2587405.49, "Total Cost": 2622997.96, "Plan Rows": 3559247, "Plan Width": 44, "Group By Key": ["lineitem.l_orderkey", "orders.o_orderdate", "orders.o_shippriority"], "Plans": [{"Node Type": "Nested Loop", "Parent Relationship": "Outer", "Join Type": "Inner", "Startup Cost": 0.0, "Total Cost": 2534016.78, "Plan Rows": 3559247, "Plan Width": 36, "Inner Unique": false, "Plans": [{"Node Type": "Nested Loop", "Parent Relationship": "Outer", "Join Type": "Inner", "Startup Cost": 0.0, "Total Cost": 1529472.45, "Plan Rows": 715772, "Plan Width": 20, "Inner Unique": false, "Plans": [{"Node Type": "Index Scan", "Parent Relationship": "Outer", "Scan Direction": "Forward", "Index Name": "customer_pkey", "Relation Name": "customer", "Alias": "customer", "Startup Cost": 0.0, "Total Cost": 84515.36, "Plan Rows": 303948, "Plan Width": 8, "Filter": "(c_mktsegment = 'AUTOMOBILE'::bpchar), (LLVM Optimized)"}, {"Node Type": "Index Scan", "Parent Relationship": "Inner", "Scan Direction": "Forward", "Index Name": "idx_orders_custkey", "Relation Name": "orders", "Alias": "orders", "Startup Cost": 0.0, "Total Cost": 4.73, "Plan Rows": 2, "Plan Width": 28, "Index Cond": "(o_custkey = customer.c_custkey)", "Filter": "(o_orderdate < '1995-03-13 00:00:00'::timestamp(0) without time zone)"}]}, {"Node Type": "Index Scan", "Parent Relationship": "Inner", "Scan Direction": "Forward", "Index Name": "idx_lineitem_orderkey", "Relation Name": "lineitem", "Alias": "lineitem", "Startup Cost": 0.0, "Total Cost": 1.35, "Plan Rows": 5, "Plan Width": 24, "Index Cond": "(l_orderkey = orders.o_orderkey)", "Filter": "(l_shipdate > '1995-03-13 00:00:00'::timestamp(0) without time zone)"}]}]}]}]}, "Unique SQL Id": 3929762122, "Planner Runtime": 1}, "explain_analyze_plan": {"Plan": {"Node Type": "Limit", "Startup Cost": 2699912.01, "Total Cost": 2699912.03, "Plan Rows": 10, "Plan Width": 44, "Actual Startup Time": 26685.581, "Actual Total Time": 26685.584, "Actual Rows": 10, "Actual Loops": 1, "Plans": [{"Node Type": "Sort", "Parent Relationship": "Outer", "Startup Cost": 2699912.01, "Total Cost": 2708810.13, "Plan Rows": 10, "Plan Width": 44, "Actual Startup Time": 26685.578, "Actual Total Time": 26685.58, "Actual Rows": 10, "Actual Loops": 1, "Sort Key": ["(sum((lineitem.l_extendedprice * (1::double precision - lineitem.l_discount)))) DESC", "orders.o_orderdate"], "Sort Method": "top-N heapsort", "Sort Space Used": 26, "Sort Space Type": "Memory", "Plans": [{"Node Type": "Aggregate", "Strategy": "Hashed", "Parent Relationship": "Outer", "Startup Cost": 2587405.49, "Total Cost": 2622997.96, "Plan Rows": 3559247, "Plan Width": 44, "Actual Startup Time": 26602.076, "Actual Total Time": 26658.408, "Actual Rows": 113719, "Actual Loops": 1, "Group By Key": ["lineitem.l_orderkey", "orders.o_orderdate", "orders.o_shippriority"], "Plans": [{"Node Type": "Nested Loop", "Parent Relationship": "Outer", "Join Type": "Inner", "Startup Cost": 0.0, "Total Cost": 2534016.78, "Plan Rows": 3559247, "Plan Width": 36, "Actual Startup Time": 0.213, "Actual Total Time": 26263.183, "Actual Rows": 300219, "Actual Loops": 1, "Inner Unique": false, "Plans": [{"Node Type": "Nested Loop", "Parent Relationship": "Outer", "Join Type": "Inner", "Startup Cost": 0.0, "Total Cost": 1529472.45, "Plan Rows": 715772, "Plan Width": 20, "Actual Startup Time": 0.08, "Actual Total Time": 9128.536, "Actual Rows": 1455173, "Actual Loops": 1, "Inner Unique": false, "Plans": [{"Node Type": "Index Scan", "Parent Relationship": "Outer", "Scan Direction": "Forward", "Index Name": "customer_pkey", "Relation Name": "customer", "Alias": "customer", "Startup Cost": 0.0, "Total Cost": 84515.36, "Plan Rows": 303948, "Plan Width": 8, "Actual Startup Time": 0.053, "Actual Total Time": 1062.354, "Actual Rows": 300036, "Actual Loops": 1, "Filter": "(c_mktsegment = 'AUTOMOBILE'::bpchar), (LLVM Optimized, Jit Execute)", "Rows Removed by Filter": 1199964}, {"Node Type": "Index Scan", "Parent Relationship": "Inner", "Scan Direction": "Forward", "Index Name": "idx_orders_custkey", "Relation Name": "orders", "Alias": "orders", "Startup Cost": 0.0, "Total Cost": 4.73, "Plan Rows": 2, "Plan Width": 28, "Actual Startup Time": 1928.711, "Actual Total Time": 7530.701, "Actual Rows": 1455173, "Actual Loops": 300036, "Index Cond": "(o_custkey = customer.c_custkey)", "Rows Removed by Index Recheck": 0, "Filter": "(o_orderdate < '1995-03-13 00:00:00'::timestamp(0) without time zone)", "Rows Removed by Filter": 1545367}]}, {"Node Type": "Index Scan", "Parent Relationship": "Inner", "Scan Direction": "Forward", "Index Name": "idx_lineitem_orderkey", "Relation Name": "lineitem", "Alias": "lineitem", "Startup Cost": 0.0, "Total Cost": 1.35, "Plan Rows": 5, "Plan Width": 24, "Actual Startup Time": 16010.7, "Actual Total Time": 16309.937, "Actual Rows": 300219, "Actual Loops": 1455173, "Index Cond": "(l_orderkey = orders.o_orderkey)", "Rows Removed by Index Recheck": 0, "Filter": "(l_shipdate > '1995-03-13 00:00:00'::timestamp(0) without time zone)", "Rows Removed by Filter": 5519788}]}]}]}]}, "Triggers": [], "Planner Runtime": 1.117, "Total Runtime": 26695.09, "Unique SQL Id": 3929762122}}, "(64, '50')": {"explain_plan": {"Plan": {"Node Type": "Limit", "Startup Cost": 5091242.79, "Total Cost": 5091242.81, "Plan Rows": 10, "Plan Width": 44, "Plans": [{"Node Type": "Sort", "Parent Relationship": "Outer", "Startup Cost": 5091242.79, "Total Cost": 5100140.91, "Plan Rows": 10, "Plan Width": 44, "Sort Key": ["(sum((lineitem.l_extendedprice * (1::double precision - lineitem.l_discount)))) DESC", "orders.o_orderdate"], "Plans": [{"Node Type": "Aggregate", "Strategy": "Hashed", "Parent Relationship": "Outer", "Startup Cost": 4978736.27, "Total Cost": 5014328.74, "Plan Rows": 3559247, "Plan Width": 44, "Group By Key": ["lineitem.l_orderkey", "orders.o_orderdate", "orders.o_shippriority"], "Plans": [{"Node Type": "Nested Loop", "Parent Relationship": "Outer", "Join Type": "Inner", "Startup Cost": 1.48, "Total Cost": 4925347.57, "Plan Rows": 3559247, "Plan Width": 36, "Inner Unique": false, "Plans": [{"Node Type": "Nested Loop", "Parent Relationship": "Outer", "Join Type": "Inner", "Startup Cost": 1.04, "Total Cost": 1611109.25, "Plan Rows": 715772, "Plan Width": 20, "Inner Unique": false, "Plans": [{"Node Type": "Seq Scan", "Parent Relationship": "Outer", "Relation Name": "customer", "Alias": "customer", "Startup Cost": 0.0, "Total Cost": 55876.0, "Plan Rows": 303948, "Plan Width": 8, "Filter": "(c_mktsegment = 'AUTOMOBILE'::bpchar), (LLVM Optimized)"}, {"Node Type": "Bitmap Heap Scan", "Parent Relationship": "Inner", "Relation Name": "orders", "Alias": "orders", "Startup Cost": 1.04, "Total Cost": 5.1, "Plan Rows": 2, "Plan Width": 28, "Recheck Cond": "(o_custkey = customer.c_custkey)", "Filter": "(o_orderdate < '1995-03-13 00:00:00'::timestamp(0) without time zone)", "Plans": [{"Node Type": "Bitmap Index Scan", "Parent Relationship": "Outer", "Index Name": "idx_orders_custkey", "Startup Cost": 0.0, "Total Cost": 1.04, "Plan Rows": 4, "Plan Width": 0, "Index Cond": "(o_custkey = customer.c_custkey)"}]}]}, {"Node Type": "Bitmap Heap Scan", "Parent Relationship": "Inner", "Relation Name": "lineitem", "Alias": "lineitem", "Startup Cost": 0.45, "Total Cost": 4.58, "Plan Rows": 5, "Plan Width": 24, "Recheck Cond": "(l_orderkey = orders.o_orderkey)", "Filter": "(l_shipdate > '1995-03-13 00:00:00'::timestamp(0) without time zone)", "Plans": [{"Node Type": "Bitmap Index Scan", "Parent Relationship": "Outer", "Index Name": "idx_lineitem_orderkey", "Startup Cost": 0.0, "Total Cost": 0.44, "Plan Rows": 9, "Plan Width": 0, "Index Cond": "(l_orderkey = orders.o_orderkey)"}]}]}]}]}]}, "Unique SQL Id": 3929762122, "Planner Runtime": 0}, "explain_analyze_plan": {"Plan": {"Node Type": "Limit", "Startup Cost": 5091242.79, "Total Cost": 5091242.81, "Plan Rows": 10, "Plan Width": 44, "Actual Startup Time": 31952.094, "Actual Total Time": 31952.098, "Actual Rows": 10, "Actual Loops": 1, "Plans": [{"Node Type": "Sort", "Parent Relationship": "Outer", "Startup Cost": 5091242.79, "Total Cost": 5100140.91, "Plan Rows": 10, "Plan Width": 44, "Actual Startup Time": 31952.092, "Actual Total Time": 31952.094, "Actual Rows": 10, "Actual Loops": 1, "Sort Key": ["(sum((lineitem.l_extendedprice * (1::double precision - lineitem.l_discount)))) DESC", "orders.o_orderdate"], "Sort Method": "top-N heapsort", "Sort Space Used": 26, "Sort Space Type": "Memory", "Plans": [{"Node Type": "Aggregate", "Strategy": "Hashed", "Parent Relationship": "Outer", "Startup Cost": 4978736.27, "Total Cost": 5014328.74, "Plan Rows": 3559247, "Plan Width": 44, "Actual Startup Time": 31834.373, "Actual Total Time": 31924.561, "Actual Rows": 113719, "Actual Loops": 1, "Group By Key": ["lineitem.l_orderkey", "orders.o_orderdate", "orders.o_shippriority"], "Plans": [{"Node Type": "Nested Loop", "Parent Relationship": "Outer", "Join Type": "Inner", "Startup Cost": 1.48, "Total Cost": 4925347.57, "Plan Rows": 3559247, "Plan Width": 36, "Actual Startup Time": 0.273, "Actual Total Time": 31455.165, "Actual Rows": 300219, "Actual Loops": 1, "Inner Unique": false, "Plans": [{"Node Type": "Nested Loop", "Parent Relationship": "Outer", "Join Type": "Inner", "Startup Cost": 1.04, "Total Cost": 1611109.25, "Plan Rows": 715772, "Plan Width": 20, "Actual Startup Time": 0.112, "Actual Total Time": 11477.213, "Actual Rows": 1455173, "Actual Loops": 1, "Inner Unique": false, "Plans": [{"Node Type": "Seq Scan", "Parent Relationship": "Outer", "Relation Name": "customer", "Alias": "customer", "Startup Cost": 0.0, "Total Cost": 55876.0, "Plan Rows": 303948, "Plan Width": 8, "Actual Startup Time": 0.044, "Actual Total Time": 665.914, "Actual Rows": 300036, "Actual Loops": 1, "Filter": "(c_mktsegment = 'AUTOMOBILE'::bpchar), (LLVM Optimized, Jit Execute)", "Rows Removed by Filter": 1199964}, {"Node Type": "Bitmap Heap Scan", "Parent Relationship": "Inner", "Relation Name": "orders", "Alias": "orders", "Startup Cost": 1.04, "Total Cost": 5.1, "Plan Rows": 2, "Plan Width": 28, "Actual Startup Time": 3190.167, "Actual Total Time": 10053.345, "Actual Rows": 1455173, "Actual Loops": 300036, "Recheck Cond": "(o_custkey = customer.c_custkey)", "Rows Removed by Index Recheck": 0, "Filter": "(o_orderdate < '1995-03-13 00:00:00'::timestamp(0) without time zone)", "Rows Removed by Filter": 1545367, "Exact Heap Blocks": 3000452, "Lossy Heap Blocks": 3000452, "Plans": [{"Node Type": "Bitmap Index Scan", "Parent Relationship": "Outer", "Index Name": "idx_orders_custkey", "Startup Cost": 0.0, "Total Cost": 1.04, "Plan Rows": 4, "Plan Width": 0, "Actual Startup Time": 1503.042, "Actual Total Time": 1503.042, "Actual Rows": 3000540, "Actual Loops": 300036, "Index Cond": "(o_custkey = customer.c_custkey)"}]}]}, {"Node Type": "Bitmap Heap Scan", "Parent Relationship": "Inner", "Relation Name": "lineitem", "Alias": "lineitem", "Startup Cost": 0.45, "Total Cost": 4.58, "Plan Rows": 5, "Plan Width": 24, "Actual Startup Time": 18112.279, "Actual Total Time": 18235.328, "Actual Rows": 300219, "Actual Loops": 1455173, "Recheck Cond": "(l_orderkey = orders.o_orderkey)", "Rows Removed by Index Recheck": 0, "Filter": "(l_shipdate > '1995-03-13 00:00:00'::timestamp(0) without time zone)", "Rows Removed by Filter": 5519788, "Exact Heap Blocks": 1558994, "Lossy Heap Blocks": 1558994, "Plans": [{"Node Type": "Bitmap Index Scan", "Parent Relationship": "Outer", "Index Name": "idx_lineitem_orderkey", "Startup Cost": 0.0, "Total Cost": 0.44, "Plan Rows": 9, "Plan Width": 0, "Actual Startup Time": 10266.127, "Actual Total Time": 10266.127, "Actual Rows": 5820007, "Actual Loops": 1455173, "Index Cond": "(l_orderkey = orders.o_orderkey)"}]}]}]}]}]}, "Triggers": [], "Planner Runtime": 0.678, "Total Runtime": 31961.511, "Unique SQL Id": 3929762122}}, "(64, '51')": {"explain_plan": {"Plan": {"Node Type": "Limit", "Startup Cost": 35345596.54, "Total Cost": 35345596.56, "Plan Rows": 10, "Plan Width": 44, "Plans": [{"Node Type": "Sort", "Parent Relationship": "Outer", "Startup Cost": 35345596.54, "Total Cost": 35354494.65, "Plan Rows": 10, "Plan Width": 44, "Sort Key": ["(sum((lineitem.l_extendedprice * (1::double precision - lineitem.l_discount)))) DESC", "orders.o_orderdate"], "Plans": [{"Node Type": "Aggregate", "Strategy": "Hashed", "Parent Relationship": "Outer", "Startup Cost": 35233090.02, "Total Cost": 35268682.49, "Plan Rows": 3559247, "Plan Width": 44, "Group By Key": ["lineitem.l_orderkey", "orders.o_orderdate", "orders.o_shippriority"], "Plans": [{"Node Type": "Nested Loop", "Parent Relationship": "Outer", "Join Type": "Inner", "Startup Cost": 168699.14, "Total Cost": 35179701.31, "Plan Rows": 3559247, "Plan Width": 36, "Inner Unique": false, "Plans": [{"Node Type": "Nested Loop", "Parent Relationship": "Outer", "Join Type": "Inner", "Startup Cost": 168698.69, "Total Cost": 31865463.0, "Plan Rows": 715772, "Plan Width": 20, "Inner Unique": true, "Plans": [{"Node Type": "Bitmap Heap Scan", "Parent Relationship": "Outer", "Relation Name": "orders", "Alias": "orders", "Startup Cost": 168698.43, "Total Cost": 536495.14, "Plan Rows": 7310217, "Plan Width": 28, "Recheck Cond": "(o_orderdate < '1995-03-13 00:00:00'::timestamp(0) without time zone), (LLVM Optimized)", "Plans": [{"Node Type": "Bitmap Index Scan", "Parent Relationship": "Outer", "Index Name": "idx_orders_orderdate", "Startup Cost": 0.0, "Total Cost": 166870.88, "Plan Rows": 7310217, "Plan Width": 0, "Index Cond": "(o_orderdate < '1995-03-13 00:00:00'::timestamp(0) without time zone)"}]}, {"Node Type": "Bitmap Heap Scan", "Parent Relationship": "Inner", "Relation Name": "customer", "Alias": "customer", "Startup Cost": 0.26, "Total Cost": 4.28, "Plan Rows": 1, "Plan Width": 8, "Recheck Cond": "(c_custkey = orders.o_custkey)", "Filter": "(c_mktsegment = 'AUTOMOBILE'::bpchar)", "Plans": [{"Node Type": "Bitmap Index Scan", "Parent Relationship": "Outer", "Index Name": "customer_pkey", "Startup Cost": 0.0, "Total Cost": 0.26, "Plan Rows": 1, "Plan Width": 0, "Index Cond": "(c_custkey = orders.o_custkey)"}]}]}, {"Node Type": "Bitmap Heap Scan", "Parent Relationship": "Inner", "Relation Name": "lineitem", "Alias": "lineitem", "Startup Cost": 0.45, "Total Cost": 4.58, "Plan Rows": 5, "Plan Width": 24, "Recheck Cond": "(l_orderkey = orders.o_orderkey)", "Filter": "(l_shipdate > '1995-03-13 00:00:00'::timestamp(0) without time zone)", "Plans": [{"Node Type": "Bitmap Index Scan", "Parent Relationship": "Outer", "Index Name": "idx_lineitem_orderkey", "Startup Cost": 0.0, "Total Cost": 0.44, "Plan Rows": 9, "Plan Width": 0, "Index Cond": "(l_orderkey = orders.o_orderkey)"}]}]}]}]}]}, "Unique SQL Id": 3929762122, "Planner Runtime": 1}, "explain_analyze_plan": null}, "(64, '52')": {"explain_plan": {"Plan": {"Node Type": "Limit", "Startup Cost": 2671272.65, "Total Cost": 2671272.68, "Plan Rows": 10, "Plan Width": 44, "Plans": [{"Node Type": "Sort", "Parent Relationship": "Outer", "Startup Cost": 2671272.65, "Total Cost": 2680170.77, "Plan Rows": 10, "Plan Width": 44, "Sort Key": ["(sum((lineitem.l_extendedprice * (1::double precision - lineitem.l_discount)))) DESC", "orders.o_orderdate"], "Plans": [{"Node Type": "Aggregate", "Strategy": "Hashed", "Parent Relationship": "Outer", "Startup Cost": 2558766.13, "Total Cost": 2594358.6, "Plan Rows": 3559247, "Plan Width": 44, "Group By Key": ["lineitem.l_orderkey", "orders.o_orderdate", "orders.o_shippriority"], "Plans": [{"Node Type": "Nested Loop", "Parent Relationship": "Outer", "Join Type": "Inner", "Startup Cost": 0.0, "Total Cost": 2505377.43, "Plan Rows": 3559247, "Plan Width": 36, "Inner Unique": false, "Plans": [{"Node Type": "Nested Loop", "Parent Relationship": "Outer", "Join Type": "Inner", "Startup Cost": 0.0, "Total Cost": 1500833.09, "Plan Rows": 715772, "Plan Width": 20, "Inner Unique": false, "Plans": [{"Node Type": "Seq Scan", "Parent Relationship": "Outer", "Relation Name": "customer", "Alias": "customer", "Startup Cost": 0.0, "Total Cost": 55876.0, "Plan Rows": 303948, "Plan Width": 8, "Filter": "(c_mktsegment = 'AUTOMOBILE'::bpchar), (LLVM Optimized)"}, {"Node Type": "Index Scan", "Parent Relationship": "Inner", "Scan Direction": "Forward", "Index Name": "idx_orders_custkey", "Relation Name": "orders", "Alias": "orders", "Startup Cost": 0.0, "Total Cost": 4.73, "Plan Rows": 2, "Plan Width": 28, "Index Cond": "(o_custkey = customer.c_custkey)", "Filter": "(o_orderdate < '1995-03-13 00:00:00'::timestamp(0) without time zone)"}]}, {"Node Type": "Index Scan", "Parent Relationship": "Inner", "Scan Direction": "Forward", "Index Name": "idx_lineitem_orderkey", "Relation Name": "lineitem", "Alias": "lineitem", "Startup Cost": 0.0, "Total Cost": 1.35, "Plan Rows": 5, "Plan Width": 24, "Index Cond": "(l_orderkey = orders.o_orderkey)", "Filter": "(l_shipdate > '1995-03-13 00:00:00'::timestamp(0) without time zone)"}]}]}]}]}, "Unique SQL Id": 3929762122, "Planner Runtime": 0}, "explain_analyze_plan": {"Plan": {"Node Type": "Limit", "Startup Cost": 2671272.65, "Total Cost": 2671272.68, "Plan Rows": 10, "Plan Width": 44, "Actual Startup Time": 26214.652, "Actual Total Time": 26214.655, "Actual Rows": 10, "Actual Loops": 1, "Plans": [{"Node Type": "Sort", "Parent Relationship": "Outer", "Startup Cost": 2671272.65, "Total Cost": 2680170.77, "Plan Rows": 10, "Plan Width": 44, "Actual Startup Time": 26214.648, "Actual Total Time": 26214.648, "Actual Rows": 10, "Actual Loops": 1, "Sort Key": ["(sum((lineitem.l_extendedprice * (1::double precision - lineitem.l_discount)))) DESC", "orders.o_orderdate"], "Sort Method": "top-N heapsort", "Sort Space Used": 26, "Sort Space Type": "Memory", "Plans": [{"Node Type": "Aggregate", "Strategy": "Hashed", "Parent Relationship": "Outer", "Startup Cost": 2558766.13, "Total Cost": 2594358.6, "Plan Rows": 3559247, "Plan Width": 44, "Actual Startup Time": 26099.03, "Actual Total Time": 26186.826, "Actual Rows": 113719, "Actual Loops": 1, "Group By Key": ["lineitem.l_orderkey", "orders.o_orderdate", "orders.o_shippriority"], "Plans": [{"Node Type": "Nested Loop", "Parent Relationship": "Outer", "Join Type": "Inner", "Startup Cost": 0.0, "Total Cost": 2505377.43, "Plan Rows": 3559247, "Plan Width": 36, "Actual Startup Time": 0.183, "Actual Total Time": 25776.007, "Actual Rows": 300219, "Actual Loops": 1, "Inner Unique": false, "Plans": [{"Node Type": "Nested Loop", "Parent Relationship": "Outer", "Join Type": "Inner", "Startup Cost": 0.0, "Total Cost": 1500833.09, "Plan Rows": 715772, "Plan Width": 20, "Actual Startup Time": 0.09, "Actual Total Time": 8701.521, "Actual Rows": 1455173, "Actual Loops": 1, "Inner Unique": false, "Plans": [{"Node Type": "Seq Scan", "Parent Relationship": "Outer", "Relation Name": "customer", "Alias": "customer", "Startup Cost": 0.0, "Total Cost": 55876.0, "Plan Rows": 303948, "Plan Width": 8, "Actual Startup Time": 0.044, "Actual Total Time": 618.892, "Actual Rows": 300036, "Actual Loops": 1, "Filter": "(c_mktsegment = 'AUTOMOBILE'::bpchar), (LLVM Optimized, Jit Execute)", "Rows Removed by Filter": 1199964}, {"Node Type": "Index Scan", "Parent Relationship": "Inner", "Scan Direction": "Forward", "Index Name": "idx_orders_custkey", "Relation Name": "orders", "Alias": "orders", "Startup Cost": 0.0, "Total Cost": 4.73, "Plan Rows": 2, "Plan Width": 28, "Actual Startup Time": 1930.754, "Actual Total Time": 7545.624, "Actual Rows": 1455173, "Actual Loops": 300036, "Index Cond": "(o_custkey = customer.c_custkey)", "Rows Removed by Index Recheck": 0, "Filter": "(o_orderdate < '1995-03-13 00:00:00'::timestamp(0) without time zone)", "Rows Removed by Filter": 1545367}]}, {"Node Type": "Index Scan", "Parent Relationship": "Inner", "Scan Direction": "Forward", "Index Name": "idx_lineitem_orderkey", "Relation Name": "lineitem", "Alias": "lineitem", "Startup Cost": 0.0, "Total Cost": 1.35, "Plan Rows": 5, "Plan Width": 24, "Actual Startup Time": 15967.791, "Actual Total Time": 16264.523, "Actual Rows": 300219, "Actual Loops": 1455173, "Index Cond": "(l_orderkey = orders.o_orderkey)", "Rows Removed by Index Recheck": 0, "Filter": "(l_shipdate > '1995-03-13 00:00:00'::timestamp(0) without time zone)", "Rows Removed by Filter": 5519788}]}]}]}]}, "Triggers": [], "Planner Runtime": 0.651, "Total Runtime": 26223.963, "Unique SQL Id": 3929762122}}, "(64, '53')": {"explain_plan": {"Plan": {"Node Type": "Limit", "Startup Cost": 2699912.01, "Total Cost": 2699912.03, "Plan Rows": 10, "Plan Width": 44, "Plans": [{"Node Type": "Sort", "Parent Relationship": "Outer", "Startup Cost": 2699912.01, "Total Cost": 2708810.13, "Plan Rows": 10, "Plan Width": 44, "Sort Key": ["(sum((lineitem.l_extendedprice * (1::double precision - lineitem.l_discount)))) DESC", "orders.o_orderdate"], "Plans": [{"Node Type": "Aggregate", "Strategy": "Hashed", "Parent Relationship": "Outer", "Startup Cost": 2587405.49, "Total Cost": 2622997.96, "Plan Rows": 3559247, "Plan Width": 44, "Group By Key": ["lineitem.l_orderkey", "orders.o_orderdate", "orders.o_shippriority"], "Plans": [{"Node Type": "Nested Loop", "Parent Relationship": "Outer", "Join Type": "Inner", "Startup Cost": 0.0, "Total Cost": 2534016.78, "Plan Rows": 3559247, "Plan Width": 36, "Inner Unique": false, "Plans": [{"Node Type": "Nested Loop", "Parent Relationship": "Outer", "Join Type": "Inner", "Startup Cost": 0.0, "Total Cost": 1529472.45, "Plan Rows": 715772, "Plan Width": 20, "Inner Unique": false, "Plans": [{"Node Type": "Index Scan", "Parent Relationship": "Outer", "Scan Direction": "Forward", "Index Name": "customer_pkey", "Relation Name": "customer", "Alias": "customer", "Startup Cost": 0.0, "Total Cost": 84515.36, "Plan Rows": 303948, "Plan Width": 8, "Filter": "(c_mktsegment = 'AUTOMOBILE'::bpchar), (LLVM Optimized)"}, {"Node Type": "Index Scan", "Parent Relationship": "Inner", "Scan Direction": "Forward", "Index Name": "idx_orders_custkey", "Relation Name": "orders", "Alias": "orders", "Startup Cost": 0.0, "Total Cost": 4.73, "Plan Rows": 2, "Plan Width": 28, "Index Cond": "(o_custkey = customer.c_custkey)", "Filter": "(o_orderdate < '1995-03-13 00:00:00'::timestamp(0) without time zone)"}]}, {"Node Type": "Index Scan", "Parent Relationship": "Inner", "Scan Direction": "Forward", "Index Name": "idx_lineitem_orderkey", "Relation Name": "lineitem", "Alias": "lineitem", "Startup Cost": 0.0, "Total Cost": 1.35, "Plan Rows": 5, "Plan Width": 24, "Index Cond": "(l_orderkey = orders.o_orderkey)", "Filter": "(l_shipdate > '1995-03-13 00:00:00'::timestamp(0) without time zone)"}]}]}]}]}, "Unique SQL Id": 3929762122, "Planner Runtime": 0}, "explain_analyze_plan": {"Plan": {"Node Type": "Limit", "Startup Cost": 2699912.01, "Total Cost": 2699912.03, "Plan Rows": 10, "Plan Width": 44, "Actual Startup Time": 26685.581, "Actual Total Time": 26685.584, "Actual Rows": 10, "Actual Loops": 1, "Plans": [{"Node Type": "Sort", "Parent Relationship": "Outer", "Startup Cost": 2699912.01, "Total Cost": 2708810.13, "Plan Rows": 10, "Plan Width": 44, "Actual Startup Time": 26685.578, "Actual Total Time": 26685.58, "Actual Rows": 10, "Actual Loops": 1, "Sort Key": ["(sum((lineitem.l_extendedprice * (1::double precision - lineitem.l_discount)))) DESC", "orders.o_orderdate"], "Sort Method": "top-N heapsort", "Sort Space Used": 26, "Sort Space Type": "Memory", "Plans": [{"Node Type": "Aggregate", "Strategy": "Hashed", "Parent Relationship": "Outer", "Startup Cost": 2587405.49, "Total Cost": 2622997.96, "Plan Rows": 3559247, "Plan Width": 44, "Actual Startup Time": 26602.076, "Actual Total Time": 26658.408, "Actual Rows": 113719, "Actual Loops": 1, "Group By Key": ["lineitem.l_orderkey", "orders.o_orderdate", "orders.o_shippriority"], "Plans": [{"Node Type": "Nested Loop", "Parent Relationship": "Outer", "Join Type": "Inner", "Startup Cost": 0.0, "Total Cost": 2534016.78, "Plan Rows": 3559247, "Plan Width": 36, "Actual Startup Time": 0.213, "Actual Total Time": 26263.183, "Actual Rows": 300219, "Actual Loops": 1, "Inner Unique": false, "Plans": [{"Node Type": "Nested Loop", "Parent Relationship": "Outer", "Join Type": "Inner", "Startup Cost": 0.0, "Total Cost": 1529472.45, "Plan Rows": 715772, "Plan Width": 20, "Actual Startup Time": 0.08, "Actual Total Time": 9128.536, "Actual Rows": 1455173, "Actual Loops": 1, "Inner Unique": false, "Plans": [{"Node Type": "Index Scan", "Parent Relationship": "Outer", "Scan Direction": "Forward", "Index Name": "customer_pkey", "Relation Name": "customer", "Alias": "customer", "Startup Cost": 0.0, "Total Cost": 84515.36, "Plan Rows": 303948, "Plan Width": 8, "Actual Startup Time": 0.053, "Actual Total Time": 1062.354, "Actual Rows": 300036, "Actual Loops": 1, "Filter": "(c_mktsegment = 'AUTOMOBILE'::bpchar), (LLVM Optimized, Jit Execute)", "Rows Removed by Filter": 1199964}, {"Node Type": "Index Scan", "Parent Relationship": "Inner", "Scan Direction": "Forward", "Index Name": "idx_orders_custkey", "Relation Name": "orders", "Alias": "orders", "Startup Cost": 0.0, "Total Cost": 4.73, "Plan Rows": 2, "Plan Width": 28, "Actual Startup Time": 1928.711, "Actual Total Time": 7530.701, "Actual Rows": 1455173, "Actual Loops": 300036, "Index Cond": "(o_custkey = customer.c_custkey)", "Rows Removed by Index Recheck": 0, "Filter": "(o_orderdate < '1995-03-13 00:00:00'::timestamp(0) without time zone)", "Rows Removed by Filter": 1545367}]}, {"Node Type": "Index Scan", "Parent Relationship": "Inner", "Scan Direction": "Forward", "Index Name": "idx_lineitem_orderkey", "Relation Name": "lineitem", "Alias": "lineitem", "Startup Cost": 0.0, "Total Cost": 1.35, "Plan Rows": 5, "Plan Width": 24, "Actual Startup Time": 16010.7, "Actual Total Time": 16309.937, "Actual Rows": 300219, "Actual Loops": 1455173, "Index Cond": "(l_orderkey = orders.o_orderkey)", "Rows Removed by Index Recheck": 0, "Filter": "(l_shipdate > '1995-03-13 00:00:00'::timestamp(0) without time zone)", "Rows Removed by Filter": 5519788}]}]}]}]}, "Triggers": [], "Planner Runtime": 1.117, "Total Runtime": 26695.09, "Unique SQL Id": 3929762122}}, "(64, '54')": {"explain_plan": {"Plan": {"Node Type": "Limit", "Startup Cost": 5091242.79, "Total Cost": 5091242.81, "Plan Rows": 10, "Plan Width": 44, "Plans": [{"Node Type": "Sort", "Parent Relationship": "Outer", "Startup Cost": 5091242.79, "Total Cost": 5100140.91, "Plan Rows": 10, "Plan Width": 44, "Sort Key": ["(sum((lineitem.l_extendedprice * (1::double precision - lineitem.l_discount)))) DESC", "orders.o_orderdate"], "Plans": [{"Node Type": "Aggregate", "Strategy": "Hashed", "Parent Relationship": "Outer", "Startup Cost": 4978736.27, "Total Cost": 5014328.74, "Plan Rows": 3559247, "Plan Width": 44, "Group By Key": ["lineitem.l_orderkey", "orders.o_orderdate", "orders.o_shippriority"], "Plans": [{"Node Type": "Nested Loop", "Parent Relationship": "Outer", "Join Type": "Inner", "Startup Cost": 1.48, "Total Cost": 4925347.57, "Plan Rows": 3559247, "Plan Width": 36, "Inner Unique": false, "Plans": [{"Node Type": "Nested Loop", "Parent Relationship": "Outer", "Join Type": "Inner", "Startup Cost": 1.04, "Total Cost": 1611109.25, "Plan Rows": 715772, "Plan Width": 20, "Inner Unique": false, "Plans": [{"Node Type": "Seq Scan", "Parent Relationship": "Outer", "Relation Name": "customer", "Alias": "customer", "Startup Cost": 0.0, "Total Cost": 55876.0, "Plan Rows": 303948, "Plan Width": 8, "Filter": "(c_mktsegment = 'AUTOMOBILE'::bpchar), (LLVM Optimized)"}, {"Node Type": "Bitmap Heap Scan", "Parent Relationship": "Inner", "Relation Name": "orders", "Alias": "orders", "Startup Cost": 1.04, "Total Cost": 5.1, "Plan Rows": 2, "Plan Width": 28, "Recheck Cond": "(o_custkey = customer.c_custkey)", "Filter": "(o_orderdate < '1995-03-13 00:00:00'::timestamp(0) without time zone)", "Plans": [{"Node Type": "Bitmap Index Scan", "Parent Relationship": "Outer", "Index Name": "idx_orders_custkey", "Startup Cost": 0.0, "Total Cost": 1.04, "Plan Rows": 4, "Plan Width": 0, "Index Cond": "(o_custkey = customer.c_custkey)"}]}]}, {"Node Type": "Bitmap Heap Scan", "Parent Relationship": "Inner", "Relation Name": "lineitem", "Alias": "lineitem", "Startup Cost": 0.45, "Total Cost": 4.58, "Plan Rows": 5, "Plan Width": 24, "Recheck Cond": "(l_orderkey = orders.o_orderkey)", "Filter": "(l_shipdate > '1995-03-13 00:00:00'::timestamp(0) without time zone)", "Plans": [{"Node Type": "Bitmap Index Scan", "Parent Relationship": "Outer", "Index Name": "idx_lineitem_orderkey", "Startup Cost": 0.0, "Total Cost": 0.44, "Plan Rows": 9, "Plan Width": 0, "Index Cond": "(l_orderkey = orders.o_orderkey)"}]}]}]}]}]}, "Unique SQL Id": 3929762122, "Planner Runtime": 0}, "explain_analyze_plan": {"Plan": {"Node Type": "Limit", "Startup Cost": 5091242.79, "Total Cost": 5091242.81, "Plan Rows": 10, "Plan Width": 44, "Actual Startup Time": 31952.094, "Actual Total Time": 31952.098, "Actual Rows": 10, "Actual Loops": 1, "Plans": [{"Node Type": "Sort", "Parent Relationship": "Outer", "Startup Cost": 5091242.79, "Total Cost": 5100140.91, "Plan Rows": 10, "Plan Width": 44, "Actual Startup Time": 31952.092, "Actual Total Time": 31952.094, "Actual Rows": 10, "Actual Loops": 1, "Sort Key": ["(sum((lineitem.l_extendedprice * (1::double precision - lineitem.l_discount)))) DESC", "orders.o_orderdate"], "Sort Method": "top-N heapsort", "Sort Space Used": 26, "Sort Space Type": "Memory", "Plans": [{"Node Type": "Aggregate", "Strategy": "Hashed", "Parent Relationship": "Outer", "Startup Cost": 4978736.27, "Total Cost": 5014328.74, "Plan Rows": 3559247, "Plan Width": 44, "Actual Startup Time": 31834.373, "Actual Total Time": 31924.561, "Actual Rows": 113719, "Actual Loops": 1, "Group By Key": ["lineitem.l_orderkey", "orders.o_orderdate", "orders.o_shippriority"], "Plans": [{"Node Type": "Nested Loop", "Parent Relationship": "Outer", "Join Type": "Inner", "Startup Cost": 1.48, "Total Cost": 4925347.57, "Plan Rows": 3559247, "Plan Width": 36, "Actual Startup Time": 0.273, "Actual Total Time": 31455.165, "Actual Rows": 300219, "Actual Loops": 1, "Inner Unique": false, "Plans": [{"Node Type": "Nested Loop", "Parent Relationship": "Outer", "Join Type": "Inner", "Startup Cost": 1.04, "Total Cost": 1611109.25, "Plan Rows": 715772, "Plan Width": 20, "Actual Startup Time": 0.112, "Actual Total Time": 11477.213, "Actual Rows": 1455173, "Actual Loops": 1, "Inner Unique": false, "Plans": [{"Node Type": "Seq Scan", "Parent Relationship": "Outer", "Relation Name": "customer", "Alias": "customer", "Startup Cost": 0.0, "Total Cost": 55876.0, "Plan Rows": 303948, "Plan Width": 8, "Actual Startup Time": 0.044, "Actual Total Time": 665.914, "Actual Rows": 300036, "Actual Loops": 1, "Filter": "(c_mktsegment = 'AUTOMOBILE'::bpchar), (LLVM Optimized, Jit Execute)", "Rows Removed by Filter": 1199964}, {"Node Type": "Bitmap Heap Scan", "Parent Relationship": "Inner", "Relation Name": "orders", "Alias": "orders", "Startup Cost": 1.04, "Total Cost": 5.1, "Plan Rows": 2, "Plan Width": 28, "Actual Startup Time": 3190.167, "Actual Total Time": 10053.345, "Actual Rows": 1455173, "Actual Loops": 300036, "Recheck Cond": "(o_custkey = customer.c_custkey)", "Rows Removed by Index Recheck": 0, "Filter": "(o_orderdate < '1995-03-13 00:00:00'::timestamp(0) without time zone)", "Rows Removed by Filter": 1545367, "Exact Heap Blocks": 3000452, "Lossy Heap Blocks": 3000452, "Plans": [{"Node Type": "Bitmap Index Scan", "Parent Relationship": "Outer", "Index Name": "idx_orders_custkey", "Startup Cost": 0.0, "Total Cost": 1.04, "Plan Rows": 4, "Plan Width": 0, "Actual Startup Time": 1503.042, "Actual Total Time": 1503.042, "Actual Rows": 3000540, "Actual Loops": 300036, "Index Cond": "(o_custkey = customer.c_custkey)"}]}]}, {"Node Type": "Bitmap Heap Scan", "Parent Relationship": "Inner", "Relation Name": "lineitem", "Alias": "lineitem", "Startup Cost": 0.45, "Total Cost": 4.58, "Plan Rows": 5, "Plan Width": 24, "Actual Startup Time": 18112.279, "Actual Total Time": 18235.328, "Actual Rows": 300219, "Actual Loops": 1455173, "Recheck Cond": "(l_orderkey = orders.o_orderkey)", "Rows Removed by Index Recheck": 0, "Filter": "(l_shipdate > '1995-03-13 00:00:00'::timestamp(0) without time zone)", "Rows Removed by Filter": 5519788, "Exact Heap Blocks": 1558994, "Lossy Heap Blocks": 1558994, "Plans": [{"Node Type": "Bitmap Index Scan", "Parent Relationship": "Outer", "Index Name": "idx_lineitem_orderkey", "Startup Cost": 0.0, "Total Cost": 0.44, "Plan Rows": 9, "Plan Width": 0, "Actual Startup Time": 10266.127, "Actual Total Time": 10266.127, "Actual Rows": 5820007, "Actual Loops": 1455173, "Index Cond": "(l_orderkey = orders.o_orderkey)"}]}]}]}]}]}, "Triggers": [], "Planner Runtime": 0.678, "Total Runtime": 31961.511, "Unique SQL Id": 3929762122}}, "(64, '55')": {"explain_plan": {"Plan": {"Node Type": "Limit", "Startup Cost": 35345596.54, "Total Cost": 35345596.56, "Plan Rows": 10, "Plan Width": 44, "Plans": [{"Node Type": "Sort", "Parent Relationship": "Outer", "Startup Cost": 35345596.54, "Total Cost": 35354494.65, "Plan Rows": 10, "Plan Width": 44, "Sort Key": ["(sum((lineitem.l_extendedprice * (1::double precision - lineitem.l_discount)))) DESC", "orders.o_orderdate"], "Plans": [{"Node Type": "Aggregate", "Strategy": "Hashed", "Parent Relationship": "Outer", "Startup Cost": 35233090.02, "Total Cost": 35268682.49, "Plan Rows": 3559247, "Plan Width": 44, "Group By Key": ["lineitem.l_orderkey", "orders.o_orderdate", "orders.o_shippriority"], "Plans": [{"Node Type": "Nested Loop", "Parent Relationship": "Outer", "Join Type": "Inner", "Startup Cost": 168699.14, "Total Cost": 35179701.31, "Plan Rows": 3559247, "Plan Width": 36, "Inner Unique": false, "Plans": [{"Node Type": "Nested Loop", "Parent Relationship": "Outer", "Join Type": "Inner", "Startup Cost": 168698.69, "Total Cost": 31865463.0, "Plan Rows": 715772, "Plan Width": 20, "Inner Unique": true, "Plans": [{"Node Type": "Bitmap Heap Scan", "Parent Relationship": "Outer", "Relation Name": "orders", "Alias": "orders", "Startup Cost": 168698.43, "Total Cost": 536495.14, "Plan Rows": 7310217, "Plan Width": 28, "Recheck Cond": "(o_orderdate < '1995-03-13 00:00:00'::timestamp(0) without time zone), (LLVM Optimized)", "Plans": [{"Node Type": "Bitmap Index Scan", "Parent Relationship": "Outer", "Index Name": "idx_orders_orderdate", "Startup Cost": 0.0, "Total Cost": 166870.88, "Plan Rows": 7310217, "Plan Width": 0, "Index Cond": "(o_orderdate < '1995-03-13 00:00:00'::timestamp(0) without time zone)"}]}, {"Node Type": "Bitmap Heap Scan", "Parent Relationship": "Inner", "Relation Name": "customer", "Alias": "customer", "Startup Cost": 0.26, "Total Cost": 4.28, "Plan Rows": 1, "Plan Width": 8, "Recheck Cond": "(c_custkey = orders.o_custkey)", "Filter": "(c_mktsegment = 'AUTOMOBILE'::bpchar)", "Plans": [{"Node Type": "Bitmap Index Scan", "Parent Relationship": "Outer", "Index Name": "customer_pkey", "Startup Cost": 0.0, "Total Cost": 0.26, "Plan Rows": 1, "Plan Width": 0, "Index Cond": "(c_custkey = orders.o_custkey)"}]}]}, {"Node Type": "Bitmap Heap Scan", "Parent Relationship": "Inner", "Relation Name": "lineitem", "Alias": "lineitem", "Startup Cost": 0.45, "Total Cost": 4.58, "Plan Rows": 5, "Plan Width": 24, "Recheck Cond": "(l_orderkey = orders.o_orderkey)", "Filter": "(l_shipdate > '1995-03-13 00:00:00'::timestamp(0) without time zone)", "Plans": [{"Node Type": "Bitmap Index Scan", "Parent Relationship": "Outer", "Index Name": "idx_lineitem_orderkey", "Startup Cost": 0.0, "Total Cost": 0.44, "Plan Rows": 9, "Plan Width": 0, "Index Cond": "(l_orderkey = orders.o_orderkey)"}]}]}]}]}]}, "Unique SQL Id": 3929762122, "Planner Runtime": 0}, "explain_analyze_plan": null}, "(64, '56')": {"explain_plan": {"Plan": {"Node Type": "Limit", "Startup Cost": 2671272.65, "Total Cost": 2671272.68, "Plan Rows": 10, "Plan Width": 44, "Plans": [{"Node Type": "Sort", "Parent Relationship": "Outer", "Startup Cost": 2671272.65, "Total Cost": 2680170.77, "Plan Rows": 10, "Plan Width": 44, "Sort Key": ["(sum((lineitem.l_extendedprice * (1::double precision - lineitem.l_discount)))) DESC", "orders.o_orderdate"], "Plans": [{"Node Type": "Aggregate", "Strategy": "Hashed", "Parent Relationship": "Outer", "Startup Cost": 2558766.13, "Total Cost": 2594358.6, "Plan Rows": 3559247, "Plan Width": 44, "Group By Key": ["lineitem.l_orderkey", "orders.o_orderdate", "orders.o_shippriority"], "Plans": [{"Node Type": "Nested Loop", "Parent Relationship": "Outer", "Join Type": "Inner", "Startup Cost": 0.0, "Total Cost": 2505377.43, "Plan Rows": 3559247, "Plan Width": 36, "Inner Unique": false, "Plans": [{"Node Type": "Nested Loop", "Parent Relationship": "Outer", "Join Type": "Inner", "Startup Cost": 0.0, "Total Cost": 1500833.09, "Plan Rows": 715772, "Plan Width": 20, "Inner Unique": false, "Plans": [{"Node Type": "Seq Scan", "Parent Relationship": "Outer", "Relation Name": "customer", "Alias": "customer", "Startup Cost": 0.0, "Total Cost": 55876.0, "Plan Rows": 303948, "Plan Width": 8, "Filter": "(c_mktsegment = 'AUTOMOBILE'::bpchar), (LLVM Optimized)"}, {"Node Type": "Index Scan", "Parent Relationship": "Inner", "Scan Direction": "Forward", "Index Name": "idx_orders_custkey", "Relation Name": "orders", "Alias": "orders", "Startup Cost": 0.0, "Total Cost": 4.73, "Plan Rows": 2, "Plan Width": 28, "Index Cond": "(o_custkey = customer.c_custkey)", "Filter": "(o_orderdate < '1995-03-13 00:00:00'::timestamp(0) without time zone)"}]}, {"Node Type": "Index Scan", "Parent Relationship": "Inner", "Scan Direction": "Forward", "Index Name": "idx_lineitem_orderkey", "Relation Name": "lineitem", "Alias": "lineitem", "Startup Cost": 0.0, "Total Cost": 1.35, "Plan Rows": 5, "Plan Width": 24, "Index Cond": "(l_orderkey = orders.o_orderkey)", "Filter": "(l_shipdate > '1995-03-13 00:00:00'::timestamp(0) without time zone)"}]}]}]}]}, "Unique SQL Id": 3929762122, "Planner Runtime": 0}, "explain_analyze_plan": {"Plan": {"Node Type": "Limit", "Startup Cost": 2671272.65, "Total Cost": 2671272.68, "Plan Rows": 10, "Plan Width": 44, "Actual Startup Time": 26214.652, "Actual Total Time": 26214.655, "Actual Rows": 10, "Actual Loops": 1, "Plans": [{"Node Type": "Sort", "Parent Relationship": "Outer", "Startup Cost": 2671272.65, "Total Cost": 2680170.77, "Plan Rows": 10, "Plan Width": 44, "Actual Startup Time": 26214.648, "Actual Total Time": 26214.648, "Actual Rows": 10, "Actual Loops": 1, "Sort Key": ["(sum((lineitem.l_extendedprice * (1::double precision - lineitem.l_discount)))) DESC", "orders.o_orderdate"], "Sort Method": "top-N heapsort", "Sort Space Used": 26, "Sort Space Type": "Memory", "Plans": [{"Node Type": "Aggregate", "Strategy": "Hashed", "Parent Relationship": "Outer", "Startup Cost": 2558766.13, "Total Cost": 2594358.6, "Plan Rows": 3559247, "Plan Width": 44, "Actual Startup Time": 26099.03, "Actual Total Time": 26186.826, "Actual Rows": 113719, "Actual Loops": 1, "Group By Key": ["lineitem.l_orderkey", "orders.o_orderdate", "orders.o_shippriority"], "Plans": [{"Node Type": "Nested Loop", "Parent Relationship": "Outer", "Join Type": "Inner", "Startup Cost": 0.0, "Total Cost": 2505377.43, "Plan Rows": 3559247, "Plan Width": 36, "Actual Startup Time": 0.183, "Actual Total Time": 25776.007, "Actual Rows": 300219, "Actual Loops": 1, "Inner Unique": false, "Plans": [{"Node Type": "Nested Loop", "Parent Relationship": "Outer", "Join Type": "Inner", "Startup Cost": 0.0, "Total Cost": 1500833.09, "Plan Rows": 715772, "Plan Width": 20, "Actual Startup Time": 0.09, "Actual Total Time": 8701.521, "Actual Rows": 1455173, "Actual Loops": 1, "Inner Unique": false, "Plans": [{"Node Type": "Seq Scan", "Parent Relationship": "Outer", "Relation Name": "customer", "Alias": "customer", "Startup Cost": 0.0, "Total Cost": 55876.0, "Plan Rows": 303948, "Plan Width": 8, "Actual Startup Time": 0.044, "Actual Total Time": 618.892, "Actual Rows": 300036, "Actual Loops": 1, "Filter": "(c_mktsegment = 'AUTOMOBILE'::bpchar), (LLVM Optimized, Jit Execute)", "Rows Removed by Filter": 1199964}, {"Node Type": "Index Scan", "Parent Relationship": "Inner", "Scan Direction": "Forward", "Index Name": "idx_orders_custkey", "Relation Name": "orders", "Alias": "orders", "Startup Cost": 0.0, "Total Cost": 4.73, "Plan Rows": 2, "Plan Width": 28, "Actual Startup Time": 1930.754, "Actual Total Time": 7545.624, "Actual Rows": 1455173, "Actual Loops": 300036, "Index Cond": "(o_custkey = customer.c_custkey)", "Rows Removed by Index Recheck": 0, "Filter": "(o_orderdate < '1995-03-13 00:00:00'::timestamp(0) without time zone)", "Rows Removed by Filter": 1545367}]}, {"Node Type": "Index Scan", "Parent Relationship": "Inner", "Scan Direction": "Forward", "Index Name": "idx_lineitem_orderkey", "Relation Name": "lineitem", "Alias": "lineitem", "Startup Cost": 0.0, "Total Cost": 1.35, "Plan Rows": 5, "Plan Width": 24, "Actual Startup Time": 15967.791, "Actual Total Time": 16264.523, "Actual Rows": 300219, "Actual Loops": 1455173, "Index Cond": "(l_orderkey = orders.o_orderkey)", "Rows Removed by Index Recheck": 0, "Filter": "(l_shipdate > '1995-03-13 00:00:00'::timestamp(0) without time zone)", "Rows Removed by Filter": 5519788}]}]}]}]}, "Triggers": [], "Planner Runtime": 0.651, "Total Runtime": 26223.963, "Unique SQL Id": 3929762122}}, "(64, '57')": {"explain_plan": {"Plan": {"Node Type": "Limit", "Startup Cost": 2699912.01, "Total Cost": 2699912.03, "Plan Rows": 10, "Plan Width": 44, "Plans": [{"Node Type": "Sort", "Parent Relationship": "Outer", "Startup Cost": 2699912.01, "Total Cost": 2708810.13, "Plan Rows": 10, "Plan Width": 44, "Sort Key": ["(sum((lineitem.l_extendedprice * (1::double precision - lineitem.l_discount)))) DESC", "orders.o_orderdate"], "Plans": [{"Node Type": "Aggregate", "Strategy": "Hashed", "Parent Relationship": "Outer", "Startup Cost": 2587405.49, "Total Cost": 2622997.96, "Plan Rows": 3559247, "Plan Width": 44, "Group By Key": ["lineitem.l_orderkey", "orders.o_orderdate", "orders.o_shippriority"], "Plans": [{"Node Type": "Nested Loop", "Parent Relationship": "Outer", "Join Type": "Inner", "Startup Cost": 0.0, "Total Cost": 2534016.78, "Plan Rows": 3559247, "Plan Width": 36, "Inner Unique": false, "Plans": [{"Node Type": "Nested Loop", "Parent Relationship": "Outer", "Join Type": "Inner", "Startup Cost": 0.0, "Total Cost": 1529472.45, "Plan Rows": 715772, "Plan Width": 20, "Inner Unique": false, "Plans": [{"Node Type": "Index Scan", "Parent Relationship": "Outer", "Scan Direction": "Forward", "Index Name": "customer_pkey", "Relation Name": "customer", "Alias": "customer", "Startup Cost": 0.0, "Total Cost": 84515.36, "Plan Rows": 303948, "Plan Width": 8, "Filter": "(c_mktsegment = 'AUTOMOBILE'::bpchar), (LLVM Optimized)"}, {"Node Type": "Index Scan", "Parent Relationship": "Inner", "Scan Direction": "Forward", "Index Name": "idx_orders_custkey", "Relation Name": "orders", "Alias": "orders", "Startup Cost": 0.0, "Total Cost": 4.73, "Plan Rows": 2, "Plan Width": 28, "Index Cond": "(o_custkey = customer.c_custkey)", "Filter": "(o_orderdate < '1995-03-13 00:00:00'::timestamp(0) without time zone)"}]}, {"Node Type": "Index Scan", "Parent Relationship": "Inner", "Scan Direction": "Forward", "Index Name": "idx_lineitem_orderkey", "Relation Name": "lineitem", "Alias": "lineitem", "Startup Cost": 0.0, "Total Cost": 1.35, "Plan Rows": 5, "Plan Width": 24, "Index Cond": "(l_orderkey = orders.o_orderkey)", "Filter": "(l_shipdate > '1995-03-13 00:00:00'::timestamp(0) without time zone)"}]}]}]}]}, "Unique SQL Id": 3929762122, "Planner Runtime": 0}, "explain_analyze_plan": {"Plan": {"Node Type": "Limit", "Startup Cost": 2699912.01, "Total Cost": 2699912.03, "Plan Rows": 10, "Plan Width": 44, "Actual Startup Time": 26685.581, "Actual Total Time": 26685.584, "Actual Rows": 10, "Actual Loops": 1, "Plans": [{"Node Type": "Sort", "Parent Relationship": "Outer", "Startup Cost": 2699912.01, "Total Cost": 2708810.13, "Plan Rows": 10, "Plan Width": 44, "Actual Startup Time": 26685.578, "Actual Total Time": 26685.58, "Actual Rows": 10, "Actual Loops": 1, "Sort Key": ["(sum((lineitem.l_extendedprice * (1::double precision - lineitem.l_discount)))) DESC", "orders.o_orderdate"], "Sort Method": "top-N heapsort", "Sort Space Used": 26, "Sort Space Type": "Memory", "Plans": [{"Node Type": "Aggregate", "Strategy": "Hashed", "Parent Relationship": "Outer", "Startup Cost": 2587405.49, "Total Cost": 2622997.96, "Plan Rows": 3559247, "Plan Width": 44, "Actual Startup Time": 26602.076, "Actual Total Time": 26658.408, "Actual Rows": 113719, "Actual Loops": 1, "Group By Key": ["lineitem.l_orderkey", "orders.o_orderdate", "orders.o_shippriority"], "Plans": [{"Node Type": "Nested Loop", "Parent Relationship": "Outer", "Join Type": "Inner", "Startup Cost": 0.0, "Total Cost": 2534016.78, "Plan Rows": 3559247, "Plan Width": 36, "Actual Startup Time": 0.213, "Actual Total Time": 26263.183, "Actual Rows": 300219, "Actual Loops": 1, "Inner Unique": false, "Plans": [{"Node Type": "Nested Loop", "Parent Relationship": "Outer", "Join Type": "Inner", "Startup Cost": 0.0, "Total Cost": 1529472.45, "Plan Rows": 715772, "Plan Width": 20, "Actual Startup Time": 0.08, "Actual Total Time": 9128.536, "Actual Rows": 1455173, "Actual Loops": 1, "Inner Unique": false, "Plans": [{"Node Type": "Index Scan", "Parent Relationship": "Outer", "Scan Direction": "Forward", "Index Name": "customer_pkey", "Relation Name": "customer", "Alias": "customer", "Startup Cost": 0.0, "Total Cost": 84515.36, "Plan Rows": 303948, "Plan Width": 8, "Actual Startup Time": 0.053, "Actual Total Time": 1062.354, "Actual Rows": 300036, "Actual Loops": 1, "Filter": "(c_mktsegment = 'AUTOMOBILE'::bpchar), (LLVM Optimized, Jit Execute)", "Rows Removed by Filter": 1199964}, {"Node Type": "Index Scan", "Parent Relationship": "Inner", "Scan Direction": "Forward", "Index Name": "idx_orders_custkey", "Relation Name": "orders", "Alias": "orders", "Startup Cost": 0.0, "Total Cost": 4.73, "Plan Rows": 2, "Plan Width": 28, "Actual Startup Time": 1928.711, "Actual Total Time": 7530.701, "Actual Rows": 1455173, "Actual Loops": 300036, "Index Cond": "(o_custkey = customer.c_custkey)", "Rows Removed by Index Recheck": 0, "Filter": "(o_orderdate < '1995-03-13 00:00:00'::timestamp(0) without time zone)", "Rows Removed by Filter": 1545367}]}, {"Node Type": "Index Scan", "Parent Relationship": "Inner", "Scan Direction": "Forward", "Index Name": "idx_lineitem_orderkey", "Relation Name": "lineitem", "Alias": "lineitem", "Startup Cost": 0.0, "Total Cost": 1.35, "Plan Rows": 5, "Plan Width": 24, "Actual Startup Time": 16010.7, "Actual Total Time": 16309.937, "Actual Rows": 300219, "Actual Loops": 1455173, "Index Cond": "(l_orderkey = orders.o_orderkey)", "Rows Removed by Index Recheck": 0, "Filter": "(l_shipdate > '1995-03-13 00:00:00'::timestamp(0) without time zone)", "Rows Removed by Filter": 5519788}]}]}]}]}, "Triggers": [], "Planner Runtime": 1.117, "Total Runtime": 26695.09, "Unique SQL Id": 3929762122}}, "(64, '58')": {"explain_plan": {"Plan": {"Node Type": "Limit", "Startup Cost": 383528982462.14, "Total Cost": 383528982462.17, "Plan Rows": 10, "Plan Width": 44, "Plans": [{"Node Type": "Sort", "Parent Relationship": "Outer", "Startup Cost": 383528982462.14, "Total Cost": 383528991360.26, "Plan Rows": 10, "Plan Width": 44, "Sort Key": ["(sum((lineitem.l_extendedprice * (1::double precision - lineitem.l_discount)))) DESC", "orders.o_orderdate"], "Plans": [{"Node Type": "Aggregate", "Strategy": "Hashed", "Parent Relationship": "Outer", "Startup Cost": 383528869955.62, "Total Cost": 383528905548.09, "Plan Rows": 3559247, "Plan Width": 44, "Group By Key": ["lineitem.l_orderkey", "orders.o_orderdate", "orders.o_shippriority"], "Plans": [{"Node Type": "Nested Loop", "Parent Relationship": "Outer", "Join Type": "Inner", "Startup Cost": 385.22, "Total Cost": 383528816566.92, "Plan Rows": 3559247, "Plan Width": 36, "Inner Unique": false, "Join Filter": "(orders.o_orderkey = lineitem.l_orderkey), (LLVM Optimized)", "Plans": [{"Node Type": "Seq Scan", "Parent Relationship": "Outer", "Relation Name": "lineitem", "Alias": "lineitem", "Startup Cost": 0.0, "Total Cost": 2165082.91, "Plan Rows": 32617206, "Plan Width": 24, "Filter": "(l_shipdate > '1995-03-13 00:00:00'::timestamp(0) without time zone), (LLVM Optimized)"}, {"Node Type": "Materialize", "Parent Relationship": "Inner", "Startup Cost": 385.22, "Total Cost": 33329411677.96, "Plan Rows": 715772, "Plan Width": 20, "Plans": [{"Node Type": "Nested Loop", "Parent Relationship": "Outer", "Join Type": "Inner", "Startup Cost": 385.22, "Total Cost": 33329408099.1, "Plan Rows": 715772, "Plan Width": 20, "Inner Unique": true, "Join Filter": "(customer.c_custkey = orders.o_custkey), (LLVM Optimized)", "Plans": [{"Node Type": "Seq Scan", "Parent Relationship": "Outer", "Relation Name": "orders", "Alias": "orders", "Startup Cost": 385.22, "Total Cost": 463912.49, "Plan Rows": 7310217, "Plan Width": 28, "Filter": "(o_orderdate < '1995-03-13 00:00:00'::timestamp(0) without time zone), (LLVM Optimized)"}, {"Node Type": "Materialize", "Parent Relationship": "Inner", "Startup Cost": 0.0, "Total Cost": 57395.74, "Plan Rows": 303948, "Plan Width": 8, "Plans": [{"Node Type": "Seq Scan", "Parent Relationship": "Outer", "Relation Name": "customer", "Alias": "customer", "Startup Cost": 0.0, "Total Cost": 55876.0, "Plan Rows": 303948, "Plan Width": 8, "Filter": "(c_mktsegment = 'AUTOMOBILE'::bpchar), (LLVM Optimized)"}]}]}]}]}]}]}]}, "Unique SQL Id": 3929762122, "Planner Runtime": 0}, "explain_analyze_plan": null}, "(64, '59')": {"explain_plan": {"Plan": {"Node Type": "Limit", "Startup Cost": 3383950608972.36, "Total Cost": 3383950608972.39, "Plan Rows": 10, "Plan Width": 44, "Plans": [{"Node Type": "Sort", "Parent Relationship": "Outer", "Startup Cost": 3383950608972.36, "Total Cost": 3383950617870.48, "Plan Rows": 10, "Plan Width": 44, "Sort Key": ["(sum((lineitem.l_extendedprice * (1::double precision - lineitem.l_discount)))) DESC", "orders.o_orderdate"], "Plans": [{"Node Type": "Aggregate", "Strategy": "Hashed", "Parent Relationship": "Outer", "Startup Cost": 3383950496465.85, "Total Cost": 3383950532058.32, "Plan Rows": 3559247, "Plan Width": 44, "Group By Key": ["lineitem.l_orderkey", "orders.o_orderdate", "orders.o_shippriority"], "Plans": [{"Node Type": "Nested Loop", "Parent Relationship": "Outer", "Join Type": "Inner", "Startup Cost": 30000000000.0, "Total Cost": 3383950443077.14, "Plan Rows": 3559247, "Plan Width": 36, "Inner Unique": false, "Join Filter": "(orders.o_orderkey = lineitem.l_orderkey), (LLVM Optimized)", "Plans": [{"Node Type": "Index Scan", "Parent Relationship": "Outer", "Scan Direction": "Forward", "Index Name": "idx_lineitem_orderkey", "Relation Name": "lineitem", "Alias": "lineitem", "Startup Cost": 10000000000.0, "Total Cost": 1000339012132.75, "Plan Rows": 32617206, "Plan Width": 24, "Filter": "(l_shipdate > '1995-03-13 00:00:00'::timestamp(0) without time zone), (LLVM Optimized)"}, {"Node Type": "Materialize", "Parent Relationship": "Inner", "Startup Cost": 20000000000.0, "Total Cost": 2033414191138.34, "Plan Rows": 715772, "Plan Width": 20, "Plans": [{"Node Type": "Nested Loop", "Parent Relationship": "Outer", "Join Type": "Inner", "Startup Cost": 20000000000.0, "Total Cost": 2033414187559.48, "Plan Rows": 715772, "Plan Width": 20, "Inner Unique": true, "Join Filter": "(customer.c_custkey = orders.o_custkey), (LLVM Optimized)", "Plans": [{"Node Type": "Index Scan", "Parent Relationship": "Outer", "Scan Direction": "Forward", "Index Name": "orders_pkey", "Relation Name": "orders", "Alias": "orders", "Startup Cost": 10000000000.0, "Total Cost": 1000076847713.25, "Plan Rows": 7310217, "Plan Width": 28, "Filter": "(o_orderdate < '1995-03-13 00:00:00'::timestamp(0) without time zone), (LLVM Optimized)"}, {"Node Type": "Materialize", "Parent Relationship": "Inner", "Startup Cost": 10000000000.0, "Total Cost": 1000008453055.36, "Plan Rows": 303948, "Plan Width": 8, "Plans": [{"Node Type": "Index Scan", "Parent Relationship": "Outer", "Scan Direction": "Forward", "Index Name": "customer_pkey", "Relation Name": "customer", "Alias": "customer", "Startup Cost": 10000000000.0, "Total Cost": 1000008451535.62, "Plan Rows": 303948, "Plan Width": 8, "Filter": "(c_mktsegment = 'AUTOMOBILE'::bpchar), (LLVM Optimized)"}]}]}]}]}]}]}]}, "Unique SQL Id": 3929762122, "Planner Runtime": 1}, "explain_analyze_plan": null}, "(64, '60')": {"explain_plan": {"Plan": {"Node Type": "Limit", "Startup Cost": 2671272.65, "Total Cost": 2671272.68, "Plan Rows": 10, "Plan Width": 44, "Plans": [{"Node Type": "Sort", "Parent Relationship": "Outer", "Startup Cost": 2671272.65, "Total Cost": 2680170.77, "Plan Rows": 10, "Plan Width": 44, "Sort Key": ["(sum((lineitem.l_extendedprice * (1::double precision - lineitem.l_discount)))) DESC", "orders.o_orderdate"], "Plans": [{"Node Type": "Aggregate", "Strategy": "Hashed", "Parent Relationship": "Outer", "Startup Cost": 2558766.13, "Total Cost": 2594358.6, "Plan Rows": 3559247, "Plan Width": 44, "Group By Key": ["lineitem.l_orderkey", "orders.o_orderdate", "orders.o_shippriority"], "Plans": [{"Node Type": "Nested Loop", "Parent Relationship": "Outer", "Join Type": "Inner", "Startup Cost": 0.0, "Total Cost": 2505377.43, "Plan Rows": 3559247, "Plan Width": 36, "Inner Unique": false, "Plans": [{"Node Type": "Nested Loop", "Parent Relationship": "Outer", "Join Type": "Inner", "Startup Cost": 0.0, "Total Cost": 1500833.09, "Plan Rows": 715772, "Plan Width": 20, "Inner Unique": false, "Plans": [{"Node Type": "Seq Scan", "Parent Relationship": "Outer", "Relation Name": "customer", "Alias": "customer", "Startup Cost": 0.0, "Total Cost": 55876.0, "Plan Rows": 303948, "Plan Width": 8, "Filter": "(c_mktsegment = 'AUTOMOBILE'::bpchar), (LLVM Optimized)"}, {"Node Type": "Index Scan", "Parent Relationship": "Inner", "Scan Direction": "Forward", "Index Name": "idx_orders_custkey", "Relation Name": "orders", "Alias": "orders", "Startup Cost": 0.0, "Total Cost": 4.73, "Plan Rows": 2, "Plan Width": 28, "Index Cond": "(o_custkey = customer.c_custkey)", "Filter": "(o_orderdate < '1995-03-13 00:00:00'::timestamp(0) without time zone)"}]}, {"Node Type": "Index Scan", "Parent Relationship": "Inner", "Scan Direction": "Forward", "Index Name": "idx_lineitem_orderkey", "Relation Name": "lineitem", "Alias": "lineitem", "Startup Cost": 0.0, "Total Cost": 1.35, "Plan Rows": 5, "Plan Width": 24, "Index Cond": "(l_orderkey = orders.o_orderkey)", "Filter": "(l_shipdate > '1995-03-13 00:00:00'::timestamp(0) without time zone)"}]}]}]}]}, "Unique SQL Id": 3929762122, "Planner Runtime": 1}, "explain_analyze_plan": {"Plan": {"Node Type": "Limit", "Startup Cost": 2671272.65, "Total Cost": 2671272.68, "Plan Rows": 10, "Plan Width": 44, "Actual Startup Time": 26214.652, "Actual Total Time": 26214.655, "Actual Rows": 10, "Actual Loops": 1, "Plans": [{"Node Type": "Sort", "Parent Relationship": "Outer", "Startup Cost": 2671272.65, "Total Cost": 2680170.77, "Plan Rows": 10, "Plan Width": 44, "Actual Startup Time": 26214.648, "Actual Total Time": 26214.648, "Actual Rows": 10, "Actual Loops": 1, "Sort Key": ["(sum((lineitem.l_extendedprice * (1::double precision - lineitem.l_discount)))) DESC", "orders.o_orderdate"], "Sort Method": "top-N heapsort", "Sort Space Used": 26, "Sort Space Type": "Memory", "Plans": [{"Node Type": "Aggregate", "Strategy": "Hashed", "Parent Relationship": "Outer", "Startup Cost": 2558766.13, "Total Cost": 2594358.6, "Plan Rows": 3559247, "Plan Width": 44, "Actual Startup Time": 26099.03, "Actual Total Time": 26186.826, "Actual Rows": 113719, "Actual Loops": 1, "Group By Key": ["lineitem.l_orderkey", "orders.o_orderdate", "orders.o_shippriority"], "Plans": [{"Node Type": "Nested Loop", "Parent Relationship": "Outer", "Join Type": "Inner", "Startup Cost": 0.0, "Total Cost": 2505377.43, "Plan Rows": 3559247, "Plan Width": 36, "Actual Startup Time": 0.183, "Actual Total Time": 25776.007, "Actual Rows": 300219, "Actual Loops": 1, "Inner Unique": false, "Plans": [{"Node Type": "Nested Loop", "Parent Relationship": "Outer", "Join Type": "Inner", "Startup Cost": 0.0, "Total Cost": 1500833.09, "Plan Rows": 715772, "Plan Width": 20, "Actual Startup Time": 0.09, "Actual Total Time": 8701.521, "Actual Rows": 1455173, "Actual Loops": 1, "Inner Unique": false, "Plans": [{"Node Type": "Seq Scan", "Parent Relationship": "Outer", "Relation Name": "customer", "Alias": "customer", "Startup Cost": 0.0, "Total Cost": 55876.0, "Plan Rows": 303948, "Plan Width": 8, "Actual Startup Time": 0.044, "Actual Total Time": 618.892, "Actual Rows": 300036, "Actual Loops": 1, "Filter": "(c_mktsegment = 'AUTOMOBILE'::bpchar), (LLVM Optimized, Jit Execute)", "Rows Removed by Filter": 1199964}, {"Node Type": "Index Scan", "Parent Relationship": "Inner", "Scan Direction": "Forward", "Index Name": "idx_orders_custkey", "Relation Name": "orders", "Alias": "orders", "Startup Cost": 0.0, "Total Cost": 4.73, "Plan Rows": 2, "Plan Width": 28, "Actual Startup Time": 1930.754, "Actual Total Time": 7545.624, "Actual Rows": 1455173, "Actual Loops": 300036, "Index Cond": "(o_custkey = customer.c_custkey)", "Rows Removed by Index Recheck": 0, "Filter": "(o_orderdate < '1995-03-13 00:00:00'::timestamp(0) without time zone)", "Rows Removed by Filter": 1545367}]}, {"Node Type": "Index Scan", "Parent Relationship": "Inner", "Scan Direction": "Forward", "Index Name": "idx_lineitem_orderkey", "Relation Name": "lineitem", "Alias": "lineitem", "Startup Cost": 0.0, "Total Cost": 1.35, "Plan Rows": 5, "Plan Width": 24, "Actual Startup Time": 15967.791, "Actual Total Time": 16264.523, "Actual Rows": 300219, "Actual Loops": 1455173, "Index Cond": "(l_orderkey = orders.o_orderkey)", "Rows Removed by Index Recheck": 0, "Filter": "(l_shipdate > '1995-03-13 00:00:00'::timestamp(0) without time zone)", "Rows Removed by Filter": 5519788}]}]}]}]}, "Triggers": [], "Planner Runtime": 0.651, "Total Runtime": 26223.963, "Unique SQL Id": 3929762122}}, "(64, '61')": {"explain_plan": {"Plan": {"Node Type": "Limit", "Startup Cost": 2699912.01, "Total Cost": 2699912.03, "Plan Rows": 10, "Plan Width": 44, "Plans": [{"Node Type": "Sort", "Parent Relationship": "Outer", "Startup Cost": 2699912.01, "Total Cost": 2708810.13, "Plan Rows": 10, "Plan Width": 44, "Sort Key": ["(sum((lineitem.l_extendedprice * (1::double precision - lineitem.l_discount)))) DESC", "orders.o_orderdate"], "Plans": [{"Node Type": "Aggregate", "Strategy": "Hashed", "Parent Relationship": "Outer", "Startup Cost": 2587405.49, "Total Cost": 2622997.96, "Plan Rows": 3559247, "Plan Width": 44, "Group By Key": ["lineitem.l_orderkey", "orders.o_orderdate", "orders.o_shippriority"], "Plans": [{"Node Type": "Nested Loop", "Parent Relationship": "Outer", "Join Type": "Inner", "Startup Cost": 0.0, "Total Cost": 2534016.78, "Plan Rows": 3559247, "Plan Width": 36, "Inner Unique": false, "Plans": [{"Node Type": "Nested Loop", "Parent Relationship": "Outer", "Join Type": "Inner", "Startup Cost": 0.0, "Total Cost": 1529472.45, "Plan Rows": 715772, "Plan Width": 20, "Inner Unique": false, "Plans": [{"Node Type": "Index Scan", "Parent Relationship": "Outer", "Scan Direction": "Forward", "Index Name": "customer_pkey", "Relation Name": "customer", "Alias": "customer", "Startup Cost": 0.0, "Total Cost": 84515.36, "Plan Rows": 303948, "Plan Width": 8, "Filter": "(c_mktsegment = 'AUTOMOBILE'::bpchar), (LLVM Optimized)"}, {"Node Type": "Index Scan", "Parent Relationship": "Inner", "Scan Direction": "Forward", "Index Name": "idx_orders_custkey", "Relation Name": "orders", "Alias": "orders", "Startup Cost": 0.0, "Total Cost": 4.73, "Plan Rows": 2, "Plan Width": 28, "Index Cond": "(o_custkey = customer.c_custkey)", "Filter": "(o_orderdate < '1995-03-13 00:00:00'::timestamp(0) without time zone)"}]}, {"Node Type": "Index Scan", "Parent Relationship": "Inner", "Scan Direction": "Forward", "Index Name": "idx_lineitem_orderkey", "Relation Name": "lineitem", "Alias": "lineitem", "Startup Cost": 0.0, "Total Cost": 1.35, "Plan Rows": 5, "Plan Width": 24, "Index Cond": "(l_orderkey = orders.o_orderkey)", "Filter": "(l_shipdate > '1995-03-13 00:00:00'::timestamp(0) without time zone)"}]}]}]}]}, "Unique SQL Id": 3929762122, "Planner Runtime": 0}, "explain_analyze_plan": {"Plan": {"Node Type": "Limit", "Startup Cost": 2699912.01, "Total Cost": 2699912.03, "Plan Rows": 10, "Plan Width": 44, "Actual Startup Time": 26685.581, "Actual Total Time": 26685.584, "Actual Rows": 10, "Actual Loops": 1, "Plans": [{"Node Type": "Sort", "Parent Relationship": "Outer", "Startup Cost": 2699912.01, "Total Cost": 2708810.13, "Plan Rows": 10, "Plan Width": 44, "Actual Startup Time": 26685.578, "Actual Total Time": 26685.58, "Actual Rows": 10, "Actual Loops": 1, "Sort Key": ["(sum((lineitem.l_extendedprice * (1::double precision - lineitem.l_discount)))) DESC", "orders.o_orderdate"], "Sort Method": "top-N heapsort", "Sort Space Used": 26, "Sort Space Type": "Memory", "Plans": [{"Node Type": "Aggregate", "Strategy": "Hashed", "Parent Relationship": "Outer", "Startup Cost": 2587405.49, "Total Cost": 2622997.96, "Plan Rows": 3559247, "Plan Width": 44, "Actual Startup Time": 26602.076, "Actual Total Time": 26658.408, "Actual Rows": 113719, "Actual Loops": 1, "Group By Key": ["lineitem.l_orderkey", "orders.o_orderdate", "orders.o_shippriority"], "Plans": [{"Node Type": "Nested Loop", "Parent Relationship": "Outer", "Join Type": "Inner", "Startup Cost": 0.0, "Total Cost": 2534016.78, "Plan Rows": 3559247, "Plan Width": 36, "Actual Startup Time": 0.213, "Actual Total Time": 26263.183, "Actual Rows": 300219, "Actual Loops": 1, "Inner Unique": false, "Plans": [{"Node Type": "Nested Loop", "Parent Relationship": "Outer", "Join Type": "Inner", "Startup Cost": 0.0, "Total Cost": 1529472.45, "Plan Rows": 715772, "Plan Width": 20, "Actual Startup Time": 0.08, "Actual Total Time": 9128.536, "Actual Rows": 1455173, "Actual Loops": 1, "Inner Unique": false, "Plans": [{"Node Type": "Index Scan", "Parent Relationship": "Outer", "Scan Direction": "Forward", "Index Name": "customer_pkey", "Relation Name": "customer", "Alias": "customer", "Startup Cost": 0.0, "Total Cost": 84515.36, "Plan Rows": 303948, "Plan Width": 8, "Actual Startup Time": 0.053, "Actual Total Time": 1062.354, "Actual Rows": 300036, "Actual Loops": 1, "Filter": "(c_mktsegment = 'AUTOMOBILE'::bpchar), (LLVM Optimized, Jit Execute)", "Rows Removed by Filter": 1199964}, {"Node Type": "Index Scan", "Parent Relationship": "Inner", "Scan Direction": "Forward", "Index Name": "idx_orders_custkey", "Relation Name": "orders", "Alias": "orders", "Startup Cost": 0.0, "Total Cost": 4.73, "Plan Rows": 2, "Plan Width": 28, "Actual Startup Time": 1928.711, "Actual Total Time": 7530.701, "Actual Rows": 1455173, "Actual Loops": 300036, "Index Cond": "(o_custkey = customer.c_custkey)", "Rows Removed by Index Recheck": 0, "Filter": "(o_orderdate < '1995-03-13 00:00:00'::timestamp(0) without time zone)", "Rows Removed by Filter": 1545367}]}, {"Node Type": "Index Scan", "Parent Relationship": "Inner", "Scan Direction": "Forward", "Index Name": "idx_lineitem_orderkey", "Relation Name": "lineitem", "Alias": "lineitem", "Startup Cost": 0.0, "Total Cost": 1.35, "Plan Rows": 5, "Plan Width": 24, "Actual Startup Time": 16010.7, "Actual Total Time": 16309.937, "Actual Rows": 300219, "Actual Loops": 1455173, "Index Cond": "(l_orderkey = orders.o_orderkey)", "Rows Removed by Index Recheck": 0, "Filter": "(l_shipdate > '1995-03-13 00:00:00'::timestamp(0) without time zone)", "Rows Removed by Filter": 5519788}]}]}]}]}, "Triggers": [], "Planner Runtime": 1.117, "Total Runtime": 26695.09, "Unique SQL Id": 3929762122}}, "(64, '62')": {"explain_plan": {"Plan": {"Node Type": "Limit", "Startup Cost": 383528982462.14, "Total Cost": 383528982462.17, "Plan Rows": 10, "Plan Width": 44, "Plans": [{"Node Type": "Sort", "Parent Relationship": "Outer", "Startup Cost": 383528982462.14, "Total Cost": 383528991360.26, "Plan Rows": 10, "Plan Width": 44, "Sort Key": ["(sum((lineitem.l_extendedprice * (1::double precision - lineitem.l_discount)))) DESC", "orders.o_orderdate"], "Plans": [{"Node Type": "Aggregate", "Strategy": "Hashed", "Parent Relationship": "Outer", "Startup Cost": 383528869955.62, "Total Cost": 383528905548.09, "Plan Rows": 3559247, "Plan Width": 44, "Group By Key": ["lineitem.l_orderkey", "orders.o_orderdate", "orders.o_shippriority"], "Plans": [{"Node Type": "Nested Loop", "Parent Relationship": "Outer", "Join Type": "Inner", "Startup Cost": 385.22, "Total Cost": 383528816566.92, "Plan Rows": 3559247, "Plan Width": 36, "Inner Unique": false, "Join Filter": "(orders.o_orderkey = lineitem.l_orderkey), (LLVM Optimized)", "Plans": [{"Node Type": "Seq Scan", "Parent Relationship": "Outer", "Relation Name": "lineitem", "Alias": "lineitem", "Startup Cost": 0.0, "Total Cost": 2165082.91, "Plan Rows": 32617206, "Plan Width": 24, "Filter": "(l_shipdate > '1995-03-13 00:00:00'::timestamp(0) without time zone), (LLVM Optimized)"}, {"Node Type": "Materialize", "Parent Relationship": "Inner", "Startup Cost": 385.22, "Total Cost": 33329411677.96, "Plan Rows": 715772, "Plan Width": 20, "Plans": [{"Node Type": "Nested Loop", "Parent Relationship": "Outer", "Join Type": "Inner", "Startup Cost": 385.22, "Total Cost": 33329408099.1, "Plan Rows": 715772, "Plan Width": 20, "Inner Unique": true, "Join Filter": "(customer.c_custkey = orders.o_custkey), (LLVM Optimized)", "Plans": [{"Node Type": "Seq Scan", "Parent Relationship": "Outer", "Relation Name": "orders", "Alias": "orders", "Startup Cost": 385.22, "Total Cost": 463912.49, "Plan Rows": 7310217, "Plan Width": 28, "Filter": "(o_orderdate < '1995-03-13 00:00:00'::timestamp(0) without time zone), (LLVM Optimized)"}, {"Node Type": "Materialize", "Parent Relationship": "Inner", "Startup Cost": 0.0, "Total Cost": 57395.74, "Plan Rows": 303948, "Plan Width": 8, "Plans": [{"Node Type": "Seq Scan", "Parent Relationship": "Outer", "Relation Name": "customer", "Alias": "customer", "Startup Cost": 0.0, "Total Cost": 55876.0, "Plan Rows": 303948, "Plan Width": 8, "Filter": "(c_mktsegment = 'AUTOMOBILE'::bpchar), (LLVM Optimized)"}]}]}]}]}]}]}]}, "Unique SQL Id": 3929762122, "Planner Runtime": 0}, "explain_analyze_plan": null}, "(64, '63')": {"explain_plan": {"Plan": {"Node Type": "Limit", "Startup Cost": 3383950608972.36, "Total Cost": 3383950608972.39, "Plan Rows": 10, "Plan Width": 44, "Plans": [{"Node Type": "Sort", "Parent Relationship": "Outer", "Startup Cost": 3383950608972.36, "Total Cost": 3383950617870.48, "Plan Rows": 10, "Plan Width": 44, "Sort Key": ["(sum((lineitem.l_extendedprice * (1::double precision - lineitem.l_discount)))) DESC", "orders.o_orderdate"], "Plans": [{"Node Type": "Aggregate", "Strategy": "Hashed", "Parent Relationship": "Outer", "Startup Cost": 3383950496465.85, "Total Cost": 3383950532058.32, "Plan Rows": 3559247, "Plan Width": 44, "Group By Key": ["lineitem.l_orderkey", "orders.o_orderdate", "orders.o_shippriority"], "Plans": [{"Node Type": "Nested Loop", "Parent Relationship": "Outer", "Join Type": "Inner", "Startup Cost": 30000000000.0, "Total Cost": 3383950443077.14, "Plan Rows": 3559247, "Plan Width": 36, "Inner Unique": false, "Join Filter": "(orders.o_orderkey = lineitem.l_orderkey), (LLVM Optimized)", "Plans": [{"Node Type": "Index Scan", "Parent Relationship": "Outer", "Scan Direction": "Forward", "Index Name": "idx_lineitem_orderkey", "Relation Name": "lineitem", "Alias": "lineitem", "Startup Cost": 10000000000.0, "Total Cost": 1000339012132.75, "Plan Rows": 32617206, "Plan Width": 24, "Filter": "(l_shipdate > '1995-03-13 00:00:00'::timestamp(0) without time zone), (LLVM Optimized)"}, {"Node Type": "Materialize", "Parent Relationship": "Inner", "Startup Cost": 20000000000.0, "Total Cost": 2033414191138.34, "Plan Rows": 715772, "Plan Width": 20, "Plans": [{"Node Type": "Nested Loop", "Parent Relationship": "Outer", "Join Type": "Inner", "Startup Cost": 20000000000.0, "Total Cost": 2033414187559.48, "Plan Rows": 715772, "Plan Width": 20, "Inner Unique": true, "Join Filter": "(customer.c_custkey = orders.o_custkey), (LLVM Optimized)", "Plans": [{"Node Type": "Index Scan", "Parent Relationship": "Outer", "Scan Direction": "Forward", "Index Name": "orders_pkey", "Relation Name": "orders", "Alias": "orders", "Startup Cost": 10000000000.0, "Total Cost": 1000076847713.25, "Plan Rows": 7310217, "Plan Width": 28, "Filter": "(o_orderdate < '1995-03-13 00:00:00'::timestamp(0) without time zone), (LLVM Optimized)"}, {"Node Type": "Materialize", "Parent Relationship": "Inner", "Startup Cost": 10000000000.0, "Total Cost": 1000008453055.36, "Plan Rows": 303948, "Plan Width": 8, "Plans": [{"Node Type": "Index Scan", "Parent Relationship": "Outer", "Scan Direction": "Forward", "Index Name": "customer_pkey", "Relation Name": "customer", "Alias": "customer", "Startup Cost": 10000000000.0, "Total Cost": 1000008451535.62, "Plan Rows": 303948, "Plan Width": 8, "Filter": "(c_mktsegment = 'AUTOMOBILE'::bpchar), (LLVM Optimized)"}]}]}]}]}]}]}]}, "Unique SQL Id": 3929762122, "Planner Runtime": 0}, "explain_analyze_plan": null}, "(64, '64')": {"explain_plan": {"Plan": {"Node Type": "Limit", "Startup Cost": 1728598.43, "Total Cost": 1728598.46, "Plan Rows": 10, "Plan Width": 44, "Plans": [{"Node Type": "Sort", "Parent Relationship": "Outer", "Startup Cost": 1728598.43, "Total Cost": 1737496.55, "Plan Rows": 10, "Plan Width": 44, "Sort Key": ["(sum((lineitem.l_extendedprice * (1::double precision - lineitem.l_discount)))) DESC", "orders.o_orderdate"], "Plans": [{"Node Type": "Aggregate", "Strategy": "Hashed", "Parent Relationship": "Outer", "Startup Cost": 1616091.91, "Total Cost": 1651684.38, "Plan Rows": 3559247, "Plan Width": 44, "Group By Key": ["lineitem.l_orderkey", "orders.o_orderdate", "orders.o_shippriority"], "Plans": [{"Node Type": "Nested Loop", "Parent Relationship": "Outer", "Join Type": "Inner", "Startup Cost": 60060.57, "Total Cost": 1562703.21, "Plan Rows": 3559247, "Plan Width": 36, "Inner Unique": false, "Plans": [{"Node Type": "Hash Join", "Parent Relationship": "Outer", "Join Type": "Inner", "Startup Cost": 60060.57, "Total Cost": 558158.87, "Plan Rows": 715772, "Plan Width": 20, "Inner Unique": true, "Hash Cond": "(orders.o_custkey = customer.c_custkey), (LLVM Optimized)", "Plans": [{"Node Type": "Seq Scan", "Parent Relationship": "Outer", "Relation Name": "orders", "Alias": "orders", "Startup Cost": 385.22, "Total Cost": 463912.49, "Plan Rows": 7310217, "Plan Width": 28, "Filter": "(o_orderdate < '1995-03-13 00:00:00'::timestamp(0) without time zone), (LLVM Optimized)"}, {"Node Type": "Hash", "Parent Relationship": "Inner", "Startup Cost": 55876.0, "Total Cost": 55876.0, "Plan Rows": 303948, "Plan Width": 8, "Plans": [{"Node Type": "Seq Scan", "Parent Relationship": "Outer", "Relation Name": "customer", "Alias": "customer", "Startup Cost": 0.0, "Total Cost": 55876.0, "Plan Rows": 303948, "Plan Width": 8, "Filter": "(c_mktsegment = 'AUTOMOBILE'::bpchar), (LLVM Optimized)"}]}]}, {"Node Type": "Index Scan", "Parent Relationship": "Inner", "Scan Direction": "Forward", "Index Name": "idx_lineitem_orderkey", "Relation Name": "lineitem", "Alias": "lineitem", "Startup Cost": 0.0, "Total Cost": 1.35, "Plan Rows": 5, "Plan Width": 24, "Index Cond": "(l_orderkey = orders.o_orderkey)", "Filter": "(l_shipdate > '1995-03-13 00:00:00'::timestamp(0) without time zone)"}]}]}]}]}, "Unique SQL Id": 3929762122, "Planner Runtime": 1}, "explain_analyze_plan": {"Plan": {"Node Type": "Limit", "Startup Cost": 1728598.43, "Total Cost": 1728598.46, "Plan Rows": 10, "Plan Width": 44, "Actual Startup Time": 21117.994, "Actual Total Time": 21117.997, "Actual Rows": 10, "Actual Loops": 1, "Plans": [{"Node Type": "Sort", "Parent Relationship": "Outer", "Startup Cost": 1728598.43, "Total Cost": 1737496.55, "Plan Rows": 10, "Plan Width": 44, "Actual Startup Time": 21117.992, "Actual Total Time": 21117.994, "Actual Rows": 10, "Actual Loops": 1, "Sort Key": ["(sum((lineitem.l_extendedprice * (1::double precision - lineitem.l_discount)))) DESC", "orders.o_orderdate"], "Sort Method": "top-N heapsort", "Sort Space Used": 26, "Sort Space Type": "Memory", "Plans": [{"Node Type": "Aggregate", "Strategy": "Hashed", "Parent Relationship": "Outer", "Startup Cost": 1616091.91, "Total Cost": 1651684.38, "Plan Rows": 3559247, "Plan Width": 44, "Actual Startup Time": 21027.036, "Actual Total Time": 21090.872, "Actual Rows": 113719, "Actual Loops": 1, "Group By Key": ["lineitem.l_orderkey", "orders.o_orderdate", "orders.o_shippriority"], "Plans": [{"Node Type": "Nested Loop", "Parent Relationship": "Outer", "Join Type": "Inner", "Startup Cost": 60060.57, "Total Cost": 1562703.21, "Plan Rows": 3559247, "Plan Width": 36, "Actual Startup Time": 715.193, "Actual Total Time": 20724.929, "Actual Rows": 300219, "Actual Loops": 1, "Inner Unique": false, "Plans": [{"Node Type": "Hash Join", "Parent Relationship": "Outer", "Join Type": "Inner", "Startup Cost": 60060.57, "Total Cost": 558158.87, "Plan Rows": 715772, "Plan Width": 20, "Actual Startup Time": 714.951, "Actual Total Time": 8829.543, "Actual Rows": 1455173, "Actual Loops": 1, "Inner Unique": true, "Hash Cond": "(orders.o_custkey = customer.c_custkey), (LLVM Optimized, Jit Execute)", "Plans": [{"Node Type": "Seq Scan", "Parent Relationship": "Outer", "Relation Name": "orders", "Alias": "orders", "Startup Cost": 385.22, "Total Cost": 463912.49, "Plan Rows": 7310217, "Plan Width": 28, "Actual Startup Time": 0.057, "Actual Total Time": 4914.288, "Actual Rows": 7276947, "Actual Loops": 1, "Filter": "(o_orderdate < '1995-03-13 00:00:00'::timestamp(0) without time zone), (LLVM Optimized, Jit Execute)", "Rows Removed by Filter": 7723053}, {"Node Type": "Hash", "Parent Relationship": "Inner", "Startup Cost": 55876.0, "Total Cost": 55876.0, "Plan Rows": 303948, "Plan Width": 8, "Actual Startup Time": 714.362, "Actual Total Time": 714.362, "Actual Rows": 300036, "Actual Loops": 1, "Hash Buckets": 524288, "Hash Batches": 1, "Original Hash Batches": 1, "Peak Memory Usage": 11721, "Plans": [{"Node Type": "Seq Scan", "Parent Relationship": "Outer", "Relation Name": "customer", "Alias": "customer", "Startup Cost": 0.0, "Total Cost": 55876.0, "Plan Rows": 303948, "Plan Width": 8, "Actual Startup Time": 0.025, "Actual Total Time": 609.909, "Actual Rows": 300036, "Actual Loops": 1, "Filter": "(c_mktsegment = 'AUTOMOBILE'::bpchar), (LLVM Optimized, Jit Execute)", "Rows Removed by Filter": 1199964}]}]}, {"Node Type": "Index Scan", "Parent Relationship": "Inner", "Scan Direction": "Forward", "Index Name": "idx_lineitem_orderkey", "Relation Name": "lineitem", "Alias": "lineitem", "Startup Cost": 0.0, "Total Cost": 1.35, "Plan Rows": 5, "Plan Width": 24, "Actual Startup Time": 10802.654, "Actual Total Time": 11090.593, "Actual Rows": 300219, "Actual Loops": 1455173, "Index Cond": "(l_orderkey = orders.o_orderkey)", "Rows Removed by Index Recheck": 0, "Filter": "(l_shipdate > '1995-03-13 00:00:00'::timestamp(0) without time zone)", "Rows Removed by Filter": 5519788}]}]}]}]}, "Triggers": [], "Planner Runtime": 1.214, "Total Runtime": 21127.825, "Unique SQL Id": 3929762122}}, "(64, '65')": {"explain_plan": {"Plan": {"Node Type": "Limit", "Startup Cost": 1829820.45, "Total Cost": 1829820.47, "Plan Rows": 10, "Plan Width": 44, "Plans": [{"Node Type": "Sort", "Parent Relationship": "Outer", "Startup Cost": 1829820.45, "Total Cost": 1838718.56, "Plan Rows": 10, "Plan Width": 44, "Sort Key": ["(sum((lineitem.l_extendedprice * (1::double precision - lineitem.l_discount)))) DESC", "orders.o_orderdate"], "Plans": [{"Node Type": "Aggregate", "Strategy": "Hashed", "Parent Relationship": "Outer", "Startup Cost": 1717313.93, "Total Cost": 1752906.4, "Plan Rows": 3559247, "Plan Width": 44, "Group By Key": ["lineitem.l_orderkey", "orders.o_orderdate", "orders.o_shippriority"], "Plans": [{"Node Type": "Nested Loop", "Parent Relationship": "Outer", "Join Type": "Inner", "Startup Cost": 257013.14, "Total Cost": 1663925.22, "Plan Rows": 3559247, "Plan Width": 36, "Inner Unique": false, "Plans": [{"Node Type": "Hash Join", "Parent Relationship": "Outer", "Join Type": "Inner", "Startup Cost": 257013.14, "Total Cost": 659380.88, "Plan Rows": 715772, "Plan Width": 20, "Inner Unique": true, "Hash Cond": "(orders.o_custkey = customer.c_custkey), (LLVM Optimized)", "Plans": [{"Node Type": "Bitmap Heap Scan", "Parent Relationship": "Outer", "Relation Name": "orders", "Alias": "orders", "Startup Cost": 168698.43, "Total Cost": 536495.14, "Plan Rows": 7310217, "Plan Width": 28, "Recheck Cond": "(o_orderdate < '1995-03-13 00:00:00'::timestamp(0) without time zone), (LLVM Optimized)", "Plans": [{"Node Type": "Bitmap Index Scan", "Parent Relationship": "Outer", "Index Name": "idx_orders_orderdate", "Startup Cost": 0.0, "Total Cost": 166870.88, "Plan Rows": 7310217, "Plan Width": 0, "Index Cond": "(o_orderdate < '1995-03-13 00:00:00'::timestamp(0) without time zone)"}]}, {"Node Type": "Hash", "Parent Relationship": "Inner", "Startup Cost": 84515.36, "Total Cost": 84515.36, "Plan Rows": 303948, "Plan Width": 8, "Plans": [{"Node Type": "Index Scan", "Parent Relationship": "Outer", "Scan Direction": "Forward", "Index Name": "customer_pkey", "Relation Name": "customer", "Alias": "customer", "Startup Cost": 0.0, "Total Cost": 84515.36, "Plan Rows": 303948, "Plan Width": 8, "Filter": "(c_mktsegment = 'AUTOMOBILE'::bpchar), (LLVM Optimized)"}]}]}, {"Node Type": "Index Scan", "Parent Relationship": "Inner", "Scan Direction": "Forward", "Index Name": "idx_lineitem_orderkey", "Relation Name": "lineitem", "Alias": "lineitem", "Startup Cost": 0.0, "Total Cost": 1.35, "Plan Rows": 5, "Plan Width": 24, "Index Cond": "(l_orderkey = orders.o_orderkey)", "Filter": "(l_shipdate > '1995-03-13 00:00:00'::timestamp(0) without time zone)"}]}]}]}]}, "Unique SQL Id": 3929762122, "Planner Runtime": 1}, "explain_analyze_plan": {"Plan": {"Node Type": "Limit", "Startup Cost": 1829820.45, "Total Cost": 1829820.47, "Plan Rows": 10, "Plan Width": 44, "Actual Startup Time": 22613.581, "Actual Total Time": 22613.584, "Actual Rows": 10, "Actual Loops": 1, "Plans": [{"Node Type": "Sort", "Parent Relationship": "Outer", "Startup Cost": 1829820.45, "Total Cost": 1838718.56, "Plan Rows": 10, "Plan Width": 44, "Actual Startup Time": 22613.577, "Actual Total Time": 22613.578, "Actual Rows": 10, "Actual Loops": 1, "Sort Key": ["(sum((lineitem.l_extendedprice * (1::double precision - lineitem.l_discount)))) DESC", "orders.o_orderdate"], "Sort Method": "top-N heapsort", "Sort Space Used": 26, "Sort Space Type": "Memory", "Plans": [{"Node Type": "Aggregate", "Strategy": "Hashed", "Parent Relationship": "Outer", "Startup Cost": 1717313.93, "Total Cost": 1752906.4, "Plan Rows": 3559247, "Plan Width": 44, "Actual Startup Time": 22530.245, "Actual Total Time": 22586.346, "Actual Rows": 113719, "Actual Loops": 1, "Group By Key": ["lineitem.l_orderkey", "orders.o_orderdate", "orders.o_shippriority"], "Plans": [{"Node Type": "Nested Loop", "Parent Relationship": "Outer", "Join Type": "Inner", "Startup Cost": 257013.14, "Total Cost": 1663925.22, "Plan Rows": 3559247, "Plan Width": 36, "Actual Startup Time": 3499.217, "Actual Total Time": 22242.047, "Actual Rows": 300219, "Actual Loops": 1, "Inner Unique": false, "Plans": [{"Node Type": "Hash Join", "Parent Relationship": "Outer", "Join Type": "Inner", "Startup Cost": 257013.14, "Total Cost": 659380.88, "Plan Rows": 715772, "Plan Width": 20, "Actual Startup Time": 3498.97, "Actual Total Time": 10470.555, "Actual Rows": 1455173, "Actual Loops": 1, "Inner Unique": true, "Hash Cond": "(orders.o_custkey = customer.c_custkey), (LLVM Optimized, Jit Execute)", "Plans": [{"Node Type": "Bitmap Heap Scan", "Parent Relationship": "Outer", "Relation Name": "orders", "Alias": "orders", "Startup Cost": 168698.43, "Total Cost": 536495.14, "Plan Rows": 7310217, "Plan Width": 28, "Actual Startup Time": 2285.018, "Actual Total Time": 6196.804, "Actual Rows": 7276947, "Actual Loops": 1, "Recheck Cond": "(o_orderdate < '1995-03-13 00:00:00'::timestamp(0) without time zone), (LLVM Optimized, Jit Execute)", "Rows Removed by Index Recheck": 0, "Exact Heap Blocks": 276419, "Lossy Heap Blocks": 276419, "Plans": [{"Node Type": "Bitmap Index Scan", "Parent Relationship": "Outer", "Index Name": "idx_orders_orderdate", "Startup Cost": 0.0, "Total Cost": 166870.88, "Plan Rows": 7310217, "Plan Width": 0, "Actual Startup Time": 2184.08, "Actual Total Time": 2184.08, "Actual Rows": 7276947, "Actual Loops": 1, "Index Cond": "(o_orderdate < '1995-03-13 00:00:00'::timestamp(0) without time zone)"}]}, {"Node Type": "Hash", "Parent Relationship": "Inner", "Startup Cost": 84515.36, "Total Cost": 84515.36, "Plan Rows": 303948, "Plan Width": 8, "Actual Startup Time": 1213.579, "Actual Total Time": 1213.579, "Actual Rows": 300036, "Actual Loops": 1, "Hash Buckets": 524288, "Hash Batches": 1, "Original Hash Batches": 1, "Peak Memory Usage": 11721, "Plans": [{"Node Type": "Index Scan", "Parent Relationship": "Outer", "Scan Direction": "Forward", "Index Name": "customer_pkey", "Relation Name": "customer", "Alias": "customer", "Startup Cost": 0.0, "Total Cost": 84515.36, "Plan Rows": 303948, "Plan Width": 8, "Actual Startup Time": 0.074, "Actual Total Time": 1102.735, "Actual Rows": 300036, "Actual Loops": 1, "Filter": "(c_mktsegment = 'AUTOMOBILE'::bpchar), (LLVM Optimized, Jit Execute)", "Rows Removed by Filter": 1199964}]}]}, {"Node Type": "Index Scan", "Parent Relationship": "Inner", "Scan Direction": "Forward", "Index Name": "idx_lineitem_orderkey", "Relation Name": "lineitem", "Alias": "lineitem", "Startup Cost": 0.0, "Total Cost": 1.35, "Plan Rows": 5, "Plan Width": 24, "Actual Startup Time": 10674.421, "Actual Total Time": 10965.74, "Actual Rows": 300219, "Actual Loops": 1455173, "Index Cond": "(l_orderkey = orders.o_orderkey)", "Rows Removed by Index Recheck": 0, "Filter": "(l_shipdate > '1995-03-13 00:00:00'::timestamp(0) without time zone)", "Rows Removed by Filter": 5519788}]}]}]}]}, "Triggers": [], "Planner Runtime": 1.278, "Total Runtime": 22623.875, "Unique SQL Id": 3929762122}}, "(64, '66')": {"explain_plan": {"Plan": {"Node Type": "Limit", "Startup Cost": 3055991.15, "Total Cost": 3055991.17, "Plan Rows": 10, "Plan Width": 44, "Plans": [{"Node Type": "Sort", "Parent Relationship": "Outer", "Startup Cost": 3055991.15, "Total Cost": 3064889.27, "Plan Rows": 10, "Plan Width": 44, "Sort Key": ["(sum((lineitem.l_extendedprice * (1::double precision - lineitem.l_discount)))) DESC", "orders.o_orderdate"], "Plans": [{"Node Type": "Aggregate", "Strategy": "Hashed", "Parent Relationship": "Outer", "Startup Cost": 2943484.63, "Total Cost": 2979077.1, "Plan Rows": 3559247, "Plan Width": 44, "Group By Key": ["lineitem.l_orderkey", "orders.o_orderdate", "orders.o_shippriority"], "Plans": [{"Node Type": "Hash Join", "Parent Relationship": "Outer", "Join Type": "Inner", "Startup Cost": 567106.02, "Total Cost": 2890095.93, "Plan Rows": 3559247, "Plan Width": 36, "Inner Unique": false, "Hash Cond": "(lineitem.l_orderkey = orders.o_orderkey), (LLVM Optimized)", "Plans": [{"Node Type": "Seq Scan", "Parent Relationship": "Outer", "Relation Name": "lineitem", "Alias": "lineitem", "Startup Cost": 0.0, "Total Cost": 2165082.91, "Plan Rows": 32617206, "Plan Width": 24, "Filter": "(l_shipdate > '1995-03-13 00:00:00'::timestamp(0) without time zone), (LLVM Optimized)"}, {"Node Type": "Hash", "Parent Relationship": "Inner", "Startup Cost": 558158.87, "Total Cost": 558158.87, "Plan Rows": 715772, "Plan Width": 20, "Plans": [{"Node Type": "Hash Join", "Parent Relationship": "Outer", "Join Type": "Inner", "Startup Cost": 60060.57, "Total Cost": 558158.87, "Plan Rows": 715772, "Plan Width": 20, "Inner Unique": true, "Hash Cond": "(orders.o_custkey = customer.c_custkey), (LLVM Optimized)", "Plans": [{"Node Type": "Seq Scan", "Parent Relationship": "Outer", "Relation Name": "orders", "Alias": "orders", "Startup Cost": 385.22, "Total Cost": 463912.49, "Plan Rows": 7310217, "Plan Width": 28, "Filter": "(o_orderdate < '1995-03-13 00:00:00'::timestamp(0) without time zone), (LLVM Optimized)"}, {"Node Type": "Hash", "Parent Relationship": "Inner", "Startup Cost": 55876.0, "Total Cost": 55876.0, "Plan Rows": 303948, "Plan Width": 8, "Plans": [{"Node Type": "Seq Scan", "Parent Relationship": "Outer", "Relation Name": "customer", "Alias": "customer", "Startup Cost": 0.0, "Total Cost": 55876.0, "Plan Rows": 303948, "Plan Width": 8, "Filter": "(c_mktsegment = 'AUTOMOBILE'::bpchar), (LLVM Optimized)"}]}]}]}]}]}]}]}, "Unique SQL Id": 3929762122, "Planner Runtime": 1}, "explain_analyze_plan": {"Plan": {"Node Type": "Limit", "Startup Cost": 3055991.15, "Total Cost": 3055991.17, "Plan Rows": 10, "Plan Width": 44, "Actual Startup Time": 38981.88, "Actual Total Time": 38981.882, "Actual Rows": 10, "Actual Loops": 1, "Plans": [{"Node Type": "Sort", "Parent Relationship": "Outer", "Startup Cost": 3055991.15, "Total Cost": 3064889.27, "Plan Rows": 10, "Plan Width": 44, "Actual Startup Time": 38981.877, "Actual Total Time": 38981.879, "Actual Rows": 10, "Actual Loops": 1, "Sort Key": ["(sum((lineitem.l_extendedprice * (1::double precision - lineitem.l_discount)))) DESC", "orders.o_orderdate"], "Sort Method": "top-N heapsort", "Sort Space Used": 26, "Sort Space Type": "Memory", "Plans": [{"Node Type": "Aggregate", "Strategy": "Hashed", "Parent Relationship": "Outer", "Startup Cost": 2943484.63, "Total Cost": 2979077.1, "Plan Rows": 3559247, "Plan Width": 44, "Actual Startup Time": 38897.899, "Actual Total Time": 38954.607, "Actual Rows": 113719, "Actual Loops": 1, "Group By Key": ["lineitem.l_orderkey", "orders.o_orderdate", "orders.o_shippriority"], "Plans": [{"Node Type": "Hash Join", "Parent Relationship": "Outer", "Join Type": "Inner", "Startup Cost": 567106.02, "Total Cost": 2890095.93, "Plan Rows": 3559247, "Plan Width": 36, "Actual Startup Time": 8861.31, "Actual Total Time": 38607.742, "Actual Rows": 300219, "Actual Loops": 1, "Inner Unique": false, "Hash Cond": "(lineitem.l_orderkey = orders.o_orderkey), (LLVM Optimized, Jit Execute)", "Plans": [{"Node Type": "Seq Scan", "Parent Relationship": "Outer", "Relation Name": "lineitem", "Alias": "lineitem", "Startup Cost": 0.0, "Total Cost": 2165082.91, "Plan Rows": 32617206, "Plan Width": 24, "Actual Startup Time": 0.043, "Actual Total Time": 21057.993, "Actual Rows": 32384344, "Actual Loops": 1, "Filter": "(l_shipdate > '1995-03-13 00:00:00'::timestamp(0) without time zone), (LLVM Optimized, Jit Execute)", "Rows Removed by Filter": 27601708}, {"Node Type": "Hash", "Parent Relationship": "Inner", "Startup Cost": 558158.87, "Total Cost": 558158.87, "Plan Rows": 715772, "Plan Width": 20, "Actual Startup Time": 8859.763, "Actual Total Time": 8859.763, "Actual Rows": 1455173, "Actual Loops": 1, "Hash Buckets": 1048576, "Hash Batches": 1, "Original Hash Batches": 1, "Peak Memory Usage": 79580, "Plans": [{"Node Type": "Hash Join", "Parent Relationship": "Outer", "Join Type": "Inner", "Startup Cost": 60060.57, "Total Cost": 558158.87, "Plan Rows": 715772, "Plan Width": 20, "Actual Startup Time": 722.618, "Actual Total Time": 8279.715, "Actual Rows": 1455173, "Actual Loops": 1, "Inner Unique": true, "Hash Cond": "(orders.o_custkey = customer.c_custkey), (LLVM Optimized, Jit Execute)", "Plans": [{"Node Type": "Seq Scan", "Parent Relationship": "Outer", "Relation Name": "orders", "Alias": "orders", "Startup Cost": 385.22, "Total Cost": 463912.49, "Plan Rows": 7310217, "Plan Width": 28, "Actual Startup Time": 0.02, "Actual Total Time": 4751.931, "Actual Rows": 7276947, "Actual Loops": 1, "Filter": "(o_orderdate < '1995-03-13 00:00:00'::timestamp(0) without time zone), (LLVM Optimized, Jit Execute)", "Rows Removed by Filter": 7723053}, {"Node Type": "Hash", "Parent Relationship": "Inner", "Startup Cost": 55876.0, "Total Cost": 55876.0, "Plan Rows": 303948, "Plan Width": 8, "Actual Startup Time": 722.198, "Actual Total Time": 722.198, "Actual Rows": 300036, "Actual Loops": 1, "Hash Buckets": 524288, "Hash Batches": 1, "Original Hash Batches": 1, "Peak Memory Usage": 11721, "Plans": [{"Node Type": "Seq Scan", "Parent Relationship": "Outer", "Relation Name": "customer", "Alias": "customer", "Startup Cost": 0.0, "Total Cost": 55876.0, "Plan Rows": 303948, "Plan Width": 8, "Actual Startup Time": 0.027, "Actual Total Time": 618.423, "Actual Rows": 300036, "Actual Loops": 1, "Filter": "(c_mktsegment = 'AUTOMOBILE'::bpchar), (LLVM Optimized, Jit Execute)", "Rows Removed by Filter": 1199964}]}]}]}]}]}]}]}, "Triggers": [], "Planner Runtime": 1.255, "Total Runtime": 38992.143, "Unique SQL Id": 3929762122}}, "(64, '67')": {"explain_plan": {"Plan": {"Node Type": "Limit", "Startup Cost": 35345596.54, "Total Cost": 35345596.56, "Plan Rows": 10, "Plan Width": 44, "Plans": [{"Node Type": "Sort", "Parent Relationship": "Outer", "Startup Cost": 35345596.54, "Total Cost": 35354494.65, "Plan Rows": 10, "Plan Width": 44, "Sort Key": ["(sum((lineitem.l_extendedprice * (1::double precision - lineitem.l_discount)))) DESC", "orders.o_orderdate"], "Plans": [{"Node Type": "Aggregate", "Strategy": "Hashed", "Parent Relationship": "Outer", "Startup Cost": 35233090.02, "Total Cost": 35268682.49, "Plan Rows": 3559247, "Plan Width": 44, "Group By Key": ["lineitem.l_orderkey", "orders.o_orderdate", "orders.o_shippriority"], "Plans": [{"Node Type": "Nested Loop", "Parent Relationship": "Outer", "Join Type": "Inner", "Startup Cost": 168699.14, "Total Cost": 35179701.31, "Plan Rows": 3559247, "Plan Width": 36, "Inner Unique": false, "Plans": [{"Node Type": "Nested Loop", "Parent Relationship": "Outer", "Join Type": "Inner", "Startup Cost": 168698.69, "Total Cost": 31865463.0, "Plan Rows": 715772, "Plan Width": 20, "Inner Unique": true, "Plans": [{"Node Type": "Bitmap Heap Scan", "Parent Relationship": "Outer", "Relation Name": "orders", "Alias": "orders", "Startup Cost": 168698.43, "Total Cost": 536495.14, "Plan Rows": 7310217, "Plan Width": 28, "Recheck Cond": "(o_orderdate < '1995-03-13 00:00:00'::timestamp(0) without time zone), (LLVM Optimized)", "Plans": [{"Node Type": "Bitmap Index Scan", "Parent Relationship": "Outer", "Index Name": "idx_orders_orderdate", "Startup Cost": 0.0, "Total Cost": 166870.88, "Plan Rows": 7310217, "Plan Width": 0, "Index Cond": "(o_orderdate < '1995-03-13 00:00:00'::timestamp(0) without time zone)"}]}, {"Node Type": "Bitmap Heap Scan", "Parent Relationship": "Inner", "Relation Name": "customer", "Alias": "customer", "Startup Cost": 0.26, "Total Cost": 4.28, "Plan Rows": 1, "Plan Width": 8, "Recheck Cond": "(c_custkey = orders.o_custkey)", "Filter": "(c_mktsegment = 'AUTOMOBILE'::bpchar)", "Plans": [{"Node Type": "Bitmap Index Scan", "Parent Relationship": "Outer", "Index Name": "customer_pkey", "Startup Cost": 0.0, "Total Cost": 0.26, "Plan Rows": 1, "Plan Width": 0, "Index Cond": "(c_custkey = orders.o_custkey)"}]}]}, {"Node Type": "Bitmap Heap Scan", "Parent Relationship": "Inner", "Relation Name": "lineitem", "Alias": "lineitem", "Startup Cost": 0.45, "Total Cost": 4.58, "Plan Rows": 5, "Plan Width": 24, "Recheck Cond": "(l_orderkey = orders.o_orderkey)", "Filter": "(l_shipdate > '1995-03-13 00:00:00'::timestamp(0) without time zone)", "Plans": [{"Node Type": "Bitmap Index Scan", "Parent Relationship": "Outer", "Index Name": "idx_lineitem_orderkey", "Startup Cost": 0.0, "Total Cost": 0.44, "Plan Rows": 9, "Plan Width": 0, "Index Cond": "(l_orderkey = orders.o_orderkey)"}]}]}]}]}]}, "Unique SQL Id": 3929762122, "Planner Runtime": 1}, "explain_analyze_plan": null}, "(64, '68')": {"explain_plan": {"Plan": {"Node Type": "Limit", "Startup Cost": 1728598.43, "Total Cost": 1728598.46, "Plan Rows": 10, "Plan Width": 44, "Plans": [{"Node Type": "Sort", "Parent Relationship": "Outer", "Startup Cost": 1728598.43, "Total Cost": 1737496.55, "Plan Rows": 10, "Plan Width": 44, "Sort Key": ["(sum((lineitem.l_extendedprice * (1::double precision - lineitem.l_discount)))) DESC", "orders.o_orderdate"], "Plans": [{"Node Type": "Aggregate", "Strategy": "Hashed", "Parent Relationship": "Outer", "Startup Cost": 1616091.91, "Total Cost": 1651684.38, "Plan Rows": 3559247, "Plan Width": 44, "Group By Key": ["lineitem.l_orderkey", "orders.o_orderdate", "orders.o_shippriority"], "Plans": [{"Node Type": "Nested Loop", "Parent Relationship": "Outer", "Join Type": "Inner", "Startup Cost": 60060.57, "Total Cost": 1562703.21, "Plan Rows": 3559247, "Plan Width": 36, "Inner Unique": false, "Plans": [{"Node Type": "Hash Join", "Parent Relationship": "Outer", "Join Type": "Inner", "Startup Cost": 60060.57, "Total Cost": 558158.87, "Plan Rows": 715772, "Plan Width": 20, "Inner Unique": true, "Hash Cond": "(orders.o_custkey = customer.c_custkey), (LLVM Optimized)", "Plans": [{"Node Type": "Seq Scan", "Parent Relationship": "Outer", "Relation Name": "orders", "Alias": "orders", "Startup Cost": 385.22, "Total Cost": 463912.49, "Plan Rows": 7310217, "Plan Width": 28, "Filter": "(o_orderdate < '1995-03-13 00:00:00'::timestamp(0) without time zone), (LLVM Optimized)"}, {"Node Type": "Hash", "Parent Relationship": "Inner", "Startup Cost": 55876.0, "Total Cost": 55876.0, "Plan Rows": 303948, "Plan Width": 8, "Plans": [{"Node Type": "Seq Scan", "Parent Relationship": "Outer", "Relation Name": "customer", "Alias": "customer", "Startup Cost": 0.0, "Total Cost": 55876.0, "Plan Rows": 303948, "Plan Width": 8, "Filter": "(c_mktsegment = 'AUTOMOBILE'::bpchar), (LLVM Optimized)"}]}]}, {"Node Type": "Index Scan", "Parent Relationship": "Inner", "Scan Direction": "Forward", "Index Name": "idx_lineitem_orderkey", "Relation Name": "lineitem", "Alias": "lineitem", "Startup Cost": 0.0, "Total Cost": 1.35, "Plan Rows": 5, "Plan Width": 24, "Index Cond": "(l_orderkey = orders.o_orderkey)", "Filter": "(l_shipdate > '1995-03-13 00:00:00'::timestamp(0) without time zone)"}]}]}]}]}, "Unique SQL Id": 3929762122, "Planner Runtime": 1}, "explain_analyze_plan": {"Plan": {"Node Type": "Limit", "Startup Cost": 1728598.43, "Total Cost": 1728598.46, "Plan Rows": 10, "Plan Width": 44, "Actual Startup Time": 21117.994, "Actual Total Time": 21117.997, "Actual Rows": 10, "Actual Loops": 1, "Plans": [{"Node Type": "Sort", "Parent Relationship": "Outer", "Startup Cost": 1728598.43, "Total Cost": 1737496.55, "Plan Rows": 10, "Plan Width": 44, "Actual Startup Time": 21117.992, "Actual Total Time": 21117.994, "Actual Rows": 10, "Actual Loops": 1, "Sort Key": ["(sum((lineitem.l_extendedprice * (1::double precision - lineitem.l_discount)))) DESC", "orders.o_orderdate"], "Sort Method": "top-N heapsort", "Sort Space Used": 26, "Sort Space Type": "Memory", "Plans": [{"Node Type": "Aggregate", "Strategy": "Hashed", "Parent Relationship": "Outer", "Startup Cost": 1616091.91, "Total Cost": 1651684.38, "Plan Rows": 3559247, "Plan Width": 44, "Actual Startup Time": 21027.036, "Actual Total Time": 21090.872, "Actual Rows": 113719, "Actual Loops": 1, "Group By Key": ["lineitem.l_orderkey", "orders.o_orderdate", "orders.o_shippriority"], "Plans": [{"Node Type": "Nested Loop", "Parent Relationship": "Outer", "Join Type": "Inner", "Startup Cost": 60060.57, "Total Cost": 1562703.21, "Plan Rows": 3559247, "Plan Width": 36, "Actual Startup Time": 715.193, "Actual Total Time": 20724.929, "Actual Rows": 300219, "Actual Loops": 1, "Inner Unique": false, "Plans": [{"Node Type": "Hash Join", "Parent Relationship": "Outer", "Join Type": "Inner", "Startup Cost": 60060.57, "Total Cost": 558158.87, "Plan Rows": 715772, "Plan Width": 20, "Actual Startup Time": 714.951, "Actual Total Time": 8829.543, "Actual Rows": 1455173, "Actual Loops": 1, "Inner Unique": true, "Hash Cond": "(orders.o_custkey = customer.c_custkey), (LLVM Optimized, Jit Execute)", "Plans": [{"Node Type": "Seq Scan", "Parent Relationship": "Outer", "Relation Name": "orders", "Alias": "orders", "Startup Cost": 385.22, "Total Cost": 463912.49, "Plan Rows": 7310217, "Plan Width": 28, "Actual Startup Time": 0.057, "Actual Total Time": 4914.288, "Actual Rows": 7276947, "Actual Loops": 1, "Filter": "(o_orderdate < '1995-03-13 00:00:00'::timestamp(0) without time zone), (LLVM Optimized, Jit Execute)", "Rows Removed by Filter": 7723053}, {"Node Type": "Hash", "Parent Relationship": "Inner", "Startup Cost": 55876.0, "Total Cost": 55876.0, "Plan Rows": 303948, "Plan Width": 8, "Actual Startup Time": 714.362, "Actual Total Time": 714.362, "Actual Rows": 300036, "Actual Loops": 1, "Hash Buckets": 524288, "Hash Batches": 1, "Original Hash Batches": 1, "Peak Memory Usage": 11721, "Plans": [{"Node Type": "Seq Scan", "Parent Relationship": "Outer", "Relation Name": "customer", "Alias": "customer", "Startup Cost": 0.0, "Total Cost": 55876.0, "Plan Rows": 303948, "Plan Width": 8, "Actual Startup Time": 0.025, "Actual Total Time": 609.909, "Actual Rows": 300036, "Actual Loops": 1, "Filter": "(c_mktsegment = 'AUTOMOBILE'::bpchar), (LLVM Optimized, Jit Execute)", "Rows Removed by Filter": 1199964}]}]}, {"Node Type": "Index Scan", "Parent Relationship": "Inner", "Scan Direction": "Forward", "Index Name": "idx_lineitem_orderkey", "Relation Name": "lineitem", "Alias": "lineitem", "Startup Cost": 0.0, "Total Cost": 1.35, "Plan Rows": 5, "Plan Width": 24, "Actual Startup Time": 10802.654, "Actual Total Time": 11090.593, "Actual Rows": 300219, "Actual Loops": 1455173, "Index Cond": "(l_orderkey = orders.o_orderkey)", "Rows Removed by Index Recheck": 0, "Filter": "(l_shipdate > '1995-03-13 00:00:00'::timestamp(0) without time zone)", "Rows Removed by Filter": 5519788}]}]}]}]}, "Triggers": [], "Planner Runtime": 1.214, "Total Runtime": 21127.825, "Unique SQL Id": 3929762122}}, "(64, '69')": {"explain_plan": {"Plan": {"Node Type": "Limit", "Startup Cost": 1829820.45, "Total Cost": 1829820.47, "Plan Rows": 10, "Plan Width": 44, "Plans": [{"Node Type": "Sort", "Parent Relationship": "Outer", "Startup Cost": 1829820.45, "Total Cost": 1838718.56, "Plan Rows": 10, "Plan Width": 44, "Sort Key": ["(sum((lineitem.l_extendedprice * (1::double precision - lineitem.l_discount)))) DESC", "orders.o_orderdate"], "Plans": [{"Node Type": "Aggregate", "Strategy": "Hashed", "Parent Relationship": "Outer", "Startup Cost": 1717313.93, "Total Cost": 1752906.4, "Plan Rows": 3559247, "Plan Width": 44, "Group By Key": ["lineitem.l_orderkey", "orders.o_orderdate", "orders.o_shippriority"], "Plans": [{"Node Type": "Nested Loop", "Parent Relationship": "Outer", "Join Type": "Inner", "Startup Cost": 257013.14, "Total Cost": 1663925.22, "Plan Rows": 3559247, "Plan Width": 36, "Inner Unique": false, "Plans": [{"Node Type": "Hash Join", "Parent Relationship": "Outer", "Join Type": "Inner", "Startup Cost": 257013.14, "Total Cost": 659380.88, "Plan Rows": 715772, "Plan Width": 20, "Inner Unique": true, "Hash Cond": "(orders.o_custkey = customer.c_custkey), (LLVM Optimized)", "Plans": [{"Node Type": "Bitmap Heap Scan", "Parent Relationship": "Outer", "Relation Name": "orders", "Alias": "orders", "Startup Cost": 168698.43, "Total Cost": 536495.14, "Plan Rows": 7310217, "Plan Width": 28, "Recheck Cond": "(o_orderdate < '1995-03-13 00:00:00'::timestamp(0) without time zone), (LLVM Optimized)", "Plans": [{"Node Type": "Bitmap Index Scan", "Parent Relationship": "Outer", "Index Name": "idx_orders_orderdate", "Startup Cost": 0.0, "Total Cost": 166870.88, "Plan Rows": 7310217, "Plan Width": 0, "Index Cond": "(o_orderdate < '1995-03-13 00:00:00'::timestamp(0) without time zone)"}]}, {"Node Type": "Hash", "Parent Relationship": "Inner", "Startup Cost": 84515.36, "Total Cost": 84515.36, "Plan Rows": 303948, "Plan Width": 8, "Plans": [{"Node Type": "Index Scan", "Parent Relationship": "Outer", "Scan Direction": "Forward", "Index Name": "customer_pkey", "Relation Name": "customer", "Alias": "customer", "Startup Cost": 0.0, "Total Cost": 84515.36, "Plan Rows": 303948, "Plan Width": 8, "Filter": "(c_mktsegment = 'AUTOMOBILE'::bpchar), (LLVM Optimized)"}]}]}, {"Node Type": "Index Scan", "Parent Relationship": "Inner", "Scan Direction": "Forward", "Index Name": "idx_lineitem_orderkey", "Relation Name": "lineitem", "Alias": "lineitem", "Startup Cost": 0.0, "Total Cost": 1.35, "Plan Rows": 5, "Plan Width": 24, "Index Cond": "(l_orderkey = orders.o_orderkey)", "Filter": "(l_shipdate > '1995-03-13 00:00:00'::timestamp(0) without time zone)"}]}]}]}]}, "Unique SQL Id": 3929762122, "Planner Runtime": 1}, "explain_analyze_plan": {"Plan": {"Node Type": "Limit", "Startup Cost": 1829820.45, "Total Cost": 1829820.47, "Plan Rows": 10, "Plan Width": 44, "Actual Startup Time": 22613.581, "Actual Total Time": 22613.584, "Actual Rows": 10, "Actual Loops": 1, "Plans": [{"Node Type": "Sort", "Parent Relationship": "Outer", "Startup Cost": 1829820.45, "Total Cost": 1838718.56, "Plan Rows": 10, "Plan Width": 44, "Actual Startup Time": 22613.577, "Actual Total Time": 22613.578, "Actual Rows": 10, "Actual Loops": 1, "Sort Key": ["(sum((lineitem.l_extendedprice * (1::double precision - lineitem.l_discount)))) DESC", "orders.o_orderdate"], "Sort Method": "top-N heapsort", "Sort Space Used": 26, "Sort Space Type": "Memory", "Plans": [{"Node Type": "Aggregate", "Strategy": "Hashed", "Parent Relationship": "Outer", "Startup Cost": 1717313.93, "Total Cost": 1752906.4, "Plan Rows": 3559247, "Plan Width": 44, "Actual Startup Time": 22530.245, "Actual Total Time": 22586.346, "Actual Rows": 113719, "Actual Loops": 1, "Group By Key": ["lineitem.l_orderkey", "orders.o_orderdate", "orders.o_shippriority"], "Plans": [{"Node Type": "Nested Loop", "Parent Relationship": "Outer", "Join Type": "Inner", "Startup Cost": 257013.14, "Total Cost": 1663925.22, "Plan Rows": 3559247, "Plan Width": 36, "Actual Startup Time": 3499.217, "Actual Total Time": 22242.047, "Actual Rows": 300219, "Actual Loops": 1, "Inner Unique": false, "Plans": [{"Node Type": "Hash Join", "Parent Relationship": "Outer", "Join Type": "Inner", "Startup Cost": 257013.14, "Total Cost": 659380.88, "Plan Rows": 715772, "Plan Width": 20, "Actual Startup Time": 3498.97, "Actual Total Time": 10470.555, "Actual Rows": 1455173, "Actual Loops": 1, "Inner Unique": true, "Hash Cond": "(orders.o_custkey = customer.c_custkey), (LLVM Optimized, Jit Execute)", "Plans": [{"Node Type": "Bitmap Heap Scan", "Parent Relationship": "Outer", "Relation Name": "orders", "Alias": "orders", "Startup Cost": 168698.43, "Total Cost": 536495.14, "Plan Rows": 7310217, "Plan Width": 28, "Actual Startup Time": 2285.018, "Actual Total Time": 6196.804, "Actual Rows": 7276947, "Actual Loops": 1, "Recheck Cond": "(o_orderdate < '1995-03-13 00:00:00'::timestamp(0) without time zone), (LLVM Optimized, Jit Execute)", "Rows Removed by Index Recheck": 0, "Exact Heap Blocks": 276419, "Lossy Heap Blocks": 276419, "Plans": [{"Node Type": "Bitmap Index Scan", "Parent Relationship": "Outer", "Index Name": "idx_orders_orderdate", "Startup Cost": 0.0, "Total Cost": 166870.88, "Plan Rows": 7310217, "Plan Width": 0, "Actual Startup Time": 2184.08, "Actual Total Time": 2184.08, "Actual Rows": 7276947, "Actual Loops": 1, "Index Cond": "(o_orderdate < '1995-03-13 00:00:00'::timestamp(0) without time zone)"}]}, {"Node Type": "Hash", "Parent Relationship": "Inner", "Startup Cost": 84515.36, "Total Cost": 84515.36, "Plan Rows": 303948, "Plan Width": 8, "Actual Startup Time": 1213.579, "Actual Total Time": 1213.579, "Actual Rows": 300036, "Actual Loops": 1, "Hash Buckets": 524288, "Hash Batches": 1, "Original Hash Batches": 1, "Peak Memory Usage": 11721, "Plans": [{"Node Type": "Index Scan", "Parent Relationship": "Outer", "Scan Direction": "Forward", "Index Name": "customer_pkey", "Relation Name": "customer", "Alias": "customer", "Startup Cost": 0.0, "Total Cost": 84515.36, "Plan Rows": 303948, "Plan Width": 8, "Actual Startup Time": 0.074, "Actual Total Time": 1102.735, "Actual Rows": 300036, "Actual Loops": 1, "Filter": "(c_mktsegment = 'AUTOMOBILE'::bpchar), (LLVM Optimized, Jit Execute)", "Rows Removed by Filter": 1199964}]}]}, {"Node Type": "Index Scan", "Parent Relationship": "Inner", "Scan Direction": "Forward", "Index Name": "idx_lineitem_orderkey", "Relation Name": "lineitem", "Alias": "lineitem", "Startup Cost": 0.0, "Total Cost": 1.35, "Plan Rows": 5, "Plan Width": 24, "Actual Startup Time": 10674.421, "Actual Total Time": 10965.74, "Actual Rows": 300219, "Actual Loops": 1455173, "Index Cond": "(l_orderkey = orders.o_orderkey)", "Rows Removed by Index Recheck": 0, "Filter": "(l_shipdate > '1995-03-13 00:00:00'::timestamp(0) without time zone)", "Rows Removed by Filter": 5519788}]}]}]}]}, "Triggers": [], "Planner Runtime": 1.278, "Total Runtime": 22623.875, "Unique SQL Id": 3929762122}}, "(64, '70')": {"explain_plan": {"Plan": {"Node Type": "Limit", "Startup Cost": 3055991.15, "Total Cost": 3055991.17, "Plan Rows": 10, "Plan Width": 44, "Plans": [{"Node Type": "Sort", "Parent Relationship": "Outer", "Startup Cost": 3055991.15, "Total Cost": 3064889.27, "Plan Rows": 10, "Plan Width": 44, "Sort Key": ["(sum((lineitem.l_extendedprice * (1::double precision - lineitem.l_discount)))) DESC", "orders.o_orderdate"], "Plans": [{"Node Type": "Aggregate", "Strategy": "Hashed", "Parent Relationship": "Outer", "Startup Cost": 2943484.63, "Total Cost": 2979077.1, "Plan Rows": 3559247, "Plan Width": 44, "Group By Key": ["lineitem.l_orderkey", "orders.o_orderdate", "orders.o_shippriority"], "Plans": [{"Node Type": "Hash Join", "Parent Relationship": "Outer", "Join Type": "Inner", "Startup Cost": 567106.02, "Total Cost": 2890095.93, "Plan Rows": 3559247, "Plan Width": 36, "Inner Unique": false, "Hash Cond": "(lineitem.l_orderkey = orders.o_orderkey), (LLVM Optimized)", "Plans": [{"Node Type": "Seq Scan", "Parent Relationship": "Outer", "Relation Name": "lineitem", "Alias": "lineitem", "Startup Cost": 0.0, "Total Cost": 2165082.91, "Plan Rows": 32617206, "Plan Width": 24, "Filter": "(l_shipdate > '1995-03-13 00:00:00'::timestamp(0) without time zone), (LLVM Optimized)"}, {"Node Type": "Hash", "Parent Relationship": "Inner", "Startup Cost": 558158.87, "Total Cost": 558158.87, "Plan Rows": 715772, "Plan Width": 20, "Plans": [{"Node Type": "Hash Join", "Parent Relationship": "Outer", "Join Type": "Inner", "Startup Cost": 60060.57, "Total Cost": 558158.87, "Plan Rows": 715772, "Plan Width": 20, "Inner Unique": true, "Hash Cond": "(orders.o_custkey = customer.c_custkey), (LLVM Optimized)", "Plans": [{"Node Type": "Seq Scan", "Parent Relationship": "Outer", "Relation Name": "orders", "Alias": "orders", "Startup Cost": 385.22, "Total Cost": 463912.49, "Plan Rows": 7310217, "Plan Width": 28, "Filter": "(o_orderdate < '1995-03-13 00:00:00'::timestamp(0) without time zone), (LLVM Optimized)"}, {"Node Type": "Hash", "Parent Relationship": "Inner", "Startup Cost": 55876.0, "Total Cost": 55876.0, "Plan Rows": 303948, "Plan Width": 8, "Plans": [{"Node Type": "Seq Scan", "Parent Relationship": "Outer", "Relation Name": "customer", "Alias": "customer", "Startup Cost": 0.0, "Total Cost": 55876.0, "Plan Rows": 303948, "Plan Width": 8, "Filter": "(c_mktsegment = 'AUTOMOBILE'::bpchar), (LLVM Optimized)"}]}]}]}]}]}]}]}, "Unique SQL Id": 3929762122, "Planner Runtime": 1}, "explain_analyze_plan": {"Plan": {"Node Type": "Limit", "Startup Cost": 3055991.15, "Total Cost": 3055991.17, "Plan Rows": 10, "Plan Width": 44, "Actual Startup Time": 38981.88, "Actual Total Time": 38981.882, "Actual Rows": 10, "Actual Loops": 1, "Plans": [{"Node Type": "Sort", "Parent Relationship": "Outer", "Startup Cost": 3055991.15, "Total Cost": 3064889.27, "Plan Rows": 10, "Plan Width": 44, "Actual Startup Time": 38981.877, "Actual Total Time": 38981.879, "Actual Rows": 10, "Actual Loops": 1, "Sort Key": ["(sum((lineitem.l_extendedprice * (1::double precision - lineitem.l_discount)))) DESC", "orders.o_orderdate"], "Sort Method": "top-N heapsort", "Sort Space Used": 26, "Sort Space Type": "Memory", "Plans": [{"Node Type": "Aggregate", "Strategy": "Hashed", "Parent Relationship": "Outer", "Startup Cost": 2943484.63, "Total Cost": 2979077.1, "Plan Rows": 3559247, "Plan Width": 44, "Actual Startup Time": 38897.899, "Actual Total Time": 38954.607, "Actual Rows": 113719, "Actual Loops": 1, "Group By Key": ["lineitem.l_orderkey", "orders.o_orderdate", "orders.o_shippriority"], "Plans": [{"Node Type": "Hash Join", "Parent Relationship": "Outer", "Join Type": "Inner", "Startup Cost": 567106.02, "Total Cost": 2890095.93, "Plan Rows": 3559247, "Plan Width": 36, "Actual Startup Time": 8861.31, "Actual Total Time": 38607.742, "Actual Rows": 300219, "Actual Loops": 1, "Inner Unique": false, "Hash Cond": "(lineitem.l_orderkey = orders.o_orderkey), (LLVM Optimized, Jit Execute)", "Plans": [{"Node Type": "Seq Scan", "Parent Relationship": "Outer", "Relation Name": "lineitem", "Alias": "lineitem", "Startup Cost": 0.0, "Total Cost": 2165082.91, "Plan Rows": 32617206, "Plan Width": 24, "Actual Startup Time": 0.043, "Actual Total Time": 21057.993, "Actual Rows": 32384344, "Actual Loops": 1, "Filter": "(l_shipdate > '1995-03-13 00:00:00'::timestamp(0) without time zone), (LLVM Optimized, Jit Execute)", "Rows Removed by Filter": 27601708}, {"Node Type": "Hash", "Parent Relationship": "Inner", "Startup Cost": 558158.87, "Total Cost": 558158.87, "Plan Rows": 715772, "Plan Width": 20, "Actual Startup Time": 8859.763, "Actual Total Time": 8859.763, "Actual Rows": 1455173, "Actual Loops": 1, "Hash Buckets": 1048576, "Hash Batches": 1, "Original Hash Batches": 1, "Peak Memory Usage": 79580, "Plans": [{"Node Type": "Hash Join", "Parent Relationship": "Outer", "Join Type": "Inner", "Startup Cost": 60060.57, "Total Cost": 558158.87, "Plan Rows": 715772, "Plan Width": 20, "Actual Startup Time": 722.618, "Actual Total Time": 8279.715, "Actual Rows": 1455173, "Actual Loops": 1, "Inner Unique": true, "Hash Cond": "(orders.o_custkey = customer.c_custkey), (LLVM Optimized, Jit Execute)", "Plans": [{"Node Type": "Seq Scan", "Parent Relationship": "Outer", "Relation Name": "orders", "Alias": "orders", "Startup Cost": 385.22, "Total Cost": 463912.49, "Plan Rows": 7310217, "Plan Width": 28, "Actual Startup Time": 0.02, "Actual Total Time": 4751.931, "Actual Rows": 7276947, "Actual Loops": 1, "Filter": "(o_orderdate < '1995-03-13 00:00:00'::timestamp(0) without time zone), (LLVM Optimized, Jit Execute)", "Rows Removed by Filter": 7723053}, {"Node Type": "Hash", "Parent Relationship": "Inner", "Startup Cost": 55876.0, "Total Cost": 55876.0, "Plan Rows": 303948, "Plan Width": 8, "Actual Startup Time": 722.198, "Actual Total Time": 722.198, "Actual Rows": 300036, "Actual Loops": 1, "Hash Buckets": 524288, "Hash Batches": 1, "Original Hash Batches": 1, "Peak Memory Usage": 11721, "Plans": [{"Node Type": "Seq Scan", "Parent Relationship": "Outer", "Relation Name": "customer", "Alias": "customer", "Startup Cost": 0.0, "Total Cost": 55876.0, "Plan Rows": 303948, "Plan Width": 8, "Actual Startup Time": 0.027, "Actual Total Time": 618.423, "Actual Rows": 300036, "Actual Loops": 1, "Filter": "(c_mktsegment = 'AUTOMOBILE'::bpchar), (LLVM Optimized, Jit Execute)", "Rows Removed by Filter": 1199964}]}]}]}]}]}]}]}, "Triggers": [], "Planner Runtime": 1.255, "Total Runtime": 38992.143, "Unique SQL Id": 3929762122}}, "(64, '71')": {"explain_plan": {"Plan": {"Node Type": "Limit", "Startup Cost": 35345596.54, "Total Cost": 35345596.56, "Plan Rows": 10, "Plan Width": 44, "Plans": [{"Node Type": "Sort", "Parent Relationship": "Outer", "Startup Cost": 35345596.54, "Total Cost": 35354494.65, "Plan Rows": 10, "Plan Width": 44, "Sort Key": ["(sum((lineitem.l_extendedprice * (1::double precision - lineitem.l_discount)))) DESC", "orders.o_orderdate"], "Plans": [{"Node Type": "Aggregate", "Strategy": "Hashed", "Parent Relationship": "Outer", "Startup Cost": 35233090.02, "Total Cost": 35268682.49, "Plan Rows": 3559247, "Plan Width": 44, "Group By Key": ["lineitem.l_orderkey", "orders.o_orderdate", "orders.o_shippriority"], "Plans": [{"Node Type": "Nested Loop", "Parent Relationship": "Outer", "Join Type": "Inner", "Startup Cost": 168699.14, "Total Cost": 35179701.31, "Plan Rows": 3559247, "Plan Width": 36, "Inner Unique": false, "Plans": [{"Node Type": "Nested Loop", "Parent Relationship": "Outer", "Join Type": "Inner", "Startup Cost": 168698.69, "Total Cost": 31865463.0, "Plan Rows": 715772, "Plan Width": 20, "Inner Unique": true, "Plans": [{"Node Type": "Bitmap Heap Scan", "Parent Relationship": "Outer", "Relation Name": "orders", "Alias": "orders", "Startup Cost": 168698.43, "Total Cost": 536495.14, "Plan Rows": 7310217, "Plan Width": 28, "Recheck Cond": "(o_orderdate < '1995-03-13 00:00:00'::timestamp(0) without time zone), (LLVM Optimized)", "Plans": [{"Node Type": "Bitmap Index Scan", "Parent Relationship": "Outer", "Index Name": "idx_orders_orderdate", "Startup Cost": 0.0, "Total Cost": 166870.88, "Plan Rows": 7310217, "Plan Width": 0, "Index Cond": "(o_orderdate < '1995-03-13 00:00:00'::timestamp(0) without time zone)"}]}, {"Node Type": "Bitmap Heap Scan", "Parent Relationship": "Inner", "Relation Name": "customer", "Alias": "customer", "Startup Cost": 0.26, "Total Cost": 4.28, "Plan Rows": 1, "Plan Width": 8, "Recheck Cond": "(c_custkey = orders.o_custkey)", "Filter": "(c_mktsegment = 'AUTOMOBILE'::bpchar)", "Plans": [{"Node Type": "Bitmap Index Scan", "Parent Relationship": "Outer", "Index Name": "customer_pkey", "Startup Cost": 0.0, "Total Cost": 0.26, "Plan Rows": 1, "Plan Width": 0, "Index Cond": "(c_custkey = orders.o_custkey)"}]}]}, {"Node Type": "Bitmap Heap Scan", "Parent Relationship": "Inner", "Relation Name": "lineitem", "Alias": "lineitem", "Startup Cost": 0.45, "Total Cost": 4.58, "Plan Rows": 5, "Plan Width": 24, "Recheck Cond": "(l_orderkey = orders.o_orderkey)", "Filter": "(l_shipdate > '1995-03-13 00:00:00'::timestamp(0) without time zone)", "Plans": [{"Node Type": "Bitmap Index Scan", "Parent Relationship": "Outer", "Index Name": "idx_lineitem_orderkey", "Startup Cost": 0.0, "Total Cost": 0.44, "Plan Rows": 9, "Plan Width": 0, "Index Cond": "(l_orderkey = orders.o_orderkey)"}]}]}]}]}]}, "Unique SQL Id": 3929762122, "Planner Runtime": 1}, "explain_analyze_plan": null}, "(64, '72')": {"explain_plan": {"Plan": {"Node Type": "Limit", "Startup Cost": 1728598.43, "Total Cost": 1728598.46, "Plan Rows": 10, "Plan Width": 44, "Plans": [{"Node Type": "Sort", "Parent Relationship": "Outer", "Startup Cost": 1728598.43, "Total Cost": 1737496.55, "Plan Rows": 10, "Plan Width": 44, "Sort Key": ["(sum((lineitem.l_extendedprice * (1::double precision - lineitem.l_discount)))) DESC", "orders.o_orderdate"], "Plans": [{"Node Type": "Aggregate", "Strategy": "Hashed", "Parent Relationship": "Outer", "Startup Cost": 1616091.91, "Total Cost": 1651684.38, "Plan Rows": 3559247, "Plan Width": 44, "Group By Key": ["lineitem.l_orderkey", "orders.o_orderdate", "orders.o_shippriority"], "Plans": [{"Node Type": "Nested Loop", "Parent Relationship": "Outer", "Join Type": "Inner", "Startup Cost": 60060.57, "Total Cost": 1562703.21, "Plan Rows": 3559247, "Plan Width": 36, "Inner Unique": false, "Plans": [{"Node Type": "Hash Join", "Parent Relationship": "Outer", "Join Type": "Inner", "Startup Cost": 60060.57, "Total Cost": 558158.87, "Plan Rows": 715772, "Plan Width": 20, "Inner Unique": true, "Hash Cond": "(orders.o_custkey = customer.c_custkey), (LLVM Optimized)", "Plans": [{"Node Type": "Seq Scan", "Parent Relationship": "Outer", "Relation Name": "orders", "Alias": "orders", "Startup Cost": 385.22, "Total Cost": 463912.49, "Plan Rows": 7310217, "Plan Width": 28, "Filter": "(o_orderdate < '1995-03-13 00:00:00'::timestamp(0) without time zone), (LLVM Optimized)"}, {"Node Type": "Hash", "Parent Relationship": "Inner", "Startup Cost": 55876.0, "Total Cost": 55876.0, "Plan Rows": 303948, "Plan Width": 8, "Plans": [{"Node Type": "Seq Scan", "Parent Relationship": "Outer", "Relation Name": "customer", "Alias": "customer", "Startup Cost": 0.0, "Total Cost": 55876.0, "Plan Rows": 303948, "Plan Width": 8, "Filter": "(c_mktsegment = 'AUTOMOBILE'::bpchar), (LLVM Optimized)"}]}]}, {"Node Type": "Index Scan", "Parent Relationship": "Inner", "Scan Direction": "Forward", "Index Name": "idx_lineitem_orderkey", "Relation Name": "lineitem", "Alias": "lineitem", "Startup Cost": 0.0, "Total Cost": 1.35, "Plan Rows": 5, "Plan Width": 24, "Index Cond": "(l_orderkey = orders.o_orderkey)", "Filter": "(l_shipdate > '1995-03-13 00:00:00'::timestamp(0) without time zone)"}]}]}]}]}, "Unique SQL Id": 3929762122, "Planner Runtime": 1}, "explain_analyze_plan": {"Plan": {"Node Type": "Limit", "Startup Cost": 1728598.43, "Total Cost": 1728598.46, "Plan Rows": 10, "Plan Width": 44, "Actual Startup Time": 21117.994, "Actual Total Time": 21117.997, "Actual Rows": 10, "Actual Loops": 1, "Plans": [{"Node Type": "Sort", "Parent Relationship": "Outer", "Startup Cost": 1728598.43, "Total Cost": 1737496.55, "Plan Rows": 10, "Plan Width": 44, "Actual Startup Time": 21117.992, "Actual Total Time": 21117.994, "Actual Rows": 10, "Actual Loops": 1, "Sort Key": ["(sum((lineitem.l_extendedprice * (1::double precision - lineitem.l_discount)))) DESC", "orders.o_orderdate"], "Sort Method": "top-N heapsort", "Sort Space Used": 26, "Sort Space Type": "Memory", "Plans": [{"Node Type": "Aggregate", "Strategy": "Hashed", "Parent Relationship": "Outer", "Startup Cost": 1616091.91, "Total Cost": 1651684.38, "Plan Rows": 3559247, "Plan Width": 44, "Actual Startup Time": 21027.036, "Actual Total Time": 21090.872, "Actual Rows": 113719, "Actual Loops": 1, "Group By Key": ["lineitem.l_orderkey", "orders.o_orderdate", "orders.o_shippriority"], "Plans": [{"Node Type": "Nested Loop", "Parent Relationship": "Outer", "Join Type": "Inner", "Startup Cost": 60060.57, "Total Cost": 1562703.21, "Plan Rows": 3559247, "Plan Width": 36, "Actual Startup Time": 715.193, "Actual Total Time": 20724.929, "Actual Rows": 300219, "Actual Loops": 1, "Inner Unique": false, "Plans": [{"Node Type": "Hash Join", "Parent Relationship": "Outer", "Join Type": "Inner", "Startup Cost": 60060.57, "Total Cost": 558158.87, "Plan Rows": 715772, "Plan Width": 20, "Actual Startup Time": 714.951, "Actual Total Time": 8829.543, "Actual Rows": 1455173, "Actual Loops": 1, "Inner Unique": true, "Hash Cond": "(orders.o_custkey = customer.c_custkey), (LLVM Optimized, Jit Execute)", "Plans": [{"Node Type": "Seq Scan", "Parent Relationship": "Outer", "Relation Name": "orders", "Alias": "orders", "Startup Cost": 385.22, "Total Cost": 463912.49, "Plan Rows": 7310217, "Plan Width": 28, "Actual Startup Time": 0.057, "Actual Total Time": 4914.288, "Actual Rows": 7276947, "Actual Loops": 1, "Filter": "(o_orderdate < '1995-03-13 00:00:00'::timestamp(0) without time zone), (LLVM Optimized, Jit Execute)", "Rows Removed by Filter": 7723053}, {"Node Type": "Hash", "Parent Relationship": "Inner", "Startup Cost": 55876.0, "Total Cost": 55876.0, "Plan Rows": 303948, "Plan Width": 8, "Actual Startup Time": 714.362, "Actual Total Time": 714.362, "Actual Rows": 300036, "Actual Loops": 1, "Hash Buckets": 524288, "Hash Batches": 1, "Original Hash Batches": 1, "Peak Memory Usage": 11721, "Plans": [{"Node Type": "Seq Scan", "Parent Relationship": "Outer", "Relation Name": "customer", "Alias": "customer", "Startup Cost": 0.0, "Total Cost": 55876.0, "Plan Rows": 303948, "Plan Width": 8, "Actual Startup Time": 0.025, "Actual Total Time": 609.909, "Actual Rows": 300036, "Actual Loops": 1, "Filter": "(c_mktsegment = 'AUTOMOBILE'::bpchar), (LLVM Optimized, Jit Execute)", "Rows Removed by Filter": 1199964}]}]}, {"Node Type": "Index Scan", "Parent Relationship": "Inner", "Scan Direction": "Forward", "Index Name": "idx_lineitem_orderkey", "Relation Name": "lineitem", "Alias": "lineitem", "Startup Cost": 0.0, "Total Cost": 1.35, "Plan Rows": 5, "Plan Width": 24, "Actual Startup Time": 10802.654, "Actual Total Time": 11090.593, "Actual Rows": 300219, "Actual Loops": 1455173, "Index Cond": "(l_orderkey = orders.o_orderkey)", "Rows Removed by Index Recheck": 0, "Filter": "(l_shipdate > '1995-03-13 00:00:00'::timestamp(0) without time zone)", "Rows Removed by Filter": 5519788}]}]}]}]}, "Triggers": [], "Planner Runtime": 1.214, "Total Runtime": 21127.825, "Unique SQL Id": 3929762122}}, "(64, '73')": {"explain_plan": {"Plan": {"Node Type": "Limit", "Startup Cost": 2061802.43, "Total Cost": 2061802.46, "Plan Rows": 10, "Plan Width": 44, "Plans": [{"Node Type": "Sort", "Parent Relationship": "Outer", "Startup Cost": 2061802.43, "Total Cost": 2070700.55, "Plan Rows": 10, "Plan Width": 44, "Sort Key": ["(sum((lineitem.l_extendedprice * (1::double precision - lineitem.l_discount)))) DESC", "orders.o_orderdate"], "Plans": [{"Node Type": "Aggregate", "Strategy": "Hashed", "Parent Relationship": "Outer", "Startup Cost": 1949295.92, "Total Cost": 1984888.39, "Plan Rows": 3559247, "Plan Width": 44, "Group By Key": ["lineitem.l_orderkey", "orders.o_orderdate", "orders.o_shippriority"], "Plans": [{"Node Type": "Nested Loop", "Parent Relationship": "Outer", "Join Type": "Inner", "Startup Cost": 88314.71, "Total Cost": 1895907.21, "Plan Rows": 3559247, "Plan Width": 36, "Inner Unique": false, "Plans": [{"Node Type": "Hash Join", "Parent Relationship": "Outer", "Join Type": "Inner", "Startup Cost": 88314.71, "Total Cost": 891362.87, "Plan Rows": 715772, "Plan Width": 20, "Inner Unique": true, "Hash Cond": "(orders.o_custkey = customer.c_custkey), (LLVM Optimized)", "Plans": [{"Node Type": "Index Scan", "Parent Relationship": "Outer", "Scan Direction": "Forward", "Index Name": "orders_pkey", "Relation Name": "orders", "Alias": "orders", "Startup Cost": 0.0, "Total Cost": 768477.13, "Plan Rows": 7310217, "Plan Width": 28, "Filter": "(o_orderdate < '1995-03-13 00:00:00'::timestamp(0) without time zone), (LLVM Optimized)"}, {"Node Type": "Hash", "Parent Relationship": "Inner", "Startup Cost": 84515.36, "Total Cost": 84515.36, "Plan Rows": 303948, "Plan Width": 8, "Plans": [{"Node Type": "Index Scan", "Parent Relationship": "Outer", "Scan Direction": "Forward", "Index Name": "customer_pkey", "Relation Name": "customer", "Alias": "customer", "Startup Cost": 0.0, "Total Cost": 84515.36, "Plan Rows": 303948, "Plan Width": 8, "Filter": "(c_mktsegment = 'AUTOMOBILE'::bpchar), (LLVM Optimized)"}]}]}, {"Node Type": "Index Scan", "Parent Relationship": "Inner", "Scan Direction": "Forward", "Index Name": "idx_lineitem_orderkey", "Relation Name": "lineitem", "Alias": "lineitem", "Startup Cost": 0.0, "Total Cost": 1.35, "Plan Rows": 5, "Plan Width": 24, "Index Cond": "(l_orderkey = orders.o_orderkey)", "Filter": "(l_shipdate > '1995-03-13 00:00:00'::timestamp(0) without time zone)"}]}]}]}]}, "Unique SQL Id": 3929762122, "Planner Runtime": 1}, "explain_analyze_plan": {"Plan": {"Node Type": "Limit", "Startup Cost": 2061802.43, "Total Cost": 2061802.46, "Plan Rows": 10, "Plan Width": 44, "Actual Startup Time": 25672.05, "Actual Total Time": 25672.053, "Actual Rows": 10, "Actual Loops": 1, "Plans": [{"Node Type": "Sort", "Parent Relationship": "Outer", "Startup Cost": 2061802.43, "Total Cost": 2070700.55, "Plan Rows": 10, "Plan Width": 44, "Actual Startup Time": 25672.047, "Actual Total Time": 25672.048, "Actual Rows": 10, "Actual Loops": 1, "Sort Key": ["(sum((lineitem.l_extendedprice * (1::double precision - lineitem.l_discount)))) DESC", "orders.o_orderdate"], "Sort Method": "top-N heapsort", "Sort Space Used": 26, "Sort Space Type": "Memory", "Plans": [{"Node Type": "Aggregate", "Strategy": "Hashed", "Parent Relationship": "Outer", "Startup Cost": 1949295.92, "Total Cost": 1984888.39, "Plan Rows": 3559247, "Plan Width": 44, "Actual Startup Time": 25588.41, "Actual Total Time": 25644.782, "Actual Rows": 113719, "Actual Loops": 1, "Group By Key": ["lineitem.l_orderkey", "orders.o_orderdate", "orders.o_shippriority"], "Plans": [{"Node Type": "Nested Loop", "Parent Relationship": "Outer", "Join Type": "Inner", "Startup Cost": 88314.71, "Total Cost": 1895907.21, "Plan Rows": 3559247, "Plan Width": 36, "Actual Startup Time": 1062.211, "Actual Total Time": 25289.084, "Actual Rows": 300219, "Actual Loops": 1, "Inner Unique": false, "Plans": [{"Node Type": "Hash Join", "Parent Relationship": "Outer", "Join Type": "Inner", "Startup Cost": 88314.71, "Total Cost": 891362.87, "Plan Rows": 715772, "Plan Width": 20, "Actual Startup Time": 1061.984, "Actual Total Time": 13602.54, "Actual Rows": 1455173, "Actual Loops": 1, "Inner Unique": true, "Hash Cond": "(orders.o_custkey = customer.c_custkey), (LLVM Optimized, Jit Execute)", "Plans": [{"Node Type": "Index Scan", "Parent Relationship": "Outer", "Scan Direction": "Forward", "Index Name": "orders_pkey", "Relation Name": "orders", "Alias": "orders", "Startup Cost": 0.0, "Total Cost": 768477.13, "Plan Rows": 7310217, "Plan Width": 28, "Actual Startup Time": 0.071, "Actual Total Time": 9446.102, "Actual Rows": 7276947, "Actual Loops": 1, "Filter": "(o_orderdate < '1995-03-13 00:00:00'::timestamp(0) without time zone), (LLVM Optimized, Jit Execute)", "Rows Removed by Filter": 7723053}, {"Node Type": "Hash", "Parent Relationship": "Inner", "Startup Cost": 84515.36, "Total Cost": 84515.36, "Plan Rows": 303948, "Plan Width": 8, "Actual Startup Time": 1061.528, "Actual Total Time": 1061.528, "Actual Rows": 300036, "Actual Loops": 1, "Hash Buckets": 524288, "Hash Batches": 1, "Original Hash Batches": 1, "Peak Memory Usage": 11721, "Plans": [{"Node Type": "Index Scan", "Parent Relationship": "Outer", "Scan Direction": "Forward", "Index Name": "customer_pkey", "Relation Name": "customer", "Alias": "customer", "Startup Cost": 0.0, "Total Cost": 84515.36, "Plan Rows": 303948, "Plan Width": 8, "Actual Startup Time": 0.027, "Actual Total Time": 960.549, "Actual Rows": 300036, "Actual Loops": 1, "Filter": "(c_mktsegment = 'AUTOMOBILE'::bpchar), (LLVM Optimized, Jit Execute)", "Rows Removed by Filter": 1199964}]}]}, {"Node Type": "Index Scan", "Parent Relationship": "Inner", "Scan Direction": "Forward", "Index Name": "idx_lineitem_orderkey", "Relation Name": "lineitem", "Alias": "lineitem", "Startup Cost": 0.0, "Total Cost": 1.35, "Plan Rows": 5, "Plan Width": 24, "Actual Startup Time": 10601.802, "Actual Total Time": 10891.035, "Actual Rows": 300219, "Actual Loops": 1455173, "Index Cond": "(l_orderkey = orders.o_orderkey)", "Rows Removed by Index Recheck": 0, "Filter": "(l_shipdate > '1995-03-13 00:00:00'::timestamp(0) without time zone)", "Rows Removed by Filter": 5519788}]}]}]}]}, "Triggers": [], "Planner Runtime": 1.227, "Total Runtime": 25681.824, "Unique SQL Id": 3929762122}}, "(64, '74')": {"explain_plan": {"Plan": {"Node Type": "Limit", "Startup Cost": 3055991.15, "Total Cost": 3055991.17, "Plan Rows": 10, "Plan Width": 44, "Plans": [{"Node Type": "Sort", "Parent Relationship": "Outer", "Startup Cost": 3055991.15, "Total Cost": 3064889.27, "Plan Rows": 10, "Plan Width": 44, "Sort Key": ["(sum((lineitem.l_extendedprice * (1::double precision - lineitem.l_discount)))) DESC", "orders.o_orderdate"], "Plans": [{"Node Type": "Aggregate", "Strategy": "Hashed", "Parent Relationship": "Outer", "Startup Cost": 2943484.63, "Total Cost": 2979077.1, "Plan Rows": 3559247, "Plan Width": 44, "Group By Key": ["lineitem.l_orderkey", "orders.o_orderdate", "orders.o_shippriority"], "Plans": [{"Node Type": "Hash Join", "Parent Relationship": "Outer", "Join Type": "Inner", "Startup Cost": 567106.02, "Total Cost": 2890095.93, "Plan Rows": 3559247, "Plan Width": 36, "Inner Unique": false, "Hash Cond": "(lineitem.l_orderkey = orders.o_orderkey), (LLVM Optimized)", "Plans": [{"Node Type": "Seq Scan", "Parent Relationship": "Outer", "Relation Name": "lineitem", "Alias": "lineitem", "Startup Cost": 0.0, "Total Cost": 2165082.91, "Plan Rows": 32617206, "Plan Width": 24, "Filter": "(l_shipdate > '1995-03-13 00:00:00'::timestamp(0) without time zone), (LLVM Optimized)"}, {"Node Type": "Hash", "Parent Relationship": "Inner", "Startup Cost": 558158.87, "Total Cost": 558158.87, "Plan Rows": 715772, "Plan Width": 20, "Plans": [{"Node Type": "Hash Join", "Parent Relationship": "Outer", "Join Type": "Inner", "Startup Cost": 60060.57, "Total Cost": 558158.87, "Plan Rows": 715772, "Plan Width": 20, "Inner Unique": true, "Hash Cond": "(orders.o_custkey = customer.c_custkey), (LLVM Optimized)", "Plans": [{"Node Type": "Seq Scan", "Parent Relationship": "Outer", "Relation Name": "orders", "Alias": "orders", "Startup Cost": 385.22, "Total Cost": 463912.49, "Plan Rows": 7310217, "Plan Width": 28, "Filter": "(o_orderdate < '1995-03-13 00:00:00'::timestamp(0) without time zone), (LLVM Optimized)"}, {"Node Type": "Hash", "Parent Relationship": "Inner", "Startup Cost": 55876.0, "Total Cost": 55876.0, "Plan Rows": 303948, "Plan Width": 8, "Plans": [{"Node Type": "Seq Scan", "Parent Relationship": "Outer", "Relation Name": "customer", "Alias": "customer", "Startup Cost": 0.0, "Total Cost": 55876.0, "Plan Rows": 303948, "Plan Width": 8, "Filter": "(c_mktsegment = 'AUTOMOBILE'::bpchar), (LLVM Optimized)"}]}]}]}]}]}]}]}, "Unique SQL Id": 3929762122, "Planner Runtime": 1}, "explain_analyze_plan": {"Plan": {"Node Type": "Limit", "Startup Cost": 3055991.15, "Total Cost": 3055991.17, "Plan Rows": 10, "Plan Width": 44, "Actual Startup Time": 38981.88, "Actual Total Time": 38981.882, "Actual Rows": 10, "Actual Loops": 1, "Plans": [{"Node Type": "Sort", "Parent Relationship": "Outer", "Startup Cost": 3055991.15, "Total Cost": 3064889.27, "Plan Rows": 10, "Plan Width": 44, "Actual Startup Time": 38981.877, "Actual Total Time": 38981.879, "Actual Rows": 10, "Actual Loops": 1, "Sort Key": ["(sum((lineitem.l_extendedprice * (1::double precision - lineitem.l_discount)))) DESC", "orders.o_orderdate"], "Sort Method": "top-N heapsort", "Sort Space Used": 26, "Sort Space Type": "Memory", "Plans": [{"Node Type": "Aggregate", "Strategy": "Hashed", "Parent Relationship": "Outer", "Startup Cost": 2943484.63, "Total Cost": 2979077.1, "Plan Rows": 3559247, "Plan Width": 44, "Actual Startup Time": 38897.899, "Actual Total Time": 38954.607, "Actual Rows": 113719, "Actual Loops": 1, "Group By Key": ["lineitem.l_orderkey", "orders.o_orderdate", "orders.o_shippriority"], "Plans": [{"Node Type": "Hash Join", "Parent Relationship": "Outer", "Join Type": "Inner", "Startup Cost": 567106.02, "Total Cost": 2890095.93, "Plan Rows": 3559247, "Plan Width": 36, "Actual Startup Time": 8861.31, "Actual Total Time": 38607.742, "Actual Rows": 300219, "Actual Loops": 1, "Inner Unique": false, "Hash Cond": "(lineitem.l_orderkey = orders.o_orderkey), (LLVM Optimized, Jit Execute)", "Plans": [{"Node Type": "Seq Scan", "Parent Relationship": "Outer", "Relation Name": "lineitem", "Alias": "lineitem", "Startup Cost": 0.0, "Total Cost": 2165082.91, "Plan Rows": 32617206, "Plan Width": 24, "Actual Startup Time": 0.043, "Actual Total Time": 21057.993, "Actual Rows": 32384344, "Actual Loops": 1, "Filter": "(l_shipdate > '1995-03-13 00:00:00'::timestamp(0) without time zone), (LLVM Optimized, Jit Execute)", "Rows Removed by Filter": 27601708}, {"Node Type": "Hash", "Parent Relationship": "Inner", "Startup Cost": 558158.87, "Total Cost": 558158.87, "Plan Rows": 715772, "Plan Width": 20, "Actual Startup Time": 8859.763, "Actual Total Time": 8859.763, "Actual Rows": 1455173, "Actual Loops": 1, "Hash Buckets": 1048576, "Hash Batches": 1, "Original Hash Batches": 1, "Peak Memory Usage": 79580, "Plans": [{"Node Type": "Hash Join", "Parent Relationship": "Outer", "Join Type": "Inner", "Startup Cost": 60060.57, "Total Cost": 558158.87, "Plan Rows": 715772, "Plan Width": 20, "Actual Startup Time": 722.618, "Actual Total Time": 8279.715, "Actual Rows": 1455173, "Actual Loops": 1, "Inner Unique": true, "Hash Cond": "(orders.o_custkey = customer.c_custkey), (LLVM Optimized, Jit Execute)", "Plans": [{"Node Type": "Seq Scan", "Parent Relationship": "Outer", "Relation Name": "orders", "Alias": "orders", "Startup Cost": 385.22, "Total Cost": 463912.49, "Plan Rows": 7310217, "Plan Width": 28, "Actual Startup Time": 0.02, "Actual Total Time": 4751.931, "Actual Rows": 7276947, "Actual Loops": 1, "Filter": "(o_orderdate < '1995-03-13 00:00:00'::timestamp(0) without time zone), (LLVM Optimized, Jit Execute)", "Rows Removed by Filter": 7723053}, {"Node Type": "Hash", "Parent Relationship": "Inner", "Startup Cost": 55876.0, "Total Cost": 55876.0, "Plan Rows": 303948, "Plan Width": 8, "Actual Startup Time": 722.198, "Actual Total Time": 722.198, "Actual Rows": 300036, "Actual Loops": 1, "Hash Buckets": 524288, "Hash Batches": 1, "Original Hash Batches": 1, "Peak Memory Usage": 11721, "Plans": [{"Node Type": "Seq Scan", "Parent Relationship": "Outer", "Relation Name": "customer", "Alias": "customer", "Startup Cost": 0.0, "Total Cost": 55876.0, "Plan Rows": 303948, "Plan Width": 8, "Actual Startup Time": 0.027, "Actual Total Time": 618.423, "Actual Rows": 300036, "Actual Loops": 1, "Filter": "(c_mktsegment = 'AUTOMOBILE'::bpchar), (LLVM Optimized, Jit Execute)", "Rows Removed by Filter": 1199964}]}]}]}]}]}]}]}, "Triggers": [], "Planner Runtime": 1.255, "Total Runtime": 38992.143, "Unique SQL Id": 3929762122}}, "(64, '75')": {"explain_plan": {"Plan": {"Node Type": "Limit", "Startup Cost": 3000409063684.59, "Total Cost": 3000409063684.62, "Plan Rows": 10, "Plan Width": 44, "Plans": [{"Node Type": "Sort", "Parent Relationship": "Outer", "Startup Cost": 3000409063684.59, "Total Cost": 3000409072582.71, "Plan Rows": 10, "Plan Width": 44, "Sort Key": ["(sum((lineitem.l_extendedprice * (1::double precision - lineitem.l_discount)))) DESC", "orders.o_orderdate"], "Plans": [{"Node Type": "Aggregate", "Strategy": "Hashed", "Parent Relationship": "Outer", "Startup Cost": 3000408951178.08, "Total Cost": 3000408986770.55, "Plan Rows": 3559247, "Plan Width": 44, "Group By Key": ["lineitem.l_orderkey", "orders.o_orderdate", "orders.o_shippriority"], "Plans": [{"Node Type": "Hash Join", "Parent Relationship": "Outer", "Join Type": "Inner", "Startup Cost": 1020044887998.59, "Total Cost": 3000408897789.37, "Plan Rows": 3559247, "Plan Width": 36, "Inner Unique": true, "Hash Cond": "(orders.o_custkey = customer.c_custkey), (LLVM Optimized)", "Plans": [{"Node Type": "Merge Join", "Parent Relationship": "Outer", "Join Type": "Inner", "Startup Cost": 20036432663.62, "Total Cost": 2000400270546.49, "Plan Rows": 36350778, "Plan Width": 44, "Inner Unique": false, "Merge Cond": "(orders.o_orderkey = lineitem.l_orderkey)", "Plans": [{"Node Type": "Index Scan", "Parent Relationship": "Outer", "Scan Direction": "Forward", "Index Name": "orders_pkey", "Relation Name": "orders", "Alias": "orders", "Startup Cost": 10000000000.0, "Total Cost": 1000076847713.25, "Plan Rows": 7310217, "Plan Width": 28, "Filter": "(o_orderdate < '1995-03-13 00:00:00'::timestamp(0) without time zone), (LLVM Optimized)"}, {"Node Type": "Materialize", "Parent Relationship": "Inner", "Startup Cost": 10000000000.0, "Total Cost": 1000339093675.77, "Plan Rows": 32617206, "Plan Width": 24, "Plans": [{"Node Type": "Index Scan", "Parent Relationship": "Outer", "Scan Direction": "Forward", "Index Name": "idx_lineitem_orderkey", "Relation Name": "lineitem", "Alias": "lineitem", "Startup Cost": 10000000000.0, "Total Cost": 1000339012132.75, "Plan Rows": 32617206, "Plan Width": 24, "Filter": "(l_shipdate > '1995-03-13 00:00:00'::timestamp(0) without time zone), (LLVM Optimized)"}]}]}, {"Node Type": "Hash", "Parent Relationship": "Inner", "Startup Cost": 1000008451535.62, "Total Cost": 1000008451535.62, "Plan Rows": 303948, "Plan Width": 8, "Plans": [{"Node Type": "Index Scan", "Parent Relationship": "Outer", "Scan Direction": "Forward", "Index Name": "customer_pkey", "Relation Name": "customer", "Alias": "customer", "Startup Cost": 10000000000.0, "Total Cost": 1000008451535.62, "Plan Rows": 303948, "Plan Width": 8, "Filter": "(c_mktsegment = 'AUTOMOBILE'::bpchar), (LLVM Optimized)"}]}]}]}]}]}, "Unique SQL Id": 3929762122, "Planner Runtime": 1}, "explain_analyze_plan": null}, "(64, '76')": {"explain_plan": {"Plan": {"Node Type": "Limit", "Startup Cost": 1728598.43, "Total Cost": 1728598.46, "Plan Rows": 10, "Plan Width": 44, "Plans": [{"Node Type": "Sort", "Parent Relationship": "Outer", "Startup Cost": 1728598.43, "Total Cost": 1737496.55, "Plan Rows": 10, "Plan Width": 44, "Sort Key": ["(sum((lineitem.l_extendedprice * (1::double precision - lineitem.l_discount)))) DESC", "orders.o_orderdate"], "Plans": [{"Node Type": "Aggregate", "Strategy": "Hashed", "Parent Relationship": "Outer", "Startup Cost": 1616091.91, "Total Cost": 1651684.38, "Plan Rows": 3559247, "Plan Width": 44, "Group By Key": ["lineitem.l_orderkey", "orders.o_orderdate", "orders.o_shippriority"], "Plans": [{"Node Type": "Nested Loop", "Parent Relationship": "Outer", "Join Type": "Inner", "Startup Cost": 60060.57, "Total Cost": 1562703.21, "Plan Rows": 3559247, "Plan Width": 36, "Inner Unique": false, "Plans": [{"Node Type": "Hash Join", "Parent Relationship": "Outer", "Join Type": "Inner", "Startup Cost": 60060.57, "Total Cost": 558158.87, "Plan Rows": 715772, "Plan Width": 20, "Inner Unique": true, "Hash Cond": "(orders.o_custkey = customer.c_custkey), (LLVM Optimized)", "Plans": [{"Node Type": "Seq Scan", "Parent Relationship": "Outer", "Relation Name": "orders", "Alias": "orders", "Startup Cost": 385.22, "Total Cost": 463912.49, "Plan Rows": 7310217, "Plan Width": 28, "Filter": "(o_orderdate < '1995-03-13 00:00:00'::timestamp(0) without time zone), (LLVM Optimized)"}, {"Node Type": "Hash", "Parent Relationship": "Inner", "Startup Cost": 55876.0, "Total Cost": 55876.0, "Plan Rows": 303948, "Plan Width": 8, "Plans": [{"Node Type": "Seq Scan", "Parent Relationship": "Outer", "Relation Name": "customer", "Alias": "customer", "Startup Cost": 0.0, "Total Cost": 55876.0, "Plan Rows": 303948, "Plan Width": 8, "Filter": "(c_mktsegment = 'AUTOMOBILE'::bpchar), (LLVM Optimized)"}]}]}, {"Node Type": "Index Scan", "Parent Relationship": "Inner", "Scan Direction": "Forward", "Index Name": "idx_lineitem_orderkey", "Relation Name": "lineitem", "Alias": "lineitem", "Startup Cost": 0.0, "Total Cost": 1.35, "Plan Rows": 5, "Plan Width": 24, "Index Cond": "(l_orderkey = orders.o_orderkey)", "Filter": "(l_shipdate > '1995-03-13 00:00:00'::timestamp(0) without time zone)"}]}]}]}]}, "Unique SQL Id": 3929762122, "Planner Runtime": 1}, "explain_analyze_plan": {"Plan": {"Node Type": "Limit", "Startup Cost": 1728598.43, "Total Cost": 1728598.46, "Plan Rows": 10, "Plan Width": 44, "Actual Startup Time": 21117.994, "Actual Total Time": 21117.997, "Actual Rows": 10, "Actual Loops": 1, "Plans": [{"Node Type": "Sort", "Parent Relationship": "Outer", "Startup Cost": 1728598.43, "Total Cost": 1737496.55, "Plan Rows": 10, "Plan Width": 44, "Actual Startup Time": 21117.992, "Actual Total Time": 21117.994, "Actual Rows": 10, "Actual Loops": 1, "Sort Key": ["(sum((lineitem.l_extendedprice * (1::double precision - lineitem.l_discount)))) DESC", "orders.o_orderdate"], "Sort Method": "top-N heapsort", "Sort Space Used": 26, "Sort Space Type": "Memory", "Plans": [{"Node Type": "Aggregate", "Strategy": "Hashed", "Parent Relationship": "Outer", "Startup Cost": 1616091.91, "Total Cost": 1651684.38, "Plan Rows": 3559247, "Plan Width": 44, "Actual Startup Time": 21027.036, "Actual Total Time": 21090.872, "Actual Rows": 113719, "Actual Loops": 1, "Group By Key": ["lineitem.l_orderkey", "orders.o_orderdate", "orders.o_shippriority"], "Plans": [{"Node Type": "Nested Loop", "Parent Relationship": "Outer", "Join Type": "Inner", "Startup Cost": 60060.57, "Total Cost": 1562703.21, "Plan Rows": 3559247, "Plan Width": 36, "Actual Startup Time": 715.193, "Actual Total Time": 20724.929, "Actual Rows": 300219, "Actual Loops": 1, "Inner Unique": false, "Plans": [{"Node Type": "Hash Join", "Parent Relationship": "Outer", "Join Type": "Inner", "Startup Cost": 60060.57, "Total Cost": 558158.87, "Plan Rows": 715772, "Plan Width": 20, "Actual Startup Time": 714.951, "Actual Total Time": 8829.543, "Actual Rows": 1455173, "Actual Loops": 1, "Inner Unique": true, "Hash Cond": "(orders.o_custkey = customer.c_custkey), (LLVM Optimized, Jit Execute)", "Plans": [{"Node Type": "Seq Scan", "Parent Relationship": "Outer", "Relation Name": "orders", "Alias": "orders", "Startup Cost": 385.22, "Total Cost": 463912.49, "Plan Rows": 7310217, "Plan Width": 28, "Actual Startup Time": 0.057, "Actual Total Time": 4914.288, "Actual Rows": 7276947, "Actual Loops": 1, "Filter": "(o_orderdate < '1995-03-13 00:00:00'::timestamp(0) without time zone), (LLVM Optimized, Jit Execute)", "Rows Removed by Filter": 7723053}, {"Node Type": "Hash", "Parent Relationship": "Inner", "Startup Cost": 55876.0, "Total Cost": 55876.0, "Plan Rows": 303948, "Plan Width": 8, "Actual Startup Time": 714.362, "Actual Total Time": 714.362, "Actual Rows": 300036, "Actual Loops": 1, "Hash Buckets": 524288, "Hash Batches": 1, "Original Hash Batches": 1, "Peak Memory Usage": 11721, "Plans": [{"Node Type": "Seq Scan", "Parent Relationship": "Outer", "Relation Name": "customer", "Alias": "customer", "Startup Cost": 0.0, "Total Cost": 55876.0, "Plan Rows": 303948, "Plan Width": 8, "Actual Startup Time": 0.025, "Actual Total Time": 609.909, "Actual Rows": 300036, "Actual Loops": 1, "Filter": "(c_mktsegment = 'AUTOMOBILE'::bpchar), (LLVM Optimized, Jit Execute)", "Rows Removed by Filter": 1199964}]}]}, {"Node Type": "Index Scan", "Parent Relationship": "Inner", "Scan Direction": "Forward", "Index Name": "idx_lineitem_orderkey", "Relation Name": "lineitem", "Alias": "lineitem", "Startup Cost": 0.0, "Total Cost": 1.35, "Plan Rows": 5, "Plan Width": 24, "Actual Startup Time": 10802.654, "Actual Total Time": 11090.593, "Actual Rows": 300219, "Actual Loops": 1455173, "Index Cond": "(l_orderkey = orders.o_orderkey)", "Rows Removed by Index Recheck": 0, "Filter": "(l_shipdate > '1995-03-13 00:00:00'::timestamp(0) without time zone)", "Rows Removed by Filter": 5519788}]}]}]}]}, "Triggers": [], "Planner Runtime": 1.214, "Total Runtime": 21127.825, "Unique SQL Id": 3929762122}}, "(64, '77')": {"explain_plan": {"Plan": {"Node Type": "Limit", "Startup Cost": 2061802.43, "Total Cost": 2061802.46, "Plan Rows": 10, "Plan Width": 44, "Plans": [{"Node Type": "Sort", "Parent Relationship": "Outer", "Startup Cost": 2061802.43, "Total Cost": 2070700.55, "Plan Rows": 10, "Plan Width": 44, "Sort Key": ["(sum((lineitem.l_extendedprice * (1::double precision - lineitem.l_discount)))) DESC", "orders.o_orderdate"], "Plans": [{"Node Type": "Aggregate", "Strategy": "Hashed", "Parent Relationship": "Outer", "Startup Cost": 1949295.92, "Total Cost": 1984888.39, "Plan Rows": 3559247, "Plan Width": 44, "Group By Key": ["lineitem.l_orderkey", "orders.o_orderdate", "orders.o_shippriority"], "Plans": [{"Node Type": "Nested Loop", "Parent Relationship": "Outer", "Join Type": "Inner", "Startup Cost": 88314.71, "Total Cost": 1895907.21, "Plan Rows": 3559247, "Plan Width": 36, "Inner Unique": false, "Plans": [{"Node Type": "Hash Join", "Parent Relationship": "Outer", "Join Type": "Inner", "Startup Cost": 88314.71, "Total Cost": 891362.87, "Plan Rows": 715772, "Plan Width": 20, "Inner Unique": true, "Hash Cond": "(orders.o_custkey = customer.c_custkey), (LLVM Optimized)", "Plans": [{"Node Type": "Index Scan", "Parent Relationship": "Outer", "Scan Direction": "Forward", "Index Name": "orders_pkey", "Relation Name": "orders", "Alias": "orders", "Startup Cost": 0.0, "Total Cost": 768477.13, "Plan Rows": 7310217, "Plan Width": 28, "Filter": "(o_orderdate < '1995-03-13 00:00:00'::timestamp(0) without time zone), (LLVM Optimized)"}, {"Node Type": "Hash", "Parent Relationship": "Inner", "Startup Cost": 84515.36, "Total Cost": 84515.36, "Plan Rows": 303948, "Plan Width": 8, "Plans": [{"Node Type": "Index Scan", "Parent Relationship": "Outer", "Scan Direction": "Forward", "Index Name": "customer_pkey", "Relation Name": "customer", "Alias": "customer", "Startup Cost": 0.0, "Total Cost": 84515.36, "Plan Rows": 303948, "Plan Width": 8, "Filter": "(c_mktsegment = 'AUTOMOBILE'::bpchar), (LLVM Optimized)"}]}]}, {"Node Type": "Index Scan", "Parent Relationship": "Inner", "Scan Direction": "Forward", "Index Name": "idx_lineitem_orderkey", "Relation Name": "lineitem", "Alias": "lineitem", "Startup Cost": 0.0, "Total Cost": 1.35, "Plan Rows": 5, "Plan Width": 24, "Index Cond": "(l_orderkey = orders.o_orderkey)", "Filter": "(l_shipdate > '1995-03-13 00:00:00'::timestamp(0) without time zone)"}]}]}]}]}, "Unique SQL Id": 3929762122, "Planner Runtime": 1}, "explain_analyze_plan": {"Plan": {"Node Type": "Limit", "Startup Cost": 2061802.43, "Total Cost": 2061802.46, "Plan Rows": 10, "Plan Width": 44, "Actual Startup Time": 25672.05, "Actual Total Time": 25672.053, "Actual Rows": 10, "Actual Loops": 1, "Plans": [{"Node Type": "Sort", "Parent Relationship": "Outer", "Startup Cost": 2061802.43, "Total Cost": 2070700.55, "Plan Rows": 10, "Plan Width": 44, "Actual Startup Time": 25672.047, "Actual Total Time": 25672.048, "Actual Rows": 10, "Actual Loops": 1, "Sort Key": ["(sum((lineitem.l_extendedprice * (1::double precision - lineitem.l_discount)))) DESC", "orders.o_orderdate"], "Sort Method": "top-N heapsort", "Sort Space Used": 26, "Sort Space Type": "Memory", "Plans": [{"Node Type": "Aggregate", "Strategy": "Hashed", "Parent Relationship": "Outer", "Startup Cost": 1949295.92, "Total Cost": 1984888.39, "Plan Rows": 3559247, "Plan Width": 44, "Actual Startup Time": 25588.41, "Actual Total Time": 25644.782, "Actual Rows": 113719, "Actual Loops": 1, "Group By Key": ["lineitem.l_orderkey", "orders.o_orderdate", "orders.o_shippriority"], "Plans": [{"Node Type": "Nested Loop", "Parent Relationship": "Outer", "Join Type": "Inner", "Startup Cost": 88314.71, "Total Cost": 1895907.21, "Plan Rows": 3559247, "Plan Width": 36, "Actual Startup Time": 1062.211, "Actual Total Time": 25289.084, "Actual Rows": 300219, "Actual Loops": 1, "Inner Unique": false, "Plans": [{"Node Type": "Hash Join", "Parent Relationship": "Outer", "Join Type": "Inner", "Startup Cost": 88314.71, "Total Cost": 891362.87, "Plan Rows": 715772, "Plan Width": 20, "Actual Startup Time": 1061.984, "Actual Total Time": 13602.54, "Actual Rows": 1455173, "Actual Loops": 1, "Inner Unique": true, "Hash Cond": "(orders.o_custkey = customer.c_custkey), (LLVM Optimized, Jit Execute)", "Plans": [{"Node Type": "Index Scan", "Parent Relationship": "Outer", "Scan Direction": "Forward", "Index Name": "orders_pkey", "Relation Name": "orders", "Alias": "orders", "Startup Cost": 0.0, "Total Cost": 768477.13, "Plan Rows": 7310217, "Plan Width": 28, "Actual Startup Time": 0.071, "Actual Total Time": 9446.102, "Actual Rows": 7276947, "Actual Loops": 1, "Filter": "(o_orderdate < '1995-03-13 00:00:00'::timestamp(0) without time zone), (LLVM Optimized, Jit Execute)", "Rows Removed by Filter": 7723053}, {"Node Type": "Hash", "Parent Relationship": "Inner", "Startup Cost": 84515.36, "Total Cost": 84515.36, "Plan Rows": 303948, "Plan Width": 8, "Actual Startup Time": 1061.528, "Actual Total Time": 1061.528, "Actual Rows": 300036, "Actual Loops": 1, "Hash Buckets": 524288, "Hash Batches": 1, "Original Hash Batches": 1, "Peak Memory Usage": 11721, "Plans": [{"Node Type": "Index Scan", "Parent Relationship": "Outer", "Scan Direction": "Forward", "Index Name": "customer_pkey", "Relation Name": "customer", "Alias": "customer", "Startup Cost": 0.0, "Total Cost": 84515.36, "Plan Rows": 303948, "Plan Width": 8, "Actual Startup Time": 0.027, "Actual Total Time": 960.549, "Actual Rows": 300036, "Actual Loops": 1, "Filter": "(c_mktsegment = 'AUTOMOBILE'::bpchar), (LLVM Optimized, Jit Execute)", "Rows Removed by Filter": 1199964}]}]}, {"Node Type": "Index Scan", "Parent Relationship": "Inner", "Scan Direction": "Forward", "Index Name": "idx_lineitem_orderkey", "Relation Name": "lineitem", "Alias": "lineitem", "Startup Cost": 0.0, "Total Cost": 1.35, "Plan Rows": 5, "Plan Width": 24, "Actual Startup Time": 10601.802, "Actual Total Time": 10891.035, "Actual Rows": 300219, "Actual Loops": 1455173, "Index Cond": "(l_orderkey = orders.o_orderkey)", "Rows Removed by Index Recheck": 0, "Filter": "(l_shipdate > '1995-03-13 00:00:00'::timestamp(0) without time zone)", "Rows Removed by Filter": 5519788}]}]}]}]}, "Triggers": [], "Planner Runtime": 1.227, "Total Runtime": 25681.824, "Unique SQL Id": 3929762122}}, "(64, '78')": {"explain_plan": {"Plan": {"Node Type": "Limit", "Startup Cost": 3055991.15, "Total Cost": 3055991.17, "Plan Rows": 10, "Plan Width": 44, "Plans": [{"Node Type": "Sort", "Parent Relationship": "Outer", "Startup Cost": 3055991.15, "Total Cost": 3064889.27, "Plan Rows": 10, "Plan Width": 44, "Sort Key": ["(sum((lineitem.l_extendedprice * (1::double precision - lineitem.l_discount)))) DESC", "orders.o_orderdate"], "Plans": [{"Node Type": "Aggregate", "Strategy": "Hashed", "Parent Relationship": "Outer", "Startup Cost": 2943484.63, "Total Cost": 2979077.1, "Plan Rows": 3559247, "Plan Width": 44, "Group By Key": ["lineitem.l_orderkey", "orders.o_orderdate", "orders.o_shippriority"], "Plans": [{"Node Type": "Hash Join", "Parent Relationship": "Outer", "Join Type": "Inner", "Startup Cost": 567106.02, "Total Cost": 2890095.93, "Plan Rows": 3559247, "Plan Width": 36, "Inner Unique": false, "Hash Cond": "(lineitem.l_orderkey = orders.o_orderkey), (LLVM Optimized)", "Plans": [{"Node Type": "Seq Scan", "Parent Relationship": "Outer", "Relation Name": "lineitem", "Alias": "lineitem", "Startup Cost": 0.0, "Total Cost": 2165082.91, "Plan Rows": 32617206, "Plan Width": 24, "Filter": "(l_shipdate > '1995-03-13 00:00:00'::timestamp(0) without time zone), (LLVM Optimized)"}, {"Node Type": "Hash", "Parent Relationship": "Inner", "Startup Cost": 558158.87, "Total Cost": 558158.87, "Plan Rows": 715772, "Plan Width": 20, "Plans": [{"Node Type": "Hash Join", "Parent Relationship": "Outer", "Join Type": "Inner", "Startup Cost": 60060.57, "Total Cost": 558158.87, "Plan Rows": 715772, "Plan Width": 20, "Inner Unique": true, "Hash Cond": "(orders.o_custkey = customer.c_custkey), (LLVM Optimized)", "Plans": [{"Node Type": "Seq Scan", "Parent Relationship": "Outer", "Relation Name": "orders", "Alias": "orders", "Startup Cost": 385.22, "Total Cost": 463912.49, "Plan Rows": 7310217, "Plan Width": 28, "Filter": "(o_orderdate < '1995-03-13 00:00:00'::timestamp(0) without time zone), (LLVM Optimized)"}, {"Node Type": "Hash", "Parent Relationship": "Inner", "Startup Cost": 55876.0, "Total Cost": 55876.0, "Plan Rows": 303948, "Plan Width": 8, "Plans": [{"Node Type": "Seq Scan", "Parent Relationship": "Outer", "Relation Name": "customer", "Alias": "customer", "Startup Cost": 0.0, "Total Cost": 55876.0, "Plan Rows": 303948, "Plan Width": 8, "Filter": "(c_mktsegment = 'AUTOMOBILE'::bpchar), (LLVM Optimized)"}]}]}]}]}]}]}]}, "Unique SQL Id": 3929762122, "Planner Runtime": 1}, "explain_analyze_plan": {"Plan": {"Node Type": "Limit", "Startup Cost": 3055991.15, "Total Cost": 3055991.17, "Plan Rows": 10, "Plan Width": 44, "Actual Startup Time": 38981.88, "Actual Total Time": 38981.882, "Actual Rows": 10, "Actual Loops": 1, "Plans": [{"Node Type": "Sort", "Parent Relationship": "Outer", "Startup Cost": 3055991.15, "Total Cost": 3064889.27, "Plan Rows": 10, "Plan Width": 44, "Actual Startup Time": 38981.877, "Actual Total Time": 38981.879, "Actual Rows": 10, "Actual Loops": 1, "Sort Key": ["(sum((lineitem.l_extendedprice * (1::double precision - lineitem.l_discount)))) DESC", "orders.o_orderdate"], "Sort Method": "top-N heapsort", "Sort Space Used": 26, "Sort Space Type": "Memory", "Plans": [{"Node Type": "Aggregate", "Strategy": "Hashed", "Parent Relationship": "Outer", "Startup Cost": 2943484.63, "Total Cost": 2979077.1, "Plan Rows": 3559247, "Plan Width": 44, "Actual Startup Time": 38897.899, "Actual Total Time": 38954.607, "Actual Rows": 113719, "Actual Loops": 1, "Group By Key": ["lineitem.l_orderkey", "orders.o_orderdate", "orders.o_shippriority"], "Plans": [{"Node Type": "Hash Join", "Parent Relationship": "Outer", "Join Type": "Inner", "Startup Cost": 567106.02, "Total Cost": 2890095.93, "Plan Rows": 3559247, "Plan Width": 36, "Actual Startup Time": 8861.31, "Actual Total Time": 38607.742, "Actual Rows": 300219, "Actual Loops": 1, "Inner Unique": false, "Hash Cond": "(lineitem.l_orderkey = orders.o_orderkey), (LLVM Optimized, Jit Execute)", "Plans": [{"Node Type": "Seq Scan", "Parent Relationship": "Outer", "Relation Name": "lineitem", "Alias": "lineitem", "Startup Cost": 0.0, "Total Cost": 2165082.91, "Plan Rows": 32617206, "Plan Width": 24, "Actual Startup Time": 0.043, "Actual Total Time": 21057.993, "Actual Rows": 32384344, "Actual Loops": 1, "Filter": "(l_shipdate > '1995-03-13 00:00:00'::timestamp(0) without time zone), (LLVM Optimized, Jit Execute)", "Rows Removed by Filter": 27601708}, {"Node Type": "Hash", "Parent Relationship": "Inner", "Startup Cost": 558158.87, "Total Cost": 558158.87, "Plan Rows": 715772, "Plan Width": 20, "Actual Startup Time": 8859.763, "Actual Total Time": 8859.763, "Actual Rows": 1455173, "Actual Loops": 1, "Hash Buckets": 1048576, "Hash Batches": 1, "Original Hash Batches": 1, "Peak Memory Usage": 79580, "Plans": [{"Node Type": "Hash Join", "Parent Relationship": "Outer", "Join Type": "Inner", "Startup Cost": 60060.57, "Total Cost": 558158.87, "Plan Rows": 715772, "Plan Width": 20, "Actual Startup Time": 722.618, "Actual Total Time": 8279.715, "Actual Rows": 1455173, "Actual Loops": 1, "Inner Unique": true, "Hash Cond": "(orders.o_custkey = customer.c_custkey), (LLVM Optimized, Jit Execute)", "Plans": [{"Node Type": "Seq Scan", "Parent Relationship": "Outer", "Relation Name": "orders", "Alias": "orders", "Startup Cost": 385.22, "Total Cost": 463912.49, "Plan Rows": 7310217, "Plan Width": 28, "Actual Startup Time": 0.02, "Actual Total Time": 4751.931, "Actual Rows": 7276947, "Actual Loops": 1, "Filter": "(o_orderdate < '1995-03-13 00:00:00'::timestamp(0) without time zone), (LLVM Optimized, Jit Execute)", "Rows Removed by Filter": 7723053}, {"Node Type": "Hash", "Parent Relationship": "Inner", "Startup Cost": 55876.0, "Total Cost": 55876.0, "Plan Rows": 303948, "Plan Width": 8, "Actual Startup Time": 722.198, "Actual Total Time": 722.198, "Actual Rows": 300036, "Actual Loops": 1, "Hash Buckets": 524288, "Hash Batches": 1, "Original Hash Batches": 1, "Peak Memory Usage": 11721, "Plans": [{"Node Type": "Seq Scan", "Parent Relationship": "Outer", "Relation Name": "customer", "Alias": "customer", "Startup Cost": 0.0, "Total Cost": 55876.0, "Plan Rows": 303948, "Plan Width": 8, "Actual Startup Time": 0.027, "Actual Total Time": 618.423, "Actual Rows": 300036, "Actual Loops": 1, "Filter": "(c_mktsegment = 'AUTOMOBILE'::bpchar), (LLVM Optimized, Jit Execute)", "Rows Removed by Filter": 1199964}]}]}]}]}]}]}]}, "Triggers": [], "Planner Runtime": 1.255, "Total Runtime": 38992.143, "Unique SQL Id": 3929762122}}, "(64, '79')": {"explain_plan": {"Plan": {"Node Type": "Limit", "Startup Cost": 3000409063684.59, "Total Cost": 3000409063684.62, "Plan Rows": 10, "Plan Width": 44, "Plans": [{"Node Type": "Sort", "Parent Relationship": "Outer", "Startup Cost": 3000409063684.59, "Total Cost": 3000409072582.71, "Plan Rows": 10, "Plan Width": 44, "Sort Key": ["(sum((lineitem.l_extendedprice * (1::double precision - lineitem.l_discount)))) DESC", "orders.o_orderdate"], "Plans": [{"Node Type": "Aggregate", "Strategy": "Hashed", "Parent Relationship": "Outer", "Startup Cost": 3000408951178.08, "Total Cost": 3000408986770.55, "Plan Rows": 3559247, "Plan Width": 44, "Group By Key": ["lineitem.l_orderkey", "orders.o_orderdate", "orders.o_shippriority"], "Plans": [{"Node Type": "Hash Join", "Parent Relationship": "Outer", "Join Type": "Inner", "Startup Cost": 1020044887998.59, "Total Cost": 3000408897789.37, "Plan Rows": 3559247, "Plan Width": 36, "Inner Unique": true, "Hash Cond": "(orders.o_custkey = customer.c_custkey), (LLVM Optimized)", "Plans": [{"Node Type": "Merge Join", "Parent Relationship": "Outer", "Join Type": "Inner", "Startup Cost": 20036432663.62, "Total Cost": 2000400270546.49, "Plan Rows": 36350778, "Plan Width": 44, "Inner Unique": false, "Merge Cond": "(orders.o_orderkey = lineitem.l_orderkey)", "Plans": [{"Node Type": "Index Scan", "Parent Relationship": "Outer", "Scan Direction": "Forward", "Index Name": "orders_pkey", "Relation Name": "orders", "Alias": "orders", "Startup Cost": 10000000000.0, "Total Cost": 1000076847713.25, "Plan Rows": 7310217, "Plan Width": 28, "Filter": "(o_orderdate < '1995-03-13 00:00:00'::timestamp(0) without time zone), (LLVM Optimized)"}, {"Node Type": "Materialize", "Parent Relationship": "Inner", "Startup Cost": 10000000000.0, "Total Cost": 1000339093675.77, "Plan Rows": 32617206, "Plan Width": 24, "Plans": [{"Node Type": "Index Scan", "Parent Relationship": "Outer", "Scan Direction": "Forward", "Index Name": "idx_lineitem_orderkey", "Relation Name": "lineitem", "Alias": "lineitem", "Startup Cost": 10000000000.0, "Total Cost": 1000339012132.75, "Plan Rows": 32617206, "Plan Width": 24, "Filter": "(l_shipdate > '1995-03-13 00:00:00'::timestamp(0) without time zone), (LLVM Optimized)"}]}]}, {"Node Type": "Hash", "Parent Relationship": "Inner", "Startup Cost": 1000008451535.62, "Total Cost": 1000008451535.62, "Plan Rows": 303948, "Plan Width": 8, "Plans": [{"Node Type": "Index Scan", "Parent Relationship": "Outer", "Scan Direction": "Forward", "Index Name": "customer_pkey", "Relation Name": "customer", "Alias": "customer", "Startup Cost": 10000000000.0, "Total Cost": 1000008451535.62, "Plan Rows": 303948, "Plan Width": 8, "Filter": "(c_mktsegment = 'AUTOMOBILE'::bpchar), (LLVM Optimized)"}]}]}]}]}]}, "Unique SQL Id": 3929762122, "Planner Runtime": 1}, "explain_analyze_plan": null}, "(64, '80')": {"explain_plan": {"Plan": {"Node Type": "Limit", "Startup Cost": 2596753.82, "Total Cost": 2596753.85, "Plan Rows": 10, "Plan Width": 44, "Plans": [{"Node Type": "Sort", "Parent Relationship": "Outer", "Startup Cost": 2596753.82, "Total Cost": 2605651.94, "Plan Rows": 10, "Plan Width": 44, "Sort Key": ["(sum((lineitem.l_extendedprice * (1::double precision - lineitem.l_discount)))) DESC", "orders.o_orderdate"], "Plans": [{"Node Type": "Aggregate", "Strategy": "Hashed", "Parent Relationship": "Outer", "Startup Cost": 2484247.3, "Total Cost": 2519839.77, "Plan Rows": 3559247, "Plan Width": 44, "Group By Key": ["lineitem.l_orderkey", "orders.o_orderdate", "orders.o_shippriority"], "Plans": [{"Node Type": "Nested Loop", "Parent Relationship": "Outer", "Join Type": "Inner", "Startup Cost": 1297333.67, "Total Cost": 2430858.6, "Plan Rows": 3559247, "Plan Width": 36, "Inner Unique": false, "Plans": [{"Node Type": "Merge Join", "Parent Relationship": "Outer", "Join Type": "Inner", "Startup Cost": 1297333.67, "Total Cost": 1426314.26, "Plan Rows": 715772, "Plan Width": 20, "Inner Unique": false, "Merge Cond": "(customer.c_custkey = orders.o_custkey)", "Plans": [{"Node Type": "Index Scan", "Parent Relationship": "Outer", "Scan Direction": "Forward", "Index Name": "customer_pkey", "Relation Name": "customer", "Alias": "customer", "Startup Cost": 0.0, "Total Cost": 84515.36, "Plan Rows": 303948, "Plan Width": 8, "Filter": "(c_mktsegment = 'AUTOMOBILE'::bpchar), (LLVM Optimized)"}, {"Node Type": "Sort", "Parent Relationship": "Inner", "Startup Cost": 1297331.42, "Total Cost": 1315606.97, "Plan Rows": 7310217, "Plan Width": 28, "Sort Key": ["orders.o_custkey"], "Plans": [{"Node Type": "Seq Scan", "Parent Relationship": "Outer", "Relation Name": "orders", "Alias": "orders", "Startup Cost": 385.22, "Total Cost": 463912.49, "Plan Rows": 7310217, "Plan Width": 28, "Filter": "(o_orderdate < '1995-03-13 00:00:00'::timestamp(0) without time zone), (LLVM Optimized)"}]}]}, {"Node Type": "Index Scan", "Parent Relationship": "Inner", "Scan Direction": "Forward", "Index Name": "idx_lineitem_orderkey", "Relation Name": "lineitem", "Alias": "lineitem", "Startup Cost": 0.0, "Total Cost": 1.35, "Plan Rows": 5, "Plan Width": 24, "Index Cond": "(l_orderkey = orders.o_orderkey)", "Filter": "(l_shipdate > '1995-03-13 00:00:00'::timestamp(0) without time zone)"}]}]}]}]}, "Unique SQL Id": 3929762122, "Planner Runtime": 1}, "explain_analyze_plan": {"Plan": {"Node Type": "Limit", "Startup Cost": 2596753.82, "Total Cost": 2596753.85, "Plan Rows": 10, "Plan Width": 44, "Actual Startup Time": 30552.651, "Actual Total Time": 30552.653, "Actual Rows": 10, "Actual Loops": 1, "Plans": [{"Node Type": "Sort", "Parent Relationship": "Outer", "Startup Cost": 2596753.82, "Total Cost": 2605651.94, "Plan Rows": 10, "Plan Width": 44, "Actual Startup Time": 30552.648, "Actual Total Time": 30552.649, "Actual Rows": 10, "Actual Loops": 1, "Sort Key": ["(sum((lineitem.l_extendedprice * (1::double precision - lineitem.l_discount)))) DESC", "orders.o_orderdate"], "Sort Method": "top-N heapsort", "Sort Space Used": 26, "Sort Space Type": "Memory", "Plans": [{"Node Type": "Aggregate", "Strategy": "Hashed", "Parent Relationship": "Outer", "Startup Cost": 2484247.3, "Total Cost": 2519839.77, "Plan Rows": 3559247, "Plan Width": 44, "Actual Startup Time": 30469.419, "Actual Total Time": 30525.434, "Actual Rows": 113719, "Actual Loops": 1, "Group By Key": ["lineitem.l_orderkey", "orders.o_orderdate", "orders.o_shippriority"], "Plans": [{"Node Type": "Nested Loop", "Parent Relationship": "Outer", "Join Type": "Inner", "Startup Cost": 1297333.67, "Total Cost": 2430858.6, "Plan Rows": 3559247, "Plan Width": 36, "Actual Startup Time": 8390.966, "Actual Total Time": 30146.882, "Actual Rows": 300219, "Actual Loops": 1, "Inner Unique": false, "Plans": [{"Node Type": "Merge Join", "Parent Relationship": "Outer", "Join Type": "Inner", "Startup Cost": 1297333.67, "Total Cost": 1426314.26, "Plan Rows": 715772, "Plan Width": 20, "Actual Startup Time": 8390.676, "Actual Total Time": 13017.008, "Actual Rows": 1455173, "Actual Loops": 1, "Inner Unique": false, "Merge Cond": "(customer.c_custkey = orders.o_custkey)", "Plans": [{"Node Type": "Index Scan", "Parent Relationship": "Outer", "Scan Direction": "Forward", "Index Name": "customer_pkey", "Relation Name": "customer", "Alias": "customer", "Startup Cost": 0.0, "Total Cost": 84515.36, "Plan Rows": 303948, "Plan Width": 8, "Actual Startup Time": 0.073, "Actual Total Time": 1075.531, "Actual Rows": 300036, "Actual Loops": 1, "Filter": "(c_mktsegment = 'AUTOMOBILE'::bpchar), (LLVM Optimized, Jit Execute)", "Rows Removed by Filter": 1199964}, {"Node Type": "Sort", "Parent Relationship": "Inner", "Startup Cost": 1297331.42, "Total Cost": 1315606.97, "Plan Rows": 7310217, "Plan Width": 28, "Actual Startup Time": 8390.557, "Actual Total Time": 10529.622, "Actual Rows": 7276927, "Actual Loops": 1, "Sort Key": ["orders.o_custkey"], "Sort Method": "quicksort", "Sort Space Used": 878822, "Sort Space Type": "Memory", "Plans": [{"Node Type": "Seq Scan", "Parent Relationship": "Outer", "Relation Name": "orders", "Alias": "orders", "Startup Cost": 385.22, "Total Cost": 463912.49, "Plan Rows": 7310217, "Plan Width": 28, "Actual Startup Time": 0.034, "Actual Total Time": 5236.104, "Actual Rows": 7276947, "Actual Loops": 1, "Filter": "(o_orderdate < '1995-03-13 00:00:00'::timestamp(0) without time zone), (LLVM Optimized, Jit Execute)", "Rows Removed by Filter": 7723053}]}]}, {"Node Type": "Index Scan", "Parent Relationship": "Inner", "Scan Direction": "Forward", "Index Name": "idx_lineitem_orderkey", "Relation Name": "lineitem", "Alias": "lineitem", "Startup Cost": 0.0, "Total Cost": 1.35, "Plan Rows": 5, "Plan Width": 24, "Actual Startup Time": 15997.153, "Actual Total Time": 16295.407, "Actual Rows": 300219, "Actual Loops": 1455173, "Index Cond": "(l_orderkey = orders.o_orderkey)", "Rows Removed by Index Recheck": 0, "Filter": "(l_shipdate > '1995-03-13 00:00:00'::timestamp(0) without time zone)", "Rows Removed by Filter": 5519788}]}]}]}]}, "Triggers": [], "Planner Runtime": 1.154, "Total Runtime": 30562.22, "Unique SQL Id": 3929762122}}, "(64, '81')": {"explain_plan": {"Plan": {"Node Type": "Limit", "Startup Cost": 2669336.48, "Total Cost": 2669336.5, "Plan Rows": 10, "Plan Width": 44, "Plans": [{"Node Type": "Sort", "Parent Relationship": "Outer", "Startup Cost": 2669336.48, "Total Cost": 2678234.59, "Plan Rows": 10, "Plan Width": 44, "Sort Key": ["(sum((lineitem.l_extendedprice * (1::double precision - lineitem.l_discount)))) DESC", "orders.o_orderdate"], "Plans": [{"Node Type": "Aggregate", "Strategy": "Hashed", "Parent Relationship": "Outer", "Startup Cost": 2556829.96, "Total Cost": 2592422.43, "Plan Rows": 3559247, "Plan Width": 44, "Group By Key": ["lineitem.l_orderkey", "orders.o_orderdate", "orders.o_shippriority"], "Plans": [{"Node Type": "Nested Loop", "Parent Relationship": "Outer", "Join Type": "Inner", "Startup Cost": 1369916.32, "Total Cost": 2503441.25, "Plan Rows": 3559247, "Plan Width": 36, "Inner Unique": false, "Plans": [{"Node Type": "Merge Join", "Parent Relationship": "Outer", "Join Type": "Inner", "Startup Cost": 1369916.32, "Total Cost": 1498896.92, "Plan Rows": 715772, "Plan Width": 20, "Inner Unique": false, "Merge Cond": "(customer.c_custkey = orders.o_custkey)", "Plans": [{"Node Type": "Index Scan", "Parent Relationship": "Outer", "Scan Direction": "Forward", "Index Name": "customer_pkey", "Relation Name": "customer", "Alias": "customer", "Startup Cost": 0.0, "Total Cost": 84515.36, "Plan Rows": 303948, "Plan Width": 8, "Filter": "(c_mktsegment = 'AUTOMOBILE'::bpchar), (LLVM Optimized)"}, {"Node Type": "Sort", "Parent Relationship": "Inner", "Startup Cost": 1369914.08, "Total Cost": 1388189.62, "Plan Rows": 7310217, "Plan Width": 28, "Sort Key": ["orders.o_custkey"], "Plans": [{"Node Type": "Bitmap Heap Scan", "Parent Relationship": "Outer", "Relation Name": "orders", "Alias": "orders", "Startup Cost": 168698.43, "Total Cost": 536495.14, "Plan Rows": 7310217, "Plan Width": 28, "Recheck Cond": "(o_orderdate < '1995-03-13 00:00:00'::timestamp(0) without time zone), (LLVM Optimized)", "Plans": [{"Node Type": "Bitmap Index Scan", "Parent Relationship": "Outer", "Index Name": "idx_orders_orderdate", "Startup Cost": 0.0, "Total Cost": 166870.88, "Plan Rows": 7310217, "Plan Width": 0, "Index Cond": "(o_orderdate < '1995-03-13 00:00:00'::timestamp(0) without time zone)"}]}]}]}, {"Node Type": "Index Scan", "Parent Relationship": "Inner", "Scan Direction": "Forward", "Index Name": "idx_lineitem_orderkey", "Relation Name": "lineitem", "Alias": "lineitem", "Startup Cost": 0.0, "Total Cost": 1.35, "Plan Rows": 5, "Plan Width": 24, "Index Cond": "(l_orderkey = orders.o_orderkey)", "Filter": "(l_shipdate > '1995-03-13 00:00:00'::timestamp(0) without time zone)"}]}]}]}]}, "Unique SQL Id": 3929762122, "Planner Runtime": 1}, "explain_analyze_plan": {"Plan": {"Node Type": "Limit", "Startup Cost": 2669336.48, "Total Cost": 2669336.5, "Plan Rows": 10, "Plan Width": 44, "Actual Startup Time": 30233.689, "Actual Total Time": 30233.693, "Actual Rows": 10, "Actual Loops": 1, "Plans": [{"Node Type": "Sort", "Parent Relationship": "Outer", "Startup Cost": 2669336.48, "Total Cost": 2678234.59, "Plan Rows": 10, "Plan Width": 44, "Actual Startup Time": 30233.687, "Actual Total Time": 30233.688, "Actual Rows": 10, "Actual Loops": 1, "Sort Key": ["(sum((lineitem.l_extendedprice * (1::double precision - lineitem.l_discount)))) DESC", "orders.o_orderdate"], "Sort Method": "top-N heapsort", "Sort Space Used": 26, "Sort Space Type": "Memory", "Plans": [{"Node Type": "Aggregate", "Strategy": "Hashed", "Parent Relationship": "Outer", "Startup Cost": 2556829.96, "Total Cost": 2592422.43, "Plan Rows": 3559247, "Plan Width": 44, "Actual Startup Time": 30151.164, "Actual Total Time": 30206.335, "Actual Rows": 113719, "Actual Loops": 1, "Group By Key": ["lineitem.l_orderkey", "orders.o_orderdate", "orders.o_shippriority"], "Plans": [{"Node Type": "Nested Loop", "Parent Relationship": "Outer", "Join Type": "Inner", "Startup Cost": 1369916.32, "Total Cost": 2503441.25, "Plan Rows": 3559247, "Plan Width": 36, "Actual Startup Time": 8791.66, "Actual Total Time": 29843.199, "Actual Rows": 300219, "Actual Loops": 1, "Inner Unique": false, "Plans": [{"Node Type": "Merge Join", "Parent Relationship": "Outer", "Join Type": "Inner", "Startup Cost": 1369916.32, "Total Cost": 1498896.92, "Plan Rows": 715772, "Plan Width": 20, "Actual Startup Time": 8791.367, "Actual Total Time": 13117.731, "Actual Rows": 1455173, "Actual Loops": 1, "Inner Unique": false, "Merge Cond": "(customer.c_custkey = orders.o_custkey)", "Plans": [{"Node Type": "Index Scan", "Parent Relationship": "Outer", "Scan Direction": "Forward", "Index Name": "customer_pkey", "Relation Name": "customer", "Alias": "customer", "Startup Cost": 0.0, "Total Cost": 84515.36, "Plan Rows": 303948, "Plan Width": 8, "Actual Startup Time": 0.06, "Actual Total Time": 1011.1, "Actual Rows": 300036, "Actual Loops": 1, "Filter": "(c_mktsegment = 'AUTOMOBILE'::bpchar), (LLVM Optimized, Jit Execute)", "Rows Removed by Filter": 1199964}, {"Node Type": "Sort", "Parent Relationship": "Inner", "Startup Cost": 1369914.08, "Total Cost": 1388189.62, "Plan Rows": 7310217, "Plan Width": 28, "Actual Startup Time": 8791.2, "Actual Total Time": 10691.523, "Actual Rows": 7276927, "Actual Loops": 1, "Sort Key": ["orders.o_custkey"], "Sort Method": "quicksort", "Sort Space Used": 878822, "Sort Space Type": "Memory", "Plans": [{"Node Type": "Bitmap Heap Scan", "Parent Relationship": "Outer", "Relation Name": "orders", "Alias": "orders", "Startup Cost": 168698.43, "Total Cost": 536495.14, "Plan Rows": 7310217, "Plan Width": 28, "Actual Startup Time": 1756.079, "Actual Total Time": 5658.571, "Actual Rows": 7276947, "Actual Loops": 1, "Recheck Cond": "(o_orderdate < '1995-03-13 00:00:00'::timestamp(0) without time zone), (LLVM Optimized, Jit Execute)", "Rows Removed by Index Recheck": 0, "Exact Heap Blocks": 276419, "Lossy Heap Blocks": 276419, "Plans": [{"Node Type": "Bitmap Index Scan", "Parent Relationship": "Outer", "Index Name": "idx_orders_orderdate", "Startup Cost": 0.0, "Total Cost": 166870.88, "Plan Rows": 7310217, "Plan Width": 0, "Actual Startup Time": 1651.94, "Actual Total Time": 1651.94, "Actual Rows": 7276947, "Actual Loops": 1, "Index Cond": "(o_orderdate < '1995-03-13 00:00:00'::timestamp(0) without time zone)"}]}]}]}, {"Node Type": "Index Scan", "Parent Relationship": "Inner", "Scan Direction": "Forward", "Index Name": "idx_lineitem_orderkey", "Relation Name": "lineitem", "Alias": "lineitem", "Startup Cost": 0.0, "Total Cost": 1.35, "Plan Rows": 5, "Plan Width": 24, "Actual Startup Time": 15612.478, "Actual Total Time": 15914.42, "Actual Rows": 300219, "Actual Loops": 1455173, "Index Cond": "(l_orderkey = orders.o_orderkey)", "Rows Removed by Index Recheck": 0, "Filter": "(l_shipdate > '1995-03-13 00:00:00'::timestamp(0) without time zone)", "Rows Removed by Filter": 5519788}]}]}]}]}, "Triggers": [], "Planner Runtime": 1.197, "Total Runtime": 30243.736, "Unique SQL Id": 3929762122}}, "(64, '82')": {"explain_plan": {"Plan": {"Node Type": "Limit", "Startup Cost": 4906248.04, "Total Cost": 4906248.06, "Plan Rows": 10, "Plan Width": 44, "Plans": [{"Node Type": "Sort", "Parent Relationship": "Outer", "Startup Cost": 4906248.04, "Total Cost": 4915146.16, "Plan Rows": 10, "Plan Width": 44, "Sort Key": ["(sum((lineitem.l_extendedprice * (1::double precision - lineitem.l_discount)))) DESC", "orders.o_orderdate"], "Plans": [{"Node Type": "Aggregate", "Strategy": "Hashed", "Parent Relationship": "Outer", "Startup Cost": 4793741.52, "Total Cost": 4829333.99, "Plan Rows": 3559247, "Plan Width": 44, "Group By Key": ["lineitem.l_orderkey", "orders.o_orderdate", "orders.o_shippriority"], "Plans": [{"Node Type": "Nested Loop", "Parent Relationship": "Outer", "Join Type": "Inner", "Startup Cost": 1380887.64, "Total Cost": 4740352.82, "Plan Rows": 3559247, "Plan Width": 36, "Inner Unique": false, "Plans": [{"Node Type": "Merge Join", "Parent Relationship": "Outer", "Join Type": "Inner", "Startup Cost": 1380887.19, "Total Cost": 1426114.5, "Plan Rows": 715772, "Plan Width": 20, "Inner Unique": false, "Merge Cond": "(customer.c_custkey = orders.o_custkey)", "Plans": [{"Node Type": "Sort", "Parent Relationship": "Outer", "Startup Cost": 83555.73, "Total Cost": 84315.6, "Plan Rows": 303948, "Plan Width": 8, "Sort Key": ["customer.c_custkey"], "Plans": [{"Node Type": "Seq Scan", "Parent Relationship": "Outer", "Relation Name": "customer", "Alias": "customer", "Startup Cost": 0.0, "Total Cost": 55876.0, "Plan Rows": 303948, "Plan Width": 8, "Filter": "(c_mktsegment = 'AUTOMOBILE'::bpchar), (LLVM Optimized)"}]}, {"Node Type": "Sort", "Parent Relationship": "Inner", "Startup Cost": 1297331.42, "Total Cost": 1315606.97, "Plan Rows": 7310217, "Plan Width": 28, "Sort Key": ["orders.o_custkey"], "Plans": [{"Node Type": "Seq Scan", "Parent Relationship": "Outer", "Relation Name": "orders", "Alias": "orders", "Startup Cost": 385.22, "Total Cost": 463912.49, "Plan Rows": 7310217, "Plan Width": 28, "Filter": "(o_orderdate < '1995-03-13 00:00:00'::timestamp(0) without time zone), (LLVM Optimized)"}]}]}, {"Node Type": "Bitmap Heap Scan", "Parent Relationship": "Inner", "Relation Name": "lineitem", "Alias": "lineitem", "Startup Cost": 0.45, "Total Cost": 4.58, "Plan Rows": 5, "Plan Width": 24, "Recheck Cond": "(l_orderkey = orders.o_orderkey)", "Filter": "(l_shipdate > '1995-03-13 00:00:00'::timestamp(0) without time zone)", "Plans": [{"Node Type": "Bitmap Index Scan", "Parent Relationship": "Outer", "Index Name": "idx_lineitem_orderkey", "Startup Cost": 0.0, "Total Cost": 0.44, "Plan Rows": 9, "Plan Width": 0, "Index Cond": "(l_orderkey = orders.o_orderkey)"}]}]}]}]}]}, "Unique SQL Id": 3929762122, "Planner Runtime": 1}, "explain_analyze_plan": {"Plan": {"Node Type": "Limit", "Startup Cost": 4906248.04, "Total Cost": 4906248.06, "Plan Rows": 10, "Plan Width": 44, "Actual Startup Time": 33422.771, "Actual Total Time": 33422.774, "Actual Rows": 10, "Actual Loops": 1, "Plans": [{"Node Type": "Sort", "Parent Relationship": "Outer", "Startup Cost": 4906248.04, "Total Cost": 4915146.16, "Plan Rows": 10, "Plan Width": 44, "Actual Startup Time": 33422.768, "Actual Total Time": 33422.768, "Actual Rows": 10, "Actual Loops": 1, "Sort Key": ["(sum((lineitem.l_extendedprice * (1::double precision - lineitem.l_discount)))) DESC", "orders.o_orderdate"], "Sort Method": "top-N heapsort", "Sort Space Used": 26, "Sort Space Type": "Memory", "Plans": [{"Node Type": "Aggregate", "Strategy": "Hashed", "Parent Relationship": "Outer", "Startup Cost": 4793741.52, "Total Cost": 4829333.99, "Plan Rows": 3559247, "Plan Width": 44, "Actual Startup Time": 33310.08, "Actual Total Time": 33395.021, "Actual Rows": 113719, "Actual Loops": 1, "Group By Key": ["lineitem.l_orderkey", "orders.o_orderdate", "orders.o_shippriority"], "Plans": [{"Node Type": "Nested Loop", "Parent Relationship": "Outer", "Join Type": "Inner", "Startup Cost": 1380887.64, "Total Cost": 4740352.82, "Plan Rows": 3559247, "Plan Width": 36, "Actual Startup Time": 9221.263, "Actual Total Time": 32974.792, "Actual Rows": 300219, "Actual Loops": 1, "Inner Unique": false, "Plans": [{"Node Type": "Merge Join", "Parent Relationship": "Outer", "Join Type": "Inner", "Startup Cost": 1380887.19, "Total Cost": 1426114.5, "Plan Rows": 715772, "Plan Width": 20, "Actual Startup Time": 9221.01, "Actual Total Time": 13093.37, "Actual Rows": 1455173, "Actual Loops": 1, "Inner Unique": false, "Merge Cond": "(customer.c_custkey = orders.o_custkey)", "Plans": [{"Node Type": "Sort", "Parent Relationship": "Outer", "Startup Cost": 83555.73, "Total Cost": 84315.6, "Plan Rows": 303948, "Plan Width": 8, "Actual Startup Time": 715.488, "Actual Total Time": 754.465, "Actual Rows": 300036, "Actual Loops": 1, "Sort Key": ["customer.c_custkey"], "Sort Method": "quicksort", "Sort Space Used": 31041, "Sort Space Type": "Memory", "Plans": [{"Node Type": "Seq Scan", "Parent Relationship": "Outer", "Relation Name": "customer", "Alias": "customer", "Startup Cost": 0.0, "Total Cost": 55876.0, "Plan Rows": 303948, "Plan Width": 8, "Actual Startup Time": 0.046, "Actual Total Time": 619.705, "Actual Rows": 300036, "Actual Loops": 1, "Filter": "(c_mktsegment = 'AUTOMOBILE'::bpchar), (LLVM Optimized, Jit Execute)", "Rows Removed by Filter": 1199964}]}, {"Node Type": "Sort", "Parent Relationship": "Inner", "Startup Cost": 1297331.42, "Total Cost": 1315606.97, "Plan Rows": 7310217, "Plan Width": 28, "Actual Startup Time": 8505.486, "Actual Total Time": 10874.226, "Actual Rows": 7276927, "Actual Loops": 1, "Sort Key": ["orders.o_custkey"], "Sort Method": "quicksort", "Sort Space Used": 878822, "Sort Space Type": "Memory", "Plans": [{"Node Type": "Seq Scan", "Parent Relationship": "Outer", "Relation Name": "orders", "Alias": "orders", "Startup Cost": 385.22, "Total Cost": 463912.49, "Plan Rows": 7310217, "Plan Width": 28, "Actual Startup Time": 0.049, "Actual Total Time": 5292.483, "Actual Rows": 7276947, "Actual Loops": 1, "Filter": "(o_orderdate < '1995-03-13 00:00:00'::timestamp(0) without time zone), (LLVM Optimized, Jit Execute)", "Rows Removed by Filter": 7723053}]}]}, {"Node Type": "Bitmap Heap Scan", "Parent Relationship": "Inner", "Relation Name": "lineitem", "Alias": "lineitem", "Startup Cost": 0.45, "Total Cost": 4.58, "Plan Rows": 5, "Plan Width": 24, "Actual Startup Time": 17972.988, "Actual Total Time": 18092.548, "Actual Rows": 300219, "Actual Loops": 1455173, "Recheck Cond": "(l_orderkey = orders.o_orderkey)", "Rows Removed by Index Recheck": 0, "Filter": "(l_shipdate > '1995-03-13 00:00:00'::timestamp(0) without time zone)", "Rows Removed by Filter": 5519788, "Exact Heap Blocks": 1558994, "Lossy Heap Blocks": 1558994, "Plans": [{"Node Type": "Bitmap Index Scan", "Parent Relationship": "Outer", "Index Name": "idx_lineitem_orderkey", "Startup Cost": 0.0, "Total Cost": 0.44, "Plan Rows": 9, "Plan Width": 0, "Actual Startup Time": 10154.676, "Actual Total Time": 10154.676, "Actual Rows": 5820007, "Actual Loops": 1455173, "Index Cond": "(l_orderkey = orders.o_orderkey)"}]}]}]}]}]}, "Triggers": [], "Planner Runtime": 1.164, "Total Runtime": 33432.305, "Unique SQL Id": 3929762122}}, "(64, '83')": {"explain_plan": {"Plan": {"Node Type": "Limit", "Startup Cost": 35345596.54, "Total Cost": 35345596.56, "Plan Rows": 10, "Plan Width": 44, "Plans": [{"Node Type": "Sort", "Parent Relationship": "Outer", "Startup Cost": 35345596.54, "Total Cost": 35354494.65, "Plan Rows": 10, "Plan Width": 44, "Sort Key": ["(sum((lineitem.l_extendedprice * (1::double precision - lineitem.l_discount)))) DESC", "orders.o_orderdate"], "Plans": [{"Node Type": "Aggregate", "Strategy": "Hashed", "Parent Relationship": "Outer", "Startup Cost": 35233090.02, "Total Cost": 35268682.49, "Plan Rows": 3559247, "Plan Width": 44, "Group By Key": ["lineitem.l_orderkey", "orders.o_orderdate", "orders.o_shippriority"], "Plans": [{"Node Type": "Nested Loop", "Parent Relationship": "Outer", "Join Type": "Inner", "Startup Cost": 168699.14, "Total Cost": 35179701.31, "Plan Rows": 3559247, "Plan Width": 36, "Inner Unique": false, "Plans": [{"Node Type": "Nested Loop", "Parent Relationship": "Outer", "Join Type": "Inner", "Startup Cost": 168698.69, "Total Cost": 31865463.0, "Plan Rows": 715772, "Plan Width": 20, "Inner Unique": true, "Plans": [{"Node Type": "Bitmap Heap Scan", "Parent Relationship": "Outer", "Relation Name": "orders", "Alias": "orders", "Startup Cost": 168698.43, "Total Cost": 536495.14, "Plan Rows": 7310217, "Plan Width": 28, "Recheck Cond": "(o_orderdate < '1995-03-13 00:00:00'::timestamp(0) without time zone), (LLVM Optimized)", "Plans": [{"Node Type": "Bitmap Index Scan", "Parent Relationship": "Outer", "Index Name": "idx_orders_orderdate", "Startup Cost": 0.0, "Total Cost": 166870.88, "Plan Rows": 7310217, "Plan Width": 0, "Index Cond": "(o_orderdate < '1995-03-13 00:00:00'::timestamp(0) without time zone)"}]}, {"Node Type": "Bitmap Heap Scan", "Parent Relationship": "Inner", "Relation Name": "customer", "Alias": "customer", "Startup Cost": 0.26, "Total Cost": 4.28, "Plan Rows": 1, "Plan Width": 8, "Recheck Cond": "(c_custkey = orders.o_custkey)", "Filter": "(c_mktsegment = 'AUTOMOBILE'::bpchar)", "Plans": [{"Node Type": "Bitmap Index Scan", "Parent Relationship": "Outer", "Index Name": "customer_pkey", "Startup Cost": 0.0, "Total Cost": 0.26, "Plan Rows": 1, "Plan Width": 0, "Index Cond": "(c_custkey = orders.o_custkey)"}]}]}, {"Node Type": "Bitmap Heap Scan", "Parent Relationship": "Inner", "Relation Name": "lineitem", "Alias": "lineitem", "Startup Cost": 0.45, "Total Cost": 4.58, "Plan Rows": 5, "Plan Width": 24, "Recheck Cond": "(l_orderkey = orders.o_orderkey)", "Filter": "(l_shipdate > '1995-03-13 00:00:00'::timestamp(0) without time zone)", "Plans": [{"Node Type": "Bitmap Index Scan", "Parent Relationship": "Outer", "Index Name": "idx_lineitem_orderkey", "Startup Cost": 0.0, "Total Cost": 0.44, "Plan Rows": 9, "Plan Width": 0, "Index Cond": "(l_orderkey = orders.o_orderkey)"}]}]}]}]}]}, "Unique SQL Id": 3929762122, "Planner Runtime": 1}, "explain_analyze_plan": null}, "(64, '84')": {"explain_plan": {"Plan": {"Node Type": "Limit", "Startup Cost": 2596753.82, "Total Cost": 2596753.85, "Plan Rows": 10, "Plan Width": 44, "Plans": [{"Node Type": "Sort", "Parent Relationship": "Outer", "Startup Cost": 2596753.82, "Total Cost": 2605651.94, "Plan Rows": 10, "Plan Width": 44, "Sort Key": ["(sum((lineitem.l_extendedprice * (1::double precision - lineitem.l_discount)))) DESC", "orders.o_orderdate"], "Plans": [{"Node Type": "Aggregate", "Strategy": "Hashed", "Parent Relationship": "Outer", "Startup Cost": 2484247.3, "Total Cost": 2519839.77, "Plan Rows": 3559247, "Plan Width": 44, "Group By Key": ["lineitem.l_orderkey", "orders.o_orderdate", "orders.o_shippriority"], "Plans": [{"Node Type": "Nested Loop", "Parent Relationship": "Outer", "Join Type": "Inner", "Startup Cost": 1297333.67, "Total Cost": 2430858.6, "Plan Rows": 3559247, "Plan Width": 36, "Inner Unique": false, "Plans": [{"Node Type": "Merge Join", "Parent Relationship": "Outer", "Join Type": "Inner", "Startup Cost": 1297333.67, "Total Cost": 1426314.26, "Plan Rows": 715772, "Plan Width": 20, "Inner Unique": false, "Merge Cond": "(customer.c_custkey = orders.o_custkey)", "Plans": [{"Node Type": "Index Scan", "Parent Relationship": "Outer", "Scan Direction": "Forward", "Index Name": "customer_pkey", "Relation Name": "customer", "Alias": "customer", "Startup Cost": 0.0, "Total Cost": 84515.36, "Plan Rows": 303948, "Plan Width": 8, "Filter": "(c_mktsegment = 'AUTOMOBILE'::bpchar), (LLVM Optimized)"}, {"Node Type": "Sort", "Parent Relationship": "Inner", "Startup Cost": 1297331.42, "Total Cost": 1315606.97, "Plan Rows": 7310217, "Plan Width": 28, "Sort Key": ["orders.o_custkey"], "Plans": [{"Node Type": "Seq Scan", "Parent Relationship": "Outer", "Relation Name": "orders", "Alias": "orders", "Startup Cost": 385.22, "Total Cost": 463912.49, "Plan Rows": 7310217, "Plan Width": 28, "Filter": "(o_orderdate < '1995-03-13 00:00:00'::timestamp(0) without time zone), (LLVM Optimized)"}]}]}, {"Node Type": "Index Scan", "Parent Relationship": "Inner", "Scan Direction": "Forward", "Index Name": "idx_lineitem_orderkey", "Relation Name": "lineitem", "Alias": "lineitem", "Startup Cost": 0.0, "Total Cost": 1.35, "Plan Rows": 5, "Plan Width": 24, "Index Cond": "(l_orderkey = orders.o_orderkey)", "Filter": "(l_shipdate > '1995-03-13 00:00:00'::timestamp(0) without time zone)"}]}]}]}]}, "Unique SQL Id": 3929762122, "Planner Runtime": 1}, "explain_analyze_plan": {"Plan": {"Node Type": "Limit", "Startup Cost": 2596753.82, "Total Cost": 2596753.85, "Plan Rows": 10, "Plan Width": 44, "Actual Startup Time": 30552.651, "Actual Total Time": 30552.653, "Actual Rows": 10, "Actual Loops": 1, "Plans": [{"Node Type": "Sort", "Parent Relationship": "Outer", "Startup Cost": 2596753.82, "Total Cost": 2605651.94, "Plan Rows": 10, "Plan Width": 44, "Actual Startup Time": 30552.648, "Actual Total Time": 30552.649, "Actual Rows": 10, "Actual Loops": 1, "Sort Key": ["(sum((lineitem.l_extendedprice * (1::double precision - lineitem.l_discount)))) DESC", "orders.o_orderdate"], "Sort Method": "top-N heapsort", "Sort Space Used": 26, "Sort Space Type": "Memory", "Plans": [{"Node Type": "Aggregate", "Strategy": "Hashed", "Parent Relationship": "Outer", "Startup Cost": 2484247.3, "Total Cost": 2519839.77, "Plan Rows": 3559247, "Plan Width": 44, "Actual Startup Time": 30469.419, "Actual Total Time": 30525.434, "Actual Rows": 113719, "Actual Loops": 1, "Group By Key": ["lineitem.l_orderkey", "orders.o_orderdate", "orders.o_shippriority"], "Plans": [{"Node Type": "Nested Loop", "Parent Relationship": "Outer", "Join Type": "Inner", "Startup Cost": 1297333.67, "Total Cost": 2430858.6, "Plan Rows": 3559247, "Plan Width": 36, "Actual Startup Time": 8390.966, "Actual Total Time": 30146.882, "Actual Rows": 300219, "Actual Loops": 1, "Inner Unique": false, "Plans": [{"Node Type": "Merge Join", "Parent Relationship": "Outer", "Join Type": "Inner", "Startup Cost": 1297333.67, "Total Cost": 1426314.26, "Plan Rows": 715772, "Plan Width": 20, "Actual Startup Time": 8390.676, "Actual Total Time": 13017.008, "Actual Rows": 1455173, "Actual Loops": 1, "Inner Unique": false, "Merge Cond": "(customer.c_custkey = orders.o_custkey)", "Plans": [{"Node Type": "Index Scan", "Parent Relationship": "Outer", "Scan Direction": "Forward", "Index Name": "customer_pkey", "Relation Name": "customer", "Alias": "customer", "Startup Cost": 0.0, "Total Cost": 84515.36, "Plan Rows": 303948, "Plan Width": 8, "Actual Startup Time": 0.073, "Actual Total Time": 1075.531, "Actual Rows": 300036, "Actual Loops": 1, "Filter": "(c_mktsegment = 'AUTOMOBILE'::bpchar), (LLVM Optimized, Jit Execute)", "Rows Removed by Filter": 1199964}, {"Node Type": "Sort", "Parent Relationship": "Inner", "Startup Cost": 1297331.42, "Total Cost": 1315606.97, "Plan Rows": 7310217, "Plan Width": 28, "Actual Startup Time": 8390.557, "Actual Total Time": 10529.622, "Actual Rows": 7276927, "Actual Loops": 1, "Sort Key": ["orders.o_custkey"], "Sort Method": "quicksort", "Sort Space Used": 878822, "Sort Space Type": "Memory", "Plans": [{"Node Type": "Seq Scan", "Parent Relationship": "Outer", "Relation Name": "orders", "Alias": "orders", "Startup Cost": 385.22, "Total Cost": 463912.49, "Plan Rows": 7310217, "Plan Width": 28, "Actual Startup Time": 0.034, "Actual Total Time": 5236.104, "Actual Rows": 7276947, "Actual Loops": 1, "Filter": "(o_orderdate < '1995-03-13 00:00:00'::timestamp(0) without time zone), (LLVM Optimized, Jit Execute)", "Rows Removed by Filter": 7723053}]}]}, {"Node Type": "Index Scan", "Parent Relationship": "Inner", "Scan Direction": "Forward", "Index Name": "idx_lineitem_orderkey", "Relation Name": "lineitem", "Alias": "lineitem", "Startup Cost": 0.0, "Total Cost": 1.35, "Plan Rows": 5, "Plan Width": 24, "Actual Startup Time": 15997.153, "Actual Total Time": 16295.407, "Actual Rows": 300219, "Actual Loops": 1455173, "Index Cond": "(l_orderkey = orders.o_orderkey)", "Rows Removed by Index Recheck": 0, "Filter": "(l_shipdate > '1995-03-13 00:00:00'::timestamp(0) without time zone)", "Rows Removed by Filter": 5519788}]}]}]}]}, "Triggers": [], "Planner Runtime": 1.154, "Total Runtime": 30562.22, "Unique SQL Id": 3929762122}}, "(64, '85')": {"explain_plan": {"Plan": {"Node Type": "Limit", "Startup Cost": 2669336.48, "Total Cost": 2669336.5, "Plan Rows": 10, "Plan Width": 44, "Plans": [{"Node Type": "Sort", "Parent Relationship": "Outer", "Startup Cost": 2669336.48, "Total Cost": 2678234.59, "Plan Rows": 10, "Plan Width": 44, "Sort Key": ["(sum((lineitem.l_extendedprice * (1::double precision - lineitem.l_discount)))) DESC", "orders.o_orderdate"], "Plans": [{"Node Type": "Aggregate", "Strategy": "Hashed", "Parent Relationship": "Outer", "Startup Cost": 2556829.96, "Total Cost": 2592422.43, "Plan Rows": 3559247, "Plan Width": 44, "Group By Key": ["lineitem.l_orderkey", "orders.o_orderdate", "orders.o_shippriority"], "Plans": [{"Node Type": "Nested Loop", "Parent Relationship": "Outer", "Join Type": "Inner", "Startup Cost": 1369916.32, "Total Cost": 2503441.25, "Plan Rows": 3559247, "Plan Width": 36, "Inner Unique": false, "Plans": [{"Node Type": "Merge Join", "Parent Relationship": "Outer", "Join Type": "Inner", "Startup Cost": 1369916.32, "Total Cost": 1498896.92, "Plan Rows": 715772, "Plan Width": 20, "Inner Unique": false, "Merge Cond": "(customer.c_custkey = orders.o_custkey)", "Plans": [{"Node Type": "Index Scan", "Parent Relationship": "Outer", "Scan Direction": "Forward", "Index Name": "customer_pkey", "Relation Name": "customer", "Alias": "customer", "Startup Cost": 0.0, "Total Cost": 84515.36, "Plan Rows": 303948, "Plan Width": 8, "Filter": "(c_mktsegment = 'AUTOMOBILE'::bpchar), (LLVM Optimized)"}, {"Node Type": "Sort", "Parent Relationship": "Inner", "Startup Cost": 1369914.08, "Total Cost": 1388189.62, "Plan Rows": 7310217, "Plan Width": 28, "Sort Key": ["orders.o_custkey"], "Plans": [{"Node Type": "Bitmap Heap Scan", "Parent Relationship": "Outer", "Relation Name": "orders", "Alias": "orders", "Startup Cost": 168698.43, "Total Cost": 536495.14, "Plan Rows": 7310217, "Plan Width": 28, "Recheck Cond": "(o_orderdate < '1995-03-13 00:00:00'::timestamp(0) without time zone), (LLVM Optimized)", "Plans": [{"Node Type": "Bitmap Index Scan", "Parent Relationship": "Outer", "Index Name": "idx_orders_orderdate", "Startup Cost": 0.0, "Total Cost": 166870.88, "Plan Rows": 7310217, "Plan Width": 0, "Index Cond": "(o_orderdate < '1995-03-13 00:00:00'::timestamp(0) without time zone)"}]}]}]}, {"Node Type": "Index Scan", "Parent Relationship": "Inner", "Scan Direction": "Forward", "Index Name": "idx_lineitem_orderkey", "Relation Name": "lineitem", "Alias": "lineitem", "Startup Cost": 0.0, "Total Cost": 1.35, "Plan Rows": 5, "Plan Width": 24, "Index Cond": "(l_orderkey = orders.o_orderkey)", "Filter": "(l_shipdate > '1995-03-13 00:00:00'::timestamp(0) without time zone)"}]}]}]}]}, "Unique SQL Id": 3929762122, "Planner Runtime": 1}, "explain_analyze_plan": {"Plan": {"Node Type": "Limit", "Startup Cost": 2669336.48, "Total Cost": 2669336.5, "Plan Rows": 10, "Plan Width": 44, "Actual Startup Time": 30233.689, "Actual Total Time": 30233.693, "Actual Rows": 10, "Actual Loops": 1, "Plans": [{"Node Type": "Sort", "Parent Relationship": "Outer", "Startup Cost": 2669336.48, "Total Cost": 2678234.59, "Plan Rows": 10, "Plan Width": 44, "Actual Startup Time": 30233.687, "Actual Total Time": 30233.688, "Actual Rows": 10, "Actual Loops": 1, "Sort Key": ["(sum((lineitem.l_extendedprice * (1::double precision - lineitem.l_discount)))) DESC", "orders.o_orderdate"], "Sort Method": "top-N heapsort", "Sort Space Used": 26, "Sort Space Type": "Memory", "Plans": [{"Node Type": "Aggregate", "Strategy": "Hashed", "Parent Relationship": "Outer", "Startup Cost": 2556829.96, "Total Cost": 2592422.43, "Plan Rows": 3559247, "Plan Width": 44, "Actual Startup Time": 30151.164, "Actual Total Time": 30206.335, "Actual Rows": 113719, "Actual Loops": 1, "Group By Key": ["lineitem.l_orderkey", "orders.o_orderdate", "orders.o_shippriority"], "Plans": [{"Node Type": "Nested Loop", "Parent Relationship": "Outer", "Join Type": "Inner", "Startup Cost": 1369916.32, "Total Cost": 2503441.25, "Plan Rows": 3559247, "Plan Width": 36, "Actual Startup Time": 8791.66, "Actual Total Time": 29843.199, "Actual Rows": 300219, "Actual Loops": 1, "Inner Unique": false, "Plans": [{"Node Type": "Merge Join", "Parent Relationship": "Outer", "Join Type": "Inner", "Startup Cost": 1369916.32, "Total Cost": 1498896.92, "Plan Rows": 715772, "Plan Width": 20, "Actual Startup Time": 8791.367, "Actual Total Time": 13117.731, "Actual Rows": 1455173, "Actual Loops": 1, "Inner Unique": false, "Merge Cond": "(customer.c_custkey = orders.o_custkey)", "Plans": [{"Node Type": "Index Scan", "Parent Relationship": "Outer", "Scan Direction": "Forward", "Index Name": "customer_pkey", "Relation Name": "customer", "Alias": "customer", "Startup Cost": 0.0, "Total Cost": 84515.36, "Plan Rows": 303948, "Plan Width": 8, "Actual Startup Time": 0.06, "Actual Total Time": 1011.1, "Actual Rows": 300036, "Actual Loops": 1, "Filter": "(c_mktsegment = 'AUTOMOBILE'::bpchar), (LLVM Optimized, Jit Execute)", "Rows Removed by Filter": 1199964}, {"Node Type": "Sort", "Parent Relationship": "Inner", "Startup Cost": 1369914.08, "Total Cost": 1388189.62, "Plan Rows": 7310217, "Plan Width": 28, "Actual Startup Time": 8791.2, "Actual Total Time": 10691.523, "Actual Rows": 7276927, "Actual Loops": 1, "Sort Key": ["orders.o_custkey"], "Sort Method": "quicksort", "Sort Space Used": 878822, "Sort Space Type": "Memory", "Plans": [{"Node Type": "Bitmap Heap Scan", "Parent Relationship": "Outer", "Relation Name": "orders", "Alias": "orders", "Startup Cost": 168698.43, "Total Cost": 536495.14, "Plan Rows": 7310217, "Plan Width": 28, "Actual Startup Time": 1756.079, "Actual Total Time": 5658.571, "Actual Rows": 7276947, "Actual Loops": 1, "Recheck Cond": "(o_orderdate < '1995-03-13 00:00:00'::timestamp(0) without time zone), (LLVM Optimized, Jit Execute)", "Rows Removed by Index Recheck": 0, "Exact Heap Blocks": 276419, "Lossy Heap Blocks": 276419, "Plans": [{"Node Type": "Bitmap Index Scan", "Parent Relationship": "Outer", "Index Name": "idx_orders_orderdate", "Startup Cost": 0.0, "Total Cost": 166870.88, "Plan Rows": 7310217, "Plan Width": 0, "Actual Startup Time": 1651.94, "Actual Total Time": 1651.94, "Actual Rows": 7276947, "Actual Loops": 1, "Index Cond": "(o_orderdate < '1995-03-13 00:00:00'::timestamp(0) without time zone)"}]}]}]}, {"Node Type": "Index Scan", "Parent Relationship": "Inner", "Scan Direction": "Forward", "Index Name": "idx_lineitem_orderkey", "Relation Name": "lineitem", "Alias": "lineitem", "Startup Cost": 0.0, "Total Cost": 1.35, "Plan Rows": 5, "Plan Width": 24, "Actual Startup Time": 15612.478, "Actual Total Time": 15914.42, "Actual Rows": 300219, "Actual Loops": 1455173, "Index Cond": "(l_orderkey = orders.o_orderkey)", "Rows Removed by Index Recheck": 0, "Filter": "(l_shipdate > '1995-03-13 00:00:00'::timestamp(0) without time zone)", "Rows Removed by Filter": 5519788}]}]}]}]}, "Triggers": [], "Planner Runtime": 1.197, "Total Runtime": 30243.736, "Unique SQL Id": 3929762122}}, "(64, '86')": {"explain_plan": {"Plan": {"Node Type": "Limit", "Startup Cost": 4906248.04, "Total Cost": 4906248.06, "Plan Rows": 10, "Plan Width": 44, "Plans": [{"Node Type": "Sort", "Parent Relationship": "Outer", "Startup Cost": 4906248.04, "Total Cost": 4915146.16, "Plan Rows": 10, "Plan Width": 44, "Sort Key": ["(sum((lineitem.l_extendedprice * (1::double precision - lineitem.l_discount)))) DESC", "orders.o_orderdate"], "Plans": [{"Node Type": "Aggregate", "Strategy": "Hashed", "Parent Relationship": "Outer", "Startup Cost": 4793741.52, "Total Cost": 4829333.99, "Plan Rows": 3559247, "Plan Width": 44, "Group By Key": ["lineitem.l_orderkey", "orders.o_orderdate", "orders.o_shippriority"], "Plans": [{"Node Type": "Nested Loop", "Parent Relationship": "Outer", "Join Type": "Inner", "Startup Cost": 1380887.64, "Total Cost": 4740352.82, "Plan Rows": 3559247, "Plan Width": 36, "Inner Unique": false, "Plans": [{"Node Type": "Merge Join", "Parent Relationship": "Outer", "Join Type": "Inner", "Startup Cost": 1380887.19, "Total Cost": 1426114.5, "Plan Rows": 715772, "Plan Width": 20, "Inner Unique": false, "Merge Cond": "(customer.c_custkey = orders.o_custkey)", "Plans": [{"Node Type": "Sort", "Parent Relationship": "Outer", "Startup Cost": 83555.73, "Total Cost": 84315.6, "Plan Rows": 303948, "Plan Width": 8, "Sort Key": ["customer.c_custkey"], "Plans": [{"Node Type": "Seq Scan", "Parent Relationship": "Outer", "Relation Name": "customer", "Alias": "customer", "Startup Cost": 0.0, "Total Cost": 55876.0, "Plan Rows": 303948, "Plan Width": 8, "Filter": "(c_mktsegment = 'AUTOMOBILE'::bpchar), (LLVM Optimized)"}]}, {"Node Type": "Sort", "Parent Relationship": "Inner", "Startup Cost": 1297331.42, "Total Cost": 1315606.97, "Plan Rows": 7310217, "Plan Width": 28, "Sort Key": ["orders.o_custkey"], "Plans": [{"Node Type": "Seq Scan", "Parent Relationship": "Outer", "Relation Name": "orders", "Alias": "orders", "Startup Cost": 385.22, "Total Cost": 463912.49, "Plan Rows": 7310217, "Plan Width": 28, "Filter": "(o_orderdate < '1995-03-13 00:00:00'::timestamp(0) without time zone), (LLVM Optimized)"}]}]}, {"Node Type": "Bitmap Heap Scan", "Parent Relationship": "Inner", "Relation Name": "lineitem", "Alias": "lineitem", "Startup Cost": 0.45, "Total Cost": 4.58, "Plan Rows": 5, "Plan Width": 24, "Recheck Cond": "(l_orderkey = orders.o_orderkey)", "Filter": "(l_shipdate > '1995-03-13 00:00:00'::timestamp(0) without time zone)", "Plans": [{"Node Type": "Bitmap Index Scan", "Parent Relationship": "Outer", "Index Name": "idx_lineitem_orderkey", "Startup Cost": 0.0, "Total Cost": 0.44, "Plan Rows": 9, "Plan Width": 0, "Index Cond": "(l_orderkey = orders.o_orderkey)"}]}]}]}]}]}, "Unique SQL Id": 3929762122, "Planner Runtime": 1}, "explain_analyze_plan": {"Plan": {"Node Type": "Limit", "Startup Cost": 4906248.04, "Total Cost": 4906248.06, "Plan Rows": 10, "Plan Width": 44, "Actual Startup Time": 33422.771, "Actual Total Time": 33422.774, "Actual Rows": 10, "Actual Loops": 1, "Plans": [{"Node Type": "Sort", "Parent Relationship": "Outer", "Startup Cost": 4906248.04, "Total Cost": 4915146.16, "Plan Rows": 10, "Plan Width": 44, "Actual Startup Time": 33422.768, "Actual Total Time": 33422.768, "Actual Rows": 10, "Actual Loops": 1, "Sort Key": ["(sum((lineitem.l_extendedprice * (1::double precision - lineitem.l_discount)))) DESC", "orders.o_orderdate"], "Sort Method": "top-N heapsort", "Sort Space Used": 26, "Sort Space Type": "Memory", "Plans": [{"Node Type": "Aggregate", "Strategy": "Hashed", "Parent Relationship": "Outer", "Startup Cost": 4793741.52, "Total Cost": 4829333.99, "Plan Rows": 3559247, "Plan Width": 44, "Actual Startup Time": 33310.08, "Actual Total Time": 33395.021, "Actual Rows": 113719, "Actual Loops": 1, "Group By Key": ["lineitem.l_orderkey", "orders.o_orderdate", "orders.o_shippriority"], "Plans": [{"Node Type": "Nested Loop", "Parent Relationship": "Outer", "Join Type": "Inner", "Startup Cost": 1380887.64, "Total Cost": 4740352.82, "Plan Rows": 3559247, "Plan Width": 36, "Actual Startup Time": 9221.263, "Actual Total Time": 32974.792, "Actual Rows": 300219, "Actual Loops": 1, "Inner Unique": false, "Plans": [{"Node Type": "Merge Join", "Parent Relationship": "Outer", "Join Type": "Inner", "Startup Cost": 1380887.19, "Total Cost": 1426114.5, "Plan Rows": 715772, "Plan Width": 20, "Actual Startup Time": 9221.01, "Actual Total Time": 13093.37, "Actual Rows": 1455173, "Actual Loops": 1, "Inner Unique": false, "Merge Cond": "(customer.c_custkey = orders.o_custkey)", "Plans": [{"Node Type": "Sort", "Parent Relationship": "Outer", "Startup Cost": 83555.73, "Total Cost": 84315.6, "Plan Rows": 303948, "Plan Width": 8, "Actual Startup Time": 715.488, "Actual Total Time": 754.465, "Actual Rows": 300036, "Actual Loops": 1, "Sort Key": ["customer.c_custkey"], "Sort Method": "quicksort", "Sort Space Used": 31041, "Sort Space Type": "Memory", "Plans": [{"Node Type": "Seq Scan", "Parent Relationship": "Outer", "Relation Name": "customer", "Alias": "customer", "Startup Cost": 0.0, "Total Cost": 55876.0, "Plan Rows": 303948, "Plan Width": 8, "Actual Startup Time": 0.046, "Actual Total Time": 619.705, "Actual Rows": 300036, "Actual Loops": 1, "Filter": "(c_mktsegment = 'AUTOMOBILE'::bpchar), (LLVM Optimized, Jit Execute)", "Rows Removed by Filter": 1199964}]}, {"Node Type": "Sort", "Parent Relationship": "Inner", "Startup Cost": 1297331.42, "Total Cost": 1315606.97, "Plan Rows": 7310217, "Plan Width": 28, "Actual Startup Time": 8505.486, "Actual Total Time": 10874.226, "Actual Rows": 7276927, "Actual Loops": 1, "Sort Key": ["orders.o_custkey"], "Sort Method": "quicksort", "Sort Space Used": 878822, "Sort Space Type": "Memory", "Plans": [{"Node Type": "Seq Scan", "Parent Relationship": "Outer", "Relation Name": "orders", "Alias": "orders", "Startup Cost": 385.22, "Total Cost": 463912.49, "Plan Rows": 7310217, "Plan Width": 28, "Actual Startup Time": 0.049, "Actual Total Time": 5292.483, "Actual Rows": 7276947, "Actual Loops": 1, "Filter": "(o_orderdate < '1995-03-13 00:00:00'::timestamp(0) without time zone), (LLVM Optimized, Jit Execute)", "Rows Removed by Filter": 7723053}]}]}, {"Node Type": "Bitmap Heap Scan", "Parent Relationship": "Inner", "Relation Name": "lineitem", "Alias": "lineitem", "Startup Cost": 0.45, "Total Cost": 4.58, "Plan Rows": 5, "Plan Width": 24, "Actual Startup Time": 17972.988, "Actual Total Time": 18092.548, "Actual Rows": 300219, "Actual Loops": 1455173, "Recheck Cond": "(l_orderkey = orders.o_orderkey)", "Rows Removed by Index Recheck": 0, "Filter": "(l_shipdate > '1995-03-13 00:00:00'::timestamp(0) without time zone)", "Rows Removed by Filter": 5519788, "Exact Heap Blocks": 1558994, "Lossy Heap Blocks": 1558994, "Plans": [{"Node Type": "Bitmap Index Scan", "Parent Relationship": "Outer", "Index Name": "idx_lineitem_orderkey", "Startup Cost": 0.0, "Total Cost": 0.44, "Plan Rows": 9, "Plan Width": 0, "Actual Startup Time": 10154.676, "Actual Total Time": 10154.676, "Actual Rows": 5820007, "Actual Loops": 1455173, "Index Cond": "(l_orderkey = orders.o_orderkey)"}]}]}]}]}]}, "Triggers": [], "Planner Runtime": 1.164, "Total Runtime": 33432.305, "Unique SQL Id": 3929762122}}, "(64, '87')": {"explain_plan": {"Plan": {"Node Type": "Limit", "Startup Cost": 35345596.54, "Total Cost": 35345596.56, "Plan Rows": 10, "Plan Width": 44, "Plans": [{"Node Type": "Sort", "Parent Relationship": "Outer", "Startup Cost": 35345596.54, "Total Cost": 35354494.65, "Plan Rows": 10, "Plan Width": 44, "Sort Key": ["(sum((lineitem.l_extendedprice * (1::double precision - lineitem.l_discount)))) DESC", "orders.o_orderdate"], "Plans": [{"Node Type": "Aggregate", "Strategy": "Hashed", "Parent Relationship": "Outer", "Startup Cost": 35233090.02, "Total Cost": 35268682.49, "Plan Rows": 3559247, "Plan Width": 44, "Group By Key": ["lineitem.l_orderkey", "orders.o_orderdate", "orders.o_shippriority"], "Plans": [{"Node Type": "Nested Loop", "Parent Relationship": "Outer", "Join Type": "Inner", "Startup Cost": 168699.14, "Total Cost": 35179701.31, "Plan Rows": 3559247, "Plan Width": 36, "Inner Unique": false, "Plans": [{"Node Type": "Nested Loop", "Parent Relationship": "Outer", "Join Type": "Inner", "Startup Cost": 168698.69, "Total Cost": 31865463.0, "Plan Rows": 715772, "Plan Width": 20, "Inner Unique": true, "Plans": [{"Node Type": "Bitmap Heap Scan", "Parent Relationship": "Outer", "Relation Name": "orders", "Alias": "orders", "Startup Cost": 168698.43, "Total Cost": 536495.14, "Plan Rows": 7310217, "Plan Width": 28, "Recheck Cond": "(o_orderdate < '1995-03-13 00:00:00'::timestamp(0) without time zone), (LLVM Optimized)", "Plans": [{"Node Type": "Bitmap Index Scan", "Parent Relationship": "Outer", "Index Name": "idx_orders_orderdate", "Startup Cost": 0.0, "Total Cost": 166870.88, "Plan Rows": 7310217, "Plan Width": 0, "Index Cond": "(o_orderdate < '1995-03-13 00:00:00'::timestamp(0) without time zone)"}]}, {"Node Type": "Bitmap Heap Scan", "Parent Relationship": "Inner", "Relation Name": "customer", "Alias": "customer", "Startup Cost": 0.26, "Total Cost": 4.28, "Plan Rows": 1, "Plan Width": 8, "Recheck Cond": "(c_custkey = orders.o_custkey)", "Filter": "(c_mktsegment = 'AUTOMOBILE'::bpchar)", "Plans": [{"Node Type": "Bitmap Index Scan", "Parent Relationship": "Outer", "Index Name": "customer_pkey", "Startup Cost": 0.0, "Total Cost": 0.26, "Plan Rows": 1, "Plan Width": 0, "Index Cond": "(c_custkey = orders.o_custkey)"}]}]}, {"Node Type": "Bitmap Heap Scan", "Parent Relationship": "Inner", "Relation Name": "lineitem", "Alias": "lineitem", "Startup Cost": 0.45, "Total Cost": 4.58, "Plan Rows": 5, "Plan Width": 24, "Recheck Cond": "(l_orderkey = orders.o_orderkey)", "Filter": "(l_shipdate > '1995-03-13 00:00:00'::timestamp(0) without time zone)", "Plans": [{"Node Type": "Bitmap Index Scan", "Parent Relationship": "Outer", "Index Name": "idx_lineitem_orderkey", "Startup Cost": 0.0, "Total Cost": 0.44, "Plan Rows": 9, "Plan Width": 0, "Index Cond": "(l_orderkey = orders.o_orderkey)"}]}]}]}]}]}, "Unique SQL Id": 3929762122, "Planner Runtime": 1}, "explain_analyze_plan": null}, "(64, '88')": {"explain_plan": {"Plan": {"Node Type": "Limit", "Startup Cost": 2596753.82, "Total Cost": 2596753.85, "Plan Rows": 10, "Plan Width": 44, "Plans": [{"Node Type": "Sort", "Parent Relationship": "Outer", "Startup Cost": 2596753.82, "Total Cost": 2605651.94, "Plan Rows": 10, "Plan Width": 44, "Sort Key": ["(sum((lineitem.l_extendedprice * (1::double precision - lineitem.l_discount)))) DESC", "orders.o_orderdate"], "Plans": [{"Node Type": "Aggregate", "Strategy": "Hashed", "Parent Relationship": "Outer", "Startup Cost": 2484247.3, "Total Cost": 2519839.77, "Plan Rows": 3559247, "Plan Width": 44, "Group By Key": ["lineitem.l_orderkey", "orders.o_orderdate", "orders.o_shippriority"], "Plans": [{"Node Type": "Nested Loop", "Parent Relationship": "Outer", "Join Type": "Inner", "Startup Cost": 1297333.67, "Total Cost": 2430858.6, "Plan Rows": 3559247, "Plan Width": 36, "Inner Unique": false, "Plans": [{"Node Type": "Merge Join", "Parent Relationship": "Outer", "Join Type": "Inner", "Startup Cost": 1297333.67, "Total Cost": 1426314.26, "Plan Rows": 715772, "Plan Width": 20, "Inner Unique": false, "Merge Cond": "(customer.c_custkey = orders.o_custkey)", "Plans": [{"Node Type": "Index Scan", "Parent Relationship": "Outer", "Scan Direction": "Forward", "Index Name": "customer_pkey", "Relation Name": "customer", "Alias": "customer", "Startup Cost": 0.0, "Total Cost": 84515.36, "Plan Rows": 303948, "Plan Width": 8, "Filter": "(c_mktsegment = 'AUTOMOBILE'::bpchar), (LLVM Optimized)"}, {"Node Type": "Sort", "Parent Relationship": "Inner", "Startup Cost": 1297331.42, "Total Cost": 1315606.97, "Plan Rows": 7310217, "Plan Width": 28, "Sort Key": ["orders.o_custkey"], "Plans": [{"Node Type": "Seq Scan", "Parent Relationship": "Outer", "Relation Name": "orders", "Alias": "orders", "Startup Cost": 385.22, "Total Cost": 463912.49, "Plan Rows": 7310217, "Plan Width": 28, "Filter": "(o_orderdate < '1995-03-13 00:00:00'::timestamp(0) without time zone), (LLVM Optimized)"}]}]}, {"Node Type": "Index Scan", "Parent Relationship": "Inner", "Scan Direction": "Forward", "Index Name": "idx_lineitem_orderkey", "Relation Name": "lineitem", "Alias": "lineitem", "Startup Cost": 0.0, "Total Cost": 1.35, "Plan Rows": 5, "Plan Width": 24, "Index Cond": "(l_orderkey = orders.o_orderkey)", "Filter": "(l_shipdate > '1995-03-13 00:00:00'::timestamp(0) without time zone)"}]}]}]}]}, "Unique SQL Id": 3929762122, "Planner Runtime": 1}, "explain_analyze_plan": {"Plan": {"Node Type": "Limit", "Startup Cost": 2596753.82, "Total Cost": 2596753.85, "Plan Rows": 10, "Plan Width": 44, "Actual Startup Time": 30552.651, "Actual Total Time": 30552.653, "Actual Rows": 10, "Actual Loops": 1, "Plans": [{"Node Type": "Sort", "Parent Relationship": "Outer", "Startup Cost": 2596753.82, "Total Cost": 2605651.94, "Plan Rows": 10, "Plan Width": 44, "Actual Startup Time": 30552.648, "Actual Total Time": 30552.649, "Actual Rows": 10, "Actual Loops": 1, "Sort Key": ["(sum((lineitem.l_extendedprice * (1::double precision - lineitem.l_discount)))) DESC", "orders.o_orderdate"], "Sort Method": "top-N heapsort", "Sort Space Used": 26, "Sort Space Type": "Memory", "Plans": [{"Node Type": "Aggregate", "Strategy": "Hashed", "Parent Relationship": "Outer", "Startup Cost": 2484247.3, "Total Cost": 2519839.77, "Plan Rows": 3559247, "Plan Width": 44, "Actual Startup Time": 30469.419, "Actual Total Time": 30525.434, "Actual Rows": 113719, "Actual Loops": 1, "Group By Key": ["lineitem.l_orderkey", "orders.o_orderdate", "orders.o_shippriority"], "Plans": [{"Node Type": "Nested Loop", "Parent Relationship": "Outer", "Join Type": "Inner", "Startup Cost": 1297333.67, "Total Cost": 2430858.6, "Plan Rows": 3559247, "Plan Width": 36, "Actual Startup Time": 8390.966, "Actual Total Time": 30146.882, "Actual Rows": 300219, "Actual Loops": 1, "Inner Unique": false, "Plans": [{"Node Type": "Merge Join", "Parent Relationship": "Outer", "Join Type": "Inner", "Startup Cost": 1297333.67, "Total Cost": 1426314.26, "Plan Rows": 715772, "Plan Width": 20, "Actual Startup Time": 8390.676, "Actual Total Time": 13017.008, "Actual Rows": 1455173, "Actual Loops": 1, "Inner Unique": false, "Merge Cond": "(customer.c_custkey = orders.o_custkey)", "Plans": [{"Node Type": "Index Scan", "Parent Relationship": "Outer", "Scan Direction": "Forward", "Index Name": "customer_pkey", "Relation Name": "customer", "Alias": "customer", "Startup Cost": 0.0, "Total Cost": 84515.36, "Plan Rows": 303948, "Plan Width": 8, "Actual Startup Time": 0.073, "Actual Total Time": 1075.531, "Actual Rows": 300036, "Actual Loops": 1, "Filter": "(c_mktsegment = 'AUTOMOBILE'::bpchar), (LLVM Optimized, Jit Execute)", "Rows Removed by Filter": 1199964}, {"Node Type": "Sort", "Parent Relationship": "Inner", "Startup Cost": 1297331.42, "Total Cost": 1315606.97, "Plan Rows": 7310217, "Plan Width": 28, "Actual Startup Time": 8390.557, "Actual Total Time": 10529.622, "Actual Rows": 7276927, "Actual Loops": 1, "Sort Key": ["orders.o_custkey"], "Sort Method": "quicksort", "Sort Space Used": 878822, "Sort Space Type": "Memory", "Plans": [{"Node Type": "Seq Scan", "Parent Relationship": "Outer", "Relation Name": "orders", "Alias": "orders", "Startup Cost": 385.22, "Total Cost": 463912.49, "Plan Rows": 7310217, "Plan Width": 28, "Actual Startup Time": 0.034, "Actual Total Time": 5236.104, "Actual Rows": 7276947, "Actual Loops": 1, "Filter": "(o_orderdate < '1995-03-13 00:00:00'::timestamp(0) without time zone), (LLVM Optimized, Jit Execute)", "Rows Removed by Filter": 7723053}]}]}, {"Node Type": "Index Scan", "Parent Relationship": "Inner", "Scan Direction": "Forward", "Index Name": "idx_lineitem_orderkey", "Relation Name": "lineitem", "Alias": "lineitem", "Startup Cost": 0.0, "Total Cost": 1.35, "Plan Rows": 5, "Plan Width": 24, "Actual Startup Time": 15997.153, "Actual Total Time": 16295.407, "Actual Rows": 300219, "Actual Loops": 1455173, "Index Cond": "(l_orderkey = orders.o_orderkey)", "Rows Removed by Index Recheck": 0, "Filter": "(l_shipdate > '1995-03-13 00:00:00'::timestamp(0) without time zone)", "Rows Removed by Filter": 5519788}]}]}]}]}, "Triggers": [], "Planner Runtime": 1.154, "Total Runtime": 30562.22, "Unique SQL Id": 3929762122}}, "(64, '89')": {"explain_plan": {"Plan": {"Node Type": "Limit", "Startup Cost": 2699912.01, "Total Cost": 2699912.03, "Plan Rows": 10, "Plan Width": 44, "Plans": [{"Node Type": "Sort", "Parent Relationship": "Outer", "Startup Cost": 2699912.01, "Total Cost": 2708810.13, "Plan Rows": 10, "Plan Width": 44, "Sort Key": ["(sum((lineitem.l_extendedprice * (1::double precision - lineitem.l_discount)))) DESC", "orders.o_orderdate"], "Plans": [{"Node Type": "Aggregate", "Strategy": "Hashed", "Parent Relationship": "Outer", "Startup Cost": 2587405.49, "Total Cost": 2622997.96, "Plan Rows": 3559247, "Plan Width": 44, "Group By Key": ["lineitem.l_orderkey", "orders.o_orderdate", "orders.o_shippriority"], "Plans": [{"Node Type": "Nested Loop", "Parent Relationship": "Outer", "Join Type": "Inner", "Startup Cost": 0.0, "Total Cost": 2534016.78, "Plan Rows": 3559247, "Plan Width": 36, "Inner Unique": false, "Plans": [{"Node Type": "Nested Loop", "Parent Relationship": "Outer", "Join Type": "Inner", "Startup Cost": 0.0, "Total Cost": 1529472.45, "Plan Rows": 715772, "Plan Width": 20, "Inner Unique": false, "Plans": [{"Node Type": "Index Scan", "Parent Relationship": "Outer", "Scan Direction": "Forward", "Index Name": "customer_pkey", "Relation Name": "customer", "Alias": "customer", "Startup Cost": 0.0, "Total Cost": 84515.36, "Plan Rows": 303948, "Plan Width": 8, "Filter": "(c_mktsegment = 'AUTOMOBILE'::bpchar), (LLVM Optimized)"}, {"Node Type": "Index Scan", "Parent Relationship": "Inner", "Scan Direction": "Forward", "Index Name": "idx_orders_custkey", "Relation Name": "orders", "Alias": "orders", "Startup Cost": 0.0, "Total Cost": 4.73, "Plan Rows": 2, "Plan Width": 28, "Index Cond": "(o_custkey = customer.c_custkey)", "Filter": "(o_orderdate < '1995-03-13 00:00:00'::timestamp(0) without time zone)"}]}, {"Node Type": "Index Scan", "Parent Relationship": "Inner", "Scan Direction": "Forward", "Index Name": "idx_lineitem_orderkey", "Relation Name": "lineitem", "Alias": "lineitem", "Startup Cost": 0.0, "Total Cost": 1.35, "Plan Rows": 5, "Plan Width": 24, "Index Cond": "(l_orderkey = orders.o_orderkey)", "Filter": "(l_shipdate > '1995-03-13 00:00:00'::timestamp(0) without time zone)"}]}]}]}]}, "Unique SQL Id": 3929762122, "Planner Runtime": 1}, "explain_analyze_plan": {"Plan": {"Node Type": "Limit", "Startup Cost": 2699912.01, "Total Cost": 2699912.03, "Plan Rows": 10, "Plan Width": 44, "Actual Startup Time": 26685.581, "Actual Total Time": 26685.584, "Actual Rows": 10, "Actual Loops": 1, "Plans": [{"Node Type": "Sort", "Parent Relationship": "Outer", "Startup Cost": 2699912.01, "Total Cost": 2708810.13, "Plan Rows": 10, "Plan Width": 44, "Actual Startup Time": 26685.578, "Actual Total Time": 26685.58, "Actual Rows": 10, "Actual Loops": 1, "Sort Key": ["(sum((lineitem.l_extendedprice * (1::double precision - lineitem.l_discount)))) DESC", "orders.o_orderdate"], "Sort Method": "top-N heapsort", "Sort Space Used": 26, "Sort Space Type": "Memory", "Plans": [{"Node Type": "Aggregate", "Strategy": "Hashed", "Parent Relationship": "Outer", "Startup Cost": 2587405.49, "Total Cost": 2622997.96, "Plan Rows": 3559247, "Plan Width": 44, "Actual Startup Time": 26602.076, "Actual Total Time": 26658.408, "Actual Rows": 113719, "Actual Loops": 1, "Group By Key": ["lineitem.l_orderkey", "orders.o_orderdate", "orders.o_shippriority"], "Plans": [{"Node Type": "Nested Loop", "Parent Relationship": "Outer", "Join Type": "Inner", "Startup Cost": 0.0, "Total Cost": 2534016.78, "Plan Rows": 3559247, "Plan Width": 36, "Actual Startup Time": 0.213, "Actual Total Time": 26263.183, "Actual Rows": 300219, "Actual Loops": 1, "Inner Unique": false, "Plans": [{"Node Type": "Nested Loop", "Parent Relationship": "Outer", "Join Type": "Inner", "Startup Cost": 0.0, "Total Cost": 1529472.45, "Plan Rows": 715772, "Plan Width": 20, "Actual Startup Time": 0.08, "Actual Total Time": 9128.536, "Actual Rows": 1455173, "Actual Loops": 1, "Inner Unique": false, "Plans": [{"Node Type": "Index Scan", "Parent Relationship": "Outer", "Scan Direction": "Forward", "Index Name": "customer_pkey", "Relation Name": "customer", "Alias": "customer", "Startup Cost": 0.0, "Total Cost": 84515.36, "Plan Rows": 303948, "Plan Width": 8, "Actual Startup Time": 0.053, "Actual Total Time": 1062.354, "Actual Rows": 300036, "Actual Loops": 1, "Filter": "(c_mktsegment = 'AUTOMOBILE'::bpchar), (LLVM Optimized, Jit Execute)", "Rows Removed by Filter": 1199964}, {"Node Type": "Index Scan", "Parent Relationship": "Inner", "Scan Direction": "Forward", "Index Name": "idx_orders_custkey", "Relation Name": "orders", "Alias": "orders", "Startup Cost": 0.0, "Total Cost": 4.73, "Plan Rows": 2, "Plan Width": 28, "Actual Startup Time": 1928.711, "Actual Total Time": 7530.701, "Actual Rows": 1455173, "Actual Loops": 300036, "Index Cond": "(o_custkey = customer.c_custkey)", "Rows Removed by Index Recheck": 0, "Filter": "(o_orderdate < '1995-03-13 00:00:00'::timestamp(0) without time zone)", "Rows Removed by Filter": 1545367}]}, {"Node Type": "Index Scan", "Parent Relationship": "Inner", "Scan Direction": "Forward", "Index Name": "idx_lineitem_orderkey", "Relation Name": "lineitem", "Alias": "lineitem", "Startup Cost": 0.0, "Total Cost": 1.35, "Plan Rows": 5, "Plan Width": 24, "Actual Startup Time": 16010.7, "Actual Total Time": 16309.937, "Actual Rows": 300219, "Actual Loops": 1455173, "Index Cond": "(l_orderkey = orders.o_orderkey)", "Rows Removed by Index Recheck": 0, "Filter": "(l_shipdate > '1995-03-13 00:00:00'::timestamp(0) without time zone)", "Rows Removed by Filter": 5519788}]}]}]}]}, "Triggers": [], "Planner Runtime": 1.117, "Total Runtime": 26695.09, "Unique SQL Id": 3929762122}}, "(64, '90')": {"explain_plan": {"Plan": {"Node Type": "Limit", "Startup Cost": 8099438.49, "Total Cost": 8099438.52, "Plan Rows": 10, "Plan Width": 44, "Plans": [{"Node Type": "Sort", "Parent Relationship": "Outer", "Startup Cost": 8099438.49, "Total Cost": 8108336.61, "Plan Rows": 10, "Plan Width": 44, "Sort Key": ["(sum((lineitem.l_extendedprice * (1::double precision - lineitem.l_discount)))) DESC", "orders.o_orderdate"], "Plans": [{"Node Type": "Aggregate", "Strategy": "Hashed", "Parent Relationship": "Outer", "Startup Cost": 7986931.98, "Total Cost": 8022524.45, "Plan Rows": 3559247, "Plan Width": 44, "Group By Key": ["lineitem.l_orderkey", "orders.o_orderdate", "orders.o_shippriority"], "Plans": [{"Node Type": "Merge Join", "Parent Relationship": "Outer", "Join Type": "Inner", "Startup Cost": 7731288.7, "Total Cost": 7933543.27, "Plan Rows": 3559247, "Plan Width": 36, "Inner Unique": false, "Merge Cond": "(orders.o_orderkey = lineitem.l_orderkey)", "Plans": [{"Node Type": "Sort", "Parent Relationship": "Outer", "Startup Cost": 1495720.26, "Total Cost": 1497509.69, "Plan Rows": 715772, "Plan Width": 20, "Sort Key": ["orders.o_orderkey"], "Plans": [{"Node Type": "Merge Join", "Parent Relationship": "Outer", "Join Type": "Inner", "Startup Cost": 1380887.19, "Total Cost": 1426114.5, "Plan Rows": 715772, "Plan Width": 20, "Inner Unique": false, "Merge Cond": "(customer.c_custkey = orders.o_custkey)", "Plans": [{"Node Type": "Sort", "Parent Relationship": "Outer", "Startup Cost": 83555.73, "Total Cost": 84315.6, "Plan Rows": 303948, "Plan Width": 8, "Sort Key": ["customer.c_custkey"], "Plans": [{"Node Type": "Seq Scan", "Parent Relationship": "Outer", "Relation Name": "customer", "Alias": "customer", "Startup Cost": 0.0, "Total Cost": 55876.0, "Plan Rows": 303948, "Plan Width": 8, "Filter": "(c_mktsegment = 'AUTOMOBILE'::bpchar), (LLVM Optimized)"}]}, {"Node Type": "Sort", "Parent Relationship": "Inner", "Startup Cost": 1297331.42, "Total Cost": 1315606.97, "Plan Rows": 7310217, "Plan Width": 28, "Sort Key": ["orders.o_custkey"], "Plans": [{"Node Type": "Seq Scan", "Parent Relationship": "Outer", "Relation Name": "orders", "Alias": "orders", "Startup Cost": 385.22, "Total Cost": 463912.49, "Plan Rows": 7310217, "Plan Width": 28, "Filter": "(o_orderdate < '1995-03-13 00:00:00'::timestamp(0) without time zone), (LLVM Optimized)"}]}]}]}, {"Node Type": "Sort", "Parent Relationship": "Inner", "Startup Cost": 6235568.32, "Total Cost": 6317111.33, "Plan Rows": 32617206, "Plan Width": 24, "Sort Key": ["lineitem.l_orderkey"], "Plans": [{"Node Type": "Seq Scan", "Parent Relationship": "Outer", "Relation Name": "lineitem", "Alias": "lineitem", "Startup Cost": 0.0, "Total Cost": 2165082.91, "Plan Rows": 32617206, "Plan Width": 24, "Filter": "(l_shipdate > '1995-03-13 00:00:00'::timestamp(0) without time zone), (LLVM Optimized)"}]}]}]}]}]}, "Unique SQL Id": 3929762122, "Planner Runtime": 1}, "explain_analyze_plan": null}, "(64, '91')": {"explain_plan": {"Plan": {"Node Type": "Limit", "Startup Cost": 3000459122385.72, "Total Cost": 3000459122385.74, "Plan Rows": 10, "Plan Width": 44, "Plans": [{"Node Type": "Sort", "Parent Relationship": "Outer", "Startup Cost": 3000459122385.72, "Total Cost": 3000459131283.84, "Plan Rows": 10, "Plan Width": 44, "Sort Key": ["(sum((lineitem.l_extendedprice * (1::double precision - lineitem.l_discount)))) DESC", "orders.o_orderdate"], "Plans": [{"Node Type": "Aggregate", "Strategy": "Hashed", "Parent Relationship": "Outer", "Startup Cost": 3000459009879.2, "Total Cost": 3000459045471.67, "Plan Rows": 3559247, "Plan Width": 44, "Group By Key": ["lineitem.l_orderkey", "orders.o_orderdate", "orders.o_shippriority"], "Plans": [{"Node Type": "Merge Join", "Parent Relationship": "Outer", "Join Type": "Inner", "Startup Cost": 2010135976480.1, "Total Cost": 3000458956490.5, "Plan Rows": 3559247, "Plan Width": 36, "Inner Unique": false, "Merge Cond": "(orders.o_orderkey = lineitem.l_orderkey)", "Plans": [{"Node Type": "Sort", "Parent Relationship": "Outer", "Startup Cost": 2000135976479.97, "Total Cost": 2000135978269.4, "Plan Rows": 715772, "Plan Width": 20, "Sort Key": ["orders.o_orderkey"], "Plans": [{"Node Type": "Merge Join", "Parent Relationship": "Outer", "Join Type": "Inner", "Startup Cost": 20026057311.18, "Total Cost": 2000135906874.22, "Plan Rows": 715772, "Plan Width": 20, "Inner Unique": false, "Merge Cond": "(customer.c_custkey = orders.o_custkey)", "Plans": [{"Node Type": "Index Scan", "Parent Relationship": "Outer", "Scan Direction": "Forward", "Index Name": "customer_pkey", "Relation Name": "customer", "Alias": "customer", "Startup Cost": 10000000000.0, "Total Cost": 1000008451535.62, "Plan Rows": 303948, "Plan Width": 8, "Filter": "(c_mktsegment = 'AUTOMOBILE'::bpchar), (LLVM Optimized)"}, {"Node Type": "Index Scan", "Parent Relationship": "Inner", "Scan Direction": "Forward", "Index Name": "idx_orders_custkey", "Relation Name": "orders", "Alias": "orders", "Startup Cost": 10000000000.0, "Total Cost": 1000159801398.83, "Plan Rows": 7310217, "Plan Width": 28, "Filter": "(o_orderdate < '1995-03-13 00:00:00'::timestamp(0) without time zone), (LLVM Optimized)"}]}]}, {"Node Type": "Index Scan", "Parent Relationship": "Inner", "Scan Direction": "Forward", "Index Name": "idx_lineitem_orderkey", "Relation Name": "lineitem", "Alias": "lineitem", "Startup Cost": 10000000000.0, "Total Cost": 1000339012132.75, "Plan Rows": 32617206, "Plan Width": 24, "Filter": "(l_shipdate > '1995-03-13 00:00:00'::timestamp(0) without time zone), (LLVM Optimized)"}]}]}]}]}, "Unique SQL Id": 3929762122, "Planner Runtime": 1}, "explain_analyze_plan": null}, "(64, '92')": {"explain_plan": {"Plan": {"Node Type": "Limit", "Startup Cost": 2596753.82, "Total Cost": 2596753.85, "Plan Rows": 10, "Plan Width": 44, "Plans": [{"Node Type": "Sort", "Parent Relationship": "Outer", "Startup Cost": 2596753.82, "Total Cost": 2605651.94, "Plan Rows": 10, "Plan Width": 44, "Sort Key": ["(sum((lineitem.l_extendedprice * (1::double precision - lineitem.l_discount)))) DESC", "orders.o_orderdate"], "Plans": [{"Node Type": "Aggregate", "Strategy": "Hashed", "Parent Relationship": "Outer", "Startup Cost": 2484247.3, "Total Cost": 2519839.77, "Plan Rows": 3559247, "Plan Width": 44, "Group By Key": ["lineitem.l_orderkey", "orders.o_orderdate", "orders.o_shippriority"], "Plans": [{"Node Type": "Nested Loop", "Parent Relationship": "Outer", "Join Type": "Inner", "Startup Cost": 1297333.67, "Total Cost": 2430858.6, "Plan Rows": 3559247, "Plan Width": 36, "Inner Unique": false, "Plans": [{"Node Type": "Merge Join", "Parent Relationship": "Outer", "Join Type": "Inner", "Startup Cost": 1297333.67, "Total Cost": 1426314.26, "Plan Rows": 715772, "Plan Width": 20, "Inner Unique": false, "Merge Cond": "(customer.c_custkey = orders.o_custkey)", "Plans": [{"Node Type": "Index Scan", "Parent Relationship": "Outer", "Scan Direction": "Forward", "Index Name": "customer_pkey", "Relation Name": "customer", "Alias": "customer", "Startup Cost": 0.0, "Total Cost": 84515.36, "Plan Rows": 303948, "Plan Width": 8, "Filter": "(c_mktsegment = 'AUTOMOBILE'::bpchar), (LLVM Optimized)"}, {"Node Type": "Sort", "Parent Relationship": "Inner", "Startup Cost": 1297331.42, "Total Cost": 1315606.97, "Plan Rows": 7310217, "Plan Width": 28, "Sort Key": ["orders.o_custkey"], "Plans": [{"Node Type": "Seq Scan", "Parent Relationship": "Outer", "Relation Name": "orders", "Alias": "orders", "Startup Cost": 385.22, "Total Cost": 463912.49, "Plan Rows": 7310217, "Plan Width": 28, "Filter": "(o_orderdate < '1995-03-13 00:00:00'::timestamp(0) without time zone), (LLVM Optimized)"}]}]}, {"Node Type": "Index Scan", "Parent Relationship": "Inner", "Scan Direction": "Forward", "Index Name": "idx_lineitem_orderkey", "Relation Name": "lineitem", "Alias": "lineitem", "Startup Cost": 0.0, "Total Cost": 1.35, "Plan Rows": 5, "Plan Width": 24, "Index Cond": "(l_orderkey = orders.o_orderkey)", "Filter": "(l_shipdate > '1995-03-13 00:00:00'::timestamp(0) without time zone)"}]}]}]}]}, "Unique SQL Id": 3929762122, "Planner Runtime": 1}, "explain_analyze_plan": {"Plan": {"Node Type": "Limit", "Startup Cost": 2596753.82, "Total Cost": 2596753.85, "Plan Rows": 10, "Plan Width": 44, "Actual Startup Time": 30552.651, "Actual Total Time": 30552.653, "Actual Rows": 10, "Actual Loops": 1, "Plans": [{"Node Type": "Sort", "Parent Relationship": "Outer", "Startup Cost": 2596753.82, "Total Cost": 2605651.94, "Plan Rows": 10, "Plan Width": 44, "Actual Startup Time": 30552.648, "Actual Total Time": 30552.649, "Actual Rows": 10, "Actual Loops": 1, "Sort Key": ["(sum((lineitem.l_extendedprice * (1::double precision - lineitem.l_discount)))) DESC", "orders.o_orderdate"], "Sort Method": "top-N heapsort", "Sort Space Used": 26, "Sort Space Type": "Memory", "Plans": [{"Node Type": "Aggregate", "Strategy": "Hashed", "Parent Relationship": "Outer", "Startup Cost": 2484247.3, "Total Cost": 2519839.77, "Plan Rows": 3559247, "Plan Width": 44, "Actual Startup Time": 30469.419, "Actual Total Time": 30525.434, "Actual Rows": 113719, "Actual Loops": 1, "Group By Key": ["lineitem.l_orderkey", "orders.o_orderdate", "orders.o_shippriority"], "Plans": [{"Node Type": "Nested Loop", "Parent Relationship": "Outer", "Join Type": "Inner", "Startup Cost": 1297333.67, "Total Cost": 2430858.6, "Plan Rows": 3559247, "Plan Width": 36, "Actual Startup Time": 8390.966, "Actual Total Time": 30146.882, "Actual Rows": 300219, "Actual Loops": 1, "Inner Unique": false, "Plans": [{"Node Type": "Merge Join", "Parent Relationship": "Outer", "Join Type": "Inner", "Startup Cost": 1297333.67, "Total Cost": 1426314.26, "Plan Rows": 715772, "Plan Width": 20, "Actual Startup Time": 8390.676, "Actual Total Time": 13017.008, "Actual Rows": 1455173, "Actual Loops": 1, "Inner Unique": false, "Merge Cond": "(customer.c_custkey = orders.o_custkey)", "Plans": [{"Node Type": "Index Scan", "Parent Relationship": "Outer", "Scan Direction": "Forward", "Index Name": "customer_pkey", "Relation Name": "customer", "Alias": "customer", "Startup Cost": 0.0, "Total Cost": 84515.36, "Plan Rows": 303948, "Plan Width": 8, "Actual Startup Time": 0.073, "Actual Total Time": 1075.531, "Actual Rows": 300036, "Actual Loops": 1, "Filter": "(c_mktsegment = 'AUTOMOBILE'::bpchar), (LLVM Optimized, Jit Execute)", "Rows Removed by Filter": 1199964}, {"Node Type": "Sort", "Parent Relationship": "Inner", "Startup Cost": 1297331.42, "Total Cost": 1315606.97, "Plan Rows": 7310217, "Plan Width": 28, "Actual Startup Time": 8390.557, "Actual Total Time": 10529.622, "Actual Rows": 7276927, "Actual Loops": 1, "Sort Key": ["orders.o_custkey"], "Sort Method": "quicksort", "Sort Space Used": 878822, "Sort Space Type": "Memory", "Plans": [{"Node Type": "Seq Scan", "Parent Relationship": "Outer", "Relation Name": "orders", "Alias": "orders", "Startup Cost": 385.22, "Total Cost": 463912.49, "Plan Rows": 7310217, "Plan Width": 28, "Actual Startup Time": 0.034, "Actual Total Time": 5236.104, "Actual Rows": 7276947, "Actual Loops": 1, "Filter": "(o_orderdate < '1995-03-13 00:00:00'::timestamp(0) without time zone), (LLVM Optimized, Jit Execute)", "Rows Removed by Filter": 7723053}]}]}, {"Node Type": "Index Scan", "Parent Relationship": "Inner", "Scan Direction": "Forward", "Index Name": "idx_lineitem_orderkey", "Relation Name": "lineitem", "Alias": "lineitem", "Startup Cost": 0.0, "Total Cost": 1.35, "Plan Rows": 5, "Plan Width": 24, "Actual Startup Time": 15997.153, "Actual Total Time": 16295.407, "Actual Rows": 300219, "Actual Loops": 1455173, "Index Cond": "(l_orderkey = orders.o_orderkey)", "Rows Removed by Index Recheck": 0, "Filter": "(l_shipdate > '1995-03-13 00:00:00'::timestamp(0) without time zone)", "Rows Removed by Filter": 5519788}]}]}]}]}, "Triggers": [], "Planner Runtime": 1.154, "Total Runtime": 30562.22, "Unique SQL Id": 3929762122}}, "(64, '93')": {"explain_plan": {"Plan": {"Node Type": "Limit", "Startup Cost": 2699912.01, "Total Cost": 2699912.03, "Plan Rows": 10, "Plan Width": 44, "Plans": [{"Node Type": "Sort", "Parent Relationship": "Outer", "Startup Cost": 2699912.01, "Total Cost": 2708810.13, "Plan Rows": 10, "Plan Width": 44, "Sort Key": ["(sum((lineitem.l_extendedprice * (1::double precision - lineitem.l_discount)))) DESC", "orders.o_orderdate"], "Plans": [{"Node Type": "Aggregate", "Strategy": "Hashed", "Parent Relationship": "Outer", "Startup Cost": 2587405.49, "Total Cost": 2622997.96, "Plan Rows": 3559247, "Plan Width": 44, "Group By Key": ["lineitem.l_orderkey", "orders.o_orderdate", "orders.o_shippriority"], "Plans": [{"Node Type": "Nested Loop", "Parent Relationship": "Outer", "Join Type": "Inner", "Startup Cost": 0.0, "Total Cost": 2534016.78, "Plan Rows": 3559247, "Plan Width": 36, "Inner Unique": false, "Plans": [{"Node Type": "Nested Loop", "Parent Relationship": "Outer", "Join Type": "Inner", "Startup Cost": 0.0, "Total Cost": 1529472.45, "Plan Rows": 715772, "Plan Width": 20, "Inner Unique": false, "Plans": [{"Node Type": "Index Scan", "Parent Relationship": "Outer", "Scan Direction": "Forward", "Index Name": "customer_pkey", "Relation Name": "customer", "Alias": "customer", "Startup Cost": 0.0, "Total Cost": 84515.36, "Plan Rows": 303948, "Plan Width": 8, "Filter": "(c_mktsegment = 'AUTOMOBILE'::bpchar), (LLVM Optimized)"}, {"Node Type": "Index Scan", "Parent Relationship": "Inner", "Scan Direction": "Forward", "Index Name": "idx_orders_custkey", "Relation Name": "orders", "Alias": "orders", "Startup Cost": 0.0, "Total Cost": 4.73, "Plan Rows": 2, "Plan Width": 28, "Index Cond": "(o_custkey = customer.c_custkey)", "Filter": "(o_orderdate < '1995-03-13 00:00:00'::timestamp(0) without time zone)"}]}, {"Node Type": "Index Scan", "Parent Relationship": "Inner", "Scan Direction": "Forward", "Index Name": "idx_lineitem_orderkey", "Relation Name": "lineitem", "Alias": "lineitem", "Startup Cost": 0.0, "Total Cost": 1.35, "Plan Rows": 5, "Plan Width": 24, "Index Cond": "(l_orderkey = orders.o_orderkey)", "Filter": "(l_shipdate > '1995-03-13 00:00:00'::timestamp(0) without time zone)"}]}]}]}]}, "Unique SQL Id": 3929762122, "Planner Runtime": 1}, "explain_analyze_plan": {"Plan": {"Node Type": "Limit", "Startup Cost": 2699912.01, "Total Cost": 2699912.03, "Plan Rows": 10, "Plan Width": 44, "Actual Startup Time": 26685.581, "Actual Total Time": 26685.584, "Actual Rows": 10, "Actual Loops": 1, "Plans": [{"Node Type": "Sort", "Parent Relationship": "Outer", "Startup Cost": 2699912.01, "Total Cost": 2708810.13, "Plan Rows": 10, "Plan Width": 44, "Actual Startup Time": 26685.578, "Actual Total Time": 26685.58, "Actual Rows": 10, "Actual Loops": 1, "Sort Key": ["(sum((lineitem.l_extendedprice * (1::double precision - lineitem.l_discount)))) DESC", "orders.o_orderdate"], "Sort Method": "top-N heapsort", "Sort Space Used": 26, "Sort Space Type": "Memory", "Plans": [{"Node Type": "Aggregate", "Strategy": "Hashed", "Parent Relationship": "Outer", "Startup Cost": 2587405.49, "Total Cost": 2622997.96, "Plan Rows": 3559247, "Plan Width": 44, "Actual Startup Time": 26602.076, "Actual Total Time": 26658.408, "Actual Rows": 113719, "Actual Loops": 1, "Group By Key": ["lineitem.l_orderkey", "orders.o_orderdate", "orders.o_shippriority"], "Plans": [{"Node Type": "Nested Loop", "Parent Relationship": "Outer", "Join Type": "Inner", "Startup Cost": 0.0, "Total Cost": 2534016.78, "Plan Rows": 3559247, "Plan Width": 36, "Actual Startup Time": 0.213, "Actual Total Time": 26263.183, "Actual Rows": 300219, "Actual Loops": 1, "Inner Unique": false, "Plans": [{"Node Type": "Nested Loop", "Parent Relationship": "Outer", "Join Type": "Inner", "Startup Cost": 0.0, "Total Cost": 1529472.45, "Plan Rows": 715772, "Plan Width": 20, "Actual Startup Time": 0.08, "Actual Total Time": 9128.536, "Actual Rows": 1455173, "Actual Loops": 1, "Inner Unique": false, "Plans": [{"Node Type": "Index Scan", "Parent Relationship": "Outer", "Scan Direction": "Forward", "Index Name": "customer_pkey", "Relation Name": "customer", "Alias": "customer", "Startup Cost": 0.0, "Total Cost": 84515.36, "Plan Rows": 303948, "Plan Width": 8, "Actual Startup Time": 0.053, "Actual Total Time": 1062.354, "Actual Rows": 300036, "Actual Loops": 1, "Filter": "(c_mktsegment = 'AUTOMOBILE'::bpchar), (LLVM Optimized, Jit Execute)", "Rows Removed by Filter": 1199964}, {"Node Type": "Index Scan", "Parent Relationship": "Inner", "Scan Direction": "Forward", "Index Name": "idx_orders_custkey", "Relation Name": "orders", "Alias": "orders", "Startup Cost": 0.0, "Total Cost": 4.73, "Plan Rows": 2, "Plan Width": 28, "Actual Startup Time": 1928.711, "Actual Total Time": 7530.701, "Actual Rows": 1455173, "Actual Loops": 300036, "Index Cond": "(o_custkey = customer.c_custkey)", "Rows Removed by Index Recheck": 0, "Filter": "(o_orderdate < '1995-03-13 00:00:00'::timestamp(0) without time zone)", "Rows Removed by Filter": 1545367}]}, {"Node Type": "Index Scan", "Parent Relationship": "Inner", "Scan Direction": "Forward", "Index Name": "idx_lineitem_orderkey", "Relation Name": "lineitem", "Alias": "lineitem", "Startup Cost": 0.0, "Total Cost": 1.35, "Plan Rows": 5, "Plan Width": 24, "Actual Startup Time": 16010.7, "Actual Total Time": 16309.937, "Actual Rows": 300219, "Actual Loops": 1455173, "Index Cond": "(l_orderkey = orders.o_orderkey)", "Rows Removed by Index Recheck": 0, "Filter": "(l_shipdate > '1995-03-13 00:00:00'::timestamp(0) without time zone)", "Rows Removed by Filter": 5519788}]}]}]}]}, "Triggers": [], "Planner Runtime": 1.117, "Total Runtime": 26695.09, "Unique SQL Id": 3929762122}}, "(64, '94')": {"explain_plan": {"Plan": {"Node Type": "Limit", "Startup Cost": 8099438.49, "Total Cost": 8099438.52, "Plan Rows": 10, "Plan Width": 44, "Plans": [{"Node Type": "Sort", "Parent Relationship": "Outer", "Startup Cost": 8099438.49, "Total Cost": 8108336.61, "Plan Rows": 10, "Plan Width": 44, "Sort Key": ["(sum((lineitem.l_extendedprice * (1::double precision - lineitem.l_discount)))) DESC", "orders.o_orderdate"], "Plans": [{"Node Type": "Aggregate", "Strategy": "Hashed", "Parent Relationship": "Outer", "Startup Cost": 7986931.98, "Total Cost": 8022524.45, "Plan Rows": 3559247, "Plan Width": 44, "Group By Key": ["lineitem.l_orderkey", "orders.o_orderdate", "orders.o_shippriority"], "Plans": [{"Node Type": "Merge Join", "Parent Relationship": "Outer", "Join Type": "Inner", "Startup Cost": 7731288.7, "Total Cost": 7933543.27, "Plan Rows": 3559247, "Plan Width": 36, "Inner Unique": false, "Merge Cond": "(orders.o_orderkey = lineitem.l_orderkey)", "Plans": [{"Node Type": "Sort", "Parent Relationship": "Outer", "Startup Cost": 1495720.26, "Total Cost": 1497509.69, "Plan Rows": 715772, "Plan Width": 20, "Sort Key": ["orders.o_orderkey"], "Plans": [{"Node Type": "Merge Join", "Parent Relationship": "Outer", "Join Type": "Inner", "Startup Cost": 1380887.19, "Total Cost": 1426114.5, "Plan Rows": 715772, "Plan Width": 20, "Inner Unique": false, "Merge Cond": "(customer.c_custkey = orders.o_custkey)", "Plans": [{"Node Type": "Sort", "Parent Relationship": "Outer", "Startup Cost": 83555.73, "Total Cost": 84315.6, "Plan Rows": 303948, "Plan Width": 8, "Sort Key": ["customer.c_custkey"], "Plans": [{"Node Type": "Seq Scan", "Parent Relationship": "Outer", "Relation Name": "customer", "Alias": "customer", "Startup Cost": 0.0, "Total Cost": 55876.0, "Plan Rows": 303948, "Plan Width": 8, "Filter": "(c_mktsegment = 'AUTOMOBILE'::bpchar), (LLVM Optimized)"}]}, {"Node Type": "Sort", "Parent Relationship": "Inner", "Startup Cost": 1297331.42, "Total Cost": 1315606.97, "Plan Rows": 7310217, "Plan Width": 28, "Sort Key": ["orders.o_custkey"], "Plans": [{"Node Type": "Seq Scan", "Parent Relationship": "Outer", "Relation Name": "orders", "Alias": "orders", "Startup Cost": 385.22, "Total Cost": 463912.49, "Plan Rows": 7310217, "Plan Width": 28, "Filter": "(o_orderdate < '1995-03-13 00:00:00'::timestamp(0) without time zone), (LLVM Optimized)"}]}]}]}, {"Node Type": "Sort", "Parent Relationship": "Inner", "Startup Cost": 6235568.32, "Total Cost": 6317111.33, "Plan Rows": 32617206, "Plan Width": 24, "Sort Key": ["lineitem.l_orderkey"], "Plans": [{"Node Type": "Seq Scan", "Parent Relationship": "Outer", "Relation Name": "lineitem", "Alias": "lineitem", "Startup Cost": 0.0, "Total Cost": 2165082.91, "Plan Rows": 32617206, "Plan Width": 24, "Filter": "(l_shipdate > '1995-03-13 00:00:00'::timestamp(0) without time zone), (LLVM Optimized)"}]}]}]}]}]}, "Unique SQL Id": 3929762122, "Planner Runtime": 1}, "explain_analyze_plan": null}, "(64, '95')": {"explain_plan": {"Plan": {"Node Type": "Limit", "Startup Cost": 3000459122385.72, "Total Cost": 3000459122385.74, "Plan Rows": 10, "Plan Width": 44, "Plans": [{"Node Type": "Sort", "Parent Relationship": "Outer", "Startup Cost": 3000459122385.72, "Total Cost": 3000459131283.84, "Plan Rows": 10, "Plan Width": 44, "Sort Key": ["(sum((lineitem.l_extendedprice * (1::double precision - lineitem.l_discount)))) DESC", "orders.o_orderdate"], "Plans": [{"Node Type": "Aggregate", "Strategy": "Hashed", "Parent Relationship": "Outer", "Startup Cost": 3000459009879.2, "Total Cost": 3000459045471.67, "Plan Rows": 3559247, "Plan Width": 44, "Group By Key": ["lineitem.l_orderkey", "orders.o_orderdate", "orders.o_shippriority"], "Plans": [{"Node Type": "Merge Join", "Parent Relationship": "Outer", "Join Type": "Inner", "Startup Cost": 2010135976480.1, "Total Cost": 3000458956490.5, "Plan Rows": 3559247, "Plan Width": 36, "Inner Unique": false, "Merge Cond": "(orders.o_orderkey = lineitem.l_orderkey)", "Plans": [{"Node Type": "Sort", "Parent Relationship": "Outer", "Startup Cost": 2000135976479.97, "Total Cost": 2000135978269.4, "Plan Rows": 715772, "Plan Width": 20, "Sort Key": ["orders.o_orderkey"], "Plans": [{"Node Type": "Merge Join", "Parent Relationship": "Outer", "Join Type": "Inner", "Startup Cost": 20026057311.18, "Total Cost": 2000135906874.22, "Plan Rows": 715772, "Plan Width": 20, "Inner Unique": false, "Merge Cond": "(customer.c_custkey = orders.o_custkey)", "Plans": [{"Node Type": "Index Scan", "Parent Relationship": "Outer", "Scan Direction": "Forward", "Index Name": "customer_pkey", "Relation Name": "customer", "Alias": "customer", "Startup Cost": 10000000000.0, "Total Cost": 1000008451535.62, "Plan Rows": 303948, "Plan Width": 8, "Filter": "(c_mktsegment = 'AUTOMOBILE'::bpchar), (LLVM Optimized)"}, {"Node Type": "Index Scan", "Parent Relationship": "Inner", "Scan Direction": "Forward", "Index Name": "idx_orders_custkey", "Relation Name": "orders", "Alias": "orders", "Startup Cost": 10000000000.0, "Total Cost": 1000159801398.83, "Plan Rows": 7310217, "Plan Width": 28, "Filter": "(o_orderdate < '1995-03-13 00:00:00'::timestamp(0) without time zone), (LLVM Optimized)"}]}]}, {"Node Type": "Index Scan", "Parent Relationship": "Inner", "Scan Direction": "Forward", "Index Name": "idx_lineitem_orderkey", "Relation Name": "lineitem", "Alias": "lineitem", "Startup Cost": 10000000000.0, "Total Cost": 1000339012132.75, "Plan Rows": 32617206, "Plan Width": 24, "Filter": "(l_shipdate > '1995-03-13 00:00:00'::timestamp(0) without time zone), (LLVM Optimized)"}]}]}]}]}, "Unique SQL Id": 3929762122, "Planner Runtime": 1}, "explain_analyze_plan": null}, "(64, '96')": {"explain_plan": {"Plan": {"Node Type": "Limit", "Startup Cost": 1728598.43, "Total Cost": 1728598.46, "Plan Rows": 10, "Plan Width": 44, "Plans": [{"Node Type": "Sort", "Parent Relationship": "Outer", "Startup Cost": 1728598.43, "Total Cost": 1737496.55, "Plan Rows": 10, "Plan Width": 44, "Sort Key": ["(sum((lineitem.l_extendedprice * (1::double precision - lineitem.l_discount)))) DESC", "orders.o_orderdate"], "Plans": [{"Node Type": "Aggregate", "Strategy": "Hashed", "Parent Relationship": "Outer", "Startup Cost": 1616091.91, "Total Cost": 1651684.38, "Plan Rows": 3559247, "Plan Width": 44, "Group By Key": ["lineitem.l_orderkey", "orders.o_orderdate", "orders.o_shippriority"], "Plans": [{"Node Type": "Nested Loop", "Parent Relationship": "Outer", "Join Type": "Inner", "Startup Cost": 60060.57, "Total Cost": 1562703.21, "Plan Rows": 3559247, "Plan Width": 36, "Inner Unique": false, "Plans": [{"Node Type": "Hash Join", "Parent Relationship": "Outer", "Join Type": "Inner", "Startup Cost": 60060.57, "Total Cost": 558158.87, "Plan Rows": 715772, "Plan Width": 20, "Inner Unique": true, "Hash Cond": "(orders.o_custkey = customer.c_custkey), (LLVM Optimized)", "Plans": [{"Node Type": "Seq Scan", "Parent Relationship": "Outer", "Relation Name": "orders", "Alias": "orders", "Startup Cost": 385.22, "Total Cost": 463912.49, "Plan Rows": 7310217, "Plan Width": 28, "Filter": "(o_orderdate < '1995-03-13 00:00:00'::timestamp(0) without time zone), (LLVM Optimized)"}, {"Node Type": "Hash", "Parent Relationship": "Inner", "Startup Cost": 55876.0, "Total Cost": 55876.0, "Plan Rows": 303948, "Plan Width": 8, "Plans": [{"Node Type": "Seq Scan", "Parent Relationship": "Outer", "Relation Name": "customer", "Alias": "customer", "Startup Cost": 0.0, "Total Cost": 55876.0, "Plan Rows": 303948, "Plan Width": 8, "Filter": "(c_mktsegment = 'AUTOMOBILE'::bpchar), (LLVM Optimized)"}]}]}, {"Node Type": "Index Scan", "Parent Relationship": "Inner", "Scan Direction": "Forward", "Index Name": "idx_lineitem_orderkey", "Relation Name": "lineitem", "Alias": "lineitem", "Startup Cost": 0.0, "Total Cost": 1.35, "Plan Rows": 5, "Plan Width": 24, "Index Cond": "(l_orderkey = orders.o_orderkey)", "Filter": "(l_shipdate > '1995-03-13 00:00:00'::timestamp(0) without time zone)"}]}]}]}]}, "Unique SQL Id": 3929762122, "Planner Runtime": 0}, "explain_analyze_plan": {"Plan": {"Node Type": "Limit", "Startup Cost": 1728598.43, "Total Cost": 1728598.46, "Plan Rows": 10, "Plan Width": 44, "Actual Startup Time": 21117.994, "Actual Total Time": 21117.997, "Actual Rows": 10, "Actual Loops": 1, "Plans": [{"Node Type": "Sort", "Parent Relationship": "Outer", "Startup Cost": 1728598.43, "Total Cost": 1737496.55, "Plan Rows": 10, "Plan Width": 44, "Actual Startup Time": 21117.992, "Actual Total Time": 21117.994, "Actual Rows": 10, "Actual Loops": 1, "Sort Key": ["(sum((lineitem.l_extendedprice * (1::double precision - lineitem.l_discount)))) DESC", "orders.o_orderdate"], "Sort Method": "top-N heapsort", "Sort Space Used": 26, "Sort Space Type": "Memory", "Plans": [{"Node Type": "Aggregate", "Strategy": "Hashed", "Parent Relationship": "Outer", "Startup Cost": 1616091.91, "Total Cost": 1651684.38, "Plan Rows": 3559247, "Plan Width": 44, "Actual Startup Time": 21027.036, "Actual Total Time": 21090.872, "Actual Rows": 113719, "Actual Loops": 1, "Group By Key": ["lineitem.l_orderkey", "orders.o_orderdate", "orders.o_shippriority"], "Plans": [{"Node Type": "Nested Loop", "Parent Relationship": "Outer", "Join Type": "Inner", "Startup Cost": 60060.57, "Total Cost": 1562703.21, "Plan Rows": 3559247, "Plan Width": 36, "Actual Startup Time": 715.193, "Actual Total Time": 20724.929, "Actual Rows": 300219, "Actual Loops": 1, "Inner Unique": false, "Plans": [{"Node Type": "Hash Join", "Parent Relationship": "Outer", "Join Type": "Inner", "Startup Cost": 60060.57, "Total Cost": 558158.87, "Plan Rows": 715772, "Plan Width": 20, "Actual Startup Time": 714.951, "Actual Total Time": 8829.543, "Actual Rows": 1455173, "Actual Loops": 1, "Inner Unique": true, "Hash Cond": "(orders.o_custkey = customer.c_custkey), (LLVM Optimized, Jit Execute)", "Plans": [{"Node Type": "Seq Scan", "Parent Relationship": "Outer", "Relation Name": "orders", "Alias": "orders", "Startup Cost": 385.22, "Total Cost": 463912.49, "Plan Rows": 7310217, "Plan Width": 28, "Actual Startup Time": 0.057, "Actual Total Time": 4914.288, "Actual Rows": 7276947, "Actual Loops": 1, "Filter": "(o_orderdate < '1995-03-13 00:00:00'::timestamp(0) without time zone), (LLVM Optimized, Jit Execute)", "Rows Removed by Filter": 7723053}, {"Node Type": "Hash", "Parent Relationship": "Inner", "Startup Cost": 55876.0, "Total Cost": 55876.0, "Plan Rows": 303948, "Plan Width": 8, "Actual Startup Time": 714.362, "Actual Total Time": 714.362, "Actual Rows": 300036, "Actual Loops": 1, "Hash Buckets": 524288, "Hash Batches": 1, "Original Hash Batches": 1, "Peak Memory Usage": 11721, "Plans": [{"Node Type": "Seq Scan", "Parent Relationship": "Outer", "Relation Name": "customer", "Alias": "customer", "Startup Cost": 0.0, "Total Cost": 55876.0, "Plan Rows": 303948, "Plan Width": 8, "Actual Startup Time": 0.025, "Actual Total Time": 609.909, "Actual Rows": 300036, "Actual Loops": 1, "Filter": "(c_mktsegment = 'AUTOMOBILE'::bpchar), (LLVM Optimized, Jit Execute)", "Rows Removed by Filter": 1199964}]}]}, {"Node Type": "Index Scan", "Parent Relationship": "Inner", "Scan Direction": "Forward", "Index Name": "idx_lineitem_orderkey", "Relation Name": "lineitem", "Alias": "lineitem", "Startup Cost": 0.0, "Total Cost": 1.35, "Plan Rows": 5, "Plan Width": 24, "Actual Startup Time": 10802.654, "Actual Total Time": 11090.593, "Actual Rows": 300219, "Actual Loops": 1455173, "Index Cond": "(l_orderkey = orders.o_orderkey)", "Rows Removed by Index Recheck": 0, "Filter": "(l_shipdate > '1995-03-13 00:00:00'::timestamp(0) without time zone)", "Rows Removed by Filter": 5519788}]}]}]}]}, "Triggers": [], "Planner Runtime": 1.214, "Total Runtime": 21127.825, "Unique SQL Id": 3929762122}}, "(64, '97')": {"explain_plan": {"Plan": {"Node Type": "Limit", "Startup Cost": 1829820.45, "Total Cost": 1829820.47, "Plan Rows": 10, "Plan Width": 44, "Plans": [{"Node Type": "Sort", "Parent Relationship": "Outer", "Startup Cost": 1829820.45, "Total Cost": 1838718.56, "Plan Rows": 10, "Plan Width": 44, "Sort Key": ["(sum((lineitem.l_extendedprice * (1::double precision - lineitem.l_discount)))) DESC", "orders.o_orderdate"], "Plans": [{"Node Type": "Aggregate", "Strategy": "Hashed", "Parent Relationship": "Outer", "Startup Cost": 1717313.93, "Total Cost": 1752906.4, "Plan Rows": 3559247, "Plan Width": 44, "Group By Key": ["lineitem.l_orderkey", "orders.o_orderdate", "orders.o_shippriority"], "Plans": [{"Node Type": "Nested Loop", "Parent Relationship": "Outer", "Join Type": "Inner", "Startup Cost": 257013.14, "Total Cost": 1663925.22, "Plan Rows": 3559247, "Plan Width": 36, "Inner Unique": false, "Plans": [{"Node Type": "Hash Join", "Parent Relationship": "Outer", "Join Type": "Inner", "Startup Cost": 257013.14, "Total Cost": 659380.88, "Plan Rows": 715772, "Plan Width": 20, "Inner Unique": true, "Hash Cond": "(orders.o_custkey = customer.c_custkey), (LLVM Optimized)", "Plans": [{"Node Type": "Bitmap Heap Scan", "Parent Relationship": "Outer", "Relation Name": "orders", "Alias": "orders", "Startup Cost": 168698.43, "Total Cost": 536495.14, "Plan Rows": 7310217, "Plan Width": 28, "Recheck Cond": "(o_orderdate < '1995-03-13 00:00:00'::timestamp(0) without time zone), (LLVM Optimized)", "Plans": [{"Node Type": "Bitmap Index Scan", "Parent Relationship": "Outer", "Index Name": "idx_orders_orderdate", "Startup Cost": 0.0, "Total Cost": 166870.88, "Plan Rows": 7310217, "Plan Width": 0, "Index Cond": "(o_orderdate < '1995-03-13 00:00:00'::timestamp(0) without time zone)"}]}, {"Node Type": "Hash", "Parent Relationship": "Inner", "Startup Cost": 84515.36, "Total Cost": 84515.36, "Plan Rows": 303948, "Plan Width": 8, "Plans": [{"Node Type": "Index Scan", "Parent Relationship": "Outer", "Scan Direction": "Forward", "Index Name": "customer_pkey", "Relation Name": "customer", "Alias": "customer", "Startup Cost": 0.0, "Total Cost": 84515.36, "Plan Rows": 303948, "Plan Width": 8, "Filter": "(c_mktsegment = 'AUTOMOBILE'::bpchar), (LLVM Optimized)"}]}]}, {"Node Type": "Index Scan", "Parent Relationship": "Inner", "Scan Direction": "Forward", "Index Name": "idx_lineitem_orderkey", "Relation Name": "lineitem", "Alias": "lineitem", "Startup Cost": 0.0, "Total Cost": 1.35, "Plan Rows": 5, "Plan Width": 24, "Index Cond": "(l_orderkey = orders.o_orderkey)", "Filter": "(l_shipdate > '1995-03-13 00:00:00'::timestamp(0) without time zone)"}]}]}]}]}, "Unique SQL Id": 3929762122, "Planner Runtime": 0}, "explain_analyze_plan": {"Plan": {"Node Type": "Limit", "Startup Cost": 1829820.45, "Total Cost": 1829820.47, "Plan Rows": 10, "Plan Width": 44, "Actual Startup Time": 22613.581, "Actual Total Time": 22613.584, "Actual Rows": 10, "Actual Loops": 1, "Plans": [{"Node Type": "Sort", "Parent Relationship": "Outer", "Startup Cost": 1829820.45, "Total Cost": 1838718.56, "Plan Rows": 10, "Plan Width": 44, "Actual Startup Time": 22613.577, "Actual Total Time": 22613.578, "Actual Rows": 10, "Actual Loops": 1, "Sort Key": ["(sum((lineitem.l_extendedprice * (1::double precision - lineitem.l_discount)))) DESC", "orders.o_orderdate"], "Sort Method": "top-N heapsort", "Sort Space Used": 26, "Sort Space Type": "Memory", "Plans": [{"Node Type": "Aggregate", "Strategy": "Hashed", "Parent Relationship": "Outer", "Startup Cost": 1717313.93, "Total Cost": 1752906.4, "Plan Rows": 3559247, "Plan Width": 44, "Actual Startup Time": 22530.245, "Actual Total Time": 22586.346, "Actual Rows": 113719, "Actual Loops": 1, "Group By Key": ["lineitem.l_orderkey", "orders.o_orderdate", "orders.o_shippriority"], "Plans": [{"Node Type": "Nested Loop", "Parent Relationship": "Outer", "Join Type": "Inner", "Startup Cost": 257013.14, "Total Cost": 1663925.22, "Plan Rows": 3559247, "Plan Width": 36, "Actual Startup Time": 3499.217, "Actual Total Time": 22242.047, "Actual Rows": 300219, "Actual Loops": 1, "Inner Unique": false, "Plans": [{"Node Type": "Hash Join", "Parent Relationship": "Outer", "Join Type": "Inner", "Startup Cost": 257013.14, "Total Cost": 659380.88, "Plan Rows": 715772, "Plan Width": 20, "Actual Startup Time": 3498.97, "Actual Total Time": 10470.555, "Actual Rows": 1455173, "Actual Loops": 1, "Inner Unique": true, "Hash Cond": "(orders.o_custkey = customer.c_custkey), (LLVM Optimized, Jit Execute)", "Plans": [{"Node Type": "Bitmap Heap Scan", "Parent Relationship": "Outer", "Relation Name": "orders", "Alias": "orders", "Startup Cost": 168698.43, "Total Cost": 536495.14, "Plan Rows": 7310217, "Plan Width": 28, "Actual Startup Time": 2285.018, "Actual Total Time": 6196.804, "Actual Rows": 7276947, "Actual Loops": 1, "Recheck Cond": "(o_orderdate < '1995-03-13 00:00:00'::timestamp(0) without time zone), (LLVM Optimized, Jit Execute)", "Rows Removed by Index Recheck": 0, "Exact Heap Blocks": 276419, "Lossy Heap Blocks": 276419, "Plans": [{"Node Type": "Bitmap Index Scan", "Parent Relationship": "Outer", "Index Name": "idx_orders_orderdate", "Startup Cost": 0.0, "Total Cost": 166870.88, "Plan Rows": 7310217, "Plan Width": 0, "Actual Startup Time": 2184.08, "Actual Total Time": 2184.08, "Actual Rows": 7276947, "Actual Loops": 1, "Index Cond": "(o_orderdate < '1995-03-13 00:00:00'::timestamp(0) without time zone)"}]}, {"Node Type": "Hash", "Parent Relationship": "Inner", "Startup Cost": 84515.36, "Total Cost": 84515.36, "Plan Rows": 303948, "Plan Width": 8, "Actual Startup Time": 1213.579, "Actual Total Time": 1213.579, "Actual Rows": 300036, "Actual Loops": 1, "Hash Buckets": 524288, "Hash Batches": 1, "Original Hash Batches": 1, "Peak Memory Usage": 11721, "Plans": [{"Node Type": "Index Scan", "Parent Relationship": "Outer", "Scan Direction": "Forward", "Index Name": "customer_pkey", "Relation Name": "customer", "Alias": "customer", "Startup Cost": 0.0, "Total Cost": 84515.36, "Plan Rows": 303948, "Plan Width": 8, "Actual Startup Time": 0.074, "Actual Total Time": 1102.735, "Actual Rows": 300036, "Actual Loops": 1, "Filter": "(c_mktsegment = 'AUTOMOBILE'::bpchar), (LLVM Optimized, Jit Execute)", "Rows Removed by Filter": 1199964}]}]}, {"Node Type": "Index Scan", "Parent Relationship": "Inner", "Scan Direction": "Forward", "Index Name": "idx_lineitem_orderkey", "Relation Name": "lineitem", "Alias": "lineitem", "Startup Cost": 0.0, "Total Cost": 1.35, "Plan Rows": 5, "Plan Width": 24, "Actual Startup Time": 10674.421, "Actual Total Time": 10965.74, "Actual Rows": 300219, "Actual Loops": 1455173, "Index Cond": "(l_orderkey = orders.o_orderkey)", "Rows Removed by Index Recheck": 0, "Filter": "(l_shipdate > '1995-03-13 00:00:00'::timestamp(0) without time zone)", "Rows Removed by Filter": 5519788}]}]}]}]}, "Triggers": [], "Planner Runtime": 1.278, "Total Runtime": 22623.875, "Unique SQL Id": 3929762122}}, "(64, '98')": {"explain_plan": {"Plan": {"Node Type": "Limit", "Startup Cost": 3055991.15, "Total Cost": 3055991.17, "Plan Rows": 10, "Plan Width": 44, "Plans": [{"Node Type": "Sort", "Parent Relationship": "Outer", "Startup Cost": 3055991.15, "Total Cost": 3064889.27, "Plan Rows": 10, "Plan Width": 44, "Sort Key": ["(sum((lineitem.l_extendedprice * (1::double precision - lineitem.l_discount)))) DESC", "orders.o_orderdate"], "Plans": [{"Node Type": "Aggregate", "Strategy": "Hashed", "Parent Relationship": "Outer", "Startup Cost": 2943484.63, "Total Cost": 2979077.1, "Plan Rows": 3559247, "Plan Width": 44, "Group By Key": ["lineitem.l_orderkey", "orders.o_orderdate", "orders.o_shippriority"], "Plans": [{"Node Type": "Hash Join", "Parent Relationship": "Outer", "Join Type": "Inner", "Startup Cost": 567106.02, "Total Cost": 2890095.93, "Plan Rows": 3559247, "Plan Width": 36, "Inner Unique": false, "Hash Cond": "(lineitem.l_orderkey = orders.o_orderkey), (LLVM Optimized)", "Plans": [{"Node Type": "Seq Scan", "Parent Relationship": "Outer", "Relation Name": "lineitem", "Alias": "lineitem", "Startup Cost": 0.0, "Total Cost": 2165082.91, "Plan Rows": 32617206, "Plan Width": 24, "Filter": "(l_shipdate > '1995-03-13 00:00:00'::timestamp(0) without time zone), (LLVM Optimized)"}, {"Node Type": "Hash", "Parent Relationship": "Inner", "Startup Cost": 558158.87, "Total Cost": 558158.87, "Plan Rows": 715772, "Plan Width": 20, "Plans": [{"Node Type": "Hash Join", "Parent Relationship": "Outer", "Join Type": "Inner", "Startup Cost": 60060.57, "Total Cost": 558158.87, "Plan Rows": 715772, "Plan Width": 20, "Inner Unique": true, "Hash Cond": "(orders.o_custkey = customer.c_custkey), (LLVM Optimized)", "Plans": [{"Node Type": "Seq Scan", "Parent Relationship": "Outer", "Relation Name": "orders", "Alias": "orders", "Startup Cost": 385.22, "Total Cost": 463912.49, "Plan Rows": 7310217, "Plan Width": 28, "Filter": "(o_orderdate < '1995-03-13 00:00:00'::timestamp(0) without time zone), (LLVM Optimized)"}, {"Node Type": "Hash", "Parent Relationship": "Inner", "Startup Cost": 55876.0, "Total Cost": 55876.0, "Plan Rows": 303948, "Plan Width": 8, "Plans": [{"Node Type": "Seq Scan", "Parent Relationship": "Outer", "Relation Name": "customer", "Alias": "customer", "Startup Cost": 0.0, "Total Cost": 55876.0, "Plan Rows": 303948, "Plan Width": 8, "Filter": "(c_mktsegment = 'AUTOMOBILE'::bpchar), (LLVM Optimized)"}]}]}]}]}]}]}]}, "Unique SQL Id": 3929762122, "Planner Runtime": 0}, "explain_analyze_plan": {"Plan": {"Node Type": "Limit", "Startup Cost": 3055991.15, "Total Cost": 3055991.17, "Plan Rows": 10, "Plan Width": 44, "Actual Startup Time": 38981.88, "Actual Total Time": 38981.882, "Actual Rows": 10, "Actual Loops": 1, "Plans": [{"Node Type": "Sort", "Parent Relationship": "Outer", "Startup Cost": 3055991.15, "Total Cost": 3064889.27, "Plan Rows": 10, "Plan Width": 44, "Actual Startup Time": 38981.877, "Actual Total Time": 38981.879, "Actual Rows": 10, "Actual Loops": 1, "Sort Key": ["(sum((lineitem.l_extendedprice * (1::double precision - lineitem.l_discount)))) DESC", "orders.o_orderdate"], "Sort Method": "top-N heapsort", "Sort Space Used": 26, "Sort Space Type": "Memory", "Plans": [{"Node Type": "Aggregate", "Strategy": "Hashed", "Parent Relationship": "Outer", "Startup Cost": 2943484.63, "Total Cost": 2979077.1, "Plan Rows": 3559247, "Plan Width": 44, "Actual Startup Time": 38897.899, "Actual Total Time": 38954.607, "Actual Rows": 113719, "Actual Loops": 1, "Group By Key": ["lineitem.l_orderkey", "orders.o_orderdate", "orders.o_shippriority"], "Plans": [{"Node Type": "Hash Join", "Parent Relationship": "Outer", "Join Type": "Inner", "Startup Cost": 567106.02, "Total Cost": 2890095.93, "Plan Rows": 3559247, "Plan Width": 36, "Actual Startup Time": 8861.31, "Actual Total Time": 38607.742, "Actual Rows": 300219, "Actual Loops": 1, "Inner Unique": false, "Hash Cond": "(lineitem.l_orderkey = orders.o_orderkey), (LLVM Optimized, Jit Execute)", "Plans": [{"Node Type": "Seq Scan", "Parent Relationship": "Outer", "Relation Name": "lineitem", "Alias": "lineitem", "Startup Cost": 0.0, "Total Cost": 2165082.91, "Plan Rows": 32617206, "Plan Width": 24, "Actual Startup Time": 0.043, "Actual Total Time": 21057.993, "Actual Rows": 32384344, "Actual Loops": 1, "Filter": "(l_shipdate > '1995-03-13 00:00:00'::timestamp(0) without time zone), (LLVM Optimized, Jit Execute)", "Rows Removed by Filter": 27601708}, {"Node Type": "Hash", "Parent Relationship": "Inner", "Startup Cost": 558158.87, "Total Cost": 558158.87, "Plan Rows": 715772, "Plan Width": 20, "Actual Startup Time": 8859.763, "Actual Total Time": 8859.763, "Actual Rows": 1455173, "Actual Loops": 1, "Hash Buckets": 1048576, "Hash Batches": 1, "Original Hash Batches": 1, "Peak Memory Usage": 79580, "Plans": [{"Node Type": "Hash Join", "Parent Relationship": "Outer", "Join Type": "Inner", "Startup Cost": 60060.57, "Total Cost": 558158.87, "Plan Rows": 715772, "Plan Width": 20, "Actual Startup Time": 722.618, "Actual Total Time": 8279.715, "Actual Rows": 1455173, "Actual Loops": 1, "Inner Unique": true, "Hash Cond": "(orders.o_custkey = customer.c_custkey), (LLVM Optimized, Jit Execute)", "Plans": [{"Node Type": "Seq Scan", "Parent Relationship": "Outer", "Relation Name": "orders", "Alias": "orders", "Startup Cost": 385.22, "Total Cost": 463912.49, "Plan Rows": 7310217, "Plan Width": 28, "Actual Startup Time": 0.02, "Actual Total Time": 4751.931, "Actual Rows": 7276947, "Actual Loops": 1, "Filter": "(o_orderdate < '1995-03-13 00:00:00'::timestamp(0) without time zone), (LLVM Optimized, Jit Execute)", "Rows Removed by Filter": 7723053}, {"Node Type": "Hash", "Parent Relationship": "Inner", "Startup Cost": 55876.0, "Total Cost": 55876.0, "Plan Rows": 303948, "Plan Width": 8, "Actual Startup Time": 722.198, "Actual Total Time": 722.198, "Actual Rows": 300036, "Actual Loops": 1, "Hash Buckets": 524288, "Hash Batches": 1, "Original Hash Batches": 1, "Peak Memory Usage": 11721, "Plans": [{"Node Type": "Seq Scan", "Parent Relationship": "Outer", "Relation Name": "customer", "Alias": "customer", "Startup Cost": 0.0, "Total Cost": 55876.0, "Plan Rows": 303948, "Plan Width": 8, "Actual Startup Time": 0.027, "Actual Total Time": 618.423, "Actual Rows": 300036, "Actual Loops": 1, "Filter": "(c_mktsegment = 'AUTOMOBILE'::bpchar), (LLVM Optimized, Jit Execute)", "Rows Removed by Filter": 1199964}]}]}]}]}]}]}]}, "Triggers": [], "Planner Runtime": 1.255, "Total Runtime": 38992.143, "Unique SQL Id": 3929762122}}, "(64, '99')": {"explain_plan": {"Plan": {"Node Type": "Limit", "Startup Cost": 35345596.54, "Total Cost": 35345596.56, "Plan Rows": 10, "Plan Width": 44, "Plans": [{"Node Type": "Sort", "Parent Relationship": "Outer", "Startup Cost": 35345596.54, "Total Cost": 35354494.65, "Plan Rows": 10, "Plan Width": 44, "Sort Key": ["(sum((lineitem.l_extendedprice * (1::double precision - lineitem.l_discount)))) DESC", "orders.o_orderdate"], "Plans": [{"Node Type": "Aggregate", "Strategy": "Hashed", "Parent Relationship": "Outer", "Startup Cost": 35233090.02, "Total Cost": 35268682.49, "Plan Rows": 3559247, "Plan Width": 44, "Group By Key": ["lineitem.l_orderkey", "orders.o_orderdate", "orders.o_shippriority"], "Plans": [{"Node Type": "Nested Loop", "Parent Relationship": "Outer", "Join Type": "Inner", "Startup Cost": 168699.14, "Total Cost": 35179701.31, "Plan Rows": 3559247, "Plan Width": 36, "Inner Unique": false, "Plans": [{"Node Type": "Nested Loop", "Parent Relationship": "Outer", "Join Type": "Inner", "Startup Cost": 168698.69, "Total Cost": 31865463.0, "Plan Rows": 715772, "Plan Width": 20, "Inner Unique": true, "Plans": [{"Node Type": "Bitmap Heap Scan", "Parent Relationship": "Outer", "Relation Name": "orders", "Alias": "orders", "Startup Cost": 168698.43, "Total Cost": 536495.14, "Plan Rows": 7310217, "Plan Width": 28, "Recheck Cond": "(o_orderdate < '1995-03-13 00:00:00'::timestamp(0) without time zone), (LLVM Optimized)", "Plans": [{"Node Type": "Bitmap Index Scan", "Parent Relationship": "Outer", "Index Name": "idx_orders_orderdate", "Startup Cost": 0.0, "Total Cost": 166870.88, "Plan Rows": 7310217, "Plan Width": 0, "Index Cond": "(o_orderdate < '1995-03-13 00:00:00'::timestamp(0) without time zone)"}]}, {"Node Type": "Bitmap Heap Scan", "Parent Relationship": "Inner", "Relation Name": "customer", "Alias": "customer", "Startup Cost": 0.26, "Total Cost": 4.28, "Plan Rows": 1, "Plan Width": 8, "Recheck Cond": "(c_custkey = orders.o_custkey)", "Filter": "(c_mktsegment = 'AUTOMOBILE'::bpchar)", "Plans": [{"Node Type": "Bitmap Index Scan", "Parent Relationship": "Outer", "Index Name": "customer_pkey", "Startup Cost": 0.0, "Total Cost": 0.26, "Plan Rows": 1, "Plan Width": 0, "Index Cond": "(c_custkey = orders.o_custkey)"}]}]}, {"Node Type": "Bitmap Heap Scan", "Parent Relationship": "Inner", "Relation Name": "lineitem", "Alias": "lineitem", "Startup Cost": 0.45, "Total Cost": 4.58, "Plan Rows": 5, "Plan Width": 24, "Recheck Cond": "(l_orderkey = orders.o_orderkey)", "Filter": "(l_shipdate > '1995-03-13 00:00:00'::timestamp(0) without time zone)", "Plans": [{"Node Type": "Bitmap Index Scan", "Parent Relationship": "Outer", "Index Name": "idx_lineitem_orderkey", "Startup Cost": 0.0, "Total Cost": 0.44, "Plan Rows": 9, "Plan Width": 0, "Index Cond": "(l_orderkey = orders.o_orderkey)"}]}]}]}]}]}, "Unique SQL Id": 3929762122, "Planner Runtime": 0}, "explain_analyze_plan": null}, "(64, '100')": {"explain_plan": {"Plan": {"Node Type": "Limit", "Startup Cost": 1728598.43, "Total Cost": 1728598.46, "Plan Rows": 10, "Plan Width": 44, "Plans": [{"Node Type": "Sort", "Parent Relationship": "Outer", "Startup Cost": 1728598.43, "Total Cost": 1737496.55, "Plan Rows": 10, "Plan Width": 44, "Sort Key": ["(sum((lineitem.l_extendedprice * (1::double precision - lineitem.l_discount)))) DESC", "orders.o_orderdate"], "Plans": [{"Node Type": "Aggregate", "Strategy": "Hashed", "Parent Relationship": "Outer", "Startup Cost": 1616091.91, "Total Cost": 1651684.38, "Plan Rows": 3559247, "Plan Width": 44, "Group By Key": ["lineitem.l_orderkey", "orders.o_orderdate", "orders.o_shippriority"], "Plans": [{"Node Type": "Nested Loop", "Parent Relationship": "Outer", "Join Type": "Inner", "Startup Cost": 60060.57, "Total Cost": 1562703.21, "Plan Rows": 3559247, "Plan Width": 36, "Inner Unique": false, "Plans": [{"Node Type": "Hash Join", "Parent Relationship": "Outer", "Join Type": "Inner", "Startup Cost": 60060.57, "Total Cost": 558158.87, "Plan Rows": 715772, "Plan Width": 20, "Inner Unique": true, "Hash Cond": "(orders.o_custkey = customer.c_custkey), (LLVM Optimized)", "Plans": [{"Node Type": "Seq Scan", "Parent Relationship": "Outer", "Relation Name": "orders", "Alias": "orders", "Startup Cost": 385.22, "Total Cost": 463912.49, "Plan Rows": 7310217, "Plan Width": 28, "Filter": "(o_orderdate < '1995-03-13 00:00:00'::timestamp(0) without time zone), (LLVM Optimized)"}, {"Node Type": "Hash", "Parent Relationship": "Inner", "Startup Cost": 55876.0, "Total Cost": 55876.0, "Plan Rows": 303948, "Plan Width": 8, "Plans": [{"Node Type": "Seq Scan", "Parent Relationship": "Outer", "Relation Name": "customer", "Alias": "customer", "Startup Cost": 0.0, "Total Cost": 55876.0, "Plan Rows": 303948, "Plan Width": 8, "Filter": "(c_mktsegment = 'AUTOMOBILE'::bpchar), (LLVM Optimized)"}]}]}, {"Node Type": "Index Scan", "Parent Relationship": "Inner", "Scan Direction": "Forward", "Index Name": "idx_lineitem_orderkey", "Relation Name": "lineitem", "Alias": "lineitem", "Startup Cost": 0.0, "Total Cost": 1.35, "Plan Rows": 5, "Plan Width": 24, "Index Cond": "(l_orderkey = orders.o_orderkey)", "Filter": "(l_shipdate > '1995-03-13 00:00:00'::timestamp(0) without time zone)"}]}]}]}]}, "Unique SQL Id": 3929762122, "Planner Runtime": 0}, "explain_analyze_plan": {"Plan": {"Node Type": "Limit", "Startup Cost": 1728598.43, "Total Cost": 1728598.46, "Plan Rows": 10, "Plan Width": 44, "Actual Startup Time": 21117.994, "Actual Total Time": 21117.997, "Actual Rows": 10, "Actual Loops": 1, "Plans": [{"Node Type": "Sort", "Parent Relationship": "Outer", "Startup Cost": 1728598.43, "Total Cost": 1737496.55, "Plan Rows": 10, "Plan Width": 44, "Actual Startup Time": 21117.992, "Actual Total Time": 21117.994, "Actual Rows": 10, "Actual Loops": 1, "Sort Key": ["(sum((lineitem.l_extendedprice * (1::double precision - lineitem.l_discount)))) DESC", "orders.o_orderdate"], "Sort Method": "top-N heapsort", "Sort Space Used": 26, "Sort Space Type": "Memory", "Plans": [{"Node Type": "Aggregate", "Strategy": "Hashed", "Parent Relationship": "Outer", "Startup Cost": 1616091.91, "Total Cost": 1651684.38, "Plan Rows": 3559247, "Plan Width": 44, "Actual Startup Time": 21027.036, "Actual Total Time": 21090.872, "Actual Rows": 113719, "Actual Loops": 1, "Group By Key": ["lineitem.l_orderkey", "orders.o_orderdate", "orders.o_shippriority"], "Plans": [{"Node Type": "Nested Loop", "Parent Relationship": "Outer", "Join Type": "Inner", "Startup Cost": 60060.57, "Total Cost": 1562703.21, "Plan Rows": 3559247, "Plan Width": 36, "Actual Startup Time": 715.193, "Actual Total Time": 20724.929, "Actual Rows": 300219, "Actual Loops": 1, "Inner Unique": false, "Plans": [{"Node Type": "Hash Join", "Parent Relationship": "Outer", "Join Type": "Inner", "Startup Cost": 60060.57, "Total Cost": 558158.87, "Plan Rows": 715772, "Plan Width": 20, "Actual Startup Time": 714.951, "Actual Total Time": 8829.543, "Actual Rows": 1455173, "Actual Loops": 1, "Inner Unique": true, "Hash Cond": "(orders.o_custkey = customer.c_custkey), (LLVM Optimized, Jit Execute)", "Plans": [{"Node Type": "Seq Scan", "Parent Relationship": "Outer", "Relation Name": "orders", "Alias": "orders", "Startup Cost": 385.22, "Total Cost": 463912.49, "Plan Rows": 7310217, "Plan Width": 28, "Actual Startup Time": 0.057, "Actual Total Time": 4914.288, "Actual Rows": 7276947, "Actual Loops": 1, "Filter": "(o_orderdate < '1995-03-13 00:00:00'::timestamp(0) without time zone), (LLVM Optimized, Jit Execute)", "Rows Removed by Filter": 7723053}, {"Node Type": "Hash", "Parent Relationship": "Inner", "Startup Cost": 55876.0, "Total Cost": 55876.0, "Plan Rows": 303948, "Plan Width": 8, "Actual Startup Time": 714.362, "Actual Total Time": 714.362, "Actual Rows": 300036, "Actual Loops": 1, "Hash Buckets": 524288, "Hash Batches": 1, "Original Hash Batches": 1, "Peak Memory Usage": 11721, "Plans": [{"Node Type": "Seq Scan", "Parent Relationship": "Outer", "Relation Name": "customer", "Alias": "customer", "Startup Cost": 0.0, "Total Cost": 55876.0, "Plan Rows": 303948, "Plan Width": 8, "Actual Startup Time": 0.025, "Actual Total Time": 609.909, "Actual Rows": 300036, "Actual Loops": 1, "Filter": "(c_mktsegment = 'AUTOMOBILE'::bpchar), (LLVM Optimized, Jit Execute)", "Rows Removed by Filter": 1199964}]}]}, {"Node Type": "Index Scan", "Parent Relationship": "Inner", "Scan Direction": "Forward", "Index Name": "idx_lineitem_orderkey", "Relation Name": "lineitem", "Alias": "lineitem", "Startup Cost": 0.0, "Total Cost": 1.35, "Plan Rows": 5, "Plan Width": 24, "Actual Startup Time": 10802.654, "Actual Total Time": 11090.593, "Actual Rows": 300219, "Actual Loops": 1455173, "Index Cond": "(l_orderkey = orders.o_orderkey)", "Rows Removed by Index Recheck": 0, "Filter": "(l_shipdate > '1995-03-13 00:00:00'::timestamp(0) without time zone)", "Rows Removed by Filter": 5519788}]}]}]}]}, "Triggers": [], "Planner Runtime": 1.214, "Total Runtime": 21127.825, "Unique SQL Id": 3929762122}}, "(64, '101')": {"explain_plan": {"Plan": {"Node Type": "Limit", "Startup Cost": 1829820.45, "Total Cost": 1829820.47, "Plan Rows": 10, "Plan Width": 44, "Plans": [{"Node Type": "Sort", "Parent Relationship": "Outer", "Startup Cost": 1829820.45, "Total Cost": 1838718.56, "Plan Rows": 10, "Plan Width": 44, "Sort Key": ["(sum((lineitem.l_extendedprice * (1::double precision - lineitem.l_discount)))) DESC", "orders.o_orderdate"], "Plans": [{"Node Type": "Aggregate", "Strategy": "Hashed", "Parent Relationship": "Outer", "Startup Cost": 1717313.93, "Total Cost": 1752906.4, "Plan Rows": 3559247, "Plan Width": 44, "Group By Key": ["lineitem.l_orderkey", "orders.o_orderdate", "orders.o_shippriority"], "Plans": [{"Node Type": "Nested Loop", "Parent Relationship": "Outer", "Join Type": "Inner", "Startup Cost": 257013.14, "Total Cost": 1663925.22, "Plan Rows": 3559247, "Plan Width": 36, "Inner Unique": false, "Plans": [{"Node Type": "Hash Join", "Parent Relationship": "Outer", "Join Type": "Inner", "Startup Cost": 257013.14, "Total Cost": 659380.88, "Plan Rows": 715772, "Plan Width": 20, "Inner Unique": true, "Hash Cond": "(orders.o_custkey = customer.c_custkey), (LLVM Optimized)", "Plans": [{"Node Type": "Bitmap Heap Scan", "Parent Relationship": "Outer", "Relation Name": "orders", "Alias": "orders", "Startup Cost": 168698.43, "Total Cost": 536495.14, "Plan Rows": 7310217, "Plan Width": 28, "Recheck Cond": "(o_orderdate < '1995-03-13 00:00:00'::timestamp(0) without time zone), (LLVM Optimized)", "Plans": [{"Node Type": "Bitmap Index Scan", "Parent Relationship": "Outer", "Index Name": "idx_orders_orderdate", "Startup Cost": 0.0, "Total Cost": 166870.88, "Plan Rows": 7310217, "Plan Width": 0, "Index Cond": "(o_orderdate < '1995-03-13 00:00:00'::timestamp(0) without time zone)"}]}, {"Node Type": "Hash", "Parent Relationship": "Inner", "Startup Cost": 84515.36, "Total Cost": 84515.36, "Plan Rows": 303948, "Plan Width": 8, "Plans": [{"Node Type": "Index Scan", "Parent Relationship": "Outer", "Scan Direction": "Forward", "Index Name": "customer_pkey", "Relation Name": "customer", "Alias": "customer", "Startup Cost": 0.0, "Total Cost": 84515.36, "Plan Rows": 303948, "Plan Width": 8, "Filter": "(c_mktsegment = 'AUTOMOBILE'::bpchar), (LLVM Optimized)"}]}]}, {"Node Type": "Index Scan", "Parent Relationship": "Inner", "Scan Direction": "Forward", "Index Name": "idx_lineitem_orderkey", "Relation Name": "lineitem", "Alias": "lineitem", "Startup Cost": 0.0, "Total Cost": 1.35, "Plan Rows": 5, "Plan Width": 24, "Index Cond": "(l_orderkey = orders.o_orderkey)", "Filter": "(l_shipdate > '1995-03-13 00:00:00'::timestamp(0) without time zone)"}]}]}]}]}, "Unique SQL Id": 3929762122, "Planner Runtime": 0}, "explain_analyze_plan": {"Plan": {"Node Type": "Limit", "Startup Cost": 1829820.45, "Total Cost": 1829820.47, "Plan Rows": 10, "Plan Width": 44, "Actual Startup Time": 22613.581, "Actual Total Time": 22613.584, "Actual Rows": 10, "Actual Loops": 1, "Plans": [{"Node Type": "Sort", "Parent Relationship": "Outer", "Startup Cost": 1829820.45, "Total Cost": 1838718.56, "Plan Rows": 10, "Plan Width": 44, "Actual Startup Time": 22613.577, "Actual Total Time": 22613.578, "Actual Rows": 10, "Actual Loops": 1, "Sort Key": ["(sum((lineitem.l_extendedprice * (1::double precision - lineitem.l_discount)))) DESC", "orders.o_orderdate"], "Sort Method": "top-N heapsort", "Sort Space Used": 26, "Sort Space Type": "Memory", "Plans": [{"Node Type": "Aggregate", "Strategy": "Hashed", "Parent Relationship": "Outer", "Startup Cost": 1717313.93, "Total Cost": 1752906.4, "Plan Rows": 3559247, "Plan Width": 44, "Actual Startup Time": 22530.245, "Actual Total Time": 22586.346, "Actual Rows": 113719, "Actual Loops": 1, "Group By Key": ["lineitem.l_orderkey", "orders.o_orderdate", "orders.o_shippriority"], "Plans": [{"Node Type": "Nested Loop", "Parent Relationship": "Outer", "Join Type": "Inner", "Startup Cost": 257013.14, "Total Cost": 1663925.22, "Plan Rows": 3559247, "Plan Width": 36, "Actual Startup Time": 3499.217, "Actual Total Time": 22242.047, "Actual Rows": 300219, "Actual Loops": 1, "Inner Unique": false, "Plans": [{"Node Type": "Hash Join", "Parent Relationship": "Outer", "Join Type": "Inner", "Startup Cost": 257013.14, "Total Cost": 659380.88, "Plan Rows": 715772, "Plan Width": 20, "Actual Startup Time": 3498.97, "Actual Total Time": 10470.555, "Actual Rows": 1455173, "Actual Loops": 1, "Inner Unique": true, "Hash Cond": "(orders.o_custkey = customer.c_custkey), (LLVM Optimized, Jit Execute)", "Plans": [{"Node Type": "Bitmap Heap Scan", "Parent Relationship": "Outer", "Relation Name": "orders", "Alias": "orders", "Startup Cost": 168698.43, "Total Cost": 536495.14, "Plan Rows": 7310217, "Plan Width": 28, "Actual Startup Time": 2285.018, "Actual Total Time": 6196.804, "Actual Rows": 7276947, "Actual Loops": 1, "Recheck Cond": "(o_orderdate < '1995-03-13 00:00:00'::timestamp(0) without time zone), (LLVM Optimized, Jit Execute)", "Rows Removed by Index Recheck": 0, "Exact Heap Blocks": 276419, "Lossy Heap Blocks": 276419, "Plans": [{"Node Type": "Bitmap Index Scan", "Parent Relationship": "Outer", "Index Name": "idx_orders_orderdate", "Startup Cost": 0.0, "Total Cost": 166870.88, "Plan Rows": 7310217, "Plan Width": 0, "Actual Startup Time": 2184.08, "Actual Total Time": 2184.08, "Actual Rows": 7276947, "Actual Loops": 1, "Index Cond": "(o_orderdate < '1995-03-13 00:00:00'::timestamp(0) without time zone)"}]}, {"Node Type": "Hash", "Parent Relationship": "Inner", "Startup Cost": 84515.36, "Total Cost": 84515.36, "Plan Rows": 303948, "Plan Width": 8, "Actual Startup Time": 1213.579, "Actual Total Time": 1213.579, "Actual Rows": 300036, "Actual Loops": 1, "Hash Buckets": 524288, "Hash Batches": 1, "Original Hash Batches": 1, "Peak Memory Usage": 11721, "Plans": [{"Node Type": "Index Scan", "Parent Relationship": "Outer", "Scan Direction": "Forward", "Index Name": "customer_pkey", "Relation Name": "customer", "Alias": "customer", "Startup Cost": 0.0, "Total Cost": 84515.36, "Plan Rows": 303948, "Plan Width": 8, "Actual Startup Time": 0.074, "Actual Total Time": 1102.735, "Actual Rows": 300036, "Actual Loops": 1, "Filter": "(c_mktsegment = 'AUTOMOBILE'::bpchar), (LLVM Optimized, Jit Execute)", "Rows Removed by Filter": 1199964}]}]}, {"Node Type": "Index Scan", "Parent Relationship": "Inner", "Scan Direction": "Forward", "Index Name": "idx_lineitem_orderkey", "Relation Name": "lineitem", "Alias": "lineitem", "Startup Cost": 0.0, "Total Cost": 1.35, "Plan Rows": 5, "Plan Width": 24, "Actual Startup Time": 10674.421, "Actual Total Time": 10965.74, "Actual Rows": 300219, "Actual Loops": 1455173, "Index Cond": "(l_orderkey = orders.o_orderkey)", "Rows Removed by Index Recheck": 0, "Filter": "(l_shipdate > '1995-03-13 00:00:00'::timestamp(0) without time zone)", "Rows Removed by Filter": 5519788}]}]}]}]}, "Triggers": [], "Planner Runtime": 1.278, "Total Runtime": 22623.875, "Unique SQL Id": 3929762122}}, "(64, '102')": {"explain_plan": {"Plan": {"Node Type": "Limit", "Startup Cost": 3055991.15, "Total Cost": 3055991.17, "Plan Rows": 10, "Plan Width": 44, "Plans": [{"Node Type": "Sort", "Parent Relationship": "Outer", "Startup Cost": 3055991.15, "Total Cost": 3064889.27, "Plan Rows": 10, "Plan Width": 44, "Sort Key": ["(sum((lineitem.l_extendedprice * (1::double precision - lineitem.l_discount)))) DESC", "orders.o_orderdate"], "Plans": [{"Node Type": "Aggregate", "Strategy": "Hashed", "Parent Relationship": "Outer", "Startup Cost": 2943484.63, "Total Cost": 2979077.1, "Plan Rows": 3559247, "Plan Width": 44, "Group By Key": ["lineitem.l_orderkey", "orders.o_orderdate", "orders.o_shippriority"], "Plans": [{"Node Type": "Hash Join", "Parent Relationship": "Outer", "Join Type": "Inner", "Startup Cost": 567106.02, "Total Cost": 2890095.93, "Plan Rows": 3559247, "Plan Width": 36, "Inner Unique": false, "Hash Cond": "(lineitem.l_orderkey = orders.o_orderkey), (LLVM Optimized)", "Plans": [{"Node Type": "Seq Scan", "Parent Relationship": "Outer", "Relation Name": "lineitem", "Alias": "lineitem", "Startup Cost": 0.0, "Total Cost": 2165082.91, "Plan Rows": 32617206, "Plan Width": 24, "Filter": "(l_shipdate > '1995-03-13 00:00:00'::timestamp(0) without time zone), (LLVM Optimized)"}, {"Node Type": "Hash", "Parent Relationship": "Inner", "Startup Cost": 558158.87, "Total Cost": 558158.87, "Plan Rows": 715772, "Plan Width": 20, "Plans": [{"Node Type": "Hash Join", "Parent Relationship": "Outer", "Join Type": "Inner", "Startup Cost": 60060.57, "Total Cost": 558158.87, "Plan Rows": 715772, "Plan Width": 20, "Inner Unique": true, "Hash Cond": "(orders.o_custkey = customer.c_custkey), (LLVM Optimized)", "Plans": [{"Node Type": "Seq Scan", "Parent Relationship": "Outer", "Relation Name": "orders", "Alias": "orders", "Startup Cost": 385.22, "Total Cost": 463912.49, "Plan Rows": 7310217, "Plan Width": 28, "Filter": "(o_orderdate < '1995-03-13 00:00:00'::timestamp(0) without time zone), (LLVM Optimized)"}, {"Node Type": "Hash", "Parent Relationship": "Inner", "Startup Cost": 55876.0, "Total Cost": 55876.0, "Plan Rows": 303948, "Plan Width": 8, "Plans": [{"Node Type": "Seq Scan", "Parent Relationship": "Outer", "Relation Name": "customer", "Alias": "customer", "Startup Cost": 0.0, "Total Cost": 55876.0, "Plan Rows": 303948, "Plan Width": 8, "Filter": "(c_mktsegment = 'AUTOMOBILE'::bpchar), (LLVM Optimized)"}]}]}]}]}]}]}]}, "Unique SQL Id": 3929762122, "Planner Runtime": 0}, "explain_analyze_plan": {"Plan": {"Node Type": "Limit", "Startup Cost": 3055991.15, "Total Cost": 3055991.17, "Plan Rows": 10, "Plan Width": 44, "Actual Startup Time": 38981.88, "Actual Total Time": 38981.882, "Actual Rows": 10, "Actual Loops": 1, "Plans": [{"Node Type": "Sort", "Parent Relationship": "Outer", "Startup Cost": 3055991.15, "Total Cost": 3064889.27, "Plan Rows": 10, "Plan Width": 44, "Actual Startup Time": 38981.877, "Actual Total Time": 38981.879, "Actual Rows": 10, "Actual Loops": 1, "Sort Key": ["(sum((lineitem.l_extendedprice * (1::double precision - lineitem.l_discount)))) DESC", "orders.o_orderdate"], "Sort Method": "top-N heapsort", "Sort Space Used": 26, "Sort Space Type": "Memory", "Plans": [{"Node Type": "Aggregate", "Strategy": "Hashed", "Parent Relationship": "Outer", "Startup Cost": 2943484.63, "Total Cost": 2979077.1, "Plan Rows": 3559247, "Plan Width": 44, "Actual Startup Time": 38897.899, "Actual Total Time": 38954.607, "Actual Rows": 113719, "Actual Loops": 1, "Group By Key": ["lineitem.l_orderkey", "orders.o_orderdate", "orders.o_shippriority"], "Plans": [{"Node Type": "Hash Join", "Parent Relationship": "Outer", "Join Type": "Inner", "Startup Cost": 567106.02, "Total Cost": 2890095.93, "Plan Rows": 3559247, "Plan Width": 36, "Actual Startup Time": 8861.31, "Actual Total Time": 38607.742, "Actual Rows": 300219, "Actual Loops": 1, "Inner Unique": false, "Hash Cond": "(lineitem.l_orderkey = orders.o_orderkey), (LLVM Optimized, Jit Execute)", "Plans": [{"Node Type": "Seq Scan", "Parent Relationship": "Outer", "Relation Name": "lineitem", "Alias": "lineitem", "Startup Cost": 0.0, "Total Cost": 2165082.91, "Plan Rows": 32617206, "Plan Width": 24, "Actual Startup Time": 0.043, "Actual Total Time": 21057.993, "Actual Rows": 32384344, "Actual Loops": 1, "Filter": "(l_shipdate > '1995-03-13 00:00:00'::timestamp(0) without time zone), (LLVM Optimized, Jit Execute)", "Rows Removed by Filter": 27601708}, {"Node Type": "Hash", "Parent Relationship": "Inner", "Startup Cost": 558158.87, "Total Cost": 558158.87, "Plan Rows": 715772, "Plan Width": 20, "Actual Startup Time": 8859.763, "Actual Total Time": 8859.763, "Actual Rows": 1455173, "Actual Loops": 1, "Hash Buckets": 1048576, "Hash Batches": 1, "Original Hash Batches": 1, "Peak Memory Usage": 79580, "Plans": [{"Node Type": "Hash Join", "Parent Relationship": "Outer", "Join Type": "Inner", "Startup Cost": 60060.57, "Total Cost": 558158.87, "Plan Rows": 715772, "Plan Width": 20, "Actual Startup Time": 722.618, "Actual Total Time": 8279.715, "Actual Rows": 1455173, "Actual Loops": 1, "Inner Unique": true, "Hash Cond": "(orders.o_custkey = customer.c_custkey), (LLVM Optimized, Jit Execute)", "Plans": [{"Node Type": "Seq Scan", "Parent Relationship": "Outer", "Relation Name": "orders", "Alias": "orders", "Startup Cost": 385.22, "Total Cost": 463912.49, "Plan Rows": 7310217, "Plan Width": 28, "Actual Startup Time": 0.02, "Actual Total Time": 4751.931, "Actual Rows": 7276947, "Actual Loops": 1, "Filter": "(o_orderdate < '1995-03-13 00:00:00'::timestamp(0) without time zone), (LLVM Optimized, Jit Execute)", "Rows Removed by Filter": 7723053}, {"Node Type": "Hash", "Parent Relationship": "Inner", "Startup Cost": 55876.0, "Total Cost": 55876.0, "Plan Rows": 303948, "Plan Width": 8, "Actual Startup Time": 722.198, "Actual Total Time": 722.198, "Actual Rows": 300036, "Actual Loops": 1, "Hash Buckets": 524288, "Hash Batches": 1, "Original Hash Batches": 1, "Peak Memory Usage": 11721, "Plans": [{"Node Type": "Seq Scan", "Parent Relationship": "Outer", "Relation Name": "customer", "Alias": "customer", "Startup Cost": 0.0, "Total Cost": 55876.0, "Plan Rows": 303948, "Plan Width": 8, "Actual Startup Time": 0.027, "Actual Total Time": 618.423, "Actual Rows": 300036, "Actual Loops": 1, "Filter": "(c_mktsegment = 'AUTOMOBILE'::bpchar), (LLVM Optimized, Jit Execute)", "Rows Removed by Filter": 1199964}]}]}]}]}]}]}]}, "Triggers": [], "Planner Runtime": 1.255, "Total Runtime": 38992.143, "Unique SQL Id": 3929762122}}, "(64, '103')": {"explain_plan": {"Plan": {"Node Type": "Limit", "Startup Cost": 35345596.54, "Total Cost": 35345596.56, "Plan Rows": 10, "Plan Width": 44, "Plans": [{"Node Type": "Sort", "Parent Relationship": "Outer", "Startup Cost": 35345596.54, "Total Cost": 35354494.65, "Plan Rows": 10, "Plan Width": 44, "Sort Key": ["(sum((lineitem.l_extendedprice * (1::double precision - lineitem.l_discount)))) DESC", "orders.o_orderdate"], "Plans": [{"Node Type": "Aggregate", "Strategy": "Hashed", "Parent Relationship": "Outer", "Startup Cost": 35233090.02, "Total Cost": 35268682.49, "Plan Rows": 3559247, "Plan Width": 44, "Group By Key": ["lineitem.l_orderkey", "orders.o_orderdate", "orders.o_shippriority"], "Plans": [{"Node Type": "Nested Loop", "Parent Relationship": "Outer", "Join Type": "Inner", "Startup Cost": 168699.14, "Total Cost": 35179701.31, "Plan Rows": 3559247, "Plan Width": 36, "Inner Unique": false, "Plans": [{"Node Type": "Nested Loop", "Parent Relationship": "Outer", "Join Type": "Inner", "Startup Cost": 168698.69, "Total Cost": 31865463.0, "Plan Rows": 715772, "Plan Width": 20, "Inner Unique": true, "Plans": [{"Node Type": "Bitmap Heap Scan", "Parent Relationship": "Outer", "Relation Name": "orders", "Alias": "orders", "Startup Cost": 168698.43, "Total Cost": 536495.14, "Plan Rows": 7310217, "Plan Width": 28, "Recheck Cond": "(o_orderdate < '1995-03-13 00:00:00'::timestamp(0) without time zone), (LLVM Optimized)", "Plans": [{"Node Type": "Bitmap Index Scan", "Parent Relationship": "Outer", "Index Name": "idx_orders_orderdate", "Startup Cost": 0.0, "Total Cost": 166870.88, "Plan Rows": 7310217, "Plan Width": 0, "Index Cond": "(o_orderdate < '1995-03-13 00:00:00'::timestamp(0) without time zone)"}]}, {"Node Type": "Bitmap Heap Scan", "Parent Relationship": "Inner", "Relation Name": "customer", "Alias": "customer", "Startup Cost": 0.26, "Total Cost": 4.28, "Plan Rows": 1, "Plan Width": 8, "Recheck Cond": "(c_custkey = orders.o_custkey)", "Filter": "(c_mktsegment = 'AUTOMOBILE'::bpchar)", "Plans": [{"Node Type": "Bitmap Index Scan", "Parent Relationship": "Outer", "Index Name": "customer_pkey", "Startup Cost": 0.0, "Total Cost": 0.26, "Plan Rows": 1, "Plan Width": 0, "Index Cond": "(c_custkey = orders.o_custkey)"}]}]}, {"Node Type": "Bitmap Heap Scan", "Parent Relationship": "Inner", "Relation Name": "lineitem", "Alias": "lineitem", "Startup Cost": 0.45, "Total Cost": 4.58, "Plan Rows": 5, "Plan Width": 24, "Recheck Cond": "(l_orderkey = orders.o_orderkey)", "Filter": "(l_shipdate > '1995-03-13 00:00:00'::timestamp(0) without time zone)", "Plans": [{"Node Type": "Bitmap Index Scan", "Parent Relationship": "Outer", "Index Name": "idx_lineitem_orderkey", "Startup Cost": 0.0, "Total Cost": 0.44, "Plan Rows": 9, "Plan Width": 0, "Index Cond": "(l_orderkey = orders.o_orderkey)"}]}]}]}]}]}, "Unique SQL Id": 3929762122, "Planner Runtime": 0}, "explain_analyze_plan": null}, "(64, '104')": {"explain_plan": {"Plan": {"Node Type": "Limit", "Startup Cost": 1728598.43, "Total Cost": 1728598.46, "Plan Rows": 10, "Plan Width": 44, "Plans": [{"Node Type": "Sort", "Parent Relationship": "Outer", "Startup Cost": 1728598.43, "Total Cost": 1737496.55, "Plan Rows": 10, "Plan Width": 44, "Sort Key": ["(sum((lineitem.l_extendedprice * (1::double precision - lineitem.l_discount)))) DESC", "orders.o_orderdate"], "Plans": [{"Node Type": "Aggregate", "Strategy": "Hashed", "Parent Relationship": "Outer", "Startup Cost": 1616091.91, "Total Cost": 1651684.38, "Plan Rows": 3559247, "Plan Width": 44, "Group By Key": ["lineitem.l_orderkey", "orders.o_orderdate", "orders.o_shippriority"], "Plans": [{"Node Type": "Nested Loop", "Parent Relationship": "Outer", "Join Type": "Inner", "Startup Cost": 60060.57, "Total Cost": 1562703.21, "Plan Rows": 3559247, "Plan Width": 36, "Inner Unique": false, "Plans": [{"Node Type": "Hash Join", "Parent Relationship": "Outer", "Join Type": "Inner", "Startup Cost": 60060.57, "Total Cost": 558158.87, "Plan Rows": 715772, "Plan Width": 20, "Inner Unique": true, "Hash Cond": "(orders.o_custkey = customer.c_custkey), (LLVM Optimized)", "Plans": [{"Node Type": "Seq Scan", "Parent Relationship": "Outer", "Relation Name": "orders", "Alias": "orders", "Startup Cost": 385.22, "Total Cost": 463912.49, "Plan Rows": 7310217, "Plan Width": 28, "Filter": "(o_orderdate < '1995-03-13 00:00:00'::timestamp(0) without time zone), (LLVM Optimized)"}, {"Node Type": "Hash", "Parent Relationship": "Inner", "Startup Cost": 55876.0, "Total Cost": 55876.0, "Plan Rows": 303948, "Plan Width": 8, "Plans": [{"Node Type": "Seq Scan", "Parent Relationship": "Outer", "Relation Name": "customer", "Alias": "customer", "Startup Cost": 0.0, "Total Cost": 55876.0, "Plan Rows": 303948, "Plan Width": 8, "Filter": "(c_mktsegment = 'AUTOMOBILE'::bpchar), (LLVM Optimized)"}]}]}, {"Node Type": "Index Scan", "Parent Relationship": "Inner", "Scan Direction": "Forward", "Index Name": "idx_lineitem_orderkey", "Relation Name": "lineitem", "Alias": "lineitem", "Startup Cost": 0.0, "Total Cost": 1.35, "Plan Rows": 5, "Plan Width": 24, "Index Cond": "(l_orderkey = orders.o_orderkey)", "Filter": "(l_shipdate > '1995-03-13 00:00:00'::timestamp(0) without time zone)"}]}]}]}]}, "Unique SQL Id": 3929762122, "Planner Runtime": 0}, "explain_analyze_plan": {"Plan": {"Node Type": "Limit", "Startup Cost": 1728598.43, "Total Cost": 1728598.46, "Plan Rows": 10, "Plan Width": 44, "Actual Startup Time": 21117.994, "Actual Total Time": 21117.997, "Actual Rows": 10, "Actual Loops": 1, "Plans": [{"Node Type": "Sort", "Parent Relationship": "Outer", "Startup Cost": 1728598.43, "Total Cost": 1737496.55, "Plan Rows": 10, "Plan Width": 44, "Actual Startup Time": 21117.992, "Actual Total Time": 21117.994, "Actual Rows": 10, "Actual Loops": 1, "Sort Key": ["(sum((lineitem.l_extendedprice * (1::double precision - lineitem.l_discount)))) DESC", "orders.o_orderdate"], "Sort Method": "top-N heapsort", "Sort Space Used": 26, "Sort Space Type": "Memory", "Plans": [{"Node Type": "Aggregate", "Strategy": "Hashed", "Parent Relationship": "Outer", "Startup Cost": 1616091.91, "Total Cost": 1651684.38, "Plan Rows": 3559247, "Plan Width": 44, "Actual Startup Time": 21027.036, "Actual Total Time": 21090.872, "Actual Rows": 113719, "Actual Loops": 1, "Group By Key": ["lineitem.l_orderkey", "orders.o_orderdate", "orders.o_shippriority"], "Plans": [{"Node Type": "Nested Loop", "Parent Relationship": "Outer", "Join Type": "Inner", "Startup Cost": 60060.57, "Total Cost": 1562703.21, "Plan Rows": 3559247, "Plan Width": 36, "Actual Startup Time": 715.193, "Actual Total Time": 20724.929, "Actual Rows": 300219, "Actual Loops": 1, "Inner Unique": false, "Plans": [{"Node Type": "Hash Join", "Parent Relationship": "Outer", "Join Type": "Inner", "Startup Cost": 60060.57, "Total Cost": 558158.87, "Plan Rows": 715772, "Plan Width": 20, "Actual Startup Time": 714.951, "Actual Total Time": 8829.543, "Actual Rows": 1455173, "Actual Loops": 1, "Inner Unique": true, "Hash Cond": "(orders.o_custkey = customer.c_custkey), (LLVM Optimized, Jit Execute)", "Plans": [{"Node Type": "Seq Scan", "Parent Relationship": "Outer", "Relation Name": "orders", "Alias": "orders", "Startup Cost": 385.22, "Total Cost": 463912.49, "Plan Rows": 7310217, "Plan Width": 28, "Actual Startup Time": 0.057, "Actual Total Time": 4914.288, "Actual Rows": 7276947, "Actual Loops": 1, "Filter": "(o_orderdate < '1995-03-13 00:00:00'::timestamp(0) without time zone), (LLVM Optimized, Jit Execute)", "Rows Removed by Filter": 7723053}, {"Node Type": "Hash", "Parent Relationship": "Inner", "Startup Cost": 55876.0, "Total Cost": 55876.0, "Plan Rows": 303948, "Plan Width": 8, "Actual Startup Time": 714.362, "Actual Total Time": 714.362, "Actual Rows": 300036, "Actual Loops": 1, "Hash Buckets": 524288, "Hash Batches": 1, "Original Hash Batches": 1, "Peak Memory Usage": 11721, "Plans": [{"Node Type": "Seq Scan", "Parent Relationship": "Outer", "Relation Name": "customer", "Alias": "customer", "Startup Cost": 0.0, "Total Cost": 55876.0, "Plan Rows": 303948, "Plan Width": 8, "Actual Startup Time": 0.025, "Actual Total Time": 609.909, "Actual Rows": 300036, "Actual Loops": 1, "Filter": "(c_mktsegment = 'AUTOMOBILE'::bpchar), (LLVM Optimized, Jit Execute)", "Rows Removed by Filter": 1199964}]}]}, {"Node Type": "Index Scan", "Parent Relationship": "Inner", "Scan Direction": "Forward", "Index Name": "idx_lineitem_orderkey", "Relation Name": "lineitem", "Alias": "lineitem", "Startup Cost": 0.0, "Total Cost": 1.35, "Plan Rows": 5, "Plan Width": 24, "Actual Startup Time": 10802.654, "Actual Total Time": 11090.593, "Actual Rows": 300219, "Actual Loops": 1455173, "Index Cond": "(l_orderkey = orders.o_orderkey)", "Rows Removed by Index Recheck": 0, "Filter": "(l_shipdate > '1995-03-13 00:00:00'::timestamp(0) without time zone)", "Rows Removed by Filter": 5519788}]}]}]}]}, "Triggers": [], "Planner Runtime": 1.214, "Total Runtime": 21127.825, "Unique SQL Id": 3929762122}}, "(64, '105')": {"explain_plan": {"Plan": {"Node Type": "Limit", "Startup Cost": 2061802.43, "Total Cost": 2061802.46, "Plan Rows": 10, "Plan Width": 44, "Plans": [{"Node Type": "Sort", "Parent Relationship": "Outer", "Startup Cost": 2061802.43, "Total Cost": 2070700.55, "Plan Rows": 10, "Plan Width": 44, "Sort Key": ["(sum((lineitem.l_extendedprice * (1::double precision - lineitem.l_discount)))) DESC", "orders.o_orderdate"], "Plans": [{"Node Type": "Aggregate", "Strategy": "Hashed", "Parent Relationship": "Outer", "Startup Cost": 1949295.92, "Total Cost": 1984888.39, "Plan Rows": 3559247, "Plan Width": 44, "Group By Key": ["lineitem.l_orderkey", "orders.o_orderdate", "orders.o_shippriority"], "Plans": [{"Node Type": "Nested Loop", "Parent Relationship": "Outer", "Join Type": "Inner", "Startup Cost": 88314.71, "Total Cost": 1895907.21, "Plan Rows": 3559247, "Plan Width": 36, "Inner Unique": false, "Plans": [{"Node Type": "Hash Join", "Parent Relationship": "Outer", "Join Type": "Inner", "Startup Cost": 88314.71, "Total Cost": 891362.87, "Plan Rows": 715772, "Plan Width": 20, "Inner Unique": true, "Hash Cond": "(orders.o_custkey = customer.c_custkey), (LLVM Optimized)", "Plans": [{"Node Type": "Index Scan", "Parent Relationship": "Outer", "Scan Direction": "Forward", "Index Name": "orders_pkey", "Relation Name": "orders", "Alias": "orders", "Startup Cost": 0.0, "Total Cost": 768477.13, "Plan Rows": 7310217, "Plan Width": 28, "Filter": "(o_orderdate < '1995-03-13 00:00:00'::timestamp(0) without time zone), (LLVM Optimized)"}, {"Node Type": "Hash", "Parent Relationship": "Inner", "Startup Cost": 84515.36, "Total Cost": 84515.36, "Plan Rows": 303948, "Plan Width": 8, "Plans": [{"Node Type": "Index Scan", "Parent Relationship": "Outer", "Scan Direction": "Forward", "Index Name": "customer_pkey", "Relation Name": "customer", "Alias": "customer", "Startup Cost": 0.0, "Total Cost": 84515.36, "Plan Rows": 303948, "Plan Width": 8, "Filter": "(c_mktsegment = 'AUTOMOBILE'::bpchar), (LLVM Optimized)"}]}]}, {"Node Type": "Index Scan", "Parent Relationship": "Inner", "Scan Direction": "Forward", "Index Name": "idx_lineitem_orderkey", "Relation Name": "lineitem", "Alias": "lineitem", "Startup Cost": 0.0, "Total Cost": 1.35, "Plan Rows": 5, "Plan Width": 24, "Index Cond": "(l_orderkey = orders.o_orderkey)", "Filter": "(l_shipdate > '1995-03-13 00:00:00'::timestamp(0) without time zone)"}]}]}]}]}, "Unique SQL Id": 3929762122, "Planner Runtime": 0}, "explain_analyze_plan": {"Plan": {"Node Type": "Limit", "Startup Cost": 2061802.43, "Total Cost": 2061802.46, "Plan Rows": 10, "Plan Width": 44, "Actual Startup Time": 25672.05, "Actual Total Time": 25672.053, "Actual Rows": 10, "Actual Loops": 1, "Plans": [{"Node Type": "Sort", "Parent Relationship": "Outer", "Startup Cost": 2061802.43, "Total Cost": 2070700.55, "Plan Rows": 10, "Plan Width": 44, "Actual Startup Time": 25672.047, "Actual Total Time": 25672.048, "Actual Rows": 10, "Actual Loops": 1, "Sort Key": ["(sum((lineitem.l_extendedprice * (1::double precision - lineitem.l_discount)))) DESC", "orders.o_orderdate"], "Sort Method": "top-N heapsort", "Sort Space Used": 26, "Sort Space Type": "Memory", "Plans": [{"Node Type": "Aggregate", "Strategy": "Hashed", "Parent Relationship": "Outer", "Startup Cost": 1949295.92, "Total Cost": 1984888.39, "Plan Rows": 3559247, "Plan Width": 44, "Actual Startup Time": 25588.41, "Actual Total Time": 25644.782, "Actual Rows": 113719, "Actual Loops": 1, "Group By Key": ["lineitem.l_orderkey", "orders.o_orderdate", "orders.o_shippriority"], "Plans": [{"Node Type": "Nested Loop", "Parent Relationship": "Outer", "Join Type": "Inner", "Startup Cost": 88314.71, "Total Cost": 1895907.21, "Plan Rows": 3559247, "Plan Width": 36, "Actual Startup Time": 1062.211, "Actual Total Time": 25289.084, "Actual Rows": 300219, "Actual Loops": 1, "Inner Unique": false, "Plans": [{"Node Type": "Hash Join", "Parent Relationship": "Outer", "Join Type": "Inner", "Startup Cost": 88314.71, "Total Cost": 891362.87, "Plan Rows": 715772, "Plan Width": 20, "Actual Startup Time": 1061.984, "Actual Total Time": 13602.54, "Actual Rows": 1455173, "Actual Loops": 1, "Inner Unique": true, "Hash Cond": "(orders.o_custkey = customer.c_custkey), (LLVM Optimized, Jit Execute)", "Plans": [{"Node Type": "Index Scan", "Parent Relationship": "Outer", "Scan Direction": "Forward", "Index Name": "orders_pkey", "Relation Name": "orders", "Alias": "orders", "Startup Cost": 0.0, "Total Cost": 768477.13, "Plan Rows": 7310217, "Plan Width": 28, "Actual Startup Time": 0.071, "Actual Total Time": 9446.102, "Actual Rows": 7276947, "Actual Loops": 1, "Filter": "(o_orderdate < '1995-03-13 00:00:00'::timestamp(0) without time zone), (LLVM Optimized, Jit Execute)", "Rows Removed by Filter": 7723053}, {"Node Type": "Hash", "Parent Relationship": "Inner", "Startup Cost": 84515.36, "Total Cost": 84515.36, "Plan Rows": 303948, "Plan Width": 8, "Actual Startup Time": 1061.528, "Actual Total Time": 1061.528, "Actual Rows": 300036, "Actual Loops": 1, "Hash Buckets": 524288, "Hash Batches": 1, "Original Hash Batches": 1, "Peak Memory Usage": 11721, "Plans": [{"Node Type": "Index Scan", "Parent Relationship": "Outer", "Scan Direction": "Forward", "Index Name": "customer_pkey", "Relation Name": "customer", "Alias": "customer", "Startup Cost": 0.0, "Total Cost": 84515.36, "Plan Rows": 303948, "Plan Width": 8, "Actual Startup Time": 0.027, "Actual Total Time": 960.549, "Actual Rows": 300036, "Actual Loops": 1, "Filter": "(c_mktsegment = 'AUTOMOBILE'::bpchar), (LLVM Optimized, Jit Execute)", "Rows Removed by Filter": 1199964}]}]}, {"Node Type": "Index Scan", "Parent Relationship": "Inner", "Scan Direction": "Forward", "Index Name": "idx_lineitem_orderkey", "Relation Name": "lineitem", "Alias": "lineitem", "Startup Cost": 0.0, "Total Cost": 1.35, "Plan Rows": 5, "Plan Width": 24, "Actual Startup Time": 10601.802, "Actual Total Time": 10891.035, "Actual Rows": 300219, "Actual Loops": 1455173, "Index Cond": "(l_orderkey = orders.o_orderkey)", "Rows Removed by Index Recheck": 0, "Filter": "(l_shipdate > '1995-03-13 00:00:00'::timestamp(0) without time zone)", "Rows Removed by Filter": 5519788}]}]}]}]}, "Triggers": [], "Planner Runtime": 1.227, "Total Runtime": 25681.824, "Unique SQL Id": 3929762122}}, "(64, '106')": {"explain_plan": {"Plan": {"Node Type": "Limit", "Startup Cost": 3055991.15, "Total Cost": 3055991.17, "Plan Rows": 10, "Plan Width": 44, "Plans": [{"Node Type": "Sort", "Parent Relationship": "Outer", "Startup Cost": 3055991.15, "Total Cost": 3064889.27, "Plan Rows": 10, "Plan Width": 44, "Sort Key": ["(sum((lineitem.l_extendedprice * (1::double precision - lineitem.l_discount)))) DESC", "orders.o_orderdate"], "Plans": [{"Node Type": "Aggregate", "Strategy": "Hashed", "Parent Relationship": "Outer", "Startup Cost": 2943484.63, "Total Cost": 2979077.1, "Plan Rows": 3559247, "Plan Width": 44, "Group By Key": ["lineitem.l_orderkey", "orders.o_orderdate", "orders.o_shippriority"], "Plans": [{"Node Type": "Hash Join", "Parent Relationship": "Outer", "Join Type": "Inner", "Startup Cost": 567106.02, "Total Cost": 2890095.93, "Plan Rows": 3559247, "Plan Width": 36, "Inner Unique": false, "Hash Cond": "(lineitem.l_orderkey = orders.o_orderkey), (LLVM Optimized)", "Plans": [{"Node Type": "Seq Scan", "Parent Relationship": "Outer", "Relation Name": "lineitem", "Alias": "lineitem", "Startup Cost": 0.0, "Total Cost": 2165082.91, "Plan Rows": 32617206, "Plan Width": 24, "Filter": "(l_shipdate > '1995-03-13 00:00:00'::timestamp(0) without time zone), (LLVM Optimized)"}, {"Node Type": "Hash", "Parent Relationship": "Inner", "Startup Cost": 558158.87, "Total Cost": 558158.87, "Plan Rows": 715772, "Plan Width": 20, "Plans": [{"Node Type": "Hash Join", "Parent Relationship": "Outer", "Join Type": "Inner", "Startup Cost": 60060.57, "Total Cost": 558158.87, "Plan Rows": 715772, "Plan Width": 20, "Inner Unique": true, "Hash Cond": "(orders.o_custkey = customer.c_custkey), (LLVM Optimized)", "Plans": [{"Node Type": "Seq Scan", "Parent Relationship": "Outer", "Relation Name": "orders", "Alias": "orders", "Startup Cost": 385.22, "Total Cost": 463912.49, "Plan Rows": 7310217, "Plan Width": 28, "Filter": "(o_orderdate < '1995-03-13 00:00:00'::timestamp(0) without time zone), (LLVM Optimized)"}, {"Node Type": "Hash", "Parent Relationship": "Inner", "Startup Cost": 55876.0, "Total Cost": 55876.0, "Plan Rows": 303948, "Plan Width": 8, "Plans": [{"Node Type": "Seq Scan", "Parent Relationship": "Outer", "Relation Name": "customer", "Alias": "customer", "Startup Cost": 0.0, "Total Cost": 55876.0, "Plan Rows": 303948, "Plan Width": 8, "Filter": "(c_mktsegment = 'AUTOMOBILE'::bpchar), (LLVM Optimized)"}]}]}]}]}]}]}]}, "Unique SQL Id": 3929762122, "Planner Runtime": 0}, "explain_analyze_plan": {"Plan": {"Node Type": "Limit", "Startup Cost": 3055991.15, "Total Cost": 3055991.17, "Plan Rows": 10, "Plan Width": 44, "Actual Startup Time": 38981.88, "Actual Total Time": 38981.882, "Actual Rows": 10, "Actual Loops": 1, "Plans": [{"Node Type": "Sort", "Parent Relationship": "Outer", "Startup Cost": 3055991.15, "Total Cost": 3064889.27, "Plan Rows": 10, "Plan Width": 44, "Actual Startup Time": 38981.877, "Actual Total Time": 38981.879, "Actual Rows": 10, "Actual Loops": 1, "Sort Key": ["(sum((lineitem.l_extendedprice * (1::double precision - lineitem.l_discount)))) DESC", "orders.o_orderdate"], "Sort Method": "top-N heapsort", "Sort Space Used": 26, "Sort Space Type": "Memory", "Plans": [{"Node Type": "Aggregate", "Strategy": "Hashed", "Parent Relationship": "Outer", "Startup Cost": 2943484.63, "Total Cost": 2979077.1, "Plan Rows": 3559247, "Plan Width": 44, "Actual Startup Time": 38897.899, "Actual Total Time": 38954.607, "Actual Rows": 113719, "Actual Loops": 1, "Group By Key": ["lineitem.l_orderkey", "orders.o_orderdate", "orders.o_shippriority"], "Plans": [{"Node Type": "Hash Join", "Parent Relationship": "Outer", "Join Type": "Inner", "Startup Cost": 567106.02, "Total Cost": 2890095.93, "Plan Rows": 3559247, "Plan Width": 36, "Actual Startup Time": 8861.31, "Actual Total Time": 38607.742, "Actual Rows": 300219, "Actual Loops": 1, "Inner Unique": false, "Hash Cond": "(lineitem.l_orderkey = orders.o_orderkey), (LLVM Optimized, Jit Execute)", "Plans": [{"Node Type": "Seq Scan", "Parent Relationship": "Outer", "Relation Name": "lineitem", "Alias": "lineitem", "Startup Cost": 0.0, "Total Cost": 2165082.91, "Plan Rows": 32617206, "Plan Width": 24, "Actual Startup Time": 0.043, "Actual Total Time": 21057.993, "Actual Rows": 32384344, "Actual Loops": 1, "Filter": "(l_shipdate > '1995-03-13 00:00:00'::timestamp(0) without time zone), (LLVM Optimized, Jit Execute)", "Rows Removed by Filter": 27601708}, {"Node Type": "Hash", "Parent Relationship": "Inner", "Startup Cost": 558158.87, "Total Cost": 558158.87, "Plan Rows": 715772, "Plan Width": 20, "Actual Startup Time": 8859.763, "Actual Total Time": 8859.763, "Actual Rows": 1455173, "Actual Loops": 1, "Hash Buckets": 1048576, "Hash Batches": 1, "Original Hash Batches": 1, "Peak Memory Usage": 79580, "Plans": [{"Node Type": "Hash Join", "Parent Relationship": "Outer", "Join Type": "Inner", "Startup Cost": 60060.57, "Total Cost": 558158.87, "Plan Rows": 715772, "Plan Width": 20, "Actual Startup Time": 722.618, "Actual Total Time": 8279.715, "Actual Rows": 1455173, "Actual Loops": 1, "Inner Unique": true, "Hash Cond": "(orders.o_custkey = customer.c_custkey), (LLVM Optimized, Jit Execute)", "Plans": [{"Node Type": "Seq Scan", "Parent Relationship": "Outer", "Relation Name": "orders", "Alias": "orders", "Startup Cost": 385.22, "Total Cost": 463912.49, "Plan Rows": 7310217, "Plan Width": 28, "Actual Startup Time": 0.02, "Actual Total Time": 4751.931, "Actual Rows": 7276947, "Actual Loops": 1, "Filter": "(o_orderdate < '1995-03-13 00:00:00'::timestamp(0) without time zone), (LLVM Optimized, Jit Execute)", "Rows Removed by Filter": 7723053}, {"Node Type": "Hash", "Parent Relationship": "Inner", "Startup Cost": 55876.0, "Total Cost": 55876.0, "Plan Rows": 303948, "Plan Width": 8, "Actual Startup Time": 722.198, "Actual Total Time": 722.198, "Actual Rows": 300036, "Actual Loops": 1, "Hash Buckets": 524288, "Hash Batches": 1, "Original Hash Batches": 1, "Peak Memory Usage": 11721, "Plans": [{"Node Type": "Seq Scan", "Parent Relationship": "Outer", "Relation Name": "customer", "Alias": "customer", "Startup Cost": 0.0, "Total Cost": 55876.0, "Plan Rows": 303948, "Plan Width": 8, "Actual Startup Time": 0.027, "Actual Total Time": 618.423, "Actual Rows": 300036, "Actual Loops": 1, "Filter": "(c_mktsegment = 'AUTOMOBILE'::bpchar), (LLVM Optimized, Jit Execute)", "Rows Removed by Filter": 1199964}]}]}]}]}]}]}]}, "Triggers": [], "Planner Runtime": 1.255, "Total Runtime": 38992.143, "Unique SQL Id": 3929762122}}, "(64, '107')": {"explain_plan": {"Plan": {"Node Type": "Limit", "Startup Cost": 3000424682501.37, "Total Cost": 3000424682501.4, "Plan Rows": 10, "Plan Width": 44, "Plans": [{"Node Type": "Sort", "Parent Relationship": "Outer", "Startup Cost": 3000424682501.37, "Total Cost": 3000424691399.49, "Plan Rows": 10, "Plan Width": 44, "Sort Key": ["(sum((lineitem.l_extendedprice * (1::double precision - lineitem.l_discount)))) DESC", "orders.o_orderdate"], "Plans": [{"Node Type": "Aggregate", "Strategy": "Hashed", "Parent Relationship": "Outer", "Startup Cost": 3000424569994.85, "Total Cost": 3000424605587.32, "Plan Rows": 3559247, "Plan Width": 44, "Group By Key": ["lineitem.l_orderkey", "orders.o_orderdate", "orders.o_shippriority"], "Plans": [{"Node Type": "Hash Join", "Parent Relationship": "Outer", "Join Type": "Inner", "Startup Cost": 2010085346566.41, "Total Cost": 3000424516606.15, "Plan Rows": 3559247, "Plan Width": 36, "Inner Unique": false, "Hash Cond": "(lineitem.l_orderkey = orders.o_orderkey), (LLVM Optimized)", "Plans": [{"Node Type": "Index Scan", "Parent Relationship": "Outer", "Scan Direction": "Forward", "Index Name": "idx_lineitem_orderkey", "Relation Name": "lineitem", "Alias": "lineitem", "Startup Cost": 10000000000.0, "Total Cost": 1000339012132.75, "Plan Rows": 32617206, "Plan Width": 24, "Filter": "(l_shipdate > '1995-03-13 00:00:00'::timestamp(0) without time zone), (LLVM Optimized)"}, {"Node Type": "Hash", "Parent Relationship": "Inner", "Startup Cost": 2000085337619.26, "Total Cost": 2000085337619.26, "Plan Rows": 715772, "Plan Width": 20, "Plans": [{"Node Type": "Hash Join", "Parent Relationship": "Outer", "Join Type": "Inner", "Startup Cost": 1010008455334.97, "Total Cost": 2000085337619.26, "Plan Rows": 715772, "Plan Width": 20, "Inner Unique": true, "Hash Cond": "(orders.o_custkey = customer.c_custkey), (LLVM Optimized)", "Plans": [{"Node Type": "Index Scan", "Parent Relationship": "Outer", "Scan Direction": "Forward", "Index Name": "orders_pkey", "Relation Name": "orders", "Alias": "orders", "Startup Cost": 10000000000.0, "Total Cost": 1000076847713.25, "Plan Rows": 7310217, "Plan Width": 28, "Filter": "(o_orderdate < '1995-03-13 00:00:00'::timestamp(0) without time zone), (LLVM Optimized)"}, {"Node Type": "Hash", "Parent Relationship": "Inner", "Startup Cost": 1000008451535.62, "Total Cost": 1000008451535.62, "Plan Rows": 303948, "Plan Width": 8, "Plans": [{"Node Type": "Index Scan", "Parent Relationship": "Outer", "Scan Direction": "Forward", "Index Name": "customer_pkey", "Relation Name": "customer", "Alias": "customer", "Startup Cost": 10000000000.0, "Total Cost": 1000008451535.62, "Plan Rows": 303948, "Plan Width": 8, "Filter": "(c_mktsegment = 'AUTOMOBILE'::bpchar), (LLVM Optimized)"}]}]}]}]}]}]}]}, "Unique SQL Id": 3929762122, "Planner Runtime": 0}, "explain_analyze_plan": null}, "(64, '108')": {"explain_plan": {"Plan": {"Node Type": "Limit", "Startup Cost": 1728598.43, "Total Cost": 1728598.46, "Plan Rows": 10, "Plan Width": 44, "Plans": [{"Node Type": "Sort", "Parent Relationship": "Outer", "Startup Cost": 1728598.43, "Total Cost": 1737496.55, "Plan Rows": 10, "Plan Width": 44, "Sort Key": ["(sum((lineitem.l_extendedprice * (1::double precision - lineitem.l_discount)))) DESC", "orders.o_orderdate"], "Plans": [{"Node Type": "Aggregate", "Strategy": "Hashed", "Parent Relationship": "Outer", "Startup Cost": 1616091.91, "Total Cost": 1651684.38, "Plan Rows": 3559247, "Plan Width": 44, "Group By Key": ["lineitem.l_orderkey", "orders.o_orderdate", "orders.o_shippriority"], "Plans": [{"Node Type": "Nested Loop", "Parent Relationship": "Outer", "Join Type": "Inner", "Startup Cost": 60060.57, "Total Cost": 1562703.21, "Plan Rows": 3559247, "Plan Width": 36, "Inner Unique": false, "Plans": [{"Node Type": "Hash Join", "Parent Relationship": "Outer", "Join Type": "Inner", "Startup Cost": 60060.57, "Total Cost": 558158.87, "Plan Rows": 715772, "Plan Width": 20, "Inner Unique": true, "Hash Cond": "(orders.o_custkey = customer.c_custkey), (LLVM Optimized)", "Plans": [{"Node Type": "Seq Scan", "Parent Relationship": "Outer", "Relation Name": "orders", "Alias": "orders", "Startup Cost": 385.22, "Total Cost": 463912.49, "Plan Rows": 7310217, "Plan Width": 28, "Filter": "(o_orderdate < '1995-03-13 00:00:00'::timestamp(0) without time zone), (LLVM Optimized)"}, {"Node Type": "Hash", "Parent Relationship": "Inner", "Startup Cost": 55876.0, "Total Cost": 55876.0, "Plan Rows": 303948, "Plan Width": 8, "Plans": [{"Node Type": "Seq Scan", "Parent Relationship": "Outer", "Relation Name": "customer", "Alias": "customer", "Startup Cost": 0.0, "Total Cost": 55876.0, "Plan Rows": 303948, "Plan Width": 8, "Filter": "(c_mktsegment = 'AUTOMOBILE'::bpchar), (LLVM Optimized)"}]}]}, {"Node Type": "Index Scan", "Parent Relationship": "Inner", "Scan Direction": "Forward", "Index Name": "idx_lineitem_orderkey", "Relation Name": "lineitem", "Alias": "lineitem", "Startup Cost": 0.0, "Total Cost": 1.35, "Plan Rows": 5, "Plan Width": 24, "Index Cond": "(l_orderkey = orders.o_orderkey)", "Filter": "(l_shipdate > '1995-03-13 00:00:00'::timestamp(0) without time zone)"}]}]}]}]}, "Unique SQL Id": 3929762122, "Planner Runtime": 0}, "explain_analyze_plan": {"Plan": {"Node Type": "Limit", "Startup Cost": 1728598.43, "Total Cost": 1728598.46, "Plan Rows": 10, "Plan Width": 44, "Actual Startup Time": 21117.994, "Actual Total Time": 21117.997, "Actual Rows": 10, "Actual Loops": 1, "Plans": [{"Node Type": "Sort", "Parent Relationship": "Outer", "Startup Cost": 1728598.43, "Total Cost": 1737496.55, "Plan Rows": 10, "Plan Width": 44, "Actual Startup Time": 21117.992, "Actual Total Time": 21117.994, "Actual Rows": 10, "Actual Loops": 1, "Sort Key": ["(sum((lineitem.l_extendedprice * (1::double precision - lineitem.l_discount)))) DESC", "orders.o_orderdate"], "Sort Method": "top-N heapsort", "Sort Space Used": 26, "Sort Space Type": "Memory", "Plans": [{"Node Type": "Aggregate", "Strategy": "Hashed", "Parent Relationship": "Outer", "Startup Cost": 1616091.91, "Total Cost": 1651684.38, "Plan Rows": 3559247, "Plan Width": 44, "Actual Startup Time": 21027.036, "Actual Total Time": 21090.872, "Actual Rows": 113719, "Actual Loops": 1, "Group By Key": ["lineitem.l_orderkey", "orders.o_orderdate", "orders.o_shippriority"], "Plans": [{"Node Type": "Nested Loop", "Parent Relationship": "Outer", "Join Type": "Inner", "Startup Cost": 60060.57, "Total Cost": 1562703.21, "Plan Rows": 3559247, "Plan Width": 36, "Actual Startup Time": 715.193, "Actual Total Time": 20724.929, "Actual Rows": 300219, "Actual Loops": 1, "Inner Unique": false, "Plans": [{"Node Type": "Hash Join", "Parent Relationship": "Outer", "Join Type": "Inner", "Startup Cost": 60060.57, "Total Cost": 558158.87, "Plan Rows": 715772, "Plan Width": 20, "Actual Startup Time": 714.951, "Actual Total Time": 8829.543, "Actual Rows": 1455173, "Actual Loops": 1, "Inner Unique": true, "Hash Cond": "(orders.o_custkey = customer.c_custkey), (LLVM Optimized, Jit Execute)", "Plans": [{"Node Type": "Seq Scan", "Parent Relationship": "Outer", "Relation Name": "orders", "Alias": "orders", "Startup Cost": 385.22, "Total Cost": 463912.49, "Plan Rows": 7310217, "Plan Width": 28, "Actual Startup Time": 0.057, "Actual Total Time": 4914.288, "Actual Rows": 7276947, "Actual Loops": 1, "Filter": "(o_orderdate < '1995-03-13 00:00:00'::timestamp(0) without time zone), (LLVM Optimized, Jit Execute)", "Rows Removed by Filter": 7723053}, {"Node Type": "Hash", "Parent Relationship": "Inner", "Startup Cost": 55876.0, "Total Cost": 55876.0, "Plan Rows": 303948, "Plan Width": 8, "Actual Startup Time": 714.362, "Actual Total Time": 714.362, "Actual Rows": 300036, "Actual Loops": 1, "Hash Buckets": 524288, "Hash Batches": 1, "Original Hash Batches": 1, "Peak Memory Usage": 11721, "Plans": [{"Node Type": "Seq Scan", "Parent Relationship": "Outer", "Relation Name": "customer", "Alias": "customer", "Startup Cost": 0.0, "Total Cost": 55876.0, "Plan Rows": 303948, "Plan Width": 8, "Actual Startup Time": 0.025, "Actual Total Time": 609.909, "Actual Rows": 300036, "Actual Loops": 1, "Filter": "(c_mktsegment = 'AUTOMOBILE'::bpchar), (LLVM Optimized, Jit Execute)", "Rows Removed by Filter": 1199964}]}]}, {"Node Type": "Index Scan", "Parent Relationship": "Inner", "Scan Direction": "Forward", "Index Name": "idx_lineitem_orderkey", "Relation Name": "lineitem", "Alias": "lineitem", "Startup Cost": 0.0, "Total Cost": 1.35, "Plan Rows": 5, "Plan Width": 24, "Actual Startup Time": 10802.654, "Actual Total Time": 11090.593, "Actual Rows": 300219, "Actual Loops": 1455173, "Index Cond": "(l_orderkey = orders.o_orderkey)", "Rows Removed by Index Recheck": 0, "Filter": "(l_shipdate > '1995-03-13 00:00:00'::timestamp(0) without time zone)", "Rows Removed by Filter": 5519788}]}]}]}]}, "Triggers": [], "Planner Runtime": 1.214, "Total Runtime": 21127.825, "Unique SQL Id": 3929762122}}, "(64, '109')": {"explain_plan": {"Plan": {"Node Type": "Limit", "Startup Cost": 2061802.43, "Total Cost": 2061802.46, "Plan Rows": 10, "Plan Width": 44, "Plans": [{"Node Type": "Sort", "Parent Relationship": "Outer", "Startup Cost": 2061802.43, "Total Cost": 2070700.55, "Plan Rows": 10, "Plan Width": 44, "Sort Key": ["(sum((lineitem.l_extendedprice * (1::double precision - lineitem.l_discount)))) DESC", "orders.o_orderdate"], "Plans": [{"Node Type": "Aggregate", "Strategy": "Hashed", "Parent Relationship": "Outer", "Startup Cost": 1949295.92, "Total Cost": 1984888.39, "Plan Rows": 3559247, "Plan Width": 44, "Group By Key": ["lineitem.l_orderkey", "orders.o_orderdate", "orders.o_shippriority"], "Plans": [{"Node Type": "Nested Loop", "Parent Relationship": "Outer", "Join Type": "Inner", "Startup Cost": 88314.71, "Total Cost": 1895907.21, "Plan Rows": 3559247, "Plan Width": 36, "Inner Unique": false, "Plans": [{"Node Type": "Hash Join", "Parent Relationship": "Outer", "Join Type": "Inner", "Startup Cost": 88314.71, "Total Cost": 891362.87, "Plan Rows": 715772, "Plan Width": 20, "Inner Unique": true, "Hash Cond": "(orders.o_custkey = customer.c_custkey), (LLVM Optimized)", "Plans": [{"Node Type": "Index Scan", "Parent Relationship": "Outer", "Scan Direction": "Forward", "Index Name": "orders_pkey", "Relation Name": "orders", "Alias": "orders", "Startup Cost": 0.0, "Total Cost": 768477.13, "Plan Rows": 7310217, "Plan Width": 28, "Filter": "(o_orderdate < '1995-03-13 00:00:00'::timestamp(0) without time zone), (LLVM Optimized)"}, {"Node Type": "Hash", "Parent Relationship": "Inner", "Startup Cost": 84515.36, "Total Cost": 84515.36, "Plan Rows": 303948, "Plan Width": 8, "Plans": [{"Node Type": "Index Scan", "Parent Relationship": "Outer", "Scan Direction": "Forward", "Index Name": "customer_pkey", "Relation Name": "customer", "Alias": "customer", "Startup Cost": 0.0, "Total Cost": 84515.36, "Plan Rows": 303948, "Plan Width": 8, "Filter": "(c_mktsegment = 'AUTOMOBILE'::bpchar), (LLVM Optimized)"}]}]}, {"Node Type": "Index Scan", "Parent Relationship": "Inner", "Scan Direction": "Forward", "Index Name": "idx_lineitem_orderkey", "Relation Name": "lineitem", "Alias": "lineitem", "Startup Cost": 0.0, "Total Cost": 1.35, "Plan Rows": 5, "Plan Width": 24, "Index Cond": "(l_orderkey = orders.o_orderkey)", "Filter": "(l_shipdate > '1995-03-13 00:00:00'::timestamp(0) without time zone)"}]}]}]}]}, "Unique SQL Id": 3929762122, "Planner Runtime": 0}, "explain_analyze_plan": {"Plan": {"Node Type": "Limit", "Startup Cost": 2061802.43, "Total Cost": 2061802.46, "Plan Rows": 10, "Plan Width": 44, "Actual Startup Time": 25672.05, "Actual Total Time": 25672.053, "Actual Rows": 10, "Actual Loops": 1, "Plans": [{"Node Type": "Sort", "Parent Relationship": "Outer", "Startup Cost": 2061802.43, "Total Cost": 2070700.55, "Plan Rows": 10, "Plan Width": 44, "Actual Startup Time": 25672.047, "Actual Total Time": 25672.048, "Actual Rows": 10, "Actual Loops": 1, "Sort Key": ["(sum((lineitem.l_extendedprice * (1::double precision - lineitem.l_discount)))) DESC", "orders.o_orderdate"], "Sort Method": "top-N heapsort", "Sort Space Used": 26, "Sort Space Type": "Memory", "Plans": [{"Node Type": "Aggregate", "Strategy": "Hashed", "Parent Relationship": "Outer", "Startup Cost": 1949295.92, "Total Cost": 1984888.39, "Plan Rows": 3559247, "Plan Width": 44, "Actual Startup Time": 25588.41, "Actual Total Time": 25644.782, "Actual Rows": 113719, "Actual Loops": 1, "Group By Key": ["lineitem.l_orderkey", "orders.o_orderdate", "orders.o_shippriority"], "Plans": [{"Node Type": "Nested Loop", "Parent Relationship": "Outer", "Join Type": "Inner", "Startup Cost": 88314.71, "Total Cost": 1895907.21, "Plan Rows": 3559247, "Plan Width": 36, "Actual Startup Time": 1062.211, "Actual Total Time": 25289.084, "Actual Rows": 300219, "Actual Loops": 1, "Inner Unique": false, "Plans": [{"Node Type": "Hash Join", "Parent Relationship": "Outer", "Join Type": "Inner", "Startup Cost": 88314.71, "Total Cost": 891362.87, "Plan Rows": 715772, "Plan Width": 20, "Actual Startup Time": 1061.984, "Actual Total Time": 13602.54, "Actual Rows": 1455173, "Actual Loops": 1, "Inner Unique": true, "Hash Cond": "(orders.o_custkey = customer.c_custkey), (LLVM Optimized, Jit Execute)", "Plans": [{"Node Type": "Index Scan", "Parent Relationship": "Outer", "Scan Direction": "Forward", "Index Name": "orders_pkey", "Relation Name": "orders", "Alias": "orders", "Startup Cost": 0.0, "Total Cost": 768477.13, "Plan Rows": 7310217, "Plan Width": 28, "Actual Startup Time": 0.071, "Actual Total Time": 9446.102, "Actual Rows": 7276947, "Actual Loops": 1, "Filter": "(o_orderdate < '1995-03-13 00:00:00'::timestamp(0) without time zone), (LLVM Optimized, Jit Execute)", "Rows Removed by Filter": 7723053}, {"Node Type": "Hash", "Parent Relationship": "Inner", "Startup Cost": 84515.36, "Total Cost": 84515.36, "Plan Rows": 303948, "Plan Width": 8, "Actual Startup Time": 1061.528, "Actual Total Time": 1061.528, "Actual Rows": 300036, "Actual Loops": 1, "Hash Buckets": 524288, "Hash Batches": 1, "Original Hash Batches": 1, "Peak Memory Usage": 11721, "Plans": [{"Node Type": "Index Scan", "Parent Relationship": "Outer", "Scan Direction": "Forward", "Index Name": "customer_pkey", "Relation Name": "customer", "Alias": "customer", "Startup Cost": 0.0, "Total Cost": 84515.36, "Plan Rows": 303948, "Plan Width": 8, "Actual Startup Time": 0.027, "Actual Total Time": 960.549, "Actual Rows": 300036, "Actual Loops": 1, "Filter": "(c_mktsegment = 'AUTOMOBILE'::bpchar), (LLVM Optimized, Jit Execute)", "Rows Removed by Filter": 1199964}]}]}, {"Node Type": "Index Scan", "Parent Relationship": "Inner", "Scan Direction": "Forward", "Index Name": "idx_lineitem_orderkey", "Relation Name": "lineitem", "Alias": "lineitem", "Startup Cost": 0.0, "Total Cost": 1.35, "Plan Rows": 5, "Plan Width": 24, "Actual Startup Time": 10601.802, "Actual Total Time": 10891.035, "Actual Rows": 300219, "Actual Loops": 1455173, "Index Cond": "(l_orderkey = orders.o_orderkey)", "Rows Removed by Index Recheck": 0, "Filter": "(l_shipdate > '1995-03-13 00:00:00'::timestamp(0) without time zone)", "Rows Removed by Filter": 5519788}]}]}]}]}, "Triggers": [], "Planner Runtime": 1.227, "Total Runtime": 25681.824, "Unique SQL Id": 3929762122}}, "(64, '110')": {"explain_plan": {"Plan": {"Node Type": "Limit", "Startup Cost": 3055991.15, "Total Cost": 3055991.17, "Plan Rows": 10, "Plan Width": 44, "Plans": [{"Node Type": "Sort", "Parent Relationship": "Outer", "Startup Cost": 3055991.15, "Total Cost": 3064889.27, "Plan Rows": 10, "Plan Width": 44, "Sort Key": ["(sum((lineitem.l_extendedprice * (1::double precision - lineitem.l_discount)))) DESC", "orders.o_orderdate"], "Plans": [{"Node Type": "Aggregate", "Strategy": "Hashed", "Parent Relationship": "Outer", "Startup Cost": 2943484.63, "Total Cost": 2979077.1, "Plan Rows": 3559247, "Plan Width": 44, "Group By Key": ["lineitem.l_orderkey", "orders.o_orderdate", "orders.o_shippriority"], "Plans": [{"Node Type": "Hash Join", "Parent Relationship": "Outer", "Join Type": "Inner", "Startup Cost": 567106.02, "Total Cost": 2890095.93, "Plan Rows": 3559247, "Plan Width": 36, "Inner Unique": false, "Hash Cond": "(lineitem.l_orderkey = orders.o_orderkey), (LLVM Optimized)", "Plans": [{"Node Type": "Seq Scan", "Parent Relationship": "Outer", "Relation Name": "lineitem", "Alias": "lineitem", "Startup Cost": 0.0, "Total Cost": 2165082.91, "Plan Rows": 32617206, "Plan Width": 24, "Filter": "(l_shipdate > '1995-03-13 00:00:00'::timestamp(0) without time zone), (LLVM Optimized)"}, {"Node Type": "Hash", "Parent Relationship": "Inner", "Startup Cost": 558158.87, "Total Cost": 558158.87, "Plan Rows": 715772, "Plan Width": 20, "Plans": [{"Node Type": "Hash Join", "Parent Relationship": "Outer", "Join Type": "Inner", "Startup Cost": 60060.57, "Total Cost": 558158.87, "Plan Rows": 715772, "Plan Width": 20, "Inner Unique": true, "Hash Cond": "(orders.o_custkey = customer.c_custkey), (LLVM Optimized)", "Plans": [{"Node Type": "Seq Scan", "Parent Relationship": "Outer", "Relation Name": "orders", "Alias": "orders", "Startup Cost": 385.22, "Total Cost": 463912.49, "Plan Rows": 7310217, "Plan Width": 28, "Filter": "(o_orderdate < '1995-03-13 00:00:00'::timestamp(0) without time zone), (LLVM Optimized)"}, {"Node Type": "Hash", "Parent Relationship": "Inner", "Startup Cost": 55876.0, "Total Cost": 55876.0, "Plan Rows": 303948, "Plan Width": 8, "Plans": [{"Node Type": "Seq Scan", "Parent Relationship": "Outer", "Relation Name": "customer", "Alias": "customer", "Startup Cost": 0.0, "Total Cost": 55876.0, "Plan Rows": 303948, "Plan Width": 8, "Filter": "(c_mktsegment = 'AUTOMOBILE'::bpchar), (LLVM Optimized)"}]}]}]}]}]}]}]}, "Unique SQL Id": 3929762122, "Planner Runtime": 0}, "explain_analyze_plan": {"Plan": {"Node Type": "Limit", "Startup Cost": 3055991.15, "Total Cost": 3055991.17, "Plan Rows": 10, "Plan Width": 44, "Actual Startup Time": 38981.88, "Actual Total Time": 38981.882, "Actual Rows": 10, "Actual Loops": 1, "Plans": [{"Node Type": "Sort", "Parent Relationship": "Outer", "Startup Cost": 3055991.15, "Total Cost": 3064889.27, "Plan Rows": 10, "Plan Width": 44, "Actual Startup Time": 38981.877, "Actual Total Time": 38981.879, "Actual Rows": 10, "Actual Loops": 1, "Sort Key": ["(sum((lineitem.l_extendedprice * (1::double precision - lineitem.l_discount)))) DESC", "orders.o_orderdate"], "Sort Method": "top-N heapsort", "Sort Space Used": 26, "Sort Space Type": "Memory", "Plans": [{"Node Type": "Aggregate", "Strategy": "Hashed", "Parent Relationship": "Outer", "Startup Cost": 2943484.63, "Total Cost": 2979077.1, "Plan Rows": 3559247, "Plan Width": 44, "Actual Startup Time": 38897.899, "Actual Total Time": 38954.607, "Actual Rows": 113719, "Actual Loops": 1, "Group By Key": ["lineitem.l_orderkey", "orders.o_orderdate", "orders.o_shippriority"], "Plans": [{"Node Type": "Hash Join", "Parent Relationship": "Outer", "Join Type": "Inner", "Startup Cost": 567106.02, "Total Cost": 2890095.93, "Plan Rows": 3559247, "Plan Width": 36, "Actual Startup Time": 8861.31, "Actual Total Time": 38607.742, "Actual Rows": 300219, "Actual Loops": 1, "Inner Unique": false, "Hash Cond": "(lineitem.l_orderkey = orders.o_orderkey), (LLVM Optimized, Jit Execute)", "Plans": [{"Node Type": "Seq Scan", "Parent Relationship": "Outer", "Relation Name": "lineitem", "Alias": "lineitem", "Startup Cost": 0.0, "Total Cost": 2165082.91, "Plan Rows": 32617206, "Plan Width": 24, "Actual Startup Time": 0.043, "Actual Total Time": 21057.993, "Actual Rows": 32384344, "Actual Loops": 1, "Filter": "(l_shipdate > '1995-03-13 00:00:00'::timestamp(0) without time zone), (LLVM Optimized, Jit Execute)", "Rows Removed by Filter": 27601708}, {"Node Type": "Hash", "Parent Relationship": "Inner", "Startup Cost": 558158.87, "Total Cost": 558158.87, "Plan Rows": 715772, "Plan Width": 20, "Actual Startup Time": 8859.763, "Actual Total Time": 8859.763, "Actual Rows": 1455173, "Actual Loops": 1, "Hash Buckets": 1048576, "Hash Batches": 1, "Original Hash Batches": 1, "Peak Memory Usage": 79580, "Plans": [{"Node Type": "Hash Join", "Parent Relationship": "Outer", "Join Type": "Inner", "Startup Cost": 60060.57, "Total Cost": 558158.87, "Plan Rows": 715772, "Plan Width": 20, "Actual Startup Time": 722.618, "Actual Total Time": 8279.715, "Actual Rows": 1455173, "Actual Loops": 1, "Inner Unique": true, "Hash Cond": "(orders.o_custkey = customer.c_custkey), (LLVM Optimized, Jit Execute)", "Plans": [{"Node Type": "Seq Scan", "Parent Relationship": "Outer", "Relation Name": "orders", "Alias": "orders", "Startup Cost": 385.22, "Total Cost": 463912.49, "Plan Rows": 7310217, "Plan Width": 28, "Actual Startup Time": 0.02, "Actual Total Time": 4751.931, "Actual Rows": 7276947, "Actual Loops": 1, "Filter": "(o_orderdate < '1995-03-13 00:00:00'::timestamp(0) without time zone), (LLVM Optimized, Jit Execute)", "Rows Removed by Filter": 7723053}, {"Node Type": "Hash", "Parent Relationship": "Inner", "Startup Cost": 55876.0, "Total Cost": 55876.0, "Plan Rows": 303948, "Plan Width": 8, "Actual Startup Time": 722.198, "Actual Total Time": 722.198, "Actual Rows": 300036, "Actual Loops": 1, "Hash Buckets": 524288, "Hash Batches": 1, "Original Hash Batches": 1, "Peak Memory Usage": 11721, "Plans": [{"Node Type": "Seq Scan", "Parent Relationship": "Outer", "Relation Name": "customer", "Alias": "customer", "Startup Cost": 0.0, "Total Cost": 55876.0, "Plan Rows": 303948, "Plan Width": 8, "Actual Startup Time": 0.027, "Actual Total Time": 618.423, "Actual Rows": 300036, "Actual Loops": 1, "Filter": "(c_mktsegment = 'AUTOMOBILE'::bpchar), (LLVM Optimized, Jit Execute)", "Rows Removed by Filter": 1199964}]}]}]}]}]}]}]}, "Triggers": [], "Planner Runtime": 1.255, "Total Runtime": 38992.143, "Unique SQL Id": 3929762122}}, "(64, '111')": {"explain_plan": {"Plan": {"Node Type": "Limit", "Startup Cost": 3000424682501.37, "Total Cost": 3000424682501.4, "Plan Rows": 10, "Plan Width": 44, "Plans": [{"Node Type": "Sort", "Parent Relationship": "Outer", "Startup Cost": 3000424682501.37, "Total Cost": 3000424691399.49, "Plan Rows": 10, "Plan Width": 44, "Sort Key": ["(sum((lineitem.l_extendedprice * (1::double precision - lineitem.l_discount)))) DESC", "orders.o_orderdate"], "Plans": [{"Node Type": "Aggregate", "Strategy": "Hashed", "Parent Relationship": "Outer", "Startup Cost": 3000424569994.85, "Total Cost": 3000424605587.32, "Plan Rows": 3559247, "Plan Width": 44, "Group By Key": ["lineitem.l_orderkey", "orders.o_orderdate", "orders.o_shippriority"], "Plans": [{"Node Type": "Hash Join", "Parent Relationship": "Outer", "Join Type": "Inner", "Startup Cost": 2010085346566.41, "Total Cost": 3000424516606.15, "Plan Rows": 3559247, "Plan Width": 36, "Inner Unique": false, "Hash Cond": "(lineitem.l_orderkey = orders.o_orderkey), (LLVM Optimized)", "Plans": [{"Node Type": "Index Scan", "Parent Relationship": "Outer", "Scan Direction": "Forward", "Index Name": "idx_lineitem_orderkey", "Relation Name": "lineitem", "Alias": "lineitem", "Startup Cost": 10000000000.0, "Total Cost": 1000339012132.75, "Plan Rows": 32617206, "Plan Width": 24, "Filter": "(l_shipdate > '1995-03-13 00:00:00'::timestamp(0) without time zone), (LLVM Optimized)"}, {"Node Type": "Hash", "Parent Relationship": "Inner", "Startup Cost": 2000085337619.26, "Total Cost": 2000085337619.26, "Plan Rows": 715772, "Plan Width": 20, "Plans": [{"Node Type": "Hash Join", "Parent Relationship": "Outer", "Join Type": "Inner", "Startup Cost": 1010008455334.97, "Total Cost": 2000085337619.26, "Plan Rows": 715772, "Plan Width": 20, "Inner Unique": true, "Hash Cond": "(orders.o_custkey = customer.c_custkey), (LLVM Optimized)", "Plans": [{"Node Type": "Index Scan", "Parent Relationship": "Outer", "Scan Direction": "Forward", "Index Name": "orders_pkey", "Relation Name": "orders", "Alias": "orders", "Startup Cost": 10000000000.0, "Total Cost": 1000076847713.25, "Plan Rows": 7310217, "Plan Width": 28, "Filter": "(o_orderdate < '1995-03-13 00:00:00'::timestamp(0) without time zone), (LLVM Optimized)"}, {"Node Type": "Hash", "Parent Relationship": "Inner", "Startup Cost": 1000008451535.62, "Total Cost": 1000008451535.62, "Plan Rows": 303948, "Plan Width": 8, "Plans": [{"Node Type": "Index Scan", "Parent Relationship": "Outer", "Scan Direction": "Forward", "Index Name": "customer_pkey", "Relation Name": "customer", "Alias": "customer", "Startup Cost": 10000000000.0, "Total Cost": 1000008451535.62, "Plan Rows": 303948, "Plan Width": 8, "Filter": "(c_mktsegment = 'AUTOMOBILE'::bpchar), (LLVM Optimized)"}]}]}]}]}]}]}]}, "Unique SQL Id": 3929762122, "Planner Runtime": 0}, "explain_analyze_plan": null}, "(64, '112')": {"explain_plan": {"Plan": {"Node Type": "Limit", "Startup Cost": 2671272.65, "Total Cost": 2671272.68, "Plan Rows": 10, "Plan Width": 44, "Plans": [{"Node Type": "Sort", "Parent Relationship": "Outer", "Startup Cost": 2671272.65, "Total Cost": 2680170.77, "Plan Rows": 10, "Plan Width": 44, "Sort Key": ["(sum((lineitem.l_extendedprice * (1::double precision - lineitem.l_discount)))) DESC", "orders.o_orderdate"], "Plans": [{"Node Type": "Aggregate", "Strategy": "Hashed", "Parent Relationship": "Outer", "Startup Cost": 2558766.13, "Total Cost": 2594358.6, "Plan Rows": 3559247, "Plan Width": 44, "Group By Key": ["lineitem.l_orderkey", "orders.o_orderdate", "orders.o_shippriority"], "Plans": [{"Node Type": "Nested Loop", "Parent Relationship": "Outer", "Join Type": "Inner", "Startup Cost": 0.0, "Total Cost": 2505377.43, "Plan Rows": 3559247, "Plan Width": 36, "Inner Unique": false, "Plans": [{"Node Type": "Nested Loop", "Parent Relationship": "Outer", "Join Type": "Inner", "Startup Cost": 0.0, "Total Cost": 1500833.09, "Plan Rows": 715772, "Plan Width": 20, "Inner Unique": false, "Plans": [{"Node Type": "Seq Scan", "Parent Relationship": "Outer", "Relation Name": "customer", "Alias": "customer", "Startup Cost": 0.0, "Total Cost": 55876.0, "Plan Rows": 303948, "Plan Width": 8, "Filter": "(c_mktsegment = 'AUTOMOBILE'::bpchar), (LLVM Optimized)"}, {"Node Type": "Index Scan", "Parent Relationship": "Inner", "Scan Direction": "Forward", "Index Name": "idx_orders_custkey", "Relation Name": "orders", "Alias": "orders", "Startup Cost": 0.0, "Total Cost": 4.73, "Plan Rows": 2, "Plan Width": 28, "Index Cond": "(o_custkey = customer.c_custkey)", "Filter": "(o_orderdate < '1995-03-13 00:00:00'::timestamp(0) without time zone)"}]}, {"Node Type": "Index Scan", "Parent Relationship": "Inner", "Scan Direction": "Forward", "Index Name": "idx_lineitem_orderkey", "Relation Name": "lineitem", "Alias": "lineitem", "Startup Cost": 0.0, "Total Cost": 1.35, "Plan Rows": 5, "Plan Width": 24, "Index Cond": "(l_orderkey = orders.o_orderkey)", "Filter": "(l_shipdate > '1995-03-13 00:00:00'::timestamp(0) without time zone)"}]}]}]}]}, "Unique SQL Id": 3929762122, "Planner Runtime": 0}, "explain_analyze_plan": {"Plan": {"Node Type": "Limit", "Startup Cost": 2671272.65, "Total Cost": 2671272.68, "Plan Rows": 10, "Plan Width": 44, "Actual Startup Time": 26214.652, "Actual Total Time": 26214.655, "Actual Rows": 10, "Actual Loops": 1, "Plans": [{"Node Type": "Sort", "Parent Relationship": "Outer", "Startup Cost": 2671272.65, "Total Cost": 2680170.77, "Plan Rows": 10, "Plan Width": 44, "Actual Startup Time": 26214.648, "Actual Total Time": 26214.648, "Actual Rows": 10, "Actual Loops": 1, "Sort Key": ["(sum((lineitem.l_extendedprice * (1::double precision - lineitem.l_discount)))) DESC", "orders.o_orderdate"], "Sort Method": "top-N heapsort", "Sort Space Used": 26, "Sort Space Type": "Memory", "Plans": [{"Node Type": "Aggregate", "Strategy": "Hashed", "Parent Relationship": "Outer", "Startup Cost": 2558766.13, "Total Cost": 2594358.6, "Plan Rows": 3559247, "Plan Width": 44, "Actual Startup Time": 26099.03, "Actual Total Time": 26186.826, "Actual Rows": 113719, "Actual Loops": 1, "Group By Key": ["lineitem.l_orderkey", "orders.o_orderdate", "orders.o_shippriority"], "Plans": [{"Node Type": "Nested Loop", "Parent Relationship": "Outer", "Join Type": "Inner", "Startup Cost": 0.0, "Total Cost": 2505377.43, "Plan Rows": 3559247, "Plan Width": 36, "Actual Startup Time": 0.183, "Actual Total Time": 25776.007, "Actual Rows": 300219, "Actual Loops": 1, "Inner Unique": false, "Plans": [{"Node Type": "Nested Loop", "Parent Relationship": "Outer", "Join Type": "Inner", "Startup Cost": 0.0, "Total Cost": 1500833.09, "Plan Rows": 715772, "Plan Width": 20, "Actual Startup Time": 0.09, "Actual Total Time": 8701.521, "Actual Rows": 1455173, "Actual Loops": 1, "Inner Unique": false, "Plans": [{"Node Type": "Seq Scan", "Parent Relationship": "Outer", "Relation Name": "customer", "Alias": "customer", "Startup Cost": 0.0, "Total Cost": 55876.0, "Plan Rows": 303948, "Plan Width": 8, "Actual Startup Time": 0.044, "Actual Total Time": 618.892, "Actual Rows": 300036, "Actual Loops": 1, "Filter": "(c_mktsegment = 'AUTOMOBILE'::bpchar), (LLVM Optimized, Jit Execute)", "Rows Removed by Filter": 1199964}, {"Node Type": "Index Scan", "Parent Relationship": "Inner", "Scan Direction": "Forward", "Index Name": "idx_orders_custkey", "Relation Name": "orders", "Alias": "orders", "Startup Cost": 0.0, "Total Cost": 4.73, "Plan Rows": 2, "Plan Width": 28, "Actual Startup Time": 1930.754, "Actual Total Time": 7545.624, "Actual Rows": 1455173, "Actual Loops": 300036, "Index Cond": "(o_custkey = customer.c_custkey)", "Rows Removed by Index Recheck": 0, "Filter": "(o_orderdate < '1995-03-13 00:00:00'::timestamp(0) without time zone)", "Rows Removed by Filter": 1545367}]}, {"Node Type": "Index Scan", "Parent Relationship": "Inner", "Scan Direction": "Forward", "Index Name": "idx_lineitem_orderkey", "Relation Name": "lineitem", "Alias": "lineitem", "Startup Cost": 0.0, "Total Cost": 1.35, "Plan Rows": 5, "Plan Width": 24, "Actual Startup Time": 15967.791, "Actual Total Time": 16264.523, "Actual Rows": 300219, "Actual Loops": 1455173, "Index Cond": "(l_orderkey = orders.o_orderkey)", "Rows Removed by Index Recheck": 0, "Filter": "(l_shipdate > '1995-03-13 00:00:00'::timestamp(0) without time zone)", "Rows Removed by Filter": 5519788}]}]}]}]}, "Triggers": [], "Planner Runtime": 0.651, "Total Runtime": 26223.963, "Unique SQL Id": 3929762122}}, "(64, '113')": {"explain_plan": {"Plan": {"Node Type": "Limit", "Startup Cost": 2699912.01, "Total Cost": 2699912.03, "Plan Rows": 10, "Plan Width": 44, "Plans": [{"Node Type": "Sort", "Parent Relationship": "Outer", "Startup Cost": 2699912.01, "Total Cost": 2708810.13, "Plan Rows": 10, "Plan Width": 44, "Sort Key": ["(sum((lineitem.l_extendedprice * (1::double precision - lineitem.l_discount)))) DESC", "orders.o_orderdate"], "Plans": [{"Node Type": "Aggregate", "Strategy": "Hashed", "Parent Relationship": "Outer", "Startup Cost": 2587405.49, "Total Cost": 2622997.96, "Plan Rows": 3559247, "Plan Width": 44, "Group By Key": ["lineitem.l_orderkey", "orders.o_orderdate", "orders.o_shippriority"], "Plans": [{"Node Type": "Nested Loop", "Parent Relationship": "Outer", "Join Type": "Inner", "Startup Cost": 0.0, "Total Cost": 2534016.78, "Plan Rows": 3559247, "Plan Width": 36, "Inner Unique": false, "Plans": [{"Node Type": "Nested Loop", "Parent Relationship": "Outer", "Join Type": "Inner", "Startup Cost": 0.0, "Total Cost": 1529472.45, "Plan Rows": 715772, "Plan Width": 20, "Inner Unique": false, "Plans": [{"Node Type": "Index Scan", "Parent Relationship": "Outer", "Scan Direction": "Forward", "Index Name": "customer_pkey", "Relation Name": "customer", "Alias": "customer", "Startup Cost": 0.0, "Total Cost": 84515.36, "Plan Rows": 303948, "Plan Width": 8, "Filter": "(c_mktsegment = 'AUTOMOBILE'::bpchar), (LLVM Optimized)"}, {"Node Type": "Index Scan", "Parent Relationship": "Inner", "Scan Direction": "Forward", "Index Name": "idx_orders_custkey", "Relation Name": "orders", "Alias": "orders", "Startup Cost": 0.0, "Total Cost": 4.73, "Plan Rows": 2, "Plan Width": 28, "Index Cond": "(o_custkey = customer.c_custkey)", "Filter": "(o_orderdate < '1995-03-13 00:00:00'::timestamp(0) without time zone)"}]}, {"Node Type": "Index Scan", "Parent Relationship": "Inner", "Scan Direction": "Forward", "Index Name": "idx_lineitem_orderkey", "Relation Name": "lineitem", "Alias": "lineitem", "Startup Cost": 0.0, "Total Cost": 1.35, "Plan Rows": 5, "Plan Width": 24, "Index Cond": "(l_orderkey = orders.o_orderkey)", "Filter": "(l_shipdate > '1995-03-13 00:00:00'::timestamp(0) without time zone)"}]}]}]}]}, "Unique SQL Id": 3929762122, "Planner Runtime": 0}, "explain_analyze_plan": {"Plan": {"Node Type": "Limit", "Startup Cost": 2699912.01, "Total Cost": 2699912.03, "Plan Rows": 10, "Plan Width": 44, "Actual Startup Time": 26685.581, "Actual Total Time": 26685.584, "Actual Rows": 10, "Actual Loops": 1, "Plans": [{"Node Type": "Sort", "Parent Relationship": "Outer", "Startup Cost": 2699912.01, "Total Cost": 2708810.13, "Plan Rows": 10, "Plan Width": 44, "Actual Startup Time": 26685.578, "Actual Total Time": 26685.58, "Actual Rows": 10, "Actual Loops": 1, "Sort Key": ["(sum((lineitem.l_extendedprice * (1::double precision - lineitem.l_discount)))) DESC", "orders.o_orderdate"], "Sort Method": "top-N heapsort", "Sort Space Used": 26, "Sort Space Type": "Memory", "Plans": [{"Node Type": "Aggregate", "Strategy": "Hashed", "Parent Relationship": "Outer", "Startup Cost": 2587405.49, "Total Cost": 2622997.96, "Plan Rows": 3559247, "Plan Width": 44, "Actual Startup Time": 26602.076, "Actual Total Time": 26658.408, "Actual Rows": 113719, "Actual Loops": 1, "Group By Key": ["lineitem.l_orderkey", "orders.o_orderdate", "orders.o_shippriority"], "Plans": [{"Node Type": "Nested Loop", "Parent Relationship": "Outer", "Join Type": "Inner", "Startup Cost": 0.0, "Total Cost": 2534016.78, "Plan Rows": 3559247, "Plan Width": 36, "Actual Startup Time": 0.213, "Actual Total Time": 26263.183, "Actual Rows": 300219, "Actual Loops": 1, "Inner Unique": false, "Plans": [{"Node Type": "Nested Loop", "Parent Relationship": "Outer", "Join Type": "Inner", "Startup Cost": 0.0, "Total Cost": 1529472.45, "Plan Rows": 715772, "Plan Width": 20, "Actual Startup Time": 0.08, "Actual Total Time": 9128.536, "Actual Rows": 1455173, "Actual Loops": 1, "Inner Unique": false, "Plans": [{"Node Type": "Index Scan", "Parent Relationship": "Outer", "Scan Direction": "Forward", "Index Name": "customer_pkey", "Relation Name": "customer", "Alias": "customer", "Startup Cost": 0.0, "Total Cost": 84515.36, "Plan Rows": 303948, "Plan Width": 8, "Actual Startup Time": 0.053, "Actual Total Time": 1062.354, "Actual Rows": 300036, "Actual Loops": 1, "Filter": "(c_mktsegment = 'AUTOMOBILE'::bpchar), (LLVM Optimized, Jit Execute)", "Rows Removed by Filter": 1199964}, {"Node Type": "Index Scan", "Parent Relationship": "Inner", "Scan Direction": "Forward", "Index Name": "idx_orders_custkey", "Relation Name": "orders", "Alias": "orders", "Startup Cost": 0.0, "Total Cost": 4.73, "Plan Rows": 2, "Plan Width": 28, "Actual Startup Time": 1928.711, "Actual Total Time": 7530.701, "Actual Rows": 1455173, "Actual Loops": 300036, "Index Cond": "(o_custkey = customer.c_custkey)", "Rows Removed by Index Recheck": 0, "Filter": "(o_orderdate < '1995-03-13 00:00:00'::timestamp(0) without time zone)", "Rows Removed by Filter": 1545367}]}, {"Node Type": "Index Scan", "Parent Relationship": "Inner", "Scan Direction": "Forward", "Index Name": "idx_lineitem_orderkey", "Relation Name": "lineitem", "Alias": "lineitem", "Startup Cost": 0.0, "Total Cost": 1.35, "Plan Rows": 5, "Plan Width": 24, "Actual Startup Time": 16010.7, "Actual Total Time": 16309.937, "Actual Rows": 300219, "Actual Loops": 1455173, "Index Cond": "(l_orderkey = orders.o_orderkey)", "Rows Removed by Index Recheck": 0, "Filter": "(l_shipdate > '1995-03-13 00:00:00'::timestamp(0) without time zone)", "Rows Removed by Filter": 5519788}]}]}]}]}, "Triggers": [], "Planner Runtime": 1.117, "Total Runtime": 26695.09, "Unique SQL Id": 3929762122}}, "(64, '114')": {"explain_plan": {"Plan": {"Node Type": "Limit", "Startup Cost": 5091242.79, "Total Cost": 5091242.81, "Plan Rows": 10, "Plan Width": 44, "Plans": [{"Node Type": "Sort", "Parent Relationship": "Outer", "Startup Cost": 5091242.79, "Total Cost": 5100140.91, "Plan Rows": 10, "Plan Width": 44, "Sort Key": ["(sum((lineitem.l_extendedprice * (1::double precision - lineitem.l_discount)))) DESC", "orders.o_orderdate"], "Plans": [{"Node Type": "Aggregate", "Strategy": "Hashed", "Parent Relationship": "Outer", "Startup Cost": 4978736.27, "Total Cost": 5014328.74, "Plan Rows": 3559247, "Plan Width": 44, "Group By Key": ["lineitem.l_orderkey", "orders.o_orderdate", "orders.o_shippriority"], "Plans": [{"Node Type": "Nested Loop", "Parent Relationship": "Outer", "Join Type": "Inner", "Startup Cost": 1.48, "Total Cost": 4925347.57, "Plan Rows": 3559247, "Plan Width": 36, "Inner Unique": false, "Plans": [{"Node Type": "Nested Loop", "Parent Relationship": "Outer", "Join Type": "Inner", "Startup Cost": 1.04, "Total Cost": 1611109.25, "Plan Rows": 715772, "Plan Width": 20, "Inner Unique": false, "Plans": [{"Node Type": "Seq Scan", "Parent Relationship": "Outer", "Relation Name": "customer", "Alias": "customer", "Startup Cost": 0.0, "Total Cost": 55876.0, "Plan Rows": 303948, "Plan Width": 8, "Filter": "(c_mktsegment = 'AUTOMOBILE'::bpchar), (LLVM Optimized)"}, {"Node Type": "Bitmap Heap Scan", "Parent Relationship": "Inner", "Relation Name": "orders", "Alias": "orders", "Startup Cost": 1.04, "Total Cost": 5.1, "Plan Rows": 2, "Plan Width": 28, "Recheck Cond": "(o_custkey = customer.c_custkey)", "Filter": "(o_orderdate < '1995-03-13 00:00:00'::timestamp(0) without time zone)", "Plans": [{"Node Type": "Bitmap Index Scan", "Parent Relationship": "Outer", "Index Name": "idx_orders_custkey", "Startup Cost": 0.0, "Total Cost": 1.04, "Plan Rows": 4, "Plan Width": 0, "Index Cond": "(o_custkey = customer.c_custkey)"}]}]}, {"Node Type": "Bitmap Heap Scan", "Parent Relationship": "Inner", "Relation Name": "lineitem", "Alias": "lineitem", "Startup Cost": 0.45, "Total Cost": 4.58, "Plan Rows": 5, "Plan Width": 24, "Recheck Cond": "(l_orderkey = orders.o_orderkey)", "Filter": "(l_shipdate > '1995-03-13 00:00:00'::timestamp(0) without time zone)", "Plans": [{"Node Type": "Bitmap Index Scan", "Parent Relationship": "Outer", "Index Name": "idx_lineitem_orderkey", "Startup Cost": 0.0, "Total Cost": 0.44, "Plan Rows": 9, "Plan Width": 0, "Index Cond": "(l_orderkey = orders.o_orderkey)"}]}]}]}]}]}, "Unique SQL Id": 3929762122, "Planner Runtime": 0}, "explain_analyze_plan": {"Plan": {"Node Type": "Limit", "Startup Cost": 5091242.79, "Total Cost": 5091242.81, "Plan Rows": 10, "Plan Width": 44, "Actual Startup Time": 31952.094, "Actual Total Time": 31952.098, "Actual Rows": 10, "Actual Loops": 1, "Plans": [{"Node Type": "Sort", "Parent Relationship": "Outer", "Startup Cost": 5091242.79, "Total Cost": 5100140.91, "Plan Rows": 10, "Plan Width": 44, "Actual Startup Time": 31952.092, "Actual Total Time": 31952.094, "Actual Rows": 10, "Actual Loops": 1, "Sort Key": ["(sum((lineitem.l_extendedprice * (1::double precision - lineitem.l_discount)))) DESC", "orders.o_orderdate"], "Sort Method": "top-N heapsort", "Sort Space Used": 26, "Sort Space Type": "Memory", "Plans": [{"Node Type": "Aggregate", "Strategy": "Hashed", "Parent Relationship": "Outer", "Startup Cost": 4978736.27, "Total Cost": 5014328.74, "Plan Rows": 3559247, "Plan Width": 44, "Actual Startup Time": 31834.373, "Actual Total Time": 31924.561, "Actual Rows": 113719, "Actual Loops": 1, "Group By Key": ["lineitem.l_orderkey", "orders.o_orderdate", "orders.o_shippriority"], "Plans": [{"Node Type": "Nested Loop", "Parent Relationship": "Outer", "Join Type": "Inner", "Startup Cost": 1.48, "Total Cost": 4925347.57, "Plan Rows": 3559247, "Plan Width": 36, "Actual Startup Time": 0.273, "Actual Total Time": 31455.165, "Actual Rows": 300219, "Actual Loops": 1, "Inner Unique": false, "Plans": [{"Node Type": "Nested Loop", "Parent Relationship": "Outer", "Join Type": "Inner", "Startup Cost": 1.04, "Total Cost": 1611109.25, "Plan Rows": 715772, "Plan Width": 20, "Actual Startup Time": 0.112, "Actual Total Time": 11477.213, "Actual Rows": 1455173, "Actual Loops": 1, "Inner Unique": false, "Plans": [{"Node Type": "Seq Scan", "Parent Relationship": "Outer", "Relation Name": "customer", "Alias": "customer", "Startup Cost": 0.0, "Total Cost": 55876.0, "Plan Rows": 303948, "Plan Width": 8, "Actual Startup Time": 0.044, "Actual Total Time": 665.914, "Actual Rows": 300036, "Actual Loops": 1, "Filter": "(c_mktsegment = 'AUTOMOBILE'::bpchar), (LLVM Optimized, Jit Execute)", "Rows Removed by Filter": 1199964}, {"Node Type": "Bitmap Heap Scan", "Parent Relationship": "Inner", "Relation Name": "orders", "Alias": "orders", "Startup Cost": 1.04, "Total Cost": 5.1, "Plan Rows": 2, "Plan Width": 28, "Actual Startup Time": 3190.167, "Actual Total Time": 10053.345, "Actual Rows": 1455173, "Actual Loops": 300036, "Recheck Cond": "(o_custkey = customer.c_custkey)", "Rows Removed by Index Recheck": 0, "Filter": "(o_orderdate < '1995-03-13 00:00:00'::timestamp(0) without time zone)", "Rows Removed by Filter": 1545367, "Exact Heap Blocks": 3000452, "Lossy Heap Blocks": 3000452, "Plans": [{"Node Type": "Bitmap Index Scan", "Parent Relationship": "Outer", "Index Name": "idx_orders_custkey", "Startup Cost": 0.0, "Total Cost": 1.04, "Plan Rows": 4, "Plan Width": 0, "Actual Startup Time": 1503.042, "Actual Total Time": 1503.042, "Actual Rows": 3000540, "Actual Loops": 300036, "Index Cond": "(o_custkey = customer.c_custkey)"}]}]}, {"Node Type": "Bitmap Heap Scan", "Parent Relationship": "Inner", "Relation Name": "lineitem", "Alias": "lineitem", "Startup Cost": 0.45, "Total Cost": 4.58, "Plan Rows": 5, "Plan Width": 24, "Actual Startup Time": 18112.279, "Actual Total Time": 18235.328, "Actual Rows": 300219, "Actual Loops": 1455173, "Recheck Cond": "(l_orderkey = orders.o_orderkey)", "Rows Removed by Index Recheck": 0, "Filter": "(l_shipdate > '1995-03-13 00:00:00'::timestamp(0) without time zone)", "Rows Removed by Filter": 5519788, "Exact Heap Blocks": 1558994, "Lossy Heap Blocks": 1558994, "Plans": [{"Node Type": "Bitmap Index Scan", "Parent Relationship": "Outer", "Index Name": "idx_lineitem_orderkey", "Startup Cost": 0.0, "Total Cost": 0.44, "Plan Rows": 9, "Plan Width": 0, "Actual Startup Time": 10266.127, "Actual Total Time": 10266.127, "Actual Rows": 5820007, "Actual Loops": 1455173, "Index Cond": "(l_orderkey = orders.o_orderkey)"}]}]}]}]}]}, "Triggers": [], "Planner Runtime": 0.678, "Total Runtime": 31961.511, "Unique SQL Id": 3929762122}}, "(64, '115')": {"explain_plan": {"Plan": {"Node Type": "Limit", "Startup Cost": 35345596.54, "Total Cost": 35345596.56, "Plan Rows": 10, "Plan Width": 44, "Plans": [{"Node Type": "Sort", "Parent Relationship": "Outer", "Startup Cost": 35345596.54, "Total Cost": 35354494.65, "Plan Rows": 10, "Plan Width": 44, "Sort Key": ["(sum((lineitem.l_extendedprice * (1::double precision - lineitem.l_discount)))) DESC", "orders.o_orderdate"], "Plans": [{"Node Type": "Aggregate", "Strategy": "Hashed", "Parent Relationship": "Outer", "Startup Cost": 35233090.02, "Total Cost": 35268682.49, "Plan Rows": 3559247, "Plan Width": 44, "Group By Key": ["lineitem.l_orderkey", "orders.o_orderdate", "orders.o_shippriority"], "Plans": [{"Node Type": "Nested Loop", "Parent Relationship": "Outer", "Join Type": "Inner", "Startup Cost": 168699.14, "Total Cost": 35179701.31, "Plan Rows": 3559247, "Plan Width": 36, "Inner Unique": false, "Plans": [{"Node Type": "Nested Loop", "Parent Relationship": "Outer", "Join Type": "Inner", "Startup Cost": 168698.69, "Total Cost": 31865463.0, "Plan Rows": 715772, "Plan Width": 20, "Inner Unique": true, "Plans": [{"Node Type": "Bitmap Heap Scan", "Parent Relationship": "Outer", "Relation Name": "orders", "Alias": "orders", "Startup Cost": 168698.43, "Total Cost": 536495.14, "Plan Rows": 7310217, "Plan Width": 28, "Recheck Cond": "(o_orderdate < '1995-03-13 00:00:00'::timestamp(0) without time zone), (LLVM Optimized)", "Plans": [{"Node Type": "Bitmap Index Scan", "Parent Relationship": "Outer", "Index Name": "idx_orders_orderdate", "Startup Cost": 0.0, "Total Cost": 166870.88, "Plan Rows": 7310217, "Plan Width": 0, "Index Cond": "(o_orderdate < '1995-03-13 00:00:00'::timestamp(0) without time zone)"}]}, {"Node Type": "Bitmap Heap Scan", "Parent Relationship": "Inner", "Relation Name": "customer", "Alias": "customer", "Startup Cost": 0.26, "Total Cost": 4.28, "Plan Rows": 1, "Plan Width": 8, "Recheck Cond": "(c_custkey = orders.o_custkey)", "Filter": "(c_mktsegment = 'AUTOMOBILE'::bpchar)", "Plans": [{"Node Type": "Bitmap Index Scan", "Parent Relationship": "Outer", "Index Name": "customer_pkey", "Startup Cost": 0.0, "Total Cost": 0.26, "Plan Rows": 1, "Plan Width": 0, "Index Cond": "(c_custkey = orders.o_custkey)"}]}]}, {"Node Type": "Bitmap Heap Scan", "Parent Relationship": "Inner", "Relation Name": "lineitem", "Alias": "lineitem", "Startup Cost": 0.45, "Total Cost": 4.58, "Plan Rows": 5, "Plan Width": 24, "Recheck Cond": "(l_orderkey = orders.o_orderkey)", "Filter": "(l_shipdate > '1995-03-13 00:00:00'::timestamp(0) without time zone)", "Plans": [{"Node Type": "Bitmap Index Scan", "Parent Relationship": "Outer", "Index Name": "idx_lineitem_orderkey", "Startup Cost": 0.0, "Total Cost": 0.44, "Plan Rows": 9, "Plan Width": 0, "Index Cond": "(l_orderkey = orders.o_orderkey)"}]}]}]}]}]}, "Unique SQL Id": 3929762122, "Planner Runtime": 0}, "explain_analyze_plan": null}, "(64, '116')": {"explain_plan": {"Plan": {"Node Type": "Limit", "Startup Cost": 2671272.65, "Total Cost": 2671272.68, "Plan Rows": 10, "Plan Width": 44, "Plans": [{"Node Type": "Sort", "Parent Relationship": "Outer", "Startup Cost": 2671272.65, "Total Cost": 2680170.77, "Plan Rows": 10, "Plan Width": 44, "Sort Key": ["(sum((lineitem.l_extendedprice * (1::double precision - lineitem.l_discount)))) DESC", "orders.o_orderdate"], "Plans": [{"Node Type": "Aggregate", "Strategy": "Hashed", "Parent Relationship": "Outer", "Startup Cost": 2558766.13, "Total Cost": 2594358.6, "Plan Rows": 3559247, "Plan Width": 44, "Group By Key": ["lineitem.l_orderkey", "orders.o_orderdate", "orders.o_shippriority"], "Plans": [{"Node Type": "Nested Loop", "Parent Relationship": "Outer", "Join Type": "Inner", "Startup Cost": 0.0, "Total Cost": 2505377.43, "Plan Rows": 3559247, "Plan Width": 36, "Inner Unique": false, "Plans": [{"Node Type": "Nested Loop", "Parent Relationship": "Outer", "Join Type": "Inner", "Startup Cost": 0.0, "Total Cost": 1500833.09, "Plan Rows": 715772, "Plan Width": 20, "Inner Unique": false, "Plans": [{"Node Type": "Seq Scan", "Parent Relationship": "Outer", "Relation Name": "customer", "Alias": "customer", "Startup Cost": 0.0, "Total Cost": 55876.0, "Plan Rows": 303948, "Plan Width": 8, "Filter": "(c_mktsegment = 'AUTOMOBILE'::bpchar), (LLVM Optimized)"}, {"Node Type": "Index Scan", "Parent Relationship": "Inner", "Scan Direction": "Forward", "Index Name": "idx_orders_custkey", "Relation Name": "orders", "Alias": "orders", "Startup Cost": 0.0, "Total Cost": 4.73, "Plan Rows": 2, "Plan Width": 28, "Index Cond": "(o_custkey = customer.c_custkey)", "Filter": "(o_orderdate < '1995-03-13 00:00:00'::timestamp(0) without time zone)"}]}, {"Node Type": "Index Scan", "Parent Relationship": "Inner", "Scan Direction": "Forward", "Index Name": "idx_lineitem_orderkey", "Relation Name": "lineitem", "Alias": "lineitem", "Startup Cost": 0.0, "Total Cost": 1.35, "Plan Rows": 5, "Plan Width": 24, "Index Cond": "(l_orderkey = orders.o_orderkey)", "Filter": "(l_shipdate > '1995-03-13 00:00:00'::timestamp(0) without time zone)"}]}]}]}]}, "Unique SQL Id": 3929762122, "Planner Runtime": 0}, "explain_analyze_plan": {"Plan": {"Node Type": "Limit", "Startup Cost": 2671272.65, "Total Cost": 2671272.68, "Plan Rows": 10, "Plan Width": 44, "Actual Startup Time": 26214.652, "Actual Total Time": 26214.655, "Actual Rows": 10, "Actual Loops": 1, "Plans": [{"Node Type": "Sort", "Parent Relationship": "Outer", "Startup Cost": 2671272.65, "Total Cost": 2680170.77, "Plan Rows": 10, "Plan Width": 44, "Actual Startup Time": 26214.648, "Actual Total Time": 26214.648, "Actual Rows": 10, "Actual Loops": 1, "Sort Key": ["(sum((lineitem.l_extendedprice * (1::double precision - lineitem.l_discount)))) DESC", "orders.o_orderdate"], "Sort Method": "top-N heapsort", "Sort Space Used": 26, "Sort Space Type": "Memory", "Plans": [{"Node Type": "Aggregate", "Strategy": "Hashed", "Parent Relationship": "Outer", "Startup Cost": 2558766.13, "Total Cost": 2594358.6, "Plan Rows": 3559247, "Plan Width": 44, "Actual Startup Time": 26099.03, "Actual Total Time": 26186.826, "Actual Rows": 113719, "Actual Loops": 1, "Group By Key": ["lineitem.l_orderkey", "orders.o_orderdate", "orders.o_shippriority"], "Plans": [{"Node Type": "Nested Loop", "Parent Relationship": "Outer", "Join Type": "Inner", "Startup Cost": 0.0, "Total Cost": 2505377.43, "Plan Rows": 3559247, "Plan Width": 36, "Actual Startup Time": 0.183, "Actual Total Time": 25776.007, "Actual Rows": 300219, "Actual Loops": 1, "Inner Unique": false, "Plans": [{"Node Type": "Nested Loop", "Parent Relationship": "Outer", "Join Type": "Inner", "Startup Cost": 0.0, "Total Cost": 1500833.09, "Plan Rows": 715772, "Plan Width": 20, "Actual Startup Time": 0.09, "Actual Total Time": 8701.521, "Actual Rows": 1455173, "Actual Loops": 1, "Inner Unique": false, "Plans": [{"Node Type": "Seq Scan", "Parent Relationship": "Outer", "Relation Name": "customer", "Alias": "customer", "Startup Cost": 0.0, "Total Cost": 55876.0, "Plan Rows": 303948, "Plan Width": 8, "Actual Startup Time": 0.044, "Actual Total Time": 618.892, "Actual Rows": 300036, "Actual Loops": 1, "Filter": "(c_mktsegment = 'AUTOMOBILE'::bpchar), (LLVM Optimized, Jit Execute)", "Rows Removed by Filter": 1199964}, {"Node Type": "Index Scan", "Parent Relationship": "Inner", "Scan Direction": "Forward", "Index Name": "idx_orders_custkey", "Relation Name": "orders", "Alias": "orders", "Startup Cost": 0.0, "Total Cost": 4.73, "Plan Rows": 2, "Plan Width": 28, "Actual Startup Time": 1930.754, "Actual Total Time": 7545.624, "Actual Rows": 1455173, "Actual Loops": 300036, "Index Cond": "(o_custkey = customer.c_custkey)", "Rows Removed by Index Recheck": 0, "Filter": "(o_orderdate < '1995-03-13 00:00:00'::timestamp(0) without time zone)", "Rows Removed by Filter": 1545367}]}, {"Node Type": "Index Scan", "Parent Relationship": "Inner", "Scan Direction": "Forward", "Index Name": "idx_lineitem_orderkey", "Relation Name": "lineitem", "Alias": "lineitem", "Startup Cost": 0.0, "Total Cost": 1.35, "Plan Rows": 5, "Plan Width": 24, "Actual Startup Time": 15967.791, "Actual Total Time": 16264.523, "Actual Rows": 300219, "Actual Loops": 1455173, "Index Cond": "(l_orderkey = orders.o_orderkey)", "Rows Removed by Index Recheck": 0, "Filter": "(l_shipdate > '1995-03-13 00:00:00'::timestamp(0) without time zone)", "Rows Removed by Filter": 5519788}]}]}]}]}, "Triggers": [], "Planner Runtime": 0.651, "Total Runtime": 26223.963, "Unique SQL Id": 3929762122}}, "(64, '117')": {"explain_plan": {"Plan": {"Node Type": "Limit", "Startup Cost": 2699912.01, "Total Cost": 2699912.03, "Plan Rows": 10, "Plan Width": 44, "Plans": [{"Node Type": "Sort", "Parent Relationship": "Outer", "Startup Cost": 2699912.01, "Total Cost": 2708810.13, "Plan Rows": 10, "Plan Width": 44, "Sort Key": ["(sum((lineitem.l_extendedprice * (1::double precision - lineitem.l_discount)))) DESC", "orders.o_orderdate"], "Plans": [{"Node Type": "Aggregate", "Strategy": "Hashed", "Parent Relationship": "Outer", "Startup Cost": 2587405.49, "Total Cost": 2622997.96, "Plan Rows": 3559247, "Plan Width": 44, "Group By Key": ["lineitem.l_orderkey", "orders.o_orderdate", "orders.o_shippriority"], "Plans": [{"Node Type": "Nested Loop", "Parent Relationship": "Outer", "Join Type": "Inner", "Startup Cost": 0.0, "Total Cost": 2534016.78, "Plan Rows": 3559247, "Plan Width": 36, "Inner Unique": false, "Plans": [{"Node Type": "Nested Loop", "Parent Relationship": "Outer", "Join Type": "Inner", "Startup Cost": 0.0, "Total Cost": 1529472.45, "Plan Rows": 715772, "Plan Width": 20, "Inner Unique": false, "Plans": [{"Node Type": "Index Scan", "Parent Relationship": "Outer", "Scan Direction": "Forward", "Index Name": "customer_pkey", "Relation Name": "customer", "Alias": "customer", "Startup Cost": 0.0, "Total Cost": 84515.36, "Plan Rows": 303948, "Plan Width": 8, "Filter": "(c_mktsegment = 'AUTOMOBILE'::bpchar), (LLVM Optimized)"}, {"Node Type": "Index Scan", "Parent Relationship": "Inner", "Scan Direction": "Forward", "Index Name": "idx_orders_custkey", "Relation Name": "orders", "Alias": "orders", "Startup Cost": 0.0, "Total Cost": 4.73, "Plan Rows": 2, "Plan Width": 28, "Index Cond": "(o_custkey = customer.c_custkey)", "Filter": "(o_orderdate < '1995-03-13 00:00:00'::timestamp(0) without time zone)"}]}, {"Node Type": "Index Scan", "Parent Relationship": "Inner", "Scan Direction": "Forward", "Index Name": "idx_lineitem_orderkey", "Relation Name": "lineitem", "Alias": "lineitem", "Startup Cost": 0.0, "Total Cost": 1.35, "Plan Rows": 5, "Plan Width": 24, "Index Cond": "(l_orderkey = orders.o_orderkey)", "Filter": "(l_shipdate > '1995-03-13 00:00:00'::timestamp(0) without time zone)"}]}]}]}]}, "Unique SQL Id": 3929762122, "Planner Runtime": 0}, "explain_analyze_plan": {"Plan": {"Node Type": "Limit", "Startup Cost": 2699912.01, "Total Cost": 2699912.03, "Plan Rows": 10, "Plan Width": 44, "Actual Startup Time": 26685.581, "Actual Total Time": 26685.584, "Actual Rows": 10, "Actual Loops": 1, "Plans": [{"Node Type": "Sort", "Parent Relationship": "Outer", "Startup Cost": 2699912.01, "Total Cost": 2708810.13, "Plan Rows": 10, "Plan Width": 44, "Actual Startup Time": 26685.578, "Actual Total Time": 26685.58, "Actual Rows": 10, "Actual Loops": 1, "Sort Key": ["(sum((lineitem.l_extendedprice * (1::double precision - lineitem.l_discount)))) DESC", "orders.o_orderdate"], "Sort Method": "top-N heapsort", "Sort Space Used": 26, "Sort Space Type": "Memory", "Plans": [{"Node Type": "Aggregate", "Strategy": "Hashed", "Parent Relationship": "Outer", "Startup Cost": 2587405.49, "Total Cost": 2622997.96, "Plan Rows": 3559247, "Plan Width": 44, "Actual Startup Time": 26602.076, "Actual Total Time": 26658.408, "Actual Rows": 113719, "Actual Loops": 1, "Group By Key": ["lineitem.l_orderkey", "orders.o_orderdate", "orders.o_shippriority"], "Plans": [{"Node Type": "Nested Loop", "Parent Relationship": "Outer", "Join Type": "Inner", "Startup Cost": 0.0, "Total Cost": 2534016.78, "Plan Rows": 3559247, "Plan Width": 36, "Actual Startup Time": 0.213, "Actual Total Time": 26263.183, "Actual Rows": 300219, "Actual Loops": 1, "Inner Unique": false, "Plans": [{"Node Type": "Nested Loop", "Parent Relationship": "Outer", "Join Type": "Inner", "Startup Cost": 0.0, "Total Cost": 1529472.45, "Plan Rows": 715772, "Plan Width": 20, "Actual Startup Time": 0.08, "Actual Total Time": 9128.536, "Actual Rows": 1455173, "Actual Loops": 1, "Inner Unique": false, "Plans": [{"Node Type": "Index Scan", "Parent Relationship": "Outer", "Scan Direction": "Forward", "Index Name": "customer_pkey", "Relation Name": "customer", "Alias": "customer", "Startup Cost": 0.0, "Total Cost": 84515.36, "Plan Rows": 303948, "Plan Width": 8, "Actual Startup Time": 0.053, "Actual Total Time": 1062.354, "Actual Rows": 300036, "Actual Loops": 1, "Filter": "(c_mktsegment = 'AUTOMOBILE'::bpchar), (LLVM Optimized, Jit Execute)", "Rows Removed by Filter": 1199964}, {"Node Type": "Index Scan", "Parent Relationship": "Inner", "Scan Direction": "Forward", "Index Name": "idx_orders_custkey", "Relation Name": "orders", "Alias": "orders", "Startup Cost": 0.0, "Total Cost": 4.73, "Plan Rows": 2, "Plan Width": 28, "Actual Startup Time": 1928.711, "Actual Total Time": 7530.701, "Actual Rows": 1455173, "Actual Loops": 300036, "Index Cond": "(o_custkey = customer.c_custkey)", "Rows Removed by Index Recheck": 0, "Filter": "(o_orderdate < '1995-03-13 00:00:00'::timestamp(0) without time zone)", "Rows Removed by Filter": 1545367}]}, {"Node Type": "Index Scan", "Parent Relationship": "Inner", "Scan Direction": "Forward", "Index Name": "idx_lineitem_orderkey", "Relation Name": "lineitem", "Alias": "lineitem", "Startup Cost": 0.0, "Total Cost": 1.35, "Plan Rows": 5, "Plan Width": 24, "Actual Startup Time": 16010.7, "Actual Total Time": 16309.937, "Actual Rows": 300219, "Actual Loops": 1455173, "Index Cond": "(l_orderkey = orders.o_orderkey)", "Rows Removed by Index Recheck": 0, "Filter": "(l_shipdate > '1995-03-13 00:00:00'::timestamp(0) without time zone)", "Rows Removed by Filter": 5519788}]}]}]}]}, "Triggers": [], "Planner Runtime": 1.117, "Total Runtime": 26695.09, "Unique SQL Id": 3929762122}}, "(64, '118')": {"explain_plan": {"Plan": {"Node Type": "Limit", "Startup Cost": 5091242.79, "Total Cost": 5091242.81, "Plan Rows": 10, "Plan Width": 44, "Plans": [{"Node Type": "Sort", "Parent Relationship": "Outer", "Startup Cost": 5091242.79, "Total Cost": 5100140.91, "Plan Rows": 10, "Plan Width": 44, "Sort Key": ["(sum((lineitem.l_extendedprice * (1::double precision - lineitem.l_discount)))) DESC", "orders.o_orderdate"], "Plans": [{"Node Type": "Aggregate", "Strategy": "Hashed", "Parent Relationship": "Outer", "Startup Cost": 4978736.27, "Total Cost": 5014328.74, "Plan Rows": 3559247, "Plan Width": 44, "Group By Key": ["lineitem.l_orderkey", "orders.o_orderdate", "orders.o_shippriority"], "Plans": [{"Node Type": "Nested Loop", "Parent Relationship": "Outer", "Join Type": "Inner", "Startup Cost": 1.48, "Total Cost": 4925347.57, "Plan Rows": 3559247, "Plan Width": 36, "Inner Unique": false, "Plans": [{"Node Type": "Nested Loop", "Parent Relationship": "Outer", "Join Type": "Inner", "Startup Cost": 1.04, "Total Cost": 1611109.25, "Plan Rows": 715772, "Plan Width": 20, "Inner Unique": false, "Plans": [{"Node Type": "Seq Scan", "Parent Relationship": "Outer", "Relation Name": "customer", "Alias": "customer", "Startup Cost": 0.0, "Total Cost": 55876.0, "Plan Rows": 303948, "Plan Width": 8, "Filter": "(c_mktsegment = 'AUTOMOBILE'::bpchar), (LLVM Optimized)"}, {"Node Type": "Bitmap Heap Scan", "Parent Relationship": "Inner", "Relation Name": "orders", "Alias": "orders", "Startup Cost": 1.04, "Total Cost": 5.1, "Plan Rows": 2, "Plan Width": 28, "Recheck Cond": "(o_custkey = customer.c_custkey)", "Filter": "(o_orderdate < '1995-03-13 00:00:00'::timestamp(0) without time zone)", "Plans": [{"Node Type": "Bitmap Index Scan", "Parent Relationship": "Outer", "Index Name": "idx_orders_custkey", "Startup Cost": 0.0, "Total Cost": 1.04, "Plan Rows": 4, "Plan Width": 0, "Index Cond": "(o_custkey = customer.c_custkey)"}]}]}, {"Node Type": "Bitmap Heap Scan", "Parent Relationship": "Inner", "Relation Name": "lineitem", "Alias": "lineitem", "Startup Cost": 0.45, "Total Cost": 4.58, "Plan Rows": 5, "Plan Width": 24, "Recheck Cond": "(l_orderkey = orders.o_orderkey)", "Filter": "(l_shipdate > '1995-03-13 00:00:00'::timestamp(0) without time zone)", "Plans": [{"Node Type": "Bitmap Index Scan", "Parent Relationship": "Outer", "Index Name": "idx_lineitem_orderkey", "Startup Cost": 0.0, "Total Cost": 0.44, "Plan Rows": 9, "Plan Width": 0, "Index Cond": "(l_orderkey = orders.o_orderkey)"}]}]}]}]}]}, "Unique SQL Id": 3929762122, "Planner Runtime": 0}, "explain_analyze_plan": {"Plan": {"Node Type": "Limit", "Startup Cost": 5091242.79, "Total Cost": 5091242.81, "Plan Rows": 10, "Plan Width": 44, "Actual Startup Time": 31952.094, "Actual Total Time": 31952.098, "Actual Rows": 10, "Actual Loops": 1, "Plans": [{"Node Type": "Sort", "Parent Relationship": "Outer", "Startup Cost": 5091242.79, "Total Cost": 5100140.91, "Plan Rows": 10, "Plan Width": 44, "Actual Startup Time": 31952.092, "Actual Total Time": 31952.094, "Actual Rows": 10, "Actual Loops": 1, "Sort Key": ["(sum((lineitem.l_extendedprice * (1::double precision - lineitem.l_discount)))) DESC", "orders.o_orderdate"], "Sort Method": "top-N heapsort", "Sort Space Used": 26, "Sort Space Type": "Memory", "Plans": [{"Node Type": "Aggregate", "Strategy": "Hashed", "Parent Relationship": "Outer", "Startup Cost": 4978736.27, "Total Cost": 5014328.74, "Plan Rows": 3559247, "Plan Width": 44, "Actual Startup Time": 31834.373, "Actual Total Time": 31924.561, "Actual Rows": 113719, "Actual Loops": 1, "Group By Key": ["lineitem.l_orderkey", "orders.o_orderdate", "orders.o_shippriority"], "Plans": [{"Node Type": "Nested Loop", "Parent Relationship": "Outer", "Join Type": "Inner", "Startup Cost": 1.48, "Total Cost": 4925347.57, "Plan Rows": 3559247, "Plan Width": 36, "Actual Startup Time": 0.273, "Actual Total Time": 31455.165, "Actual Rows": 300219, "Actual Loops": 1, "Inner Unique": false, "Plans": [{"Node Type": "Nested Loop", "Parent Relationship": "Outer", "Join Type": "Inner", "Startup Cost": 1.04, "Total Cost": 1611109.25, "Plan Rows": 715772, "Plan Width": 20, "Actual Startup Time": 0.112, "Actual Total Time": 11477.213, "Actual Rows": 1455173, "Actual Loops": 1, "Inner Unique": false, "Plans": [{"Node Type": "Seq Scan", "Parent Relationship": "Outer", "Relation Name": "customer", "Alias": "customer", "Startup Cost": 0.0, "Total Cost": 55876.0, "Plan Rows": 303948, "Plan Width": 8, "Actual Startup Time": 0.044, "Actual Total Time": 665.914, "Actual Rows": 300036, "Actual Loops": 1, "Filter": "(c_mktsegment = 'AUTOMOBILE'::bpchar), (LLVM Optimized, Jit Execute)", "Rows Removed by Filter": 1199964}, {"Node Type": "Bitmap Heap Scan", "Parent Relationship": "Inner", "Relation Name": "orders", "Alias": "orders", "Startup Cost": 1.04, "Total Cost": 5.1, "Plan Rows": 2, "Plan Width": 28, "Actual Startup Time": 3190.167, "Actual Total Time": 10053.345, "Actual Rows": 1455173, "Actual Loops": 300036, "Recheck Cond": "(o_custkey = customer.c_custkey)", "Rows Removed by Index Recheck": 0, "Filter": "(o_orderdate < '1995-03-13 00:00:00'::timestamp(0) without time zone)", "Rows Removed by Filter": 1545367, "Exact Heap Blocks": 3000452, "Lossy Heap Blocks": 3000452, "Plans": [{"Node Type": "Bitmap Index Scan", "Parent Relationship": "Outer", "Index Name": "idx_orders_custkey", "Startup Cost": 0.0, "Total Cost": 1.04, "Plan Rows": 4, "Plan Width": 0, "Actual Startup Time": 1503.042, "Actual Total Time": 1503.042, "Actual Rows": 3000540, "Actual Loops": 300036, "Index Cond": "(o_custkey = customer.c_custkey)"}]}]}, {"Node Type": "Bitmap Heap Scan", "Parent Relationship": "Inner", "Relation Name": "lineitem", "Alias": "lineitem", "Startup Cost": 0.45, "Total Cost": 4.58, "Plan Rows": 5, "Plan Width": 24, "Actual Startup Time": 18112.279, "Actual Total Time": 18235.328, "Actual Rows": 300219, "Actual Loops": 1455173, "Recheck Cond": "(l_orderkey = orders.o_orderkey)", "Rows Removed by Index Recheck": 0, "Filter": "(l_shipdate > '1995-03-13 00:00:00'::timestamp(0) without time zone)", "Rows Removed by Filter": 5519788, "Exact Heap Blocks": 1558994, "Lossy Heap Blocks": 1558994, "Plans": [{"Node Type": "Bitmap Index Scan", "Parent Relationship": "Outer", "Index Name": "idx_lineitem_orderkey", "Startup Cost": 0.0, "Total Cost": 0.44, "Plan Rows": 9, "Plan Width": 0, "Actual Startup Time": 10266.127, "Actual Total Time": 10266.127, "Actual Rows": 5820007, "Actual Loops": 1455173, "Index Cond": "(l_orderkey = orders.o_orderkey)"}]}]}]}]}]}, "Triggers": [], "Planner Runtime": 0.678, "Total Runtime": 31961.511, "Unique SQL Id": 3929762122}}, "(64, '119')": {"explain_plan": {"Plan": {"Node Type": "Limit", "Startup Cost": 35345596.54, "Total Cost": 35345596.56, "Plan Rows": 10, "Plan Width": 44, "Plans": [{"Node Type": "Sort", "Parent Relationship": "Outer", "Startup Cost": 35345596.54, "Total Cost": 35354494.65, "Plan Rows": 10, "Plan Width": 44, "Sort Key": ["(sum((lineitem.l_extendedprice * (1::double precision - lineitem.l_discount)))) DESC", "orders.o_orderdate"], "Plans": [{"Node Type": "Aggregate", "Strategy": "Hashed", "Parent Relationship": "Outer", "Startup Cost": 35233090.02, "Total Cost": 35268682.49, "Plan Rows": 3559247, "Plan Width": 44, "Group By Key": ["lineitem.l_orderkey", "orders.o_orderdate", "orders.o_shippriority"], "Plans": [{"Node Type": "Nested Loop", "Parent Relationship": "Outer", "Join Type": "Inner", "Startup Cost": 168699.14, "Total Cost": 35179701.31, "Plan Rows": 3559247, "Plan Width": 36, "Inner Unique": false, "Plans": [{"Node Type": "Nested Loop", "Parent Relationship": "Outer", "Join Type": "Inner", "Startup Cost": 168698.69, "Total Cost": 31865463.0, "Plan Rows": 715772, "Plan Width": 20, "Inner Unique": true, "Plans": [{"Node Type": "Bitmap Heap Scan", "Parent Relationship": "Outer", "Relation Name": "orders", "Alias": "orders", "Startup Cost": 168698.43, "Total Cost": 536495.14, "Plan Rows": 7310217, "Plan Width": 28, "Recheck Cond": "(o_orderdate < '1995-03-13 00:00:00'::timestamp(0) without time zone), (LLVM Optimized)", "Plans": [{"Node Type": "Bitmap Index Scan", "Parent Relationship": "Outer", "Index Name": "idx_orders_orderdate", "Startup Cost": 0.0, "Total Cost": 166870.88, "Plan Rows": 7310217, "Plan Width": 0, "Index Cond": "(o_orderdate < '1995-03-13 00:00:00'::timestamp(0) without time zone)"}]}, {"Node Type": "Bitmap Heap Scan", "Parent Relationship": "Inner", "Relation Name": "customer", "Alias": "customer", "Startup Cost": 0.26, "Total Cost": 4.28, "Plan Rows": 1, "Plan Width": 8, "Recheck Cond": "(c_custkey = orders.o_custkey)", "Filter": "(c_mktsegment = 'AUTOMOBILE'::bpchar)", "Plans": [{"Node Type": "Bitmap Index Scan", "Parent Relationship": "Outer", "Index Name": "customer_pkey", "Startup Cost": 0.0, "Total Cost": 0.26, "Plan Rows": 1, "Plan Width": 0, "Index Cond": "(c_custkey = orders.o_custkey)"}]}]}, {"Node Type": "Bitmap Heap Scan", "Parent Relationship": "Inner", "Relation Name": "lineitem", "Alias": "lineitem", "Startup Cost": 0.45, "Total Cost": 4.58, "Plan Rows": 5, "Plan Width": 24, "Recheck Cond": "(l_orderkey = orders.o_orderkey)", "Filter": "(l_shipdate > '1995-03-13 00:00:00'::timestamp(0) without time zone)", "Plans": [{"Node Type": "Bitmap Index Scan", "Parent Relationship": "Outer", "Index Name": "idx_lineitem_orderkey", "Startup Cost": 0.0, "Total Cost": 0.44, "Plan Rows": 9, "Plan Width": 0, "Index Cond": "(l_orderkey = orders.o_orderkey)"}]}]}]}]}]}, "Unique SQL Id": 3929762122, "Planner Runtime": 0}, "explain_analyze_plan": null}, "(64, '120')": {"explain_plan": {"Plan": {"Node Type": "Limit", "Startup Cost": 2671272.65, "Total Cost": 2671272.68, "Plan Rows": 10, "Plan Width": 44, "Plans": [{"Node Type": "Sort", "Parent Relationship": "Outer", "Startup Cost": 2671272.65, "Total Cost": 2680170.77, "Plan Rows": 10, "Plan Width": 44, "Sort Key": ["(sum((lineitem.l_extendedprice * (1::double precision - lineitem.l_discount)))) DESC", "orders.o_orderdate"], "Plans": [{"Node Type": "Aggregate", "Strategy": "Hashed", "Parent Relationship": "Outer", "Startup Cost": 2558766.13, "Total Cost": 2594358.6, "Plan Rows": 3559247, "Plan Width": 44, "Group By Key": ["lineitem.l_orderkey", "orders.o_orderdate", "orders.o_shippriority"], "Plans": [{"Node Type": "Nested Loop", "Parent Relationship": "Outer", "Join Type": "Inner", "Startup Cost": 0.0, "Total Cost": 2505377.43, "Plan Rows": 3559247, "Plan Width": 36, "Inner Unique": false, "Plans": [{"Node Type": "Nested Loop", "Parent Relationship": "Outer", "Join Type": "Inner", "Startup Cost": 0.0, "Total Cost": 1500833.09, "Plan Rows": 715772, "Plan Width": 20, "Inner Unique": false, "Plans": [{"Node Type": "Seq Scan", "Parent Relationship": "Outer", "Relation Name": "customer", "Alias": "customer", "Startup Cost": 0.0, "Total Cost": 55876.0, "Plan Rows": 303948, "Plan Width": 8, "Filter": "(c_mktsegment = 'AUTOMOBILE'::bpchar), (LLVM Optimized)"}, {"Node Type": "Index Scan", "Parent Relationship": "Inner", "Scan Direction": "Forward", "Index Name": "idx_orders_custkey", "Relation Name": "orders", "Alias": "orders", "Startup Cost": 0.0, "Total Cost": 4.73, "Plan Rows": 2, "Plan Width": 28, "Index Cond": "(o_custkey = customer.c_custkey)", "Filter": "(o_orderdate < '1995-03-13 00:00:00'::timestamp(0) without time zone)"}]}, {"Node Type": "Index Scan", "Parent Relationship": "Inner", "Scan Direction": "Forward", "Index Name": "idx_lineitem_orderkey", "Relation Name": "lineitem", "Alias": "lineitem", "Startup Cost": 0.0, "Total Cost": 1.35, "Plan Rows": 5, "Plan Width": 24, "Index Cond": "(l_orderkey = orders.o_orderkey)", "Filter": "(l_shipdate > '1995-03-13 00:00:00'::timestamp(0) without time zone)"}]}]}]}]}, "Unique SQL Id": 3929762122, "Planner Runtime": 0}, "explain_analyze_plan": {"Plan": {"Node Type": "Limit", "Startup Cost": 2671272.65, "Total Cost": 2671272.68, "Plan Rows": 10, "Plan Width": 44, "Actual Startup Time": 26214.652, "Actual Total Time": 26214.655, "Actual Rows": 10, "Actual Loops": 1, "Plans": [{"Node Type": "Sort", "Parent Relationship": "Outer", "Startup Cost": 2671272.65, "Total Cost": 2680170.77, "Plan Rows": 10, "Plan Width": 44, "Actual Startup Time": 26214.648, "Actual Total Time": 26214.648, "Actual Rows": 10, "Actual Loops": 1, "Sort Key": ["(sum((lineitem.l_extendedprice * (1::double precision - lineitem.l_discount)))) DESC", "orders.o_orderdate"], "Sort Method": "top-N heapsort", "Sort Space Used": 26, "Sort Space Type": "Memory", "Plans": [{"Node Type": "Aggregate", "Strategy": "Hashed", "Parent Relationship": "Outer", "Startup Cost": 2558766.13, "Total Cost": 2594358.6, "Plan Rows": 3559247, "Plan Width": 44, "Actual Startup Time": 26099.03, "Actual Total Time": 26186.826, "Actual Rows": 113719, "Actual Loops": 1, "Group By Key": ["lineitem.l_orderkey", "orders.o_orderdate", "orders.o_shippriority"], "Plans": [{"Node Type": "Nested Loop", "Parent Relationship": "Outer", "Join Type": "Inner", "Startup Cost": 0.0, "Total Cost": 2505377.43, "Plan Rows": 3559247, "Plan Width": 36, "Actual Startup Time": 0.183, "Actual Total Time": 25776.007, "Actual Rows": 300219, "Actual Loops": 1, "Inner Unique": false, "Plans": [{"Node Type": "Nested Loop", "Parent Relationship": "Outer", "Join Type": "Inner", "Startup Cost": 0.0, "Total Cost": 1500833.09, "Plan Rows": 715772, "Plan Width": 20, "Actual Startup Time": 0.09, "Actual Total Time": 8701.521, "Actual Rows": 1455173, "Actual Loops": 1, "Inner Unique": false, "Plans": [{"Node Type": "Seq Scan", "Parent Relationship": "Outer", "Relation Name": "customer", "Alias": "customer", "Startup Cost": 0.0, "Total Cost": 55876.0, "Plan Rows": 303948, "Plan Width": 8, "Actual Startup Time": 0.044, "Actual Total Time": 618.892, "Actual Rows": 300036, "Actual Loops": 1, "Filter": "(c_mktsegment = 'AUTOMOBILE'::bpchar), (LLVM Optimized, Jit Execute)", "Rows Removed by Filter": 1199964}, {"Node Type": "Index Scan", "Parent Relationship": "Inner", "Scan Direction": "Forward", "Index Name": "idx_orders_custkey", "Relation Name": "orders", "Alias": "orders", "Startup Cost": 0.0, "Total Cost": 4.73, "Plan Rows": 2, "Plan Width": 28, "Actual Startup Time": 1930.754, "Actual Total Time": 7545.624, "Actual Rows": 1455173, "Actual Loops": 300036, "Index Cond": "(o_custkey = customer.c_custkey)", "Rows Removed by Index Recheck": 0, "Filter": "(o_orderdate < '1995-03-13 00:00:00'::timestamp(0) without time zone)", "Rows Removed by Filter": 1545367}]}, {"Node Type": "Index Scan", "Parent Relationship": "Inner", "Scan Direction": "Forward", "Index Name": "idx_lineitem_orderkey", "Relation Name": "lineitem", "Alias": "lineitem", "Startup Cost": 0.0, "Total Cost": 1.35, "Plan Rows": 5, "Plan Width": 24, "Actual Startup Time": 15967.791, "Actual Total Time": 16264.523, "Actual Rows": 300219, "Actual Loops": 1455173, "Index Cond": "(l_orderkey = orders.o_orderkey)", "Rows Removed by Index Recheck": 0, "Filter": "(l_shipdate > '1995-03-13 00:00:00'::timestamp(0) without time zone)", "Rows Removed by Filter": 5519788}]}]}]}]}, "Triggers": [], "Planner Runtime": 0.651, "Total Runtime": 26223.963, "Unique SQL Id": 3929762122}}, "(64, '121')": {"explain_plan": {"Plan": {"Node Type": "Limit", "Startup Cost": 2699912.01, "Total Cost": 2699912.03, "Plan Rows": 10, "Plan Width": 44, "Plans": [{"Node Type": "Sort", "Parent Relationship": "Outer", "Startup Cost": 2699912.01, "Total Cost": 2708810.13, "Plan Rows": 10, "Plan Width": 44, "Sort Key": ["(sum((lineitem.l_extendedprice * (1::double precision - lineitem.l_discount)))) DESC", "orders.o_orderdate"], "Plans": [{"Node Type": "Aggregate", "Strategy": "Hashed", "Parent Relationship": "Outer", "Startup Cost": 2587405.49, "Total Cost": 2622997.96, "Plan Rows": 3559247, "Plan Width": 44, "Group By Key": ["lineitem.l_orderkey", "orders.o_orderdate", "orders.o_shippriority"], "Plans": [{"Node Type": "Nested Loop", "Parent Relationship": "Outer", "Join Type": "Inner", "Startup Cost": 0.0, "Total Cost": 2534016.78, "Plan Rows": 3559247, "Plan Width": 36, "Inner Unique": false, "Plans": [{"Node Type": "Nested Loop", "Parent Relationship": "Outer", "Join Type": "Inner", "Startup Cost": 0.0, "Total Cost": 1529472.45, "Plan Rows": 715772, "Plan Width": 20, "Inner Unique": false, "Plans": [{"Node Type": "Index Scan", "Parent Relationship": "Outer", "Scan Direction": "Forward", "Index Name": "customer_pkey", "Relation Name": "customer", "Alias": "customer", "Startup Cost": 0.0, "Total Cost": 84515.36, "Plan Rows": 303948, "Plan Width": 8, "Filter": "(c_mktsegment = 'AUTOMOBILE'::bpchar), (LLVM Optimized)"}, {"Node Type": "Index Scan", "Parent Relationship": "Inner", "Scan Direction": "Forward", "Index Name": "idx_orders_custkey", "Relation Name": "orders", "Alias": "orders", "Startup Cost": 0.0, "Total Cost": 4.73, "Plan Rows": 2, "Plan Width": 28, "Index Cond": "(o_custkey = customer.c_custkey)", "Filter": "(o_orderdate < '1995-03-13 00:00:00'::timestamp(0) without time zone)"}]}, {"Node Type": "Index Scan", "Parent Relationship": "Inner", "Scan Direction": "Forward", "Index Name": "idx_lineitem_orderkey", "Relation Name": "lineitem", "Alias": "lineitem", "Startup Cost": 0.0, "Total Cost": 1.35, "Plan Rows": 5, "Plan Width": 24, "Index Cond": "(l_orderkey = orders.o_orderkey)", "Filter": "(l_shipdate > '1995-03-13 00:00:00'::timestamp(0) without time zone)"}]}]}]}]}, "Unique SQL Id": 3929762122, "Planner Runtime": 0}, "explain_analyze_plan": {"Plan": {"Node Type": "Limit", "Startup Cost": 2699912.01, "Total Cost": 2699912.03, "Plan Rows": 10, "Plan Width": 44, "Actual Startup Time": 26685.581, "Actual Total Time": 26685.584, "Actual Rows": 10, "Actual Loops": 1, "Plans": [{"Node Type": "Sort", "Parent Relationship": "Outer", "Startup Cost": 2699912.01, "Total Cost": 2708810.13, "Plan Rows": 10, "Plan Width": 44, "Actual Startup Time": 26685.578, "Actual Total Time": 26685.58, "Actual Rows": 10, "Actual Loops": 1, "Sort Key": ["(sum((lineitem.l_extendedprice * (1::double precision - lineitem.l_discount)))) DESC", "orders.o_orderdate"], "Sort Method": "top-N heapsort", "Sort Space Used": 26, "Sort Space Type": "Memory", "Plans": [{"Node Type": "Aggregate", "Strategy": "Hashed", "Parent Relationship": "Outer", "Startup Cost": 2587405.49, "Total Cost": 2622997.96, "Plan Rows": 3559247, "Plan Width": 44, "Actual Startup Time": 26602.076, "Actual Total Time": 26658.408, "Actual Rows": 113719, "Actual Loops": 1, "Group By Key": ["lineitem.l_orderkey", "orders.o_orderdate", "orders.o_shippriority"], "Plans": [{"Node Type": "Nested Loop", "Parent Relationship": "Outer", "Join Type": "Inner", "Startup Cost": 0.0, "Total Cost": 2534016.78, "Plan Rows": 3559247, "Plan Width": 36, "Actual Startup Time": 0.213, "Actual Total Time": 26263.183, "Actual Rows": 300219, "Actual Loops": 1, "Inner Unique": false, "Plans": [{"Node Type": "Nested Loop", "Parent Relationship": "Outer", "Join Type": "Inner", "Startup Cost": 0.0, "Total Cost": 1529472.45, "Plan Rows": 715772, "Plan Width": 20, "Actual Startup Time": 0.08, "Actual Total Time": 9128.536, "Actual Rows": 1455173, "Actual Loops": 1, "Inner Unique": false, "Plans": [{"Node Type": "Index Scan", "Parent Relationship": "Outer", "Scan Direction": "Forward", "Index Name": "customer_pkey", "Relation Name": "customer", "Alias": "customer", "Startup Cost": 0.0, "Total Cost": 84515.36, "Plan Rows": 303948, "Plan Width": 8, "Actual Startup Time": 0.053, "Actual Total Time": 1062.354, "Actual Rows": 300036, "Actual Loops": 1, "Filter": "(c_mktsegment = 'AUTOMOBILE'::bpchar), (LLVM Optimized, Jit Execute)", "Rows Removed by Filter": 1199964}, {"Node Type": "Index Scan", "Parent Relationship": "Inner", "Scan Direction": "Forward", "Index Name": "idx_orders_custkey", "Relation Name": "orders", "Alias": "orders", "Startup Cost": 0.0, "Total Cost": 4.73, "Plan Rows": 2, "Plan Width": 28, "Actual Startup Time": 1928.711, "Actual Total Time": 7530.701, "Actual Rows": 1455173, "Actual Loops": 300036, "Index Cond": "(o_custkey = customer.c_custkey)", "Rows Removed by Index Recheck": 0, "Filter": "(o_orderdate < '1995-03-13 00:00:00'::timestamp(0) without time zone)", "Rows Removed by Filter": 1545367}]}, {"Node Type": "Index Scan", "Parent Relationship": "Inner", "Scan Direction": "Forward", "Index Name": "idx_lineitem_orderkey", "Relation Name": "lineitem", "Alias": "lineitem", "Startup Cost": 0.0, "Total Cost": 1.35, "Plan Rows": 5, "Plan Width": 24, "Actual Startup Time": 16010.7, "Actual Total Time": 16309.937, "Actual Rows": 300219, "Actual Loops": 1455173, "Index Cond": "(l_orderkey = orders.o_orderkey)", "Rows Removed by Index Recheck": 0, "Filter": "(l_shipdate > '1995-03-13 00:00:00'::timestamp(0) without time zone)", "Rows Removed by Filter": 5519788}]}]}]}]}, "Triggers": [], "Planner Runtime": 1.117, "Total Runtime": 26695.09, "Unique SQL Id": 3929762122}}, "(64, '122')": {"explain_plan": {"Plan": {"Node Type": "Limit", "Startup Cost": 383528982462.14, "Total Cost": 383528982462.17, "Plan Rows": 10, "Plan Width": 44, "Plans": [{"Node Type": "Sort", "Parent Relationship": "Outer", "Startup Cost": 383528982462.14, "Total Cost": 383528991360.26, "Plan Rows": 10, "Plan Width": 44, "Sort Key": ["(sum((lineitem.l_extendedprice * (1::double precision - lineitem.l_discount)))) DESC", "orders.o_orderdate"], "Plans": [{"Node Type": "Aggregate", "Strategy": "Hashed", "Parent Relationship": "Outer", "Startup Cost": 383528869955.62, "Total Cost": 383528905548.09, "Plan Rows": 3559247, "Plan Width": 44, "Group By Key": ["lineitem.l_orderkey", "orders.o_orderdate", "orders.o_shippriority"], "Plans": [{"Node Type": "Nested Loop", "Parent Relationship": "Outer", "Join Type": "Inner", "Startup Cost": 385.22, "Total Cost": 383528816566.92, "Plan Rows": 3559247, "Plan Width": 36, "Inner Unique": false, "Join Filter": "(orders.o_orderkey = lineitem.l_orderkey), (LLVM Optimized)", "Plans": [{"Node Type": "Seq Scan", "Parent Relationship": "Outer", "Relation Name": "lineitem", "Alias": "lineitem", "Startup Cost": 0.0, "Total Cost": 2165082.91, "Plan Rows": 32617206, "Plan Width": 24, "Filter": "(l_shipdate > '1995-03-13 00:00:00'::timestamp(0) without time zone), (LLVM Optimized)"}, {"Node Type": "Materialize", "Parent Relationship": "Inner", "Startup Cost": 385.22, "Total Cost": 33329411677.96, "Plan Rows": 715772, "Plan Width": 20, "Plans": [{"Node Type": "Nested Loop", "Parent Relationship": "Outer", "Join Type": "Inner", "Startup Cost": 385.22, "Total Cost": 33329408099.1, "Plan Rows": 715772, "Plan Width": 20, "Inner Unique": true, "Join Filter": "(customer.c_custkey = orders.o_custkey), (LLVM Optimized)", "Plans": [{"Node Type": "Seq Scan", "Parent Relationship": "Outer", "Relation Name": "orders", "Alias": "orders", "Startup Cost": 385.22, "Total Cost": 463912.49, "Plan Rows": 7310217, "Plan Width": 28, "Filter": "(o_orderdate < '1995-03-13 00:00:00'::timestamp(0) without time zone), (LLVM Optimized)"}, {"Node Type": "Materialize", "Parent Relationship": "Inner", "Startup Cost": 0.0, "Total Cost": 57395.74, "Plan Rows": 303948, "Plan Width": 8, "Plans": [{"Node Type": "Seq Scan", "Parent Relationship": "Outer", "Relation Name": "customer", "Alias": "customer", "Startup Cost": 0.0, "Total Cost": 55876.0, "Plan Rows": 303948, "Plan Width": 8, "Filter": "(c_mktsegment = 'AUTOMOBILE'::bpchar), (LLVM Optimized)"}]}]}]}]}]}]}]}, "Unique SQL Id": 3929762122, "Planner Runtime": 0}, "explain_analyze_plan": null}, "(64, '123')": {"explain_plan": {"Plan": {"Node Type": "Limit", "Startup Cost": 3383950608972.36, "Total Cost": 3383950608972.39, "Plan Rows": 10, "Plan Width": 44, "Plans": [{"Node Type": "Sort", "Parent Relationship": "Outer", "Startup Cost": 3383950608972.36, "Total Cost": 3383950617870.48, "Plan Rows": 10, "Plan Width": 44, "Sort Key": ["(sum((lineitem.l_extendedprice * (1::double precision - lineitem.l_discount)))) DESC", "orders.o_orderdate"], "Plans": [{"Node Type": "Aggregate", "Strategy": "Hashed", "Parent Relationship": "Outer", "Startup Cost": 3383950496465.85, "Total Cost": 3383950532058.32, "Plan Rows": 3559247, "Plan Width": 44, "Group By Key": ["lineitem.l_orderkey", "orders.o_orderdate", "orders.o_shippriority"], "Plans": [{"Node Type": "Nested Loop", "Parent Relationship": "Outer", "Join Type": "Inner", "Startup Cost": 30000000000.0, "Total Cost": 3383950443077.14, "Plan Rows": 3559247, "Plan Width": 36, "Inner Unique": false, "Join Filter": "(orders.o_orderkey = lineitem.l_orderkey), (LLVM Optimized)", "Plans": [{"Node Type": "Index Scan", "Parent Relationship": "Outer", "Scan Direction": "Forward", "Index Name": "idx_lineitem_orderkey", "Relation Name": "lineitem", "Alias": "lineitem", "Startup Cost": 10000000000.0, "Total Cost": 1000339012132.75, "Plan Rows": 32617206, "Plan Width": 24, "Filter": "(l_shipdate > '1995-03-13 00:00:00'::timestamp(0) without time zone), (LLVM Optimized)"}, {"Node Type": "Materialize", "Parent Relationship": "Inner", "Startup Cost": 20000000000.0, "Total Cost": 2033414191138.34, "Plan Rows": 715772, "Plan Width": 20, "Plans": [{"Node Type": "Nested Loop", "Parent Relationship": "Outer", "Join Type": "Inner", "Startup Cost": 20000000000.0, "Total Cost": 2033414187559.48, "Plan Rows": 715772, "Plan Width": 20, "Inner Unique": true, "Join Filter": "(customer.c_custkey = orders.o_custkey), (LLVM Optimized)", "Plans": [{"Node Type": "Index Scan", "Parent Relationship": "Outer", "Scan Direction": "Forward", "Index Name": "orders_pkey", "Relation Name": "orders", "Alias": "orders", "Startup Cost": 10000000000.0, "Total Cost": 1000076847713.25, "Plan Rows": 7310217, "Plan Width": 28, "Filter": "(o_orderdate < '1995-03-13 00:00:00'::timestamp(0) without time zone), (LLVM Optimized)"}, {"Node Type": "Materialize", "Parent Relationship": "Inner", "Startup Cost": 10000000000.0, "Total Cost": 1000008453055.36, "Plan Rows": 303948, "Plan Width": 8, "Plans": [{"Node Type": "Index Scan", "Parent Relationship": "Outer", "Scan Direction": "Forward", "Index Name": "customer_pkey", "Relation Name": "customer", "Alias": "customer", "Startup Cost": 10000000000.0, "Total Cost": 1000008451535.62, "Plan Rows": 303948, "Plan Width": 8, "Filter": "(c_mktsegment = 'AUTOMOBILE'::bpchar), (LLVM Optimized)"}]}]}]}]}]}]}]}, "Unique SQL Id": 3929762122, "Planner Runtime": 0}, "explain_analyze_plan": null}, "(64, '124')": {"explain_plan": {"Plan": {"Node Type": "Limit", "Startup Cost": 2671272.65, "Total Cost": 2671272.68, "Plan Rows": 10, "Plan Width": 44, "Plans": [{"Node Type": "Sort", "Parent Relationship": "Outer", "Startup Cost": 2671272.65, "Total Cost": 2680170.77, "Plan Rows": 10, "Plan Width": 44, "Sort Key": ["(sum((lineitem.l_extendedprice * (1::double precision - lineitem.l_discount)))) DESC", "orders.o_orderdate"], "Plans": [{"Node Type": "Aggregate", "Strategy": "Hashed", "Parent Relationship": "Outer", "Startup Cost": 2558766.13, "Total Cost": 2594358.6, "Plan Rows": 3559247, "Plan Width": 44, "Group By Key": ["lineitem.l_orderkey", "orders.o_orderdate", "orders.o_shippriority"], "Plans": [{"Node Type": "Nested Loop", "Parent Relationship": "Outer", "Join Type": "Inner", "Startup Cost": 0.0, "Total Cost": 2505377.43, "Plan Rows": 3559247, "Plan Width": 36, "Inner Unique": false, "Plans": [{"Node Type": "Nested Loop", "Parent Relationship": "Outer", "Join Type": "Inner", "Startup Cost": 0.0, "Total Cost": 1500833.09, "Plan Rows": 715772, "Plan Width": 20, "Inner Unique": false, "Plans": [{"Node Type": "Seq Scan", "Parent Relationship": "Outer", "Relation Name": "customer", "Alias": "customer", "Startup Cost": 0.0, "Total Cost": 55876.0, "Plan Rows": 303948, "Plan Width": 8, "Filter": "(c_mktsegment = 'AUTOMOBILE'::bpchar), (LLVM Optimized)"}, {"Node Type": "Index Scan", "Parent Relationship": "Inner", "Scan Direction": "Forward", "Index Name": "idx_orders_custkey", "Relation Name": "orders", "Alias": "orders", "Startup Cost": 0.0, "Total Cost": 4.73, "Plan Rows": 2, "Plan Width": 28, "Index Cond": "(o_custkey = customer.c_custkey)", "Filter": "(o_orderdate < '1995-03-13 00:00:00'::timestamp(0) without time zone)"}]}, {"Node Type": "Index Scan", "Parent Relationship": "Inner", "Scan Direction": "Forward", "Index Name": "idx_lineitem_orderkey", "Relation Name": "lineitem", "Alias": "lineitem", "Startup Cost": 0.0, "Total Cost": 1.35, "Plan Rows": 5, "Plan Width": 24, "Index Cond": "(l_orderkey = orders.o_orderkey)", "Filter": "(l_shipdate > '1995-03-13 00:00:00'::timestamp(0) without time zone)"}]}]}]}]}, "Unique SQL Id": 3929762122, "Planner Runtime": 0}, "explain_analyze_plan": {"Plan": {"Node Type": "Limit", "Startup Cost": 2671272.65, "Total Cost": 2671272.68, "Plan Rows": 10, "Plan Width": 44, "Actual Startup Time": 26214.652, "Actual Total Time": 26214.655, "Actual Rows": 10, "Actual Loops": 1, "Plans": [{"Node Type": "Sort", "Parent Relationship": "Outer", "Startup Cost": 2671272.65, "Total Cost": 2680170.77, "Plan Rows": 10, "Plan Width": 44, "Actual Startup Time": 26214.648, "Actual Total Time": 26214.648, "Actual Rows": 10, "Actual Loops": 1, "Sort Key": ["(sum((lineitem.l_extendedprice * (1::double precision - lineitem.l_discount)))) DESC", "orders.o_orderdate"], "Sort Method": "top-N heapsort", "Sort Space Used": 26, "Sort Space Type": "Memory", "Plans": [{"Node Type": "Aggregate", "Strategy": "Hashed", "Parent Relationship": "Outer", "Startup Cost": 2558766.13, "Total Cost": 2594358.6, "Plan Rows": 3559247, "Plan Width": 44, "Actual Startup Time": 26099.03, "Actual Total Time": 26186.826, "Actual Rows": 113719, "Actual Loops": 1, "Group By Key": ["lineitem.l_orderkey", "orders.o_orderdate", "orders.o_shippriority"], "Plans": [{"Node Type": "Nested Loop", "Parent Relationship": "Outer", "Join Type": "Inner", "Startup Cost": 0.0, "Total Cost": 2505377.43, "Plan Rows": 3559247, "Plan Width": 36, "Actual Startup Time": 0.183, "Actual Total Time": 25776.007, "Actual Rows": 300219, "Actual Loops": 1, "Inner Unique": false, "Plans": [{"Node Type": "Nested Loop", "Parent Relationship": "Outer", "Join Type": "Inner", "Startup Cost": 0.0, "Total Cost": 1500833.09, "Plan Rows": 715772, "Plan Width": 20, "Actual Startup Time": 0.09, "Actual Total Time": 8701.521, "Actual Rows": 1455173, "Actual Loops": 1, "Inner Unique": false, "Plans": [{"Node Type": "Seq Scan", "Parent Relationship": "Outer", "Relation Name": "customer", "Alias": "customer", "Startup Cost": 0.0, "Total Cost": 55876.0, "Plan Rows": 303948, "Plan Width": 8, "Actual Startup Time": 0.044, "Actual Total Time": 618.892, "Actual Rows": 300036, "Actual Loops": 1, "Filter": "(c_mktsegment = 'AUTOMOBILE'::bpchar), (LLVM Optimized, Jit Execute)", "Rows Removed by Filter": 1199964}, {"Node Type": "Index Scan", "Parent Relationship": "Inner", "Scan Direction": "Forward", "Index Name": "idx_orders_custkey", "Relation Name": "orders", "Alias": "orders", "Startup Cost": 0.0, "Total Cost": 4.73, "Plan Rows": 2, "Plan Width": 28, "Actual Startup Time": 1930.754, "Actual Total Time": 7545.624, "Actual Rows": 1455173, "Actual Loops": 300036, "Index Cond": "(o_custkey = customer.c_custkey)", "Rows Removed by Index Recheck": 0, "Filter": "(o_orderdate < '1995-03-13 00:00:00'::timestamp(0) without time zone)", "Rows Removed by Filter": 1545367}]}, {"Node Type": "Index Scan", "Parent Relationship": "Inner", "Scan Direction": "Forward", "Index Name": "idx_lineitem_orderkey", "Relation Name": "lineitem", "Alias": "lineitem", "Startup Cost": 0.0, "Total Cost": 1.35, "Plan Rows": 5, "Plan Width": 24, "Actual Startup Time": 15967.791, "Actual Total Time": 16264.523, "Actual Rows": 300219, "Actual Loops": 1455173, "Index Cond": "(l_orderkey = orders.o_orderkey)", "Rows Removed by Index Recheck": 0, "Filter": "(l_shipdate > '1995-03-13 00:00:00'::timestamp(0) without time zone)", "Rows Removed by Filter": 5519788}]}]}]}]}, "Triggers": [], "Planner Runtime": 0.651, "Total Runtime": 26223.963, "Unique SQL Id": 3929762122}}, "(64, '125')": {"explain_plan": {"Plan": {"Node Type": "Limit", "Startup Cost": 2699912.01, "Total Cost": 2699912.03, "Plan Rows": 10, "Plan Width": 44, "Plans": [{"Node Type": "Sort", "Parent Relationship": "Outer", "Startup Cost": 2699912.01, "Total Cost": 2708810.13, "Plan Rows": 10, "Plan Width": 44, "Sort Key": ["(sum((lineitem.l_extendedprice * (1::double precision - lineitem.l_discount)))) DESC", "orders.o_orderdate"], "Plans": [{"Node Type": "Aggregate", "Strategy": "Hashed", "Parent Relationship": "Outer", "Startup Cost": 2587405.49, "Total Cost": 2622997.96, "Plan Rows": 3559247, "Plan Width": 44, "Group By Key": ["lineitem.l_orderkey", "orders.o_orderdate", "orders.o_shippriority"], "Plans": [{"Node Type": "Nested Loop", "Parent Relationship": "Outer", "Join Type": "Inner", "Startup Cost": 0.0, "Total Cost": 2534016.78, "Plan Rows": 3559247, "Plan Width": 36, "Inner Unique": false, "Plans": [{"Node Type": "Nested Loop", "Parent Relationship": "Outer", "Join Type": "Inner", "Startup Cost": 0.0, "Total Cost": 1529472.45, "Plan Rows": 715772, "Plan Width": 20, "Inner Unique": false, "Plans": [{"Node Type": "Index Scan", "Parent Relationship": "Outer", "Scan Direction": "Forward", "Index Name": "customer_pkey", "Relation Name": "customer", "Alias": "customer", "Startup Cost": 0.0, "Total Cost": 84515.36, "Plan Rows": 303948, "Plan Width": 8, "Filter": "(c_mktsegment = 'AUTOMOBILE'::bpchar), (LLVM Optimized)"}, {"Node Type": "Index Scan", "Parent Relationship": "Inner", "Scan Direction": "Forward", "Index Name": "idx_orders_custkey", "Relation Name": "orders", "Alias": "orders", "Startup Cost": 0.0, "Total Cost": 4.73, "Plan Rows": 2, "Plan Width": 28, "Index Cond": "(o_custkey = customer.c_custkey)", "Filter": "(o_orderdate < '1995-03-13 00:00:00'::timestamp(0) without time zone)"}]}, {"Node Type": "Index Scan", "Parent Relationship": "Inner", "Scan Direction": "Forward", "Index Name": "idx_lineitem_orderkey", "Relation Name": "lineitem", "Alias": "lineitem", "Startup Cost": 0.0, "Total Cost": 1.35, "Plan Rows": 5, "Plan Width": 24, "Index Cond": "(l_orderkey = orders.o_orderkey)", "Filter": "(l_shipdate > '1995-03-13 00:00:00'::timestamp(0) without time zone)"}]}]}]}]}, "Unique SQL Id": 3929762122, "Planner Runtime": 0}, "explain_analyze_plan": {"Plan": {"Node Type": "Limit", "Startup Cost": 2699912.01, "Total Cost": 2699912.03, "Plan Rows": 10, "Plan Width": 44, "Actual Startup Time": 26685.581, "Actual Total Time": 26685.584, "Actual Rows": 10, "Actual Loops": 1, "Plans": [{"Node Type": "Sort", "Parent Relationship": "Outer", "Startup Cost": 2699912.01, "Total Cost": 2708810.13, "Plan Rows": 10, "Plan Width": 44, "Actual Startup Time": 26685.578, "Actual Total Time": 26685.58, "Actual Rows": 10, "Actual Loops": 1, "Sort Key": ["(sum((lineitem.l_extendedprice * (1::double precision - lineitem.l_discount)))) DESC", "orders.o_orderdate"], "Sort Method": "top-N heapsort", "Sort Space Used": 26, "Sort Space Type": "Memory", "Plans": [{"Node Type": "Aggregate", "Strategy": "Hashed", "Parent Relationship": "Outer", "Startup Cost": 2587405.49, "Total Cost": 2622997.96, "Plan Rows": 3559247, "Plan Width": 44, "Actual Startup Time": 26602.076, "Actual Total Time": 26658.408, "Actual Rows": 113719, "Actual Loops": 1, "Group By Key": ["lineitem.l_orderkey", "orders.o_orderdate", "orders.o_shippriority"], "Plans": [{"Node Type": "Nested Loop", "Parent Relationship": "Outer", "Join Type": "Inner", "Startup Cost": 0.0, "Total Cost": 2534016.78, "Plan Rows": 3559247, "Plan Width": 36, "Actual Startup Time": 0.213, "Actual Total Time": 26263.183, "Actual Rows": 300219, "Actual Loops": 1, "Inner Unique": false, "Plans": [{"Node Type": "Nested Loop", "Parent Relationship": "Outer", "Join Type": "Inner", "Startup Cost": 0.0, "Total Cost": 1529472.45, "Plan Rows": 715772, "Plan Width": 20, "Actual Startup Time": 0.08, "Actual Total Time": 9128.536, "Actual Rows": 1455173, "Actual Loops": 1, "Inner Unique": false, "Plans": [{"Node Type": "Index Scan", "Parent Relationship": "Outer", "Scan Direction": "Forward", "Index Name": "customer_pkey", "Relation Name": "customer", "Alias": "customer", "Startup Cost": 0.0, "Total Cost": 84515.36, "Plan Rows": 303948, "Plan Width": 8, "Actual Startup Time": 0.053, "Actual Total Time": 1062.354, "Actual Rows": 300036, "Actual Loops": 1, "Filter": "(c_mktsegment = 'AUTOMOBILE'::bpchar), (LLVM Optimized, Jit Execute)", "Rows Removed by Filter": 1199964}, {"Node Type": "Index Scan", "Parent Relationship": "Inner", "Scan Direction": "Forward", "Index Name": "idx_orders_custkey", "Relation Name": "orders", "Alias": "orders", "Startup Cost": 0.0, "Total Cost": 4.73, "Plan Rows": 2, "Plan Width": 28, "Actual Startup Time": 1928.711, "Actual Total Time": 7530.701, "Actual Rows": 1455173, "Actual Loops": 300036, "Index Cond": "(o_custkey = customer.c_custkey)", "Rows Removed by Index Recheck": 0, "Filter": "(o_orderdate < '1995-03-13 00:00:00'::timestamp(0) without time zone)", "Rows Removed by Filter": 1545367}]}, {"Node Type": "Index Scan", "Parent Relationship": "Inner", "Scan Direction": "Forward", "Index Name": "idx_lineitem_orderkey", "Relation Name": "lineitem", "Alias": "lineitem", "Startup Cost": 0.0, "Total Cost": 1.35, "Plan Rows": 5, "Plan Width": 24, "Actual Startup Time": 16010.7, "Actual Total Time": 16309.937, "Actual Rows": 300219, "Actual Loops": 1455173, "Index Cond": "(l_orderkey = orders.o_orderkey)", "Rows Removed by Index Recheck": 0, "Filter": "(l_shipdate > '1995-03-13 00:00:00'::timestamp(0) without time zone)", "Rows Removed by Filter": 5519788}]}]}]}]}, "Triggers": [], "Planner Runtime": 1.117, "Total Runtime": 26695.09, "Unique SQL Id": 3929762122}}, "(64, '126')": {"explain_plan": {"Plan": {"Node Type": "Limit", "Startup Cost": 383528982462.14, "Total Cost": 383528982462.17, "Plan Rows": 10, "Plan Width": 44, "Plans": [{"Node Type": "Sort", "Parent Relationship": "Outer", "Startup Cost": 383528982462.14, "Total Cost": 383528991360.26, "Plan Rows": 10, "Plan Width": 44, "Sort Key": ["(sum((lineitem.l_extendedprice * (1::double precision - lineitem.l_discount)))) DESC", "orders.o_orderdate"], "Plans": [{"Node Type": "Aggregate", "Strategy": "Hashed", "Parent Relationship": "Outer", "Startup Cost": 383528869955.62, "Total Cost": 383528905548.09, "Plan Rows": 3559247, "Plan Width": 44, "Group By Key": ["lineitem.l_orderkey", "orders.o_orderdate", "orders.o_shippriority"], "Plans": [{"Node Type": "Nested Loop", "Parent Relationship": "Outer", "Join Type": "Inner", "Startup Cost": 385.22, "Total Cost": 383528816566.92, "Plan Rows": 3559247, "Plan Width": 36, "Inner Unique": false, "Join Filter": "(orders.o_orderkey = lineitem.l_orderkey), (LLVM Optimized)", "Plans": [{"Node Type": "Seq Scan", "Parent Relationship": "Outer", "Relation Name": "lineitem", "Alias": "lineitem", "Startup Cost": 0.0, "Total Cost": 2165082.91, "Plan Rows": 32617206, "Plan Width": 24, "Filter": "(l_shipdate > '1995-03-13 00:00:00'::timestamp(0) without time zone), (LLVM Optimized)"}, {"Node Type": "Materialize", "Parent Relationship": "Inner", "Startup Cost": 385.22, "Total Cost": 33329411677.96, "Plan Rows": 715772, "Plan Width": 20, "Plans": [{"Node Type": "Nested Loop", "Parent Relationship": "Outer", "Join Type": "Inner", "Startup Cost": 385.22, "Total Cost": 33329408099.1, "Plan Rows": 715772, "Plan Width": 20, "Inner Unique": true, "Join Filter": "(customer.c_custkey = orders.o_custkey), (LLVM Optimized)", "Plans": [{"Node Type": "Seq Scan", "Parent Relationship": "Outer", "Relation Name": "orders", "Alias": "orders", "Startup Cost": 385.22, "Total Cost": 463912.49, "Plan Rows": 7310217, "Plan Width": 28, "Filter": "(o_orderdate < '1995-03-13 00:00:00'::timestamp(0) without time zone), (LLVM Optimized)"}, {"Node Type": "Materialize", "Parent Relationship": "Inner", "Startup Cost": 0.0, "Total Cost": 57395.74, "Plan Rows": 303948, "Plan Width": 8, "Plans": [{"Node Type": "Seq Scan", "Parent Relationship": "Outer", "Relation Name": "customer", "Alias": "customer", "Startup Cost": 0.0, "Total Cost": 55876.0, "Plan Rows": 303948, "Plan Width": 8, "Filter": "(c_mktsegment = 'AUTOMOBILE'::bpchar), (LLVM Optimized)"}]}]}]}]}]}]}]}, "Unique SQL Id": 3929762122, "Planner Runtime": 0}, "explain_analyze_plan": null}, "(64, '127')": {"explain_plan": {"Plan": {"Node Type": "Limit", "Startup Cost": 3383950608972.36, "Total Cost": 3383950608972.39, "Plan Rows": 10, "Plan Width": 44, "Plans": [{"Node Type": "Sort", "Parent Relationship": "Outer", "Startup Cost": 3383950608972.36, "Total Cost": 3383950617870.48, "Plan Rows": 10, "Plan Width": 44, "Sort Key": ["(sum((lineitem.l_extendedprice * (1::double precision - lineitem.l_discount)))) DESC", "orders.o_orderdate"], "Plans": [{"Node Type": "Aggregate", "Strategy": "Hashed", "Parent Relationship": "Outer", "Startup Cost": 3383950496465.85, "Total Cost": 3383950532058.32, "Plan Rows": 3559247, "Plan Width": 44, "Group By Key": ["lineitem.l_orderkey", "orders.o_orderdate", "orders.o_shippriority"], "Plans": [{"Node Type": "Nested Loop", "Parent Relationship": "Outer", "Join Type": "Inner", "Startup Cost": 30000000000.0, "Total Cost": 3383950443077.14, "Plan Rows": 3559247, "Plan Width": 36, "Inner Unique": false, "Join Filter": "(orders.o_orderkey = lineitem.l_orderkey), (LLVM Optimized)", "Plans": [{"Node Type": "Index Scan", "Parent Relationship": "Outer", "Scan Direction": "Forward", "Index Name": "idx_lineitem_orderkey", "Relation Name": "lineitem", "Alias": "lineitem", "Startup Cost": 10000000000.0, "Total Cost": 1000339012132.75, "Plan Rows": 32617206, "Plan Width": 24, "Filter": "(l_shipdate > '1995-03-13 00:00:00'::timestamp(0) without time zone), (LLVM Optimized)"}, {"Node Type": "Materialize", "Parent Relationship": "Inner", "Startup Cost": 20000000000.0, "Total Cost": 2033414191138.34, "Plan Rows": 715772, "Plan Width": 20, "Plans": [{"Node Type": "Nested Loop", "Parent Relationship": "Outer", "Join Type": "Inner", "Startup Cost": 20000000000.0, "Total Cost": 2033414187559.48, "Plan Rows": 715772, "Plan Width": 20, "Inner Unique": true, "Join Filter": "(customer.c_custkey = orders.o_custkey), (LLVM Optimized)", "Plans": [{"Node Type": "Index Scan", "Parent Relationship": "Outer", "Scan Direction": "Forward", "Index Name": "orders_pkey", "Relation Name": "orders", "Alias": "orders", "Startup Cost": 10000000000.0, "Total Cost": 1000076847713.25, "Plan Rows": 7310217, "Plan Width": 28, "Filter": "(o_orderdate < '1995-03-13 00:00:00'::timestamp(0) without time zone), (LLVM Optimized)"}, {"Node Type": "Materialize", "Parent Relationship": "Inner", "Startup Cost": 10000000000.0, "Total Cost": 1000008453055.36, "Plan Rows": 303948, "Plan Width": 8, "Plans": [{"Node Type": "Index Scan", "Parent Relationship": "Outer", "Scan Direction": "Forward", "Index Name": "customer_pkey", "Relation Name": "customer", "Alias": "customer", "Startup Cost": 10000000000.0, "Total Cost": 1000008451535.62, "Plan Rows": 303948, "Plan Width": 8, "Filter": "(c_mktsegment = 'AUTOMOBILE'::bpchar), (LLVM Optimized)"}]}]}]}]}]}]}]}, "Unique SQL Id": 3929762122, "Planner Runtime": 0}, "explain_analyze_plan": null}}