{"(1, 0)": {"explain_plan": {"Plan": {"Node Type": "Sort", "Startup Cost": 916688.59, "Total Cost": 916688.6, "Plan Rows": 1, "Plan Width": 16, "Sort Key": ["orders.o_orderpriority"], "Plans": [{"Node Type": "Aggregate", "Strategy": "Hashed", "Parent Relationship": "Outer", "Startup Cost": 916688.57, "Total Cost": 916688.58, "Plan Rows": 1, "Plan Width": 16, "Group By Key": ["orders.o_orderpriority"], "Plans": [{"Node Type": "Nested Loop", "Parent Relationship": "Outer", "Join Type": "Semi", "Startup Cost": 14564.7, "Total Cost": 913841.52, "Plan Rows": 569410, "Plan Width": 16, "Inner Unique": false, "Plans": [{"Node Type": "Bitmap Heap Scan", "Parent Relationship": "Outer", "Relation Name": "orders", "Alias": "orders", "Startup Cost": 14564.7, "Total Cost": 299524.85, "Plan Rows": 569410, "Plan Width": 24, "Recheck Cond": "((o_orderdate >= '1995-01-01 00:00:00'::timestamp(0) without time zone) AND (o_orderdate < '1995-04-01 00:00:00'::timestamp without time zone)), (LLVM Optimized)", "Plans": [{"Node Type": "Bitmap Index Scan", "Parent Relationship": "Outer", "Index Name": "idx_orders_orderdate", "Startup Cost": 0.0, "Total Cost": 14422.35, "Plan Rows": 569410, "Plan Width": 0, "Index Cond": "((o_orderdate >= '1995-01-01 00:00:00'::timestamp(0) without time zone) AND (o_orderdate < '1995-04-01 00:00:00'::timestamp without time zone))"}]}, {"Node Type": "Index Scan", "Parent Relationship": "Inner", "Scan Direction": "Forward", "Index Name": "idx_lineitem_orderkey", "Relation Name": "lineitem", "Alias": "lineitem", "Startup Cost": 0.0, "Total Cost": 5.41, "Plan Rows": 3, "Plan Width": 8, "Index Cond": "(l_orderkey = orders.o_orderkey)", "Filter": "(l_commitdate < l_receiptdate)"}]}]}]}, "Unique SQL Id": 3745551476, "Planner Runtime": 1}, "explain_analyze_plan": {"Plan": {"Node Type": "Sort", "Startup Cost": 916688.59, "Total Cost": 916688.6, "Plan Rows": 1, "Plan Width": 16, "Actual Startup Time": 4955.529, "Actual Total Time": 4955.53, "Actual Rows": 5, "Actual Loops": 1, "Sort Key": ["orders.o_orderpriority"], "Sort Method": "quicksort", "Sort Space Used": 25, "Sort Space Type": "Memory", "Plans": [{"Node Type": "Aggregate", "Strategy": "Hashed", "Parent Relationship": "Outer", "Startup Cost": 916688.57, "Total Cost": 916688.58, "Plan Rows": 1, "Plan Width": 16, "Actual Startup Time": 4955.482, "Actual Total Time": 4955.483, "Actual Rows": 5, "Actual Loops": 1, "Group By Key": ["orders.o_orderpriority"], "Plans": [{"Node Type": "Nested Loop", "Parent Relationship": "Outer", "Join Type": "Semi", "Startup Cost": 14564.7, "Total Cost": 913841.52, "Plan Rows": 569410, "Plan Width": 16, "Actual Startup Time": 244.432, "Actual Total Time": 4673.233, "Actual Rows": 515106, "Actual Loops": 1, "Inner Unique": false, "Plans": [{"Node Type": "Bitmap Heap Scan", "Parent Relationship": "Outer", "Relation Name": "orders", "Alias": "orders", "Startup Cost": 14564.7, "Total Cost": 299524.85, "Plan Rows": 569410, "Plan Width": 24, "Actual Startup Time": 244.347, "Actual Total Time": 966.434, "Actual Rows": 561612, "Actual Loops": 1, "Recheck Cond": "((o_orderdate >= '1995-01-01 00:00:00'::timestamp(0) without time zone) AND (o_orderdate < '1995-04-01 00:00:00'::timestamp without time zone)), (LLVM Optimized, Jit Execute)", "Rows Removed by Index Recheck": 0, "Exact Heap Blocks": 241676, "Lossy Heap Blocks": 241676, "Plans": [{"Node Type": "Bitmap Index Scan", "Parent Relationship": "Outer", "Index Name": "idx_orders_orderdate", "Startup Cost": 0.0, "Total Cost": 14422.35, "Plan Rows": 569410, "Plan Width": 0, "Actual Startup Time": 169.789, "Actual Total Time": 169.789, "Actual Rows": 561612, "Actual Loops": 1, "Index Cond": "((o_orderdate >= '1995-01-01 00:00:00'::timestamp(0) without time zone) AND (o_orderdate < '1995-04-01 00:00:00'::timestamp without time zone))"}]}, {"Node Type": "Index Scan", "Parent Relationship": "Inner", "Scan Direction": "Forward", "Index Name": "idx_lineitem_orderkey", "Relation Name": "lineitem", "Alias": "lineitem", "Startup Cost": 0.0, "Total Cost": 5.41, "Plan Rows": 3, "Plan Width": 8, "Actual Startup Time": 3288.693, "Actual Total Time": 3288.693, "Actual Rows": 515106, "Actual Loops": 561612, "Index Cond": "(l_orderkey = orders.o_orderkey)", "Rows Removed by Index Recheck": 0, "Filter": "(l_commitdate < l_receiptdate)", "Rows Removed by Filter": 299676}]}]}]}, "Triggers": [], "Planner Runtime": 0, "Total Runtime": 4965.067, "Unique SQL Id": 3745551476}}, "(1, 1)": {"explain_plan": {"Plan": {"Node Type": "Sort", "Startup Cost": 916688.59, "Total Cost": 916688.6, "Plan Rows": 1, "Plan Width": 16, "Sort Key": ["orders.o_orderpriority"], "Plans": [{"Node Type": "Aggregate", "Strategy": "Hashed", "Parent Relationship": "Outer", "Startup Cost": 916688.57, "Total Cost": 916688.58, "Plan Rows": 1, "Plan Width": 16, "Group By Key": ["orders.o_orderpriority"], "Plans": [{"Node Type": "Nested Loop", "Parent Relationship": "Outer", "Join Type": "Semi", "Startup Cost": 14564.7, "Total Cost": 913841.52, "Plan Rows": 569410, "Plan Width": 16, "Inner Unique": false, "Plans": [{"Node Type": "Bitmap Heap Scan", "Parent Relationship": "Outer", "Relation Name": "orders", "Alias": "orders", "Startup Cost": 14564.7, "Total Cost": 299524.85, "Plan Rows": 569410, "Plan Width": 24, "Recheck Cond": "((o_orderdate >= '1995-01-01 00:00:00'::timestamp(0) without time zone) AND (o_orderdate < '1995-04-01 00:00:00'::timestamp without time zone)), (LLVM Optimized)", "Plans": [{"Node Type": "Bitmap Index Scan", "Parent Relationship": "Outer", "Index Name": "idx_orders_orderdate", "Startup Cost": 0.0, "Total Cost": 14422.35, "Plan Rows": 569410, "Plan Width": 0, "Index Cond": "((o_orderdate >= '1995-01-01 00:00:00'::timestamp(0) without time zone) AND (o_orderdate < '1995-04-01 00:00:00'::timestamp without time zone))"}]}, {"Node Type": "Index Scan", "Parent Relationship": "Inner", "Scan Direction": "Forward", "Index Name": "idx_lineitem_orderkey", "Relation Name": "lineitem", "Alias": "lineitem", "Startup Cost": 0.0, "Total Cost": 5.41, "Plan Rows": 3, "Plan Width": 8, "Index Cond": "(l_orderkey = orders.o_orderkey)", "Filter": "(l_commitdate < l_receiptdate)"}]}]}]}, "Unique SQL Id": 3745551476, "Planner Runtime": 0}, "explain_analyze_plan": {"Plan": {"Node Type": "Sort", "Startup Cost": 916688.59, "Total Cost": 916688.6, "Plan Rows": 1, "Plan Width": 16, "Actual Startup Time": 4955.529, "Actual Total Time": 4955.53, "Actual Rows": 5, "Actual Loops": 1, "Sort Key": ["orders.o_orderpriority"], "Sort Method": "quicksort", "Sort Space Used": 25, "Sort Space Type": "Memory", "Plans": [{"Node Type": "Aggregate", "Strategy": "Hashed", "Parent Relationship": "Outer", "Startup Cost": 916688.57, "Total Cost": 916688.58, "Plan Rows": 1, "Plan Width": 16, "Actual Startup Time": 4955.482, "Actual Total Time": 4955.483, "Actual Rows": 5, "Actual Loops": 1, "Group By Key": ["orders.o_orderpriority"], "Plans": [{"Node Type": "Nested Loop", "Parent Relationship": "Outer", "Join Type": "Semi", "Startup Cost": 14564.7, "Total Cost": 913841.52, "Plan Rows": 569410, "Plan Width": 16, "Actual Startup Time": 244.432, "Actual Total Time": 4673.233, "Actual Rows": 515106, "Actual Loops": 1, "Inner Unique": false, "Plans": [{"Node Type": "Bitmap Heap Scan", "Parent Relationship": "Outer", "Relation Name": "orders", "Alias": "orders", "Startup Cost": 14564.7, "Total Cost": 299524.85, "Plan Rows": 569410, "Plan Width": 24, "Actual Startup Time": 244.347, "Actual Total Time": 966.434, "Actual Rows": 561612, "Actual Loops": 1, "Recheck Cond": "((o_orderdate >= '1995-01-01 00:00:00'::timestamp(0) without time zone) AND (o_orderdate < '1995-04-01 00:00:00'::timestamp without time zone)), (LLVM Optimized, Jit Execute)", "Rows Removed by Index Recheck": 0, "Exact Heap Blocks": 241676, "Lossy Heap Blocks": 241676, "Plans": [{"Node Type": "Bitmap Index Scan", "Parent Relationship": "Outer", "Index Name": "idx_orders_orderdate", "Startup Cost": 0.0, "Total Cost": 14422.35, "Plan Rows": 569410, "Plan Width": 0, "Actual Startup Time": 169.789, "Actual Total Time": 169.789, "Actual Rows": 561612, "Actual Loops": 1, "Index Cond": "((o_orderdate >= '1995-01-01 00:00:00'::timestamp(0) without time zone) AND (o_orderdate < '1995-04-01 00:00:00'::timestamp without time zone))"}]}, {"Node Type": "Index Scan", "Parent Relationship": "Inner", "Scan Direction": "Forward", "Index Name": "idx_lineitem_orderkey", "Relation Name": "lineitem", "Alias": "lineitem", "Startup Cost": 0.0, "Total Cost": 5.41, "Plan Rows": 3, "Plan Width": 8, "Actual Startup Time": 3288.693, "Actual Total Time": 3288.693, "Actual Rows": 515106, "Actual Loops": 561612, "Index Cond": "(l_orderkey = orders.o_orderkey)", "Rows Removed by Index Recheck": 0, "Filter": "(l_commitdate < l_receiptdate)", "Rows Removed by Filter": 299676}]}]}]}, "Triggers": [], "Planner Runtime": 0, "Total Runtime": 4965.067, "Unique SQL Id": 3745551476}}, "(1, 2)": {"explain_plan": {"Plan": {"Node Type": "Sort", "Startup Cost": 2560249.27, "Total Cost": 2560249.28, "Plan Rows": 1, "Plan Width": 16, "Sort Key": ["orders.o_orderpriority"], "Plans": [{"Node Type": "Aggregate", "Strategy": "Hashed", "Parent Relationship": "Outer", "Startup Cost": 2560249.25, "Total Cost": 2560249.26, "Plan Rows": 1, "Plan Width": 16, "Group By Key": ["orders.o_orderpriority"], "Plans": [{"Node Type": "Hash Join", "Parent Relationship": "Outer", "Join Type": "Right Semi", "Startup Cost": 306642.48, "Total Cost": 2557402.2, "Plan Rows": 569410, "Plan Width": 16, "Inner Unique": true, "Hash Cond": "(lineitem.l_orderkey = orders.o_orderkey), (LLVM Optimized)", "Plans": [{"Node Type": "Seq Scan", "Parent Relationship": "Outer", "Relation Name": "lineitem", "Alias": "lineitem", "Startup Cost": 0.0, "Total Cost": 2165082.91, "Plan Rows": 19995678, "Plan Width": 8, "Filter": "(l_commitdate < l_receiptdate), (LLVM Optimized)"}, {"Node Type": "Hash", "Parent Relationship": "Inner", "Startup Cost": 299524.85, "Total Cost": 299524.85, "Plan Rows": 569410, "Plan Width": 24, "Plans": [{"Node Type": "Bitmap Heap Scan", "Parent Relationship": "Outer", "Relation Name": "orders", "Alias": "orders", "Startup Cost": 14564.7, "Total Cost": 299524.85, "Plan Rows": 569410, "Plan Width": 24, "Recheck Cond": "((o_orderdate >= '1995-01-01 00:00:00'::timestamp(0) without time zone) AND (o_orderdate < '1995-04-01 00:00:00'::timestamp without time zone)), (LLVM Optimized)", "Plans": [{"Node Type": "Bitmap Index Scan", "Parent Relationship": "Outer", "Index Name": "idx_orders_orderdate", "Startup Cost": 0.0, "Total Cost": 14422.35, "Plan Rows": 569410, "Plan Width": 0, "Index Cond": "((o_orderdate >= '1995-01-01 00:00:00'::timestamp(0) without time zone) AND (o_orderdate < '1995-04-01 00:00:00'::timestamp without time zone))"}]}]}]}]}]}, "Unique SQL Id": 3745551476, "Planner Runtime": 0}, "explain_analyze_plan": null}, "(1, 3)": {"explain_plan": {"Plan": {"Node Type": "Sort", "Startup Cost": 2781642.36, "Total Cost": 2781642.36, "Plan Rows": 1, "Plan Width": 16, "Sort Key": ["orders.o_orderpriority"], "Plans": [{"Node Type": "Aggregate", "Strategy": "Hashed", "Parent Relationship": "Outer", "Startup Cost": 2781642.34, "Total Cost": 2781642.35, "Plan Rows": 1, "Plan Width": 16, "Group By Key": ["orders.o_orderpriority"], "Plans": [{"Node Type": "Nested Loop", "Parent Relationship": "Outer", "Join Type": "Semi", "Startup Cost": 14566.65, "Total Cost": 2778795.29, "Plan Rows": 569410, "Plan Width": 16, "Inner Unique": false, "Plans": [{"Node Type": "Bitmap Heap Scan", "Parent Relationship": "Outer", "Relation Name": "orders", "Alias": "orders", "Startup Cost": 14564.7, "Total Cost": 299524.85, "Plan Rows": 569410, "Plan Width": 24, "Recheck Cond": "((o_orderdate >= '1995-01-01 00:00:00'::timestamp(0) without time zone) AND (o_orderdate < '1995-04-01 00:00:00'::timestamp without time zone)), (LLVM Optimized)", "Plans": [{"Node Type": "Bitmap Index Scan", "Parent Relationship": "Outer", "Index Name": "idx_orders_orderdate", "Startup Cost": 0.0, "Total Cost": 14422.35, "Plan Rows": 569410, "Plan Width": 0, "Index Cond": "((o_orderdate >= '1995-01-01 00:00:00'::timestamp(0) without time zone) AND (o_orderdate < '1995-04-01 00:00:00'::timestamp without time zone))"}]}, {"Node Type": "Bitmap Heap Scan", "Parent Relationship": "Inner", "Relation Name": "lineitem", "Alias": "lineitem", "Startup Cost": 1.94, "Total Cost": 14.06, "Plan Rows": 3, "Plan Width": 8, "Recheck Cond": "(l_orderkey = orders.o_orderkey)", "Filter": "(l_commitdate < l_receiptdate)", "Plans": [{"Node Type": "Bitmap Index Scan", "Parent Relationship": "Outer", "Index Name": "idx_lineitem_orderkey", "Startup Cost": 0.0, "Total Cost": 1.94, "Plan Rows": 9, "Plan Width": 0, "Index Cond": "(l_orderkey = orders.o_orderkey)"}]}]}]}]}, "Unique SQL Id": 3745551476, "Planner Runtime": 1}, "explain_analyze_plan": {"Plan": {"Node Type": "Sort", "Startup Cost": 2781642.36, "Total Cost": 2781642.36, "Plan Rows": 1, "Plan Width": 16, "Actual Startup Time": 6863.223, "Actual Total Time": 6863.225, "Actual Rows": 5, "Actual Loops": 1, "Sort Key": ["orders.o_orderpriority"], "Sort Method": "quicksort", "Sort Space Used": 25, "Sort Space Type": "Memory", "Plans": [{"Node Type": "Aggregate", "Strategy": "Hashed", "Parent Relationship": "Outer", "Startup Cost": 2781642.34, "Total Cost": 2781642.35, "Plan Rows": 1, "Plan Width": 16, "Actual Startup Time": 6863.09, "Actual Total Time": 6863.105, "Actual Rows": 5, "Actual Loops": 1, "Group By Key": ["orders.o_orderpriority"], "Plans": [{"Node Type": "Nested Loop", "Parent Relationship": "Outer", "Join Type": "Semi", "Startup Cost": 14566.65, "Total Cost": 2778795.29, "Plan Rows": 569410, "Plan Width": 16, "Actual Startup Time": 247.984, "Actual Total Time": 6556.711, "Actual Rows": 515106, "Actual Loops": 1, "Inner Unique": false, "Plans": [{"Node Type": "Bitmap Heap Scan", "Parent Relationship": "Outer", "Relation Name": "orders", "Alias": "orders", "Startup Cost": 14564.7, "Total Cost": 299524.85, "Plan Rows": 569410, "Plan Width": 24, "Actual Startup Time": 247.881, "Actual Total Time": 1049.55, "Actual Rows": 561612, "Actual Loops": 1, "Recheck Cond": "((o_orderdate >= '1995-01-01 00:00:00'::timestamp(0) without time zone) AND (o_orderdate < '1995-04-01 00:00:00'::timestamp without time zone)), (LLVM Optimized, Jit Execute)", "Rows Removed by Index Recheck": 0, "Exact Heap Blocks": 241676, "Lossy Heap Blocks": 241676, "Plans": [{"Node Type": "Bitmap Index Scan", "Parent Relationship": "Outer", "Index Name": "idx_orders_orderdate", "Startup Cost": 0.0, "Total Cost": 14422.35, "Plan Rows": 569410, "Plan Width": 0, "Actual Startup Time": 172.696, "Actual Total Time": 172.696, "Actual Rows": 561612, "Actual Loops": 1, "Index Cond": "((o_orderdate >= '1995-01-01 00:00:00'::timestamp(0) without time zone) AND (o_orderdate < '1995-04-01 00:00:00'::timestamp without time zone))"}]}, {"Node Type": "Bitmap Heap Scan", "Parent Relationship": "Inner", "Relation Name": "lineitem", "Alias": "lineitem", "Startup Cost": 1.94, "Total Cost": 14.06, "Plan Rows": 3, "Plan Width": 8, "Actual Startup Time": 4756.399, "Actual Total Time": 4756.399, "Actual Rows": 515106, "Actual Loops": 561612, "Recheck Cond": "(l_orderkey = orders.o_orderkey)", "Rows Removed by Index Recheck": 0, "Filter": "(l_commitdate < l_receiptdate)", "Rows Removed by Filter": 299676, "Exact Heap Blocks": 567798, "Lossy Heap Blocks": 567798, "Plans": [{"Node Type": "Bitmap Index Scan", "Parent Relationship": "Outer", "Index Name": "idx_lineitem_orderkey", "Startup Cost": 0.0, "Total Cost": 1.94, "Plan Rows": 9, "Plan Width": 0, "Actual Startup Time": 2428.769, "Actual Total Time": 2428.769, "Actual Rows": 2246588, "Actual Loops": 561612, "Index Cond": "(l_orderkey = orders.o_orderkey)"}]}]}]}]}, "Triggers": [], "Planner Runtime": 0, "Total Runtime": 6876.889, "Unique SQL Id": 3745551476}}, "(1, 4)": {"explain_plan": {"Plan": {"Node Type": "Sort", "Startup Cost": 916688.59, "Total Cost": 916688.6, "Plan Rows": 1, "Plan Width": 16, "Sort Key": ["orders.o_orderpriority"], "Plans": [{"Node Type": "Aggregate", "Strategy": "Hashed", "Parent Relationship": "Outer", "Startup Cost": 916688.57, "Total Cost": 916688.58, "Plan Rows": 1, "Plan Width": 16, "Group By Key": ["orders.o_orderpriority"], "Plans": [{"Node Type": "Nested Loop", "Parent Relationship": "Outer", "Join Type": "Semi", "Startup Cost": 14564.7, "Total Cost": 913841.52, "Plan Rows": 569410, "Plan Width": 16, "Inner Unique": false, "Plans": [{"Node Type": "Bitmap Heap Scan", "Parent Relationship": "Outer", "Relation Name": "orders", "Alias": "orders", "Startup Cost": 14564.7, "Total Cost": 299524.85, "Plan Rows": 569410, "Plan Width": 24, "Recheck Cond": "((o_orderdate >= '1995-01-01 00:00:00'::timestamp(0) without time zone) AND (o_orderdate < '1995-04-01 00:00:00'::timestamp without time zone)), (LLVM Optimized)", "Plans": [{"Node Type": "Bitmap Index Scan", "Parent Relationship": "Outer", "Index Name": "idx_orders_orderdate", "Startup Cost": 0.0, "Total Cost": 14422.35, "Plan Rows": 569410, "Plan Width": 0, "Index Cond": "((o_orderdate >= '1995-01-01 00:00:00'::timestamp(0) without time zone) AND (o_orderdate < '1995-04-01 00:00:00'::timestamp without time zone))"}]}, {"Node Type": "Index Scan", "Parent Relationship": "Inner", "Scan Direction": "Forward", "Index Name": "idx_lineitem_orderkey", "Relation Name": "lineitem", "Alias": "lineitem", "Startup Cost": 0.0, "Total Cost": 5.41, "Plan Rows": 3, "Plan Width": 8, "Index Cond": "(l_orderkey = orders.o_orderkey)", "Filter": "(l_commitdate < l_receiptdate)"}]}]}]}, "Unique SQL Id": 3745551476, "Planner Runtime": 1}, "explain_analyze_plan": {"Plan": {"Node Type": "Sort", "Startup Cost": 916688.59, "Total Cost": 916688.6, "Plan Rows": 1, "Plan Width": 16, "Actual Startup Time": 4955.529, "Actual Total Time": 4955.53, "Actual Rows": 5, "Actual Loops": 1, "Sort Key": ["orders.o_orderpriority"], "Sort Method": "quicksort", "Sort Space Used": 25, "Sort Space Type": "Memory", "Plans": [{"Node Type": "Aggregate", "Strategy": "Hashed", "Parent Relationship": "Outer", "Startup Cost": 916688.57, "Total Cost": 916688.58, "Plan Rows": 1, "Plan Width": 16, "Actual Startup Time": 4955.482, "Actual Total Time": 4955.483, "Actual Rows": 5, "Actual Loops": 1, "Group By Key": ["orders.o_orderpriority"], "Plans": [{"Node Type": "Nested Loop", "Parent Relationship": "Outer", "Join Type": "Semi", "Startup Cost": 14564.7, "Total Cost": 913841.52, "Plan Rows": 569410, "Plan Width": 16, "Actual Startup Time": 244.432, "Actual Total Time": 4673.233, "Actual Rows": 515106, "Actual Loops": 1, "Inner Unique": false, "Plans": [{"Node Type": "Bitmap Heap Scan", "Parent Relationship": "Outer", "Relation Name": "orders", "Alias": "orders", "Startup Cost": 14564.7, "Total Cost": 299524.85, "Plan Rows": 569410, "Plan Width": 24, "Actual Startup Time": 244.347, "Actual Total Time": 966.434, "Actual Rows": 561612, "Actual Loops": 1, "Recheck Cond": "((o_orderdate >= '1995-01-01 00:00:00'::timestamp(0) without time zone) AND (o_orderdate < '1995-04-01 00:00:00'::timestamp without time zone)), (LLVM Optimized, Jit Execute)", "Rows Removed by Index Recheck": 0, "Exact Heap Blocks": 241676, "Lossy Heap Blocks": 241676, "Plans": [{"Node Type": "Bitmap Index Scan", "Parent Relationship": "Outer", "Index Name": "idx_orders_orderdate", "Startup Cost": 0.0, "Total Cost": 14422.35, "Plan Rows": 569410, "Plan Width": 0, "Actual Startup Time": 169.789, "Actual Total Time": 169.789, "Actual Rows": 561612, "Actual Loops": 1, "Index Cond": "((o_orderdate >= '1995-01-01 00:00:00'::timestamp(0) without time zone) AND (o_orderdate < '1995-04-01 00:00:00'::timestamp without time zone))"}]}, {"Node Type": "Index Scan", "Parent Relationship": "Inner", "Scan Direction": "Forward", "Index Name": "idx_lineitem_orderkey", "Relation Name": "lineitem", "Alias": "lineitem", "Startup Cost": 0.0, "Total Cost": 5.41, "Plan Rows": 3, "Plan Width": 8, "Actual Startup Time": 3288.693, "Actual Total Time": 3288.693, "Actual Rows": 515106, "Actual Loops": 561612, "Index Cond": "(l_orderkey = orders.o_orderkey)", "Rows Removed by Index Recheck": 0, "Filter": "(l_commitdate < l_receiptdate)", "Rows Removed by Filter": 299676}]}]}]}, "Triggers": [], "Planner Runtime": 0, "Total Runtime": 4965.067, "Unique SQL Id": 3745551476}}, "(1, 5)": {"explain_plan": {"Plan": {"Node Type": "Sort", "Startup Cost": 916688.59, "Total Cost": 916688.6, "Plan Rows": 1, "Plan Width": 16, "Sort Key": ["orders.o_orderpriority"], "Plans": [{"Node Type": "Aggregate", "Strategy": "Hashed", "Parent Relationship": "Outer", "Startup Cost": 916688.57, "Total Cost": 916688.58, "Plan Rows": 1, "Plan Width": 16, "Group By Key": ["orders.o_orderpriority"], "Plans": [{"Node Type": "Nested Loop", "Parent Relationship": "Outer", "Join Type": "Semi", "Startup Cost": 14564.7, "Total Cost": 913841.52, "Plan Rows": 569410, "Plan Width": 16, "Inner Unique": false, "Plans": [{"Node Type": "Bitmap Heap Scan", "Parent Relationship": "Outer", "Relation Name": "orders", "Alias": "orders", "Startup Cost": 14564.7, "Total Cost": 299524.85, "Plan Rows": 569410, "Plan Width": 24, "Recheck Cond": "((o_orderdate >= '1995-01-01 00:00:00'::timestamp(0) without time zone) AND (o_orderdate < '1995-04-01 00:00:00'::timestamp without time zone)), (LLVM Optimized)", "Plans": [{"Node Type": "Bitmap Index Scan", "Parent Relationship": "Outer", "Index Name": "idx_orders_orderdate", "Startup Cost": 0.0, "Total Cost": 14422.35, "Plan Rows": 569410, "Plan Width": 0, "Index Cond": "((o_orderdate >= '1995-01-01 00:00:00'::timestamp(0) without time zone) AND (o_orderdate < '1995-04-01 00:00:00'::timestamp without time zone))"}]}, {"Node Type": "Index Scan", "Parent Relationship": "Inner", "Scan Direction": "Forward", "Index Name": "idx_lineitem_orderkey", "Relation Name": "lineitem", "Alias": "lineitem", "Startup Cost": 0.0, "Total Cost": 5.41, "Plan Rows": 3, "Plan Width": 8, "Index Cond": "(l_orderkey = orders.o_orderkey)", "Filter": "(l_commitdate < l_receiptdate)"}]}]}]}, "Unique SQL Id": 3745551476, "Planner Runtime": 0}, "explain_analyze_plan": {"Plan": {"Node Type": "Sort", "Startup Cost": 916688.59, "Total Cost": 916688.6, "Plan Rows": 1, "Plan Width": 16, "Actual Startup Time": 4955.529, "Actual Total Time": 4955.53, "Actual Rows": 5, "Actual Loops": 1, "Sort Key": ["orders.o_orderpriority"], "Sort Method": "quicksort", "Sort Space Used": 25, "Sort Space Type": "Memory", "Plans": [{"Node Type": "Aggregate", "Strategy": "Hashed", "Parent Relationship": "Outer", "Startup Cost": 916688.57, "Total Cost": 916688.58, "Plan Rows": 1, "Plan Width": 16, "Actual Startup Time": 4955.482, "Actual Total Time": 4955.483, "Actual Rows": 5, "Actual Loops": 1, "Group By Key": ["orders.o_orderpriority"], "Plans": [{"Node Type": "Nested Loop", "Parent Relationship": "Outer", "Join Type": "Semi", "Startup Cost": 14564.7, "Total Cost": 913841.52, "Plan Rows": 569410, "Plan Width": 16, "Actual Startup Time": 244.432, "Actual Total Time": 4673.233, "Actual Rows": 515106, "Actual Loops": 1, "Inner Unique": false, "Plans": [{"Node Type": "Bitmap Heap Scan", "Parent Relationship": "Outer", "Relation Name": "orders", "Alias": "orders", "Startup Cost": 14564.7, "Total Cost": 299524.85, "Plan Rows": 569410, "Plan Width": 24, "Actual Startup Time": 244.347, "Actual Total Time": 966.434, "Actual Rows": 561612, "Actual Loops": 1, "Recheck Cond": "((o_orderdate >= '1995-01-01 00:00:00'::timestamp(0) without time zone) AND (o_orderdate < '1995-04-01 00:00:00'::timestamp without time zone)), (LLVM Optimized, Jit Execute)", "Rows Removed by Index Recheck": 0, "Exact Heap Blocks": 241676, "Lossy Heap Blocks": 241676, "Plans": [{"Node Type": "Bitmap Index Scan", "Parent Relationship": "Outer", "Index Name": "idx_orders_orderdate", "Startup Cost": 0.0, "Total Cost": 14422.35, "Plan Rows": 569410, "Plan Width": 0, "Actual Startup Time": 169.789, "Actual Total Time": 169.789, "Actual Rows": 561612, "Actual Loops": 1, "Index Cond": "((o_orderdate >= '1995-01-01 00:00:00'::timestamp(0) without time zone) AND (o_orderdate < '1995-04-01 00:00:00'::timestamp without time zone))"}]}, {"Node Type": "Index Scan", "Parent Relationship": "Inner", "Scan Direction": "Forward", "Index Name": "idx_lineitem_orderkey", "Relation Name": "lineitem", "Alias": "lineitem", "Startup Cost": 0.0, "Total Cost": 5.41, "Plan Rows": 3, "Plan Width": 8, "Actual Startup Time": 3288.693, "Actual Total Time": 3288.693, "Actual Rows": 515106, "Actual Loops": 561612, "Index Cond": "(l_orderkey = orders.o_orderkey)", "Rows Removed by Index Recheck": 0, "Filter": "(l_commitdate < l_receiptdate)", "Rows Removed by Filter": 299676}]}]}]}, "Triggers": [], "Planner Runtime": 0, "Total Runtime": 4965.067, "Unique SQL Id": 3745551476}}, "(1, 6)": {"explain_plan": {"Plan": {"Node Type": "Sort", "Startup Cost": 2560249.27, "Total Cost": 2560249.28, "Plan Rows": 1, "Plan Width": 16, "Sort Key": ["orders.o_orderpriority"], "Plans": [{"Node Type": "Aggregate", "Strategy": "Hashed", "Parent Relationship": "Outer", "Startup Cost": 2560249.25, "Total Cost": 2560249.26, "Plan Rows": 1, "Plan Width": 16, "Group By Key": ["orders.o_orderpriority"], "Plans": [{"Node Type": "Hash Join", "Parent Relationship": "Outer", "Join Type": "Right Semi", "Startup Cost": 306642.48, "Total Cost": 2557402.2, "Plan Rows": 569410, "Plan Width": 16, "Inner Unique": true, "Hash Cond": "(lineitem.l_orderkey = orders.o_orderkey), (LLVM Optimized)", "Plans": [{"Node Type": "Seq Scan", "Parent Relationship": "Outer", "Relation Name": "lineitem", "Alias": "lineitem", "Startup Cost": 0.0, "Total Cost": 2165082.91, "Plan Rows": 19995678, "Plan Width": 8, "Filter": "(l_commitdate < l_receiptdate), (LLVM Optimized)"}, {"Node Type": "Hash", "Parent Relationship": "Inner", "Startup Cost": 299524.85, "Total Cost": 299524.85, "Plan Rows": 569410, "Plan Width": 24, "Plans": [{"Node Type": "Bitmap Heap Scan", "Parent Relationship": "Outer", "Relation Name": "orders", "Alias": "orders", "Startup Cost": 14564.7, "Total Cost": 299524.85, "Plan Rows": 569410, "Plan Width": 24, "Recheck Cond": "((o_orderdate >= '1995-01-01 00:00:00'::timestamp(0) without time zone) AND (o_orderdate < '1995-04-01 00:00:00'::timestamp without time zone)), (LLVM Optimized)", "Plans": [{"Node Type": "Bitmap Index Scan", "Parent Relationship": "Outer", "Index Name": "idx_orders_orderdate", "Startup Cost": 0.0, "Total Cost": 14422.35, "Plan Rows": 569410, "Plan Width": 0, "Index Cond": "((o_orderdate >= '1995-01-01 00:00:00'::timestamp(0) without time zone) AND (o_orderdate < '1995-04-01 00:00:00'::timestamp without time zone))"}]}]}]}]}]}, "Unique SQL Id": 3745551476, "Planner Runtime": 0}, "explain_analyze_plan": null}, "(1, 7)": {"explain_plan": {"Plan": {"Node Type": "Sort", "Startup Cost": 2781642.36, "Total Cost": 2781642.36, "Plan Rows": 1, "Plan Width": 16, "Sort Key": ["orders.o_orderpriority"], "Plans": [{"Node Type": "Aggregate", "Strategy": "Hashed", "Parent Relationship": "Outer", "Startup Cost": 2781642.34, "Total Cost": 2781642.35, "Plan Rows": 1, "Plan Width": 16, "Group By Key": ["orders.o_orderpriority"], "Plans": [{"Node Type": "Nested Loop", "Parent Relationship": "Outer", "Join Type": "Semi", "Startup Cost": 14566.65, "Total Cost": 2778795.29, "Plan Rows": 569410, "Plan Width": 16, "Inner Unique": false, "Plans": [{"Node Type": "Bitmap Heap Scan", "Parent Relationship": "Outer", "Relation Name": "orders", "Alias": "orders", "Startup Cost": 14564.7, "Total Cost": 299524.85, "Plan Rows": 569410, "Plan Width": 24, "Recheck Cond": "((o_orderdate >= '1995-01-01 00:00:00'::timestamp(0) without time zone) AND (o_orderdate < '1995-04-01 00:00:00'::timestamp without time zone)), (LLVM Optimized)", "Plans": [{"Node Type": "Bitmap Index Scan", "Parent Relationship": "Outer", "Index Name": "idx_orders_orderdate", "Startup Cost": 0.0, "Total Cost": 14422.35, "Plan Rows": 569410, "Plan Width": 0, "Index Cond": "((o_orderdate >= '1995-01-01 00:00:00'::timestamp(0) without time zone) AND (o_orderdate < '1995-04-01 00:00:00'::timestamp without time zone))"}]}, {"Node Type": "Bitmap Heap Scan", "Parent Relationship": "Inner", "Relation Name": "lineitem", "Alias": "lineitem", "Startup Cost": 1.94, "Total Cost": 14.06, "Plan Rows": 3, "Plan Width": 8, "Recheck Cond": "(l_orderkey = orders.o_orderkey)", "Filter": "(l_commitdate < l_receiptdate)", "Plans": [{"Node Type": "Bitmap Index Scan", "Parent Relationship": "Outer", "Index Name": "idx_lineitem_orderkey", "Startup Cost": 0.0, "Total Cost": 1.94, "Plan Rows": 9, "Plan Width": 0, "Index Cond": "(l_orderkey = orders.o_orderkey)"}]}]}]}]}, "Unique SQL Id": 3745551476, "Planner Runtime": 0}, "explain_analyze_plan": {"Plan": {"Node Type": "Sort", "Startup Cost": 2781642.36, "Total Cost": 2781642.36, "Plan Rows": 1, "Plan Width": 16, "Actual Startup Time": 6863.223, "Actual Total Time": 6863.225, "Actual Rows": 5, "Actual Loops": 1, "Sort Key": ["orders.o_orderpriority"], "Sort Method": "quicksort", "Sort Space Used": 25, "Sort Space Type": "Memory", "Plans": [{"Node Type": "Aggregate", "Strategy": "Hashed", "Parent Relationship": "Outer", "Startup Cost": 2781642.34, "Total Cost": 2781642.35, "Plan Rows": 1, "Plan Width": 16, "Actual Startup Time": 6863.09, "Actual Total Time": 6863.105, "Actual Rows": 5, "Actual Loops": 1, "Group By Key": ["orders.o_orderpriority"], "Plans": [{"Node Type": "Nested Loop", "Parent Relationship": "Outer", "Join Type": "Semi", "Startup Cost": 14566.65, "Total Cost": 2778795.29, "Plan Rows": 569410, "Plan Width": 16, "Actual Startup Time": 247.984, "Actual Total Time": 6556.711, "Actual Rows": 515106, "Actual Loops": 1, "Inner Unique": false, "Plans": [{"Node Type": "Bitmap Heap Scan", "Parent Relationship": "Outer", "Relation Name": "orders", "Alias": "orders", "Startup Cost": 14564.7, "Total Cost": 299524.85, "Plan Rows": 569410, "Plan Width": 24, "Actual Startup Time": 247.881, "Actual Total Time": 1049.55, "Actual Rows": 561612, "Actual Loops": 1, "Recheck Cond": "((o_orderdate >= '1995-01-01 00:00:00'::timestamp(0) without time zone) AND (o_orderdate < '1995-04-01 00:00:00'::timestamp without time zone)), (LLVM Optimized, Jit Execute)", "Rows Removed by Index Recheck": 0, "Exact Heap Blocks": 241676, "Lossy Heap Blocks": 241676, "Plans": [{"Node Type": "Bitmap Index Scan", "Parent Relationship": "Outer", "Index Name": "idx_orders_orderdate", "Startup Cost": 0.0, "Total Cost": 14422.35, "Plan Rows": 569410, "Plan Width": 0, "Actual Startup Time": 172.696, "Actual Total Time": 172.696, "Actual Rows": 561612, "Actual Loops": 1, "Index Cond": "((o_orderdate >= '1995-01-01 00:00:00'::timestamp(0) without time zone) AND (o_orderdate < '1995-04-01 00:00:00'::timestamp without time zone))"}]}, {"Node Type": "Bitmap Heap Scan", "Parent Relationship": "Inner", "Relation Name": "lineitem", "Alias": "lineitem", "Startup Cost": 1.94, "Total Cost": 14.06, "Plan Rows": 3, "Plan Width": 8, "Actual Startup Time": 4756.399, "Actual Total Time": 4756.399, "Actual Rows": 515106, "Actual Loops": 561612, "Recheck Cond": "(l_orderkey = orders.o_orderkey)", "Rows Removed by Index Recheck": 0, "Filter": "(l_commitdate < l_receiptdate)", "Rows Removed by Filter": 299676, "Exact Heap Blocks": 567798, "Lossy Heap Blocks": 567798, "Plans": [{"Node Type": "Bitmap Index Scan", "Parent Relationship": "Outer", "Index Name": "idx_lineitem_orderkey", "Startup Cost": 0.0, "Total Cost": 1.94, "Plan Rows": 9, "Plan Width": 0, "Actual Startup Time": 2428.769, "Actual Total Time": 2428.769, "Actual Rows": 2246588, "Actual Loops": 561612, "Index Cond": "(l_orderkey = orders.o_orderkey)"}]}]}]}]}, "Triggers": [], "Planner Runtime": 0, "Total Runtime": 6876.889, "Unique SQL Id": 3745551476}}, "(1, 8)": {"explain_plan": {"Plan": {"Node Type": "Sort", "Startup Cost": 1118574.92, "Total Cost": 1118574.93, "Plan Rows": 1, "Plan Width": 16, "Sort Key": ["orders.o_orderpriority"], "Plans": [{"Node Type": "Aggregate", "Strategy": "Hashed", "Parent Relationship": "Outer", "Startup Cost": 1118574.9, "Total Cost": 1118574.91, "Plan Rows": 1, "Plan Width": 16, "Group By Key": ["orders.o_orderpriority"], "Plans": [{"Node Type": "Nested Loop", "Parent Relationship": "Outer", "Join Type": "Semi", "Startup Cost": 411.57, "Total Cost": 1115727.85, "Plan Rows": 569410, "Plan Width": 16, "Inner Unique": false, "Plans": [{"Node Type": "Seq Scan", "Parent Relationship": "Outer", "Relation Name": "orders", "Alias": "orders", "Startup Cost": 411.57, "Total Cost": 501411.18, "Plan Rows": 569410, "Plan Width": 24, "Filter": "((o_orderdate >= '1995-01-01 00:00:00'::timestamp(0) without time zone) AND (o_orderdate < '1995-04-01 00:00:00'::timestamp without time zone)), (LLVM Optimized)"}, {"Node Type": "Index Scan", "Parent Relationship": "Inner", "Scan Direction": "Forward", "Index Name": "idx_lineitem_orderkey", "Relation Name": "lineitem", "Alias": "lineitem", "Startup Cost": 0.0, "Total Cost": 5.41, "Plan Rows": 3, "Plan Width": 8, "Index Cond": "(l_orderkey = orders.o_orderkey)", "Filter": "(l_commitdate < l_receiptdate)"}]}]}]}, "Unique SQL Id": 3745551476, "Planner Runtime": 0}, "explain_analyze_plan": {"Plan": {"Node Type": "Sort", "Startup Cost": 1118574.92, "Total Cost": 1118574.93, "Plan Rows": 1, "Plan Width": 16, "Actual Startup Time": 8906.643, "Actual Total Time": 8906.643, "Actual Rows": 5, "Actual Loops": 1, "Sort Key": ["orders.o_orderpriority"], "Sort Method": "quicksort", "Sort Space Used": 25, "Sort Space Type": "Memory", "Plans": [{"Node Type": "Aggregate", "Strategy": "Hashed", "Parent Relationship": "Outer", "Startup Cost": 1118574.9, "Total Cost": 1118574.91, "Plan Rows": 1, "Plan Width": 16, "Actual Startup Time": 8906.597, "Actual Total Time": 8906.6, "Actual Rows": 5, "Actual Loops": 1, "Group By Key": ["orders.o_orderpriority"], "Plans": [{"Node Type": "Nested Loop", "Parent Relationship": "Outer", "Join Type": "Semi", "Startup Cost": 411.57, "Total Cost": 1115727.85, "Plan Rows": 569410, "Plan Width": 16, "Actual Startup Time": 0.057, "Actual Total Time": 8627.866, "Actual Rows": 515106, "Actual Loops": 1, "Inner Unique": false, "Plans": [{"Node Type": "Seq Scan", "Parent Relationship": "Outer", "Relation Name": "orders", "Alias": "orders", "Startup Cost": 411.57, "Total Cost": 501411.18, "Plan Rows": 569410, "Plan Width": 24, "Actual Startup Time": 0.032, "Actual Total Time": 4710.886, "Actual Rows": 561612, "Actual Loops": 1, "Filter": "((o_orderdate >= '1995-01-01 00:00:00'::timestamp(0) without time zone) AND (o_orderdate < '1995-04-01 00:00:00'::timestamp without time zone)), (LLVM Optimized, Jit Execute)", "Rows Removed by Filter": 14438388}, {"Node Type": "Index Scan", "Parent Relationship": "Inner", "Scan Direction": "Forward", "Index Name": "idx_lineitem_orderkey", "Relation Name": "lineitem", "Alias": "lineitem", "Startup Cost": 0.0, "Total Cost": 5.41, "Plan Rows": 3, "Plan Width": 8, "Actual Startup Time": 3494.355, "Actual Total Time": 3494.355, "Actual Rows": 515106, "Actual Loops": 561612, "Index Cond": "(l_orderkey = orders.o_orderkey)", "Rows Removed by Index Recheck": 0, "Filter": "(l_commitdate < l_receiptdate)", "Rows Removed by Filter": 299676}]}]}]}, "Triggers": [], "Planner Runtime": 0, "Total Runtime": 8915.682, "Unique SQL Id": 3745551476}}, "(1, 9)": {"explain_plan": {"Plan": {"Node Type": "Sort", "Startup Cost": 1423139.57, "Total Cost": 1423139.57, "Plan Rows": 1, "Plan Width": 16, "Sort Key": ["orders.o_orderpriority"], "Plans": [{"Node Type": "Aggregate", "Strategy": "Hashed", "Parent Relationship": "Outer", "Startup Cost": 1423139.55, "Total Cost": 1423139.56, "Plan Rows": 1, "Plan Width": 16, "Group By Key": ["orders.o_orderpriority"], "Plans": [{"Node Type": "Nested Loop", "Parent Relationship": "Outer", "Join Type": "Semi", "Startup Cost": 0.0, "Total Cost": 1420292.5, "Plan Rows": 569410, "Plan Width": 16, "Inner Unique": false, "Plans": [{"Node Type": "Index Scan", "Parent Relationship": "Outer", "Scan Direction": "Forward", "Index Name": "orders_pkey", "Relation Name": "orders", "Alias": "orders", "Startup Cost": 0.0, "Total Cost": 805975.83, "Plan Rows": 569410, "Plan Width": 24, "Filter": "((o_orderdate >= '1995-01-01 00:00:00'::timestamp(0) without time zone) AND (o_orderdate < '1995-04-01 00:00:00'::timestamp without time zone)), (LLVM Optimized)"}, {"Node Type": "Index Scan", "Parent Relationship": "Inner", "Scan Direction": "Forward", "Index Name": "idx_lineitem_orderkey", "Relation Name": "lineitem", "Alias": "lineitem", "Startup Cost": 0.0, "Total Cost": 5.41, "Plan Rows": 3, "Plan Width": 8, "Index Cond": "(l_orderkey = orders.o_orderkey)", "Filter": "(l_commitdate < l_receiptdate)"}]}]}]}, "Unique SQL Id": 3745551476, "Planner Runtime": 0}, "explain_analyze_plan": null}, "(1, 10)": {"explain_plan": {"Plan": {"Node Type": "Sort", "Startup Cost": 2762135.61, "Total Cost": 2762135.61, "Plan Rows": 1, "Plan Width": 16, "Sort Key": ["orders.o_orderpriority"], "Plans": [{"Node Type": "Aggregate", "Strategy": "Hashed", "Parent Relationship": "Outer", "Startup Cost": 2762135.59, "Total Cost": 2762135.6, "Plan Rows": 1, "Plan Width": 16, "Group By Key": ["orders.o_orderpriority"], "Plans": [{"Node Type": "Hash Join", "Parent Relationship": "Outer", "Join Type": "Right Semi", "Startup Cost": 508528.81, "Total Cost": 2759288.54, "Plan Rows": 569410, "Plan Width": 16, "Inner Unique": true, "Hash Cond": "(lineitem.l_orderkey = orders.o_orderkey), (LLVM Optimized)", "Plans": [{"Node Type": "Seq Scan", "Parent Relationship": "Outer", "Relation Name": "lineitem", "Alias": "lineitem", "Startup Cost": 0.0, "Total Cost": 2165082.91, "Plan Rows": 19995678, "Plan Width": 8, "Filter": "(l_commitdate < l_receiptdate), (LLVM Optimized)"}, {"Node Type": "Hash", "Parent Relationship": "Inner", "Startup Cost": 501411.18, "Total Cost": 501411.18, "Plan Rows": 569410, "Plan Width": 24, "Plans": [{"Node Type": "Seq Scan", "Parent Relationship": "Outer", "Relation Name": "orders", "Alias": "orders", "Startup Cost": 411.57, "Total Cost": 501411.18, "Plan Rows": 569410, "Plan Width": 24, "Filter": "((o_orderdate >= '1995-01-01 00:00:00'::timestamp(0) without time zone) AND (o_orderdate < '1995-04-01 00:00:00'::timestamp without time zone)), (LLVM Optimized)"}]}]}]}]}, "Unique SQL Id": 3745551476, "Planner Runtime": 1}, "explain_analyze_plan": null}, "(1, 11)": {"explain_plan": {"Plan": {"Node Type": "Sort", "Startup Cost": 2000403569659.73, "Total Cost": 2000403569659.74, "Plan Rows": 1, "Plan Width": 16, "Sort Key": ["orders.o_orderpriority"], "Plans": [{"Node Type": "Aggregate", "Strategy": "Hashed", "Parent Relationship": "Outer", "Startup Cost": 2000403569659.71, "Total Cost": 2000403569659.72, "Plan Rows": 1, "Plan Width": 16, "Group By Key": ["orders.o_orderpriority"], "Plans": [{"Node Type": "Merge Join", "Parent Relationship": "Outer", "Join Type": "Semi", "Startup Cost": 20036514449.31, "Total Cost": 2000403566812.66, "Plan Rows": 569410, "Plan Width": 16, "Inner Unique": false, "Merge Cond": "(orders.o_orderkey = lineitem.l_orderkey)", "Plans": [{"Node Type": "Index Scan", "Parent Relationship": "Outer", "Scan Direction": "Forward", "Index Name": "orders_pkey", "Relation Name": "orders", "Alias": "orders", "Startup Cost": 10000000000.0, "Total Cost": 1000080597583.0, "Plan Rows": 569410, "Plan Width": 24, "Filter": "((o_orderdate >= '1995-01-01 00:00:00'::timestamp(0) without time zone) AND (o_orderdate < '1995-04-01 00:00:00'::timestamp without time zone)), (LLVM Optimized)"}, {"Node Type": "Index Scan", "Parent Relationship": "Inner", "Scan Direction": "Forward", "Index Name": "idx_lineitem_orderkey", "Relation Name": "lineitem", "Alias": "lineitem", "Startup Cost": 10000000000.0, "Total Cost": 1000339012132.75, "Plan Rows": 19995678, "Plan Width": 8, "Filter": "(l_commitdate < l_receiptdate), (LLVM Optimized)"}]}]}]}, "Unique SQL Id": 3745551476, "Planner Runtime": 1}, "explain_analyze_plan": null}, "(1, 12)": {"explain_plan": {"Plan": {"Node Type": "Sort", "Startup Cost": 1118574.92, "Total Cost": 1118574.93, "Plan Rows": 1, "Plan Width": 16, "Sort Key": ["orders.o_orderpriority"], "Plans": [{"Node Type": "Aggregate", "Strategy": "Hashed", "Parent Relationship": "Outer", "Startup Cost": 1118574.9, "Total Cost": 1118574.91, "Plan Rows": 1, "Plan Width": 16, "Group By Key": ["orders.o_orderpriority"], "Plans": [{"Node Type": "Nested Loop", "Parent Relationship": "Outer", "Join Type": "Semi", "Startup Cost": 411.57, "Total Cost": 1115727.85, "Plan Rows": 569410, "Plan Width": 16, "Inner Unique": false, "Plans": [{"Node Type": "Seq Scan", "Parent Relationship": "Outer", "Relation Name": "orders", "Alias": "orders", "Startup Cost": 411.57, "Total Cost": 501411.18, "Plan Rows": 569410, "Plan Width": 24, "Filter": "((o_orderdate >= '1995-01-01 00:00:00'::timestamp(0) without time zone) AND (o_orderdate < '1995-04-01 00:00:00'::timestamp without time zone)), (LLVM Optimized)"}, {"Node Type": "Index Scan", "Parent Relationship": "Inner", "Scan Direction": "Forward", "Index Name": "idx_lineitem_orderkey", "Relation Name": "lineitem", "Alias": "lineitem", "Startup Cost": 0.0, "Total Cost": 5.41, "Plan Rows": 3, "Plan Width": 8, "Index Cond": "(l_orderkey = orders.o_orderkey)", "Filter": "(l_commitdate < l_receiptdate)"}]}]}]}, "Unique SQL Id": 3745551476, "Planner Runtime": 1}, "explain_analyze_plan": {"Plan": {"Node Type": "Sort", "Startup Cost": 1118574.92, "Total Cost": 1118574.93, "Plan Rows": 1, "Plan Width": 16, "Actual Startup Time": 8906.643, "Actual Total Time": 8906.643, "Actual Rows": 5, "Actual Loops": 1, "Sort Key": ["orders.o_orderpriority"], "Sort Method": "quicksort", "Sort Space Used": 25, "Sort Space Type": "Memory", "Plans": [{"Node Type": "Aggregate", "Strategy": "Hashed", "Parent Relationship": "Outer", "Startup Cost": 1118574.9, "Total Cost": 1118574.91, "Plan Rows": 1, "Plan Width": 16, "Actual Startup Time": 8906.597, "Actual Total Time": 8906.6, "Actual Rows": 5, "Actual Loops": 1, "Group By Key": ["orders.o_orderpriority"], "Plans": [{"Node Type": "Nested Loop", "Parent Relationship": "Outer", "Join Type": "Semi", "Startup Cost": 411.57, "Total Cost": 1115727.85, "Plan Rows": 569410, "Plan Width": 16, "Actual Startup Time": 0.057, "Actual Total Time": 8627.866, "Actual Rows": 515106, "Actual Loops": 1, "Inner Unique": false, "Plans": [{"Node Type": "Seq Scan", "Parent Relationship": "Outer", "Relation Name": "orders", "Alias": "orders", "Startup Cost": 411.57, "Total Cost": 501411.18, "Plan Rows": 569410, "Plan Width": 24, "Actual Startup Time": 0.032, "Actual Total Time": 4710.886, "Actual Rows": 561612, "Actual Loops": 1, "Filter": "((o_orderdate >= '1995-01-01 00:00:00'::timestamp(0) without time zone) AND (o_orderdate < '1995-04-01 00:00:00'::timestamp without time zone)), (LLVM Optimized, Jit Execute)", "Rows Removed by Filter": 14438388}, {"Node Type": "Index Scan", "Parent Relationship": "Inner", "Scan Direction": "Forward", "Index Name": "idx_lineitem_orderkey", "Relation Name": "lineitem", "Alias": "lineitem", "Startup Cost": 0.0, "Total Cost": 5.41, "Plan Rows": 3, "Plan Width": 8, "Actual Startup Time": 3494.355, "Actual Total Time": 3494.355, "Actual Rows": 515106, "Actual Loops": 561612, "Index Cond": "(l_orderkey = orders.o_orderkey)", "Rows Removed by Index Recheck": 0, "Filter": "(l_commitdate < l_receiptdate)", "Rows Removed by Filter": 299676}]}]}]}, "Triggers": [], "Planner Runtime": 0, "Total Runtime": 8915.682, "Unique SQL Id": 3745551476}}, "(1, 13)": {"explain_plan": {"Plan": {"Node Type": "Sort", "Startup Cost": 1423139.57, "Total Cost": 1423139.57, "Plan Rows": 1, "Plan Width": 16, "Sort Key": ["orders.o_orderpriority"], "Plans": [{"Node Type": "Aggregate", "Strategy": "Hashed", "Parent Relationship": "Outer", "Startup Cost": 1423139.55, "Total Cost": 1423139.56, "Plan Rows": 1, "Plan Width": 16, "Group By Key": ["orders.o_orderpriority"], "Plans": [{"Node Type": "Nested Loop", "Parent Relationship": "Outer", "Join Type": "Semi", "Startup Cost": 0.0, "Total Cost": 1420292.5, "Plan Rows": 569410, "Plan Width": 16, "Inner Unique": false, "Plans": [{"Node Type": "Index Scan", "Parent Relationship": "Outer", "Scan Direction": "Forward", "Index Name": "orders_pkey", "Relation Name": "orders", "Alias": "orders", "Startup Cost": 0.0, "Total Cost": 805975.83, "Plan Rows": 569410, "Plan Width": 24, "Filter": "((o_orderdate >= '1995-01-01 00:00:00'::timestamp(0) without time zone) AND (o_orderdate < '1995-04-01 00:00:00'::timestamp without time zone)), (LLVM Optimized)"}, {"Node Type": "Index Scan", "Parent Relationship": "Inner", "Scan Direction": "Forward", "Index Name": "idx_lineitem_orderkey", "Relation Name": "lineitem", "Alias": "lineitem", "Startup Cost": 0.0, "Total Cost": 5.41, "Plan Rows": 3, "Plan Width": 8, "Index Cond": "(l_orderkey = orders.o_orderkey)", "Filter": "(l_commitdate < l_receiptdate)"}]}]}]}, "Unique SQL Id": 3745551476, "Planner Runtime": 0}, "explain_analyze_plan": null}, "(1, 14)": {"explain_plan": {"Plan": {"Node Type": "Sort", "Startup Cost": 2762135.61, "Total Cost": 2762135.61, "Plan Rows": 1, "Plan Width": 16, "Sort Key": ["orders.o_orderpriority"], "Plans": [{"Node Type": "Aggregate", "Strategy": "Hashed", "Parent Relationship": "Outer", "Startup Cost": 2762135.59, "Total Cost": 2762135.6, "Plan Rows": 1, "Plan Width": 16, "Group By Key": ["orders.o_orderpriority"], "Plans": [{"Node Type": "Hash Join", "Parent Relationship": "Outer", "Join Type": "Right Semi", "Startup Cost": 508528.81, "Total Cost": 2759288.54, "Plan Rows": 569410, "Plan Width": 16, "Inner Unique": true, "Hash Cond": "(lineitem.l_orderkey = orders.o_orderkey), (LLVM Optimized)", "Plans": [{"Node Type": "Seq Scan", "Parent Relationship": "Outer", "Relation Name": "lineitem", "Alias": "lineitem", "Startup Cost": 0.0, "Total Cost": 2165082.91, "Plan Rows": 19995678, "Plan Width": 8, "Filter": "(l_commitdate < l_receiptdate), (LLVM Optimized)"}, {"Node Type": "Hash", "Parent Relationship": "Inner", "Startup Cost": 501411.18, "Total Cost": 501411.18, "Plan Rows": 569410, "Plan Width": 24, "Plans": [{"Node Type": "Seq Scan", "Parent Relationship": "Outer", "Relation Name": "orders", "Alias": "orders", "Startup Cost": 411.57, "Total Cost": 501411.18, "Plan Rows": 569410, "Plan Width": 24, "Filter": "((o_orderdate >= '1995-01-01 00:00:00'::timestamp(0) without time zone) AND (o_orderdate < '1995-04-01 00:00:00'::timestamp without time zone)), (LLVM Optimized)"}]}]}]}]}, "Unique SQL Id": 3745551476, "Planner Runtime": 0}, "explain_analyze_plan": null}, "(1, 15)": {"explain_plan": {"Plan": {"Node Type": "Sort", "Startup Cost": 2000403569659.73, "Total Cost": 2000403569659.74, "Plan Rows": 1, "Plan Width": 16, "Sort Key": ["orders.o_orderpriority"], "Plans": [{"Node Type": "Aggregate", "Strategy": "Hashed", "Parent Relationship": "Outer", "Startup Cost": 2000403569659.71, "Total Cost": 2000403569659.72, "Plan Rows": 1, "Plan Width": 16, "Group By Key": ["orders.o_orderpriority"], "Plans": [{"Node Type": "Merge Join", "Parent Relationship": "Outer", "Join Type": "Semi", "Startup Cost": 20036514449.31, "Total Cost": 2000403566812.66, "Plan Rows": 569410, "Plan Width": 16, "Inner Unique": false, "Merge Cond": "(orders.o_orderkey = lineitem.l_orderkey)", "Plans": [{"Node Type": "Index Scan", "Parent Relationship": "Outer", "Scan Direction": "Forward", "Index Name": "orders_pkey", "Relation Name": "orders", "Alias": "orders", "Startup Cost": 10000000000.0, "Total Cost": 1000080597583.0, "Plan Rows": 569410, "Plan Width": 24, "Filter": "((o_orderdate >= '1995-01-01 00:00:00'::timestamp(0) without time zone) AND (o_orderdate < '1995-04-01 00:00:00'::timestamp without time zone)), (LLVM Optimized)"}, {"Node Type": "Index Scan", "Parent Relationship": "Inner", "Scan Direction": "Forward", "Index Name": "idx_lineitem_orderkey", "Relation Name": "lineitem", "Alias": "lineitem", "Startup Cost": 10000000000.0, "Total Cost": 1000339012132.75, "Plan Rows": 19995678, "Plan Width": 8, "Filter": "(l_commitdate < l_receiptdate), (LLVM Optimized)"}]}]}]}, "Unique SQL Id": 3745551476, "Planner Runtime": 0}, "explain_analyze_plan": null}, "(1, 16)": {"explain_plan": {"Plan": {"Node Type": "Sort", "Startup Cost": 916688.59, "Total Cost": 916688.6, "Plan Rows": 1, "Plan Width": 16, "Sort Key": ["orders.o_orderpriority"], "Plans": [{"Node Type": "Aggregate", "Strategy": "Hashed", "Parent Relationship": "Outer", "Startup Cost": 916688.57, "Total Cost": 916688.58, "Plan Rows": 1, "Plan Width": 16, "Group By Key": ["orders.o_orderpriority"], "Plans": [{"Node Type": "Nested Loop", "Parent Relationship": "Outer", "Join Type": "Semi", "Startup Cost": 14564.7, "Total Cost": 913841.52, "Plan Rows": 569410, "Plan Width": 16, "Inner Unique": false, "Plans": [{"Node Type": "Bitmap Heap Scan", "Parent Relationship": "Outer", "Relation Name": "orders", "Alias": "orders", "Startup Cost": 14564.7, "Total Cost": 299524.85, "Plan Rows": 569410, "Plan Width": 24, "Recheck Cond": "((o_orderdate >= '1995-01-01 00:00:00'::timestamp(0) without time zone) AND (o_orderdate < '1995-04-01 00:00:00'::timestamp without time zone)), (LLVM Optimized)", "Plans": [{"Node Type": "Bitmap Index Scan", "Parent Relationship": "Outer", "Index Name": "idx_orders_orderdate", "Startup Cost": 0.0, "Total Cost": 14422.35, "Plan Rows": 569410, "Plan Width": 0, "Index Cond": "((o_orderdate >= '1995-01-01 00:00:00'::timestamp(0) without time zone) AND (o_orderdate < '1995-04-01 00:00:00'::timestamp without time zone))"}]}, {"Node Type": "Index Scan", "Parent Relationship": "Inner", "Scan Direction": "Forward", "Index Name": "idx_lineitem_orderkey", "Relation Name": "lineitem", "Alias": "lineitem", "Startup Cost": 0.0, "Total Cost": 5.41, "Plan Rows": 3, "Plan Width": 8, "Index Cond": "(l_orderkey = orders.o_orderkey)", "Filter": "(l_commitdate < l_receiptdate)"}]}]}]}, "Unique SQL Id": 3745551476, "Planner Runtime": 0}, "explain_analyze_plan": {"Plan": {"Node Type": "Sort", "Startup Cost": 916688.59, "Total Cost": 916688.6, "Plan Rows": 1, "Plan Width": 16, "Actual Startup Time": 4955.529, "Actual Total Time": 4955.53, "Actual Rows": 5, "Actual Loops": 1, "Sort Key": ["orders.o_orderpriority"], "Sort Method": "quicksort", "Sort Space Used": 25, "Sort Space Type": "Memory", "Plans": [{"Node Type": "Aggregate", "Strategy": "Hashed", "Parent Relationship": "Outer", "Startup Cost": 916688.57, "Total Cost": 916688.58, "Plan Rows": 1, "Plan Width": 16, "Actual Startup Time": 4955.482, "Actual Total Time": 4955.483, "Actual Rows": 5, "Actual Loops": 1, "Group By Key": ["orders.o_orderpriority"], "Plans": [{"Node Type": "Nested Loop", "Parent Relationship": "Outer", "Join Type": "Semi", "Startup Cost": 14564.7, "Total Cost": 913841.52, "Plan Rows": 569410, "Plan Width": 16, "Actual Startup Time": 244.432, "Actual Total Time": 4673.233, "Actual Rows": 515106, "Actual Loops": 1, "Inner Unique": false, "Plans": [{"Node Type": "Bitmap Heap Scan", "Parent Relationship": "Outer", "Relation Name": "orders", "Alias": "orders", "Startup Cost": 14564.7, "Total Cost": 299524.85, "Plan Rows": 569410, "Plan Width": 24, "Actual Startup Time": 244.347, "Actual Total Time": 966.434, "Actual Rows": 561612, "Actual Loops": 1, "Recheck Cond": "((o_orderdate >= '1995-01-01 00:00:00'::timestamp(0) without time zone) AND (o_orderdate < '1995-04-01 00:00:00'::timestamp without time zone)), (LLVM Optimized, Jit Execute)", "Rows Removed by Index Recheck": 0, "Exact Heap Blocks": 241676, "Lossy Heap Blocks": 241676, "Plans": [{"Node Type": "Bitmap Index Scan", "Parent Relationship": "Outer", "Index Name": "idx_orders_orderdate", "Startup Cost": 0.0, "Total Cost": 14422.35, "Plan Rows": 569410, "Plan Width": 0, "Actual Startup Time": 169.789, "Actual Total Time": 169.789, "Actual Rows": 561612, "Actual Loops": 1, "Index Cond": "((o_orderdate >= '1995-01-01 00:00:00'::timestamp(0) without time zone) AND (o_orderdate < '1995-04-01 00:00:00'::timestamp without time zone))"}]}, {"Node Type": "Index Scan", "Parent Relationship": "Inner", "Scan Direction": "Forward", "Index Name": "idx_lineitem_orderkey", "Relation Name": "lineitem", "Alias": "lineitem", "Startup Cost": 0.0, "Total Cost": 5.41, "Plan Rows": 3, "Plan Width": 8, "Actual Startup Time": 3288.693, "Actual Total Time": 3288.693, "Actual Rows": 515106, "Actual Loops": 561612, "Index Cond": "(l_orderkey = orders.o_orderkey)", "Rows Removed by Index Recheck": 0, "Filter": "(l_commitdate < l_receiptdate)", "Rows Removed by Filter": 299676}]}]}]}, "Triggers": [], "Planner Runtime": 0, "Total Runtime": 4965.067, "Unique SQL Id": 3745551476}}, "(1, 17)": {"explain_plan": {"Plan": {"Node Type": "Sort", "Startup Cost": 916688.59, "Total Cost": 916688.6, "Plan Rows": 1, "Plan Width": 16, "Sort Key": ["orders.o_orderpriority"], "Plans": [{"Node Type": "Aggregate", "Strategy": "Hashed", "Parent Relationship": "Outer", "Startup Cost": 916688.57, "Total Cost": 916688.58, "Plan Rows": 1, "Plan Width": 16, "Group By Key": ["orders.o_orderpriority"], "Plans": [{"Node Type": "Nested Loop", "Parent Relationship": "Outer", "Join Type": "Semi", "Startup Cost": 14564.7, "Total Cost": 913841.52, "Plan Rows": 569410, "Plan Width": 16, "Inner Unique": false, "Plans": [{"Node Type": "Bitmap Heap Scan", "Parent Relationship": "Outer", "Relation Name": "orders", "Alias": "orders", "Startup Cost": 14564.7, "Total Cost": 299524.85, "Plan Rows": 569410, "Plan Width": 24, "Recheck Cond": "((o_orderdate >= '1995-01-01 00:00:00'::timestamp(0) without time zone) AND (o_orderdate < '1995-04-01 00:00:00'::timestamp without time zone)), (LLVM Optimized)", "Plans": [{"Node Type": "Bitmap Index Scan", "Parent Relationship": "Outer", "Index Name": "idx_orders_orderdate", "Startup Cost": 0.0, "Total Cost": 14422.35, "Plan Rows": 569410, "Plan Width": 0, "Index Cond": "((o_orderdate >= '1995-01-01 00:00:00'::timestamp(0) without time zone) AND (o_orderdate < '1995-04-01 00:00:00'::timestamp without time zone))"}]}, {"Node Type": "Index Scan", "Parent Relationship": "Inner", "Scan Direction": "Forward", "Index Name": "idx_lineitem_orderkey", "Relation Name": "lineitem", "Alias": "lineitem", "Startup Cost": 0.0, "Total Cost": 5.41, "Plan Rows": 3, "Plan Width": 8, "Index Cond": "(l_orderkey = orders.o_orderkey)", "Filter": "(l_commitdate < l_receiptdate)"}]}]}]}, "Unique SQL Id": 3745551476, "Planner Runtime": 0}, "explain_analyze_plan": {"Plan": {"Node Type": "Sort", "Startup Cost": 916688.59, "Total Cost": 916688.6, "Plan Rows": 1, "Plan Width": 16, "Actual Startup Time": 4955.529, "Actual Total Time": 4955.53, "Actual Rows": 5, "Actual Loops": 1, "Sort Key": ["orders.o_orderpriority"], "Sort Method": "quicksort", "Sort Space Used": 25, "Sort Space Type": "Memory", "Plans": [{"Node Type": "Aggregate", "Strategy": "Hashed", "Parent Relationship": "Outer", "Startup Cost": 916688.57, "Total Cost": 916688.58, "Plan Rows": 1, "Plan Width": 16, "Actual Startup Time": 4955.482, "Actual Total Time": 4955.483, "Actual Rows": 5, "Actual Loops": 1, "Group By Key": ["orders.o_orderpriority"], "Plans": [{"Node Type": "Nested Loop", "Parent Relationship": "Outer", "Join Type": "Semi", "Startup Cost": 14564.7, "Total Cost": 913841.52, "Plan Rows": 569410, "Plan Width": 16, "Actual Startup Time": 244.432, "Actual Total Time": 4673.233, "Actual Rows": 515106, "Actual Loops": 1, "Inner Unique": false, "Plans": [{"Node Type": "Bitmap Heap Scan", "Parent Relationship": "Outer", "Relation Name": "orders", "Alias": "orders", "Startup Cost": 14564.7, "Total Cost": 299524.85, "Plan Rows": 569410, "Plan Width": 24, "Actual Startup Time": 244.347, "Actual Total Time": 966.434, "Actual Rows": 561612, "Actual Loops": 1, "Recheck Cond": "((o_orderdate >= '1995-01-01 00:00:00'::timestamp(0) without time zone) AND (o_orderdate < '1995-04-01 00:00:00'::timestamp without time zone)), (LLVM Optimized, Jit Execute)", "Rows Removed by Index Recheck": 0, "Exact Heap Blocks": 241676, "Lossy Heap Blocks": 241676, "Plans": [{"Node Type": "Bitmap Index Scan", "Parent Relationship": "Outer", "Index Name": "idx_orders_orderdate", "Startup Cost": 0.0, "Total Cost": 14422.35, "Plan Rows": 569410, "Plan Width": 0, "Actual Startup Time": 169.789, "Actual Total Time": 169.789, "Actual Rows": 561612, "Actual Loops": 1, "Index Cond": "((o_orderdate >= '1995-01-01 00:00:00'::timestamp(0) without time zone) AND (o_orderdate < '1995-04-01 00:00:00'::timestamp without time zone))"}]}, {"Node Type": "Index Scan", "Parent Relationship": "Inner", "Scan Direction": "Forward", "Index Name": "idx_lineitem_orderkey", "Relation Name": "lineitem", "Alias": "lineitem", "Startup Cost": 0.0, "Total Cost": 5.41, "Plan Rows": 3, "Plan Width": 8, "Actual Startup Time": 3288.693, "Actual Total Time": 3288.693, "Actual Rows": 515106, "Actual Loops": 561612, "Index Cond": "(l_orderkey = orders.o_orderkey)", "Rows Removed by Index Recheck": 0, "Filter": "(l_commitdate < l_receiptdate)", "Rows Removed by Filter": 299676}]}]}]}, "Triggers": [], "Planner Runtime": 0, "Total Runtime": 4965.067, "Unique SQL Id": 3745551476}}, "(1, 18)": {"explain_plan": {"Plan": {"Node Type": "Sort", "Startup Cost": 2781642.36, "Total Cost": 2781642.36, "Plan Rows": 1, "Plan Width": 16, "Sort Key": ["orders.o_orderpriority"], "Plans": [{"Node Type": "Aggregate", "Strategy": "Hashed", "Parent Relationship": "Outer", "Startup Cost": 2781642.34, "Total Cost": 2781642.35, "Plan Rows": 1, "Plan Width": 16, "Group By Key": ["orders.o_orderpriority"], "Plans": [{"Node Type": "Nested Loop", "Parent Relationship": "Outer", "Join Type": "Semi", "Startup Cost": 14566.65, "Total Cost": 2778795.29, "Plan Rows": 569410, "Plan Width": 16, "Inner Unique": false, "Plans": [{"Node Type": "Bitmap Heap Scan", "Parent Relationship": "Outer", "Relation Name": "orders", "Alias": "orders", "Startup Cost": 14564.7, "Total Cost": 299524.85, "Plan Rows": 569410, "Plan Width": 24, "Recheck Cond": "((o_orderdate >= '1995-01-01 00:00:00'::timestamp(0) without time zone) AND (o_orderdate < '1995-04-01 00:00:00'::timestamp without time zone)), (LLVM Optimized)", "Plans": [{"Node Type": "Bitmap Index Scan", "Parent Relationship": "Outer", "Index Name": "idx_orders_orderdate", "Startup Cost": 0.0, "Total Cost": 14422.35, "Plan Rows": 569410, "Plan Width": 0, "Index Cond": "((o_orderdate >= '1995-01-01 00:00:00'::timestamp(0) without time zone) AND (o_orderdate < '1995-04-01 00:00:00'::timestamp without time zone))"}]}, {"Node Type": "Bitmap Heap Scan", "Parent Relationship": "Inner", "Relation Name": "lineitem", "Alias": "lineitem", "Startup Cost": 1.94, "Total Cost": 14.06, "Plan Rows": 3, "Plan Width": 8, "Recheck Cond": "(l_orderkey = orders.o_orderkey)", "Filter": "(l_commitdate < l_receiptdate)", "Plans": [{"Node Type": "Bitmap Index Scan", "Parent Relationship": "Outer", "Index Name": "idx_lineitem_orderkey", "Startup Cost": 0.0, "Total Cost": 1.94, "Plan Rows": 9, "Plan Width": 0, "Index Cond": "(l_orderkey = orders.o_orderkey)"}]}]}]}]}, "Unique SQL Id": 3745551476, "Planner Runtime": 0}, "explain_analyze_plan": {"Plan": {"Node Type": "Sort", "Startup Cost": 2781642.36, "Total Cost": 2781642.36, "Plan Rows": 1, "Plan Width": 16, "Actual Startup Time": 6863.223, "Actual Total Time": 6863.225, "Actual Rows": 5, "Actual Loops": 1, "Sort Key": ["orders.o_orderpriority"], "Sort Method": "quicksort", "Sort Space Used": 25, "Sort Space Type": "Memory", "Plans": [{"Node Type": "Aggregate", "Strategy": "Hashed", "Parent Relationship": "Outer", "Startup Cost": 2781642.34, "Total Cost": 2781642.35, "Plan Rows": 1, "Plan Width": 16, "Actual Startup Time": 6863.09, "Actual Total Time": 6863.105, "Actual Rows": 5, "Actual Loops": 1, "Group By Key": ["orders.o_orderpriority"], "Plans": [{"Node Type": "Nested Loop", "Parent Relationship": "Outer", "Join Type": "Semi", "Startup Cost": 14566.65, "Total Cost": 2778795.29, "Plan Rows": 569410, "Plan Width": 16, "Actual Startup Time": 247.984, "Actual Total Time": 6556.711, "Actual Rows": 515106, "Actual Loops": 1, "Inner Unique": false, "Plans": [{"Node Type": "Bitmap Heap Scan", "Parent Relationship": "Outer", "Relation Name": "orders", "Alias": "orders", "Startup Cost": 14564.7, "Total Cost": 299524.85, "Plan Rows": 569410, "Plan Width": 24, "Actual Startup Time": 247.881, "Actual Total Time": 1049.55, "Actual Rows": 561612, "Actual Loops": 1, "Recheck Cond": "((o_orderdate >= '1995-01-01 00:00:00'::timestamp(0) without time zone) AND (o_orderdate < '1995-04-01 00:00:00'::timestamp without time zone)), (LLVM Optimized, Jit Execute)", "Rows Removed by Index Recheck": 0, "Exact Heap Blocks": 241676, "Lossy Heap Blocks": 241676, "Plans": [{"Node Type": "Bitmap Index Scan", "Parent Relationship": "Outer", "Index Name": "idx_orders_orderdate", "Startup Cost": 0.0, "Total Cost": 14422.35, "Plan Rows": 569410, "Plan Width": 0, "Actual Startup Time": 172.696, "Actual Total Time": 172.696, "Actual Rows": 561612, "Actual Loops": 1, "Index Cond": "((o_orderdate >= '1995-01-01 00:00:00'::timestamp(0) without time zone) AND (o_orderdate < '1995-04-01 00:00:00'::timestamp without time zone))"}]}, {"Node Type": "Bitmap Heap Scan", "Parent Relationship": "Inner", "Relation Name": "lineitem", "Alias": "lineitem", "Startup Cost": 1.94, "Total Cost": 14.06, "Plan Rows": 3, "Plan Width": 8, "Actual Startup Time": 4756.399, "Actual Total Time": 4756.399, "Actual Rows": 515106, "Actual Loops": 561612, "Recheck Cond": "(l_orderkey = orders.o_orderkey)", "Rows Removed by Index Recheck": 0, "Filter": "(l_commitdate < l_receiptdate)", "Rows Removed by Filter": 299676, "Exact Heap Blocks": 567798, "Lossy Heap Blocks": 567798, "Plans": [{"Node Type": "Bitmap Index Scan", "Parent Relationship": "Outer", "Index Name": "idx_lineitem_orderkey", "Startup Cost": 0.0, "Total Cost": 1.94, "Plan Rows": 9, "Plan Width": 0, "Actual Startup Time": 2428.769, "Actual Total Time": 2428.769, "Actual Rows": 2246588, "Actual Loops": 561612, "Index Cond": "(l_orderkey = orders.o_orderkey)"}]}]}]}]}, "Triggers": [], "Planner Runtime": 0, "Total Runtime": 6876.889, "Unique SQL Id": 3745551476}}, "(1, 19)": {"explain_plan": {"Plan": {"Node Type": "Sort", "Startup Cost": 2781642.36, "Total Cost": 2781642.36, "Plan Rows": 1, "Plan Width": 16, "Sort Key": ["orders.o_orderpriority"], "Plans": [{"Node Type": "Aggregate", "Strategy": "Hashed", "Parent Relationship": "Outer", "Startup Cost": 2781642.34, "Total Cost": 2781642.35, "Plan Rows": 1, "Plan Width": 16, "Group By Key": ["orders.o_orderpriority"], "Plans": [{"Node Type": "Nested Loop", "Parent Relationship": "Outer", "Join Type": "Semi", "Startup Cost": 14566.65, "Total Cost": 2778795.29, "Plan Rows": 569410, "Plan Width": 16, "Inner Unique": false, "Plans": [{"Node Type": "Bitmap Heap Scan", "Parent Relationship": "Outer", "Relation Name": "orders", "Alias": "orders", "Startup Cost": 14564.7, "Total Cost": 299524.85, "Plan Rows": 569410, "Plan Width": 24, "Recheck Cond": "((o_orderdate >= '1995-01-01 00:00:00'::timestamp(0) without time zone) AND (o_orderdate < '1995-04-01 00:00:00'::timestamp without time zone)), (LLVM Optimized)", "Plans": [{"Node Type": "Bitmap Index Scan", "Parent Relationship": "Outer", "Index Name": "idx_orders_orderdate", "Startup Cost": 0.0, "Total Cost": 14422.35, "Plan Rows": 569410, "Plan Width": 0, "Index Cond": "((o_orderdate >= '1995-01-01 00:00:00'::timestamp(0) without time zone) AND (o_orderdate < '1995-04-01 00:00:00'::timestamp without time zone))"}]}, {"Node Type": "Bitmap Heap Scan", "Parent Relationship": "Inner", "Relation Name": "lineitem", "Alias": "lineitem", "Startup Cost": 1.94, "Total Cost": 14.06, "Plan Rows": 3, "Plan Width": 8, "Recheck Cond": "(l_orderkey = orders.o_orderkey)", "Filter": "(l_commitdate < l_receiptdate)", "Plans": [{"Node Type": "Bitmap Index Scan", "Parent Relationship": "Outer", "Index Name": "idx_lineitem_orderkey", "Startup Cost": 0.0, "Total Cost": 1.94, "Plan Rows": 9, "Plan Width": 0, "Index Cond": "(l_orderkey = orders.o_orderkey)"}]}]}]}]}, "Unique SQL Id": 3745551476, "Planner Runtime": 0}, "explain_analyze_plan": {"Plan": {"Node Type": "Sort", "Startup Cost": 2781642.36, "Total Cost": 2781642.36, "Plan Rows": 1, "Plan Width": 16, "Actual Startup Time": 6863.223, "Actual Total Time": 6863.225, "Actual Rows": 5, "Actual Loops": 1, "Sort Key": ["orders.o_orderpriority"], "Sort Method": "quicksort", "Sort Space Used": 25, "Sort Space Type": "Memory", "Plans": [{"Node Type": "Aggregate", "Strategy": "Hashed", "Parent Relationship": "Outer", "Startup Cost": 2781642.34, "Total Cost": 2781642.35, "Plan Rows": 1, "Plan Width": 16, "Actual Startup Time": 6863.09, "Actual Total Time": 6863.105, "Actual Rows": 5, "Actual Loops": 1, "Group By Key": ["orders.o_orderpriority"], "Plans": [{"Node Type": "Nested Loop", "Parent Relationship": "Outer", "Join Type": "Semi", "Startup Cost": 14566.65, "Total Cost": 2778795.29, "Plan Rows": 569410, "Plan Width": 16, "Actual Startup Time": 247.984, "Actual Total Time": 6556.711, "Actual Rows": 515106, "Actual Loops": 1, "Inner Unique": false, "Plans": [{"Node Type": "Bitmap Heap Scan", "Parent Relationship": "Outer", "Relation Name": "orders", "Alias": "orders", "Startup Cost": 14564.7, "Total Cost": 299524.85, "Plan Rows": 569410, "Plan Width": 24, "Actual Startup Time": 247.881, "Actual Total Time": 1049.55, "Actual Rows": 561612, "Actual Loops": 1, "Recheck Cond": "((o_orderdate >= '1995-01-01 00:00:00'::timestamp(0) without time zone) AND (o_orderdate < '1995-04-01 00:00:00'::timestamp without time zone)), (LLVM Optimized, Jit Execute)", "Rows Removed by Index Recheck": 0, "Exact Heap Blocks": 241676, "Lossy Heap Blocks": 241676, "Plans": [{"Node Type": "Bitmap Index Scan", "Parent Relationship": "Outer", "Index Name": "idx_orders_orderdate", "Startup Cost": 0.0, "Total Cost": 14422.35, "Plan Rows": 569410, "Plan Width": 0, "Actual Startup Time": 172.696, "Actual Total Time": 172.696, "Actual Rows": 561612, "Actual Loops": 1, "Index Cond": "((o_orderdate >= '1995-01-01 00:00:00'::timestamp(0) without time zone) AND (o_orderdate < '1995-04-01 00:00:00'::timestamp without time zone))"}]}, {"Node Type": "Bitmap Heap Scan", "Parent Relationship": "Inner", "Relation Name": "lineitem", "Alias": "lineitem", "Startup Cost": 1.94, "Total Cost": 14.06, "Plan Rows": 3, "Plan Width": 8, "Actual Startup Time": 4756.399, "Actual Total Time": 4756.399, "Actual Rows": 515106, "Actual Loops": 561612, "Recheck Cond": "(l_orderkey = orders.o_orderkey)", "Rows Removed by Index Recheck": 0, "Filter": "(l_commitdate < l_receiptdate)", "Rows Removed by Filter": 299676, "Exact Heap Blocks": 567798, "Lossy Heap Blocks": 567798, "Plans": [{"Node Type": "Bitmap Index Scan", "Parent Relationship": "Outer", "Index Name": "idx_lineitem_orderkey", "Startup Cost": 0.0, "Total Cost": 1.94, "Plan Rows": 9, "Plan Width": 0, "Actual Startup Time": 2428.769, "Actual Total Time": 2428.769, "Actual Rows": 2246588, "Actual Loops": 561612, "Index Cond": "(l_orderkey = orders.o_orderkey)"}]}]}]}]}, "Triggers": [], "Planner Runtime": 0, "Total Runtime": 6876.889, "Unique SQL Id": 3745551476}}, "(1, 20)": {"explain_plan": {"Plan": {"Node Type": "Sort", "Startup Cost": 916688.59, "Total Cost": 916688.6, "Plan Rows": 1, "Plan Width": 16, "Sort Key": ["orders.o_orderpriority"], "Plans": [{"Node Type": "Aggregate", "Strategy": "Hashed", "Parent Relationship": "Outer", "Startup Cost": 916688.57, "Total Cost": 916688.58, "Plan Rows": 1, "Plan Width": 16, "Group By Key": ["orders.o_orderpriority"], "Plans": [{"Node Type": "Nested Loop", "Parent Relationship": "Outer", "Join Type": "Semi", "Startup Cost": 14564.7, "Total Cost": 913841.52, "Plan Rows": 569410, "Plan Width": 16, "Inner Unique": false, "Plans": [{"Node Type": "Bitmap Heap Scan", "Parent Relationship": "Outer", "Relation Name": "orders", "Alias": "orders", "Startup Cost": 14564.7, "Total Cost": 299524.85, "Plan Rows": 569410, "Plan Width": 24, "Recheck Cond": "((o_orderdate >= '1995-01-01 00:00:00'::timestamp(0) without time zone) AND (o_orderdate < '1995-04-01 00:00:00'::timestamp without time zone)), (LLVM Optimized)", "Plans": [{"Node Type": "Bitmap Index Scan", "Parent Relationship": "Outer", "Index Name": "idx_orders_orderdate", "Startup Cost": 0.0, "Total Cost": 14422.35, "Plan Rows": 569410, "Plan Width": 0, "Index Cond": "((o_orderdate >= '1995-01-01 00:00:00'::timestamp(0) without time zone) AND (o_orderdate < '1995-04-01 00:00:00'::timestamp without time zone))"}]}, {"Node Type": "Index Scan", "Parent Relationship": "Inner", "Scan Direction": "Forward", "Index Name": "idx_lineitem_orderkey", "Relation Name": "lineitem", "Alias": "lineitem", "Startup Cost": 0.0, "Total Cost": 5.41, "Plan Rows": 3, "Plan Width": 8, "Index Cond": "(l_orderkey = orders.o_orderkey)", "Filter": "(l_commitdate < l_receiptdate)"}]}]}]}, "Unique SQL Id": 3745551476, "Planner Runtime": 0}, "explain_analyze_plan": {"Plan": {"Node Type": "Sort", "Startup Cost": 916688.59, "Total Cost": 916688.6, "Plan Rows": 1, "Plan Width": 16, "Actual Startup Time": 4955.529, "Actual Total Time": 4955.53, "Actual Rows": 5, "Actual Loops": 1, "Sort Key": ["orders.o_orderpriority"], "Sort Method": "quicksort", "Sort Space Used": 25, "Sort Space Type": "Memory", "Plans": [{"Node Type": "Aggregate", "Strategy": "Hashed", "Parent Relationship": "Outer", "Startup Cost": 916688.57, "Total Cost": 916688.58, "Plan Rows": 1, "Plan Width": 16, "Actual Startup Time": 4955.482, "Actual Total Time": 4955.483, "Actual Rows": 5, "Actual Loops": 1, "Group By Key": ["orders.o_orderpriority"], "Plans": [{"Node Type": "Nested Loop", "Parent Relationship": "Outer", "Join Type": "Semi", "Startup Cost": 14564.7, "Total Cost": 913841.52, "Plan Rows": 569410, "Plan Width": 16, "Actual Startup Time": 244.432, "Actual Total Time": 4673.233, "Actual Rows": 515106, "Actual Loops": 1, "Inner Unique": false, "Plans": [{"Node Type": "Bitmap Heap Scan", "Parent Relationship": "Outer", "Relation Name": "orders", "Alias": "orders", "Startup Cost": 14564.7, "Total Cost": 299524.85, "Plan Rows": 569410, "Plan Width": 24, "Actual Startup Time": 244.347, "Actual Total Time": 966.434, "Actual Rows": 561612, "Actual Loops": 1, "Recheck Cond": "((o_orderdate >= '1995-01-01 00:00:00'::timestamp(0) without time zone) AND (o_orderdate < '1995-04-01 00:00:00'::timestamp without time zone)), (LLVM Optimized, Jit Execute)", "Rows Removed by Index Recheck": 0, "Exact Heap Blocks": 241676, "Lossy Heap Blocks": 241676, "Plans": [{"Node Type": "Bitmap Index Scan", "Parent Relationship": "Outer", "Index Name": "idx_orders_orderdate", "Startup Cost": 0.0, "Total Cost": 14422.35, "Plan Rows": 569410, "Plan Width": 0, "Actual Startup Time": 169.789, "Actual Total Time": 169.789, "Actual Rows": 561612, "Actual Loops": 1, "Index Cond": "((o_orderdate >= '1995-01-01 00:00:00'::timestamp(0) without time zone) AND (o_orderdate < '1995-04-01 00:00:00'::timestamp without time zone))"}]}, {"Node Type": "Index Scan", "Parent Relationship": "Inner", "Scan Direction": "Forward", "Index Name": "idx_lineitem_orderkey", "Relation Name": "lineitem", "Alias": "lineitem", "Startup Cost": 0.0, "Total Cost": 5.41, "Plan Rows": 3, "Plan Width": 8, "Actual Startup Time": 3288.693, "Actual Total Time": 3288.693, "Actual Rows": 515106, "Actual Loops": 561612, "Index Cond": "(l_orderkey = orders.o_orderkey)", "Rows Removed by Index Recheck": 0, "Filter": "(l_commitdate < l_receiptdate)", "Rows Removed by Filter": 299676}]}]}]}, "Triggers": [], "Planner Runtime": 0, "Total Runtime": 4965.067, "Unique SQL Id": 3745551476}}, "(1, 21)": {"explain_plan": {"Plan": {"Node Type": "Sort", "Startup Cost": 916688.59, "Total Cost": 916688.6, "Plan Rows": 1, "Plan Width": 16, "Sort Key": ["orders.o_orderpriority"], "Plans": [{"Node Type": "Aggregate", "Strategy": "Hashed", "Parent Relationship": "Outer", "Startup Cost": 916688.57, "Total Cost": 916688.58, "Plan Rows": 1, "Plan Width": 16, "Group By Key": ["orders.o_orderpriority"], "Plans": [{"Node Type": "Nested Loop", "Parent Relationship": "Outer", "Join Type": "Semi", "Startup Cost": 14564.7, "Total Cost": 913841.52, "Plan Rows": 569410, "Plan Width": 16, "Inner Unique": false, "Plans": [{"Node Type": "Bitmap Heap Scan", "Parent Relationship": "Outer", "Relation Name": "orders", "Alias": "orders", "Startup Cost": 14564.7, "Total Cost": 299524.85, "Plan Rows": 569410, "Plan Width": 24, "Recheck Cond": "((o_orderdate >= '1995-01-01 00:00:00'::timestamp(0) without time zone) AND (o_orderdate < '1995-04-01 00:00:00'::timestamp without time zone)), (LLVM Optimized)", "Plans": [{"Node Type": "Bitmap Index Scan", "Parent Relationship": "Outer", "Index Name": "idx_orders_orderdate", "Startup Cost": 0.0, "Total Cost": 14422.35, "Plan Rows": 569410, "Plan Width": 0, "Index Cond": "((o_orderdate >= '1995-01-01 00:00:00'::timestamp(0) without time zone) AND (o_orderdate < '1995-04-01 00:00:00'::timestamp without time zone))"}]}, {"Node Type": "Index Scan", "Parent Relationship": "Inner", "Scan Direction": "Forward", "Index Name": "idx_lineitem_orderkey", "Relation Name": "lineitem", "Alias": "lineitem", "Startup Cost": 0.0, "Total Cost": 5.41, "Plan Rows": 3, "Plan Width": 8, "Index Cond": "(l_orderkey = orders.o_orderkey)", "Filter": "(l_commitdate < l_receiptdate)"}]}]}]}, "Unique SQL Id": 3745551476, "Planner Runtime": 0}, "explain_analyze_plan": {"Plan": {"Node Type": "Sort", "Startup Cost": 916688.59, "Total Cost": 916688.6, "Plan Rows": 1, "Plan Width": 16, "Actual Startup Time": 4955.529, "Actual Total Time": 4955.53, "Actual Rows": 5, "Actual Loops": 1, "Sort Key": ["orders.o_orderpriority"], "Sort Method": "quicksort", "Sort Space Used": 25, "Sort Space Type": "Memory", "Plans": [{"Node Type": "Aggregate", "Strategy": "Hashed", "Parent Relationship": "Outer", "Startup Cost": 916688.57, "Total Cost": 916688.58, "Plan Rows": 1, "Plan Width": 16, "Actual Startup Time": 4955.482, "Actual Total Time": 4955.483, "Actual Rows": 5, "Actual Loops": 1, "Group By Key": ["orders.o_orderpriority"], "Plans": [{"Node Type": "Nested Loop", "Parent Relationship": "Outer", "Join Type": "Semi", "Startup Cost": 14564.7, "Total Cost": 913841.52, "Plan Rows": 569410, "Plan Width": 16, "Actual Startup Time": 244.432, "Actual Total Time": 4673.233, "Actual Rows": 515106, "Actual Loops": 1, "Inner Unique": false, "Plans": [{"Node Type": "Bitmap Heap Scan", "Parent Relationship": "Outer", "Relation Name": "orders", "Alias": "orders", "Startup Cost": 14564.7, "Total Cost": 299524.85, "Plan Rows": 569410, "Plan Width": 24, "Actual Startup Time": 244.347, "Actual Total Time": 966.434, "Actual Rows": 561612, "Actual Loops": 1, "Recheck Cond": "((o_orderdate >= '1995-01-01 00:00:00'::timestamp(0) without time zone) AND (o_orderdate < '1995-04-01 00:00:00'::timestamp without time zone)), (LLVM Optimized, Jit Execute)", "Rows Removed by Index Recheck": 0, "Exact Heap Blocks": 241676, "Lossy Heap Blocks": 241676, "Plans": [{"Node Type": "Bitmap Index Scan", "Parent Relationship": "Outer", "Index Name": "idx_orders_orderdate", "Startup Cost": 0.0, "Total Cost": 14422.35, "Plan Rows": 569410, "Plan Width": 0, "Actual Startup Time": 169.789, "Actual Total Time": 169.789, "Actual Rows": 561612, "Actual Loops": 1, "Index Cond": "((o_orderdate >= '1995-01-01 00:00:00'::timestamp(0) without time zone) AND (o_orderdate < '1995-04-01 00:00:00'::timestamp without time zone))"}]}, {"Node Type": "Index Scan", "Parent Relationship": "Inner", "Scan Direction": "Forward", "Index Name": "idx_lineitem_orderkey", "Relation Name": "lineitem", "Alias": "lineitem", "Startup Cost": 0.0, "Total Cost": 5.41, "Plan Rows": 3, "Plan Width": 8, "Actual Startup Time": 3288.693, "Actual Total Time": 3288.693, "Actual Rows": 515106, "Actual Loops": 561612, "Index Cond": "(l_orderkey = orders.o_orderkey)", "Rows Removed by Index Recheck": 0, "Filter": "(l_commitdate < l_receiptdate)", "Rows Removed by Filter": 299676}]}]}]}, "Triggers": [], "Planner Runtime": 0, "Total Runtime": 4965.067, "Unique SQL Id": 3745551476}}, "(1, 22)": {"explain_plan": {"Plan": {"Node Type": "Sort", "Startup Cost": 2781642.36, "Total Cost": 2781642.36, "Plan Rows": 1, "Plan Width": 16, "Sort Key": ["orders.o_orderpriority"], "Plans": [{"Node Type": "Aggregate", "Strategy": "Hashed", "Parent Relationship": "Outer", "Startup Cost": 2781642.34, "Total Cost": 2781642.35, "Plan Rows": 1, "Plan Width": 16, "Group By Key": ["orders.o_orderpriority"], "Plans": [{"Node Type": "Nested Loop", "Parent Relationship": "Outer", "Join Type": "Semi", "Startup Cost": 14566.65, "Total Cost": 2778795.29, "Plan Rows": 569410, "Plan Width": 16, "Inner Unique": false, "Plans": [{"Node Type": "Bitmap Heap Scan", "Parent Relationship": "Outer", "Relation Name": "orders", "Alias": "orders", "Startup Cost": 14564.7, "Total Cost": 299524.85, "Plan Rows": 569410, "Plan Width": 24, "Recheck Cond": "((o_orderdate >= '1995-01-01 00:00:00'::timestamp(0) without time zone) AND (o_orderdate < '1995-04-01 00:00:00'::timestamp without time zone)), (LLVM Optimized)", "Plans": [{"Node Type": "Bitmap Index Scan", "Parent Relationship": "Outer", "Index Name": "idx_orders_orderdate", "Startup Cost": 0.0, "Total Cost": 14422.35, "Plan Rows": 569410, "Plan Width": 0, "Index Cond": "((o_orderdate >= '1995-01-01 00:00:00'::timestamp(0) without time zone) AND (o_orderdate < '1995-04-01 00:00:00'::timestamp without time zone))"}]}, {"Node Type": "Bitmap Heap Scan", "Parent Relationship": "Inner", "Relation Name": "lineitem", "Alias": "lineitem", "Startup Cost": 1.94, "Total Cost": 14.06, "Plan Rows": 3, "Plan Width": 8, "Recheck Cond": "(l_orderkey = orders.o_orderkey)", "Filter": "(l_commitdate < l_receiptdate)", "Plans": [{"Node Type": "Bitmap Index Scan", "Parent Relationship": "Outer", "Index Name": "idx_lineitem_orderkey", "Startup Cost": 0.0, "Total Cost": 1.94, "Plan Rows": 9, "Plan Width": 0, "Index Cond": "(l_orderkey = orders.o_orderkey)"}]}]}]}]}, "Unique SQL Id": 3745551476, "Planner Runtime": 0}, "explain_analyze_plan": {"Plan": {"Node Type": "Sort", "Startup Cost": 2781642.36, "Total Cost": 2781642.36, "Plan Rows": 1, "Plan Width": 16, "Actual Startup Time": 6863.223, "Actual Total Time": 6863.225, "Actual Rows": 5, "Actual Loops": 1, "Sort Key": ["orders.o_orderpriority"], "Sort Method": "quicksort", "Sort Space Used": 25, "Sort Space Type": "Memory", "Plans": [{"Node Type": "Aggregate", "Strategy": "Hashed", "Parent Relationship": "Outer", "Startup Cost": 2781642.34, "Total Cost": 2781642.35, "Plan Rows": 1, "Plan Width": 16, "Actual Startup Time": 6863.09, "Actual Total Time": 6863.105, "Actual Rows": 5, "Actual Loops": 1, "Group By Key": ["orders.o_orderpriority"], "Plans": [{"Node Type": "Nested Loop", "Parent Relationship": "Outer", "Join Type": "Semi", "Startup Cost": 14566.65, "Total Cost": 2778795.29, "Plan Rows": 569410, "Plan Width": 16, "Actual Startup Time": 247.984, "Actual Total Time": 6556.711, "Actual Rows": 515106, "Actual Loops": 1, "Inner Unique": false, "Plans": [{"Node Type": "Bitmap Heap Scan", "Parent Relationship": "Outer", "Relation Name": "orders", "Alias": "orders", "Startup Cost": 14564.7, "Total Cost": 299524.85, "Plan Rows": 569410, "Plan Width": 24, "Actual Startup Time": 247.881, "Actual Total Time": 1049.55, "Actual Rows": 561612, "Actual Loops": 1, "Recheck Cond": "((o_orderdate >= '1995-01-01 00:00:00'::timestamp(0) without time zone) AND (o_orderdate < '1995-04-01 00:00:00'::timestamp without time zone)), (LLVM Optimized, Jit Execute)", "Rows Removed by Index Recheck": 0, "Exact Heap Blocks": 241676, "Lossy Heap Blocks": 241676, "Plans": [{"Node Type": "Bitmap Index Scan", "Parent Relationship": "Outer", "Index Name": "idx_orders_orderdate", "Startup Cost": 0.0, "Total Cost": 14422.35, "Plan Rows": 569410, "Plan Width": 0, "Actual Startup Time": 172.696, "Actual Total Time": 172.696, "Actual Rows": 561612, "Actual Loops": 1, "Index Cond": "((o_orderdate >= '1995-01-01 00:00:00'::timestamp(0) without time zone) AND (o_orderdate < '1995-04-01 00:00:00'::timestamp without time zone))"}]}, {"Node Type": "Bitmap Heap Scan", "Parent Relationship": "Inner", "Relation Name": "lineitem", "Alias": "lineitem", "Startup Cost": 1.94, "Total Cost": 14.06, "Plan Rows": 3, "Plan Width": 8, "Actual Startup Time": 4756.399, "Actual Total Time": 4756.399, "Actual Rows": 515106, "Actual Loops": 561612, "Recheck Cond": "(l_orderkey = orders.o_orderkey)", "Rows Removed by Index Recheck": 0, "Filter": "(l_commitdate < l_receiptdate)", "Rows Removed by Filter": 299676, "Exact Heap Blocks": 567798, "Lossy Heap Blocks": 567798, "Plans": [{"Node Type": "Bitmap Index Scan", "Parent Relationship": "Outer", "Index Name": "idx_lineitem_orderkey", "Startup Cost": 0.0, "Total Cost": 1.94, "Plan Rows": 9, "Plan Width": 0, "Actual Startup Time": 2428.769, "Actual Total Time": 2428.769, "Actual Rows": 2246588, "Actual Loops": 561612, "Index Cond": "(l_orderkey = orders.o_orderkey)"}]}]}]}]}, "Triggers": [], "Planner Runtime": 0, "Total Runtime": 6876.889, "Unique SQL Id": 3745551476}}, "(1, 23)": {"explain_plan": {"Plan": {"Node Type": "Sort", "Startup Cost": 2781642.36, "Total Cost": 2781642.36, "Plan Rows": 1, "Plan Width": 16, "Sort Key": ["orders.o_orderpriority"], "Plans": [{"Node Type": "Aggregate", "Strategy": "Hashed", "Parent Relationship": "Outer", "Startup Cost": 2781642.34, "Total Cost": 2781642.35, "Plan Rows": 1, "Plan Width": 16, "Group By Key": ["orders.o_orderpriority"], "Plans": [{"Node Type": "Nested Loop", "Parent Relationship": "Outer", "Join Type": "Semi", "Startup Cost": 14566.65, "Total Cost": 2778795.29, "Plan Rows": 569410, "Plan Width": 16, "Inner Unique": false, "Plans": [{"Node Type": "Bitmap Heap Scan", "Parent Relationship": "Outer", "Relation Name": "orders", "Alias": "orders", "Startup Cost": 14564.7, "Total Cost": 299524.85, "Plan Rows": 569410, "Plan Width": 24, "Recheck Cond": "((o_orderdate >= '1995-01-01 00:00:00'::timestamp(0) without time zone) AND (o_orderdate < '1995-04-01 00:00:00'::timestamp without time zone)), (LLVM Optimized)", "Plans": [{"Node Type": "Bitmap Index Scan", "Parent Relationship": "Outer", "Index Name": "idx_orders_orderdate", "Startup Cost": 0.0, "Total Cost": 14422.35, "Plan Rows": 569410, "Plan Width": 0, "Index Cond": "((o_orderdate >= '1995-01-01 00:00:00'::timestamp(0) without time zone) AND (o_orderdate < '1995-04-01 00:00:00'::timestamp without time zone))"}]}, {"Node Type": "Bitmap Heap Scan", "Parent Relationship": "Inner", "Relation Name": "lineitem", "Alias": "lineitem", "Startup Cost": 1.94, "Total Cost": 14.06, "Plan Rows": 3, "Plan Width": 8, "Recheck Cond": "(l_orderkey = orders.o_orderkey)", "Filter": "(l_commitdate < l_receiptdate)", "Plans": [{"Node Type": "Bitmap Index Scan", "Parent Relationship": "Outer", "Index Name": "idx_lineitem_orderkey", "Startup Cost": 0.0, "Total Cost": 1.94, "Plan Rows": 9, "Plan Width": 0, "Index Cond": "(l_orderkey = orders.o_orderkey)"}]}]}]}]}, "Unique SQL Id": 3745551476, "Planner Runtime": 0}, "explain_analyze_plan": {"Plan": {"Node Type": "Sort", "Startup Cost": 2781642.36, "Total Cost": 2781642.36, "Plan Rows": 1, "Plan Width": 16, "Actual Startup Time": 6863.223, "Actual Total Time": 6863.225, "Actual Rows": 5, "Actual Loops": 1, "Sort Key": ["orders.o_orderpriority"], "Sort Method": "quicksort", "Sort Space Used": 25, "Sort Space Type": "Memory", "Plans": [{"Node Type": "Aggregate", "Strategy": "Hashed", "Parent Relationship": "Outer", "Startup Cost": 2781642.34, "Total Cost": 2781642.35, "Plan Rows": 1, "Plan Width": 16, "Actual Startup Time": 6863.09, "Actual Total Time": 6863.105, "Actual Rows": 5, "Actual Loops": 1, "Group By Key": ["orders.o_orderpriority"], "Plans": [{"Node Type": "Nested Loop", "Parent Relationship": "Outer", "Join Type": "Semi", "Startup Cost": 14566.65, "Total Cost": 2778795.29, "Plan Rows": 569410, "Plan Width": 16, "Actual Startup Time": 247.984, "Actual Total Time": 6556.711, "Actual Rows": 515106, "Actual Loops": 1, "Inner Unique": false, "Plans": [{"Node Type": "Bitmap Heap Scan", "Parent Relationship": "Outer", "Relation Name": "orders", "Alias": "orders", "Startup Cost": 14564.7, "Total Cost": 299524.85, "Plan Rows": 569410, "Plan Width": 24, "Actual Startup Time": 247.881, "Actual Total Time": 1049.55, "Actual Rows": 561612, "Actual Loops": 1, "Recheck Cond": "((o_orderdate >= '1995-01-01 00:00:00'::timestamp(0) without time zone) AND (o_orderdate < '1995-04-01 00:00:00'::timestamp without time zone)), (LLVM Optimized, Jit Execute)", "Rows Removed by Index Recheck": 0, "Exact Heap Blocks": 241676, "Lossy Heap Blocks": 241676, "Plans": [{"Node Type": "Bitmap Index Scan", "Parent Relationship": "Outer", "Index Name": "idx_orders_orderdate", "Startup Cost": 0.0, "Total Cost": 14422.35, "Plan Rows": 569410, "Plan Width": 0, "Actual Startup Time": 172.696, "Actual Total Time": 172.696, "Actual Rows": 561612, "Actual Loops": 1, "Index Cond": "((o_orderdate >= '1995-01-01 00:00:00'::timestamp(0) without time zone) AND (o_orderdate < '1995-04-01 00:00:00'::timestamp without time zone))"}]}, {"Node Type": "Bitmap Heap Scan", "Parent Relationship": "Inner", "Relation Name": "lineitem", "Alias": "lineitem", "Startup Cost": 1.94, "Total Cost": 14.06, "Plan Rows": 3, "Plan Width": 8, "Actual Startup Time": 4756.399, "Actual Total Time": 4756.399, "Actual Rows": 515106, "Actual Loops": 561612, "Recheck Cond": "(l_orderkey = orders.o_orderkey)", "Rows Removed by Index Recheck": 0, "Filter": "(l_commitdate < l_receiptdate)", "Rows Removed by Filter": 299676, "Exact Heap Blocks": 567798, "Lossy Heap Blocks": 567798, "Plans": [{"Node Type": "Bitmap Index Scan", "Parent Relationship": "Outer", "Index Name": "idx_lineitem_orderkey", "Startup Cost": 0.0, "Total Cost": 1.94, "Plan Rows": 9, "Plan Width": 0, "Actual Startup Time": 2428.769, "Actual Total Time": 2428.769, "Actual Rows": 2246588, "Actual Loops": 561612, "Index Cond": "(l_orderkey = orders.o_orderkey)"}]}]}]}]}, "Triggers": [], "Planner Runtime": 0, "Total Runtime": 6876.889, "Unique SQL Id": 3745551476}}, "(1, 24)": {"explain_plan": {"Plan": {"Node Type": "Sort", "Startup Cost": 1118574.92, "Total Cost": 1118574.93, "Plan Rows": 1, "Plan Width": 16, "Sort Key": ["orders.o_orderpriority"], "Plans": [{"Node Type": "Aggregate", "Strategy": "Hashed", "Parent Relationship": "Outer", "Startup Cost": 1118574.9, "Total Cost": 1118574.91, "Plan Rows": 1, "Plan Width": 16, "Group By Key": ["orders.o_orderpriority"], "Plans": [{"Node Type": "Nested Loop", "Parent Relationship": "Outer", "Join Type": "Semi", "Startup Cost": 411.57, "Total Cost": 1115727.85, "Plan Rows": 569410, "Plan Width": 16, "Inner Unique": false, "Plans": [{"Node Type": "Seq Scan", "Parent Relationship": "Outer", "Relation Name": "orders", "Alias": "orders", "Startup Cost": 411.57, "Total Cost": 501411.18, "Plan Rows": 569410, "Plan Width": 24, "Filter": "((o_orderdate >= '1995-01-01 00:00:00'::timestamp(0) without time zone) AND (o_orderdate < '1995-04-01 00:00:00'::timestamp without time zone)), (LLVM Optimized)"}, {"Node Type": "Index Scan", "Parent Relationship": "Inner", "Scan Direction": "Forward", "Index Name": "idx_lineitem_orderkey", "Relation Name": "lineitem", "Alias": "lineitem", "Startup Cost": 0.0, "Total Cost": 5.41, "Plan Rows": 3, "Plan Width": 8, "Index Cond": "(l_orderkey = orders.o_orderkey)", "Filter": "(l_commitdate < l_receiptdate)"}]}]}]}, "Unique SQL Id": 3745551476, "Planner Runtime": 0}, "explain_analyze_plan": {"Plan": {"Node Type": "Sort", "Startup Cost": 1118574.92, "Total Cost": 1118574.93, "Plan Rows": 1, "Plan Width": 16, "Actual Startup Time": 8906.643, "Actual Total Time": 8906.643, "Actual Rows": 5, "Actual Loops": 1, "Sort Key": ["orders.o_orderpriority"], "Sort Method": "quicksort", "Sort Space Used": 25, "Sort Space Type": "Memory", "Plans": [{"Node Type": "Aggregate", "Strategy": "Hashed", "Parent Relationship": "Outer", "Startup Cost": 1118574.9, "Total Cost": 1118574.91, "Plan Rows": 1, "Plan Width": 16, "Actual Startup Time": 8906.597, "Actual Total Time": 8906.6, "Actual Rows": 5, "Actual Loops": 1, "Group By Key": ["orders.o_orderpriority"], "Plans": [{"Node Type": "Nested Loop", "Parent Relationship": "Outer", "Join Type": "Semi", "Startup Cost": 411.57, "Total Cost": 1115727.85, "Plan Rows": 569410, "Plan Width": 16, "Actual Startup Time": 0.057, "Actual Total Time": 8627.866, "Actual Rows": 515106, "Actual Loops": 1, "Inner Unique": false, "Plans": [{"Node Type": "Seq Scan", "Parent Relationship": "Outer", "Relation Name": "orders", "Alias": "orders", "Startup Cost": 411.57, "Total Cost": 501411.18, "Plan Rows": 569410, "Plan Width": 24, "Actual Startup Time": 0.032, "Actual Total Time": 4710.886, "Actual Rows": 561612, "Actual Loops": 1, "Filter": "((o_orderdate >= '1995-01-01 00:00:00'::timestamp(0) without time zone) AND (o_orderdate < '1995-04-01 00:00:00'::timestamp without time zone)), (LLVM Optimized, Jit Execute)", "Rows Removed by Filter": 14438388}, {"Node Type": "Index Scan", "Parent Relationship": "Inner", "Scan Direction": "Forward", "Index Name": "idx_lineitem_orderkey", "Relation Name": "lineitem", "Alias": "lineitem", "Startup Cost": 0.0, "Total Cost": 5.41, "Plan Rows": 3, "Plan Width": 8, "Actual Startup Time": 3494.355, "Actual Total Time": 3494.355, "Actual Rows": 515106, "Actual Loops": 561612, "Index Cond": "(l_orderkey = orders.o_orderkey)", "Rows Removed by Index Recheck": 0, "Filter": "(l_commitdate < l_receiptdate)", "Rows Removed by Filter": 299676}]}]}]}, "Triggers": [], "Planner Runtime": 0, "Total Runtime": 8915.682, "Unique SQL Id": 3745551476}}, "(1, 25)": {"explain_plan": {"Plan": {"Node Type": "Sort", "Startup Cost": 1423139.57, "Total Cost": 1423139.57, "Plan Rows": 1, "Plan Width": 16, "Sort Key": ["orders.o_orderpriority"], "Plans": [{"Node Type": "Aggregate", "Strategy": "Hashed", "Parent Relationship": "Outer", "Startup Cost": 1423139.55, "Total Cost": 1423139.56, "Plan Rows": 1, "Plan Width": 16, "Group By Key": ["orders.o_orderpriority"], "Plans": [{"Node Type": "Nested Loop", "Parent Relationship": "Outer", "Join Type": "Semi", "Startup Cost": 0.0, "Total Cost": 1420292.5, "Plan Rows": 569410, "Plan Width": 16, "Inner Unique": false, "Plans": [{"Node Type": "Index Scan", "Parent Relationship": "Outer", "Scan Direction": "Forward", "Index Name": "orders_pkey", "Relation Name": "orders", "Alias": "orders", "Startup Cost": 0.0, "Total Cost": 805975.83, "Plan Rows": 569410, "Plan Width": 24, "Filter": "((o_orderdate >= '1995-01-01 00:00:00'::timestamp(0) without time zone) AND (o_orderdate < '1995-04-01 00:00:00'::timestamp without time zone)), (LLVM Optimized)"}, {"Node Type": "Index Scan", "Parent Relationship": "Inner", "Scan Direction": "Forward", "Index Name": "idx_lineitem_orderkey", "Relation Name": "lineitem", "Alias": "lineitem", "Startup Cost": 0.0, "Total Cost": 5.41, "Plan Rows": 3, "Plan Width": 8, "Index Cond": "(l_orderkey = orders.o_orderkey)", "Filter": "(l_commitdate < l_receiptdate)"}]}]}]}, "Unique SQL Id": 3745551476, "Planner Runtime": 0}, "explain_analyze_plan": null}, "(1, 26)": {"explain_plan": {"Plan": {"Node Type": "Sort", "Startup Cost": 3047353.49, "Total Cost": 3047353.5, "Plan Rows": 1, "Plan Width": 16, "Sort Key": ["orders.o_orderpriority"], "Plans": [{"Node Type": "Aggregate", "Strategy": "Hashed", "Parent Relationship": "Outer", "Startup Cost": 3047353.47, "Total Cost": 3047353.48, "Plan Rows": 1, "Plan Width": 16, "Group By Key": ["orders.o_orderpriority"], "Plans": [{"Node Type": "Merge Join", "Parent Relationship": "Outer", "Join Type": "Inner", "Startup Cost": 3024954.22, "Total Cost": 3044506.42, "Plan Rows": 569410, "Plan Width": 16, "Inner Unique": true, "Merge Cond": "(orders.o_orderkey = lineitem.l_orderkey)", "Plans": [{"Node Type": "Sort", "Parent Relationship": "Outer", "Startup Cost": 555844.24, "Total Cost": 557267.77, "Plan Rows": 569410, "Plan Width": 24, "Sort Key": ["orders.o_orderkey"], "Plans": [{"Node Type": "Seq Scan", "Parent Relationship": "Outer", "Relation Name": "orders", "Alias": "orders", "Startup Cost": 411.57, "Total Cost": 501411.18, "Plan Rows": 569410, "Plan Width": 24, "Filter": "((o_orderdate >= '1995-01-01 00:00:00'::timestamp(0) without time zone) AND (o_orderdate < '1995-04-01 00:00:00'::timestamp without time zone)), (LLVM Optimized)"}]}, {"Node Type": "Sort", "Parent Relationship": "Inner", "Startup Cost": 2469109.87, "Total Cost": 2474615.54, "Plan Rows": 2202268, "Plan Width": 8, "Sort Key": ["lineitem.l_orderkey"], "Plans": [{"Node Type": "Aggregate", "Strategy": "Hashed", "Parent Relationship": "Outer", "Startup Cost": 2215072.11, "Total Cost": 2237094.79, "Plan Rows": 2202268, "Plan Width": 8, "Group By Key": ["lineitem.l_orderkey"], "Plans": [{"Node Type": "Seq Scan", "Parent Relationship": "Outer", "Relation Name": "lineitem", "Alias": "lineitem", "Startup Cost": 0.0, "Total Cost": 2165082.91, "Plan Rows": 19995678, "Plan Width": 8, "Filter": "(l_commitdate < l_receiptdate), (LLVM Optimized)"}]}]}]}]}]}, "Unique SQL Id": 3745551476, "Planner Runtime": 0}, "explain_analyze_plan": null}, "(1, 27)": {"explain_plan": {"Plan": {"Node Type": "Sort", "Startup Cost": 2000403569659.73, "Total Cost": 2000403569659.74, "Plan Rows": 1, "Plan Width": 16, "Sort Key": ["orders.o_orderpriority"], "Plans": [{"Node Type": "Aggregate", "Strategy": "Hashed", "Parent Relationship": "Outer", "Startup Cost": 2000403569659.71, "Total Cost": 2000403569659.72, "Plan Rows": 1, "Plan Width": 16, "Group By Key": ["orders.o_orderpriority"], "Plans": [{"Node Type": "Merge Join", "Parent Relationship": "Outer", "Join Type": "Semi", "Startup Cost": 20036514449.31, "Total Cost": 2000403566812.66, "Plan Rows": 569410, "Plan Width": 16, "Inner Unique": false, "Merge Cond": "(orders.o_orderkey = lineitem.l_orderkey)", "Plans": [{"Node Type": "Index Scan", "Parent Relationship": "Outer", "Scan Direction": "Forward", "Index Name": "orders_pkey", "Relation Name": "orders", "Alias": "orders", "Startup Cost": 10000000000.0, "Total Cost": 1000080597583.0, "Plan Rows": 569410, "Plan Width": 24, "Filter": "((o_orderdate >= '1995-01-01 00:00:00'::timestamp(0) without time zone) AND (o_orderdate < '1995-04-01 00:00:00'::timestamp without time zone)), (LLVM Optimized)"}, {"Node Type": "Index Scan", "Parent Relationship": "Inner", "Scan Direction": "Forward", "Index Name": "idx_lineitem_orderkey", "Relation Name": "lineitem", "Alias": "lineitem", "Startup Cost": 10000000000.0, "Total Cost": 1000339012132.75, "Plan Rows": 19995678, "Plan Width": 8, "Filter": "(l_commitdate < l_receiptdate), (LLVM Optimized)"}]}]}]}, "Unique SQL Id": 3745551476, "Planner Runtime": 0}, "explain_analyze_plan": null}, "(1, 28)": {"explain_plan": {"Plan": {"Node Type": "Sort", "Startup Cost": 1118574.92, "Total Cost": 1118574.93, "Plan Rows": 1, "Plan Width": 16, "Sort Key": ["orders.o_orderpriority"], "Plans": [{"Node Type": "Aggregate", "Strategy": "Hashed", "Parent Relationship": "Outer", "Startup Cost": 1118574.9, "Total Cost": 1118574.91, "Plan Rows": 1, "Plan Width": 16, "Group By Key": ["orders.o_orderpriority"], "Plans": [{"Node Type": "Nested Loop", "Parent Relationship": "Outer", "Join Type": "Semi", "Startup Cost": 411.57, "Total Cost": 1115727.85, "Plan Rows": 569410, "Plan Width": 16, "Inner Unique": false, "Plans": [{"Node Type": "Seq Scan", "Parent Relationship": "Outer", "Relation Name": "orders", "Alias": "orders", "Startup Cost": 411.57, "Total Cost": 501411.18, "Plan Rows": 569410, "Plan Width": 24, "Filter": "((o_orderdate >= '1995-01-01 00:00:00'::timestamp(0) without time zone) AND (o_orderdate < '1995-04-01 00:00:00'::timestamp without time zone)), (LLVM Optimized)"}, {"Node Type": "Index Scan", "Parent Relationship": "Inner", "Scan Direction": "Forward", "Index Name": "idx_lineitem_orderkey", "Relation Name": "lineitem", "Alias": "lineitem", "Startup Cost": 0.0, "Total Cost": 5.41, "Plan Rows": 3, "Plan Width": 8, "Index Cond": "(l_orderkey = orders.o_orderkey)", "Filter": "(l_commitdate < l_receiptdate)"}]}]}]}, "Unique SQL Id": 3745551476, "Planner Runtime": 0}, "explain_analyze_plan": {"Plan": {"Node Type": "Sort", "Startup Cost": 1118574.92, "Total Cost": 1118574.93, "Plan Rows": 1, "Plan Width": 16, "Actual Startup Time": 8906.643, "Actual Total Time": 8906.643, "Actual Rows": 5, "Actual Loops": 1, "Sort Key": ["orders.o_orderpriority"], "Sort Method": "quicksort", "Sort Space Used": 25, "Sort Space Type": "Memory", "Plans": [{"Node Type": "Aggregate", "Strategy": "Hashed", "Parent Relationship": "Outer", "Startup Cost": 1118574.9, "Total Cost": 1118574.91, "Plan Rows": 1, "Plan Width": 16, "Actual Startup Time": 8906.597, "Actual Total Time": 8906.6, "Actual Rows": 5, "Actual Loops": 1, "Group By Key": ["orders.o_orderpriority"], "Plans": [{"Node Type": "Nested Loop", "Parent Relationship": "Outer", "Join Type": "Semi", "Startup Cost": 411.57, "Total Cost": 1115727.85, "Plan Rows": 569410, "Plan Width": 16, "Actual Startup Time": 0.057, "Actual Total Time": 8627.866, "Actual Rows": 515106, "Actual Loops": 1, "Inner Unique": false, "Plans": [{"Node Type": "Seq Scan", "Parent Relationship": "Outer", "Relation Name": "orders", "Alias": "orders", "Startup Cost": 411.57, "Total Cost": 501411.18, "Plan Rows": 569410, "Plan Width": 24, "Actual Startup Time": 0.032, "Actual Total Time": 4710.886, "Actual Rows": 561612, "Actual Loops": 1, "Filter": "((o_orderdate >= '1995-01-01 00:00:00'::timestamp(0) without time zone) AND (o_orderdate < '1995-04-01 00:00:00'::timestamp without time zone)), (LLVM Optimized, Jit Execute)", "Rows Removed by Filter": 14438388}, {"Node Type": "Index Scan", "Parent Relationship": "Inner", "Scan Direction": "Forward", "Index Name": "idx_lineitem_orderkey", "Relation Name": "lineitem", "Alias": "lineitem", "Startup Cost": 0.0, "Total Cost": 5.41, "Plan Rows": 3, "Plan Width": 8, "Actual Startup Time": 3494.355, "Actual Total Time": 3494.355, "Actual Rows": 515106, "Actual Loops": 561612, "Index Cond": "(l_orderkey = orders.o_orderkey)", "Rows Removed by Index Recheck": 0, "Filter": "(l_commitdate < l_receiptdate)", "Rows Removed by Filter": 299676}]}]}]}, "Triggers": [], "Planner Runtime": 0, "Total Runtime": 8915.682, "Unique SQL Id": 3745551476}}, "(1, 29)": {"explain_plan": {"Plan": {"Node Type": "Sort", "Startup Cost": 1423139.57, "Total Cost": 1423139.57, "Plan Rows": 1, "Plan Width": 16, "Sort Key": ["orders.o_orderpriority"], "Plans": [{"Node Type": "Aggregate", "Strategy": "Hashed", "Parent Relationship": "Outer", "Startup Cost": 1423139.55, "Total Cost": 1423139.56, "Plan Rows": 1, "Plan Width": 16, "Group By Key": ["orders.o_orderpriority"], "Plans": [{"Node Type": "Nested Loop", "Parent Relationship": "Outer", "Join Type": "Semi", "Startup Cost": 0.0, "Total Cost": 1420292.5, "Plan Rows": 569410, "Plan Width": 16, "Inner Unique": false, "Plans": [{"Node Type": "Index Scan", "Parent Relationship": "Outer", "Scan Direction": "Forward", "Index Name": "orders_pkey", "Relation Name": "orders", "Alias": "orders", "Startup Cost": 0.0, "Total Cost": 805975.83, "Plan Rows": 569410, "Plan Width": 24, "Filter": "((o_orderdate >= '1995-01-01 00:00:00'::timestamp(0) without time zone) AND (o_orderdate < '1995-04-01 00:00:00'::timestamp without time zone)), (LLVM Optimized)"}, {"Node Type": "Index Scan", "Parent Relationship": "Inner", "Scan Direction": "Forward", "Index Name": "idx_lineitem_orderkey", "Relation Name": "lineitem", "Alias": "lineitem", "Startup Cost": 0.0, "Total Cost": 5.41, "Plan Rows": 3, "Plan Width": 8, "Index Cond": "(l_orderkey = orders.o_orderkey)", "Filter": "(l_commitdate < l_receiptdate)"}]}]}]}, "Unique SQL Id": 3745551476, "Planner Runtime": 0}, "explain_analyze_plan": null}, "(1, 30)": {"explain_plan": {"Plan": {"Node Type": "Sort", "Startup Cost": 3047353.49, "Total Cost": 3047353.5, "Plan Rows": 1, "Plan Width": 16, "Sort Key": ["orders.o_orderpriority"], "Plans": [{"Node Type": "Aggregate", "Strategy": "Hashed", "Parent Relationship": "Outer", "Startup Cost": 3047353.47, "Total Cost": 3047353.48, "Plan Rows": 1, "Plan Width": 16, "Group By Key": ["orders.o_orderpriority"], "Plans": [{"Node Type": "Merge Join", "Parent Relationship": "Outer", "Join Type": "Inner", "Startup Cost": 3024954.22, "Total Cost": 3044506.42, "Plan Rows": 569410, "Plan Width": 16, "Inner Unique": true, "Merge Cond": "(orders.o_orderkey = lineitem.l_orderkey)", "Plans": [{"Node Type": "Sort", "Parent Relationship": "Outer", "Startup Cost": 555844.24, "Total Cost": 557267.77, "Plan Rows": 569410, "Plan Width": 24, "Sort Key": ["orders.o_orderkey"], "Plans": [{"Node Type": "Seq Scan", "Parent Relationship": "Outer", "Relation Name": "orders", "Alias": "orders", "Startup Cost": 411.57, "Total Cost": 501411.18, "Plan Rows": 569410, "Plan Width": 24, "Filter": "((o_orderdate >= '1995-01-01 00:00:00'::timestamp(0) without time zone) AND (o_orderdate < '1995-04-01 00:00:00'::timestamp without time zone)), (LLVM Optimized)"}]}, {"Node Type": "Sort", "Parent Relationship": "Inner", "Startup Cost": 2469109.87, "Total Cost": 2474615.54, "Plan Rows": 2202268, "Plan Width": 8, "Sort Key": ["lineitem.l_orderkey"], "Plans": [{"Node Type": "Aggregate", "Strategy": "Hashed", "Parent Relationship": "Outer", "Startup Cost": 2215072.11, "Total Cost": 2237094.79, "Plan Rows": 2202268, "Plan Width": 8, "Group By Key": ["lineitem.l_orderkey"], "Plans": [{"Node Type": "Seq Scan", "Parent Relationship": "Outer", "Relation Name": "lineitem", "Alias": "lineitem", "Startup Cost": 0.0, "Total Cost": 2165082.91, "Plan Rows": 19995678, "Plan Width": 8, "Filter": "(l_commitdate < l_receiptdate), (LLVM Optimized)"}]}]}]}]}]}, "Unique SQL Id": 3745551476, "Planner Runtime": 0}, "explain_analyze_plan": null}, "(1, 31)": {"explain_plan": {"Plan": {"Node Type": "Sort", "Startup Cost": 2000403569659.73, "Total Cost": 2000403569659.74, "Plan Rows": 1, "Plan Width": 16, "Sort Key": ["orders.o_orderpriority"], "Plans": [{"Node Type": "Aggregate", "Strategy": "Hashed", "Parent Relationship": "Outer", "Startup Cost": 2000403569659.71, "Total Cost": 2000403569659.72, "Plan Rows": 1, "Plan Width": 16, "Group By Key": ["orders.o_orderpriority"], "Plans": [{"Node Type": "Merge Join", "Parent Relationship": "Outer", "Join Type": "Semi", "Startup Cost": 20036514449.31, "Total Cost": 2000403566812.66, "Plan Rows": 569410, "Plan Width": 16, "Inner Unique": false, "Merge Cond": "(orders.o_orderkey = lineitem.l_orderkey)", "Plans": [{"Node Type": "Index Scan", "Parent Relationship": "Outer", "Scan Direction": "Forward", "Index Name": "orders_pkey", "Relation Name": "orders", "Alias": "orders", "Startup Cost": 10000000000.0, "Total Cost": 1000080597583.0, "Plan Rows": 569410, "Plan Width": 24, "Filter": "((o_orderdate >= '1995-01-01 00:00:00'::timestamp(0) without time zone) AND (o_orderdate < '1995-04-01 00:00:00'::timestamp without time zone)), (LLVM Optimized)"}, {"Node Type": "Index Scan", "Parent Relationship": "Inner", "Scan Direction": "Forward", "Index Name": "idx_lineitem_orderkey", "Relation Name": "lineitem", "Alias": "lineitem", "Startup Cost": 10000000000.0, "Total Cost": 1000339012132.75, "Plan Rows": 19995678, "Plan Width": 8, "Filter": "(l_commitdate < l_receiptdate), (LLVM Optimized)"}]}]}]}, "Unique SQL Id": 3745551476, "Planner Runtime": 0}, "explain_analyze_plan": null}, "(1, 32)": {"explain_plan": {"Plan": {"Node Type": "Sort", "Startup Cost": 916688.59, "Total Cost": 916688.6, "Plan Rows": 1, "Plan Width": 16, "Sort Key": ["orders.o_orderpriority"], "Plans": [{"Node Type": "Aggregate", "Strategy": "Hashed", "Parent Relationship": "Outer", "Startup Cost": 916688.57, "Total Cost": 916688.58, "Plan Rows": 1, "Plan Width": 16, "Group By Key": ["orders.o_orderpriority"], "Plans": [{"Node Type": "Nested Loop", "Parent Relationship": "Outer", "Join Type": "Semi", "Startup Cost": 14564.7, "Total Cost": 913841.52, "Plan Rows": 569410, "Plan Width": 16, "Inner Unique": false, "Plans": [{"Node Type": "Bitmap Heap Scan", "Parent Relationship": "Outer", "Relation Name": "orders", "Alias": "orders", "Startup Cost": 14564.7, "Total Cost": 299524.85, "Plan Rows": 569410, "Plan Width": 24, "Recheck Cond": "((o_orderdate >= '1995-01-01 00:00:00'::timestamp(0) without time zone) AND (o_orderdate < '1995-04-01 00:00:00'::timestamp without time zone)), (LLVM Optimized)", "Plans": [{"Node Type": "Bitmap Index Scan", "Parent Relationship": "Outer", "Index Name": "idx_orders_orderdate", "Startup Cost": 0.0, "Total Cost": 14422.35, "Plan Rows": 569410, "Plan Width": 0, "Index Cond": "((o_orderdate >= '1995-01-01 00:00:00'::timestamp(0) without time zone) AND (o_orderdate < '1995-04-01 00:00:00'::timestamp without time zone))"}]}, {"Node Type": "Index Scan", "Parent Relationship": "Inner", "Scan Direction": "Forward", "Index Name": "idx_lineitem_orderkey", "Relation Name": "lineitem", "Alias": "lineitem", "Startup Cost": 0.0, "Total Cost": 5.41, "Plan Rows": 3, "Plan Width": 8, "Index Cond": "(l_orderkey = orders.o_orderkey)", "Filter": "(l_commitdate < l_receiptdate)"}]}]}]}, "Unique SQL Id": 3745551476, "Planner Runtime": 0}, "explain_analyze_plan": {"Plan": {"Node Type": "Sort", "Startup Cost": 916688.59, "Total Cost": 916688.6, "Plan Rows": 1, "Plan Width": 16, "Actual Startup Time": 4955.529, "Actual Total Time": 4955.53, "Actual Rows": 5, "Actual Loops": 1, "Sort Key": ["orders.o_orderpriority"], "Sort Method": "quicksort", "Sort Space Used": 25, "Sort Space Type": "Memory", "Plans": [{"Node Type": "Aggregate", "Strategy": "Hashed", "Parent Relationship": "Outer", "Startup Cost": 916688.57, "Total Cost": 916688.58, "Plan Rows": 1, "Plan Width": 16, "Actual Startup Time": 4955.482, "Actual Total Time": 4955.483, "Actual Rows": 5, "Actual Loops": 1, "Group By Key": ["orders.o_orderpriority"], "Plans": [{"Node Type": "Nested Loop", "Parent Relationship": "Outer", "Join Type": "Semi", "Startup Cost": 14564.7, "Total Cost": 913841.52, "Plan Rows": 569410, "Plan Width": 16, "Actual Startup Time": 244.432, "Actual Total Time": 4673.233, "Actual Rows": 515106, "Actual Loops": 1, "Inner Unique": false, "Plans": [{"Node Type": "Bitmap Heap Scan", "Parent Relationship": "Outer", "Relation Name": "orders", "Alias": "orders", "Startup Cost": 14564.7, "Total Cost": 299524.85, "Plan Rows": 569410, "Plan Width": 24, "Actual Startup Time": 244.347, "Actual Total Time": 966.434, "Actual Rows": 561612, "Actual Loops": 1, "Recheck Cond": "((o_orderdate >= '1995-01-01 00:00:00'::timestamp(0) without time zone) AND (o_orderdate < '1995-04-01 00:00:00'::timestamp without time zone)), (LLVM Optimized, Jit Execute)", "Rows Removed by Index Recheck": 0, "Exact Heap Blocks": 241676, "Lossy Heap Blocks": 241676, "Plans": [{"Node Type": "Bitmap Index Scan", "Parent Relationship": "Outer", "Index Name": "idx_orders_orderdate", "Startup Cost": 0.0, "Total Cost": 14422.35, "Plan Rows": 569410, "Plan Width": 0, "Actual Startup Time": 169.789, "Actual Total Time": 169.789, "Actual Rows": 561612, "Actual Loops": 1, "Index Cond": "((o_orderdate >= '1995-01-01 00:00:00'::timestamp(0) without time zone) AND (o_orderdate < '1995-04-01 00:00:00'::timestamp without time zone))"}]}, {"Node Type": "Index Scan", "Parent Relationship": "Inner", "Scan Direction": "Forward", "Index Name": "idx_lineitem_orderkey", "Relation Name": "lineitem", "Alias": "lineitem", "Startup Cost": 0.0, "Total Cost": 5.41, "Plan Rows": 3, "Plan Width": 8, "Actual Startup Time": 3288.693, "Actual Total Time": 3288.693, "Actual Rows": 515106, "Actual Loops": 561612, "Index Cond": "(l_orderkey = orders.o_orderkey)", "Rows Removed by Index Recheck": 0, "Filter": "(l_commitdate < l_receiptdate)", "Rows Removed by Filter": 299676}]}]}]}, "Triggers": [], "Planner Runtime": 0, "Total Runtime": 4965.067, "Unique SQL Id": 3745551476}}, "(1, 33)": {"explain_plan": {"Plan": {"Node Type": "Sort", "Startup Cost": 916688.59, "Total Cost": 916688.6, "Plan Rows": 1, "Plan Width": 16, "Sort Key": ["orders.o_orderpriority"], "Plans": [{"Node Type": "Aggregate", "Strategy": "Hashed", "Parent Relationship": "Outer", "Startup Cost": 916688.57, "Total Cost": 916688.58, "Plan Rows": 1, "Plan Width": 16, "Group By Key": ["orders.o_orderpriority"], "Plans": [{"Node Type": "Nested Loop", "Parent Relationship": "Outer", "Join Type": "Semi", "Startup Cost": 14564.7, "Total Cost": 913841.52, "Plan Rows": 569410, "Plan Width": 16, "Inner Unique": false, "Plans": [{"Node Type": "Bitmap Heap Scan", "Parent Relationship": "Outer", "Relation Name": "orders", "Alias": "orders", "Startup Cost": 14564.7, "Total Cost": 299524.85, "Plan Rows": 569410, "Plan Width": 24, "Recheck Cond": "((o_orderdate >= '1995-01-01 00:00:00'::timestamp(0) without time zone) AND (o_orderdate < '1995-04-01 00:00:00'::timestamp without time zone)), (LLVM Optimized)", "Plans": [{"Node Type": "Bitmap Index Scan", "Parent Relationship": "Outer", "Index Name": "idx_orders_orderdate", "Startup Cost": 0.0, "Total Cost": 14422.35, "Plan Rows": 569410, "Plan Width": 0, "Index Cond": "((o_orderdate >= '1995-01-01 00:00:00'::timestamp(0) without time zone) AND (o_orderdate < '1995-04-01 00:00:00'::timestamp without time zone))"}]}, {"Node Type": "Index Scan", "Parent Relationship": "Inner", "Scan Direction": "Forward", "Index Name": "idx_lineitem_orderkey", "Relation Name": "lineitem", "Alias": "lineitem", "Startup Cost": 0.0, "Total Cost": 5.41, "Plan Rows": 3, "Plan Width": 8, "Index Cond": "(l_orderkey = orders.o_orderkey)", "Filter": "(l_commitdate < l_receiptdate)"}]}]}]}, "Unique SQL Id": 3745551476, "Planner Runtime": 0}, "explain_analyze_plan": {"Plan": {"Node Type": "Sort", "Startup Cost": 916688.59, "Total Cost": 916688.6, "Plan Rows": 1, "Plan Width": 16, "Actual Startup Time": 4955.529, "Actual Total Time": 4955.53, "Actual Rows": 5, "Actual Loops": 1, "Sort Key": ["orders.o_orderpriority"], "Sort Method": "quicksort", "Sort Space Used": 25, "Sort Space Type": "Memory", "Plans": [{"Node Type": "Aggregate", "Strategy": "Hashed", "Parent Relationship": "Outer", "Startup Cost": 916688.57, "Total Cost": 916688.58, "Plan Rows": 1, "Plan Width": 16, "Actual Startup Time": 4955.482, "Actual Total Time": 4955.483, "Actual Rows": 5, "Actual Loops": 1, "Group By Key": ["orders.o_orderpriority"], "Plans": [{"Node Type": "Nested Loop", "Parent Relationship": "Outer", "Join Type": "Semi", "Startup Cost": 14564.7, "Total Cost": 913841.52, "Plan Rows": 569410, "Plan Width": 16, "Actual Startup Time": 244.432, "Actual Total Time": 4673.233, "Actual Rows": 515106, "Actual Loops": 1, "Inner Unique": false, "Plans": [{"Node Type": "Bitmap Heap Scan", "Parent Relationship": "Outer", "Relation Name": "orders", "Alias": "orders", "Startup Cost": 14564.7, "Total Cost": 299524.85, "Plan Rows": 569410, "Plan Width": 24, "Actual Startup Time": 244.347, "Actual Total Time": 966.434, "Actual Rows": 561612, "Actual Loops": 1, "Recheck Cond": "((o_orderdate >= '1995-01-01 00:00:00'::timestamp(0) without time zone) AND (o_orderdate < '1995-04-01 00:00:00'::timestamp without time zone)), (LLVM Optimized, Jit Execute)", "Rows Removed by Index Recheck": 0, "Exact Heap Blocks": 241676, "Lossy Heap Blocks": 241676, "Plans": [{"Node Type": "Bitmap Index Scan", "Parent Relationship": "Outer", "Index Name": "idx_orders_orderdate", "Startup Cost": 0.0, "Total Cost": 14422.35, "Plan Rows": 569410, "Plan Width": 0, "Actual Startup Time": 169.789, "Actual Total Time": 169.789, "Actual Rows": 561612, "Actual Loops": 1, "Index Cond": "((o_orderdate >= '1995-01-01 00:00:00'::timestamp(0) without time zone) AND (o_orderdate < '1995-04-01 00:00:00'::timestamp without time zone))"}]}, {"Node Type": "Index Scan", "Parent Relationship": "Inner", "Scan Direction": "Forward", "Index Name": "idx_lineitem_orderkey", "Relation Name": "lineitem", "Alias": "lineitem", "Startup Cost": 0.0, "Total Cost": 5.41, "Plan Rows": 3, "Plan Width": 8, "Actual Startup Time": 3288.693, "Actual Total Time": 3288.693, "Actual Rows": 515106, "Actual Loops": 561612, "Index Cond": "(l_orderkey = orders.o_orderkey)", "Rows Removed by Index Recheck": 0, "Filter": "(l_commitdate < l_receiptdate)", "Rows Removed by Filter": 299676}]}]}]}, "Triggers": [], "Planner Runtime": 0, "Total Runtime": 4965.067, "Unique SQL Id": 3745551476}}, "(1, 34)": {"explain_plan": {"Plan": {"Node Type": "Sort", "Startup Cost": 2560249.27, "Total Cost": 2560249.28, "Plan Rows": 1, "Plan Width": 16, "Sort Key": ["orders.o_orderpriority"], "Plans": [{"Node Type": "Aggregate", "Strategy": "Hashed", "Parent Relationship": "Outer", "Startup Cost": 2560249.25, "Total Cost": 2560249.26, "Plan Rows": 1, "Plan Width": 16, "Group By Key": ["orders.o_orderpriority"], "Plans": [{"Node Type": "Hash Join", "Parent Relationship": "Outer", "Join Type": "Right Semi", "Startup Cost": 306642.48, "Total Cost": 2557402.2, "Plan Rows": 569410, "Plan Width": 16, "Inner Unique": true, "Hash Cond": "(lineitem.l_orderkey = orders.o_orderkey), (LLVM Optimized)", "Plans": [{"Node Type": "Seq Scan", "Parent Relationship": "Outer", "Relation Name": "lineitem", "Alias": "lineitem", "Startup Cost": 0.0, "Total Cost": 2165082.91, "Plan Rows": 19995678, "Plan Width": 8, "Filter": "(l_commitdate < l_receiptdate), (LLVM Optimized)"}, {"Node Type": "Hash", "Parent Relationship": "Inner", "Startup Cost": 299524.85, "Total Cost": 299524.85, "Plan Rows": 569410, "Plan Width": 24, "Plans": [{"Node Type": "Bitmap Heap Scan", "Parent Relationship": "Outer", "Relation Name": "orders", "Alias": "orders", "Startup Cost": 14564.7, "Total Cost": 299524.85, "Plan Rows": 569410, "Plan Width": 24, "Recheck Cond": "((o_orderdate >= '1995-01-01 00:00:00'::timestamp(0) without time zone) AND (o_orderdate < '1995-04-01 00:00:00'::timestamp without time zone)), (LLVM Optimized)", "Plans": [{"Node Type": "Bitmap Index Scan", "Parent Relationship": "Outer", "Index Name": "idx_orders_orderdate", "Startup Cost": 0.0, "Total Cost": 14422.35, "Plan Rows": 569410, "Plan Width": 0, "Index Cond": "((o_orderdate >= '1995-01-01 00:00:00'::timestamp(0) without time zone) AND (o_orderdate < '1995-04-01 00:00:00'::timestamp without time zone))"}]}]}]}]}]}, "Unique SQL Id": 3745551476, "Planner Runtime": 0}, "explain_analyze_plan": null}, "(1, 35)": {"explain_plan": {"Plan": {"Node Type": "Sort", "Startup Cost": 2781642.36, "Total Cost": 2781642.36, "Plan Rows": 1, "Plan Width": 16, "Sort Key": ["orders.o_orderpriority"], "Plans": [{"Node Type": "Aggregate", "Strategy": "Hashed", "Parent Relationship": "Outer", "Startup Cost": 2781642.34, "Total Cost": 2781642.35, "Plan Rows": 1, "Plan Width": 16, "Group By Key": ["orders.o_orderpriority"], "Plans": [{"Node Type": "Nested Loop", "Parent Relationship": "Outer", "Join Type": "Semi", "Startup Cost": 14566.65, "Total Cost": 2778795.29, "Plan Rows": 569410, "Plan Width": 16, "Inner Unique": false, "Plans": [{"Node Type": "Bitmap Heap Scan", "Parent Relationship": "Outer", "Relation Name": "orders", "Alias": "orders", "Startup Cost": 14564.7, "Total Cost": 299524.85, "Plan Rows": 569410, "Plan Width": 24, "Recheck Cond": "((o_orderdate >= '1995-01-01 00:00:00'::timestamp(0) without time zone) AND (o_orderdate < '1995-04-01 00:00:00'::timestamp without time zone)), (LLVM Optimized)", "Plans": [{"Node Type": "Bitmap Index Scan", "Parent Relationship": "Outer", "Index Name": "idx_orders_orderdate", "Startup Cost": 0.0, "Total Cost": 14422.35, "Plan Rows": 569410, "Plan Width": 0, "Index Cond": "((o_orderdate >= '1995-01-01 00:00:00'::timestamp(0) without time zone) AND (o_orderdate < '1995-04-01 00:00:00'::timestamp without time zone))"}]}, {"Node Type": "Bitmap Heap Scan", "Parent Relationship": "Inner", "Relation Name": "lineitem", "Alias": "lineitem", "Startup Cost": 1.94, "Total Cost": 14.06, "Plan Rows": 3, "Plan Width": 8, "Recheck Cond": "(l_orderkey = orders.o_orderkey)", "Filter": "(l_commitdate < l_receiptdate)", "Plans": [{"Node Type": "Bitmap Index Scan", "Parent Relationship": "Outer", "Index Name": "idx_lineitem_orderkey", "Startup Cost": 0.0, "Total Cost": 1.94, "Plan Rows": 9, "Plan Width": 0, "Index Cond": "(l_orderkey = orders.o_orderkey)"}]}]}]}]}, "Unique SQL Id": 3745551476, "Planner Runtime": 0}, "explain_analyze_plan": {"Plan": {"Node Type": "Sort", "Startup Cost": 2781642.36, "Total Cost": 2781642.36, "Plan Rows": 1, "Plan Width": 16, "Actual Startup Time": 6863.223, "Actual Total Time": 6863.225, "Actual Rows": 5, "Actual Loops": 1, "Sort Key": ["orders.o_orderpriority"], "Sort Method": "quicksort", "Sort Space Used": 25, "Sort Space Type": "Memory", "Plans": [{"Node Type": "Aggregate", "Strategy": "Hashed", "Parent Relationship": "Outer", "Startup Cost": 2781642.34, "Total Cost": 2781642.35, "Plan Rows": 1, "Plan Width": 16, "Actual Startup Time": 6863.09, "Actual Total Time": 6863.105, "Actual Rows": 5, "Actual Loops": 1, "Group By Key": ["orders.o_orderpriority"], "Plans": [{"Node Type": "Nested Loop", "Parent Relationship": "Outer", "Join Type": "Semi", "Startup Cost": 14566.65, "Total Cost": 2778795.29, "Plan Rows": 569410, "Plan Width": 16, "Actual Startup Time": 247.984, "Actual Total Time": 6556.711, "Actual Rows": 515106, "Actual Loops": 1, "Inner Unique": false, "Plans": [{"Node Type": "Bitmap Heap Scan", "Parent Relationship": "Outer", "Relation Name": "orders", "Alias": "orders", "Startup Cost": 14564.7, "Total Cost": 299524.85, "Plan Rows": 569410, "Plan Width": 24, "Actual Startup Time": 247.881, "Actual Total Time": 1049.55, "Actual Rows": 561612, "Actual Loops": 1, "Recheck Cond": "((o_orderdate >= '1995-01-01 00:00:00'::timestamp(0) without time zone) AND (o_orderdate < '1995-04-01 00:00:00'::timestamp without time zone)), (LLVM Optimized, Jit Execute)", "Rows Removed by Index Recheck": 0, "Exact Heap Blocks": 241676, "Lossy Heap Blocks": 241676, "Plans": [{"Node Type": "Bitmap Index Scan", "Parent Relationship": "Outer", "Index Name": "idx_orders_orderdate", "Startup Cost": 0.0, "Total Cost": 14422.35, "Plan Rows": 569410, "Plan Width": 0, "Actual Startup Time": 172.696, "Actual Total Time": 172.696, "Actual Rows": 561612, "Actual Loops": 1, "Index Cond": "((o_orderdate >= '1995-01-01 00:00:00'::timestamp(0) without time zone) AND (o_orderdate < '1995-04-01 00:00:00'::timestamp without time zone))"}]}, {"Node Type": "Bitmap Heap Scan", "Parent Relationship": "Inner", "Relation Name": "lineitem", "Alias": "lineitem", "Startup Cost": 1.94, "Total Cost": 14.06, "Plan Rows": 3, "Plan Width": 8, "Actual Startup Time": 4756.399, "Actual Total Time": 4756.399, "Actual Rows": 515106, "Actual Loops": 561612, "Recheck Cond": "(l_orderkey = orders.o_orderkey)", "Rows Removed by Index Recheck": 0, "Filter": "(l_commitdate < l_receiptdate)", "Rows Removed by Filter": 299676, "Exact Heap Blocks": 567798, "Lossy Heap Blocks": 567798, "Plans": [{"Node Type": "Bitmap Index Scan", "Parent Relationship": "Outer", "Index Name": "idx_lineitem_orderkey", "Startup Cost": 0.0, "Total Cost": 1.94, "Plan Rows": 9, "Plan Width": 0, "Actual Startup Time": 2428.769, "Actual Total Time": 2428.769, "Actual Rows": 2246588, "Actual Loops": 561612, "Index Cond": "(l_orderkey = orders.o_orderkey)"}]}]}]}]}, "Triggers": [], "Planner Runtime": 0, "Total Runtime": 6876.889, "Unique SQL Id": 3745551476}}, "(1, 36)": {"explain_plan": {"Plan": {"Node Type": "Sort", "Startup Cost": 916688.59, "Total Cost": 916688.6, "Plan Rows": 1, "Plan Width": 16, "Sort Key": ["orders.o_orderpriority"], "Plans": [{"Node Type": "Aggregate", "Strategy": "Hashed", "Parent Relationship": "Outer", "Startup Cost": 916688.57, "Total Cost": 916688.58, "Plan Rows": 1, "Plan Width": 16, "Group By Key": ["orders.o_orderpriority"], "Plans": [{"Node Type": "Nested Loop", "Parent Relationship": "Outer", "Join Type": "Semi", "Startup Cost": 14564.7, "Total Cost": 913841.52, "Plan Rows": 569410, "Plan Width": 16, "Inner Unique": false, "Plans": [{"Node Type": "Bitmap Heap Scan", "Parent Relationship": "Outer", "Relation Name": "orders", "Alias": "orders", "Startup Cost": 14564.7, "Total Cost": 299524.85, "Plan Rows": 569410, "Plan Width": 24, "Recheck Cond": "((o_orderdate >= '1995-01-01 00:00:00'::timestamp(0) without time zone) AND (o_orderdate < '1995-04-01 00:00:00'::timestamp without time zone)), (LLVM Optimized)", "Plans": [{"Node Type": "Bitmap Index Scan", "Parent Relationship": "Outer", "Index Name": "idx_orders_orderdate", "Startup Cost": 0.0, "Total Cost": 14422.35, "Plan Rows": 569410, "Plan Width": 0, "Index Cond": "((o_orderdate >= '1995-01-01 00:00:00'::timestamp(0) without time zone) AND (o_orderdate < '1995-04-01 00:00:00'::timestamp without time zone))"}]}, {"Node Type": "Index Scan", "Parent Relationship": "Inner", "Scan Direction": "Forward", "Index Name": "idx_lineitem_orderkey", "Relation Name": "lineitem", "Alias": "lineitem", "Startup Cost": 0.0, "Total Cost": 5.41, "Plan Rows": 3, "Plan Width": 8, "Index Cond": "(l_orderkey = orders.o_orderkey)", "Filter": "(l_commitdate < l_receiptdate)"}]}]}]}, "Unique SQL Id": 3745551476, "Planner Runtime": 0}, "explain_analyze_plan": {"Plan": {"Node Type": "Sort", "Startup Cost": 916688.59, "Total Cost": 916688.6, "Plan Rows": 1, "Plan Width": 16, "Actual Startup Time": 4955.529, "Actual Total Time": 4955.53, "Actual Rows": 5, "Actual Loops": 1, "Sort Key": ["orders.o_orderpriority"], "Sort Method": "quicksort", "Sort Space Used": 25, "Sort Space Type": "Memory", "Plans": [{"Node Type": "Aggregate", "Strategy": "Hashed", "Parent Relationship": "Outer", "Startup Cost": 916688.57, "Total Cost": 916688.58, "Plan Rows": 1, "Plan Width": 16, "Actual Startup Time": 4955.482, "Actual Total Time": 4955.483, "Actual Rows": 5, "Actual Loops": 1, "Group By Key": ["orders.o_orderpriority"], "Plans": [{"Node Type": "Nested Loop", "Parent Relationship": "Outer", "Join Type": "Semi", "Startup Cost": 14564.7, "Total Cost": 913841.52, "Plan Rows": 569410, "Plan Width": 16, "Actual Startup Time": 244.432, "Actual Total Time": 4673.233, "Actual Rows": 515106, "Actual Loops": 1, "Inner Unique": false, "Plans": [{"Node Type": "Bitmap Heap Scan", "Parent Relationship": "Outer", "Relation Name": "orders", "Alias": "orders", "Startup Cost": 14564.7, "Total Cost": 299524.85, "Plan Rows": 569410, "Plan Width": 24, "Actual Startup Time": 244.347, "Actual Total Time": 966.434, "Actual Rows": 561612, "Actual Loops": 1, "Recheck Cond": "((o_orderdate >= '1995-01-01 00:00:00'::timestamp(0) without time zone) AND (o_orderdate < '1995-04-01 00:00:00'::timestamp without time zone)), (LLVM Optimized, Jit Execute)", "Rows Removed by Index Recheck": 0, "Exact Heap Blocks": 241676, "Lossy Heap Blocks": 241676, "Plans": [{"Node Type": "Bitmap Index Scan", "Parent Relationship": "Outer", "Index Name": "idx_orders_orderdate", "Startup Cost": 0.0, "Total Cost": 14422.35, "Plan Rows": 569410, "Plan Width": 0, "Actual Startup Time": 169.789, "Actual Total Time": 169.789, "Actual Rows": 561612, "Actual Loops": 1, "Index Cond": "((o_orderdate >= '1995-01-01 00:00:00'::timestamp(0) without time zone) AND (o_orderdate < '1995-04-01 00:00:00'::timestamp without time zone))"}]}, {"Node Type": "Index Scan", "Parent Relationship": "Inner", "Scan Direction": "Forward", "Index Name": "idx_lineitem_orderkey", "Relation Name": "lineitem", "Alias": "lineitem", "Startup Cost": 0.0, "Total Cost": 5.41, "Plan Rows": 3, "Plan Width": 8, "Actual Startup Time": 3288.693, "Actual Total Time": 3288.693, "Actual Rows": 515106, "Actual Loops": 561612, "Index Cond": "(l_orderkey = orders.o_orderkey)", "Rows Removed by Index Recheck": 0, "Filter": "(l_commitdate < l_receiptdate)", "Rows Removed by Filter": 299676}]}]}]}, "Triggers": [], "Planner Runtime": 0, "Total Runtime": 4965.067, "Unique SQL Id": 3745551476}}, "(1, 37)": {"explain_plan": {"Plan": {"Node Type": "Sort", "Startup Cost": 916688.59, "Total Cost": 916688.6, "Plan Rows": 1, "Plan Width": 16, "Sort Key": ["orders.o_orderpriority"], "Plans": [{"Node Type": "Aggregate", "Strategy": "Hashed", "Parent Relationship": "Outer", "Startup Cost": 916688.57, "Total Cost": 916688.58, "Plan Rows": 1, "Plan Width": 16, "Group By Key": ["orders.o_orderpriority"], "Plans": [{"Node Type": "Nested Loop", "Parent Relationship": "Outer", "Join Type": "Semi", "Startup Cost": 14564.7, "Total Cost": 913841.52, "Plan Rows": 569410, "Plan Width": 16, "Inner Unique": false, "Plans": [{"Node Type": "Bitmap Heap Scan", "Parent Relationship": "Outer", "Relation Name": "orders", "Alias": "orders", "Startup Cost": 14564.7, "Total Cost": 299524.85, "Plan Rows": 569410, "Plan Width": 24, "Recheck Cond": "((o_orderdate >= '1995-01-01 00:00:00'::timestamp(0) without time zone) AND (o_orderdate < '1995-04-01 00:00:00'::timestamp without time zone)), (LLVM Optimized)", "Plans": [{"Node Type": "Bitmap Index Scan", "Parent Relationship": "Outer", "Index Name": "idx_orders_orderdate", "Startup Cost": 0.0, "Total Cost": 14422.35, "Plan Rows": 569410, "Plan Width": 0, "Index Cond": "((o_orderdate >= '1995-01-01 00:00:00'::timestamp(0) without time zone) AND (o_orderdate < '1995-04-01 00:00:00'::timestamp without time zone))"}]}, {"Node Type": "Index Scan", "Parent Relationship": "Inner", "Scan Direction": "Forward", "Index Name": "idx_lineitem_orderkey", "Relation Name": "lineitem", "Alias": "lineitem", "Startup Cost": 0.0, "Total Cost": 5.41, "Plan Rows": 3, "Plan Width": 8, "Index Cond": "(l_orderkey = orders.o_orderkey)", "Filter": "(l_commitdate < l_receiptdate)"}]}]}]}, "Unique SQL Id": 3745551476, "Planner Runtime": 0}, "explain_analyze_plan": {"Plan": {"Node Type": "Sort", "Startup Cost": 916688.59, "Total Cost": 916688.6, "Plan Rows": 1, "Plan Width": 16, "Actual Startup Time": 4955.529, "Actual Total Time": 4955.53, "Actual Rows": 5, "Actual Loops": 1, "Sort Key": ["orders.o_orderpriority"], "Sort Method": "quicksort", "Sort Space Used": 25, "Sort Space Type": "Memory", "Plans": [{"Node Type": "Aggregate", "Strategy": "Hashed", "Parent Relationship": "Outer", "Startup Cost": 916688.57, "Total Cost": 916688.58, "Plan Rows": 1, "Plan Width": 16, "Actual Startup Time": 4955.482, "Actual Total Time": 4955.483, "Actual Rows": 5, "Actual Loops": 1, "Group By Key": ["orders.o_orderpriority"], "Plans": [{"Node Type": "Nested Loop", "Parent Relationship": "Outer", "Join Type": "Semi", "Startup Cost": 14564.7, "Total Cost": 913841.52, "Plan Rows": 569410, "Plan Width": 16, "Actual Startup Time": 244.432, "Actual Total Time": 4673.233, "Actual Rows": 515106, "Actual Loops": 1, "Inner Unique": false, "Plans": [{"Node Type": "Bitmap Heap Scan", "Parent Relationship": "Outer", "Relation Name": "orders", "Alias": "orders", "Startup Cost": 14564.7, "Total Cost": 299524.85, "Plan Rows": 569410, "Plan Width": 24, "Actual Startup Time": 244.347, "Actual Total Time": 966.434, "Actual Rows": 561612, "Actual Loops": 1, "Recheck Cond": "((o_orderdate >= '1995-01-01 00:00:00'::timestamp(0) without time zone) AND (o_orderdate < '1995-04-01 00:00:00'::timestamp without time zone)), (LLVM Optimized, Jit Execute)", "Rows Removed by Index Recheck": 0, "Exact Heap Blocks": 241676, "Lossy Heap Blocks": 241676, "Plans": [{"Node Type": "Bitmap Index Scan", "Parent Relationship": "Outer", "Index Name": "idx_orders_orderdate", "Startup Cost": 0.0, "Total Cost": 14422.35, "Plan Rows": 569410, "Plan Width": 0, "Actual Startup Time": 169.789, "Actual Total Time": 169.789, "Actual Rows": 561612, "Actual Loops": 1, "Index Cond": "((o_orderdate >= '1995-01-01 00:00:00'::timestamp(0) without time zone) AND (o_orderdate < '1995-04-01 00:00:00'::timestamp without time zone))"}]}, {"Node Type": "Index Scan", "Parent Relationship": "Inner", "Scan Direction": "Forward", "Index Name": "idx_lineitem_orderkey", "Relation Name": "lineitem", "Alias": "lineitem", "Startup Cost": 0.0, "Total Cost": 5.41, "Plan Rows": 3, "Plan Width": 8, "Actual Startup Time": 3288.693, "Actual Total Time": 3288.693, "Actual Rows": 515106, "Actual Loops": 561612, "Index Cond": "(l_orderkey = orders.o_orderkey)", "Rows Removed by Index Recheck": 0, "Filter": "(l_commitdate < l_receiptdate)", "Rows Removed by Filter": 299676}]}]}]}, "Triggers": [], "Planner Runtime": 0, "Total Runtime": 4965.067, "Unique SQL Id": 3745551476}}, "(1, 38)": {"explain_plan": {"Plan": {"Node Type": "Sort", "Startup Cost": 2560249.27, "Total Cost": 2560249.28, "Plan Rows": 1, "Plan Width": 16, "Sort Key": ["orders.o_orderpriority"], "Plans": [{"Node Type": "Aggregate", "Strategy": "Hashed", "Parent Relationship": "Outer", "Startup Cost": 2560249.25, "Total Cost": 2560249.26, "Plan Rows": 1, "Plan Width": 16, "Group By Key": ["orders.o_orderpriority"], "Plans": [{"Node Type": "Hash Join", "Parent Relationship": "Outer", "Join Type": "Right Semi", "Startup Cost": 306642.48, "Total Cost": 2557402.2, "Plan Rows": 569410, "Plan Width": 16, "Inner Unique": true, "Hash Cond": "(lineitem.l_orderkey = orders.o_orderkey), (LLVM Optimized)", "Plans": [{"Node Type": "Seq Scan", "Parent Relationship": "Outer", "Relation Name": "lineitem", "Alias": "lineitem", "Startup Cost": 0.0, "Total Cost": 2165082.91, "Plan Rows": 19995678, "Plan Width": 8, "Filter": "(l_commitdate < l_receiptdate), (LLVM Optimized)"}, {"Node Type": "Hash", "Parent Relationship": "Inner", "Startup Cost": 299524.85, "Total Cost": 299524.85, "Plan Rows": 569410, "Plan Width": 24, "Plans": [{"Node Type": "Bitmap Heap Scan", "Parent Relationship": "Outer", "Relation Name": "orders", "Alias": "orders", "Startup Cost": 14564.7, "Total Cost": 299524.85, "Plan Rows": 569410, "Plan Width": 24, "Recheck Cond": "((o_orderdate >= '1995-01-01 00:00:00'::timestamp(0) without time zone) AND (o_orderdate < '1995-04-01 00:00:00'::timestamp without time zone)), (LLVM Optimized)", "Plans": [{"Node Type": "Bitmap Index Scan", "Parent Relationship": "Outer", "Index Name": "idx_orders_orderdate", "Startup Cost": 0.0, "Total Cost": 14422.35, "Plan Rows": 569410, "Plan Width": 0, "Index Cond": "((o_orderdate >= '1995-01-01 00:00:00'::timestamp(0) without time zone) AND (o_orderdate < '1995-04-01 00:00:00'::timestamp without time zone))"}]}]}]}]}]}, "Unique SQL Id": 3745551476, "Planner Runtime": 0}, "explain_analyze_plan": null}, "(1, 39)": {"explain_plan": {"Plan": {"Node Type": "Sort", "Startup Cost": 2781642.36, "Total Cost": 2781642.36, "Plan Rows": 1, "Plan Width": 16, "Sort Key": ["orders.o_orderpriority"], "Plans": [{"Node Type": "Aggregate", "Strategy": "Hashed", "Parent Relationship": "Outer", "Startup Cost": 2781642.34, "Total Cost": 2781642.35, "Plan Rows": 1, "Plan Width": 16, "Group By Key": ["orders.o_orderpriority"], "Plans": [{"Node Type": "Nested Loop", "Parent Relationship": "Outer", "Join Type": "Semi", "Startup Cost": 14566.65, "Total Cost": 2778795.29, "Plan Rows": 569410, "Plan Width": 16, "Inner Unique": false, "Plans": [{"Node Type": "Bitmap Heap Scan", "Parent Relationship": "Outer", "Relation Name": "orders", "Alias": "orders", "Startup Cost": 14564.7, "Total Cost": 299524.85, "Plan Rows": 569410, "Plan Width": 24, "Recheck Cond": "((o_orderdate >= '1995-01-01 00:00:00'::timestamp(0) without time zone) AND (o_orderdate < '1995-04-01 00:00:00'::timestamp without time zone)), (LLVM Optimized)", "Plans": [{"Node Type": "Bitmap Index Scan", "Parent Relationship": "Outer", "Index Name": "idx_orders_orderdate", "Startup Cost": 0.0, "Total Cost": 14422.35, "Plan Rows": 569410, "Plan Width": 0, "Index Cond": "((o_orderdate >= '1995-01-01 00:00:00'::timestamp(0) without time zone) AND (o_orderdate < '1995-04-01 00:00:00'::timestamp without time zone))"}]}, {"Node Type": "Bitmap Heap Scan", "Parent Relationship": "Inner", "Relation Name": "lineitem", "Alias": "lineitem", "Startup Cost": 1.94, "Total Cost": 14.06, "Plan Rows": 3, "Plan Width": 8, "Recheck Cond": "(l_orderkey = orders.o_orderkey)", "Filter": "(l_commitdate < l_receiptdate)", "Plans": [{"Node Type": "Bitmap Index Scan", "Parent Relationship": "Outer", "Index Name": "idx_lineitem_orderkey", "Startup Cost": 0.0, "Total Cost": 1.94, "Plan Rows": 9, "Plan Width": 0, "Index Cond": "(l_orderkey = orders.o_orderkey)"}]}]}]}]}, "Unique SQL Id": 3745551476, "Planner Runtime": 0}, "explain_analyze_plan": {"Plan": {"Node Type": "Sort", "Startup Cost": 2781642.36, "Total Cost": 2781642.36, "Plan Rows": 1, "Plan Width": 16, "Actual Startup Time": 6863.223, "Actual Total Time": 6863.225, "Actual Rows": 5, "Actual Loops": 1, "Sort Key": ["orders.o_orderpriority"], "Sort Method": "quicksort", "Sort Space Used": 25, "Sort Space Type": "Memory", "Plans": [{"Node Type": "Aggregate", "Strategy": "Hashed", "Parent Relationship": "Outer", "Startup Cost": 2781642.34, "Total Cost": 2781642.35, "Plan Rows": 1, "Plan Width": 16, "Actual Startup Time": 6863.09, "Actual Total Time": 6863.105, "Actual Rows": 5, "Actual Loops": 1, "Group By Key": ["orders.o_orderpriority"], "Plans": [{"Node Type": "Nested Loop", "Parent Relationship": "Outer", "Join Type": "Semi", "Startup Cost": 14566.65, "Total Cost": 2778795.29, "Plan Rows": 569410, "Plan Width": 16, "Actual Startup Time": 247.984, "Actual Total Time": 6556.711, "Actual Rows": 515106, "Actual Loops": 1, "Inner Unique": false, "Plans": [{"Node Type": "Bitmap Heap Scan", "Parent Relationship": "Outer", "Relation Name": "orders", "Alias": "orders", "Startup Cost": 14564.7, "Total Cost": 299524.85, "Plan Rows": 569410, "Plan Width": 24, "Actual Startup Time": 247.881, "Actual Total Time": 1049.55, "Actual Rows": 561612, "Actual Loops": 1, "Recheck Cond": "((o_orderdate >= '1995-01-01 00:00:00'::timestamp(0) without time zone) AND (o_orderdate < '1995-04-01 00:00:00'::timestamp without time zone)), (LLVM Optimized, Jit Execute)", "Rows Removed by Index Recheck": 0, "Exact Heap Blocks": 241676, "Lossy Heap Blocks": 241676, "Plans": [{"Node Type": "Bitmap Index Scan", "Parent Relationship": "Outer", "Index Name": "idx_orders_orderdate", "Startup Cost": 0.0, "Total Cost": 14422.35, "Plan Rows": 569410, "Plan Width": 0, "Actual Startup Time": 172.696, "Actual Total Time": 172.696, "Actual Rows": 561612, "Actual Loops": 1, "Index Cond": "((o_orderdate >= '1995-01-01 00:00:00'::timestamp(0) without time zone) AND (o_orderdate < '1995-04-01 00:00:00'::timestamp without time zone))"}]}, {"Node Type": "Bitmap Heap Scan", "Parent Relationship": "Inner", "Relation Name": "lineitem", "Alias": "lineitem", "Startup Cost": 1.94, "Total Cost": 14.06, "Plan Rows": 3, "Plan Width": 8, "Actual Startup Time": 4756.399, "Actual Total Time": 4756.399, "Actual Rows": 515106, "Actual Loops": 561612, "Recheck Cond": "(l_orderkey = orders.o_orderkey)", "Rows Removed by Index Recheck": 0, "Filter": "(l_commitdate < l_receiptdate)", "Rows Removed by Filter": 299676, "Exact Heap Blocks": 567798, "Lossy Heap Blocks": 567798, "Plans": [{"Node Type": "Bitmap Index Scan", "Parent Relationship": "Outer", "Index Name": "idx_lineitem_orderkey", "Startup Cost": 0.0, "Total Cost": 1.94, "Plan Rows": 9, "Plan Width": 0, "Actual Startup Time": 2428.769, "Actual Total Time": 2428.769, "Actual Rows": 2246588, "Actual Loops": 561612, "Index Cond": "(l_orderkey = orders.o_orderkey)"}]}]}]}]}, "Triggers": [], "Planner Runtime": 0, "Total Runtime": 6876.889, "Unique SQL Id": 3745551476}}, "(1, 40)": {"explain_plan": {"Plan": {"Node Type": "Sort", "Startup Cost": 1118574.92, "Total Cost": 1118574.93, "Plan Rows": 1, "Plan Width": 16, "Sort Key": ["orders.o_orderpriority"], "Plans": [{"Node Type": "Aggregate", "Strategy": "Hashed", "Parent Relationship": "Outer", "Startup Cost": 1118574.9, "Total Cost": 1118574.91, "Plan Rows": 1, "Plan Width": 16, "Group By Key": ["orders.o_orderpriority"], "Plans": [{"Node Type": "Nested Loop", "Parent Relationship": "Outer", "Join Type": "Semi", "Startup Cost": 411.57, "Total Cost": 1115727.85, "Plan Rows": 569410, "Plan Width": 16, "Inner Unique": false, "Plans": [{"Node Type": "Seq Scan", "Parent Relationship": "Outer", "Relation Name": "orders", "Alias": "orders", "Startup Cost": 411.57, "Total Cost": 501411.18, "Plan Rows": 569410, "Plan Width": 24, "Filter": "((o_orderdate >= '1995-01-01 00:00:00'::timestamp(0) without time zone) AND (o_orderdate < '1995-04-01 00:00:00'::timestamp without time zone)), (LLVM Optimized)"}, {"Node Type": "Index Scan", "Parent Relationship": "Inner", "Scan Direction": "Forward", "Index Name": "idx_lineitem_orderkey", "Relation Name": "lineitem", "Alias": "lineitem", "Startup Cost": 0.0, "Total Cost": 5.41, "Plan Rows": 3, "Plan Width": 8, "Index Cond": "(l_orderkey = orders.o_orderkey)", "Filter": "(l_commitdate < l_receiptdate)"}]}]}]}, "Unique SQL Id": 3745551476, "Planner Runtime": 0}, "explain_analyze_plan": {"Plan": {"Node Type": "Sort", "Startup Cost": 1118574.92, "Total Cost": 1118574.93, "Plan Rows": 1, "Plan Width": 16, "Actual Startup Time": 8906.643, "Actual Total Time": 8906.643, "Actual Rows": 5, "Actual Loops": 1, "Sort Key": ["orders.o_orderpriority"], "Sort Method": "quicksort", "Sort Space Used": 25, "Sort Space Type": "Memory", "Plans": [{"Node Type": "Aggregate", "Strategy": "Hashed", "Parent Relationship": "Outer", "Startup Cost": 1118574.9, "Total Cost": 1118574.91, "Plan Rows": 1, "Plan Width": 16, "Actual Startup Time": 8906.597, "Actual Total Time": 8906.6, "Actual Rows": 5, "Actual Loops": 1, "Group By Key": ["orders.o_orderpriority"], "Plans": [{"Node Type": "Nested Loop", "Parent Relationship": "Outer", "Join Type": "Semi", "Startup Cost": 411.57, "Total Cost": 1115727.85, "Plan Rows": 569410, "Plan Width": 16, "Actual Startup Time": 0.057, "Actual Total Time": 8627.866, "Actual Rows": 515106, "Actual Loops": 1, "Inner Unique": false, "Plans": [{"Node Type": "Seq Scan", "Parent Relationship": "Outer", "Relation Name": "orders", "Alias": "orders", "Startup Cost": 411.57, "Total Cost": 501411.18, "Plan Rows": 569410, "Plan Width": 24, "Actual Startup Time": 0.032, "Actual Total Time": 4710.886, "Actual Rows": 561612, "Actual Loops": 1, "Filter": "((o_orderdate >= '1995-01-01 00:00:00'::timestamp(0) without time zone) AND (o_orderdate < '1995-04-01 00:00:00'::timestamp without time zone)), (LLVM Optimized, Jit Execute)", "Rows Removed by Filter": 14438388}, {"Node Type": "Index Scan", "Parent Relationship": "Inner", "Scan Direction": "Forward", "Index Name": "idx_lineitem_orderkey", "Relation Name": "lineitem", "Alias": "lineitem", "Startup Cost": 0.0, "Total Cost": 5.41, "Plan Rows": 3, "Plan Width": 8, "Actual Startup Time": 3494.355, "Actual Total Time": 3494.355, "Actual Rows": 515106, "Actual Loops": 561612, "Index Cond": "(l_orderkey = orders.o_orderkey)", "Rows Removed by Index Recheck": 0, "Filter": "(l_commitdate < l_receiptdate)", "Rows Removed by Filter": 299676}]}]}]}, "Triggers": [], "Planner Runtime": 0, "Total Runtime": 8915.682, "Unique SQL Id": 3745551476}}, "(1, 41)": {"explain_plan": {"Plan": {"Node Type": "Sort", "Startup Cost": 1423139.57, "Total Cost": 1423139.57, "Plan Rows": 1, "Plan Width": 16, "Sort Key": ["orders.o_orderpriority"], "Plans": [{"Node Type": "Aggregate", "Strategy": "Hashed", "Parent Relationship": "Outer", "Startup Cost": 1423139.55, "Total Cost": 1423139.56, "Plan Rows": 1, "Plan Width": 16, "Group By Key": ["orders.o_orderpriority"], "Plans": [{"Node Type": "Nested Loop", "Parent Relationship": "Outer", "Join Type": "Semi", "Startup Cost": 0.0, "Total Cost": 1420292.5, "Plan Rows": 569410, "Plan Width": 16, "Inner Unique": false, "Plans": [{"Node Type": "Index Scan", "Parent Relationship": "Outer", "Scan Direction": "Forward", "Index Name": "orders_pkey", "Relation Name": "orders", "Alias": "orders", "Startup Cost": 0.0, "Total Cost": 805975.83, "Plan Rows": 569410, "Plan Width": 24, "Filter": "((o_orderdate >= '1995-01-01 00:00:00'::timestamp(0) without time zone) AND (o_orderdate < '1995-04-01 00:00:00'::timestamp without time zone)), (LLVM Optimized)"}, {"Node Type": "Index Scan", "Parent Relationship": "Inner", "Scan Direction": "Forward", "Index Name": "idx_lineitem_orderkey", "Relation Name": "lineitem", "Alias": "lineitem", "Startup Cost": 0.0, "Total Cost": 5.41, "Plan Rows": 3, "Plan Width": 8, "Index Cond": "(l_orderkey = orders.o_orderkey)", "Filter": "(l_commitdate < l_receiptdate)"}]}]}]}, "Unique SQL Id": 3745551476, "Planner Runtime": 0}, "explain_analyze_plan": null}, "(1, 42)": {"explain_plan": {"Plan": {"Node Type": "Sort", "Startup Cost": 2762135.61, "Total Cost": 2762135.61, "Plan Rows": 1, "Plan Width": 16, "Sort Key": ["orders.o_orderpriority"], "Plans": [{"Node Type": "Aggregate", "Strategy": "Hashed", "Parent Relationship": "Outer", "Startup Cost": 2762135.59, "Total Cost": 2762135.6, "Plan Rows": 1, "Plan Width": 16, "Group By Key": ["orders.o_orderpriority"], "Plans": [{"Node Type": "Hash Join", "Parent Relationship": "Outer", "Join Type": "Right Semi", "Startup Cost": 508528.81, "Total Cost": 2759288.54, "Plan Rows": 569410, "Plan Width": 16, "Inner Unique": true, "Hash Cond": "(lineitem.l_orderkey = orders.o_orderkey), (LLVM Optimized)", "Plans": [{"Node Type": "Seq Scan", "Parent Relationship": "Outer", "Relation Name": "lineitem", "Alias": "lineitem", "Startup Cost": 0.0, "Total Cost": 2165082.91, "Plan Rows": 19995678, "Plan Width": 8, "Filter": "(l_commitdate < l_receiptdate), (LLVM Optimized)"}, {"Node Type": "Hash", "Parent Relationship": "Inner", "Startup Cost": 501411.18, "Total Cost": 501411.18, "Plan Rows": 569410, "Plan Width": 24, "Plans": [{"Node Type": "Seq Scan", "Parent Relationship": "Outer", "Relation Name": "orders", "Alias": "orders", "Startup Cost": 411.57, "Total Cost": 501411.18, "Plan Rows": 569410, "Plan Width": 24, "Filter": "((o_orderdate >= '1995-01-01 00:00:00'::timestamp(0) without time zone) AND (o_orderdate < '1995-04-01 00:00:00'::timestamp without time zone)), (LLVM Optimized)"}]}]}]}]}, "Unique SQL Id": 3745551476, "Planner Runtime": 0}, "explain_analyze_plan": null}, "(1, 43)": {"explain_plan": {"Plan": {"Node Type": "Sort", "Startup Cost": 2000419705357.26, "Total Cost": 2000419705357.26, "Plan Rows": 1, "Plan Width": 16, "Sort Key": ["orders.o_orderpriority"], "Plans": [{"Node Type": "Aggregate", "Strategy": "Hashed", "Parent Relationship": "Outer", "Startup Cost": 2000419705357.24, "Total Cost": 2000419705357.25, "Plan Rows": 1, "Plan Width": 16, "Group By Key": ["orders.o_orderpriority"], "Plans": [{"Node Type": "Hash Join", "Parent Relationship": "Outer", "Join Type": "Right Semi", "Startup Cost": 1010080604700.62, "Total Cost": 2000419702510.19, "Plan Rows": 569410, "Plan Width": 16, "Inner Unique": true, "Hash Cond": "(lineitem.l_orderkey = orders.o_orderkey), (LLVM Optimized)", "Plans": [{"Node Type": "Index Scan", "Parent Relationship": "Outer", "Scan Direction": "Forward", "Index Name": "idx_lineitem_orderkey", "Relation Name": "lineitem", "Alias": "lineitem", "Startup Cost": 10000000000.0, "Total Cost": 1000339012132.75, "Plan Rows": 19995678, "Plan Width": 8, "Filter": "(l_commitdate < l_receiptdate), (LLVM Optimized)"}, {"Node Type": "Hash", "Parent Relationship": "Inner", "Startup Cost": 1000080597583.0, "Total Cost": 1000080597583.0, "Plan Rows": 569410, "Plan Width": 24, "Plans": [{"Node Type": "Index Scan", "Parent Relationship": "Outer", "Scan Direction": "Forward", "Index Name": "orders_pkey", "Relation Name": "orders", "Alias": "orders", "Startup Cost": 10000000000.0, "Total Cost": 1000080597583.0, "Plan Rows": 569410, "Plan Width": 24, "Filter": "((o_orderdate >= '1995-01-01 00:00:00'::timestamp(0) without time zone) AND (o_orderdate < '1995-04-01 00:00:00'::timestamp without time zone)), (LLVM Optimized)"}]}]}]}]}, "Unique SQL Id": 3745551476, "Planner Runtime": 0}, "explain_analyze_plan": null}, "(1, 44)": {"explain_plan": {"Plan": {"Node Type": "Sort", "Startup Cost": 1118574.92, "Total Cost": 1118574.93, "Plan Rows": 1, "Plan Width": 16, "Sort Key": ["orders.o_orderpriority"], "Plans": [{"Node Type": "Aggregate", "Strategy": "Hashed", "Parent Relationship": "Outer", "Startup Cost": 1118574.9, "Total Cost": 1118574.91, "Plan Rows": 1, "Plan Width": 16, "Group By Key": ["orders.o_orderpriority"], "Plans": [{"Node Type": "Nested Loop", "Parent Relationship": "Outer", "Join Type": "Semi", "Startup Cost": 411.57, "Total Cost": 1115727.85, "Plan Rows": 569410, "Plan Width": 16, "Inner Unique": false, "Plans": [{"Node Type": "Seq Scan", "Parent Relationship": "Outer", "Relation Name": "orders", "Alias": "orders", "Startup Cost": 411.57, "Total Cost": 501411.18, "Plan Rows": 569410, "Plan Width": 24, "Filter": "((o_orderdate >= '1995-01-01 00:00:00'::timestamp(0) without time zone) AND (o_orderdate < '1995-04-01 00:00:00'::timestamp without time zone)), (LLVM Optimized)"}, {"Node Type": "Index Scan", "Parent Relationship": "Inner", "Scan Direction": "Forward", "Index Name": "idx_lineitem_orderkey", "Relation Name": "lineitem", "Alias": "lineitem", "Startup Cost": 0.0, "Total Cost": 5.41, "Plan Rows": 3, "Plan Width": 8, "Index Cond": "(l_orderkey = orders.o_orderkey)", "Filter": "(l_commitdate < l_receiptdate)"}]}]}]}, "Unique SQL Id": 3745551476, "Planner Runtime": 0}, "explain_analyze_plan": {"Plan": {"Node Type": "Sort", "Startup Cost": 1118574.92, "Total Cost": 1118574.93, "Plan Rows": 1, "Plan Width": 16, "Actual Startup Time": 8906.643, "Actual Total Time": 8906.643, "Actual Rows": 5, "Actual Loops": 1, "Sort Key": ["orders.o_orderpriority"], "Sort Method": "quicksort", "Sort Space Used": 25, "Sort Space Type": "Memory", "Plans": [{"Node Type": "Aggregate", "Strategy": "Hashed", "Parent Relationship": "Outer", "Startup Cost": 1118574.9, "Total Cost": 1118574.91, "Plan Rows": 1, "Plan Width": 16, "Actual Startup Time": 8906.597, "Actual Total Time": 8906.6, "Actual Rows": 5, "Actual Loops": 1, "Group By Key": ["orders.o_orderpriority"], "Plans": [{"Node Type": "Nested Loop", "Parent Relationship": "Outer", "Join Type": "Semi", "Startup Cost": 411.57, "Total Cost": 1115727.85, "Plan Rows": 569410, "Plan Width": 16, "Actual Startup Time": 0.057, "Actual Total Time": 8627.866, "Actual Rows": 515106, "Actual Loops": 1, "Inner Unique": false, "Plans": [{"Node Type": "Seq Scan", "Parent Relationship": "Outer", "Relation Name": "orders", "Alias": "orders", "Startup Cost": 411.57, "Total Cost": 501411.18, "Plan Rows": 569410, "Plan Width": 24, "Actual Startup Time": 0.032, "Actual Total Time": 4710.886, "Actual Rows": 561612, "Actual Loops": 1, "Filter": "((o_orderdate >= '1995-01-01 00:00:00'::timestamp(0) without time zone) AND (o_orderdate < '1995-04-01 00:00:00'::timestamp without time zone)), (LLVM Optimized, Jit Execute)", "Rows Removed by Filter": 14438388}, {"Node Type": "Index Scan", "Parent Relationship": "Inner", "Scan Direction": "Forward", "Index Name": "idx_lineitem_orderkey", "Relation Name": "lineitem", "Alias": "lineitem", "Startup Cost": 0.0, "Total Cost": 5.41, "Plan Rows": 3, "Plan Width": 8, "Actual Startup Time": 3494.355, "Actual Total Time": 3494.355, "Actual Rows": 515106, "Actual Loops": 561612, "Index Cond": "(l_orderkey = orders.o_orderkey)", "Rows Removed by Index Recheck": 0, "Filter": "(l_commitdate < l_receiptdate)", "Rows Removed by Filter": 299676}]}]}]}, "Triggers": [], "Planner Runtime": 0, "Total Runtime": 8915.682, "Unique SQL Id": 3745551476}}, "(1, 45)": {"explain_plan": {"Plan": {"Node Type": "Sort", "Startup Cost": 1423139.57, "Total Cost": 1423139.57, "Plan Rows": 1, "Plan Width": 16, "Sort Key": ["orders.o_orderpriority"], "Plans": [{"Node Type": "Aggregate", "Strategy": "Hashed", "Parent Relationship": "Outer", "Startup Cost": 1423139.55, "Total Cost": 1423139.56, "Plan Rows": 1, "Plan Width": 16, "Group By Key": ["orders.o_orderpriority"], "Plans": [{"Node Type": "Nested Loop", "Parent Relationship": "Outer", "Join Type": "Semi", "Startup Cost": 0.0, "Total Cost": 1420292.5, "Plan Rows": 569410, "Plan Width": 16, "Inner Unique": false, "Plans": [{"Node Type": "Index Scan", "Parent Relationship": "Outer", "Scan Direction": "Forward", "Index Name": "orders_pkey", "Relation Name": "orders", "Alias": "orders", "Startup Cost": 0.0, "Total Cost": 805975.83, "Plan Rows": 569410, "Plan Width": 24, "Filter": "((o_orderdate >= '1995-01-01 00:00:00'::timestamp(0) without time zone) AND (o_orderdate < '1995-04-01 00:00:00'::timestamp without time zone)), (LLVM Optimized)"}, {"Node Type": "Index Scan", "Parent Relationship": "Inner", "Scan Direction": "Forward", "Index Name": "idx_lineitem_orderkey", "Relation Name": "lineitem", "Alias": "lineitem", "Startup Cost": 0.0, "Total Cost": 5.41, "Plan Rows": 3, "Plan Width": 8, "Index Cond": "(l_orderkey = orders.o_orderkey)", "Filter": "(l_commitdate < l_receiptdate)"}]}]}]}, "Unique SQL Id": 3745551476, "Planner Runtime": 0}, "explain_analyze_plan": null}, "(1, 46)": {"explain_plan": {"Plan": {"Node Type": "Sort", "Startup Cost": 2762135.61, "Total Cost": 2762135.61, "Plan Rows": 1, "Plan Width": 16, "Sort Key": ["orders.o_orderpriority"], "Plans": [{"Node Type": "Aggregate", "Strategy": "Hashed", "Parent Relationship": "Outer", "Startup Cost": 2762135.59, "Total Cost": 2762135.6, "Plan Rows": 1, "Plan Width": 16, "Group By Key": ["orders.o_orderpriority"], "Plans": [{"Node Type": "Hash Join", "Parent Relationship": "Outer", "Join Type": "Right Semi", "Startup Cost": 508528.81, "Total Cost": 2759288.54, "Plan Rows": 569410, "Plan Width": 16, "Inner Unique": true, "Hash Cond": "(lineitem.l_orderkey = orders.o_orderkey), (LLVM Optimized)", "Plans": [{"Node Type": "Seq Scan", "Parent Relationship": "Outer", "Relation Name": "lineitem", "Alias": "lineitem", "Startup Cost": 0.0, "Total Cost": 2165082.91, "Plan Rows": 19995678, "Plan Width": 8, "Filter": "(l_commitdate < l_receiptdate), (LLVM Optimized)"}, {"Node Type": "Hash", "Parent Relationship": "Inner", "Startup Cost": 501411.18, "Total Cost": 501411.18, "Plan Rows": 569410, "Plan Width": 24, "Plans": [{"Node Type": "Seq Scan", "Parent Relationship": "Outer", "Relation Name": "orders", "Alias": "orders", "Startup Cost": 411.57, "Total Cost": 501411.18, "Plan Rows": 569410, "Plan Width": 24, "Filter": "((o_orderdate >= '1995-01-01 00:00:00'::timestamp(0) without time zone) AND (o_orderdate < '1995-04-01 00:00:00'::timestamp without time zone)), (LLVM Optimized)"}]}]}]}]}, "Unique SQL Id": 3745551476, "Planner Runtime": 0}, "explain_analyze_plan": null}, "(1, 47)": {"explain_plan": {"Plan": {"Node Type": "Sort", "Startup Cost": 2000419705357.26, "Total Cost": 2000419705357.26, "Plan Rows": 1, "Plan Width": 16, "Sort Key": ["orders.o_orderpriority"], "Plans": [{"Node Type": "Aggregate", "Strategy": "Hashed", "Parent Relationship": "Outer", "Startup Cost": 2000419705357.24, "Total Cost": 2000419705357.25, "Plan Rows": 1, "Plan Width": 16, "Group By Key": ["orders.o_orderpriority"], "Plans": [{"Node Type": "Hash Join", "Parent Relationship": "Outer", "Join Type": "Right Semi", "Startup Cost": 1010080604700.62, "Total Cost": 2000419702510.19, "Plan Rows": 569410, "Plan Width": 16, "Inner Unique": true, "Hash Cond": "(lineitem.l_orderkey = orders.o_orderkey), (LLVM Optimized)", "Plans": [{"Node Type": "Index Scan", "Parent Relationship": "Outer", "Scan Direction": "Forward", "Index Name": "idx_lineitem_orderkey", "Relation Name": "lineitem", "Alias": "lineitem", "Startup Cost": 10000000000.0, "Total Cost": 1000339012132.75, "Plan Rows": 19995678, "Plan Width": 8, "Filter": "(l_commitdate < l_receiptdate), (LLVM Optimized)"}, {"Node Type": "Hash", "Parent Relationship": "Inner", "Startup Cost": 1000080597583.0, "Total Cost": 1000080597583.0, "Plan Rows": 569410, "Plan Width": 24, "Plans": [{"Node Type": "Index Scan", "Parent Relationship": "Outer", "Scan Direction": "Forward", "Index Name": "orders_pkey", "Relation Name": "orders", "Alias": "orders", "Startup Cost": 10000000000.0, "Total Cost": 1000080597583.0, "Plan Rows": 569410, "Plan Width": 24, "Filter": "((o_orderdate >= '1995-01-01 00:00:00'::timestamp(0) without time zone) AND (o_orderdate < '1995-04-01 00:00:00'::timestamp without time zone)), (LLVM Optimized)"}]}]}]}]}, "Unique SQL Id": 3745551476, "Planner Runtime": 0}, "explain_analyze_plan": null}, "(1, 48)": {"explain_plan": {"Plan": {"Node Type": "Sort", "Startup Cost": 916688.59, "Total Cost": 916688.6, "Plan Rows": 1, "Plan Width": 16, "Sort Key": ["orders.o_orderpriority"], "Plans": [{"Node Type": "Aggregate", "Strategy": "Hashed", "Parent Relationship": "Outer", "Startup Cost": 916688.57, "Total Cost": 916688.58, "Plan Rows": 1, "Plan Width": 16, "Group By Key": ["orders.o_orderpriority"], "Plans": [{"Node Type": "Nested Loop", "Parent Relationship": "Outer", "Join Type": "Semi", "Startup Cost": 14564.7, "Total Cost": 913841.52, "Plan Rows": 569410, "Plan Width": 16, "Inner Unique": false, "Plans": [{"Node Type": "Bitmap Heap Scan", "Parent Relationship": "Outer", "Relation Name": "orders", "Alias": "orders", "Startup Cost": 14564.7, "Total Cost": 299524.85, "Plan Rows": 569410, "Plan Width": 24, "Recheck Cond": "((o_orderdate >= '1995-01-01 00:00:00'::timestamp(0) without time zone) AND (o_orderdate < '1995-04-01 00:00:00'::timestamp without time zone)), (LLVM Optimized)", "Plans": [{"Node Type": "Bitmap Index Scan", "Parent Relationship": "Outer", "Index Name": "idx_orders_orderdate", "Startup Cost": 0.0, "Total Cost": 14422.35, "Plan Rows": 569410, "Plan Width": 0, "Index Cond": "((o_orderdate >= '1995-01-01 00:00:00'::timestamp(0) without time zone) AND (o_orderdate < '1995-04-01 00:00:00'::timestamp without time zone))"}]}, {"Node Type": "Index Scan", "Parent Relationship": "Inner", "Scan Direction": "Forward", "Index Name": "idx_lineitem_orderkey", "Relation Name": "lineitem", "Alias": "lineitem", "Startup Cost": 0.0, "Total Cost": 5.41, "Plan Rows": 3, "Plan Width": 8, "Index Cond": "(l_orderkey = orders.o_orderkey)", "Filter": "(l_commitdate < l_receiptdate)"}]}]}]}, "Unique SQL Id": 3745551476, "Planner Runtime": 0}, "explain_analyze_plan": {"Plan": {"Node Type": "Sort", "Startup Cost": 916688.59, "Total Cost": 916688.6, "Plan Rows": 1, "Plan Width": 16, "Actual Startup Time": 4955.529, "Actual Total Time": 4955.53, "Actual Rows": 5, "Actual Loops": 1, "Sort Key": ["orders.o_orderpriority"], "Sort Method": "quicksort", "Sort Space Used": 25, "Sort Space Type": "Memory", "Plans": [{"Node Type": "Aggregate", "Strategy": "Hashed", "Parent Relationship": "Outer", "Startup Cost": 916688.57, "Total Cost": 916688.58, "Plan Rows": 1, "Plan Width": 16, "Actual Startup Time": 4955.482, "Actual Total Time": 4955.483, "Actual Rows": 5, "Actual Loops": 1, "Group By Key": ["orders.o_orderpriority"], "Plans": [{"Node Type": "Nested Loop", "Parent Relationship": "Outer", "Join Type": "Semi", "Startup Cost": 14564.7, "Total Cost": 913841.52, "Plan Rows": 569410, "Plan Width": 16, "Actual Startup Time": 244.432, "Actual Total Time": 4673.233, "Actual Rows": 515106, "Actual Loops": 1, "Inner Unique": false, "Plans": [{"Node Type": "Bitmap Heap Scan", "Parent Relationship": "Outer", "Relation Name": "orders", "Alias": "orders", "Startup Cost": 14564.7, "Total Cost": 299524.85, "Plan Rows": 569410, "Plan Width": 24, "Actual Startup Time": 244.347, "Actual Total Time": 966.434, "Actual Rows": 561612, "Actual Loops": 1, "Recheck Cond": "((o_orderdate >= '1995-01-01 00:00:00'::timestamp(0) without time zone) AND (o_orderdate < '1995-04-01 00:00:00'::timestamp without time zone)), (LLVM Optimized, Jit Execute)", "Rows Removed by Index Recheck": 0, "Exact Heap Blocks": 241676, "Lossy Heap Blocks": 241676, "Plans": [{"Node Type": "Bitmap Index Scan", "Parent Relationship": "Outer", "Index Name": "idx_orders_orderdate", "Startup Cost": 0.0, "Total Cost": 14422.35, "Plan Rows": 569410, "Plan Width": 0, "Actual Startup Time": 169.789, "Actual Total Time": 169.789, "Actual Rows": 561612, "Actual Loops": 1, "Index Cond": "((o_orderdate >= '1995-01-01 00:00:00'::timestamp(0) without time zone) AND (o_orderdate < '1995-04-01 00:00:00'::timestamp without time zone))"}]}, {"Node Type": "Index Scan", "Parent Relationship": "Inner", "Scan Direction": "Forward", "Index Name": "idx_lineitem_orderkey", "Relation Name": "lineitem", "Alias": "lineitem", "Startup Cost": 0.0, "Total Cost": 5.41, "Plan Rows": 3, "Plan Width": 8, "Actual Startup Time": 3288.693, "Actual Total Time": 3288.693, "Actual Rows": 515106, "Actual Loops": 561612, "Index Cond": "(l_orderkey = orders.o_orderkey)", "Rows Removed by Index Recheck": 0, "Filter": "(l_commitdate < l_receiptdate)", "Rows Removed by Filter": 299676}]}]}]}, "Triggers": [], "Planner Runtime": 0, "Total Runtime": 4965.067, "Unique SQL Id": 3745551476}}, "(1, 49)": {"explain_plan": {"Plan": {"Node Type": "Sort", "Startup Cost": 916688.59, "Total Cost": 916688.6, "Plan Rows": 1, "Plan Width": 16, "Sort Key": ["orders.o_orderpriority"], "Plans": [{"Node Type": "Aggregate", "Strategy": "Hashed", "Parent Relationship": "Outer", "Startup Cost": 916688.57, "Total Cost": 916688.58, "Plan Rows": 1, "Plan Width": 16, "Group By Key": ["orders.o_orderpriority"], "Plans": [{"Node Type": "Nested Loop", "Parent Relationship": "Outer", "Join Type": "Semi", "Startup Cost": 14564.7, "Total Cost": 913841.52, "Plan Rows": 569410, "Plan Width": 16, "Inner Unique": false, "Plans": [{"Node Type": "Bitmap Heap Scan", "Parent Relationship": "Outer", "Relation Name": "orders", "Alias": "orders", "Startup Cost": 14564.7, "Total Cost": 299524.85, "Plan Rows": 569410, "Plan Width": 24, "Recheck Cond": "((o_orderdate >= '1995-01-01 00:00:00'::timestamp(0) without time zone) AND (o_orderdate < '1995-04-01 00:00:00'::timestamp without time zone)), (LLVM Optimized)", "Plans": [{"Node Type": "Bitmap Index Scan", "Parent Relationship": "Outer", "Index Name": "idx_orders_orderdate", "Startup Cost": 0.0, "Total Cost": 14422.35, "Plan Rows": 569410, "Plan Width": 0, "Index Cond": "((o_orderdate >= '1995-01-01 00:00:00'::timestamp(0) without time zone) AND (o_orderdate < '1995-04-01 00:00:00'::timestamp without time zone))"}]}, {"Node Type": "Index Scan", "Parent Relationship": "Inner", "Scan Direction": "Forward", "Index Name": "idx_lineitem_orderkey", "Relation Name": "lineitem", "Alias": "lineitem", "Startup Cost": 0.0, "Total Cost": 5.41, "Plan Rows": 3, "Plan Width": 8, "Index Cond": "(l_orderkey = orders.o_orderkey)", "Filter": "(l_commitdate < l_receiptdate)"}]}]}]}, "Unique SQL Id": 3745551476, "Planner Runtime": 0}, "explain_analyze_plan": {"Plan": {"Node Type": "Sort", "Startup Cost": 916688.59, "Total Cost": 916688.6, "Plan Rows": 1, "Plan Width": 16, "Actual Startup Time": 4955.529, "Actual Total Time": 4955.53, "Actual Rows": 5, "Actual Loops": 1, "Sort Key": ["orders.o_orderpriority"], "Sort Method": "quicksort", "Sort Space Used": 25, "Sort Space Type": "Memory", "Plans": [{"Node Type": "Aggregate", "Strategy": "Hashed", "Parent Relationship": "Outer", "Startup Cost": 916688.57, "Total Cost": 916688.58, "Plan Rows": 1, "Plan Width": 16, "Actual Startup Time": 4955.482, "Actual Total Time": 4955.483, "Actual Rows": 5, "Actual Loops": 1, "Group By Key": ["orders.o_orderpriority"], "Plans": [{"Node Type": "Nested Loop", "Parent Relationship": "Outer", "Join Type": "Semi", "Startup Cost": 14564.7, "Total Cost": 913841.52, "Plan Rows": 569410, "Plan Width": 16, "Actual Startup Time": 244.432, "Actual Total Time": 4673.233, "Actual Rows": 515106, "Actual Loops": 1, "Inner Unique": false, "Plans": [{"Node Type": "Bitmap Heap Scan", "Parent Relationship": "Outer", "Relation Name": "orders", "Alias": "orders", "Startup Cost": 14564.7, "Total Cost": 299524.85, "Plan Rows": 569410, "Plan Width": 24, "Actual Startup Time": 244.347, "Actual Total Time": 966.434, "Actual Rows": 561612, "Actual Loops": 1, "Recheck Cond": "((o_orderdate >= '1995-01-01 00:00:00'::timestamp(0) without time zone) AND (o_orderdate < '1995-04-01 00:00:00'::timestamp without time zone)), (LLVM Optimized, Jit Execute)", "Rows Removed by Index Recheck": 0, "Exact Heap Blocks": 241676, "Lossy Heap Blocks": 241676, "Plans": [{"Node Type": "Bitmap Index Scan", "Parent Relationship": "Outer", "Index Name": "idx_orders_orderdate", "Startup Cost": 0.0, "Total Cost": 14422.35, "Plan Rows": 569410, "Plan Width": 0, "Actual Startup Time": 169.789, "Actual Total Time": 169.789, "Actual Rows": 561612, "Actual Loops": 1, "Index Cond": "((o_orderdate >= '1995-01-01 00:00:00'::timestamp(0) without time zone) AND (o_orderdate < '1995-04-01 00:00:00'::timestamp without time zone))"}]}, {"Node Type": "Index Scan", "Parent Relationship": "Inner", "Scan Direction": "Forward", "Index Name": "idx_lineitem_orderkey", "Relation Name": "lineitem", "Alias": "lineitem", "Startup Cost": 0.0, "Total Cost": 5.41, "Plan Rows": 3, "Plan Width": 8, "Actual Startup Time": 3288.693, "Actual Total Time": 3288.693, "Actual Rows": 515106, "Actual Loops": 561612, "Index Cond": "(l_orderkey = orders.o_orderkey)", "Rows Removed by Index Recheck": 0, "Filter": "(l_commitdate < l_receiptdate)", "Rows Removed by Filter": 299676}]}]}]}, "Triggers": [], "Planner Runtime": 0, "Total Runtime": 4965.067, "Unique SQL Id": 3745551476}}, "(1, 50)": {"explain_plan": {"Plan": {"Node Type": "Sort", "Startup Cost": 2781642.36, "Total Cost": 2781642.36, "Plan Rows": 1, "Plan Width": 16, "Sort Key": ["orders.o_orderpriority"], "Plans": [{"Node Type": "Aggregate", "Strategy": "Hashed", "Parent Relationship": "Outer", "Startup Cost": 2781642.34, "Total Cost": 2781642.35, "Plan Rows": 1, "Plan Width": 16, "Group By Key": ["orders.o_orderpriority"], "Plans": [{"Node Type": "Nested Loop", "Parent Relationship": "Outer", "Join Type": "Semi", "Startup Cost": 14566.65, "Total Cost": 2778795.29, "Plan Rows": 569410, "Plan Width": 16, "Inner Unique": false, "Plans": [{"Node Type": "Bitmap Heap Scan", "Parent Relationship": "Outer", "Relation Name": "orders", "Alias": "orders", "Startup Cost": 14564.7, "Total Cost": 299524.85, "Plan Rows": 569410, "Plan Width": 24, "Recheck Cond": "((o_orderdate >= '1995-01-01 00:00:00'::timestamp(0) without time zone) AND (o_orderdate < '1995-04-01 00:00:00'::timestamp without time zone)), (LLVM Optimized)", "Plans": [{"Node Type": "Bitmap Index Scan", "Parent Relationship": "Outer", "Index Name": "idx_orders_orderdate", "Startup Cost": 0.0, "Total Cost": 14422.35, "Plan Rows": 569410, "Plan Width": 0, "Index Cond": "((o_orderdate >= '1995-01-01 00:00:00'::timestamp(0) without time zone) AND (o_orderdate < '1995-04-01 00:00:00'::timestamp without time zone))"}]}, {"Node Type": "Bitmap Heap Scan", "Parent Relationship": "Inner", "Relation Name": "lineitem", "Alias": "lineitem", "Startup Cost": 1.94, "Total Cost": 14.06, "Plan Rows": 3, "Plan Width": 8, "Recheck Cond": "(l_orderkey = orders.o_orderkey)", "Filter": "(l_commitdate < l_receiptdate)", "Plans": [{"Node Type": "Bitmap Index Scan", "Parent Relationship": "Outer", "Index Name": "idx_lineitem_orderkey", "Startup Cost": 0.0, "Total Cost": 1.94, "Plan Rows": 9, "Plan Width": 0, "Index Cond": "(l_orderkey = orders.o_orderkey)"}]}]}]}]}, "Unique SQL Id": 3745551476, "Planner Runtime": 0}, "explain_analyze_plan": {"Plan": {"Node Type": "Sort", "Startup Cost": 2781642.36, "Total Cost": 2781642.36, "Plan Rows": 1, "Plan Width": 16, "Actual Startup Time": 6863.223, "Actual Total Time": 6863.225, "Actual Rows": 5, "Actual Loops": 1, "Sort Key": ["orders.o_orderpriority"], "Sort Method": "quicksort", "Sort Space Used": 25, "Sort Space Type": "Memory", "Plans": [{"Node Type": "Aggregate", "Strategy": "Hashed", "Parent Relationship": "Outer", "Startup Cost": 2781642.34, "Total Cost": 2781642.35, "Plan Rows": 1, "Plan Width": 16, "Actual Startup Time": 6863.09, "Actual Total Time": 6863.105, "Actual Rows": 5, "Actual Loops": 1, "Group By Key": ["orders.o_orderpriority"], "Plans": [{"Node Type": "Nested Loop", "Parent Relationship": "Outer", "Join Type": "Semi", "Startup Cost": 14566.65, "Total Cost": 2778795.29, "Plan Rows": 569410, "Plan Width": 16, "Actual Startup Time": 247.984, "Actual Total Time": 6556.711, "Actual Rows": 515106, "Actual Loops": 1, "Inner Unique": false, "Plans": [{"Node Type": "Bitmap Heap Scan", "Parent Relationship": "Outer", "Relation Name": "orders", "Alias": "orders", "Startup Cost": 14564.7, "Total Cost": 299524.85, "Plan Rows": 569410, "Plan Width": 24, "Actual Startup Time": 247.881, "Actual Total Time": 1049.55, "Actual Rows": 561612, "Actual Loops": 1, "Recheck Cond": "((o_orderdate >= '1995-01-01 00:00:00'::timestamp(0) without time zone) AND (o_orderdate < '1995-04-01 00:00:00'::timestamp without time zone)), (LLVM Optimized, Jit Execute)", "Rows Removed by Index Recheck": 0, "Exact Heap Blocks": 241676, "Lossy Heap Blocks": 241676, "Plans": [{"Node Type": "Bitmap Index Scan", "Parent Relationship": "Outer", "Index Name": "idx_orders_orderdate", "Startup Cost": 0.0, "Total Cost": 14422.35, "Plan Rows": 569410, "Plan Width": 0, "Actual Startup Time": 172.696, "Actual Total Time": 172.696, "Actual Rows": 561612, "Actual Loops": 1, "Index Cond": "((o_orderdate >= '1995-01-01 00:00:00'::timestamp(0) without time zone) AND (o_orderdate < '1995-04-01 00:00:00'::timestamp without time zone))"}]}, {"Node Type": "Bitmap Heap Scan", "Parent Relationship": "Inner", "Relation Name": "lineitem", "Alias": "lineitem", "Startup Cost": 1.94, "Total Cost": 14.06, "Plan Rows": 3, "Plan Width": 8, "Actual Startup Time": 4756.399, "Actual Total Time": 4756.399, "Actual Rows": 515106, "Actual Loops": 561612, "Recheck Cond": "(l_orderkey = orders.o_orderkey)", "Rows Removed by Index Recheck": 0, "Filter": "(l_commitdate < l_receiptdate)", "Rows Removed by Filter": 299676, "Exact Heap Blocks": 567798, "Lossy Heap Blocks": 567798, "Plans": [{"Node Type": "Bitmap Index Scan", "Parent Relationship": "Outer", "Index Name": "idx_lineitem_orderkey", "Startup Cost": 0.0, "Total Cost": 1.94, "Plan Rows": 9, "Plan Width": 0, "Actual Startup Time": 2428.769, "Actual Total Time": 2428.769, "Actual Rows": 2246588, "Actual Loops": 561612, "Index Cond": "(l_orderkey = orders.o_orderkey)"}]}]}]}]}, "Triggers": [], "Planner Runtime": 0, "Total Runtime": 6876.889, "Unique SQL Id": 3745551476}}, "(1, 51)": {"explain_plan": {"Plan": {"Node Type": "Sort", "Startup Cost": 2781642.36, "Total Cost": 2781642.36, "Plan Rows": 1, "Plan Width": 16, "Sort Key": ["orders.o_orderpriority"], "Plans": [{"Node Type": "Aggregate", "Strategy": "Hashed", "Parent Relationship": "Outer", "Startup Cost": 2781642.34, "Total Cost": 2781642.35, "Plan Rows": 1, "Plan Width": 16, "Group By Key": ["orders.o_orderpriority"], "Plans": [{"Node Type": "Nested Loop", "Parent Relationship": "Outer", "Join Type": "Semi", "Startup Cost": 14566.65, "Total Cost": 2778795.29, "Plan Rows": 569410, "Plan Width": 16, "Inner Unique": false, "Plans": [{"Node Type": "Bitmap Heap Scan", "Parent Relationship": "Outer", "Relation Name": "orders", "Alias": "orders", "Startup Cost": 14564.7, "Total Cost": 299524.85, "Plan Rows": 569410, "Plan Width": 24, "Recheck Cond": "((o_orderdate >= '1995-01-01 00:00:00'::timestamp(0) without time zone) AND (o_orderdate < '1995-04-01 00:00:00'::timestamp without time zone)), (LLVM Optimized)", "Plans": [{"Node Type": "Bitmap Index Scan", "Parent Relationship": "Outer", "Index Name": "idx_orders_orderdate", "Startup Cost": 0.0, "Total Cost": 14422.35, "Plan Rows": 569410, "Plan Width": 0, "Index Cond": "((o_orderdate >= '1995-01-01 00:00:00'::timestamp(0) without time zone) AND (o_orderdate < '1995-04-01 00:00:00'::timestamp without time zone))"}]}, {"Node Type": "Bitmap Heap Scan", "Parent Relationship": "Inner", "Relation Name": "lineitem", "Alias": "lineitem", "Startup Cost": 1.94, "Total Cost": 14.06, "Plan Rows": 3, "Plan Width": 8, "Recheck Cond": "(l_orderkey = orders.o_orderkey)", "Filter": "(l_commitdate < l_receiptdate)", "Plans": [{"Node Type": "Bitmap Index Scan", "Parent Relationship": "Outer", "Index Name": "idx_lineitem_orderkey", "Startup Cost": 0.0, "Total Cost": 1.94, "Plan Rows": 9, "Plan Width": 0, "Index Cond": "(l_orderkey = orders.o_orderkey)"}]}]}]}]}, "Unique SQL Id": 3745551476, "Planner Runtime": 0}, "explain_analyze_plan": {"Plan": {"Node Type": "Sort", "Startup Cost": 2781642.36, "Total Cost": 2781642.36, "Plan Rows": 1, "Plan Width": 16, "Actual Startup Time": 6863.223, "Actual Total Time": 6863.225, "Actual Rows": 5, "Actual Loops": 1, "Sort Key": ["orders.o_orderpriority"], "Sort Method": "quicksort", "Sort Space Used": 25, "Sort Space Type": "Memory", "Plans": [{"Node Type": "Aggregate", "Strategy": "Hashed", "Parent Relationship": "Outer", "Startup Cost": 2781642.34, "Total Cost": 2781642.35, "Plan Rows": 1, "Plan Width": 16, "Actual Startup Time": 6863.09, "Actual Total Time": 6863.105, "Actual Rows": 5, "Actual Loops": 1, "Group By Key": ["orders.o_orderpriority"], "Plans": [{"Node Type": "Nested Loop", "Parent Relationship": "Outer", "Join Type": "Semi", "Startup Cost": 14566.65, "Total Cost": 2778795.29, "Plan Rows": 569410, "Plan Width": 16, "Actual Startup Time": 247.984, "Actual Total Time": 6556.711, "Actual Rows": 515106, "Actual Loops": 1, "Inner Unique": false, "Plans": [{"Node Type": "Bitmap Heap Scan", "Parent Relationship": "Outer", "Relation Name": "orders", "Alias": "orders", "Startup Cost": 14564.7, "Total Cost": 299524.85, "Plan Rows": 569410, "Plan Width": 24, "Actual Startup Time": 247.881, "Actual Total Time": 1049.55, "Actual Rows": 561612, "Actual Loops": 1, "Recheck Cond": "((o_orderdate >= '1995-01-01 00:00:00'::timestamp(0) without time zone) AND (o_orderdate < '1995-04-01 00:00:00'::timestamp without time zone)), (LLVM Optimized, Jit Execute)", "Rows Removed by Index Recheck": 0, "Exact Heap Blocks": 241676, "Lossy Heap Blocks": 241676, "Plans": [{"Node Type": "Bitmap Index Scan", "Parent Relationship": "Outer", "Index Name": "idx_orders_orderdate", "Startup Cost": 0.0, "Total Cost": 14422.35, "Plan Rows": 569410, "Plan Width": 0, "Actual Startup Time": 172.696, "Actual Total Time": 172.696, "Actual Rows": 561612, "Actual Loops": 1, "Index Cond": "((o_orderdate >= '1995-01-01 00:00:00'::timestamp(0) without time zone) AND (o_orderdate < '1995-04-01 00:00:00'::timestamp without time zone))"}]}, {"Node Type": "Bitmap Heap Scan", "Parent Relationship": "Inner", "Relation Name": "lineitem", "Alias": "lineitem", "Startup Cost": 1.94, "Total Cost": 14.06, "Plan Rows": 3, "Plan Width": 8, "Actual Startup Time": 4756.399, "Actual Total Time": 4756.399, "Actual Rows": 515106, "Actual Loops": 561612, "Recheck Cond": "(l_orderkey = orders.o_orderkey)", "Rows Removed by Index Recheck": 0, "Filter": "(l_commitdate < l_receiptdate)", "Rows Removed by Filter": 299676, "Exact Heap Blocks": 567798, "Lossy Heap Blocks": 567798, "Plans": [{"Node Type": "Bitmap Index Scan", "Parent Relationship": "Outer", "Index Name": "idx_lineitem_orderkey", "Startup Cost": 0.0, "Total Cost": 1.94, "Plan Rows": 9, "Plan Width": 0, "Actual Startup Time": 2428.769, "Actual Total Time": 2428.769, "Actual Rows": 2246588, "Actual Loops": 561612, "Index Cond": "(l_orderkey = orders.o_orderkey)"}]}]}]}]}, "Triggers": [], "Planner Runtime": 0, "Total Runtime": 6876.889, "Unique SQL Id": 3745551476}}, "(1, 52)": {"explain_plan": {"Plan": {"Node Type": "Sort", "Startup Cost": 916688.59, "Total Cost": 916688.6, "Plan Rows": 1, "Plan Width": 16, "Sort Key": ["orders.o_orderpriority"], "Plans": [{"Node Type": "Aggregate", "Strategy": "Hashed", "Parent Relationship": "Outer", "Startup Cost": 916688.57, "Total Cost": 916688.58, "Plan Rows": 1, "Plan Width": 16, "Group By Key": ["orders.o_orderpriority"], "Plans": [{"Node Type": "Nested Loop", "Parent Relationship": "Outer", "Join Type": "Semi", "Startup Cost": 14564.7, "Total Cost": 913841.52, "Plan Rows": 569410, "Plan Width": 16, "Inner Unique": false, "Plans": [{"Node Type": "Bitmap Heap Scan", "Parent Relationship": "Outer", "Relation Name": "orders", "Alias": "orders", "Startup Cost": 14564.7, "Total Cost": 299524.85, "Plan Rows": 569410, "Plan Width": 24, "Recheck Cond": "((o_orderdate >= '1995-01-01 00:00:00'::timestamp(0) without time zone) AND (o_orderdate < '1995-04-01 00:00:00'::timestamp without time zone)), (LLVM Optimized)", "Plans": [{"Node Type": "Bitmap Index Scan", "Parent Relationship": "Outer", "Index Name": "idx_orders_orderdate", "Startup Cost": 0.0, "Total Cost": 14422.35, "Plan Rows": 569410, "Plan Width": 0, "Index Cond": "((o_orderdate >= '1995-01-01 00:00:00'::timestamp(0) without time zone) AND (o_orderdate < '1995-04-01 00:00:00'::timestamp without time zone))"}]}, {"Node Type": "Index Scan", "Parent Relationship": "Inner", "Scan Direction": "Forward", "Index Name": "idx_lineitem_orderkey", "Relation Name": "lineitem", "Alias": "lineitem", "Startup Cost": 0.0, "Total Cost": 5.41, "Plan Rows": 3, "Plan Width": 8, "Index Cond": "(l_orderkey = orders.o_orderkey)", "Filter": "(l_commitdate < l_receiptdate)"}]}]}]}, "Unique SQL Id": 3745551476, "Planner Runtime": 0}, "explain_analyze_plan": {"Plan": {"Node Type": "Sort", "Startup Cost": 916688.59, "Total Cost": 916688.6, "Plan Rows": 1, "Plan Width": 16, "Actual Startup Time": 4955.529, "Actual Total Time": 4955.53, "Actual Rows": 5, "Actual Loops": 1, "Sort Key": ["orders.o_orderpriority"], "Sort Method": "quicksort", "Sort Space Used": 25, "Sort Space Type": "Memory", "Plans": [{"Node Type": "Aggregate", "Strategy": "Hashed", "Parent Relationship": "Outer", "Startup Cost": 916688.57, "Total Cost": 916688.58, "Plan Rows": 1, "Plan Width": 16, "Actual Startup Time": 4955.482, "Actual Total Time": 4955.483, "Actual Rows": 5, "Actual Loops": 1, "Group By Key": ["orders.o_orderpriority"], "Plans": [{"Node Type": "Nested Loop", "Parent Relationship": "Outer", "Join Type": "Semi", "Startup Cost": 14564.7, "Total Cost": 913841.52, "Plan Rows": 569410, "Plan Width": 16, "Actual Startup Time": 244.432, "Actual Total Time": 4673.233, "Actual Rows": 515106, "Actual Loops": 1, "Inner Unique": false, "Plans": [{"Node Type": "Bitmap Heap Scan", "Parent Relationship": "Outer", "Relation Name": "orders", "Alias": "orders", "Startup Cost": 14564.7, "Total Cost": 299524.85, "Plan Rows": 569410, "Plan Width": 24, "Actual Startup Time": 244.347, "Actual Total Time": 966.434, "Actual Rows": 561612, "Actual Loops": 1, "Recheck Cond": "((o_orderdate >= '1995-01-01 00:00:00'::timestamp(0) without time zone) AND (o_orderdate < '1995-04-01 00:00:00'::timestamp without time zone)), (LLVM Optimized, Jit Execute)", "Rows Removed by Index Recheck": 0, "Exact Heap Blocks": 241676, "Lossy Heap Blocks": 241676, "Plans": [{"Node Type": "Bitmap Index Scan", "Parent Relationship": "Outer", "Index Name": "idx_orders_orderdate", "Startup Cost": 0.0, "Total Cost": 14422.35, "Plan Rows": 569410, "Plan Width": 0, "Actual Startup Time": 169.789, "Actual Total Time": 169.789, "Actual Rows": 561612, "Actual Loops": 1, "Index Cond": "((o_orderdate >= '1995-01-01 00:00:00'::timestamp(0) without time zone) AND (o_orderdate < '1995-04-01 00:00:00'::timestamp without time zone))"}]}, {"Node Type": "Index Scan", "Parent Relationship": "Inner", "Scan Direction": "Forward", "Index Name": "idx_lineitem_orderkey", "Relation Name": "lineitem", "Alias": "lineitem", "Startup Cost": 0.0, "Total Cost": 5.41, "Plan Rows": 3, "Plan Width": 8, "Actual Startup Time": 3288.693, "Actual Total Time": 3288.693, "Actual Rows": 515106, "Actual Loops": 561612, "Index Cond": "(l_orderkey = orders.o_orderkey)", "Rows Removed by Index Recheck": 0, "Filter": "(l_commitdate < l_receiptdate)", "Rows Removed by Filter": 299676}]}]}]}, "Triggers": [], "Planner Runtime": 0, "Total Runtime": 4965.067, "Unique SQL Id": 3745551476}}, "(1, 53)": {"explain_plan": {"Plan": {"Node Type": "Sort", "Startup Cost": 916688.59, "Total Cost": 916688.6, "Plan Rows": 1, "Plan Width": 16, "Sort Key": ["orders.o_orderpriority"], "Plans": [{"Node Type": "Aggregate", "Strategy": "Hashed", "Parent Relationship": "Outer", "Startup Cost": 916688.57, "Total Cost": 916688.58, "Plan Rows": 1, "Plan Width": 16, "Group By Key": ["orders.o_orderpriority"], "Plans": [{"Node Type": "Nested Loop", "Parent Relationship": "Outer", "Join Type": "Semi", "Startup Cost": 14564.7, "Total Cost": 913841.52, "Plan Rows": 569410, "Plan Width": 16, "Inner Unique": false, "Plans": [{"Node Type": "Bitmap Heap Scan", "Parent Relationship": "Outer", "Relation Name": "orders", "Alias": "orders", "Startup Cost": 14564.7, "Total Cost": 299524.85, "Plan Rows": 569410, "Plan Width": 24, "Recheck Cond": "((o_orderdate >= '1995-01-01 00:00:00'::timestamp(0) without time zone) AND (o_orderdate < '1995-04-01 00:00:00'::timestamp without time zone)), (LLVM Optimized)", "Plans": [{"Node Type": "Bitmap Index Scan", "Parent Relationship": "Outer", "Index Name": "idx_orders_orderdate", "Startup Cost": 0.0, "Total Cost": 14422.35, "Plan Rows": 569410, "Plan Width": 0, "Index Cond": "((o_orderdate >= '1995-01-01 00:00:00'::timestamp(0) without time zone) AND (o_orderdate < '1995-04-01 00:00:00'::timestamp without time zone))"}]}, {"Node Type": "Index Scan", "Parent Relationship": "Inner", "Scan Direction": "Forward", "Index Name": "idx_lineitem_orderkey", "Relation Name": "lineitem", "Alias": "lineitem", "Startup Cost": 0.0, "Total Cost": 5.41, "Plan Rows": 3, "Plan Width": 8, "Index Cond": "(l_orderkey = orders.o_orderkey)", "Filter": "(l_commitdate < l_receiptdate)"}]}]}]}, "Unique SQL Id": 3745551476, "Planner Runtime": 0}, "explain_analyze_plan": {"Plan": {"Node Type": "Sort", "Startup Cost": 916688.59, "Total Cost": 916688.6, "Plan Rows": 1, "Plan Width": 16, "Actual Startup Time": 4955.529, "Actual Total Time": 4955.53, "Actual Rows": 5, "Actual Loops": 1, "Sort Key": ["orders.o_orderpriority"], "Sort Method": "quicksort", "Sort Space Used": 25, "Sort Space Type": "Memory", "Plans": [{"Node Type": "Aggregate", "Strategy": "Hashed", "Parent Relationship": "Outer", "Startup Cost": 916688.57, "Total Cost": 916688.58, "Plan Rows": 1, "Plan Width": 16, "Actual Startup Time": 4955.482, "Actual Total Time": 4955.483, "Actual Rows": 5, "Actual Loops": 1, "Group By Key": ["orders.o_orderpriority"], "Plans": [{"Node Type": "Nested Loop", "Parent Relationship": "Outer", "Join Type": "Semi", "Startup Cost": 14564.7, "Total Cost": 913841.52, "Plan Rows": 569410, "Plan Width": 16, "Actual Startup Time": 244.432, "Actual Total Time": 4673.233, "Actual Rows": 515106, "Actual Loops": 1, "Inner Unique": false, "Plans": [{"Node Type": "Bitmap Heap Scan", "Parent Relationship": "Outer", "Relation Name": "orders", "Alias": "orders", "Startup Cost": 14564.7, "Total Cost": 299524.85, "Plan Rows": 569410, "Plan Width": 24, "Actual Startup Time": 244.347, "Actual Total Time": 966.434, "Actual Rows": 561612, "Actual Loops": 1, "Recheck Cond": "((o_orderdate >= '1995-01-01 00:00:00'::timestamp(0) without time zone) AND (o_orderdate < '1995-04-01 00:00:00'::timestamp without time zone)), (LLVM Optimized, Jit Execute)", "Rows Removed by Index Recheck": 0, "Exact Heap Blocks": 241676, "Lossy Heap Blocks": 241676, "Plans": [{"Node Type": "Bitmap Index Scan", "Parent Relationship": "Outer", "Index Name": "idx_orders_orderdate", "Startup Cost": 0.0, "Total Cost": 14422.35, "Plan Rows": 569410, "Plan Width": 0, "Actual Startup Time": 169.789, "Actual Total Time": 169.789, "Actual Rows": 561612, "Actual Loops": 1, "Index Cond": "((o_orderdate >= '1995-01-01 00:00:00'::timestamp(0) without time zone) AND (o_orderdate < '1995-04-01 00:00:00'::timestamp without time zone))"}]}, {"Node Type": "Index Scan", "Parent Relationship": "Inner", "Scan Direction": "Forward", "Index Name": "idx_lineitem_orderkey", "Relation Name": "lineitem", "Alias": "lineitem", "Startup Cost": 0.0, "Total Cost": 5.41, "Plan Rows": 3, "Plan Width": 8, "Actual Startup Time": 3288.693, "Actual Total Time": 3288.693, "Actual Rows": 515106, "Actual Loops": 561612, "Index Cond": "(l_orderkey = orders.o_orderkey)", "Rows Removed by Index Recheck": 0, "Filter": "(l_commitdate < l_receiptdate)", "Rows Removed by Filter": 299676}]}]}]}, "Triggers": [], "Planner Runtime": 0, "Total Runtime": 4965.067, "Unique SQL Id": 3745551476}}, "(1, 54)": {"explain_plan": {"Plan": {"Node Type": "Sort", "Startup Cost": 2781642.36, "Total Cost": 2781642.36, "Plan Rows": 1, "Plan Width": 16, "Sort Key": ["orders.o_orderpriority"], "Plans": [{"Node Type": "Aggregate", "Strategy": "Hashed", "Parent Relationship": "Outer", "Startup Cost": 2781642.34, "Total Cost": 2781642.35, "Plan Rows": 1, "Plan Width": 16, "Group By Key": ["orders.o_orderpriority"], "Plans": [{"Node Type": "Nested Loop", "Parent Relationship": "Outer", "Join Type": "Semi", "Startup Cost": 14566.65, "Total Cost": 2778795.29, "Plan Rows": 569410, "Plan Width": 16, "Inner Unique": false, "Plans": [{"Node Type": "Bitmap Heap Scan", "Parent Relationship": "Outer", "Relation Name": "orders", "Alias": "orders", "Startup Cost": 14564.7, "Total Cost": 299524.85, "Plan Rows": 569410, "Plan Width": 24, "Recheck Cond": "((o_orderdate >= '1995-01-01 00:00:00'::timestamp(0) without time zone) AND (o_orderdate < '1995-04-01 00:00:00'::timestamp without time zone)), (LLVM Optimized)", "Plans": [{"Node Type": "Bitmap Index Scan", "Parent Relationship": "Outer", "Index Name": "idx_orders_orderdate", "Startup Cost": 0.0, "Total Cost": 14422.35, "Plan Rows": 569410, "Plan Width": 0, "Index Cond": "((o_orderdate >= '1995-01-01 00:00:00'::timestamp(0) without time zone) AND (o_orderdate < '1995-04-01 00:00:00'::timestamp without time zone))"}]}, {"Node Type": "Bitmap Heap Scan", "Parent Relationship": "Inner", "Relation Name": "lineitem", "Alias": "lineitem", "Startup Cost": 1.94, "Total Cost": 14.06, "Plan Rows": 3, "Plan Width": 8, "Recheck Cond": "(l_orderkey = orders.o_orderkey)", "Filter": "(l_commitdate < l_receiptdate)", "Plans": [{"Node Type": "Bitmap Index Scan", "Parent Relationship": "Outer", "Index Name": "idx_lineitem_orderkey", "Startup Cost": 0.0, "Total Cost": 1.94, "Plan Rows": 9, "Plan Width": 0, "Index Cond": "(l_orderkey = orders.o_orderkey)"}]}]}]}]}, "Unique SQL Id": 3745551476, "Planner Runtime": 0}, "explain_analyze_plan": {"Plan": {"Node Type": "Sort", "Startup Cost": 2781642.36, "Total Cost": 2781642.36, "Plan Rows": 1, "Plan Width": 16, "Actual Startup Time": 6863.223, "Actual Total Time": 6863.225, "Actual Rows": 5, "Actual Loops": 1, "Sort Key": ["orders.o_orderpriority"], "Sort Method": "quicksort", "Sort Space Used": 25, "Sort Space Type": "Memory", "Plans": [{"Node Type": "Aggregate", "Strategy": "Hashed", "Parent Relationship": "Outer", "Startup Cost": 2781642.34, "Total Cost": 2781642.35, "Plan Rows": 1, "Plan Width": 16, "Actual Startup Time": 6863.09, "Actual Total Time": 6863.105, "Actual Rows": 5, "Actual Loops": 1, "Group By Key": ["orders.o_orderpriority"], "Plans": [{"Node Type": "Nested Loop", "Parent Relationship": "Outer", "Join Type": "Semi", "Startup Cost": 14566.65, "Total Cost": 2778795.29, "Plan Rows": 569410, "Plan Width": 16, "Actual Startup Time": 247.984, "Actual Total Time": 6556.711, "Actual Rows": 515106, "Actual Loops": 1, "Inner Unique": false, "Plans": [{"Node Type": "Bitmap Heap Scan", "Parent Relationship": "Outer", "Relation Name": "orders", "Alias": "orders", "Startup Cost": 14564.7, "Total Cost": 299524.85, "Plan Rows": 569410, "Plan Width": 24, "Actual Startup Time": 247.881, "Actual Total Time": 1049.55, "Actual Rows": 561612, "Actual Loops": 1, "Recheck Cond": "((o_orderdate >= '1995-01-01 00:00:00'::timestamp(0) without time zone) AND (o_orderdate < '1995-04-01 00:00:00'::timestamp without time zone)), (LLVM Optimized, Jit Execute)", "Rows Removed by Index Recheck": 0, "Exact Heap Blocks": 241676, "Lossy Heap Blocks": 241676, "Plans": [{"Node Type": "Bitmap Index Scan", "Parent Relationship": "Outer", "Index Name": "idx_orders_orderdate", "Startup Cost": 0.0, "Total Cost": 14422.35, "Plan Rows": 569410, "Plan Width": 0, "Actual Startup Time": 172.696, "Actual Total Time": 172.696, "Actual Rows": 561612, "Actual Loops": 1, "Index Cond": "((o_orderdate >= '1995-01-01 00:00:00'::timestamp(0) without time zone) AND (o_orderdate < '1995-04-01 00:00:00'::timestamp without time zone))"}]}, {"Node Type": "Bitmap Heap Scan", "Parent Relationship": "Inner", "Relation Name": "lineitem", "Alias": "lineitem", "Startup Cost": 1.94, "Total Cost": 14.06, "Plan Rows": 3, "Plan Width": 8, "Actual Startup Time": 4756.399, "Actual Total Time": 4756.399, "Actual Rows": 515106, "Actual Loops": 561612, "Recheck Cond": "(l_orderkey = orders.o_orderkey)", "Rows Removed by Index Recheck": 0, "Filter": "(l_commitdate < l_receiptdate)", "Rows Removed by Filter": 299676, "Exact Heap Blocks": 567798, "Lossy Heap Blocks": 567798, "Plans": [{"Node Type": "Bitmap Index Scan", "Parent Relationship": "Outer", "Index Name": "idx_lineitem_orderkey", "Startup Cost": 0.0, "Total Cost": 1.94, "Plan Rows": 9, "Plan Width": 0, "Actual Startup Time": 2428.769, "Actual Total Time": 2428.769, "Actual Rows": 2246588, "Actual Loops": 561612, "Index Cond": "(l_orderkey = orders.o_orderkey)"}]}]}]}]}, "Triggers": [], "Planner Runtime": 0, "Total Runtime": 6876.889, "Unique SQL Id": 3745551476}}, "(1, 55)": {"explain_plan": {"Plan": {"Node Type": "Sort", "Startup Cost": 2781642.36, "Total Cost": 2781642.36, "Plan Rows": 1, "Plan Width": 16, "Sort Key": ["orders.o_orderpriority"], "Plans": [{"Node Type": "Aggregate", "Strategy": "Hashed", "Parent Relationship": "Outer", "Startup Cost": 2781642.34, "Total Cost": 2781642.35, "Plan Rows": 1, "Plan Width": 16, "Group By Key": ["orders.o_orderpriority"], "Plans": [{"Node Type": "Nested Loop", "Parent Relationship": "Outer", "Join Type": "Semi", "Startup Cost": 14566.65, "Total Cost": 2778795.29, "Plan Rows": 569410, "Plan Width": 16, "Inner Unique": false, "Plans": [{"Node Type": "Bitmap Heap Scan", "Parent Relationship": "Outer", "Relation Name": "orders", "Alias": "orders", "Startup Cost": 14564.7, "Total Cost": 299524.85, "Plan Rows": 569410, "Plan Width": 24, "Recheck Cond": "((o_orderdate >= '1995-01-01 00:00:00'::timestamp(0) without time zone) AND (o_orderdate < '1995-04-01 00:00:00'::timestamp without time zone)), (LLVM Optimized)", "Plans": [{"Node Type": "Bitmap Index Scan", "Parent Relationship": "Outer", "Index Name": "idx_orders_orderdate", "Startup Cost": 0.0, "Total Cost": 14422.35, "Plan Rows": 569410, "Plan Width": 0, "Index Cond": "((o_orderdate >= '1995-01-01 00:00:00'::timestamp(0) without time zone) AND (o_orderdate < '1995-04-01 00:00:00'::timestamp without time zone))"}]}, {"Node Type": "Bitmap Heap Scan", "Parent Relationship": "Inner", "Relation Name": "lineitem", "Alias": "lineitem", "Startup Cost": 1.94, "Total Cost": 14.06, "Plan Rows": 3, "Plan Width": 8, "Recheck Cond": "(l_orderkey = orders.o_orderkey)", "Filter": "(l_commitdate < l_receiptdate)", "Plans": [{"Node Type": "Bitmap Index Scan", "Parent Relationship": "Outer", "Index Name": "idx_lineitem_orderkey", "Startup Cost": 0.0, "Total Cost": 1.94, "Plan Rows": 9, "Plan Width": 0, "Index Cond": "(l_orderkey = orders.o_orderkey)"}]}]}]}]}, "Unique SQL Id": 3745551476, "Planner Runtime": 0}, "explain_analyze_plan": {"Plan": {"Node Type": "Sort", "Startup Cost": 2781642.36, "Total Cost": 2781642.36, "Plan Rows": 1, "Plan Width": 16, "Actual Startup Time": 6863.223, "Actual Total Time": 6863.225, "Actual Rows": 5, "Actual Loops": 1, "Sort Key": ["orders.o_orderpriority"], "Sort Method": "quicksort", "Sort Space Used": 25, "Sort Space Type": "Memory", "Plans": [{"Node Type": "Aggregate", "Strategy": "Hashed", "Parent Relationship": "Outer", "Startup Cost": 2781642.34, "Total Cost": 2781642.35, "Plan Rows": 1, "Plan Width": 16, "Actual Startup Time": 6863.09, "Actual Total Time": 6863.105, "Actual Rows": 5, "Actual Loops": 1, "Group By Key": ["orders.o_orderpriority"], "Plans": [{"Node Type": "Nested Loop", "Parent Relationship": "Outer", "Join Type": "Semi", "Startup Cost": 14566.65, "Total Cost": 2778795.29, "Plan Rows": 569410, "Plan Width": 16, "Actual Startup Time": 247.984, "Actual Total Time": 6556.711, "Actual Rows": 515106, "Actual Loops": 1, "Inner Unique": false, "Plans": [{"Node Type": "Bitmap Heap Scan", "Parent Relationship": "Outer", "Relation Name": "orders", "Alias": "orders", "Startup Cost": 14564.7, "Total Cost": 299524.85, "Plan Rows": 569410, "Plan Width": 24, "Actual Startup Time": 247.881, "Actual Total Time": 1049.55, "Actual Rows": 561612, "Actual Loops": 1, "Recheck Cond": "((o_orderdate >= '1995-01-01 00:00:00'::timestamp(0) without time zone) AND (o_orderdate < '1995-04-01 00:00:00'::timestamp without time zone)), (LLVM Optimized, Jit Execute)", "Rows Removed by Index Recheck": 0, "Exact Heap Blocks": 241676, "Lossy Heap Blocks": 241676, "Plans": [{"Node Type": "Bitmap Index Scan", "Parent Relationship": "Outer", "Index Name": "idx_orders_orderdate", "Startup Cost": 0.0, "Total Cost": 14422.35, "Plan Rows": 569410, "Plan Width": 0, "Actual Startup Time": 172.696, "Actual Total Time": 172.696, "Actual Rows": 561612, "Actual Loops": 1, "Index Cond": "((o_orderdate >= '1995-01-01 00:00:00'::timestamp(0) without time zone) AND (o_orderdate < '1995-04-01 00:00:00'::timestamp without time zone))"}]}, {"Node Type": "Bitmap Heap Scan", "Parent Relationship": "Inner", "Relation Name": "lineitem", "Alias": "lineitem", "Startup Cost": 1.94, "Total Cost": 14.06, "Plan Rows": 3, "Plan Width": 8, "Actual Startup Time": 4756.399, "Actual Total Time": 4756.399, "Actual Rows": 515106, "Actual Loops": 561612, "Recheck Cond": "(l_orderkey = orders.o_orderkey)", "Rows Removed by Index Recheck": 0, "Filter": "(l_commitdate < l_receiptdate)", "Rows Removed by Filter": 299676, "Exact Heap Blocks": 567798, "Lossy Heap Blocks": 567798, "Plans": [{"Node Type": "Bitmap Index Scan", "Parent Relationship": "Outer", "Index Name": "idx_lineitem_orderkey", "Startup Cost": 0.0, "Total Cost": 1.94, "Plan Rows": 9, "Plan Width": 0, "Actual Startup Time": 2428.769, "Actual Total Time": 2428.769, "Actual Rows": 2246588, "Actual Loops": 561612, "Index Cond": "(l_orderkey = orders.o_orderkey)"}]}]}]}]}, "Triggers": [], "Planner Runtime": 0, "Total Runtime": 6876.889, "Unique SQL Id": 3745551476}}, "(1, 56)": {"explain_plan": {"Plan": {"Node Type": "Sort", "Startup Cost": 1118574.92, "Total Cost": 1118574.93, "Plan Rows": 1, "Plan Width": 16, "Sort Key": ["orders.o_orderpriority"], "Plans": [{"Node Type": "Aggregate", "Strategy": "Hashed", "Parent Relationship": "Outer", "Startup Cost": 1118574.9, "Total Cost": 1118574.91, "Plan Rows": 1, "Plan Width": 16, "Group By Key": ["orders.o_orderpriority"], "Plans": [{"Node Type": "Nested Loop", "Parent Relationship": "Outer", "Join Type": "Semi", "Startup Cost": 411.57, "Total Cost": 1115727.85, "Plan Rows": 569410, "Plan Width": 16, "Inner Unique": false, "Plans": [{"Node Type": "Seq Scan", "Parent Relationship": "Outer", "Relation Name": "orders", "Alias": "orders", "Startup Cost": 411.57, "Total Cost": 501411.18, "Plan Rows": 569410, "Plan Width": 24, "Filter": "((o_orderdate >= '1995-01-01 00:00:00'::timestamp(0) without time zone) AND (o_orderdate < '1995-04-01 00:00:00'::timestamp without time zone)), (LLVM Optimized)"}, {"Node Type": "Index Scan", "Parent Relationship": "Inner", "Scan Direction": "Forward", "Index Name": "idx_lineitem_orderkey", "Relation Name": "lineitem", "Alias": "lineitem", "Startup Cost": 0.0, "Total Cost": 5.41, "Plan Rows": 3, "Plan Width": 8, "Index Cond": "(l_orderkey = orders.o_orderkey)", "Filter": "(l_commitdate < l_receiptdate)"}]}]}]}, "Unique SQL Id": 3745551476, "Planner Runtime": 0}, "explain_analyze_plan": {"Plan": {"Node Type": "Sort", "Startup Cost": 1118574.92, "Total Cost": 1118574.93, "Plan Rows": 1, "Plan Width": 16, "Actual Startup Time": 8906.643, "Actual Total Time": 8906.643, "Actual Rows": 5, "Actual Loops": 1, "Sort Key": ["orders.o_orderpriority"], "Sort Method": "quicksort", "Sort Space Used": 25, "Sort Space Type": "Memory", "Plans": [{"Node Type": "Aggregate", "Strategy": "Hashed", "Parent Relationship": "Outer", "Startup Cost": 1118574.9, "Total Cost": 1118574.91, "Plan Rows": 1, "Plan Width": 16, "Actual Startup Time": 8906.597, "Actual Total Time": 8906.6, "Actual Rows": 5, "Actual Loops": 1, "Group By Key": ["orders.o_orderpriority"], "Plans": [{"Node Type": "Nested Loop", "Parent Relationship": "Outer", "Join Type": "Semi", "Startup Cost": 411.57, "Total Cost": 1115727.85, "Plan Rows": 569410, "Plan Width": 16, "Actual Startup Time": 0.057, "Actual Total Time": 8627.866, "Actual Rows": 515106, "Actual Loops": 1, "Inner Unique": false, "Plans": [{"Node Type": "Seq Scan", "Parent Relationship": "Outer", "Relation Name": "orders", "Alias": "orders", "Startup Cost": 411.57, "Total Cost": 501411.18, "Plan Rows": 569410, "Plan Width": 24, "Actual Startup Time": 0.032, "Actual Total Time": 4710.886, "Actual Rows": 561612, "Actual Loops": 1, "Filter": "((o_orderdate >= '1995-01-01 00:00:00'::timestamp(0) without time zone) AND (o_orderdate < '1995-04-01 00:00:00'::timestamp without time zone)), (LLVM Optimized, Jit Execute)", "Rows Removed by Filter": 14438388}, {"Node Type": "Index Scan", "Parent Relationship": "Inner", "Scan Direction": "Forward", "Index Name": "idx_lineitem_orderkey", "Relation Name": "lineitem", "Alias": "lineitem", "Startup Cost": 0.0, "Total Cost": 5.41, "Plan Rows": 3, "Plan Width": 8, "Actual Startup Time": 3494.355, "Actual Total Time": 3494.355, "Actual Rows": 515106, "Actual Loops": 561612, "Index Cond": "(l_orderkey = orders.o_orderkey)", "Rows Removed by Index Recheck": 0, "Filter": "(l_commitdate < l_receiptdate)", "Rows Removed by Filter": 299676}]}]}]}, "Triggers": [], "Planner Runtime": 0, "Total Runtime": 8915.682, "Unique SQL Id": 3745551476}}, "(1, 57)": {"explain_plan": {"Plan": {"Node Type": "Sort", "Startup Cost": 1423139.57, "Total Cost": 1423139.57, "Plan Rows": 1, "Plan Width": 16, "Sort Key": ["orders.o_orderpriority"], "Plans": [{"Node Type": "Aggregate", "Strategy": "Hashed", "Parent Relationship": "Outer", "Startup Cost": 1423139.55, "Total Cost": 1423139.56, "Plan Rows": 1, "Plan Width": 16, "Group By Key": ["orders.o_orderpriority"], "Plans": [{"Node Type": "Nested Loop", "Parent Relationship": "Outer", "Join Type": "Semi", "Startup Cost": 0.0, "Total Cost": 1420292.5, "Plan Rows": 569410, "Plan Width": 16, "Inner Unique": false, "Plans": [{"Node Type": "Index Scan", "Parent Relationship": "Outer", "Scan Direction": "Forward", "Index Name": "orders_pkey", "Relation Name": "orders", "Alias": "orders", "Startup Cost": 0.0, "Total Cost": 805975.83, "Plan Rows": 569410, "Plan Width": 24, "Filter": "((o_orderdate >= '1995-01-01 00:00:00'::timestamp(0) without time zone) AND (o_orderdate < '1995-04-01 00:00:00'::timestamp without time zone)), (LLVM Optimized)"}, {"Node Type": "Index Scan", "Parent Relationship": "Inner", "Scan Direction": "Forward", "Index Name": "idx_lineitem_orderkey", "Relation Name": "lineitem", "Alias": "lineitem", "Startup Cost": 0.0, "Total Cost": 5.41, "Plan Rows": 3, "Plan Width": 8, "Index Cond": "(l_orderkey = orders.o_orderkey)", "Filter": "(l_commitdate < l_receiptdate)"}]}]}]}, "Unique SQL Id": 3745551476, "Planner Runtime": 0}, "explain_analyze_plan": null}, "(1, 58)": {"explain_plan": {"Plan": {"Node Type": "Sort", "Startup Cost": 18812644104.77, "Total Cost": 18812644104.77, "Plan Rows": 1, "Plan Width": 16, "Sort Key": ["orders.o_orderpriority"], "Plans": [{"Node Type": "Aggregate", "Strategy": "Hashed", "Parent Relationship": "Outer", "Startup Cost": 18812644104.75, "Total Cost": 18812644104.76, "Plan Rows": 1, "Plan Width": 16, "Group By Key": ["orders.o_orderpriority"], "Plans": [{"Node Type": "Nested Loop", "Parent Relationship": "Outer", "Join Type": "Inner", "Startup Cost": 2215483.68, "Total Cost": 18812641257.7, "Plan Rows": 569410, "Plan Width": 16, "Inner Unique": true, "Join Filter": "(orders.o_orderkey = lineitem.l_orderkey), (LLVM Optimized)", "Plans": [{"Node Type": "Aggregate", "Strategy": "Hashed", "Parent Relationship": "Outer", "Startup Cost": 2215072.11, "Total Cost": 2237094.79, "Plan Rows": 2202268, "Plan Width": 8, "Group By Key": ["lineitem.l_orderkey"], "Plans": [{"Node Type": "Seq Scan", "Parent Relationship": "Outer", "Relation Name": "lineitem", "Alias": "lineitem", "Startup Cost": 0.0, "Total Cost": 2165082.91, "Plan Rows": 19995678, "Plan Width": 8, "Filter": "(l_commitdate < l_receiptdate), (LLVM Optimized)"}]}, {"Node Type": "Materialize", "Parent Relationship": "Inner", "Startup Cost": 411.57, "Total Cost": 504258.23, "Plan Rows": 569410, "Plan Width": 24, "Plans": [{"Node Type": "Seq Scan", "Parent Relationship": "Outer", "Relation Name": "orders", "Alias": "orders", "Startup Cost": 411.57, "Total Cost": 501411.18, "Plan Rows": 569410, "Plan Width": 24, "Filter": "((o_orderdate >= '1995-01-01 00:00:00'::timestamp(0) without time zone) AND (o_orderdate < '1995-04-01 00:00:00'::timestamp without time zone)), (LLVM Optimized)"}]}]}]}]}, "Unique SQL Id": 3745551476, "Planner Runtime": 0}, "explain_analyze_plan": null}, "(1, 59)": {"explain_plan": {"Plan": {"Node Type": "Sort", "Startup Cost": 2034307228087.09, "Total Cost": 2034307228087.1, "Plan Rows": 1, "Plan Width": 16, "Sort Key": ["orders.o_orderpriority"], "Plans": [{"Node Type": "Aggregate", "Strategy": "Hashed", "Parent Relationship": "Outer", "Startup Cost": 2034307228087.07, "Total Cost": 2034307228087.08, "Plan Rows": 1, "Plan Width": 16, "Group By Key": ["orders.o_orderpriority"], "Plans": [{"Node Type": "Nested Loop", "Parent Relationship": "Outer", "Join Type": "Semi", "Startup Cost": 20000000000.0, "Total Cost": 2034307225240.02, "Plan Rows": 569410, "Plan Width": 16, "Inner Unique": false, "Join Filter": "(orders.o_orderkey = lineitem.l_orderkey), (LLVM Optimized)", "Plans": [{"Node Type": "Index Scan", "Parent Relationship": "Outer", "Scan Direction": "Forward", "Index Name": "orders_pkey", "Relation Name": "orders", "Alias": "orders", "Startup Cost": 10000000000.0, "Total Cost": 1000080597583.0, "Plan Rows": 569410, "Plan Width": 24, "Filter": "((o_orderdate >= '1995-01-01 00:00:00'::timestamp(0) without time zone) AND (o_orderdate < '1995-04-01 00:00:00'::timestamp without time zone)), (LLVM Optimized)"}, {"Node Type": "Materialize", "Parent Relationship": "Inner", "Startup Cost": 10000000000.0, "Total Cost": 1000339112111.14, "Plan Rows": 19995678, "Plan Width": 8, "Plans": [{"Node Type": "Index Scan", "Parent Relationship": "Outer", "Scan Direction": "Forward", "Index Name": "idx_lineitem_orderkey", "Relation Name": "lineitem", "Alias": "lineitem", "Startup Cost": 10000000000.0, "Total Cost": 1000339012132.75, "Plan Rows": 19995678, "Plan Width": 8, "Filter": "(l_commitdate < l_receiptdate), (LLVM Optimized)"}]}]}]}]}, "Unique SQL Id": 3745551476, "Planner Runtime": 0}, "explain_analyze_plan": null}, "(1, 60)": {"explain_plan": {"Plan": {"Node Type": "Sort", "Startup Cost": 1118574.92, "Total Cost": 1118574.93, "Plan Rows": 1, "Plan Width": 16, "Sort Key": ["orders.o_orderpriority"], "Plans": [{"Node Type": "Aggregate", "Strategy": "Hashed", "Parent Relationship": "Outer", "Startup Cost": 1118574.9, "Total Cost": 1118574.91, "Plan Rows": 1, "Plan Width": 16, "Group By Key": ["orders.o_orderpriority"], "Plans": [{"Node Type": "Nested Loop", "Parent Relationship": "Outer", "Join Type": "Semi", "Startup Cost": 411.57, "Total Cost": 1115727.85, "Plan Rows": 569410, "Plan Width": 16, "Inner Unique": false, "Plans": [{"Node Type": "Seq Scan", "Parent Relationship": "Outer", "Relation Name": "orders", "Alias": "orders", "Startup Cost": 411.57, "Total Cost": 501411.18, "Plan Rows": 569410, "Plan Width": 24, "Filter": "((o_orderdate >= '1995-01-01 00:00:00'::timestamp(0) without time zone) AND (o_orderdate < '1995-04-01 00:00:00'::timestamp without time zone)), (LLVM Optimized)"}, {"Node Type": "Index Scan", "Parent Relationship": "Inner", "Scan Direction": "Forward", "Index Name": "idx_lineitem_orderkey", "Relation Name": "lineitem", "Alias": "lineitem", "Startup Cost": 0.0, "Total Cost": 5.41, "Plan Rows": 3, "Plan Width": 8, "Index Cond": "(l_orderkey = orders.o_orderkey)", "Filter": "(l_commitdate < l_receiptdate)"}]}]}]}, "Unique SQL Id": 3745551476, "Planner Runtime": 0}, "explain_analyze_plan": {"Plan": {"Node Type": "Sort", "Startup Cost": 1118574.92, "Total Cost": 1118574.93, "Plan Rows": 1, "Plan Width": 16, "Actual Startup Time": 8906.643, "Actual Total Time": 8906.643, "Actual Rows": 5, "Actual Loops": 1, "Sort Key": ["orders.o_orderpriority"], "Sort Method": "quicksort", "Sort Space Used": 25, "Sort Space Type": "Memory", "Plans": [{"Node Type": "Aggregate", "Strategy": "Hashed", "Parent Relationship": "Outer", "Startup Cost": 1118574.9, "Total Cost": 1118574.91, "Plan Rows": 1, "Plan Width": 16, "Actual Startup Time": 8906.597, "Actual Total Time": 8906.6, "Actual Rows": 5, "Actual Loops": 1, "Group By Key": ["orders.o_orderpriority"], "Plans": [{"Node Type": "Nested Loop", "Parent Relationship": "Outer", "Join Type": "Semi", "Startup Cost": 411.57, "Total Cost": 1115727.85, "Plan Rows": 569410, "Plan Width": 16, "Actual Startup Time": 0.057, "Actual Total Time": 8627.866, "Actual Rows": 515106, "Actual Loops": 1, "Inner Unique": false, "Plans": [{"Node Type": "Seq Scan", "Parent Relationship": "Outer", "Relation Name": "orders", "Alias": "orders", "Startup Cost": 411.57, "Total Cost": 501411.18, "Plan Rows": 569410, "Plan Width": 24, "Actual Startup Time": 0.032, "Actual Total Time": 4710.886, "Actual Rows": 561612, "Actual Loops": 1, "Filter": "((o_orderdate >= '1995-01-01 00:00:00'::timestamp(0) without time zone) AND (o_orderdate < '1995-04-01 00:00:00'::timestamp without time zone)), (LLVM Optimized, Jit Execute)", "Rows Removed by Filter": 14438388}, {"Node Type": "Index Scan", "Parent Relationship": "Inner", "Scan Direction": "Forward", "Index Name": "idx_lineitem_orderkey", "Relation Name": "lineitem", "Alias": "lineitem", "Startup Cost": 0.0, "Total Cost": 5.41, "Plan Rows": 3, "Plan Width": 8, "Actual Startup Time": 3494.355, "Actual Total Time": 3494.355, "Actual Rows": 515106, "Actual Loops": 561612, "Index Cond": "(l_orderkey = orders.o_orderkey)", "Rows Removed by Index Recheck": 0, "Filter": "(l_commitdate < l_receiptdate)", "Rows Removed by Filter": 299676}]}]}]}, "Triggers": [], "Planner Runtime": 0, "Total Runtime": 8915.682, "Unique SQL Id": 3745551476}}, "(1, 61)": {"explain_plan": {"Plan": {"Node Type": "Sort", "Startup Cost": 1423139.57, "Total Cost": 1423139.57, "Plan Rows": 1, "Plan Width": 16, "Sort Key": ["orders.o_orderpriority"], "Plans": [{"Node Type": "Aggregate", "Strategy": "Hashed", "Parent Relationship": "Outer", "Startup Cost": 1423139.55, "Total Cost": 1423139.56, "Plan Rows": 1, "Plan Width": 16, "Group By Key": ["orders.o_orderpriority"], "Plans": [{"Node Type": "Nested Loop", "Parent Relationship": "Outer", "Join Type": "Semi", "Startup Cost": 0.0, "Total Cost": 1420292.5, "Plan Rows": 569410, "Plan Width": 16, "Inner Unique": false, "Plans": [{"Node Type": "Index Scan", "Parent Relationship": "Outer", "Scan Direction": "Forward", "Index Name": "orders_pkey", "Relation Name": "orders", "Alias": "orders", "Startup Cost": 0.0, "Total Cost": 805975.83, "Plan Rows": 569410, "Plan Width": 24, "Filter": "((o_orderdate >= '1995-01-01 00:00:00'::timestamp(0) without time zone) AND (o_orderdate < '1995-04-01 00:00:00'::timestamp without time zone)), (LLVM Optimized)"}, {"Node Type": "Index Scan", "Parent Relationship": "Inner", "Scan Direction": "Forward", "Index Name": "idx_lineitem_orderkey", "Relation Name": "lineitem", "Alias": "lineitem", "Startup Cost": 0.0, "Total Cost": 5.41, "Plan Rows": 3, "Plan Width": 8, "Index Cond": "(l_orderkey = orders.o_orderkey)", "Filter": "(l_commitdate < l_receiptdate)"}]}]}]}, "Unique SQL Id": 3745551476, "Planner Runtime": 0}, "explain_analyze_plan": null}, "(1, 62)": {"explain_plan": {"Plan": {"Node Type": "Sort", "Startup Cost": 18812644104.77, "Total Cost": 18812644104.77, "Plan Rows": 1, "Plan Width": 16, "Sort Key": ["orders.o_orderpriority"], "Plans": [{"Node Type": "Aggregate", "Strategy": "Hashed", "Parent Relationship": "Outer", "Startup Cost": 18812644104.75, "Total Cost": 18812644104.76, "Plan Rows": 1, "Plan Width": 16, "Group By Key": ["orders.o_orderpriority"], "Plans": [{"Node Type": "Nested Loop", "Parent Relationship": "Outer", "Join Type": "Inner", "Startup Cost": 2215483.68, "Total Cost": 18812641257.7, "Plan Rows": 569410, "Plan Width": 16, "Inner Unique": true, "Join Filter": "(orders.o_orderkey = lineitem.l_orderkey), (LLVM Optimized)", "Plans": [{"Node Type": "Aggregate", "Strategy": "Hashed", "Parent Relationship": "Outer", "Startup Cost": 2215072.11, "Total Cost": 2237094.79, "Plan Rows": 2202268, "Plan Width": 8, "Group By Key": ["lineitem.l_orderkey"], "Plans": [{"Node Type": "Seq Scan", "Parent Relationship": "Outer", "Relation Name": "lineitem", "Alias": "lineitem", "Startup Cost": 0.0, "Total Cost": 2165082.91, "Plan Rows": 19995678, "Plan Width": 8, "Filter": "(l_commitdate < l_receiptdate), (LLVM Optimized)"}]}, {"Node Type": "Materialize", "Parent Relationship": "Inner", "Startup Cost": 411.57, "Total Cost": 504258.23, "Plan Rows": 569410, "Plan Width": 24, "Plans": [{"Node Type": "Seq Scan", "Parent Relationship": "Outer", "Relation Name": "orders", "Alias": "orders", "Startup Cost": 411.57, "Total Cost": 501411.18, "Plan Rows": 569410, "Plan Width": 24, "Filter": "((o_orderdate >= '1995-01-01 00:00:00'::timestamp(0) without time zone) AND (o_orderdate < '1995-04-01 00:00:00'::timestamp without time zone)), (LLVM Optimized)"}]}]}]}]}, "Unique SQL Id": 3745551476, "Planner Runtime": 0}, "explain_analyze_plan": null}, "(1, 63)": {"explain_plan": {"Plan": {"Node Type": "Sort", "Startup Cost": 2034307228087.09, "Total Cost": 2034307228087.1, "Plan Rows": 1, "Plan Width": 16, "Sort Key": ["orders.o_orderpriority"], "Plans": [{"Node Type": "Aggregate", "Strategy": "Hashed", "Parent Relationship": "Outer", "Startup Cost": 2034307228087.07, "Total Cost": 2034307228087.08, "Plan Rows": 1, "Plan Width": 16, "Group By Key": ["orders.o_orderpriority"], "Plans": [{"Node Type": "Nested Loop", "Parent Relationship": "Outer", "Join Type": "Semi", "Startup Cost": 20000000000.0, "Total Cost": 2034307225240.02, "Plan Rows": 569410, "Plan Width": 16, "Inner Unique": false, "Join Filter": "(orders.o_orderkey = lineitem.l_orderkey), (LLVM Optimized)", "Plans": [{"Node Type": "Index Scan", "Parent Relationship": "Outer", "Scan Direction": "Forward", "Index Name": "orders_pkey", "Relation Name": "orders", "Alias": "orders", "Startup Cost": 10000000000.0, "Total Cost": 1000080597583.0, "Plan Rows": 569410, "Plan Width": 24, "Filter": "((o_orderdate >= '1995-01-01 00:00:00'::timestamp(0) without time zone) AND (o_orderdate < '1995-04-01 00:00:00'::timestamp without time zone)), (LLVM Optimized)"}, {"Node Type": "Materialize", "Parent Relationship": "Inner", "Startup Cost": 10000000000.0, "Total Cost": 1000339112111.14, "Plan Rows": 19995678, "Plan Width": 8, "Plans": [{"Node Type": "Index Scan", "Parent Relationship": "Outer", "Scan Direction": "Forward", "Index Name": "idx_lineitem_orderkey", "Relation Name": "lineitem", "Alias": "lineitem", "Startup Cost": 10000000000.0, "Total Cost": 1000339012132.75, "Plan Rows": 19995678, "Plan Width": 8, "Filter": "(l_commitdate < l_receiptdate), (LLVM Optimized)"}]}]}]}]}, "Unique SQL Id": 3745551476, "Planner Runtime": 0}, "explain_analyze_plan": null}, "(1, 64)": {"explain_plan": {"Plan": {"Node Type": "Sort", "Startup Cost": 916688.59, "Total Cost": 916688.6, "Plan Rows": 1, "Plan Width": 16, "Sort Key": ["orders.o_orderpriority"], "Plans": [{"Node Type": "Aggregate", "Strategy": "Hashed", "Parent Relationship": "Outer", "Startup Cost": 916688.57, "Total Cost": 916688.58, "Plan Rows": 1, "Plan Width": 16, "Group By Key": ["orders.o_orderpriority"], "Plans": [{"Node Type": "Nested Loop", "Parent Relationship": "Outer", "Join Type": "Semi", "Startup Cost": 14564.7, "Total Cost": 913841.52, "Plan Rows": 569410, "Plan Width": 16, "Inner Unique": false, "Plans": [{"Node Type": "Bitmap Heap Scan", "Parent Relationship": "Outer", "Relation Name": "orders", "Alias": "orders", "Startup Cost": 14564.7, "Total Cost": 299524.85, "Plan Rows": 569410, "Plan Width": 24, "Recheck Cond": "((o_orderdate >= '1995-01-01 00:00:00'::timestamp(0) without time zone) AND (o_orderdate < '1995-04-01 00:00:00'::timestamp without time zone)), (LLVM Optimized)", "Plans": [{"Node Type": "Bitmap Index Scan", "Parent Relationship": "Outer", "Index Name": "idx_orders_orderdate", "Startup Cost": 0.0, "Total Cost": 14422.35, "Plan Rows": 569410, "Plan Width": 0, "Index Cond": "((o_orderdate >= '1995-01-01 00:00:00'::timestamp(0) without time zone) AND (o_orderdate < '1995-04-01 00:00:00'::timestamp without time zone))"}]}, {"Node Type": "Index Scan", "Parent Relationship": "Inner", "Scan Direction": "Forward", "Index Name": "idx_lineitem_orderkey", "Relation Name": "lineitem", "Alias": "lineitem", "Startup Cost": 0.0, "Total Cost": 5.41, "Plan Rows": 3, "Plan Width": 8, "Index Cond": "(l_orderkey = orders.o_orderkey)", "Filter": "(l_commitdate < l_receiptdate)"}]}]}]}, "Unique SQL Id": 3745551476, "Planner Runtime": 0}, "explain_analyze_plan": {"Plan": {"Node Type": "Sort", "Startup Cost": 916688.59, "Total Cost": 916688.6, "Plan Rows": 1, "Plan Width": 16, "Actual Startup Time": 4955.529, "Actual Total Time": 4955.53, "Actual Rows": 5, "Actual Loops": 1, "Sort Key": ["orders.o_orderpriority"], "Sort Method": "quicksort", "Sort Space Used": 25, "Sort Space Type": "Memory", "Plans": [{"Node Type": "Aggregate", "Strategy": "Hashed", "Parent Relationship": "Outer", "Startup Cost": 916688.57, "Total Cost": 916688.58, "Plan Rows": 1, "Plan Width": 16, "Actual Startup Time": 4955.482, "Actual Total Time": 4955.483, "Actual Rows": 5, "Actual Loops": 1, "Group By Key": ["orders.o_orderpriority"], "Plans": [{"Node Type": "Nested Loop", "Parent Relationship": "Outer", "Join Type": "Semi", "Startup Cost": 14564.7, "Total Cost": 913841.52, "Plan Rows": 569410, "Plan Width": 16, "Actual Startup Time": 244.432, "Actual Total Time": 4673.233, "Actual Rows": 515106, "Actual Loops": 1, "Inner Unique": false, "Plans": [{"Node Type": "Bitmap Heap Scan", "Parent Relationship": "Outer", "Relation Name": "orders", "Alias": "orders", "Startup Cost": 14564.7, "Total Cost": 299524.85, "Plan Rows": 569410, "Plan Width": 24, "Actual Startup Time": 244.347, "Actual Total Time": 966.434, "Actual Rows": 561612, "Actual Loops": 1, "Recheck Cond": "((o_orderdate >= '1995-01-01 00:00:00'::timestamp(0) without time zone) AND (o_orderdate < '1995-04-01 00:00:00'::timestamp without time zone)), (LLVM Optimized, Jit Execute)", "Rows Removed by Index Recheck": 0, "Exact Heap Blocks": 241676, "Lossy Heap Blocks": 241676, "Plans": [{"Node Type": "Bitmap Index Scan", "Parent Relationship": "Outer", "Index Name": "idx_orders_orderdate", "Startup Cost": 0.0, "Total Cost": 14422.35, "Plan Rows": 569410, "Plan Width": 0, "Actual Startup Time": 169.789, "Actual Total Time": 169.789, "Actual Rows": 561612, "Actual Loops": 1, "Index Cond": "((o_orderdate >= '1995-01-01 00:00:00'::timestamp(0) without time zone) AND (o_orderdate < '1995-04-01 00:00:00'::timestamp without time zone))"}]}, {"Node Type": "Index Scan", "Parent Relationship": "Inner", "Scan Direction": "Forward", "Index Name": "idx_lineitem_orderkey", "Relation Name": "lineitem", "Alias": "lineitem", "Startup Cost": 0.0, "Total Cost": 5.41, "Plan Rows": 3, "Plan Width": 8, "Actual Startup Time": 3288.693, "Actual Total Time": 3288.693, "Actual Rows": 515106, "Actual Loops": 561612, "Index Cond": "(l_orderkey = orders.o_orderkey)", "Rows Removed by Index Recheck": 0, "Filter": "(l_commitdate < l_receiptdate)", "Rows Removed by Filter": 299676}]}]}]}, "Triggers": [], "Planner Runtime": 0, "Total Runtime": 4965.067, "Unique SQL Id": 3745551476}}, "(1, 65)": {"explain_plan": {"Plan": {"Node Type": "Sort", "Startup Cost": 916688.59, "Total Cost": 916688.6, "Plan Rows": 1, "Plan Width": 16, "Sort Key": ["orders.o_orderpriority"], "Plans": [{"Node Type": "Aggregate", "Strategy": "Hashed", "Parent Relationship": "Outer", "Startup Cost": 916688.57, "Total Cost": 916688.58, "Plan Rows": 1, "Plan Width": 16, "Group By Key": ["orders.o_orderpriority"], "Plans": [{"Node Type": "Nested Loop", "Parent Relationship": "Outer", "Join Type": "Semi", "Startup Cost": 14564.7, "Total Cost": 913841.52, "Plan Rows": 569410, "Plan Width": 16, "Inner Unique": false, "Plans": [{"Node Type": "Bitmap Heap Scan", "Parent Relationship": "Outer", "Relation Name": "orders", "Alias": "orders", "Startup Cost": 14564.7, "Total Cost": 299524.85, "Plan Rows": 569410, "Plan Width": 24, "Recheck Cond": "((o_orderdate >= '1995-01-01 00:00:00'::timestamp(0) without time zone) AND (o_orderdate < '1995-04-01 00:00:00'::timestamp without time zone)), (LLVM Optimized)", "Plans": [{"Node Type": "Bitmap Index Scan", "Parent Relationship": "Outer", "Index Name": "idx_orders_orderdate", "Startup Cost": 0.0, "Total Cost": 14422.35, "Plan Rows": 569410, "Plan Width": 0, "Index Cond": "((o_orderdate >= '1995-01-01 00:00:00'::timestamp(0) without time zone) AND (o_orderdate < '1995-04-01 00:00:00'::timestamp without time zone))"}]}, {"Node Type": "Index Scan", "Parent Relationship": "Inner", "Scan Direction": "Forward", "Index Name": "idx_lineitem_orderkey", "Relation Name": "lineitem", "Alias": "lineitem", "Startup Cost": 0.0, "Total Cost": 5.41, "Plan Rows": 3, "Plan Width": 8, "Index Cond": "(l_orderkey = orders.o_orderkey)", "Filter": "(l_commitdate < l_receiptdate)"}]}]}]}, "Unique SQL Id": 3745551476, "Planner Runtime": 0}, "explain_analyze_plan": {"Plan": {"Node Type": "Sort", "Startup Cost": 916688.59, "Total Cost": 916688.6, "Plan Rows": 1, "Plan Width": 16, "Actual Startup Time": 4955.529, "Actual Total Time": 4955.53, "Actual Rows": 5, "Actual Loops": 1, "Sort Key": ["orders.o_orderpriority"], "Sort Method": "quicksort", "Sort Space Used": 25, "Sort Space Type": "Memory", "Plans": [{"Node Type": "Aggregate", "Strategy": "Hashed", "Parent Relationship": "Outer", "Startup Cost": 916688.57, "Total Cost": 916688.58, "Plan Rows": 1, "Plan Width": 16, "Actual Startup Time": 4955.482, "Actual Total Time": 4955.483, "Actual Rows": 5, "Actual Loops": 1, "Group By Key": ["orders.o_orderpriority"], "Plans": [{"Node Type": "Nested Loop", "Parent Relationship": "Outer", "Join Type": "Semi", "Startup Cost": 14564.7, "Total Cost": 913841.52, "Plan Rows": 569410, "Plan Width": 16, "Actual Startup Time": 244.432, "Actual Total Time": 4673.233, "Actual Rows": 515106, "Actual Loops": 1, "Inner Unique": false, "Plans": [{"Node Type": "Bitmap Heap Scan", "Parent Relationship": "Outer", "Relation Name": "orders", "Alias": "orders", "Startup Cost": 14564.7, "Total Cost": 299524.85, "Plan Rows": 569410, "Plan Width": 24, "Actual Startup Time": 244.347, "Actual Total Time": 966.434, "Actual Rows": 561612, "Actual Loops": 1, "Recheck Cond": "((o_orderdate >= '1995-01-01 00:00:00'::timestamp(0) without time zone) AND (o_orderdate < '1995-04-01 00:00:00'::timestamp without time zone)), (LLVM Optimized, Jit Execute)", "Rows Removed by Index Recheck": 0, "Exact Heap Blocks": 241676, "Lossy Heap Blocks": 241676, "Plans": [{"Node Type": "Bitmap Index Scan", "Parent Relationship": "Outer", "Index Name": "idx_orders_orderdate", "Startup Cost": 0.0, "Total Cost": 14422.35, "Plan Rows": 569410, "Plan Width": 0, "Actual Startup Time": 169.789, "Actual Total Time": 169.789, "Actual Rows": 561612, "Actual Loops": 1, "Index Cond": "((o_orderdate >= '1995-01-01 00:00:00'::timestamp(0) without time zone) AND (o_orderdate < '1995-04-01 00:00:00'::timestamp without time zone))"}]}, {"Node Type": "Index Scan", "Parent Relationship": "Inner", "Scan Direction": "Forward", "Index Name": "idx_lineitem_orderkey", "Relation Name": "lineitem", "Alias": "lineitem", "Startup Cost": 0.0, "Total Cost": 5.41, "Plan Rows": 3, "Plan Width": 8, "Actual Startup Time": 3288.693, "Actual Total Time": 3288.693, "Actual Rows": 515106, "Actual Loops": 561612, "Index Cond": "(l_orderkey = orders.o_orderkey)", "Rows Removed by Index Recheck": 0, "Filter": "(l_commitdate < l_receiptdate)", "Rows Removed by Filter": 299676}]}]}]}, "Triggers": [], "Planner Runtime": 0, "Total Runtime": 4965.067, "Unique SQL Id": 3745551476}}, "(1, 66)": {"explain_plan": {"Plan": {"Node Type": "Sort", "Startup Cost": 2560249.27, "Total Cost": 2560249.28, "Plan Rows": 1, "Plan Width": 16, "Sort Key": ["orders.o_orderpriority"], "Plans": [{"Node Type": "Aggregate", "Strategy": "Hashed", "Parent Relationship": "Outer", "Startup Cost": 2560249.25, "Total Cost": 2560249.26, "Plan Rows": 1, "Plan Width": 16, "Group By Key": ["orders.o_orderpriority"], "Plans": [{"Node Type": "Hash Join", "Parent Relationship": "Outer", "Join Type": "Right Semi", "Startup Cost": 306642.48, "Total Cost": 2557402.2, "Plan Rows": 569410, "Plan Width": 16, "Inner Unique": true, "Hash Cond": "(lineitem.l_orderkey = orders.o_orderkey), (LLVM Optimized)", "Plans": [{"Node Type": "Seq Scan", "Parent Relationship": "Outer", "Relation Name": "lineitem", "Alias": "lineitem", "Startup Cost": 0.0, "Total Cost": 2165082.91, "Plan Rows": 19995678, "Plan Width": 8, "Filter": "(l_commitdate < l_receiptdate), (LLVM Optimized)"}, {"Node Type": "Hash", "Parent Relationship": "Inner", "Startup Cost": 299524.85, "Total Cost": 299524.85, "Plan Rows": 569410, "Plan Width": 24, "Plans": [{"Node Type": "Bitmap Heap Scan", "Parent Relationship": "Outer", "Relation Name": "orders", "Alias": "orders", "Startup Cost": 14564.7, "Total Cost": 299524.85, "Plan Rows": 569410, "Plan Width": 24, "Recheck Cond": "((o_orderdate >= '1995-01-01 00:00:00'::timestamp(0) without time zone) AND (o_orderdate < '1995-04-01 00:00:00'::timestamp without time zone)), (LLVM Optimized)", "Plans": [{"Node Type": "Bitmap Index Scan", "Parent Relationship": "Outer", "Index Name": "idx_orders_orderdate", "Startup Cost": 0.0, "Total Cost": 14422.35, "Plan Rows": 569410, "Plan Width": 0, "Index Cond": "((o_orderdate >= '1995-01-01 00:00:00'::timestamp(0) without time zone) AND (o_orderdate < '1995-04-01 00:00:00'::timestamp without time zone))"}]}]}]}]}]}, "Unique SQL Id": 3745551476, "Planner Runtime": 0}, "explain_analyze_plan": null}, "(1, 67)": {"explain_plan": {"Plan": {"Node Type": "Sort", "Startup Cost": 2781642.36, "Total Cost": 2781642.36, "Plan Rows": 1, "Plan Width": 16, "Sort Key": ["orders.o_orderpriority"], "Plans": [{"Node Type": "Aggregate", "Strategy": "Hashed", "Parent Relationship": "Outer", "Startup Cost": 2781642.34, "Total Cost": 2781642.35, "Plan Rows": 1, "Plan Width": 16, "Group By Key": ["orders.o_orderpriority"], "Plans": [{"Node Type": "Nested Loop", "Parent Relationship": "Outer", "Join Type": "Semi", "Startup Cost": 14566.65, "Total Cost": 2778795.29, "Plan Rows": 569410, "Plan Width": 16, "Inner Unique": false, "Plans": [{"Node Type": "Bitmap Heap Scan", "Parent Relationship": "Outer", "Relation Name": "orders", "Alias": "orders", "Startup Cost": 14564.7, "Total Cost": 299524.85, "Plan Rows": 569410, "Plan Width": 24, "Recheck Cond": "((o_orderdate >= '1995-01-01 00:00:00'::timestamp(0) without time zone) AND (o_orderdate < '1995-04-01 00:00:00'::timestamp without time zone)), (LLVM Optimized)", "Plans": [{"Node Type": "Bitmap Index Scan", "Parent Relationship": "Outer", "Index Name": "idx_orders_orderdate", "Startup Cost": 0.0, "Total Cost": 14422.35, "Plan Rows": 569410, "Plan Width": 0, "Index Cond": "((o_orderdate >= '1995-01-01 00:00:00'::timestamp(0) without time zone) AND (o_orderdate < '1995-04-01 00:00:00'::timestamp without time zone))"}]}, {"Node Type": "Bitmap Heap Scan", "Parent Relationship": "Inner", "Relation Name": "lineitem", "Alias": "lineitem", "Startup Cost": 1.94, "Total Cost": 14.06, "Plan Rows": 3, "Plan Width": 8, "Recheck Cond": "(l_orderkey = orders.o_orderkey)", "Filter": "(l_commitdate < l_receiptdate)", "Plans": [{"Node Type": "Bitmap Index Scan", "Parent Relationship": "Outer", "Index Name": "idx_lineitem_orderkey", "Startup Cost": 0.0, "Total Cost": 1.94, "Plan Rows": 9, "Plan Width": 0, "Index Cond": "(l_orderkey = orders.o_orderkey)"}]}]}]}]}, "Unique SQL Id": 3745551476, "Planner Runtime": 0}, "explain_analyze_plan": {"Plan": {"Node Type": "Sort", "Startup Cost": 2781642.36, "Total Cost": 2781642.36, "Plan Rows": 1, "Plan Width": 16, "Actual Startup Time": 6863.223, "Actual Total Time": 6863.225, "Actual Rows": 5, "Actual Loops": 1, "Sort Key": ["orders.o_orderpriority"], "Sort Method": "quicksort", "Sort Space Used": 25, "Sort Space Type": "Memory", "Plans": [{"Node Type": "Aggregate", "Strategy": "Hashed", "Parent Relationship": "Outer", "Startup Cost": 2781642.34, "Total Cost": 2781642.35, "Plan Rows": 1, "Plan Width": 16, "Actual Startup Time": 6863.09, "Actual Total Time": 6863.105, "Actual Rows": 5, "Actual Loops": 1, "Group By Key": ["orders.o_orderpriority"], "Plans": [{"Node Type": "Nested Loop", "Parent Relationship": "Outer", "Join Type": "Semi", "Startup Cost": 14566.65, "Total Cost": 2778795.29, "Plan Rows": 569410, "Plan Width": 16, "Actual Startup Time": 247.984, "Actual Total Time": 6556.711, "Actual Rows": 515106, "Actual Loops": 1, "Inner Unique": false, "Plans": [{"Node Type": "Bitmap Heap Scan", "Parent Relationship": "Outer", "Relation Name": "orders", "Alias": "orders", "Startup Cost": 14564.7, "Total Cost": 299524.85, "Plan Rows": 569410, "Plan Width": 24, "Actual Startup Time": 247.881, "Actual Total Time": 1049.55, "Actual Rows": 561612, "Actual Loops": 1, "Recheck Cond": "((o_orderdate >= '1995-01-01 00:00:00'::timestamp(0) without time zone) AND (o_orderdate < '1995-04-01 00:00:00'::timestamp without time zone)), (LLVM Optimized, Jit Execute)", "Rows Removed by Index Recheck": 0, "Exact Heap Blocks": 241676, "Lossy Heap Blocks": 241676, "Plans": [{"Node Type": "Bitmap Index Scan", "Parent Relationship": "Outer", "Index Name": "idx_orders_orderdate", "Startup Cost": 0.0, "Total Cost": 14422.35, "Plan Rows": 569410, "Plan Width": 0, "Actual Startup Time": 172.696, "Actual Total Time": 172.696, "Actual Rows": 561612, "Actual Loops": 1, "Index Cond": "((o_orderdate >= '1995-01-01 00:00:00'::timestamp(0) without time zone) AND (o_orderdate < '1995-04-01 00:00:00'::timestamp without time zone))"}]}, {"Node Type": "Bitmap Heap Scan", "Parent Relationship": "Inner", "Relation Name": "lineitem", "Alias": "lineitem", "Startup Cost": 1.94, "Total Cost": 14.06, "Plan Rows": 3, "Plan Width": 8, "Actual Startup Time": 4756.399, "Actual Total Time": 4756.399, "Actual Rows": 515106, "Actual Loops": 561612, "Recheck Cond": "(l_orderkey = orders.o_orderkey)", "Rows Removed by Index Recheck": 0, "Filter": "(l_commitdate < l_receiptdate)", "Rows Removed by Filter": 299676, "Exact Heap Blocks": 567798, "Lossy Heap Blocks": 567798, "Plans": [{"Node Type": "Bitmap Index Scan", "Parent Relationship": "Outer", "Index Name": "idx_lineitem_orderkey", "Startup Cost": 0.0, "Total Cost": 1.94, "Plan Rows": 9, "Plan Width": 0, "Actual Startup Time": 2428.769, "Actual Total Time": 2428.769, "Actual Rows": 2246588, "Actual Loops": 561612, "Index Cond": "(l_orderkey = orders.o_orderkey)"}]}]}]}]}, "Triggers": [], "Planner Runtime": 0, "Total Runtime": 6876.889, "Unique SQL Id": 3745551476}}, "(1, 68)": {"explain_plan": {"Plan": {"Node Type": "Sort", "Startup Cost": 916688.59, "Total Cost": 916688.6, "Plan Rows": 1, "Plan Width": 16, "Sort Key": ["orders.o_orderpriority"], "Plans": [{"Node Type": "Aggregate", "Strategy": "Hashed", "Parent Relationship": "Outer", "Startup Cost": 916688.57, "Total Cost": 916688.58, "Plan Rows": 1, "Plan Width": 16, "Group By Key": ["orders.o_orderpriority"], "Plans": [{"Node Type": "Nested Loop", "Parent Relationship": "Outer", "Join Type": "Semi", "Startup Cost": 14564.7, "Total Cost": 913841.52, "Plan Rows": 569410, "Plan Width": 16, "Inner Unique": false, "Plans": [{"Node Type": "Bitmap Heap Scan", "Parent Relationship": "Outer", "Relation Name": "orders", "Alias": "orders", "Startup Cost": 14564.7, "Total Cost": 299524.85, "Plan Rows": 569410, "Plan Width": 24, "Recheck Cond": "((o_orderdate >= '1995-01-01 00:00:00'::timestamp(0) without time zone) AND (o_orderdate < '1995-04-01 00:00:00'::timestamp without time zone)), (LLVM Optimized)", "Plans": [{"Node Type": "Bitmap Index Scan", "Parent Relationship": "Outer", "Index Name": "idx_orders_orderdate", "Startup Cost": 0.0, "Total Cost": 14422.35, "Plan Rows": 569410, "Plan Width": 0, "Index Cond": "((o_orderdate >= '1995-01-01 00:00:00'::timestamp(0) without time zone) AND (o_orderdate < '1995-04-01 00:00:00'::timestamp without time zone))"}]}, {"Node Type": "Index Scan", "Parent Relationship": "Inner", "Scan Direction": "Forward", "Index Name": "idx_lineitem_orderkey", "Relation Name": "lineitem", "Alias": "lineitem", "Startup Cost": 0.0, "Total Cost": 5.41, "Plan Rows": 3, "Plan Width": 8, "Index Cond": "(l_orderkey = orders.o_orderkey)", "Filter": "(l_commitdate < l_receiptdate)"}]}]}]}, "Unique SQL Id": 3745551476, "Planner Runtime": 0}, "explain_analyze_plan": {"Plan": {"Node Type": "Sort", "Startup Cost": 916688.59, "Total Cost": 916688.6, "Plan Rows": 1, "Plan Width": 16, "Actual Startup Time": 4955.529, "Actual Total Time": 4955.53, "Actual Rows": 5, "Actual Loops": 1, "Sort Key": ["orders.o_orderpriority"], "Sort Method": "quicksort", "Sort Space Used": 25, "Sort Space Type": "Memory", "Plans": [{"Node Type": "Aggregate", "Strategy": "Hashed", "Parent Relationship": "Outer", "Startup Cost": 916688.57, "Total Cost": 916688.58, "Plan Rows": 1, "Plan Width": 16, "Actual Startup Time": 4955.482, "Actual Total Time": 4955.483, "Actual Rows": 5, "Actual Loops": 1, "Group By Key": ["orders.o_orderpriority"], "Plans": [{"Node Type": "Nested Loop", "Parent Relationship": "Outer", "Join Type": "Semi", "Startup Cost": 14564.7, "Total Cost": 913841.52, "Plan Rows": 569410, "Plan Width": 16, "Actual Startup Time": 244.432, "Actual Total Time": 4673.233, "Actual Rows": 515106, "Actual Loops": 1, "Inner Unique": false, "Plans": [{"Node Type": "Bitmap Heap Scan", "Parent Relationship": "Outer", "Relation Name": "orders", "Alias": "orders", "Startup Cost": 14564.7, "Total Cost": 299524.85, "Plan Rows": 569410, "Plan Width": 24, "Actual Startup Time": 244.347, "Actual Total Time": 966.434, "Actual Rows": 561612, "Actual Loops": 1, "Recheck Cond": "((o_orderdate >= '1995-01-01 00:00:00'::timestamp(0) without time zone) AND (o_orderdate < '1995-04-01 00:00:00'::timestamp without time zone)), (LLVM Optimized, Jit Execute)", "Rows Removed by Index Recheck": 0, "Exact Heap Blocks": 241676, "Lossy Heap Blocks": 241676, "Plans": [{"Node Type": "Bitmap Index Scan", "Parent Relationship": "Outer", "Index Name": "idx_orders_orderdate", "Startup Cost": 0.0, "Total Cost": 14422.35, "Plan Rows": 569410, "Plan Width": 0, "Actual Startup Time": 169.789, "Actual Total Time": 169.789, "Actual Rows": 561612, "Actual Loops": 1, "Index Cond": "((o_orderdate >= '1995-01-01 00:00:00'::timestamp(0) without time zone) AND (o_orderdate < '1995-04-01 00:00:00'::timestamp without time zone))"}]}, {"Node Type": "Index Scan", "Parent Relationship": "Inner", "Scan Direction": "Forward", "Index Name": "idx_lineitem_orderkey", "Relation Name": "lineitem", "Alias": "lineitem", "Startup Cost": 0.0, "Total Cost": 5.41, "Plan Rows": 3, "Plan Width": 8, "Actual Startup Time": 3288.693, "Actual Total Time": 3288.693, "Actual Rows": 515106, "Actual Loops": 561612, "Index Cond": "(l_orderkey = orders.o_orderkey)", "Rows Removed by Index Recheck": 0, "Filter": "(l_commitdate < l_receiptdate)", "Rows Removed by Filter": 299676}]}]}]}, "Triggers": [], "Planner Runtime": 0, "Total Runtime": 4965.067, "Unique SQL Id": 3745551476}}, "(1, 69)": {"explain_plan": {"Plan": {"Node Type": "Sort", "Startup Cost": 916688.59, "Total Cost": 916688.6, "Plan Rows": 1, "Plan Width": 16, "Sort Key": ["orders.o_orderpriority"], "Plans": [{"Node Type": "Aggregate", "Strategy": "Hashed", "Parent Relationship": "Outer", "Startup Cost": 916688.57, "Total Cost": 916688.58, "Plan Rows": 1, "Plan Width": 16, "Group By Key": ["orders.o_orderpriority"], "Plans": [{"Node Type": "Nested Loop", "Parent Relationship": "Outer", "Join Type": "Semi", "Startup Cost": 14564.7, "Total Cost": 913841.52, "Plan Rows": 569410, "Plan Width": 16, "Inner Unique": false, "Plans": [{"Node Type": "Bitmap Heap Scan", "Parent Relationship": "Outer", "Relation Name": "orders", "Alias": "orders", "Startup Cost": 14564.7, "Total Cost": 299524.85, "Plan Rows": 569410, "Plan Width": 24, "Recheck Cond": "((o_orderdate >= '1995-01-01 00:00:00'::timestamp(0) without time zone) AND (o_orderdate < '1995-04-01 00:00:00'::timestamp without time zone)), (LLVM Optimized)", "Plans": [{"Node Type": "Bitmap Index Scan", "Parent Relationship": "Outer", "Index Name": "idx_orders_orderdate", "Startup Cost": 0.0, "Total Cost": 14422.35, "Plan Rows": 569410, "Plan Width": 0, "Index Cond": "((o_orderdate >= '1995-01-01 00:00:00'::timestamp(0) without time zone) AND (o_orderdate < '1995-04-01 00:00:00'::timestamp without time zone))"}]}, {"Node Type": "Index Scan", "Parent Relationship": "Inner", "Scan Direction": "Forward", "Index Name": "idx_lineitem_orderkey", "Relation Name": "lineitem", "Alias": "lineitem", "Startup Cost": 0.0, "Total Cost": 5.41, "Plan Rows": 3, "Plan Width": 8, "Index Cond": "(l_orderkey = orders.o_orderkey)", "Filter": "(l_commitdate < l_receiptdate)"}]}]}]}, "Unique SQL Id": 3745551476, "Planner Runtime": 0}, "explain_analyze_plan": {"Plan": {"Node Type": "Sort", "Startup Cost": 916688.59, "Total Cost": 916688.6, "Plan Rows": 1, "Plan Width": 16, "Actual Startup Time": 4955.529, "Actual Total Time": 4955.53, "Actual Rows": 5, "Actual Loops": 1, "Sort Key": ["orders.o_orderpriority"], "Sort Method": "quicksort", "Sort Space Used": 25, "Sort Space Type": "Memory", "Plans": [{"Node Type": "Aggregate", "Strategy": "Hashed", "Parent Relationship": "Outer", "Startup Cost": 916688.57, "Total Cost": 916688.58, "Plan Rows": 1, "Plan Width": 16, "Actual Startup Time": 4955.482, "Actual Total Time": 4955.483, "Actual Rows": 5, "Actual Loops": 1, "Group By Key": ["orders.o_orderpriority"], "Plans": [{"Node Type": "Nested Loop", "Parent Relationship": "Outer", "Join Type": "Semi", "Startup Cost": 14564.7, "Total Cost": 913841.52, "Plan Rows": 569410, "Plan Width": 16, "Actual Startup Time": 244.432, "Actual Total Time": 4673.233, "Actual Rows": 515106, "Actual Loops": 1, "Inner Unique": false, "Plans": [{"Node Type": "Bitmap Heap Scan", "Parent Relationship": "Outer", "Relation Name": "orders", "Alias": "orders", "Startup Cost": 14564.7, "Total Cost": 299524.85, "Plan Rows": 569410, "Plan Width": 24, "Actual Startup Time": 244.347, "Actual Total Time": 966.434, "Actual Rows": 561612, "Actual Loops": 1, "Recheck Cond": "((o_orderdate >= '1995-01-01 00:00:00'::timestamp(0) without time zone) AND (o_orderdate < '1995-04-01 00:00:00'::timestamp without time zone)), (LLVM Optimized, Jit Execute)", "Rows Removed by Index Recheck": 0, "Exact Heap Blocks": 241676, "Lossy Heap Blocks": 241676, "Plans": [{"Node Type": "Bitmap Index Scan", "Parent Relationship": "Outer", "Index Name": "idx_orders_orderdate", "Startup Cost": 0.0, "Total Cost": 14422.35, "Plan Rows": 569410, "Plan Width": 0, "Actual Startup Time": 169.789, "Actual Total Time": 169.789, "Actual Rows": 561612, "Actual Loops": 1, "Index Cond": "((o_orderdate >= '1995-01-01 00:00:00'::timestamp(0) without time zone) AND (o_orderdate < '1995-04-01 00:00:00'::timestamp without time zone))"}]}, {"Node Type": "Index Scan", "Parent Relationship": "Inner", "Scan Direction": "Forward", "Index Name": "idx_lineitem_orderkey", "Relation Name": "lineitem", "Alias": "lineitem", "Startup Cost": 0.0, "Total Cost": 5.41, "Plan Rows": 3, "Plan Width": 8, "Actual Startup Time": 3288.693, "Actual Total Time": 3288.693, "Actual Rows": 515106, "Actual Loops": 561612, "Index Cond": "(l_orderkey = orders.o_orderkey)", "Rows Removed by Index Recheck": 0, "Filter": "(l_commitdate < l_receiptdate)", "Rows Removed by Filter": 299676}]}]}]}, "Triggers": [], "Planner Runtime": 0, "Total Runtime": 4965.067, "Unique SQL Id": 3745551476}}, "(1, 70)": {"explain_plan": {"Plan": {"Node Type": "Sort", "Startup Cost": 2560249.27, "Total Cost": 2560249.28, "Plan Rows": 1, "Plan Width": 16, "Sort Key": ["orders.o_orderpriority"], "Plans": [{"Node Type": "Aggregate", "Strategy": "Hashed", "Parent Relationship": "Outer", "Startup Cost": 2560249.25, "Total Cost": 2560249.26, "Plan Rows": 1, "Plan Width": 16, "Group By Key": ["orders.o_orderpriority"], "Plans": [{"Node Type": "Hash Join", "Parent Relationship": "Outer", "Join Type": "Right Semi", "Startup Cost": 306642.48, "Total Cost": 2557402.2, "Plan Rows": 569410, "Plan Width": 16, "Inner Unique": true, "Hash Cond": "(lineitem.l_orderkey = orders.o_orderkey), (LLVM Optimized)", "Plans": [{"Node Type": "Seq Scan", "Parent Relationship": "Outer", "Relation Name": "lineitem", "Alias": "lineitem", "Startup Cost": 0.0, "Total Cost": 2165082.91, "Plan Rows": 19995678, "Plan Width": 8, "Filter": "(l_commitdate < l_receiptdate), (LLVM Optimized)"}, {"Node Type": "Hash", "Parent Relationship": "Inner", "Startup Cost": 299524.85, "Total Cost": 299524.85, "Plan Rows": 569410, "Plan Width": 24, "Plans": [{"Node Type": "Bitmap Heap Scan", "Parent Relationship": "Outer", "Relation Name": "orders", "Alias": "orders", "Startup Cost": 14564.7, "Total Cost": 299524.85, "Plan Rows": 569410, "Plan Width": 24, "Recheck Cond": "((o_orderdate >= '1995-01-01 00:00:00'::timestamp(0) without time zone) AND (o_orderdate < '1995-04-01 00:00:00'::timestamp without time zone)), (LLVM Optimized)", "Plans": [{"Node Type": "Bitmap Index Scan", "Parent Relationship": "Outer", "Index Name": "idx_orders_orderdate", "Startup Cost": 0.0, "Total Cost": 14422.35, "Plan Rows": 569410, "Plan Width": 0, "Index Cond": "((o_orderdate >= '1995-01-01 00:00:00'::timestamp(0) without time zone) AND (o_orderdate < '1995-04-01 00:00:00'::timestamp without time zone))"}]}]}]}]}]}, "Unique SQL Id": 3745551476, "Planner Runtime": 0}, "explain_analyze_plan": null}, "(1, 71)": {"explain_plan": {"Plan": {"Node Type": "Sort", "Startup Cost": 2781642.36, "Total Cost": 2781642.36, "Plan Rows": 1, "Plan Width": 16, "Sort Key": ["orders.o_orderpriority"], "Plans": [{"Node Type": "Aggregate", "Strategy": "Hashed", "Parent Relationship": "Outer", "Startup Cost": 2781642.34, "Total Cost": 2781642.35, "Plan Rows": 1, "Plan Width": 16, "Group By Key": ["orders.o_orderpriority"], "Plans": [{"Node Type": "Nested Loop", "Parent Relationship": "Outer", "Join Type": "Semi", "Startup Cost": 14566.65, "Total Cost": 2778795.29, "Plan Rows": 569410, "Plan Width": 16, "Inner Unique": false, "Plans": [{"Node Type": "Bitmap Heap Scan", "Parent Relationship": "Outer", "Relation Name": "orders", "Alias": "orders", "Startup Cost": 14564.7, "Total Cost": 299524.85, "Plan Rows": 569410, "Plan Width": 24, "Recheck Cond": "((o_orderdate >= '1995-01-01 00:00:00'::timestamp(0) without time zone) AND (o_orderdate < '1995-04-01 00:00:00'::timestamp without time zone)), (LLVM Optimized)", "Plans": [{"Node Type": "Bitmap Index Scan", "Parent Relationship": "Outer", "Index Name": "idx_orders_orderdate", "Startup Cost": 0.0, "Total Cost": 14422.35, "Plan Rows": 569410, "Plan Width": 0, "Index Cond": "((o_orderdate >= '1995-01-01 00:00:00'::timestamp(0) without time zone) AND (o_orderdate < '1995-04-01 00:00:00'::timestamp without time zone))"}]}, {"Node Type": "Bitmap Heap Scan", "Parent Relationship": "Inner", "Relation Name": "lineitem", "Alias": "lineitem", "Startup Cost": 1.94, "Total Cost": 14.06, "Plan Rows": 3, "Plan Width": 8, "Recheck Cond": "(l_orderkey = orders.o_orderkey)", "Filter": "(l_commitdate < l_receiptdate)", "Plans": [{"Node Type": "Bitmap Index Scan", "Parent Relationship": "Outer", "Index Name": "idx_lineitem_orderkey", "Startup Cost": 0.0, "Total Cost": 1.94, "Plan Rows": 9, "Plan Width": 0, "Index Cond": "(l_orderkey = orders.o_orderkey)"}]}]}]}]}, "Unique SQL Id": 3745551476, "Planner Runtime": 0}, "explain_analyze_plan": {"Plan": {"Node Type": "Sort", "Startup Cost": 2781642.36, "Total Cost": 2781642.36, "Plan Rows": 1, "Plan Width": 16, "Actual Startup Time": 6863.223, "Actual Total Time": 6863.225, "Actual Rows": 5, "Actual Loops": 1, "Sort Key": ["orders.o_orderpriority"], "Sort Method": "quicksort", "Sort Space Used": 25, "Sort Space Type": "Memory", "Plans": [{"Node Type": "Aggregate", "Strategy": "Hashed", "Parent Relationship": "Outer", "Startup Cost": 2781642.34, "Total Cost": 2781642.35, "Plan Rows": 1, "Plan Width": 16, "Actual Startup Time": 6863.09, "Actual Total Time": 6863.105, "Actual Rows": 5, "Actual Loops": 1, "Group By Key": ["orders.o_orderpriority"], "Plans": [{"Node Type": "Nested Loop", "Parent Relationship": "Outer", "Join Type": "Semi", "Startup Cost": 14566.65, "Total Cost": 2778795.29, "Plan Rows": 569410, "Plan Width": 16, "Actual Startup Time": 247.984, "Actual Total Time": 6556.711, "Actual Rows": 515106, "Actual Loops": 1, "Inner Unique": false, "Plans": [{"Node Type": "Bitmap Heap Scan", "Parent Relationship": "Outer", "Relation Name": "orders", "Alias": "orders", "Startup Cost": 14564.7, "Total Cost": 299524.85, "Plan Rows": 569410, "Plan Width": 24, "Actual Startup Time": 247.881, "Actual Total Time": 1049.55, "Actual Rows": 561612, "Actual Loops": 1, "Recheck Cond": "((o_orderdate >= '1995-01-01 00:00:00'::timestamp(0) without time zone) AND (o_orderdate < '1995-04-01 00:00:00'::timestamp without time zone)), (LLVM Optimized, Jit Execute)", "Rows Removed by Index Recheck": 0, "Exact Heap Blocks": 241676, "Lossy Heap Blocks": 241676, "Plans": [{"Node Type": "Bitmap Index Scan", "Parent Relationship": "Outer", "Index Name": "idx_orders_orderdate", "Startup Cost": 0.0, "Total Cost": 14422.35, "Plan Rows": 569410, "Plan Width": 0, "Actual Startup Time": 172.696, "Actual Total Time": 172.696, "Actual Rows": 561612, "Actual Loops": 1, "Index Cond": "((o_orderdate >= '1995-01-01 00:00:00'::timestamp(0) without time zone) AND (o_orderdate < '1995-04-01 00:00:00'::timestamp without time zone))"}]}, {"Node Type": "Bitmap Heap Scan", "Parent Relationship": "Inner", "Relation Name": "lineitem", "Alias": "lineitem", "Startup Cost": 1.94, "Total Cost": 14.06, "Plan Rows": 3, "Plan Width": 8, "Actual Startup Time": 4756.399, "Actual Total Time": 4756.399, "Actual Rows": 515106, "Actual Loops": 561612, "Recheck Cond": "(l_orderkey = orders.o_orderkey)", "Rows Removed by Index Recheck": 0, "Filter": "(l_commitdate < l_receiptdate)", "Rows Removed by Filter": 299676, "Exact Heap Blocks": 567798, "Lossy Heap Blocks": 567798, "Plans": [{"Node Type": "Bitmap Index Scan", "Parent Relationship": "Outer", "Index Name": "idx_lineitem_orderkey", "Startup Cost": 0.0, "Total Cost": 1.94, "Plan Rows": 9, "Plan Width": 0, "Actual Startup Time": 2428.769, "Actual Total Time": 2428.769, "Actual Rows": 2246588, "Actual Loops": 561612, "Index Cond": "(l_orderkey = orders.o_orderkey)"}]}]}]}]}, "Triggers": [], "Planner Runtime": 0, "Total Runtime": 6876.889, "Unique SQL Id": 3745551476}}, "(1, 72)": {"explain_plan": {"Plan": {"Node Type": "Sort", "Startup Cost": 1118574.92, "Total Cost": 1118574.93, "Plan Rows": 1, "Plan Width": 16, "Sort Key": ["orders.o_orderpriority"], "Plans": [{"Node Type": "Aggregate", "Strategy": "Hashed", "Parent Relationship": "Outer", "Startup Cost": 1118574.9, "Total Cost": 1118574.91, "Plan Rows": 1, "Plan Width": 16, "Group By Key": ["orders.o_orderpriority"], "Plans": [{"Node Type": "Nested Loop", "Parent Relationship": "Outer", "Join Type": "Semi", "Startup Cost": 411.57, "Total Cost": 1115727.85, "Plan Rows": 569410, "Plan Width": 16, "Inner Unique": false, "Plans": [{"Node Type": "Seq Scan", "Parent Relationship": "Outer", "Relation Name": "orders", "Alias": "orders", "Startup Cost": 411.57, "Total Cost": 501411.18, "Plan Rows": 569410, "Plan Width": 24, "Filter": "((o_orderdate >= '1995-01-01 00:00:00'::timestamp(0) without time zone) AND (o_orderdate < '1995-04-01 00:00:00'::timestamp without time zone)), (LLVM Optimized)"}, {"Node Type": "Index Scan", "Parent Relationship": "Inner", "Scan Direction": "Forward", "Index Name": "idx_lineitem_orderkey", "Relation Name": "lineitem", "Alias": "lineitem", "Startup Cost": 0.0, "Total Cost": 5.41, "Plan Rows": 3, "Plan Width": 8, "Index Cond": "(l_orderkey = orders.o_orderkey)", "Filter": "(l_commitdate < l_receiptdate)"}]}]}]}, "Unique SQL Id": 3745551476, "Planner Runtime": 0}, "explain_analyze_plan": {"Plan": {"Node Type": "Sort", "Startup Cost": 1118574.92, "Total Cost": 1118574.93, "Plan Rows": 1, "Plan Width": 16, "Actual Startup Time": 8906.643, "Actual Total Time": 8906.643, "Actual Rows": 5, "Actual Loops": 1, "Sort Key": ["orders.o_orderpriority"], "Sort Method": "quicksort", "Sort Space Used": 25, "Sort Space Type": "Memory", "Plans": [{"Node Type": "Aggregate", "Strategy": "Hashed", "Parent Relationship": "Outer", "Startup Cost": 1118574.9, "Total Cost": 1118574.91, "Plan Rows": 1, "Plan Width": 16, "Actual Startup Time": 8906.597, "Actual Total Time": 8906.6, "Actual Rows": 5, "Actual Loops": 1, "Group By Key": ["orders.o_orderpriority"], "Plans": [{"Node Type": "Nested Loop", "Parent Relationship": "Outer", "Join Type": "Semi", "Startup Cost": 411.57, "Total Cost": 1115727.85, "Plan Rows": 569410, "Plan Width": 16, "Actual Startup Time": 0.057, "Actual Total Time": 8627.866, "Actual Rows": 515106, "Actual Loops": 1, "Inner Unique": false, "Plans": [{"Node Type": "Seq Scan", "Parent Relationship": "Outer", "Relation Name": "orders", "Alias": "orders", "Startup Cost": 411.57, "Total Cost": 501411.18, "Plan Rows": 569410, "Plan Width": 24, "Actual Startup Time": 0.032, "Actual Total Time": 4710.886, "Actual Rows": 561612, "Actual Loops": 1, "Filter": "((o_orderdate >= '1995-01-01 00:00:00'::timestamp(0) without time zone) AND (o_orderdate < '1995-04-01 00:00:00'::timestamp without time zone)), (LLVM Optimized, Jit Execute)", "Rows Removed by Filter": 14438388}, {"Node Type": "Index Scan", "Parent Relationship": "Inner", "Scan Direction": "Forward", "Index Name": "idx_lineitem_orderkey", "Relation Name": "lineitem", "Alias": "lineitem", "Startup Cost": 0.0, "Total Cost": 5.41, "Plan Rows": 3, "Plan Width": 8, "Actual Startup Time": 3494.355, "Actual Total Time": 3494.355, "Actual Rows": 515106, "Actual Loops": 561612, "Index Cond": "(l_orderkey = orders.o_orderkey)", "Rows Removed by Index Recheck": 0, "Filter": "(l_commitdate < l_receiptdate)", "Rows Removed by Filter": 299676}]}]}]}, "Triggers": [], "Planner Runtime": 0, "Total Runtime": 8915.682, "Unique SQL Id": 3745551476}}, "(1, 73)": {"explain_plan": {"Plan": {"Node Type": "Sort", "Startup Cost": 1423139.57, "Total Cost": 1423139.57, "Plan Rows": 1, "Plan Width": 16, "Sort Key": ["orders.o_orderpriority"], "Plans": [{"Node Type": "Aggregate", "Strategy": "Hashed", "Parent Relationship": "Outer", "Startup Cost": 1423139.55, "Total Cost": 1423139.56, "Plan Rows": 1, "Plan Width": 16, "Group By Key": ["orders.o_orderpriority"], "Plans": [{"Node Type": "Nested Loop", "Parent Relationship": "Outer", "Join Type": "Semi", "Startup Cost": 0.0, "Total Cost": 1420292.5, "Plan Rows": 569410, "Plan Width": 16, "Inner Unique": false, "Plans": [{"Node Type": "Index Scan", "Parent Relationship": "Outer", "Scan Direction": "Forward", "Index Name": "orders_pkey", "Relation Name": "orders", "Alias": "orders", "Startup Cost": 0.0, "Total Cost": 805975.83, "Plan Rows": 569410, "Plan Width": 24, "Filter": "((o_orderdate >= '1995-01-01 00:00:00'::timestamp(0) without time zone) AND (o_orderdate < '1995-04-01 00:00:00'::timestamp without time zone)), (LLVM Optimized)"}, {"Node Type": "Index Scan", "Parent Relationship": "Inner", "Scan Direction": "Forward", "Index Name": "idx_lineitem_orderkey", "Relation Name": "lineitem", "Alias": "lineitem", "Startup Cost": 0.0, "Total Cost": 5.41, "Plan Rows": 3, "Plan Width": 8, "Index Cond": "(l_orderkey = orders.o_orderkey)", "Filter": "(l_commitdate < l_receiptdate)"}]}]}]}, "Unique SQL Id": 3745551476, "Planner Runtime": 0}, "explain_analyze_plan": null}, "(1, 74)": {"explain_plan": {"Plan": {"Node Type": "Sort", "Startup Cost": 2762135.61, "Total Cost": 2762135.61, "Plan Rows": 1, "Plan Width": 16, "Sort Key": ["orders.o_orderpriority"], "Plans": [{"Node Type": "Aggregate", "Strategy": "Hashed", "Parent Relationship": "Outer", "Startup Cost": 2762135.59, "Total Cost": 2762135.6, "Plan Rows": 1, "Plan Width": 16, "Group By Key": ["orders.o_orderpriority"], "Plans": [{"Node Type": "Hash Join", "Parent Relationship": "Outer", "Join Type": "Right Semi", "Startup Cost": 508528.81, "Total Cost": 2759288.54, "Plan Rows": 569410, "Plan Width": 16, "Inner Unique": true, "Hash Cond": "(lineitem.l_orderkey = orders.o_orderkey), (LLVM Optimized)", "Plans": [{"Node Type": "Seq Scan", "Parent Relationship": "Outer", "Relation Name": "lineitem", "Alias": "lineitem", "Startup Cost": 0.0, "Total Cost": 2165082.91, "Plan Rows": 19995678, "Plan Width": 8, "Filter": "(l_commitdate < l_receiptdate), (LLVM Optimized)"}, {"Node Type": "Hash", "Parent Relationship": "Inner", "Startup Cost": 501411.18, "Total Cost": 501411.18, "Plan Rows": 569410, "Plan Width": 24, "Plans": [{"Node Type": "Seq Scan", "Parent Relationship": "Outer", "Relation Name": "orders", "Alias": "orders", "Startup Cost": 411.57, "Total Cost": 501411.18, "Plan Rows": 569410, "Plan Width": 24, "Filter": "((o_orderdate >= '1995-01-01 00:00:00'::timestamp(0) without time zone) AND (o_orderdate < '1995-04-01 00:00:00'::timestamp without time zone)), (LLVM Optimized)"}]}]}]}]}, "Unique SQL Id": 3745551476, "Planner Runtime": 0}, "explain_analyze_plan": null}, "(1, 75)": {"explain_plan": {"Plan": {"Node Type": "Sort", "Startup Cost": 2000403569659.73, "Total Cost": 2000403569659.74, "Plan Rows": 1, "Plan Width": 16, "Sort Key": ["orders.o_orderpriority"], "Plans": [{"Node Type": "Aggregate", "Strategy": "Hashed", "Parent Relationship": "Outer", "Startup Cost": 2000403569659.71, "Total Cost": 2000403569659.72, "Plan Rows": 1, "Plan Width": 16, "Group By Key": ["orders.o_orderpriority"], "Plans": [{"Node Type": "Merge Join", "Parent Relationship": "Outer", "Join Type": "Semi", "Startup Cost": 20036514449.31, "Total Cost": 2000403566812.66, "Plan Rows": 569410, "Plan Width": 16, "Inner Unique": false, "Merge Cond": "(orders.o_orderkey = lineitem.l_orderkey)", "Plans": [{"Node Type": "Index Scan", "Parent Relationship": "Outer", "Scan Direction": "Forward", "Index Name": "orders_pkey", "Relation Name": "orders", "Alias": "orders", "Startup Cost": 10000000000.0, "Total Cost": 1000080597583.0, "Plan Rows": 569410, "Plan Width": 24, "Filter": "((o_orderdate >= '1995-01-01 00:00:00'::timestamp(0) without time zone) AND (o_orderdate < '1995-04-01 00:00:00'::timestamp without time zone)), (LLVM Optimized)"}, {"Node Type": "Index Scan", "Parent Relationship": "Inner", "Scan Direction": "Forward", "Index Name": "idx_lineitem_orderkey", "Relation Name": "lineitem", "Alias": "lineitem", "Startup Cost": 10000000000.0, "Total Cost": 1000339012132.75, "Plan Rows": 19995678, "Plan Width": 8, "Filter": "(l_commitdate < l_receiptdate), (LLVM Optimized)"}]}]}]}, "Unique SQL Id": 3745551476, "Planner Runtime": 0}, "explain_analyze_plan": null}, "(1, 76)": {"explain_plan": {"Plan": {"Node Type": "Sort", "Startup Cost": 1118574.92, "Total Cost": 1118574.93, "Plan Rows": 1, "Plan Width": 16, "Sort Key": ["orders.o_orderpriority"], "Plans": [{"Node Type": "Aggregate", "Strategy": "Hashed", "Parent Relationship": "Outer", "Startup Cost": 1118574.9, "Total Cost": 1118574.91, "Plan Rows": 1, "Plan Width": 16, "Group By Key": ["orders.o_orderpriority"], "Plans": [{"Node Type": "Nested Loop", "Parent Relationship": "Outer", "Join Type": "Semi", "Startup Cost": 411.57, "Total Cost": 1115727.85, "Plan Rows": 569410, "Plan Width": 16, "Inner Unique": false, "Plans": [{"Node Type": "Seq Scan", "Parent Relationship": "Outer", "Relation Name": "orders", "Alias": "orders", "Startup Cost": 411.57, "Total Cost": 501411.18, "Plan Rows": 569410, "Plan Width": 24, "Filter": "((o_orderdate >= '1995-01-01 00:00:00'::timestamp(0) without time zone) AND (o_orderdate < '1995-04-01 00:00:00'::timestamp without time zone)), (LLVM Optimized)"}, {"Node Type": "Index Scan", "Parent Relationship": "Inner", "Scan Direction": "Forward", "Index Name": "idx_lineitem_orderkey", "Relation Name": "lineitem", "Alias": "lineitem", "Startup Cost": 0.0, "Total Cost": 5.41, "Plan Rows": 3, "Plan Width": 8, "Index Cond": "(l_orderkey = orders.o_orderkey)", "Filter": "(l_commitdate < l_receiptdate)"}]}]}]}, "Unique SQL Id": 3745551476, "Planner Runtime": 0}, "explain_analyze_plan": {"Plan": {"Node Type": "Sort", "Startup Cost": 1118574.92, "Total Cost": 1118574.93, "Plan Rows": 1, "Plan Width": 16, "Actual Startup Time": 8906.643, "Actual Total Time": 8906.643, "Actual Rows": 5, "Actual Loops": 1, "Sort Key": ["orders.o_orderpriority"], "Sort Method": "quicksort", "Sort Space Used": 25, "Sort Space Type": "Memory", "Plans": [{"Node Type": "Aggregate", "Strategy": "Hashed", "Parent Relationship": "Outer", "Startup Cost": 1118574.9, "Total Cost": 1118574.91, "Plan Rows": 1, "Plan Width": 16, "Actual Startup Time": 8906.597, "Actual Total Time": 8906.6, "Actual Rows": 5, "Actual Loops": 1, "Group By Key": ["orders.o_orderpriority"], "Plans": [{"Node Type": "Nested Loop", "Parent Relationship": "Outer", "Join Type": "Semi", "Startup Cost": 411.57, "Total Cost": 1115727.85, "Plan Rows": 569410, "Plan Width": 16, "Actual Startup Time": 0.057, "Actual Total Time": 8627.866, "Actual Rows": 515106, "Actual Loops": 1, "Inner Unique": false, "Plans": [{"Node Type": "Seq Scan", "Parent Relationship": "Outer", "Relation Name": "orders", "Alias": "orders", "Startup Cost": 411.57, "Total Cost": 501411.18, "Plan Rows": 569410, "Plan Width": 24, "Actual Startup Time": 0.032, "Actual Total Time": 4710.886, "Actual Rows": 561612, "Actual Loops": 1, "Filter": "((o_orderdate >= '1995-01-01 00:00:00'::timestamp(0) without time zone) AND (o_orderdate < '1995-04-01 00:00:00'::timestamp without time zone)), (LLVM Optimized, Jit Execute)", "Rows Removed by Filter": 14438388}, {"Node Type": "Index Scan", "Parent Relationship": "Inner", "Scan Direction": "Forward", "Index Name": "idx_lineitem_orderkey", "Relation Name": "lineitem", "Alias": "lineitem", "Startup Cost": 0.0, "Total Cost": 5.41, "Plan Rows": 3, "Plan Width": 8, "Actual Startup Time": 3494.355, "Actual Total Time": 3494.355, "Actual Rows": 515106, "Actual Loops": 561612, "Index Cond": "(l_orderkey = orders.o_orderkey)", "Rows Removed by Index Recheck": 0, "Filter": "(l_commitdate < l_receiptdate)", "Rows Removed by Filter": 299676}]}]}]}, "Triggers": [], "Planner Runtime": 0, "Total Runtime": 8915.682, "Unique SQL Id": 3745551476}}, "(1, 77)": {"explain_plan": {"Plan": {"Node Type": "Sort", "Startup Cost": 1423139.57, "Total Cost": 1423139.57, "Plan Rows": 1, "Plan Width": 16, "Sort Key": ["orders.o_orderpriority"], "Plans": [{"Node Type": "Aggregate", "Strategy": "Hashed", "Parent Relationship": "Outer", "Startup Cost": 1423139.55, "Total Cost": 1423139.56, "Plan Rows": 1, "Plan Width": 16, "Group By Key": ["orders.o_orderpriority"], "Plans": [{"Node Type": "Nested Loop", "Parent Relationship": "Outer", "Join Type": "Semi", "Startup Cost": 0.0, "Total Cost": 1420292.5, "Plan Rows": 569410, "Plan Width": 16, "Inner Unique": false, "Plans": [{"Node Type": "Index Scan", "Parent Relationship": "Outer", "Scan Direction": "Forward", "Index Name": "orders_pkey", "Relation Name": "orders", "Alias": "orders", "Startup Cost": 0.0, "Total Cost": 805975.83, "Plan Rows": 569410, "Plan Width": 24, "Filter": "((o_orderdate >= '1995-01-01 00:00:00'::timestamp(0) without time zone) AND (o_orderdate < '1995-04-01 00:00:00'::timestamp without time zone)), (LLVM Optimized)"}, {"Node Type": "Index Scan", "Parent Relationship": "Inner", "Scan Direction": "Forward", "Index Name": "idx_lineitem_orderkey", "Relation Name": "lineitem", "Alias": "lineitem", "Startup Cost": 0.0, "Total Cost": 5.41, "Plan Rows": 3, "Plan Width": 8, "Index Cond": "(l_orderkey = orders.o_orderkey)", "Filter": "(l_commitdate < l_receiptdate)"}]}]}]}, "Unique SQL Id": 3745551476, "Planner Runtime": 0}, "explain_analyze_plan": null}, "(1, 78)": {"explain_plan": {"Plan": {"Node Type": "Sort", "Startup Cost": 2762135.61, "Total Cost": 2762135.61, "Plan Rows": 1, "Plan Width": 16, "Sort Key": ["orders.o_orderpriority"], "Plans": [{"Node Type": "Aggregate", "Strategy": "Hashed", "Parent Relationship": "Outer", "Startup Cost": 2762135.59, "Total Cost": 2762135.6, "Plan Rows": 1, "Plan Width": 16, "Group By Key": ["orders.o_orderpriority"], "Plans": [{"Node Type": "Hash Join", "Parent Relationship": "Outer", "Join Type": "Right Semi", "Startup Cost": 508528.81, "Total Cost": 2759288.54, "Plan Rows": 569410, "Plan Width": 16, "Inner Unique": true, "Hash Cond": "(lineitem.l_orderkey = orders.o_orderkey), (LLVM Optimized)", "Plans": [{"Node Type": "Seq Scan", "Parent Relationship": "Outer", "Relation Name": "lineitem", "Alias": "lineitem", "Startup Cost": 0.0, "Total Cost": 2165082.91, "Plan Rows": 19995678, "Plan Width": 8, "Filter": "(l_commitdate < l_receiptdate), (LLVM Optimized)"}, {"Node Type": "Hash", "Parent Relationship": "Inner", "Startup Cost": 501411.18, "Total Cost": 501411.18, "Plan Rows": 569410, "Plan Width": 24, "Plans": [{"Node Type": "Seq Scan", "Parent Relationship": "Outer", "Relation Name": "orders", "Alias": "orders", "Startup Cost": 411.57, "Total Cost": 501411.18, "Plan Rows": 569410, "Plan Width": 24, "Filter": "((o_orderdate >= '1995-01-01 00:00:00'::timestamp(0) without time zone) AND (o_orderdate < '1995-04-01 00:00:00'::timestamp without time zone)), (LLVM Optimized)"}]}]}]}]}, "Unique SQL Id": 3745551476, "Planner Runtime": 0}, "explain_analyze_plan": null}, "(1, 79)": {"explain_plan": {"Plan": {"Node Type": "Sort", "Startup Cost": 2000403569659.73, "Total Cost": 2000403569659.74, "Plan Rows": 1, "Plan Width": 16, "Sort Key": ["orders.o_orderpriority"], "Plans": [{"Node Type": "Aggregate", "Strategy": "Hashed", "Parent Relationship": "Outer", "Startup Cost": 2000403569659.71, "Total Cost": 2000403569659.72, "Plan Rows": 1, "Plan Width": 16, "Group By Key": ["orders.o_orderpriority"], "Plans": [{"Node Type": "Merge Join", "Parent Relationship": "Outer", "Join Type": "Semi", "Startup Cost": 20036514449.31, "Total Cost": 2000403566812.66, "Plan Rows": 569410, "Plan Width": 16, "Inner Unique": false, "Merge Cond": "(orders.o_orderkey = lineitem.l_orderkey)", "Plans": [{"Node Type": "Index Scan", "Parent Relationship": "Outer", "Scan Direction": "Forward", "Index Name": "orders_pkey", "Relation Name": "orders", "Alias": "orders", "Startup Cost": 10000000000.0, "Total Cost": 1000080597583.0, "Plan Rows": 569410, "Plan Width": 24, "Filter": "((o_orderdate >= '1995-01-01 00:00:00'::timestamp(0) without time zone) AND (o_orderdate < '1995-04-01 00:00:00'::timestamp without time zone)), (LLVM Optimized)"}, {"Node Type": "Index Scan", "Parent Relationship": "Inner", "Scan Direction": "Forward", "Index Name": "idx_lineitem_orderkey", "Relation Name": "lineitem", "Alias": "lineitem", "Startup Cost": 10000000000.0, "Total Cost": 1000339012132.75, "Plan Rows": 19995678, "Plan Width": 8, "Filter": "(l_commitdate < l_receiptdate), (LLVM Optimized)"}]}]}]}, "Unique SQL Id": 3745551476, "Planner Runtime": 0}, "explain_analyze_plan": null}, "(1, 80)": {"explain_plan": {"Plan": {"Node Type": "Sort", "Startup Cost": 916688.59, "Total Cost": 916688.6, "Plan Rows": 1, "Plan Width": 16, "Sort Key": ["orders.o_orderpriority"], "Plans": [{"Node Type": "Aggregate", "Strategy": "Hashed", "Parent Relationship": "Outer", "Startup Cost": 916688.57, "Total Cost": 916688.58, "Plan Rows": 1, "Plan Width": 16, "Group By Key": ["orders.o_orderpriority"], "Plans": [{"Node Type": "Nested Loop", "Parent Relationship": "Outer", "Join Type": "Semi", "Startup Cost": 14564.7, "Total Cost": 913841.52, "Plan Rows": 569410, "Plan Width": 16, "Inner Unique": false, "Plans": [{"Node Type": "Bitmap Heap Scan", "Parent Relationship": "Outer", "Relation Name": "orders", "Alias": "orders", "Startup Cost": 14564.7, "Total Cost": 299524.85, "Plan Rows": 569410, "Plan Width": 24, "Recheck Cond": "((o_orderdate >= '1995-01-01 00:00:00'::timestamp(0) without time zone) AND (o_orderdate < '1995-04-01 00:00:00'::timestamp without time zone)), (LLVM Optimized)", "Plans": [{"Node Type": "Bitmap Index Scan", "Parent Relationship": "Outer", "Index Name": "idx_orders_orderdate", "Startup Cost": 0.0, "Total Cost": 14422.35, "Plan Rows": 569410, "Plan Width": 0, "Index Cond": "((o_orderdate >= '1995-01-01 00:00:00'::timestamp(0) without time zone) AND (o_orderdate < '1995-04-01 00:00:00'::timestamp without time zone))"}]}, {"Node Type": "Index Scan", "Parent Relationship": "Inner", "Scan Direction": "Forward", "Index Name": "idx_lineitem_orderkey", "Relation Name": "lineitem", "Alias": "lineitem", "Startup Cost": 0.0, "Total Cost": 5.41, "Plan Rows": 3, "Plan Width": 8, "Index Cond": "(l_orderkey = orders.o_orderkey)", "Filter": "(l_commitdate < l_receiptdate)"}]}]}]}, "Unique SQL Id": 3745551476, "Planner Runtime": 0}, "explain_analyze_plan": {"Plan": {"Node Type": "Sort", "Startup Cost": 916688.59, "Total Cost": 916688.6, "Plan Rows": 1, "Plan Width": 16, "Actual Startup Time": 4955.529, "Actual Total Time": 4955.53, "Actual Rows": 5, "Actual Loops": 1, "Sort Key": ["orders.o_orderpriority"], "Sort Method": "quicksort", "Sort Space Used": 25, "Sort Space Type": "Memory", "Plans": [{"Node Type": "Aggregate", "Strategy": "Hashed", "Parent Relationship": "Outer", "Startup Cost": 916688.57, "Total Cost": 916688.58, "Plan Rows": 1, "Plan Width": 16, "Actual Startup Time": 4955.482, "Actual Total Time": 4955.483, "Actual Rows": 5, "Actual Loops": 1, "Group By Key": ["orders.o_orderpriority"], "Plans": [{"Node Type": "Nested Loop", "Parent Relationship": "Outer", "Join Type": "Semi", "Startup Cost": 14564.7, "Total Cost": 913841.52, "Plan Rows": 569410, "Plan Width": 16, "Actual Startup Time": 244.432, "Actual Total Time": 4673.233, "Actual Rows": 515106, "Actual Loops": 1, "Inner Unique": false, "Plans": [{"Node Type": "Bitmap Heap Scan", "Parent Relationship": "Outer", "Relation Name": "orders", "Alias": "orders", "Startup Cost": 14564.7, "Total Cost": 299524.85, "Plan Rows": 569410, "Plan Width": 24, "Actual Startup Time": 244.347, "Actual Total Time": 966.434, "Actual Rows": 561612, "Actual Loops": 1, "Recheck Cond": "((o_orderdate >= '1995-01-01 00:00:00'::timestamp(0) without time zone) AND (o_orderdate < '1995-04-01 00:00:00'::timestamp without time zone)), (LLVM Optimized, Jit Execute)", "Rows Removed by Index Recheck": 0, "Exact Heap Blocks": 241676, "Lossy Heap Blocks": 241676, "Plans": [{"Node Type": "Bitmap Index Scan", "Parent Relationship": "Outer", "Index Name": "idx_orders_orderdate", "Startup Cost": 0.0, "Total Cost": 14422.35, "Plan Rows": 569410, "Plan Width": 0, "Actual Startup Time": 169.789, "Actual Total Time": 169.789, "Actual Rows": 561612, "Actual Loops": 1, "Index Cond": "((o_orderdate >= '1995-01-01 00:00:00'::timestamp(0) without time zone) AND (o_orderdate < '1995-04-01 00:00:00'::timestamp without time zone))"}]}, {"Node Type": "Index Scan", "Parent Relationship": "Inner", "Scan Direction": "Forward", "Index Name": "idx_lineitem_orderkey", "Relation Name": "lineitem", "Alias": "lineitem", "Startup Cost": 0.0, "Total Cost": 5.41, "Plan Rows": 3, "Plan Width": 8, "Actual Startup Time": 3288.693, "Actual Total Time": 3288.693, "Actual Rows": 515106, "Actual Loops": 561612, "Index Cond": "(l_orderkey = orders.o_orderkey)", "Rows Removed by Index Recheck": 0, "Filter": "(l_commitdate < l_receiptdate)", "Rows Removed by Filter": 299676}]}]}]}, "Triggers": [], "Planner Runtime": 0, "Total Runtime": 4965.067, "Unique SQL Id": 3745551476}}, "(1, 81)": {"explain_plan": {"Plan": {"Node Type": "Sort", "Startup Cost": 916688.59, "Total Cost": 916688.6, "Plan Rows": 1, "Plan Width": 16, "Sort Key": ["orders.o_orderpriority"], "Plans": [{"Node Type": "Aggregate", "Strategy": "Hashed", "Parent Relationship": "Outer", "Startup Cost": 916688.57, "Total Cost": 916688.58, "Plan Rows": 1, "Plan Width": 16, "Group By Key": ["orders.o_orderpriority"], "Plans": [{"Node Type": "Nested Loop", "Parent Relationship": "Outer", "Join Type": "Semi", "Startup Cost": 14564.7, "Total Cost": 913841.52, "Plan Rows": 569410, "Plan Width": 16, "Inner Unique": false, "Plans": [{"Node Type": "Bitmap Heap Scan", "Parent Relationship": "Outer", "Relation Name": "orders", "Alias": "orders", "Startup Cost": 14564.7, "Total Cost": 299524.85, "Plan Rows": 569410, "Plan Width": 24, "Recheck Cond": "((o_orderdate >= '1995-01-01 00:00:00'::timestamp(0) without time zone) AND (o_orderdate < '1995-04-01 00:00:00'::timestamp without time zone)), (LLVM Optimized)", "Plans": [{"Node Type": "Bitmap Index Scan", "Parent Relationship": "Outer", "Index Name": "idx_orders_orderdate", "Startup Cost": 0.0, "Total Cost": 14422.35, "Plan Rows": 569410, "Plan Width": 0, "Index Cond": "((o_orderdate >= '1995-01-01 00:00:00'::timestamp(0) without time zone) AND (o_orderdate < '1995-04-01 00:00:00'::timestamp without time zone))"}]}, {"Node Type": "Index Scan", "Parent Relationship": "Inner", "Scan Direction": "Forward", "Index Name": "idx_lineitem_orderkey", "Relation Name": "lineitem", "Alias": "lineitem", "Startup Cost": 0.0, "Total Cost": 5.41, "Plan Rows": 3, "Plan Width": 8, "Index Cond": "(l_orderkey = orders.o_orderkey)", "Filter": "(l_commitdate < l_receiptdate)"}]}]}]}, "Unique SQL Id": 3745551476, "Planner Runtime": 0}, "explain_analyze_plan": {"Plan": {"Node Type": "Sort", "Startup Cost": 916688.59, "Total Cost": 916688.6, "Plan Rows": 1, "Plan Width": 16, "Actual Startup Time": 4955.529, "Actual Total Time": 4955.53, "Actual Rows": 5, "Actual Loops": 1, "Sort Key": ["orders.o_orderpriority"], "Sort Method": "quicksort", "Sort Space Used": 25, "Sort Space Type": "Memory", "Plans": [{"Node Type": "Aggregate", "Strategy": "Hashed", "Parent Relationship": "Outer", "Startup Cost": 916688.57, "Total Cost": 916688.58, "Plan Rows": 1, "Plan Width": 16, "Actual Startup Time": 4955.482, "Actual Total Time": 4955.483, "Actual Rows": 5, "Actual Loops": 1, "Group By Key": ["orders.o_orderpriority"], "Plans": [{"Node Type": "Nested Loop", "Parent Relationship": "Outer", "Join Type": "Semi", "Startup Cost": 14564.7, "Total Cost": 913841.52, "Plan Rows": 569410, "Plan Width": 16, "Actual Startup Time": 244.432, "Actual Total Time": 4673.233, "Actual Rows": 515106, "Actual Loops": 1, "Inner Unique": false, "Plans": [{"Node Type": "Bitmap Heap Scan", "Parent Relationship": "Outer", "Relation Name": "orders", "Alias": "orders", "Startup Cost": 14564.7, "Total Cost": 299524.85, "Plan Rows": 569410, "Plan Width": 24, "Actual Startup Time": 244.347, "Actual Total Time": 966.434, "Actual Rows": 561612, "Actual Loops": 1, "Recheck Cond": "((o_orderdate >= '1995-01-01 00:00:00'::timestamp(0) without time zone) AND (o_orderdate < '1995-04-01 00:00:00'::timestamp without time zone)), (LLVM Optimized, Jit Execute)", "Rows Removed by Index Recheck": 0, "Exact Heap Blocks": 241676, "Lossy Heap Blocks": 241676, "Plans": [{"Node Type": "Bitmap Index Scan", "Parent Relationship": "Outer", "Index Name": "idx_orders_orderdate", "Startup Cost": 0.0, "Total Cost": 14422.35, "Plan Rows": 569410, "Plan Width": 0, "Actual Startup Time": 169.789, "Actual Total Time": 169.789, "Actual Rows": 561612, "Actual Loops": 1, "Index Cond": "((o_orderdate >= '1995-01-01 00:00:00'::timestamp(0) without time zone) AND (o_orderdate < '1995-04-01 00:00:00'::timestamp without time zone))"}]}, {"Node Type": "Index Scan", "Parent Relationship": "Inner", "Scan Direction": "Forward", "Index Name": "idx_lineitem_orderkey", "Relation Name": "lineitem", "Alias": "lineitem", "Startup Cost": 0.0, "Total Cost": 5.41, "Plan Rows": 3, "Plan Width": 8, "Actual Startup Time": 3288.693, "Actual Total Time": 3288.693, "Actual Rows": 515106, "Actual Loops": 561612, "Index Cond": "(l_orderkey = orders.o_orderkey)", "Rows Removed by Index Recheck": 0, "Filter": "(l_commitdate < l_receiptdate)", "Rows Removed by Filter": 299676}]}]}]}, "Triggers": [], "Planner Runtime": 0, "Total Runtime": 4965.067, "Unique SQL Id": 3745551476}}, "(1, 82)": {"explain_plan": {"Plan": {"Node Type": "Sort", "Startup Cost": 2781642.36, "Total Cost": 2781642.36, "Plan Rows": 1, "Plan Width": 16, "Sort Key": ["orders.o_orderpriority"], "Plans": [{"Node Type": "Aggregate", "Strategy": "Hashed", "Parent Relationship": "Outer", "Startup Cost": 2781642.34, "Total Cost": 2781642.35, "Plan Rows": 1, "Plan Width": 16, "Group By Key": ["orders.o_orderpriority"], "Plans": [{"Node Type": "Nested Loop", "Parent Relationship": "Outer", "Join Type": "Semi", "Startup Cost": 14566.65, "Total Cost": 2778795.29, "Plan Rows": 569410, "Plan Width": 16, "Inner Unique": false, "Plans": [{"Node Type": "Bitmap Heap Scan", "Parent Relationship": "Outer", "Relation Name": "orders", "Alias": "orders", "Startup Cost": 14564.7, "Total Cost": 299524.85, "Plan Rows": 569410, "Plan Width": 24, "Recheck Cond": "((o_orderdate >= '1995-01-01 00:00:00'::timestamp(0) without time zone) AND (o_orderdate < '1995-04-01 00:00:00'::timestamp without time zone)), (LLVM Optimized)", "Plans": [{"Node Type": "Bitmap Index Scan", "Parent Relationship": "Outer", "Index Name": "idx_orders_orderdate", "Startup Cost": 0.0, "Total Cost": 14422.35, "Plan Rows": 569410, "Plan Width": 0, "Index Cond": "((o_orderdate >= '1995-01-01 00:00:00'::timestamp(0) without time zone) AND (o_orderdate < '1995-04-01 00:00:00'::timestamp without time zone))"}]}, {"Node Type": "Bitmap Heap Scan", "Parent Relationship": "Inner", "Relation Name": "lineitem", "Alias": "lineitem", "Startup Cost": 1.94, "Total Cost": 14.06, "Plan Rows": 3, "Plan Width": 8, "Recheck Cond": "(l_orderkey = orders.o_orderkey)", "Filter": "(l_commitdate < l_receiptdate)", "Plans": [{"Node Type": "Bitmap Index Scan", "Parent Relationship": "Outer", "Index Name": "idx_lineitem_orderkey", "Startup Cost": 0.0, "Total Cost": 1.94, "Plan Rows": 9, "Plan Width": 0, "Index Cond": "(l_orderkey = orders.o_orderkey)"}]}]}]}]}, "Unique SQL Id": 3745551476, "Planner Runtime": 0}, "explain_analyze_plan": {"Plan": {"Node Type": "Sort", "Startup Cost": 2781642.36, "Total Cost": 2781642.36, "Plan Rows": 1, "Plan Width": 16, "Actual Startup Time": 6863.223, "Actual Total Time": 6863.225, "Actual Rows": 5, "Actual Loops": 1, "Sort Key": ["orders.o_orderpriority"], "Sort Method": "quicksort", "Sort Space Used": 25, "Sort Space Type": "Memory", "Plans": [{"Node Type": "Aggregate", "Strategy": "Hashed", "Parent Relationship": "Outer", "Startup Cost": 2781642.34, "Total Cost": 2781642.35, "Plan Rows": 1, "Plan Width": 16, "Actual Startup Time": 6863.09, "Actual Total Time": 6863.105, "Actual Rows": 5, "Actual Loops": 1, "Group By Key": ["orders.o_orderpriority"], "Plans": [{"Node Type": "Nested Loop", "Parent Relationship": "Outer", "Join Type": "Semi", "Startup Cost": 14566.65, "Total Cost": 2778795.29, "Plan Rows": 569410, "Plan Width": 16, "Actual Startup Time": 247.984, "Actual Total Time": 6556.711, "Actual Rows": 515106, "Actual Loops": 1, "Inner Unique": false, "Plans": [{"Node Type": "Bitmap Heap Scan", "Parent Relationship": "Outer", "Relation Name": "orders", "Alias": "orders", "Startup Cost": 14564.7, "Total Cost": 299524.85, "Plan Rows": 569410, "Plan Width": 24, "Actual Startup Time": 247.881, "Actual Total Time": 1049.55, "Actual Rows": 561612, "Actual Loops": 1, "Recheck Cond": "((o_orderdate >= '1995-01-01 00:00:00'::timestamp(0) without time zone) AND (o_orderdate < '1995-04-01 00:00:00'::timestamp without time zone)), (LLVM Optimized, Jit Execute)", "Rows Removed by Index Recheck": 0, "Exact Heap Blocks": 241676, "Lossy Heap Blocks": 241676, "Plans": [{"Node Type": "Bitmap Index Scan", "Parent Relationship": "Outer", "Index Name": "idx_orders_orderdate", "Startup Cost": 0.0, "Total Cost": 14422.35, "Plan Rows": 569410, "Plan Width": 0, "Actual Startup Time": 172.696, "Actual Total Time": 172.696, "Actual Rows": 561612, "Actual Loops": 1, "Index Cond": "((o_orderdate >= '1995-01-01 00:00:00'::timestamp(0) without time zone) AND (o_orderdate < '1995-04-01 00:00:00'::timestamp without time zone))"}]}, {"Node Type": "Bitmap Heap Scan", "Parent Relationship": "Inner", "Relation Name": "lineitem", "Alias": "lineitem", "Startup Cost": 1.94, "Total Cost": 14.06, "Plan Rows": 3, "Plan Width": 8, "Actual Startup Time": 4756.399, "Actual Total Time": 4756.399, "Actual Rows": 515106, "Actual Loops": 561612, "Recheck Cond": "(l_orderkey = orders.o_orderkey)", "Rows Removed by Index Recheck": 0, "Filter": "(l_commitdate < l_receiptdate)", "Rows Removed by Filter": 299676, "Exact Heap Blocks": 567798, "Lossy Heap Blocks": 567798, "Plans": [{"Node Type": "Bitmap Index Scan", "Parent Relationship": "Outer", "Index Name": "idx_lineitem_orderkey", "Startup Cost": 0.0, "Total Cost": 1.94, "Plan Rows": 9, "Plan Width": 0, "Actual Startup Time": 2428.769, "Actual Total Time": 2428.769, "Actual Rows": 2246588, "Actual Loops": 561612, "Index Cond": "(l_orderkey = orders.o_orderkey)"}]}]}]}]}, "Triggers": [], "Planner Runtime": 0, "Total Runtime": 6876.889, "Unique SQL Id": 3745551476}}, "(1, 83)": {"explain_plan": {"Plan": {"Node Type": "Sort", "Startup Cost": 2781642.36, "Total Cost": 2781642.36, "Plan Rows": 1, "Plan Width": 16, "Sort Key": ["orders.o_orderpriority"], "Plans": [{"Node Type": "Aggregate", "Strategy": "Hashed", "Parent Relationship": "Outer", "Startup Cost": 2781642.34, "Total Cost": 2781642.35, "Plan Rows": 1, "Plan Width": 16, "Group By Key": ["orders.o_orderpriority"], "Plans": [{"Node Type": "Nested Loop", "Parent Relationship": "Outer", "Join Type": "Semi", "Startup Cost": 14566.65, "Total Cost": 2778795.29, "Plan Rows": 569410, "Plan Width": 16, "Inner Unique": false, "Plans": [{"Node Type": "Bitmap Heap Scan", "Parent Relationship": "Outer", "Relation Name": "orders", "Alias": "orders", "Startup Cost": 14564.7, "Total Cost": 299524.85, "Plan Rows": 569410, "Plan Width": 24, "Recheck Cond": "((o_orderdate >= '1995-01-01 00:00:00'::timestamp(0) without time zone) AND (o_orderdate < '1995-04-01 00:00:00'::timestamp without time zone)), (LLVM Optimized)", "Plans": [{"Node Type": "Bitmap Index Scan", "Parent Relationship": "Outer", "Index Name": "idx_orders_orderdate", "Startup Cost": 0.0, "Total Cost": 14422.35, "Plan Rows": 569410, "Plan Width": 0, "Index Cond": "((o_orderdate >= '1995-01-01 00:00:00'::timestamp(0) without time zone) AND (o_orderdate < '1995-04-01 00:00:00'::timestamp without time zone))"}]}, {"Node Type": "Bitmap Heap Scan", "Parent Relationship": "Inner", "Relation Name": "lineitem", "Alias": "lineitem", "Startup Cost": 1.94, "Total Cost": 14.06, "Plan Rows": 3, "Plan Width": 8, "Recheck Cond": "(l_orderkey = orders.o_orderkey)", "Filter": "(l_commitdate < l_receiptdate)", "Plans": [{"Node Type": "Bitmap Index Scan", "Parent Relationship": "Outer", "Index Name": "idx_lineitem_orderkey", "Startup Cost": 0.0, "Total Cost": 1.94, "Plan Rows": 9, "Plan Width": 0, "Index Cond": "(l_orderkey = orders.o_orderkey)"}]}]}]}]}, "Unique SQL Id": 3745551476, "Planner Runtime": 0}, "explain_analyze_plan": {"Plan": {"Node Type": "Sort", "Startup Cost": 2781642.36, "Total Cost": 2781642.36, "Plan Rows": 1, "Plan Width": 16, "Actual Startup Time": 6863.223, "Actual Total Time": 6863.225, "Actual Rows": 5, "Actual Loops": 1, "Sort Key": ["orders.o_orderpriority"], "Sort Method": "quicksort", "Sort Space Used": 25, "Sort Space Type": "Memory", "Plans": [{"Node Type": "Aggregate", "Strategy": "Hashed", "Parent Relationship": "Outer", "Startup Cost": 2781642.34, "Total Cost": 2781642.35, "Plan Rows": 1, "Plan Width": 16, "Actual Startup Time": 6863.09, "Actual Total Time": 6863.105, "Actual Rows": 5, "Actual Loops": 1, "Group By Key": ["orders.o_orderpriority"], "Plans": [{"Node Type": "Nested Loop", "Parent Relationship": "Outer", "Join Type": "Semi", "Startup Cost": 14566.65, "Total Cost": 2778795.29, "Plan Rows": 569410, "Plan Width": 16, "Actual Startup Time": 247.984, "Actual Total Time": 6556.711, "Actual Rows": 515106, "Actual Loops": 1, "Inner Unique": false, "Plans": [{"Node Type": "Bitmap Heap Scan", "Parent Relationship": "Outer", "Relation Name": "orders", "Alias": "orders", "Startup Cost": 14564.7, "Total Cost": 299524.85, "Plan Rows": 569410, "Plan Width": 24, "Actual Startup Time": 247.881, "Actual Total Time": 1049.55, "Actual Rows": 561612, "Actual Loops": 1, "Recheck Cond": "((o_orderdate >= '1995-01-01 00:00:00'::timestamp(0) without time zone) AND (o_orderdate < '1995-04-01 00:00:00'::timestamp without time zone)), (LLVM Optimized, Jit Execute)", "Rows Removed by Index Recheck": 0, "Exact Heap Blocks": 241676, "Lossy Heap Blocks": 241676, "Plans": [{"Node Type": "Bitmap Index Scan", "Parent Relationship": "Outer", "Index Name": "idx_orders_orderdate", "Startup Cost": 0.0, "Total Cost": 14422.35, "Plan Rows": 569410, "Plan Width": 0, "Actual Startup Time": 172.696, "Actual Total Time": 172.696, "Actual Rows": 561612, "Actual Loops": 1, "Index Cond": "((o_orderdate >= '1995-01-01 00:00:00'::timestamp(0) without time zone) AND (o_orderdate < '1995-04-01 00:00:00'::timestamp without time zone))"}]}, {"Node Type": "Bitmap Heap Scan", "Parent Relationship": "Inner", "Relation Name": "lineitem", "Alias": "lineitem", "Startup Cost": 1.94, "Total Cost": 14.06, "Plan Rows": 3, "Plan Width": 8, "Actual Startup Time": 4756.399, "Actual Total Time": 4756.399, "Actual Rows": 515106, "Actual Loops": 561612, "Recheck Cond": "(l_orderkey = orders.o_orderkey)", "Rows Removed by Index Recheck": 0, "Filter": "(l_commitdate < l_receiptdate)", "Rows Removed by Filter": 299676, "Exact Heap Blocks": 567798, "Lossy Heap Blocks": 567798, "Plans": [{"Node Type": "Bitmap Index Scan", "Parent Relationship": "Outer", "Index Name": "idx_lineitem_orderkey", "Startup Cost": 0.0, "Total Cost": 1.94, "Plan Rows": 9, "Plan Width": 0, "Actual Startup Time": 2428.769, "Actual Total Time": 2428.769, "Actual Rows": 2246588, "Actual Loops": 561612, "Index Cond": "(l_orderkey = orders.o_orderkey)"}]}]}]}]}, "Triggers": [], "Planner Runtime": 0, "Total Runtime": 6876.889, "Unique SQL Id": 3745551476}}, "(1, 84)": {"explain_plan": {"Plan": {"Node Type": "Sort", "Startup Cost": 916688.59, "Total Cost": 916688.6, "Plan Rows": 1, "Plan Width": 16, "Sort Key": ["orders.o_orderpriority"], "Plans": [{"Node Type": "Aggregate", "Strategy": "Hashed", "Parent Relationship": "Outer", "Startup Cost": 916688.57, "Total Cost": 916688.58, "Plan Rows": 1, "Plan Width": 16, "Group By Key": ["orders.o_orderpriority"], "Plans": [{"Node Type": "Nested Loop", "Parent Relationship": "Outer", "Join Type": "Semi", "Startup Cost": 14564.7, "Total Cost": 913841.52, "Plan Rows": 569410, "Plan Width": 16, "Inner Unique": false, "Plans": [{"Node Type": "Bitmap Heap Scan", "Parent Relationship": "Outer", "Relation Name": "orders", "Alias": "orders", "Startup Cost": 14564.7, "Total Cost": 299524.85, "Plan Rows": 569410, "Plan Width": 24, "Recheck Cond": "((o_orderdate >= '1995-01-01 00:00:00'::timestamp(0) without time zone) AND (o_orderdate < '1995-04-01 00:00:00'::timestamp without time zone)), (LLVM Optimized)", "Plans": [{"Node Type": "Bitmap Index Scan", "Parent Relationship": "Outer", "Index Name": "idx_orders_orderdate", "Startup Cost": 0.0, "Total Cost": 14422.35, "Plan Rows": 569410, "Plan Width": 0, "Index Cond": "((o_orderdate >= '1995-01-01 00:00:00'::timestamp(0) without time zone) AND (o_orderdate < '1995-04-01 00:00:00'::timestamp without time zone))"}]}, {"Node Type": "Index Scan", "Parent Relationship": "Inner", "Scan Direction": "Forward", "Index Name": "idx_lineitem_orderkey", "Relation Name": "lineitem", "Alias": "lineitem", "Startup Cost": 0.0, "Total Cost": 5.41, "Plan Rows": 3, "Plan Width": 8, "Index Cond": "(l_orderkey = orders.o_orderkey)", "Filter": "(l_commitdate < l_receiptdate)"}]}]}]}, "Unique SQL Id": 3745551476, "Planner Runtime": 0}, "explain_analyze_plan": {"Plan": {"Node Type": "Sort", "Startup Cost": 916688.59, "Total Cost": 916688.6, "Plan Rows": 1, "Plan Width": 16, "Actual Startup Time": 4955.529, "Actual Total Time": 4955.53, "Actual Rows": 5, "Actual Loops": 1, "Sort Key": ["orders.o_orderpriority"], "Sort Method": "quicksort", "Sort Space Used": 25, "Sort Space Type": "Memory", "Plans": [{"Node Type": "Aggregate", "Strategy": "Hashed", "Parent Relationship": "Outer", "Startup Cost": 916688.57, "Total Cost": 916688.58, "Plan Rows": 1, "Plan Width": 16, "Actual Startup Time": 4955.482, "Actual Total Time": 4955.483, "Actual Rows": 5, "Actual Loops": 1, "Group By Key": ["orders.o_orderpriority"], "Plans": [{"Node Type": "Nested Loop", "Parent Relationship": "Outer", "Join Type": "Semi", "Startup Cost": 14564.7, "Total Cost": 913841.52, "Plan Rows": 569410, "Plan Width": 16, "Actual Startup Time": 244.432, "Actual Total Time": 4673.233, "Actual Rows": 515106, "Actual Loops": 1, "Inner Unique": false, "Plans": [{"Node Type": "Bitmap Heap Scan", "Parent Relationship": "Outer", "Relation Name": "orders", "Alias": "orders", "Startup Cost": 14564.7, "Total Cost": 299524.85, "Plan Rows": 569410, "Plan Width": 24, "Actual Startup Time": 244.347, "Actual Total Time": 966.434, "Actual Rows": 561612, "Actual Loops": 1, "Recheck Cond": "((o_orderdate >= '1995-01-01 00:00:00'::timestamp(0) without time zone) AND (o_orderdate < '1995-04-01 00:00:00'::timestamp without time zone)), (LLVM Optimized, Jit Execute)", "Rows Removed by Index Recheck": 0, "Exact Heap Blocks": 241676, "Lossy Heap Blocks": 241676, "Plans": [{"Node Type": "Bitmap Index Scan", "Parent Relationship": "Outer", "Index Name": "idx_orders_orderdate", "Startup Cost": 0.0, "Total Cost": 14422.35, "Plan Rows": 569410, "Plan Width": 0, "Actual Startup Time": 169.789, "Actual Total Time": 169.789, "Actual Rows": 561612, "Actual Loops": 1, "Index Cond": "((o_orderdate >= '1995-01-01 00:00:00'::timestamp(0) without time zone) AND (o_orderdate < '1995-04-01 00:00:00'::timestamp without time zone))"}]}, {"Node Type": "Index Scan", "Parent Relationship": "Inner", "Scan Direction": "Forward", "Index Name": "idx_lineitem_orderkey", "Relation Name": "lineitem", "Alias": "lineitem", "Startup Cost": 0.0, "Total Cost": 5.41, "Plan Rows": 3, "Plan Width": 8, "Actual Startup Time": 3288.693, "Actual Total Time": 3288.693, "Actual Rows": 515106, "Actual Loops": 561612, "Index Cond": "(l_orderkey = orders.o_orderkey)", "Rows Removed by Index Recheck": 0, "Filter": "(l_commitdate < l_receiptdate)", "Rows Removed by Filter": 299676}]}]}]}, "Triggers": [], "Planner Runtime": 0, "Total Runtime": 4965.067, "Unique SQL Id": 3745551476}}, "(1, 85)": {"explain_plan": {"Plan": {"Node Type": "Sort", "Startup Cost": 916688.59, "Total Cost": 916688.6, "Plan Rows": 1, "Plan Width": 16, "Sort Key": ["orders.o_orderpriority"], "Plans": [{"Node Type": "Aggregate", "Strategy": "Hashed", "Parent Relationship": "Outer", "Startup Cost": 916688.57, "Total Cost": 916688.58, "Plan Rows": 1, "Plan Width": 16, "Group By Key": ["orders.o_orderpriority"], "Plans": [{"Node Type": "Nested Loop", "Parent Relationship": "Outer", "Join Type": "Semi", "Startup Cost": 14564.7, "Total Cost": 913841.52, "Plan Rows": 569410, "Plan Width": 16, "Inner Unique": false, "Plans": [{"Node Type": "Bitmap Heap Scan", "Parent Relationship": "Outer", "Relation Name": "orders", "Alias": "orders", "Startup Cost": 14564.7, "Total Cost": 299524.85, "Plan Rows": 569410, "Plan Width": 24, "Recheck Cond": "((o_orderdate >= '1995-01-01 00:00:00'::timestamp(0) without time zone) AND (o_orderdate < '1995-04-01 00:00:00'::timestamp without time zone)), (LLVM Optimized)", "Plans": [{"Node Type": "Bitmap Index Scan", "Parent Relationship": "Outer", "Index Name": "idx_orders_orderdate", "Startup Cost": 0.0, "Total Cost": 14422.35, "Plan Rows": 569410, "Plan Width": 0, "Index Cond": "((o_orderdate >= '1995-01-01 00:00:00'::timestamp(0) without time zone) AND (o_orderdate < '1995-04-01 00:00:00'::timestamp without time zone))"}]}, {"Node Type": "Index Scan", "Parent Relationship": "Inner", "Scan Direction": "Forward", "Index Name": "idx_lineitem_orderkey", "Relation Name": "lineitem", "Alias": "lineitem", "Startup Cost": 0.0, "Total Cost": 5.41, "Plan Rows": 3, "Plan Width": 8, "Index Cond": "(l_orderkey = orders.o_orderkey)", "Filter": "(l_commitdate < l_receiptdate)"}]}]}]}, "Unique SQL Id": 3745551476, "Planner Runtime": 0}, "explain_analyze_plan": {"Plan": {"Node Type": "Sort", "Startup Cost": 916688.59, "Total Cost": 916688.6, "Plan Rows": 1, "Plan Width": 16, "Actual Startup Time": 4955.529, "Actual Total Time": 4955.53, "Actual Rows": 5, "Actual Loops": 1, "Sort Key": ["orders.o_orderpriority"], "Sort Method": "quicksort", "Sort Space Used": 25, "Sort Space Type": "Memory", "Plans": [{"Node Type": "Aggregate", "Strategy": "Hashed", "Parent Relationship": "Outer", "Startup Cost": 916688.57, "Total Cost": 916688.58, "Plan Rows": 1, "Plan Width": 16, "Actual Startup Time": 4955.482, "Actual Total Time": 4955.483, "Actual Rows": 5, "Actual Loops": 1, "Group By Key": ["orders.o_orderpriority"], "Plans": [{"Node Type": "Nested Loop", "Parent Relationship": "Outer", "Join Type": "Semi", "Startup Cost": 14564.7, "Total Cost": 913841.52, "Plan Rows": 569410, "Plan Width": 16, "Actual Startup Time": 244.432, "Actual Total Time": 4673.233, "Actual Rows": 515106, "Actual Loops": 1, "Inner Unique": false, "Plans": [{"Node Type": "Bitmap Heap Scan", "Parent Relationship": "Outer", "Relation Name": "orders", "Alias": "orders", "Startup Cost": 14564.7, "Total Cost": 299524.85, "Plan Rows": 569410, "Plan Width": 24, "Actual Startup Time": 244.347, "Actual Total Time": 966.434, "Actual Rows": 561612, "Actual Loops": 1, "Recheck Cond": "((o_orderdate >= '1995-01-01 00:00:00'::timestamp(0) without time zone) AND (o_orderdate < '1995-04-01 00:00:00'::timestamp without time zone)), (LLVM Optimized, Jit Execute)", "Rows Removed by Index Recheck": 0, "Exact Heap Blocks": 241676, "Lossy Heap Blocks": 241676, "Plans": [{"Node Type": "Bitmap Index Scan", "Parent Relationship": "Outer", "Index Name": "idx_orders_orderdate", "Startup Cost": 0.0, "Total Cost": 14422.35, "Plan Rows": 569410, "Plan Width": 0, "Actual Startup Time": 169.789, "Actual Total Time": 169.789, "Actual Rows": 561612, "Actual Loops": 1, "Index Cond": "((o_orderdate >= '1995-01-01 00:00:00'::timestamp(0) without time zone) AND (o_orderdate < '1995-04-01 00:00:00'::timestamp without time zone))"}]}, {"Node Type": "Index Scan", "Parent Relationship": "Inner", "Scan Direction": "Forward", "Index Name": "idx_lineitem_orderkey", "Relation Name": "lineitem", "Alias": "lineitem", "Startup Cost": 0.0, "Total Cost": 5.41, "Plan Rows": 3, "Plan Width": 8, "Actual Startup Time": 3288.693, "Actual Total Time": 3288.693, "Actual Rows": 515106, "Actual Loops": 561612, "Index Cond": "(l_orderkey = orders.o_orderkey)", "Rows Removed by Index Recheck": 0, "Filter": "(l_commitdate < l_receiptdate)", "Rows Removed by Filter": 299676}]}]}]}, "Triggers": [], "Planner Runtime": 0, "Total Runtime": 4965.067, "Unique SQL Id": 3745551476}}, "(1, 86)": {"explain_plan": {"Plan": {"Node Type": "Sort", "Startup Cost": 2781642.36, "Total Cost": 2781642.36, "Plan Rows": 1, "Plan Width": 16, "Sort Key": ["orders.o_orderpriority"], "Plans": [{"Node Type": "Aggregate", "Strategy": "Hashed", "Parent Relationship": "Outer", "Startup Cost": 2781642.34, "Total Cost": 2781642.35, "Plan Rows": 1, "Plan Width": 16, "Group By Key": ["orders.o_orderpriority"], "Plans": [{"Node Type": "Nested Loop", "Parent Relationship": "Outer", "Join Type": "Semi", "Startup Cost": 14566.65, "Total Cost": 2778795.29, "Plan Rows": 569410, "Plan Width": 16, "Inner Unique": false, "Plans": [{"Node Type": "Bitmap Heap Scan", "Parent Relationship": "Outer", "Relation Name": "orders", "Alias": "orders", "Startup Cost": 14564.7, "Total Cost": 299524.85, "Plan Rows": 569410, "Plan Width": 24, "Recheck Cond": "((o_orderdate >= '1995-01-01 00:00:00'::timestamp(0) without time zone) AND (o_orderdate < '1995-04-01 00:00:00'::timestamp without time zone)), (LLVM Optimized)", "Plans": [{"Node Type": "Bitmap Index Scan", "Parent Relationship": "Outer", "Index Name": "idx_orders_orderdate", "Startup Cost": 0.0, "Total Cost": 14422.35, "Plan Rows": 569410, "Plan Width": 0, "Index Cond": "((o_orderdate >= '1995-01-01 00:00:00'::timestamp(0) without time zone) AND (o_orderdate < '1995-04-01 00:00:00'::timestamp without time zone))"}]}, {"Node Type": "Bitmap Heap Scan", "Parent Relationship": "Inner", "Relation Name": "lineitem", "Alias": "lineitem", "Startup Cost": 1.94, "Total Cost": 14.06, "Plan Rows": 3, "Plan Width": 8, "Recheck Cond": "(l_orderkey = orders.o_orderkey)", "Filter": "(l_commitdate < l_receiptdate)", "Plans": [{"Node Type": "Bitmap Index Scan", "Parent Relationship": "Outer", "Index Name": "idx_lineitem_orderkey", "Startup Cost": 0.0, "Total Cost": 1.94, "Plan Rows": 9, "Plan Width": 0, "Index Cond": "(l_orderkey = orders.o_orderkey)"}]}]}]}]}, "Unique SQL Id": 3745551476, "Planner Runtime": 0}, "explain_analyze_plan": {"Plan": {"Node Type": "Sort", "Startup Cost": 2781642.36, "Total Cost": 2781642.36, "Plan Rows": 1, "Plan Width": 16, "Actual Startup Time": 6863.223, "Actual Total Time": 6863.225, "Actual Rows": 5, "Actual Loops": 1, "Sort Key": ["orders.o_orderpriority"], "Sort Method": "quicksort", "Sort Space Used": 25, "Sort Space Type": "Memory", "Plans": [{"Node Type": "Aggregate", "Strategy": "Hashed", "Parent Relationship": "Outer", "Startup Cost": 2781642.34, "Total Cost": 2781642.35, "Plan Rows": 1, "Plan Width": 16, "Actual Startup Time": 6863.09, "Actual Total Time": 6863.105, "Actual Rows": 5, "Actual Loops": 1, "Group By Key": ["orders.o_orderpriority"], "Plans": [{"Node Type": "Nested Loop", "Parent Relationship": "Outer", "Join Type": "Semi", "Startup Cost": 14566.65, "Total Cost": 2778795.29, "Plan Rows": 569410, "Plan Width": 16, "Actual Startup Time": 247.984, "Actual Total Time": 6556.711, "Actual Rows": 515106, "Actual Loops": 1, "Inner Unique": false, "Plans": [{"Node Type": "Bitmap Heap Scan", "Parent Relationship": "Outer", "Relation Name": "orders", "Alias": "orders", "Startup Cost": 14564.7, "Total Cost": 299524.85, "Plan Rows": 569410, "Plan Width": 24, "Actual Startup Time": 247.881, "Actual Total Time": 1049.55, "Actual Rows": 561612, "Actual Loops": 1, "Recheck Cond": "((o_orderdate >= '1995-01-01 00:00:00'::timestamp(0) without time zone) AND (o_orderdate < '1995-04-01 00:00:00'::timestamp without time zone)), (LLVM Optimized, Jit Execute)", "Rows Removed by Index Recheck": 0, "Exact Heap Blocks": 241676, "Lossy Heap Blocks": 241676, "Plans": [{"Node Type": "Bitmap Index Scan", "Parent Relationship": "Outer", "Index Name": "idx_orders_orderdate", "Startup Cost": 0.0, "Total Cost": 14422.35, "Plan Rows": 569410, "Plan Width": 0, "Actual Startup Time": 172.696, "Actual Total Time": 172.696, "Actual Rows": 561612, "Actual Loops": 1, "Index Cond": "((o_orderdate >= '1995-01-01 00:00:00'::timestamp(0) without time zone) AND (o_orderdate < '1995-04-01 00:00:00'::timestamp without time zone))"}]}, {"Node Type": "Bitmap Heap Scan", "Parent Relationship": "Inner", "Relation Name": "lineitem", "Alias": "lineitem", "Startup Cost": 1.94, "Total Cost": 14.06, "Plan Rows": 3, "Plan Width": 8, "Actual Startup Time": 4756.399, "Actual Total Time": 4756.399, "Actual Rows": 515106, "Actual Loops": 561612, "Recheck Cond": "(l_orderkey = orders.o_orderkey)", "Rows Removed by Index Recheck": 0, "Filter": "(l_commitdate < l_receiptdate)", "Rows Removed by Filter": 299676, "Exact Heap Blocks": 567798, "Lossy Heap Blocks": 567798, "Plans": [{"Node Type": "Bitmap Index Scan", "Parent Relationship": "Outer", "Index Name": "idx_lineitem_orderkey", "Startup Cost": 0.0, "Total Cost": 1.94, "Plan Rows": 9, "Plan Width": 0, "Actual Startup Time": 2428.769, "Actual Total Time": 2428.769, "Actual Rows": 2246588, "Actual Loops": 561612, "Index Cond": "(l_orderkey = orders.o_orderkey)"}]}]}]}]}, "Triggers": [], "Planner Runtime": 0, "Total Runtime": 6876.889, "Unique SQL Id": 3745551476}}, "(1, 87)": {"explain_plan": {"Plan": {"Node Type": "Sort", "Startup Cost": 2781642.36, "Total Cost": 2781642.36, "Plan Rows": 1, "Plan Width": 16, "Sort Key": ["orders.o_orderpriority"], "Plans": [{"Node Type": "Aggregate", "Strategy": "Hashed", "Parent Relationship": "Outer", "Startup Cost": 2781642.34, "Total Cost": 2781642.35, "Plan Rows": 1, "Plan Width": 16, "Group By Key": ["orders.o_orderpriority"], "Plans": [{"Node Type": "Nested Loop", "Parent Relationship": "Outer", "Join Type": "Semi", "Startup Cost": 14566.65, "Total Cost": 2778795.29, "Plan Rows": 569410, "Plan Width": 16, "Inner Unique": false, "Plans": [{"Node Type": "Bitmap Heap Scan", "Parent Relationship": "Outer", "Relation Name": "orders", "Alias": "orders", "Startup Cost": 14564.7, "Total Cost": 299524.85, "Plan Rows": 569410, "Plan Width": 24, "Recheck Cond": "((o_orderdate >= '1995-01-01 00:00:00'::timestamp(0) without time zone) AND (o_orderdate < '1995-04-01 00:00:00'::timestamp without time zone)), (LLVM Optimized)", "Plans": [{"Node Type": "Bitmap Index Scan", "Parent Relationship": "Outer", "Index Name": "idx_orders_orderdate", "Startup Cost": 0.0, "Total Cost": 14422.35, "Plan Rows": 569410, "Plan Width": 0, "Index Cond": "((o_orderdate >= '1995-01-01 00:00:00'::timestamp(0) without time zone) AND (o_orderdate < '1995-04-01 00:00:00'::timestamp without time zone))"}]}, {"Node Type": "Bitmap Heap Scan", "Parent Relationship": "Inner", "Relation Name": "lineitem", "Alias": "lineitem", "Startup Cost": 1.94, "Total Cost": 14.06, "Plan Rows": 3, "Plan Width": 8, "Recheck Cond": "(l_orderkey = orders.o_orderkey)", "Filter": "(l_commitdate < l_receiptdate)", "Plans": [{"Node Type": "Bitmap Index Scan", "Parent Relationship": "Outer", "Index Name": "idx_lineitem_orderkey", "Startup Cost": 0.0, "Total Cost": 1.94, "Plan Rows": 9, "Plan Width": 0, "Index Cond": "(l_orderkey = orders.o_orderkey)"}]}]}]}]}, "Unique SQL Id": 3745551476, "Planner Runtime": 0}, "explain_analyze_plan": {"Plan": {"Node Type": "Sort", "Startup Cost": 2781642.36, "Total Cost": 2781642.36, "Plan Rows": 1, "Plan Width": 16, "Actual Startup Time": 6863.223, "Actual Total Time": 6863.225, "Actual Rows": 5, "Actual Loops": 1, "Sort Key": ["orders.o_orderpriority"], "Sort Method": "quicksort", "Sort Space Used": 25, "Sort Space Type": "Memory", "Plans": [{"Node Type": "Aggregate", "Strategy": "Hashed", "Parent Relationship": "Outer", "Startup Cost": 2781642.34, "Total Cost": 2781642.35, "Plan Rows": 1, "Plan Width": 16, "Actual Startup Time": 6863.09, "Actual Total Time": 6863.105, "Actual Rows": 5, "Actual Loops": 1, "Group By Key": ["orders.o_orderpriority"], "Plans": [{"Node Type": "Nested Loop", "Parent Relationship": "Outer", "Join Type": "Semi", "Startup Cost": 14566.65, "Total Cost": 2778795.29, "Plan Rows": 569410, "Plan Width": 16, "Actual Startup Time": 247.984, "Actual Total Time": 6556.711, "Actual Rows": 515106, "Actual Loops": 1, "Inner Unique": false, "Plans": [{"Node Type": "Bitmap Heap Scan", "Parent Relationship": "Outer", "Relation Name": "orders", "Alias": "orders", "Startup Cost": 14564.7, "Total Cost": 299524.85, "Plan Rows": 569410, "Plan Width": 24, "Actual Startup Time": 247.881, "Actual Total Time": 1049.55, "Actual Rows": 561612, "Actual Loops": 1, "Recheck Cond": "((o_orderdate >= '1995-01-01 00:00:00'::timestamp(0) without time zone) AND (o_orderdate < '1995-04-01 00:00:00'::timestamp without time zone)), (LLVM Optimized, Jit Execute)", "Rows Removed by Index Recheck": 0, "Exact Heap Blocks": 241676, "Lossy Heap Blocks": 241676, "Plans": [{"Node Type": "Bitmap Index Scan", "Parent Relationship": "Outer", "Index Name": "idx_orders_orderdate", "Startup Cost": 0.0, "Total Cost": 14422.35, "Plan Rows": 569410, "Plan Width": 0, "Actual Startup Time": 172.696, "Actual Total Time": 172.696, "Actual Rows": 561612, "Actual Loops": 1, "Index Cond": "((o_orderdate >= '1995-01-01 00:00:00'::timestamp(0) without time zone) AND (o_orderdate < '1995-04-01 00:00:00'::timestamp without time zone))"}]}, {"Node Type": "Bitmap Heap Scan", "Parent Relationship": "Inner", "Relation Name": "lineitem", "Alias": "lineitem", "Startup Cost": 1.94, "Total Cost": 14.06, "Plan Rows": 3, "Plan Width": 8, "Actual Startup Time": 4756.399, "Actual Total Time": 4756.399, "Actual Rows": 515106, "Actual Loops": 561612, "Recheck Cond": "(l_orderkey = orders.o_orderkey)", "Rows Removed by Index Recheck": 0, "Filter": "(l_commitdate < l_receiptdate)", "Rows Removed by Filter": 299676, "Exact Heap Blocks": 567798, "Lossy Heap Blocks": 567798, "Plans": [{"Node Type": "Bitmap Index Scan", "Parent Relationship": "Outer", "Index Name": "idx_lineitem_orderkey", "Startup Cost": 0.0, "Total Cost": 1.94, "Plan Rows": 9, "Plan Width": 0, "Actual Startup Time": 2428.769, "Actual Total Time": 2428.769, "Actual Rows": 2246588, "Actual Loops": 561612, "Index Cond": "(l_orderkey = orders.o_orderkey)"}]}]}]}]}, "Triggers": [], "Planner Runtime": 0, "Total Runtime": 6876.889, "Unique SQL Id": 3745551476}}, "(1, 88)": {"explain_plan": {"Plan": {"Node Type": "Sort", "Startup Cost": 1118574.92, "Total Cost": 1118574.93, "Plan Rows": 1, "Plan Width": 16, "Sort Key": ["orders.o_orderpriority"], "Plans": [{"Node Type": "Aggregate", "Strategy": "Hashed", "Parent Relationship": "Outer", "Startup Cost": 1118574.9, "Total Cost": 1118574.91, "Plan Rows": 1, "Plan Width": 16, "Group By Key": ["orders.o_orderpriority"], "Plans": [{"Node Type": "Nested Loop", "Parent Relationship": "Outer", "Join Type": "Semi", "Startup Cost": 411.57, "Total Cost": 1115727.85, "Plan Rows": 569410, "Plan Width": 16, "Inner Unique": false, "Plans": [{"Node Type": "Seq Scan", "Parent Relationship": "Outer", "Relation Name": "orders", "Alias": "orders", "Startup Cost": 411.57, "Total Cost": 501411.18, "Plan Rows": 569410, "Plan Width": 24, "Filter": "((o_orderdate >= '1995-01-01 00:00:00'::timestamp(0) without time zone) AND (o_orderdate < '1995-04-01 00:00:00'::timestamp without time zone)), (LLVM Optimized)"}, {"Node Type": "Index Scan", "Parent Relationship": "Inner", "Scan Direction": "Forward", "Index Name": "idx_lineitem_orderkey", "Relation Name": "lineitem", "Alias": "lineitem", "Startup Cost": 0.0, "Total Cost": 5.41, "Plan Rows": 3, "Plan Width": 8, "Index Cond": "(l_orderkey = orders.o_orderkey)", "Filter": "(l_commitdate < l_receiptdate)"}]}]}]}, "Unique SQL Id": 3745551476, "Planner Runtime": 0}, "explain_analyze_plan": {"Plan": {"Node Type": "Sort", "Startup Cost": 1118574.92, "Total Cost": 1118574.93, "Plan Rows": 1, "Plan Width": 16, "Actual Startup Time": 8906.643, "Actual Total Time": 8906.643, "Actual Rows": 5, "Actual Loops": 1, "Sort Key": ["orders.o_orderpriority"], "Sort Method": "quicksort", "Sort Space Used": 25, "Sort Space Type": "Memory", "Plans": [{"Node Type": "Aggregate", "Strategy": "Hashed", "Parent Relationship": "Outer", "Startup Cost": 1118574.9, "Total Cost": 1118574.91, "Plan Rows": 1, "Plan Width": 16, "Actual Startup Time": 8906.597, "Actual Total Time": 8906.6, "Actual Rows": 5, "Actual Loops": 1, "Group By Key": ["orders.o_orderpriority"], "Plans": [{"Node Type": "Nested Loop", "Parent Relationship": "Outer", "Join Type": "Semi", "Startup Cost": 411.57, "Total Cost": 1115727.85, "Plan Rows": 569410, "Plan Width": 16, "Actual Startup Time": 0.057, "Actual Total Time": 8627.866, "Actual Rows": 515106, "Actual Loops": 1, "Inner Unique": false, "Plans": [{"Node Type": "Seq Scan", "Parent Relationship": "Outer", "Relation Name": "orders", "Alias": "orders", "Startup Cost": 411.57, "Total Cost": 501411.18, "Plan Rows": 569410, "Plan Width": 24, "Actual Startup Time": 0.032, "Actual Total Time": 4710.886, "Actual Rows": 561612, "Actual Loops": 1, "Filter": "((o_orderdate >= '1995-01-01 00:00:00'::timestamp(0) without time zone) AND (o_orderdate < '1995-04-01 00:00:00'::timestamp without time zone)), (LLVM Optimized, Jit Execute)", "Rows Removed by Filter": 14438388}, {"Node Type": "Index Scan", "Parent Relationship": "Inner", "Scan Direction": "Forward", "Index Name": "idx_lineitem_orderkey", "Relation Name": "lineitem", "Alias": "lineitem", "Startup Cost": 0.0, "Total Cost": 5.41, "Plan Rows": 3, "Plan Width": 8, "Actual Startup Time": 3494.355, "Actual Total Time": 3494.355, "Actual Rows": 515106, "Actual Loops": 561612, "Index Cond": "(l_orderkey = orders.o_orderkey)", "Rows Removed by Index Recheck": 0, "Filter": "(l_commitdate < l_receiptdate)", "Rows Removed by Filter": 299676}]}]}]}, "Triggers": [], "Planner Runtime": 0, "Total Runtime": 8915.682, "Unique SQL Id": 3745551476}}, "(1, 89)": {"explain_plan": {"Plan": {"Node Type": "Sort", "Startup Cost": 1423139.57, "Total Cost": 1423139.57, "Plan Rows": 1, "Plan Width": 16, "Sort Key": ["orders.o_orderpriority"], "Plans": [{"Node Type": "Aggregate", "Strategy": "Hashed", "Parent Relationship": "Outer", "Startup Cost": 1423139.55, "Total Cost": 1423139.56, "Plan Rows": 1, "Plan Width": 16, "Group By Key": ["orders.o_orderpriority"], "Plans": [{"Node Type": "Nested Loop", "Parent Relationship": "Outer", "Join Type": "Semi", "Startup Cost": 0.0, "Total Cost": 1420292.5, "Plan Rows": 569410, "Plan Width": 16, "Inner Unique": false, "Plans": [{"Node Type": "Index Scan", "Parent Relationship": "Outer", "Scan Direction": "Forward", "Index Name": "orders_pkey", "Relation Name": "orders", "Alias": "orders", "Startup Cost": 0.0, "Total Cost": 805975.83, "Plan Rows": 569410, "Plan Width": 24, "Filter": "((o_orderdate >= '1995-01-01 00:00:00'::timestamp(0) without time zone) AND (o_orderdate < '1995-04-01 00:00:00'::timestamp without time zone)), (LLVM Optimized)"}, {"Node Type": "Index Scan", "Parent Relationship": "Inner", "Scan Direction": "Forward", "Index Name": "idx_lineitem_orderkey", "Relation Name": "lineitem", "Alias": "lineitem", "Startup Cost": 0.0, "Total Cost": 5.41, "Plan Rows": 3, "Plan Width": 8, "Index Cond": "(l_orderkey = orders.o_orderkey)", "Filter": "(l_commitdate < l_receiptdate)"}]}]}]}, "Unique SQL Id": 3745551476, "Planner Runtime": 0}, "explain_analyze_plan": null}, "(1, 90)": {"explain_plan": {"Plan": {"Node Type": "Sort", "Startup Cost": 3047353.49, "Total Cost": 3047353.5, "Plan Rows": 1, "Plan Width": 16, "Sort Key": ["orders.o_orderpriority"], "Plans": [{"Node Type": "Aggregate", "Strategy": "Hashed", "Parent Relationship": "Outer", "Startup Cost": 3047353.47, "Total Cost": 3047353.48, "Plan Rows": 1, "Plan Width": 16, "Group By Key": ["orders.o_orderpriority"], "Plans": [{"Node Type": "Merge Join", "Parent Relationship": "Outer", "Join Type": "Inner", "Startup Cost": 3024954.22, "Total Cost": 3044506.42, "Plan Rows": 569410, "Plan Width": 16, "Inner Unique": true, "Merge Cond": "(orders.o_orderkey = lineitem.l_orderkey)", "Plans": [{"Node Type": "Sort", "Parent Relationship": "Outer", "Startup Cost": 555844.24, "Total Cost": 557267.77, "Plan Rows": 569410, "Plan Width": 24, "Sort Key": ["orders.o_orderkey"], "Plans": [{"Node Type": "Seq Scan", "Parent Relationship": "Outer", "Relation Name": "orders", "Alias": "orders", "Startup Cost": 411.57, "Total Cost": 501411.18, "Plan Rows": 569410, "Plan Width": 24, "Filter": "((o_orderdate >= '1995-01-01 00:00:00'::timestamp(0) without time zone) AND (o_orderdate < '1995-04-01 00:00:00'::timestamp without time zone)), (LLVM Optimized)"}]}, {"Node Type": "Sort", "Parent Relationship": "Inner", "Startup Cost": 2469109.87, "Total Cost": 2474615.54, "Plan Rows": 2202268, "Plan Width": 8, "Sort Key": ["lineitem.l_orderkey"], "Plans": [{"Node Type": "Aggregate", "Strategy": "Hashed", "Parent Relationship": "Outer", "Startup Cost": 2215072.11, "Total Cost": 2237094.79, "Plan Rows": 2202268, "Plan Width": 8, "Group By Key": ["lineitem.l_orderkey"], "Plans": [{"Node Type": "Seq Scan", "Parent Relationship": "Outer", "Relation Name": "lineitem", "Alias": "lineitem", "Startup Cost": 0.0, "Total Cost": 2165082.91, "Plan Rows": 19995678, "Plan Width": 8, "Filter": "(l_commitdate < l_receiptdate), (LLVM Optimized)"}]}]}]}]}]}, "Unique SQL Id": 3745551476, "Planner Runtime": 0}, "explain_analyze_plan": null}, "(1, 91)": {"explain_plan": {"Plan": {"Node Type": "Sort", "Startup Cost": 2000403569659.73, "Total Cost": 2000403569659.74, "Plan Rows": 1, "Plan Width": 16, "Sort Key": ["orders.o_orderpriority"], "Plans": [{"Node Type": "Aggregate", "Strategy": "Hashed", "Parent Relationship": "Outer", "Startup Cost": 2000403569659.71, "Total Cost": 2000403569659.72, "Plan Rows": 1, "Plan Width": 16, "Group By Key": ["orders.o_orderpriority"], "Plans": [{"Node Type": "Merge Join", "Parent Relationship": "Outer", "Join Type": "Semi", "Startup Cost": 20036514449.31, "Total Cost": 2000403566812.66, "Plan Rows": 569410, "Plan Width": 16, "Inner Unique": false, "Merge Cond": "(orders.o_orderkey = lineitem.l_orderkey)", "Plans": [{"Node Type": "Index Scan", "Parent Relationship": "Outer", "Scan Direction": "Forward", "Index Name": "orders_pkey", "Relation Name": "orders", "Alias": "orders", "Startup Cost": 10000000000.0, "Total Cost": 1000080597583.0, "Plan Rows": 569410, "Plan Width": 24, "Filter": "((o_orderdate >= '1995-01-01 00:00:00'::timestamp(0) without time zone) AND (o_orderdate < '1995-04-01 00:00:00'::timestamp without time zone)), (LLVM Optimized)"}, {"Node Type": "Index Scan", "Parent Relationship": "Inner", "Scan Direction": "Forward", "Index Name": "idx_lineitem_orderkey", "Relation Name": "lineitem", "Alias": "lineitem", "Startup Cost": 10000000000.0, "Total Cost": 1000339012132.75, "Plan Rows": 19995678, "Plan Width": 8, "Filter": "(l_commitdate < l_receiptdate), (LLVM Optimized)"}]}]}]}, "Unique SQL Id": 3745551476, "Planner Runtime": 0}, "explain_analyze_plan": null}, "(1, 92)": {"explain_plan": {"Plan": {"Node Type": "Sort", "Startup Cost": 1118574.92, "Total Cost": 1118574.93, "Plan Rows": 1, "Plan Width": 16, "Sort Key": ["orders.o_orderpriority"], "Plans": [{"Node Type": "Aggregate", "Strategy": "Hashed", "Parent Relationship": "Outer", "Startup Cost": 1118574.9, "Total Cost": 1118574.91, "Plan Rows": 1, "Plan Width": 16, "Group By Key": ["orders.o_orderpriority"], "Plans": [{"Node Type": "Nested Loop", "Parent Relationship": "Outer", "Join Type": "Semi", "Startup Cost": 411.57, "Total Cost": 1115727.85, "Plan Rows": 569410, "Plan Width": 16, "Inner Unique": false, "Plans": [{"Node Type": "Seq Scan", "Parent Relationship": "Outer", "Relation Name": "orders", "Alias": "orders", "Startup Cost": 411.57, "Total Cost": 501411.18, "Plan Rows": 569410, "Plan Width": 24, "Filter": "((o_orderdate >= '1995-01-01 00:00:00'::timestamp(0) without time zone) AND (o_orderdate < '1995-04-01 00:00:00'::timestamp without time zone)), (LLVM Optimized)"}, {"Node Type": "Index Scan", "Parent Relationship": "Inner", "Scan Direction": "Forward", "Index Name": "idx_lineitem_orderkey", "Relation Name": "lineitem", "Alias": "lineitem", "Startup Cost": 0.0, "Total Cost": 5.41, "Plan Rows": 3, "Plan Width": 8, "Index Cond": "(l_orderkey = orders.o_orderkey)", "Filter": "(l_commitdate < l_receiptdate)"}]}]}]}, "Unique SQL Id": 3745551476, "Planner Runtime": 0}, "explain_analyze_plan": {"Plan": {"Node Type": "Sort", "Startup Cost": 1118574.92, "Total Cost": 1118574.93, "Plan Rows": 1, "Plan Width": 16, "Actual Startup Time": 8906.643, "Actual Total Time": 8906.643, "Actual Rows": 5, "Actual Loops": 1, "Sort Key": ["orders.o_orderpriority"], "Sort Method": "quicksort", "Sort Space Used": 25, "Sort Space Type": "Memory", "Plans": [{"Node Type": "Aggregate", "Strategy": "Hashed", "Parent Relationship": "Outer", "Startup Cost": 1118574.9, "Total Cost": 1118574.91, "Plan Rows": 1, "Plan Width": 16, "Actual Startup Time": 8906.597, "Actual Total Time": 8906.6, "Actual Rows": 5, "Actual Loops": 1, "Group By Key": ["orders.o_orderpriority"], "Plans": [{"Node Type": "Nested Loop", "Parent Relationship": "Outer", "Join Type": "Semi", "Startup Cost": 411.57, "Total Cost": 1115727.85, "Plan Rows": 569410, "Plan Width": 16, "Actual Startup Time": 0.057, "Actual Total Time": 8627.866, "Actual Rows": 515106, "Actual Loops": 1, "Inner Unique": false, "Plans": [{"Node Type": "Seq Scan", "Parent Relationship": "Outer", "Relation Name": "orders", "Alias": "orders", "Startup Cost": 411.57, "Total Cost": 501411.18, "Plan Rows": 569410, "Plan Width": 24, "Actual Startup Time": 0.032, "Actual Total Time": 4710.886, "Actual Rows": 561612, "Actual Loops": 1, "Filter": "((o_orderdate >= '1995-01-01 00:00:00'::timestamp(0) without time zone) AND (o_orderdate < '1995-04-01 00:00:00'::timestamp without time zone)), (LLVM Optimized, Jit Execute)", "Rows Removed by Filter": 14438388}, {"Node Type": "Index Scan", "Parent Relationship": "Inner", "Scan Direction": "Forward", "Index Name": "idx_lineitem_orderkey", "Relation Name": "lineitem", "Alias": "lineitem", "Startup Cost": 0.0, "Total Cost": 5.41, "Plan Rows": 3, "Plan Width": 8, "Actual Startup Time": 3494.355, "Actual Total Time": 3494.355, "Actual Rows": 515106, "Actual Loops": 561612, "Index Cond": "(l_orderkey = orders.o_orderkey)", "Rows Removed by Index Recheck": 0, "Filter": "(l_commitdate < l_receiptdate)", "Rows Removed by Filter": 299676}]}]}]}, "Triggers": [], "Planner Runtime": 0, "Total Runtime": 8915.682, "Unique SQL Id": 3745551476}}, "(1, 93)": {"explain_plan": {"Plan": {"Node Type": "Sort", "Startup Cost": 1423139.57, "Total Cost": 1423139.57, "Plan Rows": 1, "Plan Width": 16, "Sort Key": ["orders.o_orderpriority"], "Plans": [{"Node Type": "Aggregate", "Strategy": "Hashed", "Parent Relationship": "Outer", "Startup Cost": 1423139.55, "Total Cost": 1423139.56, "Plan Rows": 1, "Plan Width": 16, "Group By Key": ["orders.o_orderpriority"], "Plans": [{"Node Type": "Nested Loop", "Parent Relationship": "Outer", "Join Type": "Semi", "Startup Cost": 0.0, "Total Cost": 1420292.5, "Plan Rows": 569410, "Plan Width": 16, "Inner Unique": false, "Plans": [{"Node Type": "Index Scan", "Parent Relationship": "Outer", "Scan Direction": "Forward", "Index Name": "orders_pkey", "Relation Name": "orders", "Alias": "orders", "Startup Cost": 0.0, "Total Cost": 805975.83, "Plan Rows": 569410, "Plan Width": 24, "Filter": "((o_orderdate >= '1995-01-01 00:00:00'::timestamp(0) without time zone) AND (o_orderdate < '1995-04-01 00:00:00'::timestamp without time zone)), (LLVM Optimized)"}, {"Node Type": "Index Scan", "Parent Relationship": "Inner", "Scan Direction": "Forward", "Index Name": "idx_lineitem_orderkey", "Relation Name": "lineitem", "Alias": "lineitem", "Startup Cost": 0.0, "Total Cost": 5.41, "Plan Rows": 3, "Plan Width": 8, "Index Cond": "(l_orderkey = orders.o_orderkey)", "Filter": "(l_commitdate < l_receiptdate)"}]}]}]}, "Unique SQL Id": 3745551476, "Planner Runtime": 0}, "explain_analyze_plan": null}, "(1, 94)": {"explain_plan": {"Plan": {"Node Type": "Sort", "Startup Cost": 3047353.49, "Total Cost": 3047353.5, "Plan Rows": 1, "Plan Width": 16, "Sort Key": ["orders.o_orderpriority"], "Plans": [{"Node Type": "Aggregate", "Strategy": "Hashed", "Parent Relationship": "Outer", "Startup Cost": 3047353.47, "Total Cost": 3047353.48, "Plan Rows": 1, "Plan Width": 16, "Group By Key": ["orders.o_orderpriority"], "Plans": [{"Node Type": "Merge Join", "Parent Relationship": "Outer", "Join Type": "Inner", "Startup Cost": 3024954.22, "Total Cost": 3044506.42, "Plan Rows": 569410, "Plan Width": 16, "Inner Unique": true, "Merge Cond": "(orders.o_orderkey = lineitem.l_orderkey)", "Plans": [{"Node Type": "Sort", "Parent Relationship": "Outer", "Startup Cost": 555844.24, "Total Cost": 557267.77, "Plan Rows": 569410, "Plan Width": 24, "Sort Key": ["orders.o_orderkey"], "Plans": [{"Node Type": "Seq Scan", "Parent Relationship": "Outer", "Relation Name": "orders", "Alias": "orders", "Startup Cost": 411.57, "Total Cost": 501411.18, "Plan Rows": 569410, "Plan Width": 24, "Filter": "((o_orderdate >= '1995-01-01 00:00:00'::timestamp(0) without time zone) AND (o_orderdate < '1995-04-01 00:00:00'::timestamp without time zone)), (LLVM Optimized)"}]}, {"Node Type": "Sort", "Parent Relationship": "Inner", "Startup Cost": 2469109.87, "Total Cost": 2474615.54, "Plan Rows": 2202268, "Plan Width": 8, "Sort Key": ["lineitem.l_orderkey"], "Plans": [{"Node Type": "Aggregate", "Strategy": "Hashed", "Parent Relationship": "Outer", "Startup Cost": 2215072.11, "Total Cost": 2237094.79, "Plan Rows": 2202268, "Plan Width": 8, "Group By Key": ["lineitem.l_orderkey"], "Plans": [{"Node Type": "Seq Scan", "Parent Relationship": "Outer", "Relation Name": "lineitem", "Alias": "lineitem", "Startup Cost": 0.0, "Total Cost": 2165082.91, "Plan Rows": 19995678, "Plan Width": 8, "Filter": "(l_commitdate < l_receiptdate), (LLVM Optimized)"}]}]}]}]}]}, "Unique SQL Id": 3745551476, "Planner Runtime": 0}, "explain_analyze_plan": null}, "(1, 95)": {"explain_plan": {"Plan": {"Node Type": "Sort", "Startup Cost": 2000403569659.73, "Total Cost": 2000403569659.74, "Plan Rows": 1, "Plan Width": 16, "Sort Key": ["orders.o_orderpriority"], "Plans": [{"Node Type": "Aggregate", "Strategy": "Hashed", "Parent Relationship": "Outer", "Startup Cost": 2000403569659.71, "Total Cost": 2000403569659.72, "Plan Rows": 1, "Plan Width": 16, "Group By Key": ["orders.o_orderpriority"], "Plans": [{"Node Type": "Merge Join", "Parent Relationship": "Outer", "Join Type": "Semi", "Startup Cost": 20036514449.31, "Total Cost": 2000403566812.66, "Plan Rows": 569410, "Plan Width": 16, "Inner Unique": false, "Merge Cond": "(orders.o_orderkey = lineitem.l_orderkey)", "Plans": [{"Node Type": "Index Scan", "Parent Relationship": "Outer", "Scan Direction": "Forward", "Index Name": "orders_pkey", "Relation Name": "orders", "Alias": "orders", "Startup Cost": 10000000000.0, "Total Cost": 1000080597583.0, "Plan Rows": 569410, "Plan Width": 24, "Filter": "((o_orderdate >= '1995-01-01 00:00:00'::timestamp(0) without time zone) AND (o_orderdate < '1995-04-01 00:00:00'::timestamp without time zone)), (LLVM Optimized)"}, {"Node Type": "Index Scan", "Parent Relationship": "Inner", "Scan Direction": "Forward", "Index Name": "idx_lineitem_orderkey", "Relation Name": "lineitem", "Alias": "lineitem", "Startup Cost": 10000000000.0, "Total Cost": 1000339012132.75, "Plan Rows": 19995678, "Plan Width": 8, "Filter": "(l_commitdate < l_receiptdate), (LLVM Optimized)"}]}]}]}, "Unique SQL Id": 3745551476, "Planner Runtime": 0}, "explain_analyze_plan": null}, "(1, 96)": {"explain_plan": {"Plan": {"Node Type": "Sort", "Startup Cost": 916688.59, "Total Cost": 916688.6, "Plan Rows": 1, "Plan Width": 16, "Sort Key": ["orders.o_orderpriority"], "Plans": [{"Node Type": "Aggregate", "Strategy": "Hashed", "Parent Relationship": "Outer", "Startup Cost": 916688.57, "Total Cost": 916688.58, "Plan Rows": 1, "Plan Width": 16, "Group By Key": ["orders.o_orderpriority"], "Plans": [{"Node Type": "Nested Loop", "Parent Relationship": "Outer", "Join Type": "Semi", "Startup Cost": 14564.7, "Total Cost": 913841.52, "Plan Rows": 569410, "Plan Width": 16, "Inner Unique": false, "Plans": [{"Node Type": "Bitmap Heap Scan", "Parent Relationship": "Outer", "Relation Name": "orders", "Alias": "orders", "Startup Cost": 14564.7, "Total Cost": 299524.85, "Plan Rows": 569410, "Plan Width": 24, "Recheck Cond": "((o_orderdate >= '1995-01-01 00:00:00'::timestamp(0) without time zone) AND (o_orderdate < '1995-04-01 00:00:00'::timestamp without time zone)), (LLVM Optimized)", "Plans": [{"Node Type": "Bitmap Index Scan", "Parent Relationship": "Outer", "Index Name": "idx_orders_orderdate", "Startup Cost": 0.0, "Total Cost": 14422.35, "Plan Rows": 569410, "Plan Width": 0, "Index Cond": "((o_orderdate >= '1995-01-01 00:00:00'::timestamp(0) without time zone) AND (o_orderdate < '1995-04-01 00:00:00'::timestamp without time zone))"}]}, {"Node Type": "Index Scan", "Parent Relationship": "Inner", "Scan Direction": "Forward", "Index Name": "idx_lineitem_orderkey", "Relation Name": "lineitem", "Alias": "lineitem", "Startup Cost": 0.0, "Total Cost": 5.41, "Plan Rows": 3, "Plan Width": 8, "Index Cond": "(l_orderkey = orders.o_orderkey)", "Filter": "(l_commitdate < l_receiptdate)"}]}]}]}, "Unique SQL Id": 3745551476, "Planner Runtime": 0}, "explain_analyze_plan": {"Plan": {"Node Type": "Sort", "Startup Cost": 916688.59, "Total Cost": 916688.6, "Plan Rows": 1, "Plan Width": 16, "Actual Startup Time": 4955.529, "Actual Total Time": 4955.53, "Actual Rows": 5, "Actual Loops": 1, "Sort Key": ["orders.o_orderpriority"], "Sort Method": "quicksort", "Sort Space Used": 25, "Sort Space Type": "Memory", "Plans": [{"Node Type": "Aggregate", "Strategy": "Hashed", "Parent Relationship": "Outer", "Startup Cost": 916688.57, "Total Cost": 916688.58, "Plan Rows": 1, "Plan Width": 16, "Actual Startup Time": 4955.482, "Actual Total Time": 4955.483, "Actual Rows": 5, "Actual Loops": 1, "Group By Key": ["orders.o_orderpriority"], "Plans": [{"Node Type": "Nested Loop", "Parent Relationship": "Outer", "Join Type": "Semi", "Startup Cost": 14564.7, "Total Cost": 913841.52, "Plan Rows": 569410, "Plan Width": 16, "Actual Startup Time": 244.432, "Actual Total Time": 4673.233, "Actual Rows": 515106, "Actual Loops": 1, "Inner Unique": false, "Plans": [{"Node Type": "Bitmap Heap Scan", "Parent Relationship": "Outer", "Relation Name": "orders", "Alias": "orders", "Startup Cost": 14564.7, "Total Cost": 299524.85, "Plan Rows": 569410, "Plan Width": 24, "Actual Startup Time": 244.347, "Actual Total Time": 966.434, "Actual Rows": 561612, "Actual Loops": 1, "Recheck Cond": "((o_orderdate >= '1995-01-01 00:00:00'::timestamp(0) without time zone) AND (o_orderdate < '1995-04-01 00:00:00'::timestamp without time zone)), (LLVM Optimized, Jit Execute)", "Rows Removed by Index Recheck": 0, "Exact Heap Blocks": 241676, "Lossy Heap Blocks": 241676, "Plans": [{"Node Type": "Bitmap Index Scan", "Parent Relationship": "Outer", "Index Name": "idx_orders_orderdate", "Startup Cost": 0.0, "Total Cost": 14422.35, "Plan Rows": 569410, "Plan Width": 0, "Actual Startup Time": 169.789, "Actual Total Time": 169.789, "Actual Rows": 561612, "Actual Loops": 1, "Index Cond": "((o_orderdate >= '1995-01-01 00:00:00'::timestamp(0) without time zone) AND (o_orderdate < '1995-04-01 00:00:00'::timestamp without time zone))"}]}, {"Node Type": "Index Scan", "Parent Relationship": "Inner", "Scan Direction": "Forward", "Index Name": "idx_lineitem_orderkey", "Relation Name": "lineitem", "Alias": "lineitem", "Startup Cost": 0.0, "Total Cost": 5.41, "Plan Rows": 3, "Plan Width": 8, "Actual Startup Time": 3288.693, "Actual Total Time": 3288.693, "Actual Rows": 515106, "Actual Loops": 561612, "Index Cond": "(l_orderkey = orders.o_orderkey)", "Rows Removed by Index Recheck": 0, "Filter": "(l_commitdate < l_receiptdate)", "Rows Removed by Filter": 299676}]}]}]}, "Triggers": [], "Planner Runtime": 0, "Total Runtime": 4965.067, "Unique SQL Id": 3745551476}}, "(1, 97)": {"explain_plan": {"Plan": {"Node Type": "Sort", "Startup Cost": 916688.59, "Total Cost": 916688.6, "Plan Rows": 1, "Plan Width": 16, "Sort Key": ["orders.o_orderpriority"], "Plans": [{"Node Type": "Aggregate", "Strategy": "Hashed", "Parent Relationship": "Outer", "Startup Cost": 916688.57, "Total Cost": 916688.58, "Plan Rows": 1, "Plan Width": 16, "Group By Key": ["orders.o_orderpriority"], "Plans": [{"Node Type": "Nested Loop", "Parent Relationship": "Outer", "Join Type": "Semi", "Startup Cost": 14564.7, "Total Cost": 913841.52, "Plan Rows": 569410, "Plan Width": 16, "Inner Unique": false, "Plans": [{"Node Type": "Bitmap Heap Scan", "Parent Relationship": "Outer", "Relation Name": "orders", "Alias": "orders", "Startup Cost": 14564.7, "Total Cost": 299524.85, "Plan Rows": 569410, "Plan Width": 24, "Recheck Cond": "((o_orderdate >= '1995-01-01 00:00:00'::timestamp(0) without time zone) AND (o_orderdate < '1995-04-01 00:00:00'::timestamp without time zone)), (LLVM Optimized)", "Plans": [{"Node Type": "Bitmap Index Scan", "Parent Relationship": "Outer", "Index Name": "idx_orders_orderdate", "Startup Cost": 0.0, "Total Cost": 14422.35, "Plan Rows": 569410, "Plan Width": 0, "Index Cond": "((o_orderdate >= '1995-01-01 00:00:00'::timestamp(0) without time zone) AND (o_orderdate < '1995-04-01 00:00:00'::timestamp without time zone))"}]}, {"Node Type": "Index Scan", "Parent Relationship": "Inner", "Scan Direction": "Forward", "Index Name": "idx_lineitem_orderkey", "Relation Name": "lineitem", "Alias": "lineitem", "Startup Cost": 0.0, "Total Cost": 5.41, "Plan Rows": 3, "Plan Width": 8, "Index Cond": "(l_orderkey = orders.o_orderkey)", "Filter": "(l_commitdate < l_receiptdate)"}]}]}]}, "Unique SQL Id": 3745551476, "Planner Runtime": 0}, "explain_analyze_plan": {"Plan": {"Node Type": "Sort", "Startup Cost": 916688.59, "Total Cost": 916688.6, "Plan Rows": 1, "Plan Width": 16, "Actual Startup Time": 4955.529, "Actual Total Time": 4955.53, "Actual Rows": 5, "Actual Loops": 1, "Sort Key": ["orders.o_orderpriority"], "Sort Method": "quicksort", "Sort Space Used": 25, "Sort Space Type": "Memory", "Plans": [{"Node Type": "Aggregate", "Strategy": "Hashed", "Parent Relationship": "Outer", "Startup Cost": 916688.57, "Total Cost": 916688.58, "Plan Rows": 1, "Plan Width": 16, "Actual Startup Time": 4955.482, "Actual Total Time": 4955.483, "Actual Rows": 5, "Actual Loops": 1, "Group By Key": ["orders.o_orderpriority"], "Plans": [{"Node Type": "Nested Loop", "Parent Relationship": "Outer", "Join Type": "Semi", "Startup Cost": 14564.7, "Total Cost": 913841.52, "Plan Rows": 569410, "Plan Width": 16, "Actual Startup Time": 244.432, "Actual Total Time": 4673.233, "Actual Rows": 515106, "Actual Loops": 1, "Inner Unique": false, "Plans": [{"Node Type": "Bitmap Heap Scan", "Parent Relationship": "Outer", "Relation Name": "orders", "Alias": "orders", "Startup Cost": 14564.7, "Total Cost": 299524.85, "Plan Rows": 569410, "Plan Width": 24, "Actual Startup Time": 244.347, "Actual Total Time": 966.434, "Actual Rows": 561612, "Actual Loops": 1, "Recheck Cond": "((o_orderdate >= '1995-01-01 00:00:00'::timestamp(0) without time zone) AND (o_orderdate < '1995-04-01 00:00:00'::timestamp without time zone)), (LLVM Optimized, Jit Execute)", "Rows Removed by Index Recheck": 0, "Exact Heap Blocks": 241676, "Lossy Heap Blocks": 241676, "Plans": [{"Node Type": "Bitmap Index Scan", "Parent Relationship": "Outer", "Index Name": "idx_orders_orderdate", "Startup Cost": 0.0, "Total Cost": 14422.35, "Plan Rows": 569410, "Plan Width": 0, "Actual Startup Time": 169.789, "Actual Total Time": 169.789, "Actual Rows": 561612, "Actual Loops": 1, "Index Cond": "((o_orderdate >= '1995-01-01 00:00:00'::timestamp(0) without time zone) AND (o_orderdate < '1995-04-01 00:00:00'::timestamp without time zone))"}]}, {"Node Type": "Index Scan", "Parent Relationship": "Inner", "Scan Direction": "Forward", "Index Name": "idx_lineitem_orderkey", "Relation Name": "lineitem", "Alias": "lineitem", "Startup Cost": 0.0, "Total Cost": 5.41, "Plan Rows": 3, "Plan Width": 8, "Actual Startup Time": 3288.693, "Actual Total Time": 3288.693, "Actual Rows": 515106, "Actual Loops": 561612, "Index Cond": "(l_orderkey = orders.o_orderkey)", "Rows Removed by Index Recheck": 0, "Filter": "(l_commitdate < l_receiptdate)", "Rows Removed by Filter": 299676}]}]}]}, "Triggers": [], "Planner Runtime": 0, "Total Runtime": 4965.067, "Unique SQL Id": 3745551476}}, "(1, 98)": {"explain_plan": {"Plan": {"Node Type": "Sort", "Startup Cost": 2560249.27, "Total Cost": 2560249.28, "Plan Rows": 1, "Plan Width": 16, "Sort Key": ["orders.o_orderpriority"], "Plans": [{"Node Type": "Aggregate", "Strategy": "Hashed", "Parent Relationship": "Outer", "Startup Cost": 2560249.25, "Total Cost": 2560249.26, "Plan Rows": 1, "Plan Width": 16, "Group By Key": ["orders.o_orderpriority"], "Plans": [{"Node Type": "Hash Join", "Parent Relationship": "Outer", "Join Type": "Right Semi", "Startup Cost": 306642.48, "Total Cost": 2557402.2, "Plan Rows": 569410, "Plan Width": 16, "Inner Unique": true, "Hash Cond": "(lineitem.l_orderkey = orders.o_orderkey), (LLVM Optimized)", "Plans": [{"Node Type": "Seq Scan", "Parent Relationship": "Outer", "Relation Name": "lineitem", "Alias": "lineitem", "Startup Cost": 0.0, "Total Cost": 2165082.91, "Plan Rows": 19995678, "Plan Width": 8, "Filter": "(l_commitdate < l_receiptdate), (LLVM Optimized)"}, {"Node Type": "Hash", "Parent Relationship": "Inner", "Startup Cost": 299524.85, "Total Cost": 299524.85, "Plan Rows": 569410, "Plan Width": 24, "Plans": [{"Node Type": "Bitmap Heap Scan", "Parent Relationship": "Outer", "Relation Name": "orders", "Alias": "orders", "Startup Cost": 14564.7, "Total Cost": 299524.85, "Plan Rows": 569410, "Plan Width": 24, "Recheck Cond": "((o_orderdate >= '1995-01-01 00:00:00'::timestamp(0) without time zone) AND (o_orderdate < '1995-04-01 00:00:00'::timestamp without time zone)), (LLVM Optimized)", "Plans": [{"Node Type": "Bitmap Index Scan", "Parent Relationship": "Outer", "Index Name": "idx_orders_orderdate", "Startup Cost": 0.0, "Total Cost": 14422.35, "Plan Rows": 569410, "Plan Width": 0, "Index Cond": "((o_orderdate >= '1995-01-01 00:00:00'::timestamp(0) without time zone) AND (o_orderdate < '1995-04-01 00:00:00'::timestamp without time zone))"}]}]}]}]}]}, "Unique SQL Id": 3745551476, "Planner Runtime": 0}, "explain_analyze_plan": null}, "(1, 99)": {"explain_plan": {"Plan": {"Node Type": "Sort", "Startup Cost": 2781642.36, "Total Cost": 2781642.36, "Plan Rows": 1, "Plan Width": 16, "Sort Key": ["orders.o_orderpriority"], "Plans": [{"Node Type": "Aggregate", "Strategy": "Hashed", "Parent Relationship": "Outer", "Startup Cost": 2781642.34, "Total Cost": 2781642.35, "Plan Rows": 1, "Plan Width": 16, "Group By Key": ["orders.o_orderpriority"], "Plans": [{"Node Type": "Nested Loop", "Parent Relationship": "Outer", "Join Type": "Semi", "Startup Cost": 14566.65, "Total Cost": 2778795.29, "Plan Rows": 569410, "Plan Width": 16, "Inner Unique": false, "Plans": [{"Node Type": "Bitmap Heap Scan", "Parent Relationship": "Outer", "Relation Name": "orders", "Alias": "orders", "Startup Cost": 14564.7, "Total Cost": 299524.85, "Plan Rows": 569410, "Plan Width": 24, "Recheck Cond": "((o_orderdate >= '1995-01-01 00:00:00'::timestamp(0) without time zone) AND (o_orderdate < '1995-04-01 00:00:00'::timestamp without time zone)), (LLVM Optimized)", "Plans": [{"Node Type": "Bitmap Index Scan", "Parent Relationship": "Outer", "Index Name": "idx_orders_orderdate", "Startup Cost": 0.0, "Total Cost": 14422.35, "Plan Rows": 569410, "Plan Width": 0, "Index Cond": "((o_orderdate >= '1995-01-01 00:00:00'::timestamp(0) without time zone) AND (o_orderdate < '1995-04-01 00:00:00'::timestamp without time zone))"}]}, {"Node Type": "Bitmap Heap Scan", "Parent Relationship": "Inner", "Relation Name": "lineitem", "Alias": "lineitem", "Startup Cost": 1.94, "Total Cost": 14.06, "Plan Rows": 3, "Plan Width": 8, "Recheck Cond": "(l_orderkey = orders.o_orderkey)", "Filter": "(l_commitdate < l_receiptdate)", "Plans": [{"Node Type": "Bitmap Index Scan", "Parent Relationship": "Outer", "Index Name": "idx_lineitem_orderkey", "Startup Cost": 0.0, "Total Cost": 1.94, "Plan Rows": 9, "Plan Width": 0, "Index Cond": "(l_orderkey = orders.o_orderkey)"}]}]}]}]}, "Unique SQL Id": 3745551476, "Planner Runtime": 0}, "explain_analyze_plan": {"Plan": {"Node Type": "Sort", "Startup Cost": 2781642.36, "Total Cost": 2781642.36, "Plan Rows": 1, "Plan Width": 16, "Actual Startup Time": 6863.223, "Actual Total Time": 6863.225, "Actual Rows": 5, "Actual Loops": 1, "Sort Key": ["orders.o_orderpriority"], "Sort Method": "quicksort", "Sort Space Used": 25, "Sort Space Type": "Memory", "Plans": [{"Node Type": "Aggregate", "Strategy": "Hashed", "Parent Relationship": "Outer", "Startup Cost": 2781642.34, "Total Cost": 2781642.35, "Plan Rows": 1, "Plan Width": 16, "Actual Startup Time": 6863.09, "Actual Total Time": 6863.105, "Actual Rows": 5, "Actual Loops": 1, "Group By Key": ["orders.o_orderpriority"], "Plans": [{"Node Type": "Nested Loop", "Parent Relationship": "Outer", "Join Type": "Semi", "Startup Cost": 14566.65, "Total Cost": 2778795.29, "Plan Rows": 569410, "Plan Width": 16, "Actual Startup Time": 247.984, "Actual Total Time": 6556.711, "Actual Rows": 515106, "Actual Loops": 1, "Inner Unique": false, "Plans": [{"Node Type": "Bitmap Heap Scan", "Parent Relationship": "Outer", "Relation Name": "orders", "Alias": "orders", "Startup Cost": 14564.7, "Total Cost": 299524.85, "Plan Rows": 569410, "Plan Width": 24, "Actual Startup Time": 247.881, "Actual Total Time": 1049.55, "Actual Rows": 561612, "Actual Loops": 1, "Recheck Cond": "((o_orderdate >= '1995-01-01 00:00:00'::timestamp(0) without time zone) AND (o_orderdate < '1995-04-01 00:00:00'::timestamp without time zone)), (LLVM Optimized, Jit Execute)", "Rows Removed by Index Recheck": 0, "Exact Heap Blocks": 241676, "Lossy Heap Blocks": 241676, "Plans": [{"Node Type": "Bitmap Index Scan", "Parent Relationship": "Outer", "Index Name": "idx_orders_orderdate", "Startup Cost": 0.0, "Total Cost": 14422.35, "Plan Rows": 569410, "Plan Width": 0, "Actual Startup Time": 172.696, "Actual Total Time": 172.696, "Actual Rows": 561612, "Actual Loops": 1, "Index Cond": "((o_orderdate >= '1995-01-01 00:00:00'::timestamp(0) without time zone) AND (o_orderdate < '1995-04-01 00:00:00'::timestamp without time zone))"}]}, {"Node Type": "Bitmap Heap Scan", "Parent Relationship": "Inner", "Relation Name": "lineitem", "Alias": "lineitem", "Startup Cost": 1.94, "Total Cost": 14.06, "Plan Rows": 3, "Plan Width": 8, "Actual Startup Time": 4756.399, "Actual Total Time": 4756.399, "Actual Rows": 515106, "Actual Loops": 561612, "Recheck Cond": "(l_orderkey = orders.o_orderkey)", "Rows Removed by Index Recheck": 0, "Filter": "(l_commitdate < l_receiptdate)", "Rows Removed by Filter": 299676, "Exact Heap Blocks": 567798, "Lossy Heap Blocks": 567798, "Plans": [{"Node Type": "Bitmap Index Scan", "Parent Relationship": "Outer", "Index Name": "idx_lineitem_orderkey", "Startup Cost": 0.0, "Total Cost": 1.94, "Plan Rows": 9, "Plan Width": 0, "Actual Startup Time": 2428.769, "Actual Total Time": 2428.769, "Actual Rows": 2246588, "Actual Loops": 561612, "Index Cond": "(l_orderkey = orders.o_orderkey)"}]}]}]}]}, "Triggers": [], "Planner Runtime": 0, "Total Runtime": 6876.889, "Unique SQL Id": 3745551476}}, "(1, 100)": {"explain_plan": {"Plan": {"Node Type": "Sort", "Startup Cost": 916688.59, "Total Cost": 916688.6, "Plan Rows": 1, "Plan Width": 16, "Sort Key": ["orders.o_orderpriority"], "Plans": [{"Node Type": "Aggregate", "Strategy": "Hashed", "Parent Relationship": "Outer", "Startup Cost": 916688.57, "Total Cost": 916688.58, "Plan Rows": 1, "Plan Width": 16, "Group By Key": ["orders.o_orderpriority"], "Plans": [{"Node Type": "Nested Loop", "Parent Relationship": "Outer", "Join Type": "Semi", "Startup Cost": 14564.7, "Total Cost": 913841.52, "Plan Rows": 569410, "Plan Width": 16, "Inner Unique": false, "Plans": [{"Node Type": "Bitmap Heap Scan", "Parent Relationship": "Outer", "Relation Name": "orders", "Alias": "orders", "Startup Cost": 14564.7, "Total Cost": 299524.85, "Plan Rows": 569410, "Plan Width": 24, "Recheck Cond": "((o_orderdate >= '1995-01-01 00:00:00'::timestamp(0) without time zone) AND (o_orderdate < '1995-04-01 00:00:00'::timestamp without time zone)), (LLVM Optimized)", "Plans": [{"Node Type": "Bitmap Index Scan", "Parent Relationship": "Outer", "Index Name": "idx_orders_orderdate", "Startup Cost": 0.0, "Total Cost": 14422.35, "Plan Rows": 569410, "Plan Width": 0, "Index Cond": "((o_orderdate >= '1995-01-01 00:00:00'::timestamp(0) without time zone) AND (o_orderdate < '1995-04-01 00:00:00'::timestamp without time zone))"}]}, {"Node Type": "Index Scan", "Parent Relationship": "Inner", "Scan Direction": "Forward", "Index Name": "idx_lineitem_orderkey", "Relation Name": "lineitem", "Alias": "lineitem", "Startup Cost": 0.0, "Total Cost": 5.41, "Plan Rows": 3, "Plan Width": 8, "Index Cond": "(l_orderkey = orders.o_orderkey)", "Filter": "(l_commitdate < l_receiptdate)"}]}]}]}, "Unique SQL Id": 3745551476, "Planner Runtime": 0}, "explain_analyze_plan": {"Plan": {"Node Type": "Sort", "Startup Cost": 916688.59, "Total Cost": 916688.6, "Plan Rows": 1, "Plan Width": 16, "Actual Startup Time": 4955.529, "Actual Total Time": 4955.53, "Actual Rows": 5, "Actual Loops": 1, "Sort Key": ["orders.o_orderpriority"], "Sort Method": "quicksort", "Sort Space Used": 25, "Sort Space Type": "Memory", "Plans": [{"Node Type": "Aggregate", "Strategy": "Hashed", "Parent Relationship": "Outer", "Startup Cost": 916688.57, "Total Cost": 916688.58, "Plan Rows": 1, "Plan Width": 16, "Actual Startup Time": 4955.482, "Actual Total Time": 4955.483, "Actual Rows": 5, "Actual Loops": 1, "Group By Key": ["orders.o_orderpriority"], "Plans": [{"Node Type": "Nested Loop", "Parent Relationship": "Outer", "Join Type": "Semi", "Startup Cost": 14564.7, "Total Cost": 913841.52, "Plan Rows": 569410, "Plan Width": 16, "Actual Startup Time": 244.432, "Actual Total Time": 4673.233, "Actual Rows": 515106, "Actual Loops": 1, "Inner Unique": false, "Plans": [{"Node Type": "Bitmap Heap Scan", "Parent Relationship": "Outer", "Relation Name": "orders", "Alias": "orders", "Startup Cost": 14564.7, "Total Cost": 299524.85, "Plan Rows": 569410, "Plan Width": 24, "Actual Startup Time": 244.347, "Actual Total Time": 966.434, "Actual Rows": 561612, "Actual Loops": 1, "Recheck Cond": "((o_orderdate >= '1995-01-01 00:00:00'::timestamp(0) without time zone) AND (o_orderdate < '1995-04-01 00:00:00'::timestamp without time zone)), (LLVM Optimized, Jit Execute)", "Rows Removed by Index Recheck": 0, "Exact Heap Blocks": 241676, "Lossy Heap Blocks": 241676, "Plans": [{"Node Type": "Bitmap Index Scan", "Parent Relationship": "Outer", "Index Name": "idx_orders_orderdate", "Startup Cost": 0.0, "Total Cost": 14422.35, "Plan Rows": 569410, "Plan Width": 0, "Actual Startup Time": 169.789, "Actual Total Time": 169.789, "Actual Rows": 561612, "Actual Loops": 1, "Index Cond": "((o_orderdate >= '1995-01-01 00:00:00'::timestamp(0) without time zone) AND (o_orderdate < '1995-04-01 00:00:00'::timestamp without time zone))"}]}, {"Node Type": "Index Scan", "Parent Relationship": "Inner", "Scan Direction": "Forward", "Index Name": "idx_lineitem_orderkey", "Relation Name": "lineitem", "Alias": "lineitem", "Startup Cost": 0.0, "Total Cost": 5.41, "Plan Rows": 3, "Plan Width": 8, "Actual Startup Time": 3288.693, "Actual Total Time": 3288.693, "Actual Rows": 515106, "Actual Loops": 561612, "Index Cond": "(l_orderkey = orders.o_orderkey)", "Rows Removed by Index Recheck": 0, "Filter": "(l_commitdate < l_receiptdate)", "Rows Removed by Filter": 299676}]}]}]}, "Triggers": [], "Planner Runtime": 0, "Total Runtime": 4965.067, "Unique SQL Id": 3745551476}}, "(1, 101)": {"explain_plan": {"Plan": {"Node Type": "Sort", "Startup Cost": 916688.59, "Total Cost": 916688.6, "Plan Rows": 1, "Plan Width": 16, "Sort Key": ["orders.o_orderpriority"], "Plans": [{"Node Type": "Aggregate", "Strategy": "Hashed", "Parent Relationship": "Outer", "Startup Cost": 916688.57, "Total Cost": 916688.58, "Plan Rows": 1, "Plan Width": 16, "Group By Key": ["orders.o_orderpriority"], "Plans": [{"Node Type": "Nested Loop", "Parent Relationship": "Outer", "Join Type": "Semi", "Startup Cost": 14564.7, "Total Cost": 913841.52, "Plan Rows": 569410, "Plan Width": 16, "Inner Unique": false, "Plans": [{"Node Type": "Bitmap Heap Scan", "Parent Relationship": "Outer", "Relation Name": "orders", "Alias": "orders", "Startup Cost": 14564.7, "Total Cost": 299524.85, "Plan Rows": 569410, "Plan Width": 24, "Recheck Cond": "((o_orderdate >= '1995-01-01 00:00:00'::timestamp(0) without time zone) AND (o_orderdate < '1995-04-01 00:00:00'::timestamp without time zone)), (LLVM Optimized)", "Plans": [{"Node Type": "Bitmap Index Scan", "Parent Relationship": "Outer", "Index Name": "idx_orders_orderdate", "Startup Cost": 0.0, "Total Cost": 14422.35, "Plan Rows": 569410, "Plan Width": 0, "Index Cond": "((o_orderdate >= '1995-01-01 00:00:00'::timestamp(0) without time zone) AND (o_orderdate < '1995-04-01 00:00:00'::timestamp without time zone))"}]}, {"Node Type": "Index Scan", "Parent Relationship": "Inner", "Scan Direction": "Forward", "Index Name": "idx_lineitem_orderkey", "Relation Name": "lineitem", "Alias": "lineitem", "Startup Cost": 0.0, "Total Cost": 5.41, "Plan Rows": 3, "Plan Width": 8, "Index Cond": "(l_orderkey = orders.o_orderkey)", "Filter": "(l_commitdate < l_receiptdate)"}]}]}]}, "Unique SQL Id": 3745551476, "Planner Runtime": 0}, "explain_analyze_plan": {"Plan": {"Node Type": "Sort", "Startup Cost": 916688.59, "Total Cost": 916688.6, "Plan Rows": 1, "Plan Width": 16, "Actual Startup Time": 4955.529, "Actual Total Time": 4955.53, "Actual Rows": 5, "Actual Loops": 1, "Sort Key": ["orders.o_orderpriority"], "Sort Method": "quicksort", "Sort Space Used": 25, "Sort Space Type": "Memory", "Plans": [{"Node Type": "Aggregate", "Strategy": "Hashed", "Parent Relationship": "Outer", "Startup Cost": 916688.57, "Total Cost": 916688.58, "Plan Rows": 1, "Plan Width": 16, "Actual Startup Time": 4955.482, "Actual Total Time": 4955.483, "Actual Rows": 5, "Actual Loops": 1, "Group By Key": ["orders.o_orderpriority"], "Plans": [{"Node Type": "Nested Loop", "Parent Relationship": "Outer", "Join Type": "Semi", "Startup Cost": 14564.7, "Total Cost": 913841.52, "Plan Rows": 569410, "Plan Width": 16, "Actual Startup Time": 244.432, "Actual Total Time": 4673.233, "Actual Rows": 515106, "Actual Loops": 1, "Inner Unique": false, "Plans": [{"Node Type": "Bitmap Heap Scan", "Parent Relationship": "Outer", "Relation Name": "orders", "Alias": "orders", "Startup Cost": 14564.7, "Total Cost": 299524.85, "Plan Rows": 569410, "Plan Width": 24, "Actual Startup Time": 244.347, "Actual Total Time": 966.434, "Actual Rows": 561612, "Actual Loops": 1, "Recheck Cond": "((o_orderdate >= '1995-01-01 00:00:00'::timestamp(0) without time zone) AND (o_orderdate < '1995-04-01 00:00:00'::timestamp without time zone)), (LLVM Optimized, Jit Execute)", "Rows Removed by Index Recheck": 0, "Exact Heap Blocks": 241676, "Lossy Heap Blocks": 241676, "Plans": [{"Node Type": "Bitmap Index Scan", "Parent Relationship": "Outer", "Index Name": "idx_orders_orderdate", "Startup Cost": 0.0, "Total Cost": 14422.35, "Plan Rows": 569410, "Plan Width": 0, "Actual Startup Time": 169.789, "Actual Total Time": 169.789, "Actual Rows": 561612, "Actual Loops": 1, "Index Cond": "((o_orderdate >= '1995-01-01 00:00:00'::timestamp(0) without time zone) AND (o_orderdate < '1995-04-01 00:00:00'::timestamp without time zone))"}]}, {"Node Type": "Index Scan", "Parent Relationship": "Inner", "Scan Direction": "Forward", "Index Name": "idx_lineitem_orderkey", "Relation Name": "lineitem", "Alias": "lineitem", "Startup Cost": 0.0, "Total Cost": 5.41, "Plan Rows": 3, "Plan Width": 8, "Actual Startup Time": 3288.693, "Actual Total Time": 3288.693, "Actual Rows": 515106, "Actual Loops": 561612, "Index Cond": "(l_orderkey = orders.o_orderkey)", "Rows Removed by Index Recheck": 0, "Filter": "(l_commitdate < l_receiptdate)", "Rows Removed by Filter": 299676}]}]}]}, "Triggers": [], "Planner Runtime": 0, "Total Runtime": 4965.067, "Unique SQL Id": 3745551476}}, "(1, 102)": {"explain_plan": {"Plan": {"Node Type": "Sort", "Startup Cost": 2560249.27, "Total Cost": 2560249.28, "Plan Rows": 1, "Plan Width": 16, "Sort Key": ["orders.o_orderpriority"], "Plans": [{"Node Type": "Aggregate", "Strategy": "Hashed", "Parent Relationship": "Outer", "Startup Cost": 2560249.25, "Total Cost": 2560249.26, "Plan Rows": 1, "Plan Width": 16, "Group By Key": ["orders.o_orderpriority"], "Plans": [{"Node Type": "Hash Join", "Parent Relationship": "Outer", "Join Type": "Right Semi", "Startup Cost": 306642.48, "Total Cost": 2557402.2, "Plan Rows": 569410, "Plan Width": 16, "Inner Unique": true, "Hash Cond": "(lineitem.l_orderkey = orders.o_orderkey), (LLVM Optimized)", "Plans": [{"Node Type": "Seq Scan", "Parent Relationship": "Outer", "Relation Name": "lineitem", "Alias": "lineitem", "Startup Cost": 0.0, "Total Cost": 2165082.91, "Plan Rows": 19995678, "Plan Width": 8, "Filter": "(l_commitdate < l_receiptdate), (LLVM Optimized)"}, {"Node Type": "Hash", "Parent Relationship": "Inner", "Startup Cost": 299524.85, "Total Cost": 299524.85, "Plan Rows": 569410, "Plan Width": 24, "Plans": [{"Node Type": "Bitmap Heap Scan", "Parent Relationship": "Outer", "Relation Name": "orders", "Alias": "orders", "Startup Cost": 14564.7, "Total Cost": 299524.85, "Plan Rows": 569410, "Plan Width": 24, "Recheck Cond": "((o_orderdate >= '1995-01-01 00:00:00'::timestamp(0) without time zone) AND (o_orderdate < '1995-04-01 00:00:00'::timestamp without time zone)), (LLVM Optimized)", "Plans": [{"Node Type": "Bitmap Index Scan", "Parent Relationship": "Outer", "Index Name": "idx_orders_orderdate", "Startup Cost": 0.0, "Total Cost": 14422.35, "Plan Rows": 569410, "Plan Width": 0, "Index Cond": "((o_orderdate >= '1995-01-01 00:00:00'::timestamp(0) without time zone) AND (o_orderdate < '1995-04-01 00:00:00'::timestamp without time zone))"}]}]}]}]}]}, "Unique SQL Id": 3745551476, "Planner Runtime": 0}, "explain_analyze_plan": null}, "(1, 103)": {"explain_plan": {"Plan": {"Node Type": "Sort", "Startup Cost": 2781642.36, "Total Cost": 2781642.36, "Plan Rows": 1, "Plan Width": 16, "Sort Key": ["orders.o_orderpriority"], "Plans": [{"Node Type": "Aggregate", "Strategy": "Hashed", "Parent Relationship": "Outer", "Startup Cost": 2781642.34, "Total Cost": 2781642.35, "Plan Rows": 1, "Plan Width": 16, "Group By Key": ["orders.o_orderpriority"], "Plans": [{"Node Type": "Nested Loop", "Parent Relationship": "Outer", "Join Type": "Semi", "Startup Cost": 14566.65, "Total Cost": 2778795.29, "Plan Rows": 569410, "Plan Width": 16, "Inner Unique": false, "Plans": [{"Node Type": "Bitmap Heap Scan", "Parent Relationship": "Outer", "Relation Name": "orders", "Alias": "orders", "Startup Cost": 14564.7, "Total Cost": 299524.85, "Plan Rows": 569410, "Plan Width": 24, "Recheck Cond": "((o_orderdate >= '1995-01-01 00:00:00'::timestamp(0) without time zone) AND (o_orderdate < '1995-04-01 00:00:00'::timestamp without time zone)), (LLVM Optimized)", "Plans": [{"Node Type": "Bitmap Index Scan", "Parent Relationship": "Outer", "Index Name": "idx_orders_orderdate", "Startup Cost": 0.0, "Total Cost": 14422.35, "Plan Rows": 569410, "Plan Width": 0, "Index Cond": "((o_orderdate >= '1995-01-01 00:00:00'::timestamp(0) without time zone) AND (o_orderdate < '1995-04-01 00:00:00'::timestamp without time zone))"}]}, {"Node Type": "Bitmap Heap Scan", "Parent Relationship": "Inner", "Relation Name": "lineitem", "Alias": "lineitem", "Startup Cost": 1.94, "Total Cost": 14.06, "Plan Rows": 3, "Plan Width": 8, "Recheck Cond": "(l_orderkey = orders.o_orderkey)", "Filter": "(l_commitdate < l_receiptdate)", "Plans": [{"Node Type": "Bitmap Index Scan", "Parent Relationship": "Outer", "Index Name": "idx_lineitem_orderkey", "Startup Cost": 0.0, "Total Cost": 1.94, "Plan Rows": 9, "Plan Width": 0, "Index Cond": "(l_orderkey = orders.o_orderkey)"}]}]}]}]}, "Unique SQL Id": 3745551476, "Planner Runtime": 0}, "explain_analyze_plan": {"Plan": {"Node Type": "Sort", "Startup Cost": 2781642.36, "Total Cost": 2781642.36, "Plan Rows": 1, "Plan Width": 16, "Actual Startup Time": 6863.223, "Actual Total Time": 6863.225, "Actual Rows": 5, "Actual Loops": 1, "Sort Key": ["orders.o_orderpriority"], "Sort Method": "quicksort", "Sort Space Used": 25, "Sort Space Type": "Memory", "Plans": [{"Node Type": "Aggregate", "Strategy": "Hashed", "Parent Relationship": "Outer", "Startup Cost": 2781642.34, "Total Cost": 2781642.35, "Plan Rows": 1, "Plan Width": 16, "Actual Startup Time": 6863.09, "Actual Total Time": 6863.105, "Actual Rows": 5, "Actual Loops": 1, "Group By Key": ["orders.o_orderpriority"], "Plans": [{"Node Type": "Nested Loop", "Parent Relationship": "Outer", "Join Type": "Semi", "Startup Cost": 14566.65, "Total Cost": 2778795.29, "Plan Rows": 569410, "Plan Width": 16, "Actual Startup Time": 247.984, "Actual Total Time": 6556.711, "Actual Rows": 515106, "Actual Loops": 1, "Inner Unique": false, "Plans": [{"Node Type": "Bitmap Heap Scan", "Parent Relationship": "Outer", "Relation Name": "orders", "Alias": "orders", "Startup Cost": 14564.7, "Total Cost": 299524.85, "Plan Rows": 569410, "Plan Width": 24, "Actual Startup Time": 247.881, "Actual Total Time": 1049.55, "Actual Rows": 561612, "Actual Loops": 1, "Recheck Cond": "((o_orderdate >= '1995-01-01 00:00:00'::timestamp(0) without time zone) AND (o_orderdate < '1995-04-01 00:00:00'::timestamp without time zone)), (LLVM Optimized, Jit Execute)", "Rows Removed by Index Recheck": 0, "Exact Heap Blocks": 241676, "Lossy Heap Blocks": 241676, "Plans": [{"Node Type": "Bitmap Index Scan", "Parent Relationship": "Outer", "Index Name": "idx_orders_orderdate", "Startup Cost": 0.0, "Total Cost": 14422.35, "Plan Rows": 569410, "Plan Width": 0, "Actual Startup Time": 172.696, "Actual Total Time": 172.696, "Actual Rows": 561612, "Actual Loops": 1, "Index Cond": "((o_orderdate >= '1995-01-01 00:00:00'::timestamp(0) without time zone) AND (o_orderdate < '1995-04-01 00:00:00'::timestamp without time zone))"}]}, {"Node Type": "Bitmap Heap Scan", "Parent Relationship": "Inner", "Relation Name": "lineitem", "Alias": "lineitem", "Startup Cost": 1.94, "Total Cost": 14.06, "Plan Rows": 3, "Plan Width": 8, "Actual Startup Time": 4756.399, "Actual Total Time": 4756.399, "Actual Rows": 515106, "Actual Loops": 561612, "Recheck Cond": "(l_orderkey = orders.o_orderkey)", "Rows Removed by Index Recheck": 0, "Filter": "(l_commitdate < l_receiptdate)", "Rows Removed by Filter": 299676, "Exact Heap Blocks": 567798, "Lossy Heap Blocks": 567798, "Plans": [{"Node Type": "Bitmap Index Scan", "Parent Relationship": "Outer", "Index Name": "idx_lineitem_orderkey", "Startup Cost": 0.0, "Total Cost": 1.94, "Plan Rows": 9, "Plan Width": 0, "Actual Startup Time": 2428.769, "Actual Total Time": 2428.769, "Actual Rows": 2246588, "Actual Loops": 561612, "Index Cond": "(l_orderkey = orders.o_orderkey)"}]}]}]}]}, "Triggers": [], "Planner Runtime": 0, "Total Runtime": 6876.889, "Unique SQL Id": 3745551476}}, "(1, 104)": {"explain_plan": {"Plan": {"Node Type": "Sort", "Startup Cost": 1118574.92, "Total Cost": 1118574.93, "Plan Rows": 1, "Plan Width": 16, "Sort Key": ["orders.o_orderpriority"], "Plans": [{"Node Type": "Aggregate", "Strategy": "Hashed", "Parent Relationship": "Outer", "Startup Cost": 1118574.9, "Total Cost": 1118574.91, "Plan Rows": 1, "Plan Width": 16, "Group By Key": ["orders.o_orderpriority"], "Plans": [{"Node Type": "Nested Loop", "Parent Relationship": "Outer", "Join Type": "Semi", "Startup Cost": 411.57, "Total Cost": 1115727.85, "Plan Rows": 569410, "Plan Width": 16, "Inner Unique": false, "Plans": [{"Node Type": "Seq Scan", "Parent Relationship": "Outer", "Relation Name": "orders", "Alias": "orders", "Startup Cost": 411.57, "Total Cost": 501411.18, "Plan Rows": 569410, "Plan Width": 24, "Filter": "((o_orderdate >= '1995-01-01 00:00:00'::timestamp(0) without time zone) AND (o_orderdate < '1995-04-01 00:00:00'::timestamp without time zone)), (LLVM Optimized)"}, {"Node Type": "Index Scan", "Parent Relationship": "Inner", "Scan Direction": "Forward", "Index Name": "idx_lineitem_orderkey", "Relation Name": "lineitem", "Alias": "lineitem", "Startup Cost": 0.0, "Total Cost": 5.41, "Plan Rows": 3, "Plan Width": 8, "Index Cond": "(l_orderkey = orders.o_orderkey)", "Filter": "(l_commitdate < l_receiptdate)"}]}]}]}, "Unique SQL Id": 3745551476, "Planner Runtime": 0}, "explain_analyze_plan": {"Plan": {"Node Type": "Sort", "Startup Cost": 1118574.92, "Total Cost": 1118574.93, "Plan Rows": 1, "Plan Width": 16, "Actual Startup Time": 8906.643, "Actual Total Time": 8906.643, "Actual Rows": 5, "Actual Loops": 1, "Sort Key": ["orders.o_orderpriority"], "Sort Method": "quicksort", "Sort Space Used": 25, "Sort Space Type": "Memory", "Plans": [{"Node Type": "Aggregate", "Strategy": "Hashed", "Parent Relationship": "Outer", "Startup Cost": 1118574.9, "Total Cost": 1118574.91, "Plan Rows": 1, "Plan Width": 16, "Actual Startup Time": 8906.597, "Actual Total Time": 8906.6, "Actual Rows": 5, "Actual Loops": 1, "Group By Key": ["orders.o_orderpriority"], "Plans": [{"Node Type": "Nested Loop", "Parent Relationship": "Outer", "Join Type": "Semi", "Startup Cost": 411.57, "Total Cost": 1115727.85, "Plan Rows": 569410, "Plan Width": 16, "Actual Startup Time": 0.057, "Actual Total Time": 8627.866, "Actual Rows": 515106, "Actual Loops": 1, "Inner Unique": false, "Plans": [{"Node Type": "Seq Scan", "Parent Relationship": "Outer", "Relation Name": "orders", "Alias": "orders", "Startup Cost": 411.57, "Total Cost": 501411.18, "Plan Rows": 569410, "Plan Width": 24, "Actual Startup Time": 0.032, "Actual Total Time": 4710.886, "Actual Rows": 561612, "Actual Loops": 1, "Filter": "((o_orderdate >= '1995-01-01 00:00:00'::timestamp(0) without time zone) AND (o_orderdate < '1995-04-01 00:00:00'::timestamp without time zone)), (LLVM Optimized, Jit Execute)", "Rows Removed by Filter": 14438388}, {"Node Type": "Index Scan", "Parent Relationship": "Inner", "Scan Direction": "Forward", "Index Name": "idx_lineitem_orderkey", "Relation Name": "lineitem", "Alias": "lineitem", "Startup Cost": 0.0, "Total Cost": 5.41, "Plan Rows": 3, "Plan Width": 8, "Actual Startup Time": 3494.355, "Actual Total Time": 3494.355, "Actual Rows": 515106, "Actual Loops": 561612, "Index Cond": "(l_orderkey = orders.o_orderkey)", "Rows Removed by Index Recheck": 0, "Filter": "(l_commitdate < l_receiptdate)", "Rows Removed by Filter": 299676}]}]}]}, "Triggers": [], "Planner Runtime": 0, "Total Runtime": 8915.682, "Unique SQL Id": 3745551476}}, "(1, 105)": {"explain_plan": {"Plan": {"Node Type": "Sort", "Startup Cost": 1423139.57, "Total Cost": 1423139.57, "Plan Rows": 1, "Plan Width": 16, "Sort Key": ["orders.o_orderpriority"], "Plans": [{"Node Type": "Aggregate", "Strategy": "Hashed", "Parent Relationship": "Outer", "Startup Cost": 1423139.55, "Total Cost": 1423139.56, "Plan Rows": 1, "Plan Width": 16, "Group By Key": ["orders.o_orderpriority"], "Plans": [{"Node Type": "Nested Loop", "Parent Relationship": "Outer", "Join Type": "Semi", "Startup Cost": 0.0, "Total Cost": 1420292.5, "Plan Rows": 569410, "Plan Width": 16, "Inner Unique": false, "Plans": [{"Node Type": "Index Scan", "Parent Relationship": "Outer", "Scan Direction": "Forward", "Index Name": "orders_pkey", "Relation Name": "orders", "Alias": "orders", "Startup Cost": 0.0, "Total Cost": 805975.83, "Plan Rows": 569410, "Plan Width": 24, "Filter": "((o_orderdate >= '1995-01-01 00:00:00'::timestamp(0) without time zone) AND (o_orderdate < '1995-04-01 00:00:00'::timestamp without time zone)), (LLVM Optimized)"}, {"Node Type": "Index Scan", "Parent Relationship": "Inner", "Scan Direction": "Forward", "Index Name": "idx_lineitem_orderkey", "Relation Name": "lineitem", "Alias": "lineitem", "Startup Cost": 0.0, "Total Cost": 5.41, "Plan Rows": 3, "Plan Width": 8, "Index Cond": "(l_orderkey = orders.o_orderkey)", "Filter": "(l_commitdate < l_receiptdate)"}]}]}]}, "Unique SQL Id": 3745551476, "Planner Runtime": 0}, "explain_analyze_plan": null}, "(1, 106)": {"explain_plan": {"Plan": {"Node Type": "Sort", "Startup Cost": 2762135.61, "Total Cost": 2762135.61, "Plan Rows": 1, "Plan Width": 16, "Sort Key": ["orders.o_orderpriority"], "Plans": [{"Node Type": "Aggregate", "Strategy": "Hashed", "Parent Relationship": "Outer", "Startup Cost": 2762135.59, "Total Cost": 2762135.6, "Plan Rows": 1, "Plan Width": 16, "Group By Key": ["orders.o_orderpriority"], "Plans": [{"Node Type": "Hash Join", "Parent Relationship": "Outer", "Join Type": "Right Semi", "Startup Cost": 508528.81, "Total Cost": 2759288.54, "Plan Rows": 569410, "Plan Width": 16, "Inner Unique": true, "Hash Cond": "(lineitem.l_orderkey = orders.o_orderkey), (LLVM Optimized)", "Plans": [{"Node Type": "Seq Scan", "Parent Relationship": "Outer", "Relation Name": "lineitem", "Alias": "lineitem", "Startup Cost": 0.0, "Total Cost": 2165082.91, "Plan Rows": 19995678, "Plan Width": 8, "Filter": "(l_commitdate < l_receiptdate), (LLVM Optimized)"}, {"Node Type": "Hash", "Parent Relationship": "Inner", "Startup Cost": 501411.18, "Total Cost": 501411.18, "Plan Rows": 569410, "Plan Width": 24, "Plans": [{"Node Type": "Seq Scan", "Parent Relationship": "Outer", "Relation Name": "orders", "Alias": "orders", "Startup Cost": 411.57, "Total Cost": 501411.18, "Plan Rows": 569410, "Plan Width": 24, "Filter": "((o_orderdate >= '1995-01-01 00:00:00'::timestamp(0) without time zone) AND (o_orderdate < '1995-04-01 00:00:00'::timestamp without time zone)), (LLVM Optimized)"}]}]}]}]}, "Unique SQL Id": 3745551476, "Planner Runtime": 0}, "explain_analyze_plan": null}, "(1, 107)": {"explain_plan": {"Plan": {"Node Type": "Sort", "Startup Cost": 2000419705357.26, "Total Cost": 2000419705357.26, "Plan Rows": 1, "Plan Width": 16, "Sort Key": ["orders.o_orderpriority"], "Plans": [{"Node Type": "Aggregate", "Strategy": "Hashed", "Parent Relationship": "Outer", "Startup Cost": 2000419705357.24, "Total Cost": 2000419705357.25, "Plan Rows": 1, "Plan Width": 16, "Group By Key": ["orders.o_orderpriority"], "Plans": [{"Node Type": "Hash Join", "Parent Relationship": "Outer", "Join Type": "Right Semi", "Startup Cost": 1010080604700.62, "Total Cost": 2000419702510.19, "Plan Rows": 569410, "Plan Width": 16, "Inner Unique": true, "Hash Cond": "(lineitem.l_orderkey = orders.o_orderkey), (LLVM Optimized)", "Plans": [{"Node Type": "Index Scan", "Parent Relationship": "Outer", "Scan Direction": "Forward", "Index Name": "idx_lineitem_orderkey", "Relation Name": "lineitem", "Alias": "lineitem", "Startup Cost": 10000000000.0, "Total Cost": 1000339012132.75, "Plan Rows": 19995678, "Plan Width": 8, "Filter": "(l_commitdate < l_receiptdate), (LLVM Optimized)"}, {"Node Type": "Hash", "Parent Relationship": "Inner", "Startup Cost": 1000080597583.0, "Total Cost": 1000080597583.0, "Plan Rows": 569410, "Plan Width": 24, "Plans": [{"Node Type": "Index Scan", "Parent Relationship": "Outer", "Scan Direction": "Forward", "Index Name": "orders_pkey", "Relation Name": "orders", "Alias": "orders", "Startup Cost": 10000000000.0, "Total Cost": 1000080597583.0, "Plan Rows": 569410, "Plan Width": 24, "Filter": "((o_orderdate >= '1995-01-01 00:00:00'::timestamp(0) without time zone) AND (o_orderdate < '1995-04-01 00:00:00'::timestamp without time zone)), (LLVM Optimized)"}]}]}]}]}, "Unique SQL Id": 3745551476, "Planner Runtime": 0}, "explain_analyze_plan": null}, "(1, 108)": {"explain_plan": {"Plan": {"Node Type": "Sort", "Startup Cost": 1118574.92, "Total Cost": 1118574.93, "Plan Rows": 1, "Plan Width": 16, "Sort Key": ["orders.o_orderpriority"], "Plans": [{"Node Type": "Aggregate", "Strategy": "Hashed", "Parent Relationship": "Outer", "Startup Cost": 1118574.9, "Total Cost": 1118574.91, "Plan Rows": 1, "Plan Width": 16, "Group By Key": ["orders.o_orderpriority"], "Plans": [{"Node Type": "Nested Loop", "Parent Relationship": "Outer", "Join Type": "Semi", "Startup Cost": 411.57, "Total Cost": 1115727.85, "Plan Rows": 569410, "Plan Width": 16, "Inner Unique": false, "Plans": [{"Node Type": "Seq Scan", "Parent Relationship": "Outer", "Relation Name": "orders", "Alias": "orders", "Startup Cost": 411.57, "Total Cost": 501411.18, "Plan Rows": 569410, "Plan Width": 24, "Filter": "((o_orderdate >= '1995-01-01 00:00:00'::timestamp(0) without time zone) AND (o_orderdate < '1995-04-01 00:00:00'::timestamp without time zone)), (LLVM Optimized)"}, {"Node Type": "Index Scan", "Parent Relationship": "Inner", "Scan Direction": "Forward", "Index Name": "idx_lineitem_orderkey", "Relation Name": "lineitem", "Alias": "lineitem", "Startup Cost": 0.0, "Total Cost": 5.41, "Plan Rows": 3, "Plan Width": 8, "Index Cond": "(l_orderkey = orders.o_orderkey)", "Filter": "(l_commitdate < l_receiptdate)"}]}]}]}, "Unique SQL Id": 3745551476, "Planner Runtime": 0}, "explain_analyze_plan": {"Plan": {"Node Type": "Sort", "Startup Cost": 1118574.92, "Total Cost": 1118574.93, "Plan Rows": 1, "Plan Width": 16, "Actual Startup Time": 8906.643, "Actual Total Time": 8906.643, "Actual Rows": 5, "Actual Loops": 1, "Sort Key": ["orders.o_orderpriority"], "Sort Method": "quicksort", "Sort Space Used": 25, "Sort Space Type": "Memory", "Plans": [{"Node Type": "Aggregate", "Strategy": "Hashed", "Parent Relationship": "Outer", "Startup Cost": 1118574.9, "Total Cost": 1118574.91, "Plan Rows": 1, "Plan Width": 16, "Actual Startup Time": 8906.597, "Actual Total Time": 8906.6, "Actual Rows": 5, "Actual Loops": 1, "Group By Key": ["orders.o_orderpriority"], "Plans": [{"Node Type": "Nested Loop", "Parent Relationship": "Outer", "Join Type": "Semi", "Startup Cost": 411.57, "Total Cost": 1115727.85, "Plan Rows": 569410, "Plan Width": 16, "Actual Startup Time": 0.057, "Actual Total Time": 8627.866, "Actual Rows": 515106, "Actual Loops": 1, "Inner Unique": false, "Plans": [{"Node Type": "Seq Scan", "Parent Relationship": "Outer", "Relation Name": "orders", "Alias": "orders", "Startup Cost": 411.57, "Total Cost": 501411.18, "Plan Rows": 569410, "Plan Width": 24, "Actual Startup Time": 0.032, "Actual Total Time": 4710.886, "Actual Rows": 561612, "Actual Loops": 1, "Filter": "((o_orderdate >= '1995-01-01 00:00:00'::timestamp(0) without time zone) AND (o_orderdate < '1995-04-01 00:00:00'::timestamp without time zone)), (LLVM Optimized, Jit Execute)", "Rows Removed by Filter": 14438388}, {"Node Type": "Index Scan", "Parent Relationship": "Inner", "Scan Direction": "Forward", "Index Name": "idx_lineitem_orderkey", "Relation Name": "lineitem", "Alias": "lineitem", "Startup Cost": 0.0, "Total Cost": 5.41, "Plan Rows": 3, "Plan Width": 8, "Actual Startup Time": 3494.355, "Actual Total Time": 3494.355, "Actual Rows": 515106, "Actual Loops": 561612, "Index Cond": "(l_orderkey = orders.o_orderkey)", "Rows Removed by Index Recheck": 0, "Filter": "(l_commitdate < l_receiptdate)", "Rows Removed by Filter": 299676}]}]}]}, "Triggers": [], "Planner Runtime": 0, "Total Runtime": 8915.682, "Unique SQL Id": 3745551476}}, "(1, 109)": {"explain_plan": {"Plan": {"Node Type": "Sort", "Startup Cost": 1423139.57, "Total Cost": 1423139.57, "Plan Rows": 1, "Plan Width": 16, "Sort Key": ["orders.o_orderpriority"], "Plans": [{"Node Type": "Aggregate", "Strategy": "Hashed", "Parent Relationship": "Outer", "Startup Cost": 1423139.55, "Total Cost": 1423139.56, "Plan Rows": 1, "Plan Width": 16, "Group By Key": ["orders.o_orderpriority"], "Plans": [{"Node Type": "Nested Loop", "Parent Relationship": "Outer", "Join Type": "Semi", "Startup Cost": 0.0, "Total Cost": 1420292.5, "Plan Rows": 569410, "Plan Width": 16, "Inner Unique": false, "Plans": [{"Node Type": "Index Scan", "Parent Relationship": "Outer", "Scan Direction": "Forward", "Index Name": "orders_pkey", "Relation Name": "orders", "Alias": "orders", "Startup Cost": 0.0, "Total Cost": 805975.83, "Plan Rows": 569410, "Plan Width": 24, "Filter": "((o_orderdate >= '1995-01-01 00:00:00'::timestamp(0) without time zone) AND (o_orderdate < '1995-04-01 00:00:00'::timestamp without time zone)), (LLVM Optimized)"}, {"Node Type": "Index Scan", "Parent Relationship": "Inner", "Scan Direction": "Forward", "Index Name": "idx_lineitem_orderkey", "Relation Name": "lineitem", "Alias": "lineitem", "Startup Cost": 0.0, "Total Cost": 5.41, "Plan Rows": 3, "Plan Width": 8, "Index Cond": "(l_orderkey = orders.o_orderkey)", "Filter": "(l_commitdate < l_receiptdate)"}]}]}]}, "Unique SQL Id": 3745551476, "Planner Runtime": 0}, "explain_analyze_plan": null}, "(1, 110)": {"explain_plan": {"Plan": {"Node Type": "Sort", "Startup Cost": 2762135.61, "Total Cost": 2762135.61, "Plan Rows": 1, "Plan Width": 16, "Sort Key": ["orders.o_orderpriority"], "Plans": [{"Node Type": "Aggregate", "Strategy": "Hashed", "Parent Relationship": "Outer", "Startup Cost": 2762135.59, "Total Cost": 2762135.6, "Plan Rows": 1, "Plan Width": 16, "Group By Key": ["orders.o_orderpriority"], "Plans": [{"Node Type": "Hash Join", "Parent Relationship": "Outer", "Join Type": "Right Semi", "Startup Cost": 508528.81, "Total Cost": 2759288.54, "Plan Rows": 569410, "Plan Width": 16, "Inner Unique": true, "Hash Cond": "(lineitem.l_orderkey = orders.o_orderkey), (LLVM Optimized)", "Plans": [{"Node Type": "Seq Scan", "Parent Relationship": "Outer", "Relation Name": "lineitem", "Alias": "lineitem", "Startup Cost": 0.0, "Total Cost": 2165082.91, "Plan Rows": 19995678, "Plan Width": 8, "Filter": "(l_commitdate < l_receiptdate), (LLVM Optimized)"}, {"Node Type": "Hash", "Parent Relationship": "Inner", "Startup Cost": 501411.18, "Total Cost": 501411.18, "Plan Rows": 569410, "Plan Width": 24, "Plans": [{"Node Type": "Seq Scan", "Parent Relationship": "Outer", "Relation Name": "orders", "Alias": "orders", "Startup Cost": 411.57, "Total Cost": 501411.18, "Plan Rows": 569410, "Plan Width": 24, "Filter": "((o_orderdate >= '1995-01-01 00:00:00'::timestamp(0) without time zone) AND (o_orderdate < '1995-04-01 00:00:00'::timestamp without time zone)), (LLVM Optimized)"}]}]}]}]}, "Unique SQL Id": 3745551476, "Planner Runtime": 0}, "explain_analyze_plan": null}, "(1, 111)": {"explain_plan": {"Plan": {"Node Type": "Sort", "Startup Cost": 2000419705357.26, "Total Cost": 2000419705357.26, "Plan Rows": 1, "Plan Width": 16, "Sort Key": ["orders.o_orderpriority"], "Plans": [{"Node Type": "Aggregate", "Strategy": "Hashed", "Parent Relationship": "Outer", "Startup Cost": 2000419705357.24, "Total Cost": 2000419705357.25, "Plan Rows": 1, "Plan Width": 16, "Group By Key": ["orders.o_orderpriority"], "Plans": [{"Node Type": "Hash Join", "Parent Relationship": "Outer", "Join Type": "Right Semi", "Startup Cost": 1010080604700.62, "Total Cost": 2000419702510.19, "Plan Rows": 569410, "Plan Width": 16, "Inner Unique": true, "Hash Cond": "(lineitem.l_orderkey = orders.o_orderkey), (LLVM Optimized)", "Plans": [{"Node Type": "Index Scan", "Parent Relationship": "Outer", "Scan Direction": "Forward", "Index Name": "idx_lineitem_orderkey", "Relation Name": "lineitem", "Alias": "lineitem", "Startup Cost": 10000000000.0, "Total Cost": 1000339012132.75, "Plan Rows": 19995678, "Plan Width": 8, "Filter": "(l_commitdate < l_receiptdate), (LLVM Optimized)"}, {"Node Type": "Hash", "Parent Relationship": "Inner", "Startup Cost": 1000080597583.0, "Total Cost": 1000080597583.0, "Plan Rows": 569410, "Plan Width": 24, "Plans": [{"Node Type": "Index Scan", "Parent Relationship": "Outer", "Scan Direction": "Forward", "Index Name": "orders_pkey", "Relation Name": "orders", "Alias": "orders", "Startup Cost": 10000000000.0, "Total Cost": 1000080597583.0, "Plan Rows": 569410, "Plan Width": 24, "Filter": "((o_orderdate >= '1995-01-01 00:00:00'::timestamp(0) without time zone) AND (o_orderdate < '1995-04-01 00:00:00'::timestamp without time zone)), (LLVM Optimized)"}]}]}]}]}, "Unique SQL Id": 3745551476, "Planner Runtime": 0}, "explain_analyze_plan": null}, "(1, 112)": {"explain_plan": {"Plan": {"Node Type": "Sort", "Startup Cost": 916688.59, "Total Cost": 916688.6, "Plan Rows": 1, "Plan Width": 16, "Sort Key": ["orders.o_orderpriority"], "Plans": [{"Node Type": "Aggregate", "Strategy": "Hashed", "Parent Relationship": "Outer", "Startup Cost": 916688.57, "Total Cost": 916688.58, "Plan Rows": 1, "Plan Width": 16, "Group By Key": ["orders.o_orderpriority"], "Plans": [{"Node Type": "Nested Loop", "Parent Relationship": "Outer", "Join Type": "Semi", "Startup Cost": 14564.7, "Total Cost": 913841.52, "Plan Rows": 569410, "Plan Width": 16, "Inner Unique": false, "Plans": [{"Node Type": "Bitmap Heap Scan", "Parent Relationship": "Outer", "Relation Name": "orders", "Alias": "orders", "Startup Cost": 14564.7, "Total Cost": 299524.85, "Plan Rows": 569410, "Plan Width": 24, "Recheck Cond": "((o_orderdate >= '1995-01-01 00:00:00'::timestamp(0) without time zone) AND (o_orderdate < '1995-04-01 00:00:00'::timestamp without time zone)), (LLVM Optimized)", "Plans": [{"Node Type": "Bitmap Index Scan", "Parent Relationship": "Outer", "Index Name": "idx_orders_orderdate", "Startup Cost": 0.0, "Total Cost": 14422.35, "Plan Rows": 569410, "Plan Width": 0, "Index Cond": "((o_orderdate >= '1995-01-01 00:00:00'::timestamp(0) without time zone) AND (o_orderdate < '1995-04-01 00:00:00'::timestamp without time zone))"}]}, {"Node Type": "Index Scan", "Parent Relationship": "Inner", "Scan Direction": "Forward", "Index Name": "idx_lineitem_orderkey", "Relation Name": "lineitem", "Alias": "lineitem", "Startup Cost": 0.0, "Total Cost": 5.41, "Plan Rows": 3, "Plan Width": 8, "Index Cond": "(l_orderkey = orders.o_orderkey)", "Filter": "(l_commitdate < l_receiptdate)"}]}]}]}, "Unique SQL Id": 3745551476, "Planner Runtime": 0}, "explain_analyze_plan": {"Plan": {"Node Type": "Sort", "Startup Cost": 916688.59, "Total Cost": 916688.6, "Plan Rows": 1, "Plan Width": 16, "Actual Startup Time": 4955.529, "Actual Total Time": 4955.53, "Actual Rows": 5, "Actual Loops": 1, "Sort Key": ["orders.o_orderpriority"], "Sort Method": "quicksort", "Sort Space Used": 25, "Sort Space Type": "Memory", "Plans": [{"Node Type": "Aggregate", "Strategy": "Hashed", "Parent Relationship": "Outer", "Startup Cost": 916688.57, "Total Cost": 916688.58, "Plan Rows": 1, "Plan Width": 16, "Actual Startup Time": 4955.482, "Actual Total Time": 4955.483, "Actual Rows": 5, "Actual Loops": 1, "Group By Key": ["orders.o_orderpriority"], "Plans": [{"Node Type": "Nested Loop", "Parent Relationship": "Outer", "Join Type": "Semi", "Startup Cost": 14564.7, "Total Cost": 913841.52, "Plan Rows": 569410, "Plan Width": 16, "Actual Startup Time": 244.432, "Actual Total Time": 4673.233, "Actual Rows": 515106, "Actual Loops": 1, "Inner Unique": false, "Plans": [{"Node Type": "Bitmap Heap Scan", "Parent Relationship": "Outer", "Relation Name": "orders", "Alias": "orders", "Startup Cost": 14564.7, "Total Cost": 299524.85, "Plan Rows": 569410, "Plan Width": 24, "Actual Startup Time": 244.347, "Actual Total Time": 966.434, "Actual Rows": 561612, "Actual Loops": 1, "Recheck Cond": "((o_orderdate >= '1995-01-01 00:00:00'::timestamp(0) without time zone) AND (o_orderdate < '1995-04-01 00:00:00'::timestamp without time zone)), (LLVM Optimized, Jit Execute)", "Rows Removed by Index Recheck": 0, "Exact Heap Blocks": 241676, "Lossy Heap Blocks": 241676, "Plans": [{"Node Type": "Bitmap Index Scan", "Parent Relationship": "Outer", "Index Name": "idx_orders_orderdate", "Startup Cost": 0.0, "Total Cost": 14422.35, "Plan Rows": 569410, "Plan Width": 0, "Actual Startup Time": 169.789, "Actual Total Time": 169.789, "Actual Rows": 561612, "Actual Loops": 1, "Index Cond": "((o_orderdate >= '1995-01-01 00:00:00'::timestamp(0) without time zone) AND (o_orderdate < '1995-04-01 00:00:00'::timestamp without time zone))"}]}, {"Node Type": "Index Scan", "Parent Relationship": "Inner", "Scan Direction": "Forward", "Index Name": "idx_lineitem_orderkey", "Relation Name": "lineitem", "Alias": "lineitem", "Startup Cost": 0.0, "Total Cost": 5.41, "Plan Rows": 3, "Plan Width": 8, "Actual Startup Time": 3288.693, "Actual Total Time": 3288.693, "Actual Rows": 515106, "Actual Loops": 561612, "Index Cond": "(l_orderkey = orders.o_orderkey)", "Rows Removed by Index Recheck": 0, "Filter": "(l_commitdate < l_receiptdate)", "Rows Removed by Filter": 299676}]}]}]}, "Triggers": [], "Planner Runtime": 0, "Total Runtime": 4965.067, "Unique SQL Id": 3745551476}}, "(1, 113)": {"explain_plan": {"Plan": {"Node Type": "Sort", "Startup Cost": 916688.59, "Total Cost": 916688.6, "Plan Rows": 1, "Plan Width": 16, "Sort Key": ["orders.o_orderpriority"], "Plans": [{"Node Type": "Aggregate", "Strategy": "Hashed", "Parent Relationship": "Outer", "Startup Cost": 916688.57, "Total Cost": 916688.58, "Plan Rows": 1, "Plan Width": 16, "Group By Key": ["orders.o_orderpriority"], "Plans": [{"Node Type": "Nested Loop", "Parent Relationship": "Outer", "Join Type": "Semi", "Startup Cost": 14564.7, "Total Cost": 913841.52, "Plan Rows": 569410, "Plan Width": 16, "Inner Unique": false, "Plans": [{"Node Type": "Bitmap Heap Scan", "Parent Relationship": "Outer", "Relation Name": "orders", "Alias": "orders", "Startup Cost": 14564.7, "Total Cost": 299524.85, "Plan Rows": 569410, "Plan Width": 24, "Recheck Cond": "((o_orderdate >= '1995-01-01 00:00:00'::timestamp(0) without time zone) AND (o_orderdate < '1995-04-01 00:00:00'::timestamp without time zone)), (LLVM Optimized)", "Plans": [{"Node Type": "Bitmap Index Scan", "Parent Relationship": "Outer", "Index Name": "idx_orders_orderdate", "Startup Cost": 0.0, "Total Cost": 14422.35, "Plan Rows": 569410, "Plan Width": 0, "Index Cond": "((o_orderdate >= '1995-01-01 00:00:00'::timestamp(0) without time zone) AND (o_orderdate < '1995-04-01 00:00:00'::timestamp without time zone))"}]}, {"Node Type": "Index Scan", "Parent Relationship": "Inner", "Scan Direction": "Forward", "Index Name": "idx_lineitem_orderkey", "Relation Name": "lineitem", "Alias": "lineitem", "Startup Cost": 0.0, "Total Cost": 5.41, "Plan Rows": 3, "Plan Width": 8, "Index Cond": "(l_orderkey = orders.o_orderkey)", "Filter": "(l_commitdate < l_receiptdate)"}]}]}]}, "Unique SQL Id": 3745551476, "Planner Runtime": 0}, "explain_analyze_plan": {"Plan": {"Node Type": "Sort", "Startup Cost": 916688.59, "Total Cost": 916688.6, "Plan Rows": 1, "Plan Width": 16, "Actual Startup Time": 4955.529, "Actual Total Time": 4955.53, "Actual Rows": 5, "Actual Loops": 1, "Sort Key": ["orders.o_orderpriority"], "Sort Method": "quicksort", "Sort Space Used": 25, "Sort Space Type": "Memory", "Plans": [{"Node Type": "Aggregate", "Strategy": "Hashed", "Parent Relationship": "Outer", "Startup Cost": 916688.57, "Total Cost": 916688.58, "Plan Rows": 1, "Plan Width": 16, "Actual Startup Time": 4955.482, "Actual Total Time": 4955.483, "Actual Rows": 5, "Actual Loops": 1, "Group By Key": ["orders.o_orderpriority"], "Plans": [{"Node Type": "Nested Loop", "Parent Relationship": "Outer", "Join Type": "Semi", "Startup Cost": 14564.7, "Total Cost": 913841.52, "Plan Rows": 569410, "Plan Width": 16, "Actual Startup Time": 244.432, "Actual Total Time": 4673.233, "Actual Rows": 515106, "Actual Loops": 1, "Inner Unique": false, "Plans": [{"Node Type": "Bitmap Heap Scan", "Parent Relationship": "Outer", "Relation Name": "orders", "Alias": "orders", "Startup Cost": 14564.7, "Total Cost": 299524.85, "Plan Rows": 569410, "Plan Width": 24, "Actual Startup Time": 244.347, "Actual Total Time": 966.434, "Actual Rows": 561612, "Actual Loops": 1, "Recheck Cond": "((o_orderdate >= '1995-01-01 00:00:00'::timestamp(0) without time zone) AND (o_orderdate < '1995-04-01 00:00:00'::timestamp without time zone)), (LLVM Optimized, Jit Execute)", "Rows Removed by Index Recheck": 0, "Exact Heap Blocks": 241676, "Lossy Heap Blocks": 241676, "Plans": [{"Node Type": "Bitmap Index Scan", "Parent Relationship": "Outer", "Index Name": "idx_orders_orderdate", "Startup Cost": 0.0, "Total Cost": 14422.35, "Plan Rows": 569410, "Plan Width": 0, "Actual Startup Time": 169.789, "Actual Total Time": 169.789, "Actual Rows": 561612, "Actual Loops": 1, "Index Cond": "((o_orderdate >= '1995-01-01 00:00:00'::timestamp(0) without time zone) AND (o_orderdate < '1995-04-01 00:00:00'::timestamp without time zone))"}]}, {"Node Type": "Index Scan", "Parent Relationship": "Inner", "Scan Direction": "Forward", "Index Name": "idx_lineitem_orderkey", "Relation Name": "lineitem", "Alias": "lineitem", "Startup Cost": 0.0, "Total Cost": 5.41, "Plan Rows": 3, "Plan Width": 8, "Actual Startup Time": 3288.693, "Actual Total Time": 3288.693, "Actual Rows": 515106, "Actual Loops": 561612, "Index Cond": "(l_orderkey = orders.o_orderkey)", "Rows Removed by Index Recheck": 0, "Filter": "(l_commitdate < l_receiptdate)", "Rows Removed by Filter": 299676}]}]}]}, "Triggers": [], "Planner Runtime": 0, "Total Runtime": 4965.067, "Unique SQL Id": 3745551476}}, "(1, 114)": {"explain_plan": {"Plan": {"Node Type": "Sort", "Startup Cost": 2781642.36, "Total Cost": 2781642.36, "Plan Rows": 1, "Plan Width": 16, "Sort Key": ["orders.o_orderpriority"], "Plans": [{"Node Type": "Aggregate", "Strategy": "Hashed", "Parent Relationship": "Outer", "Startup Cost": 2781642.34, "Total Cost": 2781642.35, "Plan Rows": 1, "Plan Width": 16, "Group By Key": ["orders.o_orderpriority"], "Plans": [{"Node Type": "Nested Loop", "Parent Relationship": "Outer", "Join Type": "Semi", "Startup Cost": 14566.65, "Total Cost": 2778795.29, "Plan Rows": 569410, "Plan Width": 16, "Inner Unique": false, "Plans": [{"Node Type": "Bitmap Heap Scan", "Parent Relationship": "Outer", "Relation Name": "orders", "Alias": "orders", "Startup Cost": 14564.7, "Total Cost": 299524.85, "Plan Rows": 569410, "Plan Width": 24, "Recheck Cond": "((o_orderdate >= '1995-01-01 00:00:00'::timestamp(0) without time zone) AND (o_orderdate < '1995-04-01 00:00:00'::timestamp without time zone)), (LLVM Optimized)", "Plans": [{"Node Type": "Bitmap Index Scan", "Parent Relationship": "Outer", "Index Name": "idx_orders_orderdate", "Startup Cost": 0.0, "Total Cost": 14422.35, "Plan Rows": 569410, "Plan Width": 0, "Index Cond": "((o_orderdate >= '1995-01-01 00:00:00'::timestamp(0) without time zone) AND (o_orderdate < '1995-04-01 00:00:00'::timestamp without time zone))"}]}, {"Node Type": "Bitmap Heap Scan", "Parent Relationship": "Inner", "Relation Name": "lineitem", "Alias": "lineitem", "Startup Cost": 1.94, "Total Cost": 14.06, "Plan Rows": 3, "Plan Width": 8, "Recheck Cond": "(l_orderkey = orders.o_orderkey)", "Filter": "(l_commitdate < l_receiptdate)", "Plans": [{"Node Type": "Bitmap Index Scan", "Parent Relationship": "Outer", "Index Name": "idx_lineitem_orderkey", "Startup Cost": 0.0, "Total Cost": 1.94, "Plan Rows": 9, "Plan Width": 0, "Index Cond": "(l_orderkey = orders.o_orderkey)"}]}]}]}]}, "Unique SQL Id": 3745551476, "Planner Runtime": 0}, "explain_analyze_plan": {"Plan": {"Node Type": "Sort", "Startup Cost": 2781642.36, "Total Cost": 2781642.36, "Plan Rows": 1, "Plan Width": 16, "Actual Startup Time": 6863.223, "Actual Total Time": 6863.225, "Actual Rows": 5, "Actual Loops": 1, "Sort Key": ["orders.o_orderpriority"], "Sort Method": "quicksort", "Sort Space Used": 25, "Sort Space Type": "Memory", "Plans": [{"Node Type": "Aggregate", "Strategy": "Hashed", "Parent Relationship": "Outer", "Startup Cost": 2781642.34, "Total Cost": 2781642.35, "Plan Rows": 1, "Plan Width": 16, "Actual Startup Time": 6863.09, "Actual Total Time": 6863.105, "Actual Rows": 5, "Actual Loops": 1, "Group By Key": ["orders.o_orderpriority"], "Plans": [{"Node Type": "Nested Loop", "Parent Relationship": "Outer", "Join Type": "Semi", "Startup Cost": 14566.65, "Total Cost": 2778795.29, "Plan Rows": 569410, "Plan Width": 16, "Actual Startup Time": 247.984, "Actual Total Time": 6556.711, "Actual Rows": 515106, "Actual Loops": 1, "Inner Unique": false, "Plans": [{"Node Type": "Bitmap Heap Scan", "Parent Relationship": "Outer", "Relation Name": "orders", "Alias": "orders", "Startup Cost": 14564.7, "Total Cost": 299524.85, "Plan Rows": 569410, "Plan Width": 24, "Actual Startup Time": 247.881, "Actual Total Time": 1049.55, "Actual Rows": 561612, "Actual Loops": 1, "Recheck Cond": "((o_orderdate >= '1995-01-01 00:00:00'::timestamp(0) without time zone) AND (o_orderdate < '1995-04-01 00:00:00'::timestamp without time zone)), (LLVM Optimized, Jit Execute)", "Rows Removed by Index Recheck": 0, "Exact Heap Blocks": 241676, "Lossy Heap Blocks": 241676, "Plans": [{"Node Type": "Bitmap Index Scan", "Parent Relationship": "Outer", "Index Name": "idx_orders_orderdate", "Startup Cost": 0.0, "Total Cost": 14422.35, "Plan Rows": 569410, "Plan Width": 0, "Actual Startup Time": 172.696, "Actual Total Time": 172.696, "Actual Rows": 561612, "Actual Loops": 1, "Index Cond": "((o_orderdate >= '1995-01-01 00:00:00'::timestamp(0) without time zone) AND (o_orderdate < '1995-04-01 00:00:00'::timestamp without time zone))"}]}, {"Node Type": "Bitmap Heap Scan", "Parent Relationship": "Inner", "Relation Name": "lineitem", "Alias": "lineitem", "Startup Cost": 1.94, "Total Cost": 14.06, "Plan Rows": 3, "Plan Width": 8, "Actual Startup Time": 4756.399, "Actual Total Time": 4756.399, "Actual Rows": 515106, "Actual Loops": 561612, "Recheck Cond": "(l_orderkey = orders.o_orderkey)", "Rows Removed by Index Recheck": 0, "Filter": "(l_commitdate < l_receiptdate)", "Rows Removed by Filter": 299676, "Exact Heap Blocks": 567798, "Lossy Heap Blocks": 567798, "Plans": [{"Node Type": "Bitmap Index Scan", "Parent Relationship": "Outer", "Index Name": "idx_lineitem_orderkey", "Startup Cost": 0.0, "Total Cost": 1.94, "Plan Rows": 9, "Plan Width": 0, "Actual Startup Time": 2428.769, "Actual Total Time": 2428.769, "Actual Rows": 2246588, "Actual Loops": 561612, "Index Cond": "(l_orderkey = orders.o_orderkey)"}]}]}]}]}, "Triggers": [], "Planner Runtime": 0, "Total Runtime": 6876.889, "Unique SQL Id": 3745551476}}, "(1, 115)": {"explain_plan": {"Plan": {"Node Type": "Sort", "Startup Cost": 2781642.36, "Total Cost": 2781642.36, "Plan Rows": 1, "Plan Width": 16, "Sort Key": ["orders.o_orderpriority"], "Plans": [{"Node Type": "Aggregate", "Strategy": "Hashed", "Parent Relationship": "Outer", "Startup Cost": 2781642.34, "Total Cost": 2781642.35, "Plan Rows": 1, "Plan Width": 16, "Group By Key": ["orders.o_orderpriority"], "Plans": [{"Node Type": "Nested Loop", "Parent Relationship": "Outer", "Join Type": "Semi", "Startup Cost": 14566.65, "Total Cost": 2778795.29, "Plan Rows": 569410, "Plan Width": 16, "Inner Unique": false, "Plans": [{"Node Type": "Bitmap Heap Scan", "Parent Relationship": "Outer", "Relation Name": "orders", "Alias": "orders", "Startup Cost": 14564.7, "Total Cost": 299524.85, "Plan Rows": 569410, "Plan Width": 24, "Recheck Cond": "((o_orderdate >= '1995-01-01 00:00:00'::timestamp(0) without time zone) AND (o_orderdate < '1995-04-01 00:00:00'::timestamp without time zone)), (LLVM Optimized)", "Plans": [{"Node Type": "Bitmap Index Scan", "Parent Relationship": "Outer", "Index Name": "idx_orders_orderdate", "Startup Cost": 0.0, "Total Cost": 14422.35, "Plan Rows": 569410, "Plan Width": 0, "Index Cond": "((o_orderdate >= '1995-01-01 00:00:00'::timestamp(0) without time zone) AND (o_orderdate < '1995-04-01 00:00:00'::timestamp without time zone))"}]}, {"Node Type": "Bitmap Heap Scan", "Parent Relationship": "Inner", "Relation Name": "lineitem", "Alias": "lineitem", "Startup Cost": 1.94, "Total Cost": 14.06, "Plan Rows": 3, "Plan Width": 8, "Recheck Cond": "(l_orderkey = orders.o_orderkey)", "Filter": "(l_commitdate < l_receiptdate)", "Plans": [{"Node Type": "Bitmap Index Scan", "Parent Relationship": "Outer", "Index Name": "idx_lineitem_orderkey", "Startup Cost": 0.0, "Total Cost": 1.94, "Plan Rows": 9, "Plan Width": 0, "Index Cond": "(l_orderkey = orders.o_orderkey)"}]}]}]}]}, "Unique SQL Id": 3745551476, "Planner Runtime": 0}, "explain_analyze_plan": {"Plan": {"Node Type": "Sort", "Startup Cost": 2781642.36, "Total Cost": 2781642.36, "Plan Rows": 1, "Plan Width": 16, "Actual Startup Time": 6863.223, "Actual Total Time": 6863.225, "Actual Rows": 5, "Actual Loops": 1, "Sort Key": ["orders.o_orderpriority"], "Sort Method": "quicksort", "Sort Space Used": 25, "Sort Space Type": "Memory", "Plans": [{"Node Type": "Aggregate", "Strategy": "Hashed", "Parent Relationship": "Outer", "Startup Cost": 2781642.34, "Total Cost": 2781642.35, "Plan Rows": 1, "Plan Width": 16, "Actual Startup Time": 6863.09, "Actual Total Time": 6863.105, "Actual Rows": 5, "Actual Loops": 1, "Group By Key": ["orders.o_orderpriority"], "Plans": [{"Node Type": "Nested Loop", "Parent Relationship": "Outer", "Join Type": "Semi", "Startup Cost": 14566.65, "Total Cost": 2778795.29, "Plan Rows": 569410, "Plan Width": 16, "Actual Startup Time": 247.984, "Actual Total Time": 6556.711, "Actual Rows": 515106, "Actual Loops": 1, "Inner Unique": false, "Plans": [{"Node Type": "Bitmap Heap Scan", "Parent Relationship": "Outer", "Relation Name": "orders", "Alias": "orders", "Startup Cost": 14564.7, "Total Cost": 299524.85, "Plan Rows": 569410, "Plan Width": 24, "Actual Startup Time": 247.881, "Actual Total Time": 1049.55, "Actual Rows": 561612, "Actual Loops": 1, "Recheck Cond": "((o_orderdate >= '1995-01-01 00:00:00'::timestamp(0) without time zone) AND (o_orderdate < '1995-04-01 00:00:00'::timestamp without time zone)), (LLVM Optimized, Jit Execute)", "Rows Removed by Index Recheck": 0, "Exact Heap Blocks": 241676, "Lossy Heap Blocks": 241676, "Plans": [{"Node Type": "Bitmap Index Scan", "Parent Relationship": "Outer", "Index Name": "idx_orders_orderdate", "Startup Cost": 0.0, "Total Cost": 14422.35, "Plan Rows": 569410, "Plan Width": 0, "Actual Startup Time": 172.696, "Actual Total Time": 172.696, "Actual Rows": 561612, "Actual Loops": 1, "Index Cond": "((o_orderdate >= '1995-01-01 00:00:00'::timestamp(0) without time zone) AND (o_orderdate < '1995-04-01 00:00:00'::timestamp without time zone))"}]}, {"Node Type": "Bitmap Heap Scan", "Parent Relationship": "Inner", "Relation Name": "lineitem", "Alias": "lineitem", "Startup Cost": 1.94, "Total Cost": 14.06, "Plan Rows": 3, "Plan Width": 8, "Actual Startup Time": 4756.399, "Actual Total Time": 4756.399, "Actual Rows": 515106, "Actual Loops": 561612, "Recheck Cond": "(l_orderkey = orders.o_orderkey)", "Rows Removed by Index Recheck": 0, "Filter": "(l_commitdate < l_receiptdate)", "Rows Removed by Filter": 299676, "Exact Heap Blocks": 567798, "Lossy Heap Blocks": 567798, "Plans": [{"Node Type": "Bitmap Index Scan", "Parent Relationship": "Outer", "Index Name": "idx_lineitem_orderkey", "Startup Cost": 0.0, "Total Cost": 1.94, "Plan Rows": 9, "Plan Width": 0, "Actual Startup Time": 2428.769, "Actual Total Time": 2428.769, "Actual Rows": 2246588, "Actual Loops": 561612, "Index Cond": "(l_orderkey = orders.o_orderkey)"}]}]}]}]}, "Triggers": [], "Planner Runtime": 0, "Total Runtime": 6876.889, "Unique SQL Id": 3745551476}}, "(1, 116)": {"explain_plan": {"Plan": {"Node Type": "Sort", "Startup Cost": 916688.59, "Total Cost": 916688.6, "Plan Rows": 1, "Plan Width": 16, "Sort Key": ["orders.o_orderpriority"], "Plans": [{"Node Type": "Aggregate", "Strategy": "Hashed", "Parent Relationship": "Outer", "Startup Cost": 916688.57, "Total Cost": 916688.58, "Plan Rows": 1, "Plan Width": 16, "Group By Key": ["orders.o_orderpriority"], "Plans": [{"Node Type": "Nested Loop", "Parent Relationship": "Outer", "Join Type": "Semi", "Startup Cost": 14564.7, "Total Cost": 913841.52, "Plan Rows": 569410, "Plan Width": 16, "Inner Unique": false, "Plans": [{"Node Type": "Bitmap Heap Scan", "Parent Relationship": "Outer", "Relation Name": "orders", "Alias": "orders", "Startup Cost": 14564.7, "Total Cost": 299524.85, "Plan Rows": 569410, "Plan Width": 24, "Recheck Cond": "((o_orderdate >= '1995-01-01 00:00:00'::timestamp(0) without time zone) AND (o_orderdate < '1995-04-01 00:00:00'::timestamp without time zone)), (LLVM Optimized)", "Plans": [{"Node Type": "Bitmap Index Scan", "Parent Relationship": "Outer", "Index Name": "idx_orders_orderdate", "Startup Cost": 0.0, "Total Cost": 14422.35, "Plan Rows": 569410, "Plan Width": 0, "Index Cond": "((o_orderdate >= '1995-01-01 00:00:00'::timestamp(0) without time zone) AND (o_orderdate < '1995-04-01 00:00:00'::timestamp without time zone))"}]}, {"Node Type": "Index Scan", "Parent Relationship": "Inner", "Scan Direction": "Forward", "Index Name": "idx_lineitem_orderkey", "Relation Name": "lineitem", "Alias": "lineitem", "Startup Cost": 0.0, "Total Cost": 5.41, "Plan Rows": 3, "Plan Width": 8, "Index Cond": "(l_orderkey = orders.o_orderkey)", "Filter": "(l_commitdate < l_receiptdate)"}]}]}]}, "Unique SQL Id": 3745551476, "Planner Runtime": 0}, "explain_analyze_plan": {"Plan": {"Node Type": "Sort", "Startup Cost": 916688.59, "Total Cost": 916688.6, "Plan Rows": 1, "Plan Width": 16, "Actual Startup Time": 4955.529, "Actual Total Time": 4955.53, "Actual Rows": 5, "Actual Loops": 1, "Sort Key": ["orders.o_orderpriority"], "Sort Method": "quicksort", "Sort Space Used": 25, "Sort Space Type": "Memory", "Plans": [{"Node Type": "Aggregate", "Strategy": "Hashed", "Parent Relationship": "Outer", "Startup Cost": 916688.57, "Total Cost": 916688.58, "Plan Rows": 1, "Plan Width": 16, "Actual Startup Time": 4955.482, "Actual Total Time": 4955.483, "Actual Rows": 5, "Actual Loops": 1, "Group By Key": ["orders.o_orderpriority"], "Plans": [{"Node Type": "Nested Loop", "Parent Relationship": "Outer", "Join Type": "Semi", "Startup Cost": 14564.7, "Total Cost": 913841.52, "Plan Rows": 569410, "Plan Width": 16, "Actual Startup Time": 244.432, "Actual Total Time": 4673.233, "Actual Rows": 515106, "Actual Loops": 1, "Inner Unique": false, "Plans": [{"Node Type": "Bitmap Heap Scan", "Parent Relationship": "Outer", "Relation Name": "orders", "Alias": "orders", "Startup Cost": 14564.7, "Total Cost": 299524.85, "Plan Rows": 569410, "Plan Width": 24, "Actual Startup Time": 244.347, "Actual Total Time": 966.434, "Actual Rows": 561612, "Actual Loops": 1, "Recheck Cond": "((o_orderdate >= '1995-01-01 00:00:00'::timestamp(0) without time zone) AND (o_orderdate < '1995-04-01 00:00:00'::timestamp without time zone)), (LLVM Optimized, Jit Execute)", "Rows Removed by Index Recheck": 0, "Exact Heap Blocks": 241676, "Lossy Heap Blocks": 241676, "Plans": [{"Node Type": "Bitmap Index Scan", "Parent Relationship": "Outer", "Index Name": "idx_orders_orderdate", "Startup Cost": 0.0, "Total Cost": 14422.35, "Plan Rows": 569410, "Plan Width": 0, "Actual Startup Time": 169.789, "Actual Total Time": 169.789, "Actual Rows": 561612, "Actual Loops": 1, "Index Cond": "((o_orderdate >= '1995-01-01 00:00:00'::timestamp(0) without time zone) AND (o_orderdate < '1995-04-01 00:00:00'::timestamp without time zone))"}]}, {"Node Type": "Index Scan", "Parent Relationship": "Inner", "Scan Direction": "Forward", "Index Name": "idx_lineitem_orderkey", "Relation Name": "lineitem", "Alias": "lineitem", "Startup Cost": 0.0, "Total Cost": 5.41, "Plan Rows": 3, "Plan Width": 8, "Actual Startup Time": 3288.693, "Actual Total Time": 3288.693, "Actual Rows": 515106, "Actual Loops": 561612, "Index Cond": "(l_orderkey = orders.o_orderkey)", "Rows Removed by Index Recheck": 0, "Filter": "(l_commitdate < l_receiptdate)", "Rows Removed by Filter": 299676}]}]}]}, "Triggers": [], "Planner Runtime": 0, "Total Runtime": 4965.067, "Unique SQL Id": 3745551476}}, "(1, 117)": {"explain_plan": {"Plan": {"Node Type": "Sort", "Startup Cost": 916688.59, "Total Cost": 916688.6, "Plan Rows": 1, "Plan Width": 16, "Sort Key": ["orders.o_orderpriority"], "Plans": [{"Node Type": "Aggregate", "Strategy": "Hashed", "Parent Relationship": "Outer", "Startup Cost": 916688.57, "Total Cost": 916688.58, "Plan Rows": 1, "Plan Width": 16, "Group By Key": ["orders.o_orderpriority"], "Plans": [{"Node Type": "Nested Loop", "Parent Relationship": "Outer", "Join Type": "Semi", "Startup Cost": 14564.7, "Total Cost": 913841.52, "Plan Rows": 569410, "Plan Width": 16, "Inner Unique": false, "Plans": [{"Node Type": "Bitmap Heap Scan", "Parent Relationship": "Outer", "Relation Name": "orders", "Alias": "orders", "Startup Cost": 14564.7, "Total Cost": 299524.85, "Plan Rows": 569410, "Plan Width": 24, "Recheck Cond": "((o_orderdate >= '1995-01-01 00:00:00'::timestamp(0) without time zone) AND (o_orderdate < '1995-04-01 00:00:00'::timestamp without time zone)), (LLVM Optimized)", "Plans": [{"Node Type": "Bitmap Index Scan", "Parent Relationship": "Outer", "Index Name": "idx_orders_orderdate", "Startup Cost": 0.0, "Total Cost": 14422.35, "Plan Rows": 569410, "Plan Width": 0, "Index Cond": "((o_orderdate >= '1995-01-01 00:00:00'::timestamp(0) without time zone) AND (o_orderdate < '1995-04-01 00:00:00'::timestamp without time zone))"}]}, {"Node Type": "Index Scan", "Parent Relationship": "Inner", "Scan Direction": "Forward", "Index Name": "idx_lineitem_orderkey", "Relation Name": "lineitem", "Alias": "lineitem", "Startup Cost": 0.0, "Total Cost": 5.41, "Plan Rows": 3, "Plan Width": 8, "Index Cond": "(l_orderkey = orders.o_orderkey)", "Filter": "(l_commitdate < l_receiptdate)"}]}]}]}, "Unique SQL Id": 3745551476, "Planner Runtime": 0}, "explain_analyze_plan": {"Plan": {"Node Type": "Sort", "Startup Cost": 916688.59, "Total Cost": 916688.6, "Plan Rows": 1, "Plan Width": 16, "Actual Startup Time": 4955.529, "Actual Total Time": 4955.53, "Actual Rows": 5, "Actual Loops": 1, "Sort Key": ["orders.o_orderpriority"], "Sort Method": "quicksort", "Sort Space Used": 25, "Sort Space Type": "Memory", "Plans": [{"Node Type": "Aggregate", "Strategy": "Hashed", "Parent Relationship": "Outer", "Startup Cost": 916688.57, "Total Cost": 916688.58, "Plan Rows": 1, "Plan Width": 16, "Actual Startup Time": 4955.482, "Actual Total Time": 4955.483, "Actual Rows": 5, "Actual Loops": 1, "Group By Key": ["orders.o_orderpriority"], "Plans": [{"Node Type": "Nested Loop", "Parent Relationship": "Outer", "Join Type": "Semi", "Startup Cost": 14564.7, "Total Cost": 913841.52, "Plan Rows": 569410, "Plan Width": 16, "Actual Startup Time": 244.432, "Actual Total Time": 4673.233, "Actual Rows": 515106, "Actual Loops": 1, "Inner Unique": false, "Plans": [{"Node Type": "Bitmap Heap Scan", "Parent Relationship": "Outer", "Relation Name": "orders", "Alias": "orders", "Startup Cost": 14564.7, "Total Cost": 299524.85, "Plan Rows": 569410, "Plan Width": 24, "Actual Startup Time": 244.347, "Actual Total Time": 966.434, "Actual Rows": 561612, "Actual Loops": 1, "Recheck Cond": "((o_orderdate >= '1995-01-01 00:00:00'::timestamp(0) without time zone) AND (o_orderdate < '1995-04-01 00:00:00'::timestamp without time zone)), (LLVM Optimized, Jit Execute)", "Rows Removed by Index Recheck": 0, "Exact Heap Blocks": 241676, "Lossy Heap Blocks": 241676, "Plans": [{"Node Type": "Bitmap Index Scan", "Parent Relationship": "Outer", "Index Name": "idx_orders_orderdate", "Startup Cost": 0.0, "Total Cost": 14422.35, "Plan Rows": 569410, "Plan Width": 0, "Actual Startup Time": 169.789, "Actual Total Time": 169.789, "Actual Rows": 561612, "Actual Loops": 1, "Index Cond": "((o_orderdate >= '1995-01-01 00:00:00'::timestamp(0) without time zone) AND (o_orderdate < '1995-04-01 00:00:00'::timestamp without time zone))"}]}, {"Node Type": "Index Scan", "Parent Relationship": "Inner", "Scan Direction": "Forward", "Index Name": "idx_lineitem_orderkey", "Relation Name": "lineitem", "Alias": "lineitem", "Startup Cost": 0.0, "Total Cost": 5.41, "Plan Rows": 3, "Plan Width": 8, "Actual Startup Time": 3288.693, "Actual Total Time": 3288.693, "Actual Rows": 515106, "Actual Loops": 561612, "Index Cond": "(l_orderkey = orders.o_orderkey)", "Rows Removed by Index Recheck": 0, "Filter": "(l_commitdate < l_receiptdate)", "Rows Removed by Filter": 299676}]}]}]}, "Triggers": [], "Planner Runtime": 0, "Total Runtime": 4965.067, "Unique SQL Id": 3745551476}}, "(1, 118)": {"explain_plan": {"Plan": {"Node Type": "Sort", "Startup Cost": 2781642.36, "Total Cost": 2781642.36, "Plan Rows": 1, "Plan Width": 16, "Sort Key": ["orders.o_orderpriority"], "Plans": [{"Node Type": "Aggregate", "Strategy": "Hashed", "Parent Relationship": "Outer", "Startup Cost": 2781642.34, "Total Cost": 2781642.35, "Plan Rows": 1, "Plan Width": 16, "Group By Key": ["orders.o_orderpriority"], "Plans": [{"Node Type": "Nested Loop", "Parent Relationship": "Outer", "Join Type": "Semi", "Startup Cost": 14566.65, "Total Cost": 2778795.29, "Plan Rows": 569410, "Plan Width": 16, "Inner Unique": false, "Plans": [{"Node Type": "Bitmap Heap Scan", "Parent Relationship": "Outer", "Relation Name": "orders", "Alias": "orders", "Startup Cost": 14564.7, "Total Cost": 299524.85, "Plan Rows": 569410, "Plan Width": 24, "Recheck Cond": "((o_orderdate >= '1995-01-01 00:00:00'::timestamp(0) without time zone) AND (o_orderdate < '1995-04-01 00:00:00'::timestamp without time zone)), (LLVM Optimized)", "Plans": [{"Node Type": "Bitmap Index Scan", "Parent Relationship": "Outer", "Index Name": "idx_orders_orderdate", "Startup Cost": 0.0, "Total Cost": 14422.35, "Plan Rows": 569410, "Plan Width": 0, "Index Cond": "((o_orderdate >= '1995-01-01 00:00:00'::timestamp(0) without time zone) AND (o_orderdate < '1995-04-01 00:00:00'::timestamp without time zone))"}]}, {"Node Type": "Bitmap Heap Scan", "Parent Relationship": "Inner", "Relation Name": "lineitem", "Alias": "lineitem", "Startup Cost": 1.94, "Total Cost": 14.06, "Plan Rows": 3, "Plan Width": 8, "Recheck Cond": "(l_orderkey = orders.o_orderkey)", "Filter": "(l_commitdate < l_receiptdate)", "Plans": [{"Node Type": "Bitmap Index Scan", "Parent Relationship": "Outer", "Index Name": "idx_lineitem_orderkey", "Startup Cost": 0.0, "Total Cost": 1.94, "Plan Rows": 9, "Plan Width": 0, "Index Cond": "(l_orderkey = orders.o_orderkey)"}]}]}]}]}, "Unique SQL Id": 3745551476, "Planner Runtime": 0}, "explain_analyze_plan": {"Plan": {"Node Type": "Sort", "Startup Cost": 2781642.36, "Total Cost": 2781642.36, "Plan Rows": 1, "Plan Width": 16, "Actual Startup Time": 6863.223, "Actual Total Time": 6863.225, "Actual Rows": 5, "Actual Loops": 1, "Sort Key": ["orders.o_orderpriority"], "Sort Method": "quicksort", "Sort Space Used": 25, "Sort Space Type": "Memory", "Plans": [{"Node Type": "Aggregate", "Strategy": "Hashed", "Parent Relationship": "Outer", "Startup Cost": 2781642.34, "Total Cost": 2781642.35, "Plan Rows": 1, "Plan Width": 16, "Actual Startup Time": 6863.09, "Actual Total Time": 6863.105, "Actual Rows": 5, "Actual Loops": 1, "Group By Key": ["orders.o_orderpriority"], "Plans": [{"Node Type": "Nested Loop", "Parent Relationship": "Outer", "Join Type": "Semi", "Startup Cost": 14566.65, "Total Cost": 2778795.29, "Plan Rows": 569410, "Plan Width": 16, "Actual Startup Time": 247.984, "Actual Total Time": 6556.711, "Actual Rows": 515106, "Actual Loops": 1, "Inner Unique": false, "Plans": [{"Node Type": "Bitmap Heap Scan", "Parent Relationship": "Outer", "Relation Name": "orders", "Alias": "orders", "Startup Cost": 14564.7, "Total Cost": 299524.85, "Plan Rows": 569410, "Plan Width": 24, "Actual Startup Time": 247.881, "Actual Total Time": 1049.55, "Actual Rows": 561612, "Actual Loops": 1, "Recheck Cond": "((o_orderdate >= '1995-01-01 00:00:00'::timestamp(0) without time zone) AND (o_orderdate < '1995-04-01 00:00:00'::timestamp without time zone)), (LLVM Optimized, Jit Execute)", "Rows Removed by Index Recheck": 0, "Exact Heap Blocks": 241676, "Lossy Heap Blocks": 241676, "Plans": [{"Node Type": "Bitmap Index Scan", "Parent Relationship": "Outer", "Index Name": "idx_orders_orderdate", "Startup Cost": 0.0, "Total Cost": 14422.35, "Plan Rows": 569410, "Plan Width": 0, "Actual Startup Time": 172.696, "Actual Total Time": 172.696, "Actual Rows": 561612, "Actual Loops": 1, "Index Cond": "((o_orderdate >= '1995-01-01 00:00:00'::timestamp(0) without time zone) AND (o_orderdate < '1995-04-01 00:00:00'::timestamp without time zone))"}]}, {"Node Type": "Bitmap Heap Scan", "Parent Relationship": "Inner", "Relation Name": "lineitem", "Alias": "lineitem", "Startup Cost": 1.94, "Total Cost": 14.06, "Plan Rows": 3, "Plan Width": 8, "Actual Startup Time": 4756.399, "Actual Total Time": 4756.399, "Actual Rows": 515106, "Actual Loops": 561612, "Recheck Cond": "(l_orderkey = orders.o_orderkey)", "Rows Removed by Index Recheck": 0, "Filter": "(l_commitdate < l_receiptdate)", "Rows Removed by Filter": 299676, "Exact Heap Blocks": 567798, "Lossy Heap Blocks": 567798, "Plans": [{"Node Type": "Bitmap Index Scan", "Parent Relationship": "Outer", "Index Name": "idx_lineitem_orderkey", "Startup Cost": 0.0, "Total Cost": 1.94, "Plan Rows": 9, "Plan Width": 0, "Actual Startup Time": 2428.769, "Actual Total Time": 2428.769, "Actual Rows": 2246588, "Actual Loops": 561612, "Index Cond": "(l_orderkey = orders.o_orderkey)"}]}]}]}]}, "Triggers": [], "Planner Runtime": 0, "Total Runtime": 6876.889, "Unique SQL Id": 3745551476}}, "(1, 119)": {"explain_plan": {"Plan": {"Node Type": "Sort", "Startup Cost": 2781642.36, "Total Cost": 2781642.36, "Plan Rows": 1, "Plan Width": 16, "Sort Key": ["orders.o_orderpriority"], "Plans": [{"Node Type": "Aggregate", "Strategy": "Hashed", "Parent Relationship": "Outer", "Startup Cost": 2781642.34, "Total Cost": 2781642.35, "Plan Rows": 1, "Plan Width": 16, "Group By Key": ["orders.o_orderpriority"], "Plans": [{"Node Type": "Nested Loop", "Parent Relationship": "Outer", "Join Type": "Semi", "Startup Cost": 14566.65, "Total Cost": 2778795.29, "Plan Rows": 569410, "Plan Width": 16, "Inner Unique": false, "Plans": [{"Node Type": "Bitmap Heap Scan", "Parent Relationship": "Outer", "Relation Name": "orders", "Alias": "orders", "Startup Cost": 14564.7, "Total Cost": 299524.85, "Plan Rows": 569410, "Plan Width": 24, "Recheck Cond": "((o_orderdate >= '1995-01-01 00:00:00'::timestamp(0) without time zone) AND (o_orderdate < '1995-04-01 00:00:00'::timestamp without time zone)), (LLVM Optimized)", "Plans": [{"Node Type": "Bitmap Index Scan", "Parent Relationship": "Outer", "Index Name": "idx_orders_orderdate", "Startup Cost": 0.0, "Total Cost": 14422.35, "Plan Rows": 569410, "Plan Width": 0, "Index Cond": "((o_orderdate >= '1995-01-01 00:00:00'::timestamp(0) without time zone) AND (o_orderdate < '1995-04-01 00:00:00'::timestamp without time zone))"}]}, {"Node Type": "Bitmap Heap Scan", "Parent Relationship": "Inner", "Relation Name": "lineitem", "Alias": "lineitem", "Startup Cost": 1.94, "Total Cost": 14.06, "Plan Rows": 3, "Plan Width": 8, "Recheck Cond": "(l_orderkey = orders.o_orderkey)", "Filter": "(l_commitdate < l_receiptdate)", "Plans": [{"Node Type": "Bitmap Index Scan", "Parent Relationship": "Outer", "Index Name": "idx_lineitem_orderkey", "Startup Cost": 0.0, "Total Cost": 1.94, "Plan Rows": 9, "Plan Width": 0, "Index Cond": "(l_orderkey = orders.o_orderkey)"}]}]}]}]}, "Unique SQL Id": 3745551476, "Planner Runtime": 0}, "explain_analyze_plan": {"Plan": {"Node Type": "Sort", "Startup Cost": 2781642.36, "Total Cost": 2781642.36, "Plan Rows": 1, "Plan Width": 16, "Actual Startup Time": 6863.223, "Actual Total Time": 6863.225, "Actual Rows": 5, "Actual Loops": 1, "Sort Key": ["orders.o_orderpriority"], "Sort Method": "quicksort", "Sort Space Used": 25, "Sort Space Type": "Memory", "Plans": [{"Node Type": "Aggregate", "Strategy": "Hashed", "Parent Relationship": "Outer", "Startup Cost": 2781642.34, "Total Cost": 2781642.35, "Plan Rows": 1, "Plan Width": 16, "Actual Startup Time": 6863.09, "Actual Total Time": 6863.105, "Actual Rows": 5, "Actual Loops": 1, "Group By Key": ["orders.o_orderpriority"], "Plans": [{"Node Type": "Nested Loop", "Parent Relationship": "Outer", "Join Type": "Semi", "Startup Cost": 14566.65, "Total Cost": 2778795.29, "Plan Rows": 569410, "Plan Width": 16, "Actual Startup Time": 247.984, "Actual Total Time": 6556.711, "Actual Rows": 515106, "Actual Loops": 1, "Inner Unique": false, "Plans": [{"Node Type": "Bitmap Heap Scan", "Parent Relationship": "Outer", "Relation Name": "orders", "Alias": "orders", "Startup Cost": 14564.7, "Total Cost": 299524.85, "Plan Rows": 569410, "Plan Width": 24, "Actual Startup Time": 247.881, "Actual Total Time": 1049.55, "Actual Rows": 561612, "Actual Loops": 1, "Recheck Cond": "((o_orderdate >= '1995-01-01 00:00:00'::timestamp(0) without time zone) AND (o_orderdate < '1995-04-01 00:00:00'::timestamp without time zone)), (LLVM Optimized, Jit Execute)", "Rows Removed by Index Recheck": 0, "Exact Heap Blocks": 241676, "Lossy Heap Blocks": 241676, "Plans": [{"Node Type": "Bitmap Index Scan", "Parent Relationship": "Outer", "Index Name": "idx_orders_orderdate", "Startup Cost": 0.0, "Total Cost": 14422.35, "Plan Rows": 569410, "Plan Width": 0, "Actual Startup Time": 172.696, "Actual Total Time": 172.696, "Actual Rows": 561612, "Actual Loops": 1, "Index Cond": "((o_orderdate >= '1995-01-01 00:00:00'::timestamp(0) without time zone) AND (o_orderdate < '1995-04-01 00:00:00'::timestamp without time zone))"}]}, {"Node Type": "Bitmap Heap Scan", "Parent Relationship": "Inner", "Relation Name": "lineitem", "Alias": "lineitem", "Startup Cost": 1.94, "Total Cost": 14.06, "Plan Rows": 3, "Plan Width": 8, "Actual Startup Time": 4756.399, "Actual Total Time": 4756.399, "Actual Rows": 515106, "Actual Loops": 561612, "Recheck Cond": "(l_orderkey = orders.o_orderkey)", "Rows Removed by Index Recheck": 0, "Filter": "(l_commitdate < l_receiptdate)", "Rows Removed by Filter": 299676, "Exact Heap Blocks": 567798, "Lossy Heap Blocks": 567798, "Plans": [{"Node Type": "Bitmap Index Scan", "Parent Relationship": "Outer", "Index Name": "idx_lineitem_orderkey", "Startup Cost": 0.0, "Total Cost": 1.94, "Plan Rows": 9, "Plan Width": 0, "Actual Startup Time": 2428.769, "Actual Total Time": 2428.769, "Actual Rows": 2246588, "Actual Loops": 561612, "Index Cond": "(l_orderkey = orders.o_orderkey)"}]}]}]}]}, "Triggers": [], "Planner Runtime": 0, "Total Runtime": 6876.889, "Unique SQL Id": 3745551476}}, "(1, 120)": {"explain_plan": {"Plan": {"Node Type": "Sort", "Startup Cost": 1118574.92, "Total Cost": 1118574.93, "Plan Rows": 1, "Plan Width": 16, "Sort Key": ["orders.o_orderpriority"], "Plans": [{"Node Type": "Aggregate", "Strategy": "Hashed", "Parent Relationship": "Outer", "Startup Cost": 1118574.9, "Total Cost": 1118574.91, "Plan Rows": 1, "Plan Width": 16, "Group By Key": ["orders.o_orderpriority"], "Plans": [{"Node Type": "Nested Loop", "Parent Relationship": "Outer", "Join Type": "Semi", "Startup Cost": 411.57, "Total Cost": 1115727.85, "Plan Rows": 569410, "Plan Width": 16, "Inner Unique": false, "Plans": [{"Node Type": "Seq Scan", "Parent Relationship": "Outer", "Relation Name": "orders", "Alias": "orders", "Startup Cost": 411.57, "Total Cost": 501411.18, "Plan Rows": 569410, "Plan Width": 24, "Filter": "((o_orderdate >= '1995-01-01 00:00:00'::timestamp(0) without time zone) AND (o_orderdate < '1995-04-01 00:00:00'::timestamp without time zone)), (LLVM Optimized)"}, {"Node Type": "Index Scan", "Parent Relationship": "Inner", "Scan Direction": "Forward", "Index Name": "idx_lineitem_orderkey", "Relation Name": "lineitem", "Alias": "lineitem", "Startup Cost": 0.0, "Total Cost": 5.41, "Plan Rows": 3, "Plan Width": 8, "Index Cond": "(l_orderkey = orders.o_orderkey)", "Filter": "(l_commitdate < l_receiptdate)"}]}]}]}, "Unique SQL Id": 3745551476, "Planner Runtime": 0}, "explain_analyze_plan": {"Plan": {"Node Type": "Sort", "Startup Cost": 1118574.92, "Total Cost": 1118574.93, "Plan Rows": 1, "Plan Width": 16, "Actual Startup Time": 8906.643, "Actual Total Time": 8906.643, "Actual Rows": 5, "Actual Loops": 1, "Sort Key": ["orders.o_orderpriority"], "Sort Method": "quicksort", "Sort Space Used": 25, "Sort Space Type": "Memory", "Plans": [{"Node Type": "Aggregate", "Strategy": "Hashed", "Parent Relationship": "Outer", "Startup Cost": 1118574.9, "Total Cost": 1118574.91, "Plan Rows": 1, "Plan Width": 16, "Actual Startup Time": 8906.597, "Actual Total Time": 8906.6, "Actual Rows": 5, "Actual Loops": 1, "Group By Key": ["orders.o_orderpriority"], "Plans": [{"Node Type": "Nested Loop", "Parent Relationship": "Outer", "Join Type": "Semi", "Startup Cost": 411.57, "Total Cost": 1115727.85, "Plan Rows": 569410, "Plan Width": 16, "Actual Startup Time": 0.057, "Actual Total Time": 8627.866, "Actual Rows": 515106, "Actual Loops": 1, "Inner Unique": false, "Plans": [{"Node Type": "Seq Scan", "Parent Relationship": "Outer", "Relation Name": "orders", "Alias": "orders", "Startup Cost": 411.57, "Total Cost": 501411.18, "Plan Rows": 569410, "Plan Width": 24, "Actual Startup Time": 0.032, "Actual Total Time": 4710.886, "Actual Rows": 561612, "Actual Loops": 1, "Filter": "((o_orderdate >= '1995-01-01 00:00:00'::timestamp(0) without time zone) AND (o_orderdate < '1995-04-01 00:00:00'::timestamp without time zone)), (LLVM Optimized, Jit Execute)", "Rows Removed by Filter": 14438388}, {"Node Type": "Index Scan", "Parent Relationship": "Inner", "Scan Direction": "Forward", "Index Name": "idx_lineitem_orderkey", "Relation Name": "lineitem", "Alias": "lineitem", "Startup Cost": 0.0, "Total Cost": 5.41, "Plan Rows": 3, "Plan Width": 8, "Actual Startup Time": 3494.355, "Actual Total Time": 3494.355, "Actual Rows": 515106, "Actual Loops": 561612, "Index Cond": "(l_orderkey = orders.o_orderkey)", "Rows Removed by Index Recheck": 0, "Filter": "(l_commitdate < l_receiptdate)", "Rows Removed by Filter": 299676}]}]}]}, "Triggers": [], "Planner Runtime": 0, "Total Runtime": 8915.682, "Unique SQL Id": 3745551476}}, "(1, 121)": {"explain_plan": {"Plan": {"Node Type": "Sort", "Startup Cost": 1423139.57, "Total Cost": 1423139.57, "Plan Rows": 1, "Plan Width": 16, "Sort Key": ["orders.o_orderpriority"], "Plans": [{"Node Type": "Aggregate", "Strategy": "Hashed", "Parent Relationship": "Outer", "Startup Cost": 1423139.55, "Total Cost": 1423139.56, "Plan Rows": 1, "Plan Width": 16, "Group By Key": ["orders.o_orderpriority"], "Plans": [{"Node Type": "Nested Loop", "Parent Relationship": "Outer", "Join Type": "Semi", "Startup Cost": 0.0, "Total Cost": 1420292.5, "Plan Rows": 569410, "Plan Width": 16, "Inner Unique": false, "Plans": [{"Node Type": "Index Scan", "Parent Relationship": "Outer", "Scan Direction": "Forward", "Index Name": "orders_pkey", "Relation Name": "orders", "Alias": "orders", "Startup Cost": 0.0, "Total Cost": 805975.83, "Plan Rows": 569410, "Plan Width": 24, "Filter": "((o_orderdate >= '1995-01-01 00:00:00'::timestamp(0) without time zone) AND (o_orderdate < '1995-04-01 00:00:00'::timestamp without time zone)), (LLVM Optimized)"}, {"Node Type": "Index Scan", "Parent Relationship": "Inner", "Scan Direction": "Forward", "Index Name": "idx_lineitem_orderkey", "Relation Name": "lineitem", "Alias": "lineitem", "Startup Cost": 0.0, "Total Cost": 5.41, "Plan Rows": 3, "Plan Width": 8, "Index Cond": "(l_orderkey = orders.o_orderkey)", "Filter": "(l_commitdate < l_receiptdate)"}]}]}]}, "Unique SQL Id": 3745551476, "Planner Runtime": 0}, "explain_analyze_plan": null}, "(1, 122)": {"explain_plan": {"Plan": {"Node Type": "Sort", "Startup Cost": 18812644104.77, "Total Cost": 18812644104.77, "Plan Rows": 1, "Plan Width": 16, "Sort Key": ["orders.o_orderpriority"], "Plans": [{"Node Type": "Aggregate", "Strategy": "Hashed", "Parent Relationship": "Outer", "Startup Cost": 18812644104.75, "Total Cost": 18812644104.76, "Plan Rows": 1, "Plan Width": 16, "Group By Key": ["orders.o_orderpriority"], "Plans": [{"Node Type": "Nested Loop", "Parent Relationship": "Outer", "Join Type": "Inner", "Startup Cost": 2215483.68, "Total Cost": 18812641257.7, "Plan Rows": 569410, "Plan Width": 16, "Inner Unique": true, "Join Filter": "(orders.o_orderkey = lineitem.l_orderkey), (LLVM Optimized)", "Plans": [{"Node Type": "Aggregate", "Strategy": "Hashed", "Parent Relationship": "Outer", "Startup Cost": 2215072.11, "Total Cost": 2237094.79, "Plan Rows": 2202268, "Plan Width": 8, "Group By Key": ["lineitem.l_orderkey"], "Plans": [{"Node Type": "Seq Scan", "Parent Relationship": "Outer", "Relation Name": "lineitem", "Alias": "lineitem", "Startup Cost": 0.0, "Total Cost": 2165082.91, "Plan Rows": 19995678, "Plan Width": 8, "Filter": "(l_commitdate < l_receiptdate), (LLVM Optimized)"}]}, {"Node Type": "Materialize", "Parent Relationship": "Inner", "Startup Cost": 411.57, "Total Cost": 504258.23, "Plan Rows": 569410, "Plan Width": 24, "Plans": [{"Node Type": "Seq Scan", "Parent Relationship": "Outer", "Relation Name": "orders", "Alias": "orders", "Startup Cost": 411.57, "Total Cost": 501411.18, "Plan Rows": 569410, "Plan Width": 24, "Filter": "((o_orderdate >= '1995-01-01 00:00:00'::timestamp(0) without time zone) AND (o_orderdate < '1995-04-01 00:00:00'::timestamp without time zone)), (LLVM Optimized)"}]}]}]}]}, "Unique SQL Id": 3745551476, "Planner Runtime": 0}, "explain_analyze_plan": null}, "(1, 123)": {"explain_plan": {"Plan": {"Node Type": "Sort", "Startup Cost": 2034307228087.09, "Total Cost": 2034307228087.1, "Plan Rows": 1, "Plan Width": 16, "Sort Key": ["orders.o_orderpriority"], "Plans": [{"Node Type": "Aggregate", "Strategy": "Hashed", "Parent Relationship": "Outer", "Startup Cost": 2034307228087.07, "Total Cost": 2034307228087.08, "Plan Rows": 1, "Plan Width": 16, "Group By Key": ["orders.o_orderpriority"], "Plans": [{"Node Type": "Nested Loop", "Parent Relationship": "Outer", "Join Type": "Semi", "Startup Cost": 20000000000.0, "Total Cost": 2034307225240.02, "Plan Rows": 569410, "Plan Width": 16, "Inner Unique": false, "Join Filter": "(orders.o_orderkey = lineitem.l_orderkey), (LLVM Optimized)", "Plans": [{"Node Type": "Index Scan", "Parent Relationship": "Outer", "Scan Direction": "Forward", "Index Name": "orders_pkey", "Relation Name": "orders", "Alias": "orders", "Startup Cost": 10000000000.0, "Total Cost": 1000080597583.0, "Plan Rows": 569410, "Plan Width": 24, "Filter": "((o_orderdate >= '1995-01-01 00:00:00'::timestamp(0) without time zone) AND (o_orderdate < '1995-04-01 00:00:00'::timestamp without time zone)), (LLVM Optimized)"}, {"Node Type": "Materialize", "Parent Relationship": "Inner", "Startup Cost": 10000000000.0, "Total Cost": 1000339112111.14, "Plan Rows": 19995678, "Plan Width": 8, "Plans": [{"Node Type": "Index Scan", "Parent Relationship": "Outer", "Scan Direction": "Forward", "Index Name": "idx_lineitem_orderkey", "Relation Name": "lineitem", "Alias": "lineitem", "Startup Cost": 10000000000.0, "Total Cost": 1000339012132.75, "Plan Rows": 19995678, "Plan Width": 8, "Filter": "(l_commitdate < l_receiptdate), (LLVM Optimized)"}]}]}]}]}, "Unique SQL Id": 3745551476, "Planner Runtime": 0}, "explain_analyze_plan": null}, "(1, 124)": {"explain_plan": {"Plan": {"Node Type": "Sort", "Startup Cost": 1118574.92, "Total Cost": 1118574.93, "Plan Rows": 1, "Plan Width": 16, "Sort Key": ["orders.o_orderpriority"], "Plans": [{"Node Type": "Aggregate", "Strategy": "Hashed", "Parent Relationship": "Outer", "Startup Cost": 1118574.9, "Total Cost": 1118574.91, "Plan Rows": 1, "Plan Width": 16, "Group By Key": ["orders.o_orderpriority"], "Plans": [{"Node Type": "Nested Loop", "Parent Relationship": "Outer", "Join Type": "Semi", "Startup Cost": 411.57, "Total Cost": 1115727.85, "Plan Rows": 569410, "Plan Width": 16, "Inner Unique": false, "Plans": [{"Node Type": "Seq Scan", "Parent Relationship": "Outer", "Relation Name": "orders", "Alias": "orders", "Startup Cost": 411.57, "Total Cost": 501411.18, "Plan Rows": 569410, "Plan Width": 24, "Filter": "((o_orderdate >= '1995-01-01 00:00:00'::timestamp(0) without time zone) AND (o_orderdate < '1995-04-01 00:00:00'::timestamp without time zone)), (LLVM Optimized)"}, {"Node Type": "Index Scan", "Parent Relationship": "Inner", "Scan Direction": "Forward", "Index Name": "idx_lineitem_orderkey", "Relation Name": "lineitem", "Alias": "lineitem", "Startup Cost": 0.0, "Total Cost": 5.41, "Plan Rows": 3, "Plan Width": 8, "Index Cond": "(l_orderkey = orders.o_orderkey)", "Filter": "(l_commitdate < l_receiptdate)"}]}]}]}, "Unique SQL Id": 3745551476, "Planner Runtime": 0}, "explain_analyze_plan": {"Plan": {"Node Type": "Sort", "Startup Cost": 1118574.92, "Total Cost": 1118574.93, "Plan Rows": 1, "Plan Width": 16, "Actual Startup Time": 8906.643, "Actual Total Time": 8906.643, "Actual Rows": 5, "Actual Loops": 1, "Sort Key": ["orders.o_orderpriority"], "Sort Method": "quicksort", "Sort Space Used": 25, "Sort Space Type": "Memory", "Plans": [{"Node Type": "Aggregate", "Strategy": "Hashed", "Parent Relationship": "Outer", "Startup Cost": 1118574.9, "Total Cost": 1118574.91, "Plan Rows": 1, "Plan Width": 16, "Actual Startup Time": 8906.597, "Actual Total Time": 8906.6, "Actual Rows": 5, "Actual Loops": 1, "Group By Key": ["orders.o_orderpriority"], "Plans": [{"Node Type": "Nested Loop", "Parent Relationship": "Outer", "Join Type": "Semi", "Startup Cost": 411.57, "Total Cost": 1115727.85, "Plan Rows": 569410, "Plan Width": 16, "Actual Startup Time": 0.057, "Actual Total Time": 8627.866, "Actual Rows": 515106, "Actual Loops": 1, "Inner Unique": false, "Plans": [{"Node Type": "Seq Scan", "Parent Relationship": "Outer", "Relation Name": "orders", "Alias": "orders", "Startup Cost": 411.57, "Total Cost": 501411.18, "Plan Rows": 569410, "Plan Width": 24, "Actual Startup Time": 0.032, "Actual Total Time": 4710.886, "Actual Rows": 561612, "Actual Loops": 1, "Filter": "((o_orderdate >= '1995-01-01 00:00:00'::timestamp(0) without time zone) AND (o_orderdate < '1995-04-01 00:00:00'::timestamp without time zone)), (LLVM Optimized, Jit Execute)", "Rows Removed by Filter": 14438388}, {"Node Type": "Index Scan", "Parent Relationship": "Inner", "Scan Direction": "Forward", "Index Name": "idx_lineitem_orderkey", "Relation Name": "lineitem", "Alias": "lineitem", "Startup Cost": 0.0, "Total Cost": 5.41, "Plan Rows": 3, "Plan Width": 8, "Actual Startup Time": 3494.355, "Actual Total Time": 3494.355, "Actual Rows": 515106, "Actual Loops": 561612, "Index Cond": "(l_orderkey = orders.o_orderkey)", "Rows Removed by Index Recheck": 0, "Filter": "(l_commitdate < l_receiptdate)", "Rows Removed by Filter": 299676}]}]}]}, "Triggers": [], "Planner Runtime": 0, "Total Runtime": 8915.682, "Unique SQL Id": 3745551476}}, "(1, 125)": {"explain_plan": {"Plan": {"Node Type": "Sort", "Startup Cost": 1423139.57, "Total Cost": 1423139.57, "Plan Rows": 1, "Plan Width": 16, "Sort Key": ["orders.o_orderpriority"], "Plans": [{"Node Type": "Aggregate", "Strategy": "Hashed", "Parent Relationship": "Outer", "Startup Cost": 1423139.55, "Total Cost": 1423139.56, "Plan Rows": 1, "Plan Width": 16, "Group By Key": ["orders.o_orderpriority"], "Plans": [{"Node Type": "Nested Loop", "Parent Relationship": "Outer", "Join Type": "Semi", "Startup Cost": 0.0, "Total Cost": 1420292.5, "Plan Rows": 569410, "Plan Width": 16, "Inner Unique": false, "Plans": [{"Node Type": "Index Scan", "Parent Relationship": "Outer", "Scan Direction": "Forward", "Index Name": "orders_pkey", "Relation Name": "orders", "Alias": "orders", "Startup Cost": 0.0, "Total Cost": 805975.83, "Plan Rows": 569410, "Plan Width": 24, "Filter": "((o_orderdate >= '1995-01-01 00:00:00'::timestamp(0) without time zone) AND (o_orderdate < '1995-04-01 00:00:00'::timestamp without time zone)), (LLVM Optimized)"}, {"Node Type": "Index Scan", "Parent Relationship": "Inner", "Scan Direction": "Forward", "Index Name": "idx_lineitem_orderkey", "Relation Name": "lineitem", "Alias": "lineitem", "Startup Cost": 0.0, "Total Cost": 5.41, "Plan Rows": 3, "Plan Width": 8, "Index Cond": "(l_orderkey = orders.o_orderkey)", "Filter": "(l_commitdate < l_receiptdate)"}]}]}]}, "Unique SQL Id": 3745551476, "Planner Runtime": 0}, "explain_analyze_plan": null}, "(1, 126)": {"explain_plan": {"Plan": {"Node Type": "Sort", "Startup Cost": 18812644104.77, "Total Cost": 18812644104.77, "Plan Rows": 1, "Plan Width": 16, "Sort Key": ["orders.o_orderpriority"], "Plans": [{"Node Type": "Aggregate", "Strategy": "Hashed", "Parent Relationship": "Outer", "Startup Cost": 18812644104.75, "Total Cost": 18812644104.76, "Plan Rows": 1, "Plan Width": 16, "Group By Key": ["orders.o_orderpriority"], "Plans": [{"Node Type": "Nested Loop", "Parent Relationship": "Outer", "Join Type": "Inner", "Startup Cost": 2215483.68, "Total Cost": 18812641257.7, "Plan Rows": 569410, "Plan Width": 16, "Inner Unique": true, "Join Filter": "(orders.o_orderkey = lineitem.l_orderkey), (LLVM Optimized)", "Plans": [{"Node Type": "Aggregate", "Strategy": "Hashed", "Parent Relationship": "Outer", "Startup Cost": 2215072.11, "Total Cost": 2237094.79, "Plan Rows": 2202268, "Plan Width": 8, "Group By Key": ["lineitem.l_orderkey"], "Plans": [{"Node Type": "Seq Scan", "Parent Relationship": "Outer", "Relation Name": "lineitem", "Alias": "lineitem", "Startup Cost": 0.0, "Total Cost": 2165082.91, "Plan Rows": 19995678, "Plan Width": 8, "Filter": "(l_commitdate < l_receiptdate), (LLVM Optimized)"}]}, {"Node Type": "Materialize", "Parent Relationship": "Inner", "Startup Cost": 411.57, "Total Cost": 504258.23, "Plan Rows": 569410, "Plan Width": 24, "Plans": [{"Node Type": "Seq Scan", "Parent Relationship": "Outer", "Relation Name": "orders", "Alias": "orders", "Startup Cost": 411.57, "Total Cost": 501411.18, "Plan Rows": 569410, "Plan Width": 24, "Filter": "((o_orderdate >= '1995-01-01 00:00:00'::timestamp(0) without time zone) AND (o_orderdate < '1995-04-01 00:00:00'::timestamp without time zone)), (LLVM Optimized)"}]}]}]}]}, "Unique SQL Id": 3745551476, "Planner Runtime": 0}, "explain_analyze_plan": null}, "(1, 127)": {"explain_plan": {"Plan": {"Node Type": "Sort", "Startup Cost": 2034307228087.09, "Total Cost": 2034307228087.1, "Plan Rows": 1, "Plan Width": 16, "Sort Key": ["orders.o_orderpriority"], "Plans": [{"Node Type": "Aggregate", "Strategy": "Hashed", "Parent Relationship": "Outer", "Startup Cost": 2034307228087.07, "Total Cost": 2034307228087.08, "Plan Rows": 1, "Plan Width": 16, "Group By Key": ["orders.o_orderpriority"], "Plans": [{"Node Type": "Nested Loop", "Parent Relationship": "Outer", "Join Type": "Semi", "Startup Cost": 20000000000.0, "Total Cost": 2034307225240.02, "Plan Rows": 569410, "Plan Width": 16, "Inner Unique": false, "Join Filter": "(orders.o_orderkey = lineitem.l_orderkey), (LLVM Optimized)", "Plans": [{"Node Type": "Index Scan", "Parent Relationship": "Outer", "Scan Direction": "Forward", "Index Name": "orders_pkey", "Relation Name": "orders", "Alias": "orders", "Startup Cost": 10000000000.0, "Total Cost": 1000080597583.0, "Plan Rows": 569410, "Plan Width": 24, "Filter": "((o_orderdate >= '1995-01-01 00:00:00'::timestamp(0) without time zone) AND (o_orderdate < '1995-04-01 00:00:00'::timestamp without time zone)), (LLVM Optimized)"}, {"Node Type": "Materialize", "Parent Relationship": "Inner", "Startup Cost": 10000000000.0, "Total Cost": 1000339112111.14, "Plan Rows": 19995678, "Plan Width": 8, "Plans": [{"Node Type": "Index Scan", "Parent Relationship": "Outer", "Scan Direction": "Forward", "Index Name": "idx_lineitem_orderkey", "Relation Name": "lineitem", "Alias": "lineitem", "Startup Cost": 10000000000.0, "Total Cost": 1000339012132.75, "Plan Rows": 19995678, "Plan Width": 8, "Filter": "(l_commitdate < l_receiptdate), (LLVM Optimized)"}]}]}]}]}, "Unique SQL Id": 3745551476, "Planner Runtime": 0}, "explain_analyze_plan": null}, "(16, 0)": {"explain_plan": {"Plan": {"Node Type": "Sort", "Startup Cost": 223060.11, "Total Cost": 223060.12, "Plan Rows": 1, "Plan Width": 24, "Sort Key": ["orders.o_orderpriority"], "Plans": [{"Node Type": "Streaming(type: LOCAL GATHER dop: 1/16)", "Parent Relationship": "Outer", "Startup Cost": 223060.1, "Total Cost": 223060.1, "Plan Rows": 1, "Plan Width": 24, "Plans": [{"Node Type": "Aggregate", "Strategy": "Hashed", "Parent Relationship": "Outer", "Startup Cost": 223060.1, "Total Cost": 223060.1, "Plan Rows": 1, "Plan Width": 24, "Group By Key": ["orders.o_orderpriority"], "Plans": [{"Node Type": "Streaming(type: LOCAL REDISTRIBUTE dop: 16/16)", "Parent Relationship": "Outer", "Startup Cost": 223060.07, "Total Cost": 223060.1, "Plan Rows": 1, "Plan Width": 24, "Plans": [{"Node Type": "Aggregate", "Strategy": "Hashed", "Parent Relationship": "Outer", "Startup Cost": 223060.07, "Total Cost": 223060.07, "Plan Rows": 1, "Plan Width": 24, "Group By Key": ["orders.o_orderpriority"], "Plans": [{"Node Type": "Hash Join", "Parent Relationship": "Outer", "Join Type": "Inner", "Startup Cost": 199987.41, "Total Cost": 222882.13, "Plan Rows": 569410, "Plan Width": 16, "Inner Unique": true, "Hash Cond": "(lineitem.l_orderkey = orders.o_orderkey), (LLVM Optimized)", "Plans": [{"Node Type": "Aggregate", "Strategy": "Hashed", "Parent Relationship": "Outer", "Startup Cost": 178507.06, "Total Cost": 179883.48, "Plan Rows": 2202268, "Plan Width": 8, "Group By Key": ["lineitem.l_orderkey"], "Plans": [{"Node Type": "Streaming(type: LOCAL REDISTRIBUTE dop: 16/16)", "Parent Relationship": "Outer", "Startup Cost": 153442.01, "Total Cost": 178162.96, "Plan Rows": 2202268, "Plan Width": 8, "Plans": [{"Node Type": "Aggregate", "Strategy": "Hashed", "Parent Relationship": "Outer", "Startup Cost": 153442.01, "Total Cost": 154818.42, "Plan Rows": 2202268, "Plan Width": 8, "Group By Key": ["lineitem.l_orderkey"], "Plans": [{"Node Type": "Seq Scan", "Parent Relationship": "Outer", "Relation Name": "lineitem", "Alias": "lineitem", "Startup Cost": 0.0, "Total Cost": 150317.68, "Plan Rows": 19995678, "Plan Width": 8, "Filter": "(l_commitdate < l_receiptdate), (LLVM Optimized)"}]}]}]}, {"Node Type": "Hash", "Parent Relationship": "Inner", "Startup Cost": 63495.73, "Total Cost": 63495.73, "Plan Rows": 569410, "Plan Width": 24, "Plans": [{"Node Type": "Streaming(type: LOCAL REDISTRIBUTE dop: 16/16)", "Parent Relationship": "Outer", "Startup Cost": 37.76, "Total Cost": 63495.73, "Plan Rows": 569410, "Plan Width": 24, "Plans": [{"Node Type": "Seq Scan", "Parent Relationship": "Outer", "Relation Name": "orders", "Alias": "orders", "Startup Cost": 37.76, "Total Cost": 46338.2, "Plan Rows": 569410, "Plan Width": 24, "Filter": "((o_orderdate >= '1995-01-01 00:00:00'::timestamp(0) without time zone) AND (o_orderdate < '1995-04-01 00:00:00'::timestamp without time zone)), (LLVM Optimized)"}]}]}]}]}]}]}]}]}, "Unique SQL Id": 3745551476, "Planner Runtime": 1}, "explain_analyze_plan": {"Plan": {"Node Type": "Sort", "Startup Cost": 223060.11, "Total Cost": 223060.12, "Plan Rows": 1, "Plan Width": 24, "Actual Min Startup Time": 5326.268, "Actual Max Startup Time": 5326.268, "Actual Min Total Time": 5326.269, "Actual Max Total Time": 5326.269, "Sort Key": ["orders.o_orderpriority"], "Sort Method": "quicksort", "Sort Space Min Used": 25, "Sort Space Max Used": 25, "Sort Space Type": "Memory", "Plans": [{"Node Type": "Streaming(type: LOCAL GATHER dop: 1/16)", "Parent Relationship": "Outer", "Startup Cost": 223060.1, "Total Cost": 223060.1, "Plan Rows": 1, "Plan Width": 24, "Actual Min Startup Time": 5325.981, "Actual Max Startup Time": 5325.981, "Actual Min Total Time": 5326.201, "Actual Max Total Time": 5326.201, "Plans": [{"Node Type": "Aggregate", "Strategy": "Hashed", "Parent Relationship": "Outer", "Startup Cost": 223060.1, "Total Cost": 223060.1, "Plan Rows": 1, "Plan Width": 24, "Actual Min Startup Time": 5241.572, "Actual Max Startup Time": 5273.993, "Actual Min Total Time": 5241.572, "Actual Max Total Time": 5273.993, "Group By Key": ["orders.o_orderpriority"], "Plans": [{"Node Type": "Streaming(type: LOCAL REDISTRIBUTE dop: 16/16)", "Parent Relationship": "Outer", "Startup Cost": 223060.07, "Total Cost": 223060.1, "Plan Rows": 1, "Plan Width": 24, "Actual Min Startup Time": 5184.678, "Actual Max Startup Time": 5273.984, "Actual Min Total Time": 5241.566, "Actual Max Total Time": 5273.984, "Plans": [{"Node Type": "Aggregate", "Strategy": "Hashed", "Parent Relationship": "Outer", "Startup Cost": 223060.07, "Total Cost": 223060.07, "Plan Rows": 1, "Plan Width": 24, "Actual Min Startup Time": 5118.77, "Actual Max Startup Time": 5250.137, "Actual Min Total Time": 5118.772, "Actual Max Total Time": 5250.14, "Group By Key": ["orders.o_orderpriority"], "Plans": [{"Node Type": "Hash Join", "Parent Relationship": "Outer", "Join Type": "Inner", "Startup Cost": 199987.41, "Total Cost": 222882.13, "Plan Rows": 569410, "Plan Width": 16, "Actual Min Startup Time": 4788.695, "Actual Max Startup Time": 4877.328, "Actual Min Total Time": 5105.267, "Actual Max Total Time": 5237.07, "Inner Unique": true, "Hash Cond": "(lineitem.l_orderkey = orders.o_orderkey), (LLVM Optimized, Jit Execute)", "Plans": [{"Node Type": "Aggregate", "Strategy": "Hashed", "Parent Relationship": "Outer", "Startup Cost": 178507.06, "Total Cost": 179883.48, "Plan Rows": 2202268, "Plan Width": 8, "Actual Min Startup Time": 4318.042, "Actual Max Startup Time": 4318.214, "Actual Min Total Time": 4470.778, "Actual Max Total Time": 4515.862, "Group By Key": ["lineitem.l_orderkey"], "Plans": [{"Node Type": "Streaming(type: LOCAL REDISTRIBUTE dop: 16/16)", "Parent Relationship": "Outer", "Startup Cost": 153442.01, "Total Cost": 178162.96, "Plan Rows": 2202268, "Plan Width": 8, "Actual Min Startup Time": 2156.969, "Actual Max Startup Time": 2158.381, "Actual Min Total Time": 3852.509, "Actual Max Total Time": 3925.326, "Plans": [{"Node Type": "Aggregate", "Strategy": "Hashed", "Parent Relationship": "Outer", "Startup Cost": 153442.01, "Total Cost": 154818.42, "Plan Rows": 2202268, "Plan Width": 8, "Actual Min Startup Time": 2704.393, "Actual Max Startup Time": 3047.185, "Actual Min Total Time": 2999.133, "Actual Max Total Time": 3445.708, "Group By Key": ["lineitem.l_orderkey"], "Plans": [{"Node Type": "Seq Scan", "Parent Relationship": "Outer", "Relation Name": "lineitem", "Alias": "lineitem", "Startup Cost": 0.0, "Total Cost": 150317.68, "Plan Rows": 19995678, "Plan Width": 8, "Actual Min Startup Time": 0.02, "Actual Max Startup Time": 0.044, "Actual Min Total Time": 1763.072, "Actual Max Total Time": 1876.643, "Filter": "(l_commitdate < l_receiptdate), (LLVM Optimized, Jit Execute)", "Rows Removed by Filter": 22056704, "Actual Rows": 37929348}], "Actual Rows": 13761080}], "Actual Rows": 13761080}], "Actual Rows": 13753474}, {"Node Type": "Hash", "Parent Relationship": "Inner", "Startup Cost": 63495.73, "Total Cost": 63495.73, "Plan Rows": 569410, "Plan Width": 24, "Actual Min Startup Time": 470.505, "Actual Max Startup Time": 559.062, "Actual Min Total Time": 470.505, "Actual Max Total Time": 559.062, "Max Hash Buckets": 65536, "Min Hash Buckets": 65536, "Max Hash Batches": 1, "Min Hash Batches": 1, "Max Original Hash Batches": 1, "Min Original Hash Batches": 1, "Max Peak Memory Usage": 1899, "min Peak Memory Usage": 1899, "Plans": [{"Node Type": "Streaming(type: LOCAL REDISTRIBUTE dop: 16/16)", "Parent Relationship": "Outer", "Startup Cost": 37.76, "Total Cost": 63495.73, "Plan Rows": 569410, "Plan Width": 24, "Actual Min Startup Time": 0.045, "Actual Max Startup Time": 87.172, "Actual Min Total Time": 459.295, "Actual Max Total Time": 546.654, "Plans": [{"Node Type": "Seq Scan", "Parent Relationship": "Outer", "Relation Name": "orders", "Alias": "orders", "Startup Cost": 37.76, "Total Cost": 46338.2, "Plan Rows": 569410, "Plan Width": 24, "Actual Min Startup Time": 0.032, "Actual Max Startup Time": 0.061, "Actual Min Total Time": 394.261, "Actual Max Total Time": 423.116, "Filter": "((o_orderdate >= '1995-01-01 00:00:00'::timestamp(0) without time zone) AND (o_orderdate < '1995-04-01 00:00:00'::timestamp without time zone)), (LLVM Optimized, Jit Execute)", "Rows Removed by Filter": 14438388, "Actual Rows": 561612}], "Actual Rows": 561612}], "Actual Rows": 561612}], "Actual Rows": 515106}], "Actual Rows": 80}], "Actual Rows": 80}], "Actual Rows": 5}], "Actual Rows": 5}], "Actual Rows": 5}, "Triggers": [], "Planner Runtime": 0, "Total Runtime": 5347.731, "Unique SQL Id": 3745551476}}, "(16, 1)": {"explain_plan": {"Plan": {"Node Type": "Sort", "Startup Cost": 916688.59, "Total Cost": 916688.6, "Plan Rows": 1, "Plan Width": 24, "Sort Key": ["orders.o_orderpriority"], "Plans": [{"Node Type": "Aggregate", "Strategy": "Hashed", "Parent Relationship": "Outer", "Startup Cost": 916688.57, "Total Cost": 916688.58, "Plan Rows": 1, "Plan Width": 24, "Group By Key": ["orders.o_orderpriority"], "Plans": [{"Node Type": "Nested Loop", "Parent Relationship": "Outer", "Join Type": "Semi", "Startup Cost": 14564.7, "Total Cost": 913841.52, "Plan Rows": 569410, "Plan Width": 16, "Inner Unique": false, "Plans": [{"Node Type": "Bitmap Heap Scan", "Parent Relationship": "Outer", "Relation Name": "orders", "Alias": "orders", "Startup Cost": 14564.7, "Total Cost": 299524.85, "Plan Rows": 569410, "Plan Width": 24, "Recheck Cond": "((o_orderdate >= '1995-01-01 00:00:00'::timestamp(0) without time zone) AND (o_orderdate < '1995-04-01 00:00:00'::timestamp without time zone)), (LLVM Optimized)", "Plans": [{"Node Type": "Bitmap Index Scan", "Parent Relationship": "Outer", "Index Name": "idx_orders_orderdate", "Startup Cost": 0.0, "Total Cost": 14422.35, "Plan Rows": 569410, "Plan Width": 0, "Index Cond": "((o_orderdate >= '1995-01-01 00:00:00'::timestamp(0) without time zone) AND (o_orderdate < '1995-04-01 00:00:00'::timestamp without time zone))"}]}, {"Node Type": "Index Scan", "Parent Relationship": "Inner", "Scan Direction": "Forward", "Index Name": "idx_lineitem_orderkey", "Relation Name": "lineitem", "Alias": "lineitem", "Startup Cost": 0.0, "Total Cost": 5.41, "Plan Rows": 3, "Plan Width": 8, "Index Cond": "(l_orderkey = orders.o_orderkey)", "Filter": "(l_commitdate < l_receiptdate)"}]}]}]}, "Unique SQL Id": 3745551476, "Planner Runtime": 1}, "explain_analyze_plan": {"Plan": {"Node Type": "Sort", "Startup Cost": 916688.59, "Total Cost": 916688.6, "Plan Rows": 1, "Plan Width": 24, "Actual Startup Time": 5413.801, "Actual Total Time": 5413.802, "Actual Rows": 5, "Actual Loops": 1, "Sort Key": ["orders.o_orderpriority"], "Sort Method": "quicksort", "Sort Space Used": 25, "Sort Space Type": "Memory", "Plans": [{"Node Type": "Aggregate", "Strategy": "Hashed", "Parent Relationship": "Outer", "Startup Cost": 916688.57, "Total Cost": 916688.58, "Plan Rows": 1, "Plan Width": 24, "Actual Startup Time": 5413.754, "Actual Total Time": 5413.756, "Actual Rows": 5, "Actual Loops": 1, "Group By Key": ["orders.o_orderpriority"], "Plans": [{"Node Type": "Nested Loop", "Parent Relationship": "Outer", "Join Type": "Semi", "Startup Cost": 14564.7, "Total Cost": 913841.52, "Plan Rows": 569410, "Plan Width": 16, "Actual Startup Time": 248.12, "Actual Total Time": 5129.668, "Actual Rows": 515106, "Actual Loops": 1, "Inner Unique": false, "Plans": [{"Node Type": "Bitmap Heap Scan", "Parent Relationship": "Outer", "Relation Name": "orders", "Alias": "orders", "Startup Cost": 14564.7, "Total Cost": 299524.85, "Plan Rows": 569410, "Plan Width": 24, "Actual Startup Time": 248.035, "Actual Total Time": 1102.757, "Actual Rows": 561612, "Actual Loops": 1, "Recheck Cond": "((o_orderdate >= '1995-01-01 00:00:00'::timestamp(0) without time zone) AND (o_orderdate < '1995-04-01 00:00:00'::timestamp without time zone)), (LLVM Optimized, Jit Execute)", "Rows Removed by Index Recheck": 0, "Exact Heap Blocks": 241676, "Lossy Heap Blocks": 241676, "Plans": [{"Node Type": "Bitmap Index Scan", "Parent Relationship": "Outer", "Index Name": "idx_orders_orderdate", "Startup Cost": 0.0, "Total Cost": 14422.35, "Plan Rows": 569410, "Plan Width": 0, "Actual Startup Time": 173.006, "Actual Total Time": 173.006, "Actual Rows": 561612, "Actual Loops": 1, "Index Cond": "((o_orderdate >= '1995-01-01 00:00:00'::timestamp(0) without time zone) AND (o_orderdate < '1995-04-01 00:00:00'::timestamp without time zone))"}]}, {"Node Type": "Index Scan", "Parent Relationship": "Inner", "Scan Direction": "Forward", "Index Name": "idx_lineitem_orderkey", "Relation Name": "lineitem", "Alias": "lineitem", "Startup Cost": 0.0, "Total Cost": 5.41, "Plan Rows": 3, "Plan Width": 8, "Actual Startup Time": 3608.892, "Actual Total Time": 3608.892, "Actual Rows": 515106, "Actual Loops": 561612, "Index Cond": "(l_orderkey = orders.o_orderkey)", "Rows Removed by Index Recheck": 0, "Filter": "(l_commitdate < l_receiptdate)", "Rows Removed by Filter": 299676}]}]}]}, "Triggers": [], "Planner Runtime": 0, "Total Runtime": 5423.336, "Unique SQL Id": 3745551476}}, "(16, 2)": {"explain_plan": {"Plan": {"Node Type": "Sort", "Startup Cost": 223060.11, "Total Cost": 223060.12, "Plan Rows": 1, "Plan Width": 24, "Sort Key": ["orders.o_orderpriority"], "Plans": [{"Node Type": "Streaming(type: LOCAL GATHER dop: 1/16)", "Parent Relationship": "Outer", "Startup Cost": 223060.1, "Total Cost": 223060.1, "Plan Rows": 1, "Plan Width": 24, "Plans": [{"Node Type": "Aggregate", "Strategy": "Hashed", "Parent Relationship": "Outer", "Startup Cost": 223060.1, "Total Cost": 223060.1, "Plan Rows": 1, "Plan Width": 24, "Group By Key": ["orders.o_orderpriority"], "Plans": [{"Node Type": "Streaming(type: LOCAL REDISTRIBUTE dop: 16/16)", "Parent Relationship": "Outer", "Startup Cost": 223060.07, "Total Cost": 223060.1, "Plan Rows": 1, "Plan Width": 24, "Plans": [{"Node Type": "Aggregate", "Strategy": "Hashed", "Parent Relationship": "Outer", "Startup Cost": 223060.07, "Total Cost": 223060.07, "Plan Rows": 1, "Plan Width": 24, "Group By Key": ["orders.o_orderpriority"], "Plans": [{"Node Type": "Hash Join", "Parent Relationship": "Outer", "Join Type": "Inner", "Startup Cost": 199987.41, "Total Cost": 222882.13, "Plan Rows": 569410, "Plan Width": 16, "Inner Unique": true, "Hash Cond": "(lineitem.l_orderkey = orders.o_orderkey), (LLVM Optimized)", "Plans": [{"Node Type": "Aggregate", "Strategy": "Hashed", "Parent Relationship": "Outer", "Startup Cost": 178507.06, "Total Cost": 179883.48, "Plan Rows": 2202268, "Plan Width": 8, "Group By Key": ["lineitem.l_orderkey"], "Plans": [{"Node Type": "Streaming(type: LOCAL REDISTRIBUTE dop: 16/16)", "Parent Relationship": "Outer", "Startup Cost": 153442.01, "Total Cost": 178162.96, "Plan Rows": 2202268, "Plan Width": 8, "Plans": [{"Node Type": "Aggregate", "Strategy": "Hashed", "Parent Relationship": "Outer", "Startup Cost": 153442.01, "Total Cost": 154818.42, "Plan Rows": 2202268, "Plan Width": 8, "Group By Key": ["lineitem.l_orderkey"], "Plans": [{"Node Type": "Seq Scan", "Parent Relationship": "Outer", "Relation Name": "lineitem", "Alias": "lineitem", "Startup Cost": 0.0, "Total Cost": 150317.68, "Plan Rows": 19995678, "Plan Width": 8, "Filter": "(l_commitdate < l_receiptdate), (LLVM Optimized)"}]}]}]}, {"Node Type": "Hash", "Parent Relationship": "Inner", "Startup Cost": 63495.73, "Total Cost": 63495.73, "Plan Rows": 569410, "Plan Width": 24, "Plans": [{"Node Type": "Streaming(type: LOCAL REDISTRIBUTE dop: 16/16)", "Parent Relationship": "Outer", "Startup Cost": 37.76, "Total Cost": 63495.73, "Plan Rows": 569410, "Plan Width": 24, "Plans": [{"Node Type": "Seq Scan", "Parent Relationship": "Outer", "Relation Name": "orders", "Alias": "orders", "Startup Cost": 37.76, "Total Cost": 46338.2, "Plan Rows": 569410, "Plan Width": 24, "Filter": "((o_orderdate >= '1995-01-01 00:00:00'::timestamp(0) without time zone) AND (o_orderdate < '1995-04-01 00:00:00'::timestamp without time zone)), (LLVM Optimized)"}]}]}]}]}]}]}]}]}, "Unique SQL Id": 3745551476, "Planner Runtime": 1}, "explain_analyze_plan": {"Plan": {"Node Type": "Sort", "Startup Cost": 223060.11, "Total Cost": 223060.12, "Plan Rows": 1, "Plan Width": 24, "Actual Min Startup Time": 5326.268, "Actual Max Startup Time": 5326.268, "Actual Min Total Time": 5326.269, "Actual Max Total Time": 5326.269, "Sort Key": ["orders.o_orderpriority"], "Sort Method": "quicksort", "Sort Space Min Used": 25, "Sort Space Max Used": 25, "Sort Space Type": "Memory", "Plans": [{"Node Type": "Streaming(type: LOCAL GATHER dop: 1/16)", "Parent Relationship": "Outer", "Startup Cost": 223060.1, "Total Cost": 223060.1, "Plan Rows": 1, "Plan Width": 24, "Actual Min Startup Time": 5325.981, "Actual Max Startup Time": 5325.981, "Actual Min Total Time": 5326.201, "Actual Max Total Time": 5326.201, "Plans": [{"Node Type": "Aggregate", "Strategy": "Hashed", "Parent Relationship": "Outer", "Startup Cost": 223060.1, "Total Cost": 223060.1, "Plan Rows": 1, "Plan Width": 24, "Actual Min Startup Time": 5241.572, "Actual Max Startup Time": 5273.993, "Actual Min Total Time": 5241.572, "Actual Max Total Time": 5273.993, "Group By Key": ["orders.o_orderpriority"], "Plans": [{"Node Type": "Streaming(type: LOCAL REDISTRIBUTE dop: 16/16)", "Parent Relationship": "Outer", "Startup Cost": 223060.07, "Total Cost": 223060.1, "Plan Rows": 1, "Plan Width": 24, "Actual Min Startup Time": 5184.678, "Actual Max Startup Time": 5273.984, "Actual Min Total Time": 5241.566, "Actual Max Total Time": 5273.984, "Plans": [{"Node Type": "Aggregate", "Strategy": "Hashed", "Parent Relationship": "Outer", "Startup Cost": 223060.07, "Total Cost": 223060.07, "Plan Rows": 1, "Plan Width": 24, "Actual Min Startup Time": 5118.77, "Actual Max Startup Time": 5250.137, "Actual Min Total Time": 5118.772, "Actual Max Total Time": 5250.14, "Group By Key": ["orders.o_orderpriority"], "Plans": [{"Node Type": "Hash Join", "Parent Relationship": "Outer", "Join Type": "Inner", "Startup Cost": 199987.41, "Total Cost": 222882.13, "Plan Rows": 569410, "Plan Width": 16, "Actual Min Startup Time": 4788.695, "Actual Max Startup Time": 4877.328, "Actual Min Total Time": 5105.267, "Actual Max Total Time": 5237.07, "Inner Unique": true, "Hash Cond": "(lineitem.l_orderkey = orders.o_orderkey), (LLVM Optimized, Jit Execute)", "Plans": [{"Node Type": "Aggregate", "Strategy": "Hashed", "Parent Relationship": "Outer", "Startup Cost": 178507.06, "Total Cost": 179883.48, "Plan Rows": 2202268, "Plan Width": 8, "Actual Min Startup Time": 4318.042, "Actual Max Startup Time": 4318.214, "Actual Min Total Time": 4470.778, "Actual Max Total Time": 4515.862, "Group By Key": ["lineitem.l_orderkey"], "Plans": [{"Node Type": "Streaming(type: LOCAL REDISTRIBUTE dop: 16/16)", "Parent Relationship": "Outer", "Startup Cost": 153442.01, "Total Cost": 178162.96, "Plan Rows": 2202268, "Plan Width": 8, "Actual Min Startup Time": 2156.969, "Actual Max Startup Time": 2158.381, "Actual Min Total Time": 3852.509, "Actual Max Total Time": 3925.326, "Plans": [{"Node Type": "Aggregate", "Strategy": "Hashed", "Parent Relationship": "Outer", "Startup Cost": 153442.01, "Total Cost": 154818.42, "Plan Rows": 2202268, "Plan Width": 8, "Actual Min Startup Time": 2704.393, "Actual Max Startup Time": 3047.185, "Actual Min Total Time": 2999.133, "Actual Max Total Time": 3445.708, "Group By Key": ["lineitem.l_orderkey"], "Plans": [{"Node Type": "Seq Scan", "Parent Relationship": "Outer", "Relation Name": "lineitem", "Alias": "lineitem", "Startup Cost": 0.0, "Total Cost": 150317.68, "Plan Rows": 19995678, "Plan Width": 8, "Actual Min Startup Time": 0.02, "Actual Max Startup Time": 0.044, "Actual Min Total Time": 1763.072, "Actual Max Total Time": 1876.643, "Filter": "(l_commitdate < l_receiptdate), (LLVM Optimized, Jit Execute)", "Rows Removed by Filter": 22056704, "Actual Rows": 37929348}], "Actual Rows": 13761080}], "Actual Rows": 13761080}], "Actual Rows": 13753474}, {"Node Type": "Hash", "Parent Relationship": "Inner", "Startup Cost": 63495.73, "Total Cost": 63495.73, "Plan Rows": 569410, "Plan Width": 24, "Actual Min Startup Time": 470.505, "Actual Max Startup Time": 559.062, "Actual Min Total Time": 470.505, "Actual Max Total Time": 559.062, "Max Hash Buckets": 65536, "Min Hash Buckets": 65536, "Max Hash Batches": 1, "Min Hash Batches": 1, "Max Original Hash Batches": 1, "Min Original Hash Batches": 1, "Max Peak Memory Usage": 1899, "min Peak Memory Usage": 1899, "Plans": [{"Node Type": "Streaming(type: LOCAL REDISTRIBUTE dop: 16/16)", "Parent Relationship": "Outer", "Startup Cost": 37.76, "Total Cost": 63495.73, "Plan Rows": 569410, "Plan Width": 24, "Actual Min Startup Time": 0.045, "Actual Max Startup Time": 87.172, "Actual Min Total Time": 459.295, "Actual Max Total Time": 546.654, "Plans": [{"Node Type": "Seq Scan", "Parent Relationship": "Outer", "Relation Name": "orders", "Alias": "orders", "Startup Cost": 37.76, "Total Cost": 46338.2, "Plan Rows": 569410, "Plan Width": 24, "Actual Min Startup Time": 0.032, "Actual Max Startup Time": 0.061, "Actual Min Total Time": 394.261, "Actual Max Total Time": 423.116, "Filter": "((o_orderdate >= '1995-01-01 00:00:00'::timestamp(0) without time zone) AND (o_orderdate < '1995-04-01 00:00:00'::timestamp without time zone)), (LLVM Optimized, Jit Execute)", "Rows Removed by Filter": 14438388, "Actual Rows": 561612}], "Actual Rows": 561612}], "Actual Rows": 561612}], "Actual Rows": 515106}], "Actual Rows": 80}], "Actual Rows": 80}], "Actual Rows": 5}], "Actual Rows": 5}], "Actual Rows": 5}, "Triggers": [], "Planner Runtime": 0, "Total Runtime": 5347.731, "Unique SQL Id": 3745551476}}, "(16, 3)": {"explain_plan": {"Plan": {"Node Type": "Sort", "Startup Cost": 2781642.36, "Total Cost": 2781642.36, "Plan Rows": 1, "Plan Width": 24, "Sort Key": ["orders.o_orderpriority"], "Plans": [{"Node Type": "Aggregate", "Strategy": "Hashed", "Parent Relationship": "Outer", "Startup Cost": 2781642.34, "Total Cost": 2781642.35, "Plan Rows": 1, "Plan Width": 24, "Group By Key": ["orders.o_orderpriority"], "Plans": [{"Node Type": "Nested Loop", "Parent Relationship": "Outer", "Join Type": "Semi", "Startup Cost": 14566.65, "Total Cost": 2778795.29, "Plan Rows": 569410, "Plan Width": 16, "Inner Unique": false, "Plans": [{"Node Type": "Bitmap Heap Scan", "Parent Relationship": "Outer", "Relation Name": "orders", "Alias": "orders", "Startup Cost": 14564.7, "Total Cost": 299524.85, "Plan Rows": 569410, "Plan Width": 24, "Recheck Cond": "((o_orderdate >= '1995-01-01 00:00:00'::timestamp(0) without time zone) AND (o_orderdate < '1995-04-01 00:00:00'::timestamp without time zone)), (LLVM Optimized)", "Plans": [{"Node Type": "Bitmap Index Scan", "Parent Relationship": "Outer", "Index Name": "idx_orders_orderdate", "Startup Cost": 0.0, "Total Cost": 14422.35, "Plan Rows": 569410, "Plan Width": 0, "Index Cond": "((o_orderdate >= '1995-01-01 00:00:00'::timestamp(0) without time zone) AND (o_orderdate < '1995-04-01 00:00:00'::timestamp without time zone))"}]}, {"Node Type": "Bitmap Heap Scan", "Parent Relationship": "Inner", "Relation Name": "lineitem", "Alias": "lineitem", "Startup Cost": 1.94, "Total Cost": 14.06, "Plan Rows": 3, "Plan Width": 8, "Recheck Cond": "(l_orderkey = orders.o_orderkey)", "Filter": "(l_commitdate < l_receiptdate)", "Plans": [{"Node Type": "Bitmap Index Scan", "Parent Relationship": "Outer", "Index Name": "idx_lineitem_orderkey", "Startup Cost": 0.0, "Total Cost": 1.94, "Plan Rows": 9, "Plan Width": 0, "Index Cond": "(l_orderkey = orders.o_orderkey)"}]}]}]}]}, "Unique SQL Id": 3745551476, "Planner Runtime": 0}, "explain_analyze_plan": {"Plan": {"Node Type": "Sort", "Startup Cost": 2781642.36, "Total Cost": 2781642.36, "Plan Rows": 1, "Plan Width": 24, "Actual Startup Time": 6919.311, "Actual Total Time": 6919.311, "Actual Rows": 5, "Actual Loops": 1, "Sort Key": ["orders.o_orderpriority"], "Sort Method": "quicksort", "Sort Space Used": 25, "Sort Space Type": "Memory", "Plans": [{"Node Type": "Aggregate", "Strategy": "Hashed", "Parent Relationship": "Outer", "Startup Cost": 2781642.34, "Total Cost": 2781642.35, "Plan Rows": 1, "Plan Width": 24, "Actual Startup Time": 6919.164, "Actual Total Time": 6919.179, "Actual Rows": 5, "Actual Loops": 1, "Group By Key": ["orders.o_orderpriority"], "Plans": [{"Node Type": "Nested Loop", "Parent Relationship": "Outer", "Join Type": "Semi", "Startup Cost": 14566.65, "Total Cost": 2778795.29, "Plan Rows": 569410, "Plan Width": 16, "Actual Startup Time": 240.267, "Actual Total Time": 6616.613, "Actual Rows": 515106, "Actual Loops": 1, "Inner Unique": false, "Plans": [{"Node Type": "Bitmap Heap Scan", "Parent Relationship": "Outer", "Relation Name": "orders", "Alias": "orders", "Startup Cost": 14564.7, "Total Cost": 299524.85, "Plan Rows": 569410, "Plan Width": 24, "Actual Startup Time": 240.164, "Actual Total Time": 1053.131, "Actual Rows": 561612, "Actual Loops": 1, "Recheck Cond": "((o_orderdate >= '1995-01-01 00:00:00'::timestamp(0) without time zone) AND (o_orderdate < '1995-04-01 00:00:00'::timestamp without time zone)), (LLVM Optimized, Jit Execute)", "Rows Removed by Index Recheck": 0, "Exact Heap Blocks": 241676, "Lossy Heap Blocks": 241676, "Plans": [{"Node Type": "Bitmap Index Scan", "Parent Relationship": "Outer", "Index Name": "idx_orders_orderdate", "Startup Cost": 0.0, "Total Cost": 14422.35, "Plan Rows": 569410, "Plan Width": 0, "Actual Startup Time": 164.521, "Actual Total Time": 164.521, "Actual Rows": 561612, "Actual Loops": 1, "Index Cond": "((o_orderdate >= '1995-01-01 00:00:00'::timestamp(0) without time zone) AND (o_orderdate < '1995-04-01 00:00:00'::timestamp without time zone))"}]}, {"Node Type": "Bitmap Heap Scan", "Parent Relationship": "Inner", "Relation Name": "lineitem", "Alias": "lineitem", "Startup Cost": 1.94, "Total Cost": 14.06, "Plan Rows": 3, "Plan Width": 8, "Actual Startup Time": 4815.896, "Actual Total Time": 4815.896, "Actual Rows": 515106, "Actual Loops": 561612, "Recheck Cond": "(l_orderkey = orders.o_orderkey)", "Rows Removed by Index Recheck": 0, "Filter": "(l_commitdate < l_receiptdate)", "Rows Removed by Filter": 299676, "Exact Heap Blocks": 567798, "Lossy Heap Blocks": 567798, "Plans": [{"Node Type": "Bitmap Index Scan", "Parent Relationship": "Outer", "Index Name": "idx_lineitem_orderkey", "Startup Cost": 0.0, "Total Cost": 1.94, "Plan Rows": 9, "Plan Width": 0, "Actual Startup Time": 2461.174, "Actual Total Time": 2461.174, "Actual Rows": 2246588, "Actual Loops": 561612, "Index Cond": "(l_orderkey = orders.o_orderkey)"}]}]}]}]}, "Triggers": [], "Planner Runtime": 0, "Total Runtime": 6932.479, "Unique SQL Id": 3745551476}}, "(16, 4)": {"explain_plan": {"Plan": {"Node Type": "Sort", "Startup Cost": 223060.11, "Total Cost": 223060.12, "Plan Rows": 1, "Plan Width": 24, "Sort Key": ["orders.o_orderpriority"], "Plans": [{"Node Type": "Streaming(type: LOCAL GATHER dop: 1/16)", "Parent Relationship": "Outer", "Startup Cost": 223060.1, "Total Cost": 223060.1, "Plan Rows": 1, "Plan Width": 24, "Plans": [{"Node Type": "Aggregate", "Strategy": "Hashed", "Parent Relationship": "Outer", "Startup Cost": 223060.1, "Total Cost": 223060.1, "Plan Rows": 1, "Plan Width": 24, "Group By Key": ["orders.o_orderpriority"], "Plans": [{"Node Type": "Streaming(type: LOCAL REDISTRIBUTE dop: 16/16)", "Parent Relationship": "Outer", "Startup Cost": 223060.07, "Total Cost": 223060.1, "Plan Rows": 1, "Plan Width": 24, "Plans": [{"Node Type": "Aggregate", "Strategy": "Hashed", "Parent Relationship": "Outer", "Startup Cost": 223060.07, "Total Cost": 223060.07, "Plan Rows": 1, "Plan Width": 24, "Group By Key": ["orders.o_orderpriority"], "Plans": [{"Node Type": "Hash Join", "Parent Relationship": "Outer", "Join Type": "Inner", "Startup Cost": 199987.41, "Total Cost": 222882.13, "Plan Rows": 569410, "Plan Width": 16, "Inner Unique": true, "Hash Cond": "(lineitem.l_orderkey = orders.o_orderkey), (LLVM Optimized)", "Plans": [{"Node Type": "Aggregate", "Strategy": "Hashed", "Parent Relationship": "Outer", "Startup Cost": 178507.06, "Total Cost": 179883.48, "Plan Rows": 2202268, "Plan Width": 8, "Group By Key": ["lineitem.l_orderkey"], "Plans": [{"Node Type": "Streaming(type: LOCAL REDISTRIBUTE dop: 16/16)", "Parent Relationship": "Outer", "Startup Cost": 153442.01, "Total Cost": 178162.96, "Plan Rows": 2202268, "Plan Width": 8, "Plans": [{"Node Type": "Aggregate", "Strategy": "Hashed", "Parent Relationship": "Outer", "Startup Cost": 153442.01, "Total Cost": 154818.42, "Plan Rows": 2202268, "Plan Width": 8, "Group By Key": ["lineitem.l_orderkey"], "Plans": [{"Node Type": "Seq Scan", "Parent Relationship": "Outer", "Relation Name": "lineitem", "Alias": "lineitem", "Startup Cost": 0.0, "Total Cost": 150317.68, "Plan Rows": 19995678, "Plan Width": 8, "Filter": "(l_commitdate < l_receiptdate), (LLVM Optimized)"}]}]}]}, {"Node Type": "Hash", "Parent Relationship": "Inner", "Startup Cost": 63495.73, "Total Cost": 63495.73, "Plan Rows": 569410, "Plan Width": 24, "Plans": [{"Node Type": "Streaming(type: LOCAL REDISTRIBUTE dop: 16/16)", "Parent Relationship": "Outer", "Startup Cost": 37.76, "Total Cost": 63495.73, "Plan Rows": 569410, "Plan Width": 24, "Plans": [{"Node Type": "Seq Scan", "Parent Relationship": "Outer", "Relation Name": "orders", "Alias": "orders", "Startup Cost": 37.76, "Total Cost": 46338.2, "Plan Rows": 569410, "Plan Width": 24, "Filter": "((o_orderdate >= '1995-01-01 00:00:00'::timestamp(0) without time zone) AND (o_orderdate < '1995-04-01 00:00:00'::timestamp without time zone)), (LLVM Optimized)"}]}]}]}]}]}]}]}]}, "Unique SQL Id": 3745551476, "Planner Runtime": 1}, "explain_analyze_plan": {"Plan": {"Node Type": "Sort", "Startup Cost": 223060.11, "Total Cost": 223060.12, "Plan Rows": 1, "Plan Width": 24, "Actual Min Startup Time": 5326.268, "Actual Max Startup Time": 5326.268, "Actual Min Total Time": 5326.269, "Actual Max Total Time": 5326.269, "Sort Key": ["orders.o_orderpriority"], "Sort Method": "quicksort", "Sort Space Min Used": 25, "Sort Space Max Used": 25, "Sort Space Type": "Memory", "Plans": [{"Node Type": "Streaming(type: LOCAL GATHER dop: 1/16)", "Parent Relationship": "Outer", "Startup Cost": 223060.1, "Total Cost": 223060.1, "Plan Rows": 1, "Plan Width": 24, "Actual Min Startup Time": 5325.981, "Actual Max Startup Time": 5325.981, "Actual Min Total Time": 5326.201, "Actual Max Total Time": 5326.201, "Plans": [{"Node Type": "Aggregate", "Strategy": "Hashed", "Parent Relationship": "Outer", "Startup Cost": 223060.1, "Total Cost": 223060.1, "Plan Rows": 1, "Plan Width": 24, "Actual Min Startup Time": 5241.572, "Actual Max Startup Time": 5273.993, "Actual Min Total Time": 5241.572, "Actual Max Total Time": 5273.993, "Group By Key": ["orders.o_orderpriority"], "Plans": [{"Node Type": "Streaming(type: LOCAL REDISTRIBUTE dop: 16/16)", "Parent Relationship": "Outer", "Startup Cost": 223060.07, "Total Cost": 223060.1, "Plan Rows": 1, "Plan Width": 24, "Actual Min Startup Time": 5184.678, "Actual Max Startup Time": 5273.984, "Actual Min Total Time": 5241.566, "Actual Max Total Time": 5273.984, "Plans": [{"Node Type": "Aggregate", "Strategy": "Hashed", "Parent Relationship": "Outer", "Startup Cost": 223060.07, "Total Cost": 223060.07, "Plan Rows": 1, "Plan Width": 24, "Actual Min Startup Time": 5118.77, "Actual Max Startup Time": 5250.137, "Actual Min Total Time": 5118.772, "Actual Max Total Time": 5250.14, "Group By Key": ["orders.o_orderpriority"], "Plans": [{"Node Type": "Hash Join", "Parent Relationship": "Outer", "Join Type": "Inner", "Startup Cost": 199987.41, "Total Cost": 222882.13, "Plan Rows": 569410, "Plan Width": 16, "Actual Min Startup Time": 4788.695, "Actual Max Startup Time": 4877.328, "Actual Min Total Time": 5105.267, "Actual Max Total Time": 5237.07, "Inner Unique": true, "Hash Cond": "(lineitem.l_orderkey = orders.o_orderkey), (LLVM Optimized, Jit Execute)", "Plans": [{"Node Type": "Aggregate", "Strategy": "Hashed", "Parent Relationship": "Outer", "Startup Cost": 178507.06, "Total Cost": 179883.48, "Plan Rows": 2202268, "Plan Width": 8, "Actual Min Startup Time": 4318.042, "Actual Max Startup Time": 4318.214, "Actual Min Total Time": 4470.778, "Actual Max Total Time": 4515.862, "Group By Key": ["lineitem.l_orderkey"], "Plans": [{"Node Type": "Streaming(type: LOCAL REDISTRIBUTE dop: 16/16)", "Parent Relationship": "Outer", "Startup Cost": 153442.01, "Total Cost": 178162.96, "Plan Rows": 2202268, "Plan Width": 8, "Actual Min Startup Time": 2156.969, "Actual Max Startup Time": 2158.381, "Actual Min Total Time": 3852.509, "Actual Max Total Time": 3925.326, "Plans": [{"Node Type": "Aggregate", "Strategy": "Hashed", "Parent Relationship": "Outer", "Startup Cost": 153442.01, "Total Cost": 154818.42, "Plan Rows": 2202268, "Plan Width": 8, "Actual Min Startup Time": 2704.393, "Actual Max Startup Time": 3047.185, "Actual Min Total Time": 2999.133, "Actual Max Total Time": 3445.708, "Group By Key": ["lineitem.l_orderkey"], "Plans": [{"Node Type": "Seq Scan", "Parent Relationship": "Outer", "Relation Name": "lineitem", "Alias": "lineitem", "Startup Cost": 0.0, "Total Cost": 150317.68, "Plan Rows": 19995678, "Plan Width": 8, "Actual Min Startup Time": 0.02, "Actual Max Startup Time": 0.044, "Actual Min Total Time": 1763.072, "Actual Max Total Time": 1876.643, "Filter": "(l_commitdate < l_receiptdate), (LLVM Optimized, Jit Execute)", "Rows Removed by Filter": 22056704, "Actual Rows": 37929348}], "Actual Rows": 13761080}], "Actual Rows": 13761080}], "Actual Rows": 13753474}, {"Node Type": "Hash", "Parent Relationship": "Inner", "Startup Cost": 63495.73, "Total Cost": 63495.73, "Plan Rows": 569410, "Plan Width": 24, "Actual Min Startup Time": 470.505, "Actual Max Startup Time": 559.062, "Actual Min Total Time": 470.505, "Actual Max Total Time": 559.062, "Max Hash Buckets": 65536, "Min Hash Buckets": 65536, "Max Hash Batches": 1, "Min Hash Batches": 1, "Max Original Hash Batches": 1, "Min Original Hash Batches": 1, "Max Peak Memory Usage": 1899, "min Peak Memory Usage": 1899, "Plans": [{"Node Type": "Streaming(type: LOCAL REDISTRIBUTE dop: 16/16)", "Parent Relationship": "Outer", "Startup Cost": 37.76, "Total Cost": 63495.73, "Plan Rows": 569410, "Plan Width": 24, "Actual Min Startup Time": 0.045, "Actual Max Startup Time": 87.172, "Actual Min Total Time": 459.295, "Actual Max Total Time": 546.654, "Plans": [{"Node Type": "Seq Scan", "Parent Relationship": "Outer", "Relation Name": "orders", "Alias": "orders", "Startup Cost": 37.76, "Total Cost": 46338.2, "Plan Rows": 569410, "Plan Width": 24, "Actual Min Startup Time": 0.032, "Actual Max Startup Time": 0.061, "Actual Min Total Time": 394.261, "Actual Max Total Time": 423.116, "Filter": "((o_orderdate >= '1995-01-01 00:00:00'::timestamp(0) without time zone) AND (o_orderdate < '1995-04-01 00:00:00'::timestamp without time zone)), (LLVM Optimized, Jit Execute)", "Rows Removed by Filter": 14438388, "Actual Rows": 561612}], "Actual Rows": 561612}], "Actual Rows": 561612}], "Actual Rows": 515106}], "Actual Rows": 80}], "Actual Rows": 80}], "Actual Rows": 5}], "Actual Rows": 5}], "Actual Rows": 5}, "Triggers": [], "Planner Runtime": 0, "Total Runtime": 5347.731, "Unique SQL Id": 3745551476}}, "(16, 5)": {"explain_plan": {"Plan": {"Node Type": "Sort", "Startup Cost": 916688.59, "Total Cost": 916688.6, "Plan Rows": 1, "Plan Width": 24, "Sort Key": ["orders.o_orderpriority"], "Plans": [{"Node Type": "Aggregate", "Strategy": "Hashed", "Parent Relationship": "Outer", "Startup Cost": 916688.57, "Total Cost": 916688.58, "Plan Rows": 1, "Plan Width": 24, "Group By Key": ["orders.o_orderpriority"], "Plans": [{"Node Type": "Nested Loop", "Parent Relationship": "Outer", "Join Type": "Semi", "Startup Cost": 14564.7, "Total Cost": 913841.52, "Plan Rows": 569410, "Plan Width": 16, "Inner Unique": false, "Plans": [{"Node Type": "Bitmap Heap Scan", "Parent Relationship": "Outer", "Relation Name": "orders", "Alias": "orders", "Startup Cost": 14564.7, "Total Cost": 299524.85, "Plan Rows": 569410, "Plan Width": 24, "Recheck Cond": "((o_orderdate >= '1995-01-01 00:00:00'::timestamp(0) without time zone) AND (o_orderdate < '1995-04-01 00:00:00'::timestamp without time zone)), (LLVM Optimized)", "Plans": [{"Node Type": "Bitmap Index Scan", "Parent Relationship": "Outer", "Index Name": "idx_orders_orderdate", "Startup Cost": 0.0, "Total Cost": 14422.35, "Plan Rows": 569410, "Plan Width": 0, "Index Cond": "((o_orderdate >= '1995-01-01 00:00:00'::timestamp(0) without time zone) AND (o_orderdate < '1995-04-01 00:00:00'::timestamp without time zone))"}]}, {"Node Type": "Index Scan", "Parent Relationship": "Inner", "Scan Direction": "Forward", "Index Name": "idx_lineitem_orderkey", "Relation Name": "lineitem", "Alias": "lineitem", "Startup Cost": 0.0, "Total Cost": 5.41, "Plan Rows": 3, "Plan Width": 8, "Index Cond": "(l_orderkey = orders.o_orderkey)", "Filter": "(l_commitdate < l_receiptdate)"}]}]}]}, "Unique SQL Id": 3745551476, "Planner Runtime": 0}, "explain_analyze_plan": {"Plan": {"Node Type": "Sort", "Startup Cost": 916688.59, "Total Cost": 916688.6, "Plan Rows": 1, "Plan Width": 24, "Actual Startup Time": 5413.801, "Actual Total Time": 5413.802, "Actual Rows": 5, "Actual Loops": 1, "Sort Key": ["orders.o_orderpriority"], "Sort Method": "quicksort", "Sort Space Used": 25, "Sort Space Type": "Memory", "Plans": [{"Node Type": "Aggregate", "Strategy": "Hashed", "Parent Relationship": "Outer", "Startup Cost": 916688.57, "Total Cost": 916688.58, "Plan Rows": 1, "Plan Width": 24, "Actual Startup Time": 5413.754, "Actual Total Time": 5413.756, "Actual Rows": 5, "Actual Loops": 1, "Group By Key": ["orders.o_orderpriority"], "Plans": [{"Node Type": "Nested Loop", "Parent Relationship": "Outer", "Join Type": "Semi", "Startup Cost": 14564.7, "Total Cost": 913841.52, "Plan Rows": 569410, "Plan Width": 16, "Actual Startup Time": 248.12, "Actual Total Time": 5129.668, "Actual Rows": 515106, "Actual Loops": 1, "Inner Unique": false, "Plans": [{"Node Type": "Bitmap Heap Scan", "Parent Relationship": "Outer", "Relation Name": "orders", "Alias": "orders", "Startup Cost": 14564.7, "Total Cost": 299524.85, "Plan Rows": 569410, "Plan Width": 24, "Actual Startup Time": 248.035, "Actual Total Time": 1102.757, "Actual Rows": 561612, "Actual Loops": 1, "Recheck Cond": "((o_orderdate >= '1995-01-01 00:00:00'::timestamp(0) without time zone) AND (o_orderdate < '1995-04-01 00:00:00'::timestamp without time zone)), (LLVM Optimized, Jit Execute)", "Rows Removed by Index Recheck": 0, "Exact Heap Blocks": 241676, "Lossy Heap Blocks": 241676, "Plans": [{"Node Type": "Bitmap Index Scan", "Parent Relationship": "Outer", "Index Name": "idx_orders_orderdate", "Startup Cost": 0.0, "Total Cost": 14422.35, "Plan Rows": 569410, "Plan Width": 0, "Actual Startup Time": 173.006, "Actual Total Time": 173.006, "Actual Rows": 561612, "Actual Loops": 1, "Index Cond": "((o_orderdate >= '1995-01-01 00:00:00'::timestamp(0) without time zone) AND (o_orderdate < '1995-04-01 00:00:00'::timestamp without time zone))"}]}, {"Node Type": "Index Scan", "Parent Relationship": "Inner", "Scan Direction": "Forward", "Index Name": "idx_lineitem_orderkey", "Relation Name": "lineitem", "Alias": "lineitem", "Startup Cost": 0.0, "Total Cost": 5.41, "Plan Rows": 3, "Plan Width": 8, "Actual Startup Time": 3608.892, "Actual Total Time": 3608.892, "Actual Rows": 515106, "Actual Loops": 561612, "Index Cond": "(l_orderkey = orders.o_orderkey)", "Rows Removed by Index Recheck": 0, "Filter": "(l_commitdate < l_receiptdate)", "Rows Removed by Filter": 299676}]}]}]}, "Triggers": [], "Planner Runtime": 0, "Total Runtime": 5423.336, "Unique SQL Id": 3745551476}}, "(16, 6)": {"explain_plan": {"Plan": {"Node Type": "Sort", "Startup Cost": 223060.11, "Total Cost": 223060.12, "Plan Rows": 1, "Plan Width": 24, "Sort Key": ["orders.o_orderpriority"], "Plans": [{"Node Type": "Streaming(type: LOCAL GATHER dop: 1/16)", "Parent Relationship": "Outer", "Startup Cost": 223060.1, "Total Cost": 223060.1, "Plan Rows": 1, "Plan Width": 24, "Plans": [{"Node Type": "Aggregate", "Strategy": "Hashed", "Parent Relationship": "Outer", "Startup Cost": 223060.1, "Total Cost": 223060.1, "Plan Rows": 1, "Plan Width": 24, "Group By Key": ["orders.o_orderpriority"], "Plans": [{"Node Type": "Streaming(type: LOCAL REDISTRIBUTE dop: 16/16)", "Parent Relationship": "Outer", "Startup Cost": 223060.07, "Total Cost": 223060.1, "Plan Rows": 1, "Plan Width": 24, "Plans": [{"Node Type": "Aggregate", "Strategy": "Hashed", "Parent Relationship": "Outer", "Startup Cost": 223060.07, "Total Cost": 223060.07, "Plan Rows": 1, "Plan Width": 24, "Group By Key": ["orders.o_orderpriority"], "Plans": [{"Node Type": "Hash Join", "Parent Relationship": "Outer", "Join Type": "Inner", "Startup Cost": 199987.41, "Total Cost": 222882.13, "Plan Rows": 569410, "Plan Width": 16, "Inner Unique": true, "Hash Cond": "(lineitem.l_orderkey = orders.o_orderkey), (LLVM Optimized)", "Plans": [{"Node Type": "Aggregate", "Strategy": "Hashed", "Parent Relationship": "Outer", "Startup Cost": 178507.06, "Total Cost": 179883.48, "Plan Rows": 2202268, "Plan Width": 8, "Group By Key": ["lineitem.l_orderkey"], "Plans": [{"Node Type": "Streaming(type: LOCAL REDISTRIBUTE dop: 16/16)", "Parent Relationship": "Outer", "Startup Cost": 153442.01, "Total Cost": 178162.96, "Plan Rows": 2202268, "Plan Width": 8, "Plans": [{"Node Type": "Aggregate", "Strategy": "Hashed", "Parent Relationship": "Outer", "Startup Cost": 153442.01, "Total Cost": 154818.42, "Plan Rows": 2202268, "Plan Width": 8, "Group By Key": ["lineitem.l_orderkey"], "Plans": [{"Node Type": "Seq Scan", "Parent Relationship": "Outer", "Relation Name": "lineitem", "Alias": "lineitem", "Startup Cost": 0.0, "Total Cost": 150317.68, "Plan Rows": 19995678, "Plan Width": 8, "Filter": "(l_commitdate < l_receiptdate), (LLVM Optimized)"}]}]}]}, {"Node Type": "Hash", "Parent Relationship": "Inner", "Startup Cost": 63495.73, "Total Cost": 63495.73, "Plan Rows": 569410, "Plan Width": 24, "Plans": [{"Node Type": "Streaming(type: LOCAL REDISTRIBUTE dop: 16/16)", "Parent Relationship": "Outer", "Startup Cost": 37.76, "Total Cost": 63495.73, "Plan Rows": 569410, "Plan Width": 24, "Plans": [{"Node Type": "Seq Scan", "Parent Relationship": "Outer", "Relation Name": "orders", "Alias": "orders", "Startup Cost": 37.76, "Total Cost": 46338.2, "Plan Rows": 569410, "Plan Width": 24, "Filter": "((o_orderdate >= '1995-01-01 00:00:00'::timestamp(0) without time zone) AND (o_orderdate < '1995-04-01 00:00:00'::timestamp without time zone)), (LLVM Optimized)"}]}]}]}]}]}]}]}]}, "Unique SQL Id": 3745551476, "Planner Runtime": 0}, "explain_analyze_plan": {"Plan": {"Node Type": "Sort", "Startup Cost": 223060.11, "Total Cost": 223060.12, "Plan Rows": 1, "Plan Width": 24, "Actual Min Startup Time": 5326.268, "Actual Max Startup Time": 5326.268, "Actual Min Total Time": 5326.269, "Actual Max Total Time": 5326.269, "Sort Key": ["orders.o_orderpriority"], "Sort Method": "quicksort", "Sort Space Min Used": 25, "Sort Space Max Used": 25, "Sort Space Type": "Memory", "Plans": [{"Node Type": "Streaming(type: LOCAL GATHER dop: 1/16)", "Parent Relationship": "Outer", "Startup Cost": 223060.1, "Total Cost": 223060.1, "Plan Rows": 1, "Plan Width": 24, "Actual Min Startup Time": 5325.981, "Actual Max Startup Time": 5325.981, "Actual Min Total Time": 5326.201, "Actual Max Total Time": 5326.201, "Plans": [{"Node Type": "Aggregate", "Strategy": "Hashed", "Parent Relationship": "Outer", "Startup Cost": 223060.1, "Total Cost": 223060.1, "Plan Rows": 1, "Plan Width": 24, "Actual Min Startup Time": 5241.572, "Actual Max Startup Time": 5273.993, "Actual Min Total Time": 5241.572, "Actual Max Total Time": 5273.993, "Group By Key": ["orders.o_orderpriority"], "Plans": [{"Node Type": "Streaming(type: LOCAL REDISTRIBUTE dop: 16/16)", "Parent Relationship": "Outer", "Startup Cost": 223060.07, "Total Cost": 223060.1, "Plan Rows": 1, "Plan Width": 24, "Actual Min Startup Time": 5184.678, "Actual Max Startup Time": 5273.984, "Actual Min Total Time": 5241.566, "Actual Max Total Time": 5273.984, "Plans": [{"Node Type": "Aggregate", "Strategy": "Hashed", "Parent Relationship": "Outer", "Startup Cost": 223060.07, "Total Cost": 223060.07, "Plan Rows": 1, "Plan Width": 24, "Actual Min Startup Time": 5118.77, "Actual Max Startup Time": 5250.137, "Actual Min Total Time": 5118.772, "Actual Max Total Time": 5250.14, "Group By Key": ["orders.o_orderpriority"], "Plans": [{"Node Type": "Hash Join", "Parent Relationship": "Outer", "Join Type": "Inner", "Startup Cost": 199987.41, "Total Cost": 222882.13, "Plan Rows": 569410, "Plan Width": 16, "Actual Min Startup Time": 4788.695, "Actual Max Startup Time": 4877.328, "Actual Min Total Time": 5105.267, "Actual Max Total Time": 5237.07, "Inner Unique": true, "Hash Cond": "(lineitem.l_orderkey = orders.o_orderkey), (LLVM Optimized, Jit Execute)", "Plans": [{"Node Type": "Aggregate", "Strategy": "Hashed", "Parent Relationship": "Outer", "Startup Cost": 178507.06, "Total Cost": 179883.48, "Plan Rows": 2202268, "Plan Width": 8, "Actual Min Startup Time": 4318.042, "Actual Max Startup Time": 4318.214, "Actual Min Total Time": 4470.778, "Actual Max Total Time": 4515.862, "Group By Key": ["lineitem.l_orderkey"], "Plans": [{"Node Type": "Streaming(type: LOCAL REDISTRIBUTE dop: 16/16)", "Parent Relationship": "Outer", "Startup Cost": 153442.01, "Total Cost": 178162.96, "Plan Rows": 2202268, "Plan Width": 8, "Actual Min Startup Time": 2156.969, "Actual Max Startup Time": 2158.381, "Actual Min Total Time": 3852.509, "Actual Max Total Time": 3925.326, "Plans": [{"Node Type": "Aggregate", "Strategy": "Hashed", "Parent Relationship": "Outer", "Startup Cost": 153442.01, "Total Cost": 154818.42, "Plan Rows": 2202268, "Plan Width": 8, "Actual Min Startup Time": 2704.393, "Actual Max Startup Time": 3047.185, "Actual Min Total Time": 2999.133, "Actual Max Total Time": 3445.708, "Group By Key": ["lineitem.l_orderkey"], "Plans": [{"Node Type": "Seq Scan", "Parent Relationship": "Outer", "Relation Name": "lineitem", "Alias": "lineitem", "Startup Cost": 0.0, "Total Cost": 150317.68, "Plan Rows": 19995678, "Plan Width": 8, "Actual Min Startup Time": 0.02, "Actual Max Startup Time": 0.044, "Actual Min Total Time": 1763.072, "Actual Max Total Time": 1876.643, "Filter": "(l_commitdate < l_receiptdate), (LLVM Optimized, Jit Execute)", "Rows Removed by Filter": 22056704, "Actual Rows": 37929348}], "Actual Rows": 13761080}], "Actual Rows": 13761080}], "Actual Rows": 13753474}, {"Node Type": "Hash", "Parent Relationship": "Inner", "Startup Cost": 63495.73, "Total Cost": 63495.73, "Plan Rows": 569410, "Plan Width": 24, "Actual Min Startup Time": 470.505, "Actual Max Startup Time": 559.062, "Actual Min Total Time": 470.505, "Actual Max Total Time": 559.062, "Max Hash Buckets": 65536, "Min Hash Buckets": 65536, "Max Hash Batches": 1, "Min Hash Batches": 1, "Max Original Hash Batches": 1, "Min Original Hash Batches": 1, "Max Peak Memory Usage": 1899, "min Peak Memory Usage": 1899, "Plans": [{"Node Type": "Streaming(type: LOCAL REDISTRIBUTE dop: 16/16)", "Parent Relationship": "Outer", "Startup Cost": 37.76, "Total Cost": 63495.73, "Plan Rows": 569410, "Plan Width": 24, "Actual Min Startup Time": 0.045, "Actual Max Startup Time": 87.172, "Actual Min Total Time": 459.295, "Actual Max Total Time": 546.654, "Plans": [{"Node Type": "Seq Scan", "Parent Relationship": "Outer", "Relation Name": "orders", "Alias": "orders", "Startup Cost": 37.76, "Total Cost": 46338.2, "Plan Rows": 569410, "Plan Width": 24, "Actual Min Startup Time": 0.032, "Actual Max Startup Time": 0.061, "Actual Min Total Time": 394.261, "Actual Max Total Time": 423.116, "Filter": "((o_orderdate >= '1995-01-01 00:00:00'::timestamp(0) without time zone) AND (o_orderdate < '1995-04-01 00:00:00'::timestamp without time zone)), (LLVM Optimized, Jit Execute)", "Rows Removed by Filter": 14438388, "Actual Rows": 561612}], "Actual Rows": 561612}], "Actual Rows": 561612}], "Actual Rows": 515106}], "Actual Rows": 80}], "Actual Rows": 80}], "Actual Rows": 5}], "Actual Rows": 5}], "Actual Rows": 5}, "Triggers": [], "Planner Runtime": 0, "Total Runtime": 5347.731, "Unique SQL Id": 3745551476}}, "(16, 7)": {"explain_plan": {"Plan": {"Node Type": "Sort", "Startup Cost": 2781642.36, "Total Cost": 2781642.36, "Plan Rows": 1, "Plan Width": 24, "Sort Key": ["orders.o_orderpriority"], "Plans": [{"Node Type": "Aggregate", "Strategy": "Hashed", "Parent Relationship": "Outer", "Startup Cost": 2781642.34, "Total Cost": 2781642.35, "Plan Rows": 1, "Plan Width": 24, "Group By Key": ["orders.o_orderpriority"], "Plans": [{"Node Type": "Nested Loop", "Parent Relationship": "Outer", "Join Type": "Semi", "Startup Cost": 14566.65, "Total Cost": 2778795.29, "Plan Rows": 569410, "Plan Width": 16, "Inner Unique": false, "Plans": [{"Node Type": "Bitmap Heap Scan", "Parent Relationship": "Outer", "Relation Name": "orders", "Alias": "orders", "Startup Cost": 14564.7, "Total Cost": 299524.85, "Plan Rows": 569410, "Plan Width": 24, "Recheck Cond": "((o_orderdate >= '1995-01-01 00:00:00'::timestamp(0) without time zone) AND (o_orderdate < '1995-04-01 00:00:00'::timestamp without time zone)), (LLVM Optimized)", "Plans": [{"Node Type": "Bitmap Index Scan", "Parent Relationship": "Outer", "Index Name": "idx_orders_orderdate", "Startup Cost": 0.0, "Total Cost": 14422.35, "Plan Rows": 569410, "Plan Width": 0, "Index Cond": "((o_orderdate >= '1995-01-01 00:00:00'::timestamp(0) without time zone) AND (o_orderdate < '1995-04-01 00:00:00'::timestamp without time zone))"}]}, {"Node Type": "Bitmap Heap Scan", "Parent Relationship": "Inner", "Relation Name": "lineitem", "Alias": "lineitem", "Startup Cost": 1.94, "Total Cost": 14.06, "Plan Rows": 3, "Plan Width": 8, "Recheck Cond": "(l_orderkey = orders.o_orderkey)", "Filter": "(l_commitdate < l_receiptdate)", "Plans": [{"Node Type": "Bitmap Index Scan", "Parent Relationship": "Outer", "Index Name": "idx_lineitem_orderkey", "Startup Cost": 0.0, "Total Cost": 1.94, "Plan Rows": 9, "Plan Width": 0, "Index Cond": "(l_orderkey = orders.o_orderkey)"}]}]}]}]}, "Unique SQL Id": 3745551476, "Planner Runtime": 0}, "explain_analyze_plan": {"Plan": {"Node Type": "Sort", "Startup Cost": 2781642.36, "Total Cost": 2781642.36, "Plan Rows": 1, "Plan Width": 24, "Actual Startup Time": 6919.311, "Actual Total Time": 6919.311, "Actual Rows": 5, "Actual Loops": 1, "Sort Key": ["orders.o_orderpriority"], "Sort Method": "quicksort", "Sort Space Used": 25, "Sort Space Type": "Memory", "Plans": [{"Node Type": "Aggregate", "Strategy": "Hashed", "Parent Relationship": "Outer", "Startup Cost": 2781642.34, "Total Cost": 2781642.35, "Plan Rows": 1, "Plan Width": 24, "Actual Startup Time": 6919.164, "Actual Total Time": 6919.179, "Actual Rows": 5, "Actual Loops": 1, "Group By Key": ["orders.o_orderpriority"], "Plans": [{"Node Type": "Nested Loop", "Parent Relationship": "Outer", "Join Type": "Semi", "Startup Cost": 14566.65, "Total Cost": 2778795.29, "Plan Rows": 569410, "Plan Width": 16, "Actual Startup Time": 240.267, "Actual Total Time": 6616.613, "Actual Rows": 515106, "Actual Loops": 1, "Inner Unique": false, "Plans": [{"Node Type": "Bitmap Heap Scan", "Parent Relationship": "Outer", "Relation Name": "orders", "Alias": "orders", "Startup Cost": 14564.7, "Total Cost": 299524.85, "Plan Rows": 569410, "Plan Width": 24, "Actual Startup Time": 240.164, "Actual Total Time": 1053.131, "Actual Rows": 561612, "Actual Loops": 1, "Recheck Cond": "((o_orderdate >= '1995-01-01 00:00:00'::timestamp(0) without time zone) AND (o_orderdate < '1995-04-01 00:00:00'::timestamp without time zone)), (LLVM Optimized, Jit Execute)", "Rows Removed by Index Recheck": 0, "Exact Heap Blocks": 241676, "Lossy Heap Blocks": 241676, "Plans": [{"Node Type": "Bitmap Index Scan", "Parent Relationship": "Outer", "Index Name": "idx_orders_orderdate", "Startup Cost": 0.0, "Total Cost": 14422.35, "Plan Rows": 569410, "Plan Width": 0, "Actual Startup Time": 164.521, "Actual Total Time": 164.521, "Actual Rows": 561612, "Actual Loops": 1, "Index Cond": "((o_orderdate >= '1995-01-01 00:00:00'::timestamp(0) without time zone) AND (o_orderdate < '1995-04-01 00:00:00'::timestamp without time zone))"}]}, {"Node Type": "Bitmap Heap Scan", "Parent Relationship": "Inner", "Relation Name": "lineitem", "Alias": "lineitem", "Startup Cost": 1.94, "Total Cost": 14.06, "Plan Rows": 3, "Plan Width": 8, "Actual Startup Time": 4815.896, "Actual Total Time": 4815.896, "Actual Rows": 515106, "Actual Loops": 561612, "Recheck Cond": "(l_orderkey = orders.o_orderkey)", "Rows Removed by Index Recheck": 0, "Filter": "(l_commitdate < l_receiptdate)", "Rows Removed by Filter": 299676, "Exact Heap Blocks": 567798, "Lossy Heap Blocks": 567798, "Plans": [{"Node Type": "Bitmap Index Scan", "Parent Relationship": "Outer", "Index Name": "idx_lineitem_orderkey", "Startup Cost": 0.0, "Total Cost": 1.94, "Plan Rows": 9, "Plan Width": 0, "Actual Startup Time": 2461.174, "Actual Total Time": 2461.174, "Actual Rows": 2246588, "Actual Loops": 561612, "Index Cond": "(l_orderkey = orders.o_orderkey)"}]}]}]}]}, "Triggers": [], "Planner Runtime": 0, "Total Runtime": 6932.479, "Unique SQL Id": 3745551476}}, "(16, 8)": {"explain_plan": {"Plan": {"Node Type": "Sort", "Startup Cost": 223060.11, "Total Cost": 223060.12, "Plan Rows": 1, "Plan Width": 24, "Sort Key": ["orders.o_orderpriority"], "Plans": [{"Node Type": "Streaming(type: LOCAL GATHER dop: 1/16)", "Parent Relationship": "Outer", "Startup Cost": 223060.1, "Total Cost": 223060.1, "Plan Rows": 1, "Plan Width": 24, "Plans": [{"Node Type": "Aggregate", "Strategy": "Hashed", "Parent Relationship": "Outer", "Startup Cost": 223060.1, "Total Cost": 223060.1, "Plan Rows": 1, "Plan Width": 24, "Group By Key": ["orders.o_orderpriority"], "Plans": [{"Node Type": "Streaming(type: LOCAL REDISTRIBUTE dop: 16/16)", "Parent Relationship": "Outer", "Startup Cost": 223060.07, "Total Cost": 223060.1, "Plan Rows": 1, "Plan Width": 24, "Plans": [{"Node Type": "Aggregate", "Strategy": "Hashed", "Parent Relationship": "Outer", "Startup Cost": 223060.07, "Total Cost": 223060.07, "Plan Rows": 1, "Plan Width": 24, "Group By Key": ["orders.o_orderpriority"], "Plans": [{"Node Type": "Hash Join", "Parent Relationship": "Outer", "Join Type": "Inner", "Startup Cost": 199987.41, "Total Cost": 222882.13, "Plan Rows": 569410, "Plan Width": 16, "Inner Unique": true, "Hash Cond": "(lineitem.l_orderkey = orders.o_orderkey), (LLVM Optimized)", "Plans": [{"Node Type": "Aggregate", "Strategy": "Hashed", "Parent Relationship": "Outer", "Startup Cost": 178507.06, "Total Cost": 179883.48, "Plan Rows": 2202268, "Plan Width": 8, "Group By Key": ["lineitem.l_orderkey"], "Plans": [{"Node Type": "Streaming(type: LOCAL REDISTRIBUTE dop: 16/16)", "Parent Relationship": "Outer", "Startup Cost": 153442.01, "Total Cost": 178162.96, "Plan Rows": 2202268, "Plan Width": 8, "Plans": [{"Node Type": "Aggregate", "Strategy": "Hashed", "Parent Relationship": "Outer", "Startup Cost": 153442.01, "Total Cost": 154818.42, "Plan Rows": 2202268, "Plan Width": 8, "Group By Key": ["lineitem.l_orderkey"], "Plans": [{"Node Type": "Seq Scan", "Parent Relationship": "Outer", "Relation Name": "lineitem", "Alias": "lineitem", "Startup Cost": 0.0, "Total Cost": 150317.68, "Plan Rows": 19995678, "Plan Width": 8, "Filter": "(l_commitdate < l_receiptdate), (LLVM Optimized)"}]}]}]}, {"Node Type": "Hash", "Parent Relationship": "Inner", "Startup Cost": 63495.73, "Total Cost": 63495.73, "Plan Rows": 569410, "Plan Width": 24, "Plans": [{"Node Type": "Streaming(type: LOCAL REDISTRIBUTE dop: 16/16)", "Parent Relationship": "Outer", "Startup Cost": 37.76, "Total Cost": 63495.73, "Plan Rows": 569410, "Plan Width": 24, "Plans": [{"Node Type": "Seq Scan", "Parent Relationship": "Outer", "Relation Name": "orders", "Alias": "orders", "Startup Cost": 37.76, "Total Cost": 46338.2, "Plan Rows": 569410, "Plan Width": 24, "Filter": "((o_orderdate >= '1995-01-01 00:00:00'::timestamp(0) without time zone) AND (o_orderdate < '1995-04-01 00:00:00'::timestamp without time zone)), (LLVM Optimized)"}]}]}]}]}]}]}]}]}, "Unique SQL Id": 3745551476, "Planner Runtime": 1}, "explain_analyze_plan": {"Plan": {"Node Type": "Sort", "Startup Cost": 223060.11, "Total Cost": 223060.12, "Plan Rows": 1, "Plan Width": 24, "Actual Min Startup Time": 5326.268, "Actual Max Startup Time": 5326.268, "Actual Min Total Time": 5326.269, "Actual Max Total Time": 5326.269, "Sort Key": ["orders.o_orderpriority"], "Sort Method": "quicksort", "Sort Space Min Used": 25, "Sort Space Max Used": 25, "Sort Space Type": "Memory", "Plans": [{"Node Type": "Streaming(type: LOCAL GATHER dop: 1/16)", "Parent Relationship": "Outer", "Startup Cost": 223060.1, "Total Cost": 223060.1, "Plan Rows": 1, "Plan Width": 24, "Actual Min Startup Time": 5325.981, "Actual Max Startup Time": 5325.981, "Actual Min Total Time": 5326.201, "Actual Max Total Time": 5326.201, "Plans": [{"Node Type": "Aggregate", "Strategy": "Hashed", "Parent Relationship": "Outer", "Startup Cost": 223060.1, "Total Cost": 223060.1, "Plan Rows": 1, "Plan Width": 24, "Actual Min Startup Time": 5241.572, "Actual Max Startup Time": 5273.993, "Actual Min Total Time": 5241.572, "Actual Max Total Time": 5273.993, "Group By Key": ["orders.o_orderpriority"], "Plans": [{"Node Type": "Streaming(type: LOCAL REDISTRIBUTE dop: 16/16)", "Parent Relationship": "Outer", "Startup Cost": 223060.07, "Total Cost": 223060.1, "Plan Rows": 1, "Plan Width": 24, "Actual Min Startup Time": 5184.678, "Actual Max Startup Time": 5273.984, "Actual Min Total Time": 5241.566, "Actual Max Total Time": 5273.984, "Plans": [{"Node Type": "Aggregate", "Strategy": "Hashed", "Parent Relationship": "Outer", "Startup Cost": 223060.07, "Total Cost": 223060.07, "Plan Rows": 1, "Plan Width": 24, "Actual Min Startup Time": 5118.77, "Actual Max Startup Time": 5250.137, "Actual Min Total Time": 5118.772, "Actual Max Total Time": 5250.14, "Group By Key": ["orders.o_orderpriority"], "Plans": [{"Node Type": "Hash Join", "Parent Relationship": "Outer", "Join Type": "Inner", "Startup Cost": 199987.41, "Total Cost": 222882.13, "Plan Rows": 569410, "Plan Width": 16, "Actual Min Startup Time": 4788.695, "Actual Max Startup Time": 4877.328, "Actual Min Total Time": 5105.267, "Actual Max Total Time": 5237.07, "Inner Unique": true, "Hash Cond": "(lineitem.l_orderkey = orders.o_orderkey), (LLVM Optimized, Jit Execute)", "Plans": [{"Node Type": "Aggregate", "Strategy": "Hashed", "Parent Relationship": "Outer", "Startup Cost": 178507.06, "Total Cost": 179883.48, "Plan Rows": 2202268, "Plan Width": 8, "Actual Min Startup Time": 4318.042, "Actual Max Startup Time": 4318.214, "Actual Min Total Time": 4470.778, "Actual Max Total Time": 4515.862, "Group By Key": ["lineitem.l_orderkey"], "Plans": [{"Node Type": "Streaming(type: LOCAL REDISTRIBUTE dop: 16/16)", "Parent Relationship": "Outer", "Startup Cost": 153442.01, "Total Cost": 178162.96, "Plan Rows": 2202268, "Plan Width": 8, "Actual Min Startup Time": 2156.969, "Actual Max Startup Time": 2158.381, "Actual Min Total Time": 3852.509, "Actual Max Total Time": 3925.326, "Plans": [{"Node Type": "Aggregate", "Strategy": "Hashed", "Parent Relationship": "Outer", "Startup Cost": 153442.01, "Total Cost": 154818.42, "Plan Rows": 2202268, "Plan Width": 8, "Actual Min Startup Time": 2704.393, "Actual Max Startup Time": 3047.185, "Actual Min Total Time": 2999.133, "Actual Max Total Time": 3445.708, "Group By Key": ["lineitem.l_orderkey"], "Plans": [{"Node Type": "Seq Scan", "Parent Relationship": "Outer", "Relation Name": "lineitem", "Alias": "lineitem", "Startup Cost": 0.0, "Total Cost": 150317.68, "Plan Rows": 19995678, "Plan Width": 8, "Actual Min Startup Time": 0.02, "Actual Max Startup Time": 0.044, "Actual Min Total Time": 1763.072, "Actual Max Total Time": 1876.643, "Filter": "(l_commitdate < l_receiptdate), (LLVM Optimized, Jit Execute)", "Rows Removed by Filter": 22056704, "Actual Rows": 37929348}], "Actual Rows": 13761080}], "Actual Rows": 13761080}], "Actual Rows": 13753474}, {"Node Type": "Hash", "Parent Relationship": "Inner", "Startup Cost": 63495.73, "Total Cost": 63495.73, "Plan Rows": 569410, "Plan Width": 24, "Actual Min Startup Time": 470.505, "Actual Max Startup Time": 559.062, "Actual Min Total Time": 470.505, "Actual Max Total Time": 559.062, "Max Hash Buckets": 65536, "Min Hash Buckets": 65536, "Max Hash Batches": 1, "Min Hash Batches": 1, "Max Original Hash Batches": 1, "Min Original Hash Batches": 1, "Max Peak Memory Usage": 1899, "min Peak Memory Usage": 1899, "Plans": [{"Node Type": "Streaming(type: LOCAL REDISTRIBUTE dop: 16/16)", "Parent Relationship": "Outer", "Startup Cost": 37.76, "Total Cost": 63495.73, "Plan Rows": 569410, "Plan Width": 24, "Actual Min Startup Time": 0.045, "Actual Max Startup Time": 87.172, "Actual Min Total Time": 459.295, "Actual Max Total Time": 546.654, "Plans": [{"Node Type": "Seq Scan", "Parent Relationship": "Outer", "Relation Name": "orders", "Alias": "orders", "Startup Cost": 37.76, "Total Cost": 46338.2, "Plan Rows": 569410, "Plan Width": 24, "Actual Min Startup Time": 0.032, "Actual Max Startup Time": 0.061, "Actual Min Total Time": 394.261, "Actual Max Total Time": 423.116, "Filter": "((o_orderdate >= '1995-01-01 00:00:00'::timestamp(0) without time zone) AND (o_orderdate < '1995-04-01 00:00:00'::timestamp without time zone)), (LLVM Optimized, Jit Execute)", "Rows Removed by Filter": 14438388, "Actual Rows": 561612}], "Actual Rows": 561612}], "Actual Rows": 561612}], "Actual Rows": 515106}], "Actual Rows": 80}], "Actual Rows": 80}], "Actual Rows": 5}], "Actual Rows": 5}], "Actual Rows": 5}, "Triggers": [], "Planner Runtime": 0, "Total Runtime": 5347.731, "Unique SQL Id": 3745551476}}, "(16, 9)": {"explain_plan": {"Plan": {"Node Type": "Sort", "Startup Cost": 1239498.42, "Total Cost": 1239498.42, "Plan Rows": 1, "Plan Width": 24, "Sort Key": ["orders.o_orderpriority"], "Plans": [{"Node Type": "Aggregate", "Strategy": "Hashed", "Parent Relationship": "Outer", "Startup Cost": 1239498.4, "Total Cost": 1239498.41, "Plan Rows": 1, "Plan Width": 24, "Group By Key": ["orders.o_orderpriority"], "Plans": [{"Node Type": "Nested Loop", "Parent Relationship": "Outer", "Join Type": "Semi", "Startup Cost": 0.0, "Total Cost": 1236651.35, "Plan Rows": 569410, "Plan Width": 16, "Inner Unique": false, "Plans": [{"Node Type": "Streaming(type: LOCAL GATHER dop: 1/16)", "Parent Relationship": "Outer", "Startup Cost": 0.0, "Total Cost": 622334.68, "Plan Rows": 569410, "Plan Width": 24, "Plans": [{"Node Type": "Index Scan", "Parent Relationship": "Outer", "Scan Direction": "Forward", "Index Name": "orders_pkey", "Relation Name": "orders", "Alias": "orders", "Startup Cost": 0.0, "Total Cost": 610045.66, "Plan Rows": 569410, "Plan Width": 24, "Filter": "((o_orderdate >= '1995-01-01 00:00:00'::timestamp(0) without time zone) AND (o_orderdate < '1995-04-01 00:00:00'::timestamp without time zone)), (LLVM Optimized)"}]}, {"Node Type": "Index Scan", "Parent Relationship": "Inner", "Scan Direction": "Forward", "Index Name": "idx_lineitem_orderkey", "Relation Name": "lineitem", "Alias": "lineitem", "Startup Cost": 0.0, "Total Cost": 5.41, "Plan Rows": 3, "Plan Width": 8, "Index Cond": "(l_orderkey = orders.o_orderkey)", "Filter": "(l_commitdate < l_receiptdate)"}]}]}]}, "Unique SQL Id": 3745551476, "Planner Runtime": 0}, "explain_analyze_plan": {"Plan": {"Node Type": "Sort", "Startup Cost": 1239498.42, "Total Cost": 1239498.42, "Plan Rows": 1, "Plan Width": 24, "Actual Min Startup Time": 4836.612, "Actual Max Startup Time": 4836.612, "Actual Min Total Time": 4836.613, "Actual Max Total Time": 4836.613, "Sort Key": ["orders.o_orderpriority"], "Sort Method": "quicksort", "Sort Space Min Used": 25, "Sort Space Max Used": 25, "Sort Space Type": "Memory", "Plans": [{"Node Type": "Aggregate", "Strategy": "Hashed", "Parent Relationship": "Outer", "Startup Cost": 1239498.4, "Total Cost": 1239498.41, "Plan Rows": 1, "Plan Width": 24, "Actual Min Startup Time": 4836.574, "Actual Max Startup Time": 4836.574, "Actual Min Total Time": 4836.576, "Actual Max Total Time": 4836.576, "Group By Key": ["orders.o_orderpriority"], "Plans": [{"Node Type": "Nested Loop", "Parent Relationship": "Outer", "Join Type": "Semi", "Startup Cost": 0.0, "Total Cost": 1236651.35, "Plan Rows": 569410, "Plan Width": 16, "Actual Min Startup Time": 174.498, "Actual Max Startup Time": 174.498, "Actual Min Total Time": 4565.385, "Actual Max Total Time": 4565.385, "Inner Unique": false, "Plans": [{"Node Type": "Streaming(type: LOCAL GATHER dop: 1/16)", "Parent Relationship": "Outer", "Startup Cost": 0.0, "Total Cost": 622334.68, "Plan Rows": 569410, "Plan Width": 24, "Actual Min Startup Time": 174.432, "Actual Max Startup Time": 174.432, "Actual Min Total Time": 409.483, "Actual Max Total Time": 409.483, "Plans": [{"Node Type": "Index Scan", "Parent Relationship": "Outer", "Scan Direction": "Forward", "Index Name": "orders_pkey", "Relation Name": "orders", "Alias": "orders", "Startup Cost": 0.0, "Total Cost": 610045.66, "Plan Rows": 569410, "Plan Width": 24, "Actual Min Startup Time": 126.895, "Actual Max Startup Time": 135.2, "Actual Min Total Time": 713.41, "Actual Max Total Time": 809.738, "Filter": "((o_orderdate >= '1995-01-01 00:00:00'::timestamp(0) without time zone) AND (o_orderdate < '1995-04-01 00:00:00'::timestamp without time zone)), (LLVM Optimized, Jit Execute)", "Rows Removed by Filter": 14438388, "Actual Rows": 561612}], "Actual Rows": 561612}, {"Node Type": "Index Scan", "Parent Relationship": "Inner", "Scan Direction": "Forward", "Index Name": "idx_lineitem_orderkey", "Relation Name": "lineitem", "Alias": "lineitem", "Startup Cost": 0.0, "Total Cost": 5.41, "Plan Rows": 3, "Plan Width": 8, "Actual Min Startup Time": 3741.772, "Actual Max Startup Time": 3741.772, "Actual Min Total Time": 3741.772, "Actual Max Total Time": 3741.772, "Index Cond": "(l_orderkey = orders.o_orderkey)", "Rows Removed by Index Recheck": 0, "Filter": "(l_commitdate < l_receiptdate)", "Rows Removed by Filter": 299676, "Actual Rows": 515106}], "Actual Rows": 515106}], "Actual Rows": 5}], "Actual Rows": 5}, "Triggers": [], "Planner Runtime": 0, "Total Runtime": 4847.856, "Unique SQL Id": 3745551476}}, "(16, 10)": {"explain_plan": {"Plan": {"Node Type": "Sort", "Startup Cost": 223060.11, "Total Cost": 223060.12, "Plan Rows": 1, "Plan Width": 24, "Sort Key": ["orders.o_orderpriority"], "Plans": [{"Node Type": "Streaming(type: LOCAL GATHER dop: 1/16)", "Parent Relationship": "Outer", "Startup Cost": 223060.1, "Total Cost": 223060.1, "Plan Rows": 1, "Plan Width": 24, "Plans": [{"Node Type": "Aggregate", "Strategy": "Hashed", "Parent Relationship": "Outer", "Startup Cost": 223060.1, "Total Cost": 223060.1, "Plan Rows": 1, "Plan Width": 24, "Group By Key": ["orders.o_orderpriority"], "Plans": [{"Node Type": "Streaming(type: LOCAL REDISTRIBUTE dop: 16/16)", "Parent Relationship": "Outer", "Startup Cost": 223060.07, "Total Cost": 223060.1, "Plan Rows": 1, "Plan Width": 24, "Plans": [{"Node Type": "Aggregate", "Strategy": "Hashed", "Parent Relationship": "Outer", "Startup Cost": 223060.07, "Total Cost": 223060.07, "Plan Rows": 1, "Plan Width": 24, "Group By Key": ["orders.o_orderpriority"], "Plans": [{"Node Type": "Hash Join", "Parent Relationship": "Outer", "Join Type": "Inner", "Startup Cost": 199987.41, "Total Cost": 222882.13, "Plan Rows": 569410, "Plan Width": 16, "Inner Unique": true, "Hash Cond": "(lineitem.l_orderkey = orders.o_orderkey), (LLVM Optimized)", "Plans": [{"Node Type": "Aggregate", "Strategy": "Hashed", "Parent Relationship": "Outer", "Startup Cost": 178507.06, "Total Cost": 179883.48, "Plan Rows": 2202268, "Plan Width": 8, "Group By Key": ["lineitem.l_orderkey"], "Plans": [{"Node Type": "Streaming(type: LOCAL REDISTRIBUTE dop: 16/16)", "Parent Relationship": "Outer", "Startup Cost": 153442.01, "Total Cost": 178162.96, "Plan Rows": 2202268, "Plan Width": 8, "Plans": [{"Node Type": "Aggregate", "Strategy": "Hashed", "Parent Relationship": "Outer", "Startup Cost": 153442.01, "Total Cost": 154818.42, "Plan Rows": 2202268, "Plan Width": 8, "Group By Key": ["lineitem.l_orderkey"], "Plans": [{"Node Type": "Seq Scan", "Parent Relationship": "Outer", "Relation Name": "lineitem", "Alias": "lineitem", "Startup Cost": 0.0, "Total Cost": 150317.68, "Plan Rows": 19995678, "Plan Width": 8, "Filter": "(l_commitdate < l_receiptdate), (LLVM Optimized)"}]}]}]}, {"Node Type": "Hash", "Parent Relationship": "Inner", "Startup Cost": 63495.73, "Total Cost": 63495.73, "Plan Rows": 569410, "Plan Width": 24, "Plans": [{"Node Type": "Streaming(type: LOCAL REDISTRIBUTE dop: 16/16)", "Parent Relationship": "Outer", "Startup Cost": 37.76, "Total Cost": 63495.73, "Plan Rows": 569410, "Plan Width": 24, "Plans": [{"Node Type": "Seq Scan", "Parent Relationship": "Outer", "Relation Name": "orders", "Alias": "orders", "Startup Cost": 37.76, "Total Cost": 46338.2, "Plan Rows": 569410, "Plan Width": 24, "Filter": "((o_orderdate >= '1995-01-01 00:00:00'::timestamp(0) without time zone) AND (o_orderdate < '1995-04-01 00:00:00'::timestamp without time zone)), (LLVM Optimized)"}]}]}]}]}]}]}]}]}, "Unique SQL Id": 3745551476, "Planner Runtime": 1}, "explain_analyze_plan": {"Plan": {"Node Type": "Sort", "Startup Cost": 223060.11, "Total Cost": 223060.12, "Plan Rows": 1, "Plan Width": 24, "Actual Min Startup Time": 5326.268, "Actual Max Startup Time": 5326.268, "Actual Min Total Time": 5326.269, "Actual Max Total Time": 5326.269, "Sort Key": ["orders.o_orderpriority"], "Sort Method": "quicksort", "Sort Space Min Used": 25, "Sort Space Max Used": 25, "Sort Space Type": "Memory", "Plans": [{"Node Type": "Streaming(type: LOCAL GATHER dop: 1/16)", "Parent Relationship": "Outer", "Startup Cost": 223060.1, "Total Cost": 223060.1, "Plan Rows": 1, "Plan Width": 24, "Actual Min Startup Time": 5325.981, "Actual Max Startup Time": 5325.981, "Actual Min Total Time": 5326.201, "Actual Max Total Time": 5326.201, "Plans": [{"Node Type": "Aggregate", "Strategy": "Hashed", "Parent Relationship": "Outer", "Startup Cost": 223060.1, "Total Cost": 223060.1, "Plan Rows": 1, "Plan Width": 24, "Actual Min Startup Time": 5241.572, "Actual Max Startup Time": 5273.993, "Actual Min Total Time": 5241.572, "Actual Max Total Time": 5273.993, "Group By Key": ["orders.o_orderpriority"], "Plans": [{"Node Type": "Streaming(type: LOCAL REDISTRIBUTE dop: 16/16)", "Parent Relationship": "Outer", "Startup Cost": 223060.07, "Total Cost": 223060.1, "Plan Rows": 1, "Plan Width": 24, "Actual Min Startup Time": 5184.678, "Actual Max Startup Time": 5273.984, "Actual Min Total Time": 5241.566, "Actual Max Total Time": 5273.984, "Plans": [{"Node Type": "Aggregate", "Strategy": "Hashed", "Parent Relationship": "Outer", "Startup Cost": 223060.07, "Total Cost": 223060.07, "Plan Rows": 1, "Plan Width": 24, "Actual Min Startup Time": 5118.77, "Actual Max Startup Time": 5250.137, "Actual Min Total Time": 5118.772, "Actual Max Total Time": 5250.14, "Group By Key": ["orders.o_orderpriority"], "Plans": [{"Node Type": "Hash Join", "Parent Relationship": "Outer", "Join Type": "Inner", "Startup Cost": 199987.41, "Total Cost": 222882.13, "Plan Rows": 569410, "Plan Width": 16, "Actual Min Startup Time": 4788.695, "Actual Max Startup Time": 4877.328, "Actual Min Total Time": 5105.267, "Actual Max Total Time": 5237.07, "Inner Unique": true, "Hash Cond": "(lineitem.l_orderkey = orders.o_orderkey), (LLVM Optimized, Jit Execute)", "Plans": [{"Node Type": "Aggregate", "Strategy": "Hashed", "Parent Relationship": "Outer", "Startup Cost": 178507.06, "Total Cost": 179883.48, "Plan Rows": 2202268, "Plan Width": 8, "Actual Min Startup Time": 4318.042, "Actual Max Startup Time": 4318.214, "Actual Min Total Time": 4470.778, "Actual Max Total Time": 4515.862, "Group By Key": ["lineitem.l_orderkey"], "Plans": [{"Node Type": "Streaming(type: LOCAL REDISTRIBUTE dop: 16/16)", "Parent Relationship": "Outer", "Startup Cost": 153442.01, "Total Cost": 178162.96, "Plan Rows": 2202268, "Plan Width": 8, "Actual Min Startup Time": 2156.969, "Actual Max Startup Time": 2158.381, "Actual Min Total Time": 3852.509, "Actual Max Total Time": 3925.326, "Plans": [{"Node Type": "Aggregate", "Strategy": "Hashed", "Parent Relationship": "Outer", "Startup Cost": 153442.01, "Total Cost": 154818.42, "Plan Rows": 2202268, "Plan Width": 8, "Actual Min Startup Time": 2704.393, "Actual Max Startup Time": 3047.185, "Actual Min Total Time": 2999.133, "Actual Max Total Time": 3445.708, "Group By Key": ["lineitem.l_orderkey"], "Plans": [{"Node Type": "Seq Scan", "Parent Relationship": "Outer", "Relation Name": "lineitem", "Alias": "lineitem", "Startup Cost": 0.0, "Total Cost": 150317.68, "Plan Rows": 19995678, "Plan Width": 8, "Actual Min Startup Time": 0.02, "Actual Max Startup Time": 0.044, "Actual Min Total Time": 1763.072, "Actual Max Total Time": 1876.643, "Filter": "(l_commitdate < l_receiptdate), (LLVM Optimized, Jit Execute)", "Rows Removed by Filter": 22056704, "Actual Rows": 37929348}], "Actual Rows": 13761080}], "Actual Rows": 13761080}], "Actual Rows": 13753474}, {"Node Type": "Hash", "Parent Relationship": "Inner", "Startup Cost": 63495.73, "Total Cost": 63495.73, "Plan Rows": 569410, "Plan Width": 24, "Actual Min Startup Time": 470.505, "Actual Max Startup Time": 559.062, "Actual Min Total Time": 470.505, "Actual Max Total Time": 559.062, "Max Hash Buckets": 65536, "Min Hash Buckets": 65536, "Max Hash Batches": 1, "Min Hash Batches": 1, "Max Original Hash Batches": 1, "Min Original Hash Batches": 1, "Max Peak Memory Usage": 1899, "min Peak Memory Usage": 1899, "Plans": [{"Node Type": "Streaming(type: LOCAL REDISTRIBUTE dop: 16/16)", "Parent Relationship": "Outer", "Startup Cost": 37.76, "Total Cost": 63495.73, "Plan Rows": 569410, "Plan Width": 24, "Actual Min Startup Time": 0.045, "Actual Max Startup Time": 87.172, "Actual Min Total Time": 459.295, "Actual Max Total Time": 546.654, "Plans": [{"Node Type": "Seq Scan", "Parent Relationship": "Outer", "Relation Name": "orders", "Alias": "orders", "Startup Cost": 37.76, "Total Cost": 46338.2, "Plan Rows": 569410, "Plan Width": 24, "Actual Min Startup Time": 0.032, "Actual Max Startup Time": 0.061, "Actual Min Total Time": 394.261, "Actual Max Total Time": 423.116, "Filter": "((o_orderdate >= '1995-01-01 00:00:00'::timestamp(0) without time zone) AND (o_orderdate < '1995-04-01 00:00:00'::timestamp without time zone)), (LLVM Optimized, Jit Execute)", "Rows Removed by Filter": 14438388, "Actual Rows": 561612}], "Actual Rows": 561612}], "Actual Rows": 561612}], "Actual Rows": 515106}], "Actual Rows": 80}], "Actual Rows": 80}], "Actual Rows": 5}], "Actual Rows": 5}], "Actual Rows": 5}, "Triggers": [], "Planner Runtime": 0, "Total Runtime": 5347.731, "Unique SQL Id": 3745551476}}, "(16, 11)": {"explain_plan": {"Plan": {"Node Type": "Sort", "Startup Cost": 2000403569659.73, "Total Cost": 2000403569659.74, "Plan Rows": 1, "Plan Width": 24, "Sort Key": ["orders.o_orderpriority"], "Plans": [{"Node Type": "Aggregate", "Strategy": "Hashed", "Parent Relationship": "Outer", "Startup Cost": 2000403569659.71, "Total Cost": 2000403569659.72, "Plan Rows": 1, "Plan Width": 24, "Group By Key": ["orders.o_orderpriority"], "Plans": [{"Node Type": "Merge Join", "Parent Relationship": "Outer", "Join Type": "Semi", "Startup Cost": 20036514449.31, "Total Cost": 2000403566812.66, "Plan Rows": 569410, "Plan Width": 16, "Inner Unique": false, "Merge Cond": "(orders.o_orderkey = lineitem.l_orderkey)", "Plans": [{"Node Type": "Index Scan", "Parent Relationship": "Outer", "Scan Direction": "Forward", "Index Name": "orders_pkey", "Relation Name": "orders", "Alias": "orders", "Startup Cost": 10000000000.0, "Total Cost": 1000080597583.0, "Plan Rows": 569410, "Plan Width": 24, "Filter": "((o_orderdate >= '1995-01-01 00:00:00'::timestamp(0) without time zone) AND (o_orderdate < '1995-04-01 00:00:00'::timestamp without time zone)), (LLVM Optimized)"}, {"Node Type": "Index Scan", "Parent Relationship": "Inner", "Scan Direction": "Forward", "Index Name": "idx_lineitem_orderkey", "Relation Name": "lineitem", "Alias": "lineitem", "Startup Cost": 10000000000.0, "Total Cost": 1000339012132.75, "Plan Rows": 19995678, "Plan Width": 8, "Filter": "(l_commitdate < l_receiptdate), (LLVM Optimized)"}]}]}]}, "Unique SQL Id": 3745551476, "Planner Runtime": 0}, "explain_analyze_plan": null}, "(16, 12)": {"explain_plan": {"Plan": {"Node Type": "Sort", "Startup Cost": 223060.11, "Total Cost": 223060.12, "Plan Rows": 1, "Plan Width": 24, "Sort Key": ["orders.o_orderpriority"], "Plans": [{"Node Type": "Streaming(type: LOCAL GATHER dop: 1/16)", "Parent Relationship": "Outer", "Startup Cost": 223060.1, "Total Cost": 223060.1, "Plan Rows": 1, "Plan Width": 24, "Plans": [{"Node Type": "Aggregate", "Strategy": "Hashed", "Parent Relationship": "Outer", "Startup Cost": 223060.1, "Total Cost": 223060.1, "Plan Rows": 1, "Plan Width": 24, "Group By Key": ["orders.o_orderpriority"], "Plans": [{"Node Type": "Streaming(type: LOCAL REDISTRIBUTE dop: 16/16)", "Parent Relationship": "Outer", "Startup Cost": 223060.07, "Total Cost": 223060.1, "Plan Rows": 1, "Plan Width": 24, "Plans": [{"Node Type": "Aggregate", "Strategy": "Hashed", "Parent Relationship": "Outer", "Startup Cost": 223060.07, "Total Cost": 223060.07, "Plan Rows": 1, "Plan Width": 24, "Group By Key": ["orders.o_orderpriority"], "Plans": [{"Node Type": "Hash Join", "Parent Relationship": "Outer", "Join Type": "Inner", "Startup Cost": 199987.41, "Total Cost": 222882.13, "Plan Rows": 569410, "Plan Width": 16, "Inner Unique": true, "Hash Cond": "(lineitem.l_orderkey = orders.o_orderkey), (LLVM Optimized)", "Plans": [{"Node Type": "Aggregate", "Strategy": "Hashed", "Parent Relationship": "Outer", "Startup Cost": 178507.06, "Total Cost": 179883.48, "Plan Rows": 2202268, "Plan Width": 8, "Group By Key": ["lineitem.l_orderkey"], "Plans": [{"Node Type": "Streaming(type: LOCAL REDISTRIBUTE dop: 16/16)", "Parent Relationship": "Outer", "Startup Cost": 153442.01, "Total Cost": 178162.96, "Plan Rows": 2202268, "Plan Width": 8, "Plans": [{"Node Type": "Aggregate", "Strategy": "Hashed", "Parent Relationship": "Outer", "Startup Cost": 153442.01, "Total Cost": 154818.42, "Plan Rows": 2202268, "Plan Width": 8, "Group By Key": ["lineitem.l_orderkey"], "Plans": [{"Node Type": "Seq Scan", "Parent Relationship": "Outer", "Relation Name": "lineitem", "Alias": "lineitem", "Startup Cost": 0.0, "Total Cost": 150317.68, "Plan Rows": 19995678, "Plan Width": 8, "Filter": "(l_commitdate < l_receiptdate), (LLVM Optimized)"}]}]}]}, {"Node Type": "Hash", "Parent Relationship": "Inner", "Startup Cost": 63495.73, "Total Cost": 63495.73, "Plan Rows": 569410, "Plan Width": 24, "Plans": [{"Node Type": "Streaming(type: LOCAL REDISTRIBUTE dop: 16/16)", "Parent Relationship": "Outer", "Startup Cost": 37.76, "Total Cost": 63495.73, "Plan Rows": 569410, "Plan Width": 24, "Plans": [{"Node Type": "Seq Scan", "Parent Relationship": "Outer", "Relation Name": "orders", "Alias": "orders", "Startup Cost": 37.76, "Total Cost": 46338.2, "Plan Rows": 569410, "Plan Width": 24, "Filter": "((o_orderdate >= '1995-01-01 00:00:00'::timestamp(0) without time zone) AND (o_orderdate < '1995-04-01 00:00:00'::timestamp without time zone)), (LLVM Optimized)"}]}]}]}]}]}]}]}]}, "Unique SQL Id": 3745551476, "Planner Runtime": 1}, "explain_analyze_plan": {"Plan": {"Node Type": "Sort", "Startup Cost": 223060.11, "Total Cost": 223060.12, "Plan Rows": 1, "Plan Width": 24, "Actual Min Startup Time": 5326.268, "Actual Max Startup Time": 5326.268, "Actual Min Total Time": 5326.269, "Actual Max Total Time": 5326.269, "Sort Key": ["orders.o_orderpriority"], "Sort Method": "quicksort", "Sort Space Min Used": 25, "Sort Space Max Used": 25, "Sort Space Type": "Memory", "Plans": [{"Node Type": "Streaming(type: LOCAL GATHER dop: 1/16)", "Parent Relationship": "Outer", "Startup Cost": 223060.1, "Total Cost": 223060.1, "Plan Rows": 1, "Plan Width": 24, "Actual Min Startup Time": 5325.981, "Actual Max Startup Time": 5325.981, "Actual Min Total Time": 5326.201, "Actual Max Total Time": 5326.201, "Plans": [{"Node Type": "Aggregate", "Strategy": "Hashed", "Parent Relationship": "Outer", "Startup Cost": 223060.1, "Total Cost": 223060.1, "Plan Rows": 1, "Plan Width": 24, "Actual Min Startup Time": 5241.572, "Actual Max Startup Time": 5273.993, "Actual Min Total Time": 5241.572, "Actual Max Total Time": 5273.993, "Group By Key": ["orders.o_orderpriority"], "Plans": [{"Node Type": "Streaming(type: LOCAL REDISTRIBUTE dop: 16/16)", "Parent Relationship": "Outer", "Startup Cost": 223060.07, "Total Cost": 223060.1, "Plan Rows": 1, "Plan Width": 24, "Actual Min Startup Time": 5184.678, "Actual Max Startup Time": 5273.984, "Actual Min Total Time": 5241.566, "Actual Max Total Time": 5273.984, "Plans": [{"Node Type": "Aggregate", "Strategy": "Hashed", "Parent Relationship": "Outer", "Startup Cost": 223060.07, "Total Cost": 223060.07, "Plan Rows": 1, "Plan Width": 24, "Actual Min Startup Time": 5118.77, "Actual Max Startup Time": 5250.137, "Actual Min Total Time": 5118.772, "Actual Max Total Time": 5250.14, "Group By Key": ["orders.o_orderpriority"], "Plans": [{"Node Type": "Hash Join", "Parent Relationship": "Outer", "Join Type": "Inner", "Startup Cost": 199987.41, "Total Cost": 222882.13, "Plan Rows": 569410, "Plan Width": 16, "Actual Min Startup Time": 4788.695, "Actual Max Startup Time": 4877.328, "Actual Min Total Time": 5105.267, "Actual Max Total Time": 5237.07, "Inner Unique": true, "Hash Cond": "(lineitem.l_orderkey = orders.o_orderkey), (LLVM Optimized, Jit Execute)", "Plans": [{"Node Type": "Aggregate", "Strategy": "Hashed", "Parent Relationship": "Outer", "Startup Cost": 178507.06, "Total Cost": 179883.48, "Plan Rows": 2202268, "Plan Width": 8, "Actual Min Startup Time": 4318.042, "Actual Max Startup Time": 4318.214, "Actual Min Total Time": 4470.778, "Actual Max Total Time": 4515.862, "Group By Key": ["lineitem.l_orderkey"], "Plans": [{"Node Type": "Streaming(type: LOCAL REDISTRIBUTE dop: 16/16)", "Parent Relationship": "Outer", "Startup Cost": 153442.01, "Total Cost": 178162.96, "Plan Rows": 2202268, "Plan Width": 8, "Actual Min Startup Time": 2156.969, "Actual Max Startup Time": 2158.381, "Actual Min Total Time": 3852.509, "Actual Max Total Time": 3925.326, "Plans": [{"Node Type": "Aggregate", "Strategy": "Hashed", "Parent Relationship": "Outer", "Startup Cost": 153442.01, "Total Cost": 154818.42, "Plan Rows": 2202268, "Plan Width": 8, "Actual Min Startup Time": 2704.393, "Actual Max Startup Time": 3047.185, "Actual Min Total Time": 2999.133, "Actual Max Total Time": 3445.708, "Group By Key": ["lineitem.l_orderkey"], "Plans": [{"Node Type": "Seq Scan", "Parent Relationship": "Outer", "Relation Name": "lineitem", "Alias": "lineitem", "Startup Cost": 0.0, "Total Cost": 150317.68, "Plan Rows": 19995678, "Plan Width": 8, "Actual Min Startup Time": 0.02, "Actual Max Startup Time": 0.044, "Actual Min Total Time": 1763.072, "Actual Max Total Time": 1876.643, "Filter": "(l_commitdate < l_receiptdate), (LLVM Optimized, Jit Execute)", "Rows Removed by Filter": 22056704, "Actual Rows": 37929348}], "Actual Rows": 13761080}], "Actual Rows": 13761080}], "Actual Rows": 13753474}, {"Node Type": "Hash", "Parent Relationship": "Inner", "Startup Cost": 63495.73, "Total Cost": 63495.73, "Plan Rows": 569410, "Plan Width": 24, "Actual Min Startup Time": 470.505, "Actual Max Startup Time": 559.062, "Actual Min Total Time": 470.505, "Actual Max Total Time": 559.062, "Max Hash Buckets": 65536, "Min Hash Buckets": 65536, "Max Hash Batches": 1, "Min Hash Batches": 1, "Max Original Hash Batches": 1, "Min Original Hash Batches": 1, "Max Peak Memory Usage": 1899, "min Peak Memory Usage": 1899, "Plans": [{"Node Type": "Streaming(type: LOCAL REDISTRIBUTE dop: 16/16)", "Parent Relationship": "Outer", "Startup Cost": 37.76, "Total Cost": 63495.73, "Plan Rows": 569410, "Plan Width": 24, "Actual Min Startup Time": 0.045, "Actual Max Startup Time": 87.172, "Actual Min Total Time": 459.295, "Actual Max Total Time": 546.654, "Plans": [{"Node Type": "Seq Scan", "Parent Relationship": "Outer", "Relation Name": "orders", "Alias": "orders", "Startup Cost": 37.76, "Total Cost": 46338.2, "Plan Rows": 569410, "Plan Width": 24, "Actual Min Startup Time": 0.032, "Actual Max Startup Time": 0.061, "Actual Min Total Time": 394.261, "Actual Max Total Time": 423.116, "Filter": "((o_orderdate >= '1995-01-01 00:00:00'::timestamp(0) without time zone) AND (o_orderdate < '1995-04-01 00:00:00'::timestamp without time zone)), (LLVM Optimized, Jit Execute)", "Rows Removed by Filter": 14438388, "Actual Rows": 561612}], "Actual Rows": 561612}], "Actual Rows": 561612}], "Actual Rows": 515106}], "Actual Rows": 80}], "Actual Rows": 80}], "Actual Rows": 5}], "Actual Rows": 5}], "Actual Rows": 5}, "Triggers": [], "Planner Runtime": 0, "Total Runtime": 5347.731, "Unique SQL Id": 3745551476}}, "(16, 13)": {"explain_plan": {"Plan": {"Node Type": "Sort", "Startup Cost": 1239498.42, "Total Cost": 1239498.42, "Plan Rows": 1, "Plan Width": 24, "Sort Key": ["orders.o_orderpriority"], "Plans": [{"Node Type": "Aggregate", "Strategy": "Hashed", "Parent Relationship": "Outer", "Startup Cost": 1239498.4, "Total Cost": 1239498.41, "Plan Rows": 1, "Plan Width": 24, "Group By Key": ["orders.o_orderpriority"], "Plans": [{"Node Type": "Nested Loop", "Parent Relationship": "Outer", "Join Type": "Semi", "Startup Cost": 0.0, "Total Cost": 1236651.35, "Plan Rows": 569410, "Plan Width": 16, "Inner Unique": false, "Plans": [{"Node Type": "Streaming(type: LOCAL GATHER dop: 1/16)", "Parent Relationship": "Outer", "Startup Cost": 0.0, "Total Cost": 622334.68, "Plan Rows": 569410, "Plan Width": 24, "Plans": [{"Node Type": "Index Scan", "Parent Relationship": "Outer", "Scan Direction": "Forward", "Index Name": "orders_pkey", "Relation Name": "orders", "Alias": "orders", "Startup Cost": 0.0, "Total Cost": 610045.66, "Plan Rows": 569410, "Plan Width": 24, "Filter": "((o_orderdate >= '1995-01-01 00:00:00'::timestamp(0) without time zone) AND (o_orderdate < '1995-04-01 00:00:00'::timestamp without time zone)), (LLVM Optimized)"}]}, {"Node Type": "Index Scan", "Parent Relationship": "Inner", "Scan Direction": "Forward", "Index Name": "idx_lineitem_orderkey", "Relation Name": "lineitem", "Alias": "lineitem", "Startup Cost": 0.0, "Total Cost": 5.41, "Plan Rows": 3, "Plan Width": 8, "Index Cond": "(l_orderkey = orders.o_orderkey)", "Filter": "(l_commitdate < l_receiptdate)"}]}]}]}, "Unique SQL Id": 3745551476, "Planner Runtime": 0}, "explain_analyze_plan": {"Plan": {"Node Type": "Sort", "Startup Cost": 1239498.42, "Total Cost": 1239498.42, "Plan Rows": 1, "Plan Width": 24, "Actual Min Startup Time": 4836.612, "Actual Max Startup Time": 4836.612, "Actual Min Total Time": 4836.613, "Actual Max Total Time": 4836.613, "Sort Key": ["orders.o_orderpriority"], "Sort Method": "quicksort", "Sort Space Min Used": 25, "Sort Space Max Used": 25, "Sort Space Type": "Memory", "Plans": [{"Node Type": "Aggregate", "Strategy": "Hashed", "Parent Relationship": "Outer", "Startup Cost": 1239498.4, "Total Cost": 1239498.41, "Plan Rows": 1, "Plan Width": 24, "Actual Min Startup Time": 4836.574, "Actual Max Startup Time": 4836.574, "Actual Min Total Time": 4836.576, "Actual Max Total Time": 4836.576, "Group By Key": ["orders.o_orderpriority"], "Plans": [{"Node Type": "Nested Loop", "Parent Relationship": "Outer", "Join Type": "Semi", "Startup Cost": 0.0, "Total Cost": 1236651.35, "Plan Rows": 569410, "Plan Width": 16, "Actual Min Startup Time": 174.498, "Actual Max Startup Time": 174.498, "Actual Min Total Time": 4565.385, "Actual Max Total Time": 4565.385, "Inner Unique": false, "Plans": [{"Node Type": "Streaming(type: LOCAL GATHER dop: 1/16)", "Parent Relationship": "Outer", "Startup Cost": 0.0, "Total Cost": 622334.68, "Plan Rows": 569410, "Plan Width": 24, "Actual Min Startup Time": 174.432, "Actual Max Startup Time": 174.432, "Actual Min Total Time": 409.483, "Actual Max Total Time": 409.483, "Plans": [{"Node Type": "Index Scan", "Parent Relationship": "Outer", "Scan Direction": "Forward", "Index Name": "orders_pkey", "Relation Name": "orders", "Alias": "orders", "Startup Cost": 0.0, "Total Cost": 610045.66, "Plan Rows": 569410, "Plan Width": 24, "Actual Min Startup Time": 126.895, "Actual Max Startup Time": 135.2, "Actual Min Total Time": 713.41, "Actual Max Total Time": 809.738, "Filter": "((o_orderdate >= '1995-01-01 00:00:00'::timestamp(0) without time zone) AND (o_orderdate < '1995-04-01 00:00:00'::timestamp without time zone)), (LLVM Optimized, Jit Execute)", "Rows Removed by Filter": 14438388, "Actual Rows": 561612}], "Actual Rows": 561612}, {"Node Type": "Index Scan", "Parent Relationship": "Inner", "Scan Direction": "Forward", "Index Name": "idx_lineitem_orderkey", "Relation Name": "lineitem", "Alias": "lineitem", "Startup Cost": 0.0, "Total Cost": 5.41, "Plan Rows": 3, "Plan Width": 8, "Actual Min Startup Time": 3741.772, "Actual Max Startup Time": 3741.772, "Actual Min Total Time": 3741.772, "Actual Max Total Time": 3741.772, "Index Cond": "(l_orderkey = orders.o_orderkey)", "Rows Removed by Index Recheck": 0, "Filter": "(l_commitdate < l_receiptdate)", "Rows Removed by Filter": 299676, "Actual Rows": 515106}], "Actual Rows": 515106}], "Actual Rows": 5}], "Actual Rows": 5}, "Triggers": [], "Planner Runtime": 0, "Total Runtime": 4847.856, "Unique SQL Id": 3745551476}}, "(16, 14)": {"explain_plan": {"Plan": {"Node Type": "Sort", "Startup Cost": 223060.11, "Total Cost": 223060.12, "Plan Rows": 1, "Plan Width": 24, "Sort Key": ["orders.o_orderpriority"], "Plans": [{"Node Type": "Streaming(type: LOCAL GATHER dop: 1/16)", "Parent Relationship": "Outer", "Startup Cost": 223060.1, "Total Cost": 223060.1, "Plan Rows": 1, "Plan Width": 24, "Plans": [{"Node Type": "Aggregate", "Strategy": "Hashed", "Parent Relationship": "Outer", "Startup Cost": 223060.1, "Total Cost": 223060.1, "Plan Rows": 1, "Plan Width": 24, "Group By Key": ["orders.o_orderpriority"], "Plans": [{"Node Type": "Streaming(type: LOCAL REDISTRIBUTE dop: 16/16)", "Parent Relationship": "Outer", "Startup Cost": 223060.07, "Total Cost": 223060.1, "Plan Rows": 1, "Plan Width": 24, "Plans": [{"Node Type": "Aggregate", "Strategy": "Hashed", "Parent Relationship": "Outer", "Startup Cost": 223060.07, "Total Cost": 223060.07, "Plan Rows": 1, "Plan Width": 24, "Group By Key": ["orders.o_orderpriority"], "Plans": [{"Node Type": "Hash Join", "Parent Relationship": "Outer", "Join Type": "Inner", "Startup Cost": 199987.41, "Total Cost": 222882.13, "Plan Rows": 569410, "Plan Width": 16, "Inner Unique": true, "Hash Cond": "(lineitem.l_orderkey = orders.o_orderkey), (LLVM Optimized)", "Plans": [{"Node Type": "Aggregate", "Strategy": "Hashed", "Parent Relationship": "Outer", "Startup Cost": 178507.06, "Total Cost": 179883.48, "Plan Rows": 2202268, "Plan Width": 8, "Group By Key": ["lineitem.l_orderkey"], "Plans": [{"Node Type": "Streaming(type: LOCAL REDISTRIBUTE dop: 16/16)", "Parent Relationship": "Outer", "Startup Cost": 153442.01, "Total Cost": 178162.96, "Plan Rows": 2202268, "Plan Width": 8, "Plans": [{"Node Type": "Aggregate", "Strategy": "Hashed", "Parent Relationship": "Outer", "Startup Cost": 153442.01, "Total Cost": 154818.42, "Plan Rows": 2202268, "Plan Width": 8, "Group By Key": ["lineitem.l_orderkey"], "Plans": [{"Node Type": "Seq Scan", "Parent Relationship": "Outer", "Relation Name": "lineitem", "Alias": "lineitem", "Startup Cost": 0.0, "Total Cost": 150317.68, "Plan Rows": 19995678, "Plan Width": 8, "Filter": "(l_commitdate < l_receiptdate), (LLVM Optimized)"}]}]}]}, {"Node Type": "Hash", "Parent Relationship": "Inner", "Startup Cost": 63495.73, "Total Cost": 63495.73, "Plan Rows": 569410, "Plan Width": 24, "Plans": [{"Node Type": "Streaming(type: LOCAL REDISTRIBUTE dop: 16/16)", "Parent Relationship": "Outer", "Startup Cost": 37.76, "Total Cost": 63495.73, "Plan Rows": 569410, "Plan Width": 24, "Plans": [{"Node Type": "Seq Scan", "Parent Relationship": "Outer", "Relation Name": "orders", "Alias": "orders", "Startup Cost": 37.76, "Total Cost": 46338.2, "Plan Rows": 569410, "Plan Width": 24, "Filter": "((o_orderdate >= '1995-01-01 00:00:00'::timestamp(0) without time zone) AND (o_orderdate < '1995-04-01 00:00:00'::timestamp without time zone)), (LLVM Optimized)"}]}]}]}]}]}]}]}]}, "Unique SQL Id": 3745551476, "Planner Runtime": 0}, "explain_analyze_plan": {"Plan": {"Node Type": "Sort", "Startup Cost": 223060.11, "Total Cost": 223060.12, "Plan Rows": 1, "Plan Width": 24, "Actual Min Startup Time": 5326.268, "Actual Max Startup Time": 5326.268, "Actual Min Total Time": 5326.269, "Actual Max Total Time": 5326.269, "Sort Key": ["orders.o_orderpriority"], "Sort Method": "quicksort", "Sort Space Min Used": 25, "Sort Space Max Used": 25, "Sort Space Type": "Memory", "Plans": [{"Node Type": "Streaming(type: LOCAL GATHER dop: 1/16)", "Parent Relationship": "Outer", "Startup Cost": 223060.1, "Total Cost": 223060.1, "Plan Rows": 1, "Plan Width": 24, "Actual Min Startup Time": 5325.981, "Actual Max Startup Time": 5325.981, "Actual Min Total Time": 5326.201, "Actual Max Total Time": 5326.201, "Plans": [{"Node Type": "Aggregate", "Strategy": "Hashed", "Parent Relationship": "Outer", "Startup Cost": 223060.1, "Total Cost": 223060.1, "Plan Rows": 1, "Plan Width": 24, "Actual Min Startup Time": 5241.572, "Actual Max Startup Time": 5273.993, "Actual Min Total Time": 5241.572, "Actual Max Total Time": 5273.993, "Group By Key": ["orders.o_orderpriority"], "Plans": [{"Node Type": "Streaming(type: LOCAL REDISTRIBUTE dop: 16/16)", "Parent Relationship": "Outer", "Startup Cost": 223060.07, "Total Cost": 223060.1, "Plan Rows": 1, "Plan Width": 24, "Actual Min Startup Time": 5184.678, "Actual Max Startup Time": 5273.984, "Actual Min Total Time": 5241.566, "Actual Max Total Time": 5273.984, "Plans": [{"Node Type": "Aggregate", "Strategy": "Hashed", "Parent Relationship": "Outer", "Startup Cost": 223060.07, "Total Cost": 223060.07, "Plan Rows": 1, "Plan Width": 24, "Actual Min Startup Time": 5118.77, "Actual Max Startup Time": 5250.137, "Actual Min Total Time": 5118.772, "Actual Max Total Time": 5250.14, "Group By Key": ["orders.o_orderpriority"], "Plans": [{"Node Type": "Hash Join", "Parent Relationship": "Outer", "Join Type": "Inner", "Startup Cost": 199987.41, "Total Cost": 222882.13, "Plan Rows": 569410, "Plan Width": 16, "Actual Min Startup Time": 4788.695, "Actual Max Startup Time": 4877.328, "Actual Min Total Time": 5105.267, "Actual Max Total Time": 5237.07, "Inner Unique": true, "Hash Cond": "(lineitem.l_orderkey = orders.o_orderkey), (LLVM Optimized, Jit Execute)", "Plans": [{"Node Type": "Aggregate", "Strategy": "Hashed", "Parent Relationship": "Outer", "Startup Cost": 178507.06, "Total Cost": 179883.48, "Plan Rows": 2202268, "Plan Width": 8, "Actual Min Startup Time": 4318.042, "Actual Max Startup Time": 4318.214, "Actual Min Total Time": 4470.778, "Actual Max Total Time": 4515.862, "Group By Key": ["lineitem.l_orderkey"], "Plans": [{"Node Type": "Streaming(type: LOCAL REDISTRIBUTE dop: 16/16)", "Parent Relationship": "Outer", "Startup Cost": 153442.01, "Total Cost": 178162.96, "Plan Rows": 2202268, "Plan Width": 8, "Actual Min Startup Time": 2156.969, "Actual Max Startup Time": 2158.381, "Actual Min Total Time": 3852.509, "Actual Max Total Time": 3925.326, "Plans": [{"Node Type": "Aggregate", "Strategy": "Hashed", "Parent Relationship": "Outer", "Startup Cost": 153442.01, "Total Cost": 154818.42, "Plan Rows": 2202268, "Plan Width": 8, "Actual Min Startup Time": 2704.393, "Actual Max Startup Time": 3047.185, "Actual Min Total Time": 2999.133, "Actual Max Total Time": 3445.708, "Group By Key": ["lineitem.l_orderkey"], "Plans": [{"Node Type": "Seq Scan", "Parent Relationship": "Outer", "Relation Name": "lineitem", "Alias": "lineitem", "Startup Cost": 0.0, "Total Cost": 150317.68, "Plan Rows": 19995678, "Plan Width": 8, "Actual Min Startup Time": 0.02, "Actual Max Startup Time": 0.044, "Actual Min Total Time": 1763.072, "Actual Max Total Time": 1876.643, "Filter": "(l_commitdate < l_receiptdate), (LLVM Optimized, Jit Execute)", "Rows Removed by Filter": 22056704, "Actual Rows": 37929348}], "Actual Rows": 13761080}], "Actual Rows": 13761080}], "Actual Rows": 13753474}, {"Node Type": "Hash", "Parent Relationship": "Inner", "Startup Cost": 63495.73, "Total Cost": 63495.73, "Plan Rows": 569410, "Plan Width": 24, "Actual Min Startup Time": 470.505, "Actual Max Startup Time": 559.062, "Actual Min Total Time": 470.505, "Actual Max Total Time": 559.062, "Max Hash Buckets": 65536, "Min Hash Buckets": 65536, "Max Hash Batches": 1, "Min Hash Batches": 1, "Max Original Hash Batches": 1, "Min Original Hash Batches": 1, "Max Peak Memory Usage": 1899, "min Peak Memory Usage": 1899, "Plans": [{"Node Type": "Streaming(type: LOCAL REDISTRIBUTE dop: 16/16)", "Parent Relationship": "Outer", "Startup Cost": 37.76, "Total Cost": 63495.73, "Plan Rows": 569410, "Plan Width": 24, "Actual Min Startup Time": 0.045, "Actual Max Startup Time": 87.172, "Actual Min Total Time": 459.295, "Actual Max Total Time": 546.654, "Plans": [{"Node Type": "Seq Scan", "Parent Relationship": "Outer", "Relation Name": "orders", "Alias": "orders", "Startup Cost": 37.76, "Total Cost": 46338.2, "Plan Rows": 569410, "Plan Width": 24, "Actual Min Startup Time": 0.032, "Actual Max Startup Time": 0.061, "Actual Min Total Time": 394.261, "Actual Max Total Time": 423.116, "Filter": "((o_orderdate >= '1995-01-01 00:00:00'::timestamp(0) without time zone) AND (o_orderdate < '1995-04-01 00:00:00'::timestamp without time zone)), (LLVM Optimized, Jit Execute)", "Rows Removed by Filter": 14438388, "Actual Rows": 561612}], "Actual Rows": 561612}], "Actual Rows": 561612}], "Actual Rows": 515106}], "Actual Rows": 80}], "Actual Rows": 80}], "Actual Rows": 5}], "Actual Rows": 5}], "Actual Rows": 5}, "Triggers": [], "Planner Runtime": 0, "Total Runtime": 5347.731, "Unique SQL Id": 3745551476}}, "(16, 15)": {"explain_plan": {"Plan": {"Node Type": "Sort", "Startup Cost": 2000403569659.73, "Total Cost": 2000403569659.74, "Plan Rows": 1, "Plan Width": 24, "Sort Key": ["orders.o_orderpriority"], "Plans": [{"Node Type": "Aggregate", "Strategy": "Hashed", "Parent Relationship": "Outer", "Startup Cost": 2000403569659.71, "Total Cost": 2000403569659.72, "Plan Rows": 1, "Plan Width": 24, "Group By Key": ["orders.o_orderpriority"], "Plans": [{"Node Type": "Merge Join", "Parent Relationship": "Outer", "Join Type": "Semi", "Startup Cost": 20036514449.31, "Total Cost": 2000403566812.66, "Plan Rows": 569410, "Plan Width": 16, "Inner Unique": false, "Merge Cond": "(orders.o_orderkey = lineitem.l_orderkey)", "Plans": [{"Node Type": "Index Scan", "Parent Relationship": "Outer", "Scan Direction": "Forward", "Index Name": "orders_pkey", "Relation Name": "orders", "Alias": "orders", "Startup Cost": 10000000000.0, "Total Cost": 1000080597583.0, "Plan Rows": 569410, "Plan Width": 24, "Filter": "((o_orderdate >= '1995-01-01 00:00:00'::timestamp(0) without time zone) AND (o_orderdate < '1995-04-01 00:00:00'::timestamp without time zone)), (LLVM Optimized)"}, {"Node Type": "Index Scan", "Parent Relationship": "Inner", "Scan Direction": "Forward", "Index Name": "idx_lineitem_orderkey", "Relation Name": "lineitem", "Alias": "lineitem", "Startup Cost": 10000000000.0, "Total Cost": 1000339012132.75, "Plan Rows": 19995678, "Plan Width": 8, "Filter": "(l_commitdate < l_receiptdate), (LLVM Optimized)"}]}]}]}, "Unique SQL Id": 3745551476, "Planner Runtime": 0}, "explain_analyze_plan": null}, "(16, 16)": {"explain_plan": {"Plan": {"Node Type": "Sort", "Startup Cost": 675790.96, "Total Cost": 675790.97, "Plan Rows": 1, "Plan Width": 24, "Sort Key": ["orders.o_orderpriority"], "Plans": [{"Node Type": "Aggregate", "Strategy": "Hashed", "Parent Relationship": "Outer", "Startup Cost": 675790.94, "Total Cost": 675790.95, "Plan Rows": 1, "Plan Width": 24, "Group By Key": ["orders.o_orderpriority"], "Plans": [{"Node Type": "Nested Loop", "Parent Relationship": "Outer", "Join Type": "Semi", "Startup Cost": 37.76, "Total Cost": 672943.89, "Plan Rows": 569410, "Plan Width": 16, "Inner Unique": false, "Plans": [{"Node Type": "Streaming(type: LOCAL GATHER dop: 1/16)", "Parent Relationship": "Outer", "Startup Cost": 37.76, "Total Cost": 58627.22, "Plan Rows": 569410, "Plan Width": 24, "Plans": [{"Node Type": "Seq Scan", "Parent Relationship": "Outer", "Relation Name": "orders", "Alias": "orders", "Startup Cost": 37.76, "Total Cost": 46338.2, "Plan Rows": 569410, "Plan Width": 24, "Filter": "((o_orderdate >= '1995-01-01 00:00:00'::timestamp(0) without time zone) AND (o_orderdate < '1995-04-01 00:00:00'::timestamp without time zone)), (LLVM Optimized)"}]}, {"Node Type": "Index Scan", "Parent Relationship": "Inner", "Scan Direction": "Forward", "Index Name": "idx_lineitem_orderkey", "Relation Name": "lineitem", "Alias": "lineitem", "Startup Cost": 0.0, "Total Cost": 5.41, "Plan Rows": 3, "Plan Width": 8, "Index Cond": "(l_orderkey = orders.o_orderkey)", "Filter": "(l_commitdate < l_receiptdate)"}]}]}]}, "Unique SQL Id": 3745551476, "Planner Runtime": 0}, "explain_analyze_plan": {"Plan": {"Node Type": "Sort", "Startup Cost": 675790.96, "Total Cost": 675790.97, "Plan Rows": 1, "Plan Width": 24, "Actual Min Startup Time": 4741.516, "Actual Max Startup Time": 4741.516, "Actual Min Total Time": 4741.516, "Actual Max Total Time": 4741.516, "Sort Key": ["orders.o_orderpriority"], "Sort Method": "quicksort", "Sort Space Min Used": 25, "Sort Space Max Used": 25, "Sort Space Type": "Memory", "Plans": [{"Node Type": "Aggregate", "Strategy": "Hashed", "Parent Relationship": "Outer", "Startup Cost": 675790.94, "Total Cost": 675790.95, "Plan Rows": 1, "Plan Width": 24, "Actual Min Startup Time": 4741.458, "Actual Max Startup Time": 4741.458, "Actual Min Total Time": 4741.46, "Actual Max Total Time": 4741.46, "Group By Key": ["orders.o_orderpriority"], "Plans": [{"Node Type": "Nested Loop", "Parent Relationship": "Outer", "Join Type": "Semi", "Startup Cost": 37.76, "Total Cost": 672943.89, "Plan Rows": 569410, "Plan Width": 16, "Actual Min Startup Time": 39.921, "Actual Max Startup Time": 39.921, "Actual Min Total Time": 4475.802, "Actual Max Total Time": 4475.802, "Inner Unique": false, "Plans": [{"Node Type": "Streaming(type: LOCAL GATHER dop: 1/16)", "Parent Relationship": "Outer", "Startup Cost": 37.76, "Total Cost": 58627.22, "Plan Rows": 569410, "Plan Width": 24, "Actual Min Startup Time": 39.854, "Actual Max Startup Time": 39.854, "Actual Min Total Time": 315.117, "Actual Max Total Time": 315.117, "Plans": [{"Node Type": "Seq Scan", "Parent Relationship": "Outer", "Relation Name": "orders", "Alias": "orders", "Startup Cost": 37.76, "Total Cost": 46338.2, "Plan Rows": 569410, "Plan Width": 24, "Actual Min Startup Time": 0.028, "Actual Max Startup Time": 0.055, "Actual Min Total Time": 314.933, "Actual Max Total Time": 338.721, "Filter": "((o_orderdate >= '1995-01-01 00:00:00'::timestamp(0) without time zone) AND (o_orderdate < '1995-04-01 00:00:00'::timestamp without time zone)), (LLVM Optimized, Jit Execute)", "Rows Removed by Filter": 14438388, "Actual Rows": 561612}], "Actual Rows": 561612}, {"Node Type": "Index Scan", "Parent Relationship": "Inner", "Scan Direction": "Forward", "Index Name": "idx_lineitem_orderkey", "Relation Name": "lineitem", "Alias": "lineitem", "Startup Cost": 0.0, "Total Cost": 5.41, "Plan Rows": 3, "Plan Width": 8, "Actual Min Startup Time": 3749.266, "Actual Max Startup Time": 3749.266, "Actual Min Total Time": 3749.266, "Actual Max Total Time": 3749.266, "Index Cond": "(l_orderkey = orders.o_orderkey)", "Rows Removed by Index Recheck": 0, "Filter": "(l_commitdate < l_receiptdate)", "Rows Removed by Filter": 299676, "Actual Rows": 515106}], "Actual Rows": 515106}], "Actual Rows": 5}], "Actual Rows": 5}, "Triggers": [], "Planner Runtime": 0, "Total Runtime": 4753.599, "Unique SQL Id": 3745551476}}, "(16, 17)": {"explain_plan": {"Plan": {"Node Type": "Sort", "Startup Cost": 916688.59, "Total Cost": 916688.6, "Plan Rows": 1, "Plan Width": 24, "Sort Key": ["orders.o_orderpriority"], "Plans": [{"Node Type": "Aggregate", "Strategy": "Hashed", "Parent Relationship": "Outer", "Startup Cost": 916688.57, "Total Cost": 916688.58, "Plan Rows": 1, "Plan Width": 24, "Group By Key": ["orders.o_orderpriority"], "Plans": [{"Node Type": "Nested Loop", "Parent Relationship": "Outer", "Join Type": "Semi", "Startup Cost": 14564.7, "Total Cost": 913841.52, "Plan Rows": 569410, "Plan Width": 16, "Inner Unique": false, "Plans": [{"Node Type": "Bitmap Heap Scan", "Parent Relationship": "Outer", "Relation Name": "orders", "Alias": "orders", "Startup Cost": 14564.7, "Total Cost": 299524.85, "Plan Rows": 569410, "Plan Width": 24, "Recheck Cond": "((o_orderdate >= '1995-01-01 00:00:00'::timestamp(0) without time zone) AND (o_orderdate < '1995-04-01 00:00:00'::timestamp without time zone)), (LLVM Optimized)", "Plans": [{"Node Type": "Bitmap Index Scan", "Parent Relationship": "Outer", "Index Name": "idx_orders_orderdate", "Startup Cost": 0.0, "Total Cost": 14422.35, "Plan Rows": 569410, "Plan Width": 0, "Index Cond": "((o_orderdate >= '1995-01-01 00:00:00'::timestamp(0) without time zone) AND (o_orderdate < '1995-04-01 00:00:00'::timestamp without time zone))"}]}, {"Node Type": "Index Scan", "Parent Relationship": "Inner", "Scan Direction": "Forward", "Index Name": "idx_lineitem_orderkey", "Relation Name": "lineitem", "Alias": "lineitem", "Startup Cost": 0.0, "Total Cost": 5.41, "Plan Rows": 3, "Plan Width": 8, "Index Cond": "(l_orderkey = orders.o_orderkey)", "Filter": "(l_commitdate < l_receiptdate)"}]}]}]}, "Unique SQL Id": 3745551476, "Planner Runtime": 1}, "explain_analyze_plan": {"Plan": {"Node Type": "Sort", "Startup Cost": 916688.59, "Total Cost": 916688.6, "Plan Rows": 1, "Plan Width": 24, "Actual Startup Time": 5413.801, "Actual Total Time": 5413.802, "Actual Rows": 5, "Actual Loops": 1, "Sort Key": ["orders.o_orderpriority"], "Sort Method": "quicksort", "Sort Space Used": 25, "Sort Space Type": "Memory", "Plans": [{"Node Type": "Aggregate", "Strategy": "Hashed", "Parent Relationship": "Outer", "Startup Cost": 916688.57, "Total Cost": 916688.58, "Plan Rows": 1, "Plan Width": 24, "Actual Startup Time": 5413.754, "Actual Total Time": 5413.756, "Actual Rows": 5, "Actual Loops": 1, "Group By Key": ["orders.o_orderpriority"], "Plans": [{"Node Type": "Nested Loop", "Parent Relationship": "Outer", "Join Type": "Semi", "Startup Cost": 14564.7, "Total Cost": 913841.52, "Plan Rows": 569410, "Plan Width": 16, "Actual Startup Time": 248.12, "Actual Total Time": 5129.668, "Actual Rows": 515106, "Actual Loops": 1, "Inner Unique": false, "Plans": [{"Node Type": "Bitmap Heap Scan", "Parent Relationship": "Outer", "Relation Name": "orders", "Alias": "orders", "Startup Cost": 14564.7, "Total Cost": 299524.85, "Plan Rows": 569410, "Plan Width": 24, "Actual Startup Time": 248.035, "Actual Total Time": 1102.757, "Actual Rows": 561612, "Actual Loops": 1, "Recheck Cond": "((o_orderdate >= '1995-01-01 00:00:00'::timestamp(0) without time zone) AND (o_orderdate < '1995-04-01 00:00:00'::timestamp without time zone)), (LLVM Optimized, Jit Execute)", "Rows Removed by Index Recheck": 0, "Exact Heap Blocks": 241676, "Lossy Heap Blocks": 241676, "Plans": [{"Node Type": "Bitmap Index Scan", "Parent Relationship": "Outer", "Index Name": "idx_orders_orderdate", "Startup Cost": 0.0, "Total Cost": 14422.35, "Plan Rows": 569410, "Plan Width": 0, "Actual Startup Time": 173.006, "Actual Total Time": 173.006, "Actual Rows": 561612, "Actual Loops": 1, "Index Cond": "((o_orderdate >= '1995-01-01 00:00:00'::timestamp(0) without time zone) AND (o_orderdate < '1995-04-01 00:00:00'::timestamp without time zone))"}]}, {"Node Type": "Index Scan", "Parent Relationship": "Inner", "Scan Direction": "Forward", "Index Name": "idx_lineitem_orderkey", "Relation Name": "lineitem", "Alias": "lineitem", "Startup Cost": 0.0, "Total Cost": 5.41, "Plan Rows": 3, "Plan Width": 8, "Actual Startup Time": 3608.892, "Actual Total Time": 3608.892, "Actual Rows": 515106, "Actual Loops": 561612, "Index Cond": "(l_orderkey = orders.o_orderkey)", "Rows Removed by Index Recheck": 0, "Filter": "(l_commitdate < l_receiptdate)", "Rows Removed by Filter": 299676}]}]}]}, "Triggers": [], "Planner Runtime": 0, "Total Runtime": 5423.336, "Unique SQL Id": 3745551476}}, "(16, 18)": {"explain_plan": {"Plan": {"Node Type": "Sort", "Startup Cost": 2540744.73, "Total Cost": 2540744.73, "Plan Rows": 1, "Plan Width": 24, "Sort Key": ["orders.o_orderpriority"], "Plans": [{"Node Type": "Aggregate", "Strategy": "Hashed", "Parent Relationship": "Outer", "Startup Cost": 2540744.71, "Total Cost": 2540744.72, "Plan Rows": 1, "Plan Width": 24, "Group By Key": ["orders.o_orderpriority"], "Plans": [{"Node Type": "Nested Loop", "Parent Relationship": "Outer", "Join Type": "Semi", "Startup Cost": 39.7, "Total Cost": 2537897.66, "Plan Rows": 569410, "Plan Width": 16, "Inner Unique": false, "Plans": [{"Node Type": "Streaming(type: LOCAL GATHER dop: 1/16)", "Parent Relationship": "Outer", "Startup Cost": 37.76, "Total Cost": 58627.22, "Plan Rows": 569410, "Plan Width": 24, "Plans": [{"Node Type": "Seq Scan", "Parent Relationship": "Outer", "Relation Name": "orders", "Alias": "orders", "Startup Cost": 37.76, "Total Cost": 46338.2, "Plan Rows": 569410, "Plan Width": 24, "Filter": "((o_orderdate >= '1995-01-01 00:00:00'::timestamp(0) without time zone) AND (o_orderdate < '1995-04-01 00:00:00'::timestamp without time zone)), (LLVM Optimized)"}]}, {"Node Type": "Bitmap Heap Scan", "Parent Relationship": "Inner", "Relation Name": "lineitem", "Alias": "lineitem", "Startup Cost": 1.94, "Total Cost": 14.06, "Plan Rows": 3, "Plan Width": 8, "Recheck Cond": "(l_orderkey = orders.o_orderkey)", "Filter": "(l_commitdate < l_receiptdate)", "Plans": [{"Node Type": "Bitmap Index Scan", "Parent Relationship": "Outer", "Index Name": "idx_lineitem_orderkey", "Startup Cost": 0.0, "Total Cost": 1.94, "Plan Rows": 9, "Plan Width": 0, "Index Cond": "(l_orderkey = orders.o_orderkey)"}]}]}]}]}, "Unique SQL Id": 3745551476, "Planner Runtime": 0}, "explain_analyze_plan": {"Plan": {"Node Type": "Sort", "Startup Cost": 2540744.73, "Total Cost": 2540744.73, "Plan Rows": 1, "Plan Width": 24, "Actual Min Startup Time": 6259.877, "Actual Max Startup Time": 6259.877, "Actual Min Total Time": 6259.878, "Actual Max Total Time": 6259.878, "Sort Key": ["orders.o_orderpriority"], "Sort Method": "quicksort", "Sort Space Min Used": 25, "Sort Space Max Used": 25, "Sort Space Type": "Memory", "Plans": [{"Node Type": "Aggregate", "Strategy": "Hashed", "Parent Relationship": "Outer", "Startup Cost": 2540744.71, "Total Cost": 2540744.72, "Plan Rows": 1, "Plan Width": 24, "Actual Min Startup Time": 6259.828, "Actual Max Startup Time": 6259.828, "Actual Min Total Time": 6259.83, "Actual Max Total Time": 6259.83, "Group By Key": ["orders.o_orderpriority"], "Plans": [{"Node Type": "Nested Loop", "Parent Relationship": "Outer", "Join Type": "Semi", "Startup Cost": 39.7, "Total Cost": 2537897.66, "Plan Rows": 569410, "Plan Width": 16, "Actual Min Startup Time": 46.355, "Actual Max Startup Time": 46.355, "Actual Min Total Time": 5969.431, "Actual Max Total Time": 5969.431, "Inner Unique": false, "Plans": [{"Node Type": "Streaming(type: LOCAL GATHER dop: 1/16)", "Parent Relationship": "Outer", "Startup Cost": 37.76, "Total Cost": 58627.22, "Plan Rows": 569410, "Plan Width": 24, "Actual Min Startup Time": 46.273, "Actual Max Startup Time": 46.273, "Actual Min Total Time": 235.505, "Actual Max Total Time": 235.505, "Plans": [{"Node Type": "Seq Scan", "Parent Relationship": "Outer", "Relation Name": "orders", "Alias": "orders", "Startup Cost": 37.76, "Total Cost": 46338.2, "Plan Rows": 569410, "Plan Width": 24, "Actual Min Startup Time": 0.032, "Actual Max Startup Time": 0.045, "Actual Min Total Time": 321.414, "Actual Max Total Time": 338.341, "Filter": "((o_orderdate >= '1995-01-01 00:00:00'::timestamp(0) without time zone) AND (o_orderdate < '1995-04-01 00:00:00'::timestamp without time zone)), (LLVM Optimized, Jit Execute)", "Rows Removed by Filter": 14438388, "Actual Rows": 561612}], "Actual Rows": 561612}, {"Node Type": "Bitmap Heap Scan", "Parent Relationship": "Inner", "Relation Name": "lineitem", "Alias": "lineitem", "Startup Cost": 1.94, "Total Cost": 14.06, "Plan Rows": 3, "Plan Width": 8, "Actual Min Startup Time": 4979.243, "Actual Max Startup Time": 4979.243, "Actual Min Total Time": 4979.243, "Actual Max Total Time": 4979.243, "Recheck Cond": "(l_orderkey = orders.o_orderkey)", "Rows Removed by Index Recheck": 0, "Filter": "(l_commitdate < l_receiptdate)", "Rows Removed by Filter": 299676, "Exact Heap Blocks": 567798, "Lossy Heap Blocks": 567798, "Plans": [{"Node Type": "Bitmap Index Scan", "Parent Relationship": "Outer", "Index Name": "idx_lineitem_orderkey", "Startup Cost": 0.0, "Total Cost": 1.94, "Plan Rows": 9, "Plan Width": 0, "Actual Min Startup Time": 2480.011, "Actual Max Startup Time": 2480.011, "Actual Min Total Time": 2480.011, "Actual Max Total Time": 2480.011, "Index Cond": "(l_orderkey = orders.o_orderkey)", "Actual Rows": 2246588}], "Actual Rows": 515106}], "Actual Rows": 515106}], "Actual Rows": 5}], "Actual Rows": 5}, "Triggers": [], "Planner Runtime": 0, "Total Runtime": 6277.248, "Unique SQL Id": 3745551476}}, "(16, 19)": {"explain_plan": {"Plan": {"Node Type": "Sort", "Startup Cost": 2781642.36, "Total Cost": 2781642.36, "Plan Rows": 1, "Plan Width": 24, "Sort Key": ["orders.o_orderpriority"], "Plans": [{"Node Type": "Aggregate", "Strategy": "Hashed", "Parent Relationship": "Outer", "Startup Cost": 2781642.34, "Total Cost": 2781642.35, "Plan Rows": 1, "Plan Width": 24, "Group By Key": ["orders.o_orderpriority"], "Plans": [{"Node Type": "Nested Loop", "Parent Relationship": "Outer", "Join Type": "Semi", "Startup Cost": 14566.65, "Total Cost": 2778795.29, "Plan Rows": 569410, "Plan Width": 16, "Inner Unique": false, "Plans": [{"Node Type": "Bitmap Heap Scan", "Parent Relationship": "Outer", "Relation Name": "orders", "Alias": "orders", "Startup Cost": 14564.7, "Total Cost": 299524.85, "Plan Rows": 569410, "Plan Width": 24, "Recheck Cond": "((o_orderdate >= '1995-01-01 00:00:00'::timestamp(0) without time zone) AND (o_orderdate < '1995-04-01 00:00:00'::timestamp without time zone)), (LLVM Optimized)", "Plans": [{"Node Type": "Bitmap Index Scan", "Parent Relationship": "Outer", "Index Name": "idx_orders_orderdate", "Startup Cost": 0.0, "Total Cost": 14422.35, "Plan Rows": 569410, "Plan Width": 0, "Index Cond": "((o_orderdate >= '1995-01-01 00:00:00'::timestamp(0) without time zone) AND (o_orderdate < '1995-04-01 00:00:00'::timestamp without time zone))"}]}, {"Node Type": "Bitmap Heap Scan", "Parent Relationship": "Inner", "Relation Name": "lineitem", "Alias": "lineitem", "Startup Cost": 1.94, "Total Cost": 14.06, "Plan Rows": 3, "Plan Width": 8, "Recheck Cond": "(l_orderkey = orders.o_orderkey)", "Filter": "(l_commitdate < l_receiptdate)", "Plans": [{"Node Type": "Bitmap Index Scan", "Parent Relationship": "Outer", "Index Name": "idx_lineitem_orderkey", "Startup Cost": 0.0, "Total Cost": 1.94, "Plan Rows": 9, "Plan Width": 0, "Index Cond": "(l_orderkey = orders.o_orderkey)"}]}]}]}]}, "Unique SQL Id": 3745551476, "Planner Runtime": 1}, "explain_analyze_plan": {"Plan": {"Node Type": "Sort", "Startup Cost": 2781642.36, "Total Cost": 2781642.36, "Plan Rows": 1, "Plan Width": 24, "Actual Startup Time": 6919.311, "Actual Total Time": 6919.311, "Actual Rows": 5, "Actual Loops": 1, "Sort Key": ["orders.o_orderpriority"], "Sort Method": "quicksort", "Sort Space Used": 25, "Sort Space Type": "Memory", "Plans": [{"Node Type": "Aggregate", "Strategy": "Hashed", "Parent Relationship": "Outer", "Startup Cost": 2781642.34, "Total Cost": 2781642.35, "Plan Rows": 1, "Plan Width": 24, "Actual Startup Time": 6919.164, "Actual Total Time": 6919.179, "Actual Rows": 5, "Actual Loops": 1, "Group By Key": ["orders.o_orderpriority"], "Plans": [{"Node Type": "Nested Loop", "Parent Relationship": "Outer", "Join Type": "Semi", "Startup Cost": 14566.65, "Total Cost": 2778795.29, "Plan Rows": 569410, "Plan Width": 16, "Actual Startup Time": 240.267, "Actual Total Time": 6616.613, "Actual Rows": 515106, "Actual Loops": 1, "Inner Unique": false, "Plans": [{"Node Type": "Bitmap Heap Scan", "Parent Relationship": "Outer", "Relation Name": "orders", "Alias": "orders", "Startup Cost": 14564.7, "Total Cost": 299524.85, "Plan Rows": 569410, "Plan Width": 24, "Actual Startup Time": 240.164, "Actual Total Time": 1053.131, "Actual Rows": 561612, "Actual Loops": 1, "Recheck Cond": "((o_orderdate >= '1995-01-01 00:00:00'::timestamp(0) without time zone) AND (o_orderdate < '1995-04-01 00:00:00'::timestamp without time zone)), (LLVM Optimized, Jit Execute)", "Rows Removed by Index Recheck": 0, "Exact Heap Blocks": 241676, "Lossy Heap Blocks": 241676, "Plans": [{"Node Type": "Bitmap Index Scan", "Parent Relationship": "Outer", "Index Name": "idx_orders_orderdate", "Startup Cost": 0.0, "Total Cost": 14422.35, "Plan Rows": 569410, "Plan Width": 0, "Actual Startup Time": 164.521, "Actual Total Time": 164.521, "Actual Rows": 561612, "Actual Loops": 1, "Index Cond": "((o_orderdate >= '1995-01-01 00:00:00'::timestamp(0) without time zone) AND (o_orderdate < '1995-04-01 00:00:00'::timestamp without time zone))"}]}, {"Node Type": "Bitmap Heap Scan", "Parent Relationship": "Inner", "Relation Name": "lineitem", "Alias": "lineitem", "Startup Cost": 1.94, "Total Cost": 14.06, "Plan Rows": 3, "Plan Width": 8, "Actual Startup Time": 4815.896, "Actual Total Time": 4815.896, "Actual Rows": 515106, "Actual Loops": 561612, "Recheck Cond": "(l_orderkey = orders.o_orderkey)", "Rows Removed by Index Recheck": 0, "Filter": "(l_commitdate < l_receiptdate)", "Rows Removed by Filter": 299676, "Exact Heap Blocks": 567798, "Lossy Heap Blocks": 567798, "Plans": [{"Node Type": "Bitmap Index Scan", "Parent Relationship": "Outer", "Index Name": "idx_lineitem_orderkey", "Startup Cost": 0.0, "Total Cost": 1.94, "Plan Rows": 9, "Plan Width": 0, "Actual Startup Time": 2461.174, "Actual Total Time": 2461.174, "Actual Rows": 2246588, "Actual Loops": 561612, "Index Cond": "(l_orderkey = orders.o_orderkey)"}]}]}]}]}, "Triggers": [], "Planner Runtime": 0, "Total Runtime": 6932.479, "Unique SQL Id": 3745551476}}, "(16, 20)": {"explain_plan": {"Plan": {"Node Type": "Sort", "Startup Cost": 675790.96, "Total Cost": 675790.97, "Plan Rows": 1, "Plan Width": 24, "Sort Key": ["orders.o_orderpriority"], "Plans": [{"Node Type": "Aggregate", "Strategy": "Hashed", "Parent Relationship": "Outer", "Startup Cost": 675790.94, "Total Cost": 675790.95, "Plan Rows": 1, "Plan Width": 24, "Group By Key": ["orders.o_orderpriority"], "Plans": [{"Node Type": "Nested Loop", "Parent Relationship": "Outer", "Join Type": "Semi", "Startup Cost": 37.76, "Total Cost": 672943.89, "Plan Rows": 569410, "Plan Width": 16, "Inner Unique": false, "Plans": [{"Node Type": "Streaming(type: LOCAL GATHER dop: 1/16)", "Parent Relationship": "Outer", "Startup Cost": 37.76, "Total Cost": 58627.22, "Plan Rows": 569410, "Plan Width": 24, "Plans": [{"Node Type": "Seq Scan", "Parent Relationship": "Outer", "Relation Name": "orders", "Alias": "orders", "Startup Cost": 37.76, "Total Cost": 46338.2, "Plan Rows": 569410, "Plan Width": 24, "Filter": "((o_orderdate >= '1995-01-01 00:00:00'::timestamp(0) without time zone) AND (o_orderdate < '1995-04-01 00:00:00'::timestamp without time zone)), (LLVM Optimized)"}]}, {"Node Type": "Index Scan", "Parent Relationship": "Inner", "Scan Direction": "Forward", "Index Name": "idx_lineitem_orderkey", "Relation Name": "lineitem", "Alias": "lineitem", "Startup Cost": 0.0, "Total Cost": 5.41, "Plan Rows": 3, "Plan Width": 8, "Index Cond": "(l_orderkey = orders.o_orderkey)", "Filter": "(l_commitdate < l_receiptdate)"}]}]}]}, "Unique SQL Id": 3745551476, "Planner Runtime": 0}, "explain_analyze_plan": {"Plan": {"Node Type": "Sort", "Startup Cost": 675790.96, "Total Cost": 675790.97, "Plan Rows": 1, "Plan Width": 24, "Actual Min Startup Time": 4741.516, "Actual Max Startup Time": 4741.516, "Actual Min Total Time": 4741.516, "Actual Max Total Time": 4741.516, "Sort Key": ["orders.o_orderpriority"], "Sort Method": "quicksort", "Sort Space Min Used": 25, "Sort Space Max Used": 25, "Sort Space Type": "Memory", "Plans": [{"Node Type": "Aggregate", "Strategy": "Hashed", "Parent Relationship": "Outer", "Startup Cost": 675790.94, "Total Cost": 675790.95, "Plan Rows": 1, "Plan Width": 24, "Actual Min Startup Time": 4741.458, "Actual Max Startup Time": 4741.458, "Actual Min Total Time": 4741.46, "Actual Max Total Time": 4741.46, "Group By Key": ["orders.o_orderpriority"], "Plans": [{"Node Type": "Nested Loop", "Parent Relationship": "Outer", "Join Type": "Semi", "Startup Cost": 37.76, "Total Cost": 672943.89, "Plan Rows": 569410, "Plan Width": 16, "Actual Min Startup Time": 39.921, "Actual Max Startup Time": 39.921, "Actual Min Total Time": 4475.802, "Actual Max Total Time": 4475.802, "Inner Unique": false, "Plans": [{"Node Type": "Streaming(type: LOCAL GATHER dop: 1/16)", "Parent Relationship": "Outer", "Startup Cost": 37.76, "Total Cost": 58627.22, "Plan Rows": 569410, "Plan Width": 24, "Actual Min Startup Time": 39.854, "Actual Max Startup Time": 39.854, "Actual Min Total Time": 315.117, "Actual Max Total Time": 315.117, "Plans": [{"Node Type": "Seq Scan", "Parent Relationship": "Outer", "Relation Name": "orders", "Alias": "orders", "Startup Cost": 37.76, "Total Cost": 46338.2, "Plan Rows": 569410, "Plan Width": 24, "Actual Min Startup Time": 0.028, "Actual Max Startup Time": 0.055, "Actual Min Total Time": 314.933, "Actual Max Total Time": 338.721, "Filter": "((o_orderdate >= '1995-01-01 00:00:00'::timestamp(0) without time zone) AND (o_orderdate < '1995-04-01 00:00:00'::timestamp without time zone)), (LLVM Optimized, Jit Execute)", "Rows Removed by Filter": 14438388, "Actual Rows": 561612}], "Actual Rows": 561612}, {"Node Type": "Index Scan", "Parent Relationship": "Inner", "Scan Direction": "Forward", "Index Name": "idx_lineitem_orderkey", "Relation Name": "lineitem", "Alias": "lineitem", "Startup Cost": 0.0, "Total Cost": 5.41, "Plan Rows": 3, "Plan Width": 8, "Actual Min Startup Time": 3749.266, "Actual Max Startup Time": 3749.266, "Actual Min Total Time": 3749.266, "Actual Max Total Time": 3749.266, "Index Cond": "(l_orderkey = orders.o_orderkey)", "Rows Removed by Index Recheck": 0, "Filter": "(l_commitdate < l_receiptdate)", "Rows Removed by Filter": 299676, "Actual Rows": 515106}], "Actual Rows": 515106}], "Actual Rows": 5}], "Actual Rows": 5}, "Triggers": [], "Planner Runtime": 0, "Total Runtime": 4753.599, "Unique SQL Id": 3745551476}}, "(16, 21)": {"explain_plan": {"Plan": {"Node Type": "Sort", "Startup Cost": 916688.59, "Total Cost": 916688.6, "Plan Rows": 1, "Plan Width": 24, "Sort Key": ["orders.o_orderpriority"], "Plans": [{"Node Type": "Aggregate", "Strategy": "Hashed", "Parent Relationship": "Outer", "Startup Cost": 916688.57, "Total Cost": 916688.58, "Plan Rows": 1, "Plan Width": 24, "Group By Key": ["orders.o_orderpriority"], "Plans": [{"Node Type": "Nested Loop", "Parent Relationship": "Outer", "Join Type": "Semi", "Startup Cost": 14564.7, "Total Cost": 913841.52, "Plan Rows": 569410, "Plan Width": 16, "Inner Unique": false, "Plans": [{"Node Type": "Bitmap Heap Scan", "Parent Relationship": "Outer", "Relation Name": "orders", "Alias": "orders", "Startup Cost": 14564.7, "Total Cost": 299524.85, "Plan Rows": 569410, "Plan Width": 24, "Recheck Cond": "((o_orderdate >= '1995-01-01 00:00:00'::timestamp(0) without time zone) AND (o_orderdate < '1995-04-01 00:00:00'::timestamp without time zone)), (LLVM Optimized)", "Plans": [{"Node Type": "Bitmap Index Scan", "Parent Relationship": "Outer", "Index Name": "idx_orders_orderdate", "Startup Cost": 0.0, "Total Cost": 14422.35, "Plan Rows": 569410, "Plan Width": 0, "Index Cond": "((o_orderdate >= '1995-01-01 00:00:00'::timestamp(0) without time zone) AND (o_orderdate < '1995-04-01 00:00:00'::timestamp without time zone))"}]}, {"Node Type": "Index Scan", "Parent Relationship": "Inner", "Scan Direction": "Forward", "Index Name": "idx_lineitem_orderkey", "Relation Name": "lineitem", "Alias": "lineitem", "Startup Cost": 0.0, "Total Cost": 5.41, "Plan Rows": 3, "Plan Width": 8, "Index Cond": "(l_orderkey = orders.o_orderkey)", "Filter": "(l_commitdate < l_receiptdate)"}]}]}]}, "Unique SQL Id": 3745551476, "Planner Runtime": 0}, "explain_analyze_plan": {"Plan": {"Node Type": "Sort", "Startup Cost": 916688.59, "Total Cost": 916688.6, "Plan Rows": 1, "Plan Width": 24, "Actual Startup Time": 5413.801, "Actual Total Time": 5413.802, "Actual Rows": 5, "Actual Loops": 1, "Sort Key": ["orders.o_orderpriority"], "Sort Method": "quicksort", "Sort Space Used": 25, "Sort Space Type": "Memory", "Plans": [{"Node Type": "Aggregate", "Strategy": "Hashed", "Parent Relationship": "Outer", "Startup Cost": 916688.57, "Total Cost": 916688.58, "Plan Rows": 1, "Plan Width": 24, "Actual Startup Time": 5413.754, "Actual Total Time": 5413.756, "Actual Rows": 5, "Actual Loops": 1, "Group By Key": ["orders.o_orderpriority"], "Plans": [{"Node Type": "Nested Loop", "Parent Relationship": "Outer", "Join Type": "Semi", "Startup Cost": 14564.7, "Total Cost": 913841.52, "Plan Rows": 569410, "Plan Width": 16, "Actual Startup Time": 248.12, "Actual Total Time": 5129.668, "Actual Rows": 515106, "Actual Loops": 1, "Inner Unique": false, "Plans": [{"Node Type": "Bitmap Heap Scan", "Parent Relationship": "Outer", "Relation Name": "orders", "Alias": "orders", "Startup Cost": 14564.7, "Total Cost": 299524.85, "Plan Rows": 569410, "Plan Width": 24, "Actual Startup Time": 248.035, "Actual Total Time": 1102.757, "Actual Rows": 561612, "Actual Loops": 1, "Recheck Cond": "((o_orderdate >= '1995-01-01 00:00:00'::timestamp(0) without time zone) AND (o_orderdate < '1995-04-01 00:00:00'::timestamp without time zone)), (LLVM Optimized, Jit Execute)", "Rows Removed by Index Recheck": 0, "Exact Heap Blocks": 241676, "Lossy Heap Blocks": 241676, "Plans": [{"Node Type": "Bitmap Index Scan", "Parent Relationship": "Outer", "Index Name": "idx_orders_orderdate", "Startup Cost": 0.0, "Total Cost": 14422.35, "Plan Rows": 569410, "Plan Width": 0, "Actual Startup Time": 173.006, "Actual Total Time": 173.006, "Actual Rows": 561612, "Actual Loops": 1, "Index Cond": "((o_orderdate >= '1995-01-01 00:00:00'::timestamp(0) without time zone) AND (o_orderdate < '1995-04-01 00:00:00'::timestamp without time zone))"}]}, {"Node Type": "Index Scan", "Parent Relationship": "Inner", "Scan Direction": "Forward", "Index Name": "idx_lineitem_orderkey", "Relation Name": "lineitem", "Alias": "lineitem", "Startup Cost": 0.0, "Total Cost": 5.41, "Plan Rows": 3, "Plan Width": 8, "Actual Startup Time": 3608.892, "Actual Total Time": 3608.892, "Actual Rows": 515106, "Actual Loops": 561612, "Index Cond": "(l_orderkey = orders.o_orderkey)", "Rows Removed by Index Recheck": 0, "Filter": "(l_commitdate < l_receiptdate)", "Rows Removed by Filter": 299676}]}]}]}, "Triggers": [], "Planner Runtime": 0, "Total Runtime": 5423.336, "Unique SQL Id": 3745551476}}, "(16, 22)": {"explain_plan": {"Plan": {"Node Type": "Sort", "Startup Cost": 2540744.73, "Total Cost": 2540744.73, "Plan Rows": 1, "Plan Width": 24, "Sort Key": ["orders.o_orderpriority"], "Plans": [{"Node Type": "Aggregate", "Strategy": "Hashed", "Parent Relationship": "Outer", "Startup Cost": 2540744.71, "Total Cost": 2540744.72, "Plan Rows": 1, "Plan Width": 24, "Group By Key": ["orders.o_orderpriority"], "Plans": [{"Node Type": "Nested Loop", "Parent Relationship": "Outer", "Join Type": "Semi", "Startup Cost": 39.7, "Total Cost": 2537897.66, "Plan Rows": 569410, "Plan Width": 16, "Inner Unique": false, "Plans": [{"Node Type": "Streaming(type: LOCAL GATHER dop: 1/16)", "Parent Relationship": "Outer", "Startup Cost": 37.76, "Total Cost": 58627.22, "Plan Rows": 569410, "Plan Width": 24, "Plans": [{"Node Type": "Seq Scan", "Parent Relationship": "Outer", "Relation Name": "orders", "Alias": "orders", "Startup Cost": 37.76, "Total Cost": 46338.2, "Plan Rows": 569410, "Plan Width": 24, "Filter": "((o_orderdate >= '1995-01-01 00:00:00'::timestamp(0) without time zone) AND (o_orderdate < '1995-04-01 00:00:00'::timestamp without time zone)), (LLVM Optimized)"}]}, {"Node Type": "Bitmap Heap Scan", "Parent Relationship": "Inner", "Relation Name": "lineitem", "Alias": "lineitem", "Startup Cost": 1.94, "Total Cost": 14.06, "Plan Rows": 3, "Plan Width": 8, "Recheck Cond": "(l_orderkey = orders.o_orderkey)", "Filter": "(l_commitdate < l_receiptdate)", "Plans": [{"Node Type": "Bitmap Index Scan", "Parent Relationship": "Outer", "Index Name": "idx_lineitem_orderkey", "Startup Cost": 0.0, "Total Cost": 1.94, "Plan Rows": 9, "Plan Width": 0, "Index Cond": "(l_orderkey = orders.o_orderkey)"}]}]}]}]}, "Unique SQL Id": 3745551476, "Planner Runtime": 0}, "explain_analyze_plan": {"Plan": {"Node Type": "Sort", "Startup Cost": 2540744.73, "Total Cost": 2540744.73, "Plan Rows": 1, "Plan Width": 24, "Actual Min Startup Time": 6259.877, "Actual Max Startup Time": 6259.877, "Actual Min Total Time": 6259.878, "Actual Max Total Time": 6259.878, "Sort Key": ["orders.o_orderpriority"], "Sort Method": "quicksort", "Sort Space Min Used": 25, "Sort Space Max Used": 25, "Sort Space Type": "Memory", "Plans": [{"Node Type": "Aggregate", "Strategy": "Hashed", "Parent Relationship": "Outer", "Startup Cost": 2540744.71, "Total Cost": 2540744.72, "Plan Rows": 1, "Plan Width": 24, "Actual Min Startup Time": 6259.828, "Actual Max Startup Time": 6259.828, "Actual Min Total Time": 6259.83, "Actual Max Total Time": 6259.83, "Group By Key": ["orders.o_orderpriority"], "Plans": [{"Node Type": "Nested Loop", "Parent Relationship": "Outer", "Join Type": "Semi", "Startup Cost": 39.7, "Total Cost": 2537897.66, "Plan Rows": 569410, "Plan Width": 16, "Actual Min Startup Time": 46.355, "Actual Max Startup Time": 46.355, "Actual Min Total Time": 5969.431, "Actual Max Total Time": 5969.431, "Inner Unique": false, "Plans": [{"Node Type": "Streaming(type: LOCAL GATHER dop: 1/16)", "Parent Relationship": "Outer", "Startup Cost": 37.76, "Total Cost": 58627.22, "Plan Rows": 569410, "Plan Width": 24, "Actual Min Startup Time": 46.273, "Actual Max Startup Time": 46.273, "Actual Min Total Time": 235.505, "Actual Max Total Time": 235.505, "Plans": [{"Node Type": "Seq Scan", "Parent Relationship": "Outer", "Relation Name": "orders", "Alias": "orders", "Startup Cost": 37.76, "Total Cost": 46338.2, "Plan Rows": 569410, "Plan Width": 24, "Actual Min Startup Time": 0.032, "Actual Max Startup Time": 0.045, "Actual Min Total Time": 321.414, "Actual Max Total Time": 338.341, "Filter": "((o_orderdate >= '1995-01-01 00:00:00'::timestamp(0) without time zone) AND (o_orderdate < '1995-04-01 00:00:00'::timestamp without time zone)), (LLVM Optimized, Jit Execute)", "Rows Removed by Filter": 14438388, "Actual Rows": 561612}], "Actual Rows": 561612}, {"Node Type": "Bitmap Heap Scan", "Parent Relationship": "Inner", "Relation Name": "lineitem", "Alias": "lineitem", "Startup Cost": 1.94, "Total Cost": 14.06, "Plan Rows": 3, "Plan Width": 8, "Actual Min Startup Time": 4979.243, "Actual Max Startup Time": 4979.243, "Actual Min Total Time": 4979.243, "Actual Max Total Time": 4979.243, "Recheck Cond": "(l_orderkey = orders.o_orderkey)", "Rows Removed by Index Recheck": 0, "Filter": "(l_commitdate < l_receiptdate)", "Rows Removed by Filter": 299676, "Exact Heap Blocks": 567798, "Lossy Heap Blocks": 567798, "Plans": [{"Node Type": "Bitmap Index Scan", "Parent Relationship": "Outer", "Index Name": "idx_lineitem_orderkey", "Startup Cost": 0.0, "Total Cost": 1.94, "Plan Rows": 9, "Plan Width": 0, "Actual Min Startup Time": 2480.011, "Actual Max Startup Time": 2480.011, "Actual Min Total Time": 2480.011, "Actual Max Total Time": 2480.011, "Index Cond": "(l_orderkey = orders.o_orderkey)", "Actual Rows": 2246588}], "Actual Rows": 515106}], "Actual Rows": 515106}], "Actual Rows": 5}], "Actual Rows": 5}, "Triggers": [], "Planner Runtime": 0, "Total Runtime": 6277.248, "Unique SQL Id": 3745551476}}, "(16, 23)": {"explain_plan": {"Plan": {"Node Type": "Sort", "Startup Cost": 2781642.36, "Total Cost": 2781642.36, "Plan Rows": 1, "Plan Width": 24, "Sort Key": ["orders.o_orderpriority"], "Plans": [{"Node Type": "Aggregate", "Strategy": "Hashed", "Parent Relationship": "Outer", "Startup Cost": 2781642.34, "Total Cost": 2781642.35, "Plan Rows": 1, "Plan Width": 24, "Group By Key": ["orders.o_orderpriority"], "Plans": [{"Node Type": "Nested Loop", "Parent Relationship": "Outer", "Join Type": "Semi", "Startup Cost": 14566.65, "Total Cost": 2778795.29, "Plan Rows": 569410, "Plan Width": 16, "Inner Unique": false, "Plans": [{"Node Type": "Bitmap Heap Scan", "Parent Relationship": "Outer", "Relation Name": "orders", "Alias": "orders", "Startup Cost": 14564.7, "Total Cost": 299524.85, "Plan Rows": 569410, "Plan Width": 24, "Recheck Cond": "((o_orderdate >= '1995-01-01 00:00:00'::timestamp(0) without time zone) AND (o_orderdate < '1995-04-01 00:00:00'::timestamp without time zone)), (LLVM Optimized)", "Plans": [{"Node Type": "Bitmap Index Scan", "Parent Relationship": "Outer", "Index Name": "idx_orders_orderdate", "Startup Cost": 0.0, "Total Cost": 14422.35, "Plan Rows": 569410, "Plan Width": 0, "Index Cond": "((o_orderdate >= '1995-01-01 00:00:00'::timestamp(0) without time zone) AND (o_orderdate < '1995-04-01 00:00:00'::timestamp without time zone))"}]}, {"Node Type": "Bitmap Heap Scan", "Parent Relationship": "Inner", "Relation Name": "lineitem", "Alias": "lineitem", "Startup Cost": 1.94, "Total Cost": 14.06, "Plan Rows": 3, "Plan Width": 8, "Recheck Cond": "(l_orderkey = orders.o_orderkey)", "Filter": "(l_commitdate < l_receiptdate)", "Plans": [{"Node Type": "Bitmap Index Scan", "Parent Relationship": "Outer", "Index Name": "idx_lineitem_orderkey", "Startup Cost": 0.0, "Total Cost": 1.94, "Plan Rows": 9, "Plan Width": 0, "Index Cond": "(l_orderkey = orders.o_orderkey)"}]}]}]}]}, "Unique SQL Id": 3745551476, "Planner Runtime": 0}, "explain_analyze_plan": {"Plan": {"Node Type": "Sort", "Startup Cost": 2781642.36, "Total Cost": 2781642.36, "Plan Rows": 1, "Plan Width": 24, "Actual Startup Time": 6919.311, "Actual Total Time": 6919.311, "Actual Rows": 5, "Actual Loops": 1, "Sort Key": ["orders.o_orderpriority"], "Sort Method": "quicksort", "Sort Space Used": 25, "Sort Space Type": "Memory", "Plans": [{"Node Type": "Aggregate", "Strategy": "Hashed", "Parent Relationship": "Outer", "Startup Cost": 2781642.34, "Total Cost": 2781642.35, "Plan Rows": 1, "Plan Width": 24, "Actual Startup Time": 6919.164, "Actual Total Time": 6919.179, "Actual Rows": 5, "Actual Loops": 1, "Group By Key": ["orders.o_orderpriority"], "Plans": [{"Node Type": "Nested Loop", "Parent Relationship": "Outer", "Join Type": "Semi", "Startup Cost": 14566.65, "Total Cost": 2778795.29, "Plan Rows": 569410, "Plan Width": 16, "Actual Startup Time": 240.267, "Actual Total Time": 6616.613, "Actual Rows": 515106, "Actual Loops": 1, "Inner Unique": false, "Plans": [{"Node Type": "Bitmap Heap Scan", "Parent Relationship": "Outer", "Relation Name": "orders", "Alias": "orders", "Startup Cost": 14564.7, "Total Cost": 299524.85, "Plan Rows": 569410, "Plan Width": 24, "Actual Startup Time": 240.164, "Actual Total Time": 1053.131, "Actual Rows": 561612, "Actual Loops": 1, "Recheck Cond": "((o_orderdate >= '1995-01-01 00:00:00'::timestamp(0) without time zone) AND (o_orderdate < '1995-04-01 00:00:00'::timestamp without time zone)), (LLVM Optimized, Jit Execute)", "Rows Removed by Index Recheck": 0, "Exact Heap Blocks": 241676, "Lossy Heap Blocks": 241676, "Plans": [{"Node Type": "Bitmap Index Scan", "Parent Relationship": "Outer", "Index Name": "idx_orders_orderdate", "Startup Cost": 0.0, "Total Cost": 14422.35, "Plan Rows": 569410, "Plan Width": 0, "Actual Startup Time": 164.521, "Actual Total Time": 164.521, "Actual Rows": 561612, "Actual Loops": 1, "Index Cond": "((o_orderdate >= '1995-01-01 00:00:00'::timestamp(0) without time zone) AND (o_orderdate < '1995-04-01 00:00:00'::timestamp without time zone))"}]}, {"Node Type": "Bitmap Heap Scan", "Parent Relationship": "Inner", "Relation Name": "lineitem", "Alias": "lineitem", "Startup Cost": 1.94, "Total Cost": 14.06, "Plan Rows": 3, "Plan Width": 8, "Actual Startup Time": 4815.896, "Actual Total Time": 4815.896, "Actual Rows": 515106, "Actual Loops": 561612, "Recheck Cond": "(l_orderkey = orders.o_orderkey)", "Rows Removed by Index Recheck": 0, "Filter": "(l_commitdate < l_receiptdate)", "Rows Removed by Filter": 299676, "Exact Heap Blocks": 567798, "Lossy Heap Blocks": 567798, "Plans": [{"Node Type": "Bitmap Index Scan", "Parent Relationship": "Outer", "Index Name": "idx_lineitem_orderkey", "Startup Cost": 0.0, "Total Cost": 1.94, "Plan Rows": 9, "Plan Width": 0, "Actual Startup Time": 2461.174, "Actual Total Time": 2461.174, "Actual Rows": 2246588, "Actual Loops": 561612, "Index Cond": "(l_orderkey = orders.o_orderkey)"}]}]}]}]}, "Triggers": [], "Planner Runtime": 0, "Total Runtime": 6932.479, "Unique SQL Id": 3745551476}}, "(16, 24)": {"explain_plan": {"Plan": {"Node Type": "Sort", "Startup Cost": 675790.96, "Total Cost": 675790.97, "Plan Rows": 1, "Plan Width": 24, "Sort Key": ["orders.o_orderpriority"], "Plans": [{"Node Type": "Aggregate", "Strategy": "Hashed", "Parent Relationship": "Outer", "Startup Cost": 675790.94, "Total Cost": 675790.95, "Plan Rows": 1, "Plan Width": 24, "Group By Key": ["orders.o_orderpriority"], "Plans": [{"Node Type": "Nested Loop", "Parent Relationship": "Outer", "Join Type": "Semi", "Startup Cost": 37.76, "Total Cost": 672943.89, "Plan Rows": 569410, "Plan Width": 16, "Inner Unique": false, "Plans": [{"Node Type": "Streaming(type: LOCAL GATHER dop: 1/16)", "Parent Relationship": "Outer", "Startup Cost": 37.76, "Total Cost": 58627.22, "Plan Rows": 569410, "Plan Width": 24, "Plans": [{"Node Type": "Seq Scan", "Parent Relationship": "Outer", "Relation Name": "orders", "Alias": "orders", "Startup Cost": 37.76, "Total Cost": 46338.2, "Plan Rows": 569410, "Plan Width": 24, "Filter": "((o_orderdate >= '1995-01-01 00:00:00'::timestamp(0) without time zone) AND (o_orderdate < '1995-04-01 00:00:00'::timestamp without time zone)), (LLVM Optimized)"}]}, {"Node Type": "Index Scan", "Parent Relationship": "Inner", "Scan Direction": "Forward", "Index Name": "idx_lineitem_orderkey", "Relation Name": "lineitem", "Alias": "lineitem", "Startup Cost": 0.0, "Total Cost": 5.41, "Plan Rows": 3, "Plan Width": 8, "Index Cond": "(l_orderkey = orders.o_orderkey)", "Filter": "(l_commitdate < l_receiptdate)"}]}]}]}, "Unique SQL Id": 3745551476, "Planner Runtime": 0}, "explain_analyze_plan": {"Plan": {"Node Type": "Sort", "Startup Cost": 675790.96, "Total Cost": 675790.97, "Plan Rows": 1, "Plan Width": 24, "Actual Min Startup Time": 4741.516, "Actual Max Startup Time": 4741.516, "Actual Min Total Time": 4741.516, "Actual Max Total Time": 4741.516, "Sort Key": ["orders.o_orderpriority"], "Sort Method": "quicksort", "Sort Space Min Used": 25, "Sort Space Max Used": 25, "Sort Space Type": "Memory", "Plans": [{"Node Type": "Aggregate", "Strategy": "Hashed", "Parent Relationship": "Outer", "Startup Cost": 675790.94, "Total Cost": 675790.95, "Plan Rows": 1, "Plan Width": 24, "Actual Min Startup Time": 4741.458, "Actual Max Startup Time": 4741.458, "Actual Min Total Time": 4741.46, "Actual Max Total Time": 4741.46, "Group By Key": ["orders.o_orderpriority"], "Plans": [{"Node Type": "Nested Loop", "Parent Relationship": "Outer", "Join Type": "Semi", "Startup Cost": 37.76, "Total Cost": 672943.89, "Plan Rows": 569410, "Plan Width": 16, "Actual Min Startup Time": 39.921, "Actual Max Startup Time": 39.921, "Actual Min Total Time": 4475.802, "Actual Max Total Time": 4475.802, "Inner Unique": false, "Plans": [{"Node Type": "Streaming(type: LOCAL GATHER dop: 1/16)", "Parent Relationship": "Outer", "Startup Cost": 37.76, "Total Cost": 58627.22, "Plan Rows": 569410, "Plan Width": 24, "Actual Min Startup Time": 39.854, "Actual Max Startup Time": 39.854, "Actual Min Total Time": 315.117, "Actual Max Total Time": 315.117, "Plans": [{"Node Type": "Seq Scan", "Parent Relationship": "Outer", "Relation Name": "orders", "Alias": "orders", "Startup Cost": 37.76, "Total Cost": 46338.2, "Plan Rows": 569410, "Plan Width": 24, "Actual Min Startup Time": 0.028, "Actual Max Startup Time": 0.055, "Actual Min Total Time": 314.933, "Actual Max Total Time": 338.721, "Filter": "((o_orderdate >= '1995-01-01 00:00:00'::timestamp(0) without time zone) AND (o_orderdate < '1995-04-01 00:00:00'::timestamp without time zone)), (LLVM Optimized, Jit Execute)", "Rows Removed by Filter": 14438388, "Actual Rows": 561612}], "Actual Rows": 561612}, {"Node Type": "Index Scan", "Parent Relationship": "Inner", "Scan Direction": "Forward", "Index Name": "idx_lineitem_orderkey", "Relation Name": "lineitem", "Alias": "lineitem", "Startup Cost": 0.0, "Total Cost": 5.41, "Plan Rows": 3, "Plan Width": 8, "Actual Min Startup Time": 3749.266, "Actual Max Startup Time": 3749.266, "Actual Min Total Time": 3749.266, "Actual Max Total Time": 3749.266, "Index Cond": "(l_orderkey = orders.o_orderkey)", "Rows Removed by Index Recheck": 0, "Filter": "(l_commitdate < l_receiptdate)", "Rows Removed by Filter": 299676, "Actual Rows": 515106}], "Actual Rows": 515106}], "Actual Rows": 5}], "Actual Rows": 5}, "Triggers": [], "Planner Runtime": 0, "Total Runtime": 4753.599, "Unique SQL Id": 3745551476}}, "(16, 25)": {"explain_plan": {"Plan": {"Node Type": "Sort", "Startup Cost": 1239498.42, "Total Cost": 1239498.42, "Plan Rows": 1, "Plan Width": 24, "Sort Key": ["orders.o_orderpriority"], "Plans": [{"Node Type": "Aggregate", "Strategy": "Hashed", "Parent Relationship": "Outer", "Startup Cost": 1239498.4, "Total Cost": 1239498.41, "Plan Rows": 1, "Plan Width": 24, "Group By Key": ["orders.o_orderpriority"], "Plans": [{"Node Type": "Nested Loop", "Parent Relationship": "Outer", "Join Type": "Semi", "Startup Cost": 0.0, "Total Cost": 1236651.35, "Plan Rows": 569410, "Plan Width": 16, "Inner Unique": false, "Plans": [{"Node Type": "Streaming(type: LOCAL GATHER dop: 1/16)", "Parent Relationship": "Outer", "Startup Cost": 0.0, "Total Cost": 622334.68, "Plan Rows": 569410, "Plan Width": 24, "Plans": [{"Node Type": "Index Scan", "Parent Relationship": "Outer", "Scan Direction": "Forward", "Index Name": "orders_pkey", "Relation Name": "orders", "Alias": "orders", "Startup Cost": 0.0, "Total Cost": 610045.66, "Plan Rows": 569410, "Plan Width": 24, "Filter": "((o_orderdate >= '1995-01-01 00:00:00'::timestamp(0) without time zone) AND (o_orderdate < '1995-04-01 00:00:00'::timestamp without time zone)), (LLVM Optimized)"}]}, {"Node Type": "Index Scan", "Parent Relationship": "Inner", "Scan Direction": "Forward", "Index Name": "idx_lineitem_orderkey", "Relation Name": "lineitem", "Alias": "lineitem", "Startup Cost": 0.0, "Total Cost": 5.41, "Plan Rows": 3, "Plan Width": 8, "Index Cond": "(l_orderkey = orders.o_orderkey)", "Filter": "(l_commitdate < l_receiptdate)"}]}]}]}, "Unique SQL Id": 3745551476, "Planner Runtime": 0}, "explain_analyze_plan": {"Plan": {"Node Type": "Sort", "Startup Cost": 1239498.42, "Total Cost": 1239498.42, "Plan Rows": 1, "Plan Width": 24, "Actual Min Startup Time": 4836.612, "Actual Max Startup Time": 4836.612, "Actual Min Total Time": 4836.613, "Actual Max Total Time": 4836.613, "Sort Key": ["orders.o_orderpriority"], "Sort Method": "quicksort", "Sort Space Min Used": 25, "Sort Space Max Used": 25, "Sort Space Type": "Memory", "Plans": [{"Node Type": "Aggregate", "Strategy": "Hashed", "Parent Relationship": "Outer", "Startup Cost": 1239498.4, "Total Cost": 1239498.41, "Plan Rows": 1, "Plan Width": 24, "Actual Min Startup Time": 4836.574, "Actual Max Startup Time": 4836.574, "Actual Min Total Time": 4836.576, "Actual Max Total Time": 4836.576, "Group By Key": ["orders.o_orderpriority"], "Plans": [{"Node Type": "Nested Loop", "Parent Relationship": "Outer", "Join Type": "Semi", "Startup Cost": 0.0, "Total Cost": 1236651.35, "Plan Rows": 569410, "Plan Width": 16, "Actual Min Startup Time": 174.498, "Actual Max Startup Time": 174.498, "Actual Min Total Time": 4565.385, "Actual Max Total Time": 4565.385, "Inner Unique": false, "Plans": [{"Node Type": "Streaming(type: LOCAL GATHER dop: 1/16)", "Parent Relationship": "Outer", "Startup Cost": 0.0, "Total Cost": 622334.68, "Plan Rows": 569410, "Plan Width": 24, "Actual Min Startup Time": 174.432, "Actual Max Startup Time": 174.432, "Actual Min Total Time": 409.483, "Actual Max Total Time": 409.483, "Plans": [{"Node Type": "Index Scan", "Parent Relationship": "Outer", "Scan Direction": "Forward", "Index Name": "orders_pkey", "Relation Name": "orders", "Alias": "orders", "Startup Cost": 0.0, "Total Cost": 610045.66, "Plan Rows": 569410, "Plan Width": 24, "Actual Min Startup Time": 126.895, "Actual Max Startup Time": 135.2, "Actual Min Total Time": 713.41, "Actual Max Total Time": 809.738, "Filter": "((o_orderdate >= '1995-01-01 00:00:00'::timestamp(0) without time zone) AND (o_orderdate < '1995-04-01 00:00:00'::timestamp without time zone)), (LLVM Optimized, Jit Execute)", "Rows Removed by Filter": 14438388, "Actual Rows": 561612}], "Actual Rows": 561612}, {"Node Type": "Index Scan", "Parent Relationship": "Inner", "Scan Direction": "Forward", "Index Name": "idx_lineitem_orderkey", "Relation Name": "lineitem", "Alias": "lineitem", "Startup Cost": 0.0, "Total Cost": 5.41, "Plan Rows": 3, "Plan Width": 8, "Actual Min Startup Time": 3741.772, "Actual Max Startup Time": 3741.772, "Actual Min Total Time": 3741.772, "Actual Max Total Time": 3741.772, "Index Cond": "(l_orderkey = orders.o_orderkey)", "Rows Removed by Index Recheck": 0, "Filter": "(l_commitdate < l_receiptdate)", "Rows Removed by Filter": 299676, "Actual Rows": 515106}], "Actual Rows": 515106}], "Actual Rows": 5}], "Actual Rows": 5}, "Triggers": [], "Planner Runtime": 0, "Total Runtime": 4847.856, "Unique SQL Id": 3745551476}}, "(16, 26)": {"explain_plan": {"Plan": {"Node Type": "Sort", "Startup Cost": 73745631.06, "Total Cost": 73745631.06, "Plan Rows": 1, "Plan Width": 24, "Sort Key": ["orders.o_orderpriority"], "Plans": [{"Node Type": "Streaming(type: LOCAL GATHER dop: 1/16)", "Parent Relationship": "Outer", "Startup Cost": 73745631.04, "Total Cost": 73745631.05, "Plan Rows": 1, "Plan Width": 24, "Plans": [{"Node Type": "Aggregate", "Strategy": "Hashed", "Parent Relationship": "Outer", "Startup Cost": 73745631.04, "Total Cost": 73745631.04, "Plan Rows": 1, "Plan Width": 24, "Group By Key": ["orders.o_orderpriority"], "Plans": [{"Node Type": "Streaming(type: LOCAL REDISTRIBUTE dop: 16/16)", "Parent Relationship": "Outer", "Startup Cost": 73745631.01, "Total Cost": 73745631.04, "Plan Rows": 1, "Plan Width": 24, "Plans": [{"Node Type": "Aggregate", "Strategy": "Hashed", "Parent Relationship": "Outer", "Startup Cost": 73745631.01, "Total Cost": 73745631.01, "Plan Rows": 1, "Plan Width": 24, "Group By Key": ["orders.o_orderpriority"], "Plans": [{"Node Type": "Nested Loop", "Parent Relationship": "Outer", "Join Type": "Inner", "Startup Cost": 183706.39, "Total Cost": 73745453.07, "Plan Rows": 569410, "Plan Width": 16, "Inner Unique": true, "Join Filter": "(orders.o_orderkey = lineitem.l_orderkey), (LLVM Optimized)", "Plans": [{"Node Type": "Aggregate", "Strategy": "Hashed", "Parent Relationship": "Outer", "Startup Cost": 178507.06, "Total Cost": 179883.48, "Plan Rows": 2202268, "Plan Width": 8, "Group By Key": ["lineitem.l_orderkey"], "Plans": [{"Node Type": "Streaming(type: LOCAL REDISTRIBUTE dop: 16/16)", "Parent Relationship": "Outer", "Startup Cost": 153442.01, "Total Cost": 178162.96, "Plan Rows": 2202268, "Plan Width": 8, "Plans": [{"Node Type": "Aggregate", "Strategy": "Hashed", "Parent Relationship": "Outer", "Startup Cost": 153442.01, "Total Cost": 154818.42, "Plan Rows": 2202268, "Plan Width": 8, "Group By Key": ["lineitem.l_orderkey"], "Plans": [{"Node Type": "Seq Scan", "Parent Relationship": "Outer", "Relation Name": "lineitem", "Alias": "lineitem", "Startup Cost": 0.0, "Total Cost": 150317.68, "Plan Rows": 19995678, "Plan Width": 8, "Filter": "(l_commitdate < l_receiptdate), (LLVM Optimized)"}]}]}]}, {"Node Type": "Materialize", "Parent Relationship": "Inner", "Startup Cost": 37.76, "Total Cost": 63673.67, "Plan Rows": 569410, "Plan Width": 24, "Plans": [{"Node Type": "Streaming(type: LOCAL REDISTRIBUTE dop: 16/16)", "Parent Relationship": "Outer", "Startup Cost": 37.76, "Total Cost": 63495.73, "Plan Rows": 569410, "Plan Width": 24, "Plans": [{"Node Type": "Seq Scan", "Parent Relationship": "Outer", "Relation Name": "orders", "Alias": "orders", "Startup Cost": 37.76, "Total Cost": 46338.2, "Plan Rows": 569410, "Plan Width": 24, "Filter": "((o_orderdate >= '1995-01-01 00:00:00'::timestamp(0) without time zone) AND (o_orderdate < '1995-04-01 00:00:00'::timestamp without time zone)), (LLVM Optimized)"}]}]}]}]}]}]}]}]}, "Unique SQL Id": 3745551476, "Planner Runtime": 0}, "explain_analyze_plan": null}, "(16, 27)": {"explain_plan": {"Plan": {"Node Type": "Sort", "Startup Cost": 2000403569659.73, "Total Cost": 2000403569659.74, "Plan Rows": 1, "Plan Width": 24, "Sort Key": ["orders.o_orderpriority"], "Plans": [{"Node Type": "Aggregate", "Strategy": "Hashed", "Parent Relationship": "Outer", "Startup Cost": 2000403569659.71, "Total Cost": 2000403569659.72, "Plan Rows": 1, "Plan Width": 24, "Group By Key": ["orders.o_orderpriority"], "Plans": [{"Node Type": "Merge Join", "Parent Relationship": "Outer", "Join Type": "Semi", "Startup Cost": 20036514449.31, "Total Cost": 2000403566812.66, "Plan Rows": 569410, "Plan Width": 16, "Inner Unique": false, "Merge Cond": "(orders.o_orderkey = lineitem.l_orderkey)", "Plans": [{"Node Type": "Index Scan", "Parent Relationship": "Outer", "Scan Direction": "Forward", "Index Name": "orders_pkey", "Relation Name": "orders", "Alias": "orders", "Startup Cost": 10000000000.0, "Total Cost": 1000080597583.0, "Plan Rows": 569410, "Plan Width": 24, "Filter": "((o_orderdate >= '1995-01-01 00:00:00'::timestamp(0) without time zone) AND (o_orderdate < '1995-04-01 00:00:00'::timestamp without time zone)), (LLVM Optimized)"}, {"Node Type": "Index Scan", "Parent Relationship": "Inner", "Scan Direction": "Forward", "Index Name": "idx_lineitem_orderkey", "Relation Name": "lineitem", "Alias": "lineitem", "Startup Cost": 10000000000.0, "Total Cost": 1000339012132.75, "Plan Rows": 19995678, "Plan Width": 8, "Filter": "(l_commitdate < l_receiptdate), (LLVM Optimized)"}]}]}]}, "Unique SQL Id": 3745551476, "Planner Runtime": 1}, "explain_analyze_plan": null}, "(16, 28)": {"explain_plan": {"Plan": {"Node Type": "Sort", "Startup Cost": 675790.96, "Total Cost": 675790.97, "Plan Rows": 1, "Plan Width": 24, "Sort Key": ["orders.o_orderpriority"], "Plans": [{"Node Type": "Aggregate", "Strategy": "Hashed", "Parent Relationship": "Outer", "Startup Cost": 675790.94, "Total Cost": 675790.95, "Plan Rows": 1, "Plan Width": 24, "Group By Key": ["orders.o_orderpriority"], "Plans": [{"Node Type": "Nested Loop", "Parent Relationship": "Outer", "Join Type": "Semi", "Startup Cost": 37.76, "Total Cost": 672943.89, "Plan Rows": 569410, "Plan Width": 16, "Inner Unique": false, "Plans": [{"Node Type": "Streaming(type: LOCAL GATHER dop: 1/16)", "Parent Relationship": "Outer", "Startup Cost": 37.76, "Total Cost": 58627.22, "Plan Rows": 569410, "Plan Width": 24, "Plans": [{"Node Type": "Seq Scan", "Parent Relationship": "Outer", "Relation Name": "orders", "Alias": "orders", "Startup Cost": 37.76, "Total Cost": 46338.2, "Plan Rows": 569410, "Plan Width": 24, "Filter": "((o_orderdate >= '1995-01-01 00:00:00'::timestamp(0) without time zone) AND (o_orderdate < '1995-04-01 00:00:00'::timestamp without time zone)), (LLVM Optimized)"}]}, {"Node Type": "Index Scan", "Parent Relationship": "Inner", "Scan Direction": "Forward", "Index Name": "idx_lineitem_orderkey", "Relation Name": "lineitem", "Alias": "lineitem", "Startup Cost": 0.0, "Total Cost": 5.41, "Plan Rows": 3, "Plan Width": 8, "Index Cond": "(l_orderkey = orders.o_orderkey)", "Filter": "(l_commitdate < l_receiptdate)"}]}]}]}, "Unique SQL Id": 3745551476, "Planner Runtime": 0}, "explain_analyze_plan": {"Plan": {"Node Type": "Sort", "Startup Cost": 675790.96, "Total Cost": 675790.97, "Plan Rows": 1, "Plan Width": 24, "Actual Min Startup Time": 4741.516, "Actual Max Startup Time": 4741.516, "Actual Min Total Time": 4741.516, "Actual Max Total Time": 4741.516, "Sort Key": ["orders.o_orderpriority"], "Sort Method": "quicksort", "Sort Space Min Used": 25, "Sort Space Max Used": 25, "Sort Space Type": "Memory", "Plans": [{"Node Type": "Aggregate", "Strategy": "Hashed", "Parent Relationship": "Outer", "Startup Cost": 675790.94, "Total Cost": 675790.95, "Plan Rows": 1, "Plan Width": 24, "Actual Min Startup Time": 4741.458, "Actual Max Startup Time": 4741.458, "Actual Min Total Time": 4741.46, "Actual Max Total Time": 4741.46, "Group By Key": ["orders.o_orderpriority"], "Plans": [{"Node Type": "Nested Loop", "Parent Relationship": "Outer", "Join Type": "Semi", "Startup Cost": 37.76, "Total Cost": 672943.89, "Plan Rows": 569410, "Plan Width": 16, "Actual Min Startup Time": 39.921, "Actual Max Startup Time": 39.921, "Actual Min Total Time": 4475.802, "Actual Max Total Time": 4475.802, "Inner Unique": false, "Plans": [{"Node Type": "Streaming(type: LOCAL GATHER dop: 1/16)", "Parent Relationship": "Outer", "Startup Cost": 37.76, "Total Cost": 58627.22, "Plan Rows": 569410, "Plan Width": 24, "Actual Min Startup Time": 39.854, "Actual Max Startup Time": 39.854, "Actual Min Total Time": 315.117, "Actual Max Total Time": 315.117, "Plans": [{"Node Type": "Seq Scan", "Parent Relationship": "Outer", "Relation Name": "orders", "Alias": "orders", "Startup Cost": 37.76, "Total Cost": 46338.2, "Plan Rows": 569410, "Plan Width": 24, "Actual Min Startup Time": 0.028, "Actual Max Startup Time": 0.055, "Actual Min Total Time": 314.933, "Actual Max Total Time": 338.721, "Filter": "((o_orderdate >= '1995-01-01 00:00:00'::timestamp(0) without time zone) AND (o_orderdate < '1995-04-01 00:00:00'::timestamp without time zone)), (LLVM Optimized, Jit Execute)", "Rows Removed by Filter": 14438388, "Actual Rows": 561612}], "Actual Rows": 561612}, {"Node Type": "Index Scan", "Parent Relationship": "Inner", "Scan Direction": "Forward", "Index Name": "idx_lineitem_orderkey", "Relation Name": "lineitem", "Alias": "lineitem", "Startup Cost": 0.0, "Total Cost": 5.41, "Plan Rows": 3, "Plan Width": 8, "Actual Min Startup Time": 3749.266, "Actual Max Startup Time": 3749.266, "Actual Min Total Time": 3749.266, "Actual Max Total Time": 3749.266, "Index Cond": "(l_orderkey = orders.o_orderkey)", "Rows Removed by Index Recheck": 0, "Filter": "(l_commitdate < l_receiptdate)", "Rows Removed by Filter": 299676, "Actual Rows": 515106}], "Actual Rows": 515106}], "Actual Rows": 5}], "Actual Rows": 5}, "Triggers": [], "Planner Runtime": 0, "Total Runtime": 4753.599, "Unique SQL Id": 3745551476}}, "(16, 29)": {"explain_plan": {"Plan": {"Node Type": "Sort", "Startup Cost": 1239498.42, "Total Cost": 1239498.42, "Plan Rows": 1, "Plan Width": 24, "Sort Key": ["orders.o_orderpriority"], "Plans": [{"Node Type": "Aggregate", "Strategy": "Hashed", "Parent Relationship": "Outer", "Startup Cost": 1239498.4, "Total Cost": 1239498.41, "Plan Rows": 1, "Plan Width": 24, "Group By Key": ["orders.o_orderpriority"], "Plans": [{"Node Type": "Nested Loop", "Parent Relationship": "Outer", "Join Type": "Semi", "Startup Cost": 0.0, "Total Cost": 1236651.35, "Plan Rows": 569410, "Plan Width": 16, "Inner Unique": false, "Plans": [{"Node Type": "Streaming(type: LOCAL GATHER dop: 1/16)", "Parent Relationship": "Outer", "Startup Cost": 0.0, "Total Cost": 622334.68, "Plan Rows": 569410, "Plan Width": 24, "Plans": [{"Node Type": "Index Scan", "Parent Relationship": "Outer", "Scan Direction": "Forward", "Index Name": "orders_pkey", "Relation Name": "orders", "Alias": "orders", "Startup Cost": 0.0, "Total Cost": 610045.66, "Plan Rows": 569410, "Plan Width": 24, "Filter": "((o_orderdate >= '1995-01-01 00:00:00'::timestamp(0) without time zone) AND (o_orderdate < '1995-04-01 00:00:00'::timestamp without time zone)), (LLVM Optimized)"}]}, {"Node Type": "Index Scan", "Parent Relationship": "Inner", "Scan Direction": "Forward", "Index Name": "idx_lineitem_orderkey", "Relation Name": "lineitem", "Alias": "lineitem", "Startup Cost": 0.0, "Total Cost": 5.41, "Plan Rows": 3, "Plan Width": 8, "Index Cond": "(l_orderkey = orders.o_orderkey)", "Filter": "(l_commitdate < l_receiptdate)"}]}]}]}, "Unique SQL Id": 3745551476, "Planner Runtime": 0}, "explain_analyze_plan": {"Plan": {"Node Type": "Sort", "Startup Cost": 1239498.42, "Total Cost": 1239498.42, "Plan Rows": 1, "Plan Width": 24, "Actual Min Startup Time": 4836.612, "Actual Max Startup Time": 4836.612, "Actual Min Total Time": 4836.613, "Actual Max Total Time": 4836.613, "Sort Key": ["orders.o_orderpriority"], "Sort Method": "quicksort", "Sort Space Min Used": 25, "Sort Space Max Used": 25, "Sort Space Type": "Memory", "Plans": [{"Node Type": "Aggregate", "Strategy": "Hashed", "Parent Relationship": "Outer", "Startup Cost": 1239498.4, "Total Cost": 1239498.41, "Plan Rows": 1, "Plan Width": 24, "Actual Min Startup Time": 4836.574, "Actual Max Startup Time": 4836.574, "Actual Min Total Time": 4836.576, "Actual Max Total Time": 4836.576, "Group By Key": ["orders.o_orderpriority"], "Plans": [{"Node Type": "Nested Loop", "Parent Relationship": "Outer", "Join Type": "Semi", "Startup Cost": 0.0, "Total Cost": 1236651.35, "Plan Rows": 569410, "Plan Width": 16, "Actual Min Startup Time": 174.498, "Actual Max Startup Time": 174.498, "Actual Min Total Time": 4565.385, "Actual Max Total Time": 4565.385, "Inner Unique": false, "Plans": [{"Node Type": "Streaming(type: LOCAL GATHER dop: 1/16)", "Parent Relationship": "Outer", "Startup Cost": 0.0, "Total Cost": 622334.68, "Plan Rows": 569410, "Plan Width": 24, "Actual Min Startup Time": 174.432, "Actual Max Startup Time": 174.432, "Actual Min Total Time": 409.483, "Actual Max Total Time": 409.483, "Plans": [{"Node Type": "Index Scan", "Parent Relationship": "Outer", "Scan Direction": "Forward", "Index Name": "orders_pkey", "Relation Name": "orders", "Alias": "orders", "Startup Cost": 0.0, "Total Cost": 610045.66, "Plan Rows": 569410, "Plan Width": 24, "Actual Min Startup Time": 126.895, "Actual Max Startup Time": 135.2, "Actual Min Total Time": 713.41, "Actual Max Total Time": 809.738, "Filter": "((o_orderdate >= '1995-01-01 00:00:00'::timestamp(0) without time zone) AND (o_orderdate < '1995-04-01 00:00:00'::timestamp without time zone)), (LLVM Optimized, Jit Execute)", "Rows Removed by Filter": 14438388, "Actual Rows": 561612}], "Actual Rows": 561612}, {"Node Type": "Index Scan", "Parent Relationship": "Inner", "Scan Direction": "Forward", "Index Name": "idx_lineitem_orderkey", "Relation Name": "lineitem", "Alias": "lineitem", "Startup Cost": 0.0, "Total Cost": 5.41, "Plan Rows": 3, "Plan Width": 8, "Actual Min Startup Time": 3741.772, "Actual Max Startup Time": 3741.772, "Actual Min Total Time": 3741.772, "Actual Max Total Time": 3741.772, "Index Cond": "(l_orderkey = orders.o_orderkey)", "Rows Removed by Index Recheck": 0, "Filter": "(l_commitdate < l_receiptdate)", "Rows Removed by Filter": 299676, "Actual Rows": 515106}], "Actual Rows": 515106}], "Actual Rows": 5}], "Actual Rows": 5}, "Triggers": [], "Planner Runtime": 0, "Total Runtime": 4847.856, "Unique SQL Id": 3745551476}}, "(16, 30)": {"explain_plan": {"Plan": {"Node Type": "Sort", "Startup Cost": 73745631.06, "Total Cost": 73745631.06, "Plan Rows": 1, "Plan Width": 24, "Sort Key": ["orders.o_orderpriority"], "Plans": [{"Node Type": "Streaming(type: LOCAL GATHER dop: 1/16)", "Parent Relationship": "Outer", "Startup Cost": 73745631.04, "Total Cost": 73745631.05, "Plan Rows": 1, "Plan Width": 24, "Plans": [{"Node Type": "Aggregate", "Strategy": "Hashed", "Parent Relationship": "Outer", "Startup Cost": 73745631.04, "Total Cost": 73745631.04, "Plan Rows": 1, "Plan Width": 24, "Group By Key": ["orders.o_orderpriority"], "Plans": [{"Node Type": "Streaming(type: LOCAL REDISTRIBUTE dop: 16/16)", "Parent Relationship": "Outer", "Startup Cost": 73745631.01, "Total Cost": 73745631.04, "Plan Rows": 1, "Plan Width": 24, "Plans": [{"Node Type": "Aggregate", "Strategy": "Hashed", "Parent Relationship": "Outer", "Startup Cost": 73745631.01, "Total Cost": 73745631.01, "Plan Rows": 1, "Plan Width": 24, "Group By Key": ["orders.o_orderpriority"], "Plans": [{"Node Type": "Nested Loop", "Parent Relationship": "Outer", "Join Type": "Inner", "Startup Cost": 183706.39, "Total Cost": 73745453.07, "Plan Rows": 569410, "Plan Width": 16, "Inner Unique": true, "Join Filter": "(orders.o_orderkey = lineitem.l_orderkey), (LLVM Optimized)", "Plans": [{"Node Type": "Aggregate", "Strategy": "Hashed", "Parent Relationship": "Outer", "Startup Cost": 178507.06, "Total Cost": 179883.48, "Plan Rows": 2202268, "Plan Width": 8, "Group By Key": ["lineitem.l_orderkey"], "Plans": [{"Node Type": "Streaming(type: LOCAL REDISTRIBUTE dop: 16/16)", "Parent Relationship": "Outer", "Startup Cost": 153442.01, "Total Cost": 178162.96, "Plan Rows": 2202268, "Plan Width": 8, "Plans": [{"Node Type": "Aggregate", "Strategy": "Hashed", "Parent Relationship": "Outer", "Startup Cost": 153442.01, "Total Cost": 154818.42, "Plan Rows": 2202268, "Plan Width": 8, "Group By Key": ["lineitem.l_orderkey"], "Plans": [{"Node Type": "Seq Scan", "Parent Relationship": "Outer", "Relation Name": "lineitem", "Alias": "lineitem", "Startup Cost": 0.0, "Total Cost": 150317.68, "Plan Rows": 19995678, "Plan Width": 8, "Filter": "(l_commitdate < l_receiptdate), (LLVM Optimized)"}]}]}]}, {"Node Type": "Materialize", "Parent Relationship": "Inner", "Startup Cost": 37.76, "Total Cost": 63673.67, "Plan Rows": 569410, "Plan Width": 24, "Plans": [{"Node Type": "Streaming(type: LOCAL REDISTRIBUTE dop: 16/16)", "Parent Relationship": "Outer", "Startup Cost": 37.76, "Total Cost": 63495.73, "Plan Rows": 569410, "Plan Width": 24, "Plans": [{"Node Type": "Seq Scan", "Parent Relationship": "Outer", "Relation Name": "orders", "Alias": "orders", "Startup Cost": 37.76, "Total Cost": 46338.2, "Plan Rows": 569410, "Plan Width": 24, "Filter": "((o_orderdate >= '1995-01-01 00:00:00'::timestamp(0) without time zone) AND (o_orderdate < '1995-04-01 00:00:00'::timestamp without time zone)), (LLVM Optimized)"}]}]}]}]}]}]}]}]}, "Unique SQL Id": 3745551476, "Planner Runtime": 0}, "explain_analyze_plan": null}, "(16, 31)": {"explain_plan": {"Plan": {"Node Type": "Sort", "Startup Cost": 2000403569659.73, "Total Cost": 2000403569659.74, "Plan Rows": 1, "Plan Width": 24, "Sort Key": ["orders.o_orderpriority"], "Plans": [{"Node Type": "Aggregate", "Strategy": "Hashed", "Parent Relationship": "Outer", "Startup Cost": 2000403569659.71, "Total Cost": 2000403569659.72, "Plan Rows": 1, "Plan Width": 24, "Group By Key": ["orders.o_orderpriority"], "Plans": [{"Node Type": "Merge Join", "Parent Relationship": "Outer", "Join Type": "Semi", "Startup Cost": 20036514449.31, "Total Cost": 2000403566812.66, "Plan Rows": 569410, "Plan Width": 16, "Inner Unique": false, "Merge Cond": "(orders.o_orderkey = lineitem.l_orderkey)", "Plans": [{"Node Type": "Index Scan", "Parent Relationship": "Outer", "Scan Direction": "Forward", "Index Name": "orders_pkey", "Relation Name": "orders", "Alias": "orders", "Startup Cost": 10000000000.0, "Total Cost": 1000080597583.0, "Plan Rows": 569410, "Plan Width": 24, "Filter": "((o_orderdate >= '1995-01-01 00:00:00'::timestamp(0) without time zone) AND (o_orderdate < '1995-04-01 00:00:00'::timestamp without time zone)), (LLVM Optimized)"}, {"Node Type": "Index Scan", "Parent Relationship": "Inner", "Scan Direction": "Forward", "Index Name": "idx_lineitem_orderkey", "Relation Name": "lineitem", "Alias": "lineitem", "Startup Cost": 10000000000.0, "Total Cost": 1000339012132.75, "Plan Rows": 19995678, "Plan Width": 8, "Filter": "(l_commitdate < l_receiptdate), (LLVM Optimized)"}]}]}]}, "Unique SQL Id": 3745551476, "Planner Runtime": 0}, "explain_analyze_plan": null}, "(16, 32)": {"explain_plan": {"Plan": {"Node Type": "Sort", "Startup Cost": 223060.11, "Total Cost": 223060.12, "Plan Rows": 1, "Plan Width": 24, "Sort Key": ["orders.o_orderpriority"], "Plans": [{"Node Type": "Streaming(type: LOCAL GATHER dop: 1/16)", "Parent Relationship": "Outer", "Startup Cost": 223060.1, "Total Cost": 223060.1, "Plan Rows": 1, "Plan Width": 24, "Plans": [{"Node Type": "Aggregate", "Strategy": "Hashed", "Parent Relationship": "Outer", "Startup Cost": 223060.1, "Total Cost": 223060.1, "Plan Rows": 1, "Plan Width": 24, "Group By Key": ["orders.o_orderpriority"], "Plans": [{"Node Type": "Streaming(type: LOCAL REDISTRIBUTE dop: 16/16)", "Parent Relationship": "Outer", "Startup Cost": 223060.07, "Total Cost": 223060.1, "Plan Rows": 1, "Plan Width": 24, "Plans": [{"Node Type": "Aggregate", "Strategy": "Hashed", "Parent Relationship": "Outer", "Startup Cost": 223060.07, "Total Cost": 223060.07, "Plan Rows": 1, "Plan Width": 24, "Group By Key": ["orders.o_orderpriority"], "Plans": [{"Node Type": "Hash Join", "Parent Relationship": "Outer", "Join Type": "Inner", "Startup Cost": 199987.41, "Total Cost": 222882.13, "Plan Rows": 569410, "Plan Width": 16, "Inner Unique": true, "Hash Cond": "(lineitem.l_orderkey = orders.o_orderkey), (LLVM Optimized)", "Plans": [{"Node Type": "Aggregate", "Strategy": "Hashed", "Parent Relationship": "Outer", "Startup Cost": 178507.06, "Total Cost": 179883.48, "Plan Rows": 2202268, "Plan Width": 8, "Group By Key": ["lineitem.l_orderkey"], "Plans": [{"Node Type": "Streaming(type: LOCAL REDISTRIBUTE dop: 16/16)", "Parent Relationship": "Outer", "Startup Cost": 153442.01, "Total Cost": 178162.96, "Plan Rows": 2202268, "Plan Width": 8, "Plans": [{"Node Type": "Aggregate", "Strategy": "Hashed", "Parent Relationship": "Outer", "Startup Cost": 153442.01, "Total Cost": 154818.42, "Plan Rows": 2202268, "Plan Width": 8, "Group By Key": ["lineitem.l_orderkey"], "Plans": [{"Node Type": "Seq Scan", "Parent Relationship": "Outer", "Relation Name": "lineitem", "Alias": "lineitem", "Startup Cost": 0.0, "Total Cost": 150317.68, "Plan Rows": 19995678, "Plan Width": 8, "Filter": "(l_commitdate < l_receiptdate), (LLVM Optimized)"}]}]}]}, {"Node Type": "Hash", "Parent Relationship": "Inner", "Startup Cost": 63495.73, "Total Cost": 63495.73, "Plan Rows": 569410, "Plan Width": 24, "Plans": [{"Node Type": "Streaming(type: LOCAL REDISTRIBUTE dop: 16/16)", "Parent Relationship": "Outer", "Startup Cost": 37.76, "Total Cost": 63495.73, "Plan Rows": 569410, "Plan Width": 24, "Plans": [{"Node Type": "Seq Scan", "Parent Relationship": "Outer", "Relation Name": "orders", "Alias": "orders", "Startup Cost": 37.76, "Total Cost": 46338.2, "Plan Rows": 569410, "Plan Width": 24, "Filter": "((o_orderdate >= '1995-01-01 00:00:00'::timestamp(0) without time zone) AND (o_orderdate < '1995-04-01 00:00:00'::timestamp without time zone)), (LLVM Optimized)"}]}]}]}]}]}]}]}]}, "Unique SQL Id": 3745551476, "Planner Runtime": 0}, "explain_analyze_plan": {"Plan": {"Node Type": "Sort", "Startup Cost": 223060.11, "Total Cost": 223060.12, "Plan Rows": 1, "Plan Width": 24, "Actual Min Startup Time": 5326.268, "Actual Max Startup Time": 5326.268, "Actual Min Total Time": 5326.269, "Actual Max Total Time": 5326.269, "Sort Key": ["orders.o_orderpriority"], "Sort Method": "quicksort", "Sort Space Min Used": 25, "Sort Space Max Used": 25, "Sort Space Type": "Memory", "Plans": [{"Node Type": "Streaming(type: LOCAL GATHER dop: 1/16)", "Parent Relationship": "Outer", "Startup Cost": 223060.1, "Total Cost": 223060.1, "Plan Rows": 1, "Plan Width": 24, "Actual Min Startup Time": 5325.981, "Actual Max Startup Time": 5325.981, "Actual Min Total Time": 5326.201, "Actual Max Total Time": 5326.201, "Plans": [{"Node Type": "Aggregate", "Strategy": "Hashed", "Parent Relationship": "Outer", "Startup Cost": 223060.1, "Total Cost": 223060.1, "Plan Rows": 1, "Plan Width": 24, "Actual Min Startup Time": 5241.572, "Actual Max Startup Time": 5273.993, "Actual Min Total Time": 5241.572, "Actual Max Total Time": 5273.993, "Group By Key": ["orders.o_orderpriority"], "Plans": [{"Node Type": "Streaming(type: LOCAL REDISTRIBUTE dop: 16/16)", "Parent Relationship": "Outer", "Startup Cost": 223060.07, "Total Cost": 223060.1, "Plan Rows": 1, "Plan Width": 24, "Actual Min Startup Time": 5184.678, "Actual Max Startup Time": 5273.984, "Actual Min Total Time": 5241.566, "Actual Max Total Time": 5273.984, "Plans": [{"Node Type": "Aggregate", "Strategy": "Hashed", "Parent Relationship": "Outer", "Startup Cost": 223060.07, "Total Cost": 223060.07, "Plan Rows": 1, "Plan Width": 24, "Actual Min Startup Time": 5118.77, "Actual Max Startup Time": 5250.137, "Actual Min Total Time": 5118.772, "Actual Max Total Time": 5250.14, "Group By Key": ["orders.o_orderpriority"], "Plans": [{"Node Type": "Hash Join", "Parent Relationship": "Outer", "Join Type": "Inner", "Startup Cost": 199987.41, "Total Cost": 222882.13, "Plan Rows": 569410, "Plan Width": 16, "Actual Min Startup Time": 4788.695, "Actual Max Startup Time": 4877.328, "Actual Min Total Time": 5105.267, "Actual Max Total Time": 5237.07, "Inner Unique": true, "Hash Cond": "(lineitem.l_orderkey = orders.o_orderkey), (LLVM Optimized, Jit Execute)", "Plans": [{"Node Type": "Aggregate", "Strategy": "Hashed", "Parent Relationship": "Outer", "Startup Cost": 178507.06, "Total Cost": 179883.48, "Plan Rows": 2202268, "Plan Width": 8, "Actual Min Startup Time": 4318.042, "Actual Max Startup Time": 4318.214, "Actual Min Total Time": 4470.778, "Actual Max Total Time": 4515.862, "Group By Key": ["lineitem.l_orderkey"], "Plans": [{"Node Type": "Streaming(type: LOCAL REDISTRIBUTE dop: 16/16)", "Parent Relationship": "Outer", "Startup Cost": 153442.01, "Total Cost": 178162.96, "Plan Rows": 2202268, "Plan Width": 8, "Actual Min Startup Time": 2156.969, "Actual Max Startup Time": 2158.381, "Actual Min Total Time": 3852.509, "Actual Max Total Time": 3925.326, "Plans": [{"Node Type": "Aggregate", "Strategy": "Hashed", "Parent Relationship": "Outer", "Startup Cost": 153442.01, "Total Cost": 154818.42, "Plan Rows": 2202268, "Plan Width": 8, "Actual Min Startup Time": 2704.393, "Actual Max Startup Time": 3047.185, "Actual Min Total Time": 2999.133, "Actual Max Total Time": 3445.708, "Group By Key": ["lineitem.l_orderkey"], "Plans": [{"Node Type": "Seq Scan", "Parent Relationship": "Outer", "Relation Name": "lineitem", "Alias": "lineitem", "Startup Cost": 0.0, "Total Cost": 150317.68, "Plan Rows": 19995678, "Plan Width": 8, "Actual Min Startup Time": 0.02, "Actual Max Startup Time": 0.044, "Actual Min Total Time": 1763.072, "Actual Max Total Time": 1876.643, "Filter": "(l_commitdate < l_receiptdate), (LLVM Optimized, Jit Execute)", "Rows Removed by Filter": 22056704, "Actual Rows": 37929348}], "Actual Rows": 13761080}], "Actual Rows": 13761080}], "Actual Rows": 13753474}, {"Node Type": "Hash", "Parent Relationship": "Inner", "Startup Cost": 63495.73, "Total Cost": 63495.73, "Plan Rows": 569410, "Plan Width": 24, "Actual Min Startup Time": 470.505, "Actual Max Startup Time": 559.062, "Actual Min Total Time": 470.505, "Actual Max Total Time": 559.062, "Max Hash Buckets": 65536, "Min Hash Buckets": 65536, "Max Hash Batches": 1, "Min Hash Batches": 1, "Max Original Hash Batches": 1, "Min Original Hash Batches": 1, "Max Peak Memory Usage": 1899, "min Peak Memory Usage": 1899, "Plans": [{"Node Type": "Streaming(type: LOCAL REDISTRIBUTE dop: 16/16)", "Parent Relationship": "Outer", "Startup Cost": 37.76, "Total Cost": 63495.73, "Plan Rows": 569410, "Plan Width": 24, "Actual Min Startup Time": 0.045, "Actual Max Startup Time": 87.172, "Actual Min Total Time": 459.295, "Actual Max Total Time": 546.654, "Plans": [{"Node Type": "Seq Scan", "Parent Relationship": "Outer", "Relation Name": "orders", "Alias": "orders", "Startup Cost": 37.76, "Total Cost": 46338.2, "Plan Rows": 569410, "Plan Width": 24, "Actual Min Startup Time": 0.032, "Actual Max Startup Time": 0.061, "Actual Min Total Time": 394.261, "Actual Max Total Time": 423.116, "Filter": "((o_orderdate >= '1995-01-01 00:00:00'::timestamp(0) without time zone) AND (o_orderdate < '1995-04-01 00:00:00'::timestamp without time zone)), (LLVM Optimized, Jit Execute)", "Rows Removed by Filter": 14438388, "Actual Rows": 561612}], "Actual Rows": 561612}], "Actual Rows": 561612}], "Actual Rows": 515106}], "Actual Rows": 80}], "Actual Rows": 80}], "Actual Rows": 5}], "Actual Rows": 5}], "Actual Rows": 5}, "Triggers": [], "Planner Runtime": 0, "Total Runtime": 5347.731, "Unique SQL Id": 3745551476}}, "(16, 33)": {"explain_plan": {"Plan": {"Node Type": "Sort", "Startup Cost": 916688.59, "Total Cost": 916688.6, "Plan Rows": 1, "Plan Width": 24, "Sort Key": ["orders.o_orderpriority"], "Plans": [{"Node Type": "Aggregate", "Strategy": "Hashed", "Parent Relationship": "Outer", "Startup Cost": 916688.57, "Total Cost": 916688.58, "Plan Rows": 1, "Plan Width": 24, "Group By Key": ["orders.o_orderpriority"], "Plans": [{"Node Type": "Nested Loop", "Parent Relationship": "Outer", "Join Type": "Semi", "Startup Cost": 14564.7, "Total Cost": 913841.52, "Plan Rows": 569410, "Plan Width": 16, "Inner Unique": false, "Plans": [{"Node Type": "Bitmap Heap Scan", "Parent Relationship": "Outer", "Relation Name": "orders", "Alias": "orders", "Startup Cost": 14564.7, "Total Cost": 299524.85, "Plan Rows": 569410, "Plan Width": 24, "Recheck Cond": "((o_orderdate >= '1995-01-01 00:00:00'::timestamp(0) without time zone) AND (o_orderdate < '1995-04-01 00:00:00'::timestamp without time zone)), (LLVM Optimized)", "Plans": [{"Node Type": "Bitmap Index Scan", "Parent Relationship": "Outer", "Index Name": "idx_orders_orderdate", "Startup Cost": 0.0, "Total Cost": 14422.35, "Plan Rows": 569410, "Plan Width": 0, "Index Cond": "((o_orderdate >= '1995-01-01 00:00:00'::timestamp(0) without time zone) AND (o_orderdate < '1995-04-01 00:00:00'::timestamp without time zone))"}]}, {"Node Type": "Index Scan", "Parent Relationship": "Inner", "Scan Direction": "Forward", "Index Name": "idx_lineitem_orderkey", "Relation Name": "lineitem", "Alias": "lineitem", "Startup Cost": 0.0, "Total Cost": 5.41, "Plan Rows": 3, "Plan Width": 8, "Index Cond": "(l_orderkey = orders.o_orderkey)", "Filter": "(l_commitdate < l_receiptdate)"}]}]}]}, "Unique SQL Id": 3745551476, "Planner Runtime": 0}, "explain_analyze_plan": {"Plan": {"Node Type": "Sort", "Startup Cost": 916688.59, "Total Cost": 916688.6, "Plan Rows": 1, "Plan Width": 24, "Actual Startup Time": 5413.801, "Actual Total Time": 5413.802, "Actual Rows": 5, "Actual Loops": 1, "Sort Key": ["orders.o_orderpriority"], "Sort Method": "quicksort", "Sort Space Used": 25, "Sort Space Type": "Memory", "Plans": [{"Node Type": "Aggregate", "Strategy": "Hashed", "Parent Relationship": "Outer", "Startup Cost": 916688.57, "Total Cost": 916688.58, "Plan Rows": 1, "Plan Width": 24, "Actual Startup Time": 5413.754, "Actual Total Time": 5413.756, "Actual Rows": 5, "Actual Loops": 1, "Group By Key": ["orders.o_orderpriority"], "Plans": [{"Node Type": "Nested Loop", "Parent Relationship": "Outer", "Join Type": "Semi", "Startup Cost": 14564.7, "Total Cost": 913841.52, "Plan Rows": 569410, "Plan Width": 16, "Actual Startup Time": 248.12, "Actual Total Time": 5129.668, "Actual Rows": 515106, "Actual Loops": 1, "Inner Unique": false, "Plans": [{"Node Type": "Bitmap Heap Scan", "Parent Relationship": "Outer", "Relation Name": "orders", "Alias": "orders", "Startup Cost": 14564.7, "Total Cost": 299524.85, "Plan Rows": 569410, "Plan Width": 24, "Actual Startup Time": 248.035, "Actual Total Time": 1102.757, "Actual Rows": 561612, "Actual Loops": 1, "Recheck Cond": "((o_orderdate >= '1995-01-01 00:00:00'::timestamp(0) without time zone) AND (o_orderdate < '1995-04-01 00:00:00'::timestamp without time zone)), (LLVM Optimized, Jit Execute)", "Rows Removed by Index Recheck": 0, "Exact Heap Blocks": 241676, "Lossy Heap Blocks": 241676, "Plans": [{"Node Type": "Bitmap Index Scan", "Parent Relationship": "Outer", "Index Name": "idx_orders_orderdate", "Startup Cost": 0.0, "Total Cost": 14422.35, "Plan Rows": 569410, "Plan Width": 0, "Actual Startup Time": 173.006, "Actual Total Time": 173.006, "Actual Rows": 561612, "Actual Loops": 1, "Index Cond": "((o_orderdate >= '1995-01-01 00:00:00'::timestamp(0) without time zone) AND (o_orderdate < '1995-04-01 00:00:00'::timestamp without time zone))"}]}, {"Node Type": "Index Scan", "Parent Relationship": "Inner", "Scan Direction": "Forward", "Index Name": "idx_lineitem_orderkey", "Relation Name": "lineitem", "Alias": "lineitem", "Startup Cost": 0.0, "Total Cost": 5.41, "Plan Rows": 3, "Plan Width": 8, "Actual Startup Time": 3608.892, "Actual Total Time": 3608.892, "Actual Rows": 515106, "Actual Loops": 561612, "Index Cond": "(l_orderkey = orders.o_orderkey)", "Rows Removed by Index Recheck": 0, "Filter": "(l_commitdate < l_receiptdate)", "Rows Removed by Filter": 299676}]}]}]}, "Triggers": [], "Planner Runtime": 0, "Total Runtime": 5423.336, "Unique SQL Id": 3745551476}}, "(16, 34)": {"explain_plan": {"Plan": {"Node Type": "Sort", "Startup Cost": 223060.11, "Total Cost": 223060.12, "Plan Rows": 1, "Plan Width": 24, "Sort Key": ["orders.o_orderpriority"], "Plans": [{"Node Type": "Streaming(type: LOCAL GATHER dop: 1/16)", "Parent Relationship": "Outer", "Startup Cost": 223060.1, "Total Cost": 223060.1, "Plan Rows": 1, "Plan Width": 24, "Plans": [{"Node Type": "Aggregate", "Strategy": "Hashed", "Parent Relationship": "Outer", "Startup Cost": 223060.1, "Total Cost": 223060.1, "Plan Rows": 1, "Plan Width": 24, "Group By Key": ["orders.o_orderpriority"], "Plans": [{"Node Type": "Streaming(type: LOCAL REDISTRIBUTE dop: 16/16)", "Parent Relationship": "Outer", "Startup Cost": 223060.07, "Total Cost": 223060.1, "Plan Rows": 1, "Plan Width": 24, "Plans": [{"Node Type": "Aggregate", "Strategy": "Hashed", "Parent Relationship": "Outer", "Startup Cost": 223060.07, "Total Cost": 223060.07, "Plan Rows": 1, "Plan Width": 24, "Group By Key": ["orders.o_orderpriority"], "Plans": [{"Node Type": "Hash Join", "Parent Relationship": "Outer", "Join Type": "Inner", "Startup Cost": 199987.41, "Total Cost": 222882.13, "Plan Rows": 569410, "Plan Width": 16, "Inner Unique": true, "Hash Cond": "(lineitem.l_orderkey = orders.o_orderkey), (LLVM Optimized)", "Plans": [{"Node Type": "Aggregate", "Strategy": "Hashed", "Parent Relationship": "Outer", "Startup Cost": 178507.06, "Total Cost": 179883.48, "Plan Rows": 2202268, "Plan Width": 8, "Group By Key": ["lineitem.l_orderkey"], "Plans": [{"Node Type": "Streaming(type: LOCAL REDISTRIBUTE dop: 16/16)", "Parent Relationship": "Outer", "Startup Cost": 153442.01, "Total Cost": 178162.96, "Plan Rows": 2202268, "Plan Width": 8, "Plans": [{"Node Type": "Aggregate", "Strategy": "Hashed", "Parent Relationship": "Outer", "Startup Cost": 153442.01, "Total Cost": 154818.42, "Plan Rows": 2202268, "Plan Width": 8, "Group By Key": ["lineitem.l_orderkey"], "Plans": [{"Node Type": "Seq Scan", "Parent Relationship": "Outer", "Relation Name": "lineitem", "Alias": "lineitem", "Startup Cost": 0.0, "Total Cost": 150317.68, "Plan Rows": 19995678, "Plan Width": 8, "Filter": "(l_commitdate < l_receiptdate), (LLVM Optimized)"}]}]}]}, {"Node Type": "Hash", "Parent Relationship": "Inner", "Startup Cost": 63495.73, "Total Cost": 63495.73, "Plan Rows": 569410, "Plan Width": 24, "Plans": [{"Node Type": "Streaming(type: LOCAL REDISTRIBUTE dop: 16/16)", "Parent Relationship": "Outer", "Startup Cost": 37.76, "Total Cost": 63495.73, "Plan Rows": 569410, "Plan Width": 24, "Plans": [{"Node Type": "Seq Scan", "Parent Relationship": "Outer", "Relation Name": "orders", "Alias": "orders", "Startup Cost": 37.76, "Total Cost": 46338.2, "Plan Rows": 569410, "Plan Width": 24, "Filter": "((o_orderdate >= '1995-01-01 00:00:00'::timestamp(0) without time zone) AND (o_orderdate < '1995-04-01 00:00:00'::timestamp without time zone)), (LLVM Optimized)"}]}]}]}]}]}]}]}]}, "Unique SQL Id": 3745551476, "Planner Runtime": 0}, "explain_analyze_plan": {"Plan": {"Node Type": "Sort", "Startup Cost": 223060.11, "Total Cost": 223060.12, "Plan Rows": 1, "Plan Width": 24, "Actual Min Startup Time": 5326.268, "Actual Max Startup Time": 5326.268, "Actual Min Total Time": 5326.269, "Actual Max Total Time": 5326.269, "Sort Key": ["orders.o_orderpriority"], "Sort Method": "quicksort", "Sort Space Min Used": 25, "Sort Space Max Used": 25, "Sort Space Type": "Memory", "Plans": [{"Node Type": "Streaming(type: LOCAL GATHER dop: 1/16)", "Parent Relationship": "Outer", "Startup Cost": 223060.1, "Total Cost": 223060.1, "Plan Rows": 1, "Plan Width": 24, "Actual Min Startup Time": 5325.981, "Actual Max Startup Time": 5325.981, "Actual Min Total Time": 5326.201, "Actual Max Total Time": 5326.201, "Plans": [{"Node Type": "Aggregate", "Strategy": "Hashed", "Parent Relationship": "Outer", "Startup Cost": 223060.1, "Total Cost": 223060.1, "Plan Rows": 1, "Plan Width": 24, "Actual Min Startup Time": 5241.572, "Actual Max Startup Time": 5273.993, "Actual Min Total Time": 5241.572, "Actual Max Total Time": 5273.993, "Group By Key": ["orders.o_orderpriority"], "Plans": [{"Node Type": "Streaming(type: LOCAL REDISTRIBUTE dop: 16/16)", "Parent Relationship": "Outer", "Startup Cost": 223060.07, "Total Cost": 223060.1, "Plan Rows": 1, "Plan Width": 24, "Actual Min Startup Time": 5184.678, "Actual Max Startup Time": 5273.984, "Actual Min Total Time": 5241.566, "Actual Max Total Time": 5273.984, "Plans": [{"Node Type": "Aggregate", "Strategy": "Hashed", "Parent Relationship": "Outer", "Startup Cost": 223060.07, "Total Cost": 223060.07, "Plan Rows": 1, "Plan Width": 24, "Actual Min Startup Time": 5118.77, "Actual Max Startup Time": 5250.137, "Actual Min Total Time": 5118.772, "Actual Max Total Time": 5250.14, "Group By Key": ["orders.o_orderpriority"], "Plans": [{"Node Type": "Hash Join", "Parent Relationship": "Outer", "Join Type": "Inner", "Startup Cost": 199987.41, "Total Cost": 222882.13, "Plan Rows": 569410, "Plan Width": 16, "Actual Min Startup Time": 4788.695, "Actual Max Startup Time": 4877.328, "Actual Min Total Time": 5105.267, "Actual Max Total Time": 5237.07, "Inner Unique": true, "Hash Cond": "(lineitem.l_orderkey = orders.o_orderkey), (LLVM Optimized, Jit Execute)", "Plans": [{"Node Type": "Aggregate", "Strategy": "Hashed", "Parent Relationship": "Outer", "Startup Cost": 178507.06, "Total Cost": 179883.48, "Plan Rows": 2202268, "Plan Width": 8, "Actual Min Startup Time": 4318.042, "Actual Max Startup Time": 4318.214, "Actual Min Total Time": 4470.778, "Actual Max Total Time": 4515.862, "Group By Key": ["lineitem.l_orderkey"], "Plans": [{"Node Type": "Streaming(type: LOCAL REDISTRIBUTE dop: 16/16)", "Parent Relationship": "Outer", "Startup Cost": 153442.01, "Total Cost": 178162.96, "Plan Rows": 2202268, "Plan Width": 8, "Actual Min Startup Time": 2156.969, "Actual Max Startup Time": 2158.381, "Actual Min Total Time": 3852.509, "Actual Max Total Time": 3925.326, "Plans": [{"Node Type": "Aggregate", "Strategy": "Hashed", "Parent Relationship": "Outer", "Startup Cost": 153442.01, "Total Cost": 154818.42, "Plan Rows": 2202268, "Plan Width": 8, "Actual Min Startup Time": 2704.393, "Actual Max Startup Time": 3047.185, "Actual Min Total Time": 2999.133, "Actual Max Total Time": 3445.708, "Group By Key": ["lineitem.l_orderkey"], "Plans": [{"Node Type": "Seq Scan", "Parent Relationship": "Outer", "Relation Name": "lineitem", "Alias": "lineitem", "Startup Cost": 0.0, "Total Cost": 150317.68, "Plan Rows": 19995678, "Plan Width": 8, "Actual Min Startup Time": 0.02, "Actual Max Startup Time": 0.044, "Actual Min Total Time": 1763.072, "Actual Max Total Time": 1876.643, "Filter": "(l_commitdate < l_receiptdate), (LLVM Optimized, Jit Execute)", "Rows Removed by Filter": 22056704, "Actual Rows": 37929348}], "Actual Rows": 13761080}], "Actual Rows": 13761080}], "Actual Rows": 13753474}, {"Node Type": "Hash", "Parent Relationship": "Inner", "Startup Cost": 63495.73, "Total Cost": 63495.73, "Plan Rows": 569410, "Plan Width": 24, "Actual Min Startup Time": 470.505, "Actual Max Startup Time": 559.062, "Actual Min Total Time": 470.505, "Actual Max Total Time": 559.062, "Max Hash Buckets": 65536, "Min Hash Buckets": 65536, "Max Hash Batches": 1, "Min Hash Batches": 1, "Max Original Hash Batches": 1, "Min Original Hash Batches": 1, "Max Peak Memory Usage": 1899, "min Peak Memory Usage": 1899, "Plans": [{"Node Type": "Streaming(type: LOCAL REDISTRIBUTE dop: 16/16)", "Parent Relationship": "Outer", "Startup Cost": 37.76, "Total Cost": 63495.73, "Plan Rows": 569410, "Plan Width": 24, "Actual Min Startup Time": 0.045, "Actual Max Startup Time": 87.172, "Actual Min Total Time": 459.295, "Actual Max Total Time": 546.654, "Plans": [{"Node Type": "Seq Scan", "Parent Relationship": "Outer", "Relation Name": "orders", "Alias": "orders", "Startup Cost": 37.76, "Total Cost": 46338.2, "Plan Rows": 569410, "Plan Width": 24, "Actual Min Startup Time": 0.032, "Actual Max Startup Time": 0.061, "Actual Min Total Time": 394.261, "Actual Max Total Time": 423.116, "Filter": "((o_orderdate >= '1995-01-01 00:00:00'::timestamp(0) without time zone) AND (o_orderdate < '1995-04-01 00:00:00'::timestamp without time zone)), (LLVM Optimized, Jit Execute)", "Rows Removed by Filter": 14438388, "Actual Rows": 561612}], "Actual Rows": 561612}], "Actual Rows": 561612}], "Actual Rows": 515106}], "Actual Rows": 80}], "Actual Rows": 80}], "Actual Rows": 5}], "Actual Rows": 5}], "Actual Rows": 5}, "Triggers": [], "Planner Runtime": 0, "Total Runtime": 5347.731, "Unique SQL Id": 3745551476}}, "(16, 35)": {"explain_plan": {"Plan": {"Node Type": "Sort", "Startup Cost": 2781642.36, "Total Cost": 2781642.36, "Plan Rows": 1, "Plan Width": 24, "Sort Key": ["orders.o_orderpriority"], "Plans": [{"Node Type": "Aggregate", "Strategy": "Hashed", "Parent Relationship": "Outer", "Startup Cost": 2781642.34, "Total Cost": 2781642.35, "Plan Rows": 1, "Plan Width": 24, "Group By Key": ["orders.o_orderpriority"], "Plans": [{"Node Type": "Nested Loop", "Parent Relationship": "Outer", "Join Type": "Semi", "Startup Cost": 14566.65, "Total Cost": 2778795.29, "Plan Rows": 569410, "Plan Width": 16, "Inner Unique": false, "Plans": [{"Node Type": "Bitmap Heap Scan", "Parent Relationship": "Outer", "Relation Name": "orders", "Alias": "orders", "Startup Cost": 14564.7, "Total Cost": 299524.85, "Plan Rows": 569410, "Plan Width": 24, "Recheck Cond": "((o_orderdate >= '1995-01-01 00:00:00'::timestamp(0) without time zone) AND (o_orderdate < '1995-04-01 00:00:00'::timestamp without time zone)), (LLVM Optimized)", "Plans": [{"Node Type": "Bitmap Index Scan", "Parent Relationship": "Outer", "Index Name": "idx_orders_orderdate", "Startup Cost": 0.0, "Total Cost": 14422.35, "Plan Rows": 569410, "Plan Width": 0, "Index Cond": "((o_orderdate >= '1995-01-01 00:00:00'::timestamp(0) without time zone) AND (o_orderdate < '1995-04-01 00:00:00'::timestamp without time zone))"}]}, {"Node Type": "Bitmap Heap Scan", "Parent Relationship": "Inner", "Relation Name": "lineitem", "Alias": "lineitem", "Startup Cost": 1.94, "Total Cost": 14.06, "Plan Rows": 3, "Plan Width": 8, "Recheck Cond": "(l_orderkey = orders.o_orderkey)", "Filter": "(l_commitdate < l_receiptdate)", "Plans": [{"Node Type": "Bitmap Index Scan", "Parent Relationship": "Outer", "Index Name": "idx_lineitem_orderkey", "Startup Cost": 0.0, "Total Cost": 1.94, "Plan Rows": 9, "Plan Width": 0, "Index Cond": "(l_orderkey = orders.o_orderkey)"}]}]}]}]}, "Unique SQL Id": 3745551476, "Planner Runtime": 0}, "explain_analyze_plan": {"Plan": {"Node Type": "Sort", "Startup Cost": 2781642.36, "Total Cost": 2781642.36, "Plan Rows": 1, "Plan Width": 24, "Actual Startup Time": 6919.311, "Actual Total Time": 6919.311, "Actual Rows": 5, "Actual Loops": 1, "Sort Key": ["orders.o_orderpriority"], "Sort Method": "quicksort", "Sort Space Used": 25, "Sort Space Type": "Memory", "Plans": [{"Node Type": "Aggregate", "Strategy": "Hashed", "Parent Relationship": "Outer", "Startup Cost": 2781642.34, "Total Cost": 2781642.35, "Plan Rows": 1, "Plan Width": 24, "Actual Startup Time": 6919.164, "Actual Total Time": 6919.179, "Actual Rows": 5, "Actual Loops": 1, "Group By Key": ["orders.o_orderpriority"], "Plans": [{"Node Type": "Nested Loop", "Parent Relationship": "Outer", "Join Type": "Semi", "Startup Cost": 14566.65, "Total Cost": 2778795.29, "Plan Rows": 569410, "Plan Width": 16, "Actual Startup Time": 240.267, "Actual Total Time": 6616.613, "Actual Rows": 515106, "Actual Loops": 1, "Inner Unique": false, "Plans": [{"Node Type": "Bitmap Heap Scan", "Parent Relationship": "Outer", "Relation Name": "orders", "Alias": "orders", "Startup Cost": 14564.7, "Total Cost": 299524.85, "Plan Rows": 569410, "Plan Width": 24, "Actual Startup Time": 240.164, "Actual Total Time": 1053.131, "Actual Rows": 561612, "Actual Loops": 1, "Recheck Cond": "((o_orderdate >= '1995-01-01 00:00:00'::timestamp(0) without time zone) AND (o_orderdate < '1995-04-01 00:00:00'::timestamp without time zone)), (LLVM Optimized, Jit Execute)", "Rows Removed by Index Recheck": 0, "Exact Heap Blocks": 241676, "Lossy Heap Blocks": 241676, "Plans": [{"Node Type": "Bitmap Index Scan", "Parent Relationship": "Outer", "Index Name": "idx_orders_orderdate", "Startup Cost": 0.0, "Total Cost": 14422.35, "Plan Rows": 569410, "Plan Width": 0, "Actual Startup Time": 164.521, "Actual Total Time": 164.521, "Actual Rows": 561612, "Actual Loops": 1, "Index Cond": "((o_orderdate >= '1995-01-01 00:00:00'::timestamp(0) without time zone) AND (o_orderdate < '1995-04-01 00:00:00'::timestamp without time zone))"}]}, {"Node Type": "Bitmap Heap Scan", "Parent Relationship": "Inner", "Relation Name": "lineitem", "Alias": "lineitem", "Startup Cost": 1.94, "Total Cost": 14.06, "Plan Rows": 3, "Plan Width": 8, "Actual Startup Time": 4815.896, "Actual Total Time": 4815.896, "Actual Rows": 515106, "Actual Loops": 561612, "Recheck Cond": "(l_orderkey = orders.o_orderkey)", "Rows Removed by Index Recheck": 0, "Filter": "(l_commitdate < l_receiptdate)", "Rows Removed by Filter": 299676, "Exact Heap Blocks": 567798, "Lossy Heap Blocks": 567798, "Plans": [{"Node Type": "Bitmap Index Scan", "Parent Relationship": "Outer", "Index Name": "idx_lineitem_orderkey", "Startup Cost": 0.0, "Total Cost": 1.94, "Plan Rows": 9, "Plan Width": 0, "Actual Startup Time": 2461.174, "Actual Total Time": 2461.174, "Actual Rows": 2246588, "Actual Loops": 561612, "Index Cond": "(l_orderkey = orders.o_orderkey)"}]}]}]}]}, "Triggers": [], "Planner Runtime": 0, "Total Runtime": 6932.479, "Unique SQL Id": 3745551476}}, "(16, 36)": {"explain_plan": {"Plan": {"Node Type": "Sort", "Startup Cost": 223060.11, "Total Cost": 223060.12, "Plan Rows": 1, "Plan Width": 24, "Sort Key": ["orders.o_orderpriority"], "Plans": [{"Node Type": "Streaming(type: LOCAL GATHER dop: 1/16)", "Parent Relationship": "Outer", "Startup Cost": 223060.1, "Total Cost": 223060.1, "Plan Rows": 1, "Plan Width": 24, "Plans": [{"Node Type": "Aggregate", "Strategy": "Hashed", "Parent Relationship": "Outer", "Startup Cost": 223060.1, "Total Cost": 223060.1, "Plan Rows": 1, "Plan Width": 24, "Group By Key": ["orders.o_orderpriority"], "Plans": [{"Node Type": "Streaming(type: LOCAL REDISTRIBUTE dop: 16/16)", "Parent Relationship": "Outer", "Startup Cost": 223060.07, "Total Cost": 223060.1, "Plan Rows": 1, "Plan Width": 24, "Plans": [{"Node Type": "Aggregate", "Strategy": "Hashed", "Parent Relationship": "Outer", "Startup Cost": 223060.07, "Total Cost": 223060.07, "Plan Rows": 1, "Plan Width": 24, "Group By Key": ["orders.o_orderpriority"], "Plans": [{"Node Type": "Hash Join", "Parent Relationship": "Outer", "Join Type": "Inner", "Startup Cost": 199987.41, "Total Cost": 222882.13, "Plan Rows": 569410, "Plan Width": 16, "Inner Unique": true, "Hash Cond": "(lineitem.l_orderkey = orders.o_orderkey), (LLVM Optimized)", "Plans": [{"Node Type": "Aggregate", "Strategy": "Hashed", "Parent Relationship": "Outer", "Startup Cost": 178507.06, "Total Cost": 179883.48, "Plan Rows": 2202268, "Plan Width": 8, "Group By Key": ["lineitem.l_orderkey"], "Plans": [{"Node Type": "Streaming(type: LOCAL REDISTRIBUTE dop: 16/16)", "Parent Relationship": "Outer", "Startup Cost": 153442.01, "Total Cost": 178162.96, "Plan Rows": 2202268, "Plan Width": 8, "Plans": [{"Node Type": "Aggregate", "Strategy": "Hashed", "Parent Relationship": "Outer", "Startup Cost": 153442.01, "Total Cost": 154818.42, "Plan Rows": 2202268, "Plan Width": 8, "Group By Key": ["lineitem.l_orderkey"], "Plans": [{"Node Type": "Seq Scan", "Parent Relationship": "Outer", "Relation Name": "lineitem", "Alias": "lineitem", "Startup Cost": 0.0, "Total Cost": 150317.68, "Plan Rows": 19995678, "Plan Width": 8, "Filter": "(l_commitdate < l_receiptdate), (LLVM Optimized)"}]}]}]}, {"Node Type": "Hash", "Parent Relationship": "Inner", "Startup Cost": 63495.73, "Total Cost": 63495.73, "Plan Rows": 569410, "Plan Width": 24, "Plans": [{"Node Type": "Streaming(type: LOCAL REDISTRIBUTE dop: 16/16)", "Parent Relationship": "Outer", "Startup Cost": 37.76, "Total Cost": 63495.73, "Plan Rows": 569410, "Plan Width": 24, "Plans": [{"Node Type": "Seq Scan", "Parent Relationship": "Outer", "Relation Name": "orders", "Alias": "orders", "Startup Cost": 37.76, "Total Cost": 46338.2, "Plan Rows": 569410, "Plan Width": 24, "Filter": "((o_orderdate >= '1995-01-01 00:00:00'::timestamp(0) without time zone) AND (o_orderdate < '1995-04-01 00:00:00'::timestamp without time zone)), (LLVM Optimized)"}]}]}]}]}]}]}]}]}, "Unique SQL Id": 3745551476, "Planner Runtime": 0}, "explain_analyze_plan": {"Plan": {"Node Type": "Sort", "Startup Cost": 223060.11, "Total Cost": 223060.12, "Plan Rows": 1, "Plan Width": 24, "Actual Min Startup Time": 5326.268, "Actual Max Startup Time": 5326.268, "Actual Min Total Time": 5326.269, "Actual Max Total Time": 5326.269, "Sort Key": ["orders.o_orderpriority"], "Sort Method": "quicksort", "Sort Space Min Used": 25, "Sort Space Max Used": 25, "Sort Space Type": "Memory", "Plans": [{"Node Type": "Streaming(type: LOCAL GATHER dop: 1/16)", "Parent Relationship": "Outer", "Startup Cost": 223060.1, "Total Cost": 223060.1, "Plan Rows": 1, "Plan Width": 24, "Actual Min Startup Time": 5325.981, "Actual Max Startup Time": 5325.981, "Actual Min Total Time": 5326.201, "Actual Max Total Time": 5326.201, "Plans": [{"Node Type": "Aggregate", "Strategy": "Hashed", "Parent Relationship": "Outer", "Startup Cost": 223060.1, "Total Cost": 223060.1, "Plan Rows": 1, "Plan Width": 24, "Actual Min Startup Time": 5241.572, "Actual Max Startup Time": 5273.993, "Actual Min Total Time": 5241.572, "Actual Max Total Time": 5273.993, "Group By Key": ["orders.o_orderpriority"], "Plans": [{"Node Type": "Streaming(type: LOCAL REDISTRIBUTE dop: 16/16)", "Parent Relationship": "Outer", "Startup Cost": 223060.07, "Total Cost": 223060.1, "Plan Rows": 1, "Plan Width": 24, "Actual Min Startup Time": 5184.678, "Actual Max Startup Time": 5273.984, "Actual Min Total Time": 5241.566, "Actual Max Total Time": 5273.984, "Plans": [{"Node Type": "Aggregate", "Strategy": "Hashed", "Parent Relationship": "Outer", "Startup Cost": 223060.07, "Total Cost": 223060.07, "Plan Rows": 1, "Plan Width": 24, "Actual Min Startup Time": 5118.77, "Actual Max Startup Time": 5250.137, "Actual Min Total Time": 5118.772, "Actual Max Total Time": 5250.14, "Group By Key": ["orders.o_orderpriority"], "Plans": [{"Node Type": "Hash Join", "Parent Relationship": "Outer", "Join Type": "Inner", "Startup Cost": 199987.41, "Total Cost": 222882.13, "Plan Rows": 569410, "Plan Width": 16, "Actual Min Startup Time": 4788.695, "Actual Max Startup Time": 4877.328, "Actual Min Total Time": 5105.267, "Actual Max Total Time": 5237.07, "Inner Unique": true, "Hash Cond": "(lineitem.l_orderkey = orders.o_orderkey), (LLVM Optimized, Jit Execute)", "Plans": [{"Node Type": "Aggregate", "Strategy": "Hashed", "Parent Relationship": "Outer", "Startup Cost": 178507.06, "Total Cost": 179883.48, "Plan Rows": 2202268, "Plan Width": 8, "Actual Min Startup Time": 4318.042, "Actual Max Startup Time": 4318.214, "Actual Min Total Time": 4470.778, "Actual Max Total Time": 4515.862, "Group By Key": ["lineitem.l_orderkey"], "Plans": [{"Node Type": "Streaming(type: LOCAL REDISTRIBUTE dop: 16/16)", "Parent Relationship": "Outer", "Startup Cost": 153442.01, "Total Cost": 178162.96, "Plan Rows": 2202268, "Plan Width": 8, "Actual Min Startup Time": 2156.969, "Actual Max Startup Time": 2158.381, "Actual Min Total Time": 3852.509, "Actual Max Total Time": 3925.326, "Plans": [{"Node Type": "Aggregate", "Strategy": "Hashed", "Parent Relationship": "Outer", "Startup Cost": 153442.01, "Total Cost": 154818.42, "Plan Rows": 2202268, "Plan Width": 8, "Actual Min Startup Time": 2704.393, "Actual Max Startup Time": 3047.185, "Actual Min Total Time": 2999.133, "Actual Max Total Time": 3445.708, "Group By Key": ["lineitem.l_orderkey"], "Plans": [{"Node Type": "Seq Scan", "Parent Relationship": "Outer", "Relation Name": "lineitem", "Alias": "lineitem", "Startup Cost": 0.0, "Total Cost": 150317.68, "Plan Rows": 19995678, "Plan Width": 8, "Actual Min Startup Time": 0.02, "Actual Max Startup Time": 0.044, "Actual Min Total Time": 1763.072, "Actual Max Total Time": 1876.643, "Filter": "(l_commitdate < l_receiptdate), (LLVM Optimized, Jit Execute)", "Rows Removed by Filter": 22056704, "Actual Rows": 37929348}], "Actual Rows": 13761080}], "Actual Rows": 13761080}], "Actual Rows": 13753474}, {"Node Type": "Hash", "Parent Relationship": "Inner", "Startup Cost": 63495.73, "Total Cost": 63495.73, "Plan Rows": 569410, "Plan Width": 24, "Actual Min Startup Time": 470.505, "Actual Max Startup Time": 559.062, "Actual Min Total Time": 470.505, "Actual Max Total Time": 559.062, "Max Hash Buckets": 65536, "Min Hash Buckets": 65536, "Max Hash Batches": 1, "Min Hash Batches": 1, "Max Original Hash Batches": 1, "Min Original Hash Batches": 1, "Max Peak Memory Usage": 1899, "min Peak Memory Usage": 1899, "Plans": [{"Node Type": "Streaming(type: LOCAL REDISTRIBUTE dop: 16/16)", "Parent Relationship": "Outer", "Startup Cost": 37.76, "Total Cost": 63495.73, "Plan Rows": 569410, "Plan Width": 24, "Actual Min Startup Time": 0.045, "Actual Max Startup Time": 87.172, "Actual Min Total Time": 459.295, "Actual Max Total Time": 546.654, "Plans": [{"Node Type": "Seq Scan", "Parent Relationship": "Outer", "Relation Name": "orders", "Alias": "orders", "Startup Cost": 37.76, "Total Cost": 46338.2, "Plan Rows": 569410, "Plan Width": 24, "Actual Min Startup Time": 0.032, "Actual Max Startup Time": 0.061, "Actual Min Total Time": 394.261, "Actual Max Total Time": 423.116, "Filter": "((o_orderdate >= '1995-01-01 00:00:00'::timestamp(0) without time zone) AND (o_orderdate < '1995-04-01 00:00:00'::timestamp without time zone)), (LLVM Optimized, Jit Execute)", "Rows Removed by Filter": 14438388, "Actual Rows": 561612}], "Actual Rows": 561612}], "Actual Rows": 561612}], "Actual Rows": 515106}], "Actual Rows": 80}], "Actual Rows": 80}], "Actual Rows": 5}], "Actual Rows": 5}], "Actual Rows": 5}, "Triggers": [], "Planner Runtime": 0, "Total Runtime": 5347.731, "Unique SQL Id": 3745551476}}, "(16, 37)": {"explain_plan": {"Plan": {"Node Type": "Sort", "Startup Cost": 916688.59, "Total Cost": 916688.6, "Plan Rows": 1, "Plan Width": 24, "Sort Key": ["orders.o_orderpriority"], "Plans": [{"Node Type": "Aggregate", "Strategy": "Hashed", "Parent Relationship": "Outer", "Startup Cost": 916688.57, "Total Cost": 916688.58, "Plan Rows": 1, "Plan Width": 24, "Group By Key": ["orders.o_orderpriority"], "Plans": [{"Node Type": "Nested Loop", "Parent Relationship": "Outer", "Join Type": "Semi", "Startup Cost": 14564.7, "Total Cost": 913841.52, "Plan Rows": 569410, "Plan Width": 16, "Inner Unique": false, "Plans": [{"Node Type": "Bitmap Heap Scan", "Parent Relationship": "Outer", "Relation Name": "orders", "Alias": "orders", "Startup Cost": 14564.7, "Total Cost": 299524.85, "Plan Rows": 569410, "Plan Width": 24, "Recheck Cond": "((o_orderdate >= '1995-01-01 00:00:00'::timestamp(0) without time zone) AND (o_orderdate < '1995-04-01 00:00:00'::timestamp without time zone)), (LLVM Optimized)", "Plans": [{"Node Type": "Bitmap Index Scan", "Parent Relationship": "Outer", "Index Name": "idx_orders_orderdate", "Startup Cost": 0.0, "Total Cost": 14422.35, "Plan Rows": 569410, "Plan Width": 0, "Index Cond": "((o_orderdate >= '1995-01-01 00:00:00'::timestamp(0) without time zone) AND (o_orderdate < '1995-04-01 00:00:00'::timestamp without time zone))"}]}, {"Node Type": "Index Scan", "Parent Relationship": "Inner", "Scan Direction": "Forward", "Index Name": "idx_lineitem_orderkey", "Relation Name": "lineitem", "Alias": "lineitem", "Startup Cost": 0.0, "Total Cost": 5.41, "Plan Rows": 3, "Plan Width": 8, "Index Cond": "(l_orderkey = orders.o_orderkey)", "Filter": "(l_commitdate < l_receiptdate)"}]}]}]}, "Unique SQL Id": 3745551476, "Planner Runtime": 0}, "explain_analyze_plan": {"Plan": {"Node Type": "Sort", "Startup Cost": 916688.59, "Total Cost": 916688.6, "Plan Rows": 1, "Plan Width": 24, "Actual Startup Time": 5413.801, "Actual Total Time": 5413.802, "Actual Rows": 5, "Actual Loops": 1, "Sort Key": ["orders.o_orderpriority"], "Sort Method": "quicksort", "Sort Space Used": 25, "Sort Space Type": "Memory", "Plans": [{"Node Type": "Aggregate", "Strategy": "Hashed", "Parent Relationship": "Outer", "Startup Cost": 916688.57, "Total Cost": 916688.58, "Plan Rows": 1, "Plan Width": 24, "Actual Startup Time": 5413.754, "Actual Total Time": 5413.756, "Actual Rows": 5, "Actual Loops": 1, "Group By Key": ["orders.o_orderpriority"], "Plans": [{"Node Type": "Nested Loop", "Parent Relationship": "Outer", "Join Type": "Semi", "Startup Cost": 14564.7, "Total Cost": 913841.52, "Plan Rows": 569410, "Plan Width": 16, "Actual Startup Time": 248.12, "Actual Total Time": 5129.668, "Actual Rows": 515106, "Actual Loops": 1, "Inner Unique": false, "Plans": [{"Node Type": "Bitmap Heap Scan", "Parent Relationship": "Outer", "Relation Name": "orders", "Alias": "orders", "Startup Cost": 14564.7, "Total Cost": 299524.85, "Plan Rows": 569410, "Plan Width": 24, "Actual Startup Time": 248.035, "Actual Total Time": 1102.757, "Actual Rows": 561612, "Actual Loops": 1, "Recheck Cond": "((o_orderdate >= '1995-01-01 00:00:00'::timestamp(0) without time zone) AND (o_orderdate < '1995-04-01 00:00:00'::timestamp without time zone)), (LLVM Optimized, Jit Execute)", "Rows Removed by Index Recheck": 0, "Exact Heap Blocks": 241676, "Lossy Heap Blocks": 241676, "Plans": [{"Node Type": "Bitmap Index Scan", "Parent Relationship": "Outer", "Index Name": "idx_orders_orderdate", "Startup Cost": 0.0, "Total Cost": 14422.35, "Plan Rows": 569410, "Plan Width": 0, "Actual Startup Time": 173.006, "Actual Total Time": 173.006, "Actual Rows": 561612, "Actual Loops": 1, "Index Cond": "((o_orderdate >= '1995-01-01 00:00:00'::timestamp(0) without time zone) AND (o_orderdate < '1995-04-01 00:00:00'::timestamp without time zone))"}]}, {"Node Type": "Index Scan", "Parent Relationship": "Inner", "Scan Direction": "Forward", "Index Name": "idx_lineitem_orderkey", "Relation Name": "lineitem", "Alias": "lineitem", "Startup Cost": 0.0, "Total Cost": 5.41, "Plan Rows": 3, "Plan Width": 8, "Actual Startup Time": 3608.892, "Actual Total Time": 3608.892, "Actual Rows": 515106, "Actual Loops": 561612, "Index Cond": "(l_orderkey = orders.o_orderkey)", "Rows Removed by Index Recheck": 0, "Filter": "(l_commitdate < l_receiptdate)", "Rows Removed by Filter": 299676}]}]}]}, "Triggers": [], "Planner Runtime": 0, "Total Runtime": 5423.336, "Unique SQL Id": 3745551476}}, "(16, 38)": {"explain_plan": {"Plan": {"Node Type": "Sort", "Startup Cost": 223060.11, "Total Cost": 223060.12, "Plan Rows": 1, "Plan Width": 24, "Sort Key": ["orders.o_orderpriority"], "Plans": [{"Node Type": "Streaming(type: LOCAL GATHER dop: 1/16)", "Parent Relationship": "Outer", "Startup Cost": 223060.1, "Total Cost": 223060.1, "Plan Rows": 1, "Plan Width": 24, "Plans": [{"Node Type": "Aggregate", "Strategy": "Hashed", "Parent Relationship": "Outer", "Startup Cost": 223060.1, "Total Cost": 223060.1, "Plan Rows": 1, "Plan Width": 24, "Group By Key": ["orders.o_orderpriority"], "Plans": [{"Node Type": "Streaming(type: LOCAL REDISTRIBUTE dop: 16/16)", "Parent Relationship": "Outer", "Startup Cost": 223060.07, "Total Cost": 223060.1, "Plan Rows": 1, "Plan Width": 24, "Plans": [{"Node Type": "Aggregate", "Strategy": "Hashed", "Parent Relationship": "Outer", "Startup Cost": 223060.07, "Total Cost": 223060.07, "Plan Rows": 1, "Plan Width": 24, "Group By Key": ["orders.o_orderpriority"], "Plans": [{"Node Type": "Hash Join", "Parent Relationship": "Outer", "Join Type": "Inner", "Startup Cost": 199987.41, "Total Cost": 222882.13, "Plan Rows": 569410, "Plan Width": 16, "Inner Unique": true, "Hash Cond": "(lineitem.l_orderkey = orders.o_orderkey), (LLVM Optimized)", "Plans": [{"Node Type": "Aggregate", "Strategy": "Hashed", "Parent Relationship": "Outer", "Startup Cost": 178507.06, "Total Cost": 179883.48, "Plan Rows": 2202268, "Plan Width": 8, "Group By Key": ["lineitem.l_orderkey"], "Plans": [{"Node Type": "Streaming(type: LOCAL REDISTRIBUTE dop: 16/16)", "Parent Relationship": "Outer", "Startup Cost": 153442.01, "Total Cost": 178162.96, "Plan Rows": 2202268, "Plan Width": 8, "Plans": [{"Node Type": "Aggregate", "Strategy": "Hashed", "Parent Relationship": "Outer", "Startup Cost": 153442.01, "Total Cost": 154818.42, "Plan Rows": 2202268, "Plan Width": 8, "Group By Key": ["lineitem.l_orderkey"], "Plans": [{"Node Type": "Seq Scan", "Parent Relationship": "Outer", "Relation Name": "lineitem", "Alias": "lineitem", "Startup Cost": 0.0, "Total Cost": 150317.68, "Plan Rows": 19995678, "Plan Width": 8, "Filter": "(l_commitdate < l_receiptdate), (LLVM Optimized)"}]}]}]}, {"Node Type": "Hash", "Parent Relationship": "Inner", "Startup Cost": 63495.73, "Total Cost": 63495.73, "Plan Rows": 569410, "Plan Width": 24, "Plans": [{"Node Type": "Streaming(type: LOCAL REDISTRIBUTE dop: 16/16)", "Parent Relationship": "Outer", "Startup Cost": 37.76, "Total Cost": 63495.73, "Plan Rows": 569410, "Plan Width": 24, "Plans": [{"Node Type": "Seq Scan", "Parent Relationship": "Outer", "Relation Name": "orders", "Alias": "orders", "Startup Cost": 37.76, "Total Cost": 46338.2, "Plan Rows": 569410, "Plan Width": 24, "Filter": "((o_orderdate >= '1995-01-01 00:00:00'::timestamp(0) without time zone) AND (o_orderdate < '1995-04-01 00:00:00'::timestamp without time zone)), (LLVM Optimized)"}]}]}]}]}]}]}]}]}, "Unique SQL Id": 3745551476, "Planner Runtime": 0}, "explain_analyze_plan": {"Plan": {"Node Type": "Sort", "Startup Cost": 223060.11, "Total Cost": 223060.12, "Plan Rows": 1, "Plan Width": 24, "Actual Min Startup Time": 5326.268, "Actual Max Startup Time": 5326.268, "Actual Min Total Time": 5326.269, "Actual Max Total Time": 5326.269, "Sort Key": ["orders.o_orderpriority"], "Sort Method": "quicksort", "Sort Space Min Used": 25, "Sort Space Max Used": 25, "Sort Space Type": "Memory", "Plans": [{"Node Type": "Streaming(type: LOCAL GATHER dop: 1/16)", "Parent Relationship": "Outer", "Startup Cost": 223060.1, "Total Cost": 223060.1, "Plan Rows": 1, "Plan Width": 24, "Actual Min Startup Time": 5325.981, "Actual Max Startup Time": 5325.981, "Actual Min Total Time": 5326.201, "Actual Max Total Time": 5326.201, "Plans": [{"Node Type": "Aggregate", "Strategy": "Hashed", "Parent Relationship": "Outer", "Startup Cost": 223060.1, "Total Cost": 223060.1, "Plan Rows": 1, "Plan Width": 24, "Actual Min Startup Time": 5241.572, "Actual Max Startup Time": 5273.993, "Actual Min Total Time": 5241.572, "Actual Max Total Time": 5273.993, "Group By Key": ["orders.o_orderpriority"], "Plans": [{"Node Type": "Streaming(type: LOCAL REDISTRIBUTE dop: 16/16)", "Parent Relationship": "Outer", "Startup Cost": 223060.07, "Total Cost": 223060.1, "Plan Rows": 1, "Plan Width": 24, "Actual Min Startup Time": 5184.678, "Actual Max Startup Time": 5273.984, "Actual Min Total Time": 5241.566, "Actual Max Total Time": 5273.984, "Plans": [{"Node Type": "Aggregate", "Strategy": "Hashed", "Parent Relationship": "Outer", "Startup Cost": 223060.07, "Total Cost": 223060.07, "Plan Rows": 1, "Plan Width": 24, "Actual Min Startup Time": 5118.77, "Actual Max Startup Time": 5250.137, "Actual Min Total Time": 5118.772, "Actual Max Total Time": 5250.14, "Group By Key": ["orders.o_orderpriority"], "Plans": [{"Node Type": "Hash Join", "Parent Relationship": "Outer", "Join Type": "Inner", "Startup Cost": 199987.41, "Total Cost": 222882.13, "Plan Rows": 569410, "Plan Width": 16, "Actual Min Startup Time": 4788.695, "Actual Max Startup Time": 4877.328, "Actual Min Total Time": 5105.267, "Actual Max Total Time": 5237.07, "Inner Unique": true, "Hash Cond": "(lineitem.l_orderkey = orders.o_orderkey), (LLVM Optimized, Jit Execute)", "Plans": [{"Node Type": "Aggregate", "Strategy": "Hashed", "Parent Relationship": "Outer", "Startup Cost": 178507.06, "Total Cost": 179883.48, "Plan Rows": 2202268, "Plan Width": 8, "Actual Min Startup Time": 4318.042, "Actual Max Startup Time": 4318.214, "Actual Min Total Time": 4470.778, "Actual Max Total Time": 4515.862, "Group By Key": ["lineitem.l_orderkey"], "Plans": [{"Node Type": "Streaming(type: LOCAL REDISTRIBUTE dop: 16/16)", "Parent Relationship": "Outer", "Startup Cost": 153442.01, "Total Cost": 178162.96, "Plan Rows": 2202268, "Plan Width": 8, "Actual Min Startup Time": 2156.969, "Actual Max Startup Time": 2158.381, "Actual Min Total Time": 3852.509, "Actual Max Total Time": 3925.326, "Plans": [{"Node Type": "Aggregate", "Strategy": "Hashed", "Parent Relationship": "Outer", "Startup Cost": 153442.01, "Total Cost": 154818.42, "Plan Rows": 2202268, "Plan Width": 8, "Actual Min Startup Time": 2704.393, "Actual Max Startup Time": 3047.185, "Actual Min Total Time": 2999.133, "Actual Max Total Time": 3445.708, "Group By Key": ["lineitem.l_orderkey"], "Plans": [{"Node Type": "Seq Scan", "Parent Relationship": "Outer", "Relation Name": "lineitem", "Alias": "lineitem", "Startup Cost": 0.0, "Total Cost": 150317.68, "Plan Rows": 19995678, "Plan Width": 8, "Actual Min Startup Time": 0.02, "Actual Max Startup Time": 0.044, "Actual Min Total Time": 1763.072, "Actual Max Total Time": 1876.643, "Filter": "(l_commitdate < l_receiptdate), (LLVM Optimized, Jit Execute)", "Rows Removed by Filter": 22056704, "Actual Rows": 37929348}], "Actual Rows": 13761080}], "Actual Rows": 13761080}], "Actual Rows": 13753474}, {"Node Type": "Hash", "Parent Relationship": "Inner", "Startup Cost": 63495.73, "Total Cost": 63495.73, "Plan Rows": 569410, "Plan Width": 24, "Actual Min Startup Time": 470.505, "Actual Max Startup Time": 559.062, "Actual Min Total Time": 470.505, "Actual Max Total Time": 559.062, "Max Hash Buckets": 65536, "Min Hash Buckets": 65536, "Max Hash Batches": 1, "Min Hash Batches": 1, "Max Original Hash Batches": 1, "Min Original Hash Batches": 1, "Max Peak Memory Usage": 1899, "min Peak Memory Usage": 1899, "Plans": [{"Node Type": "Streaming(type: LOCAL REDISTRIBUTE dop: 16/16)", "Parent Relationship": "Outer", "Startup Cost": 37.76, "Total Cost": 63495.73, "Plan Rows": 569410, "Plan Width": 24, "Actual Min Startup Time": 0.045, "Actual Max Startup Time": 87.172, "Actual Min Total Time": 459.295, "Actual Max Total Time": 546.654, "Plans": [{"Node Type": "Seq Scan", "Parent Relationship": "Outer", "Relation Name": "orders", "Alias": "orders", "Startup Cost": 37.76, "Total Cost": 46338.2, "Plan Rows": 569410, "Plan Width": 24, "Actual Min Startup Time": 0.032, "Actual Max Startup Time": 0.061, "Actual Min Total Time": 394.261, "Actual Max Total Time": 423.116, "Filter": "((o_orderdate >= '1995-01-01 00:00:00'::timestamp(0) without time zone) AND (o_orderdate < '1995-04-01 00:00:00'::timestamp without time zone)), (LLVM Optimized, Jit Execute)", "Rows Removed by Filter": 14438388, "Actual Rows": 561612}], "Actual Rows": 561612}], "Actual Rows": 561612}], "Actual Rows": 515106}], "Actual Rows": 80}], "Actual Rows": 80}], "Actual Rows": 5}], "Actual Rows": 5}], "Actual Rows": 5}, "Triggers": [], "Planner Runtime": 0, "Total Runtime": 5347.731, "Unique SQL Id": 3745551476}}, "(16, 39)": {"explain_plan": {"Plan": {"Node Type": "Sort", "Startup Cost": 2781642.36, "Total Cost": 2781642.36, "Plan Rows": 1, "Plan Width": 24, "Sort Key": ["orders.o_orderpriority"], "Plans": [{"Node Type": "Aggregate", "Strategy": "Hashed", "Parent Relationship": "Outer", "Startup Cost": 2781642.34, "Total Cost": 2781642.35, "Plan Rows": 1, "Plan Width": 24, "Group By Key": ["orders.o_orderpriority"], "Plans": [{"Node Type": "Nested Loop", "Parent Relationship": "Outer", "Join Type": "Semi", "Startup Cost": 14566.65, "Total Cost": 2778795.29, "Plan Rows": 569410, "Plan Width": 16, "Inner Unique": false, "Plans": [{"Node Type": "Bitmap Heap Scan", "Parent Relationship": "Outer", "Relation Name": "orders", "Alias": "orders", "Startup Cost": 14564.7, "Total Cost": 299524.85, "Plan Rows": 569410, "Plan Width": 24, "Recheck Cond": "((o_orderdate >= '1995-01-01 00:00:00'::timestamp(0) without time zone) AND (o_orderdate < '1995-04-01 00:00:00'::timestamp without time zone)), (LLVM Optimized)", "Plans": [{"Node Type": "Bitmap Index Scan", "Parent Relationship": "Outer", "Index Name": "idx_orders_orderdate", "Startup Cost": 0.0, "Total Cost": 14422.35, "Plan Rows": 569410, "Plan Width": 0, "Index Cond": "((o_orderdate >= '1995-01-01 00:00:00'::timestamp(0) without time zone) AND (o_orderdate < '1995-04-01 00:00:00'::timestamp without time zone))"}]}, {"Node Type": "Bitmap Heap Scan", "Parent Relationship": "Inner", "Relation Name": "lineitem", "Alias": "lineitem", "Startup Cost": 1.94, "Total Cost": 14.06, "Plan Rows": 3, "Plan Width": 8, "Recheck Cond": "(l_orderkey = orders.o_orderkey)", "Filter": "(l_commitdate < l_receiptdate)", "Plans": [{"Node Type": "Bitmap Index Scan", "Parent Relationship": "Outer", "Index Name": "idx_lineitem_orderkey", "Startup Cost": 0.0, "Total Cost": 1.94, "Plan Rows": 9, "Plan Width": 0, "Index Cond": "(l_orderkey = orders.o_orderkey)"}]}]}]}]}, "Unique SQL Id": 3745551476, "Planner Runtime": 0}, "explain_analyze_plan": {"Plan": {"Node Type": "Sort", "Startup Cost": 2781642.36, "Total Cost": 2781642.36, "Plan Rows": 1, "Plan Width": 24, "Actual Startup Time": 6919.311, "Actual Total Time": 6919.311, "Actual Rows": 5, "Actual Loops": 1, "Sort Key": ["orders.o_orderpriority"], "Sort Method": "quicksort", "Sort Space Used": 25, "Sort Space Type": "Memory", "Plans": [{"Node Type": "Aggregate", "Strategy": "Hashed", "Parent Relationship": "Outer", "Startup Cost": 2781642.34, "Total Cost": 2781642.35, "Plan Rows": 1, "Plan Width": 24, "Actual Startup Time": 6919.164, "Actual Total Time": 6919.179, "Actual Rows": 5, "Actual Loops": 1, "Group By Key": ["orders.o_orderpriority"], "Plans": [{"Node Type": "Nested Loop", "Parent Relationship": "Outer", "Join Type": "Semi", "Startup Cost": 14566.65, "Total Cost": 2778795.29, "Plan Rows": 569410, "Plan Width": 16, "Actual Startup Time": 240.267, "Actual Total Time": 6616.613, "Actual Rows": 515106, "Actual Loops": 1, "Inner Unique": false, "Plans": [{"Node Type": "Bitmap Heap Scan", "Parent Relationship": "Outer", "Relation Name": "orders", "Alias": "orders", "Startup Cost": 14564.7, "Total Cost": 299524.85, "Plan Rows": 569410, "Plan Width": 24, "Actual Startup Time": 240.164, "Actual Total Time": 1053.131, "Actual Rows": 561612, "Actual Loops": 1, "Recheck Cond": "((o_orderdate >= '1995-01-01 00:00:00'::timestamp(0) without time zone) AND (o_orderdate < '1995-04-01 00:00:00'::timestamp without time zone)), (LLVM Optimized, Jit Execute)", "Rows Removed by Index Recheck": 0, "Exact Heap Blocks": 241676, "Lossy Heap Blocks": 241676, "Plans": [{"Node Type": "Bitmap Index Scan", "Parent Relationship": "Outer", "Index Name": "idx_orders_orderdate", "Startup Cost": 0.0, "Total Cost": 14422.35, "Plan Rows": 569410, "Plan Width": 0, "Actual Startup Time": 164.521, "Actual Total Time": 164.521, "Actual Rows": 561612, "Actual Loops": 1, "Index Cond": "((o_orderdate >= '1995-01-01 00:00:00'::timestamp(0) without time zone) AND (o_orderdate < '1995-04-01 00:00:00'::timestamp without time zone))"}]}, {"Node Type": "Bitmap Heap Scan", "Parent Relationship": "Inner", "Relation Name": "lineitem", "Alias": "lineitem", "Startup Cost": 1.94, "Total Cost": 14.06, "Plan Rows": 3, "Plan Width": 8, "Actual Startup Time": 4815.896, "Actual Total Time": 4815.896, "Actual Rows": 515106, "Actual Loops": 561612, "Recheck Cond": "(l_orderkey = orders.o_orderkey)", "Rows Removed by Index Recheck": 0, "Filter": "(l_commitdate < l_receiptdate)", "Rows Removed by Filter": 299676, "Exact Heap Blocks": 567798, "Lossy Heap Blocks": 567798, "Plans": [{"Node Type": "Bitmap Index Scan", "Parent Relationship": "Outer", "Index Name": "idx_lineitem_orderkey", "Startup Cost": 0.0, "Total Cost": 1.94, "Plan Rows": 9, "Plan Width": 0, "Actual Startup Time": 2461.174, "Actual Total Time": 2461.174, "Actual Rows": 2246588, "Actual Loops": 561612, "Index Cond": "(l_orderkey = orders.o_orderkey)"}]}]}]}]}, "Triggers": [], "Planner Runtime": 0, "Total Runtime": 6932.479, "Unique SQL Id": 3745551476}}, "(16, 40)": {"explain_plan": {"Plan": {"Node Type": "Sort", "Startup Cost": 223060.11, "Total Cost": 223060.12, "Plan Rows": 1, "Plan Width": 24, "Sort Key": ["orders.o_orderpriority"], "Plans": [{"Node Type": "Streaming(type: LOCAL GATHER dop: 1/16)", "Parent Relationship": "Outer", "Startup Cost": 223060.1, "Total Cost": 223060.1, "Plan Rows": 1, "Plan Width": 24, "Plans": [{"Node Type": "Aggregate", "Strategy": "Hashed", "Parent Relationship": "Outer", "Startup Cost": 223060.1, "Total Cost": 223060.1, "Plan Rows": 1, "Plan Width": 24, "Group By Key": ["orders.o_orderpriority"], "Plans": [{"Node Type": "Streaming(type: LOCAL REDISTRIBUTE dop: 16/16)", "Parent Relationship": "Outer", "Startup Cost": 223060.07, "Total Cost": 223060.1, "Plan Rows": 1, "Plan Width": 24, "Plans": [{"Node Type": "Aggregate", "Strategy": "Hashed", "Parent Relationship": "Outer", "Startup Cost": 223060.07, "Total Cost": 223060.07, "Plan Rows": 1, "Plan Width": 24, "Group By Key": ["orders.o_orderpriority"], "Plans": [{"Node Type": "Hash Join", "Parent Relationship": "Outer", "Join Type": "Inner", "Startup Cost": 199987.41, "Total Cost": 222882.13, "Plan Rows": 569410, "Plan Width": 16, "Inner Unique": true, "Hash Cond": "(lineitem.l_orderkey = orders.o_orderkey), (LLVM Optimized)", "Plans": [{"Node Type": "Aggregate", "Strategy": "Hashed", "Parent Relationship": "Outer", "Startup Cost": 178507.06, "Total Cost": 179883.48, "Plan Rows": 2202268, "Plan Width": 8, "Group By Key": ["lineitem.l_orderkey"], "Plans": [{"Node Type": "Streaming(type: LOCAL REDISTRIBUTE dop: 16/16)", "Parent Relationship": "Outer", "Startup Cost": 153442.01, "Total Cost": 178162.96, "Plan Rows": 2202268, "Plan Width": 8, "Plans": [{"Node Type": "Aggregate", "Strategy": "Hashed", "Parent Relationship": "Outer", "Startup Cost": 153442.01, "Total Cost": 154818.42, "Plan Rows": 2202268, "Plan Width": 8, "Group By Key": ["lineitem.l_orderkey"], "Plans": [{"Node Type": "Seq Scan", "Parent Relationship": "Outer", "Relation Name": "lineitem", "Alias": "lineitem", "Startup Cost": 0.0, "Total Cost": 150317.68, "Plan Rows": 19995678, "Plan Width": 8, "Filter": "(l_commitdate < l_receiptdate), (LLVM Optimized)"}]}]}]}, {"Node Type": "Hash", "Parent Relationship": "Inner", "Startup Cost": 63495.73, "Total Cost": 63495.73, "Plan Rows": 569410, "Plan Width": 24, "Plans": [{"Node Type": "Streaming(type: LOCAL REDISTRIBUTE dop: 16/16)", "Parent Relationship": "Outer", "Startup Cost": 37.76, "Total Cost": 63495.73, "Plan Rows": 569410, "Plan Width": 24, "Plans": [{"Node Type": "Seq Scan", "Parent Relationship": "Outer", "Relation Name": "orders", "Alias": "orders", "Startup Cost": 37.76, "Total Cost": 46338.2, "Plan Rows": 569410, "Plan Width": 24, "Filter": "((o_orderdate >= '1995-01-01 00:00:00'::timestamp(0) without time zone) AND (o_orderdate < '1995-04-01 00:00:00'::timestamp without time zone)), (LLVM Optimized)"}]}]}]}]}]}]}]}]}, "Unique SQL Id": 3745551476, "Planner Runtime": 0}, "explain_analyze_plan": {"Plan": {"Node Type": "Sort", "Startup Cost": 223060.11, "Total Cost": 223060.12, "Plan Rows": 1, "Plan Width": 24, "Actual Min Startup Time": 5326.268, "Actual Max Startup Time": 5326.268, "Actual Min Total Time": 5326.269, "Actual Max Total Time": 5326.269, "Sort Key": ["orders.o_orderpriority"], "Sort Method": "quicksort", "Sort Space Min Used": 25, "Sort Space Max Used": 25, "Sort Space Type": "Memory", "Plans": [{"Node Type": "Streaming(type: LOCAL GATHER dop: 1/16)", "Parent Relationship": "Outer", "Startup Cost": 223060.1, "Total Cost": 223060.1, "Plan Rows": 1, "Plan Width": 24, "Actual Min Startup Time": 5325.981, "Actual Max Startup Time": 5325.981, "Actual Min Total Time": 5326.201, "Actual Max Total Time": 5326.201, "Plans": [{"Node Type": "Aggregate", "Strategy": "Hashed", "Parent Relationship": "Outer", "Startup Cost": 223060.1, "Total Cost": 223060.1, "Plan Rows": 1, "Plan Width": 24, "Actual Min Startup Time": 5241.572, "Actual Max Startup Time": 5273.993, "Actual Min Total Time": 5241.572, "Actual Max Total Time": 5273.993, "Group By Key": ["orders.o_orderpriority"], "Plans": [{"Node Type": "Streaming(type: LOCAL REDISTRIBUTE dop: 16/16)", "Parent Relationship": "Outer", "Startup Cost": 223060.07, "Total Cost": 223060.1, "Plan Rows": 1, "Plan Width": 24, "Actual Min Startup Time": 5184.678, "Actual Max Startup Time": 5273.984, "Actual Min Total Time": 5241.566, "Actual Max Total Time": 5273.984, "Plans": [{"Node Type": "Aggregate", "Strategy": "Hashed", "Parent Relationship": "Outer", "Startup Cost": 223060.07, "Total Cost": 223060.07, "Plan Rows": 1, "Plan Width": 24, "Actual Min Startup Time": 5118.77, "Actual Max Startup Time": 5250.137, "Actual Min Total Time": 5118.772, "Actual Max Total Time": 5250.14, "Group By Key": ["orders.o_orderpriority"], "Plans": [{"Node Type": "Hash Join", "Parent Relationship": "Outer", "Join Type": "Inner", "Startup Cost": 199987.41, "Total Cost": 222882.13, "Plan Rows": 569410, "Plan Width": 16, "Actual Min Startup Time": 4788.695, "Actual Max Startup Time": 4877.328, "Actual Min Total Time": 5105.267, "Actual Max Total Time": 5237.07, "Inner Unique": true, "Hash Cond": "(lineitem.l_orderkey = orders.o_orderkey), (LLVM Optimized, Jit Execute)", "Plans": [{"Node Type": "Aggregate", "Strategy": "Hashed", "Parent Relationship": "Outer", "Startup Cost": 178507.06, "Total Cost": 179883.48, "Plan Rows": 2202268, "Plan Width": 8, "Actual Min Startup Time": 4318.042, "Actual Max Startup Time": 4318.214, "Actual Min Total Time": 4470.778, "Actual Max Total Time": 4515.862, "Group By Key": ["lineitem.l_orderkey"], "Plans": [{"Node Type": "Streaming(type: LOCAL REDISTRIBUTE dop: 16/16)", "Parent Relationship": "Outer", "Startup Cost": 153442.01, "Total Cost": 178162.96, "Plan Rows": 2202268, "Plan Width": 8, "Actual Min Startup Time": 2156.969, "Actual Max Startup Time": 2158.381, "Actual Min Total Time": 3852.509, "Actual Max Total Time": 3925.326, "Plans": [{"Node Type": "Aggregate", "Strategy": "Hashed", "Parent Relationship": "Outer", "Startup Cost": 153442.01, "Total Cost": 154818.42, "Plan Rows": 2202268, "Plan Width": 8, "Actual Min Startup Time": 2704.393, "Actual Max Startup Time": 3047.185, "Actual Min Total Time": 2999.133, "Actual Max Total Time": 3445.708, "Group By Key": ["lineitem.l_orderkey"], "Plans": [{"Node Type": "Seq Scan", "Parent Relationship": "Outer", "Relation Name": "lineitem", "Alias": "lineitem", "Startup Cost": 0.0, "Total Cost": 150317.68, "Plan Rows": 19995678, "Plan Width": 8, "Actual Min Startup Time": 0.02, "Actual Max Startup Time": 0.044, "Actual Min Total Time": 1763.072, "Actual Max Total Time": 1876.643, "Filter": "(l_commitdate < l_receiptdate), (LLVM Optimized, Jit Execute)", "Rows Removed by Filter": 22056704, "Actual Rows": 37929348}], "Actual Rows": 13761080}], "Actual Rows": 13761080}], "Actual Rows": 13753474}, {"Node Type": "Hash", "Parent Relationship": "Inner", "Startup Cost": 63495.73, "Total Cost": 63495.73, "Plan Rows": 569410, "Plan Width": 24, "Actual Min Startup Time": 470.505, "Actual Max Startup Time": 559.062, "Actual Min Total Time": 470.505, "Actual Max Total Time": 559.062, "Max Hash Buckets": 65536, "Min Hash Buckets": 65536, "Max Hash Batches": 1, "Min Hash Batches": 1, "Max Original Hash Batches": 1, "Min Original Hash Batches": 1, "Max Peak Memory Usage": 1899, "min Peak Memory Usage": 1899, "Plans": [{"Node Type": "Streaming(type: LOCAL REDISTRIBUTE dop: 16/16)", "Parent Relationship": "Outer", "Startup Cost": 37.76, "Total Cost": 63495.73, "Plan Rows": 569410, "Plan Width": 24, "Actual Min Startup Time": 0.045, "Actual Max Startup Time": 87.172, "Actual Min Total Time": 459.295, "Actual Max Total Time": 546.654, "Plans": [{"Node Type": "Seq Scan", "Parent Relationship": "Outer", "Relation Name": "orders", "Alias": "orders", "Startup Cost": 37.76, "Total Cost": 46338.2, "Plan Rows": 569410, "Plan Width": 24, "Actual Min Startup Time": 0.032, "Actual Max Startup Time": 0.061, "Actual Min Total Time": 394.261, "Actual Max Total Time": 423.116, "Filter": "((o_orderdate >= '1995-01-01 00:00:00'::timestamp(0) without time zone) AND (o_orderdate < '1995-04-01 00:00:00'::timestamp without time zone)), (LLVM Optimized, Jit Execute)", "Rows Removed by Filter": 14438388, "Actual Rows": 561612}], "Actual Rows": 561612}], "Actual Rows": 561612}], "Actual Rows": 515106}], "Actual Rows": 80}], "Actual Rows": 80}], "Actual Rows": 5}], "Actual Rows": 5}], "Actual Rows": 5}, "Triggers": [], "Planner Runtime": 0, "Total Runtime": 5347.731, "Unique SQL Id": 3745551476}}, "(16, 41)": {"explain_plan": {"Plan": {"Node Type": "Sort", "Startup Cost": 1239498.42, "Total Cost": 1239498.42, "Plan Rows": 1, "Plan Width": 24, "Sort Key": ["orders.o_orderpriority"], "Plans": [{"Node Type": "Aggregate", "Strategy": "Hashed", "Parent Relationship": "Outer", "Startup Cost": 1239498.4, "Total Cost": 1239498.41, "Plan Rows": 1, "Plan Width": 24, "Group By Key": ["orders.o_orderpriority"], "Plans": [{"Node Type": "Nested Loop", "Parent Relationship": "Outer", "Join Type": "Semi", "Startup Cost": 0.0, "Total Cost": 1236651.35, "Plan Rows": 569410, "Plan Width": 16, "Inner Unique": false, "Plans": [{"Node Type": "Streaming(type: LOCAL GATHER dop: 1/16)", "Parent Relationship": "Outer", "Startup Cost": 0.0, "Total Cost": 622334.68, "Plan Rows": 569410, "Plan Width": 24, "Plans": [{"Node Type": "Index Scan", "Parent Relationship": "Outer", "Scan Direction": "Forward", "Index Name": "orders_pkey", "Relation Name": "orders", "Alias": "orders", "Startup Cost": 0.0, "Total Cost": 610045.66, "Plan Rows": 569410, "Plan Width": 24, "Filter": "((o_orderdate >= '1995-01-01 00:00:00'::timestamp(0) without time zone) AND (o_orderdate < '1995-04-01 00:00:00'::timestamp without time zone)), (LLVM Optimized)"}]}, {"Node Type": "Index Scan", "Parent Relationship": "Inner", "Scan Direction": "Forward", "Index Name": "idx_lineitem_orderkey", "Relation Name": "lineitem", "Alias": "lineitem", "Startup Cost": 0.0, "Total Cost": 5.41, "Plan Rows": 3, "Plan Width": 8, "Index Cond": "(l_orderkey = orders.o_orderkey)", "Filter": "(l_commitdate < l_receiptdate)"}]}]}]}, "Unique SQL Id": 3745551476, "Planner Runtime": 0}, "explain_analyze_plan": {"Plan": {"Node Type": "Sort", "Startup Cost": 1239498.42, "Total Cost": 1239498.42, "Plan Rows": 1, "Plan Width": 24, "Actual Min Startup Time": 4836.612, "Actual Max Startup Time": 4836.612, "Actual Min Total Time": 4836.613, "Actual Max Total Time": 4836.613, "Sort Key": ["orders.o_orderpriority"], "Sort Method": "quicksort", "Sort Space Min Used": 25, "Sort Space Max Used": 25, "Sort Space Type": "Memory", "Plans": [{"Node Type": "Aggregate", "Strategy": "Hashed", "Parent Relationship": "Outer", "Startup Cost": 1239498.4, "Total Cost": 1239498.41, "Plan Rows": 1, "Plan Width": 24, "Actual Min Startup Time": 4836.574, "Actual Max Startup Time": 4836.574, "Actual Min Total Time": 4836.576, "Actual Max Total Time": 4836.576, "Group By Key": ["orders.o_orderpriority"], "Plans": [{"Node Type": "Nested Loop", "Parent Relationship": "Outer", "Join Type": "Semi", "Startup Cost": 0.0, "Total Cost": 1236651.35, "Plan Rows": 569410, "Plan Width": 16, "Actual Min Startup Time": 174.498, "Actual Max Startup Time": 174.498, "Actual Min Total Time": 4565.385, "Actual Max Total Time": 4565.385, "Inner Unique": false, "Plans": [{"Node Type": "Streaming(type: LOCAL GATHER dop: 1/16)", "Parent Relationship": "Outer", "Startup Cost": 0.0, "Total Cost": 622334.68, "Plan Rows": 569410, "Plan Width": 24, "Actual Min Startup Time": 174.432, "Actual Max Startup Time": 174.432, "Actual Min Total Time": 409.483, "Actual Max Total Time": 409.483, "Plans": [{"Node Type": "Index Scan", "Parent Relationship": "Outer", "Scan Direction": "Forward", "Index Name": "orders_pkey", "Relation Name": "orders", "Alias": "orders", "Startup Cost": 0.0, "Total Cost": 610045.66, "Plan Rows": 569410, "Plan Width": 24, "Actual Min Startup Time": 126.895, "Actual Max Startup Time": 135.2, "Actual Min Total Time": 713.41, "Actual Max Total Time": 809.738, "Filter": "((o_orderdate >= '1995-01-01 00:00:00'::timestamp(0) without time zone) AND (o_orderdate < '1995-04-01 00:00:00'::timestamp without time zone)), (LLVM Optimized, Jit Execute)", "Rows Removed by Filter": 14438388, "Actual Rows": 561612}], "Actual Rows": 561612}, {"Node Type": "Index Scan", "Parent Relationship": "Inner", "Scan Direction": "Forward", "Index Name": "idx_lineitem_orderkey", "Relation Name": "lineitem", "Alias": "lineitem", "Startup Cost": 0.0, "Total Cost": 5.41, "Plan Rows": 3, "Plan Width": 8, "Actual Min Startup Time": 3741.772, "Actual Max Startup Time": 3741.772, "Actual Min Total Time": 3741.772, "Actual Max Total Time": 3741.772, "Index Cond": "(l_orderkey = orders.o_orderkey)", "Rows Removed by Index Recheck": 0, "Filter": "(l_commitdate < l_receiptdate)", "Rows Removed by Filter": 299676, "Actual Rows": 515106}], "Actual Rows": 515106}], "Actual Rows": 5}], "Actual Rows": 5}, "Triggers": [], "Planner Runtime": 0, "Total Runtime": 4847.856, "Unique SQL Id": 3745551476}}, "(16, 42)": {"explain_plan": {"Plan": {"Node Type": "Sort", "Startup Cost": 223060.11, "Total Cost": 223060.12, "Plan Rows": 1, "Plan Width": 24, "Sort Key": ["orders.o_orderpriority"], "Plans": [{"Node Type": "Streaming(type: LOCAL GATHER dop: 1/16)", "Parent Relationship": "Outer", "Startup Cost": 223060.1, "Total Cost": 223060.1, "Plan Rows": 1, "Plan Width": 24, "Plans": [{"Node Type": "Aggregate", "Strategy": "Hashed", "Parent Relationship": "Outer", "Startup Cost": 223060.1, "Total Cost": 223060.1, "Plan Rows": 1, "Plan Width": 24, "Group By Key": ["orders.o_orderpriority"], "Plans": [{"Node Type": "Streaming(type: LOCAL REDISTRIBUTE dop: 16/16)", "Parent Relationship": "Outer", "Startup Cost": 223060.07, "Total Cost": 223060.1, "Plan Rows": 1, "Plan Width": 24, "Plans": [{"Node Type": "Aggregate", "Strategy": "Hashed", "Parent Relationship": "Outer", "Startup Cost": 223060.07, "Total Cost": 223060.07, "Plan Rows": 1, "Plan Width": 24, "Group By Key": ["orders.o_orderpriority"], "Plans": [{"Node Type": "Hash Join", "Parent Relationship": "Outer", "Join Type": "Inner", "Startup Cost": 199987.41, "Total Cost": 222882.13, "Plan Rows": 569410, "Plan Width": 16, "Inner Unique": true, "Hash Cond": "(lineitem.l_orderkey = orders.o_orderkey), (LLVM Optimized)", "Plans": [{"Node Type": "Aggregate", "Strategy": "Hashed", "Parent Relationship": "Outer", "Startup Cost": 178507.06, "Total Cost": 179883.48, "Plan Rows": 2202268, "Plan Width": 8, "Group By Key": ["lineitem.l_orderkey"], "Plans": [{"Node Type": "Streaming(type: LOCAL REDISTRIBUTE dop: 16/16)", "Parent Relationship": "Outer", "Startup Cost": 153442.01, "Total Cost": 178162.96, "Plan Rows": 2202268, "Plan Width": 8, "Plans": [{"Node Type": "Aggregate", "Strategy": "Hashed", "Parent Relationship": "Outer", "Startup Cost": 153442.01, "Total Cost": 154818.42, "Plan Rows": 2202268, "Plan Width": 8, "Group By Key": ["lineitem.l_orderkey"], "Plans": [{"Node Type": "Seq Scan", "Parent Relationship": "Outer", "Relation Name": "lineitem", "Alias": "lineitem", "Startup Cost": 0.0, "Total Cost": 150317.68, "Plan Rows": 19995678, "Plan Width": 8, "Filter": "(l_commitdate < l_receiptdate), (LLVM Optimized)"}]}]}]}, {"Node Type": "Hash", "Parent Relationship": "Inner", "Startup Cost": 63495.73, "Total Cost": 63495.73, "Plan Rows": 569410, "Plan Width": 24, "Plans": [{"Node Type": "Streaming(type: LOCAL REDISTRIBUTE dop: 16/16)", "Parent Relationship": "Outer", "Startup Cost": 37.76, "Total Cost": 63495.73, "Plan Rows": 569410, "Plan Width": 24, "Plans": [{"Node Type": "Seq Scan", "Parent Relationship": "Outer", "Relation Name": "orders", "Alias": "orders", "Startup Cost": 37.76, "Total Cost": 46338.2, "Plan Rows": 569410, "Plan Width": 24, "Filter": "((o_orderdate >= '1995-01-01 00:00:00'::timestamp(0) without time zone) AND (o_orderdate < '1995-04-01 00:00:00'::timestamp without time zone)), (LLVM Optimized)"}]}]}]}]}]}]}]}]}, "Unique SQL Id": 3745551476, "Planner Runtime": 0}, "explain_analyze_plan": {"Plan": {"Node Type": "Sort", "Startup Cost": 223060.11, "Total Cost": 223060.12, "Plan Rows": 1, "Plan Width": 24, "Actual Min Startup Time": 5326.268, "Actual Max Startup Time": 5326.268, "Actual Min Total Time": 5326.269, "Actual Max Total Time": 5326.269, "Sort Key": ["orders.o_orderpriority"], "Sort Method": "quicksort", "Sort Space Min Used": 25, "Sort Space Max Used": 25, "Sort Space Type": "Memory", "Plans": [{"Node Type": "Streaming(type: LOCAL GATHER dop: 1/16)", "Parent Relationship": "Outer", "Startup Cost": 223060.1, "Total Cost": 223060.1, "Plan Rows": 1, "Plan Width": 24, "Actual Min Startup Time": 5325.981, "Actual Max Startup Time": 5325.981, "Actual Min Total Time": 5326.201, "Actual Max Total Time": 5326.201, "Plans": [{"Node Type": "Aggregate", "Strategy": "Hashed", "Parent Relationship": "Outer", "Startup Cost": 223060.1, "Total Cost": 223060.1, "Plan Rows": 1, "Plan Width": 24, "Actual Min Startup Time": 5241.572, "Actual Max Startup Time": 5273.993, "Actual Min Total Time": 5241.572, "Actual Max Total Time": 5273.993, "Group By Key": ["orders.o_orderpriority"], "Plans": [{"Node Type": "Streaming(type: LOCAL REDISTRIBUTE dop: 16/16)", "Parent Relationship": "Outer", "Startup Cost": 223060.07, "Total Cost": 223060.1, "Plan Rows": 1, "Plan Width": 24, "Actual Min Startup Time": 5184.678, "Actual Max Startup Time": 5273.984, "Actual Min Total Time": 5241.566, "Actual Max Total Time": 5273.984, "Plans": [{"Node Type": "Aggregate", "Strategy": "Hashed", "Parent Relationship": "Outer", "Startup Cost": 223060.07, "Total Cost": 223060.07, "Plan Rows": 1, "Plan Width": 24, "Actual Min Startup Time": 5118.77, "Actual Max Startup Time": 5250.137, "Actual Min Total Time": 5118.772, "Actual Max Total Time": 5250.14, "Group By Key": ["orders.o_orderpriority"], "Plans": [{"Node Type": "Hash Join", "Parent Relationship": "Outer", "Join Type": "Inner", "Startup Cost": 199987.41, "Total Cost": 222882.13, "Plan Rows": 569410, "Plan Width": 16, "Actual Min Startup Time": 4788.695, "Actual Max Startup Time": 4877.328, "Actual Min Total Time": 5105.267, "Actual Max Total Time": 5237.07, "Inner Unique": true, "Hash Cond": "(lineitem.l_orderkey = orders.o_orderkey), (LLVM Optimized, Jit Execute)", "Plans": [{"Node Type": "Aggregate", "Strategy": "Hashed", "Parent Relationship": "Outer", "Startup Cost": 178507.06, "Total Cost": 179883.48, "Plan Rows": 2202268, "Plan Width": 8, "Actual Min Startup Time": 4318.042, "Actual Max Startup Time": 4318.214, "Actual Min Total Time": 4470.778, "Actual Max Total Time": 4515.862, "Group By Key": ["lineitem.l_orderkey"], "Plans": [{"Node Type": "Streaming(type: LOCAL REDISTRIBUTE dop: 16/16)", "Parent Relationship": "Outer", "Startup Cost": 153442.01, "Total Cost": 178162.96, "Plan Rows": 2202268, "Plan Width": 8, "Actual Min Startup Time": 2156.969, "Actual Max Startup Time": 2158.381, "Actual Min Total Time": 3852.509, "Actual Max Total Time": 3925.326, "Plans": [{"Node Type": "Aggregate", "Strategy": "Hashed", "Parent Relationship": "Outer", "Startup Cost": 153442.01, "Total Cost": 154818.42, "Plan Rows": 2202268, "Plan Width": 8, "Actual Min Startup Time": 2704.393, "Actual Max Startup Time": 3047.185, "Actual Min Total Time": 2999.133, "Actual Max Total Time": 3445.708, "Group By Key": ["lineitem.l_orderkey"], "Plans": [{"Node Type": "Seq Scan", "Parent Relationship": "Outer", "Relation Name": "lineitem", "Alias": "lineitem", "Startup Cost": 0.0, "Total Cost": 150317.68, "Plan Rows": 19995678, "Plan Width": 8, "Actual Min Startup Time": 0.02, "Actual Max Startup Time": 0.044, "Actual Min Total Time": 1763.072, "Actual Max Total Time": 1876.643, "Filter": "(l_commitdate < l_receiptdate), (LLVM Optimized, Jit Execute)", "Rows Removed by Filter": 22056704, "Actual Rows": 37929348}], "Actual Rows": 13761080}], "Actual Rows": 13761080}], "Actual Rows": 13753474}, {"Node Type": "Hash", "Parent Relationship": "Inner", "Startup Cost": 63495.73, "Total Cost": 63495.73, "Plan Rows": 569410, "Plan Width": 24, "Actual Min Startup Time": 470.505, "Actual Max Startup Time": 559.062, "Actual Min Total Time": 470.505, "Actual Max Total Time": 559.062, "Max Hash Buckets": 65536, "Min Hash Buckets": 65536, "Max Hash Batches": 1, "Min Hash Batches": 1, "Max Original Hash Batches": 1, "Min Original Hash Batches": 1, "Max Peak Memory Usage": 1899, "min Peak Memory Usage": 1899, "Plans": [{"Node Type": "Streaming(type: LOCAL REDISTRIBUTE dop: 16/16)", "Parent Relationship": "Outer", "Startup Cost": 37.76, "Total Cost": 63495.73, "Plan Rows": 569410, "Plan Width": 24, "Actual Min Startup Time": 0.045, "Actual Max Startup Time": 87.172, "Actual Min Total Time": 459.295, "Actual Max Total Time": 546.654, "Plans": [{"Node Type": "Seq Scan", "Parent Relationship": "Outer", "Relation Name": "orders", "Alias": "orders", "Startup Cost": 37.76, "Total Cost": 46338.2, "Plan Rows": 569410, "Plan Width": 24, "Actual Min Startup Time": 0.032, "Actual Max Startup Time": 0.061, "Actual Min Total Time": 394.261, "Actual Max Total Time": 423.116, "Filter": "((o_orderdate >= '1995-01-01 00:00:00'::timestamp(0) without time zone) AND (o_orderdate < '1995-04-01 00:00:00'::timestamp without time zone)), (LLVM Optimized, Jit Execute)", "Rows Removed by Filter": 14438388, "Actual Rows": 561612}], "Actual Rows": 561612}], "Actual Rows": 561612}], "Actual Rows": 515106}], "Actual Rows": 80}], "Actual Rows": 80}], "Actual Rows": 5}], "Actual Rows": 5}], "Actual Rows": 5}, "Triggers": [], "Planner Runtime": 0, "Total Runtime": 5347.731, "Unique SQL Id": 3745551476}}, "(16, 43)": {"explain_plan": {"Plan": {"Node Type": "Sort", "Startup Cost": 2000419705357.26, "Total Cost": 2000419705357.26, "Plan Rows": 1, "Plan Width": 24, "Sort Key": ["orders.o_orderpriority"], "Plans": [{"Node Type": "Aggregate", "Strategy": "Hashed", "Parent Relationship": "Outer", "Startup Cost": 2000419705357.24, "Total Cost": 2000419705357.25, "Plan Rows": 1, "Plan Width": 24, "Group By Key": ["orders.o_orderpriority"], "Plans": [{"Node Type": "Hash Join", "Parent Relationship": "Outer", "Join Type": "Right Semi", "Startup Cost": 1010080604700.62, "Total Cost": 2000419702510.19, "Plan Rows": 569410, "Plan Width": 16, "Inner Unique": true, "Hash Cond": "(lineitem.l_orderkey = orders.o_orderkey), (LLVM Optimized)", "Plans": [{"Node Type": "Index Scan", "Parent Relationship": "Outer", "Scan Direction": "Forward", "Index Name": "idx_lineitem_orderkey", "Relation Name": "lineitem", "Alias": "lineitem", "Startup Cost": 10000000000.0, "Total Cost": 1000339012132.75, "Plan Rows": 19995678, "Plan Width": 8, "Filter": "(l_commitdate < l_receiptdate), (LLVM Optimized)"}, {"Node Type": "Hash", "Parent Relationship": "Inner", "Startup Cost": 1000080597583.0, "Total Cost": 1000080597583.0, "Plan Rows": 569410, "Plan Width": 24, "Plans": [{"Node Type": "Index Scan", "Parent Relationship": "Outer", "Scan Direction": "Forward", "Index Name": "orders_pkey", "Relation Name": "orders", "Alias": "orders", "Startup Cost": 10000000000.0, "Total Cost": 1000080597583.0, "Plan Rows": 569410, "Plan Width": 24, "Filter": "((o_orderdate >= '1995-01-01 00:00:00'::timestamp(0) without time zone) AND (o_orderdate < '1995-04-01 00:00:00'::timestamp without time zone)), (LLVM Optimized)"}]}]}]}]}, "Unique SQL Id": 3745551476, "Planner Runtime": 0}, "explain_analyze_plan": null}, "(16, 44)": {"explain_plan": {"Plan": {"Node Type": "Sort", "Startup Cost": 223060.11, "Total Cost": 223060.12, "Plan Rows": 1, "Plan Width": 24, "Sort Key": ["orders.o_orderpriority"], "Plans": [{"Node Type": "Streaming(type: LOCAL GATHER dop: 1/16)", "Parent Relationship": "Outer", "Startup Cost": 223060.1, "Total Cost": 223060.1, "Plan Rows": 1, "Plan Width": 24, "Plans": [{"Node Type": "Aggregate", "Strategy": "Hashed", "Parent Relationship": "Outer", "Startup Cost": 223060.1, "Total Cost": 223060.1, "Plan Rows": 1, "Plan Width": 24, "Group By Key": ["orders.o_orderpriority"], "Plans": [{"Node Type": "Streaming(type: LOCAL REDISTRIBUTE dop: 16/16)", "Parent Relationship": "Outer", "Startup Cost": 223060.07, "Total Cost": 223060.1, "Plan Rows": 1, "Plan Width": 24, "Plans": [{"Node Type": "Aggregate", "Strategy": "Hashed", "Parent Relationship": "Outer", "Startup Cost": 223060.07, "Total Cost": 223060.07, "Plan Rows": 1, "Plan Width": 24, "Group By Key": ["orders.o_orderpriority"], "Plans": [{"Node Type": "Hash Join", "Parent Relationship": "Outer", "Join Type": "Inner", "Startup Cost": 199987.41, "Total Cost": 222882.13, "Plan Rows": 569410, "Plan Width": 16, "Inner Unique": true, "Hash Cond": "(lineitem.l_orderkey = orders.o_orderkey), (LLVM Optimized)", "Plans": [{"Node Type": "Aggregate", "Strategy": "Hashed", "Parent Relationship": "Outer", "Startup Cost": 178507.06, "Total Cost": 179883.48, "Plan Rows": 2202268, "Plan Width": 8, "Group By Key": ["lineitem.l_orderkey"], "Plans": [{"Node Type": "Streaming(type: LOCAL REDISTRIBUTE dop: 16/16)", "Parent Relationship": "Outer", "Startup Cost": 153442.01, "Total Cost": 178162.96, "Plan Rows": 2202268, "Plan Width": 8, "Plans": [{"Node Type": "Aggregate", "Strategy": "Hashed", "Parent Relationship": "Outer", "Startup Cost": 153442.01, "Total Cost": 154818.42, "Plan Rows": 2202268, "Plan Width": 8, "Group By Key": ["lineitem.l_orderkey"], "Plans": [{"Node Type": "Seq Scan", "Parent Relationship": "Outer", "Relation Name": "lineitem", "Alias": "lineitem", "Startup Cost": 0.0, "Total Cost": 150317.68, "Plan Rows": 19995678, "Plan Width": 8, "Filter": "(l_commitdate < l_receiptdate), (LLVM Optimized)"}]}]}]}, {"Node Type": "Hash", "Parent Relationship": "Inner", "Startup Cost": 63495.73, "Total Cost": 63495.73, "Plan Rows": 569410, "Plan Width": 24, "Plans": [{"Node Type": "Streaming(type: LOCAL REDISTRIBUTE dop: 16/16)", "Parent Relationship": "Outer", "Startup Cost": 37.76, "Total Cost": 63495.73, "Plan Rows": 569410, "Plan Width": 24, "Plans": [{"Node Type": "Seq Scan", "Parent Relationship": "Outer", "Relation Name": "orders", "Alias": "orders", "Startup Cost": 37.76, "Total Cost": 46338.2, "Plan Rows": 569410, "Plan Width": 24, "Filter": "((o_orderdate >= '1995-01-01 00:00:00'::timestamp(0) without time zone) AND (o_orderdate < '1995-04-01 00:00:00'::timestamp without time zone)), (LLVM Optimized)"}]}]}]}]}]}]}]}]}, "Unique SQL Id": 3745551476, "Planner Runtime": 1}, "explain_analyze_plan": {"Plan": {"Node Type": "Sort", "Startup Cost": 223060.11, "Total Cost": 223060.12, "Plan Rows": 1, "Plan Width": 24, "Actual Min Startup Time": 5326.268, "Actual Max Startup Time": 5326.268, "Actual Min Total Time": 5326.269, "Actual Max Total Time": 5326.269, "Sort Key": ["orders.o_orderpriority"], "Sort Method": "quicksort", "Sort Space Min Used": 25, "Sort Space Max Used": 25, "Sort Space Type": "Memory", "Plans": [{"Node Type": "Streaming(type: LOCAL GATHER dop: 1/16)", "Parent Relationship": "Outer", "Startup Cost": 223060.1, "Total Cost": 223060.1, "Plan Rows": 1, "Plan Width": 24, "Actual Min Startup Time": 5325.981, "Actual Max Startup Time": 5325.981, "Actual Min Total Time": 5326.201, "Actual Max Total Time": 5326.201, "Plans": [{"Node Type": "Aggregate", "Strategy": "Hashed", "Parent Relationship": "Outer", "Startup Cost": 223060.1, "Total Cost": 223060.1, "Plan Rows": 1, "Plan Width": 24, "Actual Min Startup Time": 5241.572, "Actual Max Startup Time": 5273.993, "Actual Min Total Time": 5241.572, "Actual Max Total Time": 5273.993, "Group By Key": ["orders.o_orderpriority"], "Plans": [{"Node Type": "Streaming(type: LOCAL REDISTRIBUTE dop: 16/16)", "Parent Relationship": "Outer", "Startup Cost": 223060.07, "Total Cost": 223060.1, "Plan Rows": 1, "Plan Width": 24, "Actual Min Startup Time": 5184.678, "Actual Max Startup Time": 5273.984, "Actual Min Total Time": 5241.566, "Actual Max Total Time": 5273.984, "Plans": [{"Node Type": "Aggregate", "Strategy": "Hashed", "Parent Relationship": "Outer", "Startup Cost": 223060.07, "Total Cost": 223060.07, "Plan Rows": 1, "Plan Width": 24, "Actual Min Startup Time": 5118.77, "Actual Max Startup Time": 5250.137, "Actual Min Total Time": 5118.772, "Actual Max Total Time": 5250.14, "Group By Key": ["orders.o_orderpriority"], "Plans": [{"Node Type": "Hash Join", "Parent Relationship": "Outer", "Join Type": "Inner", "Startup Cost": 199987.41, "Total Cost": 222882.13, "Plan Rows": 569410, "Plan Width": 16, "Actual Min Startup Time": 4788.695, "Actual Max Startup Time": 4877.328, "Actual Min Total Time": 5105.267, "Actual Max Total Time": 5237.07, "Inner Unique": true, "Hash Cond": "(lineitem.l_orderkey = orders.o_orderkey), (LLVM Optimized, Jit Execute)", "Plans": [{"Node Type": "Aggregate", "Strategy": "Hashed", "Parent Relationship": "Outer", "Startup Cost": 178507.06, "Total Cost": 179883.48, "Plan Rows": 2202268, "Plan Width": 8, "Actual Min Startup Time": 4318.042, "Actual Max Startup Time": 4318.214, "Actual Min Total Time": 4470.778, "Actual Max Total Time": 4515.862, "Group By Key": ["lineitem.l_orderkey"], "Plans": [{"Node Type": "Streaming(type: LOCAL REDISTRIBUTE dop: 16/16)", "Parent Relationship": "Outer", "Startup Cost": 153442.01, "Total Cost": 178162.96, "Plan Rows": 2202268, "Plan Width": 8, "Actual Min Startup Time": 2156.969, "Actual Max Startup Time": 2158.381, "Actual Min Total Time": 3852.509, "Actual Max Total Time": 3925.326, "Plans": [{"Node Type": "Aggregate", "Strategy": "Hashed", "Parent Relationship": "Outer", "Startup Cost": 153442.01, "Total Cost": 154818.42, "Plan Rows": 2202268, "Plan Width": 8, "Actual Min Startup Time": 2704.393, "Actual Max Startup Time": 3047.185, "Actual Min Total Time": 2999.133, "Actual Max Total Time": 3445.708, "Group By Key": ["lineitem.l_orderkey"], "Plans": [{"Node Type": "Seq Scan", "Parent Relationship": "Outer", "Relation Name": "lineitem", "Alias": "lineitem", "Startup Cost": 0.0, "Total Cost": 150317.68, "Plan Rows": 19995678, "Plan Width": 8, "Actual Min Startup Time": 0.02, "Actual Max Startup Time": 0.044, "Actual Min Total Time": 1763.072, "Actual Max Total Time": 1876.643, "Filter": "(l_commitdate < l_receiptdate), (LLVM Optimized, Jit Execute)", "Rows Removed by Filter": 22056704, "Actual Rows": 37929348}], "Actual Rows": 13761080}], "Actual Rows": 13761080}], "Actual Rows": 13753474}, {"Node Type": "Hash", "Parent Relationship": "Inner", "Startup Cost": 63495.73, "Total Cost": 63495.73, "Plan Rows": 569410, "Plan Width": 24, "Actual Min Startup Time": 470.505, "Actual Max Startup Time": 559.062, "Actual Min Total Time": 470.505, "Actual Max Total Time": 559.062, "Max Hash Buckets": 65536, "Min Hash Buckets": 65536, "Max Hash Batches": 1, "Min Hash Batches": 1, "Max Original Hash Batches": 1, "Min Original Hash Batches": 1, "Max Peak Memory Usage": 1899, "min Peak Memory Usage": 1899, "Plans": [{"Node Type": "Streaming(type: LOCAL REDISTRIBUTE dop: 16/16)", "Parent Relationship": "Outer", "Startup Cost": 37.76, "Total Cost": 63495.73, "Plan Rows": 569410, "Plan Width": 24, "Actual Min Startup Time": 0.045, "Actual Max Startup Time": 87.172, "Actual Min Total Time": 459.295, "Actual Max Total Time": 546.654, "Plans": [{"Node Type": "Seq Scan", "Parent Relationship": "Outer", "Relation Name": "orders", "Alias": "orders", "Startup Cost": 37.76, "Total Cost": 46338.2, "Plan Rows": 569410, "Plan Width": 24, "Actual Min Startup Time": 0.032, "Actual Max Startup Time": 0.061, "Actual Min Total Time": 394.261, "Actual Max Total Time": 423.116, "Filter": "((o_orderdate >= '1995-01-01 00:00:00'::timestamp(0) without time zone) AND (o_orderdate < '1995-04-01 00:00:00'::timestamp without time zone)), (LLVM Optimized, Jit Execute)", "Rows Removed by Filter": 14438388, "Actual Rows": 561612}], "Actual Rows": 561612}], "Actual Rows": 561612}], "Actual Rows": 515106}], "Actual Rows": 80}], "Actual Rows": 80}], "Actual Rows": 5}], "Actual Rows": 5}], "Actual Rows": 5}, "Triggers": [], "Planner Runtime": 0, "Total Runtime": 5347.731, "Unique SQL Id": 3745551476}}, "(16, 45)": {"explain_plan": {"Plan": {"Node Type": "Sort", "Startup Cost": 1239498.42, "Total Cost": 1239498.42, "Plan Rows": 1, "Plan Width": 24, "Sort Key": ["orders.o_orderpriority"], "Plans": [{"Node Type": "Aggregate", "Strategy": "Hashed", "Parent Relationship": "Outer", "Startup Cost": 1239498.4, "Total Cost": 1239498.41, "Plan Rows": 1, "Plan Width": 24, "Group By Key": ["orders.o_orderpriority"], "Plans": [{"Node Type": "Nested Loop", "Parent Relationship": "Outer", "Join Type": "Semi", "Startup Cost": 0.0, "Total Cost": 1236651.35, "Plan Rows": 569410, "Plan Width": 16, "Inner Unique": false, "Plans": [{"Node Type": "Streaming(type: LOCAL GATHER dop: 1/16)", "Parent Relationship": "Outer", "Startup Cost": 0.0, "Total Cost": 622334.68, "Plan Rows": 569410, "Plan Width": 24, "Plans": [{"Node Type": "Index Scan", "Parent Relationship": "Outer", "Scan Direction": "Forward", "Index Name": "orders_pkey", "Relation Name": "orders", "Alias": "orders", "Startup Cost": 0.0, "Total Cost": 610045.66, "Plan Rows": 569410, "Plan Width": 24, "Filter": "((o_orderdate >= '1995-01-01 00:00:00'::timestamp(0) without time zone) AND (o_orderdate < '1995-04-01 00:00:00'::timestamp without time zone)), (LLVM Optimized)"}]}, {"Node Type": "Index Scan", "Parent Relationship": "Inner", "Scan Direction": "Forward", "Index Name": "idx_lineitem_orderkey", "Relation Name": "lineitem", "Alias": "lineitem", "Startup Cost": 0.0, "Total Cost": 5.41, "Plan Rows": 3, "Plan Width": 8, "Index Cond": "(l_orderkey = orders.o_orderkey)", "Filter": "(l_commitdate < l_receiptdate)"}]}]}]}, "Unique SQL Id": 3745551476, "Planner Runtime": 0}, "explain_analyze_plan": {"Plan": {"Node Type": "Sort", "Startup Cost": 1239498.42, "Total Cost": 1239498.42, "Plan Rows": 1, "Plan Width": 24, "Actual Min Startup Time": 4836.612, "Actual Max Startup Time": 4836.612, "Actual Min Total Time": 4836.613, "Actual Max Total Time": 4836.613, "Sort Key": ["orders.o_orderpriority"], "Sort Method": "quicksort", "Sort Space Min Used": 25, "Sort Space Max Used": 25, "Sort Space Type": "Memory", "Plans": [{"Node Type": "Aggregate", "Strategy": "Hashed", "Parent Relationship": "Outer", "Startup Cost": 1239498.4, "Total Cost": 1239498.41, "Plan Rows": 1, "Plan Width": 24, "Actual Min Startup Time": 4836.574, "Actual Max Startup Time": 4836.574, "Actual Min Total Time": 4836.576, "Actual Max Total Time": 4836.576, "Group By Key": ["orders.o_orderpriority"], "Plans": [{"Node Type": "Nested Loop", "Parent Relationship": "Outer", "Join Type": "Semi", "Startup Cost": 0.0, "Total Cost": 1236651.35, "Plan Rows": 569410, "Plan Width": 16, "Actual Min Startup Time": 174.498, "Actual Max Startup Time": 174.498, "Actual Min Total Time": 4565.385, "Actual Max Total Time": 4565.385, "Inner Unique": false, "Plans": [{"Node Type": "Streaming(type: LOCAL GATHER dop: 1/16)", "Parent Relationship": "Outer", "Startup Cost": 0.0, "Total Cost": 622334.68, "Plan Rows": 569410, "Plan Width": 24, "Actual Min Startup Time": 174.432, "Actual Max Startup Time": 174.432, "Actual Min Total Time": 409.483, "Actual Max Total Time": 409.483, "Plans": [{"Node Type": "Index Scan", "Parent Relationship": "Outer", "Scan Direction": "Forward", "Index Name": "orders_pkey", "Relation Name": "orders", "Alias": "orders", "Startup Cost": 0.0, "Total Cost": 610045.66, "Plan Rows": 569410, "Plan Width": 24, "Actual Min Startup Time": 126.895, "Actual Max Startup Time": 135.2, "Actual Min Total Time": 713.41, "Actual Max Total Time": 809.738, "Filter": "((o_orderdate >= '1995-01-01 00:00:00'::timestamp(0) without time zone) AND (o_orderdate < '1995-04-01 00:00:00'::timestamp without time zone)), (LLVM Optimized, Jit Execute)", "Rows Removed by Filter": 14438388, "Actual Rows": 561612}], "Actual Rows": 561612}, {"Node Type": "Index Scan", "Parent Relationship": "Inner", "Scan Direction": "Forward", "Index Name": "idx_lineitem_orderkey", "Relation Name": "lineitem", "Alias": "lineitem", "Startup Cost": 0.0, "Total Cost": 5.41, "Plan Rows": 3, "Plan Width": 8, "Actual Min Startup Time": 3741.772, "Actual Max Startup Time": 3741.772, "Actual Min Total Time": 3741.772, "Actual Max Total Time": 3741.772, "Index Cond": "(l_orderkey = orders.o_orderkey)", "Rows Removed by Index Recheck": 0, "Filter": "(l_commitdate < l_receiptdate)", "Rows Removed by Filter": 299676, "Actual Rows": 515106}], "Actual Rows": 515106}], "Actual Rows": 5}], "Actual Rows": 5}, "Triggers": [], "Planner Runtime": 0, "Total Runtime": 4847.856, "Unique SQL Id": 3745551476}}, "(16, 46)": {"explain_plan": {"Plan": {"Node Type": "Sort", "Startup Cost": 223060.11, "Total Cost": 223060.12, "Plan Rows": 1, "Plan Width": 24, "Sort Key": ["orders.o_orderpriority"], "Plans": [{"Node Type": "Streaming(type: LOCAL GATHER dop: 1/16)", "Parent Relationship": "Outer", "Startup Cost": 223060.1, "Total Cost": 223060.1, "Plan Rows": 1, "Plan Width": 24, "Plans": [{"Node Type": "Aggregate", "Strategy": "Hashed", "Parent Relationship": "Outer", "Startup Cost": 223060.1, "Total Cost": 223060.1, "Plan Rows": 1, "Plan Width": 24, "Group By Key": ["orders.o_orderpriority"], "Plans": [{"Node Type": "Streaming(type: LOCAL REDISTRIBUTE dop: 16/16)", "Parent Relationship": "Outer", "Startup Cost": 223060.07, "Total Cost": 223060.1, "Plan Rows": 1, "Plan Width": 24, "Plans": [{"Node Type": "Aggregate", "Strategy": "Hashed", "Parent Relationship": "Outer", "Startup Cost": 223060.07, "Total Cost": 223060.07, "Plan Rows": 1, "Plan Width": 24, "Group By Key": ["orders.o_orderpriority"], "Plans": [{"Node Type": "Hash Join", "Parent Relationship": "Outer", "Join Type": "Inner", "Startup Cost": 199987.41, "Total Cost": 222882.13, "Plan Rows": 569410, "Plan Width": 16, "Inner Unique": true, "Hash Cond": "(lineitem.l_orderkey = orders.o_orderkey), (LLVM Optimized)", "Plans": [{"Node Type": "Aggregate", "Strategy": "Hashed", "Parent Relationship": "Outer", "Startup Cost": 178507.06, "Total Cost": 179883.48, "Plan Rows": 2202268, "Plan Width": 8, "Group By Key": ["lineitem.l_orderkey"], "Plans": [{"Node Type": "Streaming(type: LOCAL REDISTRIBUTE dop: 16/16)", "Parent Relationship": "Outer", "Startup Cost": 153442.01, "Total Cost": 178162.96, "Plan Rows": 2202268, "Plan Width": 8, "Plans": [{"Node Type": "Aggregate", "Strategy": "Hashed", "Parent Relationship": "Outer", "Startup Cost": 153442.01, "Total Cost": 154818.42, "Plan Rows": 2202268, "Plan Width": 8, "Group By Key": ["lineitem.l_orderkey"], "Plans": [{"Node Type": "Seq Scan", "Parent Relationship": "Outer", "Relation Name": "lineitem", "Alias": "lineitem", "Startup Cost": 0.0, "Total Cost": 150317.68, "Plan Rows": 19995678, "Plan Width": 8, "Filter": "(l_commitdate < l_receiptdate), (LLVM Optimized)"}]}]}]}, {"Node Type": "Hash", "Parent Relationship": "Inner", "Startup Cost": 63495.73, "Total Cost": 63495.73, "Plan Rows": 569410, "Plan Width": 24, "Plans": [{"Node Type": "Streaming(type: LOCAL REDISTRIBUTE dop: 16/16)", "Parent Relationship": "Outer", "Startup Cost": 37.76, "Total Cost": 63495.73, "Plan Rows": 569410, "Plan Width": 24, "Plans": [{"Node Type": "Seq Scan", "Parent Relationship": "Outer", "Relation Name": "orders", "Alias": "orders", "Startup Cost": 37.76, "Total Cost": 46338.2, "Plan Rows": 569410, "Plan Width": 24, "Filter": "((o_orderdate >= '1995-01-01 00:00:00'::timestamp(0) without time zone) AND (o_orderdate < '1995-04-01 00:00:00'::timestamp without time zone)), (LLVM Optimized)"}]}]}]}]}]}]}]}]}, "Unique SQL Id": 3745551476, "Planner Runtime": 0}, "explain_analyze_plan": {"Plan": {"Node Type": "Sort", "Startup Cost": 223060.11, "Total Cost": 223060.12, "Plan Rows": 1, "Plan Width": 24, "Actual Min Startup Time": 5326.268, "Actual Max Startup Time": 5326.268, "Actual Min Total Time": 5326.269, "Actual Max Total Time": 5326.269, "Sort Key": ["orders.o_orderpriority"], "Sort Method": "quicksort", "Sort Space Min Used": 25, "Sort Space Max Used": 25, "Sort Space Type": "Memory", "Plans": [{"Node Type": "Streaming(type: LOCAL GATHER dop: 1/16)", "Parent Relationship": "Outer", "Startup Cost": 223060.1, "Total Cost": 223060.1, "Plan Rows": 1, "Plan Width": 24, "Actual Min Startup Time": 5325.981, "Actual Max Startup Time": 5325.981, "Actual Min Total Time": 5326.201, "Actual Max Total Time": 5326.201, "Plans": [{"Node Type": "Aggregate", "Strategy": "Hashed", "Parent Relationship": "Outer", "Startup Cost": 223060.1, "Total Cost": 223060.1, "Plan Rows": 1, "Plan Width": 24, "Actual Min Startup Time": 5241.572, "Actual Max Startup Time": 5273.993, "Actual Min Total Time": 5241.572, "Actual Max Total Time": 5273.993, "Group By Key": ["orders.o_orderpriority"], "Plans": [{"Node Type": "Streaming(type: LOCAL REDISTRIBUTE dop: 16/16)", "Parent Relationship": "Outer", "Startup Cost": 223060.07, "Total Cost": 223060.1, "Plan Rows": 1, "Plan Width": 24, "Actual Min Startup Time": 5184.678, "Actual Max Startup Time": 5273.984, "Actual Min Total Time": 5241.566, "Actual Max Total Time": 5273.984, "Plans": [{"Node Type": "Aggregate", "Strategy": "Hashed", "Parent Relationship": "Outer", "Startup Cost": 223060.07, "Total Cost": 223060.07, "Plan Rows": 1, "Plan Width": 24, "Actual Min Startup Time": 5118.77, "Actual Max Startup Time": 5250.137, "Actual Min Total Time": 5118.772, "Actual Max Total Time": 5250.14, "Group By Key": ["orders.o_orderpriority"], "Plans": [{"Node Type": "Hash Join", "Parent Relationship": "Outer", "Join Type": "Inner", "Startup Cost": 199987.41, "Total Cost": 222882.13, "Plan Rows": 569410, "Plan Width": 16, "Actual Min Startup Time": 4788.695, "Actual Max Startup Time": 4877.328, "Actual Min Total Time": 5105.267, "Actual Max Total Time": 5237.07, "Inner Unique": true, "Hash Cond": "(lineitem.l_orderkey = orders.o_orderkey), (LLVM Optimized, Jit Execute)", "Plans": [{"Node Type": "Aggregate", "Strategy": "Hashed", "Parent Relationship": "Outer", "Startup Cost": 178507.06, "Total Cost": 179883.48, "Plan Rows": 2202268, "Plan Width": 8, "Actual Min Startup Time": 4318.042, "Actual Max Startup Time": 4318.214, "Actual Min Total Time": 4470.778, "Actual Max Total Time": 4515.862, "Group By Key": ["lineitem.l_orderkey"], "Plans": [{"Node Type": "Streaming(type: LOCAL REDISTRIBUTE dop: 16/16)", "Parent Relationship": "Outer", "Startup Cost": 153442.01, "Total Cost": 178162.96, "Plan Rows": 2202268, "Plan Width": 8, "Actual Min Startup Time": 2156.969, "Actual Max Startup Time": 2158.381, "Actual Min Total Time": 3852.509, "Actual Max Total Time": 3925.326, "Plans": [{"Node Type": "Aggregate", "Strategy": "Hashed", "Parent Relationship": "Outer", "Startup Cost": 153442.01, "Total Cost": 154818.42, "Plan Rows": 2202268, "Plan Width": 8, "Actual Min Startup Time": 2704.393, "Actual Max Startup Time": 3047.185, "Actual Min Total Time": 2999.133, "Actual Max Total Time": 3445.708, "Group By Key": ["lineitem.l_orderkey"], "Plans": [{"Node Type": "Seq Scan", "Parent Relationship": "Outer", "Relation Name": "lineitem", "Alias": "lineitem", "Startup Cost": 0.0, "Total Cost": 150317.68, "Plan Rows": 19995678, "Plan Width": 8, "Actual Min Startup Time": 0.02, "Actual Max Startup Time": 0.044, "Actual Min Total Time": 1763.072, "Actual Max Total Time": 1876.643, "Filter": "(l_commitdate < l_receiptdate), (LLVM Optimized, Jit Execute)", "Rows Removed by Filter": 22056704, "Actual Rows": 37929348}], "Actual Rows": 13761080}], "Actual Rows": 13761080}], "Actual Rows": 13753474}, {"Node Type": "Hash", "Parent Relationship": "Inner", "Startup Cost": 63495.73, "Total Cost": 63495.73, "Plan Rows": 569410, "Plan Width": 24, "Actual Min Startup Time": 470.505, "Actual Max Startup Time": 559.062, "Actual Min Total Time": 470.505, "Actual Max Total Time": 559.062, "Max Hash Buckets": 65536, "Min Hash Buckets": 65536, "Max Hash Batches": 1, "Min Hash Batches": 1, "Max Original Hash Batches": 1, "Min Original Hash Batches": 1, "Max Peak Memory Usage": 1899, "min Peak Memory Usage": 1899, "Plans": [{"Node Type": "Streaming(type: LOCAL REDISTRIBUTE dop: 16/16)", "Parent Relationship": "Outer", "Startup Cost": 37.76, "Total Cost": 63495.73, "Plan Rows": 569410, "Plan Width": 24, "Actual Min Startup Time": 0.045, "Actual Max Startup Time": 87.172, "Actual Min Total Time": 459.295, "Actual Max Total Time": 546.654, "Plans": [{"Node Type": "Seq Scan", "Parent Relationship": "Outer", "Relation Name": "orders", "Alias": "orders", "Startup Cost": 37.76, "Total Cost": 46338.2, "Plan Rows": 569410, "Plan Width": 24, "Actual Min Startup Time": 0.032, "Actual Max Startup Time": 0.061, "Actual Min Total Time": 394.261, "Actual Max Total Time": 423.116, "Filter": "((o_orderdate >= '1995-01-01 00:00:00'::timestamp(0) without time zone) AND (o_orderdate < '1995-04-01 00:00:00'::timestamp without time zone)), (LLVM Optimized, Jit Execute)", "Rows Removed by Filter": 14438388, "Actual Rows": 561612}], "Actual Rows": 561612}], "Actual Rows": 561612}], "Actual Rows": 515106}], "Actual Rows": 80}], "Actual Rows": 80}], "Actual Rows": 5}], "Actual Rows": 5}], "Actual Rows": 5}, "Triggers": [], "Planner Runtime": 0, "Total Runtime": 5347.731, "Unique SQL Id": 3745551476}}, "(16, 47)": {"explain_plan": {"Plan": {"Node Type": "Sort", "Startup Cost": 2000419705357.26, "Total Cost": 2000419705357.26, "Plan Rows": 1, "Plan Width": 24, "Sort Key": ["orders.o_orderpriority"], "Plans": [{"Node Type": "Aggregate", "Strategy": "Hashed", "Parent Relationship": "Outer", "Startup Cost": 2000419705357.24, "Total Cost": 2000419705357.25, "Plan Rows": 1, "Plan Width": 24, "Group By Key": ["orders.o_orderpriority"], "Plans": [{"Node Type": "Hash Join", "Parent Relationship": "Outer", "Join Type": "Right Semi", "Startup Cost": 1010080604700.62, "Total Cost": 2000419702510.19, "Plan Rows": 569410, "Plan Width": 16, "Inner Unique": true, "Hash Cond": "(lineitem.l_orderkey = orders.o_orderkey), (LLVM Optimized)", "Plans": [{"Node Type": "Index Scan", "Parent Relationship": "Outer", "Scan Direction": "Forward", "Index Name": "idx_lineitem_orderkey", "Relation Name": "lineitem", "Alias": "lineitem", "Startup Cost": 10000000000.0, "Total Cost": 1000339012132.75, "Plan Rows": 19995678, "Plan Width": 8, "Filter": "(l_commitdate < l_receiptdate), (LLVM Optimized)"}, {"Node Type": "Hash", "Parent Relationship": "Inner", "Startup Cost": 1000080597583.0, "Total Cost": 1000080597583.0, "Plan Rows": 569410, "Plan Width": 24, "Plans": [{"Node Type": "Index Scan", "Parent Relationship": "Outer", "Scan Direction": "Forward", "Index Name": "orders_pkey", "Relation Name": "orders", "Alias": "orders", "Startup Cost": 10000000000.0, "Total Cost": 1000080597583.0, "Plan Rows": 569410, "Plan Width": 24, "Filter": "((o_orderdate >= '1995-01-01 00:00:00'::timestamp(0) without time zone) AND (o_orderdate < '1995-04-01 00:00:00'::timestamp without time zone)), (LLVM Optimized)"}]}]}]}]}, "Unique SQL Id": 3745551476, "Planner Runtime": 0}, "explain_analyze_plan": null}, "(16, 48)": {"explain_plan": {"Plan": {"Node Type": "Sort", "Startup Cost": 675790.96, "Total Cost": 675790.97, "Plan Rows": 1, "Plan Width": 24, "Sort Key": ["orders.o_orderpriority"], "Plans": [{"Node Type": "Aggregate", "Strategy": "Hashed", "Parent Relationship": "Outer", "Startup Cost": 675790.94, "Total Cost": 675790.95, "Plan Rows": 1, "Plan Width": 24, "Group By Key": ["orders.o_orderpriority"], "Plans": [{"Node Type": "Nested Loop", "Parent Relationship": "Outer", "Join Type": "Semi", "Startup Cost": 37.76, "Total Cost": 672943.89, "Plan Rows": 569410, "Plan Width": 16, "Inner Unique": false, "Plans": [{"Node Type": "Streaming(type: LOCAL GATHER dop: 1/16)", "Parent Relationship": "Outer", "Startup Cost": 37.76, "Total Cost": 58627.22, "Plan Rows": 569410, "Plan Width": 24, "Plans": [{"Node Type": "Seq Scan", "Parent Relationship": "Outer", "Relation Name": "orders", "Alias": "orders", "Startup Cost": 37.76, "Total Cost": 46338.2, "Plan Rows": 569410, "Plan Width": 24, "Filter": "((o_orderdate >= '1995-01-01 00:00:00'::timestamp(0) without time zone) AND (o_orderdate < '1995-04-01 00:00:00'::timestamp without time zone)), (LLVM Optimized)"}]}, {"Node Type": "Index Scan", "Parent Relationship": "Inner", "Scan Direction": "Forward", "Index Name": "idx_lineitem_orderkey", "Relation Name": "lineitem", "Alias": "lineitem", "Startup Cost": 0.0, "Total Cost": 5.41, "Plan Rows": 3, "Plan Width": 8, "Index Cond": "(l_orderkey = orders.o_orderkey)", "Filter": "(l_commitdate < l_receiptdate)"}]}]}]}, "Unique SQL Id": 3745551476, "Planner Runtime": 0}, "explain_analyze_plan": {"Plan": {"Node Type": "Sort", "Startup Cost": 675790.96, "Total Cost": 675790.97, "Plan Rows": 1, "Plan Width": 24, "Actual Min Startup Time": 4741.516, "Actual Max Startup Time": 4741.516, "Actual Min Total Time": 4741.516, "Actual Max Total Time": 4741.516, "Sort Key": ["orders.o_orderpriority"], "Sort Method": "quicksort", "Sort Space Min Used": 25, "Sort Space Max Used": 25, "Sort Space Type": "Memory", "Plans": [{"Node Type": "Aggregate", "Strategy": "Hashed", "Parent Relationship": "Outer", "Startup Cost": 675790.94, "Total Cost": 675790.95, "Plan Rows": 1, "Plan Width": 24, "Actual Min Startup Time": 4741.458, "Actual Max Startup Time": 4741.458, "Actual Min Total Time": 4741.46, "Actual Max Total Time": 4741.46, "Group By Key": ["orders.o_orderpriority"], "Plans": [{"Node Type": "Nested Loop", "Parent Relationship": "Outer", "Join Type": "Semi", "Startup Cost": 37.76, "Total Cost": 672943.89, "Plan Rows": 569410, "Plan Width": 16, "Actual Min Startup Time": 39.921, "Actual Max Startup Time": 39.921, "Actual Min Total Time": 4475.802, "Actual Max Total Time": 4475.802, "Inner Unique": false, "Plans": [{"Node Type": "Streaming(type: LOCAL GATHER dop: 1/16)", "Parent Relationship": "Outer", "Startup Cost": 37.76, "Total Cost": 58627.22, "Plan Rows": 569410, "Plan Width": 24, "Actual Min Startup Time": 39.854, "Actual Max Startup Time": 39.854, "Actual Min Total Time": 315.117, "Actual Max Total Time": 315.117, "Plans": [{"Node Type": "Seq Scan", "Parent Relationship": "Outer", "Relation Name": "orders", "Alias": "orders", "Startup Cost": 37.76, "Total Cost": 46338.2, "Plan Rows": 569410, "Plan Width": 24, "Actual Min Startup Time": 0.028, "Actual Max Startup Time": 0.055, "Actual Min Total Time": 314.933, "Actual Max Total Time": 338.721, "Filter": "((o_orderdate >= '1995-01-01 00:00:00'::timestamp(0) without time zone) AND (o_orderdate < '1995-04-01 00:00:00'::timestamp without time zone)), (LLVM Optimized, Jit Execute)", "Rows Removed by Filter": 14438388, "Actual Rows": 561612}], "Actual Rows": 561612}, {"Node Type": "Index Scan", "Parent Relationship": "Inner", "Scan Direction": "Forward", "Index Name": "idx_lineitem_orderkey", "Relation Name": "lineitem", "Alias": "lineitem", "Startup Cost": 0.0, "Total Cost": 5.41, "Plan Rows": 3, "Plan Width": 8, "Actual Min Startup Time": 3749.266, "Actual Max Startup Time": 3749.266, "Actual Min Total Time": 3749.266, "Actual Max Total Time": 3749.266, "Index Cond": "(l_orderkey = orders.o_orderkey)", "Rows Removed by Index Recheck": 0, "Filter": "(l_commitdate < l_receiptdate)", "Rows Removed by Filter": 299676, "Actual Rows": 515106}], "Actual Rows": 515106}], "Actual Rows": 5}], "Actual Rows": 5}, "Triggers": [], "Planner Runtime": 0, "Total Runtime": 4753.599, "Unique SQL Id": 3745551476}}, "(16, 49)": {"explain_plan": {"Plan": {"Node Type": "Sort", "Startup Cost": 916688.59, "Total Cost": 916688.6, "Plan Rows": 1, "Plan Width": 24, "Sort Key": ["orders.o_orderpriority"], "Plans": [{"Node Type": "Aggregate", "Strategy": "Hashed", "Parent Relationship": "Outer", "Startup Cost": 916688.57, "Total Cost": 916688.58, "Plan Rows": 1, "Plan Width": 24, "Group By Key": ["orders.o_orderpriority"], "Plans": [{"Node Type": "Nested Loop", "Parent Relationship": "Outer", "Join Type": "Semi", "Startup Cost": 14564.7, "Total Cost": 913841.52, "Plan Rows": 569410, "Plan Width": 16, "Inner Unique": false, "Plans": [{"Node Type": "Bitmap Heap Scan", "Parent Relationship": "Outer", "Relation Name": "orders", "Alias": "orders", "Startup Cost": 14564.7, "Total Cost": 299524.85, "Plan Rows": 569410, "Plan Width": 24, "Recheck Cond": "((o_orderdate >= '1995-01-01 00:00:00'::timestamp(0) without time zone) AND (o_orderdate < '1995-04-01 00:00:00'::timestamp without time zone)), (LLVM Optimized)", "Plans": [{"Node Type": "Bitmap Index Scan", "Parent Relationship": "Outer", "Index Name": "idx_orders_orderdate", "Startup Cost": 0.0, "Total Cost": 14422.35, "Plan Rows": 569410, "Plan Width": 0, "Index Cond": "((o_orderdate >= '1995-01-01 00:00:00'::timestamp(0) without time zone) AND (o_orderdate < '1995-04-01 00:00:00'::timestamp without time zone))"}]}, {"Node Type": "Index Scan", "Parent Relationship": "Inner", "Scan Direction": "Forward", "Index Name": "idx_lineitem_orderkey", "Relation Name": "lineitem", "Alias": "lineitem", "Startup Cost": 0.0, "Total Cost": 5.41, "Plan Rows": 3, "Plan Width": 8, "Index Cond": "(l_orderkey = orders.o_orderkey)", "Filter": "(l_commitdate < l_receiptdate)"}]}]}]}, "Unique SQL Id": 3745551476, "Planner Runtime": 0}, "explain_analyze_plan": {"Plan": {"Node Type": "Sort", "Startup Cost": 916688.59, "Total Cost": 916688.6, "Plan Rows": 1, "Plan Width": 24, "Actual Startup Time": 5413.801, "Actual Total Time": 5413.802, "Actual Rows": 5, "Actual Loops": 1, "Sort Key": ["orders.o_orderpriority"], "Sort Method": "quicksort", "Sort Space Used": 25, "Sort Space Type": "Memory", "Plans": [{"Node Type": "Aggregate", "Strategy": "Hashed", "Parent Relationship": "Outer", "Startup Cost": 916688.57, "Total Cost": 916688.58, "Plan Rows": 1, "Plan Width": 24, "Actual Startup Time": 5413.754, "Actual Total Time": 5413.756, "Actual Rows": 5, "Actual Loops": 1, "Group By Key": ["orders.o_orderpriority"], "Plans": [{"Node Type": "Nested Loop", "Parent Relationship": "Outer", "Join Type": "Semi", "Startup Cost": 14564.7, "Total Cost": 913841.52, "Plan Rows": 569410, "Plan Width": 16, "Actual Startup Time": 248.12, "Actual Total Time": 5129.668, "Actual Rows": 515106, "Actual Loops": 1, "Inner Unique": false, "Plans": [{"Node Type": "Bitmap Heap Scan", "Parent Relationship": "Outer", "Relation Name": "orders", "Alias": "orders", "Startup Cost": 14564.7, "Total Cost": 299524.85, "Plan Rows": 569410, "Plan Width": 24, "Actual Startup Time": 248.035, "Actual Total Time": 1102.757, "Actual Rows": 561612, "Actual Loops": 1, "Recheck Cond": "((o_orderdate >= '1995-01-01 00:00:00'::timestamp(0) without time zone) AND (o_orderdate < '1995-04-01 00:00:00'::timestamp without time zone)), (LLVM Optimized, Jit Execute)", "Rows Removed by Index Recheck": 0, "Exact Heap Blocks": 241676, "Lossy Heap Blocks": 241676, "Plans": [{"Node Type": "Bitmap Index Scan", "Parent Relationship": "Outer", "Index Name": "idx_orders_orderdate", "Startup Cost": 0.0, "Total Cost": 14422.35, "Plan Rows": 569410, "Plan Width": 0, "Actual Startup Time": 173.006, "Actual Total Time": 173.006, "Actual Rows": 561612, "Actual Loops": 1, "Index Cond": "((o_orderdate >= '1995-01-01 00:00:00'::timestamp(0) without time zone) AND (o_orderdate < '1995-04-01 00:00:00'::timestamp without time zone))"}]}, {"Node Type": "Index Scan", "Parent Relationship": "Inner", "Scan Direction": "Forward", "Index Name": "idx_lineitem_orderkey", "Relation Name": "lineitem", "Alias": "lineitem", "Startup Cost": 0.0, "Total Cost": 5.41, "Plan Rows": 3, "Plan Width": 8, "Actual Startup Time": 3608.892, "Actual Total Time": 3608.892, "Actual Rows": 515106, "Actual Loops": 561612, "Index Cond": "(l_orderkey = orders.o_orderkey)", "Rows Removed by Index Recheck": 0, "Filter": "(l_commitdate < l_receiptdate)", "Rows Removed by Filter": 299676}]}]}]}, "Triggers": [], "Planner Runtime": 0, "Total Runtime": 5423.336, "Unique SQL Id": 3745551476}}, "(16, 50)": {"explain_plan": {"Plan": {"Node Type": "Sort", "Startup Cost": 2540744.73, "Total Cost": 2540744.73, "Plan Rows": 1, "Plan Width": 24, "Sort Key": ["orders.o_orderpriority"], "Plans": [{"Node Type": "Aggregate", "Strategy": "Hashed", "Parent Relationship": "Outer", "Startup Cost": 2540744.71, "Total Cost": 2540744.72, "Plan Rows": 1, "Plan Width": 24, "Group By Key": ["orders.o_orderpriority"], "Plans": [{"Node Type": "Nested Loop", "Parent Relationship": "Outer", "Join Type": "Semi", "Startup Cost": 39.7, "Total Cost": 2537897.66, "Plan Rows": 569410, "Plan Width": 16, "Inner Unique": false, "Plans": [{"Node Type": "Streaming(type: LOCAL GATHER dop: 1/16)", "Parent Relationship": "Outer", "Startup Cost": 37.76, "Total Cost": 58627.22, "Plan Rows": 569410, "Plan Width": 24, "Plans": [{"Node Type": "Seq Scan", "Parent Relationship": "Outer", "Relation Name": "orders", "Alias": "orders", "Startup Cost": 37.76, "Total Cost": 46338.2, "Plan Rows": 569410, "Plan Width": 24, "Filter": "((o_orderdate >= '1995-01-01 00:00:00'::timestamp(0) without time zone) AND (o_orderdate < '1995-04-01 00:00:00'::timestamp without time zone)), (LLVM Optimized)"}]}, {"Node Type": "Bitmap Heap Scan", "Parent Relationship": "Inner", "Relation Name": "lineitem", "Alias": "lineitem", "Startup Cost": 1.94, "Total Cost": 14.06, "Plan Rows": 3, "Plan Width": 8, "Recheck Cond": "(l_orderkey = orders.o_orderkey)", "Filter": "(l_commitdate < l_receiptdate)", "Plans": [{"Node Type": "Bitmap Index Scan", "Parent Relationship": "Outer", "Index Name": "idx_lineitem_orderkey", "Startup Cost": 0.0, "Total Cost": 1.94, "Plan Rows": 9, "Plan Width": 0, "Index Cond": "(l_orderkey = orders.o_orderkey)"}]}]}]}]}, "Unique SQL Id": 3745551476, "Planner Runtime": 0}, "explain_analyze_plan": {"Plan": {"Node Type": "Sort", "Startup Cost": 2540744.73, "Total Cost": 2540744.73, "Plan Rows": 1, "Plan Width": 24, "Actual Min Startup Time": 6259.877, "Actual Max Startup Time": 6259.877, "Actual Min Total Time": 6259.878, "Actual Max Total Time": 6259.878, "Sort Key": ["orders.o_orderpriority"], "Sort Method": "quicksort", "Sort Space Min Used": 25, "Sort Space Max Used": 25, "Sort Space Type": "Memory", "Plans": [{"Node Type": "Aggregate", "Strategy": "Hashed", "Parent Relationship": "Outer", "Startup Cost": 2540744.71, "Total Cost": 2540744.72, "Plan Rows": 1, "Plan Width": 24, "Actual Min Startup Time": 6259.828, "Actual Max Startup Time": 6259.828, "Actual Min Total Time": 6259.83, "Actual Max Total Time": 6259.83, "Group By Key": ["orders.o_orderpriority"], "Plans": [{"Node Type": "Nested Loop", "Parent Relationship": "Outer", "Join Type": "Semi", "Startup Cost": 39.7, "Total Cost": 2537897.66, "Plan Rows": 569410, "Plan Width": 16, "Actual Min Startup Time": 46.355, "Actual Max Startup Time": 46.355, "Actual Min Total Time": 5969.431, "Actual Max Total Time": 5969.431, "Inner Unique": false, "Plans": [{"Node Type": "Streaming(type: LOCAL GATHER dop: 1/16)", "Parent Relationship": "Outer", "Startup Cost": 37.76, "Total Cost": 58627.22, "Plan Rows": 569410, "Plan Width": 24, "Actual Min Startup Time": 46.273, "Actual Max Startup Time": 46.273, "Actual Min Total Time": 235.505, "Actual Max Total Time": 235.505, "Plans": [{"Node Type": "Seq Scan", "Parent Relationship": "Outer", "Relation Name": "orders", "Alias": "orders", "Startup Cost": 37.76, "Total Cost": 46338.2, "Plan Rows": 569410, "Plan Width": 24, "Actual Min Startup Time": 0.032, "Actual Max Startup Time": 0.045, "Actual Min Total Time": 321.414, "Actual Max Total Time": 338.341, "Filter": "((o_orderdate >= '1995-01-01 00:00:00'::timestamp(0) without time zone) AND (o_orderdate < '1995-04-01 00:00:00'::timestamp without time zone)), (LLVM Optimized, Jit Execute)", "Rows Removed by Filter": 14438388, "Actual Rows": 561612}], "Actual Rows": 561612}, {"Node Type": "Bitmap Heap Scan", "Parent Relationship": "Inner", "Relation Name": "lineitem", "Alias": "lineitem", "Startup Cost": 1.94, "Total Cost": 14.06, "Plan Rows": 3, "Plan Width": 8, "Actual Min Startup Time": 4979.243, "Actual Max Startup Time": 4979.243, "Actual Min Total Time": 4979.243, "Actual Max Total Time": 4979.243, "Recheck Cond": "(l_orderkey = orders.o_orderkey)", "Rows Removed by Index Recheck": 0, "Filter": "(l_commitdate < l_receiptdate)", "Rows Removed by Filter": 299676, "Exact Heap Blocks": 567798, "Lossy Heap Blocks": 567798, "Plans": [{"Node Type": "Bitmap Index Scan", "Parent Relationship": "Outer", "Index Name": "idx_lineitem_orderkey", "Startup Cost": 0.0, "Total Cost": 1.94, "Plan Rows": 9, "Plan Width": 0, "Actual Min Startup Time": 2480.011, "Actual Max Startup Time": 2480.011, "Actual Min Total Time": 2480.011, "Actual Max Total Time": 2480.011, "Index Cond": "(l_orderkey = orders.o_orderkey)", "Actual Rows": 2246588}], "Actual Rows": 515106}], "Actual Rows": 515106}], "Actual Rows": 5}], "Actual Rows": 5}, "Triggers": [], "Planner Runtime": 0, "Total Runtime": 6277.248, "Unique SQL Id": 3745551476}}, "(16, 51)": {"explain_plan": {"Plan": {"Node Type": "Sort", "Startup Cost": 2781642.36, "Total Cost": 2781642.36, "Plan Rows": 1, "Plan Width": 24, "Sort Key": ["orders.o_orderpriority"], "Plans": [{"Node Type": "Aggregate", "Strategy": "Hashed", "Parent Relationship": "Outer", "Startup Cost": 2781642.34, "Total Cost": 2781642.35, "Plan Rows": 1, "Plan Width": 24, "Group By Key": ["orders.o_orderpriority"], "Plans": [{"Node Type": "Nested Loop", "Parent Relationship": "Outer", "Join Type": "Semi", "Startup Cost": 14566.65, "Total Cost": 2778795.29, "Plan Rows": 569410, "Plan Width": 16, "Inner Unique": false, "Plans": [{"Node Type": "Bitmap Heap Scan", "Parent Relationship": "Outer", "Relation Name": "orders", "Alias": "orders", "Startup Cost": 14564.7, "Total Cost": 299524.85, "Plan Rows": 569410, "Plan Width": 24, "Recheck Cond": "((o_orderdate >= '1995-01-01 00:00:00'::timestamp(0) without time zone) AND (o_orderdate < '1995-04-01 00:00:00'::timestamp without time zone)), (LLVM Optimized)", "Plans": [{"Node Type": "Bitmap Index Scan", "Parent Relationship": "Outer", "Index Name": "idx_orders_orderdate", "Startup Cost": 0.0, "Total Cost": 14422.35, "Plan Rows": 569410, "Plan Width": 0, "Index Cond": "((o_orderdate >= '1995-01-01 00:00:00'::timestamp(0) without time zone) AND (o_orderdate < '1995-04-01 00:00:00'::timestamp without time zone))"}]}, {"Node Type": "Bitmap Heap Scan", "Parent Relationship": "Inner", "Relation Name": "lineitem", "Alias": "lineitem", "Startup Cost": 1.94, "Total Cost": 14.06, "Plan Rows": 3, "Plan Width": 8, "Recheck Cond": "(l_orderkey = orders.o_orderkey)", "Filter": "(l_commitdate < l_receiptdate)", "Plans": [{"Node Type": "Bitmap Index Scan", "Parent Relationship": "Outer", "Index Name": "idx_lineitem_orderkey", "Startup Cost": 0.0, "Total Cost": 1.94, "Plan Rows": 9, "Plan Width": 0, "Index Cond": "(l_orderkey = orders.o_orderkey)"}]}]}]}]}, "Unique SQL Id": 3745551476, "Planner Runtime": 0}, "explain_analyze_plan": {"Plan": {"Node Type": "Sort", "Startup Cost": 2781642.36, "Total Cost": 2781642.36, "Plan Rows": 1, "Plan Width": 24, "Actual Startup Time": 6919.311, "Actual Total Time": 6919.311, "Actual Rows": 5, "Actual Loops": 1, "Sort Key": ["orders.o_orderpriority"], "Sort Method": "quicksort", "Sort Space Used": 25, "Sort Space Type": "Memory", "Plans": [{"Node Type": "Aggregate", "Strategy": "Hashed", "Parent Relationship": "Outer", "Startup Cost": 2781642.34, "Total Cost": 2781642.35, "Plan Rows": 1, "Plan Width": 24, "Actual Startup Time": 6919.164, "Actual Total Time": 6919.179, "Actual Rows": 5, "Actual Loops": 1, "Group By Key": ["orders.o_orderpriority"], "Plans": [{"Node Type": "Nested Loop", "Parent Relationship": "Outer", "Join Type": "Semi", "Startup Cost": 14566.65, "Total Cost": 2778795.29, "Plan Rows": 569410, "Plan Width": 16, "Actual Startup Time": 240.267, "Actual Total Time": 6616.613, "Actual Rows": 515106, "Actual Loops": 1, "Inner Unique": false, "Plans": [{"Node Type": "Bitmap Heap Scan", "Parent Relationship": "Outer", "Relation Name": "orders", "Alias": "orders", "Startup Cost": 14564.7, "Total Cost": 299524.85, "Plan Rows": 569410, "Plan Width": 24, "Actual Startup Time": 240.164, "Actual Total Time": 1053.131, "Actual Rows": 561612, "Actual Loops": 1, "Recheck Cond": "((o_orderdate >= '1995-01-01 00:00:00'::timestamp(0) without time zone) AND (o_orderdate < '1995-04-01 00:00:00'::timestamp without time zone)), (LLVM Optimized, Jit Execute)", "Rows Removed by Index Recheck": 0, "Exact Heap Blocks": 241676, "Lossy Heap Blocks": 241676, "Plans": [{"Node Type": "Bitmap Index Scan", "Parent Relationship": "Outer", "Index Name": "idx_orders_orderdate", "Startup Cost": 0.0, "Total Cost": 14422.35, "Plan Rows": 569410, "Plan Width": 0, "Actual Startup Time": 164.521, "Actual Total Time": 164.521, "Actual Rows": 561612, "Actual Loops": 1, "Index Cond": "((o_orderdate >= '1995-01-01 00:00:00'::timestamp(0) without time zone) AND (o_orderdate < '1995-04-01 00:00:00'::timestamp without time zone))"}]}, {"Node Type": "Bitmap Heap Scan", "Parent Relationship": "Inner", "Relation Name": "lineitem", "Alias": "lineitem", "Startup Cost": 1.94, "Total Cost": 14.06, "Plan Rows": 3, "Plan Width": 8, "Actual Startup Time": 4815.896, "Actual Total Time": 4815.896, "Actual Rows": 515106, "Actual Loops": 561612, "Recheck Cond": "(l_orderkey = orders.o_orderkey)", "Rows Removed by Index Recheck": 0, "Filter": "(l_commitdate < l_receiptdate)", "Rows Removed by Filter": 299676, "Exact Heap Blocks": 567798, "Lossy Heap Blocks": 567798, "Plans": [{"Node Type": "Bitmap Index Scan", "Parent Relationship": "Outer", "Index Name": "idx_lineitem_orderkey", "Startup Cost": 0.0, "Total Cost": 1.94, "Plan Rows": 9, "Plan Width": 0, "Actual Startup Time": 2461.174, "Actual Total Time": 2461.174, "Actual Rows": 2246588, "Actual Loops": 561612, "Index Cond": "(l_orderkey = orders.o_orderkey)"}]}]}]}]}, "Triggers": [], "Planner Runtime": 0, "Total Runtime": 6932.479, "Unique SQL Id": 3745551476}}, "(16, 52)": {"explain_plan": {"Plan": {"Node Type": "Sort", "Startup Cost": 675790.96, "Total Cost": 675790.97, "Plan Rows": 1, "Plan Width": 24, "Sort Key": ["orders.o_orderpriority"], "Plans": [{"Node Type": "Aggregate", "Strategy": "Hashed", "Parent Relationship": "Outer", "Startup Cost": 675790.94, "Total Cost": 675790.95, "Plan Rows": 1, "Plan Width": 24, "Group By Key": ["orders.o_orderpriority"], "Plans": [{"Node Type": "Nested Loop", "Parent Relationship": "Outer", "Join Type": "Semi", "Startup Cost": 37.76, "Total Cost": 672943.89, "Plan Rows": 569410, "Plan Width": 16, "Inner Unique": false, "Plans": [{"Node Type": "Streaming(type: LOCAL GATHER dop: 1/16)", "Parent Relationship": "Outer", "Startup Cost": 37.76, "Total Cost": 58627.22, "Plan Rows": 569410, "Plan Width": 24, "Plans": [{"Node Type": "Seq Scan", "Parent Relationship": "Outer", "Relation Name": "orders", "Alias": "orders", "Startup Cost": 37.76, "Total Cost": 46338.2, "Plan Rows": 569410, "Plan Width": 24, "Filter": "((o_orderdate >= '1995-01-01 00:00:00'::timestamp(0) without time zone) AND (o_orderdate < '1995-04-01 00:00:00'::timestamp without time zone)), (LLVM Optimized)"}]}, {"Node Type": "Index Scan", "Parent Relationship": "Inner", "Scan Direction": "Forward", "Index Name": "idx_lineitem_orderkey", "Relation Name": "lineitem", "Alias": "lineitem", "Startup Cost": 0.0, "Total Cost": 5.41, "Plan Rows": 3, "Plan Width": 8, "Index Cond": "(l_orderkey = orders.o_orderkey)", "Filter": "(l_commitdate < l_receiptdate)"}]}]}]}, "Unique SQL Id": 3745551476, "Planner Runtime": 0}, "explain_analyze_plan": {"Plan": {"Node Type": "Sort", "Startup Cost": 675790.96, "Total Cost": 675790.97, "Plan Rows": 1, "Plan Width": 24, "Actual Min Startup Time": 4741.516, "Actual Max Startup Time": 4741.516, "Actual Min Total Time": 4741.516, "Actual Max Total Time": 4741.516, "Sort Key": ["orders.o_orderpriority"], "Sort Method": "quicksort", "Sort Space Min Used": 25, "Sort Space Max Used": 25, "Sort Space Type": "Memory", "Plans": [{"Node Type": "Aggregate", "Strategy": "Hashed", "Parent Relationship": "Outer", "Startup Cost": 675790.94, "Total Cost": 675790.95, "Plan Rows": 1, "Plan Width": 24, "Actual Min Startup Time": 4741.458, "Actual Max Startup Time": 4741.458, "Actual Min Total Time": 4741.46, "Actual Max Total Time": 4741.46, "Group By Key": ["orders.o_orderpriority"], "Plans": [{"Node Type": "Nested Loop", "Parent Relationship": "Outer", "Join Type": "Semi", "Startup Cost": 37.76, "Total Cost": 672943.89, "Plan Rows": 569410, "Plan Width": 16, "Actual Min Startup Time": 39.921, "Actual Max Startup Time": 39.921, "Actual Min Total Time": 4475.802, "Actual Max Total Time": 4475.802, "Inner Unique": false, "Plans": [{"Node Type": "Streaming(type: LOCAL GATHER dop: 1/16)", "Parent Relationship": "Outer", "Startup Cost": 37.76, "Total Cost": 58627.22, "Plan Rows": 569410, "Plan Width": 24, "Actual Min Startup Time": 39.854, "Actual Max Startup Time": 39.854, "Actual Min Total Time": 315.117, "Actual Max Total Time": 315.117, "Plans": [{"Node Type": "Seq Scan", "Parent Relationship": "Outer", "Relation Name": "orders", "Alias": "orders", "Startup Cost": 37.76, "Total Cost": 46338.2, "Plan Rows": 569410, "Plan Width": 24, "Actual Min Startup Time": 0.028, "Actual Max Startup Time": 0.055, "Actual Min Total Time": 314.933, "Actual Max Total Time": 338.721, "Filter": "((o_orderdate >= '1995-01-01 00:00:00'::timestamp(0) without time zone) AND (o_orderdate < '1995-04-01 00:00:00'::timestamp without time zone)), (LLVM Optimized, Jit Execute)", "Rows Removed by Filter": 14438388, "Actual Rows": 561612}], "Actual Rows": 561612}, {"Node Type": "Index Scan", "Parent Relationship": "Inner", "Scan Direction": "Forward", "Index Name": "idx_lineitem_orderkey", "Relation Name": "lineitem", "Alias": "lineitem", "Startup Cost": 0.0, "Total Cost": 5.41, "Plan Rows": 3, "Plan Width": 8, "Actual Min Startup Time": 3749.266, "Actual Max Startup Time": 3749.266, "Actual Min Total Time": 3749.266, "Actual Max Total Time": 3749.266, "Index Cond": "(l_orderkey = orders.o_orderkey)", "Rows Removed by Index Recheck": 0, "Filter": "(l_commitdate < l_receiptdate)", "Rows Removed by Filter": 299676, "Actual Rows": 515106}], "Actual Rows": 515106}], "Actual Rows": 5}], "Actual Rows": 5}, "Triggers": [], "Planner Runtime": 0, "Total Runtime": 4753.599, "Unique SQL Id": 3745551476}}, "(16, 53)": {"explain_plan": {"Plan": {"Node Type": "Sort", "Startup Cost": 916688.59, "Total Cost": 916688.6, "Plan Rows": 1, "Plan Width": 24, "Sort Key": ["orders.o_orderpriority"], "Plans": [{"Node Type": "Aggregate", "Strategy": "Hashed", "Parent Relationship": "Outer", "Startup Cost": 916688.57, "Total Cost": 916688.58, "Plan Rows": 1, "Plan Width": 24, "Group By Key": ["orders.o_orderpriority"], "Plans": [{"Node Type": "Nested Loop", "Parent Relationship": "Outer", "Join Type": "Semi", "Startup Cost": 14564.7, "Total Cost": 913841.52, "Plan Rows": 569410, "Plan Width": 16, "Inner Unique": false, "Plans": [{"Node Type": "Bitmap Heap Scan", "Parent Relationship": "Outer", "Relation Name": "orders", "Alias": "orders", "Startup Cost": 14564.7, "Total Cost": 299524.85, "Plan Rows": 569410, "Plan Width": 24, "Recheck Cond": "((o_orderdate >= '1995-01-01 00:00:00'::timestamp(0) without time zone) AND (o_orderdate < '1995-04-01 00:00:00'::timestamp without time zone)), (LLVM Optimized)", "Plans": [{"Node Type": "Bitmap Index Scan", "Parent Relationship": "Outer", "Index Name": "idx_orders_orderdate", "Startup Cost": 0.0, "Total Cost": 14422.35, "Plan Rows": 569410, "Plan Width": 0, "Index Cond": "((o_orderdate >= '1995-01-01 00:00:00'::timestamp(0) without time zone) AND (o_orderdate < '1995-04-01 00:00:00'::timestamp without time zone))"}]}, {"Node Type": "Index Scan", "Parent Relationship": "Inner", "Scan Direction": "Forward", "Index Name": "idx_lineitem_orderkey", "Relation Name": "lineitem", "Alias": "lineitem", "Startup Cost": 0.0, "Total Cost": 5.41, "Plan Rows": 3, "Plan Width": 8, "Index Cond": "(l_orderkey = orders.o_orderkey)", "Filter": "(l_commitdate < l_receiptdate)"}]}]}]}, "Unique SQL Id": 3745551476, "Planner Runtime": 0}, "explain_analyze_plan": {"Plan": {"Node Type": "Sort", "Startup Cost": 916688.59, "Total Cost": 916688.6, "Plan Rows": 1, "Plan Width": 24, "Actual Startup Time": 5413.801, "Actual Total Time": 5413.802, "Actual Rows": 5, "Actual Loops": 1, "Sort Key": ["orders.o_orderpriority"], "Sort Method": "quicksort", "Sort Space Used": 25, "Sort Space Type": "Memory", "Plans": [{"Node Type": "Aggregate", "Strategy": "Hashed", "Parent Relationship": "Outer", "Startup Cost": 916688.57, "Total Cost": 916688.58, "Plan Rows": 1, "Plan Width": 24, "Actual Startup Time": 5413.754, "Actual Total Time": 5413.756, "Actual Rows": 5, "Actual Loops": 1, "Group By Key": ["orders.o_orderpriority"], "Plans": [{"Node Type": "Nested Loop", "Parent Relationship": "Outer", "Join Type": "Semi", "Startup Cost": 14564.7, "Total Cost": 913841.52, "Plan Rows": 569410, "Plan Width": 16, "Actual Startup Time": 248.12, "Actual Total Time": 5129.668, "Actual Rows": 515106, "Actual Loops": 1, "Inner Unique": false, "Plans": [{"Node Type": "Bitmap Heap Scan", "Parent Relationship": "Outer", "Relation Name": "orders", "Alias": "orders", "Startup Cost": 14564.7, "Total Cost": 299524.85, "Plan Rows": 569410, "Plan Width": 24, "Actual Startup Time": 248.035, "Actual Total Time": 1102.757, "Actual Rows": 561612, "Actual Loops": 1, "Recheck Cond": "((o_orderdate >= '1995-01-01 00:00:00'::timestamp(0) without time zone) AND (o_orderdate < '1995-04-01 00:00:00'::timestamp without time zone)), (LLVM Optimized, Jit Execute)", "Rows Removed by Index Recheck": 0, "Exact Heap Blocks": 241676, "Lossy Heap Blocks": 241676, "Plans": [{"Node Type": "Bitmap Index Scan", "Parent Relationship": "Outer", "Index Name": "idx_orders_orderdate", "Startup Cost": 0.0, "Total Cost": 14422.35, "Plan Rows": 569410, "Plan Width": 0, "Actual Startup Time": 173.006, "Actual Total Time": 173.006, "Actual Rows": 561612, "Actual Loops": 1, "Index Cond": "((o_orderdate >= '1995-01-01 00:00:00'::timestamp(0) without time zone) AND (o_orderdate < '1995-04-01 00:00:00'::timestamp without time zone))"}]}, {"Node Type": "Index Scan", "Parent Relationship": "Inner", "Scan Direction": "Forward", "Index Name": "idx_lineitem_orderkey", "Relation Name": "lineitem", "Alias": "lineitem", "Startup Cost": 0.0, "Total Cost": 5.41, "Plan Rows": 3, "Plan Width": 8, "Actual Startup Time": 3608.892, "Actual Total Time": 3608.892, "Actual Rows": 515106, "Actual Loops": 561612, "Index Cond": "(l_orderkey = orders.o_orderkey)", "Rows Removed by Index Recheck": 0, "Filter": "(l_commitdate < l_receiptdate)", "Rows Removed by Filter": 299676}]}]}]}, "Triggers": [], "Planner Runtime": 0, "Total Runtime": 5423.336, "Unique SQL Id": 3745551476}}, "(16, 54)": {"explain_plan": {"Plan": {"Node Type": "Sort", "Startup Cost": 2540744.73, "Total Cost": 2540744.73, "Plan Rows": 1, "Plan Width": 24, "Sort Key": ["orders.o_orderpriority"], "Plans": [{"Node Type": "Aggregate", "Strategy": "Hashed", "Parent Relationship": "Outer", "Startup Cost": 2540744.71, "Total Cost": 2540744.72, "Plan Rows": 1, "Plan Width": 24, "Group By Key": ["orders.o_orderpriority"], "Plans": [{"Node Type": "Nested Loop", "Parent Relationship": "Outer", "Join Type": "Semi", "Startup Cost": 39.7, "Total Cost": 2537897.66, "Plan Rows": 569410, "Plan Width": 16, "Inner Unique": false, "Plans": [{"Node Type": "Streaming(type: LOCAL GATHER dop: 1/16)", "Parent Relationship": "Outer", "Startup Cost": 37.76, "Total Cost": 58627.22, "Plan Rows": 569410, "Plan Width": 24, "Plans": [{"Node Type": "Seq Scan", "Parent Relationship": "Outer", "Relation Name": "orders", "Alias": "orders", "Startup Cost": 37.76, "Total Cost": 46338.2, "Plan Rows": 569410, "Plan Width": 24, "Filter": "((o_orderdate >= '1995-01-01 00:00:00'::timestamp(0) without time zone) AND (o_orderdate < '1995-04-01 00:00:00'::timestamp without time zone)), (LLVM Optimized)"}]}, {"Node Type": "Bitmap Heap Scan", "Parent Relationship": "Inner", "Relation Name": "lineitem", "Alias": "lineitem", "Startup Cost": 1.94, "Total Cost": 14.06, "Plan Rows": 3, "Plan Width": 8, "Recheck Cond": "(l_orderkey = orders.o_orderkey)", "Filter": "(l_commitdate < l_receiptdate)", "Plans": [{"Node Type": "Bitmap Index Scan", "Parent Relationship": "Outer", "Index Name": "idx_lineitem_orderkey", "Startup Cost": 0.0, "Total Cost": 1.94, "Plan Rows": 9, "Plan Width": 0, "Index Cond": "(l_orderkey = orders.o_orderkey)"}]}]}]}]}, "Unique SQL Id": 3745551476, "Planner Runtime": 0}, "explain_analyze_plan": {"Plan": {"Node Type": "Sort", "Startup Cost": 2540744.73, "Total Cost": 2540744.73, "Plan Rows": 1, "Plan Width": 24, "Actual Min Startup Time": 6259.877, "Actual Max Startup Time": 6259.877, "Actual Min Total Time": 6259.878, "Actual Max Total Time": 6259.878, "Sort Key": ["orders.o_orderpriority"], "Sort Method": "quicksort", "Sort Space Min Used": 25, "Sort Space Max Used": 25, "Sort Space Type": "Memory", "Plans": [{"Node Type": "Aggregate", "Strategy": "Hashed", "Parent Relationship": "Outer", "Startup Cost": 2540744.71, "Total Cost": 2540744.72, "Plan Rows": 1, "Plan Width": 24, "Actual Min Startup Time": 6259.828, "Actual Max Startup Time": 6259.828, "Actual Min Total Time": 6259.83, "Actual Max Total Time": 6259.83, "Group By Key": ["orders.o_orderpriority"], "Plans": [{"Node Type": "Nested Loop", "Parent Relationship": "Outer", "Join Type": "Semi", "Startup Cost": 39.7, "Total Cost": 2537897.66, "Plan Rows": 569410, "Plan Width": 16, "Actual Min Startup Time": 46.355, "Actual Max Startup Time": 46.355, "Actual Min Total Time": 5969.431, "Actual Max Total Time": 5969.431, "Inner Unique": false, "Plans": [{"Node Type": "Streaming(type: LOCAL GATHER dop: 1/16)", "Parent Relationship": "Outer", "Startup Cost": 37.76, "Total Cost": 58627.22, "Plan Rows": 569410, "Plan Width": 24, "Actual Min Startup Time": 46.273, "Actual Max Startup Time": 46.273, "Actual Min Total Time": 235.505, "Actual Max Total Time": 235.505, "Plans": [{"Node Type": "Seq Scan", "Parent Relationship": "Outer", "Relation Name": "orders", "Alias": "orders", "Startup Cost": 37.76, "Total Cost": 46338.2, "Plan Rows": 569410, "Plan Width": 24, "Actual Min Startup Time": 0.032, "Actual Max Startup Time": 0.045, "Actual Min Total Time": 321.414, "Actual Max Total Time": 338.341, "Filter": "((o_orderdate >= '1995-01-01 00:00:00'::timestamp(0) without time zone) AND (o_orderdate < '1995-04-01 00:00:00'::timestamp without time zone)), (LLVM Optimized, Jit Execute)", "Rows Removed by Filter": 14438388, "Actual Rows": 561612}], "Actual Rows": 561612}, {"Node Type": "Bitmap Heap Scan", "Parent Relationship": "Inner", "Relation Name": "lineitem", "Alias": "lineitem", "Startup Cost": 1.94, "Total Cost": 14.06, "Plan Rows": 3, "Plan Width": 8, "Actual Min Startup Time": 4979.243, "Actual Max Startup Time": 4979.243, "Actual Min Total Time": 4979.243, "Actual Max Total Time": 4979.243, "Recheck Cond": "(l_orderkey = orders.o_orderkey)", "Rows Removed by Index Recheck": 0, "Filter": "(l_commitdate < l_receiptdate)", "Rows Removed by Filter": 299676, "Exact Heap Blocks": 567798, "Lossy Heap Blocks": 567798, "Plans": [{"Node Type": "Bitmap Index Scan", "Parent Relationship": "Outer", "Index Name": "idx_lineitem_orderkey", "Startup Cost": 0.0, "Total Cost": 1.94, "Plan Rows": 9, "Plan Width": 0, "Actual Min Startup Time": 2480.011, "Actual Max Startup Time": 2480.011, "Actual Min Total Time": 2480.011, "Actual Max Total Time": 2480.011, "Index Cond": "(l_orderkey = orders.o_orderkey)", "Actual Rows": 2246588}], "Actual Rows": 515106}], "Actual Rows": 515106}], "Actual Rows": 5}], "Actual Rows": 5}, "Triggers": [], "Planner Runtime": 0, "Total Runtime": 6277.248, "Unique SQL Id": 3745551476}}, "(16, 55)": {"explain_plan": {"Plan": {"Node Type": "Sort", "Startup Cost": 2781642.36, "Total Cost": 2781642.36, "Plan Rows": 1, "Plan Width": 24, "Sort Key": ["orders.o_orderpriority"], "Plans": [{"Node Type": "Aggregate", "Strategy": "Hashed", "Parent Relationship": "Outer", "Startup Cost": 2781642.34, "Total Cost": 2781642.35, "Plan Rows": 1, "Plan Width": 24, "Group By Key": ["orders.o_orderpriority"], "Plans": [{"Node Type": "Nested Loop", "Parent Relationship": "Outer", "Join Type": "Semi", "Startup Cost": 14566.65, "Total Cost": 2778795.29, "Plan Rows": 569410, "Plan Width": 16, "Inner Unique": false, "Plans": [{"Node Type": "Bitmap Heap Scan", "Parent Relationship": "Outer", "Relation Name": "orders", "Alias": "orders", "Startup Cost": 14564.7, "Total Cost": 299524.85, "Plan Rows": 569410, "Plan Width": 24, "Recheck Cond": "((o_orderdate >= '1995-01-01 00:00:00'::timestamp(0) without time zone) AND (o_orderdate < '1995-04-01 00:00:00'::timestamp without time zone)), (LLVM Optimized)", "Plans": [{"Node Type": "Bitmap Index Scan", "Parent Relationship": "Outer", "Index Name": "idx_orders_orderdate", "Startup Cost": 0.0, "Total Cost": 14422.35, "Plan Rows": 569410, "Plan Width": 0, "Index Cond": "((o_orderdate >= '1995-01-01 00:00:00'::timestamp(0) without time zone) AND (o_orderdate < '1995-04-01 00:00:00'::timestamp without time zone))"}]}, {"Node Type": "Bitmap Heap Scan", "Parent Relationship": "Inner", "Relation Name": "lineitem", "Alias": "lineitem", "Startup Cost": 1.94, "Total Cost": 14.06, "Plan Rows": 3, "Plan Width": 8, "Recheck Cond": "(l_orderkey = orders.o_orderkey)", "Filter": "(l_commitdate < l_receiptdate)", "Plans": [{"Node Type": "Bitmap Index Scan", "Parent Relationship": "Outer", "Index Name": "idx_lineitem_orderkey", "Startup Cost": 0.0, "Total Cost": 1.94, "Plan Rows": 9, "Plan Width": 0, "Index Cond": "(l_orderkey = orders.o_orderkey)"}]}]}]}]}, "Unique SQL Id": 3745551476, "Planner Runtime": 0}, "explain_analyze_plan": {"Plan": {"Node Type": "Sort", "Startup Cost": 2781642.36, "Total Cost": 2781642.36, "Plan Rows": 1, "Plan Width": 24, "Actual Startup Time": 6919.311, "Actual Total Time": 6919.311, "Actual Rows": 5, "Actual Loops": 1, "Sort Key": ["orders.o_orderpriority"], "Sort Method": "quicksort", "Sort Space Used": 25, "Sort Space Type": "Memory", "Plans": [{"Node Type": "Aggregate", "Strategy": "Hashed", "Parent Relationship": "Outer", "Startup Cost": 2781642.34, "Total Cost": 2781642.35, "Plan Rows": 1, "Plan Width": 24, "Actual Startup Time": 6919.164, "Actual Total Time": 6919.179, "Actual Rows": 5, "Actual Loops": 1, "Group By Key": ["orders.o_orderpriority"], "Plans": [{"Node Type": "Nested Loop", "Parent Relationship": "Outer", "Join Type": "Semi", "Startup Cost": 14566.65, "Total Cost": 2778795.29, "Plan Rows": 569410, "Plan Width": 16, "Actual Startup Time": 240.267, "Actual Total Time": 6616.613, "Actual Rows": 515106, "Actual Loops": 1, "Inner Unique": false, "Plans": [{"Node Type": "Bitmap Heap Scan", "Parent Relationship": "Outer", "Relation Name": "orders", "Alias": "orders", "Startup Cost": 14564.7, "Total Cost": 299524.85, "Plan Rows": 569410, "Plan Width": 24, "Actual Startup Time": 240.164, "Actual Total Time": 1053.131, "Actual Rows": 561612, "Actual Loops": 1, "Recheck Cond": "((o_orderdate >= '1995-01-01 00:00:00'::timestamp(0) without time zone) AND (o_orderdate < '1995-04-01 00:00:00'::timestamp without time zone)), (LLVM Optimized, Jit Execute)", "Rows Removed by Index Recheck": 0, "Exact Heap Blocks": 241676, "Lossy Heap Blocks": 241676, "Plans": [{"Node Type": "Bitmap Index Scan", "Parent Relationship": "Outer", "Index Name": "idx_orders_orderdate", "Startup Cost": 0.0, "Total Cost": 14422.35, "Plan Rows": 569410, "Plan Width": 0, "Actual Startup Time": 164.521, "Actual Total Time": 164.521, "Actual Rows": 561612, "Actual Loops": 1, "Index Cond": "((o_orderdate >= '1995-01-01 00:00:00'::timestamp(0) without time zone) AND (o_orderdate < '1995-04-01 00:00:00'::timestamp without time zone))"}]}, {"Node Type": "Bitmap Heap Scan", "Parent Relationship": "Inner", "Relation Name": "lineitem", "Alias": "lineitem", "Startup Cost": 1.94, "Total Cost": 14.06, "Plan Rows": 3, "Plan Width": 8, "Actual Startup Time": 4815.896, "Actual Total Time": 4815.896, "Actual Rows": 515106, "Actual Loops": 561612, "Recheck Cond": "(l_orderkey = orders.o_orderkey)", "Rows Removed by Index Recheck": 0, "Filter": "(l_commitdate < l_receiptdate)", "Rows Removed by Filter": 299676, "Exact Heap Blocks": 567798, "Lossy Heap Blocks": 567798, "Plans": [{"Node Type": "Bitmap Index Scan", "Parent Relationship": "Outer", "Index Name": "idx_lineitem_orderkey", "Startup Cost": 0.0, "Total Cost": 1.94, "Plan Rows": 9, "Plan Width": 0, "Actual Startup Time": 2461.174, "Actual Total Time": 2461.174, "Actual Rows": 2246588, "Actual Loops": 561612, "Index Cond": "(l_orderkey = orders.o_orderkey)"}]}]}]}]}, "Triggers": [], "Planner Runtime": 0, "Total Runtime": 6932.479, "Unique SQL Id": 3745551476}}, "(16, 56)": {"explain_plan": {"Plan": {"Node Type": "Sort", "Startup Cost": 675790.96, "Total Cost": 675790.97, "Plan Rows": 1, "Plan Width": 24, "Sort Key": ["orders.o_orderpriority"], "Plans": [{"Node Type": "Aggregate", "Strategy": "Hashed", "Parent Relationship": "Outer", "Startup Cost": 675790.94, "Total Cost": 675790.95, "Plan Rows": 1, "Plan Width": 24, "Group By Key": ["orders.o_orderpriority"], "Plans": [{"Node Type": "Nested Loop", "Parent Relationship": "Outer", "Join Type": "Semi", "Startup Cost": 37.76, "Total Cost": 672943.89, "Plan Rows": 569410, "Plan Width": 16, "Inner Unique": false, "Plans": [{"Node Type": "Streaming(type: LOCAL GATHER dop: 1/16)", "Parent Relationship": "Outer", "Startup Cost": 37.76, "Total Cost": 58627.22, "Plan Rows": 569410, "Plan Width": 24, "Plans": [{"Node Type": "Seq Scan", "Parent Relationship": "Outer", "Relation Name": "orders", "Alias": "orders", "Startup Cost": 37.76, "Total Cost": 46338.2, "Plan Rows": 569410, "Plan Width": 24, "Filter": "((o_orderdate >= '1995-01-01 00:00:00'::timestamp(0) without time zone) AND (o_orderdate < '1995-04-01 00:00:00'::timestamp without time zone)), (LLVM Optimized)"}]}, {"Node Type": "Index Scan", "Parent Relationship": "Inner", "Scan Direction": "Forward", "Index Name": "idx_lineitem_orderkey", "Relation Name": "lineitem", "Alias": "lineitem", "Startup Cost": 0.0, "Total Cost": 5.41, "Plan Rows": 3, "Plan Width": 8, "Index Cond": "(l_orderkey = orders.o_orderkey)", "Filter": "(l_commitdate < l_receiptdate)"}]}]}]}, "Unique SQL Id": 3745551476, "Planner Runtime": 0}, "explain_analyze_plan": {"Plan": {"Node Type": "Sort", "Startup Cost": 675790.96, "Total Cost": 675790.97, "Plan Rows": 1, "Plan Width": 24, "Actual Min Startup Time": 4741.516, "Actual Max Startup Time": 4741.516, "Actual Min Total Time": 4741.516, "Actual Max Total Time": 4741.516, "Sort Key": ["orders.o_orderpriority"], "Sort Method": "quicksort", "Sort Space Min Used": 25, "Sort Space Max Used": 25, "Sort Space Type": "Memory", "Plans": [{"Node Type": "Aggregate", "Strategy": "Hashed", "Parent Relationship": "Outer", "Startup Cost": 675790.94, "Total Cost": 675790.95, "Plan Rows": 1, "Plan Width": 24, "Actual Min Startup Time": 4741.458, "Actual Max Startup Time": 4741.458, "Actual Min Total Time": 4741.46, "Actual Max Total Time": 4741.46, "Group By Key": ["orders.o_orderpriority"], "Plans": [{"Node Type": "Nested Loop", "Parent Relationship": "Outer", "Join Type": "Semi", "Startup Cost": 37.76, "Total Cost": 672943.89, "Plan Rows": 569410, "Plan Width": 16, "Actual Min Startup Time": 39.921, "Actual Max Startup Time": 39.921, "Actual Min Total Time": 4475.802, "Actual Max Total Time": 4475.802, "Inner Unique": false, "Plans": [{"Node Type": "Streaming(type: LOCAL GATHER dop: 1/16)", "Parent Relationship": "Outer", "Startup Cost": 37.76, "Total Cost": 58627.22, "Plan Rows": 569410, "Plan Width": 24, "Actual Min Startup Time": 39.854, "Actual Max Startup Time": 39.854, "Actual Min Total Time": 315.117, "Actual Max Total Time": 315.117, "Plans": [{"Node Type": "Seq Scan", "Parent Relationship": "Outer", "Relation Name": "orders", "Alias": "orders", "Startup Cost": 37.76, "Total Cost": 46338.2, "Plan Rows": 569410, "Plan Width": 24, "Actual Min Startup Time": 0.028, "Actual Max Startup Time": 0.055, "Actual Min Total Time": 314.933, "Actual Max Total Time": 338.721, "Filter": "((o_orderdate >= '1995-01-01 00:00:00'::timestamp(0) without time zone) AND (o_orderdate < '1995-04-01 00:00:00'::timestamp without time zone)), (LLVM Optimized, Jit Execute)", "Rows Removed by Filter": 14438388, "Actual Rows": 561612}], "Actual Rows": 561612}, {"Node Type": "Index Scan", "Parent Relationship": "Inner", "Scan Direction": "Forward", "Index Name": "idx_lineitem_orderkey", "Relation Name": "lineitem", "Alias": "lineitem", "Startup Cost": 0.0, "Total Cost": 5.41, "Plan Rows": 3, "Plan Width": 8, "Actual Min Startup Time": 3749.266, "Actual Max Startup Time": 3749.266, "Actual Min Total Time": 3749.266, "Actual Max Total Time": 3749.266, "Index Cond": "(l_orderkey = orders.o_orderkey)", "Rows Removed by Index Recheck": 0, "Filter": "(l_commitdate < l_receiptdate)", "Rows Removed by Filter": 299676, "Actual Rows": 515106}], "Actual Rows": 515106}], "Actual Rows": 5}], "Actual Rows": 5}, "Triggers": [], "Planner Runtime": 0, "Total Runtime": 4753.599, "Unique SQL Id": 3745551476}}, "(16, 57)": {"explain_plan": {"Plan": {"Node Type": "Sort", "Startup Cost": 1239498.42, "Total Cost": 1239498.42, "Plan Rows": 1, "Plan Width": 24, "Sort Key": ["orders.o_orderpriority"], "Plans": [{"Node Type": "Aggregate", "Strategy": "Hashed", "Parent Relationship": "Outer", "Startup Cost": 1239498.4, "Total Cost": 1239498.41, "Plan Rows": 1, "Plan Width": 24, "Group By Key": ["orders.o_orderpriority"], "Plans": [{"Node Type": "Nested Loop", "Parent Relationship": "Outer", "Join Type": "Semi", "Startup Cost": 0.0, "Total Cost": 1236651.35, "Plan Rows": 569410, "Plan Width": 16, "Inner Unique": false, "Plans": [{"Node Type": "Streaming(type: LOCAL GATHER dop: 1/16)", "Parent Relationship": "Outer", "Startup Cost": 0.0, "Total Cost": 622334.68, "Plan Rows": 569410, "Plan Width": 24, "Plans": [{"Node Type": "Index Scan", "Parent Relationship": "Outer", "Scan Direction": "Forward", "Index Name": "orders_pkey", "Relation Name": "orders", "Alias": "orders", "Startup Cost": 0.0, "Total Cost": 610045.66, "Plan Rows": 569410, "Plan Width": 24, "Filter": "((o_orderdate >= '1995-01-01 00:00:00'::timestamp(0) without time zone) AND (o_orderdate < '1995-04-01 00:00:00'::timestamp without time zone)), (LLVM Optimized)"}]}, {"Node Type": "Index Scan", "Parent Relationship": "Inner", "Scan Direction": "Forward", "Index Name": "idx_lineitem_orderkey", "Relation Name": "lineitem", "Alias": "lineitem", "Startup Cost": 0.0, "Total Cost": 5.41, "Plan Rows": 3, "Plan Width": 8, "Index Cond": "(l_orderkey = orders.o_orderkey)", "Filter": "(l_commitdate < l_receiptdate)"}]}]}]}, "Unique SQL Id": 3745551476, "Planner Runtime": 0}, "explain_analyze_plan": {"Plan": {"Node Type": "Sort", "Startup Cost": 1239498.42, "Total Cost": 1239498.42, "Plan Rows": 1, "Plan Width": 24, "Actual Min Startup Time": 4836.612, "Actual Max Startup Time": 4836.612, "Actual Min Total Time": 4836.613, "Actual Max Total Time": 4836.613, "Sort Key": ["orders.o_orderpriority"], "Sort Method": "quicksort", "Sort Space Min Used": 25, "Sort Space Max Used": 25, "Sort Space Type": "Memory", "Plans": [{"Node Type": "Aggregate", "Strategy": "Hashed", "Parent Relationship": "Outer", "Startup Cost": 1239498.4, "Total Cost": 1239498.41, "Plan Rows": 1, "Plan Width": 24, "Actual Min Startup Time": 4836.574, "Actual Max Startup Time": 4836.574, "Actual Min Total Time": 4836.576, "Actual Max Total Time": 4836.576, "Group By Key": ["orders.o_orderpriority"], "Plans": [{"Node Type": "Nested Loop", "Parent Relationship": "Outer", "Join Type": "Semi", "Startup Cost": 0.0, "Total Cost": 1236651.35, "Plan Rows": 569410, "Plan Width": 16, "Actual Min Startup Time": 174.498, "Actual Max Startup Time": 174.498, "Actual Min Total Time": 4565.385, "Actual Max Total Time": 4565.385, "Inner Unique": false, "Plans": [{"Node Type": "Streaming(type: LOCAL GATHER dop: 1/16)", "Parent Relationship": "Outer", "Startup Cost": 0.0, "Total Cost": 622334.68, "Plan Rows": 569410, "Plan Width": 24, "Actual Min Startup Time": 174.432, "Actual Max Startup Time": 174.432, "Actual Min Total Time": 409.483, "Actual Max Total Time": 409.483, "Plans": [{"Node Type": "Index Scan", "Parent Relationship": "Outer", "Scan Direction": "Forward", "Index Name": "orders_pkey", "Relation Name": "orders", "Alias": "orders", "Startup Cost": 0.0, "Total Cost": 610045.66, "Plan Rows": 569410, "Plan Width": 24, "Actual Min Startup Time": 126.895, "Actual Max Startup Time": 135.2, "Actual Min Total Time": 713.41, "Actual Max Total Time": 809.738, "Filter": "((o_orderdate >= '1995-01-01 00:00:00'::timestamp(0) without time zone) AND (o_orderdate < '1995-04-01 00:00:00'::timestamp without time zone)), (LLVM Optimized, Jit Execute)", "Rows Removed by Filter": 14438388, "Actual Rows": 561612}], "Actual Rows": 561612}, {"Node Type": "Index Scan", "Parent Relationship": "Inner", "Scan Direction": "Forward", "Index Name": "idx_lineitem_orderkey", "Relation Name": "lineitem", "Alias": "lineitem", "Startup Cost": 0.0, "Total Cost": 5.41, "Plan Rows": 3, "Plan Width": 8, "Actual Min Startup Time": 3741.772, "Actual Max Startup Time": 3741.772, "Actual Min Total Time": 3741.772, "Actual Max Total Time": 3741.772, "Index Cond": "(l_orderkey = orders.o_orderkey)", "Rows Removed by Index Recheck": 0, "Filter": "(l_commitdate < l_receiptdate)", "Rows Removed by Filter": 299676, "Actual Rows": 515106}], "Actual Rows": 515106}], "Actual Rows": 5}], "Actual Rows": 5}, "Triggers": [], "Planner Runtime": 0, "Total Runtime": 4847.856, "Unique SQL Id": 3745551476}}, "(16, 58)": {"explain_plan": {"Plan": {"Node Type": "Sort", "Startup Cost": 73745631.06, "Total Cost": 73745631.06, "Plan Rows": 1, "Plan Width": 24, "Sort Key": ["orders.o_orderpriority"], "Plans": [{"Node Type": "Streaming(type: LOCAL GATHER dop: 1/16)", "Parent Relationship": "Outer", "Startup Cost": 73745631.04, "Total Cost": 73745631.05, "Plan Rows": 1, "Plan Width": 24, "Plans": [{"Node Type": "Aggregate", "Strategy": "Hashed", "Parent Relationship": "Outer", "Startup Cost": 73745631.04, "Total Cost": 73745631.04, "Plan Rows": 1, "Plan Width": 24, "Group By Key": ["orders.o_orderpriority"], "Plans": [{"Node Type": "Streaming(type: LOCAL REDISTRIBUTE dop: 16/16)", "Parent Relationship": "Outer", "Startup Cost": 73745631.01, "Total Cost": 73745631.04, "Plan Rows": 1, "Plan Width": 24, "Plans": [{"Node Type": "Aggregate", "Strategy": "Hashed", "Parent Relationship": "Outer", "Startup Cost": 73745631.01, "Total Cost": 73745631.01, "Plan Rows": 1, "Plan Width": 24, "Group By Key": ["orders.o_orderpriority"], "Plans": [{"Node Type": "Nested Loop", "Parent Relationship": "Outer", "Join Type": "Inner", "Startup Cost": 183706.39, "Total Cost": 73745453.07, "Plan Rows": 569410, "Plan Width": 16, "Inner Unique": true, "Join Filter": "(orders.o_orderkey = lineitem.l_orderkey), (LLVM Optimized)", "Plans": [{"Node Type": "Aggregate", "Strategy": "Hashed", "Parent Relationship": "Outer", "Startup Cost": 178507.06, "Total Cost": 179883.48, "Plan Rows": 2202268, "Plan Width": 8, "Group By Key": ["lineitem.l_orderkey"], "Plans": [{"Node Type": "Streaming(type: LOCAL REDISTRIBUTE dop: 16/16)", "Parent Relationship": "Outer", "Startup Cost": 153442.01, "Total Cost": 178162.96, "Plan Rows": 2202268, "Plan Width": 8, "Plans": [{"Node Type": "Aggregate", "Strategy": "Hashed", "Parent Relationship": "Outer", "Startup Cost": 153442.01, "Total Cost": 154818.42, "Plan Rows": 2202268, "Plan Width": 8, "Group By Key": ["lineitem.l_orderkey"], "Plans": [{"Node Type": "Seq Scan", "Parent Relationship": "Outer", "Relation Name": "lineitem", "Alias": "lineitem", "Startup Cost": 0.0, "Total Cost": 150317.68, "Plan Rows": 19995678, "Plan Width": 8, "Filter": "(l_commitdate < l_receiptdate), (LLVM Optimized)"}]}]}]}, {"Node Type": "Materialize", "Parent Relationship": "Inner", "Startup Cost": 37.76, "Total Cost": 63673.67, "Plan Rows": 569410, "Plan Width": 24, "Plans": [{"Node Type": "Streaming(type: LOCAL REDISTRIBUTE dop: 16/16)", "Parent Relationship": "Outer", "Startup Cost": 37.76, "Total Cost": 63495.73, "Plan Rows": 569410, "Plan Width": 24, "Plans": [{"Node Type": "Seq Scan", "Parent Relationship": "Outer", "Relation Name": "orders", "Alias": "orders", "Startup Cost": 37.76, "Total Cost": 46338.2, "Plan Rows": 569410, "Plan Width": 24, "Filter": "((o_orderdate >= '1995-01-01 00:00:00'::timestamp(0) without time zone) AND (o_orderdate < '1995-04-01 00:00:00'::timestamp without time zone)), (LLVM Optimized)"}]}]}]}]}]}]}]}]}, "Unique SQL Id": 3745551476, "Planner Runtime": 0}, "explain_analyze_plan": null}, "(16, 59)": {"explain_plan": {"Plan": {"Node Type": "Sort", "Startup Cost": 2034307228087.09, "Total Cost": 2034307228087.1, "Plan Rows": 1, "Plan Width": 24, "Sort Key": ["orders.o_orderpriority"], "Plans": [{"Node Type": "Aggregate", "Strategy": "Hashed", "Parent Relationship": "Outer", "Startup Cost": 2034307228087.07, "Total Cost": 2034307228087.08, "Plan Rows": 1, "Plan Width": 24, "Group By Key": ["orders.o_orderpriority"], "Plans": [{"Node Type": "Nested Loop", "Parent Relationship": "Outer", "Join Type": "Semi", "Startup Cost": 20000000000.0, "Total Cost": 2034307225240.02, "Plan Rows": 569410, "Plan Width": 16, "Inner Unique": false, "Join Filter": "(orders.o_orderkey = lineitem.l_orderkey), (LLVM Optimized)", "Plans": [{"Node Type": "Index Scan", "Parent Relationship": "Outer", "Scan Direction": "Forward", "Index Name": "orders_pkey", "Relation Name": "orders", "Alias": "orders", "Startup Cost": 10000000000.0, "Total Cost": 1000080597583.0, "Plan Rows": 569410, "Plan Width": 24, "Filter": "((o_orderdate >= '1995-01-01 00:00:00'::timestamp(0) without time zone) AND (o_orderdate < '1995-04-01 00:00:00'::timestamp without time zone)), (LLVM Optimized)"}, {"Node Type": "Materialize", "Parent Relationship": "Inner", "Startup Cost": 10000000000.0, "Total Cost": 1000339112111.14, "Plan Rows": 19995678, "Plan Width": 8, "Plans": [{"Node Type": "Index Scan", "Parent Relationship": "Outer", "Scan Direction": "Forward", "Index Name": "idx_lineitem_orderkey", "Relation Name": "lineitem", "Alias": "lineitem", "Startup Cost": 10000000000.0, "Total Cost": 1000339012132.75, "Plan Rows": 19995678, "Plan Width": 8, "Filter": "(l_commitdate < l_receiptdate), (LLVM Optimized)"}]}]}]}]}, "Unique SQL Id": 3745551476, "Planner Runtime": 0}, "explain_analyze_plan": null}, "(16, 60)": {"explain_plan": {"Plan": {"Node Type": "Sort", "Startup Cost": 675790.96, "Total Cost": 675790.97, "Plan Rows": 1, "Plan Width": 24, "Sort Key": ["orders.o_orderpriority"], "Plans": [{"Node Type": "Aggregate", "Strategy": "Hashed", "Parent Relationship": "Outer", "Startup Cost": 675790.94, "Total Cost": 675790.95, "Plan Rows": 1, "Plan Width": 24, "Group By Key": ["orders.o_orderpriority"], "Plans": [{"Node Type": "Nested Loop", "Parent Relationship": "Outer", "Join Type": "Semi", "Startup Cost": 37.76, "Total Cost": 672943.89, "Plan Rows": 569410, "Plan Width": 16, "Inner Unique": false, "Plans": [{"Node Type": "Streaming(type: LOCAL GATHER dop: 1/16)", "Parent Relationship": "Outer", "Startup Cost": 37.76, "Total Cost": 58627.22, "Plan Rows": 569410, "Plan Width": 24, "Plans": [{"Node Type": "Seq Scan", "Parent Relationship": "Outer", "Relation Name": "orders", "Alias": "orders", "Startup Cost": 37.76, "Total Cost": 46338.2, "Plan Rows": 569410, "Plan Width": 24, "Filter": "((o_orderdate >= '1995-01-01 00:00:00'::timestamp(0) without time zone) AND (o_orderdate < '1995-04-01 00:00:00'::timestamp without time zone)), (LLVM Optimized)"}]}, {"Node Type": "Index Scan", "Parent Relationship": "Inner", "Scan Direction": "Forward", "Index Name": "idx_lineitem_orderkey", "Relation Name": "lineitem", "Alias": "lineitem", "Startup Cost": 0.0, "Total Cost": 5.41, "Plan Rows": 3, "Plan Width": 8, "Index Cond": "(l_orderkey = orders.o_orderkey)", "Filter": "(l_commitdate < l_receiptdate)"}]}]}]}, "Unique SQL Id": 3745551476, "Planner Runtime": 1}, "explain_analyze_plan": {"Plan": {"Node Type": "Sort", "Startup Cost": 675790.96, "Total Cost": 675790.97, "Plan Rows": 1, "Plan Width": 24, "Actual Min Startup Time": 4741.516, "Actual Max Startup Time": 4741.516, "Actual Min Total Time": 4741.516, "Actual Max Total Time": 4741.516, "Sort Key": ["orders.o_orderpriority"], "Sort Method": "quicksort", "Sort Space Min Used": 25, "Sort Space Max Used": 25, "Sort Space Type": "Memory", "Plans": [{"Node Type": "Aggregate", "Strategy": "Hashed", "Parent Relationship": "Outer", "Startup Cost": 675790.94, "Total Cost": 675790.95, "Plan Rows": 1, "Plan Width": 24, "Actual Min Startup Time": 4741.458, "Actual Max Startup Time": 4741.458, "Actual Min Total Time": 4741.46, "Actual Max Total Time": 4741.46, "Group By Key": ["orders.o_orderpriority"], "Plans": [{"Node Type": "Nested Loop", "Parent Relationship": "Outer", "Join Type": "Semi", "Startup Cost": 37.76, "Total Cost": 672943.89, "Plan Rows": 569410, "Plan Width": 16, "Actual Min Startup Time": 39.921, "Actual Max Startup Time": 39.921, "Actual Min Total Time": 4475.802, "Actual Max Total Time": 4475.802, "Inner Unique": false, "Plans": [{"Node Type": "Streaming(type: LOCAL GATHER dop: 1/16)", "Parent Relationship": "Outer", "Startup Cost": 37.76, "Total Cost": 58627.22, "Plan Rows": 569410, "Plan Width": 24, "Actual Min Startup Time": 39.854, "Actual Max Startup Time": 39.854, "Actual Min Total Time": 315.117, "Actual Max Total Time": 315.117, "Plans": [{"Node Type": "Seq Scan", "Parent Relationship": "Outer", "Relation Name": "orders", "Alias": "orders", "Startup Cost": 37.76, "Total Cost": 46338.2, "Plan Rows": 569410, "Plan Width": 24, "Actual Min Startup Time": 0.028, "Actual Max Startup Time": 0.055, "Actual Min Total Time": 314.933, "Actual Max Total Time": 338.721, "Filter": "((o_orderdate >= '1995-01-01 00:00:00'::timestamp(0) without time zone) AND (o_orderdate < '1995-04-01 00:00:00'::timestamp without time zone)), (LLVM Optimized, Jit Execute)", "Rows Removed by Filter": 14438388, "Actual Rows": 561612}], "Actual Rows": 561612}, {"Node Type": "Index Scan", "Parent Relationship": "Inner", "Scan Direction": "Forward", "Index Name": "idx_lineitem_orderkey", "Relation Name": "lineitem", "Alias": "lineitem", "Startup Cost": 0.0, "Total Cost": 5.41, "Plan Rows": 3, "Plan Width": 8, "Actual Min Startup Time": 3749.266, "Actual Max Startup Time": 3749.266, "Actual Min Total Time": 3749.266, "Actual Max Total Time": 3749.266, "Index Cond": "(l_orderkey = orders.o_orderkey)", "Rows Removed by Index Recheck": 0, "Filter": "(l_commitdate < l_receiptdate)", "Rows Removed by Filter": 299676, "Actual Rows": 515106}], "Actual Rows": 515106}], "Actual Rows": 5}], "Actual Rows": 5}, "Triggers": [], "Planner Runtime": 0, "Total Runtime": 4753.599, "Unique SQL Id": 3745551476}}, "(16, 61)": {"explain_plan": {"Plan": {"Node Type": "Sort", "Startup Cost": 1239498.42, "Total Cost": 1239498.42, "Plan Rows": 1, "Plan Width": 24, "Sort Key": ["orders.o_orderpriority"], "Plans": [{"Node Type": "Aggregate", "Strategy": "Hashed", "Parent Relationship": "Outer", "Startup Cost": 1239498.4, "Total Cost": 1239498.41, "Plan Rows": 1, "Plan Width": 24, "Group By Key": ["orders.o_orderpriority"], "Plans": [{"Node Type": "Nested Loop", "Parent Relationship": "Outer", "Join Type": "Semi", "Startup Cost": 0.0, "Total Cost": 1236651.35, "Plan Rows": 569410, "Plan Width": 16, "Inner Unique": false, "Plans": [{"Node Type": "Streaming(type: LOCAL GATHER dop: 1/16)", "Parent Relationship": "Outer", "Startup Cost": 0.0, "Total Cost": 622334.68, "Plan Rows": 569410, "Plan Width": 24, "Plans": [{"Node Type": "Index Scan", "Parent Relationship": "Outer", "Scan Direction": "Forward", "Index Name": "orders_pkey", "Relation Name": "orders", "Alias": "orders", "Startup Cost": 0.0, "Total Cost": 610045.66, "Plan Rows": 569410, "Plan Width": 24, "Filter": "((o_orderdate >= '1995-01-01 00:00:00'::timestamp(0) without time zone) AND (o_orderdate < '1995-04-01 00:00:00'::timestamp without time zone)), (LLVM Optimized)"}]}, {"Node Type": "Index Scan", "Parent Relationship": "Inner", "Scan Direction": "Forward", "Index Name": "idx_lineitem_orderkey", "Relation Name": "lineitem", "Alias": "lineitem", "Startup Cost": 0.0, "Total Cost": 5.41, "Plan Rows": 3, "Plan Width": 8, "Index Cond": "(l_orderkey = orders.o_orderkey)", "Filter": "(l_commitdate < l_receiptdate)"}]}]}]}, "Unique SQL Id": 3745551476, "Planner Runtime": 0}, "explain_analyze_plan": {"Plan": {"Node Type": "Sort", "Startup Cost": 1239498.42, "Total Cost": 1239498.42, "Plan Rows": 1, "Plan Width": 24, "Actual Min Startup Time": 4836.612, "Actual Max Startup Time": 4836.612, "Actual Min Total Time": 4836.613, "Actual Max Total Time": 4836.613, "Sort Key": ["orders.o_orderpriority"], "Sort Method": "quicksort", "Sort Space Min Used": 25, "Sort Space Max Used": 25, "Sort Space Type": "Memory", "Plans": [{"Node Type": "Aggregate", "Strategy": "Hashed", "Parent Relationship": "Outer", "Startup Cost": 1239498.4, "Total Cost": 1239498.41, "Plan Rows": 1, "Plan Width": 24, "Actual Min Startup Time": 4836.574, "Actual Max Startup Time": 4836.574, "Actual Min Total Time": 4836.576, "Actual Max Total Time": 4836.576, "Group By Key": ["orders.o_orderpriority"], "Plans": [{"Node Type": "Nested Loop", "Parent Relationship": "Outer", "Join Type": "Semi", "Startup Cost": 0.0, "Total Cost": 1236651.35, "Plan Rows": 569410, "Plan Width": 16, "Actual Min Startup Time": 174.498, "Actual Max Startup Time": 174.498, "Actual Min Total Time": 4565.385, "Actual Max Total Time": 4565.385, "Inner Unique": false, "Plans": [{"Node Type": "Streaming(type: LOCAL GATHER dop: 1/16)", "Parent Relationship": "Outer", "Startup Cost": 0.0, "Total Cost": 622334.68, "Plan Rows": 569410, "Plan Width": 24, "Actual Min Startup Time": 174.432, "Actual Max Startup Time": 174.432, "Actual Min Total Time": 409.483, "Actual Max Total Time": 409.483, "Plans": [{"Node Type": "Index Scan", "Parent Relationship": "Outer", "Scan Direction": "Forward", "Index Name": "orders_pkey", "Relation Name": "orders", "Alias": "orders", "Startup Cost": 0.0, "Total Cost": 610045.66, "Plan Rows": 569410, "Plan Width": 24, "Actual Min Startup Time": 126.895, "Actual Max Startup Time": 135.2, "Actual Min Total Time": 713.41, "Actual Max Total Time": 809.738, "Filter": "((o_orderdate >= '1995-01-01 00:00:00'::timestamp(0) without time zone) AND (o_orderdate < '1995-04-01 00:00:00'::timestamp without time zone)), (LLVM Optimized, Jit Execute)", "Rows Removed by Filter": 14438388, "Actual Rows": 561612}], "Actual Rows": 561612}, {"Node Type": "Index Scan", "Parent Relationship": "Inner", "Scan Direction": "Forward", "Index Name": "idx_lineitem_orderkey", "Relation Name": "lineitem", "Alias": "lineitem", "Startup Cost": 0.0, "Total Cost": 5.41, "Plan Rows": 3, "Plan Width": 8, "Actual Min Startup Time": 3741.772, "Actual Max Startup Time": 3741.772, "Actual Min Total Time": 3741.772, "Actual Max Total Time": 3741.772, "Index Cond": "(l_orderkey = orders.o_orderkey)", "Rows Removed by Index Recheck": 0, "Filter": "(l_commitdate < l_receiptdate)", "Rows Removed by Filter": 299676, "Actual Rows": 515106}], "Actual Rows": 515106}], "Actual Rows": 5}], "Actual Rows": 5}, "Triggers": [], "Planner Runtime": 0, "Total Runtime": 4847.856, "Unique SQL Id": 3745551476}}, "(16, 62)": {"explain_plan": {"Plan": {"Node Type": "Sort", "Startup Cost": 73745631.06, "Total Cost": 73745631.06, "Plan Rows": 1, "Plan Width": 24, "Sort Key": ["orders.o_orderpriority"], "Plans": [{"Node Type": "Streaming(type: LOCAL GATHER dop: 1/16)", "Parent Relationship": "Outer", "Startup Cost": 73745631.04, "Total Cost": 73745631.05, "Plan Rows": 1, "Plan Width": 24, "Plans": [{"Node Type": "Aggregate", "Strategy": "Hashed", "Parent Relationship": "Outer", "Startup Cost": 73745631.04, "Total Cost": 73745631.04, "Plan Rows": 1, "Plan Width": 24, "Group By Key": ["orders.o_orderpriority"], "Plans": [{"Node Type": "Streaming(type: LOCAL REDISTRIBUTE dop: 16/16)", "Parent Relationship": "Outer", "Startup Cost": 73745631.01, "Total Cost": 73745631.04, "Plan Rows": 1, "Plan Width": 24, "Plans": [{"Node Type": "Aggregate", "Strategy": "Hashed", "Parent Relationship": "Outer", "Startup Cost": 73745631.01, "Total Cost": 73745631.01, "Plan Rows": 1, "Plan Width": 24, "Group By Key": ["orders.o_orderpriority"], "Plans": [{"Node Type": "Nested Loop", "Parent Relationship": "Outer", "Join Type": "Inner", "Startup Cost": 183706.39, "Total Cost": 73745453.07, "Plan Rows": 569410, "Plan Width": 16, "Inner Unique": true, "Join Filter": "(orders.o_orderkey = lineitem.l_orderkey), (LLVM Optimized)", "Plans": [{"Node Type": "Aggregate", "Strategy": "Hashed", "Parent Relationship": "Outer", "Startup Cost": 178507.06, "Total Cost": 179883.48, "Plan Rows": 2202268, "Plan Width": 8, "Group By Key": ["lineitem.l_orderkey"], "Plans": [{"Node Type": "Streaming(type: LOCAL REDISTRIBUTE dop: 16/16)", "Parent Relationship": "Outer", "Startup Cost": 153442.01, "Total Cost": 178162.96, "Plan Rows": 2202268, "Plan Width": 8, "Plans": [{"Node Type": "Aggregate", "Strategy": "Hashed", "Parent Relationship": "Outer", "Startup Cost": 153442.01, "Total Cost": 154818.42, "Plan Rows": 2202268, "Plan Width": 8, "Group By Key": ["lineitem.l_orderkey"], "Plans": [{"Node Type": "Seq Scan", "Parent Relationship": "Outer", "Relation Name": "lineitem", "Alias": "lineitem", "Startup Cost": 0.0, "Total Cost": 150317.68, "Plan Rows": 19995678, "Plan Width": 8, "Filter": "(l_commitdate < l_receiptdate), (LLVM Optimized)"}]}]}]}, {"Node Type": "Materialize", "Parent Relationship": "Inner", "Startup Cost": 37.76, "Total Cost": 63673.67, "Plan Rows": 569410, "Plan Width": 24, "Plans": [{"Node Type": "Streaming(type: LOCAL REDISTRIBUTE dop: 16/16)", "Parent Relationship": "Outer", "Startup Cost": 37.76, "Total Cost": 63495.73, "Plan Rows": 569410, "Plan Width": 24, "Plans": [{"Node Type": "Seq Scan", "Parent Relationship": "Outer", "Relation Name": "orders", "Alias": "orders", "Startup Cost": 37.76, "Total Cost": 46338.2, "Plan Rows": 569410, "Plan Width": 24, "Filter": "((o_orderdate >= '1995-01-01 00:00:00'::timestamp(0) without time zone) AND (o_orderdate < '1995-04-01 00:00:00'::timestamp without time zone)), (LLVM Optimized)"}]}]}]}]}]}]}]}]}, "Unique SQL Id": 3745551476, "Planner Runtime": 0}, "explain_analyze_plan": null}, "(16, 63)": {"explain_plan": {"Plan": {"Node Type": "Sort", "Startup Cost": 2034307228087.09, "Total Cost": 2034307228087.1, "Plan Rows": 1, "Plan Width": 24, "Sort Key": ["orders.o_orderpriority"], "Plans": [{"Node Type": "Aggregate", "Strategy": "Hashed", "Parent Relationship": "Outer", "Startup Cost": 2034307228087.07, "Total Cost": 2034307228087.08, "Plan Rows": 1, "Plan Width": 24, "Group By Key": ["orders.o_orderpriority"], "Plans": [{"Node Type": "Nested Loop", "Parent Relationship": "Outer", "Join Type": "Semi", "Startup Cost": 20000000000.0, "Total Cost": 2034307225240.02, "Plan Rows": 569410, "Plan Width": 16, "Inner Unique": false, "Join Filter": "(orders.o_orderkey = lineitem.l_orderkey), (LLVM Optimized)", "Plans": [{"Node Type": "Index Scan", "Parent Relationship": "Outer", "Scan Direction": "Forward", "Index Name": "orders_pkey", "Relation Name": "orders", "Alias": "orders", "Startup Cost": 10000000000.0, "Total Cost": 1000080597583.0, "Plan Rows": 569410, "Plan Width": 24, "Filter": "((o_orderdate >= '1995-01-01 00:00:00'::timestamp(0) without time zone) AND (o_orderdate < '1995-04-01 00:00:00'::timestamp without time zone)), (LLVM Optimized)"}, {"Node Type": "Materialize", "Parent Relationship": "Inner", "Startup Cost": 10000000000.0, "Total Cost": 1000339112111.14, "Plan Rows": 19995678, "Plan Width": 8, "Plans": [{"Node Type": "Index Scan", "Parent Relationship": "Outer", "Scan Direction": "Forward", "Index Name": "idx_lineitem_orderkey", "Relation Name": "lineitem", "Alias": "lineitem", "Startup Cost": 10000000000.0, "Total Cost": 1000339012132.75, "Plan Rows": 19995678, "Plan Width": 8, "Filter": "(l_commitdate < l_receiptdate), (LLVM Optimized)"}]}]}]}]}, "Unique SQL Id": 3745551476, "Planner Runtime": 0}, "explain_analyze_plan": null}, "(16, 64)": {"explain_plan": {"Plan": {"Node Type": "Sort", "Startup Cost": 223060.11, "Total Cost": 223060.12, "Plan Rows": 1, "Plan Width": 24, "Sort Key": ["orders.o_orderpriority"], "Plans": [{"Node Type": "Streaming(type: LOCAL GATHER dop: 1/16)", "Parent Relationship": "Outer", "Startup Cost": 223060.1, "Total Cost": 223060.1, "Plan Rows": 1, "Plan Width": 24, "Plans": [{"Node Type": "Aggregate", "Strategy": "Hashed", "Parent Relationship": "Outer", "Startup Cost": 223060.1, "Total Cost": 223060.1, "Plan Rows": 1, "Plan Width": 24, "Group By Key": ["orders.o_orderpriority"], "Plans": [{"Node Type": "Streaming(type: LOCAL REDISTRIBUTE dop: 16/16)", "Parent Relationship": "Outer", "Startup Cost": 223060.07, "Total Cost": 223060.1, "Plan Rows": 1, "Plan Width": 24, "Plans": [{"Node Type": "Aggregate", "Strategy": "Hashed", "Parent Relationship": "Outer", "Startup Cost": 223060.07, "Total Cost": 223060.07, "Plan Rows": 1, "Plan Width": 24, "Group By Key": ["orders.o_orderpriority"], "Plans": [{"Node Type": "Hash Join", "Parent Relationship": "Outer", "Join Type": "Inner", "Startup Cost": 199987.41, "Total Cost": 222882.13, "Plan Rows": 569410, "Plan Width": 16, "Inner Unique": true, "Hash Cond": "(lineitem.l_orderkey = orders.o_orderkey), (LLVM Optimized)", "Plans": [{"Node Type": "Aggregate", "Strategy": "Hashed", "Parent Relationship": "Outer", "Startup Cost": 178507.06, "Total Cost": 179883.48, "Plan Rows": 2202268, "Plan Width": 8, "Group By Key": ["lineitem.l_orderkey"], "Plans": [{"Node Type": "Streaming(type: LOCAL REDISTRIBUTE dop: 16/16)", "Parent Relationship": "Outer", "Startup Cost": 153442.01, "Total Cost": 178162.96, "Plan Rows": 2202268, "Plan Width": 8, "Plans": [{"Node Type": "Aggregate", "Strategy": "Hashed", "Parent Relationship": "Outer", "Startup Cost": 153442.01, "Total Cost": 154818.42, "Plan Rows": 2202268, "Plan Width": 8, "Group By Key": ["lineitem.l_orderkey"], "Plans": [{"Node Type": "Seq Scan", "Parent Relationship": "Outer", "Relation Name": "lineitem", "Alias": "lineitem", "Startup Cost": 0.0, "Total Cost": 150317.68, "Plan Rows": 19995678, "Plan Width": 8, "Filter": "(l_commitdate < l_receiptdate), (LLVM Optimized)"}]}]}]}, {"Node Type": "Hash", "Parent Relationship": "Inner", "Startup Cost": 63495.73, "Total Cost": 63495.73, "Plan Rows": 569410, "Plan Width": 24, "Plans": [{"Node Type": "Streaming(type: LOCAL REDISTRIBUTE dop: 16/16)", "Parent Relationship": "Outer", "Startup Cost": 37.76, "Total Cost": 63495.73, "Plan Rows": 569410, "Plan Width": 24, "Plans": [{"Node Type": "Seq Scan", "Parent Relationship": "Outer", "Relation Name": "orders", "Alias": "orders", "Startup Cost": 37.76, "Total Cost": 46338.2, "Plan Rows": 569410, "Plan Width": 24, "Filter": "((o_orderdate >= '1995-01-01 00:00:00'::timestamp(0) without time zone) AND (o_orderdate < '1995-04-01 00:00:00'::timestamp without time zone)), (LLVM Optimized)"}]}]}]}]}]}]}]}]}, "Unique SQL Id": 3745551476, "Planner Runtime": 1}, "explain_analyze_plan": {"Plan": {"Node Type": "Sort", "Startup Cost": 223060.11, "Total Cost": 223060.12, "Plan Rows": 1, "Plan Width": 24, "Actual Min Startup Time": 5326.268, "Actual Max Startup Time": 5326.268, "Actual Min Total Time": 5326.269, "Actual Max Total Time": 5326.269, "Sort Key": ["orders.o_orderpriority"], "Sort Method": "quicksort", "Sort Space Min Used": 25, "Sort Space Max Used": 25, "Sort Space Type": "Memory", "Plans": [{"Node Type": "Streaming(type: LOCAL GATHER dop: 1/16)", "Parent Relationship": "Outer", "Startup Cost": 223060.1, "Total Cost": 223060.1, "Plan Rows": 1, "Plan Width": 24, "Actual Min Startup Time": 5325.981, "Actual Max Startup Time": 5325.981, "Actual Min Total Time": 5326.201, "Actual Max Total Time": 5326.201, "Plans": [{"Node Type": "Aggregate", "Strategy": "Hashed", "Parent Relationship": "Outer", "Startup Cost": 223060.1, "Total Cost": 223060.1, "Plan Rows": 1, "Plan Width": 24, "Actual Min Startup Time": 5241.572, "Actual Max Startup Time": 5273.993, "Actual Min Total Time": 5241.572, "Actual Max Total Time": 5273.993, "Group By Key": ["orders.o_orderpriority"], "Plans": [{"Node Type": "Streaming(type: LOCAL REDISTRIBUTE dop: 16/16)", "Parent Relationship": "Outer", "Startup Cost": 223060.07, "Total Cost": 223060.1, "Plan Rows": 1, "Plan Width": 24, "Actual Min Startup Time": 5184.678, "Actual Max Startup Time": 5273.984, "Actual Min Total Time": 5241.566, "Actual Max Total Time": 5273.984, "Plans": [{"Node Type": "Aggregate", "Strategy": "Hashed", "Parent Relationship": "Outer", "Startup Cost": 223060.07, "Total Cost": 223060.07, "Plan Rows": 1, "Plan Width": 24, "Actual Min Startup Time": 5118.77, "Actual Max Startup Time": 5250.137, "Actual Min Total Time": 5118.772, "Actual Max Total Time": 5250.14, "Group By Key": ["orders.o_orderpriority"], "Plans": [{"Node Type": "Hash Join", "Parent Relationship": "Outer", "Join Type": "Inner", "Startup Cost": 199987.41, "Total Cost": 222882.13, "Plan Rows": 569410, "Plan Width": 16, "Actual Min Startup Time": 4788.695, "Actual Max Startup Time": 4877.328, "Actual Min Total Time": 5105.267, "Actual Max Total Time": 5237.07, "Inner Unique": true, "Hash Cond": "(lineitem.l_orderkey = orders.o_orderkey), (LLVM Optimized, Jit Execute)", "Plans": [{"Node Type": "Aggregate", "Strategy": "Hashed", "Parent Relationship": "Outer", "Startup Cost": 178507.06, "Total Cost": 179883.48, "Plan Rows": 2202268, "Plan Width": 8, "Actual Min Startup Time": 4318.042, "Actual Max Startup Time": 4318.214, "Actual Min Total Time": 4470.778, "Actual Max Total Time": 4515.862, "Group By Key": ["lineitem.l_orderkey"], "Plans": [{"Node Type": "Streaming(type: LOCAL REDISTRIBUTE dop: 16/16)", "Parent Relationship": "Outer", "Startup Cost": 153442.01, "Total Cost": 178162.96, "Plan Rows": 2202268, "Plan Width": 8, "Actual Min Startup Time": 2156.969, "Actual Max Startup Time": 2158.381, "Actual Min Total Time": 3852.509, "Actual Max Total Time": 3925.326, "Plans": [{"Node Type": "Aggregate", "Strategy": "Hashed", "Parent Relationship": "Outer", "Startup Cost": 153442.01, "Total Cost": 154818.42, "Plan Rows": 2202268, "Plan Width": 8, "Actual Min Startup Time": 2704.393, "Actual Max Startup Time": 3047.185, "Actual Min Total Time": 2999.133, "Actual Max Total Time": 3445.708, "Group By Key": ["lineitem.l_orderkey"], "Plans": [{"Node Type": "Seq Scan", "Parent Relationship": "Outer", "Relation Name": "lineitem", "Alias": "lineitem", "Startup Cost": 0.0, "Total Cost": 150317.68, "Plan Rows": 19995678, "Plan Width": 8, "Actual Min Startup Time": 0.02, "Actual Max Startup Time": 0.044, "Actual Min Total Time": 1763.072, "Actual Max Total Time": 1876.643, "Filter": "(l_commitdate < l_receiptdate), (LLVM Optimized, Jit Execute)", "Rows Removed by Filter": 22056704, "Actual Rows": 37929348}], "Actual Rows": 13761080}], "Actual Rows": 13761080}], "Actual Rows": 13753474}, {"Node Type": "Hash", "Parent Relationship": "Inner", "Startup Cost": 63495.73, "Total Cost": 63495.73, "Plan Rows": 569410, "Plan Width": 24, "Actual Min Startup Time": 470.505, "Actual Max Startup Time": 559.062, "Actual Min Total Time": 470.505, "Actual Max Total Time": 559.062, "Max Hash Buckets": 65536, "Min Hash Buckets": 65536, "Max Hash Batches": 1, "Min Hash Batches": 1, "Max Original Hash Batches": 1, "Min Original Hash Batches": 1, "Max Peak Memory Usage": 1899, "min Peak Memory Usage": 1899, "Plans": [{"Node Type": "Streaming(type: LOCAL REDISTRIBUTE dop: 16/16)", "Parent Relationship": "Outer", "Startup Cost": 37.76, "Total Cost": 63495.73, "Plan Rows": 569410, "Plan Width": 24, "Actual Min Startup Time": 0.045, "Actual Max Startup Time": 87.172, "Actual Min Total Time": 459.295, "Actual Max Total Time": 546.654, "Plans": [{"Node Type": "Seq Scan", "Parent Relationship": "Outer", "Relation Name": "orders", "Alias": "orders", "Startup Cost": 37.76, "Total Cost": 46338.2, "Plan Rows": 569410, "Plan Width": 24, "Actual Min Startup Time": 0.032, "Actual Max Startup Time": 0.061, "Actual Min Total Time": 394.261, "Actual Max Total Time": 423.116, "Filter": "((o_orderdate >= '1995-01-01 00:00:00'::timestamp(0) without time zone) AND (o_orderdate < '1995-04-01 00:00:00'::timestamp without time zone)), (LLVM Optimized, Jit Execute)", "Rows Removed by Filter": 14438388, "Actual Rows": 561612}], "Actual Rows": 561612}], "Actual Rows": 561612}], "Actual Rows": 515106}], "Actual Rows": 80}], "Actual Rows": 80}], "Actual Rows": 5}], "Actual Rows": 5}], "Actual Rows": 5}, "Triggers": [], "Planner Runtime": 0, "Total Runtime": 5347.731, "Unique SQL Id": 3745551476}}, "(16, 65)": {"explain_plan": {"Plan": {"Node Type": "Sort", "Startup Cost": 916688.59, "Total Cost": 916688.6, "Plan Rows": 1, "Plan Width": 24, "Sort Key": ["orders.o_orderpriority"], "Plans": [{"Node Type": "Aggregate", "Strategy": "Hashed", "Parent Relationship": "Outer", "Startup Cost": 916688.57, "Total Cost": 916688.58, "Plan Rows": 1, "Plan Width": 24, "Group By Key": ["orders.o_orderpriority"], "Plans": [{"Node Type": "Nested Loop", "Parent Relationship": "Outer", "Join Type": "Semi", "Startup Cost": 14564.7, "Total Cost": 913841.52, "Plan Rows": 569410, "Plan Width": 16, "Inner Unique": false, "Plans": [{"Node Type": "Bitmap Heap Scan", "Parent Relationship": "Outer", "Relation Name": "orders", "Alias": "orders", "Startup Cost": 14564.7, "Total Cost": 299524.85, "Plan Rows": 569410, "Plan Width": 24, "Recheck Cond": "((o_orderdate >= '1995-01-01 00:00:00'::timestamp(0) without time zone) AND (o_orderdate < '1995-04-01 00:00:00'::timestamp without time zone)), (LLVM Optimized)", "Plans": [{"Node Type": "Bitmap Index Scan", "Parent Relationship": "Outer", "Index Name": "idx_orders_orderdate", "Startup Cost": 0.0, "Total Cost": 14422.35, "Plan Rows": 569410, "Plan Width": 0, "Index Cond": "((o_orderdate >= '1995-01-01 00:00:00'::timestamp(0) without time zone) AND (o_orderdate < '1995-04-01 00:00:00'::timestamp without time zone))"}]}, {"Node Type": "Index Scan", "Parent Relationship": "Inner", "Scan Direction": "Forward", "Index Name": "idx_lineitem_orderkey", "Relation Name": "lineitem", "Alias": "lineitem", "Startup Cost": 0.0, "Total Cost": 5.41, "Plan Rows": 3, "Plan Width": 8, "Index Cond": "(l_orderkey = orders.o_orderkey)", "Filter": "(l_commitdate < l_receiptdate)"}]}]}]}, "Unique SQL Id": 3745551476, "Planner Runtime": 0}, "explain_analyze_plan": {"Plan": {"Node Type": "Sort", "Startup Cost": 916688.59, "Total Cost": 916688.6, "Plan Rows": 1, "Plan Width": 24, "Actual Startup Time": 5413.801, "Actual Total Time": 5413.802, "Actual Rows": 5, "Actual Loops": 1, "Sort Key": ["orders.o_orderpriority"], "Sort Method": "quicksort", "Sort Space Used": 25, "Sort Space Type": "Memory", "Plans": [{"Node Type": "Aggregate", "Strategy": "Hashed", "Parent Relationship": "Outer", "Startup Cost": 916688.57, "Total Cost": 916688.58, "Plan Rows": 1, "Plan Width": 24, "Actual Startup Time": 5413.754, "Actual Total Time": 5413.756, "Actual Rows": 5, "Actual Loops": 1, "Group By Key": ["orders.o_orderpriority"], "Plans": [{"Node Type": "Nested Loop", "Parent Relationship": "Outer", "Join Type": "Semi", "Startup Cost": 14564.7, "Total Cost": 913841.52, "Plan Rows": 569410, "Plan Width": 16, "Actual Startup Time": 248.12, "Actual Total Time": 5129.668, "Actual Rows": 515106, "Actual Loops": 1, "Inner Unique": false, "Plans": [{"Node Type": "Bitmap Heap Scan", "Parent Relationship": "Outer", "Relation Name": "orders", "Alias": "orders", "Startup Cost": 14564.7, "Total Cost": 299524.85, "Plan Rows": 569410, "Plan Width": 24, "Actual Startup Time": 248.035, "Actual Total Time": 1102.757, "Actual Rows": 561612, "Actual Loops": 1, "Recheck Cond": "((o_orderdate >= '1995-01-01 00:00:00'::timestamp(0) without time zone) AND (o_orderdate < '1995-04-01 00:00:00'::timestamp without time zone)), (LLVM Optimized, Jit Execute)", "Rows Removed by Index Recheck": 0, "Exact Heap Blocks": 241676, "Lossy Heap Blocks": 241676, "Plans": [{"Node Type": "Bitmap Index Scan", "Parent Relationship": "Outer", "Index Name": "idx_orders_orderdate", "Startup Cost": 0.0, "Total Cost": 14422.35, "Plan Rows": 569410, "Plan Width": 0, "Actual Startup Time": 173.006, "Actual Total Time": 173.006, "Actual Rows": 561612, "Actual Loops": 1, "Index Cond": "((o_orderdate >= '1995-01-01 00:00:00'::timestamp(0) without time zone) AND (o_orderdate < '1995-04-01 00:00:00'::timestamp without time zone))"}]}, {"Node Type": "Index Scan", "Parent Relationship": "Inner", "Scan Direction": "Forward", "Index Name": "idx_lineitem_orderkey", "Relation Name": "lineitem", "Alias": "lineitem", "Startup Cost": 0.0, "Total Cost": 5.41, "Plan Rows": 3, "Plan Width": 8, "Actual Startup Time": 3608.892, "Actual Total Time": 3608.892, "Actual Rows": 515106, "Actual Loops": 561612, "Index Cond": "(l_orderkey = orders.o_orderkey)", "Rows Removed by Index Recheck": 0, "Filter": "(l_commitdate < l_receiptdate)", "Rows Removed by Filter": 299676}]}]}]}, "Triggers": [], "Planner Runtime": 0, "Total Runtime": 5423.336, "Unique SQL Id": 3745551476}}, "(16, 66)": {"explain_plan": {"Plan": {"Node Type": "Sort", "Startup Cost": 223060.11, "Total Cost": 223060.12, "Plan Rows": 1, "Plan Width": 24, "Sort Key": ["orders.o_orderpriority"], "Plans": [{"Node Type": "Streaming(type: LOCAL GATHER dop: 1/16)", "Parent Relationship": "Outer", "Startup Cost": 223060.1, "Total Cost": 223060.1, "Plan Rows": 1, "Plan Width": 24, "Plans": [{"Node Type": "Aggregate", "Strategy": "Hashed", "Parent Relationship": "Outer", "Startup Cost": 223060.1, "Total Cost": 223060.1, "Plan Rows": 1, "Plan Width": 24, "Group By Key": ["orders.o_orderpriority"], "Plans": [{"Node Type": "Streaming(type: LOCAL REDISTRIBUTE dop: 16/16)", "Parent Relationship": "Outer", "Startup Cost": 223060.07, "Total Cost": 223060.1, "Plan Rows": 1, "Plan Width": 24, "Plans": [{"Node Type": "Aggregate", "Strategy": "Hashed", "Parent Relationship": "Outer", "Startup Cost": 223060.07, "Total Cost": 223060.07, "Plan Rows": 1, "Plan Width": 24, "Group By Key": ["orders.o_orderpriority"], "Plans": [{"Node Type": "Hash Join", "Parent Relationship": "Outer", "Join Type": "Inner", "Startup Cost": 199987.41, "Total Cost": 222882.13, "Plan Rows": 569410, "Plan Width": 16, "Inner Unique": true, "Hash Cond": "(lineitem.l_orderkey = orders.o_orderkey), (LLVM Optimized)", "Plans": [{"Node Type": "Aggregate", "Strategy": "Hashed", "Parent Relationship": "Outer", "Startup Cost": 178507.06, "Total Cost": 179883.48, "Plan Rows": 2202268, "Plan Width": 8, "Group By Key": ["lineitem.l_orderkey"], "Plans": [{"Node Type": "Streaming(type: LOCAL REDISTRIBUTE dop: 16/16)", "Parent Relationship": "Outer", "Startup Cost": 153442.01, "Total Cost": 178162.96, "Plan Rows": 2202268, "Plan Width": 8, "Plans": [{"Node Type": "Aggregate", "Strategy": "Hashed", "Parent Relationship": "Outer", "Startup Cost": 153442.01, "Total Cost": 154818.42, "Plan Rows": 2202268, "Plan Width": 8, "Group By Key": ["lineitem.l_orderkey"], "Plans": [{"Node Type": "Seq Scan", "Parent Relationship": "Outer", "Relation Name": "lineitem", "Alias": "lineitem", "Startup Cost": 0.0, "Total Cost": 150317.68, "Plan Rows": 19995678, "Plan Width": 8, "Filter": "(l_commitdate < l_receiptdate), (LLVM Optimized)"}]}]}]}, {"Node Type": "Hash", "Parent Relationship": "Inner", "Startup Cost": 63495.73, "Total Cost": 63495.73, "Plan Rows": 569410, "Plan Width": 24, "Plans": [{"Node Type": "Streaming(type: LOCAL REDISTRIBUTE dop: 16/16)", "Parent Relationship": "Outer", "Startup Cost": 37.76, "Total Cost": 63495.73, "Plan Rows": 569410, "Plan Width": 24, "Plans": [{"Node Type": "Seq Scan", "Parent Relationship": "Outer", "Relation Name": "orders", "Alias": "orders", "Startup Cost": 37.76, "Total Cost": 46338.2, "Plan Rows": 569410, "Plan Width": 24, "Filter": "((o_orderdate >= '1995-01-01 00:00:00'::timestamp(0) without time zone) AND (o_orderdate < '1995-04-01 00:00:00'::timestamp without time zone)), (LLVM Optimized)"}]}]}]}]}]}]}]}]}, "Unique SQL Id": 3745551476, "Planner Runtime": 0}, "explain_analyze_plan": {"Plan": {"Node Type": "Sort", "Startup Cost": 223060.11, "Total Cost": 223060.12, "Plan Rows": 1, "Plan Width": 24, "Actual Min Startup Time": 5326.268, "Actual Max Startup Time": 5326.268, "Actual Min Total Time": 5326.269, "Actual Max Total Time": 5326.269, "Sort Key": ["orders.o_orderpriority"], "Sort Method": "quicksort", "Sort Space Min Used": 25, "Sort Space Max Used": 25, "Sort Space Type": "Memory", "Plans": [{"Node Type": "Streaming(type: LOCAL GATHER dop: 1/16)", "Parent Relationship": "Outer", "Startup Cost": 223060.1, "Total Cost": 223060.1, "Plan Rows": 1, "Plan Width": 24, "Actual Min Startup Time": 5325.981, "Actual Max Startup Time": 5325.981, "Actual Min Total Time": 5326.201, "Actual Max Total Time": 5326.201, "Plans": [{"Node Type": "Aggregate", "Strategy": "Hashed", "Parent Relationship": "Outer", "Startup Cost": 223060.1, "Total Cost": 223060.1, "Plan Rows": 1, "Plan Width": 24, "Actual Min Startup Time": 5241.572, "Actual Max Startup Time": 5273.993, "Actual Min Total Time": 5241.572, "Actual Max Total Time": 5273.993, "Group By Key": ["orders.o_orderpriority"], "Plans": [{"Node Type": "Streaming(type: LOCAL REDISTRIBUTE dop: 16/16)", "Parent Relationship": "Outer", "Startup Cost": 223060.07, "Total Cost": 223060.1, "Plan Rows": 1, "Plan Width": 24, "Actual Min Startup Time": 5184.678, "Actual Max Startup Time": 5273.984, "Actual Min Total Time": 5241.566, "Actual Max Total Time": 5273.984, "Plans": [{"Node Type": "Aggregate", "Strategy": "Hashed", "Parent Relationship": "Outer", "Startup Cost": 223060.07, "Total Cost": 223060.07, "Plan Rows": 1, "Plan Width": 24, "Actual Min Startup Time": 5118.77, "Actual Max Startup Time": 5250.137, "Actual Min Total Time": 5118.772, "Actual Max Total Time": 5250.14, "Group By Key": ["orders.o_orderpriority"], "Plans": [{"Node Type": "Hash Join", "Parent Relationship": "Outer", "Join Type": "Inner", "Startup Cost": 199987.41, "Total Cost": 222882.13, "Plan Rows": 569410, "Plan Width": 16, "Actual Min Startup Time": 4788.695, "Actual Max Startup Time": 4877.328, "Actual Min Total Time": 5105.267, "Actual Max Total Time": 5237.07, "Inner Unique": true, "Hash Cond": "(lineitem.l_orderkey = orders.o_orderkey), (LLVM Optimized, Jit Execute)", "Plans": [{"Node Type": "Aggregate", "Strategy": "Hashed", "Parent Relationship": "Outer", "Startup Cost": 178507.06, "Total Cost": 179883.48, "Plan Rows": 2202268, "Plan Width": 8, "Actual Min Startup Time": 4318.042, "Actual Max Startup Time": 4318.214, "Actual Min Total Time": 4470.778, "Actual Max Total Time": 4515.862, "Group By Key": ["lineitem.l_orderkey"], "Plans": [{"Node Type": "Streaming(type: LOCAL REDISTRIBUTE dop: 16/16)", "Parent Relationship": "Outer", "Startup Cost": 153442.01, "Total Cost": 178162.96, "Plan Rows": 2202268, "Plan Width": 8, "Actual Min Startup Time": 2156.969, "Actual Max Startup Time": 2158.381, "Actual Min Total Time": 3852.509, "Actual Max Total Time": 3925.326, "Plans": [{"Node Type": "Aggregate", "Strategy": "Hashed", "Parent Relationship": "Outer", "Startup Cost": 153442.01, "Total Cost": 154818.42, "Plan Rows": 2202268, "Plan Width": 8, "Actual Min Startup Time": 2704.393, "Actual Max Startup Time": 3047.185, "Actual Min Total Time": 2999.133, "Actual Max Total Time": 3445.708, "Group By Key": ["lineitem.l_orderkey"], "Plans": [{"Node Type": "Seq Scan", "Parent Relationship": "Outer", "Relation Name": "lineitem", "Alias": "lineitem", "Startup Cost": 0.0, "Total Cost": 150317.68, "Plan Rows": 19995678, "Plan Width": 8, "Actual Min Startup Time": 0.02, "Actual Max Startup Time": 0.044, "Actual Min Total Time": 1763.072, "Actual Max Total Time": 1876.643, "Filter": "(l_commitdate < l_receiptdate), (LLVM Optimized, Jit Execute)", "Rows Removed by Filter": 22056704, "Actual Rows": 37929348}], "Actual Rows": 13761080}], "Actual Rows": 13761080}], "Actual Rows": 13753474}, {"Node Type": "Hash", "Parent Relationship": "Inner", "Startup Cost": 63495.73, "Total Cost": 63495.73, "Plan Rows": 569410, "Plan Width": 24, "Actual Min Startup Time": 470.505, "Actual Max Startup Time": 559.062, "Actual Min Total Time": 470.505, "Actual Max Total Time": 559.062, "Max Hash Buckets": 65536, "Min Hash Buckets": 65536, "Max Hash Batches": 1, "Min Hash Batches": 1, "Max Original Hash Batches": 1, "Min Original Hash Batches": 1, "Max Peak Memory Usage": 1899, "min Peak Memory Usage": 1899, "Plans": [{"Node Type": "Streaming(type: LOCAL REDISTRIBUTE dop: 16/16)", "Parent Relationship": "Outer", "Startup Cost": 37.76, "Total Cost": 63495.73, "Plan Rows": 569410, "Plan Width": 24, "Actual Min Startup Time": 0.045, "Actual Max Startup Time": 87.172, "Actual Min Total Time": 459.295, "Actual Max Total Time": 546.654, "Plans": [{"Node Type": "Seq Scan", "Parent Relationship": "Outer", "Relation Name": "orders", "Alias": "orders", "Startup Cost": 37.76, "Total Cost": 46338.2, "Plan Rows": 569410, "Plan Width": 24, "Actual Min Startup Time": 0.032, "Actual Max Startup Time": 0.061, "Actual Min Total Time": 394.261, "Actual Max Total Time": 423.116, "Filter": "((o_orderdate >= '1995-01-01 00:00:00'::timestamp(0) without time zone) AND (o_orderdate < '1995-04-01 00:00:00'::timestamp without time zone)), (LLVM Optimized, Jit Execute)", "Rows Removed by Filter": 14438388, "Actual Rows": 561612}], "Actual Rows": 561612}], "Actual Rows": 561612}], "Actual Rows": 515106}], "Actual Rows": 80}], "Actual Rows": 80}], "Actual Rows": 5}], "Actual Rows": 5}], "Actual Rows": 5}, "Triggers": [], "Planner Runtime": 0, "Total Runtime": 5347.731, "Unique SQL Id": 3745551476}}, "(16, 67)": {"explain_plan": {"Plan": {"Node Type": "Sort", "Startup Cost": 2781642.36, "Total Cost": 2781642.36, "Plan Rows": 1, "Plan Width": 24, "Sort Key": ["orders.o_orderpriority"], "Plans": [{"Node Type": "Aggregate", "Strategy": "Hashed", "Parent Relationship": "Outer", "Startup Cost": 2781642.34, "Total Cost": 2781642.35, "Plan Rows": 1, "Plan Width": 24, "Group By Key": ["orders.o_orderpriority"], "Plans": [{"Node Type": "Nested Loop", "Parent Relationship": "Outer", "Join Type": "Semi", "Startup Cost": 14566.65, "Total Cost": 2778795.29, "Plan Rows": 569410, "Plan Width": 16, "Inner Unique": false, "Plans": [{"Node Type": "Bitmap Heap Scan", "Parent Relationship": "Outer", "Relation Name": "orders", "Alias": "orders", "Startup Cost": 14564.7, "Total Cost": 299524.85, "Plan Rows": 569410, "Plan Width": 24, "Recheck Cond": "((o_orderdate >= '1995-01-01 00:00:00'::timestamp(0) without time zone) AND (o_orderdate < '1995-04-01 00:00:00'::timestamp without time zone)), (LLVM Optimized)", "Plans": [{"Node Type": "Bitmap Index Scan", "Parent Relationship": "Outer", "Index Name": "idx_orders_orderdate", "Startup Cost": 0.0, "Total Cost": 14422.35, "Plan Rows": 569410, "Plan Width": 0, "Index Cond": "((o_orderdate >= '1995-01-01 00:00:00'::timestamp(0) without time zone) AND (o_orderdate < '1995-04-01 00:00:00'::timestamp without time zone))"}]}, {"Node Type": "Bitmap Heap Scan", "Parent Relationship": "Inner", "Relation Name": "lineitem", "Alias": "lineitem", "Startup Cost": 1.94, "Total Cost": 14.06, "Plan Rows": 3, "Plan Width": 8, "Recheck Cond": "(l_orderkey = orders.o_orderkey)", "Filter": "(l_commitdate < l_receiptdate)", "Plans": [{"Node Type": "Bitmap Index Scan", "Parent Relationship": "Outer", "Index Name": "idx_lineitem_orderkey", "Startup Cost": 0.0, "Total Cost": 1.94, "Plan Rows": 9, "Plan Width": 0, "Index Cond": "(l_orderkey = orders.o_orderkey)"}]}]}]}]}, "Unique SQL Id": 3745551476, "Planner Runtime": 0}, "explain_analyze_plan": {"Plan": {"Node Type": "Sort", "Startup Cost": 2781642.36, "Total Cost": 2781642.36, "Plan Rows": 1, "Plan Width": 24, "Actual Startup Time": 6919.311, "Actual Total Time": 6919.311, "Actual Rows": 5, "Actual Loops": 1, "Sort Key": ["orders.o_orderpriority"], "Sort Method": "quicksort", "Sort Space Used": 25, "Sort Space Type": "Memory", "Plans": [{"Node Type": "Aggregate", "Strategy": "Hashed", "Parent Relationship": "Outer", "Startup Cost": 2781642.34, "Total Cost": 2781642.35, "Plan Rows": 1, "Plan Width": 24, "Actual Startup Time": 6919.164, "Actual Total Time": 6919.179, "Actual Rows": 5, "Actual Loops": 1, "Group By Key": ["orders.o_orderpriority"], "Plans": [{"Node Type": "Nested Loop", "Parent Relationship": "Outer", "Join Type": "Semi", "Startup Cost": 14566.65, "Total Cost": 2778795.29, "Plan Rows": 569410, "Plan Width": 16, "Actual Startup Time": 240.267, "Actual Total Time": 6616.613, "Actual Rows": 515106, "Actual Loops": 1, "Inner Unique": false, "Plans": [{"Node Type": "Bitmap Heap Scan", "Parent Relationship": "Outer", "Relation Name": "orders", "Alias": "orders", "Startup Cost": 14564.7, "Total Cost": 299524.85, "Plan Rows": 569410, "Plan Width": 24, "Actual Startup Time": 240.164, "Actual Total Time": 1053.131, "Actual Rows": 561612, "Actual Loops": 1, "Recheck Cond": "((o_orderdate >= '1995-01-01 00:00:00'::timestamp(0) without time zone) AND (o_orderdate < '1995-04-01 00:00:00'::timestamp without time zone)), (LLVM Optimized, Jit Execute)", "Rows Removed by Index Recheck": 0, "Exact Heap Blocks": 241676, "Lossy Heap Blocks": 241676, "Plans": [{"Node Type": "Bitmap Index Scan", "Parent Relationship": "Outer", "Index Name": "idx_orders_orderdate", "Startup Cost": 0.0, "Total Cost": 14422.35, "Plan Rows": 569410, "Plan Width": 0, "Actual Startup Time": 164.521, "Actual Total Time": 164.521, "Actual Rows": 561612, "Actual Loops": 1, "Index Cond": "((o_orderdate >= '1995-01-01 00:00:00'::timestamp(0) without time zone) AND (o_orderdate < '1995-04-01 00:00:00'::timestamp without time zone))"}]}, {"Node Type": "Bitmap Heap Scan", "Parent Relationship": "Inner", "Relation Name": "lineitem", "Alias": "lineitem", "Startup Cost": 1.94, "Total Cost": 14.06, "Plan Rows": 3, "Plan Width": 8, "Actual Startup Time": 4815.896, "Actual Total Time": 4815.896, "Actual Rows": 515106, "Actual Loops": 561612, "Recheck Cond": "(l_orderkey = orders.o_orderkey)", "Rows Removed by Index Recheck": 0, "Filter": "(l_commitdate < l_receiptdate)", "Rows Removed by Filter": 299676, "Exact Heap Blocks": 567798, "Lossy Heap Blocks": 567798, "Plans": [{"Node Type": "Bitmap Index Scan", "Parent Relationship": "Outer", "Index Name": "idx_lineitem_orderkey", "Startup Cost": 0.0, "Total Cost": 1.94, "Plan Rows": 9, "Plan Width": 0, "Actual Startup Time": 2461.174, "Actual Total Time": 2461.174, "Actual Rows": 2246588, "Actual Loops": 561612, "Index Cond": "(l_orderkey = orders.o_orderkey)"}]}]}]}]}, "Triggers": [], "Planner Runtime": 0, "Total Runtime": 6932.479, "Unique SQL Id": 3745551476}}, "(16, 68)": {"explain_plan": {"Plan": {"Node Type": "Sort", "Startup Cost": 223060.11, "Total Cost": 223060.12, "Plan Rows": 1, "Plan Width": 24, "Sort Key": ["orders.o_orderpriority"], "Plans": [{"Node Type": "Streaming(type: LOCAL GATHER dop: 1/16)", "Parent Relationship": "Outer", "Startup Cost": 223060.1, "Total Cost": 223060.1, "Plan Rows": 1, "Plan Width": 24, "Plans": [{"Node Type": "Aggregate", "Strategy": "Hashed", "Parent Relationship": "Outer", "Startup Cost": 223060.1, "Total Cost": 223060.1, "Plan Rows": 1, "Plan Width": 24, "Group By Key": ["orders.o_orderpriority"], "Plans": [{"Node Type": "Streaming(type: LOCAL REDISTRIBUTE dop: 16/16)", "Parent Relationship": "Outer", "Startup Cost": 223060.07, "Total Cost": 223060.1, "Plan Rows": 1, "Plan Width": 24, "Plans": [{"Node Type": "Aggregate", "Strategy": "Hashed", "Parent Relationship": "Outer", "Startup Cost": 223060.07, "Total Cost": 223060.07, "Plan Rows": 1, "Plan Width": 24, "Group By Key": ["orders.o_orderpriority"], "Plans": [{"Node Type": "Hash Join", "Parent Relationship": "Outer", "Join Type": "Inner", "Startup Cost": 199987.41, "Total Cost": 222882.13, "Plan Rows": 569410, "Plan Width": 16, "Inner Unique": true, "Hash Cond": "(lineitem.l_orderkey = orders.o_orderkey), (LLVM Optimized)", "Plans": [{"Node Type": "Aggregate", "Strategy": "Hashed", "Parent Relationship": "Outer", "Startup Cost": 178507.06, "Total Cost": 179883.48, "Plan Rows": 2202268, "Plan Width": 8, "Group By Key": ["lineitem.l_orderkey"], "Plans": [{"Node Type": "Streaming(type: LOCAL REDISTRIBUTE dop: 16/16)", "Parent Relationship": "Outer", "Startup Cost": 153442.01, "Total Cost": 178162.96, "Plan Rows": 2202268, "Plan Width": 8, "Plans": [{"Node Type": "Aggregate", "Strategy": "Hashed", "Parent Relationship": "Outer", "Startup Cost": 153442.01, "Total Cost": 154818.42, "Plan Rows": 2202268, "Plan Width": 8, "Group By Key": ["lineitem.l_orderkey"], "Plans": [{"Node Type": "Seq Scan", "Parent Relationship": "Outer", "Relation Name": "lineitem", "Alias": "lineitem", "Startup Cost": 0.0, "Total Cost": 150317.68, "Plan Rows": 19995678, "Plan Width": 8, "Filter": "(l_commitdate < l_receiptdate), (LLVM Optimized)"}]}]}]}, {"Node Type": "Hash", "Parent Relationship": "Inner", "Startup Cost": 63495.73, "Total Cost": 63495.73, "Plan Rows": 569410, "Plan Width": 24, "Plans": [{"Node Type": "Streaming(type: LOCAL REDISTRIBUTE dop: 16/16)", "Parent Relationship": "Outer", "Startup Cost": 37.76, "Total Cost": 63495.73, "Plan Rows": 569410, "Plan Width": 24, "Plans": [{"Node Type": "Seq Scan", "Parent Relationship": "Outer", "Relation Name": "orders", "Alias": "orders", "Startup Cost": 37.76, "Total Cost": 46338.2, "Plan Rows": 569410, "Plan Width": 24, "Filter": "((o_orderdate >= '1995-01-01 00:00:00'::timestamp(0) without time zone) AND (o_orderdate < '1995-04-01 00:00:00'::timestamp without time zone)), (LLVM Optimized)"}]}]}]}]}]}]}]}]}, "Unique SQL Id": 3745551476, "Planner Runtime": 1}, "explain_analyze_plan": {"Plan": {"Node Type": "Sort", "Startup Cost": 223060.11, "Total Cost": 223060.12, "Plan Rows": 1, "Plan Width": 24, "Actual Min Startup Time": 5326.268, "Actual Max Startup Time": 5326.268, "Actual Min Total Time": 5326.269, "Actual Max Total Time": 5326.269, "Sort Key": ["orders.o_orderpriority"], "Sort Method": "quicksort", "Sort Space Min Used": 25, "Sort Space Max Used": 25, "Sort Space Type": "Memory", "Plans": [{"Node Type": "Streaming(type: LOCAL GATHER dop: 1/16)", "Parent Relationship": "Outer", "Startup Cost": 223060.1, "Total Cost": 223060.1, "Plan Rows": 1, "Plan Width": 24, "Actual Min Startup Time": 5325.981, "Actual Max Startup Time": 5325.981, "Actual Min Total Time": 5326.201, "Actual Max Total Time": 5326.201, "Plans": [{"Node Type": "Aggregate", "Strategy": "Hashed", "Parent Relationship": "Outer", "Startup Cost": 223060.1, "Total Cost": 223060.1, "Plan Rows": 1, "Plan Width": 24, "Actual Min Startup Time": 5241.572, "Actual Max Startup Time": 5273.993, "Actual Min Total Time": 5241.572, "Actual Max Total Time": 5273.993, "Group By Key": ["orders.o_orderpriority"], "Plans": [{"Node Type": "Streaming(type: LOCAL REDISTRIBUTE dop: 16/16)", "Parent Relationship": "Outer", "Startup Cost": 223060.07, "Total Cost": 223060.1, "Plan Rows": 1, "Plan Width": 24, "Actual Min Startup Time": 5184.678, "Actual Max Startup Time": 5273.984, "Actual Min Total Time": 5241.566, "Actual Max Total Time": 5273.984, "Plans": [{"Node Type": "Aggregate", "Strategy": "Hashed", "Parent Relationship": "Outer", "Startup Cost": 223060.07, "Total Cost": 223060.07, "Plan Rows": 1, "Plan Width": 24, "Actual Min Startup Time": 5118.77, "Actual Max Startup Time": 5250.137, "Actual Min Total Time": 5118.772, "Actual Max Total Time": 5250.14, "Group By Key": ["orders.o_orderpriority"], "Plans": [{"Node Type": "Hash Join", "Parent Relationship": "Outer", "Join Type": "Inner", "Startup Cost": 199987.41, "Total Cost": 222882.13, "Plan Rows": 569410, "Plan Width": 16, "Actual Min Startup Time": 4788.695, "Actual Max Startup Time": 4877.328, "Actual Min Total Time": 5105.267, "Actual Max Total Time": 5237.07, "Inner Unique": true, "Hash Cond": "(lineitem.l_orderkey = orders.o_orderkey), (LLVM Optimized, Jit Execute)", "Plans": [{"Node Type": "Aggregate", "Strategy": "Hashed", "Parent Relationship": "Outer", "Startup Cost": 178507.06, "Total Cost": 179883.48, "Plan Rows": 2202268, "Plan Width": 8, "Actual Min Startup Time": 4318.042, "Actual Max Startup Time": 4318.214, "Actual Min Total Time": 4470.778, "Actual Max Total Time": 4515.862, "Group By Key": ["lineitem.l_orderkey"], "Plans": [{"Node Type": "Streaming(type: LOCAL REDISTRIBUTE dop: 16/16)", "Parent Relationship": "Outer", "Startup Cost": 153442.01, "Total Cost": 178162.96, "Plan Rows": 2202268, "Plan Width": 8, "Actual Min Startup Time": 2156.969, "Actual Max Startup Time": 2158.381, "Actual Min Total Time": 3852.509, "Actual Max Total Time": 3925.326, "Plans": [{"Node Type": "Aggregate", "Strategy": "Hashed", "Parent Relationship": "Outer", "Startup Cost": 153442.01, "Total Cost": 154818.42, "Plan Rows": 2202268, "Plan Width": 8, "Actual Min Startup Time": 2704.393, "Actual Max Startup Time": 3047.185, "Actual Min Total Time": 2999.133, "Actual Max Total Time": 3445.708, "Group By Key": ["lineitem.l_orderkey"], "Plans": [{"Node Type": "Seq Scan", "Parent Relationship": "Outer", "Relation Name": "lineitem", "Alias": "lineitem", "Startup Cost": 0.0, "Total Cost": 150317.68, "Plan Rows": 19995678, "Plan Width": 8, "Actual Min Startup Time": 0.02, "Actual Max Startup Time": 0.044, "Actual Min Total Time": 1763.072, "Actual Max Total Time": 1876.643, "Filter": "(l_commitdate < l_receiptdate), (LLVM Optimized, Jit Execute)", "Rows Removed by Filter": 22056704, "Actual Rows": 37929348}], "Actual Rows": 13761080}], "Actual Rows": 13761080}], "Actual Rows": 13753474}, {"Node Type": "Hash", "Parent Relationship": "Inner", "Startup Cost": 63495.73, "Total Cost": 63495.73, "Plan Rows": 569410, "Plan Width": 24, "Actual Min Startup Time": 470.505, "Actual Max Startup Time": 559.062, "Actual Min Total Time": 470.505, "Actual Max Total Time": 559.062, "Max Hash Buckets": 65536, "Min Hash Buckets": 65536, "Max Hash Batches": 1, "Min Hash Batches": 1, "Max Original Hash Batches": 1, "Min Original Hash Batches": 1, "Max Peak Memory Usage": 1899, "min Peak Memory Usage": 1899, "Plans": [{"Node Type": "Streaming(type: LOCAL REDISTRIBUTE dop: 16/16)", "Parent Relationship": "Outer", "Startup Cost": 37.76, "Total Cost": 63495.73, "Plan Rows": 569410, "Plan Width": 24, "Actual Min Startup Time": 0.045, "Actual Max Startup Time": 87.172, "Actual Min Total Time": 459.295, "Actual Max Total Time": 546.654, "Plans": [{"Node Type": "Seq Scan", "Parent Relationship": "Outer", "Relation Name": "orders", "Alias": "orders", "Startup Cost": 37.76, "Total Cost": 46338.2, "Plan Rows": 569410, "Plan Width": 24, "Actual Min Startup Time": 0.032, "Actual Max Startup Time": 0.061, "Actual Min Total Time": 394.261, "Actual Max Total Time": 423.116, "Filter": "((o_orderdate >= '1995-01-01 00:00:00'::timestamp(0) without time zone) AND (o_orderdate < '1995-04-01 00:00:00'::timestamp without time zone)), (LLVM Optimized, Jit Execute)", "Rows Removed by Filter": 14438388, "Actual Rows": 561612}], "Actual Rows": 561612}], "Actual Rows": 561612}], "Actual Rows": 515106}], "Actual Rows": 80}], "Actual Rows": 80}], "Actual Rows": 5}], "Actual Rows": 5}], "Actual Rows": 5}, "Triggers": [], "Planner Runtime": 0, "Total Runtime": 5347.731, "Unique SQL Id": 3745551476}}, "(16, 69)": {"explain_plan": {"Plan": {"Node Type": "Sort", "Startup Cost": 916688.59, "Total Cost": 916688.6, "Plan Rows": 1, "Plan Width": 24, "Sort Key": ["orders.o_orderpriority"], "Plans": [{"Node Type": "Aggregate", "Strategy": "Hashed", "Parent Relationship": "Outer", "Startup Cost": 916688.57, "Total Cost": 916688.58, "Plan Rows": 1, "Plan Width": 24, "Group By Key": ["orders.o_orderpriority"], "Plans": [{"Node Type": "Nested Loop", "Parent Relationship": "Outer", "Join Type": "Semi", "Startup Cost": 14564.7, "Total Cost": 913841.52, "Plan Rows": 569410, "Plan Width": 16, "Inner Unique": false, "Plans": [{"Node Type": "Bitmap Heap Scan", "Parent Relationship": "Outer", "Relation Name": "orders", "Alias": "orders", "Startup Cost": 14564.7, "Total Cost": 299524.85, "Plan Rows": 569410, "Plan Width": 24, "Recheck Cond": "((o_orderdate >= '1995-01-01 00:00:00'::timestamp(0) without time zone) AND (o_orderdate < '1995-04-01 00:00:00'::timestamp without time zone)), (LLVM Optimized)", "Plans": [{"Node Type": "Bitmap Index Scan", "Parent Relationship": "Outer", "Index Name": "idx_orders_orderdate", "Startup Cost": 0.0, "Total Cost": 14422.35, "Plan Rows": 569410, "Plan Width": 0, "Index Cond": "((o_orderdate >= '1995-01-01 00:00:00'::timestamp(0) without time zone) AND (o_orderdate < '1995-04-01 00:00:00'::timestamp without time zone))"}]}, {"Node Type": "Index Scan", "Parent Relationship": "Inner", "Scan Direction": "Forward", "Index Name": "idx_lineitem_orderkey", "Relation Name": "lineitem", "Alias": "lineitem", "Startup Cost": 0.0, "Total Cost": 5.41, "Plan Rows": 3, "Plan Width": 8, "Index Cond": "(l_orderkey = orders.o_orderkey)", "Filter": "(l_commitdate < l_receiptdate)"}]}]}]}, "Unique SQL Id": 3745551476, "Planner Runtime": 0}, "explain_analyze_plan": {"Plan": {"Node Type": "Sort", "Startup Cost": 916688.59, "Total Cost": 916688.6, "Plan Rows": 1, "Plan Width": 24, "Actual Startup Time": 5413.801, "Actual Total Time": 5413.802, "Actual Rows": 5, "Actual Loops": 1, "Sort Key": ["orders.o_orderpriority"], "Sort Method": "quicksort", "Sort Space Used": 25, "Sort Space Type": "Memory", "Plans": [{"Node Type": "Aggregate", "Strategy": "Hashed", "Parent Relationship": "Outer", "Startup Cost": 916688.57, "Total Cost": 916688.58, "Plan Rows": 1, "Plan Width": 24, "Actual Startup Time": 5413.754, "Actual Total Time": 5413.756, "Actual Rows": 5, "Actual Loops": 1, "Group By Key": ["orders.o_orderpriority"], "Plans": [{"Node Type": "Nested Loop", "Parent Relationship": "Outer", "Join Type": "Semi", "Startup Cost": 14564.7, "Total Cost": 913841.52, "Plan Rows": 569410, "Plan Width": 16, "Actual Startup Time": 248.12, "Actual Total Time": 5129.668, "Actual Rows": 515106, "Actual Loops": 1, "Inner Unique": false, "Plans": [{"Node Type": "Bitmap Heap Scan", "Parent Relationship": "Outer", "Relation Name": "orders", "Alias": "orders", "Startup Cost": 14564.7, "Total Cost": 299524.85, "Plan Rows": 569410, "Plan Width": 24, "Actual Startup Time": 248.035, "Actual Total Time": 1102.757, "Actual Rows": 561612, "Actual Loops": 1, "Recheck Cond": "((o_orderdate >= '1995-01-01 00:00:00'::timestamp(0) without time zone) AND (o_orderdate < '1995-04-01 00:00:00'::timestamp without time zone)), (LLVM Optimized, Jit Execute)", "Rows Removed by Index Recheck": 0, "Exact Heap Blocks": 241676, "Lossy Heap Blocks": 241676, "Plans": [{"Node Type": "Bitmap Index Scan", "Parent Relationship": "Outer", "Index Name": "idx_orders_orderdate", "Startup Cost": 0.0, "Total Cost": 14422.35, "Plan Rows": 569410, "Plan Width": 0, "Actual Startup Time": 173.006, "Actual Total Time": 173.006, "Actual Rows": 561612, "Actual Loops": 1, "Index Cond": "((o_orderdate >= '1995-01-01 00:00:00'::timestamp(0) without time zone) AND (o_orderdate < '1995-04-01 00:00:00'::timestamp without time zone))"}]}, {"Node Type": "Index Scan", "Parent Relationship": "Inner", "Scan Direction": "Forward", "Index Name": "idx_lineitem_orderkey", "Relation Name": "lineitem", "Alias": "lineitem", "Startup Cost": 0.0, "Total Cost": 5.41, "Plan Rows": 3, "Plan Width": 8, "Actual Startup Time": 3608.892, "Actual Total Time": 3608.892, "Actual Rows": 515106, "Actual Loops": 561612, "Index Cond": "(l_orderkey = orders.o_orderkey)", "Rows Removed by Index Recheck": 0, "Filter": "(l_commitdate < l_receiptdate)", "Rows Removed by Filter": 299676}]}]}]}, "Triggers": [], "Planner Runtime": 0, "Total Runtime": 5423.336, "Unique SQL Id": 3745551476}}, "(16, 70)": {"explain_plan": {"Plan": {"Node Type": "Sort", "Startup Cost": 223060.11, "Total Cost": 223060.12, "Plan Rows": 1, "Plan Width": 24, "Sort Key": ["orders.o_orderpriority"], "Plans": [{"Node Type": "Streaming(type: LOCAL GATHER dop: 1/16)", "Parent Relationship": "Outer", "Startup Cost": 223060.1, "Total Cost": 223060.1, "Plan Rows": 1, "Plan Width": 24, "Plans": [{"Node Type": "Aggregate", "Strategy": "Hashed", "Parent Relationship": "Outer", "Startup Cost": 223060.1, "Total Cost": 223060.1, "Plan Rows": 1, "Plan Width": 24, "Group By Key": ["orders.o_orderpriority"], "Plans": [{"Node Type": "Streaming(type: LOCAL REDISTRIBUTE dop: 16/16)", "Parent Relationship": "Outer", "Startup Cost": 223060.07, "Total Cost": 223060.1, "Plan Rows": 1, "Plan Width": 24, "Plans": [{"Node Type": "Aggregate", "Strategy": "Hashed", "Parent Relationship": "Outer", "Startup Cost": 223060.07, "Total Cost": 223060.07, "Plan Rows": 1, "Plan Width": 24, "Group By Key": ["orders.o_orderpriority"], "Plans": [{"Node Type": "Hash Join", "Parent Relationship": "Outer", "Join Type": "Inner", "Startup Cost": 199987.41, "Total Cost": 222882.13, "Plan Rows": 569410, "Plan Width": 16, "Inner Unique": true, "Hash Cond": "(lineitem.l_orderkey = orders.o_orderkey), (LLVM Optimized)", "Plans": [{"Node Type": "Aggregate", "Strategy": "Hashed", "Parent Relationship": "Outer", "Startup Cost": 178507.06, "Total Cost": 179883.48, "Plan Rows": 2202268, "Plan Width": 8, "Group By Key": ["lineitem.l_orderkey"], "Plans": [{"Node Type": "Streaming(type: LOCAL REDISTRIBUTE dop: 16/16)", "Parent Relationship": "Outer", "Startup Cost": 153442.01, "Total Cost": 178162.96, "Plan Rows": 2202268, "Plan Width": 8, "Plans": [{"Node Type": "Aggregate", "Strategy": "Hashed", "Parent Relationship": "Outer", "Startup Cost": 153442.01, "Total Cost": 154818.42, "Plan Rows": 2202268, "Plan Width": 8, "Group By Key": ["lineitem.l_orderkey"], "Plans": [{"Node Type": "Seq Scan", "Parent Relationship": "Outer", "Relation Name": "lineitem", "Alias": "lineitem", "Startup Cost": 0.0, "Total Cost": 150317.68, "Plan Rows": 19995678, "Plan Width": 8, "Filter": "(l_commitdate < l_receiptdate), (LLVM Optimized)"}]}]}]}, {"Node Type": "Hash", "Parent Relationship": "Inner", "Startup Cost": 63495.73, "Total Cost": 63495.73, "Plan Rows": 569410, "Plan Width": 24, "Plans": [{"Node Type": "Streaming(type: LOCAL REDISTRIBUTE dop: 16/16)", "Parent Relationship": "Outer", "Startup Cost": 37.76, "Total Cost": 63495.73, "Plan Rows": 569410, "Plan Width": 24, "Plans": [{"Node Type": "Seq Scan", "Parent Relationship": "Outer", "Relation Name": "orders", "Alias": "orders", "Startup Cost": 37.76, "Total Cost": 46338.2, "Plan Rows": 569410, "Plan Width": 24, "Filter": "((o_orderdate >= '1995-01-01 00:00:00'::timestamp(0) without time zone) AND (o_orderdate < '1995-04-01 00:00:00'::timestamp without time zone)), (LLVM Optimized)"}]}]}]}]}]}]}]}]}, "Unique SQL Id": 3745551476, "Planner Runtime": 0}, "explain_analyze_plan": {"Plan": {"Node Type": "Sort", "Startup Cost": 223060.11, "Total Cost": 223060.12, "Plan Rows": 1, "Plan Width": 24, "Actual Min Startup Time": 5326.268, "Actual Max Startup Time": 5326.268, "Actual Min Total Time": 5326.269, "Actual Max Total Time": 5326.269, "Sort Key": ["orders.o_orderpriority"], "Sort Method": "quicksort", "Sort Space Min Used": 25, "Sort Space Max Used": 25, "Sort Space Type": "Memory", "Plans": [{"Node Type": "Streaming(type: LOCAL GATHER dop: 1/16)", "Parent Relationship": "Outer", "Startup Cost": 223060.1, "Total Cost": 223060.1, "Plan Rows": 1, "Plan Width": 24, "Actual Min Startup Time": 5325.981, "Actual Max Startup Time": 5325.981, "Actual Min Total Time": 5326.201, "Actual Max Total Time": 5326.201, "Plans": [{"Node Type": "Aggregate", "Strategy": "Hashed", "Parent Relationship": "Outer", "Startup Cost": 223060.1, "Total Cost": 223060.1, "Plan Rows": 1, "Plan Width": 24, "Actual Min Startup Time": 5241.572, "Actual Max Startup Time": 5273.993, "Actual Min Total Time": 5241.572, "Actual Max Total Time": 5273.993, "Group By Key": ["orders.o_orderpriority"], "Plans": [{"Node Type": "Streaming(type: LOCAL REDISTRIBUTE dop: 16/16)", "Parent Relationship": "Outer", "Startup Cost": 223060.07, "Total Cost": 223060.1, "Plan Rows": 1, "Plan Width": 24, "Actual Min Startup Time": 5184.678, "Actual Max Startup Time": 5273.984, "Actual Min Total Time": 5241.566, "Actual Max Total Time": 5273.984, "Plans": [{"Node Type": "Aggregate", "Strategy": "Hashed", "Parent Relationship": "Outer", "Startup Cost": 223060.07, "Total Cost": 223060.07, "Plan Rows": 1, "Plan Width": 24, "Actual Min Startup Time": 5118.77, "Actual Max Startup Time": 5250.137, "Actual Min Total Time": 5118.772, "Actual Max Total Time": 5250.14, "Group By Key": ["orders.o_orderpriority"], "Plans": [{"Node Type": "Hash Join", "Parent Relationship": "Outer", "Join Type": "Inner", "Startup Cost": 199987.41, "Total Cost": 222882.13, "Plan Rows": 569410, "Plan Width": 16, "Actual Min Startup Time": 4788.695, "Actual Max Startup Time": 4877.328, "Actual Min Total Time": 5105.267, "Actual Max Total Time": 5237.07, "Inner Unique": true, "Hash Cond": "(lineitem.l_orderkey = orders.o_orderkey), (LLVM Optimized, Jit Execute)", "Plans": [{"Node Type": "Aggregate", "Strategy": "Hashed", "Parent Relationship": "Outer", "Startup Cost": 178507.06, "Total Cost": 179883.48, "Plan Rows": 2202268, "Plan Width": 8, "Actual Min Startup Time": 4318.042, "Actual Max Startup Time": 4318.214, "Actual Min Total Time": 4470.778, "Actual Max Total Time": 4515.862, "Group By Key": ["lineitem.l_orderkey"], "Plans": [{"Node Type": "Streaming(type: LOCAL REDISTRIBUTE dop: 16/16)", "Parent Relationship": "Outer", "Startup Cost": 153442.01, "Total Cost": 178162.96, "Plan Rows": 2202268, "Plan Width": 8, "Actual Min Startup Time": 2156.969, "Actual Max Startup Time": 2158.381, "Actual Min Total Time": 3852.509, "Actual Max Total Time": 3925.326, "Plans": [{"Node Type": "Aggregate", "Strategy": "Hashed", "Parent Relationship": "Outer", "Startup Cost": 153442.01, "Total Cost": 154818.42, "Plan Rows": 2202268, "Plan Width": 8, "Actual Min Startup Time": 2704.393, "Actual Max Startup Time": 3047.185, "Actual Min Total Time": 2999.133, "Actual Max Total Time": 3445.708, "Group By Key": ["lineitem.l_orderkey"], "Plans": [{"Node Type": "Seq Scan", "Parent Relationship": "Outer", "Relation Name": "lineitem", "Alias": "lineitem", "Startup Cost": 0.0, "Total Cost": 150317.68, "Plan Rows": 19995678, "Plan Width": 8, "Actual Min Startup Time": 0.02, "Actual Max Startup Time": 0.044, "Actual Min Total Time": 1763.072, "Actual Max Total Time": 1876.643, "Filter": "(l_commitdate < l_receiptdate), (LLVM Optimized, Jit Execute)", "Rows Removed by Filter": 22056704, "Actual Rows": 37929348}], "Actual Rows": 13761080}], "Actual Rows": 13761080}], "Actual Rows": 13753474}, {"Node Type": "Hash", "Parent Relationship": "Inner", "Startup Cost": 63495.73, "Total Cost": 63495.73, "Plan Rows": 569410, "Plan Width": 24, "Actual Min Startup Time": 470.505, "Actual Max Startup Time": 559.062, "Actual Min Total Time": 470.505, "Actual Max Total Time": 559.062, "Max Hash Buckets": 65536, "Min Hash Buckets": 65536, "Max Hash Batches": 1, "Min Hash Batches": 1, "Max Original Hash Batches": 1, "Min Original Hash Batches": 1, "Max Peak Memory Usage": 1899, "min Peak Memory Usage": 1899, "Plans": [{"Node Type": "Streaming(type: LOCAL REDISTRIBUTE dop: 16/16)", "Parent Relationship": "Outer", "Startup Cost": 37.76, "Total Cost": 63495.73, "Plan Rows": 569410, "Plan Width": 24, "Actual Min Startup Time": 0.045, "Actual Max Startup Time": 87.172, "Actual Min Total Time": 459.295, "Actual Max Total Time": 546.654, "Plans": [{"Node Type": "Seq Scan", "Parent Relationship": "Outer", "Relation Name": "orders", "Alias": "orders", "Startup Cost": 37.76, "Total Cost": 46338.2, "Plan Rows": 569410, "Plan Width": 24, "Actual Min Startup Time": 0.032, "Actual Max Startup Time": 0.061, "Actual Min Total Time": 394.261, "Actual Max Total Time": 423.116, "Filter": "((o_orderdate >= '1995-01-01 00:00:00'::timestamp(0) without time zone) AND (o_orderdate < '1995-04-01 00:00:00'::timestamp without time zone)), (LLVM Optimized, Jit Execute)", "Rows Removed by Filter": 14438388, "Actual Rows": 561612}], "Actual Rows": 561612}], "Actual Rows": 561612}], "Actual Rows": 515106}], "Actual Rows": 80}], "Actual Rows": 80}], "Actual Rows": 5}], "Actual Rows": 5}], "Actual Rows": 5}, "Triggers": [], "Planner Runtime": 0, "Total Runtime": 5347.731, "Unique SQL Id": 3745551476}}, "(16, 71)": {"explain_plan": {"Plan": {"Node Type": "Sort", "Startup Cost": 2781642.36, "Total Cost": 2781642.36, "Plan Rows": 1, "Plan Width": 24, "Sort Key": ["orders.o_orderpriority"], "Plans": [{"Node Type": "Aggregate", "Strategy": "Hashed", "Parent Relationship": "Outer", "Startup Cost": 2781642.34, "Total Cost": 2781642.35, "Plan Rows": 1, "Plan Width": 24, "Group By Key": ["orders.o_orderpriority"], "Plans": [{"Node Type": "Nested Loop", "Parent Relationship": "Outer", "Join Type": "Semi", "Startup Cost": 14566.65, "Total Cost": 2778795.29, "Plan Rows": 569410, "Plan Width": 16, "Inner Unique": false, "Plans": [{"Node Type": "Bitmap Heap Scan", "Parent Relationship": "Outer", "Relation Name": "orders", "Alias": "orders", "Startup Cost": 14564.7, "Total Cost": 299524.85, "Plan Rows": 569410, "Plan Width": 24, "Recheck Cond": "((o_orderdate >= '1995-01-01 00:00:00'::timestamp(0) without time zone) AND (o_orderdate < '1995-04-01 00:00:00'::timestamp without time zone)), (LLVM Optimized)", "Plans": [{"Node Type": "Bitmap Index Scan", "Parent Relationship": "Outer", "Index Name": "idx_orders_orderdate", "Startup Cost": 0.0, "Total Cost": 14422.35, "Plan Rows": 569410, "Plan Width": 0, "Index Cond": "((o_orderdate >= '1995-01-01 00:00:00'::timestamp(0) without time zone) AND (o_orderdate < '1995-04-01 00:00:00'::timestamp without time zone))"}]}, {"Node Type": "Bitmap Heap Scan", "Parent Relationship": "Inner", "Relation Name": "lineitem", "Alias": "lineitem", "Startup Cost": 1.94, "Total Cost": 14.06, "Plan Rows": 3, "Plan Width": 8, "Recheck Cond": "(l_orderkey = orders.o_orderkey)", "Filter": "(l_commitdate < l_receiptdate)", "Plans": [{"Node Type": "Bitmap Index Scan", "Parent Relationship": "Outer", "Index Name": "idx_lineitem_orderkey", "Startup Cost": 0.0, "Total Cost": 1.94, "Plan Rows": 9, "Plan Width": 0, "Index Cond": "(l_orderkey = orders.o_orderkey)"}]}]}]}]}, "Unique SQL Id": 3745551476, "Planner Runtime": 0}, "explain_analyze_plan": {"Plan": {"Node Type": "Sort", "Startup Cost": 2781642.36, "Total Cost": 2781642.36, "Plan Rows": 1, "Plan Width": 24, "Actual Startup Time": 6919.311, "Actual Total Time": 6919.311, "Actual Rows": 5, "Actual Loops": 1, "Sort Key": ["orders.o_orderpriority"], "Sort Method": "quicksort", "Sort Space Used": 25, "Sort Space Type": "Memory", "Plans": [{"Node Type": "Aggregate", "Strategy": "Hashed", "Parent Relationship": "Outer", "Startup Cost": 2781642.34, "Total Cost": 2781642.35, "Plan Rows": 1, "Plan Width": 24, "Actual Startup Time": 6919.164, "Actual Total Time": 6919.179, "Actual Rows": 5, "Actual Loops": 1, "Group By Key": ["orders.o_orderpriority"], "Plans": [{"Node Type": "Nested Loop", "Parent Relationship": "Outer", "Join Type": "Semi", "Startup Cost": 14566.65, "Total Cost": 2778795.29, "Plan Rows": 569410, "Plan Width": 16, "Actual Startup Time": 240.267, "Actual Total Time": 6616.613, "Actual Rows": 515106, "Actual Loops": 1, "Inner Unique": false, "Plans": [{"Node Type": "Bitmap Heap Scan", "Parent Relationship": "Outer", "Relation Name": "orders", "Alias": "orders", "Startup Cost": 14564.7, "Total Cost": 299524.85, "Plan Rows": 569410, "Plan Width": 24, "Actual Startup Time": 240.164, "Actual Total Time": 1053.131, "Actual Rows": 561612, "Actual Loops": 1, "Recheck Cond": "((o_orderdate >= '1995-01-01 00:00:00'::timestamp(0) without time zone) AND (o_orderdate < '1995-04-01 00:00:00'::timestamp without time zone)), (LLVM Optimized, Jit Execute)", "Rows Removed by Index Recheck": 0, "Exact Heap Blocks": 241676, "Lossy Heap Blocks": 241676, "Plans": [{"Node Type": "Bitmap Index Scan", "Parent Relationship": "Outer", "Index Name": "idx_orders_orderdate", "Startup Cost": 0.0, "Total Cost": 14422.35, "Plan Rows": 569410, "Plan Width": 0, "Actual Startup Time": 164.521, "Actual Total Time": 164.521, "Actual Rows": 561612, "Actual Loops": 1, "Index Cond": "((o_orderdate >= '1995-01-01 00:00:00'::timestamp(0) without time zone) AND (o_orderdate < '1995-04-01 00:00:00'::timestamp without time zone))"}]}, {"Node Type": "Bitmap Heap Scan", "Parent Relationship": "Inner", "Relation Name": "lineitem", "Alias": "lineitem", "Startup Cost": 1.94, "Total Cost": 14.06, "Plan Rows": 3, "Plan Width": 8, "Actual Startup Time": 4815.896, "Actual Total Time": 4815.896, "Actual Rows": 515106, "Actual Loops": 561612, "Recheck Cond": "(l_orderkey = orders.o_orderkey)", "Rows Removed by Index Recheck": 0, "Filter": "(l_commitdate < l_receiptdate)", "Rows Removed by Filter": 299676, "Exact Heap Blocks": 567798, "Lossy Heap Blocks": 567798, "Plans": [{"Node Type": "Bitmap Index Scan", "Parent Relationship": "Outer", "Index Name": "idx_lineitem_orderkey", "Startup Cost": 0.0, "Total Cost": 1.94, "Plan Rows": 9, "Plan Width": 0, "Actual Startup Time": 2461.174, "Actual Total Time": 2461.174, "Actual Rows": 2246588, "Actual Loops": 561612, "Index Cond": "(l_orderkey = orders.o_orderkey)"}]}]}]}]}, "Triggers": [], "Planner Runtime": 0, "Total Runtime": 6932.479, "Unique SQL Id": 3745551476}}, "(16, 72)": {"explain_plan": {"Plan": {"Node Type": "Sort", "Startup Cost": 223060.11, "Total Cost": 223060.12, "Plan Rows": 1, "Plan Width": 24, "Sort Key": ["orders.o_orderpriority"], "Plans": [{"Node Type": "Streaming(type: LOCAL GATHER dop: 1/16)", "Parent Relationship": "Outer", "Startup Cost": 223060.1, "Total Cost": 223060.1, "Plan Rows": 1, "Plan Width": 24, "Plans": [{"Node Type": "Aggregate", "Strategy": "Hashed", "Parent Relationship": "Outer", "Startup Cost": 223060.1, "Total Cost": 223060.1, "Plan Rows": 1, "Plan Width": 24, "Group By Key": ["orders.o_orderpriority"], "Plans": [{"Node Type": "Streaming(type: LOCAL REDISTRIBUTE dop: 16/16)", "Parent Relationship": "Outer", "Startup Cost": 223060.07, "Total Cost": 223060.1, "Plan Rows": 1, "Plan Width": 24, "Plans": [{"Node Type": "Aggregate", "Strategy": "Hashed", "Parent Relationship": "Outer", "Startup Cost": 223060.07, "Total Cost": 223060.07, "Plan Rows": 1, "Plan Width": 24, "Group By Key": ["orders.o_orderpriority"], "Plans": [{"Node Type": "Hash Join", "Parent Relationship": "Outer", "Join Type": "Inner", "Startup Cost": 199987.41, "Total Cost": 222882.13, "Plan Rows": 569410, "Plan Width": 16, "Inner Unique": true, "Hash Cond": "(lineitem.l_orderkey = orders.o_orderkey), (LLVM Optimized)", "Plans": [{"Node Type": "Aggregate", "Strategy": "Hashed", "Parent Relationship": "Outer", "Startup Cost": 178507.06, "Total Cost": 179883.48, "Plan Rows": 2202268, "Plan Width": 8, "Group By Key": ["lineitem.l_orderkey"], "Plans": [{"Node Type": "Streaming(type: LOCAL REDISTRIBUTE dop: 16/16)", "Parent Relationship": "Outer", "Startup Cost": 153442.01, "Total Cost": 178162.96, "Plan Rows": 2202268, "Plan Width": 8, "Plans": [{"Node Type": "Aggregate", "Strategy": "Hashed", "Parent Relationship": "Outer", "Startup Cost": 153442.01, "Total Cost": 154818.42, "Plan Rows": 2202268, "Plan Width": 8, "Group By Key": ["lineitem.l_orderkey"], "Plans": [{"Node Type": "Seq Scan", "Parent Relationship": "Outer", "Relation Name": "lineitem", "Alias": "lineitem", "Startup Cost": 0.0, "Total Cost": 150317.68, "Plan Rows": 19995678, "Plan Width": 8, "Filter": "(l_commitdate < l_receiptdate), (LLVM Optimized)"}]}]}]}, {"Node Type": "Hash", "Parent Relationship": "Inner", "Startup Cost": 63495.73, "Total Cost": 63495.73, "Plan Rows": 569410, "Plan Width": 24, "Plans": [{"Node Type": "Streaming(type: LOCAL REDISTRIBUTE dop: 16/16)", "Parent Relationship": "Outer", "Startup Cost": 37.76, "Total Cost": 63495.73, "Plan Rows": 569410, "Plan Width": 24, "Plans": [{"Node Type": "Seq Scan", "Parent Relationship": "Outer", "Relation Name": "orders", "Alias": "orders", "Startup Cost": 37.76, "Total Cost": 46338.2, "Plan Rows": 569410, "Plan Width": 24, "Filter": "((o_orderdate >= '1995-01-01 00:00:00'::timestamp(0) without time zone) AND (o_orderdate < '1995-04-01 00:00:00'::timestamp without time zone)), (LLVM Optimized)"}]}]}]}]}]}]}]}]}, "Unique SQL Id": 3745551476, "Planner Runtime": 1}, "explain_analyze_plan": {"Plan": {"Node Type": "Sort", "Startup Cost": 223060.11, "Total Cost": 223060.12, "Plan Rows": 1, "Plan Width": 24, "Actual Min Startup Time": 5326.268, "Actual Max Startup Time": 5326.268, "Actual Min Total Time": 5326.269, "Actual Max Total Time": 5326.269, "Sort Key": ["orders.o_orderpriority"], "Sort Method": "quicksort", "Sort Space Min Used": 25, "Sort Space Max Used": 25, "Sort Space Type": "Memory", "Plans": [{"Node Type": "Streaming(type: LOCAL GATHER dop: 1/16)", "Parent Relationship": "Outer", "Startup Cost": 223060.1, "Total Cost": 223060.1, "Plan Rows": 1, "Plan Width": 24, "Actual Min Startup Time": 5325.981, "Actual Max Startup Time": 5325.981, "Actual Min Total Time": 5326.201, "Actual Max Total Time": 5326.201, "Plans": [{"Node Type": "Aggregate", "Strategy": "Hashed", "Parent Relationship": "Outer", "Startup Cost": 223060.1, "Total Cost": 223060.1, "Plan Rows": 1, "Plan Width": 24, "Actual Min Startup Time": 5241.572, "Actual Max Startup Time": 5273.993, "Actual Min Total Time": 5241.572, "Actual Max Total Time": 5273.993, "Group By Key": ["orders.o_orderpriority"], "Plans": [{"Node Type": "Streaming(type: LOCAL REDISTRIBUTE dop: 16/16)", "Parent Relationship": "Outer", "Startup Cost": 223060.07, "Total Cost": 223060.1, "Plan Rows": 1, "Plan Width": 24, "Actual Min Startup Time": 5184.678, "Actual Max Startup Time": 5273.984, "Actual Min Total Time": 5241.566, "Actual Max Total Time": 5273.984, "Plans": [{"Node Type": "Aggregate", "Strategy": "Hashed", "Parent Relationship": "Outer", "Startup Cost": 223060.07, "Total Cost": 223060.07, "Plan Rows": 1, "Plan Width": 24, "Actual Min Startup Time": 5118.77, "Actual Max Startup Time": 5250.137, "Actual Min Total Time": 5118.772, "Actual Max Total Time": 5250.14, "Group By Key": ["orders.o_orderpriority"], "Plans": [{"Node Type": "Hash Join", "Parent Relationship": "Outer", "Join Type": "Inner", "Startup Cost": 199987.41, "Total Cost": 222882.13, "Plan Rows": 569410, "Plan Width": 16, "Actual Min Startup Time": 4788.695, "Actual Max Startup Time": 4877.328, "Actual Min Total Time": 5105.267, "Actual Max Total Time": 5237.07, "Inner Unique": true, "Hash Cond": "(lineitem.l_orderkey = orders.o_orderkey), (LLVM Optimized, Jit Execute)", "Plans": [{"Node Type": "Aggregate", "Strategy": "Hashed", "Parent Relationship": "Outer", "Startup Cost": 178507.06, "Total Cost": 179883.48, "Plan Rows": 2202268, "Plan Width": 8, "Actual Min Startup Time": 4318.042, "Actual Max Startup Time": 4318.214, "Actual Min Total Time": 4470.778, "Actual Max Total Time": 4515.862, "Group By Key": ["lineitem.l_orderkey"], "Plans": [{"Node Type": "Streaming(type: LOCAL REDISTRIBUTE dop: 16/16)", "Parent Relationship": "Outer", "Startup Cost": 153442.01, "Total Cost": 178162.96, "Plan Rows": 2202268, "Plan Width": 8, "Actual Min Startup Time": 2156.969, "Actual Max Startup Time": 2158.381, "Actual Min Total Time": 3852.509, "Actual Max Total Time": 3925.326, "Plans": [{"Node Type": "Aggregate", "Strategy": "Hashed", "Parent Relationship": "Outer", "Startup Cost": 153442.01, "Total Cost": 154818.42, "Plan Rows": 2202268, "Plan Width": 8, "Actual Min Startup Time": 2704.393, "Actual Max Startup Time": 3047.185, "Actual Min Total Time": 2999.133, "Actual Max Total Time": 3445.708, "Group By Key": ["lineitem.l_orderkey"], "Plans": [{"Node Type": "Seq Scan", "Parent Relationship": "Outer", "Relation Name": "lineitem", "Alias": "lineitem", "Startup Cost": 0.0, "Total Cost": 150317.68, "Plan Rows": 19995678, "Plan Width": 8, "Actual Min Startup Time": 0.02, "Actual Max Startup Time": 0.044, "Actual Min Total Time": 1763.072, "Actual Max Total Time": 1876.643, "Filter": "(l_commitdate < l_receiptdate), (LLVM Optimized, Jit Execute)", "Rows Removed by Filter": 22056704, "Actual Rows": 37929348}], "Actual Rows": 13761080}], "Actual Rows": 13761080}], "Actual Rows": 13753474}, {"Node Type": "Hash", "Parent Relationship": "Inner", "Startup Cost": 63495.73, "Total Cost": 63495.73, "Plan Rows": 569410, "Plan Width": 24, "Actual Min Startup Time": 470.505, "Actual Max Startup Time": 559.062, "Actual Min Total Time": 470.505, "Actual Max Total Time": 559.062, "Max Hash Buckets": 65536, "Min Hash Buckets": 65536, "Max Hash Batches": 1, "Min Hash Batches": 1, "Max Original Hash Batches": 1, "Min Original Hash Batches": 1, "Max Peak Memory Usage": 1899, "min Peak Memory Usage": 1899, "Plans": [{"Node Type": "Streaming(type: LOCAL REDISTRIBUTE dop: 16/16)", "Parent Relationship": "Outer", "Startup Cost": 37.76, "Total Cost": 63495.73, "Plan Rows": 569410, "Plan Width": 24, "Actual Min Startup Time": 0.045, "Actual Max Startup Time": 87.172, "Actual Min Total Time": 459.295, "Actual Max Total Time": 546.654, "Plans": [{"Node Type": "Seq Scan", "Parent Relationship": "Outer", "Relation Name": "orders", "Alias": "orders", "Startup Cost": 37.76, "Total Cost": 46338.2, "Plan Rows": 569410, "Plan Width": 24, "Actual Min Startup Time": 0.032, "Actual Max Startup Time": 0.061, "Actual Min Total Time": 394.261, "Actual Max Total Time": 423.116, "Filter": "((o_orderdate >= '1995-01-01 00:00:00'::timestamp(0) without time zone) AND (o_orderdate < '1995-04-01 00:00:00'::timestamp without time zone)), (LLVM Optimized, Jit Execute)", "Rows Removed by Filter": 14438388, "Actual Rows": 561612}], "Actual Rows": 561612}], "Actual Rows": 561612}], "Actual Rows": 515106}], "Actual Rows": 80}], "Actual Rows": 80}], "Actual Rows": 5}], "Actual Rows": 5}], "Actual Rows": 5}, "Triggers": [], "Planner Runtime": 0, "Total Runtime": 5347.731, "Unique SQL Id": 3745551476}}, "(16, 73)": {"explain_plan": {"Plan": {"Node Type": "Sort", "Startup Cost": 1239498.42, "Total Cost": 1239498.42, "Plan Rows": 1, "Plan Width": 24, "Sort Key": ["orders.o_orderpriority"], "Plans": [{"Node Type": "Aggregate", "Strategy": "Hashed", "Parent Relationship": "Outer", "Startup Cost": 1239498.4, "Total Cost": 1239498.41, "Plan Rows": 1, "Plan Width": 24, "Group By Key": ["orders.o_orderpriority"], "Plans": [{"Node Type": "Nested Loop", "Parent Relationship": "Outer", "Join Type": "Semi", "Startup Cost": 0.0, "Total Cost": 1236651.35, "Plan Rows": 569410, "Plan Width": 16, "Inner Unique": false, "Plans": [{"Node Type": "Streaming(type: LOCAL GATHER dop: 1/16)", "Parent Relationship": "Outer", "Startup Cost": 0.0, "Total Cost": 622334.68, "Plan Rows": 569410, "Plan Width": 24, "Plans": [{"Node Type": "Index Scan", "Parent Relationship": "Outer", "Scan Direction": "Forward", "Index Name": "orders_pkey", "Relation Name": "orders", "Alias": "orders", "Startup Cost": 0.0, "Total Cost": 610045.66, "Plan Rows": 569410, "Plan Width": 24, "Filter": "((o_orderdate >= '1995-01-01 00:00:00'::timestamp(0) without time zone) AND (o_orderdate < '1995-04-01 00:00:00'::timestamp without time zone)), (LLVM Optimized)"}]}, {"Node Type": "Index Scan", "Parent Relationship": "Inner", "Scan Direction": "Forward", "Index Name": "idx_lineitem_orderkey", "Relation Name": "lineitem", "Alias": "lineitem", "Startup Cost": 0.0, "Total Cost": 5.41, "Plan Rows": 3, "Plan Width": 8, "Index Cond": "(l_orderkey = orders.o_orderkey)", "Filter": "(l_commitdate < l_receiptdate)"}]}]}]}, "Unique SQL Id": 3745551476, "Planner Runtime": 0}, "explain_analyze_plan": {"Plan": {"Node Type": "Sort", "Startup Cost": 1239498.42, "Total Cost": 1239498.42, "Plan Rows": 1, "Plan Width": 24, "Actual Min Startup Time": 4836.612, "Actual Max Startup Time": 4836.612, "Actual Min Total Time": 4836.613, "Actual Max Total Time": 4836.613, "Sort Key": ["orders.o_orderpriority"], "Sort Method": "quicksort", "Sort Space Min Used": 25, "Sort Space Max Used": 25, "Sort Space Type": "Memory", "Plans": [{"Node Type": "Aggregate", "Strategy": "Hashed", "Parent Relationship": "Outer", "Startup Cost": 1239498.4, "Total Cost": 1239498.41, "Plan Rows": 1, "Plan Width": 24, "Actual Min Startup Time": 4836.574, "Actual Max Startup Time": 4836.574, "Actual Min Total Time": 4836.576, "Actual Max Total Time": 4836.576, "Group By Key": ["orders.o_orderpriority"], "Plans": [{"Node Type": "Nested Loop", "Parent Relationship": "Outer", "Join Type": "Semi", "Startup Cost": 0.0, "Total Cost": 1236651.35, "Plan Rows": 569410, "Plan Width": 16, "Actual Min Startup Time": 174.498, "Actual Max Startup Time": 174.498, "Actual Min Total Time": 4565.385, "Actual Max Total Time": 4565.385, "Inner Unique": false, "Plans": [{"Node Type": "Streaming(type: LOCAL GATHER dop: 1/16)", "Parent Relationship": "Outer", "Startup Cost": 0.0, "Total Cost": 622334.68, "Plan Rows": 569410, "Plan Width": 24, "Actual Min Startup Time": 174.432, "Actual Max Startup Time": 174.432, "Actual Min Total Time": 409.483, "Actual Max Total Time": 409.483, "Plans": [{"Node Type": "Index Scan", "Parent Relationship": "Outer", "Scan Direction": "Forward", "Index Name": "orders_pkey", "Relation Name": "orders", "Alias": "orders", "Startup Cost": 0.0, "Total Cost": 610045.66, "Plan Rows": 569410, "Plan Width": 24, "Actual Min Startup Time": 126.895, "Actual Max Startup Time": 135.2, "Actual Min Total Time": 713.41, "Actual Max Total Time": 809.738, "Filter": "((o_orderdate >= '1995-01-01 00:00:00'::timestamp(0) without time zone) AND (o_orderdate < '1995-04-01 00:00:00'::timestamp without time zone)), (LLVM Optimized, Jit Execute)", "Rows Removed by Filter": 14438388, "Actual Rows": 561612}], "Actual Rows": 561612}, {"Node Type": "Index Scan", "Parent Relationship": "Inner", "Scan Direction": "Forward", "Index Name": "idx_lineitem_orderkey", "Relation Name": "lineitem", "Alias": "lineitem", "Startup Cost": 0.0, "Total Cost": 5.41, "Plan Rows": 3, "Plan Width": 8, "Actual Min Startup Time": 3741.772, "Actual Max Startup Time": 3741.772, "Actual Min Total Time": 3741.772, "Actual Max Total Time": 3741.772, "Index Cond": "(l_orderkey = orders.o_orderkey)", "Rows Removed by Index Recheck": 0, "Filter": "(l_commitdate < l_receiptdate)", "Rows Removed by Filter": 299676, "Actual Rows": 515106}], "Actual Rows": 515106}], "Actual Rows": 5}], "Actual Rows": 5}, "Triggers": [], "Planner Runtime": 0, "Total Runtime": 4847.856, "Unique SQL Id": 3745551476}}, "(16, 74)": {"explain_plan": {"Plan": {"Node Type": "Sort", "Startup Cost": 223060.11, "Total Cost": 223060.12, "Plan Rows": 1, "Plan Width": 24, "Sort Key": ["orders.o_orderpriority"], "Plans": [{"Node Type": "Streaming(type: LOCAL GATHER dop: 1/16)", "Parent Relationship": "Outer", "Startup Cost": 223060.1, "Total Cost": 223060.1, "Plan Rows": 1, "Plan Width": 24, "Plans": [{"Node Type": "Aggregate", "Strategy": "Hashed", "Parent Relationship": "Outer", "Startup Cost": 223060.1, "Total Cost": 223060.1, "Plan Rows": 1, "Plan Width": 24, "Group By Key": ["orders.o_orderpriority"], "Plans": [{"Node Type": "Streaming(type: LOCAL REDISTRIBUTE dop: 16/16)", "Parent Relationship": "Outer", "Startup Cost": 223060.07, "Total Cost": 223060.1, "Plan Rows": 1, "Plan Width": 24, "Plans": [{"Node Type": "Aggregate", "Strategy": "Hashed", "Parent Relationship": "Outer", "Startup Cost": 223060.07, "Total Cost": 223060.07, "Plan Rows": 1, "Plan Width": 24, "Group By Key": ["orders.o_orderpriority"], "Plans": [{"Node Type": "Hash Join", "Parent Relationship": "Outer", "Join Type": "Inner", "Startup Cost": 199987.41, "Total Cost": 222882.13, "Plan Rows": 569410, "Plan Width": 16, "Inner Unique": true, "Hash Cond": "(lineitem.l_orderkey = orders.o_orderkey), (LLVM Optimized)", "Plans": [{"Node Type": "Aggregate", "Strategy": "Hashed", "Parent Relationship": "Outer", "Startup Cost": 178507.06, "Total Cost": 179883.48, "Plan Rows": 2202268, "Plan Width": 8, "Group By Key": ["lineitem.l_orderkey"], "Plans": [{"Node Type": "Streaming(type: LOCAL REDISTRIBUTE dop: 16/16)", "Parent Relationship": "Outer", "Startup Cost": 153442.01, "Total Cost": 178162.96, "Plan Rows": 2202268, "Plan Width": 8, "Plans": [{"Node Type": "Aggregate", "Strategy": "Hashed", "Parent Relationship": "Outer", "Startup Cost": 153442.01, "Total Cost": 154818.42, "Plan Rows": 2202268, "Plan Width": 8, "Group By Key": ["lineitem.l_orderkey"], "Plans": [{"Node Type": "Seq Scan", "Parent Relationship": "Outer", "Relation Name": "lineitem", "Alias": "lineitem", "Startup Cost": 0.0, "Total Cost": 150317.68, "Plan Rows": 19995678, "Plan Width": 8, "Filter": "(l_commitdate < l_receiptdate), (LLVM Optimized)"}]}]}]}, {"Node Type": "Hash", "Parent Relationship": "Inner", "Startup Cost": 63495.73, "Total Cost": 63495.73, "Plan Rows": 569410, "Plan Width": 24, "Plans": [{"Node Type": "Streaming(type: LOCAL REDISTRIBUTE dop: 16/16)", "Parent Relationship": "Outer", "Startup Cost": 37.76, "Total Cost": 63495.73, "Plan Rows": 569410, "Plan Width": 24, "Plans": [{"Node Type": "Seq Scan", "Parent Relationship": "Outer", "Relation Name": "orders", "Alias": "orders", "Startup Cost": 37.76, "Total Cost": 46338.2, "Plan Rows": 569410, "Plan Width": 24, "Filter": "((o_orderdate >= '1995-01-01 00:00:00'::timestamp(0) without time zone) AND (o_orderdate < '1995-04-01 00:00:00'::timestamp without time zone)), (LLVM Optimized)"}]}]}]}]}]}]}]}]}, "Unique SQL Id": 3745551476, "Planner Runtime": 1}, "explain_analyze_plan": {"Plan": {"Node Type": "Sort", "Startup Cost": 223060.11, "Total Cost": 223060.12, "Plan Rows": 1, "Plan Width": 24, "Actual Min Startup Time": 5326.268, "Actual Max Startup Time": 5326.268, "Actual Min Total Time": 5326.269, "Actual Max Total Time": 5326.269, "Sort Key": ["orders.o_orderpriority"], "Sort Method": "quicksort", "Sort Space Min Used": 25, "Sort Space Max Used": 25, "Sort Space Type": "Memory", "Plans": [{"Node Type": "Streaming(type: LOCAL GATHER dop: 1/16)", "Parent Relationship": "Outer", "Startup Cost": 223060.1, "Total Cost": 223060.1, "Plan Rows": 1, "Plan Width": 24, "Actual Min Startup Time": 5325.981, "Actual Max Startup Time": 5325.981, "Actual Min Total Time": 5326.201, "Actual Max Total Time": 5326.201, "Plans": [{"Node Type": "Aggregate", "Strategy": "Hashed", "Parent Relationship": "Outer", "Startup Cost": 223060.1, "Total Cost": 223060.1, "Plan Rows": 1, "Plan Width": 24, "Actual Min Startup Time": 5241.572, "Actual Max Startup Time": 5273.993, "Actual Min Total Time": 5241.572, "Actual Max Total Time": 5273.993, "Group By Key": ["orders.o_orderpriority"], "Plans": [{"Node Type": "Streaming(type: LOCAL REDISTRIBUTE dop: 16/16)", "Parent Relationship": "Outer", "Startup Cost": 223060.07, "Total Cost": 223060.1, "Plan Rows": 1, "Plan Width": 24, "Actual Min Startup Time": 5184.678, "Actual Max Startup Time": 5273.984, "Actual Min Total Time": 5241.566, "Actual Max Total Time": 5273.984, "Plans": [{"Node Type": "Aggregate", "Strategy": "Hashed", "Parent Relationship": "Outer", "Startup Cost": 223060.07, "Total Cost": 223060.07, "Plan Rows": 1, "Plan Width": 24, "Actual Min Startup Time": 5118.77, "Actual Max Startup Time": 5250.137, "Actual Min Total Time": 5118.772, "Actual Max Total Time": 5250.14, "Group By Key": ["orders.o_orderpriority"], "Plans": [{"Node Type": "Hash Join", "Parent Relationship": "Outer", "Join Type": "Inner", "Startup Cost": 199987.41, "Total Cost": 222882.13, "Plan Rows": 569410, "Plan Width": 16, "Actual Min Startup Time": 4788.695, "Actual Max Startup Time": 4877.328, "Actual Min Total Time": 5105.267, "Actual Max Total Time": 5237.07, "Inner Unique": true, "Hash Cond": "(lineitem.l_orderkey = orders.o_orderkey), (LLVM Optimized, Jit Execute)", "Plans": [{"Node Type": "Aggregate", "Strategy": "Hashed", "Parent Relationship": "Outer", "Startup Cost": 178507.06, "Total Cost": 179883.48, "Plan Rows": 2202268, "Plan Width": 8, "Actual Min Startup Time": 4318.042, "Actual Max Startup Time": 4318.214, "Actual Min Total Time": 4470.778, "Actual Max Total Time": 4515.862, "Group By Key": ["lineitem.l_orderkey"], "Plans": [{"Node Type": "Streaming(type: LOCAL REDISTRIBUTE dop: 16/16)", "Parent Relationship": "Outer", "Startup Cost": 153442.01, "Total Cost": 178162.96, "Plan Rows": 2202268, "Plan Width": 8, "Actual Min Startup Time": 2156.969, "Actual Max Startup Time": 2158.381, "Actual Min Total Time": 3852.509, "Actual Max Total Time": 3925.326, "Plans": [{"Node Type": "Aggregate", "Strategy": "Hashed", "Parent Relationship": "Outer", "Startup Cost": 153442.01, "Total Cost": 154818.42, "Plan Rows": 2202268, "Plan Width": 8, "Actual Min Startup Time": 2704.393, "Actual Max Startup Time": 3047.185, "Actual Min Total Time": 2999.133, "Actual Max Total Time": 3445.708, "Group By Key": ["lineitem.l_orderkey"], "Plans": [{"Node Type": "Seq Scan", "Parent Relationship": "Outer", "Relation Name": "lineitem", "Alias": "lineitem", "Startup Cost": 0.0, "Total Cost": 150317.68, "Plan Rows": 19995678, "Plan Width": 8, "Actual Min Startup Time": 0.02, "Actual Max Startup Time": 0.044, "Actual Min Total Time": 1763.072, "Actual Max Total Time": 1876.643, "Filter": "(l_commitdate < l_receiptdate), (LLVM Optimized, Jit Execute)", "Rows Removed by Filter": 22056704, "Actual Rows": 37929348}], "Actual Rows": 13761080}], "Actual Rows": 13761080}], "Actual Rows": 13753474}, {"Node Type": "Hash", "Parent Relationship": "Inner", "Startup Cost": 63495.73, "Total Cost": 63495.73, "Plan Rows": 569410, "Plan Width": 24, "Actual Min Startup Time": 470.505, "Actual Max Startup Time": 559.062, "Actual Min Total Time": 470.505, "Actual Max Total Time": 559.062, "Max Hash Buckets": 65536, "Min Hash Buckets": 65536, "Max Hash Batches": 1, "Min Hash Batches": 1, "Max Original Hash Batches": 1, "Min Original Hash Batches": 1, "Max Peak Memory Usage": 1899, "min Peak Memory Usage": 1899, "Plans": [{"Node Type": "Streaming(type: LOCAL REDISTRIBUTE dop: 16/16)", "Parent Relationship": "Outer", "Startup Cost": 37.76, "Total Cost": 63495.73, "Plan Rows": 569410, "Plan Width": 24, "Actual Min Startup Time": 0.045, "Actual Max Startup Time": 87.172, "Actual Min Total Time": 459.295, "Actual Max Total Time": 546.654, "Plans": [{"Node Type": "Seq Scan", "Parent Relationship": "Outer", "Relation Name": "orders", "Alias": "orders", "Startup Cost": 37.76, "Total Cost": 46338.2, "Plan Rows": 569410, "Plan Width": 24, "Actual Min Startup Time": 0.032, "Actual Max Startup Time": 0.061, "Actual Min Total Time": 394.261, "Actual Max Total Time": 423.116, "Filter": "((o_orderdate >= '1995-01-01 00:00:00'::timestamp(0) without time zone) AND (o_orderdate < '1995-04-01 00:00:00'::timestamp without time zone)), (LLVM Optimized, Jit Execute)", "Rows Removed by Filter": 14438388, "Actual Rows": 561612}], "Actual Rows": 561612}], "Actual Rows": 561612}], "Actual Rows": 515106}], "Actual Rows": 80}], "Actual Rows": 80}], "Actual Rows": 5}], "Actual Rows": 5}], "Actual Rows": 5}, "Triggers": [], "Planner Runtime": 0, "Total Runtime": 5347.731, "Unique SQL Id": 3745551476}}, "(16, 75)": {"explain_plan": {"Plan": {"Node Type": "Sort", "Startup Cost": 2000403569659.73, "Total Cost": 2000403569659.74, "Plan Rows": 1, "Plan Width": 24, "Sort Key": ["orders.o_orderpriority"], "Plans": [{"Node Type": "Aggregate", "Strategy": "Hashed", "Parent Relationship": "Outer", "Startup Cost": 2000403569659.71, "Total Cost": 2000403569659.72, "Plan Rows": 1, "Plan Width": 24, "Group By Key": ["orders.o_orderpriority"], "Plans": [{"Node Type": "Merge Join", "Parent Relationship": "Outer", "Join Type": "Semi", "Startup Cost": 20036514449.31, "Total Cost": 2000403566812.66, "Plan Rows": 569410, "Plan Width": 16, "Inner Unique": false, "Merge Cond": "(orders.o_orderkey = lineitem.l_orderkey)", "Plans": [{"Node Type": "Index Scan", "Parent Relationship": "Outer", "Scan Direction": "Forward", "Index Name": "orders_pkey", "Relation Name": "orders", "Alias": "orders", "Startup Cost": 10000000000.0, "Total Cost": 1000080597583.0, "Plan Rows": 569410, "Plan Width": 24, "Filter": "((o_orderdate >= '1995-01-01 00:00:00'::timestamp(0) without time zone) AND (o_orderdate < '1995-04-01 00:00:00'::timestamp without time zone)), (LLVM Optimized)"}, {"Node Type": "Index Scan", "Parent Relationship": "Inner", "Scan Direction": "Forward", "Index Name": "idx_lineitem_orderkey", "Relation Name": "lineitem", "Alias": "lineitem", "Startup Cost": 10000000000.0, "Total Cost": 1000339012132.75, "Plan Rows": 19995678, "Plan Width": 8, "Filter": "(l_commitdate < l_receiptdate), (LLVM Optimized)"}]}]}]}, "Unique SQL Id": 3745551476, "Planner Runtime": 0}, "explain_analyze_plan": null}, "(16, 76)": {"explain_plan": {"Plan": {"Node Type": "Sort", "Startup Cost": 223060.11, "Total Cost": 223060.12, "Plan Rows": 1, "Plan Width": 24, "Sort Key": ["orders.o_orderpriority"], "Plans": [{"Node Type": "Streaming(type: LOCAL GATHER dop: 1/16)", "Parent Relationship": "Outer", "Startup Cost": 223060.1, "Total Cost": 223060.1, "Plan Rows": 1, "Plan Width": 24, "Plans": [{"Node Type": "Aggregate", "Strategy": "Hashed", "Parent Relationship": "Outer", "Startup Cost": 223060.1, "Total Cost": 223060.1, "Plan Rows": 1, "Plan Width": 24, "Group By Key": ["orders.o_orderpriority"], "Plans": [{"Node Type": "Streaming(type: LOCAL REDISTRIBUTE dop: 16/16)", "Parent Relationship": "Outer", "Startup Cost": 223060.07, "Total Cost": 223060.1, "Plan Rows": 1, "Plan Width": 24, "Plans": [{"Node Type": "Aggregate", "Strategy": "Hashed", "Parent Relationship": "Outer", "Startup Cost": 223060.07, "Total Cost": 223060.07, "Plan Rows": 1, "Plan Width": 24, "Group By Key": ["orders.o_orderpriority"], "Plans": [{"Node Type": "Hash Join", "Parent Relationship": "Outer", "Join Type": "Inner", "Startup Cost": 199987.41, "Total Cost": 222882.13, "Plan Rows": 569410, "Plan Width": 16, "Inner Unique": true, "Hash Cond": "(lineitem.l_orderkey = orders.o_orderkey), (LLVM Optimized)", "Plans": [{"Node Type": "Aggregate", "Strategy": "Hashed", "Parent Relationship": "Outer", "Startup Cost": 178507.06, "Total Cost": 179883.48, "Plan Rows": 2202268, "Plan Width": 8, "Group By Key": ["lineitem.l_orderkey"], "Plans": [{"Node Type": "Streaming(type: LOCAL REDISTRIBUTE dop: 16/16)", "Parent Relationship": "Outer", "Startup Cost": 153442.01, "Total Cost": 178162.96, "Plan Rows": 2202268, "Plan Width": 8, "Plans": [{"Node Type": "Aggregate", "Strategy": "Hashed", "Parent Relationship": "Outer", "Startup Cost": 153442.01, "Total Cost": 154818.42, "Plan Rows": 2202268, "Plan Width": 8, "Group By Key": ["lineitem.l_orderkey"], "Plans": [{"Node Type": "Seq Scan", "Parent Relationship": "Outer", "Relation Name": "lineitem", "Alias": "lineitem", "Startup Cost": 0.0, "Total Cost": 150317.68, "Plan Rows": 19995678, "Plan Width": 8, "Filter": "(l_commitdate < l_receiptdate), (LLVM Optimized)"}]}]}]}, {"Node Type": "Hash", "Parent Relationship": "Inner", "Startup Cost": 63495.73, "Total Cost": 63495.73, "Plan Rows": 569410, "Plan Width": 24, "Plans": [{"Node Type": "Streaming(type: LOCAL REDISTRIBUTE dop: 16/16)", "Parent Relationship": "Outer", "Startup Cost": 37.76, "Total Cost": 63495.73, "Plan Rows": 569410, "Plan Width": 24, "Plans": [{"Node Type": "Seq Scan", "Parent Relationship": "Outer", "Relation Name": "orders", "Alias": "orders", "Startup Cost": 37.76, "Total Cost": 46338.2, "Plan Rows": 569410, "Plan Width": 24, "Filter": "((o_orderdate >= '1995-01-01 00:00:00'::timestamp(0) without time zone) AND (o_orderdate < '1995-04-01 00:00:00'::timestamp without time zone)), (LLVM Optimized)"}]}]}]}]}]}]}]}]}, "Unique SQL Id": 3745551476, "Planner Runtime": 1}, "explain_analyze_plan": {"Plan": {"Node Type": "Sort", "Startup Cost": 223060.11, "Total Cost": 223060.12, "Plan Rows": 1, "Plan Width": 24, "Actual Min Startup Time": 5326.268, "Actual Max Startup Time": 5326.268, "Actual Min Total Time": 5326.269, "Actual Max Total Time": 5326.269, "Sort Key": ["orders.o_orderpriority"], "Sort Method": "quicksort", "Sort Space Min Used": 25, "Sort Space Max Used": 25, "Sort Space Type": "Memory", "Plans": [{"Node Type": "Streaming(type: LOCAL GATHER dop: 1/16)", "Parent Relationship": "Outer", "Startup Cost": 223060.1, "Total Cost": 223060.1, "Plan Rows": 1, "Plan Width": 24, "Actual Min Startup Time": 5325.981, "Actual Max Startup Time": 5325.981, "Actual Min Total Time": 5326.201, "Actual Max Total Time": 5326.201, "Plans": [{"Node Type": "Aggregate", "Strategy": "Hashed", "Parent Relationship": "Outer", "Startup Cost": 223060.1, "Total Cost": 223060.1, "Plan Rows": 1, "Plan Width": 24, "Actual Min Startup Time": 5241.572, "Actual Max Startup Time": 5273.993, "Actual Min Total Time": 5241.572, "Actual Max Total Time": 5273.993, "Group By Key": ["orders.o_orderpriority"], "Plans": [{"Node Type": "Streaming(type: LOCAL REDISTRIBUTE dop: 16/16)", "Parent Relationship": "Outer", "Startup Cost": 223060.07, "Total Cost": 223060.1, "Plan Rows": 1, "Plan Width": 24, "Actual Min Startup Time": 5184.678, "Actual Max Startup Time": 5273.984, "Actual Min Total Time": 5241.566, "Actual Max Total Time": 5273.984, "Plans": [{"Node Type": "Aggregate", "Strategy": "Hashed", "Parent Relationship": "Outer", "Startup Cost": 223060.07, "Total Cost": 223060.07, "Plan Rows": 1, "Plan Width": 24, "Actual Min Startup Time": 5118.77, "Actual Max Startup Time": 5250.137, "Actual Min Total Time": 5118.772, "Actual Max Total Time": 5250.14, "Group By Key": ["orders.o_orderpriority"], "Plans": [{"Node Type": "Hash Join", "Parent Relationship": "Outer", "Join Type": "Inner", "Startup Cost": 199987.41, "Total Cost": 222882.13, "Plan Rows": 569410, "Plan Width": 16, "Actual Min Startup Time": 4788.695, "Actual Max Startup Time": 4877.328, "Actual Min Total Time": 5105.267, "Actual Max Total Time": 5237.07, "Inner Unique": true, "Hash Cond": "(lineitem.l_orderkey = orders.o_orderkey), (LLVM Optimized, Jit Execute)", "Plans": [{"Node Type": "Aggregate", "Strategy": "Hashed", "Parent Relationship": "Outer", "Startup Cost": 178507.06, "Total Cost": 179883.48, "Plan Rows": 2202268, "Plan Width": 8, "Actual Min Startup Time": 4318.042, "Actual Max Startup Time": 4318.214, "Actual Min Total Time": 4470.778, "Actual Max Total Time": 4515.862, "Group By Key": ["lineitem.l_orderkey"], "Plans": [{"Node Type": "Streaming(type: LOCAL REDISTRIBUTE dop: 16/16)", "Parent Relationship": "Outer", "Startup Cost": 153442.01, "Total Cost": 178162.96, "Plan Rows": 2202268, "Plan Width": 8, "Actual Min Startup Time": 2156.969, "Actual Max Startup Time": 2158.381, "Actual Min Total Time": 3852.509, "Actual Max Total Time": 3925.326, "Plans": [{"Node Type": "Aggregate", "Strategy": "Hashed", "Parent Relationship": "Outer", "Startup Cost": 153442.01, "Total Cost": 154818.42, "Plan Rows": 2202268, "Plan Width": 8, "Actual Min Startup Time": 2704.393, "Actual Max Startup Time": 3047.185, "Actual Min Total Time": 2999.133, "Actual Max Total Time": 3445.708, "Group By Key": ["lineitem.l_orderkey"], "Plans": [{"Node Type": "Seq Scan", "Parent Relationship": "Outer", "Relation Name": "lineitem", "Alias": "lineitem", "Startup Cost": 0.0, "Total Cost": 150317.68, "Plan Rows": 19995678, "Plan Width": 8, "Actual Min Startup Time": 0.02, "Actual Max Startup Time": 0.044, "Actual Min Total Time": 1763.072, "Actual Max Total Time": 1876.643, "Filter": "(l_commitdate < l_receiptdate), (LLVM Optimized, Jit Execute)", "Rows Removed by Filter": 22056704, "Actual Rows": 37929348}], "Actual Rows": 13761080}], "Actual Rows": 13761080}], "Actual Rows": 13753474}, {"Node Type": "Hash", "Parent Relationship": "Inner", "Startup Cost": 63495.73, "Total Cost": 63495.73, "Plan Rows": 569410, "Plan Width": 24, "Actual Min Startup Time": 470.505, "Actual Max Startup Time": 559.062, "Actual Min Total Time": 470.505, "Actual Max Total Time": 559.062, "Max Hash Buckets": 65536, "Min Hash Buckets": 65536, "Max Hash Batches": 1, "Min Hash Batches": 1, "Max Original Hash Batches": 1, "Min Original Hash Batches": 1, "Max Peak Memory Usage": 1899, "min Peak Memory Usage": 1899, "Plans": [{"Node Type": "Streaming(type: LOCAL REDISTRIBUTE dop: 16/16)", "Parent Relationship": "Outer", "Startup Cost": 37.76, "Total Cost": 63495.73, "Plan Rows": 569410, "Plan Width": 24, "Actual Min Startup Time": 0.045, "Actual Max Startup Time": 87.172, "Actual Min Total Time": 459.295, "Actual Max Total Time": 546.654, "Plans": [{"Node Type": "Seq Scan", "Parent Relationship": "Outer", "Relation Name": "orders", "Alias": "orders", "Startup Cost": 37.76, "Total Cost": 46338.2, "Plan Rows": 569410, "Plan Width": 24, "Actual Min Startup Time": 0.032, "Actual Max Startup Time": 0.061, "Actual Min Total Time": 394.261, "Actual Max Total Time": 423.116, "Filter": "((o_orderdate >= '1995-01-01 00:00:00'::timestamp(0) without time zone) AND (o_orderdate < '1995-04-01 00:00:00'::timestamp without time zone)), (LLVM Optimized, Jit Execute)", "Rows Removed by Filter": 14438388, "Actual Rows": 561612}], "Actual Rows": 561612}], "Actual Rows": 561612}], "Actual Rows": 515106}], "Actual Rows": 80}], "Actual Rows": 80}], "Actual Rows": 5}], "Actual Rows": 5}], "Actual Rows": 5}, "Triggers": [], "Planner Runtime": 0, "Total Runtime": 5347.731, "Unique SQL Id": 3745551476}}, "(16, 77)": {"explain_plan": {"Plan": {"Node Type": "Sort", "Startup Cost": 1239498.42, "Total Cost": 1239498.42, "Plan Rows": 1, "Plan Width": 24, "Sort Key": ["orders.o_orderpriority"], "Plans": [{"Node Type": "Aggregate", "Strategy": "Hashed", "Parent Relationship": "Outer", "Startup Cost": 1239498.4, "Total Cost": 1239498.41, "Plan Rows": 1, "Plan Width": 24, "Group By Key": ["orders.o_orderpriority"], "Plans": [{"Node Type": "Nested Loop", "Parent Relationship": "Outer", "Join Type": "Semi", "Startup Cost": 0.0, "Total Cost": 1236651.35, "Plan Rows": 569410, "Plan Width": 16, "Inner Unique": false, "Plans": [{"Node Type": "Streaming(type: LOCAL GATHER dop: 1/16)", "Parent Relationship": "Outer", "Startup Cost": 0.0, "Total Cost": 622334.68, "Plan Rows": 569410, "Plan Width": 24, "Plans": [{"Node Type": "Index Scan", "Parent Relationship": "Outer", "Scan Direction": "Forward", "Index Name": "orders_pkey", "Relation Name": "orders", "Alias": "orders", "Startup Cost": 0.0, "Total Cost": 610045.66, "Plan Rows": 569410, "Plan Width": 24, "Filter": "((o_orderdate >= '1995-01-01 00:00:00'::timestamp(0) without time zone) AND (o_orderdate < '1995-04-01 00:00:00'::timestamp without time zone)), (LLVM Optimized)"}]}, {"Node Type": "Index Scan", "Parent Relationship": "Inner", "Scan Direction": "Forward", "Index Name": "idx_lineitem_orderkey", "Relation Name": "lineitem", "Alias": "lineitem", "Startup Cost": 0.0, "Total Cost": 5.41, "Plan Rows": 3, "Plan Width": 8, "Index Cond": "(l_orderkey = orders.o_orderkey)", "Filter": "(l_commitdate < l_receiptdate)"}]}]}]}, "Unique SQL Id": 3745551476, "Planner Runtime": 0}, "explain_analyze_plan": {"Plan": {"Node Type": "Sort", "Startup Cost": 1239498.42, "Total Cost": 1239498.42, "Plan Rows": 1, "Plan Width": 24, "Actual Min Startup Time": 4836.612, "Actual Max Startup Time": 4836.612, "Actual Min Total Time": 4836.613, "Actual Max Total Time": 4836.613, "Sort Key": ["orders.o_orderpriority"], "Sort Method": "quicksort", "Sort Space Min Used": 25, "Sort Space Max Used": 25, "Sort Space Type": "Memory", "Plans": [{"Node Type": "Aggregate", "Strategy": "Hashed", "Parent Relationship": "Outer", "Startup Cost": 1239498.4, "Total Cost": 1239498.41, "Plan Rows": 1, "Plan Width": 24, "Actual Min Startup Time": 4836.574, "Actual Max Startup Time": 4836.574, "Actual Min Total Time": 4836.576, "Actual Max Total Time": 4836.576, "Group By Key": ["orders.o_orderpriority"], "Plans": [{"Node Type": "Nested Loop", "Parent Relationship": "Outer", "Join Type": "Semi", "Startup Cost": 0.0, "Total Cost": 1236651.35, "Plan Rows": 569410, "Plan Width": 16, "Actual Min Startup Time": 174.498, "Actual Max Startup Time": 174.498, "Actual Min Total Time": 4565.385, "Actual Max Total Time": 4565.385, "Inner Unique": false, "Plans": [{"Node Type": "Streaming(type: LOCAL GATHER dop: 1/16)", "Parent Relationship": "Outer", "Startup Cost": 0.0, "Total Cost": 622334.68, "Plan Rows": 569410, "Plan Width": 24, "Actual Min Startup Time": 174.432, "Actual Max Startup Time": 174.432, "Actual Min Total Time": 409.483, "Actual Max Total Time": 409.483, "Plans": [{"Node Type": "Index Scan", "Parent Relationship": "Outer", "Scan Direction": "Forward", "Index Name": "orders_pkey", "Relation Name": "orders", "Alias": "orders", "Startup Cost": 0.0, "Total Cost": 610045.66, "Plan Rows": 569410, "Plan Width": 24, "Actual Min Startup Time": 126.895, "Actual Max Startup Time": 135.2, "Actual Min Total Time": 713.41, "Actual Max Total Time": 809.738, "Filter": "((o_orderdate >= '1995-01-01 00:00:00'::timestamp(0) without time zone) AND (o_orderdate < '1995-04-01 00:00:00'::timestamp without time zone)), (LLVM Optimized, Jit Execute)", "Rows Removed by Filter": 14438388, "Actual Rows": 561612}], "Actual Rows": 561612}, {"Node Type": "Index Scan", "Parent Relationship": "Inner", "Scan Direction": "Forward", "Index Name": "idx_lineitem_orderkey", "Relation Name": "lineitem", "Alias": "lineitem", "Startup Cost": 0.0, "Total Cost": 5.41, "Plan Rows": 3, "Plan Width": 8, "Actual Min Startup Time": 3741.772, "Actual Max Startup Time": 3741.772, "Actual Min Total Time": 3741.772, "Actual Max Total Time": 3741.772, "Index Cond": "(l_orderkey = orders.o_orderkey)", "Rows Removed by Index Recheck": 0, "Filter": "(l_commitdate < l_receiptdate)", "Rows Removed by Filter": 299676, "Actual Rows": 515106}], "Actual Rows": 515106}], "Actual Rows": 5}], "Actual Rows": 5}, "Triggers": [], "Planner Runtime": 0, "Total Runtime": 4847.856, "Unique SQL Id": 3745551476}}, "(16, 78)": {"explain_plan": {"Plan": {"Node Type": "Sort", "Startup Cost": 223060.11, "Total Cost": 223060.12, "Plan Rows": 1, "Plan Width": 24, "Sort Key": ["orders.o_orderpriority"], "Plans": [{"Node Type": "Streaming(type: LOCAL GATHER dop: 1/16)", "Parent Relationship": "Outer", "Startup Cost": 223060.1, "Total Cost": 223060.1, "Plan Rows": 1, "Plan Width": 24, "Plans": [{"Node Type": "Aggregate", "Strategy": "Hashed", "Parent Relationship": "Outer", "Startup Cost": 223060.1, "Total Cost": 223060.1, "Plan Rows": 1, "Plan Width": 24, "Group By Key": ["orders.o_orderpriority"], "Plans": [{"Node Type": "Streaming(type: LOCAL REDISTRIBUTE dop: 16/16)", "Parent Relationship": "Outer", "Startup Cost": 223060.07, "Total Cost": 223060.1, "Plan Rows": 1, "Plan Width": 24, "Plans": [{"Node Type": "Aggregate", "Strategy": "Hashed", "Parent Relationship": "Outer", "Startup Cost": 223060.07, "Total Cost": 223060.07, "Plan Rows": 1, "Plan Width": 24, "Group By Key": ["orders.o_orderpriority"], "Plans": [{"Node Type": "Hash Join", "Parent Relationship": "Outer", "Join Type": "Inner", "Startup Cost": 199987.41, "Total Cost": 222882.13, "Plan Rows": 569410, "Plan Width": 16, "Inner Unique": true, "Hash Cond": "(lineitem.l_orderkey = orders.o_orderkey), (LLVM Optimized)", "Plans": [{"Node Type": "Aggregate", "Strategy": "Hashed", "Parent Relationship": "Outer", "Startup Cost": 178507.06, "Total Cost": 179883.48, "Plan Rows": 2202268, "Plan Width": 8, "Group By Key": ["lineitem.l_orderkey"], "Plans": [{"Node Type": "Streaming(type: LOCAL REDISTRIBUTE dop: 16/16)", "Parent Relationship": "Outer", "Startup Cost": 153442.01, "Total Cost": 178162.96, "Plan Rows": 2202268, "Plan Width": 8, "Plans": [{"Node Type": "Aggregate", "Strategy": "Hashed", "Parent Relationship": "Outer", "Startup Cost": 153442.01, "Total Cost": 154818.42, "Plan Rows": 2202268, "Plan Width": 8, "Group By Key": ["lineitem.l_orderkey"], "Plans": [{"Node Type": "Seq Scan", "Parent Relationship": "Outer", "Relation Name": "lineitem", "Alias": "lineitem", "Startup Cost": 0.0, "Total Cost": 150317.68, "Plan Rows": 19995678, "Plan Width": 8, "Filter": "(l_commitdate < l_receiptdate), (LLVM Optimized)"}]}]}]}, {"Node Type": "Hash", "Parent Relationship": "Inner", "Startup Cost": 63495.73, "Total Cost": 63495.73, "Plan Rows": 569410, "Plan Width": 24, "Plans": [{"Node Type": "Streaming(type: LOCAL REDISTRIBUTE dop: 16/16)", "Parent Relationship": "Outer", "Startup Cost": 37.76, "Total Cost": 63495.73, "Plan Rows": 569410, "Plan Width": 24, "Plans": [{"Node Type": "Seq Scan", "Parent Relationship": "Outer", "Relation Name": "orders", "Alias": "orders", "Startup Cost": 37.76, "Total Cost": 46338.2, "Plan Rows": 569410, "Plan Width": 24, "Filter": "((o_orderdate >= '1995-01-01 00:00:00'::timestamp(0) without time zone) AND (o_orderdate < '1995-04-01 00:00:00'::timestamp without time zone)), (LLVM Optimized)"}]}]}]}]}]}]}]}]}, "Unique SQL Id": 3745551476, "Planner Runtime": 1}, "explain_analyze_plan": {"Plan": {"Node Type": "Sort", "Startup Cost": 223060.11, "Total Cost": 223060.12, "Plan Rows": 1, "Plan Width": 24, "Actual Min Startup Time": 5326.268, "Actual Max Startup Time": 5326.268, "Actual Min Total Time": 5326.269, "Actual Max Total Time": 5326.269, "Sort Key": ["orders.o_orderpriority"], "Sort Method": "quicksort", "Sort Space Min Used": 25, "Sort Space Max Used": 25, "Sort Space Type": "Memory", "Plans": [{"Node Type": "Streaming(type: LOCAL GATHER dop: 1/16)", "Parent Relationship": "Outer", "Startup Cost": 223060.1, "Total Cost": 223060.1, "Plan Rows": 1, "Plan Width": 24, "Actual Min Startup Time": 5325.981, "Actual Max Startup Time": 5325.981, "Actual Min Total Time": 5326.201, "Actual Max Total Time": 5326.201, "Plans": [{"Node Type": "Aggregate", "Strategy": "Hashed", "Parent Relationship": "Outer", "Startup Cost": 223060.1, "Total Cost": 223060.1, "Plan Rows": 1, "Plan Width": 24, "Actual Min Startup Time": 5241.572, "Actual Max Startup Time": 5273.993, "Actual Min Total Time": 5241.572, "Actual Max Total Time": 5273.993, "Group By Key": ["orders.o_orderpriority"], "Plans": [{"Node Type": "Streaming(type: LOCAL REDISTRIBUTE dop: 16/16)", "Parent Relationship": "Outer", "Startup Cost": 223060.07, "Total Cost": 223060.1, "Plan Rows": 1, "Plan Width": 24, "Actual Min Startup Time": 5184.678, "Actual Max Startup Time": 5273.984, "Actual Min Total Time": 5241.566, "Actual Max Total Time": 5273.984, "Plans": [{"Node Type": "Aggregate", "Strategy": "Hashed", "Parent Relationship": "Outer", "Startup Cost": 223060.07, "Total Cost": 223060.07, "Plan Rows": 1, "Plan Width": 24, "Actual Min Startup Time": 5118.77, "Actual Max Startup Time": 5250.137, "Actual Min Total Time": 5118.772, "Actual Max Total Time": 5250.14, "Group By Key": ["orders.o_orderpriority"], "Plans": [{"Node Type": "Hash Join", "Parent Relationship": "Outer", "Join Type": "Inner", "Startup Cost": 199987.41, "Total Cost": 222882.13, "Plan Rows": 569410, "Plan Width": 16, "Actual Min Startup Time": 4788.695, "Actual Max Startup Time": 4877.328, "Actual Min Total Time": 5105.267, "Actual Max Total Time": 5237.07, "Inner Unique": true, "Hash Cond": "(lineitem.l_orderkey = orders.o_orderkey), (LLVM Optimized, Jit Execute)", "Plans": [{"Node Type": "Aggregate", "Strategy": "Hashed", "Parent Relationship": "Outer", "Startup Cost": 178507.06, "Total Cost": 179883.48, "Plan Rows": 2202268, "Plan Width": 8, "Actual Min Startup Time": 4318.042, "Actual Max Startup Time": 4318.214, "Actual Min Total Time": 4470.778, "Actual Max Total Time": 4515.862, "Group By Key": ["lineitem.l_orderkey"], "Plans": [{"Node Type": "Streaming(type: LOCAL REDISTRIBUTE dop: 16/16)", "Parent Relationship": "Outer", "Startup Cost": 153442.01, "Total Cost": 178162.96, "Plan Rows": 2202268, "Plan Width": 8, "Actual Min Startup Time": 2156.969, "Actual Max Startup Time": 2158.381, "Actual Min Total Time": 3852.509, "Actual Max Total Time": 3925.326, "Plans": [{"Node Type": "Aggregate", "Strategy": "Hashed", "Parent Relationship": "Outer", "Startup Cost": 153442.01, "Total Cost": 154818.42, "Plan Rows": 2202268, "Plan Width": 8, "Actual Min Startup Time": 2704.393, "Actual Max Startup Time": 3047.185, "Actual Min Total Time": 2999.133, "Actual Max Total Time": 3445.708, "Group By Key": ["lineitem.l_orderkey"], "Plans": [{"Node Type": "Seq Scan", "Parent Relationship": "Outer", "Relation Name": "lineitem", "Alias": "lineitem", "Startup Cost": 0.0, "Total Cost": 150317.68, "Plan Rows": 19995678, "Plan Width": 8, "Actual Min Startup Time": 0.02, "Actual Max Startup Time": 0.044, "Actual Min Total Time": 1763.072, "Actual Max Total Time": 1876.643, "Filter": "(l_commitdate < l_receiptdate), (LLVM Optimized, Jit Execute)", "Rows Removed by Filter": 22056704, "Actual Rows": 37929348}], "Actual Rows": 13761080}], "Actual Rows": 13761080}], "Actual Rows": 13753474}, {"Node Type": "Hash", "Parent Relationship": "Inner", "Startup Cost": 63495.73, "Total Cost": 63495.73, "Plan Rows": 569410, "Plan Width": 24, "Actual Min Startup Time": 470.505, "Actual Max Startup Time": 559.062, "Actual Min Total Time": 470.505, "Actual Max Total Time": 559.062, "Max Hash Buckets": 65536, "Min Hash Buckets": 65536, "Max Hash Batches": 1, "Min Hash Batches": 1, "Max Original Hash Batches": 1, "Min Original Hash Batches": 1, "Max Peak Memory Usage": 1899, "min Peak Memory Usage": 1899, "Plans": [{"Node Type": "Streaming(type: LOCAL REDISTRIBUTE dop: 16/16)", "Parent Relationship": "Outer", "Startup Cost": 37.76, "Total Cost": 63495.73, "Plan Rows": 569410, "Plan Width": 24, "Actual Min Startup Time": 0.045, "Actual Max Startup Time": 87.172, "Actual Min Total Time": 459.295, "Actual Max Total Time": 546.654, "Plans": [{"Node Type": "Seq Scan", "Parent Relationship": "Outer", "Relation Name": "orders", "Alias": "orders", "Startup Cost": 37.76, "Total Cost": 46338.2, "Plan Rows": 569410, "Plan Width": 24, "Actual Min Startup Time": 0.032, "Actual Max Startup Time": 0.061, "Actual Min Total Time": 394.261, "Actual Max Total Time": 423.116, "Filter": "((o_orderdate >= '1995-01-01 00:00:00'::timestamp(0) without time zone) AND (o_orderdate < '1995-04-01 00:00:00'::timestamp without time zone)), (LLVM Optimized, Jit Execute)", "Rows Removed by Filter": 14438388, "Actual Rows": 561612}], "Actual Rows": 561612}], "Actual Rows": 561612}], "Actual Rows": 515106}], "Actual Rows": 80}], "Actual Rows": 80}], "Actual Rows": 5}], "Actual Rows": 5}], "Actual Rows": 5}, "Triggers": [], "Planner Runtime": 0, "Total Runtime": 5347.731, "Unique SQL Id": 3745551476}}, "(16, 79)": {"explain_plan": {"Plan": {"Node Type": "Sort", "Startup Cost": 2000403569659.73, "Total Cost": 2000403569659.74, "Plan Rows": 1, "Plan Width": 24, "Sort Key": ["orders.o_orderpriority"], "Plans": [{"Node Type": "Aggregate", "Strategy": "Hashed", "Parent Relationship": "Outer", "Startup Cost": 2000403569659.71, "Total Cost": 2000403569659.72, "Plan Rows": 1, "Plan Width": 24, "Group By Key": ["orders.o_orderpriority"], "Plans": [{"Node Type": "Merge Join", "Parent Relationship": "Outer", "Join Type": "Semi", "Startup Cost": 20036514449.31, "Total Cost": 2000403566812.66, "Plan Rows": 569410, "Plan Width": 16, "Inner Unique": false, "Merge Cond": "(orders.o_orderkey = lineitem.l_orderkey)", "Plans": [{"Node Type": "Index Scan", "Parent Relationship": "Outer", "Scan Direction": "Forward", "Index Name": "orders_pkey", "Relation Name": "orders", "Alias": "orders", "Startup Cost": 10000000000.0, "Total Cost": 1000080597583.0, "Plan Rows": 569410, "Plan Width": 24, "Filter": "((o_orderdate >= '1995-01-01 00:00:00'::timestamp(0) without time zone) AND (o_orderdate < '1995-04-01 00:00:00'::timestamp without time zone)), (LLVM Optimized)"}, {"Node Type": "Index Scan", "Parent Relationship": "Inner", "Scan Direction": "Forward", "Index Name": "idx_lineitem_orderkey", "Relation Name": "lineitem", "Alias": "lineitem", "Startup Cost": 10000000000.0, "Total Cost": 1000339012132.75, "Plan Rows": 19995678, "Plan Width": 8, "Filter": "(l_commitdate < l_receiptdate), (LLVM Optimized)"}]}]}]}, "Unique SQL Id": 3745551476, "Planner Runtime": 0}, "explain_analyze_plan": null}, "(16, 80)": {"explain_plan": {"Plan": {"Node Type": "Sort", "Startup Cost": 675790.96, "Total Cost": 675790.97, "Plan Rows": 1, "Plan Width": 24, "Sort Key": ["orders.o_orderpriority"], "Plans": [{"Node Type": "Aggregate", "Strategy": "Hashed", "Parent Relationship": "Outer", "Startup Cost": 675790.94, "Total Cost": 675790.95, "Plan Rows": 1, "Plan Width": 24, "Group By Key": ["orders.o_orderpriority"], "Plans": [{"Node Type": "Nested Loop", "Parent Relationship": "Outer", "Join Type": "Semi", "Startup Cost": 37.76, "Total Cost": 672943.89, "Plan Rows": 569410, "Plan Width": 16, "Inner Unique": false, "Plans": [{"Node Type": "Streaming(type: LOCAL GATHER dop: 1/16)", "Parent Relationship": "Outer", "Startup Cost": 37.76, "Total Cost": 58627.22, "Plan Rows": 569410, "Plan Width": 24, "Plans": [{"Node Type": "Seq Scan", "Parent Relationship": "Outer", "Relation Name": "orders", "Alias": "orders", "Startup Cost": 37.76, "Total Cost": 46338.2, "Plan Rows": 569410, "Plan Width": 24, "Filter": "((o_orderdate >= '1995-01-01 00:00:00'::timestamp(0) without time zone) AND (o_orderdate < '1995-04-01 00:00:00'::timestamp without time zone)), (LLVM Optimized)"}]}, {"Node Type": "Index Scan", "Parent Relationship": "Inner", "Scan Direction": "Forward", "Index Name": "idx_lineitem_orderkey", "Relation Name": "lineitem", "Alias": "lineitem", "Startup Cost": 0.0, "Total Cost": 5.41, "Plan Rows": 3, "Plan Width": 8, "Index Cond": "(l_orderkey = orders.o_orderkey)", "Filter": "(l_commitdate < l_receiptdate)"}]}]}]}, "Unique SQL Id": 3745551476, "Planner Runtime": 0}, "explain_analyze_plan": {"Plan": {"Node Type": "Sort", "Startup Cost": 675790.96, "Total Cost": 675790.97, "Plan Rows": 1, "Plan Width": 24, "Actual Min Startup Time": 4741.516, "Actual Max Startup Time": 4741.516, "Actual Min Total Time": 4741.516, "Actual Max Total Time": 4741.516, "Sort Key": ["orders.o_orderpriority"], "Sort Method": "quicksort", "Sort Space Min Used": 25, "Sort Space Max Used": 25, "Sort Space Type": "Memory", "Plans": [{"Node Type": "Aggregate", "Strategy": "Hashed", "Parent Relationship": "Outer", "Startup Cost": 675790.94, "Total Cost": 675790.95, "Plan Rows": 1, "Plan Width": 24, "Actual Min Startup Time": 4741.458, "Actual Max Startup Time": 4741.458, "Actual Min Total Time": 4741.46, "Actual Max Total Time": 4741.46, "Group By Key": ["orders.o_orderpriority"], "Plans": [{"Node Type": "Nested Loop", "Parent Relationship": "Outer", "Join Type": "Semi", "Startup Cost": 37.76, "Total Cost": 672943.89, "Plan Rows": 569410, "Plan Width": 16, "Actual Min Startup Time": 39.921, "Actual Max Startup Time": 39.921, "Actual Min Total Time": 4475.802, "Actual Max Total Time": 4475.802, "Inner Unique": false, "Plans": [{"Node Type": "Streaming(type: LOCAL GATHER dop: 1/16)", "Parent Relationship": "Outer", "Startup Cost": 37.76, "Total Cost": 58627.22, "Plan Rows": 569410, "Plan Width": 24, "Actual Min Startup Time": 39.854, "Actual Max Startup Time": 39.854, "Actual Min Total Time": 315.117, "Actual Max Total Time": 315.117, "Plans": [{"Node Type": "Seq Scan", "Parent Relationship": "Outer", "Relation Name": "orders", "Alias": "orders", "Startup Cost": 37.76, "Total Cost": 46338.2, "Plan Rows": 569410, "Plan Width": 24, "Actual Min Startup Time": 0.028, "Actual Max Startup Time": 0.055, "Actual Min Total Time": 314.933, "Actual Max Total Time": 338.721, "Filter": "((o_orderdate >= '1995-01-01 00:00:00'::timestamp(0) without time zone) AND (o_orderdate < '1995-04-01 00:00:00'::timestamp without time zone)), (LLVM Optimized, Jit Execute)", "Rows Removed by Filter": 14438388, "Actual Rows": 561612}], "Actual Rows": 561612}, {"Node Type": "Index Scan", "Parent Relationship": "Inner", "Scan Direction": "Forward", "Index Name": "idx_lineitem_orderkey", "Relation Name": "lineitem", "Alias": "lineitem", "Startup Cost": 0.0, "Total Cost": 5.41, "Plan Rows": 3, "Plan Width": 8, "Actual Min Startup Time": 3749.266, "Actual Max Startup Time": 3749.266, "Actual Min Total Time": 3749.266, "Actual Max Total Time": 3749.266, "Index Cond": "(l_orderkey = orders.o_orderkey)", "Rows Removed by Index Recheck": 0, "Filter": "(l_commitdate < l_receiptdate)", "Rows Removed by Filter": 299676, "Actual Rows": 515106}], "Actual Rows": 515106}], "Actual Rows": 5}], "Actual Rows": 5}, "Triggers": [], "Planner Runtime": 0, "Total Runtime": 4753.599, "Unique SQL Id": 3745551476}}, "(16, 81)": {"explain_plan": {"Plan": {"Node Type": "Sort", "Startup Cost": 916688.59, "Total Cost": 916688.6, "Plan Rows": 1, "Plan Width": 24, "Sort Key": ["orders.o_orderpriority"], "Plans": [{"Node Type": "Aggregate", "Strategy": "Hashed", "Parent Relationship": "Outer", "Startup Cost": 916688.57, "Total Cost": 916688.58, "Plan Rows": 1, "Plan Width": 24, "Group By Key": ["orders.o_orderpriority"], "Plans": [{"Node Type": "Nested Loop", "Parent Relationship": "Outer", "Join Type": "Semi", "Startup Cost": 14564.7, "Total Cost": 913841.52, "Plan Rows": 569410, "Plan Width": 16, "Inner Unique": false, "Plans": [{"Node Type": "Bitmap Heap Scan", "Parent Relationship": "Outer", "Relation Name": "orders", "Alias": "orders", "Startup Cost": 14564.7, "Total Cost": 299524.85, "Plan Rows": 569410, "Plan Width": 24, "Recheck Cond": "((o_orderdate >= '1995-01-01 00:00:00'::timestamp(0) without time zone) AND (o_orderdate < '1995-04-01 00:00:00'::timestamp without time zone)), (LLVM Optimized)", "Plans": [{"Node Type": "Bitmap Index Scan", "Parent Relationship": "Outer", "Index Name": "idx_orders_orderdate", "Startup Cost": 0.0, "Total Cost": 14422.35, "Plan Rows": 569410, "Plan Width": 0, "Index Cond": "((o_orderdate >= '1995-01-01 00:00:00'::timestamp(0) without time zone) AND (o_orderdate < '1995-04-01 00:00:00'::timestamp without time zone))"}]}, {"Node Type": "Index Scan", "Parent Relationship": "Inner", "Scan Direction": "Forward", "Index Name": "idx_lineitem_orderkey", "Relation Name": "lineitem", "Alias": "lineitem", "Startup Cost": 0.0, "Total Cost": 5.41, "Plan Rows": 3, "Plan Width": 8, "Index Cond": "(l_orderkey = orders.o_orderkey)", "Filter": "(l_commitdate < l_receiptdate)"}]}]}]}, "Unique SQL Id": 3745551476, "Planner Runtime": 0}, "explain_analyze_plan": {"Plan": {"Node Type": "Sort", "Startup Cost": 916688.59, "Total Cost": 916688.6, "Plan Rows": 1, "Plan Width": 24, "Actual Startup Time": 5413.801, "Actual Total Time": 5413.802, "Actual Rows": 5, "Actual Loops": 1, "Sort Key": ["orders.o_orderpriority"], "Sort Method": "quicksort", "Sort Space Used": 25, "Sort Space Type": "Memory", "Plans": [{"Node Type": "Aggregate", "Strategy": "Hashed", "Parent Relationship": "Outer", "Startup Cost": 916688.57, "Total Cost": 916688.58, "Plan Rows": 1, "Plan Width": 24, "Actual Startup Time": 5413.754, "Actual Total Time": 5413.756, "Actual Rows": 5, "Actual Loops": 1, "Group By Key": ["orders.o_orderpriority"], "Plans": [{"Node Type": "Nested Loop", "Parent Relationship": "Outer", "Join Type": "Semi", "Startup Cost": 14564.7, "Total Cost": 913841.52, "Plan Rows": 569410, "Plan Width": 16, "Actual Startup Time": 248.12, "Actual Total Time": 5129.668, "Actual Rows": 515106, "Actual Loops": 1, "Inner Unique": false, "Plans": [{"Node Type": "Bitmap Heap Scan", "Parent Relationship": "Outer", "Relation Name": "orders", "Alias": "orders", "Startup Cost": 14564.7, "Total Cost": 299524.85, "Plan Rows": 569410, "Plan Width": 24, "Actual Startup Time": 248.035, "Actual Total Time": 1102.757, "Actual Rows": 561612, "Actual Loops": 1, "Recheck Cond": "((o_orderdate >= '1995-01-01 00:00:00'::timestamp(0) without time zone) AND (o_orderdate < '1995-04-01 00:00:00'::timestamp without time zone)), (LLVM Optimized, Jit Execute)", "Rows Removed by Index Recheck": 0, "Exact Heap Blocks": 241676, "Lossy Heap Blocks": 241676, "Plans": [{"Node Type": "Bitmap Index Scan", "Parent Relationship": "Outer", "Index Name": "idx_orders_orderdate", "Startup Cost": 0.0, "Total Cost": 14422.35, "Plan Rows": 569410, "Plan Width": 0, "Actual Startup Time": 173.006, "Actual Total Time": 173.006, "Actual Rows": 561612, "Actual Loops": 1, "Index Cond": "((o_orderdate >= '1995-01-01 00:00:00'::timestamp(0) without time zone) AND (o_orderdate < '1995-04-01 00:00:00'::timestamp without time zone))"}]}, {"Node Type": "Index Scan", "Parent Relationship": "Inner", "Scan Direction": "Forward", "Index Name": "idx_lineitem_orderkey", "Relation Name": "lineitem", "Alias": "lineitem", "Startup Cost": 0.0, "Total Cost": 5.41, "Plan Rows": 3, "Plan Width": 8, "Actual Startup Time": 3608.892, "Actual Total Time": 3608.892, "Actual Rows": 515106, "Actual Loops": 561612, "Index Cond": "(l_orderkey = orders.o_orderkey)", "Rows Removed by Index Recheck": 0, "Filter": "(l_commitdate < l_receiptdate)", "Rows Removed by Filter": 299676}]}]}]}, "Triggers": [], "Planner Runtime": 0, "Total Runtime": 5423.336, "Unique SQL Id": 3745551476}}, "(16, 82)": {"explain_plan": {"Plan": {"Node Type": "Sort", "Startup Cost": 2540744.73, "Total Cost": 2540744.73, "Plan Rows": 1, "Plan Width": 24, "Sort Key": ["orders.o_orderpriority"], "Plans": [{"Node Type": "Aggregate", "Strategy": "Hashed", "Parent Relationship": "Outer", "Startup Cost": 2540744.71, "Total Cost": 2540744.72, "Plan Rows": 1, "Plan Width": 24, "Group By Key": ["orders.o_orderpriority"], "Plans": [{"Node Type": "Nested Loop", "Parent Relationship": "Outer", "Join Type": "Semi", "Startup Cost": 39.7, "Total Cost": 2537897.66, "Plan Rows": 569410, "Plan Width": 16, "Inner Unique": false, "Plans": [{"Node Type": "Streaming(type: LOCAL GATHER dop: 1/16)", "Parent Relationship": "Outer", "Startup Cost": 37.76, "Total Cost": 58627.22, "Plan Rows": 569410, "Plan Width": 24, "Plans": [{"Node Type": "Seq Scan", "Parent Relationship": "Outer", "Relation Name": "orders", "Alias": "orders", "Startup Cost": 37.76, "Total Cost": 46338.2, "Plan Rows": 569410, "Plan Width": 24, "Filter": "((o_orderdate >= '1995-01-01 00:00:00'::timestamp(0) without time zone) AND (o_orderdate < '1995-04-01 00:00:00'::timestamp without time zone)), (LLVM Optimized)"}]}, {"Node Type": "Bitmap Heap Scan", "Parent Relationship": "Inner", "Relation Name": "lineitem", "Alias": "lineitem", "Startup Cost": 1.94, "Total Cost": 14.06, "Plan Rows": 3, "Plan Width": 8, "Recheck Cond": "(l_orderkey = orders.o_orderkey)", "Filter": "(l_commitdate < l_receiptdate)", "Plans": [{"Node Type": "Bitmap Index Scan", "Parent Relationship": "Outer", "Index Name": "idx_lineitem_orderkey", "Startup Cost": 0.0, "Total Cost": 1.94, "Plan Rows": 9, "Plan Width": 0, "Index Cond": "(l_orderkey = orders.o_orderkey)"}]}]}]}]}, "Unique SQL Id": 3745551476, "Planner Runtime": 0}, "explain_analyze_plan": {"Plan": {"Node Type": "Sort", "Startup Cost": 2540744.73, "Total Cost": 2540744.73, "Plan Rows": 1, "Plan Width": 24, "Actual Min Startup Time": 6259.877, "Actual Max Startup Time": 6259.877, "Actual Min Total Time": 6259.878, "Actual Max Total Time": 6259.878, "Sort Key": ["orders.o_orderpriority"], "Sort Method": "quicksort", "Sort Space Min Used": 25, "Sort Space Max Used": 25, "Sort Space Type": "Memory", "Plans": [{"Node Type": "Aggregate", "Strategy": "Hashed", "Parent Relationship": "Outer", "Startup Cost": 2540744.71, "Total Cost": 2540744.72, "Plan Rows": 1, "Plan Width": 24, "Actual Min Startup Time": 6259.828, "Actual Max Startup Time": 6259.828, "Actual Min Total Time": 6259.83, "Actual Max Total Time": 6259.83, "Group By Key": ["orders.o_orderpriority"], "Plans": [{"Node Type": "Nested Loop", "Parent Relationship": "Outer", "Join Type": "Semi", "Startup Cost": 39.7, "Total Cost": 2537897.66, "Plan Rows": 569410, "Plan Width": 16, "Actual Min Startup Time": 46.355, "Actual Max Startup Time": 46.355, "Actual Min Total Time": 5969.431, "Actual Max Total Time": 5969.431, "Inner Unique": false, "Plans": [{"Node Type": "Streaming(type: LOCAL GATHER dop: 1/16)", "Parent Relationship": "Outer", "Startup Cost": 37.76, "Total Cost": 58627.22, "Plan Rows": 569410, "Plan Width": 24, "Actual Min Startup Time": 46.273, "Actual Max Startup Time": 46.273, "Actual Min Total Time": 235.505, "Actual Max Total Time": 235.505, "Plans": [{"Node Type": "Seq Scan", "Parent Relationship": "Outer", "Relation Name": "orders", "Alias": "orders", "Startup Cost": 37.76, "Total Cost": 46338.2, "Plan Rows": 569410, "Plan Width": 24, "Actual Min Startup Time": 0.032, "Actual Max Startup Time": 0.045, "Actual Min Total Time": 321.414, "Actual Max Total Time": 338.341, "Filter": "((o_orderdate >= '1995-01-01 00:00:00'::timestamp(0) without time zone) AND (o_orderdate < '1995-04-01 00:00:00'::timestamp without time zone)), (LLVM Optimized, Jit Execute)", "Rows Removed by Filter": 14438388, "Actual Rows": 561612}], "Actual Rows": 561612}, {"Node Type": "Bitmap Heap Scan", "Parent Relationship": "Inner", "Relation Name": "lineitem", "Alias": "lineitem", "Startup Cost": 1.94, "Total Cost": 14.06, "Plan Rows": 3, "Plan Width": 8, "Actual Min Startup Time": 4979.243, "Actual Max Startup Time": 4979.243, "Actual Min Total Time": 4979.243, "Actual Max Total Time": 4979.243, "Recheck Cond": "(l_orderkey = orders.o_orderkey)", "Rows Removed by Index Recheck": 0, "Filter": "(l_commitdate < l_receiptdate)", "Rows Removed by Filter": 299676, "Exact Heap Blocks": 567798, "Lossy Heap Blocks": 567798, "Plans": [{"Node Type": "Bitmap Index Scan", "Parent Relationship": "Outer", "Index Name": "idx_lineitem_orderkey", "Startup Cost": 0.0, "Total Cost": 1.94, "Plan Rows": 9, "Plan Width": 0, "Actual Min Startup Time": 2480.011, "Actual Max Startup Time": 2480.011, "Actual Min Total Time": 2480.011, "Actual Max Total Time": 2480.011, "Index Cond": "(l_orderkey = orders.o_orderkey)", "Actual Rows": 2246588}], "Actual Rows": 515106}], "Actual Rows": 515106}], "Actual Rows": 5}], "Actual Rows": 5}, "Triggers": [], "Planner Runtime": 0, "Total Runtime": 6277.248, "Unique SQL Id": 3745551476}}, "(16, 83)": {"explain_plan": {"Plan": {"Node Type": "Sort", "Startup Cost": 2781642.36, "Total Cost": 2781642.36, "Plan Rows": 1, "Plan Width": 24, "Sort Key": ["orders.o_orderpriority"], "Plans": [{"Node Type": "Aggregate", "Strategy": "Hashed", "Parent Relationship": "Outer", "Startup Cost": 2781642.34, "Total Cost": 2781642.35, "Plan Rows": 1, "Plan Width": 24, "Group By Key": ["orders.o_orderpriority"], "Plans": [{"Node Type": "Nested Loop", "Parent Relationship": "Outer", "Join Type": "Semi", "Startup Cost": 14566.65, "Total Cost": 2778795.29, "Plan Rows": 569410, "Plan Width": 16, "Inner Unique": false, "Plans": [{"Node Type": "Bitmap Heap Scan", "Parent Relationship": "Outer", "Relation Name": "orders", "Alias": "orders", "Startup Cost": 14564.7, "Total Cost": 299524.85, "Plan Rows": 569410, "Plan Width": 24, "Recheck Cond": "((o_orderdate >= '1995-01-01 00:00:00'::timestamp(0) without time zone) AND (o_orderdate < '1995-04-01 00:00:00'::timestamp without time zone)), (LLVM Optimized)", "Plans": [{"Node Type": "Bitmap Index Scan", "Parent Relationship": "Outer", "Index Name": "idx_orders_orderdate", "Startup Cost": 0.0, "Total Cost": 14422.35, "Plan Rows": 569410, "Plan Width": 0, "Index Cond": "((o_orderdate >= '1995-01-01 00:00:00'::timestamp(0) without time zone) AND (o_orderdate < '1995-04-01 00:00:00'::timestamp without time zone))"}]}, {"Node Type": "Bitmap Heap Scan", "Parent Relationship": "Inner", "Relation Name": "lineitem", "Alias": "lineitem", "Startup Cost": 1.94, "Total Cost": 14.06, "Plan Rows": 3, "Plan Width": 8, "Recheck Cond": "(l_orderkey = orders.o_orderkey)", "Filter": "(l_commitdate < l_receiptdate)", "Plans": [{"Node Type": "Bitmap Index Scan", "Parent Relationship": "Outer", "Index Name": "idx_lineitem_orderkey", "Startup Cost": 0.0, "Total Cost": 1.94, "Plan Rows": 9, "Plan Width": 0, "Index Cond": "(l_orderkey = orders.o_orderkey)"}]}]}]}]}, "Unique SQL Id": 3745551476, "Planner Runtime": 0}, "explain_analyze_plan": {"Plan": {"Node Type": "Sort", "Startup Cost": 2781642.36, "Total Cost": 2781642.36, "Plan Rows": 1, "Plan Width": 24, "Actual Startup Time": 6919.311, "Actual Total Time": 6919.311, "Actual Rows": 5, "Actual Loops": 1, "Sort Key": ["orders.o_orderpriority"], "Sort Method": "quicksort", "Sort Space Used": 25, "Sort Space Type": "Memory", "Plans": [{"Node Type": "Aggregate", "Strategy": "Hashed", "Parent Relationship": "Outer", "Startup Cost": 2781642.34, "Total Cost": 2781642.35, "Plan Rows": 1, "Plan Width": 24, "Actual Startup Time": 6919.164, "Actual Total Time": 6919.179, "Actual Rows": 5, "Actual Loops": 1, "Group By Key": ["orders.o_orderpriority"], "Plans": [{"Node Type": "Nested Loop", "Parent Relationship": "Outer", "Join Type": "Semi", "Startup Cost": 14566.65, "Total Cost": 2778795.29, "Plan Rows": 569410, "Plan Width": 16, "Actual Startup Time": 240.267, "Actual Total Time": 6616.613, "Actual Rows": 515106, "Actual Loops": 1, "Inner Unique": false, "Plans": [{"Node Type": "Bitmap Heap Scan", "Parent Relationship": "Outer", "Relation Name": "orders", "Alias": "orders", "Startup Cost": 14564.7, "Total Cost": 299524.85, "Plan Rows": 569410, "Plan Width": 24, "Actual Startup Time": 240.164, "Actual Total Time": 1053.131, "Actual Rows": 561612, "Actual Loops": 1, "Recheck Cond": "((o_orderdate >= '1995-01-01 00:00:00'::timestamp(0) without time zone) AND (o_orderdate < '1995-04-01 00:00:00'::timestamp without time zone)), (LLVM Optimized, Jit Execute)", "Rows Removed by Index Recheck": 0, "Exact Heap Blocks": 241676, "Lossy Heap Blocks": 241676, "Plans": [{"Node Type": "Bitmap Index Scan", "Parent Relationship": "Outer", "Index Name": "idx_orders_orderdate", "Startup Cost": 0.0, "Total Cost": 14422.35, "Plan Rows": 569410, "Plan Width": 0, "Actual Startup Time": 164.521, "Actual Total Time": 164.521, "Actual Rows": 561612, "Actual Loops": 1, "Index Cond": "((o_orderdate >= '1995-01-01 00:00:00'::timestamp(0) without time zone) AND (o_orderdate < '1995-04-01 00:00:00'::timestamp without time zone))"}]}, {"Node Type": "Bitmap Heap Scan", "Parent Relationship": "Inner", "Relation Name": "lineitem", "Alias": "lineitem", "Startup Cost": 1.94, "Total Cost": 14.06, "Plan Rows": 3, "Plan Width": 8, "Actual Startup Time": 4815.896, "Actual Total Time": 4815.896, "Actual Rows": 515106, "Actual Loops": 561612, "Recheck Cond": "(l_orderkey = orders.o_orderkey)", "Rows Removed by Index Recheck": 0, "Filter": "(l_commitdate < l_receiptdate)", "Rows Removed by Filter": 299676, "Exact Heap Blocks": 567798, "Lossy Heap Blocks": 567798, "Plans": [{"Node Type": "Bitmap Index Scan", "Parent Relationship": "Outer", "Index Name": "idx_lineitem_orderkey", "Startup Cost": 0.0, "Total Cost": 1.94, "Plan Rows": 9, "Plan Width": 0, "Actual Startup Time": 2461.174, "Actual Total Time": 2461.174, "Actual Rows": 2246588, "Actual Loops": 561612, "Index Cond": "(l_orderkey = orders.o_orderkey)"}]}]}]}]}, "Triggers": [], "Planner Runtime": 0, "Total Runtime": 6932.479, "Unique SQL Id": 3745551476}}, "(16, 84)": {"explain_plan": {"Plan": {"Node Type": "Sort", "Startup Cost": 675790.96, "Total Cost": 675790.97, "Plan Rows": 1, "Plan Width": 24, "Sort Key": ["orders.o_orderpriority"], "Plans": [{"Node Type": "Aggregate", "Strategy": "Hashed", "Parent Relationship": "Outer", "Startup Cost": 675790.94, "Total Cost": 675790.95, "Plan Rows": 1, "Plan Width": 24, "Group By Key": ["orders.o_orderpriority"], "Plans": [{"Node Type": "Nested Loop", "Parent Relationship": "Outer", "Join Type": "Semi", "Startup Cost": 37.76, "Total Cost": 672943.89, "Plan Rows": 569410, "Plan Width": 16, "Inner Unique": false, "Plans": [{"Node Type": "Streaming(type: LOCAL GATHER dop: 1/16)", "Parent Relationship": "Outer", "Startup Cost": 37.76, "Total Cost": 58627.22, "Plan Rows": 569410, "Plan Width": 24, "Plans": [{"Node Type": "Seq Scan", "Parent Relationship": "Outer", "Relation Name": "orders", "Alias": "orders", "Startup Cost": 37.76, "Total Cost": 46338.2, "Plan Rows": 569410, "Plan Width": 24, "Filter": "((o_orderdate >= '1995-01-01 00:00:00'::timestamp(0) without time zone) AND (o_orderdate < '1995-04-01 00:00:00'::timestamp without time zone)), (LLVM Optimized)"}]}, {"Node Type": "Index Scan", "Parent Relationship": "Inner", "Scan Direction": "Forward", "Index Name": "idx_lineitem_orderkey", "Relation Name": "lineitem", "Alias": "lineitem", "Startup Cost": 0.0, "Total Cost": 5.41, "Plan Rows": 3, "Plan Width": 8, "Index Cond": "(l_orderkey = orders.o_orderkey)", "Filter": "(l_commitdate < l_receiptdate)"}]}]}]}, "Unique SQL Id": 3745551476, "Planner Runtime": 0}, "explain_analyze_plan": {"Plan": {"Node Type": "Sort", "Startup Cost": 675790.96, "Total Cost": 675790.97, "Plan Rows": 1, "Plan Width": 24, "Actual Min Startup Time": 4741.516, "Actual Max Startup Time": 4741.516, "Actual Min Total Time": 4741.516, "Actual Max Total Time": 4741.516, "Sort Key": ["orders.o_orderpriority"], "Sort Method": "quicksort", "Sort Space Min Used": 25, "Sort Space Max Used": 25, "Sort Space Type": "Memory", "Plans": [{"Node Type": "Aggregate", "Strategy": "Hashed", "Parent Relationship": "Outer", "Startup Cost": 675790.94, "Total Cost": 675790.95, "Plan Rows": 1, "Plan Width": 24, "Actual Min Startup Time": 4741.458, "Actual Max Startup Time": 4741.458, "Actual Min Total Time": 4741.46, "Actual Max Total Time": 4741.46, "Group By Key": ["orders.o_orderpriority"], "Plans": [{"Node Type": "Nested Loop", "Parent Relationship": "Outer", "Join Type": "Semi", "Startup Cost": 37.76, "Total Cost": 672943.89, "Plan Rows": 569410, "Plan Width": 16, "Actual Min Startup Time": 39.921, "Actual Max Startup Time": 39.921, "Actual Min Total Time": 4475.802, "Actual Max Total Time": 4475.802, "Inner Unique": false, "Plans": [{"Node Type": "Streaming(type: LOCAL GATHER dop: 1/16)", "Parent Relationship": "Outer", "Startup Cost": 37.76, "Total Cost": 58627.22, "Plan Rows": 569410, "Plan Width": 24, "Actual Min Startup Time": 39.854, "Actual Max Startup Time": 39.854, "Actual Min Total Time": 315.117, "Actual Max Total Time": 315.117, "Plans": [{"Node Type": "Seq Scan", "Parent Relationship": "Outer", "Relation Name": "orders", "Alias": "orders", "Startup Cost": 37.76, "Total Cost": 46338.2, "Plan Rows": 569410, "Plan Width": 24, "Actual Min Startup Time": 0.028, "Actual Max Startup Time": 0.055, "Actual Min Total Time": 314.933, "Actual Max Total Time": 338.721, "Filter": "((o_orderdate >= '1995-01-01 00:00:00'::timestamp(0) without time zone) AND (o_orderdate < '1995-04-01 00:00:00'::timestamp without time zone)), (LLVM Optimized, Jit Execute)", "Rows Removed by Filter": 14438388, "Actual Rows": 561612}], "Actual Rows": 561612}, {"Node Type": "Index Scan", "Parent Relationship": "Inner", "Scan Direction": "Forward", "Index Name": "idx_lineitem_orderkey", "Relation Name": "lineitem", "Alias": "lineitem", "Startup Cost": 0.0, "Total Cost": 5.41, "Plan Rows": 3, "Plan Width": 8, "Actual Min Startup Time": 3749.266, "Actual Max Startup Time": 3749.266, "Actual Min Total Time": 3749.266, "Actual Max Total Time": 3749.266, "Index Cond": "(l_orderkey = orders.o_orderkey)", "Rows Removed by Index Recheck": 0, "Filter": "(l_commitdate < l_receiptdate)", "Rows Removed by Filter": 299676, "Actual Rows": 515106}], "Actual Rows": 515106}], "Actual Rows": 5}], "Actual Rows": 5}, "Triggers": [], "Planner Runtime": 0, "Total Runtime": 4753.599, "Unique SQL Id": 3745551476}}, "(16, 85)": {"explain_plan": {"Plan": {"Node Type": "Sort", "Startup Cost": 916688.59, "Total Cost": 916688.6, "Plan Rows": 1, "Plan Width": 24, "Sort Key": ["orders.o_orderpriority"], "Plans": [{"Node Type": "Aggregate", "Strategy": "Hashed", "Parent Relationship": "Outer", "Startup Cost": 916688.57, "Total Cost": 916688.58, "Plan Rows": 1, "Plan Width": 24, "Group By Key": ["orders.o_orderpriority"], "Plans": [{"Node Type": "Nested Loop", "Parent Relationship": "Outer", "Join Type": "Semi", "Startup Cost": 14564.7, "Total Cost": 913841.52, "Plan Rows": 569410, "Plan Width": 16, "Inner Unique": false, "Plans": [{"Node Type": "Bitmap Heap Scan", "Parent Relationship": "Outer", "Relation Name": "orders", "Alias": "orders", "Startup Cost": 14564.7, "Total Cost": 299524.85, "Plan Rows": 569410, "Plan Width": 24, "Recheck Cond": "((o_orderdate >= '1995-01-01 00:00:00'::timestamp(0) without time zone) AND (o_orderdate < '1995-04-01 00:00:00'::timestamp without time zone)), (LLVM Optimized)", "Plans": [{"Node Type": "Bitmap Index Scan", "Parent Relationship": "Outer", "Index Name": "idx_orders_orderdate", "Startup Cost": 0.0, "Total Cost": 14422.35, "Plan Rows": 569410, "Plan Width": 0, "Index Cond": "((o_orderdate >= '1995-01-01 00:00:00'::timestamp(0) without time zone) AND (o_orderdate < '1995-04-01 00:00:00'::timestamp without time zone))"}]}, {"Node Type": "Index Scan", "Parent Relationship": "Inner", "Scan Direction": "Forward", "Index Name": "idx_lineitem_orderkey", "Relation Name": "lineitem", "Alias": "lineitem", "Startup Cost": 0.0, "Total Cost": 5.41, "Plan Rows": 3, "Plan Width": 8, "Index Cond": "(l_orderkey = orders.o_orderkey)", "Filter": "(l_commitdate < l_receiptdate)"}]}]}]}, "Unique SQL Id": 3745551476, "Planner Runtime": 0}, "explain_analyze_plan": {"Plan": {"Node Type": "Sort", "Startup Cost": 916688.59, "Total Cost": 916688.6, "Plan Rows": 1, "Plan Width": 24, "Actual Startup Time": 5413.801, "Actual Total Time": 5413.802, "Actual Rows": 5, "Actual Loops": 1, "Sort Key": ["orders.o_orderpriority"], "Sort Method": "quicksort", "Sort Space Used": 25, "Sort Space Type": "Memory", "Plans": [{"Node Type": "Aggregate", "Strategy": "Hashed", "Parent Relationship": "Outer", "Startup Cost": 916688.57, "Total Cost": 916688.58, "Plan Rows": 1, "Plan Width": 24, "Actual Startup Time": 5413.754, "Actual Total Time": 5413.756, "Actual Rows": 5, "Actual Loops": 1, "Group By Key": ["orders.o_orderpriority"], "Plans": [{"Node Type": "Nested Loop", "Parent Relationship": "Outer", "Join Type": "Semi", "Startup Cost": 14564.7, "Total Cost": 913841.52, "Plan Rows": 569410, "Plan Width": 16, "Actual Startup Time": 248.12, "Actual Total Time": 5129.668, "Actual Rows": 515106, "Actual Loops": 1, "Inner Unique": false, "Plans": [{"Node Type": "Bitmap Heap Scan", "Parent Relationship": "Outer", "Relation Name": "orders", "Alias": "orders", "Startup Cost": 14564.7, "Total Cost": 299524.85, "Plan Rows": 569410, "Plan Width": 24, "Actual Startup Time": 248.035, "Actual Total Time": 1102.757, "Actual Rows": 561612, "Actual Loops": 1, "Recheck Cond": "((o_orderdate >= '1995-01-01 00:00:00'::timestamp(0) without time zone) AND (o_orderdate < '1995-04-01 00:00:00'::timestamp without time zone)), (LLVM Optimized, Jit Execute)", "Rows Removed by Index Recheck": 0, "Exact Heap Blocks": 241676, "Lossy Heap Blocks": 241676, "Plans": [{"Node Type": "Bitmap Index Scan", "Parent Relationship": "Outer", "Index Name": "idx_orders_orderdate", "Startup Cost": 0.0, "Total Cost": 14422.35, "Plan Rows": 569410, "Plan Width": 0, "Actual Startup Time": 173.006, "Actual Total Time": 173.006, "Actual Rows": 561612, "Actual Loops": 1, "Index Cond": "((o_orderdate >= '1995-01-01 00:00:00'::timestamp(0) without time zone) AND (o_orderdate < '1995-04-01 00:00:00'::timestamp without time zone))"}]}, {"Node Type": "Index Scan", "Parent Relationship": "Inner", "Scan Direction": "Forward", "Index Name": "idx_lineitem_orderkey", "Relation Name": "lineitem", "Alias": "lineitem", "Startup Cost": 0.0, "Total Cost": 5.41, "Plan Rows": 3, "Plan Width": 8, "Actual Startup Time": 3608.892, "Actual Total Time": 3608.892, "Actual Rows": 515106, "Actual Loops": 561612, "Index Cond": "(l_orderkey = orders.o_orderkey)", "Rows Removed by Index Recheck": 0, "Filter": "(l_commitdate < l_receiptdate)", "Rows Removed by Filter": 299676}]}]}]}, "Triggers": [], "Planner Runtime": 0, "Total Runtime": 5423.336, "Unique SQL Id": 3745551476}}, "(16, 86)": {"explain_plan": {"Plan": {"Node Type": "Sort", "Startup Cost": 2540744.73, "Total Cost": 2540744.73, "Plan Rows": 1, "Plan Width": 24, "Sort Key": ["orders.o_orderpriority"], "Plans": [{"Node Type": "Aggregate", "Strategy": "Hashed", "Parent Relationship": "Outer", "Startup Cost": 2540744.71, "Total Cost": 2540744.72, "Plan Rows": 1, "Plan Width": 24, "Group By Key": ["orders.o_orderpriority"], "Plans": [{"Node Type": "Nested Loop", "Parent Relationship": "Outer", "Join Type": "Semi", "Startup Cost": 39.7, "Total Cost": 2537897.66, "Plan Rows": 569410, "Plan Width": 16, "Inner Unique": false, "Plans": [{"Node Type": "Streaming(type: LOCAL GATHER dop: 1/16)", "Parent Relationship": "Outer", "Startup Cost": 37.76, "Total Cost": 58627.22, "Plan Rows": 569410, "Plan Width": 24, "Plans": [{"Node Type": "Seq Scan", "Parent Relationship": "Outer", "Relation Name": "orders", "Alias": "orders", "Startup Cost": 37.76, "Total Cost": 46338.2, "Plan Rows": 569410, "Plan Width": 24, "Filter": "((o_orderdate >= '1995-01-01 00:00:00'::timestamp(0) without time zone) AND (o_orderdate < '1995-04-01 00:00:00'::timestamp without time zone)), (LLVM Optimized)"}]}, {"Node Type": "Bitmap Heap Scan", "Parent Relationship": "Inner", "Relation Name": "lineitem", "Alias": "lineitem", "Startup Cost": 1.94, "Total Cost": 14.06, "Plan Rows": 3, "Plan Width": 8, "Recheck Cond": "(l_orderkey = orders.o_orderkey)", "Filter": "(l_commitdate < l_receiptdate)", "Plans": [{"Node Type": "Bitmap Index Scan", "Parent Relationship": "Outer", "Index Name": "idx_lineitem_orderkey", "Startup Cost": 0.0, "Total Cost": 1.94, "Plan Rows": 9, "Plan Width": 0, "Index Cond": "(l_orderkey = orders.o_orderkey)"}]}]}]}]}, "Unique SQL Id": 3745551476, "Planner Runtime": 0}, "explain_analyze_plan": {"Plan": {"Node Type": "Sort", "Startup Cost": 2540744.73, "Total Cost": 2540744.73, "Plan Rows": 1, "Plan Width": 24, "Actual Min Startup Time": 6259.877, "Actual Max Startup Time": 6259.877, "Actual Min Total Time": 6259.878, "Actual Max Total Time": 6259.878, "Sort Key": ["orders.o_orderpriority"], "Sort Method": "quicksort", "Sort Space Min Used": 25, "Sort Space Max Used": 25, "Sort Space Type": "Memory", "Plans": [{"Node Type": "Aggregate", "Strategy": "Hashed", "Parent Relationship": "Outer", "Startup Cost": 2540744.71, "Total Cost": 2540744.72, "Plan Rows": 1, "Plan Width": 24, "Actual Min Startup Time": 6259.828, "Actual Max Startup Time": 6259.828, "Actual Min Total Time": 6259.83, "Actual Max Total Time": 6259.83, "Group By Key": ["orders.o_orderpriority"], "Plans": [{"Node Type": "Nested Loop", "Parent Relationship": "Outer", "Join Type": "Semi", "Startup Cost": 39.7, "Total Cost": 2537897.66, "Plan Rows": 569410, "Plan Width": 16, "Actual Min Startup Time": 46.355, "Actual Max Startup Time": 46.355, "Actual Min Total Time": 5969.431, "Actual Max Total Time": 5969.431, "Inner Unique": false, "Plans": [{"Node Type": "Streaming(type: LOCAL GATHER dop: 1/16)", "Parent Relationship": "Outer", "Startup Cost": 37.76, "Total Cost": 58627.22, "Plan Rows": 569410, "Plan Width": 24, "Actual Min Startup Time": 46.273, "Actual Max Startup Time": 46.273, "Actual Min Total Time": 235.505, "Actual Max Total Time": 235.505, "Plans": [{"Node Type": "Seq Scan", "Parent Relationship": "Outer", "Relation Name": "orders", "Alias": "orders", "Startup Cost": 37.76, "Total Cost": 46338.2, "Plan Rows": 569410, "Plan Width": 24, "Actual Min Startup Time": 0.032, "Actual Max Startup Time": 0.045, "Actual Min Total Time": 321.414, "Actual Max Total Time": 338.341, "Filter": "((o_orderdate >= '1995-01-01 00:00:00'::timestamp(0) without time zone) AND (o_orderdate < '1995-04-01 00:00:00'::timestamp without time zone)), (LLVM Optimized, Jit Execute)", "Rows Removed by Filter": 14438388, "Actual Rows": 561612}], "Actual Rows": 561612}, {"Node Type": "Bitmap Heap Scan", "Parent Relationship": "Inner", "Relation Name": "lineitem", "Alias": "lineitem", "Startup Cost": 1.94, "Total Cost": 14.06, "Plan Rows": 3, "Plan Width": 8, "Actual Min Startup Time": 4979.243, "Actual Max Startup Time": 4979.243, "Actual Min Total Time": 4979.243, "Actual Max Total Time": 4979.243, "Recheck Cond": "(l_orderkey = orders.o_orderkey)", "Rows Removed by Index Recheck": 0, "Filter": "(l_commitdate < l_receiptdate)", "Rows Removed by Filter": 299676, "Exact Heap Blocks": 567798, "Lossy Heap Blocks": 567798, "Plans": [{"Node Type": "Bitmap Index Scan", "Parent Relationship": "Outer", "Index Name": "idx_lineitem_orderkey", "Startup Cost": 0.0, "Total Cost": 1.94, "Plan Rows": 9, "Plan Width": 0, "Actual Min Startup Time": 2480.011, "Actual Max Startup Time": 2480.011, "Actual Min Total Time": 2480.011, "Actual Max Total Time": 2480.011, "Index Cond": "(l_orderkey = orders.o_orderkey)", "Actual Rows": 2246588}], "Actual Rows": 515106}], "Actual Rows": 515106}], "Actual Rows": 5}], "Actual Rows": 5}, "Triggers": [], "Planner Runtime": 0, "Total Runtime": 6277.248, "Unique SQL Id": 3745551476}}, "(16, 87)": {"explain_plan": {"Plan": {"Node Type": "Sort", "Startup Cost": 2781642.36, "Total Cost": 2781642.36, "Plan Rows": 1, "Plan Width": 24, "Sort Key": ["orders.o_orderpriority"], "Plans": [{"Node Type": "Aggregate", "Strategy": "Hashed", "Parent Relationship": "Outer", "Startup Cost": 2781642.34, "Total Cost": 2781642.35, "Plan Rows": 1, "Plan Width": 24, "Group By Key": ["orders.o_orderpriority"], "Plans": [{"Node Type": "Nested Loop", "Parent Relationship": "Outer", "Join Type": "Semi", "Startup Cost": 14566.65, "Total Cost": 2778795.29, "Plan Rows": 569410, "Plan Width": 16, "Inner Unique": false, "Plans": [{"Node Type": "Bitmap Heap Scan", "Parent Relationship": "Outer", "Relation Name": "orders", "Alias": "orders", "Startup Cost": 14564.7, "Total Cost": 299524.85, "Plan Rows": 569410, "Plan Width": 24, "Recheck Cond": "((o_orderdate >= '1995-01-01 00:00:00'::timestamp(0) without time zone) AND (o_orderdate < '1995-04-01 00:00:00'::timestamp without time zone)), (LLVM Optimized)", "Plans": [{"Node Type": "Bitmap Index Scan", "Parent Relationship": "Outer", "Index Name": "idx_orders_orderdate", "Startup Cost": 0.0, "Total Cost": 14422.35, "Plan Rows": 569410, "Plan Width": 0, "Index Cond": "((o_orderdate >= '1995-01-01 00:00:00'::timestamp(0) without time zone) AND (o_orderdate < '1995-04-01 00:00:00'::timestamp without time zone))"}]}, {"Node Type": "Bitmap Heap Scan", "Parent Relationship": "Inner", "Relation Name": "lineitem", "Alias": "lineitem", "Startup Cost": 1.94, "Total Cost": 14.06, "Plan Rows": 3, "Plan Width": 8, "Recheck Cond": "(l_orderkey = orders.o_orderkey)", "Filter": "(l_commitdate < l_receiptdate)", "Plans": [{"Node Type": "Bitmap Index Scan", "Parent Relationship": "Outer", "Index Name": "idx_lineitem_orderkey", "Startup Cost": 0.0, "Total Cost": 1.94, "Plan Rows": 9, "Plan Width": 0, "Index Cond": "(l_orderkey = orders.o_orderkey)"}]}]}]}]}, "Unique SQL Id": 3745551476, "Planner Runtime": 0}, "explain_analyze_plan": {"Plan": {"Node Type": "Sort", "Startup Cost": 2781642.36, "Total Cost": 2781642.36, "Plan Rows": 1, "Plan Width": 24, "Actual Startup Time": 6919.311, "Actual Total Time": 6919.311, "Actual Rows": 5, "Actual Loops": 1, "Sort Key": ["orders.o_orderpriority"], "Sort Method": "quicksort", "Sort Space Used": 25, "Sort Space Type": "Memory", "Plans": [{"Node Type": "Aggregate", "Strategy": "Hashed", "Parent Relationship": "Outer", "Startup Cost": 2781642.34, "Total Cost": 2781642.35, "Plan Rows": 1, "Plan Width": 24, "Actual Startup Time": 6919.164, "Actual Total Time": 6919.179, "Actual Rows": 5, "Actual Loops": 1, "Group By Key": ["orders.o_orderpriority"], "Plans": [{"Node Type": "Nested Loop", "Parent Relationship": "Outer", "Join Type": "Semi", "Startup Cost": 14566.65, "Total Cost": 2778795.29, "Plan Rows": 569410, "Plan Width": 16, "Actual Startup Time": 240.267, "Actual Total Time": 6616.613, "Actual Rows": 515106, "Actual Loops": 1, "Inner Unique": false, "Plans": [{"Node Type": "Bitmap Heap Scan", "Parent Relationship": "Outer", "Relation Name": "orders", "Alias": "orders", "Startup Cost": 14564.7, "Total Cost": 299524.85, "Plan Rows": 569410, "Plan Width": 24, "Actual Startup Time": 240.164, "Actual Total Time": 1053.131, "Actual Rows": 561612, "Actual Loops": 1, "Recheck Cond": "((o_orderdate >= '1995-01-01 00:00:00'::timestamp(0) without time zone) AND (o_orderdate < '1995-04-01 00:00:00'::timestamp without time zone)), (LLVM Optimized, Jit Execute)", "Rows Removed by Index Recheck": 0, "Exact Heap Blocks": 241676, "Lossy Heap Blocks": 241676, "Plans": [{"Node Type": "Bitmap Index Scan", "Parent Relationship": "Outer", "Index Name": "idx_orders_orderdate", "Startup Cost": 0.0, "Total Cost": 14422.35, "Plan Rows": 569410, "Plan Width": 0, "Actual Startup Time": 164.521, "Actual Total Time": 164.521, "Actual Rows": 561612, "Actual Loops": 1, "Index Cond": "((o_orderdate >= '1995-01-01 00:00:00'::timestamp(0) without time zone) AND (o_orderdate < '1995-04-01 00:00:00'::timestamp without time zone))"}]}, {"Node Type": "Bitmap Heap Scan", "Parent Relationship": "Inner", "Relation Name": "lineitem", "Alias": "lineitem", "Startup Cost": 1.94, "Total Cost": 14.06, "Plan Rows": 3, "Plan Width": 8, "Actual Startup Time": 4815.896, "Actual Total Time": 4815.896, "Actual Rows": 515106, "Actual Loops": 561612, "Recheck Cond": "(l_orderkey = orders.o_orderkey)", "Rows Removed by Index Recheck": 0, "Filter": "(l_commitdate < l_receiptdate)", "Rows Removed by Filter": 299676, "Exact Heap Blocks": 567798, "Lossy Heap Blocks": 567798, "Plans": [{"Node Type": "Bitmap Index Scan", "Parent Relationship": "Outer", "Index Name": "idx_lineitem_orderkey", "Startup Cost": 0.0, "Total Cost": 1.94, "Plan Rows": 9, "Plan Width": 0, "Actual Startup Time": 2461.174, "Actual Total Time": 2461.174, "Actual Rows": 2246588, "Actual Loops": 561612, "Index Cond": "(l_orderkey = orders.o_orderkey)"}]}]}]}]}, "Triggers": [], "Planner Runtime": 0, "Total Runtime": 6932.479, "Unique SQL Id": 3745551476}}, "(16, 88)": {"explain_plan": {"Plan": {"Node Type": "Sort", "Startup Cost": 675790.96, "Total Cost": 675790.97, "Plan Rows": 1, "Plan Width": 24, "Sort Key": ["orders.o_orderpriority"], "Plans": [{"Node Type": "Aggregate", "Strategy": "Hashed", "Parent Relationship": "Outer", "Startup Cost": 675790.94, "Total Cost": 675790.95, "Plan Rows": 1, "Plan Width": 24, "Group By Key": ["orders.o_orderpriority"], "Plans": [{"Node Type": "Nested Loop", "Parent Relationship": "Outer", "Join Type": "Semi", "Startup Cost": 37.76, "Total Cost": 672943.89, "Plan Rows": 569410, "Plan Width": 16, "Inner Unique": false, "Plans": [{"Node Type": "Streaming(type: LOCAL GATHER dop: 1/16)", "Parent Relationship": "Outer", "Startup Cost": 37.76, "Total Cost": 58627.22, "Plan Rows": 569410, "Plan Width": 24, "Plans": [{"Node Type": "Seq Scan", "Parent Relationship": "Outer", "Relation Name": "orders", "Alias": "orders", "Startup Cost": 37.76, "Total Cost": 46338.2, "Plan Rows": 569410, "Plan Width": 24, "Filter": "((o_orderdate >= '1995-01-01 00:00:00'::timestamp(0) without time zone) AND (o_orderdate < '1995-04-01 00:00:00'::timestamp without time zone)), (LLVM Optimized)"}]}, {"Node Type": "Index Scan", "Parent Relationship": "Inner", "Scan Direction": "Forward", "Index Name": "idx_lineitem_orderkey", "Relation Name": "lineitem", "Alias": "lineitem", "Startup Cost": 0.0, "Total Cost": 5.41, "Plan Rows": 3, "Plan Width": 8, "Index Cond": "(l_orderkey = orders.o_orderkey)", "Filter": "(l_commitdate < l_receiptdate)"}]}]}]}, "Unique SQL Id": 3745551476, "Planner Runtime": 0}, "explain_analyze_plan": {"Plan": {"Node Type": "Sort", "Startup Cost": 675790.96, "Total Cost": 675790.97, "Plan Rows": 1, "Plan Width": 24, "Actual Min Startup Time": 4741.516, "Actual Max Startup Time": 4741.516, "Actual Min Total Time": 4741.516, "Actual Max Total Time": 4741.516, "Sort Key": ["orders.o_orderpriority"], "Sort Method": "quicksort", "Sort Space Min Used": 25, "Sort Space Max Used": 25, "Sort Space Type": "Memory", "Plans": [{"Node Type": "Aggregate", "Strategy": "Hashed", "Parent Relationship": "Outer", "Startup Cost": 675790.94, "Total Cost": 675790.95, "Plan Rows": 1, "Plan Width": 24, "Actual Min Startup Time": 4741.458, "Actual Max Startup Time": 4741.458, "Actual Min Total Time": 4741.46, "Actual Max Total Time": 4741.46, "Group By Key": ["orders.o_orderpriority"], "Plans": [{"Node Type": "Nested Loop", "Parent Relationship": "Outer", "Join Type": "Semi", "Startup Cost": 37.76, "Total Cost": 672943.89, "Plan Rows": 569410, "Plan Width": 16, "Actual Min Startup Time": 39.921, "Actual Max Startup Time": 39.921, "Actual Min Total Time": 4475.802, "Actual Max Total Time": 4475.802, "Inner Unique": false, "Plans": [{"Node Type": "Streaming(type: LOCAL GATHER dop: 1/16)", "Parent Relationship": "Outer", "Startup Cost": 37.76, "Total Cost": 58627.22, "Plan Rows": 569410, "Plan Width": 24, "Actual Min Startup Time": 39.854, "Actual Max Startup Time": 39.854, "Actual Min Total Time": 315.117, "Actual Max Total Time": 315.117, "Plans": [{"Node Type": "Seq Scan", "Parent Relationship": "Outer", "Relation Name": "orders", "Alias": "orders", "Startup Cost": 37.76, "Total Cost": 46338.2, "Plan Rows": 569410, "Plan Width": 24, "Actual Min Startup Time": 0.028, "Actual Max Startup Time": 0.055, "Actual Min Total Time": 314.933, "Actual Max Total Time": 338.721, "Filter": "((o_orderdate >= '1995-01-01 00:00:00'::timestamp(0) without time zone) AND (o_orderdate < '1995-04-01 00:00:00'::timestamp without time zone)), (LLVM Optimized, Jit Execute)", "Rows Removed by Filter": 14438388, "Actual Rows": 561612}], "Actual Rows": 561612}, {"Node Type": "Index Scan", "Parent Relationship": "Inner", "Scan Direction": "Forward", "Index Name": "idx_lineitem_orderkey", "Relation Name": "lineitem", "Alias": "lineitem", "Startup Cost": 0.0, "Total Cost": 5.41, "Plan Rows": 3, "Plan Width": 8, "Actual Min Startup Time": 3749.266, "Actual Max Startup Time": 3749.266, "Actual Min Total Time": 3749.266, "Actual Max Total Time": 3749.266, "Index Cond": "(l_orderkey = orders.o_orderkey)", "Rows Removed by Index Recheck": 0, "Filter": "(l_commitdate < l_receiptdate)", "Rows Removed by Filter": 299676, "Actual Rows": 515106}], "Actual Rows": 515106}], "Actual Rows": 5}], "Actual Rows": 5}, "Triggers": [], "Planner Runtime": 0, "Total Runtime": 4753.599, "Unique SQL Id": 3745551476}}, "(16, 89)": {"explain_plan": {"Plan": {"Node Type": "Sort", "Startup Cost": 1239498.42, "Total Cost": 1239498.42, "Plan Rows": 1, "Plan Width": 24, "Sort Key": ["orders.o_orderpriority"], "Plans": [{"Node Type": "Aggregate", "Strategy": "Hashed", "Parent Relationship": "Outer", "Startup Cost": 1239498.4, "Total Cost": 1239498.41, "Plan Rows": 1, "Plan Width": 24, "Group By Key": ["orders.o_orderpriority"], "Plans": [{"Node Type": "Nested Loop", "Parent Relationship": "Outer", "Join Type": "Semi", "Startup Cost": 0.0, "Total Cost": 1236651.35, "Plan Rows": 569410, "Plan Width": 16, "Inner Unique": false, "Plans": [{"Node Type": "Streaming(type: LOCAL GATHER dop: 1/16)", "Parent Relationship": "Outer", "Startup Cost": 0.0, "Total Cost": 622334.68, "Plan Rows": 569410, "Plan Width": 24, "Plans": [{"Node Type": "Index Scan", "Parent Relationship": "Outer", "Scan Direction": "Forward", "Index Name": "orders_pkey", "Relation Name": "orders", "Alias": "orders", "Startup Cost": 0.0, "Total Cost": 610045.66, "Plan Rows": 569410, "Plan Width": 24, "Filter": "((o_orderdate >= '1995-01-01 00:00:00'::timestamp(0) without time zone) AND (o_orderdate < '1995-04-01 00:00:00'::timestamp without time zone)), (LLVM Optimized)"}]}, {"Node Type": "Index Scan", "Parent Relationship": "Inner", "Scan Direction": "Forward", "Index Name": "idx_lineitem_orderkey", "Relation Name": "lineitem", "Alias": "lineitem", "Startup Cost": 0.0, "Total Cost": 5.41, "Plan Rows": 3, "Plan Width": 8, "Index Cond": "(l_orderkey = orders.o_orderkey)", "Filter": "(l_commitdate < l_receiptdate)"}]}]}]}, "Unique SQL Id": 3745551476, "Planner Runtime": 0}, "explain_analyze_plan": {"Plan": {"Node Type": "Sort", "Startup Cost": 1239498.42, "Total Cost": 1239498.42, "Plan Rows": 1, "Plan Width": 24, "Actual Min Startup Time": 4836.612, "Actual Max Startup Time": 4836.612, "Actual Min Total Time": 4836.613, "Actual Max Total Time": 4836.613, "Sort Key": ["orders.o_orderpriority"], "Sort Method": "quicksort", "Sort Space Min Used": 25, "Sort Space Max Used": 25, "Sort Space Type": "Memory", "Plans": [{"Node Type": "Aggregate", "Strategy": "Hashed", "Parent Relationship": "Outer", "Startup Cost": 1239498.4, "Total Cost": 1239498.41, "Plan Rows": 1, "Plan Width": 24, "Actual Min Startup Time": 4836.574, "Actual Max Startup Time": 4836.574, "Actual Min Total Time": 4836.576, "Actual Max Total Time": 4836.576, "Group By Key": ["orders.o_orderpriority"], "Plans": [{"Node Type": "Nested Loop", "Parent Relationship": "Outer", "Join Type": "Semi", "Startup Cost": 0.0, "Total Cost": 1236651.35, "Plan Rows": 569410, "Plan Width": 16, "Actual Min Startup Time": 174.498, "Actual Max Startup Time": 174.498, "Actual Min Total Time": 4565.385, "Actual Max Total Time": 4565.385, "Inner Unique": false, "Plans": [{"Node Type": "Streaming(type: LOCAL GATHER dop: 1/16)", "Parent Relationship": "Outer", "Startup Cost": 0.0, "Total Cost": 622334.68, "Plan Rows": 569410, "Plan Width": 24, "Actual Min Startup Time": 174.432, "Actual Max Startup Time": 174.432, "Actual Min Total Time": 409.483, "Actual Max Total Time": 409.483, "Plans": [{"Node Type": "Index Scan", "Parent Relationship": "Outer", "Scan Direction": "Forward", "Index Name": "orders_pkey", "Relation Name": "orders", "Alias": "orders", "Startup Cost": 0.0, "Total Cost": 610045.66, "Plan Rows": 569410, "Plan Width": 24, "Actual Min Startup Time": 126.895, "Actual Max Startup Time": 135.2, "Actual Min Total Time": 713.41, "Actual Max Total Time": 809.738, "Filter": "((o_orderdate >= '1995-01-01 00:00:00'::timestamp(0) without time zone) AND (o_orderdate < '1995-04-01 00:00:00'::timestamp without time zone)), (LLVM Optimized, Jit Execute)", "Rows Removed by Filter": 14438388, "Actual Rows": 561612}], "Actual Rows": 561612}, {"Node Type": "Index Scan", "Parent Relationship": "Inner", "Scan Direction": "Forward", "Index Name": "idx_lineitem_orderkey", "Relation Name": "lineitem", "Alias": "lineitem", "Startup Cost": 0.0, "Total Cost": 5.41, "Plan Rows": 3, "Plan Width": 8, "Actual Min Startup Time": 3741.772, "Actual Max Startup Time": 3741.772, "Actual Min Total Time": 3741.772, "Actual Max Total Time": 3741.772, "Index Cond": "(l_orderkey = orders.o_orderkey)", "Rows Removed by Index Recheck": 0, "Filter": "(l_commitdate < l_receiptdate)", "Rows Removed by Filter": 299676, "Actual Rows": 515106}], "Actual Rows": 515106}], "Actual Rows": 5}], "Actual Rows": 5}, "Triggers": [], "Planner Runtime": 0, "Total Runtime": 4847.856, "Unique SQL Id": 3745551476}}, "(16, 90)": {"explain_plan": {"Plan": {"Node Type": "Sort", "Startup Cost": 100738920209.92, "Total Cost": 100738920209.92, "Plan Rows": 1, "Plan Width": 24, "Sort Key": ["orders.o_orderpriority"], "Plans": [{"Node Type": "Streaming(type: LOCAL GATHER dop: 1/16)", "Parent Relationship": "Outer", "Startup Cost": 100738920209.91, "Total Cost": 100738920209.91, "Plan Rows": 1, "Plan Width": 24, "Plans": [{"Node Type": "Aggregate", "Strategy": "Hashed", "Parent Relationship": "Outer", "Startup Cost": 100738920209.91, "Total Cost": 100738920209.91, "Plan Rows": 1, "Plan Width": 24, "Group By Key": ["orders.o_orderpriority"], "Plans": [{"Node Type": "Streaming(type: LOCAL REDISTRIBUTE dop: 16/16)", "Parent Relationship": "Outer", "Startup Cost": 100738920209.88, "Total Cost": 100738920209.9, "Plan Rows": 1, "Plan Width": 24, "Plans": [{"Node Type": "Aggregate", "Strategy": "Hashed", "Parent Relationship": "Outer", "Startup Cost": 100738920209.88, "Total Cost": 100738920209.88, "Plan Rows": 1, "Plan Width": 24, "Group By Key": ["orders.o_orderpriority"], "Plans": [{"Node Type": "Nested Loop", "Parent Relationship": "Outer", "Join Type": "Inner", "Startup Cost": 10000347414.04, "Total Cost": 100738920031.94, "Plan Rows": 569410, "Plan Width": 16, "Inner Unique": true, "Join Filter": "(orders.o_orderkey = lineitem.l_orderkey), (LLVM Optimized)", "Plans": [{"Node Type": "Aggregate", "Strategy": "Hashed", "Parent Relationship": "Outer", "Startup Cost": 264791.23, "Total Cost": 266167.65, "Plan Rows": 2202268, "Plan Width": 8, "Group By Key": ["lineitem.l_orderkey"], "Plans": [{"Node Type": "Streaming(type: BROADCAST dop: 16/16)", "Parent Relationship": "Outer", "Startup Cost": 153442.01, "Total Cost": 259285.56, "Plan Rows": 35236288, "Plan Width": 8, "Plans": [{"Node Type": "Aggregate", "Strategy": "Hashed", "Parent Relationship": "Outer", "Startup Cost": 153442.01, "Total Cost": 154818.42, "Plan Rows": 2202268, "Plan Width": 8, "Group By Key": ["lineitem.l_orderkey"], "Plans": [{"Node Type": "Seq Scan", "Parent Relationship": "Outer", "Relation Name": "lineitem", "Alias": "lineitem", "Startup Cost": 0.0, "Total Cost": 150317.68, "Plan Rows": 19995678, "Plan Width": 8, "Filter": "(l_commitdate < l_receiptdate), (LLVM Optimized)"}]}]}]}, {"Node Type": "Materialize", "Parent Relationship": "Inner", "Startup Cost": 37.76, "Total Cost": 46516.14, "Plan Rows": 569410, "Plan Width": 24, "Plans": [{"Node Type": "Seq Scan", "Parent Relationship": "Outer", "Relation Name": "orders", "Alias": "orders", "Startup Cost": 37.76, "Total Cost": 46338.2, "Plan Rows": 569410, "Plan Width": 24, "Filter": "((o_orderdate >= '1995-01-01 00:00:00'::timestamp(0) without time zone) AND (o_orderdate < '1995-04-01 00:00:00'::timestamp without time zone)), (LLVM Optimized)"}]}]}]}]}]}]}]}, "Unique SQL Id": 3745551476, "Planner Runtime": 0}, "explain_analyze_plan": null}, "(16, 91)": {"explain_plan": {"Plan": {"Node Type": "Sort", "Startup Cost": 2000403569659.73, "Total Cost": 2000403569659.74, "Plan Rows": 1, "Plan Width": 24, "Sort Key": ["orders.o_orderpriority"], "Plans": [{"Node Type": "Aggregate", "Strategy": "Hashed", "Parent Relationship": "Outer", "Startup Cost": 2000403569659.71, "Total Cost": 2000403569659.72, "Plan Rows": 1, "Plan Width": 24, "Group By Key": ["orders.o_orderpriority"], "Plans": [{"Node Type": "Merge Join", "Parent Relationship": "Outer", "Join Type": "Semi", "Startup Cost": 20036514449.31, "Total Cost": 2000403566812.66, "Plan Rows": 569410, "Plan Width": 16, "Inner Unique": false, "Merge Cond": "(orders.o_orderkey = lineitem.l_orderkey)", "Plans": [{"Node Type": "Index Scan", "Parent Relationship": "Outer", "Scan Direction": "Forward", "Index Name": "orders_pkey", "Relation Name": "orders", "Alias": "orders", "Startup Cost": 10000000000.0, "Total Cost": 1000080597583.0, "Plan Rows": 569410, "Plan Width": 24, "Filter": "((o_orderdate >= '1995-01-01 00:00:00'::timestamp(0) without time zone) AND (o_orderdate < '1995-04-01 00:00:00'::timestamp without time zone)), (LLVM Optimized)"}, {"Node Type": "Index Scan", "Parent Relationship": "Inner", "Scan Direction": "Forward", "Index Name": "idx_lineitem_orderkey", "Relation Name": "lineitem", "Alias": "lineitem", "Startup Cost": 10000000000.0, "Total Cost": 1000339012132.75, "Plan Rows": 19995678, "Plan Width": 8, "Filter": "(l_commitdate < l_receiptdate), (LLVM Optimized)"}]}]}]}, "Unique SQL Id": 3745551476, "Planner Runtime": 1}, "explain_analyze_plan": null}, "(16, 92)": {"explain_plan": {"Plan": {"Node Type": "Sort", "Startup Cost": 675790.96, "Total Cost": 675790.97, "Plan Rows": 1, "Plan Width": 24, "Sort Key": ["orders.o_orderpriority"], "Plans": [{"Node Type": "Aggregate", "Strategy": "Hashed", "Parent Relationship": "Outer", "Startup Cost": 675790.94, "Total Cost": 675790.95, "Plan Rows": 1, "Plan Width": 24, "Group By Key": ["orders.o_orderpriority"], "Plans": [{"Node Type": "Nested Loop", "Parent Relationship": "Outer", "Join Type": "Semi", "Startup Cost": 37.76, "Total Cost": 672943.89, "Plan Rows": 569410, "Plan Width": 16, "Inner Unique": false, "Plans": [{"Node Type": "Streaming(type: LOCAL GATHER dop: 1/16)", "Parent Relationship": "Outer", "Startup Cost": 37.76, "Total Cost": 58627.22, "Plan Rows": 569410, "Plan Width": 24, "Plans": [{"Node Type": "Seq Scan", "Parent Relationship": "Outer", "Relation Name": "orders", "Alias": "orders", "Startup Cost": 37.76, "Total Cost": 46338.2, "Plan Rows": 569410, "Plan Width": 24, "Filter": "((o_orderdate >= '1995-01-01 00:00:00'::timestamp(0) without time zone) AND (o_orderdate < '1995-04-01 00:00:00'::timestamp without time zone)), (LLVM Optimized)"}]}, {"Node Type": "Index Scan", "Parent Relationship": "Inner", "Scan Direction": "Forward", "Index Name": "idx_lineitem_orderkey", "Relation Name": "lineitem", "Alias": "lineitem", "Startup Cost": 0.0, "Total Cost": 5.41, "Plan Rows": 3, "Plan Width": 8, "Index Cond": "(l_orderkey = orders.o_orderkey)", "Filter": "(l_commitdate < l_receiptdate)"}]}]}]}, "Unique SQL Id": 3745551476, "Planner Runtime": 1}, "explain_analyze_plan": {"Plan": {"Node Type": "Sort", "Startup Cost": 675790.96, "Total Cost": 675790.97, "Plan Rows": 1, "Plan Width": 24, "Actual Min Startup Time": 4741.516, "Actual Max Startup Time": 4741.516, "Actual Min Total Time": 4741.516, "Actual Max Total Time": 4741.516, "Sort Key": ["orders.o_orderpriority"], "Sort Method": "quicksort", "Sort Space Min Used": 25, "Sort Space Max Used": 25, "Sort Space Type": "Memory", "Plans": [{"Node Type": "Aggregate", "Strategy": "Hashed", "Parent Relationship": "Outer", "Startup Cost": 675790.94, "Total Cost": 675790.95, "Plan Rows": 1, "Plan Width": 24, "Actual Min Startup Time": 4741.458, "Actual Max Startup Time": 4741.458, "Actual Min Total Time": 4741.46, "Actual Max Total Time": 4741.46, "Group By Key": ["orders.o_orderpriority"], "Plans": [{"Node Type": "Nested Loop", "Parent Relationship": "Outer", "Join Type": "Semi", "Startup Cost": 37.76, "Total Cost": 672943.89, "Plan Rows": 569410, "Plan Width": 16, "Actual Min Startup Time": 39.921, "Actual Max Startup Time": 39.921, "Actual Min Total Time": 4475.802, "Actual Max Total Time": 4475.802, "Inner Unique": false, "Plans": [{"Node Type": "Streaming(type: LOCAL GATHER dop: 1/16)", "Parent Relationship": "Outer", "Startup Cost": 37.76, "Total Cost": 58627.22, "Plan Rows": 569410, "Plan Width": 24, "Actual Min Startup Time": 39.854, "Actual Max Startup Time": 39.854, "Actual Min Total Time": 315.117, "Actual Max Total Time": 315.117, "Plans": [{"Node Type": "Seq Scan", "Parent Relationship": "Outer", "Relation Name": "orders", "Alias": "orders", "Startup Cost": 37.76, "Total Cost": 46338.2, "Plan Rows": 569410, "Plan Width": 24, "Actual Min Startup Time": 0.028, "Actual Max Startup Time": 0.055, "Actual Min Total Time": 314.933, "Actual Max Total Time": 338.721, "Filter": "((o_orderdate >= '1995-01-01 00:00:00'::timestamp(0) without time zone) AND (o_orderdate < '1995-04-01 00:00:00'::timestamp without time zone)), (LLVM Optimized, Jit Execute)", "Rows Removed by Filter": 14438388, "Actual Rows": 561612}], "Actual Rows": 561612}, {"Node Type": "Index Scan", "Parent Relationship": "Inner", "Scan Direction": "Forward", "Index Name": "idx_lineitem_orderkey", "Relation Name": "lineitem", "Alias": "lineitem", "Startup Cost": 0.0, "Total Cost": 5.41, "Plan Rows": 3, "Plan Width": 8, "Actual Min Startup Time": 3749.266, "Actual Max Startup Time": 3749.266, "Actual Min Total Time": 3749.266, "Actual Max Total Time": 3749.266, "Index Cond": "(l_orderkey = orders.o_orderkey)", "Rows Removed by Index Recheck": 0, "Filter": "(l_commitdate < l_receiptdate)", "Rows Removed by Filter": 299676, "Actual Rows": 515106}], "Actual Rows": 515106}], "Actual Rows": 5}], "Actual Rows": 5}, "Triggers": [], "Planner Runtime": 0, "Total Runtime": 4753.599, "Unique SQL Id": 3745551476}}, "(16, 93)": {"explain_plan": {"Plan": {"Node Type": "Sort", "Startup Cost": 1239498.42, "Total Cost": 1239498.42, "Plan Rows": 1, "Plan Width": 24, "Sort Key": ["orders.o_orderpriority"], "Plans": [{"Node Type": "Aggregate", "Strategy": "Hashed", "Parent Relationship": "Outer", "Startup Cost": 1239498.4, "Total Cost": 1239498.41, "Plan Rows": 1, "Plan Width": 24, "Group By Key": ["orders.o_orderpriority"], "Plans": [{"Node Type": "Nested Loop", "Parent Relationship": "Outer", "Join Type": "Semi", "Startup Cost": 0.0, "Total Cost": 1236651.35, "Plan Rows": 569410, "Plan Width": 16, "Inner Unique": false, "Plans": [{"Node Type": "Streaming(type: LOCAL GATHER dop: 1/16)", "Parent Relationship": "Outer", "Startup Cost": 0.0, "Total Cost": 622334.68, "Plan Rows": 569410, "Plan Width": 24, "Plans": [{"Node Type": "Index Scan", "Parent Relationship": "Outer", "Scan Direction": "Forward", "Index Name": "orders_pkey", "Relation Name": "orders", "Alias": "orders", "Startup Cost": 0.0, "Total Cost": 610045.66, "Plan Rows": 569410, "Plan Width": 24, "Filter": "((o_orderdate >= '1995-01-01 00:00:00'::timestamp(0) without time zone) AND (o_orderdate < '1995-04-01 00:00:00'::timestamp without time zone)), (LLVM Optimized)"}]}, {"Node Type": "Index Scan", "Parent Relationship": "Inner", "Scan Direction": "Forward", "Index Name": "idx_lineitem_orderkey", "Relation Name": "lineitem", "Alias": "lineitem", "Startup Cost": 0.0, "Total Cost": 5.41, "Plan Rows": 3, "Plan Width": 8, "Index Cond": "(l_orderkey = orders.o_orderkey)", "Filter": "(l_commitdate < l_receiptdate)"}]}]}]}, "Unique SQL Id": 3745551476, "Planner Runtime": 0}, "explain_analyze_plan": {"Plan": {"Node Type": "Sort", "Startup Cost": 1239498.42, "Total Cost": 1239498.42, "Plan Rows": 1, "Plan Width": 24, "Actual Min Startup Time": 4836.612, "Actual Max Startup Time": 4836.612, "Actual Min Total Time": 4836.613, "Actual Max Total Time": 4836.613, "Sort Key": ["orders.o_orderpriority"], "Sort Method": "quicksort", "Sort Space Min Used": 25, "Sort Space Max Used": 25, "Sort Space Type": "Memory", "Plans": [{"Node Type": "Aggregate", "Strategy": "Hashed", "Parent Relationship": "Outer", "Startup Cost": 1239498.4, "Total Cost": 1239498.41, "Plan Rows": 1, "Plan Width": 24, "Actual Min Startup Time": 4836.574, "Actual Max Startup Time": 4836.574, "Actual Min Total Time": 4836.576, "Actual Max Total Time": 4836.576, "Group By Key": ["orders.o_orderpriority"], "Plans": [{"Node Type": "Nested Loop", "Parent Relationship": "Outer", "Join Type": "Semi", "Startup Cost": 0.0, "Total Cost": 1236651.35, "Plan Rows": 569410, "Plan Width": 16, "Actual Min Startup Time": 174.498, "Actual Max Startup Time": 174.498, "Actual Min Total Time": 4565.385, "Actual Max Total Time": 4565.385, "Inner Unique": false, "Plans": [{"Node Type": "Streaming(type: LOCAL GATHER dop: 1/16)", "Parent Relationship": "Outer", "Startup Cost": 0.0, "Total Cost": 622334.68, "Plan Rows": 569410, "Plan Width": 24, "Actual Min Startup Time": 174.432, "Actual Max Startup Time": 174.432, "Actual Min Total Time": 409.483, "Actual Max Total Time": 409.483, "Plans": [{"Node Type": "Index Scan", "Parent Relationship": "Outer", "Scan Direction": "Forward", "Index Name": "orders_pkey", "Relation Name": "orders", "Alias": "orders", "Startup Cost": 0.0, "Total Cost": 610045.66, "Plan Rows": 569410, "Plan Width": 24, "Actual Min Startup Time": 126.895, "Actual Max Startup Time": 135.2, "Actual Min Total Time": 713.41, "Actual Max Total Time": 809.738, "Filter": "((o_orderdate >= '1995-01-01 00:00:00'::timestamp(0) without time zone) AND (o_orderdate < '1995-04-01 00:00:00'::timestamp without time zone)), (LLVM Optimized, Jit Execute)", "Rows Removed by Filter": 14438388, "Actual Rows": 561612}], "Actual Rows": 561612}, {"Node Type": "Index Scan", "Parent Relationship": "Inner", "Scan Direction": "Forward", "Index Name": "idx_lineitem_orderkey", "Relation Name": "lineitem", "Alias": "lineitem", "Startup Cost": 0.0, "Total Cost": 5.41, "Plan Rows": 3, "Plan Width": 8, "Actual Min Startup Time": 3741.772, "Actual Max Startup Time": 3741.772, "Actual Min Total Time": 3741.772, "Actual Max Total Time": 3741.772, "Index Cond": "(l_orderkey = orders.o_orderkey)", "Rows Removed by Index Recheck": 0, "Filter": "(l_commitdate < l_receiptdate)", "Rows Removed by Filter": 299676, "Actual Rows": 515106}], "Actual Rows": 515106}], "Actual Rows": 5}], "Actual Rows": 5}, "Triggers": [], "Planner Runtime": 0, "Total Runtime": 4847.856, "Unique SQL Id": 3745551476}}, "(16, 94)": {"explain_plan": {"Plan": {"Node Type": "Sort", "Startup Cost": 100738920209.92, "Total Cost": 100738920209.92, "Plan Rows": 1, "Plan Width": 24, "Sort Key": ["orders.o_orderpriority"], "Plans": [{"Node Type": "Streaming(type: LOCAL GATHER dop: 1/16)", "Parent Relationship": "Outer", "Startup Cost": 100738920209.91, "Total Cost": 100738920209.91, "Plan Rows": 1, "Plan Width": 24, "Plans": [{"Node Type": "Aggregate", "Strategy": "Hashed", "Parent Relationship": "Outer", "Startup Cost": 100738920209.91, "Total Cost": 100738920209.91, "Plan Rows": 1, "Plan Width": 24, "Group By Key": ["orders.o_orderpriority"], "Plans": [{"Node Type": "Streaming(type: LOCAL REDISTRIBUTE dop: 16/16)", "Parent Relationship": "Outer", "Startup Cost": 100738920209.88, "Total Cost": 100738920209.9, "Plan Rows": 1, "Plan Width": 24, "Plans": [{"Node Type": "Aggregate", "Strategy": "Hashed", "Parent Relationship": "Outer", "Startup Cost": 100738920209.88, "Total Cost": 100738920209.88, "Plan Rows": 1, "Plan Width": 24, "Group By Key": ["orders.o_orderpriority"], "Plans": [{"Node Type": "Nested Loop", "Parent Relationship": "Outer", "Join Type": "Inner", "Startup Cost": 10000347414.04, "Total Cost": 100738920031.94, "Plan Rows": 569410, "Plan Width": 16, "Inner Unique": true, "Join Filter": "(orders.o_orderkey = lineitem.l_orderkey), (LLVM Optimized)", "Plans": [{"Node Type": "Aggregate", "Strategy": "Hashed", "Parent Relationship": "Outer", "Startup Cost": 264791.23, "Total Cost": 266167.65, "Plan Rows": 2202268, "Plan Width": 8, "Group By Key": ["lineitem.l_orderkey"], "Plans": [{"Node Type": "Streaming(type: BROADCAST dop: 16/16)", "Parent Relationship": "Outer", "Startup Cost": 153442.01, "Total Cost": 259285.56, "Plan Rows": 35236288, "Plan Width": 8, "Plans": [{"Node Type": "Aggregate", "Strategy": "Hashed", "Parent Relationship": "Outer", "Startup Cost": 153442.01, "Total Cost": 154818.42, "Plan Rows": 2202268, "Plan Width": 8, "Group By Key": ["lineitem.l_orderkey"], "Plans": [{"Node Type": "Seq Scan", "Parent Relationship": "Outer", "Relation Name": "lineitem", "Alias": "lineitem", "Startup Cost": 0.0, "Total Cost": 150317.68, "Plan Rows": 19995678, "Plan Width": 8, "Filter": "(l_commitdate < l_receiptdate), (LLVM Optimized)"}]}]}]}, {"Node Type": "Materialize", "Parent Relationship": "Inner", "Startup Cost": 37.76, "Total Cost": 46516.14, "Plan Rows": 569410, "Plan Width": 24, "Plans": [{"Node Type": "Seq Scan", "Parent Relationship": "Outer", "Relation Name": "orders", "Alias": "orders", "Startup Cost": 37.76, "Total Cost": 46338.2, "Plan Rows": 569410, "Plan Width": 24, "Filter": "((o_orderdate >= '1995-01-01 00:00:00'::timestamp(0) without time zone) AND (o_orderdate < '1995-04-01 00:00:00'::timestamp without time zone)), (LLVM Optimized)"}]}]}]}]}]}]}]}, "Unique SQL Id": 3745551476, "Planner Runtime": 0}, "explain_analyze_plan": null}, "(16, 95)": {"explain_plan": {"Plan": {"Node Type": "Sort", "Startup Cost": 2000403569659.73, "Total Cost": 2000403569659.74, "Plan Rows": 1, "Plan Width": 24, "Sort Key": ["orders.o_orderpriority"], "Plans": [{"Node Type": "Aggregate", "Strategy": "Hashed", "Parent Relationship": "Outer", "Startup Cost": 2000403569659.71, "Total Cost": 2000403569659.72, "Plan Rows": 1, "Plan Width": 24, "Group By Key": ["orders.o_orderpriority"], "Plans": [{"Node Type": "Merge Join", "Parent Relationship": "Outer", "Join Type": "Semi", "Startup Cost": 20036514449.31, "Total Cost": 2000403566812.66, "Plan Rows": 569410, "Plan Width": 16, "Inner Unique": false, "Merge Cond": "(orders.o_orderkey = lineitem.l_orderkey)", "Plans": [{"Node Type": "Index Scan", "Parent Relationship": "Outer", "Scan Direction": "Forward", "Index Name": "orders_pkey", "Relation Name": "orders", "Alias": "orders", "Startup Cost": 10000000000.0, "Total Cost": 1000080597583.0, "Plan Rows": 569410, "Plan Width": 24, "Filter": "((o_orderdate >= '1995-01-01 00:00:00'::timestamp(0) without time zone) AND (o_orderdate < '1995-04-01 00:00:00'::timestamp without time zone)), (LLVM Optimized)"}, {"Node Type": "Index Scan", "Parent Relationship": "Inner", "Scan Direction": "Forward", "Index Name": "idx_lineitem_orderkey", "Relation Name": "lineitem", "Alias": "lineitem", "Startup Cost": 10000000000.0, "Total Cost": 1000339012132.75, "Plan Rows": 19995678, "Plan Width": 8, "Filter": "(l_commitdate < l_receiptdate), (LLVM Optimized)"}]}]}]}, "Unique SQL Id": 3745551476, "Planner Runtime": 0}, "explain_analyze_plan": null}, "(16, 96)": {"explain_plan": {"Plan": {"Node Type": "Sort", "Startup Cost": 223060.11, "Total Cost": 223060.12, "Plan Rows": 1, "Plan Width": 24, "Sort Key": ["orders.o_orderpriority"], "Plans": [{"Node Type": "Streaming(type: LOCAL GATHER dop: 1/16)", "Parent Relationship": "Outer", "Startup Cost": 223060.1, "Total Cost": 223060.1, "Plan Rows": 1, "Plan Width": 24, "Plans": [{"Node Type": "Aggregate", "Strategy": "Hashed", "Parent Relationship": "Outer", "Startup Cost": 223060.1, "Total Cost": 223060.1, "Plan Rows": 1, "Plan Width": 24, "Group By Key": ["orders.o_orderpriority"], "Plans": [{"Node Type": "Streaming(type: LOCAL REDISTRIBUTE dop: 16/16)", "Parent Relationship": "Outer", "Startup Cost": 223060.07, "Total Cost": 223060.1, "Plan Rows": 1, "Plan Width": 24, "Plans": [{"Node Type": "Aggregate", "Strategy": "Hashed", "Parent Relationship": "Outer", "Startup Cost": 223060.07, "Total Cost": 223060.07, "Plan Rows": 1, "Plan Width": 24, "Group By Key": ["orders.o_orderpriority"], "Plans": [{"Node Type": "Hash Join", "Parent Relationship": "Outer", "Join Type": "Inner", "Startup Cost": 199987.41, "Total Cost": 222882.13, "Plan Rows": 569410, "Plan Width": 16, "Inner Unique": true, "Hash Cond": "(lineitem.l_orderkey = orders.o_orderkey), (LLVM Optimized)", "Plans": [{"Node Type": "Aggregate", "Strategy": "Hashed", "Parent Relationship": "Outer", "Startup Cost": 178507.06, "Total Cost": 179883.48, "Plan Rows": 2202268, "Plan Width": 8, "Group By Key": ["lineitem.l_orderkey"], "Plans": [{"Node Type": "Streaming(type: LOCAL REDISTRIBUTE dop: 16/16)", "Parent Relationship": "Outer", "Startup Cost": 153442.01, "Total Cost": 178162.96, "Plan Rows": 2202268, "Plan Width": 8, "Plans": [{"Node Type": "Aggregate", "Strategy": "Hashed", "Parent Relationship": "Outer", "Startup Cost": 153442.01, "Total Cost": 154818.42, "Plan Rows": 2202268, "Plan Width": 8, "Group By Key": ["lineitem.l_orderkey"], "Plans": [{"Node Type": "Seq Scan", "Parent Relationship": "Outer", "Relation Name": "lineitem", "Alias": "lineitem", "Startup Cost": 0.0, "Total Cost": 150317.68, "Plan Rows": 19995678, "Plan Width": 8, "Filter": "(l_commitdate < l_receiptdate), (LLVM Optimized)"}]}]}]}, {"Node Type": "Hash", "Parent Relationship": "Inner", "Startup Cost": 63495.73, "Total Cost": 63495.73, "Plan Rows": 569410, "Plan Width": 24, "Plans": [{"Node Type": "Streaming(type: LOCAL REDISTRIBUTE dop: 16/16)", "Parent Relationship": "Outer", "Startup Cost": 37.76, "Total Cost": 63495.73, "Plan Rows": 569410, "Plan Width": 24, "Plans": [{"Node Type": "Seq Scan", "Parent Relationship": "Outer", "Relation Name": "orders", "Alias": "orders", "Startup Cost": 37.76, "Total Cost": 46338.2, "Plan Rows": 569410, "Plan Width": 24, "Filter": "((o_orderdate >= '1995-01-01 00:00:00'::timestamp(0) without time zone) AND (o_orderdate < '1995-04-01 00:00:00'::timestamp without time zone)), (LLVM Optimized)"}]}]}]}]}]}]}]}]}, "Unique SQL Id": 3745551476, "Planner Runtime": 0}, "explain_analyze_plan": {"Plan": {"Node Type": "Sort", "Startup Cost": 223060.11, "Total Cost": 223060.12, "Plan Rows": 1, "Plan Width": 24, "Actual Min Startup Time": 5326.268, "Actual Max Startup Time": 5326.268, "Actual Min Total Time": 5326.269, "Actual Max Total Time": 5326.269, "Sort Key": ["orders.o_orderpriority"], "Sort Method": "quicksort", "Sort Space Min Used": 25, "Sort Space Max Used": 25, "Sort Space Type": "Memory", "Plans": [{"Node Type": "Streaming(type: LOCAL GATHER dop: 1/16)", "Parent Relationship": "Outer", "Startup Cost": 223060.1, "Total Cost": 223060.1, "Plan Rows": 1, "Plan Width": 24, "Actual Min Startup Time": 5325.981, "Actual Max Startup Time": 5325.981, "Actual Min Total Time": 5326.201, "Actual Max Total Time": 5326.201, "Plans": [{"Node Type": "Aggregate", "Strategy": "Hashed", "Parent Relationship": "Outer", "Startup Cost": 223060.1, "Total Cost": 223060.1, "Plan Rows": 1, "Plan Width": 24, "Actual Min Startup Time": 5241.572, "Actual Max Startup Time": 5273.993, "Actual Min Total Time": 5241.572, "Actual Max Total Time": 5273.993, "Group By Key": ["orders.o_orderpriority"], "Plans": [{"Node Type": "Streaming(type: LOCAL REDISTRIBUTE dop: 16/16)", "Parent Relationship": "Outer", "Startup Cost": 223060.07, "Total Cost": 223060.1, "Plan Rows": 1, "Plan Width": 24, "Actual Min Startup Time": 5184.678, "Actual Max Startup Time": 5273.984, "Actual Min Total Time": 5241.566, "Actual Max Total Time": 5273.984, "Plans": [{"Node Type": "Aggregate", "Strategy": "Hashed", "Parent Relationship": "Outer", "Startup Cost": 223060.07, "Total Cost": 223060.07, "Plan Rows": 1, "Plan Width": 24, "Actual Min Startup Time": 5118.77, "Actual Max Startup Time": 5250.137, "Actual Min Total Time": 5118.772, "Actual Max Total Time": 5250.14, "Group By Key": ["orders.o_orderpriority"], "Plans": [{"Node Type": "Hash Join", "Parent Relationship": "Outer", "Join Type": "Inner", "Startup Cost": 199987.41, "Total Cost": 222882.13, "Plan Rows": 569410, "Plan Width": 16, "Actual Min Startup Time": 4788.695, "Actual Max Startup Time": 4877.328, "Actual Min Total Time": 5105.267, "Actual Max Total Time": 5237.07, "Inner Unique": true, "Hash Cond": "(lineitem.l_orderkey = orders.o_orderkey), (LLVM Optimized, Jit Execute)", "Plans": [{"Node Type": "Aggregate", "Strategy": "Hashed", "Parent Relationship": "Outer", "Startup Cost": 178507.06, "Total Cost": 179883.48, "Plan Rows": 2202268, "Plan Width": 8, "Actual Min Startup Time": 4318.042, "Actual Max Startup Time": 4318.214, "Actual Min Total Time": 4470.778, "Actual Max Total Time": 4515.862, "Group By Key": ["lineitem.l_orderkey"], "Plans": [{"Node Type": "Streaming(type: LOCAL REDISTRIBUTE dop: 16/16)", "Parent Relationship": "Outer", "Startup Cost": 153442.01, "Total Cost": 178162.96, "Plan Rows": 2202268, "Plan Width": 8, "Actual Min Startup Time": 2156.969, "Actual Max Startup Time": 2158.381, "Actual Min Total Time": 3852.509, "Actual Max Total Time": 3925.326, "Plans": [{"Node Type": "Aggregate", "Strategy": "Hashed", "Parent Relationship": "Outer", "Startup Cost": 153442.01, "Total Cost": 154818.42, "Plan Rows": 2202268, "Plan Width": 8, "Actual Min Startup Time": 2704.393, "Actual Max Startup Time": 3047.185, "Actual Min Total Time": 2999.133, "Actual Max Total Time": 3445.708, "Group By Key": ["lineitem.l_orderkey"], "Plans": [{"Node Type": "Seq Scan", "Parent Relationship": "Outer", "Relation Name": "lineitem", "Alias": "lineitem", "Startup Cost": 0.0, "Total Cost": 150317.68, "Plan Rows": 19995678, "Plan Width": 8, "Actual Min Startup Time": 0.02, "Actual Max Startup Time": 0.044, "Actual Min Total Time": 1763.072, "Actual Max Total Time": 1876.643, "Filter": "(l_commitdate < l_receiptdate), (LLVM Optimized, Jit Execute)", "Rows Removed by Filter": 22056704, "Actual Rows": 37929348}], "Actual Rows": 13761080}], "Actual Rows": 13761080}], "Actual Rows": 13753474}, {"Node Type": "Hash", "Parent Relationship": "Inner", "Startup Cost": 63495.73, "Total Cost": 63495.73, "Plan Rows": 569410, "Plan Width": 24, "Actual Min Startup Time": 470.505, "Actual Max Startup Time": 559.062, "Actual Min Total Time": 470.505, "Actual Max Total Time": 559.062, "Max Hash Buckets": 65536, "Min Hash Buckets": 65536, "Max Hash Batches": 1, "Min Hash Batches": 1, "Max Original Hash Batches": 1, "Min Original Hash Batches": 1, "Max Peak Memory Usage": 1899, "min Peak Memory Usage": 1899, "Plans": [{"Node Type": "Streaming(type: LOCAL REDISTRIBUTE dop: 16/16)", "Parent Relationship": "Outer", "Startup Cost": 37.76, "Total Cost": 63495.73, "Plan Rows": 569410, "Plan Width": 24, "Actual Min Startup Time": 0.045, "Actual Max Startup Time": 87.172, "Actual Min Total Time": 459.295, "Actual Max Total Time": 546.654, "Plans": [{"Node Type": "Seq Scan", "Parent Relationship": "Outer", "Relation Name": "orders", "Alias": "orders", "Startup Cost": 37.76, "Total Cost": 46338.2, "Plan Rows": 569410, "Plan Width": 24, "Actual Min Startup Time": 0.032, "Actual Max Startup Time": 0.061, "Actual Min Total Time": 394.261, "Actual Max Total Time": 423.116, "Filter": "((o_orderdate >= '1995-01-01 00:00:00'::timestamp(0) without time zone) AND (o_orderdate < '1995-04-01 00:00:00'::timestamp without time zone)), (LLVM Optimized, Jit Execute)", "Rows Removed by Filter": 14438388, "Actual Rows": 561612}], "Actual Rows": 561612}], "Actual Rows": 561612}], "Actual Rows": 515106}], "Actual Rows": 80}], "Actual Rows": 80}], "Actual Rows": 5}], "Actual Rows": 5}], "Actual Rows": 5}, "Triggers": [], "Planner Runtime": 0, "Total Runtime": 5347.731, "Unique SQL Id": 3745551476}}, "(16, 97)": {"explain_plan": {"Plan": {"Node Type": "Sort", "Startup Cost": 916688.59, "Total Cost": 916688.6, "Plan Rows": 1, "Plan Width": 24, "Sort Key": ["orders.o_orderpriority"], "Plans": [{"Node Type": "Aggregate", "Strategy": "Hashed", "Parent Relationship": "Outer", "Startup Cost": 916688.57, "Total Cost": 916688.58, "Plan Rows": 1, "Plan Width": 24, "Group By Key": ["orders.o_orderpriority"], "Plans": [{"Node Type": "Nested Loop", "Parent Relationship": "Outer", "Join Type": "Semi", "Startup Cost": 14564.7, "Total Cost": 913841.52, "Plan Rows": 569410, "Plan Width": 16, "Inner Unique": false, "Plans": [{"Node Type": "Bitmap Heap Scan", "Parent Relationship": "Outer", "Relation Name": "orders", "Alias": "orders", "Startup Cost": 14564.7, "Total Cost": 299524.85, "Plan Rows": 569410, "Plan Width": 24, "Recheck Cond": "((o_orderdate >= '1995-01-01 00:00:00'::timestamp(0) without time zone) AND (o_orderdate < '1995-04-01 00:00:00'::timestamp without time zone)), (LLVM Optimized)", "Plans": [{"Node Type": "Bitmap Index Scan", "Parent Relationship": "Outer", "Index Name": "idx_orders_orderdate", "Startup Cost": 0.0, "Total Cost": 14422.35, "Plan Rows": 569410, "Plan Width": 0, "Index Cond": "((o_orderdate >= '1995-01-01 00:00:00'::timestamp(0) without time zone) AND (o_orderdate < '1995-04-01 00:00:00'::timestamp without time zone))"}]}, {"Node Type": "Index Scan", "Parent Relationship": "Inner", "Scan Direction": "Forward", "Index Name": "idx_lineitem_orderkey", "Relation Name": "lineitem", "Alias": "lineitem", "Startup Cost": 0.0, "Total Cost": 5.41, "Plan Rows": 3, "Plan Width": 8, "Index Cond": "(l_orderkey = orders.o_orderkey)", "Filter": "(l_commitdate < l_receiptdate)"}]}]}]}, "Unique SQL Id": 3745551476, "Planner Runtime": 0}, "explain_analyze_plan": {"Plan": {"Node Type": "Sort", "Startup Cost": 916688.59, "Total Cost": 916688.6, "Plan Rows": 1, "Plan Width": 24, "Actual Startup Time": 5413.801, "Actual Total Time": 5413.802, "Actual Rows": 5, "Actual Loops": 1, "Sort Key": ["orders.o_orderpriority"], "Sort Method": "quicksort", "Sort Space Used": 25, "Sort Space Type": "Memory", "Plans": [{"Node Type": "Aggregate", "Strategy": "Hashed", "Parent Relationship": "Outer", "Startup Cost": 916688.57, "Total Cost": 916688.58, "Plan Rows": 1, "Plan Width": 24, "Actual Startup Time": 5413.754, "Actual Total Time": 5413.756, "Actual Rows": 5, "Actual Loops": 1, "Group By Key": ["orders.o_orderpriority"], "Plans": [{"Node Type": "Nested Loop", "Parent Relationship": "Outer", "Join Type": "Semi", "Startup Cost": 14564.7, "Total Cost": 913841.52, "Plan Rows": 569410, "Plan Width": 16, "Actual Startup Time": 248.12, "Actual Total Time": 5129.668, "Actual Rows": 515106, "Actual Loops": 1, "Inner Unique": false, "Plans": [{"Node Type": "Bitmap Heap Scan", "Parent Relationship": "Outer", "Relation Name": "orders", "Alias": "orders", "Startup Cost": 14564.7, "Total Cost": 299524.85, "Plan Rows": 569410, "Plan Width": 24, "Actual Startup Time": 248.035, "Actual Total Time": 1102.757, "Actual Rows": 561612, "Actual Loops": 1, "Recheck Cond": "((o_orderdate >= '1995-01-01 00:00:00'::timestamp(0) without time zone) AND (o_orderdate < '1995-04-01 00:00:00'::timestamp without time zone)), (LLVM Optimized, Jit Execute)", "Rows Removed by Index Recheck": 0, "Exact Heap Blocks": 241676, "Lossy Heap Blocks": 241676, "Plans": [{"Node Type": "Bitmap Index Scan", "Parent Relationship": "Outer", "Index Name": "idx_orders_orderdate", "Startup Cost": 0.0, "Total Cost": 14422.35, "Plan Rows": 569410, "Plan Width": 0, "Actual Startup Time": 173.006, "Actual Total Time": 173.006, "Actual Rows": 561612, "Actual Loops": 1, "Index Cond": "((o_orderdate >= '1995-01-01 00:00:00'::timestamp(0) without time zone) AND (o_orderdate < '1995-04-01 00:00:00'::timestamp without time zone))"}]}, {"Node Type": "Index Scan", "Parent Relationship": "Inner", "Scan Direction": "Forward", "Index Name": "idx_lineitem_orderkey", "Relation Name": "lineitem", "Alias": "lineitem", "Startup Cost": 0.0, "Total Cost": 5.41, "Plan Rows": 3, "Plan Width": 8, "Actual Startup Time": 3608.892, "Actual Total Time": 3608.892, "Actual Rows": 515106, "Actual Loops": 561612, "Index Cond": "(l_orderkey = orders.o_orderkey)", "Rows Removed by Index Recheck": 0, "Filter": "(l_commitdate < l_receiptdate)", "Rows Removed by Filter": 299676}]}]}]}, "Triggers": [], "Planner Runtime": 0, "Total Runtime": 5423.336, "Unique SQL Id": 3745551476}}, "(16, 98)": {"explain_plan": {"Plan": {"Node Type": "Sort", "Startup Cost": 223060.11, "Total Cost": 223060.12, "Plan Rows": 1, "Plan Width": 24, "Sort Key": ["orders.o_orderpriority"], "Plans": [{"Node Type": "Streaming(type: LOCAL GATHER dop: 1/16)", "Parent Relationship": "Outer", "Startup Cost": 223060.1, "Total Cost": 223060.1, "Plan Rows": 1, "Plan Width": 24, "Plans": [{"Node Type": "Aggregate", "Strategy": "Hashed", "Parent Relationship": "Outer", "Startup Cost": 223060.1, "Total Cost": 223060.1, "Plan Rows": 1, "Plan Width": 24, "Group By Key": ["orders.o_orderpriority"], "Plans": [{"Node Type": "Streaming(type: LOCAL REDISTRIBUTE dop: 16/16)", "Parent Relationship": "Outer", "Startup Cost": 223060.07, "Total Cost": 223060.1, "Plan Rows": 1, "Plan Width": 24, "Plans": [{"Node Type": "Aggregate", "Strategy": "Hashed", "Parent Relationship": "Outer", "Startup Cost": 223060.07, "Total Cost": 223060.07, "Plan Rows": 1, "Plan Width": 24, "Group By Key": ["orders.o_orderpriority"], "Plans": [{"Node Type": "Hash Join", "Parent Relationship": "Outer", "Join Type": "Inner", "Startup Cost": 199987.41, "Total Cost": 222882.13, "Plan Rows": 569410, "Plan Width": 16, "Inner Unique": true, "Hash Cond": "(lineitem.l_orderkey = orders.o_orderkey), (LLVM Optimized)", "Plans": [{"Node Type": "Aggregate", "Strategy": "Hashed", "Parent Relationship": "Outer", "Startup Cost": 178507.06, "Total Cost": 179883.48, "Plan Rows": 2202268, "Plan Width": 8, "Group By Key": ["lineitem.l_orderkey"], "Plans": [{"Node Type": "Streaming(type: LOCAL REDISTRIBUTE dop: 16/16)", "Parent Relationship": "Outer", "Startup Cost": 153442.01, "Total Cost": 178162.96, "Plan Rows": 2202268, "Plan Width": 8, "Plans": [{"Node Type": "Aggregate", "Strategy": "Hashed", "Parent Relationship": "Outer", "Startup Cost": 153442.01, "Total Cost": 154818.42, "Plan Rows": 2202268, "Plan Width": 8, "Group By Key": ["lineitem.l_orderkey"], "Plans": [{"Node Type": "Seq Scan", "Parent Relationship": "Outer", "Relation Name": "lineitem", "Alias": "lineitem", "Startup Cost": 0.0, "Total Cost": 150317.68, "Plan Rows": 19995678, "Plan Width": 8, "Filter": "(l_commitdate < l_receiptdate), (LLVM Optimized)"}]}]}]}, {"Node Type": "Hash", "Parent Relationship": "Inner", "Startup Cost": 63495.73, "Total Cost": 63495.73, "Plan Rows": 569410, "Plan Width": 24, "Plans": [{"Node Type": "Streaming(type: LOCAL REDISTRIBUTE dop: 16/16)", "Parent Relationship": "Outer", "Startup Cost": 37.76, "Total Cost": 63495.73, "Plan Rows": 569410, "Plan Width": 24, "Plans": [{"Node Type": "Seq Scan", "Parent Relationship": "Outer", "Relation Name": "orders", "Alias": "orders", "Startup Cost": 37.76, "Total Cost": 46338.2, "Plan Rows": 569410, "Plan Width": 24, "Filter": "((o_orderdate >= '1995-01-01 00:00:00'::timestamp(0) without time zone) AND (o_orderdate < '1995-04-01 00:00:00'::timestamp without time zone)), (LLVM Optimized)"}]}]}]}]}]}]}]}]}, "Unique SQL Id": 3745551476, "Planner Runtime": 0}, "explain_analyze_plan": {"Plan": {"Node Type": "Sort", "Startup Cost": 223060.11, "Total Cost": 223060.12, "Plan Rows": 1, "Plan Width": 24, "Actual Min Startup Time": 5326.268, "Actual Max Startup Time": 5326.268, "Actual Min Total Time": 5326.269, "Actual Max Total Time": 5326.269, "Sort Key": ["orders.o_orderpriority"], "Sort Method": "quicksort", "Sort Space Min Used": 25, "Sort Space Max Used": 25, "Sort Space Type": "Memory", "Plans": [{"Node Type": "Streaming(type: LOCAL GATHER dop: 1/16)", "Parent Relationship": "Outer", "Startup Cost": 223060.1, "Total Cost": 223060.1, "Plan Rows": 1, "Plan Width": 24, "Actual Min Startup Time": 5325.981, "Actual Max Startup Time": 5325.981, "Actual Min Total Time": 5326.201, "Actual Max Total Time": 5326.201, "Plans": [{"Node Type": "Aggregate", "Strategy": "Hashed", "Parent Relationship": "Outer", "Startup Cost": 223060.1, "Total Cost": 223060.1, "Plan Rows": 1, "Plan Width": 24, "Actual Min Startup Time": 5241.572, "Actual Max Startup Time": 5273.993, "Actual Min Total Time": 5241.572, "Actual Max Total Time": 5273.993, "Group By Key": ["orders.o_orderpriority"], "Plans": [{"Node Type": "Streaming(type: LOCAL REDISTRIBUTE dop: 16/16)", "Parent Relationship": "Outer", "Startup Cost": 223060.07, "Total Cost": 223060.1, "Plan Rows": 1, "Plan Width": 24, "Actual Min Startup Time": 5184.678, "Actual Max Startup Time": 5273.984, "Actual Min Total Time": 5241.566, "Actual Max Total Time": 5273.984, "Plans": [{"Node Type": "Aggregate", "Strategy": "Hashed", "Parent Relationship": "Outer", "Startup Cost": 223060.07, "Total Cost": 223060.07, "Plan Rows": 1, "Plan Width": 24, "Actual Min Startup Time": 5118.77, "Actual Max Startup Time": 5250.137, "Actual Min Total Time": 5118.772, "Actual Max Total Time": 5250.14, "Group By Key": ["orders.o_orderpriority"], "Plans": [{"Node Type": "Hash Join", "Parent Relationship": "Outer", "Join Type": "Inner", "Startup Cost": 199987.41, "Total Cost": 222882.13, "Plan Rows": 569410, "Plan Width": 16, "Actual Min Startup Time": 4788.695, "Actual Max Startup Time": 4877.328, "Actual Min Total Time": 5105.267, "Actual Max Total Time": 5237.07, "Inner Unique": true, "Hash Cond": "(lineitem.l_orderkey = orders.o_orderkey), (LLVM Optimized, Jit Execute)", "Plans": [{"Node Type": "Aggregate", "Strategy": "Hashed", "Parent Relationship": "Outer", "Startup Cost": 178507.06, "Total Cost": 179883.48, "Plan Rows": 2202268, "Plan Width": 8, "Actual Min Startup Time": 4318.042, "Actual Max Startup Time": 4318.214, "Actual Min Total Time": 4470.778, "Actual Max Total Time": 4515.862, "Group By Key": ["lineitem.l_orderkey"], "Plans": [{"Node Type": "Streaming(type: LOCAL REDISTRIBUTE dop: 16/16)", "Parent Relationship": "Outer", "Startup Cost": 153442.01, "Total Cost": 178162.96, "Plan Rows": 2202268, "Plan Width": 8, "Actual Min Startup Time": 2156.969, "Actual Max Startup Time": 2158.381, "Actual Min Total Time": 3852.509, "Actual Max Total Time": 3925.326, "Plans": [{"Node Type": "Aggregate", "Strategy": "Hashed", "Parent Relationship": "Outer", "Startup Cost": 153442.01, "Total Cost": 154818.42, "Plan Rows": 2202268, "Plan Width": 8, "Actual Min Startup Time": 2704.393, "Actual Max Startup Time": 3047.185, "Actual Min Total Time": 2999.133, "Actual Max Total Time": 3445.708, "Group By Key": ["lineitem.l_orderkey"], "Plans": [{"Node Type": "Seq Scan", "Parent Relationship": "Outer", "Relation Name": "lineitem", "Alias": "lineitem", "Startup Cost": 0.0, "Total Cost": 150317.68, "Plan Rows": 19995678, "Plan Width": 8, "Actual Min Startup Time": 0.02, "Actual Max Startup Time": 0.044, "Actual Min Total Time": 1763.072, "Actual Max Total Time": 1876.643, "Filter": "(l_commitdate < l_receiptdate), (LLVM Optimized, Jit Execute)", "Rows Removed by Filter": 22056704, "Actual Rows": 37929348}], "Actual Rows": 13761080}], "Actual Rows": 13761080}], "Actual Rows": 13753474}, {"Node Type": "Hash", "Parent Relationship": "Inner", "Startup Cost": 63495.73, "Total Cost": 63495.73, "Plan Rows": 569410, "Plan Width": 24, "Actual Min Startup Time": 470.505, "Actual Max Startup Time": 559.062, "Actual Min Total Time": 470.505, "Actual Max Total Time": 559.062, "Max Hash Buckets": 65536, "Min Hash Buckets": 65536, "Max Hash Batches": 1, "Min Hash Batches": 1, "Max Original Hash Batches": 1, "Min Original Hash Batches": 1, "Max Peak Memory Usage": 1899, "min Peak Memory Usage": 1899, "Plans": [{"Node Type": "Streaming(type: LOCAL REDISTRIBUTE dop: 16/16)", "Parent Relationship": "Outer", "Startup Cost": 37.76, "Total Cost": 63495.73, "Plan Rows": 569410, "Plan Width": 24, "Actual Min Startup Time": 0.045, "Actual Max Startup Time": 87.172, "Actual Min Total Time": 459.295, "Actual Max Total Time": 546.654, "Plans": [{"Node Type": "Seq Scan", "Parent Relationship": "Outer", "Relation Name": "orders", "Alias": "orders", "Startup Cost": 37.76, "Total Cost": 46338.2, "Plan Rows": 569410, "Plan Width": 24, "Actual Min Startup Time": 0.032, "Actual Max Startup Time": 0.061, "Actual Min Total Time": 394.261, "Actual Max Total Time": 423.116, "Filter": "((o_orderdate >= '1995-01-01 00:00:00'::timestamp(0) without time zone) AND (o_orderdate < '1995-04-01 00:00:00'::timestamp without time zone)), (LLVM Optimized, Jit Execute)", "Rows Removed by Filter": 14438388, "Actual Rows": 561612}], "Actual Rows": 561612}], "Actual Rows": 561612}], "Actual Rows": 515106}], "Actual Rows": 80}], "Actual Rows": 80}], "Actual Rows": 5}], "Actual Rows": 5}], "Actual Rows": 5}, "Triggers": [], "Planner Runtime": 0, "Total Runtime": 5347.731, "Unique SQL Id": 3745551476}}, "(16, 99)": {"explain_plan": {"Plan": {"Node Type": "Sort", "Startup Cost": 2781642.36, "Total Cost": 2781642.36, "Plan Rows": 1, "Plan Width": 24, "Sort Key": ["orders.o_orderpriority"], "Plans": [{"Node Type": "Aggregate", "Strategy": "Hashed", "Parent Relationship": "Outer", "Startup Cost": 2781642.34, "Total Cost": 2781642.35, "Plan Rows": 1, "Plan Width": 24, "Group By Key": ["orders.o_orderpriority"], "Plans": [{"Node Type": "Nested Loop", "Parent Relationship": "Outer", "Join Type": "Semi", "Startup Cost": 14566.65, "Total Cost": 2778795.29, "Plan Rows": 569410, "Plan Width": 16, "Inner Unique": false, "Plans": [{"Node Type": "Bitmap Heap Scan", "Parent Relationship": "Outer", "Relation Name": "orders", "Alias": "orders", "Startup Cost": 14564.7, "Total Cost": 299524.85, "Plan Rows": 569410, "Plan Width": 24, "Recheck Cond": "((o_orderdate >= '1995-01-01 00:00:00'::timestamp(0) without time zone) AND (o_orderdate < '1995-04-01 00:00:00'::timestamp without time zone)), (LLVM Optimized)", "Plans": [{"Node Type": "Bitmap Index Scan", "Parent Relationship": "Outer", "Index Name": "idx_orders_orderdate", "Startup Cost": 0.0, "Total Cost": 14422.35, "Plan Rows": 569410, "Plan Width": 0, "Index Cond": "((o_orderdate >= '1995-01-01 00:00:00'::timestamp(0) without time zone) AND (o_orderdate < '1995-04-01 00:00:00'::timestamp without time zone))"}]}, {"Node Type": "Bitmap Heap Scan", "Parent Relationship": "Inner", "Relation Name": "lineitem", "Alias": "lineitem", "Startup Cost": 1.94, "Total Cost": 14.06, "Plan Rows": 3, "Plan Width": 8, "Recheck Cond": "(l_orderkey = orders.o_orderkey)", "Filter": "(l_commitdate < l_receiptdate)", "Plans": [{"Node Type": "Bitmap Index Scan", "Parent Relationship": "Outer", "Index Name": "idx_lineitem_orderkey", "Startup Cost": 0.0, "Total Cost": 1.94, "Plan Rows": 9, "Plan Width": 0, "Index Cond": "(l_orderkey = orders.o_orderkey)"}]}]}]}]}, "Unique SQL Id": 3745551476, "Planner Runtime": 0}, "explain_analyze_plan": {"Plan": {"Node Type": "Sort", "Startup Cost": 2781642.36, "Total Cost": 2781642.36, "Plan Rows": 1, "Plan Width": 24, "Actual Startup Time": 6919.311, "Actual Total Time": 6919.311, "Actual Rows": 5, "Actual Loops": 1, "Sort Key": ["orders.o_orderpriority"], "Sort Method": "quicksort", "Sort Space Used": 25, "Sort Space Type": "Memory", "Plans": [{"Node Type": "Aggregate", "Strategy": "Hashed", "Parent Relationship": "Outer", "Startup Cost": 2781642.34, "Total Cost": 2781642.35, "Plan Rows": 1, "Plan Width": 24, "Actual Startup Time": 6919.164, "Actual Total Time": 6919.179, "Actual Rows": 5, "Actual Loops": 1, "Group By Key": ["orders.o_orderpriority"], "Plans": [{"Node Type": "Nested Loop", "Parent Relationship": "Outer", "Join Type": "Semi", "Startup Cost": 14566.65, "Total Cost": 2778795.29, "Plan Rows": 569410, "Plan Width": 16, "Actual Startup Time": 240.267, "Actual Total Time": 6616.613, "Actual Rows": 515106, "Actual Loops": 1, "Inner Unique": false, "Plans": [{"Node Type": "Bitmap Heap Scan", "Parent Relationship": "Outer", "Relation Name": "orders", "Alias": "orders", "Startup Cost": 14564.7, "Total Cost": 299524.85, "Plan Rows": 569410, "Plan Width": 24, "Actual Startup Time": 240.164, "Actual Total Time": 1053.131, "Actual Rows": 561612, "Actual Loops": 1, "Recheck Cond": "((o_orderdate >= '1995-01-01 00:00:00'::timestamp(0) without time zone) AND (o_orderdate < '1995-04-01 00:00:00'::timestamp without time zone)), (LLVM Optimized, Jit Execute)", "Rows Removed by Index Recheck": 0, "Exact Heap Blocks": 241676, "Lossy Heap Blocks": 241676, "Plans": [{"Node Type": "Bitmap Index Scan", "Parent Relationship": "Outer", "Index Name": "idx_orders_orderdate", "Startup Cost": 0.0, "Total Cost": 14422.35, "Plan Rows": 569410, "Plan Width": 0, "Actual Startup Time": 164.521, "Actual Total Time": 164.521, "Actual Rows": 561612, "Actual Loops": 1, "Index Cond": "((o_orderdate >= '1995-01-01 00:00:00'::timestamp(0) without time zone) AND (o_orderdate < '1995-04-01 00:00:00'::timestamp without time zone))"}]}, {"Node Type": "Bitmap Heap Scan", "Parent Relationship": "Inner", "Relation Name": "lineitem", "Alias": "lineitem", "Startup Cost": 1.94, "Total Cost": 14.06, "Plan Rows": 3, "Plan Width": 8, "Actual Startup Time": 4815.896, "Actual Total Time": 4815.896, "Actual Rows": 515106, "Actual Loops": 561612, "Recheck Cond": "(l_orderkey = orders.o_orderkey)", "Rows Removed by Index Recheck": 0, "Filter": "(l_commitdate < l_receiptdate)", "Rows Removed by Filter": 299676, "Exact Heap Blocks": 567798, "Lossy Heap Blocks": 567798, "Plans": [{"Node Type": "Bitmap Index Scan", "Parent Relationship": "Outer", "Index Name": "idx_lineitem_orderkey", "Startup Cost": 0.0, "Total Cost": 1.94, "Plan Rows": 9, "Plan Width": 0, "Actual Startup Time": 2461.174, "Actual Total Time": 2461.174, "Actual Rows": 2246588, "Actual Loops": 561612, "Index Cond": "(l_orderkey = orders.o_orderkey)"}]}]}]}]}, "Triggers": [], "Planner Runtime": 0, "Total Runtime": 6932.479, "Unique SQL Id": 3745551476}}, "(16, 100)": {"explain_plan": {"Plan": {"Node Type": "Sort", "Startup Cost": 223060.11, "Total Cost": 223060.12, "Plan Rows": 1, "Plan Width": 24, "Sort Key": ["orders.o_orderpriority"], "Plans": [{"Node Type": "Streaming(type: LOCAL GATHER dop: 1/16)", "Parent Relationship": "Outer", "Startup Cost": 223060.1, "Total Cost": 223060.1, "Plan Rows": 1, "Plan Width": 24, "Plans": [{"Node Type": "Aggregate", "Strategy": "Hashed", "Parent Relationship": "Outer", "Startup Cost": 223060.1, "Total Cost": 223060.1, "Plan Rows": 1, "Plan Width": 24, "Group By Key": ["orders.o_orderpriority"], "Plans": [{"Node Type": "Streaming(type: LOCAL REDISTRIBUTE dop: 16/16)", "Parent Relationship": "Outer", "Startup Cost": 223060.07, "Total Cost": 223060.1, "Plan Rows": 1, "Plan Width": 24, "Plans": [{"Node Type": "Aggregate", "Strategy": "Hashed", "Parent Relationship": "Outer", "Startup Cost": 223060.07, "Total Cost": 223060.07, "Plan Rows": 1, "Plan Width": 24, "Group By Key": ["orders.o_orderpriority"], "Plans": [{"Node Type": "Hash Join", "Parent Relationship": "Outer", "Join Type": "Inner", "Startup Cost": 199987.41, "Total Cost": 222882.13, "Plan Rows": 569410, "Plan Width": 16, "Inner Unique": true, "Hash Cond": "(lineitem.l_orderkey = orders.o_orderkey), (LLVM Optimized)", "Plans": [{"Node Type": "Aggregate", "Strategy": "Hashed", "Parent Relationship": "Outer", "Startup Cost": 178507.06, "Total Cost": 179883.48, "Plan Rows": 2202268, "Plan Width": 8, "Group By Key": ["lineitem.l_orderkey"], "Plans": [{"Node Type": "Streaming(type: LOCAL REDISTRIBUTE dop: 16/16)", "Parent Relationship": "Outer", "Startup Cost": 153442.01, "Total Cost": 178162.96, "Plan Rows": 2202268, "Plan Width": 8, "Plans": [{"Node Type": "Aggregate", "Strategy": "Hashed", "Parent Relationship": "Outer", "Startup Cost": 153442.01, "Total Cost": 154818.42, "Plan Rows": 2202268, "Plan Width": 8, "Group By Key": ["lineitem.l_orderkey"], "Plans": [{"Node Type": "Seq Scan", "Parent Relationship": "Outer", "Relation Name": "lineitem", "Alias": "lineitem", "Startup Cost": 0.0, "Total Cost": 150317.68, "Plan Rows": 19995678, "Plan Width": 8, "Filter": "(l_commitdate < l_receiptdate), (LLVM Optimized)"}]}]}]}, {"Node Type": "Hash", "Parent Relationship": "Inner", "Startup Cost": 63495.73, "Total Cost": 63495.73, "Plan Rows": 569410, "Plan Width": 24, "Plans": [{"Node Type": "Streaming(type: LOCAL REDISTRIBUTE dop: 16/16)", "Parent Relationship": "Outer", "Startup Cost": 37.76, "Total Cost": 63495.73, "Plan Rows": 569410, "Plan Width": 24, "Plans": [{"Node Type": "Seq Scan", "Parent Relationship": "Outer", "Relation Name": "orders", "Alias": "orders", "Startup Cost": 37.76, "Total Cost": 46338.2, "Plan Rows": 569410, "Plan Width": 24, "Filter": "((o_orderdate >= '1995-01-01 00:00:00'::timestamp(0) without time zone) AND (o_orderdate < '1995-04-01 00:00:00'::timestamp without time zone)), (LLVM Optimized)"}]}]}]}]}]}]}]}]}, "Unique SQL Id": 3745551476, "Planner Runtime": 0}, "explain_analyze_plan": {"Plan": {"Node Type": "Sort", "Startup Cost": 223060.11, "Total Cost": 223060.12, "Plan Rows": 1, "Plan Width": 24, "Actual Min Startup Time": 5326.268, "Actual Max Startup Time": 5326.268, "Actual Min Total Time": 5326.269, "Actual Max Total Time": 5326.269, "Sort Key": ["orders.o_orderpriority"], "Sort Method": "quicksort", "Sort Space Min Used": 25, "Sort Space Max Used": 25, "Sort Space Type": "Memory", "Plans": [{"Node Type": "Streaming(type: LOCAL GATHER dop: 1/16)", "Parent Relationship": "Outer", "Startup Cost": 223060.1, "Total Cost": 223060.1, "Plan Rows": 1, "Plan Width": 24, "Actual Min Startup Time": 5325.981, "Actual Max Startup Time": 5325.981, "Actual Min Total Time": 5326.201, "Actual Max Total Time": 5326.201, "Plans": [{"Node Type": "Aggregate", "Strategy": "Hashed", "Parent Relationship": "Outer", "Startup Cost": 223060.1, "Total Cost": 223060.1, "Plan Rows": 1, "Plan Width": 24, "Actual Min Startup Time": 5241.572, "Actual Max Startup Time": 5273.993, "Actual Min Total Time": 5241.572, "Actual Max Total Time": 5273.993, "Group By Key": ["orders.o_orderpriority"], "Plans": [{"Node Type": "Streaming(type: LOCAL REDISTRIBUTE dop: 16/16)", "Parent Relationship": "Outer", "Startup Cost": 223060.07, "Total Cost": 223060.1, "Plan Rows": 1, "Plan Width": 24, "Actual Min Startup Time": 5184.678, "Actual Max Startup Time": 5273.984, "Actual Min Total Time": 5241.566, "Actual Max Total Time": 5273.984, "Plans": [{"Node Type": "Aggregate", "Strategy": "Hashed", "Parent Relationship": "Outer", "Startup Cost": 223060.07, "Total Cost": 223060.07, "Plan Rows": 1, "Plan Width": 24, "Actual Min Startup Time": 5118.77, "Actual Max Startup Time": 5250.137, "Actual Min Total Time": 5118.772, "Actual Max Total Time": 5250.14, "Group By Key": ["orders.o_orderpriority"], "Plans": [{"Node Type": "Hash Join", "Parent Relationship": "Outer", "Join Type": "Inner", "Startup Cost": 199987.41, "Total Cost": 222882.13, "Plan Rows": 569410, "Plan Width": 16, "Actual Min Startup Time": 4788.695, "Actual Max Startup Time": 4877.328, "Actual Min Total Time": 5105.267, "Actual Max Total Time": 5237.07, "Inner Unique": true, "Hash Cond": "(lineitem.l_orderkey = orders.o_orderkey), (LLVM Optimized, Jit Execute)", "Plans": [{"Node Type": "Aggregate", "Strategy": "Hashed", "Parent Relationship": "Outer", "Startup Cost": 178507.06, "Total Cost": 179883.48, "Plan Rows": 2202268, "Plan Width": 8, "Actual Min Startup Time": 4318.042, "Actual Max Startup Time": 4318.214, "Actual Min Total Time": 4470.778, "Actual Max Total Time": 4515.862, "Group By Key": ["lineitem.l_orderkey"], "Plans": [{"Node Type": "Streaming(type: LOCAL REDISTRIBUTE dop: 16/16)", "Parent Relationship": "Outer", "Startup Cost": 153442.01, "Total Cost": 178162.96, "Plan Rows": 2202268, "Plan Width": 8, "Actual Min Startup Time": 2156.969, "Actual Max Startup Time": 2158.381, "Actual Min Total Time": 3852.509, "Actual Max Total Time": 3925.326, "Plans": [{"Node Type": "Aggregate", "Strategy": "Hashed", "Parent Relationship": "Outer", "Startup Cost": 153442.01, "Total Cost": 154818.42, "Plan Rows": 2202268, "Plan Width": 8, "Actual Min Startup Time": 2704.393, "Actual Max Startup Time": 3047.185, "Actual Min Total Time": 2999.133, "Actual Max Total Time": 3445.708, "Group By Key": ["lineitem.l_orderkey"], "Plans": [{"Node Type": "Seq Scan", "Parent Relationship": "Outer", "Relation Name": "lineitem", "Alias": "lineitem", "Startup Cost": 0.0, "Total Cost": 150317.68, "Plan Rows": 19995678, "Plan Width": 8, "Actual Min Startup Time": 0.02, "Actual Max Startup Time": 0.044, "Actual Min Total Time": 1763.072, "Actual Max Total Time": 1876.643, "Filter": "(l_commitdate < l_receiptdate), (LLVM Optimized, Jit Execute)", "Rows Removed by Filter": 22056704, "Actual Rows": 37929348}], "Actual Rows": 13761080}], "Actual Rows": 13761080}], "Actual Rows": 13753474}, {"Node Type": "Hash", "Parent Relationship": "Inner", "Startup Cost": 63495.73, "Total Cost": 63495.73, "Plan Rows": 569410, "Plan Width": 24, "Actual Min Startup Time": 470.505, "Actual Max Startup Time": 559.062, "Actual Min Total Time": 470.505, "Actual Max Total Time": 559.062, "Max Hash Buckets": 65536, "Min Hash Buckets": 65536, "Max Hash Batches": 1, "Min Hash Batches": 1, "Max Original Hash Batches": 1, "Min Original Hash Batches": 1, "Max Peak Memory Usage": 1899, "min Peak Memory Usage": 1899, "Plans": [{"Node Type": "Streaming(type: LOCAL REDISTRIBUTE dop: 16/16)", "Parent Relationship": "Outer", "Startup Cost": 37.76, "Total Cost": 63495.73, "Plan Rows": 569410, "Plan Width": 24, "Actual Min Startup Time": 0.045, "Actual Max Startup Time": 87.172, "Actual Min Total Time": 459.295, "Actual Max Total Time": 546.654, "Plans": [{"Node Type": "Seq Scan", "Parent Relationship": "Outer", "Relation Name": "orders", "Alias": "orders", "Startup Cost": 37.76, "Total Cost": 46338.2, "Plan Rows": 569410, "Plan Width": 24, "Actual Min Startup Time": 0.032, "Actual Max Startup Time": 0.061, "Actual Min Total Time": 394.261, "Actual Max Total Time": 423.116, "Filter": "((o_orderdate >= '1995-01-01 00:00:00'::timestamp(0) without time zone) AND (o_orderdate < '1995-04-01 00:00:00'::timestamp without time zone)), (LLVM Optimized, Jit Execute)", "Rows Removed by Filter": 14438388, "Actual Rows": 561612}], "Actual Rows": 561612}], "Actual Rows": 561612}], "Actual Rows": 515106}], "Actual Rows": 80}], "Actual Rows": 80}], "Actual Rows": 5}], "Actual Rows": 5}], "Actual Rows": 5}, "Triggers": [], "Planner Runtime": 0, "Total Runtime": 5347.731, "Unique SQL Id": 3745551476}}, "(16, 101)": {"explain_plan": {"Plan": {"Node Type": "Sort", "Startup Cost": 916688.59, "Total Cost": 916688.6, "Plan Rows": 1, "Plan Width": 24, "Sort Key": ["orders.o_orderpriority"], "Plans": [{"Node Type": "Aggregate", "Strategy": "Hashed", "Parent Relationship": "Outer", "Startup Cost": 916688.57, "Total Cost": 916688.58, "Plan Rows": 1, "Plan Width": 24, "Group By Key": ["orders.o_orderpriority"], "Plans": [{"Node Type": "Nested Loop", "Parent Relationship": "Outer", "Join Type": "Semi", "Startup Cost": 14564.7, "Total Cost": 913841.52, "Plan Rows": 569410, "Plan Width": 16, "Inner Unique": false, "Plans": [{"Node Type": "Bitmap Heap Scan", "Parent Relationship": "Outer", "Relation Name": "orders", "Alias": "orders", "Startup Cost": 14564.7, "Total Cost": 299524.85, "Plan Rows": 569410, "Plan Width": 24, "Recheck Cond": "((o_orderdate >= '1995-01-01 00:00:00'::timestamp(0) without time zone) AND (o_orderdate < '1995-04-01 00:00:00'::timestamp without time zone)), (LLVM Optimized)", "Plans": [{"Node Type": "Bitmap Index Scan", "Parent Relationship": "Outer", "Index Name": "idx_orders_orderdate", "Startup Cost": 0.0, "Total Cost": 14422.35, "Plan Rows": 569410, "Plan Width": 0, "Index Cond": "((o_orderdate >= '1995-01-01 00:00:00'::timestamp(0) without time zone) AND (o_orderdate < '1995-04-01 00:00:00'::timestamp without time zone))"}]}, {"Node Type": "Index Scan", "Parent Relationship": "Inner", "Scan Direction": "Forward", "Index Name": "idx_lineitem_orderkey", "Relation Name": "lineitem", "Alias": "lineitem", "Startup Cost": 0.0, "Total Cost": 5.41, "Plan Rows": 3, "Plan Width": 8, "Index Cond": "(l_orderkey = orders.o_orderkey)", "Filter": "(l_commitdate < l_receiptdate)"}]}]}]}, "Unique SQL Id": 3745551476, "Planner Runtime": 0}, "explain_analyze_plan": {"Plan": {"Node Type": "Sort", "Startup Cost": 916688.59, "Total Cost": 916688.6, "Plan Rows": 1, "Plan Width": 24, "Actual Startup Time": 5413.801, "Actual Total Time": 5413.802, "Actual Rows": 5, "Actual Loops": 1, "Sort Key": ["orders.o_orderpriority"], "Sort Method": "quicksort", "Sort Space Used": 25, "Sort Space Type": "Memory", "Plans": [{"Node Type": "Aggregate", "Strategy": "Hashed", "Parent Relationship": "Outer", "Startup Cost": 916688.57, "Total Cost": 916688.58, "Plan Rows": 1, "Plan Width": 24, "Actual Startup Time": 5413.754, "Actual Total Time": 5413.756, "Actual Rows": 5, "Actual Loops": 1, "Group By Key": ["orders.o_orderpriority"], "Plans": [{"Node Type": "Nested Loop", "Parent Relationship": "Outer", "Join Type": "Semi", "Startup Cost": 14564.7, "Total Cost": 913841.52, "Plan Rows": 569410, "Plan Width": 16, "Actual Startup Time": 248.12, "Actual Total Time": 5129.668, "Actual Rows": 515106, "Actual Loops": 1, "Inner Unique": false, "Plans": [{"Node Type": "Bitmap Heap Scan", "Parent Relationship": "Outer", "Relation Name": "orders", "Alias": "orders", "Startup Cost": 14564.7, "Total Cost": 299524.85, "Plan Rows": 569410, "Plan Width": 24, "Actual Startup Time": 248.035, "Actual Total Time": 1102.757, "Actual Rows": 561612, "Actual Loops": 1, "Recheck Cond": "((o_orderdate >= '1995-01-01 00:00:00'::timestamp(0) without time zone) AND (o_orderdate < '1995-04-01 00:00:00'::timestamp without time zone)), (LLVM Optimized, Jit Execute)", "Rows Removed by Index Recheck": 0, "Exact Heap Blocks": 241676, "Lossy Heap Blocks": 241676, "Plans": [{"Node Type": "Bitmap Index Scan", "Parent Relationship": "Outer", "Index Name": "idx_orders_orderdate", "Startup Cost": 0.0, "Total Cost": 14422.35, "Plan Rows": 569410, "Plan Width": 0, "Actual Startup Time": 173.006, "Actual Total Time": 173.006, "Actual Rows": 561612, "Actual Loops": 1, "Index Cond": "((o_orderdate >= '1995-01-01 00:00:00'::timestamp(0) without time zone) AND (o_orderdate < '1995-04-01 00:00:00'::timestamp without time zone))"}]}, {"Node Type": "Index Scan", "Parent Relationship": "Inner", "Scan Direction": "Forward", "Index Name": "idx_lineitem_orderkey", "Relation Name": "lineitem", "Alias": "lineitem", "Startup Cost": 0.0, "Total Cost": 5.41, "Plan Rows": 3, "Plan Width": 8, "Actual Startup Time": 3608.892, "Actual Total Time": 3608.892, "Actual Rows": 515106, "Actual Loops": 561612, "Index Cond": "(l_orderkey = orders.o_orderkey)", "Rows Removed by Index Recheck": 0, "Filter": "(l_commitdate < l_receiptdate)", "Rows Removed by Filter": 299676}]}]}]}, "Triggers": [], "Planner Runtime": 0, "Total Runtime": 5423.336, "Unique SQL Id": 3745551476}}, "(16, 102)": {"explain_plan": {"Plan": {"Node Type": "Sort", "Startup Cost": 223060.11, "Total Cost": 223060.12, "Plan Rows": 1, "Plan Width": 24, "Sort Key": ["orders.o_orderpriority"], "Plans": [{"Node Type": "Streaming(type: LOCAL GATHER dop: 1/16)", "Parent Relationship": "Outer", "Startup Cost": 223060.1, "Total Cost": 223060.1, "Plan Rows": 1, "Plan Width": 24, "Plans": [{"Node Type": "Aggregate", "Strategy": "Hashed", "Parent Relationship": "Outer", "Startup Cost": 223060.1, "Total Cost": 223060.1, "Plan Rows": 1, "Plan Width": 24, "Group By Key": ["orders.o_orderpriority"], "Plans": [{"Node Type": "Streaming(type: LOCAL REDISTRIBUTE dop: 16/16)", "Parent Relationship": "Outer", "Startup Cost": 223060.07, "Total Cost": 223060.1, "Plan Rows": 1, "Plan Width": 24, "Plans": [{"Node Type": "Aggregate", "Strategy": "Hashed", "Parent Relationship": "Outer", "Startup Cost": 223060.07, "Total Cost": 223060.07, "Plan Rows": 1, "Plan Width": 24, "Group By Key": ["orders.o_orderpriority"], "Plans": [{"Node Type": "Hash Join", "Parent Relationship": "Outer", "Join Type": "Inner", "Startup Cost": 199987.41, "Total Cost": 222882.13, "Plan Rows": 569410, "Plan Width": 16, "Inner Unique": true, "Hash Cond": "(lineitem.l_orderkey = orders.o_orderkey), (LLVM Optimized)", "Plans": [{"Node Type": "Aggregate", "Strategy": "Hashed", "Parent Relationship": "Outer", "Startup Cost": 178507.06, "Total Cost": 179883.48, "Plan Rows": 2202268, "Plan Width": 8, "Group By Key": ["lineitem.l_orderkey"], "Plans": [{"Node Type": "Streaming(type: LOCAL REDISTRIBUTE dop: 16/16)", "Parent Relationship": "Outer", "Startup Cost": 153442.01, "Total Cost": 178162.96, "Plan Rows": 2202268, "Plan Width": 8, "Plans": [{"Node Type": "Aggregate", "Strategy": "Hashed", "Parent Relationship": "Outer", "Startup Cost": 153442.01, "Total Cost": 154818.42, "Plan Rows": 2202268, "Plan Width": 8, "Group By Key": ["lineitem.l_orderkey"], "Plans": [{"Node Type": "Seq Scan", "Parent Relationship": "Outer", "Relation Name": "lineitem", "Alias": "lineitem", "Startup Cost": 0.0, "Total Cost": 150317.68, "Plan Rows": 19995678, "Plan Width": 8, "Filter": "(l_commitdate < l_receiptdate), (LLVM Optimized)"}]}]}]}, {"Node Type": "Hash", "Parent Relationship": "Inner", "Startup Cost": 63495.73, "Total Cost": 63495.73, "Plan Rows": 569410, "Plan Width": 24, "Plans": [{"Node Type": "Streaming(type: LOCAL REDISTRIBUTE dop: 16/16)", "Parent Relationship": "Outer", "Startup Cost": 37.76, "Total Cost": 63495.73, "Plan Rows": 569410, "Plan Width": 24, "Plans": [{"Node Type": "Seq Scan", "Parent Relationship": "Outer", "Relation Name": "orders", "Alias": "orders", "Startup Cost": 37.76, "Total Cost": 46338.2, "Plan Rows": 569410, "Plan Width": 24, "Filter": "((o_orderdate >= '1995-01-01 00:00:00'::timestamp(0) without time zone) AND (o_orderdate < '1995-04-01 00:00:00'::timestamp without time zone)), (LLVM Optimized)"}]}]}]}]}]}]}]}]}, "Unique SQL Id": 3745551476, "Planner Runtime": 0}, "explain_analyze_plan": {"Plan": {"Node Type": "Sort", "Startup Cost": 223060.11, "Total Cost": 223060.12, "Plan Rows": 1, "Plan Width": 24, "Actual Min Startup Time": 5326.268, "Actual Max Startup Time": 5326.268, "Actual Min Total Time": 5326.269, "Actual Max Total Time": 5326.269, "Sort Key": ["orders.o_orderpriority"], "Sort Method": "quicksort", "Sort Space Min Used": 25, "Sort Space Max Used": 25, "Sort Space Type": "Memory", "Plans": [{"Node Type": "Streaming(type: LOCAL GATHER dop: 1/16)", "Parent Relationship": "Outer", "Startup Cost": 223060.1, "Total Cost": 223060.1, "Plan Rows": 1, "Plan Width": 24, "Actual Min Startup Time": 5325.981, "Actual Max Startup Time": 5325.981, "Actual Min Total Time": 5326.201, "Actual Max Total Time": 5326.201, "Plans": [{"Node Type": "Aggregate", "Strategy": "Hashed", "Parent Relationship": "Outer", "Startup Cost": 223060.1, "Total Cost": 223060.1, "Plan Rows": 1, "Plan Width": 24, "Actual Min Startup Time": 5241.572, "Actual Max Startup Time": 5273.993, "Actual Min Total Time": 5241.572, "Actual Max Total Time": 5273.993, "Group By Key": ["orders.o_orderpriority"], "Plans": [{"Node Type": "Streaming(type: LOCAL REDISTRIBUTE dop: 16/16)", "Parent Relationship": "Outer", "Startup Cost": 223060.07, "Total Cost": 223060.1, "Plan Rows": 1, "Plan Width": 24, "Actual Min Startup Time": 5184.678, "Actual Max Startup Time": 5273.984, "Actual Min Total Time": 5241.566, "Actual Max Total Time": 5273.984, "Plans": [{"Node Type": "Aggregate", "Strategy": "Hashed", "Parent Relationship": "Outer", "Startup Cost": 223060.07, "Total Cost": 223060.07, "Plan Rows": 1, "Plan Width": 24, "Actual Min Startup Time": 5118.77, "Actual Max Startup Time": 5250.137, "Actual Min Total Time": 5118.772, "Actual Max Total Time": 5250.14, "Group By Key": ["orders.o_orderpriority"], "Plans": [{"Node Type": "Hash Join", "Parent Relationship": "Outer", "Join Type": "Inner", "Startup Cost": 199987.41, "Total Cost": 222882.13, "Plan Rows": 569410, "Plan Width": 16, "Actual Min Startup Time": 4788.695, "Actual Max Startup Time": 4877.328, "Actual Min Total Time": 5105.267, "Actual Max Total Time": 5237.07, "Inner Unique": true, "Hash Cond": "(lineitem.l_orderkey = orders.o_orderkey), (LLVM Optimized, Jit Execute)", "Plans": [{"Node Type": "Aggregate", "Strategy": "Hashed", "Parent Relationship": "Outer", "Startup Cost": 178507.06, "Total Cost": 179883.48, "Plan Rows": 2202268, "Plan Width": 8, "Actual Min Startup Time": 4318.042, "Actual Max Startup Time": 4318.214, "Actual Min Total Time": 4470.778, "Actual Max Total Time": 4515.862, "Group By Key": ["lineitem.l_orderkey"], "Plans": [{"Node Type": "Streaming(type: LOCAL REDISTRIBUTE dop: 16/16)", "Parent Relationship": "Outer", "Startup Cost": 153442.01, "Total Cost": 178162.96, "Plan Rows": 2202268, "Plan Width": 8, "Actual Min Startup Time": 2156.969, "Actual Max Startup Time": 2158.381, "Actual Min Total Time": 3852.509, "Actual Max Total Time": 3925.326, "Plans": [{"Node Type": "Aggregate", "Strategy": "Hashed", "Parent Relationship": "Outer", "Startup Cost": 153442.01, "Total Cost": 154818.42, "Plan Rows": 2202268, "Plan Width": 8, "Actual Min Startup Time": 2704.393, "Actual Max Startup Time": 3047.185, "Actual Min Total Time": 2999.133, "Actual Max Total Time": 3445.708, "Group By Key": ["lineitem.l_orderkey"], "Plans": [{"Node Type": "Seq Scan", "Parent Relationship": "Outer", "Relation Name": "lineitem", "Alias": "lineitem", "Startup Cost": 0.0, "Total Cost": 150317.68, "Plan Rows": 19995678, "Plan Width": 8, "Actual Min Startup Time": 0.02, "Actual Max Startup Time": 0.044, "Actual Min Total Time": 1763.072, "Actual Max Total Time": 1876.643, "Filter": "(l_commitdate < l_receiptdate), (LLVM Optimized, Jit Execute)", "Rows Removed by Filter": 22056704, "Actual Rows": 37929348}], "Actual Rows": 13761080}], "Actual Rows": 13761080}], "Actual Rows": 13753474}, {"Node Type": "Hash", "Parent Relationship": "Inner", "Startup Cost": 63495.73, "Total Cost": 63495.73, "Plan Rows": 569410, "Plan Width": 24, "Actual Min Startup Time": 470.505, "Actual Max Startup Time": 559.062, "Actual Min Total Time": 470.505, "Actual Max Total Time": 559.062, "Max Hash Buckets": 65536, "Min Hash Buckets": 65536, "Max Hash Batches": 1, "Min Hash Batches": 1, "Max Original Hash Batches": 1, "Min Original Hash Batches": 1, "Max Peak Memory Usage": 1899, "min Peak Memory Usage": 1899, "Plans": [{"Node Type": "Streaming(type: LOCAL REDISTRIBUTE dop: 16/16)", "Parent Relationship": "Outer", "Startup Cost": 37.76, "Total Cost": 63495.73, "Plan Rows": 569410, "Plan Width": 24, "Actual Min Startup Time": 0.045, "Actual Max Startup Time": 87.172, "Actual Min Total Time": 459.295, "Actual Max Total Time": 546.654, "Plans": [{"Node Type": "Seq Scan", "Parent Relationship": "Outer", "Relation Name": "orders", "Alias": "orders", "Startup Cost": 37.76, "Total Cost": 46338.2, "Plan Rows": 569410, "Plan Width": 24, "Actual Min Startup Time": 0.032, "Actual Max Startup Time": 0.061, "Actual Min Total Time": 394.261, "Actual Max Total Time": 423.116, "Filter": "((o_orderdate >= '1995-01-01 00:00:00'::timestamp(0) without time zone) AND (o_orderdate < '1995-04-01 00:00:00'::timestamp without time zone)), (LLVM Optimized, Jit Execute)", "Rows Removed by Filter": 14438388, "Actual Rows": 561612}], "Actual Rows": 561612}], "Actual Rows": 561612}], "Actual Rows": 515106}], "Actual Rows": 80}], "Actual Rows": 80}], "Actual Rows": 5}], "Actual Rows": 5}], "Actual Rows": 5}, "Triggers": [], "Planner Runtime": 0, "Total Runtime": 5347.731, "Unique SQL Id": 3745551476}}, "(16, 103)": {"explain_plan": {"Plan": {"Node Type": "Sort", "Startup Cost": 2781642.36, "Total Cost": 2781642.36, "Plan Rows": 1, "Plan Width": 24, "Sort Key": ["orders.o_orderpriority"], "Plans": [{"Node Type": "Aggregate", "Strategy": "Hashed", "Parent Relationship": "Outer", "Startup Cost": 2781642.34, "Total Cost": 2781642.35, "Plan Rows": 1, "Plan Width": 24, "Group By Key": ["orders.o_orderpriority"], "Plans": [{"Node Type": "Nested Loop", "Parent Relationship": "Outer", "Join Type": "Semi", "Startup Cost": 14566.65, "Total Cost": 2778795.29, "Plan Rows": 569410, "Plan Width": 16, "Inner Unique": false, "Plans": [{"Node Type": "Bitmap Heap Scan", "Parent Relationship": "Outer", "Relation Name": "orders", "Alias": "orders", "Startup Cost": 14564.7, "Total Cost": 299524.85, "Plan Rows": 569410, "Plan Width": 24, "Recheck Cond": "((o_orderdate >= '1995-01-01 00:00:00'::timestamp(0) without time zone) AND (o_orderdate < '1995-04-01 00:00:00'::timestamp without time zone)), (LLVM Optimized)", "Plans": [{"Node Type": "Bitmap Index Scan", "Parent Relationship": "Outer", "Index Name": "idx_orders_orderdate", "Startup Cost": 0.0, "Total Cost": 14422.35, "Plan Rows": 569410, "Plan Width": 0, "Index Cond": "((o_orderdate >= '1995-01-01 00:00:00'::timestamp(0) without time zone) AND (o_orderdate < '1995-04-01 00:00:00'::timestamp without time zone))"}]}, {"Node Type": "Bitmap Heap Scan", "Parent Relationship": "Inner", "Relation Name": "lineitem", "Alias": "lineitem", "Startup Cost": 1.94, "Total Cost": 14.06, "Plan Rows": 3, "Plan Width": 8, "Recheck Cond": "(l_orderkey = orders.o_orderkey)", "Filter": "(l_commitdate < l_receiptdate)", "Plans": [{"Node Type": "Bitmap Index Scan", "Parent Relationship": "Outer", "Index Name": "idx_lineitem_orderkey", "Startup Cost": 0.0, "Total Cost": 1.94, "Plan Rows": 9, "Plan Width": 0, "Index Cond": "(l_orderkey = orders.o_orderkey)"}]}]}]}]}, "Unique SQL Id": 3745551476, "Planner Runtime": 0}, "explain_analyze_plan": {"Plan": {"Node Type": "Sort", "Startup Cost": 2781642.36, "Total Cost": 2781642.36, "Plan Rows": 1, "Plan Width": 24, "Actual Startup Time": 6919.311, "Actual Total Time": 6919.311, "Actual Rows": 5, "Actual Loops": 1, "Sort Key": ["orders.o_orderpriority"], "Sort Method": "quicksort", "Sort Space Used": 25, "Sort Space Type": "Memory", "Plans": [{"Node Type": "Aggregate", "Strategy": "Hashed", "Parent Relationship": "Outer", "Startup Cost": 2781642.34, "Total Cost": 2781642.35, "Plan Rows": 1, "Plan Width": 24, "Actual Startup Time": 6919.164, "Actual Total Time": 6919.179, "Actual Rows": 5, "Actual Loops": 1, "Group By Key": ["orders.o_orderpriority"], "Plans": [{"Node Type": "Nested Loop", "Parent Relationship": "Outer", "Join Type": "Semi", "Startup Cost": 14566.65, "Total Cost": 2778795.29, "Plan Rows": 569410, "Plan Width": 16, "Actual Startup Time": 240.267, "Actual Total Time": 6616.613, "Actual Rows": 515106, "Actual Loops": 1, "Inner Unique": false, "Plans": [{"Node Type": "Bitmap Heap Scan", "Parent Relationship": "Outer", "Relation Name": "orders", "Alias": "orders", "Startup Cost": 14564.7, "Total Cost": 299524.85, "Plan Rows": 569410, "Plan Width": 24, "Actual Startup Time": 240.164, "Actual Total Time": 1053.131, "Actual Rows": 561612, "Actual Loops": 1, "Recheck Cond": "((o_orderdate >= '1995-01-01 00:00:00'::timestamp(0) without time zone) AND (o_orderdate < '1995-04-01 00:00:00'::timestamp without time zone)), (LLVM Optimized, Jit Execute)", "Rows Removed by Index Recheck": 0, "Exact Heap Blocks": 241676, "Lossy Heap Blocks": 241676, "Plans": [{"Node Type": "Bitmap Index Scan", "Parent Relationship": "Outer", "Index Name": "idx_orders_orderdate", "Startup Cost": 0.0, "Total Cost": 14422.35, "Plan Rows": 569410, "Plan Width": 0, "Actual Startup Time": 164.521, "Actual Total Time": 164.521, "Actual Rows": 561612, "Actual Loops": 1, "Index Cond": "((o_orderdate >= '1995-01-01 00:00:00'::timestamp(0) without time zone) AND (o_orderdate < '1995-04-01 00:00:00'::timestamp without time zone))"}]}, {"Node Type": "Bitmap Heap Scan", "Parent Relationship": "Inner", "Relation Name": "lineitem", "Alias": "lineitem", "Startup Cost": 1.94, "Total Cost": 14.06, "Plan Rows": 3, "Plan Width": 8, "Actual Startup Time": 4815.896, "Actual Total Time": 4815.896, "Actual Rows": 515106, "Actual Loops": 561612, "Recheck Cond": "(l_orderkey = orders.o_orderkey)", "Rows Removed by Index Recheck": 0, "Filter": "(l_commitdate < l_receiptdate)", "Rows Removed by Filter": 299676, "Exact Heap Blocks": 567798, "Lossy Heap Blocks": 567798, "Plans": [{"Node Type": "Bitmap Index Scan", "Parent Relationship": "Outer", "Index Name": "idx_lineitem_orderkey", "Startup Cost": 0.0, "Total Cost": 1.94, "Plan Rows": 9, "Plan Width": 0, "Actual Startup Time": 2461.174, "Actual Total Time": 2461.174, "Actual Rows": 2246588, "Actual Loops": 561612, "Index Cond": "(l_orderkey = orders.o_orderkey)"}]}]}]}]}, "Triggers": [], "Planner Runtime": 0, "Total Runtime": 6932.479, "Unique SQL Id": 3745551476}}, "(16, 104)": {"explain_plan": {"Plan": {"Node Type": "Sort", "Startup Cost": 223060.11, "Total Cost": 223060.12, "Plan Rows": 1, "Plan Width": 24, "Sort Key": ["orders.o_orderpriority"], "Plans": [{"Node Type": "Streaming(type: LOCAL GATHER dop: 1/16)", "Parent Relationship": "Outer", "Startup Cost": 223060.1, "Total Cost": 223060.1, "Plan Rows": 1, "Plan Width": 24, "Plans": [{"Node Type": "Aggregate", "Strategy": "Hashed", "Parent Relationship": "Outer", "Startup Cost": 223060.1, "Total Cost": 223060.1, "Plan Rows": 1, "Plan Width": 24, "Group By Key": ["orders.o_orderpriority"], "Plans": [{"Node Type": "Streaming(type: LOCAL REDISTRIBUTE dop: 16/16)", "Parent Relationship": "Outer", "Startup Cost": 223060.07, "Total Cost": 223060.1, "Plan Rows": 1, "Plan Width": 24, "Plans": [{"Node Type": "Aggregate", "Strategy": "Hashed", "Parent Relationship": "Outer", "Startup Cost": 223060.07, "Total Cost": 223060.07, "Plan Rows": 1, "Plan Width": 24, "Group By Key": ["orders.o_orderpriority"], "Plans": [{"Node Type": "Hash Join", "Parent Relationship": "Outer", "Join Type": "Inner", "Startup Cost": 199987.41, "Total Cost": 222882.13, "Plan Rows": 569410, "Plan Width": 16, "Inner Unique": true, "Hash Cond": "(lineitem.l_orderkey = orders.o_orderkey), (LLVM Optimized)", "Plans": [{"Node Type": "Aggregate", "Strategy": "Hashed", "Parent Relationship": "Outer", "Startup Cost": 178507.06, "Total Cost": 179883.48, "Plan Rows": 2202268, "Plan Width": 8, "Group By Key": ["lineitem.l_orderkey"], "Plans": [{"Node Type": "Streaming(type: LOCAL REDISTRIBUTE dop: 16/16)", "Parent Relationship": "Outer", "Startup Cost": 153442.01, "Total Cost": 178162.96, "Plan Rows": 2202268, "Plan Width": 8, "Plans": [{"Node Type": "Aggregate", "Strategy": "Hashed", "Parent Relationship": "Outer", "Startup Cost": 153442.01, "Total Cost": 154818.42, "Plan Rows": 2202268, "Plan Width": 8, "Group By Key": ["lineitem.l_orderkey"], "Plans": [{"Node Type": "Seq Scan", "Parent Relationship": "Outer", "Relation Name": "lineitem", "Alias": "lineitem", "Startup Cost": 0.0, "Total Cost": 150317.68, "Plan Rows": 19995678, "Plan Width": 8, "Filter": "(l_commitdate < l_receiptdate), (LLVM Optimized)"}]}]}]}, {"Node Type": "Hash", "Parent Relationship": "Inner", "Startup Cost": 63495.73, "Total Cost": 63495.73, "Plan Rows": 569410, "Plan Width": 24, "Plans": [{"Node Type": "Streaming(type: LOCAL REDISTRIBUTE dop: 16/16)", "Parent Relationship": "Outer", "Startup Cost": 37.76, "Total Cost": 63495.73, "Plan Rows": 569410, "Plan Width": 24, "Plans": [{"Node Type": "Seq Scan", "Parent Relationship": "Outer", "Relation Name": "orders", "Alias": "orders", "Startup Cost": 37.76, "Total Cost": 46338.2, "Plan Rows": 569410, "Plan Width": 24, "Filter": "((o_orderdate >= '1995-01-01 00:00:00'::timestamp(0) without time zone) AND (o_orderdate < '1995-04-01 00:00:00'::timestamp without time zone)), (LLVM Optimized)"}]}]}]}]}]}]}]}]}, "Unique SQL Id": 3745551476, "Planner Runtime": 0}, "explain_analyze_plan": {"Plan": {"Node Type": "Sort", "Startup Cost": 223060.11, "Total Cost": 223060.12, "Plan Rows": 1, "Plan Width": 24, "Actual Min Startup Time": 5326.268, "Actual Max Startup Time": 5326.268, "Actual Min Total Time": 5326.269, "Actual Max Total Time": 5326.269, "Sort Key": ["orders.o_orderpriority"], "Sort Method": "quicksort", "Sort Space Min Used": 25, "Sort Space Max Used": 25, "Sort Space Type": "Memory", "Plans": [{"Node Type": "Streaming(type: LOCAL GATHER dop: 1/16)", "Parent Relationship": "Outer", "Startup Cost": 223060.1, "Total Cost": 223060.1, "Plan Rows": 1, "Plan Width": 24, "Actual Min Startup Time": 5325.981, "Actual Max Startup Time": 5325.981, "Actual Min Total Time": 5326.201, "Actual Max Total Time": 5326.201, "Plans": [{"Node Type": "Aggregate", "Strategy": "Hashed", "Parent Relationship": "Outer", "Startup Cost": 223060.1, "Total Cost": 223060.1, "Plan Rows": 1, "Plan Width": 24, "Actual Min Startup Time": 5241.572, "Actual Max Startup Time": 5273.993, "Actual Min Total Time": 5241.572, "Actual Max Total Time": 5273.993, "Group By Key": ["orders.o_orderpriority"], "Plans": [{"Node Type": "Streaming(type: LOCAL REDISTRIBUTE dop: 16/16)", "Parent Relationship": "Outer", "Startup Cost": 223060.07, "Total Cost": 223060.1, "Plan Rows": 1, "Plan Width": 24, "Actual Min Startup Time": 5184.678, "Actual Max Startup Time": 5273.984, "Actual Min Total Time": 5241.566, "Actual Max Total Time": 5273.984, "Plans": [{"Node Type": "Aggregate", "Strategy": "Hashed", "Parent Relationship": "Outer", "Startup Cost": 223060.07, "Total Cost": 223060.07, "Plan Rows": 1, "Plan Width": 24, "Actual Min Startup Time": 5118.77, "Actual Max Startup Time": 5250.137, "Actual Min Total Time": 5118.772, "Actual Max Total Time": 5250.14, "Group By Key": ["orders.o_orderpriority"], "Plans": [{"Node Type": "Hash Join", "Parent Relationship": "Outer", "Join Type": "Inner", "Startup Cost": 199987.41, "Total Cost": 222882.13, "Plan Rows": 569410, "Plan Width": 16, "Actual Min Startup Time": 4788.695, "Actual Max Startup Time": 4877.328, "Actual Min Total Time": 5105.267, "Actual Max Total Time": 5237.07, "Inner Unique": true, "Hash Cond": "(lineitem.l_orderkey = orders.o_orderkey), (LLVM Optimized, Jit Execute)", "Plans": [{"Node Type": "Aggregate", "Strategy": "Hashed", "Parent Relationship": "Outer", "Startup Cost": 178507.06, "Total Cost": 179883.48, "Plan Rows": 2202268, "Plan Width": 8, "Actual Min Startup Time": 4318.042, "Actual Max Startup Time": 4318.214, "Actual Min Total Time": 4470.778, "Actual Max Total Time": 4515.862, "Group By Key": ["lineitem.l_orderkey"], "Plans": [{"Node Type": "Streaming(type: LOCAL REDISTRIBUTE dop: 16/16)", "Parent Relationship": "Outer", "Startup Cost": 153442.01, "Total Cost": 178162.96, "Plan Rows": 2202268, "Plan Width": 8, "Actual Min Startup Time": 2156.969, "Actual Max Startup Time": 2158.381, "Actual Min Total Time": 3852.509, "Actual Max Total Time": 3925.326, "Plans": [{"Node Type": "Aggregate", "Strategy": "Hashed", "Parent Relationship": "Outer", "Startup Cost": 153442.01, "Total Cost": 154818.42, "Plan Rows": 2202268, "Plan Width": 8, "Actual Min Startup Time": 2704.393, "Actual Max Startup Time": 3047.185, "Actual Min Total Time": 2999.133, "Actual Max Total Time": 3445.708, "Group By Key": ["lineitem.l_orderkey"], "Plans": [{"Node Type": "Seq Scan", "Parent Relationship": "Outer", "Relation Name": "lineitem", "Alias": "lineitem", "Startup Cost": 0.0, "Total Cost": 150317.68, "Plan Rows": 19995678, "Plan Width": 8, "Actual Min Startup Time": 0.02, "Actual Max Startup Time": 0.044, "Actual Min Total Time": 1763.072, "Actual Max Total Time": 1876.643, "Filter": "(l_commitdate < l_receiptdate), (LLVM Optimized, Jit Execute)", "Rows Removed by Filter": 22056704, "Actual Rows": 37929348}], "Actual Rows": 13761080}], "Actual Rows": 13761080}], "Actual Rows": 13753474}, {"Node Type": "Hash", "Parent Relationship": "Inner", "Startup Cost": 63495.73, "Total Cost": 63495.73, "Plan Rows": 569410, "Plan Width": 24, "Actual Min Startup Time": 470.505, "Actual Max Startup Time": 559.062, "Actual Min Total Time": 470.505, "Actual Max Total Time": 559.062, "Max Hash Buckets": 65536, "Min Hash Buckets": 65536, "Max Hash Batches": 1, "Min Hash Batches": 1, "Max Original Hash Batches": 1, "Min Original Hash Batches": 1, "Max Peak Memory Usage": 1899, "min Peak Memory Usage": 1899, "Plans": [{"Node Type": "Streaming(type: LOCAL REDISTRIBUTE dop: 16/16)", "Parent Relationship": "Outer", "Startup Cost": 37.76, "Total Cost": 63495.73, "Plan Rows": 569410, "Plan Width": 24, "Actual Min Startup Time": 0.045, "Actual Max Startup Time": 87.172, "Actual Min Total Time": 459.295, "Actual Max Total Time": 546.654, "Plans": [{"Node Type": "Seq Scan", "Parent Relationship": "Outer", "Relation Name": "orders", "Alias": "orders", "Startup Cost": 37.76, "Total Cost": 46338.2, "Plan Rows": 569410, "Plan Width": 24, "Actual Min Startup Time": 0.032, "Actual Max Startup Time": 0.061, "Actual Min Total Time": 394.261, "Actual Max Total Time": 423.116, "Filter": "((o_orderdate >= '1995-01-01 00:00:00'::timestamp(0) without time zone) AND (o_orderdate < '1995-04-01 00:00:00'::timestamp without time zone)), (LLVM Optimized, Jit Execute)", "Rows Removed by Filter": 14438388, "Actual Rows": 561612}], "Actual Rows": 561612}], "Actual Rows": 561612}], "Actual Rows": 515106}], "Actual Rows": 80}], "Actual Rows": 80}], "Actual Rows": 5}], "Actual Rows": 5}], "Actual Rows": 5}, "Triggers": [], "Planner Runtime": 0, "Total Runtime": 5347.731, "Unique SQL Id": 3745551476}}, "(16, 105)": {"explain_plan": {"Plan": {"Node Type": "Sort", "Startup Cost": 1239498.42, "Total Cost": 1239498.42, "Plan Rows": 1, "Plan Width": 24, "Sort Key": ["orders.o_orderpriority"], "Plans": [{"Node Type": "Aggregate", "Strategy": "Hashed", "Parent Relationship": "Outer", "Startup Cost": 1239498.4, "Total Cost": 1239498.41, "Plan Rows": 1, "Plan Width": 24, "Group By Key": ["orders.o_orderpriority"], "Plans": [{"Node Type": "Nested Loop", "Parent Relationship": "Outer", "Join Type": "Semi", "Startup Cost": 0.0, "Total Cost": 1236651.35, "Plan Rows": 569410, "Plan Width": 16, "Inner Unique": false, "Plans": [{"Node Type": "Streaming(type: LOCAL GATHER dop: 1/16)", "Parent Relationship": "Outer", "Startup Cost": 0.0, "Total Cost": 622334.68, "Plan Rows": 569410, "Plan Width": 24, "Plans": [{"Node Type": "Index Scan", "Parent Relationship": "Outer", "Scan Direction": "Forward", "Index Name": "orders_pkey", "Relation Name": "orders", "Alias": "orders", "Startup Cost": 0.0, "Total Cost": 610045.66, "Plan Rows": 569410, "Plan Width": 24, "Filter": "((o_orderdate >= '1995-01-01 00:00:00'::timestamp(0) without time zone) AND (o_orderdate < '1995-04-01 00:00:00'::timestamp without time zone)), (LLVM Optimized)"}]}, {"Node Type": "Index Scan", "Parent Relationship": "Inner", "Scan Direction": "Forward", "Index Name": "idx_lineitem_orderkey", "Relation Name": "lineitem", "Alias": "lineitem", "Startup Cost": 0.0, "Total Cost": 5.41, "Plan Rows": 3, "Plan Width": 8, "Index Cond": "(l_orderkey = orders.o_orderkey)", "Filter": "(l_commitdate < l_receiptdate)"}]}]}]}, "Unique SQL Id": 3745551476, "Planner Runtime": 0}, "explain_analyze_plan": {"Plan": {"Node Type": "Sort", "Startup Cost": 1239498.42, "Total Cost": 1239498.42, "Plan Rows": 1, "Plan Width": 24, "Actual Min Startup Time": 4836.612, "Actual Max Startup Time": 4836.612, "Actual Min Total Time": 4836.613, "Actual Max Total Time": 4836.613, "Sort Key": ["orders.o_orderpriority"], "Sort Method": "quicksort", "Sort Space Min Used": 25, "Sort Space Max Used": 25, "Sort Space Type": "Memory", "Plans": [{"Node Type": "Aggregate", "Strategy": "Hashed", "Parent Relationship": "Outer", "Startup Cost": 1239498.4, "Total Cost": 1239498.41, "Plan Rows": 1, "Plan Width": 24, "Actual Min Startup Time": 4836.574, "Actual Max Startup Time": 4836.574, "Actual Min Total Time": 4836.576, "Actual Max Total Time": 4836.576, "Group By Key": ["orders.o_orderpriority"], "Plans": [{"Node Type": "Nested Loop", "Parent Relationship": "Outer", "Join Type": "Semi", "Startup Cost": 0.0, "Total Cost": 1236651.35, "Plan Rows": 569410, "Plan Width": 16, "Actual Min Startup Time": 174.498, "Actual Max Startup Time": 174.498, "Actual Min Total Time": 4565.385, "Actual Max Total Time": 4565.385, "Inner Unique": false, "Plans": [{"Node Type": "Streaming(type: LOCAL GATHER dop: 1/16)", "Parent Relationship": "Outer", "Startup Cost": 0.0, "Total Cost": 622334.68, "Plan Rows": 569410, "Plan Width": 24, "Actual Min Startup Time": 174.432, "Actual Max Startup Time": 174.432, "Actual Min Total Time": 409.483, "Actual Max Total Time": 409.483, "Plans": [{"Node Type": "Index Scan", "Parent Relationship": "Outer", "Scan Direction": "Forward", "Index Name": "orders_pkey", "Relation Name": "orders", "Alias": "orders", "Startup Cost": 0.0, "Total Cost": 610045.66, "Plan Rows": 569410, "Plan Width": 24, "Actual Min Startup Time": 126.895, "Actual Max Startup Time": 135.2, "Actual Min Total Time": 713.41, "Actual Max Total Time": 809.738, "Filter": "((o_orderdate >= '1995-01-01 00:00:00'::timestamp(0) without time zone) AND (o_orderdate < '1995-04-01 00:00:00'::timestamp without time zone)), (LLVM Optimized, Jit Execute)", "Rows Removed by Filter": 14438388, "Actual Rows": 561612}], "Actual Rows": 561612}, {"Node Type": "Index Scan", "Parent Relationship": "Inner", "Scan Direction": "Forward", "Index Name": "idx_lineitem_orderkey", "Relation Name": "lineitem", "Alias": "lineitem", "Startup Cost": 0.0, "Total Cost": 5.41, "Plan Rows": 3, "Plan Width": 8, "Actual Min Startup Time": 3741.772, "Actual Max Startup Time": 3741.772, "Actual Min Total Time": 3741.772, "Actual Max Total Time": 3741.772, "Index Cond": "(l_orderkey = orders.o_orderkey)", "Rows Removed by Index Recheck": 0, "Filter": "(l_commitdate < l_receiptdate)", "Rows Removed by Filter": 299676, "Actual Rows": 515106}], "Actual Rows": 515106}], "Actual Rows": 5}], "Actual Rows": 5}, "Triggers": [], "Planner Runtime": 0, "Total Runtime": 4847.856, "Unique SQL Id": 3745551476}}, "(16, 106)": {"explain_plan": {"Plan": {"Node Type": "Sort", "Startup Cost": 223060.11, "Total Cost": 223060.12, "Plan Rows": 1, "Plan Width": 24, "Sort Key": ["orders.o_orderpriority"], "Plans": [{"Node Type": "Streaming(type: LOCAL GATHER dop: 1/16)", "Parent Relationship": "Outer", "Startup Cost": 223060.1, "Total Cost": 223060.1, "Plan Rows": 1, "Plan Width": 24, "Plans": [{"Node Type": "Aggregate", "Strategy": "Hashed", "Parent Relationship": "Outer", "Startup Cost": 223060.1, "Total Cost": 223060.1, "Plan Rows": 1, "Plan Width": 24, "Group By Key": ["orders.o_orderpriority"], "Plans": [{"Node Type": "Streaming(type: LOCAL REDISTRIBUTE dop: 16/16)", "Parent Relationship": "Outer", "Startup Cost": 223060.07, "Total Cost": 223060.1, "Plan Rows": 1, "Plan Width": 24, "Plans": [{"Node Type": "Aggregate", "Strategy": "Hashed", "Parent Relationship": "Outer", "Startup Cost": 223060.07, "Total Cost": 223060.07, "Plan Rows": 1, "Plan Width": 24, "Group By Key": ["orders.o_orderpriority"], "Plans": [{"Node Type": "Hash Join", "Parent Relationship": "Outer", "Join Type": "Inner", "Startup Cost": 199987.41, "Total Cost": 222882.13, "Plan Rows": 569410, "Plan Width": 16, "Inner Unique": true, "Hash Cond": "(lineitem.l_orderkey = orders.o_orderkey), (LLVM Optimized)", "Plans": [{"Node Type": "Aggregate", "Strategy": "Hashed", "Parent Relationship": "Outer", "Startup Cost": 178507.06, "Total Cost": 179883.48, "Plan Rows": 2202268, "Plan Width": 8, "Group By Key": ["lineitem.l_orderkey"], "Plans": [{"Node Type": "Streaming(type: LOCAL REDISTRIBUTE dop: 16/16)", "Parent Relationship": "Outer", "Startup Cost": 153442.01, "Total Cost": 178162.96, "Plan Rows": 2202268, "Plan Width": 8, "Plans": [{"Node Type": "Aggregate", "Strategy": "Hashed", "Parent Relationship": "Outer", "Startup Cost": 153442.01, "Total Cost": 154818.42, "Plan Rows": 2202268, "Plan Width": 8, "Group By Key": ["lineitem.l_orderkey"], "Plans": [{"Node Type": "Seq Scan", "Parent Relationship": "Outer", "Relation Name": "lineitem", "Alias": "lineitem", "Startup Cost": 0.0, "Total Cost": 150317.68, "Plan Rows": 19995678, "Plan Width": 8, "Filter": "(l_commitdate < l_receiptdate), (LLVM Optimized)"}]}]}]}, {"Node Type": "Hash", "Parent Relationship": "Inner", "Startup Cost": 63495.73, "Total Cost": 63495.73, "Plan Rows": 569410, "Plan Width": 24, "Plans": [{"Node Type": "Streaming(type: LOCAL REDISTRIBUTE dop: 16/16)", "Parent Relationship": "Outer", "Startup Cost": 37.76, "Total Cost": 63495.73, "Plan Rows": 569410, "Plan Width": 24, "Plans": [{"Node Type": "Seq Scan", "Parent Relationship": "Outer", "Relation Name": "orders", "Alias": "orders", "Startup Cost": 37.76, "Total Cost": 46338.2, "Plan Rows": 569410, "Plan Width": 24, "Filter": "((o_orderdate >= '1995-01-01 00:00:00'::timestamp(0) without time zone) AND (o_orderdate < '1995-04-01 00:00:00'::timestamp without time zone)), (LLVM Optimized)"}]}]}]}]}]}]}]}]}, "Unique SQL Id": 3745551476, "Planner Runtime": 0}, "explain_analyze_plan": {"Plan": {"Node Type": "Sort", "Startup Cost": 223060.11, "Total Cost": 223060.12, "Plan Rows": 1, "Plan Width": 24, "Actual Min Startup Time": 5326.268, "Actual Max Startup Time": 5326.268, "Actual Min Total Time": 5326.269, "Actual Max Total Time": 5326.269, "Sort Key": ["orders.o_orderpriority"], "Sort Method": "quicksort", "Sort Space Min Used": 25, "Sort Space Max Used": 25, "Sort Space Type": "Memory", "Plans": [{"Node Type": "Streaming(type: LOCAL GATHER dop: 1/16)", "Parent Relationship": "Outer", "Startup Cost": 223060.1, "Total Cost": 223060.1, "Plan Rows": 1, "Plan Width": 24, "Actual Min Startup Time": 5325.981, "Actual Max Startup Time": 5325.981, "Actual Min Total Time": 5326.201, "Actual Max Total Time": 5326.201, "Plans": [{"Node Type": "Aggregate", "Strategy": "Hashed", "Parent Relationship": "Outer", "Startup Cost": 223060.1, "Total Cost": 223060.1, "Plan Rows": 1, "Plan Width": 24, "Actual Min Startup Time": 5241.572, "Actual Max Startup Time": 5273.993, "Actual Min Total Time": 5241.572, "Actual Max Total Time": 5273.993, "Group By Key": ["orders.o_orderpriority"], "Plans": [{"Node Type": "Streaming(type: LOCAL REDISTRIBUTE dop: 16/16)", "Parent Relationship": "Outer", "Startup Cost": 223060.07, "Total Cost": 223060.1, "Plan Rows": 1, "Plan Width": 24, "Actual Min Startup Time": 5184.678, "Actual Max Startup Time": 5273.984, "Actual Min Total Time": 5241.566, "Actual Max Total Time": 5273.984, "Plans": [{"Node Type": "Aggregate", "Strategy": "Hashed", "Parent Relationship": "Outer", "Startup Cost": 223060.07, "Total Cost": 223060.07, "Plan Rows": 1, "Plan Width": 24, "Actual Min Startup Time": 5118.77, "Actual Max Startup Time": 5250.137, "Actual Min Total Time": 5118.772, "Actual Max Total Time": 5250.14, "Group By Key": ["orders.o_orderpriority"], "Plans": [{"Node Type": "Hash Join", "Parent Relationship": "Outer", "Join Type": "Inner", "Startup Cost": 199987.41, "Total Cost": 222882.13, "Plan Rows": 569410, "Plan Width": 16, "Actual Min Startup Time": 4788.695, "Actual Max Startup Time": 4877.328, "Actual Min Total Time": 5105.267, "Actual Max Total Time": 5237.07, "Inner Unique": true, "Hash Cond": "(lineitem.l_orderkey = orders.o_orderkey), (LLVM Optimized, Jit Execute)", "Plans": [{"Node Type": "Aggregate", "Strategy": "Hashed", "Parent Relationship": "Outer", "Startup Cost": 178507.06, "Total Cost": 179883.48, "Plan Rows": 2202268, "Plan Width": 8, "Actual Min Startup Time": 4318.042, "Actual Max Startup Time": 4318.214, "Actual Min Total Time": 4470.778, "Actual Max Total Time": 4515.862, "Group By Key": ["lineitem.l_orderkey"], "Plans": [{"Node Type": "Streaming(type: LOCAL REDISTRIBUTE dop: 16/16)", "Parent Relationship": "Outer", "Startup Cost": 153442.01, "Total Cost": 178162.96, "Plan Rows": 2202268, "Plan Width": 8, "Actual Min Startup Time": 2156.969, "Actual Max Startup Time": 2158.381, "Actual Min Total Time": 3852.509, "Actual Max Total Time": 3925.326, "Plans": [{"Node Type": "Aggregate", "Strategy": "Hashed", "Parent Relationship": "Outer", "Startup Cost": 153442.01, "Total Cost": 154818.42, "Plan Rows": 2202268, "Plan Width": 8, "Actual Min Startup Time": 2704.393, "Actual Max Startup Time": 3047.185, "Actual Min Total Time": 2999.133, "Actual Max Total Time": 3445.708, "Group By Key": ["lineitem.l_orderkey"], "Plans": [{"Node Type": "Seq Scan", "Parent Relationship": "Outer", "Relation Name": "lineitem", "Alias": "lineitem", "Startup Cost": 0.0, "Total Cost": 150317.68, "Plan Rows": 19995678, "Plan Width": 8, "Actual Min Startup Time": 0.02, "Actual Max Startup Time": 0.044, "Actual Min Total Time": 1763.072, "Actual Max Total Time": 1876.643, "Filter": "(l_commitdate < l_receiptdate), (LLVM Optimized, Jit Execute)", "Rows Removed by Filter": 22056704, "Actual Rows": 37929348}], "Actual Rows": 13761080}], "Actual Rows": 13761080}], "Actual Rows": 13753474}, {"Node Type": "Hash", "Parent Relationship": "Inner", "Startup Cost": 63495.73, "Total Cost": 63495.73, "Plan Rows": 569410, "Plan Width": 24, "Actual Min Startup Time": 470.505, "Actual Max Startup Time": 559.062, "Actual Min Total Time": 470.505, "Actual Max Total Time": 559.062, "Max Hash Buckets": 65536, "Min Hash Buckets": 65536, "Max Hash Batches": 1, "Min Hash Batches": 1, "Max Original Hash Batches": 1, "Min Original Hash Batches": 1, "Max Peak Memory Usage": 1899, "min Peak Memory Usage": 1899, "Plans": [{"Node Type": "Streaming(type: LOCAL REDISTRIBUTE dop: 16/16)", "Parent Relationship": "Outer", "Startup Cost": 37.76, "Total Cost": 63495.73, "Plan Rows": 569410, "Plan Width": 24, "Actual Min Startup Time": 0.045, "Actual Max Startup Time": 87.172, "Actual Min Total Time": 459.295, "Actual Max Total Time": 546.654, "Plans": [{"Node Type": "Seq Scan", "Parent Relationship": "Outer", "Relation Name": "orders", "Alias": "orders", "Startup Cost": 37.76, "Total Cost": 46338.2, "Plan Rows": 569410, "Plan Width": 24, "Actual Min Startup Time": 0.032, "Actual Max Startup Time": 0.061, "Actual Min Total Time": 394.261, "Actual Max Total Time": 423.116, "Filter": "((o_orderdate >= '1995-01-01 00:00:00'::timestamp(0) without time zone) AND (o_orderdate < '1995-04-01 00:00:00'::timestamp without time zone)), (LLVM Optimized, Jit Execute)", "Rows Removed by Filter": 14438388, "Actual Rows": 561612}], "Actual Rows": 561612}], "Actual Rows": 561612}], "Actual Rows": 515106}], "Actual Rows": 80}], "Actual Rows": 80}], "Actual Rows": 5}], "Actual Rows": 5}], "Actual Rows": 5}, "Triggers": [], "Planner Runtime": 0, "Total Runtime": 5347.731, "Unique SQL Id": 3745551476}}, "(16, 107)": {"explain_plan": {"Plan": {"Node Type": "Sort", "Startup Cost": 2000419705357.26, "Total Cost": 2000419705357.26, "Plan Rows": 1, "Plan Width": 24, "Sort Key": ["orders.o_orderpriority"], "Plans": [{"Node Type": "Aggregate", "Strategy": "Hashed", "Parent Relationship": "Outer", "Startup Cost": 2000419705357.24, "Total Cost": 2000419705357.25, "Plan Rows": 1, "Plan Width": 24, "Group By Key": ["orders.o_orderpriority"], "Plans": [{"Node Type": "Hash Join", "Parent Relationship": "Outer", "Join Type": "Right Semi", "Startup Cost": 1010080604700.62, "Total Cost": 2000419702510.19, "Plan Rows": 569410, "Plan Width": 16, "Inner Unique": true, "Hash Cond": "(lineitem.l_orderkey = orders.o_orderkey), (LLVM Optimized)", "Plans": [{"Node Type": "Index Scan", "Parent Relationship": "Outer", "Scan Direction": "Forward", "Index Name": "idx_lineitem_orderkey", "Relation Name": "lineitem", "Alias": "lineitem", "Startup Cost": 10000000000.0, "Total Cost": 1000339012132.75, "Plan Rows": 19995678, "Plan Width": 8, "Filter": "(l_commitdate < l_receiptdate), (LLVM Optimized)"}, {"Node Type": "Hash", "Parent Relationship": "Inner", "Startup Cost": 1000080597583.0, "Total Cost": 1000080597583.0, "Plan Rows": 569410, "Plan Width": 24, "Plans": [{"Node Type": "Index Scan", "Parent Relationship": "Outer", "Scan Direction": "Forward", "Index Name": "orders_pkey", "Relation Name": "orders", "Alias": "orders", "Startup Cost": 10000000000.0, "Total Cost": 1000080597583.0, "Plan Rows": 569410, "Plan Width": 24, "Filter": "((o_orderdate >= '1995-01-01 00:00:00'::timestamp(0) without time zone) AND (o_orderdate < '1995-04-01 00:00:00'::timestamp without time zone)), (LLVM Optimized)"}]}]}]}]}, "Unique SQL Id": 3745551476, "Planner Runtime": 0}, "explain_analyze_plan": null}, "(16, 108)": {"explain_plan": {"Plan": {"Node Type": "Sort", "Startup Cost": 223060.11, "Total Cost": 223060.12, "Plan Rows": 1, "Plan Width": 24, "Sort Key": ["orders.o_orderpriority"], "Plans": [{"Node Type": "Streaming(type: LOCAL GATHER dop: 1/16)", "Parent Relationship": "Outer", "Startup Cost": 223060.1, "Total Cost": 223060.1, "Plan Rows": 1, "Plan Width": 24, "Plans": [{"Node Type": "Aggregate", "Strategy": "Hashed", "Parent Relationship": "Outer", "Startup Cost": 223060.1, "Total Cost": 223060.1, "Plan Rows": 1, "Plan Width": 24, "Group By Key": ["orders.o_orderpriority"], "Plans": [{"Node Type": "Streaming(type: LOCAL REDISTRIBUTE dop: 16/16)", "Parent Relationship": "Outer", "Startup Cost": 223060.07, "Total Cost": 223060.1, "Plan Rows": 1, "Plan Width": 24, "Plans": [{"Node Type": "Aggregate", "Strategy": "Hashed", "Parent Relationship": "Outer", "Startup Cost": 223060.07, "Total Cost": 223060.07, "Plan Rows": 1, "Plan Width": 24, "Group By Key": ["orders.o_orderpriority"], "Plans": [{"Node Type": "Hash Join", "Parent Relationship": "Outer", "Join Type": "Inner", "Startup Cost": 199987.41, "Total Cost": 222882.13, "Plan Rows": 569410, "Plan Width": 16, "Inner Unique": true, "Hash Cond": "(lineitem.l_orderkey = orders.o_orderkey), (LLVM Optimized)", "Plans": [{"Node Type": "Aggregate", "Strategy": "Hashed", "Parent Relationship": "Outer", "Startup Cost": 178507.06, "Total Cost": 179883.48, "Plan Rows": 2202268, "Plan Width": 8, "Group By Key": ["lineitem.l_orderkey"], "Plans": [{"Node Type": "Streaming(type: LOCAL REDISTRIBUTE dop: 16/16)", "Parent Relationship": "Outer", "Startup Cost": 153442.01, "Total Cost": 178162.96, "Plan Rows": 2202268, "Plan Width": 8, "Plans": [{"Node Type": "Aggregate", "Strategy": "Hashed", "Parent Relationship": "Outer", "Startup Cost": 153442.01, "Total Cost": 154818.42, "Plan Rows": 2202268, "Plan Width": 8, "Group By Key": ["lineitem.l_orderkey"], "Plans": [{"Node Type": "Seq Scan", "Parent Relationship": "Outer", "Relation Name": "lineitem", "Alias": "lineitem", "Startup Cost": 0.0, "Total Cost": 150317.68, "Plan Rows": 19995678, "Plan Width": 8, "Filter": "(l_commitdate < l_receiptdate), (LLVM Optimized)"}]}]}]}, {"Node Type": "Hash", "Parent Relationship": "Inner", "Startup Cost": 63495.73, "Total Cost": 63495.73, "Plan Rows": 569410, "Plan Width": 24, "Plans": [{"Node Type": "Streaming(type: LOCAL REDISTRIBUTE dop: 16/16)", "Parent Relationship": "Outer", "Startup Cost": 37.76, "Total Cost": 63495.73, "Plan Rows": 569410, "Plan Width": 24, "Plans": [{"Node Type": "Seq Scan", "Parent Relationship": "Outer", "Relation Name": "orders", "Alias": "orders", "Startup Cost": 37.76, "Total Cost": 46338.2, "Plan Rows": 569410, "Plan Width": 24, "Filter": "((o_orderdate >= '1995-01-01 00:00:00'::timestamp(0) without time zone) AND (o_orderdate < '1995-04-01 00:00:00'::timestamp without time zone)), (LLVM Optimized)"}]}]}]}]}]}]}]}]}, "Unique SQL Id": 3745551476, "Planner Runtime": 0}, "explain_analyze_plan": {"Plan": {"Node Type": "Sort", "Startup Cost": 223060.11, "Total Cost": 223060.12, "Plan Rows": 1, "Plan Width": 24, "Actual Min Startup Time": 5326.268, "Actual Max Startup Time": 5326.268, "Actual Min Total Time": 5326.269, "Actual Max Total Time": 5326.269, "Sort Key": ["orders.o_orderpriority"], "Sort Method": "quicksort", "Sort Space Min Used": 25, "Sort Space Max Used": 25, "Sort Space Type": "Memory", "Plans": [{"Node Type": "Streaming(type: LOCAL GATHER dop: 1/16)", "Parent Relationship": "Outer", "Startup Cost": 223060.1, "Total Cost": 223060.1, "Plan Rows": 1, "Plan Width": 24, "Actual Min Startup Time": 5325.981, "Actual Max Startup Time": 5325.981, "Actual Min Total Time": 5326.201, "Actual Max Total Time": 5326.201, "Plans": [{"Node Type": "Aggregate", "Strategy": "Hashed", "Parent Relationship": "Outer", "Startup Cost": 223060.1, "Total Cost": 223060.1, "Plan Rows": 1, "Plan Width": 24, "Actual Min Startup Time": 5241.572, "Actual Max Startup Time": 5273.993, "Actual Min Total Time": 5241.572, "Actual Max Total Time": 5273.993, "Group By Key": ["orders.o_orderpriority"], "Plans": [{"Node Type": "Streaming(type: LOCAL REDISTRIBUTE dop: 16/16)", "Parent Relationship": "Outer", "Startup Cost": 223060.07, "Total Cost": 223060.1, "Plan Rows": 1, "Plan Width": 24, "Actual Min Startup Time": 5184.678, "Actual Max Startup Time": 5273.984, "Actual Min Total Time": 5241.566, "Actual Max Total Time": 5273.984, "Plans": [{"Node Type": "Aggregate", "Strategy": "Hashed", "Parent Relationship": "Outer", "Startup Cost": 223060.07, "Total Cost": 223060.07, "Plan Rows": 1, "Plan Width": 24, "Actual Min Startup Time": 5118.77, "Actual Max Startup Time": 5250.137, "Actual Min Total Time": 5118.772, "Actual Max Total Time": 5250.14, "Group By Key": ["orders.o_orderpriority"], "Plans": [{"Node Type": "Hash Join", "Parent Relationship": "Outer", "Join Type": "Inner", "Startup Cost": 199987.41, "Total Cost": 222882.13, "Plan Rows": 569410, "Plan Width": 16, "Actual Min Startup Time": 4788.695, "Actual Max Startup Time": 4877.328, "Actual Min Total Time": 5105.267, "Actual Max Total Time": 5237.07, "Inner Unique": true, "Hash Cond": "(lineitem.l_orderkey = orders.o_orderkey), (LLVM Optimized, Jit Execute)", "Plans": [{"Node Type": "Aggregate", "Strategy": "Hashed", "Parent Relationship": "Outer", "Startup Cost": 178507.06, "Total Cost": 179883.48, "Plan Rows": 2202268, "Plan Width": 8, "Actual Min Startup Time": 4318.042, "Actual Max Startup Time": 4318.214, "Actual Min Total Time": 4470.778, "Actual Max Total Time": 4515.862, "Group By Key": ["lineitem.l_orderkey"], "Plans": [{"Node Type": "Streaming(type: LOCAL REDISTRIBUTE dop: 16/16)", "Parent Relationship": "Outer", "Startup Cost": 153442.01, "Total Cost": 178162.96, "Plan Rows": 2202268, "Plan Width": 8, "Actual Min Startup Time": 2156.969, "Actual Max Startup Time": 2158.381, "Actual Min Total Time": 3852.509, "Actual Max Total Time": 3925.326, "Plans": [{"Node Type": "Aggregate", "Strategy": "Hashed", "Parent Relationship": "Outer", "Startup Cost": 153442.01, "Total Cost": 154818.42, "Plan Rows": 2202268, "Plan Width": 8, "Actual Min Startup Time": 2704.393, "Actual Max Startup Time": 3047.185, "Actual Min Total Time": 2999.133, "Actual Max Total Time": 3445.708, "Group By Key": ["lineitem.l_orderkey"], "Plans": [{"Node Type": "Seq Scan", "Parent Relationship": "Outer", "Relation Name": "lineitem", "Alias": "lineitem", "Startup Cost": 0.0, "Total Cost": 150317.68, "Plan Rows": 19995678, "Plan Width": 8, "Actual Min Startup Time": 0.02, "Actual Max Startup Time": 0.044, "Actual Min Total Time": 1763.072, "Actual Max Total Time": 1876.643, "Filter": "(l_commitdate < l_receiptdate), (LLVM Optimized, Jit Execute)", "Rows Removed by Filter": 22056704, "Actual Rows": 37929348}], "Actual Rows": 13761080}], "Actual Rows": 13761080}], "Actual Rows": 13753474}, {"Node Type": "Hash", "Parent Relationship": "Inner", "Startup Cost": 63495.73, "Total Cost": 63495.73, "Plan Rows": 569410, "Plan Width": 24, "Actual Min Startup Time": 470.505, "Actual Max Startup Time": 559.062, "Actual Min Total Time": 470.505, "Actual Max Total Time": 559.062, "Max Hash Buckets": 65536, "Min Hash Buckets": 65536, "Max Hash Batches": 1, "Min Hash Batches": 1, "Max Original Hash Batches": 1, "Min Original Hash Batches": 1, "Max Peak Memory Usage": 1899, "min Peak Memory Usage": 1899, "Plans": [{"Node Type": "Streaming(type: LOCAL REDISTRIBUTE dop: 16/16)", "Parent Relationship": "Outer", "Startup Cost": 37.76, "Total Cost": 63495.73, "Plan Rows": 569410, "Plan Width": 24, "Actual Min Startup Time": 0.045, "Actual Max Startup Time": 87.172, "Actual Min Total Time": 459.295, "Actual Max Total Time": 546.654, "Plans": [{"Node Type": "Seq Scan", "Parent Relationship": "Outer", "Relation Name": "orders", "Alias": "orders", "Startup Cost": 37.76, "Total Cost": 46338.2, "Plan Rows": 569410, "Plan Width": 24, "Actual Min Startup Time": 0.032, "Actual Max Startup Time": 0.061, "Actual Min Total Time": 394.261, "Actual Max Total Time": 423.116, "Filter": "((o_orderdate >= '1995-01-01 00:00:00'::timestamp(0) without time zone) AND (o_orderdate < '1995-04-01 00:00:00'::timestamp without time zone)), (LLVM Optimized, Jit Execute)", "Rows Removed by Filter": 14438388, "Actual Rows": 561612}], "Actual Rows": 561612}], "Actual Rows": 561612}], "Actual Rows": 515106}], "Actual Rows": 80}], "Actual Rows": 80}], "Actual Rows": 5}], "Actual Rows": 5}], "Actual Rows": 5}, "Triggers": [], "Planner Runtime": 0, "Total Runtime": 5347.731, "Unique SQL Id": 3745551476}}, "(16, 109)": {"explain_plan": {"Plan": {"Node Type": "Sort", "Startup Cost": 1239498.42, "Total Cost": 1239498.42, "Plan Rows": 1, "Plan Width": 24, "Sort Key": ["orders.o_orderpriority"], "Plans": [{"Node Type": "Aggregate", "Strategy": "Hashed", "Parent Relationship": "Outer", "Startup Cost": 1239498.4, "Total Cost": 1239498.41, "Plan Rows": 1, "Plan Width": 24, "Group By Key": ["orders.o_orderpriority"], "Plans": [{"Node Type": "Nested Loop", "Parent Relationship": "Outer", "Join Type": "Semi", "Startup Cost": 0.0, "Total Cost": 1236651.35, "Plan Rows": 569410, "Plan Width": 16, "Inner Unique": false, "Plans": [{"Node Type": "Streaming(type: LOCAL GATHER dop: 1/16)", "Parent Relationship": "Outer", "Startup Cost": 0.0, "Total Cost": 622334.68, "Plan Rows": 569410, "Plan Width": 24, "Plans": [{"Node Type": "Index Scan", "Parent Relationship": "Outer", "Scan Direction": "Forward", "Index Name": "orders_pkey", "Relation Name": "orders", "Alias": "orders", "Startup Cost": 0.0, "Total Cost": 610045.66, "Plan Rows": 569410, "Plan Width": 24, "Filter": "((o_orderdate >= '1995-01-01 00:00:00'::timestamp(0) without time zone) AND (o_orderdate < '1995-04-01 00:00:00'::timestamp without time zone)), (LLVM Optimized)"}]}, {"Node Type": "Index Scan", "Parent Relationship": "Inner", "Scan Direction": "Forward", "Index Name": "idx_lineitem_orderkey", "Relation Name": "lineitem", "Alias": "lineitem", "Startup Cost": 0.0, "Total Cost": 5.41, "Plan Rows": 3, "Plan Width": 8, "Index Cond": "(l_orderkey = orders.o_orderkey)", "Filter": "(l_commitdate < l_receiptdate)"}]}]}]}, "Unique SQL Id": 3745551476, "Planner Runtime": 0}, "explain_analyze_plan": {"Plan": {"Node Type": "Sort", "Startup Cost": 1239498.42, "Total Cost": 1239498.42, "Plan Rows": 1, "Plan Width": 24, "Actual Min Startup Time": 4836.612, "Actual Max Startup Time": 4836.612, "Actual Min Total Time": 4836.613, "Actual Max Total Time": 4836.613, "Sort Key": ["orders.o_orderpriority"], "Sort Method": "quicksort", "Sort Space Min Used": 25, "Sort Space Max Used": 25, "Sort Space Type": "Memory", "Plans": [{"Node Type": "Aggregate", "Strategy": "Hashed", "Parent Relationship": "Outer", "Startup Cost": 1239498.4, "Total Cost": 1239498.41, "Plan Rows": 1, "Plan Width": 24, "Actual Min Startup Time": 4836.574, "Actual Max Startup Time": 4836.574, "Actual Min Total Time": 4836.576, "Actual Max Total Time": 4836.576, "Group By Key": ["orders.o_orderpriority"], "Plans": [{"Node Type": "Nested Loop", "Parent Relationship": "Outer", "Join Type": "Semi", "Startup Cost": 0.0, "Total Cost": 1236651.35, "Plan Rows": 569410, "Plan Width": 16, "Actual Min Startup Time": 174.498, "Actual Max Startup Time": 174.498, "Actual Min Total Time": 4565.385, "Actual Max Total Time": 4565.385, "Inner Unique": false, "Plans": [{"Node Type": "Streaming(type: LOCAL GATHER dop: 1/16)", "Parent Relationship": "Outer", "Startup Cost": 0.0, "Total Cost": 622334.68, "Plan Rows": 569410, "Plan Width": 24, "Actual Min Startup Time": 174.432, "Actual Max Startup Time": 174.432, "Actual Min Total Time": 409.483, "Actual Max Total Time": 409.483, "Plans": [{"Node Type": "Index Scan", "Parent Relationship": "Outer", "Scan Direction": "Forward", "Index Name": "orders_pkey", "Relation Name": "orders", "Alias": "orders", "Startup Cost": 0.0, "Total Cost": 610045.66, "Plan Rows": 569410, "Plan Width": 24, "Actual Min Startup Time": 126.895, "Actual Max Startup Time": 135.2, "Actual Min Total Time": 713.41, "Actual Max Total Time": 809.738, "Filter": "((o_orderdate >= '1995-01-01 00:00:00'::timestamp(0) without time zone) AND (o_orderdate < '1995-04-01 00:00:00'::timestamp without time zone)), (LLVM Optimized, Jit Execute)", "Rows Removed by Filter": 14438388, "Actual Rows": 561612}], "Actual Rows": 561612}, {"Node Type": "Index Scan", "Parent Relationship": "Inner", "Scan Direction": "Forward", "Index Name": "idx_lineitem_orderkey", "Relation Name": "lineitem", "Alias": "lineitem", "Startup Cost": 0.0, "Total Cost": 5.41, "Plan Rows": 3, "Plan Width": 8, "Actual Min Startup Time": 3741.772, "Actual Max Startup Time": 3741.772, "Actual Min Total Time": 3741.772, "Actual Max Total Time": 3741.772, "Index Cond": "(l_orderkey = orders.o_orderkey)", "Rows Removed by Index Recheck": 0, "Filter": "(l_commitdate < l_receiptdate)", "Rows Removed by Filter": 299676, "Actual Rows": 515106}], "Actual Rows": 515106}], "Actual Rows": 5}], "Actual Rows": 5}, "Triggers": [], "Planner Runtime": 0, "Total Runtime": 4847.856, "Unique SQL Id": 3745551476}}, "(16, 110)": {"explain_plan": {"Plan": {"Node Type": "Sort", "Startup Cost": 223060.11, "Total Cost": 223060.12, "Plan Rows": 1, "Plan Width": 24, "Sort Key": ["orders.o_orderpriority"], "Plans": [{"Node Type": "Streaming(type: LOCAL GATHER dop: 1/16)", "Parent Relationship": "Outer", "Startup Cost": 223060.1, "Total Cost": 223060.1, "Plan Rows": 1, "Plan Width": 24, "Plans": [{"Node Type": "Aggregate", "Strategy": "Hashed", "Parent Relationship": "Outer", "Startup Cost": 223060.1, "Total Cost": 223060.1, "Plan Rows": 1, "Plan Width": 24, "Group By Key": ["orders.o_orderpriority"], "Plans": [{"Node Type": "Streaming(type: LOCAL REDISTRIBUTE dop: 16/16)", "Parent Relationship": "Outer", "Startup Cost": 223060.07, "Total Cost": 223060.1, "Plan Rows": 1, "Plan Width": 24, "Plans": [{"Node Type": "Aggregate", "Strategy": "Hashed", "Parent Relationship": "Outer", "Startup Cost": 223060.07, "Total Cost": 223060.07, "Plan Rows": 1, "Plan Width": 24, "Group By Key": ["orders.o_orderpriority"], "Plans": [{"Node Type": "Hash Join", "Parent Relationship": "Outer", "Join Type": "Inner", "Startup Cost": 199987.41, "Total Cost": 222882.13, "Plan Rows": 569410, "Plan Width": 16, "Inner Unique": true, "Hash Cond": "(lineitem.l_orderkey = orders.o_orderkey), (LLVM Optimized)", "Plans": [{"Node Type": "Aggregate", "Strategy": "Hashed", "Parent Relationship": "Outer", "Startup Cost": 178507.06, "Total Cost": 179883.48, "Plan Rows": 2202268, "Plan Width": 8, "Group By Key": ["lineitem.l_orderkey"], "Plans": [{"Node Type": "Streaming(type: LOCAL REDISTRIBUTE dop: 16/16)", "Parent Relationship": "Outer", "Startup Cost": 153442.01, "Total Cost": 178162.96, "Plan Rows": 2202268, "Plan Width": 8, "Plans": [{"Node Type": "Aggregate", "Strategy": "Hashed", "Parent Relationship": "Outer", "Startup Cost": 153442.01, "Total Cost": 154818.42, "Plan Rows": 2202268, "Plan Width": 8, "Group By Key": ["lineitem.l_orderkey"], "Plans": [{"Node Type": "Seq Scan", "Parent Relationship": "Outer", "Relation Name": "lineitem", "Alias": "lineitem", "Startup Cost": 0.0, "Total Cost": 150317.68, "Plan Rows": 19995678, "Plan Width": 8, "Filter": "(l_commitdate < l_receiptdate), (LLVM Optimized)"}]}]}]}, {"Node Type": "Hash", "Parent Relationship": "Inner", "Startup Cost": 63495.73, "Total Cost": 63495.73, "Plan Rows": 569410, "Plan Width": 24, "Plans": [{"Node Type": "Streaming(type: LOCAL REDISTRIBUTE dop: 16/16)", "Parent Relationship": "Outer", "Startup Cost": 37.76, "Total Cost": 63495.73, "Plan Rows": 569410, "Plan Width": 24, "Plans": [{"Node Type": "Seq Scan", "Parent Relationship": "Outer", "Relation Name": "orders", "Alias": "orders", "Startup Cost": 37.76, "Total Cost": 46338.2, "Plan Rows": 569410, "Plan Width": 24, "Filter": "((o_orderdate >= '1995-01-01 00:00:00'::timestamp(0) without time zone) AND (o_orderdate < '1995-04-01 00:00:00'::timestamp without time zone)), (LLVM Optimized)"}]}]}]}]}]}]}]}]}, "Unique SQL Id": 3745551476, "Planner Runtime": 0}, "explain_analyze_plan": {"Plan": {"Node Type": "Sort", "Startup Cost": 223060.11, "Total Cost": 223060.12, "Plan Rows": 1, "Plan Width": 24, "Actual Min Startup Time": 5326.268, "Actual Max Startup Time": 5326.268, "Actual Min Total Time": 5326.269, "Actual Max Total Time": 5326.269, "Sort Key": ["orders.o_orderpriority"], "Sort Method": "quicksort", "Sort Space Min Used": 25, "Sort Space Max Used": 25, "Sort Space Type": "Memory", "Plans": [{"Node Type": "Streaming(type: LOCAL GATHER dop: 1/16)", "Parent Relationship": "Outer", "Startup Cost": 223060.1, "Total Cost": 223060.1, "Plan Rows": 1, "Plan Width": 24, "Actual Min Startup Time": 5325.981, "Actual Max Startup Time": 5325.981, "Actual Min Total Time": 5326.201, "Actual Max Total Time": 5326.201, "Plans": [{"Node Type": "Aggregate", "Strategy": "Hashed", "Parent Relationship": "Outer", "Startup Cost": 223060.1, "Total Cost": 223060.1, "Plan Rows": 1, "Plan Width": 24, "Actual Min Startup Time": 5241.572, "Actual Max Startup Time": 5273.993, "Actual Min Total Time": 5241.572, "Actual Max Total Time": 5273.993, "Group By Key": ["orders.o_orderpriority"], "Plans": [{"Node Type": "Streaming(type: LOCAL REDISTRIBUTE dop: 16/16)", "Parent Relationship": "Outer", "Startup Cost": 223060.07, "Total Cost": 223060.1, "Plan Rows": 1, "Plan Width": 24, "Actual Min Startup Time": 5184.678, "Actual Max Startup Time": 5273.984, "Actual Min Total Time": 5241.566, "Actual Max Total Time": 5273.984, "Plans": [{"Node Type": "Aggregate", "Strategy": "Hashed", "Parent Relationship": "Outer", "Startup Cost": 223060.07, "Total Cost": 223060.07, "Plan Rows": 1, "Plan Width": 24, "Actual Min Startup Time": 5118.77, "Actual Max Startup Time": 5250.137, "Actual Min Total Time": 5118.772, "Actual Max Total Time": 5250.14, "Group By Key": ["orders.o_orderpriority"], "Plans": [{"Node Type": "Hash Join", "Parent Relationship": "Outer", "Join Type": "Inner", "Startup Cost": 199987.41, "Total Cost": 222882.13, "Plan Rows": 569410, "Plan Width": 16, "Actual Min Startup Time": 4788.695, "Actual Max Startup Time": 4877.328, "Actual Min Total Time": 5105.267, "Actual Max Total Time": 5237.07, "Inner Unique": true, "Hash Cond": "(lineitem.l_orderkey = orders.o_orderkey), (LLVM Optimized, Jit Execute)", "Plans": [{"Node Type": "Aggregate", "Strategy": "Hashed", "Parent Relationship": "Outer", "Startup Cost": 178507.06, "Total Cost": 179883.48, "Plan Rows": 2202268, "Plan Width": 8, "Actual Min Startup Time": 4318.042, "Actual Max Startup Time": 4318.214, "Actual Min Total Time": 4470.778, "Actual Max Total Time": 4515.862, "Group By Key": ["lineitem.l_orderkey"], "Plans": [{"Node Type": "Streaming(type: LOCAL REDISTRIBUTE dop: 16/16)", "Parent Relationship": "Outer", "Startup Cost": 153442.01, "Total Cost": 178162.96, "Plan Rows": 2202268, "Plan Width": 8, "Actual Min Startup Time": 2156.969, "Actual Max Startup Time": 2158.381, "Actual Min Total Time": 3852.509, "Actual Max Total Time": 3925.326, "Plans": [{"Node Type": "Aggregate", "Strategy": "Hashed", "Parent Relationship": "Outer", "Startup Cost": 153442.01, "Total Cost": 154818.42, "Plan Rows": 2202268, "Plan Width": 8, "Actual Min Startup Time": 2704.393, "Actual Max Startup Time": 3047.185, "Actual Min Total Time": 2999.133, "Actual Max Total Time": 3445.708, "Group By Key": ["lineitem.l_orderkey"], "Plans": [{"Node Type": "Seq Scan", "Parent Relationship": "Outer", "Relation Name": "lineitem", "Alias": "lineitem", "Startup Cost": 0.0, "Total Cost": 150317.68, "Plan Rows": 19995678, "Plan Width": 8, "Actual Min Startup Time": 0.02, "Actual Max Startup Time": 0.044, "Actual Min Total Time": 1763.072, "Actual Max Total Time": 1876.643, "Filter": "(l_commitdate < l_receiptdate), (LLVM Optimized, Jit Execute)", "Rows Removed by Filter": 22056704, "Actual Rows": 37929348}], "Actual Rows": 13761080}], "Actual Rows": 13761080}], "Actual Rows": 13753474}, {"Node Type": "Hash", "Parent Relationship": "Inner", "Startup Cost": 63495.73, "Total Cost": 63495.73, "Plan Rows": 569410, "Plan Width": 24, "Actual Min Startup Time": 470.505, "Actual Max Startup Time": 559.062, "Actual Min Total Time": 470.505, "Actual Max Total Time": 559.062, "Max Hash Buckets": 65536, "Min Hash Buckets": 65536, "Max Hash Batches": 1, "Min Hash Batches": 1, "Max Original Hash Batches": 1, "Min Original Hash Batches": 1, "Max Peak Memory Usage": 1899, "min Peak Memory Usage": 1899, "Plans": [{"Node Type": "Streaming(type: LOCAL REDISTRIBUTE dop: 16/16)", "Parent Relationship": "Outer", "Startup Cost": 37.76, "Total Cost": 63495.73, "Plan Rows": 569410, "Plan Width": 24, "Actual Min Startup Time": 0.045, "Actual Max Startup Time": 87.172, "Actual Min Total Time": 459.295, "Actual Max Total Time": 546.654, "Plans": [{"Node Type": "Seq Scan", "Parent Relationship": "Outer", "Relation Name": "orders", "Alias": "orders", "Startup Cost": 37.76, "Total Cost": 46338.2, "Plan Rows": 569410, "Plan Width": 24, "Actual Min Startup Time": 0.032, "Actual Max Startup Time": 0.061, "Actual Min Total Time": 394.261, "Actual Max Total Time": 423.116, "Filter": "((o_orderdate >= '1995-01-01 00:00:00'::timestamp(0) without time zone) AND (o_orderdate < '1995-04-01 00:00:00'::timestamp without time zone)), (LLVM Optimized, Jit Execute)", "Rows Removed by Filter": 14438388, "Actual Rows": 561612}], "Actual Rows": 561612}], "Actual Rows": 561612}], "Actual Rows": 515106}], "Actual Rows": 80}], "Actual Rows": 80}], "Actual Rows": 5}], "Actual Rows": 5}], "Actual Rows": 5}, "Triggers": [], "Planner Runtime": 0, "Total Runtime": 5347.731, "Unique SQL Id": 3745551476}}, "(16, 111)": {"explain_plan": {"Plan": {"Node Type": "Sort", "Startup Cost": 2000419705357.26, "Total Cost": 2000419705357.26, "Plan Rows": 1, "Plan Width": 24, "Sort Key": ["orders.o_orderpriority"], "Plans": [{"Node Type": "Aggregate", "Strategy": "Hashed", "Parent Relationship": "Outer", "Startup Cost": 2000419705357.24, "Total Cost": 2000419705357.25, "Plan Rows": 1, "Plan Width": 24, "Group By Key": ["orders.o_orderpriority"], "Plans": [{"Node Type": "Hash Join", "Parent Relationship": "Outer", "Join Type": "Right Semi", "Startup Cost": 1010080604700.62, "Total Cost": 2000419702510.19, "Plan Rows": 569410, "Plan Width": 16, "Inner Unique": true, "Hash Cond": "(lineitem.l_orderkey = orders.o_orderkey), (LLVM Optimized)", "Plans": [{"Node Type": "Index Scan", "Parent Relationship": "Outer", "Scan Direction": "Forward", "Index Name": "idx_lineitem_orderkey", "Relation Name": "lineitem", "Alias": "lineitem", "Startup Cost": 10000000000.0, "Total Cost": 1000339012132.75, "Plan Rows": 19995678, "Plan Width": 8, "Filter": "(l_commitdate < l_receiptdate), (LLVM Optimized)"}, {"Node Type": "Hash", "Parent Relationship": "Inner", "Startup Cost": 1000080597583.0, "Total Cost": 1000080597583.0, "Plan Rows": 569410, "Plan Width": 24, "Plans": [{"Node Type": "Index Scan", "Parent Relationship": "Outer", "Scan Direction": "Forward", "Index Name": "orders_pkey", "Relation Name": "orders", "Alias": "orders", "Startup Cost": 10000000000.0, "Total Cost": 1000080597583.0, "Plan Rows": 569410, "Plan Width": 24, "Filter": "((o_orderdate >= '1995-01-01 00:00:00'::timestamp(0) without time zone) AND (o_orderdate < '1995-04-01 00:00:00'::timestamp without time zone)), (LLVM Optimized)"}]}]}]}]}, "Unique SQL Id": 3745551476, "Planner Runtime": 0}, "explain_analyze_plan": null}, "(16, 112)": {"explain_plan": {"Plan": {"Node Type": "Sort", "Startup Cost": 675790.96, "Total Cost": 675790.97, "Plan Rows": 1, "Plan Width": 24, "Sort Key": ["orders.o_orderpriority"], "Plans": [{"Node Type": "Aggregate", "Strategy": "Hashed", "Parent Relationship": "Outer", "Startup Cost": 675790.94, "Total Cost": 675790.95, "Plan Rows": 1, "Plan Width": 24, "Group By Key": ["orders.o_orderpriority"], "Plans": [{"Node Type": "Nested Loop", "Parent Relationship": "Outer", "Join Type": "Semi", "Startup Cost": 37.76, "Total Cost": 672943.89, "Plan Rows": 569410, "Plan Width": 16, "Inner Unique": false, "Plans": [{"Node Type": "Streaming(type: LOCAL GATHER dop: 1/16)", "Parent Relationship": "Outer", "Startup Cost": 37.76, "Total Cost": 58627.22, "Plan Rows": 569410, "Plan Width": 24, "Plans": [{"Node Type": "Seq Scan", "Parent Relationship": "Outer", "Relation Name": "orders", "Alias": "orders", "Startup Cost": 37.76, "Total Cost": 46338.2, "Plan Rows": 569410, "Plan Width": 24, "Filter": "((o_orderdate >= '1995-01-01 00:00:00'::timestamp(0) without time zone) AND (o_orderdate < '1995-04-01 00:00:00'::timestamp without time zone)), (LLVM Optimized)"}]}, {"Node Type": "Index Scan", "Parent Relationship": "Inner", "Scan Direction": "Forward", "Index Name": "idx_lineitem_orderkey", "Relation Name": "lineitem", "Alias": "lineitem", "Startup Cost": 0.0, "Total Cost": 5.41, "Plan Rows": 3, "Plan Width": 8, "Index Cond": "(l_orderkey = orders.o_orderkey)", "Filter": "(l_commitdate < l_receiptdate)"}]}]}]}, "Unique SQL Id": 3745551476, "Planner Runtime": 0}, "explain_analyze_plan": {"Plan": {"Node Type": "Sort", "Startup Cost": 675790.96, "Total Cost": 675790.97, "Plan Rows": 1, "Plan Width": 24, "Actual Min Startup Time": 4741.516, "Actual Max Startup Time": 4741.516, "Actual Min Total Time": 4741.516, "Actual Max Total Time": 4741.516, "Sort Key": ["orders.o_orderpriority"], "Sort Method": "quicksort", "Sort Space Min Used": 25, "Sort Space Max Used": 25, "Sort Space Type": "Memory", "Plans": [{"Node Type": "Aggregate", "Strategy": "Hashed", "Parent Relationship": "Outer", "Startup Cost": 675790.94, "Total Cost": 675790.95, "Plan Rows": 1, "Plan Width": 24, "Actual Min Startup Time": 4741.458, "Actual Max Startup Time": 4741.458, "Actual Min Total Time": 4741.46, "Actual Max Total Time": 4741.46, "Group By Key": ["orders.o_orderpriority"], "Plans": [{"Node Type": "Nested Loop", "Parent Relationship": "Outer", "Join Type": "Semi", "Startup Cost": 37.76, "Total Cost": 672943.89, "Plan Rows": 569410, "Plan Width": 16, "Actual Min Startup Time": 39.921, "Actual Max Startup Time": 39.921, "Actual Min Total Time": 4475.802, "Actual Max Total Time": 4475.802, "Inner Unique": false, "Plans": [{"Node Type": "Streaming(type: LOCAL GATHER dop: 1/16)", "Parent Relationship": "Outer", "Startup Cost": 37.76, "Total Cost": 58627.22, "Plan Rows": 569410, "Plan Width": 24, "Actual Min Startup Time": 39.854, "Actual Max Startup Time": 39.854, "Actual Min Total Time": 315.117, "Actual Max Total Time": 315.117, "Plans": [{"Node Type": "Seq Scan", "Parent Relationship": "Outer", "Relation Name": "orders", "Alias": "orders", "Startup Cost": 37.76, "Total Cost": 46338.2, "Plan Rows": 569410, "Plan Width": 24, "Actual Min Startup Time": 0.028, "Actual Max Startup Time": 0.055, "Actual Min Total Time": 314.933, "Actual Max Total Time": 338.721, "Filter": "((o_orderdate >= '1995-01-01 00:00:00'::timestamp(0) without time zone) AND (o_orderdate < '1995-04-01 00:00:00'::timestamp without time zone)), (LLVM Optimized, Jit Execute)", "Rows Removed by Filter": 14438388, "Actual Rows": 561612}], "Actual Rows": 561612}, {"Node Type": "Index Scan", "Parent Relationship": "Inner", "Scan Direction": "Forward", "Index Name": "idx_lineitem_orderkey", "Relation Name": "lineitem", "Alias": "lineitem", "Startup Cost": 0.0, "Total Cost": 5.41, "Plan Rows": 3, "Plan Width": 8, "Actual Min Startup Time": 3749.266, "Actual Max Startup Time": 3749.266, "Actual Min Total Time": 3749.266, "Actual Max Total Time": 3749.266, "Index Cond": "(l_orderkey = orders.o_orderkey)", "Rows Removed by Index Recheck": 0, "Filter": "(l_commitdate < l_receiptdate)", "Rows Removed by Filter": 299676, "Actual Rows": 515106}], "Actual Rows": 515106}], "Actual Rows": 5}], "Actual Rows": 5}, "Triggers": [], "Planner Runtime": 0, "Total Runtime": 4753.599, "Unique SQL Id": 3745551476}}, "(16, 113)": {"explain_plan": {"Plan": {"Node Type": "Sort", "Startup Cost": 916688.59, "Total Cost": 916688.6, "Plan Rows": 1, "Plan Width": 24, "Sort Key": ["orders.o_orderpriority"], "Plans": [{"Node Type": "Aggregate", "Strategy": "Hashed", "Parent Relationship": "Outer", "Startup Cost": 916688.57, "Total Cost": 916688.58, "Plan Rows": 1, "Plan Width": 24, "Group By Key": ["orders.o_orderpriority"], "Plans": [{"Node Type": "Nested Loop", "Parent Relationship": "Outer", "Join Type": "Semi", "Startup Cost": 14564.7, "Total Cost": 913841.52, "Plan Rows": 569410, "Plan Width": 16, "Inner Unique": false, "Plans": [{"Node Type": "Bitmap Heap Scan", "Parent Relationship": "Outer", "Relation Name": "orders", "Alias": "orders", "Startup Cost": 14564.7, "Total Cost": 299524.85, "Plan Rows": 569410, "Plan Width": 24, "Recheck Cond": "((o_orderdate >= '1995-01-01 00:00:00'::timestamp(0) without time zone) AND (o_orderdate < '1995-04-01 00:00:00'::timestamp without time zone)), (LLVM Optimized)", "Plans": [{"Node Type": "Bitmap Index Scan", "Parent Relationship": "Outer", "Index Name": "idx_orders_orderdate", "Startup Cost": 0.0, "Total Cost": 14422.35, "Plan Rows": 569410, "Plan Width": 0, "Index Cond": "((o_orderdate >= '1995-01-01 00:00:00'::timestamp(0) without time zone) AND (o_orderdate < '1995-04-01 00:00:00'::timestamp without time zone))"}]}, {"Node Type": "Index Scan", "Parent Relationship": "Inner", "Scan Direction": "Forward", "Index Name": "idx_lineitem_orderkey", "Relation Name": "lineitem", "Alias": "lineitem", "Startup Cost": 0.0, "Total Cost": 5.41, "Plan Rows": 3, "Plan Width": 8, "Index Cond": "(l_orderkey = orders.o_orderkey)", "Filter": "(l_commitdate < l_receiptdate)"}]}]}]}, "Unique SQL Id": 3745551476, "Planner Runtime": 0}, "explain_analyze_plan": {"Plan": {"Node Type": "Sort", "Startup Cost": 916688.59, "Total Cost": 916688.6, "Plan Rows": 1, "Plan Width": 24, "Actual Startup Time": 5413.801, "Actual Total Time": 5413.802, "Actual Rows": 5, "Actual Loops": 1, "Sort Key": ["orders.o_orderpriority"], "Sort Method": "quicksort", "Sort Space Used": 25, "Sort Space Type": "Memory", "Plans": [{"Node Type": "Aggregate", "Strategy": "Hashed", "Parent Relationship": "Outer", "Startup Cost": 916688.57, "Total Cost": 916688.58, "Plan Rows": 1, "Plan Width": 24, "Actual Startup Time": 5413.754, "Actual Total Time": 5413.756, "Actual Rows": 5, "Actual Loops": 1, "Group By Key": ["orders.o_orderpriority"], "Plans": [{"Node Type": "Nested Loop", "Parent Relationship": "Outer", "Join Type": "Semi", "Startup Cost": 14564.7, "Total Cost": 913841.52, "Plan Rows": 569410, "Plan Width": 16, "Actual Startup Time": 248.12, "Actual Total Time": 5129.668, "Actual Rows": 515106, "Actual Loops": 1, "Inner Unique": false, "Plans": [{"Node Type": "Bitmap Heap Scan", "Parent Relationship": "Outer", "Relation Name": "orders", "Alias": "orders", "Startup Cost": 14564.7, "Total Cost": 299524.85, "Plan Rows": 569410, "Plan Width": 24, "Actual Startup Time": 248.035, "Actual Total Time": 1102.757, "Actual Rows": 561612, "Actual Loops": 1, "Recheck Cond": "((o_orderdate >= '1995-01-01 00:00:00'::timestamp(0) without time zone) AND (o_orderdate < '1995-04-01 00:00:00'::timestamp without time zone)), (LLVM Optimized, Jit Execute)", "Rows Removed by Index Recheck": 0, "Exact Heap Blocks": 241676, "Lossy Heap Blocks": 241676, "Plans": [{"Node Type": "Bitmap Index Scan", "Parent Relationship": "Outer", "Index Name": "idx_orders_orderdate", "Startup Cost": 0.0, "Total Cost": 14422.35, "Plan Rows": 569410, "Plan Width": 0, "Actual Startup Time": 173.006, "Actual Total Time": 173.006, "Actual Rows": 561612, "Actual Loops": 1, "Index Cond": "((o_orderdate >= '1995-01-01 00:00:00'::timestamp(0) without time zone) AND (o_orderdate < '1995-04-01 00:00:00'::timestamp without time zone))"}]}, {"Node Type": "Index Scan", "Parent Relationship": "Inner", "Scan Direction": "Forward", "Index Name": "idx_lineitem_orderkey", "Relation Name": "lineitem", "Alias": "lineitem", "Startup Cost": 0.0, "Total Cost": 5.41, "Plan Rows": 3, "Plan Width": 8, "Actual Startup Time": 3608.892, "Actual Total Time": 3608.892, "Actual Rows": 515106, "Actual Loops": 561612, "Index Cond": "(l_orderkey = orders.o_orderkey)", "Rows Removed by Index Recheck": 0, "Filter": "(l_commitdate < l_receiptdate)", "Rows Removed by Filter": 299676}]}]}]}, "Triggers": [], "Planner Runtime": 0, "Total Runtime": 5423.336, "Unique SQL Id": 3745551476}}, "(16, 114)": {"explain_plan": {"Plan": {"Node Type": "Sort", "Startup Cost": 2540744.73, "Total Cost": 2540744.73, "Plan Rows": 1, "Plan Width": 24, "Sort Key": ["orders.o_orderpriority"], "Plans": [{"Node Type": "Aggregate", "Strategy": "Hashed", "Parent Relationship": "Outer", "Startup Cost": 2540744.71, "Total Cost": 2540744.72, "Plan Rows": 1, "Plan Width": 24, "Group By Key": ["orders.o_orderpriority"], "Plans": [{"Node Type": "Nested Loop", "Parent Relationship": "Outer", "Join Type": "Semi", "Startup Cost": 39.7, "Total Cost": 2537897.66, "Plan Rows": 569410, "Plan Width": 16, "Inner Unique": false, "Plans": [{"Node Type": "Streaming(type: LOCAL GATHER dop: 1/16)", "Parent Relationship": "Outer", "Startup Cost": 37.76, "Total Cost": 58627.22, "Plan Rows": 569410, "Plan Width": 24, "Plans": [{"Node Type": "Seq Scan", "Parent Relationship": "Outer", "Relation Name": "orders", "Alias": "orders", "Startup Cost": 37.76, "Total Cost": 46338.2, "Plan Rows": 569410, "Plan Width": 24, "Filter": "((o_orderdate >= '1995-01-01 00:00:00'::timestamp(0) without time zone) AND (o_orderdate < '1995-04-01 00:00:00'::timestamp without time zone)), (LLVM Optimized)"}]}, {"Node Type": "Bitmap Heap Scan", "Parent Relationship": "Inner", "Relation Name": "lineitem", "Alias": "lineitem", "Startup Cost": 1.94, "Total Cost": 14.06, "Plan Rows": 3, "Plan Width": 8, "Recheck Cond": "(l_orderkey = orders.o_orderkey)", "Filter": "(l_commitdate < l_receiptdate)", "Plans": [{"Node Type": "Bitmap Index Scan", "Parent Relationship": "Outer", "Index Name": "idx_lineitem_orderkey", "Startup Cost": 0.0, "Total Cost": 1.94, "Plan Rows": 9, "Plan Width": 0, "Index Cond": "(l_orderkey = orders.o_orderkey)"}]}]}]}]}, "Unique SQL Id": 3745551476, "Planner Runtime": 0}, "explain_analyze_plan": {"Plan": {"Node Type": "Sort", "Startup Cost": 2540744.73, "Total Cost": 2540744.73, "Plan Rows": 1, "Plan Width": 24, "Actual Min Startup Time": 6259.877, "Actual Max Startup Time": 6259.877, "Actual Min Total Time": 6259.878, "Actual Max Total Time": 6259.878, "Sort Key": ["orders.o_orderpriority"], "Sort Method": "quicksort", "Sort Space Min Used": 25, "Sort Space Max Used": 25, "Sort Space Type": "Memory", "Plans": [{"Node Type": "Aggregate", "Strategy": "Hashed", "Parent Relationship": "Outer", "Startup Cost": 2540744.71, "Total Cost": 2540744.72, "Plan Rows": 1, "Plan Width": 24, "Actual Min Startup Time": 6259.828, "Actual Max Startup Time": 6259.828, "Actual Min Total Time": 6259.83, "Actual Max Total Time": 6259.83, "Group By Key": ["orders.o_orderpriority"], "Plans": [{"Node Type": "Nested Loop", "Parent Relationship": "Outer", "Join Type": "Semi", "Startup Cost": 39.7, "Total Cost": 2537897.66, "Plan Rows": 569410, "Plan Width": 16, "Actual Min Startup Time": 46.355, "Actual Max Startup Time": 46.355, "Actual Min Total Time": 5969.431, "Actual Max Total Time": 5969.431, "Inner Unique": false, "Plans": [{"Node Type": "Streaming(type: LOCAL GATHER dop: 1/16)", "Parent Relationship": "Outer", "Startup Cost": 37.76, "Total Cost": 58627.22, "Plan Rows": 569410, "Plan Width": 24, "Actual Min Startup Time": 46.273, "Actual Max Startup Time": 46.273, "Actual Min Total Time": 235.505, "Actual Max Total Time": 235.505, "Plans": [{"Node Type": "Seq Scan", "Parent Relationship": "Outer", "Relation Name": "orders", "Alias": "orders", "Startup Cost": 37.76, "Total Cost": 46338.2, "Plan Rows": 569410, "Plan Width": 24, "Actual Min Startup Time": 0.032, "Actual Max Startup Time": 0.045, "Actual Min Total Time": 321.414, "Actual Max Total Time": 338.341, "Filter": "((o_orderdate >= '1995-01-01 00:00:00'::timestamp(0) without time zone) AND (o_orderdate < '1995-04-01 00:00:00'::timestamp without time zone)), (LLVM Optimized, Jit Execute)", "Rows Removed by Filter": 14438388, "Actual Rows": 561612}], "Actual Rows": 561612}, {"Node Type": "Bitmap Heap Scan", "Parent Relationship": "Inner", "Relation Name": "lineitem", "Alias": "lineitem", "Startup Cost": 1.94, "Total Cost": 14.06, "Plan Rows": 3, "Plan Width": 8, "Actual Min Startup Time": 4979.243, "Actual Max Startup Time": 4979.243, "Actual Min Total Time": 4979.243, "Actual Max Total Time": 4979.243, "Recheck Cond": "(l_orderkey = orders.o_orderkey)", "Rows Removed by Index Recheck": 0, "Filter": "(l_commitdate < l_receiptdate)", "Rows Removed by Filter": 299676, "Exact Heap Blocks": 567798, "Lossy Heap Blocks": 567798, "Plans": [{"Node Type": "Bitmap Index Scan", "Parent Relationship": "Outer", "Index Name": "idx_lineitem_orderkey", "Startup Cost": 0.0, "Total Cost": 1.94, "Plan Rows": 9, "Plan Width": 0, "Actual Min Startup Time": 2480.011, "Actual Max Startup Time": 2480.011, "Actual Min Total Time": 2480.011, "Actual Max Total Time": 2480.011, "Index Cond": "(l_orderkey = orders.o_orderkey)", "Actual Rows": 2246588}], "Actual Rows": 515106}], "Actual Rows": 515106}], "Actual Rows": 5}], "Actual Rows": 5}, "Triggers": [], "Planner Runtime": 0, "Total Runtime": 6277.248, "Unique SQL Id": 3745551476}}, "(16, 115)": {"explain_plan": {"Plan": {"Node Type": "Sort", "Startup Cost": 2781642.36, "Total Cost": 2781642.36, "Plan Rows": 1, "Plan Width": 24, "Sort Key": ["orders.o_orderpriority"], "Plans": [{"Node Type": "Aggregate", "Strategy": "Hashed", "Parent Relationship": "Outer", "Startup Cost": 2781642.34, "Total Cost": 2781642.35, "Plan Rows": 1, "Plan Width": 24, "Group By Key": ["orders.o_orderpriority"], "Plans": [{"Node Type": "Nested Loop", "Parent Relationship": "Outer", "Join Type": "Semi", "Startup Cost": 14566.65, "Total Cost": 2778795.29, "Plan Rows": 569410, "Plan Width": 16, "Inner Unique": false, "Plans": [{"Node Type": "Bitmap Heap Scan", "Parent Relationship": "Outer", "Relation Name": "orders", "Alias": "orders", "Startup Cost": 14564.7, "Total Cost": 299524.85, "Plan Rows": 569410, "Plan Width": 24, "Recheck Cond": "((o_orderdate >= '1995-01-01 00:00:00'::timestamp(0) without time zone) AND (o_orderdate < '1995-04-01 00:00:00'::timestamp without time zone)), (LLVM Optimized)", "Plans": [{"Node Type": "Bitmap Index Scan", "Parent Relationship": "Outer", "Index Name": "idx_orders_orderdate", "Startup Cost": 0.0, "Total Cost": 14422.35, "Plan Rows": 569410, "Plan Width": 0, "Index Cond": "((o_orderdate >= '1995-01-01 00:00:00'::timestamp(0) without time zone) AND (o_orderdate < '1995-04-01 00:00:00'::timestamp without time zone))"}]}, {"Node Type": "Bitmap Heap Scan", "Parent Relationship": "Inner", "Relation Name": "lineitem", "Alias": "lineitem", "Startup Cost": 1.94, "Total Cost": 14.06, "Plan Rows": 3, "Plan Width": 8, "Recheck Cond": "(l_orderkey = orders.o_orderkey)", "Filter": "(l_commitdate < l_receiptdate)", "Plans": [{"Node Type": "Bitmap Index Scan", "Parent Relationship": "Outer", "Index Name": "idx_lineitem_orderkey", "Startup Cost": 0.0, "Total Cost": 1.94, "Plan Rows": 9, "Plan Width": 0, "Index Cond": "(l_orderkey = orders.o_orderkey)"}]}]}]}]}, "Unique SQL Id": 3745551476, "Planner Runtime": 0}, "explain_analyze_plan": {"Plan": {"Node Type": "Sort", "Startup Cost": 2781642.36, "Total Cost": 2781642.36, "Plan Rows": 1, "Plan Width": 24, "Actual Startup Time": 6919.311, "Actual Total Time": 6919.311, "Actual Rows": 5, "Actual Loops": 1, "Sort Key": ["orders.o_orderpriority"], "Sort Method": "quicksort", "Sort Space Used": 25, "Sort Space Type": "Memory", "Plans": [{"Node Type": "Aggregate", "Strategy": "Hashed", "Parent Relationship": "Outer", "Startup Cost": 2781642.34, "Total Cost": 2781642.35, "Plan Rows": 1, "Plan Width": 24, "Actual Startup Time": 6919.164, "Actual Total Time": 6919.179, "Actual Rows": 5, "Actual Loops": 1, "Group By Key": ["orders.o_orderpriority"], "Plans": [{"Node Type": "Nested Loop", "Parent Relationship": "Outer", "Join Type": "Semi", "Startup Cost": 14566.65, "Total Cost": 2778795.29, "Plan Rows": 569410, "Plan Width": 16, "Actual Startup Time": 240.267, "Actual Total Time": 6616.613, "Actual Rows": 515106, "Actual Loops": 1, "Inner Unique": false, "Plans": [{"Node Type": "Bitmap Heap Scan", "Parent Relationship": "Outer", "Relation Name": "orders", "Alias": "orders", "Startup Cost": 14564.7, "Total Cost": 299524.85, "Plan Rows": 569410, "Plan Width": 24, "Actual Startup Time": 240.164, "Actual Total Time": 1053.131, "Actual Rows": 561612, "Actual Loops": 1, "Recheck Cond": "((o_orderdate >= '1995-01-01 00:00:00'::timestamp(0) without time zone) AND (o_orderdate < '1995-04-01 00:00:00'::timestamp without time zone)), (LLVM Optimized, Jit Execute)", "Rows Removed by Index Recheck": 0, "Exact Heap Blocks": 241676, "Lossy Heap Blocks": 241676, "Plans": [{"Node Type": "Bitmap Index Scan", "Parent Relationship": "Outer", "Index Name": "idx_orders_orderdate", "Startup Cost": 0.0, "Total Cost": 14422.35, "Plan Rows": 569410, "Plan Width": 0, "Actual Startup Time": 164.521, "Actual Total Time": 164.521, "Actual Rows": 561612, "Actual Loops": 1, "Index Cond": "((o_orderdate >= '1995-01-01 00:00:00'::timestamp(0) without time zone) AND (o_orderdate < '1995-04-01 00:00:00'::timestamp without time zone))"}]}, {"Node Type": "Bitmap Heap Scan", "Parent Relationship": "Inner", "Relation Name": "lineitem", "Alias": "lineitem", "Startup Cost": 1.94, "Total Cost": 14.06, "Plan Rows": 3, "Plan Width": 8, "Actual Startup Time": 4815.896, "Actual Total Time": 4815.896, "Actual Rows": 515106, "Actual Loops": 561612, "Recheck Cond": "(l_orderkey = orders.o_orderkey)", "Rows Removed by Index Recheck": 0, "Filter": "(l_commitdate < l_receiptdate)", "Rows Removed by Filter": 299676, "Exact Heap Blocks": 567798, "Lossy Heap Blocks": 567798, "Plans": [{"Node Type": "Bitmap Index Scan", "Parent Relationship": "Outer", "Index Name": "idx_lineitem_orderkey", "Startup Cost": 0.0, "Total Cost": 1.94, "Plan Rows": 9, "Plan Width": 0, "Actual Startup Time": 2461.174, "Actual Total Time": 2461.174, "Actual Rows": 2246588, "Actual Loops": 561612, "Index Cond": "(l_orderkey = orders.o_orderkey)"}]}]}]}]}, "Triggers": [], "Planner Runtime": 0, "Total Runtime": 6932.479, "Unique SQL Id": 3745551476}}, "(16, 116)": {"explain_plan": {"Plan": {"Node Type": "Sort", "Startup Cost": 675790.96, "Total Cost": 675790.97, "Plan Rows": 1, "Plan Width": 24, "Sort Key": ["orders.o_orderpriority"], "Plans": [{"Node Type": "Aggregate", "Strategy": "Hashed", "Parent Relationship": "Outer", "Startup Cost": 675790.94, "Total Cost": 675790.95, "Plan Rows": 1, "Plan Width": 24, "Group By Key": ["orders.o_orderpriority"], "Plans": [{"Node Type": "Nested Loop", "Parent Relationship": "Outer", "Join Type": "Semi", "Startup Cost": 37.76, "Total Cost": 672943.89, "Plan Rows": 569410, "Plan Width": 16, "Inner Unique": false, "Plans": [{"Node Type": "Streaming(type: LOCAL GATHER dop: 1/16)", "Parent Relationship": "Outer", "Startup Cost": 37.76, "Total Cost": 58627.22, "Plan Rows": 569410, "Plan Width": 24, "Plans": [{"Node Type": "Seq Scan", "Parent Relationship": "Outer", "Relation Name": "orders", "Alias": "orders", "Startup Cost": 37.76, "Total Cost": 46338.2, "Plan Rows": 569410, "Plan Width": 24, "Filter": "((o_orderdate >= '1995-01-01 00:00:00'::timestamp(0) without time zone) AND (o_orderdate < '1995-04-01 00:00:00'::timestamp without time zone)), (LLVM Optimized)"}]}, {"Node Type": "Index Scan", "Parent Relationship": "Inner", "Scan Direction": "Forward", "Index Name": "idx_lineitem_orderkey", "Relation Name": "lineitem", "Alias": "lineitem", "Startup Cost": 0.0, "Total Cost": 5.41, "Plan Rows": 3, "Plan Width": 8, "Index Cond": "(l_orderkey = orders.o_orderkey)", "Filter": "(l_commitdate < l_receiptdate)"}]}]}]}, "Unique SQL Id": 3745551476, "Planner Runtime": 0}, "explain_analyze_plan": {"Plan": {"Node Type": "Sort", "Startup Cost": 675790.96, "Total Cost": 675790.97, "Plan Rows": 1, "Plan Width": 24, "Actual Min Startup Time": 4741.516, "Actual Max Startup Time": 4741.516, "Actual Min Total Time": 4741.516, "Actual Max Total Time": 4741.516, "Sort Key": ["orders.o_orderpriority"], "Sort Method": "quicksort", "Sort Space Min Used": 25, "Sort Space Max Used": 25, "Sort Space Type": "Memory", "Plans": [{"Node Type": "Aggregate", "Strategy": "Hashed", "Parent Relationship": "Outer", "Startup Cost": 675790.94, "Total Cost": 675790.95, "Plan Rows": 1, "Plan Width": 24, "Actual Min Startup Time": 4741.458, "Actual Max Startup Time": 4741.458, "Actual Min Total Time": 4741.46, "Actual Max Total Time": 4741.46, "Group By Key": ["orders.o_orderpriority"], "Plans": [{"Node Type": "Nested Loop", "Parent Relationship": "Outer", "Join Type": "Semi", "Startup Cost": 37.76, "Total Cost": 672943.89, "Plan Rows": 569410, "Plan Width": 16, "Actual Min Startup Time": 39.921, "Actual Max Startup Time": 39.921, "Actual Min Total Time": 4475.802, "Actual Max Total Time": 4475.802, "Inner Unique": false, "Plans": [{"Node Type": "Streaming(type: LOCAL GATHER dop: 1/16)", "Parent Relationship": "Outer", "Startup Cost": 37.76, "Total Cost": 58627.22, "Plan Rows": 569410, "Plan Width": 24, "Actual Min Startup Time": 39.854, "Actual Max Startup Time": 39.854, "Actual Min Total Time": 315.117, "Actual Max Total Time": 315.117, "Plans": [{"Node Type": "Seq Scan", "Parent Relationship": "Outer", "Relation Name": "orders", "Alias": "orders", "Startup Cost": 37.76, "Total Cost": 46338.2, "Plan Rows": 569410, "Plan Width": 24, "Actual Min Startup Time": 0.028, "Actual Max Startup Time": 0.055, "Actual Min Total Time": 314.933, "Actual Max Total Time": 338.721, "Filter": "((o_orderdate >= '1995-01-01 00:00:00'::timestamp(0) without time zone) AND (o_orderdate < '1995-04-01 00:00:00'::timestamp without time zone)), (LLVM Optimized, Jit Execute)", "Rows Removed by Filter": 14438388, "Actual Rows": 561612}], "Actual Rows": 561612}, {"Node Type": "Index Scan", "Parent Relationship": "Inner", "Scan Direction": "Forward", "Index Name": "idx_lineitem_orderkey", "Relation Name": "lineitem", "Alias": "lineitem", "Startup Cost": 0.0, "Total Cost": 5.41, "Plan Rows": 3, "Plan Width": 8, "Actual Min Startup Time": 3749.266, "Actual Max Startup Time": 3749.266, "Actual Min Total Time": 3749.266, "Actual Max Total Time": 3749.266, "Index Cond": "(l_orderkey = orders.o_orderkey)", "Rows Removed by Index Recheck": 0, "Filter": "(l_commitdate < l_receiptdate)", "Rows Removed by Filter": 299676, "Actual Rows": 515106}], "Actual Rows": 515106}], "Actual Rows": 5}], "Actual Rows": 5}, "Triggers": [], "Planner Runtime": 0, "Total Runtime": 4753.599, "Unique SQL Id": 3745551476}}, "(16, 117)": {"explain_plan": {"Plan": {"Node Type": "Sort", "Startup Cost": 916688.59, "Total Cost": 916688.6, "Plan Rows": 1, "Plan Width": 24, "Sort Key": ["orders.o_orderpriority"], "Plans": [{"Node Type": "Aggregate", "Strategy": "Hashed", "Parent Relationship": "Outer", "Startup Cost": 916688.57, "Total Cost": 916688.58, "Plan Rows": 1, "Plan Width": 24, "Group By Key": ["orders.o_orderpriority"], "Plans": [{"Node Type": "Nested Loop", "Parent Relationship": "Outer", "Join Type": "Semi", "Startup Cost": 14564.7, "Total Cost": 913841.52, "Plan Rows": 569410, "Plan Width": 16, "Inner Unique": false, "Plans": [{"Node Type": "Bitmap Heap Scan", "Parent Relationship": "Outer", "Relation Name": "orders", "Alias": "orders", "Startup Cost": 14564.7, "Total Cost": 299524.85, "Plan Rows": 569410, "Plan Width": 24, "Recheck Cond": "((o_orderdate >= '1995-01-01 00:00:00'::timestamp(0) without time zone) AND (o_orderdate < '1995-04-01 00:00:00'::timestamp without time zone)), (LLVM Optimized)", "Plans": [{"Node Type": "Bitmap Index Scan", "Parent Relationship": "Outer", "Index Name": "idx_orders_orderdate", "Startup Cost": 0.0, "Total Cost": 14422.35, "Plan Rows": 569410, "Plan Width": 0, "Index Cond": "((o_orderdate >= '1995-01-01 00:00:00'::timestamp(0) without time zone) AND (o_orderdate < '1995-04-01 00:00:00'::timestamp without time zone))"}]}, {"Node Type": "Index Scan", "Parent Relationship": "Inner", "Scan Direction": "Forward", "Index Name": "idx_lineitem_orderkey", "Relation Name": "lineitem", "Alias": "lineitem", "Startup Cost": 0.0, "Total Cost": 5.41, "Plan Rows": 3, "Plan Width": 8, "Index Cond": "(l_orderkey = orders.o_orderkey)", "Filter": "(l_commitdate < l_receiptdate)"}]}]}]}, "Unique SQL Id": 3745551476, "Planner Runtime": 0}, "explain_analyze_plan": {"Plan": {"Node Type": "Sort", "Startup Cost": 916688.59, "Total Cost": 916688.6, "Plan Rows": 1, "Plan Width": 24, "Actual Startup Time": 5413.801, "Actual Total Time": 5413.802, "Actual Rows": 5, "Actual Loops": 1, "Sort Key": ["orders.o_orderpriority"], "Sort Method": "quicksort", "Sort Space Used": 25, "Sort Space Type": "Memory", "Plans": [{"Node Type": "Aggregate", "Strategy": "Hashed", "Parent Relationship": "Outer", "Startup Cost": 916688.57, "Total Cost": 916688.58, "Plan Rows": 1, "Plan Width": 24, "Actual Startup Time": 5413.754, "Actual Total Time": 5413.756, "Actual Rows": 5, "Actual Loops": 1, "Group By Key": ["orders.o_orderpriority"], "Plans": [{"Node Type": "Nested Loop", "Parent Relationship": "Outer", "Join Type": "Semi", "Startup Cost": 14564.7, "Total Cost": 913841.52, "Plan Rows": 569410, "Plan Width": 16, "Actual Startup Time": 248.12, "Actual Total Time": 5129.668, "Actual Rows": 515106, "Actual Loops": 1, "Inner Unique": false, "Plans": [{"Node Type": "Bitmap Heap Scan", "Parent Relationship": "Outer", "Relation Name": "orders", "Alias": "orders", "Startup Cost": 14564.7, "Total Cost": 299524.85, "Plan Rows": 569410, "Plan Width": 24, "Actual Startup Time": 248.035, "Actual Total Time": 1102.757, "Actual Rows": 561612, "Actual Loops": 1, "Recheck Cond": "((o_orderdate >= '1995-01-01 00:00:00'::timestamp(0) without time zone) AND (o_orderdate < '1995-04-01 00:00:00'::timestamp without time zone)), (LLVM Optimized, Jit Execute)", "Rows Removed by Index Recheck": 0, "Exact Heap Blocks": 241676, "Lossy Heap Blocks": 241676, "Plans": [{"Node Type": "Bitmap Index Scan", "Parent Relationship": "Outer", "Index Name": "idx_orders_orderdate", "Startup Cost": 0.0, "Total Cost": 14422.35, "Plan Rows": 569410, "Plan Width": 0, "Actual Startup Time": 173.006, "Actual Total Time": 173.006, "Actual Rows": 561612, "Actual Loops": 1, "Index Cond": "((o_orderdate >= '1995-01-01 00:00:00'::timestamp(0) without time zone) AND (o_orderdate < '1995-04-01 00:00:00'::timestamp without time zone))"}]}, {"Node Type": "Index Scan", "Parent Relationship": "Inner", "Scan Direction": "Forward", "Index Name": "idx_lineitem_orderkey", "Relation Name": "lineitem", "Alias": "lineitem", "Startup Cost": 0.0, "Total Cost": 5.41, "Plan Rows": 3, "Plan Width": 8, "Actual Startup Time": 3608.892, "Actual Total Time": 3608.892, "Actual Rows": 515106, "Actual Loops": 561612, "Index Cond": "(l_orderkey = orders.o_orderkey)", "Rows Removed by Index Recheck": 0, "Filter": "(l_commitdate < l_receiptdate)", "Rows Removed by Filter": 299676}]}]}]}, "Triggers": [], "Planner Runtime": 0, "Total Runtime": 5423.336, "Unique SQL Id": 3745551476}}, "(16, 118)": {"explain_plan": {"Plan": {"Node Type": "Sort", "Startup Cost": 2540744.73, "Total Cost": 2540744.73, "Plan Rows": 1, "Plan Width": 24, "Sort Key": ["orders.o_orderpriority"], "Plans": [{"Node Type": "Aggregate", "Strategy": "Hashed", "Parent Relationship": "Outer", "Startup Cost": 2540744.71, "Total Cost": 2540744.72, "Plan Rows": 1, "Plan Width": 24, "Group By Key": ["orders.o_orderpriority"], "Plans": [{"Node Type": "Nested Loop", "Parent Relationship": "Outer", "Join Type": "Semi", "Startup Cost": 39.7, "Total Cost": 2537897.66, "Plan Rows": 569410, "Plan Width": 16, "Inner Unique": false, "Plans": [{"Node Type": "Streaming(type: LOCAL GATHER dop: 1/16)", "Parent Relationship": "Outer", "Startup Cost": 37.76, "Total Cost": 58627.22, "Plan Rows": 569410, "Plan Width": 24, "Plans": [{"Node Type": "Seq Scan", "Parent Relationship": "Outer", "Relation Name": "orders", "Alias": "orders", "Startup Cost": 37.76, "Total Cost": 46338.2, "Plan Rows": 569410, "Plan Width": 24, "Filter": "((o_orderdate >= '1995-01-01 00:00:00'::timestamp(0) without time zone) AND (o_orderdate < '1995-04-01 00:00:00'::timestamp without time zone)), (LLVM Optimized)"}]}, {"Node Type": "Bitmap Heap Scan", "Parent Relationship": "Inner", "Relation Name": "lineitem", "Alias": "lineitem", "Startup Cost": 1.94, "Total Cost": 14.06, "Plan Rows": 3, "Plan Width": 8, "Recheck Cond": "(l_orderkey = orders.o_orderkey)", "Filter": "(l_commitdate < l_receiptdate)", "Plans": [{"Node Type": "Bitmap Index Scan", "Parent Relationship": "Outer", "Index Name": "idx_lineitem_orderkey", "Startup Cost": 0.0, "Total Cost": 1.94, "Plan Rows": 9, "Plan Width": 0, "Index Cond": "(l_orderkey = orders.o_orderkey)"}]}]}]}]}, "Unique SQL Id": 3745551476, "Planner Runtime": 0}, "explain_analyze_plan": {"Plan": {"Node Type": "Sort", "Startup Cost": 2540744.73, "Total Cost": 2540744.73, "Plan Rows": 1, "Plan Width": 24, "Actual Min Startup Time": 6259.877, "Actual Max Startup Time": 6259.877, "Actual Min Total Time": 6259.878, "Actual Max Total Time": 6259.878, "Sort Key": ["orders.o_orderpriority"], "Sort Method": "quicksort", "Sort Space Min Used": 25, "Sort Space Max Used": 25, "Sort Space Type": "Memory", "Plans": [{"Node Type": "Aggregate", "Strategy": "Hashed", "Parent Relationship": "Outer", "Startup Cost": 2540744.71, "Total Cost": 2540744.72, "Plan Rows": 1, "Plan Width": 24, "Actual Min Startup Time": 6259.828, "Actual Max Startup Time": 6259.828, "Actual Min Total Time": 6259.83, "Actual Max Total Time": 6259.83, "Group By Key": ["orders.o_orderpriority"], "Plans": [{"Node Type": "Nested Loop", "Parent Relationship": "Outer", "Join Type": "Semi", "Startup Cost": 39.7, "Total Cost": 2537897.66, "Plan Rows": 569410, "Plan Width": 16, "Actual Min Startup Time": 46.355, "Actual Max Startup Time": 46.355, "Actual Min Total Time": 5969.431, "Actual Max Total Time": 5969.431, "Inner Unique": false, "Plans": [{"Node Type": "Streaming(type: LOCAL GATHER dop: 1/16)", "Parent Relationship": "Outer", "Startup Cost": 37.76, "Total Cost": 58627.22, "Plan Rows": 569410, "Plan Width": 24, "Actual Min Startup Time": 46.273, "Actual Max Startup Time": 46.273, "Actual Min Total Time": 235.505, "Actual Max Total Time": 235.505, "Plans": [{"Node Type": "Seq Scan", "Parent Relationship": "Outer", "Relation Name": "orders", "Alias": "orders", "Startup Cost": 37.76, "Total Cost": 46338.2, "Plan Rows": 569410, "Plan Width": 24, "Actual Min Startup Time": 0.032, "Actual Max Startup Time": 0.045, "Actual Min Total Time": 321.414, "Actual Max Total Time": 338.341, "Filter": "((o_orderdate >= '1995-01-01 00:00:00'::timestamp(0) without time zone) AND (o_orderdate < '1995-04-01 00:00:00'::timestamp without time zone)), (LLVM Optimized, Jit Execute)", "Rows Removed by Filter": 14438388, "Actual Rows": 561612}], "Actual Rows": 561612}, {"Node Type": "Bitmap Heap Scan", "Parent Relationship": "Inner", "Relation Name": "lineitem", "Alias": "lineitem", "Startup Cost": 1.94, "Total Cost": 14.06, "Plan Rows": 3, "Plan Width": 8, "Actual Min Startup Time": 4979.243, "Actual Max Startup Time": 4979.243, "Actual Min Total Time": 4979.243, "Actual Max Total Time": 4979.243, "Recheck Cond": "(l_orderkey = orders.o_orderkey)", "Rows Removed by Index Recheck": 0, "Filter": "(l_commitdate < l_receiptdate)", "Rows Removed by Filter": 299676, "Exact Heap Blocks": 567798, "Lossy Heap Blocks": 567798, "Plans": [{"Node Type": "Bitmap Index Scan", "Parent Relationship": "Outer", "Index Name": "idx_lineitem_orderkey", "Startup Cost": 0.0, "Total Cost": 1.94, "Plan Rows": 9, "Plan Width": 0, "Actual Min Startup Time": 2480.011, "Actual Max Startup Time": 2480.011, "Actual Min Total Time": 2480.011, "Actual Max Total Time": 2480.011, "Index Cond": "(l_orderkey = orders.o_orderkey)", "Actual Rows": 2246588}], "Actual Rows": 515106}], "Actual Rows": 515106}], "Actual Rows": 5}], "Actual Rows": 5}, "Triggers": [], "Planner Runtime": 0, "Total Runtime": 6277.248, "Unique SQL Id": 3745551476}}, "(16, 119)": {"explain_plan": {"Plan": {"Node Type": "Sort", "Startup Cost": 2781642.36, "Total Cost": 2781642.36, "Plan Rows": 1, "Plan Width": 24, "Sort Key": ["orders.o_orderpriority"], "Plans": [{"Node Type": "Aggregate", "Strategy": "Hashed", "Parent Relationship": "Outer", "Startup Cost": 2781642.34, "Total Cost": 2781642.35, "Plan Rows": 1, "Plan Width": 24, "Group By Key": ["orders.o_orderpriority"], "Plans": [{"Node Type": "Nested Loop", "Parent Relationship": "Outer", "Join Type": "Semi", "Startup Cost": 14566.65, "Total Cost": 2778795.29, "Plan Rows": 569410, "Plan Width": 16, "Inner Unique": false, "Plans": [{"Node Type": "Bitmap Heap Scan", "Parent Relationship": "Outer", "Relation Name": "orders", "Alias": "orders", "Startup Cost": 14564.7, "Total Cost": 299524.85, "Plan Rows": 569410, "Plan Width": 24, "Recheck Cond": "((o_orderdate >= '1995-01-01 00:00:00'::timestamp(0) without time zone) AND (o_orderdate < '1995-04-01 00:00:00'::timestamp without time zone)), (LLVM Optimized)", "Plans": [{"Node Type": "Bitmap Index Scan", "Parent Relationship": "Outer", "Index Name": "idx_orders_orderdate", "Startup Cost": 0.0, "Total Cost": 14422.35, "Plan Rows": 569410, "Plan Width": 0, "Index Cond": "((o_orderdate >= '1995-01-01 00:00:00'::timestamp(0) without time zone) AND (o_orderdate < '1995-04-01 00:00:00'::timestamp without time zone))"}]}, {"Node Type": "Bitmap Heap Scan", "Parent Relationship": "Inner", "Relation Name": "lineitem", "Alias": "lineitem", "Startup Cost": 1.94, "Total Cost": 14.06, "Plan Rows": 3, "Plan Width": 8, "Recheck Cond": "(l_orderkey = orders.o_orderkey)", "Filter": "(l_commitdate < l_receiptdate)", "Plans": [{"Node Type": "Bitmap Index Scan", "Parent Relationship": "Outer", "Index Name": "idx_lineitem_orderkey", "Startup Cost": 0.0, "Total Cost": 1.94, "Plan Rows": 9, "Plan Width": 0, "Index Cond": "(l_orderkey = orders.o_orderkey)"}]}]}]}]}, "Unique SQL Id": 3745551476, "Planner Runtime": 0}, "explain_analyze_plan": {"Plan": {"Node Type": "Sort", "Startup Cost": 2781642.36, "Total Cost": 2781642.36, "Plan Rows": 1, "Plan Width": 24, "Actual Startup Time": 6919.311, "Actual Total Time": 6919.311, "Actual Rows": 5, "Actual Loops": 1, "Sort Key": ["orders.o_orderpriority"], "Sort Method": "quicksort", "Sort Space Used": 25, "Sort Space Type": "Memory", "Plans": [{"Node Type": "Aggregate", "Strategy": "Hashed", "Parent Relationship": "Outer", "Startup Cost": 2781642.34, "Total Cost": 2781642.35, "Plan Rows": 1, "Plan Width": 24, "Actual Startup Time": 6919.164, "Actual Total Time": 6919.179, "Actual Rows": 5, "Actual Loops": 1, "Group By Key": ["orders.o_orderpriority"], "Plans": [{"Node Type": "Nested Loop", "Parent Relationship": "Outer", "Join Type": "Semi", "Startup Cost": 14566.65, "Total Cost": 2778795.29, "Plan Rows": 569410, "Plan Width": 16, "Actual Startup Time": 240.267, "Actual Total Time": 6616.613, "Actual Rows": 515106, "Actual Loops": 1, "Inner Unique": false, "Plans": [{"Node Type": "Bitmap Heap Scan", "Parent Relationship": "Outer", "Relation Name": "orders", "Alias": "orders", "Startup Cost": 14564.7, "Total Cost": 299524.85, "Plan Rows": 569410, "Plan Width": 24, "Actual Startup Time": 240.164, "Actual Total Time": 1053.131, "Actual Rows": 561612, "Actual Loops": 1, "Recheck Cond": "((o_orderdate >= '1995-01-01 00:00:00'::timestamp(0) without time zone) AND (o_orderdate < '1995-04-01 00:00:00'::timestamp without time zone)), (LLVM Optimized, Jit Execute)", "Rows Removed by Index Recheck": 0, "Exact Heap Blocks": 241676, "Lossy Heap Blocks": 241676, "Plans": [{"Node Type": "Bitmap Index Scan", "Parent Relationship": "Outer", "Index Name": "idx_orders_orderdate", "Startup Cost": 0.0, "Total Cost": 14422.35, "Plan Rows": 569410, "Plan Width": 0, "Actual Startup Time": 164.521, "Actual Total Time": 164.521, "Actual Rows": 561612, "Actual Loops": 1, "Index Cond": "((o_orderdate >= '1995-01-01 00:00:00'::timestamp(0) without time zone) AND (o_orderdate < '1995-04-01 00:00:00'::timestamp without time zone))"}]}, {"Node Type": "Bitmap Heap Scan", "Parent Relationship": "Inner", "Relation Name": "lineitem", "Alias": "lineitem", "Startup Cost": 1.94, "Total Cost": 14.06, "Plan Rows": 3, "Plan Width": 8, "Actual Startup Time": 4815.896, "Actual Total Time": 4815.896, "Actual Rows": 515106, "Actual Loops": 561612, "Recheck Cond": "(l_orderkey = orders.o_orderkey)", "Rows Removed by Index Recheck": 0, "Filter": "(l_commitdate < l_receiptdate)", "Rows Removed by Filter": 299676, "Exact Heap Blocks": 567798, "Lossy Heap Blocks": 567798, "Plans": [{"Node Type": "Bitmap Index Scan", "Parent Relationship": "Outer", "Index Name": "idx_lineitem_orderkey", "Startup Cost": 0.0, "Total Cost": 1.94, "Plan Rows": 9, "Plan Width": 0, "Actual Startup Time": 2461.174, "Actual Total Time": 2461.174, "Actual Rows": 2246588, "Actual Loops": 561612, "Index Cond": "(l_orderkey = orders.o_orderkey)"}]}]}]}]}, "Triggers": [], "Planner Runtime": 0, "Total Runtime": 6932.479, "Unique SQL Id": 3745551476}}, "(16, 120)": {"explain_plan": {"Plan": {"Node Type": "Sort", "Startup Cost": 675790.96, "Total Cost": 675790.97, "Plan Rows": 1, "Plan Width": 24, "Sort Key": ["orders.o_orderpriority"], "Plans": [{"Node Type": "Aggregate", "Strategy": "Hashed", "Parent Relationship": "Outer", "Startup Cost": 675790.94, "Total Cost": 675790.95, "Plan Rows": 1, "Plan Width": 24, "Group By Key": ["orders.o_orderpriority"], "Plans": [{"Node Type": "Nested Loop", "Parent Relationship": "Outer", "Join Type": "Semi", "Startup Cost": 37.76, "Total Cost": 672943.89, "Plan Rows": 569410, "Plan Width": 16, "Inner Unique": false, "Plans": [{"Node Type": "Streaming(type: LOCAL GATHER dop: 1/16)", "Parent Relationship": "Outer", "Startup Cost": 37.76, "Total Cost": 58627.22, "Plan Rows": 569410, "Plan Width": 24, "Plans": [{"Node Type": "Seq Scan", "Parent Relationship": "Outer", "Relation Name": "orders", "Alias": "orders", "Startup Cost": 37.76, "Total Cost": 46338.2, "Plan Rows": 569410, "Plan Width": 24, "Filter": "((o_orderdate >= '1995-01-01 00:00:00'::timestamp(0) without time zone) AND (o_orderdate < '1995-04-01 00:00:00'::timestamp without time zone)), (LLVM Optimized)"}]}, {"Node Type": "Index Scan", "Parent Relationship": "Inner", "Scan Direction": "Forward", "Index Name": "idx_lineitem_orderkey", "Relation Name": "lineitem", "Alias": "lineitem", "Startup Cost": 0.0, "Total Cost": 5.41, "Plan Rows": 3, "Plan Width": 8, "Index Cond": "(l_orderkey = orders.o_orderkey)", "Filter": "(l_commitdate < l_receiptdate)"}]}]}]}, "Unique SQL Id": 3745551476, "Planner Runtime": 0}, "explain_analyze_plan": {"Plan": {"Node Type": "Sort", "Startup Cost": 675790.96, "Total Cost": 675790.97, "Plan Rows": 1, "Plan Width": 24, "Actual Min Startup Time": 4741.516, "Actual Max Startup Time": 4741.516, "Actual Min Total Time": 4741.516, "Actual Max Total Time": 4741.516, "Sort Key": ["orders.o_orderpriority"], "Sort Method": "quicksort", "Sort Space Min Used": 25, "Sort Space Max Used": 25, "Sort Space Type": "Memory", "Plans": [{"Node Type": "Aggregate", "Strategy": "Hashed", "Parent Relationship": "Outer", "Startup Cost": 675790.94, "Total Cost": 675790.95, "Plan Rows": 1, "Plan Width": 24, "Actual Min Startup Time": 4741.458, "Actual Max Startup Time": 4741.458, "Actual Min Total Time": 4741.46, "Actual Max Total Time": 4741.46, "Group By Key": ["orders.o_orderpriority"], "Plans": [{"Node Type": "Nested Loop", "Parent Relationship": "Outer", "Join Type": "Semi", "Startup Cost": 37.76, "Total Cost": 672943.89, "Plan Rows": 569410, "Plan Width": 16, "Actual Min Startup Time": 39.921, "Actual Max Startup Time": 39.921, "Actual Min Total Time": 4475.802, "Actual Max Total Time": 4475.802, "Inner Unique": false, "Plans": [{"Node Type": "Streaming(type: LOCAL GATHER dop: 1/16)", "Parent Relationship": "Outer", "Startup Cost": 37.76, "Total Cost": 58627.22, "Plan Rows": 569410, "Plan Width": 24, "Actual Min Startup Time": 39.854, "Actual Max Startup Time": 39.854, "Actual Min Total Time": 315.117, "Actual Max Total Time": 315.117, "Plans": [{"Node Type": "Seq Scan", "Parent Relationship": "Outer", "Relation Name": "orders", "Alias": "orders", "Startup Cost": 37.76, "Total Cost": 46338.2, "Plan Rows": 569410, "Plan Width": 24, "Actual Min Startup Time": 0.028, "Actual Max Startup Time": 0.055, "Actual Min Total Time": 314.933, "Actual Max Total Time": 338.721, "Filter": "((o_orderdate >= '1995-01-01 00:00:00'::timestamp(0) without time zone) AND (o_orderdate < '1995-04-01 00:00:00'::timestamp without time zone)), (LLVM Optimized, Jit Execute)", "Rows Removed by Filter": 14438388, "Actual Rows": 561612}], "Actual Rows": 561612}, {"Node Type": "Index Scan", "Parent Relationship": "Inner", "Scan Direction": "Forward", "Index Name": "idx_lineitem_orderkey", "Relation Name": "lineitem", "Alias": "lineitem", "Startup Cost": 0.0, "Total Cost": 5.41, "Plan Rows": 3, "Plan Width": 8, "Actual Min Startup Time": 3749.266, "Actual Max Startup Time": 3749.266, "Actual Min Total Time": 3749.266, "Actual Max Total Time": 3749.266, "Index Cond": "(l_orderkey = orders.o_orderkey)", "Rows Removed by Index Recheck": 0, "Filter": "(l_commitdate < l_receiptdate)", "Rows Removed by Filter": 299676, "Actual Rows": 515106}], "Actual Rows": 515106}], "Actual Rows": 5}], "Actual Rows": 5}, "Triggers": [], "Planner Runtime": 0, "Total Runtime": 4753.599, "Unique SQL Id": 3745551476}}, "(16, 121)": {"explain_plan": {"Plan": {"Node Type": "Sort", "Startup Cost": 1239498.42, "Total Cost": 1239498.42, "Plan Rows": 1, "Plan Width": 24, "Sort Key": ["orders.o_orderpriority"], "Plans": [{"Node Type": "Aggregate", "Strategy": "Hashed", "Parent Relationship": "Outer", "Startup Cost": 1239498.4, "Total Cost": 1239498.41, "Plan Rows": 1, "Plan Width": 24, "Group By Key": ["orders.o_orderpriority"], "Plans": [{"Node Type": "Nested Loop", "Parent Relationship": "Outer", "Join Type": "Semi", "Startup Cost": 0.0, "Total Cost": 1236651.35, "Plan Rows": 569410, "Plan Width": 16, "Inner Unique": false, "Plans": [{"Node Type": "Streaming(type: LOCAL GATHER dop: 1/16)", "Parent Relationship": "Outer", "Startup Cost": 0.0, "Total Cost": 622334.68, "Plan Rows": 569410, "Plan Width": 24, "Plans": [{"Node Type": "Index Scan", "Parent Relationship": "Outer", "Scan Direction": "Forward", "Index Name": "orders_pkey", "Relation Name": "orders", "Alias": "orders", "Startup Cost": 0.0, "Total Cost": 610045.66, "Plan Rows": 569410, "Plan Width": 24, "Filter": "((o_orderdate >= '1995-01-01 00:00:00'::timestamp(0) without time zone) AND (o_orderdate < '1995-04-01 00:00:00'::timestamp without time zone)), (LLVM Optimized)"}]}, {"Node Type": "Index Scan", "Parent Relationship": "Inner", "Scan Direction": "Forward", "Index Name": "idx_lineitem_orderkey", "Relation Name": "lineitem", "Alias": "lineitem", "Startup Cost": 0.0, "Total Cost": 5.41, "Plan Rows": 3, "Plan Width": 8, "Index Cond": "(l_orderkey = orders.o_orderkey)", "Filter": "(l_commitdate < l_receiptdate)"}]}]}]}, "Unique SQL Id": 3745551476, "Planner Runtime": 0}, "explain_analyze_plan": {"Plan": {"Node Type": "Sort", "Startup Cost": 1239498.42, "Total Cost": 1239498.42, "Plan Rows": 1, "Plan Width": 24, "Actual Min Startup Time": 4836.612, "Actual Max Startup Time": 4836.612, "Actual Min Total Time": 4836.613, "Actual Max Total Time": 4836.613, "Sort Key": ["orders.o_orderpriority"], "Sort Method": "quicksort", "Sort Space Min Used": 25, "Sort Space Max Used": 25, "Sort Space Type": "Memory", "Plans": [{"Node Type": "Aggregate", "Strategy": "Hashed", "Parent Relationship": "Outer", "Startup Cost": 1239498.4, "Total Cost": 1239498.41, "Plan Rows": 1, "Plan Width": 24, "Actual Min Startup Time": 4836.574, "Actual Max Startup Time": 4836.574, "Actual Min Total Time": 4836.576, "Actual Max Total Time": 4836.576, "Group By Key": ["orders.o_orderpriority"], "Plans": [{"Node Type": "Nested Loop", "Parent Relationship": "Outer", "Join Type": "Semi", "Startup Cost": 0.0, "Total Cost": 1236651.35, "Plan Rows": 569410, "Plan Width": 16, "Actual Min Startup Time": 174.498, "Actual Max Startup Time": 174.498, "Actual Min Total Time": 4565.385, "Actual Max Total Time": 4565.385, "Inner Unique": false, "Plans": [{"Node Type": "Streaming(type: LOCAL GATHER dop: 1/16)", "Parent Relationship": "Outer", "Startup Cost": 0.0, "Total Cost": 622334.68, "Plan Rows": 569410, "Plan Width": 24, "Actual Min Startup Time": 174.432, "Actual Max Startup Time": 174.432, "Actual Min Total Time": 409.483, "Actual Max Total Time": 409.483, "Plans": [{"Node Type": "Index Scan", "Parent Relationship": "Outer", "Scan Direction": "Forward", "Index Name": "orders_pkey", "Relation Name": "orders", "Alias": "orders", "Startup Cost": 0.0, "Total Cost": 610045.66, "Plan Rows": 569410, "Plan Width": 24, "Actual Min Startup Time": 126.895, "Actual Max Startup Time": 135.2, "Actual Min Total Time": 713.41, "Actual Max Total Time": 809.738, "Filter": "((o_orderdate >= '1995-01-01 00:00:00'::timestamp(0) without time zone) AND (o_orderdate < '1995-04-01 00:00:00'::timestamp without time zone)), (LLVM Optimized, Jit Execute)", "Rows Removed by Filter": 14438388, "Actual Rows": 561612}], "Actual Rows": 561612}, {"Node Type": "Index Scan", "Parent Relationship": "Inner", "Scan Direction": "Forward", "Index Name": "idx_lineitem_orderkey", "Relation Name": "lineitem", "Alias": "lineitem", "Startup Cost": 0.0, "Total Cost": 5.41, "Plan Rows": 3, "Plan Width": 8, "Actual Min Startup Time": 3741.772, "Actual Max Startup Time": 3741.772, "Actual Min Total Time": 3741.772, "Actual Max Total Time": 3741.772, "Index Cond": "(l_orderkey = orders.o_orderkey)", "Rows Removed by Index Recheck": 0, "Filter": "(l_commitdate < l_receiptdate)", "Rows Removed by Filter": 299676, "Actual Rows": 515106}], "Actual Rows": 515106}], "Actual Rows": 5}], "Actual Rows": 5}, "Triggers": [], "Planner Runtime": 0, "Total Runtime": 4847.856, "Unique SQL Id": 3745551476}}, "(16, 122)": {"explain_plan": {"Plan": {"Node Type": "Sort", "Startup Cost": 73745631.06, "Total Cost": 73745631.06, "Plan Rows": 1, "Plan Width": 24, "Sort Key": ["orders.o_orderpriority"], "Plans": [{"Node Type": "Streaming(type: LOCAL GATHER dop: 1/16)", "Parent Relationship": "Outer", "Startup Cost": 73745631.04, "Total Cost": 73745631.05, "Plan Rows": 1, "Plan Width": 24, "Plans": [{"Node Type": "Aggregate", "Strategy": "Hashed", "Parent Relationship": "Outer", "Startup Cost": 73745631.04, "Total Cost": 73745631.04, "Plan Rows": 1, "Plan Width": 24, "Group By Key": ["orders.o_orderpriority"], "Plans": [{"Node Type": "Streaming(type: LOCAL REDISTRIBUTE dop: 16/16)", "Parent Relationship": "Outer", "Startup Cost": 73745631.01, "Total Cost": 73745631.04, "Plan Rows": 1, "Plan Width": 24, "Plans": [{"Node Type": "Aggregate", "Strategy": "Hashed", "Parent Relationship": "Outer", "Startup Cost": 73745631.01, "Total Cost": 73745631.01, "Plan Rows": 1, "Plan Width": 24, "Group By Key": ["orders.o_orderpriority"], "Plans": [{"Node Type": "Nested Loop", "Parent Relationship": "Outer", "Join Type": "Inner", "Startup Cost": 183706.39, "Total Cost": 73745453.07, "Plan Rows": 569410, "Plan Width": 16, "Inner Unique": true, "Join Filter": "(orders.o_orderkey = lineitem.l_orderkey), (LLVM Optimized)", "Plans": [{"Node Type": "Aggregate", "Strategy": "Hashed", "Parent Relationship": "Outer", "Startup Cost": 178507.06, "Total Cost": 179883.48, "Plan Rows": 2202268, "Plan Width": 8, "Group By Key": ["lineitem.l_orderkey"], "Plans": [{"Node Type": "Streaming(type: LOCAL REDISTRIBUTE dop: 16/16)", "Parent Relationship": "Outer", "Startup Cost": 153442.01, "Total Cost": 178162.96, "Plan Rows": 2202268, "Plan Width": 8, "Plans": [{"Node Type": "Aggregate", "Strategy": "Hashed", "Parent Relationship": "Outer", "Startup Cost": 153442.01, "Total Cost": 154818.42, "Plan Rows": 2202268, "Plan Width": 8, "Group By Key": ["lineitem.l_orderkey"], "Plans": [{"Node Type": "Seq Scan", "Parent Relationship": "Outer", "Relation Name": "lineitem", "Alias": "lineitem", "Startup Cost": 0.0, "Total Cost": 150317.68, "Plan Rows": 19995678, "Plan Width": 8, "Filter": "(l_commitdate < l_receiptdate), (LLVM Optimized)"}]}]}]}, {"Node Type": "Materialize", "Parent Relationship": "Inner", "Startup Cost": 37.76, "Total Cost": 63673.67, "Plan Rows": 569410, "Plan Width": 24, "Plans": [{"Node Type": "Streaming(type: LOCAL REDISTRIBUTE dop: 16/16)", "Parent Relationship": "Outer", "Startup Cost": 37.76, "Total Cost": 63495.73, "Plan Rows": 569410, "Plan Width": 24, "Plans": [{"Node Type": "Seq Scan", "Parent Relationship": "Outer", "Relation Name": "orders", "Alias": "orders", "Startup Cost": 37.76, "Total Cost": 46338.2, "Plan Rows": 569410, "Plan Width": 24, "Filter": "((o_orderdate >= '1995-01-01 00:00:00'::timestamp(0) without time zone) AND (o_orderdate < '1995-04-01 00:00:00'::timestamp without time zone)), (LLVM Optimized)"}]}]}]}]}]}]}]}]}, "Unique SQL Id": 3745551476, "Planner Runtime": 0}, "explain_analyze_plan": null}, "(16, 123)": {"explain_plan": {"Plan": {"Node Type": "Sort", "Startup Cost": 2034307228087.09, "Total Cost": 2034307228087.1, "Plan Rows": 1, "Plan Width": 24, "Sort Key": ["orders.o_orderpriority"], "Plans": [{"Node Type": "Aggregate", "Strategy": "Hashed", "Parent Relationship": "Outer", "Startup Cost": 2034307228087.07, "Total Cost": 2034307228087.08, "Plan Rows": 1, "Plan Width": 24, "Group By Key": ["orders.o_orderpriority"], "Plans": [{"Node Type": "Nested Loop", "Parent Relationship": "Outer", "Join Type": "Semi", "Startup Cost": 20000000000.0, "Total Cost": 2034307225240.02, "Plan Rows": 569410, "Plan Width": 16, "Inner Unique": false, "Join Filter": "(orders.o_orderkey = lineitem.l_orderkey), (LLVM Optimized)", "Plans": [{"Node Type": "Index Scan", "Parent Relationship": "Outer", "Scan Direction": "Forward", "Index Name": "orders_pkey", "Relation Name": "orders", "Alias": "orders", "Startup Cost": 10000000000.0, "Total Cost": 1000080597583.0, "Plan Rows": 569410, "Plan Width": 24, "Filter": "((o_orderdate >= '1995-01-01 00:00:00'::timestamp(0) without time zone) AND (o_orderdate < '1995-04-01 00:00:00'::timestamp without time zone)), (LLVM Optimized)"}, {"Node Type": "Materialize", "Parent Relationship": "Inner", "Startup Cost": 10000000000.0, "Total Cost": 1000339112111.14, "Plan Rows": 19995678, "Plan Width": 8, "Plans": [{"Node Type": "Index Scan", "Parent Relationship": "Outer", "Scan Direction": "Forward", "Index Name": "idx_lineitem_orderkey", "Relation Name": "lineitem", "Alias": "lineitem", "Startup Cost": 10000000000.0, "Total Cost": 1000339012132.75, "Plan Rows": 19995678, "Plan Width": 8, "Filter": "(l_commitdate < l_receiptdate), (LLVM Optimized)"}]}]}]}]}, "Unique SQL Id": 3745551476, "Planner Runtime": 0}, "explain_analyze_plan": null}, "(16, 124)": {"explain_plan": {"Plan": {"Node Type": "Sort", "Startup Cost": 675790.96, "Total Cost": 675790.97, "Plan Rows": 1, "Plan Width": 24, "Sort Key": ["orders.o_orderpriority"], "Plans": [{"Node Type": "Aggregate", "Strategy": "Hashed", "Parent Relationship": "Outer", "Startup Cost": 675790.94, "Total Cost": 675790.95, "Plan Rows": 1, "Plan Width": 24, "Group By Key": ["orders.o_orderpriority"], "Plans": [{"Node Type": "Nested Loop", "Parent Relationship": "Outer", "Join Type": "Semi", "Startup Cost": 37.76, "Total Cost": 672943.89, "Plan Rows": 569410, "Plan Width": 16, "Inner Unique": false, "Plans": [{"Node Type": "Streaming(type: LOCAL GATHER dop: 1/16)", "Parent Relationship": "Outer", "Startup Cost": 37.76, "Total Cost": 58627.22, "Plan Rows": 569410, "Plan Width": 24, "Plans": [{"Node Type": "Seq Scan", "Parent Relationship": "Outer", "Relation Name": "orders", "Alias": "orders", "Startup Cost": 37.76, "Total Cost": 46338.2, "Plan Rows": 569410, "Plan Width": 24, "Filter": "((o_orderdate >= '1995-01-01 00:00:00'::timestamp(0) without time zone) AND (o_orderdate < '1995-04-01 00:00:00'::timestamp without time zone)), (LLVM Optimized)"}]}, {"Node Type": "Index Scan", "Parent Relationship": "Inner", "Scan Direction": "Forward", "Index Name": "idx_lineitem_orderkey", "Relation Name": "lineitem", "Alias": "lineitem", "Startup Cost": 0.0, "Total Cost": 5.41, "Plan Rows": 3, "Plan Width": 8, "Index Cond": "(l_orderkey = orders.o_orderkey)", "Filter": "(l_commitdate < l_receiptdate)"}]}]}]}, "Unique SQL Id": 3745551476, "Planner Runtime": 0}, "explain_analyze_plan": {"Plan": {"Node Type": "Sort", "Startup Cost": 675790.96, "Total Cost": 675790.97, "Plan Rows": 1, "Plan Width": 24, "Actual Min Startup Time": 4741.516, "Actual Max Startup Time": 4741.516, "Actual Min Total Time": 4741.516, "Actual Max Total Time": 4741.516, "Sort Key": ["orders.o_orderpriority"], "Sort Method": "quicksort", "Sort Space Min Used": 25, "Sort Space Max Used": 25, "Sort Space Type": "Memory", "Plans": [{"Node Type": "Aggregate", "Strategy": "Hashed", "Parent Relationship": "Outer", "Startup Cost": 675790.94, "Total Cost": 675790.95, "Plan Rows": 1, "Plan Width": 24, "Actual Min Startup Time": 4741.458, "Actual Max Startup Time": 4741.458, "Actual Min Total Time": 4741.46, "Actual Max Total Time": 4741.46, "Group By Key": ["orders.o_orderpriority"], "Plans": [{"Node Type": "Nested Loop", "Parent Relationship": "Outer", "Join Type": "Semi", "Startup Cost": 37.76, "Total Cost": 672943.89, "Plan Rows": 569410, "Plan Width": 16, "Actual Min Startup Time": 39.921, "Actual Max Startup Time": 39.921, "Actual Min Total Time": 4475.802, "Actual Max Total Time": 4475.802, "Inner Unique": false, "Plans": [{"Node Type": "Streaming(type: LOCAL GATHER dop: 1/16)", "Parent Relationship": "Outer", "Startup Cost": 37.76, "Total Cost": 58627.22, "Plan Rows": 569410, "Plan Width": 24, "Actual Min Startup Time": 39.854, "Actual Max Startup Time": 39.854, "Actual Min Total Time": 315.117, "Actual Max Total Time": 315.117, "Plans": [{"Node Type": "Seq Scan", "Parent Relationship": "Outer", "Relation Name": "orders", "Alias": "orders", "Startup Cost": 37.76, "Total Cost": 46338.2, "Plan Rows": 569410, "Plan Width": 24, "Actual Min Startup Time": 0.028, "Actual Max Startup Time": 0.055, "Actual Min Total Time": 314.933, "Actual Max Total Time": 338.721, "Filter": "((o_orderdate >= '1995-01-01 00:00:00'::timestamp(0) without time zone) AND (o_orderdate < '1995-04-01 00:00:00'::timestamp without time zone)), (LLVM Optimized, Jit Execute)", "Rows Removed by Filter": 14438388, "Actual Rows": 561612}], "Actual Rows": 561612}, {"Node Type": "Index Scan", "Parent Relationship": "Inner", "Scan Direction": "Forward", "Index Name": "idx_lineitem_orderkey", "Relation Name": "lineitem", "Alias": "lineitem", "Startup Cost": 0.0, "Total Cost": 5.41, "Plan Rows": 3, "Plan Width": 8, "Actual Min Startup Time": 3749.266, "Actual Max Startup Time": 3749.266, "Actual Min Total Time": 3749.266, "Actual Max Total Time": 3749.266, "Index Cond": "(l_orderkey = orders.o_orderkey)", "Rows Removed by Index Recheck": 0, "Filter": "(l_commitdate < l_receiptdate)", "Rows Removed by Filter": 299676, "Actual Rows": 515106}], "Actual Rows": 515106}], "Actual Rows": 5}], "Actual Rows": 5}, "Triggers": [], "Planner Runtime": 0, "Total Runtime": 4753.599, "Unique SQL Id": 3745551476}}, "(16, 125)": {"explain_plan": {"Plan": {"Node Type": "Sort", "Startup Cost": 1239498.42, "Total Cost": 1239498.42, "Plan Rows": 1, "Plan Width": 24, "Sort Key": ["orders.o_orderpriority"], "Plans": [{"Node Type": "Aggregate", "Strategy": "Hashed", "Parent Relationship": "Outer", "Startup Cost": 1239498.4, "Total Cost": 1239498.41, "Plan Rows": 1, "Plan Width": 24, "Group By Key": ["orders.o_orderpriority"], "Plans": [{"Node Type": "Nested Loop", "Parent Relationship": "Outer", "Join Type": "Semi", "Startup Cost": 0.0, "Total Cost": 1236651.35, "Plan Rows": 569410, "Plan Width": 16, "Inner Unique": false, "Plans": [{"Node Type": "Streaming(type: LOCAL GATHER dop: 1/16)", "Parent Relationship": "Outer", "Startup Cost": 0.0, "Total Cost": 622334.68, "Plan Rows": 569410, "Plan Width": 24, "Plans": [{"Node Type": "Index Scan", "Parent Relationship": "Outer", "Scan Direction": "Forward", "Index Name": "orders_pkey", "Relation Name": "orders", "Alias": "orders", "Startup Cost": 0.0, "Total Cost": 610045.66, "Plan Rows": 569410, "Plan Width": 24, "Filter": "((o_orderdate >= '1995-01-01 00:00:00'::timestamp(0) without time zone) AND (o_orderdate < '1995-04-01 00:00:00'::timestamp without time zone)), (LLVM Optimized)"}]}, {"Node Type": "Index Scan", "Parent Relationship": "Inner", "Scan Direction": "Forward", "Index Name": "idx_lineitem_orderkey", "Relation Name": "lineitem", "Alias": "lineitem", "Startup Cost": 0.0, "Total Cost": 5.41, "Plan Rows": 3, "Plan Width": 8, "Index Cond": "(l_orderkey = orders.o_orderkey)", "Filter": "(l_commitdate < l_receiptdate)"}]}]}]}, "Unique SQL Id": 3745551476, "Planner Runtime": 0}, "explain_analyze_plan": {"Plan": {"Node Type": "Sort", "Startup Cost": 1239498.42, "Total Cost": 1239498.42, "Plan Rows": 1, "Plan Width": 24, "Actual Min Startup Time": 4836.612, "Actual Max Startup Time": 4836.612, "Actual Min Total Time": 4836.613, "Actual Max Total Time": 4836.613, "Sort Key": ["orders.o_orderpriority"], "Sort Method": "quicksort", "Sort Space Min Used": 25, "Sort Space Max Used": 25, "Sort Space Type": "Memory", "Plans": [{"Node Type": "Aggregate", "Strategy": "Hashed", "Parent Relationship": "Outer", "Startup Cost": 1239498.4, "Total Cost": 1239498.41, "Plan Rows": 1, "Plan Width": 24, "Actual Min Startup Time": 4836.574, "Actual Max Startup Time": 4836.574, "Actual Min Total Time": 4836.576, "Actual Max Total Time": 4836.576, "Group By Key": ["orders.o_orderpriority"], "Plans": [{"Node Type": "Nested Loop", "Parent Relationship": "Outer", "Join Type": "Semi", "Startup Cost": 0.0, "Total Cost": 1236651.35, "Plan Rows": 569410, "Plan Width": 16, "Actual Min Startup Time": 174.498, "Actual Max Startup Time": 174.498, "Actual Min Total Time": 4565.385, "Actual Max Total Time": 4565.385, "Inner Unique": false, "Plans": [{"Node Type": "Streaming(type: LOCAL GATHER dop: 1/16)", "Parent Relationship": "Outer", "Startup Cost": 0.0, "Total Cost": 622334.68, "Plan Rows": 569410, "Plan Width": 24, "Actual Min Startup Time": 174.432, "Actual Max Startup Time": 174.432, "Actual Min Total Time": 409.483, "Actual Max Total Time": 409.483, "Plans": [{"Node Type": "Index Scan", "Parent Relationship": "Outer", "Scan Direction": "Forward", "Index Name": "orders_pkey", "Relation Name": "orders", "Alias": "orders", "Startup Cost": 0.0, "Total Cost": 610045.66, "Plan Rows": 569410, "Plan Width": 24, "Actual Min Startup Time": 126.895, "Actual Max Startup Time": 135.2, "Actual Min Total Time": 713.41, "Actual Max Total Time": 809.738, "Filter": "((o_orderdate >= '1995-01-01 00:00:00'::timestamp(0) without time zone) AND (o_orderdate < '1995-04-01 00:00:00'::timestamp without time zone)), (LLVM Optimized, Jit Execute)", "Rows Removed by Filter": 14438388, "Actual Rows": 561612}], "Actual Rows": 561612}, {"Node Type": "Index Scan", "Parent Relationship": "Inner", "Scan Direction": "Forward", "Index Name": "idx_lineitem_orderkey", "Relation Name": "lineitem", "Alias": "lineitem", "Startup Cost": 0.0, "Total Cost": 5.41, "Plan Rows": 3, "Plan Width": 8, "Actual Min Startup Time": 3741.772, "Actual Max Startup Time": 3741.772, "Actual Min Total Time": 3741.772, "Actual Max Total Time": 3741.772, "Index Cond": "(l_orderkey = orders.o_orderkey)", "Rows Removed by Index Recheck": 0, "Filter": "(l_commitdate < l_receiptdate)", "Rows Removed by Filter": 299676, "Actual Rows": 515106}], "Actual Rows": 515106}], "Actual Rows": 5}], "Actual Rows": 5}, "Triggers": [], "Planner Runtime": 0, "Total Runtime": 4847.856, "Unique SQL Id": 3745551476}}, "(16, 126)": {"explain_plan": {"Plan": {"Node Type": "Sort", "Startup Cost": 73745631.06, "Total Cost": 73745631.06, "Plan Rows": 1, "Plan Width": 24, "Sort Key": ["orders.o_orderpriority"], "Plans": [{"Node Type": "Streaming(type: LOCAL GATHER dop: 1/16)", "Parent Relationship": "Outer", "Startup Cost": 73745631.04, "Total Cost": 73745631.05, "Plan Rows": 1, "Plan Width": 24, "Plans": [{"Node Type": "Aggregate", "Strategy": "Hashed", "Parent Relationship": "Outer", "Startup Cost": 73745631.04, "Total Cost": 73745631.04, "Plan Rows": 1, "Plan Width": 24, "Group By Key": ["orders.o_orderpriority"], "Plans": [{"Node Type": "Streaming(type: LOCAL REDISTRIBUTE dop: 16/16)", "Parent Relationship": "Outer", "Startup Cost": 73745631.01, "Total Cost": 73745631.04, "Plan Rows": 1, "Plan Width": 24, "Plans": [{"Node Type": "Aggregate", "Strategy": "Hashed", "Parent Relationship": "Outer", "Startup Cost": 73745631.01, "Total Cost": 73745631.01, "Plan Rows": 1, "Plan Width": 24, "Group By Key": ["orders.o_orderpriority"], "Plans": [{"Node Type": "Nested Loop", "Parent Relationship": "Outer", "Join Type": "Inner", "Startup Cost": 183706.39, "Total Cost": 73745453.07, "Plan Rows": 569410, "Plan Width": 16, "Inner Unique": true, "Join Filter": "(orders.o_orderkey = lineitem.l_orderkey), (LLVM Optimized)", "Plans": [{"Node Type": "Aggregate", "Strategy": "Hashed", "Parent Relationship": "Outer", "Startup Cost": 178507.06, "Total Cost": 179883.48, "Plan Rows": 2202268, "Plan Width": 8, "Group By Key": ["lineitem.l_orderkey"], "Plans": [{"Node Type": "Streaming(type: LOCAL REDISTRIBUTE dop: 16/16)", "Parent Relationship": "Outer", "Startup Cost": 153442.01, "Total Cost": 178162.96, "Plan Rows": 2202268, "Plan Width": 8, "Plans": [{"Node Type": "Aggregate", "Strategy": "Hashed", "Parent Relationship": "Outer", "Startup Cost": 153442.01, "Total Cost": 154818.42, "Plan Rows": 2202268, "Plan Width": 8, "Group By Key": ["lineitem.l_orderkey"], "Plans": [{"Node Type": "Seq Scan", "Parent Relationship": "Outer", "Relation Name": "lineitem", "Alias": "lineitem", "Startup Cost": 0.0, "Total Cost": 150317.68, "Plan Rows": 19995678, "Plan Width": 8, "Filter": "(l_commitdate < l_receiptdate), (LLVM Optimized)"}]}]}]}, {"Node Type": "Materialize", "Parent Relationship": "Inner", "Startup Cost": 37.76, "Total Cost": 63673.67, "Plan Rows": 569410, "Plan Width": 24, "Plans": [{"Node Type": "Streaming(type: LOCAL REDISTRIBUTE dop: 16/16)", "Parent Relationship": "Outer", "Startup Cost": 37.76, "Total Cost": 63495.73, "Plan Rows": 569410, "Plan Width": 24, "Plans": [{"Node Type": "Seq Scan", "Parent Relationship": "Outer", "Relation Name": "orders", "Alias": "orders", "Startup Cost": 37.76, "Total Cost": 46338.2, "Plan Rows": 569410, "Plan Width": 24, "Filter": "((o_orderdate >= '1995-01-01 00:00:00'::timestamp(0) without time zone) AND (o_orderdate < '1995-04-01 00:00:00'::timestamp without time zone)), (LLVM Optimized)"}]}]}]}]}]}]}]}]}, "Unique SQL Id": 3745551476, "Planner Runtime": 0}, "explain_analyze_plan": null}, "(16, 127)": {"explain_plan": {"Plan": {"Node Type": "Sort", "Startup Cost": 2034307228087.09, "Total Cost": 2034307228087.1, "Plan Rows": 1, "Plan Width": 24, "Sort Key": ["orders.o_orderpriority"], "Plans": [{"Node Type": "Aggregate", "Strategy": "Hashed", "Parent Relationship": "Outer", "Startup Cost": 2034307228087.07, "Total Cost": 2034307228087.08, "Plan Rows": 1, "Plan Width": 24, "Group By Key": ["orders.o_orderpriority"], "Plans": [{"Node Type": "Nested Loop", "Parent Relationship": "Outer", "Join Type": "Semi", "Startup Cost": 20000000000.0, "Total Cost": 2034307225240.02, "Plan Rows": 569410, "Plan Width": 16, "Inner Unique": false, "Join Filter": "(orders.o_orderkey = lineitem.l_orderkey), (LLVM Optimized)", "Plans": [{"Node Type": "Index Scan", "Parent Relationship": "Outer", "Scan Direction": "Forward", "Index Name": "orders_pkey", "Relation Name": "orders", "Alias": "orders", "Startup Cost": 10000000000.0, "Total Cost": 1000080597583.0, "Plan Rows": 569410, "Plan Width": 24, "Filter": "((o_orderdate >= '1995-01-01 00:00:00'::timestamp(0) without time zone) AND (o_orderdate < '1995-04-01 00:00:00'::timestamp without time zone)), (LLVM Optimized)"}, {"Node Type": "Materialize", "Parent Relationship": "Inner", "Startup Cost": 10000000000.0, "Total Cost": 1000339112111.14, "Plan Rows": 19995678, "Plan Width": 8, "Plans": [{"Node Type": "Index Scan", "Parent Relationship": "Outer", "Scan Direction": "Forward", "Index Name": "idx_lineitem_orderkey", "Relation Name": "lineitem", "Alias": "lineitem", "Startup Cost": 10000000000.0, "Total Cost": 1000339012132.75, "Plan Rows": 19995678, "Plan Width": 8, "Filter": "(l_commitdate < l_receiptdate), (LLVM Optimized)"}]}]}]}]}, "Unique SQL Id": 3745551476, "Planner Runtime": 0}, "explain_analyze_plan": null}, "(64, 0)": {"explain_plan": {"Plan": {"Node Type": "Sort", "Startup Cost": 277414.2, "Total Cost": 277414.2, "Plan Rows": 1, "Plan Width": 24, "Sort Key": ["orders.o_orderpriority"], "Plans": [{"Node Type": "Aggregate", "Strategy": "Hashed", "Parent Relationship": "Outer", "Startup Cost": 277414.18, "Total Cost": 277414.19, "Plan Rows": 1, "Plan Width": 24, "Group By Key": ["orders.o_orderpriority"], "Plans": [{"Node Type": "Hash Join", "Parent Relationship": "Outer", "Join Type": "Inner", "Startup Cost": 238591.84, "Total Cost": 274567.13, "Plan Rows": 569410, "Plan Width": 16, "Inner Unique": true, "Hash Cond": "(lineitem.l_orderkey = orders.o_orderkey), (LLVM Optimized)", "Plans": [{"Node Type": "Aggregate", "Strategy": "Hashed", "Parent Relationship": "Outer", "Startup Cost": 148892.81, "Total Cost": 170915.49, "Plan Rows": 2202268, "Plan Width": 8, "Group By Key": ["lineitem.l_orderkey"], "Plans": [{"Node Type": "Streaming(type: LOCAL GATHER dop: 1/64)", "Parent Relationship": "Outer", "Startup Cost": 97610.5, "Total Cost": 143387.14, "Plan Rows": 2202268, "Plan Width": 8, "Plans": [{"Node Type": "Aggregate", "Strategy": "Hashed", "Parent Relationship": "Outer", "Startup Cost": 97610.5, "Total Cost": 97954.61, "Plan Rows": 2202268, "Plan Width": 8, "Group By Key": ["lineitem.l_orderkey"], "Plans": [{"Node Type": "Seq Scan", "Parent Relationship": "Outer", "Relation Name": "lineitem", "Alias": "lineitem", "Startup Cost": 0.0, "Total Cost": 96829.42, "Plan Rows": 19995678, "Plan Width": 8, "Filter": "(l_commitdate < l_receiptdate), (LLVM Optimized)"}]}]}]}, {"Node Type": "Hash", "Parent Relationship": "Inner", "Startup Cost": 82581.41, "Total Cost": 82581.41, "Plan Rows": 569410, "Plan Width": 24, "Plans": [{"Node Type": "Streaming(type: LOCAL GATHER dop: 1/64)", "Parent Relationship": "Outer", "Startup Cost": 57.33, "Total Cost": 82581.41, "Plan Rows": 569410, "Plan Width": 24, "Plans": [{"Node Type": "Seq Scan", "Parent Relationship": "Outer", "Relation Name": "orders", "Alias": "orders", "Startup Cost": 57.33, "Total Cost": 70834.55, "Plan Rows": 569410, "Plan Width": 24, "Filter": "((o_orderdate >= '1995-01-01 00:00:00'::timestamp(0) without time zone) AND (o_orderdate < '1995-04-01 00:00:00'::timestamp without time zone)), (LLVM Optimized)"}]}]}]}]}]}, "Unique SQL Id": 3745551476, "Planner Runtime": 1}, "explain_analyze_plan": {"Plan": {"Node Type": "Sort", "Startup Cost": 277414.2, "Total Cost": 277414.2, "Plan Rows": 1, "Plan Width": 24, "Actual Min Startup Time": 23766.987, "Actual Max Startup Time": 23766.987, "Actual Min Total Time": 23766.987, "Actual Max Total Time": 23766.987, "Sort Key": ["orders.o_orderpriority"], "Sort Method": "quicksort", "Sort Space Min Used": 25, "Sort Space Max Used": 25, "Sort Space Type": "Memory", "Plans": [{"Node Type": "Aggregate", "Strategy": "Hashed", "Parent Relationship": "Outer", "Startup Cost": 277414.18, "Total Cost": 277414.19, "Plan Rows": 1, "Plan Width": 24, "Actual Min Startup Time": 23766.921, "Actual Max Startup Time": 23766.921, "Actual Min Total Time": 23766.922, "Actual Max Total Time": 23766.922, "Group By Key": ["orders.o_orderpriority"], "Plans": [{"Node Type": "Hash Join", "Parent Relationship": "Outer", "Join Type": "Inner", "Startup Cost": 238591.84, "Total Cost": 274567.13, "Plan Rows": 569410, "Plan Width": 16, "Actual Min Startup Time": 14735.43, "Actual Max Startup Time": 14735.43, "Actual Min Total Time": 23551.885, "Actual Max Total Time": 23551.885, "Inner Unique": true, "Hash Cond": "(lineitem.l_orderkey = orders.o_orderkey), (LLVM Optimized, Jit Execute)", "Plans": [{"Node Type": "Aggregate", "Strategy": "Hashed", "Parent Relationship": "Outer", "Startup Cost": 148892.81, "Total Cost": 170915.49, "Plan Rows": 2202268, "Plan Width": 8, "Actual Min Startup Time": 14035.349, "Actual Max Startup Time": 14035.349, "Actual Min Total Time": 19818.083, "Actual Max Total Time": 19818.083, "Group By Key": ["lineitem.l_orderkey"], "Plans": [{"Node Type": "Streaming(type: LOCAL GATHER dop: 1/64)", "Parent Relationship": "Outer", "Startup Cost": 97610.5, "Total Cost": 143387.14, "Plan Rows": 2202268, "Plan Width": 8, "Actual Min Startup Time": 229.695, "Actual Max Startup Time": 229.695, "Actual Min Total Time": 5832.858, "Actual Max Total Time": 5832.858, "Plans": [{"Node Type": "Aggregate", "Strategy": "Hashed", "Parent Relationship": "Outer", "Startup Cost": 97610.5, "Total Cost": 97954.61, "Plan Rows": 2202268, "Plan Width": 8, "Actual Min Startup Time": 747.715, "Actual Max Startup Time": 860.278, "Actual Min Total Time": 818.769, "Actual Max Total Time": 988.082, "Group By Key": ["lineitem.l_orderkey"], "Plans": [{"Node Type": "Seq Scan", "Parent Relationship": "Outer", "Relation Name": "lineitem", "Alias": "lineitem", "Startup Cost": 0.0, "Total Cost": 96829.42, "Plan Rows": 19995678, "Plan Width": 8, "Actual Min Startup Time": 0.021, "Actual Max Startup Time": 0.04, "Actual Min Total Time": 492.564, "Actual Max Total Time": 522.811, "Filter": "(l_commitdate < l_receiptdate), (LLVM Optimized, Jit Execute)", "Rows Removed by Filter": 22056704, "Actual Rows": 37929348}], "Actual Rows": 13761080}], "Actual Rows": 13761080}], "Actual Rows": 13753474}, {"Node Type": "Hash", "Parent Relationship": "Inner", "Startup Cost": 82581.41, "Total Cost": 82581.41, "Plan Rows": 569410, "Plan Width": 24, "Actual Min Startup Time": 699.305, "Actual Max Startup Time": 699.305, "Actual Min Total Time": 699.305, "Actual Max Total Time": 699.305, "Max Hash Buckets": 1048576, "Min Hash Buckets": 1048576, "Max Hash Batches": 1, "Min Hash Batches": 1, "Max Original Hash Batches": 1, "Min Original Hash Batches": 1, "Max Peak Memory Usage": 30714, "min Peak Memory Usage": 30714, "Plans": [{"Node Type": "Streaming(type: LOCAL GATHER dop: 1/64)", "Parent Relationship": "Outer", "Startup Cost": 57.33, "Total Cost": 82581.41, "Plan Rows": 569410, "Plan Width": 24, "Actual Min Startup Time": 101.787, "Actual Max Startup Time": 101.787, "Actual Min Total Time": 451.33, "Actual Max Total Time": 451.33, "Plans": [{"Node Type": "Seq Scan", "Parent Relationship": "Outer", "Relation Name": "orders", "Alias": "orders", "Startup Cost": 57.33, "Total Cost": 70834.55, "Plan Rows": 569410, "Plan Width": 24, "Actual Min Startup Time": 0.03, "Actual Max Startup Time": 0.359, "Actual Min Total Time": 101.01, "Actual Max Total Time": 138.203, "Filter": "((o_orderdate >= '1995-01-01 00:00:00'::timestamp(0) without time zone) AND (o_orderdate < '1995-04-01 00:00:00'::timestamp without time zone)), (LLVM Optimized, Jit Execute)", "Rows Removed by Filter": 14438388, "Actual Rows": 561612}], "Actual Rows": 561612}], "Actual Rows": 561612}], "Actual Rows": 515106}], "Actual Rows": 5}], "Actual Rows": 5}, "Triggers": [], "Planner Runtime": 0, "Total Runtime": 23798.493, "Unique SQL Id": 3745551476}}, "(64, 1)": {"explain_plan": {"Plan": {"Node Type": "Sort", "Startup Cost": 916688.59, "Total Cost": 916688.6, "Plan Rows": 1, "Plan Width": 24, "Sort Key": ["orders.o_orderpriority"], "Plans": [{"Node Type": "Aggregate", "Strategy": "Hashed", "Parent Relationship": "Outer", "Startup Cost": 916688.57, "Total Cost": 916688.58, "Plan Rows": 1, "Plan Width": 24, "Group By Key": ["orders.o_orderpriority"], "Plans": [{"Node Type": "Nested Loop", "Parent Relationship": "Outer", "Join Type": "Semi", "Startup Cost": 14564.7, "Total Cost": 913841.52, "Plan Rows": 569410, "Plan Width": 16, "Inner Unique": false, "Plans": [{"Node Type": "Bitmap Heap Scan", "Parent Relationship": "Outer", "Relation Name": "orders", "Alias": "orders", "Startup Cost": 14564.7, "Total Cost": 299524.85, "Plan Rows": 569410, "Plan Width": 24, "Recheck Cond": "((o_orderdate >= '1995-01-01 00:00:00'::timestamp(0) without time zone) AND (o_orderdate < '1995-04-01 00:00:00'::timestamp without time zone)), (LLVM Optimized)", "Plans": [{"Node Type": "Bitmap Index Scan", "Parent Relationship": "Outer", "Index Name": "idx_orders_orderdate", "Startup Cost": 0.0, "Total Cost": 14422.35, "Plan Rows": 569410, "Plan Width": 0, "Index Cond": "((o_orderdate >= '1995-01-01 00:00:00'::timestamp(0) without time zone) AND (o_orderdate < '1995-04-01 00:00:00'::timestamp without time zone))"}]}, {"Node Type": "Index Scan", "Parent Relationship": "Inner", "Scan Direction": "Forward", "Index Name": "idx_lineitem_orderkey", "Relation Name": "lineitem", "Alias": "lineitem", "Startup Cost": 0.0, "Total Cost": 5.41, "Plan Rows": 3, "Plan Width": 8, "Index Cond": "(l_orderkey = orders.o_orderkey)", "Filter": "(l_commitdate < l_receiptdate)"}]}]}]}, "Unique SQL Id": 3745551476, "Planner Runtime": 1}, "explain_analyze_plan": {"Plan": {"Node Type": "Sort", "Startup Cost": 916688.59, "Total Cost": 916688.6, "Plan Rows": 1, "Plan Width": 24, "Actual Startup Time": 5282.088, "Actual Total Time": 5282.088, "Actual Rows": 5, "Actual Loops": 1, "Sort Key": ["orders.o_orderpriority"], "Sort Method": "quicksort", "Sort Space Used": 25, "Sort Space Type": "Memory", "Plans": [{"Node Type": "Aggregate", "Strategy": "Hashed", "Parent Relationship": "Outer", "Startup Cost": 916688.57, "Total Cost": 916688.58, "Plan Rows": 1, "Plan Width": 24, "Actual Startup Time": 5282.022, "Actual Total Time": 5282.024, "Actual Rows": 5, "Actual Loops": 1, "Group By Key": ["orders.o_orderpriority"], "Plans": [{"Node Type": "Nested Loop", "Parent Relationship": "Outer", "Join Type": "Semi", "Startup Cost": 14564.7, "Total Cost": 913841.52, "Plan Rows": 569410, "Plan Width": 16, "Actual Startup Time": 248.585, "Actual Total Time": 5001.846, "Actual Rows": 515106, "Actual Loops": 1, "Inner Unique": false, "Plans": [{"Node Type": "Bitmap Heap Scan", "Parent Relationship": "Outer", "Relation Name": "orders", "Alias": "orders", "Startup Cost": 14564.7, "Total Cost": 299524.85, "Plan Rows": 569410, "Plan Width": 24, "Actual Startup Time": 248.504, "Actual Total Time": 1075.41, "Actual Rows": 561612, "Actual Loops": 1, "Recheck Cond": "((o_orderdate >= '1995-01-01 00:00:00'::timestamp(0) without time zone) AND (o_orderdate < '1995-04-01 00:00:00'::timestamp without time zone)), (LLVM Optimized, Jit Execute)", "Rows Removed by Index Recheck": 0, "Exact Heap Blocks": 241676, "Lossy Heap Blocks": 241676, "Plans": [{"Node Type": "Bitmap Index Scan", "Parent Relationship": "Outer", "Index Name": "idx_orders_orderdate", "Startup Cost": 0.0, "Total Cost": 14422.35, "Plan Rows": 569410, "Plan Width": 0, "Actual Startup Time": 173.471, "Actual Total Time": 173.471, "Actual Rows": 561612, "Actual Loops": 1, "Index Cond": "((o_orderdate >= '1995-01-01 00:00:00'::timestamp(0) without time zone) AND (o_orderdate < '1995-04-01 00:00:00'::timestamp without time zone))"}]}, {"Node Type": "Index Scan", "Parent Relationship": "Inner", "Scan Direction": "Forward", "Index Name": "idx_lineitem_orderkey", "Relation Name": "lineitem", "Alias": "lineitem", "Startup Cost": 0.0, "Total Cost": 5.41, "Plan Rows": 3, "Plan Width": 8, "Actual Startup Time": 3512.894, "Actual Total Time": 3512.894, "Actual Rows": 515106, "Actual Loops": 561612, "Index Cond": "(l_orderkey = orders.o_orderkey)", "Rows Removed by Index Recheck": 0, "Filter": "(l_commitdate < l_receiptdate)", "Rows Removed by Filter": 299676}]}]}]}, "Triggers": [], "Planner Runtime": 0, "Total Runtime": 5291.829, "Unique SQL Id": 3745551476}}, "(64, 2)": {"explain_plan": {"Plan": {"Node Type": "Sort", "Startup Cost": 277414.2, "Total Cost": 277414.2, "Plan Rows": 1, "Plan Width": 24, "Sort Key": ["orders.o_orderpriority"], "Plans": [{"Node Type": "Aggregate", "Strategy": "Hashed", "Parent Relationship": "Outer", "Startup Cost": 277414.18, "Total Cost": 277414.19, "Plan Rows": 1, "Plan Width": 24, "Group By Key": ["orders.o_orderpriority"], "Plans": [{"Node Type": "Hash Join", "Parent Relationship": "Outer", "Join Type": "Inner", "Startup Cost": 238591.84, "Total Cost": 274567.13, "Plan Rows": 569410, "Plan Width": 16, "Inner Unique": true, "Hash Cond": "(lineitem.l_orderkey = orders.o_orderkey), (LLVM Optimized)", "Plans": [{"Node Type": "Aggregate", "Strategy": "Hashed", "Parent Relationship": "Outer", "Startup Cost": 148892.81, "Total Cost": 170915.49, "Plan Rows": 2202268, "Plan Width": 8, "Group By Key": ["lineitem.l_orderkey"], "Plans": [{"Node Type": "Streaming(type: LOCAL GATHER dop: 1/64)", "Parent Relationship": "Outer", "Startup Cost": 97610.5, "Total Cost": 143387.14, "Plan Rows": 2202268, "Plan Width": 8, "Plans": [{"Node Type": "Aggregate", "Strategy": "Hashed", "Parent Relationship": "Outer", "Startup Cost": 97610.5, "Total Cost": 97954.61, "Plan Rows": 2202268, "Plan Width": 8, "Group By Key": ["lineitem.l_orderkey"], "Plans": [{"Node Type": "Seq Scan", "Parent Relationship": "Outer", "Relation Name": "lineitem", "Alias": "lineitem", "Startup Cost": 0.0, "Total Cost": 96829.42, "Plan Rows": 19995678, "Plan Width": 8, "Filter": "(l_commitdate < l_receiptdate), (LLVM Optimized)"}]}]}]}, {"Node Type": "Hash", "Parent Relationship": "Inner", "Startup Cost": 82581.41, "Total Cost": 82581.41, "Plan Rows": 569410, "Plan Width": 24, "Plans": [{"Node Type": "Streaming(type: LOCAL GATHER dop: 1/64)", "Parent Relationship": "Outer", "Startup Cost": 57.33, "Total Cost": 82581.41, "Plan Rows": 569410, "Plan Width": 24, "Plans": [{"Node Type": "Seq Scan", "Parent Relationship": "Outer", "Relation Name": "orders", "Alias": "orders", "Startup Cost": 57.33, "Total Cost": 70834.55, "Plan Rows": 569410, "Plan Width": 24, "Filter": "((o_orderdate >= '1995-01-01 00:00:00'::timestamp(0) without time zone) AND (o_orderdate < '1995-04-01 00:00:00'::timestamp without time zone)), (LLVM Optimized)"}]}]}]}]}]}, "Unique SQL Id": 3745551476, "Planner Runtime": 1}, "explain_analyze_plan": {"Plan": {"Node Type": "Sort", "Startup Cost": 277414.2, "Total Cost": 277414.2, "Plan Rows": 1, "Plan Width": 24, "Actual Min Startup Time": 23766.987, "Actual Max Startup Time": 23766.987, "Actual Min Total Time": 23766.987, "Actual Max Total Time": 23766.987, "Sort Key": ["orders.o_orderpriority"], "Sort Method": "quicksort", "Sort Space Min Used": 25, "Sort Space Max Used": 25, "Sort Space Type": "Memory", "Plans": [{"Node Type": "Aggregate", "Strategy": "Hashed", "Parent Relationship": "Outer", "Startup Cost": 277414.18, "Total Cost": 277414.19, "Plan Rows": 1, "Plan Width": 24, "Actual Min Startup Time": 23766.921, "Actual Max Startup Time": 23766.921, "Actual Min Total Time": 23766.922, "Actual Max Total Time": 23766.922, "Group By Key": ["orders.o_orderpriority"], "Plans": [{"Node Type": "Hash Join", "Parent Relationship": "Outer", "Join Type": "Inner", "Startup Cost": 238591.84, "Total Cost": 274567.13, "Plan Rows": 569410, "Plan Width": 16, "Actual Min Startup Time": 14735.43, "Actual Max Startup Time": 14735.43, "Actual Min Total Time": 23551.885, "Actual Max Total Time": 23551.885, "Inner Unique": true, "Hash Cond": "(lineitem.l_orderkey = orders.o_orderkey), (LLVM Optimized, Jit Execute)", "Plans": [{"Node Type": "Aggregate", "Strategy": "Hashed", "Parent Relationship": "Outer", "Startup Cost": 148892.81, "Total Cost": 170915.49, "Plan Rows": 2202268, "Plan Width": 8, "Actual Min Startup Time": 14035.349, "Actual Max Startup Time": 14035.349, "Actual Min Total Time": 19818.083, "Actual Max Total Time": 19818.083, "Group By Key": ["lineitem.l_orderkey"], "Plans": [{"Node Type": "Streaming(type: LOCAL GATHER dop: 1/64)", "Parent Relationship": "Outer", "Startup Cost": 97610.5, "Total Cost": 143387.14, "Plan Rows": 2202268, "Plan Width": 8, "Actual Min Startup Time": 229.695, "Actual Max Startup Time": 229.695, "Actual Min Total Time": 5832.858, "Actual Max Total Time": 5832.858, "Plans": [{"Node Type": "Aggregate", "Strategy": "Hashed", "Parent Relationship": "Outer", "Startup Cost": 97610.5, "Total Cost": 97954.61, "Plan Rows": 2202268, "Plan Width": 8, "Actual Min Startup Time": 747.715, "Actual Max Startup Time": 860.278, "Actual Min Total Time": 818.769, "Actual Max Total Time": 988.082, "Group By Key": ["lineitem.l_orderkey"], "Plans": [{"Node Type": "Seq Scan", "Parent Relationship": "Outer", "Relation Name": "lineitem", "Alias": "lineitem", "Startup Cost": 0.0, "Total Cost": 96829.42, "Plan Rows": 19995678, "Plan Width": 8, "Actual Min Startup Time": 0.021, "Actual Max Startup Time": 0.04, "Actual Min Total Time": 492.564, "Actual Max Total Time": 522.811, "Filter": "(l_commitdate < l_receiptdate), (LLVM Optimized, Jit Execute)", "Rows Removed by Filter": 22056704, "Actual Rows": 37929348}], "Actual Rows": 13761080}], "Actual Rows": 13761080}], "Actual Rows": 13753474}, {"Node Type": "Hash", "Parent Relationship": "Inner", "Startup Cost": 82581.41, "Total Cost": 82581.41, "Plan Rows": 569410, "Plan Width": 24, "Actual Min Startup Time": 699.305, "Actual Max Startup Time": 699.305, "Actual Min Total Time": 699.305, "Actual Max Total Time": 699.305, "Max Hash Buckets": 1048576, "Min Hash Buckets": 1048576, "Max Hash Batches": 1, "Min Hash Batches": 1, "Max Original Hash Batches": 1, "Min Original Hash Batches": 1, "Max Peak Memory Usage": 30714, "min Peak Memory Usage": 30714, "Plans": [{"Node Type": "Streaming(type: LOCAL GATHER dop: 1/64)", "Parent Relationship": "Outer", "Startup Cost": 57.33, "Total Cost": 82581.41, "Plan Rows": 569410, "Plan Width": 24, "Actual Min Startup Time": 101.787, "Actual Max Startup Time": 101.787, "Actual Min Total Time": 451.33, "Actual Max Total Time": 451.33, "Plans": [{"Node Type": "Seq Scan", "Parent Relationship": "Outer", "Relation Name": "orders", "Alias": "orders", "Startup Cost": 57.33, "Total Cost": 70834.55, "Plan Rows": 569410, "Plan Width": 24, "Actual Min Startup Time": 0.03, "Actual Max Startup Time": 0.359, "Actual Min Total Time": 101.01, "Actual Max Total Time": 138.203, "Filter": "((o_orderdate >= '1995-01-01 00:00:00'::timestamp(0) without time zone) AND (o_orderdate < '1995-04-01 00:00:00'::timestamp without time zone)), (LLVM Optimized, Jit Execute)", "Rows Removed by Filter": 14438388, "Actual Rows": 561612}], "Actual Rows": 561612}], "Actual Rows": 561612}], "Actual Rows": 515106}], "Actual Rows": 5}], "Actual Rows": 5}, "Triggers": [], "Planner Runtime": 0, "Total Runtime": 23798.493, "Unique SQL Id": 3745551476}}, "(64, 3)": {"explain_plan": {"Plan": {"Node Type": "Sort", "Startup Cost": 2781642.36, "Total Cost": 2781642.36, "Plan Rows": 1, "Plan Width": 24, "Sort Key": ["orders.o_orderpriority"], "Plans": [{"Node Type": "Aggregate", "Strategy": "Hashed", "Parent Relationship": "Outer", "Startup Cost": 2781642.34, "Total Cost": 2781642.35, "Plan Rows": 1, "Plan Width": 24, "Group By Key": ["orders.o_orderpriority"], "Plans": [{"Node Type": "Nested Loop", "Parent Relationship": "Outer", "Join Type": "Semi", "Startup Cost": 14566.65, "Total Cost": 2778795.29, "Plan Rows": 569410, "Plan Width": 16, "Inner Unique": false, "Plans": [{"Node Type": "Bitmap Heap Scan", "Parent Relationship": "Outer", "Relation Name": "orders", "Alias": "orders", "Startup Cost": 14564.7, "Total Cost": 299524.85, "Plan Rows": 569410, "Plan Width": 24, "Recheck Cond": "((o_orderdate >= '1995-01-01 00:00:00'::timestamp(0) without time zone) AND (o_orderdate < '1995-04-01 00:00:00'::timestamp without time zone)), (LLVM Optimized)", "Plans": [{"Node Type": "Bitmap Index Scan", "Parent Relationship": "Outer", "Index Name": "idx_orders_orderdate", "Startup Cost": 0.0, "Total Cost": 14422.35, "Plan Rows": 569410, "Plan Width": 0, "Index Cond": "((o_orderdate >= '1995-01-01 00:00:00'::timestamp(0) without time zone) AND (o_orderdate < '1995-04-01 00:00:00'::timestamp without time zone))"}]}, {"Node Type": "Bitmap Heap Scan", "Parent Relationship": "Inner", "Relation Name": "lineitem", "Alias": "lineitem", "Startup Cost": 1.94, "Total Cost": 14.06, "Plan Rows": 3, "Plan Width": 8, "Recheck Cond": "(l_orderkey = orders.o_orderkey)", "Filter": "(l_commitdate < l_receiptdate)", "Plans": [{"Node Type": "Bitmap Index Scan", "Parent Relationship": "Outer", "Index Name": "idx_lineitem_orderkey", "Startup Cost": 0.0, "Total Cost": 1.94, "Plan Rows": 9, "Plan Width": 0, "Index Cond": "(l_orderkey = orders.o_orderkey)"}]}]}]}]}, "Unique SQL Id": 3745551476, "Planner Runtime": 0}, "explain_analyze_plan": {"Plan": {"Node Type": "Sort", "Startup Cost": 2781642.36, "Total Cost": 2781642.36, "Plan Rows": 1, "Plan Width": 24, "Actual Startup Time": 6948.197, "Actual Total Time": 6948.197, "Actual Rows": 5, "Actual Loops": 1, "Sort Key": ["orders.o_orderpriority"], "Sort Method": "quicksort", "Sort Space Used": 25, "Sort Space Type": "Memory", "Plans": [{"Node Type": "Aggregate", "Strategy": "Hashed", "Parent Relationship": "Outer", "Startup Cost": 2781642.34, "Total Cost": 2781642.35, "Plan Rows": 1, "Plan Width": 24, "Actual Startup Time": 6948.154, "Actual Total Time": 6948.156, "Actual Rows": 5, "Actual Loops": 1, "Group By Key": ["orders.o_orderpriority"], "Plans": [{"Node Type": "Nested Loop", "Parent Relationship": "Outer", "Join Type": "Semi", "Startup Cost": 14566.65, "Total Cost": 2778795.29, "Plan Rows": 569410, "Plan Width": 16, "Actual Startup Time": 242.485, "Actual Total Time": 6627.026, "Actual Rows": 515106, "Actual Loops": 1, "Inner Unique": false, "Plans": [{"Node Type": "Bitmap Heap Scan", "Parent Relationship": "Outer", "Relation Name": "orders", "Alias": "orders", "Startup Cost": 14564.7, "Total Cost": 299524.85, "Plan Rows": 569410, "Plan Width": 24, "Actual Startup Time": 242.383, "Actual Total Time": 1045.457, "Actual Rows": 561612, "Actual Loops": 1, "Recheck Cond": "((o_orderdate >= '1995-01-01 00:00:00'::timestamp(0) without time zone) AND (o_orderdate < '1995-04-01 00:00:00'::timestamp without time zone)), (LLVM Optimized, Jit Execute)", "Rows Removed by Index Recheck": 0, "Exact Heap Blocks": 241676, "Lossy Heap Blocks": 241676, "Plans": [{"Node Type": "Bitmap Index Scan", "Parent Relationship": "Outer", "Index Name": "idx_orders_orderdate", "Startup Cost": 0.0, "Total Cost": 14422.35, "Plan Rows": 569410, "Plan Width": 0, "Actual Startup Time": 166.951, "Actual Total Time": 166.951, "Actual Rows": 561612, "Actual Loops": 1, "Index Cond": "((o_orderdate >= '1995-01-01 00:00:00'::timestamp(0) without time zone) AND (o_orderdate < '1995-04-01 00:00:00'::timestamp without time zone))"}]}, {"Node Type": "Bitmap Heap Scan", "Parent Relationship": "Inner", "Relation Name": "lineitem", "Alias": "lineitem", "Startup Cost": 1.94, "Total Cost": 14.06, "Plan Rows": 3, "Plan Width": 8, "Actual Startup Time": 4824.463, "Actual Total Time": 4824.463, "Actual Rows": 515106, "Actual Loops": 561612, "Recheck Cond": "(l_orderkey = orders.o_orderkey)", "Rows Removed by Index Recheck": 0, "Filter": "(l_commitdate < l_receiptdate)", "Rows Removed by Filter": 299676, "Exact Heap Blocks": 567798, "Lossy Heap Blocks": 567798, "Plans": [{"Node Type": "Bitmap Index Scan", "Parent Relationship": "Outer", "Index Name": "idx_lineitem_orderkey", "Startup Cost": 0.0, "Total Cost": 1.94, "Plan Rows": 9, "Plan Width": 0, "Actual Startup Time": 2446.908, "Actual Total Time": 2446.908, "Actual Rows": 2246588, "Actual Loops": 561612, "Index Cond": "(l_orderkey = orders.o_orderkey)"}]}]}]}]}, "Triggers": [], "Planner Runtime": 0, "Total Runtime": 6961.186, "Unique SQL Id": 3745551476}}, "(64, 4)": {"explain_plan": {"Plan": {"Node Type": "Sort", "Startup Cost": 277414.2, "Total Cost": 277414.2, "Plan Rows": 1, "Plan Width": 24, "Sort Key": ["orders.o_orderpriority"], "Plans": [{"Node Type": "Aggregate", "Strategy": "Hashed", "Parent Relationship": "Outer", "Startup Cost": 277414.18, "Total Cost": 277414.19, "Plan Rows": 1, "Plan Width": 24, "Group By Key": ["orders.o_orderpriority"], "Plans": [{"Node Type": "Hash Join", "Parent Relationship": "Outer", "Join Type": "Inner", "Startup Cost": 238591.84, "Total Cost": 274567.13, "Plan Rows": 569410, "Plan Width": 16, "Inner Unique": true, "Hash Cond": "(lineitem.l_orderkey = orders.o_orderkey), (LLVM Optimized)", "Plans": [{"Node Type": "Aggregate", "Strategy": "Hashed", "Parent Relationship": "Outer", "Startup Cost": 148892.81, "Total Cost": 170915.49, "Plan Rows": 2202268, "Plan Width": 8, "Group By Key": ["lineitem.l_orderkey"], "Plans": [{"Node Type": "Streaming(type: LOCAL GATHER dop: 1/64)", "Parent Relationship": "Outer", "Startup Cost": 97610.5, "Total Cost": 143387.14, "Plan Rows": 2202268, "Plan Width": 8, "Plans": [{"Node Type": "Aggregate", "Strategy": "Hashed", "Parent Relationship": "Outer", "Startup Cost": 97610.5, "Total Cost": 97954.61, "Plan Rows": 2202268, "Plan Width": 8, "Group By Key": ["lineitem.l_orderkey"], "Plans": [{"Node Type": "Seq Scan", "Parent Relationship": "Outer", "Relation Name": "lineitem", "Alias": "lineitem", "Startup Cost": 0.0, "Total Cost": 96829.42, "Plan Rows": 19995678, "Plan Width": 8, "Filter": "(l_commitdate < l_receiptdate), (LLVM Optimized)"}]}]}]}, {"Node Type": "Hash", "Parent Relationship": "Inner", "Startup Cost": 82581.41, "Total Cost": 82581.41, "Plan Rows": 569410, "Plan Width": 24, "Plans": [{"Node Type": "Streaming(type: LOCAL GATHER dop: 1/64)", "Parent Relationship": "Outer", "Startup Cost": 57.33, "Total Cost": 82581.41, "Plan Rows": 569410, "Plan Width": 24, "Plans": [{"Node Type": "Seq Scan", "Parent Relationship": "Outer", "Relation Name": "orders", "Alias": "orders", "Startup Cost": 57.33, "Total Cost": 70834.55, "Plan Rows": 569410, "Plan Width": 24, "Filter": "((o_orderdate >= '1995-01-01 00:00:00'::timestamp(0) without time zone) AND (o_orderdate < '1995-04-01 00:00:00'::timestamp without time zone)), (LLVM Optimized)"}]}]}]}]}]}, "Unique SQL Id": 3745551476, "Planner Runtime": 1}, "explain_analyze_plan": {"Plan": {"Node Type": "Sort", "Startup Cost": 277414.2, "Total Cost": 277414.2, "Plan Rows": 1, "Plan Width": 24, "Actual Min Startup Time": 23766.987, "Actual Max Startup Time": 23766.987, "Actual Min Total Time": 23766.987, "Actual Max Total Time": 23766.987, "Sort Key": ["orders.o_orderpriority"], "Sort Method": "quicksort", "Sort Space Min Used": 25, "Sort Space Max Used": 25, "Sort Space Type": "Memory", "Plans": [{"Node Type": "Aggregate", "Strategy": "Hashed", "Parent Relationship": "Outer", "Startup Cost": 277414.18, "Total Cost": 277414.19, "Plan Rows": 1, "Plan Width": 24, "Actual Min Startup Time": 23766.921, "Actual Max Startup Time": 23766.921, "Actual Min Total Time": 23766.922, "Actual Max Total Time": 23766.922, "Group By Key": ["orders.o_orderpriority"], "Plans": [{"Node Type": "Hash Join", "Parent Relationship": "Outer", "Join Type": "Inner", "Startup Cost": 238591.84, "Total Cost": 274567.13, "Plan Rows": 569410, "Plan Width": 16, "Actual Min Startup Time": 14735.43, "Actual Max Startup Time": 14735.43, "Actual Min Total Time": 23551.885, "Actual Max Total Time": 23551.885, "Inner Unique": true, "Hash Cond": "(lineitem.l_orderkey = orders.o_orderkey), (LLVM Optimized, Jit Execute)", "Plans": [{"Node Type": "Aggregate", "Strategy": "Hashed", "Parent Relationship": "Outer", "Startup Cost": 148892.81, "Total Cost": 170915.49, "Plan Rows": 2202268, "Plan Width": 8, "Actual Min Startup Time": 14035.349, "Actual Max Startup Time": 14035.349, "Actual Min Total Time": 19818.083, "Actual Max Total Time": 19818.083, "Group By Key": ["lineitem.l_orderkey"], "Plans": [{"Node Type": "Streaming(type: LOCAL GATHER dop: 1/64)", "Parent Relationship": "Outer", "Startup Cost": 97610.5, "Total Cost": 143387.14, "Plan Rows": 2202268, "Plan Width": 8, "Actual Min Startup Time": 229.695, "Actual Max Startup Time": 229.695, "Actual Min Total Time": 5832.858, "Actual Max Total Time": 5832.858, "Plans": [{"Node Type": "Aggregate", "Strategy": "Hashed", "Parent Relationship": "Outer", "Startup Cost": 97610.5, "Total Cost": 97954.61, "Plan Rows": 2202268, "Plan Width": 8, "Actual Min Startup Time": 747.715, "Actual Max Startup Time": 860.278, "Actual Min Total Time": 818.769, "Actual Max Total Time": 988.082, "Group By Key": ["lineitem.l_orderkey"], "Plans": [{"Node Type": "Seq Scan", "Parent Relationship": "Outer", "Relation Name": "lineitem", "Alias": "lineitem", "Startup Cost": 0.0, "Total Cost": 96829.42, "Plan Rows": 19995678, "Plan Width": 8, "Actual Min Startup Time": 0.021, "Actual Max Startup Time": 0.04, "Actual Min Total Time": 492.564, "Actual Max Total Time": 522.811, "Filter": "(l_commitdate < l_receiptdate), (LLVM Optimized, Jit Execute)", "Rows Removed by Filter": 22056704, "Actual Rows": 37929348}], "Actual Rows": 13761080}], "Actual Rows": 13761080}], "Actual Rows": 13753474}, {"Node Type": "Hash", "Parent Relationship": "Inner", "Startup Cost": 82581.41, "Total Cost": 82581.41, "Plan Rows": 569410, "Plan Width": 24, "Actual Min Startup Time": 699.305, "Actual Max Startup Time": 699.305, "Actual Min Total Time": 699.305, "Actual Max Total Time": 699.305, "Max Hash Buckets": 1048576, "Min Hash Buckets": 1048576, "Max Hash Batches": 1, "Min Hash Batches": 1, "Max Original Hash Batches": 1, "Min Original Hash Batches": 1, "Max Peak Memory Usage": 30714, "min Peak Memory Usage": 30714, "Plans": [{"Node Type": "Streaming(type: LOCAL GATHER dop: 1/64)", "Parent Relationship": "Outer", "Startup Cost": 57.33, "Total Cost": 82581.41, "Plan Rows": 569410, "Plan Width": 24, "Actual Min Startup Time": 101.787, "Actual Max Startup Time": 101.787, "Actual Min Total Time": 451.33, "Actual Max Total Time": 451.33, "Plans": [{"Node Type": "Seq Scan", "Parent Relationship": "Outer", "Relation Name": "orders", "Alias": "orders", "Startup Cost": 57.33, "Total Cost": 70834.55, "Plan Rows": 569410, "Plan Width": 24, "Actual Min Startup Time": 0.03, "Actual Max Startup Time": 0.359, "Actual Min Total Time": 101.01, "Actual Max Total Time": 138.203, "Filter": "((o_orderdate >= '1995-01-01 00:00:00'::timestamp(0) without time zone) AND (o_orderdate < '1995-04-01 00:00:00'::timestamp without time zone)), (LLVM Optimized, Jit Execute)", "Rows Removed by Filter": 14438388, "Actual Rows": 561612}], "Actual Rows": 561612}], "Actual Rows": 561612}], "Actual Rows": 515106}], "Actual Rows": 5}], "Actual Rows": 5}, "Triggers": [], "Planner Runtime": 0, "Total Runtime": 23798.493, "Unique SQL Id": 3745551476}}, "(64, 5)": {"explain_plan": {"Plan": {"Node Type": "Sort", "Startup Cost": 916688.59, "Total Cost": 916688.6, "Plan Rows": 1, "Plan Width": 24, "Sort Key": ["orders.o_orderpriority"], "Plans": [{"Node Type": "Aggregate", "Strategy": "Hashed", "Parent Relationship": "Outer", "Startup Cost": 916688.57, "Total Cost": 916688.58, "Plan Rows": 1, "Plan Width": 24, "Group By Key": ["orders.o_orderpriority"], "Plans": [{"Node Type": "Nested Loop", "Parent Relationship": "Outer", "Join Type": "Semi", "Startup Cost": 14564.7, "Total Cost": 913841.52, "Plan Rows": 569410, "Plan Width": 16, "Inner Unique": false, "Plans": [{"Node Type": "Bitmap Heap Scan", "Parent Relationship": "Outer", "Relation Name": "orders", "Alias": "orders", "Startup Cost": 14564.7, "Total Cost": 299524.85, "Plan Rows": 569410, "Plan Width": 24, "Recheck Cond": "((o_orderdate >= '1995-01-01 00:00:00'::timestamp(0) without time zone) AND (o_orderdate < '1995-04-01 00:00:00'::timestamp without time zone)), (LLVM Optimized)", "Plans": [{"Node Type": "Bitmap Index Scan", "Parent Relationship": "Outer", "Index Name": "idx_orders_orderdate", "Startup Cost": 0.0, "Total Cost": 14422.35, "Plan Rows": 569410, "Plan Width": 0, "Index Cond": "((o_orderdate >= '1995-01-01 00:00:00'::timestamp(0) without time zone) AND (o_orderdate < '1995-04-01 00:00:00'::timestamp without time zone))"}]}, {"Node Type": "Index Scan", "Parent Relationship": "Inner", "Scan Direction": "Forward", "Index Name": "idx_lineitem_orderkey", "Relation Name": "lineitem", "Alias": "lineitem", "Startup Cost": 0.0, "Total Cost": 5.41, "Plan Rows": 3, "Plan Width": 8, "Index Cond": "(l_orderkey = orders.o_orderkey)", "Filter": "(l_commitdate < l_receiptdate)"}]}]}]}, "Unique SQL Id": 3745551476, "Planner Runtime": 0}, "explain_analyze_plan": {"Plan": {"Node Type": "Sort", "Startup Cost": 916688.59, "Total Cost": 916688.6, "Plan Rows": 1, "Plan Width": 24, "Actual Startup Time": 5282.088, "Actual Total Time": 5282.088, "Actual Rows": 5, "Actual Loops": 1, "Sort Key": ["orders.o_orderpriority"], "Sort Method": "quicksort", "Sort Space Used": 25, "Sort Space Type": "Memory", "Plans": [{"Node Type": "Aggregate", "Strategy": "Hashed", "Parent Relationship": "Outer", "Startup Cost": 916688.57, "Total Cost": 916688.58, "Plan Rows": 1, "Plan Width": 24, "Actual Startup Time": 5282.022, "Actual Total Time": 5282.024, "Actual Rows": 5, "Actual Loops": 1, "Group By Key": ["orders.o_orderpriority"], "Plans": [{"Node Type": "Nested Loop", "Parent Relationship": "Outer", "Join Type": "Semi", "Startup Cost": 14564.7, "Total Cost": 913841.52, "Plan Rows": 569410, "Plan Width": 16, "Actual Startup Time": 248.585, "Actual Total Time": 5001.846, "Actual Rows": 515106, "Actual Loops": 1, "Inner Unique": false, "Plans": [{"Node Type": "Bitmap Heap Scan", "Parent Relationship": "Outer", "Relation Name": "orders", "Alias": "orders", "Startup Cost": 14564.7, "Total Cost": 299524.85, "Plan Rows": 569410, "Plan Width": 24, "Actual Startup Time": 248.504, "Actual Total Time": 1075.41, "Actual Rows": 561612, "Actual Loops": 1, "Recheck Cond": "((o_orderdate >= '1995-01-01 00:00:00'::timestamp(0) without time zone) AND (o_orderdate < '1995-04-01 00:00:00'::timestamp without time zone)), (LLVM Optimized, Jit Execute)", "Rows Removed by Index Recheck": 0, "Exact Heap Blocks": 241676, "Lossy Heap Blocks": 241676, "Plans": [{"Node Type": "Bitmap Index Scan", "Parent Relationship": "Outer", "Index Name": "idx_orders_orderdate", "Startup Cost": 0.0, "Total Cost": 14422.35, "Plan Rows": 569410, "Plan Width": 0, "Actual Startup Time": 173.471, "Actual Total Time": 173.471, "Actual Rows": 561612, "Actual Loops": 1, "Index Cond": "((o_orderdate >= '1995-01-01 00:00:00'::timestamp(0) without time zone) AND (o_orderdate < '1995-04-01 00:00:00'::timestamp without time zone))"}]}, {"Node Type": "Index Scan", "Parent Relationship": "Inner", "Scan Direction": "Forward", "Index Name": "idx_lineitem_orderkey", "Relation Name": "lineitem", "Alias": "lineitem", "Startup Cost": 0.0, "Total Cost": 5.41, "Plan Rows": 3, "Plan Width": 8, "Actual Startup Time": 3512.894, "Actual Total Time": 3512.894, "Actual Rows": 515106, "Actual Loops": 561612, "Index Cond": "(l_orderkey = orders.o_orderkey)", "Rows Removed by Index Recheck": 0, "Filter": "(l_commitdate < l_receiptdate)", "Rows Removed by Filter": 299676}]}]}]}, "Triggers": [], "Planner Runtime": 0, "Total Runtime": 5291.829, "Unique SQL Id": 3745551476}}, "(64, 6)": {"explain_plan": {"Plan": {"Node Type": "Sort", "Startup Cost": 277414.2, "Total Cost": 277414.2, "Plan Rows": 1, "Plan Width": 24, "Sort Key": ["orders.o_orderpriority"], "Plans": [{"Node Type": "Aggregate", "Strategy": "Hashed", "Parent Relationship": "Outer", "Startup Cost": 277414.18, "Total Cost": 277414.19, "Plan Rows": 1, "Plan Width": 24, "Group By Key": ["orders.o_orderpriority"], "Plans": [{"Node Type": "Hash Join", "Parent Relationship": "Outer", "Join Type": "Inner", "Startup Cost": 238591.84, "Total Cost": 274567.13, "Plan Rows": 569410, "Plan Width": 16, "Inner Unique": true, "Hash Cond": "(lineitem.l_orderkey = orders.o_orderkey), (LLVM Optimized)", "Plans": [{"Node Type": "Aggregate", "Strategy": "Hashed", "Parent Relationship": "Outer", "Startup Cost": 148892.81, "Total Cost": 170915.49, "Plan Rows": 2202268, "Plan Width": 8, "Group By Key": ["lineitem.l_orderkey"], "Plans": [{"Node Type": "Streaming(type: LOCAL GATHER dop: 1/64)", "Parent Relationship": "Outer", "Startup Cost": 97610.5, "Total Cost": 143387.14, "Plan Rows": 2202268, "Plan Width": 8, "Plans": [{"Node Type": "Aggregate", "Strategy": "Hashed", "Parent Relationship": "Outer", "Startup Cost": 97610.5, "Total Cost": 97954.61, "Plan Rows": 2202268, "Plan Width": 8, "Group By Key": ["lineitem.l_orderkey"], "Plans": [{"Node Type": "Seq Scan", "Parent Relationship": "Outer", "Relation Name": "lineitem", "Alias": "lineitem", "Startup Cost": 0.0, "Total Cost": 96829.42, "Plan Rows": 19995678, "Plan Width": 8, "Filter": "(l_commitdate < l_receiptdate), (LLVM Optimized)"}]}]}]}, {"Node Type": "Hash", "Parent Relationship": "Inner", "Startup Cost": 82581.41, "Total Cost": 82581.41, "Plan Rows": 569410, "Plan Width": 24, "Plans": [{"Node Type": "Streaming(type: LOCAL GATHER dop: 1/64)", "Parent Relationship": "Outer", "Startup Cost": 57.33, "Total Cost": 82581.41, "Plan Rows": 569410, "Plan Width": 24, "Plans": [{"Node Type": "Seq Scan", "Parent Relationship": "Outer", "Relation Name": "orders", "Alias": "orders", "Startup Cost": 57.33, "Total Cost": 70834.55, "Plan Rows": 569410, "Plan Width": 24, "Filter": "((o_orderdate >= '1995-01-01 00:00:00'::timestamp(0) without time zone) AND (o_orderdate < '1995-04-01 00:00:00'::timestamp without time zone)), (LLVM Optimized)"}]}]}]}]}]}, "Unique SQL Id": 3745551476, "Planner Runtime": 1}, "explain_analyze_plan": {"Plan": {"Node Type": "Sort", "Startup Cost": 277414.2, "Total Cost": 277414.2, "Plan Rows": 1, "Plan Width": 24, "Actual Min Startup Time": 23766.987, "Actual Max Startup Time": 23766.987, "Actual Min Total Time": 23766.987, "Actual Max Total Time": 23766.987, "Sort Key": ["orders.o_orderpriority"], "Sort Method": "quicksort", "Sort Space Min Used": 25, "Sort Space Max Used": 25, "Sort Space Type": "Memory", "Plans": [{"Node Type": "Aggregate", "Strategy": "Hashed", "Parent Relationship": "Outer", "Startup Cost": 277414.18, "Total Cost": 277414.19, "Plan Rows": 1, "Plan Width": 24, "Actual Min Startup Time": 23766.921, "Actual Max Startup Time": 23766.921, "Actual Min Total Time": 23766.922, "Actual Max Total Time": 23766.922, "Group By Key": ["orders.o_orderpriority"], "Plans": [{"Node Type": "Hash Join", "Parent Relationship": "Outer", "Join Type": "Inner", "Startup Cost": 238591.84, "Total Cost": 274567.13, "Plan Rows": 569410, "Plan Width": 16, "Actual Min Startup Time": 14735.43, "Actual Max Startup Time": 14735.43, "Actual Min Total Time": 23551.885, "Actual Max Total Time": 23551.885, "Inner Unique": true, "Hash Cond": "(lineitem.l_orderkey = orders.o_orderkey), (LLVM Optimized, Jit Execute)", "Plans": [{"Node Type": "Aggregate", "Strategy": "Hashed", "Parent Relationship": "Outer", "Startup Cost": 148892.81, "Total Cost": 170915.49, "Plan Rows": 2202268, "Plan Width": 8, "Actual Min Startup Time": 14035.349, "Actual Max Startup Time": 14035.349, "Actual Min Total Time": 19818.083, "Actual Max Total Time": 19818.083, "Group By Key": ["lineitem.l_orderkey"], "Plans": [{"Node Type": "Streaming(type: LOCAL GATHER dop: 1/64)", "Parent Relationship": "Outer", "Startup Cost": 97610.5, "Total Cost": 143387.14, "Plan Rows": 2202268, "Plan Width": 8, "Actual Min Startup Time": 229.695, "Actual Max Startup Time": 229.695, "Actual Min Total Time": 5832.858, "Actual Max Total Time": 5832.858, "Plans": [{"Node Type": "Aggregate", "Strategy": "Hashed", "Parent Relationship": "Outer", "Startup Cost": 97610.5, "Total Cost": 97954.61, "Plan Rows": 2202268, "Plan Width": 8, "Actual Min Startup Time": 747.715, "Actual Max Startup Time": 860.278, "Actual Min Total Time": 818.769, "Actual Max Total Time": 988.082, "Group By Key": ["lineitem.l_orderkey"], "Plans": [{"Node Type": "Seq Scan", "Parent Relationship": "Outer", "Relation Name": "lineitem", "Alias": "lineitem", "Startup Cost": 0.0, "Total Cost": 96829.42, "Plan Rows": 19995678, "Plan Width": 8, "Actual Min Startup Time": 0.021, "Actual Max Startup Time": 0.04, "Actual Min Total Time": 492.564, "Actual Max Total Time": 522.811, "Filter": "(l_commitdate < l_receiptdate), (LLVM Optimized, Jit Execute)", "Rows Removed by Filter": 22056704, "Actual Rows": 37929348}], "Actual Rows": 13761080}], "Actual Rows": 13761080}], "Actual Rows": 13753474}, {"Node Type": "Hash", "Parent Relationship": "Inner", "Startup Cost": 82581.41, "Total Cost": 82581.41, "Plan Rows": 569410, "Plan Width": 24, "Actual Min Startup Time": 699.305, "Actual Max Startup Time": 699.305, "Actual Min Total Time": 699.305, "Actual Max Total Time": 699.305, "Max Hash Buckets": 1048576, "Min Hash Buckets": 1048576, "Max Hash Batches": 1, "Min Hash Batches": 1, "Max Original Hash Batches": 1, "Min Original Hash Batches": 1, "Max Peak Memory Usage": 30714, "min Peak Memory Usage": 30714, "Plans": [{"Node Type": "Streaming(type: LOCAL GATHER dop: 1/64)", "Parent Relationship": "Outer", "Startup Cost": 57.33, "Total Cost": 82581.41, "Plan Rows": 569410, "Plan Width": 24, "Actual Min Startup Time": 101.787, "Actual Max Startup Time": 101.787, "Actual Min Total Time": 451.33, "Actual Max Total Time": 451.33, "Plans": [{"Node Type": "Seq Scan", "Parent Relationship": "Outer", "Relation Name": "orders", "Alias": "orders", "Startup Cost": 57.33, "Total Cost": 70834.55, "Plan Rows": 569410, "Plan Width": 24, "Actual Min Startup Time": 0.03, "Actual Max Startup Time": 0.359, "Actual Min Total Time": 101.01, "Actual Max Total Time": 138.203, "Filter": "((o_orderdate >= '1995-01-01 00:00:00'::timestamp(0) without time zone) AND (o_orderdate < '1995-04-01 00:00:00'::timestamp without time zone)), (LLVM Optimized, Jit Execute)", "Rows Removed by Filter": 14438388, "Actual Rows": 561612}], "Actual Rows": 561612}], "Actual Rows": 561612}], "Actual Rows": 515106}], "Actual Rows": 5}], "Actual Rows": 5}, "Triggers": [], "Planner Runtime": 0, "Total Runtime": 23798.493, "Unique SQL Id": 3745551476}}, "(64, 7)": {"explain_plan": {"Plan": {"Node Type": "Sort", "Startup Cost": 2781642.36, "Total Cost": 2781642.36, "Plan Rows": 1, "Plan Width": 24, "Sort Key": ["orders.o_orderpriority"], "Plans": [{"Node Type": "Aggregate", "Strategy": "Hashed", "Parent Relationship": "Outer", "Startup Cost": 2781642.34, "Total Cost": 2781642.35, "Plan Rows": 1, "Plan Width": 24, "Group By Key": ["orders.o_orderpriority"], "Plans": [{"Node Type": "Nested Loop", "Parent Relationship": "Outer", "Join Type": "Semi", "Startup Cost": 14566.65, "Total Cost": 2778795.29, "Plan Rows": 569410, "Plan Width": 16, "Inner Unique": false, "Plans": [{"Node Type": "Bitmap Heap Scan", "Parent Relationship": "Outer", "Relation Name": "orders", "Alias": "orders", "Startup Cost": 14564.7, "Total Cost": 299524.85, "Plan Rows": 569410, "Plan Width": 24, "Recheck Cond": "((o_orderdate >= '1995-01-01 00:00:00'::timestamp(0) without time zone) AND (o_orderdate < '1995-04-01 00:00:00'::timestamp without time zone)), (LLVM Optimized)", "Plans": [{"Node Type": "Bitmap Index Scan", "Parent Relationship": "Outer", "Index Name": "idx_orders_orderdate", "Startup Cost": 0.0, "Total Cost": 14422.35, "Plan Rows": 569410, "Plan Width": 0, "Index Cond": "((o_orderdate >= '1995-01-01 00:00:00'::timestamp(0) without time zone) AND (o_orderdate < '1995-04-01 00:00:00'::timestamp without time zone))"}]}, {"Node Type": "Bitmap Heap Scan", "Parent Relationship": "Inner", "Relation Name": "lineitem", "Alias": "lineitem", "Startup Cost": 1.94, "Total Cost": 14.06, "Plan Rows": 3, "Plan Width": 8, "Recheck Cond": "(l_orderkey = orders.o_orderkey)", "Filter": "(l_commitdate < l_receiptdate)", "Plans": [{"Node Type": "Bitmap Index Scan", "Parent Relationship": "Outer", "Index Name": "idx_lineitem_orderkey", "Startup Cost": 0.0, "Total Cost": 1.94, "Plan Rows": 9, "Plan Width": 0, "Index Cond": "(l_orderkey = orders.o_orderkey)"}]}]}]}]}, "Unique SQL Id": 3745551476, "Planner Runtime": 0}, "explain_analyze_plan": {"Plan": {"Node Type": "Sort", "Startup Cost": 2781642.36, "Total Cost": 2781642.36, "Plan Rows": 1, "Plan Width": 24, "Actual Startup Time": 6948.197, "Actual Total Time": 6948.197, "Actual Rows": 5, "Actual Loops": 1, "Sort Key": ["orders.o_orderpriority"], "Sort Method": "quicksort", "Sort Space Used": 25, "Sort Space Type": "Memory", "Plans": [{"Node Type": "Aggregate", "Strategy": "Hashed", "Parent Relationship": "Outer", "Startup Cost": 2781642.34, "Total Cost": 2781642.35, "Plan Rows": 1, "Plan Width": 24, "Actual Startup Time": 6948.154, "Actual Total Time": 6948.156, "Actual Rows": 5, "Actual Loops": 1, "Group By Key": ["orders.o_orderpriority"], "Plans": [{"Node Type": "Nested Loop", "Parent Relationship": "Outer", "Join Type": "Semi", "Startup Cost": 14566.65, "Total Cost": 2778795.29, "Plan Rows": 569410, "Plan Width": 16, "Actual Startup Time": 242.485, "Actual Total Time": 6627.026, "Actual Rows": 515106, "Actual Loops": 1, "Inner Unique": false, "Plans": [{"Node Type": "Bitmap Heap Scan", "Parent Relationship": "Outer", "Relation Name": "orders", "Alias": "orders", "Startup Cost": 14564.7, "Total Cost": 299524.85, "Plan Rows": 569410, "Plan Width": 24, "Actual Startup Time": 242.383, "Actual Total Time": 1045.457, "Actual Rows": 561612, "Actual Loops": 1, "Recheck Cond": "((o_orderdate >= '1995-01-01 00:00:00'::timestamp(0) without time zone) AND (o_orderdate < '1995-04-01 00:00:00'::timestamp without time zone)), (LLVM Optimized, Jit Execute)", "Rows Removed by Index Recheck": 0, "Exact Heap Blocks": 241676, "Lossy Heap Blocks": 241676, "Plans": [{"Node Type": "Bitmap Index Scan", "Parent Relationship": "Outer", "Index Name": "idx_orders_orderdate", "Startup Cost": 0.0, "Total Cost": 14422.35, "Plan Rows": 569410, "Plan Width": 0, "Actual Startup Time": 166.951, "Actual Total Time": 166.951, "Actual Rows": 561612, "Actual Loops": 1, "Index Cond": "((o_orderdate >= '1995-01-01 00:00:00'::timestamp(0) without time zone) AND (o_orderdate < '1995-04-01 00:00:00'::timestamp without time zone))"}]}, {"Node Type": "Bitmap Heap Scan", "Parent Relationship": "Inner", "Relation Name": "lineitem", "Alias": "lineitem", "Startup Cost": 1.94, "Total Cost": 14.06, "Plan Rows": 3, "Plan Width": 8, "Actual Startup Time": 4824.463, "Actual Total Time": 4824.463, "Actual Rows": 515106, "Actual Loops": 561612, "Recheck Cond": "(l_orderkey = orders.o_orderkey)", "Rows Removed by Index Recheck": 0, "Filter": "(l_commitdate < l_receiptdate)", "Rows Removed by Filter": 299676, "Exact Heap Blocks": 567798, "Lossy Heap Blocks": 567798, "Plans": [{"Node Type": "Bitmap Index Scan", "Parent Relationship": "Outer", "Index Name": "idx_lineitem_orderkey", "Startup Cost": 0.0, "Total Cost": 1.94, "Plan Rows": 9, "Plan Width": 0, "Actual Startup Time": 2446.908, "Actual Total Time": 2446.908, "Actual Rows": 2246588, "Actual Loops": 561612, "Index Cond": "(l_orderkey = orders.o_orderkey)"}]}]}]}]}, "Triggers": [], "Planner Runtime": 0, "Total Runtime": 6961.186, "Unique SQL Id": 3745551476}}, "(64, 8)": {"explain_plan": {"Plan": {"Node Type": "Sort", "Startup Cost": 277414.2, "Total Cost": 277414.2, "Plan Rows": 1, "Plan Width": 24, "Sort Key": ["orders.o_orderpriority"], "Plans": [{"Node Type": "Aggregate", "Strategy": "Hashed", "Parent Relationship": "Outer", "Startup Cost": 277414.18, "Total Cost": 277414.19, "Plan Rows": 1, "Plan Width": 24, "Group By Key": ["orders.o_orderpriority"], "Plans": [{"Node Type": "Hash Join", "Parent Relationship": "Outer", "Join Type": "Inner", "Startup Cost": 238591.84, "Total Cost": 274567.13, "Plan Rows": 569410, "Plan Width": 16, "Inner Unique": true, "Hash Cond": "(lineitem.l_orderkey = orders.o_orderkey), (LLVM Optimized)", "Plans": [{"Node Type": "Aggregate", "Strategy": "Hashed", "Parent Relationship": "Outer", "Startup Cost": 148892.81, "Total Cost": 170915.49, "Plan Rows": 2202268, "Plan Width": 8, "Group By Key": ["lineitem.l_orderkey"], "Plans": [{"Node Type": "Streaming(type: LOCAL GATHER dop: 1/64)", "Parent Relationship": "Outer", "Startup Cost": 97610.5, "Total Cost": 143387.14, "Plan Rows": 2202268, "Plan Width": 8, "Plans": [{"Node Type": "Aggregate", "Strategy": "Hashed", "Parent Relationship": "Outer", "Startup Cost": 97610.5, "Total Cost": 97954.61, "Plan Rows": 2202268, "Plan Width": 8, "Group By Key": ["lineitem.l_orderkey"], "Plans": [{"Node Type": "Seq Scan", "Parent Relationship": "Outer", "Relation Name": "lineitem", "Alias": "lineitem", "Startup Cost": 0.0, "Total Cost": 96829.42, "Plan Rows": 19995678, "Plan Width": 8, "Filter": "(l_commitdate < l_receiptdate), (LLVM Optimized)"}]}]}]}, {"Node Type": "Hash", "Parent Relationship": "Inner", "Startup Cost": 82581.41, "Total Cost": 82581.41, "Plan Rows": 569410, "Plan Width": 24, "Plans": [{"Node Type": "Streaming(type: LOCAL GATHER dop: 1/64)", "Parent Relationship": "Outer", "Startup Cost": 57.33, "Total Cost": 82581.41, "Plan Rows": 569410, "Plan Width": 24, "Plans": [{"Node Type": "Seq Scan", "Parent Relationship": "Outer", "Relation Name": "orders", "Alias": "orders", "Startup Cost": 57.33, "Total Cost": 70834.55, "Plan Rows": 569410, "Plan Width": 24, "Filter": "((o_orderdate >= '1995-01-01 00:00:00'::timestamp(0) without time zone) AND (o_orderdate < '1995-04-01 00:00:00'::timestamp without time zone)), (LLVM Optimized)"}]}]}]}]}]}, "Unique SQL Id": 3745551476, "Planner Runtime": 1}, "explain_analyze_plan": {"Plan": {"Node Type": "Sort", "Startup Cost": 277414.2, "Total Cost": 277414.2, "Plan Rows": 1, "Plan Width": 24, "Actual Min Startup Time": 23766.987, "Actual Max Startup Time": 23766.987, "Actual Min Total Time": 23766.987, "Actual Max Total Time": 23766.987, "Sort Key": ["orders.o_orderpriority"], "Sort Method": "quicksort", "Sort Space Min Used": 25, "Sort Space Max Used": 25, "Sort Space Type": "Memory", "Plans": [{"Node Type": "Aggregate", "Strategy": "Hashed", "Parent Relationship": "Outer", "Startup Cost": 277414.18, "Total Cost": 277414.19, "Plan Rows": 1, "Plan Width": 24, "Actual Min Startup Time": 23766.921, "Actual Max Startup Time": 23766.921, "Actual Min Total Time": 23766.922, "Actual Max Total Time": 23766.922, "Group By Key": ["orders.o_orderpriority"], "Plans": [{"Node Type": "Hash Join", "Parent Relationship": "Outer", "Join Type": "Inner", "Startup Cost": 238591.84, "Total Cost": 274567.13, "Plan Rows": 569410, "Plan Width": 16, "Actual Min Startup Time": 14735.43, "Actual Max Startup Time": 14735.43, "Actual Min Total Time": 23551.885, "Actual Max Total Time": 23551.885, "Inner Unique": true, "Hash Cond": "(lineitem.l_orderkey = orders.o_orderkey), (LLVM Optimized, Jit Execute)", "Plans": [{"Node Type": "Aggregate", "Strategy": "Hashed", "Parent Relationship": "Outer", "Startup Cost": 148892.81, "Total Cost": 170915.49, "Plan Rows": 2202268, "Plan Width": 8, "Actual Min Startup Time": 14035.349, "Actual Max Startup Time": 14035.349, "Actual Min Total Time": 19818.083, "Actual Max Total Time": 19818.083, "Group By Key": ["lineitem.l_orderkey"], "Plans": [{"Node Type": "Streaming(type: LOCAL GATHER dop: 1/64)", "Parent Relationship": "Outer", "Startup Cost": 97610.5, "Total Cost": 143387.14, "Plan Rows": 2202268, "Plan Width": 8, "Actual Min Startup Time": 229.695, "Actual Max Startup Time": 229.695, "Actual Min Total Time": 5832.858, "Actual Max Total Time": 5832.858, "Plans": [{"Node Type": "Aggregate", "Strategy": "Hashed", "Parent Relationship": "Outer", "Startup Cost": 97610.5, "Total Cost": 97954.61, "Plan Rows": 2202268, "Plan Width": 8, "Actual Min Startup Time": 747.715, "Actual Max Startup Time": 860.278, "Actual Min Total Time": 818.769, "Actual Max Total Time": 988.082, "Group By Key": ["lineitem.l_orderkey"], "Plans": [{"Node Type": "Seq Scan", "Parent Relationship": "Outer", "Relation Name": "lineitem", "Alias": "lineitem", "Startup Cost": 0.0, "Total Cost": 96829.42, "Plan Rows": 19995678, "Plan Width": 8, "Actual Min Startup Time": 0.021, "Actual Max Startup Time": 0.04, "Actual Min Total Time": 492.564, "Actual Max Total Time": 522.811, "Filter": "(l_commitdate < l_receiptdate), (LLVM Optimized, Jit Execute)", "Rows Removed by Filter": 22056704, "Actual Rows": 37929348}], "Actual Rows": 13761080}], "Actual Rows": 13761080}], "Actual Rows": 13753474}, {"Node Type": "Hash", "Parent Relationship": "Inner", "Startup Cost": 82581.41, "Total Cost": 82581.41, "Plan Rows": 569410, "Plan Width": 24, "Actual Min Startup Time": 699.305, "Actual Max Startup Time": 699.305, "Actual Min Total Time": 699.305, "Actual Max Total Time": 699.305, "Max Hash Buckets": 1048576, "Min Hash Buckets": 1048576, "Max Hash Batches": 1, "Min Hash Batches": 1, "Max Original Hash Batches": 1, "Min Original Hash Batches": 1, "Max Peak Memory Usage": 30714, "min Peak Memory Usage": 30714, "Plans": [{"Node Type": "Streaming(type: LOCAL GATHER dop: 1/64)", "Parent Relationship": "Outer", "Startup Cost": 57.33, "Total Cost": 82581.41, "Plan Rows": 569410, "Plan Width": 24, "Actual Min Startup Time": 101.787, "Actual Max Startup Time": 101.787, "Actual Min Total Time": 451.33, "Actual Max Total Time": 451.33, "Plans": [{"Node Type": "Seq Scan", "Parent Relationship": "Outer", "Relation Name": "orders", "Alias": "orders", "Startup Cost": 57.33, "Total Cost": 70834.55, "Plan Rows": 569410, "Plan Width": 24, "Actual Min Startup Time": 0.03, "Actual Max Startup Time": 0.359, "Actual Min Total Time": 101.01, "Actual Max Total Time": 138.203, "Filter": "((o_orderdate >= '1995-01-01 00:00:00'::timestamp(0) without time zone) AND (o_orderdate < '1995-04-01 00:00:00'::timestamp without time zone)), (LLVM Optimized, Jit Execute)", "Rows Removed by Filter": 14438388, "Actual Rows": 561612}], "Actual Rows": 561612}], "Actual Rows": 561612}], "Actual Rows": 515106}], "Actual Rows": 5}], "Actual Rows": 5}, "Triggers": [], "Planner Runtime": 0, "Total Runtime": 23798.493, "Unique SQL Id": 3745551476}}, "(64, 9)": {"explain_plan": {"Plan": {"Node Type": "Sort", "Startup Cost": 1276409.75, "Total Cost": 1276409.75, "Plan Rows": 1, "Plan Width": 24, "Sort Key": ["orders.o_orderpriority"], "Plans": [{"Node Type": "Aggregate", "Strategy": "Hashed", "Parent Relationship": "Outer", "Startup Cost": 1276409.73, "Total Cost": 1276409.74, "Plan Rows": 1, "Plan Width": 24, "Group By Key": ["orders.o_orderpriority"], "Plans": [{"Node Type": "Nested Loop", "Parent Relationship": "Outer", "Join Type": "Semi", "Startup Cost": 0.0, "Total Cost": 1273562.68, "Plan Rows": 569410, "Plan Width": 16, "Inner Unique": false, "Plans": [{"Node Type": "Streaming(type: LOCAL GATHER dop: 1/64)", "Parent Relationship": "Outer", "Startup Cost": 0.0, "Total Cost": 659246.01, "Plan Rows": 569410, "Plan Width": 24, "Plans": [{"Node Type": "Index Scan", "Parent Relationship": "Outer", "Scan Direction": "Forward", "Index Name": "orders_pkey", "Relation Name": "orders", "Alias": "orders", "Startup Cost": 0.0, "Total Cost": 647499.15, "Plan Rows": 569410, "Plan Width": 24, "Filter": "((o_orderdate >= '1995-01-01 00:00:00'::timestamp(0) without time zone) AND (o_orderdate < '1995-04-01 00:00:00'::timestamp without time zone)), (LLVM Optimized)"}]}, {"Node Type": "Index Scan", "Parent Relationship": "Inner", "Scan Direction": "Forward", "Index Name": "idx_lineitem_orderkey", "Relation Name": "lineitem", "Alias": "lineitem", "Startup Cost": 0.0, "Total Cost": 5.41, "Plan Rows": 3, "Plan Width": 8, "Index Cond": "(l_orderkey = orders.o_orderkey)", "Filter": "(l_commitdate < l_receiptdate)"}]}]}]}, "Unique SQL Id": 3745551476, "Planner Runtime": 0}, "explain_analyze_plan": {"Plan": {"Node Type": "Sort", "Startup Cost": 1276409.75, "Total Cost": 1276409.75, "Plan Rows": 1, "Plan Width": 24, "Actual Min Startup Time": 5114.034, "Actual Max Startup Time": 5114.034, "Actual Min Total Time": 5114.035, "Actual Max Total Time": 5114.035, "Sort Key": ["orders.o_orderpriority"], "Sort Method": "quicksort", "Sort Space Min Used": 25, "Sort Space Max Used": 25, "Sort Space Type": "Memory", "Plans": [{"Node Type": "Aggregate", "Strategy": "Hashed", "Parent Relationship": "Outer", "Startup Cost": 1276409.73, "Total Cost": 1276409.74, "Plan Rows": 1, "Plan Width": 24, "Actual Min Startup Time": 5113.908, "Actual Max Startup Time": 5113.908, "Actual Min Total Time": 5113.916, "Actual Max Total Time": 5113.916, "Group By Key": ["orders.o_orderpriority"], "Plans": [{"Node Type": "Nested Loop", "Parent Relationship": "Outer", "Join Type": "Semi", "Startup Cost": 0.0, "Total Cost": 1273562.68, "Plan Rows": 569410, "Plan Width": 16, "Actual Min Startup Time": 280.535, "Actual Max Startup Time": 280.535, "Actual Min Total Time": 4847.659, "Actual Max Total Time": 4847.659, "Inner Unique": false, "Plans": [{"Node Type": "Streaming(type: LOCAL GATHER dop: 1/64)", "Parent Relationship": "Outer", "Startup Cost": 0.0, "Total Cost": 659246.01, "Plan Rows": 569410, "Plan Width": 24, "Actual Min Startup Time": 280.478, "Actual Max Startup Time": 280.478, "Actual Min Total Time": 562.974, "Actual Max Total Time": 562.974, "Plans": [{"Node Type": "Index Scan", "Parent Relationship": "Outer", "Scan Direction": "Forward", "Index Name": "orders_pkey", "Relation Name": "orders", "Alias": "orders", "Startup Cost": 0.0, "Total Cost": 647499.15, "Plan Rows": 569410, "Plan Width": 24, "Actual Min Startup Time": 84.099, "Actual Max Startup Time": 223.605, "Actual Min Total Time": 231.947, "Actual Max Total Time": 372.383, "Filter": "((o_orderdate >= '1995-01-01 00:00:00'::timestamp(0) without time zone) AND (o_orderdate < '1995-04-01 00:00:00'::timestamp without time zone)), (LLVM Optimized, Jit Execute)", "Rows Removed by Filter": 14438388, "Actual Rows": 561612}], "Actual Rows": 561612}, {"Node Type": "Index Scan", "Parent Relationship": "Inner", "Scan Direction": "Forward", "Index Name": "idx_lineitem_orderkey", "Relation Name": "lineitem", "Alias": "lineitem", "Startup Cost": 0.0, "Total Cost": 5.41, "Plan Rows": 3, "Plan Width": 8, "Actual Min Startup Time": 3869.73, "Actual Max Startup Time": 3869.73, "Actual Min Total Time": 3869.73, "Actual Max Total Time": 3869.73, "Index Cond": "(l_orderkey = orders.o_orderkey)", "Rows Removed by Index Recheck": 0, "Filter": "(l_commitdate < l_receiptdate)", "Rows Removed by Filter": 299676, "Actual Rows": 515106}], "Actual Rows": 515106}], "Actual Rows": 5}], "Actual Rows": 5}, "Triggers": [], "Planner Runtime": 0, "Total Runtime": 5134.044, "Unique SQL Id": 3745551476}}, "(64, 10)": {"explain_plan": {"Plan": {"Node Type": "Sort", "Startup Cost": 277414.2, "Total Cost": 277414.2, "Plan Rows": 1, "Plan Width": 24, "Sort Key": ["orders.o_orderpriority"], "Plans": [{"Node Type": "Aggregate", "Strategy": "Hashed", "Parent Relationship": "Outer", "Startup Cost": 277414.18, "Total Cost": 277414.19, "Plan Rows": 1, "Plan Width": 24, "Group By Key": ["orders.o_orderpriority"], "Plans": [{"Node Type": "Hash Join", "Parent Relationship": "Outer", "Join Type": "Inner", "Startup Cost": 238591.84, "Total Cost": 274567.13, "Plan Rows": 569410, "Plan Width": 16, "Inner Unique": true, "Hash Cond": "(lineitem.l_orderkey = orders.o_orderkey), (LLVM Optimized)", "Plans": [{"Node Type": "Aggregate", "Strategy": "Hashed", "Parent Relationship": "Outer", "Startup Cost": 148892.81, "Total Cost": 170915.49, "Plan Rows": 2202268, "Plan Width": 8, "Group By Key": ["lineitem.l_orderkey"], "Plans": [{"Node Type": "Streaming(type: LOCAL GATHER dop: 1/64)", "Parent Relationship": "Outer", "Startup Cost": 97610.5, "Total Cost": 143387.14, "Plan Rows": 2202268, "Plan Width": 8, "Plans": [{"Node Type": "Aggregate", "Strategy": "Hashed", "Parent Relationship": "Outer", "Startup Cost": 97610.5, "Total Cost": 97954.61, "Plan Rows": 2202268, "Plan Width": 8, "Group By Key": ["lineitem.l_orderkey"], "Plans": [{"Node Type": "Seq Scan", "Parent Relationship": "Outer", "Relation Name": "lineitem", "Alias": "lineitem", "Startup Cost": 0.0, "Total Cost": 96829.42, "Plan Rows": 19995678, "Plan Width": 8, "Filter": "(l_commitdate < l_receiptdate), (LLVM Optimized)"}]}]}]}, {"Node Type": "Hash", "Parent Relationship": "Inner", "Startup Cost": 82581.41, "Total Cost": 82581.41, "Plan Rows": 569410, "Plan Width": 24, "Plans": [{"Node Type": "Streaming(type: LOCAL GATHER dop: 1/64)", "Parent Relationship": "Outer", "Startup Cost": 57.33, "Total Cost": 82581.41, "Plan Rows": 569410, "Plan Width": 24, "Plans": [{"Node Type": "Seq Scan", "Parent Relationship": "Outer", "Relation Name": "orders", "Alias": "orders", "Startup Cost": 57.33, "Total Cost": 70834.55, "Plan Rows": 569410, "Plan Width": 24, "Filter": "((o_orderdate >= '1995-01-01 00:00:00'::timestamp(0) without time zone) AND (o_orderdate < '1995-04-01 00:00:00'::timestamp without time zone)), (LLVM Optimized)"}]}]}]}]}]}, "Unique SQL Id": 3745551476, "Planner Runtime": 1}, "explain_analyze_plan": {"Plan": {"Node Type": "Sort", "Startup Cost": 277414.2, "Total Cost": 277414.2, "Plan Rows": 1, "Plan Width": 24, "Actual Min Startup Time": 23766.987, "Actual Max Startup Time": 23766.987, "Actual Min Total Time": 23766.987, "Actual Max Total Time": 23766.987, "Sort Key": ["orders.o_orderpriority"], "Sort Method": "quicksort", "Sort Space Min Used": 25, "Sort Space Max Used": 25, "Sort Space Type": "Memory", "Plans": [{"Node Type": "Aggregate", "Strategy": "Hashed", "Parent Relationship": "Outer", "Startup Cost": 277414.18, "Total Cost": 277414.19, "Plan Rows": 1, "Plan Width": 24, "Actual Min Startup Time": 23766.921, "Actual Max Startup Time": 23766.921, "Actual Min Total Time": 23766.922, "Actual Max Total Time": 23766.922, "Group By Key": ["orders.o_orderpriority"], "Plans": [{"Node Type": "Hash Join", "Parent Relationship": "Outer", "Join Type": "Inner", "Startup Cost": 238591.84, "Total Cost": 274567.13, "Plan Rows": 569410, "Plan Width": 16, "Actual Min Startup Time": 14735.43, "Actual Max Startup Time": 14735.43, "Actual Min Total Time": 23551.885, "Actual Max Total Time": 23551.885, "Inner Unique": true, "Hash Cond": "(lineitem.l_orderkey = orders.o_orderkey), (LLVM Optimized, Jit Execute)", "Plans": [{"Node Type": "Aggregate", "Strategy": "Hashed", "Parent Relationship": "Outer", "Startup Cost": 148892.81, "Total Cost": 170915.49, "Plan Rows": 2202268, "Plan Width": 8, "Actual Min Startup Time": 14035.349, "Actual Max Startup Time": 14035.349, "Actual Min Total Time": 19818.083, "Actual Max Total Time": 19818.083, "Group By Key": ["lineitem.l_orderkey"], "Plans": [{"Node Type": "Streaming(type: LOCAL GATHER dop: 1/64)", "Parent Relationship": "Outer", "Startup Cost": 97610.5, "Total Cost": 143387.14, "Plan Rows": 2202268, "Plan Width": 8, "Actual Min Startup Time": 229.695, "Actual Max Startup Time": 229.695, "Actual Min Total Time": 5832.858, "Actual Max Total Time": 5832.858, "Plans": [{"Node Type": "Aggregate", "Strategy": "Hashed", "Parent Relationship": "Outer", "Startup Cost": 97610.5, "Total Cost": 97954.61, "Plan Rows": 2202268, "Plan Width": 8, "Actual Min Startup Time": 747.715, "Actual Max Startup Time": 860.278, "Actual Min Total Time": 818.769, "Actual Max Total Time": 988.082, "Group By Key": ["lineitem.l_orderkey"], "Plans": [{"Node Type": "Seq Scan", "Parent Relationship": "Outer", "Relation Name": "lineitem", "Alias": "lineitem", "Startup Cost": 0.0, "Total Cost": 96829.42, "Plan Rows": 19995678, "Plan Width": 8, "Actual Min Startup Time": 0.021, "Actual Max Startup Time": 0.04, "Actual Min Total Time": 492.564, "Actual Max Total Time": 522.811, "Filter": "(l_commitdate < l_receiptdate), (LLVM Optimized, Jit Execute)", "Rows Removed by Filter": 22056704, "Actual Rows": 37929348}], "Actual Rows": 13761080}], "Actual Rows": 13761080}], "Actual Rows": 13753474}, {"Node Type": "Hash", "Parent Relationship": "Inner", "Startup Cost": 82581.41, "Total Cost": 82581.41, "Plan Rows": 569410, "Plan Width": 24, "Actual Min Startup Time": 699.305, "Actual Max Startup Time": 699.305, "Actual Min Total Time": 699.305, "Actual Max Total Time": 699.305, "Max Hash Buckets": 1048576, "Min Hash Buckets": 1048576, "Max Hash Batches": 1, "Min Hash Batches": 1, "Max Original Hash Batches": 1, "Min Original Hash Batches": 1, "Max Peak Memory Usage": 30714, "min Peak Memory Usage": 30714, "Plans": [{"Node Type": "Streaming(type: LOCAL GATHER dop: 1/64)", "Parent Relationship": "Outer", "Startup Cost": 57.33, "Total Cost": 82581.41, "Plan Rows": 569410, "Plan Width": 24, "Actual Min Startup Time": 101.787, "Actual Max Startup Time": 101.787, "Actual Min Total Time": 451.33, "Actual Max Total Time": 451.33, "Plans": [{"Node Type": "Seq Scan", "Parent Relationship": "Outer", "Relation Name": "orders", "Alias": "orders", "Startup Cost": 57.33, "Total Cost": 70834.55, "Plan Rows": 569410, "Plan Width": 24, "Actual Min Startup Time": 0.03, "Actual Max Startup Time": 0.359, "Actual Min Total Time": 101.01, "Actual Max Total Time": 138.203, "Filter": "((o_orderdate >= '1995-01-01 00:00:00'::timestamp(0) without time zone) AND (o_orderdate < '1995-04-01 00:00:00'::timestamp without time zone)), (LLVM Optimized, Jit Execute)", "Rows Removed by Filter": 14438388, "Actual Rows": 561612}], "Actual Rows": 561612}], "Actual Rows": 561612}], "Actual Rows": 515106}], "Actual Rows": 5}], "Actual Rows": 5}, "Triggers": [], "Planner Runtime": 0, "Total Runtime": 23798.493, "Unique SQL Id": 3745551476}}, "(64, 11)": {"explain_plan": {"Plan": {"Node Type": "Sort", "Startup Cost": 2000403569659.73, "Total Cost": 2000403569659.74, "Plan Rows": 1, "Plan Width": 24, "Sort Key": ["orders.o_orderpriority"], "Plans": [{"Node Type": "Aggregate", "Strategy": "Hashed", "Parent Relationship": "Outer", "Startup Cost": 2000403569659.71, "Total Cost": 2000403569659.72, "Plan Rows": 1, "Plan Width": 24, "Group By Key": ["orders.o_orderpriority"], "Plans": [{"Node Type": "Merge Join", "Parent Relationship": "Outer", "Join Type": "Semi", "Startup Cost": 20036514449.31, "Total Cost": 2000403566812.66, "Plan Rows": 569410, "Plan Width": 16, "Inner Unique": false, "Merge Cond": "(orders.o_orderkey = lineitem.l_orderkey)", "Plans": [{"Node Type": "Index Scan", "Parent Relationship": "Outer", "Scan Direction": "Forward", "Index Name": "orders_pkey", "Relation Name": "orders", "Alias": "orders", "Startup Cost": 10000000000.0, "Total Cost": 1000080597583.0, "Plan Rows": 569410, "Plan Width": 24, "Filter": "((o_orderdate >= '1995-01-01 00:00:00'::timestamp(0) without time zone) AND (o_orderdate < '1995-04-01 00:00:00'::timestamp without time zone)), (LLVM Optimized)"}, {"Node Type": "Index Scan", "Parent Relationship": "Inner", "Scan Direction": "Forward", "Index Name": "idx_lineitem_orderkey", "Relation Name": "lineitem", "Alias": "lineitem", "Startup Cost": 10000000000.0, "Total Cost": 1000339012132.75, "Plan Rows": 19995678, "Plan Width": 8, "Filter": "(l_commitdate < l_receiptdate), (LLVM Optimized)"}]}]}]}, "Unique SQL Id": 3745551476, "Planner Runtime": 0}, "explain_analyze_plan": null}, "(64, 12)": {"explain_plan": {"Plan": {"Node Type": "Sort", "Startup Cost": 277414.2, "Total Cost": 277414.2, "Plan Rows": 1, "Plan Width": 24, "Sort Key": ["orders.o_orderpriority"], "Plans": [{"Node Type": "Aggregate", "Strategy": "Hashed", "Parent Relationship": "Outer", "Startup Cost": 277414.18, "Total Cost": 277414.19, "Plan Rows": 1, "Plan Width": 24, "Group By Key": ["orders.o_orderpriority"], "Plans": [{"Node Type": "Hash Join", "Parent Relationship": "Outer", "Join Type": "Inner", "Startup Cost": 238591.84, "Total Cost": 274567.13, "Plan Rows": 569410, "Plan Width": 16, "Inner Unique": true, "Hash Cond": "(lineitem.l_orderkey = orders.o_orderkey), (LLVM Optimized)", "Plans": [{"Node Type": "Aggregate", "Strategy": "Hashed", "Parent Relationship": "Outer", "Startup Cost": 148892.81, "Total Cost": 170915.49, "Plan Rows": 2202268, "Plan Width": 8, "Group By Key": ["lineitem.l_orderkey"], "Plans": [{"Node Type": "Streaming(type: LOCAL GATHER dop: 1/64)", "Parent Relationship": "Outer", "Startup Cost": 97610.5, "Total Cost": 143387.14, "Plan Rows": 2202268, "Plan Width": 8, "Plans": [{"Node Type": "Aggregate", "Strategy": "Hashed", "Parent Relationship": "Outer", "Startup Cost": 97610.5, "Total Cost": 97954.61, "Plan Rows": 2202268, "Plan Width": 8, "Group By Key": ["lineitem.l_orderkey"], "Plans": [{"Node Type": "Seq Scan", "Parent Relationship": "Outer", "Relation Name": "lineitem", "Alias": "lineitem", "Startup Cost": 0.0, "Total Cost": 96829.42, "Plan Rows": 19995678, "Plan Width": 8, "Filter": "(l_commitdate < l_receiptdate), (LLVM Optimized)"}]}]}]}, {"Node Type": "Hash", "Parent Relationship": "Inner", "Startup Cost": 82581.41, "Total Cost": 82581.41, "Plan Rows": 569410, "Plan Width": 24, "Plans": [{"Node Type": "Streaming(type: LOCAL GATHER dop: 1/64)", "Parent Relationship": "Outer", "Startup Cost": 57.33, "Total Cost": 82581.41, "Plan Rows": 569410, "Plan Width": 24, "Plans": [{"Node Type": "Seq Scan", "Parent Relationship": "Outer", "Relation Name": "orders", "Alias": "orders", "Startup Cost": 57.33, "Total Cost": 70834.55, "Plan Rows": 569410, "Plan Width": 24, "Filter": "((o_orderdate >= '1995-01-01 00:00:00'::timestamp(0) without time zone) AND (o_orderdate < '1995-04-01 00:00:00'::timestamp without time zone)), (LLVM Optimized)"}]}]}]}]}]}, "Unique SQL Id": 3745551476, "Planner Runtime": 1}, "explain_analyze_plan": {"Plan": {"Node Type": "Sort", "Startup Cost": 277414.2, "Total Cost": 277414.2, "Plan Rows": 1, "Plan Width": 24, "Actual Min Startup Time": 23766.987, "Actual Max Startup Time": 23766.987, "Actual Min Total Time": 23766.987, "Actual Max Total Time": 23766.987, "Sort Key": ["orders.o_orderpriority"], "Sort Method": "quicksort", "Sort Space Min Used": 25, "Sort Space Max Used": 25, "Sort Space Type": "Memory", "Plans": [{"Node Type": "Aggregate", "Strategy": "Hashed", "Parent Relationship": "Outer", "Startup Cost": 277414.18, "Total Cost": 277414.19, "Plan Rows": 1, "Plan Width": 24, "Actual Min Startup Time": 23766.921, "Actual Max Startup Time": 23766.921, "Actual Min Total Time": 23766.922, "Actual Max Total Time": 23766.922, "Group By Key": ["orders.o_orderpriority"], "Plans": [{"Node Type": "Hash Join", "Parent Relationship": "Outer", "Join Type": "Inner", "Startup Cost": 238591.84, "Total Cost": 274567.13, "Plan Rows": 569410, "Plan Width": 16, "Actual Min Startup Time": 14735.43, "Actual Max Startup Time": 14735.43, "Actual Min Total Time": 23551.885, "Actual Max Total Time": 23551.885, "Inner Unique": true, "Hash Cond": "(lineitem.l_orderkey = orders.o_orderkey), (LLVM Optimized, Jit Execute)", "Plans": [{"Node Type": "Aggregate", "Strategy": "Hashed", "Parent Relationship": "Outer", "Startup Cost": 148892.81, "Total Cost": 170915.49, "Plan Rows": 2202268, "Plan Width": 8, "Actual Min Startup Time": 14035.349, "Actual Max Startup Time": 14035.349, "Actual Min Total Time": 19818.083, "Actual Max Total Time": 19818.083, "Group By Key": ["lineitem.l_orderkey"], "Plans": [{"Node Type": "Streaming(type: LOCAL GATHER dop: 1/64)", "Parent Relationship": "Outer", "Startup Cost": 97610.5, "Total Cost": 143387.14, "Plan Rows": 2202268, "Plan Width": 8, "Actual Min Startup Time": 229.695, "Actual Max Startup Time": 229.695, "Actual Min Total Time": 5832.858, "Actual Max Total Time": 5832.858, "Plans": [{"Node Type": "Aggregate", "Strategy": "Hashed", "Parent Relationship": "Outer", "Startup Cost": 97610.5, "Total Cost": 97954.61, "Plan Rows": 2202268, "Plan Width": 8, "Actual Min Startup Time": 747.715, "Actual Max Startup Time": 860.278, "Actual Min Total Time": 818.769, "Actual Max Total Time": 988.082, "Group By Key": ["lineitem.l_orderkey"], "Plans": [{"Node Type": "Seq Scan", "Parent Relationship": "Outer", "Relation Name": "lineitem", "Alias": "lineitem", "Startup Cost": 0.0, "Total Cost": 96829.42, "Plan Rows": 19995678, "Plan Width": 8, "Actual Min Startup Time": 0.021, "Actual Max Startup Time": 0.04, "Actual Min Total Time": 492.564, "Actual Max Total Time": 522.811, "Filter": "(l_commitdate < l_receiptdate), (LLVM Optimized, Jit Execute)", "Rows Removed by Filter": 22056704, "Actual Rows": 37929348}], "Actual Rows": 13761080}], "Actual Rows": 13761080}], "Actual Rows": 13753474}, {"Node Type": "Hash", "Parent Relationship": "Inner", "Startup Cost": 82581.41, "Total Cost": 82581.41, "Plan Rows": 569410, "Plan Width": 24, "Actual Min Startup Time": 699.305, "Actual Max Startup Time": 699.305, "Actual Min Total Time": 699.305, "Actual Max Total Time": 699.305, "Max Hash Buckets": 1048576, "Min Hash Buckets": 1048576, "Max Hash Batches": 1, "Min Hash Batches": 1, "Max Original Hash Batches": 1, "Min Original Hash Batches": 1, "Max Peak Memory Usage": 30714, "min Peak Memory Usage": 30714, "Plans": [{"Node Type": "Streaming(type: LOCAL GATHER dop: 1/64)", "Parent Relationship": "Outer", "Startup Cost": 57.33, "Total Cost": 82581.41, "Plan Rows": 569410, "Plan Width": 24, "Actual Min Startup Time": 101.787, "Actual Max Startup Time": 101.787, "Actual Min Total Time": 451.33, "Actual Max Total Time": 451.33, "Plans": [{"Node Type": "Seq Scan", "Parent Relationship": "Outer", "Relation Name": "orders", "Alias": "orders", "Startup Cost": 57.33, "Total Cost": 70834.55, "Plan Rows": 569410, "Plan Width": 24, "Actual Min Startup Time": 0.03, "Actual Max Startup Time": 0.359, "Actual Min Total Time": 101.01, "Actual Max Total Time": 138.203, "Filter": "((o_orderdate >= '1995-01-01 00:00:00'::timestamp(0) without time zone) AND (o_orderdate < '1995-04-01 00:00:00'::timestamp without time zone)), (LLVM Optimized, Jit Execute)", "Rows Removed by Filter": 14438388, "Actual Rows": 561612}], "Actual Rows": 561612}], "Actual Rows": 561612}], "Actual Rows": 515106}], "Actual Rows": 5}], "Actual Rows": 5}, "Triggers": [], "Planner Runtime": 0, "Total Runtime": 23798.493, "Unique SQL Id": 3745551476}}, "(64, 13)": {"explain_plan": {"Plan": {"Node Type": "Sort", "Startup Cost": 1276409.75, "Total Cost": 1276409.75, "Plan Rows": 1, "Plan Width": 24, "Sort Key": ["orders.o_orderpriority"], "Plans": [{"Node Type": "Aggregate", "Strategy": "Hashed", "Parent Relationship": "Outer", "Startup Cost": 1276409.73, "Total Cost": 1276409.74, "Plan Rows": 1, "Plan Width": 24, "Group By Key": ["orders.o_orderpriority"], "Plans": [{"Node Type": "Nested Loop", "Parent Relationship": "Outer", "Join Type": "Semi", "Startup Cost": 0.0, "Total Cost": 1273562.68, "Plan Rows": 569410, "Plan Width": 16, "Inner Unique": false, "Plans": [{"Node Type": "Streaming(type: LOCAL GATHER dop: 1/64)", "Parent Relationship": "Outer", "Startup Cost": 0.0, "Total Cost": 659246.01, "Plan Rows": 569410, "Plan Width": 24, "Plans": [{"Node Type": "Index Scan", "Parent Relationship": "Outer", "Scan Direction": "Forward", "Index Name": "orders_pkey", "Relation Name": "orders", "Alias": "orders", "Startup Cost": 0.0, "Total Cost": 647499.15, "Plan Rows": 569410, "Plan Width": 24, "Filter": "((o_orderdate >= '1995-01-01 00:00:00'::timestamp(0) without time zone) AND (o_orderdate < '1995-04-01 00:00:00'::timestamp without time zone)), (LLVM Optimized)"}]}, {"Node Type": "Index Scan", "Parent Relationship": "Inner", "Scan Direction": "Forward", "Index Name": "idx_lineitem_orderkey", "Relation Name": "lineitem", "Alias": "lineitem", "Startup Cost": 0.0, "Total Cost": 5.41, "Plan Rows": 3, "Plan Width": 8, "Index Cond": "(l_orderkey = orders.o_orderkey)", "Filter": "(l_commitdate < l_receiptdate)"}]}]}]}, "Unique SQL Id": 3745551476, "Planner Runtime": 0}, "explain_analyze_plan": {"Plan": {"Node Type": "Sort", "Startup Cost": 1276409.75, "Total Cost": 1276409.75, "Plan Rows": 1, "Plan Width": 24, "Actual Min Startup Time": 5114.034, "Actual Max Startup Time": 5114.034, "Actual Min Total Time": 5114.035, "Actual Max Total Time": 5114.035, "Sort Key": ["orders.o_orderpriority"], "Sort Method": "quicksort", "Sort Space Min Used": 25, "Sort Space Max Used": 25, "Sort Space Type": "Memory", "Plans": [{"Node Type": "Aggregate", "Strategy": "Hashed", "Parent Relationship": "Outer", "Startup Cost": 1276409.73, "Total Cost": 1276409.74, "Plan Rows": 1, "Plan Width": 24, "Actual Min Startup Time": 5113.908, "Actual Max Startup Time": 5113.908, "Actual Min Total Time": 5113.916, "Actual Max Total Time": 5113.916, "Group By Key": ["orders.o_orderpriority"], "Plans": [{"Node Type": "Nested Loop", "Parent Relationship": "Outer", "Join Type": "Semi", "Startup Cost": 0.0, "Total Cost": 1273562.68, "Plan Rows": 569410, "Plan Width": 16, "Actual Min Startup Time": 280.535, "Actual Max Startup Time": 280.535, "Actual Min Total Time": 4847.659, "Actual Max Total Time": 4847.659, "Inner Unique": false, "Plans": [{"Node Type": "Streaming(type: LOCAL GATHER dop: 1/64)", "Parent Relationship": "Outer", "Startup Cost": 0.0, "Total Cost": 659246.01, "Plan Rows": 569410, "Plan Width": 24, "Actual Min Startup Time": 280.478, "Actual Max Startup Time": 280.478, "Actual Min Total Time": 562.974, "Actual Max Total Time": 562.974, "Plans": [{"Node Type": "Index Scan", "Parent Relationship": "Outer", "Scan Direction": "Forward", "Index Name": "orders_pkey", "Relation Name": "orders", "Alias": "orders", "Startup Cost": 0.0, "Total Cost": 647499.15, "Plan Rows": 569410, "Plan Width": 24, "Actual Min Startup Time": 84.099, "Actual Max Startup Time": 223.605, "Actual Min Total Time": 231.947, "Actual Max Total Time": 372.383, "Filter": "((o_orderdate >= '1995-01-01 00:00:00'::timestamp(0) without time zone) AND (o_orderdate < '1995-04-01 00:00:00'::timestamp without time zone)), (LLVM Optimized, Jit Execute)", "Rows Removed by Filter": 14438388, "Actual Rows": 561612}], "Actual Rows": 561612}, {"Node Type": "Index Scan", "Parent Relationship": "Inner", "Scan Direction": "Forward", "Index Name": "idx_lineitem_orderkey", "Relation Name": "lineitem", "Alias": "lineitem", "Startup Cost": 0.0, "Total Cost": 5.41, "Plan Rows": 3, "Plan Width": 8, "Actual Min Startup Time": 3869.73, "Actual Max Startup Time": 3869.73, "Actual Min Total Time": 3869.73, "Actual Max Total Time": 3869.73, "Index Cond": "(l_orderkey = orders.o_orderkey)", "Rows Removed by Index Recheck": 0, "Filter": "(l_commitdate < l_receiptdate)", "Rows Removed by Filter": 299676, "Actual Rows": 515106}], "Actual Rows": 515106}], "Actual Rows": 5}], "Actual Rows": 5}, "Triggers": [], "Planner Runtime": 0, "Total Runtime": 5134.044, "Unique SQL Id": 3745551476}}, "(64, 14)": {"explain_plan": {"Plan": {"Node Type": "Sort", "Startup Cost": 277414.2, "Total Cost": 277414.2, "Plan Rows": 1, "Plan Width": 24, "Sort Key": ["orders.o_orderpriority"], "Plans": [{"Node Type": "Aggregate", "Strategy": "Hashed", "Parent Relationship": "Outer", "Startup Cost": 277414.18, "Total Cost": 277414.19, "Plan Rows": 1, "Plan Width": 24, "Group By Key": ["orders.o_orderpriority"], "Plans": [{"Node Type": "Hash Join", "Parent Relationship": "Outer", "Join Type": "Inner", "Startup Cost": 238591.84, "Total Cost": 274567.13, "Plan Rows": 569410, "Plan Width": 16, "Inner Unique": true, "Hash Cond": "(lineitem.l_orderkey = orders.o_orderkey), (LLVM Optimized)", "Plans": [{"Node Type": "Aggregate", "Strategy": "Hashed", "Parent Relationship": "Outer", "Startup Cost": 148892.81, "Total Cost": 170915.49, "Plan Rows": 2202268, "Plan Width": 8, "Group By Key": ["lineitem.l_orderkey"], "Plans": [{"Node Type": "Streaming(type: LOCAL GATHER dop: 1/64)", "Parent Relationship": "Outer", "Startup Cost": 97610.5, "Total Cost": 143387.14, "Plan Rows": 2202268, "Plan Width": 8, "Plans": [{"Node Type": "Aggregate", "Strategy": "Hashed", "Parent Relationship": "Outer", "Startup Cost": 97610.5, "Total Cost": 97954.61, "Plan Rows": 2202268, "Plan Width": 8, "Group By Key": ["lineitem.l_orderkey"], "Plans": [{"Node Type": "Seq Scan", "Parent Relationship": "Outer", "Relation Name": "lineitem", "Alias": "lineitem", "Startup Cost": 0.0, "Total Cost": 96829.42, "Plan Rows": 19995678, "Plan Width": 8, "Filter": "(l_commitdate < l_receiptdate), (LLVM Optimized)"}]}]}]}, {"Node Type": "Hash", "Parent Relationship": "Inner", "Startup Cost": 82581.41, "Total Cost": 82581.41, "Plan Rows": 569410, "Plan Width": 24, "Plans": [{"Node Type": "Streaming(type: LOCAL GATHER dop: 1/64)", "Parent Relationship": "Outer", "Startup Cost": 57.33, "Total Cost": 82581.41, "Plan Rows": 569410, "Plan Width": 24, "Plans": [{"Node Type": "Seq Scan", "Parent Relationship": "Outer", "Relation Name": "orders", "Alias": "orders", "Startup Cost": 57.33, "Total Cost": 70834.55, "Plan Rows": 569410, "Plan Width": 24, "Filter": "((o_orderdate >= '1995-01-01 00:00:00'::timestamp(0) without time zone) AND (o_orderdate < '1995-04-01 00:00:00'::timestamp without time zone)), (LLVM Optimized)"}]}]}]}]}]}, "Unique SQL Id": 3745551476, "Planner Runtime": 0}, "explain_analyze_plan": {"Plan": {"Node Type": "Sort", "Startup Cost": 277414.2, "Total Cost": 277414.2, "Plan Rows": 1, "Plan Width": 24, "Actual Min Startup Time": 23766.987, "Actual Max Startup Time": 23766.987, "Actual Min Total Time": 23766.987, "Actual Max Total Time": 23766.987, "Sort Key": ["orders.o_orderpriority"], "Sort Method": "quicksort", "Sort Space Min Used": 25, "Sort Space Max Used": 25, "Sort Space Type": "Memory", "Plans": [{"Node Type": "Aggregate", "Strategy": "Hashed", "Parent Relationship": "Outer", "Startup Cost": 277414.18, "Total Cost": 277414.19, "Plan Rows": 1, "Plan Width": 24, "Actual Min Startup Time": 23766.921, "Actual Max Startup Time": 23766.921, "Actual Min Total Time": 23766.922, "Actual Max Total Time": 23766.922, "Group By Key": ["orders.o_orderpriority"], "Plans": [{"Node Type": "Hash Join", "Parent Relationship": "Outer", "Join Type": "Inner", "Startup Cost": 238591.84, "Total Cost": 274567.13, "Plan Rows": 569410, "Plan Width": 16, "Actual Min Startup Time": 14735.43, "Actual Max Startup Time": 14735.43, "Actual Min Total Time": 23551.885, "Actual Max Total Time": 23551.885, "Inner Unique": true, "Hash Cond": "(lineitem.l_orderkey = orders.o_orderkey), (LLVM Optimized, Jit Execute)", "Plans": [{"Node Type": "Aggregate", "Strategy": "Hashed", "Parent Relationship": "Outer", "Startup Cost": 148892.81, "Total Cost": 170915.49, "Plan Rows": 2202268, "Plan Width": 8, "Actual Min Startup Time": 14035.349, "Actual Max Startup Time": 14035.349, "Actual Min Total Time": 19818.083, "Actual Max Total Time": 19818.083, "Group By Key": ["lineitem.l_orderkey"], "Plans": [{"Node Type": "Streaming(type: LOCAL GATHER dop: 1/64)", "Parent Relationship": "Outer", "Startup Cost": 97610.5, "Total Cost": 143387.14, "Plan Rows": 2202268, "Plan Width": 8, "Actual Min Startup Time": 229.695, "Actual Max Startup Time": 229.695, "Actual Min Total Time": 5832.858, "Actual Max Total Time": 5832.858, "Plans": [{"Node Type": "Aggregate", "Strategy": "Hashed", "Parent Relationship": "Outer", "Startup Cost": 97610.5, "Total Cost": 97954.61, "Plan Rows": 2202268, "Plan Width": 8, "Actual Min Startup Time": 747.715, "Actual Max Startup Time": 860.278, "Actual Min Total Time": 818.769, "Actual Max Total Time": 988.082, "Group By Key": ["lineitem.l_orderkey"], "Plans": [{"Node Type": "Seq Scan", "Parent Relationship": "Outer", "Relation Name": "lineitem", "Alias": "lineitem", "Startup Cost": 0.0, "Total Cost": 96829.42, "Plan Rows": 19995678, "Plan Width": 8, "Actual Min Startup Time": 0.021, "Actual Max Startup Time": 0.04, "Actual Min Total Time": 492.564, "Actual Max Total Time": 522.811, "Filter": "(l_commitdate < l_receiptdate), (LLVM Optimized, Jit Execute)", "Rows Removed by Filter": 22056704, "Actual Rows": 37929348}], "Actual Rows": 13761080}], "Actual Rows": 13761080}], "Actual Rows": 13753474}, {"Node Type": "Hash", "Parent Relationship": "Inner", "Startup Cost": 82581.41, "Total Cost": 82581.41, "Plan Rows": 569410, "Plan Width": 24, "Actual Min Startup Time": 699.305, "Actual Max Startup Time": 699.305, "Actual Min Total Time": 699.305, "Actual Max Total Time": 699.305, "Max Hash Buckets": 1048576, "Min Hash Buckets": 1048576, "Max Hash Batches": 1, "Min Hash Batches": 1, "Max Original Hash Batches": 1, "Min Original Hash Batches": 1, "Max Peak Memory Usage": 30714, "min Peak Memory Usage": 30714, "Plans": [{"Node Type": "Streaming(type: LOCAL GATHER dop: 1/64)", "Parent Relationship": "Outer", "Startup Cost": 57.33, "Total Cost": 82581.41, "Plan Rows": 569410, "Plan Width": 24, "Actual Min Startup Time": 101.787, "Actual Max Startup Time": 101.787, "Actual Min Total Time": 451.33, "Actual Max Total Time": 451.33, "Plans": [{"Node Type": "Seq Scan", "Parent Relationship": "Outer", "Relation Name": "orders", "Alias": "orders", "Startup Cost": 57.33, "Total Cost": 70834.55, "Plan Rows": 569410, "Plan Width": 24, "Actual Min Startup Time": 0.03, "Actual Max Startup Time": 0.359, "Actual Min Total Time": 101.01, "Actual Max Total Time": 138.203, "Filter": "((o_orderdate >= '1995-01-01 00:00:00'::timestamp(0) without time zone) AND (o_orderdate < '1995-04-01 00:00:00'::timestamp without time zone)), (LLVM Optimized, Jit Execute)", "Rows Removed by Filter": 14438388, "Actual Rows": 561612}], "Actual Rows": 561612}], "Actual Rows": 561612}], "Actual Rows": 515106}], "Actual Rows": 5}], "Actual Rows": 5}, "Triggers": [], "Planner Runtime": 0, "Total Runtime": 23798.493, "Unique SQL Id": 3745551476}}, "(64, 15)": {"explain_plan": {"Plan": {"Node Type": "Sort", "Startup Cost": 2000403569659.73, "Total Cost": 2000403569659.74, "Plan Rows": 1, "Plan Width": 24, "Sort Key": ["orders.o_orderpriority"], "Plans": [{"Node Type": "Aggregate", "Strategy": "Hashed", "Parent Relationship": "Outer", "Startup Cost": 2000403569659.71, "Total Cost": 2000403569659.72, "Plan Rows": 1, "Plan Width": 24, "Group By Key": ["orders.o_orderpriority"], "Plans": [{"Node Type": "Merge Join", "Parent Relationship": "Outer", "Join Type": "Semi", "Startup Cost": 20036514449.31, "Total Cost": 2000403566812.66, "Plan Rows": 569410, "Plan Width": 16, "Inner Unique": false, "Merge Cond": "(orders.o_orderkey = lineitem.l_orderkey)", "Plans": [{"Node Type": "Index Scan", "Parent Relationship": "Outer", "Scan Direction": "Forward", "Index Name": "orders_pkey", "Relation Name": "orders", "Alias": "orders", "Startup Cost": 10000000000.0, "Total Cost": 1000080597583.0, "Plan Rows": 569410, "Plan Width": 24, "Filter": "((o_orderdate >= '1995-01-01 00:00:00'::timestamp(0) without time zone) AND (o_orderdate < '1995-04-01 00:00:00'::timestamp without time zone)), (LLVM Optimized)"}, {"Node Type": "Index Scan", "Parent Relationship": "Inner", "Scan Direction": "Forward", "Index Name": "idx_lineitem_orderkey", "Relation Name": "lineitem", "Alias": "lineitem", "Startup Cost": 10000000000.0, "Total Cost": 1000339012132.75, "Plan Rows": 19995678, "Plan Width": 8, "Filter": "(l_commitdate < l_receiptdate), (LLVM Optimized)"}]}]}]}, "Unique SQL Id": 3745551476, "Planner Runtime": 0}, "explain_analyze_plan": null}, "(64, 16)": {"explain_plan": {"Plan": {"Node Type": "Sort", "Startup Cost": 699745.15, "Total Cost": 699745.15, "Plan Rows": 1, "Plan Width": 24, "Sort Key": ["orders.o_orderpriority"], "Plans": [{"Node Type": "Aggregate", "Strategy": "Hashed", "Parent Relationship": "Outer", "Startup Cost": 699745.13, "Total Cost": 699745.14, "Plan Rows": 1, "Plan Width": 24, "Group By Key": ["orders.o_orderpriority"], "Plans": [{"Node Type": "Nested Loop", "Parent Relationship": "Outer", "Join Type": "Semi", "Startup Cost": 57.33, "Total Cost": 696898.08, "Plan Rows": 569410, "Plan Width": 16, "Inner Unique": false, "Plans": [{"Node Type": "Streaming(type: LOCAL GATHER dop: 1/64)", "Parent Relationship": "Outer", "Startup Cost": 57.33, "Total Cost": 82581.41, "Plan Rows": 569410, "Plan Width": 24, "Plans": [{"Node Type": "Seq Scan", "Parent Relationship": "Outer", "Relation Name": "orders", "Alias": "orders", "Startup Cost": 57.33, "Total Cost": 70834.55, "Plan Rows": 569410, "Plan Width": 24, "Filter": "((o_orderdate >= '1995-01-01 00:00:00'::timestamp(0) without time zone) AND (o_orderdate < '1995-04-01 00:00:00'::timestamp without time zone)), (LLVM Optimized)"}]}, {"Node Type": "Index Scan", "Parent Relationship": "Inner", "Scan Direction": "Forward", "Index Name": "idx_lineitem_orderkey", "Relation Name": "lineitem", "Alias": "lineitem", "Startup Cost": 0.0, "Total Cost": 5.41, "Plan Rows": 3, "Plan Width": 8, "Index Cond": "(l_orderkey = orders.o_orderkey)", "Filter": "(l_commitdate < l_receiptdate)"}]}]}]}, "Unique SQL Id": 3745551476, "Planner Runtime": 0}, "explain_analyze_plan": {"Plan": {"Node Type": "Sort", "Startup Cost": 699745.15, "Total Cost": 699745.15, "Plan Rows": 1, "Plan Width": 24, "Actual Min Startup Time": 4723.151, "Actual Max Startup Time": 4723.151, "Actual Min Total Time": 4723.151, "Actual Max Total Time": 4723.151, "Sort Key": ["orders.o_orderpriority"], "Sort Method": "quicksort", "Sort Space Min Used": 25, "Sort Space Max Used": 25, "Sort Space Type": "Memory", "Plans": [{"Node Type": "Aggregate", "Strategy": "Hashed", "Parent Relationship": "Outer", "Startup Cost": 699745.13, "Total Cost": 699745.14, "Plan Rows": 1, "Plan Width": 24, "Actual Min Startup Time": 4723.064, "Actual Max Startup Time": 4723.064, "Actual Min Total Time": 4723.065, "Actual Max Total Time": 4723.065, "Group By Key": ["orders.o_orderpriority"], "Plans": [{"Node Type": "Nested Loop", "Parent Relationship": "Outer", "Join Type": "Semi", "Startup Cost": 57.33, "Total Cost": 696898.08, "Plan Rows": 569410, "Plan Width": 16, "Actual Min Startup Time": 54.618, "Actual Max Startup Time": 54.618, "Actual Min Total Time": 4453.054, "Actual Max Total Time": 4453.054, "Inner Unique": false, "Plans": [{"Node Type": "Streaming(type: LOCAL GATHER dop: 1/64)", "Parent Relationship": "Outer", "Startup Cost": 57.33, "Total Cost": 82581.41, "Plan Rows": 569410, "Plan Width": 24, "Actual Min Startup Time": 54.525, "Actual Max Startup Time": 54.525, "Actual Min Total Time": 298.858, "Actual Max Total Time": 298.858, "Plans": [{"Node Type": "Seq Scan", "Parent Relationship": "Outer", "Relation Name": "orders", "Alias": "orders", "Startup Cost": 57.33, "Total Cost": 70834.55, "Plan Rows": 569410, "Plan Width": 24, "Actual Min Startup Time": 0.025, "Actual Max Startup Time": 0.064, "Actual Min Total Time": 81.072, "Actual Max Total Time": 101.188, "Filter": "((o_orderdate >= '1995-01-01 00:00:00'::timestamp(0) without time zone) AND (o_orderdate < '1995-04-01 00:00:00'::timestamp without time zone)), (LLVM Optimized, Jit Execute)", "Rows Removed by Filter": 14438388, "Actual Rows": 561612}], "Actual Rows": 561612}, {"Node Type": "Index Scan", "Parent Relationship": "Inner", "Scan Direction": "Forward", "Index Name": "idx_lineitem_orderkey", "Relation Name": "lineitem", "Alias": "lineitem", "Startup Cost": 0.0, "Total Cost": 5.41, "Plan Rows": 3, "Plan Width": 8, "Actual Min Startup Time": 3742.77, "Actual Max Startup Time": 3742.77, "Actual Min Total Time": 3742.77, "Actual Max Total Time": 3742.77, "Index Cond": "(l_orderkey = orders.o_orderkey)", "Rows Removed by Index Recheck": 0, "Filter": "(l_commitdate < l_receiptdate)", "Rows Removed by Filter": 299676, "Actual Rows": 515106}], "Actual Rows": 515106}], "Actual Rows": 5}], "Actual Rows": 5}, "Triggers": [], "Planner Runtime": 0, "Total Runtime": 4743.195, "Unique SQL Id": 3745551476}}, "(64, 17)": {"explain_plan": {"Plan": {"Node Type": "Sort", "Startup Cost": 916688.59, "Total Cost": 916688.6, "Plan Rows": 1, "Plan Width": 24, "Sort Key": ["orders.o_orderpriority"], "Plans": [{"Node Type": "Aggregate", "Strategy": "Hashed", "Parent Relationship": "Outer", "Startup Cost": 916688.57, "Total Cost": 916688.58, "Plan Rows": 1, "Plan Width": 24, "Group By Key": ["orders.o_orderpriority"], "Plans": [{"Node Type": "Nested Loop", "Parent Relationship": "Outer", "Join Type": "Semi", "Startup Cost": 14564.7, "Total Cost": 913841.52, "Plan Rows": 569410, "Plan Width": 16, "Inner Unique": false, "Plans": [{"Node Type": "Bitmap Heap Scan", "Parent Relationship": "Outer", "Relation Name": "orders", "Alias": "orders", "Startup Cost": 14564.7, "Total Cost": 299524.85, "Plan Rows": 569410, "Plan Width": 24, "Recheck Cond": "((o_orderdate >= '1995-01-01 00:00:00'::timestamp(0) without time zone) AND (o_orderdate < '1995-04-01 00:00:00'::timestamp without time zone)), (LLVM Optimized)", "Plans": [{"Node Type": "Bitmap Index Scan", "Parent Relationship": "Outer", "Index Name": "idx_orders_orderdate", "Startup Cost": 0.0, "Total Cost": 14422.35, "Plan Rows": 569410, "Plan Width": 0, "Index Cond": "((o_orderdate >= '1995-01-01 00:00:00'::timestamp(0) without time zone) AND (o_orderdate < '1995-04-01 00:00:00'::timestamp without time zone))"}]}, {"Node Type": "Index Scan", "Parent Relationship": "Inner", "Scan Direction": "Forward", "Index Name": "idx_lineitem_orderkey", "Relation Name": "lineitem", "Alias": "lineitem", "Startup Cost": 0.0, "Total Cost": 5.41, "Plan Rows": 3, "Plan Width": 8, "Index Cond": "(l_orderkey = orders.o_orderkey)", "Filter": "(l_commitdate < l_receiptdate)"}]}]}]}, "Unique SQL Id": 3745551476, "Planner Runtime": 1}, "explain_analyze_plan": {"Plan": {"Node Type": "Sort", "Startup Cost": 916688.59, "Total Cost": 916688.6, "Plan Rows": 1, "Plan Width": 24, "Actual Startup Time": 5282.088, "Actual Total Time": 5282.088, "Actual Rows": 5, "Actual Loops": 1, "Sort Key": ["orders.o_orderpriority"], "Sort Method": "quicksort", "Sort Space Used": 25, "Sort Space Type": "Memory", "Plans": [{"Node Type": "Aggregate", "Strategy": "Hashed", "Parent Relationship": "Outer", "Startup Cost": 916688.57, "Total Cost": 916688.58, "Plan Rows": 1, "Plan Width": 24, "Actual Startup Time": 5282.022, "Actual Total Time": 5282.024, "Actual Rows": 5, "Actual Loops": 1, "Group By Key": ["orders.o_orderpriority"], "Plans": [{"Node Type": "Nested Loop", "Parent Relationship": "Outer", "Join Type": "Semi", "Startup Cost": 14564.7, "Total Cost": 913841.52, "Plan Rows": 569410, "Plan Width": 16, "Actual Startup Time": 248.585, "Actual Total Time": 5001.846, "Actual Rows": 515106, "Actual Loops": 1, "Inner Unique": false, "Plans": [{"Node Type": "Bitmap Heap Scan", "Parent Relationship": "Outer", "Relation Name": "orders", "Alias": "orders", "Startup Cost": 14564.7, "Total Cost": 299524.85, "Plan Rows": 569410, "Plan Width": 24, "Actual Startup Time": 248.504, "Actual Total Time": 1075.41, "Actual Rows": 561612, "Actual Loops": 1, "Recheck Cond": "((o_orderdate >= '1995-01-01 00:00:00'::timestamp(0) without time zone) AND (o_orderdate < '1995-04-01 00:00:00'::timestamp without time zone)), (LLVM Optimized, Jit Execute)", "Rows Removed by Index Recheck": 0, "Exact Heap Blocks": 241676, "Lossy Heap Blocks": 241676, "Plans": [{"Node Type": "Bitmap Index Scan", "Parent Relationship": "Outer", "Index Name": "idx_orders_orderdate", "Startup Cost": 0.0, "Total Cost": 14422.35, "Plan Rows": 569410, "Plan Width": 0, "Actual Startup Time": 173.471, "Actual Total Time": 173.471, "Actual Rows": 561612, "Actual Loops": 1, "Index Cond": "((o_orderdate >= '1995-01-01 00:00:00'::timestamp(0) without time zone) AND (o_orderdate < '1995-04-01 00:00:00'::timestamp without time zone))"}]}, {"Node Type": "Index Scan", "Parent Relationship": "Inner", "Scan Direction": "Forward", "Index Name": "idx_lineitem_orderkey", "Relation Name": "lineitem", "Alias": "lineitem", "Startup Cost": 0.0, "Total Cost": 5.41, "Plan Rows": 3, "Plan Width": 8, "Actual Startup Time": 3512.894, "Actual Total Time": 3512.894, "Actual Rows": 515106, "Actual Loops": 561612, "Index Cond": "(l_orderkey = orders.o_orderkey)", "Rows Removed by Index Recheck": 0, "Filter": "(l_commitdate < l_receiptdate)", "Rows Removed by Filter": 299676}]}]}]}, "Triggers": [], "Planner Runtime": 0, "Total Runtime": 5291.829, "Unique SQL Id": 3745551476}}, "(64, 18)": {"explain_plan": {"Plan": {"Node Type": "Sort", "Startup Cost": 2564698.92, "Total Cost": 2564698.92, "Plan Rows": 1, "Plan Width": 24, "Sort Key": ["orders.o_orderpriority"], "Plans": [{"Node Type": "Aggregate", "Strategy": "Hashed", "Parent Relationship": "Outer", "Startup Cost": 2564698.9, "Total Cost": 2564698.91, "Plan Rows": 1, "Plan Width": 24, "Group By Key": ["orders.o_orderpriority"], "Plans": [{"Node Type": "Nested Loop", "Parent Relationship": "Outer", "Join Type": "Semi", "Startup Cost": 59.27, "Total Cost": 2561851.85, "Plan Rows": 569410, "Plan Width": 16, "Inner Unique": false, "Plans": [{"Node Type": "Streaming(type: LOCAL GATHER dop: 1/64)", "Parent Relationship": "Outer", "Startup Cost": 57.33, "Total Cost": 82581.41, "Plan Rows": 569410, "Plan Width": 24, "Plans": [{"Node Type": "Seq Scan", "Parent Relationship": "Outer", "Relation Name": "orders", "Alias": "orders", "Startup Cost": 57.33, "Total Cost": 70834.55, "Plan Rows": 569410, "Plan Width": 24, "Filter": "((o_orderdate >= '1995-01-01 00:00:00'::timestamp(0) without time zone) AND (o_orderdate < '1995-04-01 00:00:00'::timestamp without time zone)), (LLVM Optimized)"}]}, {"Node Type": "Bitmap Heap Scan", "Parent Relationship": "Inner", "Relation Name": "lineitem", "Alias": "lineitem", "Startup Cost": 1.94, "Total Cost": 14.06, "Plan Rows": 3, "Plan Width": 8, "Recheck Cond": "(l_orderkey = orders.o_orderkey)", "Filter": "(l_commitdate < l_receiptdate)", "Plans": [{"Node Type": "Bitmap Index Scan", "Parent Relationship": "Outer", "Index Name": "idx_lineitem_orderkey", "Startup Cost": 0.0, "Total Cost": 1.94, "Plan Rows": 9, "Plan Width": 0, "Index Cond": "(l_orderkey = orders.o_orderkey)"}]}]}]}]}, "Unique SQL Id": 3745551476, "Planner Runtime": 0}, "explain_analyze_plan": {"Plan": {"Node Type": "Sort", "Startup Cost": 2564698.92, "Total Cost": 2564698.92, "Plan Rows": 1, "Plan Width": 24, "Actual Min Startup Time": 6284.1, "Actual Max Startup Time": 6284.1, "Actual Min Total Time": 6284.1, "Actual Max Total Time": 6284.1, "Sort Key": ["orders.o_orderpriority"], "Sort Method": "quicksort", "Sort Space Min Used": 25, "Sort Space Max Used": 25, "Sort Space Type": "Memory", "Plans": [{"Node Type": "Aggregate", "Strategy": "Hashed", "Parent Relationship": "Outer", "Startup Cost": 2564698.9, "Total Cost": 2564698.91, "Plan Rows": 1, "Plan Width": 24, "Actual Min Startup Time": 6284.044, "Actual Max Startup Time": 6284.044, "Actual Min Total Time": 6284.045, "Actual Max Total Time": 6284.045, "Group By Key": ["orders.o_orderpriority"], "Plans": [{"Node Type": "Nested Loop", "Parent Relationship": "Outer", "Join Type": "Semi", "Startup Cost": 59.27, "Total Cost": 2561851.85, "Plan Rows": 569410, "Plan Width": 16, "Actual Min Startup Time": 63.093, "Actual Max Startup Time": 63.093, "Actual Min Total Time": 5991.965, "Actual Max Total Time": 5991.965, "Inner Unique": false, "Plans": [{"Node Type": "Streaming(type: LOCAL GATHER dop: 1/64)", "Parent Relationship": "Outer", "Startup Cost": 57.33, "Total Cost": 82581.41, "Plan Rows": 569410, "Plan Width": 24, "Actual Min Startup Time": 63.008, "Actual Max Startup Time": 63.008, "Actual Min Total Time": 328.844, "Actual Max Total Time": 328.844, "Plans": [{"Node Type": "Seq Scan", "Parent Relationship": "Outer", "Relation Name": "orders", "Alias": "orders", "Startup Cost": 57.33, "Total Cost": 70834.55, "Plan Rows": 569410, "Plan Width": 24, "Actual Min Startup Time": 0.027, "Actual Max Startup Time": 0.068, "Actual Min Total Time": 81.88, "Actual Max Total Time": 104.775, "Filter": "((o_orderdate >= '1995-01-01 00:00:00'::timestamp(0) without time zone) AND (o_orderdate < '1995-04-01 00:00:00'::timestamp without time zone)), (LLVM Optimized, Jit Execute)", "Rows Removed by Filter": 14438388, "Actual Rows": 561612}], "Actual Rows": 561612}, {"Node Type": "Bitmap Heap Scan", "Parent Relationship": "Inner", "Relation Name": "lineitem", "Alias": "lineitem", "Startup Cost": 1.94, "Total Cost": 14.06, "Plan Rows": 3, "Plan Width": 8, "Actual Min Startup Time": 4914.22, "Actual Max Startup Time": 4914.22, "Actual Min Total Time": 4914.22, "Actual Max Total Time": 4914.22, "Recheck Cond": "(l_orderkey = orders.o_orderkey)", "Rows Removed by Index Recheck": 0, "Filter": "(l_commitdate < l_receiptdate)", "Rows Removed by Filter": 299676, "Exact Heap Blocks": 567798, "Lossy Heap Blocks": 567798, "Plans": [{"Node Type": "Bitmap Index Scan", "Parent Relationship": "Outer", "Index Name": "idx_lineitem_orderkey", "Startup Cost": 0.0, "Total Cost": 1.94, "Plan Rows": 9, "Plan Width": 0, "Actual Min Startup Time": 2442.712, "Actual Max Startup Time": 2442.712, "Actual Min Total Time": 2442.712, "Actual Max Total Time": 2442.712, "Index Cond": "(l_orderkey = orders.o_orderkey)", "Actual Rows": 2246588}], "Actual Rows": 515106}], "Actual Rows": 515106}], "Actual Rows": 5}], "Actual Rows": 5}, "Triggers": [], "Planner Runtime": 0, "Total Runtime": 6316.305, "Unique SQL Id": 3745551476}}, "(64, 19)": {"explain_plan": {"Plan": {"Node Type": "Sort", "Startup Cost": 2781642.36, "Total Cost": 2781642.36, "Plan Rows": 1, "Plan Width": 24, "Sort Key": ["orders.o_orderpriority"], "Plans": [{"Node Type": "Aggregate", "Strategy": "Hashed", "Parent Relationship": "Outer", "Startup Cost": 2781642.34, "Total Cost": 2781642.35, "Plan Rows": 1, "Plan Width": 24, "Group By Key": ["orders.o_orderpriority"], "Plans": [{"Node Type": "Nested Loop", "Parent Relationship": "Outer", "Join Type": "Semi", "Startup Cost": 14566.65, "Total Cost": 2778795.29, "Plan Rows": 569410, "Plan Width": 16, "Inner Unique": false, "Plans": [{"Node Type": "Bitmap Heap Scan", "Parent Relationship": "Outer", "Relation Name": "orders", "Alias": "orders", "Startup Cost": 14564.7, "Total Cost": 299524.85, "Plan Rows": 569410, "Plan Width": 24, "Recheck Cond": "((o_orderdate >= '1995-01-01 00:00:00'::timestamp(0) without time zone) AND (o_orderdate < '1995-04-01 00:00:00'::timestamp without time zone)), (LLVM Optimized)", "Plans": [{"Node Type": "Bitmap Index Scan", "Parent Relationship": "Outer", "Index Name": "idx_orders_orderdate", "Startup Cost": 0.0, "Total Cost": 14422.35, "Plan Rows": 569410, "Plan Width": 0, "Index Cond": "((o_orderdate >= '1995-01-01 00:00:00'::timestamp(0) without time zone) AND (o_orderdate < '1995-04-01 00:00:00'::timestamp without time zone))"}]}, {"Node Type": "Bitmap Heap Scan", "Parent Relationship": "Inner", "Relation Name": "lineitem", "Alias": "lineitem", "Startup Cost": 1.94, "Total Cost": 14.06, "Plan Rows": 3, "Plan Width": 8, "Recheck Cond": "(l_orderkey = orders.o_orderkey)", "Filter": "(l_commitdate < l_receiptdate)", "Plans": [{"Node Type": "Bitmap Index Scan", "Parent Relationship": "Outer", "Index Name": "idx_lineitem_orderkey", "Startup Cost": 0.0, "Total Cost": 1.94, "Plan Rows": 9, "Plan Width": 0, "Index Cond": "(l_orderkey = orders.o_orderkey)"}]}]}]}]}, "Unique SQL Id": 3745551476, "Planner Runtime": 1}, "explain_analyze_plan": {"Plan": {"Node Type": "Sort", "Startup Cost": 2781642.36, "Total Cost": 2781642.36, "Plan Rows": 1, "Plan Width": 24, "Actual Startup Time": 6948.197, "Actual Total Time": 6948.197, "Actual Rows": 5, "Actual Loops": 1, "Sort Key": ["orders.o_orderpriority"], "Sort Method": "quicksort", "Sort Space Used": 25, "Sort Space Type": "Memory", "Plans": [{"Node Type": "Aggregate", "Strategy": "Hashed", "Parent Relationship": "Outer", "Startup Cost": 2781642.34, "Total Cost": 2781642.35, "Plan Rows": 1, "Plan Width": 24, "Actual Startup Time": 6948.154, "Actual Total Time": 6948.156, "Actual Rows": 5, "Actual Loops": 1, "Group By Key": ["orders.o_orderpriority"], "Plans": [{"Node Type": "Nested Loop", "Parent Relationship": "Outer", "Join Type": "Semi", "Startup Cost": 14566.65, "Total Cost": 2778795.29, "Plan Rows": 569410, "Plan Width": 16, "Actual Startup Time": 242.485, "Actual Total Time": 6627.026, "Actual Rows": 515106, "Actual Loops": 1, "Inner Unique": false, "Plans": [{"Node Type": "Bitmap Heap Scan", "Parent Relationship": "Outer", "Relation Name": "orders", "Alias": "orders", "Startup Cost": 14564.7, "Total Cost": 299524.85, "Plan Rows": 569410, "Plan Width": 24, "Actual Startup Time": 242.383, "Actual Total Time": 1045.457, "Actual Rows": 561612, "Actual Loops": 1, "Recheck Cond": "((o_orderdate >= '1995-01-01 00:00:00'::timestamp(0) without time zone) AND (o_orderdate < '1995-04-01 00:00:00'::timestamp without time zone)), (LLVM Optimized, Jit Execute)", "Rows Removed by Index Recheck": 0, "Exact Heap Blocks": 241676, "Lossy Heap Blocks": 241676, "Plans": [{"Node Type": "Bitmap Index Scan", "Parent Relationship": "Outer", "Index Name": "idx_orders_orderdate", "Startup Cost": 0.0, "Total Cost": 14422.35, "Plan Rows": 569410, "Plan Width": 0, "Actual Startup Time": 166.951, "Actual Total Time": 166.951, "Actual Rows": 561612, "Actual Loops": 1, "Index Cond": "((o_orderdate >= '1995-01-01 00:00:00'::timestamp(0) without time zone) AND (o_orderdate < '1995-04-01 00:00:00'::timestamp without time zone))"}]}, {"Node Type": "Bitmap Heap Scan", "Parent Relationship": "Inner", "Relation Name": "lineitem", "Alias": "lineitem", "Startup Cost": 1.94, "Total Cost": 14.06, "Plan Rows": 3, "Plan Width": 8, "Actual Startup Time": 4824.463, "Actual Total Time": 4824.463, "Actual Rows": 515106, "Actual Loops": 561612, "Recheck Cond": "(l_orderkey = orders.o_orderkey)", "Rows Removed by Index Recheck": 0, "Filter": "(l_commitdate < l_receiptdate)", "Rows Removed by Filter": 299676, "Exact Heap Blocks": 567798, "Lossy Heap Blocks": 567798, "Plans": [{"Node Type": "Bitmap Index Scan", "Parent Relationship": "Outer", "Index Name": "idx_lineitem_orderkey", "Startup Cost": 0.0, "Total Cost": 1.94, "Plan Rows": 9, "Plan Width": 0, "Actual Startup Time": 2446.908, "Actual Total Time": 2446.908, "Actual Rows": 2246588, "Actual Loops": 561612, "Index Cond": "(l_orderkey = orders.o_orderkey)"}]}]}]}]}, "Triggers": [], "Planner Runtime": 0, "Total Runtime": 6961.186, "Unique SQL Id": 3745551476}}, "(64, 20)": {"explain_plan": {"Plan": {"Node Type": "Sort", "Startup Cost": 699745.15, "Total Cost": 699745.15, "Plan Rows": 1, "Plan Width": 24, "Sort Key": ["orders.o_orderpriority"], "Plans": [{"Node Type": "Aggregate", "Strategy": "Hashed", "Parent Relationship": "Outer", "Startup Cost": 699745.13, "Total Cost": 699745.14, "Plan Rows": 1, "Plan Width": 24, "Group By Key": ["orders.o_orderpriority"], "Plans": [{"Node Type": "Nested Loop", "Parent Relationship": "Outer", "Join Type": "Semi", "Startup Cost": 57.33, "Total Cost": 696898.08, "Plan Rows": 569410, "Plan Width": 16, "Inner Unique": false, "Plans": [{"Node Type": "Streaming(type: LOCAL GATHER dop: 1/64)", "Parent Relationship": "Outer", "Startup Cost": 57.33, "Total Cost": 82581.41, "Plan Rows": 569410, "Plan Width": 24, "Plans": [{"Node Type": "Seq Scan", "Parent Relationship": "Outer", "Relation Name": "orders", "Alias": "orders", "Startup Cost": 57.33, "Total Cost": 70834.55, "Plan Rows": 569410, "Plan Width": 24, "Filter": "((o_orderdate >= '1995-01-01 00:00:00'::timestamp(0) without time zone) AND (o_orderdate < '1995-04-01 00:00:00'::timestamp without time zone)), (LLVM Optimized)"}]}, {"Node Type": "Index Scan", "Parent Relationship": "Inner", "Scan Direction": "Forward", "Index Name": "idx_lineitem_orderkey", "Relation Name": "lineitem", "Alias": "lineitem", "Startup Cost": 0.0, "Total Cost": 5.41, "Plan Rows": 3, "Plan Width": 8, "Index Cond": "(l_orderkey = orders.o_orderkey)", "Filter": "(l_commitdate < l_receiptdate)"}]}]}]}, "Unique SQL Id": 3745551476, "Planner Runtime": 1}, "explain_analyze_plan": {"Plan": {"Node Type": "Sort", "Startup Cost": 699745.15, "Total Cost": 699745.15, "Plan Rows": 1, "Plan Width": 24, "Actual Min Startup Time": 4723.151, "Actual Max Startup Time": 4723.151, "Actual Min Total Time": 4723.151, "Actual Max Total Time": 4723.151, "Sort Key": ["orders.o_orderpriority"], "Sort Method": "quicksort", "Sort Space Min Used": 25, "Sort Space Max Used": 25, "Sort Space Type": "Memory", "Plans": [{"Node Type": "Aggregate", "Strategy": "Hashed", "Parent Relationship": "Outer", "Startup Cost": 699745.13, "Total Cost": 699745.14, "Plan Rows": 1, "Plan Width": 24, "Actual Min Startup Time": 4723.064, "Actual Max Startup Time": 4723.064, "Actual Min Total Time": 4723.065, "Actual Max Total Time": 4723.065, "Group By Key": ["orders.o_orderpriority"], "Plans": [{"Node Type": "Nested Loop", "Parent Relationship": "Outer", "Join Type": "Semi", "Startup Cost": 57.33, "Total Cost": 696898.08, "Plan Rows": 569410, "Plan Width": 16, "Actual Min Startup Time": 54.618, "Actual Max Startup Time": 54.618, "Actual Min Total Time": 4453.054, "Actual Max Total Time": 4453.054, "Inner Unique": false, "Plans": [{"Node Type": "Streaming(type: LOCAL GATHER dop: 1/64)", "Parent Relationship": "Outer", "Startup Cost": 57.33, "Total Cost": 82581.41, "Plan Rows": 569410, "Plan Width": 24, "Actual Min Startup Time": 54.525, "Actual Max Startup Time": 54.525, "Actual Min Total Time": 298.858, "Actual Max Total Time": 298.858, "Plans": [{"Node Type": "Seq Scan", "Parent Relationship": "Outer", "Relation Name": "orders", "Alias": "orders", "Startup Cost": 57.33, "Total Cost": 70834.55, "Plan Rows": 569410, "Plan Width": 24, "Actual Min Startup Time": 0.025, "Actual Max Startup Time": 0.064, "Actual Min Total Time": 81.072, "Actual Max Total Time": 101.188, "Filter": "((o_orderdate >= '1995-01-01 00:00:00'::timestamp(0) without time zone) AND (o_orderdate < '1995-04-01 00:00:00'::timestamp without time zone)), (LLVM Optimized, Jit Execute)", "Rows Removed by Filter": 14438388, "Actual Rows": 561612}], "Actual Rows": 561612}, {"Node Type": "Index Scan", "Parent Relationship": "Inner", "Scan Direction": "Forward", "Index Name": "idx_lineitem_orderkey", "Relation Name": "lineitem", "Alias": "lineitem", "Startup Cost": 0.0, "Total Cost": 5.41, "Plan Rows": 3, "Plan Width": 8, "Actual Min Startup Time": 3742.77, "Actual Max Startup Time": 3742.77, "Actual Min Total Time": 3742.77, "Actual Max Total Time": 3742.77, "Index Cond": "(l_orderkey = orders.o_orderkey)", "Rows Removed by Index Recheck": 0, "Filter": "(l_commitdate < l_receiptdate)", "Rows Removed by Filter": 299676, "Actual Rows": 515106}], "Actual Rows": 515106}], "Actual Rows": 5}], "Actual Rows": 5}, "Triggers": [], "Planner Runtime": 0, "Total Runtime": 4743.195, "Unique SQL Id": 3745551476}}, "(64, 21)": {"explain_plan": {"Plan": {"Node Type": "Sort", "Startup Cost": 916688.59, "Total Cost": 916688.6, "Plan Rows": 1, "Plan Width": 24, "Sort Key": ["orders.o_orderpriority"], "Plans": [{"Node Type": "Aggregate", "Strategy": "Hashed", "Parent Relationship": "Outer", "Startup Cost": 916688.57, "Total Cost": 916688.58, "Plan Rows": 1, "Plan Width": 24, "Group By Key": ["orders.o_orderpriority"], "Plans": [{"Node Type": "Nested Loop", "Parent Relationship": "Outer", "Join Type": "Semi", "Startup Cost": 14564.7, "Total Cost": 913841.52, "Plan Rows": 569410, "Plan Width": 16, "Inner Unique": false, "Plans": [{"Node Type": "Bitmap Heap Scan", "Parent Relationship": "Outer", "Relation Name": "orders", "Alias": "orders", "Startup Cost": 14564.7, "Total Cost": 299524.85, "Plan Rows": 569410, "Plan Width": 24, "Recheck Cond": "((o_orderdate >= '1995-01-01 00:00:00'::timestamp(0) without time zone) AND (o_orderdate < '1995-04-01 00:00:00'::timestamp without time zone)), (LLVM Optimized)", "Plans": [{"Node Type": "Bitmap Index Scan", "Parent Relationship": "Outer", "Index Name": "idx_orders_orderdate", "Startup Cost": 0.0, "Total Cost": 14422.35, "Plan Rows": 569410, "Plan Width": 0, "Index Cond": "((o_orderdate >= '1995-01-01 00:00:00'::timestamp(0) without time zone) AND (o_orderdate < '1995-04-01 00:00:00'::timestamp without time zone))"}]}, {"Node Type": "Index Scan", "Parent Relationship": "Inner", "Scan Direction": "Forward", "Index Name": "idx_lineitem_orderkey", "Relation Name": "lineitem", "Alias": "lineitem", "Startup Cost": 0.0, "Total Cost": 5.41, "Plan Rows": 3, "Plan Width": 8, "Index Cond": "(l_orderkey = orders.o_orderkey)", "Filter": "(l_commitdate < l_receiptdate)"}]}]}]}, "Unique SQL Id": 3745551476, "Planner Runtime": 0}, "explain_analyze_plan": {"Plan": {"Node Type": "Sort", "Startup Cost": 916688.59, "Total Cost": 916688.6, "Plan Rows": 1, "Plan Width": 24, "Actual Startup Time": 5282.088, "Actual Total Time": 5282.088, "Actual Rows": 5, "Actual Loops": 1, "Sort Key": ["orders.o_orderpriority"], "Sort Method": "quicksort", "Sort Space Used": 25, "Sort Space Type": "Memory", "Plans": [{"Node Type": "Aggregate", "Strategy": "Hashed", "Parent Relationship": "Outer", "Startup Cost": 916688.57, "Total Cost": 916688.58, "Plan Rows": 1, "Plan Width": 24, "Actual Startup Time": 5282.022, "Actual Total Time": 5282.024, "Actual Rows": 5, "Actual Loops": 1, "Group By Key": ["orders.o_orderpriority"], "Plans": [{"Node Type": "Nested Loop", "Parent Relationship": "Outer", "Join Type": "Semi", "Startup Cost": 14564.7, "Total Cost": 913841.52, "Plan Rows": 569410, "Plan Width": 16, "Actual Startup Time": 248.585, "Actual Total Time": 5001.846, "Actual Rows": 515106, "Actual Loops": 1, "Inner Unique": false, "Plans": [{"Node Type": "Bitmap Heap Scan", "Parent Relationship": "Outer", "Relation Name": "orders", "Alias": "orders", "Startup Cost": 14564.7, "Total Cost": 299524.85, "Plan Rows": 569410, "Plan Width": 24, "Actual Startup Time": 248.504, "Actual Total Time": 1075.41, "Actual Rows": 561612, "Actual Loops": 1, "Recheck Cond": "((o_orderdate >= '1995-01-01 00:00:00'::timestamp(0) without time zone) AND (o_orderdate < '1995-04-01 00:00:00'::timestamp without time zone)), (LLVM Optimized, Jit Execute)", "Rows Removed by Index Recheck": 0, "Exact Heap Blocks": 241676, "Lossy Heap Blocks": 241676, "Plans": [{"Node Type": "Bitmap Index Scan", "Parent Relationship": "Outer", "Index Name": "idx_orders_orderdate", "Startup Cost": 0.0, "Total Cost": 14422.35, "Plan Rows": 569410, "Plan Width": 0, "Actual Startup Time": 173.471, "Actual Total Time": 173.471, "Actual Rows": 561612, "Actual Loops": 1, "Index Cond": "((o_orderdate >= '1995-01-01 00:00:00'::timestamp(0) without time zone) AND (o_orderdate < '1995-04-01 00:00:00'::timestamp without time zone))"}]}, {"Node Type": "Index Scan", "Parent Relationship": "Inner", "Scan Direction": "Forward", "Index Name": "idx_lineitem_orderkey", "Relation Name": "lineitem", "Alias": "lineitem", "Startup Cost": 0.0, "Total Cost": 5.41, "Plan Rows": 3, "Plan Width": 8, "Actual Startup Time": 3512.894, "Actual Total Time": 3512.894, "Actual Rows": 515106, "Actual Loops": 561612, "Index Cond": "(l_orderkey = orders.o_orderkey)", "Rows Removed by Index Recheck": 0, "Filter": "(l_commitdate < l_receiptdate)", "Rows Removed by Filter": 299676}]}]}]}, "Triggers": [], "Planner Runtime": 0, "Total Runtime": 5291.829, "Unique SQL Id": 3745551476}}, "(64, 22)": {"explain_plan": {"Plan": {"Node Type": "Sort", "Startup Cost": 2564698.92, "Total Cost": 2564698.92, "Plan Rows": 1, "Plan Width": 24, "Sort Key": ["orders.o_orderpriority"], "Plans": [{"Node Type": "Aggregate", "Strategy": "Hashed", "Parent Relationship": "Outer", "Startup Cost": 2564698.9, "Total Cost": 2564698.91, "Plan Rows": 1, "Plan Width": 24, "Group By Key": ["orders.o_orderpriority"], "Plans": [{"Node Type": "Nested Loop", "Parent Relationship": "Outer", "Join Type": "Semi", "Startup Cost": 59.27, "Total Cost": 2561851.85, "Plan Rows": 569410, "Plan Width": 16, "Inner Unique": false, "Plans": [{"Node Type": "Streaming(type: LOCAL GATHER dop: 1/64)", "Parent Relationship": "Outer", "Startup Cost": 57.33, "Total Cost": 82581.41, "Plan Rows": 569410, "Plan Width": 24, "Plans": [{"Node Type": "Seq Scan", "Parent Relationship": "Outer", "Relation Name": "orders", "Alias": "orders", "Startup Cost": 57.33, "Total Cost": 70834.55, "Plan Rows": 569410, "Plan Width": 24, "Filter": "((o_orderdate >= '1995-01-01 00:00:00'::timestamp(0) without time zone) AND (o_orderdate < '1995-04-01 00:00:00'::timestamp without time zone)), (LLVM Optimized)"}]}, {"Node Type": "Bitmap Heap Scan", "Parent Relationship": "Inner", "Relation Name": "lineitem", "Alias": "lineitem", "Startup Cost": 1.94, "Total Cost": 14.06, "Plan Rows": 3, "Plan Width": 8, "Recheck Cond": "(l_orderkey = orders.o_orderkey)", "Filter": "(l_commitdate < l_receiptdate)", "Plans": [{"Node Type": "Bitmap Index Scan", "Parent Relationship": "Outer", "Index Name": "idx_lineitem_orderkey", "Startup Cost": 0.0, "Total Cost": 1.94, "Plan Rows": 9, "Plan Width": 0, "Index Cond": "(l_orderkey = orders.o_orderkey)"}]}]}]}]}, "Unique SQL Id": 3745551476, "Planner Runtime": 0}, "explain_analyze_plan": {"Plan": {"Node Type": "Sort", "Startup Cost": 2564698.92, "Total Cost": 2564698.92, "Plan Rows": 1, "Plan Width": 24, "Actual Min Startup Time": 6284.1, "Actual Max Startup Time": 6284.1, "Actual Min Total Time": 6284.1, "Actual Max Total Time": 6284.1, "Sort Key": ["orders.o_orderpriority"], "Sort Method": "quicksort", "Sort Space Min Used": 25, "Sort Space Max Used": 25, "Sort Space Type": "Memory", "Plans": [{"Node Type": "Aggregate", "Strategy": "Hashed", "Parent Relationship": "Outer", "Startup Cost": 2564698.9, "Total Cost": 2564698.91, "Plan Rows": 1, "Plan Width": 24, "Actual Min Startup Time": 6284.044, "Actual Max Startup Time": 6284.044, "Actual Min Total Time": 6284.045, "Actual Max Total Time": 6284.045, "Group By Key": ["orders.o_orderpriority"], "Plans": [{"Node Type": "Nested Loop", "Parent Relationship": "Outer", "Join Type": "Semi", "Startup Cost": 59.27, "Total Cost": 2561851.85, "Plan Rows": 569410, "Plan Width": 16, "Actual Min Startup Time": 63.093, "Actual Max Startup Time": 63.093, "Actual Min Total Time": 5991.965, "Actual Max Total Time": 5991.965, "Inner Unique": false, "Plans": [{"Node Type": "Streaming(type: LOCAL GATHER dop: 1/64)", "Parent Relationship": "Outer", "Startup Cost": 57.33, "Total Cost": 82581.41, "Plan Rows": 569410, "Plan Width": 24, "Actual Min Startup Time": 63.008, "Actual Max Startup Time": 63.008, "Actual Min Total Time": 328.844, "Actual Max Total Time": 328.844, "Plans": [{"Node Type": "Seq Scan", "Parent Relationship": "Outer", "Relation Name": "orders", "Alias": "orders", "Startup Cost": 57.33, "Total Cost": 70834.55, "Plan Rows": 569410, "Plan Width": 24, "Actual Min Startup Time": 0.027, "Actual Max Startup Time": 0.068, "Actual Min Total Time": 81.88, "Actual Max Total Time": 104.775, "Filter": "((o_orderdate >= '1995-01-01 00:00:00'::timestamp(0) without time zone) AND (o_orderdate < '1995-04-01 00:00:00'::timestamp without time zone)), (LLVM Optimized, Jit Execute)", "Rows Removed by Filter": 14438388, "Actual Rows": 561612}], "Actual Rows": 561612}, {"Node Type": "Bitmap Heap Scan", "Parent Relationship": "Inner", "Relation Name": "lineitem", "Alias": "lineitem", "Startup Cost": 1.94, "Total Cost": 14.06, "Plan Rows": 3, "Plan Width": 8, "Actual Min Startup Time": 4914.22, "Actual Max Startup Time": 4914.22, "Actual Min Total Time": 4914.22, "Actual Max Total Time": 4914.22, "Recheck Cond": "(l_orderkey = orders.o_orderkey)", "Rows Removed by Index Recheck": 0, "Filter": "(l_commitdate < l_receiptdate)", "Rows Removed by Filter": 299676, "Exact Heap Blocks": 567798, "Lossy Heap Blocks": 567798, "Plans": [{"Node Type": "Bitmap Index Scan", "Parent Relationship": "Outer", "Index Name": "idx_lineitem_orderkey", "Startup Cost": 0.0, "Total Cost": 1.94, "Plan Rows": 9, "Plan Width": 0, "Actual Min Startup Time": 2442.712, "Actual Max Startup Time": 2442.712, "Actual Min Total Time": 2442.712, "Actual Max Total Time": 2442.712, "Index Cond": "(l_orderkey = orders.o_orderkey)", "Actual Rows": 2246588}], "Actual Rows": 515106}], "Actual Rows": 515106}], "Actual Rows": 5}], "Actual Rows": 5}, "Triggers": [], "Planner Runtime": 0, "Total Runtime": 6316.305, "Unique SQL Id": 3745551476}}, "(64, 23)": {"explain_plan": {"Plan": {"Node Type": "Sort", "Startup Cost": 2781642.36, "Total Cost": 2781642.36, "Plan Rows": 1, "Plan Width": 24, "Sort Key": ["orders.o_orderpriority"], "Plans": [{"Node Type": "Aggregate", "Strategy": "Hashed", "Parent Relationship": "Outer", "Startup Cost": 2781642.34, "Total Cost": 2781642.35, "Plan Rows": 1, "Plan Width": 24, "Group By Key": ["orders.o_orderpriority"], "Plans": [{"Node Type": "Nested Loop", "Parent Relationship": "Outer", "Join Type": "Semi", "Startup Cost": 14566.65, "Total Cost": 2778795.29, "Plan Rows": 569410, "Plan Width": 16, "Inner Unique": false, "Plans": [{"Node Type": "Bitmap Heap Scan", "Parent Relationship": "Outer", "Relation Name": "orders", "Alias": "orders", "Startup Cost": 14564.7, "Total Cost": 299524.85, "Plan Rows": 569410, "Plan Width": 24, "Recheck Cond": "((o_orderdate >= '1995-01-01 00:00:00'::timestamp(0) without time zone) AND (o_orderdate < '1995-04-01 00:00:00'::timestamp without time zone)), (LLVM Optimized)", "Plans": [{"Node Type": "Bitmap Index Scan", "Parent Relationship": "Outer", "Index Name": "idx_orders_orderdate", "Startup Cost": 0.0, "Total Cost": 14422.35, "Plan Rows": 569410, "Plan Width": 0, "Index Cond": "((o_orderdate >= '1995-01-01 00:00:00'::timestamp(0) without time zone) AND (o_orderdate < '1995-04-01 00:00:00'::timestamp without time zone))"}]}, {"Node Type": "Bitmap Heap Scan", "Parent Relationship": "Inner", "Relation Name": "lineitem", "Alias": "lineitem", "Startup Cost": 1.94, "Total Cost": 14.06, "Plan Rows": 3, "Plan Width": 8, "Recheck Cond": "(l_orderkey = orders.o_orderkey)", "Filter": "(l_commitdate < l_receiptdate)", "Plans": [{"Node Type": "Bitmap Index Scan", "Parent Relationship": "Outer", "Index Name": "idx_lineitem_orderkey", "Startup Cost": 0.0, "Total Cost": 1.94, "Plan Rows": 9, "Plan Width": 0, "Index Cond": "(l_orderkey = orders.o_orderkey)"}]}]}]}]}, "Unique SQL Id": 3745551476, "Planner Runtime": 0}, "explain_analyze_plan": {"Plan": {"Node Type": "Sort", "Startup Cost": 2781642.36, "Total Cost": 2781642.36, "Plan Rows": 1, "Plan Width": 24, "Actual Startup Time": 6948.197, "Actual Total Time": 6948.197, "Actual Rows": 5, "Actual Loops": 1, "Sort Key": ["orders.o_orderpriority"], "Sort Method": "quicksort", "Sort Space Used": 25, "Sort Space Type": "Memory", "Plans": [{"Node Type": "Aggregate", "Strategy": "Hashed", "Parent Relationship": "Outer", "Startup Cost": 2781642.34, "Total Cost": 2781642.35, "Plan Rows": 1, "Plan Width": 24, "Actual Startup Time": 6948.154, "Actual Total Time": 6948.156, "Actual Rows": 5, "Actual Loops": 1, "Group By Key": ["orders.o_orderpriority"], "Plans": [{"Node Type": "Nested Loop", "Parent Relationship": "Outer", "Join Type": "Semi", "Startup Cost": 14566.65, "Total Cost": 2778795.29, "Plan Rows": 569410, "Plan Width": 16, "Actual Startup Time": 242.485, "Actual Total Time": 6627.026, "Actual Rows": 515106, "Actual Loops": 1, "Inner Unique": false, "Plans": [{"Node Type": "Bitmap Heap Scan", "Parent Relationship": "Outer", "Relation Name": "orders", "Alias": "orders", "Startup Cost": 14564.7, "Total Cost": 299524.85, "Plan Rows": 569410, "Plan Width": 24, "Actual Startup Time": 242.383, "Actual Total Time": 1045.457, "Actual Rows": 561612, "Actual Loops": 1, "Recheck Cond": "((o_orderdate >= '1995-01-01 00:00:00'::timestamp(0) without time zone) AND (o_orderdate < '1995-04-01 00:00:00'::timestamp without time zone)), (LLVM Optimized, Jit Execute)", "Rows Removed by Index Recheck": 0, "Exact Heap Blocks": 241676, "Lossy Heap Blocks": 241676, "Plans": [{"Node Type": "Bitmap Index Scan", "Parent Relationship": "Outer", "Index Name": "idx_orders_orderdate", "Startup Cost": 0.0, "Total Cost": 14422.35, "Plan Rows": 569410, "Plan Width": 0, "Actual Startup Time": 166.951, "Actual Total Time": 166.951, "Actual Rows": 561612, "Actual Loops": 1, "Index Cond": "((o_orderdate >= '1995-01-01 00:00:00'::timestamp(0) without time zone) AND (o_orderdate < '1995-04-01 00:00:00'::timestamp without time zone))"}]}, {"Node Type": "Bitmap Heap Scan", "Parent Relationship": "Inner", "Relation Name": "lineitem", "Alias": "lineitem", "Startup Cost": 1.94, "Total Cost": 14.06, "Plan Rows": 3, "Plan Width": 8, "Actual Startup Time": 4824.463, "Actual Total Time": 4824.463, "Actual Rows": 515106, "Actual Loops": 561612, "Recheck Cond": "(l_orderkey = orders.o_orderkey)", "Rows Removed by Index Recheck": 0, "Filter": "(l_commitdate < l_receiptdate)", "Rows Removed by Filter": 299676, "Exact Heap Blocks": 567798, "Lossy Heap Blocks": 567798, "Plans": [{"Node Type": "Bitmap Index Scan", "Parent Relationship": "Outer", "Index Name": "idx_lineitem_orderkey", "Startup Cost": 0.0, "Total Cost": 1.94, "Plan Rows": 9, "Plan Width": 0, "Actual Startup Time": 2446.908, "Actual Total Time": 2446.908, "Actual Rows": 2246588, "Actual Loops": 561612, "Index Cond": "(l_orderkey = orders.o_orderkey)"}]}]}]}]}, "Triggers": [], "Planner Runtime": 0, "Total Runtime": 6961.186, "Unique SQL Id": 3745551476}}, "(64, 24)": {"explain_plan": {"Plan": {"Node Type": "Sort", "Startup Cost": 699745.15, "Total Cost": 699745.15, "Plan Rows": 1, "Plan Width": 24, "Sort Key": ["orders.o_orderpriority"], "Plans": [{"Node Type": "Aggregate", "Strategy": "Hashed", "Parent Relationship": "Outer", "Startup Cost": 699745.13, "Total Cost": 699745.14, "Plan Rows": 1, "Plan Width": 24, "Group By Key": ["orders.o_orderpriority"], "Plans": [{"Node Type": "Nested Loop", "Parent Relationship": "Outer", "Join Type": "Semi", "Startup Cost": 57.33, "Total Cost": 696898.08, "Plan Rows": 569410, "Plan Width": 16, "Inner Unique": false, "Plans": [{"Node Type": "Streaming(type: LOCAL GATHER dop: 1/64)", "Parent Relationship": "Outer", "Startup Cost": 57.33, "Total Cost": 82581.41, "Plan Rows": 569410, "Plan Width": 24, "Plans": [{"Node Type": "Seq Scan", "Parent Relationship": "Outer", "Relation Name": "orders", "Alias": "orders", "Startup Cost": 57.33, "Total Cost": 70834.55, "Plan Rows": 569410, "Plan Width": 24, "Filter": "((o_orderdate >= '1995-01-01 00:00:00'::timestamp(0) without time zone) AND (o_orderdate < '1995-04-01 00:00:00'::timestamp without time zone)), (LLVM Optimized)"}]}, {"Node Type": "Index Scan", "Parent Relationship": "Inner", "Scan Direction": "Forward", "Index Name": "idx_lineitem_orderkey", "Relation Name": "lineitem", "Alias": "lineitem", "Startup Cost": 0.0, "Total Cost": 5.41, "Plan Rows": 3, "Plan Width": 8, "Index Cond": "(l_orderkey = orders.o_orderkey)", "Filter": "(l_commitdate < l_receiptdate)"}]}]}]}, "Unique SQL Id": 3745551476, "Planner Runtime": 0}, "explain_analyze_plan": {"Plan": {"Node Type": "Sort", "Startup Cost": 699745.15, "Total Cost": 699745.15, "Plan Rows": 1, "Plan Width": 24, "Actual Min Startup Time": 4723.151, "Actual Max Startup Time": 4723.151, "Actual Min Total Time": 4723.151, "Actual Max Total Time": 4723.151, "Sort Key": ["orders.o_orderpriority"], "Sort Method": "quicksort", "Sort Space Min Used": 25, "Sort Space Max Used": 25, "Sort Space Type": "Memory", "Plans": [{"Node Type": "Aggregate", "Strategy": "Hashed", "Parent Relationship": "Outer", "Startup Cost": 699745.13, "Total Cost": 699745.14, "Plan Rows": 1, "Plan Width": 24, "Actual Min Startup Time": 4723.064, "Actual Max Startup Time": 4723.064, "Actual Min Total Time": 4723.065, "Actual Max Total Time": 4723.065, "Group By Key": ["orders.o_orderpriority"], "Plans": [{"Node Type": "Nested Loop", "Parent Relationship": "Outer", "Join Type": "Semi", "Startup Cost": 57.33, "Total Cost": 696898.08, "Plan Rows": 569410, "Plan Width": 16, "Actual Min Startup Time": 54.618, "Actual Max Startup Time": 54.618, "Actual Min Total Time": 4453.054, "Actual Max Total Time": 4453.054, "Inner Unique": false, "Plans": [{"Node Type": "Streaming(type: LOCAL GATHER dop: 1/64)", "Parent Relationship": "Outer", "Startup Cost": 57.33, "Total Cost": 82581.41, "Plan Rows": 569410, "Plan Width": 24, "Actual Min Startup Time": 54.525, "Actual Max Startup Time": 54.525, "Actual Min Total Time": 298.858, "Actual Max Total Time": 298.858, "Plans": [{"Node Type": "Seq Scan", "Parent Relationship": "Outer", "Relation Name": "orders", "Alias": "orders", "Startup Cost": 57.33, "Total Cost": 70834.55, "Plan Rows": 569410, "Plan Width": 24, "Actual Min Startup Time": 0.025, "Actual Max Startup Time": 0.064, "Actual Min Total Time": 81.072, "Actual Max Total Time": 101.188, "Filter": "((o_orderdate >= '1995-01-01 00:00:00'::timestamp(0) without time zone) AND (o_orderdate < '1995-04-01 00:00:00'::timestamp without time zone)), (LLVM Optimized, Jit Execute)", "Rows Removed by Filter": 14438388, "Actual Rows": 561612}], "Actual Rows": 561612}, {"Node Type": "Index Scan", "Parent Relationship": "Inner", "Scan Direction": "Forward", "Index Name": "idx_lineitem_orderkey", "Relation Name": "lineitem", "Alias": "lineitem", "Startup Cost": 0.0, "Total Cost": 5.41, "Plan Rows": 3, "Plan Width": 8, "Actual Min Startup Time": 3742.77, "Actual Max Startup Time": 3742.77, "Actual Min Total Time": 3742.77, "Actual Max Total Time": 3742.77, "Index Cond": "(l_orderkey = orders.o_orderkey)", "Rows Removed by Index Recheck": 0, "Filter": "(l_commitdate < l_receiptdate)", "Rows Removed by Filter": 299676, "Actual Rows": 515106}], "Actual Rows": 515106}], "Actual Rows": 5}], "Actual Rows": 5}, "Triggers": [], "Planner Runtime": 0, "Total Runtime": 4743.195, "Unique SQL Id": 3745551476}}, "(64, 25)": {"explain_plan": {"Plan": {"Node Type": "Sort", "Startup Cost": 1276409.75, "Total Cost": 1276409.75, "Plan Rows": 1, "Plan Width": 24, "Sort Key": ["orders.o_orderpriority"], "Plans": [{"Node Type": "Aggregate", "Strategy": "Hashed", "Parent Relationship": "Outer", "Startup Cost": 1276409.73, "Total Cost": 1276409.74, "Plan Rows": 1, "Plan Width": 24, "Group By Key": ["orders.o_orderpriority"], "Plans": [{"Node Type": "Nested Loop", "Parent Relationship": "Outer", "Join Type": "Semi", "Startup Cost": 0.0, "Total Cost": 1273562.68, "Plan Rows": 569410, "Plan Width": 16, "Inner Unique": false, "Plans": [{"Node Type": "Streaming(type: LOCAL GATHER dop: 1/64)", "Parent Relationship": "Outer", "Startup Cost": 0.0, "Total Cost": 659246.01, "Plan Rows": 569410, "Plan Width": 24, "Plans": [{"Node Type": "Index Scan", "Parent Relationship": "Outer", "Scan Direction": "Forward", "Index Name": "orders_pkey", "Relation Name": "orders", "Alias": "orders", "Startup Cost": 0.0, "Total Cost": 647499.15, "Plan Rows": 569410, "Plan Width": 24, "Filter": "((o_orderdate >= '1995-01-01 00:00:00'::timestamp(0) without time zone) AND (o_orderdate < '1995-04-01 00:00:00'::timestamp without time zone)), (LLVM Optimized)"}]}, {"Node Type": "Index Scan", "Parent Relationship": "Inner", "Scan Direction": "Forward", "Index Name": "idx_lineitem_orderkey", "Relation Name": "lineitem", "Alias": "lineitem", "Startup Cost": 0.0, "Total Cost": 5.41, "Plan Rows": 3, "Plan Width": 8, "Index Cond": "(l_orderkey = orders.o_orderkey)", "Filter": "(l_commitdate < l_receiptdate)"}]}]}]}, "Unique SQL Id": 3745551476, "Planner Runtime": 0}, "explain_analyze_plan": {"Plan": {"Node Type": "Sort", "Startup Cost": 1276409.75, "Total Cost": 1276409.75, "Plan Rows": 1, "Plan Width": 24, "Actual Min Startup Time": 5114.034, "Actual Max Startup Time": 5114.034, "Actual Min Total Time": 5114.035, "Actual Max Total Time": 5114.035, "Sort Key": ["orders.o_orderpriority"], "Sort Method": "quicksort", "Sort Space Min Used": 25, "Sort Space Max Used": 25, "Sort Space Type": "Memory", "Plans": [{"Node Type": "Aggregate", "Strategy": "Hashed", "Parent Relationship": "Outer", "Startup Cost": 1276409.73, "Total Cost": 1276409.74, "Plan Rows": 1, "Plan Width": 24, "Actual Min Startup Time": 5113.908, "Actual Max Startup Time": 5113.908, "Actual Min Total Time": 5113.916, "Actual Max Total Time": 5113.916, "Group By Key": ["orders.o_orderpriority"], "Plans": [{"Node Type": "Nested Loop", "Parent Relationship": "Outer", "Join Type": "Semi", "Startup Cost": 0.0, "Total Cost": 1273562.68, "Plan Rows": 569410, "Plan Width": 16, "Actual Min Startup Time": 280.535, "Actual Max Startup Time": 280.535, "Actual Min Total Time": 4847.659, "Actual Max Total Time": 4847.659, "Inner Unique": false, "Plans": [{"Node Type": "Streaming(type: LOCAL GATHER dop: 1/64)", "Parent Relationship": "Outer", "Startup Cost": 0.0, "Total Cost": 659246.01, "Plan Rows": 569410, "Plan Width": 24, "Actual Min Startup Time": 280.478, "Actual Max Startup Time": 280.478, "Actual Min Total Time": 562.974, "Actual Max Total Time": 562.974, "Plans": [{"Node Type": "Index Scan", "Parent Relationship": "Outer", "Scan Direction": "Forward", "Index Name": "orders_pkey", "Relation Name": "orders", "Alias": "orders", "Startup Cost": 0.0, "Total Cost": 647499.15, "Plan Rows": 569410, "Plan Width": 24, "Actual Min Startup Time": 84.099, "Actual Max Startup Time": 223.605, "Actual Min Total Time": 231.947, "Actual Max Total Time": 372.383, "Filter": "((o_orderdate >= '1995-01-01 00:00:00'::timestamp(0) without time zone) AND (o_orderdate < '1995-04-01 00:00:00'::timestamp without time zone)), (LLVM Optimized, Jit Execute)", "Rows Removed by Filter": 14438388, "Actual Rows": 561612}], "Actual Rows": 561612}, {"Node Type": "Index Scan", "Parent Relationship": "Inner", "Scan Direction": "Forward", "Index Name": "idx_lineitem_orderkey", "Relation Name": "lineitem", "Alias": "lineitem", "Startup Cost": 0.0, "Total Cost": 5.41, "Plan Rows": 3, "Plan Width": 8, "Actual Min Startup Time": 3869.73, "Actual Max Startup Time": 3869.73, "Actual Min Total Time": 3869.73, "Actual Max Total Time": 3869.73, "Index Cond": "(l_orderkey = orders.o_orderkey)", "Rows Removed by Index Recheck": 0, "Filter": "(l_commitdate < l_receiptdate)", "Rows Removed by Filter": 299676, "Actual Rows": 515106}], "Actual Rows": 515106}], "Actual Rows": 5}], "Actual Rows": 5}, "Triggers": [], "Planner Runtime": 0, "Total Runtime": 5134.044, "Unique SQL Id": 3745551476}}, "(64, 26)": {"explain_plan": {"Plan": {"Node Type": "Sort", "Startup Cost": 4917270.86, "Total Cost": 4917270.87, "Plan Rows": 1, "Plan Width": 24, "Sort Key": ["orders.o_orderpriority"], "Plans": [{"Node Type": "Streaming(type: LOCAL GATHER dop: 1/64)", "Parent Relationship": "Outer", "Startup Cost": 4917270.85, "Total Cost": 4917270.85, "Plan Rows": 1, "Plan Width": 24, "Plans": [{"Node Type": "Aggregate", "Strategy": "Hashed", "Parent Relationship": "Outer", "Startup Cost": 4917270.85, "Total Cost": 4917270.85, "Plan Rows": 1, "Plan Width": 24, "Group By Key": ["orders.o_orderpriority"], "Plans": [{"Node Type": "Streaming(type: LOCAL REDISTRIBUTE dop: 64/64)", "Parent Relationship": "Outer", "Startup Cost": 4917270.82, "Total Cost": 4917270.85, "Plan Rows": 1, "Plan Width": 24, "Plans": [{"Node Type": "Aggregate", "Strategy": "Hashed", "Parent Relationship": "Outer", "Startup Cost": 4917270.82, "Total Cost": 4917270.82, "Plan Rows": 1, "Plan Width": 24, "Group By Key": ["orders.o_orderpriority"], "Plans": [{"Node Type": "Nested Loop", "Parent Relationship": "Outer", "Join Type": "Inner", "Startup Cost": 168603.73, "Total Cost": 4917226.33, "Plan Rows": 569410, "Plan Width": 16, "Inner Unique": true, "Join Filter": "(orders.o_orderkey = lineitem.l_orderkey), (LLVM Optimized)", "Plans": [{"Node Type": "Aggregate", "Strategy": "Hashed", "Parent Relationship": "Outer", "Startup Cost": 163126.76, "Total Cost": 163470.87, "Plan Rows": 2202268, "Plan Width": 8, "Group By Key": ["lineitem.l_orderkey"], "Plans": [{"Node Type": "Streaming(type: LOCAL REDISTRIBUTE dop: 64/64)", "Parent Relationship": "Outer", "Startup Cost": 97610.5, "Total Cost": 163040.74, "Plan Rows": 2202268, "Plan Width": 8, "Plans": [{"Node Type": "Aggregate", "Strategy": "Hashed", "Parent Relationship": "Outer", "Startup Cost": 97610.5, "Total Cost": 97954.61, "Plan Rows": 2202268, "Plan Width": 8, "Group By Key": ["lineitem.l_orderkey"], "Plans": [{"Node Type": "Seq Scan", "Parent Relationship": "Outer", "Relation Name": "lineitem", "Alias": "lineitem", "Startup Cost": 0.0, "Total Cost": 96829.42, "Plan Rows": 19995678, "Plan Width": 8, "Filter": "(l_commitdate < l_receiptdate), (LLVM Optimized)"}]}]}]}, {"Node Type": "Materialize", "Parent Relationship": "Inner", "Startup Cost": 57.33, "Total Cost": 134418.42, "Plan Rows": 569410, "Plan Width": 24, "Plans": [{"Node Type": "Streaming(type: LOCAL REDISTRIBUTE dop: 64/64)", "Parent Relationship": "Outer", "Startup Cost": 57.33, "Total Cost": 134373.93, "Plan Rows": 569410, "Plan Width": 24, "Plans": [{"Node Type": "Seq Scan", "Parent Relationship": "Outer", "Relation Name": "orders", "Alias": "orders", "Startup Cost": 57.33, "Total Cost": 70834.55, "Plan Rows": 569410, "Plan Width": 24, "Filter": "((o_orderdate >= '1995-01-01 00:00:00'::timestamp(0) without time zone) AND (o_orderdate < '1995-04-01 00:00:00'::timestamp without time zone)), (LLVM Optimized)"}]}]}]}]}]}]}]}]}, "Unique SQL Id": 3745551476, "Planner Runtime": 0}, "explain_analyze_plan": null}, "(64, 27)": {"explain_plan": {"Plan": {"Node Type": "Sort", "Startup Cost": 2000403569659.73, "Total Cost": 2000403569659.74, "Plan Rows": 1, "Plan Width": 24, "Sort Key": ["orders.o_orderpriority"], "Plans": [{"Node Type": "Aggregate", "Strategy": "Hashed", "Parent Relationship": "Outer", "Startup Cost": 2000403569659.71, "Total Cost": 2000403569659.72, "Plan Rows": 1, "Plan Width": 24, "Group By Key": ["orders.o_orderpriority"], "Plans": [{"Node Type": "Merge Join", "Parent Relationship": "Outer", "Join Type": "Semi", "Startup Cost": 20036514449.31, "Total Cost": 2000403566812.66, "Plan Rows": 569410, "Plan Width": 16, "Inner Unique": false, "Merge Cond": "(orders.o_orderkey = lineitem.l_orderkey)", "Plans": [{"Node Type": "Index Scan", "Parent Relationship": "Outer", "Scan Direction": "Forward", "Index Name": "orders_pkey", "Relation Name": "orders", "Alias": "orders", "Startup Cost": 10000000000.0, "Total Cost": 1000080597583.0, "Plan Rows": 569410, "Plan Width": 24, "Filter": "((o_orderdate >= '1995-01-01 00:00:00'::timestamp(0) without time zone) AND (o_orderdate < '1995-04-01 00:00:00'::timestamp without time zone)), (LLVM Optimized)"}, {"Node Type": "Index Scan", "Parent Relationship": "Inner", "Scan Direction": "Forward", "Index Name": "idx_lineitem_orderkey", "Relation Name": "lineitem", "Alias": "lineitem", "Startup Cost": 10000000000.0, "Total Cost": 1000339012132.75, "Plan Rows": 19995678, "Plan Width": 8, "Filter": "(l_commitdate < l_receiptdate), (LLVM Optimized)"}]}]}]}, "Unique SQL Id": 3745551476, "Planner Runtime": 5}, "explain_analyze_plan": null}, "(64, 28)": {"explain_plan": {"Plan": {"Node Type": "Sort", "Startup Cost": 699745.15, "Total Cost": 699745.15, "Plan Rows": 1, "Plan Width": 24, "Sort Key": ["orders.o_orderpriority"], "Plans": [{"Node Type": "Aggregate", "Strategy": "Hashed", "Parent Relationship": "Outer", "Startup Cost": 699745.13, "Total Cost": 699745.14, "Plan Rows": 1, "Plan Width": 24, "Group By Key": ["orders.o_orderpriority"], "Plans": [{"Node Type": "Nested Loop", "Parent Relationship": "Outer", "Join Type": "Semi", "Startup Cost": 57.33, "Total Cost": 696898.08, "Plan Rows": 569410, "Plan Width": 16, "Inner Unique": false, "Plans": [{"Node Type": "Streaming(type: LOCAL GATHER dop: 1/64)", "Parent Relationship": "Outer", "Startup Cost": 57.33, "Total Cost": 82581.41, "Plan Rows": 569410, "Plan Width": 24, "Plans": [{"Node Type": "Seq Scan", "Parent Relationship": "Outer", "Relation Name": "orders", "Alias": "orders", "Startup Cost": 57.33, "Total Cost": 70834.55, "Plan Rows": 569410, "Plan Width": 24, "Filter": "((o_orderdate >= '1995-01-01 00:00:00'::timestamp(0) without time zone) AND (o_orderdate < '1995-04-01 00:00:00'::timestamp without time zone)), (LLVM Optimized)"}]}, {"Node Type": "Index Scan", "Parent Relationship": "Inner", "Scan Direction": "Forward", "Index Name": "idx_lineitem_orderkey", "Relation Name": "lineitem", "Alias": "lineitem", "Startup Cost": 0.0, "Total Cost": 5.41, "Plan Rows": 3, "Plan Width": 8, "Index Cond": "(l_orderkey = orders.o_orderkey)", "Filter": "(l_commitdate < l_receiptdate)"}]}]}]}, "Unique SQL Id": 3745551476, "Planner Runtime": 1}, "explain_analyze_plan": {"Plan": {"Node Type": "Sort", "Startup Cost": 699745.15, "Total Cost": 699745.15, "Plan Rows": 1, "Plan Width": 24, "Actual Min Startup Time": 4723.151, "Actual Max Startup Time": 4723.151, "Actual Min Total Time": 4723.151, "Actual Max Total Time": 4723.151, "Sort Key": ["orders.o_orderpriority"], "Sort Method": "quicksort", "Sort Space Min Used": 25, "Sort Space Max Used": 25, "Sort Space Type": "Memory", "Plans": [{"Node Type": "Aggregate", "Strategy": "Hashed", "Parent Relationship": "Outer", "Startup Cost": 699745.13, "Total Cost": 699745.14, "Plan Rows": 1, "Plan Width": 24, "Actual Min Startup Time": 4723.064, "Actual Max Startup Time": 4723.064, "Actual Min Total Time": 4723.065, "Actual Max Total Time": 4723.065, "Group By Key": ["orders.o_orderpriority"], "Plans": [{"Node Type": "Nested Loop", "Parent Relationship": "Outer", "Join Type": "Semi", "Startup Cost": 57.33, "Total Cost": 696898.08, "Plan Rows": 569410, "Plan Width": 16, "Actual Min Startup Time": 54.618, "Actual Max Startup Time": 54.618, "Actual Min Total Time": 4453.054, "Actual Max Total Time": 4453.054, "Inner Unique": false, "Plans": [{"Node Type": "Streaming(type: LOCAL GATHER dop: 1/64)", "Parent Relationship": "Outer", "Startup Cost": 57.33, "Total Cost": 82581.41, "Plan Rows": 569410, "Plan Width": 24, "Actual Min Startup Time": 54.525, "Actual Max Startup Time": 54.525, "Actual Min Total Time": 298.858, "Actual Max Total Time": 298.858, "Plans": [{"Node Type": "Seq Scan", "Parent Relationship": "Outer", "Relation Name": "orders", "Alias": "orders", "Startup Cost": 57.33, "Total Cost": 70834.55, "Plan Rows": 569410, "Plan Width": 24, "Actual Min Startup Time": 0.025, "Actual Max Startup Time": 0.064, "Actual Min Total Time": 81.072, "Actual Max Total Time": 101.188, "Filter": "((o_orderdate >= '1995-01-01 00:00:00'::timestamp(0) without time zone) AND (o_orderdate < '1995-04-01 00:00:00'::timestamp without time zone)), (LLVM Optimized, Jit Execute)", "Rows Removed by Filter": 14438388, "Actual Rows": 561612}], "Actual Rows": 561612}, {"Node Type": "Index Scan", "Parent Relationship": "Inner", "Scan Direction": "Forward", "Index Name": "idx_lineitem_orderkey", "Relation Name": "lineitem", "Alias": "lineitem", "Startup Cost": 0.0, "Total Cost": 5.41, "Plan Rows": 3, "Plan Width": 8, "Actual Min Startup Time": 3742.77, "Actual Max Startup Time": 3742.77, "Actual Min Total Time": 3742.77, "Actual Max Total Time": 3742.77, "Index Cond": "(l_orderkey = orders.o_orderkey)", "Rows Removed by Index Recheck": 0, "Filter": "(l_commitdate < l_receiptdate)", "Rows Removed by Filter": 299676, "Actual Rows": 515106}], "Actual Rows": 515106}], "Actual Rows": 5}], "Actual Rows": 5}, "Triggers": [], "Planner Runtime": 0, "Total Runtime": 4743.195, "Unique SQL Id": 3745551476}}, "(64, 29)": {"explain_plan": {"Plan": {"Node Type": "Sort", "Startup Cost": 1276409.75, "Total Cost": 1276409.75, "Plan Rows": 1, "Plan Width": 24, "Sort Key": ["orders.o_orderpriority"], "Plans": [{"Node Type": "Aggregate", "Strategy": "Hashed", "Parent Relationship": "Outer", "Startup Cost": 1276409.73, "Total Cost": 1276409.74, "Plan Rows": 1, "Plan Width": 24, "Group By Key": ["orders.o_orderpriority"], "Plans": [{"Node Type": "Nested Loop", "Parent Relationship": "Outer", "Join Type": "Semi", "Startup Cost": 0.0, "Total Cost": 1273562.68, "Plan Rows": 569410, "Plan Width": 16, "Inner Unique": false, "Plans": [{"Node Type": "Streaming(type: LOCAL GATHER dop: 1/64)", "Parent Relationship": "Outer", "Startup Cost": 0.0, "Total Cost": 659246.01, "Plan Rows": 569410, "Plan Width": 24, "Plans": [{"Node Type": "Index Scan", "Parent Relationship": "Outer", "Scan Direction": "Forward", "Index Name": "orders_pkey", "Relation Name": "orders", "Alias": "orders", "Startup Cost": 0.0, "Total Cost": 647499.15, "Plan Rows": 569410, "Plan Width": 24, "Filter": "((o_orderdate >= '1995-01-01 00:00:00'::timestamp(0) without time zone) AND (o_orderdate < '1995-04-01 00:00:00'::timestamp without time zone)), (LLVM Optimized)"}]}, {"Node Type": "Index Scan", "Parent Relationship": "Inner", "Scan Direction": "Forward", "Index Name": "idx_lineitem_orderkey", "Relation Name": "lineitem", "Alias": "lineitem", "Startup Cost": 0.0, "Total Cost": 5.41, "Plan Rows": 3, "Plan Width": 8, "Index Cond": "(l_orderkey = orders.o_orderkey)", "Filter": "(l_commitdate < l_receiptdate)"}]}]}]}, "Unique SQL Id": 3745551476, "Planner Runtime": 1}, "explain_analyze_plan": {"Plan": {"Node Type": "Sort", "Startup Cost": 1276409.75, "Total Cost": 1276409.75, "Plan Rows": 1, "Plan Width": 24, "Actual Min Startup Time": 5114.034, "Actual Max Startup Time": 5114.034, "Actual Min Total Time": 5114.035, "Actual Max Total Time": 5114.035, "Sort Key": ["orders.o_orderpriority"], "Sort Method": "quicksort", "Sort Space Min Used": 25, "Sort Space Max Used": 25, "Sort Space Type": "Memory", "Plans": [{"Node Type": "Aggregate", "Strategy": "Hashed", "Parent Relationship": "Outer", "Startup Cost": 1276409.73, "Total Cost": 1276409.74, "Plan Rows": 1, "Plan Width": 24, "Actual Min Startup Time": 5113.908, "Actual Max Startup Time": 5113.908, "Actual Min Total Time": 5113.916, "Actual Max Total Time": 5113.916, "Group By Key": ["orders.o_orderpriority"], "Plans": [{"Node Type": "Nested Loop", "Parent Relationship": "Outer", "Join Type": "Semi", "Startup Cost": 0.0, "Total Cost": 1273562.68, "Plan Rows": 569410, "Plan Width": 16, "Actual Min Startup Time": 280.535, "Actual Max Startup Time": 280.535, "Actual Min Total Time": 4847.659, "Actual Max Total Time": 4847.659, "Inner Unique": false, "Plans": [{"Node Type": "Streaming(type: LOCAL GATHER dop: 1/64)", "Parent Relationship": "Outer", "Startup Cost": 0.0, "Total Cost": 659246.01, "Plan Rows": 569410, "Plan Width": 24, "Actual Min Startup Time": 280.478, "Actual Max Startup Time": 280.478, "Actual Min Total Time": 562.974, "Actual Max Total Time": 562.974, "Plans": [{"Node Type": "Index Scan", "Parent Relationship": "Outer", "Scan Direction": "Forward", "Index Name": "orders_pkey", "Relation Name": "orders", "Alias": "orders", "Startup Cost": 0.0, "Total Cost": 647499.15, "Plan Rows": 569410, "Plan Width": 24, "Actual Min Startup Time": 84.099, "Actual Max Startup Time": 223.605, "Actual Min Total Time": 231.947, "Actual Max Total Time": 372.383, "Filter": "((o_orderdate >= '1995-01-01 00:00:00'::timestamp(0) without time zone) AND (o_orderdate < '1995-04-01 00:00:00'::timestamp without time zone)), (LLVM Optimized, Jit Execute)", "Rows Removed by Filter": 14438388, "Actual Rows": 561612}], "Actual Rows": 561612}, {"Node Type": "Index Scan", "Parent Relationship": "Inner", "Scan Direction": "Forward", "Index Name": "idx_lineitem_orderkey", "Relation Name": "lineitem", "Alias": "lineitem", "Startup Cost": 0.0, "Total Cost": 5.41, "Plan Rows": 3, "Plan Width": 8, "Actual Min Startup Time": 3869.73, "Actual Max Startup Time": 3869.73, "Actual Min Total Time": 3869.73, "Actual Max Total Time": 3869.73, "Index Cond": "(l_orderkey = orders.o_orderkey)", "Rows Removed by Index Recheck": 0, "Filter": "(l_commitdate < l_receiptdate)", "Rows Removed by Filter": 299676, "Actual Rows": 515106}], "Actual Rows": 515106}], "Actual Rows": 5}], "Actual Rows": 5}, "Triggers": [], "Planner Runtime": 0, "Total Runtime": 5134.044, "Unique SQL Id": 3745551476}}, "(64, 30)": {"explain_plan": {"Plan": {"Node Type": "Sort", "Startup Cost": 4917270.86, "Total Cost": 4917270.87, "Plan Rows": 1, "Plan Width": 24, "Sort Key": ["orders.o_orderpriority"], "Plans": [{"Node Type": "Streaming(type: LOCAL GATHER dop: 1/64)", "Parent Relationship": "Outer", "Startup Cost": 4917270.85, "Total Cost": 4917270.85, "Plan Rows": 1, "Plan Width": 24, "Plans": [{"Node Type": "Aggregate", "Strategy": "Hashed", "Parent Relationship": "Outer", "Startup Cost": 4917270.85, "Total Cost": 4917270.85, "Plan Rows": 1, "Plan Width": 24, "Group By Key": ["orders.o_orderpriority"], "Plans": [{"Node Type": "Streaming(type: LOCAL REDISTRIBUTE dop: 64/64)", "Parent Relationship": "Outer", "Startup Cost": 4917270.82, "Total Cost": 4917270.85, "Plan Rows": 1, "Plan Width": 24, "Plans": [{"Node Type": "Aggregate", "Strategy": "Hashed", "Parent Relationship": "Outer", "Startup Cost": 4917270.82, "Total Cost": 4917270.82, "Plan Rows": 1, "Plan Width": 24, "Group By Key": ["orders.o_orderpriority"], "Plans": [{"Node Type": "Nested Loop", "Parent Relationship": "Outer", "Join Type": "Inner", "Startup Cost": 168603.73, "Total Cost": 4917226.33, "Plan Rows": 569410, "Plan Width": 16, "Inner Unique": true, "Join Filter": "(orders.o_orderkey = lineitem.l_orderkey), (LLVM Optimized)", "Plans": [{"Node Type": "Aggregate", "Strategy": "Hashed", "Parent Relationship": "Outer", "Startup Cost": 163126.76, "Total Cost": 163470.87, "Plan Rows": 2202268, "Plan Width": 8, "Group By Key": ["lineitem.l_orderkey"], "Plans": [{"Node Type": "Streaming(type: LOCAL REDISTRIBUTE dop: 64/64)", "Parent Relationship": "Outer", "Startup Cost": 97610.5, "Total Cost": 163040.74, "Plan Rows": 2202268, "Plan Width": 8, "Plans": [{"Node Type": "Aggregate", "Strategy": "Hashed", "Parent Relationship": "Outer", "Startup Cost": 97610.5, "Total Cost": 97954.61, "Plan Rows": 2202268, "Plan Width": 8, "Group By Key": ["lineitem.l_orderkey"], "Plans": [{"Node Type": "Seq Scan", "Parent Relationship": "Outer", "Relation Name": "lineitem", "Alias": "lineitem", "Startup Cost": 0.0, "Total Cost": 96829.42, "Plan Rows": 19995678, "Plan Width": 8, "Filter": "(l_commitdate < l_receiptdate), (LLVM Optimized)"}]}]}]}, {"Node Type": "Materialize", "Parent Relationship": "Inner", "Startup Cost": 57.33, "Total Cost": 134418.42, "Plan Rows": 569410, "Plan Width": 24, "Plans": [{"Node Type": "Streaming(type: LOCAL REDISTRIBUTE dop: 64/64)", "Parent Relationship": "Outer", "Startup Cost": 57.33, "Total Cost": 134373.93, "Plan Rows": 569410, "Plan Width": 24, "Plans": [{"Node Type": "Seq Scan", "Parent Relationship": "Outer", "Relation Name": "orders", "Alias": "orders", "Startup Cost": 57.33, "Total Cost": 70834.55, "Plan Rows": 569410, "Plan Width": 24, "Filter": "((o_orderdate >= '1995-01-01 00:00:00'::timestamp(0) without time zone) AND (o_orderdate < '1995-04-01 00:00:00'::timestamp without time zone)), (LLVM Optimized)"}]}]}]}]}]}]}]}]}, "Unique SQL Id": 3745551476, "Planner Runtime": 0}, "explain_analyze_plan": null}, "(64, 31)": {"explain_plan": {"Plan": {"Node Type": "Sort", "Startup Cost": 2000403569659.73, "Total Cost": 2000403569659.74, "Plan Rows": 1, "Plan Width": 24, "Sort Key": ["orders.o_orderpriority"], "Plans": [{"Node Type": "Aggregate", "Strategy": "Hashed", "Parent Relationship": "Outer", "Startup Cost": 2000403569659.71, "Total Cost": 2000403569659.72, "Plan Rows": 1, "Plan Width": 24, "Group By Key": ["orders.o_orderpriority"], "Plans": [{"Node Type": "Merge Join", "Parent Relationship": "Outer", "Join Type": "Semi", "Startup Cost": 20036514449.31, "Total Cost": 2000403566812.66, "Plan Rows": 569410, "Plan Width": 16, "Inner Unique": false, "Merge Cond": "(orders.o_orderkey = lineitem.l_orderkey)", "Plans": [{"Node Type": "Index Scan", "Parent Relationship": "Outer", "Scan Direction": "Forward", "Index Name": "orders_pkey", "Relation Name": "orders", "Alias": "orders", "Startup Cost": 10000000000.0, "Total Cost": 1000080597583.0, "Plan Rows": 569410, "Plan Width": 24, "Filter": "((o_orderdate >= '1995-01-01 00:00:00'::timestamp(0) without time zone) AND (o_orderdate < '1995-04-01 00:00:00'::timestamp without time zone)), (LLVM Optimized)"}, {"Node Type": "Index Scan", "Parent Relationship": "Inner", "Scan Direction": "Forward", "Index Name": "idx_lineitem_orderkey", "Relation Name": "lineitem", "Alias": "lineitem", "Startup Cost": 10000000000.0, "Total Cost": 1000339012132.75, "Plan Rows": 19995678, "Plan Width": 8, "Filter": "(l_commitdate < l_receiptdate), (LLVM Optimized)"}]}]}]}, "Unique SQL Id": 3745551476, "Planner Runtime": 1}, "explain_analyze_plan": null}, "(64, 32)": {"explain_plan": {"Plan": {"Node Type": "Sort", "Startup Cost": 277414.2, "Total Cost": 277414.2, "Plan Rows": 1, "Plan Width": 24, "Sort Key": ["orders.o_orderpriority"], "Plans": [{"Node Type": "Aggregate", "Strategy": "Hashed", "Parent Relationship": "Outer", "Startup Cost": 277414.18, "Total Cost": 277414.19, "Plan Rows": 1, "Plan Width": 24, "Group By Key": ["orders.o_orderpriority"], "Plans": [{"Node Type": "Hash Join", "Parent Relationship": "Outer", "Join Type": "Inner", "Startup Cost": 238591.84, "Total Cost": 274567.13, "Plan Rows": 569410, "Plan Width": 16, "Inner Unique": true, "Hash Cond": "(lineitem.l_orderkey = orders.o_orderkey), (LLVM Optimized)", "Plans": [{"Node Type": "Aggregate", "Strategy": "Hashed", "Parent Relationship": "Outer", "Startup Cost": 148892.81, "Total Cost": 170915.49, "Plan Rows": 2202268, "Plan Width": 8, "Group By Key": ["lineitem.l_orderkey"], "Plans": [{"Node Type": "Streaming(type: LOCAL GATHER dop: 1/64)", "Parent Relationship": "Outer", "Startup Cost": 97610.5, "Total Cost": 143387.14, "Plan Rows": 2202268, "Plan Width": 8, "Plans": [{"Node Type": "Aggregate", "Strategy": "Hashed", "Parent Relationship": "Outer", "Startup Cost": 97610.5, "Total Cost": 97954.61, "Plan Rows": 2202268, "Plan Width": 8, "Group By Key": ["lineitem.l_orderkey"], "Plans": [{"Node Type": "Seq Scan", "Parent Relationship": "Outer", "Relation Name": "lineitem", "Alias": "lineitem", "Startup Cost": 0.0, "Total Cost": 96829.42, "Plan Rows": 19995678, "Plan Width": 8, "Filter": "(l_commitdate < l_receiptdate), (LLVM Optimized)"}]}]}]}, {"Node Type": "Hash", "Parent Relationship": "Inner", "Startup Cost": 82581.41, "Total Cost": 82581.41, "Plan Rows": 569410, "Plan Width": 24, "Plans": [{"Node Type": "Streaming(type: LOCAL GATHER dop: 1/64)", "Parent Relationship": "Outer", "Startup Cost": 57.33, "Total Cost": 82581.41, "Plan Rows": 569410, "Plan Width": 24, "Plans": [{"Node Type": "Seq Scan", "Parent Relationship": "Outer", "Relation Name": "orders", "Alias": "orders", "Startup Cost": 57.33, "Total Cost": 70834.55, "Plan Rows": 569410, "Plan Width": 24, "Filter": "((o_orderdate >= '1995-01-01 00:00:00'::timestamp(0) without time zone) AND (o_orderdate < '1995-04-01 00:00:00'::timestamp without time zone)), (LLVM Optimized)"}]}]}]}]}]}, "Unique SQL Id": 3745551476, "Planner Runtime": 1}, "explain_analyze_plan": {"Plan": {"Node Type": "Sort", "Startup Cost": 277414.2, "Total Cost": 277414.2, "Plan Rows": 1, "Plan Width": 24, "Actual Min Startup Time": 23766.987, "Actual Max Startup Time": 23766.987, "Actual Min Total Time": 23766.987, "Actual Max Total Time": 23766.987, "Sort Key": ["orders.o_orderpriority"], "Sort Method": "quicksort", "Sort Space Min Used": 25, "Sort Space Max Used": 25, "Sort Space Type": "Memory", "Plans": [{"Node Type": "Aggregate", "Strategy": "Hashed", "Parent Relationship": "Outer", "Startup Cost": 277414.18, "Total Cost": 277414.19, "Plan Rows": 1, "Plan Width": 24, "Actual Min Startup Time": 23766.921, "Actual Max Startup Time": 23766.921, "Actual Min Total Time": 23766.922, "Actual Max Total Time": 23766.922, "Group By Key": ["orders.o_orderpriority"], "Plans": [{"Node Type": "Hash Join", "Parent Relationship": "Outer", "Join Type": "Inner", "Startup Cost": 238591.84, "Total Cost": 274567.13, "Plan Rows": 569410, "Plan Width": 16, "Actual Min Startup Time": 14735.43, "Actual Max Startup Time": 14735.43, "Actual Min Total Time": 23551.885, "Actual Max Total Time": 23551.885, "Inner Unique": true, "Hash Cond": "(lineitem.l_orderkey = orders.o_orderkey), (LLVM Optimized, Jit Execute)", "Plans": [{"Node Type": "Aggregate", "Strategy": "Hashed", "Parent Relationship": "Outer", "Startup Cost": 148892.81, "Total Cost": 170915.49, "Plan Rows": 2202268, "Plan Width": 8, "Actual Min Startup Time": 14035.349, "Actual Max Startup Time": 14035.349, "Actual Min Total Time": 19818.083, "Actual Max Total Time": 19818.083, "Group By Key": ["lineitem.l_orderkey"], "Plans": [{"Node Type": "Streaming(type: LOCAL GATHER dop: 1/64)", "Parent Relationship": "Outer", "Startup Cost": 97610.5, "Total Cost": 143387.14, "Plan Rows": 2202268, "Plan Width": 8, "Actual Min Startup Time": 229.695, "Actual Max Startup Time": 229.695, "Actual Min Total Time": 5832.858, "Actual Max Total Time": 5832.858, "Plans": [{"Node Type": "Aggregate", "Strategy": "Hashed", "Parent Relationship": "Outer", "Startup Cost": 97610.5, "Total Cost": 97954.61, "Plan Rows": 2202268, "Plan Width": 8, "Actual Min Startup Time": 747.715, "Actual Max Startup Time": 860.278, "Actual Min Total Time": 818.769, "Actual Max Total Time": 988.082, "Group By Key": ["lineitem.l_orderkey"], "Plans": [{"Node Type": "Seq Scan", "Parent Relationship": "Outer", "Relation Name": "lineitem", "Alias": "lineitem", "Startup Cost": 0.0, "Total Cost": 96829.42, "Plan Rows": 19995678, "Plan Width": 8, "Actual Min Startup Time": 0.021, "Actual Max Startup Time": 0.04, "Actual Min Total Time": 492.564, "Actual Max Total Time": 522.811, "Filter": "(l_commitdate < l_receiptdate), (LLVM Optimized, Jit Execute)", "Rows Removed by Filter": 22056704, "Actual Rows": 37929348}], "Actual Rows": 13761080}], "Actual Rows": 13761080}], "Actual Rows": 13753474}, {"Node Type": "Hash", "Parent Relationship": "Inner", "Startup Cost": 82581.41, "Total Cost": 82581.41, "Plan Rows": 569410, "Plan Width": 24, "Actual Min Startup Time": 699.305, "Actual Max Startup Time": 699.305, "Actual Min Total Time": 699.305, "Actual Max Total Time": 699.305, "Max Hash Buckets": 1048576, "Min Hash Buckets": 1048576, "Max Hash Batches": 1, "Min Hash Batches": 1, "Max Original Hash Batches": 1, "Min Original Hash Batches": 1, "Max Peak Memory Usage": 30714, "min Peak Memory Usage": 30714, "Plans": [{"Node Type": "Streaming(type: LOCAL GATHER dop: 1/64)", "Parent Relationship": "Outer", "Startup Cost": 57.33, "Total Cost": 82581.41, "Plan Rows": 569410, "Plan Width": 24, "Actual Min Startup Time": 101.787, "Actual Max Startup Time": 101.787, "Actual Min Total Time": 451.33, "Actual Max Total Time": 451.33, "Plans": [{"Node Type": "Seq Scan", "Parent Relationship": "Outer", "Relation Name": "orders", "Alias": "orders", "Startup Cost": 57.33, "Total Cost": 70834.55, "Plan Rows": 569410, "Plan Width": 24, "Actual Min Startup Time": 0.03, "Actual Max Startup Time": 0.359, "Actual Min Total Time": 101.01, "Actual Max Total Time": 138.203, "Filter": "((o_orderdate >= '1995-01-01 00:00:00'::timestamp(0) without time zone) AND (o_orderdate < '1995-04-01 00:00:00'::timestamp without time zone)), (LLVM Optimized, Jit Execute)", "Rows Removed by Filter": 14438388, "Actual Rows": 561612}], "Actual Rows": 561612}], "Actual Rows": 561612}], "Actual Rows": 515106}], "Actual Rows": 5}], "Actual Rows": 5}, "Triggers": [], "Planner Runtime": 0, "Total Runtime": 23798.493, "Unique SQL Id": 3745551476}}, "(64, 33)": {"explain_plan": {"Plan": {"Node Type": "Sort", "Startup Cost": 916688.59, "Total Cost": 916688.6, "Plan Rows": 1, "Plan Width": 24, "Sort Key": ["orders.o_orderpriority"], "Plans": [{"Node Type": "Aggregate", "Strategy": "Hashed", "Parent Relationship": "Outer", "Startup Cost": 916688.57, "Total Cost": 916688.58, "Plan Rows": 1, "Plan Width": 24, "Group By Key": ["orders.o_orderpriority"], "Plans": [{"Node Type": "Nested Loop", "Parent Relationship": "Outer", "Join Type": "Semi", "Startup Cost": 14564.7, "Total Cost": 913841.52, "Plan Rows": 569410, "Plan Width": 16, "Inner Unique": false, "Plans": [{"Node Type": "Bitmap Heap Scan", "Parent Relationship": "Outer", "Relation Name": "orders", "Alias": "orders", "Startup Cost": 14564.7, "Total Cost": 299524.85, "Plan Rows": 569410, "Plan Width": 24, "Recheck Cond": "((o_orderdate >= '1995-01-01 00:00:00'::timestamp(0) without time zone) AND (o_orderdate < '1995-04-01 00:00:00'::timestamp without time zone)), (LLVM Optimized)", "Plans": [{"Node Type": "Bitmap Index Scan", "Parent Relationship": "Outer", "Index Name": "idx_orders_orderdate", "Startup Cost": 0.0, "Total Cost": 14422.35, "Plan Rows": 569410, "Plan Width": 0, "Index Cond": "((o_orderdate >= '1995-01-01 00:00:00'::timestamp(0) without time zone) AND (o_orderdate < '1995-04-01 00:00:00'::timestamp without time zone))"}]}, {"Node Type": "Index Scan", "Parent Relationship": "Inner", "Scan Direction": "Forward", "Index Name": "idx_lineitem_orderkey", "Relation Name": "lineitem", "Alias": "lineitem", "Startup Cost": 0.0, "Total Cost": 5.41, "Plan Rows": 3, "Plan Width": 8, "Index Cond": "(l_orderkey = orders.o_orderkey)", "Filter": "(l_commitdate < l_receiptdate)"}]}]}]}, "Unique SQL Id": 3745551476, "Planner Runtime": 0}, "explain_analyze_plan": {"Plan": {"Node Type": "Sort", "Startup Cost": 916688.59, "Total Cost": 916688.6, "Plan Rows": 1, "Plan Width": 24, "Actual Startup Time": 5282.088, "Actual Total Time": 5282.088, "Actual Rows": 5, "Actual Loops": 1, "Sort Key": ["orders.o_orderpriority"], "Sort Method": "quicksort", "Sort Space Used": 25, "Sort Space Type": "Memory", "Plans": [{"Node Type": "Aggregate", "Strategy": "Hashed", "Parent Relationship": "Outer", "Startup Cost": 916688.57, "Total Cost": 916688.58, "Plan Rows": 1, "Plan Width": 24, "Actual Startup Time": 5282.022, "Actual Total Time": 5282.024, "Actual Rows": 5, "Actual Loops": 1, "Group By Key": ["orders.o_orderpriority"], "Plans": [{"Node Type": "Nested Loop", "Parent Relationship": "Outer", "Join Type": "Semi", "Startup Cost": 14564.7, "Total Cost": 913841.52, "Plan Rows": 569410, "Plan Width": 16, "Actual Startup Time": 248.585, "Actual Total Time": 5001.846, "Actual Rows": 515106, "Actual Loops": 1, "Inner Unique": false, "Plans": [{"Node Type": "Bitmap Heap Scan", "Parent Relationship": "Outer", "Relation Name": "orders", "Alias": "orders", "Startup Cost": 14564.7, "Total Cost": 299524.85, "Plan Rows": 569410, "Plan Width": 24, "Actual Startup Time": 248.504, "Actual Total Time": 1075.41, "Actual Rows": 561612, "Actual Loops": 1, "Recheck Cond": "((o_orderdate >= '1995-01-01 00:00:00'::timestamp(0) without time zone) AND (o_orderdate < '1995-04-01 00:00:00'::timestamp without time zone)), (LLVM Optimized, Jit Execute)", "Rows Removed by Index Recheck": 0, "Exact Heap Blocks": 241676, "Lossy Heap Blocks": 241676, "Plans": [{"Node Type": "Bitmap Index Scan", "Parent Relationship": "Outer", "Index Name": "idx_orders_orderdate", "Startup Cost": 0.0, "Total Cost": 14422.35, "Plan Rows": 569410, "Plan Width": 0, "Actual Startup Time": 173.471, "Actual Total Time": 173.471, "Actual Rows": 561612, "Actual Loops": 1, "Index Cond": "((o_orderdate >= '1995-01-01 00:00:00'::timestamp(0) without time zone) AND (o_orderdate < '1995-04-01 00:00:00'::timestamp without time zone))"}]}, {"Node Type": "Index Scan", "Parent Relationship": "Inner", "Scan Direction": "Forward", "Index Name": "idx_lineitem_orderkey", "Relation Name": "lineitem", "Alias": "lineitem", "Startup Cost": 0.0, "Total Cost": 5.41, "Plan Rows": 3, "Plan Width": 8, "Actual Startup Time": 3512.894, "Actual Total Time": 3512.894, "Actual Rows": 515106, "Actual Loops": 561612, "Index Cond": "(l_orderkey = orders.o_orderkey)", "Rows Removed by Index Recheck": 0, "Filter": "(l_commitdate < l_receiptdate)", "Rows Removed by Filter": 299676}]}]}]}, "Triggers": [], "Planner Runtime": 0, "Total Runtime": 5291.829, "Unique SQL Id": 3745551476}}, "(64, 34)": {"explain_plan": {"Plan": {"Node Type": "Sort", "Startup Cost": 277414.2, "Total Cost": 277414.2, "Plan Rows": 1, "Plan Width": 24, "Sort Key": ["orders.o_orderpriority"], "Plans": [{"Node Type": "Aggregate", "Strategy": "Hashed", "Parent Relationship": "Outer", "Startup Cost": 277414.18, "Total Cost": 277414.19, "Plan Rows": 1, "Plan Width": 24, "Group By Key": ["orders.o_orderpriority"], "Plans": [{"Node Type": "Hash Join", "Parent Relationship": "Outer", "Join Type": "Inner", "Startup Cost": 238591.84, "Total Cost": 274567.13, "Plan Rows": 569410, "Plan Width": 16, "Inner Unique": true, "Hash Cond": "(lineitem.l_orderkey = orders.o_orderkey), (LLVM Optimized)", "Plans": [{"Node Type": "Aggregate", "Strategy": "Hashed", "Parent Relationship": "Outer", "Startup Cost": 148892.81, "Total Cost": 170915.49, "Plan Rows": 2202268, "Plan Width": 8, "Group By Key": ["lineitem.l_orderkey"], "Plans": [{"Node Type": "Streaming(type: LOCAL GATHER dop: 1/64)", "Parent Relationship": "Outer", "Startup Cost": 97610.5, "Total Cost": 143387.14, "Plan Rows": 2202268, "Plan Width": 8, "Plans": [{"Node Type": "Aggregate", "Strategy": "Hashed", "Parent Relationship": "Outer", "Startup Cost": 97610.5, "Total Cost": 97954.61, "Plan Rows": 2202268, "Plan Width": 8, "Group By Key": ["lineitem.l_orderkey"], "Plans": [{"Node Type": "Seq Scan", "Parent Relationship": "Outer", "Relation Name": "lineitem", "Alias": "lineitem", "Startup Cost": 0.0, "Total Cost": 96829.42, "Plan Rows": 19995678, "Plan Width": 8, "Filter": "(l_commitdate < l_receiptdate), (LLVM Optimized)"}]}]}]}, {"Node Type": "Hash", "Parent Relationship": "Inner", "Startup Cost": 82581.41, "Total Cost": 82581.41, "Plan Rows": 569410, "Plan Width": 24, "Plans": [{"Node Type": "Streaming(type: LOCAL GATHER dop: 1/64)", "Parent Relationship": "Outer", "Startup Cost": 57.33, "Total Cost": 82581.41, "Plan Rows": 569410, "Plan Width": 24, "Plans": [{"Node Type": "Seq Scan", "Parent Relationship": "Outer", "Relation Name": "orders", "Alias": "orders", "Startup Cost": 57.33, "Total Cost": 70834.55, "Plan Rows": 569410, "Plan Width": 24, "Filter": "((o_orderdate >= '1995-01-01 00:00:00'::timestamp(0) without time zone) AND (o_orderdate < '1995-04-01 00:00:00'::timestamp without time zone)), (LLVM Optimized)"}]}]}]}]}]}, "Unique SQL Id": 3745551476, "Planner Runtime": 0}, "explain_analyze_plan": {"Plan": {"Node Type": "Sort", "Startup Cost": 277414.2, "Total Cost": 277414.2, "Plan Rows": 1, "Plan Width": 24, "Actual Min Startup Time": 23766.987, "Actual Max Startup Time": 23766.987, "Actual Min Total Time": 23766.987, "Actual Max Total Time": 23766.987, "Sort Key": ["orders.o_orderpriority"], "Sort Method": "quicksort", "Sort Space Min Used": 25, "Sort Space Max Used": 25, "Sort Space Type": "Memory", "Plans": [{"Node Type": "Aggregate", "Strategy": "Hashed", "Parent Relationship": "Outer", "Startup Cost": 277414.18, "Total Cost": 277414.19, "Plan Rows": 1, "Plan Width": 24, "Actual Min Startup Time": 23766.921, "Actual Max Startup Time": 23766.921, "Actual Min Total Time": 23766.922, "Actual Max Total Time": 23766.922, "Group By Key": ["orders.o_orderpriority"], "Plans": [{"Node Type": "Hash Join", "Parent Relationship": "Outer", "Join Type": "Inner", "Startup Cost": 238591.84, "Total Cost": 274567.13, "Plan Rows": 569410, "Plan Width": 16, "Actual Min Startup Time": 14735.43, "Actual Max Startup Time": 14735.43, "Actual Min Total Time": 23551.885, "Actual Max Total Time": 23551.885, "Inner Unique": true, "Hash Cond": "(lineitem.l_orderkey = orders.o_orderkey), (LLVM Optimized, Jit Execute)", "Plans": [{"Node Type": "Aggregate", "Strategy": "Hashed", "Parent Relationship": "Outer", "Startup Cost": 148892.81, "Total Cost": 170915.49, "Plan Rows": 2202268, "Plan Width": 8, "Actual Min Startup Time": 14035.349, "Actual Max Startup Time": 14035.349, "Actual Min Total Time": 19818.083, "Actual Max Total Time": 19818.083, "Group By Key": ["lineitem.l_orderkey"], "Plans": [{"Node Type": "Streaming(type: LOCAL GATHER dop: 1/64)", "Parent Relationship": "Outer", "Startup Cost": 97610.5, "Total Cost": 143387.14, "Plan Rows": 2202268, "Plan Width": 8, "Actual Min Startup Time": 229.695, "Actual Max Startup Time": 229.695, "Actual Min Total Time": 5832.858, "Actual Max Total Time": 5832.858, "Plans": [{"Node Type": "Aggregate", "Strategy": "Hashed", "Parent Relationship": "Outer", "Startup Cost": 97610.5, "Total Cost": 97954.61, "Plan Rows": 2202268, "Plan Width": 8, "Actual Min Startup Time": 747.715, "Actual Max Startup Time": 860.278, "Actual Min Total Time": 818.769, "Actual Max Total Time": 988.082, "Group By Key": ["lineitem.l_orderkey"], "Plans": [{"Node Type": "Seq Scan", "Parent Relationship": "Outer", "Relation Name": "lineitem", "Alias": "lineitem", "Startup Cost": 0.0, "Total Cost": 96829.42, "Plan Rows": 19995678, "Plan Width": 8, "Actual Min Startup Time": 0.021, "Actual Max Startup Time": 0.04, "Actual Min Total Time": 492.564, "Actual Max Total Time": 522.811, "Filter": "(l_commitdate < l_receiptdate), (LLVM Optimized, Jit Execute)", "Rows Removed by Filter": 22056704, "Actual Rows": 37929348}], "Actual Rows": 13761080}], "Actual Rows": 13761080}], "Actual Rows": 13753474}, {"Node Type": "Hash", "Parent Relationship": "Inner", "Startup Cost": 82581.41, "Total Cost": 82581.41, "Plan Rows": 569410, "Plan Width": 24, "Actual Min Startup Time": 699.305, "Actual Max Startup Time": 699.305, "Actual Min Total Time": 699.305, "Actual Max Total Time": 699.305, "Max Hash Buckets": 1048576, "Min Hash Buckets": 1048576, "Max Hash Batches": 1, "Min Hash Batches": 1, "Max Original Hash Batches": 1, "Min Original Hash Batches": 1, "Max Peak Memory Usage": 30714, "min Peak Memory Usage": 30714, "Plans": [{"Node Type": "Streaming(type: LOCAL GATHER dop: 1/64)", "Parent Relationship": "Outer", "Startup Cost": 57.33, "Total Cost": 82581.41, "Plan Rows": 569410, "Plan Width": 24, "Actual Min Startup Time": 101.787, "Actual Max Startup Time": 101.787, "Actual Min Total Time": 451.33, "Actual Max Total Time": 451.33, "Plans": [{"Node Type": "Seq Scan", "Parent Relationship": "Outer", "Relation Name": "orders", "Alias": "orders", "Startup Cost": 57.33, "Total Cost": 70834.55, "Plan Rows": 569410, "Plan Width": 24, "Actual Min Startup Time": 0.03, "Actual Max Startup Time": 0.359, "Actual Min Total Time": 101.01, "Actual Max Total Time": 138.203, "Filter": "((o_orderdate >= '1995-01-01 00:00:00'::timestamp(0) without time zone) AND (o_orderdate < '1995-04-01 00:00:00'::timestamp without time zone)), (LLVM Optimized, Jit Execute)", "Rows Removed by Filter": 14438388, "Actual Rows": 561612}], "Actual Rows": 561612}], "Actual Rows": 561612}], "Actual Rows": 515106}], "Actual Rows": 5}], "Actual Rows": 5}, "Triggers": [], "Planner Runtime": 0, "Total Runtime": 23798.493, "Unique SQL Id": 3745551476}}, "(64, 35)": {"explain_plan": {"Plan": {"Node Type": "Sort", "Startup Cost": 2781642.36, "Total Cost": 2781642.36, "Plan Rows": 1, "Plan Width": 24, "Sort Key": ["orders.o_orderpriority"], "Plans": [{"Node Type": "Aggregate", "Strategy": "Hashed", "Parent Relationship": "Outer", "Startup Cost": 2781642.34, "Total Cost": 2781642.35, "Plan Rows": 1, "Plan Width": 24, "Group By Key": ["orders.o_orderpriority"], "Plans": [{"Node Type": "Nested Loop", "Parent Relationship": "Outer", "Join Type": "Semi", "Startup Cost": 14566.65, "Total Cost": 2778795.29, "Plan Rows": 569410, "Plan Width": 16, "Inner Unique": false, "Plans": [{"Node Type": "Bitmap Heap Scan", "Parent Relationship": "Outer", "Relation Name": "orders", "Alias": "orders", "Startup Cost": 14564.7, "Total Cost": 299524.85, "Plan Rows": 569410, "Plan Width": 24, "Recheck Cond": "((o_orderdate >= '1995-01-01 00:00:00'::timestamp(0) without time zone) AND (o_orderdate < '1995-04-01 00:00:00'::timestamp without time zone)), (LLVM Optimized)", "Plans": [{"Node Type": "Bitmap Index Scan", "Parent Relationship": "Outer", "Index Name": "idx_orders_orderdate", "Startup Cost": 0.0, "Total Cost": 14422.35, "Plan Rows": 569410, "Plan Width": 0, "Index Cond": "((o_orderdate >= '1995-01-01 00:00:00'::timestamp(0) without time zone) AND (o_orderdate < '1995-04-01 00:00:00'::timestamp without time zone))"}]}, {"Node Type": "Bitmap Heap Scan", "Parent Relationship": "Inner", "Relation Name": "lineitem", "Alias": "lineitem", "Startup Cost": 1.94, "Total Cost": 14.06, "Plan Rows": 3, "Plan Width": 8, "Recheck Cond": "(l_orderkey = orders.o_orderkey)", "Filter": "(l_commitdate < l_receiptdate)", "Plans": [{"Node Type": "Bitmap Index Scan", "Parent Relationship": "Outer", "Index Name": "idx_lineitem_orderkey", "Startup Cost": 0.0, "Total Cost": 1.94, "Plan Rows": 9, "Plan Width": 0, "Index Cond": "(l_orderkey = orders.o_orderkey)"}]}]}]}]}, "Unique SQL Id": 3745551476, "Planner Runtime": 0}, "explain_analyze_plan": {"Plan": {"Node Type": "Sort", "Startup Cost": 2781642.36, "Total Cost": 2781642.36, "Plan Rows": 1, "Plan Width": 24, "Actual Startup Time": 6948.197, "Actual Total Time": 6948.197, "Actual Rows": 5, "Actual Loops": 1, "Sort Key": ["orders.o_orderpriority"], "Sort Method": "quicksort", "Sort Space Used": 25, "Sort Space Type": "Memory", "Plans": [{"Node Type": "Aggregate", "Strategy": "Hashed", "Parent Relationship": "Outer", "Startup Cost": 2781642.34, "Total Cost": 2781642.35, "Plan Rows": 1, "Plan Width": 24, "Actual Startup Time": 6948.154, "Actual Total Time": 6948.156, "Actual Rows": 5, "Actual Loops": 1, "Group By Key": ["orders.o_orderpriority"], "Plans": [{"Node Type": "Nested Loop", "Parent Relationship": "Outer", "Join Type": "Semi", "Startup Cost": 14566.65, "Total Cost": 2778795.29, "Plan Rows": 569410, "Plan Width": 16, "Actual Startup Time": 242.485, "Actual Total Time": 6627.026, "Actual Rows": 515106, "Actual Loops": 1, "Inner Unique": false, "Plans": [{"Node Type": "Bitmap Heap Scan", "Parent Relationship": "Outer", "Relation Name": "orders", "Alias": "orders", "Startup Cost": 14564.7, "Total Cost": 299524.85, "Plan Rows": 569410, "Plan Width": 24, "Actual Startup Time": 242.383, "Actual Total Time": 1045.457, "Actual Rows": 561612, "Actual Loops": 1, "Recheck Cond": "((o_orderdate >= '1995-01-01 00:00:00'::timestamp(0) without time zone) AND (o_orderdate < '1995-04-01 00:00:00'::timestamp without time zone)), (LLVM Optimized, Jit Execute)", "Rows Removed by Index Recheck": 0, "Exact Heap Blocks": 241676, "Lossy Heap Blocks": 241676, "Plans": [{"Node Type": "Bitmap Index Scan", "Parent Relationship": "Outer", "Index Name": "idx_orders_orderdate", "Startup Cost": 0.0, "Total Cost": 14422.35, "Plan Rows": 569410, "Plan Width": 0, "Actual Startup Time": 166.951, "Actual Total Time": 166.951, "Actual Rows": 561612, "Actual Loops": 1, "Index Cond": "((o_orderdate >= '1995-01-01 00:00:00'::timestamp(0) without time zone) AND (o_orderdate < '1995-04-01 00:00:00'::timestamp without time zone))"}]}, {"Node Type": "Bitmap Heap Scan", "Parent Relationship": "Inner", "Relation Name": "lineitem", "Alias": "lineitem", "Startup Cost": 1.94, "Total Cost": 14.06, "Plan Rows": 3, "Plan Width": 8, "Actual Startup Time": 4824.463, "Actual Total Time": 4824.463, "Actual Rows": 515106, "Actual Loops": 561612, "Recheck Cond": "(l_orderkey = orders.o_orderkey)", "Rows Removed by Index Recheck": 0, "Filter": "(l_commitdate < l_receiptdate)", "Rows Removed by Filter": 299676, "Exact Heap Blocks": 567798, "Lossy Heap Blocks": 567798, "Plans": [{"Node Type": "Bitmap Index Scan", "Parent Relationship": "Outer", "Index Name": "idx_lineitem_orderkey", "Startup Cost": 0.0, "Total Cost": 1.94, "Plan Rows": 9, "Plan Width": 0, "Actual Startup Time": 2446.908, "Actual Total Time": 2446.908, "Actual Rows": 2246588, "Actual Loops": 561612, "Index Cond": "(l_orderkey = orders.o_orderkey)"}]}]}]}]}, "Triggers": [], "Planner Runtime": 0, "Total Runtime": 6961.186, "Unique SQL Id": 3745551476}}, "(64, 36)": {"explain_plan": {"Plan": {"Node Type": "Sort", "Startup Cost": 277414.2, "Total Cost": 277414.2, "Plan Rows": 1, "Plan Width": 24, "Sort Key": ["orders.o_orderpriority"], "Plans": [{"Node Type": "Aggregate", "Strategy": "Hashed", "Parent Relationship": "Outer", "Startup Cost": 277414.18, "Total Cost": 277414.19, "Plan Rows": 1, "Plan Width": 24, "Group By Key": ["orders.o_orderpriority"], "Plans": [{"Node Type": "Hash Join", "Parent Relationship": "Outer", "Join Type": "Inner", "Startup Cost": 238591.84, "Total Cost": 274567.13, "Plan Rows": 569410, "Plan Width": 16, "Inner Unique": true, "Hash Cond": "(lineitem.l_orderkey = orders.o_orderkey), (LLVM Optimized)", "Plans": [{"Node Type": "Aggregate", "Strategy": "Hashed", "Parent Relationship": "Outer", "Startup Cost": 148892.81, "Total Cost": 170915.49, "Plan Rows": 2202268, "Plan Width": 8, "Group By Key": ["lineitem.l_orderkey"], "Plans": [{"Node Type": "Streaming(type: LOCAL GATHER dop: 1/64)", "Parent Relationship": "Outer", "Startup Cost": 97610.5, "Total Cost": 143387.14, "Plan Rows": 2202268, "Plan Width": 8, "Plans": [{"Node Type": "Aggregate", "Strategy": "Hashed", "Parent Relationship": "Outer", "Startup Cost": 97610.5, "Total Cost": 97954.61, "Plan Rows": 2202268, "Plan Width": 8, "Group By Key": ["lineitem.l_orderkey"], "Plans": [{"Node Type": "Seq Scan", "Parent Relationship": "Outer", "Relation Name": "lineitem", "Alias": "lineitem", "Startup Cost": 0.0, "Total Cost": 96829.42, "Plan Rows": 19995678, "Plan Width": 8, "Filter": "(l_commitdate < l_receiptdate), (LLVM Optimized)"}]}]}]}, {"Node Type": "Hash", "Parent Relationship": "Inner", "Startup Cost": 82581.41, "Total Cost": 82581.41, "Plan Rows": 569410, "Plan Width": 24, "Plans": [{"Node Type": "Streaming(type: LOCAL GATHER dop: 1/64)", "Parent Relationship": "Outer", "Startup Cost": 57.33, "Total Cost": 82581.41, "Plan Rows": 569410, "Plan Width": 24, "Plans": [{"Node Type": "Seq Scan", "Parent Relationship": "Outer", "Relation Name": "orders", "Alias": "orders", "Startup Cost": 57.33, "Total Cost": 70834.55, "Plan Rows": 569410, "Plan Width": 24, "Filter": "((o_orderdate >= '1995-01-01 00:00:00'::timestamp(0) without time zone) AND (o_orderdate < '1995-04-01 00:00:00'::timestamp without time zone)), (LLVM Optimized)"}]}]}]}]}]}, "Unique SQL Id": 3745551476, "Planner Runtime": 0}, "explain_analyze_plan": {"Plan": {"Node Type": "Sort", "Startup Cost": 277414.2, "Total Cost": 277414.2, "Plan Rows": 1, "Plan Width": 24, "Actual Min Startup Time": 23766.987, "Actual Max Startup Time": 23766.987, "Actual Min Total Time": 23766.987, "Actual Max Total Time": 23766.987, "Sort Key": ["orders.o_orderpriority"], "Sort Method": "quicksort", "Sort Space Min Used": 25, "Sort Space Max Used": 25, "Sort Space Type": "Memory", "Plans": [{"Node Type": "Aggregate", "Strategy": "Hashed", "Parent Relationship": "Outer", "Startup Cost": 277414.18, "Total Cost": 277414.19, "Plan Rows": 1, "Plan Width": 24, "Actual Min Startup Time": 23766.921, "Actual Max Startup Time": 23766.921, "Actual Min Total Time": 23766.922, "Actual Max Total Time": 23766.922, "Group By Key": ["orders.o_orderpriority"], "Plans": [{"Node Type": "Hash Join", "Parent Relationship": "Outer", "Join Type": "Inner", "Startup Cost": 238591.84, "Total Cost": 274567.13, "Plan Rows": 569410, "Plan Width": 16, "Actual Min Startup Time": 14735.43, "Actual Max Startup Time": 14735.43, "Actual Min Total Time": 23551.885, "Actual Max Total Time": 23551.885, "Inner Unique": true, "Hash Cond": "(lineitem.l_orderkey = orders.o_orderkey), (LLVM Optimized, Jit Execute)", "Plans": [{"Node Type": "Aggregate", "Strategy": "Hashed", "Parent Relationship": "Outer", "Startup Cost": 148892.81, "Total Cost": 170915.49, "Plan Rows": 2202268, "Plan Width": 8, "Actual Min Startup Time": 14035.349, "Actual Max Startup Time": 14035.349, "Actual Min Total Time": 19818.083, "Actual Max Total Time": 19818.083, "Group By Key": ["lineitem.l_orderkey"], "Plans": [{"Node Type": "Streaming(type: LOCAL GATHER dop: 1/64)", "Parent Relationship": "Outer", "Startup Cost": 97610.5, "Total Cost": 143387.14, "Plan Rows": 2202268, "Plan Width": 8, "Actual Min Startup Time": 229.695, "Actual Max Startup Time": 229.695, "Actual Min Total Time": 5832.858, "Actual Max Total Time": 5832.858, "Plans": [{"Node Type": "Aggregate", "Strategy": "Hashed", "Parent Relationship": "Outer", "Startup Cost": 97610.5, "Total Cost": 97954.61, "Plan Rows": 2202268, "Plan Width": 8, "Actual Min Startup Time": 747.715, "Actual Max Startup Time": 860.278, "Actual Min Total Time": 818.769, "Actual Max Total Time": 988.082, "Group By Key": ["lineitem.l_orderkey"], "Plans": [{"Node Type": "Seq Scan", "Parent Relationship": "Outer", "Relation Name": "lineitem", "Alias": "lineitem", "Startup Cost": 0.0, "Total Cost": 96829.42, "Plan Rows": 19995678, "Plan Width": 8, "Actual Min Startup Time": 0.021, "Actual Max Startup Time": 0.04, "Actual Min Total Time": 492.564, "Actual Max Total Time": 522.811, "Filter": "(l_commitdate < l_receiptdate), (LLVM Optimized, Jit Execute)", "Rows Removed by Filter": 22056704, "Actual Rows": 37929348}], "Actual Rows": 13761080}], "Actual Rows": 13761080}], "Actual Rows": 13753474}, {"Node Type": "Hash", "Parent Relationship": "Inner", "Startup Cost": 82581.41, "Total Cost": 82581.41, "Plan Rows": 569410, "Plan Width": 24, "Actual Min Startup Time": 699.305, "Actual Max Startup Time": 699.305, "Actual Min Total Time": 699.305, "Actual Max Total Time": 699.305, "Max Hash Buckets": 1048576, "Min Hash Buckets": 1048576, "Max Hash Batches": 1, "Min Hash Batches": 1, "Max Original Hash Batches": 1, "Min Original Hash Batches": 1, "Max Peak Memory Usage": 30714, "min Peak Memory Usage": 30714, "Plans": [{"Node Type": "Streaming(type: LOCAL GATHER dop: 1/64)", "Parent Relationship": "Outer", "Startup Cost": 57.33, "Total Cost": 82581.41, "Plan Rows": 569410, "Plan Width": 24, "Actual Min Startup Time": 101.787, "Actual Max Startup Time": 101.787, "Actual Min Total Time": 451.33, "Actual Max Total Time": 451.33, "Plans": [{"Node Type": "Seq Scan", "Parent Relationship": "Outer", "Relation Name": "orders", "Alias": "orders", "Startup Cost": 57.33, "Total Cost": 70834.55, "Plan Rows": 569410, "Plan Width": 24, "Actual Min Startup Time": 0.03, "Actual Max Startup Time": 0.359, "Actual Min Total Time": 101.01, "Actual Max Total Time": 138.203, "Filter": "((o_orderdate >= '1995-01-01 00:00:00'::timestamp(0) without time zone) AND (o_orderdate < '1995-04-01 00:00:00'::timestamp without time zone)), (LLVM Optimized, Jit Execute)", "Rows Removed by Filter": 14438388, "Actual Rows": 561612}], "Actual Rows": 561612}], "Actual Rows": 561612}], "Actual Rows": 515106}], "Actual Rows": 5}], "Actual Rows": 5}, "Triggers": [], "Planner Runtime": 0, "Total Runtime": 23798.493, "Unique SQL Id": 3745551476}}, "(64, 37)": {"explain_plan": {"Plan": {"Node Type": "Sort", "Startup Cost": 916688.59, "Total Cost": 916688.6, "Plan Rows": 1, "Plan Width": 24, "Sort Key": ["orders.o_orderpriority"], "Plans": [{"Node Type": "Aggregate", "Strategy": "Hashed", "Parent Relationship": "Outer", "Startup Cost": 916688.57, "Total Cost": 916688.58, "Plan Rows": 1, "Plan Width": 24, "Group By Key": ["orders.o_orderpriority"], "Plans": [{"Node Type": "Nested Loop", "Parent Relationship": "Outer", "Join Type": "Semi", "Startup Cost": 14564.7, "Total Cost": 913841.52, "Plan Rows": 569410, "Plan Width": 16, "Inner Unique": false, "Plans": [{"Node Type": "Bitmap Heap Scan", "Parent Relationship": "Outer", "Relation Name": "orders", "Alias": "orders", "Startup Cost": 14564.7, "Total Cost": 299524.85, "Plan Rows": 569410, "Plan Width": 24, "Recheck Cond": "((o_orderdate >= '1995-01-01 00:00:00'::timestamp(0) without time zone) AND (o_orderdate < '1995-04-01 00:00:00'::timestamp without time zone)), (LLVM Optimized)", "Plans": [{"Node Type": "Bitmap Index Scan", "Parent Relationship": "Outer", "Index Name": "idx_orders_orderdate", "Startup Cost": 0.0, "Total Cost": 14422.35, "Plan Rows": 569410, "Plan Width": 0, "Index Cond": "((o_orderdate >= '1995-01-01 00:00:00'::timestamp(0) without time zone) AND (o_orderdate < '1995-04-01 00:00:00'::timestamp without time zone))"}]}, {"Node Type": "Index Scan", "Parent Relationship": "Inner", "Scan Direction": "Forward", "Index Name": "idx_lineitem_orderkey", "Relation Name": "lineitem", "Alias": "lineitem", "Startup Cost": 0.0, "Total Cost": 5.41, "Plan Rows": 3, "Plan Width": 8, "Index Cond": "(l_orderkey = orders.o_orderkey)", "Filter": "(l_commitdate < l_receiptdate)"}]}]}]}, "Unique SQL Id": 3745551476, "Planner Runtime": 0}, "explain_analyze_plan": {"Plan": {"Node Type": "Sort", "Startup Cost": 916688.59, "Total Cost": 916688.6, "Plan Rows": 1, "Plan Width": 24, "Actual Startup Time": 5282.088, "Actual Total Time": 5282.088, "Actual Rows": 5, "Actual Loops": 1, "Sort Key": ["orders.o_orderpriority"], "Sort Method": "quicksort", "Sort Space Used": 25, "Sort Space Type": "Memory", "Plans": [{"Node Type": "Aggregate", "Strategy": "Hashed", "Parent Relationship": "Outer", "Startup Cost": 916688.57, "Total Cost": 916688.58, "Plan Rows": 1, "Plan Width": 24, "Actual Startup Time": 5282.022, "Actual Total Time": 5282.024, "Actual Rows": 5, "Actual Loops": 1, "Group By Key": ["orders.o_orderpriority"], "Plans": [{"Node Type": "Nested Loop", "Parent Relationship": "Outer", "Join Type": "Semi", "Startup Cost": 14564.7, "Total Cost": 913841.52, "Plan Rows": 569410, "Plan Width": 16, "Actual Startup Time": 248.585, "Actual Total Time": 5001.846, "Actual Rows": 515106, "Actual Loops": 1, "Inner Unique": false, "Plans": [{"Node Type": "Bitmap Heap Scan", "Parent Relationship": "Outer", "Relation Name": "orders", "Alias": "orders", "Startup Cost": 14564.7, "Total Cost": 299524.85, "Plan Rows": 569410, "Plan Width": 24, "Actual Startup Time": 248.504, "Actual Total Time": 1075.41, "Actual Rows": 561612, "Actual Loops": 1, "Recheck Cond": "((o_orderdate >= '1995-01-01 00:00:00'::timestamp(0) without time zone) AND (o_orderdate < '1995-04-01 00:00:00'::timestamp without time zone)), (LLVM Optimized, Jit Execute)", "Rows Removed by Index Recheck": 0, "Exact Heap Blocks": 241676, "Lossy Heap Blocks": 241676, "Plans": [{"Node Type": "Bitmap Index Scan", "Parent Relationship": "Outer", "Index Name": "idx_orders_orderdate", "Startup Cost": 0.0, "Total Cost": 14422.35, "Plan Rows": 569410, "Plan Width": 0, "Actual Startup Time": 173.471, "Actual Total Time": 173.471, "Actual Rows": 561612, "Actual Loops": 1, "Index Cond": "((o_orderdate >= '1995-01-01 00:00:00'::timestamp(0) without time zone) AND (o_orderdate < '1995-04-01 00:00:00'::timestamp without time zone))"}]}, {"Node Type": "Index Scan", "Parent Relationship": "Inner", "Scan Direction": "Forward", "Index Name": "idx_lineitem_orderkey", "Relation Name": "lineitem", "Alias": "lineitem", "Startup Cost": 0.0, "Total Cost": 5.41, "Plan Rows": 3, "Plan Width": 8, "Actual Startup Time": 3512.894, "Actual Total Time": 3512.894, "Actual Rows": 515106, "Actual Loops": 561612, "Index Cond": "(l_orderkey = orders.o_orderkey)", "Rows Removed by Index Recheck": 0, "Filter": "(l_commitdate < l_receiptdate)", "Rows Removed by Filter": 299676}]}]}]}, "Triggers": [], "Planner Runtime": 0, "Total Runtime": 5291.829, "Unique SQL Id": 3745551476}}, "(64, 38)": {"explain_plan": {"Plan": {"Node Type": "Sort", "Startup Cost": 277414.2, "Total Cost": 277414.2, "Plan Rows": 1, "Plan Width": 24, "Sort Key": ["orders.o_orderpriority"], "Plans": [{"Node Type": "Aggregate", "Strategy": "Hashed", "Parent Relationship": "Outer", "Startup Cost": 277414.18, "Total Cost": 277414.19, "Plan Rows": 1, "Plan Width": 24, "Group By Key": ["orders.o_orderpriority"], "Plans": [{"Node Type": "Hash Join", "Parent Relationship": "Outer", "Join Type": "Inner", "Startup Cost": 238591.84, "Total Cost": 274567.13, "Plan Rows": 569410, "Plan Width": 16, "Inner Unique": true, "Hash Cond": "(lineitem.l_orderkey = orders.o_orderkey), (LLVM Optimized)", "Plans": [{"Node Type": "Aggregate", "Strategy": "Hashed", "Parent Relationship": "Outer", "Startup Cost": 148892.81, "Total Cost": 170915.49, "Plan Rows": 2202268, "Plan Width": 8, "Group By Key": ["lineitem.l_orderkey"], "Plans": [{"Node Type": "Streaming(type: LOCAL GATHER dop: 1/64)", "Parent Relationship": "Outer", "Startup Cost": 97610.5, "Total Cost": 143387.14, "Plan Rows": 2202268, "Plan Width": 8, "Plans": [{"Node Type": "Aggregate", "Strategy": "Hashed", "Parent Relationship": "Outer", "Startup Cost": 97610.5, "Total Cost": 97954.61, "Plan Rows": 2202268, "Plan Width": 8, "Group By Key": ["lineitem.l_orderkey"], "Plans": [{"Node Type": "Seq Scan", "Parent Relationship": "Outer", "Relation Name": "lineitem", "Alias": "lineitem", "Startup Cost": 0.0, "Total Cost": 96829.42, "Plan Rows": 19995678, "Plan Width": 8, "Filter": "(l_commitdate < l_receiptdate), (LLVM Optimized)"}]}]}]}, {"Node Type": "Hash", "Parent Relationship": "Inner", "Startup Cost": 82581.41, "Total Cost": 82581.41, "Plan Rows": 569410, "Plan Width": 24, "Plans": [{"Node Type": "Streaming(type: LOCAL GATHER dop: 1/64)", "Parent Relationship": "Outer", "Startup Cost": 57.33, "Total Cost": 82581.41, "Plan Rows": 569410, "Plan Width": 24, "Plans": [{"Node Type": "Seq Scan", "Parent Relationship": "Outer", "Relation Name": "orders", "Alias": "orders", "Startup Cost": 57.33, "Total Cost": 70834.55, "Plan Rows": 569410, "Plan Width": 24, "Filter": "((o_orderdate >= '1995-01-01 00:00:00'::timestamp(0) without time zone) AND (o_orderdate < '1995-04-01 00:00:00'::timestamp without time zone)), (LLVM Optimized)"}]}]}]}]}]}, "Unique SQL Id": 3745551476, "Planner Runtime": 0}, "explain_analyze_plan": {"Plan": {"Node Type": "Sort", "Startup Cost": 277414.2, "Total Cost": 277414.2, "Plan Rows": 1, "Plan Width": 24, "Actual Min Startup Time": 23766.987, "Actual Max Startup Time": 23766.987, "Actual Min Total Time": 23766.987, "Actual Max Total Time": 23766.987, "Sort Key": ["orders.o_orderpriority"], "Sort Method": "quicksort", "Sort Space Min Used": 25, "Sort Space Max Used": 25, "Sort Space Type": "Memory", "Plans": [{"Node Type": "Aggregate", "Strategy": "Hashed", "Parent Relationship": "Outer", "Startup Cost": 277414.18, "Total Cost": 277414.19, "Plan Rows": 1, "Plan Width": 24, "Actual Min Startup Time": 23766.921, "Actual Max Startup Time": 23766.921, "Actual Min Total Time": 23766.922, "Actual Max Total Time": 23766.922, "Group By Key": ["orders.o_orderpriority"], "Plans": [{"Node Type": "Hash Join", "Parent Relationship": "Outer", "Join Type": "Inner", "Startup Cost": 238591.84, "Total Cost": 274567.13, "Plan Rows": 569410, "Plan Width": 16, "Actual Min Startup Time": 14735.43, "Actual Max Startup Time": 14735.43, "Actual Min Total Time": 23551.885, "Actual Max Total Time": 23551.885, "Inner Unique": true, "Hash Cond": "(lineitem.l_orderkey = orders.o_orderkey), (LLVM Optimized, Jit Execute)", "Plans": [{"Node Type": "Aggregate", "Strategy": "Hashed", "Parent Relationship": "Outer", "Startup Cost": 148892.81, "Total Cost": 170915.49, "Plan Rows": 2202268, "Plan Width": 8, "Actual Min Startup Time": 14035.349, "Actual Max Startup Time": 14035.349, "Actual Min Total Time": 19818.083, "Actual Max Total Time": 19818.083, "Group By Key": ["lineitem.l_orderkey"], "Plans": [{"Node Type": "Streaming(type: LOCAL GATHER dop: 1/64)", "Parent Relationship": "Outer", "Startup Cost": 97610.5, "Total Cost": 143387.14, "Plan Rows": 2202268, "Plan Width": 8, "Actual Min Startup Time": 229.695, "Actual Max Startup Time": 229.695, "Actual Min Total Time": 5832.858, "Actual Max Total Time": 5832.858, "Plans": [{"Node Type": "Aggregate", "Strategy": "Hashed", "Parent Relationship": "Outer", "Startup Cost": 97610.5, "Total Cost": 97954.61, "Plan Rows": 2202268, "Plan Width": 8, "Actual Min Startup Time": 747.715, "Actual Max Startup Time": 860.278, "Actual Min Total Time": 818.769, "Actual Max Total Time": 988.082, "Group By Key": ["lineitem.l_orderkey"], "Plans": [{"Node Type": "Seq Scan", "Parent Relationship": "Outer", "Relation Name": "lineitem", "Alias": "lineitem", "Startup Cost": 0.0, "Total Cost": 96829.42, "Plan Rows": 19995678, "Plan Width": 8, "Actual Min Startup Time": 0.021, "Actual Max Startup Time": 0.04, "Actual Min Total Time": 492.564, "Actual Max Total Time": 522.811, "Filter": "(l_commitdate < l_receiptdate), (LLVM Optimized, Jit Execute)", "Rows Removed by Filter": 22056704, "Actual Rows": 37929348}], "Actual Rows": 13761080}], "Actual Rows": 13761080}], "Actual Rows": 13753474}, {"Node Type": "Hash", "Parent Relationship": "Inner", "Startup Cost": 82581.41, "Total Cost": 82581.41, "Plan Rows": 569410, "Plan Width": 24, "Actual Min Startup Time": 699.305, "Actual Max Startup Time": 699.305, "Actual Min Total Time": 699.305, "Actual Max Total Time": 699.305, "Max Hash Buckets": 1048576, "Min Hash Buckets": 1048576, "Max Hash Batches": 1, "Min Hash Batches": 1, "Max Original Hash Batches": 1, "Min Original Hash Batches": 1, "Max Peak Memory Usage": 30714, "min Peak Memory Usage": 30714, "Plans": [{"Node Type": "Streaming(type: LOCAL GATHER dop: 1/64)", "Parent Relationship": "Outer", "Startup Cost": 57.33, "Total Cost": 82581.41, "Plan Rows": 569410, "Plan Width": 24, "Actual Min Startup Time": 101.787, "Actual Max Startup Time": 101.787, "Actual Min Total Time": 451.33, "Actual Max Total Time": 451.33, "Plans": [{"Node Type": "Seq Scan", "Parent Relationship": "Outer", "Relation Name": "orders", "Alias": "orders", "Startup Cost": 57.33, "Total Cost": 70834.55, "Plan Rows": 569410, "Plan Width": 24, "Actual Min Startup Time": 0.03, "Actual Max Startup Time": 0.359, "Actual Min Total Time": 101.01, "Actual Max Total Time": 138.203, "Filter": "((o_orderdate >= '1995-01-01 00:00:00'::timestamp(0) without time zone) AND (o_orderdate < '1995-04-01 00:00:00'::timestamp without time zone)), (LLVM Optimized, Jit Execute)", "Rows Removed by Filter": 14438388, "Actual Rows": 561612}], "Actual Rows": 561612}], "Actual Rows": 561612}], "Actual Rows": 515106}], "Actual Rows": 5}], "Actual Rows": 5}, "Triggers": [], "Planner Runtime": 0, "Total Runtime": 23798.493, "Unique SQL Id": 3745551476}}, "(64, 39)": {"explain_plan": {"Plan": {"Node Type": "Sort", "Startup Cost": 2781642.36, "Total Cost": 2781642.36, "Plan Rows": 1, "Plan Width": 24, "Sort Key": ["orders.o_orderpriority"], "Plans": [{"Node Type": "Aggregate", "Strategy": "Hashed", "Parent Relationship": "Outer", "Startup Cost": 2781642.34, "Total Cost": 2781642.35, "Plan Rows": 1, "Plan Width": 24, "Group By Key": ["orders.o_orderpriority"], "Plans": [{"Node Type": "Nested Loop", "Parent Relationship": "Outer", "Join Type": "Semi", "Startup Cost": 14566.65, "Total Cost": 2778795.29, "Plan Rows": 569410, "Plan Width": 16, "Inner Unique": false, "Plans": [{"Node Type": "Bitmap Heap Scan", "Parent Relationship": "Outer", "Relation Name": "orders", "Alias": "orders", "Startup Cost": 14564.7, "Total Cost": 299524.85, "Plan Rows": 569410, "Plan Width": 24, "Recheck Cond": "((o_orderdate >= '1995-01-01 00:00:00'::timestamp(0) without time zone) AND (o_orderdate < '1995-04-01 00:00:00'::timestamp without time zone)), (LLVM Optimized)", "Plans": [{"Node Type": "Bitmap Index Scan", "Parent Relationship": "Outer", "Index Name": "idx_orders_orderdate", "Startup Cost": 0.0, "Total Cost": 14422.35, "Plan Rows": 569410, "Plan Width": 0, "Index Cond": "((o_orderdate >= '1995-01-01 00:00:00'::timestamp(0) without time zone) AND (o_orderdate < '1995-04-01 00:00:00'::timestamp without time zone))"}]}, {"Node Type": "Bitmap Heap Scan", "Parent Relationship": "Inner", "Relation Name": "lineitem", "Alias": "lineitem", "Startup Cost": 1.94, "Total Cost": 14.06, "Plan Rows": 3, "Plan Width": 8, "Recheck Cond": "(l_orderkey = orders.o_orderkey)", "Filter": "(l_commitdate < l_receiptdate)", "Plans": [{"Node Type": "Bitmap Index Scan", "Parent Relationship": "Outer", "Index Name": "idx_lineitem_orderkey", "Startup Cost": 0.0, "Total Cost": 1.94, "Plan Rows": 9, "Plan Width": 0, "Index Cond": "(l_orderkey = orders.o_orderkey)"}]}]}]}]}, "Unique SQL Id": 3745551476, "Planner Runtime": 0}, "explain_analyze_plan": {"Plan": {"Node Type": "Sort", "Startup Cost": 2781642.36, "Total Cost": 2781642.36, "Plan Rows": 1, "Plan Width": 24, "Actual Startup Time": 6948.197, "Actual Total Time": 6948.197, "Actual Rows": 5, "Actual Loops": 1, "Sort Key": ["orders.o_orderpriority"], "Sort Method": "quicksort", "Sort Space Used": 25, "Sort Space Type": "Memory", "Plans": [{"Node Type": "Aggregate", "Strategy": "Hashed", "Parent Relationship": "Outer", "Startup Cost": 2781642.34, "Total Cost": 2781642.35, "Plan Rows": 1, "Plan Width": 24, "Actual Startup Time": 6948.154, "Actual Total Time": 6948.156, "Actual Rows": 5, "Actual Loops": 1, "Group By Key": ["orders.o_orderpriority"], "Plans": [{"Node Type": "Nested Loop", "Parent Relationship": "Outer", "Join Type": "Semi", "Startup Cost": 14566.65, "Total Cost": 2778795.29, "Plan Rows": 569410, "Plan Width": 16, "Actual Startup Time": 242.485, "Actual Total Time": 6627.026, "Actual Rows": 515106, "Actual Loops": 1, "Inner Unique": false, "Plans": [{"Node Type": "Bitmap Heap Scan", "Parent Relationship": "Outer", "Relation Name": "orders", "Alias": "orders", "Startup Cost": 14564.7, "Total Cost": 299524.85, "Plan Rows": 569410, "Plan Width": 24, "Actual Startup Time": 242.383, "Actual Total Time": 1045.457, "Actual Rows": 561612, "Actual Loops": 1, "Recheck Cond": "((o_orderdate >= '1995-01-01 00:00:00'::timestamp(0) without time zone) AND (o_orderdate < '1995-04-01 00:00:00'::timestamp without time zone)), (LLVM Optimized, Jit Execute)", "Rows Removed by Index Recheck": 0, "Exact Heap Blocks": 241676, "Lossy Heap Blocks": 241676, "Plans": [{"Node Type": "Bitmap Index Scan", "Parent Relationship": "Outer", "Index Name": "idx_orders_orderdate", "Startup Cost": 0.0, "Total Cost": 14422.35, "Plan Rows": 569410, "Plan Width": 0, "Actual Startup Time": 166.951, "Actual Total Time": 166.951, "Actual Rows": 561612, "Actual Loops": 1, "Index Cond": "((o_orderdate >= '1995-01-01 00:00:00'::timestamp(0) without time zone) AND (o_orderdate < '1995-04-01 00:00:00'::timestamp without time zone))"}]}, {"Node Type": "Bitmap Heap Scan", "Parent Relationship": "Inner", "Relation Name": "lineitem", "Alias": "lineitem", "Startup Cost": 1.94, "Total Cost": 14.06, "Plan Rows": 3, "Plan Width": 8, "Actual Startup Time": 4824.463, "Actual Total Time": 4824.463, "Actual Rows": 515106, "Actual Loops": 561612, "Recheck Cond": "(l_orderkey = orders.o_orderkey)", "Rows Removed by Index Recheck": 0, "Filter": "(l_commitdate < l_receiptdate)", "Rows Removed by Filter": 299676, "Exact Heap Blocks": 567798, "Lossy Heap Blocks": 567798, "Plans": [{"Node Type": "Bitmap Index Scan", "Parent Relationship": "Outer", "Index Name": "idx_lineitem_orderkey", "Startup Cost": 0.0, "Total Cost": 1.94, "Plan Rows": 9, "Plan Width": 0, "Actual Startup Time": 2446.908, "Actual Total Time": 2446.908, "Actual Rows": 2246588, "Actual Loops": 561612, "Index Cond": "(l_orderkey = orders.o_orderkey)"}]}]}]}]}, "Triggers": [], "Planner Runtime": 0, "Total Runtime": 6961.186, "Unique SQL Id": 3745551476}}, "(64, 40)": {"explain_plan": {"Plan": {"Node Type": "Sort", "Startup Cost": 277414.2, "Total Cost": 277414.2, "Plan Rows": 1, "Plan Width": 24, "Sort Key": ["orders.o_orderpriority"], "Plans": [{"Node Type": "Aggregate", "Strategy": "Hashed", "Parent Relationship": "Outer", "Startup Cost": 277414.18, "Total Cost": 277414.19, "Plan Rows": 1, "Plan Width": 24, "Group By Key": ["orders.o_orderpriority"], "Plans": [{"Node Type": "Hash Join", "Parent Relationship": "Outer", "Join Type": "Inner", "Startup Cost": 238591.84, "Total Cost": 274567.13, "Plan Rows": 569410, "Plan Width": 16, "Inner Unique": true, "Hash Cond": "(lineitem.l_orderkey = orders.o_orderkey), (LLVM Optimized)", "Plans": [{"Node Type": "Aggregate", "Strategy": "Hashed", "Parent Relationship": "Outer", "Startup Cost": 148892.81, "Total Cost": 170915.49, "Plan Rows": 2202268, "Plan Width": 8, "Group By Key": ["lineitem.l_orderkey"], "Plans": [{"Node Type": "Streaming(type: LOCAL GATHER dop: 1/64)", "Parent Relationship": "Outer", "Startup Cost": 97610.5, "Total Cost": 143387.14, "Plan Rows": 2202268, "Plan Width": 8, "Plans": [{"Node Type": "Aggregate", "Strategy": "Hashed", "Parent Relationship": "Outer", "Startup Cost": 97610.5, "Total Cost": 97954.61, "Plan Rows": 2202268, "Plan Width": 8, "Group By Key": ["lineitem.l_orderkey"], "Plans": [{"Node Type": "Seq Scan", "Parent Relationship": "Outer", "Relation Name": "lineitem", "Alias": "lineitem", "Startup Cost": 0.0, "Total Cost": 96829.42, "Plan Rows": 19995678, "Plan Width": 8, "Filter": "(l_commitdate < l_receiptdate), (LLVM Optimized)"}]}]}]}, {"Node Type": "Hash", "Parent Relationship": "Inner", "Startup Cost": 82581.41, "Total Cost": 82581.41, "Plan Rows": 569410, "Plan Width": 24, "Plans": [{"Node Type": "Streaming(type: LOCAL GATHER dop: 1/64)", "Parent Relationship": "Outer", "Startup Cost": 57.33, "Total Cost": 82581.41, "Plan Rows": 569410, "Plan Width": 24, "Plans": [{"Node Type": "Seq Scan", "Parent Relationship": "Outer", "Relation Name": "orders", "Alias": "orders", "Startup Cost": 57.33, "Total Cost": 70834.55, "Plan Rows": 569410, "Plan Width": 24, "Filter": "((o_orderdate >= '1995-01-01 00:00:00'::timestamp(0) without time zone) AND (o_orderdate < '1995-04-01 00:00:00'::timestamp without time zone)), (LLVM Optimized)"}]}]}]}]}]}, "Unique SQL Id": 3745551476, "Planner Runtime": 0}, "explain_analyze_plan": {"Plan": {"Node Type": "Sort", "Startup Cost": 277414.2, "Total Cost": 277414.2, "Plan Rows": 1, "Plan Width": 24, "Actual Min Startup Time": 23766.987, "Actual Max Startup Time": 23766.987, "Actual Min Total Time": 23766.987, "Actual Max Total Time": 23766.987, "Sort Key": ["orders.o_orderpriority"], "Sort Method": "quicksort", "Sort Space Min Used": 25, "Sort Space Max Used": 25, "Sort Space Type": "Memory", "Plans": [{"Node Type": "Aggregate", "Strategy": "Hashed", "Parent Relationship": "Outer", "Startup Cost": 277414.18, "Total Cost": 277414.19, "Plan Rows": 1, "Plan Width": 24, "Actual Min Startup Time": 23766.921, "Actual Max Startup Time": 23766.921, "Actual Min Total Time": 23766.922, "Actual Max Total Time": 23766.922, "Group By Key": ["orders.o_orderpriority"], "Plans": [{"Node Type": "Hash Join", "Parent Relationship": "Outer", "Join Type": "Inner", "Startup Cost": 238591.84, "Total Cost": 274567.13, "Plan Rows": 569410, "Plan Width": 16, "Actual Min Startup Time": 14735.43, "Actual Max Startup Time": 14735.43, "Actual Min Total Time": 23551.885, "Actual Max Total Time": 23551.885, "Inner Unique": true, "Hash Cond": "(lineitem.l_orderkey = orders.o_orderkey), (LLVM Optimized, Jit Execute)", "Plans": [{"Node Type": "Aggregate", "Strategy": "Hashed", "Parent Relationship": "Outer", "Startup Cost": 148892.81, "Total Cost": 170915.49, "Plan Rows": 2202268, "Plan Width": 8, "Actual Min Startup Time": 14035.349, "Actual Max Startup Time": 14035.349, "Actual Min Total Time": 19818.083, "Actual Max Total Time": 19818.083, "Group By Key": ["lineitem.l_orderkey"], "Plans": [{"Node Type": "Streaming(type: LOCAL GATHER dop: 1/64)", "Parent Relationship": "Outer", "Startup Cost": 97610.5, "Total Cost": 143387.14, "Plan Rows": 2202268, "Plan Width": 8, "Actual Min Startup Time": 229.695, "Actual Max Startup Time": 229.695, "Actual Min Total Time": 5832.858, "Actual Max Total Time": 5832.858, "Plans": [{"Node Type": "Aggregate", "Strategy": "Hashed", "Parent Relationship": "Outer", "Startup Cost": 97610.5, "Total Cost": 97954.61, "Plan Rows": 2202268, "Plan Width": 8, "Actual Min Startup Time": 747.715, "Actual Max Startup Time": 860.278, "Actual Min Total Time": 818.769, "Actual Max Total Time": 988.082, "Group By Key": ["lineitem.l_orderkey"], "Plans": [{"Node Type": "Seq Scan", "Parent Relationship": "Outer", "Relation Name": "lineitem", "Alias": "lineitem", "Startup Cost": 0.0, "Total Cost": 96829.42, "Plan Rows": 19995678, "Plan Width": 8, "Actual Min Startup Time": 0.021, "Actual Max Startup Time": 0.04, "Actual Min Total Time": 492.564, "Actual Max Total Time": 522.811, "Filter": "(l_commitdate < l_receiptdate), (LLVM Optimized, Jit Execute)", "Rows Removed by Filter": 22056704, "Actual Rows": 37929348}], "Actual Rows": 13761080}], "Actual Rows": 13761080}], "Actual Rows": 13753474}, {"Node Type": "Hash", "Parent Relationship": "Inner", "Startup Cost": 82581.41, "Total Cost": 82581.41, "Plan Rows": 569410, "Plan Width": 24, "Actual Min Startup Time": 699.305, "Actual Max Startup Time": 699.305, "Actual Min Total Time": 699.305, "Actual Max Total Time": 699.305, "Max Hash Buckets": 1048576, "Min Hash Buckets": 1048576, "Max Hash Batches": 1, "Min Hash Batches": 1, "Max Original Hash Batches": 1, "Min Original Hash Batches": 1, "Max Peak Memory Usage": 30714, "min Peak Memory Usage": 30714, "Plans": [{"Node Type": "Streaming(type: LOCAL GATHER dop: 1/64)", "Parent Relationship": "Outer", "Startup Cost": 57.33, "Total Cost": 82581.41, "Plan Rows": 569410, "Plan Width": 24, "Actual Min Startup Time": 101.787, "Actual Max Startup Time": 101.787, "Actual Min Total Time": 451.33, "Actual Max Total Time": 451.33, "Plans": [{"Node Type": "Seq Scan", "Parent Relationship": "Outer", "Relation Name": "orders", "Alias": "orders", "Startup Cost": 57.33, "Total Cost": 70834.55, "Plan Rows": 569410, "Plan Width": 24, "Actual Min Startup Time": 0.03, "Actual Max Startup Time": 0.359, "Actual Min Total Time": 101.01, "Actual Max Total Time": 138.203, "Filter": "((o_orderdate >= '1995-01-01 00:00:00'::timestamp(0) without time zone) AND (o_orderdate < '1995-04-01 00:00:00'::timestamp without time zone)), (LLVM Optimized, Jit Execute)", "Rows Removed by Filter": 14438388, "Actual Rows": 561612}], "Actual Rows": 561612}], "Actual Rows": 561612}], "Actual Rows": 515106}], "Actual Rows": 5}], "Actual Rows": 5}, "Triggers": [], "Planner Runtime": 0, "Total Runtime": 23798.493, "Unique SQL Id": 3745551476}}, "(64, 41)": {"explain_plan": {"Plan": {"Node Type": "Sort", "Startup Cost": 1276409.75, "Total Cost": 1276409.75, "Plan Rows": 1, "Plan Width": 24, "Sort Key": ["orders.o_orderpriority"], "Plans": [{"Node Type": "Aggregate", "Strategy": "Hashed", "Parent Relationship": "Outer", "Startup Cost": 1276409.73, "Total Cost": 1276409.74, "Plan Rows": 1, "Plan Width": 24, "Group By Key": ["orders.o_orderpriority"], "Plans": [{"Node Type": "Nested Loop", "Parent Relationship": "Outer", "Join Type": "Semi", "Startup Cost": 0.0, "Total Cost": 1273562.68, "Plan Rows": 569410, "Plan Width": 16, "Inner Unique": false, "Plans": [{"Node Type": "Streaming(type: LOCAL GATHER dop: 1/64)", "Parent Relationship": "Outer", "Startup Cost": 0.0, "Total Cost": 659246.01, "Plan Rows": 569410, "Plan Width": 24, "Plans": [{"Node Type": "Index Scan", "Parent Relationship": "Outer", "Scan Direction": "Forward", "Index Name": "orders_pkey", "Relation Name": "orders", "Alias": "orders", "Startup Cost": 0.0, "Total Cost": 647499.15, "Plan Rows": 569410, "Plan Width": 24, "Filter": "((o_orderdate >= '1995-01-01 00:00:00'::timestamp(0) without time zone) AND (o_orderdate < '1995-04-01 00:00:00'::timestamp without time zone)), (LLVM Optimized)"}]}, {"Node Type": "Index Scan", "Parent Relationship": "Inner", "Scan Direction": "Forward", "Index Name": "idx_lineitem_orderkey", "Relation Name": "lineitem", "Alias": "lineitem", "Startup Cost": 0.0, "Total Cost": 5.41, "Plan Rows": 3, "Plan Width": 8, "Index Cond": "(l_orderkey = orders.o_orderkey)", "Filter": "(l_commitdate < l_receiptdate)"}]}]}]}, "Unique SQL Id": 3745551476, "Planner Runtime": 0}, "explain_analyze_plan": {"Plan": {"Node Type": "Sort", "Startup Cost": 1276409.75, "Total Cost": 1276409.75, "Plan Rows": 1, "Plan Width": 24, "Actual Min Startup Time": 5114.034, "Actual Max Startup Time": 5114.034, "Actual Min Total Time": 5114.035, "Actual Max Total Time": 5114.035, "Sort Key": ["orders.o_orderpriority"], "Sort Method": "quicksort", "Sort Space Min Used": 25, "Sort Space Max Used": 25, "Sort Space Type": "Memory", "Plans": [{"Node Type": "Aggregate", "Strategy": "Hashed", "Parent Relationship": "Outer", "Startup Cost": 1276409.73, "Total Cost": 1276409.74, "Plan Rows": 1, "Plan Width": 24, "Actual Min Startup Time": 5113.908, "Actual Max Startup Time": 5113.908, "Actual Min Total Time": 5113.916, "Actual Max Total Time": 5113.916, "Group By Key": ["orders.o_orderpriority"], "Plans": [{"Node Type": "Nested Loop", "Parent Relationship": "Outer", "Join Type": "Semi", "Startup Cost": 0.0, "Total Cost": 1273562.68, "Plan Rows": 569410, "Plan Width": 16, "Actual Min Startup Time": 280.535, "Actual Max Startup Time": 280.535, "Actual Min Total Time": 4847.659, "Actual Max Total Time": 4847.659, "Inner Unique": false, "Plans": [{"Node Type": "Streaming(type: LOCAL GATHER dop: 1/64)", "Parent Relationship": "Outer", "Startup Cost": 0.0, "Total Cost": 659246.01, "Plan Rows": 569410, "Plan Width": 24, "Actual Min Startup Time": 280.478, "Actual Max Startup Time": 280.478, "Actual Min Total Time": 562.974, "Actual Max Total Time": 562.974, "Plans": [{"Node Type": "Index Scan", "Parent Relationship": "Outer", "Scan Direction": "Forward", "Index Name": "orders_pkey", "Relation Name": "orders", "Alias": "orders", "Startup Cost": 0.0, "Total Cost": 647499.15, "Plan Rows": 569410, "Plan Width": 24, "Actual Min Startup Time": 84.099, "Actual Max Startup Time": 223.605, "Actual Min Total Time": 231.947, "Actual Max Total Time": 372.383, "Filter": "((o_orderdate >= '1995-01-01 00:00:00'::timestamp(0) without time zone) AND (o_orderdate < '1995-04-01 00:00:00'::timestamp without time zone)), (LLVM Optimized, Jit Execute)", "Rows Removed by Filter": 14438388, "Actual Rows": 561612}], "Actual Rows": 561612}, {"Node Type": "Index Scan", "Parent Relationship": "Inner", "Scan Direction": "Forward", "Index Name": "idx_lineitem_orderkey", "Relation Name": "lineitem", "Alias": "lineitem", "Startup Cost": 0.0, "Total Cost": 5.41, "Plan Rows": 3, "Plan Width": 8, "Actual Min Startup Time": 3869.73, "Actual Max Startup Time": 3869.73, "Actual Min Total Time": 3869.73, "Actual Max Total Time": 3869.73, "Index Cond": "(l_orderkey = orders.o_orderkey)", "Rows Removed by Index Recheck": 0, "Filter": "(l_commitdate < l_receiptdate)", "Rows Removed by Filter": 299676, "Actual Rows": 515106}], "Actual Rows": 515106}], "Actual Rows": 5}], "Actual Rows": 5}, "Triggers": [], "Planner Runtime": 0, "Total Runtime": 5134.044, "Unique SQL Id": 3745551476}}, "(64, 42)": {"explain_plan": {"Plan": {"Node Type": "Sort", "Startup Cost": 277414.2, "Total Cost": 277414.2, "Plan Rows": 1, "Plan Width": 24, "Sort Key": ["orders.o_orderpriority"], "Plans": [{"Node Type": "Aggregate", "Strategy": "Hashed", "Parent Relationship": "Outer", "Startup Cost": 277414.18, "Total Cost": 277414.19, "Plan Rows": 1, "Plan Width": 24, "Group By Key": ["orders.o_orderpriority"], "Plans": [{"Node Type": "Hash Join", "Parent Relationship": "Outer", "Join Type": "Inner", "Startup Cost": 238591.84, "Total Cost": 274567.13, "Plan Rows": 569410, "Plan Width": 16, "Inner Unique": true, "Hash Cond": "(lineitem.l_orderkey = orders.o_orderkey), (LLVM Optimized)", "Plans": [{"Node Type": "Aggregate", "Strategy": "Hashed", "Parent Relationship": "Outer", "Startup Cost": 148892.81, "Total Cost": 170915.49, "Plan Rows": 2202268, "Plan Width": 8, "Group By Key": ["lineitem.l_orderkey"], "Plans": [{"Node Type": "Streaming(type: LOCAL GATHER dop: 1/64)", "Parent Relationship": "Outer", "Startup Cost": 97610.5, "Total Cost": 143387.14, "Plan Rows": 2202268, "Plan Width": 8, "Plans": [{"Node Type": "Aggregate", "Strategy": "Hashed", "Parent Relationship": "Outer", "Startup Cost": 97610.5, "Total Cost": 97954.61, "Plan Rows": 2202268, "Plan Width": 8, "Group By Key": ["lineitem.l_orderkey"], "Plans": [{"Node Type": "Seq Scan", "Parent Relationship": "Outer", "Relation Name": "lineitem", "Alias": "lineitem", "Startup Cost": 0.0, "Total Cost": 96829.42, "Plan Rows": 19995678, "Plan Width": 8, "Filter": "(l_commitdate < l_receiptdate), (LLVM Optimized)"}]}]}]}, {"Node Type": "Hash", "Parent Relationship": "Inner", "Startup Cost": 82581.41, "Total Cost": 82581.41, "Plan Rows": 569410, "Plan Width": 24, "Plans": [{"Node Type": "Streaming(type: LOCAL GATHER dop: 1/64)", "Parent Relationship": "Outer", "Startup Cost": 57.33, "Total Cost": 82581.41, "Plan Rows": 569410, "Plan Width": 24, "Plans": [{"Node Type": "Seq Scan", "Parent Relationship": "Outer", "Relation Name": "orders", "Alias": "orders", "Startup Cost": 57.33, "Total Cost": 70834.55, "Plan Rows": 569410, "Plan Width": 24, "Filter": "((o_orderdate >= '1995-01-01 00:00:00'::timestamp(0) without time zone) AND (o_orderdate < '1995-04-01 00:00:00'::timestamp without time zone)), (LLVM Optimized)"}]}]}]}]}]}, "Unique SQL Id": 3745551476, "Planner Runtime": 0}, "explain_analyze_plan": {"Plan": {"Node Type": "Sort", "Startup Cost": 277414.2, "Total Cost": 277414.2, "Plan Rows": 1, "Plan Width": 24, "Actual Min Startup Time": 23766.987, "Actual Max Startup Time": 23766.987, "Actual Min Total Time": 23766.987, "Actual Max Total Time": 23766.987, "Sort Key": ["orders.o_orderpriority"], "Sort Method": "quicksort", "Sort Space Min Used": 25, "Sort Space Max Used": 25, "Sort Space Type": "Memory", "Plans": [{"Node Type": "Aggregate", "Strategy": "Hashed", "Parent Relationship": "Outer", "Startup Cost": 277414.18, "Total Cost": 277414.19, "Plan Rows": 1, "Plan Width": 24, "Actual Min Startup Time": 23766.921, "Actual Max Startup Time": 23766.921, "Actual Min Total Time": 23766.922, "Actual Max Total Time": 23766.922, "Group By Key": ["orders.o_orderpriority"], "Plans": [{"Node Type": "Hash Join", "Parent Relationship": "Outer", "Join Type": "Inner", "Startup Cost": 238591.84, "Total Cost": 274567.13, "Plan Rows": 569410, "Plan Width": 16, "Actual Min Startup Time": 14735.43, "Actual Max Startup Time": 14735.43, "Actual Min Total Time": 23551.885, "Actual Max Total Time": 23551.885, "Inner Unique": true, "Hash Cond": "(lineitem.l_orderkey = orders.o_orderkey), (LLVM Optimized, Jit Execute)", "Plans": [{"Node Type": "Aggregate", "Strategy": "Hashed", "Parent Relationship": "Outer", "Startup Cost": 148892.81, "Total Cost": 170915.49, "Plan Rows": 2202268, "Plan Width": 8, "Actual Min Startup Time": 14035.349, "Actual Max Startup Time": 14035.349, "Actual Min Total Time": 19818.083, "Actual Max Total Time": 19818.083, "Group By Key": ["lineitem.l_orderkey"], "Plans": [{"Node Type": "Streaming(type: LOCAL GATHER dop: 1/64)", "Parent Relationship": "Outer", "Startup Cost": 97610.5, "Total Cost": 143387.14, "Plan Rows": 2202268, "Plan Width": 8, "Actual Min Startup Time": 229.695, "Actual Max Startup Time": 229.695, "Actual Min Total Time": 5832.858, "Actual Max Total Time": 5832.858, "Plans": [{"Node Type": "Aggregate", "Strategy": "Hashed", "Parent Relationship": "Outer", "Startup Cost": 97610.5, "Total Cost": 97954.61, "Plan Rows": 2202268, "Plan Width": 8, "Actual Min Startup Time": 747.715, "Actual Max Startup Time": 860.278, "Actual Min Total Time": 818.769, "Actual Max Total Time": 988.082, "Group By Key": ["lineitem.l_orderkey"], "Plans": [{"Node Type": "Seq Scan", "Parent Relationship": "Outer", "Relation Name": "lineitem", "Alias": "lineitem", "Startup Cost": 0.0, "Total Cost": 96829.42, "Plan Rows": 19995678, "Plan Width": 8, "Actual Min Startup Time": 0.021, "Actual Max Startup Time": 0.04, "Actual Min Total Time": 492.564, "Actual Max Total Time": 522.811, "Filter": "(l_commitdate < l_receiptdate), (LLVM Optimized, Jit Execute)", "Rows Removed by Filter": 22056704, "Actual Rows": 37929348}], "Actual Rows": 13761080}], "Actual Rows": 13761080}], "Actual Rows": 13753474}, {"Node Type": "Hash", "Parent Relationship": "Inner", "Startup Cost": 82581.41, "Total Cost": 82581.41, "Plan Rows": 569410, "Plan Width": 24, "Actual Min Startup Time": 699.305, "Actual Max Startup Time": 699.305, "Actual Min Total Time": 699.305, "Actual Max Total Time": 699.305, "Max Hash Buckets": 1048576, "Min Hash Buckets": 1048576, "Max Hash Batches": 1, "Min Hash Batches": 1, "Max Original Hash Batches": 1, "Min Original Hash Batches": 1, "Max Peak Memory Usage": 30714, "min Peak Memory Usage": 30714, "Plans": [{"Node Type": "Streaming(type: LOCAL GATHER dop: 1/64)", "Parent Relationship": "Outer", "Startup Cost": 57.33, "Total Cost": 82581.41, "Plan Rows": 569410, "Plan Width": 24, "Actual Min Startup Time": 101.787, "Actual Max Startup Time": 101.787, "Actual Min Total Time": 451.33, "Actual Max Total Time": 451.33, "Plans": [{"Node Type": "Seq Scan", "Parent Relationship": "Outer", "Relation Name": "orders", "Alias": "orders", "Startup Cost": 57.33, "Total Cost": 70834.55, "Plan Rows": 569410, "Plan Width": 24, "Actual Min Startup Time": 0.03, "Actual Max Startup Time": 0.359, "Actual Min Total Time": 101.01, "Actual Max Total Time": 138.203, "Filter": "((o_orderdate >= '1995-01-01 00:00:00'::timestamp(0) without time zone) AND (o_orderdate < '1995-04-01 00:00:00'::timestamp without time zone)), (LLVM Optimized, Jit Execute)", "Rows Removed by Filter": 14438388, "Actual Rows": 561612}], "Actual Rows": 561612}], "Actual Rows": 561612}], "Actual Rows": 515106}], "Actual Rows": 5}], "Actual Rows": 5}, "Triggers": [], "Planner Runtime": 0, "Total Runtime": 23798.493, "Unique SQL Id": 3745551476}}, "(64, 43)": {"explain_plan": {"Plan": {"Node Type": "Sort", "Startup Cost": 2000419705357.26, "Total Cost": 2000419705357.26, "Plan Rows": 1, "Plan Width": 24, "Sort Key": ["orders.o_orderpriority"], "Plans": [{"Node Type": "Aggregate", "Strategy": "Hashed", "Parent Relationship": "Outer", "Startup Cost": 2000419705357.24, "Total Cost": 2000419705357.25, "Plan Rows": 1, "Plan Width": 24, "Group By Key": ["orders.o_orderpriority"], "Plans": [{"Node Type": "Hash Join", "Parent Relationship": "Outer", "Join Type": "Right Semi", "Startup Cost": 1010080604700.62, "Total Cost": 2000419702510.19, "Plan Rows": 569410, "Plan Width": 16, "Inner Unique": true, "Hash Cond": "(lineitem.l_orderkey = orders.o_orderkey), (LLVM Optimized)", "Plans": [{"Node Type": "Index Scan", "Parent Relationship": "Outer", "Scan Direction": "Forward", "Index Name": "idx_lineitem_orderkey", "Relation Name": "lineitem", "Alias": "lineitem", "Startup Cost": 10000000000.0, "Total Cost": 1000339012132.75, "Plan Rows": 19995678, "Plan Width": 8, "Filter": "(l_commitdate < l_receiptdate), (LLVM Optimized)"}, {"Node Type": "Hash", "Parent Relationship": "Inner", "Startup Cost": 1000080597583.0, "Total Cost": 1000080597583.0, "Plan Rows": 569410, "Plan Width": 24, "Plans": [{"Node Type": "Index Scan", "Parent Relationship": "Outer", "Scan Direction": "Forward", "Index Name": "orders_pkey", "Relation Name": "orders", "Alias": "orders", "Startup Cost": 10000000000.0, "Total Cost": 1000080597583.0, "Plan Rows": 569410, "Plan Width": 24, "Filter": "((o_orderdate >= '1995-01-01 00:00:00'::timestamp(0) without time zone) AND (o_orderdate < '1995-04-01 00:00:00'::timestamp without time zone)), (LLVM Optimized)"}]}]}]}]}, "Unique SQL Id": 3745551476, "Planner Runtime": 0}, "explain_analyze_plan": null}, "(64, 44)": {"explain_plan": {"Plan": {"Node Type": "Sort", "Startup Cost": 277414.2, "Total Cost": 277414.2, "Plan Rows": 1, "Plan Width": 24, "Sort Key": ["orders.o_orderpriority"], "Plans": [{"Node Type": "Aggregate", "Strategy": "Hashed", "Parent Relationship": "Outer", "Startup Cost": 277414.18, "Total Cost": 277414.19, "Plan Rows": 1, "Plan Width": 24, "Group By Key": ["orders.o_orderpriority"], "Plans": [{"Node Type": "Hash Join", "Parent Relationship": "Outer", "Join Type": "Inner", "Startup Cost": 238591.84, "Total Cost": 274567.13, "Plan Rows": 569410, "Plan Width": 16, "Inner Unique": true, "Hash Cond": "(lineitem.l_orderkey = orders.o_orderkey), (LLVM Optimized)", "Plans": [{"Node Type": "Aggregate", "Strategy": "Hashed", "Parent Relationship": "Outer", "Startup Cost": 148892.81, "Total Cost": 170915.49, "Plan Rows": 2202268, "Plan Width": 8, "Group By Key": ["lineitem.l_orderkey"], "Plans": [{"Node Type": "Streaming(type: LOCAL GATHER dop: 1/64)", "Parent Relationship": "Outer", "Startup Cost": 97610.5, "Total Cost": 143387.14, "Plan Rows": 2202268, "Plan Width": 8, "Plans": [{"Node Type": "Aggregate", "Strategy": "Hashed", "Parent Relationship": "Outer", "Startup Cost": 97610.5, "Total Cost": 97954.61, "Plan Rows": 2202268, "Plan Width": 8, "Group By Key": ["lineitem.l_orderkey"], "Plans": [{"Node Type": "Seq Scan", "Parent Relationship": "Outer", "Relation Name": "lineitem", "Alias": "lineitem", "Startup Cost": 0.0, "Total Cost": 96829.42, "Plan Rows": 19995678, "Plan Width": 8, "Filter": "(l_commitdate < l_receiptdate), (LLVM Optimized)"}]}]}]}, {"Node Type": "Hash", "Parent Relationship": "Inner", "Startup Cost": 82581.41, "Total Cost": 82581.41, "Plan Rows": 569410, "Plan Width": 24, "Plans": [{"Node Type": "Streaming(type: LOCAL GATHER dop: 1/64)", "Parent Relationship": "Outer", "Startup Cost": 57.33, "Total Cost": 82581.41, "Plan Rows": 569410, "Plan Width": 24, "Plans": [{"Node Type": "Seq Scan", "Parent Relationship": "Outer", "Relation Name": "orders", "Alias": "orders", "Startup Cost": 57.33, "Total Cost": 70834.55, "Plan Rows": 569410, "Plan Width": 24, "Filter": "((o_orderdate >= '1995-01-01 00:00:00'::timestamp(0) without time zone) AND (o_orderdate < '1995-04-01 00:00:00'::timestamp without time zone)), (LLVM Optimized)"}]}]}]}]}]}, "Unique SQL Id": 3745551476, "Planner Runtime": 1}, "explain_analyze_plan": {"Plan": {"Node Type": "Sort", "Startup Cost": 277414.2, "Total Cost": 277414.2, "Plan Rows": 1, "Plan Width": 24, "Actual Min Startup Time": 23766.987, "Actual Max Startup Time": 23766.987, "Actual Min Total Time": 23766.987, "Actual Max Total Time": 23766.987, "Sort Key": ["orders.o_orderpriority"], "Sort Method": "quicksort", "Sort Space Min Used": 25, "Sort Space Max Used": 25, "Sort Space Type": "Memory", "Plans": [{"Node Type": "Aggregate", "Strategy": "Hashed", "Parent Relationship": "Outer", "Startup Cost": 277414.18, "Total Cost": 277414.19, "Plan Rows": 1, "Plan Width": 24, "Actual Min Startup Time": 23766.921, "Actual Max Startup Time": 23766.921, "Actual Min Total Time": 23766.922, "Actual Max Total Time": 23766.922, "Group By Key": ["orders.o_orderpriority"], "Plans": [{"Node Type": "Hash Join", "Parent Relationship": "Outer", "Join Type": "Inner", "Startup Cost": 238591.84, "Total Cost": 274567.13, "Plan Rows": 569410, "Plan Width": 16, "Actual Min Startup Time": 14735.43, "Actual Max Startup Time": 14735.43, "Actual Min Total Time": 23551.885, "Actual Max Total Time": 23551.885, "Inner Unique": true, "Hash Cond": "(lineitem.l_orderkey = orders.o_orderkey), (LLVM Optimized, Jit Execute)", "Plans": [{"Node Type": "Aggregate", "Strategy": "Hashed", "Parent Relationship": "Outer", "Startup Cost": 148892.81, "Total Cost": 170915.49, "Plan Rows": 2202268, "Plan Width": 8, "Actual Min Startup Time": 14035.349, "Actual Max Startup Time": 14035.349, "Actual Min Total Time": 19818.083, "Actual Max Total Time": 19818.083, "Group By Key": ["lineitem.l_orderkey"], "Plans": [{"Node Type": "Streaming(type: LOCAL GATHER dop: 1/64)", "Parent Relationship": "Outer", "Startup Cost": 97610.5, "Total Cost": 143387.14, "Plan Rows": 2202268, "Plan Width": 8, "Actual Min Startup Time": 229.695, "Actual Max Startup Time": 229.695, "Actual Min Total Time": 5832.858, "Actual Max Total Time": 5832.858, "Plans": [{"Node Type": "Aggregate", "Strategy": "Hashed", "Parent Relationship": "Outer", "Startup Cost": 97610.5, "Total Cost": 97954.61, "Plan Rows": 2202268, "Plan Width": 8, "Actual Min Startup Time": 747.715, "Actual Max Startup Time": 860.278, "Actual Min Total Time": 818.769, "Actual Max Total Time": 988.082, "Group By Key": ["lineitem.l_orderkey"], "Plans": [{"Node Type": "Seq Scan", "Parent Relationship": "Outer", "Relation Name": "lineitem", "Alias": "lineitem", "Startup Cost": 0.0, "Total Cost": 96829.42, "Plan Rows": 19995678, "Plan Width": 8, "Actual Min Startup Time": 0.021, "Actual Max Startup Time": 0.04, "Actual Min Total Time": 492.564, "Actual Max Total Time": 522.811, "Filter": "(l_commitdate < l_receiptdate), (LLVM Optimized, Jit Execute)", "Rows Removed by Filter": 22056704, "Actual Rows": 37929348}], "Actual Rows": 13761080}], "Actual Rows": 13761080}], "Actual Rows": 13753474}, {"Node Type": "Hash", "Parent Relationship": "Inner", "Startup Cost": 82581.41, "Total Cost": 82581.41, "Plan Rows": 569410, "Plan Width": 24, "Actual Min Startup Time": 699.305, "Actual Max Startup Time": 699.305, "Actual Min Total Time": 699.305, "Actual Max Total Time": 699.305, "Max Hash Buckets": 1048576, "Min Hash Buckets": 1048576, "Max Hash Batches": 1, "Min Hash Batches": 1, "Max Original Hash Batches": 1, "Min Original Hash Batches": 1, "Max Peak Memory Usage": 30714, "min Peak Memory Usage": 30714, "Plans": [{"Node Type": "Streaming(type: LOCAL GATHER dop: 1/64)", "Parent Relationship": "Outer", "Startup Cost": 57.33, "Total Cost": 82581.41, "Plan Rows": 569410, "Plan Width": 24, "Actual Min Startup Time": 101.787, "Actual Max Startup Time": 101.787, "Actual Min Total Time": 451.33, "Actual Max Total Time": 451.33, "Plans": [{"Node Type": "Seq Scan", "Parent Relationship": "Outer", "Relation Name": "orders", "Alias": "orders", "Startup Cost": 57.33, "Total Cost": 70834.55, "Plan Rows": 569410, "Plan Width": 24, "Actual Min Startup Time": 0.03, "Actual Max Startup Time": 0.359, "Actual Min Total Time": 101.01, "Actual Max Total Time": 138.203, "Filter": "((o_orderdate >= '1995-01-01 00:00:00'::timestamp(0) without time zone) AND (o_orderdate < '1995-04-01 00:00:00'::timestamp without time zone)), (LLVM Optimized, Jit Execute)", "Rows Removed by Filter": 14438388, "Actual Rows": 561612}], "Actual Rows": 561612}], "Actual Rows": 561612}], "Actual Rows": 515106}], "Actual Rows": 5}], "Actual Rows": 5}, "Triggers": [], "Planner Runtime": 0, "Total Runtime": 23798.493, "Unique SQL Id": 3745551476}}, "(64, 45)": {"explain_plan": {"Plan": {"Node Type": "Sort", "Startup Cost": 1276409.75, "Total Cost": 1276409.75, "Plan Rows": 1, "Plan Width": 24, "Sort Key": ["orders.o_orderpriority"], "Plans": [{"Node Type": "Aggregate", "Strategy": "Hashed", "Parent Relationship": "Outer", "Startup Cost": 1276409.73, "Total Cost": 1276409.74, "Plan Rows": 1, "Plan Width": 24, "Group By Key": ["orders.o_orderpriority"], "Plans": [{"Node Type": "Nested Loop", "Parent Relationship": "Outer", "Join Type": "Semi", "Startup Cost": 0.0, "Total Cost": 1273562.68, "Plan Rows": 569410, "Plan Width": 16, "Inner Unique": false, "Plans": [{"Node Type": "Streaming(type: LOCAL GATHER dop: 1/64)", "Parent Relationship": "Outer", "Startup Cost": 0.0, "Total Cost": 659246.01, "Plan Rows": 569410, "Plan Width": 24, "Plans": [{"Node Type": "Index Scan", "Parent Relationship": "Outer", "Scan Direction": "Forward", "Index Name": "orders_pkey", "Relation Name": "orders", "Alias": "orders", "Startup Cost": 0.0, "Total Cost": 647499.15, "Plan Rows": 569410, "Plan Width": 24, "Filter": "((o_orderdate >= '1995-01-01 00:00:00'::timestamp(0) without time zone) AND (o_orderdate < '1995-04-01 00:00:00'::timestamp without time zone)), (LLVM Optimized)"}]}, {"Node Type": "Index Scan", "Parent Relationship": "Inner", "Scan Direction": "Forward", "Index Name": "idx_lineitem_orderkey", "Relation Name": "lineitem", "Alias": "lineitem", "Startup Cost": 0.0, "Total Cost": 5.41, "Plan Rows": 3, "Plan Width": 8, "Index Cond": "(l_orderkey = orders.o_orderkey)", "Filter": "(l_commitdate < l_receiptdate)"}]}]}]}, "Unique SQL Id": 3745551476, "Planner Runtime": 0}, "explain_analyze_plan": {"Plan": {"Node Type": "Sort", "Startup Cost": 1276409.75, "Total Cost": 1276409.75, "Plan Rows": 1, "Plan Width": 24, "Actual Min Startup Time": 5114.034, "Actual Max Startup Time": 5114.034, "Actual Min Total Time": 5114.035, "Actual Max Total Time": 5114.035, "Sort Key": ["orders.o_orderpriority"], "Sort Method": "quicksort", "Sort Space Min Used": 25, "Sort Space Max Used": 25, "Sort Space Type": "Memory", "Plans": [{"Node Type": "Aggregate", "Strategy": "Hashed", "Parent Relationship": "Outer", "Startup Cost": 1276409.73, "Total Cost": 1276409.74, "Plan Rows": 1, "Plan Width": 24, "Actual Min Startup Time": 5113.908, "Actual Max Startup Time": 5113.908, "Actual Min Total Time": 5113.916, "Actual Max Total Time": 5113.916, "Group By Key": ["orders.o_orderpriority"], "Plans": [{"Node Type": "Nested Loop", "Parent Relationship": "Outer", "Join Type": "Semi", "Startup Cost": 0.0, "Total Cost": 1273562.68, "Plan Rows": 569410, "Plan Width": 16, "Actual Min Startup Time": 280.535, "Actual Max Startup Time": 280.535, "Actual Min Total Time": 4847.659, "Actual Max Total Time": 4847.659, "Inner Unique": false, "Plans": [{"Node Type": "Streaming(type: LOCAL GATHER dop: 1/64)", "Parent Relationship": "Outer", "Startup Cost": 0.0, "Total Cost": 659246.01, "Plan Rows": 569410, "Plan Width": 24, "Actual Min Startup Time": 280.478, "Actual Max Startup Time": 280.478, "Actual Min Total Time": 562.974, "Actual Max Total Time": 562.974, "Plans": [{"Node Type": "Index Scan", "Parent Relationship": "Outer", "Scan Direction": "Forward", "Index Name": "orders_pkey", "Relation Name": "orders", "Alias": "orders", "Startup Cost": 0.0, "Total Cost": 647499.15, "Plan Rows": 569410, "Plan Width": 24, "Actual Min Startup Time": 84.099, "Actual Max Startup Time": 223.605, "Actual Min Total Time": 231.947, "Actual Max Total Time": 372.383, "Filter": "((o_orderdate >= '1995-01-01 00:00:00'::timestamp(0) without time zone) AND (o_orderdate < '1995-04-01 00:00:00'::timestamp without time zone)), (LLVM Optimized, Jit Execute)", "Rows Removed by Filter": 14438388, "Actual Rows": 561612}], "Actual Rows": 561612}, {"Node Type": "Index Scan", "Parent Relationship": "Inner", "Scan Direction": "Forward", "Index Name": "idx_lineitem_orderkey", "Relation Name": "lineitem", "Alias": "lineitem", "Startup Cost": 0.0, "Total Cost": 5.41, "Plan Rows": 3, "Plan Width": 8, "Actual Min Startup Time": 3869.73, "Actual Max Startup Time": 3869.73, "Actual Min Total Time": 3869.73, "Actual Max Total Time": 3869.73, "Index Cond": "(l_orderkey = orders.o_orderkey)", "Rows Removed by Index Recheck": 0, "Filter": "(l_commitdate < l_receiptdate)", "Rows Removed by Filter": 299676, "Actual Rows": 515106}], "Actual Rows": 515106}], "Actual Rows": 5}], "Actual Rows": 5}, "Triggers": [], "Planner Runtime": 0, "Total Runtime": 5134.044, "Unique SQL Id": 3745551476}}, "(64, 46)": {"explain_plan": {"Plan": {"Node Type": "Sort", "Startup Cost": 277414.2, "Total Cost": 277414.2, "Plan Rows": 1, "Plan Width": 24, "Sort Key": ["orders.o_orderpriority"], "Plans": [{"Node Type": "Aggregate", "Strategy": "Hashed", "Parent Relationship": "Outer", "Startup Cost": 277414.18, "Total Cost": 277414.19, "Plan Rows": 1, "Plan Width": 24, "Group By Key": ["orders.o_orderpriority"], "Plans": [{"Node Type": "Hash Join", "Parent Relationship": "Outer", "Join Type": "Inner", "Startup Cost": 238591.84, "Total Cost": 274567.13, "Plan Rows": 569410, "Plan Width": 16, "Inner Unique": true, "Hash Cond": "(lineitem.l_orderkey = orders.o_orderkey), (LLVM Optimized)", "Plans": [{"Node Type": "Aggregate", "Strategy": "Hashed", "Parent Relationship": "Outer", "Startup Cost": 148892.81, "Total Cost": 170915.49, "Plan Rows": 2202268, "Plan Width": 8, "Group By Key": ["lineitem.l_orderkey"], "Plans": [{"Node Type": "Streaming(type: LOCAL GATHER dop: 1/64)", "Parent Relationship": "Outer", "Startup Cost": 97610.5, "Total Cost": 143387.14, "Plan Rows": 2202268, "Plan Width": 8, "Plans": [{"Node Type": "Aggregate", "Strategy": "Hashed", "Parent Relationship": "Outer", "Startup Cost": 97610.5, "Total Cost": 97954.61, "Plan Rows": 2202268, "Plan Width": 8, "Group By Key": ["lineitem.l_orderkey"], "Plans": [{"Node Type": "Seq Scan", "Parent Relationship": "Outer", "Relation Name": "lineitem", "Alias": "lineitem", "Startup Cost": 0.0, "Total Cost": 96829.42, "Plan Rows": 19995678, "Plan Width": 8, "Filter": "(l_commitdate < l_receiptdate), (LLVM Optimized)"}]}]}]}, {"Node Type": "Hash", "Parent Relationship": "Inner", "Startup Cost": 82581.41, "Total Cost": 82581.41, "Plan Rows": 569410, "Plan Width": 24, "Plans": [{"Node Type": "Streaming(type: LOCAL GATHER dop: 1/64)", "Parent Relationship": "Outer", "Startup Cost": 57.33, "Total Cost": 82581.41, "Plan Rows": 569410, "Plan Width": 24, "Plans": [{"Node Type": "Seq Scan", "Parent Relationship": "Outer", "Relation Name": "orders", "Alias": "orders", "Startup Cost": 57.33, "Total Cost": 70834.55, "Plan Rows": 569410, "Plan Width": 24, "Filter": "((o_orderdate >= '1995-01-01 00:00:00'::timestamp(0) without time zone) AND (o_orderdate < '1995-04-01 00:00:00'::timestamp without time zone)), (LLVM Optimized)"}]}]}]}]}]}, "Unique SQL Id": 3745551476, "Planner Runtime": 0}, "explain_analyze_plan": {"Plan": {"Node Type": "Sort", "Startup Cost": 277414.2, "Total Cost": 277414.2, "Plan Rows": 1, "Plan Width": 24, "Actual Min Startup Time": 23766.987, "Actual Max Startup Time": 23766.987, "Actual Min Total Time": 23766.987, "Actual Max Total Time": 23766.987, "Sort Key": ["orders.o_orderpriority"], "Sort Method": "quicksort", "Sort Space Min Used": 25, "Sort Space Max Used": 25, "Sort Space Type": "Memory", "Plans": [{"Node Type": "Aggregate", "Strategy": "Hashed", "Parent Relationship": "Outer", "Startup Cost": 277414.18, "Total Cost": 277414.19, "Plan Rows": 1, "Plan Width": 24, "Actual Min Startup Time": 23766.921, "Actual Max Startup Time": 23766.921, "Actual Min Total Time": 23766.922, "Actual Max Total Time": 23766.922, "Group By Key": ["orders.o_orderpriority"], "Plans": [{"Node Type": "Hash Join", "Parent Relationship": "Outer", "Join Type": "Inner", "Startup Cost": 238591.84, "Total Cost": 274567.13, "Plan Rows": 569410, "Plan Width": 16, "Actual Min Startup Time": 14735.43, "Actual Max Startup Time": 14735.43, "Actual Min Total Time": 23551.885, "Actual Max Total Time": 23551.885, "Inner Unique": true, "Hash Cond": "(lineitem.l_orderkey = orders.o_orderkey), (LLVM Optimized, Jit Execute)", "Plans": [{"Node Type": "Aggregate", "Strategy": "Hashed", "Parent Relationship": "Outer", "Startup Cost": 148892.81, "Total Cost": 170915.49, "Plan Rows": 2202268, "Plan Width": 8, "Actual Min Startup Time": 14035.349, "Actual Max Startup Time": 14035.349, "Actual Min Total Time": 19818.083, "Actual Max Total Time": 19818.083, "Group By Key": ["lineitem.l_orderkey"], "Plans": [{"Node Type": "Streaming(type: LOCAL GATHER dop: 1/64)", "Parent Relationship": "Outer", "Startup Cost": 97610.5, "Total Cost": 143387.14, "Plan Rows": 2202268, "Plan Width": 8, "Actual Min Startup Time": 229.695, "Actual Max Startup Time": 229.695, "Actual Min Total Time": 5832.858, "Actual Max Total Time": 5832.858, "Plans": [{"Node Type": "Aggregate", "Strategy": "Hashed", "Parent Relationship": "Outer", "Startup Cost": 97610.5, "Total Cost": 97954.61, "Plan Rows": 2202268, "Plan Width": 8, "Actual Min Startup Time": 747.715, "Actual Max Startup Time": 860.278, "Actual Min Total Time": 818.769, "Actual Max Total Time": 988.082, "Group By Key": ["lineitem.l_orderkey"], "Plans": [{"Node Type": "Seq Scan", "Parent Relationship": "Outer", "Relation Name": "lineitem", "Alias": "lineitem", "Startup Cost": 0.0, "Total Cost": 96829.42, "Plan Rows": 19995678, "Plan Width": 8, "Actual Min Startup Time": 0.021, "Actual Max Startup Time": 0.04, "Actual Min Total Time": 492.564, "Actual Max Total Time": 522.811, "Filter": "(l_commitdate < l_receiptdate), (LLVM Optimized, Jit Execute)", "Rows Removed by Filter": 22056704, "Actual Rows": 37929348}], "Actual Rows": 13761080}], "Actual Rows": 13761080}], "Actual Rows": 13753474}, {"Node Type": "Hash", "Parent Relationship": "Inner", "Startup Cost": 82581.41, "Total Cost": 82581.41, "Plan Rows": 569410, "Plan Width": 24, "Actual Min Startup Time": 699.305, "Actual Max Startup Time": 699.305, "Actual Min Total Time": 699.305, "Actual Max Total Time": 699.305, "Max Hash Buckets": 1048576, "Min Hash Buckets": 1048576, "Max Hash Batches": 1, "Min Hash Batches": 1, "Max Original Hash Batches": 1, "Min Original Hash Batches": 1, "Max Peak Memory Usage": 30714, "min Peak Memory Usage": 30714, "Plans": [{"Node Type": "Streaming(type: LOCAL GATHER dop: 1/64)", "Parent Relationship": "Outer", "Startup Cost": 57.33, "Total Cost": 82581.41, "Plan Rows": 569410, "Plan Width": 24, "Actual Min Startup Time": 101.787, "Actual Max Startup Time": 101.787, "Actual Min Total Time": 451.33, "Actual Max Total Time": 451.33, "Plans": [{"Node Type": "Seq Scan", "Parent Relationship": "Outer", "Relation Name": "orders", "Alias": "orders", "Startup Cost": 57.33, "Total Cost": 70834.55, "Plan Rows": 569410, "Plan Width": 24, "Actual Min Startup Time": 0.03, "Actual Max Startup Time": 0.359, "Actual Min Total Time": 101.01, "Actual Max Total Time": 138.203, "Filter": "((o_orderdate >= '1995-01-01 00:00:00'::timestamp(0) without time zone) AND (o_orderdate < '1995-04-01 00:00:00'::timestamp without time zone)), (LLVM Optimized, Jit Execute)", "Rows Removed by Filter": 14438388, "Actual Rows": 561612}], "Actual Rows": 561612}], "Actual Rows": 561612}], "Actual Rows": 515106}], "Actual Rows": 5}], "Actual Rows": 5}, "Triggers": [], "Planner Runtime": 0, "Total Runtime": 23798.493, "Unique SQL Id": 3745551476}}, "(64, 47)": {"explain_plan": {"Plan": {"Node Type": "Sort", "Startup Cost": 2000419705357.26, "Total Cost": 2000419705357.26, "Plan Rows": 1, "Plan Width": 24, "Sort Key": ["orders.o_orderpriority"], "Plans": [{"Node Type": "Aggregate", "Strategy": "Hashed", "Parent Relationship": "Outer", "Startup Cost": 2000419705357.24, "Total Cost": 2000419705357.25, "Plan Rows": 1, "Plan Width": 24, "Group By Key": ["orders.o_orderpriority"], "Plans": [{"Node Type": "Hash Join", "Parent Relationship": "Outer", "Join Type": "Right Semi", "Startup Cost": 1010080604700.62, "Total Cost": 2000419702510.19, "Plan Rows": 569410, "Plan Width": 16, "Inner Unique": true, "Hash Cond": "(lineitem.l_orderkey = orders.o_orderkey), (LLVM Optimized)", "Plans": [{"Node Type": "Index Scan", "Parent Relationship": "Outer", "Scan Direction": "Forward", "Index Name": "idx_lineitem_orderkey", "Relation Name": "lineitem", "Alias": "lineitem", "Startup Cost": 10000000000.0, "Total Cost": 1000339012132.75, "Plan Rows": 19995678, "Plan Width": 8, "Filter": "(l_commitdate < l_receiptdate), (LLVM Optimized)"}, {"Node Type": "Hash", "Parent Relationship": "Inner", "Startup Cost": 1000080597583.0, "Total Cost": 1000080597583.0, "Plan Rows": 569410, "Plan Width": 24, "Plans": [{"Node Type": "Index Scan", "Parent Relationship": "Outer", "Scan Direction": "Forward", "Index Name": "orders_pkey", "Relation Name": "orders", "Alias": "orders", "Startup Cost": 10000000000.0, "Total Cost": 1000080597583.0, "Plan Rows": 569410, "Plan Width": 24, "Filter": "((o_orderdate >= '1995-01-01 00:00:00'::timestamp(0) without time zone) AND (o_orderdate < '1995-04-01 00:00:00'::timestamp without time zone)), (LLVM Optimized)"}]}]}]}]}, "Unique SQL Id": 3745551476, "Planner Runtime": 0}, "explain_analyze_plan": null}, "(64, 48)": {"explain_plan": {"Plan": {"Node Type": "Sort", "Startup Cost": 699745.15, "Total Cost": 699745.15, "Plan Rows": 1, "Plan Width": 24, "Sort Key": ["orders.o_orderpriority"], "Plans": [{"Node Type": "Aggregate", "Strategy": "Hashed", "Parent Relationship": "Outer", "Startup Cost": 699745.13, "Total Cost": 699745.14, "Plan Rows": 1, "Plan Width": 24, "Group By Key": ["orders.o_orderpriority"], "Plans": [{"Node Type": "Nested Loop", "Parent Relationship": "Outer", "Join Type": "Semi", "Startup Cost": 57.33, "Total Cost": 696898.08, "Plan Rows": 569410, "Plan Width": 16, "Inner Unique": false, "Plans": [{"Node Type": "Streaming(type: LOCAL GATHER dop: 1/64)", "Parent Relationship": "Outer", "Startup Cost": 57.33, "Total Cost": 82581.41, "Plan Rows": 569410, "Plan Width": 24, "Plans": [{"Node Type": "Seq Scan", "Parent Relationship": "Outer", "Relation Name": "orders", "Alias": "orders", "Startup Cost": 57.33, "Total Cost": 70834.55, "Plan Rows": 569410, "Plan Width": 24, "Filter": "((o_orderdate >= '1995-01-01 00:00:00'::timestamp(0) without time zone) AND (o_orderdate < '1995-04-01 00:00:00'::timestamp without time zone)), (LLVM Optimized)"}]}, {"Node Type": "Index Scan", "Parent Relationship": "Inner", "Scan Direction": "Forward", "Index Name": "idx_lineitem_orderkey", "Relation Name": "lineitem", "Alias": "lineitem", "Startup Cost": 0.0, "Total Cost": 5.41, "Plan Rows": 3, "Plan Width": 8, "Index Cond": "(l_orderkey = orders.o_orderkey)", "Filter": "(l_commitdate < l_receiptdate)"}]}]}]}, "Unique SQL Id": 3745551476, "Planner Runtime": 0}, "explain_analyze_plan": {"Plan": {"Node Type": "Sort", "Startup Cost": 699745.15, "Total Cost": 699745.15, "Plan Rows": 1, "Plan Width": 24, "Actual Min Startup Time": 4723.151, "Actual Max Startup Time": 4723.151, "Actual Min Total Time": 4723.151, "Actual Max Total Time": 4723.151, "Sort Key": ["orders.o_orderpriority"], "Sort Method": "quicksort", "Sort Space Min Used": 25, "Sort Space Max Used": 25, "Sort Space Type": "Memory", "Plans": [{"Node Type": "Aggregate", "Strategy": "Hashed", "Parent Relationship": "Outer", "Startup Cost": 699745.13, "Total Cost": 699745.14, "Plan Rows": 1, "Plan Width": 24, "Actual Min Startup Time": 4723.064, "Actual Max Startup Time": 4723.064, "Actual Min Total Time": 4723.065, "Actual Max Total Time": 4723.065, "Group By Key": ["orders.o_orderpriority"], "Plans": [{"Node Type": "Nested Loop", "Parent Relationship": "Outer", "Join Type": "Semi", "Startup Cost": 57.33, "Total Cost": 696898.08, "Plan Rows": 569410, "Plan Width": 16, "Actual Min Startup Time": 54.618, "Actual Max Startup Time": 54.618, "Actual Min Total Time": 4453.054, "Actual Max Total Time": 4453.054, "Inner Unique": false, "Plans": [{"Node Type": "Streaming(type: LOCAL GATHER dop: 1/64)", "Parent Relationship": "Outer", "Startup Cost": 57.33, "Total Cost": 82581.41, "Plan Rows": 569410, "Plan Width": 24, "Actual Min Startup Time": 54.525, "Actual Max Startup Time": 54.525, "Actual Min Total Time": 298.858, "Actual Max Total Time": 298.858, "Plans": [{"Node Type": "Seq Scan", "Parent Relationship": "Outer", "Relation Name": "orders", "Alias": "orders", "Startup Cost": 57.33, "Total Cost": 70834.55, "Plan Rows": 569410, "Plan Width": 24, "Actual Min Startup Time": 0.025, "Actual Max Startup Time": 0.064, "Actual Min Total Time": 81.072, "Actual Max Total Time": 101.188, "Filter": "((o_orderdate >= '1995-01-01 00:00:00'::timestamp(0) without time zone) AND (o_orderdate < '1995-04-01 00:00:00'::timestamp without time zone)), (LLVM Optimized, Jit Execute)", "Rows Removed by Filter": 14438388, "Actual Rows": 561612}], "Actual Rows": 561612}, {"Node Type": "Index Scan", "Parent Relationship": "Inner", "Scan Direction": "Forward", "Index Name": "idx_lineitem_orderkey", "Relation Name": "lineitem", "Alias": "lineitem", "Startup Cost": 0.0, "Total Cost": 5.41, "Plan Rows": 3, "Plan Width": 8, "Actual Min Startup Time": 3742.77, "Actual Max Startup Time": 3742.77, "Actual Min Total Time": 3742.77, "Actual Max Total Time": 3742.77, "Index Cond": "(l_orderkey = orders.o_orderkey)", "Rows Removed by Index Recheck": 0, "Filter": "(l_commitdate < l_receiptdate)", "Rows Removed by Filter": 299676, "Actual Rows": 515106}], "Actual Rows": 515106}], "Actual Rows": 5}], "Actual Rows": 5}, "Triggers": [], "Planner Runtime": 0, "Total Runtime": 4743.195, "Unique SQL Id": 3745551476}}, "(64, 49)": {"explain_plan": {"Plan": {"Node Type": "Sort", "Startup Cost": 916688.59, "Total Cost": 916688.6, "Plan Rows": 1, "Plan Width": 24, "Sort Key": ["orders.o_orderpriority"], "Plans": [{"Node Type": "Aggregate", "Strategy": "Hashed", "Parent Relationship": "Outer", "Startup Cost": 916688.57, "Total Cost": 916688.58, "Plan Rows": 1, "Plan Width": 24, "Group By Key": ["orders.o_orderpriority"], "Plans": [{"Node Type": "Nested Loop", "Parent Relationship": "Outer", "Join Type": "Semi", "Startup Cost": 14564.7, "Total Cost": 913841.52, "Plan Rows": 569410, "Plan Width": 16, "Inner Unique": false, "Plans": [{"Node Type": "Bitmap Heap Scan", "Parent Relationship": "Outer", "Relation Name": "orders", "Alias": "orders", "Startup Cost": 14564.7, "Total Cost": 299524.85, "Plan Rows": 569410, "Plan Width": 24, "Recheck Cond": "((o_orderdate >= '1995-01-01 00:00:00'::timestamp(0) without time zone) AND (o_orderdate < '1995-04-01 00:00:00'::timestamp without time zone)), (LLVM Optimized)", "Plans": [{"Node Type": "Bitmap Index Scan", "Parent Relationship": "Outer", "Index Name": "idx_orders_orderdate", "Startup Cost": 0.0, "Total Cost": 14422.35, "Plan Rows": 569410, "Plan Width": 0, "Index Cond": "((o_orderdate >= '1995-01-01 00:00:00'::timestamp(0) without time zone) AND (o_orderdate < '1995-04-01 00:00:00'::timestamp without time zone))"}]}, {"Node Type": "Index Scan", "Parent Relationship": "Inner", "Scan Direction": "Forward", "Index Name": "idx_lineitem_orderkey", "Relation Name": "lineitem", "Alias": "lineitem", "Startup Cost": 0.0, "Total Cost": 5.41, "Plan Rows": 3, "Plan Width": 8, "Index Cond": "(l_orderkey = orders.o_orderkey)", "Filter": "(l_commitdate < l_receiptdate)"}]}]}]}, "Unique SQL Id": 3745551476, "Planner Runtime": 0}, "explain_analyze_plan": {"Plan": {"Node Type": "Sort", "Startup Cost": 916688.59, "Total Cost": 916688.6, "Plan Rows": 1, "Plan Width": 24, "Actual Startup Time": 5282.088, "Actual Total Time": 5282.088, "Actual Rows": 5, "Actual Loops": 1, "Sort Key": ["orders.o_orderpriority"], "Sort Method": "quicksort", "Sort Space Used": 25, "Sort Space Type": "Memory", "Plans": [{"Node Type": "Aggregate", "Strategy": "Hashed", "Parent Relationship": "Outer", "Startup Cost": 916688.57, "Total Cost": 916688.58, "Plan Rows": 1, "Plan Width": 24, "Actual Startup Time": 5282.022, "Actual Total Time": 5282.024, "Actual Rows": 5, "Actual Loops": 1, "Group By Key": ["orders.o_orderpriority"], "Plans": [{"Node Type": "Nested Loop", "Parent Relationship": "Outer", "Join Type": "Semi", "Startup Cost": 14564.7, "Total Cost": 913841.52, "Plan Rows": 569410, "Plan Width": 16, "Actual Startup Time": 248.585, "Actual Total Time": 5001.846, "Actual Rows": 515106, "Actual Loops": 1, "Inner Unique": false, "Plans": [{"Node Type": "Bitmap Heap Scan", "Parent Relationship": "Outer", "Relation Name": "orders", "Alias": "orders", "Startup Cost": 14564.7, "Total Cost": 299524.85, "Plan Rows": 569410, "Plan Width": 24, "Actual Startup Time": 248.504, "Actual Total Time": 1075.41, "Actual Rows": 561612, "Actual Loops": 1, "Recheck Cond": "((o_orderdate >= '1995-01-01 00:00:00'::timestamp(0) without time zone) AND (o_orderdate < '1995-04-01 00:00:00'::timestamp without time zone)), (LLVM Optimized, Jit Execute)", "Rows Removed by Index Recheck": 0, "Exact Heap Blocks": 241676, "Lossy Heap Blocks": 241676, "Plans": [{"Node Type": "Bitmap Index Scan", "Parent Relationship": "Outer", "Index Name": "idx_orders_orderdate", "Startup Cost": 0.0, "Total Cost": 14422.35, "Plan Rows": 569410, "Plan Width": 0, "Actual Startup Time": 173.471, "Actual Total Time": 173.471, "Actual Rows": 561612, "Actual Loops": 1, "Index Cond": "((o_orderdate >= '1995-01-01 00:00:00'::timestamp(0) without time zone) AND (o_orderdate < '1995-04-01 00:00:00'::timestamp without time zone))"}]}, {"Node Type": "Index Scan", "Parent Relationship": "Inner", "Scan Direction": "Forward", "Index Name": "idx_lineitem_orderkey", "Relation Name": "lineitem", "Alias": "lineitem", "Startup Cost": 0.0, "Total Cost": 5.41, "Plan Rows": 3, "Plan Width": 8, "Actual Startup Time": 3512.894, "Actual Total Time": 3512.894, "Actual Rows": 515106, "Actual Loops": 561612, "Index Cond": "(l_orderkey = orders.o_orderkey)", "Rows Removed by Index Recheck": 0, "Filter": "(l_commitdate < l_receiptdate)", "Rows Removed by Filter": 299676}]}]}]}, "Triggers": [], "Planner Runtime": 0, "Total Runtime": 5291.829, "Unique SQL Id": 3745551476}}, "(64, 50)": {"explain_plan": {"Plan": {"Node Type": "Sort", "Startup Cost": 2564698.92, "Total Cost": 2564698.92, "Plan Rows": 1, "Plan Width": 24, "Sort Key": ["orders.o_orderpriority"], "Plans": [{"Node Type": "Aggregate", "Strategy": "Hashed", "Parent Relationship": "Outer", "Startup Cost": 2564698.9, "Total Cost": 2564698.91, "Plan Rows": 1, "Plan Width": 24, "Group By Key": ["orders.o_orderpriority"], "Plans": [{"Node Type": "Nested Loop", "Parent Relationship": "Outer", "Join Type": "Semi", "Startup Cost": 59.27, "Total Cost": 2561851.85, "Plan Rows": 569410, "Plan Width": 16, "Inner Unique": false, "Plans": [{"Node Type": "Streaming(type: LOCAL GATHER dop: 1/64)", "Parent Relationship": "Outer", "Startup Cost": 57.33, "Total Cost": 82581.41, "Plan Rows": 569410, "Plan Width": 24, "Plans": [{"Node Type": "Seq Scan", "Parent Relationship": "Outer", "Relation Name": "orders", "Alias": "orders", "Startup Cost": 57.33, "Total Cost": 70834.55, "Plan Rows": 569410, "Plan Width": 24, "Filter": "((o_orderdate >= '1995-01-01 00:00:00'::timestamp(0) without time zone) AND (o_orderdate < '1995-04-01 00:00:00'::timestamp without time zone)), (LLVM Optimized)"}]}, {"Node Type": "Bitmap Heap Scan", "Parent Relationship": "Inner", "Relation Name": "lineitem", "Alias": "lineitem", "Startup Cost": 1.94, "Total Cost": 14.06, "Plan Rows": 3, "Plan Width": 8, "Recheck Cond": "(l_orderkey = orders.o_orderkey)", "Filter": "(l_commitdate < l_receiptdate)", "Plans": [{"Node Type": "Bitmap Index Scan", "Parent Relationship": "Outer", "Index Name": "idx_lineitem_orderkey", "Startup Cost": 0.0, "Total Cost": 1.94, "Plan Rows": 9, "Plan Width": 0, "Index Cond": "(l_orderkey = orders.o_orderkey)"}]}]}]}]}, "Unique SQL Id": 3745551476, "Planner Runtime": 0}, "explain_analyze_plan": {"Plan": {"Node Type": "Sort", "Startup Cost": 2564698.92, "Total Cost": 2564698.92, "Plan Rows": 1, "Plan Width": 24, "Actual Min Startup Time": 6284.1, "Actual Max Startup Time": 6284.1, "Actual Min Total Time": 6284.1, "Actual Max Total Time": 6284.1, "Sort Key": ["orders.o_orderpriority"], "Sort Method": "quicksort", "Sort Space Min Used": 25, "Sort Space Max Used": 25, "Sort Space Type": "Memory", "Plans": [{"Node Type": "Aggregate", "Strategy": "Hashed", "Parent Relationship": "Outer", "Startup Cost": 2564698.9, "Total Cost": 2564698.91, "Plan Rows": 1, "Plan Width": 24, "Actual Min Startup Time": 6284.044, "Actual Max Startup Time": 6284.044, "Actual Min Total Time": 6284.045, "Actual Max Total Time": 6284.045, "Group By Key": ["orders.o_orderpriority"], "Plans": [{"Node Type": "Nested Loop", "Parent Relationship": "Outer", "Join Type": "Semi", "Startup Cost": 59.27, "Total Cost": 2561851.85, "Plan Rows": 569410, "Plan Width": 16, "Actual Min Startup Time": 63.093, "Actual Max Startup Time": 63.093, "Actual Min Total Time": 5991.965, "Actual Max Total Time": 5991.965, "Inner Unique": false, "Plans": [{"Node Type": "Streaming(type: LOCAL GATHER dop: 1/64)", "Parent Relationship": "Outer", "Startup Cost": 57.33, "Total Cost": 82581.41, "Plan Rows": 569410, "Plan Width": 24, "Actual Min Startup Time": 63.008, "Actual Max Startup Time": 63.008, "Actual Min Total Time": 328.844, "Actual Max Total Time": 328.844, "Plans": [{"Node Type": "Seq Scan", "Parent Relationship": "Outer", "Relation Name": "orders", "Alias": "orders", "Startup Cost": 57.33, "Total Cost": 70834.55, "Plan Rows": 569410, "Plan Width": 24, "Actual Min Startup Time": 0.027, "Actual Max Startup Time": 0.068, "Actual Min Total Time": 81.88, "Actual Max Total Time": 104.775, "Filter": "((o_orderdate >= '1995-01-01 00:00:00'::timestamp(0) without time zone) AND (o_orderdate < '1995-04-01 00:00:00'::timestamp without time zone)), (LLVM Optimized, Jit Execute)", "Rows Removed by Filter": 14438388, "Actual Rows": 561612}], "Actual Rows": 561612}, {"Node Type": "Bitmap Heap Scan", "Parent Relationship": "Inner", "Relation Name": "lineitem", "Alias": "lineitem", "Startup Cost": 1.94, "Total Cost": 14.06, "Plan Rows": 3, "Plan Width": 8, "Actual Min Startup Time": 4914.22, "Actual Max Startup Time": 4914.22, "Actual Min Total Time": 4914.22, "Actual Max Total Time": 4914.22, "Recheck Cond": "(l_orderkey = orders.o_orderkey)", "Rows Removed by Index Recheck": 0, "Filter": "(l_commitdate < l_receiptdate)", "Rows Removed by Filter": 299676, "Exact Heap Blocks": 567798, "Lossy Heap Blocks": 567798, "Plans": [{"Node Type": "Bitmap Index Scan", "Parent Relationship": "Outer", "Index Name": "idx_lineitem_orderkey", "Startup Cost": 0.0, "Total Cost": 1.94, "Plan Rows": 9, "Plan Width": 0, "Actual Min Startup Time": 2442.712, "Actual Max Startup Time": 2442.712, "Actual Min Total Time": 2442.712, "Actual Max Total Time": 2442.712, "Index Cond": "(l_orderkey = orders.o_orderkey)", "Actual Rows": 2246588}], "Actual Rows": 515106}], "Actual Rows": 515106}], "Actual Rows": 5}], "Actual Rows": 5}, "Triggers": [], "Planner Runtime": 0, "Total Runtime": 6316.305, "Unique SQL Id": 3745551476}}, "(64, 51)": {"explain_plan": {"Plan": {"Node Type": "Sort", "Startup Cost": 2781642.36, "Total Cost": 2781642.36, "Plan Rows": 1, "Plan Width": 24, "Sort Key": ["orders.o_orderpriority"], "Plans": [{"Node Type": "Aggregate", "Strategy": "Hashed", "Parent Relationship": "Outer", "Startup Cost": 2781642.34, "Total Cost": 2781642.35, "Plan Rows": 1, "Plan Width": 24, "Group By Key": ["orders.o_orderpriority"], "Plans": [{"Node Type": "Nested Loop", "Parent Relationship": "Outer", "Join Type": "Semi", "Startup Cost": 14566.65, "Total Cost": 2778795.29, "Plan Rows": 569410, "Plan Width": 16, "Inner Unique": false, "Plans": [{"Node Type": "Bitmap Heap Scan", "Parent Relationship": "Outer", "Relation Name": "orders", "Alias": "orders", "Startup Cost": 14564.7, "Total Cost": 299524.85, "Plan Rows": 569410, "Plan Width": 24, "Recheck Cond": "((o_orderdate >= '1995-01-01 00:00:00'::timestamp(0) without time zone) AND (o_orderdate < '1995-04-01 00:00:00'::timestamp without time zone)), (LLVM Optimized)", "Plans": [{"Node Type": "Bitmap Index Scan", "Parent Relationship": "Outer", "Index Name": "idx_orders_orderdate", "Startup Cost": 0.0, "Total Cost": 14422.35, "Plan Rows": 569410, "Plan Width": 0, "Index Cond": "((o_orderdate >= '1995-01-01 00:00:00'::timestamp(0) without time zone) AND (o_orderdate < '1995-04-01 00:00:00'::timestamp without time zone))"}]}, {"Node Type": "Bitmap Heap Scan", "Parent Relationship": "Inner", "Relation Name": "lineitem", "Alias": "lineitem", "Startup Cost": 1.94, "Total Cost": 14.06, "Plan Rows": 3, "Plan Width": 8, "Recheck Cond": "(l_orderkey = orders.o_orderkey)", "Filter": "(l_commitdate < l_receiptdate)", "Plans": [{"Node Type": "Bitmap Index Scan", "Parent Relationship": "Outer", "Index Name": "idx_lineitem_orderkey", "Startup Cost": 0.0, "Total Cost": 1.94, "Plan Rows": 9, "Plan Width": 0, "Index Cond": "(l_orderkey = orders.o_orderkey)"}]}]}]}]}, "Unique SQL Id": 3745551476, "Planner Runtime": 0}, "explain_analyze_plan": {"Plan": {"Node Type": "Sort", "Startup Cost": 2781642.36, "Total Cost": 2781642.36, "Plan Rows": 1, "Plan Width": 24, "Actual Startup Time": 6948.197, "Actual Total Time": 6948.197, "Actual Rows": 5, "Actual Loops": 1, "Sort Key": ["orders.o_orderpriority"], "Sort Method": "quicksort", "Sort Space Used": 25, "Sort Space Type": "Memory", "Plans": [{"Node Type": "Aggregate", "Strategy": "Hashed", "Parent Relationship": "Outer", "Startup Cost": 2781642.34, "Total Cost": 2781642.35, "Plan Rows": 1, "Plan Width": 24, "Actual Startup Time": 6948.154, "Actual Total Time": 6948.156, "Actual Rows": 5, "Actual Loops": 1, "Group By Key": ["orders.o_orderpriority"], "Plans": [{"Node Type": "Nested Loop", "Parent Relationship": "Outer", "Join Type": "Semi", "Startup Cost": 14566.65, "Total Cost": 2778795.29, "Plan Rows": 569410, "Plan Width": 16, "Actual Startup Time": 242.485, "Actual Total Time": 6627.026, "Actual Rows": 515106, "Actual Loops": 1, "Inner Unique": false, "Plans": [{"Node Type": "Bitmap Heap Scan", "Parent Relationship": "Outer", "Relation Name": "orders", "Alias": "orders", "Startup Cost": 14564.7, "Total Cost": 299524.85, "Plan Rows": 569410, "Plan Width": 24, "Actual Startup Time": 242.383, "Actual Total Time": 1045.457, "Actual Rows": 561612, "Actual Loops": 1, "Recheck Cond": "((o_orderdate >= '1995-01-01 00:00:00'::timestamp(0) without time zone) AND (o_orderdate < '1995-04-01 00:00:00'::timestamp without time zone)), (LLVM Optimized, Jit Execute)", "Rows Removed by Index Recheck": 0, "Exact Heap Blocks": 241676, "Lossy Heap Blocks": 241676, "Plans": [{"Node Type": "Bitmap Index Scan", "Parent Relationship": "Outer", "Index Name": "idx_orders_orderdate", "Startup Cost": 0.0, "Total Cost": 14422.35, "Plan Rows": 569410, "Plan Width": 0, "Actual Startup Time": 166.951, "Actual Total Time": 166.951, "Actual Rows": 561612, "Actual Loops": 1, "Index Cond": "((o_orderdate >= '1995-01-01 00:00:00'::timestamp(0) without time zone) AND (o_orderdate < '1995-04-01 00:00:00'::timestamp without time zone))"}]}, {"Node Type": "Bitmap Heap Scan", "Parent Relationship": "Inner", "Relation Name": "lineitem", "Alias": "lineitem", "Startup Cost": 1.94, "Total Cost": 14.06, "Plan Rows": 3, "Plan Width": 8, "Actual Startup Time": 4824.463, "Actual Total Time": 4824.463, "Actual Rows": 515106, "Actual Loops": 561612, "Recheck Cond": "(l_orderkey = orders.o_orderkey)", "Rows Removed by Index Recheck": 0, "Filter": "(l_commitdate < l_receiptdate)", "Rows Removed by Filter": 299676, "Exact Heap Blocks": 567798, "Lossy Heap Blocks": 567798, "Plans": [{"Node Type": "Bitmap Index Scan", "Parent Relationship": "Outer", "Index Name": "idx_lineitem_orderkey", "Startup Cost": 0.0, "Total Cost": 1.94, "Plan Rows": 9, "Plan Width": 0, "Actual Startup Time": 2446.908, "Actual Total Time": 2446.908, "Actual Rows": 2246588, "Actual Loops": 561612, "Index Cond": "(l_orderkey = orders.o_orderkey)"}]}]}]}]}, "Triggers": [], "Planner Runtime": 0, "Total Runtime": 6961.186, "Unique SQL Id": 3745551476}}, "(64, 52)": {"explain_plan": {"Plan": {"Node Type": "Sort", "Startup Cost": 699745.15, "Total Cost": 699745.15, "Plan Rows": 1, "Plan Width": 24, "Sort Key": ["orders.o_orderpriority"], "Plans": [{"Node Type": "Aggregate", "Strategy": "Hashed", "Parent Relationship": "Outer", "Startup Cost": 699745.13, "Total Cost": 699745.14, "Plan Rows": 1, "Plan Width": 24, "Group By Key": ["orders.o_orderpriority"], "Plans": [{"Node Type": "Nested Loop", "Parent Relationship": "Outer", "Join Type": "Semi", "Startup Cost": 57.33, "Total Cost": 696898.08, "Plan Rows": 569410, "Plan Width": 16, "Inner Unique": false, "Plans": [{"Node Type": "Streaming(type: LOCAL GATHER dop: 1/64)", "Parent Relationship": "Outer", "Startup Cost": 57.33, "Total Cost": 82581.41, "Plan Rows": 569410, "Plan Width": 24, "Plans": [{"Node Type": "Seq Scan", "Parent Relationship": "Outer", "Relation Name": "orders", "Alias": "orders", "Startup Cost": 57.33, "Total Cost": 70834.55, "Plan Rows": 569410, "Plan Width": 24, "Filter": "((o_orderdate >= '1995-01-01 00:00:00'::timestamp(0) without time zone) AND (o_orderdate < '1995-04-01 00:00:00'::timestamp without time zone)), (LLVM Optimized)"}]}, {"Node Type": "Index Scan", "Parent Relationship": "Inner", "Scan Direction": "Forward", "Index Name": "idx_lineitem_orderkey", "Relation Name": "lineitem", "Alias": "lineitem", "Startup Cost": 0.0, "Total Cost": 5.41, "Plan Rows": 3, "Plan Width": 8, "Index Cond": "(l_orderkey = orders.o_orderkey)", "Filter": "(l_commitdate < l_receiptdate)"}]}]}]}, "Unique SQL Id": 3745551476, "Planner Runtime": 0}, "explain_analyze_plan": {"Plan": {"Node Type": "Sort", "Startup Cost": 699745.15, "Total Cost": 699745.15, "Plan Rows": 1, "Plan Width": 24, "Actual Min Startup Time": 4723.151, "Actual Max Startup Time": 4723.151, "Actual Min Total Time": 4723.151, "Actual Max Total Time": 4723.151, "Sort Key": ["orders.o_orderpriority"], "Sort Method": "quicksort", "Sort Space Min Used": 25, "Sort Space Max Used": 25, "Sort Space Type": "Memory", "Plans": [{"Node Type": "Aggregate", "Strategy": "Hashed", "Parent Relationship": "Outer", "Startup Cost": 699745.13, "Total Cost": 699745.14, "Plan Rows": 1, "Plan Width": 24, "Actual Min Startup Time": 4723.064, "Actual Max Startup Time": 4723.064, "Actual Min Total Time": 4723.065, "Actual Max Total Time": 4723.065, "Group By Key": ["orders.o_orderpriority"], "Plans": [{"Node Type": "Nested Loop", "Parent Relationship": "Outer", "Join Type": "Semi", "Startup Cost": 57.33, "Total Cost": 696898.08, "Plan Rows": 569410, "Plan Width": 16, "Actual Min Startup Time": 54.618, "Actual Max Startup Time": 54.618, "Actual Min Total Time": 4453.054, "Actual Max Total Time": 4453.054, "Inner Unique": false, "Plans": [{"Node Type": "Streaming(type: LOCAL GATHER dop: 1/64)", "Parent Relationship": "Outer", "Startup Cost": 57.33, "Total Cost": 82581.41, "Plan Rows": 569410, "Plan Width": 24, "Actual Min Startup Time": 54.525, "Actual Max Startup Time": 54.525, "Actual Min Total Time": 298.858, "Actual Max Total Time": 298.858, "Plans": [{"Node Type": "Seq Scan", "Parent Relationship": "Outer", "Relation Name": "orders", "Alias": "orders", "Startup Cost": 57.33, "Total Cost": 70834.55, "Plan Rows": 569410, "Plan Width": 24, "Actual Min Startup Time": 0.025, "Actual Max Startup Time": 0.064, "Actual Min Total Time": 81.072, "Actual Max Total Time": 101.188, "Filter": "((o_orderdate >= '1995-01-01 00:00:00'::timestamp(0) without time zone) AND (o_orderdate < '1995-04-01 00:00:00'::timestamp without time zone)), (LLVM Optimized, Jit Execute)", "Rows Removed by Filter": 14438388, "Actual Rows": 561612}], "Actual Rows": 561612}, {"Node Type": "Index Scan", "Parent Relationship": "Inner", "Scan Direction": "Forward", "Index Name": "idx_lineitem_orderkey", "Relation Name": "lineitem", "Alias": "lineitem", "Startup Cost": 0.0, "Total Cost": 5.41, "Plan Rows": 3, "Plan Width": 8, "Actual Min Startup Time": 3742.77, "Actual Max Startup Time": 3742.77, "Actual Min Total Time": 3742.77, "Actual Max Total Time": 3742.77, "Index Cond": "(l_orderkey = orders.o_orderkey)", "Rows Removed by Index Recheck": 0, "Filter": "(l_commitdate < l_receiptdate)", "Rows Removed by Filter": 299676, "Actual Rows": 515106}], "Actual Rows": 515106}], "Actual Rows": 5}], "Actual Rows": 5}, "Triggers": [], "Planner Runtime": 0, "Total Runtime": 4743.195, "Unique SQL Id": 3745551476}}, "(64, 53)": {"explain_plan": {"Plan": {"Node Type": "Sort", "Startup Cost": 916688.59, "Total Cost": 916688.6, "Plan Rows": 1, "Plan Width": 24, "Sort Key": ["orders.o_orderpriority"], "Plans": [{"Node Type": "Aggregate", "Strategy": "Hashed", "Parent Relationship": "Outer", "Startup Cost": 916688.57, "Total Cost": 916688.58, "Plan Rows": 1, "Plan Width": 24, "Group By Key": ["orders.o_orderpriority"], "Plans": [{"Node Type": "Nested Loop", "Parent Relationship": "Outer", "Join Type": "Semi", "Startup Cost": 14564.7, "Total Cost": 913841.52, "Plan Rows": 569410, "Plan Width": 16, "Inner Unique": false, "Plans": [{"Node Type": "Bitmap Heap Scan", "Parent Relationship": "Outer", "Relation Name": "orders", "Alias": "orders", "Startup Cost": 14564.7, "Total Cost": 299524.85, "Plan Rows": 569410, "Plan Width": 24, "Recheck Cond": "((o_orderdate >= '1995-01-01 00:00:00'::timestamp(0) without time zone) AND (o_orderdate < '1995-04-01 00:00:00'::timestamp without time zone)), (LLVM Optimized)", "Plans": [{"Node Type": "Bitmap Index Scan", "Parent Relationship": "Outer", "Index Name": "idx_orders_orderdate", "Startup Cost": 0.0, "Total Cost": 14422.35, "Plan Rows": 569410, "Plan Width": 0, "Index Cond": "((o_orderdate >= '1995-01-01 00:00:00'::timestamp(0) without time zone) AND (o_orderdate < '1995-04-01 00:00:00'::timestamp without time zone))"}]}, {"Node Type": "Index Scan", "Parent Relationship": "Inner", "Scan Direction": "Forward", "Index Name": "idx_lineitem_orderkey", "Relation Name": "lineitem", "Alias": "lineitem", "Startup Cost": 0.0, "Total Cost": 5.41, "Plan Rows": 3, "Plan Width": 8, "Index Cond": "(l_orderkey = orders.o_orderkey)", "Filter": "(l_commitdate < l_receiptdate)"}]}]}]}, "Unique SQL Id": 3745551476, "Planner Runtime": 0}, "explain_analyze_plan": {"Plan": {"Node Type": "Sort", "Startup Cost": 916688.59, "Total Cost": 916688.6, "Plan Rows": 1, "Plan Width": 24, "Actual Startup Time": 5282.088, "Actual Total Time": 5282.088, "Actual Rows": 5, "Actual Loops": 1, "Sort Key": ["orders.o_orderpriority"], "Sort Method": "quicksort", "Sort Space Used": 25, "Sort Space Type": "Memory", "Plans": [{"Node Type": "Aggregate", "Strategy": "Hashed", "Parent Relationship": "Outer", "Startup Cost": 916688.57, "Total Cost": 916688.58, "Plan Rows": 1, "Plan Width": 24, "Actual Startup Time": 5282.022, "Actual Total Time": 5282.024, "Actual Rows": 5, "Actual Loops": 1, "Group By Key": ["orders.o_orderpriority"], "Plans": [{"Node Type": "Nested Loop", "Parent Relationship": "Outer", "Join Type": "Semi", "Startup Cost": 14564.7, "Total Cost": 913841.52, "Plan Rows": 569410, "Plan Width": 16, "Actual Startup Time": 248.585, "Actual Total Time": 5001.846, "Actual Rows": 515106, "Actual Loops": 1, "Inner Unique": false, "Plans": [{"Node Type": "Bitmap Heap Scan", "Parent Relationship": "Outer", "Relation Name": "orders", "Alias": "orders", "Startup Cost": 14564.7, "Total Cost": 299524.85, "Plan Rows": 569410, "Plan Width": 24, "Actual Startup Time": 248.504, "Actual Total Time": 1075.41, "Actual Rows": 561612, "Actual Loops": 1, "Recheck Cond": "((o_orderdate >= '1995-01-01 00:00:00'::timestamp(0) without time zone) AND (o_orderdate < '1995-04-01 00:00:00'::timestamp without time zone)), (LLVM Optimized, Jit Execute)", "Rows Removed by Index Recheck": 0, "Exact Heap Blocks": 241676, "Lossy Heap Blocks": 241676, "Plans": [{"Node Type": "Bitmap Index Scan", "Parent Relationship": "Outer", "Index Name": "idx_orders_orderdate", "Startup Cost": 0.0, "Total Cost": 14422.35, "Plan Rows": 569410, "Plan Width": 0, "Actual Startup Time": 173.471, "Actual Total Time": 173.471, "Actual Rows": 561612, "Actual Loops": 1, "Index Cond": "((o_orderdate >= '1995-01-01 00:00:00'::timestamp(0) without time zone) AND (o_orderdate < '1995-04-01 00:00:00'::timestamp without time zone))"}]}, {"Node Type": "Index Scan", "Parent Relationship": "Inner", "Scan Direction": "Forward", "Index Name": "idx_lineitem_orderkey", "Relation Name": "lineitem", "Alias": "lineitem", "Startup Cost": 0.0, "Total Cost": 5.41, "Plan Rows": 3, "Plan Width": 8, "Actual Startup Time": 3512.894, "Actual Total Time": 3512.894, "Actual Rows": 515106, "Actual Loops": 561612, "Index Cond": "(l_orderkey = orders.o_orderkey)", "Rows Removed by Index Recheck": 0, "Filter": "(l_commitdate < l_receiptdate)", "Rows Removed by Filter": 299676}]}]}]}, "Triggers": [], "Planner Runtime": 0, "Total Runtime": 5291.829, "Unique SQL Id": 3745551476}}, "(64, 54)": {"explain_plan": {"Plan": {"Node Type": "Sort", "Startup Cost": 2564698.92, "Total Cost": 2564698.92, "Plan Rows": 1, "Plan Width": 24, "Sort Key": ["orders.o_orderpriority"], "Plans": [{"Node Type": "Aggregate", "Strategy": "Hashed", "Parent Relationship": "Outer", "Startup Cost": 2564698.9, "Total Cost": 2564698.91, "Plan Rows": 1, "Plan Width": 24, "Group By Key": ["orders.o_orderpriority"], "Plans": [{"Node Type": "Nested Loop", "Parent Relationship": "Outer", "Join Type": "Semi", "Startup Cost": 59.27, "Total Cost": 2561851.85, "Plan Rows": 569410, "Plan Width": 16, "Inner Unique": false, "Plans": [{"Node Type": "Streaming(type: LOCAL GATHER dop: 1/64)", "Parent Relationship": "Outer", "Startup Cost": 57.33, "Total Cost": 82581.41, "Plan Rows": 569410, "Plan Width": 24, "Plans": [{"Node Type": "Seq Scan", "Parent Relationship": "Outer", "Relation Name": "orders", "Alias": "orders", "Startup Cost": 57.33, "Total Cost": 70834.55, "Plan Rows": 569410, "Plan Width": 24, "Filter": "((o_orderdate >= '1995-01-01 00:00:00'::timestamp(0) without time zone) AND (o_orderdate < '1995-04-01 00:00:00'::timestamp without time zone)), (LLVM Optimized)"}]}, {"Node Type": "Bitmap Heap Scan", "Parent Relationship": "Inner", "Relation Name": "lineitem", "Alias": "lineitem", "Startup Cost": 1.94, "Total Cost": 14.06, "Plan Rows": 3, "Plan Width": 8, "Recheck Cond": "(l_orderkey = orders.o_orderkey)", "Filter": "(l_commitdate < l_receiptdate)", "Plans": [{"Node Type": "Bitmap Index Scan", "Parent Relationship": "Outer", "Index Name": "idx_lineitem_orderkey", "Startup Cost": 0.0, "Total Cost": 1.94, "Plan Rows": 9, "Plan Width": 0, "Index Cond": "(l_orderkey = orders.o_orderkey)"}]}]}]}]}, "Unique SQL Id": 3745551476, "Planner Runtime": 0}, "explain_analyze_plan": {"Plan": {"Node Type": "Sort", "Startup Cost": 2564698.92, "Total Cost": 2564698.92, "Plan Rows": 1, "Plan Width": 24, "Actual Min Startup Time": 6284.1, "Actual Max Startup Time": 6284.1, "Actual Min Total Time": 6284.1, "Actual Max Total Time": 6284.1, "Sort Key": ["orders.o_orderpriority"], "Sort Method": "quicksort", "Sort Space Min Used": 25, "Sort Space Max Used": 25, "Sort Space Type": "Memory", "Plans": [{"Node Type": "Aggregate", "Strategy": "Hashed", "Parent Relationship": "Outer", "Startup Cost": 2564698.9, "Total Cost": 2564698.91, "Plan Rows": 1, "Plan Width": 24, "Actual Min Startup Time": 6284.044, "Actual Max Startup Time": 6284.044, "Actual Min Total Time": 6284.045, "Actual Max Total Time": 6284.045, "Group By Key": ["orders.o_orderpriority"], "Plans": [{"Node Type": "Nested Loop", "Parent Relationship": "Outer", "Join Type": "Semi", "Startup Cost": 59.27, "Total Cost": 2561851.85, "Plan Rows": 569410, "Plan Width": 16, "Actual Min Startup Time": 63.093, "Actual Max Startup Time": 63.093, "Actual Min Total Time": 5991.965, "Actual Max Total Time": 5991.965, "Inner Unique": false, "Plans": [{"Node Type": "Streaming(type: LOCAL GATHER dop: 1/64)", "Parent Relationship": "Outer", "Startup Cost": 57.33, "Total Cost": 82581.41, "Plan Rows": 569410, "Plan Width": 24, "Actual Min Startup Time": 63.008, "Actual Max Startup Time": 63.008, "Actual Min Total Time": 328.844, "Actual Max Total Time": 328.844, "Plans": [{"Node Type": "Seq Scan", "Parent Relationship": "Outer", "Relation Name": "orders", "Alias": "orders", "Startup Cost": 57.33, "Total Cost": 70834.55, "Plan Rows": 569410, "Plan Width": 24, "Actual Min Startup Time": 0.027, "Actual Max Startup Time": 0.068, "Actual Min Total Time": 81.88, "Actual Max Total Time": 104.775, "Filter": "((o_orderdate >= '1995-01-01 00:00:00'::timestamp(0) without time zone) AND (o_orderdate < '1995-04-01 00:00:00'::timestamp without time zone)), (LLVM Optimized, Jit Execute)", "Rows Removed by Filter": 14438388, "Actual Rows": 561612}], "Actual Rows": 561612}, {"Node Type": "Bitmap Heap Scan", "Parent Relationship": "Inner", "Relation Name": "lineitem", "Alias": "lineitem", "Startup Cost": 1.94, "Total Cost": 14.06, "Plan Rows": 3, "Plan Width": 8, "Actual Min Startup Time": 4914.22, "Actual Max Startup Time": 4914.22, "Actual Min Total Time": 4914.22, "Actual Max Total Time": 4914.22, "Recheck Cond": "(l_orderkey = orders.o_orderkey)", "Rows Removed by Index Recheck": 0, "Filter": "(l_commitdate < l_receiptdate)", "Rows Removed by Filter": 299676, "Exact Heap Blocks": 567798, "Lossy Heap Blocks": 567798, "Plans": [{"Node Type": "Bitmap Index Scan", "Parent Relationship": "Outer", "Index Name": "idx_lineitem_orderkey", "Startup Cost": 0.0, "Total Cost": 1.94, "Plan Rows": 9, "Plan Width": 0, "Actual Min Startup Time": 2442.712, "Actual Max Startup Time": 2442.712, "Actual Min Total Time": 2442.712, "Actual Max Total Time": 2442.712, "Index Cond": "(l_orderkey = orders.o_orderkey)", "Actual Rows": 2246588}], "Actual Rows": 515106}], "Actual Rows": 515106}], "Actual Rows": 5}], "Actual Rows": 5}, "Triggers": [], "Planner Runtime": 0, "Total Runtime": 6316.305, "Unique SQL Id": 3745551476}}, "(64, 55)": {"explain_plan": {"Plan": {"Node Type": "Sort", "Startup Cost": 2781642.36, "Total Cost": 2781642.36, "Plan Rows": 1, "Plan Width": 24, "Sort Key": ["orders.o_orderpriority"], "Plans": [{"Node Type": "Aggregate", "Strategy": "Hashed", "Parent Relationship": "Outer", "Startup Cost": 2781642.34, "Total Cost": 2781642.35, "Plan Rows": 1, "Plan Width": 24, "Group By Key": ["orders.o_orderpriority"], "Plans": [{"Node Type": "Nested Loop", "Parent Relationship": "Outer", "Join Type": "Semi", "Startup Cost": 14566.65, "Total Cost": 2778795.29, "Plan Rows": 569410, "Plan Width": 16, "Inner Unique": false, "Plans": [{"Node Type": "Bitmap Heap Scan", "Parent Relationship": "Outer", "Relation Name": "orders", "Alias": "orders", "Startup Cost": 14564.7, "Total Cost": 299524.85, "Plan Rows": 569410, "Plan Width": 24, "Recheck Cond": "((o_orderdate >= '1995-01-01 00:00:00'::timestamp(0) without time zone) AND (o_orderdate < '1995-04-01 00:00:00'::timestamp without time zone)), (LLVM Optimized)", "Plans": [{"Node Type": "Bitmap Index Scan", "Parent Relationship": "Outer", "Index Name": "idx_orders_orderdate", "Startup Cost": 0.0, "Total Cost": 14422.35, "Plan Rows": 569410, "Plan Width": 0, "Index Cond": "((o_orderdate >= '1995-01-01 00:00:00'::timestamp(0) without time zone) AND (o_orderdate < '1995-04-01 00:00:00'::timestamp without time zone))"}]}, {"Node Type": "Bitmap Heap Scan", "Parent Relationship": "Inner", "Relation Name": "lineitem", "Alias": "lineitem", "Startup Cost": 1.94, "Total Cost": 14.06, "Plan Rows": 3, "Plan Width": 8, "Recheck Cond": "(l_orderkey = orders.o_orderkey)", "Filter": "(l_commitdate < l_receiptdate)", "Plans": [{"Node Type": "Bitmap Index Scan", "Parent Relationship": "Outer", "Index Name": "idx_lineitem_orderkey", "Startup Cost": 0.0, "Total Cost": 1.94, "Plan Rows": 9, "Plan Width": 0, "Index Cond": "(l_orderkey = orders.o_orderkey)"}]}]}]}]}, "Unique SQL Id": 3745551476, "Planner Runtime": 0}, "explain_analyze_plan": {"Plan": {"Node Type": "Sort", "Startup Cost": 2781642.36, "Total Cost": 2781642.36, "Plan Rows": 1, "Plan Width": 24, "Actual Startup Time": 6948.197, "Actual Total Time": 6948.197, "Actual Rows": 5, "Actual Loops": 1, "Sort Key": ["orders.o_orderpriority"], "Sort Method": "quicksort", "Sort Space Used": 25, "Sort Space Type": "Memory", "Plans": [{"Node Type": "Aggregate", "Strategy": "Hashed", "Parent Relationship": "Outer", "Startup Cost": 2781642.34, "Total Cost": 2781642.35, "Plan Rows": 1, "Plan Width": 24, "Actual Startup Time": 6948.154, "Actual Total Time": 6948.156, "Actual Rows": 5, "Actual Loops": 1, "Group By Key": ["orders.o_orderpriority"], "Plans": [{"Node Type": "Nested Loop", "Parent Relationship": "Outer", "Join Type": "Semi", "Startup Cost": 14566.65, "Total Cost": 2778795.29, "Plan Rows": 569410, "Plan Width": 16, "Actual Startup Time": 242.485, "Actual Total Time": 6627.026, "Actual Rows": 515106, "Actual Loops": 1, "Inner Unique": false, "Plans": [{"Node Type": "Bitmap Heap Scan", "Parent Relationship": "Outer", "Relation Name": "orders", "Alias": "orders", "Startup Cost": 14564.7, "Total Cost": 299524.85, "Plan Rows": 569410, "Plan Width": 24, "Actual Startup Time": 242.383, "Actual Total Time": 1045.457, "Actual Rows": 561612, "Actual Loops": 1, "Recheck Cond": "((o_orderdate >= '1995-01-01 00:00:00'::timestamp(0) without time zone) AND (o_orderdate < '1995-04-01 00:00:00'::timestamp without time zone)), (LLVM Optimized, Jit Execute)", "Rows Removed by Index Recheck": 0, "Exact Heap Blocks": 241676, "Lossy Heap Blocks": 241676, "Plans": [{"Node Type": "Bitmap Index Scan", "Parent Relationship": "Outer", "Index Name": "idx_orders_orderdate", "Startup Cost": 0.0, "Total Cost": 14422.35, "Plan Rows": 569410, "Plan Width": 0, "Actual Startup Time": 166.951, "Actual Total Time": 166.951, "Actual Rows": 561612, "Actual Loops": 1, "Index Cond": "((o_orderdate >= '1995-01-01 00:00:00'::timestamp(0) without time zone) AND (o_orderdate < '1995-04-01 00:00:00'::timestamp without time zone))"}]}, {"Node Type": "Bitmap Heap Scan", "Parent Relationship": "Inner", "Relation Name": "lineitem", "Alias": "lineitem", "Startup Cost": 1.94, "Total Cost": 14.06, "Plan Rows": 3, "Plan Width": 8, "Actual Startup Time": 4824.463, "Actual Total Time": 4824.463, "Actual Rows": 515106, "Actual Loops": 561612, "Recheck Cond": "(l_orderkey = orders.o_orderkey)", "Rows Removed by Index Recheck": 0, "Filter": "(l_commitdate < l_receiptdate)", "Rows Removed by Filter": 299676, "Exact Heap Blocks": 567798, "Lossy Heap Blocks": 567798, "Plans": [{"Node Type": "Bitmap Index Scan", "Parent Relationship": "Outer", "Index Name": "idx_lineitem_orderkey", "Startup Cost": 0.0, "Total Cost": 1.94, "Plan Rows": 9, "Plan Width": 0, "Actual Startup Time": 2446.908, "Actual Total Time": 2446.908, "Actual Rows": 2246588, "Actual Loops": 561612, "Index Cond": "(l_orderkey = orders.o_orderkey)"}]}]}]}]}, "Triggers": [], "Planner Runtime": 0, "Total Runtime": 6961.186, "Unique SQL Id": 3745551476}}, "(64, 56)": {"explain_plan": {"Plan": {"Node Type": "Sort", "Startup Cost": 699745.15, "Total Cost": 699745.15, "Plan Rows": 1, "Plan Width": 24, "Sort Key": ["orders.o_orderpriority"], "Plans": [{"Node Type": "Aggregate", "Strategy": "Hashed", "Parent Relationship": "Outer", "Startup Cost": 699745.13, "Total Cost": 699745.14, "Plan Rows": 1, "Plan Width": 24, "Group By Key": ["orders.o_orderpriority"], "Plans": [{"Node Type": "Nested Loop", "Parent Relationship": "Outer", "Join Type": "Semi", "Startup Cost": 57.33, "Total Cost": 696898.08, "Plan Rows": 569410, "Plan Width": 16, "Inner Unique": false, "Plans": [{"Node Type": "Streaming(type: LOCAL GATHER dop: 1/64)", "Parent Relationship": "Outer", "Startup Cost": 57.33, "Total Cost": 82581.41, "Plan Rows": 569410, "Plan Width": 24, "Plans": [{"Node Type": "Seq Scan", "Parent Relationship": "Outer", "Relation Name": "orders", "Alias": "orders", "Startup Cost": 57.33, "Total Cost": 70834.55, "Plan Rows": 569410, "Plan Width": 24, "Filter": "((o_orderdate >= '1995-01-01 00:00:00'::timestamp(0) without time zone) AND (o_orderdate < '1995-04-01 00:00:00'::timestamp without time zone)), (LLVM Optimized)"}]}, {"Node Type": "Index Scan", "Parent Relationship": "Inner", "Scan Direction": "Forward", "Index Name": "idx_lineitem_orderkey", "Relation Name": "lineitem", "Alias": "lineitem", "Startup Cost": 0.0, "Total Cost": 5.41, "Plan Rows": 3, "Plan Width": 8, "Index Cond": "(l_orderkey = orders.o_orderkey)", "Filter": "(l_commitdate < l_receiptdate)"}]}]}]}, "Unique SQL Id": 3745551476, "Planner Runtime": 0}, "explain_analyze_plan": {"Plan": {"Node Type": "Sort", "Startup Cost": 699745.15, "Total Cost": 699745.15, "Plan Rows": 1, "Plan Width": 24, "Actual Min Startup Time": 4723.151, "Actual Max Startup Time": 4723.151, "Actual Min Total Time": 4723.151, "Actual Max Total Time": 4723.151, "Sort Key": ["orders.o_orderpriority"], "Sort Method": "quicksort", "Sort Space Min Used": 25, "Sort Space Max Used": 25, "Sort Space Type": "Memory", "Plans": [{"Node Type": "Aggregate", "Strategy": "Hashed", "Parent Relationship": "Outer", "Startup Cost": 699745.13, "Total Cost": 699745.14, "Plan Rows": 1, "Plan Width": 24, "Actual Min Startup Time": 4723.064, "Actual Max Startup Time": 4723.064, "Actual Min Total Time": 4723.065, "Actual Max Total Time": 4723.065, "Group By Key": ["orders.o_orderpriority"], "Plans": [{"Node Type": "Nested Loop", "Parent Relationship": "Outer", "Join Type": "Semi", "Startup Cost": 57.33, "Total Cost": 696898.08, "Plan Rows": 569410, "Plan Width": 16, "Actual Min Startup Time": 54.618, "Actual Max Startup Time": 54.618, "Actual Min Total Time": 4453.054, "Actual Max Total Time": 4453.054, "Inner Unique": false, "Plans": [{"Node Type": "Streaming(type: LOCAL GATHER dop: 1/64)", "Parent Relationship": "Outer", "Startup Cost": 57.33, "Total Cost": 82581.41, "Plan Rows": 569410, "Plan Width": 24, "Actual Min Startup Time": 54.525, "Actual Max Startup Time": 54.525, "Actual Min Total Time": 298.858, "Actual Max Total Time": 298.858, "Plans": [{"Node Type": "Seq Scan", "Parent Relationship": "Outer", "Relation Name": "orders", "Alias": "orders", "Startup Cost": 57.33, "Total Cost": 70834.55, "Plan Rows": 569410, "Plan Width": 24, "Actual Min Startup Time": 0.025, "Actual Max Startup Time": 0.064, "Actual Min Total Time": 81.072, "Actual Max Total Time": 101.188, "Filter": "((o_orderdate >= '1995-01-01 00:00:00'::timestamp(0) without time zone) AND (o_orderdate < '1995-04-01 00:00:00'::timestamp without time zone)), (LLVM Optimized, Jit Execute)", "Rows Removed by Filter": 14438388, "Actual Rows": 561612}], "Actual Rows": 561612}, {"Node Type": "Index Scan", "Parent Relationship": "Inner", "Scan Direction": "Forward", "Index Name": "idx_lineitem_orderkey", "Relation Name": "lineitem", "Alias": "lineitem", "Startup Cost": 0.0, "Total Cost": 5.41, "Plan Rows": 3, "Plan Width": 8, "Actual Min Startup Time": 3742.77, "Actual Max Startup Time": 3742.77, "Actual Min Total Time": 3742.77, "Actual Max Total Time": 3742.77, "Index Cond": "(l_orderkey = orders.o_orderkey)", "Rows Removed by Index Recheck": 0, "Filter": "(l_commitdate < l_receiptdate)", "Rows Removed by Filter": 299676, "Actual Rows": 515106}], "Actual Rows": 515106}], "Actual Rows": 5}], "Actual Rows": 5}, "Triggers": [], "Planner Runtime": 0, "Total Runtime": 4743.195, "Unique SQL Id": 3745551476}}, "(64, 57)": {"explain_plan": {"Plan": {"Node Type": "Sort", "Startup Cost": 1276409.75, "Total Cost": 1276409.75, "Plan Rows": 1, "Plan Width": 24, "Sort Key": ["orders.o_orderpriority"], "Plans": [{"Node Type": "Aggregate", "Strategy": "Hashed", "Parent Relationship": "Outer", "Startup Cost": 1276409.73, "Total Cost": 1276409.74, "Plan Rows": 1, "Plan Width": 24, "Group By Key": ["orders.o_orderpriority"], "Plans": [{"Node Type": "Nested Loop", "Parent Relationship": "Outer", "Join Type": "Semi", "Startup Cost": 0.0, "Total Cost": 1273562.68, "Plan Rows": 569410, "Plan Width": 16, "Inner Unique": false, "Plans": [{"Node Type": "Streaming(type: LOCAL GATHER dop: 1/64)", "Parent Relationship": "Outer", "Startup Cost": 0.0, "Total Cost": 659246.01, "Plan Rows": 569410, "Plan Width": 24, "Plans": [{"Node Type": "Index Scan", "Parent Relationship": "Outer", "Scan Direction": "Forward", "Index Name": "orders_pkey", "Relation Name": "orders", "Alias": "orders", "Startup Cost": 0.0, "Total Cost": 647499.15, "Plan Rows": 569410, "Plan Width": 24, "Filter": "((o_orderdate >= '1995-01-01 00:00:00'::timestamp(0) without time zone) AND (o_orderdate < '1995-04-01 00:00:00'::timestamp without time zone)), (LLVM Optimized)"}]}, {"Node Type": "Index Scan", "Parent Relationship": "Inner", "Scan Direction": "Forward", "Index Name": "idx_lineitem_orderkey", "Relation Name": "lineitem", "Alias": "lineitem", "Startup Cost": 0.0, "Total Cost": 5.41, "Plan Rows": 3, "Plan Width": 8, "Index Cond": "(l_orderkey = orders.o_orderkey)", "Filter": "(l_commitdate < l_receiptdate)"}]}]}]}, "Unique SQL Id": 3745551476, "Planner Runtime": 0}, "explain_analyze_plan": {"Plan": {"Node Type": "Sort", "Startup Cost": 1276409.75, "Total Cost": 1276409.75, "Plan Rows": 1, "Plan Width": 24, "Actual Min Startup Time": 5114.034, "Actual Max Startup Time": 5114.034, "Actual Min Total Time": 5114.035, "Actual Max Total Time": 5114.035, "Sort Key": ["orders.o_orderpriority"], "Sort Method": "quicksort", "Sort Space Min Used": 25, "Sort Space Max Used": 25, "Sort Space Type": "Memory", "Plans": [{"Node Type": "Aggregate", "Strategy": "Hashed", "Parent Relationship": "Outer", "Startup Cost": 1276409.73, "Total Cost": 1276409.74, "Plan Rows": 1, "Plan Width": 24, "Actual Min Startup Time": 5113.908, "Actual Max Startup Time": 5113.908, "Actual Min Total Time": 5113.916, "Actual Max Total Time": 5113.916, "Group By Key": ["orders.o_orderpriority"], "Plans": [{"Node Type": "Nested Loop", "Parent Relationship": "Outer", "Join Type": "Semi", "Startup Cost": 0.0, "Total Cost": 1273562.68, "Plan Rows": 569410, "Plan Width": 16, "Actual Min Startup Time": 280.535, "Actual Max Startup Time": 280.535, "Actual Min Total Time": 4847.659, "Actual Max Total Time": 4847.659, "Inner Unique": false, "Plans": [{"Node Type": "Streaming(type: LOCAL GATHER dop: 1/64)", "Parent Relationship": "Outer", "Startup Cost": 0.0, "Total Cost": 659246.01, "Plan Rows": 569410, "Plan Width": 24, "Actual Min Startup Time": 280.478, "Actual Max Startup Time": 280.478, "Actual Min Total Time": 562.974, "Actual Max Total Time": 562.974, "Plans": [{"Node Type": "Index Scan", "Parent Relationship": "Outer", "Scan Direction": "Forward", "Index Name": "orders_pkey", "Relation Name": "orders", "Alias": "orders", "Startup Cost": 0.0, "Total Cost": 647499.15, "Plan Rows": 569410, "Plan Width": 24, "Actual Min Startup Time": 84.099, "Actual Max Startup Time": 223.605, "Actual Min Total Time": 231.947, "Actual Max Total Time": 372.383, "Filter": "((o_orderdate >= '1995-01-01 00:00:00'::timestamp(0) without time zone) AND (o_orderdate < '1995-04-01 00:00:00'::timestamp without time zone)), (LLVM Optimized, Jit Execute)", "Rows Removed by Filter": 14438388, "Actual Rows": 561612}], "Actual Rows": 561612}, {"Node Type": "Index Scan", "Parent Relationship": "Inner", "Scan Direction": "Forward", "Index Name": "idx_lineitem_orderkey", "Relation Name": "lineitem", "Alias": "lineitem", "Startup Cost": 0.0, "Total Cost": 5.41, "Plan Rows": 3, "Plan Width": 8, "Actual Min Startup Time": 3869.73, "Actual Max Startup Time": 3869.73, "Actual Min Total Time": 3869.73, "Actual Max Total Time": 3869.73, "Index Cond": "(l_orderkey = orders.o_orderkey)", "Rows Removed by Index Recheck": 0, "Filter": "(l_commitdate < l_receiptdate)", "Rows Removed by Filter": 299676, "Actual Rows": 515106}], "Actual Rows": 515106}], "Actual Rows": 5}], "Actual Rows": 5}, "Triggers": [], "Planner Runtime": 0, "Total Runtime": 5134.044, "Unique SQL Id": 3745551476}}, "(64, 58)": {"explain_plan": {"Plan": {"Node Type": "Sort", "Startup Cost": 4917270.86, "Total Cost": 4917270.87, "Plan Rows": 1, "Plan Width": 24, "Sort Key": ["orders.o_orderpriority"], "Plans": [{"Node Type": "Streaming(type: LOCAL GATHER dop: 1/64)", "Parent Relationship": "Outer", "Startup Cost": 4917270.85, "Total Cost": 4917270.85, "Plan Rows": 1, "Plan Width": 24, "Plans": [{"Node Type": "Aggregate", "Strategy": "Hashed", "Parent Relationship": "Outer", "Startup Cost": 4917270.85, "Total Cost": 4917270.85, "Plan Rows": 1, "Plan Width": 24, "Group By Key": ["orders.o_orderpriority"], "Plans": [{"Node Type": "Streaming(type: LOCAL REDISTRIBUTE dop: 64/64)", "Parent Relationship": "Outer", "Startup Cost": 4917270.82, "Total Cost": 4917270.85, "Plan Rows": 1, "Plan Width": 24, "Plans": [{"Node Type": "Aggregate", "Strategy": "Hashed", "Parent Relationship": "Outer", "Startup Cost": 4917270.82, "Total Cost": 4917270.82, "Plan Rows": 1, "Plan Width": 24, "Group By Key": ["orders.o_orderpriority"], "Plans": [{"Node Type": "Nested Loop", "Parent Relationship": "Outer", "Join Type": "Inner", "Startup Cost": 168603.73, "Total Cost": 4917226.33, "Plan Rows": 569410, "Plan Width": 16, "Inner Unique": true, "Join Filter": "(orders.o_orderkey = lineitem.l_orderkey), (LLVM Optimized)", "Plans": [{"Node Type": "Aggregate", "Strategy": "Hashed", "Parent Relationship": "Outer", "Startup Cost": 163126.76, "Total Cost": 163470.87, "Plan Rows": 2202268, "Plan Width": 8, "Group By Key": ["lineitem.l_orderkey"], "Plans": [{"Node Type": "Streaming(type: LOCAL REDISTRIBUTE dop: 64/64)", "Parent Relationship": "Outer", "Startup Cost": 97610.5, "Total Cost": 163040.74, "Plan Rows": 2202268, "Plan Width": 8, "Plans": [{"Node Type": "Aggregate", "Strategy": "Hashed", "Parent Relationship": "Outer", "Startup Cost": 97610.5, "Total Cost": 97954.61, "Plan Rows": 2202268, "Plan Width": 8, "Group By Key": ["lineitem.l_orderkey"], "Plans": [{"Node Type": "Seq Scan", "Parent Relationship": "Outer", "Relation Name": "lineitem", "Alias": "lineitem", "Startup Cost": 0.0, "Total Cost": 96829.42, "Plan Rows": 19995678, "Plan Width": 8, "Filter": "(l_commitdate < l_receiptdate), (LLVM Optimized)"}]}]}]}, {"Node Type": "Materialize", "Parent Relationship": "Inner", "Startup Cost": 57.33, "Total Cost": 134418.42, "Plan Rows": 569410, "Plan Width": 24, "Plans": [{"Node Type": "Streaming(type: LOCAL REDISTRIBUTE dop: 64/64)", "Parent Relationship": "Outer", "Startup Cost": 57.33, "Total Cost": 134373.93, "Plan Rows": 569410, "Plan Width": 24, "Plans": [{"Node Type": "Seq Scan", "Parent Relationship": "Outer", "Relation Name": "orders", "Alias": "orders", "Startup Cost": 57.33, "Total Cost": 70834.55, "Plan Rows": 569410, "Plan Width": 24, "Filter": "((o_orderdate >= '1995-01-01 00:00:00'::timestamp(0) without time zone) AND (o_orderdate < '1995-04-01 00:00:00'::timestamp without time zone)), (LLVM Optimized)"}]}]}]}]}]}]}]}]}, "Unique SQL Id": 3745551476, "Planner Runtime": 0}, "explain_analyze_plan": null}, "(64, 59)": {"explain_plan": {"Plan": {"Node Type": "Sort", "Startup Cost": 2034307228087.09, "Total Cost": 2034307228087.1, "Plan Rows": 1, "Plan Width": 24, "Sort Key": ["orders.o_orderpriority"], "Plans": [{"Node Type": "Aggregate", "Strategy": "Hashed", "Parent Relationship": "Outer", "Startup Cost": 2034307228087.07, "Total Cost": 2034307228087.08, "Plan Rows": 1, "Plan Width": 24, "Group By Key": ["orders.o_orderpriority"], "Plans": [{"Node Type": "Nested Loop", "Parent Relationship": "Outer", "Join Type": "Semi", "Startup Cost": 20000000000.0, "Total Cost": 2034307225240.02, "Plan Rows": 569410, "Plan Width": 16, "Inner Unique": false, "Join Filter": "(orders.o_orderkey = lineitem.l_orderkey), (LLVM Optimized)", "Plans": [{"Node Type": "Index Scan", "Parent Relationship": "Outer", "Scan Direction": "Forward", "Index Name": "orders_pkey", "Relation Name": "orders", "Alias": "orders", "Startup Cost": 10000000000.0, "Total Cost": 1000080597583.0, "Plan Rows": 569410, "Plan Width": 24, "Filter": "((o_orderdate >= '1995-01-01 00:00:00'::timestamp(0) without time zone) AND (o_orderdate < '1995-04-01 00:00:00'::timestamp without time zone)), (LLVM Optimized)"}, {"Node Type": "Materialize", "Parent Relationship": "Inner", "Startup Cost": 10000000000.0, "Total Cost": 1000339112111.14, "Plan Rows": 19995678, "Plan Width": 8, "Plans": [{"Node Type": "Index Scan", "Parent Relationship": "Outer", "Scan Direction": "Forward", "Index Name": "idx_lineitem_orderkey", "Relation Name": "lineitem", "Alias": "lineitem", "Startup Cost": 10000000000.0, "Total Cost": 1000339012132.75, "Plan Rows": 19995678, "Plan Width": 8, "Filter": "(l_commitdate < l_receiptdate), (LLVM Optimized)"}]}]}]}]}, "Unique SQL Id": 3745551476, "Planner Runtime": 0}, "explain_analyze_plan": null}, "(64, 60)": {"explain_plan": {"Plan": {"Node Type": "Sort", "Startup Cost": 699745.15, "Total Cost": 699745.15, "Plan Rows": 1, "Plan Width": 24, "Sort Key": ["orders.o_orderpriority"], "Plans": [{"Node Type": "Aggregate", "Strategy": "Hashed", "Parent Relationship": "Outer", "Startup Cost": 699745.13, "Total Cost": 699745.14, "Plan Rows": 1, "Plan Width": 24, "Group By Key": ["orders.o_orderpriority"], "Plans": [{"Node Type": "Nested Loop", "Parent Relationship": "Outer", "Join Type": "Semi", "Startup Cost": 57.33, "Total Cost": 696898.08, "Plan Rows": 569410, "Plan Width": 16, "Inner Unique": false, "Plans": [{"Node Type": "Streaming(type: LOCAL GATHER dop: 1/64)", "Parent Relationship": "Outer", "Startup Cost": 57.33, "Total Cost": 82581.41, "Plan Rows": 569410, "Plan Width": 24, "Plans": [{"Node Type": "Seq Scan", "Parent Relationship": "Outer", "Relation Name": "orders", "Alias": "orders", "Startup Cost": 57.33, "Total Cost": 70834.55, "Plan Rows": 569410, "Plan Width": 24, "Filter": "((o_orderdate >= '1995-01-01 00:00:00'::timestamp(0) without time zone) AND (o_orderdate < '1995-04-01 00:00:00'::timestamp without time zone)), (LLVM Optimized)"}]}, {"Node Type": "Index Scan", "Parent Relationship": "Inner", "Scan Direction": "Forward", "Index Name": "idx_lineitem_orderkey", "Relation Name": "lineitem", "Alias": "lineitem", "Startup Cost": 0.0, "Total Cost": 5.41, "Plan Rows": 3, "Plan Width": 8, "Index Cond": "(l_orderkey = orders.o_orderkey)", "Filter": "(l_commitdate < l_receiptdate)"}]}]}]}, "Unique SQL Id": 3745551476, "Planner Runtime": 1}, "explain_analyze_plan": {"Plan": {"Node Type": "Sort", "Startup Cost": 699745.15, "Total Cost": 699745.15, "Plan Rows": 1, "Plan Width": 24, "Actual Min Startup Time": 4723.151, "Actual Max Startup Time": 4723.151, "Actual Min Total Time": 4723.151, "Actual Max Total Time": 4723.151, "Sort Key": ["orders.o_orderpriority"], "Sort Method": "quicksort", "Sort Space Min Used": 25, "Sort Space Max Used": 25, "Sort Space Type": "Memory", "Plans": [{"Node Type": "Aggregate", "Strategy": "Hashed", "Parent Relationship": "Outer", "Startup Cost": 699745.13, "Total Cost": 699745.14, "Plan Rows": 1, "Plan Width": 24, "Actual Min Startup Time": 4723.064, "Actual Max Startup Time": 4723.064, "Actual Min Total Time": 4723.065, "Actual Max Total Time": 4723.065, "Group By Key": ["orders.o_orderpriority"], "Plans": [{"Node Type": "Nested Loop", "Parent Relationship": "Outer", "Join Type": "Semi", "Startup Cost": 57.33, "Total Cost": 696898.08, "Plan Rows": 569410, "Plan Width": 16, "Actual Min Startup Time": 54.618, "Actual Max Startup Time": 54.618, "Actual Min Total Time": 4453.054, "Actual Max Total Time": 4453.054, "Inner Unique": false, "Plans": [{"Node Type": "Streaming(type: LOCAL GATHER dop: 1/64)", "Parent Relationship": "Outer", "Startup Cost": 57.33, "Total Cost": 82581.41, "Plan Rows": 569410, "Plan Width": 24, "Actual Min Startup Time": 54.525, "Actual Max Startup Time": 54.525, "Actual Min Total Time": 298.858, "Actual Max Total Time": 298.858, "Plans": [{"Node Type": "Seq Scan", "Parent Relationship": "Outer", "Relation Name": "orders", "Alias": "orders", "Startup Cost": 57.33, "Total Cost": 70834.55, "Plan Rows": 569410, "Plan Width": 24, "Actual Min Startup Time": 0.025, "Actual Max Startup Time": 0.064, "Actual Min Total Time": 81.072, "Actual Max Total Time": 101.188, "Filter": "((o_orderdate >= '1995-01-01 00:00:00'::timestamp(0) without time zone) AND (o_orderdate < '1995-04-01 00:00:00'::timestamp without time zone)), (LLVM Optimized, Jit Execute)", "Rows Removed by Filter": 14438388, "Actual Rows": 561612}], "Actual Rows": 561612}, {"Node Type": "Index Scan", "Parent Relationship": "Inner", "Scan Direction": "Forward", "Index Name": "idx_lineitem_orderkey", "Relation Name": "lineitem", "Alias": "lineitem", "Startup Cost": 0.0, "Total Cost": 5.41, "Plan Rows": 3, "Plan Width": 8, "Actual Min Startup Time": 3742.77, "Actual Max Startup Time": 3742.77, "Actual Min Total Time": 3742.77, "Actual Max Total Time": 3742.77, "Index Cond": "(l_orderkey = orders.o_orderkey)", "Rows Removed by Index Recheck": 0, "Filter": "(l_commitdate < l_receiptdate)", "Rows Removed by Filter": 299676, "Actual Rows": 515106}], "Actual Rows": 515106}], "Actual Rows": 5}], "Actual Rows": 5}, "Triggers": [], "Planner Runtime": 0, "Total Runtime": 4743.195, "Unique SQL Id": 3745551476}}, "(64, 61)": {"explain_plan": {"Plan": {"Node Type": "Sort", "Startup Cost": 1276409.75, "Total Cost": 1276409.75, "Plan Rows": 1, "Plan Width": 24, "Sort Key": ["orders.o_orderpriority"], "Plans": [{"Node Type": "Aggregate", "Strategy": "Hashed", "Parent Relationship": "Outer", "Startup Cost": 1276409.73, "Total Cost": 1276409.74, "Plan Rows": 1, "Plan Width": 24, "Group By Key": ["orders.o_orderpriority"], "Plans": [{"Node Type": "Nested Loop", "Parent Relationship": "Outer", "Join Type": "Semi", "Startup Cost": 0.0, "Total Cost": 1273562.68, "Plan Rows": 569410, "Plan Width": 16, "Inner Unique": false, "Plans": [{"Node Type": "Streaming(type: LOCAL GATHER dop: 1/64)", "Parent Relationship": "Outer", "Startup Cost": 0.0, "Total Cost": 659246.01, "Plan Rows": 569410, "Plan Width": 24, "Plans": [{"Node Type": "Index Scan", "Parent Relationship": "Outer", "Scan Direction": "Forward", "Index Name": "orders_pkey", "Relation Name": "orders", "Alias": "orders", "Startup Cost": 0.0, "Total Cost": 647499.15, "Plan Rows": 569410, "Plan Width": 24, "Filter": "((o_orderdate >= '1995-01-01 00:00:00'::timestamp(0) without time zone) AND (o_orderdate < '1995-04-01 00:00:00'::timestamp without time zone)), (LLVM Optimized)"}]}, {"Node Type": "Index Scan", "Parent Relationship": "Inner", "Scan Direction": "Forward", "Index Name": "idx_lineitem_orderkey", "Relation Name": "lineitem", "Alias": "lineitem", "Startup Cost": 0.0, "Total Cost": 5.41, "Plan Rows": 3, "Plan Width": 8, "Index Cond": "(l_orderkey = orders.o_orderkey)", "Filter": "(l_commitdate < l_receiptdate)"}]}]}]}, "Unique SQL Id": 3745551476, "Planner Runtime": 0}, "explain_analyze_plan": {"Plan": {"Node Type": "Sort", "Startup Cost": 1276409.75, "Total Cost": 1276409.75, "Plan Rows": 1, "Plan Width": 24, "Actual Min Startup Time": 5114.034, "Actual Max Startup Time": 5114.034, "Actual Min Total Time": 5114.035, "Actual Max Total Time": 5114.035, "Sort Key": ["orders.o_orderpriority"], "Sort Method": "quicksort", "Sort Space Min Used": 25, "Sort Space Max Used": 25, "Sort Space Type": "Memory", "Plans": [{"Node Type": "Aggregate", "Strategy": "Hashed", "Parent Relationship": "Outer", "Startup Cost": 1276409.73, "Total Cost": 1276409.74, "Plan Rows": 1, "Plan Width": 24, "Actual Min Startup Time": 5113.908, "Actual Max Startup Time": 5113.908, "Actual Min Total Time": 5113.916, "Actual Max Total Time": 5113.916, "Group By Key": ["orders.o_orderpriority"], "Plans": [{"Node Type": "Nested Loop", "Parent Relationship": "Outer", "Join Type": "Semi", "Startup Cost": 0.0, "Total Cost": 1273562.68, "Plan Rows": 569410, "Plan Width": 16, "Actual Min Startup Time": 280.535, "Actual Max Startup Time": 280.535, "Actual Min Total Time": 4847.659, "Actual Max Total Time": 4847.659, "Inner Unique": false, "Plans": [{"Node Type": "Streaming(type: LOCAL GATHER dop: 1/64)", "Parent Relationship": "Outer", "Startup Cost": 0.0, "Total Cost": 659246.01, "Plan Rows": 569410, "Plan Width": 24, "Actual Min Startup Time": 280.478, "Actual Max Startup Time": 280.478, "Actual Min Total Time": 562.974, "Actual Max Total Time": 562.974, "Plans": [{"Node Type": "Index Scan", "Parent Relationship": "Outer", "Scan Direction": "Forward", "Index Name": "orders_pkey", "Relation Name": "orders", "Alias": "orders", "Startup Cost": 0.0, "Total Cost": 647499.15, "Plan Rows": 569410, "Plan Width": 24, "Actual Min Startup Time": 84.099, "Actual Max Startup Time": 223.605, "Actual Min Total Time": 231.947, "Actual Max Total Time": 372.383, "Filter": "((o_orderdate >= '1995-01-01 00:00:00'::timestamp(0) without time zone) AND (o_orderdate < '1995-04-01 00:00:00'::timestamp without time zone)), (LLVM Optimized, Jit Execute)", "Rows Removed by Filter": 14438388, "Actual Rows": 561612}], "Actual Rows": 561612}, {"Node Type": "Index Scan", "Parent Relationship": "Inner", "Scan Direction": "Forward", "Index Name": "idx_lineitem_orderkey", "Relation Name": "lineitem", "Alias": "lineitem", "Startup Cost": 0.0, "Total Cost": 5.41, "Plan Rows": 3, "Plan Width": 8, "Actual Min Startup Time": 3869.73, "Actual Max Startup Time": 3869.73, "Actual Min Total Time": 3869.73, "Actual Max Total Time": 3869.73, "Index Cond": "(l_orderkey = orders.o_orderkey)", "Rows Removed by Index Recheck": 0, "Filter": "(l_commitdate < l_receiptdate)", "Rows Removed by Filter": 299676, "Actual Rows": 515106}], "Actual Rows": 515106}], "Actual Rows": 5}], "Actual Rows": 5}, "Triggers": [], "Planner Runtime": 0, "Total Runtime": 5134.044, "Unique SQL Id": 3745551476}}, "(64, 62)": {"explain_plan": {"Plan": {"Node Type": "Sort", "Startup Cost": 4917270.86, "Total Cost": 4917270.87, "Plan Rows": 1, "Plan Width": 24, "Sort Key": ["orders.o_orderpriority"], "Plans": [{"Node Type": "Streaming(type: LOCAL GATHER dop: 1/64)", "Parent Relationship": "Outer", "Startup Cost": 4917270.85, "Total Cost": 4917270.85, "Plan Rows": 1, "Plan Width": 24, "Plans": [{"Node Type": "Aggregate", "Strategy": "Hashed", "Parent Relationship": "Outer", "Startup Cost": 4917270.85, "Total Cost": 4917270.85, "Plan Rows": 1, "Plan Width": 24, "Group By Key": ["orders.o_orderpriority"], "Plans": [{"Node Type": "Streaming(type: LOCAL REDISTRIBUTE dop: 64/64)", "Parent Relationship": "Outer", "Startup Cost": 4917270.82, "Total Cost": 4917270.85, "Plan Rows": 1, "Plan Width": 24, "Plans": [{"Node Type": "Aggregate", "Strategy": "Hashed", "Parent Relationship": "Outer", "Startup Cost": 4917270.82, "Total Cost": 4917270.82, "Plan Rows": 1, "Plan Width": 24, "Group By Key": ["orders.o_orderpriority"], "Plans": [{"Node Type": "Nested Loop", "Parent Relationship": "Outer", "Join Type": "Inner", "Startup Cost": 168603.73, "Total Cost": 4917226.33, "Plan Rows": 569410, "Plan Width": 16, "Inner Unique": true, "Join Filter": "(orders.o_orderkey = lineitem.l_orderkey), (LLVM Optimized)", "Plans": [{"Node Type": "Aggregate", "Strategy": "Hashed", "Parent Relationship": "Outer", "Startup Cost": 163126.76, "Total Cost": 163470.87, "Plan Rows": 2202268, "Plan Width": 8, "Group By Key": ["lineitem.l_orderkey"], "Plans": [{"Node Type": "Streaming(type: LOCAL REDISTRIBUTE dop: 64/64)", "Parent Relationship": "Outer", "Startup Cost": 97610.5, "Total Cost": 163040.74, "Plan Rows": 2202268, "Plan Width": 8, "Plans": [{"Node Type": "Aggregate", "Strategy": "Hashed", "Parent Relationship": "Outer", "Startup Cost": 97610.5, "Total Cost": 97954.61, "Plan Rows": 2202268, "Plan Width": 8, "Group By Key": ["lineitem.l_orderkey"], "Plans": [{"Node Type": "Seq Scan", "Parent Relationship": "Outer", "Relation Name": "lineitem", "Alias": "lineitem", "Startup Cost": 0.0, "Total Cost": 96829.42, "Plan Rows": 19995678, "Plan Width": 8, "Filter": "(l_commitdate < l_receiptdate), (LLVM Optimized)"}]}]}]}, {"Node Type": "Materialize", "Parent Relationship": "Inner", "Startup Cost": 57.33, "Total Cost": 134418.42, "Plan Rows": 569410, "Plan Width": 24, "Plans": [{"Node Type": "Streaming(type: LOCAL REDISTRIBUTE dop: 64/64)", "Parent Relationship": "Outer", "Startup Cost": 57.33, "Total Cost": 134373.93, "Plan Rows": 569410, "Plan Width": 24, "Plans": [{"Node Type": "Seq Scan", "Parent Relationship": "Outer", "Relation Name": "orders", "Alias": "orders", "Startup Cost": 57.33, "Total Cost": 70834.55, "Plan Rows": 569410, "Plan Width": 24, "Filter": "((o_orderdate >= '1995-01-01 00:00:00'::timestamp(0) without time zone) AND (o_orderdate < '1995-04-01 00:00:00'::timestamp without time zone)), (LLVM Optimized)"}]}]}]}]}]}]}]}]}, "Unique SQL Id": 3745551476, "Planner Runtime": 0}, "explain_analyze_plan": null}, "(64, 63)": {"explain_plan": {"Plan": {"Node Type": "Sort", "Startup Cost": 2034307228087.09, "Total Cost": 2034307228087.1, "Plan Rows": 1, "Plan Width": 24, "Sort Key": ["orders.o_orderpriority"], "Plans": [{"Node Type": "Aggregate", "Strategy": "Hashed", "Parent Relationship": "Outer", "Startup Cost": 2034307228087.07, "Total Cost": 2034307228087.08, "Plan Rows": 1, "Plan Width": 24, "Group By Key": ["orders.o_orderpriority"], "Plans": [{"Node Type": "Nested Loop", "Parent Relationship": "Outer", "Join Type": "Semi", "Startup Cost": 20000000000.0, "Total Cost": 2034307225240.02, "Plan Rows": 569410, "Plan Width": 16, "Inner Unique": false, "Join Filter": "(orders.o_orderkey = lineitem.l_orderkey), (LLVM Optimized)", "Plans": [{"Node Type": "Index Scan", "Parent Relationship": "Outer", "Scan Direction": "Forward", "Index Name": "orders_pkey", "Relation Name": "orders", "Alias": "orders", "Startup Cost": 10000000000.0, "Total Cost": 1000080597583.0, "Plan Rows": 569410, "Plan Width": 24, "Filter": "((o_orderdate >= '1995-01-01 00:00:00'::timestamp(0) without time zone) AND (o_orderdate < '1995-04-01 00:00:00'::timestamp without time zone)), (LLVM Optimized)"}, {"Node Type": "Materialize", "Parent Relationship": "Inner", "Startup Cost": 10000000000.0, "Total Cost": 1000339112111.14, "Plan Rows": 19995678, "Plan Width": 8, "Plans": [{"Node Type": "Index Scan", "Parent Relationship": "Outer", "Scan Direction": "Forward", "Index Name": "idx_lineitem_orderkey", "Relation Name": "lineitem", "Alias": "lineitem", "Startup Cost": 10000000000.0, "Total Cost": 1000339012132.75, "Plan Rows": 19995678, "Plan Width": 8, "Filter": "(l_commitdate < l_receiptdate), (LLVM Optimized)"}]}]}]}]}, "Unique SQL Id": 3745551476, "Planner Runtime": 0}, "explain_analyze_plan": null}, "(64, 64)": {"explain_plan": {"Plan": {"Node Type": "Sort", "Startup Cost": 277414.2, "Total Cost": 277414.2, "Plan Rows": 1, "Plan Width": 24, "Sort Key": ["orders.o_orderpriority"], "Plans": [{"Node Type": "Aggregate", "Strategy": "Hashed", "Parent Relationship": "Outer", "Startup Cost": 277414.18, "Total Cost": 277414.19, "Plan Rows": 1, "Plan Width": 24, "Group By Key": ["orders.o_orderpriority"], "Plans": [{"Node Type": "Hash Join", "Parent Relationship": "Outer", "Join Type": "Inner", "Startup Cost": 238591.84, "Total Cost": 274567.13, "Plan Rows": 569410, "Plan Width": 16, "Inner Unique": true, "Hash Cond": "(lineitem.l_orderkey = orders.o_orderkey), (LLVM Optimized)", "Plans": [{"Node Type": "Aggregate", "Strategy": "Hashed", "Parent Relationship": "Outer", "Startup Cost": 148892.81, "Total Cost": 170915.49, "Plan Rows": 2202268, "Plan Width": 8, "Group By Key": ["lineitem.l_orderkey"], "Plans": [{"Node Type": "Streaming(type: LOCAL GATHER dop: 1/64)", "Parent Relationship": "Outer", "Startup Cost": 97610.5, "Total Cost": 143387.14, "Plan Rows": 2202268, "Plan Width": 8, "Plans": [{"Node Type": "Aggregate", "Strategy": "Hashed", "Parent Relationship": "Outer", "Startup Cost": 97610.5, "Total Cost": 97954.61, "Plan Rows": 2202268, "Plan Width": 8, "Group By Key": ["lineitem.l_orderkey"], "Plans": [{"Node Type": "Seq Scan", "Parent Relationship": "Outer", "Relation Name": "lineitem", "Alias": "lineitem", "Startup Cost": 0.0, "Total Cost": 96829.42, "Plan Rows": 19995678, "Plan Width": 8, "Filter": "(l_commitdate < l_receiptdate), (LLVM Optimized)"}]}]}]}, {"Node Type": "Hash", "Parent Relationship": "Inner", "Startup Cost": 82581.41, "Total Cost": 82581.41, "Plan Rows": 569410, "Plan Width": 24, "Plans": [{"Node Type": "Streaming(type: LOCAL GATHER dop: 1/64)", "Parent Relationship": "Outer", "Startup Cost": 57.33, "Total Cost": 82581.41, "Plan Rows": 569410, "Plan Width": 24, "Plans": [{"Node Type": "Seq Scan", "Parent Relationship": "Outer", "Relation Name": "orders", "Alias": "orders", "Startup Cost": 57.33, "Total Cost": 70834.55, "Plan Rows": 569410, "Plan Width": 24, "Filter": "((o_orderdate >= '1995-01-01 00:00:00'::timestamp(0) without time zone) AND (o_orderdate < '1995-04-01 00:00:00'::timestamp without time zone)), (LLVM Optimized)"}]}]}]}]}]}, "Unique SQL Id": 3745551476, "Planner Runtime": 1}, "explain_analyze_plan": {"Plan": {"Node Type": "Sort", "Startup Cost": 277414.2, "Total Cost": 277414.2, "Plan Rows": 1, "Plan Width": 24, "Actual Min Startup Time": 23766.987, "Actual Max Startup Time": 23766.987, "Actual Min Total Time": 23766.987, "Actual Max Total Time": 23766.987, "Sort Key": ["orders.o_orderpriority"], "Sort Method": "quicksort", "Sort Space Min Used": 25, "Sort Space Max Used": 25, "Sort Space Type": "Memory", "Plans": [{"Node Type": "Aggregate", "Strategy": "Hashed", "Parent Relationship": "Outer", "Startup Cost": 277414.18, "Total Cost": 277414.19, "Plan Rows": 1, "Plan Width": 24, "Actual Min Startup Time": 23766.921, "Actual Max Startup Time": 23766.921, "Actual Min Total Time": 23766.922, "Actual Max Total Time": 23766.922, "Group By Key": ["orders.o_orderpriority"], "Plans": [{"Node Type": "Hash Join", "Parent Relationship": "Outer", "Join Type": "Inner", "Startup Cost": 238591.84, "Total Cost": 274567.13, "Plan Rows": 569410, "Plan Width": 16, "Actual Min Startup Time": 14735.43, "Actual Max Startup Time": 14735.43, "Actual Min Total Time": 23551.885, "Actual Max Total Time": 23551.885, "Inner Unique": true, "Hash Cond": "(lineitem.l_orderkey = orders.o_orderkey), (LLVM Optimized, Jit Execute)", "Plans": [{"Node Type": "Aggregate", "Strategy": "Hashed", "Parent Relationship": "Outer", "Startup Cost": 148892.81, "Total Cost": 170915.49, "Plan Rows": 2202268, "Plan Width": 8, "Actual Min Startup Time": 14035.349, "Actual Max Startup Time": 14035.349, "Actual Min Total Time": 19818.083, "Actual Max Total Time": 19818.083, "Group By Key": ["lineitem.l_orderkey"], "Plans": [{"Node Type": "Streaming(type: LOCAL GATHER dop: 1/64)", "Parent Relationship": "Outer", "Startup Cost": 97610.5, "Total Cost": 143387.14, "Plan Rows": 2202268, "Plan Width": 8, "Actual Min Startup Time": 229.695, "Actual Max Startup Time": 229.695, "Actual Min Total Time": 5832.858, "Actual Max Total Time": 5832.858, "Plans": [{"Node Type": "Aggregate", "Strategy": "Hashed", "Parent Relationship": "Outer", "Startup Cost": 97610.5, "Total Cost": 97954.61, "Plan Rows": 2202268, "Plan Width": 8, "Actual Min Startup Time": 747.715, "Actual Max Startup Time": 860.278, "Actual Min Total Time": 818.769, "Actual Max Total Time": 988.082, "Group By Key": ["lineitem.l_orderkey"], "Plans": [{"Node Type": "Seq Scan", "Parent Relationship": "Outer", "Relation Name": "lineitem", "Alias": "lineitem", "Startup Cost": 0.0, "Total Cost": 96829.42, "Plan Rows": 19995678, "Plan Width": 8, "Actual Min Startup Time": 0.021, "Actual Max Startup Time": 0.04, "Actual Min Total Time": 492.564, "Actual Max Total Time": 522.811, "Filter": "(l_commitdate < l_receiptdate), (LLVM Optimized, Jit Execute)", "Rows Removed by Filter": 22056704, "Actual Rows": 37929348}], "Actual Rows": 13761080}], "Actual Rows": 13761080}], "Actual Rows": 13753474}, {"Node Type": "Hash", "Parent Relationship": "Inner", "Startup Cost": 82581.41, "Total Cost": 82581.41, "Plan Rows": 569410, "Plan Width": 24, "Actual Min Startup Time": 699.305, "Actual Max Startup Time": 699.305, "Actual Min Total Time": 699.305, "Actual Max Total Time": 699.305, "Max Hash Buckets": 1048576, "Min Hash Buckets": 1048576, "Max Hash Batches": 1, "Min Hash Batches": 1, "Max Original Hash Batches": 1, "Min Original Hash Batches": 1, "Max Peak Memory Usage": 30714, "min Peak Memory Usage": 30714, "Plans": [{"Node Type": "Streaming(type: LOCAL GATHER dop: 1/64)", "Parent Relationship": "Outer", "Startup Cost": 57.33, "Total Cost": 82581.41, "Plan Rows": 569410, "Plan Width": 24, "Actual Min Startup Time": 101.787, "Actual Max Startup Time": 101.787, "Actual Min Total Time": 451.33, "Actual Max Total Time": 451.33, "Plans": [{"Node Type": "Seq Scan", "Parent Relationship": "Outer", "Relation Name": "orders", "Alias": "orders", "Startup Cost": 57.33, "Total Cost": 70834.55, "Plan Rows": 569410, "Plan Width": 24, "Actual Min Startup Time": 0.03, "Actual Max Startup Time": 0.359, "Actual Min Total Time": 101.01, "Actual Max Total Time": 138.203, "Filter": "((o_orderdate >= '1995-01-01 00:00:00'::timestamp(0) without time zone) AND (o_orderdate < '1995-04-01 00:00:00'::timestamp without time zone)), (LLVM Optimized, Jit Execute)", "Rows Removed by Filter": 14438388, "Actual Rows": 561612}], "Actual Rows": 561612}], "Actual Rows": 561612}], "Actual Rows": 515106}], "Actual Rows": 5}], "Actual Rows": 5}, "Triggers": [], "Planner Runtime": 0, "Total Runtime": 23798.493, "Unique SQL Id": 3745551476}}, "(64, 65)": {"explain_plan": {"Plan": {"Node Type": "Sort", "Startup Cost": 916688.59, "Total Cost": 916688.6, "Plan Rows": 1, "Plan Width": 24, "Sort Key": ["orders.o_orderpriority"], "Plans": [{"Node Type": "Aggregate", "Strategy": "Hashed", "Parent Relationship": "Outer", "Startup Cost": 916688.57, "Total Cost": 916688.58, "Plan Rows": 1, "Plan Width": 24, "Group By Key": ["orders.o_orderpriority"], "Plans": [{"Node Type": "Nested Loop", "Parent Relationship": "Outer", "Join Type": "Semi", "Startup Cost": 14564.7, "Total Cost": 913841.52, "Plan Rows": 569410, "Plan Width": 16, "Inner Unique": false, "Plans": [{"Node Type": "Bitmap Heap Scan", "Parent Relationship": "Outer", "Relation Name": "orders", "Alias": "orders", "Startup Cost": 14564.7, "Total Cost": 299524.85, "Plan Rows": 569410, "Plan Width": 24, "Recheck Cond": "((o_orderdate >= '1995-01-01 00:00:00'::timestamp(0) without time zone) AND (o_orderdate < '1995-04-01 00:00:00'::timestamp without time zone)), (LLVM Optimized)", "Plans": [{"Node Type": "Bitmap Index Scan", "Parent Relationship": "Outer", "Index Name": "idx_orders_orderdate", "Startup Cost": 0.0, "Total Cost": 14422.35, "Plan Rows": 569410, "Plan Width": 0, "Index Cond": "((o_orderdate >= '1995-01-01 00:00:00'::timestamp(0) without time zone) AND (o_orderdate < '1995-04-01 00:00:00'::timestamp without time zone))"}]}, {"Node Type": "Index Scan", "Parent Relationship": "Inner", "Scan Direction": "Forward", "Index Name": "idx_lineitem_orderkey", "Relation Name": "lineitem", "Alias": "lineitem", "Startup Cost": 0.0, "Total Cost": 5.41, "Plan Rows": 3, "Plan Width": 8, "Index Cond": "(l_orderkey = orders.o_orderkey)", "Filter": "(l_commitdate < l_receiptdate)"}]}]}]}, "Unique SQL Id": 3745551476, "Planner Runtime": 0}, "explain_analyze_plan": {"Plan": {"Node Type": "Sort", "Startup Cost": 916688.59, "Total Cost": 916688.6, "Plan Rows": 1, "Plan Width": 24, "Actual Startup Time": 5282.088, "Actual Total Time": 5282.088, "Actual Rows": 5, "Actual Loops": 1, "Sort Key": ["orders.o_orderpriority"], "Sort Method": "quicksort", "Sort Space Used": 25, "Sort Space Type": "Memory", "Plans": [{"Node Type": "Aggregate", "Strategy": "Hashed", "Parent Relationship": "Outer", "Startup Cost": 916688.57, "Total Cost": 916688.58, "Plan Rows": 1, "Plan Width": 24, "Actual Startup Time": 5282.022, "Actual Total Time": 5282.024, "Actual Rows": 5, "Actual Loops": 1, "Group By Key": ["orders.o_orderpriority"], "Plans": [{"Node Type": "Nested Loop", "Parent Relationship": "Outer", "Join Type": "Semi", "Startup Cost": 14564.7, "Total Cost": 913841.52, "Plan Rows": 569410, "Plan Width": 16, "Actual Startup Time": 248.585, "Actual Total Time": 5001.846, "Actual Rows": 515106, "Actual Loops": 1, "Inner Unique": false, "Plans": [{"Node Type": "Bitmap Heap Scan", "Parent Relationship": "Outer", "Relation Name": "orders", "Alias": "orders", "Startup Cost": 14564.7, "Total Cost": 299524.85, "Plan Rows": 569410, "Plan Width": 24, "Actual Startup Time": 248.504, "Actual Total Time": 1075.41, "Actual Rows": 561612, "Actual Loops": 1, "Recheck Cond": "((o_orderdate >= '1995-01-01 00:00:00'::timestamp(0) without time zone) AND (o_orderdate < '1995-04-01 00:00:00'::timestamp without time zone)), (LLVM Optimized, Jit Execute)", "Rows Removed by Index Recheck": 0, "Exact Heap Blocks": 241676, "Lossy Heap Blocks": 241676, "Plans": [{"Node Type": "Bitmap Index Scan", "Parent Relationship": "Outer", "Index Name": "idx_orders_orderdate", "Startup Cost": 0.0, "Total Cost": 14422.35, "Plan Rows": 569410, "Plan Width": 0, "Actual Startup Time": 173.471, "Actual Total Time": 173.471, "Actual Rows": 561612, "Actual Loops": 1, "Index Cond": "((o_orderdate >= '1995-01-01 00:00:00'::timestamp(0) without time zone) AND (o_orderdate < '1995-04-01 00:00:00'::timestamp without time zone))"}]}, {"Node Type": "Index Scan", "Parent Relationship": "Inner", "Scan Direction": "Forward", "Index Name": "idx_lineitem_orderkey", "Relation Name": "lineitem", "Alias": "lineitem", "Startup Cost": 0.0, "Total Cost": 5.41, "Plan Rows": 3, "Plan Width": 8, "Actual Startup Time": 3512.894, "Actual Total Time": 3512.894, "Actual Rows": 515106, "Actual Loops": 561612, "Index Cond": "(l_orderkey = orders.o_orderkey)", "Rows Removed by Index Recheck": 0, "Filter": "(l_commitdate < l_receiptdate)", "Rows Removed by Filter": 299676}]}]}]}, "Triggers": [], "Planner Runtime": 0, "Total Runtime": 5291.829, "Unique SQL Id": 3745551476}}, "(64, 66)": {"explain_plan": {"Plan": {"Node Type": "Sort", "Startup Cost": 277414.2, "Total Cost": 277414.2, "Plan Rows": 1, "Plan Width": 24, "Sort Key": ["orders.o_orderpriority"], "Plans": [{"Node Type": "Aggregate", "Strategy": "Hashed", "Parent Relationship": "Outer", "Startup Cost": 277414.18, "Total Cost": 277414.19, "Plan Rows": 1, "Plan Width": 24, "Group By Key": ["orders.o_orderpriority"], "Plans": [{"Node Type": "Hash Join", "Parent Relationship": "Outer", "Join Type": "Inner", "Startup Cost": 238591.84, "Total Cost": 274567.13, "Plan Rows": 569410, "Plan Width": 16, "Inner Unique": true, "Hash Cond": "(lineitem.l_orderkey = orders.o_orderkey), (LLVM Optimized)", "Plans": [{"Node Type": "Aggregate", "Strategy": "Hashed", "Parent Relationship": "Outer", "Startup Cost": 148892.81, "Total Cost": 170915.49, "Plan Rows": 2202268, "Plan Width": 8, "Group By Key": ["lineitem.l_orderkey"], "Plans": [{"Node Type": "Streaming(type: LOCAL GATHER dop: 1/64)", "Parent Relationship": "Outer", "Startup Cost": 97610.5, "Total Cost": 143387.14, "Plan Rows": 2202268, "Plan Width": 8, "Plans": [{"Node Type": "Aggregate", "Strategy": "Hashed", "Parent Relationship": "Outer", "Startup Cost": 97610.5, "Total Cost": 97954.61, "Plan Rows": 2202268, "Plan Width": 8, "Group By Key": ["lineitem.l_orderkey"], "Plans": [{"Node Type": "Seq Scan", "Parent Relationship": "Outer", "Relation Name": "lineitem", "Alias": "lineitem", "Startup Cost": 0.0, "Total Cost": 96829.42, "Plan Rows": 19995678, "Plan Width": 8, "Filter": "(l_commitdate < l_receiptdate), (LLVM Optimized)"}]}]}]}, {"Node Type": "Hash", "Parent Relationship": "Inner", "Startup Cost": 82581.41, "Total Cost": 82581.41, "Plan Rows": 569410, "Plan Width": 24, "Plans": [{"Node Type": "Streaming(type: LOCAL GATHER dop: 1/64)", "Parent Relationship": "Outer", "Startup Cost": 57.33, "Total Cost": 82581.41, "Plan Rows": 569410, "Plan Width": 24, "Plans": [{"Node Type": "Seq Scan", "Parent Relationship": "Outer", "Relation Name": "orders", "Alias": "orders", "Startup Cost": 57.33, "Total Cost": 70834.55, "Plan Rows": 569410, "Plan Width": 24, "Filter": "((o_orderdate >= '1995-01-01 00:00:00'::timestamp(0) without time zone) AND (o_orderdate < '1995-04-01 00:00:00'::timestamp without time zone)), (LLVM Optimized)"}]}]}]}]}]}, "Unique SQL Id": 3745551476, "Planner Runtime": 0}, "explain_analyze_plan": {"Plan": {"Node Type": "Sort", "Startup Cost": 277414.2, "Total Cost": 277414.2, "Plan Rows": 1, "Plan Width": 24, "Actual Min Startup Time": 23766.987, "Actual Max Startup Time": 23766.987, "Actual Min Total Time": 23766.987, "Actual Max Total Time": 23766.987, "Sort Key": ["orders.o_orderpriority"], "Sort Method": "quicksort", "Sort Space Min Used": 25, "Sort Space Max Used": 25, "Sort Space Type": "Memory", "Plans": [{"Node Type": "Aggregate", "Strategy": "Hashed", "Parent Relationship": "Outer", "Startup Cost": 277414.18, "Total Cost": 277414.19, "Plan Rows": 1, "Plan Width": 24, "Actual Min Startup Time": 23766.921, "Actual Max Startup Time": 23766.921, "Actual Min Total Time": 23766.922, "Actual Max Total Time": 23766.922, "Group By Key": ["orders.o_orderpriority"], "Plans": [{"Node Type": "Hash Join", "Parent Relationship": "Outer", "Join Type": "Inner", "Startup Cost": 238591.84, "Total Cost": 274567.13, "Plan Rows": 569410, "Plan Width": 16, "Actual Min Startup Time": 14735.43, "Actual Max Startup Time": 14735.43, "Actual Min Total Time": 23551.885, "Actual Max Total Time": 23551.885, "Inner Unique": true, "Hash Cond": "(lineitem.l_orderkey = orders.o_orderkey), (LLVM Optimized, Jit Execute)", "Plans": [{"Node Type": "Aggregate", "Strategy": "Hashed", "Parent Relationship": "Outer", "Startup Cost": 148892.81, "Total Cost": 170915.49, "Plan Rows": 2202268, "Plan Width": 8, "Actual Min Startup Time": 14035.349, "Actual Max Startup Time": 14035.349, "Actual Min Total Time": 19818.083, "Actual Max Total Time": 19818.083, "Group By Key": ["lineitem.l_orderkey"], "Plans": [{"Node Type": "Streaming(type: LOCAL GATHER dop: 1/64)", "Parent Relationship": "Outer", "Startup Cost": 97610.5, "Total Cost": 143387.14, "Plan Rows": 2202268, "Plan Width": 8, "Actual Min Startup Time": 229.695, "Actual Max Startup Time": 229.695, "Actual Min Total Time": 5832.858, "Actual Max Total Time": 5832.858, "Plans": [{"Node Type": "Aggregate", "Strategy": "Hashed", "Parent Relationship": "Outer", "Startup Cost": 97610.5, "Total Cost": 97954.61, "Plan Rows": 2202268, "Plan Width": 8, "Actual Min Startup Time": 747.715, "Actual Max Startup Time": 860.278, "Actual Min Total Time": 818.769, "Actual Max Total Time": 988.082, "Group By Key": ["lineitem.l_orderkey"], "Plans": [{"Node Type": "Seq Scan", "Parent Relationship": "Outer", "Relation Name": "lineitem", "Alias": "lineitem", "Startup Cost": 0.0, "Total Cost": 96829.42, "Plan Rows": 19995678, "Plan Width": 8, "Actual Min Startup Time": 0.021, "Actual Max Startup Time": 0.04, "Actual Min Total Time": 492.564, "Actual Max Total Time": 522.811, "Filter": "(l_commitdate < l_receiptdate), (LLVM Optimized, Jit Execute)", "Rows Removed by Filter": 22056704, "Actual Rows": 37929348}], "Actual Rows": 13761080}], "Actual Rows": 13761080}], "Actual Rows": 13753474}, {"Node Type": "Hash", "Parent Relationship": "Inner", "Startup Cost": 82581.41, "Total Cost": 82581.41, "Plan Rows": 569410, "Plan Width": 24, "Actual Min Startup Time": 699.305, "Actual Max Startup Time": 699.305, "Actual Min Total Time": 699.305, "Actual Max Total Time": 699.305, "Max Hash Buckets": 1048576, "Min Hash Buckets": 1048576, "Max Hash Batches": 1, "Min Hash Batches": 1, "Max Original Hash Batches": 1, "Min Original Hash Batches": 1, "Max Peak Memory Usage": 30714, "min Peak Memory Usage": 30714, "Plans": [{"Node Type": "Streaming(type: LOCAL GATHER dop: 1/64)", "Parent Relationship": "Outer", "Startup Cost": 57.33, "Total Cost": 82581.41, "Plan Rows": 569410, "Plan Width": 24, "Actual Min Startup Time": 101.787, "Actual Max Startup Time": 101.787, "Actual Min Total Time": 451.33, "Actual Max Total Time": 451.33, "Plans": [{"Node Type": "Seq Scan", "Parent Relationship": "Outer", "Relation Name": "orders", "Alias": "orders", "Startup Cost": 57.33, "Total Cost": 70834.55, "Plan Rows": 569410, "Plan Width": 24, "Actual Min Startup Time": 0.03, "Actual Max Startup Time": 0.359, "Actual Min Total Time": 101.01, "Actual Max Total Time": 138.203, "Filter": "((o_orderdate >= '1995-01-01 00:00:00'::timestamp(0) without time zone) AND (o_orderdate < '1995-04-01 00:00:00'::timestamp without time zone)), (LLVM Optimized, Jit Execute)", "Rows Removed by Filter": 14438388, "Actual Rows": 561612}], "Actual Rows": 561612}], "Actual Rows": 561612}], "Actual Rows": 515106}], "Actual Rows": 5}], "Actual Rows": 5}, "Triggers": [], "Planner Runtime": 0, "Total Runtime": 23798.493, "Unique SQL Id": 3745551476}}, "(64, 67)": {"explain_plan": {"Plan": {"Node Type": "Sort", "Startup Cost": 2781642.36, "Total Cost": 2781642.36, "Plan Rows": 1, "Plan Width": 24, "Sort Key": ["orders.o_orderpriority"], "Plans": [{"Node Type": "Aggregate", "Strategy": "Hashed", "Parent Relationship": "Outer", "Startup Cost": 2781642.34, "Total Cost": 2781642.35, "Plan Rows": 1, "Plan Width": 24, "Group By Key": ["orders.o_orderpriority"], "Plans": [{"Node Type": "Nested Loop", "Parent Relationship": "Outer", "Join Type": "Semi", "Startup Cost": 14566.65, "Total Cost": 2778795.29, "Plan Rows": 569410, "Plan Width": 16, "Inner Unique": false, "Plans": [{"Node Type": "Bitmap Heap Scan", "Parent Relationship": "Outer", "Relation Name": "orders", "Alias": "orders", "Startup Cost": 14564.7, "Total Cost": 299524.85, "Plan Rows": 569410, "Plan Width": 24, "Recheck Cond": "((o_orderdate >= '1995-01-01 00:00:00'::timestamp(0) without time zone) AND (o_orderdate < '1995-04-01 00:00:00'::timestamp without time zone)), (LLVM Optimized)", "Plans": [{"Node Type": "Bitmap Index Scan", "Parent Relationship": "Outer", "Index Name": "idx_orders_orderdate", "Startup Cost": 0.0, "Total Cost": 14422.35, "Plan Rows": 569410, "Plan Width": 0, "Index Cond": "((o_orderdate >= '1995-01-01 00:00:00'::timestamp(0) without time zone) AND (o_orderdate < '1995-04-01 00:00:00'::timestamp without time zone))"}]}, {"Node Type": "Bitmap Heap Scan", "Parent Relationship": "Inner", "Relation Name": "lineitem", "Alias": "lineitem", "Startup Cost": 1.94, "Total Cost": 14.06, "Plan Rows": 3, "Plan Width": 8, "Recheck Cond": "(l_orderkey = orders.o_orderkey)", "Filter": "(l_commitdate < l_receiptdate)", "Plans": [{"Node Type": "Bitmap Index Scan", "Parent Relationship": "Outer", "Index Name": "idx_lineitem_orderkey", "Startup Cost": 0.0, "Total Cost": 1.94, "Plan Rows": 9, "Plan Width": 0, "Index Cond": "(l_orderkey = orders.o_orderkey)"}]}]}]}]}, "Unique SQL Id": 3745551476, "Planner Runtime": 0}, "explain_analyze_plan": {"Plan": {"Node Type": "Sort", "Startup Cost": 2781642.36, "Total Cost": 2781642.36, "Plan Rows": 1, "Plan Width": 24, "Actual Startup Time": 6948.197, "Actual Total Time": 6948.197, "Actual Rows": 5, "Actual Loops": 1, "Sort Key": ["orders.o_orderpriority"], "Sort Method": "quicksort", "Sort Space Used": 25, "Sort Space Type": "Memory", "Plans": [{"Node Type": "Aggregate", "Strategy": "Hashed", "Parent Relationship": "Outer", "Startup Cost": 2781642.34, "Total Cost": 2781642.35, "Plan Rows": 1, "Plan Width": 24, "Actual Startup Time": 6948.154, "Actual Total Time": 6948.156, "Actual Rows": 5, "Actual Loops": 1, "Group By Key": ["orders.o_orderpriority"], "Plans": [{"Node Type": "Nested Loop", "Parent Relationship": "Outer", "Join Type": "Semi", "Startup Cost": 14566.65, "Total Cost": 2778795.29, "Plan Rows": 569410, "Plan Width": 16, "Actual Startup Time": 242.485, "Actual Total Time": 6627.026, "Actual Rows": 515106, "Actual Loops": 1, "Inner Unique": false, "Plans": [{"Node Type": "Bitmap Heap Scan", "Parent Relationship": "Outer", "Relation Name": "orders", "Alias": "orders", "Startup Cost": 14564.7, "Total Cost": 299524.85, "Plan Rows": 569410, "Plan Width": 24, "Actual Startup Time": 242.383, "Actual Total Time": 1045.457, "Actual Rows": 561612, "Actual Loops": 1, "Recheck Cond": "((o_orderdate >= '1995-01-01 00:00:00'::timestamp(0) without time zone) AND (o_orderdate < '1995-04-01 00:00:00'::timestamp without time zone)), (LLVM Optimized, Jit Execute)", "Rows Removed by Index Recheck": 0, "Exact Heap Blocks": 241676, "Lossy Heap Blocks": 241676, "Plans": [{"Node Type": "Bitmap Index Scan", "Parent Relationship": "Outer", "Index Name": "idx_orders_orderdate", "Startup Cost": 0.0, "Total Cost": 14422.35, "Plan Rows": 569410, "Plan Width": 0, "Actual Startup Time": 166.951, "Actual Total Time": 166.951, "Actual Rows": 561612, "Actual Loops": 1, "Index Cond": "((o_orderdate >= '1995-01-01 00:00:00'::timestamp(0) without time zone) AND (o_orderdate < '1995-04-01 00:00:00'::timestamp without time zone))"}]}, {"Node Type": "Bitmap Heap Scan", "Parent Relationship": "Inner", "Relation Name": "lineitem", "Alias": "lineitem", "Startup Cost": 1.94, "Total Cost": 14.06, "Plan Rows": 3, "Plan Width": 8, "Actual Startup Time": 4824.463, "Actual Total Time": 4824.463, "Actual Rows": 515106, "Actual Loops": 561612, "Recheck Cond": "(l_orderkey = orders.o_orderkey)", "Rows Removed by Index Recheck": 0, "Filter": "(l_commitdate < l_receiptdate)", "Rows Removed by Filter": 299676, "Exact Heap Blocks": 567798, "Lossy Heap Blocks": 567798, "Plans": [{"Node Type": "Bitmap Index Scan", "Parent Relationship": "Outer", "Index Name": "idx_lineitem_orderkey", "Startup Cost": 0.0, "Total Cost": 1.94, "Plan Rows": 9, "Plan Width": 0, "Actual Startup Time": 2446.908, "Actual Total Time": 2446.908, "Actual Rows": 2246588, "Actual Loops": 561612, "Index Cond": "(l_orderkey = orders.o_orderkey)"}]}]}]}]}, "Triggers": [], "Planner Runtime": 0, "Total Runtime": 6961.186, "Unique SQL Id": 3745551476}}, "(64, 68)": {"explain_plan": {"Plan": {"Node Type": "Sort", "Startup Cost": 277414.2, "Total Cost": 277414.2, "Plan Rows": 1, "Plan Width": 24, "Sort Key": ["orders.o_orderpriority"], "Plans": [{"Node Type": "Aggregate", "Strategy": "Hashed", "Parent Relationship": "Outer", "Startup Cost": 277414.18, "Total Cost": 277414.19, "Plan Rows": 1, "Plan Width": 24, "Group By Key": ["orders.o_orderpriority"], "Plans": [{"Node Type": "Hash Join", "Parent Relationship": "Outer", "Join Type": "Inner", "Startup Cost": 238591.84, "Total Cost": 274567.13, "Plan Rows": 569410, "Plan Width": 16, "Inner Unique": true, "Hash Cond": "(lineitem.l_orderkey = orders.o_orderkey), (LLVM Optimized)", "Plans": [{"Node Type": "Aggregate", "Strategy": "Hashed", "Parent Relationship": "Outer", "Startup Cost": 148892.81, "Total Cost": 170915.49, "Plan Rows": 2202268, "Plan Width": 8, "Group By Key": ["lineitem.l_orderkey"], "Plans": [{"Node Type": "Streaming(type: LOCAL GATHER dop: 1/64)", "Parent Relationship": "Outer", "Startup Cost": 97610.5, "Total Cost": 143387.14, "Plan Rows": 2202268, "Plan Width": 8, "Plans": [{"Node Type": "Aggregate", "Strategy": "Hashed", "Parent Relationship": "Outer", "Startup Cost": 97610.5, "Total Cost": 97954.61, "Plan Rows": 2202268, "Plan Width": 8, "Group By Key": ["lineitem.l_orderkey"], "Plans": [{"Node Type": "Seq Scan", "Parent Relationship": "Outer", "Relation Name": "lineitem", "Alias": "lineitem", "Startup Cost": 0.0, "Total Cost": 96829.42, "Plan Rows": 19995678, "Plan Width": 8, "Filter": "(l_commitdate < l_receiptdate), (LLVM Optimized)"}]}]}]}, {"Node Type": "Hash", "Parent Relationship": "Inner", "Startup Cost": 82581.41, "Total Cost": 82581.41, "Plan Rows": 569410, "Plan Width": 24, "Plans": [{"Node Type": "Streaming(type: LOCAL GATHER dop: 1/64)", "Parent Relationship": "Outer", "Startup Cost": 57.33, "Total Cost": 82581.41, "Plan Rows": 569410, "Plan Width": 24, "Plans": [{"Node Type": "Seq Scan", "Parent Relationship": "Outer", "Relation Name": "orders", "Alias": "orders", "Startup Cost": 57.33, "Total Cost": 70834.55, "Plan Rows": 569410, "Plan Width": 24, "Filter": "((o_orderdate >= '1995-01-01 00:00:00'::timestamp(0) without time zone) AND (o_orderdate < '1995-04-01 00:00:00'::timestamp without time zone)), (LLVM Optimized)"}]}]}]}]}]}, "Unique SQL Id": 3745551476, "Planner Runtime": 1}, "explain_analyze_plan": {"Plan": {"Node Type": "Sort", "Startup Cost": 277414.2, "Total Cost": 277414.2, "Plan Rows": 1, "Plan Width": 24, "Actual Min Startup Time": 23766.987, "Actual Max Startup Time": 23766.987, "Actual Min Total Time": 23766.987, "Actual Max Total Time": 23766.987, "Sort Key": ["orders.o_orderpriority"], "Sort Method": "quicksort", "Sort Space Min Used": 25, "Sort Space Max Used": 25, "Sort Space Type": "Memory", "Plans": [{"Node Type": "Aggregate", "Strategy": "Hashed", "Parent Relationship": "Outer", "Startup Cost": 277414.18, "Total Cost": 277414.19, "Plan Rows": 1, "Plan Width": 24, "Actual Min Startup Time": 23766.921, "Actual Max Startup Time": 23766.921, "Actual Min Total Time": 23766.922, "Actual Max Total Time": 23766.922, "Group By Key": ["orders.o_orderpriority"], "Plans": [{"Node Type": "Hash Join", "Parent Relationship": "Outer", "Join Type": "Inner", "Startup Cost": 238591.84, "Total Cost": 274567.13, "Plan Rows": 569410, "Plan Width": 16, "Actual Min Startup Time": 14735.43, "Actual Max Startup Time": 14735.43, "Actual Min Total Time": 23551.885, "Actual Max Total Time": 23551.885, "Inner Unique": true, "Hash Cond": "(lineitem.l_orderkey = orders.o_orderkey), (LLVM Optimized, Jit Execute)", "Plans": [{"Node Type": "Aggregate", "Strategy": "Hashed", "Parent Relationship": "Outer", "Startup Cost": 148892.81, "Total Cost": 170915.49, "Plan Rows": 2202268, "Plan Width": 8, "Actual Min Startup Time": 14035.349, "Actual Max Startup Time": 14035.349, "Actual Min Total Time": 19818.083, "Actual Max Total Time": 19818.083, "Group By Key": ["lineitem.l_orderkey"], "Plans": [{"Node Type": "Streaming(type: LOCAL GATHER dop: 1/64)", "Parent Relationship": "Outer", "Startup Cost": 97610.5, "Total Cost": 143387.14, "Plan Rows": 2202268, "Plan Width": 8, "Actual Min Startup Time": 229.695, "Actual Max Startup Time": 229.695, "Actual Min Total Time": 5832.858, "Actual Max Total Time": 5832.858, "Plans": [{"Node Type": "Aggregate", "Strategy": "Hashed", "Parent Relationship": "Outer", "Startup Cost": 97610.5, "Total Cost": 97954.61, "Plan Rows": 2202268, "Plan Width": 8, "Actual Min Startup Time": 747.715, "Actual Max Startup Time": 860.278, "Actual Min Total Time": 818.769, "Actual Max Total Time": 988.082, "Group By Key": ["lineitem.l_orderkey"], "Plans": [{"Node Type": "Seq Scan", "Parent Relationship": "Outer", "Relation Name": "lineitem", "Alias": "lineitem", "Startup Cost": 0.0, "Total Cost": 96829.42, "Plan Rows": 19995678, "Plan Width": 8, "Actual Min Startup Time": 0.021, "Actual Max Startup Time": 0.04, "Actual Min Total Time": 492.564, "Actual Max Total Time": 522.811, "Filter": "(l_commitdate < l_receiptdate), (LLVM Optimized, Jit Execute)", "Rows Removed by Filter": 22056704, "Actual Rows": 37929348}], "Actual Rows": 13761080}], "Actual Rows": 13761080}], "Actual Rows": 13753474}, {"Node Type": "Hash", "Parent Relationship": "Inner", "Startup Cost": 82581.41, "Total Cost": 82581.41, "Plan Rows": 569410, "Plan Width": 24, "Actual Min Startup Time": 699.305, "Actual Max Startup Time": 699.305, "Actual Min Total Time": 699.305, "Actual Max Total Time": 699.305, "Max Hash Buckets": 1048576, "Min Hash Buckets": 1048576, "Max Hash Batches": 1, "Min Hash Batches": 1, "Max Original Hash Batches": 1, "Min Original Hash Batches": 1, "Max Peak Memory Usage": 30714, "min Peak Memory Usage": 30714, "Plans": [{"Node Type": "Streaming(type: LOCAL GATHER dop: 1/64)", "Parent Relationship": "Outer", "Startup Cost": 57.33, "Total Cost": 82581.41, "Plan Rows": 569410, "Plan Width": 24, "Actual Min Startup Time": 101.787, "Actual Max Startup Time": 101.787, "Actual Min Total Time": 451.33, "Actual Max Total Time": 451.33, "Plans": [{"Node Type": "Seq Scan", "Parent Relationship": "Outer", "Relation Name": "orders", "Alias": "orders", "Startup Cost": 57.33, "Total Cost": 70834.55, "Plan Rows": 569410, "Plan Width": 24, "Actual Min Startup Time": 0.03, "Actual Max Startup Time": 0.359, "Actual Min Total Time": 101.01, "Actual Max Total Time": 138.203, "Filter": "((o_orderdate >= '1995-01-01 00:00:00'::timestamp(0) without time zone) AND (o_orderdate < '1995-04-01 00:00:00'::timestamp without time zone)), (LLVM Optimized, Jit Execute)", "Rows Removed by Filter": 14438388, "Actual Rows": 561612}], "Actual Rows": 561612}], "Actual Rows": 561612}], "Actual Rows": 515106}], "Actual Rows": 5}], "Actual Rows": 5}, "Triggers": [], "Planner Runtime": 0, "Total Runtime": 23798.493, "Unique SQL Id": 3745551476}}, "(64, 69)": {"explain_plan": {"Plan": {"Node Type": "Sort", "Startup Cost": 916688.59, "Total Cost": 916688.6, "Plan Rows": 1, "Plan Width": 24, "Sort Key": ["orders.o_orderpriority"], "Plans": [{"Node Type": "Aggregate", "Strategy": "Hashed", "Parent Relationship": "Outer", "Startup Cost": 916688.57, "Total Cost": 916688.58, "Plan Rows": 1, "Plan Width": 24, "Group By Key": ["orders.o_orderpriority"], "Plans": [{"Node Type": "Nested Loop", "Parent Relationship": "Outer", "Join Type": "Semi", "Startup Cost": 14564.7, "Total Cost": 913841.52, "Plan Rows": 569410, "Plan Width": 16, "Inner Unique": false, "Plans": [{"Node Type": "Bitmap Heap Scan", "Parent Relationship": "Outer", "Relation Name": "orders", "Alias": "orders", "Startup Cost": 14564.7, "Total Cost": 299524.85, "Plan Rows": 569410, "Plan Width": 24, "Recheck Cond": "((o_orderdate >= '1995-01-01 00:00:00'::timestamp(0) without time zone) AND (o_orderdate < '1995-04-01 00:00:00'::timestamp without time zone)), (LLVM Optimized)", "Plans": [{"Node Type": "Bitmap Index Scan", "Parent Relationship": "Outer", "Index Name": "idx_orders_orderdate", "Startup Cost": 0.0, "Total Cost": 14422.35, "Plan Rows": 569410, "Plan Width": 0, "Index Cond": "((o_orderdate >= '1995-01-01 00:00:00'::timestamp(0) without time zone) AND (o_orderdate < '1995-04-01 00:00:00'::timestamp without time zone))"}]}, {"Node Type": "Index Scan", "Parent Relationship": "Inner", "Scan Direction": "Forward", "Index Name": "idx_lineitem_orderkey", "Relation Name": "lineitem", "Alias": "lineitem", "Startup Cost": 0.0, "Total Cost": 5.41, "Plan Rows": 3, "Plan Width": 8, "Index Cond": "(l_orderkey = orders.o_orderkey)", "Filter": "(l_commitdate < l_receiptdate)"}]}]}]}, "Unique SQL Id": 3745551476, "Planner Runtime": 0}, "explain_analyze_plan": {"Plan": {"Node Type": "Sort", "Startup Cost": 916688.59, "Total Cost": 916688.6, "Plan Rows": 1, "Plan Width": 24, "Actual Startup Time": 5282.088, "Actual Total Time": 5282.088, "Actual Rows": 5, "Actual Loops": 1, "Sort Key": ["orders.o_orderpriority"], "Sort Method": "quicksort", "Sort Space Used": 25, "Sort Space Type": "Memory", "Plans": [{"Node Type": "Aggregate", "Strategy": "Hashed", "Parent Relationship": "Outer", "Startup Cost": 916688.57, "Total Cost": 916688.58, "Plan Rows": 1, "Plan Width": 24, "Actual Startup Time": 5282.022, "Actual Total Time": 5282.024, "Actual Rows": 5, "Actual Loops": 1, "Group By Key": ["orders.o_orderpriority"], "Plans": [{"Node Type": "Nested Loop", "Parent Relationship": "Outer", "Join Type": "Semi", "Startup Cost": 14564.7, "Total Cost": 913841.52, "Plan Rows": 569410, "Plan Width": 16, "Actual Startup Time": 248.585, "Actual Total Time": 5001.846, "Actual Rows": 515106, "Actual Loops": 1, "Inner Unique": false, "Plans": [{"Node Type": "Bitmap Heap Scan", "Parent Relationship": "Outer", "Relation Name": "orders", "Alias": "orders", "Startup Cost": 14564.7, "Total Cost": 299524.85, "Plan Rows": 569410, "Plan Width": 24, "Actual Startup Time": 248.504, "Actual Total Time": 1075.41, "Actual Rows": 561612, "Actual Loops": 1, "Recheck Cond": "((o_orderdate >= '1995-01-01 00:00:00'::timestamp(0) without time zone) AND (o_orderdate < '1995-04-01 00:00:00'::timestamp without time zone)), (LLVM Optimized, Jit Execute)", "Rows Removed by Index Recheck": 0, "Exact Heap Blocks": 241676, "Lossy Heap Blocks": 241676, "Plans": [{"Node Type": "Bitmap Index Scan", "Parent Relationship": "Outer", "Index Name": "idx_orders_orderdate", "Startup Cost": 0.0, "Total Cost": 14422.35, "Plan Rows": 569410, "Plan Width": 0, "Actual Startup Time": 173.471, "Actual Total Time": 173.471, "Actual Rows": 561612, "Actual Loops": 1, "Index Cond": "((o_orderdate >= '1995-01-01 00:00:00'::timestamp(0) without time zone) AND (o_orderdate < '1995-04-01 00:00:00'::timestamp without time zone))"}]}, {"Node Type": "Index Scan", "Parent Relationship": "Inner", "Scan Direction": "Forward", "Index Name": "idx_lineitem_orderkey", "Relation Name": "lineitem", "Alias": "lineitem", "Startup Cost": 0.0, "Total Cost": 5.41, "Plan Rows": 3, "Plan Width": 8, "Actual Startup Time": 3512.894, "Actual Total Time": 3512.894, "Actual Rows": 515106, "Actual Loops": 561612, "Index Cond": "(l_orderkey = orders.o_orderkey)", "Rows Removed by Index Recheck": 0, "Filter": "(l_commitdate < l_receiptdate)", "Rows Removed by Filter": 299676}]}]}]}, "Triggers": [], "Planner Runtime": 0, "Total Runtime": 5291.829, "Unique SQL Id": 3745551476}}, "(64, 70)": {"explain_plan": {"Plan": {"Node Type": "Sort", "Startup Cost": 277414.2, "Total Cost": 277414.2, "Plan Rows": 1, "Plan Width": 24, "Sort Key": ["orders.o_orderpriority"], "Plans": [{"Node Type": "Aggregate", "Strategy": "Hashed", "Parent Relationship": "Outer", "Startup Cost": 277414.18, "Total Cost": 277414.19, "Plan Rows": 1, "Plan Width": 24, "Group By Key": ["orders.o_orderpriority"], "Plans": [{"Node Type": "Hash Join", "Parent Relationship": "Outer", "Join Type": "Inner", "Startup Cost": 238591.84, "Total Cost": 274567.13, "Plan Rows": 569410, "Plan Width": 16, "Inner Unique": true, "Hash Cond": "(lineitem.l_orderkey = orders.o_orderkey), (LLVM Optimized)", "Plans": [{"Node Type": "Aggregate", "Strategy": "Hashed", "Parent Relationship": "Outer", "Startup Cost": 148892.81, "Total Cost": 170915.49, "Plan Rows": 2202268, "Plan Width": 8, "Group By Key": ["lineitem.l_orderkey"], "Plans": [{"Node Type": "Streaming(type: LOCAL GATHER dop: 1/64)", "Parent Relationship": "Outer", "Startup Cost": 97610.5, "Total Cost": 143387.14, "Plan Rows": 2202268, "Plan Width": 8, "Plans": [{"Node Type": "Aggregate", "Strategy": "Hashed", "Parent Relationship": "Outer", "Startup Cost": 97610.5, "Total Cost": 97954.61, "Plan Rows": 2202268, "Plan Width": 8, "Group By Key": ["lineitem.l_orderkey"], "Plans": [{"Node Type": "Seq Scan", "Parent Relationship": "Outer", "Relation Name": "lineitem", "Alias": "lineitem", "Startup Cost": 0.0, "Total Cost": 96829.42, "Plan Rows": 19995678, "Plan Width": 8, "Filter": "(l_commitdate < l_receiptdate), (LLVM Optimized)"}]}]}]}, {"Node Type": "Hash", "Parent Relationship": "Inner", "Startup Cost": 82581.41, "Total Cost": 82581.41, "Plan Rows": 569410, "Plan Width": 24, "Plans": [{"Node Type": "Streaming(type: LOCAL GATHER dop: 1/64)", "Parent Relationship": "Outer", "Startup Cost": 57.33, "Total Cost": 82581.41, "Plan Rows": 569410, "Plan Width": 24, "Plans": [{"Node Type": "Seq Scan", "Parent Relationship": "Outer", "Relation Name": "orders", "Alias": "orders", "Startup Cost": 57.33, "Total Cost": 70834.55, "Plan Rows": 569410, "Plan Width": 24, "Filter": "((o_orderdate >= '1995-01-01 00:00:00'::timestamp(0) without time zone) AND (o_orderdate < '1995-04-01 00:00:00'::timestamp without time zone)), (LLVM Optimized)"}]}]}]}]}]}, "Unique SQL Id": 3745551476, "Planner Runtime": 0}, "explain_analyze_plan": {"Plan": {"Node Type": "Sort", "Startup Cost": 277414.2, "Total Cost": 277414.2, "Plan Rows": 1, "Plan Width": 24, "Actual Min Startup Time": 23766.987, "Actual Max Startup Time": 23766.987, "Actual Min Total Time": 23766.987, "Actual Max Total Time": 23766.987, "Sort Key": ["orders.o_orderpriority"], "Sort Method": "quicksort", "Sort Space Min Used": 25, "Sort Space Max Used": 25, "Sort Space Type": "Memory", "Plans": [{"Node Type": "Aggregate", "Strategy": "Hashed", "Parent Relationship": "Outer", "Startup Cost": 277414.18, "Total Cost": 277414.19, "Plan Rows": 1, "Plan Width": 24, "Actual Min Startup Time": 23766.921, "Actual Max Startup Time": 23766.921, "Actual Min Total Time": 23766.922, "Actual Max Total Time": 23766.922, "Group By Key": ["orders.o_orderpriority"], "Plans": [{"Node Type": "Hash Join", "Parent Relationship": "Outer", "Join Type": "Inner", "Startup Cost": 238591.84, "Total Cost": 274567.13, "Plan Rows": 569410, "Plan Width": 16, "Actual Min Startup Time": 14735.43, "Actual Max Startup Time": 14735.43, "Actual Min Total Time": 23551.885, "Actual Max Total Time": 23551.885, "Inner Unique": true, "Hash Cond": "(lineitem.l_orderkey = orders.o_orderkey), (LLVM Optimized, Jit Execute)", "Plans": [{"Node Type": "Aggregate", "Strategy": "Hashed", "Parent Relationship": "Outer", "Startup Cost": 148892.81, "Total Cost": 170915.49, "Plan Rows": 2202268, "Plan Width": 8, "Actual Min Startup Time": 14035.349, "Actual Max Startup Time": 14035.349, "Actual Min Total Time": 19818.083, "Actual Max Total Time": 19818.083, "Group By Key": ["lineitem.l_orderkey"], "Plans": [{"Node Type": "Streaming(type: LOCAL GATHER dop: 1/64)", "Parent Relationship": "Outer", "Startup Cost": 97610.5, "Total Cost": 143387.14, "Plan Rows": 2202268, "Plan Width": 8, "Actual Min Startup Time": 229.695, "Actual Max Startup Time": 229.695, "Actual Min Total Time": 5832.858, "Actual Max Total Time": 5832.858, "Plans": [{"Node Type": "Aggregate", "Strategy": "Hashed", "Parent Relationship": "Outer", "Startup Cost": 97610.5, "Total Cost": 97954.61, "Plan Rows": 2202268, "Plan Width": 8, "Actual Min Startup Time": 747.715, "Actual Max Startup Time": 860.278, "Actual Min Total Time": 818.769, "Actual Max Total Time": 988.082, "Group By Key": ["lineitem.l_orderkey"], "Plans": [{"Node Type": "Seq Scan", "Parent Relationship": "Outer", "Relation Name": "lineitem", "Alias": "lineitem", "Startup Cost": 0.0, "Total Cost": 96829.42, "Plan Rows": 19995678, "Plan Width": 8, "Actual Min Startup Time": 0.021, "Actual Max Startup Time": 0.04, "Actual Min Total Time": 492.564, "Actual Max Total Time": 522.811, "Filter": "(l_commitdate < l_receiptdate), (LLVM Optimized, Jit Execute)", "Rows Removed by Filter": 22056704, "Actual Rows": 37929348}], "Actual Rows": 13761080}], "Actual Rows": 13761080}], "Actual Rows": 13753474}, {"Node Type": "Hash", "Parent Relationship": "Inner", "Startup Cost": 82581.41, "Total Cost": 82581.41, "Plan Rows": 569410, "Plan Width": 24, "Actual Min Startup Time": 699.305, "Actual Max Startup Time": 699.305, "Actual Min Total Time": 699.305, "Actual Max Total Time": 699.305, "Max Hash Buckets": 1048576, "Min Hash Buckets": 1048576, "Max Hash Batches": 1, "Min Hash Batches": 1, "Max Original Hash Batches": 1, "Min Original Hash Batches": 1, "Max Peak Memory Usage": 30714, "min Peak Memory Usage": 30714, "Plans": [{"Node Type": "Streaming(type: LOCAL GATHER dop: 1/64)", "Parent Relationship": "Outer", "Startup Cost": 57.33, "Total Cost": 82581.41, "Plan Rows": 569410, "Plan Width": 24, "Actual Min Startup Time": 101.787, "Actual Max Startup Time": 101.787, "Actual Min Total Time": 451.33, "Actual Max Total Time": 451.33, "Plans": [{"Node Type": "Seq Scan", "Parent Relationship": "Outer", "Relation Name": "orders", "Alias": "orders", "Startup Cost": 57.33, "Total Cost": 70834.55, "Plan Rows": 569410, "Plan Width": 24, "Actual Min Startup Time": 0.03, "Actual Max Startup Time": 0.359, "Actual Min Total Time": 101.01, "Actual Max Total Time": 138.203, "Filter": "((o_orderdate >= '1995-01-01 00:00:00'::timestamp(0) without time zone) AND (o_orderdate < '1995-04-01 00:00:00'::timestamp without time zone)), (LLVM Optimized, Jit Execute)", "Rows Removed by Filter": 14438388, "Actual Rows": 561612}], "Actual Rows": 561612}], "Actual Rows": 561612}], "Actual Rows": 515106}], "Actual Rows": 5}], "Actual Rows": 5}, "Triggers": [], "Planner Runtime": 0, "Total Runtime": 23798.493, "Unique SQL Id": 3745551476}}, "(64, 71)": {"explain_plan": {"Plan": {"Node Type": "Sort", "Startup Cost": 2781642.36, "Total Cost": 2781642.36, "Plan Rows": 1, "Plan Width": 24, "Sort Key": ["orders.o_orderpriority"], "Plans": [{"Node Type": "Aggregate", "Strategy": "Hashed", "Parent Relationship": "Outer", "Startup Cost": 2781642.34, "Total Cost": 2781642.35, "Plan Rows": 1, "Plan Width": 24, "Group By Key": ["orders.o_orderpriority"], "Plans": [{"Node Type": "Nested Loop", "Parent Relationship": "Outer", "Join Type": "Semi", "Startup Cost": 14566.65, "Total Cost": 2778795.29, "Plan Rows": 569410, "Plan Width": 16, "Inner Unique": false, "Plans": [{"Node Type": "Bitmap Heap Scan", "Parent Relationship": "Outer", "Relation Name": "orders", "Alias": "orders", "Startup Cost": 14564.7, "Total Cost": 299524.85, "Plan Rows": 569410, "Plan Width": 24, "Recheck Cond": "((o_orderdate >= '1995-01-01 00:00:00'::timestamp(0) without time zone) AND (o_orderdate < '1995-04-01 00:00:00'::timestamp without time zone)), (LLVM Optimized)", "Plans": [{"Node Type": "Bitmap Index Scan", "Parent Relationship": "Outer", "Index Name": "idx_orders_orderdate", "Startup Cost": 0.0, "Total Cost": 14422.35, "Plan Rows": 569410, "Plan Width": 0, "Index Cond": "((o_orderdate >= '1995-01-01 00:00:00'::timestamp(0) without time zone) AND (o_orderdate < '1995-04-01 00:00:00'::timestamp without time zone))"}]}, {"Node Type": "Bitmap Heap Scan", "Parent Relationship": "Inner", "Relation Name": "lineitem", "Alias": "lineitem", "Startup Cost": 1.94, "Total Cost": 14.06, "Plan Rows": 3, "Plan Width": 8, "Recheck Cond": "(l_orderkey = orders.o_orderkey)", "Filter": "(l_commitdate < l_receiptdate)", "Plans": [{"Node Type": "Bitmap Index Scan", "Parent Relationship": "Outer", "Index Name": "idx_lineitem_orderkey", "Startup Cost": 0.0, "Total Cost": 1.94, "Plan Rows": 9, "Plan Width": 0, "Index Cond": "(l_orderkey = orders.o_orderkey)"}]}]}]}]}, "Unique SQL Id": 3745551476, "Planner Runtime": 0}, "explain_analyze_plan": {"Plan": {"Node Type": "Sort", "Startup Cost": 2781642.36, "Total Cost": 2781642.36, "Plan Rows": 1, "Plan Width": 24, "Actual Startup Time": 6948.197, "Actual Total Time": 6948.197, "Actual Rows": 5, "Actual Loops": 1, "Sort Key": ["orders.o_orderpriority"], "Sort Method": "quicksort", "Sort Space Used": 25, "Sort Space Type": "Memory", "Plans": [{"Node Type": "Aggregate", "Strategy": "Hashed", "Parent Relationship": "Outer", "Startup Cost": 2781642.34, "Total Cost": 2781642.35, "Plan Rows": 1, "Plan Width": 24, "Actual Startup Time": 6948.154, "Actual Total Time": 6948.156, "Actual Rows": 5, "Actual Loops": 1, "Group By Key": ["orders.o_orderpriority"], "Plans": [{"Node Type": "Nested Loop", "Parent Relationship": "Outer", "Join Type": "Semi", "Startup Cost": 14566.65, "Total Cost": 2778795.29, "Plan Rows": 569410, "Plan Width": 16, "Actual Startup Time": 242.485, "Actual Total Time": 6627.026, "Actual Rows": 515106, "Actual Loops": 1, "Inner Unique": false, "Plans": [{"Node Type": "Bitmap Heap Scan", "Parent Relationship": "Outer", "Relation Name": "orders", "Alias": "orders", "Startup Cost": 14564.7, "Total Cost": 299524.85, "Plan Rows": 569410, "Plan Width": 24, "Actual Startup Time": 242.383, "Actual Total Time": 1045.457, "Actual Rows": 561612, "Actual Loops": 1, "Recheck Cond": "((o_orderdate >= '1995-01-01 00:00:00'::timestamp(0) without time zone) AND (o_orderdate < '1995-04-01 00:00:00'::timestamp without time zone)), (LLVM Optimized, Jit Execute)", "Rows Removed by Index Recheck": 0, "Exact Heap Blocks": 241676, "Lossy Heap Blocks": 241676, "Plans": [{"Node Type": "Bitmap Index Scan", "Parent Relationship": "Outer", "Index Name": "idx_orders_orderdate", "Startup Cost": 0.0, "Total Cost": 14422.35, "Plan Rows": 569410, "Plan Width": 0, "Actual Startup Time": 166.951, "Actual Total Time": 166.951, "Actual Rows": 561612, "Actual Loops": 1, "Index Cond": "((o_orderdate >= '1995-01-01 00:00:00'::timestamp(0) without time zone) AND (o_orderdate < '1995-04-01 00:00:00'::timestamp without time zone))"}]}, {"Node Type": "Bitmap Heap Scan", "Parent Relationship": "Inner", "Relation Name": "lineitem", "Alias": "lineitem", "Startup Cost": 1.94, "Total Cost": 14.06, "Plan Rows": 3, "Plan Width": 8, "Actual Startup Time": 4824.463, "Actual Total Time": 4824.463, "Actual Rows": 515106, "Actual Loops": 561612, "Recheck Cond": "(l_orderkey = orders.o_orderkey)", "Rows Removed by Index Recheck": 0, "Filter": "(l_commitdate < l_receiptdate)", "Rows Removed by Filter": 299676, "Exact Heap Blocks": 567798, "Lossy Heap Blocks": 567798, "Plans": [{"Node Type": "Bitmap Index Scan", "Parent Relationship": "Outer", "Index Name": "idx_lineitem_orderkey", "Startup Cost": 0.0, "Total Cost": 1.94, "Plan Rows": 9, "Plan Width": 0, "Actual Startup Time": 2446.908, "Actual Total Time": 2446.908, "Actual Rows": 2246588, "Actual Loops": 561612, "Index Cond": "(l_orderkey = orders.o_orderkey)"}]}]}]}]}, "Triggers": [], "Planner Runtime": 0, "Total Runtime": 6961.186, "Unique SQL Id": 3745551476}}, "(64, 72)": {"explain_plan": {"Plan": {"Node Type": "Sort", "Startup Cost": 277414.2, "Total Cost": 277414.2, "Plan Rows": 1, "Plan Width": 24, "Sort Key": ["orders.o_orderpriority"], "Plans": [{"Node Type": "Aggregate", "Strategy": "Hashed", "Parent Relationship": "Outer", "Startup Cost": 277414.18, "Total Cost": 277414.19, "Plan Rows": 1, "Plan Width": 24, "Group By Key": ["orders.o_orderpriority"], "Plans": [{"Node Type": "Hash Join", "Parent Relationship": "Outer", "Join Type": "Inner", "Startup Cost": 238591.84, "Total Cost": 274567.13, "Plan Rows": 569410, "Plan Width": 16, "Inner Unique": true, "Hash Cond": "(lineitem.l_orderkey = orders.o_orderkey), (LLVM Optimized)", "Plans": [{"Node Type": "Aggregate", "Strategy": "Hashed", "Parent Relationship": "Outer", "Startup Cost": 148892.81, "Total Cost": 170915.49, "Plan Rows": 2202268, "Plan Width": 8, "Group By Key": ["lineitem.l_orderkey"], "Plans": [{"Node Type": "Streaming(type: LOCAL GATHER dop: 1/64)", "Parent Relationship": "Outer", "Startup Cost": 97610.5, "Total Cost": 143387.14, "Plan Rows": 2202268, "Plan Width": 8, "Plans": [{"Node Type": "Aggregate", "Strategy": "Hashed", "Parent Relationship": "Outer", "Startup Cost": 97610.5, "Total Cost": 97954.61, "Plan Rows": 2202268, "Plan Width": 8, "Group By Key": ["lineitem.l_orderkey"], "Plans": [{"Node Type": "Seq Scan", "Parent Relationship": "Outer", "Relation Name": "lineitem", "Alias": "lineitem", "Startup Cost": 0.0, "Total Cost": 96829.42, "Plan Rows": 19995678, "Plan Width": 8, "Filter": "(l_commitdate < l_receiptdate), (LLVM Optimized)"}]}]}]}, {"Node Type": "Hash", "Parent Relationship": "Inner", "Startup Cost": 82581.41, "Total Cost": 82581.41, "Plan Rows": 569410, "Plan Width": 24, "Plans": [{"Node Type": "Streaming(type: LOCAL GATHER dop: 1/64)", "Parent Relationship": "Outer", "Startup Cost": 57.33, "Total Cost": 82581.41, "Plan Rows": 569410, "Plan Width": 24, "Plans": [{"Node Type": "Seq Scan", "Parent Relationship": "Outer", "Relation Name": "orders", "Alias": "orders", "Startup Cost": 57.33, "Total Cost": 70834.55, "Plan Rows": 569410, "Plan Width": 24, "Filter": "((o_orderdate >= '1995-01-01 00:00:00'::timestamp(0) without time zone) AND (o_orderdate < '1995-04-01 00:00:00'::timestamp without time zone)), (LLVM Optimized)"}]}]}]}]}]}, "Unique SQL Id": 3745551476, "Planner Runtime": 1}, "explain_analyze_plan": {"Plan": {"Node Type": "Sort", "Startup Cost": 277414.2, "Total Cost": 277414.2, "Plan Rows": 1, "Plan Width": 24, "Actual Min Startup Time": 23766.987, "Actual Max Startup Time": 23766.987, "Actual Min Total Time": 23766.987, "Actual Max Total Time": 23766.987, "Sort Key": ["orders.o_orderpriority"], "Sort Method": "quicksort", "Sort Space Min Used": 25, "Sort Space Max Used": 25, "Sort Space Type": "Memory", "Plans": [{"Node Type": "Aggregate", "Strategy": "Hashed", "Parent Relationship": "Outer", "Startup Cost": 277414.18, "Total Cost": 277414.19, "Plan Rows": 1, "Plan Width": 24, "Actual Min Startup Time": 23766.921, "Actual Max Startup Time": 23766.921, "Actual Min Total Time": 23766.922, "Actual Max Total Time": 23766.922, "Group By Key": ["orders.o_orderpriority"], "Plans": [{"Node Type": "Hash Join", "Parent Relationship": "Outer", "Join Type": "Inner", "Startup Cost": 238591.84, "Total Cost": 274567.13, "Plan Rows": 569410, "Plan Width": 16, "Actual Min Startup Time": 14735.43, "Actual Max Startup Time": 14735.43, "Actual Min Total Time": 23551.885, "Actual Max Total Time": 23551.885, "Inner Unique": true, "Hash Cond": "(lineitem.l_orderkey = orders.o_orderkey), (LLVM Optimized, Jit Execute)", "Plans": [{"Node Type": "Aggregate", "Strategy": "Hashed", "Parent Relationship": "Outer", "Startup Cost": 148892.81, "Total Cost": 170915.49, "Plan Rows": 2202268, "Plan Width": 8, "Actual Min Startup Time": 14035.349, "Actual Max Startup Time": 14035.349, "Actual Min Total Time": 19818.083, "Actual Max Total Time": 19818.083, "Group By Key": ["lineitem.l_orderkey"], "Plans": [{"Node Type": "Streaming(type: LOCAL GATHER dop: 1/64)", "Parent Relationship": "Outer", "Startup Cost": 97610.5, "Total Cost": 143387.14, "Plan Rows": 2202268, "Plan Width": 8, "Actual Min Startup Time": 229.695, "Actual Max Startup Time": 229.695, "Actual Min Total Time": 5832.858, "Actual Max Total Time": 5832.858, "Plans": [{"Node Type": "Aggregate", "Strategy": "Hashed", "Parent Relationship": "Outer", "Startup Cost": 97610.5, "Total Cost": 97954.61, "Plan Rows": 2202268, "Plan Width": 8, "Actual Min Startup Time": 747.715, "Actual Max Startup Time": 860.278, "Actual Min Total Time": 818.769, "Actual Max Total Time": 988.082, "Group By Key": ["lineitem.l_orderkey"], "Plans": [{"Node Type": "Seq Scan", "Parent Relationship": "Outer", "Relation Name": "lineitem", "Alias": "lineitem", "Startup Cost": 0.0, "Total Cost": 96829.42, "Plan Rows": 19995678, "Plan Width": 8, "Actual Min Startup Time": 0.021, "Actual Max Startup Time": 0.04, "Actual Min Total Time": 492.564, "Actual Max Total Time": 522.811, "Filter": "(l_commitdate < l_receiptdate), (LLVM Optimized, Jit Execute)", "Rows Removed by Filter": 22056704, "Actual Rows": 37929348}], "Actual Rows": 13761080}], "Actual Rows": 13761080}], "Actual Rows": 13753474}, {"Node Type": "Hash", "Parent Relationship": "Inner", "Startup Cost": 82581.41, "Total Cost": 82581.41, "Plan Rows": 569410, "Plan Width": 24, "Actual Min Startup Time": 699.305, "Actual Max Startup Time": 699.305, "Actual Min Total Time": 699.305, "Actual Max Total Time": 699.305, "Max Hash Buckets": 1048576, "Min Hash Buckets": 1048576, "Max Hash Batches": 1, "Min Hash Batches": 1, "Max Original Hash Batches": 1, "Min Original Hash Batches": 1, "Max Peak Memory Usage": 30714, "min Peak Memory Usage": 30714, "Plans": [{"Node Type": "Streaming(type: LOCAL GATHER dop: 1/64)", "Parent Relationship": "Outer", "Startup Cost": 57.33, "Total Cost": 82581.41, "Plan Rows": 569410, "Plan Width": 24, "Actual Min Startup Time": 101.787, "Actual Max Startup Time": 101.787, "Actual Min Total Time": 451.33, "Actual Max Total Time": 451.33, "Plans": [{"Node Type": "Seq Scan", "Parent Relationship": "Outer", "Relation Name": "orders", "Alias": "orders", "Startup Cost": 57.33, "Total Cost": 70834.55, "Plan Rows": 569410, "Plan Width": 24, "Actual Min Startup Time": 0.03, "Actual Max Startup Time": 0.359, "Actual Min Total Time": 101.01, "Actual Max Total Time": 138.203, "Filter": "((o_orderdate >= '1995-01-01 00:00:00'::timestamp(0) without time zone) AND (o_orderdate < '1995-04-01 00:00:00'::timestamp without time zone)), (LLVM Optimized, Jit Execute)", "Rows Removed by Filter": 14438388, "Actual Rows": 561612}], "Actual Rows": 561612}], "Actual Rows": 561612}], "Actual Rows": 515106}], "Actual Rows": 5}], "Actual Rows": 5}, "Triggers": [], "Planner Runtime": 0, "Total Runtime": 23798.493, "Unique SQL Id": 3745551476}}, "(64, 73)": {"explain_plan": {"Plan": {"Node Type": "Sort", "Startup Cost": 1276409.75, "Total Cost": 1276409.75, "Plan Rows": 1, "Plan Width": 24, "Sort Key": ["orders.o_orderpriority"], "Plans": [{"Node Type": "Aggregate", "Strategy": "Hashed", "Parent Relationship": "Outer", "Startup Cost": 1276409.73, "Total Cost": 1276409.74, "Plan Rows": 1, "Plan Width": 24, "Group By Key": ["orders.o_orderpriority"], "Plans": [{"Node Type": "Nested Loop", "Parent Relationship": "Outer", "Join Type": "Semi", "Startup Cost": 0.0, "Total Cost": 1273562.68, "Plan Rows": 569410, "Plan Width": 16, "Inner Unique": false, "Plans": [{"Node Type": "Streaming(type: LOCAL GATHER dop: 1/64)", "Parent Relationship": "Outer", "Startup Cost": 0.0, "Total Cost": 659246.01, "Plan Rows": 569410, "Plan Width": 24, "Plans": [{"Node Type": "Index Scan", "Parent Relationship": "Outer", "Scan Direction": "Forward", "Index Name": "orders_pkey", "Relation Name": "orders", "Alias": "orders", "Startup Cost": 0.0, "Total Cost": 647499.15, "Plan Rows": 569410, "Plan Width": 24, "Filter": "((o_orderdate >= '1995-01-01 00:00:00'::timestamp(0) without time zone) AND (o_orderdate < '1995-04-01 00:00:00'::timestamp without time zone)), (LLVM Optimized)"}]}, {"Node Type": "Index Scan", "Parent Relationship": "Inner", "Scan Direction": "Forward", "Index Name": "idx_lineitem_orderkey", "Relation Name": "lineitem", "Alias": "lineitem", "Startup Cost": 0.0, "Total Cost": 5.41, "Plan Rows": 3, "Plan Width": 8, "Index Cond": "(l_orderkey = orders.o_orderkey)", "Filter": "(l_commitdate < l_receiptdate)"}]}]}]}, "Unique SQL Id": 3745551476, "Planner Runtime": 0}, "explain_analyze_plan": {"Plan": {"Node Type": "Sort", "Startup Cost": 1276409.75, "Total Cost": 1276409.75, "Plan Rows": 1, "Plan Width": 24, "Actual Min Startup Time": 5114.034, "Actual Max Startup Time": 5114.034, "Actual Min Total Time": 5114.035, "Actual Max Total Time": 5114.035, "Sort Key": ["orders.o_orderpriority"], "Sort Method": "quicksort", "Sort Space Min Used": 25, "Sort Space Max Used": 25, "Sort Space Type": "Memory", "Plans": [{"Node Type": "Aggregate", "Strategy": "Hashed", "Parent Relationship": "Outer", "Startup Cost": 1276409.73, "Total Cost": 1276409.74, "Plan Rows": 1, "Plan Width": 24, "Actual Min Startup Time": 5113.908, "Actual Max Startup Time": 5113.908, "Actual Min Total Time": 5113.916, "Actual Max Total Time": 5113.916, "Group By Key": ["orders.o_orderpriority"], "Plans": [{"Node Type": "Nested Loop", "Parent Relationship": "Outer", "Join Type": "Semi", "Startup Cost": 0.0, "Total Cost": 1273562.68, "Plan Rows": 569410, "Plan Width": 16, "Actual Min Startup Time": 280.535, "Actual Max Startup Time": 280.535, "Actual Min Total Time": 4847.659, "Actual Max Total Time": 4847.659, "Inner Unique": false, "Plans": [{"Node Type": "Streaming(type: LOCAL GATHER dop: 1/64)", "Parent Relationship": "Outer", "Startup Cost": 0.0, "Total Cost": 659246.01, "Plan Rows": 569410, "Plan Width": 24, "Actual Min Startup Time": 280.478, "Actual Max Startup Time": 280.478, "Actual Min Total Time": 562.974, "Actual Max Total Time": 562.974, "Plans": [{"Node Type": "Index Scan", "Parent Relationship": "Outer", "Scan Direction": "Forward", "Index Name": "orders_pkey", "Relation Name": "orders", "Alias": "orders", "Startup Cost": 0.0, "Total Cost": 647499.15, "Plan Rows": 569410, "Plan Width": 24, "Actual Min Startup Time": 84.099, "Actual Max Startup Time": 223.605, "Actual Min Total Time": 231.947, "Actual Max Total Time": 372.383, "Filter": "((o_orderdate >= '1995-01-01 00:00:00'::timestamp(0) without time zone) AND (o_orderdate < '1995-04-01 00:00:00'::timestamp without time zone)), (LLVM Optimized, Jit Execute)", "Rows Removed by Filter": 14438388, "Actual Rows": 561612}], "Actual Rows": 561612}, {"Node Type": "Index Scan", "Parent Relationship": "Inner", "Scan Direction": "Forward", "Index Name": "idx_lineitem_orderkey", "Relation Name": "lineitem", "Alias": "lineitem", "Startup Cost": 0.0, "Total Cost": 5.41, "Plan Rows": 3, "Plan Width": 8, "Actual Min Startup Time": 3869.73, "Actual Max Startup Time": 3869.73, "Actual Min Total Time": 3869.73, "Actual Max Total Time": 3869.73, "Index Cond": "(l_orderkey = orders.o_orderkey)", "Rows Removed by Index Recheck": 0, "Filter": "(l_commitdate < l_receiptdate)", "Rows Removed by Filter": 299676, "Actual Rows": 515106}], "Actual Rows": 515106}], "Actual Rows": 5}], "Actual Rows": 5}, "Triggers": [], "Planner Runtime": 0, "Total Runtime": 5134.044, "Unique SQL Id": 3745551476}}, "(64, 74)": {"explain_plan": {"Plan": {"Node Type": "Sort", "Startup Cost": 277414.2, "Total Cost": 277414.2, "Plan Rows": 1, "Plan Width": 24, "Sort Key": ["orders.o_orderpriority"], "Plans": [{"Node Type": "Aggregate", "Strategy": "Hashed", "Parent Relationship": "Outer", "Startup Cost": 277414.18, "Total Cost": 277414.19, "Plan Rows": 1, "Plan Width": 24, "Group By Key": ["orders.o_orderpriority"], "Plans": [{"Node Type": "Hash Join", "Parent Relationship": "Outer", "Join Type": "Inner", "Startup Cost": 238591.84, "Total Cost": 274567.13, "Plan Rows": 569410, "Plan Width": 16, "Inner Unique": true, "Hash Cond": "(lineitem.l_orderkey = orders.o_orderkey), (LLVM Optimized)", "Plans": [{"Node Type": "Aggregate", "Strategy": "Hashed", "Parent Relationship": "Outer", "Startup Cost": 148892.81, "Total Cost": 170915.49, "Plan Rows": 2202268, "Plan Width": 8, "Group By Key": ["lineitem.l_orderkey"], "Plans": [{"Node Type": "Streaming(type: LOCAL GATHER dop: 1/64)", "Parent Relationship": "Outer", "Startup Cost": 97610.5, "Total Cost": 143387.14, "Plan Rows": 2202268, "Plan Width": 8, "Plans": [{"Node Type": "Aggregate", "Strategy": "Hashed", "Parent Relationship": "Outer", "Startup Cost": 97610.5, "Total Cost": 97954.61, "Plan Rows": 2202268, "Plan Width": 8, "Group By Key": ["lineitem.l_orderkey"], "Plans": [{"Node Type": "Seq Scan", "Parent Relationship": "Outer", "Relation Name": "lineitem", "Alias": "lineitem", "Startup Cost": 0.0, "Total Cost": 96829.42, "Plan Rows": 19995678, "Plan Width": 8, "Filter": "(l_commitdate < l_receiptdate), (LLVM Optimized)"}]}]}]}, {"Node Type": "Hash", "Parent Relationship": "Inner", "Startup Cost": 82581.41, "Total Cost": 82581.41, "Plan Rows": 569410, "Plan Width": 24, "Plans": [{"Node Type": "Streaming(type: LOCAL GATHER dop: 1/64)", "Parent Relationship": "Outer", "Startup Cost": 57.33, "Total Cost": 82581.41, "Plan Rows": 569410, "Plan Width": 24, "Plans": [{"Node Type": "Seq Scan", "Parent Relationship": "Outer", "Relation Name": "orders", "Alias": "orders", "Startup Cost": 57.33, "Total Cost": 70834.55, "Plan Rows": 569410, "Plan Width": 24, "Filter": "((o_orderdate >= '1995-01-01 00:00:00'::timestamp(0) without time zone) AND (o_orderdate < '1995-04-01 00:00:00'::timestamp without time zone)), (LLVM Optimized)"}]}]}]}]}]}, "Unique SQL Id": 3745551476, "Planner Runtime": 0}, "explain_analyze_plan": {"Plan": {"Node Type": "Sort", "Startup Cost": 277414.2, "Total Cost": 277414.2, "Plan Rows": 1, "Plan Width": 24, "Actual Min Startup Time": 23766.987, "Actual Max Startup Time": 23766.987, "Actual Min Total Time": 23766.987, "Actual Max Total Time": 23766.987, "Sort Key": ["orders.o_orderpriority"], "Sort Method": "quicksort", "Sort Space Min Used": 25, "Sort Space Max Used": 25, "Sort Space Type": "Memory", "Plans": [{"Node Type": "Aggregate", "Strategy": "Hashed", "Parent Relationship": "Outer", "Startup Cost": 277414.18, "Total Cost": 277414.19, "Plan Rows": 1, "Plan Width": 24, "Actual Min Startup Time": 23766.921, "Actual Max Startup Time": 23766.921, "Actual Min Total Time": 23766.922, "Actual Max Total Time": 23766.922, "Group By Key": ["orders.o_orderpriority"], "Plans": [{"Node Type": "Hash Join", "Parent Relationship": "Outer", "Join Type": "Inner", "Startup Cost": 238591.84, "Total Cost": 274567.13, "Plan Rows": 569410, "Plan Width": 16, "Actual Min Startup Time": 14735.43, "Actual Max Startup Time": 14735.43, "Actual Min Total Time": 23551.885, "Actual Max Total Time": 23551.885, "Inner Unique": true, "Hash Cond": "(lineitem.l_orderkey = orders.o_orderkey), (LLVM Optimized, Jit Execute)", "Plans": [{"Node Type": "Aggregate", "Strategy": "Hashed", "Parent Relationship": "Outer", "Startup Cost": 148892.81, "Total Cost": 170915.49, "Plan Rows": 2202268, "Plan Width": 8, "Actual Min Startup Time": 14035.349, "Actual Max Startup Time": 14035.349, "Actual Min Total Time": 19818.083, "Actual Max Total Time": 19818.083, "Group By Key": ["lineitem.l_orderkey"], "Plans": [{"Node Type": "Streaming(type: LOCAL GATHER dop: 1/64)", "Parent Relationship": "Outer", "Startup Cost": 97610.5, "Total Cost": 143387.14, "Plan Rows": 2202268, "Plan Width": 8, "Actual Min Startup Time": 229.695, "Actual Max Startup Time": 229.695, "Actual Min Total Time": 5832.858, "Actual Max Total Time": 5832.858, "Plans": [{"Node Type": "Aggregate", "Strategy": "Hashed", "Parent Relationship": "Outer", "Startup Cost": 97610.5, "Total Cost": 97954.61, "Plan Rows": 2202268, "Plan Width": 8, "Actual Min Startup Time": 747.715, "Actual Max Startup Time": 860.278, "Actual Min Total Time": 818.769, "Actual Max Total Time": 988.082, "Group By Key": ["lineitem.l_orderkey"], "Plans": [{"Node Type": "Seq Scan", "Parent Relationship": "Outer", "Relation Name": "lineitem", "Alias": "lineitem", "Startup Cost": 0.0, "Total Cost": 96829.42, "Plan Rows": 19995678, "Plan Width": 8, "Actual Min Startup Time": 0.021, "Actual Max Startup Time": 0.04, "Actual Min Total Time": 492.564, "Actual Max Total Time": 522.811, "Filter": "(l_commitdate < l_receiptdate), (LLVM Optimized, Jit Execute)", "Rows Removed by Filter": 22056704, "Actual Rows": 37929348}], "Actual Rows": 13761080}], "Actual Rows": 13761080}], "Actual Rows": 13753474}, {"Node Type": "Hash", "Parent Relationship": "Inner", "Startup Cost": 82581.41, "Total Cost": 82581.41, "Plan Rows": 569410, "Plan Width": 24, "Actual Min Startup Time": 699.305, "Actual Max Startup Time": 699.305, "Actual Min Total Time": 699.305, "Actual Max Total Time": 699.305, "Max Hash Buckets": 1048576, "Min Hash Buckets": 1048576, "Max Hash Batches": 1, "Min Hash Batches": 1, "Max Original Hash Batches": 1, "Min Original Hash Batches": 1, "Max Peak Memory Usage": 30714, "min Peak Memory Usage": 30714, "Plans": [{"Node Type": "Streaming(type: LOCAL GATHER dop: 1/64)", "Parent Relationship": "Outer", "Startup Cost": 57.33, "Total Cost": 82581.41, "Plan Rows": 569410, "Plan Width": 24, "Actual Min Startup Time": 101.787, "Actual Max Startup Time": 101.787, "Actual Min Total Time": 451.33, "Actual Max Total Time": 451.33, "Plans": [{"Node Type": "Seq Scan", "Parent Relationship": "Outer", "Relation Name": "orders", "Alias": "orders", "Startup Cost": 57.33, "Total Cost": 70834.55, "Plan Rows": 569410, "Plan Width": 24, "Actual Min Startup Time": 0.03, "Actual Max Startup Time": 0.359, "Actual Min Total Time": 101.01, "Actual Max Total Time": 138.203, "Filter": "((o_orderdate >= '1995-01-01 00:00:00'::timestamp(0) without time zone) AND (o_orderdate < '1995-04-01 00:00:00'::timestamp without time zone)), (LLVM Optimized, Jit Execute)", "Rows Removed by Filter": 14438388, "Actual Rows": 561612}], "Actual Rows": 561612}], "Actual Rows": 561612}], "Actual Rows": 515106}], "Actual Rows": 5}], "Actual Rows": 5}, "Triggers": [], "Planner Runtime": 0, "Total Runtime": 23798.493, "Unique SQL Id": 3745551476}}, "(64, 75)": {"explain_plan": {"Plan": {"Node Type": "Sort", "Startup Cost": 2000403569659.73, "Total Cost": 2000403569659.74, "Plan Rows": 1, "Plan Width": 24, "Sort Key": ["orders.o_orderpriority"], "Plans": [{"Node Type": "Aggregate", "Strategy": "Hashed", "Parent Relationship": "Outer", "Startup Cost": 2000403569659.71, "Total Cost": 2000403569659.72, "Plan Rows": 1, "Plan Width": 24, "Group By Key": ["orders.o_orderpriority"], "Plans": [{"Node Type": "Merge Join", "Parent Relationship": "Outer", "Join Type": "Semi", "Startup Cost": 20036514449.31, "Total Cost": 2000403566812.66, "Plan Rows": 569410, "Plan Width": 16, "Inner Unique": false, "Merge Cond": "(orders.o_orderkey = lineitem.l_orderkey)", "Plans": [{"Node Type": "Index Scan", "Parent Relationship": "Outer", "Scan Direction": "Forward", "Index Name": "orders_pkey", "Relation Name": "orders", "Alias": "orders", "Startup Cost": 10000000000.0, "Total Cost": 1000080597583.0, "Plan Rows": 569410, "Plan Width": 24, "Filter": "((o_orderdate >= '1995-01-01 00:00:00'::timestamp(0) without time zone) AND (o_orderdate < '1995-04-01 00:00:00'::timestamp without time zone)), (LLVM Optimized)"}, {"Node Type": "Index Scan", "Parent Relationship": "Inner", "Scan Direction": "Forward", "Index Name": "idx_lineitem_orderkey", "Relation Name": "lineitem", "Alias": "lineitem", "Startup Cost": 10000000000.0, "Total Cost": 1000339012132.75, "Plan Rows": 19995678, "Plan Width": 8, "Filter": "(l_commitdate < l_receiptdate), (LLVM Optimized)"}]}]}]}, "Unique SQL Id": 3745551476, "Planner Runtime": 0}, "explain_analyze_plan": null}, "(64, 76)": {"explain_plan": {"Plan": {"Node Type": "Sort", "Startup Cost": 277414.2, "Total Cost": 277414.2, "Plan Rows": 1, "Plan Width": 24, "Sort Key": ["orders.o_orderpriority"], "Plans": [{"Node Type": "Aggregate", "Strategy": "Hashed", "Parent Relationship": "Outer", "Startup Cost": 277414.18, "Total Cost": 277414.19, "Plan Rows": 1, "Plan Width": 24, "Group By Key": ["orders.o_orderpriority"], "Plans": [{"Node Type": "Hash Join", "Parent Relationship": "Outer", "Join Type": "Inner", "Startup Cost": 238591.84, "Total Cost": 274567.13, "Plan Rows": 569410, "Plan Width": 16, "Inner Unique": true, "Hash Cond": "(lineitem.l_orderkey = orders.o_orderkey), (LLVM Optimized)", "Plans": [{"Node Type": "Aggregate", "Strategy": "Hashed", "Parent Relationship": "Outer", "Startup Cost": 148892.81, "Total Cost": 170915.49, "Plan Rows": 2202268, "Plan Width": 8, "Group By Key": ["lineitem.l_orderkey"], "Plans": [{"Node Type": "Streaming(type: LOCAL GATHER dop: 1/64)", "Parent Relationship": "Outer", "Startup Cost": 97610.5, "Total Cost": 143387.14, "Plan Rows": 2202268, "Plan Width": 8, "Plans": [{"Node Type": "Aggregate", "Strategy": "Hashed", "Parent Relationship": "Outer", "Startup Cost": 97610.5, "Total Cost": 97954.61, "Plan Rows": 2202268, "Plan Width": 8, "Group By Key": ["lineitem.l_orderkey"], "Plans": [{"Node Type": "Seq Scan", "Parent Relationship": "Outer", "Relation Name": "lineitem", "Alias": "lineitem", "Startup Cost": 0.0, "Total Cost": 96829.42, "Plan Rows": 19995678, "Plan Width": 8, "Filter": "(l_commitdate < l_receiptdate), (LLVM Optimized)"}]}]}]}, {"Node Type": "Hash", "Parent Relationship": "Inner", "Startup Cost": 82581.41, "Total Cost": 82581.41, "Plan Rows": 569410, "Plan Width": 24, "Plans": [{"Node Type": "Streaming(type: LOCAL GATHER dop: 1/64)", "Parent Relationship": "Outer", "Startup Cost": 57.33, "Total Cost": 82581.41, "Plan Rows": 569410, "Plan Width": 24, "Plans": [{"Node Type": "Seq Scan", "Parent Relationship": "Outer", "Relation Name": "orders", "Alias": "orders", "Startup Cost": 57.33, "Total Cost": 70834.55, "Plan Rows": 569410, "Plan Width": 24, "Filter": "((o_orderdate >= '1995-01-01 00:00:00'::timestamp(0) without time zone) AND (o_orderdate < '1995-04-01 00:00:00'::timestamp without time zone)), (LLVM Optimized)"}]}]}]}]}]}, "Unique SQL Id": 3745551476, "Planner Runtime": 0}, "explain_analyze_plan": {"Plan": {"Node Type": "Sort", "Startup Cost": 277414.2, "Total Cost": 277414.2, "Plan Rows": 1, "Plan Width": 24, "Actual Min Startup Time": 23766.987, "Actual Max Startup Time": 23766.987, "Actual Min Total Time": 23766.987, "Actual Max Total Time": 23766.987, "Sort Key": ["orders.o_orderpriority"], "Sort Method": "quicksort", "Sort Space Min Used": 25, "Sort Space Max Used": 25, "Sort Space Type": "Memory", "Plans": [{"Node Type": "Aggregate", "Strategy": "Hashed", "Parent Relationship": "Outer", "Startup Cost": 277414.18, "Total Cost": 277414.19, "Plan Rows": 1, "Plan Width": 24, "Actual Min Startup Time": 23766.921, "Actual Max Startup Time": 23766.921, "Actual Min Total Time": 23766.922, "Actual Max Total Time": 23766.922, "Group By Key": ["orders.o_orderpriority"], "Plans": [{"Node Type": "Hash Join", "Parent Relationship": "Outer", "Join Type": "Inner", "Startup Cost": 238591.84, "Total Cost": 274567.13, "Plan Rows": 569410, "Plan Width": 16, "Actual Min Startup Time": 14735.43, "Actual Max Startup Time": 14735.43, "Actual Min Total Time": 23551.885, "Actual Max Total Time": 23551.885, "Inner Unique": true, "Hash Cond": "(lineitem.l_orderkey = orders.o_orderkey), (LLVM Optimized, Jit Execute)", "Plans": [{"Node Type": "Aggregate", "Strategy": "Hashed", "Parent Relationship": "Outer", "Startup Cost": 148892.81, "Total Cost": 170915.49, "Plan Rows": 2202268, "Plan Width": 8, "Actual Min Startup Time": 14035.349, "Actual Max Startup Time": 14035.349, "Actual Min Total Time": 19818.083, "Actual Max Total Time": 19818.083, "Group By Key": ["lineitem.l_orderkey"], "Plans": [{"Node Type": "Streaming(type: LOCAL GATHER dop: 1/64)", "Parent Relationship": "Outer", "Startup Cost": 97610.5, "Total Cost": 143387.14, "Plan Rows": 2202268, "Plan Width": 8, "Actual Min Startup Time": 229.695, "Actual Max Startup Time": 229.695, "Actual Min Total Time": 5832.858, "Actual Max Total Time": 5832.858, "Plans": [{"Node Type": "Aggregate", "Strategy": "Hashed", "Parent Relationship": "Outer", "Startup Cost": 97610.5, "Total Cost": 97954.61, "Plan Rows": 2202268, "Plan Width": 8, "Actual Min Startup Time": 747.715, "Actual Max Startup Time": 860.278, "Actual Min Total Time": 818.769, "Actual Max Total Time": 988.082, "Group By Key": ["lineitem.l_orderkey"], "Plans": [{"Node Type": "Seq Scan", "Parent Relationship": "Outer", "Relation Name": "lineitem", "Alias": "lineitem", "Startup Cost": 0.0, "Total Cost": 96829.42, "Plan Rows": 19995678, "Plan Width": 8, "Actual Min Startup Time": 0.021, "Actual Max Startup Time": 0.04, "Actual Min Total Time": 492.564, "Actual Max Total Time": 522.811, "Filter": "(l_commitdate < l_receiptdate), (LLVM Optimized, Jit Execute)", "Rows Removed by Filter": 22056704, "Actual Rows": 37929348}], "Actual Rows": 13761080}], "Actual Rows": 13761080}], "Actual Rows": 13753474}, {"Node Type": "Hash", "Parent Relationship": "Inner", "Startup Cost": 82581.41, "Total Cost": 82581.41, "Plan Rows": 569410, "Plan Width": 24, "Actual Min Startup Time": 699.305, "Actual Max Startup Time": 699.305, "Actual Min Total Time": 699.305, "Actual Max Total Time": 699.305, "Max Hash Buckets": 1048576, "Min Hash Buckets": 1048576, "Max Hash Batches": 1, "Min Hash Batches": 1, "Max Original Hash Batches": 1, "Min Original Hash Batches": 1, "Max Peak Memory Usage": 30714, "min Peak Memory Usage": 30714, "Plans": [{"Node Type": "Streaming(type: LOCAL GATHER dop: 1/64)", "Parent Relationship": "Outer", "Startup Cost": 57.33, "Total Cost": 82581.41, "Plan Rows": 569410, "Plan Width": 24, "Actual Min Startup Time": 101.787, "Actual Max Startup Time": 101.787, "Actual Min Total Time": 451.33, "Actual Max Total Time": 451.33, "Plans": [{"Node Type": "Seq Scan", "Parent Relationship": "Outer", "Relation Name": "orders", "Alias": "orders", "Startup Cost": 57.33, "Total Cost": 70834.55, "Plan Rows": 569410, "Plan Width": 24, "Actual Min Startup Time": 0.03, "Actual Max Startup Time": 0.359, "Actual Min Total Time": 101.01, "Actual Max Total Time": 138.203, "Filter": "((o_orderdate >= '1995-01-01 00:00:00'::timestamp(0) without time zone) AND (o_orderdate < '1995-04-01 00:00:00'::timestamp without time zone)), (LLVM Optimized, Jit Execute)", "Rows Removed by Filter": 14438388, "Actual Rows": 561612}], "Actual Rows": 561612}], "Actual Rows": 561612}], "Actual Rows": 515106}], "Actual Rows": 5}], "Actual Rows": 5}, "Triggers": [], "Planner Runtime": 0, "Total Runtime": 23798.493, "Unique SQL Id": 3745551476}}, "(64, 77)": {"explain_plan": {"Plan": {"Node Type": "Sort", "Startup Cost": 1276409.75, "Total Cost": 1276409.75, "Plan Rows": 1, "Plan Width": 24, "Sort Key": ["orders.o_orderpriority"], "Plans": [{"Node Type": "Aggregate", "Strategy": "Hashed", "Parent Relationship": "Outer", "Startup Cost": 1276409.73, "Total Cost": 1276409.74, "Plan Rows": 1, "Plan Width": 24, "Group By Key": ["orders.o_orderpriority"], "Plans": [{"Node Type": "Nested Loop", "Parent Relationship": "Outer", "Join Type": "Semi", "Startup Cost": 0.0, "Total Cost": 1273562.68, "Plan Rows": 569410, "Plan Width": 16, "Inner Unique": false, "Plans": [{"Node Type": "Streaming(type: LOCAL GATHER dop: 1/64)", "Parent Relationship": "Outer", "Startup Cost": 0.0, "Total Cost": 659246.01, "Plan Rows": 569410, "Plan Width": 24, "Plans": [{"Node Type": "Index Scan", "Parent Relationship": "Outer", "Scan Direction": "Forward", "Index Name": "orders_pkey", "Relation Name": "orders", "Alias": "orders", "Startup Cost": 0.0, "Total Cost": 647499.15, "Plan Rows": 569410, "Plan Width": 24, "Filter": "((o_orderdate >= '1995-01-01 00:00:00'::timestamp(0) without time zone) AND (o_orderdate < '1995-04-01 00:00:00'::timestamp without time zone)), (LLVM Optimized)"}]}, {"Node Type": "Index Scan", "Parent Relationship": "Inner", "Scan Direction": "Forward", "Index Name": "idx_lineitem_orderkey", "Relation Name": "lineitem", "Alias": "lineitem", "Startup Cost": 0.0, "Total Cost": 5.41, "Plan Rows": 3, "Plan Width": 8, "Index Cond": "(l_orderkey = orders.o_orderkey)", "Filter": "(l_commitdate < l_receiptdate)"}]}]}]}, "Unique SQL Id": 3745551476, "Planner Runtime": 0}, "explain_analyze_plan": {"Plan": {"Node Type": "Sort", "Startup Cost": 1276409.75, "Total Cost": 1276409.75, "Plan Rows": 1, "Plan Width": 24, "Actual Min Startup Time": 5114.034, "Actual Max Startup Time": 5114.034, "Actual Min Total Time": 5114.035, "Actual Max Total Time": 5114.035, "Sort Key": ["orders.o_orderpriority"], "Sort Method": "quicksort", "Sort Space Min Used": 25, "Sort Space Max Used": 25, "Sort Space Type": "Memory", "Plans": [{"Node Type": "Aggregate", "Strategy": "Hashed", "Parent Relationship": "Outer", "Startup Cost": 1276409.73, "Total Cost": 1276409.74, "Plan Rows": 1, "Plan Width": 24, "Actual Min Startup Time": 5113.908, "Actual Max Startup Time": 5113.908, "Actual Min Total Time": 5113.916, "Actual Max Total Time": 5113.916, "Group By Key": ["orders.o_orderpriority"], "Plans": [{"Node Type": "Nested Loop", "Parent Relationship": "Outer", "Join Type": "Semi", "Startup Cost": 0.0, "Total Cost": 1273562.68, "Plan Rows": 569410, "Plan Width": 16, "Actual Min Startup Time": 280.535, "Actual Max Startup Time": 280.535, "Actual Min Total Time": 4847.659, "Actual Max Total Time": 4847.659, "Inner Unique": false, "Plans": [{"Node Type": "Streaming(type: LOCAL GATHER dop: 1/64)", "Parent Relationship": "Outer", "Startup Cost": 0.0, "Total Cost": 659246.01, "Plan Rows": 569410, "Plan Width": 24, "Actual Min Startup Time": 280.478, "Actual Max Startup Time": 280.478, "Actual Min Total Time": 562.974, "Actual Max Total Time": 562.974, "Plans": [{"Node Type": "Index Scan", "Parent Relationship": "Outer", "Scan Direction": "Forward", "Index Name": "orders_pkey", "Relation Name": "orders", "Alias": "orders", "Startup Cost": 0.0, "Total Cost": 647499.15, "Plan Rows": 569410, "Plan Width": 24, "Actual Min Startup Time": 84.099, "Actual Max Startup Time": 223.605, "Actual Min Total Time": 231.947, "Actual Max Total Time": 372.383, "Filter": "((o_orderdate >= '1995-01-01 00:00:00'::timestamp(0) without time zone) AND (o_orderdate < '1995-04-01 00:00:00'::timestamp without time zone)), (LLVM Optimized, Jit Execute)", "Rows Removed by Filter": 14438388, "Actual Rows": 561612}], "Actual Rows": 561612}, {"Node Type": "Index Scan", "Parent Relationship": "Inner", "Scan Direction": "Forward", "Index Name": "idx_lineitem_orderkey", "Relation Name": "lineitem", "Alias": "lineitem", "Startup Cost": 0.0, "Total Cost": 5.41, "Plan Rows": 3, "Plan Width": 8, "Actual Min Startup Time": 3869.73, "Actual Max Startup Time": 3869.73, "Actual Min Total Time": 3869.73, "Actual Max Total Time": 3869.73, "Index Cond": "(l_orderkey = orders.o_orderkey)", "Rows Removed by Index Recheck": 0, "Filter": "(l_commitdate < l_receiptdate)", "Rows Removed by Filter": 299676, "Actual Rows": 515106}], "Actual Rows": 515106}], "Actual Rows": 5}], "Actual Rows": 5}, "Triggers": [], "Planner Runtime": 0, "Total Runtime": 5134.044, "Unique SQL Id": 3745551476}}, "(64, 78)": {"explain_plan": {"Plan": {"Node Type": "Sort", "Startup Cost": 277414.2, "Total Cost": 277414.2, "Plan Rows": 1, "Plan Width": 24, "Sort Key": ["orders.o_orderpriority"], "Plans": [{"Node Type": "Aggregate", "Strategy": "Hashed", "Parent Relationship": "Outer", "Startup Cost": 277414.18, "Total Cost": 277414.19, "Plan Rows": 1, "Plan Width": 24, "Group By Key": ["orders.o_orderpriority"], "Plans": [{"Node Type": "Hash Join", "Parent Relationship": "Outer", "Join Type": "Inner", "Startup Cost": 238591.84, "Total Cost": 274567.13, "Plan Rows": 569410, "Plan Width": 16, "Inner Unique": true, "Hash Cond": "(lineitem.l_orderkey = orders.o_orderkey), (LLVM Optimized)", "Plans": [{"Node Type": "Aggregate", "Strategy": "Hashed", "Parent Relationship": "Outer", "Startup Cost": 148892.81, "Total Cost": 170915.49, "Plan Rows": 2202268, "Plan Width": 8, "Group By Key": ["lineitem.l_orderkey"], "Plans": [{"Node Type": "Streaming(type: LOCAL GATHER dop: 1/64)", "Parent Relationship": "Outer", "Startup Cost": 97610.5, "Total Cost": 143387.14, "Plan Rows": 2202268, "Plan Width": 8, "Plans": [{"Node Type": "Aggregate", "Strategy": "Hashed", "Parent Relationship": "Outer", "Startup Cost": 97610.5, "Total Cost": 97954.61, "Plan Rows": 2202268, "Plan Width": 8, "Group By Key": ["lineitem.l_orderkey"], "Plans": [{"Node Type": "Seq Scan", "Parent Relationship": "Outer", "Relation Name": "lineitem", "Alias": "lineitem", "Startup Cost": 0.0, "Total Cost": 96829.42, "Plan Rows": 19995678, "Plan Width": 8, "Filter": "(l_commitdate < l_receiptdate), (LLVM Optimized)"}]}]}]}, {"Node Type": "Hash", "Parent Relationship": "Inner", "Startup Cost": 82581.41, "Total Cost": 82581.41, "Plan Rows": 569410, "Plan Width": 24, "Plans": [{"Node Type": "Streaming(type: LOCAL GATHER dop: 1/64)", "Parent Relationship": "Outer", "Startup Cost": 57.33, "Total Cost": 82581.41, "Plan Rows": 569410, "Plan Width": 24, "Plans": [{"Node Type": "Seq Scan", "Parent Relationship": "Outer", "Relation Name": "orders", "Alias": "orders", "Startup Cost": 57.33, "Total Cost": 70834.55, "Plan Rows": 569410, "Plan Width": 24, "Filter": "((o_orderdate >= '1995-01-01 00:00:00'::timestamp(0) without time zone) AND (o_orderdate < '1995-04-01 00:00:00'::timestamp without time zone)), (LLVM Optimized)"}]}]}]}]}]}, "Unique SQL Id": 3745551476, "Planner Runtime": 0}, "explain_analyze_plan": {"Plan": {"Node Type": "Sort", "Startup Cost": 277414.2, "Total Cost": 277414.2, "Plan Rows": 1, "Plan Width": 24, "Actual Min Startup Time": 23766.987, "Actual Max Startup Time": 23766.987, "Actual Min Total Time": 23766.987, "Actual Max Total Time": 23766.987, "Sort Key": ["orders.o_orderpriority"], "Sort Method": "quicksort", "Sort Space Min Used": 25, "Sort Space Max Used": 25, "Sort Space Type": "Memory", "Plans": [{"Node Type": "Aggregate", "Strategy": "Hashed", "Parent Relationship": "Outer", "Startup Cost": 277414.18, "Total Cost": 277414.19, "Plan Rows": 1, "Plan Width": 24, "Actual Min Startup Time": 23766.921, "Actual Max Startup Time": 23766.921, "Actual Min Total Time": 23766.922, "Actual Max Total Time": 23766.922, "Group By Key": ["orders.o_orderpriority"], "Plans": [{"Node Type": "Hash Join", "Parent Relationship": "Outer", "Join Type": "Inner", "Startup Cost": 238591.84, "Total Cost": 274567.13, "Plan Rows": 569410, "Plan Width": 16, "Actual Min Startup Time": 14735.43, "Actual Max Startup Time": 14735.43, "Actual Min Total Time": 23551.885, "Actual Max Total Time": 23551.885, "Inner Unique": true, "Hash Cond": "(lineitem.l_orderkey = orders.o_orderkey), (LLVM Optimized, Jit Execute)", "Plans": [{"Node Type": "Aggregate", "Strategy": "Hashed", "Parent Relationship": "Outer", "Startup Cost": 148892.81, "Total Cost": 170915.49, "Plan Rows": 2202268, "Plan Width": 8, "Actual Min Startup Time": 14035.349, "Actual Max Startup Time": 14035.349, "Actual Min Total Time": 19818.083, "Actual Max Total Time": 19818.083, "Group By Key": ["lineitem.l_orderkey"], "Plans": [{"Node Type": "Streaming(type: LOCAL GATHER dop: 1/64)", "Parent Relationship": "Outer", "Startup Cost": 97610.5, "Total Cost": 143387.14, "Plan Rows": 2202268, "Plan Width": 8, "Actual Min Startup Time": 229.695, "Actual Max Startup Time": 229.695, "Actual Min Total Time": 5832.858, "Actual Max Total Time": 5832.858, "Plans": [{"Node Type": "Aggregate", "Strategy": "Hashed", "Parent Relationship": "Outer", "Startup Cost": 97610.5, "Total Cost": 97954.61, "Plan Rows": 2202268, "Plan Width": 8, "Actual Min Startup Time": 747.715, "Actual Max Startup Time": 860.278, "Actual Min Total Time": 818.769, "Actual Max Total Time": 988.082, "Group By Key": ["lineitem.l_orderkey"], "Plans": [{"Node Type": "Seq Scan", "Parent Relationship": "Outer", "Relation Name": "lineitem", "Alias": "lineitem", "Startup Cost": 0.0, "Total Cost": 96829.42, "Plan Rows": 19995678, "Plan Width": 8, "Actual Min Startup Time": 0.021, "Actual Max Startup Time": 0.04, "Actual Min Total Time": 492.564, "Actual Max Total Time": 522.811, "Filter": "(l_commitdate < l_receiptdate), (LLVM Optimized, Jit Execute)", "Rows Removed by Filter": 22056704, "Actual Rows": 37929348}], "Actual Rows": 13761080}], "Actual Rows": 13761080}], "Actual Rows": 13753474}, {"Node Type": "Hash", "Parent Relationship": "Inner", "Startup Cost": 82581.41, "Total Cost": 82581.41, "Plan Rows": 569410, "Plan Width": 24, "Actual Min Startup Time": 699.305, "Actual Max Startup Time": 699.305, "Actual Min Total Time": 699.305, "Actual Max Total Time": 699.305, "Max Hash Buckets": 1048576, "Min Hash Buckets": 1048576, "Max Hash Batches": 1, "Min Hash Batches": 1, "Max Original Hash Batches": 1, "Min Original Hash Batches": 1, "Max Peak Memory Usage": 30714, "min Peak Memory Usage": 30714, "Plans": [{"Node Type": "Streaming(type: LOCAL GATHER dop: 1/64)", "Parent Relationship": "Outer", "Startup Cost": 57.33, "Total Cost": 82581.41, "Plan Rows": 569410, "Plan Width": 24, "Actual Min Startup Time": 101.787, "Actual Max Startup Time": 101.787, "Actual Min Total Time": 451.33, "Actual Max Total Time": 451.33, "Plans": [{"Node Type": "Seq Scan", "Parent Relationship": "Outer", "Relation Name": "orders", "Alias": "orders", "Startup Cost": 57.33, "Total Cost": 70834.55, "Plan Rows": 569410, "Plan Width": 24, "Actual Min Startup Time": 0.03, "Actual Max Startup Time": 0.359, "Actual Min Total Time": 101.01, "Actual Max Total Time": 138.203, "Filter": "((o_orderdate >= '1995-01-01 00:00:00'::timestamp(0) without time zone) AND (o_orderdate < '1995-04-01 00:00:00'::timestamp without time zone)), (LLVM Optimized, Jit Execute)", "Rows Removed by Filter": 14438388, "Actual Rows": 561612}], "Actual Rows": 561612}], "Actual Rows": 561612}], "Actual Rows": 515106}], "Actual Rows": 5}], "Actual Rows": 5}, "Triggers": [], "Planner Runtime": 0, "Total Runtime": 23798.493, "Unique SQL Id": 3745551476}}, "(64, 79)": {"explain_plan": {"Plan": {"Node Type": "Sort", "Startup Cost": 2000403569659.73, "Total Cost": 2000403569659.74, "Plan Rows": 1, "Plan Width": 24, "Sort Key": ["orders.o_orderpriority"], "Plans": [{"Node Type": "Aggregate", "Strategy": "Hashed", "Parent Relationship": "Outer", "Startup Cost": 2000403569659.71, "Total Cost": 2000403569659.72, "Plan Rows": 1, "Plan Width": 24, "Group By Key": ["orders.o_orderpriority"], "Plans": [{"Node Type": "Merge Join", "Parent Relationship": "Outer", "Join Type": "Semi", "Startup Cost": 20036514449.31, "Total Cost": 2000403566812.66, "Plan Rows": 569410, "Plan Width": 16, "Inner Unique": false, "Merge Cond": "(orders.o_orderkey = lineitem.l_orderkey)", "Plans": [{"Node Type": "Index Scan", "Parent Relationship": "Outer", "Scan Direction": "Forward", "Index Name": "orders_pkey", "Relation Name": "orders", "Alias": "orders", "Startup Cost": 10000000000.0, "Total Cost": 1000080597583.0, "Plan Rows": 569410, "Plan Width": 24, "Filter": "((o_orderdate >= '1995-01-01 00:00:00'::timestamp(0) without time zone) AND (o_orderdate < '1995-04-01 00:00:00'::timestamp without time zone)), (LLVM Optimized)"}, {"Node Type": "Index Scan", "Parent Relationship": "Inner", "Scan Direction": "Forward", "Index Name": "idx_lineitem_orderkey", "Relation Name": "lineitem", "Alias": "lineitem", "Startup Cost": 10000000000.0, "Total Cost": 1000339012132.75, "Plan Rows": 19995678, "Plan Width": 8, "Filter": "(l_commitdate < l_receiptdate), (LLVM Optimized)"}]}]}]}, "Unique SQL Id": 3745551476, "Planner Runtime": 0}, "explain_analyze_plan": null}, "(64, 80)": {"explain_plan": {"Plan": {"Node Type": "Sort", "Startup Cost": 699745.15, "Total Cost": 699745.15, "Plan Rows": 1, "Plan Width": 24, "Sort Key": ["orders.o_orderpriority"], "Plans": [{"Node Type": "Aggregate", "Strategy": "Hashed", "Parent Relationship": "Outer", "Startup Cost": 699745.13, "Total Cost": 699745.14, "Plan Rows": 1, "Plan Width": 24, "Group By Key": ["orders.o_orderpriority"], "Plans": [{"Node Type": "Nested Loop", "Parent Relationship": "Outer", "Join Type": "Semi", "Startup Cost": 57.33, "Total Cost": 696898.08, "Plan Rows": 569410, "Plan Width": 16, "Inner Unique": false, "Plans": [{"Node Type": "Streaming(type: LOCAL GATHER dop: 1/64)", "Parent Relationship": "Outer", "Startup Cost": 57.33, "Total Cost": 82581.41, "Plan Rows": 569410, "Plan Width": 24, "Plans": [{"Node Type": "Seq Scan", "Parent Relationship": "Outer", "Relation Name": "orders", "Alias": "orders", "Startup Cost": 57.33, "Total Cost": 70834.55, "Plan Rows": 569410, "Plan Width": 24, "Filter": "((o_orderdate >= '1995-01-01 00:00:00'::timestamp(0) without time zone) AND (o_orderdate < '1995-04-01 00:00:00'::timestamp without time zone)), (LLVM Optimized)"}]}, {"Node Type": "Index Scan", "Parent Relationship": "Inner", "Scan Direction": "Forward", "Index Name": "idx_lineitem_orderkey", "Relation Name": "lineitem", "Alias": "lineitem", "Startup Cost": 0.0, "Total Cost": 5.41, "Plan Rows": 3, "Plan Width": 8, "Index Cond": "(l_orderkey = orders.o_orderkey)", "Filter": "(l_commitdate < l_receiptdate)"}]}]}]}, "Unique SQL Id": 3745551476, "Planner Runtime": 0}, "explain_analyze_plan": {"Plan": {"Node Type": "Sort", "Startup Cost": 699745.15, "Total Cost": 699745.15, "Plan Rows": 1, "Plan Width": 24, "Actual Min Startup Time": 4723.151, "Actual Max Startup Time": 4723.151, "Actual Min Total Time": 4723.151, "Actual Max Total Time": 4723.151, "Sort Key": ["orders.o_orderpriority"], "Sort Method": "quicksort", "Sort Space Min Used": 25, "Sort Space Max Used": 25, "Sort Space Type": "Memory", "Plans": [{"Node Type": "Aggregate", "Strategy": "Hashed", "Parent Relationship": "Outer", "Startup Cost": 699745.13, "Total Cost": 699745.14, "Plan Rows": 1, "Plan Width": 24, "Actual Min Startup Time": 4723.064, "Actual Max Startup Time": 4723.064, "Actual Min Total Time": 4723.065, "Actual Max Total Time": 4723.065, "Group By Key": ["orders.o_orderpriority"], "Plans": [{"Node Type": "Nested Loop", "Parent Relationship": "Outer", "Join Type": "Semi", "Startup Cost": 57.33, "Total Cost": 696898.08, "Plan Rows": 569410, "Plan Width": 16, "Actual Min Startup Time": 54.618, "Actual Max Startup Time": 54.618, "Actual Min Total Time": 4453.054, "Actual Max Total Time": 4453.054, "Inner Unique": false, "Plans": [{"Node Type": "Streaming(type: LOCAL GATHER dop: 1/64)", "Parent Relationship": "Outer", "Startup Cost": 57.33, "Total Cost": 82581.41, "Plan Rows": 569410, "Plan Width": 24, "Actual Min Startup Time": 54.525, "Actual Max Startup Time": 54.525, "Actual Min Total Time": 298.858, "Actual Max Total Time": 298.858, "Plans": [{"Node Type": "Seq Scan", "Parent Relationship": "Outer", "Relation Name": "orders", "Alias": "orders", "Startup Cost": 57.33, "Total Cost": 70834.55, "Plan Rows": 569410, "Plan Width": 24, "Actual Min Startup Time": 0.025, "Actual Max Startup Time": 0.064, "Actual Min Total Time": 81.072, "Actual Max Total Time": 101.188, "Filter": "((o_orderdate >= '1995-01-01 00:00:00'::timestamp(0) without time zone) AND (o_orderdate < '1995-04-01 00:00:00'::timestamp without time zone)), (LLVM Optimized, Jit Execute)", "Rows Removed by Filter": 14438388, "Actual Rows": 561612}], "Actual Rows": 561612}, {"Node Type": "Index Scan", "Parent Relationship": "Inner", "Scan Direction": "Forward", "Index Name": "idx_lineitem_orderkey", "Relation Name": "lineitem", "Alias": "lineitem", "Startup Cost": 0.0, "Total Cost": 5.41, "Plan Rows": 3, "Plan Width": 8, "Actual Min Startup Time": 3742.77, "Actual Max Startup Time": 3742.77, "Actual Min Total Time": 3742.77, "Actual Max Total Time": 3742.77, "Index Cond": "(l_orderkey = orders.o_orderkey)", "Rows Removed by Index Recheck": 0, "Filter": "(l_commitdate < l_receiptdate)", "Rows Removed by Filter": 299676, "Actual Rows": 515106}], "Actual Rows": 515106}], "Actual Rows": 5}], "Actual Rows": 5}, "Triggers": [], "Planner Runtime": 0, "Total Runtime": 4743.195, "Unique SQL Id": 3745551476}}, "(64, 81)": {"explain_plan": {"Plan": {"Node Type": "Sort", "Startup Cost": 916688.59, "Total Cost": 916688.6, "Plan Rows": 1, "Plan Width": 24, "Sort Key": ["orders.o_orderpriority"], "Plans": [{"Node Type": "Aggregate", "Strategy": "Hashed", "Parent Relationship": "Outer", "Startup Cost": 916688.57, "Total Cost": 916688.58, "Plan Rows": 1, "Plan Width": 24, "Group By Key": ["orders.o_orderpriority"], "Plans": [{"Node Type": "Nested Loop", "Parent Relationship": "Outer", "Join Type": "Semi", "Startup Cost": 14564.7, "Total Cost": 913841.52, "Plan Rows": 569410, "Plan Width": 16, "Inner Unique": false, "Plans": [{"Node Type": "Bitmap Heap Scan", "Parent Relationship": "Outer", "Relation Name": "orders", "Alias": "orders", "Startup Cost": 14564.7, "Total Cost": 299524.85, "Plan Rows": 569410, "Plan Width": 24, "Recheck Cond": "((o_orderdate >= '1995-01-01 00:00:00'::timestamp(0) without time zone) AND (o_orderdate < '1995-04-01 00:00:00'::timestamp without time zone)), (LLVM Optimized)", "Plans": [{"Node Type": "Bitmap Index Scan", "Parent Relationship": "Outer", "Index Name": "idx_orders_orderdate", "Startup Cost": 0.0, "Total Cost": 14422.35, "Plan Rows": 569410, "Plan Width": 0, "Index Cond": "((o_orderdate >= '1995-01-01 00:00:00'::timestamp(0) without time zone) AND (o_orderdate < '1995-04-01 00:00:00'::timestamp without time zone))"}]}, {"Node Type": "Index Scan", "Parent Relationship": "Inner", "Scan Direction": "Forward", "Index Name": "idx_lineitem_orderkey", "Relation Name": "lineitem", "Alias": "lineitem", "Startup Cost": 0.0, "Total Cost": 5.41, "Plan Rows": 3, "Plan Width": 8, "Index Cond": "(l_orderkey = orders.o_orderkey)", "Filter": "(l_commitdate < l_receiptdate)"}]}]}]}, "Unique SQL Id": 3745551476, "Planner Runtime": 0}, "explain_analyze_plan": {"Plan": {"Node Type": "Sort", "Startup Cost": 916688.59, "Total Cost": 916688.6, "Plan Rows": 1, "Plan Width": 24, "Actual Startup Time": 5282.088, "Actual Total Time": 5282.088, "Actual Rows": 5, "Actual Loops": 1, "Sort Key": ["orders.o_orderpriority"], "Sort Method": "quicksort", "Sort Space Used": 25, "Sort Space Type": "Memory", "Plans": [{"Node Type": "Aggregate", "Strategy": "Hashed", "Parent Relationship": "Outer", "Startup Cost": 916688.57, "Total Cost": 916688.58, "Plan Rows": 1, "Plan Width": 24, "Actual Startup Time": 5282.022, "Actual Total Time": 5282.024, "Actual Rows": 5, "Actual Loops": 1, "Group By Key": ["orders.o_orderpriority"], "Plans": [{"Node Type": "Nested Loop", "Parent Relationship": "Outer", "Join Type": "Semi", "Startup Cost": 14564.7, "Total Cost": 913841.52, "Plan Rows": 569410, "Plan Width": 16, "Actual Startup Time": 248.585, "Actual Total Time": 5001.846, "Actual Rows": 515106, "Actual Loops": 1, "Inner Unique": false, "Plans": [{"Node Type": "Bitmap Heap Scan", "Parent Relationship": "Outer", "Relation Name": "orders", "Alias": "orders", "Startup Cost": 14564.7, "Total Cost": 299524.85, "Plan Rows": 569410, "Plan Width": 24, "Actual Startup Time": 248.504, "Actual Total Time": 1075.41, "Actual Rows": 561612, "Actual Loops": 1, "Recheck Cond": "((o_orderdate >= '1995-01-01 00:00:00'::timestamp(0) without time zone) AND (o_orderdate < '1995-04-01 00:00:00'::timestamp without time zone)), (LLVM Optimized, Jit Execute)", "Rows Removed by Index Recheck": 0, "Exact Heap Blocks": 241676, "Lossy Heap Blocks": 241676, "Plans": [{"Node Type": "Bitmap Index Scan", "Parent Relationship": "Outer", "Index Name": "idx_orders_orderdate", "Startup Cost": 0.0, "Total Cost": 14422.35, "Plan Rows": 569410, "Plan Width": 0, "Actual Startup Time": 173.471, "Actual Total Time": 173.471, "Actual Rows": 561612, "Actual Loops": 1, "Index Cond": "((o_orderdate >= '1995-01-01 00:00:00'::timestamp(0) without time zone) AND (o_orderdate < '1995-04-01 00:00:00'::timestamp without time zone))"}]}, {"Node Type": "Index Scan", "Parent Relationship": "Inner", "Scan Direction": "Forward", "Index Name": "idx_lineitem_orderkey", "Relation Name": "lineitem", "Alias": "lineitem", "Startup Cost": 0.0, "Total Cost": 5.41, "Plan Rows": 3, "Plan Width": 8, "Actual Startup Time": 3512.894, "Actual Total Time": 3512.894, "Actual Rows": 515106, "Actual Loops": 561612, "Index Cond": "(l_orderkey = orders.o_orderkey)", "Rows Removed by Index Recheck": 0, "Filter": "(l_commitdate < l_receiptdate)", "Rows Removed by Filter": 299676}]}]}]}, "Triggers": [], "Planner Runtime": 0, "Total Runtime": 5291.829, "Unique SQL Id": 3745551476}}, "(64, 82)": {"explain_plan": {"Plan": {"Node Type": "Sort", "Startup Cost": 2564698.92, "Total Cost": 2564698.92, "Plan Rows": 1, "Plan Width": 24, "Sort Key": ["orders.o_orderpriority"], "Plans": [{"Node Type": "Aggregate", "Strategy": "Hashed", "Parent Relationship": "Outer", "Startup Cost": 2564698.9, "Total Cost": 2564698.91, "Plan Rows": 1, "Plan Width": 24, "Group By Key": ["orders.o_orderpriority"], "Plans": [{"Node Type": "Nested Loop", "Parent Relationship": "Outer", "Join Type": "Semi", "Startup Cost": 59.27, "Total Cost": 2561851.85, "Plan Rows": 569410, "Plan Width": 16, "Inner Unique": false, "Plans": [{"Node Type": "Streaming(type: LOCAL GATHER dop: 1/64)", "Parent Relationship": "Outer", "Startup Cost": 57.33, "Total Cost": 82581.41, "Plan Rows": 569410, "Plan Width": 24, "Plans": [{"Node Type": "Seq Scan", "Parent Relationship": "Outer", "Relation Name": "orders", "Alias": "orders", "Startup Cost": 57.33, "Total Cost": 70834.55, "Plan Rows": 569410, "Plan Width": 24, "Filter": "((o_orderdate >= '1995-01-01 00:00:00'::timestamp(0) without time zone) AND (o_orderdate < '1995-04-01 00:00:00'::timestamp without time zone)), (LLVM Optimized)"}]}, {"Node Type": "Bitmap Heap Scan", "Parent Relationship": "Inner", "Relation Name": "lineitem", "Alias": "lineitem", "Startup Cost": 1.94, "Total Cost": 14.06, "Plan Rows": 3, "Plan Width": 8, "Recheck Cond": "(l_orderkey = orders.o_orderkey)", "Filter": "(l_commitdate < l_receiptdate)", "Plans": [{"Node Type": "Bitmap Index Scan", "Parent Relationship": "Outer", "Index Name": "idx_lineitem_orderkey", "Startup Cost": 0.0, "Total Cost": 1.94, "Plan Rows": 9, "Plan Width": 0, "Index Cond": "(l_orderkey = orders.o_orderkey)"}]}]}]}]}, "Unique SQL Id": 3745551476, "Planner Runtime": 0}, "explain_analyze_plan": {"Plan": {"Node Type": "Sort", "Startup Cost": 2564698.92, "Total Cost": 2564698.92, "Plan Rows": 1, "Plan Width": 24, "Actual Min Startup Time": 6284.1, "Actual Max Startup Time": 6284.1, "Actual Min Total Time": 6284.1, "Actual Max Total Time": 6284.1, "Sort Key": ["orders.o_orderpriority"], "Sort Method": "quicksort", "Sort Space Min Used": 25, "Sort Space Max Used": 25, "Sort Space Type": "Memory", "Plans": [{"Node Type": "Aggregate", "Strategy": "Hashed", "Parent Relationship": "Outer", "Startup Cost": 2564698.9, "Total Cost": 2564698.91, "Plan Rows": 1, "Plan Width": 24, "Actual Min Startup Time": 6284.044, "Actual Max Startup Time": 6284.044, "Actual Min Total Time": 6284.045, "Actual Max Total Time": 6284.045, "Group By Key": ["orders.o_orderpriority"], "Plans": [{"Node Type": "Nested Loop", "Parent Relationship": "Outer", "Join Type": "Semi", "Startup Cost": 59.27, "Total Cost": 2561851.85, "Plan Rows": 569410, "Plan Width": 16, "Actual Min Startup Time": 63.093, "Actual Max Startup Time": 63.093, "Actual Min Total Time": 5991.965, "Actual Max Total Time": 5991.965, "Inner Unique": false, "Plans": [{"Node Type": "Streaming(type: LOCAL GATHER dop: 1/64)", "Parent Relationship": "Outer", "Startup Cost": 57.33, "Total Cost": 82581.41, "Plan Rows": 569410, "Plan Width": 24, "Actual Min Startup Time": 63.008, "Actual Max Startup Time": 63.008, "Actual Min Total Time": 328.844, "Actual Max Total Time": 328.844, "Plans": [{"Node Type": "Seq Scan", "Parent Relationship": "Outer", "Relation Name": "orders", "Alias": "orders", "Startup Cost": 57.33, "Total Cost": 70834.55, "Plan Rows": 569410, "Plan Width": 24, "Actual Min Startup Time": 0.027, "Actual Max Startup Time": 0.068, "Actual Min Total Time": 81.88, "Actual Max Total Time": 104.775, "Filter": "((o_orderdate >= '1995-01-01 00:00:00'::timestamp(0) without time zone) AND (o_orderdate < '1995-04-01 00:00:00'::timestamp without time zone)), (LLVM Optimized, Jit Execute)", "Rows Removed by Filter": 14438388, "Actual Rows": 561612}], "Actual Rows": 561612}, {"Node Type": "Bitmap Heap Scan", "Parent Relationship": "Inner", "Relation Name": "lineitem", "Alias": "lineitem", "Startup Cost": 1.94, "Total Cost": 14.06, "Plan Rows": 3, "Plan Width": 8, "Actual Min Startup Time": 4914.22, "Actual Max Startup Time": 4914.22, "Actual Min Total Time": 4914.22, "Actual Max Total Time": 4914.22, "Recheck Cond": "(l_orderkey = orders.o_orderkey)", "Rows Removed by Index Recheck": 0, "Filter": "(l_commitdate < l_receiptdate)", "Rows Removed by Filter": 299676, "Exact Heap Blocks": 567798, "Lossy Heap Blocks": 567798, "Plans": [{"Node Type": "Bitmap Index Scan", "Parent Relationship": "Outer", "Index Name": "idx_lineitem_orderkey", "Startup Cost": 0.0, "Total Cost": 1.94, "Plan Rows": 9, "Plan Width": 0, "Actual Min Startup Time": 2442.712, "Actual Max Startup Time": 2442.712, "Actual Min Total Time": 2442.712, "Actual Max Total Time": 2442.712, "Index Cond": "(l_orderkey = orders.o_orderkey)", "Actual Rows": 2246588}], "Actual Rows": 515106}], "Actual Rows": 515106}], "Actual Rows": 5}], "Actual Rows": 5}, "Triggers": [], "Planner Runtime": 0, "Total Runtime": 6316.305, "Unique SQL Id": 3745551476}}, "(64, 83)": {"explain_plan": {"Plan": {"Node Type": "Sort", "Startup Cost": 2781642.36, "Total Cost": 2781642.36, "Plan Rows": 1, "Plan Width": 24, "Sort Key": ["orders.o_orderpriority"], "Plans": [{"Node Type": "Aggregate", "Strategy": "Hashed", "Parent Relationship": "Outer", "Startup Cost": 2781642.34, "Total Cost": 2781642.35, "Plan Rows": 1, "Plan Width": 24, "Group By Key": ["orders.o_orderpriority"], "Plans": [{"Node Type": "Nested Loop", "Parent Relationship": "Outer", "Join Type": "Semi", "Startup Cost": 14566.65, "Total Cost": 2778795.29, "Plan Rows": 569410, "Plan Width": 16, "Inner Unique": false, "Plans": [{"Node Type": "Bitmap Heap Scan", "Parent Relationship": "Outer", "Relation Name": "orders", "Alias": "orders", "Startup Cost": 14564.7, "Total Cost": 299524.85, "Plan Rows": 569410, "Plan Width": 24, "Recheck Cond": "((o_orderdate >= '1995-01-01 00:00:00'::timestamp(0) without time zone) AND (o_orderdate < '1995-04-01 00:00:00'::timestamp without time zone)), (LLVM Optimized)", "Plans": [{"Node Type": "Bitmap Index Scan", "Parent Relationship": "Outer", "Index Name": "idx_orders_orderdate", "Startup Cost": 0.0, "Total Cost": 14422.35, "Plan Rows": 569410, "Plan Width": 0, "Index Cond": "((o_orderdate >= '1995-01-01 00:00:00'::timestamp(0) without time zone) AND (o_orderdate < '1995-04-01 00:00:00'::timestamp without time zone))"}]}, {"Node Type": "Bitmap Heap Scan", "Parent Relationship": "Inner", "Relation Name": "lineitem", "Alias": "lineitem", "Startup Cost": 1.94, "Total Cost": 14.06, "Plan Rows": 3, "Plan Width": 8, "Recheck Cond": "(l_orderkey = orders.o_orderkey)", "Filter": "(l_commitdate < l_receiptdate)", "Plans": [{"Node Type": "Bitmap Index Scan", "Parent Relationship": "Outer", "Index Name": "idx_lineitem_orderkey", "Startup Cost": 0.0, "Total Cost": 1.94, "Plan Rows": 9, "Plan Width": 0, "Index Cond": "(l_orderkey = orders.o_orderkey)"}]}]}]}]}, "Unique SQL Id": 3745551476, "Planner Runtime": 0}, "explain_analyze_plan": {"Plan": {"Node Type": "Sort", "Startup Cost": 2781642.36, "Total Cost": 2781642.36, "Plan Rows": 1, "Plan Width": 24, "Actual Startup Time": 6948.197, "Actual Total Time": 6948.197, "Actual Rows": 5, "Actual Loops": 1, "Sort Key": ["orders.o_orderpriority"], "Sort Method": "quicksort", "Sort Space Used": 25, "Sort Space Type": "Memory", "Plans": [{"Node Type": "Aggregate", "Strategy": "Hashed", "Parent Relationship": "Outer", "Startup Cost": 2781642.34, "Total Cost": 2781642.35, "Plan Rows": 1, "Plan Width": 24, "Actual Startup Time": 6948.154, "Actual Total Time": 6948.156, "Actual Rows": 5, "Actual Loops": 1, "Group By Key": ["orders.o_orderpriority"], "Plans": [{"Node Type": "Nested Loop", "Parent Relationship": "Outer", "Join Type": "Semi", "Startup Cost": 14566.65, "Total Cost": 2778795.29, "Plan Rows": 569410, "Plan Width": 16, "Actual Startup Time": 242.485, "Actual Total Time": 6627.026, "Actual Rows": 515106, "Actual Loops": 1, "Inner Unique": false, "Plans": [{"Node Type": "Bitmap Heap Scan", "Parent Relationship": "Outer", "Relation Name": "orders", "Alias": "orders", "Startup Cost": 14564.7, "Total Cost": 299524.85, "Plan Rows": 569410, "Plan Width": 24, "Actual Startup Time": 242.383, "Actual Total Time": 1045.457, "Actual Rows": 561612, "Actual Loops": 1, "Recheck Cond": "((o_orderdate >= '1995-01-01 00:00:00'::timestamp(0) without time zone) AND (o_orderdate < '1995-04-01 00:00:00'::timestamp without time zone)), (LLVM Optimized, Jit Execute)", "Rows Removed by Index Recheck": 0, "Exact Heap Blocks": 241676, "Lossy Heap Blocks": 241676, "Plans": [{"Node Type": "Bitmap Index Scan", "Parent Relationship": "Outer", "Index Name": "idx_orders_orderdate", "Startup Cost": 0.0, "Total Cost": 14422.35, "Plan Rows": 569410, "Plan Width": 0, "Actual Startup Time": 166.951, "Actual Total Time": 166.951, "Actual Rows": 561612, "Actual Loops": 1, "Index Cond": "((o_orderdate >= '1995-01-01 00:00:00'::timestamp(0) without time zone) AND (o_orderdate < '1995-04-01 00:00:00'::timestamp without time zone))"}]}, {"Node Type": "Bitmap Heap Scan", "Parent Relationship": "Inner", "Relation Name": "lineitem", "Alias": "lineitem", "Startup Cost": 1.94, "Total Cost": 14.06, "Plan Rows": 3, "Plan Width": 8, "Actual Startup Time": 4824.463, "Actual Total Time": 4824.463, "Actual Rows": 515106, "Actual Loops": 561612, "Recheck Cond": "(l_orderkey = orders.o_orderkey)", "Rows Removed by Index Recheck": 0, "Filter": "(l_commitdate < l_receiptdate)", "Rows Removed by Filter": 299676, "Exact Heap Blocks": 567798, "Lossy Heap Blocks": 567798, "Plans": [{"Node Type": "Bitmap Index Scan", "Parent Relationship": "Outer", "Index Name": "idx_lineitem_orderkey", "Startup Cost": 0.0, "Total Cost": 1.94, "Plan Rows": 9, "Plan Width": 0, "Actual Startup Time": 2446.908, "Actual Total Time": 2446.908, "Actual Rows": 2246588, "Actual Loops": 561612, "Index Cond": "(l_orderkey = orders.o_orderkey)"}]}]}]}]}, "Triggers": [], "Planner Runtime": 0, "Total Runtime": 6961.186, "Unique SQL Id": 3745551476}}, "(64, 84)": {"explain_plan": {"Plan": {"Node Type": "Sort", "Startup Cost": 699745.15, "Total Cost": 699745.15, "Plan Rows": 1, "Plan Width": 24, "Sort Key": ["orders.o_orderpriority"], "Plans": [{"Node Type": "Aggregate", "Strategy": "Hashed", "Parent Relationship": "Outer", "Startup Cost": 699745.13, "Total Cost": 699745.14, "Plan Rows": 1, "Plan Width": 24, "Group By Key": ["orders.o_orderpriority"], "Plans": [{"Node Type": "Nested Loop", "Parent Relationship": "Outer", "Join Type": "Semi", "Startup Cost": 57.33, "Total Cost": 696898.08, "Plan Rows": 569410, "Plan Width": 16, "Inner Unique": false, "Plans": [{"Node Type": "Streaming(type: LOCAL GATHER dop: 1/64)", "Parent Relationship": "Outer", "Startup Cost": 57.33, "Total Cost": 82581.41, "Plan Rows": 569410, "Plan Width": 24, "Plans": [{"Node Type": "Seq Scan", "Parent Relationship": "Outer", "Relation Name": "orders", "Alias": "orders", "Startup Cost": 57.33, "Total Cost": 70834.55, "Plan Rows": 569410, "Plan Width": 24, "Filter": "((o_orderdate >= '1995-01-01 00:00:00'::timestamp(0) without time zone) AND (o_orderdate < '1995-04-01 00:00:00'::timestamp without time zone)), (LLVM Optimized)"}]}, {"Node Type": "Index Scan", "Parent Relationship": "Inner", "Scan Direction": "Forward", "Index Name": "idx_lineitem_orderkey", "Relation Name": "lineitem", "Alias": "lineitem", "Startup Cost": 0.0, "Total Cost": 5.41, "Plan Rows": 3, "Plan Width": 8, "Index Cond": "(l_orderkey = orders.o_orderkey)", "Filter": "(l_commitdate < l_receiptdate)"}]}]}]}, "Unique SQL Id": 3745551476, "Planner Runtime": 0}, "explain_analyze_plan": {"Plan": {"Node Type": "Sort", "Startup Cost": 699745.15, "Total Cost": 699745.15, "Plan Rows": 1, "Plan Width": 24, "Actual Min Startup Time": 4723.151, "Actual Max Startup Time": 4723.151, "Actual Min Total Time": 4723.151, "Actual Max Total Time": 4723.151, "Sort Key": ["orders.o_orderpriority"], "Sort Method": "quicksort", "Sort Space Min Used": 25, "Sort Space Max Used": 25, "Sort Space Type": "Memory", "Plans": [{"Node Type": "Aggregate", "Strategy": "Hashed", "Parent Relationship": "Outer", "Startup Cost": 699745.13, "Total Cost": 699745.14, "Plan Rows": 1, "Plan Width": 24, "Actual Min Startup Time": 4723.064, "Actual Max Startup Time": 4723.064, "Actual Min Total Time": 4723.065, "Actual Max Total Time": 4723.065, "Group By Key": ["orders.o_orderpriority"], "Plans": [{"Node Type": "Nested Loop", "Parent Relationship": "Outer", "Join Type": "Semi", "Startup Cost": 57.33, "Total Cost": 696898.08, "Plan Rows": 569410, "Plan Width": 16, "Actual Min Startup Time": 54.618, "Actual Max Startup Time": 54.618, "Actual Min Total Time": 4453.054, "Actual Max Total Time": 4453.054, "Inner Unique": false, "Plans": [{"Node Type": "Streaming(type: LOCAL GATHER dop: 1/64)", "Parent Relationship": "Outer", "Startup Cost": 57.33, "Total Cost": 82581.41, "Plan Rows": 569410, "Plan Width": 24, "Actual Min Startup Time": 54.525, "Actual Max Startup Time": 54.525, "Actual Min Total Time": 298.858, "Actual Max Total Time": 298.858, "Plans": [{"Node Type": "Seq Scan", "Parent Relationship": "Outer", "Relation Name": "orders", "Alias": "orders", "Startup Cost": 57.33, "Total Cost": 70834.55, "Plan Rows": 569410, "Plan Width": 24, "Actual Min Startup Time": 0.025, "Actual Max Startup Time": 0.064, "Actual Min Total Time": 81.072, "Actual Max Total Time": 101.188, "Filter": "((o_orderdate >= '1995-01-01 00:00:00'::timestamp(0) without time zone) AND (o_orderdate < '1995-04-01 00:00:00'::timestamp without time zone)), (LLVM Optimized, Jit Execute)", "Rows Removed by Filter": 14438388, "Actual Rows": 561612}], "Actual Rows": 561612}, {"Node Type": "Index Scan", "Parent Relationship": "Inner", "Scan Direction": "Forward", "Index Name": "idx_lineitem_orderkey", "Relation Name": "lineitem", "Alias": "lineitem", "Startup Cost": 0.0, "Total Cost": 5.41, "Plan Rows": 3, "Plan Width": 8, "Actual Min Startup Time": 3742.77, "Actual Max Startup Time": 3742.77, "Actual Min Total Time": 3742.77, "Actual Max Total Time": 3742.77, "Index Cond": "(l_orderkey = orders.o_orderkey)", "Rows Removed by Index Recheck": 0, "Filter": "(l_commitdate < l_receiptdate)", "Rows Removed by Filter": 299676, "Actual Rows": 515106}], "Actual Rows": 515106}], "Actual Rows": 5}], "Actual Rows": 5}, "Triggers": [], "Planner Runtime": 0, "Total Runtime": 4743.195, "Unique SQL Id": 3745551476}}, "(64, 85)": {"explain_plan": {"Plan": {"Node Type": "Sort", "Startup Cost": 916688.59, "Total Cost": 916688.6, "Plan Rows": 1, "Plan Width": 24, "Sort Key": ["orders.o_orderpriority"], "Plans": [{"Node Type": "Aggregate", "Strategy": "Hashed", "Parent Relationship": "Outer", "Startup Cost": 916688.57, "Total Cost": 916688.58, "Plan Rows": 1, "Plan Width": 24, "Group By Key": ["orders.o_orderpriority"], "Plans": [{"Node Type": "Nested Loop", "Parent Relationship": "Outer", "Join Type": "Semi", "Startup Cost": 14564.7, "Total Cost": 913841.52, "Plan Rows": 569410, "Plan Width": 16, "Inner Unique": false, "Plans": [{"Node Type": "Bitmap Heap Scan", "Parent Relationship": "Outer", "Relation Name": "orders", "Alias": "orders", "Startup Cost": 14564.7, "Total Cost": 299524.85, "Plan Rows": 569410, "Plan Width": 24, "Recheck Cond": "((o_orderdate >= '1995-01-01 00:00:00'::timestamp(0) without time zone) AND (o_orderdate < '1995-04-01 00:00:00'::timestamp without time zone)), (LLVM Optimized)", "Plans": [{"Node Type": "Bitmap Index Scan", "Parent Relationship": "Outer", "Index Name": "idx_orders_orderdate", "Startup Cost": 0.0, "Total Cost": 14422.35, "Plan Rows": 569410, "Plan Width": 0, "Index Cond": "((o_orderdate >= '1995-01-01 00:00:00'::timestamp(0) without time zone) AND (o_orderdate < '1995-04-01 00:00:00'::timestamp without time zone))"}]}, {"Node Type": "Index Scan", "Parent Relationship": "Inner", "Scan Direction": "Forward", "Index Name": "idx_lineitem_orderkey", "Relation Name": "lineitem", "Alias": "lineitem", "Startup Cost": 0.0, "Total Cost": 5.41, "Plan Rows": 3, "Plan Width": 8, "Index Cond": "(l_orderkey = orders.o_orderkey)", "Filter": "(l_commitdate < l_receiptdate)"}]}]}]}, "Unique SQL Id": 3745551476, "Planner Runtime": 0}, "explain_analyze_plan": {"Plan": {"Node Type": "Sort", "Startup Cost": 916688.59, "Total Cost": 916688.6, "Plan Rows": 1, "Plan Width": 24, "Actual Startup Time": 5282.088, "Actual Total Time": 5282.088, "Actual Rows": 5, "Actual Loops": 1, "Sort Key": ["orders.o_orderpriority"], "Sort Method": "quicksort", "Sort Space Used": 25, "Sort Space Type": "Memory", "Plans": [{"Node Type": "Aggregate", "Strategy": "Hashed", "Parent Relationship": "Outer", "Startup Cost": 916688.57, "Total Cost": 916688.58, "Plan Rows": 1, "Plan Width": 24, "Actual Startup Time": 5282.022, "Actual Total Time": 5282.024, "Actual Rows": 5, "Actual Loops": 1, "Group By Key": ["orders.o_orderpriority"], "Plans": [{"Node Type": "Nested Loop", "Parent Relationship": "Outer", "Join Type": "Semi", "Startup Cost": 14564.7, "Total Cost": 913841.52, "Plan Rows": 569410, "Plan Width": 16, "Actual Startup Time": 248.585, "Actual Total Time": 5001.846, "Actual Rows": 515106, "Actual Loops": 1, "Inner Unique": false, "Plans": [{"Node Type": "Bitmap Heap Scan", "Parent Relationship": "Outer", "Relation Name": "orders", "Alias": "orders", "Startup Cost": 14564.7, "Total Cost": 299524.85, "Plan Rows": 569410, "Plan Width": 24, "Actual Startup Time": 248.504, "Actual Total Time": 1075.41, "Actual Rows": 561612, "Actual Loops": 1, "Recheck Cond": "((o_orderdate >= '1995-01-01 00:00:00'::timestamp(0) without time zone) AND (o_orderdate < '1995-04-01 00:00:00'::timestamp without time zone)), (LLVM Optimized, Jit Execute)", "Rows Removed by Index Recheck": 0, "Exact Heap Blocks": 241676, "Lossy Heap Blocks": 241676, "Plans": [{"Node Type": "Bitmap Index Scan", "Parent Relationship": "Outer", "Index Name": "idx_orders_orderdate", "Startup Cost": 0.0, "Total Cost": 14422.35, "Plan Rows": 569410, "Plan Width": 0, "Actual Startup Time": 173.471, "Actual Total Time": 173.471, "Actual Rows": 561612, "Actual Loops": 1, "Index Cond": "((o_orderdate >= '1995-01-01 00:00:00'::timestamp(0) without time zone) AND (o_orderdate < '1995-04-01 00:00:00'::timestamp without time zone))"}]}, {"Node Type": "Index Scan", "Parent Relationship": "Inner", "Scan Direction": "Forward", "Index Name": "idx_lineitem_orderkey", "Relation Name": "lineitem", "Alias": "lineitem", "Startup Cost": 0.0, "Total Cost": 5.41, "Plan Rows": 3, "Plan Width": 8, "Actual Startup Time": 3512.894, "Actual Total Time": 3512.894, "Actual Rows": 515106, "Actual Loops": 561612, "Index Cond": "(l_orderkey = orders.o_orderkey)", "Rows Removed by Index Recheck": 0, "Filter": "(l_commitdate < l_receiptdate)", "Rows Removed by Filter": 299676}]}]}]}, "Triggers": [], "Planner Runtime": 0, "Total Runtime": 5291.829, "Unique SQL Id": 3745551476}}, "(64, 86)": {"explain_plan": {"Plan": {"Node Type": "Sort", "Startup Cost": 2564698.92, "Total Cost": 2564698.92, "Plan Rows": 1, "Plan Width": 24, "Sort Key": ["orders.o_orderpriority"], "Plans": [{"Node Type": "Aggregate", "Strategy": "Hashed", "Parent Relationship": "Outer", "Startup Cost": 2564698.9, "Total Cost": 2564698.91, "Plan Rows": 1, "Plan Width": 24, "Group By Key": ["orders.o_orderpriority"], "Plans": [{"Node Type": "Nested Loop", "Parent Relationship": "Outer", "Join Type": "Semi", "Startup Cost": 59.27, "Total Cost": 2561851.85, "Plan Rows": 569410, "Plan Width": 16, "Inner Unique": false, "Plans": [{"Node Type": "Streaming(type: LOCAL GATHER dop: 1/64)", "Parent Relationship": "Outer", "Startup Cost": 57.33, "Total Cost": 82581.41, "Plan Rows": 569410, "Plan Width": 24, "Plans": [{"Node Type": "Seq Scan", "Parent Relationship": "Outer", "Relation Name": "orders", "Alias": "orders", "Startup Cost": 57.33, "Total Cost": 70834.55, "Plan Rows": 569410, "Plan Width": 24, "Filter": "((o_orderdate >= '1995-01-01 00:00:00'::timestamp(0) without time zone) AND (o_orderdate < '1995-04-01 00:00:00'::timestamp without time zone)), (LLVM Optimized)"}]}, {"Node Type": "Bitmap Heap Scan", "Parent Relationship": "Inner", "Relation Name": "lineitem", "Alias": "lineitem", "Startup Cost": 1.94, "Total Cost": 14.06, "Plan Rows": 3, "Plan Width": 8, "Recheck Cond": "(l_orderkey = orders.o_orderkey)", "Filter": "(l_commitdate < l_receiptdate)", "Plans": [{"Node Type": "Bitmap Index Scan", "Parent Relationship": "Outer", "Index Name": "idx_lineitem_orderkey", "Startup Cost": 0.0, "Total Cost": 1.94, "Plan Rows": 9, "Plan Width": 0, "Index Cond": "(l_orderkey = orders.o_orderkey)"}]}]}]}]}, "Unique SQL Id": 3745551476, "Planner Runtime": 0}, "explain_analyze_plan": {"Plan": {"Node Type": "Sort", "Startup Cost": 2564698.92, "Total Cost": 2564698.92, "Plan Rows": 1, "Plan Width": 24, "Actual Min Startup Time": 6284.1, "Actual Max Startup Time": 6284.1, "Actual Min Total Time": 6284.1, "Actual Max Total Time": 6284.1, "Sort Key": ["orders.o_orderpriority"], "Sort Method": "quicksort", "Sort Space Min Used": 25, "Sort Space Max Used": 25, "Sort Space Type": "Memory", "Plans": [{"Node Type": "Aggregate", "Strategy": "Hashed", "Parent Relationship": "Outer", "Startup Cost": 2564698.9, "Total Cost": 2564698.91, "Plan Rows": 1, "Plan Width": 24, "Actual Min Startup Time": 6284.044, "Actual Max Startup Time": 6284.044, "Actual Min Total Time": 6284.045, "Actual Max Total Time": 6284.045, "Group By Key": ["orders.o_orderpriority"], "Plans": [{"Node Type": "Nested Loop", "Parent Relationship": "Outer", "Join Type": "Semi", "Startup Cost": 59.27, "Total Cost": 2561851.85, "Plan Rows": 569410, "Plan Width": 16, "Actual Min Startup Time": 63.093, "Actual Max Startup Time": 63.093, "Actual Min Total Time": 5991.965, "Actual Max Total Time": 5991.965, "Inner Unique": false, "Plans": [{"Node Type": "Streaming(type: LOCAL GATHER dop: 1/64)", "Parent Relationship": "Outer", "Startup Cost": 57.33, "Total Cost": 82581.41, "Plan Rows": 569410, "Plan Width": 24, "Actual Min Startup Time": 63.008, "Actual Max Startup Time": 63.008, "Actual Min Total Time": 328.844, "Actual Max Total Time": 328.844, "Plans": [{"Node Type": "Seq Scan", "Parent Relationship": "Outer", "Relation Name": "orders", "Alias": "orders", "Startup Cost": 57.33, "Total Cost": 70834.55, "Plan Rows": 569410, "Plan Width": 24, "Actual Min Startup Time": 0.027, "Actual Max Startup Time": 0.068, "Actual Min Total Time": 81.88, "Actual Max Total Time": 104.775, "Filter": "((o_orderdate >= '1995-01-01 00:00:00'::timestamp(0) without time zone) AND (o_orderdate < '1995-04-01 00:00:00'::timestamp without time zone)), (LLVM Optimized, Jit Execute)", "Rows Removed by Filter": 14438388, "Actual Rows": 561612}], "Actual Rows": 561612}, {"Node Type": "Bitmap Heap Scan", "Parent Relationship": "Inner", "Relation Name": "lineitem", "Alias": "lineitem", "Startup Cost": 1.94, "Total Cost": 14.06, "Plan Rows": 3, "Plan Width": 8, "Actual Min Startup Time": 4914.22, "Actual Max Startup Time": 4914.22, "Actual Min Total Time": 4914.22, "Actual Max Total Time": 4914.22, "Recheck Cond": "(l_orderkey = orders.o_orderkey)", "Rows Removed by Index Recheck": 0, "Filter": "(l_commitdate < l_receiptdate)", "Rows Removed by Filter": 299676, "Exact Heap Blocks": 567798, "Lossy Heap Blocks": 567798, "Plans": [{"Node Type": "Bitmap Index Scan", "Parent Relationship": "Outer", "Index Name": "idx_lineitem_orderkey", "Startup Cost": 0.0, "Total Cost": 1.94, "Plan Rows": 9, "Plan Width": 0, "Actual Min Startup Time": 2442.712, "Actual Max Startup Time": 2442.712, "Actual Min Total Time": 2442.712, "Actual Max Total Time": 2442.712, "Index Cond": "(l_orderkey = orders.o_orderkey)", "Actual Rows": 2246588}], "Actual Rows": 515106}], "Actual Rows": 515106}], "Actual Rows": 5}], "Actual Rows": 5}, "Triggers": [], "Planner Runtime": 0, "Total Runtime": 6316.305, "Unique SQL Id": 3745551476}}, "(64, 87)": {"explain_plan": {"Plan": {"Node Type": "Sort", "Startup Cost": 2781642.36, "Total Cost": 2781642.36, "Plan Rows": 1, "Plan Width": 24, "Sort Key": ["orders.o_orderpriority"], "Plans": [{"Node Type": "Aggregate", "Strategy": "Hashed", "Parent Relationship": "Outer", "Startup Cost": 2781642.34, "Total Cost": 2781642.35, "Plan Rows": 1, "Plan Width": 24, "Group By Key": ["orders.o_orderpriority"], "Plans": [{"Node Type": "Nested Loop", "Parent Relationship": "Outer", "Join Type": "Semi", "Startup Cost": 14566.65, "Total Cost": 2778795.29, "Plan Rows": 569410, "Plan Width": 16, "Inner Unique": false, "Plans": [{"Node Type": "Bitmap Heap Scan", "Parent Relationship": "Outer", "Relation Name": "orders", "Alias": "orders", "Startup Cost": 14564.7, "Total Cost": 299524.85, "Plan Rows": 569410, "Plan Width": 24, "Recheck Cond": "((o_orderdate >= '1995-01-01 00:00:00'::timestamp(0) without time zone) AND (o_orderdate < '1995-04-01 00:00:00'::timestamp without time zone)), (LLVM Optimized)", "Plans": [{"Node Type": "Bitmap Index Scan", "Parent Relationship": "Outer", "Index Name": "idx_orders_orderdate", "Startup Cost": 0.0, "Total Cost": 14422.35, "Plan Rows": 569410, "Plan Width": 0, "Index Cond": "((o_orderdate >= '1995-01-01 00:00:00'::timestamp(0) without time zone) AND (o_orderdate < '1995-04-01 00:00:00'::timestamp without time zone))"}]}, {"Node Type": "Bitmap Heap Scan", "Parent Relationship": "Inner", "Relation Name": "lineitem", "Alias": "lineitem", "Startup Cost": 1.94, "Total Cost": 14.06, "Plan Rows": 3, "Plan Width": 8, "Recheck Cond": "(l_orderkey = orders.o_orderkey)", "Filter": "(l_commitdate < l_receiptdate)", "Plans": [{"Node Type": "Bitmap Index Scan", "Parent Relationship": "Outer", "Index Name": "idx_lineitem_orderkey", "Startup Cost": 0.0, "Total Cost": 1.94, "Plan Rows": 9, "Plan Width": 0, "Index Cond": "(l_orderkey = orders.o_orderkey)"}]}]}]}]}, "Unique SQL Id": 3745551476, "Planner Runtime": 0}, "explain_analyze_plan": {"Plan": {"Node Type": "Sort", "Startup Cost": 2781642.36, "Total Cost": 2781642.36, "Plan Rows": 1, "Plan Width": 24, "Actual Startup Time": 6948.197, "Actual Total Time": 6948.197, "Actual Rows": 5, "Actual Loops": 1, "Sort Key": ["orders.o_orderpriority"], "Sort Method": "quicksort", "Sort Space Used": 25, "Sort Space Type": "Memory", "Plans": [{"Node Type": "Aggregate", "Strategy": "Hashed", "Parent Relationship": "Outer", "Startup Cost": 2781642.34, "Total Cost": 2781642.35, "Plan Rows": 1, "Plan Width": 24, "Actual Startup Time": 6948.154, "Actual Total Time": 6948.156, "Actual Rows": 5, "Actual Loops": 1, "Group By Key": ["orders.o_orderpriority"], "Plans": [{"Node Type": "Nested Loop", "Parent Relationship": "Outer", "Join Type": "Semi", "Startup Cost": 14566.65, "Total Cost": 2778795.29, "Plan Rows": 569410, "Plan Width": 16, "Actual Startup Time": 242.485, "Actual Total Time": 6627.026, "Actual Rows": 515106, "Actual Loops": 1, "Inner Unique": false, "Plans": [{"Node Type": "Bitmap Heap Scan", "Parent Relationship": "Outer", "Relation Name": "orders", "Alias": "orders", "Startup Cost": 14564.7, "Total Cost": 299524.85, "Plan Rows": 569410, "Plan Width": 24, "Actual Startup Time": 242.383, "Actual Total Time": 1045.457, "Actual Rows": 561612, "Actual Loops": 1, "Recheck Cond": "((o_orderdate >= '1995-01-01 00:00:00'::timestamp(0) without time zone) AND (o_orderdate < '1995-04-01 00:00:00'::timestamp without time zone)), (LLVM Optimized, Jit Execute)", "Rows Removed by Index Recheck": 0, "Exact Heap Blocks": 241676, "Lossy Heap Blocks": 241676, "Plans": [{"Node Type": "Bitmap Index Scan", "Parent Relationship": "Outer", "Index Name": "idx_orders_orderdate", "Startup Cost": 0.0, "Total Cost": 14422.35, "Plan Rows": 569410, "Plan Width": 0, "Actual Startup Time": 166.951, "Actual Total Time": 166.951, "Actual Rows": 561612, "Actual Loops": 1, "Index Cond": "((o_orderdate >= '1995-01-01 00:00:00'::timestamp(0) without time zone) AND (o_orderdate < '1995-04-01 00:00:00'::timestamp without time zone))"}]}, {"Node Type": "Bitmap Heap Scan", "Parent Relationship": "Inner", "Relation Name": "lineitem", "Alias": "lineitem", "Startup Cost": 1.94, "Total Cost": 14.06, "Plan Rows": 3, "Plan Width": 8, "Actual Startup Time": 4824.463, "Actual Total Time": 4824.463, "Actual Rows": 515106, "Actual Loops": 561612, "Recheck Cond": "(l_orderkey = orders.o_orderkey)", "Rows Removed by Index Recheck": 0, "Filter": "(l_commitdate < l_receiptdate)", "Rows Removed by Filter": 299676, "Exact Heap Blocks": 567798, "Lossy Heap Blocks": 567798, "Plans": [{"Node Type": "Bitmap Index Scan", "Parent Relationship": "Outer", "Index Name": "idx_lineitem_orderkey", "Startup Cost": 0.0, "Total Cost": 1.94, "Plan Rows": 9, "Plan Width": 0, "Actual Startup Time": 2446.908, "Actual Total Time": 2446.908, "Actual Rows": 2246588, "Actual Loops": 561612, "Index Cond": "(l_orderkey = orders.o_orderkey)"}]}]}]}]}, "Triggers": [], "Planner Runtime": 0, "Total Runtime": 6961.186, "Unique SQL Id": 3745551476}}, "(64, 88)": {"explain_plan": {"Plan": {"Node Type": "Sort", "Startup Cost": 699745.15, "Total Cost": 699745.15, "Plan Rows": 1, "Plan Width": 24, "Sort Key": ["orders.o_orderpriority"], "Plans": [{"Node Type": "Aggregate", "Strategy": "Hashed", "Parent Relationship": "Outer", "Startup Cost": 699745.13, "Total Cost": 699745.14, "Plan Rows": 1, "Plan Width": 24, "Group By Key": ["orders.o_orderpriority"], "Plans": [{"Node Type": "Nested Loop", "Parent Relationship": "Outer", "Join Type": "Semi", "Startup Cost": 57.33, "Total Cost": 696898.08, "Plan Rows": 569410, "Plan Width": 16, "Inner Unique": false, "Plans": [{"Node Type": "Streaming(type: LOCAL GATHER dop: 1/64)", "Parent Relationship": "Outer", "Startup Cost": 57.33, "Total Cost": 82581.41, "Plan Rows": 569410, "Plan Width": 24, "Plans": [{"Node Type": "Seq Scan", "Parent Relationship": "Outer", "Relation Name": "orders", "Alias": "orders", "Startup Cost": 57.33, "Total Cost": 70834.55, "Plan Rows": 569410, "Plan Width": 24, "Filter": "((o_orderdate >= '1995-01-01 00:00:00'::timestamp(0) without time zone) AND (o_orderdate < '1995-04-01 00:00:00'::timestamp without time zone)), (LLVM Optimized)"}]}, {"Node Type": "Index Scan", "Parent Relationship": "Inner", "Scan Direction": "Forward", "Index Name": "idx_lineitem_orderkey", "Relation Name": "lineitem", "Alias": "lineitem", "Startup Cost": 0.0, "Total Cost": 5.41, "Plan Rows": 3, "Plan Width": 8, "Index Cond": "(l_orderkey = orders.o_orderkey)", "Filter": "(l_commitdate < l_receiptdate)"}]}]}]}, "Unique SQL Id": 3745551476, "Planner Runtime": 0}, "explain_analyze_plan": {"Plan": {"Node Type": "Sort", "Startup Cost": 699745.15, "Total Cost": 699745.15, "Plan Rows": 1, "Plan Width": 24, "Actual Min Startup Time": 4723.151, "Actual Max Startup Time": 4723.151, "Actual Min Total Time": 4723.151, "Actual Max Total Time": 4723.151, "Sort Key": ["orders.o_orderpriority"], "Sort Method": "quicksort", "Sort Space Min Used": 25, "Sort Space Max Used": 25, "Sort Space Type": "Memory", "Plans": [{"Node Type": "Aggregate", "Strategy": "Hashed", "Parent Relationship": "Outer", "Startup Cost": 699745.13, "Total Cost": 699745.14, "Plan Rows": 1, "Plan Width": 24, "Actual Min Startup Time": 4723.064, "Actual Max Startup Time": 4723.064, "Actual Min Total Time": 4723.065, "Actual Max Total Time": 4723.065, "Group By Key": ["orders.o_orderpriority"], "Plans": [{"Node Type": "Nested Loop", "Parent Relationship": "Outer", "Join Type": "Semi", "Startup Cost": 57.33, "Total Cost": 696898.08, "Plan Rows": 569410, "Plan Width": 16, "Actual Min Startup Time": 54.618, "Actual Max Startup Time": 54.618, "Actual Min Total Time": 4453.054, "Actual Max Total Time": 4453.054, "Inner Unique": false, "Plans": [{"Node Type": "Streaming(type: LOCAL GATHER dop: 1/64)", "Parent Relationship": "Outer", "Startup Cost": 57.33, "Total Cost": 82581.41, "Plan Rows": 569410, "Plan Width": 24, "Actual Min Startup Time": 54.525, "Actual Max Startup Time": 54.525, "Actual Min Total Time": 298.858, "Actual Max Total Time": 298.858, "Plans": [{"Node Type": "Seq Scan", "Parent Relationship": "Outer", "Relation Name": "orders", "Alias": "orders", "Startup Cost": 57.33, "Total Cost": 70834.55, "Plan Rows": 569410, "Plan Width": 24, "Actual Min Startup Time": 0.025, "Actual Max Startup Time": 0.064, "Actual Min Total Time": 81.072, "Actual Max Total Time": 101.188, "Filter": "((o_orderdate >= '1995-01-01 00:00:00'::timestamp(0) without time zone) AND (o_orderdate < '1995-04-01 00:00:00'::timestamp without time zone)), (LLVM Optimized, Jit Execute)", "Rows Removed by Filter": 14438388, "Actual Rows": 561612}], "Actual Rows": 561612}, {"Node Type": "Index Scan", "Parent Relationship": "Inner", "Scan Direction": "Forward", "Index Name": "idx_lineitem_orderkey", "Relation Name": "lineitem", "Alias": "lineitem", "Startup Cost": 0.0, "Total Cost": 5.41, "Plan Rows": 3, "Plan Width": 8, "Actual Min Startup Time": 3742.77, "Actual Max Startup Time": 3742.77, "Actual Min Total Time": 3742.77, "Actual Max Total Time": 3742.77, "Index Cond": "(l_orderkey = orders.o_orderkey)", "Rows Removed by Index Recheck": 0, "Filter": "(l_commitdate < l_receiptdate)", "Rows Removed by Filter": 299676, "Actual Rows": 515106}], "Actual Rows": 515106}], "Actual Rows": 5}], "Actual Rows": 5}, "Triggers": [], "Planner Runtime": 0, "Total Runtime": 4743.195, "Unique SQL Id": 3745551476}}, "(64, 89)": {"explain_plan": {"Plan": {"Node Type": "Sort", "Startup Cost": 1276409.75, "Total Cost": 1276409.75, "Plan Rows": 1, "Plan Width": 24, "Sort Key": ["orders.o_orderpriority"], "Plans": [{"Node Type": "Aggregate", "Strategy": "Hashed", "Parent Relationship": "Outer", "Startup Cost": 1276409.73, "Total Cost": 1276409.74, "Plan Rows": 1, "Plan Width": 24, "Group By Key": ["orders.o_orderpriority"], "Plans": [{"Node Type": "Nested Loop", "Parent Relationship": "Outer", "Join Type": "Semi", "Startup Cost": 0.0, "Total Cost": 1273562.68, "Plan Rows": 569410, "Plan Width": 16, "Inner Unique": false, "Plans": [{"Node Type": "Streaming(type: LOCAL GATHER dop: 1/64)", "Parent Relationship": "Outer", "Startup Cost": 0.0, "Total Cost": 659246.01, "Plan Rows": 569410, "Plan Width": 24, "Plans": [{"Node Type": "Index Scan", "Parent Relationship": "Outer", "Scan Direction": "Forward", "Index Name": "orders_pkey", "Relation Name": "orders", "Alias": "orders", "Startup Cost": 0.0, "Total Cost": 647499.15, "Plan Rows": 569410, "Plan Width": 24, "Filter": "((o_orderdate >= '1995-01-01 00:00:00'::timestamp(0) without time zone) AND (o_orderdate < '1995-04-01 00:00:00'::timestamp without time zone)), (LLVM Optimized)"}]}, {"Node Type": "Index Scan", "Parent Relationship": "Inner", "Scan Direction": "Forward", "Index Name": "idx_lineitem_orderkey", "Relation Name": "lineitem", "Alias": "lineitem", "Startup Cost": 0.0, "Total Cost": 5.41, "Plan Rows": 3, "Plan Width": 8, "Index Cond": "(l_orderkey = orders.o_orderkey)", "Filter": "(l_commitdate < l_receiptdate)"}]}]}]}, "Unique SQL Id": 3745551476, "Planner Runtime": 0}, "explain_analyze_plan": {"Plan": {"Node Type": "Sort", "Startup Cost": 1276409.75, "Total Cost": 1276409.75, "Plan Rows": 1, "Plan Width": 24, "Actual Min Startup Time": 5114.034, "Actual Max Startup Time": 5114.034, "Actual Min Total Time": 5114.035, "Actual Max Total Time": 5114.035, "Sort Key": ["orders.o_orderpriority"], "Sort Method": "quicksort", "Sort Space Min Used": 25, "Sort Space Max Used": 25, "Sort Space Type": "Memory", "Plans": [{"Node Type": "Aggregate", "Strategy": "Hashed", "Parent Relationship": "Outer", "Startup Cost": 1276409.73, "Total Cost": 1276409.74, "Plan Rows": 1, "Plan Width": 24, "Actual Min Startup Time": 5113.908, "Actual Max Startup Time": 5113.908, "Actual Min Total Time": 5113.916, "Actual Max Total Time": 5113.916, "Group By Key": ["orders.o_orderpriority"], "Plans": [{"Node Type": "Nested Loop", "Parent Relationship": "Outer", "Join Type": "Semi", "Startup Cost": 0.0, "Total Cost": 1273562.68, "Plan Rows": 569410, "Plan Width": 16, "Actual Min Startup Time": 280.535, "Actual Max Startup Time": 280.535, "Actual Min Total Time": 4847.659, "Actual Max Total Time": 4847.659, "Inner Unique": false, "Plans": [{"Node Type": "Streaming(type: LOCAL GATHER dop: 1/64)", "Parent Relationship": "Outer", "Startup Cost": 0.0, "Total Cost": 659246.01, "Plan Rows": 569410, "Plan Width": 24, "Actual Min Startup Time": 280.478, "Actual Max Startup Time": 280.478, "Actual Min Total Time": 562.974, "Actual Max Total Time": 562.974, "Plans": [{"Node Type": "Index Scan", "Parent Relationship": "Outer", "Scan Direction": "Forward", "Index Name": "orders_pkey", "Relation Name": "orders", "Alias": "orders", "Startup Cost": 0.0, "Total Cost": 647499.15, "Plan Rows": 569410, "Plan Width": 24, "Actual Min Startup Time": 84.099, "Actual Max Startup Time": 223.605, "Actual Min Total Time": 231.947, "Actual Max Total Time": 372.383, "Filter": "((o_orderdate >= '1995-01-01 00:00:00'::timestamp(0) without time zone) AND (o_orderdate < '1995-04-01 00:00:00'::timestamp without time zone)), (LLVM Optimized, Jit Execute)", "Rows Removed by Filter": 14438388, "Actual Rows": 561612}], "Actual Rows": 561612}, {"Node Type": "Index Scan", "Parent Relationship": "Inner", "Scan Direction": "Forward", "Index Name": "idx_lineitem_orderkey", "Relation Name": "lineitem", "Alias": "lineitem", "Startup Cost": 0.0, "Total Cost": 5.41, "Plan Rows": 3, "Plan Width": 8, "Actual Min Startup Time": 3869.73, "Actual Max Startup Time": 3869.73, "Actual Min Total Time": 3869.73, "Actual Max Total Time": 3869.73, "Index Cond": "(l_orderkey = orders.o_orderkey)", "Rows Removed by Index Recheck": 0, "Filter": "(l_commitdate < l_receiptdate)", "Rows Removed by Filter": 299676, "Actual Rows": 515106}], "Actual Rows": 515106}], "Actual Rows": 5}], "Actual Rows": 5}, "Triggers": [], "Planner Runtime": 0, "Total Runtime": 5134.044, "Unique SQL Id": 3745551476}}, "(64, 90)": {"explain_plan": {"Plan": {"Node Type": "Sort", "Startup Cost": 100052879296.14, "Total Cost": 100052879296.15, "Plan Rows": 1, "Plan Width": 24, "Sort Key": ["orders.o_orderpriority"], "Plans": [{"Node Type": "Streaming(type: LOCAL GATHER dop: 1/64)", "Parent Relationship": "Outer", "Startup Cost": 100052879296.13, "Total Cost": 100052879296.13, "Plan Rows": 1, "Plan Width": 24, "Plans": [{"Node Type": "Aggregate", "Strategy": "Hashed", "Parent Relationship": "Outer", "Startup Cost": 100052879296.13, "Total Cost": 100052879296.13, "Plan Rows": 1, "Plan Width": 24, "Group By Key": ["orders.o_orderpriority"], "Plans": [{"Node Type": "Streaming(type: LOCAL REDISTRIBUTE dop: 64/64)", "Parent Relationship": "Outer", "Startup Cost": 100052879296.11, "Total Cost": 100052879296.13, "Plan Rows": 1, "Plan Width": 24, "Plans": [{"Node Type": "Aggregate", "Strategy": "Hashed", "Parent Relationship": "Outer", "Startup Cost": 100052879296.11, "Total Cost": 100052879296.11, "Plan Rows": 1, "Plan Width": 24, "Group By Key": ["orders.o_orderpriority"], "Plans": [{"Node Type": "Nested Loop", "Parent Relationship": "Outer", "Join Type": "Inner", "Startup Cost": 10000602841.95, "Total Cost": 100052879251.62, "Plan Rows": 569410, "Plan Width": 16, "Inner Unique": true, "Join Filter": "(orders.o_orderkey = lineitem.l_orderkey), (LLVM Optimized)", "Plans": [{"Node Type": "Aggregate", "Strategy": "Hashed", "Parent Relationship": "Outer", "Startup Cost": 255927.41, "Total Cost": 256271.52, "Plan Rows": 2202268, "Plan Width": 8, "Group By Key": ["lineitem.l_orderkey"], "Plans": [{"Node Type": "Streaming(type: BROADCAST dop: 64/64)", "Parent Relationship": "Outer", "Startup Cost": 97610.5, "Total Cost": 250421.74, "Plan Rows": 140945152, "Plan Width": 8, "Plans": [{"Node Type": "Aggregate", "Strategy": "Hashed", "Parent Relationship": "Outer", "Startup Cost": 97610.5, "Total Cost": 97954.61, "Plan Rows": 2202268, "Plan Width": 8, "Group By Key": ["lineitem.l_orderkey"], "Plans": [{"Node Type": "Seq Scan", "Parent Relationship": "Outer", "Relation Name": "lineitem", "Alias": "lineitem", "Startup Cost": 0.0, "Total Cost": 96829.42, "Plan Rows": 19995678, "Plan Width": 8, "Filter": "(l_commitdate < l_receiptdate), (LLVM Optimized)"}]}]}]}, {"Node Type": "Materialize", "Parent Relationship": "Inner", "Startup Cost": 57.33, "Total Cost": 70879.03, "Plan Rows": 569410, "Plan Width": 24, "Plans": [{"Node Type": "Seq Scan", "Parent Relationship": "Outer", "Relation Name": "orders", "Alias": "orders", "Startup Cost": 57.33, "Total Cost": 70834.55, "Plan Rows": 569410, "Plan Width": 24, "Filter": "((o_orderdate >= '1995-01-01 00:00:00'::timestamp(0) without time zone) AND (o_orderdate < '1995-04-01 00:00:00'::timestamp without time zone)), (LLVM Optimized)"}]}]}]}]}]}]}]}, "Unique SQL Id": 3745551476, "Planner Runtime": 0}, "explain_analyze_plan": null}, "(64, 91)": {"explain_plan": {"Plan": {"Node Type": "Sort", "Startup Cost": 2000403569659.73, "Total Cost": 2000403569659.74, "Plan Rows": 1, "Plan Width": 24, "Sort Key": ["orders.o_orderpriority"], "Plans": [{"Node Type": "Aggregate", "Strategy": "Hashed", "Parent Relationship": "Outer", "Startup Cost": 2000403569659.71, "Total Cost": 2000403569659.72, "Plan Rows": 1, "Plan Width": 24, "Group By Key": ["orders.o_orderpriority"], "Plans": [{"Node Type": "Merge Join", "Parent Relationship": "Outer", "Join Type": "Semi", "Startup Cost": 20036514449.31, "Total Cost": 2000403566812.66, "Plan Rows": 569410, "Plan Width": 16, "Inner Unique": false, "Merge Cond": "(orders.o_orderkey = lineitem.l_orderkey)", "Plans": [{"Node Type": "Index Scan", "Parent Relationship": "Outer", "Scan Direction": "Forward", "Index Name": "orders_pkey", "Relation Name": "orders", "Alias": "orders", "Startup Cost": 10000000000.0, "Total Cost": 1000080597583.0, "Plan Rows": 569410, "Plan Width": 24, "Filter": "((o_orderdate >= '1995-01-01 00:00:00'::timestamp(0) without time zone) AND (o_orderdate < '1995-04-01 00:00:00'::timestamp without time zone)), (LLVM Optimized)"}, {"Node Type": "Index Scan", "Parent Relationship": "Inner", "Scan Direction": "Forward", "Index Name": "idx_lineitem_orderkey", "Relation Name": "lineitem", "Alias": "lineitem", "Startup Cost": 10000000000.0, "Total Cost": 1000339012132.75, "Plan Rows": 19995678, "Plan Width": 8, "Filter": "(l_commitdate < l_receiptdate), (LLVM Optimized)"}]}]}]}, "Unique SQL Id": 3745551476, "Planner Runtime": 1}, "explain_analyze_plan": null}, "(64, 92)": {"explain_plan": {"Plan": {"Node Type": "Sort", "Startup Cost": 699745.15, "Total Cost": 699745.15, "Plan Rows": 1, "Plan Width": 24, "Sort Key": ["orders.o_orderpriority"], "Plans": [{"Node Type": "Aggregate", "Strategy": "Hashed", "Parent Relationship": "Outer", "Startup Cost": 699745.13, "Total Cost": 699745.14, "Plan Rows": 1, "Plan Width": 24, "Group By Key": ["orders.o_orderpriority"], "Plans": [{"Node Type": "Nested Loop", "Parent Relationship": "Outer", "Join Type": "Semi", "Startup Cost": 57.33, "Total Cost": 696898.08, "Plan Rows": 569410, "Plan Width": 16, "Inner Unique": false, "Plans": [{"Node Type": "Streaming(type: LOCAL GATHER dop: 1/64)", "Parent Relationship": "Outer", "Startup Cost": 57.33, "Total Cost": 82581.41, "Plan Rows": 569410, "Plan Width": 24, "Plans": [{"Node Type": "Seq Scan", "Parent Relationship": "Outer", "Relation Name": "orders", "Alias": "orders", "Startup Cost": 57.33, "Total Cost": 70834.55, "Plan Rows": 569410, "Plan Width": 24, "Filter": "((o_orderdate >= '1995-01-01 00:00:00'::timestamp(0) without time zone) AND (o_orderdate < '1995-04-01 00:00:00'::timestamp without time zone)), (LLVM Optimized)"}]}, {"Node Type": "Index Scan", "Parent Relationship": "Inner", "Scan Direction": "Forward", "Index Name": "idx_lineitem_orderkey", "Relation Name": "lineitem", "Alias": "lineitem", "Startup Cost": 0.0, "Total Cost": 5.41, "Plan Rows": 3, "Plan Width": 8, "Index Cond": "(l_orderkey = orders.o_orderkey)", "Filter": "(l_commitdate < l_receiptdate)"}]}]}]}, "Unique SQL Id": 3745551476, "Planner Runtime": 1}, "explain_analyze_plan": {"Plan": {"Node Type": "Sort", "Startup Cost": 699745.15, "Total Cost": 699745.15, "Plan Rows": 1, "Plan Width": 24, "Actual Min Startup Time": 4723.151, "Actual Max Startup Time": 4723.151, "Actual Min Total Time": 4723.151, "Actual Max Total Time": 4723.151, "Sort Key": ["orders.o_orderpriority"], "Sort Method": "quicksort", "Sort Space Min Used": 25, "Sort Space Max Used": 25, "Sort Space Type": "Memory", "Plans": [{"Node Type": "Aggregate", "Strategy": "Hashed", "Parent Relationship": "Outer", "Startup Cost": 699745.13, "Total Cost": 699745.14, "Plan Rows": 1, "Plan Width": 24, "Actual Min Startup Time": 4723.064, "Actual Max Startup Time": 4723.064, "Actual Min Total Time": 4723.065, "Actual Max Total Time": 4723.065, "Group By Key": ["orders.o_orderpriority"], "Plans": [{"Node Type": "Nested Loop", "Parent Relationship": "Outer", "Join Type": "Semi", "Startup Cost": 57.33, "Total Cost": 696898.08, "Plan Rows": 569410, "Plan Width": 16, "Actual Min Startup Time": 54.618, "Actual Max Startup Time": 54.618, "Actual Min Total Time": 4453.054, "Actual Max Total Time": 4453.054, "Inner Unique": false, "Plans": [{"Node Type": "Streaming(type: LOCAL GATHER dop: 1/64)", "Parent Relationship": "Outer", "Startup Cost": 57.33, "Total Cost": 82581.41, "Plan Rows": 569410, "Plan Width": 24, "Actual Min Startup Time": 54.525, "Actual Max Startup Time": 54.525, "Actual Min Total Time": 298.858, "Actual Max Total Time": 298.858, "Plans": [{"Node Type": "Seq Scan", "Parent Relationship": "Outer", "Relation Name": "orders", "Alias": "orders", "Startup Cost": 57.33, "Total Cost": 70834.55, "Plan Rows": 569410, "Plan Width": 24, "Actual Min Startup Time": 0.025, "Actual Max Startup Time": 0.064, "Actual Min Total Time": 81.072, "Actual Max Total Time": 101.188, "Filter": "((o_orderdate >= '1995-01-01 00:00:00'::timestamp(0) without time zone) AND (o_orderdate < '1995-04-01 00:00:00'::timestamp without time zone)), (LLVM Optimized, Jit Execute)", "Rows Removed by Filter": 14438388, "Actual Rows": 561612}], "Actual Rows": 561612}, {"Node Type": "Index Scan", "Parent Relationship": "Inner", "Scan Direction": "Forward", "Index Name": "idx_lineitem_orderkey", "Relation Name": "lineitem", "Alias": "lineitem", "Startup Cost": 0.0, "Total Cost": 5.41, "Plan Rows": 3, "Plan Width": 8, "Actual Min Startup Time": 3742.77, "Actual Max Startup Time": 3742.77, "Actual Min Total Time": 3742.77, "Actual Max Total Time": 3742.77, "Index Cond": "(l_orderkey = orders.o_orderkey)", "Rows Removed by Index Recheck": 0, "Filter": "(l_commitdate < l_receiptdate)", "Rows Removed by Filter": 299676, "Actual Rows": 515106}], "Actual Rows": 515106}], "Actual Rows": 5}], "Actual Rows": 5}, "Triggers": [], "Planner Runtime": 0, "Total Runtime": 4743.195, "Unique SQL Id": 3745551476}}, "(64, 93)": {"explain_plan": {"Plan": {"Node Type": "Sort", "Startup Cost": 1276409.75, "Total Cost": 1276409.75, "Plan Rows": 1, "Plan Width": 24, "Sort Key": ["orders.o_orderpriority"], "Plans": [{"Node Type": "Aggregate", "Strategy": "Hashed", "Parent Relationship": "Outer", "Startup Cost": 1276409.73, "Total Cost": 1276409.74, "Plan Rows": 1, "Plan Width": 24, "Group By Key": ["orders.o_orderpriority"], "Plans": [{"Node Type": "Nested Loop", "Parent Relationship": "Outer", "Join Type": "Semi", "Startup Cost": 0.0, "Total Cost": 1273562.68, "Plan Rows": 569410, "Plan Width": 16, "Inner Unique": false, "Plans": [{"Node Type": "Streaming(type: LOCAL GATHER dop: 1/64)", "Parent Relationship": "Outer", "Startup Cost": 0.0, "Total Cost": 659246.01, "Plan Rows": 569410, "Plan Width": 24, "Plans": [{"Node Type": "Index Scan", "Parent Relationship": "Outer", "Scan Direction": "Forward", "Index Name": "orders_pkey", "Relation Name": "orders", "Alias": "orders", "Startup Cost": 0.0, "Total Cost": 647499.15, "Plan Rows": 569410, "Plan Width": 24, "Filter": "((o_orderdate >= '1995-01-01 00:00:00'::timestamp(0) without time zone) AND (o_orderdate < '1995-04-01 00:00:00'::timestamp without time zone)), (LLVM Optimized)"}]}, {"Node Type": "Index Scan", "Parent Relationship": "Inner", "Scan Direction": "Forward", "Index Name": "idx_lineitem_orderkey", "Relation Name": "lineitem", "Alias": "lineitem", "Startup Cost": 0.0, "Total Cost": 5.41, "Plan Rows": 3, "Plan Width": 8, "Index Cond": "(l_orderkey = orders.o_orderkey)", "Filter": "(l_commitdate < l_receiptdate)"}]}]}]}, "Unique SQL Id": 3745551476, "Planner Runtime": 0}, "explain_analyze_plan": {"Plan": {"Node Type": "Sort", "Startup Cost": 1276409.75, "Total Cost": 1276409.75, "Plan Rows": 1, "Plan Width": 24, "Actual Min Startup Time": 5114.034, "Actual Max Startup Time": 5114.034, "Actual Min Total Time": 5114.035, "Actual Max Total Time": 5114.035, "Sort Key": ["orders.o_orderpriority"], "Sort Method": "quicksort", "Sort Space Min Used": 25, "Sort Space Max Used": 25, "Sort Space Type": "Memory", "Plans": [{"Node Type": "Aggregate", "Strategy": "Hashed", "Parent Relationship": "Outer", "Startup Cost": 1276409.73, "Total Cost": 1276409.74, "Plan Rows": 1, "Plan Width": 24, "Actual Min Startup Time": 5113.908, "Actual Max Startup Time": 5113.908, "Actual Min Total Time": 5113.916, "Actual Max Total Time": 5113.916, "Group By Key": ["orders.o_orderpriority"], "Plans": [{"Node Type": "Nested Loop", "Parent Relationship": "Outer", "Join Type": "Semi", "Startup Cost": 0.0, "Total Cost": 1273562.68, "Plan Rows": 569410, "Plan Width": 16, "Actual Min Startup Time": 280.535, "Actual Max Startup Time": 280.535, "Actual Min Total Time": 4847.659, "Actual Max Total Time": 4847.659, "Inner Unique": false, "Plans": [{"Node Type": "Streaming(type: LOCAL GATHER dop: 1/64)", "Parent Relationship": "Outer", "Startup Cost": 0.0, "Total Cost": 659246.01, "Plan Rows": 569410, "Plan Width": 24, "Actual Min Startup Time": 280.478, "Actual Max Startup Time": 280.478, "Actual Min Total Time": 562.974, "Actual Max Total Time": 562.974, "Plans": [{"Node Type": "Index Scan", "Parent Relationship": "Outer", "Scan Direction": "Forward", "Index Name": "orders_pkey", "Relation Name": "orders", "Alias": "orders", "Startup Cost": 0.0, "Total Cost": 647499.15, "Plan Rows": 569410, "Plan Width": 24, "Actual Min Startup Time": 84.099, "Actual Max Startup Time": 223.605, "Actual Min Total Time": 231.947, "Actual Max Total Time": 372.383, "Filter": "((o_orderdate >= '1995-01-01 00:00:00'::timestamp(0) without time zone) AND (o_orderdate < '1995-04-01 00:00:00'::timestamp without time zone)), (LLVM Optimized, Jit Execute)", "Rows Removed by Filter": 14438388, "Actual Rows": 561612}], "Actual Rows": 561612}, {"Node Type": "Index Scan", "Parent Relationship": "Inner", "Scan Direction": "Forward", "Index Name": "idx_lineitem_orderkey", "Relation Name": "lineitem", "Alias": "lineitem", "Startup Cost": 0.0, "Total Cost": 5.41, "Plan Rows": 3, "Plan Width": 8, "Actual Min Startup Time": 3869.73, "Actual Max Startup Time": 3869.73, "Actual Min Total Time": 3869.73, "Actual Max Total Time": 3869.73, "Index Cond": "(l_orderkey = orders.o_orderkey)", "Rows Removed by Index Recheck": 0, "Filter": "(l_commitdate < l_receiptdate)", "Rows Removed by Filter": 299676, "Actual Rows": 515106}], "Actual Rows": 515106}], "Actual Rows": 5}], "Actual Rows": 5}, "Triggers": [], "Planner Runtime": 0, "Total Runtime": 5134.044, "Unique SQL Id": 3745551476}}, "(64, 94)": {"explain_plan": {"Plan": {"Node Type": "Sort", "Startup Cost": 100052879296.14, "Total Cost": 100052879296.15, "Plan Rows": 1, "Plan Width": 24, "Sort Key": ["orders.o_orderpriority"], "Plans": [{"Node Type": "Streaming(type: LOCAL GATHER dop: 1/64)", "Parent Relationship": "Outer", "Startup Cost": 100052879296.13, "Total Cost": 100052879296.13, "Plan Rows": 1, "Plan Width": 24, "Plans": [{"Node Type": "Aggregate", "Strategy": "Hashed", "Parent Relationship": "Outer", "Startup Cost": 100052879296.13, "Total Cost": 100052879296.13, "Plan Rows": 1, "Plan Width": 24, "Group By Key": ["orders.o_orderpriority"], "Plans": [{"Node Type": "Streaming(type: LOCAL REDISTRIBUTE dop: 64/64)", "Parent Relationship": "Outer", "Startup Cost": 100052879296.11, "Total Cost": 100052879296.13, "Plan Rows": 1, "Plan Width": 24, "Plans": [{"Node Type": "Aggregate", "Strategy": "Hashed", "Parent Relationship": "Outer", "Startup Cost": 100052879296.11, "Total Cost": 100052879296.11, "Plan Rows": 1, "Plan Width": 24, "Group By Key": ["orders.o_orderpriority"], "Plans": [{"Node Type": "Nested Loop", "Parent Relationship": "Outer", "Join Type": "Inner", "Startup Cost": 10000602841.95, "Total Cost": 100052879251.62, "Plan Rows": 569410, "Plan Width": 16, "Inner Unique": true, "Join Filter": "(orders.o_orderkey = lineitem.l_orderkey), (LLVM Optimized)", "Plans": [{"Node Type": "Aggregate", "Strategy": "Hashed", "Parent Relationship": "Outer", "Startup Cost": 255927.41, "Total Cost": 256271.52, "Plan Rows": 2202268, "Plan Width": 8, "Group By Key": ["lineitem.l_orderkey"], "Plans": [{"Node Type": "Streaming(type: BROADCAST dop: 64/64)", "Parent Relationship": "Outer", "Startup Cost": 97610.5, "Total Cost": 250421.74, "Plan Rows": 140945152, "Plan Width": 8, "Plans": [{"Node Type": "Aggregate", "Strategy": "Hashed", "Parent Relationship": "Outer", "Startup Cost": 97610.5, "Total Cost": 97954.61, "Plan Rows": 2202268, "Plan Width": 8, "Group By Key": ["lineitem.l_orderkey"], "Plans": [{"Node Type": "Seq Scan", "Parent Relationship": "Outer", "Relation Name": "lineitem", "Alias": "lineitem", "Startup Cost": 0.0, "Total Cost": 96829.42, "Plan Rows": 19995678, "Plan Width": 8, "Filter": "(l_commitdate < l_receiptdate), (LLVM Optimized)"}]}]}]}, {"Node Type": "Materialize", "Parent Relationship": "Inner", "Startup Cost": 57.33, "Total Cost": 70879.03, "Plan Rows": 569410, "Plan Width": 24, "Plans": [{"Node Type": "Seq Scan", "Parent Relationship": "Outer", "Relation Name": "orders", "Alias": "orders", "Startup Cost": 57.33, "Total Cost": 70834.55, "Plan Rows": 569410, "Plan Width": 24, "Filter": "((o_orderdate >= '1995-01-01 00:00:00'::timestamp(0) without time zone) AND (o_orderdate < '1995-04-01 00:00:00'::timestamp without time zone)), (LLVM Optimized)"}]}]}]}]}]}]}]}, "Unique SQL Id": 3745551476, "Planner Runtime": 1}, "explain_analyze_plan": null}, "(64, 95)": {"explain_plan": {"Plan": {"Node Type": "Sort", "Startup Cost": 2000403569659.73, "Total Cost": 2000403569659.74, "Plan Rows": 1, "Plan Width": 24, "Sort Key": ["orders.o_orderpriority"], "Plans": [{"Node Type": "Aggregate", "Strategy": "Hashed", "Parent Relationship": "Outer", "Startup Cost": 2000403569659.71, "Total Cost": 2000403569659.72, "Plan Rows": 1, "Plan Width": 24, "Group By Key": ["orders.o_orderpriority"], "Plans": [{"Node Type": "Merge Join", "Parent Relationship": "Outer", "Join Type": "Semi", "Startup Cost": 20036514449.31, "Total Cost": 2000403566812.66, "Plan Rows": 569410, "Plan Width": 16, "Inner Unique": false, "Merge Cond": "(orders.o_orderkey = lineitem.l_orderkey)", "Plans": [{"Node Type": "Index Scan", "Parent Relationship": "Outer", "Scan Direction": "Forward", "Index Name": "orders_pkey", "Relation Name": "orders", "Alias": "orders", "Startup Cost": 10000000000.0, "Total Cost": 1000080597583.0, "Plan Rows": 569410, "Plan Width": 24, "Filter": "((o_orderdate >= '1995-01-01 00:00:00'::timestamp(0) without time zone) AND (o_orderdate < '1995-04-01 00:00:00'::timestamp without time zone)), (LLVM Optimized)"}, {"Node Type": "Index Scan", "Parent Relationship": "Inner", "Scan Direction": "Forward", "Index Name": "idx_lineitem_orderkey", "Relation Name": "lineitem", "Alias": "lineitem", "Startup Cost": 10000000000.0, "Total Cost": 1000339012132.75, "Plan Rows": 19995678, "Plan Width": 8, "Filter": "(l_commitdate < l_receiptdate), (LLVM Optimized)"}]}]}]}, "Unique SQL Id": 3745551476, "Planner Runtime": 0}, "explain_analyze_plan": null}, "(64, 96)": {"explain_plan": {"Plan": {"Node Type": "Sort", "Startup Cost": 277414.2, "Total Cost": 277414.2, "Plan Rows": 1, "Plan Width": 24, "Sort Key": ["orders.o_orderpriority"], "Plans": [{"Node Type": "Aggregate", "Strategy": "Hashed", "Parent Relationship": "Outer", "Startup Cost": 277414.18, "Total Cost": 277414.19, "Plan Rows": 1, "Plan Width": 24, "Group By Key": ["orders.o_orderpriority"], "Plans": [{"Node Type": "Hash Join", "Parent Relationship": "Outer", "Join Type": "Inner", "Startup Cost": 238591.84, "Total Cost": 274567.13, "Plan Rows": 569410, "Plan Width": 16, "Inner Unique": true, "Hash Cond": "(lineitem.l_orderkey = orders.o_orderkey), (LLVM Optimized)", "Plans": [{"Node Type": "Aggregate", "Strategy": "Hashed", "Parent Relationship": "Outer", "Startup Cost": 148892.81, "Total Cost": 170915.49, "Plan Rows": 2202268, "Plan Width": 8, "Group By Key": ["lineitem.l_orderkey"], "Plans": [{"Node Type": "Streaming(type: LOCAL GATHER dop: 1/64)", "Parent Relationship": "Outer", "Startup Cost": 97610.5, "Total Cost": 143387.14, "Plan Rows": 2202268, "Plan Width": 8, "Plans": [{"Node Type": "Aggregate", "Strategy": "Hashed", "Parent Relationship": "Outer", "Startup Cost": 97610.5, "Total Cost": 97954.61, "Plan Rows": 2202268, "Plan Width": 8, "Group By Key": ["lineitem.l_orderkey"], "Plans": [{"Node Type": "Seq Scan", "Parent Relationship": "Outer", "Relation Name": "lineitem", "Alias": "lineitem", "Startup Cost": 0.0, "Total Cost": 96829.42, "Plan Rows": 19995678, "Plan Width": 8, "Filter": "(l_commitdate < l_receiptdate), (LLVM Optimized)"}]}]}]}, {"Node Type": "Hash", "Parent Relationship": "Inner", "Startup Cost": 82581.41, "Total Cost": 82581.41, "Plan Rows": 569410, "Plan Width": 24, "Plans": [{"Node Type": "Streaming(type: LOCAL GATHER dop: 1/64)", "Parent Relationship": "Outer", "Startup Cost": 57.33, "Total Cost": 82581.41, "Plan Rows": 569410, "Plan Width": 24, "Plans": [{"Node Type": "Seq Scan", "Parent Relationship": "Outer", "Relation Name": "orders", "Alias": "orders", "Startup Cost": 57.33, "Total Cost": 70834.55, "Plan Rows": 569410, "Plan Width": 24, "Filter": "((o_orderdate >= '1995-01-01 00:00:00'::timestamp(0) without time zone) AND (o_orderdate < '1995-04-01 00:00:00'::timestamp without time zone)), (LLVM Optimized)"}]}]}]}]}]}, "Unique SQL Id": 3745551476, "Planner Runtime": 0}, "explain_analyze_plan": {"Plan": {"Node Type": "Sort", "Startup Cost": 277414.2, "Total Cost": 277414.2, "Plan Rows": 1, "Plan Width": 24, "Actual Min Startup Time": 23766.987, "Actual Max Startup Time": 23766.987, "Actual Min Total Time": 23766.987, "Actual Max Total Time": 23766.987, "Sort Key": ["orders.o_orderpriority"], "Sort Method": "quicksort", "Sort Space Min Used": 25, "Sort Space Max Used": 25, "Sort Space Type": "Memory", "Plans": [{"Node Type": "Aggregate", "Strategy": "Hashed", "Parent Relationship": "Outer", "Startup Cost": 277414.18, "Total Cost": 277414.19, "Plan Rows": 1, "Plan Width": 24, "Actual Min Startup Time": 23766.921, "Actual Max Startup Time": 23766.921, "Actual Min Total Time": 23766.922, "Actual Max Total Time": 23766.922, "Group By Key": ["orders.o_orderpriority"], "Plans": [{"Node Type": "Hash Join", "Parent Relationship": "Outer", "Join Type": "Inner", "Startup Cost": 238591.84, "Total Cost": 274567.13, "Plan Rows": 569410, "Plan Width": 16, "Actual Min Startup Time": 14735.43, "Actual Max Startup Time": 14735.43, "Actual Min Total Time": 23551.885, "Actual Max Total Time": 23551.885, "Inner Unique": true, "Hash Cond": "(lineitem.l_orderkey = orders.o_orderkey), (LLVM Optimized, Jit Execute)", "Plans": [{"Node Type": "Aggregate", "Strategy": "Hashed", "Parent Relationship": "Outer", "Startup Cost": 148892.81, "Total Cost": 170915.49, "Plan Rows": 2202268, "Plan Width": 8, "Actual Min Startup Time": 14035.349, "Actual Max Startup Time": 14035.349, "Actual Min Total Time": 19818.083, "Actual Max Total Time": 19818.083, "Group By Key": ["lineitem.l_orderkey"], "Plans": [{"Node Type": "Streaming(type: LOCAL GATHER dop: 1/64)", "Parent Relationship": "Outer", "Startup Cost": 97610.5, "Total Cost": 143387.14, "Plan Rows": 2202268, "Plan Width": 8, "Actual Min Startup Time": 229.695, "Actual Max Startup Time": 229.695, "Actual Min Total Time": 5832.858, "Actual Max Total Time": 5832.858, "Plans": [{"Node Type": "Aggregate", "Strategy": "Hashed", "Parent Relationship": "Outer", "Startup Cost": 97610.5, "Total Cost": 97954.61, "Plan Rows": 2202268, "Plan Width": 8, "Actual Min Startup Time": 747.715, "Actual Max Startup Time": 860.278, "Actual Min Total Time": 818.769, "Actual Max Total Time": 988.082, "Group By Key": ["lineitem.l_orderkey"], "Plans": [{"Node Type": "Seq Scan", "Parent Relationship": "Outer", "Relation Name": "lineitem", "Alias": "lineitem", "Startup Cost": 0.0, "Total Cost": 96829.42, "Plan Rows": 19995678, "Plan Width": 8, "Actual Min Startup Time": 0.021, "Actual Max Startup Time": 0.04, "Actual Min Total Time": 492.564, "Actual Max Total Time": 522.811, "Filter": "(l_commitdate < l_receiptdate), (LLVM Optimized, Jit Execute)", "Rows Removed by Filter": 22056704, "Actual Rows": 37929348}], "Actual Rows": 13761080}], "Actual Rows": 13761080}], "Actual Rows": 13753474}, {"Node Type": "Hash", "Parent Relationship": "Inner", "Startup Cost": 82581.41, "Total Cost": 82581.41, "Plan Rows": 569410, "Plan Width": 24, "Actual Min Startup Time": 699.305, "Actual Max Startup Time": 699.305, "Actual Min Total Time": 699.305, "Actual Max Total Time": 699.305, "Max Hash Buckets": 1048576, "Min Hash Buckets": 1048576, "Max Hash Batches": 1, "Min Hash Batches": 1, "Max Original Hash Batches": 1, "Min Original Hash Batches": 1, "Max Peak Memory Usage": 30714, "min Peak Memory Usage": 30714, "Plans": [{"Node Type": "Streaming(type: LOCAL GATHER dop: 1/64)", "Parent Relationship": "Outer", "Startup Cost": 57.33, "Total Cost": 82581.41, "Plan Rows": 569410, "Plan Width": 24, "Actual Min Startup Time": 101.787, "Actual Max Startup Time": 101.787, "Actual Min Total Time": 451.33, "Actual Max Total Time": 451.33, "Plans": [{"Node Type": "Seq Scan", "Parent Relationship": "Outer", "Relation Name": "orders", "Alias": "orders", "Startup Cost": 57.33, "Total Cost": 70834.55, "Plan Rows": 569410, "Plan Width": 24, "Actual Min Startup Time": 0.03, "Actual Max Startup Time": 0.359, "Actual Min Total Time": 101.01, "Actual Max Total Time": 138.203, "Filter": "((o_orderdate >= '1995-01-01 00:00:00'::timestamp(0) without time zone) AND (o_orderdate < '1995-04-01 00:00:00'::timestamp without time zone)), (LLVM Optimized, Jit Execute)", "Rows Removed by Filter": 14438388, "Actual Rows": 561612}], "Actual Rows": 561612}], "Actual Rows": 561612}], "Actual Rows": 515106}], "Actual Rows": 5}], "Actual Rows": 5}, "Triggers": [], "Planner Runtime": 0, "Total Runtime": 23798.493, "Unique SQL Id": 3745551476}}, "(64, 97)": {"explain_plan": {"Plan": {"Node Type": "Sort", "Startup Cost": 916688.59, "Total Cost": 916688.6, "Plan Rows": 1, "Plan Width": 24, "Sort Key": ["orders.o_orderpriority"], "Plans": [{"Node Type": "Aggregate", "Strategy": "Hashed", "Parent Relationship": "Outer", "Startup Cost": 916688.57, "Total Cost": 916688.58, "Plan Rows": 1, "Plan Width": 24, "Group By Key": ["orders.o_orderpriority"], "Plans": [{"Node Type": "Nested Loop", "Parent Relationship": "Outer", "Join Type": "Semi", "Startup Cost": 14564.7, "Total Cost": 913841.52, "Plan Rows": 569410, "Plan Width": 16, "Inner Unique": false, "Plans": [{"Node Type": "Bitmap Heap Scan", "Parent Relationship": "Outer", "Relation Name": "orders", "Alias": "orders", "Startup Cost": 14564.7, "Total Cost": 299524.85, "Plan Rows": 569410, "Plan Width": 24, "Recheck Cond": "((o_orderdate >= '1995-01-01 00:00:00'::timestamp(0) without time zone) AND (o_orderdate < '1995-04-01 00:00:00'::timestamp without time zone)), (LLVM Optimized)", "Plans": [{"Node Type": "Bitmap Index Scan", "Parent Relationship": "Outer", "Index Name": "idx_orders_orderdate", "Startup Cost": 0.0, "Total Cost": 14422.35, "Plan Rows": 569410, "Plan Width": 0, "Index Cond": "((o_orderdate >= '1995-01-01 00:00:00'::timestamp(0) without time zone) AND (o_orderdate < '1995-04-01 00:00:00'::timestamp without time zone))"}]}, {"Node Type": "Index Scan", "Parent Relationship": "Inner", "Scan Direction": "Forward", "Index Name": "idx_lineitem_orderkey", "Relation Name": "lineitem", "Alias": "lineitem", "Startup Cost": 0.0, "Total Cost": 5.41, "Plan Rows": 3, "Plan Width": 8, "Index Cond": "(l_orderkey = orders.o_orderkey)", "Filter": "(l_commitdate < l_receiptdate)"}]}]}]}, "Unique SQL Id": 3745551476, "Planner Runtime": 0}, "explain_analyze_plan": {"Plan": {"Node Type": "Sort", "Startup Cost": 916688.59, "Total Cost": 916688.6, "Plan Rows": 1, "Plan Width": 24, "Actual Startup Time": 5282.088, "Actual Total Time": 5282.088, "Actual Rows": 5, "Actual Loops": 1, "Sort Key": ["orders.o_orderpriority"], "Sort Method": "quicksort", "Sort Space Used": 25, "Sort Space Type": "Memory", "Plans": [{"Node Type": "Aggregate", "Strategy": "Hashed", "Parent Relationship": "Outer", "Startup Cost": 916688.57, "Total Cost": 916688.58, "Plan Rows": 1, "Plan Width": 24, "Actual Startup Time": 5282.022, "Actual Total Time": 5282.024, "Actual Rows": 5, "Actual Loops": 1, "Group By Key": ["orders.o_orderpriority"], "Plans": [{"Node Type": "Nested Loop", "Parent Relationship": "Outer", "Join Type": "Semi", "Startup Cost": 14564.7, "Total Cost": 913841.52, "Plan Rows": 569410, "Plan Width": 16, "Actual Startup Time": 248.585, "Actual Total Time": 5001.846, "Actual Rows": 515106, "Actual Loops": 1, "Inner Unique": false, "Plans": [{"Node Type": "Bitmap Heap Scan", "Parent Relationship": "Outer", "Relation Name": "orders", "Alias": "orders", "Startup Cost": 14564.7, "Total Cost": 299524.85, "Plan Rows": 569410, "Plan Width": 24, "Actual Startup Time": 248.504, "Actual Total Time": 1075.41, "Actual Rows": 561612, "Actual Loops": 1, "Recheck Cond": "((o_orderdate >= '1995-01-01 00:00:00'::timestamp(0) without time zone) AND (o_orderdate < '1995-04-01 00:00:00'::timestamp without time zone)), (LLVM Optimized, Jit Execute)", "Rows Removed by Index Recheck": 0, "Exact Heap Blocks": 241676, "Lossy Heap Blocks": 241676, "Plans": [{"Node Type": "Bitmap Index Scan", "Parent Relationship": "Outer", "Index Name": "idx_orders_orderdate", "Startup Cost": 0.0, "Total Cost": 14422.35, "Plan Rows": 569410, "Plan Width": 0, "Actual Startup Time": 173.471, "Actual Total Time": 173.471, "Actual Rows": 561612, "Actual Loops": 1, "Index Cond": "((o_orderdate >= '1995-01-01 00:00:00'::timestamp(0) without time zone) AND (o_orderdate < '1995-04-01 00:00:00'::timestamp without time zone))"}]}, {"Node Type": "Index Scan", "Parent Relationship": "Inner", "Scan Direction": "Forward", "Index Name": "idx_lineitem_orderkey", "Relation Name": "lineitem", "Alias": "lineitem", "Startup Cost": 0.0, "Total Cost": 5.41, "Plan Rows": 3, "Plan Width": 8, "Actual Startup Time": 3512.894, "Actual Total Time": 3512.894, "Actual Rows": 515106, "Actual Loops": 561612, "Index Cond": "(l_orderkey = orders.o_orderkey)", "Rows Removed by Index Recheck": 0, "Filter": "(l_commitdate < l_receiptdate)", "Rows Removed by Filter": 299676}]}]}]}, "Triggers": [], "Planner Runtime": 0, "Total Runtime": 5291.829, "Unique SQL Id": 3745551476}}, "(64, 98)": {"explain_plan": {"Plan": {"Node Type": "Sort", "Startup Cost": 277414.2, "Total Cost": 277414.2, "Plan Rows": 1, "Plan Width": 24, "Sort Key": ["orders.o_orderpriority"], "Plans": [{"Node Type": "Aggregate", "Strategy": "Hashed", "Parent Relationship": "Outer", "Startup Cost": 277414.18, "Total Cost": 277414.19, "Plan Rows": 1, "Plan Width": 24, "Group By Key": ["orders.o_orderpriority"], "Plans": [{"Node Type": "Hash Join", "Parent Relationship": "Outer", "Join Type": "Inner", "Startup Cost": 238591.84, "Total Cost": 274567.13, "Plan Rows": 569410, "Plan Width": 16, "Inner Unique": true, "Hash Cond": "(lineitem.l_orderkey = orders.o_orderkey), (LLVM Optimized)", "Plans": [{"Node Type": "Aggregate", "Strategy": "Hashed", "Parent Relationship": "Outer", "Startup Cost": 148892.81, "Total Cost": 170915.49, "Plan Rows": 2202268, "Plan Width": 8, "Group By Key": ["lineitem.l_orderkey"], "Plans": [{"Node Type": "Streaming(type: LOCAL GATHER dop: 1/64)", "Parent Relationship": "Outer", "Startup Cost": 97610.5, "Total Cost": 143387.14, "Plan Rows": 2202268, "Plan Width": 8, "Plans": [{"Node Type": "Aggregate", "Strategy": "Hashed", "Parent Relationship": "Outer", "Startup Cost": 97610.5, "Total Cost": 97954.61, "Plan Rows": 2202268, "Plan Width": 8, "Group By Key": ["lineitem.l_orderkey"], "Plans": [{"Node Type": "Seq Scan", "Parent Relationship": "Outer", "Relation Name": "lineitem", "Alias": "lineitem", "Startup Cost": 0.0, "Total Cost": 96829.42, "Plan Rows": 19995678, "Plan Width": 8, "Filter": "(l_commitdate < l_receiptdate), (LLVM Optimized)"}]}]}]}, {"Node Type": "Hash", "Parent Relationship": "Inner", "Startup Cost": 82581.41, "Total Cost": 82581.41, "Plan Rows": 569410, "Plan Width": 24, "Plans": [{"Node Type": "Streaming(type: LOCAL GATHER dop: 1/64)", "Parent Relationship": "Outer", "Startup Cost": 57.33, "Total Cost": 82581.41, "Plan Rows": 569410, "Plan Width": 24, "Plans": [{"Node Type": "Seq Scan", "Parent Relationship": "Outer", "Relation Name": "orders", "Alias": "orders", "Startup Cost": 57.33, "Total Cost": 70834.55, "Plan Rows": 569410, "Plan Width": 24, "Filter": "((o_orderdate >= '1995-01-01 00:00:00'::timestamp(0) without time zone) AND (o_orderdate < '1995-04-01 00:00:00'::timestamp without time zone)), (LLVM Optimized)"}]}]}]}]}]}, "Unique SQL Id": 3745551476, "Planner Runtime": 0}, "explain_analyze_plan": {"Plan": {"Node Type": "Sort", "Startup Cost": 277414.2, "Total Cost": 277414.2, "Plan Rows": 1, "Plan Width": 24, "Actual Min Startup Time": 23766.987, "Actual Max Startup Time": 23766.987, "Actual Min Total Time": 23766.987, "Actual Max Total Time": 23766.987, "Sort Key": ["orders.o_orderpriority"], "Sort Method": "quicksort", "Sort Space Min Used": 25, "Sort Space Max Used": 25, "Sort Space Type": "Memory", "Plans": [{"Node Type": "Aggregate", "Strategy": "Hashed", "Parent Relationship": "Outer", "Startup Cost": 277414.18, "Total Cost": 277414.19, "Plan Rows": 1, "Plan Width": 24, "Actual Min Startup Time": 23766.921, "Actual Max Startup Time": 23766.921, "Actual Min Total Time": 23766.922, "Actual Max Total Time": 23766.922, "Group By Key": ["orders.o_orderpriority"], "Plans": [{"Node Type": "Hash Join", "Parent Relationship": "Outer", "Join Type": "Inner", "Startup Cost": 238591.84, "Total Cost": 274567.13, "Plan Rows": 569410, "Plan Width": 16, "Actual Min Startup Time": 14735.43, "Actual Max Startup Time": 14735.43, "Actual Min Total Time": 23551.885, "Actual Max Total Time": 23551.885, "Inner Unique": true, "Hash Cond": "(lineitem.l_orderkey = orders.o_orderkey), (LLVM Optimized, Jit Execute)", "Plans": [{"Node Type": "Aggregate", "Strategy": "Hashed", "Parent Relationship": "Outer", "Startup Cost": 148892.81, "Total Cost": 170915.49, "Plan Rows": 2202268, "Plan Width": 8, "Actual Min Startup Time": 14035.349, "Actual Max Startup Time": 14035.349, "Actual Min Total Time": 19818.083, "Actual Max Total Time": 19818.083, "Group By Key": ["lineitem.l_orderkey"], "Plans": [{"Node Type": "Streaming(type: LOCAL GATHER dop: 1/64)", "Parent Relationship": "Outer", "Startup Cost": 97610.5, "Total Cost": 143387.14, "Plan Rows": 2202268, "Plan Width": 8, "Actual Min Startup Time": 229.695, "Actual Max Startup Time": 229.695, "Actual Min Total Time": 5832.858, "Actual Max Total Time": 5832.858, "Plans": [{"Node Type": "Aggregate", "Strategy": "Hashed", "Parent Relationship": "Outer", "Startup Cost": 97610.5, "Total Cost": 97954.61, "Plan Rows": 2202268, "Plan Width": 8, "Actual Min Startup Time": 747.715, "Actual Max Startup Time": 860.278, "Actual Min Total Time": 818.769, "Actual Max Total Time": 988.082, "Group By Key": ["lineitem.l_orderkey"], "Plans": [{"Node Type": "Seq Scan", "Parent Relationship": "Outer", "Relation Name": "lineitem", "Alias": "lineitem", "Startup Cost": 0.0, "Total Cost": 96829.42, "Plan Rows": 19995678, "Plan Width": 8, "Actual Min Startup Time": 0.021, "Actual Max Startup Time": 0.04, "Actual Min Total Time": 492.564, "Actual Max Total Time": 522.811, "Filter": "(l_commitdate < l_receiptdate), (LLVM Optimized, Jit Execute)", "Rows Removed by Filter": 22056704, "Actual Rows": 37929348}], "Actual Rows": 13761080}], "Actual Rows": 13761080}], "Actual Rows": 13753474}, {"Node Type": "Hash", "Parent Relationship": "Inner", "Startup Cost": 82581.41, "Total Cost": 82581.41, "Plan Rows": 569410, "Plan Width": 24, "Actual Min Startup Time": 699.305, "Actual Max Startup Time": 699.305, "Actual Min Total Time": 699.305, "Actual Max Total Time": 699.305, "Max Hash Buckets": 1048576, "Min Hash Buckets": 1048576, "Max Hash Batches": 1, "Min Hash Batches": 1, "Max Original Hash Batches": 1, "Min Original Hash Batches": 1, "Max Peak Memory Usage": 30714, "min Peak Memory Usage": 30714, "Plans": [{"Node Type": "Streaming(type: LOCAL GATHER dop: 1/64)", "Parent Relationship": "Outer", "Startup Cost": 57.33, "Total Cost": 82581.41, "Plan Rows": 569410, "Plan Width": 24, "Actual Min Startup Time": 101.787, "Actual Max Startup Time": 101.787, "Actual Min Total Time": 451.33, "Actual Max Total Time": 451.33, "Plans": [{"Node Type": "Seq Scan", "Parent Relationship": "Outer", "Relation Name": "orders", "Alias": "orders", "Startup Cost": 57.33, "Total Cost": 70834.55, "Plan Rows": 569410, "Plan Width": 24, "Actual Min Startup Time": 0.03, "Actual Max Startup Time": 0.359, "Actual Min Total Time": 101.01, "Actual Max Total Time": 138.203, "Filter": "((o_orderdate >= '1995-01-01 00:00:00'::timestamp(0) without time zone) AND (o_orderdate < '1995-04-01 00:00:00'::timestamp without time zone)), (LLVM Optimized, Jit Execute)", "Rows Removed by Filter": 14438388, "Actual Rows": 561612}], "Actual Rows": 561612}], "Actual Rows": 561612}], "Actual Rows": 515106}], "Actual Rows": 5}], "Actual Rows": 5}, "Triggers": [], "Planner Runtime": 0, "Total Runtime": 23798.493, "Unique SQL Id": 3745551476}}, "(64, 99)": {"explain_plan": {"Plan": {"Node Type": "Sort", "Startup Cost": 2781642.36, "Total Cost": 2781642.36, "Plan Rows": 1, "Plan Width": 24, "Sort Key": ["orders.o_orderpriority"], "Plans": [{"Node Type": "Aggregate", "Strategy": "Hashed", "Parent Relationship": "Outer", "Startup Cost": 2781642.34, "Total Cost": 2781642.35, "Plan Rows": 1, "Plan Width": 24, "Group By Key": ["orders.o_orderpriority"], "Plans": [{"Node Type": "Nested Loop", "Parent Relationship": "Outer", "Join Type": "Semi", "Startup Cost": 14566.65, "Total Cost": 2778795.29, "Plan Rows": 569410, "Plan Width": 16, "Inner Unique": false, "Plans": [{"Node Type": "Bitmap Heap Scan", "Parent Relationship": "Outer", "Relation Name": "orders", "Alias": "orders", "Startup Cost": 14564.7, "Total Cost": 299524.85, "Plan Rows": 569410, "Plan Width": 24, "Recheck Cond": "((o_orderdate >= '1995-01-01 00:00:00'::timestamp(0) without time zone) AND (o_orderdate < '1995-04-01 00:00:00'::timestamp without time zone)), (LLVM Optimized)", "Plans": [{"Node Type": "Bitmap Index Scan", "Parent Relationship": "Outer", "Index Name": "idx_orders_orderdate", "Startup Cost": 0.0, "Total Cost": 14422.35, "Plan Rows": 569410, "Plan Width": 0, "Index Cond": "((o_orderdate >= '1995-01-01 00:00:00'::timestamp(0) without time zone) AND (o_orderdate < '1995-04-01 00:00:00'::timestamp without time zone))"}]}, {"Node Type": "Bitmap Heap Scan", "Parent Relationship": "Inner", "Relation Name": "lineitem", "Alias": "lineitem", "Startup Cost": 1.94, "Total Cost": 14.06, "Plan Rows": 3, "Plan Width": 8, "Recheck Cond": "(l_orderkey = orders.o_orderkey)", "Filter": "(l_commitdate < l_receiptdate)", "Plans": [{"Node Type": "Bitmap Index Scan", "Parent Relationship": "Outer", "Index Name": "idx_lineitem_orderkey", "Startup Cost": 0.0, "Total Cost": 1.94, "Plan Rows": 9, "Plan Width": 0, "Index Cond": "(l_orderkey = orders.o_orderkey)"}]}]}]}]}, "Unique SQL Id": 3745551476, "Planner Runtime": 0}, "explain_analyze_plan": {"Plan": {"Node Type": "Sort", "Startup Cost": 2781642.36, "Total Cost": 2781642.36, "Plan Rows": 1, "Plan Width": 24, "Actual Startup Time": 6948.197, "Actual Total Time": 6948.197, "Actual Rows": 5, "Actual Loops": 1, "Sort Key": ["orders.o_orderpriority"], "Sort Method": "quicksort", "Sort Space Used": 25, "Sort Space Type": "Memory", "Plans": [{"Node Type": "Aggregate", "Strategy": "Hashed", "Parent Relationship": "Outer", "Startup Cost": 2781642.34, "Total Cost": 2781642.35, "Plan Rows": 1, "Plan Width": 24, "Actual Startup Time": 6948.154, "Actual Total Time": 6948.156, "Actual Rows": 5, "Actual Loops": 1, "Group By Key": ["orders.o_orderpriority"], "Plans": [{"Node Type": "Nested Loop", "Parent Relationship": "Outer", "Join Type": "Semi", "Startup Cost": 14566.65, "Total Cost": 2778795.29, "Plan Rows": 569410, "Plan Width": 16, "Actual Startup Time": 242.485, "Actual Total Time": 6627.026, "Actual Rows": 515106, "Actual Loops": 1, "Inner Unique": false, "Plans": [{"Node Type": "Bitmap Heap Scan", "Parent Relationship": "Outer", "Relation Name": "orders", "Alias": "orders", "Startup Cost": 14564.7, "Total Cost": 299524.85, "Plan Rows": 569410, "Plan Width": 24, "Actual Startup Time": 242.383, "Actual Total Time": 1045.457, "Actual Rows": 561612, "Actual Loops": 1, "Recheck Cond": "((o_orderdate >= '1995-01-01 00:00:00'::timestamp(0) without time zone) AND (o_orderdate < '1995-04-01 00:00:00'::timestamp without time zone)), (LLVM Optimized, Jit Execute)", "Rows Removed by Index Recheck": 0, "Exact Heap Blocks": 241676, "Lossy Heap Blocks": 241676, "Plans": [{"Node Type": "Bitmap Index Scan", "Parent Relationship": "Outer", "Index Name": "idx_orders_orderdate", "Startup Cost": 0.0, "Total Cost": 14422.35, "Plan Rows": 569410, "Plan Width": 0, "Actual Startup Time": 166.951, "Actual Total Time": 166.951, "Actual Rows": 561612, "Actual Loops": 1, "Index Cond": "((o_orderdate >= '1995-01-01 00:00:00'::timestamp(0) without time zone) AND (o_orderdate < '1995-04-01 00:00:00'::timestamp without time zone))"}]}, {"Node Type": "Bitmap Heap Scan", "Parent Relationship": "Inner", "Relation Name": "lineitem", "Alias": "lineitem", "Startup Cost": 1.94, "Total Cost": 14.06, "Plan Rows": 3, "Plan Width": 8, "Actual Startup Time": 4824.463, "Actual Total Time": 4824.463, "Actual Rows": 515106, "Actual Loops": 561612, "Recheck Cond": "(l_orderkey = orders.o_orderkey)", "Rows Removed by Index Recheck": 0, "Filter": "(l_commitdate < l_receiptdate)", "Rows Removed by Filter": 299676, "Exact Heap Blocks": 567798, "Lossy Heap Blocks": 567798, "Plans": [{"Node Type": "Bitmap Index Scan", "Parent Relationship": "Outer", "Index Name": "idx_lineitem_orderkey", "Startup Cost": 0.0, "Total Cost": 1.94, "Plan Rows": 9, "Plan Width": 0, "Actual Startup Time": 2446.908, "Actual Total Time": 2446.908, "Actual Rows": 2246588, "Actual Loops": 561612, "Index Cond": "(l_orderkey = orders.o_orderkey)"}]}]}]}]}, "Triggers": [], "Planner Runtime": 0, "Total Runtime": 6961.186, "Unique SQL Id": 3745551476}}, "(64, 100)": {"explain_plan": {"Plan": {"Node Type": "Sort", "Startup Cost": 277414.2, "Total Cost": 277414.2, "Plan Rows": 1, "Plan Width": 24, "Sort Key": ["orders.o_orderpriority"], "Plans": [{"Node Type": "Aggregate", "Strategy": "Hashed", "Parent Relationship": "Outer", "Startup Cost": 277414.18, "Total Cost": 277414.19, "Plan Rows": 1, "Plan Width": 24, "Group By Key": ["orders.o_orderpriority"], "Plans": [{"Node Type": "Hash Join", "Parent Relationship": "Outer", "Join Type": "Inner", "Startup Cost": 238591.84, "Total Cost": 274567.13, "Plan Rows": 569410, "Plan Width": 16, "Inner Unique": true, "Hash Cond": "(lineitem.l_orderkey = orders.o_orderkey), (LLVM Optimized)", "Plans": [{"Node Type": "Aggregate", "Strategy": "Hashed", "Parent Relationship": "Outer", "Startup Cost": 148892.81, "Total Cost": 170915.49, "Plan Rows": 2202268, "Plan Width": 8, "Group By Key": ["lineitem.l_orderkey"], "Plans": [{"Node Type": "Streaming(type: LOCAL GATHER dop: 1/64)", "Parent Relationship": "Outer", "Startup Cost": 97610.5, "Total Cost": 143387.14, "Plan Rows": 2202268, "Plan Width": 8, "Plans": [{"Node Type": "Aggregate", "Strategy": "Hashed", "Parent Relationship": "Outer", "Startup Cost": 97610.5, "Total Cost": 97954.61, "Plan Rows": 2202268, "Plan Width": 8, "Group By Key": ["lineitem.l_orderkey"], "Plans": [{"Node Type": "Seq Scan", "Parent Relationship": "Outer", "Relation Name": "lineitem", "Alias": "lineitem", "Startup Cost": 0.0, "Total Cost": 96829.42, "Plan Rows": 19995678, "Plan Width": 8, "Filter": "(l_commitdate < l_receiptdate), (LLVM Optimized)"}]}]}]}, {"Node Type": "Hash", "Parent Relationship": "Inner", "Startup Cost": 82581.41, "Total Cost": 82581.41, "Plan Rows": 569410, "Plan Width": 24, "Plans": [{"Node Type": "Streaming(type: LOCAL GATHER dop: 1/64)", "Parent Relationship": "Outer", "Startup Cost": 57.33, "Total Cost": 82581.41, "Plan Rows": 569410, "Plan Width": 24, "Plans": [{"Node Type": "Seq Scan", "Parent Relationship": "Outer", "Relation Name": "orders", "Alias": "orders", "Startup Cost": 57.33, "Total Cost": 70834.55, "Plan Rows": 569410, "Plan Width": 24, "Filter": "((o_orderdate >= '1995-01-01 00:00:00'::timestamp(0) without time zone) AND (o_orderdate < '1995-04-01 00:00:00'::timestamp without time zone)), (LLVM Optimized)"}]}]}]}]}]}, "Unique SQL Id": 3745551476, "Planner Runtime": 0}, "explain_analyze_plan": {"Plan": {"Node Type": "Sort", "Startup Cost": 277414.2, "Total Cost": 277414.2, "Plan Rows": 1, "Plan Width": 24, "Actual Min Startup Time": 23766.987, "Actual Max Startup Time": 23766.987, "Actual Min Total Time": 23766.987, "Actual Max Total Time": 23766.987, "Sort Key": ["orders.o_orderpriority"], "Sort Method": "quicksort", "Sort Space Min Used": 25, "Sort Space Max Used": 25, "Sort Space Type": "Memory", "Plans": [{"Node Type": "Aggregate", "Strategy": "Hashed", "Parent Relationship": "Outer", "Startup Cost": 277414.18, "Total Cost": 277414.19, "Plan Rows": 1, "Plan Width": 24, "Actual Min Startup Time": 23766.921, "Actual Max Startup Time": 23766.921, "Actual Min Total Time": 23766.922, "Actual Max Total Time": 23766.922, "Group By Key": ["orders.o_orderpriority"], "Plans": [{"Node Type": "Hash Join", "Parent Relationship": "Outer", "Join Type": "Inner", "Startup Cost": 238591.84, "Total Cost": 274567.13, "Plan Rows": 569410, "Plan Width": 16, "Actual Min Startup Time": 14735.43, "Actual Max Startup Time": 14735.43, "Actual Min Total Time": 23551.885, "Actual Max Total Time": 23551.885, "Inner Unique": true, "Hash Cond": "(lineitem.l_orderkey = orders.o_orderkey), (LLVM Optimized, Jit Execute)", "Plans": [{"Node Type": "Aggregate", "Strategy": "Hashed", "Parent Relationship": "Outer", "Startup Cost": 148892.81, "Total Cost": 170915.49, "Plan Rows": 2202268, "Plan Width": 8, "Actual Min Startup Time": 14035.349, "Actual Max Startup Time": 14035.349, "Actual Min Total Time": 19818.083, "Actual Max Total Time": 19818.083, "Group By Key": ["lineitem.l_orderkey"], "Plans": [{"Node Type": "Streaming(type: LOCAL GATHER dop: 1/64)", "Parent Relationship": "Outer", "Startup Cost": 97610.5, "Total Cost": 143387.14, "Plan Rows": 2202268, "Plan Width": 8, "Actual Min Startup Time": 229.695, "Actual Max Startup Time": 229.695, "Actual Min Total Time": 5832.858, "Actual Max Total Time": 5832.858, "Plans": [{"Node Type": "Aggregate", "Strategy": "Hashed", "Parent Relationship": "Outer", "Startup Cost": 97610.5, "Total Cost": 97954.61, "Plan Rows": 2202268, "Plan Width": 8, "Actual Min Startup Time": 747.715, "Actual Max Startup Time": 860.278, "Actual Min Total Time": 818.769, "Actual Max Total Time": 988.082, "Group By Key": ["lineitem.l_orderkey"], "Plans": [{"Node Type": "Seq Scan", "Parent Relationship": "Outer", "Relation Name": "lineitem", "Alias": "lineitem", "Startup Cost": 0.0, "Total Cost": 96829.42, "Plan Rows": 19995678, "Plan Width": 8, "Actual Min Startup Time": 0.021, "Actual Max Startup Time": 0.04, "Actual Min Total Time": 492.564, "Actual Max Total Time": 522.811, "Filter": "(l_commitdate < l_receiptdate), (LLVM Optimized, Jit Execute)", "Rows Removed by Filter": 22056704, "Actual Rows": 37929348}], "Actual Rows": 13761080}], "Actual Rows": 13761080}], "Actual Rows": 13753474}, {"Node Type": "Hash", "Parent Relationship": "Inner", "Startup Cost": 82581.41, "Total Cost": 82581.41, "Plan Rows": 569410, "Plan Width": 24, "Actual Min Startup Time": 699.305, "Actual Max Startup Time": 699.305, "Actual Min Total Time": 699.305, "Actual Max Total Time": 699.305, "Max Hash Buckets": 1048576, "Min Hash Buckets": 1048576, "Max Hash Batches": 1, "Min Hash Batches": 1, "Max Original Hash Batches": 1, "Min Original Hash Batches": 1, "Max Peak Memory Usage": 30714, "min Peak Memory Usage": 30714, "Plans": [{"Node Type": "Streaming(type: LOCAL GATHER dop: 1/64)", "Parent Relationship": "Outer", "Startup Cost": 57.33, "Total Cost": 82581.41, "Plan Rows": 569410, "Plan Width": 24, "Actual Min Startup Time": 101.787, "Actual Max Startup Time": 101.787, "Actual Min Total Time": 451.33, "Actual Max Total Time": 451.33, "Plans": [{"Node Type": "Seq Scan", "Parent Relationship": "Outer", "Relation Name": "orders", "Alias": "orders", "Startup Cost": 57.33, "Total Cost": 70834.55, "Plan Rows": 569410, "Plan Width": 24, "Actual Min Startup Time": 0.03, "Actual Max Startup Time": 0.359, "Actual Min Total Time": 101.01, "Actual Max Total Time": 138.203, "Filter": "((o_orderdate >= '1995-01-01 00:00:00'::timestamp(0) without time zone) AND (o_orderdate < '1995-04-01 00:00:00'::timestamp without time zone)), (LLVM Optimized, Jit Execute)", "Rows Removed by Filter": 14438388, "Actual Rows": 561612}], "Actual Rows": 561612}], "Actual Rows": 561612}], "Actual Rows": 515106}], "Actual Rows": 5}], "Actual Rows": 5}, "Triggers": [], "Planner Runtime": 0, "Total Runtime": 23798.493, "Unique SQL Id": 3745551476}}, "(64, 101)": {"explain_plan": {"Plan": {"Node Type": "Sort", "Startup Cost": 916688.59, "Total Cost": 916688.6, "Plan Rows": 1, "Plan Width": 24, "Sort Key": ["orders.o_orderpriority"], "Plans": [{"Node Type": "Aggregate", "Strategy": "Hashed", "Parent Relationship": "Outer", "Startup Cost": 916688.57, "Total Cost": 916688.58, "Plan Rows": 1, "Plan Width": 24, "Group By Key": ["orders.o_orderpriority"], "Plans": [{"Node Type": "Nested Loop", "Parent Relationship": "Outer", "Join Type": "Semi", "Startup Cost": 14564.7, "Total Cost": 913841.52, "Plan Rows": 569410, "Plan Width": 16, "Inner Unique": false, "Plans": [{"Node Type": "Bitmap Heap Scan", "Parent Relationship": "Outer", "Relation Name": "orders", "Alias": "orders", "Startup Cost": 14564.7, "Total Cost": 299524.85, "Plan Rows": 569410, "Plan Width": 24, "Recheck Cond": "((o_orderdate >= '1995-01-01 00:00:00'::timestamp(0) without time zone) AND (o_orderdate < '1995-04-01 00:00:00'::timestamp without time zone)), (LLVM Optimized)", "Plans": [{"Node Type": "Bitmap Index Scan", "Parent Relationship": "Outer", "Index Name": "idx_orders_orderdate", "Startup Cost": 0.0, "Total Cost": 14422.35, "Plan Rows": 569410, "Plan Width": 0, "Index Cond": "((o_orderdate >= '1995-01-01 00:00:00'::timestamp(0) without time zone) AND (o_orderdate < '1995-04-01 00:00:00'::timestamp without time zone))"}]}, {"Node Type": "Index Scan", "Parent Relationship": "Inner", "Scan Direction": "Forward", "Index Name": "idx_lineitem_orderkey", "Relation Name": "lineitem", "Alias": "lineitem", "Startup Cost": 0.0, "Total Cost": 5.41, "Plan Rows": 3, "Plan Width": 8, "Index Cond": "(l_orderkey = orders.o_orderkey)", "Filter": "(l_commitdate < l_receiptdate)"}]}]}]}, "Unique SQL Id": 3745551476, "Planner Runtime": 0}, "explain_analyze_plan": {"Plan": {"Node Type": "Sort", "Startup Cost": 916688.59, "Total Cost": 916688.6, "Plan Rows": 1, "Plan Width": 24, "Actual Startup Time": 5282.088, "Actual Total Time": 5282.088, "Actual Rows": 5, "Actual Loops": 1, "Sort Key": ["orders.o_orderpriority"], "Sort Method": "quicksort", "Sort Space Used": 25, "Sort Space Type": "Memory", "Plans": [{"Node Type": "Aggregate", "Strategy": "Hashed", "Parent Relationship": "Outer", "Startup Cost": 916688.57, "Total Cost": 916688.58, "Plan Rows": 1, "Plan Width": 24, "Actual Startup Time": 5282.022, "Actual Total Time": 5282.024, "Actual Rows": 5, "Actual Loops": 1, "Group By Key": ["orders.o_orderpriority"], "Plans": [{"Node Type": "Nested Loop", "Parent Relationship": "Outer", "Join Type": "Semi", "Startup Cost": 14564.7, "Total Cost": 913841.52, "Plan Rows": 569410, "Plan Width": 16, "Actual Startup Time": 248.585, "Actual Total Time": 5001.846, "Actual Rows": 515106, "Actual Loops": 1, "Inner Unique": false, "Plans": [{"Node Type": "Bitmap Heap Scan", "Parent Relationship": "Outer", "Relation Name": "orders", "Alias": "orders", "Startup Cost": 14564.7, "Total Cost": 299524.85, "Plan Rows": 569410, "Plan Width": 24, "Actual Startup Time": 248.504, "Actual Total Time": 1075.41, "Actual Rows": 561612, "Actual Loops": 1, "Recheck Cond": "((o_orderdate >= '1995-01-01 00:00:00'::timestamp(0) without time zone) AND (o_orderdate < '1995-04-01 00:00:00'::timestamp without time zone)), (LLVM Optimized, Jit Execute)", "Rows Removed by Index Recheck": 0, "Exact Heap Blocks": 241676, "Lossy Heap Blocks": 241676, "Plans": [{"Node Type": "Bitmap Index Scan", "Parent Relationship": "Outer", "Index Name": "idx_orders_orderdate", "Startup Cost": 0.0, "Total Cost": 14422.35, "Plan Rows": 569410, "Plan Width": 0, "Actual Startup Time": 173.471, "Actual Total Time": 173.471, "Actual Rows": 561612, "Actual Loops": 1, "Index Cond": "((o_orderdate >= '1995-01-01 00:00:00'::timestamp(0) without time zone) AND (o_orderdate < '1995-04-01 00:00:00'::timestamp without time zone))"}]}, {"Node Type": "Index Scan", "Parent Relationship": "Inner", "Scan Direction": "Forward", "Index Name": "idx_lineitem_orderkey", "Relation Name": "lineitem", "Alias": "lineitem", "Startup Cost": 0.0, "Total Cost": 5.41, "Plan Rows": 3, "Plan Width": 8, "Actual Startup Time": 3512.894, "Actual Total Time": 3512.894, "Actual Rows": 515106, "Actual Loops": 561612, "Index Cond": "(l_orderkey = orders.o_orderkey)", "Rows Removed by Index Recheck": 0, "Filter": "(l_commitdate < l_receiptdate)", "Rows Removed by Filter": 299676}]}]}]}, "Triggers": [], "Planner Runtime": 0, "Total Runtime": 5291.829, "Unique SQL Id": 3745551476}}, "(64, 102)": {"explain_plan": {"Plan": {"Node Type": "Sort", "Startup Cost": 277414.2, "Total Cost": 277414.2, "Plan Rows": 1, "Plan Width": 24, "Sort Key": ["orders.o_orderpriority"], "Plans": [{"Node Type": "Aggregate", "Strategy": "Hashed", "Parent Relationship": "Outer", "Startup Cost": 277414.18, "Total Cost": 277414.19, "Plan Rows": 1, "Plan Width": 24, "Group By Key": ["orders.o_orderpriority"], "Plans": [{"Node Type": "Hash Join", "Parent Relationship": "Outer", "Join Type": "Inner", "Startup Cost": 238591.84, "Total Cost": 274567.13, "Plan Rows": 569410, "Plan Width": 16, "Inner Unique": true, "Hash Cond": "(lineitem.l_orderkey = orders.o_orderkey), (LLVM Optimized)", "Plans": [{"Node Type": "Aggregate", "Strategy": "Hashed", "Parent Relationship": "Outer", "Startup Cost": 148892.81, "Total Cost": 170915.49, "Plan Rows": 2202268, "Plan Width": 8, "Group By Key": ["lineitem.l_orderkey"], "Plans": [{"Node Type": "Streaming(type: LOCAL GATHER dop: 1/64)", "Parent Relationship": "Outer", "Startup Cost": 97610.5, "Total Cost": 143387.14, "Plan Rows": 2202268, "Plan Width": 8, "Plans": [{"Node Type": "Aggregate", "Strategy": "Hashed", "Parent Relationship": "Outer", "Startup Cost": 97610.5, "Total Cost": 97954.61, "Plan Rows": 2202268, "Plan Width": 8, "Group By Key": ["lineitem.l_orderkey"], "Plans": [{"Node Type": "Seq Scan", "Parent Relationship": "Outer", "Relation Name": "lineitem", "Alias": "lineitem", "Startup Cost": 0.0, "Total Cost": 96829.42, "Plan Rows": 19995678, "Plan Width": 8, "Filter": "(l_commitdate < l_receiptdate), (LLVM Optimized)"}]}]}]}, {"Node Type": "Hash", "Parent Relationship": "Inner", "Startup Cost": 82581.41, "Total Cost": 82581.41, "Plan Rows": 569410, "Plan Width": 24, "Plans": [{"Node Type": "Streaming(type: LOCAL GATHER dop: 1/64)", "Parent Relationship": "Outer", "Startup Cost": 57.33, "Total Cost": 82581.41, "Plan Rows": 569410, "Plan Width": 24, "Plans": [{"Node Type": "Seq Scan", "Parent Relationship": "Outer", "Relation Name": "orders", "Alias": "orders", "Startup Cost": 57.33, "Total Cost": 70834.55, "Plan Rows": 569410, "Plan Width": 24, "Filter": "((o_orderdate >= '1995-01-01 00:00:00'::timestamp(0) without time zone) AND (o_orderdate < '1995-04-01 00:00:00'::timestamp without time zone)), (LLVM Optimized)"}]}]}]}]}]}, "Unique SQL Id": 3745551476, "Planner Runtime": 0}, "explain_analyze_plan": {"Plan": {"Node Type": "Sort", "Startup Cost": 277414.2, "Total Cost": 277414.2, "Plan Rows": 1, "Plan Width": 24, "Actual Min Startup Time": 23766.987, "Actual Max Startup Time": 23766.987, "Actual Min Total Time": 23766.987, "Actual Max Total Time": 23766.987, "Sort Key": ["orders.o_orderpriority"], "Sort Method": "quicksort", "Sort Space Min Used": 25, "Sort Space Max Used": 25, "Sort Space Type": "Memory", "Plans": [{"Node Type": "Aggregate", "Strategy": "Hashed", "Parent Relationship": "Outer", "Startup Cost": 277414.18, "Total Cost": 277414.19, "Plan Rows": 1, "Plan Width": 24, "Actual Min Startup Time": 23766.921, "Actual Max Startup Time": 23766.921, "Actual Min Total Time": 23766.922, "Actual Max Total Time": 23766.922, "Group By Key": ["orders.o_orderpriority"], "Plans": [{"Node Type": "Hash Join", "Parent Relationship": "Outer", "Join Type": "Inner", "Startup Cost": 238591.84, "Total Cost": 274567.13, "Plan Rows": 569410, "Plan Width": 16, "Actual Min Startup Time": 14735.43, "Actual Max Startup Time": 14735.43, "Actual Min Total Time": 23551.885, "Actual Max Total Time": 23551.885, "Inner Unique": true, "Hash Cond": "(lineitem.l_orderkey = orders.o_orderkey), (LLVM Optimized, Jit Execute)", "Plans": [{"Node Type": "Aggregate", "Strategy": "Hashed", "Parent Relationship": "Outer", "Startup Cost": 148892.81, "Total Cost": 170915.49, "Plan Rows": 2202268, "Plan Width": 8, "Actual Min Startup Time": 14035.349, "Actual Max Startup Time": 14035.349, "Actual Min Total Time": 19818.083, "Actual Max Total Time": 19818.083, "Group By Key": ["lineitem.l_orderkey"], "Plans": [{"Node Type": "Streaming(type: LOCAL GATHER dop: 1/64)", "Parent Relationship": "Outer", "Startup Cost": 97610.5, "Total Cost": 143387.14, "Plan Rows": 2202268, "Plan Width": 8, "Actual Min Startup Time": 229.695, "Actual Max Startup Time": 229.695, "Actual Min Total Time": 5832.858, "Actual Max Total Time": 5832.858, "Plans": [{"Node Type": "Aggregate", "Strategy": "Hashed", "Parent Relationship": "Outer", "Startup Cost": 97610.5, "Total Cost": 97954.61, "Plan Rows": 2202268, "Plan Width": 8, "Actual Min Startup Time": 747.715, "Actual Max Startup Time": 860.278, "Actual Min Total Time": 818.769, "Actual Max Total Time": 988.082, "Group By Key": ["lineitem.l_orderkey"], "Plans": [{"Node Type": "Seq Scan", "Parent Relationship": "Outer", "Relation Name": "lineitem", "Alias": "lineitem", "Startup Cost": 0.0, "Total Cost": 96829.42, "Plan Rows": 19995678, "Plan Width": 8, "Actual Min Startup Time": 0.021, "Actual Max Startup Time": 0.04, "Actual Min Total Time": 492.564, "Actual Max Total Time": 522.811, "Filter": "(l_commitdate < l_receiptdate), (LLVM Optimized, Jit Execute)", "Rows Removed by Filter": 22056704, "Actual Rows": 37929348}], "Actual Rows": 13761080}], "Actual Rows": 13761080}], "Actual Rows": 13753474}, {"Node Type": "Hash", "Parent Relationship": "Inner", "Startup Cost": 82581.41, "Total Cost": 82581.41, "Plan Rows": 569410, "Plan Width": 24, "Actual Min Startup Time": 699.305, "Actual Max Startup Time": 699.305, "Actual Min Total Time": 699.305, "Actual Max Total Time": 699.305, "Max Hash Buckets": 1048576, "Min Hash Buckets": 1048576, "Max Hash Batches": 1, "Min Hash Batches": 1, "Max Original Hash Batches": 1, "Min Original Hash Batches": 1, "Max Peak Memory Usage": 30714, "min Peak Memory Usage": 30714, "Plans": [{"Node Type": "Streaming(type: LOCAL GATHER dop: 1/64)", "Parent Relationship": "Outer", "Startup Cost": 57.33, "Total Cost": 82581.41, "Plan Rows": 569410, "Plan Width": 24, "Actual Min Startup Time": 101.787, "Actual Max Startup Time": 101.787, "Actual Min Total Time": 451.33, "Actual Max Total Time": 451.33, "Plans": [{"Node Type": "Seq Scan", "Parent Relationship": "Outer", "Relation Name": "orders", "Alias": "orders", "Startup Cost": 57.33, "Total Cost": 70834.55, "Plan Rows": 569410, "Plan Width": 24, "Actual Min Startup Time": 0.03, "Actual Max Startup Time": 0.359, "Actual Min Total Time": 101.01, "Actual Max Total Time": 138.203, "Filter": "((o_orderdate >= '1995-01-01 00:00:00'::timestamp(0) without time zone) AND (o_orderdate < '1995-04-01 00:00:00'::timestamp without time zone)), (LLVM Optimized, Jit Execute)", "Rows Removed by Filter": 14438388, "Actual Rows": 561612}], "Actual Rows": 561612}], "Actual Rows": 561612}], "Actual Rows": 515106}], "Actual Rows": 5}], "Actual Rows": 5}, "Triggers": [], "Planner Runtime": 0, "Total Runtime": 23798.493, "Unique SQL Id": 3745551476}}, "(64, 103)": {"explain_plan": {"Plan": {"Node Type": "Sort", "Startup Cost": 2781642.36, "Total Cost": 2781642.36, "Plan Rows": 1, "Plan Width": 24, "Sort Key": ["orders.o_orderpriority"], "Plans": [{"Node Type": "Aggregate", "Strategy": "Hashed", "Parent Relationship": "Outer", "Startup Cost": 2781642.34, "Total Cost": 2781642.35, "Plan Rows": 1, "Plan Width": 24, "Group By Key": ["orders.o_orderpriority"], "Plans": [{"Node Type": "Nested Loop", "Parent Relationship": "Outer", "Join Type": "Semi", "Startup Cost": 14566.65, "Total Cost": 2778795.29, "Plan Rows": 569410, "Plan Width": 16, "Inner Unique": false, "Plans": [{"Node Type": "Bitmap Heap Scan", "Parent Relationship": "Outer", "Relation Name": "orders", "Alias": "orders", "Startup Cost": 14564.7, "Total Cost": 299524.85, "Plan Rows": 569410, "Plan Width": 24, "Recheck Cond": "((o_orderdate >= '1995-01-01 00:00:00'::timestamp(0) without time zone) AND (o_orderdate < '1995-04-01 00:00:00'::timestamp without time zone)), (LLVM Optimized)", "Plans": [{"Node Type": "Bitmap Index Scan", "Parent Relationship": "Outer", "Index Name": "idx_orders_orderdate", "Startup Cost": 0.0, "Total Cost": 14422.35, "Plan Rows": 569410, "Plan Width": 0, "Index Cond": "((o_orderdate >= '1995-01-01 00:00:00'::timestamp(0) without time zone) AND (o_orderdate < '1995-04-01 00:00:00'::timestamp without time zone))"}]}, {"Node Type": "Bitmap Heap Scan", "Parent Relationship": "Inner", "Relation Name": "lineitem", "Alias": "lineitem", "Startup Cost": 1.94, "Total Cost": 14.06, "Plan Rows": 3, "Plan Width": 8, "Recheck Cond": "(l_orderkey = orders.o_orderkey)", "Filter": "(l_commitdate < l_receiptdate)", "Plans": [{"Node Type": "Bitmap Index Scan", "Parent Relationship": "Outer", "Index Name": "idx_lineitem_orderkey", "Startup Cost": 0.0, "Total Cost": 1.94, "Plan Rows": 9, "Plan Width": 0, "Index Cond": "(l_orderkey = orders.o_orderkey)"}]}]}]}]}, "Unique SQL Id": 3745551476, "Planner Runtime": 0}, "explain_analyze_plan": {"Plan": {"Node Type": "Sort", "Startup Cost": 2781642.36, "Total Cost": 2781642.36, "Plan Rows": 1, "Plan Width": 24, "Actual Startup Time": 6948.197, "Actual Total Time": 6948.197, "Actual Rows": 5, "Actual Loops": 1, "Sort Key": ["orders.o_orderpriority"], "Sort Method": "quicksort", "Sort Space Used": 25, "Sort Space Type": "Memory", "Plans": [{"Node Type": "Aggregate", "Strategy": "Hashed", "Parent Relationship": "Outer", "Startup Cost": 2781642.34, "Total Cost": 2781642.35, "Plan Rows": 1, "Plan Width": 24, "Actual Startup Time": 6948.154, "Actual Total Time": 6948.156, "Actual Rows": 5, "Actual Loops": 1, "Group By Key": ["orders.o_orderpriority"], "Plans": [{"Node Type": "Nested Loop", "Parent Relationship": "Outer", "Join Type": "Semi", "Startup Cost": 14566.65, "Total Cost": 2778795.29, "Plan Rows": 569410, "Plan Width": 16, "Actual Startup Time": 242.485, "Actual Total Time": 6627.026, "Actual Rows": 515106, "Actual Loops": 1, "Inner Unique": false, "Plans": [{"Node Type": "Bitmap Heap Scan", "Parent Relationship": "Outer", "Relation Name": "orders", "Alias": "orders", "Startup Cost": 14564.7, "Total Cost": 299524.85, "Plan Rows": 569410, "Plan Width": 24, "Actual Startup Time": 242.383, "Actual Total Time": 1045.457, "Actual Rows": 561612, "Actual Loops": 1, "Recheck Cond": "((o_orderdate >= '1995-01-01 00:00:00'::timestamp(0) without time zone) AND (o_orderdate < '1995-04-01 00:00:00'::timestamp without time zone)), (LLVM Optimized, Jit Execute)", "Rows Removed by Index Recheck": 0, "Exact Heap Blocks": 241676, "Lossy Heap Blocks": 241676, "Plans": [{"Node Type": "Bitmap Index Scan", "Parent Relationship": "Outer", "Index Name": "idx_orders_orderdate", "Startup Cost": 0.0, "Total Cost": 14422.35, "Plan Rows": 569410, "Plan Width": 0, "Actual Startup Time": 166.951, "Actual Total Time": 166.951, "Actual Rows": 561612, "Actual Loops": 1, "Index Cond": "((o_orderdate >= '1995-01-01 00:00:00'::timestamp(0) without time zone) AND (o_orderdate < '1995-04-01 00:00:00'::timestamp without time zone))"}]}, {"Node Type": "Bitmap Heap Scan", "Parent Relationship": "Inner", "Relation Name": "lineitem", "Alias": "lineitem", "Startup Cost": 1.94, "Total Cost": 14.06, "Plan Rows": 3, "Plan Width": 8, "Actual Startup Time": 4824.463, "Actual Total Time": 4824.463, "Actual Rows": 515106, "Actual Loops": 561612, "Recheck Cond": "(l_orderkey = orders.o_orderkey)", "Rows Removed by Index Recheck": 0, "Filter": "(l_commitdate < l_receiptdate)", "Rows Removed by Filter": 299676, "Exact Heap Blocks": 567798, "Lossy Heap Blocks": 567798, "Plans": [{"Node Type": "Bitmap Index Scan", "Parent Relationship": "Outer", "Index Name": "idx_lineitem_orderkey", "Startup Cost": 0.0, "Total Cost": 1.94, "Plan Rows": 9, "Plan Width": 0, "Actual Startup Time": 2446.908, "Actual Total Time": 2446.908, "Actual Rows": 2246588, "Actual Loops": 561612, "Index Cond": "(l_orderkey = orders.o_orderkey)"}]}]}]}]}, "Triggers": [], "Planner Runtime": 0, "Total Runtime": 6961.186, "Unique SQL Id": 3745551476}}, "(64, 104)": {"explain_plan": {"Plan": {"Node Type": "Sort", "Startup Cost": 277414.2, "Total Cost": 277414.2, "Plan Rows": 1, "Plan Width": 24, "Sort Key": ["orders.o_orderpriority"], "Plans": [{"Node Type": "Aggregate", "Strategy": "Hashed", "Parent Relationship": "Outer", "Startup Cost": 277414.18, "Total Cost": 277414.19, "Plan Rows": 1, "Plan Width": 24, "Group By Key": ["orders.o_orderpriority"], "Plans": [{"Node Type": "Hash Join", "Parent Relationship": "Outer", "Join Type": "Inner", "Startup Cost": 238591.84, "Total Cost": 274567.13, "Plan Rows": 569410, "Plan Width": 16, "Inner Unique": true, "Hash Cond": "(lineitem.l_orderkey = orders.o_orderkey), (LLVM Optimized)", "Plans": [{"Node Type": "Aggregate", "Strategy": "Hashed", "Parent Relationship": "Outer", "Startup Cost": 148892.81, "Total Cost": 170915.49, "Plan Rows": 2202268, "Plan Width": 8, "Group By Key": ["lineitem.l_orderkey"], "Plans": [{"Node Type": "Streaming(type: LOCAL GATHER dop: 1/64)", "Parent Relationship": "Outer", "Startup Cost": 97610.5, "Total Cost": 143387.14, "Plan Rows": 2202268, "Plan Width": 8, "Plans": [{"Node Type": "Aggregate", "Strategy": "Hashed", "Parent Relationship": "Outer", "Startup Cost": 97610.5, "Total Cost": 97954.61, "Plan Rows": 2202268, "Plan Width": 8, "Group By Key": ["lineitem.l_orderkey"], "Plans": [{"Node Type": "Seq Scan", "Parent Relationship": "Outer", "Relation Name": "lineitem", "Alias": "lineitem", "Startup Cost": 0.0, "Total Cost": 96829.42, "Plan Rows": 19995678, "Plan Width": 8, "Filter": "(l_commitdate < l_receiptdate), (LLVM Optimized)"}]}]}]}, {"Node Type": "Hash", "Parent Relationship": "Inner", "Startup Cost": 82581.41, "Total Cost": 82581.41, "Plan Rows": 569410, "Plan Width": 24, "Plans": [{"Node Type": "Streaming(type: LOCAL GATHER dop: 1/64)", "Parent Relationship": "Outer", "Startup Cost": 57.33, "Total Cost": 82581.41, "Plan Rows": 569410, "Plan Width": 24, "Plans": [{"Node Type": "Seq Scan", "Parent Relationship": "Outer", "Relation Name": "orders", "Alias": "orders", "Startup Cost": 57.33, "Total Cost": 70834.55, "Plan Rows": 569410, "Plan Width": 24, "Filter": "((o_orderdate >= '1995-01-01 00:00:00'::timestamp(0) without time zone) AND (o_orderdate < '1995-04-01 00:00:00'::timestamp without time zone)), (LLVM Optimized)"}]}]}]}]}]}, "Unique SQL Id": 3745551476, "Planner Runtime": 0}, "explain_analyze_plan": {"Plan": {"Node Type": "Sort", "Startup Cost": 277414.2, "Total Cost": 277414.2, "Plan Rows": 1, "Plan Width": 24, "Actual Min Startup Time": 23766.987, "Actual Max Startup Time": 23766.987, "Actual Min Total Time": 23766.987, "Actual Max Total Time": 23766.987, "Sort Key": ["orders.o_orderpriority"], "Sort Method": "quicksort", "Sort Space Min Used": 25, "Sort Space Max Used": 25, "Sort Space Type": "Memory", "Plans": [{"Node Type": "Aggregate", "Strategy": "Hashed", "Parent Relationship": "Outer", "Startup Cost": 277414.18, "Total Cost": 277414.19, "Plan Rows": 1, "Plan Width": 24, "Actual Min Startup Time": 23766.921, "Actual Max Startup Time": 23766.921, "Actual Min Total Time": 23766.922, "Actual Max Total Time": 23766.922, "Group By Key": ["orders.o_orderpriority"], "Plans": [{"Node Type": "Hash Join", "Parent Relationship": "Outer", "Join Type": "Inner", "Startup Cost": 238591.84, "Total Cost": 274567.13, "Plan Rows": 569410, "Plan Width": 16, "Actual Min Startup Time": 14735.43, "Actual Max Startup Time": 14735.43, "Actual Min Total Time": 23551.885, "Actual Max Total Time": 23551.885, "Inner Unique": true, "Hash Cond": "(lineitem.l_orderkey = orders.o_orderkey), (LLVM Optimized, Jit Execute)", "Plans": [{"Node Type": "Aggregate", "Strategy": "Hashed", "Parent Relationship": "Outer", "Startup Cost": 148892.81, "Total Cost": 170915.49, "Plan Rows": 2202268, "Plan Width": 8, "Actual Min Startup Time": 14035.349, "Actual Max Startup Time": 14035.349, "Actual Min Total Time": 19818.083, "Actual Max Total Time": 19818.083, "Group By Key": ["lineitem.l_orderkey"], "Plans": [{"Node Type": "Streaming(type: LOCAL GATHER dop: 1/64)", "Parent Relationship": "Outer", "Startup Cost": 97610.5, "Total Cost": 143387.14, "Plan Rows": 2202268, "Plan Width": 8, "Actual Min Startup Time": 229.695, "Actual Max Startup Time": 229.695, "Actual Min Total Time": 5832.858, "Actual Max Total Time": 5832.858, "Plans": [{"Node Type": "Aggregate", "Strategy": "Hashed", "Parent Relationship": "Outer", "Startup Cost": 97610.5, "Total Cost": 97954.61, "Plan Rows": 2202268, "Plan Width": 8, "Actual Min Startup Time": 747.715, "Actual Max Startup Time": 860.278, "Actual Min Total Time": 818.769, "Actual Max Total Time": 988.082, "Group By Key": ["lineitem.l_orderkey"], "Plans": [{"Node Type": "Seq Scan", "Parent Relationship": "Outer", "Relation Name": "lineitem", "Alias": "lineitem", "Startup Cost": 0.0, "Total Cost": 96829.42, "Plan Rows": 19995678, "Plan Width": 8, "Actual Min Startup Time": 0.021, "Actual Max Startup Time": 0.04, "Actual Min Total Time": 492.564, "Actual Max Total Time": 522.811, "Filter": "(l_commitdate < l_receiptdate), (LLVM Optimized, Jit Execute)", "Rows Removed by Filter": 22056704, "Actual Rows": 37929348}], "Actual Rows": 13761080}], "Actual Rows": 13761080}], "Actual Rows": 13753474}, {"Node Type": "Hash", "Parent Relationship": "Inner", "Startup Cost": 82581.41, "Total Cost": 82581.41, "Plan Rows": 569410, "Plan Width": 24, "Actual Min Startup Time": 699.305, "Actual Max Startup Time": 699.305, "Actual Min Total Time": 699.305, "Actual Max Total Time": 699.305, "Max Hash Buckets": 1048576, "Min Hash Buckets": 1048576, "Max Hash Batches": 1, "Min Hash Batches": 1, "Max Original Hash Batches": 1, "Min Original Hash Batches": 1, "Max Peak Memory Usage": 30714, "min Peak Memory Usage": 30714, "Plans": [{"Node Type": "Streaming(type: LOCAL GATHER dop: 1/64)", "Parent Relationship": "Outer", "Startup Cost": 57.33, "Total Cost": 82581.41, "Plan Rows": 569410, "Plan Width": 24, "Actual Min Startup Time": 101.787, "Actual Max Startup Time": 101.787, "Actual Min Total Time": 451.33, "Actual Max Total Time": 451.33, "Plans": [{"Node Type": "Seq Scan", "Parent Relationship": "Outer", "Relation Name": "orders", "Alias": "orders", "Startup Cost": 57.33, "Total Cost": 70834.55, "Plan Rows": 569410, "Plan Width": 24, "Actual Min Startup Time": 0.03, "Actual Max Startup Time": 0.359, "Actual Min Total Time": 101.01, "Actual Max Total Time": 138.203, "Filter": "((o_orderdate >= '1995-01-01 00:00:00'::timestamp(0) without time zone) AND (o_orderdate < '1995-04-01 00:00:00'::timestamp without time zone)), (LLVM Optimized, Jit Execute)", "Rows Removed by Filter": 14438388, "Actual Rows": 561612}], "Actual Rows": 561612}], "Actual Rows": 561612}], "Actual Rows": 515106}], "Actual Rows": 5}], "Actual Rows": 5}, "Triggers": [], "Planner Runtime": 0, "Total Runtime": 23798.493, "Unique SQL Id": 3745551476}}, "(64, 105)": {"explain_plan": {"Plan": {"Node Type": "Sort", "Startup Cost": 1276409.75, "Total Cost": 1276409.75, "Plan Rows": 1, "Plan Width": 24, "Sort Key": ["orders.o_orderpriority"], "Plans": [{"Node Type": "Aggregate", "Strategy": "Hashed", "Parent Relationship": "Outer", "Startup Cost": 1276409.73, "Total Cost": 1276409.74, "Plan Rows": 1, "Plan Width": 24, "Group By Key": ["orders.o_orderpriority"], "Plans": [{"Node Type": "Nested Loop", "Parent Relationship": "Outer", "Join Type": "Semi", "Startup Cost": 0.0, "Total Cost": 1273562.68, "Plan Rows": 569410, "Plan Width": 16, "Inner Unique": false, "Plans": [{"Node Type": "Streaming(type: LOCAL GATHER dop: 1/64)", "Parent Relationship": "Outer", "Startup Cost": 0.0, "Total Cost": 659246.01, "Plan Rows": 569410, "Plan Width": 24, "Plans": [{"Node Type": "Index Scan", "Parent Relationship": "Outer", "Scan Direction": "Forward", "Index Name": "orders_pkey", "Relation Name": "orders", "Alias": "orders", "Startup Cost": 0.0, "Total Cost": 647499.15, "Plan Rows": 569410, "Plan Width": 24, "Filter": "((o_orderdate >= '1995-01-01 00:00:00'::timestamp(0) without time zone) AND (o_orderdate < '1995-04-01 00:00:00'::timestamp without time zone)), (LLVM Optimized)"}]}, {"Node Type": "Index Scan", "Parent Relationship": "Inner", "Scan Direction": "Forward", "Index Name": "idx_lineitem_orderkey", "Relation Name": "lineitem", "Alias": "lineitem", "Startup Cost": 0.0, "Total Cost": 5.41, "Plan Rows": 3, "Plan Width": 8, "Index Cond": "(l_orderkey = orders.o_orderkey)", "Filter": "(l_commitdate < l_receiptdate)"}]}]}]}, "Unique SQL Id": 3745551476, "Planner Runtime": 0}, "explain_analyze_plan": {"Plan": {"Node Type": "Sort", "Startup Cost": 1276409.75, "Total Cost": 1276409.75, "Plan Rows": 1, "Plan Width": 24, "Actual Min Startup Time": 5114.034, "Actual Max Startup Time": 5114.034, "Actual Min Total Time": 5114.035, "Actual Max Total Time": 5114.035, "Sort Key": ["orders.o_orderpriority"], "Sort Method": "quicksort", "Sort Space Min Used": 25, "Sort Space Max Used": 25, "Sort Space Type": "Memory", "Plans": [{"Node Type": "Aggregate", "Strategy": "Hashed", "Parent Relationship": "Outer", "Startup Cost": 1276409.73, "Total Cost": 1276409.74, "Plan Rows": 1, "Plan Width": 24, "Actual Min Startup Time": 5113.908, "Actual Max Startup Time": 5113.908, "Actual Min Total Time": 5113.916, "Actual Max Total Time": 5113.916, "Group By Key": ["orders.o_orderpriority"], "Plans": [{"Node Type": "Nested Loop", "Parent Relationship": "Outer", "Join Type": "Semi", "Startup Cost": 0.0, "Total Cost": 1273562.68, "Plan Rows": 569410, "Plan Width": 16, "Actual Min Startup Time": 280.535, "Actual Max Startup Time": 280.535, "Actual Min Total Time": 4847.659, "Actual Max Total Time": 4847.659, "Inner Unique": false, "Plans": [{"Node Type": "Streaming(type: LOCAL GATHER dop: 1/64)", "Parent Relationship": "Outer", "Startup Cost": 0.0, "Total Cost": 659246.01, "Plan Rows": 569410, "Plan Width": 24, "Actual Min Startup Time": 280.478, "Actual Max Startup Time": 280.478, "Actual Min Total Time": 562.974, "Actual Max Total Time": 562.974, "Plans": [{"Node Type": "Index Scan", "Parent Relationship": "Outer", "Scan Direction": "Forward", "Index Name": "orders_pkey", "Relation Name": "orders", "Alias": "orders", "Startup Cost": 0.0, "Total Cost": 647499.15, "Plan Rows": 569410, "Plan Width": 24, "Actual Min Startup Time": 84.099, "Actual Max Startup Time": 223.605, "Actual Min Total Time": 231.947, "Actual Max Total Time": 372.383, "Filter": "((o_orderdate >= '1995-01-01 00:00:00'::timestamp(0) without time zone) AND (o_orderdate < '1995-04-01 00:00:00'::timestamp without time zone)), (LLVM Optimized, Jit Execute)", "Rows Removed by Filter": 14438388, "Actual Rows": 561612}], "Actual Rows": 561612}, {"Node Type": "Index Scan", "Parent Relationship": "Inner", "Scan Direction": "Forward", "Index Name": "idx_lineitem_orderkey", "Relation Name": "lineitem", "Alias": "lineitem", "Startup Cost": 0.0, "Total Cost": 5.41, "Plan Rows": 3, "Plan Width": 8, "Actual Min Startup Time": 3869.73, "Actual Max Startup Time": 3869.73, "Actual Min Total Time": 3869.73, "Actual Max Total Time": 3869.73, "Index Cond": "(l_orderkey = orders.o_orderkey)", "Rows Removed by Index Recheck": 0, "Filter": "(l_commitdate < l_receiptdate)", "Rows Removed by Filter": 299676, "Actual Rows": 515106}], "Actual Rows": 515106}], "Actual Rows": 5}], "Actual Rows": 5}, "Triggers": [], "Planner Runtime": 0, "Total Runtime": 5134.044, "Unique SQL Id": 3745551476}}, "(64, 106)": {"explain_plan": {"Plan": {"Node Type": "Sort", "Startup Cost": 277414.2, "Total Cost": 277414.2, "Plan Rows": 1, "Plan Width": 24, "Sort Key": ["orders.o_orderpriority"], "Plans": [{"Node Type": "Aggregate", "Strategy": "Hashed", "Parent Relationship": "Outer", "Startup Cost": 277414.18, "Total Cost": 277414.19, "Plan Rows": 1, "Plan Width": 24, "Group By Key": ["orders.o_orderpriority"], "Plans": [{"Node Type": "Hash Join", "Parent Relationship": "Outer", "Join Type": "Inner", "Startup Cost": 238591.84, "Total Cost": 274567.13, "Plan Rows": 569410, "Plan Width": 16, "Inner Unique": true, "Hash Cond": "(lineitem.l_orderkey = orders.o_orderkey), (LLVM Optimized)", "Plans": [{"Node Type": "Aggregate", "Strategy": "Hashed", "Parent Relationship": "Outer", "Startup Cost": 148892.81, "Total Cost": 170915.49, "Plan Rows": 2202268, "Plan Width": 8, "Group By Key": ["lineitem.l_orderkey"], "Plans": [{"Node Type": "Streaming(type: LOCAL GATHER dop: 1/64)", "Parent Relationship": "Outer", "Startup Cost": 97610.5, "Total Cost": 143387.14, "Plan Rows": 2202268, "Plan Width": 8, "Plans": [{"Node Type": "Aggregate", "Strategy": "Hashed", "Parent Relationship": "Outer", "Startup Cost": 97610.5, "Total Cost": 97954.61, "Plan Rows": 2202268, "Plan Width": 8, "Group By Key": ["lineitem.l_orderkey"], "Plans": [{"Node Type": "Seq Scan", "Parent Relationship": "Outer", "Relation Name": "lineitem", "Alias": "lineitem", "Startup Cost": 0.0, "Total Cost": 96829.42, "Plan Rows": 19995678, "Plan Width": 8, "Filter": "(l_commitdate < l_receiptdate), (LLVM Optimized)"}]}]}]}, {"Node Type": "Hash", "Parent Relationship": "Inner", "Startup Cost": 82581.41, "Total Cost": 82581.41, "Plan Rows": 569410, "Plan Width": 24, "Plans": [{"Node Type": "Streaming(type: LOCAL GATHER dop: 1/64)", "Parent Relationship": "Outer", "Startup Cost": 57.33, "Total Cost": 82581.41, "Plan Rows": 569410, "Plan Width": 24, "Plans": [{"Node Type": "Seq Scan", "Parent Relationship": "Outer", "Relation Name": "orders", "Alias": "orders", "Startup Cost": 57.33, "Total Cost": 70834.55, "Plan Rows": 569410, "Plan Width": 24, "Filter": "((o_orderdate >= '1995-01-01 00:00:00'::timestamp(0) without time zone) AND (o_orderdate < '1995-04-01 00:00:00'::timestamp without time zone)), (LLVM Optimized)"}]}]}]}]}]}, "Unique SQL Id": 3745551476, "Planner Runtime": 0}, "explain_analyze_plan": {"Plan": {"Node Type": "Sort", "Startup Cost": 277414.2, "Total Cost": 277414.2, "Plan Rows": 1, "Plan Width": 24, "Actual Min Startup Time": 23766.987, "Actual Max Startup Time": 23766.987, "Actual Min Total Time": 23766.987, "Actual Max Total Time": 23766.987, "Sort Key": ["orders.o_orderpriority"], "Sort Method": "quicksort", "Sort Space Min Used": 25, "Sort Space Max Used": 25, "Sort Space Type": "Memory", "Plans": [{"Node Type": "Aggregate", "Strategy": "Hashed", "Parent Relationship": "Outer", "Startup Cost": 277414.18, "Total Cost": 277414.19, "Plan Rows": 1, "Plan Width": 24, "Actual Min Startup Time": 23766.921, "Actual Max Startup Time": 23766.921, "Actual Min Total Time": 23766.922, "Actual Max Total Time": 23766.922, "Group By Key": ["orders.o_orderpriority"], "Plans": [{"Node Type": "Hash Join", "Parent Relationship": "Outer", "Join Type": "Inner", "Startup Cost": 238591.84, "Total Cost": 274567.13, "Plan Rows": 569410, "Plan Width": 16, "Actual Min Startup Time": 14735.43, "Actual Max Startup Time": 14735.43, "Actual Min Total Time": 23551.885, "Actual Max Total Time": 23551.885, "Inner Unique": true, "Hash Cond": "(lineitem.l_orderkey = orders.o_orderkey), (LLVM Optimized, Jit Execute)", "Plans": [{"Node Type": "Aggregate", "Strategy": "Hashed", "Parent Relationship": "Outer", "Startup Cost": 148892.81, "Total Cost": 170915.49, "Plan Rows": 2202268, "Plan Width": 8, "Actual Min Startup Time": 14035.349, "Actual Max Startup Time": 14035.349, "Actual Min Total Time": 19818.083, "Actual Max Total Time": 19818.083, "Group By Key": ["lineitem.l_orderkey"], "Plans": [{"Node Type": "Streaming(type: LOCAL GATHER dop: 1/64)", "Parent Relationship": "Outer", "Startup Cost": 97610.5, "Total Cost": 143387.14, "Plan Rows": 2202268, "Plan Width": 8, "Actual Min Startup Time": 229.695, "Actual Max Startup Time": 229.695, "Actual Min Total Time": 5832.858, "Actual Max Total Time": 5832.858, "Plans": [{"Node Type": "Aggregate", "Strategy": "Hashed", "Parent Relationship": "Outer", "Startup Cost": 97610.5, "Total Cost": 97954.61, "Plan Rows": 2202268, "Plan Width": 8, "Actual Min Startup Time": 747.715, "Actual Max Startup Time": 860.278, "Actual Min Total Time": 818.769, "Actual Max Total Time": 988.082, "Group By Key": ["lineitem.l_orderkey"], "Plans": [{"Node Type": "Seq Scan", "Parent Relationship": "Outer", "Relation Name": "lineitem", "Alias": "lineitem", "Startup Cost": 0.0, "Total Cost": 96829.42, "Plan Rows": 19995678, "Plan Width": 8, "Actual Min Startup Time": 0.021, "Actual Max Startup Time": 0.04, "Actual Min Total Time": 492.564, "Actual Max Total Time": 522.811, "Filter": "(l_commitdate < l_receiptdate), (LLVM Optimized, Jit Execute)", "Rows Removed by Filter": 22056704, "Actual Rows": 37929348}], "Actual Rows": 13761080}], "Actual Rows": 13761080}], "Actual Rows": 13753474}, {"Node Type": "Hash", "Parent Relationship": "Inner", "Startup Cost": 82581.41, "Total Cost": 82581.41, "Plan Rows": 569410, "Plan Width": 24, "Actual Min Startup Time": 699.305, "Actual Max Startup Time": 699.305, "Actual Min Total Time": 699.305, "Actual Max Total Time": 699.305, "Max Hash Buckets": 1048576, "Min Hash Buckets": 1048576, "Max Hash Batches": 1, "Min Hash Batches": 1, "Max Original Hash Batches": 1, "Min Original Hash Batches": 1, "Max Peak Memory Usage": 30714, "min Peak Memory Usage": 30714, "Plans": [{"Node Type": "Streaming(type: LOCAL GATHER dop: 1/64)", "Parent Relationship": "Outer", "Startup Cost": 57.33, "Total Cost": 82581.41, "Plan Rows": 569410, "Plan Width": 24, "Actual Min Startup Time": 101.787, "Actual Max Startup Time": 101.787, "Actual Min Total Time": 451.33, "Actual Max Total Time": 451.33, "Plans": [{"Node Type": "Seq Scan", "Parent Relationship": "Outer", "Relation Name": "orders", "Alias": "orders", "Startup Cost": 57.33, "Total Cost": 70834.55, "Plan Rows": 569410, "Plan Width": 24, "Actual Min Startup Time": 0.03, "Actual Max Startup Time": 0.359, "Actual Min Total Time": 101.01, "Actual Max Total Time": 138.203, "Filter": "((o_orderdate >= '1995-01-01 00:00:00'::timestamp(0) without time zone) AND (o_orderdate < '1995-04-01 00:00:00'::timestamp without time zone)), (LLVM Optimized, Jit Execute)", "Rows Removed by Filter": 14438388, "Actual Rows": 561612}], "Actual Rows": 561612}], "Actual Rows": 561612}], "Actual Rows": 515106}], "Actual Rows": 5}], "Actual Rows": 5}, "Triggers": [], "Planner Runtime": 0, "Total Runtime": 23798.493, "Unique SQL Id": 3745551476}}, "(64, 107)": {"explain_plan": {"Plan": {"Node Type": "Sort", "Startup Cost": 2000419705357.26, "Total Cost": 2000419705357.26, "Plan Rows": 1, "Plan Width": 24, "Sort Key": ["orders.o_orderpriority"], "Plans": [{"Node Type": "Aggregate", "Strategy": "Hashed", "Parent Relationship": "Outer", "Startup Cost": 2000419705357.24, "Total Cost": 2000419705357.25, "Plan Rows": 1, "Plan Width": 24, "Group By Key": ["orders.o_orderpriority"], "Plans": [{"Node Type": "Hash Join", "Parent Relationship": "Outer", "Join Type": "Right Semi", "Startup Cost": 1010080604700.62, "Total Cost": 2000419702510.19, "Plan Rows": 569410, "Plan Width": 16, "Inner Unique": true, "Hash Cond": "(lineitem.l_orderkey = orders.o_orderkey), (LLVM Optimized)", "Plans": [{"Node Type": "Index Scan", "Parent Relationship": "Outer", "Scan Direction": "Forward", "Index Name": "idx_lineitem_orderkey", "Relation Name": "lineitem", "Alias": "lineitem", "Startup Cost": 10000000000.0, "Total Cost": 1000339012132.75, "Plan Rows": 19995678, "Plan Width": 8, "Filter": "(l_commitdate < l_receiptdate), (LLVM Optimized)"}, {"Node Type": "Hash", "Parent Relationship": "Inner", "Startup Cost": 1000080597583.0, "Total Cost": 1000080597583.0, "Plan Rows": 569410, "Plan Width": 24, "Plans": [{"Node Type": "Index Scan", "Parent Relationship": "Outer", "Scan Direction": "Forward", "Index Name": "orders_pkey", "Relation Name": "orders", "Alias": "orders", "Startup Cost": 10000000000.0, "Total Cost": 1000080597583.0, "Plan Rows": 569410, "Plan Width": 24, "Filter": "((o_orderdate >= '1995-01-01 00:00:00'::timestamp(0) without time zone) AND (o_orderdate < '1995-04-01 00:00:00'::timestamp without time zone)), (LLVM Optimized)"}]}]}]}]}, "Unique SQL Id": 3745551476, "Planner Runtime": 0}, "explain_analyze_plan": null}, "(64, 108)": {"explain_plan": {"Plan": {"Node Type": "Sort", "Startup Cost": 277414.2, "Total Cost": 277414.2, "Plan Rows": 1, "Plan Width": 24, "Sort Key": ["orders.o_orderpriority"], "Plans": [{"Node Type": "Aggregate", "Strategy": "Hashed", "Parent Relationship": "Outer", "Startup Cost": 277414.18, "Total Cost": 277414.19, "Plan Rows": 1, "Plan Width": 24, "Group By Key": ["orders.o_orderpriority"], "Plans": [{"Node Type": "Hash Join", "Parent Relationship": "Outer", "Join Type": "Inner", "Startup Cost": 238591.84, "Total Cost": 274567.13, "Plan Rows": 569410, "Plan Width": 16, "Inner Unique": true, "Hash Cond": "(lineitem.l_orderkey = orders.o_orderkey), (LLVM Optimized)", "Plans": [{"Node Type": "Aggregate", "Strategy": "Hashed", "Parent Relationship": "Outer", "Startup Cost": 148892.81, "Total Cost": 170915.49, "Plan Rows": 2202268, "Plan Width": 8, "Group By Key": ["lineitem.l_orderkey"], "Plans": [{"Node Type": "Streaming(type: LOCAL GATHER dop: 1/64)", "Parent Relationship": "Outer", "Startup Cost": 97610.5, "Total Cost": 143387.14, "Plan Rows": 2202268, "Plan Width": 8, "Plans": [{"Node Type": "Aggregate", "Strategy": "Hashed", "Parent Relationship": "Outer", "Startup Cost": 97610.5, "Total Cost": 97954.61, "Plan Rows": 2202268, "Plan Width": 8, "Group By Key": ["lineitem.l_orderkey"], "Plans": [{"Node Type": "Seq Scan", "Parent Relationship": "Outer", "Relation Name": "lineitem", "Alias": "lineitem", "Startup Cost": 0.0, "Total Cost": 96829.42, "Plan Rows": 19995678, "Plan Width": 8, "Filter": "(l_commitdate < l_receiptdate), (LLVM Optimized)"}]}]}]}, {"Node Type": "Hash", "Parent Relationship": "Inner", "Startup Cost": 82581.41, "Total Cost": 82581.41, "Plan Rows": 569410, "Plan Width": 24, "Plans": [{"Node Type": "Streaming(type: LOCAL GATHER dop: 1/64)", "Parent Relationship": "Outer", "Startup Cost": 57.33, "Total Cost": 82581.41, "Plan Rows": 569410, "Plan Width": 24, "Plans": [{"Node Type": "Seq Scan", "Parent Relationship": "Outer", "Relation Name": "orders", "Alias": "orders", "Startup Cost": 57.33, "Total Cost": 70834.55, "Plan Rows": 569410, "Plan Width": 24, "Filter": "((o_orderdate >= '1995-01-01 00:00:00'::timestamp(0) without time zone) AND (o_orderdate < '1995-04-01 00:00:00'::timestamp without time zone)), (LLVM Optimized)"}]}]}]}]}]}, "Unique SQL Id": 3745551476, "Planner Runtime": 0}, "explain_analyze_plan": {"Plan": {"Node Type": "Sort", "Startup Cost": 277414.2, "Total Cost": 277414.2, "Plan Rows": 1, "Plan Width": 24, "Actual Min Startup Time": 23766.987, "Actual Max Startup Time": 23766.987, "Actual Min Total Time": 23766.987, "Actual Max Total Time": 23766.987, "Sort Key": ["orders.o_orderpriority"], "Sort Method": "quicksort", "Sort Space Min Used": 25, "Sort Space Max Used": 25, "Sort Space Type": "Memory", "Plans": [{"Node Type": "Aggregate", "Strategy": "Hashed", "Parent Relationship": "Outer", "Startup Cost": 277414.18, "Total Cost": 277414.19, "Plan Rows": 1, "Plan Width": 24, "Actual Min Startup Time": 23766.921, "Actual Max Startup Time": 23766.921, "Actual Min Total Time": 23766.922, "Actual Max Total Time": 23766.922, "Group By Key": ["orders.o_orderpriority"], "Plans": [{"Node Type": "Hash Join", "Parent Relationship": "Outer", "Join Type": "Inner", "Startup Cost": 238591.84, "Total Cost": 274567.13, "Plan Rows": 569410, "Plan Width": 16, "Actual Min Startup Time": 14735.43, "Actual Max Startup Time": 14735.43, "Actual Min Total Time": 23551.885, "Actual Max Total Time": 23551.885, "Inner Unique": true, "Hash Cond": "(lineitem.l_orderkey = orders.o_orderkey), (LLVM Optimized, Jit Execute)", "Plans": [{"Node Type": "Aggregate", "Strategy": "Hashed", "Parent Relationship": "Outer", "Startup Cost": 148892.81, "Total Cost": 170915.49, "Plan Rows": 2202268, "Plan Width": 8, "Actual Min Startup Time": 14035.349, "Actual Max Startup Time": 14035.349, "Actual Min Total Time": 19818.083, "Actual Max Total Time": 19818.083, "Group By Key": ["lineitem.l_orderkey"], "Plans": [{"Node Type": "Streaming(type: LOCAL GATHER dop: 1/64)", "Parent Relationship": "Outer", "Startup Cost": 97610.5, "Total Cost": 143387.14, "Plan Rows": 2202268, "Plan Width": 8, "Actual Min Startup Time": 229.695, "Actual Max Startup Time": 229.695, "Actual Min Total Time": 5832.858, "Actual Max Total Time": 5832.858, "Plans": [{"Node Type": "Aggregate", "Strategy": "Hashed", "Parent Relationship": "Outer", "Startup Cost": 97610.5, "Total Cost": 97954.61, "Plan Rows": 2202268, "Plan Width": 8, "Actual Min Startup Time": 747.715, "Actual Max Startup Time": 860.278, "Actual Min Total Time": 818.769, "Actual Max Total Time": 988.082, "Group By Key": ["lineitem.l_orderkey"], "Plans": [{"Node Type": "Seq Scan", "Parent Relationship": "Outer", "Relation Name": "lineitem", "Alias": "lineitem", "Startup Cost": 0.0, "Total Cost": 96829.42, "Plan Rows": 19995678, "Plan Width": 8, "Actual Min Startup Time": 0.021, "Actual Max Startup Time": 0.04, "Actual Min Total Time": 492.564, "Actual Max Total Time": 522.811, "Filter": "(l_commitdate < l_receiptdate), (LLVM Optimized, Jit Execute)", "Rows Removed by Filter": 22056704, "Actual Rows": 37929348}], "Actual Rows": 13761080}], "Actual Rows": 13761080}], "Actual Rows": 13753474}, {"Node Type": "Hash", "Parent Relationship": "Inner", "Startup Cost": 82581.41, "Total Cost": 82581.41, "Plan Rows": 569410, "Plan Width": 24, "Actual Min Startup Time": 699.305, "Actual Max Startup Time": 699.305, "Actual Min Total Time": 699.305, "Actual Max Total Time": 699.305, "Max Hash Buckets": 1048576, "Min Hash Buckets": 1048576, "Max Hash Batches": 1, "Min Hash Batches": 1, "Max Original Hash Batches": 1, "Min Original Hash Batches": 1, "Max Peak Memory Usage": 30714, "min Peak Memory Usage": 30714, "Plans": [{"Node Type": "Streaming(type: LOCAL GATHER dop: 1/64)", "Parent Relationship": "Outer", "Startup Cost": 57.33, "Total Cost": 82581.41, "Plan Rows": 569410, "Plan Width": 24, "Actual Min Startup Time": 101.787, "Actual Max Startup Time": 101.787, "Actual Min Total Time": 451.33, "Actual Max Total Time": 451.33, "Plans": [{"Node Type": "Seq Scan", "Parent Relationship": "Outer", "Relation Name": "orders", "Alias": "orders", "Startup Cost": 57.33, "Total Cost": 70834.55, "Plan Rows": 569410, "Plan Width": 24, "Actual Min Startup Time": 0.03, "Actual Max Startup Time": 0.359, "Actual Min Total Time": 101.01, "Actual Max Total Time": 138.203, "Filter": "((o_orderdate >= '1995-01-01 00:00:00'::timestamp(0) without time zone) AND (o_orderdate < '1995-04-01 00:00:00'::timestamp without time zone)), (LLVM Optimized, Jit Execute)", "Rows Removed by Filter": 14438388, "Actual Rows": 561612}], "Actual Rows": 561612}], "Actual Rows": 561612}], "Actual Rows": 515106}], "Actual Rows": 5}], "Actual Rows": 5}, "Triggers": [], "Planner Runtime": 0, "Total Runtime": 23798.493, "Unique SQL Id": 3745551476}}, "(64, 109)": {"explain_plan": {"Plan": {"Node Type": "Sort", "Startup Cost": 1276409.75, "Total Cost": 1276409.75, "Plan Rows": 1, "Plan Width": 24, "Sort Key": ["orders.o_orderpriority"], "Plans": [{"Node Type": "Aggregate", "Strategy": "Hashed", "Parent Relationship": "Outer", "Startup Cost": 1276409.73, "Total Cost": 1276409.74, "Plan Rows": 1, "Plan Width": 24, "Group By Key": ["orders.o_orderpriority"], "Plans": [{"Node Type": "Nested Loop", "Parent Relationship": "Outer", "Join Type": "Semi", "Startup Cost": 0.0, "Total Cost": 1273562.68, "Plan Rows": 569410, "Plan Width": 16, "Inner Unique": false, "Plans": [{"Node Type": "Streaming(type: LOCAL GATHER dop: 1/64)", "Parent Relationship": "Outer", "Startup Cost": 0.0, "Total Cost": 659246.01, "Plan Rows": 569410, "Plan Width": 24, "Plans": [{"Node Type": "Index Scan", "Parent Relationship": "Outer", "Scan Direction": "Forward", "Index Name": "orders_pkey", "Relation Name": "orders", "Alias": "orders", "Startup Cost": 0.0, "Total Cost": 647499.15, "Plan Rows": 569410, "Plan Width": 24, "Filter": "((o_orderdate >= '1995-01-01 00:00:00'::timestamp(0) without time zone) AND (o_orderdate < '1995-04-01 00:00:00'::timestamp without time zone)), (LLVM Optimized)"}]}, {"Node Type": "Index Scan", "Parent Relationship": "Inner", "Scan Direction": "Forward", "Index Name": "idx_lineitem_orderkey", "Relation Name": "lineitem", "Alias": "lineitem", "Startup Cost": 0.0, "Total Cost": 5.41, "Plan Rows": 3, "Plan Width": 8, "Index Cond": "(l_orderkey = orders.o_orderkey)", "Filter": "(l_commitdate < l_receiptdate)"}]}]}]}, "Unique SQL Id": 3745551476, "Planner Runtime": 0}, "explain_analyze_plan": {"Plan": {"Node Type": "Sort", "Startup Cost": 1276409.75, "Total Cost": 1276409.75, "Plan Rows": 1, "Plan Width": 24, "Actual Min Startup Time": 5114.034, "Actual Max Startup Time": 5114.034, "Actual Min Total Time": 5114.035, "Actual Max Total Time": 5114.035, "Sort Key": ["orders.o_orderpriority"], "Sort Method": "quicksort", "Sort Space Min Used": 25, "Sort Space Max Used": 25, "Sort Space Type": "Memory", "Plans": [{"Node Type": "Aggregate", "Strategy": "Hashed", "Parent Relationship": "Outer", "Startup Cost": 1276409.73, "Total Cost": 1276409.74, "Plan Rows": 1, "Plan Width": 24, "Actual Min Startup Time": 5113.908, "Actual Max Startup Time": 5113.908, "Actual Min Total Time": 5113.916, "Actual Max Total Time": 5113.916, "Group By Key": ["orders.o_orderpriority"], "Plans": [{"Node Type": "Nested Loop", "Parent Relationship": "Outer", "Join Type": "Semi", "Startup Cost": 0.0, "Total Cost": 1273562.68, "Plan Rows": 569410, "Plan Width": 16, "Actual Min Startup Time": 280.535, "Actual Max Startup Time": 280.535, "Actual Min Total Time": 4847.659, "Actual Max Total Time": 4847.659, "Inner Unique": false, "Plans": [{"Node Type": "Streaming(type: LOCAL GATHER dop: 1/64)", "Parent Relationship": "Outer", "Startup Cost": 0.0, "Total Cost": 659246.01, "Plan Rows": 569410, "Plan Width": 24, "Actual Min Startup Time": 280.478, "Actual Max Startup Time": 280.478, "Actual Min Total Time": 562.974, "Actual Max Total Time": 562.974, "Plans": [{"Node Type": "Index Scan", "Parent Relationship": "Outer", "Scan Direction": "Forward", "Index Name": "orders_pkey", "Relation Name": "orders", "Alias": "orders", "Startup Cost": 0.0, "Total Cost": 647499.15, "Plan Rows": 569410, "Plan Width": 24, "Actual Min Startup Time": 84.099, "Actual Max Startup Time": 223.605, "Actual Min Total Time": 231.947, "Actual Max Total Time": 372.383, "Filter": "((o_orderdate >= '1995-01-01 00:00:00'::timestamp(0) without time zone) AND (o_orderdate < '1995-04-01 00:00:00'::timestamp without time zone)), (LLVM Optimized, Jit Execute)", "Rows Removed by Filter": 14438388, "Actual Rows": 561612}], "Actual Rows": 561612}, {"Node Type": "Index Scan", "Parent Relationship": "Inner", "Scan Direction": "Forward", "Index Name": "idx_lineitem_orderkey", "Relation Name": "lineitem", "Alias": "lineitem", "Startup Cost": 0.0, "Total Cost": 5.41, "Plan Rows": 3, "Plan Width": 8, "Actual Min Startup Time": 3869.73, "Actual Max Startup Time": 3869.73, "Actual Min Total Time": 3869.73, "Actual Max Total Time": 3869.73, "Index Cond": "(l_orderkey = orders.o_orderkey)", "Rows Removed by Index Recheck": 0, "Filter": "(l_commitdate < l_receiptdate)", "Rows Removed by Filter": 299676, "Actual Rows": 515106}], "Actual Rows": 515106}], "Actual Rows": 5}], "Actual Rows": 5}, "Triggers": [], "Planner Runtime": 0, "Total Runtime": 5134.044, "Unique SQL Id": 3745551476}}, "(64, 110)": {"explain_plan": {"Plan": {"Node Type": "Sort", "Startup Cost": 277414.2, "Total Cost": 277414.2, "Plan Rows": 1, "Plan Width": 24, "Sort Key": ["orders.o_orderpriority"], "Plans": [{"Node Type": "Aggregate", "Strategy": "Hashed", "Parent Relationship": "Outer", "Startup Cost": 277414.18, "Total Cost": 277414.19, "Plan Rows": 1, "Plan Width": 24, "Group By Key": ["orders.o_orderpriority"], "Plans": [{"Node Type": "Hash Join", "Parent Relationship": "Outer", "Join Type": "Inner", "Startup Cost": 238591.84, "Total Cost": 274567.13, "Plan Rows": 569410, "Plan Width": 16, "Inner Unique": true, "Hash Cond": "(lineitem.l_orderkey = orders.o_orderkey), (LLVM Optimized)", "Plans": [{"Node Type": "Aggregate", "Strategy": "Hashed", "Parent Relationship": "Outer", "Startup Cost": 148892.81, "Total Cost": 170915.49, "Plan Rows": 2202268, "Plan Width": 8, "Group By Key": ["lineitem.l_orderkey"], "Plans": [{"Node Type": "Streaming(type: LOCAL GATHER dop: 1/64)", "Parent Relationship": "Outer", "Startup Cost": 97610.5, "Total Cost": 143387.14, "Plan Rows": 2202268, "Plan Width": 8, "Plans": [{"Node Type": "Aggregate", "Strategy": "Hashed", "Parent Relationship": "Outer", "Startup Cost": 97610.5, "Total Cost": 97954.61, "Plan Rows": 2202268, "Plan Width": 8, "Group By Key": ["lineitem.l_orderkey"], "Plans": [{"Node Type": "Seq Scan", "Parent Relationship": "Outer", "Relation Name": "lineitem", "Alias": "lineitem", "Startup Cost": 0.0, "Total Cost": 96829.42, "Plan Rows": 19995678, "Plan Width": 8, "Filter": "(l_commitdate < l_receiptdate), (LLVM Optimized)"}]}]}]}, {"Node Type": "Hash", "Parent Relationship": "Inner", "Startup Cost": 82581.41, "Total Cost": 82581.41, "Plan Rows": 569410, "Plan Width": 24, "Plans": [{"Node Type": "Streaming(type: LOCAL GATHER dop: 1/64)", "Parent Relationship": "Outer", "Startup Cost": 57.33, "Total Cost": 82581.41, "Plan Rows": 569410, "Plan Width": 24, "Plans": [{"Node Type": "Seq Scan", "Parent Relationship": "Outer", "Relation Name": "orders", "Alias": "orders", "Startup Cost": 57.33, "Total Cost": 70834.55, "Plan Rows": 569410, "Plan Width": 24, "Filter": "((o_orderdate >= '1995-01-01 00:00:00'::timestamp(0) without time zone) AND (o_orderdate < '1995-04-01 00:00:00'::timestamp without time zone)), (LLVM Optimized)"}]}]}]}]}]}, "Unique SQL Id": 3745551476, "Planner Runtime": 0}, "explain_analyze_plan": {"Plan": {"Node Type": "Sort", "Startup Cost": 277414.2, "Total Cost": 277414.2, "Plan Rows": 1, "Plan Width": 24, "Actual Min Startup Time": 23766.987, "Actual Max Startup Time": 23766.987, "Actual Min Total Time": 23766.987, "Actual Max Total Time": 23766.987, "Sort Key": ["orders.o_orderpriority"], "Sort Method": "quicksort", "Sort Space Min Used": 25, "Sort Space Max Used": 25, "Sort Space Type": "Memory", "Plans": [{"Node Type": "Aggregate", "Strategy": "Hashed", "Parent Relationship": "Outer", "Startup Cost": 277414.18, "Total Cost": 277414.19, "Plan Rows": 1, "Plan Width": 24, "Actual Min Startup Time": 23766.921, "Actual Max Startup Time": 23766.921, "Actual Min Total Time": 23766.922, "Actual Max Total Time": 23766.922, "Group By Key": ["orders.o_orderpriority"], "Plans": [{"Node Type": "Hash Join", "Parent Relationship": "Outer", "Join Type": "Inner", "Startup Cost": 238591.84, "Total Cost": 274567.13, "Plan Rows": 569410, "Plan Width": 16, "Actual Min Startup Time": 14735.43, "Actual Max Startup Time": 14735.43, "Actual Min Total Time": 23551.885, "Actual Max Total Time": 23551.885, "Inner Unique": true, "Hash Cond": "(lineitem.l_orderkey = orders.o_orderkey), (LLVM Optimized, Jit Execute)", "Plans": [{"Node Type": "Aggregate", "Strategy": "Hashed", "Parent Relationship": "Outer", "Startup Cost": 148892.81, "Total Cost": 170915.49, "Plan Rows": 2202268, "Plan Width": 8, "Actual Min Startup Time": 14035.349, "Actual Max Startup Time": 14035.349, "Actual Min Total Time": 19818.083, "Actual Max Total Time": 19818.083, "Group By Key": ["lineitem.l_orderkey"], "Plans": [{"Node Type": "Streaming(type: LOCAL GATHER dop: 1/64)", "Parent Relationship": "Outer", "Startup Cost": 97610.5, "Total Cost": 143387.14, "Plan Rows": 2202268, "Plan Width": 8, "Actual Min Startup Time": 229.695, "Actual Max Startup Time": 229.695, "Actual Min Total Time": 5832.858, "Actual Max Total Time": 5832.858, "Plans": [{"Node Type": "Aggregate", "Strategy": "Hashed", "Parent Relationship": "Outer", "Startup Cost": 97610.5, "Total Cost": 97954.61, "Plan Rows": 2202268, "Plan Width": 8, "Actual Min Startup Time": 747.715, "Actual Max Startup Time": 860.278, "Actual Min Total Time": 818.769, "Actual Max Total Time": 988.082, "Group By Key": ["lineitem.l_orderkey"], "Plans": [{"Node Type": "Seq Scan", "Parent Relationship": "Outer", "Relation Name": "lineitem", "Alias": "lineitem", "Startup Cost": 0.0, "Total Cost": 96829.42, "Plan Rows": 19995678, "Plan Width": 8, "Actual Min Startup Time": 0.021, "Actual Max Startup Time": 0.04, "Actual Min Total Time": 492.564, "Actual Max Total Time": 522.811, "Filter": "(l_commitdate < l_receiptdate), (LLVM Optimized, Jit Execute)", "Rows Removed by Filter": 22056704, "Actual Rows": 37929348}], "Actual Rows": 13761080}], "Actual Rows": 13761080}], "Actual Rows": 13753474}, {"Node Type": "Hash", "Parent Relationship": "Inner", "Startup Cost": 82581.41, "Total Cost": 82581.41, "Plan Rows": 569410, "Plan Width": 24, "Actual Min Startup Time": 699.305, "Actual Max Startup Time": 699.305, "Actual Min Total Time": 699.305, "Actual Max Total Time": 699.305, "Max Hash Buckets": 1048576, "Min Hash Buckets": 1048576, "Max Hash Batches": 1, "Min Hash Batches": 1, "Max Original Hash Batches": 1, "Min Original Hash Batches": 1, "Max Peak Memory Usage": 30714, "min Peak Memory Usage": 30714, "Plans": [{"Node Type": "Streaming(type: LOCAL GATHER dop: 1/64)", "Parent Relationship": "Outer", "Startup Cost": 57.33, "Total Cost": 82581.41, "Plan Rows": 569410, "Plan Width": 24, "Actual Min Startup Time": 101.787, "Actual Max Startup Time": 101.787, "Actual Min Total Time": 451.33, "Actual Max Total Time": 451.33, "Plans": [{"Node Type": "Seq Scan", "Parent Relationship": "Outer", "Relation Name": "orders", "Alias": "orders", "Startup Cost": 57.33, "Total Cost": 70834.55, "Plan Rows": 569410, "Plan Width": 24, "Actual Min Startup Time": 0.03, "Actual Max Startup Time": 0.359, "Actual Min Total Time": 101.01, "Actual Max Total Time": 138.203, "Filter": "((o_orderdate >= '1995-01-01 00:00:00'::timestamp(0) without time zone) AND (o_orderdate < '1995-04-01 00:00:00'::timestamp without time zone)), (LLVM Optimized, Jit Execute)", "Rows Removed by Filter": 14438388, "Actual Rows": 561612}], "Actual Rows": 561612}], "Actual Rows": 561612}], "Actual Rows": 515106}], "Actual Rows": 5}], "Actual Rows": 5}, "Triggers": [], "Planner Runtime": 0, "Total Runtime": 23798.493, "Unique SQL Id": 3745551476}}, "(64, 111)": {"explain_plan": {"Plan": {"Node Type": "Sort", "Startup Cost": 2000419705357.26, "Total Cost": 2000419705357.26, "Plan Rows": 1, "Plan Width": 24, "Sort Key": ["orders.o_orderpriority"], "Plans": [{"Node Type": "Aggregate", "Strategy": "Hashed", "Parent Relationship": "Outer", "Startup Cost": 2000419705357.24, "Total Cost": 2000419705357.25, "Plan Rows": 1, "Plan Width": 24, "Group By Key": ["orders.o_orderpriority"], "Plans": [{"Node Type": "Hash Join", "Parent Relationship": "Outer", "Join Type": "Right Semi", "Startup Cost": 1010080604700.62, "Total Cost": 2000419702510.19, "Plan Rows": 569410, "Plan Width": 16, "Inner Unique": true, "Hash Cond": "(lineitem.l_orderkey = orders.o_orderkey), (LLVM Optimized)", "Plans": [{"Node Type": "Index Scan", "Parent Relationship": "Outer", "Scan Direction": "Forward", "Index Name": "idx_lineitem_orderkey", "Relation Name": "lineitem", "Alias": "lineitem", "Startup Cost": 10000000000.0, "Total Cost": 1000339012132.75, "Plan Rows": 19995678, "Plan Width": 8, "Filter": "(l_commitdate < l_receiptdate), (LLVM Optimized)"}, {"Node Type": "Hash", "Parent Relationship": "Inner", "Startup Cost": 1000080597583.0, "Total Cost": 1000080597583.0, "Plan Rows": 569410, "Plan Width": 24, "Plans": [{"Node Type": "Index Scan", "Parent Relationship": "Outer", "Scan Direction": "Forward", "Index Name": "orders_pkey", "Relation Name": "orders", "Alias": "orders", "Startup Cost": 10000000000.0, "Total Cost": 1000080597583.0, "Plan Rows": 569410, "Plan Width": 24, "Filter": "((o_orderdate >= '1995-01-01 00:00:00'::timestamp(0) without time zone) AND (o_orderdate < '1995-04-01 00:00:00'::timestamp without time zone)), (LLVM Optimized)"}]}]}]}]}, "Unique SQL Id": 3745551476, "Planner Runtime": 0}, "explain_analyze_plan": null}, "(64, 112)": {"explain_plan": {"Plan": {"Node Type": "Sort", "Startup Cost": 699745.15, "Total Cost": 699745.15, "Plan Rows": 1, "Plan Width": 24, "Sort Key": ["orders.o_orderpriority"], "Plans": [{"Node Type": "Aggregate", "Strategy": "Hashed", "Parent Relationship": "Outer", "Startup Cost": 699745.13, "Total Cost": 699745.14, "Plan Rows": 1, "Plan Width": 24, "Group By Key": ["orders.o_orderpriority"], "Plans": [{"Node Type": "Nested Loop", "Parent Relationship": "Outer", "Join Type": "Semi", "Startup Cost": 57.33, "Total Cost": 696898.08, "Plan Rows": 569410, "Plan Width": 16, "Inner Unique": false, "Plans": [{"Node Type": "Streaming(type: LOCAL GATHER dop: 1/64)", "Parent Relationship": "Outer", "Startup Cost": 57.33, "Total Cost": 82581.41, "Plan Rows": 569410, "Plan Width": 24, "Plans": [{"Node Type": "Seq Scan", "Parent Relationship": "Outer", "Relation Name": "orders", "Alias": "orders", "Startup Cost": 57.33, "Total Cost": 70834.55, "Plan Rows": 569410, "Plan Width": 24, "Filter": "((o_orderdate >= '1995-01-01 00:00:00'::timestamp(0) without time zone) AND (o_orderdate < '1995-04-01 00:00:00'::timestamp without time zone)), (LLVM Optimized)"}]}, {"Node Type": "Index Scan", "Parent Relationship": "Inner", "Scan Direction": "Forward", "Index Name": "idx_lineitem_orderkey", "Relation Name": "lineitem", "Alias": "lineitem", "Startup Cost": 0.0, "Total Cost": 5.41, "Plan Rows": 3, "Plan Width": 8, "Index Cond": "(l_orderkey = orders.o_orderkey)", "Filter": "(l_commitdate < l_receiptdate)"}]}]}]}, "Unique SQL Id": 3745551476, "Planner Runtime": 0}, "explain_analyze_plan": {"Plan": {"Node Type": "Sort", "Startup Cost": 699745.15, "Total Cost": 699745.15, "Plan Rows": 1, "Plan Width": 24, "Actual Min Startup Time": 4723.151, "Actual Max Startup Time": 4723.151, "Actual Min Total Time": 4723.151, "Actual Max Total Time": 4723.151, "Sort Key": ["orders.o_orderpriority"], "Sort Method": "quicksort", "Sort Space Min Used": 25, "Sort Space Max Used": 25, "Sort Space Type": "Memory", "Plans": [{"Node Type": "Aggregate", "Strategy": "Hashed", "Parent Relationship": "Outer", "Startup Cost": 699745.13, "Total Cost": 699745.14, "Plan Rows": 1, "Plan Width": 24, "Actual Min Startup Time": 4723.064, "Actual Max Startup Time": 4723.064, "Actual Min Total Time": 4723.065, "Actual Max Total Time": 4723.065, "Group By Key": ["orders.o_orderpriority"], "Plans": [{"Node Type": "Nested Loop", "Parent Relationship": "Outer", "Join Type": "Semi", "Startup Cost": 57.33, "Total Cost": 696898.08, "Plan Rows": 569410, "Plan Width": 16, "Actual Min Startup Time": 54.618, "Actual Max Startup Time": 54.618, "Actual Min Total Time": 4453.054, "Actual Max Total Time": 4453.054, "Inner Unique": false, "Plans": [{"Node Type": "Streaming(type: LOCAL GATHER dop: 1/64)", "Parent Relationship": "Outer", "Startup Cost": 57.33, "Total Cost": 82581.41, "Plan Rows": 569410, "Plan Width": 24, "Actual Min Startup Time": 54.525, "Actual Max Startup Time": 54.525, "Actual Min Total Time": 298.858, "Actual Max Total Time": 298.858, "Plans": [{"Node Type": "Seq Scan", "Parent Relationship": "Outer", "Relation Name": "orders", "Alias": "orders", "Startup Cost": 57.33, "Total Cost": 70834.55, "Plan Rows": 569410, "Plan Width": 24, "Actual Min Startup Time": 0.025, "Actual Max Startup Time": 0.064, "Actual Min Total Time": 81.072, "Actual Max Total Time": 101.188, "Filter": "((o_orderdate >= '1995-01-01 00:00:00'::timestamp(0) without time zone) AND (o_orderdate < '1995-04-01 00:00:00'::timestamp without time zone)), (LLVM Optimized, Jit Execute)", "Rows Removed by Filter": 14438388, "Actual Rows": 561612}], "Actual Rows": 561612}, {"Node Type": "Index Scan", "Parent Relationship": "Inner", "Scan Direction": "Forward", "Index Name": "idx_lineitem_orderkey", "Relation Name": "lineitem", "Alias": "lineitem", "Startup Cost": 0.0, "Total Cost": 5.41, "Plan Rows": 3, "Plan Width": 8, "Actual Min Startup Time": 3742.77, "Actual Max Startup Time": 3742.77, "Actual Min Total Time": 3742.77, "Actual Max Total Time": 3742.77, "Index Cond": "(l_orderkey = orders.o_orderkey)", "Rows Removed by Index Recheck": 0, "Filter": "(l_commitdate < l_receiptdate)", "Rows Removed by Filter": 299676, "Actual Rows": 515106}], "Actual Rows": 515106}], "Actual Rows": 5}], "Actual Rows": 5}, "Triggers": [], "Planner Runtime": 0, "Total Runtime": 4743.195, "Unique SQL Id": 3745551476}}, "(64, 113)": {"explain_plan": {"Plan": {"Node Type": "Sort", "Startup Cost": 916688.59, "Total Cost": 916688.6, "Plan Rows": 1, "Plan Width": 24, "Sort Key": ["orders.o_orderpriority"], "Plans": [{"Node Type": "Aggregate", "Strategy": "Hashed", "Parent Relationship": "Outer", "Startup Cost": 916688.57, "Total Cost": 916688.58, "Plan Rows": 1, "Plan Width": 24, "Group By Key": ["orders.o_orderpriority"], "Plans": [{"Node Type": "Nested Loop", "Parent Relationship": "Outer", "Join Type": "Semi", "Startup Cost": 14564.7, "Total Cost": 913841.52, "Plan Rows": 569410, "Plan Width": 16, "Inner Unique": false, "Plans": [{"Node Type": "Bitmap Heap Scan", "Parent Relationship": "Outer", "Relation Name": "orders", "Alias": "orders", "Startup Cost": 14564.7, "Total Cost": 299524.85, "Plan Rows": 569410, "Plan Width": 24, "Recheck Cond": "((o_orderdate >= '1995-01-01 00:00:00'::timestamp(0) without time zone) AND (o_orderdate < '1995-04-01 00:00:00'::timestamp without time zone)), (LLVM Optimized)", "Plans": [{"Node Type": "Bitmap Index Scan", "Parent Relationship": "Outer", "Index Name": "idx_orders_orderdate", "Startup Cost": 0.0, "Total Cost": 14422.35, "Plan Rows": 569410, "Plan Width": 0, "Index Cond": "((o_orderdate >= '1995-01-01 00:00:00'::timestamp(0) without time zone) AND (o_orderdate < '1995-04-01 00:00:00'::timestamp without time zone))"}]}, {"Node Type": "Index Scan", "Parent Relationship": "Inner", "Scan Direction": "Forward", "Index Name": "idx_lineitem_orderkey", "Relation Name": "lineitem", "Alias": "lineitem", "Startup Cost": 0.0, "Total Cost": 5.41, "Plan Rows": 3, "Plan Width": 8, "Index Cond": "(l_orderkey = orders.o_orderkey)", "Filter": "(l_commitdate < l_receiptdate)"}]}]}]}, "Unique SQL Id": 3745551476, "Planner Runtime": 0}, "explain_analyze_plan": {"Plan": {"Node Type": "Sort", "Startup Cost": 916688.59, "Total Cost": 916688.6, "Plan Rows": 1, "Plan Width": 24, "Actual Startup Time": 5282.088, "Actual Total Time": 5282.088, "Actual Rows": 5, "Actual Loops": 1, "Sort Key": ["orders.o_orderpriority"], "Sort Method": "quicksort", "Sort Space Used": 25, "Sort Space Type": "Memory", "Plans": [{"Node Type": "Aggregate", "Strategy": "Hashed", "Parent Relationship": "Outer", "Startup Cost": 916688.57, "Total Cost": 916688.58, "Plan Rows": 1, "Plan Width": 24, "Actual Startup Time": 5282.022, "Actual Total Time": 5282.024, "Actual Rows": 5, "Actual Loops": 1, "Group By Key": ["orders.o_orderpriority"], "Plans": [{"Node Type": "Nested Loop", "Parent Relationship": "Outer", "Join Type": "Semi", "Startup Cost": 14564.7, "Total Cost": 913841.52, "Plan Rows": 569410, "Plan Width": 16, "Actual Startup Time": 248.585, "Actual Total Time": 5001.846, "Actual Rows": 515106, "Actual Loops": 1, "Inner Unique": false, "Plans": [{"Node Type": "Bitmap Heap Scan", "Parent Relationship": "Outer", "Relation Name": "orders", "Alias": "orders", "Startup Cost": 14564.7, "Total Cost": 299524.85, "Plan Rows": 569410, "Plan Width": 24, "Actual Startup Time": 248.504, "Actual Total Time": 1075.41, "Actual Rows": 561612, "Actual Loops": 1, "Recheck Cond": "((o_orderdate >= '1995-01-01 00:00:00'::timestamp(0) without time zone) AND (o_orderdate < '1995-04-01 00:00:00'::timestamp without time zone)), (LLVM Optimized, Jit Execute)", "Rows Removed by Index Recheck": 0, "Exact Heap Blocks": 241676, "Lossy Heap Blocks": 241676, "Plans": [{"Node Type": "Bitmap Index Scan", "Parent Relationship": "Outer", "Index Name": "idx_orders_orderdate", "Startup Cost": 0.0, "Total Cost": 14422.35, "Plan Rows": 569410, "Plan Width": 0, "Actual Startup Time": 173.471, "Actual Total Time": 173.471, "Actual Rows": 561612, "Actual Loops": 1, "Index Cond": "((o_orderdate >= '1995-01-01 00:00:00'::timestamp(0) without time zone) AND (o_orderdate < '1995-04-01 00:00:00'::timestamp without time zone))"}]}, {"Node Type": "Index Scan", "Parent Relationship": "Inner", "Scan Direction": "Forward", "Index Name": "idx_lineitem_orderkey", "Relation Name": "lineitem", "Alias": "lineitem", "Startup Cost": 0.0, "Total Cost": 5.41, "Plan Rows": 3, "Plan Width": 8, "Actual Startup Time": 3512.894, "Actual Total Time": 3512.894, "Actual Rows": 515106, "Actual Loops": 561612, "Index Cond": "(l_orderkey = orders.o_orderkey)", "Rows Removed by Index Recheck": 0, "Filter": "(l_commitdate < l_receiptdate)", "Rows Removed by Filter": 299676}]}]}]}, "Triggers": [], "Planner Runtime": 0, "Total Runtime": 5291.829, "Unique SQL Id": 3745551476}}, "(64, 114)": {"explain_plan": {"Plan": {"Node Type": "Sort", "Startup Cost": 2564698.92, "Total Cost": 2564698.92, "Plan Rows": 1, "Plan Width": 24, "Sort Key": ["orders.o_orderpriority"], "Plans": [{"Node Type": "Aggregate", "Strategy": "Hashed", "Parent Relationship": "Outer", "Startup Cost": 2564698.9, "Total Cost": 2564698.91, "Plan Rows": 1, "Plan Width": 24, "Group By Key": ["orders.o_orderpriority"], "Plans": [{"Node Type": "Nested Loop", "Parent Relationship": "Outer", "Join Type": "Semi", "Startup Cost": 59.27, "Total Cost": 2561851.85, "Plan Rows": 569410, "Plan Width": 16, "Inner Unique": false, "Plans": [{"Node Type": "Streaming(type: LOCAL GATHER dop: 1/64)", "Parent Relationship": "Outer", "Startup Cost": 57.33, "Total Cost": 82581.41, "Plan Rows": 569410, "Plan Width": 24, "Plans": [{"Node Type": "Seq Scan", "Parent Relationship": "Outer", "Relation Name": "orders", "Alias": "orders", "Startup Cost": 57.33, "Total Cost": 70834.55, "Plan Rows": 569410, "Plan Width": 24, "Filter": "((o_orderdate >= '1995-01-01 00:00:00'::timestamp(0) without time zone) AND (o_orderdate < '1995-04-01 00:00:00'::timestamp without time zone)), (LLVM Optimized)"}]}, {"Node Type": "Bitmap Heap Scan", "Parent Relationship": "Inner", "Relation Name": "lineitem", "Alias": "lineitem", "Startup Cost": 1.94, "Total Cost": 14.06, "Plan Rows": 3, "Plan Width": 8, "Recheck Cond": "(l_orderkey = orders.o_orderkey)", "Filter": "(l_commitdate < l_receiptdate)", "Plans": [{"Node Type": "Bitmap Index Scan", "Parent Relationship": "Outer", "Index Name": "idx_lineitem_orderkey", "Startup Cost": 0.0, "Total Cost": 1.94, "Plan Rows": 9, "Plan Width": 0, "Index Cond": "(l_orderkey = orders.o_orderkey)"}]}]}]}]}, "Unique SQL Id": 3745551476, "Planner Runtime": 0}, "explain_analyze_plan": {"Plan": {"Node Type": "Sort", "Startup Cost": 2564698.92, "Total Cost": 2564698.92, "Plan Rows": 1, "Plan Width": 24, "Actual Min Startup Time": 6284.1, "Actual Max Startup Time": 6284.1, "Actual Min Total Time": 6284.1, "Actual Max Total Time": 6284.1, "Sort Key": ["orders.o_orderpriority"], "Sort Method": "quicksort", "Sort Space Min Used": 25, "Sort Space Max Used": 25, "Sort Space Type": "Memory", "Plans": [{"Node Type": "Aggregate", "Strategy": "Hashed", "Parent Relationship": "Outer", "Startup Cost": 2564698.9, "Total Cost": 2564698.91, "Plan Rows": 1, "Plan Width": 24, "Actual Min Startup Time": 6284.044, "Actual Max Startup Time": 6284.044, "Actual Min Total Time": 6284.045, "Actual Max Total Time": 6284.045, "Group By Key": ["orders.o_orderpriority"], "Plans": [{"Node Type": "Nested Loop", "Parent Relationship": "Outer", "Join Type": "Semi", "Startup Cost": 59.27, "Total Cost": 2561851.85, "Plan Rows": 569410, "Plan Width": 16, "Actual Min Startup Time": 63.093, "Actual Max Startup Time": 63.093, "Actual Min Total Time": 5991.965, "Actual Max Total Time": 5991.965, "Inner Unique": false, "Plans": [{"Node Type": "Streaming(type: LOCAL GATHER dop: 1/64)", "Parent Relationship": "Outer", "Startup Cost": 57.33, "Total Cost": 82581.41, "Plan Rows": 569410, "Plan Width": 24, "Actual Min Startup Time": 63.008, "Actual Max Startup Time": 63.008, "Actual Min Total Time": 328.844, "Actual Max Total Time": 328.844, "Plans": [{"Node Type": "Seq Scan", "Parent Relationship": "Outer", "Relation Name": "orders", "Alias": "orders", "Startup Cost": 57.33, "Total Cost": 70834.55, "Plan Rows": 569410, "Plan Width": 24, "Actual Min Startup Time": 0.027, "Actual Max Startup Time": 0.068, "Actual Min Total Time": 81.88, "Actual Max Total Time": 104.775, "Filter": "((o_orderdate >= '1995-01-01 00:00:00'::timestamp(0) without time zone) AND (o_orderdate < '1995-04-01 00:00:00'::timestamp without time zone)), (LLVM Optimized, Jit Execute)", "Rows Removed by Filter": 14438388, "Actual Rows": 561612}], "Actual Rows": 561612}, {"Node Type": "Bitmap Heap Scan", "Parent Relationship": "Inner", "Relation Name": "lineitem", "Alias": "lineitem", "Startup Cost": 1.94, "Total Cost": 14.06, "Plan Rows": 3, "Plan Width": 8, "Actual Min Startup Time": 4914.22, "Actual Max Startup Time": 4914.22, "Actual Min Total Time": 4914.22, "Actual Max Total Time": 4914.22, "Recheck Cond": "(l_orderkey = orders.o_orderkey)", "Rows Removed by Index Recheck": 0, "Filter": "(l_commitdate < l_receiptdate)", "Rows Removed by Filter": 299676, "Exact Heap Blocks": 567798, "Lossy Heap Blocks": 567798, "Plans": [{"Node Type": "Bitmap Index Scan", "Parent Relationship": "Outer", "Index Name": "idx_lineitem_orderkey", "Startup Cost": 0.0, "Total Cost": 1.94, "Plan Rows": 9, "Plan Width": 0, "Actual Min Startup Time": 2442.712, "Actual Max Startup Time": 2442.712, "Actual Min Total Time": 2442.712, "Actual Max Total Time": 2442.712, "Index Cond": "(l_orderkey = orders.o_orderkey)", "Actual Rows": 2246588}], "Actual Rows": 515106}], "Actual Rows": 515106}], "Actual Rows": 5}], "Actual Rows": 5}, "Triggers": [], "Planner Runtime": 0, "Total Runtime": 6316.305, "Unique SQL Id": 3745551476}}, "(64, 115)": {"explain_plan": {"Plan": {"Node Type": "Sort", "Startup Cost": 2781642.36, "Total Cost": 2781642.36, "Plan Rows": 1, "Plan Width": 24, "Sort Key": ["orders.o_orderpriority"], "Plans": [{"Node Type": "Aggregate", "Strategy": "Hashed", "Parent Relationship": "Outer", "Startup Cost": 2781642.34, "Total Cost": 2781642.35, "Plan Rows": 1, "Plan Width": 24, "Group By Key": ["orders.o_orderpriority"], "Plans": [{"Node Type": "Nested Loop", "Parent Relationship": "Outer", "Join Type": "Semi", "Startup Cost": 14566.65, "Total Cost": 2778795.29, "Plan Rows": 569410, "Plan Width": 16, "Inner Unique": false, "Plans": [{"Node Type": "Bitmap Heap Scan", "Parent Relationship": "Outer", "Relation Name": "orders", "Alias": "orders", "Startup Cost": 14564.7, "Total Cost": 299524.85, "Plan Rows": 569410, "Plan Width": 24, "Recheck Cond": "((o_orderdate >= '1995-01-01 00:00:00'::timestamp(0) without time zone) AND (o_orderdate < '1995-04-01 00:00:00'::timestamp without time zone)), (LLVM Optimized)", "Plans": [{"Node Type": "Bitmap Index Scan", "Parent Relationship": "Outer", "Index Name": "idx_orders_orderdate", "Startup Cost": 0.0, "Total Cost": 14422.35, "Plan Rows": 569410, "Plan Width": 0, "Index Cond": "((o_orderdate >= '1995-01-01 00:00:00'::timestamp(0) without time zone) AND (o_orderdate < '1995-04-01 00:00:00'::timestamp without time zone))"}]}, {"Node Type": "Bitmap Heap Scan", "Parent Relationship": "Inner", "Relation Name": "lineitem", "Alias": "lineitem", "Startup Cost": 1.94, "Total Cost": 14.06, "Plan Rows": 3, "Plan Width": 8, "Recheck Cond": "(l_orderkey = orders.o_orderkey)", "Filter": "(l_commitdate < l_receiptdate)", "Plans": [{"Node Type": "Bitmap Index Scan", "Parent Relationship": "Outer", "Index Name": "idx_lineitem_orderkey", "Startup Cost": 0.0, "Total Cost": 1.94, "Plan Rows": 9, "Plan Width": 0, "Index Cond": "(l_orderkey = orders.o_orderkey)"}]}]}]}]}, "Unique SQL Id": 3745551476, "Planner Runtime": 0}, "explain_analyze_plan": {"Plan": {"Node Type": "Sort", "Startup Cost": 2781642.36, "Total Cost": 2781642.36, "Plan Rows": 1, "Plan Width": 24, "Actual Startup Time": 6948.197, "Actual Total Time": 6948.197, "Actual Rows": 5, "Actual Loops": 1, "Sort Key": ["orders.o_orderpriority"], "Sort Method": "quicksort", "Sort Space Used": 25, "Sort Space Type": "Memory", "Plans": [{"Node Type": "Aggregate", "Strategy": "Hashed", "Parent Relationship": "Outer", "Startup Cost": 2781642.34, "Total Cost": 2781642.35, "Plan Rows": 1, "Plan Width": 24, "Actual Startup Time": 6948.154, "Actual Total Time": 6948.156, "Actual Rows": 5, "Actual Loops": 1, "Group By Key": ["orders.o_orderpriority"], "Plans": [{"Node Type": "Nested Loop", "Parent Relationship": "Outer", "Join Type": "Semi", "Startup Cost": 14566.65, "Total Cost": 2778795.29, "Plan Rows": 569410, "Plan Width": 16, "Actual Startup Time": 242.485, "Actual Total Time": 6627.026, "Actual Rows": 515106, "Actual Loops": 1, "Inner Unique": false, "Plans": [{"Node Type": "Bitmap Heap Scan", "Parent Relationship": "Outer", "Relation Name": "orders", "Alias": "orders", "Startup Cost": 14564.7, "Total Cost": 299524.85, "Plan Rows": 569410, "Plan Width": 24, "Actual Startup Time": 242.383, "Actual Total Time": 1045.457, "Actual Rows": 561612, "Actual Loops": 1, "Recheck Cond": "((o_orderdate >= '1995-01-01 00:00:00'::timestamp(0) without time zone) AND (o_orderdate < '1995-04-01 00:00:00'::timestamp without time zone)), (LLVM Optimized, Jit Execute)", "Rows Removed by Index Recheck": 0, "Exact Heap Blocks": 241676, "Lossy Heap Blocks": 241676, "Plans": [{"Node Type": "Bitmap Index Scan", "Parent Relationship": "Outer", "Index Name": "idx_orders_orderdate", "Startup Cost": 0.0, "Total Cost": 14422.35, "Plan Rows": 569410, "Plan Width": 0, "Actual Startup Time": 166.951, "Actual Total Time": 166.951, "Actual Rows": 561612, "Actual Loops": 1, "Index Cond": "((o_orderdate >= '1995-01-01 00:00:00'::timestamp(0) without time zone) AND (o_orderdate < '1995-04-01 00:00:00'::timestamp without time zone))"}]}, {"Node Type": "Bitmap Heap Scan", "Parent Relationship": "Inner", "Relation Name": "lineitem", "Alias": "lineitem", "Startup Cost": 1.94, "Total Cost": 14.06, "Plan Rows": 3, "Plan Width": 8, "Actual Startup Time": 4824.463, "Actual Total Time": 4824.463, "Actual Rows": 515106, "Actual Loops": 561612, "Recheck Cond": "(l_orderkey = orders.o_orderkey)", "Rows Removed by Index Recheck": 0, "Filter": "(l_commitdate < l_receiptdate)", "Rows Removed by Filter": 299676, "Exact Heap Blocks": 567798, "Lossy Heap Blocks": 567798, "Plans": [{"Node Type": "Bitmap Index Scan", "Parent Relationship": "Outer", "Index Name": "idx_lineitem_orderkey", "Startup Cost": 0.0, "Total Cost": 1.94, "Plan Rows": 9, "Plan Width": 0, "Actual Startup Time": 2446.908, "Actual Total Time": 2446.908, "Actual Rows": 2246588, "Actual Loops": 561612, "Index Cond": "(l_orderkey = orders.o_orderkey)"}]}]}]}]}, "Triggers": [], "Planner Runtime": 0, "Total Runtime": 6961.186, "Unique SQL Id": 3745551476}}, "(64, 116)": {"explain_plan": {"Plan": {"Node Type": "Sort", "Startup Cost": 699745.15, "Total Cost": 699745.15, "Plan Rows": 1, "Plan Width": 24, "Sort Key": ["orders.o_orderpriority"], "Plans": [{"Node Type": "Aggregate", "Strategy": "Hashed", "Parent Relationship": "Outer", "Startup Cost": 699745.13, "Total Cost": 699745.14, "Plan Rows": 1, "Plan Width": 24, "Group By Key": ["orders.o_orderpriority"], "Plans": [{"Node Type": "Nested Loop", "Parent Relationship": "Outer", "Join Type": "Semi", "Startup Cost": 57.33, "Total Cost": 696898.08, "Plan Rows": 569410, "Plan Width": 16, "Inner Unique": false, "Plans": [{"Node Type": "Streaming(type: LOCAL GATHER dop: 1/64)", "Parent Relationship": "Outer", "Startup Cost": 57.33, "Total Cost": 82581.41, "Plan Rows": 569410, "Plan Width": 24, "Plans": [{"Node Type": "Seq Scan", "Parent Relationship": "Outer", "Relation Name": "orders", "Alias": "orders", "Startup Cost": 57.33, "Total Cost": 70834.55, "Plan Rows": 569410, "Plan Width": 24, "Filter": "((o_orderdate >= '1995-01-01 00:00:00'::timestamp(0) without time zone) AND (o_orderdate < '1995-04-01 00:00:00'::timestamp without time zone)), (LLVM Optimized)"}]}, {"Node Type": "Index Scan", "Parent Relationship": "Inner", "Scan Direction": "Forward", "Index Name": "idx_lineitem_orderkey", "Relation Name": "lineitem", "Alias": "lineitem", "Startup Cost": 0.0, "Total Cost": 5.41, "Plan Rows": 3, "Plan Width": 8, "Index Cond": "(l_orderkey = orders.o_orderkey)", "Filter": "(l_commitdate < l_receiptdate)"}]}]}]}, "Unique SQL Id": 3745551476, "Planner Runtime": 0}, "explain_analyze_plan": {"Plan": {"Node Type": "Sort", "Startup Cost": 699745.15, "Total Cost": 699745.15, "Plan Rows": 1, "Plan Width": 24, "Actual Min Startup Time": 4723.151, "Actual Max Startup Time": 4723.151, "Actual Min Total Time": 4723.151, "Actual Max Total Time": 4723.151, "Sort Key": ["orders.o_orderpriority"], "Sort Method": "quicksort", "Sort Space Min Used": 25, "Sort Space Max Used": 25, "Sort Space Type": "Memory", "Plans": [{"Node Type": "Aggregate", "Strategy": "Hashed", "Parent Relationship": "Outer", "Startup Cost": 699745.13, "Total Cost": 699745.14, "Plan Rows": 1, "Plan Width": 24, "Actual Min Startup Time": 4723.064, "Actual Max Startup Time": 4723.064, "Actual Min Total Time": 4723.065, "Actual Max Total Time": 4723.065, "Group By Key": ["orders.o_orderpriority"], "Plans": [{"Node Type": "Nested Loop", "Parent Relationship": "Outer", "Join Type": "Semi", "Startup Cost": 57.33, "Total Cost": 696898.08, "Plan Rows": 569410, "Plan Width": 16, "Actual Min Startup Time": 54.618, "Actual Max Startup Time": 54.618, "Actual Min Total Time": 4453.054, "Actual Max Total Time": 4453.054, "Inner Unique": false, "Plans": [{"Node Type": "Streaming(type: LOCAL GATHER dop: 1/64)", "Parent Relationship": "Outer", "Startup Cost": 57.33, "Total Cost": 82581.41, "Plan Rows": 569410, "Plan Width": 24, "Actual Min Startup Time": 54.525, "Actual Max Startup Time": 54.525, "Actual Min Total Time": 298.858, "Actual Max Total Time": 298.858, "Plans": [{"Node Type": "Seq Scan", "Parent Relationship": "Outer", "Relation Name": "orders", "Alias": "orders", "Startup Cost": 57.33, "Total Cost": 70834.55, "Plan Rows": 569410, "Plan Width": 24, "Actual Min Startup Time": 0.025, "Actual Max Startup Time": 0.064, "Actual Min Total Time": 81.072, "Actual Max Total Time": 101.188, "Filter": "((o_orderdate >= '1995-01-01 00:00:00'::timestamp(0) without time zone) AND (o_orderdate < '1995-04-01 00:00:00'::timestamp without time zone)), (LLVM Optimized, Jit Execute)", "Rows Removed by Filter": 14438388, "Actual Rows": 561612}], "Actual Rows": 561612}, {"Node Type": "Index Scan", "Parent Relationship": "Inner", "Scan Direction": "Forward", "Index Name": "idx_lineitem_orderkey", "Relation Name": "lineitem", "Alias": "lineitem", "Startup Cost": 0.0, "Total Cost": 5.41, "Plan Rows": 3, "Plan Width": 8, "Actual Min Startup Time": 3742.77, "Actual Max Startup Time": 3742.77, "Actual Min Total Time": 3742.77, "Actual Max Total Time": 3742.77, "Index Cond": "(l_orderkey = orders.o_orderkey)", "Rows Removed by Index Recheck": 0, "Filter": "(l_commitdate < l_receiptdate)", "Rows Removed by Filter": 299676, "Actual Rows": 515106}], "Actual Rows": 515106}], "Actual Rows": 5}], "Actual Rows": 5}, "Triggers": [], "Planner Runtime": 0, "Total Runtime": 4743.195, "Unique SQL Id": 3745551476}}, "(64, 117)": {"explain_plan": {"Plan": {"Node Type": "Sort", "Startup Cost": 916688.59, "Total Cost": 916688.6, "Plan Rows": 1, "Plan Width": 24, "Sort Key": ["orders.o_orderpriority"], "Plans": [{"Node Type": "Aggregate", "Strategy": "Hashed", "Parent Relationship": "Outer", "Startup Cost": 916688.57, "Total Cost": 916688.58, "Plan Rows": 1, "Plan Width": 24, "Group By Key": ["orders.o_orderpriority"], "Plans": [{"Node Type": "Nested Loop", "Parent Relationship": "Outer", "Join Type": "Semi", "Startup Cost": 14564.7, "Total Cost": 913841.52, "Plan Rows": 569410, "Plan Width": 16, "Inner Unique": false, "Plans": [{"Node Type": "Bitmap Heap Scan", "Parent Relationship": "Outer", "Relation Name": "orders", "Alias": "orders", "Startup Cost": 14564.7, "Total Cost": 299524.85, "Plan Rows": 569410, "Plan Width": 24, "Recheck Cond": "((o_orderdate >= '1995-01-01 00:00:00'::timestamp(0) without time zone) AND (o_orderdate < '1995-04-01 00:00:00'::timestamp without time zone)), (LLVM Optimized)", "Plans": [{"Node Type": "Bitmap Index Scan", "Parent Relationship": "Outer", "Index Name": "idx_orders_orderdate", "Startup Cost": 0.0, "Total Cost": 14422.35, "Plan Rows": 569410, "Plan Width": 0, "Index Cond": "((o_orderdate >= '1995-01-01 00:00:00'::timestamp(0) without time zone) AND (o_orderdate < '1995-04-01 00:00:00'::timestamp without time zone))"}]}, {"Node Type": "Index Scan", "Parent Relationship": "Inner", "Scan Direction": "Forward", "Index Name": "idx_lineitem_orderkey", "Relation Name": "lineitem", "Alias": "lineitem", "Startup Cost": 0.0, "Total Cost": 5.41, "Plan Rows": 3, "Plan Width": 8, "Index Cond": "(l_orderkey = orders.o_orderkey)", "Filter": "(l_commitdate < l_receiptdate)"}]}]}]}, "Unique SQL Id": 3745551476, "Planner Runtime": 0}, "explain_analyze_plan": {"Plan": {"Node Type": "Sort", "Startup Cost": 916688.59, "Total Cost": 916688.6, "Plan Rows": 1, "Plan Width": 24, "Actual Startup Time": 5282.088, "Actual Total Time": 5282.088, "Actual Rows": 5, "Actual Loops": 1, "Sort Key": ["orders.o_orderpriority"], "Sort Method": "quicksort", "Sort Space Used": 25, "Sort Space Type": "Memory", "Plans": [{"Node Type": "Aggregate", "Strategy": "Hashed", "Parent Relationship": "Outer", "Startup Cost": 916688.57, "Total Cost": 916688.58, "Plan Rows": 1, "Plan Width": 24, "Actual Startup Time": 5282.022, "Actual Total Time": 5282.024, "Actual Rows": 5, "Actual Loops": 1, "Group By Key": ["orders.o_orderpriority"], "Plans": [{"Node Type": "Nested Loop", "Parent Relationship": "Outer", "Join Type": "Semi", "Startup Cost": 14564.7, "Total Cost": 913841.52, "Plan Rows": 569410, "Plan Width": 16, "Actual Startup Time": 248.585, "Actual Total Time": 5001.846, "Actual Rows": 515106, "Actual Loops": 1, "Inner Unique": false, "Plans": [{"Node Type": "Bitmap Heap Scan", "Parent Relationship": "Outer", "Relation Name": "orders", "Alias": "orders", "Startup Cost": 14564.7, "Total Cost": 299524.85, "Plan Rows": 569410, "Plan Width": 24, "Actual Startup Time": 248.504, "Actual Total Time": 1075.41, "Actual Rows": 561612, "Actual Loops": 1, "Recheck Cond": "((o_orderdate >= '1995-01-01 00:00:00'::timestamp(0) without time zone) AND (o_orderdate < '1995-04-01 00:00:00'::timestamp without time zone)), (LLVM Optimized, Jit Execute)", "Rows Removed by Index Recheck": 0, "Exact Heap Blocks": 241676, "Lossy Heap Blocks": 241676, "Plans": [{"Node Type": "Bitmap Index Scan", "Parent Relationship": "Outer", "Index Name": "idx_orders_orderdate", "Startup Cost": 0.0, "Total Cost": 14422.35, "Plan Rows": 569410, "Plan Width": 0, "Actual Startup Time": 173.471, "Actual Total Time": 173.471, "Actual Rows": 561612, "Actual Loops": 1, "Index Cond": "((o_orderdate >= '1995-01-01 00:00:00'::timestamp(0) without time zone) AND (o_orderdate < '1995-04-01 00:00:00'::timestamp without time zone))"}]}, {"Node Type": "Index Scan", "Parent Relationship": "Inner", "Scan Direction": "Forward", "Index Name": "idx_lineitem_orderkey", "Relation Name": "lineitem", "Alias": "lineitem", "Startup Cost": 0.0, "Total Cost": 5.41, "Plan Rows": 3, "Plan Width": 8, "Actual Startup Time": 3512.894, "Actual Total Time": 3512.894, "Actual Rows": 515106, "Actual Loops": 561612, "Index Cond": "(l_orderkey = orders.o_orderkey)", "Rows Removed by Index Recheck": 0, "Filter": "(l_commitdate < l_receiptdate)", "Rows Removed by Filter": 299676}]}]}]}, "Triggers": [], "Planner Runtime": 0, "Total Runtime": 5291.829, "Unique SQL Id": 3745551476}}, "(64, 118)": {"explain_plan": {"Plan": {"Node Type": "Sort", "Startup Cost": 2564698.92, "Total Cost": 2564698.92, "Plan Rows": 1, "Plan Width": 24, "Sort Key": ["orders.o_orderpriority"], "Plans": [{"Node Type": "Aggregate", "Strategy": "Hashed", "Parent Relationship": "Outer", "Startup Cost": 2564698.9, "Total Cost": 2564698.91, "Plan Rows": 1, "Plan Width": 24, "Group By Key": ["orders.o_orderpriority"], "Plans": [{"Node Type": "Nested Loop", "Parent Relationship": "Outer", "Join Type": "Semi", "Startup Cost": 59.27, "Total Cost": 2561851.85, "Plan Rows": 569410, "Plan Width": 16, "Inner Unique": false, "Plans": [{"Node Type": "Streaming(type: LOCAL GATHER dop: 1/64)", "Parent Relationship": "Outer", "Startup Cost": 57.33, "Total Cost": 82581.41, "Plan Rows": 569410, "Plan Width": 24, "Plans": [{"Node Type": "Seq Scan", "Parent Relationship": "Outer", "Relation Name": "orders", "Alias": "orders", "Startup Cost": 57.33, "Total Cost": 70834.55, "Plan Rows": 569410, "Plan Width": 24, "Filter": "((o_orderdate >= '1995-01-01 00:00:00'::timestamp(0) without time zone) AND (o_orderdate < '1995-04-01 00:00:00'::timestamp without time zone)), (LLVM Optimized)"}]}, {"Node Type": "Bitmap Heap Scan", "Parent Relationship": "Inner", "Relation Name": "lineitem", "Alias": "lineitem", "Startup Cost": 1.94, "Total Cost": 14.06, "Plan Rows": 3, "Plan Width": 8, "Recheck Cond": "(l_orderkey = orders.o_orderkey)", "Filter": "(l_commitdate < l_receiptdate)", "Plans": [{"Node Type": "Bitmap Index Scan", "Parent Relationship": "Outer", "Index Name": "idx_lineitem_orderkey", "Startup Cost": 0.0, "Total Cost": 1.94, "Plan Rows": 9, "Plan Width": 0, "Index Cond": "(l_orderkey = orders.o_orderkey)"}]}]}]}]}, "Unique SQL Id": 3745551476, "Planner Runtime": 0}, "explain_analyze_plan": {"Plan": {"Node Type": "Sort", "Startup Cost": 2564698.92, "Total Cost": 2564698.92, "Plan Rows": 1, "Plan Width": 24, "Actual Min Startup Time": 6284.1, "Actual Max Startup Time": 6284.1, "Actual Min Total Time": 6284.1, "Actual Max Total Time": 6284.1, "Sort Key": ["orders.o_orderpriority"], "Sort Method": "quicksort", "Sort Space Min Used": 25, "Sort Space Max Used": 25, "Sort Space Type": "Memory", "Plans": [{"Node Type": "Aggregate", "Strategy": "Hashed", "Parent Relationship": "Outer", "Startup Cost": 2564698.9, "Total Cost": 2564698.91, "Plan Rows": 1, "Plan Width": 24, "Actual Min Startup Time": 6284.044, "Actual Max Startup Time": 6284.044, "Actual Min Total Time": 6284.045, "Actual Max Total Time": 6284.045, "Group By Key": ["orders.o_orderpriority"], "Plans": [{"Node Type": "Nested Loop", "Parent Relationship": "Outer", "Join Type": "Semi", "Startup Cost": 59.27, "Total Cost": 2561851.85, "Plan Rows": 569410, "Plan Width": 16, "Actual Min Startup Time": 63.093, "Actual Max Startup Time": 63.093, "Actual Min Total Time": 5991.965, "Actual Max Total Time": 5991.965, "Inner Unique": false, "Plans": [{"Node Type": "Streaming(type: LOCAL GATHER dop: 1/64)", "Parent Relationship": "Outer", "Startup Cost": 57.33, "Total Cost": 82581.41, "Plan Rows": 569410, "Plan Width": 24, "Actual Min Startup Time": 63.008, "Actual Max Startup Time": 63.008, "Actual Min Total Time": 328.844, "Actual Max Total Time": 328.844, "Plans": [{"Node Type": "Seq Scan", "Parent Relationship": "Outer", "Relation Name": "orders", "Alias": "orders", "Startup Cost": 57.33, "Total Cost": 70834.55, "Plan Rows": 569410, "Plan Width": 24, "Actual Min Startup Time": 0.027, "Actual Max Startup Time": 0.068, "Actual Min Total Time": 81.88, "Actual Max Total Time": 104.775, "Filter": "((o_orderdate >= '1995-01-01 00:00:00'::timestamp(0) without time zone) AND (o_orderdate < '1995-04-01 00:00:00'::timestamp without time zone)), (LLVM Optimized, Jit Execute)", "Rows Removed by Filter": 14438388, "Actual Rows": 561612}], "Actual Rows": 561612}, {"Node Type": "Bitmap Heap Scan", "Parent Relationship": "Inner", "Relation Name": "lineitem", "Alias": "lineitem", "Startup Cost": 1.94, "Total Cost": 14.06, "Plan Rows": 3, "Plan Width": 8, "Actual Min Startup Time": 4914.22, "Actual Max Startup Time": 4914.22, "Actual Min Total Time": 4914.22, "Actual Max Total Time": 4914.22, "Recheck Cond": "(l_orderkey = orders.o_orderkey)", "Rows Removed by Index Recheck": 0, "Filter": "(l_commitdate < l_receiptdate)", "Rows Removed by Filter": 299676, "Exact Heap Blocks": 567798, "Lossy Heap Blocks": 567798, "Plans": [{"Node Type": "Bitmap Index Scan", "Parent Relationship": "Outer", "Index Name": "idx_lineitem_orderkey", "Startup Cost": 0.0, "Total Cost": 1.94, "Plan Rows": 9, "Plan Width": 0, "Actual Min Startup Time": 2442.712, "Actual Max Startup Time": 2442.712, "Actual Min Total Time": 2442.712, "Actual Max Total Time": 2442.712, "Index Cond": "(l_orderkey = orders.o_orderkey)", "Actual Rows": 2246588}], "Actual Rows": 515106}], "Actual Rows": 515106}], "Actual Rows": 5}], "Actual Rows": 5}, "Triggers": [], "Planner Runtime": 0, "Total Runtime": 6316.305, "Unique SQL Id": 3745551476}}, "(64, 119)": {"explain_plan": {"Plan": {"Node Type": "Sort", "Startup Cost": 2781642.36, "Total Cost": 2781642.36, "Plan Rows": 1, "Plan Width": 24, "Sort Key": ["orders.o_orderpriority"], "Plans": [{"Node Type": "Aggregate", "Strategy": "Hashed", "Parent Relationship": "Outer", "Startup Cost": 2781642.34, "Total Cost": 2781642.35, "Plan Rows": 1, "Plan Width": 24, "Group By Key": ["orders.o_orderpriority"], "Plans": [{"Node Type": "Nested Loop", "Parent Relationship": "Outer", "Join Type": "Semi", "Startup Cost": 14566.65, "Total Cost": 2778795.29, "Plan Rows": 569410, "Plan Width": 16, "Inner Unique": false, "Plans": [{"Node Type": "Bitmap Heap Scan", "Parent Relationship": "Outer", "Relation Name": "orders", "Alias": "orders", "Startup Cost": 14564.7, "Total Cost": 299524.85, "Plan Rows": 569410, "Plan Width": 24, "Recheck Cond": "((o_orderdate >= '1995-01-01 00:00:00'::timestamp(0) without time zone) AND (o_orderdate < '1995-04-01 00:00:00'::timestamp without time zone)), (LLVM Optimized)", "Plans": [{"Node Type": "Bitmap Index Scan", "Parent Relationship": "Outer", "Index Name": "idx_orders_orderdate", "Startup Cost": 0.0, "Total Cost": 14422.35, "Plan Rows": 569410, "Plan Width": 0, "Index Cond": "((o_orderdate >= '1995-01-01 00:00:00'::timestamp(0) without time zone) AND (o_orderdate < '1995-04-01 00:00:00'::timestamp without time zone))"}]}, {"Node Type": "Bitmap Heap Scan", "Parent Relationship": "Inner", "Relation Name": "lineitem", "Alias": "lineitem", "Startup Cost": 1.94, "Total Cost": 14.06, "Plan Rows": 3, "Plan Width": 8, "Recheck Cond": "(l_orderkey = orders.o_orderkey)", "Filter": "(l_commitdate < l_receiptdate)", "Plans": [{"Node Type": "Bitmap Index Scan", "Parent Relationship": "Outer", "Index Name": "idx_lineitem_orderkey", "Startup Cost": 0.0, "Total Cost": 1.94, "Plan Rows": 9, "Plan Width": 0, "Index Cond": "(l_orderkey = orders.o_orderkey)"}]}]}]}]}, "Unique SQL Id": 3745551476, "Planner Runtime": 0}, "explain_analyze_plan": {"Plan": {"Node Type": "Sort", "Startup Cost": 2781642.36, "Total Cost": 2781642.36, "Plan Rows": 1, "Plan Width": 24, "Actual Startup Time": 6948.197, "Actual Total Time": 6948.197, "Actual Rows": 5, "Actual Loops": 1, "Sort Key": ["orders.o_orderpriority"], "Sort Method": "quicksort", "Sort Space Used": 25, "Sort Space Type": "Memory", "Plans": [{"Node Type": "Aggregate", "Strategy": "Hashed", "Parent Relationship": "Outer", "Startup Cost": 2781642.34, "Total Cost": 2781642.35, "Plan Rows": 1, "Plan Width": 24, "Actual Startup Time": 6948.154, "Actual Total Time": 6948.156, "Actual Rows": 5, "Actual Loops": 1, "Group By Key": ["orders.o_orderpriority"], "Plans": [{"Node Type": "Nested Loop", "Parent Relationship": "Outer", "Join Type": "Semi", "Startup Cost": 14566.65, "Total Cost": 2778795.29, "Plan Rows": 569410, "Plan Width": 16, "Actual Startup Time": 242.485, "Actual Total Time": 6627.026, "Actual Rows": 515106, "Actual Loops": 1, "Inner Unique": false, "Plans": [{"Node Type": "Bitmap Heap Scan", "Parent Relationship": "Outer", "Relation Name": "orders", "Alias": "orders", "Startup Cost": 14564.7, "Total Cost": 299524.85, "Plan Rows": 569410, "Plan Width": 24, "Actual Startup Time": 242.383, "Actual Total Time": 1045.457, "Actual Rows": 561612, "Actual Loops": 1, "Recheck Cond": "((o_orderdate >= '1995-01-01 00:00:00'::timestamp(0) without time zone) AND (o_orderdate < '1995-04-01 00:00:00'::timestamp without time zone)), (LLVM Optimized, Jit Execute)", "Rows Removed by Index Recheck": 0, "Exact Heap Blocks": 241676, "Lossy Heap Blocks": 241676, "Plans": [{"Node Type": "Bitmap Index Scan", "Parent Relationship": "Outer", "Index Name": "idx_orders_orderdate", "Startup Cost": 0.0, "Total Cost": 14422.35, "Plan Rows": 569410, "Plan Width": 0, "Actual Startup Time": 166.951, "Actual Total Time": 166.951, "Actual Rows": 561612, "Actual Loops": 1, "Index Cond": "((o_orderdate >= '1995-01-01 00:00:00'::timestamp(0) without time zone) AND (o_orderdate < '1995-04-01 00:00:00'::timestamp without time zone))"}]}, {"Node Type": "Bitmap Heap Scan", "Parent Relationship": "Inner", "Relation Name": "lineitem", "Alias": "lineitem", "Startup Cost": 1.94, "Total Cost": 14.06, "Plan Rows": 3, "Plan Width": 8, "Actual Startup Time": 4824.463, "Actual Total Time": 4824.463, "Actual Rows": 515106, "Actual Loops": 561612, "Recheck Cond": "(l_orderkey = orders.o_orderkey)", "Rows Removed by Index Recheck": 0, "Filter": "(l_commitdate < l_receiptdate)", "Rows Removed by Filter": 299676, "Exact Heap Blocks": 567798, "Lossy Heap Blocks": 567798, "Plans": [{"Node Type": "Bitmap Index Scan", "Parent Relationship": "Outer", "Index Name": "idx_lineitem_orderkey", "Startup Cost": 0.0, "Total Cost": 1.94, "Plan Rows": 9, "Plan Width": 0, "Actual Startup Time": 2446.908, "Actual Total Time": 2446.908, "Actual Rows": 2246588, "Actual Loops": 561612, "Index Cond": "(l_orderkey = orders.o_orderkey)"}]}]}]}]}, "Triggers": [], "Planner Runtime": 0, "Total Runtime": 6961.186, "Unique SQL Id": 3745551476}}, "(64, 120)": {"explain_plan": {"Plan": {"Node Type": "Sort", "Startup Cost": 699745.15, "Total Cost": 699745.15, "Plan Rows": 1, "Plan Width": 24, "Sort Key": ["orders.o_orderpriority"], "Plans": [{"Node Type": "Aggregate", "Strategy": "Hashed", "Parent Relationship": "Outer", "Startup Cost": 699745.13, "Total Cost": 699745.14, "Plan Rows": 1, "Plan Width": 24, "Group By Key": ["orders.o_orderpriority"], "Plans": [{"Node Type": "Nested Loop", "Parent Relationship": "Outer", "Join Type": "Semi", "Startup Cost": 57.33, "Total Cost": 696898.08, "Plan Rows": 569410, "Plan Width": 16, "Inner Unique": false, "Plans": [{"Node Type": "Streaming(type: LOCAL GATHER dop: 1/64)", "Parent Relationship": "Outer", "Startup Cost": 57.33, "Total Cost": 82581.41, "Plan Rows": 569410, "Plan Width": 24, "Plans": [{"Node Type": "Seq Scan", "Parent Relationship": "Outer", "Relation Name": "orders", "Alias": "orders", "Startup Cost": 57.33, "Total Cost": 70834.55, "Plan Rows": 569410, "Plan Width": 24, "Filter": "((o_orderdate >= '1995-01-01 00:00:00'::timestamp(0) without time zone) AND (o_orderdate < '1995-04-01 00:00:00'::timestamp without time zone)), (LLVM Optimized)"}]}, {"Node Type": "Index Scan", "Parent Relationship": "Inner", "Scan Direction": "Forward", "Index Name": "idx_lineitem_orderkey", "Relation Name": "lineitem", "Alias": "lineitem", "Startup Cost": 0.0, "Total Cost": 5.41, "Plan Rows": 3, "Plan Width": 8, "Index Cond": "(l_orderkey = orders.o_orderkey)", "Filter": "(l_commitdate < l_receiptdate)"}]}]}]}, "Unique SQL Id": 3745551476, "Planner Runtime": 0}, "explain_analyze_plan": {"Plan": {"Node Type": "Sort", "Startup Cost": 699745.15, "Total Cost": 699745.15, "Plan Rows": 1, "Plan Width": 24, "Actual Min Startup Time": 4723.151, "Actual Max Startup Time": 4723.151, "Actual Min Total Time": 4723.151, "Actual Max Total Time": 4723.151, "Sort Key": ["orders.o_orderpriority"], "Sort Method": "quicksort", "Sort Space Min Used": 25, "Sort Space Max Used": 25, "Sort Space Type": "Memory", "Plans": [{"Node Type": "Aggregate", "Strategy": "Hashed", "Parent Relationship": "Outer", "Startup Cost": 699745.13, "Total Cost": 699745.14, "Plan Rows": 1, "Plan Width": 24, "Actual Min Startup Time": 4723.064, "Actual Max Startup Time": 4723.064, "Actual Min Total Time": 4723.065, "Actual Max Total Time": 4723.065, "Group By Key": ["orders.o_orderpriority"], "Plans": [{"Node Type": "Nested Loop", "Parent Relationship": "Outer", "Join Type": "Semi", "Startup Cost": 57.33, "Total Cost": 696898.08, "Plan Rows": 569410, "Plan Width": 16, "Actual Min Startup Time": 54.618, "Actual Max Startup Time": 54.618, "Actual Min Total Time": 4453.054, "Actual Max Total Time": 4453.054, "Inner Unique": false, "Plans": [{"Node Type": "Streaming(type: LOCAL GATHER dop: 1/64)", "Parent Relationship": "Outer", "Startup Cost": 57.33, "Total Cost": 82581.41, "Plan Rows": 569410, "Plan Width": 24, "Actual Min Startup Time": 54.525, "Actual Max Startup Time": 54.525, "Actual Min Total Time": 298.858, "Actual Max Total Time": 298.858, "Plans": [{"Node Type": "Seq Scan", "Parent Relationship": "Outer", "Relation Name": "orders", "Alias": "orders", "Startup Cost": 57.33, "Total Cost": 70834.55, "Plan Rows": 569410, "Plan Width": 24, "Actual Min Startup Time": 0.025, "Actual Max Startup Time": 0.064, "Actual Min Total Time": 81.072, "Actual Max Total Time": 101.188, "Filter": "((o_orderdate >= '1995-01-01 00:00:00'::timestamp(0) without time zone) AND (o_orderdate < '1995-04-01 00:00:00'::timestamp without time zone)), (LLVM Optimized, Jit Execute)", "Rows Removed by Filter": 14438388, "Actual Rows": 561612}], "Actual Rows": 561612}, {"Node Type": "Index Scan", "Parent Relationship": "Inner", "Scan Direction": "Forward", "Index Name": "idx_lineitem_orderkey", "Relation Name": "lineitem", "Alias": "lineitem", "Startup Cost": 0.0, "Total Cost": 5.41, "Plan Rows": 3, "Plan Width": 8, "Actual Min Startup Time": 3742.77, "Actual Max Startup Time": 3742.77, "Actual Min Total Time": 3742.77, "Actual Max Total Time": 3742.77, "Index Cond": "(l_orderkey = orders.o_orderkey)", "Rows Removed by Index Recheck": 0, "Filter": "(l_commitdate < l_receiptdate)", "Rows Removed by Filter": 299676, "Actual Rows": 515106}], "Actual Rows": 515106}], "Actual Rows": 5}], "Actual Rows": 5}, "Triggers": [], "Planner Runtime": 0, "Total Runtime": 4743.195, "Unique SQL Id": 3745551476}}, "(64, 121)": {"explain_plan": {"Plan": {"Node Type": "Sort", "Startup Cost": 1276409.75, "Total Cost": 1276409.75, "Plan Rows": 1, "Plan Width": 24, "Sort Key": ["orders.o_orderpriority"], "Plans": [{"Node Type": "Aggregate", "Strategy": "Hashed", "Parent Relationship": "Outer", "Startup Cost": 1276409.73, "Total Cost": 1276409.74, "Plan Rows": 1, "Plan Width": 24, "Group By Key": ["orders.o_orderpriority"], "Plans": [{"Node Type": "Nested Loop", "Parent Relationship": "Outer", "Join Type": "Semi", "Startup Cost": 0.0, "Total Cost": 1273562.68, "Plan Rows": 569410, "Plan Width": 16, "Inner Unique": false, "Plans": [{"Node Type": "Streaming(type: LOCAL GATHER dop: 1/64)", "Parent Relationship": "Outer", "Startup Cost": 0.0, "Total Cost": 659246.01, "Plan Rows": 569410, "Plan Width": 24, "Plans": [{"Node Type": "Index Scan", "Parent Relationship": "Outer", "Scan Direction": "Forward", "Index Name": "orders_pkey", "Relation Name": "orders", "Alias": "orders", "Startup Cost": 0.0, "Total Cost": 647499.15, "Plan Rows": 569410, "Plan Width": 24, "Filter": "((o_orderdate >= '1995-01-01 00:00:00'::timestamp(0) without time zone) AND (o_orderdate < '1995-04-01 00:00:00'::timestamp without time zone)), (LLVM Optimized)"}]}, {"Node Type": "Index Scan", "Parent Relationship": "Inner", "Scan Direction": "Forward", "Index Name": "idx_lineitem_orderkey", "Relation Name": "lineitem", "Alias": "lineitem", "Startup Cost": 0.0, "Total Cost": 5.41, "Plan Rows": 3, "Plan Width": 8, "Index Cond": "(l_orderkey = orders.o_orderkey)", "Filter": "(l_commitdate < l_receiptdate)"}]}]}]}, "Unique SQL Id": 3745551476, "Planner Runtime": 0}, "explain_analyze_plan": {"Plan": {"Node Type": "Sort", "Startup Cost": 1276409.75, "Total Cost": 1276409.75, "Plan Rows": 1, "Plan Width": 24, "Actual Min Startup Time": 5114.034, "Actual Max Startup Time": 5114.034, "Actual Min Total Time": 5114.035, "Actual Max Total Time": 5114.035, "Sort Key": ["orders.o_orderpriority"], "Sort Method": "quicksort", "Sort Space Min Used": 25, "Sort Space Max Used": 25, "Sort Space Type": "Memory", "Plans": [{"Node Type": "Aggregate", "Strategy": "Hashed", "Parent Relationship": "Outer", "Startup Cost": 1276409.73, "Total Cost": 1276409.74, "Plan Rows": 1, "Plan Width": 24, "Actual Min Startup Time": 5113.908, "Actual Max Startup Time": 5113.908, "Actual Min Total Time": 5113.916, "Actual Max Total Time": 5113.916, "Group By Key": ["orders.o_orderpriority"], "Plans": [{"Node Type": "Nested Loop", "Parent Relationship": "Outer", "Join Type": "Semi", "Startup Cost": 0.0, "Total Cost": 1273562.68, "Plan Rows": 569410, "Plan Width": 16, "Actual Min Startup Time": 280.535, "Actual Max Startup Time": 280.535, "Actual Min Total Time": 4847.659, "Actual Max Total Time": 4847.659, "Inner Unique": false, "Plans": [{"Node Type": "Streaming(type: LOCAL GATHER dop: 1/64)", "Parent Relationship": "Outer", "Startup Cost": 0.0, "Total Cost": 659246.01, "Plan Rows": 569410, "Plan Width": 24, "Actual Min Startup Time": 280.478, "Actual Max Startup Time": 280.478, "Actual Min Total Time": 562.974, "Actual Max Total Time": 562.974, "Plans": [{"Node Type": "Index Scan", "Parent Relationship": "Outer", "Scan Direction": "Forward", "Index Name": "orders_pkey", "Relation Name": "orders", "Alias": "orders", "Startup Cost": 0.0, "Total Cost": 647499.15, "Plan Rows": 569410, "Plan Width": 24, "Actual Min Startup Time": 84.099, "Actual Max Startup Time": 223.605, "Actual Min Total Time": 231.947, "Actual Max Total Time": 372.383, "Filter": "((o_orderdate >= '1995-01-01 00:00:00'::timestamp(0) without time zone) AND (o_orderdate < '1995-04-01 00:00:00'::timestamp without time zone)), (LLVM Optimized, Jit Execute)", "Rows Removed by Filter": 14438388, "Actual Rows": 561612}], "Actual Rows": 561612}, {"Node Type": "Index Scan", "Parent Relationship": "Inner", "Scan Direction": "Forward", "Index Name": "idx_lineitem_orderkey", "Relation Name": "lineitem", "Alias": "lineitem", "Startup Cost": 0.0, "Total Cost": 5.41, "Plan Rows": 3, "Plan Width": 8, "Actual Min Startup Time": 3869.73, "Actual Max Startup Time": 3869.73, "Actual Min Total Time": 3869.73, "Actual Max Total Time": 3869.73, "Index Cond": "(l_orderkey = orders.o_orderkey)", "Rows Removed by Index Recheck": 0, "Filter": "(l_commitdate < l_receiptdate)", "Rows Removed by Filter": 299676, "Actual Rows": 515106}], "Actual Rows": 515106}], "Actual Rows": 5}], "Actual Rows": 5}, "Triggers": [], "Planner Runtime": 0, "Total Runtime": 5134.044, "Unique SQL Id": 3745551476}}, "(64, 122)": {"explain_plan": {"Plan": {"Node Type": "Sort", "Startup Cost": 4917270.86, "Total Cost": 4917270.87, "Plan Rows": 1, "Plan Width": 24, "Sort Key": ["orders.o_orderpriority"], "Plans": [{"Node Type": "Streaming(type: LOCAL GATHER dop: 1/64)", "Parent Relationship": "Outer", "Startup Cost": 4917270.85, "Total Cost": 4917270.85, "Plan Rows": 1, "Plan Width": 24, "Plans": [{"Node Type": "Aggregate", "Strategy": "Hashed", "Parent Relationship": "Outer", "Startup Cost": 4917270.85, "Total Cost": 4917270.85, "Plan Rows": 1, "Plan Width": 24, "Group By Key": ["orders.o_orderpriority"], "Plans": [{"Node Type": "Streaming(type: LOCAL REDISTRIBUTE dop: 64/64)", "Parent Relationship": "Outer", "Startup Cost": 4917270.82, "Total Cost": 4917270.85, "Plan Rows": 1, "Plan Width": 24, "Plans": [{"Node Type": "Aggregate", "Strategy": "Hashed", "Parent Relationship": "Outer", "Startup Cost": 4917270.82, "Total Cost": 4917270.82, "Plan Rows": 1, "Plan Width": 24, "Group By Key": ["orders.o_orderpriority"], "Plans": [{"Node Type": "Nested Loop", "Parent Relationship": "Outer", "Join Type": "Inner", "Startup Cost": 168603.73, "Total Cost": 4917226.33, "Plan Rows": 569410, "Plan Width": 16, "Inner Unique": true, "Join Filter": "(orders.o_orderkey = lineitem.l_orderkey), (LLVM Optimized)", "Plans": [{"Node Type": "Aggregate", "Strategy": "Hashed", "Parent Relationship": "Outer", "Startup Cost": 163126.76, "Total Cost": 163470.87, "Plan Rows": 2202268, "Plan Width": 8, "Group By Key": ["lineitem.l_orderkey"], "Plans": [{"Node Type": "Streaming(type: LOCAL REDISTRIBUTE dop: 64/64)", "Parent Relationship": "Outer", "Startup Cost": 97610.5, "Total Cost": 163040.74, "Plan Rows": 2202268, "Plan Width": 8, "Plans": [{"Node Type": "Aggregate", "Strategy": "Hashed", "Parent Relationship": "Outer", "Startup Cost": 97610.5, "Total Cost": 97954.61, "Plan Rows": 2202268, "Plan Width": 8, "Group By Key": ["lineitem.l_orderkey"], "Plans": [{"Node Type": "Seq Scan", "Parent Relationship": "Outer", "Relation Name": "lineitem", "Alias": "lineitem", "Startup Cost": 0.0, "Total Cost": 96829.42, "Plan Rows": 19995678, "Plan Width": 8, "Filter": "(l_commitdate < l_receiptdate), (LLVM Optimized)"}]}]}]}, {"Node Type": "Materialize", "Parent Relationship": "Inner", "Startup Cost": 57.33, "Total Cost": 134418.42, "Plan Rows": 569410, "Plan Width": 24, "Plans": [{"Node Type": "Streaming(type: LOCAL REDISTRIBUTE dop: 64/64)", "Parent Relationship": "Outer", "Startup Cost": 57.33, "Total Cost": 134373.93, "Plan Rows": 569410, "Plan Width": 24, "Plans": [{"Node Type": "Seq Scan", "Parent Relationship": "Outer", "Relation Name": "orders", "Alias": "orders", "Startup Cost": 57.33, "Total Cost": 70834.55, "Plan Rows": 569410, "Plan Width": 24, "Filter": "((o_orderdate >= '1995-01-01 00:00:00'::timestamp(0) without time zone) AND (o_orderdate < '1995-04-01 00:00:00'::timestamp without time zone)), (LLVM Optimized)"}]}]}]}]}]}]}]}]}, "Unique SQL Id": 3745551476, "Planner Runtime": 0}, "explain_analyze_plan": null}, "(64, 123)": {"explain_plan": {"Plan": {"Node Type": "Sort", "Startup Cost": 2034307228087.09, "Total Cost": 2034307228087.1, "Plan Rows": 1, "Plan Width": 24, "Sort Key": ["orders.o_orderpriority"], "Plans": [{"Node Type": "Aggregate", "Strategy": "Hashed", "Parent Relationship": "Outer", "Startup Cost": 2034307228087.07, "Total Cost": 2034307228087.08, "Plan Rows": 1, "Plan Width": 24, "Group By Key": ["orders.o_orderpriority"], "Plans": [{"Node Type": "Nested Loop", "Parent Relationship": "Outer", "Join Type": "Semi", "Startup Cost": 20000000000.0, "Total Cost": 2034307225240.02, "Plan Rows": 569410, "Plan Width": 16, "Inner Unique": false, "Join Filter": "(orders.o_orderkey = lineitem.l_orderkey), (LLVM Optimized)", "Plans": [{"Node Type": "Index Scan", "Parent Relationship": "Outer", "Scan Direction": "Forward", "Index Name": "orders_pkey", "Relation Name": "orders", "Alias": "orders", "Startup Cost": 10000000000.0, "Total Cost": 1000080597583.0, "Plan Rows": 569410, "Plan Width": 24, "Filter": "((o_orderdate >= '1995-01-01 00:00:00'::timestamp(0) without time zone) AND (o_orderdate < '1995-04-01 00:00:00'::timestamp without time zone)), (LLVM Optimized)"}, {"Node Type": "Materialize", "Parent Relationship": "Inner", "Startup Cost": 10000000000.0, "Total Cost": 1000339112111.14, "Plan Rows": 19995678, "Plan Width": 8, "Plans": [{"Node Type": "Index Scan", "Parent Relationship": "Outer", "Scan Direction": "Forward", "Index Name": "idx_lineitem_orderkey", "Relation Name": "lineitem", "Alias": "lineitem", "Startup Cost": 10000000000.0, "Total Cost": 1000339012132.75, "Plan Rows": 19995678, "Plan Width": 8, "Filter": "(l_commitdate < l_receiptdate), (LLVM Optimized)"}]}]}]}]}, "Unique SQL Id": 3745551476, "Planner Runtime": 0}, "explain_analyze_plan": null}, "(64, 124)": {"explain_plan": {"Plan": {"Node Type": "Sort", "Startup Cost": 699745.15, "Total Cost": 699745.15, "Plan Rows": 1, "Plan Width": 24, "Sort Key": ["orders.o_orderpriority"], "Plans": [{"Node Type": "Aggregate", "Strategy": "Hashed", "Parent Relationship": "Outer", "Startup Cost": 699745.13, "Total Cost": 699745.14, "Plan Rows": 1, "Plan Width": 24, "Group By Key": ["orders.o_orderpriority"], "Plans": [{"Node Type": "Nested Loop", "Parent Relationship": "Outer", "Join Type": "Semi", "Startup Cost": 57.33, "Total Cost": 696898.08, "Plan Rows": 569410, "Plan Width": 16, "Inner Unique": false, "Plans": [{"Node Type": "Streaming(type: LOCAL GATHER dop: 1/64)", "Parent Relationship": "Outer", "Startup Cost": 57.33, "Total Cost": 82581.41, "Plan Rows": 569410, "Plan Width": 24, "Plans": [{"Node Type": "Seq Scan", "Parent Relationship": "Outer", "Relation Name": "orders", "Alias": "orders", "Startup Cost": 57.33, "Total Cost": 70834.55, "Plan Rows": 569410, "Plan Width": 24, "Filter": "((o_orderdate >= '1995-01-01 00:00:00'::timestamp(0) without time zone) AND (o_orderdate < '1995-04-01 00:00:00'::timestamp without time zone)), (LLVM Optimized)"}]}, {"Node Type": "Index Scan", "Parent Relationship": "Inner", "Scan Direction": "Forward", "Index Name": "idx_lineitem_orderkey", "Relation Name": "lineitem", "Alias": "lineitem", "Startup Cost": 0.0, "Total Cost": 5.41, "Plan Rows": 3, "Plan Width": 8, "Index Cond": "(l_orderkey = orders.o_orderkey)", "Filter": "(l_commitdate < l_receiptdate)"}]}]}]}, "Unique SQL Id": 3745551476, "Planner Runtime": 0}, "explain_analyze_plan": {"Plan": {"Node Type": "Sort", "Startup Cost": 699745.15, "Total Cost": 699745.15, "Plan Rows": 1, "Plan Width": 24, "Actual Min Startup Time": 4723.151, "Actual Max Startup Time": 4723.151, "Actual Min Total Time": 4723.151, "Actual Max Total Time": 4723.151, "Sort Key": ["orders.o_orderpriority"], "Sort Method": "quicksort", "Sort Space Min Used": 25, "Sort Space Max Used": 25, "Sort Space Type": "Memory", "Plans": [{"Node Type": "Aggregate", "Strategy": "Hashed", "Parent Relationship": "Outer", "Startup Cost": 699745.13, "Total Cost": 699745.14, "Plan Rows": 1, "Plan Width": 24, "Actual Min Startup Time": 4723.064, "Actual Max Startup Time": 4723.064, "Actual Min Total Time": 4723.065, "Actual Max Total Time": 4723.065, "Group By Key": ["orders.o_orderpriority"], "Plans": [{"Node Type": "Nested Loop", "Parent Relationship": "Outer", "Join Type": "Semi", "Startup Cost": 57.33, "Total Cost": 696898.08, "Plan Rows": 569410, "Plan Width": 16, "Actual Min Startup Time": 54.618, "Actual Max Startup Time": 54.618, "Actual Min Total Time": 4453.054, "Actual Max Total Time": 4453.054, "Inner Unique": false, "Plans": [{"Node Type": "Streaming(type: LOCAL GATHER dop: 1/64)", "Parent Relationship": "Outer", "Startup Cost": 57.33, "Total Cost": 82581.41, "Plan Rows": 569410, "Plan Width": 24, "Actual Min Startup Time": 54.525, "Actual Max Startup Time": 54.525, "Actual Min Total Time": 298.858, "Actual Max Total Time": 298.858, "Plans": [{"Node Type": "Seq Scan", "Parent Relationship": "Outer", "Relation Name": "orders", "Alias": "orders", "Startup Cost": 57.33, "Total Cost": 70834.55, "Plan Rows": 569410, "Plan Width": 24, "Actual Min Startup Time": 0.025, "Actual Max Startup Time": 0.064, "Actual Min Total Time": 81.072, "Actual Max Total Time": 101.188, "Filter": "((o_orderdate >= '1995-01-01 00:00:00'::timestamp(0) without time zone) AND (o_orderdate < '1995-04-01 00:00:00'::timestamp without time zone)), (LLVM Optimized, Jit Execute)", "Rows Removed by Filter": 14438388, "Actual Rows": 561612}], "Actual Rows": 561612}, {"Node Type": "Index Scan", "Parent Relationship": "Inner", "Scan Direction": "Forward", "Index Name": "idx_lineitem_orderkey", "Relation Name": "lineitem", "Alias": "lineitem", "Startup Cost": 0.0, "Total Cost": 5.41, "Plan Rows": 3, "Plan Width": 8, "Actual Min Startup Time": 3742.77, "Actual Max Startup Time": 3742.77, "Actual Min Total Time": 3742.77, "Actual Max Total Time": 3742.77, "Index Cond": "(l_orderkey = orders.o_orderkey)", "Rows Removed by Index Recheck": 0, "Filter": "(l_commitdate < l_receiptdate)", "Rows Removed by Filter": 299676, "Actual Rows": 515106}], "Actual Rows": 515106}], "Actual Rows": 5}], "Actual Rows": 5}, "Triggers": [], "Planner Runtime": 0, "Total Runtime": 4743.195, "Unique SQL Id": 3745551476}}, "(64, 125)": {"explain_plan": {"Plan": {"Node Type": "Sort", "Startup Cost": 1276409.75, "Total Cost": 1276409.75, "Plan Rows": 1, "Plan Width": 24, "Sort Key": ["orders.o_orderpriority"], "Plans": [{"Node Type": "Aggregate", "Strategy": "Hashed", "Parent Relationship": "Outer", "Startup Cost": 1276409.73, "Total Cost": 1276409.74, "Plan Rows": 1, "Plan Width": 24, "Group By Key": ["orders.o_orderpriority"], "Plans": [{"Node Type": "Nested Loop", "Parent Relationship": "Outer", "Join Type": "Semi", "Startup Cost": 0.0, "Total Cost": 1273562.68, "Plan Rows": 569410, "Plan Width": 16, "Inner Unique": false, "Plans": [{"Node Type": "Streaming(type: LOCAL GATHER dop: 1/64)", "Parent Relationship": "Outer", "Startup Cost": 0.0, "Total Cost": 659246.01, "Plan Rows": 569410, "Plan Width": 24, "Plans": [{"Node Type": "Index Scan", "Parent Relationship": "Outer", "Scan Direction": "Forward", "Index Name": "orders_pkey", "Relation Name": "orders", "Alias": "orders", "Startup Cost": 0.0, "Total Cost": 647499.15, "Plan Rows": 569410, "Plan Width": 24, "Filter": "((o_orderdate >= '1995-01-01 00:00:00'::timestamp(0) without time zone) AND (o_orderdate < '1995-04-01 00:00:00'::timestamp without time zone)), (LLVM Optimized)"}]}, {"Node Type": "Index Scan", "Parent Relationship": "Inner", "Scan Direction": "Forward", "Index Name": "idx_lineitem_orderkey", "Relation Name": "lineitem", "Alias": "lineitem", "Startup Cost": 0.0, "Total Cost": 5.41, "Plan Rows": 3, "Plan Width": 8, "Index Cond": "(l_orderkey = orders.o_orderkey)", "Filter": "(l_commitdate < l_receiptdate)"}]}]}]}, "Unique SQL Id": 3745551476, "Planner Runtime": 0}, "explain_analyze_plan": {"Plan": {"Node Type": "Sort", "Startup Cost": 1276409.75, "Total Cost": 1276409.75, "Plan Rows": 1, "Plan Width": 24, "Actual Min Startup Time": 5114.034, "Actual Max Startup Time": 5114.034, "Actual Min Total Time": 5114.035, "Actual Max Total Time": 5114.035, "Sort Key": ["orders.o_orderpriority"], "Sort Method": "quicksort", "Sort Space Min Used": 25, "Sort Space Max Used": 25, "Sort Space Type": "Memory", "Plans": [{"Node Type": "Aggregate", "Strategy": "Hashed", "Parent Relationship": "Outer", "Startup Cost": 1276409.73, "Total Cost": 1276409.74, "Plan Rows": 1, "Plan Width": 24, "Actual Min Startup Time": 5113.908, "Actual Max Startup Time": 5113.908, "Actual Min Total Time": 5113.916, "Actual Max Total Time": 5113.916, "Group By Key": ["orders.o_orderpriority"], "Plans": [{"Node Type": "Nested Loop", "Parent Relationship": "Outer", "Join Type": "Semi", "Startup Cost": 0.0, "Total Cost": 1273562.68, "Plan Rows": 569410, "Plan Width": 16, "Actual Min Startup Time": 280.535, "Actual Max Startup Time": 280.535, "Actual Min Total Time": 4847.659, "Actual Max Total Time": 4847.659, "Inner Unique": false, "Plans": [{"Node Type": "Streaming(type: LOCAL GATHER dop: 1/64)", "Parent Relationship": "Outer", "Startup Cost": 0.0, "Total Cost": 659246.01, "Plan Rows": 569410, "Plan Width": 24, "Actual Min Startup Time": 280.478, "Actual Max Startup Time": 280.478, "Actual Min Total Time": 562.974, "Actual Max Total Time": 562.974, "Plans": [{"Node Type": "Index Scan", "Parent Relationship": "Outer", "Scan Direction": "Forward", "Index Name": "orders_pkey", "Relation Name": "orders", "Alias": "orders", "Startup Cost": 0.0, "Total Cost": 647499.15, "Plan Rows": 569410, "Plan Width": 24, "Actual Min Startup Time": 84.099, "Actual Max Startup Time": 223.605, "Actual Min Total Time": 231.947, "Actual Max Total Time": 372.383, "Filter": "((o_orderdate >= '1995-01-01 00:00:00'::timestamp(0) without time zone) AND (o_orderdate < '1995-04-01 00:00:00'::timestamp without time zone)), (LLVM Optimized, Jit Execute)", "Rows Removed by Filter": 14438388, "Actual Rows": 561612}], "Actual Rows": 561612}, {"Node Type": "Index Scan", "Parent Relationship": "Inner", "Scan Direction": "Forward", "Index Name": "idx_lineitem_orderkey", "Relation Name": "lineitem", "Alias": "lineitem", "Startup Cost": 0.0, "Total Cost": 5.41, "Plan Rows": 3, "Plan Width": 8, "Actual Min Startup Time": 3869.73, "Actual Max Startup Time": 3869.73, "Actual Min Total Time": 3869.73, "Actual Max Total Time": 3869.73, "Index Cond": "(l_orderkey = orders.o_orderkey)", "Rows Removed by Index Recheck": 0, "Filter": "(l_commitdate < l_receiptdate)", "Rows Removed by Filter": 299676, "Actual Rows": 515106}], "Actual Rows": 515106}], "Actual Rows": 5}], "Actual Rows": 5}, "Triggers": [], "Planner Runtime": 0, "Total Runtime": 5134.044, "Unique SQL Id": 3745551476}}, "(64, 126)": {"explain_plan": {"Plan": {"Node Type": "Sort", "Startup Cost": 4917270.86, "Total Cost": 4917270.87, "Plan Rows": 1, "Plan Width": 24, "Sort Key": ["orders.o_orderpriority"], "Plans": [{"Node Type": "Streaming(type: LOCAL GATHER dop: 1/64)", "Parent Relationship": "Outer", "Startup Cost": 4917270.85, "Total Cost": 4917270.85, "Plan Rows": 1, "Plan Width": 24, "Plans": [{"Node Type": "Aggregate", "Strategy": "Hashed", "Parent Relationship": "Outer", "Startup Cost": 4917270.85, "Total Cost": 4917270.85, "Plan Rows": 1, "Plan Width": 24, "Group By Key": ["orders.o_orderpriority"], "Plans": [{"Node Type": "Streaming(type: LOCAL REDISTRIBUTE dop: 64/64)", "Parent Relationship": "Outer", "Startup Cost": 4917270.82, "Total Cost": 4917270.85, "Plan Rows": 1, "Plan Width": 24, "Plans": [{"Node Type": "Aggregate", "Strategy": "Hashed", "Parent Relationship": "Outer", "Startup Cost": 4917270.82, "Total Cost": 4917270.82, "Plan Rows": 1, "Plan Width": 24, "Group By Key": ["orders.o_orderpriority"], "Plans": [{"Node Type": "Nested Loop", "Parent Relationship": "Outer", "Join Type": "Inner", "Startup Cost": 168603.73, "Total Cost": 4917226.33, "Plan Rows": 569410, "Plan Width": 16, "Inner Unique": true, "Join Filter": "(orders.o_orderkey = lineitem.l_orderkey), (LLVM Optimized)", "Plans": [{"Node Type": "Aggregate", "Strategy": "Hashed", "Parent Relationship": "Outer", "Startup Cost": 163126.76, "Total Cost": 163470.87, "Plan Rows": 2202268, "Plan Width": 8, "Group By Key": ["lineitem.l_orderkey"], "Plans": [{"Node Type": "Streaming(type: LOCAL REDISTRIBUTE dop: 64/64)", "Parent Relationship": "Outer", "Startup Cost": 97610.5, "Total Cost": 163040.74, "Plan Rows": 2202268, "Plan Width": 8, "Plans": [{"Node Type": "Aggregate", "Strategy": "Hashed", "Parent Relationship": "Outer", "Startup Cost": 97610.5, "Total Cost": 97954.61, "Plan Rows": 2202268, "Plan Width": 8, "Group By Key": ["lineitem.l_orderkey"], "Plans": [{"Node Type": "Seq Scan", "Parent Relationship": "Outer", "Relation Name": "lineitem", "Alias": "lineitem", "Startup Cost": 0.0, "Total Cost": 96829.42, "Plan Rows": 19995678, "Plan Width": 8, "Filter": "(l_commitdate < l_receiptdate), (LLVM Optimized)"}]}]}]}, {"Node Type": "Materialize", "Parent Relationship": "Inner", "Startup Cost": 57.33, "Total Cost": 134418.42, "Plan Rows": 569410, "Plan Width": 24, "Plans": [{"Node Type": "Streaming(type: LOCAL REDISTRIBUTE dop: 64/64)", "Parent Relationship": "Outer", "Startup Cost": 57.33, "Total Cost": 134373.93, "Plan Rows": 569410, "Plan Width": 24, "Plans": [{"Node Type": "Seq Scan", "Parent Relationship": "Outer", "Relation Name": "orders", "Alias": "orders", "Startup Cost": 57.33, "Total Cost": 70834.55, "Plan Rows": 569410, "Plan Width": 24, "Filter": "((o_orderdate >= '1995-01-01 00:00:00'::timestamp(0) without time zone) AND (o_orderdate < '1995-04-01 00:00:00'::timestamp without time zone)), (LLVM Optimized)"}]}]}]}]}]}]}]}]}, "Unique SQL Id": 3745551476, "Planner Runtime": 0}, "explain_analyze_plan": null}, "(64, 127)": {"explain_plan": {"Plan": {"Node Type": "Sort", "Startup Cost": 2034307228087.09, "Total Cost": 2034307228087.1, "Plan Rows": 1, "Plan Width": 24, "Sort Key": ["orders.o_orderpriority"], "Plans": [{"Node Type": "Aggregate", "Strategy": "Hashed", "Parent Relationship": "Outer", "Startup Cost": 2034307228087.07, "Total Cost": 2034307228087.08, "Plan Rows": 1, "Plan Width": 24, "Group By Key": ["orders.o_orderpriority"], "Plans": [{"Node Type": "Nested Loop", "Parent Relationship": "Outer", "Join Type": "Semi", "Startup Cost": 20000000000.0, "Total Cost": 2034307225240.02, "Plan Rows": 569410, "Plan Width": 16, "Inner Unique": false, "Join Filter": "(orders.o_orderkey = lineitem.l_orderkey), (LLVM Optimized)", "Plans": [{"Node Type": "Index Scan", "Parent Relationship": "Outer", "Scan Direction": "Forward", "Index Name": "orders_pkey", "Relation Name": "orders", "Alias": "orders", "Startup Cost": 10000000000.0, "Total Cost": 1000080597583.0, "Plan Rows": 569410, "Plan Width": 24, "Filter": "((o_orderdate >= '1995-01-01 00:00:00'::timestamp(0) without time zone) AND (o_orderdate < '1995-04-01 00:00:00'::timestamp without time zone)), (LLVM Optimized)"}, {"Node Type": "Materialize", "Parent Relationship": "Inner", "Startup Cost": 10000000000.0, "Total Cost": 1000339112111.14, "Plan Rows": 19995678, "Plan Width": 8, "Plans": [{"Node Type": "Index Scan", "Parent Relationship": "Outer", "Scan Direction": "Forward", "Index Name": "idx_lineitem_orderkey", "Relation Name": "lineitem", "Alias": "lineitem", "Startup Cost": 10000000000.0, "Total Cost": 1000339012132.75, "Plan Rows": 19995678, "Plan Width": 8, "Filter": "(l_commitdate < l_receiptdate), (LLVM Optimized)"}]}]}]}]}, "Unique SQL Id": 3745551476, "Planner Runtime": 0}, "explain_analyze_plan": null}}