{"(1, 0)": {"explain_plan": {"Plan": {"Node Type": "Aggregate", "Strategy": "Plain", "Startup Cost": 1813598.15, "Total Cost": 1813598.16, "Plan Rows": 1, "Plan Width": 24, "Plans": [{"Node Type": "Bitmap Heap Scan", "Parent Relationship": "Outer", "Relation Name": "lineitem", "Alias": "lineitem", "Startup Cost": 380421.43, "Total Cost": 1807919.37, "Plan Rows": 1135757, "Plan Width": 16, "Recheck Cond": "((l_shipdate >= '1994-01-01 00:00:00'::timestamp(0) without time zone) AND (l_shipdate < '1995-01-01 00:00:00'::timestamp without time zone) AND (l_discount >= .05::double precision) AND (l_discount <= .07::double precision) AND (l_quantity < 24::double precision)), (LLVM Optimized)", "Plans": [{"Node Type": "Bitmap Index Scan", "Parent Relationship": "Outer", "Index Name": "idx_lineitem_shipdate", "Startup Cost": 0.0, "Total Cost": 380137.49, "Plan Rows": 1135757, "Plan Width": 0, "Index Cond": "((l_shipdate >= '1994-01-01 00:00:00'::timestamp(0) without time zone) AND (l_shipdate < '1995-01-01 00:00:00'::timestamp without time zone) AND (l_discount >= .05::double precision) AND (l_discount <= .07::double precision) AND (l_quantity < 24::double precision))"}]}]}, "Unique SQL Id": 4176715123, "Planner Runtime": 0}, "explain_analyze_plan": {"Plan": {"Node Type": "Aggregate", "Strategy": "Plain", "Startup Cost": 1813598.15, "Total Cost": 1813598.16, "Plan Rows": 1, "Plan Width": 24, "Actual Startup Time": 4235.455, "Actual Total Time": 4235.456, "Actual Rows": 1, "Actual Loops": 1, "Plans": [{"Node Type": "Bitmap Heap Scan", "Parent Relationship": "Outer", "Relation Name": "lineitem", "Alias": "lineitem", "Startup Cost": 380421.43, "Total Cost": 1807919.37, "Plan Rows": 1135757, "Plan Width": 16, "Actual Startup Time": 2209.192, "Actual Total Time": 3896.981, "Actual Rows": 1139264, "Actual Loops": 1, "Recheck Cond": "((l_shipdate >= '1994-01-01 00:00:00'::timestamp(0) without time zone) AND (l_shipdate < '1995-01-01 00:00:00'::timestamp without time zone) AND (l_discount >= .05::double precision) AND (l_discount <= .07::double precision) AND (l_quantity < 24::double precision)), (LLVM Optimized, Jit Execute)", "Rows Removed by Index Recheck": 0, "Exact Heap Blocks": 699048, "Lossy Heap Blocks": 699048, "Plans": [{"Node Type": "Bitmap Index Scan", "Parent Relationship": "Outer", "Index Name": "idx_lineitem_shipdate", "Startup Cost": 0.0, "Total Cost": 380137.49, "Plan Rows": 1135757, "Plan Width": 0, "Actual Startup Time": 1874.732, "Actual Total Time": 1874.732, "Actual Rows": 1139264, "Actual Loops": 1, "Index Cond": "((l_shipdate >= '1994-01-01 00:00:00'::timestamp(0) without time zone) AND (l_shipdate < '1995-01-01 00:00:00'::timestamp without time zone) AND (l_discount >= .05::double precision) AND (l_discount <= .07::double precision) AND (l_quantity < 24::double precision))"}]}]}, "Triggers": [], "Planner Runtime": 0, "Total Runtime": 4246.2, "Unique SQL Id": 4176715123}}, "(1, 1)": {"explain_plan": {"Plan": {"Node Type": "Aggregate", "Strategy": "Plain", "Startup Cost": 1813598.15, "Total Cost": 1813598.16, "Plan Rows": 1, "Plan Width": 24, "Plans": [{"Node Type": "Bitmap Heap Scan", "Parent Relationship": "Outer", "Relation Name": "lineitem", "Alias": "lineitem", "Startup Cost": 380421.43, "Total Cost": 1807919.37, "Plan Rows": 1135757, "Plan Width": 16, "Recheck Cond": "((l_shipdate >= '1994-01-01 00:00:00'::timestamp(0) without time zone) AND (l_shipdate < '1995-01-01 00:00:00'::timestamp without time zone) AND (l_discount >= .05::double precision) AND (l_discount <= .07::double precision) AND (l_quantity < 24::double precision)), (LLVM Optimized)", "Plans": [{"Node Type": "Bitmap Index Scan", "Parent Relationship": "Outer", "Index Name": "idx_lineitem_shipdate", "Startup Cost": 0.0, "Total Cost": 380137.49, "Plan Rows": 1135757, "Plan Width": 0, "Index Cond": "((l_shipdate >= '1994-01-01 00:00:00'::timestamp(0) without time zone) AND (l_shipdate < '1995-01-01 00:00:00'::timestamp without time zone) AND (l_discount >= .05::double precision) AND (l_discount <= .07::double precision) AND (l_quantity < 24::double precision))"}]}]}, "Unique SQL Id": 4176715123, "Planner Runtime": 0}, "explain_analyze_plan": {"Plan": {"Node Type": "Aggregate", "Strategy": "Plain", "Startup Cost": 1813598.15, "Total Cost": 1813598.16, "Plan Rows": 1, "Plan Width": 24, "Actual Startup Time": 4235.455, "Actual Total Time": 4235.456, "Actual Rows": 1, "Actual Loops": 1, "Plans": [{"Node Type": "Bitmap Heap Scan", "Parent Relationship": "Outer", "Relation Name": "lineitem", "Alias": "lineitem", "Startup Cost": 380421.43, "Total Cost": 1807919.37, "Plan Rows": 1135757, "Plan Width": 16, "Actual Startup Time": 2209.192, "Actual Total Time": 3896.981, "Actual Rows": 1139264, "Actual Loops": 1, "Recheck Cond": "((l_shipdate >= '1994-01-01 00:00:00'::timestamp(0) without time zone) AND (l_shipdate < '1995-01-01 00:00:00'::timestamp without time zone) AND (l_discount >= .05::double precision) AND (l_discount <= .07::double precision) AND (l_quantity < 24::double precision)), (LLVM Optimized, Jit Execute)", "Rows Removed by Index Recheck": 0, "Exact Heap Blocks": 699048, "Lossy Heap Blocks": 699048, "Plans": [{"Node Type": "Bitmap Index Scan", "Parent Relationship": "Outer", "Index Name": "idx_lineitem_shipdate", "Startup Cost": 0.0, "Total Cost": 380137.49, "Plan Rows": 1135757, "Plan Width": 0, "Actual Startup Time": 1874.732, "Actual Total Time": 1874.732, "Actual Rows": 1139264, "Actual Loops": 1, "Index Cond": "((l_shipdate >= '1994-01-01 00:00:00'::timestamp(0) without time zone) AND (l_shipdate < '1995-01-01 00:00:00'::timestamp without time zone) AND (l_discount >= .05::double precision) AND (l_discount <= .07::double precision) AND (l_quantity < 24::double precision))"}]}]}, "Triggers": [], "Planner Runtime": 0, "Total Runtime": 4246.2, "Unique SQL Id": 4176715123}}, "(1, 2)": {"explain_plan": {"Plan": {"Node Type": "Aggregate", "Strategy": "Plain", "Startup Cost": 1813598.15, "Total Cost": 1813598.16, "Plan Rows": 1, "Plan Width": 24, "Plans": [{"Node Type": "Bitmap Heap Scan", "Parent Relationship": "Outer", "Relation Name": "lineitem", "Alias": "lineitem", "Startup Cost": 380421.43, "Total Cost": 1807919.37, "Plan Rows": 1135757, "Plan Width": 16, "Recheck Cond": "((l_shipdate >= '1994-01-01 00:00:00'::timestamp(0) without time zone) AND (l_shipdate < '1995-01-01 00:00:00'::timestamp without time zone) AND (l_discount >= .05::double precision) AND (l_discount <= .07::double precision) AND (l_quantity < 24::double precision)), (LLVM Optimized)", "Plans": [{"Node Type": "Bitmap Index Scan", "Parent Relationship": "Outer", "Index Name": "idx_lineitem_shipdate", "Startup Cost": 0.0, "Total Cost": 380137.49, "Plan Rows": 1135757, "Plan Width": 0, "Index Cond": "((l_shipdate >= '1994-01-01 00:00:00'::timestamp(0) without time zone) AND (l_shipdate < '1995-01-01 00:00:00'::timestamp without time zone) AND (l_discount >= .05::double precision) AND (l_discount <= .07::double precision) AND (l_quantity < 24::double precision))"}]}]}, "Unique SQL Id": 4176715123, "Planner Runtime": 0}, "explain_analyze_plan": {"Plan": {"Node Type": "Aggregate", "Strategy": "Plain", "Startup Cost": 1813598.15, "Total Cost": 1813598.16, "Plan Rows": 1, "Plan Width": 24, "Actual Startup Time": 4235.455, "Actual Total Time": 4235.456, "Actual Rows": 1, "Actual Loops": 1, "Plans": [{"Node Type": "Bitmap Heap Scan", "Parent Relationship": "Outer", "Relation Name": "lineitem", "Alias": "lineitem", "Startup Cost": 380421.43, "Total Cost": 1807919.37, "Plan Rows": 1135757, "Plan Width": 16, "Actual Startup Time": 2209.192, "Actual Total Time": 3896.981, "Actual Rows": 1139264, "Actual Loops": 1, "Recheck Cond": "((l_shipdate >= '1994-01-01 00:00:00'::timestamp(0) without time zone) AND (l_shipdate < '1995-01-01 00:00:00'::timestamp without time zone) AND (l_discount >= .05::double precision) AND (l_discount <= .07::double precision) AND (l_quantity < 24::double precision)), (LLVM Optimized, Jit Execute)", "Rows Removed by Index Recheck": 0, "Exact Heap Blocks": 699048, "Lossy Heap Blocks": 699048, "Plans": [{"Node Type": "Bitmap Index Scan", "Parent Relationship": "Outer", "Index Name": "idx_lineitem_shipdate", "Startup Cost": 0.0, "Total Cost": 380137.49, "Plan Rows": 1135757, "Plan Width": 0, "Actual Startup Time": 1874.732, "Actual Total Time": 1874.732, "Actual Rows": 1139264, "Actual Loops": 1, "Index Cond": "((l_shipdate >= '1994-01-01 00:00:00'::timestamp(0) without time zone) AND (l_shipdate < '1995-01-01 00:00:00'::timestamp without time zone) AND (l_discount >= .05::double precision) AND (l_discount <= .07::double precision) AND (l_quantity < 24::double precision))"}]}]}, "Triggers": [], "Planner Runtime": 0, "Total Runtime": 4246.2, "Unique SQL Id": 4176715123}}, "(1, 3)": {"explain_plan": {"Plan": {"Node Type": "Aggregate", "Strategy": "Plain", "Startup Cost": 1813598.15, "Total Cost": 1813598.16, "Plan Rows": 1, "Plan Width": 24, "Plans": [{"Node Type": "Bitmap Heap Scan", "Parent Relationship": "Outer", "Relation Name": "lineitem", "Alias": "lineitem", "Startup Cost": 380421.43, "Total Cost": 1807919.37, "Plan Rows": 1135757, "Plan Width": 16, "Recheck Cond": "((l_shipdate >= '1994-01-01 00:00:00'::timestamp(0) without time zone) AND (l_shipdate < '1995-01-01 00:00:00'::timestamp without time zone) AND (l_discount >= .05::double precision) AND (l_discount <= .07::double precision) AND (l_quantity < 24::double precision)), (LLVM Optimized)", "Plans": [{"Node Type": "Bitmap Index Scan", "Parent Relationship": "Outer", "Index Name": "idx_lineitem_shipdate", "Startup Cost": 0.0, "Total Cost": 380137.49, "Plan Rows": 1135757, "Plan Width": 0, "Index Cond": "((l_shipdate >= '1994-01-01 00:00:00'::timestamp(0) without time zone) AND (l_shipdate < '1995-01-01 00:00:00'::timestamp without time zone) AND (l_discount >= .05::double precision) AND (l_discount <= .07::double precision) AND (l_quantity < 24::double precision))"}]}]}, "Unique SQL Id": 4176715123, "Planner Runtime": 0}, "explain_analyze_plan": {"Plan": {"Node Type": "Aggregate", "Strategy": "Plain", "Startup Cost": 1813598.15, "Total Cost": 1813598.16, "Plan Rows": 1, "Plan Width": 24, "Actual Startup Time": 4235.455, "Actual Total Time": 4235.456, "Actual Rows": 1, "Actual Loops": 1, "Plans": [{"Node Type": "Bitmap Heap Scan", "Parent Relationship": "Outer", "Relation Name": "lineitem", "Alias": "lineitem", "Startup Cost": 380421.43, "Total Cost": 1807919.37, "Plan Rows": 1135757, "Plan Width": 16, "Actual Startup Time": 2209.192, "Actual Total Time": 3896.981, "Actual Rows": 1139264, "Actual Loops": 1, "Recheck Cond": "((l_shipdate >= '1994-01-01 00:00:00'::timestamp(0) without time zone) AND (l_shipdate < '1995-01-01 00:00:00'::timestamp without time zone) AND (l_discount >= .05::double precision) AND (l_discount <= .07::double precision) AND (l_quantity < 24::double precision)), (LLVM Optimized, Jit Execute)", "Rows Removed by Index Recheck": 0, "Exact Heap Blocks": 699048, "Lossy Heap Blocks": 699048, "Plans": [{"Node Type": "Bitmap Index Scan", "Parent Relationship": "Outer", "Index Name": "idx_lineitem_shipdate", "Startup Cost": 0.0, "Total Cost": 380137.49, "Plan Rows": 1135757, "Plan Width": 0, "Actual Startup Time": 1874.732, "Actual Total Time": 1874.732, "Actual Rows": 1139264, "Actual Loops": 1, "Index Cond": "((l_shipdate >= '1994-01-01 00:00:00'::timestamp(0) without time zone) AND (l_shipdate < '1995-01-01 00:00:00'::timestamp without time zone) AND (l_discount >= .05::double precision) AND (l_discount <= .07::double precision) AND (l_quantity < 24::double precision))"}]}]}, "Triggers": [], "Planner Runtime": 0, "Total Runtime": 4246.2, "Unique SQL Id": 4176715123}}, "(1, 4)": {"explain_plan": {"Plan": {"Node Type": "Aggregate", "Strategy": "Plain", "Startup Cost": 1813598.15, "Total Cost": 1813598.16, "Plan Rows": 1, "Plan Width": 24, "Plans": [{"Node Type": "Bitmap Heap Scan", "Parent Relationship": "Outer", "Relation Name": "lineitem", "Alias": "lineitem", "Startup Cost": 380421.43, "Total Cost": 1807919.37, "Plan Rows": 1135757, "Plan Width": 16, "Recheck Cond": "((l_shipdate >= '1994-01-01 00:00:00'::timestamp(0) without time zone) AND (l_shipdate < '1995-01-01 00:00:00'::timestamp without time zone) AND (l_discount >= .05::double precision) AND (l_discount <= .07::double precision) AND (l_quantity < 24::double precision)), (LLVM Optimized)", "Plans": [{"Node Type": "Bitmap Index Scan", "Parent Relationship": "Outer", "Index Name": "idx_lineitem_shipdate", "Startup Cost": 0.0, "Total Cost": 380137.49, "Plan Rows": 1135757, "Plan Width": 0, "Index Cond": "((l_shipdate >= '1994-01-01 00:00:00'::timestamp(0) without time zone) AND (l_shipdate < '1995-01-01 00:00:00'::timestamp without time zone) AND (l_discount >= .05::double precision) AND (l_discount <= .07::double precision) AND (l_quantity < 24::double precision))"}]}]}, "Unique SQL Id": 4176715123, "Planner Runtime": 0}, "explain_analyze_plan": {"Plan": {"Node Type": "Aggregate", "Strategy": "Plain", "Startup Cost": 1813598.15, "Total Cost": 1813598.16, "Plan Rows": 1, "Plan Width": 24, "Actual Startup Time": 4235.455, "Actual Total Time": 4235.456, "Actual Rows": 1, "Actual Loops": 1, "Plans": [{"Node Type": "Bitmap Heap Scan", "Parent Relationship": "Outer", "Relation Name": "lineitem", "Alias": "lineitem", "Startup Cost": 380421.43, "Total Cost": 1807919.37, "Plan Rows": 1135757, "Plan Width": 16, "Actual Startup Time": 2209.192, "Actual Total Time": 3896.981, "Actual Rows": 1139264, "Actual Loops": 1, "Recheck Cond": "((l_shipdate >= '1994-01-01 00:00:00'::timestamp(0) without time zone) AND (l_shipdate < '1995-01-01 00:00:00'::timestamp without time zone) AND (l_discount >= .05::double precision) AND (l_discount <= .07::double precision) AND (l_quantity < 24::double precision)), (LLVM Optimized, Jit Execute)", "Rows Removed by Index Recheck": 0, "Exact Heap Blocks": 699048, "Lossy Heap Blocks": 699048, "Plans": [{"Node Type": "Bitmap Index Scan", "Parent Relationship": "Outer", "Index Name": "idx_lineitem_shipdate", "Startup Cost": 0.0, "Total Cost": 380137.49, "Plan Rows": 1135757, "Plan Width": 0, "Actual Startup Time": 1874.732, "Actual Total Time": 1874.732, "Actual Rows": 1139264, "Actual Loops": 1, "Index Cond": "((l_shipdate >= '1994-01-01 00:00:00'::timestamp(0) without time zone) AND (l_shipdate < '1995-01-01 00:00:00'::timestamp without time zone) AND (l_discount >= .05::double precision) AND (l_discount <= .07::double precision) AND (l_quantity < 24::double precision))"}]}]}, "Triggers": [], "Planner Runtime": 0, "Total Runtime": 4246.2, "Unique SQL Id": 4176715123}}, "(1, 5)": {"explain_plan": {"Plan": {"Node Type": "Aggregate", "Strategy": "Plain", "Startup Cost": 1813598.15, "Total Cost": 1813598.16, "Plan Rows": 1, "Plan Width": 24, "Plans": [{"Node Type": "Bitmap Heap Scan", "Parent Relationship": "Outer", "Relation Name": "lineitem", "Alias": "lineitem", "Startup Cost": 380421.43, "Total Cost": 1807919.37, "Plan Rows": 1135757, "Plan Width": 16, "Recheck Cond": "((l_shipdate >= '1994-01-01 00:00:00'::timestamp(0) without time zone) AND (l_shipdate < '1995-01-01 00:00:00'::timestamp without time zone) AND (l_discount >= .05::double precision) AND (l_discount <= .07::double precision) AND (l_quantity < 24::double precision)), (LLVM Optimized)", "Plans": [{"Node Type": "Bitmap Index Scan", "Parent Relationship": "Outer", "Index Name": "idx_lineitem_shipdate", "Startup Cost": 0.0, "Total Cost": 380137.49, "Plan Rows": 1135757, "Plan Width": 0, "Index Cond": "((l_shipdate >= '1994-01-01 00:00:00'::timestamp(0) without time zone) AND (l_shipdate < '1995-01-01 00:00:00'::timestamp without time zone) AND (l_discount >= .05::double precision) AND (l_discount <= .07::double precision) AND (l_quantity < 24::double precision))"}]}]}, "Unique SQL Id": 4176715123, "Planner Runtime": 0}, "explain_analyze_plan": {"Plan": {"Node Type": "Aggregate", "Strategy": "Plain", "Startup Cost": 1813598.15, "Total Cost": 1813598.16, "Plan Rows": 1, "Plan Width": 24, "Actual Startup Time": 4235.455, "Actual Total Time": 4235.456, "Actual Rows": 1, "Actual Loops": 1, "Plans": [{"Node Type": "Bitmap Heap Scan", "Parent Relationship": "Outer", "Relation Name": "lineitem", "Alias": "lineitem", "Startup Cost": 380421.43, "Total Cost": 1807919.37, "Plan Rows": 1135757, "Plan Width": 16, "Actual Startup Time": 2209.192, "Actual Total Time": 3896.981, "Actual Rows": 1139264, "Actual Loops": 1, "Recheck Cond": "((l_shipdate >= '1994-01-01 00:00:00'::timestamp(0) without time zone) AND (l_shipdate < '1995-01-01 00:00:00'::timestamp without time zone) AND (l_discount >= .05::double precision) AND (l_discount <= .07::double precision) AND (l_quantity < 24::double precision)), (LLVM Optimized, Jit Execute)", "Rows Removed by Index Recheck": 0, "Exact Heap Blocks": 699048, "Lossy Heap Blocks": 699048, "Plans": [{"Node Type": "Bitmap Index Scan", "Parent Relationship": "Outer", "Index Name": "idx_lineitem_shipdate", "Startup Cost": 0.0, "Total Cost": 380137.49, "Plan Rows": 1135757, "Plan Width": 0, "Actual Startup Time": 1874.732, "Actual Total Time": 1874.732, "Actual Rows": 1139264, "Actual Loops": 1, "Index Cond": "((l_shipdate >= '1994-01-01 00:00:00'::timestamp(0) without time zone) AND (l_shipdate < '1995-01-01 00:00:00'::timestamp without time zone) AND (l_discount >= .05::double precision) AND (l_discount <= .07::double precision) AND (l_quantity < 24::double precision))"}]}]}, "Triggers": [], "Planner Runtime": 0, "Total Runtime": 4246.2, "Unique SQL Id": 4176715123}}, "(1, 6)": {"explain_plan": {"Plan": {"Node Type": "Aggregate", "Strategy": "Plain", "Startup Cost": 1813598.15, "Total Cost": 1813598.16, "Plan Rows": 1, "Plan Width": 24, "Plans": [{"Node Type": "Bitmap Heap Scan", "Parent Relationship": "Outer", "Relation Name": "lineitem", "Alias": "lineitem", "Startup Cost": 380421.43, "Total Cost": 1807919.37, "Plan Rows": 1135757, "Plan Width": 16, "Recheck Cond": "((l_shipdate >= '1994-01-01 00:00:00'::timestamp(0) without time zone) AND (l_shipdate < '1995-01-01 00:00:00'::timestamp without time zone) AND (l_discount >= .05::double precision) AND (l_discount <= .07::double precision) AND (l_quantity < 24::double precision)), (LLVM Optimized)", "Plans": [{"Node Type": "Bitmap Index Scan", "Parent Relationship": "Outer", "Index Name": "idx_lineitem_shipdate", "Startup Cost": 0.0, "Total Cost": 380137.49, "Plan Rows": 1135757, "Plan Width": 0, "Index Cond": "((l_shipdate >= '1994-01-01 00:00:00'::timestamp(0) without time zone) AND (l_shipdate < '1995-01-01 00:00:00'::timestamp without time zone) AND (l_discount >= .05::double precision) AND (l_discount <= .07::double precision) AND (l_quantity < 24::double precision))"}]}]}, "Unique SQL Id": 4176715123, "Planner Runtime": 0}, "explain_analyze_plan": {"Plan": {"Node Type": "Aggregate", "Strategy": "Plain", "Startup Cost": 1813598.15, "Total Cost": 1813598.16, "Plan Rows": 1, "Plan Width": 24, "Actual Startup Time": 4235.455, "Actual Total Time": 4235.456, "Actual Rows": 1, "Actual Loops": 1, "Plans": [{"Node Type": "Bitmap Heap Scan", "Parent Relationship": "Outer", "Relation Name": "lineitem", "Alias": "lineitem", "Startup Cost": 380421.43, "Total Cost": 1807919.37, "Plan Rows": 1135757, "Plan Width": 16, "Actual Startup Time": 2209.192, "Actual Total Time": 3896.981, "Actual Rows": 1139264, "Actual Loops": 1, "Recheck Cond": "((l_shipdate >= '1994-01-01 00:00:00'::timestamp(0) without time zone) AND (l_shipdate < '1995-01-01 00:00:00'::timestamp without time zone) AND (l_discount >= .05::double precision) AND (l_discount <= .07::double precision) AND (l_quantity < 24::double precision)), (LLVM Optimized, Jit Execute)", "Rows Removed by Index Recheck": 0, "Exact Heap Blocks": 699048, "Lossy Heap Blocks": 699048, "Plans": [{"Node Type": "Bitmap Index Scan", "Parent Relationship": "Outer", "Index Name": "idx_lineitem_shipdate", "Startup Cost": 0.0, "Total Cost": 380137.49, "Plan Rows": 1135757, "Plan Width": 0, "Actual Startup Time": 1874.732, "Actual Total Time": 1874.732, "Actual Rows": 1139264, "Actual Loops": 1, "Index Cond": "((l_shipdate >= '1994-01-01 00:00:00'::timestamp(0) without time zone) AND (l_shipdate < '1995-01-01 00:00:00'::timestamp without time zone) AND (l_discount >= .05::double precision) AND (l_discount <= .07::double precision) AND (l_quantity < 24::double precision))"}]}]}, "Triggers": [], "Planner Runtime": 0, "Total Runtime": 4246.2, "Unique SQL Id": 4176715123}}, "(1, 7)": {"explain_plan": {"Plan": {"Node Type": "Aggregate", "Strategy": "Plain", "Startup Cost": 1813598.15, "Total Cost": 1813598.16, "Plan Rows": 1, "Plan Width": 24, "Plans": [{"Node Type": "Bitmap Heap Scan", "Parent Relationship": "Outer", "Relation Name": "lineitem", "Alias": "lineitem", "Startup Cost": 380421.43, "Total Cost": 1807919.37, "Plan Rows": 1135757, "Plan Width": 16, "Recheck Cond": "((l_shipdate >= '1994-01-01 00:00:00'::timestamp(0) without time zone) AND (l_shipdate < '1995-01-01 00:00:00'::timestamp without time zone) AND (l_discount >= .05::double precision) AND (l_discount <= .07::double precision) AND (l_quantity < 24::double precision)), (LLVM Optimized)", "Plans": [{"Node Type": "Bitmap Index Scan", "Parent Relationship": "Outer", "Index Name": "idx_lineitem_shipdate", "Startup Cost": 0.0, "Total Cost": 380137.49, "Plan Rows": 1135757, "Plan Width": 0, "Index Cond": "((l_shipdate >= '1994-01-01 00:00:00'::timestamp(0) without time zone) AND (l_shipdate < '1995-01-01 00:00:00'::timestamp without time zone) AND (l_discount >= .05::double precision) AND (l_discount <= .07::double precision) AND (l_quantity < 24::double precision))"}]}]}, "Unique SQL Id": 4176715123, "Planner Runtime": 0}, "explain_analyze_plan": {"Plan": {"Node Type": "Aggregate", "Strategy": "Plain", "Startup Cost": 1813598.15, "Total Cost": 1813598.16, "Plan Rows": 1, "Plan Width": 24, "Actual Startup Time": 4235.455, "Actual Total Time": 4235.456, "Actual Rows": 1, "Actual Loops": 1, "Plans": [{"Node Type": "Bitmap Heap Scan", "Parent Relationship": "Outer", "Relation Name": "lineitem", "Alias": "lineitem", "Startup Cost": 380421.43, "Total Cost": 1807919.37, "Plan Rows": 1135757, "Plan Width": 16, "Actual Startup Time": 2209.192, "Actual Total Time": 3896.981, "Actual Rows": 1139264, "Actual Loops": 1, "Recheck Cond": "((l_shipdate >= '1994-01-01 00:00:00'::timestamp(0) without time zone) AND (l_shipdate < '1995-01-01 00:00:00'::timestamp without time zone) AND (l_discount >= .05::double precision) AND (l_discount <= .07::double precision) AND (l_quantity < 24::double precision)), (LLVM Optimized, Jit Execute)", "Rows Removed by Index Recheck": 0, "Exact Heap Blocks": 699048, "Lossy Heap Blocks": 699048, "Plans": [{"Node Type": "Bitmap Index Scan", "Parent Relationship": "Outer", "Index Name": "idx_lineitem_shipdate", "Startup Cost": 0.0, "Total Cost": 380137.49, "Plan Rows": 1135757, "Plan Width": 0, "Actual Startup Time": 1874.732, "Actual Total Time": 1874.732, "Actual Rows": 1139264, "Actual Loops": 1, "Index Cond": "((l_shipdate >= '1994-01-01 00:00:00'::timestamp(0) without time zone) AND (l_shipdate < '1995-01-01 00:00:00'::timestamp without time zone) AND (l_discount >= .05::double precision) AND (l_discount <= .07::double precision) AND (l_quantity < 24::double precision))"}]}]}, "Triggers": [], "Planner Runtime": 0, "Total Runtime": 4246.2, "Unique SQL Id": 4176715123}}, "(1, 8)": {"explain_plan": {"Plan": {"Node Type": "Aggregate", "Strategy": "Plain", "Startup Cost": 2770632.03, "Total Cost": 2770632.04, "Plan Rows": 1, "Plan Width": 24, "Plans": [{"Node Type": "Seq Scan", "Parent Relationship": "Outer", "Relation Name": "lineitem", "Alias": "lineitem", "Startup Cost": 111370.98, "Total Cost": 2764953.24, "Plan Rows": 1135757, "Plan Width": 16, "Filter": "((l_shipdate >= '1994-01-01 00:00:00'::timestamp(0) without time zone) AND (l_shipdate < '1995-01-01 00:00:00'::timestamp without time zone) AND (l_discount >= .05::double precision) AND (l_discount <= .07::double precision) AND (l_quantity < 24::double precision)), (LLVM Optimized)"}]}, "Unique SQL Id": 4176715123, "Planner Runtime": 0}, "explain_analyze_plan": null}, "(1, 9)": {"explain_plan": {"Plan": {"Node Type": "Aggregate", "Strategy": "Plain", "Startup Cost": 3639281.83, "Total Cost": 3639281.84, "Plan Rows": 1, "Plan Width": 24, "Plans": [{"Node Type": "Index Scan", "Parent Relationship": "Outer", "Scan Direction": "Forward", "Index Name": "idx_lineitem_shipdate", "Relation Name": "lineitem", "Alias": "lineitem", "Startup Cost": 0.0, "Total Cost": 3633603.05, "Plan Rows": 1135757, "Plan Width": 16, "Index Cond": "((l_shipdate >= '1994-01-01 00:00:00'::timestamp(0) without time zone) AND (l_shipdate < '1995-01-01 00:00:00'::timestamp without time zone) AND (l_discount >= .05::double precision) AND (l_discount <= .07::double precision) AND (l_quantity < 24::double precision)), (LLVM Optimized)"}]}, "Unique SQL Id": 4176715123, "Planner Runtime": 0}, "explain_analyze_plan": {"Plan": {"Node Type": "Aggregate", "Strategy": "Plain", "Startup Cost": 3639281.83, "Total Cost": 3639281.84, "Plan Rows": 1, "Plan Width": 24, "Actual Startup Time": 4487.753, "Actual Total Time": 4487.754, "Actual Rows": 1, "Actual Loops": 1, "Plans": [{"Node Type": "Index Scan", "Parent Relationship": "Outer", "Scan Direction": "Forward", "Index Name": "idx_lineitem_shipdate", "Relation Name": "lineitem", "Alias": "lineitem", "Startup Cost": 0.0, "Total Cost": 3633603.05, "Plan Rows": 1135757, "Plan Width": 16, "Actual Startup Time": 0.08, "Actual Total Time": 4140.241, "Actual Rows": 1139264, "Actual Loops": 1, "Index Cond": "((l_shipdate >= '1994-01-01 00:00:00'::timestamp(0) without time zone) AND (l_shipdate < '1995-01-01 00:00:00'::timestamp without time zone) AND (l_discount >= .05::double precision) AND (l_discount <= .07::double precision) AND (l_quantity < 24::double precision)), (LLVM Optimized, Jit Execute)", "Rows Removed by Index Recheck": 0}]}, "Triggers": [], "Planner Runtime": 0, "Total Runtime": 4497.762, "Unique SQL Id": 4176715123}}, "(1, 10)": {"explain_plan": {"Plan": {"Node Type": "Aggregate", "Strategy": "Plain", "Startup Cost": 2770632.03, "Total Cost": 2770632.04, "Plan Rows": 1, "Plan Width": 24, "Plans": [{"Node Type": "Seq Scan", "Parent Relationship": "Outer", "Relation Name": "lineitem", "Alias": "lineitem", "Startup Cost": 111370.98, "Total Cost": 2764953.24, "Plan Rows": 1135757, "Plan Width": 16, "Filter": "((l_shipdate >= '1994-01-01 00:00:00'::timestamp(0) without time zone) AND (l_shipdate < '1995-01-01 00:00:00'::timestamp without time zone) AND (l_discount >= .05::double precision) AND (l_discount <= .07::double precision) AND (l_quantity < 24::double precision)), (LLVM Optimized)"}]}, "Unique SQL Id": 4176715123, "Planner Runtime": 0}, "explain_analyze_plan": null}, "(1, 11)": {"explain_plan": {"Plan": {"Node Type": "Aggregate", "Strategy": "Plain", "Startup Cost": 1000276501003.04, "Total Cost": 1000276501003.05, "Plan Rows": 1, "Plan Width": 24, "Plans": [{"Node Type": "Seq Scan", "Parent Relationship": "Outer", "Relation Name": "lineitem", "Alias": "lineitem", "Startup Cost": 10000109520.02, "Total Cost": 1000276495324.25, "Plan Rows": 1135757, "Plan Width": 16, "Filter": "((l_shipdate >= '1994-01-01 00:00:00'::timestamp(0) without time zone) AND (l_shipdate < '1995-01-01 00:00:00'::timestamp without time zone) AND (l_discount >= .05::double precision) AND (l_discount <= .07::double precision) AND (l_quantity < 24::double precision)), (LLVM Optimized)"}]}, "Unique SQL Id": 4176715123, "Planner Runtime": 0}, "explain_analyze_plan": null}, "(1, 12)": {"explain_plan": {"Plan": {"Node Type": "Aggregate", "Strategy": "Plain", "Startup Cost": 2770632.03, "Total Cost": 2770632.04, "Plan Rows": 1, "Plan Width": 24, "Plans": [{"Node Type": "Seq Scan", "Parent Relationship": "Outer", "Relation Name": "lineitem", "Alias": "lineitem", "Startup Cost": 111370.98, "Total Cost": 2764953.24, "Plan Rows": 1135757, "Plan Width": 16, "Filter": "((l_shipdate >= '1994-01-01 00:00:00'::timestamp(0) without time zone) AND (l_shipdate < '1995-01-01 00:00:00'::timestamp without time zone) AND (l_discount >= .05::double precision) AND (l_discount <= .07::double precision) AND (l_quantity < 24::double precision)), (LLVM Optimized)"}]}, "Unique SQL Id": 4176715123, "Planner Runtime": 0}, "explain_analyze_plan": null}, "(1, 13)": {"explain_plan": {"Plan": {"Node Type": "Aggregate", "Strategy": "Plain", "Startup Cost": 3639281.83, "Total Cost": 3639281.84, "Plan Rows": 1, "Plan Width": 24, "Plans": [{"Node Type": "Index Scan", "Parent Relationship": "Outer", "Scan Direction": "Forward", "Index Name": "idx_lineitem_shipdate", "Relation Name": "lineitem", "Alias": "lineitem", "Startup Cost": 0.0, "Total Cost": 3633603.05, "Plan Rows": 1135757, "Plan Width": 16, "Index Cond": "((l_shipdate >= '1994-01-01 00:00:00'::timestamp(0) without time zone) AND (l_shipdate < '1995-01-01 00:00:00'::timestamp without time zone) AND (l_discount >= .05::double precision) AND (l_discount <= .07::double precision) AND (l_quantity < 24::double precision)), (LLVM Optimized)"}]}, "Unique SQL Id": 4176715123, "Planner Runtime": 0}, "explain_analyze_plan": {"Plan": {"Node Type": "Aggregate", "Strategy": "Plain", "Startup Cost": 3639281.83, "Total Cost": 3639281.84, "Plan Rows": 1, "Plan Width": 24, "Actual Startup Time": 4487.753, "Actual Total Time": 4487.754, "Actual Rows": 1, "Actual Loops": 1, "Plans": [{"Node Type": "Index Scan", "Parent Relationship": "Outer", "Scan Direction": "Forward", "Index Name": "idx_lineitem_shipdate", "Relation Name": "lineitem", "Alias": "lineitem", "Startup Cost": 0.0, "Total Cost": 3633603.05, "Plan Rows": 1135757, "Plan Width": 16, "Actual Startup Time": 0.08, "Actual Total Time": 4140.241, "Actual Rows": 1139264, "Actual Loops": 1, "Index Cond": "((l_shipdate >= '1994-01-01 00:00:00'::timestamp(0) without time zone) AND (l_shipdate < '1995-01-01 00:00:00'::timestamp without time zone) AND (l_discount >= .05::double precision) AND (l_discount <= .07::double precision) AND (l_quantity < 24::double precision)), (LLVM Optimized, Jit Execute)", "Rows Removed by Index Recheck": 0}]}, "Triggers": [], "Planner Runtime": 0, "Total Runtime": 4497.762, "Unique SQL Id": 4176715123}}, "(1, 14)": {"explain_plan": {"Plan": {"Node Type": "Aggregate", "Strategy": "Plain", "Startup Cost": 2770632.03, "Total Cost": 2770632.04, "Plan Rows": 1, "Plan Width": 24, "Plans": [{"Node Type": "Seq Scan", "Parent Relationship": "Outer", "Relation Name": "lineitem", "Alias": "lineitem", "Startup Cost": 111370.98, "Total Cost": 2764953.24, "Plan Rows": 1135757, "Plan Width": 16, "Filter": "((l_shipdate >= '1994-01-01 00:00:00'::timestamp(0) without time zone) AND (l_shipdate < '1995-01-01 00:00:00'::timestamp without time zone) AND (l_discount >= .05::double precision) AND (l_discount <= .07::double precision) AND (l_quantity < 24::double precision)), (LLVM Optimized)"}]}, "Unique SQL Id": 4176715123, "Planner Runtime": 0}, "explain_analyze_plan": null}, "(1, 15)": {"explain_plan": {"Plan": {"Node Type": "Aggregate", "Strategy": "Plain", "Startup Cost": 1000276501003.04, "Total Cost": 1000276501003.05, "Plan Rows": 1, "Plan Width": 24, "Plans": [{"Node Type": "Seq Scan", "Parent Relationship": "Outer", "Relation Name": "lineitem", "Alias": "lineitem", "Startup Cost": 10000109520.02, "Total Cost": 1000276495324.25, "Plan Rows": 1135757, "Plan Width": 16, "Filter": "((l_shipdate >= '1994-01-01 00:00:00'::timestamp(0) without time zone) AND (l_shipdate < '1995-01-01 00:00:00'::timestamp without time zone) AND (l_discount >= .05::double precision) AND (l_discount <= .07::double precision) AND (l_quantity < 24::double precision)), (LLVM Optimized)"}]}, "Unique SQL Id": 4176715123, "Planner Runtime": 0}, "explain_analyze_plan": null}, "(1, 16)": {"explain_plan": {"Plan": {"Node Type": "Aggregate", "Strategy": "Plain", "Startup Cost": 1813598.15, "Total Cost": 1813598.16, "Plan Rows": 1, "Plan Width": 24, "Plans": [{"Node Type": "Bitmap Heap Scan", "Parent Relationship": "Outer", "Relation Name": "lineitem", "Alias": "lineitem", "Startup Cost": 380421.43, "Total Cost": 1807919.37, "Plan Rows": 1135757, "Plan Width": 16, "Recheck Cond": "((l_shipdate >= '1994-01-01 00:00:00'::timestamp(0) without time zone) AND (l_shipdate < '1995-01-01 00:00:00'::timestamp without time zone) AND (l_discount >= .05::double precision) AND (l_discount <= .07::double precision) AND (l_quantity < 24::double precision)), (LLVM Optimized)", "Plans": [{"Node Type": "Bitmap Index Scan", "Parent Relationship": "Outer", "Index Name": "idx_lineitem_shipdate", "Startup Cost": 0.0, "Total Cost": 380137.49, "Plan Rows": 1135757, "Plan Width": 0, "Index Cond": "((l_shipdate >= '1994-01-01 00:00:00'::timestamp(0) without time zone) AND (l_shipdate < '1995-01-01 00:00:00'::timestamp without time zone) AND (l_discount >= .05::double precision) AND (l_discount <= .07::double precision) AND (l_quantity < 24::double precision))"}]}]}, "Unique SQL Id": 4176715123, "Planner Runtime": 0}, "explain_analyze_plan": {"Plan": {"Node Type": "Aggregate", "Strategy": "Plain", "Startup Cost": 1813598.15, "Total Cost": 1813598.16, "Plan Rows": 1, "Plan Width": 24, "Actual Startup Time": 4235.455, "Actual Total Time": 4235.456, "Actual Rows": 1, "Actual Loops": 1, "Plans": [{"Node Type": "Bitmap Heap Scan", "Parent Relationship": "Outer", "Relation Name": "lineitem", "Alias": "lineitem", "Startup Cost": 380421.43, "Total Cost": 1807919.37, "Plan Rows": 1135757, "Plan Width": 16, "Actual Startup Time": 2209.192, "Actual Total Time": 3896.981, "Actual Rows": 1139264, "Actual Loops": 1, "Recheck Cond": "((l_shipdate >= '1994-01-01 00:00:00'::timestamp(0) without time zone) AND (l_shipdate < '1995-01-01 00:00:00'::timestamp without time zone) AND (l_discount >= .05::double precision) AND (l_discount <= .07::double precision) AND (l_quantity < 24::double precision)), (LLVM Optimized, Jit Execute)", "Rows Removed by Index Recheck": 0, "Exact Heap Blocks": 699048, "Lossy Heap Blocks": 699048, "Plans": [{"Node Type": "Bitmap Index Scan", "Parent Relationship": "Outer", "Index Name": "idx_lineitem_shipdate", "Startup Cost": 0.0, "Total Cost": 380137.49, "Plan Rows": 1135757, "Plan Width": 0, "Actual Startup Time": 1874.732, "Actual Total Time": 1874.732, "Actual Rows": 1139264, "Actual Loops": 1, "Index Cond": "((l_shipdate >= '1994-01-01 00:00:00'::timestamp(0) without time zone) AND (l_shipdate < '1995-01-01 00:00:00'::timestamp without time zone) AND (l_discount >= .05::double precision) AND (l_discount <= .07::double precision) AND (l_quantity < 24::double precision))"}]}]}, "Triggers": [], "Planner Runtime": 0, "Total Runtime": 4246.2, "Unique SQL Id": 4176715123}}, "(1, 17)": {"explain_plan": {"Plan": {"Node Type": "Aggregate", "Strategy": "Plain", "Startup Cost": 1813598.15, "Total Cost": 1813598.16, "Plan Rows": 1, "Plan Width": 24, "Plans": [{"Node Type": "Bitmap Heap Scan", "Parent Relationship": "Outer", "Relation Name": "lineitem", "Alias": "lineitem", "Startup Cost": 380421.43, "Total Cost": 1807919.37, "Plan Rows": 1135757, "Plan Width": 16, "Recheck Cond": "((l_shipdate >= '1994-01-01 00:00:00'::timestamp(0) without time zone) AND (l_shipdate < '1995-01-01 00:00:00'::timestamp without time zone) AND (l_discount >= .05::double precision) AND (l_discount <= .07::double precision) AND (l_quantity < 24::double precision)), (LLVM Optimized)", "Plans": [{"Node Type": "Bitmap Index Scan", "Parent Relationship": "Outer", "Index Name": "idx_lineitem_shipdate", "Startup Cost": 0.0, "Total Cost": 380137.49, "Plan Rows": 1135757, "Plan Width": 0, "Index Cond": "((l_shipdate >= '1994-01-01 00:00:00'::timestamp(0) without time zone) AND (l_shipdate < '1995-01-01 00:00:00'::timestamp without time zone) AND (l_discount >= .05::double precision) AND (l_discount <= .07::double precision) AND (l_quantity < 24::double precision))"}]}]}, "Unique SQL Id": 4176715123, "Planner Runtime": 0}, "explain_analyze_plan": {"Plan": {"Node Type": "Aggregate", "Strategy": "Plain", "Startup Cost": 1813598.15, "Total Cost": 1813598.16, "Plan Rows": 1, "Plan Width": 24, "Actual Startup Time": 4235.455, "Actual Total Time": 4235.456, "Actual Rows": 1, "Actual Loops": 1, "Plans": [{"Node Type": "Bitmap Heap Scan", "Parent Relationship": "Outer", "Relation Name": "lineitem", "Alias": "lineitem", "Startup Cost": 380421.43, "Total Cost": 1807919.37, "Plan Rows": 1135757, "Plan Width": 16, "Actual Startup Time": 2209.192, "Actual Total Time": 3896.981, "Actual Rows": 1139264, "Actual Loops": 1, "Recheck Cond": "((l_shipdate >= '1994-01-01 00:00:00'::timestamp(0) without time zone) AND (l_shipdate < '1995-01-01 00:00:00'::timestamp without time zone) AND (l_discount >= .05::double precision) AND (l_discount <= .07::double precision) AND (l_quantity < 24::double precision)), (LLVM Optimized, Jit Execute)", "Rows Removed by Index Recheck": 0, "Exact Heap Blocks": 699048, "Lossy Heap Blocks": 699048, "Plans": [{"Node Type": "Bitmap Index Scan", "Parent Relationship": "Outer", "Index Name": "idx_lineitem_shipdate", "Startup Cost": 0.0, "Total Cost": 380137.49, "Plan Rows": 1135757, "Plan Width": 0, "Actual Startup Time": 1874.732, "Actual Total Time": 1874.732, "Actual Rows": 1139264, "Actual Loops": 1, "Index Cond": "((l_shipdate >= '1994-01-01 00:00:00'::timestamp(0) without time zone) AND (l_shipdate < '1995-01-01 00:00:00'::timestamp without time zone) AND (l_discount >= .05::double precision) AND (l_discount <= .07::double precision) AND (l_quantity < 24::double precision))"}]}]}, "Triggers": [], "Planner Runtime": 0, "Total Runtime": 4246.2, "Unique SQL Id": 4176715123}}, "(1, 18)": {"explain_plan": {"Plan": {"Node Type": "Aggregate", "Strategy": "Plain", "Startup Cost": 1813598.15, "Total Cost": 1813598.16, "Plan Rows": 1, "Plan Width": 24, "Plans": [{"Node Type": "Bitmap Heap Scan", "Parent Relationship": "Outer", "Relation Name": "lineitem", "Alias": "lineitem", "Startup Cost": 380421.43, "Total Cost": 1807919.37, "Plan Rows": 1135757, "Plan Width": 16, "Recheck Cond": "((l_shipdate >= '1994-01-01 00:00:00'::timestamp(0) without time zone) AND (l_shipdate < '1995-01-01 00:00:00'::timestamp without time zone) AND (l_discount >= .05::double precision) AND (l_discount <= .07::double precision) AND (l_quantity < 24::double precision)), (LLVM Optimized)", "Plans": [{"Node Type": "Bitmap Index Scan", "Parent Relationship": "Outer", "Index Name": "idx_lineitem_shipdate", "Startup Cost": 0.0, "Total Cost": 380137.49, "Plan Rows": 1135757, "Plan Width": 0, "Index Cond": "((l_shipdate >= '1994-01-01 00:00:00'::timestamp(0) without time zone) AND (l_shipdate < '1995-01-01 00:00:00'::timestamp without time zone) AND (l_discount >= .05::double precision) AND (l_discount <= .07::double precision) AND (l_quantity < 24::double precision))"}]}]}, "Unique SQL Id": 4176715123, "Planner Runtime": 0}, "explain_analyze_plan": {"Plan": {"Node Type": "Aggregate", "Strategy": "Plain", "Startup Cost": 1813598.15, "Total Cost": 1813598.16, "Plan Rows": 1, "Plan Width": 24, "Actual Startup Time": 4235.455, "Actual Total Time": 4235.456, "Actual Rows": 1, "Actual Loops": 1, "Plans": [{"Node Type": "Bitmap Heap Scan", "Parent Relationship": "Outer", "Relation Name": "lineitem", "Alias": "lineitem", "Startup Cost": 380421.43, "Total Cost": 1807919.37, "Plan Rows": 1135757, "Plan Width": 16, "Actual Startup Time": 2209.192, "Actual Total Time": 3896.981, "Actual Rows": 1139264, "Actual Loops": 1, "Recheck Cond": "((l_shipdate >= '1994-01-01 00:00:00'::timestamp(0) without time zone) AND (l_shipdate < '1995-01-01 00:00:00'::timestamp without time zone) AND (l_discount >= .05::double precision) AND (l_discount <= .07::double precision) AND (l_quantity < 24::double precision)), (LLVM Optimized, Jit Execute)", "Rows Removed by Index Recheck": 0, "Exact Heap Blocks": 699048, "Lossy Heap Blocks": 699048, "Plans": [{"Node Type": "Bitmap Index Scan", "Parent Relationship": "Outer", "Index Name": "idx_lineitem_shipdate", "Startup Cost": 0.0, "Total Cost": 380137.49, "Plan Rows": 1135757, "Plan Width": 0, "Actual Startup Time": 1874.732, "Actual Total Time": 1874.732, "Actual Rows": 1139264, "Actual Loops": 1, "Index Cond": "((l_shipdate >= '1994-01-01 00:00:00'::timestamp(0) without time zone) AND (l_shipdate < '1995-01-01 00:00:00'::timestamp without time zone) AND (l_discount >= .05::double precision) AND (l_discount <= .07::double precision) AND (l_quantity < 24::double precision))"}]}]}, "Triggers": [], "Planner Runtime": 0, "Total Runtime": 4246.2, "Unique SQL Id": 4176715123}}, "(1, 19)": {"explain_plan": {"Plan": {"Node Type": "Aggregate", "Strategy": "Plain", "Startup Cost": 1813598.15, "Total Cost": 1813598.16, "Plan Rows": 1, "Plan Width": 24, "Plans": [{"Node Type": "Bitmap Heap Scan", "Parent Relationship": "Outer", "Relation Name": "lineitem", "Alias": "lineitem", "Startup Cost": 380421.43, "Total Cost": 1807919.37, "Plan Rows": 1135757, "Plan Width": 16, "Recheck Cond": "((l_shipdate >= '1994-01-01 00:00:00'::timestamp(0) without time zone) AND (l_shipdate < '1995-01-01 00:00:00'::timestamp without time zone) AND (l_discount >= .05::double precision) AND (l_discount <= .07::double precision) AND (l_quantity < 24::double precision)), (LLVM Optimized)", "Plans": [{"Node Type": "Bitmap Index Scan", "Parent Relationship": "Outer", "Index Name": "idx_lineitem_shipdate", "Startup Cost": 0.0, "Total Cost": 380137.49, "Plan Rows": 1135757, "Plan Width": 0, "Index Cond": "((l_shipdate >= '1994-01-01 00:00:00'::timestamp(0) without time zone) AND (l_shipdate < '1995-01-01 00:00:00'::timestamp without time zone) AND (l_discount >= .05::double precision) AND (l_discount <= .07::double precision) AND (l_quantity < 24::double precision))"}]}]}, "Unique SQL Id": 4176715123, "Planner Runtime": 0}, "explain_analyze_plan": {"Plan": {"Node Type": "Aggregate", "Strategy": "Plain", "Startup Cost": 1813598.15, "Total Cost": 1813598.16, "Plan Rows": 1, "Plan Width": 24, "Actual Startup Time": 4235.455, "Actual Total Time": 4235.456, "Actual Rows": 1, "Actual Loops": 1, "Plans": [{"Node Type": "Bitmap Heap Scan", "Parent Relationship": "Outer", "Relation Name": "lineitem", "Alias": "lineitem", "Startup Cost": 380421.43, "Total Cost": 1807919.37, "Plan Rows": 1135757, "Plan Width": 16, "Actual Startup Time": 2209.192, "Actual Total Time": 3896.981, "Actual Rows": 1139264, "Actual Loops": 1, "Recheck Cond": "((l_shipdate >= '1994-01-01 00:00:00'::timestamp(0) without time zone) AND (l_shipdate < '1995-01-01 00:00:00'::timestamp without time zone) AND (l_discount >= .05::double precision) AND (l_discount <= .07::double precision) AND (l_quantity < 24::double precision)), (LLVM Optimized, Jit Execute)", "Rows Removed by Index Recheck": 0, "Exact Heap Blocks": 699048, "Lossy Heap Blocks": 699048, "Plans": [{"Node Type": "Bitmap Index Scan", "Parent Relationship": "Outer", "Index Name": "idx_lineitem_shipdate", "Startup Cost": 0.0, "Total Cost": 380137.49, "Plan Rows": 1135757, "Plan Width": 0, "Actual Startup Time": 1874.732, "Actual Total Time": 1874.732, "Actual Rows": 1139264, "Actual Loops": 1, "Index Cond": "((l_shipdate >= '1994-01-01 00:00:00'::timestamp(0) without time zone) AND (l_shipdate < '1995-01-01 00:00:00'::timestamp without time zone) AND (l_discount >= .05::double precision) AND (l_discount <= .07::double precision) AND (l_quantity < 24::double precision))"}]}]}, "Triggers": [], "Planner Runtime": 0, "Total Runtime": 4246.2, "Unique SQL Id": 4176715123}}, "(1, 20)": {"explain_plan": {"Plan": {"Node Type": "Aggregate", "Strategy": "Plain", "Startup Cost": 1813598.15, "Total Cost": 1813598.16, "Plan Rows": 1, "Plan Width": 24, "Plans": [{"Node Type": "Bitmap Heap Scan", "Parent Relationship": "Outer", "Relation Name": "lineitem", "Alias": "lineitem", "Startup Cost": 380421.43, "Total Cost": 1807919.37, "Plan Rows": 1135757, "Plan Width": 16, "Recheck Cond": "((l_shipdate >= '1994-01-01 00:00:00'::timestamp(0) without time zone) AND (l_shipdate < '1995-01-01 00:00:00'::timestamp without time zone) AND (l_discount >= .05::double precision) AND (l_discount <= .07::double precision) AND (l_quantity < 24::double precision)), (LLVM Optimized)", "Plans": [{"Node Type": "Bitmap Index Scan", "Parent Relationship": "Outer", "Index Name": "idx_lineitem_shipdate", "Startup Cost": 0.0, "Total Cost": 380137.49, "Plan Rows": 1135757, "Plan Width": 0, "Index Cond": "((l_shipdate >= '1994-01-01 00:00:00'::timestamp(0) without time zone) AND (l_shipdate < '1995-01-01 00:00:00'::timestamp without time zone) AND (l_discount >= .05::double precision) AND (l_discount <= .07::double precision) AND (l_quantity < 24::double precision))"}]}]}, "Unique SQL Id": 4176715123, "Planner Runtime": 0}, "explain_analyze_plan": {"Plan": {"Node Type": "Aggregate", "Strategy": "Plain", "Startup Cost": 1813598.15, "Total Cost": 1813598.16, "Plan Rows": 1, "Plan Width": 24, "Actual Startup Time": 4235.455, "Actual Total Time": 4235.456, "Actual Rows": 1, "Actual Loops": 1, "Plans": [{"Node Type": "Bitmap Heap Scan", "Parent Relationship": "Outer", "Relation Name": "lineitem", "Alias": "lineitem", "Startup Cost": 380421.43, "Total Cost": 1807919.37, "Plan Rows": 1135757, "Plan Width": 16, "Actual Startup Time": 2209.192, "Actual Total Time": 3896.981, "Actual Rows": 1139264, "Actual Loops": 1, "Recheck Cond": "((l_shipdate >= '1994-01-01 00:00:00'::timestamp(0) without time zone) AND (l_shipdate < '1995-01-01 00:00:00'::timestamp without time zone) AND (l_discount >= .05::double precision) AND (l_discount <= .07::double precision) AND (l_quantity < 24::double precision)), (LLVM Optimized, Jit Execute)", "Rows Removed by Index Recheck": 0, "Exact Heap Blocks": 699048, "Lossy Heap Blocks": 699048, "Plans": [{"Node Type": "Bitmap Index Scan", "Parent Relationship": "Outer", "Index Name": "idx_lineitem_shipdate", "Startup Cost": 0.0, "Total Cost": 380137.49, "Plan Rows": 1135757, "Plan Width": 0, "Actual Startup Time": 1874.732, "Actual Total Time": 1874.732, "Actual Rows": 1139264, "Actual Loops": 1, "Index Cond": "((l_shipdate >= '1994-01-01 00:00:00'::timestamp(0) without time zone) AND (l_shipdate < '1995-01-01 00:00:00'::timestamp without time zone) AND (l_discount >= .05::double precision) AND (l_discount <= .07::double precision) AND (l_quantity < 24::double precision))"}]}]}, "Triggers": [], "Planner Runtime": 0, "Total Runtime": 4246.2, "Unique SQL Id": 4176715123}}, "(1, 21)": {"explain_plan": {"Plan": {"Node Type": "Aggregate", "Strategy": "Plain", "Startup Cost": 1813598.15, "Total Cost": 1813598.16, "Plan Rows": 1, "Plan Width": 24, "Plans": [{"Node Type": "Bitmap Heap Scan", "Parent Relationship": "Outer", "Relation Name": "lineitem", "Alias": "lineitem", "Startup Cost": 380421.43, "Total Cost": 1807919.37, "Plan Rows": 1135757, "Plan Width": 16, "Recheck Cond": "((l_shipdate >= '1994-01-01 00:00:00'::timestamp(0) without time zone) AND (l_shipdate < '1995-01-01 00:00:00'::timestamp without time zone) AND (l_discount >= .05::double precision) AND (l_discount <= .07::double precision) AND (l_quantity < 24::double precision)), (LLVM Optimized)", "Plans": [{"Node Type": "Bitmap Index Scan", "Parent Relationship": "Outer", "Index Name": "idx_lineitem_shipdate", "Startup Cost": 0.0, "Total Cost": 380137.49, "Plan Rows": 1135757, "Plan Width": 0, "Index Cond": "((l_shipdate >= '1994-01-01 00:00:00'::timestamp(0) without time zone) AND (l_shipdate < '1995-01-01 00:00:00'::timestamp without time zone) AND (l_discount >= .05::double precision) AND (l_discount <= .07::double precision) AND (l_quantity < 24::double precision))"}]}]}, "Unique SQL Id": 4176715123, "Planner Runtime": 0}, "explain_analyze_plan": {"Plan": {"Node Type": "Aggregate", "Strategy": "Plain", "Startup Cost": 1813598.15, "Total Cost": 1813598.16, "Plan Rows": 1, "Plan Width": 24, "Actual Startup Time": 4235.455, "Actual Total Time": 4235.456, "Actual Rows": 1, "Actual Loops": 1, "Plans": [{"Node Type": "Bitmap Heap Scan", "Parent Relationship": "Outer", "Relation Name": "lineitem", "Alias": "lineitem", "Startup Cost": 380421.43, "Total Cost": 1807919.37, "Plan Rows": 1135757, "Plan Width": 16, "Actual Startup Time": 2209.192, "Actual Total Time": 3896.981, "Actual Rows": 1139264, "Actual Loops": 1, "Recheck Cond": "((l_shipdate >= '1994-01-01 00:00:00'::timestamp(0) without time zone) AND (l_shipdate < '1995-01-01 00:00:00'::timestamp without time zone) AND (l_discount >= .05::double precision) AND (l_discount <= .07::double precision) AND (l_quantity < 24::double precision)), (LLVM Optimized, Jit Execute)", "Rows Removed by Index Recheck": 0, "Exact Heap Blocks": 699048, "Lossy Heap Blocks": 699048, "Plans": [{"Node Type": "Bitmap Index Scan", "Parent Relationship": "Outer", "Index Name": "idx_lineitem_shipdate", "Startup Cost": 0.0, "Total Cost": 380137.49, "Plan Rows": 1135757, "Plan Width": 0, "Actual Startup Time": 1874.732, "Actual Total Time": 1874.732, "Actual Rows": 1139264, "Actual Loops": 1, "Index Cond": "((l_shipdate >= '1994-01-01 00:00:00'::timestamp(0) without time zone) AND (l_shipdate < '1995-01-01 00:00:00'::timestamp without time zone) AND (l_discount >= .05::double precision) AND (l_discount <= .07::double precision) AND (l_quantity < 24::double precision))"}]}]}, "Triggers": [], "Planner Runtime": 0, "Total Runtime": 4246.2, "Unique SQL Id": 4176715123}}, "(1, 22)": {"explain_plan": {"Plan": {"Node Type": "Aggregate", "Strategy": "Plain", "Startup Cost": 1813598.15, "Total Cost": 1813598.16, "Plan Rows": 1, "Plan Width": 24, "Plans": [{"Node Type": "Bitmap Heap Scan", "Parent Relationship": "Outer", "Relation Name": "lineitem", "Alias": "lineitem", "Startup Cost": 380421.43, "Total Cost": 1807919.37, "Plan Rows": 1135757, "Plan Width": 16, "Recheck Cond": "((l_shipdate >= '1994-01-01 00:00:00'::timestamp(0) without time zone) AND (l_shipdate < '1995-01-01 00:00:00'::timestamp without time zone) AND (l_discount >= .05::double precision) AND (l_discount <= .07::double precision) AND (l_quantity < 24::double precision)), (LLVM Optimized)", "Plans": [{"Node Type": "Bitmap Index Scan", "Parent Relationship": "Outer", "Index Name": "idx_lineitem_shipdate", "Startup Cost": 0.0, "Total Cost": 380137.49, "Plan Rows": 1135757, "Plan Width": 0, "Index Cond": "((l_shipdate >= '1994-01-01 00:00:00'::timestamp(0) without time zone) AND (l_shipdate < '1995-01-01 00:00:00'::timestamp without time zone) AND (l_discount >= .05::double precision) AND (l_discount <= .07::double precision) AND (l_quantity < 24::double precision))"}]}]}, "Unique SQL Id": 4176715123, "Planner Runtime": 0}, "explain_analyze_plan": {"Plan": {"Node Type": "Aggregate", "Strategy": "Plain", "Startup Cost": 1813598.15, "Total Cost": 1813598.16, "Plan Rows": 1, "Plan Width": 24, "Actual Startup Time": 4235.455, "Actual Total Time": 4235.456, "Actual Rows": 1, "Actual Loops": 1, "Plans": [{"Node Type": "Bitmap Heap Scan", "Parent Relationship": "Outer", "Relation Name": "lineitem", "Alias": "lineitem", "Startup Cost": 380421.43, "Total Cost": 1807919.37, "Plan Rows": 1135757, "Plan Width": 16, "Actual Startup Time": 2209.192, "Actual Total Time": 3896.981, "Actual Rows": 1139264, "Actual Loops": 1, "Recheck Cond": "((l_shipdate >= '1994-01-01 00:00:00'::timestamp(0) without time zone) AND (l_shipdate < '1995-01-01 00:00:00'::timestamp without time zone) AND (l_discount >= .05::double precision) AND (l_discount <= .07::double precision) AND (l_quantity < 24::double precision)), (LLVM Optimized, Jit Execute)", "Rows Removed by Index Recheck": 0, "Exact Heap Blocks": 699048, "Lossy Heap Blocks": 699048, "Plans": [{"Node Type": "Bitmap Index Scan", "Parent Relationship": "Outer", "Index Name": "idx_lineitem_shipdate", "Startup Cost": 0.0, "Total Cost": 380137.49, "Plan Rows": 1135757, "Plan Width": 0, "Actual Startup Time": 1874.732, "Actual Total Time": 1874.732, "Actual Rows": 1139264, "Actual Loops": 1, "Index Cond": "((l_shipdate >= '1994-01-01 00:00:00'::timestamp(0) without time zone) AND (l_shipdate < '1995-01-01 00:00:00'::timestamp without time zone) AND (l_discount >= .05::double precision) AND (l_discount <= .07::double precision) AND (l_quantity < 24::double precision))"}]}]}, "Triggers": [], "Planner Runtime": 0, "Total Runtime": 4246.2, "Unique SQL Id": 4176715123}}, "(1, 23)": {"explain_plan": {"Plan": {"Node Type": "Aggregate", "Strategy": "Plain", "Startup Cost": 1813598.15, "Total Cost": 1813598.16, "Plan Rows": 1, "Plan Width": 24, "Plans": [{"Node Type": "Bitmap Heap Scan", "Parent Relationship": "Outer", "Relation Name": "lineitem", "Alias": "lineitem", "Startup Cost": 380421.43, "Total Cost": 1807919.37, "Plan Rows": 1135757, "Plan Width": 16, "Recheck Cond": "((l_shipdate >= '1994-01-01 00:00:00'::timestamp(0) without time zone) AND (l_shipdate < '1995-01-01 00:00:00'::timestamp without time zone) AND (l_discount >= .05::double precision) AND (l_discount <= .07::double precision) AND (l_quantity < 24::double precision)), (LLVM Optimized)", "Plans": [{"Node Type": "Bitmap Index Scan", "Parent Relationship": "Outer", "Index Name": "idx_lineitem_shipdate", "Startup Cost": 0.0, "Total Cost": 380137.49, "Plan Rows": 1135757, "Plan Width": 0, "Index Cond": "((l_shipdate >= '1994-01-01 00:00:00'::timestamp(0) without time zone) AND (l_shipdate < '1995-01-01 00:00:00'::timestamp without time zone) AND (l_discount >= .05::double precision) AND (l_discount <= .07::double precision) AND (l_quantity < 24::double precision))"}]}]}, "Unique SQL Id": 4176715123, "Planner Runtime": 0}, "explain_analyze_plan": {"Plan": {"Node Type": "Aggregate", "Strategy": "Plain", "Startup Cost": 1813598.15, "Total Cost": 1813598.16, "Plan Rows": 1, "Plan Width": 24, "Actual Startup Time": 4235.455, "Actual Total Time": 4235.456, "Actual Rows": 1, "Actual Loops": 1, "Plans": [{"Node Type": "Bitmap Heap Scan", "Parent Relationship": "Outer", "Relation Name": "lineitem", "Alias": "lineitem", "Startup Cost": 380421.43, "Total Cost": 1807919.37, "Plan Rows": 1135757, "Plan Width": 16, "Actual Startup Time": 2209.192, "Actual Total Time": 3896.981, "Actual Rows": 1139264, "Actual Loops": 1, "Recheck Cond": "((l_shipdate >= '1994-01-01 00:00:00'::timestamp(0) without time zone) AND (l_shipdate < '1995-01-01 00:00:00'::timestamp without time zone) AND (l_discount >= .05::double precision) AND (l_discount <= .07::double precision) AND (l_quantity < 24::double precision)), (LLVM Optimized, Jit Execute)", "Rows Removed by Index Recheck": 0, "Exact Heap Blocks": 699048, "Lossy Heap Blocks": 699048, "Plans": [{"Node Type": "Bitmap Index Scan", "Parent Relationship": "Outer", "Index Name": "idx_lineitem_shipdate", "Startup Cost": 0.0, "Total Cost": 380137.49, "Plan Rows": 1135757, "Plan Width": 0, "Actual Startup Time": 1874.732, "Actual Total Time": 1874.732, "Actual Rows": 1139264, "Actual Loops": 1, "Index Cond": "((l_shipdate >= '1994-01-01 00:00:00'::timestamp(0) without time zone) AND (l_shipdate < '1995-01-01 00:00:00'::timestamp without time zone) AND (l_discount >= .05::double precision) AND (l_discount <= .07::double precision) AND (l_quantity < 24::double precision))"}]}]}, "Triggers": [], "Planner Runtime": 0, "Total Runtime": 4246.2, "Unique SQL Id": 4176715123}}, "(1, 24)": {"explain_plan": {"Plan": {"Node Type": "Aggregate", "Strategy": "Plain", "Startup Cost": 2770632.03, "Total Cost": 2770632.04, "Plan Rows": 1, "Plan Width": 24, "Plans": [{"Node Type": "Seq Scan", "Parent Relationship": "Outer", "Relation Name": "lineitem", "Alias": "lineitem", "Startup Cost": 111370.98, "Total Cost": 2764953.24, "Plan Rows": 1135757, "Plan Width": 16, "Filter": "((l_shipdate >= '1994-01-01 00:00:00'::timestamp(0) without time zone) AND (l_shipdate < '1995-01-01 00:00:00'::timestamp without time zone) AND (l_discount >= .05::double precision) AND (l_discount <= .07::double precision) AND (l_quantity < 24::double precision)), (LLVM Optimized)"}]}, "Unique SQL Id": 4176715123, "Planner Runtime": 0}, "explain_analyze_plan": null}, "(1, 25)": {"explain_plan": {"Plan": {"Node Type": "Aggregate", "Strategy": "Plain", "Startup Cost": 3639281.83, "Total Cost": 3639281.84, "Plan Rows": 1, "Plan Width": 24, "Plans": [{"Node Type": "Index Scan", "Parent Relationship": "Outer", "Scan Direction": "Forward", "Index Name": "idx_lineitem_shipdate", "Relation Name": "lineitem", "Alias": "lineitem", "Startup Cost": 0.0, "Total Cost": 3633603.05, "Plan Rows": 1135757, "Plan Width": 16, "Index Cond": "((l_shipdate >= '1994-01-01 00:00:00'::timestamp(0) without time zone) AND (l_shipdate < '1995-01-01 00:00:00'::timestamp without time zone) AND (l_discount >= .05::double precision) AND (l_discount <= .07::double precision) AND (l_quantity < 24::double precision)), (LLVM Optimized)"}]}, "Unique SQL Id": 4176715123, "Planner Runtime": 0}, "explain_analyze_plan": {"Plan": {"Node Type": "Aggregate", "Strategy": "Plain", "Startup Cost": 3639281.83, "Total Cost": 3639281.84, "Plan Rows": 1, "Plan Width": 24, "Actual Startup Time": 4487.753, "Actual Total Time": 4487.754, "Actual Rows": 1, "Actual Loops": 1, "Plans": [{"Node Type": "Index Scan", "Parent Relationship": "Outer", "Scan Direction": "Forward", "Index Name": "idx_lineitem_shipdate", "Relation Name": "lineitem", "Alias": "lineitem", "Startup Cost": 0.0, "Total Cost": 3633603.05, "Plan Rows": 1135757, "Plan Width": 16, "Actual Startup Time": 0.08, "Actual Total Time": 4140.241, "Actual Rows": 1139264, "Actual Loops": 1, "Index Cond": "((l_shipdate >= '1994-01-01 00:00:00'::timestamp(0) without time zone) AND (l_shipdate < '1995-01-01 00:00:00'::timestamp without time zone) AND (l_discount >= .05::double precision) AND (l_discount <= .07::double precision) AND (l_quantity < 24::double precision)), (LLVM Optimized, Jit Execute)", "Rows Removed by Index Recheck": 0}]}, "Triggers": [], "Planner Runtime": 0, "Total Runtime": 4497.762, "Unique SQL Id": 4176715123}}, "(1, 26)": {"explain_plan": {"Plan": {"Node Type": "Aggregate", "Strategy": "Plain", "Startup Cost": 2770632.03, "Total Cost": 2770632.04, "Plan Rows": 1, "Plan Width": 24, "Plans": [{"Node Type": "Seq Scan", "Parent Relationship": "Outer", "Relation Name": "lineitem", "Alias": "lineitem", "Startup Cost": 111370.98, "Total Cost": 2764953.24, "Plan Rows": 1135757, "Plan Width": 16, "Filter": "((l_shipdate >= '1994-01-01 00:00:00'::timestamp(0) without time zone) AND (l_shipdate < '1995-01-01 00:00:00'::timestamp without time zone) AND (l_discount >= .05::double precision) AND (l_discount <= .07::double precision) AND (l_quantity < 24::double precision)), (LLVM Optimized)"}]}, "Unique SQL Id": 4176715123, "Planner Runtime": 0}, "explain_analyze_plan": null}, "(1, 27)": {"explain_plan": {"Plan": {"Node Type": "Aggregate", "Strategy": "Plain", "Startup Cost": 1000276501003.04, "Total Cost": 1000276501003.05, "Plan Rows": 1, "Plan Width": 24, "Plans": [{"Node Type": "Seq Scan", "Parent Relationship": "Outer", "Relation Name": "lineitem", "Alias": "lineitem", "Startup Cost": 10000109520.02, "Total Cost": 1000276495324.25, "Plan Rows": 1135757, "Plan Width": 16, "Filter": "((l_shipdate >= '1994-01-01 00:00:00'::timestamp(0) without time zone) AND (l_shipdate < '1995-01-01 00:00:00'::timestamp without time zone) AND (l_discount >= .05::double precision) AND (l_discount <= .07::double precision) AND (l_quantity < 24::double precision)), (LLVM Optimized)"}]}, "Unique SQL Id": 4176715123, "Planner Runtime": 0}, "explain_analyze_plan": null}, "(1, 28)": {"explain_plan": {"Plan": {"Node Type": "Aggregate", "Strategy": "Plain", "Startup Cost": 2770632.03, "Total Cost": 2770632.04, "Plan Rows": 1, "Plan Width": 24, "Plans": [{"Node Type": "Seq Scan", "Parent Relationship": "Outer", "Relation Name": "lineitem", "Alias": "lineitem", "Startup Cost": 111370.98, "Total Cost": 2764953.24, "Plan Rows": 1135757, "Plan Width": 16, "Filter": "((l_shipdate >= '1994-01-01 00:00:00'::timestamp(0) without time zone) AND (l_shipdate < '1995-01-01 00:00:00'::timestamp without time zone) AND (l_discount >= .05::double precision) AND (l_discount <= .07::double precision) AND (l_quantity < 24::double precision)), (LLVM Optimized)"}]}, "Unique SQL Id": 4176715123, "Planner Runtime": 0}, "explain_analyze_plan": null}, "(1, 29)": {"explain_plan": {"Plan": {"Node Type": "Aggregate", "Strategy": "Plain", "Startup Cost": 3639281.83, "Total Cost": 3639281.84, "Plan Rows": 1, "Plan Width": 24, "Plans": [{"Node Type": "Index Scan", "Parent Relationship": "Outer", "Scan Direction": "Forward", "Index Name": "idx_lineitem_shipdate", "Relation Name": "lineitem", "Alias": "lineitem", "Startup Cost": 0.0, "Total Cost": 3633603.05, "Plan Rows": 1135757, "Plan Width": 16, "Index Cond": "((l_shipdate >= '1994-01-01 00:00:00'::timestamp(0) without time zone) AND (l_shipdate < '1995-01-01 00:00:00'::timestamp without time zone) AND (l_discount >= .05::double precision) AND (l_discount <= .07::double precision) AND (l_quantity < 24::double precision)), (LLVM Optimized)"}]}, "Unique SQL Id": 4176715123, "Planner Runtime": 0}, "explain_analyze_plan": {"Plan": {"Node Type": "Aggregate", "Strategy": "Plain", "Startup Cost": 3639281.83, "Total Cost": 3639281.84, "Plan Rows": 1, "Plan Width": 24, "Actual Startup Time": 4487.753, "Actual Total Time": 4487.754, "Actual Rows": 1, "Actual Loops": 1, "Plans": [{"Node Type": "Index Scan", "Parent Relationship": "Outer", "Scan Direction": "Forward", "Index Name": "idx_lineitem_shipdate", "Relation Name": "lineitem", "Alias": "lineitem", "Startup Cost": 0.0, "Total Cost": 3633603.05, "Plan Rows": 1135757, "Plan Width": 16, "Actual Startup Time": 0.08, "Actual Total Time": 4140.241, "Actual Rows": 1139264, "Actual Loops": 1, "Index Cond": "((l_shipdate >= '1994-01-01 00:00:00'::timestamp(0) without time zone) AND (l_shipdate < '1995-01-01 00:00:00'::timestamp without time zone) AND (l_discount >= .05::double precision) AND (l_discount <= .07::double precision) AND (l_quantity < 24::double precision)), (LLVM Optimized, Jit Execute)", "Rows Removed by Index Recheck": 0}]}, "Triggers": [], "Planner Runtime": 0, "Total Runtime": 4497.762, "Unique SQL Id": 4176715123}}, "(1, 30)": {"explain_plan": {"Plan": {"Node Type": "Aggregate", "Strategy": "Plain", "Startup Cost": 2770632.03, "Total Cost": 2770632.04, "Plan Rows": 1, "Plan Width": 24, "Plans": [{"Node Type": "Seq Scan", "Parent Relationship": "Outer", "Relation Name": "lineitem", "Alias": "lineitem", "Startup Cost": 111370.98, "Total Cost": 2764953.24, "Plan Rows": 1135757, "Plan Width": 16, "Filter": "((l_shipdate >= '1994-01-01 00:00:00'::timestamp(0) without time zone) AND (l_shipdate < '1995-01-01 00:00:00'::timestamp without time zone) AND (l_discount >= .05::double precision) AND (l_discount <= .07::double precision) AND (l_quantity < 24::double precision)), (LLVM Optimized)"}]}, "Unique SQL Id": 4176715123, "Planner Runtime": 0}, "explain_analyze_plan": null}, "(1, 31)": {"explain_plan": {"Plan": {"Node Type": "Aggregate", "Strategy": "Plain", "Startup Cost": 1000276501003.04, "Total Cost": 1000276501003.05, "Plan Rows": 1, "Plan Width": 24, "Plans": [{"Node Type": "Seq Scan", "Parent Relationship": "Outer", "Relation Name": "lineitem", "Alias": "lineitem", "Startup Cost": 10000109520.02, "Total Cost": 1000276495324.25, "Plan Rows": 1135757, "Plan Width": 16, "Filter": "((l_shipdate >= '1994-01-01 00:00:00'::timestamp(0) without time zone) AND (l_shipdate < '1995-01-01 00:00:00'::timestamp without time zone) AND (l_discount >= .05::double precision) AND (l_discount <= .07::double precision) AND (l_quantity < 24::double precision)), (LLVM Optimized)"}]}, "Unique SQL Id": 4176715123, "Planner Runtime": 0}, "explain_analyze_plan": null}, "(1, 32)": {"explain_plan": {"Plan": {"Node Type": "Aggregate", "Strategy": "Plain", "Startup Cost": 1813598.15, "Total Cost": 1813598.16, "Plan Rows": 1, "Plan Width": 24, "Plans": [{"Node Type": "Bitmap Heap Scan", "Parent Relationship": "Outer", "Relation Name": "lineitem", "Alias": "lineitem", "Startup Cost": 380421.43, "Total Cost": 1807919.37, "Plan Rows": 1135757, "Plan Width": 16, "Recheck Cond": "((l_shipdate >= '1994-01-01 00:00:00'::timestamp(0) without time zone) AND (l_shipdate < '1995-01-01 00:00:00'::timestamp without time zone) AND (l_discount >= .05::double precision) AND (l_discount <= .07::double precision) AND (l_quantity < 24::double precision)), (LLVM Optimized)", "Plans": [{"Node Type": "Bitmap Index Scan", "Parent Relationship": "Outer", "Index Name": "idx_lineitem_shipdate", "Startup Cost": 0.0, "Total Cost": 380137.49, "Plan Rows": 1135757, "Plan Width": 0, "Index Cond": "((l_shipdate >= '1994-01-01 00:00:00'::timestamp(0) without time zone) AND (l_shipdate < '1995-01-01 00:00:00'::timestamp without time zone) AND (l_discount >= .05::double precision) AND (l_discount <= .07::double precision) AND (l_quantity < 24::double precision))"}]}]}, "Unique SQL Id": 4176715123, "Planner Runtime": 0}, "explain_analyze_plan": {"Plan": {"Node Type": "Aggregate", "Strategy": "Plain", "Startup Cost": 1813598.15, "Total Cost": 1813598.16, "Plan Rows": 1, "Plan Width": 24, "Actual Startup Time": 4235.455, "Actual Total Time": 4235.456, "Actual Rows": 1, "Actual Loops": 1, "Plans": [{"Node Type": "Bitmap Heap Scan", "Parent Relationship": "Outer", "Relation Name": "lineitem", "Alias": "lineitem", "Startup Cost": 380421.43, "Total Cost": 1807919.37, "Plan Rows": 1135757, "Plan Width": 16, "Actual Startup Time": 2209.192, "Actual Total Time": 3896.981, "Actual Rows": 1139264, "Actual Loops": 1, "Recheck Cond": "((l_shipdate >= '1994-01-01 00:00:00'::timestamp(0) without time zone) AND (l_shipdate < '1995-01-01 00:00:00'::timestamp without time zone) AND (l_discount >= .05::double precision) AND (l_discount <= .07::double precision) AND (l_quantity < 24::double precision)), (LLVM Optimized, Jit Execute)", "Rows Removed by Index Recheck": 0, "Exact Heap Blocks": 699048, "Lossy Heap Blocks": 699048, "Plans": [{"Node Type": "Bitmap Index Scan", "Parent Relationship": "Outer", "Index Name": "idx_lineitem_shipdate", "Startup Cost": 0.0, "Total Cost": 380137.49, "Plan Rows": 1135757, "Plan Width": 0, "Actual Startup Time": 1874.732, "Actual Total Time": 1874.732, "Actual Rows": 1139264, "Actual Loops": 1, "Index Cond": "((l_shipdate >= '1994-01-01 00:00:00'::timestamp(0) without time zone) AND (l_shipdate < '1995-01-01 00:00:00'::timestamp without time zone) AND (l_discount >= .05::double precision) AND (l_discount <= .07::double precision) AND (l_quantity < 24::double precision))"}]}]}, "Triggers": [], "Planner Runtime": 0, "Total Runtime": 4246.2, "Unique SQL Id": 4176715123}}, "(1, 33)": {"explain_plan": {"Plan": {"Node Type": "Aggregate", "Strategy": "Plain", "Startup Cost": 1813598.15, "Total Cost": 1813598.16, "Plan Rows": 1, "Plan Width": 24, "Plans": [{"Node Type": "Bitmap Heap Scan", "Parent Relationship": "Outer", "Relation Name": "lineitem", "Alias": "lineitem", "Startup Cost": 380421.43, "Total Cost": 1807919.37, "Plan Rows": 1135757, "Plan Width": 16, "Recheck Cond": "((l_shipdate >= '1994-01-01 00:00:00'::timestamp(0) without time zone) AND (l_shipdate < '1995-01-01 00:00:00'::timestamp without time zone) AND (l_discount >= .05::double precision) AND (l_discount <= .07::double precision) AND (l_quantity < 24::double precision)), (LLVM Optimized)", "Plans": [{"Node Type": "Bitmap Index Scan", "Parent Relationship": "Outer", "Index Name": "idx_lineitem_shipdate", "Startup Cost": 0.0, "Total Cost": 380137.49, "Plan Rows": 1135757, "Plan Width": 0, "Index Cond": "((l_shipdate >= '1994-01-01 00:00:00'::timestamp(0) without time zone) AND (l_shipdate < '1995-01-01 00:00:00'::timestamp without time zone) AND (l_discount >= .05::double precision) AND (l_discount <= .07::double precision) AND (l_quantity < 24::double precision))"}]}]}, "Unique SQL Id": 4176715123, "Planner Runtime": 0}, "explain_analyze_plan": {"Plan": {"Node Type": "Aggregate", "Strategy": "Plain", "Startup Cost": 1813598.15, "Total Cost": 1813598.16, "Plan Rows": 1, "Plan Width": 24, "Actual Startup Time": 4235.455, "Actual Total Time": 4235.456, "Actual Rows": 1, "Actual Loops": 1, "Plans": [{"Node Type": "Bitmap Heap Scan", "Parent Relationship": "Outer", "Relation Name": "lineitem", "Alias": "lineitem", "Startup Cost": 380421.43, "Total Cost": 1807919.37, "Plan Rows": 1135757, "Plan Width": 16, "Actual Startup Time": 2209.192, "Actual Total Time": 3896.981, "Actual Rows": 1139264, "Actual Loops": 1, "Recheck Cond": "((l_shipdate >= '1994-01-01 00:00:00'::timestamp(0) without time zone) AND (l_shipdate < '1995-01-01 00:00:00'::timestamp without time zone) AND (l_discount >= .05::double precision) AND (l_discount <= .07::double precision) AND (l_quantity < 24::double precision)), (LLVM Optimized, Jit Execute)", "Rows Removed by Index Recheck": 0, "Exact Heap Blocks": 699048, "Lossy Heap Blocks": 699048, "Plans": [{"Node Type": "Bitmap Index Scan", "Parent Relationship": "Outer", "Index Name": "idx_lineitem_shipdate", "Startup Cost": 0.0, "Total Cost": 380137.49, "Plan Rows": 1135757, "Plan Width": 0, "Actual Startup Time": 1874.732, "Actual Total Time": 1874.732, "Actual Rows": 1139264, "Actual Loops": 1, "Index Cond": "((l_shipdate >= '1994-01-01 00:00:00'::timestamp(0) without time zone) AND (l_shipdate < '1995-01-01 00:00:00'::timestamp without time zone) AND (l_discount >= .05::double precision) AND (l_discount <= .07::double precision) AND (l_quantity < 24::double precision))"}]}]}, "Triggers": [], "Planner Runtime": 0, "Total Runtime": 4246.2, "Unique SQL Id": 4176715123}}, "(1, 34)": {"explain_plan": {"Plan": {"Node Type": "Aggregate", "Strategy": "Plain", "Startup Cost": 1813598.15, "Total Cost": 1813598.16, "Plan Rows": 1, "Plan Width": 24, "Plans": [{"Node Type": "Bitmap Heap Scan", "Parent Relationship": "Outer", "Relation Name": "lineitem", "Alias": "lineitem", "Startup Cost": 380421.43, "Total Cost": 1807919.37, "Plan Rows": 1135757, "Plan Width": 16, "Recheck Cond": "((l_shipdate >= '1994-01-01 00:00:00'::timestamp(0) without time zone) AND (l_shipdate < '1995-01-01 00:00:00'::timestamp without time zone) AND (l_discount >= .05::double precision) AND (l_discount <= .07::double precision) AND (l_quantity < 24::double precision)), (LLVM Optimized)", "Plans": [{"Node Type": "Bitmap Index Scan", "Parent Relationship": "Outer", "Index Name": "idx_lineitem_shipdate", "Startup Cost": 0.0, "Total Cost": 380137.49, "Plan Rows": 1135757, "Plan Width": 0, "Index Cond": "((l_shipdate >= '1994-01-01 00:00:00'::timestamp(0) without time zone) AND (l_shipdate < '1995-01-01 00:00:00'::timestamp without time zone) AND (l_discount >= .05::double precision) AND (l_discount <= .07::double precision) AND (l_quantity < 24::double precision))"}]}]}, "Unique SQL Id": 4176715123, "Planner Runtime": 0}, "explain_analyze_plan": {"Plan": {"Node Type": "Aggregate", "Strategy": "Plain", "Startup Cost": 1813598.15, "Total Cost": 1813598.16, "Plan Rows": 1, "Plan Width": 24, "Actual Startup Time": 4235.455, "Actual Total Time": 4235.456, "Actual Rows": 1, "Actual Loops": 1, "Plans": [{"Node Type": "Bitmap Heap Scan", "Parent Relationship": "Outer", "Relation Name": "lineitem", "Alias": "lineitem", "Startup Cost": 380421.43, "Total Cost": 1807919.37, "Plan Rows": 1135757, "Plan Width": 16, "Actual Startup Time": 2209.192, "Actual Total Time": 3896.981, "Actual Rows": 1139264, "Actual Loops": 1, "Recheck Cond": "((l_shipdate >= '1994-01-01 00:00:00'::timestamp(0) without time zone) AND (l_shipdate < '1995-01-01 00:00:00'::timestamp without time zone) AND (l_discount >= .05::double precision) AND (l_discount <= .07::double precision) AND (l_quantity < 24::double precision)), (LLVM Optimized, Jit Execute)", "Rows Removed by Index Recheck": 0, "Exact Heap Blocks": 699048, "Lossy Heap Blocks": 699048, "Plans": [{"Node Type": "Bitmap Index Scan", "Parent Relationship": "Outer", "Index Name": "idx_lineitem_shipdate", "Startup Cost": 0.0, "Total Cost": 380137.49, "Plan Rows": 1135757, "Plan Width": 0, "Actual Startup Time": 1874.732, "Actual Total Time": 1874.732, "Actual Rows": 1139264, "Actual Loops": 1, "Index Cond": "((l_shipdate >= '1994-01-01 00:00:00'::timestamp(0) without time zone) AND (l_shipdate < '1995-01-01 00:00:00'::timestamp without time zone) AND (l_discount >= .05::double precision) AND (l_discount <= .07::double precision) AND (l_quantity < 24::double precision))"}]}]}, "Triggers": [], "Planner Runtime": 0, "Total Runtime": 4246.2, "Unique SQL Id": 4176715123}}, "(1, 35)": {"explain_plan": {"Plan": {"Node Type": "Aggregate", "Strategy": "Plain", "Startup Cost": 1813598.15, "Total Cost": 1813598.16, "Plan Rows": 1, "Plan Width": 24, "Plans": [{"Node Type": "Bitmap Heap Scan", "Parent Relationship": "Outer", "Relation Name": "lineitem", "Alias": "lineitem", "Startup Cost": 380421.43, "Total Cost": 1807919.37, "Plan Rows": 1135757, "Plan Width": 16, "Recheck Cond": "((l_shipdate >= '1994-01-01 00:00:00'::timestamp(0) without time zone) AND (l_shipdate < '1995-01-01 00:00:00'::timestamp without time zone) AND (l_discount >= .05::double precision) AND (l_discount <= .07::double precision) AND (l_quantity < 24::double precision)), (LLVM Optimized)", "Plans": [{"Node Type": "Bitmap Index Scan", "Parent Relationship": "Outer", "Index Name": "idx_lineitem_shipdate", "Startup Cost": 0.0, "Total Cost": 380137.49, "Plan Rows": 1135757, "Plan Width": 0, "Index Cond": "((l_shipdate >= '1994-01-01 00:00:00'::timestamp(0) without time zone) AND (l_shipdate < '1995-01-01 00:00:00'::timestamp without time zone) AND (l_discount >= .05::double precision) AND (l_discount <= .07::double precision) AND (l_quantity < 24::double precision))"}]}]}, "Unique SQL Id": 4176715123, "Planner Runtime": 0}, "explain_analyze_plan": {"Plan": {"Node Type": "Aggregate", "Strategy": "Plain", "Startup Cost": 1813598.15, "Total Cost": 1813598.16, "Plan Rows": 1, "Plan Width": 24, "Actual Startup Time": 4235.455, "Actual Total Time": 4235.456, "Actual Rows": 1, "Actual Loops": 1, "Plans": [{"Node Type": "Bitmap Heap Scan", "Parent Relationship": "Outer", "Relation Name": "lineitem", "Alias": "lineitem", "Startup Cost": 380421.43, "Total Cost": 1807919.37, "Plan Rows": 1135757, "Plan Width": 16, "Actual Startup Time": 2209.192, "Actual Total Time": 3896.981, "Actual Rows": 1139264, "Actual Loops": 1, "Recheck Cond": "((l_shipdate >= '1994-01-01 00:00:00'::timestamp(0) without time zone) AND (l_shipdate < '1995-01-01 00:00:00'::timestamp without time zone) AND (l_discount >= .05::double precision) AND (l_discount <= .07::double precision) AND (l_quantity < 24::double precision)), (LLVM Optimized, Jit Execute)", "Rows Removed by Index Recheck": 0, "Exact Heap Blocks": 699048, "Lossy Heap Blocks": 699048, "Plans": [{"Node Type": "Bitmap Index Scan", "Parent Relationship": "Outer", "Index Name": "idx_lineitem_shipdate", "Startup Cost": 0.0, "Total Cost": 380137.49, "Plan Rows": 1135757, "Plan Width": 0, "Actual Startup Time": 1874.732, "Actual Total Time": 1874.732, "Actual Rows": 1139264, "Actual Loops": 1, "Index Cond": "((l_shipdate >= '1994-01-01 00:00:00'::timestamp(0) without time zone) AND (l_shipdate < '1995-01-01 00:00:00'::timestamp without time zone) AND (l_discount >= .05::double precision) AND (l_discount <= .07::double precision) AND (l_quantity < 24::double precision))"}]}]}, "Triggers": [], "Planner Runtime": 0, "Total Runtime": 4246.2, "Unique SQL Id": 4176715123}}, "(1, 36)": {"explain_plan": {"Plan": {"Node Type": "Aggregate", "Strategy": "Plain", "Startup Cost": 1813598.15, "Total Cost": 1813598.16, "Plan Rows": 1, "Plan Width": 24, "Plans": [{"Node Type": "Bitmap Heap Scan", "Parent Relationship": "Outer", "Relation Name": "lineitem", "Alias": "lineitem", "Startup Cost": 380421.43, "Total Cost": 1807919.37, "Plan Rows": 1135757, "Plan Width": 16, "Recheck Cond": "((l_shipdate >= '1994-01-01 00:00:00'::timestamp(0) without time zone) AND (l_shipdate < '1995-01-01 00:00:00'::timestamp without time zone) AND (l_discount >= .05::double precision) AND (l_discount <= .07::double precision) AND (l_quantity < 24::double precision)), (LLVM Optimized)", "Plans": [{"Node Type": "Bitmap Index Scan", "Parent Relationship": "Outer", "Index Name": "idx_lineitem_shipdate", "Startup Cost": 0.0, "Total Cost": 380137.49, "Plan Rows": 1135757, "Plan Width": 0, "Index Cond": "((l_shipdate >= '1994-01-01 00:00:00'::timestamp(0) without time zone) AND (l_shipdate < '1995-01-01 00:00:00'::timestamp without time zone) AND (l_discount >= .05::double precision) AND (l_discount <= .07::double precision) AND (l_quantity < 24::double precision))"}]}]}, "Unique SQL Id": 4176715123, "Planner Runtime": 0}, "explain_analyze_plan": {"Plan": {"Node Type": "Aggregate", "Strategy": "Plain", "Startup Cost": 1813598.15, "Total Cost": 1813598.16, "Plan Rows": 1, "Plan Width": 24, "Actual Startup Time": 4235.455, "Actual Total Time": 4235.456, "Actual Rows": 1, "Actual Loops": 1, "Plans": [{"Node Type": "Bitmap Heap Scan", "Parent Relationship": "Outer", "Relation Name": "lineitem", "Alias": "lineitem", "Startup Cost": 380421.43, "Total Cost": 1807919.37, "Plan Rows": 1135757, "Plan Width": 16, "Actual Startup Time": 2209.192, "Actual Total Time": 3896.981, "Actual Rows": 1139264, "Actual Loops": 1, "Recheck Cond": "((l_shipdate >= '1994-01-01 00:00:00'::timestamp(0) without time zone) AND (l_shipdate < '1995-01-01 00:00:00'::timestamp without time zone) AND (l_discount >= .05::double precision) AND (l_discount <= .07::double precision) AND (l_quantity < 24::double precision)), (LLVM Optimized, Jit Execute)", "Rows Removed by Index Recheck": 0, "Exact Heap Blocks": 699048, "Lossy Heap Blocks": 699048, "Plans": [{"Node Type": "Bitmap Index Scan", "Parent Relationship": "Outer", "Index Name": "idx_lineitem_shipdate", "Startup Cost": 0.0, "Total Cost": 380137.49, "Plan Rows": 1135757, "Plan Width": 0, "Actual Startup Time": 1874.732, "Actual Total Time": 1874.732, "Actual Rows": 1139264, "Actual Loops": 1, "Index Cond": "((l_shipdate >= '1994-01-01 00:00:00'::timestamp(0) without time zone) AND (l_shipdate < '1995-01-01 00:00:00'::timestamp without time zone) AND (l_discount >= .05::double precision) AND (l_discount <= .07::double precision) AND (l_quantity < 24::double precision))"}]}]}, "Triggers": [], "Planner Runtime": 0, "Total Runtime": 4246.2, "Unique SQL Id": 4176715123}}, "(1, 37)": {"explain_plan": {"Plan": {"Node Type": "Aggregate", "Strategy": "Plain", "Startup Cost": 1813598.15, "Total Cost": 1813598.16, "Plan Rows": 1, "Plan Width": 24, "Plans": [{"Node Type": "Bitmap Heap Scan", "Parent Relationship": "Outer", "Relation Name": "lineitem", "Alias": "lineitem", "Startup Cost": 380421.43, "Total Cost": 1807919.37, "Plan Rows": 1135757, "Plan Width": 16, "Recheck Cond": "((l_shipdate >= '1994-01-01 00:00:00'::timestamp(0) without time zone) AND (l_shipdate < '1995-01-01 00:00:00'::timestamp without time zone) AND (l_discount >= .05::double precision) AND (l_discount <= .07::double precision) AND (l_quantity < 24::double precision)), (LLVM Optimized)", "Plans": [{"Node Type": "Bitmap Index Scan", "Parent Relationship": "Outer", "Index Name": "idx_lineitem_shipdate", "Startup Cost": 0.0, "Total Cost": 380137.49, "Plan Rows": 1135757, "Plan Width": 0, "Index Cond": "((l_shipdate >= '1994-01-01 00:00:00'::timestamp(0) without time zone) AND (l_shipdate < '1995-01-01 00:00:00'::timestamp without time zone) AND (l_discount >= .05::double precision) AND (l_discount <= .07::double precision) AND (l_quantity < 24::double precision))"}]}]}, "Unique SQL Id": 4176715123, "Planner Runtime": 0}, "explain_analyze_plan": {"Plan": {"Node Type": "Aggregate", "Strategy": "Plain", "Startup Cost": 1813598.15, "Total Cost": 1813598.16, "Plan Rows": 1, "Plan Width": 24, "Actual Startup Time": 4235.455, "Actual Total Time": 4235.456, "Actual Rows": 1, "Actual Loops": 1, "Plans": [{"Node Type": "Bitmap Heap Scan", "Parent Relationship": "Outer", "Relation Name": "lineitem", "Alias": "lineitem", "Startup Cost": 380421.43, "Total Cost": 1807919.37, "Plan Rows": 1135757, "Plan Width": 16, "Actual Startup Time": 2209.192, "Actual Total Time": 3896.981, "Actual Rows": 1139264, "Actual Loops": 1, "Recheck Cond": "((l_shipdate >= '1994-01-01 00:00:00'::timestamp(0) without time zone) AND (l_shipdate < '1995-01-01 00:00:00'::timestamp without time zone) AND (l_discount >= .05::double precision) AND (l_discount <= .07::double precision) AND (l_quantity < 24::double precision)), (LLVM Optimized, Jit Execute)", "Rows Removed by Index Recheck": 0, "Exact Heap Blocks": 699048, "Lossy Heap Blocks": 699048, "Plans": [{"Node Type": "Bitmap Index Scan", "Parent Relationship": "Outer", "Index Name": "idx_lineitem_shipdate", "Startup Cost": 0.0, "Total Cost": 380137.49, "Plan Rows": 1135757, "Plan Width": 0, "Actual Startup Time": 1874.732, "Actual Total Time": 1874.732, "Actual Rows": 1139264, "Actual Loops": 1, "Index Cond": "((l_shipdate >= '1994-01-01 00:00:00'::timestamp(0) without time zone) AND (l_shipdate < '1995-01-01 00:00:00'::timestamp without time zone) AND (l_discount >= .05::double precision) AND (l_discount <= .07::double precision) AND (l_quantity < 24::double precision))"}]}]}, "Triggers": [], "Planner Runtime": 0, "Total Runtime": 4246.2, "Unique SQL Id": 4176715123}}, "(1, 38)": {"explain_plan": {"Plan": {"Node Type": "Aggregate", "Strategy": "Plain", "Startup Cost": 1813598.15, "Total Cost": 1813598.16, "Plan Rows": 1, "Plan Width": 24, "Plans": [{"Node Type": "Bitmap Heap Scan", "Parent Relationship": "Outer", "Relation Name": "lineitem", "Alias": "lineitem", "Startup Cost": 380421.43, "Total Cost": 1807919.37, "Plan Rows": 1135757, "Plan Width": 16, "Recheck Cond": "((l_shipdate >= '1994-01-01 00:00:00'::timestamp(0) without time zone) AND (l_shipdate < '1995-01-01 00:00:00'::timestamp without time zone) AND (l_discount >= .05::double precision) AND (l_discount <= .07::double precision) AND (l_quantity < 24::double precision)), (LLVM Optimized)", "Plans": [{"Node Type": "Bitmap Index Scan", "Parent Relationship": "Outer", "Index Name": "idx_lineitem_shipdate", "Startup Cost": 0.0, "Total Cost": 380137.49, "Plan Rows": 1135757, "Plan Width": 0, "Index Cond": "((l_shipdate >= '1994-01-01 00:00:00'::timestamp(0) without time zone) AND (l_shipdate < '1995-01-01 00:00:00'::timestamp without time zone) AND (l_discount >= .05::double precision) AND (l_discount <= .07::double precision) AND (l_quantity < 24::double precision))"}]}]}, "Unique SQL Id": 4176715123, "Planner Runtime": 0}, "explain_analyze_plan": {"Plan": {"Node Type": "Aggregate", "Strategy": "Plain", "Startup Cost": 1813598.15, "Total Cost": 1813598.16, "Plan Rows": 1, "Plan Width": 24, "Actual Startup Time": 4235.455, "Actual Total Time": 4235.456, "Actual Rows": 1, "Actual Loops": 1, "Plans": [{"Node Type": "Bitmap Heap Scan", "Parent Relationship": "Outer", "Relation Name": "lineitem", "Alias": "lineitem", "Startup Cost": 380421.43, "Total Cost": 1807919.37, "Plan Rows": 1135757, "Plan Width": 16, "Actual Startup Time": 2209.192, "Actual Total Time": 3896.981, "Actual Rows": 1139264, "Actual Loops": 1, "Recheck Cond": "((l_shipdate >= '1994-01-01 00:00:00'::timestamp(0) without time zone) AND (l_shipdate < '1995-01-01 00:00:00'::timestamp without time zone) AND (l_discount >= .05::double precision) AND (l_discount <= .07::double precision) AND (l_quantity < 24::double precision)), (LLVM Optimized, Jit Execute)", "Rows Removed by Index Recheck": 0, "Exact Heap Blocks": 699048, "Lossy Heap Blocks": 699048, "Plans": [{"Node Type": "Bitmap Index Scan", "Parent Relationship": "Outer", "Index Name": "idx_lineitem_shipdate", "Startup Cost": 0.0, "Total Cost": 380137.49, "Plan Rows": 1135757, "Plan Width": 0, "Actual Startup Time": 1874.732, "Actual Total Time": 1874.732, "Actual Rows": 1139264, "Actual Loops": 1, "Index Cond": "((l_shipdate >= '1994-01-01 00:00:00'::timestamp(0) without time zone) AND (l_shipdate < '1995-01-01 00:00:00'::timestamp without time zone) AND (l_discount >= .05::double precision) AND (l_discount <= .07::double precision) AND (l_quantity < 24::double precision))"}]}]}, "Triggers": [], "Planner Runtime": 0, "Total Runtime": 4246.2, "Unique SQL Id": 4176715123}}, "(1, 39)": {"explain_plan": {"Plan": {"Node Type": "Aggregate", "Strategy": "Plain", "Startup Cost": 1813598.15, "Total Cost": 1813598.16, "Plan Rows": 1, "Plan Width": 24, "Plans": [{"Node Type": "Bitmap Heap Scan", "Parent Relationship": "Outer", "Relation Name": "lineitem", "Alias": "lineitem", "Startup Cost": 380421.43, "Total Cost": 1807919.37, "Plan Rows": 1135757, "Plan Width": 16, "Recheck Cond": "((l_shipdate >= '1994-01-01 00:00:00'::timestamp(0) without time zone) AND (l_shipdate < '1995-01-01 00:00:00'::timestamp without time zone) AND (l_discount >= .05::double precision) AND (l_discount <= .07::double precision) AND (l_quantity < 24::double precision)), (LLVM Optimized)", "Plans": [{"Node Type": "Bitmap Index Scan", "Parent Relationship": "Outer", "Index Name": "idx_lineitem_shipdate", "Startup Cost": 0.0, "Total Cost": 380137.49, "Plan Rows": 1135757, "Plan Width": 0, "Index Cond": "((l_shipdate >= '1994-01-01 00:00:00'::timestamp(0) without time zone) AND (l_shipdate < '1995-01-01 00:00:00'::timestamp without time zone) AND (l_discount >= .05::double precision) AND (l_discount <= .07::double precision) AND (l_quantity < 24::double precision))"}]}]}, "Unique SQL Id": 4176715123, "Planner Runtime": 0}, "explain_analyze_plan": {"Plan": {"Node Type": "Aggregate", "Strategy": "Plain", "Startup Cost": 1813598.15, "Total Cost": 1813598.16, "Plan Rows": 1, "Plan Width": 24, "Actual Startup Time": 4235.455, "Actual Total Time": 4235.456, "Actual Rows": 1, "Actual Loops": 1, "Plans": [{"Node Type": "Bitmap Heap Scan", "Parent Relationship": "Outer", "Relation Name": "lineitem", "Alias": "lineitem", "Startup Cost": 380421.43, "Total Cost": 1807919.37, "Plan Rows": 1135757, "Plan Width": 16, "Actual Startup Time": 2209.192, "Actual Total Time": 3896.981, "Actual Rows": 1139264, "Actual Loops": 1, "Recheck Cond": "((l_shipdate >= '1994-01-01 00:00:00'::timestamp(0) without time zone) AND (l_shipdate < '1995-01-01 00:00:00'::timestamp without time zone) AND (l_discount >= .05::double precision) AND (l_discount <= .07::double precision) AND (l_quantity < 24::double precision)), (LLVM Optimized, Jit Execute)", "Rows Removed by Index Recheck": 0, "Exact Heap Blocks": 699048, "Lossy Heap Blocks": 699048, "Plans": [{"Node Type": "Bitmap Index Scan", "Parent Relationship": "Outer", "Index Name": "idx_lineitem_shipdate", "Startup Cost": 0.0, "Total Cost": 380137.49, "Plan Rows": 1135757, "Plan Width": 0, "Actual Startup Time": 1874.732, "Actual Total Time": 1874.732, "Actual Rows": 1139264, "Actual Loops": 1, "Index Cond": "((l_shipdate >= '1994-01-01 00:00:00'::timestamp(0) without time zone) AND (l_shipdate < '1995-01-01 00:00:00'::timestamp without time zone) AND (l_discount >= .05::double precision) AND (l_discount <= .07::double precision) AND (l_quantity < 24::double precision))"}]}]}, "Triggers": [], "Planner Runtime": 0, "Total Runtime": 4246.2, "Unique SQL Id": 4176715123}}, "(1, 40)": {"explain_plan": {"Plan": {"Node Type": "Aggregate", "Strategy": "Plain", "Startup Cost": 2770632.03, "Total Cost": 2770632.04, "Plan Rows": 1, "Plan Width": 24, "Plans": [{"Node Type": "Seq Scan", "Parent Relationship": "Outer", "Relation Name": "lineitem", "Alias": "lineitem", "Startup Cost": 111370.98, "Total Cost": 2764953.24, "Plan Rows": 1135757, "Plan Width": 16, "Filter": "((l_shipdate >= '1994-01-01 00:00:00'::timestamp(0) without time zone) AND (l_shipdate < '1995-01-01 00:00:00'::timestamp without time zone) AND (l_discount >= .05::double precision) AND (l_discount <= .07::double precision) AND (l_quantity < 24::double precision)), (LLVM Optimized)"}]}, "Unique SQL Id": 4176715123, "Planner Runtime": 0}, "explain_analyze_plan": null}, "(1, 41)": {"explain_plan": {"Plan": {"Node Type": "Aggregate", "Strategy": "Plain", "Startup Cost": 3639281.83, "Total Cost": 3639281.84, "Plan Rows": 1, "Plan Width": 24, "Plans": [{"Node Type": "Index Scan", "Parent Relationship": "Outer", "Scan Direction": "Forward", "Index Name": "idx_lineitem_shipdate", "Relation Name": "lineitem", "Alias": "lineitem", "Startup Cost": 0.0, "Total Cost": 3633603.05, "Plan Rows": 1135757, "Plan Width": 16, "Index Cond": "((l_shipdate >= '1994-01-01 00:00:00'::timestamp(0) without time zone) AND (l_shipdate < '1995-01-01 00:00:00'::timestamp without time zone) AND (l_discount >= .05::double precision) AND (l_discount <= .07::double precision) AND (l_quantity < 24::double precision)), (LLVM Optimized)"}]}, "Unique SQL Id": 4176715123, "Planner Runtime": 0}, "explain_analyze_plan": {"Plan": {"Node Type": "Aggregate", "Strategy": "Plain", "Startup Cost": 3639281.83, "Total Cost": 3639281.84, "Plan Rows": 1, "Plan Width": 24, "Actual Startup Time": 4487.753, "Actual Total Time": 4487.754, "Actual Rows": 1, "Actual Loops": 1, "Plans": [{"Node Type": "Index Scan", "Parent Relationship": "Outer", "Scan Direction": "Forward", "Index Name": "idx_lineitem_shipdate", "Relation Name": "lineitem", "Alias": "lineitem", "Startup Cost": 0.0, "Total Cost": 3633603.05, "Plan Rows": 1135757, "Plan Width": 16, "Actual Startup Time": 0.08, "Actual Total Time": 4140.241, "Actual Rows": 1139264, "Actual Loops": 1, "Index Cond": "((l_shipdate >= '1994-01-01 00:00:00'::timestamp(0) without time zone) AND (l_shipdate < '1995-01-01 00:00:00'::timestamp without time zone) AND (l_discount >= .05::double precision) AND (l_discount <= .07::double precision) AND (l_quantity < 24::double precision)), (LLVM Optimized, Jit Execute)", "Rows Removed by Index Recheck": 0}]}, "Triggers": [], "Planner Runtime": 0, "Total Runtime": 4497.762, "Unique SQL Id": 4176715123}}, "(1, 42)": {"explain_plan": {"Plan": {"Node Type": "Aggregate", "Strategy": "Plain", "Startup Cost": 2770632.03, "Total Cost": 2770632.04, "Plan Rows": 1, "Plan Width": 24, "Plans": [{"Node Type": "Seq Scan", "Parent Relationship": "Outer", "Relation Name": "lineitem", "Alias": "lineitem", "Startup Cost": 111370.98, "Total Cost": 2764953.24, "Plan Rows": 1135757, "Plan Width": 16, "Filter": "((l_shipdate >= '1994-01-01 00:00:00'::timestamp(0) without time zone) AND (l_shipdate < '1995-01-01 00:00:00'::timestamp without time zone) AND (l_discount >= .05::double precision) AND (l_discount <= .07::double precision) AND (l_quantity < 24::double precision)), (LLVM Optimized)"}]}, "Unique SQL Id": 4176715123, "Planner Runtime": 0}, "explain_analyze_plan": null}, "(1, 43)": {"explain_plan": {"Plan": {"Node Type": "Aggregate", "Strategy": "Plain", "Startup Cost": 1000276501003.04, "Total Cost": 1000276501003.05, "Plan Rows": 1, "Plan Width": 24, "Plans": [{"Node Type": "Seq Scan", "Parent Relationship": "Outer", "Relation Name": "lineitem", "Alias": "lineitem", "Startup Cost": 10000109520.02, "Total Cost": 1000276495324.25, "Plan Rows": 1135757, "Plan Width": 16, "Filter": "((l_shipdate >= '1994-01-01 00:00:00'::timestamp(0) without time zone) AND (l_shipdate < '1995-01-01 00:00:00'::timestamp without time zone) AND (l_discount >= .05::double precision) AND (l_discount <= .07::double precision) AND (l_quantity < 24::double precision)), (LLVM Optimized)"}]}, "Unique SQL Id": 4176715123, "Planner Runtime": 0}, "explain_analyze_plan": null}, "(1, 44)": {"explain_plan": {"Plan": {"Node Type": "Aggregate", "Strategy": "Plain", "Startup Cost": 2770632.03, "Total Cost": 2770632.04, "Plan Rows": 1, "Plan Width": 24, "Plans": [{"Node Type": "Seq Scan", "Parent Relationship": "Outer", "Relation Name": "lineitem", "Alias": "lineitem", "Startup Cost": 111370.98, "Total Cost": 2764953.24, "Plan Rows": 1135757, "Plan Width": 16, "Filter": "((l_shipdate >= '1994-01-01 00:00:00'::timestamp(0) without time zone) AND (l_shipdate < '1995-01-01 00:00:00'::timestamp without time zone) AND (l_discount >= .05::double precision) AND (l_discount <= .07::double precision) AND (l_quantity < 24::double precision)), (LLVM Optimized)"}]}, "Unique SQL Id": 4176715123, "Planner Runtime": 0}, "explain_analyze_plan": null}, "(1, 45)": {"explain_plan": {"Plan": {"Node Type": "Aggregate", "Strategy": "Plain", "Startup Cost": 3639281.83, "Total Cost": 3639281.84, "Plan Rows": 1, "Plan Width": 24, "Plans": [{"Node Type": "Index Scan", "Parent Relationship": "Outer", "Scan Direction": "Forward", "Index Name": "idx_lineitem_shipdate", "Relation Name": "lineitem", "Alias": "lineitem", "Startup Cost": 0.0, "Total Cost": 3633603.05, "Plan Rows": 1135757, "Plan Width": 16, "Index Cond": "((l_shipdate >= '1994-01-01 00:00:00'::timestamp(0) without time zone) AND (l_shipdate < '1995-01-01 00:00:00'::timestamp without time zone) AND (l_discount >= .05::double precision) AND (l_discount <= .07::double precision) AND (l_quantity < 24::double precision)), (LLVM Optimized)"}]}, "Unique SQL Id": 4176715123, "Planner Runtime": 0}, "explain_analyze_plan": {"Plan": {"Node Type": "Aggregate", "Strategy": "Plain", "Startup Cost": 3639281.83, "Total Cost": 3639281.84, "Plan Rows": 1, "Plan Width": 24, "Actual Startup Time": 4487.753, "Actual Total Time": 4487.754, "Actual Rows": 1, "Actual Loops": 1, "Plans": [{"Node Type": "Index Scan", "Parent Relationship": "Outer", "Scan Direction": "Forward", "Index Name": "idx_lineitem_shipdate", "Relation Name": "lineitem", "Alias": "lineitem", "Startup Cost": 0.0, "Total Cost": 3633603.05, "Plan Rows": 1135757, "Plan Width": 16, "Actual Startup Time": 0.08, "Actual Total Time": 4140.241, "Actual Rows": 1139264, "Actual Loops": 1, "Index Cond": "((l_shipdate >= '1994-01-01 00:00:00'::timestamp(0) without time zone) AND (l_shipdate < '1995-01-01 00:00:00'::timestamp without time zone) AND (l_discount >= .05::double precision) AND (l_discount <= .07::double precision) AND (l_quantity < 24::double precision)), (LLVM Optimized, Jit Execute)", "Rows Removed by Index Recheck": 0}]}, "Triggers": [], "Planner Runtime": 0, "Total Runtime": 4497.762, "Unique SQL Id": 4176715123}}, "(1, 46)": {"explain_plan": {"Plan": {"Node Type": "Aggregate", "Strategy": "Plain", "Startup Cost": 2770632.03, "Total Cost": 2770632.04, "Plan Rows": 1, "Plan Width": 24, "Plans": [{"Node Type": "Seq Scan", "Parent Relationship": "Outer", "Relation Name": "lineitem", "Alias": "lineitem", "Startup Cost": 111370.98, "Total Cost": 2764953.24, "Plan Rows": 1135757, "Plan Width": 16, "Filter": "((l_shipdate >= '1994-01-01 00:00:00'::timestamp(0) without time zone) AND (l_shipdate < '1995-01-01 00:00:00'::timestamp without time zone) AND (l_discount >= .05::double precision) AND (l_discount <= .07::double precision) AND (l_quantity < 24::double precision)), (LLVM Optimized)"}]}, "Unique SQL Id": 4176715123, "Planner Runtime": 0}, "explain_analyze_plan": null}, "(1, 47)": {"explain_plan": {"Plan": {"Node Type": "Aggregate", "Strategy": "Plain", "Startup Cost": 1000276501003.04, "Total Cost": 1000276501003.05, "Plan Rows": 1, "Plan Width": 24, "Plans": [{"Node Type": "Seq Scan", "Parent Relationship": "Outer", "Relation Name": "lineitem", "Alias": "lineitem", "Startup Cost": 10000109520.02, "Total Cost": 1000276495324.25, "Plan Rows": 1135757, "Plan Width": 16, "Filter": "((l_shipdate >= '1994-01-01 00:00:00'::timestamp(0) without time zone) AND (l_shipdate < '1995-01-01 00:00:00'::timestamp without time zone) AND (l_discount >= .05::double precision) AND (l_discount <= .07::double precision) AND (l_quantity < 24::double precision)), (LLVM Optimized)"}]}, "Unique SQL Id": 4176715123, "Planner Runtime": 0}, "explain_analyze_plan": null}, "(1, 48)": {"explain_plan": {"Plan": {"Node Type": "Aggregate", "Strategy": "Plain", "Startup Cost": 1813598.15, "Total Cost": 1813598.16, "Plan Rows": 1, "Plan Width": 24, "Plans": [{"Node Type": "Bitmap Heap Scan", "Parent Relationship": "Outer", "Relation Name": "lineitem", "Alias": "lineitem", "Startup Cost": 380421.43, "Total Cost": 1807919.37, "Plan Rows": 1135757, "Plan Width": 16, "Recheck Cond": "((l_shipdate >= '1994-01-01 00:00:00'::timestamp(0) without time zone) AND (l_shipdate < '1995-01-01 00:00:00'::timestamp without time zone) AND (l_discount >= .05::double precision) AND (l_discount <= .07::double precision) AND (l_quantity < 24::double precision)), (LLVM Optimized)", "Plans": [{"Node Type": "Bitmap Index Scan", "Parent Relationship": "Outer", "Index Name": "idx_lineitem_shipdate", "Startup Cost": 0.0, "Total Cost": 380137.49, "Plan Rows": 1135757, "Plan Width": 0, "Index Cond": "((l_shipdate >= '1994-01-01 00:00:00'::timestamp(0) without time zone) AND (l_shipdate < '1995-01-01 00:00:00'::timestamp without time zone) AND (l_discount >= .05::double precision) AND (l_discount <= .07::double precision) AND (l_quantity < 24::double precision))"}]}]}, "Unique SQL Id": 4176715123, "Planner Runtime": 0}, "explain_analyze_plan": {"Plan": {"Node Type": "Aggregate", "Strategy": "Plain", "Startup Cost": 1813598.15, "Total Cost": 1813598.16, "Plan Rows": 1, "Plan Width": 24, "Actual Startup Time": 4235.455, "Actual Total Time": 4235.456, "Actual Rows": 1, "Actual Loops": 1, "Plans": [{"Node Type": "Bitmap Heap Scan", "Parent Relationship": "Outer", "Relation Name": "lineitem", "Alias": "lineitem", "Startup Cost": 380421.43, "Total Cost": 1807919.37, "Plan Rows": 1135757, "Plan Width": 16, "Actual Startup Time": 2209.192, "Actual Total Time": 3896.981, "Actual Rows": 1139264, "Actual Loops": 1, "Recheck Cond": "((l_shipdate >= '1994-01-01 00:00:00'::timestamp(0) without time zone) AND (l_shipdate < '1995-01-01 00:00:00'::timestamp without time zone) AND (l_discount >= .05::double precision) AND (l_discount <= .07::double precision) AND (l_quantity < 24::double precision)), (LLVM Optimized, Jit Execute)", "Rows Removed by Index Recheck": 0, "Exact Heap Blocks": 699048, "Lossy Heap Blocks": 699048, "Plans": [{"Node Type": "Bitmap Index Scan", "Parent Relationship": "Outer", "Index Name": "idx_lineitem_shipdate", "Startup Cost": 0.0, "Total Cost": 380137.49, "Plan Rows": 1135757, "Plan Width": 0, "Actual Startup Time": 1874.732, "Actual Total Time": 1874.732, "Actual Rows": 1139264, "Actual Loops": 1, "Index Cond": "((l_shipdate >= '1994-01-01 00:00:00'::timestamp(0) without time zone) AND (l_shipdate < '1995-01-01 00:00:00'::timestamp without time zone) AND (l_discount >= .05::double precision) AND (l_discount <= .07::double precision) AND (l_quantity < 24::double precision))"}]}]}, "Triggers": [], "Planner Runtime": 0, "Total Runtime": 4246.2, "Unique SQL Id": 4176715123}}, "(1, 49)": {"explain_plan": {"Plan": {"Node Type": "Aggregate", "Strategy": "Plain", "Startup Cost": 1813598.15, "Total Cost": 1813598.16, "Plan Rows": 1, "Plan Width": 24, "Plans": [{"Node Type": "Bitmap Heap Scan", "Parent Relationship": "Outer", "Relation Name": "lineitem", "Alias": "lineitem", "Startup Cost": 380421.43, "Total Cost": 1807919.37, "Plan Rows": 1135757, "Plan Width": 16, "Recheck Cond": "((l_shipdate >= '1994-01-01 00:00:00'::timestamp(0) without time zone) AND (l_shipdate < '1995-01-01 00:00:00'::timestamp without time zone) AND (l_discount >= .05::double precision) AND (l_discount <= .07::double precision) AND (l_quantity < 24::double precision)), (LLVM Optimized)", "Plans": [{"Node Type": "Bitmap Index Scan", "Parent Relationship": "Outer", "Index Name": "idx_lineitem_shipdate", "Startup Cost": 0.0, "Total Cost": 380137.49, "Plan Rows": 1135757, "Plan Width": 0, "Index Cond": "((l_shipdate >= '1994-01-01 00:00:00'::timestamp(0) without time zone) AND (l_shipdate < '1995-01-01 00:00:00'::timestamp without time zone) AND (l_discount >= .05::double precision) AND (l_discount <= .07::double precision) AND (l_quantity < 24::double precision))"}]}]}, "Unique SQL Id": 4176715123, "Planner Runtime": 0}, "explain_analyze_plan": {"Plan": {"Node Type": "Aggregate", "Strategy": "Plain", "Startup Cost": 1813598.15, "Total Cost": 1813598.16, "Plan Rows": 1, "Plan Width": 24, "Actual Startup Time": 4235.455, "Actual Total Time": 4235.456, "Actual Rows": 1, "Actual Loops": 1, "Plans": [{"Node Type": "Bitmap Heap Scan", "Parent Relationship": "Outer", "Relation Name": "lineitem", "Alias": "lineitem", "Startup Cost": 380421.43, "Total Cost": 1807919.37, "Plan Rows": 1135757, "Plan Width": 16, "Actual Startup Time": 2209.192, "Actual Total Time": 3896.981, "Actual Rows": 1139264, "Actual Loops": 1, "Recheck Cond": "((l_shipdate >= '1994-01-01 00:00:00'::timestamp(0) without time zone) AND (l_shipdate < '1995-01-01 00:00:00'::timestamp without time zone) AND (l_discount >= .05::double precision) AND (l_discount <= .07::double precision) AND (l_quantity < 24::double precision)), (LLVM Optimized, Jit Execute)", "Rows Removed by Index Recheck": 0, "Exact Heap Blocks": 699048, "Lossy Heap Blocks": 699048, "Plans": [{"Node Type": "Bitmap Index Scan", "Parent Relationship": "Outer", "Index Name": "idx_lineitem_shipdate", "Startup Cost": 0.0, "Total Cost": 380137.49, "Plan Rows": 1135757, "Plan Width": 0, "Actual Startup Time": 1874.732, "Actual Total Time": 1874.732, "Actual Rows": 1139264, "Actual Loops": 1, "Index Cond": "((l_shipdate >= '1994-01-01 00:00:00'::timestamp(0) without time zone) AND (l_shipdate < '1995-01-01 00:00:00'::timestamp without time zone) AND (l_discount >= .05::double precision) AND (l_discount <= .07::double precision) AND (l_quantity < 24::double precision))"}]}]}, "Triggers": [], "Planner Runtime": 0, "Total Runtime": 4246.2, "Unique SQL Id": 4176715123}}, "(1, 50)": {"explain_plan": {"Plan": {"Node Type": "Aggregate", "Strategy": "Plain", "Startup Cost": 1813598.15, "Total Cost": 1813598.16, "Plan Rows": 1, "Plan Width": 24, "Plans": [{"Node Type": "Bitmap Heap Scan", "Parent Relationship": "Outer", "Relation Name": "lineitem", "Alias": "lineitem", "Startup Cost": 380421.43, "Total Cost": 1807919.37, "Plan Rows": 1135757, "Plan Width": 16, "Recheck Cond": "((l_shipdate >= '1994-01-01 00:00:00'::timestamp(0) without time zone) AND (l_shipdate < '1995-01-01 00:00:00'::timestamp without time zone) AND (l_discount >= .05::double precision) AND (l_discount <= .07::double precision) AND (l_quantity < 24::double precision)), (LLVM Optimized)", "Plans": [{"Node Type": "Bitmap Index Scan", "Parent Relationship": "Outer", "Index Name": "idx_lineitem_shipdate", "Startup Cost": 0.0, "Total Cost": 380137.49, "Plan Rows": 1135757, "Plan Width": 0, "Index Cond": "((l_shipdate >= '1994-01-01 00:00:00'::timestamp(0) without time zone) AND (l_shipdate < '1995-01-01 00:00:00'::timestamp without time zone) AND (l_discount >= .05::double precision) AND (l_discount <= .07::double precision) AND (l_quantity < 24::double precision))"}]}]}, "Unique SQL Id": 4176715123, "Planner Runtime": 0}, "explain_analyze_plan": {"Plan": {"Node Type": "Aggregate", "Strategy": "Plain", "Startup Cost": 1813598.15, "Total Cost": 1813598.16, "Plan Rows": 1, "Plan Width": 24, "Actual Startup Time": 4235.455, "Actual Total Time": 4235.456, "Actual Rows": 1, "Actual Loops": 1, "Plans": [{"Node Type": "Bitmap Heap Scan", "Parent Relationship": "Outer", "Relation Name": "lineitem", "Alias": "lineitem", "Startup Cost": 380421.43, "Total Cost": 1807919.37, "Plan Rows": 1135757, "Plan Width": 16, "Actual Startup Time": 2209.192, "Actual Total Time": 3896.981, "Actual Rows": 1139264, "Actual Loops": 1, "Recheck Cond": "((l_shipdate >= '1994-01-01 00:00:00'::timestamp(0) without time zone) AND (l_shipdate < '1995-01-01 00:00:00'::timestamp without time zone) AND (l_discount >= .05::double precision) AND (l_discount <= .07::double precision) AND (l_quantity < 24::double precision)), (LLVM Optimized, Jit Execute)", "Rows Removed by Index Recheck": 0, "Exact Heap Blocks": 699048, "Lossy Heap Blocks": 699048, "Plans": [{"Node Type": "Bitmap Index Scan", "Parent Relationship": "Outer", "Index Name": "idx_lineitem_shipdate", "Startup Cost": 0.0, "Total Cost": 380137.49, "Plan Rows": 1135757, "Plan Width": 0, "Actual Startup Time": 1874.732, "Actual Total Time": 1874.732, "Actual Rows": 1139264, "Actual Loops": 1, "Index Cond": "((l_shipdate >= '1994-01-01 00:00:00'::timestamp(0) without time zone) AND (l_shipdate < '1995-01-01 00:00:00'::timestamp without time zone) AND (l_discount >= .05::double precision) AND (l_discount <= .07::double precision) AND (l_quantity < 24::double precision))"}]}]}, "Triggers": [], "Planner Runtime": 0, "Total Runtime": 4246.2, "Unique SQL Id": 4176715123}}, "(1, 51)": {"explain_plan": {"Plan": {"Node Type": "Aggregate", "Strategy": "Plain", "Startup Cost": 1813598.15, "Total Cost": 1813598.16, "Plan Rows": 1, "Plan Width": 24, "Plans": [{"Node Type": "Bitmap Heap Scan", "Parent Relationship": "Outer", "Relation Name": "lineitem", "Alias": "lineitem", "Startup Cost": 380421.43, "Total Cost": 1807919.37, "Plan Rows": 1135757, "Plan Width": 16, "Recheck Cond": "((l_shipdate >= '1994-01-01 00:00:00'::timestamp(0) without time zone) AND (l_shipdate < '1995-01-01 00:00:00'::timestamp without time zone) AND (l_discount >= .05::double precision) AND (l_discount <= .07::double precision) AND (l_quantity < 24::double precision)), (LLVM Optimized)", "Plans": [{"Node Type": "Bitmap Index Scan", "Parent Relationship": "Outer", "Index Name": "idx_lineitem_shipdate", "Startup Cost": 0.0, "Total Cost": 380137.49, "Plan Rows": 1135757, "Plan Width": 0, "Index Cond": "((l_shipdate >= '1994-01-01 00:00:00'::timestamp(0) without time zone) AND (l_shipdate < '1995-01-01 00:00:00'::timestamp without time zone) AND (l_discount >= .05::double precision) AND (l_discount <= .07::double precision) AND (l_quantity < 24::double precision))"}]}]}, "Unique SQL Id": 4176715123, "Planner Runtime": 0}, "explain_analyze_plan": {"Plan": {"Node Type": "Aggregate", "Strategy": "Plain", "Startup Cost": 1813598.15, "Total Cost": 1813598.16, "Plan Rows": 1, "Plan Width": 24, "Actual Startup Time": 4235.455, "Actual Total Time": 4235.456, "Actual Rows": 1, "Actual Loops": 1, "Plans": [{"Node Type": "Bitmap Heap Scan", "Parent Relationship": "Outer", "Relation Name": "lineitem", "Alias": "lineitem", "Startup Cost": 380421.43, "Total Cost": 1807919.37, "Plan Rows": 1135757, "Plan Width": 16, "Actual Startup Time": 2209.192, "Actual Total Time": 3896.981, "Actual Rows": 1139264, "Actual Loops": 1, "Recheck Cond": "((l_shipdate >= '1994-01-01 00:00:00'::timestamp(0) without time zone) AND (l_shipdate < '1995-01-01 00:00:00'::timestamp without time zone) AND (l_discount >= .05::double precision) AND (l_discount <= .07::double precision) AND (l_quantity < 24::double precision)), (LLVM Optimized, Jit Execute)", "Rows Removed by Index Recheck": 0, "Exact Heap Blocks": 699048, "Lossy Heap Blocks": 699048, "Plans": [{"Node Type": "Bitmap Index Scan", "Parent Relationship": "Outer", "Index Name": "idx_lineitem_shipdate", "Startup Cost": 0.0, "Total Cost": 380137.49, "Plan Rows": 1135757, "Plan Width": 0, "Actual Startup Time": 1874.732, "Actual Total Time": 1874.732, "Actual Rows": 1139264, "Actual Loops": 1, "Index Cond": "((l_shipdate >= '1994-01-01 00:00:00'::timestamp(0) without time zone) AND (l_shipdate < '1995-01-01 00:00:00'::timestamp without time zone) AND (l_discount >= .05::double precision) AND (l_discount <= .07::double precision) AND (l_quantity < 24::double precision))"}]}]}, "Triggers": [], "Planner Runtime": 0, "Total Runtime": 4246.2, "Unique SQL Id": 4176715123}}, "(1, 52)": {"explain_plan": {"Plan": {"Node Type": "Aggregate", "Strategy": "Plain", "Startup Cost": 1813598.15, "Total Cost": 1813598.16, "Plan Rows": 1, "Plan Width": 24, "Plans": [{"Node Type": "Bitmap Heap Scan", "Parent Relationship": "Outer", "Relation Name": "lineitem", "Alias": "lineitem", "Startup Cost": 380421.43, "Total Cost": 1807919.37, "Plan Rows": 1135757, "Plan Width": 16, "Recheck Cond": "((l_shipdate >= '1994-01-01 00:00:00'::timestamp(0) without time zone) AND (l_shipdate < '1995-01-01 00:00:00'::timestamp without time zone) AND (l_discount >= .05::double precision) AND (l_discount <= .07::double precision) AND (l_quantity < 24::double precision)), (LLVM Optimized)", "Plans": [{"Node Type": "Bitmap Index Scan", "Parent Relationship": "Outer", "Index Name": "idx_lineitem_shipdate", "Startup Cost": 0.0, "Total Cost": 380137.49, "Plan Rows": 1135757, "Plan Width": 0, "Index Cond": "((l_shipdate >= '1994-01-01 00:00:00'::timestamp(0) without time zone) AND (l_shipdate < '1995-01-01 00:00:00'::timestamp without time zone) AND (l_discount >= .05::double precision) AND (l_discount <= .07::double precision) AND (l_quantity < 24::double precision))"}]}]}, "Unique SQL Id": 4176715123, "Planner Runtime": 0}, "explain_analyze_plan": {"Plan": {"Node Type": "Aggregate", "Strategy": "Plain", "Startup Cost": 1813598.15, "Total Cost": 1813598.16, "Plan Rows": 1, "Plan Width": 24, "Actual Startup Time": 4235.455, "Actual Total Time": 4235.456, "Actual Rows": 1, "Actual Loops": 1, "Plans": [{"Node Type": "Bitmap Heap Scan", "Parent Relationship": "Outer", "Relation Name": "lineitem", "Alias": "lineitem", "Startup Cost": 380421.43, "Total Cost": 1807919.37, "Plan Rows": 1135757, "Plan Width": 16, "Actual Startup Time": 2209.192, "Actual Total Time": 3896.981, "Actual Rows": 1139264, "Actual Loops": 1, "Recheck Cond": "((l_shipdate >= '1994-01-01 00:00:00'::timestamp(0) without time zone) AND (l_shipdate < '1995-01-01 00:00:00'::timestamp without time zone) AND (l_discount >= .05::double precision) AND (l_discount <= .07::double precision) AND (l_quantity < 24::double precision)), (LLVM Optimized, Jit Execute)", "Rows Removed by Index Recheck": 0, "Exact Heap Blocks": 699048, "Lossy Heap Blocks": 699048, "Plans": [{"Node Type": "Bitmap Index Scan", "Parent Relationship": "Outer", "Index Name": "idx_lineitem_shipdate", "Startup Cost": 0.0, "Total Cost": 380137.49, "Plan Rows": 1135757, "Plan Width": 0, "Actual Startup Time": 1874.732, "Actual Total Time": 1874.732, "Actual Rows": 1139264, "Actual Loops": 1, "Index Cond": "((l_shipdate >= '1994-01-01 00:00:00'::timestamp(0) without time zone) AND (l_shipdate < '1995-01-01 00:00:00'::timestamp without time zone) AND (l_discount >= .05::double precision) AND (l_discount <= .07::double precision) AND (l_quantity < 24::double precision))"}]}]}, "Triggers": [], "Planner Runtime": 0, "Total Runtime": 4246.2, "Unique SQL Id": 4176715123}}, "(1, 53)": {"explain_plan": {"Plan": {"Node Type": "Aggregate", "Strategy": "Plain", "Startup Cost": 1813598.15, "Total Cost": 1813598.16, "Plan Rows": 1, "Plan Width": 24, "Plans": [{"Node Type": "Bitmap Heap Scan", "Parent Relationship": "Outer", "Relation Name": "lineitem", "Alias": "lineitem", "Startup Cost": 380421.43, "Total Cost": 1807919.37, "Plan Rows": 1135757, "Plan Width": 16, "Recheck Cond": "((l_shipdate >= '1994-01-01 00:00:00'::timestamp(0) without time zone) AND (l_shipdate < '1995-01-01 00:00:00'::timestamp without time zone) AND (l_discount >= .05::double precision) AND (l_discount <= .07::double precision) AND (l_quantity < 24::double precision)), (LLVM Optimized)", "Plans": [{"Node Type": "Bitmap Index Scan", "Parent Relationship": "Outer", "Index Name": "idx_lineitem_shipdate", "Startup Cost": 0.0, "Total Cost": 380137.49, "Plan Rows": 1135757, "Plan Width": 0, "Index Cond": "((l_shipdate >= '1994-01-01 00:00:00'::timestamp(0) without time zone) AND (l_shipdate < '1995-01-01 00:00:00'::timestamp without time zone) AND (l_discount >= .05::double precision) AND (l_discount <= .07::double precision) AND (l_quantity < 24::double precision))"}]}]}, "Unique SQL Id": 4176715123, "Planner Runtime": 0}, "explain_analyze_plan": {"Plan": {"Node Type": "Aggregate", "Strategy": "Plain", "Startup Cost": 1813598.15, "Total Cost": 1813598.16, "Plan Rows": 1, "Plan Width": 24, "Actual Startup Time": 4235.455, "Actual Total Time": 4235.456, "Actual Rows": 1, "Actual Loops": 1, "Plans": [{"Node Type": "Bitmap Heap Scan", "Parent Relationship": "Outer", "Relation Name": "lineitem", "Alias": "lineitem", "Startup Cost": 380421.43, "Total Cost": 1807919.37, "Plan Rows": 1135757, "Plan Width": 16, "Actual Startup Time": 2209.192, "Actual Total Time": 3896.981, "Actual Rows": 1139264, "Actual Loops": 1, "Recheck Cond": "((l_shipdate >= '1994-01-01 00:00:00'::timestamp(0) without time zone) AND (l_shipdate < '1995-01-01 00:00:00'::timestamp without time zone) AND (l_discount >= .05::double precision) AND (l_discount <= .07::double precision) AND (l_quantity < 24::double precision)), (LLVM Optimized, Jit Execute)", "Rows Removed by Index Recheck": 0, "Exact Heap Blocks": 699048, "Lossy Heap Blocks": 699048, "Plans": [{"Node Type": "Bitmap Index Scan", "Parent Relationship": "Outer", "Index Name": "idx_lineitem_shipdate", "Startup Cost": 0.0, "Total Cost": 380137.49, "Plan Rows": 1135757, "Plan Width": 0, "Actual Startup Time": 1874.732, "Actual Total Time": 1874.732, "Actual Rows": 1139264, "Actual Loops": 1, "Index Cond": "((l_shipdate >= '1994-01-01 00:00:00'::timestamp(0) without time zone) AND (l_shipdate < '1995-01-01 00:00:00'::timestamp without time zone) AND (l_discount >= .05::double precision) AND (l_discount <= .07::double precision) AND (l_quantity < 24::double precision))"}]}]}, "Triggers": [], "Planner Runtime": 0, "Total Runtime": 4246.2, "Unique SQL Id": 4176715123}}, "(1, 54)": {"explain_plan": {"Plan": {"Node Type": "Aggregate", "Strategy": "Plain", "Startup Cost": 1813598.15, "Total Cost": 1813598.16, "Plan Rows": 1, "Plan Width": 24, "Plans": [{"Node Type": "Bitmap Heap Scan", "Parent Relationship": "Outer", "Relation Name": "lineitem", "Alias": "lineitem", "Startup Cost": 380421.43, "Total Cost": 1807919.37, "Plan Rows": 1135757, "Plan Width": 16, "Recheck Cond": "((l_shipdate >= '1994-01-01 00:00:00'::timestamp(0) without time zone) AND (l_shipdate < '1995-01-01 00:00:00'::timestamp without time zone) AND (l_discount >= .05::double precision) AND (l_discount <= .07::double precision) AND (l_quantity < 24::double precision)), (LLVM Optimized)", "Plans": [{"Node Type": "Bitmap Index Scan", "Parent Relationship": "Outer", "Index Name": "idx_lineitem_shipdate", "Startup Cost": 0.0, "Total Cost": 380137.49, "Plan Rows": 1135757, "Plan Width": 0, "Index Cond": "((l_shipdate >= '1994-01-01 00:00:00'::timestamp(0) without time zone) AND (l_shipdate < '1995-01-01 00:00:00'::timestamp without time zone) AND (l_discount >= .05::double precision) AND (l_discount <= .07::double precision) AND (l_quantity < 24::double precision))"}]}]}, "Unique SQL Id": 4176715123, "Planner Runtime": 0}, "explain_analyze_plan": {"Plan": {"Node Type": "Aggregate", "Strategy": "Plain", "Startup Cost": 1813598.15, "Total Cost": 1813598.16, "Plan Rows": 1, "Plan Width": 24, "Actual Startup Time": 4235.455, "Actual Total Time": 4235.456, "Actual Rows": 1, "Actual Loops": 1, "Plans": [{"Node Type": "Bitmap Heap Scan", "Parent Relationship": "Outer", "Relation Name": "lineitem", "Alias": "lineitem", "Startup Cost": 380421.43, "Total Cost": 1807919.37, "Plan Rows": 1135757, "Plan Width": 16, "Actual Startup Time": 2209.192, "Actual Total Time": 3896.981, "Actual Rows": 1139264, "Actual Loops": 1, "Recheck Cond": "((l_shipdate >= '1994-01-01 00:00:00'::timestamp(0) without time zone) AND (l_shipdate < '1995-01-01 00:00:00'::timestamp without time zone) AND (l_discount >= .05::double precision) AND (l_discount <= .07::double precision) AND (l_quantity < 24::double precision)), (LLVM Optimized, Jit Execute)", "Rows Removed by Index Recheck": 0, "Exact Heap Blocks": 699048, "Lossy Heap Blocks": 699048, "Plans": [{"Node Type": "Bitmap Index Scan", "Parent Relationship": "Outer", "Index Name": "idx_lineitem_shipdate", "Startup Cost": 0.0, "Total Cost": 380137.49, "Plan Rows": 1135757, "Plan Width": 0, "Actual Startup Time": 1874.732, "Actual Total Time": 1874.732, "Actual Rows": 1139264, "Actual Loops": 1, "Index Cond": "((l_shipdate >= '1994-01-01 00:00:00'::timestamp(0) without time zone) AND (l_shipdate < '1995-01-01 00:00:00'::timestamp without time zone) AND (l_discount >= .05::double precision) AND (l_discount <= .07::double precision) AND (l_quantity < 24::double precision))"}]}]}, "Triggers": [], "Planner Runtime": 0, "Total Runtime": 4246.2, "Unique SQL Id": 4176715123}}, "(1, 55)": {"explain_plan": {"Plan": {"Node Type": "Aggregate", "Strategy": "Plain", "Startup Cost": 1813598.15, "Total Cost": 1813598.16, "Plan Rows": 1, "Plan Width": 24, "Plans": [{"Node Type": "Bitmap Heap Scan", "Parent Relationship": "Outer", "Relation Name": "lineitem", "Alias": "lineitem", "Startup Cost": 380421.43, "Total Cost": 1807919.37, "Plan Rows": 1135757, "Plan Width": 16, "Recheck Cond": "((l_shipdate >= '1994-01-01 00:00:00'::timestamp(0) without time zone) AND (l_shipdate < '1995-01-01 00:00:00'::timestamp without time zone) AND (l_discount >= .05::double precision) AND (l_discount <= .07::double precision) AND (l_quantity < 24::double precision)), (LLVM Optimized)", "Plans": [{"Node Type": "Bitmap Index Scan", "Parent Relationship": "Outer", "Index Name": "idx_lineitem_shipdate", "Startup Cost": 0.0, "Total Cost": 380137.49, "Plan Rows": 1135757, "Plan Width": 0, "Index Cond": "((l_shipdate >= '1994-01-01 00:00:00'::timestamp(0) without time zone) AND (l_shipdate < '1995-01-01 00:00:00'::timestamp without time zone) AND (l_discount >= .05::double precision) AND (l_discount <= .07::double precision) AND (l_quantity < 24::double precision))"}]}]}, "Unique SQL Id": 4176715123, "Planner Runtime": 0}, "explain_analyze_plan": {"Plan": {"Node Type": "Aggregate", "Strategy": "Plain", "Startup Cost": 1813598.15, "Total Cost": 1813598.16, "Plan Rows": 1, "Plan Width": 24, "Actual Startup Time": 4235.455, "Actual Total Time": 4235.456, "Actual Rows": 1, "Actual Loops": 1, "Plans": [{"Node Type": "Bitmap Heap Scan", "Parent Relationship": "Outer", "Relation Name": "lineitem", "Alias": "lineitem", "Startup Cost": 380421.43, "Total Cost": 1807919.37, "Plan Rows": 1135757, "Plan Width": 16, "Actual Startup Time": 2209.192, "Actual Total Time": 3896.981, "Actual Rows": 1139264, "Actual Loops": 1, "Recheck Cond": "((l_shipdate >= '1994-01-01 00:00:00'::timestamp(0) without time zone) AND (l_shipdate < '1995-01-01 00:00:00'::timestamp without time zone) AND (l_discount >= .05::double precision) AND (l_discount <= .07::double precision) AND (l_quantity < 24::double precision)), (LLVM Optimized, Jit Execute)", "Rows Removed by Index Recheck": 0, "Exact Heap Blocks": 699048, "Lossy Heap Blocks": 699048, "Plans": [{"Node Type": "Bitmap Index Scan", "Parent Relationship": "Outer", "Index Name": "idx_lineitem_shipdate", "Startup Cost": 0.0, "Total Cost": 380137.49, "Plan Rows": 1135757, "Plan Width": 0, "Actual Startup Time": 1874.732, "Actual Total Time": 1874.732, "Actual Rows": 1139264, "Actual Loops": 1, "Index Cond": "((l_shipdate >= '1994-01-01 00:00:00'::timestamp(0) without time zone) AND (l_shipdate < '1995-01-01 00:00:00'::timestamp without time zone) AND (l_discount >= .05::double precision) AND (l_discount <= .07::double precision) AND (l_quantity < 24::double precision))"}]}]}, "Triggers": [], "Planner Runtime": 0, "Total Runtime": 4246.2, "Unique SQL Id": 4176715123}}, "(1, 56)": {"explain_plan": {"Plan": {"Node Type": "Aggregate", "Strategy": "Plain", "Startup Cost": 2770632.03, "Total Cost": 2770632.04, "Plan Rows": 1, "Plan Width": 24, "Plans": [{"Node Type": "Seq Scan", "Parent Relationship": "Outer", "Relation Name": "lineitem", "Alias": "lineitem", "Startup Cost": 111370.98, "Total Cost": 2764953.24, "Plan Rows": 1135757, "Plan Width": 16, "Filter": "((l_shipdate >= '1994-01-01 00:00:00'::timestamp(0) without time zone) AND (l_shipdate < '1995-01-01 00:00:00'::timestamp without time zone) AND (l_discount >= .05::double precision) AND (l_discount <= .07::double precision) AND (l_quantity < 24::double precision)), (LLVM Optimized)"}]}, "Unique SQL Id": 4176715123, "Planner Runtime": 0}, "explain_analyze_plan": null}, "(1, 57)": {"explain_plan": {"Plan": {"Node Type": "Aggregate", "Strategy": "Plain", "Startup Cost": 3639281.83, "Total Cost": 3639281.84, "Plan Rows": 1, "Plan Width": 24, "Plans": [{"Node Type": "Index Scan", "Parent Relationship": "Outer", "Scan Direction": "Forward", "Index Name": "idx_lineitem_shipdate", "Relation Name": "lineitem", "Alias": "lineitem", "Startup Cost": 0.0, "Total Cost": 3633603.05, "Plan Rows": 1135757, "Plan Width": 16, "Index Cond": "((l_shipdate >= '1994-01-01 00:00:00'::timestamp(0) without time zone) AND (l_shipdate < '1995-01-01 00:00:00'::timestamp without time zone) AND (l_discount >= .05::double precision) AND (l_discount <= .07::double precision) AND (l_quantity < 24::double precision)), (LLVM Optimized)"}]}, "Unique SQL Id": 4176715123, "Planner Runtime": 0}, "explain_analyze_plan": {"Plan": {"Node Type": "Aggregate", "Strategy": "Plain", "Startup Cost": 3639281.83, "Total Cost": 3639281.84, "Plan Rows": 1, "Plan Width": 24, "Actual Startup Time": 4487.753, "Actual Total Time": 4487.754, "Actual Rows": 1, "Actual Loops": 1, "Plans": [{"Node Type": "Index Scan", "Parent Relationship": "Outer", "Scan Direction": "Forward", "Index Name": "idx_lineitem_shipdate", "Relation Name": "lineitem", "Alias": "lineitem", "Startup Cost": 0.0, "Total Cost": 3633603.05, "Plan Rows": 1135757, "Plan Width": 16, "Actual Startup Time": 0.08, "Actual Total Time": 4140.241, "Actual Rows": 1139264, "Actual Loops": 1, "Index Cond": "((l_shipdate >= '1994-01-01 00:00:00'::timestamp(0) without time zone) AND (l_shipdate < '1995-01-01 00:00:00'::timestamp without time zone) AND (l_discount >= .05::double precision) AND (l_discount <= .07::double precision) AND (l_quantity < 24::double precision)), (LLVM Optimized, Jit Execute)", "Rows Removed by Index Recheck": 0}]}, "Triggers": [], "Planner Runtime": 0, "Total Runtime": 4497.762, "Unique SQL Id": 4176715123}}, "(1, 58)": {"explain_plan": {"Plan": {"Node Type": "Aggregate", "Strategy": "Plain", "Startup Cost": 2770632.03, "Total Cost": 2770632.04, "Plan Rows": 1, "Plan Width": 24, "Plans": [{"Node Type": "Seq Scan", "Parent Relationship": "Outer", "Relation Name": "lineitem", "Alias": "lineitem", "Startup Cost": 111370.98, "Total Cost": 2764953.24, "Plan Rows": 1135757, "Plan Width": 16, "Filter": "((l_shipdate >= '1994-01-01 00:00:00'::timestamp(0) without time zone) AND (l_shipdate < '1995-01-01 00:00:00'::timestamp without time zone) AND (l_discount >= .05::double precision) AND (l_discount <= .07::double precision) AND (l_quantity < 24::double precision)), (LLVM Optimized)"}]}, "Unique SQL Id": 4176715123, "Planner Runtime": 0}, "explain_analyze_plan": null}, "(1, 59)": {"explain_plan": {"Plan": {"Node Type": "Aggregate", "Strategy": "Plain", "Startup Cost": 1000276501003.04, "Total Cost": 1000276501003.05, "Plan Rows": 1, "Plan Width": 24, "Plans": [{"Node Type": "Seq Scan", "Parent Relationship": "Outer", "Relation Name": "lineitem", "Alias": "lineitem", "Startup Cost": 10000109520.02, "Total Cost": 1000276495324.25, "Plan Rows": 1135757, "Plan Width": 16, "Filter": "((l_shipdate >= '1994-01-01 00:00:00'::timestamp(0) without time zone) AND (l_shipdate < '1995-01-01 00:00:00'::timestamp without time zone) AND (l_discount >= .05::double precision) AND (l_discount <= .07::double precision) AND (l_quantity < 24::double precision)), (LLVM Optimized)"}]}, "Unique SQL Id": 4176715123, "Planner Runtime": 0}, "explain_analyze_plan": null}, "(1, 60)": {"explain_plan": {"Plan": {"Node Type": "Aggregate", "Strategy": "Plain", "Startup Cost": 2770632.03, "Total Cost": 2770632.04, "Plan Rows": 1, "Plan Width": 24, "Plans": [{"Node Type": "Seq Scan", "Parent Relationship": "Outer", "Relation Name": "lineitem", "Alias": "lineitem", "Startup Cost": 111370.98, "Total Cost": 2764953.24, "Plan Rows": 1135757, "Plan Width": 16, "Filter": "((l_shipdate >= '1994-01-01 00:00:00'::timestamp(0) without time zone) AND (l_shipdate < '1995-01-01 00:00:00'::timestamp without time zone) AND (l_discount >= .05::double precision) AND (l_discount <= .07::double precision) AND (l_quantity < 24::double precision)), (LLVM Optimized)"}]}, "Unique SQL Id": 4176715123, "Planner Runtime": 0}, "explain_analyze_plan": null}, "(1, 61)": {"explain_plan": {"Plan": {"Node Type": "Aggregate", "Strategy": "Plain", "Startup Cost": 3639281.83, "Total Cost": 3639281.84, "Plan Rows": 1, "Plan Width": 24, "Plans": [{"Node Type": "Index Scan", "Parent Relationship": "Outer", "Scan Direction": "Forward", "Index Name": "idx_lineitem_shipdate", "Relation Name": "lineitem", "Alias": "lineitem", "Startup Cost": 0.0, "Total Cost": 3633603.05, "Plan Rows": 1135757, "Plan Width": 16, "Index Cond": "((l_shipdate >= '1994-01-01 00:00:00'::timestamp(0) without time zone) AND (l_shipdate < '1995-01-01 00:00:00'::timestamp without time zone) AND (l_discount >= .05::double precision) AND (l_discount <= .07::double precision) AND (l_quantity < 24::double precision)), (LLVM Optimized)"}]}, "Unique SQL Id": 4176715123, "Planner Runtime": 0}, "explain_analyze_plan": {"Plan": {"Node Type": "Aggregate", "Strategy": "Plain", "Startup Cost": 3639281.83, "Total Cost": 3639281.84, "Plan Rows": 1, "Plan Width": 24, "Actual Startup Time": 4487.753, "Actual Total Time": 4487.754, "Actual Rows": 1, "Actual Loops": 1, "Plans": [{"Node Type": "Index Scan", "Parent Relationship": "Outer", "Scan Direction": "Forward", "Index Name": "idx_lineitem_shipdate", "Relation Name": "lineitem", "Alias": "lineitem", "Startup Cost": 0.0, "Total Cost": 3633603.05, "Plan Rows": 1135757, "Plan Width": 16, "Actual Startup Time": 0.08, "Actual Total Time": 4140.241, "Actual Rows": 1139264, "Actual Loops": 1, "Index Cond": "((l_shipdate >= '1994-01-01 00:00:00'::timestamp(0) without time zone) AND (l_shipdate < '1995-01-01 00:00:00'::timestamp without time zone) AND (l_discount >= .05::double precision) AND (l_discount <= .07::double precision) AND (l_quantity < 24::double precision)), (LLVM Optimized, Jit Execute)", "Rows Removed by Index Recheck": 0}]}, "Triggers": [], "Planner Runtime": 0, "Total Runtime": 4497.762, "Unique SQL Id": 4176715123}}, "(1, 62)": {"explain_plan": {"Plan": {"Node Type": "Aggregate", "Strategy": "Plain", "Startup Cost": 2770632.03, "Total Cost": 2770632.04, "Plan Rows": 1, "Plan Width": 24, "Plans": [{"Node Type": "Seq Scan", "Parent Relationship": "Outer", "Relation Name": "lineitem", "Alias": "lineitem", "Startup Cost": 111370.98, "Total Cost": 2764953.24, "Plan Rows": 1135757, "Plan Width": 16, "Filter": "((l_shipdate >= '1994-01-01 00:00:00'::timestamp(0) without time zone) AND (l_shipdate < '1995-01-01 00:00:00'::timestamp without time zone) AND (l_discount >= .05::double precision) AND (l_discount <= .07::double precision) AND (l_quantity < 24::double precision)), (LLVM Optimized)"}]}, "Unique SQL Id": 4176715123, "Planner Runtime": 0}, "explain_analyze_plan": null}, "(1, 63)": {"explain_plan": {"Plan": {"Node Type": "Aggregate", "Strategy": "Plain", "Startup Cost": 1000276501003.04, "Total Cost": 1000276501003.05, "Plan Rows": 1, "Plan Width": 24, "Plans": [{"Node Type": "Seq Scan", "Parent Relationship": "Outer", "Relation Name": "lineitem", "Alias": "lineitem", "Startup Cost": 10000109520.02, "Total Cost": 1000276495324.25, "Plan Rows": 1135757, "Plan Width": 16, "Filter": "((l_shipdate >= '1994-01-01 00:00:00'::timestamp(0) without time zone) AND (l_shipdate < '1995-01-01 00:00:00'::timestamp without time zone) AND (l_discount >= .05::double precision) AND (l_discount <= .07::double precision) AND (l_quantity < 24::double precision)), (LLVM Optimized)"}]}, "Unique SQL Id": 4176715123, "Planner Runtime": 0}, "explain_analyze_plan": null}, "(1, 64)": {"explain_plan": {"Plan": {"Node Type": "Aggregate", "Strategy": "Plain", "Startup Cost": 1813598.15, "Total Cost": 1813598.16, "Plan Rows": 1, "Plan Width": 24, "Plans": [{"Node Type": "Bitmap Heap Scan", "Parent Relationship": "Outer", "Relation Name": "lineitem", "Alias": "lineitem", "Startup Cost": 380421.43, "Total Cost": 1807919.37, "Plan Rows": 1135757, "Plan Width": 16, "Recheck Cond": "((l_shipdate >= '1994-01-01 00:00:00'::timestamp(0) without time zone) AND (l_shipdate < '1995-01-01 00:00:00'::timestamp without time zone) AND (l_discount >= .05::double precision) AND (l_discount <= .07::double precision) AND (l_quantity < 24::double precision)), (LLVM Optimized)", "Plans": [{"Node Type": "Bitmap Index Scan", "Parent Relationship": "Outer", "Index Name": "idx_lineitem_shipdate", "Startup Cost": 0.0, "Total Cost": 380137.49, "Plan Rows": 1135757, "Plan Width": 0, "Index Cond": "((l_shipdate >= '1994-01-01 00:00:00'::timestamp(0) without time zone) AND (l_shipdate < '1995-01-01 00:00:00'::timestamp without time zone) AND (l_discount >= .05::double precision) AND (l_discount <= .07::double precision) AND (l_quantity < 24::double precision))"}]}]}, "Unique SQL Id": 4176715123, "Planner Runtime": 0}, "explain_analyze_plan": {"Plan": {"Node Type": "Aggregate", "Strategy": "Plain", "Startup Cost": 1813598.15, "Total Cost": 1813598.16, "Plan Rows": 1, "Plan Width": 24, "Actual Startup Time": 4235.455, "Actual Total Time": 4235.456, "Actual Rows": 1, "Actual Loops": 1, "Plans": [{"Node Type": "Bitmap Heap Scan", "Parent Relationship": "Outer", "Relation Name": "lineitem", "Alias": "lineitem", "Startup Cost": 380421.43, "Total Cost": 1807919.37, "Plan Rows": 1135757, "Plan Width": 16, "Actual Startup Time": 2209.192, "Actual Total Time": 3896.981, "Actual Rows": 1139264, "Actual Loops": 1, "Recheck Cond": "((l_shipdate >= '1994-01-01 00:00:00'::timestamp(0) without time zone) AND (l_shipdate < '1995-01-01 00:00:00'::timestamp without time zone) AND (l_discount >= .05::double precision) AND (l_discount <= .07::double precision) AND (l_quantity < 24::double precision)), (LLVM Optimized, Jit Execute)", "Rows Removed by Index Recheck": 0, "Exact Heap Blocks": 699048, "Lossy Heap Blocks": 699048, "Plans": [{"Node Type": "Bitmap Index Scan", "Parent Relationship": "Outer", "Index Name": "idx_lineitem_shipdate", "Startup Cost": 0.0, "Total Cost": 380137.49, "Plan Rows": 1135757, "Plan Width": 0, "Actual Startup Time": 1874.732, "Actual Total Time": 1874.732, "Actual Rows": 1139264, "Actual Loops": 1, "Index Cond": "((l_shipdate >= '1994-01-01 00:00:00'::timestamp(0) without time zone) AND (l_shipdate < '1995-01-01 00:00:00'::timestamp without time zone) AND (l_discount >= .05::double precision) AND (l_discount <= .07::double precision) AND (l_quantity < 24::double precision))"}]}]}, "Triggers": [], "Planner Runtime": 0, "Total Runtime": 4246.2, "Unique SQL Id": 4176715123}}, "(1, 65)": {"explain_plan": {"Plan": {"Node Type": "Aggregate", "Strategy": "Plain", "Startup Cost": 1813598.15, "Total Cost": 1813598.16, "Plan Rows": 1, "Plan Width": 24, "Plans": [{"Node Type": "Bitmap Heap Scan", "Parent Relationship": "Outer", "Relation Name": "lineitem", "Alias": "lineitem", "Startup Cost": 380421.43, "Total Cost": 1807919.37, "Plan Rows": 1135757, "Plan Width": 16, "Recheck Cond": "((l_shipdate >= '1994-01-01 00:00:00'::timestamp(0) without time zone) AND (l_shipdate < '1995-01-01 00:00:00'::timestamp without time zone) AND (l_discount >= .05::double precision) AND (l_discount <= .07::double precision) AND (l_quantity < 24::double precision)), (LLVM Optimized)", "Plans": [{"Node Type": "Bitmap Index Scan", "Parent Relationship": "Outer", "Index Name": "idx_lineitem_shipdate", "Startup Cost": 0.0, "Total Cost": 380137.49, "Plan Rows": 1135757, "Plan Width": 0, "Index Cond": "((l_shipdate >= '1994-01-01 00:00:00'::timestamp(0) without time zone) AND (l_shipdate < '1995-01-01 00:00:00'::timestamp without time zone) AND (l_discount >= .05::double precision) AND (l_discount <= .07::double precision) AND (l_quantity < 24::double precision))"}]}]}, "Unique SQL Id": 4176715123, "Planner Runtime": 0}, "explain_analyze_plan": {"Plan": {"Node Type": "Aggregate", "Strategy": "Plain", "Startup Cost": 1813598.15, "Total Cost": 1813598.16, "Plan Rows": 1, "Plan Width": 24, "Actual Startup Time": 4235.455, "Actual Total Time": 4235.456, "Actual Rows": 1, "Actual Loops": 1, "Plans": [{"Node Type": "Bitmap Heap Scan", "Parent Relationship": "Outer", "Relation Name": "lineitem", "Alias": "lineitem", "Startup Cost": 380421.43, "Total Cost": 1807919.37, "Plan Rows": 1135757, "Plan Width": 16, "Actual Startup Time": 2209.192, "Actual Total Time": 3896.981, "Actual Rows": 1139264, "Actual Loops": 1, "Recheck Cond": "((l_shipdate >= '1994-01-01 00:00:00'::timestamp(0) without time zone) AND (l_shipdate < '1995-01-01 00:00:00'::timestamp without time zone) AND (l_discount >= .05::double precision) AND (l_discount <= .07::double precision) AND (l_quantity < 24::double precision)), (LLVM Optimized, Jit Execute)", "Rows Removed by Index Recheck": 0, "Exact Heap Blocks": 699048, "Lossy Heap Blocks": 699048, "Plans": [{"Node Type": "Bitmap Index Scan", "Parent Relationship": "Outer", "Index Name": "idx_lineitem_shipdate", "Startup Cost": 0.0, "Total Cost": 380137.49, "Plan Rows": 1135757, "Plan Width": 0, "Actual Startup Time": 1874.732, "Actual Total Time": 1874.732, "Actual Rows": 1139264, "Actual Loops": 1, "Index Cond": "((l_shipdate >= '1994-01-01 00:00:00'::timestamp(0) without time zone) AND (l_shipdate < '1995-01-01 00:00:00'::timestamp without time zone) AND (l_discount >= .05::double precision) AND (l_discount <= .07::double precision) AND (l_quantity < 24::double precision))"}]}]}, "Triggers": [], "Planner Runtime": 0, "Total Runtime": 4246.2, "Unique SQL Id": 4176715123}}, "(1, 66)": {"explain_plan": {"Plan": {"Node Type": "Aggregate", "Strategy": "Plain", "Startup Cost": 1813598.15, "Total Cost": 1813598.16, "Plan Rows": 1, "Plan Width": 24, "Plans": [{"Node Type": "Bitmap Heap Scan", "Parent Relationship": "Outer", "Relation Name": "lineitem", "Alias": "lineitem", "Startup Cost": 380421.43, "Total Cost": 1807919.37, "Plan Rows": 1135757, "Plan Width": 16, "Recheck Cond": "((l_shipdate >= '1994-01-01 00:00:00'::timestamp(0) without time zone) AND (l_shipdate < '1995-01-01 00:00:00'::timestamp without time zone) AND (l_discount >= .05::double precision) AND (l_discount <= .07::double precision) AND (l_quantity < 24::double precision)), (LLVM Optimized)", "Plans": [{"Node Type": "Bitmap Index Scan", "Parent Relationship": "Outer", "Index Name": "idx_lineitem_shipdate", "Startup Cost": 0.0, "Total Cost": 380137.49, "Plan Rows": 1135757, "Plan Width": 0, "Index Cond": "((l_shipdate >= '1994-01-01 00:00:00'::timestamp(0) without time zone) AND (l_shipdate < '1995-01-01 00:00:00'::timestamp without time zone) AND (l_discount >= .05::double precision) AND (l_discount <= .07::double precision) AND (l_quantity < 24::double precision))"}]}]}, "Unique SQL Id": 4176715123, "Planner Runtime": 0}, "explain_analyze_plan": {"Plan": {"Node Type": "Aggregate", "Strategy": "Plain", "Startup Cost": 1813598.15, "Total Cost": 1813598.16, "Plan Rows": 1, "Plan Width": 24, "Actual Startup Time": 4235.455, "Actual Total Time": 4235.456, "Actual Rows": 1, "Actual Loops": 1, "Plans": [{"Node Type": "Bitmap Heap Scan", "Parent Relationship": "Outer", "Relation Name": "lineitem", "Alias": "lineitem", "Startup Cost": 380421.43, "Total Cost": 1807919.37, "Plan Rows": 1135757, "Plan Width": 16, "Actual Startup Time": 2209.192, "Actual Total Time": 3896.981, "Actual Rows": 1139264, "Actual Loops": 1, "Recheck Cond": "((l_shipdate >= '1994-01-01 00:00:00'::timestamp(0) without time zone) AND (l_shipdate < '1995-01-01 00:00:00'::timestamp without time zone) AND (l_discount >= .05::double precision) AND (l_discount <= .07::double precision) AND (l_quantity < 24::double precision)), (LLVM Optimized, Jit Execute)", "Rows Removed by Index Recheck": 0, "Exact Heap Blocks": 699048, "Lossy Heap Blocks": 699048, "Plans": [{"Node Type": "Bitmap Index Scan", "Parent Relationship": "Outer", "Index Name": "idx_lineitem_shipdate", "Startup Cost": 0.0, "Total Cost": 380137.49, "Plan Rows": 1135757, "Plan Width": 0, "Actual Startup Time": 1874.732, "Actual Total Time": 1874.732, "Actual Rows": 1139264, "Actual Loops": 1, "Index Cond": "((l_shipdate >= '1994-01-01 00:00:00'::timestamp(0) without time zone) AND (l_shipdate < '1995-01-01 00:00:00'::timestamp without time zone) AND (l_discount >= .05::double precision) AND (l_discount <= .07::double precision) AND (l_quantity < 24::double precision))"}]}]}, "Triggers": [], "Planner Runtime": 0, "Total Runtime": 4246.2, "Unique SQL Id": 4176715123}}, "(1, 67)": {"explain_plan": {"Plan": {"Node Type": "Aggregate", "Strategy": "Plain", "Startup Cost": 1813598.15, "Total Cost": 1813598.16, "Plan Rows": 1, "Plan Width": 24, "Plans": [{"Node Type": "Bitmap Heap Scan", "Parent Relationship": "Outer", "Relation Name": "lineitem", "Alias": "lineitem", "Startup Cost": 380421.43, "Total Cost": 1807919.37, "Plan Rows": 1135757, "Plan Width": 16, "Recheck Cond": "((l_shipdate >= '1994-01-01 00:00:00'::timestamp(0) without time zone) AND (l_shipdate < '1995-01-01 00:00:00'::timestamp without time zone) AND (l_discount >= .05::double precision) AND (l_discount <= .07::double precision) AND (l_quantity < 24::double precision)), (LLVM Optimized)", "Plans": [{"Node Type": "Bitmap Index Scan", "Parent Relationship": "Outer", "Index Name": "idx_lineitem_shipdate", "Startup Cost": 0.0, "Total Cost": 380137.49, "Plan Rows": 1135757, "Plan Width": 0, "Index Cond": "((l_shipdate >= '1994-01-01 00:00:00'::timestamp(0) without time zone) AND (l_shipdate < '1995-01-01 00:00:00'::timestamp without time zone) AND (l_discount >= .05::double precision) AND (l_discount <= .07::double precision) AND (l_quantity < 24::double precision))"}]}]}, "Unique SQL Id": 4176715123, "Planner Runtime": 0}, "explain_analyze_plan": {"Plan": {"Node Type": "Aggregate", "Strategy": "Plain", "Startup Cost": 1813598.15, "Total Cost": 1813598.16, "Plan Rows": 1, "Plan Width": 24, "Actual Startup Time": 4235.455, "Actual Total Time": 4235.456, "Actual Rows": 1, "Actual Loops": 1, "Plans": [{"Node Type": "Bitmap Heap Scan", "Parent Relationship": "Outer", "Relation Name": "lineitem", "Alias": "lineitem", "Startup Cost": 380421.43, "Total Cost": 1807919.37, "Plan Rows": 1135757, "Plan Width": 16, "Actual Startup Time": 2209.192, "Actual Total Time": 3896.981, "Actual Rows": 1139264, "Actual Loops": 1, "Recheck Cond": "((l_shipdate >= '1994-01-01 00:00:00'::timestamp(0) without time zone) AND (l_shipdate < '1995-01-01 00:00:00'::timestamp without time zone) AND (l_discount >= .05::double precision) AND (l_discount <= .07::double precision) AND (l_quantity < 24::double precision)), (LLVM Optimized, Jit Execute)", "Rows Removed by Index Recheck": 0, "Exact Heap Blocks": 699048, "Lossy Heap Blocks": 699048, "Plans": [{"Node Type": "Bitmap Index Scan", "Parent Relationship": "Outer", "Index Name": "idx_lineitem_shipdate", "Startup Cost": 0.0, "Total Cost": 380137.49, "Plan Rows": 1135757, "Plan Width": 0, "Actual Startup Time": 1874.732, "Actual Total Time": 1874.732, "Actual Rows": 1139264, "Actual Loops": 1, "Index Cond": "((l_shipdate >= '1994-01-01 00:00:00'::timestamp(0) without time zone) AND (l_shipdate < '1995-01-01 00:00:00'::timestamp without time zone) AND (l_discount >= .05::double precision) AND (l_discount <= .07::double precision) AND (l_quantity < 24::double precision))"}]}]}, "Triggers": [], "Planner Runtime": 0, "Total Runtime": 4246.2, "Unique SQL Id": 4176715123}}, "(1, 68)": {"explain_plan": {"Plan": {"Node Type": "Aggregate", "Strategy": "Plain", "Startup Cost": 1813598.15, "Total Cost": 1813598.16, "Plan Rows": 1, "Plan Width": 24, "Plans": [{"Node Type": "Bitmap Heap Scan", "Parent Relationship": "Outer", "Relation Name": "lineitem", "Alias": "lineitem", "Startup Cost": 380421.43, "Total Cost": 1807919.37, "Plan Rows": 1135757, "Plan Width": 16, "Recheck Cond": "((l_shipdate >= '1994-01-01 00:00:00'::timestamp(0) without time zone) AND (l_shipdate < '1995-01-01 00:00:00'::timestamp without time zone) AND (l_discount >= .05::double precision) AND (l_discount <= .07::double precision) AND (l_quantity < 24::double precision)), (LLVM Optimized)", "Plans": [{"Node Type": "Bitmap Index Scan", "Parent Relationship": "Outer", "Index Name": "idx_lineitem_shipdate", "Startup Cost": 0.0, "Total Cost": 380137.49, "Plan Rows": 1135757, "Plan Width": 0, "Index Cond": "((l_shipdate >= '1994-01-01 00:00:00'::timestamp(0) without time zone) AND (l_shipdate < '1995-01-01 00:00:00'::timestamp without time zone) AND (l_discount >= .05::double precision) AND (l_discount <= .07::double precision) AND (l_quantity < 24::double precision))"}]}]}, "Unique SQL Id": 4176715123, "Planner Runtime": 0}, "explain_analyze_plan": {"Plan": {"Node Type": "Aggregate", "Strategy": "Plain", "Startup Cost": 1813598.15, "Total Cost": 1813598.16, "Plan Rows": 1, "Plan Width": 24, "Actual Startup Time": 4235.455, "Actual Total Time": 4235.456, "Actual Rows": 1, "Actual Loops": 1, "Plans": [{"Node Type": "Bitmap Heap Scan", "Parent Relationship": "Outer", "Relation Name": "lineitem", "Alias": "lineitem", "Startup Cost": 380421.43, "Total Cost": 1807919.37, "Plan Rows": 1135757, "Plan Width": 16, "Actual Startup Time": 2209.192, "Actual Total Time": 3896.981, "Actual Rows": 1139264, "Actual Loops": 1, "Recheck Cond": "((l_shipdate >= '1994-01-01 00:00:00'::timestamp(0) without time zone) AND (l_shipdate < '1995-01-01 00:00:00'::timestamp without time zone) AND (l_discount >= .05::double precision) AND (l_discount <= .07::double precision) AND (l_quantity < 24::double precision)), (LLVM Optimized, Jit Execute)", "Rows Removed by Index Recheck": 0, "Exact Heap Blocks": 699048, "Lossy Heap Blocks": 699048, "Plans": [{"Node Type": "Bitmap Index Scan", "Parent Relationship": "Outer", "Index Name": "idx_lineitem_shipdate", "Startup Cost": 0.0, "Total Cost": 380137.49, "Plan Rows": 1135757, "Plan Width": 0, "Actual Startup Time": 1874.732, "Actual Total Time": 1874.732, "Actual Rows": 1139264, "Actual Loops": 1, "Index Cond": "((l_shipdate >= '1994-01-01 00:00:00'::timestamp(0) without time zone) AND (l_shipdate < '1995-01-01 00:00:00'::timestamp without time zone) AND (l_discount >= .05::double precision) AND (l_discount <= .07::double precision) AND (l_quantity < 24::double precision))"}]}]}, "Triggers": [], "Planner Runtime": 0, "Total Runtime": 4246.2, "Unique SQL Id": 4176715123}}, "(1, 69)": {"explain_plan": {"Plan": {"Node Type": "Aggregate", "Strategy": "Plain", "Startup Cost": 1813598.15, "Total Cost": 1813598.16, "Plan Rows": 1, "Plan Width": 24, "Plans": [{"Node Type": "Bitmap Heap Scan", "Parent Relationship": "Outer", "Relation Name": "lineitem", "Alias": "lineitem", "Startup Cost": 380421.43, "Total Cost": 1807919.37, "Plan Rows": 1135757, "Plan Width": 16, "Recheck Cond": "((l_shipdate >= '1994-01-01 00:00:00'::timestamp(0) without time zone) AND (l_shipdate < '1995-01-01 00:00:00'::timestamp without time zone) AND (l_discount >= .05::double precision) AND (l_discount <= .07::double precision) AND (l_quantity < 24::double precision)), (LLVM Optimized)", "Plans": [{"Node Type": "Bitmap Index Scan", "Parent Relationship": "Outer", "Index Name": "idx_lineitem_shipdate", "Startup Cost": 0.0, "Total Cost": 380137.49, "Plan Rows": 1135757, "Plan Width": 0, "Index Cond": "((l_shipdate >= '1994-01-01 00:00:00'::timestamp(0) without time zone) AND (l_shipdate < '1995-01-01 00:00:00'::timestamp without time zone) AND (l_discount >= .05::double precision) AND (l_discount <= .07::double precision) AND (l_quantity < 24::double precision))"}]}]}, "Unique SQL Id": 4176715123, "Planner Runtime": 0}, "explain_analyze_plan": {"Plan": {"Node Type": "Aggregate", "Strategy": "Plain", "Startup Cost": 1813598.15, "Total Cost": 1813598.16, "Plan Rows": 1, "Plan Width": 24, "Actual Startup Time": 4235.455, "Actual Total Time": 4235.456, "Actual Rows": 1, "Actual Loops": 1, "Plans": [{"Node Type": "Bitmap Heap Scan", "Parent Relationship": "Outer", "Relation Name": "lineitem", "Alias": "lineitem", "Startup Cost": 380421.43, "Total Cost": 1807919.37, "Plan Rows": 1135757, "Plan Width": 16, "Actual Startup Time": 2209.192, "Actual Total Time": 3896.981, "Actual Rows": 1139264, "Actual Loops": 1, "Recheck Cond": "((l_shipdate >= '1994-01-01 00:00:00'::timestamp(0) without time zone) AND (l_shipdate < '1995-01-01 00:00:00'::timestamp without time zone) AND (l_discount >= .05::double precision) AND (l_discount <= .07::double precision) AND (l_quantity < 24::double precision)), (LLVM Optimized, Jit Execute)", "Rows Removed by Index Recheck": 0, "Exact Heap Blocks": 699048, "Lossy Heap Blocks": 699048, "Plans": [{"Node Type": "Bitmap Index Scan", "Parent Relationship": "Outer", "Index Name": "idx_lineitem_shipdate", "Startup Cost": 0.0, "Total Cost": 380137.49, "Plan Rows": 1135757, "Plan Width": 0, "Actual Startup Time": 1874.732, "Actual Total Time": 1874.732, "Actual Rows": 1139264, "Actual Loops": 1, "Index Cond": "((l_shipdate >= '1994-01-01 00:00:00'::timestamp(0) without time zone) AND (l_shipdate < '1995-01-01 00:00:00'::timestamp without time zone) AND (l_discount >= .05::double precision) AND (l_discount <= .07::double precision) AND (l_quantity < 24::double precision))"}]}]}, "Triggers": [], "Planner Runtime": 0, "Total Runtime": 4246.2, "Unique SQL Id": 4176715123}}, "(1, 70)": {"explain_plan": {"Plan": {"Node Type": "Aggregate", "Strategy": "Plain", "Startup Cost": 1813598.15, "Total Cost": 1813598.16, "Plan Rows": 1, "Plan Width": 24, "Plans": [{"Node Type": "Bitmap Heap Scan", "Parent Relationship": "Outer", "Relation Name": "lineitem", "Alias": "lineitem", "Startup Cost": 380421.43, "Total Cost": 1807919.37, "Plan Rows": 1135757, "Plan Width": 16, "Recheck Cond": "((l_shipdate >= '1994-01-01 00:00:00'::timestamp(0) without time zone) AND (l_shipdate < '1995-01-01 00:00:00'::timestamp without time zone) AND (l_discount >= .05::double precision) AND (l_discount <= .07::double precision) AND (l_quantity < 24::double precision)), (LLVM Optimized)", "Plans": [{"Node Type": "Bitmap Index Scan", "Parent Relationship": "Outer", "Index Name": "idx_lineitem_shipdate", "Startup Cost": 0.0, "Total Cost": 380137.49, "Plan Rows": 1135757, "Plan Width": 0, "Index Cond": "((l_shipdate >= '1994-01-01 00:00:00'::timestamp(0) without time zone) AND (l_shipdate < '1995-01-01 00:00:00'::timestamp without time zone) AND (l_discount >= .05::double precision) AND (l_discount <= .07::double precision) AND (l_quantity < 24::double precision))"}]}]}, "Unique SQL Id": 4176715123, "Planner Runtime": 0}, "explain_analyze_plan": {"Plan": {"Node Type": "Aggregate", "Strategy": "Plain", "Startup Cost": 1813598.15, "Total Cost": 1813598.16, "Plan Rows": 1, "Plan Width": 24, "Actual Startup Time": 4235.455, "Actual Total Time": 4235.456, "Actual Rows": 1, "Actual Loops": 1, "Plans": [{"Node Type": "Bitmap Heap Scan", "Parent Relationship": "Outer", "Relation Name": "lineitem", "Alias": "lineitem", "Startup Cost": 380421.43, "Total Cost": 1807919.37, "Plan Rows": 1135757, "Plan Width": 16, "Actual Startup Time": 2209.192, "Actual Total Time": 3896.981, "Actual Rows": 1139264, "Actual Loops": 1, "Recheck Cond": "((l_shipdate >= '1994-01-01 00:00:00'::timestamp(0) without time zone) AND (l_shipdate < '1995-01-01 00:00:00'::timestamp without time zone) AND (l_discount >= .05::double precision) AND (l_discount <= .07::double precision) AND (l_quantity < 24::double precision)), (LLVM Optimized, Jit Execute)", "Rows Removed by Index Recheck": 0, "Exact Heap Blocks": 699048, "Lossy Heap Blocks": 699048, "Plans": [{"Node Type": "Bitmap Index Scan", "Parent Relationship": "Outer", "Index Name": "idx_lineitem_shipdate", "Startup Cost": 0.0, "Total Cost": 380137.49, "Plan Rows": 1135757, "Plan Width": 0, "Actual Startup Time": 1874.732, "Actual Total Time": 1874.732, "Actual Rows": 1139264, "Actual Loops": 1, "Index Cond": "((l_shipdate >= '1994-01-01 00:00:00'::timestamp(0) without time zone) AND (l_shipdate < '1995-01-01 00:00:00'::timestamp without time zone) AND (l_discount >= .05::double precision) AND (l_discount <= .07::double precision) AND (l_quantity < 24::double precision))"}]}]}, "Triggers": [], "Planner Runtime": 0, "Total Runtime": 4246.2, "Unique SQL Id": 4176715123}}, "(1, 71)": {"explain_plan": {"Plan": {"Node Type": "Aggregate", "Strategy": "Plain", "Startup Cost": 1813598.15, "Total Cost": 1813598.16, "Plan Rows": 1, "Plan Width": 24, "Plans": [{"Node Type": "Bitmap Heap Scan", "Parent Relationship": "Outer", "Relation Name": "lineitem", "Alias": "lineitem", "Startup Cost": 380421.43, "Total Cost": 1807919.37, "Plan Rows": 1135757, "Plan Width": 16, "Recheck Cond": "((l_shipdate >= '1994-01-01 00:00:00'::timestamp(0) without time zone) AND (l_shipdate < '1995-01-01 00:00:00'::timestamp without time zone) AND (l_discount >= .05::double precision) AND (l_discount <= .07::double precision) AND (l_quantity < 24::double precision)), (LLVM Optimized)", "Plans": [{"Node Type": "Bitmap Index Scan", "Parent Relationship": "Outer", "Index Name": "idx_lineitem_shipdate", "Startup Cost": 0.0, "Total Cost": 380137.49, "Plan Rows": 1135757, "Plan Width": 0, "Index Cond": "((l_shipdate >= '1994-01-01 00:00:00'::timestamp(0) without time zone) AND (l_shipdate < '1995-01-01 00:00:00'::timestamp without time zone) AND (l_discount >= .05::double precision) AND (l_discount <= .07::double precision) AND (l_quantity < 24::double precision))"}]}]}, "Unique SQL Id": 4176715123, "Planner Runtime": 0}, "explain_analyze_plan": {"Plan": {"Node Type": "Aggregate", "Strategy": "Plain", "Startup Cost": 1813598.15, "Total Cost": 1813598.16, "Plan Rows": 1, "Plan Width": 24, "Actual Startup Time": 4235.455, "Actual Total Time": 4235.456, "Actual Rows": 1, "Actual Loops": 1, "Plans": [{"Node Type": "Bitmap Heap Scan", "Parent Relationship": "Outer", "Relation Name": "lineitem", "Alias": "lineitem", "Startup Cost": 380421.43, "Total Cost": 1807919.37, "Plan Rows": 1135757, "Plan Width": 16, "Actual Startup Time": 2209.192, "Actual Total Time": 3896.981, "Actual Rows": 1139264, "Actual Loops": 1, "Recheck Cond": "((l_shipdate >= '1994-01-01 00:00:00'::timestamp(0) without time zone) AND (l_shipdate < '1995-01-01 00:00:00'::timestamp without time zone) AND (l_discount >= .05::double precision) AND (l_discount <= .07::double precision) AND (l_quantity < 24::double precision)), (LLVM Optimized, Jit Execute)", "Rows Removed by Index Recheck": 0, "Exact Heap Blocks": 699048, "Lossy Heap Blocks": 699048, "Plans": [{"Node Type": "Bitmap Index Scan", "Parent Relationship": "Outer", "Index Name": "idx_lineitem_shipdate", "Startup Cost": 0.0, "Total Cost": 380137.49, "Plan Rows": 1135757, "Plan Width": 0, "Actual Startup Time": 1874.732, "Actual Total Time": 1874.732, "Actual Rows": 1139264, "Actual Loops": 1, "Index Cond": "((l_shipdate >= '1994-01-01 00:00:00'::timestamp(0) without time zone) AND (l_shipdate < '1995-01-01 00:00:00'::timestamp without time zone) AND (l_discount >= .05::double precision) AND (l_discount <= .07::double precision) AND (l_quantity < 24::double precision))"}]}]}, "Triggers": [], "Planner Runtime": 0, "Total Runtime": 4246.2, "Unique SQL Id": 4176715123}}, "(1, 72)": {"explain_plan": {"Plan": {"Node Type": "Aggregate", "Strategy": "Plain", "Startup Cost": 2770632.03, "Total Cost": 2770632.04, "Plan Rows": 1, "Plan Width": 24, "Plans": [{"Node Type": "Seq Scan", "Parent Relationship": "Outer", "Relation Name": "lineitem", "Alias": "lineitem", "Startup Cost": 111370.98, "Total Cost": 2764953.24, "Plan Rows": 1135757, "Plan Width": 16, "Filter": "((l_shipdate >= '1994-01-01 00:00:00'::timestamp(0) without time zone) AND (l_shipdate < '1995-01-01 00:00:00'::timestamp without time zone) AND (l_discount >= .05::double precision) AND (l_discount <= .07::double precision) AND (l_quantity < 24::double precision)), (LLVM Optimized)"}]}, "Unique SQL Id": 4176715123, "Planner Runtime": 0}, "explain_analyze_plan": null}, "(1, 73)": {"explain_plan": {"Plan": {"Node Type": "Aggregate", "Strategy": "Plain", "Startup Cost": 3639281.83, "Total Cost": 3639281.84, "Plan Rows": 1, "Plan Width": 24, "Plans": [{"Node Type": "Index Scan", "Parent Relationship": "Outer", "Scan Direction": "Forward", "Index Name": "idx_lineitem_shipdate", "Relation Name": "lineitem", "Alias": "lineitem", "Startup Cost": 0.0, "Total Cost": 3633603.05, "Plan Rows": 1135757, "Plan Width": 16, "Index Cond": "((l_shipdate >= '1994-01-01 00:00:00'::timestamp(0) without time zone) AND (l_shipdate < '1995-01-01 00:00:00'::timestamp without time zone) AND (l_discount >= .05::double precision) AND (l_discount <= .07::double precision) AND (l_quantity < 24::double precision)), (LLVM Optimized)"}]}, "Unique SQL Id": 4176715123, "Planner Runtime": 0}, "explain_analyze_plan": {"Plan": {"Node Type": "Aggregate", "Strategy": "Plain", "Startup Cost": 3639281.83, "Total Cost": 3639281.84, "Plan Rows": 1, "Plan Width": 24, "Actual Startup Time": 4487.753, "Actual Total Time": 4487.754, "Actual Rows": 1, "Actual Loops": 1, "Plans": [{"Node Type": "Index Scan", "Parent Relationship": "Outer", "Scan Direction": "Forward", "Index Name": "idx_lineitem_shipdate", "Relation Name": "lineitem", "Alias": "lineitem", "Startup Cost": 0.0, "Total Cost": 3633603.05, "Plan Rows": 1135757, "Plan Width": 16, "Actual Startup Time": 0.08, "Actual Total Time": 4140.241, "Actual Rows": 1139264, "Actual Loops": 1, "Index Cond": "((l_shipdate >= '1994-01-01 00:00:00'::timestamp(0) without time zone) AND (l_shipdate < '1995-01-01 00:00:00'::timestamp without time zone) AND (l_discount >= .05::double precision) AND (l_discount <= .07::double precision) AND (l_quantity < 24::double precision)), (LLVM Optimized, Jit Execute)", "Rows Removed by Index Recheck": 0}]}, "Triggers": [], "Planner Runtime": 0, "Total Runtime": 4497.762, "Unique SQL Id": 4176715123}}, "(1, 74)": {"explain_plan": {"Plan": {"Node Type": "Aggregate", "Strategy": "Plain", "Startup Cost": 2770632.03, "Total Cost": 2770632.04, "Plan Rows": 1, "Plan Width": 24, "Plans": [{"Node Type": "Seq Scan", "Parent Relationship": "Outer", "Relation Name": "lineitem", "Alias": "lineitem", "Startup Cost": 111370.98, "Total Cost": 2764953.24, "Plan Rows": 1135757, "Plan Width": 16, "Filter": "((l_shipdate >= '1994-01-01 00:00:00'::timestamp(0) without time zone) AND (l_shipdate < '1995-01-01 00:00:00'::timestamp without time zone) AND (l_discount >= .05::double precision) AND (l_discount <= .07::double precision) AND (l_quantity < 24::double precision)), (LLVM Optimized)"}]}, "Unique SQL Id": 4176715123, "Planner Runtime": 0}, "explain_analyze_plan": null}, "(1, 75)": {"explain_plan": {"Plan": {"Node Type": "Aggregate", "Strategy": "Plain", "Startup Cost": 1000276501003.04, "Total Cost": 1000276501003.05, "Plan Rows": 1, "Plan Width": 24, "Plans": [{"Node Type": "Seq Scan", "Parent Relationship": "Outer", "Relation Name": "lineitem", "Alias": "lineitem", "Startup Cost": 10000109520.02, "Total Cost": 1000276495324.25, "Plan Rows": 1135757, "Plan Width": 16, "Filter": "((l_shipdate >= '1994-01-01 00:00:00'::timestamp(0) without time zone) AND (l_shipdate < '1995-01-01 00:00:00'::timestamp without time zone) AND (l_discount >= .05::double precision) AND (l_discount <= .07::double precision) AND (l_quantity < 24::double precision)), (LLVM Optimized)"}]}, "Unique SQL Id": 4176715123, "Planner Runtime": 0}, "explain_analyze_plan": null}, "(1, 76)": {"explain_plan": {"Plan": {"Node Type": "Aggregate", "Strategy": "Plain", "Startup Cost": 2770632.03, "Total Cost": 2770632.04, "Plan Rows": 1, "Plan Width": 24, "Plans": [{"Node Type": "Seq Scan", "Parent Relationship": "Outer", "Relation Name": "lineitem", "Alias": "lineitem", "Startup Cost": 111370.98, "Total Cost": 2764953.24, "Plan Rows": 1135757, "Plan Width": 16, "Filter": "((l_shipdate >= '1994-01-01 00:00:00'::timestamp(0) without time zone) AND (l_shipdate < '1995-01-01 00:00:00'::timestamp without time zone) AND (l_discount >= .05::double precision) AND (l_discount <= .07::double precision) AND (l_quantity < 24::double precision)), (LLVM Optimized)"}]}, "Unique SQL Id": 4176715123, "Planner Runtime": 0}, "explain_analyze_plan": null}, "(1, 77)": {"explain_plan": {"Plan": {"Node Type": "Aggregate", "Strategy": "Plain", "Startup Cost": 3639281.83, "Total Cost": 3639281.84, "Plan Rows": 1, "Plan Width": 24, "Plans": [{"Node Type": "Index Scan", "Parent Relationship": "Outer", "Scan Direction": "Forward", "Index Name": "idx_lineitem_shipdate", "Relation Name": "lineitem", "Alias": "lineitem", "Startup Cost": 0.0, "Total Cost": 3633603.05, "Plan Rows": 1135757, "Plan Width": 16, "Index Cond": "((l_shipdate >= '1994-01-01 00:00:00'::timestamp(0) without time zone) AND (l_shipdate < '1995-01-01 00:00:00'::timestamp without time zone) AND (l_discount >= .05::double precision) AND (l_discount <= .07::double precision) AND (l_quantity < 24::double precision)), (LLVM Optimized)"}]}, "Unique SQL Id": 4176715123, "Planner Runtime": 0}, "explain_analyze_plan": {"Plan": {"Node Type": "Aggregate", "Strategy": "Plain", "Startup Cost": 3639281.83, "Total Cost": 3639281.84, "Plan Rows": 1, "Plan Width": 24, "Actual Startup Time": 4487.753, "Actual Total Time": 4487.754, "Actual Rows": 1, "Actual Loops": 1, "Plans": [{"Node Type": "Index Scan", "Parent Relationship": "Outer", "Scan Direction": "Forward", "Index Name": "idx_lineitem_shipdate", "Relation Name": "lineitem", "Alias": "lineitem", "Startup Cost": 0.0, "Total Cost": 3633603.05, "Plan Rows": 1135757, "Plan Width": 16, "Actual Startup Time": 0.08, "Actual Total Time": 4140.241, "Actual Rows": 1139264, "Actual Loops": 1, "Index Cond": "((l_shipdate >= '1994-01-01 00:00:00'::timestamp(0) without time zone) AND (l_shipdate < '1995-01-01 00:00:00'::timestamp without time zone) AND (l_discount >= .05::double precision) AND (l_discount <= .07::double precision) AND (l_quantity < 24::double precision)), (LLVM Optimized, Jit Execute)", "Rows Removed by Index Recheck": 0}]}, "Triggers": [], "Planner Runtime": 0, "Total Runtime": 4497.762, "Unique SQL Id": 4176715123}}, "(1, 78)": {"explain_plan": {"Plan": {"Node Type": "Aggregate", "Strategy": "Plain", "Startup Cost": 2770632.03, "Total Cost": 2770632.04, "Plan Rows": 1, "Plan Width": 24, "Plans": [{"Node Type": "Seq Scan", "Parent Relationship": "Outer", "Relation Name": "lineitem", "Alias": "lineitem", "Startup Cost": 111370.98, "Total Cost": 2764953.24, "Plan Rows": 1135757, "Plan Width": 16, "Filter": "((l_shipdate >= '1994-01-01 00:00:00'::timestamp(0) without time zone) AND (l_shipdate < '1995-01-01 00:00:00'::timestamp without time zone) AND (l_discount >= .05::double precision) AND (l_discount <= .07::double precision) AND (l_quantity < 24::double precision)), (LLVM Optimized)"}]}, "Unique SQL Id": 4176715123, "Planner Runtime": 0}, "explain_analyze_plan": null}, "(1, 79)": {"explain_plan": {"Plan": {"Node Type": "Aggregate", "Strategy": "Plain", "Startup Cost": 1000276501003.04, "Total Cost": 1000276501003.05, "Plan Rows": 1, "Plan Width": 24, "Plans": [{"Node Type": "Seq Scan", "Parent Relationship": "Outer", "Relation Name": "lineitem", "Alias": "lineitem", "Startup Cost": 10000109520.02, "Total Cost": 1000276495324.25, "Plan Rows": 1135757, "Plan Width": 16, "Filter": "((l_shipdate >= '1994-01-01 00:00:00'::timestamp(0) without time zone) AND (l_shipdate < '1995-01-01 00:00:00'::timestamp without time zone) AND (l_discount >= .05::double precision) AND (l_discount <= .07::double precision) AND (l_quantity < 24::double precision)), (LLVM Optimized)"}]}, "Unique SQL Id": 4176715123, "Planner Runtime": 0}, "explain_analyze_plan": null}, "(1, 80)": {"explain_plan": {"Plan": {"Node Type": "Aggregate", "Strategy": "Plain", "Startup Cost": 1813598.15, "Total Cost": 1813598.16, "Plan Rows": 1, "Plan Width": 24, "Plans": [{"Node Type": "Bitmap Heap Scan", "Parent Relationship": "Outer", "Relation Name": "lineitem", "Alias": "lineitem", "Startup Cost": 380421.43, "Total Cost": 1807919.37, "Plan Rows": 1135757, "Plan Width": 16, "Recheck Cond": "((l_shipdate >= '1994-01-01 00:00:00'::timestamp(0) without time zone) AND (l_shipdate < '1995-01-01 00:00:00'::timestamp without time zone) AND (l_discount >= .05::double precision) AND (l_discount <= .07::double precision) AND (l_quantity < 24::double precision)), (LLVM Optimized)", "Plans": [{"Node Type": "Bitmap Index Scan", "Parent Relationship": "Outer", "Index Name": "idx_lineitem_shipdate", "Startup Cost": 0.0, "Total Cost": 380137.49, "Plan Rows": 1135757, "Plan Width": 0, "Index Cond": "((l_shipdate >= '1994-01-01 00:00:00'::timestamp(0) without time zone) AND (l_shipdate < '1995-01-01 00:00:00'::timestamp without time zone) AND (l_discount >= .05::double precision) AND (l_discount <= .07::double precision) AND (l_quantity < 24::double precision))"}]}]}, "Unique SQL Id": 4176715123, "Planner Runtime": 0}, "explain_analyze_plan": {"Plan": {"Node Type": "Aggregate", "Strategy": "Plain", "Startup Cost": 1813598.15, "Total Cost": 1813598.16, "Plan Rows": 1, "Plan Width": 24, "Actual Startup Time": 4235.455, "Actual Total Time": 4235.456, "Actual Rows": 1, "Actual Loops": 1, "Plans": [{"Node Type": "Bitmap Heap Scan", "Parent Relationship": "Outer", "Relation Name": "lineitem", "Alias": "lineitem", "Startup Cost": 380421.43, "Total Cost": 1807919.37, "Plan Rows": 1135757, "Plan Width": 16, "Actual Startup Time": 2209.192, "Actual Total Time": 3896.981, "Actual Rows": 1139264, "Actual Loops": 1, "Recheck Cond": "((l_shipdate >= '1994-01-01 00:00:00'::timestamp(0) without time zone) AND (l_shipdate < '1995-01-01 00:00:00'::timestamp without time zone) AND (l_discount >= .05::double precision) AND (l_discount <= .07::double precision) AND (l_quantity < 24::double precision)), (LLVM Optimized, Jit Execute)", "Rows Removed by Index Recheck": 0, "Exact Heap Blocks": 699048, "Lossy Heap Blocks": 699048, "Plans": [{"Node Type": "Bitmap Index Scan", "Parent Relationship": "Outer", "Index Name": "idx_lineitem_shipdate", "Startup Cost": 0.0, "Total Cost": 380137.49, "Plan Rows": 1135757, "Plan Width": 0, "Actual Startup Time": 1874.732, "Actual Total Time": 1874.732, "Actual Rows": 1139264, "Actual Loops": 1, "Index Cond": "((l_shipdate >= '1994-01-01 00:00:00'::timestamp(0) without time zone) AND (l_shipdate < '1995-01-01 00:00:00'::timestamp without time zone) AND (l_discount >= .05::double precision) AND (l_discount <= .07::double precision) AND (l_quantity < 24::double precision))"}]}]}, "Triggers": [], "Planner Runtime": 0, "Total Runtime": 4246.2, "Unique SQL Id": 4176715123}}, "(1, 81)": {"explain_plan": {"Plan": {"Node Type": "Aggregate", "Strategy": "Plain", "Startup Cost": 1813598.15, "Total Cost": 1813598.16, "Plan Rows": 1, "Plan Width": 24, "Plans": [{"Node Type": "Bitmap Heap Scan", "Parent Relationship": "Outer", "Relation Name": "lineitem", "Alias": "lineitem", "Startup Cost": 380421.43, "Total Cost": 1807919.37, "Plan Rows": 1135757, "Plan Width": 16, "Recheck Cond": "((l_shipdate >= '1994-01-01 00:00:00'::timestamp(0) without time zone) AND (l_shipdate < '1995-01-01 00:00:00'::timestamp without time zone) AND (l_discount >= .05::double precision) AND (l_discount <= .07::double precision) AND (l_quantity < 24::double precision)), (LLVM Optimized)", "Plans": [{"Node Type": "Bitmap Index Scan", "Parent Relationship": "Outer", "Index Name": "idx_lineitem_shipdate", "Startup Cost": 0.0, "Total Cost": 380137.49, "Plan Rows": 1135757, "Plan Width": 0, "Index Cond": "((l_shipdate >= '1994-01-01 00:00:00'::timestamp(0) without time zone) AND (l_shipdate < '1995-01-01 00:00:00'::timestamp without time zone) AND (l_discount >= .05::double precision) AND (l_discount <= .07::double precision) AND (l_quantity < 24::double precision))"}]}]}, "Unique SQL Id": 4176715123, "Planner Runtime": 0}, "explain_analyze_plan": {"Plan": {"Node Type": "Aggregate", "Strategy": "Plain", "Startup Cost": 1813598.15, "Total Cost": 1813598.16, "Plan Rows": 1, "Plan Width": 24, "Actual Startup Time": 4235.455, "Actual Total Time": 4235.456, "Actual Rows": 1, "Actual Loops": 1, "Plans": [{"Node Type": "Bitmap Heap Scan", "Parent Relationship": "Outer", "Relation Name": "lineitem", "Alias": "lineitem", "Startup Cost": 380421.43, "Total Cost": 1807919.37, "Plan Rows": 1135757, "Plan Width": 16, "Actual Startup Time": 2209.192, "Actual Total Time": 3896.981, "Actual Rows": 1139264, "Actual Loops": 1, "Recheck Cond": "((l_shipdate >= '1994-01-01 00:00:00'::timestamp(0) without time zone) AND (l_shipdate < '1995-01-01 00:00:00'::timestamp without time zone) AND (l_discount >= .05::double precision) AND (l_discount <= .07::double precision) AND (l_quantity < 24::double precision)), (LLVM Optimized, Jit Execute)", "Rows Removed by Index Recheck": 0, "Exact Heap Blocks": 699048, "Lossy Heap Blocks": 699048, "Plans": [{"Node Type": "Bitmap Index Scan", "Parent Relationship": "Outer", "Index Name": "idx_lineitem_shipdate", "Startup Cost": 0.0, "Total Cost": 380137.49, "Plan Rows": 1135757, "Plan Width": 0, "Actual Startup Time": 1874.732, "Actual Total Time": 1874.732, "Actual Rows": 1139264, "Actual Loops": 1, "Index Cond": "((l_shipdate >= '1994-01-01 00:00:00'::timestamp(0) without time zone) AND (l_shipdate < '1995-01-01 00:00:00'::timestamp without time zone) AND (l_discount >= .05::double precision) AND (l_discount <= .07::double precision) AND (l_quantity < 24::double precision))"}]}]}, "Triggers": [], "Planner Runtime": 0, "Total Runtime": 4246.2, "Unique SQL Id": 4176715123}}, "(1, 82)": {"explain_plan": {"Plan": {"Node Type": "Aggregate", "Strategy": "Plain", "Startup Cost": 1813598.15, "Total Cost": 1813598.16, "Plan Rows": 1, "Plan Width": 24, "Plans": [{"Node Type": "Bitmap Heap Scan", "Parent Relationship": "Outer", "Relation Name": "lineitem", "Alias": "lineitem", "Startup Cost": 380421.43, "Total Cost": 1807919.37, "Plan Rows": 1135757, "Plan Width": 16, "Recheck Cond": "((l_shipdate >= '1994-01-01 00:00:00'::timestamp(0) without time zone) AND (l_shipdate < '1995-01-01 00:00:00'::timestamp without time zone) AND (l_discount >= .05::double precision) AND (l_discount <= .07::double precision) AND (l_quantity < 24::double precision)), (LLVM Optimized)", "Plans": [{"Node Type": "Bitmap Index Scan", "Parent Relationship": "Outer", "Index Name": "idx_lineitem_shipdate", "Startup Cost": 0.0, "Total Cost": 380137.49, "Plan Rows": 1135757, "Plan Width": 0, "Index Cond": "((l_shipdate >= '1994-01-01 00:00:00'::timestamp(0) without time zone) AND (l_shipdate < '1995-01-01 00:00:00'::timestamp without time zone) AND (l_discount >= .05::double precision) AND (l_discount <= .07::double precision) AND (l_quantity < 24::double precision))"}]}]}, "Unique SQL Id": 4176715123, "Planner Runtime": 0}, "explain_analyze_plan": {"Plan": {"Node Type": "Aggregate", "Strategy": "Plain", "Startup Cost": 1813598.15, "Total Cost": 1813598.16, "Plan Rows": 1, "Plan Width": 24, "Actual Startup Time": 4235.455, "Actual Total Time": 4235.456, "Actual Rows": 1, "Actual Loops": 1, "Plans": [{"Node Type": "Bitmap Heap Scan", "Parent Relationship": "Outer", "Relation Name": "lineitem", "Alias": "lineitem", "Startup Cost": 380421.43, "Total Cost": 1807919.37, "Plan Rows": 1135757, "Plan Width": 16, "Actual Startup Time": 2209.192, "Actual Total Time": 3896.981, "Actual Rows": 1139264, "Actual Loops": 1, "Recheck Cond": "((l_shipdate >= '1994-01-01 00:00:00'::timestamp(0) without time zone) AND (l_shipdate < '1995-01-01 00:00:00'::timestamp without time zone) AND (l_discount >= .05::double precision) AND (l_discount <= .07::double precision) AND (l_quantity < 24::double precision)), (LLVM Optimized, Jit Execute)", "Rows Removed by Index Recheck": 0, "Exact Heap Blocks": 699048, "Lossy Heap Blocks": 699048, "Plans": [{"Node Type": "Bitmap Index Scan", "Parent Relationship": "Outer", "Index Name": "idx_lineitem_shipdate", "Startup Cost": 0.0, "Total Cost": 380137.49, "Plan Rows": 1135757, "Plan Width": 0, "Actual Startup Time": 1874.732, "Actual Total Time": 1874.732, "Actual Rows": 1139264, "Actual Loops": 1, "Index Cond": "((l_shipdate >= '1994-01-01 00:00:00'::timestamp(0) without time zone) AND (l_shipdate < '1995-01-01 00:00:00'::timestamp without time zone) AND (l_discount >= .05::double precision) AND (l_discount <= .07::double precision) AND (l_quantity < 24::double precision))"}]}]}, "Triggers": [], "Planner Runtime": 0, "Total Runtime": 4246.2, "Unique SQL Id": 4176715123}}, "(1, 83)": {"explain_plan": {"Plan": {"Node Type": "Aggregate", "Strategy": "Plain", "Startup Cost": 1813598.15, "Total Cost": 1813598.16, "Plan Rows": 1, "Plan Width": 24, "Plans": [{"Node Type": "Bitmap Heap Scan", "Parent Relationship": "Outer", "Relation Name": "lineitem", "Alias": "lineitem", "Startup Cost": 380421.43, "Total Cost": 1807919.37, "Plan Rows": 1135757, "Plan Width": 16, "Recheck Cond": "((l_shipdate >= '1994-01-01 00:00:00'::timestamp(0) without time zone) AND (l_shipdate < '1995-01-01 00:00:00'::timestamp without time zone) AND (l_discount >= .05::double precision) AND (l_discount <= .07::double precision) AND (l_quantity < 24::double precision)), (LLVM Optimized)", "Plans": [{"Node Type": "Bitmap Index Scan", "Parent Relationship": "Outer", "Index Name": "idx_lineitem_shipdate", "Startup Cost": 0.0, "Total Cost": 380137.49, "Plan Rows": 1135757, "Plan Width": 0, "Index Cond": "((l_shipdate >= '1994-01-01 00:00:00'::timestamp(0) without time zone) AND (l_shipdate < '1995-01-01 00:00:00'::timestamp without time zone) AND (l_discount >= .05::double precision) AND (l_discount <= .07::double precision) AND (l_quantity < 24::double precision))"}]}]}, "Unique SQL Id": 4176715123, "Planner Runtime": 0}, "explain_analyze_plan": {"Plan": {"Node Type": "Aggregate", "Strategy": "Plain", "Startup Cost": 1813598.15, "Total Cost": 1813598.16, "Plan Rows": 1, "Plan Width": 24, "Actual Startup Time": 4235.455, "Actual Total Time": 4235.456, "Actual Rows": 1, "Actual Loops": 1, "Plans": [{"Node Type": "Bitmap Heap Scan", "Parent Relationship": "Outer", "Relation Name": "lineitem", "Alias": "lineitem", "Startup Cost": 380421.43, "Total Cost": 1807919.37, "Plan Rows": 1135757, "Plan Width": 16, "Actual Startup Time": 2209.192, "Actual Total Time": 3896.981, "Actual Rows": 1139264, "Actual Loops": 1, "Recheck Cond": "((l_shipdate >= '1994-01-01 00:00:00'::timestamp(0) without time zone) AND (l_shipdate < '1995-01-01 00:00:00'::timestamp without time zone) AND (l_discount >= .05::double precision) AND (l_discount <= .07::double precision) AND (l_quantity < 24::double precision)), (LLVM Optimized, Jit Execute)", "Rows Removed by Index Recheck": 0, "Exact Heap Blocks": 699048, "Lossy Heap Blocks": 699048, "Plans": [{"Node Type": "Bitmap Index Scan", "Parent Relationship": "Outer", "Index Name": "idx_lineitem_shipdate", "Startup Cost": 0.0, "Total Cost": 380137.49, "Plan Rows": 1135757, "Plan Width": 0, "Actual Startup Time": 1874.732, "Actual Total Time": 1874.732, "Actual Rows": 1139264, "Actual Loops": 1, "Index Cond": "((l_shipdate >= '1994-01-01 00:00:00'::timestamp(0) without time zone) AND (l_shipdate < '1995-01-01 00:00:00'::timestamp without time zone) AND (l_discount >= .05::double precision) AND (l_discount <= .07::double precision) AND (l_quantity < 24::double precision))"}]}]}, "Triggers": [], "Planner Runtime": 0, "Total Runtime": 4246.2, "Unique SQL Id": 4176715123}}, "(1, 84)": {"explain_plan": {"Plan": {"Node Type": "Aggregate", "Strategy": "Plain", "Startup Cost": 1813598.15, "Total Cost": 1813598.16, "Plan Rows": 1, "Plan Width": 24, "Plans": [{"Node Type": "Bitmap Heap Scan", "Parent Relationship": "Outer", "Relation Name": "lineitem", "Alias": "lineitem", "Startup Cost": 380421.43, "Total Cost": 1807919.37, "Plan Rows": 1135757, "Plan Width": 16, "Recheck Cond": "((l_shipdate >= '1994-01-01 00:00:00'::timestamp(0) without time zone) AND (l_shipdate < '1995-01-01 00:00:00'::timestamp without time zone) AND (l_discount >= .05::double precision) AND (l_discount <= .07::double precision) AND (l_quantity < 24::double precision)), (LLVM Optimized)", "Plans": [{"Node Type": "Bitmap Index Scan", "Parent Relationship": "Outer", "Index Name": "idx_lineitem_shipdate", "Startup Cost": 0.0, "Total Cost": 380137.49, "Plan Rows": 1135757, "Plan Width": 0, "Index Cond": "((l_shipdate >= '1994-01-01 00:00:00'::timestamp(0) without time zone) AND (l_shipdate < '1995-01-01 00:00:00'::timestamp without time zone) AND (l_discount >= .05::double precision) AND (l_discount <= .07::double precision) AND (l_quantity < 24::double precision))"}]}]}, "Unique SQL Id": 4176715123, "Planner Runtime": 0}, "explain_analyze_plan": {"Plan": {"Node Type": "Aggregate", "Strategy": "Plain", "Startup Cost": 1813598.15, "Total Cost": 1813598.16, "Plan Rows": 1, "Plan Width": 24, "Actual Startup Time": 4235.455, "Actual Total Time": 4235.456, "Actual Rows": 1, "Actual Loops": 1, "Plans": [{"Node Type": "Bitmap Heap Scan", "Parent Relationship": "Outer", "Relation Name": "lineitem", "Alias": "lineitem", "Startup Cost": 380421.43, "Total Cost": 1807919.37, "Plan Rows": 1135757, "Plan Width": 16, "Actual Startup Time": 2209.192, "Actual Total Time": 3896.981, "Actual Rows": 1139264, "Actual Loops": 1, "Recheck Cond": "((l_shipdate >= '1994-01-01 00:00:00'::timestamp(0) without time zone) AND (l_shipdate < '1995-01-01 00:00:00'::timestamp without time zone) AND (l_discount >= .05::double precision) AND (l_discount <= .07::double precision) AND (l_quantity < 24::double precision)), (LLVM Optimized, Jit Execute)", "Rows Removed by Index Recheck": 0, "Exact Heap Blocks": 699048, "Lossy Heap Blocks": 699048, "Plans": [{"Node Type": "Bitmap Index Scan", "Parent Relationship": "Outer", "Index Name": "idx_lineitem_shipdate", "Startup Cost": 0.0, "Total Cost": 380137.49, "Plan Rows": 1135757, "Plan Width": 0, "Actual Startup Time": 1874.732, "Actual Total Time": 1874.732, "Actual Rows": 1139264, "Actual Loops": 1, "Index Cond": "((l_shipdate >= '1994-01-01 00:00:00'::timestamp(0) without time zone) AND (l_shipdate < '1995-01-01 00:00:00'::timestamp without time zone) AND (l_discount >= .05::double precision) AND (l_discount <= .07::double precision) AND (l_quantity < 24::double precision))"}]}]}, "Triggers": [], "Planner Runtime": 0, "Total Runtime": 4246.2, "Unique SQL Id": 4176715123}}, "(1, 85)": {"explain_plan": {"Plan": {"Node Type": "Aggregate", "Strategy": "Plain", "Startup Cost": 1813598.15, "Total Cost": 1813598.16, "Plan Rows": 1, "Plan Width": 24, "Plans": [{"Node Type": "Bitmap Heap Scan", "Parent Relationship": "Outer", "Relation Name": "lineitem", "Alias": "lineitem", "Startup Cost": 380421.43, "Total Cost": 1807919.37, "Plan Rows": 1135757, "Plan Width": 16, "Recheck Cond": "((l_shipdate >= '1994-01-01 00:00:00'::timestamp(0) without time zone) AND (l_shipdate < '1995-01-01 00:00:00'::timestamp without time zone) AND (l_discount >= .05::double precision) AND (l_discount <= .07::double precision) AND (l_quantity < 24::double precision)), (LLVM Optimized)", "Plans": [{"Node Type": "Bitmap Index Scan", "Parent Relationship": "Outer", "Index Name": "idx_lineitem_shipdate", "Startup Cost": 0.0, "Total Cost": 380137.49, "Plan Rows": 1135757, "Plan Width": 0, "Index Cond": "((l_shipdate >= '1994-01-01 00:00:00'::timestamp(0) without time zone) AND (l_shipdate < '1995-01-01 00:00:00'::timestamp without time zone) AND (l_discount >= .05::double precision) AND (l_discount <= .07::double precision) AND (l_quantity < 24::double precision))"}]}]}, "Unique SQL Id": 4176715123, "Planner Runtime": 0}, "explain_analyze_plan": {"Plan": {"Node Type": "Aggregate", "Strategy": "Plain", "Startup Cost": 1813598.15, "Total Cost": 1813598.16, "Plan Rows": 1, "Plan Width": 24, "Actual Startup Time": 4235.455, "Actual Total Time": 4235.456, "Actual Rows": 1, "Actual Loops": 1, "Plans": [{"Node Type": "Bitmap Heap Scan", "Parent Relationship": "Outer", "Relation Name": "lineitem", "Alias": "lineitem", "Startup Cost": 380421.43, "Total Cost": 1807919.37, "Plan Rows": 1135757, "Plan Width": 16, "Actual Startup Time": 2209.192, "Actual Total Time": 3896.981, "Actual Rows": 1139264, "Actual Loops": 1, "Recheck Cond": "((l_shipdate >= '1994-01-01 00:00:00'::timestamp(0) without time zone) AND (l_shipdate < '1995-01-01 00:00:00'::timestamp without time zone) AND (l_discount >= .05::double precision) AND (l_discount <= .07::double precision) AND (l_quantity < 24::double precision)), (LLVM Optimized, Jit Execute)", "Rows Removed by Index Recheck": 0, "Exact Heap Blocks": 699048, "Lossy Heap Blocks": 699048, "Plans": [{"Node Type": "Bitmap Index Scan", "Parent Relationship": "Outer", "Index Name": "idx_lineitem_shipdate", "Startup Cost": 0.0, "Total Cost": 380137.49, "Plan Rows": 1135757, "Plan Width": 0, "Actual Startup Time": 1874.732, "Actual Total Time": 1874.732, "Actual Rows": 1139264, "Actual Loops": 1, "Index Cond": "((l_shipdate >= '1994-01-01 00:00:00'::timestamp(0) without time zone) AND (l_shipdate < '1995-01-01 00:00:00'::timestamp without time zone) AND (l_discount >= .05::double precision) AND (l_discount <= .07::double precision) AND (l_quantity < 24::double precision))"}]}]}, "Triggers": [], "Planner Runtime": 0, "Total Runtime": 4246.2, "Unique SQL Id": 4176715123}}, "(1, 86)": {"explain_plan": {"Plan": {"Node Type": "Aggregate", "Strategy": "Plain", "Startup Cost": 1813598.15, "Total Cost": 1813598.16, "Plan Rows": 1, "Plan Width": 24, "Plans": [{"Node Type": "Bitmap Heap Scan", "Parent Relationship": "Outer", "Relation Name": "lineitem", "Alias": "lineitem", "Startup Cost": 380421.43, "Total Cost": 1807919.37, "Plan Rows": 1135757, "Plan Width": 16, "Recheck Cond": "((l_shipdate >= '1994-01-01 00:00:00'::timestamp(0) without time zone) AND (l_shipdate < '1995-01-01 00:00:00'::timestamp without time zone) AND (l_discount >= .05::double precision) AND (l_discount <= .07::double precision) AND (l_quantity < 24::double precision)), (LLVM Optimized)", "Plans": [{"Node Type": "Bitmap Index Scan", "Parent Relationship": "Outer", "Index Name": "idx_lineitem_shipdate", "Startup Cost": 0.0, "Total Cost": 380137.49, "Plan Rows": 1135757, "Plan Width": 0, "Index Cond": "((l_shipdate >= '1994-01-01 00:00:00'::timestamp(0) without time zone) AND (l_shipdate < '1995-01-01 00:00:00'::timestamp without time zone) AND (l_discount >= .05::double precision) AND (l_discount <= .07::double precision) AND (l_quantity < 24::double precision))"}]}]}, "Unique SQL Id": 4176715123, "Planner Runtime": 0}, "explain_analyze_plan": {"Plan": {"Node Type": "Aggregate", "Strategy": "Plain", "Startup Cost": 1813598.15, "Total Cost": 1813598.16, "Plan Rows": 1, "Plan Width": 24, "Actual Startup Time": 4235.455, "Actual Total Time": 4235.456, "Actual Rows": 1, "Actual Loops": 1, "Plans": [{"Node Type": "Bitmap Heap Scan", "Parent Relationship": "Outer", "Relation Name": "lineitem", "Alias": "lineitem", "Startup Cost": 380421.43, "Total Cost": 1807919.37, "Plan Rows": 1135757, "Plan Width": 16, "Actual Startup Time": 2209.192, "Actual Total Time": 3896.981, "Actual Rows": 1139264, "Actual Loops": 1, "Recheck Cond": "((l_shipdate >= '1994-01-01 00:00:00'::timestamp(0) without time zone) AND (l_shipdate < '1995-01-01 00:00:00'::timestamp without time zone) AND (l_discount >= .05::double precision) AND (l_discount <= .07::double precision) AND (l_quantity < 24::double precision)), (LLVM Optimized, Jit Execute)", "Rows Removed by Index Recheck": 0, "Exact Heap Blocks": 699048, "Lossy Heap Blocks": 699048, "Plans": [{"Node Type": "Bitmap Index Scan", "Parent Relationship": "Outer", "Index Name": "idx_lineitem_shipdate", "Startup Cost": 0.0, "Total Cost": 380137.49, "Plan Rows": 1135757, "Plan Width": 0, "Actual Startup Time": 1874.732, "Actual Total Time": 1874.732, "Actual Rows": 1139264, "Actual Loops": 1, "Index Cond": "((l_shipdate >= '1994-01-01 00:00:00'::timestamp(0) without time zone) AND (l_shipdate < '1995-01-01 00:00:00'::timestamp without time zone) AND (l_discount >= .05::double precision) AND (l_discount <= .07::double precision) AND (l_quantity < 24::double precision))"}]}]}, "Triggers": [], "Planner Runtime": 0, "Total Runtime": 4246.2, "Unique SQL Id": 4176715123}}, "(1, 87)": {"explain_plan": {"Plan": {"Node Type": "Aggregate", "Strategy": "Plain", "Startup Cost": 1813598.15, "Total Cost": 1813598.16, "Plan Rows": 1, "Plan Width": 24, "Plans": [{"Node Type": "Bitmap Heap Scan", "Parent Relationship": "Outer", "Relation Name": "lineitem", "Alias": "lineitem", "Startup Cost": 380421.43, "Total Cost": 1807919.37, "Plan Rows": 1135757, "Plan Width": 16, "Recheck Cond": "((l_shipdate >= '1994-01-01 00:00:00'::timestamp(0) without time zone) AND (l_shipdate < '1995-01-01 00:00:00'::timestamp without time zone) AND (l_discount >= .05::double precision) AND (l_discount <= .07::double precision) AND (l_quantity < 24::double precision)), (LLVM Optimized)", "Plans": [{"Node Type": "Bitmap Index Scan", "Parent Relationship": "Outer", "Index Name": "idx_lineitem_shipdate", "Startup Cost": 0.0, "Total Cost": 380137.49, "Plan Rows": 1135757, "Plan Width": 0, "Index Cond": "((l_shipdate >= '1994-01-01 00:00:00'::timestamp(0) without time zone) AND (l_shipdate < '1995-01-01 00:00:00'::timestamp without time zone) AND (l_discount >= .05::double precision) AND (l_discount <= .07::double precision) AND (l_quantity < 24::double precision))"}]}]}, "Unique SQL Id": 4176715123, "Planner Runtime": 0}, "explain_analyze_plan": {"Plan": {"Node Type": "Aggregate", "Strategy": "Plain", "Startup Cost": 1813598.15, "Total Cost": 1813598.16, "Plan Rows": 1, "Plan Width": 24, "Actual Startup Time": 4235.455, "Actual Total Time": 4235.456, "Actual Rows": 1, "Actual Loops": 1, "Plans": [{"Node Type": "Bitmap Heap Scan", "Parent Relationship": "Outer", "Relation Name": "lineitem", "Alias": "lineitem", "Startup Cost": 380421.43, "Total Cost": 1807919.37, "Plan Rows": 1135757, "Plan Width": 16, "Actual Startup Time": 2209.192, "Actual Total Time": 3896.981, "Actual Rows": 1139264, "Actual Loops": 1, "Recheck Cond": "((l_shipdate >= '1994-01-01 00:00:00'::timestamp(0) without time zone) AND (l_shipdate < '1995-01-01 00:00:00'::timestamp without time zone) AND (l_discount >= .05::double precision) AND (l_discount <= .07::double precision) AND (l_quantity < 24::double precision)), (LLVM Optimized, Jit Execute)", "Rows Removed by Index Recheck": 0, "Exact Heap Blocks": 699048, "Lossy Heap Blocks": 699048, "Plans": [{"Node Type": "Bitmap Index Scan", "Parent Relationship": "Outer", "Index Name": "idx_lineitem_shipdate", "Startup Cost": 0.0, "Total Cost": 380137.49, "Plan Rows": 1135757, "Plan Width": 0, "Actual Startup Time": 1874.732, "Actual Total Time": 1874.732, "Actual Rows": 1139264, "Actual Loops": 1, "Index Cond": "((l_shipdate >= '1994-01-01 00:00:00'::timestamp(0) without time zone) AND (l_shipdate < '1995-01-01 00:00:00'::timestamp without time zone) AND (l_discount >= .05::double precision) AND (l_discount <= .07::double precision) AND (l_quantity < 24::double precision))"}]}]}, "Triggers": [], "Planner Runtime": 0, "Total Runtime": 4246.2, "Unique SQL Id": 4176715123}}, "(1, 88)": {"explain_plan": {"Plan": {"Node Type": "Aggregate", "Strategy": "Plain", "Startup Cost": 2770632.03, "Total Cost": 2770632.04, "Plan Rows": 1, "Plan Width": 24, "Plans": [{"Node Type": "Seq Scan", "Parent Relationship": "Outer", "Relation Name": "lineitem", "Alias": "lineitem", "Startup Cost": 111370.98, "Total Cost": 2764953.24, "Plan Rows": 1135757, "Plan Width": 16, "Filter": "((l_shipdate >= '1994-01-01 00:00:00'::timestamp(0) without time zone) AND (l_shipdate < '1995-01-01 00:00:00'::timestamp without time zone) AND (l_discount >= .05::double precision) AND (l_discount <= .07::double precision) AND (l_quantity < 24::double precision)), (LLVM Optimized)"}]}, "Unique SQL Id": 4176715123, "Planner Runtime": 0}, "explain_analyze_plan": null}, "(1, 89)": {"explain_plan": {"Plan": {"Node Type": "Aggregate", "Strategy": "Plain", "Startup Cost": 3639281.83, "Total Cost": 3639281.84, "Plan Rows": 1, "Plan Width": 24, "Plans": [{"Node Type": "Index Scan", "Parent Relationship": "Outer", "Scan Direction": "Forward", "Index Name": "idx_lineitem_shipdate", "Relation Name": "lineitem", "Alias": "lineitem", "Startup Cost": 0.0, "Total Cost": 3633603.05, "Plan Rows": 1135757, "Plan Width": 16, "Index Cond": "((l_shipdate >= '1994-01-01 00:00:00'::timestamp(0) without time zone) AND (l_shipdate < '1995-01-01 00:00:00'::timestamp without time zone) AND (l_discount >= .05::double precision) AND (l_discount <= .07::double precision) AND (l_quantity < 24::double precision)), (LLVM Optimized)"}]}, "Unique SQL Id": 4176715123, "Planner Runtime": 0}, "explain_analyze_plan": {"Plan": {"Node Type": "Aggregate", "Strategy": "Plain", "Startup Cost": 3639281.83, "Total Cost": 3639281.84, "Plan Rows": 1, "Plan Width": 24, "Actual Startup Time": 4487.753, "Actual Total Time": 4487.754, "Actual Rows": 1, "Actual Loops": 1, "Plans": [{"Node Type": "Index Scan", "Parent Relationship": "Outer", "Scan Direction": "Forward", "Index Name": "idx_lineitem_shipdate", "Relation Name": "lineitem", "Alias": "lineitem", "Startup Cost": 0.0, "Total Cost": 3633603.05, "Plan Rows": 1135757, "Plan Width": 16, "Actual Startup Time": 0.08, "Actual Total Time": 4140.241, "Actual Rows": 1139264, "Actual Loops": 1, "Index Cond": "((l_shipdate >= '1994-01-01 00:00:00'::timestamp(0) without time zone) AND (l_shipdate < '1995-01-01 00:00:00'::timestamp without time zone) AND (l_discount >= .05::double precision) AND (l_discount <= .07::double precision) AND (l_quantity < 24::double precision)), (LLVM Optimized, Jit Execute)", "Rows Removed by Index Recheck": 0}]}, "Triggers": [], "Planner Runtime": 0, "Total Runtime": 4497.762, "Unique SQL Id": 4176715123}}, "(1, 90)": {"explain_plan": {"Plan": {"Node Type": "Aggregate", "Strategy": "Plain", "Startup Cost": 2770632.03, "Total Cost": 2770632.04, "Plan Rows": 1, "Plan Width": 24, "Plans": [{"Node Type": "Seq Scan", "Parent Relationship": "Outer", "Relation Name": "lineitem", "Alias": "lineitem", "Startup Cost": 111370.98, "Total Cost": 2764953.24, "Plan Rows": 1135757, "Plan Width": 16, "Filter": "((l_shipdate >= '1994-01-01 00:00:00'::timestamp(0) without time zone) AND (l_shipdate < '1995-01-01 00:00:00'::timestamp without time zone) AND (l_discount >= .05::double precision) AND (l_discount <= .07::double precision) AND (l_quantity < 24::double precision)), (LLVM Optimized)"}]}, "Unique SQL Id": 4176715123, "Planner Runtime": 0}, "explain_analyze_plan": null}, "(1, 91)": {"explain_plan": {"Plan": {"Node Type": "Aggregate", "Strategy": "Plain", "Startup Cost": 1000276501003.04, "Total Cost": 1000276501003.05, "Plan Rows": 1, "Plan Width": 24, "Plans": [{"Node Type": "Seq Scan", "Parent Relationship": "Outer", "Relation Name": "lineitem", "Alias": "lineitem", "Startup Cost": 10000109520.02, "Total Cost": 1000276495324.25, "Plan Rows": 1135757, "Plan Width": 16, "Filter": "((l_shipdate >= '1994-01-01 00:00:00'::timestamp(0) without time zone) AND (l_shipdate < '1995-01-01 00:00:00'::timestamp without time zone) AND (l_discount >= .05::double precision) AND (l_discount <= .07::double precision) AND (l_quantity < 24::double precision)), (LLVM Optimized)"}]}, "Unique SQL Id": 4176715123, "Planner Runtime": 0}, "explain_analyze_plan": null}, "(1, 92)": {"explain_plan": {"Plan": {"Node Type": "Aggregate", "Strategy": "Plain", "Startup Cost": 2770632.03, "Total Cost": 2770632.04, "Plan Rows": 1, "Plan Width": 24, "Plans": [{"Node Type": "Seq Scan", "Parent Relationship": "Outer", "Relation Name": "lineitem", "Alias": "lineitem", "Startup Cost": 111370.98, "Total Cost": 2764953.24, "Plan Rows": 1135757, "Plan Width": 16, "Filter": "((l_shipdate >= '1994-01-01 00:00:00'::timestamp(0) without time zone) AND (l_shipdate < '1995-01-01 00:00:00'::timestamp without time zone) AND (l_discount >= .05::double precision) AND (l_discount <= .07::double precision) AND (l_quantity < 24::double precision)), (LLVM Optimized)"}]}, "Unique SQL Id": 4176715123, "Planner Runtime": 0}, "explain_analyze_plan": null}, "(1, 93)": {"explain_plan": {"Plan": {"Node Type": "Aggregate", "Strategy": "Plain", "Startup Cost": 3639281.83, "Total Cost": 3639281.84, "Plan Rows": 1, "Plan Width": 24, "Plans": [{"Node Type": "Index Scan", "Parent Relationship": "Outer", "Scan Direction": "Forward", "Index Name": "idx_lineitem_shipdate", "Relation Name": "lineitem", "Alias": "lineitem", "Startup Cost": 0.0, "Total Cost": 3633603.05, "Plan Rows": 1135757, "Plan Width": 16, "Index Cond": "((l_shipdate >= '1994-01-01 00:00:00'::timestamp(0) without time zone) AND (l_shipdate < '1995-01-01 00:00:00'::timestamp without time zone) AND (l_discount >= .05::double precision) AND (l_discount <= .07::double precision) AND (l_quantity < 24::double precision)), (LLVM Optimized)"}]}, "Unique SQL Id": 4176715123, "Planner Runtime": 0}, "explain_analyze_plan": {"Plan": {"Node Type": "Aggregate", "Strategy": "Plain", "Startup Cost": 3639281.83, "Total Cost": 3639281.84, "Plan Rows": 1, "Plan Width": 24, "Actual Startup Time": 4487.753, "Actual Total Time": 4487.754, "Actual Rows": 1, "Actual Loops": 1, "Plans": [{"Node Type": "Index Scan", "Parent Relationship": "Outer", "Scan Direction": "Forward", "Index Name": "idx_lineitem_shipdate", "Relation Name": "lineitem", "Alias": "lineitem", "Startup Cost": 0.0, "Total Cost": 3633603.05, "Plan Rows": 1135757, "Plan Width": 16, "Actual Startup Time": 0.08, "Actual Total Time": 4140.241, "Actual Rows": 1139264, "Actual Loops": 1, "Index Cond": "((l_shipdate >= '1994-01-01 00:00:00'::timestamp(0) without time zone) AND (l_shipdate < '1995-01-01 00:00:00'::timestamp without time zone) AND (l_discount >= .05::double precision) AND (l_discount <= .07::double precision) AND (l_quantity < 24::double precision)), (LLVM Optimized, Jit Execute)", "Rows Removed by Index Recheck": 0}]}, "Triggers": [], "Planner Runtime": 0, "Total Runtime": 4497.762, "Unique SQL Id": 4176715123}}, "(1, 94)": {"explain_plan": {"Plan": {"Node Type": "Aggregate", "Strategy": "Plain", "Startup Cost": 2770632.03, "Total Cost": 2770632.04, "Plan Rows": 1, "Plan Width": 24, "Plans": [{"Node Type": "Seq Scan", "Parent Relationship": "Outer", "Relation Name": "lineitem", "Alias": "lineitem", "Startup Cost": 111370.98, "Total Cost": 2764953.24, "Plan Rows": 1135757, "Plan Width": 16, "Filter": "((l_shipdate >= '1994-01-01 00:00:00'::timestamp(0) without time zone) AND (l_shipdate < '1995-01-01 00:00:00'::timestamp without time zone) AND (l_discount >= .05::double precision) AND (l_discount <= .07::double precision) AND (l_quantity < 24::double precision)), (LLVM Optimized)"}]}, "Unique SQL Id": 4176715123, "Planner Runtime": 0}, "explain_analyze_plan": null}, "(1, 95)": {"explain_plan": {"Plan": {"Node Type": "Aggregate", "Strategy": "Plain", "Startup Cost": 1000276501003.04, "Total Cost": 1000276501003.05, "Plan Rows": 1, "Plan Width": 24, "Plans": [{"Node Type": "Seq Scan", "Parent Relationship": "Outer", "Relation Name": "lineitem", "Alias": "lineitem", "Startup Cost": 10000109520.02, "Total Cost": 1000276495324.25, "Plan Rows": 1135757, "Plan Width": 16, "Filter": "((l_shipdate >= '1994-01-01 00:00:00'::timestamp(0) without time zone) AND (l_shipdate < '1995-01-01 00:00:00'::timestamp without time zone) AND (l_discount >= .05::double precision) AND (l_discount <= .07::double precision) AND (l_quantity < 24::double precision)), (LLVM Optimized)"}]}, "Unique SQL Id": 4176715123, "Planner Runtime": 0}, "explain_analyze_plan": null}, "(1, 96)": {"explain_plan": {"Plan": {"Node Type": "Aggregate", "Strategy": "Plain", "Startup Cost": 1813598.15, "Total Cost": 1813598.16, "Plan Rows": 1, "Plan Width": 24, "Plans": [{"Node Type": "Bitmap Heap Scan", "Parent Relationship": "Outer", "Relation Name": "lineitem", "Alias": "lineitem", "Startup Cost": 380421.43, "Total Cost": 1807919.37, "Plan Rows": 1135757, "Plan Width": 16, "Recheck Cond": "((l_shipdate >= '1994-01-01 00:00:00'::timestamp(0) without time zone) AND (l_shipdate < '1995-01-01 00:00:00'::timestamp without time zone) AND (l_discount >= .05::double precision) AND (l_discount <= .07::double precision) AND (l_quantity < 24::double precision)), (LLVM Optimized)", "Plans": [{"Node Type": "Bitmap Index Scan", "Parent Relationship": "Outer", "Index Name": "idx_lineitem_shipdate", "Startup Cost": 0.0, "Total Cost": 380137.49, "Plan Rows": 1135757, "Plan Width": 0, "Index Cond": "((l_shipdate >= '1994-01-01 00:00:00'::timestamp(0) without time zone) AND (l_shipdate < '1995-01-01 00:00:00'::timestamp without time zone) AND (l_discount >= .05::double precision) AND (l_discount <= .07::double precision) AND (l_quantity < 24::double precision))"}]}]}, "Unique SQL Id": 4176715123, "Planner Runtime": 0}, "explain_analyze_plan": {"Plan": {"Node Type": "Aggregate", "Strategy": "Plain", "Startup Cost": 1813598.15, "Total Cost": 1813598.16, "Plan Rows": 1, "Plan Width": 24, "Actual Startup Time": 4235.455, "Actual Total Time": 4235.456, "Actual Rows": 1, "Actual Loops": 1, "Plans": [{"Node Type": "Bitmap Heap Scan", "Parent Relationship": "Outer", "Relation Name": "lineitem", "Alias": "lineitem", "Startup Cost": 380421.43, "Total Cost": 1807919.37, "Plan Rows": 1135757, "Plan Width": 16, "Actual Startup Time": 2209.192, "Actual Total Time": 3896.981, "Actual Rows": 1139264, "Actual Loops": 1, "Recheck Cond": "((l_shipdate >= '1994-01-01 00:00:00'::timestamp(0) without time zone) AND (l_shipdate < '1995-01-01 00:00:00'::timestamp without time zone) AND (l_discount >= .05::double precision) AND (l_discount <= .07::double precision) AND (l_quantity < 24::double precision)), (LLVM Optimized, Jit Execute)", "Rows Removed by Index Recheck": 0, "Exact Heap Blocks": 699048, "Lossy Heap Blocks": 699048, "Plans": [{"Node Type": "Bitmap Index Scan", "Parent Relationship": "Outer", "Index Name": "idx_lineitem_shipdate", "Startup Cost": 0.0, "Total Cost": 380137.49, "Plan Rows": 1135757, "Plan Width": 0, "Actual Startup Time": 1874.732, "Actual Total Time": 1874.732, "Actual Rows": 1139264, "Actual Loops": 1, "Index Cond": "((l_shipdate >= '1994-01-01 00:00:00'::timestamp(0) without time zone) AND (l_shipdate < '1995-01-01 00:00:00'::timestamp without time zone) AND (l_discount >= .05::double precision) AND (l_discount <= .07::double precision) AND (l_quantity < 24::double precision))"}]}]}, "Triggers": [], "Planner Runtime": 0, "Total Runtime": 4246.2, "Unique SQL Id": 4176715123}}, "(1, 97)": {"explain_plan": {"Plan": {"Node Type": "Aggregate", "Strategy": "Plain", "Startup Cost": 1813598.15, "Total Cost": 1813598.16, "Plan Rows": 1, "Plan Width": 24, "Plans": [{"Node Type": "Bitmap Heap Scan", "Parent Relationship": "Outer", "Relation Name": "lineitem", "Alias": "lineitem", "Startup Cost": 380421.43, "Total Cost": 1807919.37, "Plan Rows": 1135757, "Plan Width": 16, "Recheck Cond": "((l_shipdate >= '1994-01-01 00:00:00'::timestamp(0) without time zone) AND (l_shipdate < '1995-01-01 00:00:00'::timestamp without time zone) AND (l_discount >= .05::double precision) AND (l_discount <= .07::double precision) AND (l_quantity < 24::double precision)), (LLVM Optimized)", "Plans": [{"Node Type": "Bitmap Index Scan", "Parent Relationship": "Outer", "Index Name": "idx_lineitem_shipdate", "Startup Cost": 0.0, "Total Cost": 380137.49, "Plan Rows": 1135757, "Plan Width": 0, "Index Cond": "((l_shipdate >= '1994-01-01 00:00:00'::timestamp(0) without time zone) AND (l_shipdate < '1995-01-01 00:00:00'::timestamp without time zone) AND (l_discount >= .05::double precision) AND (l_discount <= .07::double precision) AND (l_quantity < 24::double precision))"}]}]}, "Unique SQL Id": 4176715123, "Planner Runtime": 0}, "explain_analyze_plan": {"Plan": {"Node Type": "Aggregate", "Strategy": "Plain", "Startup Cost": 1813598.15, "Total Cost": 1813598.16, "Plan Rows": 1, "Plan Width": 24, "Actual Startup Time": 4235.455, "Actual Total Time": 4235.456, "Actual Rows": 1, "Actual Loops": 1, "Plans": [{"Node Type": "Bitmap Heap Scan", "Parent Relationship": "Outer", "Relation Name": "lineitem", "Alias": "lineitem", "Startup Cost": 380421.43, "Total Cost": 1807919.37, "Plan Rows": 1135757, "Plan Width": 16, "Actual Startup Time": 2209.192, "Actual Total Time": 3896.981, "Actual Rows": 1139264, "Actual Loops": 1, "Recheck Cond": "((l_shipdate >= '1994-01-01 00:00:00'::timestamp(0) without time zone) AND (l_shipdate < '1995-01-01 00:00:00'::timestamp without time zone) AND (l_discount >= .05::double precision) AND (l_discount <= .07::double precision) AND (l_quantity < 24::double precision)), (LLVM Optimized, Jit Execute)", "Rows Removed by Index Recheck": 0, "Exact Heap Blocks": 699048, "Lossy Heap Blocks": 699048, "Plans": [{"Node Type": "Bitmap Index Scan", "Parent Relationship": "Outer", "Index Name": "idx_lineitem_shipdate", "Startup Cost": 0.0, "Total Cost": 380137.49, "Plan Rows": 1135757, "Plan Width": 0, "Actual Startup Time": 1874.732, "Actual Total Time": 1874.732, "Actual Rows": 1139264, "Actual Loops": 1, "Index Cond": "((l_shipdate >= '1994-01-01 00:00:00'::timestamp(0) without time zone) AND (l_shipdate < '1995-01-01 00:00:00'::timestamp without time zone) AND (l_discount >= .05::double precision) AND (l_discount <= .07::double precision) AND (l_quantity < 24::double precision))"}]}]}, "Triggers": [], "Planner Runtime": 0, "Total Runtime": 4246.2, "Unique SQL Id": 4176715123}}, "(1, 98)": {"explain_plan": {"Plan": {"Node Type": "Aggregate", "Strategy": "Plain", "Startup Cost": 1813598.15, "Total Cost": 1813598.16, "Plan Rows": 1, "Plan Width": 24, "Plans": [{"Node Type": "Bitmap Heap Scan", "Parent Relationship": "Outer", "Relation Name": "lineitem", "Alias": "lineitem", "Startup Cost": 380421.43, "Total Cost": 1807919.37, "Plan Rows": 1135757, "Plan Width": 16, "Recheck Cond": "((l_shipdate >= '1994-01-01 00:00:00'::timestamp(0) without time zone) AND (l_shipdate < '1995-01-01 00:00:00'::timestamp without time zone) AND (l_discount >= .05::double precision) AND (l_discount <= .07::double precision) AND (l_quantity < 24::double precision)), (LLVM Optimized)", "Plans": [{"Node Type": "Bitmap Index Scan", "Parent Relationship": "Outer", "Index Name": "idx_lineitem_shipdate", "Startup Cost": 0.0, "Total Cost": 380137.49, "Plan Rows": 1135757, "Plan Width": 0, "Index Cond": "((l_shipdate >= '1994-01-01 00:00:00'::timestamp(0) without time zone) AND (l_shipdate < '1995-01-01 00:00:00'::timestamp without time zone) AND (l_discount >= .05::double precision) AND (l_discount <= .07::double precision) AND (l_quantity < 24::double precision))"}]}]}, "Unique SQL Id": 4176715123, "Planner Runtime": 0}, "explain_analyze_plan": {"Plan": {"Node Type": "Aggregate", "Strategy": "Plain", "Startup Cost": 1813598.15, "Total Cost": 1813598.16, "Plan Rows": 1, "Plan Width": 24, "Actual Startup Time": 4235.455, "Actual Total Time": 4235.456, "Actual Rows": 1, "Actual Loops": 1, "Plans": [{"Node Type": "Bitmap Heap Scan", "Parent Relationship": "Outer", "Relation Name": "lineitem", "Alias": "lineitem", "Startup Cost": 380421.43, "Total Cost": 1807919.37, "Plan Rows": 1135757, "Plan Width": 16, "Actual Startup Time": 2209.192, "Actual Total Time": 3896.981, "Actual Rows": 1139264, "Actual Loops": 1, "Recheck Cond": "((l_shipdate >= '1994-01-01 00:00:00'::timestamp(0) without time zone) AND (l_shipdate < '1995-01-01 00:00:00'::timestamp without time zone) AND (l_discount >= .05::double precision) AND (l_discount <= .07::double precision) AND (l_quantity < 24::double precision)), (LLVM Optimized, Jit Execute)", "Rows Removed by Index Recheck": 0, "Exact Heap Blocks": 699048, "Lossy Heap Blocks": 699048, "Plans": [{"Node Type": "Bitmap Index Scan", "Parent Relationship": "Outer", "Index Name": "idx_lineitem_shipdate", "Startup Cost": 0.0, "Total Cost": 380137.49, "Plan Rows": 1135757, "Plan Width": 0, "Actual Startup Time": 1874.732, "Actual Total Time": 1874.732, "Actual Rows": 1139264, "Actual Loops": 1, "Index Cond": "((l_shipdate >= '1994-01-01 00:00:00'::timestamp(0) without time zone) AND (l_shipdate < '1995-01-01 00:00:00'::timestamp without time zone) AND (l_discount >= .05::double precision) AND (l_discount <= .07::double precision) AND (l_quantity < 24::double precision))"}]}]}, "Triggers": [], "Planner Runtime": 0, "Total Runtime": 4246.2, "Unique SQL Id": 4176715123}}, "(1, 99)": {"explain_plan": {"Plan": {"Node Type": "Aggregate", "Strategy": "Plain", "Startup Cost": 1813598.15, "Total Cost": 1813598.16, "Plan Rows": 1, "Plan Width": 24, "Plans": [{"Node Type": "Bitmap Heap Scan", "Parent Relationship": "Outer", "Relation Name": "lineitem", "Alias": "lineitem", "Startup Cost": 380421.43, "Total Cost": 1807919.37, "Plan Rows": 1135757, "Plan Width": 16, "Recheck Cond": "((l_shipdate >= '1994-01-01 00:00:00'::timestamp(0) without time zone) AND (l_shipdate < '1995-01-01 00:00:00'::timestamp without time zone) AND (l_discount >= .05::double precision) AND (l_discount <= .07::double precision) AND (l_quantity < 24::double precision)), (LLVM Optimized)", "Plans": [{"Node Type": "Bitmap Index Scan", "Parent Relationship": "Outer", "Index Name": "idx_lineitem_shipdate", "Startup Cost": 0.0, "Total Cost": 380137.49, "Plan Rows": 1135757, "Plan Width": 0, "Index Cond": "((l_shipdate >= '1994-01-01 00:00:00'::timestamp(0) without time zone) AND (l_shipdate < '1995-01-01 00:00:00'::timestamp without time zone) AND (l_discount >= .05::double precision) AND (l_discount <= .07::double precision) AND (l_quantity < 24::double precision))"}]}]}, "Unique SQL Id": 4176715123, "Planner Runtime": 0}, "explain_analyze_plan": {"Plan": {"Node Type": "Aggregate", "Strategy": "Plain", "Startup Cost": 1813598.15, "Total Cost": 1813598.16, "Plan Rows": 1, "Plan Width": 24, "Actual Startup Time": 4235.455, "Actual Total Time": 4235.456, "Actual Rows": 1, "Actual Loops": 1, "Plans": [{"Node Type": "Bitmap Heap Scan", "Parent Relationship": "Outer", "Relation Name": "lineitem", "Alias": "lineitem", "Startup Cost": 380421.43, "Total Cost": 1807919.37, "Plan Rows": 1135757, "Plan Width": 16, "Actual Startup Time": 2209.192, "Actual Total Time": 3896.981, "Actual Rows": 1139264, "Actual Loops": 1, "Recheck Cond": "((l_shipdate >= '1994-01-01 00:00:00'::timestamp(0) without time zone) AND (l_shipdate < '1995-01-01 00:00:00'::timestamp without time zone) AND (l_discount >= .05::double precision) AND (l_discount <= .07::double precision) AND (l_quantity < 24::double precision)), (LLVM Optimized, Jit Execute)", "Rows Removed by Index Recheck": 0, "Exact Heap Blocks": 699048, "Lossy Heap Blocks": 699048, "Plans": [{"Node Type": "Bitmap Index Scan", "Parent Relationship": "Outer", "Index Name": "idx_lineitem_shipdate", "Startup Cost": 0.0, "Total Cost": 380137.49, "Plan Rows": 1135757, "Plan Width": 0, "Actual Startup Time": 1874.732, "Actual Total Time": 1874.732, "Actual Rows": 1139264, "Actual Loops": 1, "Index Cond": "((l_shipdate >= '1994-01-01 00:00:00'::timestamp(0) without time zone) AND (l_shipdate < '1995-01-01 00:00:00'::timestamp without time zone) AND (l_discount >= .05::double precision) AND (l_discount <= .07::double precision) AND (l_quantity < 24::double precision))"}]}]}, "Triggers": [], "Planner Runtime": 0, "Total Runtime": 4246.2, "Unique SQL Id": 4176715123}}, "(1, 100)": {"explain_plan": {"Plan": {"Node Type": "Aggregate", "Strategy": "Plain", "Startup Cost": 1813598.15, "Total Cost": 1813598.16, "Plan Rows": 1, "Plan Width": 24, "Plans": [{"Node Type": "Bitmap Heap Scan", "Parent Relationship": "Outer", "Relation Name": "lineitem", "Alias": "lineitem", "Startup Cost": 380421.43, "Total Cost": 1807919.37, "Plan Rows": 1135757, "Plan Width": 16, "Recheck Cond": "((l_shipdate >= '1994-01-01 00:00:00'::timestamp(0) without time zone) AND (l_shipdate < '1995-01-01 00:00:00'::timestamp without time zone) AND (l_discount >= .05::double precision) AND (l_discount <= .07::double precision) AND (l_quantity < 24::double precision)), (LLVM Optimized)", "Plans": [{"Node Type": "Bitmap Index Scan", "Parent Relationship": "Outer", "Index Name": "idx_lineitem_shipdate", "Startup Cost": 0.0, "Total Cost": 380137.49, "Plan Rows": 1135757, "Plan Width": 0, "Index Cond": "((l_shipdate >= '1994-01-01 00:00:00'::timestamp(0) without time zone) AND (l_shipdate < '1995-01-01 00:00:00'::timestamp without time zone) AND (l_discount >= .05::double precision) AND (l_discount <= .07::double precision) AND (l_quantity < 24::double precision))"}]}]}, "Unique SQL Id": 4176715123, "Planner Runtime": 0}, "explain_analyze_plan": {"Plan": {"Node Type": "Aggregate", "Strategy": "Plain", "Startup Cost": 1813598.15, "Total Cost": 1813598.16, "Plan Rows": 1, "Plan Width": 24, "Actual Startup Time": 4235.455, "Actual Total Time": 4235.456, "Actual Rows": 1, "Actual Loops": 1, "Plans": [{"Node Type": "Bitmap Heap Scan", "Parent Relationship": "Outer", "Relation Name": "lineitem", "Alias": "lineitem", "Startup Cost": 380421.43, "Total Cost": 1807919.37, "Plan Rows": 1135757, "Plan Width": 16, "Actual Startup Time": 2209.192, "Actual Total Time": 3896.981, "Actual Rows": 1139264, "Actual Loops": 1, "Recheck Cond": "((l_shipdate >= '1994-01-01 00:00:00'::timestamp(0) without time zone) AND (l_shipdate < '1995-01-01 00:00:00'::timestamp without time zone) AND (l_discount >= .05::double precision) AND (l_discount <= .07::double precision) AND (l_quantity < 24::double precision)), (LLVM Optimized, Jit Execute)", "Rows Removed by Index Recheck": 0, "Exact Heap Blocks": 699048, "Lossy Heap Blocks": 699048, "Plans": [{"Node Type": "Bitmap Index Scan", "Parent Relationship": "Outer", "Index Name": "idx_lineitem_shipdate", "Startup Cost": 0.0, "Total Cost": 380137.49, "Plan Rows": 1135757, "Plan Width": 0, "Actual Startup Time": 1874.732, "Actual Total Time": 1874.732, "Actual Rows": 1139264, "Actual Loops": 1, "Index Cond": "((l_shipdate >= '1994-01-01 00:00:00'::timestamp(0) without time zone) AND (l_shipdate < '1995-01-01 00:00:00'::timestamp without time zone) AND (l_discount >= .05::double precision) AND (l_discount <= .07::double precision) AND (l_quantity < 24::double precision))"}]}]}, "Triggers": [], "Planner Runtime": 0, "Total Runtime": 4246.2, "Unique SQL Id": 4176715123}}, "(1, 101)": {"explain_plan": {"Plan": {"Node Type": "Aggregate", "Strategy": "Plain", "Startup Cost": 1813598.15, "Total Cost": 1813598.16, "Plan Rows": 1, "Plan Width": 24, "Plans": [{"Node Type": "Bitmap Heap Scan", "Parent Relationship": "Outer", "Relation Name": "lineitem", "Alias": "lineitem", "Startup Cost": 380421.43, "Total Cost": 1807919.37, "Plan Rows": 1135757, "Plan Width": 16, "Recheck Cond": "((l_shipdate >= '1994-01-01 00:00:00'::timestamp(0) without time zone) AND (l_shipdate < '1995-01-01 00:00:00'::timestamp without time zone) AND (l_discount >= .05::double precision) AND (l_discount <= .07::double precision) AND (l_quantity < 24::double precision)), (LLVM Optimized)", "Plans": [{"Node Type": "Bitmap Index Scan", "Parent Relationship": "Outer", "Index Name": "idx_lineitem_shipdate", "Startup Cost": 0.0, "Total Cost": 380137.49, "Plan Rows": 1135757, "Plan Width": 0, "Index Cond": "((l_shipdate >= '1994-01-01 00:00:00'::timestamp(0) without time zone) AND (l_shipdate < '1995-01-01 00:00:00'::timestamp without time zone) AND (l_discount >= .05::double precision) AND (l_discount <= .07::double precision) AND (l_quantity < 24::double precision))"}]}]}, "Unique SQL Id": 4176715123, "Planner Runtime": 0}, "explain_analyze_plan": {"Plan": {"Node Type": "Aggregate", "Strategy": "Plain", "Startup Cost": 1813598.15, "Total Cost": 1813598.16, "Plan Rows": 1, "Plan Width": 24, "Actual Startup Time": 4235.455, "Actual Total Time": 4235.456, "Actual Rows": 1, "Actual Loops": 1, "Plans": [{"Node Type": "Bitmap Heap Scan", "Parent Relationship": "Outer", "Relation Name": "lineitem", "Alias": "lineitem", "Startup Cost": 380421.43, "Total Cost": 1807919.37, "Plan Rows": 1135757, "Plan Width": 16, "Actual Startup Time": 2209.192, "Actual Total Time": 3896.981, "Actual Rows": 1139264, "Actual Loops": 1, "Recheck Cond": "((l_shipdate >= '1994-01-01 00:00:00'::timestamp(0) without time zone) AND (l_shipdate < '1995-01-01 00:00:00'::timestamp without time zone) AND (l_discount >= .05::double precision) AND (l_discount <= .07::double precision) AND (l_quantity < 24::double precision)), (LLVM Optimized, Jit Execute)", "Rows Removed by Index Recheck": 0, "Exact Heap Blocks": 699048, "Lossy Heap Blocks": 699048, "Plans": [{"Node Type": "Bitmap Index Scan", "Parent Relationship": "Outer", "Index Name": "idx_lineitem_shipdate", "Startup Cost": 0.0, "Total Cost": 380137.49, "Plan Rows": 1135757, "Plan Width": 0, "Actual Startup Time": 1874.732, "Actual Total Time": 1874.732, "Actual Rows": 1139264, "Actual Loops": 1, "Index Cond": "((l_shipdate >= '1994-01-01 00:00:00'::timestamp(0) without time zone) AND (l_shipdate < '1995-01-01 00:00:00'::timestamp without time zone) AND (l_discount >= .05::double precision) AND (l_discount <= .07::double precision) AND (l_quantity < 24::double precision))"}]}]}, "Triggers": [], "Planner Runtime": 0, "Total Runtime": 4246.2, "Unique SQL Id": 4176715123}}, "(1, 102)": {"explain_plan": {"Plan": {"Node Type": "Aggregate", "Strategy": "Plain", "Startup Cost": 1813598.15, "Total Cost": 1813598.16, "Plan Rows": 1, "Plan Width": 24, "Plans": [{"Node Type": "Bitmap Heap Scan", "Parent Relationship": "Outer", "Relation Name": "lineitem", "Alias": "lineitem", "Startup Cost": 380421.43, "Total Cost": 1807919.37, "Plan Rows": 1135757, "Plan Width": 16, "Recheck Cond": "((l_shipdate >= '1994-01-01 00:00:00'::timestamp(0) without time zone) AND (l_shipdate < '1995-01-01 00:00:00'::timestamp without time zone) AND (l_discount >= .05::double precision) AND (l_discount <= .07::double precision) AND (l_quantity < 24::double precision)), (LLVM Optimized)", "Plans": [{"Node Type": "Bitmap Index Scan", "Parent Relationship": "Outer", "Index Name": "idx_lineitem_shipdate", "Startup Cost": 0.0, "Total Cost": 380137.49, "Plan Rows": 1135757, "Plan Width": 0, "Index Cond": "((l_shipdate >= '1994-01-01 00:00:00'::timestamp(0) without time zone) AND (l_shipdate < '1995-01-01 00:00:00'::timestamp without time zone) AND (l_discount >= .05::double precision) AND (l_discount <= .07::double precision) AND (l_quantity < 24::double precision))"}]}]}, "Unique SQL Id": 4176715123, "Planner Runtime": 0}, "explain_analyze_plan": {"Plan": {"Node Type": "Aggregate", "Strategy": "Plain", "Startup Cost": 1813598.15, "Total Cost": 1813598.16, "Plan Rows": 1, "Plan Width": 24, "Actual Startup Time": 4235.455, "Actual Total Time": 4235.456, "Actual Rows": 1, "Actual Loops": 1, "Plans": [{"Node Type": "Bitmap Heap Scan", "Parent Relationship": "Outer", "Relation Name": "lineitem", "Alias": "lineitem", "Startup Cost": 380421.43, "Total Cost": 1807919.37, "Plan Rows": 1135757, "Plan Width": 16, "Actual Startup Time": 2209.192, "Actual Total Time": 3896.981, "Actual Rows": 1139264, "Actual Loops": 1, "Recheck Cond": "((l_shipdate >= '1994-01-01 00:00:00'::timestamp(0) without time zone) AND (l_shipdate < '1995-01-01 00:00:00'::timestamp without time zone) AND (l_discount >= .05::double precision) AND (l_discount <= .07::double precision) AND (l_quantity < 24::double precision)), (LLVM Optimized, Jit Execute)", "Rows Removed by Index Recheck": 0, "Exact Heap Blocks": 699048, "Lossy Heap Blocks": 699048, "Plans": [{"Node Type": "Bitmap Index Scan", "Parent Relationship": "Outer", "Index Name": "idx_lineitem_shipdate", "Startup Cost": 0.0, "Total Cost": 380137.49, "Plan Rows": 1135757, "Plan Width": 0, "Actual Startup Time": 1874.732, "Actual Total Time": 1874.732, "Actual Rows": 1139264, "Actual Loops": 1, "Index Cond": "((l_shipdate >= '1994-01-01 00:00:00'::timestamp(0) without time zone) AND (l_shipdate < '1995-01-01 00:00:00'::timestamp without time zone) AND (l_discount >= .05::double precision) AND (l_discount <= .07::double precision) AND (l_quantity < 24::double precision))"}]}]}, "Triggers": [], "Planner Runtime": 0, "Total Runtime": 4246.2, "Unique SQL Id": 4176715123}}, "(1, 103)": {"explain_plan": {"Plan": {"Node Type": "Aggregate", "Strategy": "Plain", "Startup Cost": 1813598.15, "Total Cost": 1813598.16, "Plan Rows": 1, "Plan Width": 24, "Plans": [{"Node Type": "Bitmap Heap Scan", "Parent Relationship": "Outer", "Relation Name": "lineitem", "Alias": "lineitem", "Startup Cost": 380421.43, "Total Cost": 1807919.37, "Plan Rows": 1135757, "Plan Width": 16, "Recheck Cond": "((l_shipdate >= '1994-01-01 00:00:00'::timestamp(0) without time zone) AND (l_shipdate < '1995-01-01 00:00:00'::timestamp without time zone) AND (l_discount >= .05::double precision) AND (l_discount <= .07::double precision) AND (l_quantity < 24::double precision)), (LLVM Optimized)", "Plans": [{"Node Type": "Bitmap Index Scan", "Parent Relationship": "Outer", "Index Name": "idx_lineitem_shipdate", "Startup Cost": 0.0, "Total Cost": 380137.49, "Plan Rows": 1135757, "Plan Width": 0, "Index Cond": "((l_shipdate >= '1994-01-01 00:00:00'::timestamp(0) without time zone) AND (l_shipdate < '1995-01-01 00:00:00'::timestamp without time zone) AND (l_discount >= .05::double precision) AND (l_discount <= .07::double precision) AND (l_quantity < 24::double precision))"}]}]}, "Unique SQL Id": 4176715123, "Planner Runtime": 0}, "explain_analyze_plan": {"Plan": {"Node Type": "Aggregate", "Strategy": "Plain", "Startup Cost": 1813598.15, "Total Cost": 1813598.16, "Plan Rows": 1, "Plan Width": 24, "Actual Startup Time": 4235.455, "Actual Total Time": 4235.456, "Actual Rows": 1, "Actual Loops": 1, "Plans": [{"Node Type": "Bitmap Heap Scan", "Parent Relationship": "Outer", "Relation Name": "lineitem", "Alias": "lineitem", "Startup Cost": 380421.43, "Total Cost": 1807919.37, "Plan Rows": 1135757, "Plan Width": 16, "Actual Startup Time": 2209.192, "Actual Total Time": 3896.981, "Actual Rows": 1139264, "Actual Loops": 1, "Recheck Cond": "((l_shipdate >= '1994-01-01 00:00:00'::timestamp(0) without time zone) AND (l_shipdate < '1995-01-01 00:00:00'::timestamp without time zone) AND (l_discount >= .05::double precision) AND (l_discount <= .07::double precision) AND (l_quantity < 24::double precision)), (LLVM Optimized, Jit Execute)", "Rows Removed by Index Recheck": 0, "Exact Heap Blocks": 699048, "Lossy Heap Blocks": 699048, "Plans": [{"Node Type": "Bitmap Index Scan", "Parent Relationship": "Outer", "Index Name": "idx_lineitem_shipdate", "Startup Cost": 0.0, "Total Cost": 380137.49, "Plan Rows": 1135757, "Plan Width": 0, "Actual Startup Time": 1874.732, "Actual Total Time": 1874.732, "Actual Rows": 1139264, "Actual Loops": 1, "Index Cond": "((l_shipdate >= '1994-01-01 00:00:00'::timestamp(0) without time zone) AND (l_shipdate < '1995-01-01 00:00:00'::timestamp without time zone) AND (l_discount >= .05::double precision) AND (l_discount <= .07::double precision) AND (l_quantity < 24::double precision))"}]}]}, "Triggers": [], "Planner Runtime": 0, "Total Runtime": 4246.2, "Unique SQL Id": 4176715123}}, "(1, 104)": {"explain_plan": {"Plan": {"Node Type": "Aggregate", "Strategy": "Plain", "Startup Cost": 2770632.03, "Total Cost": 2770632.04, "Plan Rows": 1, "Plan Width": 24, "Plans": [{"Node Type": "Seq Scan", "Parent Relationship": "Outer", "Relation Name": "lineitem", "Alias": "lineitem", "Startup Cost": 111370.98, "Total Cost": 2764953.24, "Plan Rows": 1135757, "Plan Width": 16, "Filter": "((l_shipdate >= '1994-01-01 00:00:00'::timestamp(0) without time zone) AND (l_shipdate < '1995-01-01 00:00:00'::timestamp without time zone) AND (l_discount >= .05::double precision) AND (l_discount <= .07::double precision) AND (l_quantity < 24::double precision)), (LLVM Optimized)"}]}, "Unique SQL Id": 4176715123, "Planner Runtime": 0}, "explain_analyze_plan": null}, "(1, 105)": {"explain_plan": {"Plan": {"Node Type": "Aggregate", "Strategy": "Plain", "Startup Cost": 3639281.83, "Total Cost": 3639281.84, "Plan Rows": 1, "Plan Width": 24, "Plans": [{"Node Type": "Index Scan", "Parent Relationship": "Outer", "Scan Direction": "Forward", "Index Name": "idx_lineitem_shipdate", "Relation Name": "lineitem", "Alias": "lineitem", "Startup Cost": 0.0, "Total Cost": 3633603.05, "Plan Rows": 1135757, "Plan Width": 16, "Index Cond": "((l_shipdate >= '1994-01-01 00:00:00'::timestamp(0) without time zone) AND (l_shipdate < '1995-01-01 00:00:00'::timestamp without time zone) AND (l_discount >= .05::double precision) AND (l_discount <= .07::double precision) AND (l_quantity < 24::double precision)), (LLVM Optimized)"}]}, "Unique SQL Id": 4176715123, "Planner Runtime": 0}, "explain_analyze_plan": {"Plan": {"Node Type": "Aggregate", "Strategy": "Plain", "Startup Cost": 3639281.83, "Total Cost": 3639281.84, "Plan Rows": 1, "Plan Width": 24, "Actual Startup Time": 4487.753, "Actual Total Time": 4487.754, "Actual Rows": 1, "Actual Loops": 1, "Plans": [{"Node Type": "Index Scan", "Parent Relationship": "Outer", "Scan Direction": "Forward", "Index Name": "idx_lineitem_shipdate", "Relation Name": "lineitem", "Alias": "lineitem", "Startup Cost": 0.0, "Total Cost": 3633603.05, "Plan Rows": 1135757, "Plan Width": 16, "Actual Startup Time": 0.08, "Actual Total Time": 4140.241, "Actual Rows": 1139264, "Actual Loops": 1, "Index Cond": "((l_shipdate >= '1994-01-01 00:00:00'::timestamp(0) without time zone) AND (l_shipdate < '1995-01-01 00:00:00'::timestamp without time zone) AND (l_discount >= .05::double precision) AND (l_discount <= .07::double precision) AND (l_quantity < 24::double precision)), (LLVM Optimized, Jit Execute)", "Rows Removed by Index Recheck": 0}]}, "Triggers": [], "Planner Runtime": 0, "Total Runtime": 4497.762, "Unique SQL Id": 4176715123}}, "(1, 106)": {"explain_plan": {"Plan": {"Node Type": "Aggregate", "Strategy": "Plain", "Startup Cost": 2770632.03, "Total Cost": 2770632.04, "Plan Rows": 1, "Plan Width": 24, "Plans": [{"Node Type": "Seq Scan", "Parent Relationship": "Outer", "Relation Name": "lineitem", "Alias": "lineitem", "Startup Cost": 111370.98, "Total Cost": 2764953.24, "Plan Rows": 1135757, "Plan Width": 16, "Filter": "((l_shipdate >= '1994-01-01 00:00:00'::timestamp(0) without time zone) AND (l_shipdate < '1995-01-01 00:00:00'::timestamp without time zone) AND (l_discount >= .05::double precision) AND (l_discount <= .07::double precision) AND (l_quantity < 24::double precision)), (LLVM Optimized)"}]}, "Unique SQL Id": 4176715123, "Planner Runtime": 0}, "explain_analyze_plan": null}, "(1, 107)": {"explain_plan": {"Plan": {"Node Type": "Aggregate", "Strategy": "Plain", "Startup Cost": 1000276501003.04, "Total Cost": 1000276501003.05, "Plan Rows": 1, "Plan Width": 24, "Plans": [{"Node Type": "Seq Scan", "Parent Relationship": "Outer", "Relation Name": "lineitem", "Alias": "lineitem", "Startup Cost": 10000109520.02, "Total Cost": 1000276495324.25, "Plan Rows": 1135757, "Plan Width": 16, "Filter": "((l_shipdate >= '1994-01-01 00:00:00'::timestamp(0) without time zone) AND (l_shipdate < '1995-01-01 00:00:00'::timestamp without time zone) AND (l_discount >= .05::double precision) AND (l_discount <= .07::double precision) AND (l_quantity < 24::double precision)), (LLVM Optimized)"}]}, "Unique SQL Id": 4176715123, "Planner Runtime": 0}, "explain_analyze_plan": null}, "(1, 108)": {"explain_plan": {"Plan": {"Node Type": "Aggregate", "Strategy": "Plain", "Startup Cost": 2770632.03, "Total Cost": 2770632.04, "Plan Rows": 1, "Plan Width": 24, "Plans": [{"Node Type": "Seq Scan", "Parent Relationship": "Outer", "Relation Name": "lineitem", "Alias": "lineitem", "Startup Cost": 111370.98, "Total Cost": 2764953.24, "Plan Rows": 1135757, "Plan Width": 16, "Filter": "((l_shipdate >= '1994-01-01 00:00:00'::timestamp(0) without time zone) AND (l_shipdate < '1995-01-01 00:00:00'::timestamp without time zone) AND (l_discount >= .05::double precision) AND (l_discount <= .07::double precision) AND (l_quantity < 24::double precision)), (LLVM Optimized)"}]}, "Unique SQL Id": 4176715123, "Planner Runtime": 0}, "explain_analyze_plan": null}, "(1, 109)": {"explain_plan": {"Plan": {"Node Type": "Aggregate", "Strategy": "Plain", "Startup Cost": 3639281.83, "Total Cost": 3639281.84, "Plan Rows": 1, "Plan Width": 24, "Plans": [{"Node Type": "Index Scan", "Parent Relationship": "Outer", "Scan Direction": "Forward", "Index Name": "idx_lineitem_shipdate", "Relation Name": "lineitem", "Alias": "lineitem", "Startup Cost": 0.0, "Total Cost": 3633603.05, "Plan Rows": 1135757, "Plan Width": 16, "Index Cond": "((l_shipdate >= '1994-01-01 00:00:00'::timestamp(0) without time zone) AND (l_shipdate < '1995-01-01 00:00:00'::timestamp without time zone) AND (l_discount >= .05::double precision) AND (l_discount <= .07::double precision) AND (l_quantity < 24::double precision)), (LLVM Optimized)"}]}, "Unique SQL Id": 4176715123, "Planner Runtime": 0}, "explain_analyze_plan": {"Plan": {"Node Type": "Aggregate", "Strategy": "Plain", "Startup Cost": 3639281.83, "Total Cost": 3639281.84, "Plan Rows": 1, "Plan Width": 24, "Actual Startup Time": 4487.753, "Actual Total Time": 4487.754, "Actual Rows": 1, "Actual Loops": 1, "Plans": [{"Node Type": "Index Scan", "Parent Relationship": "Outer", "Scan Direction": "Forward", "Index Name": "idx_lineitem_shipdate", "Relation Name": "lineitem", "Alias": "lineitem", "Startup Cost": 0.0, "Total Cost": 3633603.05, "Plan Rows": 1135757, "Plan Width": 16, "Actual Startup Time": 0.08, "Actual Total Time": 4140.241, "Actual Rows": 1139264, "Actual Loops": 1, "Index Cond": "((l_shipdate >= '1994-01-01 00:00:00'::timestamp(0) without time zone) AND (l_shipdate < '1995-01-01 00:00:00'::timestamp without time zone) AND (l_discount >= .05::double precision) AND (l_discount <= .07::double precision) AND (l_quantity < 24::double precision)), (LLVM Optimized, Jit Execute)", "Rows Removed by Index Recheck": 0}]}, "Triggers": [], "Planner Runtime": 0, "Total Runtime": 4497.762, "Unique SQL Id": 4176715123}}, "(1, 110)": {"explain_plan": {"Plan": {"Node Type": "Aggregate", "Strategy": "Plain", "Startup Cost": 2770632.03, "Total Cost": 2770632.04, "Plan Rows": 1, "Plan Width": 24, "Plans": [{"Node Type": "Seq Scan", "Parent Relationship": "Outer", "Relation Name": "lineitem", "Alias": "lineitem", "Startup Cost": 111370.98, "Total Cost": 2764953.24, "Plan Rows": 1135757, "Plan Width": 16, "Filter": "((l_shipdate >= '1994-01-01 00:00:00'::timestamp(0) without time zone) AND (l_shipdate < '1995-01-01 00:00:00'::timestamp without time zone) AND (l_discount >= .05::double precision) AND (l_discount <= .07::double precision) AND (l_quantity < 24::double precision)), (LLVM Optimized)"}]}, "Unique SQL Id": 4176715123, "Planner Runtime": 0}, "explain_analyze_plan": null}, "(1, 111)": {"explain_plan": {"Plan": {"Node Type": "Aggregate", "Strategy": "Plain", "Startup Cost": 1000276501003.04, "Total Cost": 1000276501003.05, "Plan Rows": 1, "Plan Width": 24, "Plans": [{"Node Type": "Seq Scan", "Parent Relationship": "Outer", "Relation Name": "lineitem", "Alias": "lineitem", "Startup Cost": 10000109520.02, "Total Cost": 1000276495324.25, "Plan Rows": 1135757, "Plan Width": 16, "Filter": "((l_shipdate >= '1994-01-01 00:00:00'::timestamp(0) without time zone) AND (l_shipdate < '1995-01-01 00:00:00'::timestamp without time zone) AND (l_discount >= .05::double precision) AND (l_discount <= .07::double precision) AND (l_quantity < 24::double precision)), (LLVM Optimized)"}]}, "Unique SQL Id": 4176715123, "Planner Runtime": 0}, "explain_analyze_plan": null}, "(1, 112)": {"explain_plan": {"Plan": {"Node Type": "Aggregate", "Strategy": "Plain", "Startup Cost": 1813598.15, "Total Cost": 1813598.16, "Plan Rows": 1, "Plan Width": 24, "Plans": [{"Node Type": "Bitmap Heap Scan", "Parent Relationship": "Outer", "Relation Name": "lineitem", "Alias": "lineitem", "Startup Cost": 380421.43, "Total Cost": 1807919.37, "Plan Rows": 1135757, "Plan Width": 16, "Recheck Cond": "((l_shipdate >= '1994-01-01 00:00:00'::timestamp(0) without time zone) AND (l_shipdate < '1995-01-01 00:00:00'::timestamp without time zone) AND (l_discount >= .05::double precision) AND (l_discount <= .07::double precision) AND (l_quantity < 24::double precision)), (LLVM Optimized)", "Plans": [{"Node Type": "Bitmap Index Scan", "Parent Relationship": "Outer", "Index Name": "idx_lineitem_shipdate", "Startup Cost": 0.0, "Total Cost": 380137.49, "Plan Rows": 1135757, "Plan Width": 0, "Index Cond": "((l_shipdate >= '1994-01-01 00:00:00'::timestamp(0) without time zone) AND (l_shipdate < '1995-01-01 00:00:00'::timestamp without time zone) AND (l_discount >= .05::double precision) AND (l_discount <= .07::double precision) AND (l_quantity < 24::double precision))"}]}]}, "Unique SQL Id": 4176715123, "Planner Runtime": 0}, "explain_analyze_plan": {"Plan": {"Node Type": "Aggregate", "Strategy": "Plain", "Startup Cost": 1813598.15, "Total Cost": 1813598.16, "Plan Rows": 1, "Plan Width": 24, "Actual Startup Time": 4235.455, "Actual Total Time": 4235.456, "Actual Rows": 1, "Actual Loops": 1, "Plans": [{"Node Type": "Bitmap Heap Scan", "Parent Relationship": "Outer", "Relation Name": "lineitem", "Alias": "lineitem", "Startup Cost": 380421.43, "Total Cost": 1807919.37, "Plan Rows": 1135757, "Plan Width": 16, "Actual Startup Time": 2209.192, "Actual Total Time": 3896.981, "Actual Rows": 1139264, "Actual Loops": 1, "Recheck Cond": "((l_shipdate >= '1994-01-01 00:00:00'::timestamp(0) without time zone) AND (l_shipdate < '1995-01-01 00:00:00'::timestamp without time zone) AND (l_discount >= .05::double precision) AND (l_discount <= .07::double precision) AND (l_quantity < 24::double precision)), (LLVM Optimized, Jit Execute)", "Rows Removed by Index Recheck": 0, "Exact Heap Blocks": 699048, "Lossy Heap Blocks": 699048, "Plans": [{"Node Type": "Bitmap Index Scan", "Parent Relationship": "Outer", "Index Name": "idx_lineitem_shipdate", "Startup Cost": 0.0, "Total Cost": 380137.49, "Plan Rows": 1135757, "Plan Width": 0, "Actual Startup Time": 1874.732, "Actual Total Time": 1874.732, "Actual Rows": 1139264, "Actual Loops": 1, "Index Cond": "((l_shipdate >= '1994-01-01 00:00:00'::timestamp(0) without time zone) AND (l_shipdate < '1995-01-01 00:00:00'::timestamp without time zone) AND (l_discount >= .05::double precision) AND (l_discount <= .07::double precision) AND (l_quantity < 24::double precision))"}]}]}, "Triggers": [], "Planner Runtime": 0, "Total Runtime": 4246.2, "Unique SQL Id": 4176715123}}, "(1, 113)": {"explain_plan": {"Plan": {"Node Type": "Aggregate", "Strategy": "Plain", "Startup Cost": 1813598.15, "Total Cost": 1813598.16, "Plan Rows": 1, "Plan Width": 24, "Plans": [{"Node Type": "Bitmap Heap Scan", "Parent Relationship": "Outer", "Relation Name": "lineitem", "Alias": "lineitem", "Startup Cost": 380421.43, "Total Cost": 1807919.37, "Plan Rows": 1135757, "Plan Width": 16, "Recheck Cond": "((l_shipdate >= '1994-01-01 00:00:00'::timestamp(0) without time zone) AND (l_shipdate < '1995-01-01 00:00:00'::timestamp without time zone) AND (l_discount >= .05::double precision) AND (l_discount <= .07::double precision) AND (l_quantity < 24::double precision)), (LLVM Optimized)", "Plans": [{"Node Type": "Bitmap Index Scan", "Parent Relationship": "Outer", "Index Name": "idx_lineitem_shipdate", "Startup Cost": 0.0, "Total Cost": 380137.49, "Plan Rows": 1135757, "Plan Width": 0, "Index Cond": "((l_shipdate >= '1994-01-01 00:00:00'::timestamp(0) without time zone) AND (l_shipdate < '1995-01-01 00:00:00'::timestamp without time zone) AND (l_discount >= .05::double precision) AND (l_discount <= .07::double precision) AND (l_quantity < 24::double precision))"}]}]}, "Unique SQL Id": 4176715123, "Planner Runtime": 0}, "explain_analyze_plan": {"Plan": {"Node Type": "Aggregate", "Strategy": "Plain", "Startup Cost": 1813598.15, "Total Cost": 1813598.16, "Plan Rows": 1, "Plan Width": 24, "Actual Startup Time": 4235.455, "Actual Total Time": 4235.456, "Actual Rows": 1, "Actual Loops": 1, "Plans": [{"Node Type": "Bitmap Heap Scan", "Parent Relationship": "Outer", "Relation Name": "lineitem", "Alias": "lineitem", "Startup Cost": 380421.43, "Total Cost": 1807919.37, "Plan Rows": 1135757, "Plan Width": 16, "Actual Startup Time": 2209.192, "Actual Total Time": 3896.981, "Actual Rows": 1139264, "Actual Loops": 1, "Recheck Cond": "((l_shipdate >= '1994-01-01 00:00:00'::timestamp(0) without time zone) AND (l_shipdate < '1995-01-01 00:00:00'::timestamp without time zone) AND (l_discount >= .05::double precision) AND (l_discount <= .07::double precision) AND (l_quantity < 24::double precision)), (LLVM Optimized, Jit Execute)", "Rows Removed by Index Recheck": 0, "Exact Heap Blocks": 699048, "Lossy Heap Blocks": 699048, "Plans": [{"Node Type": "Bitmap Index Scan", "Parent Relationship": "Outer", "Index Name": "idx_lineitem_shipdate", "Startup Cost": 0.0, "Total Cost": 380137.49, "Plan Rows": 1135757, "Plan Width": 0, "Actual Startup Time": 1874.732, "Actual Total Time": 1874.732, "Actual Rows": 1139264, "Actual Loops": 1, "Index Cond": "((l_shipdate >= '1994-01-01 00:00:00'::timestamp(0) without time zone) AND (l_shipdate < '1995-01-01 00:00:00'::timestamp without time zone) AND (l_discount >= .05::double precision) AND (l_discount <= .07::double precision) AND (l_quantity < 24::double precision))"}]}]}, "Triggers": [], "Planner Runtime": 0, "Total Runtime": 4246.2, "Unique SQL Id": 4176715123}}, "(1, 114)": {"explain_plan": {"Plan": {"Node Type": "Aggregate", "Strategy": "Plain", "Startup Cost": 1813598.15, "Total Cost": 1813598.16, "Plan Rows": 1, "Plan Width": 24, "Plans": [{"Node Type": "Bitmap Heap Scan", "Parent Relationship": "Outer", "Relation Name": "lineitem", "Alias": "lineitem", "Startup Cost": 380421.43, "Total Cost": 1807919.37, "Plan Rows": 1135757, "Plan Width": 16, "Recheck Cond": "((l_shipdate >= '1994-01-01 00:00:00'::timestamp(0) without time zone) AND (l_shipdate < '1995-01-01 00:00:00'::timestamp without time zone) AND (l_discount >= .05::double precision) AND (l_discount <= .07::double precision) AND (l_quantity < 24::double precision)), (LLVM Optimized)", "Plans": [{"Node Type": "Bitmap Index Scan", "Parent Relationship": "Outer", "Index Name": "idx_lineitem_shipdate", "Startup Cost": 0.0, "Total Cost": 380137.49, "Plan Rows": 1135757, "Plan Width": 0, "Index Cond": "((l_shipdate >= '1994-01-01 00:00:00'::timestamp(0) without time zone) AND (l_shipdate < '1995-01-01 00:00:00'::timestamp without time zone) AND (l_discount >= .05::double precision) AND (l_discount <= .07::double precision) AND (l_quantity < 24::double precision))"}]}]}, "Unique SQL Id": 4176715123, "Planner Runtime": 0}, "explain_analyze_plan": {"Plan": {"Node Type": "Aggregate", "Strategy": "Plain", "Startup Cost": 1813598.15, "Total Cost": 1813598.16, "Plan Rows": 1, "Plan Width": 24, "Actual Startup Time": 4235.455, "Actual Total Time": 4235.456, "Actual Rows": 1, "Actual Loops": 1, "Plans": [{"Node Type": "Bitmap Heap Scan", "Parent Relationship": "Outer", "Relation Name": "lineitem", "Alias": "lineitem", "Startup Cost": 380421.43, "Total Cost": 1807919.37, "Plan Rows": 1135757, "Plan Width": 16, "Actual Startup Time": 2209.192, "Actual Total Time": 3896.981, "Actual Rows": 1139264, "Actual Loops": 1, "Recheck Cond": "((l_shipdate >= '1994-01-01 00:00:00'::timestamp(0) without time zone) AND (l_shipdate < '1995-01-01 00:00:00'::timestamp without time zone) AND (l_discount >= .05::double precision) AND (l_discount <= .07::double precision) AND (l_quantity < 24::double precision)), (LLVM Optimized, Jit Execute)", "Rows Removed by Index Recheck": 0, "Exact Heap Blocks": 699048, "Lossy Heap Blocks": 699048, "Plans": [{"Node Type": "Bitmap Index Scan", "Parent Relationship": "Outer", "Index Name": "idx_lineitem_shipdate", "Startup Cost": 0.0, "Total Cost": 380137.49, "Plan Rows": 1135757, "Plan Width": 0, "Actual Startup Time": 1874.732, "Actual Total Time": 1874.732, "Actual Rows": 1139264, "Actual Loops": 1, "Index Cond": "((l_shipdate >= '1994-01-01 00:00:00'::timestamp(0) without time zone) AND (l_shipdate < '1995-01-01 00:00:00'::timestamp without time zone) AND (l_discount >= .05::double precision) AND (l_discount <= .07::double precision) AND (l_quantity < 24::double precision))"}]}]}, "Triggers": [], "Planner Runtime": 0, "Total Runtime": 4246.2, "Unique SQL Id": 4176715123}}, "(1, 115)": {"explain_plan": {"Plan": {"Node Type": "Aggregate", "Strategy": "Plain", "Startup Cost": 1813598.15, "Total Cost": 1813598.16, "Plan Rows": 1, "Plan Width": 24, "Plans": [{"Node Type": "Bitmap Heap Scan", "Parent Relationship": "Outer", "Relation Name": "lineitem", "Alias": "lineitem", "Startup Cost": 380421.43, "Total Cost": 1807919.37, "Plan Rows": 1135757, "Plan Width": 16, "Recheck Cond": "((l_shipdate >= '1994-01-01 00:00:00'::timestamp(0) without time zone) AND (l_shipdate < '1995-01-01 00:00:00'::timestamp without time zone) AND (l_discount >= .05::double precision) AND (l_discount <= .07::double precision) AND (l_quantity < 24::double precision)), (LLVM Optimized)", "Plans": [{"Node Type": "Bitmap Index Scan", "Parent Relationship": "Outer", "Index Name": "idx_lineitem_shipdate", "Startup Cost": 0.0, "Total Cost": 380137.49, "Plan Rows": 1135757, "Plan Width": 0, "Index Cond": "((l_shipdate >= '1994-01-01 00:00:00'::timestamp(0) without time zone) AND (l_shipdate < '1995-01-01 00:00:00'::timestamp without time zone) AND (l_discount >= .05::double precision) AND (l_discount <= .07::double precision) AND (l_quantity < 24::double precision))"}]}]}, "Unique SQL Id": 4176715123, "Planner Runtime": 0}, "explain_analyze_plan": {"Plan": {"Node Type": "Aggregate", "Strategy": "Plain", "Startup Cost": 1813598.15, "Total Cost": 1813598.16, "Plan Rows": 1, "Plan Width": 24, "Actual Startup Time": 4235.455, "Actual Total Time": 4235.456, "Actual Rows": 1, "Actual Loops": 1, "Plans": [{"Node Type": "Bitmap Heap Scan", "Parent Relationship": "Outer", "Relation Name": "lineitem", "Alias": "lineitem", "Startup Cost": 380421.43, "Total Cost": 1807919.37, "Plan Rows": 1135757, "Plan Width": 16, "Actual Startup Time": 2209.192, "Actual Total Time": 3896.981, "Actual Rows": 1139264, "Actual Loops": 1, "Recheck Cond": "((l_shipdate >= '1994-01-01 00:00:00'::timestamp(0) without time zone) AND (l_shipdate < '1995-01-01 00:00:00'::timestamp without time zone) AND (l_discount >= .05::double precision) AND (l_discount <= .07::double precision) AND (l_quantity < 24::double precision)), (LLVM Optimized, Jit Execute)", "Rows Removed by Index Recheck": 0, "Exact Heap Blocks": 699048, "Lossy Heap Blocks": 699048, "Plans": [{"Node Type": "Bitmap Index Scan", "Parent Relationship": "Outer", "Index Name": "idx_lineitem_shipdate", "Startup Cost": 0.0, "Total Cost": 380137.49, "Plan Rows": 1135757, "Plan Width": 0, "Actual Startup Time": 1874.732, "Actual Total Time": 1874.732, "Actual Rows": 1139264, "Actual Loops": 1, "Index Cond": "((l_shipdate >= '1994-01-01 00:00:00'::timestamp(0) without time zone) AND (l_shipdate < '1995-01-01 00:00:00'::timestamp without time zone) AND (l_discount >= .05::double precision) AND (l_discount <= .07::double precision) AND (l_quantity < 24::double precision))"}]}]}, "Triggers": [], "Planner Runtime": 0, "Total Runtime": 4246.2, "Unique SQL Id": 4176715123}}, "(1, 116)": {"explain_plan": {"Plan": {"Node Type": "Aggregate", "Strategy": "Plain", "Startup Cost": 1813598.15, "Total Cost": 1813598.16, "Plan Rows": 1, "Plan Width": 24, "Plans": [{"Node Type": "Bitmap Heap Scan", "Parent Relationship": "Outer", "Relation Name": "lineitem", "Alias": "lineitem", "Startup Cost": 380421.43, "Total Cost": 1807919.37, "Plan Rows": 1135757, "Plan Width": 16, "Recheck Cond": "((l_shipdate >= '1994-01-01 00:00:00'::timestamp(0) without time zone) AND (l_shipdate < '1995-01-01 00:00:00'::timestamp without time zone) AND (l_discount >= .05::double precision) AND (l_discount <= .07::double precision) AND (l_quantity < 24::double precision)), (LLVM Optimized)", "Plans": [{"Node Type": "Bitmap Index Scan", "Parent Relationship": "Outer", "Index Name": "idx_lineitem_shipdate", "Startup Cost": 0.0, "Total Cost": 380137.49, "Plan Rows": 1135757, "Plan Width": 0, "Index Cond": "((l_shipdate >= '1994-01-01 00:00:00'::timestamp(0) without time zone) AND (l_shipdate < '1995-01-01 00:00:00'::timestamp without time zone) AND (l_discount >= .05::double precision) AND (l_discount <= .07::double precision) AND (l_quantity < 24::double precision))"}]}]}, "Unique SQL Id": 4176715123, "Planner Runtime": 0}, "explain_analyze_plan": {"Plan": {"Node Type": "Aggregate", "Strategy": "Plain", "Startup Cost": 1813598.15, "Total Cost": 1813598.16, "Plan Rows": 1, "Plan Width": 24, "Actual Startup Time": 4235.455, "Actual Total Time": 4235.456, "Actual Rows": 1, "Actual Loops": 1, "Plans": [{"Node Type": "Bitmap Heap Scan", "Parent Relationship": "Outer", "Relation Name": "lineitem", "Alias": "lineitem", "Startup Cost": 380421.43, "Total Cost": 1807919.37, "Plan Rows": 1135757, "Plan Width": 16, "Actual Startup Time": 2209.192, "Actual Total Time": 3896.981, "Actual Rows": 1139264, "Actual Loops": 1, "Recheck Cond": "((l_shipdate >= '1994-01-01 00:00:00'::timestamp(0) without time zone) AND (l_shipdate < '1995-01-01 00:00:00'::timestamp without time zone) AND (l_discount >= .05::double precision) AND (l_discount <= .07::double precision) AND (l_quantity < 24::double precision)), (LLVM Optimized, Jit Execute)", "Rows Removed by Index Recheck": 0, "Exact Heap Blocks": 699048, "Lossy Heap Blocks": 699048, "Plans": [{"Node Type": "Bitmap Index Scan", "Parent Relationship": "Outer", "Index Name": "idx_lineitem_shipdate", "Startup Cost": 0.0, "Total Cost": 380137.49, "Plan Rows": 1135757, "Plan Width": 0, "Actual Startup Time": 1874.732, "Actual Total Time": 1874.732, "Actual Rows": 1139264, "Actual Loops": 1, "Index Cond": "((l_shipdate >= '1994-01-01 00:00:00'::timestamp(0) without time zone) AND (l_shipdate < '1995-01-01 00:00:00'::timestamp without time zone) AND (l_discount >= .05::double precision) AND (l_discount <= .07::double precision) AND (l_quantity < 24::double precision))"}]}]}, "Triggers": [], "Planner Runtime": 0, "Total Runtime": 4246.2, "Unique SQL Id": 4176715123}}, "(1, 117)": {"explain_plan": {"Plan": {"Node Type": "Aggregate", "Strategy": "Plain", "Startup Cost": 1813598.15, "Total Cost": 1813598.16, "Plan Rows": 1, "Plan Width": 24, "Plans": [{"Node Type": "Bitmap Heap Scan", "Parent Relationship": "Outer", "Relation Name": "lineitem", "Alias": "lineitem", "Startup Cost": 380421.43, "Total Cost": 1807919.37, "Plan Rows": 1135757, "Plan Width": 16, "Recheck Cond": "((l_shipdate >= '1994-01-01 00:00:00'::timestamp(0) without time zone) AND (l_shipdate < '1995-01-01 00:00:00'::timestamp without time zone) AND (l_discount >= .05::double precision) AND (l_discount <= .07::double precision) AND (l_quantity < 24::double precision)), (LLVM Optimized)", "Plans": [{"Node Type": "Bitmap Index Scan", "Parent Relationship": "Outer", "Index Name": "idx_lineitem_shipdate", "Startup Cost": 0.0, "Total Cost": 380137.49, "Plan Rows": 1135757, "Plan Width": 0, "Index Cond": "((l_shipdate >= '1994-01-01 00:00:00'::timestamp(0) without time zone) AND (l_shipdate < '1995-01-01 00:00:00'::timestamp without time zone) AND (l_discount >= .05::double precision) AND (l_discount <= .07::double precision) AND (l_quantity < 24::double precision))"}]}]}, "Unique SQL Id": 4176715123, "Planner Runtime": 0}, "explain_analyze_plan": {"Plan": {"Node Type": "Aggregate", "Strategy": "Plain", "Startup Cost": 1813598.15, "Total Cost": 1813598.16, "Plan Rows": 1, "Plan Width": 24, "Actual Startup Time": 4235.455, "Actual Total Time": 4235.456, "Actual Rows": 1, "Actual Loops": 1, "Plans": [{"Node Type": "Bitmap Heap Scan", "Parent Relationship": "Outer", "Relation Name": "lineitem", "Alias": "lineitem", "Startup Cost": 380421.43, "Total Cost": 1807919.37, "Plan Rows": 1135757, "Plan Width": 16, "Actual Startup Time": 2209.192, "Actual Total Time": 3896.981, "Actual Rows": 1139264, "Actual Loops": 1, "Recheck Cond": "((l_shipdate >= '1994-01-01 00:00:00'::timestamp(0) without time zone) AND (l_shipdate < '1995-01-01 00:00:00'::timestamp without time zone) AND (l_discount >= .05::double precision) AND (l_discount <= .07::double precision) AND (l_quantity < 24::double precision)), (LLVM Optimized, Jit Execute)", "Rows Removed by Index Recheck": 0, "Exact Heap Blocks": 699048, "Lossy Heap Blocks": 699048, "Plans": [{"Node Type": "Bitmap Index Scan", "Parent Relationship": "Outer", "Index Name": "idx_lineitem_shipdate", "Startup Cost": 0.0, "Total Cost": 380137.49, "Plan Rows": 1135757, "Plan Width": 0, "Actual Startup Time": 1874.732, "Actual Total Time": 1874.732, "Actual Rows": 1139264, "Actual Loops": 1, "Index Cond": "((l_shipdate >= '1994-01-01 00:00:00'::timestamp(0) without time zone) AND (l_shipdate < '1995-01-01 00:00:00'::timestamp without time zone) AND (l_discount >= .05::double precision) AND (l_discount <= .07::double precision) AND (l_quantity < 24::double precision))"}]}]}, "Triggers": [], "Planner Runtime": 0, "Total Runtime": 4246.2, "Unique SQL Id": 4176715123}}, "(1, 118)": {"explain_plan": {"Plan": {"Node Type": "Aggregate", "Strategy": "Plain", "Startup Cost": 1813598.15, "Total Cost": 1813598.16, "Plan Rows": 1, "Plan Width": 24, "Plans": [{"Node Type": "Bitmap Heap Scan", "Parent Relationship": "Outer", "Relation Name": "lineitem", "Alias": "lineitem", "Startup Cost": 380421.43, "Total Cost": 1807919.37, "Plan Rows": 1135757, "Plan Width": 16, "Recheck Cond": "((l_shipdate >= '1994-01-01 00:00:00'::timestamp(0) without time zone) AND (l_shipdate < '1995-01-01 00:00:00'::timestamp without time zone) AND (l_discount >= .05::double precision) AND (l_discount <= .07::double precision) AND (l_quantity < 24::double precision)), (LLVM Optimized)", "Plans": [{"Node Type": "Bitmap Index Scan", "Parent Relationship": "Outer", "Index Name": "idx_lineitem_shipdate", "Startup Cost": 0.0, "Total Cost": 380137.49, "Plan Rows": 1135757, "Plan Width": 0, "Index Cond": "((l_shipdate >= '1994-01-01 00:00:00'::timestamp(0) without time zone) AND (l_shipdate < '1995-01-01 00:00:00'::timestamp without time zone) AND (l_discount >= .05::double precision) AND (l_discount <= .07::double precision) AND (l_quantity < 24::double precision))"}]}]}, "Unique SQL Id": 4176715123, "Planner Runtime": 0}, "explain_analyze_plan": {"Plan": {"Node Type": "Aggregate", "Strategy": "Plain", "Startup Cost": 1813598.15, "Total Cost": 1813598.16, "Plan Rows": 1, "Plan Width": 24, "Actual Startup Time": 4235.455, "Actual Total Time": 4235.456, "Actual Rows": 1, "Actual Loops": 1, "Plans": [{"Node Type": "Bitmap Heap Scan", "Parent Relationship": "Outer", "Relation Name": "lineitem", "Alias": "lineitem", "Startup Cost": 380421.43, "Total Cost": 1807919.37, "Plan Rows": 1135757, "Plan Width": 16, "Actual Startup Time": 2209.192, "Actual Total Time": 3896.981, "Actual Rows": 1139264, "Actual Loops": 1, "Recheck Cond": "((l_shipdate >= '1994-01-01 00:00:00'::timestamp(0) without time zone) AND (l_shipdate < '1995-01-01 00:00:00'::timestamp without time zone) AND (l_discount >= .05::double precision) AND (l_discount <= .07::double precision) AND (l_quantity < 24::double precision)), (LLVM Optimized, Jit Execute)", "Rows Removed by Index Recheck": 0, "Exact Heap Blocks": 699048, "Lossy Heap Blocks": 699048, "Plans": [{"Node Type": "Bitmap Index Scan", "Parent Relationship": "Outer", "Index Name": "idx_lineitem_shipdate", "Startup Cost": 0.0, "Total Cost": 380137.49, "Plan Rows": 1135757, "Plan Width": 0, "Actual Startup Time": 1874.732, "Actual Total Time": 1874.732, "Actual Rows": 1139264, "Actual Loops": 1, "Index Cond": "((l_shipdate >= '1994-01-01 00:00:00'::timestamp(0) without time zone) AND (l_shipdate < '1995-01-01 00:00:00'::timestamp without time zone) AND (l_discount >= .05::double precision) AND (l_discount <= .07::double precision) AND (l_quantity < 24::double precision))"}]}]}, "Triggers": [], "Planner Runtime": 0, "Total Runtime": 4246.2, "Unique SQL Id": 4176715123}}, "(1, 119)": {"explain_plan": {"Plan": {"Node Type": "Aggregate", "Strategy": "Plain", "Startup Cost": 1813598.15, "Total Cost": 1813598.16, "Plan Rows": 1, "Plan Width": 24, "Plans": [{"Node Type": "Bitmap Heap Scan", "Parent Relationship": "Outer", "Relation Name": "lineitem", "Alias": "lineitem", "Startup Cost": 380421.43, "Total Cost": 1807919.37, "Plan Rows": 1135757, "Plan Width": 16, "Recheck Cond": "((l_shipdate >= '1994-01-01 00:00:00'::timestamp(0) without time zone) AND (l_shipdate < '1995-01-01 00:00:00'::timestamp without time zone) AND (l_discount >= .05::double precision) AND (l_discount <= .07::double precision) AND (l_quantity < 24::double precision)), (LLVM Optimized)", "Plans": [{"Node Type": "Bitmap Index Scan", "Parent Relationship": "Outer", "Index Name": "idx_lineitem_shipdate", "Startup Cost": 0.0, "Total Cost": 380137.49, "Plan Rows": 1135757, "Plan Width": 0, "Index Cond": "((l_shipdate >= '1994-01-01 00:00:00'::timestamp(0) without time zone) AND (l_shipdate < '1995-01-01 00:00:00'::timestamp without time zone) AND (l_discount >= .05::double precision) AND (l_discount <= .07::double precision) AND (l_quantity < 24::double precision))"}]}]}, "Unique SQL Id": 4176715123, "Planner Runtime": 0}, "explain_analyze_plan": {"Plan": {"Node Type": "Aggregate", "Strategy": "Plain", "Startup Cost": 1813598.15, "Total Cost": 1813598.16, "Plan Rows": 1, "Plan Width": 24, "Actual Startup Time": 4235.455, "Actual Total Time": 4235.456, "Actual Rows": 1, "Actual Loops": 1, "Plans": [{"Node Type": "Bitmap Heap Scan", "Parent Relationship": "Outer", "Relation Name": "lineitem", "Alias": "lineitem", "Startup Cost": 380421.43, "Total Cost": 1807919.37, "Plan Rows": 1135757, "Plan Width": 16, "Actual Startup Time": 2209.192, "Actual Total Time": 3896.981, "Actual Rows": 1139264, "Actual Loops": 1, "Recheck Cond": "((l_shipdate >= '1994-01-01 00:00:00'::timestamp(0) without time zone) AND (l_shipdate < '1995-01-01 00:00:00'::timestamp without time zone) AND (l_discount >= .05::double precision) AND (l_discount <= .07::double precision) AND (l_quantity < 24::double precision)), (LLVM Optimized, Jit Execute)", "Rows Removed by Index Recheck": 0, "Exact Heap Blocks": 699048, "Lossy Heap Blocks": 699048, "Plans": [{"Node Type": "Bitmap Index Scan", "Parent Relationship": "Outer", "Index Name": "idx_lineitem_shipdate", "Startup Cost": 0.0, "Total Cost": 380137.49, "Plan Rows": 1135757, "Plan Width": 0, "Actual Startup Time": 1874.732, "Actual Total Time": 1874.732, "Actual Rows": 1139264, "Actual Loops": 1, "Index Cond": "((l_shipdate >= '1994-01-01 00:00:00'::timestamp(0) without time zone) AND (l_shipdate < '1995-01-01 00:00:00'::timestamp without time zone) AND (l_discount >= .05::double precision) AND (l_discount <= .07::double precision) AND (l_quantity < 24::double precision))"}]}]}, "Triggers": [], "Planner Runtime": 0, "Total Runtime": 4246.2, "Unique SQL Id": 4176715123}}, "(1, 120)": {"explain_plan": {"Plan": {"Node Type": "Aggregate", "Strategy": "Plain", "Startup Cost": 2770632.03, "Total Cost": 2770632.04, "Plan Rows": 1, "Plan Width": 24, "Plans": [{"Node Type": "Seq Scan", "Parent Relationship": "Outer", "Relation Name": "lineitem", "Alias": "lineitem", "Startup Cost": 111370.98, "Total Cost": 2764953.24, "Plan Rows": 1135757, "Plan Width": 16, "Filter": "((l_shipdate >= '1994-01-01 00:00:00'::timestamp(0) without time zone) AND (l_shipdate < '1995-01-01 00:00:00'::timestamp without time zone) AND (l_discount >= .05::double precision) AND (l_discount <= .07::double precision) AND (l_quantity < 24::double precision)), (LLVM Optimized)"}]}, "Unique SQL Id": 4176715123, "Planner Runtime": 0}, "explain_analyze_plan": null}, "(1, 121)": {"explain_plan": {"Plan": {"Node Type": "Aggregate", "Strategy": "Plain", "Startup Cost": 3639281.83, "Total Cost": 3639281.84, "Plan Rows": 1, "Plan Width": 24, "Plans": [{"Node Type": "Index Scan", "Parent Relationship": "Outer", "Scan Direction": "Forward", "Index Name": "idx_lineitem_shipdate", "Relation Name": "lineitem", "Alias": "lineitem", "Startup Cost": 0.0, "Total Cost": 3633603.05, "Plan Rows": 1135757, "Plan Width": 16, "Index Cond": "((l_shipdate >= '1994-01-01 00:00:00'::timestamp(0) without time zone) AND (l_shipdate < '1995-01-01 00:00:00'::timestamp without time zone) AND (l_discount >= .05::double precision) AND (l_discount <= .07::double precision) AND (l_quantity < 24::double precision)), (LLVM Optimized)"}]}, "Unique SQL Id": 4176715123, "Planner Runtime": 0}, "explain_analyze_plan": {"Plan": {"Node Type": "Aggregate", "Strategy": "Plain", "Startup Cost": 3639281.83, "Total Cost": 3639281.84, "Plan Rows": 1, "Plan Width": 24, "Actual Startup Time": 4487.753, "Actual Total Time": 4487.754, "Actual Rows": 1, "Actual Loops": 1, "Plans": [{"Node Type": "Index Scan", "Parent Relationship": "Outer", "Scan Direction": "Forward", "Index Name": "idx_lineitem_shipdate", "Relation Name": "lineitem", "Alias": "lineitem", "Startup Cost": 0.0, "Total Cost": 3633603.05, "Plan Rows": 1135757, "Plan Width": 16, "Actual Startup Time": 0.08, "Actual Total Time": 4140.241, "Actual Rows": 1139264, "Actual Loops": 1, "Index Cond": "((l_shipdate >= '1994-01-01 00:00:00'::timestamp(0) without time zone) AND (l_shipdate < '1995-01-01 00:00:00'::timestamp without time zone) AND (l_discount >= .05::double precision) AND (l_discount <= .07::double precision) AND (l_quantity < 24::double precision)), (LLVM Optimized, Jit Execute)", "Rows Removed by Index Recheck": 0}]}, "Triggers": [], "Planner Runtime": 0, "Total Runtime": 4497.762, "Unique SQL Id": 4176715123}}, "(1, 122)": {"explain_plan": {"Plan": {"Node Type": "Aggregate", "Strategy": "Plain", "Startup Cost": 2770632.03, "Total Cost": 2770632.04, "Plan Rows": 1, "Plan Width": 24, "Plans": [{"Node Type": "Seq Scan", "Parent Relationship": "Outer", "Relation Name": "lineitem", "Alias": "lineitem", "Startup Cost": 111370.98, "Total Cost": 2764953.24, "Plan Rows": 1135757, "Plan Width": 16, "Filter": "((l_shipdate >= '1994-01-01 00:00:00'::timestamp(0) without time zone) AND (l_shipdate < '1995-01-01 00:00:00'::timestamp without time zone) AND (l_discount >= .05::double precision) AND (l_discount <= .07::double precision) AND (l_quantity < 24::double precision)), (LLVM Optimized)"}]}, "Unique SQL Id": 4176715123, "Planner Runtime": 0}, "explain_analyze_plan": null}, "(1, 123)": {"explain_plan": {"Plan": {"Node Type": "Aggregate", "Strategy": "Plain", "Startup Cost": 1000276501003.04, "Total Cost": 1000276501003.05, "Plan Rows": 1, "Plan Width": 24, "Plans": [{"Node Type": "Seq Scan", "Parent Relationship": "Outer", "Relation Name": "lineitem", "Alias": "lineitem", "Startup Cost": 10000109520.02, "Total Cost": 1000276495324.25, "Plan Rows": 1135757, "Plan Width": 16, "Filter": "((l_shipdate >= '1994-01-01 00:00:00'::timestamp(0) without time zone) AND (l_shipdate < '1995-01-01 00:00:00'::timestamp without time zone) AND (l_discount >= .05::double precision) AND (l_discount <= .07::double precision) AND (l_quantity < 24::double precision)), (LLVM Optimized)"}]}, "Unique SQL Id": 4176715123, "Planner Runtime": 0}, "explain_analyze_plan": null}, "(1, 124)": {"explain_plan": {"Plan": {"Node Type": "Aggregate", "Strategy": "Plain", "Startup Cost": 2770632.03, "Total Cost": 2770632.04, "Plan Rows": 1, "Plan Width": 24, "Plans": [{"Node Type": "Seq Scan", "Parent Relationship": "Outer", "Relation Name": "lineitem", "Alias": "lineitem", "Startup Cost": 111370.98, "Total Cost": 2764953.24, "Plan Rows": 1135757, "Plan Width": 16, "Filter": "((l_shipdate >= '1994-01-01 00:00:00'::timestamp(0) without time zone) AND (l_shipdate < '1995-01-01 00:00:00'::timestamp without time zone) AND (l_discount >= .05::double precision) AND (l_discount <= .07::double precision) AND (l_quantity < 24::double precision)), (LLVM Optimized)"}]}, "Unique SQL Id": 4176715123, "Planner Runtime": 0}, "explain_analyze_plan": null}, "(1, 125)": {"explain_plan": {"Plan": {"Node Type": "Aggregate", "Strategy": "Plain", "Startup Cost": 3639281.83, "Total Cost": 3639281.84, "Plan Rows": 1, "Plan Width": 24, "Plans": [{"Node Type": "Index Scan", "Parent Relationship": "Outer", "Scan Direction": "Forward", "Index Name": "idx_lineitem_shipdate", "Relation Name": "lineitem", "Alias": "lineitem", "Startup Cost": 0.0, "Total Cost": 3633603.05, "Plan Rows": 1135757, "Plan Width": 16, "Index Cond": "((l_shipdate >= '1994-01-01 00:00:00'::timestamp(0) without time zone) AND (l_shipdate < '1995-01-01 00:00:00'::timestamp without time zone) AND (l_discount >= .05::double precision) AND (l_discount <= .07::double precision) AND (l_quantity < 24::double precision)), (LLVM Optimized)"}]}, "Unique SQL Id": 4176715123, "Planner Runtime": 0}, "explain_analyze_plan": {"Plan": {"Node Type": "Aggregate", "Strategy": "Plain", "Startup Cost": 3639281.83, "Total Cost": 3639281.84, "Plan Rows": 1, "Plan Width": 24, "Actual Startup Time": 4487.753, "Actual Total Time": 4487.754, "Actual Rows": 1, "Actual Loops": 1, "Plans": [{"Node Type": "Index Scan", "Parent Relationship": "Outer", "Scan Direction": "Forward", "Index Name": "idx_lineitem_shipdate", "Relation Name": "lineitem", "Alias": "lineitem", "Startup Cost": 0.0, "Total Cost": 3633603.05, "Plan Rows": 1135757, "Plan Width": 16, "Actual Startup Time": 0.08, "Actual Total Time": 4140.241, "Actual Rows": 1139264, "Actual Loops": 1, "Index Cond": "((l_shipdate >= '1994-01-01 00:00:00'::timestamp(0) without time zone) AND (l_shipdate < '1995-01-01 00:00:00'::timestamp without time zone) AND (l_discount >= .05::double precision) AND (l_discount <= .07::double precision) AND (l_quantity < 24::double precision)), (LLVM Optimized, Jit Execute)", "Rows Removed by Index Recheck": 0}]}, "Triggers": [], "Planner Runtime": 0, "Total Runtime": 4497.762, "Unique SQL Id": 4176715123}}, "(1, 126)": {"explain_plan": {"Plan": {"Node Type": "Aggregate", "Strategy": "Plain", "Startup Cost": 2770632.03, "Total Cost": 2770632.04, "Plan Rows": 1, "Plan Width": 24, "Plans": [{"Node Type": "Seq Scan", "Parent Relationship": "Outer", "Relation Name": "lineitem", "Alias": "lineitem", "Startup Cost": 111370.98, "Total Cost": 2764953.24, "Plan Rows": 1135757, "Plan Width": 16, "Filter": "((l_shipdate >= '1994-01-01 00:00:00'::timestamp(0) without time zone) AND (l_shipdate < '1995-01-01 00:00:00'::timestamp without time zone) AND (l_discount >= .05::double precision) AND (l_discount <= .07::double precision) AND (l_quantity < 24::double precision)), (LLVM Optimized)"}]}, "Unique SQL Id": 4176715123, "Planner Runtime": 0}, "explain_analyze_plan": null}, "(1, 127)": {"explain_plan": {"Plan": {"Node Type": "Aggregate", "Strategy": "Plain", "Startup Cost": 1000276501003.04, "Total Cost": 1000276501003.05, "Plan Rows": 1, "Plan Width": 24, "Plans": [{"Node Type": "Seq Scan", "Parent Relationship": "Outer", "Relation Name": "lineitem", "Alias": "lineitem", "Startup Cost": 10000109520.02, "Total Cost": 1000276495324.25, "Plan Rows": 1135757, "Plan Width": 16, "Filter": "((l_shipdate >= '1994-01-01 00:00:00'::timestamp(0) without time zone) AND (l_shipdate < '1995-01-01 00:00:00'::timestamp without time zone) AND (l_discount >= .05::double precision) AND (l_discount <= .07::double precision) AND (l_quantity < 24::double precision)), (LLVM Optimized)"}]}, "Unique SQL Id": 4176715123, "Planner Runtime": 0}, "explain_analyze_plan": null}, "(16, 0)": {"explain_plan": {"Plan": {"Node Type": "Aggregate", "Strategy": "Plain", "Startup Cost": 1813598.15, "Total Cost": 1813598.16, "Plan Rows": 1, "Plan Width": 24, "Plans": [{"Node Type": "Bitmap Heap Scan", "Parent Relationship": "Outer", "Relation Name": "lineitem", "Alias": "lineitem", "Startup Cost": 380421.43, "Total Cost": 1807919.37, "Plan Rows": 1135757, "Plan Width": 16, "Recheck Cond": "((l_shipdate >= '1994-01-01 00:00:00'::timestamp(0) without time zone) AND (l_shipdate < '1995-01-01 00:00:00'::timestamp without time zone) AND (l_discount >= .05::double precision) AND (l_discount <= .07::double precision) AND (l_quantity < 24::double precision)), (LLVM Optimized)", "Plans": [{"Node Type": "Bitmap Index Scan", "Parent Relationship": "Outer", "Index Name": "idx_lineitem_shipdate", "Startup Cost": 0.0, "Total Cost": 380137.49, "Plan Rows": 1135757, "Plan Width": 0, "Index Cond": "((l_shipdate >= '1994-01-01 00:00:00'::timestamp(0) without time zone) AND (l_shipdate < '1995-01-01 00:00:00'::timestamp without time zone) AND (l_discount >= .05::double precision) AND (l_discount <= .07::double precision) AND (l_quantity < 24::double precision))"}]}]}, "Unique SQL Id": 4176715123, "Planner Runtime": 0}, "explain_analyze_plan": {"Plan": {"Node Type": "Aggregate", "Strategy": "Plain", "Startup Cost": 1813598.15, "Total Cost": 1813598.16, "Plan Rows": 1, "Plan Width": 24, "Actual Startup Time": 4423.886, "Actual Total Time": 4423.886, "Actual Rows": 1, "Actual Loops": 1, "Plans": [{"Node Type": "Bitmap Heap Scan", "Parent Relationship": "Outer", "Relation Name": "lineitem", "Alias": "lineitem", "Startup Cost": 380421.43, "Total Cost": 1807919.37, "Plan Rows": 1135757, "Plan Width": 16, "Actual Startup Time": 2158.948, "Actual Total Time": 4085.414, "Actual Rows": 1139264, "Actual Loops": 1, "Recheck Cond": "((l_shipdate >= '1994-01-01 00:00:00'::timestamp(0) without time zone) AND (l_shipdate < '1995-01-01 00:00:00'::timestamp without time zone) AND (l_discount >= .05::double precision) AND (l_discount <= .07::double precision) AND (l_quantity < 24::double precision)), (LLVM Optimized, Jit Execute)", "Rows Removed by Index Recheck": 0, "Exact Heap Blocks": 699048, "Lossy Heap Blocks": 699048, "Plans": [{"Node Type": "Bitmap Index Scan", "Parent Relationship": "Outer", "Index Name": "idx_lineitem_shipdate", "Startup Cost": 0.0, "Total Cost": 380137.49, "Plan Rows": 1135757, "Plan Width": 0, "Actual Startup Time": 1833.734, "Actual Total Time": 1833.734, "Actual Rows": 1139264, "Actual Loops": 1, "Index Cond": "((l_shipdate >= '1994-01-01 00:00:00'::timestamp(0) without time zone) AND (l_shipdate < '1995-01-01 00:00:00'::timestamp without time zone) AND (l_discount >= .05::double precision) AND (l_discount <= .07::double precision) AND (l_quantity < 24::double precision))"}]}]}, "Triggers": [], "Planner Runtime": 0, "Total Runtime": 4434.671, "Unique SQL Id": 4176715123}}, "(16, 1)": {"explain_plan": {"Plan": {"Node Type": "Aggregate", "Strategy": "Plain", "Startup Cost": 1813598.15, "Total Cost": 1813598.16, "Plan Rows": 1, "Plan Width": 24, "Plans": [{"Node Type": "Bitmap Heap Scan", "Parent Relationship": "Outer", "Relation Name": "lineitem", "Alias": "lineitem", "Startup Cost": 380421.43, "Total Cost": 1807919.37, "Plan Rows": 1135757, "Plan Width": 16, "Recheck Cond": "((l_shipdate >= '1994-01-01 00:00:00'::timestamp(0) without time zone) AND (l_shipdate < '1995-01-01 00:00:00'::timestamp without time zone) AND (l_discount >= .05::double precision) AND (l_discount <= .07::double precision) AND (l_quantity < 24::double precision)), (LLVM Optimized)", "Plans": [{"Node Type": "Bitmap Index Scan", "Parent Relationship": "Outer", "Index Name": "idx_lineitem_shipdate", "Startup Cost": 0.0, "Total Cost": 380137.49, "Plan Rows": 1135757, "Plan Width": 0, "Index Cond": "((l_shipdate >= '1994-01-01 00:00:00'::timestamp(0) without time zone) AND (l_shipdate < '1995-01-01 00:00:00'::timestamp without time zone) AND (l_discount >= .05::double precision) AND (l_discount <= .07::double precision) AND (l_quantity < 24::double precision))"}]}]}, "Unique SQL Id": 4176715123, "Planner Runtime": 0}, "explain_analyze_plan": {"Plan": {"Node Type": "Aggregate", "Strategy": "Plain", "Startup Cost": 1813598.15, "Total Cost": 1813598.16, "Plan Rows": 1, "Plan Width": 24, "Actual Startup Time": 4423.886, "Actual Total Time": 4423.886, "Actual Rows": 1, "Actual Loops": 1, "Plans": [{"Node Type": "Bitmap Heap Scan", "Parent Relationship": "Outer", "Relation Name": "lineitem", "Alias": "lineitem", "Startup Cost": 380421.43, "Total Cost": 1807919.37, "Plan Rows": 1135757, "Plan Width": 16, "Actual Startup Time": 2158.948, "Actual Total Time": 4085.414, "Actual Rows": 1139264, "Actual Loops": 1, "Recheck Cond": "((l_shipdate >= '1994-01-01 00:00:00'::timestamp(0) without time zone) AND (l_shipdate < '1995-01-01 00:00:00'::timestamp without time zone) AND (l_discount >= .05::double precision) AND (l_discount <= .07::double precision) AND (l_quantity < 24::double precision)), (LLVM Optimized, Jit Execute)", "Rows Removed by Index Recheck": 0, "Exact Heap Blocks": 699048, "Lossy Heap Blocks": 699048, "Plans": [{"Node Type": "Bitmap Index Scan", "Parent Relationship": "Outer", "Index Name": "idx_lineitem_shipdate", "Startup Cost": 0.0, "Total Cost": 380137.49, "Plan Rows": 1135757, "Plan Width": 0, "Actual Startup Time": 1833.734, "Actual Total Time": 1833.734, "Actual Rows": 1139264, "Actual Loops": 1, "Index Cond": "((l_shipdate >= '1994-01-01 00:00:00'::timestamp(0) without time zone) AND (l_shipdate < '1995-01-01 00:00:00'::timestamp without time zone) AND (l_discount >= .05::double precision) AND (l_discount <= .07::double precision) AND (l_quantity < 24::double precision))"}]}]}, "Triggers": [], "Planner Runtime": 0, "Total Runtime": 4434.671, "Unique SQL Id": 4176715123}}, "(16, 2)": {"explain_plan": {"Plan": {"Node Type": "Aggregate", "Strategy": "Plain", "Startup Cost": 1813598.15, "Total Cost": 1813598.16, "Plan Rows": 1, "Plan Width": 24, "Plans": [{"Node Type": "Bitmap Heap Scan", "Parent Relationship": "Outer", "Relation Name": "lineitem", "Alias": "lineitem", "Startup Cost": 380421.43, "Total Cost": 1807919.37, "Plan Rows": 1135757, "Plan Width": 16, "Recheck Cond": "((l_shipdate >= '1994-01-01 00:00:00'::timestamp(0) without time zone) AND (l_shipdate < '1995-01-01 00:00:00'::timestamp without time zone) AND (l_discount >= .05::double precision) AND (l_discount <= .07::double precision) AND (l_quantity < 24::double precision)), (LLVM Optimized)", "Plans": [{"Node Type": "Bitmap Index Scan", "Parent Relationship": "Outer", "Index Name": "idx_lineitem_shipdate", "Startup Cost": 0.0, "Total Cost": 380137.49, "Plan Rows": 1135757, "Plan Width": 0, "Index Cond": "((l_shipdate >= '1994-01-01 00:00:00'::timestamp(0) without time zone) AND (l_shipdate < '1995-01-01 00:00:00'::timestamp without time zone) AND (l_discount >= .05::double precision) AND (l_discount <= .07::double precision) AND (l_quantity < 24::double precision))"}]}]}, "Unique SQL Id": 4176715123, "Planner Runtime": 0}, "explain_analyze_plan": {"Plan": {"Node Type": "Aggregate", "Strategy": "Plain", "Startup Cost": 1813598.15, "Total Cost": 1813598.16, "Plan Rows": 1, "Plan Width": 24, "Actual Startup Time": 4423.886, "Actual Total Time": 4423.886, "Actual Rows": 1, "Actual Loops": 1, "Plans": [{"Node Type": "Bitmap Heap Scan", "Parent Relationship": "Outer", "Relation Name": "lineitem", "Alias": "lineitem", "Startup Cost": 380421.43, "Total Cost": 1807919.37, "Plan Rows": 1135757, "Plan Width": 16, "Actual Startup Time": 2158.948, "Actual Total Time": 4085.414, "Actual Rows": 1139264, "Actual Loops": 1, "Recheck Cond": "((l_shipdate >= '1994-01-01 00:00:00'::timestamp(0) without time zone) AND (l_shipdate < '1995-01-01 00:00:00'::timestamp without time zone) AND (l_discount >= .05::double precision) AND (l_discount <= .07::double precision) AND (l_quantity < 24::double precision)), (LLVM Optimized, Jit Execute)", "Rows Removed by Index Recheck": 0, "Exact Heap Blocks": 699048, "Lossy Heap Blocks": 699048, "Plans": [{"Node Type": "Bitmap Index Scan", "Parent Relationship": "Outer", "Index Name": "idx_lineitem_shipdate", "Startup Cost": 0.0, "Total Cost": 380137.49, "Plan Rows": 1135757, "Plan Width": 0, "Actual Startup Time": 1833.734, "Actual Total Time": 1833.734, "Actual Rows": 1139264, "Actual Loops": 1, "Index Cond": "((l_shipdate >= '1994-01-01 00:00:00'::timestamp(0) without time zone) AND (l_shipdate < '1995-01-01 00:00:00'::timestamp without time zone) AND (l_discount >= .05::double precision) AND (l_discount <= .07::double precision) AND (l_quantity < 24::double precision))"}]}]}, "Triggers": [], "Planner Runtime": 0, "Total Runtime": 4434.671, "Unique SQL Id": 4176715123}}, "(16, 3)": {"explain_plan": {"Plan": {"Node Type": "Aggregate", "Strategy": "Plain", "Startup Cost": 1813598.15, "Total Cost": 1813598.16, "Plan Rows": 1, "Plan Width": 24, "Plans": [{"Node Type": "Bitmap Heap Scan", "Parent Relationship": "Outer", "Relation Name": "lineitem", "Alias": "lineitem", "Startup Cost": 380421.43, "Total Cost": 1807919.37, "Plan Rows": 1135757, "Plan Width": 16, "Recheck Cond": "((l_shipdate >= '1994-01-01 00:00:00'::timestamp(0) without time zone) AND (l_shipdate < '1995-01-01 00:00:00'::timestamp without time zone) AND (l_discount >= .05::double precision) AND (l_discount <= .07::double precision) AND (l_quantity < 24::double precision)), (LLVM Optimized)", "Plans": [{"Node Type": "Bitmap Index Scan", "Parent Relationship": "Outer", "Index Name": "idx_lineitem_shipdate", "Startup Cost": 0.0, "Total Cost": 380137.49, "Plan Rows": 1135757, "Plan Width": 0, "Index Cond": "((l_shipdate >= '1994-01-01 00:00:00'::timestamp(0) without time zone) AND (l_shipdate < '1995-01-01 00:00:00'::timestamp without time zone) AND (l_discount >= .05::double precision) AND (l_discount <= .07::double precision) AND (l_quantity < 24::double precision))"}]}]}, "Unique SQL Id": 4176715123, "Planner Runtime": 0}, "explain_analyze_plan": {"Plan": {"Node Type": "Aggregate", "Strategy": "Plain", "Startup Cost": 1813598.15, "Total Cost": 1813598.16, "Plan Rows": 1, "Plan Width": 24, "Actual Startup Time": 4423.886, "Actual Total Time": 4423.886, "Actual Rows": 1, "Actual Loops": 1, "Plans": [{"Node Type": "Bitmap Heap Scan", "Parent Relationship": "Outer", "Relation Name": "lineitem", "Alias": "lineitem", "Startup Cost": 380421.43, "Total Cost": 1807919.37, "Plan Rows": 1135757, "Plan Width": 16, "Actual Startup Time": 2158.948, "Actual Total Time": 4085.414, "Actual Rows": 1139264, "Actual Loops": 1, "Recheck Cond": "((l_shipdate >= '1994-01-01 00:00:00'::timestamp(0) without time zone) AND (l_shipdate < '1995-01-01 00:00:00'::timestamp without time zone) AND (l_discount >= .05::double precision) AND (l_discount <= .07::double precision) AND (l_quantity < 24::double precision)), (LLVM Optimized, Jit Execute)", "Rows Removed by Index Recheck": 0, "Exact Heap Blocks": 699048, "Lossy Heap Blocks": 699048, "Plans": [{"Node Type": "Bitmap Index Scan", "Parent Relationship": "Outer", "Index Name": "idx_lineitem_shipdate", "Startup Cost": 0.0, "Total Cost": 380137.49, "Plan Rows": 1135757, "Plan Width": 0, "Actual Startup Time": 1833.734, "Actual Total Time": 1833.734, "Actual Rows": 1139264, "Actual Loops": 1, "Index Cond": "((l_shipdate >= '1994-01-01 00:00:00'::timestamp(0) without time zone) AND (l_shipdate < '1995-01-01 00:00:00'::timestamp without time zone) AND (l_discount >= .05::double precision) AND (l_discount <= .07::double precision) AND (l_quantity < 24::double precision))"}]}]}, "Triggers": [], "Planner Runtime": 0, "Total Runtime": 4434.671, "Unique SQL Id": 4176715123}}, "(16, 4)": {"explain_plan": {"Plan": {"Node Type": "Aggregate", "Strategy": "Plain", "Startup Cost": 1813598.15, "Total Cost": 1813598.16, "Plan Rows": 1, "Plan Width": 24, "Plans": [{"Node Type": "Bitmap Heap Scan", "Parent Relationship": "Outer", "Relation Name": "lineitem", "Alias": "lineitem", "Startup Cost": 380421.43, "Total Cost": 1807919.37, "Plan Rows": 1135757, "Plan Width": 16, "Recheck Cond": "((l_shipdate >= '1994-01-01 00:00:00'::timestamp(0) without time zone) AND (l_shipdate < '1995-01-01 00:00:00'::timestamp without time zone) AND (l_discount >= .05::double precision) AND (l_discount <= .07::double precision) AND (l_quantity < 24::double precision)), (LLVM Optimized)", "Plans": [{"Node Type": "Bitmap Index Scan", "Parent Relationship": "Outer", "Index Name": "idx_lineitem_shipdate", "Startup Cost": 0.0, "Total Cost": 380137.49, "Plan Rows": 1135757, "Plan Width": 0, "Index Cond": "((l_shipdate >= '1994-01-01 00:00:00'::timestamp(0) without time zone) AND (l_shipdate < '1995-01-01 00:00:00'::timestamp without time zone) AND (l_discount >= .05::double precision) AND (l_discount <= .07::double precision) AND (l_quantity < 24::double precision))"}]}]}, "Unique SQL Id": 4176715123, "Planner Runtime": 0}, "explain_analyze_plan": {"Plan": {"Node Type": "Aggregate", "Strategy": "Plain", "Startup Cost": 1813598.15, "Total Cost": 1813598.16, "Plan Rows": 1, "Plan Width": 24, "Actual Startup Time": 4423.886, "Actual Total Time": 4423.886, "Actual Rows": 1, "Actual Loops": 1, "Plans": [{"Node Type": "Bitmap Heap Scan", "Parent Relationship": "Outer", "Relation Name": "lineitem", "Alias": "lineitem", "Startup Cost": 380421.43, "Total Cost": 1807919.37, "Plan Rows": 1135757, "Plan Width": 16, "Actual Startup Time": 2158.948, "Actual Total Time": 4085.414, "Actual Rows": 1139264, "Actual Loops": 1, "Recheck Cond": "((l_shipdate >= '1994-01-01 00:00:00'::timestamp(0) without time zone) AND (l_shipdate < '1995-01-01 00:00:00'::timestamp without time zone) AND (l_discount >= .05::double precision) AND (l_discount <= .07::double precision) AND (l_quantity < 24::double precision)), (LLVM Optimized, Jit Execute)", "Rows Removed by Index Recheck": 0, "Exact Heap Blocks": 699048, "Lossy Heap Blocks": 699048, "Plans": [{"Node Type": "Bitmap Index Scan", "Parent Relationship": "Outer", "Index Name": "idx_lineitem_shipdate", "Startup Cost": 0.0, "Total Cost": 380137.49, "Plan Rows": 1135757, "Plan Width": 0, "Actual Startup Time": 1833.734, "Actual Total Time": 1833.734, "Actual Rows": 1139264, "Actual Loops": 1, "Index Cond": "((l_shipdate >= '1994-01-01 00:00:00'::timestamp(0) without time zone) AND (l_shipdate < '1995-01-01 00:00:00'::timestamp without time zone) AND (l_discount >= .05::double precision) AND (l_discount <= .07::double precision) AND (l_quantity < 24::double precision))"}]}]}, "Triggers": [], "Planner Runtime": 0, "Total Runtime": 4434.671, "Unique SQL Id": 4176715123}}, "(16, 5)": {"explain_plan": {"Plan": {"Node Type": "Aggregate", "Strategy": "Plain", "Startup Cost": 1813598.15, "Total Cost": 1813598.16, "Plan Rows": 1, "Plan Width": 24, "Plans": [{"Node Type": "Bitmap Heap Scan", "Parent Relationship": "Outer", "Relation Name": "lineitem", "Alias": "lineitem", "Startup Cost": 380421.43, "Total Cost": 1807919.37, "Plan Rows": 1135757, "Plan Width": 16, "Recheck Cond": "((l_shipdate >= '1994-01-01 00:00:00'::timestamp(0) without time zone) AND (l_shipdate < '1995-01-01 00:00:00'::timestamp without time zone) AND (l_discount >= .05::double precision) AND (l_discount <= .07::double precision) AND (l_quantity < 24::double precision)), (LLVM Optimized)", "Plans": [{"Node Type": "Bitmap Index Scan", "Parent Relationship": "Outer", "Index Name": "idx_lineitem_shipdate", "Startup Cost": 0.0, "Total Cost": 380137.49, "Plan Rows": 1135757, "Plan Width": 0, "Index Cond": "((l_shipdate >= '1994-01-01 00:00:00'::timestamp(0) without time zone) AND (l_shipdate < '1995-01-01 00:00:00'::timestamp without time zone) AND (l_discount >= .05::double precision) AND (l_discount <= .07::double precision) AND (l_quantity < 24::double precision))"}]}]}, "Unique SQL Id": 4176715123, "Planner Runtime": 0}, "explain_analyze_plan": {"Plan": {"Node Type": "Aggregate", "Strategy": "Plain", "Startup Cost": 1813598.15, "Total Cost": 1813598.16, "Plan Rows": 1, "Plan Width": 24, "Actual Startup Time": 4423.886, "Actual Total Time": 4423.886, "Actual Rows": 1, "Actual Loops": 1, "Plans": [{"Node Type": "Bitmap Heap Scan", "Parent Relationship": "Outer", "Relation Name": "lineitem", "Alias": "lineitem", "Startup Cost": 380421.43, "Total Cost": 1807919.37, "Plan Rows": 1135757, "Plan Width": 16, "Actual Startup Time": 2158.948, "Actual Total Time": 4085.414, "Actual Rows": 1139264, "Actual Loops": 1, "Recheck Cond": "((l_shipdate >= '1994-01-01 00:00:00'::timestamp(0) without time zone) AND (l_shipdate < '1995-01-01 00:00:00'::timestamp without time zone) AND (l_discount >= .05::double precision) AND (l_discount <= .07::double precision) AND (l_quantity < 24::double precision)), (LLVM Optimized, Jit Execute)", "Rows Removed by Index Recheck": 0, "Exact Heap Blocks": 699048, "Lossy Heap Blocks": 699048, "Plans": [{"Node Type": "Bitmap Index Scan", "Parent Relationship": "Outer", "Index Name": "idx_lineitem_shipdate", "Startup Cost": 0.0, "Total Cost": 380137.49, "Plan Rows": 1135757, "Plan Width": 0, "Actual Startup Time": 1833.734, "Actual Total Time": 1833.734, "Actual Rows": 1139264, "Actual Loops": 1, "Index Cond": "((l_shipdate >= '1994-01-01 00:00:00'::timestamp(0) without time zone) AND (l_shipdate < '1995-01-01 00:00:00'::timestamp without time zone) AND (l_discount >= .05::double precision) AND (l_discount <= .07::double precision) AND (l_quantity < 24::double precision))"}]}]}, "Triggers": [], "Planner Runtime": 0, "Total Runtime": 4434.671, "Unique SQL Id": 4176715123}}, "(16, 6)": {"explain_plan": {"Plan": {"Node Type": "Aggregate", "Strategy": "Plain", "Startup Cost": 1813598.15, "Total Cost": 1813598.16, "Plan Rows": 1, "Plan Width": 24, "Plans": [{"Node Type": "Bitmap Heap Scan", "Parent Relationship": "Outer", "Relation Name": "lineitem", "Alias": "lineitem", "Startup Cost": 380421.43, "Total Cost": 1807919.37, "Plan Rows": 1135757, "Plan Width": 16, "Recheck Cond": "((l_shipdate >= '1994-01-01 00:00:00'::timestamp(0) without time zone) AND (l_shipdate < '1995-01-01 00:00:00'::timestamp without time zone) AND (l_discount >= .05::double precision) AND (l_discount <= .07::double precision) AND (l_quantity < 24::double precision)), (LLVM Optimized)", "Plans": [{"Node Type": "Bitmap Index Scan", "Parent Relationship": "Outer", "Index Name": "idx_lineitem_shipdate", "Startup Cost": 0.0, "Total Cost": 380137.49, "Plan Rows": 1135757, "Plan Width": 0, "Index Cond": "((l_shipdate >= '1994-01-01 00:00:00'::timestamp(0) without time zone) AND (l_shipdate < '1995-01-01 00:00:00'::timestamp without time zone) AND (l_discount >= .05::double precision) AND (l_discount <= .07::double precision) AND (l_quantity < 24::double precision))"}]}]}, "Unique SQL Id": 4176715123, "Planner Runtime": 0}, "explain_analyze_plan": {"Plan": {"Node Type": "Aggregate", "Strategy": "Plain", "Startup Cost": 1813598.15, "Total Cost": 1813598.16, "Plan Rows": 1, "Plan Width": 24, "Actual Startup Time": 4423.886, "Actual Total Time": 4423.886, "Actual Rows": 1, "Actual Loops": 1, "Plans": [{"Node Type": "Bitmap Heap Scan", "Parent Relationship": "Outer", "Relation Name": "lineitem", "Alias": "lineitem", "Startup Cost": 380421.43, "Total Cost": 1807919.37, "Plan Rows": 1135757, "Plan Width": 16, "Actual Startup Time": 2158.948, "Actual Total Time": 4085.414, "Actual Rows": 1139264, "Actual Loops": 1, "Recheck Cond": "((l_shipdate >= '1994-01-01 00:00:00'::timestamp(0) without time zone) AND (l_shipdate < '1995-01-01 00:00:00'::timestamp without time zone) AND (l_discount >= .05::double precision) AND (l_discount <= .07::double precision) AND (l_quantity < 24::double precision)), (LLVM Optimized, Jit Execute)", "Rows Removed by Index Recheck": 0, "Exact Heap Blocks": 699048, "Lossy Heap Blocks": 699048, "Plans": [{"Node Type": "Bitmap Index Scan", "Parent Relationship": "Outer", "Index Name": "idx_lineitem_shipdate", "Startup Cost": 0.0, "Total Cost": 380137.49, "Plan Rows": 1135757, "Plan Width": 0, "Actual Startup Time": 1833.734, "Actual Total Time": 1833.734, "Actual Rows": 1139264, "Actual Loops": 1, "Index Cond": "((l_shipdate >= '1994-01-01 00:00:00'::timestamp(0) without time zone) AND (l_shipdate < '1995-01-01 00:00:00'::timestamp without time zone) AND (l_discount >= .05::double precision) AND (l_discount <= .07::double precision) AND (l_quantity < 24::double precision))"}]}]}, "Triggers": [], "Planner Runtime": 0, "Total Runtime": 4434.671, "Unique SQL Id": 4176715123}}, "(16, 7)": {"explain_plan": {"Plan": {"Node Type": "Aggregate", "Strategy": "Plain", "Startup Cost": 1813598.15, "Total Cost": 1813598.16, "Plan Rows": 1, "Plan Width": 24, "Plans": [{"Node Type": "Bitmap Heap Scan", "Parent Relationship": "Outer", "Relation Name": "lineitem", "Alias": "lineitem", "Startup Cost": 380421.43, "Total Cost": 1807919.37, "Plan Rows": 1135757, "Plan Width": 16, "Recheck Cond": "((l_shipdate >= '1994-01-01 00:00:00'::timestamp(0) without time zone) AND (l_shipdate < '1995-01-01 00:00:00'::timestamp without time zone) AND (l_discount >= .05::double precision) AND (l_discount <= .07::double precision) AND (l_quantity < 24::double precision)), (LLVM Optimized)", "Plans": [{"Node Type": "Bitmap Index Scan", "Parent Relationship": "Outer", "Index Name": "idx_lineitem_shipdate", "Startup Cost": 0.0, "Total Cost": 380137.49, "Plan Rows": 1135757, "Plan Width": 0, "Index Cond": "((l_shipdate >= '1994-01-01 00:00:00'::timestamp(0) without time zone) AND (l_shipdate < '1995-01-01 00:00:00'::timestamp without time zone) AND (l_discount >= .05::double precision) AND (l_discount <= .07::double precision) AND (l_quantity < 24::double precision))"}]}]}, "Unique SQL Id": 4176715123, "Planner Runtime": 0}, "explain_analyze_plan": {"Plan": {"Node Type": "Aggregate", "Strategy": "Plain", "Startup Cost": 1813598.15, "Total Cost": 1813598.16, "Plan Rows": 1, "Plan Width": 24, "Actual Startup Time": 4423.886, "Actual Total Time": 4423.886, "Actual Rows": 1, "Actual Loops": 1, "Plans": [{"Node Type": "Bitmap Heap Scan", "Parent Relationship": "Outer", "Relation Name": "lineitem", "Alias": "lineitem", "Startup Cost": 380421.43, "Total Cost": 1807919.37, "Plan Rows": 1135757, "Plan Width": 16, "Actual Startup Time": 2158.948, "Actual Total Time": 4085.414, "Actual Rows": 1139264, "Actual Loops": 1, "Recheck Cond": "((l_shipdate >= '1994-01-01 00:00:00'::timestamp(0) without time zone) AND (l_shipdate < '1995-01-01 00:00:00'::timestamp without time zone) AND (l_discount >= .05::double precision) AND (l_discount <= .07::double precision) AND (l_quantity < 24::double precision)), (LLVM Optimized, Jit Execute)", "Rows Removed by Index Recheck": 0, "Exact Heap Blocks": 699048, "Lossy Heap Blocks": 699048, "Plans": [{"Node Type": "Bitmap Index Scan", "Parent Relationship": "Outer", "Index Name": "idx_lineitem_shipdate", "Startup Cost": 0.0, "Total Cost": 380137.49, "Plan Rows": 1135757, "Plan Width": 0, "Actual Startup Time": 1833.734, "Actual Total Time": 1833.734, "Actual Rows": 1139264, "Actual Loops": 1, "Index Cond": "((l_shipdate >= '1994-01-01 00:00:00'::timestamp(0) without time zone) AND (l_shipdate < '1995-01-01 00:00:00'::timestamp without time zone) AND (l_discount >= .05::double precision) AND (l_discount <= .07::double precision) AND (l_quantity < 24::double precision))"}]}]}, "Triggers": [], "Planner Runtime": 0, "Total Runtime": 4434.671, "Unique SQL Id": 4176715123}}, "(16, 8)": {"explain_plan": {"Plan": {"Node Type": "Aggregate", "Strategy": "Plain", "Startup Cost": 2770632.03, "Total Cost": 2770632.04, "Plan Rows": 1, "Plan Width": 24, "Plans": [{"Node Type": "Seq Scan", "Parent Relationship": "Outer", "Relation Name": "lineitem", "Alias": "lineitem", "Startup Cost": 110964.75, "Total Cost": 2764953.24, "Plan Rows": 1135757, "Plan Width": 16, "Filter": "((l_shipdate >= '1994-01-01 00:00:00'::timestamp(0) without time zone) AND (l_shipdate < '1995-01-01 00:00:00'::timestamp without time zone) AND (l_discount >= .05::double precision) AND (l_discount <= .07::double precision) AND (l_quantity < 24::double precision)), (LLVM Optimized)"}]}, "Unique SQL Id": 4176715123, "Planner Runtime": 0}, "explain_analyze_plan": null}, "(16, 9)": {"explain_plan": {"Plan": {"Node Type": "Aggregate", "Strategy": "Plain", "Startup Cost": 3639281.83, "Total Cost": 3639281.84, "Plan Rows": 1, "Plan Width": 24, "Plans": [{"Node Type": "Index Scan", "Parent Relationship": "Outer", "Scan Direction": "Forward", "Index Name": "idx_lineitem_shipdate", "Relation Name": "lineitem", "Alias": "lineitem", "Startup Cost": 0.0, "Total Cost": 3633603.05, "Plan Rows": 1135757, "Plan Width": 16, "Index Cond": "((l_shipdate >= '1994-01-01 00:00:00'::timestamp(0) without time zone) AND (l_shipdate < '1995-01-01 00:00:00'::timestamp without time zone) AND (l_discount >= .05::double precision) AND (l_discount <= .07::double precision) AND (l_quantity < 24::double precision)), (LLVM Optimized)"}]}, "Unique SQL Id": 4176715123, "Planner Runtime": 0}, "explain_analyze_plan": {"Plan": {"Node Type": "Aggregate", "Strategy": "Plain", "Startup Cost": 3639281.83, "Total Cost": 3639281.84, "Plan Rows": 1, "Plan Width": 24, "Actual Startup Time": 4536.464, "Actual Total Time": 4536.466, "Actual Rows": 1, "Actual Loops": 1, "Plans": [{"Node Type": "Index Scan", "Parent Relationship": "Outer", "Scan Direction": "Forward", "Index Name": "idx_lineitem_shipdate", "Relation Name": "lineitem", "Alias": "lineitem", "Startup Cost": 0.0, "Total Cost": 3633603.05, "Plan Rows": 1135757, "Plan Width": 16, "Actual Startup Time": 0.078, "Actual Total Time": 4185.716, "Actual Rows": 1139264, "Actual Loops": 1, "Index Cond": "((l_shipdate >= '1994-01-01 00:00:00'::timestamp(0) without time zone) AND (l_shipdate < '1995-01-01 00:00:00'::timestamp without time zone) AND (l_discount >= .05::double precision) AND (l_discount <= .07::double precision) AND (l_quantity < 24::double precision)), (LLVM Optimized, Jit Execute)", "Rows Removed by Index Recheck": 0}]}, "Triggers": [], "Planner Runtime": 0, "Total Runtime": 4546.244, "Unique SQL Id": 4176715123}}, "(16, 10)": {"explain_plan": {"Plan": {"Node Type": "Aggregate", "Strategy": "Plain", "Startup Cost": 2770632.03, "Total Cost": 2770632.04, "Plan Rows": 1, "Plan Width": 24, "Plans": [{"Node Type": "Seq Scan", "Parent Relationship": "Outer", "Relation Name": "lineitem", "Alias": "lineitem", "Startup Cost": 110964.75, "Total Cost": 2764953.24, "Plan Rows": 1135757, "Plan Width": 16, "Filter": "((l_shipdate >= '1994-01-01 00:00:00'::timestamp(0) without time zone) AND (l_shipdate < '1995-01-01 00:00:00'::timestamp without time zone) AND (l_discount >= .05::double precision) AND (l_discount <= .07::double precision) AND (l_quantity < 24::double precision)), (LLVM Optimized)"}]}, "Unique SQL Id": 4176715123, "Planner Runtime": 0}, "explain_analyze_plan": null}, "(16, 11)": {"explain_plan": {"Plan": {"Node Type": "Aggregate", "Strategy": "Plain", "Startup Cost": 1000276501003.04, "Total Cost": 1000276501003.05, "Plan Rows": 1, "Plan Width": 24, "Plans": [{"Node Type": "Seq Scan", "Parent Relationship": "Outer", "Relation Name": "lineitem", "Alias": "lineitem", "Startup Cost": 10000109520.02, "Total Cost": 1000276495324.25, "Plan Rows": 1135757, "Plan Width": 16, "Filter": "((l_shipdate >= '1994-01-01 00:00:00'::timestamp(0) without time zone) AND (l_shipdate < '1995-01-01 00:00:00'::timestamp without time zone) AND (l_discount >= .05::double precision) AND (l_discount <= .07::double precision) AND (l_quantity < 24::double precision)), (LLVM Optimized)"}]}, "Unique SQL Id": 4176715123, "Planner Runtime": 0}, "explain_analyze_plan": null}, "(16, 12)": {"explain_plan": {"Plan": {"Node Type": "Aggregate", "Strategy": "Plain", "Startup Cost": 2770632.03, "Total Cost": 2770632.04, "Plan Rows": 1, "Plan Width": 24, "Plans": [{"Node Type": "Seq Scan", "Parent Relationship": "Outer", "Relation Name": "lineitem", "Alias": "lineitem", "Startup Cost": 110964.75, "Total Cost": 2764953.24, "Plan Rows": 1135757, "Plan Width": 16, "Filter": "((l_shipdate >= '1994-01-01 00:00:00'::timestamp(0) without time zone) AND (l_shipdate < '1995-01-01 00:00:00'::timestamp without time zone) AND (l_discount >= .05::double precision) AND (l_discount <= .07::double precision) AND (l_quantity < 24::double precision)), (LLVM Optimized)"}]}, "Unique SQL Id": 4176715123, "Planner Runtime": 0}, "explain_analyze_plan": null}, "(16, 13)": {"explain_plan": {"Plan": {"Node Type": "Aggregate", "Strategy": "Plain", "Startup Cost": 3639281.83, "Total Cost": 3639281.84, "Plan Rows": 1, "Plan Width": 24, "Plans": [{"Node Type": "Index Scan", "Parent Relationship": "Outer", "Scan Direction": "Forward", "Index Name": "idx_lineitem_shipdate", "Relation Name": "lineitem", "Alias": "lineitem", "Startup Cost": 0.0, "Total Cost": 3633603.05, "Plan Rows": 1135757, "Plan Width": 16, "Index Cond": "((l_shipdate >= '1994-01-01 00:00:00'::timestamp(0) without time zone) AND (l_shipdate < '1995-01-01 00:00:00'::timestamp without time zone) AND (l_discount >= .05::double precision) AND (l_discount <= .07::double precision) AND (l_quantity < 24::double precision)), (LLVM Optimized)"}]}, "Unique SQL Id": 4176715123, "Planner Runtime": 0}, "explain_analyze_plan": {"Plan": {"Node Type": "Aggregate", "Strategy": "Plain", "Startup Cost": 3639281.83, "Total Cost": 3639281.84, "Plan Rows": 1, "Plan Width": 24, "Actual Startup Time": 4536.464, "Actual Total Time": 4536.466, "Actual Rows": 1, "Actual Loops": 1, "Plans": [{"Node Type": "Index Scan", "Parent Relationship": "Outer", "Scan Direction": "Forward", "Index Name": "idx_lineitem_shipdate", "Relation Name": "lineitem", "Alias": "lineitem", "Startup Cost": 0.0, "Total Cost": 3633603.05, "Plan Rows": 1135757, "Plan Width": 16, "Actual Startup Time": 0.078, "Actual Total Time": 4185.716, "Actual Rows": 1139264, "Actual Loops": 1, "Index Cond": "((l_shipdate >= '1994-01-01 00:00:00'::timestamp(0) without time zone) AND (l_shipdate < '1995-01-01 00:00:00'::timestamp without time zone) AND (l_discount >= .05::double precision) AND (l_discount <= .07::double precision) AND (l_quantity < 24::double precision)), (LLVM Optimized, Jit Execute)", "Rows Removed by Index Recheck": 0}]}, "Triggers": [], "Planner Runtime": 0, "Total Runtime": 4546.244, "Unique SQL Id": 4176715123}}, "(16, 14)": {"explain_plan": {"Plan": {"Node Type": "Aggregate", "Strategy": "Plain", "Startup Cost": 2770632.03, "Total Cost": 2770632.04, "Plan Rows": 1, "Plan Width": 24, "Plans": [{"Node Type": "Seq Scan", "Parent Relationship": "Outer", "Relation Name": "lineitem", "Alias": "lineitem", "Startup Cost": 110964.75, "Total Cost": 2764953.24, "Plan Rows": 1135757, "Plan Width": 16, "Filter": "((l_shipdate >= '1994-01-01 00:00:00'::timestamp(0) without time zone) AND (l_shipdate < '1995-01-01 00:00:00'::timestamp without time zone) AND (l_discount >= .05::double precision) AND (l_discount <= .07::double precision) AND (l_quantity < 24::double precision)), (LLVM Optimized)"}]}, "Unique SQL Id": 4176715123, "Planner Runtime": 0}, "explain_analyze_plan": null}, "(16, 15)": {"explain_plan": {"Plan": {"Node Type": "Aggregate", "Strategy": "Plain", "Startup Cost": 1000276501003.04, "Total Cost": 1000276501003.05, "Plan Rows": 1, "Plan Width": 24, "Plans": [{"Node Type": "Seq Scan", "Parent Relationship": "Outer", "Relation Name": "lineitem", "Alias": "lineitem", "Startup Cost": 10000109520.02, "Total Cost": 1000276495324.25, "Plan Rows": 1135757, "Plan Width": 16, "Filter": "((l_shipdate >= '1994-01-01 00:00:00'::timestamp(0) without time zone) AND (l_shipdate < '1995-01-01 00:00:00'::timestamp without time zone) AND (l_discount >= .05::double precision) AND (l_discount <= .07::double precision) AND (l_quantity < 24::double precision)), (LLVM Optimized)"}]}, "Unique SQL Id": 4176715123, "Planner Runtime": 0}, "explain_analyze_plan": null}, "(16, 16)": {"explain_plan": {"Plan": {"Node Type": "Aggregate", "Strategy": "Plain", "Startup Cost": 1813598.15, "Total Cost": 1813598.16, "Plan Rows": 1, "Plan Width": 24, "Plans": [{"Node Type": "Bitmap Heap Scan", "Parent Relationship": "Outer", "Relation Name": "lineitem", "Alias": "lineitem", "Startup Cost": 380421.43, "Total Cost": 1807919.37, "Plan Rows": 1135757, "Plan Width": 16, "Recheck Cond": "((l_shipdate >= '1994-01-01 00:00:00'::timestamp(0) without time zone) AND (l_shipdate < '1995-01-01 00:00:00'::timestamp without time zone) AND (l_discount >= .05::double precision) AND (l_discount <= .07::double precision) AND (l_quantity < 24::double precision)), (LLVM Optimized)", "Plans": [{"Node Type": "Bitmap Index Scan", "Parent Relationship": "Outer", "Index Name": "idx_lineitem_shipdate", "Startup Cost": 0.0, "Total Cost": 380137.49, "Plan Rows": 1135757, "Plan Width": 0, "Index Cond": "((l_shipdate >= '1994-01-01 00:00:00'::timestamp(0) without time zone) AND (l_shipdate < '1995-01-01 00:00:00'::timestamp without time zone) AND (l_discount >= .05::double precision) AND (l_discount <= .07::double precision) AND (l_quantity < 24::double precision))"}]}]}, "Unique SQL Id": 4176715123, "Planner Runtime": 0}, "explain_analyze_plan": {"Plan": {"Node Type": "Aggregate", "Strategy": "Plain", "Startup Cost": 1813598.15, "Total Cost": 1813598.16, "Plan Rows": 1, "Plan Width": 24, "Actual Startup Time": 4423.886, "Actual Total Time": 4423.886, "Actual Rows": 1, "Actual Loops": 1, "Plans": [{"Node Type": "Bitmap Heap Scan", "Parent Relationship": "Outer", "Relation Name": "lineitem", "Alias": "lineitem", "Startup Cost": 380421.43, "Total Cost": 1807919.37, "Plan Rows": 1135757, "Plan Width": 16, "Actual Startup Time": 2158.948, "Actual Total Time": 4085.414, "Actual Rows": 1139264, "Actual Loops": 1, "Recheck Cond": "((l_shipdate >= '1994-01-01 00:00:00'::timestamp(0) without time zone) AND (l_shipdate < '1995-01-01 00:00:00'::timestamp without time zone) AND (l_discount >= .05::double precision) AND (l_discount <= .07::double precision) AND (l_quantity < 24::double precision)), (LLVM Optimized, Jit Execute)", "Rows Removed by Index Recheck": 0, "Exact Heap Blocks": 699048, "Lossy Heap Blocks": 699048, "Plans": [{"Node Type": "Bitmap Index Scan", "Parent Relationship": "Outer", "Index Name": "idx_lineitem_shipdate", "Startup Cost": 0.0, "Total Cost": 380137.49, "Plan Rows": 1135757, "Plan Width": 0, "Actual Startup Time": 1833.734, "Actual Total Time": 1833.734, "Actual Rows": 1139264, "Actual Loops": 1, "Index Cond": "((l_shipdate >= '1994-01-01 00:00:00'::timestamp(0) without time zone) AND (l_shipdate < '1995-01-01 00:00:00'::timestamp without time zone) AND (l_discount >= .05::double precision) AND (l_discount <= .07::double precision) AND (l_quantity < 24::double precision))"}]}]}, "Triggers": [], "Planner Runtime": 0, "Total Runtime": 4434.671, "Unique SQL Id": 4176715123}}, "(16, 17)": {"explain_plan": {"Plan": {"Node Type": "Aggregate", "Strategy": "Plain", "Startup Cost": 1813598.15, "Total Cost": 1813598.16, "Plan Rows": 1, "Plan Width": 24, "Plans": [{"Node Type": "Bitmap Heap Scan", "Parent Relationship": "Outer", "Relation Name": "lineitem", "Alias": "lineitem", "Startup Cost": 380421.43, "Total Cost": 1807919.37, "Plan Rows": 1135757, "Plan Width": 16, "Recheck Cond": "((l_shipdate >= '1994-01-01 00:00:00'::timestamp(0) without time zone) AND (l_shipdate < '1995-01-01 00:00:00'::timestamp without time zone) AND (l_discount >= .05::double precision) AND (l_discount <= .07::double precision) AND (l_quantity < 24::double precision)), (LLVM Optimized)", "Plans": [{"Node Type": "Bitmap Index Scan", "Parent Relationship": "Outer", "Index Name": "idx_lineitem_shipdate", "Startup Cost": 0.0, "Total Cost": 380137.49, "Plan Rows": 1135757, "Plan Width": 0, "Index Cond": "((l_shipdate >= '1994-01-01 00:00:00'::timestamp(0) without time zone) AND (l_shipdate < '1995-01-01 00:00:00'::timestamp without time zone) AND (l_discount >= .05::double precision) AND (l_discount <= .07::double precision) AND (l_quantity < 24::double precision))"}]}]}, "Unique SQL Id": 4176715123, "Planner Runtime": 0}, "explain_analyze_plan": {"Plan": {"Node Type": "Aggregate", "Strategy": "Plain", "Startup Cost": 1813598.15, "Total Cost": 1813598.16, "Plan Rows": 1, "Plan Width": 24, "Actual Startup Time": 4423.886, "Actual Total Time": 4423.886, "Actual Rows": 1, "Actual Loops": 1, "Plans": [{"Node Type": "Bitmap Heap Scan", "Parent Relationship": "Outer", "Relation Name": "lineitem", "Alias": "lineitem", "Startup Cost": 380421.43, "Total Cost": 1807919.37, "Plan Rows": 1135757, "Plan Width": 16, "Actual Startup Time": 2158.948, "Actual Total Time": 4085.414, "Actual Rows": 1139264, "Actual Loops": 1, "Recheck Cond": "((l_shipdate >= '1994-01-01 00:00:00'::timestamp(0) without time zone) AND (l_shipdate < '1995-01-01 00:00:00'::timestamp without time zone) AND (l_discount >= .05::double precision) AND (l_discount <= .07::double precision) AND (l_quantity < 24::double precision)), (LLVM Optimized, Jit Execute)", "Rows Removed by Index Recheck": 0, "Exact Heap Blocks": 699048, "Lossy Heap Blocks": 699048, "Plans": [{"Node Type": "Bitmap Index Scan", "Parent Relationship": "Outer", "Index Name": "idx_lineitem_shipdate", "Startup Cost": 0.0, "Total Cost": 380137.49, "Plan Rows": 1135757, "Plan Width": 0, "Actual Startup Time": 1833.734, "Actual Total Time": 1833.734, "Actual Rows": 1139264, "Actual Loops": 1, "Index Cond": "((l_shipdate >= '1994-01-01 00:00:00'::timestamp(0) without time zone) AND (l_shipdate < '1995-01-01 00:00:00'::timestamp without time zone) AND (l_discount >= .05::double precision) AND (l_discount <= .07::double precision) AND (l_quantity < 24::double precision))"}]}]}, "Triggers": [], "Planner Runtime": 0, "Total Runtime": 4434.671, "Unique SQL Id": 4176715123}}, "(16, 18)": {"explain_plan": {"Plan": {"Node Type": "Aggregate", "Strategy": "Plain", "Startup Cost": 1813598.15, "Total Cost": 1813598.16, "Plan Rows": 1, "Plan Width": 24, "Plans": [{"Node Type": "Bitmap Heap Scan", "Parent Relationship": "Outer", "Relation Name": "lineitem", "Alias": "lineitem", "Startup Cost": 380421.43, "Total Cost": 1807919.37, "Plan Rows": 1135757, "Plan Width": 16, "Recheck Cond": "((l_shipdate >= '1994-01-01 00:00:00'::timestamp(0) without time zone) AND (l_shipdate < '1995-01-01 00:00:00'::timestamp without time zone) AND (l_discount >= .05::double precision) AND (l_discount <= .07::double precision) AND (l_quantity < 24::double precision)), (LLVM Optimized)", "Plans": [{"Node Type": "Bitmap Index Scan", "Parent Relationship": "Outer", "Index Name": "idx_lineitem_shipdate", "Startup Cost": 0.0, "Total Cost": 380137.49, "Plan Rows": 1135757, "Plan Width": 0, "Index Cond": "((l_shipdate >= '1994-01-01 00:00:00'::timestamp(0) without time zone) AND (l_shipdate < '1995-01-01 00:00:00'::timestamp without time zone) AND (l_discount >= .05::double precision) AND (l_discount <= .07::double precision) AND (l_quantity < 24::double precision))"}]}]}, "Unique SQL Id": 4176715123, "Planner Runtime": 0}, "explain_analyze_plan": {"Plan": {"Node Type": "Aggregate", "Strategy": "Plain", "Startup Cost": 1813598.15, "Total Cost": 1813598.16, "Plan Rows": 1, "Plan Width": 24, "Actual Startup Time": 4423.886, "Actual Total Time": 4423.886, "Actual Rows": 1, "Actual Loops": 1, "Plans": [{"Node Type": "Bitmap Heap Scan", "Parent Relationship": "Outer", "Relation Name": "lineitem", "Alias": "lineitem", "Startup Cost": 380421.43, "Total Cost": 1807919.37, "Plan Rows": 1135757, "Plan Width": 16, "Actual Startup Time": 2158.948, "Actual Total Time": 4085.414, "Actual Rows": 1139264, "Actual Loops": 1, "Recheck Cond": "((l_shipdate >= '1994-01-01 00:00:00'::timestamp(0) without time zone) AND (l_shipdate < '1995-01-01 00:00:00'::timestamp without time zone) AND (l_discount >= .05::double precision) AND (l_discount <= .07::double precision) AND (l_quantity < 24::double precision)), (LLVM Optimized, Jit Execute)", "Rows Removed by Index Recheck": 0, "Exact Heap Blocks": 699048, "Lossy Heap Blocks": 699048, "Plans": [{"Node Type": "Bitmap Index Scan", "Parent Relationship": "Outer", "Index Name": "idx_lineitem_shipdate", "Startup Cost": 0.0, "Total Cost": 380137.49, "Plan Rows": 1135757, "Plan Width": 0, "Actual Startup Time": 1833.734, "Actual Total Time": 1833.734, "Actual Rows": 1139264, "Actual Loops": 1, "Index Cond": "((l_shipdate >= '1994-01-01 00:00:00'::timestamp(0) without time zone) AND (l_shipdate < '1995-01-01 00:00:00'::timestamp without time zone) AND (l_discount >= .05::double precision) AND (l_discount <= .07::double precision) AND (l_quantity < 24::double precision))"}]}]}, "Triggers": [], "Planner Runtime": 0, "Total Runtime": 4434.671, "Unique SQL Id": 4176715123}}, "(16, 19)": {"explain_plan": {"Plan": {"Node Type": "Aggregate", "Strategy": "Plain", "Startup Cost": 1813598.15, "Total Cost": 1813598.16, "Plan Rows": 1, "Plan Width": 24, "Plans": [{"Node Type": "Bitmap Heap Scan", "Parent Relationship": "Outer", "Relation Name": "lineitem", "Alias": "lineitem", "Startup Cost": 380421.43, "Total Cost": 1807919.37, "Plan Rows": 1135757, "Plan Width": 16, "Recheck Cond": "((l_shipdate >= '1994-01-01 00:00:00'::timestamp(0) without time zone) AND (l_shipdate < '1995-01-01 00:00:00'::timestamp without time zone) AND (l_discount >= .05::double precision) AND (l_discount <= .07::double precision) AND (l_quantity < 24::double precision)), (LLVM Optimized)", "Plans": [{"Node Type": "Bitmap Index Scan", "Parent Relationship": "Outer", "Index Name": "idx_lineitem_shipdate", "Startup Cost": 0.0, "Total Cost": 380137.49, "Plan Rows": 1135757, "Plan Width": 0, "Index Cond": "((l_shipdate >= '1994-01-01 00:00:00'::timestamp(0) without time zone) AND (l_shipdate < '1995-01-01 00:00:00'::timestamp without time zone) AND (l_discount >= .05::double precision) AND (l_discount <= .07::double precision) AND (l_quantity < 24::double precision))"}]}]}, "Unique SQL Id": 4176715123, "Planner Runtime": 0}, "explain_analyze_plan": {"Plan": {"Node Type": "Aggregate", "Strategy": "Plain", "Startup Cost": 1813598.15, "Total Cost": 1813598.16, "Plan Rows": 1, "Plan Width": 24, "Actual Startup Time": 4423.886, "Actual Total Time": 4423.886, "Actual Rows": 1, "Actual Loops": 1, "Plans": [{"Node Type": "Bitmap Heap Scan", "Parent Relationship": "Outer", "Relation Name": "lineitem", "Alias": "lineitem", "Startup Cost": 380421.43, "Total Cost": 1807919.37, "Plan Rows": 1135757, "Plan Width": 16, "Actual Startup Time": 2158.948, "Actual Total Time": 4085.414, "Actual Rows": 1139264, "Actual Loops": 1, "Recheck Cond": "((l_shipdate >= '1994-01-01 00:00:00'::timestamp(0) without time zone) AND (l_shipdate < '1995-01-01 00:00:00'::timestamp without time zone) AND (l_discount >= .05::double precision) AND (l_discount <= .07::double precision) AND (l_quantity < 24::double precision)), (LLVM Optimized, Jit Execute)", "Rows Removed by Index Recheck": 0, "Exact Heap Blocks": 699048, "Lossy Heap Blocks": 699048, "Plans": [{"Node Type": "Bitmap Index Scan", "Parent Relationship": "Outer", "Index Name": "idx_lineitem_shipdate", "Startup Cost": 0.0, "Total Cost": 380137.49, "Plan Rows": 1135757, "Plan Width": 0, "Actual Startup Time": 1833.734, "Actual Total Time": 1833.734, "Actual Rows": 1139264, "Actual Loops": 1, "Index Cond": "((l_shipdate >= '1994-01-01 00:00:00'::timestamp(0) without time zone) AND (l_shipdate < '1995-01-01 00:00:00'::timestamp without time zone) AND (l_discount >= .05::double precision) AND (l_discount <= .07::double precision) AND (l_quantity < 24::double precision))"}]}]}, "Triggers": [], "Planner Runtime": 0, "Total Runtime": 4434.671, "Unique SQL Id": 4176715123}}, "(16, 20)": {"explain_plan": {"Plan": {"Node Type": "Aggregate", "Strategy": "Plain", "Startup Cost": 1813598.15, "Total Cost": 1813598.16, "Plan Rows": 1, "Plan Width": 24, "Plans": [{"Node Type": "Bitmap Heap Scan", "Parent Relationship": "Outer", "Relation Name": "lineitem", "Alias": "lineitem", "Startup Cost": 380421.43, "Total Cost": 1807919.37, "Plan Rows": 1135757, "Plan Width": 16, "Recheck Cond": "((l_shipdate >= '1994-01-01 00:00:00'::timestamp(0) without time zone) AND (l_shipdate < '1995-01-01 00:00:00'::timestamp without time zone) AND (l_discount >= .05::double precision) AND (l_discount <= .07::double precision) AND (l_quantity < 24::double precision)), (LLVM Optimized)", "Plans": [{"Node Type": "Bitmap Index Scan", "Parent Relationship": "Outer", "Index Name": "idx_lineitem_shipdate", "Startup Cost": 0.0, "Total Cost": 380137.49, "Plan Rows": 1135757, "Plan Width": 0, "Index Cond": "((l_shipdate >= '1994-01-01 00:00:00'::timestamp(0) without time zone) AND (l_shipdate < '1995-01-01 00:00:00'::timestamp without time zone) AND (l_discount >= .05::double precision) AND (l_discount <= .07::double precision) AND (l_quantity < 24::double precision))"}]}]}, "Unique SQL Id": 4176715123, "Planner Runtime": 0}, "explain_analyze_plan": {"Plan": {"Node Type": "Aggregate", "Strategy": "Plain", "Startup Cost": 1813598.15, "Total Cost": 1813598.16, "Plan Rows": 1, "Plan Width": 24, "Actual Startup Time": 4423.886, "Actual Total Time": 4423.886, "Actual Rows": 1, "Actual Loops": 1, "Plans": [{"Node Type": "Bitmap Heap Scan", "Parent Relationship": "Outer", "Relation Name": "lineitem", "Alias": "lineitem", "Startup Cost": 380421.43, "Total Cost": 1807919.37, "Plan Rows": 1135757, "Plan Width": 16, "Actual Startup Time": 2158.948, "Actual Total Time": 4085.414, "Actual Rows": 1139264, "Actual Loops": 1, "Recheck Cond": "((l_shipdate >= '1994-01-01 00:00:00'::timestamp(0) without time zone) AND (l_shipdate < '1995-01-01 00:00:00'::timestamp without time zone) AND (l_discount >= .05::double precision) AND (l_discount <= .07::double precision) AND (l_quantity < 24::double precision)), (LLVM Optimized, Jit Execute)", "Rows Removed by Index Recheck": 0, "Exact Heap Blocks": 699048, "Lossy Heap Blocks": 699048, "Plans": [{"Node Type": "Bitmap Index Scan", "Parent Relationship": "Outer", "Index Name": "idx_lineitem_shipdate", "Startup Cost": 0.0, "Total Cost": 380137.49, "Plan Rows": 1135757, "Plan Width": 0, "Actual Startup Time": 1833.734, "Actual Total Time": 1833.734, "Actual Rows": 1139264, "Actual Loops": 1, "Index Cond": "((l_shipdate >= '1994-01-01 00:00:00'::timestamp(0) without time zone) AND (l_shipdate < '1995-01-01 00:00:00'::timestamp without time zone) AND (l_discount >= .05::double precision) AND (l_discount <= .07::double precision) AND (l_quantity < 24::double precision))"}]}]}, "Triggers": [], "Planner Runtime": 0, "Total Runtime": 4434.671, "Unique SQL Id": 4176715123}}, "(16, 21)": {"explain_plan": {"Plan": {"Node Type": "Aggregate", "Strategy": "Plain", "Startup Cost": 1813598.15, "Total Cost": 1813598.16, "Plan Rows": 1, "Plan Width": 24, "Plans": [{"Node Type": "Bitmap Heap Scan", "Parent Relationship": "Outer", "Relation Name": "lineitem", "Alias": "lineitem", "Startup Cost": 380421.43, "Total Cost": 1807919.37, "Plan Rows": 1135757, "Plan Width": 16, "Recheck Cond": "((l_shipdate >= '1994-01-01 00:00:00'::timestamp(0) without time zone) AND (l_shipdate < '1995-01-01 00:00:00'::timestamp without time zone) AND (l_discount >= .05::double precision) AND (l_discount <= .07::double precision) AND (l_quantity < 24::double precision)), (LLVM Optimized)", "Plans": [{"Node Type": "Bitmap Index Scan", "Parent Relationship": "Outer", "Index Name": "idx_lineitem_shipdate", "Startup Cost": 0.0, "Total Cost": 380137.49, "Plan Rows": 1135757, "Plan Width": 0, "Index Cond": "((l_shipdate >= '1994-01-01 00:00:00'::timestamp(0) without time zone) AND (l_shipdate < '1995-01-01 00:00:00'::timestamp without time zone) AND (l_discount >= .05::double precision) AND (l_discount <= .07::double precision) AND (l_quantity < 24::double precision))"}]}]}, "Unique SQL Id": 4176715123, "Planner Runtime": 0}, "explain_analyze_plan": {"Plan": {"Node Type": "Aggregate", "Strategy": "Plain", "Startup Cost": 1813598.15, "Total Cost": 1813598.16, "Plan Rows": 1, "Plan Width": 24, "Actual Startup Time": 4423.886, "Actual Total Time": 4423.886, "Actual Rows": 1, "Actual Loops": 1, "Plans": [{"Node Type": "Bitmap Heap Scan", "Parent Relationship": "Outer", "Relation Name": "lineitem", "Alias": "lineitem", "Startup Cost": 380421.43, "Total Cost": 1807919.37, "Plan Rows": 1135757, "Plan Width": 16, "Actual Startup Time": 2158.948, "Actual Total Time": 4085.414, "Actual Rows": 1139264, "Actual Loops": 1, "Recheck Cond": "((l_shipdate >= '1994-01-01 00:00:00'::timestamp(0) without time zone) AND (l_shipdate < '1995-01-01 00:00:00'::timestamp without time zone) AND (l_discount >= .05::double precision) AND (l_discount <= .07::double precision) AND (l_quantity < 24::double precision)), (LLVM Optimized, Jit Execute)", "Rows Removed by Index Recheck": 0, "Exact Heap Blocks": 699048, "Lossy Heap Blocks": 699048, "Plans": [{"Node Type": "Bitmap Index Scan", "Parent Relationship": "Outer", "Index Name": "idx_lineitem_shipdate", "Startup Cost": 0.0, "Total Cost": 380137.49, "Plan Rows": 1135757, "Plan Width": 0, "Actual Startup Time": 1833.734, "Actual Total Time": 1833.734, "Actual Rows": 1139264, "Actual Loops": 1, "Index Cond": "((l_shipdate >= '1994-01-01 00:00:00'::timestamp(0) without time zone) AND (l_shipdate < '1995-01-01 00:00:00'::timestamp without time zone) AND (l_discount >= .05::double precision) AND (l_discount <= .07::double precision) AND (l_quantity < 24::double precision))"}]}]}, "Triggers": [], "Planner Runtime": 0, "Total Runtime": 4434.671, "Unique SQL Id": 4176715123}}, "(16, 22)": {"explain_plan": {"Plan": {"Node Type": "Aggregate", "Strategy": "Plain", "Startup Cost": 1813598.15, "Total Cost": 1813598.16, "Plan Rows": 1, "Plan Width": 24, "Plans": [{"Node Type": "Bitmap Heap Scan", "Parent Relationship": "Outer", "Relation Name": "lineitem", "Alias": "lineitem", "Startup Cost": 380421.43, "Total Cost": 1807919.37, "Plan Rows": 1135757, "Plan Width": 16, "Recheck Cond": "((l_shipdate >= '1994-01-01 00:00:00'::timestamp(0) without time zone) AND (l_shipdate < '1995-01-01 00:00:00'::timestamp without time zone) AND (l_discount >= .05::double precision) AND (l_discount <= .07::double precision) AND (l_quantity < 24::double precision)), (LLVM Optimized)", "Plans": [{"Node Type": "Bitmap Index Scan", "Parent Relationship": "Outer", "Index Name": "idx_lineitem_shipdate", "Startup Cost": 0.0, "Total Cost": 380137.49, "Plan Rows": 1135757, "Plan Width": 0, "Index Cond": "((l_shipdate >= '1994-01-01 00:00:00'::timestamp(0) without time zone) AND (l_shipdate < '1995-01-01 00:00:00'::timestamp without time zone) AND (l_discount >= .05::double precision) AND (l_discount <= .07::double precision) AND (l_quantity < 24::double precision))"}]}]}, "Unique SQL Id": 4176715123, "Planner Runtime": 0}, "explain_analyze_plan": {"Plan": {"Node Type": "Aggregate", "Strategy": "Plain", "Startup Cost": 1813598.15, "Total Cost": 1813598.16, "Plan Rows": 1, "Plan Width": 24, "Actual Startup Time": 4423.886, "Actual Total Time": 4423.886, "Actual Rows": 1, "Actual Loops": 1, "Plans": [{"Node Type": "Bitmap Heap Scan", "Parent Relationship": "Outer", "Relation Name": "lineitem", "Alias": "lineitem", "Startup Cost": 380421.43, "Total Cost": 1807919.37, "Plan Rows": 1135757, "Plan Width": 16, "Actual Startup Time": 2158.948, "Actual Total Time": 4085.414, "Actual Rows": 1139264, "Actual Loops": 1, "Recheck Cond": "((l_shipdate >= '1994-01-01 00:00:00'::timestamp(0) without time zone) AND (l_shipdate < '1995-01-01 00:00:00'::timestamp without time zone) AND (l_discount >= .05::double precision) AND (l_discount <= .07::double precision) AND (l_quantity < 24::double precision)), (LLVM Optimized, Jit Execute)", "Rows Removed by Index Recheck": 0, "Exact Heap Blocks": 699048, "Lossy Heap Blocks": 699048, "Plans": [{"Node Type": "Bitmap Index Scan", "Parent Relationship": "Outer", "Index Name": "idx_lineitem_shipdate", "Startup Cost": 0.0, "Total Cost": 380137.49, "Plan Rows": 1135757, "Plan Width": 0, "Actual Startup Time": 1833.734, "Actual Total Time": 1833.734, "Actual Rows": 1139264, "Actual Loops": 1, "Index Cond": "((l_shipdate >= '1994-01-01 00:00:00'::timestamp(0) without time zone) AND (l_shipdate < '1995-01-01 00:00:00'::timestamp without time zone) AND (l_discount >= .05::double precision) AND (l_discount <= .07::double precision) AND (l_quantity < 24::double precision))"}]}]}, "Triggers": [], "Planner Runtime": 0, "Total Runtime": 4434.671, "Unique SQL Id": 4176715123}}, "(16, 23)": {"explain_plan": {"Plan": {"Node Type": "Aggregate", "Strategy": "Plain", "Startup Cost": 1813598.15, "Total Cost": 1813598.16, "Plan Rows": 1, "Plan Width": 24, "Plans": [{"Node Type": "Bitmap Heap Scan", "Parent Relationship": "Outer", "Relation Name": "lineitem", "Alias": "lineitem", "Startup Cost": 380421.43, "Total Cost": 1807919.37, "Plan Rows": 1135757, "Plan Width": 16, "Recheck Cond": "((l_shipdate >= '1994-01-01 00:00:00'::timestamp(0) without time zone) AND (l_shipdate < '1995-01-01 00:00:00'::timestamp without time zone) AND (l_discount >= .05::double precision) AND (l_discount <= .07::double precision) AND (l_quantity < 24::double precision)), (LLVM Optimized)", "Plans": [{"Node Type": "Bitmap Index Scan", "Parent Relationship": "Outer", "Index Name": "idx_lineitem_shipdate", "Startup Cost": 0.0, "Total Cost": 380137.49, "Plan Rows": 1135757, "Plan Width": 0, "Index Cond": "((l_shipdate >= '1994-01-01 00:00:00'::timestamp(0) without time zone) AND (l_shipdate < '1995-01-01 00:00:00'::timestamp without time zone) AND (l_discount >= .05::double precision) AND (l_discount <= .07::double precision) AND (l_quantity < 24::double precision))"}]}]}, "Unique SQL Id": 4176715123, "Planner Runtime": 0}, "explain_analyze_plan": {"Plan": {"Node Type": "Aggregate", "Strategy": "Plain", "Startup Cost": 1813598.15, "Total Cost": 1813598.16, "Plan Rows": 1, "Plan Width": 24, "Actual Startup Time": 4423.886, "Actual Total Time": 4423.886, "Actual Rows": 1, "Actual Loops": 1, "Plans": [{"Node Type": "Bitmap Heap Scan", "Parent Relationship": "Outer", "Relation Name": "lineitem", "Alias": "lineitem", "Startup Cost": 380421.43, "Total Cost": 1807919.37, "Plan Rows": 1135757, "Plan Width": 16, "Actual Startup Time": 2158.948, "Actual Total Time": 4085.414, "Actual Rows": 1139264, "Actual Loops": 1, "Recheck Cond": "((l_shipdate >= '1994-01-01 00:00:00'::timestamp(0) without time zone) AND (l_shipdate < '1995-01-01 00:00:00'::timestamp without time zone) AND (l_discount >= .05::double precision) AND (l_discount <= .07::double precision) AND (l_quantity < 24::double precision)), (LLVM Optimized, Jit Execute)", "Rows Removed by Index Recheck": 0, "Exact Heap Blocks": 699048, "Lossy Heap Blocks": 699048, "Plans": [{"Node Type": "Bitmap Index Scan", "Parent Relationship": "Outer", "Index Name": "idx_lineitem_shipdate", "Startup Cost": 0.0, "Total Cost": 380137.49, "Plan Rows": 1135757, "Plan Width": 0, "Actual Startup Time": 1833.734, "Actual Total Time": 1833.734, "Actual Rows": 1139264, "Actual Loops": 1, "Index Cond": "((l_shipdate >= '1994-01-01 00:00:00'::timestamp(0) without time zone) AND (l_shipdate < '1995-01-01 00:00:00'::timestamp without time zone) AND (l_discount >= .05::double precision) AND (l_discount <= .07::double precision) AND (l_quantity < 24::double precision))"}]}]}, "Triggers": [], "Planner Runtime": 0, "Total Runtime": 4434.671, "Unique SQL Id": 4176715123}}, "(16, 24)": {"explain_plan": {"Plan": {"Node Type": "Aggregate", "Strategy": "Plain", "Startup Cost": 2770632.03, "Total Cost": 2770632.04, "Plan Rows": 1, "Plan Width": 24, "Plans": [{"Node Type": "Seq Scan", "Parent Relationship": "Outer", "Relation Name": "lineitem", "Alias": "lineitem", "Startup Cost": 110964.75, "Total Cost": 2764953.24, "Plan Rows": 1135757, "Plan Width": 16, "Filter": "((l_shipdate >= '1994-01-01 00:00:00'::timestamp(0) without time zone) AND (l_shipdate < '1995-01-01 00:00:00'::timestamp without time zone) AND (l_discount >= .05::double precision) AND (l_discount <= .07::double precision) AND (l_quantity < 24::double precision)), (LLVM Optimized)"}]}, "Unique SQL Id": 4176715123, "Planner Runtime": 0}, "explain_analyze_plan": null}, "(16, 25)": {"explain_plan": {"Plan": {"Node Type": "Aggregate", "Strategy": "Plain", "Startup Cost": 3639281.83, "Total Cost": 3639281.84, "Plan Rows": 1, "Plan Width": 24, "Plans": [{"Node Type": "Index Scan", "Parent Relationship": "Outer", "Scan Direction": "Forward", "Index Name": "idx_lineitem_shipdate", "Relation Name": "lineitem", "Alias": "lineitem", "Startup Cost": 0.0, "Total Cost": 3633603.05, "Plan Rows": 1135757, "Plan Width": 16, "Index Cond": "((l_shipdate >= '1994-01-01 00:00:00'::timestamp(0) without time zone) AND (l_shipdate < '1995-01-01 00:00:00'::timestamp without time zone) AND (l_discount >= .05::double precision) AND (l_discount <= .07::double precision) AND (l_quantity < 24::double precision)), (LLVM Optimized)"}]}, "Unique SQL Id": 4176715123, "Planner Runtime": 0}, "explain_analyze_plan": {"Plan": {"Node Type": "Aggregate", "Strategy": "Plain", "Startup Cost": 3639281.83, "Total Cost": 3639281.84, "Plan Rows": 1, "Plan Width": 24, "Actual Startup Time": 4536.464, "Actual Total Time": 4536.466, "Actual Rows": 1, "Actual Loops": 1, "Plans": [{"Node Type": "Index Scan", "Parent Relationship": "Outer", "Scan Direction": "Forward", "Index Name": "idx_lineitem_shipdate", "Relation Name": "lineitem", "Alias": "lineitem", "Startup Cost": 0.0, "Total Cost": 3633603.05, "Plan Rows": 1135757, "Plan Width": 16, "Actual Startup Time": 0.078, "Actual Total Time": 4185.716, "Actual Rows": 1139264, "Actual Loops": 1, "Index Cond": "((l_shipdate >= '1994-01-01 00:00:00'::timestamp(0) without time zone) AND (l_shipdate < '1995-01-01 00:00:00'::timestamp without time zone) AND (l_discount >= .05::double precision) AND (l_discount <= .07::double precision) AND (l_quantity < 24::double precision)), (LLVM Optimized, Jit Execute)", "Rows Removed by Index Recheck": 0}]}, "Triggers": [], "Planner Runtime": 0, "Total Runtime": 4546.244, "Unique SQL Id": 4176715123}}, "(16, 26)": {"explain_plan": {"Plan": {"Node Type": "Aggregate", "Strategy": "Plain", "Startup Cost": 2770632.03, "Total Cost": 2770632.04, "Plan Rows": 1, "Plan Width": 24, "Plans": [{"Node Type": "Seq Scan", "Parent Relationship": "Outer", "Relation Name": "lineitem", "Alias": "lineitem", "Startup Cost": 110964.75, "Total Cost": 2764953.24, "Plan Rows": 1135757, "Plan Width": 16, "Filter": "((l_shipdate >= '1994-01-01 00:00:00'::timestamp(0) without time zone) AND (l_shipdate < '1995-01-01 00:00:00'::timestamp without time zone) AND (l_discount >= .05::double precision) AND (l_discount <= .07::double precision) AND (l_quantity < 24::double precision)), (LLVM Optimized)"}]}, "Unique SQL Id": 4176715123, "Planner Runtime": 0}, "explain_analyze_plan": null}, "(16, 27)": {"explain_plan": {"Plan": {"Node Type": "Aggregate", "Strategy": "Plain", "Startup Cost": 1000276501003.04, "Total Cost": 1000276501003.05, "Plan Rows": 1, "Plan Width": 24, "Plans": [{"Node Type": "Seq Scan", "Parent Relationship": "Outer", "Relation Name": "lineitem", "Alias": "lineitem", "Startup Cost": 10000109520.02, "Total Cost": 1000276495324.25, "Plan Rows": 1135757, "Plan Width": 16, "Filter": "((l_shipdate >= '1994-01-01 00:00:00'::timestamp(0) without time zone) AND (l_shipdate < '1995-01-01 00:00:00'::timestamp without time zone) AND (l_discount >= .05::double precision) AND (l_discount <= .07::double precision) AND (l_quantity < 24::double precision)), (LLVM Optimized)"}]}, "Unique SQL Id": 4176715123, "Planner Runtime": 0}, "explain_analyze_plan": null}, "(16, 28)": {"explain_plan": {"Plan": {"Node Type": "Aggregate", "Strategy": "Plain", "Startup Cost": 2770632.03, "Total Cost": 2770632.04, "Plan Rows": 1, "Plan Width": 24, "Plans": [{"Node Type": "Seq Scan", "Parent Relationship": "Outer", "Relation Name": "lineitem", "Alias": "lineitem", "Startup Cost": 110964.75, "Total Cost": 2764953.24, "Plan Rows": 1135757, "Plan Width": 16, "Filter": "((l_shipdate >= '1994-01-01 00:00:00'::timestamp(0) without time zone) AND (l_shipdate < '1995-01-01 00:00:00'::timestamp without time zone) AND (l_discount >= .05::double precision) AND (l_discount <= .07::double precision) AND (l_quantity < 24::double precision)), (LLVM Optimized)"}]}, "Unique SQL Id": 4176715123, "Planner Runtime": 0}, "explain_analyze_plan": null}, "(16, 29)": {"explain_plan": {"Plan": {"Node Type": "Aggregate", "Strategy": "Plain", "Startup Cost": 3639281.83, "Total Cost": 3639281.84, "Plan Rows": 1, "Plan Width": 24, "Plans": [{"Node Type": "Index Scan", "Parent Relationship": "Outer", "Scan Direction": "Forward", "Index Name": "idx_lineitem_shipdate", "Relation Name": "lineitem", "Alias": "lineitem", "Startup Cost": 0.0, "Total Cost": 3633603.05, "Plan Rows": 1135757, "Plan Width": 16, "Index Cond": "((l_shipdate >= '1994-01-01 00:00:00'::timestamp(0) without time zone) AND (l_shipdate < '1995-01-01 00:00:00'::timestamp without time zone) AND (l_discount >= .05::double precision) AND (l_discount <= .07::double precision) AND (l_quantity < 24::double precision)), (LLVM Optimized)"}]}, "Unique SQL Id": 4176715123, "Planner Runtime": 0}, "explain_analyze_plan": {"Plan": {"Node Type": "Aggregate", "Strategy": "Plain", "Startup Cost": 3639281.83, "Total Cost": 3639281.84, "Plan Rows": 1, "Plan Width": 24, "Actual Startup Time": 4536.464, "Actual Total Time": 4536.466, "Actual Rows": 1, "Actual Loops": 1, "Plans": [{"Node Type": "Index Scan", "Parent Relationship": "Outer", "Scan Direction": "Forward", "Index Name": "idx_lineitem_shipdate", "Relation Name": "lineitem", "Alias": "lineitem", "Startup Cost": 0.0, "Total Cost": 3633603.05, "Plan Rows": 1135757, "Plan Width": 16, "Actual Startup Time": 0.078, "Actual Total Time": 4185.716, "Actual Rows": 1139264, "Actual Loops": 1, "Index Cond": "((l_shipdate >= '1994-01-01 00:00:00'::timestamp(0) without time zone) AND (l_shipdate < '1995-01-01 00:00:00'::timestamp without time zone) AND (l_discount >= .05::double precision) AND (l_discount <= .07::double precision) AND (l_quantity < 24::double precision)), (LLVM Optimized, Jit Execute)", "Rows Removed by Index Recheck": 0}]}, "Triggers": [], "Planner Runtime": 0, "Total Runtime": 4546.244, "Unique SQL Id": 4176715123}}, "(16, 30)": {"explain_plan": {"Plan": {"Node Type": "Aggregate", "Strategy": "Plain", "Startup Cost": 2770632.03, "Total Cost": 2770632.04, "Plan Rows": 1, "Plan Width": 24, "Plans": [{"Node Type": "Seq Scan", "Parent Relationship": "Outer", "Relation Name": "lineitem", "Alias": "lineitem", "Startup Cost": 110964.75, "Total Cost": 2764953.24, "Plan Rows": 1135757, "Plan Width": 16, "Filter": "((l_shipdate >= '1994-01-01 00:00:00'::timestamp(0) without time zone) AND (l_shipdate < '1995-01-01 00:00:00'::timestamp without time zone) AND (l_discount >= .05::double precision) AND (l_discount <= .07::double precision) AND (l_quantity < 24::double precision)), (LLVM Optimized)"}]}, "Unique SQL Id": 4176715123, "Planner Runtime": 0}, "explain_analyze_plan": null}, "(16, 31)": {"explain_plan": {"Plan": {"Node Type": "Aggregate", "Strategy": "Plain", "Startup Cost": 1000276501003.04, "Total Cost": 1000276501003.05, "Plan Rows": 1, "Plan Width": 24, "Plans": [{"Node Type": "Seq Scan", "Parent Relationship": "Outer", "Relation Name": "lineitem", "Alias": "lineitem", "Startup Cost": 10000109520.02, "Total Cost": 1000276495324.25, "Plan Rows": 1135757, "Plan Width": 16, "Filter": "((l_shipdate >= '1994-01-01 00:00:00'::timestamp(0) without time zone) AND (l_shipdate < '1995-01-01 00:00:00'::timestamp without time zone) AND (l_discount >= .05::double precision) AND (l_discount <= .07::double precision) AND (l_quantity < 24::double precision)), (LLVM Optimized)"}]}, "Unique SQL Id": 4176715123, "Planner Runtime": 0}, "explain_analyze_plan": null}, "(16, 32)": {"explain_plan": {"Plan": {"Node Type": "Aggregate", "Strategy": "Plain", "Startup Cost": 1813598.15, "Total Cost": 1813598.16, "Plan Rows": 1, "Plan Width": 24, "Plans": [{"Node Type": "Bitmap Heap Scan", "Parent Relationship": "Outer", "Relation Name": "lineitem", "Alias": "lineitem", "Startup Cost": 380421.43, "Total Cost": 1807919.37, "Plan Rows": 1135757, "Plan Width": 16, "Recheck Cond": "((l_shipdate >= '1994-01-01 00:00:00'::timestamp(0) without time zone) AND (l_shipdate < '1995-01-01 00:00:00'::timestamp without time zone) AND (l_discount >= .05::double precision) AND (l_discount <= .07::double precision) AND (l_quantity < 24::double precision)), (LLVM Optimized)", "Plans": [{"Node Type": "Bitmap Index Scan", "Parent Relationship": "Outer", "Index Name": "idx_lineitem_shipdate", "Startup Cost": 0.0, "Total Cost": 380137.49, "Plan Rows": 1135757, "Plan Width": 0, "Index Cond": "((l_shipdate >= '1994-01-01 00:00:00'::timestamp(0) without time zone) AND (l_shipdate < '1995-01-01 00:00:00'::timestamp without time zone) AND (l_discount >= .05::double precision) AND (l_discount <= .07::double precision) AND (l_quantity < 24::double precision))"}]}]}, "Unique SQL Id": 4176715123, "Planner Runtime": 0}, "explain_analyze_plan": {"Plan": {"Node Type": "Aggregate", "Strategy": "Plain", "Startup Cost": 1813598.15, "Total Cost": 1813598.16, "Plan Rows": 1, "Plan Width": 24, "Actual Startup Time": 4423.886, "Actual Total Time": 4423.886, "Actual Rows": 1, "Actual Loops": 1, "Plans": [{"Node Type": "Bitmap Heap Scan", "Parent Relationship": "Outer", "Relation Name": "lineitem", "Alias": "lineitem", "Startup Cost": 380421.43, "Total Cost": 1807919.37, "Plan Rows": 1135757, "Plan Width": 16, "Actual Startup Time": 2158.948, "Actual Total Time": 4085.414, "Actual Rows": 1139264, "Actual Loops": 1, "Recheck Cond": "((l_shipdate >= '1994-01-01 00:00:00'::timestamp(0) without time zone) AND (l_shipdate < '1995-01-01 00:00:00'::timestamp without time zone) AND (l_discount >= .05::double precision) AND (l_discount <= .07::double precision) AND (l_quantity < 24::double precision)), (LLVM Optimized, Jit Execute)", "Rows Removed by Index Recheck": 0, "Exact Heap Blocks": 699048, "Lossy Heap Blocks": 699048, "Plans": [{"Node Type": "Bitmap Index Scan", "Parent Relationship": "Outer", "Index Name": "idx_lineitem_shipdate", "Startup Cost": 0.0, "Total Cost": 380137.49, "Plan Rows": 1135757, "Plan Width": 0, "Actual Startup Time": 1833.734, "Actual Total Time": 1833.734, "Actual Rows": 1139264, "Actual Loops": 1, "Index Cond": "((l_shipdate >= '1994-01-01 00:00:00'::timestamp(0) without time zone) AND (l_shipdate < '1995-01-01 00:00:00'::timestamp without time zone) AND (l_discount >= .05::double precision) AND (l_discount <= .07::double precision) AND (l_quantity < 24::double precision))"}]}]}, "Triggers": [], "Planner Runtime": 0, "Total Runtime": 4434.671, "Unique SQL Id": 4176715123}}, "(16, 33)": {"explain_plan": {"Plan": {"Node Type": "Aggregate", "Strategy": "Plain", "Startup Cost": 1813598.15, "Total Cost": 1813598.16, "Plan Rows": 1, "Plan Width": 24, "Plans": [{"Node Type": "Bitmap Heap Scan", "Parent Relationship": "Outer", "Relation Name": "lineitem", "Alias": "lineitem", "Startup Cost": 380421.43, "Total Cost": 1807919.37, "Plan Rows": 1135757, "Plan Width": 16, "Recheck Cond": "((l_shipdate >= '1994-01-01 00:00:00'::timestamp(0) without time zone) AND (l_shipdate < '1995-01-01 00:00:00'::timestamp without time zone) AND (l_discount >= .05::double precision) AND (l_discount <= .07::double precision) AND (l_quantity < 24::double precision)), (LLVM Optimized)", "Plans": [{"Node Type": "Bitmap Index Scan", "Parent Relationship": "Outer", "Index Name": "idx_lineitem_shipdate", "Startup Cost": 0.0, "Total Cost": 380137.49, "Plan Rows": 1135757, "Plan Width": 0, "Index Cond": "((l_shipdate >= '1994-01-01 00:00:00'::timestamp(0) without time zone) AND (l_shipdate < '1995-01-01 00:00:00'::timestamp without time zone) AND (l_discount >= .05::double precision) AND (l_discount <= .07::double precision) AND (l_quantity < 24::double precision))"}]}]}, "Unique SQL Id": 4176715123, "Planner Runtime": 0}, "explain_analyze_plan": {"Plan": {"Node Type": "Aggregate", "Strategy": "Plain", "Startup Cost": 1813598.15, "Total Cost": 1813598.16, "Plan Rows": 1, "Plan Width": 24, "Actual Startup Time": 4423.886, "Actual Total Time": 4423.886, "Actual Rows": 1, "Actual Loops": 1, "Plans": [{"Node Type": "Bitmap Heap Scan", "Parent Relationship": "Outer", "Relation Name": "lineitem", "Alias": "lineitem", "Startup Cost": 380421.43, "Total Cost": 1807919.37, "Plan Rows": 1135757, "Plan Width": 16, "Actual Startup Time": 2158.948, "Actual Total Time": 4085.414, "Actual Rows": 1139264, "Actual Loops": 1, "Recheck Cond": "((l_shipdate >= '1994-01-01 00:00:00'::timestamp(0) without time zone) AND (l_shipdate < '1995-01-01 00:00:00'::timestamp without time zone) AND (l_discount >= .05::double precision) AND (l_discount <= .07::double precision) AND (l_quantity < 24::double precision)), (LLVM Optimized, Jit Execute)", "Rows Removed by Index Recheck": 0, "Exact Heap Blocks": 699048, "Lossy Heap Blocks": 699048, "Plans": [{"Node Type": "Bitmap Index Scan", "Parent Relationship": "Outer", "Index Name": "idx_lineitem_shipdate", "Startup Cost": 0.0, "Total Cost": 380137.49, "Plan Rows": 1135757, "Plan Width": 0, "Actual Startup Time": 1833.734, "Actual Total Time": 1833.734, "Actual Rows": 1139264, "Actual Loops": 1, "Index Cond": "((l_shipdate >= '1994-01-01 00:00:00'::timestamp(0) without time zone) AND (l_shipdate < '1995-01-01 00:00:00'::timestamp without time zone) AND (l_discount >= .05::double precision) AND (l_discount <= .07::double precision) AND (l_quantity < 24::double precision))"}]}]}, "Triggers": [], "Planner Runtime": 0, "Total Runtime": 4434.671, "Unique SQL Id": 4176715123}}, "(16, 34)": {"explain_plan": {"Plan": {"Node Type": "Aggregate", "Strategy": "Plain", "Startup Cost": 1813598.15, "Total Cost": 1813598.16, "Plan Rows": 1, "Plan Width": 24, "Plans": [{"Node Type": "Bitmap Heap Scan", "Parent Relationship": "Outer", "Relation Name": "lineitem", "Alias": "lineitem", "Startup Cost": 380421.43, "Total Cost": 1807919.37, "Plan Rows": 1135757, "Plan Width": 16, "Recheck Cond": "((l_shipdate >= '1994-01-01 00:00:00'::timestamp(0) without time zone) AND (l_shipdate < '1995-01-01 00:00:00'::timestamp without time zone) AND (l_discount >= .05::double precision) AND (l_discount <= .07::double precision) AND (l_quantity < 24::double precision)), (LLVM Optimized)", "Plans": [{"Node Type": "Bitmap Index Scan", "Parent Relationship": "Outer", "Index Name": "idx_lineitem_shipdate", "Startup Cost": 0.0, "Total Cost": 380137.49, "Plan Rows": 1135757, "Plan Width": 0, "Index Cond": "((l_shipdate >= '1994-01-01 00:00:00'::timestamp(0) without time zone) AND (l_shipdate < '1995-01-01 00:00:00'::timestamp without time zone) AND (l_discount >= .05::double precision) AND (l_discount <= .07::double precision) AND (l_quantity < 24::double precision))"}]}]}, "Unique SQL Id": 4176715123, "Planner Runtime": 0}, "explain_analyze_plan": {"Plan": {"Node Type": "Aggregate", "Strategy": "Plain", "Startup Cost": 1813598.15, "Total Cost": 1813598.16, "Plan Rows": 1, "Plan Width": 24, "Actual Startup Time": 4423.886, "Actual Total Time": 4423.886, "Actual Rows": 1, "Actual Loops": 1, "Plans": [{"Node Type": "Bitmap Heap Scan", "Parent Relationship": "Outer", "Relation Name": "lineitem", "Alias": "lineitem", "Startup Cost": 380421.43, "Total Cost": 1807919.37, "Plan Rows": 1135757, "Plan Width": 16, "Actual Startup Time": 2158.948, "Actual Total Time": 4085.414, "Actual Rows": 1139264, "Actual Loops": 1, "Recheck Cond": "((l_shipdate >= '1994-01-01 00:00:00'::timestamp(0) without time zone) AND (l_shipdate < '1995-01-01 00:00:00'::timestamp without time zone) AND (l_discount >= .05::double precision) AND (l_discount <= .07::double precision) AND (l_quantity < 24::double precision)), (LLVM Optimized, Jit Execute)", "Rows Removed by Index Recheck": 0, "Exact Heap Blocks": 699048, "Lossy Heap Blocks": 699048, "Plans": [{"Node Type": "Bitmap Index Scan", "Parent Relationship": "Outer", "Index Name": "idx_lineitem_shipdate", "Startup Cost": 0.0, "Total Cost": 380137.49, "Plan Rows": 1135757, "Plan Width": 0, "Actual Startup Time": 1833.734, "Actual Total Time": 1833.734, "Actual Rows": 1139264, "Actual Loops": 1, "Index Cond": "((l_shipdate >= '1994-01-01 00:00:00'::timestamp(0) without time zone) AND (l_shipdate < '1995-01-01 00:00:00'::timestamp without time zone) AND (l_discount >= .05::double precision) AND (l_discount <= .07::double precision) AND (l_quantity < 24::double precision))"}]}]}, "Triggers": [], "Planner Runtime": 0, "Total Runtime": 4434.671, "Unique SQL Id": 4176715123}}, "(16, 35)": {"explain_plan": {"Plan": {"Node Type": "Aggregate", "Strategy": "Plain", "Startup Cost": 1813598.15, "Total Cost": 1813598.16, "Plan Rows": 1, "Plan Width": 24, "Plans": [{"Node Type": "Bitmap Heap Scan", "Parent Relationship": "Outer", "Relation Name": "lineitem", "Alias": "lineitem", "Startup Cost": 380421.43, "Total Cost": 1807919.37, "Plan Rows": 1135757, "Plan Width": 16, "Recheck Cond": "((l_shipdate >= '1994-01-01 00:00:00'::timestamp(0) without time zone) AND (l_shipdate < '1995-01-01 00:00:00'::timestamp without time zone) AND (l_discount >= .05::double precision) AND (l_discount <= .07::double precision) AND (l_quantity < 24::double precision)), (LLVM Optimized)", "Plans": [{"Node Type": "Bitmap Index Scan", "Parent Relationship": "Outer", "Index Name": "idx_lineitem_shipdate", "Startup Cost": 0.0, "Total Cost": 380137.49, "Plan Rows": 1135757, "Plan Width": 0, "Index Cond": "((l_shipdate >= '1994-01-01 00:00:00'::timestamp(0) without time zone) AND (l_shipdate < '1995-01-01 00:00:00'::timestamp without time zone) AND (l_discount >= .05::double precision) AND (l_discount <= .07::double precision) AND (l_quantity < 24::double precision))"}]}]}, "Unique SQL Id": 4176715123, "Planner Runtime": 0}, "explain_analyze_plan": {"Plan": {"Node Type": "Aggregate", "Strategy": "Plain", "Startup Cost": 1813598.15, "Total Cost": 1813598.16, "Plan Rows": 1, "Plan Width": 24, "Actual Startup Time": 4423.886, "Actual Total Time": 4423.886, "Actual Rows": 1, "Actual Loops": 1, "Plans": [{"Node Type": "Bitmap Heap Scan", "Parent Relationship": "Outer", "Relation Name": "lineitem", "Alias": "lineitem", "Startup Cost": 380421.43, "Total Cost": 1807919.37, "Plan Rows": 1135757, "Plan Width": 16, "Actual Startup Time": 2158.948, "Actual Total Time": 4085.414, "Actual Rows": 1139264, "Actual Loops": 1, "Recheck Cond": "((l_shipdate >= '1994-01-01 00:00:00'::timestamp(0) without time zone) AND (l_shipdate < '1995-01-01 00:00:00'::timestamp without time zone) AND (l_discount >= .05::double precision) AND (l_discount <= .07::double precision) AND (l_quantity < 24::double precision)), (LLVM Optimized, Jit Execute)", "Rows Removed by Index Recheck": 0, "Exact Heap Blocks": 699048, "Lossy Heap Blocks": 699048, "Plans": [{"Node Type": "Bitmap Index Scan", "Parent Relationship": "Outer", "Index Name": "idx_lineitem_shipdate", "Startup Cost": 0.0, "Total Cost": 380137.49, "Plan Rows": 1135757, "Plan Width": 0, "Actual Startup Time": 1833.734, "Actual Total Time": 1833.734, "Actual Rows": 1139264, "Actual Loops": 1, "Index Cond": "((l_shipdate >= '1994-01-01 00:00:00'::timestamp(0) without time zone) AND (l_shipdate < '1995-01-01 00:00:00'::timestamp without time zone) AND (l_discount >= .05::double precision) AND (l_discount <= .07::double precision) AND (l_quantity < 24::double precision))"}]}]}, "Triggers": [], "Planner Runtime": 0, "Total Runtime": 4434.671, "Unique SQL Id": 4176715123}}, "(16, 36)": {"explain_plan": {"Plan": {"Node Type": "Aggregate", "Strategy": "Plain", "Startup Cost": 1813598.15, "Total Cost": 1813598.16, "Plan Rows": 1, "Plan Width": 24, "Plans": [{"Node Type": "Bitmap Heap Scan", "Parent Relationship": "Outer", "Relation Name": "lineitem", "Alias": "lineitem", "Startup Cost": 380421.43, "Total Cost": 1807919.37, "Plan Rows": 1135757, "Plan Width": 16, "Recheck Cond": "((l_shipdate >= '1994-01-01 00:00:00'::timestamp(0) without time zone) AND (l_shipdate < '1995-01-01 00:00:00'::timestamp without time zone) AND (l_discount >= .05::double precision) AND (l_discount <= .07::double precision) AND (l_quantity < 24::double precision)), (LLVM Optimized)", "Plans": [{"Node Type": "Bitmap Index Scan", "Parent Relationship": "Outer", "Index Name": "idx_lineitem_shipdate", "Startup Cost": 0.0, "Total Cost": 380137.49, "Plan Rows": 1135757, "Plan Width": 0, "Index Cond": "((l_shipdate >= '1994-01-01 00:00:00'::timestamp(0) without time zone) AND (l_shipdate < '1995-01-01 00:00:00'::timestamp without time zone) AND (l_discount >= .05::double precision) AND (l_discount <= .07::double precision) AND (l_quantity < 24::double precision))"}]}]}, "Unique SQL Id": 4176715123, "Planner Runtime": 0}, "explain_analyze_plan": {"Plan": {"Node Type": "Aggregate", "Strategy": "Plain", "Startup Cost": 1813598.15, "Total Cost": 1813598.16, "Plan Rows": 1, "Plan Width": 24, "Actual Startup Time": 4423.886, "Actual Total Time": 4423.886, "Actual Rows": 1, "Actual Loops": 1, "Plans": [{"Node Type": "Bitmap Heap Scan", "Parent Relationship": "Outer", "Relation Name": "lineitem", "Alias": "lineitem", "Startup Cost": 380421.43, "Total Cost": 1807919.37, "Plan Rows": 1135757, "Plan Width": 16, "Actual Startup Time": 2158.948, "Actual Total Time": 4085.414, "Actual Rows": 1139264, "Actual Loops": 1, "Recheck Cond": "((l_shipdate >= '1994-01-01 00:00:00'::timestamp(0) without time zone) AND (l_shipdate < '1995-01-01 00:00:00'::timestamp without time zone) AND (l_discount >= .05::double precision) AND (l_discount <= .07::double precision) AND (l_quantity < 24::double precision)), (LLVM Optimized, Jit Execute)", "Rows Removed by Index Recheck": 0, "Exact Heap Blocks": 699048, "Lossy Heap Blocks": 699048, "Plans": [{"Node Type": "Bitmap Index Scan", "Parent Relationship": "Outer", "Index Name": "idx_lineitem_shipdate", "Startup Cost": 0.0, "Total Cost": 380137.49, "Plan Rows": 1135757, "Plan Width": 0, "Actual Startup Time": 1833.734, "Actual Total Time": 1833.734, "Actual Rows": 1139264, "Actual Loops": 1, "Index Cond": "((l_shipdate >= '1994-01-01 00:00:00'::timestamp(0) without time zone) AND (l_shipdate < '1995-01-01 00:00:00'::timestamp without time zone) AND (l_discount >= .05::double precision) AND (l_discount <= .07::double precision) AND (l_quantity < 24::double precision))"}]}]}, "Triggers": [], "Planner Runtime": 0, "Total Runtime": 4434.671, "Unique SQL Id": 4176715123}}, "(16, 37)": {"explain_plan": {"Plan": {"Node Type": "Aggregate", "Strategy": "Plain", "Startup Cost": 1813598.15, "Total Cost": 1813598.16, "Plan Rows": 1, "Plan Width": 24, "Plans": [{"Node Type": "Bitmap Heap Scan", "Parent Relationship": "Outer", "Relation Name": "lineitem", "Alias": "lineitem", "Startup Cost": 380421.43, "Total Cost": 1807919.37, "Plan Rows": 1135757, "Plan Width": 16, "Recheck Cond": "((l_shipdate >= '1994-01-01 00:00:00'::timestamp(0) without time zone) AND (l_shipdate < '1995-01-01 00:00:00'::timestamp without time zone) AND (l_discount >= .05::double precision) AND (l_discount <= .07::double precision) AND (l_quantity < 24::double precision)), (LLVM Optimized)", "Plans": [{"Node Type": "Bitmap Index Scan", "Parent Relationship": "Outer", "Index Name": "idx_lineitem_shipdate", "Startup Cost": 0.0, "Total Cost": 380137.49, "Plan Rows": 1135757, "Plan Width": 0, "Index Cond": "((l_shipdate >= '1994-01-01 00:00:00'::timestamp(0) without time zone) AND (l_shipdate < '1995-01-01 00:00:00'::timestamp without time zone) AND (l_discount >= .05::double precision) AND (l_discount <= .07::double precision) AND (l_quantity < 24::double precision))"}]}]}, "Unique SQL Id": 4176715123, "Planner Runtime": 0}, "explain_analyze_plan": {"Plan": {"Node Type": "Aggregate", "Strategy": "Plain", "Startup Cost": 1813598.15, "Total Cost": 1813598.16, "Plan Rows": 1, "Plan Width": 24, "Actual Startup Time": 4423.886, "Actual Total Time": 4423.886, "Actual Rows": 1, "Actual Loops": 1, "Plans": [{"Node Type": "Bitmap Heap Scan", "Parent Relationship": "Outer", "Relation Name": "lineitem", "Alias": "lineitem", "Startup Cost": 380421.43, "Total Cost": 1807919.37, "Plan Rows": 1135757, "Plan Width": 16, "Actual Startup Time": 2158.948, "Actual Total Time": 4085.414, "Actual Rows": 1139264, "Actual Loops": 1, "Recheck Cond": "((l_shipdate >= '1994-01-01 00:00:00'::timestamp(0) without time zone) AND (l_shipdate < '1995-01-01 00:00:00'::timestamp without time zone) AND (l_discount >= .05::double precision) AND (l_discount <= .07::double precision) AND (l_quantity < 24::double precision)), (LLVM Optimized, Jit Execute)", "Rows Removed by Index Recheck": 0, "Exact Heap Blocks": 699048, "Lossy Heap Blocks": 699048, "Plans": [{"Node Type": "Bitmap Index Scan", "Parent Relationship": "Outer", "Index Name": "idx_lineitem_shipdate", "Startup Cost": 0.0, "Total Cost": 380137.49, "Plan Rows": 1135757, "Plan Width": 0, "Actual Startup Time": 1833.734, "Actual Total Time": 1833.734, "Actual Rows": 1139264, "Actual Loops": 1, "Index Cond": "((l_shipdate >= '1994-01-01 00:00:00'::timestamp(0) without time zone) AND (l_shipdate < '1995-01-01 00:00:00'::timestamp without time zone) AND (l_discount >= .05::double precision) AND (l_discount <= .07::double precision) AND (l_quantity < 24::double precision))"}]}]}, "Triggers": [], "Planner Runtime": 0, "Total Runtime": 4434.671, "Unique SQL Id": 4176715123}}, "(16, 38)": {"explain_plan": {"Plan": {"Node Type": "Aggregate", "Strategy": "Plain", "Startup Cost": 1813598.15, "Total Cost": 1813598.16, "Plan Rows": 1, "Plan Width": 24, "Plans": [{"Node Type": "Bitmap Heap Scan", "Parent Relationship": "Outer", "Relation Name": "lineitem", "Alias": "lineitem", "Startup Cost": 380421.43, "Total Cost": 1807919.37, "Plan Rows": 1135757, "Plan Width": 16, "Recheck Cond": "((l_shipdate >= '1994-01-01 00:00:00'::timestamp(0) without time zone) AND (l_shipdate < '1995-01-01 00:00:00'::timestamp without time zone) AND (l_discount >= .05::double precision) AND (l_discount <= .07::double precision) AND (l_quantity < 24::double precision)), (LLVM Optimized)", "Plans": [{"Node Type": "Bitmap Index Scan", "Parent Relationship": "Outer", "Index Name": "idx_lineitem_shipdate", "Startup Cost": 0.0, "Total Cost": 380137.49, "Plan Rows": 1135757, "Plan Width": 0, "Index Cond": "((l_shipdate >= '1994-01-01 00:00:00'::timestamp(0) without time zone) AND (l_shipdate < '1995-01-01 00:00:00'::timestamp without time zone) AND (l_discount >= .05::double precision) AND (l_discount <= .07::double precision) AND (l_quantity < 24::double precision))"}]}]}, "Unique SQL Id": 4176715123, "Planner Runtime": 0}, "explain_analyze_plan": {"Plan": {"Node Type": "Aggregate", "Strategy": "Plain", "Startup Cost": 1813598.15, "Total Cost": 1813598.16, "Plan Rows": 1, "Plan Width": 24, "Actual Startup Time": 4423.886, "Actual Total Time": 4423.886, "Actual Rows": 1, "Actual Loops": 1, "Plans": [{"Node Type": "Bitmap Heap Scan", "Parent Relationship": "Outer", "Relation Name": "lineitem", "Alias": "lineitem", "Startup Cost": 380421.43, "Total Cost": 1807919.37, "Plan Rows": 1135757, "Plan Width": 16, "Actual Startup Time": 2158.948, "Actual Total Time": 4085.414, "Actual Rows": 1139264, "Actual Loops": 1, "Recheck Cond": "((l_shipdate >= '1994-01-01 00:00:00'::timestamp(0) without time zone) AND (l_shipdate < '1995-01-01 00:00:00'::timestamp without time zone) AND (l_discount >= .05::double precision) AND (l_discount <= .07::double precision) AND (l_quantity < 24::double precision)), (LLVM Optimized, Jit Execute)", "Rows Removed by Index Recheck": 0, "Exact Heap Blocks": 699048, "Lossy Heap Blocks": 699048, "Plans": [{"Node Type": "Bitmap Index Scan", "Parent Relationship": "Outer", "Index Name": "idx_lineitem_shipdate", "Startup Cost": 0.0, "Total Cost": 380137.49, "Plan Rows": 1135757, "Plan Width": 0, "Actual Startup Time": 1833.734, "Actual Total Time": 1833.734, "Actual Rows": 1139264, "Actual Loops": 1, "Index Cond": "((l_shipdate >= '1994-01-01 00:00:00'::timestamp(0) without time zone) AND (l_shipdate < '1995-01-01 00:00:00'::timestamp without time zone) AND (l_discount >= .05::double precision) AND (l_discount <= .07::double precision) AND (l_quantity < 24::double precision))"}]}]}, "Triggers": [], "Planner Runtime": 0, "Total Runtime": 4434.671, "Unique SQL Id": 4176715123}}, "(16, 39)": {"explain_plan": {"Plan": {"Node Type": "Aggregate", "Strategy": "Plain", "Startup Cost": 1813598.15, "Total Cost": 1813598.16, "Plan Rows": 1, "Plan Width": 24, "Plans": [{"Node Type": "Bitmap Heap Scan", "Parent Relationship": "Outer", "Relation Name": "lineitem", "Alias": "lineitem", "Startup Cost": 380421.43, "Total Cost": 1807919.37, "Plan Rows": 1135757, "Plan Width": 16, "Recheck Cond": "((l_shipdate >= '1994-01-01 00:00:00'::timestamp(0) without time zone) AND (l_shipdate < '1995-01-01 00:00:00'::timestamp without time zone) AND (l_discount >= .05::double precision) AND (l_discount <= .07::double precision) AND (l_quantity < 24::double precision)), (LLVM Optimized)", "Plans": [{"Node Type": "Bitmap Index Scan", "Parent Relationship": "Outer", "Index Name": "idx_lineitem_shipdate", "Startup Cost": 0.0, "Total Cost": 380137.49, "Plan Rows": 1135757, "Plan Width": 0, "Index Cond": "((l_shipdate >= '1994-01-01 00:00:00'::timestamp(0) without time zone) AND (l_shipdate < '1995-01-01 00:00:00'::timestamp without time zone) AND (l_discount >= .05::double precision) AND (l_discount <= .07::double precision) AND (l_quantity < 24::double precision))"}]}]}, "Unique SQL Id": 4176715123, "Planner Runtime": 0}, "explain_analyze_plan": {"Plan": {"Node Type": "Aggregate", "Strategy": "Plain", "Startup Cost": 1813598.15, "Total Cost": 1813598.16, "Plan Rows": 1, "Plan Width": 24, "Actual Startup Time": 4423.886, "Actual Total Time": 4423.886, "Actual Rows": 1, "Actual Loops": 1, "Plans": [{"Node Type": "Bitmap Heap Scan", "Parent Relationship": "Outer", "Relation Name": "lineitem", "Alias": "lineitem", "Startup Cost": 380421.43, "Total Cost": 1807919.37, "Plan Rows": 1135757, "Plan Width": 16, "Actual Startup Time": 2158.948, "Actual Total Time": 4085.414, "Actual Rows": 1139264, "Actual Loops": 1, "Recheck Cond": "((l_shipdate >= '1994-01-01 00:00:00'::timestamp(0) without time zone) AND (l_shipdate < '1995-01-01 00:00:00'::timestamp without time zone) AND (l_discount >= .05::double precision) AND (l_discount <= .07::double precision) AND (l_quantity < 24::double precision)), (LLVM Optimized, Jit Execute)", "Rows Removed by Index Recheck": 0, "Exact Heap Blocks": 699048, "Lossy Heap Blocks": 699048, "Plans": [{"Node Type": "Bitmap Index Scan", "Parent Relationship": "Outer", "Index Name": "idx_lineitem_shipdate", "Startup Cost": 0.0, "Total Cost": 380137.49, "Plan Rows": 1135757, "Plan Width": 0, "Actual Startup Time": 1833.734, "Actual Total Time": 1833.734, "Actual Rows": 1139264, "Actual Loops": 1, "Index Cond": "((l_shipdate >= '1994-01-01 00:00:00'::timestamp(0) without time zone) AND (l_shipdate < '1995-01-01 00:00:00'::timestamp without time zone) AND (l_discount >= .05::double precision) AND (l_discount <= .07::double precision) AND (l_quantity < 24::double precision))"}]}]}, "Triggers": [], "Planner Runtime": 0, "Total Runtime": 4434.671, "Unique SQL Id": 4176715123}}, "(16, 40)": {"explain_plan": {"Plan": {"Node Type": "Aggregate", "Strategy": "Plain", "Startup Cost": 2770632.03, "Total Cost": 2770632.04, "Plan Rows": 1, "Plan Width": 24, "Plans": [{"Node Type": "Seq Scan", "Parent Relationship": "Outer", "Relation Name": "lineitem", "Alias": "lineitem", "Startup Cost": 110964.75, "Total Cost": 2764953.24, "Plan Rows": 1135757, "Plan Width": 16, "Filter": "((l_shipdate >= '1994-01-01 00:00:00'::timestamp(0) without time zone) AND (l_shipdate < '1995-01-01 00:00:00'::timestamp without time zone) AND (l_discount >= .05::double precision) AND (l_discount <= .07::double precision) AND (l_quantity < 24::double precision)), (LLVM Optimized)"}]}, "Unique SQL Id": 4176715123, "Planner Runtime": 0}, "explain_analyze_plan": null}, "(16, 41)": {"explain_plan": {"Plan": {"Node Type": "Aggregate", "Strategy": "Plain", "Startup Cost": 3639281.83, "Total Cost": 3639281.84, "Plan Rows": 1, "Plan Width": 24, "Plans": [{"Node Type": "Index Scan", "Parent Relationship": "Outer", "Scan Direction": "Forward", "Index Name": "idx_lineitem_shipdate", "Relation Name": "lineitem", "Alias": "lineitem", "Startup Cost": 0.0, "Total Cost": 3633603.05, "Plan Rows": 1135757, "Plan Width": 16, "Index Cond": "((l_shipdate >= '1994-01-01 00:00:00'::timestamp(0) without time zone) AND (l_shipdate < '1995-01-01 00:00:00'::timestamp without time zone) AND (l_discount >= .05::double precision) AND (l_discount <= .07::double precision) AND (l_quantity < 24::double precision)), (LLVM Optimized)"}]}, "Unique SQL Id": 4176715123, "Planner Runtime": 0}, "explain_analyze_plan": {"Plan": {"Node Type": "Aggregate", "Strategy": "Plain", "Startup Cost": 3639281.83, "Total Cost": 3639281.84, "Plan Rows": 1, "Plan Width": 24, "Actual Startup Time": 4536.464, "Actual Total Time": 4536.466, "Actual Rows": 1, "Actual Loops": 1, "Plans": [{"Node Type": "Index Scan", "Parent Relationship": "Outer", "Scan Direction": "Forward", "Index Name": "idx_lineitem_shipdate", "Relation Name": "lineitem", "Alias": "lineitem", "Startup Cost": 0.0, "Total Cost": 3633603.05, "Plan Rows": 1135757, "Plan Width": 16, "Actual Startup Time": 0.078, "Actual Total Time": 4185.716, "Actual Rows": 1139264, "Actual Loops": 1, "Index Cond": "((l_shipdate >= '1994-01-01 00:00:00'::timestamp(0) without time zone) AND (l_shipdate < '1995-01-01 00:00:00'::timestamp without time zone) AND (l_discount >= .05::double precision) AND (l_discount <= .07::double precision) AND (l_quantity < 24::double precision)), (LLVM Optimized, Jit Execute)", "Rows Removed by Index Recheck": 0}]}, "Triggers": [], "Planner Runtime": 0, "Total Runtime": 4546.244, "Unique SQL Id": 4176715123}}, "(16, 42)": {"explain_plan": {"Plan": {"Node Type": "Aggregate", "Strategy": "Plain", "Startup Cost": 2770632.03, "Total Cost": 2770632.04, "Plan Rows": 1, "Plan Width": 24, "Plans": [{"Node Type": "Seq Scan", "Parent Relationship": "Outer", "Relation Name": "lineitem", "Alias": "lineitem", "Startup Cost": 110964.75, "Total Cost": 2764953.24, "Plan Rows": 1135757, "Plan Width": 16, "Filter": "((l_shipdate >= '1994-01-01 00:00:00'::timestamp(0) without time zone) AND (l_shipdate < '1995-01-01 00:00:00'::timestamp without time zone) AND (l_discount >= .05::double precision) AND (l_discount <= .07::double precision) AND (l_quantity < 24::double precision)), (LLVM Optimized)"}]}, "Unique SQL Id": 4176715123, "Planner Runtime": 0}, "explain_analyze_plan": null}, "(16, 43)": {"explain_plan": {"Plan": {"Node Type": "Aggregate", "Strategy": "Plain", "Startup Cost": 1000276501003.04, "Total Cost": 1000276501003.05, "Plan Rows": 1, "Plan Width": 24, "Plans": [{"Node Type": "Seq Scan", "Parent Relationship": "Outer", "Relation Name": "lineitem", "Alias": "lineitem", "Startup Cost": 10000109520.02, "Total Cost": 1000276495324.25, "Plan Rows": 1135757, "Plan Width": 16, "Filter": "((l_shipdate >= '1994-01-01 00:00:00'::timestamp(0) without time zone) AND (l_shipdate < '1995-01-01 00:00:00'::timestamp without time zone) AND (l_discount >= .05::double precision) AND (l_discount <= .07::double precision) AND (l_quantity < 24::double precision)), (LLVM Optimized)"}]}, "Unique SQL Id": 4176715123, "Planner Runtime": 0}, "explain_analyze_plan": null}, "(16, 44)": {"explain_plan": {"Plan": {"Node Type": "Aggregate", "Strategy": "Plain", "Startup Cost": 2770632.03, "Total Cost": 2770632.04, "Plan Rows": 1, "Plan Width": 24, "Plans": [{"Node Type": "Seq Scan", "Parent Relationship": "Outer", "Relation Name": "lineitem", "Alias": "lineitem", "Startup Cost": 110964.75, "Total Cost": 2764953.24, "Plan Rows": 1135757, "Plan Width": 16, "Filter": "((l_shipdate >= '1994-01-01 00:00:00'::timestamp(0) without time zone) AND (l_shipdate < '1995-01-01 00:00:00'::timestamp without time zone) AND (l_discount >= .05::double precision) AND (l_discount <= .07::double precision) AND (l_quantity < 24::double precision)), (LLVM Optimized)"}]}, "Unique SQL Id": 4176715123, "Planner Runtime": 0}, "explain_analyze_plan": null}, "(16, 45)": {"explain_plan": {"Plan": {"Node Type": "Aggregate", "Strategy": "Plain", "Startup Cost": 3639281.83, "Total Cost": 3639281.84, "Plan Rows": 1, "Plan Width": 24, "Plans": [{"Node Type": "Index Scan", "Parent Relationship": "Outer", "Scan Direction": "Forward", "Index Name": "idx_lineitem_shipdate", "Relation Name": "lineitem", "Alias": "lineitem", "Startup Cost": 0.0, "Total Cost": 3633603.05, "Plan Rows": 1135757, "Plan Width": 16, "Index Cond": "((l_shipdate >= '1994-01-01 00:00:00'::timestamp(0) without time zone) AND (l_shipdate < '1995-01-01 00:00:00'::timestamp without time zone) AND (l_discount >= .05::double precision) AND (l_discount <= .07::double precision) AND (l_quantity < 24::double precision)), (LLVM Optimized)"}]}, "Unique SQL Id": 4176715123, "Planner Runtime": 0}, "explain_analyze_plan": {"Plan": {"Node Type": "Aggregate", "Strategy": "Plain", "Startup Cost": 3639281.83, "Total Cost": 3639281.84, "Plan Rows": 1, "Plan Width": 24, "Actual Startup Time": 4536.464, "Actual Total Time": 4536.466, "Actual Rows": 1, "Actual Loops": 1, "Plans": [{"Node Type": "Index Scan", "Parent Relationship": "Outer", "Scan Direction": "Forward", "Index Name": "idx_lineitem_shipdate", "Relation Name": "lineitem", "Alias": "lineitem", "Startup Cost": 0.0, "Total Cost": 3633603.05, "Plan Rows": 1135757, "Plan Width": 16, "Actual Startup Time": 0.078, "Actual Total Time": 4185.716, "Actual Rows": 1139264, "Actual Loops": 1, "Index Cond": "((l_shipdate >= '1994-01-01 00:00:00'::timestamp(0) without time zone) AND (l_shipdate < '1995-01-01 00:00:00'::timestamp without time zone) AND (l_discount >= .05::double precision) AND (l_discount <= .07::double precision) AND (l_quantity < 24::double precision)), (LLVM Optimized, Jit Execute)", "Rows Removed by Index Recheck": 0}]}, "Triggers": [], "Planner Runtime": 0, "Total Runtime": 4546.244, "Unique SQL Id": 4176715123}}, "(16, 46)": {"explain_plan": {"Plan": {"Node Type": "Aggregate", "Strategy": "Plain", "Startup Cost": 2770632.03, "Total Cost": 2770632.04, "Plan Rows": 1, "Plan Width": 24, "Plans": [{"Node Type": "Seq Scan", "Parent Relationship": "Outer", "Relation Name": "lineitem", "Alias": "lineitem", "Startup Cost": 110964.75, "Total Cost": 2764953.24, "Plan Rows": 1135757, "Plan Width": 16, "Filter": "((l_shipdate >= '1994-01-01 00:00:00'::timestamp(0) without time zone) AND (l_shipdate < '1995-01-01 00:00:00'::timestamp without time zone) AND (l_discount >= .05::double precision) AND (l_discount <= .07::double precision) AND (l_quantity < 24::double precision)), (LLVM Optimized)"}]}, "Unique SQL Id": 4176715123, "Planner Runtime": 0}, "explain_analyze_plan": null}, "(16, 47)": {"explain_plan": {"Plan": {"Node Type": "Aggregate", "Strategy": "Plain", "Startup Cost": 1000276501003.04, "Total Cost": 1000276501003.05, "Plan Rows": 1, "Plan Width": 24, "Plans": [{"Node Type": "Seq Scan", "Parent Relationship": "Outer", "Relation Name": "lineitem", "Alias": "lineitem", "Startup Cost": 10000109520.02, "Total Cost": 1000276495324.25, "Plan Rows": 1135757, "Plan Width": 16, "Filter": "((l_shipdate >= '1994-01-01 00:00:00'::timestamp(0) without time zone) AND (l_shipdate < '1995-01-01 00:00:00'::timestamp without time zone) AND (l_discount >= .05::double precision) AND (l_discount <= .07::double precision) AND (l_quantity < 24::double precision)), (LLVM Optimized)"}]}, "Unique SQL Id": 4176715123, "Planner Runtime": 0}, "explain_analyze_plan": null}, "(16, 48)": {"explain_plan": {"Plan": {"Node Type": "Aggregate", "Strategy": "Plain", "Startup Cost": 1813598.15, "Total Cost": 1813598.16, "Plan Rows": 1, "Plan Width": 24, "Plans": [{"Node Type": "Bitmap Heap Scan", "Parent Relationship": "Outer", "Relation Name": "lineitem", "Alias": "lineitem", "Startup Cost": 380421.43, "Total Cost": 1807919.37, "Plan Rows": 1135757, "Plan Width": 16, "Recheck Cond": "((l_shipdate >= '1994-01-01 00:00:00'::timestamp(0) without time zone) AND (l_shipdate < '1995-01-01 00:00:00'::timestamp without time zone) AND (l_discount >= .05::double precision) AND (l_discount <= .07::double precision) AND (l_quantity < 24::double precision)), (LLVM Optimized)", "Plans": [{"Node Type": "Bitmap Index Scan", "Parent Relationship": "Outer", "Index Name": "idx_lineitem_shipdate", "Startup Cost": 0.0, "Total Cost": 380137.49, "Plan Rows": 1135757, "Plan Width": 0, "Index Cond": "((l_shipdate >= '1994-01-01 00:00:00'::timestamp(0) without time zone) AND (l_shipdate < '1995-01-01 00:00:00'::timestamp without time zone) AND (l_discount >= .05::double precision) AND (l_discount <= .07::double precision) AND (l_quantity < 24::double precision))"}]}]}, "Unique SQL Id": 4176715123, "Planner Runtime": 0}, "explain_analyze_plan": {"Plan": {"Node Type": "Aggregate", "Strategy": "Plain", "Startup Cost": 1813598.15, "Total Cost": 1813598.16, "Plan Rows": 1, "Plan Width": 24, "Actual Startup Time": 4423.886, "Actual Total Time": 4423.886, "Actual Rows": 1, "Actual Loops": 1, "Plans": [{"Node Type": "Bitmap Heap Scan", "Parent Relationship": "Outer", "Relation Name": "lineitem", "Alias": "lineitem", "Startup Cost": 380421.43, "Total Cost": 1807919.37, "Plan Rows": 1135757, "Plan Width": 16, "Actual Startup Time": 2158.948, "Actual Total Time": 4085.414, "Actual Rows": 1139264, "Actual Loops": 1, "Recheck Cond": "((l_shipdate >= '1994-01-01 00:00:00'::timestamp(0) without time zone) AND (l_shipdate < '1995-01-01 00:00:00'::timestamp without time zone) AND (l_discount >= .05::double precision) AND (l_discount <= .07::double precision) AND (l_quantity < 24::double precision)), (LLVM Optimized, Jit Execute)", "Rows Removed by Index Recheck": 0, "Exact Heap Blocks": 699048, "Lossy Heap Blocks": 699048, "Plans": [{"Node Type": "Bitmap Index Scan", "Parent Relationship": "Outer", "Index Name": "idx_lineitem_shipdate", "Startup Cost": 0.0, "Total Cost": 380137.49, "Plan Rows": 1135757, "Plan Width": 0, "Actual Startup Time": 1833.734, "Actual Total Time": 1833.734, "Actual Rows": 1139264, "Actual Loops": 1, "Index Cond": "((l_shipdate >= '1994-01-01 00:00:00'::timestamp(0) without time zone) AND (l_shipdate < '1995-01-01 00:00:00'::timestamp without time zone) AND (l_discount >= .05::double precision) AND (l_discount <= .07::double precision) AND (l_quantity < 24::double precision))"}]}]}, "Triggers": [], "Planner Runtime": 0, "Total Runtime": 4434.671, "Unique SQL Id": 4176715123}}, "(16, 49)": {"explain_plan": {"Plan": {"Node Type": "Aggregate", "Strategy": "Plain", "Startup Cost": 1813598.15, "Total Cost": 1813598.16, "Plan Rows": 1, "Plan Width": 24, "Plans": [{"Node Type": "Bitmap Heap Scan", "Parent Relationship": "Outer", "Relation Name": "lineitem", "Alias": "lineitem", "Startup Cost": 380421.43, "Total Cost": 1807919.37, "Plan Rows": 1135757, "Plan Width": 16, "Recheck Cond": "((l_shipdate >= '1994-01-01 00:00:00'::timestamp(0) without time zone) AND (l_shipdate < '1995-01-01 00:00:00'::timestamp without time zone) AND (l_discount >= .05::double precision) AND (l_discount <= .07::double precision) AND (l_quantity < 24::double precision)), (LLVM Optimized)", "Plans": [{"Node Type": "Bitmap Index Scan", "Parent Relationship": "Outer", "Index Name": "idx_lineitem_shipdate", "Startup Cost": 0.0, "Total Cost": 380137.49, "Plan Rows": 1135757, "Plan Width": 0, "Index Cond": "((l_shipdate >= '1994-01-01 00:00:00'::timestamp(0) without time zone) AND (l_shipdate < '1995-01-01 00:00:00'::timestamp without time zone) AND (l_discount >= .05::double precision) AND (l_discount <= .07::double precision) AND (l_quantity < 24::double precision))"}]}]}, "Unique SQL Id": 4176715123, "Planner Runtime": 0}, "explain_analyze_plan": {"Plan": {"Node Type": "Aggregate", "Strategy": "Plain", "Startup Cost": 1813598.15, "Total Cost": 1813598.16, "Plan Rows": 1, "Plan Width": 24, "Actual Startup Time": 4423.886, "Actual Total Time": 4423.886, "Actual Rows": 1, "Actual Loops": 1, "Plans": [{"Node Type": "Bitmap Heap Scan", "Parent Relationship": "Outer", "Relation Name": "lineitem", "Alias": "lineitem", "Startup Cost": 380421.43, "Total Cost": 1807919.37, "Plan Rows": 1135757, "Plan Width": 16, "Actual Startup Time": 2158.948, "Actual Total Time": 4085.414, "Actual Rows": 1139264, "Actual Loops": 1, "Recheck Cond": "((l_shipdate >= '1994-01-01 00:00:00'::timestamp(0) without time zone) AND (l_shipdate < '1995-01-01 00:00:00'::timestamp without time zone) AND (l_discount >= .05::double precision) AND (l_discount <= .07::double precision) AND (l_quantity < 24::double precision)), (LLVM Optimized, Jit Execute)", "Rows Removed by Index Recheck": 0, "Exact Heap Blocks": 699048, "Lossy Heap Blocks": 699048, "Plans": [{"Node Type": "Bitmap Index Scan", "Parent Relationship": "Outer", "Index Name": "idx_lineitem_shipdate", "Startup Cost": 0.0, "Total Cost": 380137.49, "Plan Rows": 1135757, "Plan Width": 0, "Actual Startup Time": 1833.734, "Actual Total Time": 1833.734, "Actual Rows": 1139264, "Actual Loops": 1, "Index Cond": "((l_shipdate >= '1994-01-01 00:00:00'::timestamp(0) without time zone) AND (l_shipdate < '1995-01-01 00:00:00'::timestamp without time zone) AND (l_discount >= .05::double precision) AND (l_discount <= .07::double precision) AND (l_quantity < 24::double precision))"}]}]}, "Triggers": [], "Planner Runtime": 0, "Total Runtime": 4434.671, "Unique SQL Id": 4176715123}}, "(16, 50)": {"explain_plan": {"Plan": {"Node Type": "Aggregate", "Strategy": "Plain", "Startup Cost": 1813598.15, "Total Cost": 1813598.16, "Plan Rows": 1, "Plan Width": 24, "Plans": [{"Node Type": "Bitmap Heap Scan", "Parent Relationship": "Outer", "Relation Name": "lineitem", "Alias": "lineitem", "Startup Cost": 380421.43, "Total Cost": 1807919.37, "Plan Rows": 1135757, "Plan Width": 16, "Recheck Cond": "((l_shipdate >= '1994-01-01 00:00:00'::timestamp(0) without time zone) AND (l_shipdate < '1995-01-01 00:00:00'::timestamp without time zone) AND (l_discount >= .05::double precision) AND (l_discount <= .07::double precision) AND (l_quantity < 24::double precision)), (LLVM Optimized)", "Plans": [{"Node Type": "Bitmap Index Scan", "Parent Relationship": "Outer", "Index Name": "idx_lineitem_shipdate", "Startup Cost": 0.0, "Total Cost": 380137.49, "Plan Rows": 1135757, "Plan Width": 0, "Index Cond": "((l_shipdate >= '1994-01-01 00:00:00'::timestamp(0) without time zone) AND (l_shipdate < '1995-01-01 00:00:00'::timestamp without time zone) AND (l_discount >= .05::double precision) AND (l_discount <= .07::double precision) AND (l_quantity < 24::double precision))"}]}]}, "Unique SQL Id": 4176715123, "Planner Runtime": 0}, "explain_analyze_plan": {"Plan": {"Node Type": "Aggregate", "Strategy": "Plain", "Startup Cost": 1813598.15, "Total Cost": 1813598.16, "Plan Rows": 1, "Plan Width": 24, "Actual Startup Time": 4423.886, "Actual Total Time": 4423.886, "Actual Rows": 1, "Actual Loops": 1, "Plans": [{"Node Type": "Bitmap Heap Scan", "Parent Relationship": "Outer", "Relation Name": "lineitem", "Alias": "lineitem", "Startup Cost": 380421.43, "Total Cost": 1807919.37, "Plan Rows": 1135757, "Plan Width": 16, "Actual Startup Time": 2158.948, "Actual Total Time": 4085.414, "Actual Rows": 1139264, "Actual Loops": 1, "Recheck Cond": "((l_shipdate >= '1994-01-01 00:00:00'::timestamp(0) without time zone) AND (l_shipdate < '1995-01-01 00:00:00'::timestamp without time zone) AND (l_discount >= .05::double precision) AND (l_discount <= .07::double precision) AND (l_quantity < 24::double precision)), (LLVM Optimized, Jit Execute)", "Rows Removed by Index Recheck": 0, "Exact Heap Blocks": 699048, "Lossy Heap Blocks": 699048, "Plans": [{"Node Type": "Bitmap Index Scan", "Parent Relationship": "Outer", "Index Name": "idx_lineitem_shipdate", "Startup Cost": 0.0, "Total Cost": 380137.49, "Plan Rows": 1135757, "Plan Width": 0, "Actual Startup Time": 1833.734, "Actual Total Time": 1833.734, "Actual Rows": 1139264, "Actual Loops": 1, "Index Cond": "((l_shipdate >= '1994-01-01 00:00:00'::timestamp(0) without time zone) AND (l_shipdate < '1995-01-01 00:00:00'::timestamp without time zone) AND (l_discount >= .05::double precision) AND (l_discount <= .07::double precision) AND (l_quantity < 24::double precision))"}]}]}, "Triggers": [], "Planner Runtime": 0, "Total Runtime": 4434.671, "Unique SQL Id": 4176715123}}, "(16, 51)": {"explain_plan": {"Plan": {"Node Type": "Aggregate", "Strategy": "Plain", "Startup Cost": 1813598.15, "Total Cost": 1813598.16, "Plan Rows": 1, "Plan Width": 24, "Plans": [{"Node Type": "Bitmap Heap Scan", "Parent Relationship": "Outer", "Relation Name": "lineitem", "Alias": "lineitem", "Startup Cost": 380421.43, "Total Cost": 1807919.37, "Plan Rows": 1135757, "Plan Width": 16, "Recheck Cond": "((l_shipdate >= '1994-01-01 00:00:00'::timestamp(0) without time zone) AND (l_shipdate < '1995-01-01 00:00:00'::timestamp without time zone) AND (l_discount >= .05::double precision) AND (l_discount <= .07::double precision) AND (l_quantity < 24::double precision)), (LLVM Optimized)", "Plans": [{"Node Type": "Bitmap Index Scan", "Parent Relationship": "Outer", "Index Name": "idx_lineitem_shipdate", "Startup Cost": 0.0, "Total Cost": 380137.49, "Plan Rows": 1135757, "Plan Width": 0, "Index Cond": "((l_shipdate >= '1994-01-01 00:00:00'::timestamp(0) without time zone) AND (l_shipdate < '1995-01-01 00:00:00'::timestamp without time zone) AND (l_discount >= .05::double precision) AND (l_discount <= .07::double precision) AND (l_quantity < 24::double precision))"}]}]}, "Unique SQL Id": 4176715123, "Planner Runtime": 0}, "explain_analyze_plan": {"Plan": {"Node Type": "Aggregate", "Strategy": "Plain", "Startup Cost": 1813598.15, "Total Cost": 1813598.16, "Plan Rows": 1, "Plan Width": 24, "Actual Startup Time": 4423.886, "Actual Total Time": 4423.886, "Actual Rows": 1, "Actual Loops": 1, "Plans": [{"Node Type": "Bitmap Heap Scan", "Parent Relationship": "Outer", "Relation Name": "lineitem", "Alias": "lineitem", "Startup Cost": 380421.43, "Total Cost": 1807919.37, "Plan Rows": 1135757, "Plan Width": 16, "Actual Startup Time": 2158.948, "Actual Total Time": 4085.414, "Actual Rows": 1139264, "Actual Loops": 1, "Recheck Cond": "((l_shipdate >= '1994-01-01 00:00:00'::timestamp(0) without time zone) AND (l_shipdate < '1995-01-01 00:00:00'::timestamp without time zone) AND (l_discount >= .05::double precision) AND (l_discount <= .07::double precision) AND (l_quantity < 24::double precision)), (LLVM Optimized, Jit Execute)", "Rows Removed by Index Recheck": 0, "Exact Heap Blocks": 699048, "Lossy Heap Blocks": 699048, "Plans": [{"Node Type": "Bitmap Index Scan", "Parent Relationship": "Outer", "Index Name": "idx_lineitem_shipdate", "Startup Cost": 0.0, "Total Cost": 380137.49, "Plan Rows": 1135757, "Plan Width": 0, "Actual Startup Time": 1833.734, "Actual Total Time": 1833.734, "Actual Rows": 1139264, "Actual Loops": 1, "Index Cond": "((l_shipdate >= '1994-01-01 00:00:00'::timestamp(0) without time zone) AND (l_shipdate < '1995-01-01 00:00:00'::timestamp without time zone) AND (l_discount >= .05::double precision) AND (l_discount <= .07::double precision) AND (l_quantity < 24::double precision))"}]}]}, "Triggers": [], "Planner Runtime": 0, "Total Runtime": 4434.671, "Unique SQL Id": 4176715123}}, "(16, 52)": {"explain_plan": {"Plan": {"Node Type": "Aggregate", "Strategy": "Plain", "Startup Cost": 1813598.15, "Total Cost": 1813598.16, "Plan Rows": 1, "Plan Width": 24, "Plans": [{"Node Type": "Bitmap Heap Scan", "Parent Relationship": "Outer", "Relation Name": "lineitem", "Alias": "lineitem", "Startup Cost": 380421.43, "Total Cost": 1807919.37, "Plan Rows": 1135757, "Plan Width": 16, "Recheck Cond": "((l_shipdate >= '1994-01-01 00:00:00'::timestamp(0) without time zone) AND (l_shipdate < '1995-01-01 00:00:00'::timestamp without time zone) AND (l_discount >= .05::double precision) AND (l_discount <= .07::double precision) AND (l_quantity < 24::double precision)), (LLVM Optimized)", "Plans": [{"Node Type": "Bitmap Index Scan", "Parent Relationship": "Outer", "Index Name": "idx_lineitem_shipdate", "Startup Cost": 0.0, "Total Cost": 380137.49, "Plan Rows": 1135757, "Plan Width": 0, "Index Cond": "((l_shipdate >= '1994-01-01 00:00:00'::timestamp(0) without time zone) AND (l_shipdate < '1995-01-01 00:00:00'::timestamp without time zone) AND (l_discount >= .05::double precision) AND (l_discount <= .07::double precision) AND (l_quantity < 24::double precision))"}]}]}, "Unique SQL Id": 4176715123, "Planner Runtime": 0}, "explain_analyze_plan": {"Plan": {"Node Type": "Aggregate", "Strategy": "Plain", "Startup Cost": 1813598.15, "Total Cost": 1813598.16, "Plan Rows": 1, "Plan Width": 24, "Actual Startup Time": 4423.886, "Actual Total Time": 4423.886, "Actual Rows": 1, "Actual Loops": 1, "Plans": [{"Node Type": "Bitmap Heap Scan", "Parent Relationship": "Outer", "Relation Name": "lineitem", "Alias": "lineitem", "Startup Cost": 380421.43, "Total Cost": 1807919.37, "Plan Rows": 1135757, "Plan Width": 16, "Actual Startup Time": 2158.948, "Actual Total Time": 4085.414, "Actual Rows": 1139264, "Actual Loops": 1, "Recheck Cond": "((l_shipdate >= '1994-01-01 00:00:00'::timestamp(0) without time zone) AND (l_shipdate < '1995-01-01 00:00:00'::timestamp without time zone) AND (l_discount >= .05::double precision) AND (l_discount <= .07::double precision) AND (l_quantity < 24::double precision)), (LLVM Optimized, Jit Execute)", "Rows Removed by Index Recheck": 0, "Exact Heap Blocks": 699048, "Lossy Heap Blocks": 699048, "Plans": [{"Node Type": "Bitmap Index Scan", "Parent Relationship": "Outer", "Index Name": "idx_lineitem_shipdate", "Startup Cost": 0.0, "Total Cost": 380137.49, "Plan Rows": 1135757, "Plan Width": 0, "Actual Startup Time": 1833.734, "Actual Total Time": 1833.734, "Actual Rows": 1139264, "Actual Loops": 1, "Index Cond": "((l_shipdate >= '1994-01-01 00:00:00'::timestamp(0) without time zone) AND (l_shipdate < '1995-01-01 00:00:00'::timestamp without time zone) AND (l_discount >= .05::double precision) AND (l_discount <= .07::double precision) AND (l_quantity < 24::double precision))"}]}]}, "Triggers": [], "Planner Runtime": 0, "Total Runtime": 4434.671, "Unique SQL Id": 4176715123}}, "(16, 53)": {"explain_plan": {"Plan": {"Node Type": "Aggregate", "Strategy": "Plain", "Startup Cost": 1813598.15, "Total Cost": 1813598.16, "Plan Rows": 1, "Plan Width": 24, "Plans": [{"Node Type": "Bitmap Heap Scan", "Parent Relationship": "Outer", "Relation Name": "lineitem", "Alias": "lineitem", "Startup Cost": 380421.43, "Total Cost": 1807919.37, "Plan Rows": 1135757, "Plan Width": 16, "Recheck Cond": "((l_shipdate >= '1994-01-01 00:00:00'::timestamp(0) without time zone) AND (l_shipdate < '1995-01-01 00:00:00'::timestamp without time zone) AND (l_discount >= .05::double precision) AND (l_discount <= .07::double precision) AND (l_quantity < 24::double precision)), (LLVM Optimized)", "Plans": [{"Node Type": "Bitmap Index Scan", "Parent Relationship": "Outer", "Index Name": "idx_lineitem_shipdate", "Startup Cost": 0.0, "Total Cost": 380137.49, "Plan Rows": 1135757, "Plan Width": 0, "Index Cond": "((l_shipdate >= '1994-01-01 00:00:00'::timestamp(0) without time zone) AND (l_shipdate < '1995-01-01 00:00:00'::timestamp without time zone) AND (l_discount >= .05::double precision) AND (l_discount <= .07::double precision) AND (l_quantity < 24::double precision))"}]}]}, "Unique SQL Id": 4176715123, "Planner Runtime": 0}, "explain_analyze_plan": {"Plan": {"Node Type": "Aggregate", "Strategy": "Plain", "Startup Cost": 1813598.15, "Total Cost": 1813598.16, "Plan Rows": 1, "Plan Width": 24, "Actual Startup Time": 4423.886, "Actual Total Time": 4423.886, "Actual Rows": 1, "Actual Loops": 1, "Plans": [{"Node Type": "Bitmap Heap Scan", "Parent Relationship": "Outer", "Relation Name": "lineitem", "Alias": "lineitem", "Startup Cost": 380421.43, "Total Cost": 1807919.37, "Plan Rows": 1135757, "Plan Width": 16, "Actual Startup Time": 2158.948, "Actual Total Time": 4085.414, "Actual Rows": 1139264, "Actual Loops": 1, "Recheck Cond": "((l_shipdate >= '1994-01-01 00:00:00'::timestamp(0) without time zone) AND (l_shipdate < '1995-01-01 00:00:00'::timestamp without time zone) AND (l_discount >= .05::double precision) AND (l_discount <= .07::double precision) AND (l_quantity < 24::double precision)), (LLVM Optimized, Jit Execute)", "Rows Removed by Index Recheck": 0, "Exact Heap Blocks": 699048, "Lossy Heap Blocks": 699048, "Plans": [{"Node Type": "Bitmap Index Scan", "Parent Relationship": "Outer", "Index Name": "idx_lineitem_shipdate", "Startup Cost": 0.0, "Total Cost": 380137.49, "Plan Rows": 1135757, "Plan Width": 0, "Actual Startup Time": 1833.734, "Actual Total Time": 1833.734, "Actual Rows": 1139264, "Actual Loops": 1, "Index Cond": "((l_shipdate >= '1994-01-01 00:00:00'::timestamp(0) without time zone) AND (l_shipdate < '1995-01-01 00:00:00'::timestamp without time zone) AND (l_discount >= .05::double precision) AND (l_discount <= .07::double precision) AND (l_quantity < 24::double precision))"}]}]}, "Triggers": [], "Planner Runtime": 0, "Total Runtime": 4434.671, "Unique SQL Id": 4176715123}}, "(16, 54)": {"explain_plan": {"Plan": {"Node Type": "Aggregate", "Strategy": "Plain", "Startup Cost": 1813598.15, "Total Cost": 1813598.16, "Plan Rows": 1, "Plan Width": 24, "Plans": [{"Node Type": "Bitmap Heap Scan", "Parent Relationship": "Outer", "Relation Name": "lineitem", "Alias": "lineitem", "Startup Cost": 380421.43, "Total Cost": 1807919.37, "Plan Rows": 1135757, "Plan Width": 16, "Recheck Cond": "((l_shipdate >= '1994-01-01 00:00:00'::timestamp(0) without time zone) AND (l_shipdate < '1995-01-01 00:00:00'::timestamp without time zone) AND (l_discount >= .05::double precision) AND (l_discount <= .07::double precision) AND (l_quantity < 24::double precision)), (LLVM Optimized)", "Plans": [{"Node Type": "Bitmap Index Scan", "Parent Relationship": "Outer", "Index Name": "idx_lineitem_shipdate", "Startup Cost": 0.0, "Total Cost": 380137.49, "Plan Rows": 1135757, "Plan Width": 0, "Index Cond": "((l_shipdate >= '1994-01-01 00:00:00'::timestamp(0) without time zone) AND (l_shipdate < '1995-01-01 00:00:00'::timestamp without time zone) AND (l_discount >= .05::double precision) AND (l_discount <= .07::double precision) AND (l_quantity < 24::double precision))"}]}]}, "Unique SQL Id": 4176715123, "Planner Runtime": 0}, "explain_analyze_plan": {"Plan": {"Node Type": "Aggregate", "Strategy": "Plain", "Startup Cost": 1813598.15, "Total Cost": 1813598.16, "Plan Rows": 1, "Plan Width": 24, "Actual Startup Time": 4423.886, "Actual Total Time": 4423.886, "Actual Rows": 1, "Actual Loops": 1, "Plans": [{"Node Type": "Bitmap Heap Scan", "Parent Relationship": "Outer", "Relation Name": "lineitem", "Alias": "lineitem", "Startup Cost": 380421.43, "Total Cost": 1807919.37, "Plan Rows": 1135757, "Plan Width": 16, "Actual Startup Time": 2158.948, "Actual Total Time": 4085.414, "Actual Rows": 1139264, "Actual Loops": 1, "Recheck Cond": "((l_shipdate >= '1994-01-01 00:00:00'::timestamp(0) without time zone) AND (l_shipdate < '1995-01-01 00:00:00'::timestamp without time zone) AND (l_discount >= .05::double precision) AND (l_discount <= .07::double precision) AND (l_quantity < 24::double precision)), (LLVM Optimized, Jit Execute)", "Rows Removed by Index Recheck": 0, "Exact Heap Blocks": 699048, "Lossy Heap Blocks": 699048, "Plans": [{"Node Type": "Bitmap Index Scan", "Parent Relationship": "Outer", "Index Name": "idx_lineitem_shipdate", "Startup Cost": 0.0, "Total Cost": 380137.49, "Plan Rows": 1135757, "Plan Width": 0, "Actual Startup Time": 1833.734, "Actual Total Time": 1833.734, "Actual Rows": 1139264, "Actual Loops": 1, "Index Cond": "((l_shipdate >= '1994-01-01 00:00:00'::timestamp(0) without time zone) AND (l_shipdate < '1995-01-01 00:00:00'::timestamp without time zone) AND (l_discount >= .05::double precision) AND (l_discount <= .07::double precision) AND (l_quantity < 24::double precision))"}]}]}, "Triggers": [], "Planner Runtime": 0, "Total Runtime": 4434.671, "Unique SQL Id": 4176715123}}, "(16, 55)": {"explain_plan": {"Plan": {"Node Type": "Aggregate", "Strategy": "Plain", "Startup Cost": 1813598.15, "Total Cost": 1813598.16, "Plan Rows": 1, "Plan Width": 24, "Plans": [{"Node Type": "Bitmap Heap Scan", "Parent Relationship": "Outer", "Relation Name": "lineitem", "Alias": "lineitem", "Startup Cost": 380421.43, "Total Cost": 1807919.37, "Plan Rows": 1135757, "Plan Width": 16, "Recheck Cond": "((l_shipdate >= '1994-01-01 00:00:00'::timestamp(0) without time zone) AND (l_shipdate < '1995-01-01 00:00:00'::timestamp without time zone) AND (l_discount >= .05::double precision) AND (l_discount <= .07::double precision) AND (l_quantity < 24::double precision)), (LLVM Optimized)", "Plans": [{"Node Type": "Bitmap Index Scan", "Parent Relationship": "Outer", "Index Name": "idx_lineitem_shipdate", "Startup Cost": 0.0, "Total Cost": 380137.49, "Plan Rows": 1135757, "Plan Width": 0, "Index Cond": "((l_shipdate >= '1994-01-01 00:00:00'::timestamp(0) without time zone) AND (l_shipdate < '1995-01-01 00:00:00'::timestamp without time zone) AND (l_discount >= .05::double precision) AND (l_discount <= .07::double precision) AND (l_quantity < 24::double precision))"}]}]}, "Unique SQL Id": 4176715123, "Planner Runtime": 0}, "explain_analyze_plan": {"Plan": {"Node Type": "Aggregate", "Strategy": "Plain", "Startup Cost": 1813598.15, "Total Cost": 1813598.16, "Plan Rows": 1, "Plan Width": 24, "Actual Startup Time": 4423.886, "Actual Total Time": 4423.886, "Actual Rows": 1, "Actual Loops": 1, "Plans": [{"Node Type": "Bitmap Heap Scan", "Parent Relationship": "Outer", "Relation Name": "lineitem", "Alias": "lineitem", "Startup Cost": 380421.43, "Total Cost": 1807919.37, "Plan Rows": 1135757, "Plan Width": 16, "Actual Startup Time": 2158.948, "Actual Total Time": 4085.414, "Actual Rows": 1139264, "Actual Loops": 1, "Recheck Cond": "((l_shipdate >= '1994-01-01 00:00:00'::timestamp(0) without time zone) AND (l_shipdate < '1995-01-01 00:00:00'::timestamp without time zone) AND (l_discount >= .05::double precision) AND (l_discount <= .07::double precision) AND (l_quantity < 24::double precision)), (LLVM Optimized, Jit Execute)", "Rows Removed by Index Recheck": 0, "Exact Heap Blocks": 699048, "Lossy Heap Blocks": 699048, "Plans": [{"Node Type": "Bitmap Index Scan", "Parent Relationship": "Outer", "Index Name": "idx_lineitem_shipdate", "Startup Cost": 0.0, "Total Cost": 380137.49, "Plan Rows": 1135757, "Plan Width": 0, "Actual Startup Time": 1833.734, "Actual Total Time": 1833.734, "Actual Rows": 1139264, "Actual Loops": 1, "Index Cond": "((l_shipdate >= '1994-01-01 00:00:00'::timestamp(0) without time zone) AND (l_shipdate < '1995-01-01 00:00:00'::timestamp without time zone) AND (l_discount >= .05::double precision) AND (l_discount <= .07::double precision) AND (l_quantity < 24::double precision))"}]}]}, "Triggers": [], "Planner Runtime": 0, "Total Runtime": 4434.671, "Unique SQL Id": 4176715123}}, "(16, 56)": {"explain_plan": {"Plan": {"Node Type": "Aggregate", "Strategy": "Plain", "Startup Cost": 2770632.03, "Total Cost": 2770632.04, "Plan Rows": 1, "Plan Width": 24, "Plans": [{"Node Type": "Seq Scan", "Parent Relationship": "Outer", "Relation Name": "lineitem", "Alias": "lineitem", "Startup Cost": 110964.75, "Total Cost": 2764953.24, "Plan Rows": 1135757, "Plan Width": 16, "Filter": "((l_shipdate >= '1994-01-01 00:00:00'::timestamp(0) without time zone) AND (l_shipdate < '1995-01-01 00:00:00'::timestamp without time zone) AND (l_discount >= .05::double precision) AND (l_discount <= .07::double precision) AND (l_quantity < 24::double precision)), (LLVM Optimized)"}]}, "Unique SQL Id": 4176715123, "Planner Runtime": 0}, "explain_analyze_plan": null}, "(16, 57)": {"explain_plan": {"Plan": {"Node Type": "Aggregate", "Strategy": "Plain", "Startup Cost": 3639281.83, "Total Cost": 3639281.84, "Plan Rows": 1, "Plan Width": 24, "Plans": [{"Node Type": "Index Scan", "Parent Relationship": "Outer", "Scan Direction": "Forward", "Index Name": "idx_lineitem_shipdate", "Relation Name": "lineitem", "Alias": "lineitem", "Startup Cost": 0.0, "Total Cost": 3633603.05, "Plan Rows": 1135757, "Plan Width": 16, "Index Cond": "((l_shipdate >= '1994-01-01 00:00:00'::timestamp(0) without time zone) AND (l_shipdate < '1995-01-01 00:00:00'::timestamp without time zone) AND (l_discount >= .05::double precision) AND (l_discount <= .07::double precision) AND (l_quantity < 24::double precision)), (LLVM Optimized)"}]}, "Unique SQL Id": 4176715123, "Planner Runtime": 0}, "explain_analyze_plan": {"Plan": {"Node Type": "Aggregate", "Strategy": "Plain", "Startup Cost": 3639281.83, "Total Cost": 3639281.84, "Plan Rows": 1, "Plan Width": 24, "Actual Startup Time": 4536.464, "Actual Total Time": 4536.466, "Actual Rows": 1, "Actual Loops": 1, "Plans": [{"Node Type": "Index Scan", "Parent Relationship": "Outer", "Scan Direction": "Forward", "Index Name": "idx_lineitem_shipdate", "Relation Name": "lineitem", "Alias": "lineitem", "Startup Cost": 0.0, "Total Cost": 3633603.05, "Plan Rows": 1135757, "Plan Width": 16, "Actual Startup Time": 0.078, "Actual Total Time": 4185.716, "Actual Rows": 1139264, "Actual Loops": 1, "Index Cond": "((l_shipdate >= '1994-01-01 00:00:00'::timestamp(0) without time zone) AND (l_shipdate < '1995-01-01 00:00:00'::timestamp without time zone) AND (l_discount >= .05::double precision) AND (l_discount <= .07::double precision) AND (l_quantity < 24::double precision)), (LLVM Optimized, Jit Execute)", "Rows Removed by Index Recheck": 0}]}, "Triggers": [], "Planner Runtime": 0, "Total Runtime": 4546.244, "Unique SQL Id": 4176715123}}, "(16, 58)": {"explain_plan": {"Plan": {"Node Type": "Aggregate", "Strategy": "Plain", "Startup Cost": 2770632.03, "Total Cost": 2770632.04, "Plan Rows": 1, "Plan Width": 24, "Plans": [{"Node Type": "Seq Scan", "Parent Relationship": "Outer", "Relation Name": "lineitem", "Alias": "lineitem", "Startup Cost": 110964.75, "Total Cost": 2764953.24, "Plan Rows": 1135757, "Plan Width": 16, "Filter": "((l_shipdate >= '1994-01-01 00:00:00'::timestamp(0) without time zone) AND (l_shipdate < '1995-01-01 00:00:00'::timestamp without time zone) AND (l_discount >= .05::double precision) AND (l_discount <= .07::double precision) AND (l_quantity < 24::double precision)), (LLVM Optimized)"}]}, "Unique SQL Id": 4176715123, "Planner Runtime": 0}, "explain_analyze_plan": null}, "(16, 59)": {"explain_plan": {"Plan": {"Node Type": "Aggregate", "Strategy": "Plain", "Startup Cost": 1000276501003.04, "Total Cost": 1000276501003.05, "Plan Rows": 1, "Plan Width": 24, "Plans": [{"Node Type": "Seq Scan", "Parent Relationship": "Outer", "Relation Name": "lineitem", "Alias": "lineitem", "Startup Cost": 10000109520.02, "Total Cost": 1000276495324.25, "Plan Rows": 1135757, "Plan Width": 16, "Filter": "((l_shipdate >= '1994-01-01 00:00:00'::timestamp(0) without time zone) AND (l_shipdate < '1995-01-01 00:00:00'::timestamp without time zone) AND (l_discount >= .05::double precision) AND (l_discount <= .07::double precision) AND (l_quantity < 24::double precision)), (LLVM Optimized)"}]}, "Unique SQL Id": 4176715123, "Planner Runtime": 0}, "explain_analyze_plan": null}, "(16, 60)": {"explain_plan": {"Plan": {"Node Type": "Aggregate", "Strategy": "Plain", "Startup Cost": 2770632.03, "Total Cost": 2770632.04, "Plan Rows": 1, "Plan Width": 24, "Plans": [{"Node Type": "Seq Scan", "Parent Relationship": "Outer", "Relation Name": "lineitem", "Alias": "lineitem", "Startup Cost": 110964.75, "Total Cost": 2764953.24, "Plan Rows": 1135757, "Plan Width": 16, "Filter": "((l_shipdate >= '1994-01-01 00:00:00'::timestamp(0) without time zone) AND (l_shipdate < '1995-01-01 00:00:00'::timestamp without time zone) AND (l_discount >= .05::double precision) AND (l_discount <= .07::double precision) AND (l_quantity < 24::double precision)), (LLVM Optimized)"}]}, "Unique SQL Id": 4176715123, "Planner Runtime": 0}, "explain_analyze_plan": null}, "(16, 61)": {"explain_plan": {"Plan": {"Node Type": "Aggregate", "Strategy": "Plain", "Startup Cost": 3639281.83, "Total Cost": 3639281.84, "Plan Rows": 1, "Plan Width": 24, "Plans": [{"Node Type": "Index Scan", "Parent Relationship": "Outer", "Scan Direction": "Forward", "Index Name": "idx_lineitem_shipdate", "Relation Name": "lineitem", "Alias": "lineitem", "Startup Cost": 0.0, "Total Cost": 3633603.05, "Plan Rows": 1135757, "Plan Width": 16, "Index Cond": "((l_shipdate >= '1994-01-01 00:00:00'::timestamp(0) without time zone) AND (l_shipdate < '1995-01-01 00:00:00'::timestamp without time zone) AND (l_discount >= .05::double precision) AND (l_discount <= .07::double precision) AND (l_quantity < 24::double precision)), (LLVM Optimized)"}]}, "Unique SQL Id": 4176715123, "Planner Runtime": 0}, "explain_analyze_plan": {"Plan": {"Node Type": "Aggregate", "Strategy": "Plain", "Startup Cost": 3639281.83, "Total Cost": 3639281.84, "Plan Rows": 1, "Plan Width": 24, "Actual Startup Time": 4536.464, "Actual Total Time": 4536.466, "Actual Rows": 1, "Actual Loops": 1, "Plans": [{"Node Type": "Index Scan", "Parent Relationship": "Outer", "Scan Direction": "Forward", "Index Name": "idx_lineitem_shipdate", "Relation Name": "lineitem", "Alias": "lineitem", "Startup Cost": 0.0, "Total Cost": 3633603.05, "Plan Rows": 1135757, "Plan Width": 16, "Actual Startup Time": 0.078, "Actual Total Time": 4185.716, "Actual Rows": 1139264, "Actual Loops": 1, "Index Cond": "((l_shipdate >= '1994-01-01 00:00:00'::timestamp(0) without time zone) AND (l_shipdate < '1995-01-01 00:00:00'::timestamp without time zone) AND (l_discount >= .05::double precision) AND (l_discount <= .07::double precision) AND (l_quantity < 24::double precision)), (LLVM Optimized, Jit Execute)", "Rows Removed by Index Recheck": 0}]}, "Triggers": [], "Planner Runtime": 0, "Total Runtime": 4546.244, "Unique SQL Id": 4176715123}}, "(16, 62)": {"explain_plan": {"Plan": {"Node Type": "Aggregate", "Strategy": "Plain", "Startup Cost": 2770632.03, "Total Cost": 2770632.04, "Plan Rows": 1, "Plan Width": 24, "Plans": [{"Node Type": "Seq Scan", "Parent Relationship": "Outer", "Relation Name": "lineitem", "Alias": "lineitem", "Startup Cost": 110964.75, "Total Cost": 2764953.24, "Plan Rows": 1135757, "Plan Width": 16, "Filter": "((l_shipdate >= '1994-01-01 00:00:00'::timestamp(0) without time zone) AND (l_shipdate < '1995-01-01 00:00:00'::timestamp without time zone) AND (l_discount >= .05::double precision) AND (l_discount <= .07::double precision) AND (l_quantity < 24::double precision)), (LLVM Optimized)"}]}, "Unique SQL Id": 4176715123, "Planner Runtime": 0}, "explain_analyze_plan": null}, "(16, 63)": {"explain_plan": {"Plan": {"Node Type": "Aggregate", "Strategy": "Plain", "Startup Cost": 1000276501003.04, "Total Cost": 1000276501003.05, "Plan Rows": 1, "Plan Width": 24, "Plans": [{"Node Type": "Seq Scan", "Parent Relationship": "Outer", "Relation Name": "lineitem", "Alias": "lineitem", "Startup Cost": 10000109520.02, "Total Cost": 1000276495324.25, "Plan Rows": 1135757, "Plan Width": 16, "Filter": "((l_shipdate >= '1994-01-01 00:00:00'::timestamp(0) without time zone) AND (l_shipdate < '1995-01-01 00:00:00'::timestamp without time zone) AND (l_discount >= .05::double precision) AND (l_discount <= .07::double precision) AND (l_quantity < 24::double precision)), (LLVM Optimized)"}]}, "Unique SQL Id": 4176715123, "Planner Runtime": 0}, "explain_analyze_plan": null}, "(16, 64)": {"explain_plan": {"Plan": {"Node Type": "Aggregate", "Strategy": "Plain", "Startup Cost": 1813598.15, "Total Cost": 1813598.16, "Plan Rows": 1, "Plan Width": 24, "Plans": [{"Node Type": "Bitmap Heap Scan", "Parent Relationship": "Outer", "Relation Name": "lineitem", "Alias": "lineitem", "Startup Cost": 380421.43, "Total Cost": 1807919.37, "Plan Rows": 1135757, "Plan Width": 16, "Recheck Cond": "((l_shipdate >= '1994-01-01 00:00:00'::timestamp(0) without time zone) AND (l_shipdate < '1995-01-01 00:00:00'::timestamp without time zone) AND (l_discount >= .05::double precision) AND (l_discount <= .07::double precision) AND (l_quantity < 24::double precision)), (LLVM Optimized)", "Plans": [{"Node Type": "Bitmap Index Scan", "Parent Relationship": "Outer", "Index Name": "idx_lineitem_shipdate", "Startup Cost": 0.0, "Total Cost": 380137.49, "Plan Rows": 1135757, "Plan Width": 0, "Index Cond": "((l_shipdate >= '1994-01-01 00:00:00'::timestamp(0) without time zone) AND (l_shipdate < '1995-01-01 00:00:00'::timestamp without time zone) AND (l_discount >= .05::double precision) AND (l_discount <= .07::double precision) AND (l_quantity < 24::double precision))"}]}]}, "Unique SQL Id": 4176715123, "Planner Runtime": 0}, "explain_analyze_plan": {"Plan": {"Node Type": "Aggregate", "Strategy": "Plain", "Startup Cost": 1813598.15, "Total Cost": 1813598.16, "Plan Rows": 1, "Plan Width": 24, "Actual Startup Time": 4423.886, "Actual Total Time": 4423.886, "Actual Rows": 1, "Actual Loops": 1, "Plans": [{"Node Type": "Bitmap Heap Scan", "Parent Relationship": "Outer", "Relation Name": "lineitem", "Alias": "lineitem", "Startup Cost": 380421.43, "Total Cost": 1807919.37, "Plan Rows": 1135757, "Plan Width": 16, "Actual Startup Time": 2158.948, "Actual Total Time": 4085.414, "Actual Rows": 1139264, "Actual Loops": 1, "Recheck Cond": "((l_shipdate >= '1994-01-01 00:00:00'::timestamp(0) without time zone) AND (l_shipdate < '1995-01-01 00:00:00'::timestamp without time zone) AND (l_discount >= .05::double precision) AND (l_discount <= .07::double precision) AND (l_quantity < 24::double precision)), (LLVM Optimized, Jit Execute)", "Rows Removed by Index Recheck": 0, "Exact Heap Blocks": 699048, "Lossy Heap Blocks": 699048, "Plans": [{"Node Type": "Bitmap Index Scan", "Parent Relationship": "Outer", "Index Name": "idx_lineitem_shipdate", "Startup Cost": 0.0, "Total Cost": 380137.49, "Plan Rows": 1135757, "Plan Width": 0, "Actual Startup Time": 1833.734, "Actual Total Time": 1833.734, "Actual Rows": 1139264, "Actual Loops": 1, "Index Cond": "((l_shipdate >= '1994-01-01 00:00:00'::timestamp(0) without time zone) AND (l_shipdate < '1995-01-01 00:00:00'::timestamp without time zone) AND (l_discount >= .05::double precision) AND (l_discount <= .07::double precision) AND (l_quantity < 24::double precision))"}]}]}, "Triggers": [], "Planner Runtime": 0, "Total Runtime": 4434.671, "Unique SQL Id": 4176715123}}, "(16, 65)": {"explain_plan": {"Plan": {"Node Type": "Aggregate", "Strategy": "Plain", "Startup Cost": 1813598.15, "Total Cost": 1813598.16, "Plan Rows": 1, "Plan Width": 24, "Plans": [{"Node Type": "Bitmap Heap Scan", "Parent Relationship": "Outer", "Relation Name": "lineitem", "Alias": "lineitem", "Startup Cost": 380421.43, "Total Cost": 1807919.37, "Plan Rows": 1135757, "Plan Width": 16, "Recheck Cond": "((l_shipdate >= '1994-01-01 00:00:00'::timestamp(0) without time zone) AND (l_shipdate < '1995-01-01 00:00:00'::timestamp without time zone) AND (l_discount >= .05::double precision) AND (l_discount <= .07::double precision) AND (l_quantity < 24::double precision)), (LLVM Optimized)", "Plans": [{"Node Type": "Bitmap Index Scan", "Parent Relationship": "Outer", "Index Name": "idx_lineitem_shipdate", "Startup Cost": 0.0, "Total Cost": 380137.49, "Plan Rows": 1135757, "Plan Width": 0, "Index Cond": "((l_shipdate >= '1994-01-01 00:00:00'::timestamp(0) without time zone) AND (l_shipdate < '1995-01-01 00:00:00'::timestamp without time zone) AND (l_discount >= .05::double precision) AND (l_discount <= .07::double precision) AND (l_quantity < 24::double precision))"}]}]}, "Unique SQL Id": 4176715123, "Planner Runtime": 0}, "explain_analyze_plan": {"Plan": {"Node Type": "Aggregate", "Strategy": "Plain", "Startup Cost": 1813598.15, "Total Cost": 1813598.16, "Plan Rows": 1, "Plan Width": 24, "Actual Startup Time": 4423.886, "Actual Total Time": 4423.886, "Actual Rows": 1, "Actual Loops": 1, "Plans": [{"Node Type": "Bitmap Heap Scan", "Parent Relationship": "Outer", "Relation Name": "lineitem", "Alias": "lineitem", "Startup Cost": 380421.43, "Total Cost": 1807919.37, "Plan Rows": 1135757, "Plan Width": 16, "Actual Startup Time": 2158.948, "Actual Total Time": 4085.414, "Actual Rows": 1139264, "Actual Loops": 1, "Recheck Cond": "((l_shipdate >= '1994-01-01 00:00:00'::timestamp(0) without time zone) AND (l_shipdate < '1995-01-01 00:00:00'::timestamp without time zone) AND (l_discount >= .05::double precision) AND (l_discount <= .07::double precision) AND (l_quantity < 24::double precision)), (LLVM Optimized, Jit Execute)", "Rows Removed by Index Recheck": 0, "Exact Heap Blocks": 699048, "Lossy Heap Blocks": 699048, "Plans": [{"Node Type": "Bitmap Index Scan", "Parent Relationship": "Outer", "Index Name": "idx_lineitem_shipdate", "Startup Cost": 0.0, "Total Cost": 380137.49, "Plan Rows": 1135757, "Plan Width": 0, "Actual Startup Time": 1833.734, "Actual Total Time": 1833.734, "Actual Rows": 1139264, "Actual Loops": 1, "Index Cond": "((l_shipdate >= '1994-01-01 00:00:00'::timestamp(0) without time zone) AND (l_shipdate < '1995-01-01 00:00:00'::timestamp without time zone) AND (l_discount >= .05::double precision) AND (l_discount <= .07::double precision) AND (l_quantity < 24::double precision))"}]}]}, "Triggers": [], "Planner Runtime": 0, "Total Runtime": 4434.671, "Unique SQL Id": 4176715123}}, "(16, 66)": {"explain_plan": {"Plan": {"Node Type": "Aggregate", "Strategy": "Plain", "Startup Cost": 1813598.15, "Total Cost": 1813598.16, "Plan Rows": 1, "Plan Width": 24, "Plans": [{"Node Type": "Bitmap Heap Scan", "Parent Relationship": "Outer", "Relation Name": "lineitem", "Alias": "lineitem", "Startup Cost": 380421.43, "Total Cost": 1807919.37, "Plan Rows": 1135757, "Plan Width": 16, "Recheck Cond": "((l_shipdate >= '1994-01-01 00:00:00'::timestamp(0) without time zone) AND (l_shipdate < '1995-01-01 00:00:00'::timestamp without time zone) AND (l_discount >= .05::double precision) AND (l_discount <= .07::double precision) AND (l_quantity < 24::double precision)), (LLVM Optimized)", "Plans": [{"Node Type": "Bitmap Index Scan", "Parent Relationship": "Outer", "Index Name": "idx_lineitem_shipdate", "Startup Cost": 0.0, "Total Cost": 380137.49, "Plan Rows": 1135757, "Plan Width": 0, "Index Cond": "((l_shipdate >= '1994-01-01 00:00:00'::timestamp(0) without time zone) AND (l_shipdate < '1995-01-01 00:00:00'::timestamp without time zone) AND (l_discount >= .05::double precision) AND (l_discount <= .07::double precision) AND (l_quantity < 24::double precision))"}]}]}, "Unique SQL Id": 4176715123, "Planner Runtime": 0}, "explain_analyze_plan": {"Plan": {"Node Type": "Aggregate", "Strategy": "Plain", "Startup Cost": 1813598.15, "Total Cost": 1813598.16, "Plan Rows": 1, "Plan Width": 24, "Actual Startup Time": 4423.886, "Actual Total Time": 4423.886, "Actual Rows": 1, "Actual Loops": 1, "Plans": [{"Node Type": "Bitmap Heap Scan", "Parent Relationship": "Outer", "Relation Name": "lineitem", "Alias": "lineitem", "Startup Cost": 380421.43, "Total Cost": 1807919.37, "Plan Rows": 1135757, "Plan Width": 16, "Actual Startup Time": 2158.948, "Actual Total Time": 4085.414, "Actual Rows": 1139264, "Actual Loops": 1, "Recheck Cond": "((l_shipdate >= '1994-01-01 00:00:00'::timestamp(0) without time zone) AND (l_shipdate < '1995-01-01 00:00:00'::timestamp without time zone) AND (l_discount >= .05::double precision) AND (l_discount <= .07::double precision) AND (l_quantity < 24::double precision)), (LLVM Optimized, Jit Execute)", "Rows Removed by Index Recheck": 0, "Exact Heap Blocks": 699048, "Lossy Heap Blocks": 699048, "Plans": [{"Node Type": "Bitmap Index Scan", "Parent Relationship": "Outer", "Index Name": "idx_lineitem_shipdate", "Startup Cost": 0.0, "Total Cost": 380137.49, "Plan Rows": 1135757, "Plan Width": 0, "Actual Startup Time": 1833.734, "Actual Total Time": 1833.734, "Actual Rows": 1139264, "Actual Loops": 1, "Index Cond": "((l_shipdate >= '1994-01-01 00:00:00'::timestamp(0) without time zone) AND (l_shipdate < '1995-01-01 00:00:00'::timestamp without time zone) AND (l_discount >= .05::double precision) AND (l_discount <= .07::double precision) AND (l_quantity < 24::double precision))"}]}]}, "Triggers": [], "Planner Runtime": 0, "Total Runtime": 4434.671, "Unique SQL Id": 4176715123}}, "(16, 67)": {"explain_plan": {"Plan": {"Node Type": "Aggregate", "Strategy": "Plain", "Startup Cost": 1813598.15, "Total Cost": 1813598.16, "Plan Rows": 1, "Plan Width": 24, "Plans": [{"Node Type": "Bitmap Heap Scan", "Parent Relationship": "Outer", "Relation Name": "lineitem", "Alias": "lineitem", "Startup Cost": 380421.43, "Total Cost": 1807919.37, "Plan Rows": 1135757, "Plan Width": 16, "Recheck Cond": "((l_shipdate >= '1994-01-01 00:00:00'::timestamp(0) without time zone) AND (l_shipdate < '1995-01-01 00:00:00'::timestamp without time zone) AND (l_discount >= .05::double precision) AND (l_discount <= .07::double precision) AND (l_quantity < 24::double precision)), (LLVM Optimized)", "Plans": [{"Node Type": "Bitmap Index Scan", "Parent Relationship": "Outer", "Index Name": "idx_lineitem_shipdate", "Startup Cost": 0.0, "Total Cost": 380137.49, "Plan Rows": 1135757, "Plan Width": 0, "Index Cond": "((l_shipdate >= '1994-01-01 00:00:00'::timestamp(0) without time zone) AND (l_shipdate < '1995-01-01 00:00:00'::timestamp without time zone) AND (l_discount >= .05::double precision) AND (l_discount <= .07::double precision) AND (l_quantity < 24::double precision))"}]}]}, "Unique SQL Id": 4176715123, "Planner Runtime": 0}, "explain_analyze_plan": {"Plan": {"Node Type": "Aggregate", "Strategy": "Plain", "Startup Cost": 1813598.15, "Total Cost": 1813598.16, "Plan Rows": 1, "Plan Width": 24, "Actual Startup Time": 4423.886, "Actual Total Time": 4423.886, "Actual Rows": 1, "Actual Loops": 1, "Plans": [{"Node Type": "Bitmap Heap Scan", "Parent Relationship": "Outer", "Relation Name": "lineitem", "Alias": "lineitem", "Startup Cost": 380421.43, "Total Cost": 1807919.37, "Plan Rows": 1135757, "Plan Width": 16, "Actual Startup Time": 2158.948, "Actual Total Time": 4085.414, "Actual Rows": 1139264, "Actual Loops": 1, "Recheck Cond": "((l_shipdate >= '1994-01-01 00:00:00'::timestamp(0) without time zone) AND (l_shipdate < '1995-01-01 00:00:00'::timestamp without time zone) AND (l_discount >= .05::double precision) AND (l_discount <= .07::double precision) AND (l_quantity < 24::double precision)), (LLVM Optimized, Jit Execute)", "Rows Removed by Index Recheck": 0, "Exact Heap Blocks": 699048, "Lossy Heap Blocks": 699048, "Plans": [{"Node Type": "Bitmap Index Scan", "Parent Relationship": "Outer", "Index Name": "idx_lineitem_shipdate", "Startup Cost": 0.0, "Total Cost": 380137.49, "Plan Rows": 1135757, "Plan Width": 0, "Actual Startup Time": 1833.734, "Actual Total Time": 1833.734, "Actual Rows": 1139264, "Actual Loops": 1, "Index Cond": "((l_shipdate >= '1994-01-01 00:00:00'::timestamp(0) without time zone) AND (l_shipdate < '1995-01-01 00:00:00'::timestamp without time zone) AND (l_discount >= .05::double precision) AND (l_discount <= .07::double precision) AND (l_quantity < 24::double precision))"}]}]}, "Triggers": [], "Planner Runtime": 0, "Total Runtime": 4434.671, "Unique SQL Id": 4176715123}}, "(16, 68)": {"explain_plan": {"Plan": {"Node Type": "Aggregate", "Strategy": "Plain", "Startup Cost": 1813598.15, "Total Cost": 1813598.16, "Plan Rows": 1, "Plan Width": 24, "Plans": [{"Node Type": "Bitmap Heap Scan", "Parent Relationship": "Outer", "Relation Name": "lineitem", "Alias": "lineitem", "Startup Cost": 380421.43, "Total Cost": 1807919.37, "Plan Rows": 1135757, "Plan Width": 16, "Recheck Cond": "((l_shipdate >= '1994-01-01 00:00:00'::timestamp(0) without time zone) AND (l_shipdate < '1995-01-01 00:00:00'::timestamp without time zone) AND (l_discount >= .05::double precision) AND (l_discount <= .07::double precision) AND (l_quantity < 24::double precision)), (LLVM Optimized)", "Plans": [{"Node Type": "Bitmap Index Scan", "Parent Relationship": "Outer", "Index Name": "idx_lineitem_shipdate", "Startup Cost": 0.0, "Total Cost": 380137.49, "Plan Rows": 1135757, "Plan Width": 0, "Index Cond": "((l_shipdate >= '1994-01-01 00:00:00'::timestamp(0) without time zone) AND (l_shipdate < '1995-01-01 00:00:00'::timestamp without time zone) AND (l_discount >= .05::double precision) AND (l_discount <= .07::double precision) AND (l_quantity < 24::double precision))"}]}]}, "Unique SQL Id": 4176715123, "Planner Runtime": 0}, "explain_analyze_plan": {"Plan": {"Node Type": "Aggregate", "Strategy": "Plain", "Startup Cost": 1813598.15, "Total Cost": 1813598.16, "Plan Rows": 1, "Plan Width": 24, "Actual Startup Time": 4423.886, "Actual Total Time": 4423.886, "Actual Rows": 1, "Actual Loops": 1, "Plans": [{"Node Type": "Bitmap Heap Scan", "Parent Relationship": "Outer", "Relation Name": "lineitem", "Alias": "lineitem", "Startup Cost": 380421.43, "Total Cost": 1807919.37, "Plan Rows": 1135757, "Plan Width": 16, "Actual Startup Time": 2158.948, "Actual Total Time": 4085.414, "Actual Rows": 1139264, "Actual Loops": 1, "Recheck Cond": "((l_shipdate >= '1994-01-01 00:00:00'::timestamp(0) without time zone) AND (l_shipdate < '1995-01-01 00:00:00'::timestamp without time zone) AND (l_discount >= .05::double precision) AND (l_discount <= .07::double precision) AND (l_quantity < 24::double precision)), (LLVM Optimized, Jit Execute)", "Rows Removed by Index Recheck": 0, "Exact Heap Blocks": 699048, "Lossy Heap Blocks": 699048, "Plans": [{"Node Type": "Bitmap Index Scan", "Parent Relationship": "Outer", "Index Name": "idx_lineitem_shipdate", "Startup Cost": 0.0, "Total Cost": 380137.49, "Plan Rows": 1135757, "Plan Width": 0, "Actual Startup Time": 1833.734, "Actual Total Time": 1833.734, "Actual Rows": 1139264, "Actual Loops": 1, "Index Cond": "((l_shipdate >= '1994-01-01 00:00:00'::timestamp(0) without time zone) AND (l_shipdate < '1995-01-01 00:00:00'::timestamp without time zone) AND (l_discount >= .05::double precision) AND (l_discount <= .07::double precision) AND (l_quantity < 24::double precision))"}]}]}, "Triggers": [], "Planner Runtime": 0, "Total Runtime": 4434.671, "Unique SQL Id": 4176715123}}, "(16, 69)": {"explain_plan": {"Plan": {"Node Type": "Aggregate", "Strategy": "Plain", "Startup Cost": 1813598.15, "Total Cost": 1813598.16, "Plan Rows": 1, "Plan Width": 24, "Plans": [{"Node Type": "Bitmap Heap Scan", "Parent Relationship": "Outer", "Relation Name": "lineitem", "Alias": "lineitem", "Startup Cost": 380421.43, "Total Cost": 1807919.37, "Plan Rows": 1135757, "Plan Width": 16, "Recheck Cond": "((l_shipdate >= '1994-01-01 00:00:00'::timestamp(0) without time zone) AND (l_shipdate < '1995-01-01 00:00:00'::timestamp without time zone) AND (l_discount >= .05::double precision) AND (l_discount <= .07::double precision) AND (l_quantity < 24::double precision)), (LLVM Optimized)", "Plans": [{"Node Type": "Bitmap Index Scan", "Parent Relationship": "Outer", "Index Name": "idx_lineitem_shipdate", "Startup Cost": 0.0, "Total Cost": 380137.49, "Plan Rows": 1135757, "Plan Width": 0, "Index Cond": "((l_shipdate >= '1994-01-01 00:00:00'::timestamp(0) without time zone) AND (l_shipdate < '1995-01-01 00:00:00'::timestamp without time zone) AND (l_discount >= .05::double precision) AND (l_discount <= .07::double precision) AND (l_quantity < 24::double precision))"}]}]}, "Unique SQL Id": 4176715123, "Planner Runtime": 0}, "explain_analyze_plan": {"Plan": {"Node Type": "Aggregate", "Strategy": "Plain", "Startup Cost": 1813598.15, "Total Cost": 1813598.16, "Plan Rows": 1, "Plan Width": 24, "Actual Startup Time": 4423.886, "Actual Total Time": 4423.886, "Actual Rows": 1, "Actual Loops": 1, "Plans": [{"Node Type": "Bitmap Heap Scan", "Parent Relationship": "Outer", "Relation Name": "lineitem", "Alias": "lineitem", "Startup Cost": 380421.43, "Total Cost": 1807919.37, "Plan Rows": 1135757, "Plan Width": 16, "Actual Startup Time": 2158.948, "Actual Total Time": 4085.414, "Actual Rows": 1139264, "Actual Loops": 1, "Recheck Cond": "((l_shipdate >= '1994-01-01 00:00:00'::timestamp(0) without time zone) AND (l_shipdate < '1995-01-01 00:00:00'::timestamp without time zone) AND (l_discount >= .05::double precision) AND (l_discount <= .07::double precision) AND (l_quantity < 24::double precision)), (LLVM Optimized, Jit Execute)", "Rows Removed by Index Recheck": 0, "Exact Heap Blocks": 699048, "Lossy Heap Blocks": 699048, "Plans": [{"Node Type": "Bitmap Index Scan", "Parent Relationship": "Outer", "Index Name": "idx_lineitem_shipdate", "Startup Cost": 0.0, "Total Cost": 380137.49, "Plan Rows": 1135757, "Plan Width": 0, "Actual Startup Time": 1833.734, "Actual Total Time": 1833.734, "Actual Rows": 1139264, "Actual Loops": 1, "Index Cond": "((l_shipdate >= '1994-01-01 00:00:00'::timestamp(0) without time zone) AND (l_shipdate < '1995-01-01 00:00:00'::timestamp without time zone) AND (l_discount >= .05::double precision) AND (l_discount <= .07::double precision) AND (l_quantity < 24::double precision))"}]}]}, "Triggers": [], "Planner Runtime": 0, "Total Runtime": 4434.671, "Unique SQL Id": 4176715123}}, "(16, 70)": {"explain_plan": {"Plan": {"Node Type": "Aggregate", "Strategy": "Plain", "Startup Cost": 1813598.15, "Total Cost": 1813598.16, "Plan Rows": 1, "Plan Width": 24, "Plans": [{"Node Type": "Bitmap Heap Scan", "Parent Relationship": "Outer", "Relation Name": "lineitem", "Alias": "lineitem", "Startup Cost": 380421.43, "Total Cost": 1807919.37, "Plan Rows": 1135757, "Plan Width": 16, "Recheck Cond": "((l_shipdate >= '1994-01-01 00:00:00'::timestamp(0) without time zone) AND (l_shipdate < '1995-01-01 00:00:00'::timestamp without time zone) AND (l_discount >= .05::double precision) AND (l_discount <= .07::double precision) AND (l_quantity < 24::double precision)), (LLVM Optimized)", "Plans": [{"Node Type": "Bitmap Index Scan", "Parent Relationship": "Outer", "Index Name": "idx_lineitem_shipdate", "Startup Cost": 0.0, "Total Cost": 380137.49, "Plan Rows": 1135757, "Plan Width": 0, "Index Cond": "((l_shipdate >= '1994-01-01 00:00:00'::timestamp(0) without time zone) AND (l_shipdate < '1995-01-01 00:00:00'::timestamp without time zone) AND (l_discount >= .05::double precision) AND (l_discount <= .07::double precision) AND (l_quantity < 24::double precision))"}]}]}, "Unique SQL Id": 4176715123, "Planner Runtime": 0}, "explain_analyze_plan": {"Plan": {"Node Type": "Aggregate", "Strategy": "Plain", "Startup Cost": 1813598.15, "Total Cost": 1813598.16, "Plan Rows": 1, "Plan Width": 24, "Actual Startup Time": 4423.886, "Actual Total Time": 4423.886, "Actual Rows": 1, "Actual Loops": 1, "Plans": [{"Node Type": "Bitmap Heap Scan", "Parent Relationship": "Outer", "Relation Name": "lineitem", "Alias": "lineitem", "Startup Cost": 380421.43, "Total Cost": 1807919.37, "Plan Rows": 1135757, "Plan Width": 16, "Actual Startup Time": 2158.948, "Actual Total Time": 4085.414, "Actual Rows": 1139264, "Actual Loops": 1, "Recheck Cond": "((l_shipdate >= '1994-01-01 00:00:00'::timestamp(0) without time zone) AND (l_shipdate < '1995-01-01 00:00:00'::timestamp without time zone) AND (l_discount >= .05::double precision) AND (l_discount <= .07::double precision) AND (l_quantity < 24::double precision)), (LLVM Optimized, Jit Execute)", "Rows Removed by Index Recheck": 0, "Exact Heap Blocks": 699048, "Lossy Heap Blocks": 699048, "Plans": [{"Node Type": "Bitmap Index Scan", "Parent Relationship": "Outer", "Index Name": "idx_lineitem_shipdate", "Startup Cost": 0.0, "Total Cost": 380137.49, "Plan Rows": 1135757, "Plan Width": 0, "Actual Startup Time": 1833.734, "Actual Total Time": 1833.734, "Actual Rows": 1139264, "Actual Loops": 1, "Index Cond": "((l_shipdate >= '1994-01-01 00:00:00'::timestamp(0) without time zone) AND (l_shipdate < '1995-01-01 00:00:00'::timestamp without time zone) AND (l_discount >= .05::double precision) AND (l_discount <= .07::double precision) AND (l_quantity < 24::double precision))"}]}]}, "Triggers": [], "Planner Runtime": 0, "Total Runtime": 4434.671, "Unique SQL Id": 4176715123}}, "(16, 71)": {"explain_plan": {"Plan": {"Node Type": "Aggregate", "Strategy": "Plain", "Startup Cost": 1813598.15, "Total Cost": 1813598.16, "Plan Rows": 1, "Plan Width": 24, "Plans": [{"Node Type": "Bitmap Heap Scan", "Parent Relationship": "Outer", "Relation Name": "lineitem", "Alias": "lineitem", "Startup Cost": 380421.43, "Total Cost": 1807919.37, "Plan Rows": 1135757, "Plan Width": 16, "Recheck Cond": "((l_shipdate >= '1994-01-01 00:00:00'::timestamp(0) without time zone) AND (l_shipdate < '1995-01-01 00:00:00'::timestamp without time zone) AND (l_discount >= .05::double precision) AND (l_discount <= .07::double precision) AND (l_quantity < 24::double precision)), (LLVM Optimized)", "Plans": [{"Node Type": "Bitmap Index Scan", "Parent Relationship": "Outer", "Index Name": "idx_lineitem_shipdate", "Startup Cost": 0.0, "Total Cost": 380137.49, "Plan Rows": 1135757, "Plan Width": 0, "Index Cond": "((l_shipdate >= '1994-01-01 00:00:00'::timestamp(0) without time zone) AND (l_shipdate < '1995-01-01 00:00:00'::timestamp without time zone) AND (l_discount >= .05::double precision) AND (l_discount <= .07::double precision) AND (l_quantity < 24::double precision))"}]}]}, "Unique SQL Id": 4176715123, "Planner Runtime": 0}, "explain_analyze_plan": {"Plan": {"Node Type": "Aggregate", "Strategy": "Plain", "Startup Cost": 1813598.15, "Total Cost": 1813598.16, "Plan Rows": 1, "Plan Width": 24, "Actual Startup Time": 4423.886, "Actual Total Time": 4423.886, "Actual Rows": 1, "Actual Loops": 1, "Plans": [{"Node Type": "Bitmap Heap Scan", "Parent Relationship": "Outer", "Relation Name": "lineitem", "Alias": "lineitem", "Startup Cost": 380421.43, "Total Cost": 1807919.37, "Plan Rows": 1135757, "Plan Width": 16, "Actual Startup Time": 2158.948, "Actual Total Time": 4085.414, "Actual Rows": 1139264, "Actual Loops": 1, "Recheck Cond": "((l_shipdate >= '1994-01-01 00:00:00'::timestamp(0) without time zone) AND (l_shipdate < '1995-01-01 00:00:00'::timestamp without time zone) AND (l_discount >= .05::double precision) AND (l_discount <= .07::double precision) AND (l_quantity < 24::double precision)), (LLVM Optimized, Jit Execute)", "Rows Removed by Index Recheck": 0, "Exact Heap Blocks": 699048, "Lossy Heap Blocks": 699048, "Plans": [{"Node Type": "Bitmap Index Scan", "Parent Relationship": "Outer", "Index Name": "idx_lineitem_shipdate", "Startup Cost": 0.0, "Total Cost": 380137.49, "Plan Rows": 1135757, "Plan Width": 0, "Actual Startup Time": 1833.734, "Actual Total Time": 1833.734, "Actual Rows": 1139264, "Actual Loops": 1, "Index Cond": "((l_shipdate >= '1994-01-01 00:00:00'::timestamp(0) without time zone) AND (l_shipdate < '1995-01-01 00:00:00'::timestamp without time zone) AND (l_discount >= .05::double precision) AND (l_discount <= .07::double precision) AND (l_quantity < 24::double precision))"}]}]}, "Triggers": [], "Planner Runtime": 0, "Total Runtime": 4434.671, "Unique SQL Id": 4176715123}}, "(16, 72)": {"explain_plan": {"Plan": {"Node Type": "Aggregate", "Strategy": "Plain", "Startup Cost": 2770632.03, "Total Cost": 2770632.04, "Plan Rows": 1, "Plan Width": 24, "Plans": [{"Node Type": "Seq Scan", "Parent Relationship": "Outer", "Relation Name": "lineitem", "Alias": "lineitem", "Startup Cost": 110964.75, "Total Cost": 2764953.24, "Plan Rows": 1135757, "Plan Width": 16, "Filter": "((l_shipdate >= '1994-01-01 00:00:00'::timestamp(0) without time zone) AND (l_shipdate < '1995-01-01 00:00:00'::timestamp without time zone) AND (l_discount >= .05::double precision) AND (l_discount <= .07::double precision) AND (l_quantity < 24::double precision)), (LLVM Optimized)"}]}, "Unique SQL Id": 4176715123, "Planner Runtime": 0}, "explain_analyze_plan": null}, "(16, 73)": {"explain_plan": {"Plan": {"Node Type": "Aggregate", "Strategy": "Plain", "Startup Cost": 3639281.83, "Total Cost": 3639281.84, "Plan Rows": 1, "Plan Width": 24, "Plans": [{"Node Type": "Index Scan", "Parent Relationship": "Outer", "Scan Direction": "Forward", "Index Name": "idx_lineitem_shipdate", "Relation Name": "lineitem", "Alias": "lineitem", "Startup Cost": 0.0, "Total Cost": 3633603.05, "Plan Rows": 1135757, "Plan Width": 16, "Index Cond": "((l_shipdate >= '1994-01-01 00:00:00'::timestamp(0) without time zone) AND (l_shipdate < '1995-01-01 00:00:00'::timestamp without time zone) AND (l_discount >= .05::double precision) AND (l_discount <= .07::double precision) AND (l_quantity < 24::double precision)), (LLVM Optimized)"}]}, "Unique SQL Id": 4176715123, "Planner Runtime": 0}, "explain_analyze_plan": {"Plan": {"Node Type": "Aggregate", "Strategy": "Plain", "Startup Cost": 3639281.83, "Total Cost": 3639281.84, "Plan Rows": 1, "Plan Width": 24, "Actual Startup Time": 4536.464, "Actual Total Time": 4536.466, "Actual Rows": 1, "Actual Loops": 1, "Plans": [{"Node Type": "Index Scan", "Parent Relationship": "Outer", "Scan Direction": "Forward", "Index Name": "idx_lineitem_shipdate", "Relation Name": "lineitem", "Alias": "lineitem", "Startup Cost": 0.0, "Total Cost": 3633603.05, "Plan Rows": 1135757, "Plan Width": 16, "Actual Startup Time": 0.078, "Actual Total Time": 4185.716, "Actual Rows": 1139264, "Actual Loops": 1, "Index Cond": "((l_shipdate >= '1994-01-01 00:00:00'::timestamp(0) without time zone) AND (l_shipdate < '1995-01-01 00:00:00'::timestamp without time zone) AND (l_discount >= .05::double precision) AND (l_discount <= .07::double precision) AND (l_quantity < 24::double precision)), (LLVM Optimized, Jit Execute)", "Rows Removed by Index Recheck": 0}]}, "Triggers": [], "Planner Runtime": 0, "Total Runtime": 4546.244, "Unique SQL Id": 4176715123}}, "(16, 74)": {"explain_plan": {"Plan": {"Node Type": "Aggregate", "Strategy": "Plain", "Startup Cost": 2770632.03, "Total Cost": 2770632.04, "Plan Rows": 1, "Plan Width": 24, "Plans": [{"Node Type": "Seq Scan", "Parent Relationship": "Outer", "Relation Name": "lineitem", "Alias": "lineitem", "Startup Cost": 110964.75, "Total Cost": 2764953.24, "Plan Rows": 1135757, "Plan Width": 16, "Filter": "((l_shipdate >= '1994-01-01 00:00:00'::timestamp(0) without time zone) AND (l_shipdate < '1995-01-01 00:00:00'::timestamp without time zone) AND (l_discount >= .05::double precision) AND (l_discount <= .07::double precision) AND (l_quantity < 24::double precision)), (LLVM Optimized)"}]}, "Unique SQL Id": 4176715123, "Planner Runtime": 0}, "explain_analyze_plan": null}, "(16, 75)": {"explain_plan": {"Plan": {"Node Type": "Aggregate", "Strategy": "Plain", "Startup Cost": 1000276501003.04, "Total Cost": 1000276501003.05, "Plan Rows": 1, "Plan Width": 24, "Plans": [{"Node Type": "Seq Scan", "Parent Relationship": "Outer", "Relation Name": "lineitem", "Alias": "lineitem", "Startup Cost": 10000109520.02, "Total Cost": 1000276495324.25, "Plan Rows": 1135757, "Plan Width": 16, "Filter": "((l_shipdate >= '1994-01-01 00:00:00'::timestamp(0) without time zone) AND (l_shipdate < '1995-01-01 00:00:00'::timestamp without time zone) AND (l_discount >= .05::double precision) AND (l_discount <= .07::double precision) AND (l_quantity < 24::double precision)), (LLVM Optimized)"}]}, "Unique SQL Id": 4176715123, "Planner Runtime": 0}, "explain_analyze_plan": null}, "(16, 76)": {"explain_plan": {"Plan": {"Node Type": "Aggregate", "Strategy": "Plain", "Startup Cost": 2770632.03, "Total Cost": 2770632.04, "Plan Rows": 1, "Plan Width": 24, "Plans": [{"Node Type": "Seq Scan", "Parent Relationship": "Outer", "Relation Name": "lineitem", "Alias": "lineitem", "Startup Cost": 110964.75, "Total Cost": 2764953.24, "Plan Rows": 1135757, "Plan Width": 16, "Filter": "((l_shipdate >= '1994-01-01 00:00:00'::timestamp(0) without time zone) AND (l_shipdate < '1995-01-01 00:00:00'::timestamp without time zone) AND (l_discount >= .05::double precision) AND (l_discount <= .07::double precision) AND (l_quantity < 24::double precision)), (LLVM Optimized)"}]}, "Unique SQL Id": 4176715123, "Planner Runtime": 0}, "explain_analyze_plan": null}, "(16, 77)": {"explain_plan": {"Plan": {"Node Type": "Aggregate", "Strategy": "Plain", "Startup Cost": 3639281.83, "Total Cost": 3639281.84, "Plan Rows": 1, "Plan Width": 24, "Plans": [{"Node Type": "Index Scan", "Parent Relationship": "Outer", "Scan Direction": "Forward", "Index Name": "idx_lineitem_shipdate", "Relation Name": "lineitem", "Alias": "lineitem", "Startup Cost": 0.0, "Total Cost": 3633603.05, "Plan Rows": 1135757, "Plan Width": 16, "Index Cond": "((l_shipdate >= '1994-01-01 00:00:00'::timestamp(0) without time zone) AND (l_shipdate < '1995-01-01 00:00:00'::timestamp without time zone) AND (l_discount >= .05::double precision) AND (l_discount <= .07::double precision) AND (l_quantity < 24::double precision)), (LLVM Optimized)"}]}, "Unique SQL Id": 4176715123, "Planner Runtime": 0}, "explain_analyze_plan": {"Plan": {"Node Type": "Aggregate", "Strategy": "Plain", "Startup Cost": 3639281.83, "Total Cost": 3639281.84, "Plan Rows": 1, "Plan Width": 24, "Actual Startup Time": 4536.464, "Actual Total Time": 4536.466, "Actual Rows": 1, "Actual Loops": 1, "Plans": [{"Node Type": "Index Scan", "Parent Relationship": "Outer", "Scan Direction": "Forward", "Index Name": "idx_lineitem_shipdate", "Relation Name": "lineitem", "Alias": "lineitem", "Startup Cost": 0.0, "Total Cost": 3633603.05, "Plan Rows": 1135757, "Plan Width": 16, "Actual Startup Time": 0.078, "Actual Total Time": 4185.716, "Actual Rows": 1139264, "Actual Loops": 1, "Index Cond": "((l_shipdate >= '1994-01-01 00:00:00'::timestamp(0) without time zone) AND (l_shipdate < '1995-01-01 00:00:00'::timestamp without time zone) AND (l_discount >= .05::double precision) AND (l_discount <= .07::double precision) AND (l_quantity < 24::double precision)), (LLVM Optimized, Jit Execute)", "Rows Removed by Index Recheck": 0}]}, "Triggers": [], "Planner Runtime": 0, "Total Runtime": 4546.244, "Unique SQL Id": 4176715123}}, "(16, 78)": {"explain_plan": {"Plan": {"Node Type": "Aggregate", "Strategy": "Plain", "Startup Cost": 2770632.03, "Total Cost": 2770632.04, "Plan Rows": 1, "Plan Width": 24, "Plans": [{"Node Type": "Seq Scan", "Parent Relationship": "Outer", "Relation Name": "lineitem", "Alias": "lineitem", "Startup Cost": 110964.75, "Total Cost": 2764953.24, "Plan Rows": 1135757, "Plan Width": 16, "Filter": "((l_shipdate >= '1994-01-01 00:00:00'::timestamp(0) without time zone) AND (l_shipdate < '1995-01-01 00:00:00'::timestamp without time zone) AND (l_discount >= .05::double precision) AND (l_discount <= .07::double precision) AND (l_quantity < 24::double precision)), (LLVM Optimized)"}]}, "Unique SQL Id": 4176715123, "Planner Runtime": 0}, "explain_analyze_plan": null}, "(16, 79)": {"explain_plan": {"Plan": {"Node Type": "Aggregate", "Strategy": "Plain", "Startup Cost": 1000276501003.04, "Total Cost": 1000276501003.05, "Plan Rows": 1, "Plan Width": 24, "Plans": [{"Node Type": "Seq Scan", "Parent Relationship": "Outer", "Relation Name": "lineitem", "Alias": "lineitem", "Startup Cost": 10000109520.02, "Total Cost": 1000276495324.25, "Plan Rows": 1135757, "Plan Width": 16, "Filter": "((l_shipdate >= '1994-01-01 00:00:00'::timestamp(0) without time zone) AND (l_shipdate < '1995-01-01 00:00:00'::timestamp without time zone) AND (l_discount >= .05::double precision) AND (l_discount <= .07::double precision) AND (l_quantity < 24::double precision)), (LLVM Optimized)"}]}, "Unique SQL Id": 4176715123, "Planner Runtime": 0}, "explain_analyze_plan": null}, "(16, 80)": {"explain_plan": {"Plan": {"Node Type": "Aggregate", "Strategy": "Plain", "Startup Cost": 1813598.15, "Total Cost": 1813598.16, "Plan Rows": 1, "Plan Width": 24, "Plans": [{"Node Type": "Bitmap Heap Scan", "Parent Relationship": "Outer", "Relation Name": "lineitem", "Alias": "lineitem", "Startup Cost": 380421.43, "Total Cost": 1807919.37, "Plan Rows": 1135757, "Plan Width": 16, "Recheck Cond": "((l_shipdate >= '1994-01-01 00:00:00'::timestamp(0) without time zone) AND (l_shipdate < '1995-01-01 00:00:00'::timestamp without time zone) AND (l_discount >= .05::double precision) AND (l_discount <= .07::double precision) AND (l_quantity < 24::double precision)), (LLVM Optimized)", "Plans": [{"Node Type": "Bitmap Index Scan", "Parent Relationship": "Outer", "Index Name": "idx_lineitem_shipdate", "Startup Cost": 0.0, "Total Cost": 380137.49, "Plan Rows": 1135757, "Plan Width": 0, "Index Cond": "((l_shipdate >= '1994-01-01 00:00:00'::timestamp(0) without time zone) AND (l_shipdate < '1995-01-01 00:00:00'::timestamp without time zone) AND (l_discount >= .05::double precision) AND (l_discount <= .07::double precision) AND (l_quantity < 24::double precision))"}]}]}, "Unique SQL Id": 4176715123, "Planner Runtime": 0}, "explain_analyze_plan": {"Plan": {"Node Type": "Aggregate", "Strategy": "Plain", "Startup Cost": 1813598.15, "Total Cost": 1813598.16, "Plan Rows": 1, "Plan Width": 24, "Actual Startup Time": 4423.886, "Actual Total Time": 4423.886, "Actual Rows": 1, "Actual Loops": 1, "Plans": [{"Node Type": "Bitmap Heap Scan", "Parent Relationship": "Outer", "Relation Name": "lineitem", "Alias": "lineitem", "Startup Cost": 380421.43, "Total Cost": 1807919.37, "Plan Rows": 1135757, "Plan Width": 16, "Actual Startup Time": 2158.948, "Actual Total Time": 4085.414, "Actual Rows": 1139264, "Actual Loops": 1, "Recheck Cond": "((l_shipdate >= '1994-01-01 00:00:00'::timestamp(0) without time zone) AND (l_shipdate < '1995-01-01 00:00:00'::timestamp without time zone) AND (l_discount >= .05::double precision) AND (l_discount <= .07::double precision) AND (l_quantity < 24::double precision)), (LLVM Optimized, Jit Execute)", "Rows Removed by Index Recheck": 0, "Exact Heap Blocks": 699048, "Lossy Heap Blocks": 699048, "Plans": [{"Node Type": "Bitmap Index Scan", "Parent Relationship": "Outer", "Index Name": "idx_lineitem_shipdate", "Startup Cost": 0.0, "Total Cost": 380137.49, "Plan Rows": 1135757, "Plan Width": 0, "Actual Startup Time": 1833.734, "Actual Total Time": 1833.734, "Actual Rows": 1139264, "Actual Loops": 1, "Index Cond": "((l_shipdate >= '1994-01-01 00:00:00'::timestamp(0) without time zone) AND (l_shipdate < '1995-01-01 00:00:00'::timestamp without time zone) AND (l_discount >= .05::double precision) AND (l_discount <= .07::double precision) AND (l_quantity < 24::double precision))"}]}]}, "Triggers": [], "Planner Runtime": 0, "Total Runtime": 4434.671, "Unique SQL Id": 4176715123}}, "(16, 81)": {"explain_plan": {"Plan": {"Node Type": "Aggregate", "Strategy": "Plain", "Startup Cost": 1813598.15, "Total Cost": 1813598.16, "Plan Rows": 1, "Plan Width": 24, "Plans": [{"Node Type": "Bitmap Heap Scan", "Parent Relationship": "Outer", "Relation Name": "lineitem", "Alias": "lineitem", "Startup Cost": 380421.43, "Total Cost": 1807919.37, "Plan Rows": 1135757, "Plan Width": 16, "Recheck Cond": "((l_shipdate >= '1994-01-01 00:00:00'::timestamp(0) without time zone) AND (l_shipdate < '1995-01-01 00:00:00'::timestamp without time zone) AND (l_discount >= .05::double precision) AND (l_discount <= .07::double precision) AND (l_quantity < 24::double precision)), (LLVM Optimized)", "Plans": [{"Node Type": "Bitmap Index Scan", "Parent Relationship": "Outer", "Index Name": "idx_lineitem_shipdate", "Startup Cost": 0.0, "Total Cost": 380137.49, "Plan Rows": 1135757, "Plan Width": 0, "Index Cond": "((l_shipdate >= '1994-01-01 00:00:00'::timestamp(0) without time zone) AND (l_shipdate < '1995-01-01 00:00:00'::timestamp without time zone) AND (l_discount >= .05::double precision) AND (l_discount <= .07::double precision) AND (l_quantity < 24::double precision))"}]}]}, "Unique SQL Id": 4176715123, "Planner Runtime": 0}, "explain_analyze_plan": {"Plan": {"Node Type": "Aggregate", "Strategy": "Plain", "Startup Cost": 1813598.15, "Total Cost": 1813598.16, "Plan Rows": 1, "Plan Width": 24, "Actual Startup Time": 4423.886, "Actual Total Time": 4423.886, "Actual Rows": 1, "Actual Loops": 1, "Plans": [{"Node Type": "Bitmap Heap Scan", "Parent Relationship": "Outer", "Relation Name": "lineitem", "Alias": "lineitem", "Startup Cost": 380421.43, "Total Cost": 1807919.37, "Plan Rows": 1135757, "Plan Width": 16, "Actual Startup Time": 2158.948, "Actual Total Time": 4085.414, "Actual Rows": 1139264, "Actual Loops": 1, "Recheck Cond": "((l_shipdate >= '1994-01-01 00:00:00'::timestamp(0) without time zone) AND (l_shipdate < '1995-01-01 00:00:00'::timestamp without time zone) AND (l_discount >= .05::double precision) AND (l_discount <= .07::double precision) AND (l_quantity < 24::double precision)), (LLVM Optimized, Jit Execute)", "Rows Removed by Index Recheck": 0, "Exact Heap Blocks": 699048, "Lossy Heap Blocks": 699048, "Plans": [{"Node Type": "Bitmap Index Scan", "Parent Relationship": "Outer", "Index Name": "idx_lineitem_shipdate", "Startup Cost": 0.0, "Total Cost": 380137.49, "Plan Rows": 1135757, "Plan Width": 0, "Actual Startup Time": 1833.734, "Actual Total Time": 1833.734, "Actual Rows": 1139264, "Actual Loops": 1, "Index Cond": "((l_shipdate >= '1994-01-01 00:00:00'::timestamp(0) without time zone) AND (l_shipdate < '1995-01-01 00:00:00'::timestamp without time zone) AND (l_discount >= .05::double precision) AND (l_discount <= .07::double precision) AND (l_quantity < 24::double precision))"}]}]}, "Triggers": [], "Planner Runtime": 0, "Total Runtime": 4434.671, "Unique SQL Id": 4176715123}}, "(16, 82)": {"explain_plan": {"Plan": {"Node Type": "Aggregate", "Strategy": "Plain", "Startup Cost": 1813598.15, "Total Cost": 1813598.16, "Plan Rows": 1, "Plan Width": 24, "Plans": [{"Node Type": "Bitmap Heap Scan", "Parent Relationship": "Outer", "Relation Name": "lineitem", "Alias": "lineitem", "Startup Cost": 380421.43, "Total Cost": 1807919.37, "Plan Rows": 1135757, "Plan Width": 16, "Recheck Cond": "((l_shipdate >= '1994-01-01 00:00:00'::timestamp(0) without time zone) AND (l_shipdate < '1995-01-01 00:00:00'::timestamp without time zone) AND (l_discount >= .05::double precision) AND (l_discount <= .07::double precision) AND (l_quantity < 24::double precision)), (LLVM Optimized)", "Plans": [{"Node Type": "Bitmap Index Scan", "Parent Relationship": "Outer", "Index Name": "idx_lineitem_shipdate", "Startup Cost": 0.0, "Total Cost": 380137.49, "Plan Rows": 1135757, "Plan Width": 0, "Index Cond": "((l_shipdate >= '1994-01-01 00:00:00'::timestamp(0) without time zone) AND (l_shipdate < '1995-01-01 00:00:00'::timestamp without time zone) AND (l_discount >= .05::double precision) AND (l_discount <= .07::double precision) AND (l_quantity < 24::double precision))"}]}]}, "Unique SQL Id": 4176715123, "Planner Runtime": 0}, "explain_analyze_plan": {"Plan": {"Node Type": "Aggregate", "Strategy": "Plain", "Startup Cost": 1813598.15, "Total Cost": 1813598.16, "Plan Rows": 1, "Plan Width": 24, "Actual Startup Time": 4423.886, "Actual Total Time": 4423.886, "Actual Rows": 1, "Actual Loops": 1, "Plans": [{"Node Type": "Bitmap Heap Scan", "Parent Relationship": "Outer", "Relation Name": "lineitem", "Alias": "lineitem", "Startup Cost": 380421.43, "Total Cost": 1807919.37, "Plan Rows": 1135757, "Plan Width": 16, "Actual Startup Time": 2158.948, "Actual Total Time": 4085.414, "Actual Rows": 1139264, "Actual Loops": 1, "Recheck Cond": "((l_shipdate >= '1994-01-01 00:00:00'::timestamp(0) without time zone) AND (l_shipdate < '1995-01-01 00:00:00'::timestamp without time zone) AND (l_discount >= .05::double precision) AND (l_discount <= .07::double precision) AND (l_quantity < 24::double precision)), (LLVM Optimized, Jit Execute)", "Rows Removed by Index Recheck": 0, "Exact Heap Blocks": 699048, "Lossy Heap Blocks": 699048, "Plans": [{"Node Type": "Bitmap Index Scan", "Parent Relationship": "Outer", "Index Name": "idx_lineitem_shipdate", "Startup Cost": 0.0, "Total Cost": 380137.49, "Plan Rows": 1135757, "Plan Width": 0, "Actual Startup Time": 1833.734, "Actual Total Time": 1833.734, "Actual Rows": 1139264, "Actual Loops": 1, "Index Cond": "((l_shipdate >= '1994-01-01 00:00:00'::timestamp(0) without time zone) AND (l_shipdate < '1995-01-01 00:00:00'::timestamp without time zone) AND (l_discount >= .05::double precision) AND (l_discount <= .07::double precision) AND (l_quantity < 24::double precision))"}]}]}, "Triggers": [], "Planner Runtime": 0, "Total Runtime": 4434.671, "Unique SQL Id": 4176715123}}, "(16, 83)": {"explain_plan": {"Plan": {"Node Type": "Aggregate", "Strategy": "Plain", "Startup Cost": 1813598.15, "Total Cost": 1813598.16, "Plan Rows": 1, "Plan Width": 24, "Plans": [{"Node Type": "Bitmap Heap Scan", "Parent Relationship": "Outer", "Relation Name": "lineitem", "Alias": "lineitem", "Startup Cost": 380421.43, "Total Cost": 1807919.37, "Plan Rows": 1135757, "Plan Width": 16, "Recheck Cond": "((l_shipdate >= '1994-01-01 00:00:00'::timestamp(0) without time zone) AND (l_shipdate < '1995-01-01 00:00:00'::timestamp without time zone) AND (l_discount >= .05::double precision) AND (l_discount <= .07::double precision) AND (l_quantity < 24::double precision)), (LLVM Optimized)", "Plans": [{"Node Type": "Bitmap Index Scan", "Parent Relationship": "Outer", "Index Name": "idx_lineitem_shipdate", "Startup Cost": 0.0, "Total Cost": 380137.49, "Plan Rows": 1135757, "Plan Width": 0, "Index Cond": "((l_shipdate >= '1994-01-01 00:00:00'::timestamp(0) without time zone) AND (l_shipdate < '1995-01-01 00:00:00'::timestamp without time zone) AND (l_discount >= .05::double precision) AND (l_discount <= .07::double precision) AND (l_quantity < 24::double precision))"}]}]}, "Unique SQL Id": 4176715123, "Planner Runtime": 0}, "explain_analyze_plan": {"Plan": {"Node Type": "Aggregate", "Strategy": "Plain", "Startup Cost": 1813598.15, "Total Cost": 1813598.16, "Plan Rows": 1, "Plan Width": 24, "Actual Startup Time": 4423.886, "Actual Total Time": 4423.886, "Actual Rows": 1, "Actual Loops": 1, "Plans": [{"Node Type": "Bitmap Heap Scan", "Parent Relationship": "Outer", "Relation Name": "lineitem", "Alias": "lineitem", "Startup Cost": 380421.43, "Total Cost": 1807919.37, "Plan Rows": 1135757, "Plan Width": 16, "Actual Startup Time": 2158.948, "Actual Total Time": 4085.414, "Actual Rows": 1139264, "Actual Loops": 1, "Recheck Cond": "((l_shipdate >= '1994-01-01 00:00:00'::timestamp(0) without time zone) AND (l_shipdate < '1995-01-01 00:00:00'::timestamp without time zone) AND (l_discount >= .05::double precision) AND (l_discount <= .07::double precision) AND (l_quantity < 24::double precision)), (LLVM Optimized, Jit Execute)", "Rows Removed by Index Recheck": 0, "Exact Heap Blocks": 699048, "Lossy Heap Blocks": 699048, "Plans": [{"Node Type": "Bitmap Index Scan", "Parent Relationship": "Outer", "Index Name": "idx_lineitem_shipdate", "Startup Cost": 0.0, "Total Cost": 380137.49, "Plan Rows": 1135757, "Plan Width": 0, "Actual Startup Time": 1833.734, "Actual Total Time": 1833.734, "Actual Rows": 1139264, "Actual Loops": 1, "Index Cond": "((l_shipdate >= '1994-01-01 00:00:00'::timestamp(0) without time zone) AND (l_shipdate < '1995-01-01 00:00:00'::timestamp without time zone) AND (l_discount >= .05::double precision) AND (l_discount <= .07::double precision) AND (l_quantity < 24::double precision))"}]}]}, "Triggers": [], "Planner Runtime": 0, "Total Runtime": 4434.671, "Unique SQL Id": 4176715123}}, "(16, 84)": {"explain_plan": {"Plan": {"Node Type": "Aggregate", "Strategy": "Plain", "Startup Cost": 1813598.15, "Total Cost": 1813598.16, "Plan Rows": 1, "Plan Width": 24, "Plans": [{"Node Type": "Bitmap Heap Scan", "Parent Relationship": "Outer", "Relation Name": "lineitem", "Alias": "lineitem", "Startup Cost": 380421.43, "Total Cost": 1807919.37, "Plan Rows": 1135757, "Plan Width": 16, "Recheck Cond": "((l_shipdate >= '1994-01-01 00:00:00'::timestamp(0) without time zone) AND (l_shipdate < '1995-01-01 00:00:00'::timestamp without time zone) AND (l_discount >= .05::double precision) AND (l_discount <= .07::double precision) AND (l_quantity < 24::double precision)), (LLVM Optimized)", "Plans": [{"Node Type": "Bitmap Index Scan", "Parent Relationship": "Outer", "Index Name": "idx_lineitem_shipdate", "Startup Cost": 0.0, "Total Cost": 380137.49, "Plan Rows": 1135757, "Plan Width": 0, "Index Cond": "((l_shipdate >= '1994-01-01 00:00:00'::timestamp(0) without time zone) AND (l_shipdate < '1995-01-01 00:00:00'::timestamp without time zone) AND (l_discount >= .05::double precision) AND (l_discount <= .07::double precision) AND (l_quantity < 24::double precision))"}]}]}, "Unique SQL Id": 4176715123, "Planner Runtime": 0}, "explain_analyze_plan": {"Plan": {"Node Type": "Aggregate", "Strategy": "Plain", "Startup Cost": 1813598.15, "Total Cost": 1813598.16, "Plan Rows": 1, "Plan Width": 24, "Actual Startup Time": 4423.886, "Actual Total Time": 4423.886, "Actual Rows": 1, "Actual Loops": 1, "Plans": [{"Node Type": "Bitmap Heap Scan", "Parent Relationship": "Outer", "Relation Name": "lineitem", "Alias": "lineitem", "Startup Cost": 380421.43, "Total Cost": 1807919.37, "Plan Rows": 1135757, "Plan Width": 16, "Actual Startup Time": 2158.948, "Actual Total Time": 4085.414, "Actual Rows": 1139264, "Actual Loops": 1, "Recheck Cond": "((l_shipdate >= '1994-01-01 00:00:00'::timestamp(0) without time zone) AND (l_shipdate < '1995-01-01 00:00:00'::timestamp without time zone) AND (l_discount >= .05::double precision) AND (l_discount <= .07::double precision) AND (l_quantity < 24::double precision)), (LLVM Optimized, Jit Execute)", "Rows Removed by Index Recheck": 0, "Exact Heap Blocks": 699048, "Lossy Heap Blocks": 699048, "Plans": [{"Node Type": "Bitmap Index Scan", "Parent Relationship": "Outer", "Index Name": "idx_lineitem_shipdate", "Startup Cost": 0.0, "Total Cost": 380137.49, "Plan Rows": 1135757, "Plan Width": 0, "Actual Startup Time": 1833.734, "Actual Total Time": 1833.734, "Actual Rows": 1139264, "Actual Loops": 1, "Index Cond": "((l_shipdate >= '1994-01-01 00:00:00'::timestamp(0) without time zone) AND (l_shipdate < '1995-01-01 00:00:00'::timestamp without time zone) AND (l_discount >= .05::double precision) AND (l_discount <= .07::double precision) AND (l_quantity < 24::double precision))"}]}]}, "Triggers": [], "Planner Runtime": 0, "Total Runtime": 4434.671, "Unique SQL Id": 4176715123}}, "(16, 85)": {"explain_plan": {"Plan": {"Node Type": "Aggregate", "Strategy": "Plain", "Startup Cost": 1813598.15, "Total Cost": 1813598.16, "Plan Rows": 1, "Plan Width": 24, "Plans": [{"Node Type": "Bitmap Heap Scan", "Parent Relationship": "Outer", "Relation Name": "lineitem", "Alias": "lineitem", "Startup Cost": 380421.43, "Total Cost": 1807919.37, "Plan Rows": 1135757, "Plan Width": 16, "Recheck Cond": "((l_shipdate >= '1994-01-01 00:00:00'::timestamp(0) without time zone) AND (l_shipdate < '1995-01-01 00:00:00'::timestamp without time zone) AND (l_discount >= .05::double precision) AND (l_discount <= .07::double precision) AND (l_quantity < 24::double precision)), (LLVM Optimized)", "Plans": [{"Node Type": "Bitmap Index Scan", "Parent Relationship": "Outer", "Index Name": "idx_lineitem_shipdate", "Startup Cost": 0.0, "Total Cost": 380137.49, "Plan Rows": 1135757, "Plan Width": 0, "Index Cond": "((l_shipdate >= '1994-01-01 00:00:00'::timestamp(0) without time zone) AND (l_shipdate < '1995-01-01 00:00:00'::timestamp without time zone) AND (l_discount >= .05::double precision) AND (l_discount <= .07::double precision) AND (l_quantity < 24::double precision))"}]}]}, "Unique SQL Id": 4176715123, "Planner Runtime": 0}, "explain_analyze_plan": {"Plan": {"Node Type": "Aggregate", "Strategy": "Plain", "Startup Cost": 1813598.15, "Total Cost": 1813598.16, "Plan Rows": 1, "Plan Width": 24, "Actual Startup Time": 4423.886, "Actual Total Time": 4423.886, "Actual Rows": 1, "Actual Loops": 1, "Plans": [{"Node Type": "Bitmap Heap Scan", "Parent Relationship": "Outer", "Relation Name": "lineitem", "Alias": "lineitem", "Startup Cost": 380421.43, "Total Cost": 1807919.37, "Plan Rows": 1135757, "Plan Width": 16, "Actual Startup Time": 2158.948, "Actual Total Time": 4085.414, "Actual Rows": 1139264, "Actual Loops": 1, "Recheck Cond": "((l_shipdate >= '1994-01-01 00:00:00'::timestamp(0) without time zone) AND (l_shipdate < '1995-01-01 00:00:00'::timestamp without time zone) AND (l_discount >= .05::double precision) AND (l_discount <= .07::double precision) AND (l_quantity < 24::double precision)), (LLVM Optimized, Jit Execute)", "Rows Removed by Index Recheck": 0, "Exact Heap Blocks": 699048, "Lossy Heap Blocks": 699048, "Plans": [{"Node Type": "Bitmap Index Scan", "Parent Relationship": "Outer", "Index Name": "idx_lineitem_shipdate", "Startup Cost": 0.0, "Total Cost": 380137.49, "Plan Rows": 1135757, "Plan Width": 0, "Actual Startup Time": 1833.734, "Actual Total Time": 1833.734, "Actual Rows": 1139264, "Actual Loops": 1, "Index Cond": "((l_shipdate >= '1994-01-01 00:00:00'::timestamp(0) without time zone) AND (l_shipdate < '1995-01-01 00:00:00'::timestamp without time zone) AND (l_discount >= .05::double precision) AND (l_discount <= .07::double precision) AND (l_quantity < 24::double precision))"}]}]}, "Triggers": [], "Planner Runtime": 0, "Total Runtime": 4434.671, "Unique SQL Id": 4176715123}}, "(16, 86)": {"explain_plan": {"Plan": {"Node Type": "Aggregate", "Strategy": "Plain", "Startup Cost": 1813598.15, "Total Cost": 1813598.16, "Plan Rows": 1, "Plan Width": 24, "Plans": [{"Node Type": "Bitmap Heap Scan", "Parent Relationship": "Outer", "Relation Name": "lineitem", "Alias": "lineitem", "Startup Cost": 380421.43, "Total Cost": 1807919.37, "Plan Rows": 1135757, "Plan Width": 16, "Recheck Cond": "((l_shipdate >= '1994-01-01 00:00:00'::timestamp(0) without time zone) AND (l_shipdate < '1995-01-01 00:00:00'::timestamp without time zone) AND (l_discount >= .05::double precision) AND (l_discount <= .07::double precision) AND (l_quantity < 24::double precision)), (LLVM Optimized)", "Plans": [{"Node Type": "Bitmap Index Scan", "Parent Relationship": "Outer", "Index Name": "idx_lineitem_shipdate", "Startup Cost": 0.0, "Total Cost": 380137.49, "Plan Rows": 1135757, "Plan Width": 0, "Index Cond": "((l_shipdate >= '1994-01-01 00:00:00'::timestamp(0) without time zone) AND (l_shipdate < '1995-01-01 00:00:00'::timestamp without time zone) AND (l_discount >= .05::double precision) AND (l_discount <= .07::double precision) AND (l_quantity < 24::double precision))"}]}]}, "Unique SQL Id": 4176715123, "Planner Runtime": 0}, "explain_analyze_plan": {"Plan": {"Node Type": "Aggregate", "Strategy": "Plain", "Startup Cost": 1813598.15, "Total Cost": 1813598.16, "Plan Rows": 1, "Plan Width": 24, "Actual Startup Time": 4423.886, "Actual Total Time": 4423.886, "Actual Rows": 1, "Actual Loops": 1, "Plans": [{"Node Type": "Bitmap Heap Scan", "Parent Relationship": "Outer", "Relation Name": "lineitem", "Alias": "lineitem", "Startup Cost": 380421.43, "Total Cost": 1807919.37, "Plan Rows": 1135757, "Plan Width": 16, "Actual Startup Time": 2158.948, "Actual Total Time": 4085.414, "Actual Rows": 1139264, "Actual Loops": 1, "Recheck Cond": "((l_shipdate >= '1994-01-01 00:00:00'::timestamp(0) without time zone) AND (l_shipdate < '1995-01-01 00:00:00'::timestamp without time zone) AND (l_discount >= .05::double precision) AND (l_discount <= .07::double precision) AND (l_quantity < 24::double precision)), (LLVM Optimized, Jit Execute)", "Rows Removed by Index Recheck": 0, "Exact Heap Blocks": 699048, "Lossy Heap Blocks": 699048, "Plans": [{"Node Type": "Bitmap Index Scan", "Parent Relationship": "Outer", "Index Name": "idx_lineitem_shipdate", "Startup Cost": 0.0, "Total Cost": 380137.49, "Plan Rows": 1135757, "Plan Width": 0, "Actual Startup Time": 1833.734, "Actual Total Time": 1833.734, "Actual Rows": 1139264, "Actual Loops": 1, "Index Cond": "((l_shipdate >= '1994-01-01 00:00:00'::timestamp(0) without time zone) AND (l_shipdate < '1995-01-01 00:00:00'::timestamp without time zone) AND (l_discount >= .05::double precision) AND (l_discount <= .07::double precision) AND (l_quantity < 24::double precision))"}]}]}, "Triggers": [], "Planner Runtime": 0, "Total Runtime": 4434.671, "Unique SQL Id": 4176715123}}, "(16, 87)": {"explain_plan": {"Plan": {"Node Type": "Aggregate", "Strategy": "Plain", "Startup Cost": 1813598.15, "Total Cost": 1813598.16, "Plan Rows": 1, "Plan Width": 24, "Plans": [{"Node Type": "Bitmap Heap Scan", "Parent Relationship": "Outer", "Relation Name": "lineitem", "Alias": "lineitem", "Startup Cost": 380421.43, "Total Cost": 1807919.37, "Plan Rows": 1135757, "Plan Width": 16, "Recheck Cond": "((l_shipdate >= '1994-01-01 00:00:00'::timestamp(0) without time zone) AND (l_shipdate < '1995-01-01 00:00:00'::timestamp without time zone) AND (l_discount >= .05::double precision) AND (l_discount <= .07::double precision) AND (l_quantity < 24::double precision)), (LLVM Optimized)", "Plans": [{"Node Type": "Bitmap Index Scan", "Parent Relationship": "Outer", "Index Name": "idx_lineitem_shipdate", "Startup Cost": 0.0, "Total Cost": 380137.49, "Plan Rows": 1135757, "Plan Width": 0, "Index Cond": "((l_shipdate >= '1994-01-01 00:00:00'::timestamp(0) without time zone) AND (l_shipdate < '1995-01-01 00:00:00'::timestamp without time zone) AND (l_discount >= .05::double precision) AND (l_discount <= .07::double precision) AND (l_quantity < 24::double precision))"}]}]}, "Unique SQL Id": 4176715123, "Planner Runtime": 0}, "explain_analyze_plan": {"Plan": {"Node Type": "Aggregate", "Strategy": "Plain", "Startup Cost": 1813598.15, "Total Cost": 1813598.16, "Plan Rows": 1, "Plan Width": 24, "Actual Startup Time": 4423.886, "Actual Total Time": 4423.886, "Actual Rows": 1, "Actual Loops": 1, "Plans": [{"Node Type": "Bitmap Heap Scan", "Parent Relationship": "Outer", "Relation Name": "lineitem", "Alias": "lineitem", "Startup Cost": 380421.43, "Total Cost": 1807919.37, "Plan Rows": 1135757, "Plan Width": 16, "Actual Startup Time": 2158.948, "Actual Total Time": 4085.414, "Actual Rows": 1139264, "Actual Loops": 1, "Recheck Cond": "((l_shipdate >= '1994-01-01 00:00:00'::timestamp(0) without time zone) AND (l_shipdate < '1995-01-01 00:00:00'::timestamp without time zone) AND (l_discount >= .05::double precision) AND (l_discount <= .07::double precision) AND (l_quantity < 24::double precision)), (LLVM Optimized, Jit Execute)", "Rows Removed by Index Recheck": 0, "Exact Heap Blocks": 699048, "Lossy Heap Blocks": 699048, "Plans": [{"Node Type": "Bitmap Index Scan", "Parent Relationship": "Outer", "Index Name": "idx_lineitem_shipdate", "Startup Cost": 0.0, "Total Cost": 380137.49, "Plan Rows": 1135757, "Plan Width": 0, "Actual Startup Time": 1833.734, "Actual Total Time": 1833.734, "Actual Rows": 1139264, "Actual Loops": 1, "Index Cond": "((l_shipdate >= '1994-01-01 00:00:00'::timestamp(0) without time zone) AND (l_shipdate < '1995-01-01 00:00:00'::timestamp without time zone) AND (l_discount >= .05::double precision) AND (l_discount <= .07::double precision) AND (l_quantity < 24::double precision))"}]}]}, "Triggers": [], "Planner Runtime": 0, "Total Runtime": 4434.671, "Unique SQL Id": 4176715123}}, "(16, 88)": {"explain_plan": {"Plan": {"Node Type": "Aggregate", "Strategy": "Plain", "Startup Cost": 2770632.03, "Total Cost": 2770632.04, "Plan Rows": 1, "Plan Width": 24, "Plans": [{"Node Type": "Seq Scan", "Parent Relationship": "Outer", "Relation Name": "lineitem", "Alias": "lineitem", "Startup Cost": 110964.75, "Total Cost": 2764953.24, "Plan Rows": 1135757, "Plan Width": 16, "Filter": "((l_shipdate >= '1994-01-01 00:00:00'::timestamp(0) without time zone) AND (l_shipdate < '1995-01-01 00:00:00'::timestamp without time zone) AND (l_discount >= .05::double precision) AND (l_discount <= .07::double precision) AND (l_quantity < 24::double precision)), (LLVM Optimized)"}]}, "Unique SQL Id": 4176715123, "Planner Runtime": 0}, "explain_analyze_plan": null}, "(16, 89)": {"explain_plan": {"Plan": {"Node Type": "Aggregate", "Strategy": "Plain", "Startup Cost": 3639281.83, "Total Cost": 3639281.84, "Plan Rows": 1, "Plan Width": 24, "Plans": [{"Node Type": "Index Scan", "Parent Relationship": "Outer", "Scan Direction": "Forward", "Index Name": "idx_lineitem_shipdate", "Relation Name": "lineitem", "Alias": "lineitem", "Startup Cost": 0.0, "Total Cost": 3633603.05, "Plan Rows": 1135757, "Plan Width": 16, "Index Cond": "((l_shipdate >= '1994-01-01 00:00:00'::timestamp(0) without time zone) AND (l_shipdate < '1995-01-01 00:00:00'::timestamp without time zone) AND (l_discount >= .05::double precision) AND (l_discount <= .07::double precision) AND (l_quantity < 24::double precision)), (LLVM Optimized)"}]}, "Unique SQL Id": 4176715123, "Planner Runtime": 0}, "explain_analyze_plan": {"Plan": {"Node Type": "Aggregate", "Strategy": "Plain", "Startup Cost": 3639281.83, "Total Cost": 3639281.84, "Plan Rows": 1, "Plan Width": 24, "Actual Startup Time": 4536.464, "Actual Total Time": 4536.466, "Actual Rows": 1, "Actual Loops": 1, "Plans": [{"Node Type": "Index Scan", "Parent Relationship": "Outer", "Scan Direction": "Forward", "Index Name": "idx_lineitem_shipdate", "Relation Name": "lineitem", "Alias": "lineitem", "Startup Cost": 0.0, "Total Cost": 3633603.05, "Plan Rows": 1135757, "Plan Width": 16, "Actual Startup Time": 0.078, "Actual Total Time": 4185.716, "Actual Rows": 1139264, "Actual Loops": 1, "Index Cond": "((l_shipdate >= '1994-01-01 00:00:00'::timestamp(0) without time zone) AND (l_shipdate < '1995-01-01 00:00:00'::timestamp without time zone) AND (l_discount >= .05::double precision) AND (l_discount <= .07::double precision) AND (l_quantity < 24::double precision)), (LLVM Optimized, Jit Execute)", "Rows Removed by Index Recheck": 0}]}, "Triggers": [], "Planner Runtime": 0, "Total Runtime": 4546.244, "Unique SQL Id": 4176715123}}, "(16, 90)": {"explain_plan": {"Plan": {"Node Type": "Aggregate", "Strategy": "Plain", "Startup Cost": 2770632.03, "Total Cost": 2770632.04, "Plan Rows": 1, "Plan Width": 24, "Plans": [{"Node Type": "Seq Scan", "Parent Relationship": "Outer", "Relation Name": "lineitem", "Alias": "lineitem", "Startup Cost": 110964.75, "Total Cost": 2764953.24, "Plan Rows": 1135757, "Plan Width": 16, "Filter": "((l_shipdate >= '1994-01-01 00:00:00'::timestamp(0) without time zone) AND (l_shipdate < '1995-01-01 00:00:00'::timestamp without time zone) AND (l_discount >= .05::double precision) AND (l_discount <= .07::double precision) AND (l_quantity < 24::double precision)), (LLVM Optimized)"}]}, "Unique SQL Id": 4176715123, "Planner Runtime": 0}, "explain_analyze_plan": null}, "(16, 91)": {"explain_plan": {"Plan": {"Node Type": "Aggregate", "Strategy": "Plain", "Startup Cost": 1000276501003.04, "Total Cost": 1000276501003.05, "Plan Rows": 1, "Plan Width": 24, "Plans": [{"Node Type": "Seq Scan", "Parent Relationship": "Outer", "Relation Name": "lineitem", "Alias": "lineitem", "Startup Cost": 10000109520.02, "Total Cost": 1000276495324.25, "Plan Rows": 1135757, "Plan Width": 16, "Filter": "((l_shipdate >= '1994-01-01 00:00:00'::timestamp(0) without time zone) AND (l_shipdate < '1995-01-01 00:00:00'::timestamp without time zone) AND (l_discount >= .05::double precision) AND (l_discount <= .07::double precision) AND (l_quantity < 24::double precision)), (LLVM Optimized)"}]}, "Unique SQL Id": 4176715123, "Planner Runtime": 0}, "explain_analyze_plan": null}, "(16, 92)": {"explain_plan": {"Plan": {"Node Type": "Aggregate", "Strategy": "Plain", "Startup Cost": 2770632.03, "Total Cost": 2770632.04, "Plan Rows": 1, "Plan Width": 24, "Plans": [{"Node Type": "Seq Scan", "Parent Relationship": "Outer", "Relation Name": "lineitem", "Alias": "lineitem", "Startup Cost": 110964.75, "Total Cost": 2764953.24, "Plan Rows": 1135757, "Plan Width": 16, "Filter": "((l_shipdate >= '1994-01-01 00:00:00'::timestamp(0) without time zone) AND (l_shipdate < '1995-01-01 00:00:00'::timestamp without time zone) AND (l_discount >= .05::double precision) AND (l_discount <= .07::double precision) AND (l_quantity < 24::double precision)), (LLVM Optimized)"}]}, "Unique SQL Id": 4176715123, "Planner Runtime": 0}, "explain_analyze_plan": null}, "(16, 93)": {"explain_plan": {"Plan": {"Node Type": "Aggregate", "Strategy": "Plain", "Startup Cost": 3639281.83, "Total Cost": 3639281.84, "Plan Rows": 1, "Plan Width": 24, "Plans": [{"Node Type": "Index Scan", "Parent Relationship": "Outer", "Scan Direction": "Forward", "Index Name": "idx_lineitem_shipdate", "Relation Name": "lineitem", "Alias": "lineitem", "Startup Cost": 0.0, "Total Cost": 3633603.05, "Plan Rows": 1135757, "Plan Width": 16, "Index Cond": "((l_shipdate >= '1994-01-01 00:00:00'::timestamp(0) without time zone) AND (l_shipdate < '1995-01-01 00:00:00'::timestamp without time zone) AND (l_discount >= .05::double precision) AND (l_discount <= .07::double precision) AND (l_quantity < 24::double precision)), (LLVM Optimized)"}]}, "Unique SQL Id": 4176715123, "Planner Runtime": 0}, "explain_analyze_plan": {"Plan": {"Node Type": "Aggregate", "Strategy": "Plain", "Startup Cost": 3639281.83, "Total Cost": 3639281.84, "Plan Rows": 1, "Plan Width": 24, "Actual Startup Time": 4536.464, "Actual Total Time": 4536.466, "Actual Rows": 1, "Actual Loops": 1, "Plans": [{"Node Type": "Index Scan", "Parent Relationship": "Outer", "Scan Direction": "Forward", "Index Name": "idx_lineitem_shipdate", "Relation Name": "lineitem", "Alias": "lineitem", "Startup Cost": 0.0, "Total Cost": 3633603.05, "Plan Rows": 1135757, "Plan Width": 16, "Actual Startup Time": 0.078, "Actual Total Time": 4185.716, "Actual Rows": 1139264, "Actual Loops": 1, "Index Cond": "((l_shipdate >= '1994-01-01 00:00:00'::timestamp(0) without time zone) AND (l_shipdate < '1995-01-01 00:00:00'::timestamp without time zone) AND (l_discount >= .05::double precision) AND (l_discount <= .07::double precision) AND (l_quantity < 24::double precision)), (LLVM Optimized, Jit Execute)", "Rows Removed by Index Recheck": 0}]}, "Triggers": [], "Planner Runtime": 0, "Total Runtime": 4546.244, "Unique SQL Id": 4176715123}}, "(16, 94)": {"explain_plan": {"Plan": {"Node Type": "Aggregate", "Strategy": "Plain", "Startup Cost": 2770632.03, "Total Cost": 2770632.04, "Plan Rows": 1, "Plan Width": 24, "Plans": [{"Node Type": "Seq Scan", "Parent Relationship": "Outer", "Relation Name": "lineitem", "Alias": "lineitem", "Startup Cost": 110964.75, "Total Cost": 2764953.24, "Plan Rows": 1135757, "Plan Width": 16, "Filter": "((l_shipdate >= '1994-01-01 00:00:00'::timestamp(0) without time zone) AND (l_shipdate < '1995-01-01 00:00:00'::timestamp without time zone) AND (l_discount >= .05::double precision) AND (l_discount <= .07::double precision) AND (l_quantity < 24::double precision)), (LLVM Optimized)"}]}, "Unique SQL Id": 4176715123, "Planner Runtime": 0}, "explain_analyze_plan": null}, "(16, 95)": {"explain_plan": {"Plan": {"Node Type": "Aggregate", "Strategy": "Plain", "Startup Cost": 1000276501003.04, "Total Cost": 1000276501003.05, "Plan Rows": 1, "Plan Width": 24, "Plans": [{"Node Type": "Seq Scan", "Parent Relationship": "Outer", "Relation Name": "lineitem", "Alias": "lineitem", "Startup Cost": 10000109520.02, "Total Cost": 1000276495324.25, "Plan Rows": 1135757, "Plan Width": 16, "Filter": "((l_shipdate >= '1994-01-01 00:00:00'::timestamp(0) without time zone) AND (l_shipdate < '1995-01-01 00:00:00'::timestamp without time zone) AND (l_discount >= .05::double precision) AND (l_discount <= .07::double precision) AND (l_quantity < 24::double precision)), (LLVM Optimized)"}]}, "Unique SQL Id": 4176715123, "Planner Runtime": 0}, "explain_analyze_plan": null}, "(16, 96)": {"explain_plan": {"Plan": {"Node Type": "Aggregate", "Strategy": "Plain", "Startup Cost": 1813598.15, "Total Cost": 1813598.16, "Plan Rows": 1, "Plan Width": 24, "Plans": [{"Node Type": "Bitmap Heap Scan", "Parent Relationship": "Outer", "Relation Name": "lineitem", "Alias": "lineitem", "Startup Cost": 380421.43, "Total Cost": 1807919.37, "Plan Rows": 1135757, "Plan Width": 16, "Recheck Cond": "((l_shipdate >= '1994-01-01 00:00:00'::timestamp(0) without time zone) AND (l_shipdate < '1995-01-01 00:00:00'::timestamp without time zone) AND (l_discount >= .05::double precision) AND (l_discount <= .07::double precision) AND (l_quantity < 24::double precision)), (LLVM Optimized)", "Plans": [{"Node Type": "Bitmap Index Scan", "Parent Relationship": "Outer", "Index Name": "idx_lineitem_shipdate", "Startup Cost": 0.0, "Total Cost": 380137.49, "Plan Rows": 1135757, "Plan Width": 0, "Index Cond": "((l_shipdate >= '1994-01-01 00:00:00'::timestamp(0) without time zone) AND (l_shipdate < '1995-01-01 00:00:00'::timestamp without time zone) AND (l_discount >= .05::double precision) AND (l_discount <= .07::double precision) AND (l_quantity < 24::double precision))"}]}]}, "Unique SQL Id": 4176715123, "Planner Runtime": 0}, "explain_analyze_plan": {"Plan": {"Node Type": "Aggregate", "Strategy": "Plain", "Startup Cost": 1813598.15, "Total Cost": 1813598.16, "Plan Rows": 1, "Plan Width": 24, "Actual Startup Time": 4423.886, "Actual Total Time": 4423.886, "Actual Rows": 1, "Actual Loops": 1, "Plans": [{"Node Type": "Bitmap Heap Scan", "Parent Relationship": "Outer", "Relation Name": "lineitem", "Alias": "lineitem", "Startup Cost": 380421.43, "Total Cost": 1807919.37, "Plan Rows": 1135757, "Plan Width": 16, "Actual Startup Time": 2158.948, "Actual Total Time": 4085.414, "Actual Rows": 1139264, "Actual Loops": 1, "Recheck Cond": "((l_shipdate >= '1994-01-01 00:00:00'::timestamp(0) without time zone) AND (l_shipdate < '1995-01-01 00:00:00'::timestamp without time zone) AND (l_discount >= .05::double precision) AND (l_discount <= .07::double precision) AND (l_quantity < 24::double precision)), (LLVM Optimized, Jit Execute)", "Rows Removed by Index Recheck": 0, "Exact Heap Blocks": 699048, "Lossy Heap Blocks": 699048, "Plans": [{"Node Type": "Bitmap Index Scan", "Parent Relationship": "Outer", "Index Name": "idx_lineitem_shipdate", "Startup Cost": 0.0, "Total Cost": 380137.49, "Plan Rows": 1135757, "Plan Width": 0, "Actual Startup Time": 1833.734, "Actual Total Time": 1833.734, "Actual Rows": 1139264, "Actual Loops": 1, "Index Cond": "((l_shipdate >= '1994-01-01 00:00:00'::timestamp(0) without time zone) AND (l_shipdate < '1995-01-01 00:00:00'::timestamp without time zone) AND (l_discount >= .05::double precision) AND (l_discount <= .07::double precision) AND (l_quantity < 24::double precision))"}]}]}, "Triggers": [], "Planner Runtime": 0, "Total Runtime": 4434.671, "Unique SQL Id": 4176715123}}, "(16, 97)": {"explain_plan": {"Plan": {"Node Type": "Aggregate", "Strategy": "Plain", "Startup Cost": 1813598.15, "Total Cost": 1813598.16, "Plan Rows": 1, "Plan Width": 24, "Plans": [{"Node Type": "Bitmap Heap Scan", "Parent Relationship": "Outer", "Relation Name": "lineitem", "Alias": "lineitem", "Startup Cost": 380421.43, "Total Cost": 1807919.37, "Plan Rows": 1135757, "Plan Width": 16, "Recheck Cond": "((l_shipdate >= '1994-01-01 00:00:00'::timestamp(0) without time zone) AND (l_shipdate < '1995-01-01 00:00:00'::timestamp without time zone) AND (l_discount >= .05::double precision) AND (l_discount <= .07::double precision) AND (l_quantity < 24::double precision)), (LLVM Optimized)", "Plans": [{"Node Type": "Bitmap Index Scan", "Parent Relationship": "Outer", "Index Name": "idx_lineitem_shipdate", "Startup Cost": 0.0, "Total Cost": 380137.49, "Plan Rows": 1135757, "Plan Width": 0, "Index Cond": "((l_shipdate >= '1994-01-01 00:00:00'::timestamp(0) without time zone) AND (l_shipdate < '1995-01-01 00:00:00'::timestamp without time zone) AND (l_discount >= .05::double precision) AND (l_discount <= .07::double precision) AND (l_quantity < 24::double precision))"}]}]}, "Unique SQL Id": 4176715123, "Planner Runtime": 0}, "explain_analyze_plan": {"Plan": {"Node Type": "Aggregate", "Strategy": "Plain", "Startup Cost": 1813598.15, "Total Cost": 1813598.16, "Plan Rows": 1, "Plan Width": 24, "Actual Startup Time": 4423.886, "Actual Total Time": 4423.886, "Actual Rows": 1, "Actual Loops": 1, "Plans": [{"Node Type": "Bitmap Heap Scan", "Parent Relationship": "Outer", "Relation Name": "lineitem", "Alias": "lineitem", "Startup Cost": 380421.43, "Total Cost": 1807919.37, "Plan Rows": 1135757, "Plan Width": 16, "Actual Startup Time": 2158.948, "Actual Total Time": 4085.414, "Actual Rows": 1139264, "Actual Loops": 1, "Recheck Cond": "((l_shipdate >= '1994-01-01 00:00:00'::timestamp(0) without time zone) AND (l_shipdate < '1995-01-01 00:00:00'::timestamp without time zone) AND (l_discount >= .05::double precision) AND (l_discount <= .07::double precision) AND (l_quantity < 24::double precision)), (LLVM Optimized, Jit Execute)", "Rows Removed by Index Recheck": 0, "Exact Heap Blocks": 699048, "Lossy Heap Blocks": 699048, "Plans": [{"Node Type": "Bitmap Index Scan", "Parent Relationship": "Outer", "Index Name": "idx_lineitem_shipdate", "Startup Cost": 0.0, "Total Cost": 380137.49, "Plan Rows": 1135757, "Plan Width": 0, "Actual Startup Time": 1833.734, "Actual Total Time": 1833.734, "Actual Rows": 1139264, "Actual Loops": 1, "Index Cond": "((l_shipdate >= '1994-01-01 00:00:00'::timestamp(0) without time zone) AND (l_shipdate < '1995-01-01 00:00:00'::timestamp without time zone) AND (l_discount >= .05::double precision) AND (l_discount <= .07::double precision) AND (l_quantity < 24::double precision))"}]}]}, "Triggers": [], "Planner Runtime": 0, "Total Runtime": 4434.671, "Unique SQL Id": 4176715123}}, "(16, 98)": {"explain_plan": {"Plan": {"Node Type": "Aggregate", "Strategy": "Plain", "Startup Cost": 1813598.15, "Total Cost": 1813598.16, "Plan Rows": 1, "Plan Width": 24, "Plans": [{"Node Type": "Bitmap Heap Scan", "Parent Relationship": "Outer", "Relation Name": "lineitem", "Alias": "lineitem", "Startup Cost": 380421.43, "Total Cost": 1807919.37, "Plan Rows": 1135757, "Plan Width": 16, "Recheck Cond": "((l_shipdate >= '1994-01-01 00:00:00'::timestamp(0) without time zone) AND (l_shipdate < '1995-01-01 00:00:00'::timestamp without time zone) AND (l_discount >= .05::double precision) AND (l_discount <= .07::double precision) AND (l_quantity < 24::double precision)), (LLVM Optimized)", "Plans": [{"Node Type": "Bitmap Index Scan", "Parent Relationship": "Outer", "Index Name": "idx_lineitem_shipdate", "Startup Cost": 0.0, "Total Cost": 380137.49, "Plan Rows": 1135757, "Plan Width": 0, "Index Cond": "((l_shipdate >= '1994-01-01 00:00:00'::timestamp(0) without time zone) AND (l_shipdate < '1995-01-01 00:00:00'::timestamp without time zone) AND (l_discount >= .05::double precision) AND (l_discount <= .07::double precision) AND (l_quantity < 24::double precision))"}]}]}, "Unique SQL Id": 4176715123, "Planner Runtime": 0}, "explain_analyze_plan": {"Plan": {"Node Type": "Aggregate", "Strategy": "Plain", "Startup Cost": 1813598.15, "Total Cost": 1813598.16, "Plan Rows": 1, "Plan Width": 24, "Actual Startup Time": 4423.886, "Actual Total Time": 4423.886, "Actual Rows": 1, "Actual Loops": 1, "Plans": [{"Node Type": "Bitmap Heap Scan", "Parent Relationship": "Outer", "Relation Name": "lineitem", "Alias": "lineitem", "Startup Cost": 380421.43, "Total Cost": 1807919.37, "Plan Rows": 1135757, "Plan Width": 16, "Actual Startup Time": 2158.948, "Actual Total Time": 4085.414, "Actual Rows": 1139264, "Actual Loops": 1, "Recheck Cond": "((l_shipdate >= '1994-01-01 00:00:00'::timestamp(0) without time zone) AND (l_shipdate < '1995-01-01 00:00:00'::timestamp without time zone) AND (l_discount >= .05::double precision) AND (l_discount <= .07::double precision) AND (l_quantity < 24::double precision)), (LLVM Optimized, Jit Execute)", "Rows Removed by Index Recheck": 0, "Exact Heap Blocks": 699048, "Lossy Heap Blocks": 699048, "Plans": [{"Node Type": "Bitmap Index Scan", "Parent Relationship": "Outer", "Index Name": "idx_lineitem_shipdate", "Startup Cost": 0.0, "Total Cost": 380137.49, "Plan Rows": 1135757, "Plan Width": 0, "Actual Startup Time": 1833.734, "Actual Total Time": 1833.734, "Actual Rows": 1139264, "Actual Loops": 1, "Index Cond": "((l_shipdate >= '1994-01-01 00:00:00'::timestamp(0) without time zone) AND (l_shipdate < '1995-01-01 00:00:00'::timestamp without time zone) AND (l_discount >= .05::double precision) AND (l_discount <= .07::double precision) AND (l_quantity < 24::double precision))"}]}]}, "Triggers": [], "Planner Runtime": 0, "Total Runtime": 4434.671, "Unique SQL Id": 4176715123}}, "(16, 99)": {"explain_plan": {"Plan": {"Node Type": "Aggregate", "Strategy": "Plain", "Startup Cost": 1813598.15, "Total Cost": 1813598.16, "Plan Rows": 1, "Plan Width": 24, "Plans": [{"Node Type": "Bitmap Heap Scan", "Parent Relationship": "Outer", "Relation Name": "lineitem", "Alias": "lineitem", "Startup Cost": 380421.43, "Total Cost": 1807919.37, "Plan Rows": 1135757, "Plan Width": 16, "Recheck Cond": "((l_shipdate >= '1994-01-01 00:00:00'::timestamp(0) without time zone) AND (l_shipdate < '1995-01-01 00:00:00'::timestamp without time zone) AND (l_discount >= .05::double precision) AND (l_discount <= .07::double precision) AND (l_quantity < 24::double precision)), (LLVM Optimized)", "Plans": [{"Node Type": "Bitmap Index Scan", "Parent Relationship": "Outer", "Index Name": "idx_lineitem_shipdate", "Startup Cost": 0.0, "Total Cost": 380137.49, "Plan Rows": 1135757, "Plan Width": 0, "Index Cond": "((l_shipdate >= '1994-01-01 00:00:00'::timestamp(0) without time zone) AND (l_shipdate < '1995-01-01 00:00:00'::timestamp without time zone) AND (l_discount >= .05::double precision) AND (l_discount <= .07::double precision) AND (l_quantity < 24::double precision))"}]}]}, "Unique SQL Id": 4176715123, "Planner Runtime": 0}, "explain_analyze_plan": {"Plan": {"Node Type": "Aggregate", "Strategy": "Plain", "Startup Cost": 1813598.15, "Total Cost": 1813598.16, "Plan Rows": 1, "Plan Width": 24, "Actual Startup Time": 4423.886, "Actual Total Time": 4423.886, "Actual Rows": 1, "Actual Loops": 1, "Plans": [{"Node Type": "Bitmap Heap Scan", "Parent Relationship": "Outer", "Relation Name": "lineitem", "Alias": "lineitem", "Startup Cost": 380421.43, "Total Cost": 1807919.37, "Plan Rows": 1135757, "Plan Width": 16, "Actual Startup Time": 2158.948, "Actual Total Time": 4085.414, "Actual Rows": 1139264, "Actual Loops": 1, "Recheck Cond": "((l_shipdate >= '1994-01-01 00:00:00'::timestamp(0) without time zone) AND (l_shipdate < '1995-01-01 00:00:00'::timestamp without time zone) AND (l_discount >= .05::double precision) AND (l_discount <= .07::double precision) AND (l_quantity < 24::double precision)), (LLVM Optimized, Jit Execute)", "Rows Removed by Index Recheck": 0, "Exact Heap Blocks": 699048, "Lossy Heap Blocks": 699048, "Plans": [{"Node Type": "Bitmap Index Scan", "Parent Relationship": "Outer", "Index Name": "idx_lineitem_shipdate", "Startup Cost": 0.0, "Total Cost": 380137.49, "Plan Rows": 1135757, "Plan Width": 0, "Actual Startup Time": 1833.734, "Actual Total Time": 1833.734, "Actual Rows": 1139264, "Actual Loops": 1, "Index Cond": "((l_shipdate >= '1994-01-01 00:00:00'::timestamp(0) without time zone) AND (l_shipdate < '1995-01-01 00:00:00'::timestamp without time zone) AND (l_discount >= .05::double precision) AND (l_discount <= .07::double precision) AND (l_quantity < 24::double precision))"}]}]}, "Triggers": [], "Planner Runtime": 0, "Total Runtime": 4434.671, "Unique SQL Id": 4176715123}}, "(16, 100)": {"explain_plan": {"Plan": {"Node Type": "Aggregate", "Strategy": "Plain", "Startup Cost": 1813598.15, "Total Cost": 1813598.16, "Plan Rows": 1, "Plan Width": 24, "Plans": [{"Node Type": "Bitmap Heap Scan", "Parent Relationship": "Outer", "Relation Name": "lineitem", "Alias": "lineitem", "Startup Cost": 380421.43, "Total Cost": 1807919.37, "Plan Rows": 1135757, "Plan Width": 16, "Recheck Cond": "((l_shipdate >= '1994-01-01 00:00:00'::timestamp(0) without time zone) AND (l_shipdate < '1995-01-01 00:00:00'::timestamp without time zone) AND (l_discount >= .05::double precision) AND (l_discount <= .07::double precision) AND (l_quantity < 24::double precision)), (LLVM Optimized)", "Plans": [{"Node Type": "Bitmap Index Scan", "Parent Relationship": "Outer", "Index Name": "idx_lineitem_shipdate", "Startup Cost": 0.0, "Total Cost": 380137.49, "Plan Rows": 1135757, "Plan Width": 0, "Index Cond": "((l_shipdate >= '1994-01-01 00:00:00'::timestamp(0) without time zone) AND (l_shipdate < '1995-01-01 00:00:00'::timestamp without time zone) AND (l_discount >= .05::double precision) AND (l_discount <= .07::double precision) AND (l_quantity < 24::double precision))"}]}]}, "Unique SQL Id": 4176715123, "Planner Runtime": 0}, "explain_analyze_plan": {"Plan": {"Node Type": "Aggregate", "Strategy": "Plain", "Startup Cost": 1813598.15, "Total Cost": 1813598.16, "Plan Rows": 1, "Plan Width": 24, "Actual Startup Time": 4423.886, "Actual Total Time": 4423.886, "Actual Rows": 1, "Actual Loops": 1, "Plans": [{"Node Type": "Bitmap Heap Scan", "Parent Relationship": "Outer", "Relation Name": "lineitem", "Alias": "lineitem", "Startup Cost": 380421.43, "Total Cost": 1807919.37, "Plan Rows": 1135757, "Plan Width": 16, "Actual Startup Time": 2158.948, "Actual Total Time": 4085.414, "Actual Rows": 1139264, "Actual Loops": 1, "Recheck Cond": "((l_shipdate >= '1994-01-01 00:00:00'::timestamp(0) without time zone) AND (l_shipdate < '1995-01-01 00:00:00'::timestamp without time zone) AND (l_discount >= .05::double precision) AND (l_discount <= .07::double precision) AND (l_quantity < 24::double precision)), (LLVM Optimized, Jit Execute)", "Rows Removed by Index Recheck": 0, "Exact Heap Blocks": 699048, "Lossy Heap Blocks": 699048, "Plans": [{"Node Type": "Bitmap Index Scan", "Parent Relationship": "Outer", "Index Name": "idx_lineitem_shipdate", "Startup Cost": 0.0, "Total Cost": 380137.49, "Plan Rows": 1135757, "Plan Width": 0, "Actual Startup Time": 1833.734, "Actual Total Time": 1833.734, "Actual Rows": 1139264, "Actual Loops": 1, "Index Cond": "((l_shipdate >= '1994-01-01 00:00:00'::timestamp(0) without time zone) AND (l_shipdate < '1995-01-01 00:00:00'::timestamp without time zone) AND (l_discount >= .05::double precision) AND (l_discount <= .07::double precision) AND (l_quantity < 24::double precision))"}]}]}, "Triggers": [], "Planner Runtime": 0, "Total Runtime": 4434.671, "Unique SQL Id": 4176715123}}, "(16, 101)": {"explain_plan": {"Plan": {"Node Type": "Aggregate", "Strategy": "Plain", "Startup Cost": 1813598.15, "Total Cost": 1813598.16, "Plan Rows": 1, "Plan Width": 24, "Plans": [{"Node Type": "Bitmap Heap Scan", "Parent Relationship": "Outer", "Relation Name": "lineitem", "Alias": "lineitem", "Startup Cost": 380421.43, "Total Cost": 1807919.37, "Plan Rows": 1135757, "Plan Width": 16, "Recheck Cond": "((l_shipdate >= '1994-01-01 00:00:00'::timestamp(0) without time zone) AND (l_shipdate < '1995-01-01 00:00:00'::timestamp without time zone) AND (l_discount >= .05::double precision) AND (l_discount <= .07::double precision) AND (l_quantity < 24::double precision)), (LLVM Optimized)", "Plans": [{"Node Type": "Bitmap Index Scan", "Parent Relationship": "Outer", "Index Name": "idx_lineitem_shipdate", "Startup Cost": 0.0, "Total Cost": 380137.49, "Plan Rows": 1135757, "Plan Width": 0, "Index Cond": "((l_shipdate >= '1994-01-01 00:00:00'::timestamp(0) without time zone) AND (l_shipdate < '1995-01-01 00:00:00'::timestamp without time zone) AND (l_discount >= .05::double precision) AND (l_discount <= .07::double precision) AND (l_quantity < 24::double precision))"}]}]}, "Unique SQL Id": 4176715123, "Planner Runtime": 0}, "explain_analyze_plan": {"Plan": {"Node Type": "Aggregate", "Strategy": "Plain", "Startup Cost": 1813598.15, "Total Cost": 1813598.16, "Plan Rows": 1, "Plan Width": 24, "Actual Startup Time": 4423.886, "Actual Total Time": 4423.886, "Actual Rows": 1, "Actual Loops": 1, "Plans": [{"Node Type": "Bitmap Heap Scan", "Parent Relationship": "Outer", "Relation Name": "lineitem", "Alias": "lineitem", "Startup Cost": 380421.43, "Total Cost": 1807919.37, "Plan Rows": 1135757, "Plan Width": 16, "Actual Startup Time": 2158.948, "Actual Total Time": 4085.414, "Actual Rows": 1139264, "Actual Loops": 1, "Recheck Cond": "((l_shipdate >= '1994-01-01 00:00:00'::timestamp(0) without time zone) AND (l_shipdate < '1995-01-01 00:00:00'::timestamp without time zone) AND (l_discount >= .05::double precision) AND (l_discount <= .07::double precision) AND (l_quantity < 24::double precision)), (LLVM Optimized, Jit Execute)", "Rows Removed by Index Recheck": 0, "Exact Heap Blocks": 699048, "Lossy Heap Blocks": 699048, "Plans": [{"Node Type": "Bitmap Index Scan", "Parent Relationship": "Outer", "Index Name": "idx_lineitem_shipdate", "Startup Cost": 0.0, "Total Cost": 380137.49, "Plan Rows": 1135757, "Plan Width": 0, "Actual Startup Time": 1833.734, "Actual Total Time": 1833.734, "Actual Rows": 1139264, "Actual Loops": 1, "Index Cond": "((l_shipdate >= '1994-01-01 00:00:00'::timestamp(0) without time zone) AND (l_shipdate < '1995-01-01 00:00:00'::timestamp without time zone) AND (l_discount >= .05::double precision) AND (l_discount <= .07::double precision) AND (l_quantity < 24::double precision))"}]}]}, "Triggers": [], "Planner Runtime": 0, "Total Runtime": 4434.671, "Unique SQL Id": 4176715123}}, "(16, 102)": {"explain_plan": {"Plan": {"Node Type": "Aggregate", "Strategy": "Plain", "Startup Cost": 1813598.15, "Total Cost": 1813598.16, "Plan Rows": 1, "Plan Width": 24, "Plans": [{"Node Type": "Bitmap Heap Scan", "Parent Relationship": "Outer", "Relation Name": "lineitem", "Alias": "lineitem", "Startup Cost": 380421.43, "Total Cost": 1807919.37, "Plan Rows": 1135757, "Plan Width": 16, "Recheck Cond": "((l_shipdate >= '1994-01-01 00:00:00'::timestamp(0) without time zone) AND (l_shipdate < '1995-01-01 00:00:00'::timestamp without time zone) AND (l_discount >= .05::double precision) AND (l_discount <= .07::double precision) AND (l_quantity < 24::double precision)), (LLVM Optimized)", "Plans": [{"Node Type": "Bitmap Index Scan", "Parent Relationship": "Outer", "Index Name": "idx_lineitem_shipdate", "Startup Cost": 0.0, "Total Cost": 380137.49, "Plan Rows": 1135757, "Plan Width": 0, "Index Cond": "((l_shipdate >= '1994-01-01 00:00:00'::timestamp(0) without time zone) AND (l_shipdate < '1995-01-01 00:00:00'::timestamp without time zone) AND (l_discount >= .05::double precision) AND (l_discount <= .07::double precision) AND (l_quantity < 24::double precision))"}]}]}, "Unique SQL Id": 4176715123, "Planner Runtime": 0}, "explain_analyze_plan": {"Plan": {"Node Type": "Aggregate", "Strategy": "Plain", "Startup Cost": 1813598.15, "Total Cost": 1813598.16, "Plan Rows": 1, "Plan Width": 24, "Actual Startup Time": 4423.886, "Actual Total Time": 4423.886, "Actual Rows": 1, "Actual Loops": 1, "Plans": [{"Node Type": "Bitmap Heap Scan", "Parent Relationship": "Outer", "Relation Name": "lineitem", "Alias": "lineitem", "Startup Cost": 380421.43, "Total Cost": 1807919.37, "Plan Rows": 1135757, "Plan Width": 16, "Actual Startup Time": 2158.948, "Actual Total Time": 4085.414, "Actual Rows": 1139264, "Actual Loops": 1, "Recheck Cond": "((l_shipdate >= '1994-01-01 00:00:00'::timestamp(0) without time zone) AND (l_shipdate < '1995-01-01 00:00:00'::timestamp without time zone) AND (l_discount >= .05::double precision) AND (l_discount <= .07::double precision) AND (l_quantity < 24::double precision)), (LLVM Optimized, Jit Execute)", "Rows Removed by Index Recheck": 0, "Exact Heap Blocks": 699048, "Lossy Heap Blocks": 699048, "Plans": [{"Node Type": "Bitmap Index Scan", "Parent Relationship": "Outer", "Index Name": "idx_lineitem_shipdate", "Startup Cost": 0.0, "Total Cost": 380137.49, "Plan Rows": 1135757, "Plan Width": 0, "Actual Startup Time": 1833.734, "Actual Total Time": 1833.734, "Actual Rows": 1139264, "Actual Loops": 1, "Index Cond": "((l_shipdate >= '1994-01-01 00:00:00'::timestamp(0) without time zone) AND (l_shipdate < '1995-01-01 00:00:00'::timestamp without time zone) AND (l_discount >= .05::double precision) AND (l_discount <= .07::double precision) AND (l_quantity < 24::double precision))"}]}]}, "Triggers": [], "Planner Runtime": 0, "Total Runtime": 4434.671, "Unique SQL Id": 4176715123}}, "(16, 103)": {"explain_plan": {"Plan": {"Node Type": "Aggregate", "Strategy": "Plain", "Startup Cost": 1813598.15, "Total Cost": 1813598.16, "Plan Rows": 1, "Plan Width": 24, "Plans": [{"Node Type": "Bitmap Heap Scan", "Parent Relationship": "Outer", "Relation Name": "lineitem", "Alias": "lineitem", "Startup Cost": 380421.43, "Total Cost": 1807919.37, "Plan Rows": 1135757, "Plan Width": 16, "Recheck Cond": "((l_shipdate >= '1994-01-01 00:00:00'::timestamp(0) without time zone) AND (l_shipdate < '1995-01-01 00:00:00'::timestamp without time zone) AND (l_discount >= .05::double precision) AND (l_discount <= .07::double precision) AND (l_quantity < 24::double precision)), (LLVM Optimized)", "Plans": [{"Node Type": "Bitmap Index Scan", "Parent Relationship": "Outer", "Index Name": "idx_lineitem_shipdate", "Startup Cost": 0.0, "Total Cost": 380137.49, "Plan Rows": 1135757, "Plan Width": 0, "Index Cond": "((l_shipdate >= '1994-01-01 00:00:00'::timestamp(0) without time zone) AND (l_shipdate < '1995-01-01 00:00:00'::timestamp without time zone) AND (l_discount >= .05::double precision) AND (l_discount <= .07::double precision) AND (l_quantity < 24::double precision))"}]}]}, "Unique SQL Id": 4176715123, "Planner Runtime": 0}, "explain_analyze_plan": {"Plan": {"Node Type": "Aggregate", "Strategy": "Plain", "Startup Cost": 1813598.15, "Total Cost": 1813598.16, "Plan Rows": 1, "Plan Width": 24, "Actual Startup Time": 4423.886, "Actual Total Time": 4423.886, "Actual Rows": 1, "Actual Loops": 1, "Plans": [{"Node Type": "Bitmap Heap Scan", "Parent Relationship": "Outer", "Relation Name": "lineitem", "Alias": "lineitem", "Startup Cost": 380421.43, "Total Cost": 1807919.37, "Plan Rows": 1135757, "Plan Width": 16, "Actual Startup Time": 2158.948, "Actual Total Time": 4085.414, "Actual Rows": 1139264, "Actual Loops": 1, "Recheck Cond": "((l_shipdate >= '1994-01-01 00:00:00'::timestamp(0) without time zone) AND (l_shipdate < '1995-01-01 00:00:00'::timestamp without time zone) AND (l_discount >= .05::double precision) AND (l_discount <= .07::double precision) AND (l_quantity < 24::double precision)), (LLVM Optimized, Jit Execute)", "Rows Removed by Index Recheck": 0, "Exact Heap Blocks": 699048, "Lossy Heap Blocks": 699048, "Plans": [{"Node Type": "Bitmap Index Scan", "Parent Relationship": "Outer", "Index Name": "idx_lineitem_shipdate", "Startup Cost": 0.0, "Total Cost": 380137.49, "Plan Rows": 1135757, "Plan Width": 0, "Actual Startup Time": 1833.734, "Actual Total Time": 1833.734, "Actual Rows": 1139264, "Actual Loops": 1, "Index Cond": "((l_shipdate >= '1994-01-01 00:00:00'::timestamp(0) without time zone) AND (l_shipdate < '1995-01-01 00:00:00'::timestamp without time zone) AND (l_discount >= .05::double precision) AND (l_discount <= .07::double precision) AND (l_quantity < 24::double precision))"}]}]}, "Triggers": [], "Planner Runtime": 0, "Total Runtime": 4434.671, "Unique SQL Id": 4176715123}}, "(16, 104)": {"explain_plan": {"Plan": {"Node Type": "Aggregate", "Strategy": "Plain", "Startup Cost": 2770632.03, "Total Cost": 2770632.04, "Plan Rows": 1, "Plan Width": 24, "Plans": [{"Node Type": "Seq Scan", "Parent Relationship": "Outer", "Relation Name": "lineitem", "Alias": "lineitem", "Startup Cost": 110964.75, "Total Cost": 2764953.24, "Plan Rows": 1135757, "Plan Width": 16, "Filter": "((l_shipdate >= '1994-01-01 00:00:00'::timestamp(0) without time zone) AND (l_shipdate < '1995-01-01 00:00:00'::timestamp without time zone) AND (l_discount >= .05::double precision) AND (l_discount <= .07::double precision) AND (l_quantity < 24::double precision)), (LLVM Optimized)"}]}, "Unique SQL Id": 4176715123, "Planner Runtime": 0}, "explain_analyze_plan": null}, "(16, 105)": {"explain_plan": {"Plan": {"Node Type": "Aggregate", "Strategy": "Plain", "Startup Cost": 3639281.83, "Total Cost": 3639281.84, "Plan Rows": 1, "Plan Width": 24, "Plans": [{"Node Type": "Index Scan", "Parent Relationship": "Outer", "Scan Direction": "Forward", "Index Name": "idx_lineitem_shipdate", "Relation Name": "lineitem", "Alias": "lineitem", "Startup Cost": 0.0, "Total Cost": 3633603.05, "Plan Rows": 1135757, "Plan Width": 16, "Index Cond": "((l_shipdate >= '1994-01-01 00:00:00'::timestamp(0) without time zone) AND (l_shipdate < '1995-01-01 00:00:00'::timestamp without time zone) AND (l_discount >= .05::double precision) AND (l_discount <= .07::double precision) AND (l_quantity < 24::double precision)), (LLVM Optimized)"}]}, "Unique SQL Id": 4176715123, "Planner Runtime": 0}, "explain_analyze_plan": {"Plan": {"Node Type": "Aggregate", "Strategy": "Plain", "Startup Cost": 3639281.83, "Total Cost": 3639281.84, "Plan Rows": 1, "Plan Width": 24, "Actual Startup Time": 4536.464, "Actual Total Time": 4536.466, "Actual Rows": 1, "Actual Loops": 1, "Plans": [{"Node Type": "Index Scan", "Parent Relationship": "Outer", "Scan Direction": "Forward", "Index Name": "idx_lineitem_shipdate", "Relation Name": "lineitem", "Alias": "lineitem", "Startup Cost": 0.0, "Total Cost": 3633603.05, "Plan Rows": 1135757, "Plan Width": 16, "Actual Startup Time": 0.078, "Actual Total Time": 4185.716, "Actual Rows": 1139264, "Actual Loops": 1, "Index Cond": "((l_shipdate >= '1994-01-01 00:00:00'::timestamp(0) without time zone) AND (l_shipdate < '1995-01-01 00:00:00'::timestamp without time zone) AND (l_discount >= .05::double precision) AND (l_discount <= .07::double precision) AND (l_quantity < 24::double precision)), (LLVM Optimized, Jit Execute)", "Rows Removed by Index Recheck": 0}]}, "Triggers": [], "Planner Runtime": 0, "Total Runtime": 4546.244, "Unique SQL Id": 4176715123}}, "(16, 106)": {"explain_plan": {"Plan": {"Node Type": "Aggregate", "Strategy": "Plain", "Startup Cost": 2770632.03, "Total Cost": 2770632.04, "Plan Rows": 1, "Plan Width": 24, "Plans": [{"Node Type": "Seq Scan", "Parent Relationship": "Outer", "Relation Name": "lineitem", "Alias": "lineitem", "Startup Cost": 110964.75, "Total Cost": 2764953.24, "Plan Rows": 1135757, "Plan Width": 16, "Filter": "((l_shipdate >= '1994-01-01 00:00:00'::timestamp(0) without time zone) AND (l_shipdate < '1995-01-01 00:00:00'::timestamp without time zone) AND (l_discount >= .05::double precision) AND (l_discount <= .07::double precision) AND (l_quantity < 24::double precision)), (LLVM Optimized)"}]}, "Unique SQL Id": 4176715123, "Planner Runtime": 0}, "explain_analyze_plan": null}, "(16, 107)": {"explain_plan": {"Plan": {"Node Type": "Aggregate", "Strategy": "Plain", "Startup Cost": 1000276501003.04, "Total Cost": 1000276501003.05, "Plan Rows": 1, "Plan Width": 24, "Plans": [{"Node Type": "Seq Scan", "Parent Relationship": "Outer", "Relation Name": "lineitem", "Alias": "lineitem", "Startup Cost": 10000109520.02, "Total Cost": 1000276495324.25, "Plan Rows": 1135757, "Plan Width": 16, "Filter": "((l_shipdate >= '1994-01-01 00:00:00'::timestamp(0) without time zone) AND (l_shipdate < '1995-01-01 00:00:00'::timestamp without time zone) AND (l_discount >= .05::double precision) AND (l_discount <= .07::double precision) AND (l_quantity < 24::double precision)), (LLVM Optimized)"}]}, "Unique SQL Id": 4176715123, "Planner Runtime": 0}, "explain_analyze_plan": null}, "(16, 108)": {"explain_plan": {"Plan": {"Node Type": "Aggregate", "Strategy": "Plain", "Startup Cost": 2770632.03, "Total Cost": 2770632.04, "Plan Rows": 1, "Plan Width": 24, "Plans": [{"Node Type": "Seq Scan", "Parent Relationship": "Outer", "Relation Name": "lineitem", "Alias": "lineitem", "Startup Cost": 110964.75, "Total Cost": 2764953.24, "Plan Rows": 1135757, "Plan Width": 16, "Filter": "((l_shipdate >= '1994-01-01 00:00:00'::timestamp(0) without time zone) AND (l_shipdate < '1995-01-01 00:00:00'::timestamp without time zone) AND (l_discount >= .05::double precision) AND (l_discount <= .07::double precision) AND (l_quantity < 24::double precision)), (LLVM Optimized)"}]}, "Unique SQL Id": 4176715123, "Planner Runtime": 0}, "explain_analyze_plan": null}, "(16, 109)": {"explain_plan": {"Plan": {"Node Type": "Aggregate", "Strategy": "Plain", "Startup Cost": 3639281.83, "Total Cost": 3639281.84, "Plan Rows": 1, "Plan Width": 24, "Plans": [{"Node Type": "Index Scan", "Parent Relationship": "Outer", "Scan Direction": "Forward", "Index Name": "idx_lineitem_shipdate", "Relation Name": "lineitem", "Alias": "lineitem", "Startup Cost": 0.0, "Total Cost": 3633603.05, "Plan Rows": 1135757, "Plan Width": 16, "Index Cond": "((l_shipdate >= '1994-01-01 00:00:00'::timestamp(0) without time zone) AND (l_shipdate < '1995-01-01 00:00:00'::timestamp without time zone) AND (l_discount >= .05::double precision) AND (l_discount <= .07::double precision) AND (l_quantity < 24::double precision)), (LLVM Optimized)"}]}, "Unique SQL Id": 4176715123, "Planner Runtime": 0}, "explain_analyze_plan": {"Plan": {"Node Type": "Aggregate", "Strategy": "Plain", "Startup Cost": 3639281.83, "Total Cost": 3639281.84, "Plan Rows": 1, "Plan Width": 24, "Actual Startup Time": 4536.464, "Actual Total Time": 4536.466, "Actual Rows": 1, "Actual Loops": 1, "Plans": [{"Node Type": "Index Scan", "Parent Relationship": "Outer", "Scan Direction": "Forward", "Index Name": "idx_lineitem_shipdate", "Relation Name": "lineitem", "Alias": "lineitem", "Startup Cost": 0.0, "Total Cost": 3633603.05, "Plan Rows": 1135757, "Plan Width": 16, "Actual Startup Time": 0.078, "Actual Total Time": 4185.716, "Actual Rows": 1139264, "Actual Loops": 1, "Index Cond": "((l_shipdate >= '1994-01-01 00:00:00'::timestamp(0) without time zone) AND (l_shipdate < '1995-01-01 00:00:00'::timestamp without time zone) AND (l_discount >= .05::double precision) AND (l_discount <= .07::double precision) AND (l_quantity < 24::double precision)), (LLVM Optimized, Jit Execute)", "Rows Removed by Index Recheck": 0}]}, "Triggers": [], "Planner Runtime": 0, "Total Runtime": 4546.244, "Unique SQL Id": 4176715123}}, "(16, 110)": {"explain_plan": {"Plan": {"Node Type": "Aggregate", "Strategy": "Plain", "Startup Cost": 2770632.03, "Total Cost": 2770632.04, "Plan Rows": 1, "Plan Width": 24, "Plans": [{"Node Type": "Seq Scan", "Parent Relationship": "Outer", "Relation Name": "lineitem", "Alias": "lineitem", "Startup Cost": 110964.75, "Total Cost": 2764953.24, "Plan Rows": 1135757, "Plan Width": 16, "Filter": "((l_shipdate >= '1994-01-01 00:00:00'::timestamp(0) without time zone) AND (l_shipdate < '1995-01-01 00:00:00'::timestamp without time zone) AND (l_discount >= .05::double precision) AND (l_discount <= .07::double precision) AND (l_quantity < 24::double precision)), (LLVM Optimized)"}]}, "Unique SQL Id": 4176715123, "Planner Runtime": 0}, "explain_analyze_plan": null}, "(16, 111)": {"explain_plan": {"Plan": {"Node Type": "Aggregate", "Strategy": "Plain", "Startup Cost": 1000276501003.04, "Total Cost": 1000276501003.05, "Plan Rows": 1, "Plan Width": 24, "Plans": [{"Node Type": "Seq Scan", "Parent Relationship": "Outer", "Relation Name": "lineitem", "Alias": "lineitem", "Startup Cost": 10000109520.02, "Total Cost": 1000276495324.25, "Plan Rows": 1135757, "Plan Width": 16, "Filter": "((l_shipdate >= '1994-01-01 00:00:00'::timestamp(0) without time zone) AND (l_shipdate < '1995-01-01 00:00:00'::timestamp without time zone) AND (l_discount >= .05::double precision) AND (l_discount <= .07::double precision) AND (l_quantity < 24::double precision)), (LLVM Optimized)"}]}, "Unique SQL Id": 4176715123, "Planner Runtime": 0}, "explain_analyze_plan": null}, "(16, 112)": {"explain_plan": {"Plan": {"Node Type": "Aggregate", "Strategy": "Plain", "Startup Cost": 1813598.15, "Total Cost": 1813598.16, "Plan Rows": 1, "Plan Width": 24, "Plans": [{"Node Type": "Bitmap Heap Scan", "Parent Relationship": "Outer", "Relation Name": "lineitem", "Alias": "lineitem", "Startup Cost": 380421.43, "Total Cost": 1807919.37, "Plan Rows": 1135757, "Plan Width": 16, "Recheck Cond": "((l_shipdate >= '1994-01-01 00:00:00'::timestamp(0) without time zone) AND (l_shipdate < '1995-01-01 00:00:00'::timestamp without time zone) AND (l_discount >= .05::double precision) AND (l_discount <= .07::double precision) AND (l_quantity < 24::double precision)), (LLVM Optimized)", "Plans": [{"Node Type": "Bitmap Index Scan", "Parent Relationship": "Outer", "Index Name": "idx_lineitem_shipdate", "Startup Cost": 0.0, "Total Cost": 380137.49, "Plan Rows": 1135757, "Plan Width": 0, "Index Cond": "((l_shipdate >= '1994-01-01 00:00:00'::timestamp(0) without time zone) AND (l_shipdate < '1995-01-01 00:00:00'::timestamp without time zone) AND (l_discount >= .05::double precision) AND (l_discount <= .07::double precision) AND (l_quantity < 24::double precision))"}]}]}, "Unique SQL Id": 4176715123, "Planner Runtime": 0}, "explain_analyze_plan": {"Plan": {"Node Type": "Aggregate", "Strategy": "Plain", "Startup Cost": 1813598.15, "Total Cost": 1813598.16, "Plan Rows": 1, "Plan Width": 24, "Actual Startup Time": 4423.886, "Actual Total Time": 4423.886, "Actual Rows": 1, "Actual Loops": 1, "Plans": [{"Node Type": "Bitmap Heap Scan", "Parent Relationship": "Outer", "Relation Name": "lineitem", "Alias": "lineitem", "Startup Cost": 380421.43, "Total Cost": 1807919.37, "Plan Rows": 1135757, "Plan Width": 16, "Actual Startup Time": 2158.948, "Actual Total Time": 4085.414, "Actual Rows": 1139264, "Actual Loops": 1, "Recheck Cond": "((l_shipdate >= '1994-01-01 00:00:00'::timestamp(0) without time zone) AND (l_shipdate < '1995-01-01 00:00:00'::timestamp without time zone) AND (l_discount >= .05::double precision) AND (l_discount <= .07::double precision) AND (l_quantity < 24::double precision)), (LLVM Optimized, Jit Execute)", "Rows Removed by Index Recheck": 0, "Exact Heap Blocks": 699048, "Lossy Heap Blocks": 699048, "Plans": [{"Node Type": "Bitmap Index Scan", "Parent Relationship": "Outer", "Index Name": "idx_lineitem_shipdate", "Startup Cost": 0.0, "Total Cost": 380137.49, "Plan Rows": 1135757, "Plan Width": 0, "Actual Startup Time": 1833.734, "Actual Total Time": 1833.734, "Actual Rows": 1139264, "Actual Loops": 1, "Index Cond": "((l_shipdate >= '1994-01-01 00:00:00'::timestamp(0) without time zone) AND (l_shipdate < '1995-01-01 00:00:00'::timestamp without time zone) AND (l_discount >= .05::double precision) AND (l_discount <= .07::double precision) AND (l_quantity < 24::double precision))"}]}]}, "Triggers": [], "Planner Runtime": 0, "Total Runtime": 4434.671, "Unique SQL Id": 4176715123}}, "(16, 113)": {"explain_plan": {"Plan": {"Node Type": "Aggregate", "Strategy": "Plain", "Startup Cost": 1813598.15, "Total Cost": 1813598.16, "Plan Rows": 1, "Plan Width": 24, "Plans": [{"Node Type": "Bitmap Heap Scan", "Parent Relationship": "Outer", "Relation Name": "lineitem", "Alias": "lineitem", "Startup Cost": 380421.43, "Total Cost": 1807919.37, "Plan Rows": 1135757, "Plan Width": 16, "Recheck Cond": "((l_shipdate >= '1994-01-01 00:00:00'::timestamp(0) without time zone) AND (l_shipdate < '1995-01-01 00:00:00'::timestamp without time zone) AND (l_discount >= .05::double precision) AND (l_discount <= .07::double precision) AND (l_quantity < 24::double precision)), (LLVM Optimized)", "Plans": [{"Node Type": "Bitmap Index Scan", "Parent Relationship": "Outer", "Index Name": "idx_lineitem_shipdate", "Startup Cost": 0.0, "Total Cost": 380137.49, "Plan Rows": 1135757, "Plan Width": 0, "Index Cond": "((l_shipdate >= '1994-01-01 00:00:00'::timestamp(0) without time zone) AND (l_shipdate < '1995-01-01 00:00:00'::timestamp without time zone) AND (l_discount >= .05::double precision) AND (l_discount <= .07::double precision) AND (l_quantity < 24::double precision))"}]}]}, "Unique SQL Id": 4176715123, "Planner Runtime": 0}, "explain_analyze_plan": {"Plan": {"Node Type": "Aggregate", "Strategy": "Plain", "Startup Cost": 1813598.15, "Total Cost": 1813598.16, "Plan Rows": 1, "Plan Width": 24, "Actual Startup Time": 4423.886, "Actual Total Time": 4423.886, "Actual Rows": 1, "Actual Loops": 1, "Plans": [{"Node Type": "Bitmap Heap Scan", "Parent Relationship": "Outer", "Relation Name": "lineitem", "Alias": "lineitem", "Startup Cost": 380421.43, "Total Cost": 1807919.37, "Plan Rows": 1135757, "Plan Width": 16, "Actual Startup Time": 2158.948, "Actual Total Time": 4085.414, "Actual Rows": 1139264, "Actual Loops": 1, "Recheck Cond": "((l_shipdate >= '1994-01-01 00:00:00'::timestamp(0) without time zone) AND (l_shipdate < '1995-01-01 00:00:00'::timestamp without time zone) AND (l_discount >= .05::double precision) AND (l_discount <= .07::double precision) AND (l_quantity < 24::double precision)), (LLVM Optimized, Jit Execute)", "Rows Removed by Index Recheck": 0, "Exact Heap Blocks": 699048, "Lossy Heap Blocks": 699048, "Plans": [{"Node Type": "Bitmap Index Scan", "Parent Relationship": "Outer", "Index Name": "idx_lineitem_shipdate", "Startup Cost": 0.0, "Total Cost": 380137.49, "Plan Rows": 1135757, "Plan Width": 0, "Actual Startup Time": 1833.734, "Actual Total Time": 1833.734, "Actual Rows": 1139264, "Actual Loops": 1, "Index Cond": "((l_shipdate >= '1994-01-01 00:00:00'::timestamp(0) without time zone) AND (l_shipdate < '1995-01-01 00:00:00'::timestamp without time zone) AND (l_discount >= .05::double precision) AND (l_discount <= .07::double precision) AND (l_quantity < 24::double precision))"}]}]}, "Triggers": [], "Planner Runtime": 0, "Total Runtime": 4434.671, "Unique SQL Id": 4176715123}}, "(16, 114)": {"explain_plan": {"Plan": {"Node Type": "Aggregate", "Strategy": "Plain", "Startup Cost": 1813598.15, "Total Cost": 1813598.16, "Plan Rows": 1, "Plan Width": 24, "Plans": [{"Node Type": "Bitmap Heap Scan", "Parent Relationship": "Outer", "Relation Name": "lineitem", "Alias": "lineitem", "Startup Cost": 380421.43, "Total Cost": 1807919.37, "Plan Rows": 1135757, "Plan Width": 16, "Recheck Cond": "((l_shipdate >= '1994-01-01 00:00:00'::timestamp(0) without time zone) AND (l_shipdate < '1995-01-01 00:00:00'::timestamp without time zone) AND (l_discount >= .05::double precision) AND (l_discount <= .07::double precision) AND (l_quantity < 24::double precision)), (LLVM Optimized)", "Plans": [{"Node Type": "Bitmap Index Scan", "Parent Relationship": "Outer", "Index Name": "idx_lineitem_shipdate", "Startup Cost": 0.0, "Total Cost": 380137.49, "Plan Rows": 1135757, "Plan Width": 0, "Index Cond": "((l_shipdate >= '1994-01-01 00:00:00'::timestamp(0) without time zone) AND (l_shipdate < '1995-01-01 00:00:00'::timestamp without time zone) AND (l_discount >= .05::double precision) AND (l_discount <= .07::double precision) AND (l_quantity < 24::double precision))"}]}]}, "Unique SQL Id": 4176715123, "Planner Runtime": 0}, "explain_analyze_plan": {"Plan": {"Node Type": "Aggregate", "Strategy": "Plain", "Startup Cost": 1813598.15, "Total Cost": 1813598.16, "Plan Rows": 1, "Plan Width": 24, "Actual Startup Time": 4423.886, "Actual Total Time": 4423.886, "Actual Rows": 1, "Actual Loops": 1, "Plans": [{"Node Type": "Bitmap Heap Scan", "Parent Relationship": "Outer", "Relation Name": "lineitem", "Alias": "lineitem", "Startup Cost": 380421.43, "Total Cost": 1807919.37, "Plan Rows": 1135757, "Plan Width": 16, "Actual Startup Time": 2158.948, "Actual Total Time": 4085.414, "Actual Rows": 1139264, "Actual Loops": 1, "Recheck Cond": "((l_shipdate >= '1994-01-01 00:00:00'::timestamp(0) without time zone) AND (l_shipdate < '1995-01-01 00:00:00'::timestamp without time zone) AND (l_discount >= .05::double precision) AND (l_discount <= .07::double precision) AND (l_quantity < 24::double precision)), (LLVM Optimized, Jit Execute)", "Rows Removed by Index Recheck": 0, "Exact Heap Blocks": 699048, "Lossy Heap Blocks": 699048, "Plans": [{"Node Type": "Bitmap Index Scan", "Parent Relationship": "Outer", "Index Name": "idx_lineitem_shipdate", "Startup Cost": 0.0, "Total Cost": 380137.49, "Plan Rows": 1135757, "Plan Width": 0, "Actual Startup Time": 1833.734, "Actual Total Time": 1833.734, "Actual Rows": 1139264, "Actual Loops": 1, "Index Cond": "((l_shipdate >= '1994-01-01 00:00:00'::timestamp(0) without time zone) AND (l_shipdate < '1995-01-01 00:00:00'::timestamp without time zone) AND (l_discount >= .05::double precision) AND (l_discount <= .07::double precision) AND (l_quantity < 24::double precision))"}]}]}, "Triggers": [], "Planner Runtime": 0, "Total Runtime": 4434.671, "Unique SQL Id": 4176715123}}, "(16, 115)": {"explain_plan": {"Plan": {"Node Type": "Aggregate", "Strategy": "Plain", "Startup Cost": 1813598.15, "Total Cost": 1813598.16, "Plan Rows": 1, "Plan Width": 24, "Plans": [{"Node Type": "Bitmap Heap Scan", "Parent Relationship": "Outer", "Relation Name": "lineitem", "Alias": "lineitem", "Startup Cost": 380421.43, "Total Cost": 1807919.37, "Plan Rows": 1135757, "Plan Width": 16, "Recheck Cond": "((l_shipdate >= '1994-01-01 00:00:00'::timestamp(0) without time zone) AND (l_shipdate < '1995-01-01 00:00:00'::timestamp without time zone) AND (l_discount >= .05::double precision) AND (l_discount <= .07::double precision) AND (l_quantity < 24::double precision)), (LLVM Optimized)", "Plans": [{"Node Type": "Bitmap Index Scan", "Parent Relationship": "Outer", "Index Name": "idx_lineitem_shipdate", "Startup Cost": 0.0, "Total Cost": 380137.49, "Plan Rows": 1135757, "Plan Width": 0, "Index Cond": "((l_shipdate >= '1994-01-01 00:00:00'::timestamp(0) without time zone) AND (l_shipdate < '1995-01-01 00:00:00'::timestamp without time zone) AND (l_discount >= .05::double precision) AND (l_discount <= .07::double precision) AND (l_quantity < 24::double precision))"}]}]}, "Unique SQL Id": 4176715123, "Planner Runtime": 0}, "explain_analyze_plan": {"Plan": {"Node Type": "Aggregate", "Strategy": "Plain", "Startup Cost": 1813598.15, "Total Cost": 1813598.16, "Plan Rows": 1, "Plan Width": 24, "Actual Startup Time": 4423.886, "Actual Total Time": 4423.886, "Actual Rows": 1, "Actual Loops": 1, "Plans": [{"Node Type": "Bitmap Heap Scan", "Parent Relationship": "Outer", "Relation Name": "lineitem", "Alias": "lineitem", "Startup Cost": 380421.43, "Total Cost": 1807919.37, "Plan Rows": 1135757, "Plan Width": 16, "Actual Startup Time": 2158.948, "Actual Total Time": 4085.414, "Actual Rows": 1139264, "Actual Loops": 1, "Recheck Cond": "((l_shipdate >= '1994-01-01 00:00:00'::timestamp(0) without time zone) AND (l_shipdate < '1995-01-01 00:00:00'::timestamp without time zone) AND (l_discount >= .05::double precision) AND (l_discount <= .07::double precision) AND (l_quantity < 24::double precision)), (LLVM Optimized, Jit Execute)", "Rows Removed by Index Recheck": 0, "Exact Heap Blocks": 699048, "Lossy Heap Blocks": 699048, "Plans": [{"Node Type": "Bitmap Index Scan", "Parent Relationship": "Outer", "Index Name": "idx_lineitem_shipdate", "Startup Cost": 0.0, "Total Cost": 380137.49, "Plan Rows": 1135757, "Plan Width": 0, "Actual Startup Time": 1833.734, "Actual Total Time": 1833.734, "Actual Rows": 1139264, "Actual Loops": 1, "Index Cond": "((l_shipdate >= '1994-01-01 00:00:00'::timestamp(0) without time zone) AND (l_shipdate < '1995-01-01 00:00:00'::timestamp without time zone) AND (l_discount >= .05::double precision) AND (l_discount <= .07::double precision) AND (l_quantity < 24::double precision))"}]}]}, "Triggers": [], "Planner Runtime": 0, "Total Runtime": 4434.671, "Unique SQL Id": 4176715123}}, "(16, 116)": {"explain_plan": {"Plan": {"Node Type": "Aggregate", "Strategy": "Plain", "Startup Cost": 1813598.15, "Total Cost": 1813598.16, "Plan Rows": 1, "Plan Width": 24, "Plans": [{"Node Type": "Bitmap Heap Scan", "Parent Relationship": "Outer", "Relation Name": "lineitem", "Alias": "lineitem", "Startup Cost": 380421.43, "Total Cost": 1807919.37, "Plan Rows": 1135757, "Plan Width": 16, "Recheck Cond": "((l_shipdate >= '1994-01-01 00:00:00'::timestamp(0) without time zone) AND (l_shipdate < '1995-01-01 00:00:00'::timestamp without time zone) AND (l_discount >= .05::double precision) AND (l_discount <= .07::double precision) AND (l_quantity < 24::double precision)), (LLVM Optimized)", "Plans": [{"Node Type": "Bitmap Index Scan", "Parent Relationship": "Outer", "Index Name": "idx_lineitem_shipdate", "Startup Cost": 0.0, "Total Cost": 380137.49, "Plan Rows": 1135757, "Plan Width": 0, "Index Cond": "((l_shipdate >= '1994-01-01 00:00:00'::timestamp(0) without time zone) AND (l_shipdate < '1995-01-01 00:00:00'::timestamp without time zone) AND (l_discount >= .05::double precision) AND (l_discount <= .07::double precision) AND (l_quantity < 24::double precision))"}]}]}, "Unique SQL Id": 4176715123, "Planner Runtime": 0}, "explain_analyze_plan": {"Plan": {"Node Type": "Aggregate", "Strategy": "Plain", "Startup Cost": 1813598.15, "Total Cost": 1813598.16, "Plan Rows": 1, "Plan Width": 24, "Actual Startup Time": 4423.886, "Actual Total Time": 4423.886, "Actual Rows": 1, "Actual Loops": 1, "Plans": [{"Node Type": "Bitmap Heap Scan", "Parent Relationship": "Outer", "Relation Name": "lineitem", "Alias": "lineitem", "Startup Cost": 380421.43, "Total Cost": 1807919.37, "Plan Rows": 1135757, "Plan Width": 16, "Actual Startup Time": 2158.948, "Actual Total Time": 4085.414, "Actual Rows": 1139264, "Actual Loops": 1, "Recheck Cond": "((l_shipdate >= '1994-01-01 00:00:00'::timestamp(0) without time zone) AND (l_shipdate < '1995-01-01 00:00:00'::timestamp without time zone) AND (l_discount >= .05::double precision) AND (l_discount <= .07::double precision) AND (l_quantity < 24::double precision)), (LLVM Optimized, Jit Execute)", "Rows Removed by Index Recheck": 0, "Exact Heap Blocks": 699048, "Lossy Heap Blocks": 699048, "Plans": [{"Node Type": "Bitmap Index Scan", "Parent Relationship": "Outer", "Index Name": "idx_lineitem_shipdate", "Startup Cost": 0.0, "Total Cost": 380137.49, "Plan Rows": 1135757, "Plan Width": 0, "Actual Startup Time": 1833.734, "Actual Total Time": 1833.734, "Actual Rows": 1139264, "Actual Loops": 1, "Index Cond": "((l_shipdate >= '1994-01-01 00:00:00'::timestamp(0) without time zone) AND (l_shipdate < '1995-01-01 00:00:00'::timestamp without time zone) AND (l_discount >= .05::double precision) AND (l_discount <= .07::double precision) AND (l_quantity < 24::double precision))"}]}]}, "Triggers": [], "Planner Runtime": 0, "Total Runtime": 4434.671, "Unique SQL Id": 4176715123}}, "(16, 117)": {"explain_plan": {"Plan": {"Node Type": "Aggregate", "Strategy": "Plain", "Startup Cost": 1813598.15, "Total Cost": 1813598.16, "Plan Rows": 1, "Plan Width": 24, "Plans": [{"Node Type": "Bitmap Heap Scan", "Parent Relationship": "Outer", "Relation Name": "lineitem", "Alias": "lineitem", "Startup Cost": 380421.43, "Total Cost": 1807919.37, "Plan Rows": 1135757, "Plan Width": 16, "Recheck Cond": "((l_shipdate >= '1994-01-01 00:00:00'::timestamp(0) without time zone) AND (l_shipdate < '1995-01-01 00:00:00'::timestamp without time zone) AND (l_discount >= .05::double precision) AND (l_discount <= .07::double precision) AND (l_quantity < 24::double precision)), (LLVM Optimized)", "Plans": [{"Node Type": "Bitmap Index Scan", "Parent Relationship": "Outer", "Index Name": "idx_lineitem_shipdate", "Startup Cost": 0.0, "Total Cost": 380137.49, "Plan Rows": 1135757, "Plan Width": 0, "Index Cond": "((l_shipdate >= '1994-01-01 00:00:00'::timestamp(0) without time zone) AND (l_shipdate < '1995-01-01 00:00:00'::timestamp without time zone) AND (l_discount >= .05::double precision) AND (l_discount <= .07::double precision) AND (l_quantity < 24::double precision))"}]}]}, "Unique SQL Id": 4176715123, "Planner Runtime": 0}, "explain_analyze_plan": {"Plan": {"Node Type": "Aggregate", "Strategy": "Plain", "Startup Cost": 1813598.15, "Total Cost": 1813598.16, "Plan Rows": 1, "Plan Width": 24, "Actual Startup Time": 4423.886, "Actual Total Time": 4423.886, "Actual Rows": 1, "Actual Loops": 1, "Plans": [{"Node Type": "Bitmap Heap Scan", "Parent Relationship": "Outer", "Relation Name": "lineitem", "Alias": "lineitem", "Startup Cost": 380421.43, "Total Cost": 1807919.37, "Plan Rows": 1135757, "Plan Width": 16, "Actual Startup Time": 2158.948, "Actual Total Time": 4085.414, "Actual Rows": 1139264, "Actual Loops": 1, "Recheck Cond": "((l_shipdate >= '1994-01-01 00:00:00'::timestamp(0) without time zone) AND (l_shipdate < '1995-01-01 00:00:00'::timestamp without time zone) AND (l_discount >= .05::double precision) AND (l_discount <= .07::double precision) AND (l_quantity < 24::double precision)), (LLVM Optimized, Jit Execute)", "Rows Removed by Index Recheck": 0, "Exact Heap Blocks": 699048, "Lossy Heap Blocks": 699048, "Plans": [{"Node Type": "Bitmap Index Scan", "Parent Relationship": "Outer", "Index Name": "idx_lineitem_shipdate", "Startup Cost": 0.0, "Total Cost": 380137.49, "Plan Rows": 1135757, "Plan Width": 0, "Actual Startup Time": 1833.734, "Actual Total Time": 1833.734, "Actual Rows": 1139264, "Actual Loops": 1, "Index Cond": "((l_shipdate >= '1994-01-01 00:00:00'::timestamp(0) without time zone) AND (l_shipdate < '1995-01-01 00:00:00'::timestamp without time zone) AND (l_discount >= .05::double precision) AND (l_discount <= .07::double precision) AND (l_quantity < 24::double precision))"}]}]}, "Triggers": [], "Planner Runtime": 0, "Total Runtime": 4434.671, "Unique SQL Id": 4176715123}}, "(16, 118)": {"explain_plan": {"Plan": {"Node Type": "Aggregate", "Strategy": "Plain", "Startup Cost": 1813598.15, "Total Cost": 1813598.16, "Plan Rows": 1, "Plan Width": 24, "Plans": [{"Node Type": "Bitmap Heap Scan", "Parent Relationship": "Outer", "Relation Name": "lineitem", "Alias": "lineitem", "Startup Cost": 380421.43, "Total Cost": 1807919.37, "Plan Rows": 1135757, "Plan Width": 16, "Recheck Cond": "((l_shipdate >= '1994-01-01 00:00:00'::timestamp(0) without time zone) AND (l_shipdate < '1995-01-01 00:00:00'::timestamp without time zone) AND (l_discount >= .05::double precision) AND (l_discount <= .07::double precision) AND (l_quantity < 24::double precision)), (LLVM Optimized)", "Plans": [{"Node Type": "Bitmap Index Scan", "Parent Relationship": "Outer", "Index Name": "idx_lineitem_shipdate", "Startup Cost": 0.0, "Total Cost": 380137.49, "Plan Rows": 1135757, "Plan Width": 0, "Index Cond": "((l_shipdate >= '1994-01-01 00:00:00'::timestamp(0) without time zone) AND (l_shipdate < '1995-01-01 00:00:00'::timestamp without time zone) AND (l_discount >= .05::double precision) AND (l_discount <= .07::double precision) AND (l_quantity < 24::double precision))"}]}]}, "Unique SQL Id": 4176715123, "Planner Runtime": 0}, "explain_analyze_plan": {"Plan": {"Node Type": "Aggregate", "Strategy": "Plain", "Startup Cost": 1813598.15, "Total Cost": 1813598.16, "Plan Rows": 1, "Plan Width": 24, "Actual Startup Time": 4423.886, "Actual Total Time": 4423.886, "Actual Rows": 1, "Actual Loops": 1, "Plans": [{"Node Type": "Bitmap Heap Scan", "Parent Relationship": "Outer", "Relation Name": "lineitem", "Alias": "lineitem", "Startup Cost": 380421.43, "Total Cost": 1807919.37, "Plan Rows": 1135757, "Plan Width": 16, "Actual Startup Time": 2158.948, "Actual Total Time": 4085.414, "Actual Rows": 1139264, "Actual Loops": 1, "Recheck Cond": "((l_shipdate >= '1994-01-01 00:00:00'::timestamp(0) without time zone) AND (l_shipdate < '1995-01-01 00:00:00'::timestamp without time zone) AND (l_discount >= .05::double precision) AND (l_discount <= .07::double precision) AND (l_quantity < 24::double precision)), (LLVM Optimized, Jit Execute)", "Rows Removed by Index Recheck": 0, "Exact Heap Blocks": 699048, "Lossy Heap Blocks": 699048, "Plans": [{"Node Type": "Bitmap Index Scan", "Parent Relationship": "Outer", "Index Name": "idx_lineitem_shipdate", "Startup Cost": 0.0, "Total Cost": 380137.49, "Plan Rows": 1135757, "Plan Width": 0, "Actual Startup Time": 1833.734, "Actual Total Time": 1833.734, "Actual Rows": 1139264, "Actual Loops": 1, "Index Cond": "((l_shipdate >= '1994-01-01 00:00:00'::timestamp(0) without time zone) AND (l_shipdate < '1995-01-01 00:00:00'::timestamp without time zone) AND (l_discount >= .05::double precision) AND (l_discount <= .07::double precision) AND (l_quantity < 24::double precision))"}]}]}, "Triggers": [], "Planner Runtime": 0, "Total Runtime": 4434.671, "Unique SQL Id": 4176715123}}, "(16, 119)": {"explain_plan": {"Plan": {"Node Type": "Aggregate", "Strategy": "Plain", "Startup Cost": 1813598.15, "Total Cost": 1813598.16, "Plan Rows": 1, "Plan Width": 24, "Plans": [{"Node Type": "Bitmap Heap Scan", "Parent Relationship": "Outer", "Relation Name": "lineitem", "Alias": "lineitem", "Startup Cost": 380421.43, "Total Cost": 1807919.37, "Plan Rows": 1135757, "Plan Width": 16, "Recheck Cond": "((l_shipdate >= '1994-01-01 00:00:00'::timestamp(0) without time zone) AND (l_shipdate < '1995-01-01 00:00:00'::timestamp without time zone) AND (l_discount >= .05::double precision) AND (l_discount <= .07::double precision) AND (l_quantity < 24::double precision)), (LLVM Optimized)", "Plans": [{"Node Type": "Bitmap Index Scan", "Parent Relationship": "Outer", "Index Name": "idx_lineitem_shipdate", "Startup Cost": 0.0, "Total Cost": 380137.49, "Plan Rows": 1135757, "Plan Width": 0, "Index Cond": "((l_shipdate >= '1994-01-01 00:00:00'::timestamp(0) without time zone) AND (l_shipdate < '1995-01-01 00:00:00'::timestamp without time zone) AND (l_discount >= .05::double precision) AND (l_discount <= .07::double precision) AND (l_quantity < 24::double precision))"}]}]}, "Unique SQL Id": 4176715123, "Planner Runtime": 0}, "explain_analyze_plan": {"Plan": {"Node Type": "Aggregate", "Strategy": "Plain", "Startup Cost": 1813598.15, "Total Cost": 1813598.16, "Plan Rows": 1, "Plan Width": 24, "Actual Startup Time": 4423.886, "Actual Total Time": 4423.886, "Actual Rows": 1, "Actual Loops": 1, "Plans": [{"Node Type": "Bitmap Heap Scan", "Parent Relationship": "Outer", "Relation Name": "lineitem", "Alias": "lineitem", "Startup Cost": 380421.43, "Total Cost": 1807919.37, "Plan Rows": 1135757, "Plan Width": 16, "Actual Startup Time": 2158.948, "Actual Total Time": 4085.414, "Actual Rows": 1139264, "Actual Loops": 1, "Recheck Cond": "((l_shipdate >= '1994-01-01 00:00:00'::timestamp(0) without time zone) AND (l_shipdate < '1995-01-01 00:00:00'::timestamp without time zone) AND (l_discount >= .05::double precision) AND (l_discount <= .07::double precision) AND (l_quantity < 24::double precision)), (LLVM Optimized, Jit Execute)", "Rows Removed by Index Recheck": 0, "Exact Heap Blocks": 699048, "Lossy Heap Blocks": 699048, "Plans": [{"Node Type": "Bitmap Index Scan", "Parent Relationship": "Outer", "Index Name": "idx_lineitem_shipdate", "Startup Cost": 0.0, "Total Cost": 380137.49, "Plan Rows": 1135757, "Plan Width": 0, "Actual Startup Time": 1833.734, "Actual Total Time": 1833.734, "Actual Rows": 1139264, "Actual Loops": 1, "Index Cond": "((l_shipdate >= '1994-01-01 00:00:00'::timestamp(0) without time zone) AND (l_shipdate < '1995-01-01 00:00:00'::timestamp without time zone) AND (l_discount >= .05::double precision) AND (l_discount <= .07::double precision) AND (l_quantity < 24::double precision))"}]}]}, "Triggers": [], "Planner Runtime": 0, "Total Runtime": 4434.671, "Unique SQL Id": 4176715123}}, "(16, 120)": {"explain_plan": {"Plan": {"Node Type": "Aggregate", "Strategy": "Plain", "Startup Cost": 2770632.03, "Total Cost": 2770632.04, "Plan Rows": 1, "Plan Width": 24, "Plans": [{"Node Type": "Seq Scan", "Parent Relationship": "Outer", "Relation Name": "lineitem", "Alias": "lineitem", "Startup Cost": 110964.75, "Total Cost": 2764953.24, "Plan Rows": 1135757, "Plan Width": 16, "Filter": "((l_shipdate >= '1994-01-01 00:00:00'::timestamp(0) without time zone) AND (l_shipdate < '1995-01-01 00:00:00'::timestamp without time zone) AND (l_discount >= .05::double precision) AND (l_discount <= .07::double precision) AND (l_quantity < 24::double precision)), (LLVM Optimized)"}]}, "Unique SQL Id": 4176715123, "Planner Runtime": 0}, "explain_analyze_plan": null}, "(16, 121)": {"explain_plan": {"Plan": {"Node Type": "Aggregate", "Strategy": "Plain", "Startup Cost": 3639281.83, "Total Cost": 3639281.84, "Plan Rows": 1, "Plan Width": 24, "Plans": [{"Node Type": "Index Scan", "Parent Relationship": "Outer", "Scan Direction": "Forward", "Index Name": "idx_lineitem_shipdate", "Relation Name": "lineitem", "Alias": "lineitem", "Startup Cost": 0.0, "Total Cost": 3633603.05, "Plan Rows": 1135757, "Plan Width": 16, "Index Cond": "((l_shipdate >= '1994-01-01 00:00:00'::timestamp(0) without time zone) AND (l_shipdate < '1995-01-01 00:00:00'::timestamp without time zone) AND (l_discount >= .05::double precision) AND (l_discount <= .07::double precision) AND (l_quantity < 24::double precision)), (LLVM Optimized)"}]}, "Unique SQL Id": 4176715123, "Planner Runtime": 0}, "explain_analyze_plan": {"Plan": {"Node Type": "Aggregate", "Strategy": "Plain", "Startup Cost": 3639281.83, "Total Cost": 3639281.84, "Plan Rows": 1, "Plan Width": 24, "Actual Startup Time": 4536.464, "Actual Total Time": 4536.466, "Actual Rows": 1, "Actual Loops": 1, "Plans": [{"Node Type": "Index Scan", "Parent Relationship": "Outer", "Scan Direction": "Forward", "Index Name": "idx_lineitem_shipdate", "Relation Name": "lineitem", "Alias": "lineitem", "Startup Cost": 0.0, "Total Cost": 3633603.05, "Plan Rows": 1135757, "Plan Width": 16, "Actual Startup Time": 0.078, "Actual Total Time": 4185.716, "Actual Rows": 1139264, "Actual Loops": 1, "Index Cond": "((l_shipdate >= '1994-01-01 00:00:00'::timestamp(0) without time zone) AND (l_shipdate < '1995-01-01 00:00:00'::timestamp without time zone) AND (l_discount >= .05::double precision) AND (l_discount <= .07::double precision) AND (l_quantity < 24::double precision)), (LLVM Optimized, Jit Execute)", "Rows Removed by Index Recheck": 0}]}, "Triggers": [], "Planner Runtime": 0, "Total Runtime": 4546.244, "Unique SQL Id": 4176715123}}, "(16, 122)": {"explain_plan": {"Plan": {"Node Type": "Aggregate", "Strategy": "Plain", "Startup Cost": 2770632.03, "Total Cost": 2770632.04, "Plan Rows": 1, "Plan Width": 24, "Plans": [{"Node Type": "Seq Scan", "Parent Relationship": "Outer", "Relation Name": "lineitem", "Alias": "lineitem", "Startup Cost": 110964.75, "Total Cost": 2764953.24, "Plan Rows": 1135757, "Plan Width": 16, "Filter": "((l_shipdate >= '1994-01-01 00:00:00'::timestamp(0) without time zone) AND (l_shipdate < '1995-01-01 00:00:00'::timestamp without time zone) AND (l_discount >= .05::double precision) AND (l_discount <= .07::double precision) AND (l_quantity < 24::double precision)), (LLVM Optimized)"}]}, "Unique SQL Id": 4176715123, "Planner Runtime": 0}, "explain_analyze_plan": null}, "(16, 123)": {"explain_plan": {"Plan": {"Node Type": "Aggregate", "Strategy": "Plain", "Startup Cost": 1000276501003.04, "Total Cost": 1000276501003.05, "Plan Rows": 1, "Plan Width": 24, "Plans": [{"Node Type": "Seq Scan", "Parent Relationship": "Outer", "Relation Name": "lineitem", "Alias": "lineitem", "Startup Cost": 10000109520.02, "Total Cost": 1000276495324.25, "Plan Rows": 1135757, "Plan Width": 16, "Filter": "((l_shipdate >= '1994-01-01 00:00:00'::timestamp(0) without time zone) AND (l_shipdate < '1995-01-01 00:00:00'::timestamp without time zone) AND (l_discount >= .05::double precision) AND (l_discount <= .07::double precision) AND (l_quantity < 24::double precision)), (LLVM Optimized)"}]}, "Unique SQL Id": 4176715123, "Planner Runtime": 0}, "explain_analyze_plan": null}, "(16, 124)": {"explain_plan": {"Plan": {"Node Type": "Aggregate", "Strategy": "Plain", "Startup Cost": 2770632.03, "Total Cost": 2770632.04, "Plan Rows": 1, "Plan Width": 24, "Plans": [{"Node Type": "Seq Scan", "Parent Relationship": "Outer", "Relation Name": "lineitem", "Alias": "lineitem", "Startup Cost": 110964.75, "Total Cost": 2764953.24, "Plan Rows": 1135757, "Plan Width": 16, "Filter": "((l_shipdate >= '1994-01-01 00:00:00'::timestamp(0) without time zone) AND (l_shipdate < '1995-01-01 00:00:00'::timestamp without time zone) AND (l_discount >= .05::double precision) AND (l_discount <= .07::double precision) AND (l_quantity < 24::double precision)), (LLVM Optimized)"}]}, "Unique SQL Id": 4176715123, "Planner Runtime": 0}, "explain_analyze_plan": null}, "(16, 125)": {"explain_plan": {"Plan": {"Node Type": "Aggregate", "Strategy": "Plain", "Startup Cost": 3639281.83, "Total Cost": 3639281.84, "Plan Rows": 1, "Plan Width": 24, "Plans": [{"Node Type": "Index Scan", "Parent Relationship": "Outer", "Scan Direction": "Forward", "Index Name": "idx_lineitem_shipdate", "Relation Name": "lineitem", "Alias": "lineitem", "Startup Cost": 0.0, "Total Cost": 3633603.05, "Plan Rows": 1135757, "Plan Width": 16, "Index Cond": "((l_shipdate >= '1994-01-01 00:00:00'::timestamp(0) without time zone) AND (l_shipdate < '1995-01-01 00:00:00'::timestamp without time zone) AND (l_discount >= .05::double precision) AND (l_discount <= .07::double precision) AND (l_quantity < 24::double precision)), (LLVM Optimized)"}]}, "Unique SQL Id": 4176715123, "Planner Runtime": 0}, "explain_analyze_plan": {"Plan": {"Node Type": "Aggregate", "Strategy": "Plain", "Startup Cost": 3639281.83, "Total Cost": 3639281.84, "Plan Rows": 1, "Plan Width": 24, "Actual Startup Time": 4536.464, "Actual Total Time": 4536.466, "Actual Rows": 1, "Actual Loops": 1, "Plans": [{"Node Type": "Index Scan", "Parent Relationship": "Outer", "Scan Direction": "Forward", "Index Name": "idx_lineitem_shipdate", "Relation Name": "lineitem", "Alias": "lineitem", "Startup Cost": 0.0, "Total Cost": 3633603.05, "Plan Rows": 1135757, "Plan Width": 16, "Actual Startup Time": 0.078, "Actual Total Time": 4185.716, "Actual Rows": 1139264, "Actual Loops": 1, "Index Cond": "((l_shipdate >= '1994-01-01 00:00:00'::timestamp(0) without time zone) AND (l_shipdate < '1995-01-01 00:00:00'::timestamp without time zone) AND (l_discount >= .05::double precision) AND (l_discount <= .07::double precision) AND (l_quantity < 24::double precision)), (LLVM Optimized, Jit Execute)", "Rows Removed by Index Recheck": 0}]}, "Triggers": [], "Planner Runtime": 0, "Total Runtime": 4546.244, "Unique SQL Id": 4176715123}}, "(16, 126)": {"explain_plan": {"Plan": {"Node Type": "Aggregate", "Strategy": "Plain", "Startup Cost": 2770632.03, "Total Cost": 2770632.04, "Plan Rows": 1, "Plan Width": 24, "Plans": [{"Node Type": "Seq Scan", "Parent Relationship": "Outer", "Relation Name": "lineitem", "Alias": "lineitem", "Startup Cost": 110964.75, "Total Cost": 2764953.24, "Plan Rows": 1135757, "Plan Width": 16, "Filter": "((l_shipdate >= '1994-01-01 00:00:00'::timestamp(0) without time zone) AND (l_shipdate < '1995-01-01 00:00:00'::timestamp without time zone) AND (l_discount >= .05::double precision) AND (l_discount <= .07::double precision) AND (l_quantity < 24::double precision)), (LLVM Optimized)"}]}, "Unique SQL Id": 4176715123, "Planner Runtime": 0}, "explain_analyze_plan": null}, "(16, 127)": {"explain_plan": {"Plan": {"Node Type": "Aggregate", "Strategy": "Plain", "Startup Cost": 1000276501003.04, "Total Cost": 1000276501003.05, "Plan Rows": 1, "Plan Width": 24, "Plans": [{"Node Type": "Seq Scan", "Parent Relationship": "Outer", "Relation Name": "lineitem", "Alias": "lineitem", "Startup Cost": 10000109520.02, "Total Cost": 1000276495324.25, "Plan Rows": 1135757, "Plan Width": 16, "Filter": "((l_shipdate >= '1994-01-01 00:00:00'::timestamp(0) without time zone) AND (l_shipdate < '1995-01-01 00:00:00'::timestamp without time zone) AND (l_discount >= .05::double precision) AND (l_discount <= .07::double precision) AND (l_quantity < 24::double precision)), (LLVM Optimized)"}]}, "Unique SQL Id": 4176715123, "Planner Runtime": 0}, "explain_analyze_plan": null}, "(64, 0)": {"explain_plan": {"Plan": {"Node Type": "Aggregate", "Strategy": "Plain", "Startup Cost": 1813598.15, "Total Cost": 1813598.16, "Plan Rows": 1, "Plan Width": 24, "Plans": [{"Node Type": "Bitmap Heap Scan", "Parent Relationship": "Outer", "Relation Name": "lineitem", "Alias": "lineitem", "Startup Cost": 380421.43, "Total Cost": 1807919.37, "Plan Rows": 1135757, "Plan Width": 16, "Recheck Cond": "((l_shipdate >= '1994-01-01 00:00:00'::timestamp(0) without time zone) AND (l_shipdate < '1995-01-01 00:00:00'::timestamp without time zone) AND (l_discount >= .05::double precision) AND (l_discount <= .07::double precision) AND (l_quantity < 24::double precision)), (LLVM Optimized)", "Plans": [{"Node Type": "Bitmap Index Scan", "Parent Relationship": "Outer", "Index Name": "idx_lineitem_shipdate", "Startup Cost": 0.0, "Total Cost": 380137.49, "Plan Rows": 1135757, "Plan Width": 0, "Index Cond": "((l_shipdate >= '1994-01-01 00:00:00'::timestamp(0) without time zone) AND (l_shipdate < '1995-01-01 00:00:00'::timestamp without time zone) AND (l_discount >= .05::double precision) AND (l_discount <= .07::double precision) AND (l_quantity < 24::double precision))"}]}]}, "Unique SQL Id": 4176715123, "Planner Runtime": 0}, "explain_analyze_plan": {"Plan": {"Node Type": "Aggregate", "Strategy": "Plain", "Startup Cost": 1813598.15, "Total Cost": 1813598.16, "Plan Rows": 1, "Plan Width": 24, "Actual Startup Time": 4431.086, "Actual Total Time": 4431.087, "Actual Rows": 1, "Actual Loops": 1, "Plans": [{"Node Type": "Bitmap Heap Scan", "Parent Relationship": "Outer", "Relation Name": "lineitem", "Alias": "lineitem", "Startup Cost": 380421.43, "Total Cost": 1807919.37, "Plan Rows": 1135757, "Plan Width": 16, "Actual Startup Time": 2128.259, "Actual Total Time": 4094.204, "Actual Rows": 1139264, "Actual Loops": 1, "Recheck Cond": "((l_shipdate >= '1994-01-01 00:00:00'::timestamp(0) without time zone) AND (l_shipdate < '1995-01-01 00:00:00'::timestamp without time zone) AND (l_discount >= .05::double precision) AND (l_discount <= .07::double precision) AND (l_quantity < 24::double precision)), (LLVM Optimized, Jit Execute)", "Rows Removed by Index Recheck": 0, "Exact Heap Blocks": 699048, "Lossy Heap Blocks": 699048, "Plans": [{"Node Type": "Bitmap Index Scan", "Parent Relationship": "Outer", "Index Name": "idx_lineitem_shipdate", "Startup Cost": 0.0, "Total Cost": 380137.49, "Plan Rows": 1135757, "Plan Width": 0, "Actual Startup Time": 1837.038, "Actual Total Time": 1837.038, "Actual Rows": 1139264, "Actual Loops": 1, "Index Cond": "((l_shipdate >= '1994-01-01 00:00:00'::timestamp(0) without time zone) AND (l_shipdate < '1995-01-01 00:00:00'::timestamp without time zone) AND (l_discount >= .05::double precision) AND (l_discount <= .07::double precision) AND (l_quantity < 24::double precision))"}]}]}, "Triggers": [], "Planner Runtime": 0, "Total Runtime": 4441.804, "Unique SQL Id": 4176715123}}, "(64, 1)": {"explain_plan": {"Plan": {"Node Type": "Aggregate", "Strategy": "Plain", "Startup Cost": 1813598.15, "Total Cost": 1813598.16, "Plan Rows": 1, "Plan Width": 24, "Plans": [{"Node Type": "Bitmap Heap Scan", "Parent Relationship": "Outer", "Relation Name": "lineitem", "Alias": "lineitem", "Startup Cost": 380421.43, "Total Cost": 1807919.37, "Plan Rows": 1135757, "Plan Width": 16, "Recheck Cond": "((l_shipdate >= '1994-01-01 00:00:00'::timestamp(0) without time zone) AND (l_shipdate < '1995-01-01 00:00:00'::timestamp without time zone) AND (l_discount >= .05::double precision) AND (l_discount <= .07::double precision) AND (l_quantity < 24::double precision)), (LLVM Optimized)", "Plans": [{"Node Type": "Bitmap Index Scan", "Parent Relationship": "Outer", "Index Name": "idx_lineitem_shipdate", "Startup Cost": 0.0, "Total Cost": 380137.49, "Plan Rows": 1135757, "Plan Width": 0, "Index Cond": "((l_shipdate >= '1994-01-01 00:00:00'::timestamp(0) without time zone) AND (l_shipdate < '1995-01-01 00:00:00'::timestamp without time zone) AND (l_discount >= .05::double precision) AND (l_discount <= .07::double precision) AND (l_quantity < 24::double precision))"}]}]}, "Unique SQL Id": 4176715123, "Planner Runtime": 0}, "explain_analyze_plan": {"Plan": {"Node Type": "Aggregate", "Strategy": "Plain", "Startup Cost": 1813598.15, "Total Cost": 1813598.16, "Plan Rows": 1, "Plan Width": 24, "Actual Startup Time": 4431.086, "Actual Total Time": 4431.087, "Actual Rows": 1, "Actual Loops": 1, "Plans": [{"Node Type": "Bitmap Heap Scan", "Parent Relationship": "Outer", "Relation Name": "lineitem", "Alias": "lineitem", "Startup Cost": 380421.43, "Total Cost": 1807919.37, "Plan Rows": 1135757, "Plan Width": 16, "Actual Startup Time": 2128.259, "Actual Total Time": 4094.204, "Actual Rows": 1139264, "Actual Loops": 1, "Recheck Cond": "((l_shipdate >= '1994-01-01 00:00:00'::timestamp(0) without time zone) AND (l_shipdate < '1995-01-01 00:00:00'::timestamp without time zone) AND (l_discount >= .05::double precision) AND (l_discount <= .07::double precision) AND (l_quantity < 24::double precision)), (LLVM Optimized, Jit Execute)", "Rows Removed by Index Recheck": 0, "Exact Heap Blocks": 699048, "Lossy Heap Blocks": 699048, "Plans": [{"Node Type": "Bitmap Index Scan", "Parent Relationship": "Outer", "Index Name": "idx_lineitem_shipdate", "Startup Cost": 0.0, "Total Cost": 380137.49, "Plan Rows": 1135757, "Plan Width": 0, "Actual Startup Time": 1837.038, "Actual Total Time": 1837.038, "Actual Rows": 1139264, "Actual Loops": 1, "Index Cond": "((l_shipdate >= '1994-01-01 00:00:00'::timestamp(0) without time zone) AND (l_shipdate < '1995-01-01 00:00:00'::timestamp without time zone) AND (l_discount >= .05::double precision) AND (l_discount <= .07::double precision) AND (l_quantity < 24::double precision))"}]}]}, "Triggers": [], "Planner Runtime": 0, "Total Runtime": 4441.804, "Unique SQL Id": 4176715123}}, "(64, 2)": {"explain_plan": {"Plan": {"Node Type": "Aggregate", "Strategy": "Plain", "Startup Cost": 1813598.15, "Total Cost": 1813598.16, "Plan Rows": 1, "Plan Width": 24, "Plans": [{"Node Type": "Bitmap Heap Scan", "Parent Relationship": "Outer", "Relation Name": "lineitem", "Alias": "lineitem", "Startup Cost": 380421.43, "Total Cost": 1807919.37, "Plan Rows": 1135757, "Plan Width": 16, "Recheck Cond": "((l_shipdate >= '1994-01-01 00:00:00'::timestamp(0) without time zone) AND (l_shipdate < '1995-01-01 00:00:00'::timestamp without time zone) AND (l_discount >= .05::double precision) AND (l_discount <= .07::double precision) AND (l_quantity < 24::double precision)), (LLVM Optimized)", "Plans": [{"Node Type": "Bitmap Index Scan", "Parent Relationship": "Outer", "Index Name": "idx_lineitem_shipdate", "Startup Cost": 0.0, "Total Cost": 380137.49, "Plan Rows": 1135757, "Plan Width": 0, "Index Cond": "((l_shipdate >= '1994-01-01 00:00:00'::timestamp(0) without time zone) AND (l_shipdate < '1995-01-01 00:00:00'::timestamp without time zone) AND (l_discount >= .05::double precision) AND (l_discount <= .07::double precision) AND (l_quantity < 24::double precision))"}]}]}, "Unique SQL Id": 4176715123, "Planner Runtime": 0}, "explain_analyze_plan": {"Plan": {"Node Type": "Aggregate", "Strategy": "Plain", "Startup Cost": 1813598.15, "Total Cost": 1813598.16, "Plan Rows": 1, "Plan Width": 24, "Actual Startup Time": 4431.086, "Actual Total Time": 4431.087, "Actual Rows": 1, "Actual Loops": 1, "Plans": [{"Node Type": "Bitmap Heap Scan", "Parent Relationship": "Outer", "Relation Name": "lineitem", "Alias": "lineitem", "Startup Cost": 380421.43, "Total Cost": 1807919.37, "Plan Rows": 1135757, "Plan Width": 16, "Actual Startup Time": 2128.259, "Actual Total Time": 4094.204, "Actual Rows": 1139264, "Actual Loops": 1, "Recheck Cond": "((l_shipdate >= '1994-01-01 00:00:00'::timestamp(0) without time zone) AND (l_shipdate < '1995-01-01 00:00:00'::timestamp without time zone) AND (l_discount >= .05::double precision) AND (l_discount <= .07::double precision) AND (l_quantity < 24::double precision)), (LLVM Optimized, Jit Execute)", "Rows Removed by Index Recheck": 0, "Exact Heap Blocks": 699048, "Lossy Heap Blocks": 699048, "Plans": [{"Node Type": "Bitmap Index Scan", "Parent Relationship": "Outer", "Index Name": "idx_lineitem_shipdate", "Startup Cost": 0.0, "Total Cost": 380137.49, "Plan Rows": 1135757, "Plan Width": 0, "Actual Startup Time": 1837.038, "Actual Total Time": 1837.038, "Actual Rows": 1139264, "Actual Loops": 1, "Index Cond": "((l_shipdate >= '1994-01-01 00:00:00'::timestamp(0) without time zone) AND (l_shipdate < '1995-01-01 00:00:00'::timestamp without time zone) AND (l_discount >= .05::double precision) AND (l_discount <= .07::double precision) AND (l_quantity < 24::double precision))"}]}]}, "Triggers": [], "Planner Runtime": 0, "Total Runtime": 4441.804, "Unique SQL Id": 4176715123}}, "(64, 3)": {"explain_plan": {"Plan": {"Node Type": "Aggregate", "Strategy": "Plain", "Startup Cost": 1813598.15, "Total Cost": 1813598.16, "Plan Rows": 1, "Plan Width": 24, "Plans": [{"Node Type": "Bitmap Heap Scan", "Parent Relationship": "Outer", "Relation Name": "lineitem", "Alias": "lineitem", "Startup Cost": 380421.43, "Total Cost": 1807919.37, "Plan Rows": 1135757, "Plan Width": 16, "Recheck Cond": "((l_shipdate >= '1994-01-01 00:00:00'::timestamp(0) without time zone) AND (l_shipdate < '1995-01-01 00:00:00'::timestamp without time zone) AND (l_discount >= .05::double precision) AND (l_discount <= .07::double precision) AND (l_quantity < 24::double precision)), (LLVM Optimized)", "Plans": [{"Node Type": "Bitmap Index Scan", "Parent Relationship": "Outer", "Index Name": "idx_lineitem_shipdate", "Startup Cost": 0.0, "Total Cost": 380137.49, "Plan Rows": 1135757, "Plan Width": 0, "Index Cond": "((l_shipdate >= '1994-01-01 00:00:00'::timestamp(0) without time zone) AND (l_shipdate < '1995-01-01 00:00:00'::timestamp without time zone) AND (l_discount >= .05::double precision) AND (l_discount <= .07::double precision) AND (l_quantity < 24::double precision))"}]}]}, "Unique SQL Id": 4176715123, "Planner Runtime": 0}, "explain_analyze_plan": {"Plan": {"Node Type": "Aggregate", "Strategy": "Plain", "Startup Cost": 1813598.15, "Total Cost": 1813598.16, "Plan Rows": 1, "Plan Width": 24, "Actual Startup Time": 4431.086, "Actual Total Time": 4431.087, "Actual Rows": 1, "Actual Loops": 1, "Plans": [{"Node Type": "Bitmap Heap Scan", "Parent Relationship": "Outer", "Relation Name": "lineitem", "Alias": "lineitem", "Startup Cost": 380421.43, "Total Cost": 1807919.37, "Plan Rows": 1135757, "Plan Width": 16, "Actual Startup Time": 2128.259, "Actual Total Time": 4094.204, "Actual Rows": 1139264, "Actual Loops": 1, "Recheck Cond": "((l_shipdate >= '1994-01-01 00:00:00'::timestamp(0) without time zone) AND (l_shipdate < '1995-01-01 00:00:00'::timestamp without time zone) AND (l_discount >= .05::double precision) AND (l_discount <= .07::double precision) AND (l_quantity < 24::double precision)), (LLVM Optimized, Jit Execute)", "Rows Removed by Index Recheck": 0, "Exact Heap Blocks": 699048, "Lossy Heap Blocks": 699048, "Plans": [{"Node Type": "Bitmap Index Scan", "Parent Relationship": "Outer", "Index Name": "idx_lineitem_shipdate", "Startup Cost": 0.0, "Total Cost": 380137.49, "Plan Rows": 1135757, "Plan Width": 0, "Actual Startup Time": 1837.038, "Actual Total Time": 1837.038, "Actual Rows": 1139264, "Actual Loops": 1, "Index Cond": "((l_shipdate >= '1994-01-01 00:00:00'::timestamp(0) without time zone) AND (l_shipdate < '1995-01-01 00:00:00'::timestamp without time zone) AND (l_discount >= .05::double precision) AND (l_discount <= .07::double precision) AND (l_quantity < 24::double precision))"}]}]}, "Triggers": [], "Planner Runtime": 0, "Total Runtime": 4441.804, "Unique SQL Id": 4176715123}}, "(64, 4)": {"explain_plan": {"Plan": {"Node Type": "Aggregate", "Strategy": "Plain", "Startup Cost": 1813598.15, "Total Cost": 1813598.16, "Plan Rows": 1, "Plan Width": 24, "Plans": [{"Node Type": "Bitmap Heap Scan", "Parent Relationship": "Outer", "Relation Name": "lineitem", "Alias": "lineitem", "Startup Cost": 380421.43, "Total Cost": 1807919.37, "Plan Rows": 1135757, "Plan Width": 16, "Recheck Cond": "((l_shipdate >= '1994-01-01 00:00:00'::timestamp(0) without time zone) AND (l_shipdate < '1995-01-01 00:00:00'::timestamp without time zone) AND (l_discount >= .05::double precision) AND (l_discount <= .07::double precision) AND (l_quantity < 24::double precision)), (LLVM Optimized)", "Plans": [{"Node Type": "Bitmap Index Scan", "Parent Relationship": "Outer", "Index Name": "idx_lineitem_shipdate", "Startup Cost": 0.0, "Total Cost": 380137.49, "Plan Rows": 1135757, "Plan Width": 0, "Index Cond": "((l_shipdate >= '1994-01-01 00:00:00'::timestamp(0) without time zone) AND (l_shipdate < '1995-01-01 00:00:00'::timestamp without time zone) AND (l_discount >= .05::double precision) AND (l_discount <= .07::double precision) AND (l_quantity < 24::double precision))"}]}]}, "Unique SQL Id": 4176715123, "Planner Runtime": 0}, "explain_analyze_plan": {"Plan": {"Node Type": "Aggregate", "Strategy": "Plain", "Startup Cost": 1813598.15, "Total Cost": 1813598.16, "Plan Rows": 1, "Plan Width": 24, "Actual Startup Time": 4431.086, "Actual Total Time": 4431.087, "Actual Rows": 1, "Actual Loops": 1, "Plans": [{"Node Type": "Bitmap Heap Scan", "Parent Relationship": "Outer", "Relation Name": "lineitem", "Alias": "lineitem", "Startup Cost": 380421.43, "Total Cost": 1807919.37, "Plan Rows": 1135757, "Plan Width": 16, "Actual Startup Time": 2128.259, "Actual Total Time": 4094.204, "Actual Rows": 1139264, "Actual Loops": 1, "Recheck Cond": "((l_shipdate >= '1994-01-01 00:00:00'::timestamp(0) without time zone) AND (l_shipdate < '1995-01-01 00:00:00'::timestamp without time zone) AND (l_discount >= .05::double precision) AND (l_discount <= .07::double precision) AND (l_quantity < 24::double precision)), (LLVM Optimized, Jit Execute)", "Rows Removed by Index Recheck": 0, "Exact Heap Blocks": 699048, "Lossy Heap Blocks": 699048, "Plans": [{"Node Type": "Bitmap Index Scan", "Parent Relationship": "Outer", "Index Name": "idx_lineitem_shipdate", "Startup Cost": 0.0, "Total Cost": 380137.49, "Plan Rows": 1135757, "Plan Width": 0, "Actual Startup Time": 1837.038, "Actual Total Time": 1837.038, "Actual Rows": 1139264, "Actual Loops": 1, "Index Cond": "((l_shipdate >= '1994-01-01 00:00:00'::timestamp(0) without time zone) AND (l_shipdate < '1995-01-01 00:00:00'::timestamp without time zone) AND (l_discount >= .05::double precision) AND (l_discount <= .07::double precision) AND (l_quantity < 24::double precision))"}]}]}, "Triggers": [], "Planner Runtime": 0, "Total Runtime": 4441.804, "Unique SQL Id": 4176715123}}, "(64, 5)": {"explain_plan": {"Plan": {"Node Type": "Aggregate", "Strategy": "Plain", "Startup Cost": 1813598.15, "Total Cost": 1813598.16, "Plan Rows": 1, "Plan Width": 24, "Plans": [{"Node Type": "Bitmap Heap Scan", "Parent Relationship": "Outer", "Relation Name": "lineitem", "Alias": "lineitem", "Startup Cost": 380421.43, "Total Cost": 1807919.37, "Plan Rows": 1135757, "Plan Width": 16, "Recheck Cond": "((l_shipdate >= '1994-01-01 00:00:00'::timestamp(0) without time zone) AND (l_shipdate < '1995-01-01 00:00:00'::timestamp without time zone) AND (l_discount >= .05::double precision) AND (l_discount <= .07::double precision) AND (l_quantity < 24::double precision)), (LLVM Optimized)", "Plans": [{"Node Type": "Bitmap Index Scan", "Parent Relationship": "Outer", "Index Name": "idx_lineitem_shipdate", "Startup Cost": 0.0, "Total Cost": 380137.49, "Plan Rows": 1135757, "Plan Width": 0, "Index Cond": "((l_shipdate >= '1994-01-01 00:00:00'::timestamp(0) without time zone) AND (l_shipdate < '1995-01-01 00:00:00'::timestamp without time zone) AND (l_discount >= .05::double precision) AND (l_discount <= .07::double precision) AND (l_quantity < 24::double precision))"}]}]}, "Unique SQL Id": 4176715123, "Planner Runtime": 0}, "explain_analyze_plan": {"Plan": {"Node Type": "Aggregate", "Strategy": "Plain", "Startup Cost": 1813598.15, "Total Cost": 1813598.16, "Plan Rows": 1, "Plan Width": 24, "Actual Startup Time": 4431.086, "Actual Total Time": 4431.087, "Actual Rows": 1, "Actual Loops": 1, "Plans": [{"Node Type": "Bitmap Heap Scan", "Parent Relationship": "Outer", "Relation Name": "lineitem", "Alias": "lineitem", "Startup Cost": 380421.43, "Total Cost": 1807919.37, "Plan Rows": 1135757, "Plan Width": 16, "Actual Startup Time": 2128.259, "Actual Total Time": 4094.204, "Actual Rows": 1139264, "Actual Loops": 1, "Recheck Cond": "((l_shipdate >= '1994-01-01 00:00:00'::timestamp(0) without time zone) AND (l_shipdate < '1995-01-01 00:00:00'::timestamp without time zone) AND (l_discount >= .05::double precision) AND (l_discount <= .07::double precision) AND (l_quantity < 24::double precision)), (LLVM Optimized, Jit Execute)", "Rows Removed by Index Recheck": 0, "Exact Heap Blocks": 699048, "Lossy Heap Blocks": 699048, "Plans": [{"Node Type": "Bitmap Index Scan", "Parent Relationship": "Outer", "Index Name": "idx_lineitem_shipdate", "Startup Cost": 0.0, "Total Cost": 380137.49, "Plan Rows": 1135757, "Plan Width": 0, "Actual Startup Time": 1837.038, "Actual Total Time": 1837.038, "Actual Rows": 1139264, "Actual Loops": 1, "Index Cond": "((l_shipdate >= '1994-01-01 00:00:00'::timestamp(0) without time zone) AND (l_shipdate < '1995-01-01 00:00:00'::timestamp without time zone) AND (l_discount >= .05::double precision) AND (l_discount <= .07::double precision) AND (l_quantity < 24::double precision))"}]}]}, "Triggers": [], "Planner Runtime": 0, "Total Runtime": 4441.804, "Unique SQL Id": 4176715123}}, "(64, 6)": {"explain_plan": {"Plan": {"Node Type": "Aggregate", "Strategy": "Plain", "Startup Cost": 1813598.15, "Total Cost": 1813598.16, "Plan Rows": 1, "Plan Width": 24, "Plans": [{"Node Type": "Bitmap Heap Scan", "Parent Relationship": "Outer", "Relation Name": "lineitem", "Alias": "lineitem", "Startup Cost": 380421.43, "Total Cost": 1807919.37, "Plan Rows": 1135757, "Plan Width": 16, "Recheck Cond": "((l_shipdate >= '1994-01-01 00:00:00'::timestamp(0) without time zone) AND (l_shipdate < '1995-01-01 00:00:00'::timestamp without time zone) AND (l_discount >= .05::double precision) AND (l_discount <= .07::double precision) AND (l_quantity < 24::double precision)), (LLVM Optimized)", "Plans": [{"Node Type": "Bitmap Index Scan", "Parent Relationship": "Outer", "Index Name": "idx_lineitem_shipdate", "Startup Cost": 0.0, "Total Cost": 380137.49, "Plan Rows": 1135757, "Plan Width": 0, "Index Cond": "((l_shipdate >= '1994-01-01 00:00:00'::timestamp(0) without time zone) AND (l_shipdate < '1995-01-01 00:00:00'::timestamp without time zone) AND (l_discount >= .05::double precision) AND (l_discount <= .07::double precision) AND (l_quantity < 24::double precision))"}]}]}, "Unique SQL Id": 4176715123, "Planner Runtime": 0}, "explain_analyze_plan": {"Plan": {"Node Type": "Aggregate", "Strategy": "Plain", "Startup Cost": 1813598.15, "Total Cost": 1813598.16, "Plan Rows": 1, "Plan Width": 24, "Actual Startup Time": 4431.086, "Actual Total Time": 4431.087, "Actual Rows": 1, "Actual Loops": 1, "Plans": [{"Node Type": "Bitmap Heap Scan", "Parent Relationship": "Outer", "Relation Name": "lineitem", "Alias": "lineitem", "Startup Cost": 380421.43, "Total Cost": 1807919.37, "Plan Rows": 1135757, "Plan Width": 16, "Actual Startup Time": 2128.259, "Actual Total Time": 4094.204, "Actual Rows": 1139264, "Actual Loops": 1, "Recheck Cond": "((l_shipdate >= '1994-01-01 00:00:00'::timestamp(0) without time zone) AND (l_shipdate < '1995-01-01 00:00:00'::timestamp without time zone) AND (l_discount >= .05::double precision) AND (l_discount <= .07::double precision) AND (l_quantity < 24::double precision)), (LLVM Optimized, Jit Execute)", "Rows Removed by Index Recheck": 0, "Exact Heap Blocks": 699048, "Lossy Heap Blocks": 699048, "Plans": [{"Node Type": "Bitmap Index Scan", "Parent Relationship": "Outer", "Index Name": "idx_lineitem_shipdate", "Startup Cost": 0.0, "Total Cost": 380137.49, "Plan Rows": 1135757, "Plan Width": 0, "Actual Startup Time": 1837.038, "Actual Total Time": 1837.038, "Actual Rows": 1139264, "Actual Loops": 1, "Index Cond": "((l_shipdate >= '1994-01-01 00:00:00'::timestamp(0) without time zone) AND (l_shipdate < '1995-01-01 00:00:00'::timestamp without time zone) AND (l_discount >= .05::double precision) AND (l_discount <= .07::double precision) AND (l_quantity < 24::double precision))"}]}]}, "Triggers": [], "Planner Runtime": 0, "Total Runtime": 4441.804, "Unique SQL Id": 4176715123}}, "(64, 7)": {"explain_plan": {"Plan": {"Node Type": "Aggregate", "Strategy": "Plain", "Startup Cost": 1813598.15, "Total Cost": 1813598.16, "Plan Rows": 1, "Plan Width": 24, "Plans": [{"Node Type": "Bitmap Heap Scan", "Parent Relationship": "Outer", "Relation Name": "lineitem", "Alias": "lineitem", "Startup Cost": 380421.43, "Total Cost": 1807919.37, "Plan Rows": 1135757, "Plan Width": 16, "Recheck Cond": "((l_shipdate >= '1994-01-01 00:00:00'::timestamp(0) without time zone) AND (l_shipdate < '1995-01-01 00:00:00'::timestamp without time zone) AND (l_discount >= .05::double precision) AND (l_discount <= .07::double precision) AND (l_quantity < 24::double precision)), (LLVM Optimized)", "Plans": [{"Node Type": "Bitmap Index Scan", "Parent Relationship": "Outer", "Index Name": "idx_lineitem_shipdate", "Startup Cost": 0.0, "Total Cost": 380137.49, "Plan Rows": 1135757, "Plan Width": 0, "Index Cond": "((l_shipdate >= '1994-01-01 00:00:00'::timestamp(0) without time zone) AND (l_shipdate < '1995-01-01 00:00:00'::timestamp without time zone) AND (l_discount >= .05::double precision) AND (l_discount <= .07::double precision) AND (l_quantity < 24::double precision))"}]}]}, "Unique SQL Id": 4176715123, "Planner Runtime": 0}, "explain_analyze_plan": {"Plan": {"Node Type": "Aggregate", "Strategy": "Plain", "Startup Cost": 1813598.15, "Total Cost": 1813598.16, "Plan Rows": 1, "Plan Width": 24, "Actual Startup Time": 4431.086, "Actual Total Time": 4431.087, "Actual Rows": 1, "Actual Loops": 1, "Plans": [{"Node Type": "Bitmap Heap Scan", "Parent Relationship": "Outer", "Relation Name": "lineitem", "Alias": "lineitem", "Startup Cost": 380421.43, "Total Cost": 1807919.37, "Plan Rows": 1135757, "Plan Width": 16, "Actual Startup Time": 2128.259, "Actual Total Time": 4094.204, "Actual Rows": 1139264, "Actual Loops": 1, "Recheck Cond": "((l_shipdate >= '1994-01-01 00:00:00'::timestamp(0) without time zone) AND (l_shipdate < '1995-01-01 00:00:00'::timestamp without time zone) AND (l_discount >= .05::double precision) AND (l_discount <= .07::double precision) AND (l_quantity < 24::double precision)), (LLVM Optimized, Jit Execute)", "Rows Removed by Index Recheck": 0, "Exact Heap Blocks": 699048, "Lossy Heap Blocks": 699048, "Plans": [{"Node Type": "Bitmap Index Scan", "Parent Relationship": "Outer", "Index Name": "idx_lineitem_shipdate", "Startup Cost": 0.0, "Total Cost": 380137.49, "Plan Rows": 1135757, "Plan Width": 0, "Actual Startup Time": 1837.038, "Actual Total Time": 1837.038, "Actual Rows": 1139264, "Actual Loops": 1, "Index Cond": "((l_shipdate >= '1994-01-01 00:00:00'::timestamp(0) without time zone) AND (l_shipdate < '1995-01-01 00:00:00'::timestamp without time zone) AND (l_discount >= .05::double precision) AND (l_discount <= .07::double precision) AND (l_quantity < 24::double precision))"}]}]}, "Triggers": [], "Planner Runtime": 0, "Total Runtime": 4441.804, "Unique SQL Id": 4176715123}}, "(64, 8)": {"explain_plan": {"Plan": {"Node Type": "Aggregate", "Strategy": "Plain", "Startup Cost": 2770632.03, "Total Cost": 2770632.04, "Plan Rows": 1, "Plan Width": 24, "Plans": [{"Node Type": "Seq Scan", "Parent Relationship": "Outer", "Relation Name": "lineitem", "Alias": "lineitem", "Startup Cost": 110942.73, "Total Cost": 2764953.24, "Plan Rows": 1135757, "Plan Width": 16, "Filter": "((l_shipdate >= '1994-01-01 00:00:00'::timestamp(0) without time zone) AND (l_shipdate < '1995-01-01 00:00:00'::timestamp without time zone) AND (l_discount >= .05::double precision) AND (l_discount <= .07::double precision) AND (l_quantity < 24::double precision)), (LLVM Optimized)"}]}, "Unique SQL Id": 4176715123, "Planner Runtime": 0}, "explain_analyze_plan": null}, "(64, 9)": {"explain_plan": {"Plan": {"Node Type": "Aggregate", "Strategy": "Plain", "Startup Cost": 3639281.83, "Total Cost": 3639281.84, "Plan Rows": 1, "Plan Width": 24, "Plans": [{"Node Type": "Index Scan", "Parent Relationship": "Outer", "Scan Direction": "Forward", "Index Name": "idx_lineitem_shipdate", "Relation Name": "lineitem", "Alias": "lineitem", "Startup Cost": 0.0, "Total Cost": 3633603.05, "Plan Rows": 1135757, "Plan Width": 16, "Index Cond": "((l_shipdate >= '1994-01-01 00:00:00'::timestamp(0) without time zone) AND (l_shipdate < '1995-01-01 00:00:00'::timestamp without time zone) AND (l_discount >= .05::double precision) AND (l_discount <= .07::double precision) AND (l_quantity < 24::double precision)), (LLVM Optimized)"}]}, "Unique SQL Id": 4176715123, "Planner Runtime": 0}, "explain_analyze_plan": {"Plan": {"Node Type": "Aggregate", "Strategy": "Plain", "Startup Cost": 3639281.83, "Total Cost": 3639281.84, "Plan Rows": 1, "Plan Width": 24, "Actual Startup Time": 4547.635, "Actual Total Time": 4547.636, "Actual Rows": 1, "Actual Loops": 1, "Plans": [{"Node Type": "Index Scan", "Parent Relationship": "Outer", "Scan Direction": "Forward", "Index Name": "idx_lineitem_shipdate", "Relation Name": "lineitem", "Alias": "lineitem", "Startup Cost": 0.0, "Total Cost": 3633603.05, "Plan Rows": 1135757, "Plan Width": 16, "Actual Startup Time": 0.072, "Actual Total Time": 4197.463, "Actual Rows": 1139264, "Actual Loops": 1, "Index Cond": "((l_shipdate >= '1994-01-01 00:00:00'::timestamp(0) without time zone) AND (l_shipdate < '1995-01-01 00:00:00'::timestamp without time zone) AND (l_discount >= .05::double precision) AND (l_discount <= .07::double precision) AND (l_quantity < 24::double precision)), (LLVM Optimized, Jit Execute)", "Rows Removed by Index Recheck": 0}]}, "Triggers": [], "Planner Runtime": 0, "Total Runtime": 4557.557, "Unique SQL Id": 4176715123}}, "(64, 10)": {"explain_plan": {"Plan": {"Node Type": "Aggregate", "Strategy": "Plain", "Startup Cost": 2770632.03, "Total Cost": 2770632.04, "Plan Rows": 1, "Plan Width": 24, "Plans": [{"Node Type": "Seq Scan", "Parent Relationship": "Outer", "Relation Name": "lineitem", "Alias": "lineitem", "Startup Cost": 110942.73, "Total Cost": 2764953.24, "Plan Rows": 1135757, "Plan Width": 16, "Filter": "((l_shipdate >= '1994-01-01 00:00:00'::timestamp(0) without time zone) AND (l_shipdate < '1995-01-01 00:00:00'::timestamp without time zone) AND (l_discount >= .05::double precision) AND (l_discount <= .07::double precision) AND (l_quantity < 24::double precision)), (LLVM Optimized)"}]}, "Unique SQL Id": 4176715123, "Planner Runtime": 0}, "explain_analyze_plan": null}, "(64, 11)": {"explain_plan": {"Plan": {"Node Type": "Aggregate", "Strategy": "Plain", "Startup Cost": 1000276501003.04, "Total Cost": 1000276501003.05, "Plan Rows": 1, "Plan Width": 24, "Plans": [{"Node Type": "Seq Scan", "Parent Relationship": "Outer", "Relation Name": "lineitem", "Alias": "lineitem", "Startup Cost": 10000109520.02, "Total Cost": 1000276495324.25, "Plan Rows": 1135757, "Plan Width": 16, "Filter": "((l_shipdate >= '1994-01-01 00:00:00'::timestamp(0) without time zone) AND (l_shipdate < '1995-01-01 00:00:00'::timestamp without time zone) AND (l_discount >= .05::double precision) AND (l_discount <= .07::double precision) AND (l_quantity < 24::double precision)), (LLVM Optimized)"}]}, "Unique SQL Id": 4176715123, "Planner Runtime": 0}, "explain_analyze_plan": null}, "(64, 12)": {"explain_plan": {"Plan": {"Node Type": "Aggregate", "Strategy": "Plain", "Startup Cost": 2770632.03, "Total Cost": 2770632.04, "Plan Rows": 1, "Plan Width": 24, "Plans": [{"Node Type": "Seq Scan", "Parent Relationship": "Outer", "Relation Name": "lineitem", "Alias": "lineitem", "Startup Cost": 110942.73, "Total Cost": 2764953.24, "Plan Rows": 1135757, "Plan Width": 16, "Filter": "((l_shipdate >= '1994-01-01 00:00:00'::timestamp(0) without time zone) AND (l_shipdate < '1995-01-01 00:00:00'::timestamp without time zone) AND (l_discount >= .05::double precision) AND (l_discount <= .07::double precision) AND (l_quantity < 24::double precision)), (LLVM Optimized)"}]}, "Unique SQL Id": 4176715123, "Planner Runtime": 0}, "explain_analyze_plan": null}, "(64, 13)": {"explain_plan": {"Plan": {"Node Type": "Aggregate", "Strategy": "Plain", "Startup Cost": 3639281.83, "Total Cost": 3639281.84, "Plan Rows": 1, "Plan Width": 24, "Plans": [{"Node Type": "Index Scan", "Parent Relationship": "Outer", "Scan Direction": "Forward", "Index Name": "idx_lineitem_shipdate", "Relation Name": "lineitem", "Alias": "lineitem", "Startup Cost": 0.0, "Total Cost": 3633603.05, "Plan Rows": 1135757, "Plan Width": 16, "Index Cond": "((l_shipdate >= '1994-01-01 00:00:00'::timestamp(0) without time zone) AND (l_shipdate < '1995-01-01 00:00:00'::timestamp without time zone) AND (l_discount >= .05::double precision) AND (l_discount <= .07::double precision) AND (l_quantity < 24::double precision)), (LLVM Optimized)"}]}, "Unique SQL Id": 4176715123, "Planner Runtime": 0}, "explain_analyze_plan": {"Plan": {"Node Type": "Aggregate", "Strategy": "Plain", "Startup Cost": 3639281.83, "Total Cost": 3639281.84, "Plan Rows": 1, "Plan Width": 24, "Actual Startup Time": 4547.635, "Actual Total Time": 4547.636, "Actual Rows": 1, "Actual Loops": 1, "Plans": [{"Node Type": "Index Scan", "Parent Relationship": "Outer", "Scan Direction": "Forward", "Index Name": "idx_lineitem_shipdate", "Relation Name": "lineitem", "Alias": "lineitem", "Startup Cost": 0.0, "Total Cost": 3633603.05, "Plan Rows": 1135757, "Plan Width": 16, "Actual Startup Time": 0.072, "Actual Total Time": 4197.463, "Actual Rows": 1139264, "Actual Loops": 1, "Index Cond": "((l_shipdate >= '1994-01-01 00:00:00'::timestamp(0) without time zone) AND (l_shipdate < '1995-01-01 00:00:00'::timestamp without time zone) AND (l_discount >= .05::double precision) AND (l_discount <= .07::double precision) AND (l_quantity < 24::double precision)), (LLVM Optimized, Jit Execute)", "Rows Removed by Index Recheck": 0}]}, "Triggers": [], "Planner Runtime": 0, "Total Runtime": 4557.557, "Unique SQL Id": 4176715123}}, "(64, 14)": {"explain_plan": {"Plan": {"Node Type": "Aggregate", "Strategy": "Plain", "Startup Cost": 2770632.03, "Total Cost": 2770632.04, "Plan Rows": 1, "Plan Width": 24, "Plans": [{"Node Type": "Seq Scan", "Parent Relationship": "Outer", "Relation Name": "lineitem", "Alias": "lineitem", "Startup Cost": 110942.73, "Total Cost": 2764953.24, "Plan Rows": 1135757, "Plan Width": 16, "Filter": "((l_shipdate >= '1994-01-01 00:00:00'::timestamp(0) without time zone) AND (l_shipdate < '1995-01-01 00:00:00'::timestamp without time zone) AND (l_discount >= .05::double precision) AND (l_discount <= .07::double precision) AND (l_quantity < 24::double precision)), (LLVM Optimized)"}]}, "Unique SQL Id": 4176715123, "Planner Runtime": 0}, "explain_analyze_plan": null}, "(64, 15)": {"explain_plan": {"Plan": {"Node Type": "Aggregate", "Strategy": "Plain", "Startup Cost": 1000276501003.04, "Total Cost": 1000276501003.05, "Plan Rows": 1, "Plan Width": 24, "Plans": [{"Node Type": "Seq Scan", "Parent Relationship": "Outer", "Relation Name": "lineitem", "Alias": "lineitem", "Startup Cost": 10000109520.02, "Total Cost": 1000276495324.25, "Plan Rows": 1135757, "Plan Width": 16, "Filter": "((l_shipdate >= '1994-01-01 00:00:00'::timestamp(0) without time zone) AND (l_shipdate < '1995-01-01 00:00:00'::timestamp without time zone) AND (l_discount >= .05::double precision) AND (l_discount <= .07::double precision) AND (l_quantity < 24::double precision)), (LLVM Optimized)"}]}, "Unique SQL Id": 4176715123, "Planner Runtime": 0}, "explain_analyze_plan": null}, "(64, 16)": {"explain_plan": {"Plan": {"Node Type": "Aggregate", "Strategy": "Plain", "Startup Cost": 1813598.15, "Total Cost": 1813598.16, "Plan Rows": 1, "Plan Width": 24, "Plans": [{"Node Type": "Bitmap Heap Scan", "Parent Relationship": "Outer", "Relation Name": "lineitem", "Alias": "lineitem", "Startup Cost": 380421.43, "Total Cost": 1807919.37, "Plan Rows": 1135757, "Plan Width": 16, "Recheck Cond": "((l_shipdate >= '1994-01-01 00:00:00'::timestamp(0) without time zone) AND (l_shipdate < '1995-01-01 00:00:00'::timestamp without time zone) AND (l_discount >= .05::double precision) AND (l_discount <= .07::double precision) AND (l_quantity < 24::double precision)), (LLVM Optimized)", "Plans": [{"Node Type": "Bitmap Index Scan", "Parent Relationship": "Outer", "Index Name": "idx_lineitem_shipdate", "Startup Cost": 0.0, "Total Cost": 380137.49, "Plan Rows": 1135757, "Plan Width": 0, "Index Cond": "((l_shipdate >= '1994-01-01 00:00:00'::timestamp(0) without time zone) AND (l_shipdate < '1995-01-01 00:00:00'::timestamp without time zone) AND (l_discount >= .05::double precision) AND (l_discount <= .07::double precision) AND (l_quantity < 24::double precision))"}]}]}, "Unique SQL Id": 4176715123, "Planner Runtime": 0}, "explain_analyze_plan": {"Plan": {"Node Type": "Aggregate", "Strategy": "Plain", "Startup Cost": 1813598.15, "Total Cost": 1813598.16, "Plan Rows": 1, "Plan Width": 24, "Actual Startup Time": 4431.086, "Actual Total Time": 4431.087, "Actual Rows": 1, "Actual Loops": 1, "Plans": [{"Node Type": "Bitmap Heap Scan", "Parent Relationship": "Outer", "Relation Name": "lineitem", "Alias": "lineitem", "Startup Cost": 380421.43, "Total Cost": 1807919.37, "Plan Rows": 1135757, "Plan Width": 16, "Actual Startup Time": 2128.259, "Actual Total Time": 4094.204, "Actual Rows": 1139264, "Actual Loops": 1, "Recheck Cond": "((l_shipdate >= '1994-01-01 00:00:00'::timestamp(0) without time zone) AND (l_shipdate < '1995-01-01 00:00:00'::timestamp without time zone) AND (l_discount >= .05::double precision) AND (l_discount <= .07::double precision) AND (l_quantity < 24::double precision)), (LLVM Optimized, Jit Execute)", "Rows Removed by Index Recheck": 0, "Exact Heap Blocks": 699048, "Lossy Heap Blocks": 699048, "Plans": [{"Node Type": "Bitmap Index Scan", "Parent Relationship": "Outer", "Index Name": "idx_lineitem_shipdate", "Startup Cost": 0.0, "Total Cost": 380137.49, "Plan Rows": 1135757, "Plan Width": 0, "Actual Startup Time": 1837.038, "Actual Total Time": 1837.038, "Actual Rows": 1139264, "Actual Loops": 1, "Index Cond": "((l_shipdate >= '1994-01-01 00:00:00'::timestamp(0) without time zone) AND (l_shipdate < '1995-01-01 00:00:00'::timestamp without time zone) AND (l_discount >= .05::double precision) AND (l_discount <= .07::double precision) AND (l_quantity < 24::double precision))"}]}]}, "Triggers": [], "Planner Runtime": 0, "Total Runtime": 4441.804, "Unique SQL Id": 4176715123}}, "(64, 17)": {"explain_plan": {"Plan": {"Node Type": "Aggregate", "Strategy": "Plain", "Startup Cost": 1813598.15, "Total Cost": 1813598.16, "Plan Rows": 1, "Plan Width": 24, "Plans": [{"Node Type": "Bitmap Heap Scan", "Parent Relationship": "Outer", "Relation Name": "lineitem", "Alias": "lineitem", "Startup Cost": 380421.43, "Total Cost": 1807919.37, "Plan Rows": 1135757, "Plan Width": 16, "Recheck Cond": "((l_shipdate >= '1994-01-01 00:00:00'::timestamp(0) without time zone) AND (l_shipdate < '1995-01-01 00:00:00'::timestamp without time zone) AND (l_discount >= .05::double precision) AND (l_discount <= .07::double precision) AND (l_quantity < 24::double precision)), (LLVM Optimized)", "Plans": [{"Node Type": "Bitmap Index Scan", "Parent Relationship": "Outer", "Index Name": "idx_lineitem_shipdate", "Startup Cost": 0.0, "Total Cost": 380137.49, "Plan Rows": 1135757, "Plan Width": 0, "Index Cond": "((l_shipdate >= '1994-01-01 00:00:00'::timestamp(0) without time zone) AND (l_shipdate < '1995-01-01 00:00:00'::timestamp without time zone) AND (l_discount >= .05::double precision) AND (l_discount <= .07::double precision) AND (l_quantity < 24::double precision))"}]}]}, "Unique SQL Id": 4176715123, "Planner Runtime": 0}, "explain_analyze_plan": {"Plan": {"Node Type": "Aggregate", "Strategy": "Plain", "Startup Cost": 1813598.15, "Total Cost": 1813598.16, "Plan Rows": 1, "Plan Width": 24, "Actual Startup Time": 4431.086, "Actual Total Time": 4431.087, "Actual Rows": 1, "Actual Loops": 1, "Plans": [{"Node Type": "Bitmap Heap Scan", "Parent Relationship": "Outer", "Relation Name": "lineitem", "Alias": "lineitem", "Startup Cost": 380421.43, "Total Cost": 1807919.37, "Plan Rows": 1135757, "Plan Width": 16, "Actual Startup Time": 2128.259, "Actual Total Time": 4094.204, "Actual Rows": 1139264, "Actual Loops": 1, "Recheck Cond": "((l_shipdate >= '1994-01-01 00:00:00'::timestamp(0) without time zone) AND (l_shipdate < '1995-01-01 00:00:00'::timestamp without time zone) AND (l_discount >= .05::double precision) AND (l_discount <= .07::double precision) AND (l_quantity < 24::double precision)), (LLVM Optimized, Jit Execute)", "Rows Removed by Index Recheck": 0, "Exact Heap Blocks": 699048, "Lossy Heap Blocks": 699048, "Plans": [{"Node Type": "Bitmap Index Scan", "Parent Relationship": "Outer", "Index Name": "idx_lineitem_shipdate", "Startup Cost": 0.0, "Total Cost": 380137.49, "Plan Rows": 1135757, "Plan Width": 0, "Actual Startup Time": 1837.038, "Actual Total Time": 1837.038, "Actual Rows": 1139264, "Actual Loops": 1, "Index Cond": "((l_shipdate >= '1994-01-01 00:00:00'::timestamp(0) without time zone) AND (l_shipdate < '1995-01-01 00:00:00'::timestamp without time zone) AND (l_discount >= .05::double precision) AND (l_discount <= .07::double precision) AND (l_quantity < 24::double precision))"}]}]}, "Triggers": [], "Planner Runtime": 0, "Total Runtime": 4441.804, "Unique SQL Id": 4176715123}}, "(64, 18)": {"explain_plan": {"Plan": {"Node Type": "Aggregate", "Strategy": "Plain", "Startup Cost": 1813598.15, "Total Cost": 1813598.16, "Plan Rows": 1, "Plan Width": 24, "Plans": [{"Node Type": "Bitmap Heap Scan", "Parent Relationship": "Outer", "Relation Name": "lineitem", "Alias": "lineitem", "Startup Cost": 380421.43, "Total Cost": 1807919.37, "Plan Rows": 1135757, "Plan Width": 16, "Recheck Cond": "((l_shipdate >= '1994-01-01 00:00:00'::timestamp(0) without time zone) AND (l_shipdate < '1995-01-01 00:00:00'::timestamp without time zone) AND (l_discount >= .05::double precision) AND (l_discount <= .07::double precision) AND (l_quantity < 24::double precision)), (LLVM Optimized)", "Plans": [{"Node Type": "Bitmap Index Scan", "Parent Relationship": "Outer", "Index Name": "idx_lineitem_shipdate", "Startup Cost": 0.0, "Total Cost": 380137.49, "Plan Rows": 1135757, "Plan Width": 0, "Index Cond": "((l_shipdate >= '1994-01-01 00:00:00'::timestamp(0) without time zone) AND (l_shipdate < '1995-01-01 00:00:00'::timestamp without time zone) AND (l_discount >= .05::double precision) AND (l_discount <= .07::double precision) AND (l_quantity < 24::double precision))"}]}]}, "Unique SQL Id": 4176715123, "Planner Runtime": 0}, "explain_analyze_plan": {"Plan": {"Node Type": "Aggregate", "Strategy": "Plain", "Startup Cost": 1813598.15, "Total Cost": 1813598.16, "Plan Rows": 1, "Plan Width": 24, "Actual Startup Time": 4431.086, "Actual Total Time": 4431.087, "Actual Rows": 1, "Actual Loops": 1, "Plans": [{"Node Type": "Bitmap Heap Scan", "Parent Relationship": "Outer", "Relation Name": "lineitem", "Alias": "lineitem", "Startup Cost": 380421.43, "Total Cost": 1807919.37, "Plan Rows": 1135757, "Plan Width": 16, "Actual Startup Time": 2128.259, "Actual Total Time": 4094.204, "Actual Rows": 1139264, "Actual Loops": 1, "Recheck Cond": "((l_shipdate >= '1994-01-01 00:00:00'::timestamp(0) without time zone) AND (l_shipdate < '1995-01-01 00:00:00'::timestamp without time zone) AND (l_discount >= .05::double precision) AND (l_discount <= .07::double precision) AND (l_quantity < 24::double precision)), (LLVM Optimized, Jit Execute)", "Rows Removed by Index Recheck": 0, "Exact Heap Blocks": 699048, "Lossy Heap Blocks": 699048, "Plans": [{"Node Type": "Bitmap Index Scan", "Parent Relationship": "Outer", "Index Name": "idx_lineitem_shipdate", "Startup Cost": 0.0, "Total Cost": 380137.49, "Plan Rows": 1135757, "Plan Width": 0, "Actual Startup Time": 1837.038, "Actual Total Time": 1837.038, "Actual Rows": 1139264, "Actual Loops": 1, "Index Cond": "((l_shipdate >= '1994-01-01 00:00:00'::timestamp(0) without time zone) AND (l_shipdate < '1995-01-01 00:00:00'::timestamp without time zone) AND (l_discount >= .05::double precision) AND (l_discount <= .07::double precision) AND (l_quantity < 24::double precision))"}]}]}, "Triggers": [], "Planner Runtime": 0, "Total Runtime": 4441.804, "Unique SQL Id": 4176715123}}, "(64, 19)": {"explain_plan": {"Plan": {"Node Type": "Aggregate", "Strategy": "Plain", "Startup Cost": 1813598.15, "Total Cost": 1813598.16, "Plan Rows": 1, "Plan Width": 24, "Plans": [{"Node Type": "Bitmap Heap Scan", "Parent Relationship": "Outer", "Relation Name": "lineitem", "Alias": "lineitem", "Startup Cost": 380421.43, "Total Cost": 1807919.37, "Plan Rows": 1135757, "Plan Width": 16, "Recheck Cond": "((l_shipdate >= '1994-01-01 00:00:00'::timestamp(0) without time zone) AND (l_shipdate < '1995-01-01 00:00:00'::timestamp without time zone) AND (l_discount >= .05::double precision) AND (l_discount <= .07::double precision) AND (l_quantity < 24::double precision)), (LLVM Optimized)", "Plans": [{"Node Type": "Bitmap Index Scan", "Parent Relationship": "Outer", "Index Name": "idx_lineitem_shipdate", "Startup Cost": 0.0, "Total Cost": 380137.49, "Plan Rows": 1135757, "Plan Width": 0, "Index Cond": "((l_shipdate >= '1994-01-01 00:00:00'::timestamp(0) without time zone) AND (l_shipdate < '1995-01-01 00:00:00'::timestamp without time zone) AND (l_discount >= .05::double precision) AND (l_discount <= .07::double precision) AND (l_quantity < 24::double precision))"}]}]}, "Unique SQL Id": 4176715123, "Planner Runtime": 0}, "explain_analyze_plan": {"Plan": {"Node Type": "Aggregate", "Strategy": "Plain", "Startup Cost": 1813598.15, "Total Cost": 1813598.16, "Plan Rows": 1, "Plan Width": 24, "Actual Startup Time": 4431.086, "Actual Total Time": 4431.087, "Actual Rows": 1, "Actual Loops": 1, "Plans": [{"Node Type": "Bitmap Heap Scan", "Parent Relationship": "Outer", "Relation Name": "lineitem", "Alias": "lineitem", "Startup Cost": 380421.43, "Total Cost": 1807919.37, "Plan Rows": 1135757, "Plan Width": 16, "Actual Startup Time": 2128.259, "Actual Total Time": 4094.204, "Actual Rows": 1139264, "Actual Loops": 1, "Recheck Cond": "((l_shipdate >= '1994-01-01 00:00:00'::timestamp(0) without time zone) AND (l_shipdate < '1995-01-01 00:00:00'::timestamp without time zone) AND (l_discount >= .05::double precision) AND (l_discount <= .07::double precision) AND (l_quantity < 24::double precision)), (LLVM Optimized, Jit Execute)", "Rows Removed by Index Recheck": 0, "Exact Heap Blocks": 699048, "Lossy Heap Blocks": 699048, "Plans": [{"Node Type": "Bitmap Index Scan", "Parent Relationship": "Outer", "Index Name": "idx_lineitem_shipdate", "Startup Cost": 0.0, "Total Cost": 380137.49, "Plan Rows": 1135757, "Plan Width": 0, "Actual Startup Time": 1837.038, "Actual Total Time": 1837.038, "Actual Rows": 1139264, "Actual Loops": 1, "Index Cond": "((l_shipdate >= '1994-01-01 00:00:00'::timestamp(0) without time zone) AND (l_shipdate < '1995-01-01 00:00:00'::timestamp without time zone) AND (l_discount >= .05::double precision) AND (l_discount <= .07::double precision) AND (l_quantity < 24::double precision))"}]}]}, "Triggers": [], "Planner Runtime": 0, "Total Runtime": 4441.804, "Unique SQL Id": 4176715123}}, "(64, 20)": {"explain_plan": {"Plan": {"Node Type": "Aggregate", "Strategy": "Plain", "Startup Cost": 1813598.15, "Total Cost": 1813598.16, "Plan Rows": 1, "Plan Width": 24, "Plans": [{"Node Type": "Bitmap Heap Scan", "Parent Relationship": "Outer", "Relation Name": "lineitem", "Alias": "lineitem", "Startup Cost": 380421.43, "Total Cost": 1807919.37, "Plan Rows": 1135757, "Plan Width": 16, "Recheck Cond": "((l_shipdate >= '1994-01-01 00:00:00'::timestamp(0) without time zone) AND (l_shipdate < '1995-01-01 00:00:00'::timestamp without time zone) AND (l_discount >= .05::double precision) AND (l_discount <= .07::double precision) AND (l_quantity < 24::double precision)), (LLVM Optimized)", "Plans": [{"Node Type": "Bitmap Index Scan", "Parent Relationship": "Outer", "Index Name": "idx_lineitem_shipdate", "Startup Cost": 0.0, "Total Cost": 380137.49, "Plan Rows": 1135757, "Plan Width": 0, "Index Cond": "((l_shipdate >= '1994-01-01 00:00:00'::timestamp(0) without time zone) AND (l_shipdate < '1995-01-01 00:00:00'::timestamp without time zone) AND (l_discount >= .05::double precision) AND (l_discount <= .07::double precision) AND (l_quantity < 24::double precision))"}]}]}, "Unique SQL Id": 4176715123, "Planner Runtime": 0}, "explain_analyze_plan": {"Plan": {"Node Type": "Aggregate", "Strategy": "Plain", "Startup Cost": 1813598.15, "Total Cost": 1813598.16, "Plan Rows": 1, "Plan Width": 24, "Actual Startup Time": 4431.086, "Actual Total Time": 4431.087, "Actual Rows": 1, "Actual Loops": 1, "Plans": [{"Node Type": "Bitmap Heap Scan", "Parent Relationship": "Outer", "Relation Name": "lineitem", "Alias": "lineitem", "Startup Cost": 380421.43, "Total Cost": 1807919.37, "Plan Rows": 1135757, "Plan Width": 16, "Actual Startup Time": 2128.259, "Actual Total Time": 4094.204, "Actual Rows": 1139264, "Actual Loops": 1, "Recheck Cond": "((l_shipdate >= '1994-01-01 00:00:00'::timestamp(0) without time zone) AND (l_shipdate < '1995-01-01 00:00:00'::timestamp without time zone) AND (l_discount >= .05::double precision) AND (l_discount <= .07::double precision) AND (l_quantity < 24::double precision)), (LLVM Optimized, Jit Execute)", "Rows Removed by Index Recheck": 0, "Exact Heap Blocks": 699048, "Lossy Heap Blocks": 699048, "Plans": [{"Node Type": "Bitmap Index Scan", "Parent Relationship": "Outer", "Index Name": "idx_lineitem_shipdate", "Startup Cost": 0.0, "Total Cost": 380137.49, "Plan Rows": 1135757, "Plan Width": 0, "Actual Startup Time": 1837.038, "Actual Total Time": 1837.038, "Actual Rows": 1139264, "Actual Loops": 1, "Index Cond": "((l_shipdate >= '1994-01-01 00:00:00'::timestamp(0) without time zone) AND (l_shipdate < '1995-01-01 00:00:00'::timestamp without time zone) AND (l_discount >= .05::double precision) AND (l_discount <= .07::double precision) AND (l_quantity < 24::double precision))"}]}]}, "Triggers": [], "Planner Runtime": 0, "Total Runtime": 4441.804, "Unique SQL Id": 4176715123}}, "(64, 21)": {"explain_plan": {"Plan": {"Node Type": "Aggregate", "Strategy": "Plain", "Startup Cost": 1813598.15, "Total Cost": 1813598.16, "Plan Rows": 1, "Plan Width": 24, "Plans": [{"Node Type": "Bitmap Heap Scan", "Parent Relationship": "Outer", "Relation Name": "lineitem", "Alias": "lineitem", "Startup Cost": 380421.43, "Total Cost": 1807919.37, "Plan Rows": 1135757, "Plan Width": 16, "Recheck Cond": "((l_shipdate >= '1994-01-01 00:00:00'::timestamp(0) without time zone) AND (l_shipdate < '1995-01-01 00:00:00'::timestamp without time zone) AND (l_discount >= .05::double precision) AND (l_discount <= .07::double precision) AND (l_quantity < 24::double precision)), (LLVM Optimized)", "Plans": [{"Node Type": "Bitmap Index Scan", "Parent Relationship": "Outer", "Index Name": "idx_lineitem_shipdate", "Startup Cost": 0.0, "Total Cost": 380137.49, "Plan Rows": 1135757, "Plan Width": 0, "Index Cond": "((l_shipdate >= '1994-01-01 00:00:00'::timestamp(0) without time zone) AND (l_shipdate < '1995-01-01 00:00:00'::timestamp without time zone) AND (l_discount >= .05::double precision) AND (l_discount <= .07::double precision) AND (l_quantity < 24::double precision))"}]}]}, "Unique SQL Id": 4176715123, "Planner Runtime": 0}, "explain_analyze_plan": {"Plan": {"Node Type": "Aggregate", "Strategy": "Plain", "Startup Cost": 1813598.15, "Total Cost": 1813598.16, "Plan Rows": 1, "Plan Width": 24, "Actual Startup Time": 4431.086, "Actual Total Time": 4431.087, "Actual Rows": 1, "Actual Loops": 1, "Plans": [{"Node Type": "Bitmap Heap Scan", "Parent Relationship": "Outer", "Relation Name": "lineitem", "Alias": "lineitem", "Startup Cost": 380421.43, "Total Cost": 1807919.37, "Plan Rows": 1135757, "Plan Width": 16, "Actual Startup Time": 2128.259, "Actual Total Time": 4094.204, "Actual Rows": 1139264, "Actual Loops": 1, "Recheck Cond": "((l_shipdate >= '1994-01-01 00:00:00'::timestamp(0) without time zone) AND (l_shipdate < '1995-01-01 00:00:00'::timestamp without time zone) AND (l_discount >= .05::double precision) AND (l_discount <= .07::double precision) AND (l_quantity < 24::double precision)), (LLVM Optimized, Jit Execute)", "Rows Removed by Index Recheck": 0, "Exact Heap Blocks": 699048, "Lossy Heap Blocks": 699048, "Plans": [{"Node Type": "Bitmap Index Scan", "Parent Relationship": "Outer", "Index Name": "idx_lineitem_shipdate", "Startup Cost": 0.0, "Total Cost": 380137.49, "Plan Rows": 1135757, "Plan Width": 0, "Actual Startup Time": 1837.038, "Actual Total Time": 1837.038, "Actual Rows": 1139264, "Actual Loops": 1, "Index Cond": "((l_shipdate >= '1994-01-01 00:00:00'::timestamp(0) without time zone) AND (l_shipdate < '1995-01-01 00:00:00'::timestamp without time zone) AND (l_discount >= .05::double precision) AND (l_discount <= .07::double precision) AND (l_quantity < 24::double precision))"}]}]}, "Triggers": [], "Planner Runtime": 0, "Total Runtime": 4441.804, "Unique SQL Id": 4176715123}}, "(64, 22)": {"explain_plan": {"Plan": {"Node Type": "Aggregate", "Strategy": "Plain", "Startup Cost": 1813598.15, "Total Cost": 1813598.16, "Plan Rows": 1, "Plan Width": 24, "Plans": [{"Node Type": "Bitmap Heap Scan", "Parent Relationship": "Outer", "Relation Name": "lineitem", "Alias": "lineitem", "Startup Cost": 380421.43, "Total Cost": 1807919.37, "Plan Rows": 1135757, "Plan Width": 16, "Recheck Cond": "((l_shipdate >= '1994-01-01 00:00:00'::timestamp(0) without time zone) AND (l_shipdate < '1995-01-01 00:00:00'::timestamp without time zone) AND (l_discount >= .05::double precision) AND (l_discount <= .07::double precision) AND (l_quantity < 24::double precision)), (LLVM Optimized)", "Plans": [{"Node Type": "Bitmap Index Scan", "Parent Relationship": "Outer", "Index Name": "idx_lineitem_shipdate", "Startup Cost": 0.0, "Total Cost": 380137.49, "Plan Rows": 1135757, "Plan Width": 0, "Index Cond": "((l_shipdate >= '1994-01-01 00:00:00'::timestamp(0) without time zone) AND (l_shipdate < '1995-01-01 00:00:00'::timestamp without time zone) AND (l_discount >= .05::double precision) AND (l_discount <= .07::double precision) AND (l_quantity < 24::double precision))"}]}]}, "Unique SQL Id": 4176715123, "Planner Runtime": 0}, "explain_analyze_plan": {"Plan": {"Node Type": "Aggregate", "Strategy": "Plain", "Startup Cost": 1813598.15, "Total Cost": 1813598.16, "Plan Rows": 1, "Plan Width": 24, "Actual Startup Time": 4431.086, "Actual Total Time": 4431.087, "Actual Rows": 1, "Actual Loops": 1, "Plans": [{"Node Type": "Bitmap Heap Scan", "Parent Relationship": "Outer", "Relation Name": "lineitem", "Alias": "lineitem", "Startup Cost": 380421.43, "Total Cost": 1807919.37, "Plan Rows": 1135757, "Plan Width": 16, "Actual Startup Time": 2128.259, "Actual Total Time": 4094.204, "Actual Rows": 1139264, "Actual Loops": 1, "Recheck Cond": "((l_shipdate >= '1994-01-01 00:00:00'::timestamp(0) without time zone) AND (l_shipdate < '1995-01-01 00:00:00'::timestamp without time zone) AND (l_discount >= .05::double precision) AND (l_discount <= .07::double precision) AND (l_quantity < 24::double precision)), (LLVM Optimized, Jit Execute)", "Rows Removed by Index Recheck": 0, "Exact Heap Blocks": 699048, "Lossy Heap Blocks": 699048, "Plans": [{"Node Type": "Bitmap Index Scan", "Parent Relationship": "Outer", "Index Name": "idx_lineitem_shipdate", "Startup Cost": 0.0, "Total Cost": 380137.49, "Plan Rows": 1135757, "Plan Width": 0, "Actual Startup Time": 1837.038, "Actual Total Time": 1837.038, "Actual Rows": 1139264, "Actual Loops": 1, "Index Cond": "((l_shipdate >= '1994-01-01 00:00:00'::timestamp(0) without time zone) AND (l_shipdate < '1995-01-01 00:00:00'::timestamp without time zone) AND (l_discount >= .05::double precision) AND (l_discount <= .07::double precision) AND (l_quantity < 24::double precision))"}]}]}, "Triggers": [], "Planner Runtime": 0, "Total Runtime": 4441.804, "Unique SQL Id": 4176715123}}, "(64, 23)": {"explain_plan": {"Plan": {"Node Type": "Aggregate", "Strategy": "Plain", "Startup Cost": 1813598.15, "Total Cost": 1813598.16, "Plan Rows": 1, "Plan Width": 24, "Plans": [{"Node Type": "Bitmap Heap Scan", "Parent Relationship": "Outer", "Relation Name": "lineitem", "Alias": "lineitem", "Startup Cost": 380421.43, "Total Cost": 1807919.37, "Plan Rows": 1135757, "Plan Width": 16, "Recheck Cond": "((l_shipdate >= '1994-01-01 00:00:00'::timestamp(0) without time zone) AND (l_shipdate < '1995-01-01 00:00:00'::timestamp without time zone) AND (l_discount >= .05::double precision) AND (l_discount <= .07::double precision) AND (l_quantity < 24::double precision)), (LLVM Optimized)", "Plans": [{"Node Type": "Bitmap Index Scan", "Parent Relationship": "Outer", "Index Name": "idx_lineitem_shipdate", "Startup Cost": 0.0, "Total Cost": 380137.49, "Plan Rows": 1135757, "Plan Width": 0, "Index Cond": "((l_shipdate >= '1994-01-01 00:00:00'::timestamp(0) without time zone) AND (l_shipdate < '1995-01-01 00:00:00'::timestamp without time zone) AND (l_discount >= .05::double precision) AND (l_discount <= .07::double precision) AND (l_quantity < 24::double precision))"}]}]}, "Unique SQL Id": 4176715123, "Planner Runtime": 0}, "explain_analyze_plan": {"Plan": {"Node Type": "Aggregate", "Strategy": "Plain", "Startup Cost": 1813598.15, "Total Cost": 1813598.16, "Plan Rows": 1, "Plan Width": 24, "Actual Startup Time": 4431.086, "Actual Total Time": 4431.087, "Actual Rows": 1, "Actual Loops": 1, "Plans": [{"Node Type": "Bitmap Heap Scan", "Parent Relationship": "Outer", "Relation Name": "lineitem", "Alias": "lineitem", "Startup Cost": 380421.43, "Total Cost": 1807919.37, "Plan Rows": 1135757, "Plan Width": 16, "Actual Startup Time": 2128.259, "Actual Total Time": 4094.204, "Actual Rows": 1139264, "Actual Loops": 1, "Recheck Cond": "((l_shipdate >= '1994-01-01 00:00:00'::timestamp(0) without time zone) AND (l_shipdate < '1995-01-01 00:00:00'::timestamp without time zone) AND (l_discount >= .05::double precision) AND (l_discount <= .07::double precision) AND (l_quantity < 24::double precision)), (LLVM Optimized, Jit Execute)", "Rows Removed by Index Recheck": 0, "Exact Heap Blocks": 699048, "Lossy Heap Blocks": 699048, "Plans": [{"Node Type": "Bitmap Index Scan", "Parent Relationship": "Outer", "Index Name": "idx_lineitem_shipdate", "Startup Cost": 0.0, "Total Cost": 380137.49, "Plan Rows": 1135757, "Plan Width": 0, "Actual Startup Time": 1837.038, "Actual Total Time": 1837.038, "Actual Rows": 1139264, "Actual Loops": 1, "Index Cond": "((l_shipdate >= '1994-01-01 00:00:00'::timestamp(0) without time zone) AND (l_shipdate < '1995-01-01 00:00:00'::timestamp without time zone) AND (l_discount >= .05::double precision) AND (l_discount <= .07::double precision) AND (l_quantity < 24::double precision))"}]}]}, "Triggers": [], "Planner Runtime": 0, "Total Runtime": 4441.804, "Unique SQL Id": 4176715123}}, "(64, 24)": {"explain_plan": {"Plan": {"Node Type": "Aggregate", "Strategy": "Plain", "Startup Cost": 2770632.03, "Total Cost": 2770632.04, "Plan Rows": 1, "Plan Width": 24, "Plans": [{"Node Type": "Seq Scan", "Parent Relationship": "Outer", "Relation Name": "lineitem", "Alias": "lineitem", "Startup Cost": 110942.73, "Total Cost": 2764953.24, "Plan Rows": 1135757, "Plan Width": 16, "Filter": "((l_shipdate >= '1994-01-01 00:00:00'::timestamp(0) without time zone) AND (l_shipdate < '1995-01-01 00:00:00'::timestamp without time zone) AND (l_discount >= .05::double precision) AND (l_discount <= .07::double precision) AND (l_quantity < 24::double precision)), (LLVM Optimized)"}]}, "Unique SQL Id": 4176715123, "Planner Runtime": 0}, "explain_analyze_plan": null}, "(64, 25)": {"explain_plan": {"Plan": {"Node Type": "Aggregate", "Strategy": "Plain", "Startup Cost": 3639281.83, "Total Cost": 3639281.84, "Plan Rows": 1, "Plan Width": 24, "Plans": [{"Node Type": "Index Scan", "Parent Relationship": "Outer", "Scan Direction": "Forward", "Index Name": "idx_lineitem_shipdate", "Relation Name": "lineitem", "Alias": "lineitem", "Startup Cost": 0.0, "Total Cost": 3633603.05, "Plan Rows": 1135757, "Plan Width": 16, "Index Cond": "((l_shipdate >= '1994-01-01 00:00:00'::timestamp(0) without time zone) AND (l_shipdate < '1995-01-01 00:00:00'::timestamp without time zone) AND (l_discount >= .05::double precision) AND (l_discount <= .07::double precision) AND (l_quantity < 24::double precision)), (LLVM Optimized)"}]}, "Unique SQL Id": 4176715123, "Planner Runtime": 0}, "explain_analyze_plan": {"Plan": {"Node Type": "Aggregate", "Strategy": "Plain", "Startup Cost": 3639281.83, "Total Cost": 3639281.84, "Plan Rows": 1, "Plan Width": 24, "Actual Startup Time": 4547.635, "Actual Total Time": 4547.636, "Actual Rows": 1, "Actual Loops": 1, "Plans": [{"Node Type": "Index Scan", "Parent Relationship": "Outer", "Scan Direction": "Forward", "Index Name": "idx_lineitem_shipdate", "Relation Name": "lineitem", "Alias": "lineitem", "Startup Cost": 0.0, "Total Cost": 3633603.05, "Plan Rows": 1135757, "Plan Width": 16, "Actual Startup Time": 0.072, "Actual Total Time": 4197.463, "Actual Rows": 1139264, "Actual Loops": 1, "Index Cond": "((l_shipdate >= '1994-01-01 00:00:00'::timestamp(0) without time zone) AND (l_shipdate < '1995-01-01 00:00:00'::timestamp without time zone) AND (l_discount >= .05::double precision) AND (l_discount <= .07::double precision) AND (l_quantity < 24::double precision)), (LLVM Optimized, Jit Execute)", "Rows Removed by Index Recheck": 0}]}, "Triggers": [], "Planner Runtime": 0, "Total Runtime": 4557.557, "Unique SQL Id": 4176715123}}, "(64, 26)": {"explain_plan": {"Plan": {"Node Type": "Aggregate", "Strategy": "Plain", "Startup Cost": 2770632.03, "Total Cost": 2770632.04, "Plan Rows": 1, "Plan Width": 24, "Plans": [{"Node Type": "Seq Scan", "Parent Relationship": "Outer", "Relation Name": "lineitem", "Alias": "lineitem", "Startup Cost": 110942.73, "Total Cost": 2764953.24, "Plan Rows": 1135757, "Plan Width": 16, "Filter": "((l_shipdate >= '1994-01-01 00:00:00'::timestamp(0) without time zone) AND (l_shipdate < '1995-01-01 00:00:00'::timestamp without time zone) AND (l_discount >= .05::double precision) AND (l_discount <= .07::double precision) AND (l_quantity < 24::double precision)), (LLVM Optimized)"}]}, "Unique SQL Id": 4176715123, "Planner Runtime": 0}, "explain_analyze_plan": null}, "(64, 27)": {"explain_plan": {"Plan": {"Node Type": "Aggregate", "Strategy": "Plain", "Startup Cost": 1000276501003.04, "Total Cost": 1000276501003.05, "Plan Rows": 1, "Plan Width": 24, "Plans": [{"Node Type": "Seq Scan", "Parent Relationship": "Outer", "Relation Name": "lineitem", "Alias": "lineitem", "Startup Cost": 10000109520.02, "Total Cost": 1000276495324.25, "Plan Rows": 1135757, "Plan Width": 16, "Filter": "((l_shipdate >= '1994-01-01 00:00:00'::timestamp(0) without time zone) AND (l_shipdate < '1995-01-01 00:00:00'::timestamp without time zone) AND (l_discount >= .05::double precision) AND (l_discount <= .07::double precision) AND (l_quantity < 24::double precision)), (LLVM Optimized)"}]}, "Unique SQL Id": 4176715123, "Planner Runtime": 0}, "explain_analyze_plan": null}, "(64, 28)": {"explain_plan": {"Plan": {"Node Type": "Aggregate", "Strategy": "Plain", "Startup Cost": 2770632.03, "Total Cost": 2770632.04, "Plan Rows": 1, "Plan Width": 24, "Plans": [{"Node Type": "Seq Scan", "Parent Relationship": "Outer", "Relation Name": "lineitem", "Alias": "lineitem", "Startup Cost": 110942.73, "Total Cost": 2764953.24, "Plan Rows": 1135757, "Plan Width": 16, "Filter": "((l_shipdate >= '1994-01-01 00:00:00'::timestamp(0) without time zone) AND (l_shipdate < '1995-01-01 00:00:00'::timestamp without time zone) AND (l_discount >= .05::double precision) AND (l_discount <= .07::double precision) AND (l_quantity < 24::double precision)), (LLVM Optimized)"}]}, "Unique SQL Id": 4176715123, "Planner Runtime": 0}, "explain_analyze_plan": null}, "(64, 29)": {"explain_plan": {"Plan": {"Node Type": "Aggregate", "Strategy": "Plain", "Startup Cost": 3639281.83, "Total Cost": 3639281.84, "Plan Rows": 1, "Plan Width": 24, "Plans": [{"Node Type": "Index Scan", "Parent Relationship": "Outer", "Scan Direction": "Forward", "Index Name": "idx_lineitem_shipdate", "Relation Name": "lineitem", "Alias": "lineitem", "Startup Cost": 0.0, "Total Cost": 3633603.05, "Plan Rows": 1135757, "Plan Width": 16, "Index Cond": "((l_shipdate >= '1994-01-01 00:00:00'::timestamp(0) without time zone) AND (l_shipdate < '1995-01-01 00:00:00'::timestamp without time zone) AND (l_discount >= .05::double precision) AND (l_discount <= .07::double precision) AND (l_quantity < 24::double precision)), (LLVM Optimized)"}]}, "Unique SQL Id": 4176715123, "Planner Runtime": 0}, "explain_analyze_plan": {"Plan": {"Node Type": "Aggregate", "Strategy": "Plain", "Startup Cost": 3639281.83, "Total Cost": 3639281.84, "Plan Rows": 1, "Plan Width": 24, "Actual Startup Time": 4547.635, "Actual Total Time": 4547.636, "Actual Rows": 1, "Actual Loops": 1, "Plans": [{"Node Type": "Index Scan", "Parent Relationship": "Outer", "Scan Direction": "Forward", "Index Name": "idx_lineitem_shipdate", "Relation Name": "lineitem", "Alias": "lineitem", "Startup Cost": 0.0, "Total Cost": 3633603.05, "Plan Rows": 1135757, "Plan Width": 16, "Actual Startup Time": 0.072, "Actual Total Time": 4197.463, "Actual Rows": 1139264, "Actual Loops": 1, "Index Cond": "((l_shipdate >= '1994-01-01 00:00:00'::timestamp(0) without time zone) AND (l_shipdate < '1995-01-01 00:00:00'::timestamp without time zone) AND (l_discount >= .05::double precision) AND (l_discount <= .07::double precision) AND (l_quantity < 24::double precision)), (LLVM Optimized, Jit Execute)", "Rows Removed by Index Recheck": 0}]}, "Triggers": [], "Planner Runtime": 0, "Total Runtime": 4557.557, "Unique SQL Id": 4176715123}}, "(64, 30)": {"explain_plan": {"Plan": {"Node Type": "Aggregate", "Strategy": "Plain", "Startup Cost": 2770632.03, "Total Cost": 2770632.04, "Plan Rows": 1, "Plan Width": 24, "Plans": [{"Node Type": "Seq Scan", "Parent Relationship": "Outer", "Relation Name": "lineitem", "Alias": "lineitem", "Startup Cost": 110942.73, "Total Cost": 2764953.24, "Plan Rows": 1135757, "Plan Width": 16, "Filter": "((l_shipdate >= '1994-01-01 00:00:00'::timestamp(0) without time zone) AND (l_shipdate < '1995-01-01 00:00:00'::timestamp without time zone) AND (l_discount >= .05::double precision) AND (l_discount <= .07::double precision) AND (l_quantity < 24::double precision)), (LLVM Optimized)"}]}, "Unique SQL Id": 4176715123, "Planner Runtime": 0}, "explain_analyze_plan": null}, "(64, 31)": {"explain_plan": {"Plan": {"Node Type": "Aggregate", "Strategy": "Plain", "Startup Cost": 1000276501003.04, "Total Cost": 1000276501003.05, "Plan Rows": 1, "Plan Width": 24, "Plans": [{"Node Type": "Seq Scan", "Parent Relationship": "Outer", "Relation Name": "lineitem", "Alias": "lineitem", "Startup Cost": 10000109520.02, "Total Cost": 1000276495324.25, "Plan Rows": 1135757, "Plan Width": 16, "Filter": "((l_shipdate >= '1994-01-01 00:00:00'::timestamp(0) without time zone) AND (l_shipdate < '1995-01-01 00:00:00'::timestamp without time zone) AND (l_discount >= .05::double precision) AND (l_discount <= .07::double precision) AND (l_quantity < 24::double precision)), (LLVM Optimized)"}]}, "Unique SQL Id": 4176715123, "Planner Runtime": 0}, "explain_analyze_plan": null}, "(64, 32)": {"explain_plan": {"Plan": {"Node Type": "Aggregate", "Strategy": "Plain", "Startup Cost": 1813598.15, "Total Cost": 1813598.16, "Plan Rows": 1, "Plan Width": 24, "Plans": [{"Node Type": "Bitmap Heap Scan", "Parent Relationship": "Outer", "Relation Name": "lineitem", "Alias": "lineitem", "Startup Cost": 380421.43, "Total Cost": 1807919.37, "Plan Rows": 1135757, "Plan Width": 16, "Recheck Cond": "((l_shipdate >= '1994-01-01 00:00:00'::timestamp(0) without time zone) AND (l_shipdate < '1995-01-01 00:00:00'::timestamp without time zone) AND (l_discount >= .05::double precision) AND (l_discount <= .07::double precision) AND (l_quantity < 24::double precision)), (LLVM Optimized)", "Plans": [{"Node Type": "Bitmap Index Scan", "Parent Relationship": "Outer", "Index Name": "idx_lineitem_shipdate", "Startup Cost": 0.0, "Total Cost": 380137.49, "Plan Rows": 1135757, "Plan Width": 0, "Index Cond": "((l_shipdate >= '1994-01-01 00:00:00'::timestamp(0) without time zone) AND (l_shipdate < '1995-01-01 00:00:00'::timestamp without time zone) AND (l_discount >= .05::double precision) AND (l_discount <= .07::double precision) AND (l_quantity < 24::double precision))"}]}]}, "Unique SQL Id": 4176715123, "Planner Runtime": 0}, "explain_analyze_plan": {"Plan": {"Node Type": "Aggregate", "Strategy": "Plain", "Startup Cost": 1813598.15, "Total Cost": 1813598.16, "Plan Rows": 1, "Plan Width": 24, "Actual Startup Time": 4431.086, "Actual Total Time": 4431.087, "Actual Rows": 1, "Actual Loops": 1, "Plans": [{"Node Type": "Bitmap Heap Scan", "Parent Relationship": "Outer", "Relation Name": "lineitem", "Alias": "lineitem", "Startup Cost": 380421.43, "Total Cost": 1807919.37, "Plan Rows": 1135757, "Plan Width": 16, "Actual Startup Time": 2128.259, "Actual Total Time": 4094.204, "Actual Rows": 1139264, "Actual Loops": 1, "Recheck Cond": "((l_shipdate >= '1994-01-01 00:00:00'::timestamp(0) without time zone) AND (l_shipdate < '1995-01-01 00:00:00'::timestamp without time zone) AND (l_discount >= .05::double precision) AND (l_discount <= .07::double precision) AND (l_quantity < 24::double precision)), (LLVM Optimized, Jit Execute)", "Rows Removed by Index Recheck": 0, "Exact Heap Blocks": 699048, "Lossy Heap Blocks": 699048, "Plans": [{"Node Type": "Bitmap Index Scan", "Parent Relationship": "Outer", "Index Name": "idx_lineitem_shipdate", "Startup Cost": 0.0, "Total Cost": 380137.49, "Plan Rows": 1135757, "Plan Width": 0, "Actual Startup Time": 1837.038, "Actual Total Time": 1837.038, "Actual Rows": 1139264, "Actual Loops": 1, "Index Cond": "((l_shipdate >= '1994-01-01 00:00:00'::timestamp(0) without time zone) AND (l_shipdate < '1995-01-01 00:00:00'::timestamp without time zone) AND (l_discount >= .05::double precision) AND (l_discount <= .07::double precision) AND (l_quantity < 24::double precision))"}]}]}, "Triggers": [], "Planner Runtime": 0, "Total Runtime": 4441.804, "Unique SQL Id": 4176715123}}, "(64, 33)": {"explain_plan": {"Plan": {"Node Type": "Aggregate", "Strategy": "Plain", "Startup Cost": 1813598.15, "Total Cost": 1813598.16, "Plan Rows": 1, "Plan Width": 24, "Plans": [{"Node Type": "Bitmap Heap Scan", "Parent Relationship": "Outer", "Relation Name": "lineitem", "Alias": "lineitem", "Startup Cost": 380421.43, "Total Cost": 1807919.37, "Plan Rows": 1135757, "Plan Width": 16, "Recheck Cond": "((l_shipdate >= '1994-01-01 00:00:00'::timestamp(0) without time zone) AND (l_shipdate < '1995-01-01 00:00:00'::timestamp without time zone) AND (l_discount >= .05::double precision) AND (l_discount <= .07::double precision) AND (l_quantity < 24::double precision)), (LLVM Optimized)", "Plans": [{"Node Type": "Bitmap Index Scan", "Parent Relationship": "Outer", "Index Name": "idx_lineitem_shipdate", "Startup Cost": 0.0, "Total Cost": 380137.49, "Plan Rows": 1135757, "Plan Width": 0, "Index Cond": "((l_shipdate >= '1994-01-01 00:00:00'::timestamp(0) without time zone) AND (l_shipdate < '1995-01-01 00:00:00'::timestamp without time zone) AND (l_discount >= .05::double precision) AND (l_discount <= .07::double precision) AND (l_quantity < 24::double precision))"}]}]}, "Unique SQL Id": 4176715123, "Planner Runtime": 0}, "explain_analyze_plan": {"Plan": {"Node Type": "Aggregate", "Strategy": "Plain", "Startup Cost": 1813598.15, "Total Cost": 1813598.16, "Plan Rows": 1, "Plan Width": 24, "Actual Startup Time": 4431.086, "Actual Total Time": 4431.087, "Actual Rows": 1, "Actual Loops": 1, "Plans": [{"Node Type": "Bitmap Heap Scan", "Parent Relationship": "Outer", "Relation Name": "lineitem", "Alias": "lineitem", "Startup Cost": 380421.43, "Total Cost": 1807919.37, "Plan Rows": 1135757, "Plan Width": 16, "Actual Startup Time": 2128.259, "Actual Total Time": 4094.204, "Actual Rows": 1139264, "Actual Loops": 1, "Recheck Cond": "((l_shipdate >= '1994-01-01 00:00:00'::timestamp(0) without time zone) AND (l_shipdate < '1995-01-01 00:00:00'::timestamp without time zone) AND (l_discount >= .05::double precision) AND (l_discount <= .07::double precision) AND (l_quantity < 24::double precision)), (LLVM Optimized, Jit Execute)", "Rows Removed by Index Recheck": 0, "Exact Heap Blocks": 699048, "Lossy Heap Blocks": 699048, "Plans": [{"Node Type": "Bitmap Index Scan", "Parent Relationship": "Outer", "Index Name": "idx_lineitem_shipdate", "Startup Cost": 0.0, "Total Cost": 380137.49, "Plan Rows": 1135757, "Plan Width": 0, "Actual Startup Time": 1837.038, "Actual Total Time": 1837.038, "Actual Rows": 1139264, "Actual Loops": 1, "Index Cond": "((l_shipdate >= '1994-01-01 00:00:00'::timestamp(0) without time zone) AND (l_shipdate < '1995-01-01 00:00:00'::timestamp without time zone) AND (l_discount >= .05::double precision) AND (l_discount <= .07::double precision) AND (l_quantity < 24::double precision))"}]}]}, "Triggers": [], "Planner Runtime": 0, "Total Runtime": 4441.804, "Unique SQL Id": 4176715123}}, "(64, 34)": {"explain_plan": {"Plan": {"Node Type": "Aggregate", "Strategy": "Plain", "Startup Cost": 1813598.15, "Total Cost": 1813598.16, "Plan Rows": 1, "Plan Width": 24, "Plans": [{"Node Type": "Bitmap Heap Scan", "Parent Relationship": "Outer", "Relation Name": "lineitem", "Alias": "lineitem", "Startup Cost": 380421.43, "Total Cost": 1807919.37, "Plan Rows": 1135757, "Plan Width": 16, "Recheck Cond": "((l_shipdate >= '1994-01-01 00:00:00'::timestamp(0) without time zone) AND (l_shipdate < '1995-01-01 00:00:00'::timestamp without time zone) AND (l_discount >= .05::double precision) AND (l_discount <= .07::double precision) AND (l_quantity < 24::double precision)), (LLVM Optimized)", "Plans": [{"Node Type": "Bitmap Index Scan", "Parent Relationship": "Outer", "Index Name": "idx_lineitem_shipdate", "Startup Cost": 0.0, "Total Cost": 380137.49, "Plan Rows": 1135757, "Plan Width": 0, "Index Cond": "((l_shipdate >= '1994-01-01 00:00:00'::timestamp(0) without time zone) AND (l_shipdate < '1995-01-01 00:00:00'::timestamp without time zone) AND (l_discount >= .05::double precision) AND (l_discount <= .07::double precision) AND (l_quantity < 24::double precision))"}]}]}, "Unique SQL Id": 4176715123, "Planner Runtime": 0}, "explain_analyze_plan": {"Plan": {"Node Type": "Aggregate", "Strategy": "Plain", "Startup Cost": 1813598.15, "Total Cost": 1813598.16, "Plan Rows": 1, "Plan Width": 24, "Actual Startup Time": 4431.086, "Actual Total Time": 4431.087, "Actual Rows": 1, "Actual Loops": 1, "Plans": [{"Node Type": "Bitmap Heap Scan", "Parent Relationship": "Outer", "Relation Name": "lineitem", "Alias": "lineitem", "Startup Cost": 380421.43, "Total Cost": 1807919.37, "Plan Rows": 1135757, "Plan Width": 16, "Actual Startup Time": 2128.259, "Actual Total Time": 4094.204, "Actual Rows": 1139264, "Actual Loops": 1, "Recheck Cond": "((l_shipdate >= '1994-01-01 00:00:00'::timestamp(0) without time zone) AND (l_shipdate < '1995-01-01 00:00:00'::timestamp without time zone) AND (l_discount >= .05::double precision) AND (l_discount <= .07::double precision) AND (l_quantity < 24::double precision)), (LLVM Optimized, Jit Execute)", "Rows Removed by Index Recheck": 0, "Exact Heap Blocks": 699048, "Lossy Heap Blocks": 699048, "Plans": [{"Node Type": "Bitmap Index Scan", "Parent Relationship": "Outer", "Index Name": "idx_lineitem_shipdate", "Startup Cost": 0.0, "Total Cost": 380137.49, "Plan Rows": 1135757, "Plan Width": 0, "Actual Startup Time": 1837.038, "Actual Total Time": 1837.038, "Actual Rows": 1139264, "Actual Loops": 1, "Index Cond": "((l_shipdate >= '1994-01-01 00:00:00'::timestamp(0) without time zone) AND (l_shipdate < '1995-01-01 00:00:00'::timestamp without time zone) AND (l_discount >= .05::double precision) AND (l_discount <= .07::double precision) AND (l_quantity < 24::double precision))"}]}]}, "Triggers": [], "Planner Runtime": 0, "Total Runtime": 4441.804, "Unique SQL Id": 4176715123}}, "(64, 35)": {"explain_plan": {"Plan": {"Node Type": "Aggregate", "Strategy": "Plain", "Startup Cost": 1813598.15, "Total Cost": 1813598.16, "Plan Rows": 1, "Plan Width": 24, "Plans": [{"Node Type": "Bitmap Heap Scan", "Parent Relationship": "Outer", "Relation Name": "lineitem", "Alias": "lineitem", "Startup Cost": 380421.43, "Total Cost": 1807919.37, "Plan Rows": 1135757, "Plan Width": 16, "Recheck Cond": "((l_shipdate >= '1994-01-01 00:00:00'::timestamp(0) without time zone) AND (l_shipdate < '1995-01-01 00:00:00'::timestamp without time zone) AND (l_discount >= .05::double precision) AND (l_discount <= .07::double precision) AND (l_quantity < 24::double precision)), (LLVM Optimized)", "Plans": [{"Node Type": "Bitmap Index Scan", "Parent Relationship": "Outer", "Index Name": "idx_lineitem_shipdate", "Startup Cost": 0.0, "Total Cost": 380137.49, "Plan Rows": 1135757, "Plan Width": 0, "Index Cond": "((l_shipdate >= '1994-01-01 00:00:00'::timestamp(0) without time zone) AND (l_shipdate < '1995-01-01 00:00:00'::timestamp without time zone) AND (l_discount >= .05::double precision) AND (l_discount <= .07::double precision) AND (l_quantity < 24::double precision))"}]}]}, "Unique SQL Id": 4176715123, "Planner Runtime": 0}, "explain_analyze_plan": {"Plan": {"Node Type": "Aggregate", "Strategy": "Plain", "Startup Cost": 1813598.15, "Total Cost": 1813598.16, "Plan Rows": 1, "Plan Width": 24, "Actual Startup Time": 4431.086, "Actual Total Time": 4431.087, "Actual Rows": 1, "Actual Loops": 1, "Plans": [{"Node Type": "Bitmap Heap Scan", "Parent Relationship": "Outer", "Relation Name": "lineitem", "Alias": "lineitem", "Startup Cost": 380421.43, "Total Cost": 1807919.37, "Plan Rows": 1135757, "Plan Width": 16, "Actual Startup Time": 2128.259, "Actual Total Time": 4094.204, "Actual Rows": 1139264, "Actual Loops": 1, "Recheck Cond": "((l_shipdate >= '1994-01-01 00:00:00'::timestamp(0) without time zone) AND (l_shipdate < '1995-01-01 00:00:00'::timestamp without time zone) AND (l_discount >= .05::double precision) AND (l_discount <= .07::double precision) AND (l_quantity < 24::double precision)), (LLVM Optimized, Jit Execute)", "Rows Removed by Index Recheck": 0, "Exact Heap Blocks": 699048, "Lossy Heap Blocks": 699048, "Plans": [{"Node Type": "Bitmap Index Scan", "Parent Relationship": "Outer", "Index Name": "idx_lineitem_shipdate", "Startup Cost": 0.0, "Total Cost": 380137.49, "Plan Rows": 1135757, "Plan Width": 0, "Actual Startup Time": 1837.038, "Actual Total Time": 1837.038, "Actual Rows": 1139264, "Actual Loops": 1, "Index Cond": "((l_shipdate >= '1994-01-01 00:00:00'::timestamp(0) without time zone) AND (l_shipdate < '1995-01-01 00:00:00'::timestamp without time zone) AND (l_discount >= .05::double precision) AND (l_discount <= .07::double precision) AND (l_quantity < 24::double precision))"}]}]}, "Triggers": [], "Planner Runtime": 0, "Total Runtime": 4441.804, "Unique SQL Id": 4176715123}}, "(64, 36)": {"explain_plan": {"Plan": {"Node Type": "Aggregate", "Strategy": "Plain", "Startup Cost": 1813598.15, "Total Cost": 1813598.16, "Plan Rows": 1, "Plan Width": 24, "Plans": [{"Node Type": "Bitmap Heap Scan", "Parent Relationship": "Outer", "Relation Name": "lineitem", "Alias": "lineitem", "Startup Cost": 380421.43, "Total Cost": 1807919.37, "Plan Rows": 1135757, "Plan Width": 16, "Recheck Cond": "((l_shipdate >= '1994-01-01 00:00:00'::timestamp(0) without time zone) AND (l_shipdate < '1995-01-01 00:00:00'::timestamp without time zone) AND (l_discount >= .05::double precision) AND (l_discount <= .07::double precision) AND (l_quantity < 24::double precision)), (LLVM Optimized)", "Plans": [{"Node Type": "Bitmap Index Scan", "Parent Relationship": "Outer", "Index Name": "idx_lineitem_shipdate", "Startup Cost": 0.0, "Total Cost": 380137.49, "Plan Rows": 1135757, "Plan Width": 0, "Index Cond": "((l_shipdate >= '1994-01-01 00:00:00'::timestamp(0) without time zone) AND (l_shipdate < '1995-01-01 00:00:00'::timestamp without time zone) AND (l_discount >= .05::double precision) AND (l_discount <= .07::double precision) AND (l_quantity < 24::double precision))"}]}]}, "Unique SQL Id": 4176715123, "Planner Runtime": 0}, "explain_analyze_plan": {"Plan": {"Node Type": "Aggregate", "Strategy": "Plain", "Startup Cost": 1813598.15, "Total Cost": 1813598.16, "Plan Rows": 1, "Plan Width": 24, "Actual Startup Time": 4431.086, "Actual Total Time": 4431.087, "Actual Rows": 1, "Actual Loops": 1, "Plans": [{"Node Type": "Bitmap Heap Scan", "Parent Relationship": "Outer", "Relation Name": "lineitem", "Alias": "lineitem", "Startup Cost": 380421.43, "Total Cost": 1807919.37, "Plan Rows": 1135757, "Plan Width": 16, "Actual Startup Time": 2128.259, "Actual Total Time": 4094.204, "Actual Rows": 1139264, "Actual Loops": 1, "Recheck Cond": "((l_shipdate >= '1994-01-01 00:00:00'::timestamp(0) without time zone) AND (l_shipdate < '1995-01-01 00:00:00'::timestamp without time zone) AND (l_discount >= .05::double precision) AND (l_discount <= .07::double precision) AND (l_quantity < 24::double precision)), (LLVM Optimized, Jit Execute)", "Rows Removed by Index Recheck": 0, "Exact Heap Blocks": 699048, "Lossy Heap Blocks": 699048, "Plans": [{"Node Type": "Bitmap Index Scan", "Parent Relationship": "Outer", "Index Name": "idx_lineitem_shipdate", "Startup Cost": 0.0, "Total Cost": 380137.49, "Plan Rows": 1135757, "Plan Width": 0, "Actual Startup Time": 1837.038, "Actual Total Time": 1837.038, "Actual Rows": 1139264, "Actual Loops": 1, "Index Cond": "((l_shipdate >= '1994-01-01 00:00:00'::timestamp(0) without time zone) AND (l_shipdate < '1995-01-01 00:00:00'::timestamp without time zone) AND (l_discount >= .05::double precision) AND (l_discount <= .07::double precision) AND (l_quantity < 24::double precision))"}]}]}, "Triggers": [], "Planner Runtime": 0, "Total Runtime": 4441.804, "Unique SQL Id": 4176715123}}, "(64, 37)": {"explain_plan": {"Plan": {"Node Type": "Aggregate", "Strategy": "Plain", "Startup Cost": 1813598.15, "Total Cost": 1813598.16, "Plan Rows": 1, "Plan Width": 24, "Plans": [{"Node Type": "Bitmap Heap Scan", "Parent Relationship": "Outer", "Relation Name": "lineitem", "Alias": "lineitem", "Startup Cost": 380421.43, "Total Cost": 1807919.37, "Plan Rows": 1135757, "Plan Width": 16, "Recheck Cond": "((l_shipdate >= '1994-01-01 00:00:00'::timestamp(0) without time zone) AND (l_shipdate < '1995-01-01 00:00:00'::timestamp without time zone) AND (l_discount >= .05::double precision) AND (l_discount <= .07::double precision) AND (l_quantity < 24::double precision)), (LLVM Optimized)", "Plans": [{"Node Type": "Bitmap Index Scan", "Parent Relationship": "Outer", "Index Name": "idx_lineitem_shipdate", "Startup Cost": 0.0, "Total Cost": 380137.49, "Plan Rows": 1135757, "Plan Width": 0, "Index Cond": "((l_shipdate >= '1994-01-01 00:00:00'::timestamp(0) without time zone) AND (l_shipdate < '1995-01-01 00:00:00'::timestamp without time zone) AND (l_discount >= .05::double precision) AND (l_discount <= .07::double precision) AND (l_quantity < 24::double precision))"}]}]}, "Unique SQL Id": 4176715123, "Planner Runtime": 0}, "explain_analyze_plan": {"Plan": {"Node Type": "Aggregate", "Strategy": "Plain", "Startup Cost": 1813598.15, "Total Cost": 1813598.16, "Plan Rows": 1, "Plan Width": 24, "Actual Startup Time": 4431.086, "Actual Total Time": 4431.087, "Actual Rows": 1, "Actual Loops": 1, "Plans": [{"Node Type": "Bitmap Heap Scan", "Parent Relationship": "Outer", "Relation Name": "lineitem", "Alias": "lineitem", "Startup Cost": 380421.43, "Total Cost": 1807919.37, "Plan Rows": 1135757, "Plan Width": 16, "Actual Startup Time": 2128.259, "Actual Total Time": 4094.204, "Actual Rows": 1139264, "Actual Loops": 1, "Recheck Cond": "((l_shipdate >= '1994-01-01 00:00:00'::timestamp(0) without time zone) AND (l_shipdate < '1995-01-01 00:00:00'::timestamp without time zone) AND (l_discount >= .05::double precision) AND (l_discount <= .07::double precision) AND (l_quantity < 24::double precision)), (LLVM Optimized, Jit Execute)", "Rows Removed by Index Recheck": 0, "Exact Heap Blocks": 699048, "Lossy Heap Blocks": 699048, "Plans": [{"Node Type": "Bitmap Index Scan", "Parent Relationship": "Outer", "Index Name": "idx_lineitem_shipdate", "Startup Cost": 0.0, "Total Cost": 380137.49, "Plan Rows": 1135757, "Plan Width": 0, "Actual Startup Time": 1837.038, "Actual Total Time": 1837.038, "Actual Rows": 1139264, "Actual Loops": 1, "Index Cond": "((l_shipdate >= '1994-01-01 00:00:00'::timestamp(0) without time zone) AND (l_shipdate < '1995-01-01 00:00:00'::timestamp without time zone) AND (l_discount >= .05::double precision) AND (l_discount <= .07::double precision) AND (l_quantity < 24::double precision))"}]}]}, "Triggers": [], "Planner Runtime": 0, "Total Runtime": 4441.804, "Unique SQL Id": 4176715123}}, "(64, 38)": {"explain_plan": {"Plan": {"Node Type": "Aggregate", "Strategy": "Plain", "Startup Cost": 1813598.15, "Total Cost": 1813598.16, "Plan Rows": 1, "Plan Width": 24, "Plans": [{"Node Type": "Bitmap Heap Scan", "Parent Relationship": "Outer", "Relation Name": "lineitem", "Alias": "lineitem", "Startup Cost": 380421.43, "Total Cost": 1807919.37, "Plan Rows": 1135757, "Plan Width": 16, "Recheck Cond": "((l_shipdate >= '1994-01-01 00:00:00'::timestamp(0) without time zone) AND (l_shipdate < '1995-01-01 00:00:00'::timestamp without time zone) AND (l_discount >= .05::double precision) AND (l_discount <= .07::double precision) AND (l_quantity < 24::double precision)), (LLVM Optimized)", "Plans": [{"Node Type": "Bitmap Index Scan", "Parent Relationship": "Outer", "Index Name": "idx_lineitem_shipdate", "Startup Cost": 0.0, "Total Cost": 380137.49, "Plan Rows": 1135757, "Plan Width": 0, "Index Cond": "((l_shipdate >= '1994-01-01 00:00:00'::timestamp(0) without time zone) AND (l_shipdate < '1995-01-01 00:00:00'::timestamp without time zone) AND (l_discount >= .05::double precision) AND (l_discount <= .07::double precision) AND (l_quantity < 24::double precision))"}]}]}, "Unique SQL Id": 4176715123, "Planner Runtime": 0}, "explain_analyze_plan": {"Plan": {"Node Type": "Aggregate", "Strategy": "Plain", "Startup Cost": 1813598.15, "Total Cost": 1813598.16, "Plan Rows": 1, "Plan Width": 24, "Actual Startup Time": 4431.086, "Actual Total Time": 4431.087, "Actual Rows": 1, "Actual Loops": 1, "Plans": [{"Node Type": "Bitmap Heap Scan", "Parent Relationship": "Outer", "Relation Name": "lineitem", "Alias": "lineitem", "Startup Cost": 380421.43, "Total Cost": 1807919.37, "Plan Rows": 1135757, "Plan Width": 16, "Actual Startup Time": 2128.259, "Actual Total Time": 4094.204, "Actual Rows": 1139264, "Actual Loops": 1, "Recheck Cond": "((l_shipdate >= '1994-01-01 00:00:00'::timestamp(0) without time zone) AND (l_shipdate < '1995-01-01 00:00:00'::timestamp without time zone) AND (l_discount >= .05::double precision) AND (l_discount <= .07::double precision) AND (l_quantity < 24::double precision)), (LLVM Optimized, Jit Execute)", "Rows Removed by Index Recheck": 0, "Exact Heap Blocks": 699048, "Lossy Heap Blocks": 699048, "Plans": [{"Node Type": "Bitmap Index Scan", "Parent Relationship": "Outer", "Index Name": "idx_lineitem_shipdate", "Startup Cost": 0.0, "Total Cost": 380137.49, "Plan Rows": 1135757, "Plan Width": 0, "Actual Startup Time": 1837.038, "Actual Total Time": 1837.038, "Actual Rows": 1139264, "Actual Loops": 1, "Index Cond": "((l_shipdate >= '1994-01-01 00:00:00'::timestamp(0) without time zone) AND (l_shipdate < '1995-01-01 00:00:00'::timestamp without time zone) AND (l_discount >= .05::double precision) AND (l_discount <= .07::double precision) AND (l_quantity < 24::double precision))"}]}]}, "Triggers": [], "Planner Runtime": 0, "Total Runtime": 4441.804, "Unique SQL Id": 4176715123}}, "(64, 39)": {"explain_plan": {"Plan": {"Node Type": "Aggregate", "Strategy": "Plain", "Startup Cost": 1813598.15, "Total Cost": 1813598.16, "Plan Rows": 1, "Plan Width": 24, "Plans": [{"Node Type": "Bitmap Heap Scan", "Parent Relationship": "Outer", "Relation Name": "lineitem", "Alias": "lineitem", "Startup Cost": 380421.43, "Total Cost": 1807919.37, "Plan Rows": 1135757, "Plan Width": 16, "Recheck Cond": "((l_shipdate >= '1994-01-01 00:00:00'::timestamp(0) without time zone) AND (l_shipdate < '1995-01-01 00:00:00'::timestamp without time zone) AND (l_discount >= .05::double precision) AND (l_discount <= .07::double precision) AND (l_quantity < 24::double precision)), (LLVM Optimized)", "Plans": [{"Node Type": "Bitmap Index Scan", "Parent Relationship": "Outer", "Index Name": "idx_lineitem_shipdate", "Startup Cost": 0.0, "Total Cost": 380137.49, "Plan Rows": 1135757, "Plan Width": 0, "Index Cond": "((l_shipdate >= '1994-01-01 00:00:00'::timestamp(0) without time zone) AND (l_shipdate < '1995-01-01 00:00:00'::timestamp without time zone) AND (l_discount >= .05::double precision) AND (l_discount <= .07::double precision) AND (l_quantity < 24::double precision))"}]}]}, "Unique SQL Id": 4176715123, "Planner Runtime": 0}, "explain_analyze_plan": {"Plan": {"Node Type": "Aggregate", "Strategy": "Plain", "Startup Cost": 1813598.15, "Total Cost": 1813598.16, "Plan Rows": 1, "Plan Width": 24, "Actual Startup Time": 4431.086, "Actual Total Time": 4431.087, "Actual Rows": 1, "Actual Loops": 1, "Plans": [{"Node Type": "Bitmap Heap Scan", "Parent Relationship": "Outer", "Relation Name": "lineitem", "Alias": "lineitem", "Startup Cost": 380421.43, "Total Cost": 1807919.37, "Plan Rows": 1135757, "Plan Width": 16, "Actual Startup Time": 2128.259, "Actual Total Time": 4094.204, "Actual Rows": 1139264, "Actual Loops": 1, "Recheck Cond": "((l_shipdate >= '1994-01-01 00:00:00'::timestamp(0) without time zone) AND (l_shipdate < '1995-01-01 00:00:00'::timestamp without time zone) AND (l_discount >= .05::double precision) AND (l_discount <= .07::double precision) AND (l_quantity < 24::double precision)), (LLVM Optimized, Jit Execute)", "Rows Removed by Index Recheck": 0, "Exact Heap Blocks": 699048, "Lossy Heap Blocks": 699048, "Plans": [{"Node Type": "Bitmap Index Scan", "Parent Relationship": "Outer", "Index Name": "idx_lineitem_shipdate", "Startup Cost": 0.0, "Total Cost": 380137.49, "Plan Rows": 1135757, "Plan Width": 0, "Actual Startup Time": 1837.038, "Actual Total Time": 1837.038, "Actual Rows": 1139264, "Actual Loops": 1, "Index Cond": "((l_shipdate >= '1994-01-01 00:00:00'::timestamp(0) without time zone) AND (l_shipdate < '1995-01-01 00:00:00'::timestamp without time zone) AND (l_discount >= .05::double precision) AND (l_discount <= .07::double precision) AND (l_quantity < 24::double precision))"}]}]}, "Triggers": [], "Planner Runtime": 0, "Total Runtime": 4441.804, "Unique SQL Id": 4176715123}}, "(64, 40)": {"explain_plan": {"Plan": {"Node Type": "Aggregate", "Strategy": "Plain", "Startup Cost": 2770632.03, "Total Cost": 2770632.04, "Plan Rows": 1, "Plan Width": 24, "Plans": [{"Node Type": "Seq Scan", "Parent Relationship": "Outer", "Relation Name": "lineitem", "Alias": "lineitem", "Startup Cost": 110942.73, "Total Cost": 2764953.24, "Plan Rows": 1135757, "Plan Width": 16, "Filter": "((l_shipdate >= '1994-01-01 00:00:00'::timestamp(0) without time zone) AND (l_shipdate < '1995-01-01 00:00:00'::timestamp without time zone) AND (l_discount >= .05::double precision) AND (l_discount <= .07::double precision) AND (l_quantity < 24::double precision)), (LLVM Optimized)"}]}, "Unique SQL Id": 4176715123, "Planner Runtime": 0}, "explain_analyze_plan": null}, "(64, 41)": {"explain_plan": {"Plan": {"Node Type": "Aggregate", "Strategy": "Plain", "Startup Cost": 3639281.83, "Total Cost": 3639281.84, "Plan Rows": 1, "Plan Width": 24, "Plans": [{"Node Type": "Index Scan", "Parent Relationship": "Outer", "Scan Direction": "Forward", "Index Name": "idx_lineitem_shipdate", "Relation Name": "lineitem", "Alias": "lineitem", "Startup Cost": 0.0, "Total Cost": 3633603.05, "Plan Rows": 1135757, "Plan Width": 16, "Index Cond": "((l_shipdate >= '1994-01-01 00:00:00'::timestamp(0) without time zone) AND (l_shipdate < '1995-01-01 00:00:00'::timestamp without time zone) AND (l_discount >= .05::double precision) AND (l_discount <= .07::double precision) AND (l_quantity < 24::double precision)), (LLVM Optimized)"}]}, "Unique SQL Id": 4176715123, "Planner Runtime": 0}, "explain_analyze_plan": {"Plan": {"Node Type": "Aggregate", "Strategy": "Plain", "Startup Cost": 3639281.83, "Total Cost": 3639281.84, "Plan Rows": 1, "Plan Width": 24, "Actual Startup Time": 4547.635, "Actual Total Time": 4547.636, "Actual Rows": 1, "Actual Loops": 1, "Plans": [{"Node Type": "Index Scan", "Parent Relationship": "Outer", "Scan Direction": "Forward", "Index Name": "idx_lineitem_shipdate", "Relation Name": "lineitem", "Alias": "lineitem", "Startup Cost": 0.0, "Total Cost": 3633603.05, "Plan Rows": 1135757, "Plan Width": 16, "Actual Startup Time": 0.072, "Actual Total Time": 4197.463, "Actual Rows": 1139264, "Actual Loops": 1, "Index Cond": "((l_shipdate >= '1994-01-01 00:00:00'::timestamp(0) without time zone) AND (l_shipdate < '1995-01-01 00:00:00'::timestamp without time zone) AND (l_discount >= .05::double precision) AND (l_discount <= .07::double precision) AND (l_quantity < 24::double precision)), (LLVM Optimized, Jit Execute)", "Rows Removed by Index Recheck": 0}]}, "Triggers": [], "Planner Runtime": 0, "Total Runtime": 4557.557, "Unique SQL Id": 4176715123}}, "(64, 42)": {"explain_plan": {"Plan": {"Node Type": "Aggregate", "Strategy": "Plain", "Startup Cost": 2770632.03, "Total Cost": 2770632.04, "Plan Rows": 1, "Plan Width": 24, "Plans": [{"Node Type": "Seq Scan", "Parent Relationship": "Outer", "Relation Name": "lineitem", "Alias": "lineitem", "Startup Cost": 110942.73, "Total Cost": 2764953.24, "Plan Rows": 1135757, "Plan Width": 16, "Filter": "((l_shipdate >= '1994-01-01 00:00:00'::timestamp(0) without time zone) AND (l_shipdate < '1995-01-01 00:00:00'::timestamp without time zone) AND (l_discount >= .05::double precision) AND (l_discount <= .07::double precision) AND (l_quantity < 24::double precision)), (LLVM Optimized)"}]}, "Unique SQL Id": 4176715123, "Planner Runtime": 0}, "explain_analyze_plan": null}, "(64, 43)": {"explain_plan": {"Plan": {"Node Type": "Aggregate", "Strategy": "Plain", "Startup Cost": 1000276501003.04, "Total Cost": 1000276501003.05, "Plan Rows": 1, "Plan Width": 24, "Plans": [{"Node Type": "Seq Scan", "Parent Relationship": "Outer", "Relation Name": "lineitem", "Alias": "lineitem", "Startup Cost": 10000109520.02, "Total Cost": 1000276495324.25, "Plan Rows": 1135757, "Plan Width": 16, "Filter": "((l_shipdate >= '1994-01-01 00:00:00'::timestamp(0) without time zone) AND (l_shipdate < '1995-01-01 00:00:00'::timestamp without time zone) AND (l_discount >= .05::double precision) AND (l_discount <= .07::double precision) AND (l_quantity < 24::double precision)), (LLVM Optimized)"}]}, "Unique SQL Id": 4176715123, "Planner Runtime": 0}, "explain_analyze_plan": null}, "(64, 44)": {"explain_plan": {"Plan": {"Node Type": "Aggregate", "Strategy": "Plain", "Startup Cost": 2770632.03, "Total Cost": 2770632.04, "Plan Rows": 1, "Plan Width": 24, "Plans": [{"Node Type": "Seq Scan", "Parent Relationship": "Outer", "Relation Name": "lineitem", "Alias": "lineitem", "Startup Cost": 110942.73, "Total Cost": 2764953.24, "Plan Rows": 1135757, "Plan Width": 16, "Filter": "((l_shipdate >= '1994-01-01 00:00:00'::timestamp(0) without time zone) AND (l_shipdate < '1995-01-01 00:00:00'::timestamp without time zone) AND (l_discount >= .05::double precision) AND (l_discount <= .07::double precision) AND (l_quantity < 24::double precision)), (LLVM Optimized)"}]}, "Unique SQL Id": 4176715123, "Planner Runtime": 0}, "explain_analyze_plan": null}, "(64, 45)": {"explain_plan": {"Plan": {"Node Type": "Aggregate", "Strategy": "Plain", "Startup Cost": 3639281.83, "Total Cost": 3639281.84, "Plan Rows": 1, "Plan Width": 24, "Plans": [{"Node Type": "Index Scan", "Parent Relationship": "Outer", "Scan Direction": "Forward", "Index Name": "idx_lineitem_shipdate", "Relation Name": "lineitem", "Alias": "lineitem", "Startup Cost": 0.0, "Total Cost": 3633603.05, "Plan Rows": 1135757, "Plan Width": 16, "Index Cond": "((l_shipdate >= '1994-01-01 00:00:00'::timestamp(0) without time zone) AND (l_shipdate < '1995-01-01 00:00:00'::timestamp without time zone) AND (l_discount >= .05::double precision) AND (l_discount <= .07::double precision) AND (l_quantity < 24::double precision)), (LLVM Optimized)"}]}, "Unique SQL Id": 4176715123, "Planner Runtime": 0}, "explain_analyze_plan": {"Plan": {"Node Type": "Aggregate", "Strategy": "Plain", "Startup Cost": 3639281.83, "Total Cost": 3639281.84, "Plan Rows": 1, "Plan Width": 24, "Actual Startup Time": 4547.635, "Actual Total Time": 4547.636, "Actual Rows": 1, "Actual Loops": 1, "Plans": [{"Node Type": "Index Scan", "Parent Relationship": "Outer", "Scan Direction": "Forward", "Index Name": "idx_lineitem_shipdate", "Relation Name": "lineitem", "Alias": "lineitem", "Startup Cost": 0.0, "Total Cost": 3633603.05, "Plan Rows": 1135757, "Plan Width": 16, "Actual Startup Time": 0.072, "Actual Total Time": 4197.463, "Actual Rows": 1139264, "Actual Loops": 1, "Index Cond": "((l_shipdate >= '1994-01-01 00:00:00'::timestamp(0) without time zone) AND (l_shipdate < '1995-01-01 00:00:00'::timestamp without time zone) AND (l_discount >= .05::double precision) AND (l_discount <= .07::double precision) AND (l_quantity < 24::double precision)), (LLVM Optimized, Jit Execute)", "Rows Removed by Index Recheck": 0}]}, "Triggers": [], "Planner Runtime": 0, "Total Runtime": 4557.557, "Unique SQL Id": 4176715123}}, "(64, 46)": {"explain_plan": {"Plan": {"Node Type": "Aggregate", "Strategy": "Plain", "Startup Cost": 2770632.03, "Total Cost": 2770632.04, "Plan Rows": 1, "Plan Width": 24, "Plans": [{"Node Type": "Seq Scan", "Parent Relationship": "Outer", "Relation Name": "lineitem", "Alias": "lineitem", "Startup Cost": 110942.73, "Total Cost": 2764953.24, "Plan Rows": 1135757, "Plan Width": 16, "Filter": "((l_shipdate >= '1994-01-01 00:00:00'::timestamp(0) without time zone) AND (l_shipdate < '1995-01-01 00:00:00'::timestamp without time zone) AND (l_discount >= .05::double precision) AND (l_discount <= .07::double precision) AND (l_quantity < 24::double precision)), (LLVM Optimized)"}]}, "Unique SQL Id": 4176715123, "Planner Runtime": 0}, "explain_analyze_plan": null}, "(64, 47)": {"explain_plan": {"Plan": {"Node Type": "Aggregate", "Strategy": "Plain", "Startup Cost": 1000276501003.04, "Total Cost": 1000276501003.05, "Plan Rows": 1, "Plan Width": 24, "Plans": [{"Node Type": "Seq Scan", "Parent Relationship": "Outer", "Relation Name": "lineitem", "Alias": "lineitem", "Startup Cost": 10000109520.02, "Total Cost": 1000276495324.25, "Plan Rows": 1135757, "Plan Width": 16, "Filter": "((l_shipdate >= '1994-01-01 00:00:00'::timestamp(0) without time zone) AND (l_shipdate < '1995-01-01 00:00:00'::timestamp without time zone) AND (l_discount >= .05::double precision) AND (l_discount <= .07::double precision) AND (l_quantity < 24::double precision)), (LLVM Optimized)"}]}, "Unique SQL Id": 4176715123, "Planner Runtime": 0}, "explain_analyze_plan": null}, "(64, 48)": {"explain_plan": {"Plan": {"Node Type": "Aggregate", "Strategy": "Plain", "Startup Cost": 1813598.15, "Total Cost": 1813598.16, "Plan Rows": 1, "Plan Width": 24, "Plans": [{"Node Type": "Bitmap Heap Scan", "Parent Relationship": "Outer", "Relation Name": "lineitem", "Alias": "lineitem", "Startup Cost": 380421.43, "Total Cost": 1807919.37, "Plan Rows": 1135757, "Plan Width": 16, "Recheck Cond": "((l_shipdate >= '1994-01-01 00:00:00'::timestamp(0) without time zone) AND (l_shipdate < '1995-01-01 00:00:00'::timestamp without time zone) AND (l_discount >= .05::double precision) AND (l_discount <= .07::double precision) AND (l_quantity < 24::double precision)), (LLVM Optimized)", "Plans": [{"Node Type": "Bitmap Index Scan", "Parent Relationship": "Outer", "Index Name": "idx_lineitem_shipdate", "Startup Cost": 0.0, "Total Cost": 380137.49, "Plan Rows": 1135757, "Plan Width": 0, "Index Cond": "((l_shipdate >= '1994-01-01 00:00:00'::timestamp(0) without time zone) AND (l_shipdate < '1995-01-01 00:00:00'::timestamp without time zone) AND (l_discount >= .05::double precision) AND (l_discount <= .07::double precision) AND (l_quantity < 24::double precision))"}]}]}, "Unique SQL Id": 4176715123, "Planner Runtime": 0}, "explain_analyze_plan": {"Plan": {"Node Type": "Aggregate", "Strategy": "Plain", "Startup Cost": 1813598.15, "Total Cost": 1813598.16, "Plan Rows": 1, "Plan Width": 24, "Actual Startup Time": 4431.086, "Actual Total Time": 4431.087, "Actual Rows": 1, "Actual Loops": 1, "Plans": [{"Node Type": "Bitmap Heap Scan", "Parent Relationship": "Outer", "Relation Name": "lineitem", "Alias": "lineitem", "Startup Cost": 380421.43, "Total Cost": 1807919.37, "Plan Rows": 1135757, "Plan Width": 16, "Actual Startup Time": 2128.259, "Actual Total Time": 4094.204, "Actual Rows": 1139264, "Actual Loops": 1, "Recheck Cond": "((l_shipdate >= '1994-01-01 00:00:00'::timestamp(0) without time zone) AND (l_shipdate < '1995-01-01 00:00:00'::timestamp without time zone) AND (l_discount >= .05::double precision) AND (l_discount <= .07::double precision) AND (l_quantity < 24::double precision)), (LLVM Optimized, Jit Execute)", "Rows Removed by Index Recheck": 0, "Exact Heap Blocks": 699048, "Lossy Heap Blocks": 699048, "Plans": [{"Node Type": "Bitmap Index Scan", "Parent Relationship": "Outer", "Index Name": "idx_lineitem_shipdate", "Startup Cost": 0.0, "Total Cost": 380137.49, "Plan Rows": 1135757, "Plan Width": 0, "Actual Startup Time": 1837.038, "Actual Total Time": 1837.038, "Actual Rows": 1139264, "Actual Loops": 1, "Index Cond": "((l_shipdate >= '1994-01-01 00:00:00'::timestamp(0) without time zone) AND (l_shipdate < '1995-01-01 00:00:00'::timestamp without time zone) AND (l_discount >= .05::double precision) AND (l_discount <= .07::double precision) AND (l_quantity < 24::double precision))"}]}]}, "Triggers": [], "Planner Runtime": 0, "Total Runtime": 4441.804, "Unique SQL Id": 4176715123}}, "(64, 49)": {"explain_plan": {"Plan": {"Node Type": "Aggregate", "Strategy": "Plain", "Startup Cost": 1813598.15, "Total Cost": 1813598.16, "Plan Rows": 1, "Plan Width": 24, "Plans": [{"Node Type": "Bitmap Heap Scan", "Parent Relationship": "Outer", "Relation Name": "lineitem", "Alias": "lineitem", "Startup Cost": 380421.43, "Total Cost": 1807919.37, "Plan Rows": 1135757, "Plan Width": 16, "Recheck Cond": "((l_shipdate >= '1994-01-01 00:00:00'::timestamp(0) without time zone) AND (l_shipdate < '1995-01-01 00:00:00'::timestamp without time zone) AND (l_discount >= .05::double precision) AND (l_discount <= .07::double precision) AND (l_quantity < 24::double precision)), (LLVM Optimized)", "Plans": [{"Node Type": "Bitmap Index Scan", "Parent Relationship": "Outer", "Index Name": "idx_lineitem_shipdate", "Startup Cost": 0.0, "Total Cost": 380137.49, "Plan Rows": 1135757, "Plan Width": 0, "Index Cond": "((l_shipdate >= '1994-01-01 00:00:00'::timestamp(0) without time zone) AND (l_shipdate < '1995-01-01 00:00:00'::timestamp without time zone) AND (l_discount >= .05::double precision) AND (l_discount <= .07::double precision) AND (l_quantity < 24::double precision))"}]}]}, "Unique SQL Id": 4176715123, "Planner Runtime": 0}, "explain_analyze_plan": {"Plan": {"Node Type": "Aggregate", "Strategy": "Plain", "Startup Cost": 1813598.15, "Total Cost": 1813598.16, "Plan Rows": 1, "Plan Width": 24, "Actual Startup Time": 4431.086, "Actual Total Time": 4431.087, "Actual Rows": 1, "Actual Loops": 1, "Plans": [{"Node Type": "Bitmap Heap Scan", "Parent Relationship": "Outer", "Relation Name": "lineitem", "Alias": "lineitem", "Startup Cost": 380421.43, "Total Cost": 1807919.37, "Plan Rows": 1135757, "Plan Width": 16, "Actual Startup Time": 2128.259, "Actual Total Time": 4094.204, "Actual Rows": 1139264, "Actual Loops": 1, "Recheck Cond": "((l_shipdate >= '1994-01-01 00:00:00'::timestamp(0) without time zone) AND (l_shipdate < '1995-01-01 00:00:00'::timestamp without time zone) AND (l_discount >= .05::double precision) AND (l_discount <= .07::double precision) AND (l_quantity < 24::double precision)), (LLVM Optimized, Jit Execute)", "Rows Removed by Index Recheck": 0, "Exact Heap Blocks": 699048, "Lossy Heap Blocks": 699048, "Plans": [{"Node Type": "Bitmap Index Scan", "Parent Relationship": "Outer", "Index Name": "idx_lineitem_shipdate", "Startup Cost": 0.0, "Total Cost": 380137.49, "Plan Rows": 1135757, "Plan Width": 0, "Actual Startup Time": 1837.038, "Actual Total Time": 1837.038, "Actual Rows": 1139264, "Actual Loops": 1, "Index Cond": "((l_shipdate >= '1994-01-01 00:00:00'::timestamp(0) without time zone) AND (l_shipdate < '1995-01-01 00:00:00'::timestamp without time zone) AND (l_discount >= .05::double precision) AND (l_discount <= .07::double precision) AND (l_quantity < 24::double precision))"}]}]}, "Triggers": [], "Planner Runtime": 0, "Total Runtime": 4441.804, "Unique SQL Id": 4176715123}}, "(64, 50)": {"explain_plan": {"Plan": {"Node Type": "Aggregate", "Strategy": "Plain", "Startup Cost": 1813598.15, "Total Cost": 1813598.16, "Plan Rows": 1, "Plan Width": 24, "Plans": [{"Node Type": "Bitmap Heap Scan", "Parent Relationship": "Outer", "Relation Name": "lineitem", "Alias": "lineitem", "Startup Cost": 380421.43, "Total Cost": 1807919.37, "Plan Rows": 1135757, "Plan Width": 16, "Recheck Cond": "((l_shipdate >= '1994-01-01 00:00:00'::timestamp(0) without time zone) AND (l_shipdate < '1995-01-01 00:00:00'::timestamp without time zone) AND (l_discount >= .05::double precision) AND (l_discount <= .07::double precision) AND (l_quantity < 24::double precision)), (LLVM Optimized)", "Plans": [{"Node Type": "Bitmap Index Scan", "Parent Relationship": "Outer", "Index Name": "idx_lineitem_shipdate", "Startup Cost": 0.0, "Total Cost": 380137.49, "Plan Rows": 1135757, "Plan Width": 0, "Index Cond": "((l_shipdate >= '1994-01-01 00:00:00'::timestamp(0) without time zone) AND (l_shipdate < '1995-01-01 00:00:00'::timestamp without time zone) AND (l_discount >= .05::double precision) AND (l_discount <= .07::double precision) AND (l_quantity < 24::double precision))"}]}]}, "Unique SQL Id": 4176715123, "Planner Runtime": 0}, "explain_analyze_plan": {"Plan": {"Node Type": "Aggregate", "Strategy": "Plain", "Startup Cost": 1813598.15, "Total Cost": 1813598.16, "Plan Rows": 1, "Plan Width": 24, "Actual Startup Time": 4431.086, "Actual Total Time": 4431.087, "Actual Rows": 1, "Actual Loops": 1, "Plans": [{"Node Type": "Bitmap Heap Scan", "Parent Relationship": "Outer", "Relation Name": "lineitem", "Alias": "lineitem", "Startup Cost": 380421.43, "Total Cost": 1807919.37, "Plan Rows": 1135757, "Plan Width": 16, "Actual Startup Time": 2128.259, "Actual Total Time": 4094.204, "Actual Rows": 1139264, "Actual Loops": 1, "Recheck Cond": "((l_shipdate >= '1994-01-01 00:00:00'::timestamp(0) without time zone) AND (l_shipdate < '1995-01-01 00:00:00'::timestamp without time zone) AND (l_discount >= .05::double precision) AND (l_discount <= .07::double precision) AND (l_quantity < 24::double precision)), (LLVM Optimized, Jit Execute)", "Rows Removed by Index Recheck": 0, "Exact Heap Blocks": 699048, "Lossy Heap Blocks": 699048, "Plans": [{"Node Type": "Bitmap Index Scan", "Parent Relationship": "Outer", "Index Name": "idx_lineitem_shipdate", "Startup Cost": 0.0, "Total Cost": 380137.49, "Plan Rows": 1135757, "Plan Width": 0, "Actual Startup Time": 1837.038, "Actual Total Time": 1837.038, "Actual Rows": 1139264, "Actual Loops": 1, "Index Cond": "((l_shipdate >= '1994-01-01 00:00:00'::timestamp(0) without time zone) AND (l_shipdate < '1995-01-01 00:00:00'::timestamp without time zone) AND (l_discount >= .05::double precision) AND (l_discount <= .07::double precision) AND (l_quantity < 24::double precision))"}]}]}, "Triggers": [], "Planner Runtime": 0, "Total Runtime": 4441.804, "Unique SQL Id": 4176715123}}, "(64, 51)": {"explain_plan": {"Plan": {"Node Type": "Aggregate", "Strategy": "Plain", "Startup Cost": 1813598.15, "Total Cost": 1813598.16, "Plan Rows": 1, "Plan Width": 24, "Plans": [{"Node Type": "Bitmap Heap Scan", "Parent Relationship": "Outer", "Relation Name": "lineitem", "Alias": "lineitem", "Startup Cost": 380421.43, "Total Cost": 1807919.37, "Plan Rows": 1135757, "Plan Width": 16, "Recheck Cond": "((l_shipdate >= '1994-01-01 00:00:00'::timestamp(0) without time zone) AND (l_shipdate < '1995-01-01 00:00:00'::timestamp without time zone) AND (l_discount >= .05::double precision) AND (l_discount <= .07::double precision) AND (l_quantity < 24::double precision)), (LLVM Optimized)", "Plans": [{"Node Type": "Bitmap Index Scan", "Parent Relationship": "Outer", "Index Name": "idx_lineitem_shipdate", "Startup Cost": 0.0, "Total Cost": 380137.49, "Plan Rows": 1135757, "Plan Width": 0, "Index Cond": "((l_shipdate >= '1994-01-01 00:00:00'::timestamp(0) without time zone) AND (l_shipdate < '1995-01-01 00:00:00'::timestamp without time zone) AND (l_discount >= .05::double precision) AND (l_discount <= .07::double precision) AND (l_quantity < 24::double precision))"}]}]}, "Unique SQL Id": 4176715123, "Planner Runtime": 0}, "explain_analyze_plan": {"Plan": {"Node Type": "Aggregate", "Strategy": "Plain", "Startup Cost": 1813598.15, "Total Cost": 1813598.16, "Plan Rows": 1, "Plan Width": 24, "Actual Startup Time": 4431.086, "Actual Total Time": 4431.087, "Actual Rows": 1, "Actual Loops": 1, "Plans": [{"Node Type": "Bitmap Heap Scan", "Parent Relationship": "Outer", "Relation Name": "lineitem", "Alias": "lineitem", "Startup Cost": 380421.43, "Total Cost": 1807919.37, "Plan Rows": 1135757, "Plan Width": 16, "Actual Startup Time": 2128.259, "Actual Total Time": 4094.204, "Actual Rows": 1139264, "Actual Loops": 1, "Recheck Cond": "((l_shipdate >= '1994-01-01 00:00:00'::timestamp(0) without time zone) AND (l_shipdate < '1995-01-01 00:00:00'::timestamp without time zone) AND (l_discount >= .05::double precision) AND (l_discount <= .07::double precision) AND (l_quantity < 24::double precision)), (LLVM Optimized, Jit Execute)", "Rows Removed by Index Recheck": 0, "Exact Heap Blocks": 699048, "Lossy Heap Blocks": 699048, "Plans": [{"Node Type": "Bitmap Index Scan", "Parent Relationship": "Outer", "Index Name": "idx_lineitem_shipdate", "Startup Cost": 0.0, "Total Cost": 380137.49, "Plan Rows": 1135757, "Plan Width": 0, "Actual Startup Time": 1837.038, "Actual Total Time": 1837.038, "Actual Rows": 1139264, "Actual Loops": 1, "Index Cond": "((l_shipdate >= '1994-01-01 00:00:00'::timestamp(0) without time zone) AND (l_shipdate < '1995-01-01 00:00:00'::timestamp without time zone) AND (l_discount >= .05::double precision) AND (l_discount <= .07::double precision) AND (l_quantity < 24::double precision))"}]}]}, "Triggers": [], "Planner Runtime": 0, "Total Runtime": 4441.804, "Unique SQL Id": 4176715123}}, "(64, 52)": {"explain_plan": {"Plan": {"Node Type": "Aggregate", "Strategy": "Plain", "Startup Cost": 1813598.15, "Total Cost": 1813598.16, "Plan Rows": 1, "Plan Width": 24, "Plans": [{"Node Type": "Bitmap Heap Scan", "Parent Relationship": "Outer", "Relation Name": "lineitem", "Alias": "lineitem", "Startup Cost": 380421.43, "Total Cost": 1807919.37, "Plan Rows": 1135757, "Plan Width": 16, "Recheck Cond": "((l_shipdate >= '1994-01-01 00:00:00'::timestamp(0) without time zone) AND (l_shipdate < '1995-01-01 00:00:00'::timestamp without time zone) AND (l_discount >= .05::double precision) AND (l_discount <= .07::double precision) AND (l_quantity < 24::double precision)), (LLVM Optimized)", "Plans": [{"Node Type": "Bitmap Index Scan", "Parent Relationship": "Outer", "Index Name": "idx_lineitem_shipdate", "Startup Cost": 0.0, "Total Cost": 380137.49, "Plan Rows": 1135757, "Plan Width": 0, "Index Cond": "((l_shipdate >= '1994-01-01 00:00:00'::timestamp(0) without time zone) AND (l_shipdate < '1995-01-01 00:00:00'::timestamp without time zone) AND (l_discount >= .05::double precision) AND (l_discount <= .07::double precision) AND (l_quantity < 24::double precision))"}]}]}, "Unique SQL Id": 4176715123, "Planner Runtime": 0}, "explain_analyze_plan": {"Plan": {"Node Type": "Aggregate", "Strategy": "Plain", "Startup Cost": 1813598.15, "Total Cost": 1813598.16, "Plan Rows": 1, "Plan Width": 24, "Actual Startup Time": 4431.086, "Actual Total Time": 4431.087, "Actual Rows": 1, "Actual Loops": 1, "Plans": [{"Node Type": "Bitmap Heap Scan", "Parent Relationship": "Outer", "Relation Name": "lineitem", "Alias": "lineitem", "Startup Cost": 380421.43, "Total Cost": 1807919.37, "Plan Rows": 1135757, "Plan Width": 16, "Actual Startup Time": 2128.259, "Actual Total Time": 4094.204, "Actual Rows": 1139264, "Actual Loops": 1, "Recheck Cond": "((l_shipdate >= '1994-01-01 00:00:00'::timestamp(0) without time zone) AND (l_shipdate < '1995-01-01 00:00:00'::timestamp without time zone) AND (l_discount >= .05::double precision) AND (l_discount <= .07::double precision) AND (l_quantity < 24::double precision)), (LLVM Optimized, Jit Execute)", "Rows Removed by Index Recheck": 0, "Exact Heap Blocks": 699048, "Lossy Heap Blocks": 699048, "Plans": [{"Node Type": "Bitmap Index Scan", "Parent Relationship": "Outer", "Index Name": "idx_lineitem_shipdate", "Startup Cost": 0.0, "Total Cost": 380137.49, "Plan Rows": 1135757, "Plan Width": 0, "Actual Startup Time": 1837.038, "Actual Total Time": 1837.038, "Actual Rows": 1139264, "Actual Loops": 1, "Index Cond": "((l_shipdate >= '1994-01-01 00:00:00'::timestamp(0) without time zone) AND (l_shipdate < '1995-01-01 00:00:00'::timestamp without time zone) AND (l_discount >= .05::double precision) AND (l_discount <= .07::double precision) AND (l_quantity < 24::double precision))"}]}]}, "Triggers": [], "Planner Runtime": 0, "Total Runtime": 4441.804, "Unique SQL Id": 4176715123}}, "(64, 53)": {"explain_plan": {"Plan": {"Node Type": "Aggregate", "Strategy": "Plain", "Startup Cost": 1813598.15, "Total Cost": 1813598.16, "Plan Rows": 1, "Plan Width": 24, "Plans": [{"Node Type": "Bitmap Heap Scan", "Parent Relationship": "Outer", "Relation Name": "lineitem", "Alias": "lineitem", "Startup Cost": 380421.43, "Total Cost": 1807919.37, "Plan Rows": 1135757, "Plan Width": 16, "Recheck Cond": "((l_shipdate >= '1994-01-01 00:00:00'::timestamp(0) without time zone) AND (l_shipdate < '1995-01-01 00:00:00'::timestamp without time zone) AND (l_discount >= .05::double precision) AND (l_discount <= .07::double precision) AND (l_quantity < 24::double precision)), (LLVM Optimized)", "Plans": [{"Node Type": "Bitmap Index Scan", "Parent Relationship": "Outer", "Index Name": "idx_lineitem_shipdate", "Startup Cost": 0.0, "Total Cost": 380137.49, "Plan Rows": 1135757, "Plan Width": 0, "Index Cond": "((l_shipdate >= '1994-01-01 00:00:00'::timestamp(0) without time zone) AND (l_shipdate < '1995-01-01 00:00:00'::timestamp without time zone) AND (l_discount >= .05::double precision) AND (l_discount <= .07::double precision) AND (l_quantity < 24::double precision))"}]}]}, "Unique SQL Id": 4176715123, "Planner Runtime": 0}, "explain_analyze_plan": {"Plan": {"Node Type": "Aggregate", "Strategy": "Plain", "Startup Cost": 1813598.15, "Total Cost": 1813598.16, "Plan Rows": 1, "Plan Width": 24, "Actual Startup Time": 4431.086, "Actual Total Time": 4431.087, "Actual Rows": 1, "Actual Loops": 1, "Plans": [{"Node Type": "Bitmap Heap Scan", "Parent Relationship": "Outer", "Relation Name": "lineitem", "Alias": "lineitem", "Startup Cost": 380421.43, "Total Cost": 1807919.37, "Plan Rows": 1135757, "Plan Width": 16, "Actual Startup Time": 2128.259, "Actual Total Time": 4094.204, "Actual Rows": 1139264, "Actual Loops": 1, "Recheck Cond": "((l_shipdate >= '1994-01-01 00:00:00'::timestamp(0) without time zone) AND (l_shipdate < '1995-01-01 00:00:00'::timestamp without time zone) AND (l_discount >= .05::double precision) AND (l_discount <= .07::double precision) AND (l_quantity < 24::double precision)), (LLVM Optimized, Jit Execute)", "Rows Removed by Index Recheck": 0, "Exact Heap Blocks": 699048, "Lossy Heap Blocks": 699048, "Plans": [{"Node Type": "Bitmap Index Scan", "Parent Relationship": "Outer", "Index Name": "idx_lineitem_shipdate", "Startup Cost": 0.0, "Total Cost": 380137.49, "Plan Rows": 1135757, "Plan Width": 0, "Actual Startup Time": 1837.038, "Actual Total Time": 1837.038, "Actual Rows": 1139264, "Actual Loops": 1, "Index Cond": "((l_shipdate >= '1994-01-01 00:00:00'::timestamp(0) without time zone) AND (l_shipdate < '1995-01-01 00:00:00'::timestamp without time zone) AND (l_discount >= .05::double precision) AND (l_discount <= .07::double precision) AND (l_quantity < 24::double precision))"}]}]}, "Triggers": [], "Planner Runtime": 0, "Total Runtime": 4441.804, "Unique SQL Id": 4176715123}}, "(64, 54)": {"explain_plan": {"Plan": {"Node Type": "Aggregate", "Strategy": "Plain", "Startup Cost": 1813598.15, "Total Cost": 1813598.16, "Plan Rows": 1, "Plan Width": 24, "Plans": [{"Node Type": "Bitmap Heap Scan", "Parent Relationship": "Outer", "Relation Name": "lineitem", "Alias": "lineitem", "Startup Cost": 380421.43, "Total Cost": 1807919.37, "Plan Rows": 1135757, "Plan Width": 16, "Recheck Cond": "((l_shipdate >= '1994-01-01 00:00:00'::timestamp(0) without time zone) AND (l_shipdate < '1995-01-01 00:00:00'::timestamp without time zone) AND (l_discount >= .05::double precision) AND (l_discount <= .07::double precision) AND (l_quantity < 24::double precision)), (LLVM Optimized)", "Plans": [{"Node Type": "Bitmap Index Scan", "Parent Relationship": "Outer", "Index Name": "idx_lineitem_shipdate", "Startup Cost": 0.0, "Total Cost": 380137.49, "Plan Rows": 1135757, "Plan Width": 0, "Index Cond": "((l_shipdate >= '1994-01-01 00:00:00'::timestamp(0) without time zone) AND (l_shipdate < '1995-01-01 00:00:00'::timestamp without time zone) AND (l_discount >= .05::double precision) AND (l_discount <= .07::double precision) AND (l_quantity < 24::double precision))"}]}]}, "Unique SQL Id": 4176715123, "Planner Runtime": 0}, "explain_analyze_plan": {"Plan": {"Node Type": "Aggregate", "Strategy": "Plain", "Startup Cost": 1813598.15, "Total Cost": 1813598.16, "Plan Rows": 1, "Plan Width": 24, "Actual Startup Time": 4431.086, "Actual Total Time": 4431.087, "Actual Rows": 1, "Actual Loops": 1, "Plans": [{"Node Type": "Bitmap Heap Scan", "Parent Relationship": "Outer", "Relation Name": "lineitem", "Alias": "lineitem", "Startup Cost": 380421.43, "Total Cost": 1807919.37, "Plan Rows": 1135757, "Plan Width": 16, "Actual Startup Time": 2128.259, "Actual Total Time": 4094.204, "Actual Rows": 1139264, "Actual Loops": 1, "Recheck Cond": "((l_shipdate >= '1994-01-01 00:00:00'::timestamp(0) without time zone) AND (l_shipdate < '1995-01-01 00:00:00'::timestamp without time zone) AND (l_discount >= .05::double precision) AND (l_discount <= .07::double precision) AND (l_quantity < 24::double precision)), (LLVM Optimized, Jit Execute)", "Rows Removed by Index Recheck": 0, "Exact Heap Blocks": 699048, "Lossy Heap Blocks": 699048, "Plans": [{"Node Type": "Bitmap Index Scan", "Parent Relationship": "Outer", "Index Name": "idx_lineitem_shipdate", "Startup Cost": 0.0, "Total Cost": 380137.49, "Plan Rows": 1135757, "Plan Width": 0, "Actual Startup Time": 1837.038, "Actual Total Time": 1837.038, "Actual Rows": 1139264, "Actual Loops": 1, "Index Cond": "((l_shipdate >= '1994-01-01 00:00:00'::timestamp(0) without time zone) AND (l_shipdate < '1995-01-01 00:00:00'::timestamp without time zone) AND (l_discount >= .05::double precision) AND (l_discount <= .07::double precision) AND (l_quantity < 24::double precision))"}]}]}, "Triggers": [], "Planner Runtime": 0, "Total Runtime": 4441.804, "Unique SQL Id": 4176715123}}, "(64, 55)": {"explain_plan": {"Plan": {"Node Type": "Aggregate", "Strategy": "Plain", "Startup Cost": 1813598.15, "Total Cost": 1813598.16, "Plan Rows": 1, "Plan Width": 24, "Plans": [{"Node Type": "Bitmap Heap Scan", "Parent Relationship": "Outer", "Relation Name": "lineitem", "Alias": "lineitem", "Startup Cost": 380421.43, "Total Cost": 1807919.37, "Plan Rows": 1135757, "Plan Width": 16, "Recheck Cond": "((l_shipdate >= '1994-01-01 00:00:00'::timestamp(0) without time zone) AND (l_shipdate < '1995-01-01 00:00:00'::timestamp without time zone) AND (l_discount >= .05::double precision) AND (l_discount <= .07::double precision) AND (l_quantity < 24::double precision)), (LLVM Optimized)", "Plans": [{"Node Type": "Bitmap Index Scan", "Parent Relationship": "Outer", "Index Name": "idx_lineitem_shipdate", "Startup Cost": 0.0, "Total Cost": 380137.49, "Plan Rows": 1135757, "Plan Width": 0, "Index Cond": "((l_shipdate >= '1994-01-01 00:00:00'::timestamp(0) without time zone) AND (l_shipdate < '1995-01-01 00:00:00'::timestamp without time zone) AND (l_discount >= .05::double precision) AND (l_discount <= .07::double precision) AND (l_quantity < 24::double precision))"}]}]}, "Unique SQL Id": 4176715123, "Planner Runtime": 0}, "explain_analyze_plan": {"Plan": {"Node Type": "Aggregate", "Strategy": "Plain", "Startup Cost": 1813598.15, "Total Cost": 1813598.16, "Plan Rows": 1, "Plan Width": 24, "Actual Startup Time": 4431.086, "Actual Total Time": 4431.087, "Actual Rows": 1, "Actual Loops": 1, "Plans": [{"Node Type": "Bitmap Heap Scan", "Parent Relationship": "Outer", "Relation Name": "lineitem", "Alias": "lineitem", "Startup Cost": 380421.43, "Total Cost": 1807919.37, "Plan Rows": 1135757, "Plan Width": 16, "Actual Startup Time": 2128.259, "Actual Total Time": 4094.204, "Actual Rows": 1139264, "Actual Loops": 1, "Recheck Cond": "((l_shipdate >= '1994-01-01 00:00:00'::timestamp(0) without time zone) AND (l_shipdate < '1995-01-01 00:00:00'::timestamp without time zone) AND (l_discount >= .05::double precision) AND (l_discount <= .07::double precision) AND (l_quantity < 24::double precision)), (LLVM Optimized, Jit Execute)", "Rows Removed by Index Recheck": 0, "Exact Heap Blocks": 699048, "Lossy Heap Blocks": 699048, "Plans": [{"Node Type": "Bitmap Index Scan", "Parent Relationship": "Outer", "Index Name": "idx_lineitem_shipdate", "Startup Cost": 0.0, "Total Cost": 380137.49, "Plan Rows": 1135757, "Plan Width": 0, "Actual Startup Time": 1837.038, "Actual Total Time": 1837.038, "Actual Rows": 1139264, "Actual Loops": 1, "Index Cond": "((l_shipdate >= '1994-01-01 00:00:00'::timestamp(0) without time zone) AND (l_shipdate < '1995-01-01 00:00:00'::timestamp without time zone) AND (l_discount >= .05::double precision) AND (l_discount <= .07::double precision) AND (l_quantity < 24::double precision))"}]}]}, "Triggers": [], "Planner Runtime": 0, "Total Runtime": 4441.804, "Unique SQL Id": 4176715123}}, "(64, 56)": {"explain_plan": {"Plan": {"Node Type": "Aggregate", "Strategy": "Plain", "Startup Cost": 2770632.03, "Total Cost": 2770632.04, "Plan Rows": 1, "Plan Width": 24, "Plans": [{"Node Type": "Seq Scan", "Parent Relationship": "Outer", "Relation Name": "lineitem", "Alias": "lineitem", "Startup Cost": 110942.73, "Total Cost": 2764953.24, "Plan Rows": 1135757, "Plan Width": 16, "Filter": "((l_shipdate >= '1994-01-01 00:00:00'::timestamp(0) without time zone) AND (l_shipdate < '1995-01-01 00:00:00'::timestamp without time zone) AND (l_discount >= .05::double precision) AND (l_discount <= .07::double precision) AND (l_quantity < 24::double precision)), (LLVM Optimized)"}]}, "Unique SQL Id": 4176715123, "Planner Runtime": 0}, "explain_analyze_plan": null}, "(64, 57)": {"explain_plan": {"Plan": {"Node Type": "Aggregate", "Strategy": "Plain", "Startup Cost": 3639281.83, "Total Cost": 3639281.84, "Plan Rows": 1, "Plan Width": 24, "Plans": [{"Node Type": "Index Scan", "Parent Relationship": "Outer", "Scan Direction": "Forward", "Index Name": "idx_lineitem_shipdate", "Relation Name": "lineitem", "Alias": "lineitem", "Startup Cost": 0.0, "Total Cost": 3633603.05, "Plan Rows": 1135757, "Plan Width": 16, "Index Cond": "((l_shipdate >= '1994-01-01 00:00:00'::timestamp(0) without time zone) AND (l_shipdate < '1995-01-01 00:00:00'::timestamp without time zone) AND (l_discount >= .05::double precision) AND (l_discount <= .07::double precision) AND (l_quantity < 24::double precision)), (LLVM Optimized)"}]}, "Unique SQL Id": 4176715123, "Planner Runtime": 0}, "explain_analyze_plan": {"Plan": {"Node Type": "Aggregate", "Strategy": "Plain", "Startup Cost": 3639281.83, "Total Cost": 3639281.84, "Plan Rows": 1, "Plan Width": 24, "Actual Startup Time": 4547.635, "Actual Total Time": 4547.636, "Actual Rows": 1, "Actual Loops": 1, "Plans": [{"Node Type": "Index Scan", "Parent Relationship": "Outer", "Scan Direction": "Forward", "Index Name": "idx_lineitem_shipdate", "Relation Name": "lineitem", "Alias": "lineitem", "Startup Cost": 0.0, "Total Cost": 3633603.05, "Plan Rows": 1135757, "Plan Width": 16, "Actual Startup Time": 0.072, "Actual Total Time": 4197.463, "Actual Rows": 1139264, "Actual Loops": 1, "Index Cond": "((l_shipdate >= '1994-01-01 00:00:00'::timestamp(0) without time zone) AND (l_shipdate < '1995-01-01 00:00:00'::timestamp without time zone) AND (l_discount >= .05::double precision) AND (l_discount <= .07::double precision) AND (l_quantity < 24::double precision)), (LLVM Optimized, Jit Execute)", "Rows Removed by Index Recheck": 0}]}, "Triggers": [], "Planner Runtime": 0, "Total Runtime": 4557.557, "Unique SQL Id": 4176715123}}, "(64, 58)": {"explain_plan": {"Plan": {"Node Type": "Aggregate", "Strategy": "Plain", "Startup Cost": 2770632.03, "Total Cost": 2770632.04, "Plan Rows": 1, "Plan Width": 24, "Plans": [{"Node Type": "Seq Scan", "Parent Relationship": "Outer", "Relation Name": "lineitem", "Alias": "lineitem", "Startup Cost": 110942.73, "Total Cost": 2764953.24, "Plan Rows": 1135757, "Plan Width": 16, "Filter": "((l_shipdate >= '1994-01-01 00:00:00'::timestamp(0) without time zone) AND (l_shipdate < '1995-01-01 00:00:00'::timestamp without time zone) AND (l_discount >= .05::double precision) AND (l_discount <= .07::double precision) AND (l_quantity < 24::double precision)), (LLVM Optimized)"}]}, "Unique SQL Id": 4176715123, "Planner Runtime": 0}, "explain_analyze_plan": null}, "(64, 59)": {"explain_plan": {"Plan": {"Node Type": "Aggregate", "Strategy": "Plain", "Startup Cost": 1000276501003.04, "Total Cost": 1000276501003.05, "Plan Rows": 1, "Plan Width": 24, "Plans": [{"Node Type": "Seq Scan", "Parent Relationship": "Outer", "Relation Name": "lineitem", "Alias": "lineitem", "Startup Cost": 10000109520.02, "Total Cost": 1000276495324.25, "Plan Rows": 1135757, "Plan Width": 16, "Filter": "((l_shipdate >= '1994-01-01 00:00:00'::timestamp(0) without time zone) AND (l_shipdate < '1995-01-01 00:00:00'::timestamp without time zone) AND (l_discount >= .05::double precision) AND (l_discount <= .07::double precision) AND (l_quantity < 24::double precision)), (LLVM Optimized)"}]}, "Unique SQL Id": 4176715123, "Planner Runtime": 0}, "explain_analyze_plan": null}, "(64, 60)": {"explain_plan": {"Plan": {"Node Type": "Aggregate", "Strategy": "Plain", "Startup Cost": 2770632.03, "Total Cost": 2770632.04, "Plan Rows": 1, "Plan Width": 24, "Plans": [{"Node Type": "Seq Scan", "Parent Relationship": "Outer", "Relation Name": "lineitem", "Alias": "lineitem", "Startup Cost": 110942.73, "Total Cost": 2764953.24, "Plan Rows": 1135757, "Plan Width": 16, "Filter": "((l_shipdate >= '1994-01-01 00:00:00'::timestamp(0) without time zone) AND (l_shipdate < '1995-01-01 00:00:00'::timestamp without time zone) AND (l_discount >= .05::double precision) AND (l_discount <= .07::double precision) AND (l_quantity < 24::double precision)), (LLVM Optimized)"}]}, "Unique SQL Id": 4176715123, "Planner Runtime": 0}, "explain_analyze_plan": null}, "(64, 61)": {"explain_plan": {"Plan": {"Node Type": "Aggregate", "Strategy": "Plain", "Startup Cost": 3639281.83, "Total Cost": 3639281.84, "Plan Rows": 1, "Plan Width": 24, "Plans": [{"Node Type": "Index Scan", "Parent Relationship": "Outer", "Scan Direction": "Forward", "Index Name": "idx_lineitem_shipdate", "Relation Name": "lineitem", "Alias": "lineitem", "Startup Cost": 0.0, "Total Cost": 3633603.05, "Plan Rows": 1135757, "Plan Width": 16, "Index Cond": "((l_shipdate >= '1994-01-01 00:00:00'::timestamp(0) without time zone) AND (l_shipdate < '1995-01-01 00:00:00'::timestamp without time zone) AND (l_discount >= .05::double precision) AND (l_discount <= .07::double precision) AND (l_quantity < 24::double precision)), (LLVM Optimized)"}]}, "Unique SQL Id": 4176715123, "Planner Runtime": 0}, "explain_analyze_plan": {"Plan": {"Node Type": "Aggregate", "Strategy": "Plain", "Startup Cost": 3639281.83, "Total Cost": 3639281.84, "Plan Rows": 1, "Plan Width": 24, "Actual Startup Time": 4547.635, "Actual Total Time": 4547.636, "Actual Rows": 1, "Actual Loops": 1, "Plans": [{"Node Type": "Index Scan", "Parent Relationship": "Outer", "Scan Direction": "Forward", "Index Name": "idx_lineitem_shipdate", "Relation Name": "lineitem", "Alias": "lineitem", "Startup Cost": 0.0, "Total Cost": 3633603.05, "Plan Rows": 1135757, "Plan Width": 16, "Actual Startup Time": 0.072, "Actual Total Time": 4197.463, "Actual Rows": 1139264, "Actual Loops": 1, "Index Cond": "((l_shipdate >= '1994-01-01 00:00:00'::timestamp(0) without time zone) AND (l_shipdate < '1995-01-01 00:00:00'::timestamp without time zone) AND (l_discount >= .05::double precision) AND (l_discount <= .07::double precision) AND (l_quantity < 24::double precision)), (LLVM Optimized, Jit Execute)", "Rows Removed by Index Recheck": 0}]}, "Triggers": [], "Planner Runtime": 0, "Total Runtime": 4557.557, "Unique SQL Id": 4176715123}}, "(64, 62)": {"explain_plan": {"Plan": {"Node Type": "Aggregate", "Strategy": "Plain", "Startup Cost": 2770632.03, "Total Cost": 2770632.04, "Plan Rows": 1, "Plan Width": 24, "Plans": [{"Node Type": "Seq Scan", "Parent Relationship": "Outer", "Relation Name": "lineitem", "Alias": "lineitem", "Startup Cost": 110942.73, "Total Cost": 2764953.24, "Plan Rows": 1135757, "Plan Width": 16, "Filter": "((l_shipdate >= '1994-01-01 00:00:00'::timestamp(0) without time zone) AND (l_shipdate < '1995-01-01 00:00:00'::timestamp without time zone) AND (l_discount >= .05::double precision) AND (l_discount <= .07::double precision) AND (l_quantity < 24::double precision)), (LLVM Optimized)"}]}, "Unique SQL Id": 4176715123, "Planner Runtime": 0}, "explain_analyze_plan": null}, "(64, 63)": {"explain_plan": {"Plan": {"Node Type": "Aggregate", "Strategy": "Plain", "Startup Cost": 1000276501003.04, "Total Cost": 1000276501003.05, "Plan Rows": 1, "Plan Width": 24, "Plans": [{"Node Type": "Seq Scan", "Parent Relationship": "Outer", "Relation Name": "lineitem", "Alias": "lineitem", "Startup Cost": 10000109520.02, "Total Cost": 1000276495324.25, "Plan Rows": 1135757, "Plan Width": 16, "Filter": "((l_shipdate >= '1994-01-01 00:00:00'::timestamp(0) without time zone) AND (l_shipdate < '1995-01-01 00:00:00'::timestamp without time zone) AND (l_discount >= .05::double precision) AND (l_discount <= .07::double precision) AND (l_quantity < 24::double precision)), (LLVM Optimized)"}]}, "Unique SQL Id": 4176715123, "Planner Runtime": 0}, "explain_analyze_plan": null}, "(64, 64)": {"explain_plan": {"Plan": {"Node Type": "Aggregate", "Strategy": "Plain", "Startup Cost": 1813598.15, "Total Cost": 1813598.16, "Plan Rows": 1, "Plan Width": 24, "Plans": [{"Node Type": "Bitmap Heap Scan", "Parent Relationship": "Outer", "Relation Name": "lineitem", "Alias": "lineitem", "Startup Cost": 380421.43, "Total Cost": 1807919.37, "Plan Rows": 1135757, "Plan Width": 16, "Recheck Cond": "((l_shipdate >= '1994-01-01 00:00:00'::timestamp(0) without time zone) AND (l_shipdate < '1995-01-01 00:00:00'::timestamp without time zone) AND (l_discount >= .05::double precision) AND (l_discount <= .07::double precision) AND (l_quantity < 24::double precision)), (LLVM Optimized)", "Plans": [{"Node Type": "Bitmap Index Scan", "Parent Relationship": "Outer", "Index Name": "idx_lineitem_shipdate", "Startup Cost": 0.0, "Total Cost": 380137.49, "Plan Rows": 1135757, "Plan Width": 0, "Index Cond": "((l_shipdate >= '1994-01-01 00:00:00'::timestamp(0) without time zone) AND (l_shipdate < '1995-01-01 00:00:00'::timestamp without time zone) AND (l_discount >= .05::double precision) AND (l_discount <= .07::double precision) AND (l_quantity < 24::double precision))"}]}]}, "Unique SQL Id": 4176715123, "Planner Runtime": 0}, "explain_analyze_plan": {"Plan": {"Node Type": "Aggregate", "Strategy": "Plain", "Startup Cost": 1813598.15, "Total Cost": 1813598.16, "Plan Rows": 1, "Plan Width": 24, "Actual Startup Time": 4431.086, "Actual Total Time": 4431.087, "Actual Rows": 1, "Actual Loops": 1, "Plans": [{"Node Type": "Bitmap Heap Scan", "Parent Relationship": "Outer", "Relation Name": "lineitem", "Alias": "lineitem", "Startup Cost": 380421.43, "Total Cost": 1807919.37, "Plan Rows": 1135757, "Plan Width": 16, "Actual Startup Time": 2128.259, "Actual Total Time": 4094.204, "Actual Rows": 1139264, "Actual Loops": 1, "Recheck Cond": "((l_shipdate >= '1994-01-01 00:00:00'::timestamp(0) without time zone) AND (l_shipdate < '1995-01-01 00:00:00'::timestamp without time zone) AND (l_discount >= .05::double precision) AND (l_discount <= .07::double precision) AND (l_quantity < 24::double precision)), (LLVM Optimized, Jit Execute)", "Rows Removed by Index Recheck": 0, "Exact Heap Blocks": 699048, "Lossy Heap Blocks": 699048, "Plans": [{"Node Type": "Bitmap Index Scan", "Parent Relationship": "Outer", "Index Name": "idx_lineitem_shipdate", "Startup Cost": 0.0, "Total Cost": 380137.49, "Plan Rows": 1135757, "Plan Width": 0, "Actual Startup Time": 1837.038, "Actual Total Time": 1837.038, "Actual Rows": 1139264, "Actual Loops": 1, "Index Cond": "((l_shipdate >= '1994-01-01 00:00:00'::timestamp(0) without time zone) AND (l_shipdate < '1995-01-01 00:00:00'::timestamp without time zone) AND (l_discount >= .05::double precision) AND (l_discount <= .07::double precision) AND (l_quantity < 24::double precision))"}]}]}, "Triggers": [], "Planner Runtime": 0, "Total Runtime": 4441.804, "Unique SQL Id": 4176715123}}, "(64, 65)": {"explain_plan": {"Plan": {"Node Type": "Aggregate", "Strategy": "Plain", "Startup Cost": 1813598.15, "Total Cost": 1813598.16, "Plan Rows": 1, "Plan Width": 24, "Plans": [{"Node Type": "Bitmap Heap Scan", "Parent Relationship": "Outer", "Relation Name": "lineitem", "Alias": "lineitem", "Startup Cost": 380421.43, "Total Cost": 1807919.37, "Plan Rows": 1135757, "Plan Width": 16, "Recheck Cond": "((l_shipdate >= '1994-01-01 00:00:00'::timestamp(0) without time zone) AND (l_shipdate < '1995-01-01 00:00:00'::timestamp without time zone) AND (l_discount >= .05::double precision) AND (l_discount <= .07::double precision) AND (l_quantity < 24::double precision)), (LLVM Optimized)", "Plans": [{"Node Type": "Bitmap Index Scan", "Parent Relationship": "Outer", "Index Name": "idx_lineitem_shipdate", "Startup Cost": 0.0, "Total Cost": 380137.49, "Plan Rows": 1135757, "Plan Width": 0, "Index Cond": "((l_shipdate >= '1994-01-01 00:00:00'::timestamp(0) without time zone) AND (l_shipdate < '1995-01-01 00:00:00'::timestamp without time zone) AND (l_discount >= .05::double precision) AND (l_discount <= .07::double precision) AND (l_quantity < 24::double precision))"}]}]}, "Unique SQL Id": 4176715123, "Planner Runtime": 0}, "explain_analyze_plan": {"Plan": {"Node Type": "Aggregate", "Strategy": "Plain", "Startup Cost": 1813598.15, "Total Cost": 1813598.16, "Plan Rows": 1, "Plan Width": 24, "Actual Startup Time": 4431.086, "Actual Total Time": 4431.087, "Actual Rows": 1, "Actual Loops": 1, "Plans": [{"Node Type": "Bitmap Heap Scan", "Parent Relationship": "Outer", "Relation Name": "lineitem", "Alias": "lineitem", "Startup Cost": 380421.43, "Total Cost": 1807919.37, "Plan Rows": 1135757, "Plan Width": 16, "Actual Startup Time": 2128.259, "Actual Total Time": 4094.204, "Actual Rows": 1139264, "Actual Loops": 1, "Recheck Cond": "((l_shipdate >= '1994-01-01 00:00:00'::timestamp(0) without time zone) AND (l_shipdate < '1995-01-01 00:00:00'::timestamp without time zone) AND (l_discount >= .05::double precision) AND (l_discount <= .07::double precision) AND (l_quantity < 24::double precision)), (LLVM Optimized, Jit Execute)", "Rows Removed by Index Recheck": 0, "Exact Heap Blocks": 699048, "Lossy Heap Blocks": 699048, "Plans": [{"Node Type": "Bitmap Index Scan", "Parent Relationship": "Outer", "Index Name": "idx_lineitem_shipdate", "Startup Cost": 0.0, "Total Cost": 380137.49, "Plan Rows": 1135757, "Plan Width": 0, "Actual Startup Time": 1837.038, "Actual Total Time": 1837.038, "Actual Rows": 1139264, "Actual Loops": 1, "Index Cond": "((l_shipdate >= '1994-01-01 00:00:00'::timestamp(0) without time zone) AND (l_shipdate < '1995-01-01 00:00:00'::timestamp without time zone) AND (l_discount >= .05::double precision) AND (l_discount <= .07::double precision) AND (l_quantity < 24::double precision))"}]}]}, "Triggers": [], "Planner Runtime": 0, "Total Runtime": 4441.804, "Unique SQL Id": 4176715123}}, "(64, 66)": {"explain_plan": {"Plan": {"Node Type": "Aggregate", "Strategy": "Plain", "Startup Cost": 1813598.15, "Total Cost": 1813598.16, "Plan Rows": 1, "Plan Width": 24, "Plans": [{"Node Type": "Bitmap Heap Scan", "Parent Relationship": "Outer", "Relation Name": "lineitem", "Alias": "lineitem", "Startup Cost": 380421.43, "Total Cost": 1807919.37, "Plan Rows": 1135757, "Plan Width": 16, "Recheck Cond": "((l_shipdate >= '1994-01-01 00:00:00'::timestamp(0) without time zone) AND (l_shipdate < '1995-01-01 00:00:00'::timestamp without time zone) AND (l_discount >= .05::double precision) AND (l_discount <= .07::double precision) AND (l_quantity < 24::double precision)), (LLVM Optimized)", "Plans": [{"Node Type": "Bitmap Index Scan", "Parent Relationship": "Outer", "Index Name": "idx_lineitem_shipdate", "Startup Cost": 0.0, "Total Cost": 380137.49, "Plan Rows": 1135757, "Plan Width": 0, "Index Cond": "((l_shipdate >= '1994-01-01 00:00:00'::timestamp(0) without time zone) AND (l_shipdate < '1995-01-01 00:00:00'::timestamp without time zone) AND (l_discount >= .05::double precision) AND (l_discount <= .07::double precision) AND (l_quantity < 24::double precision))"}]}]}, "Unique SQL Id": 4176715123, "Planner Runtime": 0}, "explain_analyze_plan": {"Plan": {"Node Type": "Aggregate", "Strategy": "Plain", "Startup Cost": 1813598.15, "Total Cost": 1813598.16, "Plan Rows": 1, "Plan Width": 24, "Actual Startup Time": 4431.086, "Actual Total Time": 4431.087, "Actual Rows": 1, "Actual Loops": 1, "Plans": [{"Node Type": "Bitmap Heap Scan", "Parent Relationship": "Outer", "Relation Name": "lineitem", "Alias": "lineitem", "Startup Cost": 380421.43, "Total Cost": 1807919.37, "Plan Rows": 1135757, "Plan Width": 16, "Actual Startup Time": 2128.259, "Actual Total Time": 4094.204, "Actual Rows": 1139264, "Actual Loops": 1, "Recheck Cond": "((l_shipdate >= '1994-01-01 00:00:00'::timestamp(0) without time zone) AND (l_shipdate < '1995-01-01 00:00:00'::timestamp without time zone) AND (l_discount >= .05::double precision) AND (l_discount <= .07::double precision) AND (l_quantity < 24::double precision)), (LLVM Optimized, Jit Execute)", "Rows Removed by Index Recheck": 0, "Exact Heap Blocks": 699048, "Lossy Heap Blocks": 699048, "Plans": [{"Node Type": "Bitmap Index Scan", "Parent Relationship": "Outer", "Index Name": "idx_lineitem_shipdate", "Startup Cost": 0.0, "Total Cost": 380137.49, "Plan Rows": 1135757, "Plan Width": 0, "Actual Startup Time": 1837.038, "Actual Total Time": 1837.038, "Actual Rows": 1139264, "Actual Loops": 1, "Index Cond": "((l_shipdate >= '1994-01-01 00:00:00'::timestamp(0) without time zone) AND (l_shipdate < '1995-01-01 00:00:00'::timestamp without time zone) AND (l_discount >= .05::double precision) AND (l_discount <= .07::double precision) AND (l_quantity < 24::double precision))"}]}]}, "Triggers": [], "Planner Runtime": 0, "Total Runtime": 4441.804, "Unique SQL Id": 4176715123}}, "(64, 67)": {"explain_plan": {"Plan": {"Node Type": "Aggregate", "Strategy": "Plain", "Startup Cost": 1813598.15, "Total Cost": 1813598.16, "Plan Rows": 1, "Plan Width": 24, "Plans": [{"Node Type": "Bitmap Heap Scan", "Parent Relationship": "Outer", "Relation Name": "lineitem", "Alias": "lineitem", "Startup Cost": 380421.43, "Total Cost": 1807919.37, "Plan Rows": 1135757, "Plan Width": 16, "Recheck Cond": "((l_shipdate >= '1994-01-01 00:00:00'::timestamp(0) without time zone) AND (l_shipdate < '1995-01-01 00:00:00'::timestamp without time zone) AND (l_discount >= .05::double precision) AND (l_discount <= .07::double precision) AND (l_quantity < 24::double precision)), (LLVM Optimized)", "Plans": [{"Node Type": "Bitmap Index Scan", "Parent Relationship": "Outer", "Index Name": "idx_lineitem_shipdate", "Startup Cost": 0.0, "Total Cost": 380137.49, "Plan Rows": 1135757, "Plan Width": 0, "Index Cond": "((l_shipdate >= '1994-01-01 00:00:00'::timestamp(0) without time zone) AND (l_shipdate < '1995-01-01 00:00:00'::timestamp without time zone) AND (l_discount >= .05::double precision) AND (l_discount <= .07::double precision) AND (l_quantity < 24::double precision))"}]}]}, "Unique SQL Id": 4176715123, "Planner Runtime": 0}, "explain_analyze_plan": {"Plan": {"Node Type": "Aggregate", "Strategy": "Plain", "Startup Cost": 1813598.15, "Total Cost": 1813598.16, "Plan Rows": 1, "Plan Width": 24, "Actual Startup Time": 4431.086, "Actual Total Time": 4431.087, "Actual Rows": 1, "Actual Loops": 1, "Plans": [{"Node Type": "Bitmap Heap Scan", "Parent Relationship": "Outer", "Relation Name": "lineitem", "Alias": "lineitem", "Startup Cost": 380421.43, "Total Cost": 1807919.37, "Plan Rows": 1135757, "Plan Width": 16, "Actual Startup Time": 2128.259, "Actual Total Time": 4094.204, "Actual Rows": 1139264, "Actual Loops": 1, "Recheck Cond": "((l_shipdate >= '1994-01-01 00:00:00'::timestamp(0) without time zone) AND (l_shipdate < '1995-01-01 00:00:00'::timestamp without time zone) AND (l_discount >= .05::double precision) AND (l_discount <= .07::double precision) AND (l_quantity < 24::double precision)), (LLVM Optimized, Jit Execute)", "Rows Removed by Index Recheck": 0, "Exact Heap Blocks": 699048, "Lossy Heap Blocks": 699048, "Plans": [{"Node Type": "Bitmap Index Scan", "Parent Relationship": "Outer", "Index Name": "idx_lineitem_shipdate", "Startup Cost": 0.0, "Total Cost": 380137.49, "Plan Rows": 1135757, "Plan Width": 0, "Actual Startup Time": 1837.038, "Actual Total Time": 1837.038, "Actual Rows": 1139264, "Actual Loops": 1, "Index Cond": "((l_shipdate >= '1994-01-01 00:00:00'::timestamp(0) without time zone) AND (l_shipdate < '1995-01-01 00:00:00'::timestamp without time zone) AND (l_discount >= .05::double precision) AND (l_discount <= .07::double precision) AND (l_quantity < 24::double precision))"}]}]}, "Triggers": [], "Planner Runtime": 0, "Total Runtime": 4441.804, "Unique SQL Id": 4176715123}}, "(64, 68)": {"explain_plan": {"Plan": {"Node Type": "Aggregate", "Strategy": "Plain", "Startup Cost": 1813598.15, "Total Cost": 1813598.16, "Plan Rows": 1, "Plan Width": 24, "Plans": [{"Node Type": "Bitmap Heap Scan", "Parent Relationship": "Outer", "Relation Name": "lineitem", "Alias": "lineitem", "Startup Cost": 380421.43, "Total Cost": 1807919.37, "Plan Rows": 1135757, "Plan Width": 16, "Recheck Cond": "((l_shipdate >= '1994-01-01 00:00:00'::timestamp(0) without time zone) AND (l_shipdate < '1995-01-01 00:00:00'::timestamp without time zone) AND (l_discount >= .05::double precision) AND (l_discount <= .07::double precision) AND (l_quantity < 24::double precision)), (LLVM Optimized)", "Plans": [{"Node Type": "Bitmap Index Scan", "Parent Relationship": "Outer", "Index Name": "idx_lineitem_shipdate", "Startup Cost": 0.0, "Total Cost": 380137.49, "Plan Rows": 1135757, "Plan Width": 0, "Index Cond": "((l_shipdate >= '1994-01-01 00:00:00'::timestamp(0) without time zone) AND (l_shipdate < '1995-01-01 00:00:00'::timestamp without time zone) AND (l_discount >= .05::double precision) AND (l_discount <= .07::double precision) AND (l_quantity < 24::double precision))"}]}]}, "Unique SQL Id": 4176715123, "Planner Runtime": 0}, "explain_analyze_plan": {"Plan": {"Node Type": "Aggregate", "Strategy": "Plain", "Startup Cost": 1813598.15, "Total Cost": 1813598.16, "Plan Rows": 1, "Plan Width": 24, "Actual Startup Time": 4431.086, "Actual Total Time": 4431.087, "Actual Rows": 1, "Actual Loops": 1, "Plans": [{"Node Type": "Bitmap Heap Scan", "Parent Relationship": "Outer", "Relation Name": "lineitem", "Alias": "lineitem", "Startup Cost": 380421.43, "Total Cost": 1807919.37, "Plan Rows": 1135757, "Plan Width": 16, "Actual Startup Time": 2128.259, "Actual Total Time": 4094.204, "Actual Rows": 1139264, "Actual Loops": 1, "Recheck Cond": "((l_shipdate >= '1994-01-01 00:00:00'::timestamp(0) without time zone) AND (l_shipdate < '1995-01-01 00:00:00'::timestamp without time zone) AND (l_discount >= .05::double precision) AND (l_discount <= .07::double precision) AND (l_quantity < 24::double precision)), (LLVM Optimized, Jit Execute)", "Rows Removed by Index Recheck": 0, "Exact Heap Blocks": 699048, "Lossy Heap Blocks": 699048, "Plans": [{"Node Type": "Bitmap Index Scan", "Parent Relationship": "Outer", "Index Name": "idx_lineitem_shipdate", "Startup Cost": 0.0, "Total Cost": 380137.49, "Plan Rows": 1135757, "Plan Width": 0, "Actual Startup Time": 1837.038, "Actual Total Time": 1837.038, "Actual Rows": 1139264, "Actual Loops": 1, "Index Cond": "((l_shipdate >= '1994-01-01 00:00:00'::timestamp(0) without time zone) AND (l_shipdate < '1995-01-01 00:00:00'::timestamp without time zone) AND (l_discount >= .05::double precision) AND (l_discount <= .07::double precision) AND (l_quantity < 24::double precision))"}]}]}, "Triggers": [], "Planner Runtime": 0, "Total Runtime": 4441.804, "Unique SQL Id": 4176715123}}, "(64, 69)": {"explain_plan": {"Plan": {"Node Type": "Aggregate", "Strategy": "Plain", "Startup Cost": 1813598.15, "Total Cost": 1813598.16, "Plan Rows": 1, "Plan Width": 24, "Plans": [{"Node Type": "Bitmap Heap Scan", "Parent Relationship": "Outer", "Relation Name": "lineitem", "Alias": "lineitem", "Startup Cost": 380421.43, "Total Cost": 1807919.37, "Plan Rows": 1135757, "Plan Width": 16, "Recheck Cond": "((l_shipdate >= '1994-01-01 00:00:00'::timestamp(0) without time zone) AND (l_shipdate < '1995-01-01 00:00:00'::timestamp without time zone) AND (l_discount >= .05::double precision) AND (l_discount <= .07::double precision) AND (l_quantity < 24::double precision)), (LLVM Optimized)", "Plans": [{"Node Type": "Bitmap Index Scan", "Parent Relationship": "Outer", "Index Name": "idx_lineitem_shipdate", "Startup Cost": 0.0, "Total Cost": 380137.49, "Plan Rows": 1135757, "Plan Width": 0, "Index Cond": "((l_shipdate >= '1994-01-01 00:00:00'::timestamp(0) without time zone) AND (l_shipdate < '1995-01-01 00:00:00'::timestamp without time zone) AND (l_discount >= .05::double precision) AND (l_discount <= .07::double precision) AND (l_quantity < 24::double precision))"}]}]}, "Unique SQL Id": 4176715123, "Planner Runtime": 0}, "explain_analyze_plan": {"Plan": {"Node Type": "Aggregate", "Strategy": "Plain", "Startup Cost": 1813598.15, "Total Cost": 1813598.16, "Plan Rows": 1, "Plan Width": 24, "Actual Startup Time": 4431.086, "Actual Total Time": 4431.087, "Actual Rows": 1, "Actual Loops": 1, "Plans": [{"Node Type": "Bitmap Heap Scan", "Parent Relationship": "Outer", "Relation Name": "lineitem", "Alias": "lineitem", "Startup Cost": 380421.43, "Total Cost": 1807919.37, "Plan Rows": 1135757, "Plan Width": 16, "Actual Startup Time": 2128.259, "Actual Total Time": 4094.204, "Actual Rows": 1139264, "Actual Loops": 1, "Recheck Cond": "((l_shipdate >= '1994-01-01 00:00:00'::timestamp(0) without time zone) AND (l_shipdate < '1995-01-01 00:00:00'::timestamp without time zone) AND (l_discount >= .05::double precision) AND (l_discount <= .07::double precision) AND (l_quantity < 24::double precision)), (LLVM Optimized, Jit Execute)", "Rows Removed by Index Recheck": 0, "Exact Heap Blocks": 699048, "Lossy Heap Blocks": 699048, "Plans": [{"Node Type": "Bitmap Index Scan", "Parent Relationship": "Outer", "Index Name": "idx_lineitem_shipdate", "Startup Cost": 0.0, "Total Cost": 380137.49, "Plan Rows": 1135757, "Plan Width": 0, "Actual Startup Time": 1837.038, "Actual Total Time": 1837.038, "Actual Rows": 1139264, "Actual Loops": 1, "Index Cond": "((l_shipdate >= '1994-01-01 00:00:00'::timestamp(0) without time zone) AND (l_shipdate < '1995-01-01 00:00:00'::timestamp without time zone) AND (l_discount >= .05::double precision) AND (l_discount <= .07::double precision) AND (l_quantity < 24::double precision))"}]}]}, "Triggers": [], "Planner Runtime": 0, "Total Runtime": 4441.804, "Unique SQL Id": 4176715123}}, "(64, 70)": {"explain_plan": {"Plan": {"Node Type": "Aggregate", "Strategy": "Plain", "Startup Cost": 1813598.15, "Total Cost": 1813598.16, "Plan Rows": 1, "Plan Width": 24, "Plans": [{"Node Type": "Bitmap Heap Scan", "Parent Relationship": "Outer", "Relation Name": "lineitem", "Alias": "lineitem", "Startup Cost": 380421.43, "Total Cost": 1807919.37, "Plan Rows": 1135757, "Plan Width": 16, "Recheck Cond": "((l_shipdate >= '1994-01-01 00:00:00'::timestamp(0) without time zone) AND (l_shipdate < '1995-01-01 00:00:00'::timestamp without time zone) AND (l_discount >= .05::double precision) AND (l_discount <= .07::double precision) AND (l_quantity < 24::double precision)), (LLVM Optimized)", "Plans": [{"Node Type": "Bitmap Index Scan", "Parent Relationship": "Outer", "Index Name": "idx_lineitem_shipdate", "Startup Cost": 0.0, "Total Cost": 380137.49, "Plan Rows": 1135757, "Plan Width": 0, "Index Cond": "((l_shipdate >= '1994-01-01 00:00:00'::timestamp(0) without time zone) AND (l_shipdate < '1995-01-01 00:00:00'::timestamp without time zone) AND (l_discount >= .05::double precision) AND (l_discount <= .07::double precision) AND (l_quantity < 24::double precision))"}]}]}, "Unique SQL Id": 4176715123, "Planner Runtime": 0}, "explain_analyze_plan": {"Plan": {"Node Type": "Aggregate", "Strategy": "Plain", "Startup Cost": 1813598.15, "Total Cost": 1813598.16, "Plan Rows": 1, "Plan Width": 24, "Actual Startup Time": 4431.086, "Actual Total Time": 4431.087, "Actual Rows": 1, "Actual Loops": 1, "Plans": [{"Node Type": "Bitmap Heap Scan", "Parent Relationship": "Outer", "Relation Name": "lineitem", "Alias": "lineitem", "Startup Cost": 380421.43, "Total Cost": 1807919.37, "Plan Rows": 1135757, "Plan Width": 16, "Actual Startup Time": 2128.259, "Actual Total Time": 4094.204, "Actual Rows": 1139264, "Actual Loops": 1, "Recheck Cond": "((l_shipdate >= '1994-01-01 00:00:00'::timestamp(0) without time zone) AND (l_shipdate < '1995-01-01 00:00:00'::timestamp without time zone) AND (l_discount >= .05::double precision) AND (l_discount <= .07::double precision) AND (l_quantity < 24::double precision)), (LLVM Optimized, Jit Execute)", "Rows Removed by Index Recheck": 0, "Exact Heap Blocks": 699048, "Lossy Heap Blocks": 699048, "Plans": [{"Node Type": "Bitmap Index Scan", "Parent Relationship": "Outer", "Index Name": "idx_lineitem_shipdate", "Startup Cost": 0.0, "Total Cost": 380137.49, "Plan Rows": 1135757, "Plan Width": 0, "Actual Startup Time": 1837.038, "Actual Total Time": 1837.038, "Actual Rows": 1139264, "Actual Loops": 1, "Index Cond": "((l_shipdate >= '1994-01-01 00:00:00'::timestamp(0) without time zone) AND (l_shipdate < '1995-01-01 00:00:00'::timestamp without time zone) AND (l_discount >= .05::double precision) AND (l_discount <= .07::double precision) AND (l_quantity < 24::double precision))"}]}]}, "Triggers": [], "Planner Runtime": 0, "Total Runtime": 4441.804, "Unique SQL Id": 4176715123}}, "(64, 71)": {"explain_plan": {"Plan": {"Node Type": "Aggregate", "Strategy": "Plain", "Startup Cost": 1813598.15, "Total Cost": 1813598.16, "Plan Rows": 1, "Plan Width": 24, "Plans": [{"Node Type": "Bitmap Heap Scan", "Parent Relationship": "Outer", "Relation Name": "lineitem", "Alias": "lineitem", "Startup Cost": 380421.43, "Total Cost": 1807919.37, "Plan Rows": 1135757, "Plan Width": 16, "Recheck Cond": "((l_shipdate >= '1994-01-01 00:00:00'::timestamp(0) without time zone) AND (l_shipdate < '1995-01-01 00:00:00'::timestamp without time zone) AND (l_discount >= .05::double precision) AND (l_discount <= .07::double precision) AND (l_quantity < 24::double precision)), (LLVM Optimized)", "Plans": [{"Node Type": "Bitmap Index Scan", "Parent Relationship": "Outer", "Index Name": "idx_lineitem_shipdate", "Startup Cost": 0.0, "Total Cost": 380137.49, "Plan Rows": 1135757, "Plan Width": 0, "Index Cond": "((l_shipdate >= '1994-01-01 00:00:00'::timestamp(0) without time zone) AND (l_shipdate < '1995-01-01 00:00:00'::timestamp without time zone) AND (l_discount >= .05::double precision) AND (l_discount <= .07::double precision) AND (l_quantity < 24::double precision))"}]}]}, "Unique SQL Id": 4176715123, "Planner Runtime": 0}, "explain_analyze_plan": {"Plan": {"Node Type": "Aggregate", "Strategy": "Plain", "Startup Cost": 1813598.15, "Total Cost": 1813598.16, "Plan Rows": 1, "Plan Width": 24, "Actual Startup Time": 4431.086, "Actual Total Time": 4431.087, "Actual Rows": 1, "Actual Loops": 1, "Plans": [{"Node Type": "Bitmap Heap Scan", "Parent Relationship": "Outer", "Relation Name": "lineitem", "Alias": "lineitem", "Startup Cost": 380421.43, "Total Cost": 1807919.37, "Plan Rows": 1135757, "Plan Width": 16, "Actual Startup Time": 2128.259, "Actual Total Time": 4094.204, "Actual Rows": 1139264, "Actual Loops": 1, "Recheck Cond": "((l_shipdate >= '1994-01-01 00:00:00'::timestamp(0) without time zone) AND (l_shipdate < '1995-01-01 00:00:00'::timestamp without time zone) AND (l_discount >= .05::double precision) AND (l_discount <= .07::double precision) AND (l_quantity < 24::double precision)), (LLVM Optimized, Jit Execute)", "Rows Removed by Index Recheck": 0, "Exact Heap Blocks": 699048, "Lossy Heap Blocks": 699048, "Plans": [{"Node Type": "Bitmap Index Scan", "Parent Relationship": "Outer", "Index Name": "idx_lineitem_shipdate", "Startup Cost": 0.0, "Total Cost": 380137.49, "Plan Rows": 1135757, "Plan Width": 0, "Actual Startup Time": 1837.038, "Actual Total Time": 1837.038, "Actual Rows": 1139264, "Actual Loops": 1, "Index Cond": "((l_shipdate >= '1994-01-01 00:00:00'::timestamp(0) without time zone) AND (l_shipdate < '1995-01-01 00:00:00'::timestamp without time zone) AND (l_discount >= .05::double precision) AND (l_discount <= .07::double precision) AND (l_quantity < 24::double precision))"}]}]}, "Triggers": [], "Planner Runtime": 0, "Total Runtime": 4441.804, "Unique SQL Id": 4176715123}}, "(64, 72)": {"explain_plan": {"Plan": {"Node Type": "Aggregate", "Strategy": "Plain", "Startup Cost": 2770632.03, "Total Cost": 2770632.04, "Plan Rows": 1, "Plan Width": 24, "Plans": [{"Node Type": "Seq Scan", "Parent Relationship": "Outer", "Relation Name": "lineitem", "Alias": "lineitem", "Startup Cost": 110942.73, "Total Cost": 2764953.24, "Plan Rows": 1135757, "Plan Width": 16, "Filter": "((l_shipdate >= '1994-01-01 00:00:00'::timestamp(0) without time zone) AND (l_shipdate < '1995-01-01 00:00:00'::timestamp without time zone) AND (l_discount >= .05::double precision) AND (l_discount <= .07::double precision) AND (l_quantity < 24::double precision)), (LLVM Optimized)"}]}, "Unique SQL Id": 4176715123, "Planner Runtime": 0}, "explain_analyze_plan": null}, "(64, 73)": {"explain_plan": {"Plan": {"Node Type": "Aggregate", "Strategy": "Plain", "Startup Cost": 3639281.83, "Total Cost": 3639281.84, "Plan Rows": 1, "Plan Width": 24, "Plans": [{"Node Type": "Index Scan", "Parent Relationship": "Outer", "Scan Direction": "Forward", "Index Name": "idx_lineitem_shipdate", "Relation Name": "lineitem", "Alias": "lineitem", "Startup Cost": 0.0, "Total Cost": 3633603.05, "Plan Rows": 1135757, "Plan Width": 16, "Index Cond": "((l_shipdate >= '1994-01-01 00:00:00'::timestamp(0) without time zone) AND (l_shipdate < '1995-01-01 00:00:00'::timestamp without time zone) AND (l_discount >= .05::double precision) AND (l_discount <= .07::double precision) AND (l_quantity < 24::double precision)), (LLVM Optimized)"}]}, "Unique SQL Id": 4176715123, "Planner Runtime": 0}, "explain_analyze_plan": {"Plan": {"Node Type": "Aggregate", "Strategy": "Plain", "Startup Cost": 3639281.83, "Total Cost": 3639281.84, "Plan Rows": 1, "Plan Width": 24, "Actual Startup Time": 4547.635, "Actual Total Time": 4547.636, "Actual Rows": 1, "Actual Loops": 1, "Plans": [{"Node Type": "Index Scan", "Parent Relationship": "Outer", "Scan Direction": "Forward", "Index Name": "idx_lineitem_shipdate", "Relation Name": "lineitem", "Alias": "lineitem", "Startup Cost": 0.0, "Total Cost": 3633603.05, "Plan Rows": 1135757, "Plan Width": 16, "Actual Startup Time": 0.072, "Actual Total Time": 4197.463, "Actual Rows": 1139264, "Actual Loops": 1, "Index Cond": "((l_shipdate >= '1994-01-01 00:00:00'::timestamp(0) without time zone) AND (l_shipdate < '1995-01-01 00:00:00'::timestamp without time zone) AND (l_discount >= .05::double precision) AND (l_discount <= .07::double precision) AND (l_quantity < 24::double precision)), (LLVM Optimized, Jit Execute)", "Rows Removed by Index Recheck": 0}]}, "Triggers": [], "Planner Runtime": 0, "Total Runtime": 4557.557, "Unique SQL Id": 4176715123}}, "(64, 74)": {"explain_plan": {"Plan": {"Node Type": "Aggregate", "Strategy": "Plain", "Startup Cost": 2770632.03, "Total Cost": 2770632.04, "Plan Rows": 1, "Plan Width": 24, "Plans": [{"Node Type": "Seq Scan", "Parent Relationship": "Outer", "Relation Name": "lineitem", "Alias": "lineitem", "Startup Cost": 110942.73, "Total Cost": 2764953.24, "Plan Rows": 1135757, "Plan Width": 16, "Filter": "((l_shipdate >= '1994-01-01 00:00:00'::timestamp(0) without time zone) AND (l_shipdate < '1995-01-01 00:00:00'::timestamp without time zone) AND (l_discount >= .05::double precision) AND (l_discount <= .07::double precision) AND (l_quantity < 24::double precision)), (LLVM Optimized)"}]}, "Unique SQL Id": 4176715123, "Planner Runtime": 0}, "explain_analyze_plan": null}, "(64, 75)": {"explain_plan": {"Plan": {"Node Type": "Aggregate", "Strategy": "Plain", "Startup Cost": 1000276501003.04, "Total Cost": 1000276501003.05, "Plan Rows": 1, "Plan Width": 24, "Plans": [{"Node Type": "Seq Scan", "Parent Relationship": "Outer", "Relation Name": "lineitem", "Alias": "lineitem", "Startup Cost": 10000109520.02, "Total Cost": 1000276495324.25, "Plan Rows": 1135757, "Plan Width": 16, "Filter": "((l_shipdate >= '1994-01-01 00:00:00'::timestamp(0) without time zone) AND (l_shipdate < '1995-01-01 00:00:00'::timestamp without time zone) AND (l_discount >= .05::double precision) AND (l_discount <= .07::double precision) AND (l_quantity < 24::double precision)), (LLVM Optimized)"}]}, "Unique SQL Id": 4176715123, "Planner Runtime": 0}, "explain_analyze_plan": null}, "(64, 76)": {"explain_plan": {"Plan": {"Node Type": "Aggregate", "Strategy": "Plain", "Startup Cost": 2770632.03, "Total Cost": 2770632.04, "Plan Rows": 1, "Plan Width": 24, "Plans": [{"Node Type": "Seq Scan", "Parent Relationship": "Outer", "Relation Name": "lineitem", "Alias": "lineitem", "Startup Cost": 110942.73, "Total Cost": 2764953.24, "Plan Rows": 1135757, "Plan Width": 16, "Filter": "((l_shipdate >= '1994-01-01 00:00:00'::timestamp(0) without time zone) AND (l_shipdate < '1995-01-01 00:00:00'::timestamp without time zone) AND (l_discount >= .05::double precision) AND (l_discount <= .07::double precision) AND (l_quantity < 24::double precision)), (LLVM Optimized)"}]}, "Unique SQL Id": 4176715123, "Planner Runtime": 0}, "explain_analyze_plan": null}, "(64, 77)": {"explain_plan": {"Plan": {"Node Type": "Aggregate", "Strategy": "Plain", "Startup Cost": 3639281.83, "Total Cost": 3639281.84, "Plan Rows": 1, "Plan Width": 24, "Plans": [{"Node Type": "Index Scan", "Parent Relationship": "Outer", "Scan Direction": "Forward", "Index Name": "idx_lineitem_shipdate", "Relation Name": "lineitem", "Alias": "lineitem", "Startup Cost": 0.0, "Total Cost": 3633603.05, "Plan Rows": 1135757, "Plan Width": 16, "Index Cond": "((l_shipdate >= '1994-01-01 00:00:00'::timestamp(0) without time zone) AND (l_shipdate < '1995-01-01 00:00:00'::timestamp without time zone) AND (l_discount >= .05::double precision) AND (l_discount <= .07::double precision) AND (l_quantity < 24::double precision)), (LLVM Optimized)"}]}, "Unique SQL Id": 4176715123, "Planner Runtime": 0}, "explain_analyze_plan": {"Plan": {"Node Type": "Aggregate", "Strategy": "Plain", "Startup Cost": 3639281.83, "Total Cost": 3639281.84, "Plan Rows": 1, "Plan Width": 24, "Actual Startup Time": 4547.635, "Actual Total Time": 4547.636, "Actual Rows": 1, "Actual Loops": 1, "Plans": [{"Node Type": "Index Scan", "Parent Relationship": "Outer", "Scan Direction": "Forward", "Index Name": "idx_lineitem_shipdate", "Relation Name": "lineitem", "Alias": "lineitem", "Startup Cost": 0.0, "Total Cost": 3633603.05, "Plan Rows": 1135757, "Plan Width": 16, "Actual Startup Time": 0.072, "Actual Total Time": 4197.463, "Actual Rows": 1139264, "Actual Loops": 1, "Index Cond": "((l_shipdate >= '1994-01-01 00:00:00'::timestamp(0) without time zone) AND (l_shipdate < '1995-01-01 00:00:00'::timestamp without time zone) AND (l_discount >= .05::double precision) AND (l_discount <= .07::double precision) AND (l_quantity < 24::double precision)), (LLVM Optimized, Jit Execute)", "Rows Removed by Index Recheck": 0}]}, "Triggers": [], "Planner Runtime": 0, "Total Runtime": 4557.557, "Unique SQL Id": 4176715123}}, "(64, 78)": {"explain_plan": {"Plan": {"Node Type": "Aggregate", "Strategy": "Plain", "Startup Cost": 2770632.03, "Total Cost": 2770632.04, "Plan Rows": 1, "Plan Width": 24, "Plans": [{"Node Type": "Seq Scan", "Parent Relationship": "Outer", "Relation Name": "lineitem", "Alias": "lineitem", "Startup Cost": 110942.73, "Total Cost": 2764953.24, "Plan Rows": 1135757, "Plan Width": 16, "Filter": "((l_shipdate >= '1994-01-01 00:00:00'::timestamp(0) without time zone) AND (l_shipdate < '1995-01-01 00:00:00'::timestamp without time zone) AND (l_discount >= .05::double precision) AND (l_discount <= .07::double precision) AND (l_quantity < 24::double precision)), (LLVM Optimized)"}]}, "Unique SQL Id": 4176715123, "Planner Runtime": 0}, "explain_analyze_plan": null}, "(64, 79)": {"explain_plan": {"Plan": {"Node Type": "Aggregate", "Strategy": "Plain", "Startup Cost": 1000276501003.04, "Total Cost": 1000276501003.05, "Plan Rows": 1, "Plan Width": 24, "Plans": [{"Node Type": "Seq Scan", "Parent Relationship": "Outer", "Relation Name": "lineitem", "Alias": "lineitem", "Startup Cost": 10000109520.02, "Total Cost": 1000276495324.25, "Plan Rows": 1135757, "Plan Width": 16, "Filter": "((l_shipdate >= '1994-01-01 00:00:00'::timestamp(0) without time zone) AND (l_shipdate < '1995-01-01 00:00:00'::timestamp without time zone) AND (l_discount >= .05::double precision) AND (l_discount <= .07::double precision) AND (l_quantity < 24::double precision)), (LLVM Optimized)"}]}, "Unique SQL Id": 4176715123, "Planner Runtime": 0}, "explain_analyze_plan": null}, "(64, 80)": {"explain_plan": {"Plan": {"Node Type": "Aggregate", "Strategy": "Plain", "Startup Cost": 1813598.15, "Total Cost": 1813598.16, "Plan Rows": 1, "Plan Width": 24, "Plans": [{"Node Type": "Bitmap Heap Scan", "Parent Relationship": "Outer", "Relation Name": "lineitem", "Alias": "lineitem", "Startup Cost": 380421.43, "Total Cost": 1807919.37, "Plan Rows": 1135757, "Plan Width": 16, "Recheck Cond": "((l_shipdate >= '1994-01-01 00:00:00'::timestamp(0) without time zone) AND (l_shipdate < '1995-01-01 00:00:00'::timestamp without time zone) AND (l_discount >= .05::double precision) AND (l_discount <= .07::double precision) AND (l_quantity < 24::double precision)), (LLVM Optimized)", "Plans": [{"Node Type": "Bitmap Index Scan", "Parent Relationship": "Outer", "Index Name": "idx_lineitem_shipdate", "Startup Cost": 0.0, "Total Cost": 380137.49, "Plan Rows": 1135757, "Plan Width": 0, "Index Cond": "((l_shipdate >= '1994-01-01 00:00:00'::timestamp(0) without time zone) AND (l_shipdate < '1995-01-01 00:00:00'::timestamp without time zone) AND (l_discount >= .05::double precision) AND (l_discount <= .07::double precision) AND (l_quantity < 24::double precision))"}]}]}, "Unique SQL Id": 4176715123, "Planner Runtime": 0}, "explain_analyze_plan": {"Plan": {"Node Type": "Aggregate", "Strategy": "Plain", "Startup Cost": 1813598.15, "Total Cost": 1813598.16, "Plan Rows": 1, "Plan Width": 24, "Actual Startup Time": 4431.086, "Actual Total Time": 4431.087, "Actual Rows": 1, "Actual Loops": 1, "Plans": [{"Node Type": "Bitmap Heap Scan", "Parent Relationship": "Outer", "Relation Name": "lineitem", "Alias": "lineitem", "Startup Cost": 380421.43, "Total Cost": 1807919.37, "Plan Rows": 1135757, "Plan Width": 16, "Actual Startup Time": 2128.259, "Actual Total Time": 4094.204, "Actual Rows": 1139264, "Actual Loops": 1, "Recheck Cond": "((l_shipdate >= '1994-01-01 00:00:00'::timestamp(0) without time zone) AND (l_shipdate < '1995-01-01 00:00:00'::timestamp without time zone) AND (l_discount >= .05::double precision) AND (l_discount <= .07::double precision) AND (l_quantity < 24::double precision)), (LLVM Optimized, Jit Execute)", "Rows Removed by Index Recheck": 0, "Exact Heap Blocks": 699048, "Lossy Heap Blocks": 699048, "Plans": [{"Node Type": "Bitmap Index Scan", "Parent Relationship": "Outer", "Index Name": "idx_lineitem_shipdate", "Startup Cost": 0.0, "Total Cost": 380137.49, "Plan Rows": 1135757, "Plan Width": 0, "Actual Startup Time": 1837.038, "Actual Total Time": 1837.038, "Actual Rows": 1139264, "Actual Loops": 1, "Index Cond": "((l_shipdate >= '1994-01-01 00:00:00'::timestamp(0) without time zone) AND (l_shipdate < '1995-01-01 00:00:00'::timestamp without time zone) AND (l_discount >= .05::double precision) AND (l_discount <= .07::double precision) AND (l_quantity < 24::double precision))"}]}]}, "Triggers": [], "Planner Runtime": 0, "Total Runtime": 4441.804, "Unique SQL Id": 4176715123}}, "(64, 81)": {"explain_plan": {"Plan": {"Node Type": "Aggregate", "Strategy": "Plain", "Startup Cost": 1813598.15, "Total Cost": 1813598.16, "Plan Rows": 1, "Plan Width": 24, "Plans": [{"Node Type": "Bitmap Heap Scan", "Parent Relationship": "Outer", "Relation Name": "lineitem", "Alias": "lineitem", "Startup Cost": 380421.43, "Total Cost": 1807919.37, "Plan Rows": 1135757, "Plan Width": 16, "Recheck Cond": "((l_shipdate >= '1994-01-01 00:00:00'::timestamp(0) without time zone) AND (l_shipdate < '1995-01-01 00:00:00'::timestamp without time zone) AND (l_discount >= .05::double precision) AND (l_discount <= .07::double precision) AND (l_quantity < 24::double precision)), (LLVM Optimized)", "Plans": [{"Node Type": "Bitmap Index Scan", "Parent Relationship": "Outer", "Index Name": "idx_lineitem_shipdate", "Startup Cost": 0.0, "Total Cost": 380137.49, "Plan Rows": 1135757, "Plan Width": 0, "Index Cond": "((l_shipdate >= '1994-01-01 00:00:00'::timestamp(0) without time zone) AND (l_shipdate < '1995-01-01 00:00:00'::timestamp without time zone) AND (l_discount >= .05::double precision) AND (l_discount <= .07::double precision) AND (l_quantity < 24::double precision))"}]}]}, "Unique SQL Id": 4176715123, "Planner Runtime": 0}, "explain_analyze_plan": {"Plan": {"Node Type": "Aggregate", "Strategy": "Plain", "Startup Cost": 1813598.15, "Total Cost": 1813598.16, "Plan Rows": 1, "Plan Width": 24, "Actual Startup Time": 4431.086, "Actual Total Time": 4431.087, "Actual Rows": 1, "Actual Loops": 1, "Plans": [{"Node Type": "Bitmap Heap Scan", "Parent Relationship": "Outer", "Relation Name": "lineitem", "Alias": "lineitem", "Startup Cost": 380421.43, "Total Cost": 1807919.37, "Plan Rows": 1135757, "Plan Width": 16, "Actual Startup Time": 2128.259, "Actual Total Time": 4094.204, "Actual Rows": 1139264, "Actual Loops": 1, "Recheck Cond": "((l_shipdate >= '1994-01-01 00:00:00'::timestamp(0) without time zone) AND (l_shipdate < '1995-01-01 00:00:00'::timestamp without time zone) AND (l_discount >= .05::double precision) AND (l_discount <= .07::double precision) AND (l_quantity < 24::double precision)), (LLVM Optimized, Jit Execute)", "Rows Removed by Index Recheck": 0, "Exact Heap Blocks": 699048, "Lossy Heap Blocks": 699048, "Plans": [{"Node Type": "Bitmap Index Scan", "Parent Relationship": "Outer", "Index Name": "idx_lineitem_shipdate", "Startup Cost": 0.0, "Total Cost": 380137.49, "Plan Rows": 1135757, "Plan Width": 0, "Actual Startup Time": 1837.038, "Actual Total Time": 1837.038, "Actual Rows": 1139264, "Actual Loops": 1, "Index Cond": "((l_shipdate >= '1994-01-01 00:00:00'::timestamp(0) without time zone) AND (l_shipdate < '1995-01-01 00:00:00'::timestamp without time zone) AND (l_discount >= .05::double precision) AND (l_discount <= .07::double precision) AND (l_quantity < 24::double precision))"}]}]}, "Triggers": [], "Planner Runtime": 0, "Total Runtime": 4441.804, "Unique SQL Id": 4176715123}}, "(64, 82)": {"explain_plan": {"Plan": {"Node Type": "Aggregate", "Strategy": "Plain", "Startup Cost": 1813598.15, "Total Cost": 1813598.16, "Plan Rows": 1, "Plan Width": 24, "Plans": [{"Node Type": "Bitmap Heap Scan", "Parent Relationship": "Outer", "Relation Name": "lineitem", "Alias": "lineitem", "Startup Cost": 380421.43, "Total Cost": 1807919.37, "Plan Rows": 1135757, "Plan Width": 16, "Recheck Cond": "((l_shipdate >= '1994-01-01 00:00:00'::timestamp(0) without time zone) AND (l_shipdate < '1995-01-01 00:00:00'::timestamp without time zone) AND (l_discount >= .05::double precision) AND (l_discount <= .07::double precision) AND (l_quantity < 24::double precision)), (LLVM Optimized)", "Plans": [{"Node Type": "Bitmap Index Scan", "Parent Relationship": "Outer", "Index Name": "idx_lineitem_shipdate", "Startup Cost": 0.0, "Total Cost": 380137.49, "Plan Rows": 1135757, "Plan Width": 0, "Index Cond": "((l_shipdate >= '1994-01-01 00:00:00'::timestamp(0) without time zone) AND (l_shipdate < '1995-01-01 00:00:00'::timestamp without time zone) AND (l_discount >= .05::double precision) AND (l_discount <= .07::double precision) AND (l_quantity < 24::double precision))"}]}]}, "Unique SQL Id": 4176715123, "Planner Runtime": 0}, "explain_analyze_plan": {"Plan": {"Node Type": "Aggregate", "Strategy": "Plain", "Startup Cost": 1813598.15, "Total Cost": 1813598.16, "Plan Rows": 1, "Plan Width": 24, "Actual Startup Time": 4431.086, "Actual Total Time": 4431.087, "Actual Rows": 1, "Actual Loops": 1, "Plans": [{"Node Type": "Bitmap Heap Scan", "Parent Relationship": "Outer", "Relation Name": "lineitem", "Alias": "lineitem", "Startup Cost": 380421.43, "Total Cost": 1807919.37, "Plan Rows": 1135757, "Plan Width": 16, "Actual Startup Time": 2128.259, "Actual Total Time": 4094.204, "Actual Rows": 1139264, "Actual Loops": 1, "Recheck Cond": "((l_shipdate >= '1994-01-01 00:00:00'::timestamp(0) without time zone) AND (l_shipdate < '1995-01-01 00:00:00'::timestamp without time zone) AND (l_discount >= .05::double precision) AND (l_discount <= .07::double precision) AND (l_quantity < 24::double precision)), (LLVM Optimized, Jit Execute)", "Rows Removed by Index Recheck": 0, "Exact Heap Blocks": 699048, "Lossy Heap Blocks": 699048, "Plans": [{"Node Type": "Bitmap Index Scan", "Parent Relationship": "Outer", "Index Name": "idx_lineitem_shipdate", "Startup Cost": 0.0, "Total Cost": 380137.49, "Plan Rows": 1135757, "Plan Width": 0, "Actual Startup Time": 1837.038, "Actual Total Time": 1837.038, "Actual Rows": 1139264, "Actual Loops": 1, "Index Cond": "((l_shipdate >= '1994-01-01 00:00:00'::timestamp(0) without time zone) AND (l_shipdate < '1995-01-01 00:00:00'::timestamp without time zone) AND (l_discount >= .05::double precision) AND (l_discount <= .07::double precision) AND (l_quantity < 24::double precision))"}]}]}, "Triggers": [], "Planner Runtime": 0, "Total Runtime": 4441.804, "Unique SQL Id": 4176715123}}, "(64, 83)": {"explain_plan": {"Plan": {"Node Type": "Aggregate", "Strategy": "Plain", "Startup Cost": 1813598.15, "Total Cost": 1813598.16, "Plan Rows": 1, "Plan Width": 24, "Plans": [{"Node Type": "Bitmap Heap Scan", "Parent Relationship": "Outer", "Relation Name": "lineitem", "Alias": "lineitem", "Startup Cost": 380421.43, "Total Cost": 1807919.37, "Plan Rows": 1135757, "Plan Width": 16, "Recheck Cond": "((l_shipdate >= '1994-01-01 00:00:00'::timestamp(0) without time zone) AND (l_shipdate < '1995-01-01 00:00:00'::timestamp without time zone) AND (l_discount >= .05::double precision) AND (l_discount <= .07::double precision) AND (l_quantity < 24::double precision)), (LLVM Optimized)", "Plans": [{"Node Type": "Bitmap Index Scan", "Parent Relationship": "Outer", "Index Name": "idx_lineitem_shipdate", "Startup Cost": 0.0, "Total Cost": 380137.49, "Plan Rows": 1135757, "Plan Width": 0, "Index Cond": "((l_shipdate >= '1994-01-01 00:00:00'::timestamp(0) without time zone) AND (l_shipdate < '1995-01-01 00:00:00'::timestamp without time zone) AND (l_discount >= .05::double precision) AND (l_discount <= .07::double precision) AND (l_quantity < 24::double precision))"}]}]}, "Unique SQL Id": 4176715123, "Planner Runtime": 0}, "explain_analyze_plan": {"Plan": {"Node Type": "Aggregate", "Strategy": "Plain", "Startup Cost": 1813598.15, "Total Cost": 1813598.16, "Plan Rows": 1, "Plan Width": 24, "Actual Startup Time": 4431.086, "Actual Total Time": 4431.087, "Actual Rows": 1, "Actual Loops": 1, "Plans": [{"Node Type": "Bitmap Heap Scan", "Parent Relationship": "Outer", "Relation Name": "lineitem", "Alias": "lineitem", "Startup Cost": 380421.43, "Total Cost": 1807919.37, "Plan Rows": 1135757, "Plan Width": 16, "Actual Startup Time": 2128.259, "Actual Total Time": 4094.204, "Actual Rows": 1139264, "Actual Loops": 1, "Recheck Cond": "((l_shipdate >= '1994-01-01 00:00:00'::timestamp(0) without time zone) AND (l_shipdate < '1995-01-01 00:00:00'::timestamp without time zone) AND (l_discount >= .05::double precision) AND (l_discount <= .07::double precision) AND (l_quantity < 24::double precision)), (LLVM Optimized, Jit Execute)", "Rows Removed by Index Recheck": 0, "Exact Heap Blocks": 699048, "Lossy Heap Blocks": 699048, "Plans": [{"Node Type": "Bitmap Index Scan", "Parent Relationship": "Outer", "Index Name": "idx_lineitem_shipdate", "Startup Cost": 0.0, "Total Cost": 380137.49, "Plan Rows": 1135757, "Plan Width": 0, "Actual Startup Time": 1837.038, "Actual Total Time": 1837.038, "Actual Rows": 1139264, "Actual Loops": 1, "Index Cond": "((l_shipdate >= '1994-01-01 00:00:00'::timestamp(0) without time zone) AND (l_shipdate < '1995-01-01 00:00:00'::timestamp without time zone) AND (l_discount >= .05::double precision) AND (l_discount <= .07::double precision) AND (l_quantity < 24::double precision))"}]}]}, "Triggers": [], "Planner Runtime": 0, "Total Runtime": 4441.804, "Unique SQL Id": 4176715123}}, "(64, 84)": {"explain_plan": {"Plan": {"Node Type": "Aggregate", "Strategy": "Plain", "Startup Cost": 1813598.15, "Total Cost": 1813598.16, "Plan Rows": 1, "Plan Width": 24, "Plans": [{"Node Type": "Bitmap Heap Scan", "Parent Relationship": "Outer", "Relation Name": "lineitem", "Alias": "lineitem", "Startup Cost": 380421.43, "Total Cost": 1807919.37, "Plan Rows": 1135757, "Plan Width": 16, "Recheck Cond": "((l_shipdate >= '1994-01-01 00:00:00'::timestamp(0) without time zone) AND (l_shipdate < '1995-01-01 00:00:00'::timestamp without time zone) AND (l_discount >= .05::double precision) AND (l_discount <= .07::double precision) AND (l_quantity < 24::double precision)), (LLVM Optimized)", "Plans": [{"Node Type": "Bitmap Index Scan", "Parent Relationship": "Outer", "Index Name": "idx_lineitem_shipdate", "Startup Cost": 0.0, "Total Cost": 380137.49, "Plan Rows": 1135757, "Plan Width": 0, "Index Cond": "((l_shipdate >= '1994-01-01 00:00:00'::timestamp(0) without time zone) AND (l_shipdate < '1995-01-01 00:00:00'::timestamp without time zone) AND (l_discount >= .05::double precision) AND (l_discount <= .07::double precision) AND (l_quantity < 24::double precision))"}]}]}, "Unique SQL Id": 4176715123, "Planner Runtime": 0}, "explain_analyze_plan": {"Plan": {"Node Type": "Aggregate", "Strategy": "Plain", "Startup Cost": 1813598.15, "Total Cost": 1813598.16, "Plan Rows": 1, "Plan Width": 24, "Actual Startup Time": 4431.086, "Actual Total Time": 4431.087, "Actual Rows": 1, "Actual Loops": 1, "Plans": [{"Node Type": "Bitmap Heap Scan", "Parent Relationship": "Outer", "Relation Name": "lineitem", "Alias": "lineitem", "Startup Cost": 380421.43, "Total Cost": 1807919.37, "Plan Rows": 1135757, "Plan Width": 16, "Actual Startup Time": 2128.259, "Actual Total Time": 4094.204, "Actual Rows": 1139264, "Actual Loops": 1, "Recheck Cond": "((l_shipdate >= '1994-01-01 00:00:00'::timestamp(0) without time zone) AND (l_shipdate < '1995-01-01 00:00:00'::timestamp without time zone) AND (l_discount >= .05::double precision) AND (l_discount <= .07::double precision) AND (l_quantity < 24::double precision)), (LLVM Optimized, Jit Execute)", "Rows Removed by Index Recheck": 0, "Exact Heap Blocks": 699048, "Lossy Heap Blocks": 699048, "Plans": [{"Node Type": "Bitmap Index Scan", "Parent Relationship": "Outer", "Index Name": "idx_lineitem_shipdate", "Startup Cost": 0.0, "Total Cost": 380137.49, "Plan Rows": 1135757, "Plan Width": 0, "Actual Startup Time": 1837.038, "Actual Total Time": 1837.038, "Actual Rows": 1139264, "Actual Loops": 1, "Index Cond": "((l_shipdate >= '1994-01-01 00:00:00'::timestamp(0) without time zone) AND (l_shipdate < '1995-01-01 00:00:00'::timestamp without time zone) AND (l_discount >= .05::double precision) AND (l_discount <= .07::double precision) AND (l_quantity < 24::double precision))"}]}]}, "Triggers": [], "Planner Runtime": 0, "Total Runtime": 4441.804, "Unique SQL Id": 4176715123}}, "(64, 85)": {"explain_plan": {"Plan": {"Node Type": "Aggregate", "Strategy": "Plain", "Startup Cost": 1813598.15, "Total Cost": 1813598.16, "Plan Rows": 1, "Plan Width": 24, "Plans": [{"Node Type": "Bitmap Heap Scan", "Parent Relationship": "Outer", "Relation Name": "lineitem", "Alias": "lineitem", "Startup Cost": 380421.43, "Total Cost": 1807919.37, "Plan Rows": 1135757, "Plan Width": 16, "Recheck Cond": "((l_shipdate >= '1994-01-01 00:00:00'::timestamp(0) without time zone) AND (l_shipdate < '1995-01-01 00:00:00'::timestamp without time zone) AND (l_discount >= .05::double precision) AND (l_discount <= .07::double precision) AND (l_quantity < 24::double precision)), (LLVM Optimized)", "Plans": [{"Node Type": "Bitmap Index Scan", "Parent Relationship": "Outer", "Index Name": "idx_lineitem_shipdate", "Startup Cost": 0.0, "Total Cost": 380137.49, "Plan Rows": 1135757, "Plan Width": 0, "Index Cond": "((l_shipdate >= '1994-01-01 00:00:00'::timestamp(0) without time zone) AND (l_shipdate < '1995-01-01 00:00:00'::timestamp without time zone) AND (l_discount >= .05::double precision) AND (l_discount <= .07::double precision) AND (l_quantity < 24::double precision))"}]}]}, "Unique SQL Id": 4176715123, "Planner Runtime": 0}, "explain_analyze_plan": {"Plan": {"Node Type": "Aggregate", "Strategy": "Plain", "Startup Cost": 1813598.15, "Total Cost": 1813598.16, "Plan Rows": 1, "Plan Width": 24, "Actual Startup Time": 4431.086, "Actual Total Time": 4431.087, "Actual Rows": 1, "Actual Loops": 1, "Plans": [{"Node Type": "Bitmap Heap Scan", "Parent Relationship": "Outer", "Relation Name": "lineitem", "Alias": "lineitem", "Startup Cost": 380421.43, "Total Cost": 1807919.37, "Plan Rows": 1135757, "Plan Width": 16, "Actual Startup Time": 2128.259, "Actual Total Time": 4094.204, "Actual Rows": 1139264, "Actual Loops": 1, "Recheck Cond": "((l_shipdate >= '1994-01-01 00:00:00'::timestamp(0) without time zone) AND (l_shipdate < '1995-01-01 00:00:00'::timestamp without time zone) AND (l_discount >= .05::double precision) AND (l_discount <= .07::double precision) AND (l_quantity < 24::double precision)), (LLVM Optimized, Jit Execute)", "Rows Removed by Index Recheck": 0, "Exact Heap Blocks": 699048, "Lossy Heap Blocks": 699048, "Plans": [{"Node Type": "Bitmap Index Scan", "Parent Relationship": "Outer", "Index Name": "idx_lineitem_shipdate", "Startup Cost": 0.0, "Total Cost": 380137.49, "Plan Rows": 1135757, "Plan Width": 0, "Actual Startup Time": 1837.038, "Actual Total Time": 1837.038, "Actual Rows": 1139264, "Actual Loops": 1, "Index Cond": "((l_shipdate >= '1994-01-01 00:00:00'::timestamp(0) without time zone) AND (l_shipdate < '1995-01-01 00:00:00'::timestamp without time zone) AND (l_discount >= .05::double precision) AND (l_discount <= .07::double precision) AND (l_quantity < 24::double precision))"}]}]}, "Triggers": [], "Planner Runtime": 0, "Total Runtime": 4441.804, "Unique SQL Id": 4176715123}}, "(64, 86)": {"explain_plan": {"Plan": {"Node Type": "Aggregate", "Strategy": "Plain", "Startup Cost": 1813598.15, "Total Cost": 1813598.16, "Plan Rows": 1, "Plan Width": 24, "Plans": [{"Node Type": "Bitmap Heap Scan", "Parent Relationship": "Outer", "Relation Name": "lineitem", "Alias": "lineitem", "Startup Cost": 380421.43, "Total Cost": 1807919.37, "Plan Rows": 1135757, "Plan Width": 16, "Recheck Cond": "((l_shipdate >= '1994-01-01 00:00:00'::timestamp(0) without time zone) AND (l_shipdate < '1995-01-01 00:00:00'::timestamp without time zone) AND (l_discount >= .05::double precision) AND (l_discount <= .07::double precision) AND (l_quantity < 24::double precision)), (LLVM Optimized)", "Plans": [{"Node Type": "Bitmap Index Scan", "Parent Relationship": "Outer", "Index Name": "idx_lineitem_shipdate", "Startup Cost": 0.0, "Total Cost": 380137.49, "Plan Rows": 1135757, "Plan Width": 0, "Index Cond": "((l_shipdate >= '1994-01-01 00:00:00'::timestamp(0) without time zone) AND (l_shipdate < '1995-01-01 00:00:00'::timestamp without time zone) AND (l_discount >= .05::double precision) AND (l_discount <= .07::double precision) AND (l_quantity < 24::double precision))"}]}]}, "Unique SQL Id": 4176715123, "Planner Runtime": 0}, "explain_analyze_plan": {"Plan": {"Node Type": "Aggregate", "Strategy": "Plain", "Startup Cost": 1813598.15, "Total Cost": 1813598.16, "Plan Rows": 1, "Plan Width": 24, "Actual Startup Time": 4431.086, "Actual Total Time": 4431.087, "Actual Rows": 1, "Actual Loops": 1, "Plans": [{"Node Type": "Bitmap Heap Scan", "Parent Relationship": "Outer", "Relation Name": "lineitem", "Alias": "lineitem", "Startup Cost": 380421.43, "Total Cost": 1807919.37, "Plan Rows": 1135757, "Plan Width": 16, "Actual Startup Time": 2128.259, "Actual Total Time": 4094.204, "Actual Rows": 1139264, "Actual Loops": 1, "Recheck Cond": "((l_shipdate >= '1994-01-01 00:00:00'::timestamp(0) without time zone) AND (l_shipdate < '1995-01-01 00:00:00'::timestamp without time zone) AND (l_discount >= .05::double precision) AND (l_discount <= .07::double precision) AND (l_quantity < 24::double precision)), (LLVM Optimized, Jit Execute)", "Rows Removed by Index Recheck": 0, "Exact Heap Blocks": 699048, "Lossy Heap Blocks": 699048, "Plans": [{"Node Type": "Bitmap Index Scan", "Parent Relationship": "Outer", "Index Name": "idx_lineitem_shipdate", "Startup Cost": 0.0, "Total Cost": 380137.49, "Plan Rows": 1135757, "Plan Width": 0, "Actual Startup Time": 1837.038, "Actual Total Time": 1837.038, "Actual Rows": 1139264, "Actual Loops": 1, "Index Cond": "((l_shipdate >= '1994-01-01 00:00:00'::timestamp(0) without time zone) AND (l_shipdate < '1995-01-01 00:00:00'::timestamp without time zone) AND (l_discount >= .05::double precision) AND (l_discount <= .07::double precision) AND (l_quantity < 24::double precision))"}]}]}, "Triggers": [], "Planner Runtime": 0, "Total Runtime": 4441.804, "Unique SQL Id": 4176715123}}, "(64, 87)": {"explain_plan": {"Plan": {"Node Type": "Aggregate", "Strategy": "Plain", "Startup Cost": 1813598.15, "Total Cost": 1813598.16, "Plan Rows": 1, "Plan Width": 24, "Plans": [{"Node Type": "Bitmap Heap Scan", "Parent Relationship": "Outer", "Relation Name": "lineitem", "Alias": "lineitem", "Startup Cost": 380421.43, "Total Cost": 1807919.37, "Plan Rows": 1135757, "Plan Width": 16, "Recheck Cond": "((l_shipdate >= '1994-01-01 00:00:00'::timestamp(0) without time zone) AND (l_shipdate < '1995-01-01 00:00:00'::timestamp without time zone) AND (l_discount >= .05::double precision) AND (l_discount <= .07::double precision) AND (l_quantity < 24::double precision)), (LLVM Optimized)", "Plans": [{"Node Type": "Bitmap Index Scan", "Parent Relationship": "Outer", "Index Name": "idx_lineitem_shipdate", "Startup Cost": 0.0, "Total Cost": 380137.49, "Plan Rows": 1135757, "Plan Width": 0, "Index Cond": "((l_shipdate >= '1994-01-01 00:00:00'::timestamp(0) without time zone) AND (l_shipdate < '1995-01-01 00:00:00'::timestamp without time zone) AND (l_discount >= .05::double precision) AND (l_discount <= .07::double precision) AND (l_quantity < 24::double precision))"}]}]}, "Unique SQL Id": 4176715123, "Planner Runtime": 0}, "explain_analyze_plan": {"Plan": {"Node Type": "Aggregate", "Strategy": "Plain", "Startup Cost": 1813598.15, "Total Cost": 1813598.16, "Plan Rows": 1, "Plan Width": 24, "Actual Startup Time": 4431.086, "Actual Total Time": 4431.087, "Actual Rows": 1, "Actual Loops": 1, "Plans": [{"Node Type": "Bitmap Heap Scan", "Parent Relationship": "Outer", "Relation Name": "lineitem", "Alias": "lineitem", "Startup Cost": 380421.43, "Total Cost": 1807919.37, "Plan Rows": 1135757, "Plan Width": 16, "Actual Startup Time": 2128.259, "Actual Total Time": 4094.204, "Actual Rows": 1139264, "Actual Loops": 1, "Recheck Cond": "((l_shipdate >= '1994-01-01 00:00:00'::timestamp(0) without time zone) AND (l_shipdate < '1995-01-01 00:00:00'::timestamp without time zone) AND (l_discount >= .05::double precision) AND (l_discount <= .07::double precision) AND (l_quantity < 24::double precision)), (LLVM Optimized, Jit Execute)", "Rows Removed by Index Recheck": 0, "Exact Heap Blocks": 699048, "Lossy Heap Blocks": 699048, "Plans": [{"Node Type": "Bitmap Index Scan", "Parent Relationship": "Outer", "Index Name": "idx_lineitem_shipdate", "Startup Cost": 0.0, "Total Cost": 380137.49, "Plan Rows": 1135757, "Plan Width": 0, "Actual Startup Time": 1837.038, "Actual Total Time": 1837.038, "Actual Rows": 1139264, "Actual Loops": 1, "Index Cond": "((l_shipdate >= '1994-01-01 00:00:00'::timestamp(0) without time zone) AND (l_shipdate < '1995-01-01 00:00:00'::timestamp without time zone) AND (l_discount >= .05::double precision) AND (l_discount <= .07::double precision) AND (l_quantity < 24::double precision))"}]}]}, "Triggers": [], "Planner Runtime": 0, "Total Runtime": 4441.804, "Unique SQL Id": 4176715123}}, "(64, 88)": {"explain_plan": {"Plan": {"Node Type": "Aggregate", "Strategy": "Plain", "Startup Cost": 2770632.03, "Total Cost": 2770632.04, "Plan Rows": 1, "Plan Width": 24, "Plans": [{"Node Type": "Seq Scan", "Parent Relationship": "Outer", "Relation Name": "lineitem", "Alias": "lineitem", "Startup Cost": 110942.73, "Total Cost": 2764953.24, "Plan Rows": 1135757, "Plan Width": 16, "Filter": "((l_shipdate >= '1994-01-01 00:00:00'::timestamp(0) without time zone) AND (l_shipdate < '1995-01-01 00:00:00'::timestamp without time zone) AND (l_discount >= .05::double precision) AND (l_discount <= .07::double precision) AND (l_quantity < 24::double precision)), (LLVM Optimized)"}]}, "Unique SQL Id": 4176715123, "Planner Runtime": 0}, "explain_analyze_plan": null}, "(64, 89)": {"explain_plan": {"Plan": {"Node Type": "Aggregate", "Strategy": "Plain", "Startup Cost": 3639281.83, "Total Cost": 3639281.84, "Plan Rows": 1, "Plan Width": 24, "Plans": [{"Node Type": "Index Scan", "Parent Relationship": "Outer", "Scan Direction": "Forward", "Index Name": "idx_lineitem_shipdate", "Relation Name": "lineitem", "Alias": "lineitem", "Startup Cost": 0.0, "Total Cost": 3633603.05, "Plan Rows": 1135757, "Plan Width": 16, "Index Cond": "((l_shipdate >= '1994-01-01 00:00:00'::timestamp(0) without time zone) AND (l_shipdate < '1995-01-01 00:00:00'::timestamp without time zone) AND (l_discount >= .05::double precision) AND (l_discount <= .07::double precision) AND (l_quantity < 24::double precision)), (LLVM Optimized)"}]}, "Unique SQL Id": 4176715123, "Planner Runtime": 0}, "explain_analyze_plan": {"Plan": {"Node Type": "Aggregate", "Strategy": "Plain", "Startup Cost": 3639281.83, "Total Cost": 3639281.84, "Plan Rows": 1, "Plan Width": 24, "Actual Startup Time": 4547.635, "Actual Total Time": 4547.636, "Actual Rows": 1, "Actual Loops": 1, "Plans": [{"Node Type": "Index Scan", "Parent Relationship": "Outer", "Scan Direction": "Forward", "Index Name": "idx_lineitem_shipdate", "Relation Name": "lineitem", "Alias": "lineitem", "Startup Cost": 0.0, "Total Cost": 3633603.05, "Plan Rows": 1135757, "Plan Width": 16, "Actual Startup Time": 0.072, "Actual Total Time": 4197.463, "Actual Rows": 1139264, "Actual Loops": 1, "Index Cond": "((l_shipdate >= '1994-01-01 00:00:00'::timestamp(0) without time zone) AND (l_shipdate < '1995-01-01 00:00:00'::timestamp without time zone) AND (l_discount >= .05::double precision) AND (l_discount <= .07::double precision) AND (l_quantity < 24::double precision)), (LLVM Optimized, Jit Execute)", "Rows Removed by Index Recheck": 0}]}, "Triggers": [], "Planner Runtime": 0, "Total Runtime": 4557.557, "Unique SQL Id": 4176715123}}, "(64, 90)": {"explain_plan": {"Plan": {"Node Type": "Aggregate", "Strategy": "Plain", "Startup Cost": 2770632.03, "Total Cost": 2770632.04, "Plan Rows": 1, "Plan Width": 24, "Plans": [{"Node Type": "Seq Scan", "Parent Relationship": "Outer", "Relation Name": "lineitem", "Alias": "lineitem", "Startup Cost": 110942.73, "Total Cost": 2764953.24, "Plan Rows": 1135757, "Plan Width": 16, "Filter": "((l_shipdate >= '1994-01-01 00:00:00'::timestamp(0) without time zone) AND (l_shipdate < '1995-01-01 00:00:00'::timestamp without time zone) AND (l_discount >= .05::double precision) AND (l_discount <= .07::double precision) AND (l_quantity < 24::double precision)), (LLVM Optimized)"}]}, "Unique SQL Id": 4176715123, "Planner Runtime": 0}, "explain_analyze_plan": null}, "(64, 91)": {"explain_plan": {"Plan": {"Node Type": "Aggregate", "Strategy": "Plain", "Startup Cost": 1000276501003.04, "Total Cost": 1000276501003.05, "Plan Rows": 1, "Plan Width": 24, "Plans": [{"Node Type": "Seq Scan", "Parent Relationship": "Outer", "Relation Name": "lineitem", "Alias": "lineitem", "Startup Cost": 10000109520.02, "Total Cost": 1000276495324.25, "Plan Rows": 1135757, "Plan Width": 16, "Filter": "((l_shipdate >= '1994-01-01 00:00:00'::timestamp(0) without time zone) AND (l_shipdate < '1995-01-01 00:00:00'::timestamp without time zone) AND (l_discount >= .05::double precision) AND (l_discount <= .07::double precision) AND (l_quantity < 24::double precision)), (LLVM Optimized)"}]}, "Unique SQL Id": 4176715123, "Planner Runtime": 0}, "explain_analyze_plan": null}, "(64, 92)": {"explain_plan": {"Plan": {"Node Type": "Aggregate", "Strategy": "Plain", "Startup Cost": 2770632.03, "Total Cost": 2770632.04, "Plan Rows": 1, "Plan Width": 24, "Plans": [{"Node Type": "Seq Scan", "Parent Relationship": "Outer", "Relation Name": "lineitem", "Alias": "lineitem", "Startup Cost": 110942.73, "Total Cost": 2764953.24, "Plan Rows": 1135757, "Plan Width": 16, "Filter": "((l_shipdate >= '1994-01-01 00:00:00'::timestamp(0) without time zone) AND (l_shipdate < '1995-01-01 00:00:00'::timestamp without time zone) AND (l_discount >= .05::double precision) AND (l_discount <= .07::double precision) AND (l_quantity < 24::double precision)), (LLVM Optimized)"}]}, "Unique SQL Id": 4176715123, "Planner Runtime": 0}, "explain_analyze_plan": null}, "(64, 93)": {"explain_plan": {"Plan": {"Node Type": "Aggregate", "Strategy": "Plain", "Startup Cost": 3639281.83, "Total Cost": 3639281.84, "Plan Rows": 1, "Plan Width": 24, "Plans": [{"Node Type": "Index Scan", "Parent Relationship": "Outer", "Scan Direction": "Forward", "Index Name": "idx_lineitem_shipdate", "Relation Name": "lineitem", "Alias": "lineitem", "Startup Cost": 0.0, "Total Cost": 3633603.05, "Plan Rows": 1135757, "Plan Width": 16, "Index Cond": "((l_shipdate >= '1994-01-01 00:00:00'::timestamp(0) without time zone) AND (l_shipdate < '1995-01-01 00:00:00'::timestamp without time zone) AND (l_discount >= .05::double precision) AND (l_discount <= .07::double precision) AND (l_quantity < 24::double precision)), (LLVM Optimized)"}]}, "Unique SQL Id": 4176715123, "Planner Runtime": 0}, "explain_analyze_plan": {"Plan": {"Node Type": "Aggregate", "Strategy": "Plain", "Startup Cost": 3639281.83, "Total Cost": 3639281.84, "Plan Rows": 1, "Plan Width": 24, "Actual Startup Time": 4547.635, "Actual Total Time": 4547.636, "Actual Rows": 1, "Actual Loops": 1, "Plans": [{"Node Type": "Index Scan", "Parent Relationship": "Outer", "Scan Direction": "Forward", "Index Name": "idx_lineitem_shipdate", "Relation Name": "lineitem", "Alias": "lineitem", "Startup Cost": 0.0, "Total Cost": 3633603.05, "Plan Rows": 1135757, "Plan Width": 16, "Actual Startup Time": 0.072, "Actual Total Time": 4197.463, "Actual Rows": 1139264, "Actual Loops": 1, "Index Cond": "((l_shipdate >= '1994-01-01 00:00:00'::timestamp(0) without time zone) AND (l_shipdate < '1995-01-01 00:00:00'::timestamp without time zone) AND (l_discount >= .05::double precision) AND (l_discount <= .07::double precision) AND (l_quantity < 24::double precision)), (LLVM Optimized, Jit Execute)", "Rows Removed by Index Recheck": 0}]}, "Triggers": [], "Planner Runtime": 0, "Total Runtime": 4557.557, "Unique SQL Id": 4176715123}}, "(64, 94)": {"explain_plan": {"Plan": {"Node Type": "Aggregate", "Strategy": "Plain", "Startup Cost": 2770632.03, "Total Cost": 2770632.04, "Plan Rows": 1, "Plan Width": 24, "Plans": [{"Node Type": "Seq Scan", "Parent Relationship": "Outer", "Relation Name": "lineitem", "Alias": "lineitem", "Startup Cost": 110942.73, "Total Cost": 2764953.24, "Plan Rows": 1135757, "Plan Width": 16, "Filter": "((l_shipdate >= '1994-01-01 00:00:00'::timestamp(0) without time zone) AND (l_shipdate < '1995-01-01 00:00:00'::timestamp without time zone) AND (l_discount >= .05::double precision) AND (l_discount <= .07::double precision) AND (l_quantity < 24::double precision)), (LLVM Optimized)"}]}, "Unique SQL Id": 4176715123, "Planner Runtime": 0}, "explain_analyze_plan": null}, "(64, 95)": {"explain_plan": {"Plan": {"Node Type": "Aggregate", "Strategy": "Plain", "Startup Cost": 1000276501003.04, "Total Cost": 1000276501003.05, "Plan Rows": 1, "Plan Width": 24, "Plans": [{"Node Type": "Seq Scan", "Parent Relationship": "Outer", "Relation Name": "lineitem", "Alias": "lineitem", "Startup Cost": 10000109520.02, "Total Cost": 1000276495324.25, "Plan Rows": 1135757, "Plan Width": 16, "Filter": "((l_shipdate >= '1994-01-01 00:00:00'::timestamp(0) without time zone) AND (l_shipdate < '1995-01-01 00:00:00'::timestamp without time zone) AND (l_discount >= .05::double precision) AND (l_discount <= .07::double precision) AND (l_quantity < 24::double precision)), (LLVM Optimized)"}]}, "Unique SQL Id": 4176715123, "Planner Runtime": 0}, "explain_analyze_plan": null}, "(64, 96)": {"explain_plan": {"Plan": {"Node Type": "Aggregate", "Strategy": "Plain", "Startup Cost": 1813598.15, "Total Cost": 1813598.16, "Plan Rows": 1, "Plan Width": 24, "Plans": [{"Node Type": "Bitmap Heap Scan", "Parent Relationship": "Outer", "Relation Name": "lineitem", "Alias": "lineitem", "Startup Cost": 380421.43, "Total Cost": 1807919.37, "Plan Rows": 1135757, "Plan Width": 16, "Recheck Cond": "((l_shipdate >= '1994-01-01 00:00:00'::timestamp(0) without time zone) AND (l_shipdate < '1995-01-01 00:00:00'::timestamp without time zone) AND (l_discount >= .05::double precision) AND (l_discount <= .07::double precision) AND (l_quantity < 24::double precision)), (LLVM Optimized)", "Plans": [{"Node Type": "Bitmap Index Scan", "Parent Relationship": "Outer", "Index Name": "idx_lineitem_shipdate", "Startup Cost": 0.0, "Total Cost": 380137.49, "Plan Rows": 1135757, "Plan Width": 0, "Index Cond": "((l_shipdate >= '1994-01-01 00:00:00'::timestamp(0) without time zone) AND (l_shipdate < '1995-01-01 00:00:00'::timestamp without time zone) AND (l_discount >= .05::double precision) AND (l_discount <= .07::double precision) AND (l_quantity < 24::double precision))"}]}]}, "Unique SQL Id": 4176715123, "Planner Runtime": 0}, "explain_analyze_plan": {"Plan": {"Node Type": "Aggregate", "Strategy": "Plain", "Startup Cost": 1813598.15, "Total Cost": 1813598.16, "Plan Rows": 1, "Plan Width": 24, "Actual Startup Time": 4431.086, "Actual Total Time": 4431.087, "Actual Rows": 1, "Actual Loops": 1, "Plans": [{"Node Type": "Bitmap Heap Scan", "Parent Relationship": "Outer", "Relation Name": "lineitem", "Alias": "lineitem", "Startup Cost": 380421.43, "Total Cost": 1807919.37, "Plan Rows": 1135757, "Plan Width": 16, "Actual Startup Time": 2128.259, "Actual Total Time": 4094.204, "Actual Rows": 1139264, "Actual Loops": 1, "Recheck Cond": "((l_shipdate >= '1994-01-01 00:00:00'::timestamp(0) without time zone) AND (l_shipdate < '1995-01-01 00:00:00'::timestamp without time zone) AND (l_discount >= .05::double precision) AND (l_discount <= .07::double precision) AND (l_quantity < 24::double precision)), (LLVM Optimized, Jit Execute)", "Rows Removed by Index Recheck": 0, "Exact Heap Blocks": 699048, "Lossy Heap Blocks": 699048, "Plans": [{"Node Type": "Bitmap Index Scan", "Parent Relationship": "Outer", "Index Name": "idx_lineitem_shipdate", "Startup Cost": 0.0, "Total Cost": 380137.49, "Plan Rows": 1135757, "Plan Width": 0, "Actual Startup Time": 1837.038, "Actual Total Time": 1837.038, "Actual Rows": 1139264, "Actual Loops": 1, "Index Cond": "((l_shipdate >= '1994-01-01 00:00:00'::timestamp(0) without time zone) AND (l_shipdate < '1995-01-01 00:00:00'::timestamp without time zone) AND (l_discount >= .05::double precision) AND (l_discount <= .07::double precision) AND (l_quantity < 24::double precision))"}]}]}, "Triggers": [], "Planner Runtime": 0, "Total Runtime": 4441.804, "Unique SQL Id": 4176715123}}, "(64, 97)": {"explain_plan": {"Plan": {"Node Type": "Aggregate", "Strategy": "Plain", "Startup Cost": 1813598.15, "Total Cost": 1813598.16, "Plan Rows": 1, "Plan Width": 24, "Plans": [{"Node Type": "Bitmap Heap Scan", "Parent Relationship": "Outer", "Relation Name": "lineitem", "Alias": "lineitem", "Startup Cost": 380421.43, "Total Cost": 1807919.37, "Plan Rows": 1135757, "Plan Width": 16, "Recheck Cond": "((l_shipdate >= '1994-01-01 00:00:00'::timestamp(0) without time zone) AND (l_shipdate < '1995-01-01 00:00:00'::timestamp without time zone) AND (l_discount >= .05::double precision) AND (l_discount <= .07::double precision) AND (l_quantity < 24::double precision)), (LLVM Optimized)", "Plans": [{"Node Type": "Bitmap Index Scan", "Parent Relationship": "Outer", "Index Name": "idx_lineitem_shipdate", "Startup Cost": 0.0, "Total Cost": 380137.49, "Plan Rows": 1135757, "Plan Width": 0, "Index Cond": "((l_shipdate >= '1994-01-01 00:00:00'::timestamp(0) without time zone) AND (l_shipdate < '1995-01-01 00:00:00'::timestamp without time zone) AND (l_discount >= .05::double precision) AND (l_discount <= .07::double precision) AND (l_quantity < 24::double precision))"}]}]}, "Unique SQL Id": 4176715123, "Planner Runtime": 0}, "explain_analyze_plan": {"Plan": {"Node Type": "Aggregate", "Strategy": "Plain", "Startup Cost": 1813598.15, "Total Cost": 1813598.16, "Plan Rows": 1, "Plan Width": 24, "Actual Startup Time": 4431.086, "Actual Total Time": 4431.087, "Actual Rows": 1, "Actual Loops": 1, "Plans": [{"Node Type": "Bitmap Heap Scan", "Parent Relationship": "Outer", "Relation Name": "lineitem", "Alias": "lineitem", "Startup Cost": 380421.43, "Total Cost": 1807919.37, "Plan Rows": 1135757, "Plan Width": 16, "Actual Startup Time": 2128.259, "Actual Total Time": 4094.204, "Actual Rows": 1139264, "Actual Loops": 1, "Recheck Cond": "((l_shipdate >= '1994-01-01 00:00:00'::timestamp(0) without time zone) AND (l_shipdate < '1995-01-01 00:00:00'::timestamp without time zone) AND (l_discount >= .05::double precision) AND (l_discount <= .07::double precision) AND (l_quantity < 24::double precision)), (LLVM Optimized, Jit Execute)", "Rows Removed by Index Recheck": 0, "Exact Heap Blocks": 699048, "Lossy Heap Blocks": 699048, "Plans": [{"Node Type": "Bitmap Index Scan", "Parent Relationship": "Outer", "Index Name": "idx_lineitem_shipdate", "Startup Cost": 0.0, "Total Cost": 380137.49, "Plan Rows": 1135757, "Plan Width": 0, "Actual Startup Time": 1837.038, "Actual Total Time": 1837.038, "Actual Rows": 1139264, "Actual Loops": 1, "Index Cond": "((l_shipdate >= '1994-01-01 00:00:00'::timestamp(0) without time zone) AND (l_shipdate < '1995-01-01 00:00:00'::timestamp without time zone) AND (l_discount >= .05::double precision) AND (l_discount <= .07::double precision) AND (l_quantity < 24::double precision))"}]}]}, "Triggers": [], "Planner Runtime": 0, "Total Runtime": 4441.804, "Unique SQL Id": 4176715123}}, "(64, 98)": {"explain_plan": {"Plan": {"Node Type": "Aggregate", "Strategy": "Plain", "Startup Cost": 1813598.15, "Total Cost": 1813598.16, "Plan Rows": 1, "Plan Width": 24, "Plans": [{"Node Type": "Bitmap Heap Scan", "Parent Relationship": "Outer", "Relation Name": "lineitem", "Alias": "lineitem", "Startup Cost": 380421.43, "Total Cost": 1807919.37, "Plan Rows": 1135757, "Plan Width": 16, "Recheck Cond": "((l_shipdate >= '1994-01-01 00:00:00'::timestamp(0) without time zone) AND (l_shipdate < '1995-01-01 00:00:00'::timestamp without time zone) AND (l_discount >= .05::double precision) AND (l_discount <= .07::double precision) AND (l_quantity < 24::double precision)), (LLVM Optimized)", "Plans": [{"Node Type": "Bitmap Index Scan", "Parent Relationship": "Outer", "Index Name": "idx_lineitem_shipdate", "Startup Cost": 0.0, "Total Cost": 380137.49, "Plan Rows": 1135757, "Plan Width": 0, "Index Cond": "((l_shipdate >= '1994-01-01 00:00:00'::timestamp(0) without time zone) AND (l_shipdate < '1995-01-01 00:00:00'::timestamp without time zone) AND (l_discount >= .05::double precision) AND (l_discount <= .07::double precision) AND (l_quantity < 24::double precision))"}]}]}, "Unique SQL Id": 4176715123, "Planner Runtime": 0}, "explain_analyze_plan": {"Plan": {"Node Type": "Aggregate", "Strategy": "Plain", "Startup Cost": 1813598.15, "Total Cost": 1813598.16, "Plan Rows": 1, "Plan Width": 24, "Actual Startup Time": 4431.086, "Actual Total Time": 4431.087, "Actual Rows": 1, "Actual Loops": 1, "Plans": [{"Node Type": "Bitmap Heap Scan", "Parent Relationship": "Outer", "Relation Name": "lineitem", "Alias": "lineitem", "Startup Cost": 380421.43, "Total Cost": 1807919.37, "Plan Rows": 1135757, "Plan Width": 16, "Actual Startup Time": 2128.259, "Actual Total Time": 4094.204, "Actual Rows": 1139264, "Actual Loops": 1, "Recheck Cond": "((l_shipdate >= '1994-01-01 00:00:00'::timestamp(0) without time zone) AND (l_shipdate < '1995-01-01 00:00:00'::timestamp without time zone) AND (l_discount >= .05::double precision) AND (l_discount <= .07::double precision) AND (l_quantity < 24::double precision)), (LLVM Optimized, Jit Execute)", "Rows Removed by Index Recheck": 0, "Exact Heap Blocks": 699048, "Lossy Heap Blocks": 699048, "Plans": [{"Node Type": "Bitmap Index Scan", "Parent Relationship": "Outer", "Index Name": "idx_lineitem_shipdate", "Startup Cost": 0.0, "Total Cost": 380137.49, "Plan Rows": 1135757, "Plan Width": 0, "Actual Startup Time": 1837.038, "Actual Total Time": 1837.038, "Actual Rows": 1139264, "Actual Loops": 1, "Index Cond": "((l_shipdate >= '1994-01-01 00:00:00'::timestamp(0) without time zone) AND (l_shipdate < '1995-01-01 00:00:00'::timestamp without time zone) AND (l_discount >= .05::double precision) AND (l_discount <= .07::double precision) AND (l_quantity < 24::double precision))"}]}]}, "Triggers": [], "Planner Runtime": 0, "Total Runtime": 4441.804, "Unique SQL Id": 4176715123}}, "(64, 99)": {"explain_plan": {"Plan": {"Node Type": "Aggregate", "Strategy": "Plain", "Startup Cost": 1813598.15, "Total Cost": 1813598.16, "Plan Rows": 1, "Plan Width": 24, "Plans": [{"Node Type": "Bitmap Heap Scan", "Parent Relationship": "Outer", "Relation Name": "lineitem", "Alias": "lineitem", "Startup Cost": 380421.43, "Total Cost": 1807919.37, "Plan Rows": 1135757, "Plan Width": 16, "Recheck Cond": "((l_shipdate >= '1994-01-01 00:00:00'::timestamp(0) without time zone) AND (l_shipdate < '1995-01-01 00:00:00'::timestamp without time zone) AND (l_discount >= .05::double precision) AND (l_discount <= .07::double precision) AND (l_quantity < 24::double precision)), (LLVM Optimized)", "Plans": [{"Node Type": "Bitmap Index Scan", "Parent Relationship": "Outer", "Index Name": "idx_lineitem_shipdate", "Startup Cost": 0.0, "Total Cost": 380137.49, "Plan Rows": 1135757, "Plan Width": 0, "Index Cond": "((l_shipdate >= '1994-01-01 00:00:00'::timestamp(0) without time zone) AND (l_shipdate < '1995-01-01 00:00:00'::timestamp without time zone) AND (l_discount >= .05::double precision) AND (l_discount <= .07::double precision) AND (l_quantity < 24::double precision))"}]}]}, "Unique SQL Id": 4176715123, "Planner Runtime": 0}, "explain_analyze_plan": {"Plan": {"Node Type": "Aggregate", "Strategy": "Plain", "Startup Cost": 1813598.15, "Total Cost": 1813598.16, "Plan Rows": 1, "Plan Width": 24, "Actual Startup Time": 4431.086, "Actual Total Time": 4431.087, "Actual Rows": 1, "Actual Loops": 1, "Plans": [{"Node Type": "Bitmap Heap Scan", "Parent Relationship": "Outer", "Relation Name": "lineitem", "Alias": "lineitem", "Startup Cost": 380421.43, "Total Cost": 1807919.37, "Plan Rows": 1135757, "Plan Width": 16, "Actual Startup Time": 2128.259, "Actual Total Time": 4094.204, "Actual Rows": 1139264, "Actual Loops": 1, "Recheck Cond": "((l_shipdate >= '1994-01-01 00:00:00'::timestamp(0) without time zone) AND (l_shipdate < '1995-01-01 00:00:00'::timestamp without time zone) AND (l_discount >= .05::double precision) AND (l_discount <= .07::double precision) AND (l_quantity < 24::double precision)), (LLVM Optimized, Jit Execute)", "Rows Removed by Index Recheck": 0, "Exact Heap Blocks": 699048, "Lossy Heap Blocks": 699048, "Plans": [{"Node Type": "Bitmap Index Scan", "Parent Relationship": "Outer", "Index Name": "idx_lineitem_shipdate", "Startup Cost": 0.0, "Total Cost": 380137.49, "Plan Rows": 1135757, "Plan Width": 0, "Actual Startup Time": 1837.038, "Actual Total Time": 1837.038, "Actual Rows": 1139264, "Actual Loops": 1, "Index Cond": "((l_shipdate >= '1994-01-01 00:00:00'::timestamp(0) without time zone) AND (l_shipdate < '1995-01-01 00:00:00'::timestamp without time zone) AND (l_discount >= .05::double precision) AND (l_discount <= .07::double precision) AND (l_quantity < 24::double precision))"}]}]}, "Triggers": [], "Planner Runtime": 0, "Total Runtime": 4441.804, "Unique SQL Id": 4176715123}}, "(64, 100)": {"explain_plan": {"Plan": {"Node Type": "Aggregate", "Strategy": "Plain", "Startup Cost": 1813598.15, "Total Cost": 1813598.16, "Plan Rows": 1, "Plan Width": 24, "Plans": [{"Node Type": "Bitmap Heap Scan", "Parent Relationship": "Outer", "Relation Name": "lineitem", "Alias": "lineitem", "Startup Cost": 380421.43, "Total Cost": 1807919.37, "Plan Rows": 1135757, "Plan Width": 16, "Recheck Cond": "((l_shipdate >= '1994-01-01 00:00:00'::timestamp(0) without time zone) AND (l_shipdate < '1995-01-01 00:00:00'::timestamp without time zone) AND (l_discount >= .05::double precision) AND (l_discount <= .07::double precision) AND (l_quantity < 24::double precision)), (LLVM Optimized)", "Plans": [{"Node Type": "Bitmap Index Scan", "Parent Relationship": "Outer", "Index Name": "idx_lineitem_shipdate", "Startup Cost": 0.0, "Total Cost": 380137.49, "Plan Rows": 1135757, "Plan Width": 0, "Index Cond": "((l_shipdate >= '1994-01-01 00:00:00'::timestamp(0) without time zone) AND (l_shipdate < '1995-01-01 00:00:00'::timestamp without time zone) AND (l_discount >= .05::double precision) AND (l_discount <= .07::double precision) AND (l_quantity < 24::double precision))"}]}]}, "Unique SQL Id": 4176715123, "Planner Runtime": 0}, "explain_analyze_plan": {"Plan": {"Node Type": "Aggregate", "Strategy": "Plain", "Startup Cost": 1813598.15, "Total Cost": 1813598.16, "Plan Rows": 1, "Plan Width": 24, "Actual Startup Time": 4431.086, "Actual Total Time": 4431.087, "Actual Rows": 1, "Actual Loops": 1, "Plans": [{"Node Type": "Bitmap Heap Scan", "Parent Relationship": "Outer", "Relation Name": "lineitem", "Alias": "lineitem", "Startup Cost": 380421.43, "Total Cost": 1807919.37, "Plan Rows": 1135757, "Plan Width": 16, "Actual Startup Time": 2128.259, "Actual Total Time": 4094.204, "Actual Rows": 1139264, "Actual Loops": 1, "Recheck Cond": "((l_shipdate >= '1994-01-01 00:00:00'::timestamp(0) without time zone) AND (l_shipdate < '1995-01-01 00:00:00'::timestamp without time zone) AND (l_discount >= .05::double precision) AND (l_discount <= .07::double precision) AND (l_quantity < 24::double precision)), (LLVM Optimized, Jit Execute)", "Rows Removed by Index Recheck": 0, "Exact Heap Blocks": 699048, "Lossy Heap Blocks": 699048, "Plans": [{"Node Type": "Bitmap Index Scan", "Parent Relationship": "Outer", "Index Name": "idx_lineitem_shipdate", "Startup Cost": 0.0, "Total Cost": 380137.49, "Plan Rows": 1135757, "Plan Width": 0, "Actual Startup Time": 1837.038, "Actual Total Time": 1837.038, "Actual Rows": 1139264, "Actual Loops": 1, "Index Cond": "((l_shipdate >= '1994-01-01 00:00:00'::timestamp(0) without time zone) AND (l_shipdate < '1995-01-01 00:00:00'::timestamp without time zone) AND (l_discount >= .05::double precision) AND (l_discount <= .07::double precision) AND (l_quantity < 24::double precision))"}]}]}, "Triggers": [], "Planner Runtime": 0, "Total Runtime": 4441.804, "Unique SQL Id": 4176715123}}, "(64, 101)": {"explain_plan": {"Plan": {"Node Type": "Aggregate", "Strategy": "Plain", "Startup Cost": 1813598.15, "Total Cost": 1813598.16, "Plan Rows": 1, "Plan Width": 24, "Plans": [{"Node Type": "Bitmap Heap Scan", "Parent Relationship": "Outer", "Relation Name": "lineitem", "Alias": "lineitem", "Startup Cost": 380421.43, "Total Cost": 1807919.37, "Plan Rows": 1135757, "Plan Width": 16, "Recheck Cond": "((l_shipdate >= '1994-01-01 00:00:00'::timestamp(0) without time zone) AND (l_shipdate < '1995-01-01 00:00:00'::timestamp without time zone) AND (l_discount >= .05::double precision) AND (l_discount <= .07::double precision) AND (l_quantity < 24::double precision)), (LLVM Optimized)", "Plans": [{"Node Type": "Bitmap Index Scan", "Parent Relationship": "Outer", "Index Name": "idx_lineitem_shipdate", "Startup Cost": 0.0, "Total Cost": 380137.49, "Plan Rows": 1135757, "Plan Width": 0, "Index Cond": "((l_shipdate >= '1994-01-01 00:00:00'::timestamp(0) without time zone) AND (l_shipdate < '1995-01-01 00:00:00'::timestamp without time zone) AND (l_discount >= .05::double precision) AND (l_discount <= .07::double precision) AND (l_quantity < 24::double precision))"}]}]}, "Unique SQL Id": 4176715123, "Planner Runtime": 0}, "explain_analyze_plan": {"Plan": {"Node Type": "Aggregate", "Strategy": "Plain", "Startup Cost": 1813598.15, "Total Cost": 1813598.16, "Plan Rows": 1, "Plan Width": 24, "Actual Startup Time": 4431.086, "Actual Total Time": 4431.087, "Actual Rows": 1, "Actual Loops": 1, "Plans": [{"Node Type": "Bitmap Heap Scan", "Parent Relationship": "Outer", "Relation Name": "lineitem", "Alias": "lineitem", "Startup Cost": 380421.43, "Total Cost": 1807919.37, "Plan Rows": 1135757, "Plan Width": 16, "Actual Startup Time": 2128.259, "Actual Total Time": 4094.204, "Actual Rows": 1139264, "Actual Loops": 1, "Recheck Cond": "((l_shipdate >= '1994-01-01 00:00:00'::timestamp(0) without time zone) AND (l_shipdate < '1995-01-01 00:00:00'::timestamp without time zone) AND (l_discount >= .05::double precision) AND (l_discount <= .07::double precision) AND (l_quantity < 24::double precision)), (LLVM Optimized, Jit Execute)", "Rows Removed by Index Recheck": 0, "Exact Heap Blocks": 699048, "Lossy Heap Blocks": 699048, "Plans": [{"Node Type": "Bitmap Index Scan", "Parent Relationship": "Outer", "Index Name": "idx_lineitem_shipdate", "Startup Cost": 0.0, "Total Cost": 380137.49, "Plan Rows": 1135757, "Plan Width": 0, "Actual Startup Time": 1837.038, "Actual Total Time": 1837.038, "Actual Rows": 1139264, "Actual Loops": 1, "Index Cond": "((l_shipdate >= '1994-01-01 00:00:00'::timestamp(0) without time zone) AND (l_shipdate < '1995-01-01 00:00:00'::timestamp without time zone) AND (l_discount >= .05::double precision) AND (l_discount <= .07::double precision) AND (l_quantity < 24::double precision))"}]}]}, "Triggers": [], "Planner Runtime": 0, "Total Runtime": 4441.804, "Unique SQL Id": 4176715123}}, "(64, 102)": {"explain_plan": {"Plan": {"Node Type": "Aggregate", "Strategy": "Plain", "Startup Cost": 1813598.15, "Total Cost": 1813598.16, "Plan Rows": 1, "Plan Width": 24, "Plans": [{"Node Type": "Bitmap Heap Scan", "Parent Relationship": "Outer", "Relation Name": "lineitem", "Alias": "lineitem", "Startup Cost": 380421.43, "Total Cost": 1807919.37, "Plan Rows": 1135757, "Plan Width": 16, "Recheck Cond": "((l_shipdate >= '1994-01-01 00:00:00'::timestamp(0) without time zone) AND (l_shipdate < '1995-01-01 00:00:00'::timestamp without time zone) AND (l_discount >= .05::double precision) AND (l_discount <= .07::double precision) AND (l_quantity < 24::double precision)), (LLVM Optimized)", "Plans": [{"Node Type": "Bitmap Index Scan", "Parent Relationship": "Outer", "Index Name": "idx_lineitem_shipdate", "Startup Cost": 0.0, "Total Cost": 380137.49, "Plan Rows": 1135757, "Plan Width": 0, "Index Cond": "((l_shipdate >= '1994-01-01 00:00:00'::timestamp(0) without time zone) AND (l_shipdate < '1995-01-01 00:00:00'::timestamp without time zone) AND (l_discount >= .05::double precision) AND (l_discount <= .07::double precision) AND (l_quantity < 24::double precision))"}]}]}, "Unique SQL Id": 4176715123, "Planner Runtime": 0}, "explain_analyze_plan": {"Plan": {"Node Type": "Aggregate", "Strategy": "Plain", "Startup Cost": 1813598.15, "Total Cost": 1813598.16, "Plan Rows": 1, "Plan Width": 24, "Actual Startup Time": 4431.086, "Actual Total Time": 4431.087, "Actual Rows": 1, "Actual Loops": 1, "Plans": [{"Node Type": "Bitmap Heap Scan", "Parent Relationship": "Outer", "Relation Name": "lineitem", "Alias": "lineitem", "Startup Cost": 380421.43, "Total Cost": 1807919.37, "Plan Rows": 1135757, "Plan Width": 16, "Actual Startup Time": 2128.259, "Actual Total Time": 4094.204, "Actual Rows": 1139264, "Actual Loops": 1, "Recheck Cond": "((l_shipdate >= '1994-01-01 00:00:00'::timestamp(0) without time zone) AND (l_shipdate < '1995-01-01 00:00:00'::timestamp without time zone) AND (l_discount >= .05::double precision) AND (l_discount <= .07::double precision) AND (l_quantity < 24::double precision)), (LLVM Optimized, Jit Execute)", "Rows Removed by Index Recheck": 0, "Exact Heap Blocks": 699048, "Lossy Heap Blocks": 699048, "Plans": [{"Node Type": "Bitmap Index Scan", "Parent Relationship": "Outer", "Index Name": "idx_lineitem_shipdate", "Startup Cost": 0.0, "Total Cost": 380137.49, "Plan Rows": 1135757, "Plan Width": 0, "Actual Startup Time": 1837.038, "Actual Total Time": 1837.038, "Actual Rows": 1139264, "Actual Loops": 1, "Index Cond": "((l_shipdate >= '1994-01-01 00:00:00'::timestamp(0) without time zone) AND (l_shipdate < '1995-01-01 00:00:00'::timestamp without time zone) AND (l_discount >= .05::double precision) AND (l_discount <= .07::double precision) AND (l_quantity < 24::double precision))"}]}]}, "Triggers": [], "Planner Runtime": 0, "Total Runtime": 4441.804, "Unique SQL Id": 4176715123}}, "(64, 103)": {"explain_plan": {"Plan": {"Node Type": "Aggregate", "Strategy": "Plain", "Startup Cost": 1813598.15, "Total Cost": 1813598.16, "Plan Rows": 1, "Plan Width": 24, "Plans": [{"Node Type": "Bitmap Heap Scan", "Parent Relationship": "Outer", "Relation Name": "lineitem", "Alias": "lineitem", "Startup Cost": 380421.43, "Total Cost": 1807919.37, "Plan Rows": 1135757, "Plan Width": 16, "Recheck Cond": "((l_shipdate >= '1994-01-01 00:00:00'::timestamp(0) without time zone) AND (l_shipdate < '1995-01-01 00:00:00'::timestamp without time zone) AND (l_discount >= .05::double precision) AND (l_discount <= .07::double precision) AND (l_quantity < 24::double precision)), (LLVM Optimized)", "Plans": [{"Node Type": "Bitmap Index Scan", "Parent Relationship": "Outer", "Index Name": "idx_lineitem_shipdate", "Startup Cost": 0.0, "Total Cost": 380137.49, "Plan Rows": 1135757, "Plan Width": 0, "Index Cond": "((l_shipdate >= '1994-01-01 00:00:00'::timestamp(0) without time zone) AND (l_shipdate < '1995-01-01 00:00:00'::timestamp without time zone) AND (l_discount >= .05::double precision) AND (l_discount <= .07::double precision) AND (l_quantity < 24::double precision))"}]}]}, "Unique SQL Id": 4176715123, "Planner Runtime": 0}, "explain_analyze_plan": {"Plan": {"Node Type": "Aggregate", "Strategy": "Plain", "Startup Cost": 1813598.15, "Total Cost": 1813598.16, "Plan Rows": 1, "Plan Width": 24, "Actual Startup Time": 4431.086, "Actual Total Time": 4431.087, "Actual Rows": 1, "Actual Loops": 1, "Plans": [{"Node Type": "Bitmap Heap Scan", "Parent Relationship": "Outer", "Relation Name": "lineitem", "Alias": "lineitem", "Startup Cost": 380421.43, "Total Cost": 1807919.37, "Plan Rows": 1135757, "Plan Width": 16, "Actual Startup Time": 2128.259, "Actual Total Time": 4094.204, "Actual Rows": 1139264, "Actual Loops": 1, "Recheck Cond": "((l_shipdate >= '1994-01-01 00:00:00'::timestamp(0) without time zone) AND (l_shipdate < '1995-01-01 00:00:00'::timestamp without time zone) AND (l_discount >= .05::double precision) AND (l_discount <= .07::double precision) AND (l_quantity < 24::double precision)), (LLVM Optimized, Jit Execute)", "Rows Removed by Index Recheck": 0, "Exact Heap Blocks": 699048, "Lossy Heap Blocks": 699048, "Plans": [{"Node Type": "Bitmap Index Scan", "Parent Relationship": "Outer", "Index Name": "idx_lineitem_shipdate", "Startup Cost": 0.0, "Total Cost": 380137.49, "Plan Rows": 1135757, "Plan Width": 0, "Actual Startup Time": 1837.038, "Actual Total Time": 1837.038, "Actual Rows": 1139264, "Actual Loops": 1, "Index Cond": "((l_shipdate >= '1994-01-01 00:00:00'::timestamp(0) without time zone) AND (l_shipdate < '1995-01-01 00:00:00'::timestamp without time zone) AND (l_discount >= .05::double precision) AND (l_discount <= .07::double precision) AND (l_quantity < 24::double precision))"}]}]}, "Triggers": [], "Planner Runtime": 0, "Total Runtime": 4441.804, "Unique SQL Id": 4176715123}}, "(64, 104)": {"explain_plan": {"Plan": {"Node Type": "Aggregate", "Strategy": "Plain", "Startup Cost": 2770632.03, "Total Cost": 2770632.04, "Plan Rows": 1, "Plan Width": 24, "Plans": [{"Node Type": "Seq Scan", "Parent Relationship": "Outer", "Relation Name": "lineitem", "Alias": "lineitem", "Startup Cost": 110942.73, "Total Cost": 2764953.24, "Plan Rows": 1135757, "Plan Width": 16, "Filter": "((l_shipdate >= '1994-01-01 00:00:00'::timestamp(0) without time zone) AND (l_shipdate < '1995-01-01 00:00:00'::timestamp without time zone) AND (l_discount >= .05::double precision) AND (l_discount <= .07::double precision) AND (l_quantity < 24::double precision)), (LLVM Optimized)"}]}, "Unique SQL Id": 4176715123, "Planner Runtime": 0}, "explain_analyze_plan": null}, "(64, 105)": {"explain_plan": {"Plan": {"Node Type": "Aggregate", "Strategy": "Plain", "Startup Cost": 3639281.83, "Total Cost": 3639281.84, "Plan Rows": 1, "Plan Width": 24, "Plans": [{"Node Type": "Index Scan", "Parent Relationship": "Outer", "Scan Direction": "Forward", "Index Name": "idx_lineitem_shipdate", "Relation Name": "lineitem", "Alias": "lineitem", "Startup Cost": 0.0, "Total Cost": 3633603.05, "Plan Rows": 1135757, "Plan Width": 16, "Index Cond": "((l_shipdate >= '1994-01-01 00:00:00'::timestamp(0) without time zone) AND (l_shipdate < '1995-01-01 00:00:00'::timestamp without time zone) AND (l_discount >= .05::double precision) AND (l_discount <= .07::double precision) AND (l_quantity < 24::double precision)), (LLVM Optimized)"}]}, "Unique SQL Id": 4176715123, "Planner Runtime": 0}, "explain_analyze_plan": {"Plan": {"Node Type": "Aggregate", "Strategy": "Plain", "Startup Cost": 3639281.83, "Total Cost": 3639281.84, "Plan Rows": 1, "Plan Width": 24, "Actual Startup Time": 4547.635, "Actual Total Time": 4547.636, "Actual Rows": 1, "Actual Loops": 1, "Plans": [{"Node Type": "Index Scan", "Parent Relationship": "Outer", "Scan Direction": "Forward", "Index Name": "idx_lineitem_shipdate", "Relation Name": "lineitem", "Alias": "lineitem", "Startup Cost": 0.0, "Total Cost": 3633603.05, "Plan Rows": 1135757, "Plan Width": 16, "Actual Startup Time": 0.072, "Actual Total Time": 4197.463, "Actual Rows": 1139264, "Actual Loops": 1, "Index Cond": "((l_shipdate >= '1994-01-01 00:00:00'::timestamp(0) without time zone) AND (l_shipdate < '1995-01-01 00:00:00'::timestamp without time zone) AND (l_discount >= .05::double precision) AND (l_discount <= .07::double precision) AND (l_quantity < 24::double precision)), (LLVM Optimized, Jit Execute)", "Rows Removed by Index Recheck": 0}]}, "Triggers": [], "Planner Runtime": 0, "Total Runtime": 4557.557, "Unique SQL Id": 4176715123}}, "(64, 106)": {"explain_plan": {"Plan": {"Node Type": "Aggregate", "Strategy": "Plain", "Startup Cost": 2770632.03, "Total Cost": 2770632.04, "Plan Rows": 1, "Plan Width": 24, "Plans": [{"Node Type": "Seq Scan", "Parent Relationship": "Outer", "Relation Name": "lineitem", "Alias": "lineitem", "Startup Cost": 110942.73, "Total Cost": 2764953.24, "Plan Rows": 1135757, "Plan Width": 16, "Filter": "((l_shipdate >= '1994-01-01 00:00:00'::timestamp(0) without time zone) AND (l_shipdate < '1995-01-01 00:00:00'::timestamp without time zone) AND (l_discount >= .05::double precision) AND (l_discount <= .07::double precision) AND (l_quantity < 24::double precision)), (LLVM Optimized)"}]}, "Unique SQL Id": 4176715123, "Planner Runtime": 0}, "explain_analyze_plan": null}, "(64, 107)": {"explain_plan": {"Plan": {"Node Type": "Aggregate", "Strategy": "Plain", "Startup Cost": 1000276501003.04, "Total Cost": 1000276501003.05, "Plan Rows": 1, "Plan Width": 24, "Plans": [{"Node Type": "Seq Scan", "Parent Relationship": "Outer", "Relation Name": "lineitem", "Alias": "lineitem", "Startup Cost": 10000109520.02, "Total Cost": 1000276495324.25, "Plan Rows": 1135757, "Plan Width": 16, "Filter": "((l_shipdate >= '1994-01-01 00:00:00'::timestamp(0) without time zone) AND (l_shipdate < '1995-01-01 00:00:00'::timestamp without time zone) AND (l_discount >= .05::double precision) AND (l_discount <= .07::double precision) AND (l_quantity < 24::double precision)), (LLVM Optimized)"}]}, "Unique SQL Id": 4176715123, "Planner Runtime": 0}, "explain_analyze_plan": null}, "(64, 108)": {"explain_plan": {"Plan": {"Node Type": "Aggregate", "Strategy": "Plain", "Startup Cost": 2770632.03, "Total Cost": 2770632.04, "Plan Rows": 1, "Plan Width": 24, "Plans": [{"Node Type": "Seq Scan", "Parent Relationship": "Outer", "Relation Name": "lineitem", "Alias": "lineitem", "Startup Cost": 110942.73, "Total Cost": 2764953.24, "Plan Rows": 1135757, "Plan Width": 16, "Filter": "((l_shipdate >= '1994-01-01 00:00:00'::timestamp(0) without time zone) AND (l_shipdate < '1995-01-01 00:00:00'::timestamp without time zone) AND (l_discount >= .05::double precision) AND (l_discount <= .07::double precision) AND (l_quantity < 24::double precision)), (LLVM Optimized)"}]}, "Unique SQL Id": 4176715123, "Planner Runtime": 0}, "explain_analyze_plan": null}, "(64, 109)": {"explain_plan": {"Plan": {"Node Type": "Aggregate", "Strategy": "Plain", "Startup Cost": 3639281.83, "Total Cost": 3639281.84, "Plan Rows": 1, "Plan Width": 24, "Plans": [{"Node Type": "Index Scan", "Parent Relationship": "Outer", "Scan Direction": "Forward", "Index Name": "idx_lineitem_shipdate", "Relation Name": "lineitem", "Alias": "lineitem", "Startup Cost": 0.0, "Total Cost": 3633603.05, "Plan Rows": 1135757, "Plan Width": 16, "Index Cond": "((l_shipdate >= '1994-01-01 00:00:00'::timestamp(0) without time zone) AND (l_shipdate < '1995-01-01 00:00:00'::timestamp without time zone) AND (l_discount >= .05::double precision) AND (l_discount <= .07::double precision) AND (l_quantity < 24::double precision)), (LLVM Optimized)"}]}, "Unique SQL Id": 4176715123, "Planner Runtime": 0}, "explain_analyze_plan": {"Plan": {"Node Type": "Aggregate", "Strategy": "Plain", "Startup Cost": 3639281.83, "Total Cost": 3639281.84, "Plan Rows": 1, "Plan Width": 24, "Actual Startup Time": 4547.635, "Actual Total Time": 4547.636, "Actual Rows": 1, "Actual Loops": 1, "Plans": [{"Node Type": "Index Scan", "Parent Relationship": "Outer", "Scan Direction": "Forward", "Index Name": "idx_lineitem_shipdate", "Relation Name": "lineitem", "Alias": "lineitem", "Startup Cost": 0.0, "Total Cost": 3633603.05, "Plan Rows": 1135757, "Plan Width": 16, "Actual Startup Time": 0.072, "Actual Total Time": 4197.463, "Actual Rows": 1139264, "Actual Loops": 1, "Index Cond": "((l_shipdate >= '1994-01-01 00:00:00'::timestamp(0) without time zone) AND (l_shipdate < '1995-01-01 00:00:00'::timestamp without time zone) AND (l_discount >= .05::double precision) AND (l_discount <= .07::double precision) AND (l_quantity < 24::double precision)), (LLVM Optimized, Jit Execute)", "Rows Removed by Index Recheck": 0}]}, "Triggers": [], "Planner Runtime": 0, "Total Runtime": 4557.557, "Unique SQL Id": 4176715123}}, "(64, 110)": {"explain_plan": {"Plan": {"Node Type": "Aggregate", "Strategy": "Plain", "Startup Cost": 2770632.03, "Total Cost": 2770632.04, "Plan Rows": 1, "Plan Width": 24, "Plans": [{"Node Type": "Seq Scan", "Parent Relationship": "Outer", "Relation Name": "lineitem", "Alias": "lineitem", "Startup Cost": 110942.73, "Total Cost": 2764953.24, "Plan Rows": 1135757, "Plan Width": 16, "Filter": "((l_shipdate >= '1994-01-01 00:00:00'::timestamp(0) without time zone) AND (l_shipdate < '1995-01-01 00:00:00'::timestamp without time zone) AND (l_discount >= .05::double precision) AND (l_discount <= .07::double precision) AND (l_quantity < 24::double precision)), (LLVM Optimized)"}]}, "Unique SQL Id": 4176715123, "Planner Runtime": 0}, "explain_analyze_plan": null}, "(64, 111)": {"explain_plan": {"Plan": {"Node Type": "Aggregate", "Strategy": "Plain", "Startup Cost": 1000276501003.04, "Total Cost": 1000276501003.05, "Plan Rows": 1, "Plan Width": 24, "Plans": [{"Node Type": "Seq Scan", "Parent Relationship": "Outer", "Relation Name": "lineitem", "Alias": "lineitem", "Startup Cost": 10000109520.02, "Total Cost": 1000276495324.25, "Plan Rows": 1135757, "Plan Width": 16, "Filter": "((l_shipdate >= '1994-01-01 00:00:00'::timestamp(0) without time zone) AND (l_shipdate < '1995-01-01 00:00:00'::timestamp without time zone) AND (l_discount >= .05::double precision) AND (l_discount <= .07::double precision) AND (l_quantity < 24::double precision)), (LLVM Optimized)"}]}, "Unique SQL Id": 4176715123, "Planner Runtime": 0}, "explain_analyze_plan": null}, "(64, 112)": {"explain_plan": {"Plan": {"Node Type": "Aggregate", "Strategy": "Plain", "Startup Cost": 1813598.15, "Total Cost": 1813598.16, "Plan Rows": 1, "Plan Width": 24, "Plans": [{"Node Type": "Bitmap Heap Scan", "Parent Relationship": "Outer", "Relation Name": "lineitem", "Alias": "lineitem", "Startup Cost": 380421.43, "Total Cost": 1807919.37, "Plan Rows": 1135757, "Plan Width": 16, "Recheck Cond": "((l_shipdate >= '1994-01-01 00:00:00'::timestamp(0) without time zone) AND (l_shipdate < '1995-01-01 00:00:00'::timestamp without time zone) AND (l_discount >= .05::double precision) AND (l_discount <= .07::double precision) AND (l_quantity < 24::double precision)), (LLVM Optimized)", "Plans": [{"Node Type": "Bitmap Index Scan", "Parent Relationship": "Outer", "Index Name": "idx_lineitem_shipdate", "Startup Cost": 0.0, "Total Cost": 380137.49, "Plan Rows": 1135757, "Plan Width": 0, "Index Cond": "((l_shipdate >= '1994-01-01 00:00:00'::timestamp(0) without time zone) AND (l_shipdate < '1995-01-01 00:00:00'::timestamp without time zone) AND (l_discount >= .05::double precision) AND (l_discount <= .07::double precision) AND (l_quantity < 24::double precision))"}]}]}, "Unique SQL Id": 4176715123, "Planner Runtime": 0}, "explain_analyze_plan": {"Plan": {"Node Type": "Aggregate", "Strategy": "Plain", "Startup Cost": 1813598.15, "Total Cost": 1813598.16, "Plan Rows": 1, "Plan Width": 24, "Actual Startup Time": 4431.086, "Actual Total Time": 4431.087, "Actual Rows": 1, "Actual Loops": 1, "Plans": [{"Node Type": "Bitmap Heap Scan", "Parent Relationship": "Outer", "Relation Name": "lineitem", "Alias": "lineitem", "Startup Cost": 380421.43, "Total Cost": 1807919.37, "Plan Rows": 1135757, "Plan Width": 16, "Actual Startup Time": 2128.259, "Actual Total Time": 4094.204, "Actual Rows": 1139264, "Actual Loops": 1, "Recheck Cond": "((l_shipdate >= '1994-01-01 00:00:00'::timestamp(0) without time zone) AND (l_shipdate < '1995-01-01 00:00:00'::timestamp without time zone) AND (l_discount >= .05::double precision) AND (l_discount <= .07::double precision) AND (l_quantity < 24::double precision)), (LLVM Optimized, Jit Execute)", "Rows Removed by Index Recheck": 0, "Exact Heap Blocks": 699048, "Lossy Heap Blocks": 699048, "Plans": [{"Node Type": "Bitmap Index Scan", "Parent Relationship": "Outer", "Index Name": "idx_lineitem_shipdate", "Startup Cost": 0.0, "Total Cost": 380137.49, "Plan Rows": 1135757, "Plan Width": 0, "Actual Startup Time": 1837.038, "Actual Total Time": 1837.038, "Actual Rows": 1139264, "Actual Loops": 1, "Index Cond": "((l_shipdate >= '1994-01-01 00:00:00'::timestamp(0) without time zone) AND (l_shipdate < '1995-01-01 00:00:00'::timestamp without time zone) AND (l_discount >= .05::double precision) AND (l_discount <= .07::double precision) AND (l_quantity < 24::double precision))"}]}]}, "Triggers": [], "Planner Runtime": 0, "Total Runtime": 4441.804, "Unique SQL Id": 4176715123}}, "(64, 113)": {"explain_plan": {"Plan": {"Node Type": "Aggregate", "Strategy": "Plain", "Startup Cost": 1813598.15, "Total Cost": 1813598.16, "Plan Rows": 1, "Plan Width": 24, "Plans": [{"Node Type": "Bitmap Heap Scan", "Parent Relationship": "Outer", "Relation Name": "lineitem", "Alias": "lineitem", "Startup Cost": 380421.43, "Total Cost": 1807919.37, "Plan Rows": 1135757, "Plan Width": 16, "Recheck Cond": "((l_shipdate >= '1994-01-01 00:00:00'::timestamp(0) without time zone) AND (l_shipdate < '1995-01-01 00:00:00'::timestamp without time zone) AND (l_discount >= .05::double precision) AND (l_discount <= .07::double precision) AND (l_quantity < 24::double precision)), (LLVM Optimized)", "Plans": [{"Node Type": "Bitmap Index Scan", "Parent Relationship": "Outer", "Index Name": "idx_lineitem_shipdate", "Startup Cost": 0.0, "Total Cost": 380137.49, "Plan Rows": 1135757, "Plan Width": 0, "Index Cond": "((l_shipdate >= '1994-01-01 00:00:00'::timestamp(0) without time zone) AND (l_shipdate < '1995-01-01 00:00:00'::timestamp without time zone) AND (l_discount >= .05::double precision) AND (l_discount <= .07::double precision) AND (l_quantity < 24::double precision))"}]}]}, "Unique SQL Id": 4176715123, "Planner Runtime": 0}, "explain_analyze_plan": {"Plan": {"Node Type": "Aggregate", "Strategy": "Plain", "Startup Cost": 1813598.15, "Total Cost": 1813598.16, "Plan Rows": 1, "Plan Width": 24, "Actual Startup Time": 4431.086, "Actual Total Time": 4431.087, "Actual Rows": 1, "Actual Loops": 1, "Plans": [{"Node Type": "Bitmap Heap Scan", "Parent Relationship": "Outer", "Relation Name": "lineitem", "Alias": "lineitem", "Startup Cost": 380421.43, "Total Cost": 1807919.37, "Plan Rows": 1135757, "Plan Width": 16, "Actual Startup Time": 2128.259, "Actual Total Time": 4094.204, "Actual Rows": 1139264, "Actual Loops": 1, "Recheck Cond": "((l_shipdate >= '1994-01-01 00:00:00'::timestamp(0) without time zone) AND (l_shipdate < '1995-01-01 00:00:00'::timestamp without time zone) AND (l_discount >= .05::double precision) AND (l_discount <= .07::double precision) AND (l_quantity < 24::double precision)), (LLVM Optimized, Jit Execute)", "Rows Removed by Index Recheck": 0, "Exact Heap Blocks": 699048, "Lossy Heap Blocks": 699048, "Plans": [{"Node Type": "Bitmap Index Scan", "Parent Relationship": "Outer", "Index Name": "idx_lineitem_shipdate", "Startup Cost": 0.0, "Total Cost": 380137.49, "Plan Rows": 1135757, "Plan Width": 0, "Actual Startup Time": 1837.038, "Actual Total Time": 1837.038, "Actual Rows": 1139264, "Actual Loops": 1, "Index Cond": "((l_shipdate >= '1994-01-01 00:00:00'::timestamp(0) without time zone) AND (l_shipdate < '1995-01-01 00:00:00'::timestamp without time zone) AND (l_discount >= .05::double precision) AND (l_discount <= .07::double precision) AND (l_quantity < 24::double precision))"}]}]}, "Triggers": [], "Planner Runtime": 0, "Total Runtime": 4441.804, "Unique SQL Id": 4176715123}}, "(64, 114)": {"explain_plan": {"Plan": {"Node Type": "Aggregate", "Strategy": "Plain", "Startup Cost": 1813598.15, "Total Cost": 1813598.16, "Plan Rows": 1, "Plan Width": 24, "Plans": [{"Node Type": "Bitmap Heap Scan", "Parent Relationship": "Outer", "Relation Name": "lineitem", "Alias": "lineitem", "Startup Cost": 380421.43, "Total Cost": 1807919.37, "Plan Rows": 1135757, "Plan Width": 16, "Recheck Cond": "((l_shipdate >= '1994-01-01 00:00:00'::timestamp(0) without time zone) AND (l_shipdate < '1995-01-01 00:00:00'::timestamp without time zone) AND (l_discount >= .05::double precision) AND (l_discount <= .07::double precision) AND (l_quantity < 24::double precision)), (LLVM Optimized)", "Plans": [{"Node Type": "Bitmap Index Scan", "Parent Relationship": "Outer", "Index Name": "idx_lineitem_shipdate", "Startup Cost": 0.0, "Total Cost": 380137.49, "Plan Rows": 1135757, "Plan Width": 0, "Index Cond": "((l_shipdate >= '1994-01-01 00:00:00'::timestamp(0) without time zone) AND (l_shipdate < '1995-01-01 00:00:00'::timestamp without time zone) AND (l_discount >= .05::double precision) AND (l_discount <= .07::double precision) AND (l_quantity < 24::double precision))"}]}]}, "Unique SQL Id": 4176715123, "Planner Runtime": 0}, "explain_analyze_plan": {"Plan": {"Node Type": "Aggregate", "Strategy": "Plain", "Startup Cost": 1813598.15, "Total Cost": 1813598.16, "Plan Rows": 1, "Plan Width": 24, "Actual Startup Time": 4431.086, "Actual Total Time": 4431.087, "Actual Rows": 1, "Actual Loops": 1, "Plans": [{"Node Type": "Bitmap Heap Scan", "Parent Relationship": "Outer", "Relation Name": "lineitem", "Alias": "lineitem", "Startup Cost": 380421.43, "Total Cost": 1807919.37, "Plan Rows": 1135757, "Plan Width": 16, "Actual Startup Time": 2128.259, "Actual Total Time": 4094.204, "Actual Rows": 1139264, "Actual Loops": 1, "Recheck Cond": "((l_shipdate >= '1994-01-01 00:00:00'::timestamp(0) without time zone) AND (l_shipdate < '1995-01-01 00:00:00'::timestamp without time zone) AND (l_discount >= .05::double precision) AND (l_discount <= .07::double precision) AND (l_quantity < 24::double precision)), (LLVM Optimized, Jit Execute)", "Rows Removed by Index Recheck": 0, "Exact Heap Blocks": 699048, "Lossy Heap Blocks": 699048, "Plans": [{"Node Type": "Bitmap Index Scan", "Parent Relationship": "Outer", "Index Name": "idx_lineitem_shipdate", "Startup Cost": 0.0, "Total Cost": 380137.49, "Plan Rows": 1135757, "Plan Width": 0, "Actual Startup Time": 1837.038, "Actual Total Time": 1837.038, "Actual Rows": 1139264, "Actual Loops": 1, "Index Cond": "((l_shipdate >= '1994-01-01 00:00:00'::timestamp(0) without time zone) AND (l_shipdate < '1995-01-01 00:00:00'::timestamp without time zone) AND (l_discount >= .05::double precision) AND (l_discount <= .07::double precision) AND (l_quantity < 24::double precision))"}]}]}, "Triggers": [], "Planner Runtime": 0, "Total Runtime": 4441.804, "Unique SQL Id": 4176715123}}, "(64, 115)": {"explain_plan": {"Plan": {"Node Type": "Aggregate", "Strategy": "Plain", "Startup Cost": 1813598.15, "Total Cost": 1813598.16, "Plan Rows": 1, "Plan Width": 24, "Plans": [{"Node Type": "Bitmap Heap Scan", "Parent Relationship": "Outer", "Relation Name": "lineitem", "Alias": "lineitem", "Startup Cost": 380421.43, "Total Cost": 1807919.37, "Plan Rows": 1135757, "Plan Width": 16, "Recheck Cond": "((l_shipdate >= '1994-01-01 00:00:00'::timestamp(0) without time zone) AND (l_shipdate < '1995-01-01 00:00:00'::timestamp without time zone) AND (l_discount >= .05::double precision) AND (l_discount <= .07::double precision) AND (l_quantity < 24::double precision)), (LLVM Optimized)", "Plans": [{"Node Type": "Bitmap Index Scan", "Parent Relationship": "Outer", "Index Name": "idx_lineitem_shipdate", "Startup Cost": 0.0, "Total Cost": 380137.49, "Plan Rows": 1135757, "Plan Width": 0, "Index Cond": "((l_shipdate >= '1994-01-01 00:00:00'::timestamp(0) without time zone) AND (l_shipdate < '1995-01-01 00:00:00'::timestamp without time zone) AND (l_discount >= .05::double precision) AND (l_discount <= .07::double precision) AND (l_quantity < 24::double precision))"}]}]}, "Unique SQL Id": 4176715123, "Planner Runtime": 0}, "explain_analyze_plan": {"Plan": {"Node Type": "Aggregate", "Strategy": "Plain", "Startup Cost": 1813598.15, "Total Cost": 1813598.16, "Plan Rows": 1, "Plan Width": 24, "Actual Startup Time": 4431.086, "Actual Total Time": 4431.087, "Actual Rows": 1, "Actual Loops": 1, "Plans": [{"Node Type": "Bitmap Heap Scan", "Parent Relationship": "Outer", "Relation Name": "lineitem", "Alias": "lineitem", "Startup Cost": 380421.43, "Total Cost": 1807919.37, "Plan Rows": 1135757, "Plan Width": 16, "Actual Startup Time": 2128.259, "Actual Total Time": 4094.204, "Actual Rows": 1139264, "Actual Loops": 1, "Recheck Cond": "((l_shipdate >= '1994-01-01 00:00:00'::timestamp(0) without time zone) AND (l_shipdate < '1995-01-01 00:00:00'::timestamp without time zone) AND (l_discount >= .05::double precision) AND (l_discount <= .07::double precision) AND (l_quantity < 24::double precision)), (LLVM Optimized, Jit Execute)", "Rows Removed by Index Recheck": 0, "Exact Heap Blocks": 699048, "Lossy Heap Blocks": 699048, "Plans": [{"Node Type": "Bitmap Index Scan", "Parent Relationship": "Outer", "Index Name": "idx_lineitem_shipdate", "Startup Cost": 0.0, "Total Cost": 380137.49, "Plan Rows": 1135757, "Plan Width": 0, "Actual Startup Time": 1837.038, "Actual Total Time": 1837.038, "Actual Rows": 1139264, "Actual Loops": 1, "Index Cond": "((l_shipdate >= '1994-01-01 00:00:00'::timestamp(0) without time zone) AND (l_shipdate < '1995-01-01 00:00:00'::timestamp without time zone) AND (l_discount >= .05::double precision) AND (l_discount <= .07::double precision) AND (l_quantity < 24::double precision))"}]}]}, "Triggers": [], "Planner Runtime": 0, "Total Runtime": 4441.804, "Unique SQL Id": 4176715123}}, "(64, 116)": {"explain_plan": {"Plan": {"Node Type": "Aggregate", "Strategy": "Plain", "Startup Cost": 1813598.15, "Total Cost": 1813598.16, "Plan Rows": 1, "Plan Width": 24, "Plans": [{"Node Type": "Bitmap Heap Scan", "Parent Relationship": "Outer", "Relation Name": "lineitem", "Alias": "lineitem", "Startup Cost": 380421.43, "Total Cost": 1807919.37, "Plan Rows": 1135757, "Plan Width": 16, "Recheck Cond": "((l_shipdate >= '1994-01-01 00:00:00'::timestamp(0) without time zone) AND (l_shipdate < '1995-01-01 00:00:00'::timestamp without time zone) AND (l_discount >= .05::double precision) AND (l_discount <= .07::double precision) AND (l_quantity < 24::double precision)), (LLVM Optimized)", "Plans": [{"Node Type": "Bitmap Index Scan", "Parent Relationship": "Outer", "Index Name": "idx_lineitem_shipdate", "Startup Cost": 0.0, "Total Cost": 380137.49, "Plan Rows": 1135757, "Plan Width": 0, "Index Cond": "((l_shipdate >= '1994-01-01 00:00:00'::timestamp(0) without time zone) AND (l_shipdate < '1995-01-01 00:00:00'::timestamp without time zone) AND (l_discount >= .05::double precision) AND (l_discount <= .07::double precision) AND (l_quantity < 24::double precision))"}]}]}, "Unique SQL Id": 4176715123, "Planner Runtime": 0}, "explain_analyze_plan": {"Plan": {"Node Type": "Aggregate", "Strategy": "Plain", "Startup Cost": 1813598.15, "Total Cost": 1813598.16, "Plan Rows": 1, "Plan Width": 24, "Actual Startup Time": 4431.086, "Actual Total Time": 4431.087, "Actual Rows": 1, "Actual Loops": 1, "Plans": [{"Node Type": "Bitmap Heap Scan", "Parent Relationship": "Outer", "Relation Name": "lineitem", "Alias": "lineitem", "Startup Cost": 380421.43, "Total Cost": 1807919.37, "Plan Rows": 1135757, "Plan Width": 16, "Actual Startup Time": 2128.259, "Actual Total Time": 4094.204, "Actual Rows": 1139264, "Actual Loops": 1, "Recheck Cond": "((l_shipdate >= '1994-01-01 00:00:00'::timestamp(0) without time zone) AND (l_shipdate < '1995-01-01 00:00:00'::timestamp without time zone) AND (l_discount >= .05::double precision) AND (l_discount <= .07::double precision) AND (l_quantity < 24::double precision)), (LLVM Optimized, Jit Execute)", "Rows Removed by Index Recheck": 0, "Exact Heap Blocks": 699048, "Lossy Heap Blocks": 699048, "Plans": [{"Node Type": "Bitmap Index Scan", "Parent Relationship": "Outer", "Index Name": "idx_lineitem_shipdate", "Startup Cost": 0.0, "Total Cost": 380137.49, "Plan Rows": 1135757, "Plan Width": 0, "Actual Startup Time": 1837.038, "Actual Total Time": 1837.038, "Actual Rows": 1139264, "Actual Loops": 1, "Index Cond": "((l_shipdate >= '1994-01-01 00:00:00'::timestamp(0) without time zone) AND (l_shipdate < '1995-01-01 00:00:00'::timestamp without time zone) AND (l_discount >= .05::double precision) AND (l_discount <= .07::double precision) AND (l_quantity < 24::double precision))"}]}]}, "Triggers": [], "Planner Runtime": 0, "Total Runtime": 4441.804, "Unique SQL Id": 4176715123}}, "(64, 117)": {"explain_plan": {"Plan": {"Node Type": "Aggregate", "Strategy": "Plain", "Startup Cost": 1813598.15, "Total Cost": 1813598.16, "Plan Rows": 1, "Plan Width": 24, "Plans": [{"Node Type": "Bitmap Heap Scan", "Parent Relationship": "Outer", "Relation Name": "lineitem", "Alias": "lineitem", "Startup Cost": 380421.43, "Total Cost": 1807919.37, "Plan Rows": 1135757, "Plan Width": 16, "Recheck Cond": "((l_shipdate >= '1994-01-01 00:00:00'::timestamp(0) without time zone) AND (l_shipdate < '1995-01-01 00:00:00'::timestamp without time zone) AND (l_discount >= .05::double precision) AND (l_discount <= .07::double precision) AND (l_quantity < 24::double precision)), (LLVM Optimized)", "Plans": [{"Node Type": "Bitmap Index Scan", "Parent Relationship": "Outer", "Index Name": "idx_lineitem_shipdate", "Startup Cost": 0.0, "Total Cost": 380137.49, "Plan Rows": 1135757, "Plan Width": 0, "Index Cond": "((l_shipdate >= '1994-01-01 00:00:00'::timestamp(0) without time zone) AND (l_shipdate < '1995-01-01 00:00:00'::timestamp without time zone) AND (l_discount >= .05::double precision) AND (l_discount <= .07::double precision) AND (l_quantity < 24::double precision))"}]}]}, "Unique SQL Id": 4176715123, "Planner Runtime": 0}, "explain_analyze_plan": {"Plan": {"Node Type": "Aggregate", "Strategy": "Plain", "Startup Cost": 1813598.15, "Total Cost": 1813598.16, "Plan Rows": 1, "Plan Width": 24, "Actual Startup Time": 4431.086, "Actual Total Time": 4431.087, "Actual Rows": 1, "Actual Loops": 1, "Plans": [{"Node Type": "Bitmap Heap Scan", "Parent Relationship": "Outer", "Relation Name": "lineitem", "Alias": "lineitem", "Startup Cost": 380421.43, "Total Cost": 1807919.37, "Plan Rows": 1135757, "Plan Width": 16, "Actual Startup Time": 2128.259, "Actual Total Time": 4094.204, "Actual Rows": 1139264, "Actual Loops": 1, "Recheck Cond": "((l_shipdate >= '1994-01-01 00:00:00'::timestamp(0) without time zone) AND (l_shipdate < '1995-01-01 00:00:00'::timestamp without time zone) AND (l_discount >= .05::double precision) AND (l_discount <= .07::double precision) AND (l_quantity < 24::double precision)), (LLVM Optimized, Jit Execute)", "Rows Removed by Index Recheck": 0, "Exact Heap Blocks": 699048, "Lossy Heap Blocks": 699048, "Plans": [{"Node Type": "Bitmap Index Scan", "Parent Relationship": "Outer", "Index Name": "idx_lineitem_shipdate", "Startup Cost": 0.0, "Total Cost": 380137.49, "Plan Rows": 1135757, "Plan Width": 0, "Actual Startup Time": 1837.038, "Actual Total Time": 1837.038, "Actual Rows": 1139264, "Actual Loops": 1, "Index Cond": "((l_shipdate >= '1994-01-01 00:00:00'::timestamp(0) without time zone) AND (l_shipdate < '1995-01-01 00:00:00'::timestamp without time zone) AND (l_discount >= .05::double precision) AND (l_discount <= .07::double precision) AND (l_quantity < 24::double precision))"}]}]}, "Triggers": [], "Planner Runtime": 0, "Total Runtime": 4441.804, "Unique SQL Id": 4176715123}}, "(64, 118)": {"explain_plan": {"Plan": {"Node Type": "Aggregate", "Strategy": "Plain", "Startup Cost": 1813598.15, "Total Cost": 1813598.16, "Plan Rows": 1, "Plan Width": 24, "Plans": [{"Node Type": "Bitmap Heap Scan", "Parent Relationship": "Outer", "Relation Name": "lineitem", "Alias": "lineitem", "Startup Cost": 380421.43, "Total Cost": 1807919.37, "Plan Rows": 1135757, "Plan Width": 16, "Recheck Cond": "((l_shipdate >= '1994-01-01 00:00:00'::timestamp(0) without time zone) AND (l_shipdate < '1995-01-01 00:00:00'::timestamp without time zone) AND (l_discount >= .05::double precision) AND (l_discount <= .07::double precision) AND (l_quantity < 24::double precision)), (LLVM Optimized)", "Plans": [{"Node Type": "Bitmap Index Scan", "Parent Relationship": "Outer", "Index Name": "idx_lineitem_shipdate", "Startup Cost": 0.0, "Total Cost": 380137.49, "Plan Rows": 1135757, "Plan Width": 0, "Index Cond": "((l_shipdate >= '1994-01-01 00:00:00'::timestamp(0) without time zone) AND (l_shipdate < '1995-01-01 00:00:00'::timestamp without time zone) AND (l_discount >= .05::double precision) AND (l_discount <= .07::double precision) AND (l_quantity < 24::double precision))"}]}]}, "Unique SQL Id": 4176715123, "Planner Runtime": 0}, "explain_analyze_plan": {"Plan": {"Node Type": "Aggregate", "Strategy": "Plain", "Startup Cost": 1813598.15, "Total Cost": 1813598.16, "Plan Rows": 1, "Plan Width": 24, "Actual Startup Time": 4431.086, "Actual Total Time": 4431.087, "Actual Rows": 1, "Actual Loops": 1, "Plans": [{"Node Type": "Bitmap Heap Scan", "Parent Relationship": "Outer", "Relation Name": "lineitem", "Alias": "lineitem", "Startup Cost": 380421.43, "Total Cost": 1807919.37, "Plan Rows": 1135757, "Plan Width": 16, "Actual Startup Time": 2128.259, "Actual Total Time": 4094.204, "Actual Rows": 1139264, "Actual Loops": 1, "Recheck Cond": "((l_shipdate >= '1994-01-01 00:00:00'::timestamp(0) without time zone) AND (l_shipdate < '1995-01-01 00:00:00'::timestamp without time zone) AND (l_discount >= .05::double precision) AND (l_discount <= .07::double precision) AND (l_quantity < 24::double precision)), (LLVM Optimized, Jit Execute)", "Rows Removed by Index Recheck": 0, "Exact Heap Blocks": 699048, "Lossy Heap Blocks": 699048, "Plans": [{"Node Type": "Bitmap Index Scan", "Parent Relationship": "Outer", "Index Name": "idx_lineitem_shipdate", "Startup Cost": 0.0, "Total Cost": 380137.49, "Plan Rows": 1135757, "Plan Width": 0, "Actual Startup Time": 1837.038, "Actual Total Time": 1837.038, "Actual Rows": 1139264, "Actual Loops": 1, "Index Cond": "((l_shipdate >= '1994-01-01 00:00:00'::timestamp(0) without time zone) AND (l_shipdate < '1995-01-01 00:00:00'::timestamp without time zone) AND (l_discount >= .05::double precision) AND (l_discount <= .07::double precision) AND (l_quantity < 24::double precision))"}]}]}, "Triggers": [], "Planner Runtime": 0, "Total Runtime": 4441.804, "Unique SQL Id": 4176715123}}, "(64, 119)": {"explain_plan": {"Plan": {"Node Type": "Aggregate", "Strategy": "Plain", "Startup Cost": 1813598.15, "Total Cost": 1813598.16, "Plan Rows": 1, "Plan Width": 24, "Plans": [{"Node Type": "Bitmap Heap Scan", "Parent Relationship": "Outer", "Relation Name": "lineitem", "Alias": "lineitem", "Startup Cost": 380421.43, "Total Cost": 1807919.37, "Plan Rows": 1135757, "Plan Width": 16, "Recheck Cond": "((l_shipdate >= '1994-01-01 00:00:00'::timestamp(0) without time zone) AND (l_shipdate < '1995-01-01 00:00:00'::timestamp without time zone) AND (l_discount >= .05::double precision) AND (l_discount <= .07::double precision) AND (l_quantity < 24::double precision)), (LLVM Optimized)", "Plans": [{"Node Type": "Bitmap Index Scan", "Parent Relationship": "Outer", "Index Name": "idx_lineitem_shipdate", "Startup Cost": 0.0, "Total Cost": 380137.49, "Plan Rows": 1135757, "Plan Width": 0, "Index Cond": "((l_shipdate >= '1994-01-01 00:00:00'::timestamp(0) without time zone) AND (l_shipdate < '1995-01-01 00:00:00'::timestamp without time zone) AND (l_discount >= .05::double precision) AND (l_discount <= .07::double precision) AND (l_quantity < 24::double precision))"}]}]}, "Unique SQL Id": 4176715123, "Planner Runtime": 0}, "explain_analyze_plan": {"Plan": {"Node Type": "Aggregate", "Strategy": "Plain", "Startup Cost": 1813598.15, "Total Cost": 1813598.16, "Plan Rows": 1, "Plan Width": 24, "Actual Startup Time": 4431.086, "Actual Total Time": 4431.087, "Actual Rows": 1, "Actual Loops": 1, "Plans": [{"Node Type": "Bitmap Heap Scan", "Parent Relationship": "Outer", "Relation Name": "lineitem", "Alias": "lineitem", "Startup Cost": 380421.43, "Total Cost": 1807919.37, "Plan Rows": 1135757, "Plan Width": 16, "Actual Startup Time": 2128.259, "Actual Total Time": 4094.204, "Actual Rows": 1139264, "Actual Loops": 1, "Recheck Cond": "((l_shipdate >= '1994-01-01 00:00:00'::timestamp(0) without time zone) AND (l_shipdate < '1995-01-01 00:00:00'::timestamp without time zone) AND (l_discount >= .05::double precision) AND (l_discount <= .07::double precision) AND (l_quantity < 24::double precision)), (LLVM Optimized, Jit Execute)", "Rows Removed by Index Recheck": 0, "Exact Heap Blocks": 699048, "Lossy Heap Blocks": 699048, "Plans": [{"Node Type": "Bitmap Index Scan", "Parent Relationship": "Outer", "Index Name": "idx_lineitem_shipdate", "Startup Cost": 0.0, "Total Cost": 380137.49, "Plan Rows": 1135757, "Plan Width": 0, "Actual Startup Time": 1837.038, "Actual Total Time": 1837.038, "Actual Rows": 1139264, "Actual Loops": 1, "Index Cond": "((l_shipdate >= '1994-01-01 00:00:00'::timestamp(0) without time zone) AND (l_shipdate < '1995-01-01 00:00:00'::timestamp without time zone) AND (l_discount >= .05::double precision) AND (l_discount <= .07::double precision) AND (l_quantity < 24::double precision))"}]}]}, "Triggers": [], "Planner Runtime": 0, "Total Runtime": 4441.804, "Unique SQL Id": 4176715123}}, "(64, 120)": {"explain_plan": {"Plan": {"Node Type": "Aggregate", "Strategy": "Plain", "Startup Cost": 2770632.03, "Total Cost": 2770632.04, "Plan Rows": 1, "Plan Width": 24, "Plans": [{"Node Type": "Seq Scan", "Parent Relationship": "Outer", "Relation Name": "lineitem", "Alias": "lineitem", "Startup Cost": 110942.73, "Total Cost": 2764953.24, "Plan Rows": 1135757, "Plan Width": 16, "Filter": "((l_shipdate >= '1994-01-01 00:00:00'::timestamp(0) without time zone) AND (l_shipdate < '1995-01-01 00:00:00'::timestamp without time zone) AND (l_discount >= .05::double precision) AND (l_discount <= .07::double precision) AND (l_quantity < 24::double precision)), (LLVM Optimized)"}]}, "Unique SQL Id": 4176715123, "Planner Runtime": 0}, "explain_analyze_plan": null}, "(64, 121)": {"explain_plan": {"Plan": {"Node Type": "Aggregate", "Strategy": "Plain", "Startup Cost": 3639281.83, "Total Cost": 3639281.84, "Plan Rows": 1, "Plan Width": 24, "Plans": [{"Node Type": "Index Scan", "Parent Relationship": "Outer", "Scan Direction": "Forward", "Index Name": "idx_lineitem_shipdate", "Relation Name": "lineitem", "Alias": "lineitem", "Startup Cost": 0.0, "Total Cost": 3633603.05, "Plan Rows": 1135757, "Plan Width": 16, "Index Cond": "((l_shipdate >= '1994-01-01 00:00:00'::timestamp(0) without time zone) AND (l_shipdate < '1995-01-01 00:00:00'::timestamp without time zone) AND (l_discount >= .05::double precision) AND (l_discount <= .07::double precision) AND (l_quantity < 24::double precision)), (LLVM Optimized)"}]}, "Unique SQL Id": 4176715123, "Planner Runtime": 0}, "explain_analyze_plan": {"Plan": {"Node Type": "Aggregate", "Strategy": "Plain", "Startup Cost": 3639281.83, "Total Cost": 3639281.84, "Plan Rows": 1, "Plan Width": 24, "Actual Startup Time": 4547.635, "Actual Total Time": 4547.636, "Actual Rows": 1, "Actual Loops": 1, "Plans": [{"Node Type": "Index Scan", "Parent Relationship": "Outer", "Scan Direction": "Forward", "Index Name": "idx_lineitem_shipdate", "Relation Name": "lineitem", "Alias": "lineitem", "Startup Cost": 0.0, "Total Cost": 3633603.05, "Plan Rows": 1135757, "Plan Width": 16, "Actual Startup Time": 0.072, "Actual Total Time": 4197.463, "Actual Rows": 1139264, "Actual Loops": 1, "Index Cond": "((l_shipdate >= '1994-01-01 00:00:00'::timestamp(0) without time zone) AND (l_shipdate < '1995-01-01 00:00:00'::timestamp without time zone) AND (l_discount >= .05::double precision) AND (l_discount <= .07::double precision) AND (l_quantity < 24::double precision)), (LLVM Optimized, Jit Execute)", "Rows Removed by Index Recheck": 0}]}, "Triggers": [], "Planner Runtime": 0, "Total Runtime": 4557.557, "Unique SQL Id": 4176715123}}, "(64, 122)": {"explain_plan": {"Plan": {"Node Type": "Aggregate", "Strategy": "Plain", "Startup Cost": 2770632.03, "Total Cost": 2770632.04, "Plan Rows": 1, "Plan Width": 24, "Plans": [{"Node Type": "Seq Scan", "Parent Relationship": "Outer", "Relation Name": "lineitem", "Alias": "lineitem", "Startup Cost": 110942.73, "Total Cost": 2764953.24, "Plan Rows": 1135757, "Plan Width": 16, "Filter": "((l_shipdate >= '1994-01-01 00:00:00'::timestamp(0) without time zone) AND (l_shipdate < '1995-01-01 00:00:00'::timestamp without time zone) AND (l_discount >= .05::double precision) AND (l_discount <= .07::double precision) AND (l_quantity < 24::double precision)), (LLVM Optimized)"}]}, "Unique SQL Id": 4176715123, "Planner Runtime": 0}, "explain_analyze_plan": null}, "(64, 123)": {"explain_plan": {"Plan": {"Node Type": "Aggregate", "Strategy": "Plain", "Startup Cost": 1000276501003.04, "Total Cost": 1000276501003.05, "Plan Rows": 1, "Plan Width": 24, "Plans": [{"Node Type": "Seq Scan", "Parent Relationship": "Outer", "Relation Name": "lineitem", "Alias": "lineitem", "Startup Cost": 10000109520.02, "Total Cost": 1000276495324.25, "Plan Rows": 1135757, "Plan Width": 16, "Filter": "((l_shipdate >= '1994-01-01 00:00:00'::timestamp(0) without time zone) AND (l_shipdate < '1995-01-01 00:00:00'::timestamp without time zone) AND (l_discount >= .05::double precision) AND (l_discount <= .07::double precision) AND (l_quantity < 24::double precision)), (LLVM Optimized)"}]}, "Unique SQL Id": 4176715123, "Planner Runtime": 0}, "explain_analyze_plan": null}, "(64, 124)": {"explain_plan": {"Plan": {"Node Type": "Aggregate", "Strategy": "Plain", "Startup Cost": 2770632.03, "Total Cost": 2770632.04, "Plan Rows": 1, "Plan Width": 24, "Plans": [{"Node Type": "Seq Scan", "Parent Relationship": "Outer", "Relation Name": "lineitem", "Alias": "lineitem", "Startup Cost": 110942.73, "Total Cost": 2764953.24, "Plan Rows": 1135757, "Plan Width": 16, "Filter": "((l_shipdate >= '1994-01-01 00:00:00'::timestamp(0) without time zone) AND (l_shipdate < '1995-01-01 00:00:00'::timestamp without time zone) AND (l_discount >= .05::double precision) AND (l_discount <= .07::double precision) AND (l_quantity < 24::double precision)), (LLVM Optimized)"}]}, "Unique SQL Id": 4176715123, "Planner Runtime": 0}, "explain_analyze_plan": null}, "(64, 125)": {"explain_plan": {"Plan": {"Node Type": "Aggregate", "Strategy": "Plain", "Startup Cost": 3639281.83, "Total Cost": 3639281.84, "Plan Rows": 1, "Plan Width": 24, "Plans": [{"Node Type": "Index Scan", "Parent Relationship": "Outer", "Scan Direction": "Forward", "Index Name": "idx_lineitem_shipdate", "Relation Name": "lineitem", "Alias": "lineitem", "Startup Cost": 0.0, "Total Cost": 3633603.05, "Plan Rows": 1135757, "Plan Width": 16, "Index Cond": "((l_shipdate >= '1994-01-01 00:00:00'::timestamp(0) without time zone) AND (l_shipdate < '1995-01-01 00:00:00'::timestamp without time zone) AND (l_discount >= .05::double precision) AND (l_discount <= .07::double precision) AND (l_quantity < 24::double precision)), (LLVM Optimized)"}]}, "Unique SQL Id": 4176715123, "Planner Runtime": 0}, "explain_analyze_plan": {"Plan": {"Node Type": "Aggregate", "Strategy": "Plain", "Startup Cost": 3639281.83, "Total Cost": 3639281.84, "Plan Rows": 1, "Plan Width": 24, "Actual Startup Time": 4547.635, "Actual Total Time": 4547.636, "Actual Rows": 1, "Actual Loops": 1, "Plans": [{"Node Type": "Index Scan", "Parent Relationship": "Outer", "Scan Direction": "Forward", "Index Name": "idx_lineitem_shipdate", "Relation Name": "lineitem", "Alias": "lineitem", "Startup Cost": 0.0, "Total Cost": 3633603.05, "Plan Rows": 1135757, "Plan Width": 16, "Actual Startup Time": 0.072, "Actual Total Time": 4197.463, "Actual Rows": 1139264, "Actual Loops": 1, "Index Cond": "((l_shipdate >= '1994-01-01 00:00:00'::timestamp(0) without time zone) AND (l_shipdate < '1995-01-01 00:00:00'::timestamp without time zone) AND (l_discount >= .05::double precision) AND (l_discount <= .07::double precision) AND (l_quantity < 24::double precision)), (LLVM Optimized, Jit Execute)", "Rows Removed by Index Recheck": 0}]}, "Triggers": [], "Planner Runtime": 0, "Total Runtime": 4557.557, "Unique SQL Id": 4176715123}}, "(64, 126)": {"explain_plan": {"Plan": {"Node Type": "Aggregate", "Strategy": "Plain", "Startup Cost": 2770632.03, "Total Cost": 2770632.04, "Plan Rows": 1, "Plan Width": 24, "Plans": [{"Node Type": "Seq Scan", "Parent Relationship": "Outer", "Relation Name": "lineitem", "Alias": "lineitem", "Startup Cost": 110942.73, "Total Cost": 2764953.24, "Plan Rows": 1135757, "Plan Width": 16, "Filter": "((l_shipdate >= '1994-01-01 00:00:00'::timestamp(0) without time zone) AND (l_shipdate < '1995-01-01 00:00:00'::timestamp without time zone) AND (l_discount >= .05::double precision) AND (l_discount <= .07::double precision) AND (l_quantity < 24::double precision)), (LLVM Optimized)"}]}, "Unique SQL Id": 4176715123, "Planner Runtime": 0}, "explain_analyze_plan": null}, "(64, 127)": {"explain_plan": {"Plan": {"Node Type": "Aggregate", "Strategy": "Plain", "Startup Cost": 1000276501003.04, "Total Cost": 1000276501003.05, "Plan Rows": 1, "Plan Width": 24, "Plans": [{"Node Type": "Seq Scan", "Parent Relationship": "Outer", "Relation Name": "lineitem", "Alias": "lineitem", "Startup Cost": 10000109520.02, "Total Cost": 1000276495324.25, "Plan Rows": 1135757, "Plan Width": 16, "Filter": "((l_shipdate >= '1994-01-01 00:00:00'::timestamp(0) without time zone) AND (l_shipdate < '1995-01-01 00:00:00'::timestamp without time zone) AND (l_discount >= .05::double precision) AND (l_discount <= .07::double precision) AND (l_quantity < 24::double precision)), (LLVM Optimized)"}]}, "Unique SQL Id": 4176715123, "Planner Runtime": 0}, "explain_analyze_plan": null}}